<?xml version="1.0" encoding="UTF-8"?>
<testsuite xmlns:xsi="http://www.w3.org/2001/XMLSchema-instance" xsi:noNamespaceSchemaLocation="https://maven.apache.org/surefire/maven-surefire-plugin/xsd/surefire-test-report.xsd" name="org.apache.hadoop.ozone.client.rpc.TestWatchForCommit" time="255.981" tests="5" errors="1" skipped="0" failures="1">
  <properties>
    <property name="awt.toolkit" value="sun.awt.X11.XToolkit"/>
    <property name="file.encoding.pkg" value="sun.io"/>
    <property name="java.specification.version" value="1.8"/>
    <property name="sun.cpu.isalist" value=""/>
    <property name="sun.jnu.encoding" value="UTF-8"/>
    <property name="java.class.path" value="/workdir/hadoop-ozone/integration-test/target/test-classes:/workdir/hadoop-ozone/integration-test/target/classes:/home/user/.m2/repository/org/apache/hadoop/hadoop-ozone-common/0.5.0-SNAPSHOT/hadoop-ozone-common-0.5.0-SNAPSHOT.jar:/home/user/.m2/repository/org/apache/commons/commons-compress/1.4.1/commons-compress-1.4.1.jar:/home/user/.m2/repository/org/tukaani/xz/1.0/xz-1.0.jar:/home/user/.m2/repository/org/apache/hadoop/hadoop-common/3.2.0/hadoop-common-3.2.0.jar:/home/user/.m2/repository/org/apache/hadoop/hadoop-hdfs/3.2.0/hadoop-hdfs-3.2.0.jar:/home/user/.m2/repository/org/apache/hadoop/hadoop-hdfs-client/3.2.0/hadoop-hdfs-client-3.2.0.jar:/home/user/.m2/repository/com/fasterxml/jackson/core/jackson-annotations/2.9.9/jackson-annotations-2.9.9.jar:/home/user/.m2/repository/org/apache/hadoop/hadoop-hdds-common/0.5.0-SNAPSHOT/hadoop-hdds-common-0.5.0-SNAPSHOT.jar:/home/user/.m2/repository/javax/annotation/javax.annotation-api/1.2/javax.annotation-api-1.2.jar:/home/user/.m2/repository/org/apache/ratis/ratis-server/0.5.0-201fc85-SNAPSHOT/ratis-server-0.5.0-201fc85-SNAPSHOT.jar:/home/user/.m2/repository/org/apache/ratis/ratis-thirdparty-misc/0.2.0/ratis-thirdparty-misc-0.2.0.jar:/home/user/.m2/repository/org/apache/ratis/ratis-proto/0.5.0-201fc85-SNAPSHOT/ratis-proto-0.5.0-201fc85-SNAPSHOT.jar:/home/user/.m2/repository/org/apache/ratis/ratis-common/0.5.0-201fc85-SNAPSHOT/ratis-common-0.5.0-201fc85-SNAPSHOT.jar:/home/user/.m2/repository/org/apache/ratis/ratis-client/0.5.0-201fc85-SNAPSHOT/ratis-client-0.5.0-201fc85-SNAPSHOT.jar:/home/user/.m2/repository/org/apache/ratis/ratis-metrics/0.5.0-201fc85-SNAPSHOT/ratis-metrics-0.5.0-201fc85-SNAPSHOT.jar:/home/user/.m2/repository/com/github/joshelser/dropwizard-metrics-hadoop-metrics2-reporter/0.1.2/dropwizard-metrics-hadoop-metrics2-reporter-0.1.2.jar:/home/user/.m2/repository/io/dropwizard/metrics/metrics-jvm/3.2.5/metrics-jvm-3.2.5.jar:/home/user/.m2/repository/io/dropwizard/metrics/metrics-ganglia/3.2.5/metrics-ganglia-3.2.5.jar:/home/user/.m2/repository/info/ganglia/gmetric4j/gmetric4j/1.0.7/gmetric4j-1.0.7.jar:/home/user/.m2/repository/org/apache/ratis/ratis-netty/0.5.0-201fc85-SNAPSHOT/ratis-netty-0.5.0-201fc85-SNAPSHOT.jar:/home/user/.m2/repository/org/apache/ratis/ratis-grpc/0.5.0-201fc85-SNAPSHOT/ratis-grpc-0.5.0-201fc85-SNAPSHOT.jar:/home/user/.m2/repository/org/rocksdb/rocksdbjni/6.0.1/rocksdbjni-6.0.1.jar:/home/user/.m2/repository/org/apache/logging/log4j/log4j-api/2.11.0/log4j-api-2.11.0.jar:/home/user/.m2/repository/org/apache/logging/log4j/log4j-core/2.11.0/log4j-core-2.11.0.jar:/home/user/.m2/repository/com/lmax/disruptor/3.4.2/disruptor-3.4.2.jar:/home/user/.m2/repository/org/apache/commons/commons-pool2/2.6.0/commons-pool2-2.6.0.jar:/home/user/.m2/repository/org/bouncycastle/bcpkix-jdk15on/1.60/bcpkix-jdk15on-1.60.jar:/home/user/.m2/repository/commons-validator/commons-validator/1.6/commons-validator-1.6.jar:/home/user/.m2/repository/commons-digester/commons-digester/1.8.1/commons-digester-1.8.1.jar:/home/user/.m2/repository/io/jaegertracing/jaeger-client/0.34.0/jaeger-client-0.34.0.jar:/home/user/.m2/repository/io/jaegertracing/jaeger-thrift/0.34.0/jaeger-thrift-0.34.0.jar:/home/user/.m2/repository/org/apache/thrift/libthrift/0.12.0/libthrift-0.12.0.jar:/home/user/.m2/repository/com/squareup/okhttp3/okhttp/3.9.0/okhttp-3.9.0.jar:/home/user/.m2/repository/com/squareup/okio/okio/1.13.0/okio-1.13.0.jar:/home/user/.m2/repository/io/jaegertracing/jaeger-core/0.34.0/jaeger-core-0.34.0.jar:/home/user/.m2/repository/io/jaegertracing/jaeger-tracerresolver/0.34.0/jaeger-tracerresolver-0.34.0.jar:/home/user/.m2/repository/io/opentracing/contrib/opentracing-tracerresolver/0.1.5/opentracing-tracerresolver-0.1.5.jar:/home/user/.m2/repository/io/opentracing/opentracing-util/0.31.0/opentracing-util-0.31.0.jar:/home/user/.m2/repository/io/opentracing/opentracing-api/0.31.0/opentracing-api-0.31.0.jar:/home/user/.m2/repository/io/opentracing/opentracing-noop/0.31.0/opentracing-noop-0.31.0.jar:/home/user/.m2/repository/org/apache/hadoop/hadoop-hdds-server-framework/0.5.0-SNAPSHOT/hadoop-hdds-server-framework-0.5.0-SNAPSHOT.jar:/home/user/.m2/repository/org/apache/hadoop/hadoop-hdds-container-service/0.5.0-SNAPSHOT/hadoop-hdds-container-service-0.5.0-SNAPSHOT.jar:/home/user/.m2/repository/org/apache/hadoop/hadoop-hdds-client/0.5.0-SNAPSHOT/hadoop-hdds-client-0.5.0-SNAPSHOT.jar:/home/user/.m2/repository/org/apache/hadoop/hadoop-hdds-tools/0.5.0-SNAPSHOT/hadoop-hdds-tools-0.5.0-SNAPSHOT.jar:/home/user/.m2/repository/org/apache/hadoop/hadoop-hdds-server-scm/0.5.0-SNAPSHOT/hadoop-hdds-server-scm-0.5.0-SNAPSHOT.jar:/home/user/.m2/repository/org/apache/hadoop/hadoop-hdds-docs/0.5.0-SNAPSHOT/hadoop-hdds-docs-0.5.0-SNAPSHOT.jar:/home/user/.m2/repository/io/dropwizard/metrics/metrics-core/3.2.4/metrics-core-3.2.4.jar:/home/user/.m2/repository/org/hamcrest/hamcrest-all/1.3/hamcrest-all-1.3.jar:/home/user/.m2/repository/org/bouncycastle/bcprov-jdk15on/1.60/bcprov-jdk15on-1.60.jar:/home/user/.m2/repository/info/picocli/picocli/3.9.6/picocli-3.9.6.jar:/home/user/.m2/repository/com/google/protobuf/protobuf-java/2.5.0/protobuf-java-2.5.0.jar:/home/user/.m2/repository/com/google/guava/guava/11.0.2/guava-11.0.2.jar:/home/user/.m2/repository/org/apache/hadoop/hadoop-ozone-ozone-manager/0.5.0-SNAPSHOT/hadoop-ozone-ozone-manager-0.5.0-SNAPSHOT.jar:/home/user/.m2/repository/org/apache/hadoop/hadoop-minikdc/3.2.0/hadoop-minikdc-3.2.0.jar:/home/user/.m2/repository/commons-io/commons-io/2.5/commons-io-2.5.jar:/home/user/.m2/repository/org/apache/kerby/kerb-simplekdc/1.0.1/kerb-simplekdc-1.0.1.jar:/home/user/.m2/repository/org/apache/kerby/kerb-client/1.0.1/kerb-client-1.0.1.jar:/home/user/.m2/repository/org/apache/kerby/kerby-config/1.0.1/kerby-config-1.0.1.jar:/home/user/.m2/repository/org/apache/kerby/kerb-core/1.0.1/kerb-core-1.0.1.jar:/home/user/.m2/repository/org/apache/kerby/kerby-pkix/1.0.1/kerby-pkix-1.0.1.jar:/home/user/.m2/repository/org/apache/kerby/kerby-asn1/1.0.1/kerby-asn1-1.0.1.jar:/home/user/.m2/repository/org/apache/kerby/kerby-util/1.0.1/kerby-util-1.0.1.jar:/home/user/.m2/repository/org/apache/kerby/kerb-common/1.0.1/kerb-common-1.0.1.jar:/home/user/.m2/repository/org/apache/kerby/kerb-crypto/1.0.1/kerb-crypto-1.0.1.jar:/home/user/.m2/repository/org/apache/kerby/kerb-util/1.0.1/kerb-util-1.0.1.jar:/home/user/.m2/repository/org/apache/kerby/token-provider/1.0.1/token-provider-1.0.1.jar:/home/user/.m2/repository/org/apache/kerby/kerb-admin/1.0.1/kerb-admin-1.0.1.jar:/home/user/.m2/repository/org/apache/kerby/kerb-server/1.0.1/kerb-server-1.0.1.jar:/home/user/.m2/repository/org/apache/kerby/kerb-identity/1.0.1/kerb-identity-1.0.1.jar:/home/user/.m2/repository/org/apache/kerby/kerby-xdr/1.0.1/kerby-xdr-1.0.1.jar:/home/user/.m2/repository/org/slf4j/slf4j-log4j12/1.7.25/slf4j-log4j12-1.7.25.jar:/home/user/.m2/repository/org/apache/hadoop/hadoop-ozone-s3gateway/0.5.0-SNAPSHOT/hadoop-ozone-s3gateway-0.5.0-SNAPSHOT.jar:/home/user/.m2/repository/org/jboss/weld/servlet/weld-servlet/2.4.7.Final/weld-servlet-2.4.7.Final.jar:/home/user/.m2/repository/org/glassfish/jersey/containers/jersey-container-servlet-core/2.27/jersey-container-servlet-core-2.27.jar:/home/user/.m2/repository/org/glassfish/hk2/external/javax.inject/2.5.0-b42/javax.inject-2.5.0-b42.jar:/home/user/.m2/repository/org/glassfish/jersey/core/jersey-common/2.27/jersey-common-2.27.jar:/home/user/.m2/repository/org/glassfish/hk2/osgi-resource-locator/1.0.1/osgi-resource-locator-1.0.1.jar:/home/user/.m2/repository/javax/ws/rs/javax.ws.rs-api/2.1/javax.ws.rs-api-2.1.jar:/home/user/.m2/repository/org/glassfish/jersey/ext/cdi/jersey-cdi1x/2.27/jersey-cdi1x-2.27.jar:/home/user/.m2/repository/org/glassfish/jersey/inject/jersey-hk2/2.27/jersey-hk2-2.27.jar:/home/user/.m2/repository/org/glassfish/hk2/hk2-locator/2.5.0-b42/hk2-locator-2.5.0-b42.jar:/home/user/.m2/repository/org/javassist/javassist/3.22.0-CR2/javassist-3.22.0-CR2.jar:/home/user/.m2/repository/org/glassfish/hk2/hk2-api/2.5.0/hk2-api-2.5.0.jar:/home/user/.m2/repository/org/glassfish/hk2/external/jakarta.inject/2.5.0/jakarta.inject-2.5.0.jar:/home/user/.m2/repository/org/glassfish/hk2/hk2-utils/2.5.0/hk2-utils-2.5.0.jar:/home/user/.m2/repository/jakarta/annotation/jakarta.annotation-api/1.3.4/jakarta.annotation-api-1.3.4.jar:/home/user/.m2/repository/org/glassfish/hk2/external/aopalliance-repackaged/2.5.0/aopalliance-repackaged-2.5.0.jar:/home/user/.m2/repository/com/fasterxml/jackson/dataformat/jackson-dataformat-xml/2.9.0/jackson-dataformat-xml-2.9.0.jar:/home/user/.m2/repository/com/fasterxml/jackson/core/jackson-core/2.9.9/jackson-core-2.9.9.jar:/home/user/.m2/repository/com/fasterxml/jackson/module/jackson-module-jaxb-annotations/2.9.9/jackson-module-jaxb-annotations-2.9.9.jar:/home/user/.m2/repository/javax/enterprise/cdi-api/1.2/cdi-api-1.2.jar:/home/user/.m2/repository/javax/el/javax.el-api/3.0.0/javax.el-api-3.0.0.jar:/home/user/.m2/repository/javax/interceptor/javax.interceptor-api/1.2/javax.interceptor-api-1.2.jar:/home/user/.m2/repository/javax/inject/javax.inject/1/javax.inject-1.jar:/home/user/.m2/repository/com/sun/xml/bind/jaxb-impl/2.3.0.1/jaxb-impl-2.3.0.1.jar:/home/user/.m2/repository/com/sun/xml/bind/jaxb-core/2.3.0.1/jaxb-core-2.3.0.1.jar:/home/user/.m2/repository/javax/xml/bind/jaxb-api/2.3.0/jaxb-api-2.3.0.jar:/home/user/.m2/repository/javax/activation/activation/1.1.1/activation-1.1.1.jar:/home/user/.m2/repository/org/apache/hadoop/hadoop-ozone-csi/0.5.0-SNAPSHOT/hadoop-ozone-csi-0.5.0-SNAPSHOT.jar:/home/user/.m2/repository/com/google/protobuf/protobuf-java-util/3.5.1/protobuf-java-util-3.5.1.jar:/home/user/.m2/repository/org/apache/hadoop/hadoop-hdds-config/0.5.0-SNAPSHOT/hadoop-hdds-config-0.5.0-SNAPSHOT.jar:/home/user/.m2/repository/io/grpc/grpc-netty/1.17.1/grpc-netty-1.17.1.jar:/home/user/.m2/repository/io/grpc/grpc-core/1.17.1/grpc-core-1.17.1.jar:/home/user/.m2/repository/io/grpc/grpc-context/1.17.1/grpc-context-1.17.1.jar:/home/user/.m2/repository/com/google/errorprone/error_prone_annotations/2.2.0/error_prone_annotations-2.2.0.jar:/home/user/.m2/repository/org/codehaus/mojo/animal-sniffer-annotations/1.17/animal-sniffer-annotations-1.17.jar:/home/user/.m2/repository/io/opencensus/opencensus-api/0.17.0/opencensus-api-0.17.0.jar:/home/user/.m2/repository/io/opencensus/opencensus-contrib-grpc-metrics/0.17.0/opencensus-contrib-grpc-metrics-0.17.0.jar:/home/user/.m2/repository/io/netty/netty-codec-http2/4.1.30.Final/netty-codec-http2-4.1.30.Final.jar:/home/user/.m2/repository/io/netty/netty-codec-http/4.1.30.Final/netty-codec-http-4.1.30.Final.jar:/home/user/.m2/repository/io/netty/netty-codec/4.1.30.Final/netty-codec-4.1.30.Final.jar:/home/user/.m2/repository/io/netty/netty-handler/4.1.30.Final/netty-handler-4.1.30.Final.jar:/home/user/.m2/repository/io/netty/netty-handler-proxy/4.1.30.Final/netty-handler-proxy-4.1.30.Final.jar:/home/user/.m2/repository/io/netty/netty-codec-socks/4.1.30.Final/netty-codec-socks-4.1.30.Final.jar:/home/user/.m2/repository/io/netty/netty-transport-native-epoll/4.1.30.Final/netty-transport-native-epoll-4.1.30.Final.jar:/home/user/.m2/repository/io/netty/netty-common/4.1.30.Final/netty-common-4.1.30.Final.jar:/home/user/.m2/repository/io/netty/netty-buffer/4.1.30.Final/netty-buffer-4.1.30.Final.jar:/home/user/.m2/repository/io/netty/netty-transport/4.1.30.Final/netty-transport-4.1.30.Final.jar:/home/user/.m2/repository/io/netty/netty-resolver/4.1.30.Final/netty-resolver-4.1.30.Final.jar:/home/user/.m2/repository/io/netty/netty-transport-native-unix-common/4.1.30.Final/netty-transport-native-unix-common-4.1.30.Final.jar:/home/user/.m2/repository/io/grpc/grpc-protobuf/1.17.1/grpc-protobuf-1.17.1.jar:/home/user/.m2/repository/com/google/api/grpc/proto-google-common-protos/1.0.0/proto-google-common-protos-1.0.0.jar:/home/user/.m2/repository/io/grpc/grpc-protobuf-lite/1.17.1/grpc-protobuf-lite-1.17.1.jar:/home/user/.m2/repository/io/grpc/grpc-stub/1.17.1/grpc-stub-1.17.1.jar:/home/user/.m2/repository/org/apache/hadoop/hadoop-ozone-recon/0.5.0-SNAPSHOT/hadoop-ozone-recon-0.5.0-SNAPSHOT.jar:/home/user/.m2/repository/org/apache/hadoop/hadoop-ozone-reconcodegen/0.5.0-SNAPSHOT/hadoop-ozone-reconcodegen-0.5.0-SNAPSHOT.jar:/home/user/.m2/repository/com/google/inject/extensions/guice-multibindings/4.0/guice-multibindings-4.0.jar:/home/user/.m2/repository/com/google/inject/guice/4.0/guice-4.0.jar:/home/user/.m2/repository/aopalliance/aopalliance/1.0/aopalliance-1.0.jar:/home/user/.m2/repository/com/google/inject/extensions/guice-servlet/4.0/guice-servlet-4.0.jar:/home/user/.m2/repository/org/glassfish/jersey/containers/jersey-container-servlet/2.27/jersey-container-servlet-2.27.jar:/home/user/.m2/repository/org/glassfish/hk2/guice-bridge/2.5.0/guice-bridge-2.5.0.jar:/home/user/.m2/repository/org/glassfish/jersey/core/jersey-server/2.27/jersey-server-2.27.jar:/home/user/.m2/repository/org/glassfish/jersey/core/jersey-client/2.27/jersey-client-2.27.jar:/home/user/.m2/repository/org/glassfish/jersey/media/jersey-media-jaxb/2.27/jersey-media-jaxb-2.27.jar:/home/user/.m2/repository/javax/validation/validation-api/1.1.0.Final/validation-api-1.1.0.Final.jar:/home/user/.m2/repository/org/glassfish/jersey/media/jersey-media-json-jackson/2.27/jersey-media-json-jackson-2.27.jar:/home/user/.m2/repository/org/glassfish/jersey/ext/jersey-entity-filtering/2.27/jersey-entity-filtering-2.27.jar:/home/user/.m2/repository/com/google/inject/extensions/guice-assistedinject/4.0/guice-assistedinject-4.0.jar:/home/user/.m2/repository/org/jooq/jooq/3.11.10/jooq-3.11.10.jar:/home/user/.m2/repository/org/jooq/jooq-meta/3.11.10/jooq-meta-3.11.10.jar:/home/user/.m2/repository/org/jooq/jooq-codegen/3.11.10/jooq-codegen-3.11.10.jar:/home/user/.m2/repository/com/jolbox/bonecp/0.8.0.RELEASE/bonecp-0.8.0.RELEASE.jar:/home/user/.m2/repository/org/xerial/sqlite-jdbc/3.25.2/sqlite-jdbc-3.25.2.jar:/home/user/.m2/repository/org/springframework/spring-jdbc/5.1.3.RELEASE/spring-jdbc-5.1.3.RELEASE.jar:/home/user/.m2/repository/org/springframework/spring-beans/5.1.3.RELEASE/spring-beans-5.1.3.RELEASE.jar:/home/user/.m2/repository/org/springframework/spring-core/5.1.3.RELEASE/spring-core-5.1.3.RELEASE.jar:/home/user/.m2/repository/org/springframework/spring-jcl/5.1.3.RELEASE/spring-jcl-5.1.3.RELEASE.jar:/home/user/.m2/repository/org/springframework/spring-tx/5.1.3.RELEASE/spring-tx-5.1.3.RELEASE.jar:/home/user/.m2/repository/org/apache/hadoop/hadoop-ozone-client/0.5.0-SNAPSHOT/hadoop-ozone-client-0.5.0-SNAPSHOT.jar:/home/user/.m2/repository/commons-lang/commons-lang/2.6/commons-lang-2.6.jar:/home/user/.m2/repository/org/apache/hadoop/hadoop-ozone-ozone-manager/0.5.0-SNAPSHOT/hadoop-ozone-ozone-manager-0.5.0-SNAPSHOT-tests.jar:/home/user/.m2/repository/junit/junit/4.11/junit-4.11.jar:/home/user/.m2/repository/org/hamcrest/hamcrest-core/1.3/hamcrest-core-1.3.jar:/home/user/.m2/repository/org/openjdk/jmh/jmh-core/1.19/jmh-core-1.19.jar:/home/user/.m2/repository/net/sf/jopt-simple/jopt-simple/4.6/jopt-simple-4.6.jar:/home/user/.m2/repository/org/apache/commons/commons-math3/3.1.1/commons-math3-3.1.1.jar:/home/user/.m2/repository/org/openjdk/jmh/jmh-generator-annprocess/1.19/jmh-generator-annprocess-1.19.jar:/home/user/.m2/repository/org/mockito/mockito-all/1.8.5/mockito-all-1.8.5.jar:/home/user/.m2/repository/org/apache/hadoop/hadoop-kms/3.2.0/hadoop-kms-3.2.0.jar:/home/user/.m2/repository/org/apache/hadoop/hadoop-auth/3.2.0/hadoop-auth-3.2.0.jar:/home/user/.m2/repository/com/nimbusds/nimbus-jose-jwt/4.41.1/nimbus-jose-jwt-4.41.1.jar:/home/user/.m2/repository/com/github/stephenc/jcip/jcip-annotations/1.0-1/jcip-annotations-1.0-1.jar:/home/user/.m2/repository/net/minidev/json-smart/2.3/json-smart-2.3.jar:/home/user/.m2/repository/net/minidev/accessors-smart/1.2/accessors-smart-1.2.jar:/home/user/.m2/repository/org/ow2/asm/asm/5.0.4/asm-5.0.4.jar:/home/user/.m2/repository/org/apache/curator/curator-framework/2.12.0/curator-framework-2.12.0.jar:/home/user/.m2/repository/com/sun/jersey/jersey-core/1.19/jersey-core-1.19.jar:/home/user/.m2/repository/javax/ws/rs/jsr311-api/1.1.1/jsr311-api-1.1.1.jar:/home/user/.m2/repository/com/sun/jersey/jersey-server/1.19/jersey-server-1.19.jar:/home/user/.m2/repository/javax/servlet/javax.servlet-api/3.1.0/javax.servlet-api-3.1.0.jar:/home/user/.m2/repository/org/eclipse/jetty/jetty-server/9.3.25.v20180904/jetty-server-9.3.25.v20180904.jar:/home/user/.m2/repository/org/eclipse/jetty/jetty-http/9.3.25.v20180904/jetty-http-9.3.25.v20180904.jar:/home/user/.m2/repository/org/eclipse/jetty/jetty-io/9.3.25.v20180904/jetty-io-9.3.25.v20180904.jar:/home/user/.m2/repository/org/eclipse/jetty/jetty-webapp/9.3.25.v20180904/jetty-webapp-9.3.25.v20180904.jar:/home/user/.m2/repository/org/eclipse/jetty/jetty-xml/9.3.25.v20180904/jetty-xml-9.3.25.v20180904.jar:/home/user/.m2/repository/log4j/log4j/1.2.17/log4j-1.2.17.jar:/home/user/.m2/repository/org/slf4j/slf4j-api/1.7.25/slf4j-api-1.7.25.jar:/home/user/.m2/repository/org/slf4j/jul-to-slf4j/1.7.25/jul-to-slf4j-1.7.25.jar:/home/user/.m2/repository/org/eclipse/jetty/jetty-util/9.3.25.v20180904/jetty-util-9.3.25.v20180904.jar:/home/user/.m2/repository/com/fasterxml/jackson/core/jackson-databind/2.9.9/jackson-databind-2.9.9.jar:/home/user/.m2/repository/org/apache/hadoop/hadoop-kms/3.2.0/hadoop-kms-3.2.0-tests.jar:/home/user/.m2/repository/org/apache/hadoop/hadoop-hdds-server-scm/0.5.0-SNAPSHOT/hadoop-hdds-server-scm-0.5.0-SNAPSHOT-tests.jar:/home/user/.m2/repository/org/apache/hadoop/hadoop-hdds-container-service/0.5.0-SNAPSHOT/hadoop-hdds-container-service-0.5.0-SNAPSHOT-tests.jar:/home/user/.m2/repository/org/yaml/snakeyaml/1.16/snakeyaml-1.16.jar:/home/user/.m2/repository/org/apache/hadoop/hadoop-common/3.2.0/hadoop-common-3.2.0-tests.jar:/home/user/.m2/repository/org/apache/hadoop/hadoop-annotations/3.2.0/hadoop-annotations-3.2.0.jar:/usr/lib/jvm/java-1.8-openjdk/jre/../lib/tools.jar:/home/user/.m2/repository/commons-cli/commons-cli/1.2/commons-cli-1.2.jar:/home/user/.m2/repository/org/apache/httpcomponents/httpclient/4.5.2/httpclient-4.5.2.jar:/home/user/.m2/repository/org/apache/httpcomponents/httpcore/4.4.4/httpcore-4.4.4.jar:/home/user/.m2/repository/commons-codec/commons-codec/1.11/commons-codec-1.11.jar:/home/user/.m2/repository/commons-net/commons-net/3.6/commons-net-3.6.jar:/home/user/.m2/repository/commons-collections/commons-collections/3.2.2/commons-collections-3.2.2.jar:/home/user/.m2/repository/org/eclipse/jetty/jetty-servlet/9.3.25.v20180904/jetty-servlet-9.3.25.v20180904.jar:/home/user/.m2/repository/org/eclipse/jetty/jetty-security/9.3.25.v20180904/jetty-security-9.3.25.v20180904.jar:/home/user/.m2/repository/javax/servlet/jsp/jsp-api/2.1/jsp-api-2.1.jar:/home/user/.m2/repository/com/sun/jersey/jersey-servlet/1.19/jersey-servlet-1.19.jar:/home/user/.m2/repository/com/sun/jersey/jersey-json/1.19/jersey-json-1.19.jar:/home/user/.m2/repository/org/codehaus/jettison/jettison/1.1/jettison-1.1.jar:/home/user/.m2/repository/org/codehaus/jackson/jackson-core-asl/1.9.13/jackson-core-asl-1.9.13.jar:/home/user/.m2/repository/org/codehaus/jackson/jackson-mapper-asl/1.9.13/jackson-mapper-asl-1.9.13.jar:/home/user/.m2/repository/org/codehaus/jackson/jackson-jaxrs/1.9.13/jackson-jaxrs-1.9.13.jar:/home/user/.m2/repository/org/codehaus/jackson/jackson-xc/1.9.13/jackson-xc-1.9.13.jar:/home/user/.m2/repository/commons-logging/commons-logging/1.1.3/commons-logging-1.1.3.jar:/home/user/.m2/repository/commons-beanutils/commons-beanutils/1.9.4/commons-beanutils-1.9.4.jar:/home/user/.m2/repository/org/apache/commons/commons-configuration2/2.1.1/commons-configuration2-2.1.1.jar:/home/user/.m2/repository/org/apache/commons/commons-lang3/3.7/commons-lang3-3.7.jar:/home/user/.m2/repository/org/apache/commons/commons-text/1.4/commons-text-1.4.jar:/home/user/.m2/repository/org/apache/avro/avro/1.7.7/avro-1.7.7.jar:/home/user/.m2/repository/com/thoughtworks/paranamer/paranamer/2.3/paranamer-2.3.jar:/home/user/.m2/repository/org/xerial/snappy/snappy-java/1.0.5/snappy-java-1.0.5.jar:/home/user/.m2/repository/com/google/re2j/re2j/1.1/re2j-1.1.jar:/home/user/.m2/repository/com/google/code/gson/gson/2.2.4/gson-2.2.4.jar:/home/user/.m2/repository/com/jcraft/jsch/0.1.54/jsch-0.1.54.jar:/home/user/.m2/repository/org/apache/curator/curator-client/2.12.0/curator-client-2.12.0.jar:/home/user/.m2/repository/org/apache/curator/curator-recipes/2.12.0/curator-recipes-2.12.0.jar:/home/user/.m2/repository/com/google/code/findbugs/jsr305/3.0.0/jsr305-3.0.0.jar:/home/user/.m2/repository/org/apache/htrace/htrace-core4/4.1.0-incubating/htrace-core4-4.1.0-incubating.jar:/home/user/.m2/repository/org/apache/zookeeper/zookeeper/3.4.13/zookeeper-3.4.13.jar:/home/user/.m2/repository/jline/jline/0.9.94/jline-0.9.94.jar:/home/user/.m2/repository/org/apache/yetus/audience-annotations/0.5.0/audience-annotations-0.5.0.jar:/home/user/.m2/repository/org/codehaus/woodstox/stax2-api/3.1.4/stax2-api-3.1.4.jar:/home/user/.m2/repository/com/fasterxml/woodstox/woodstox-core/5.0.3/woodstox-core-5.0.3.jar:/home/user/.m2/repository/dnsjava/dnsjava/2.1.7/dnsjava-2.1.7.jar:/home/user/.m2/repository/org/apache/hadoop/hadoop-hdfs/3.2.0/hadoop-hdfs-3.2.0-tests.jar:/home/user/.m2/repository/org/eclipse/jetty/jetty-util-ajax/9.3.25.v20180904/jetty-util-ajax-9.3.25.v20180904.jar:/home/user/.m2/repository/commons-daemon/commons-daemon/1.0.13/commons-daemon-1.0.13.jar:/home/user/.m2/repository/io/netty/netty/3.10.5.Final/netty-3.10.5.Final.jar:/home/user/.m2/repository/io/netty/netty-all/4.0.52.Final/netty-all-4.0.52.Final.jar:/home/user/.m2/repository/org/fusesource/leveldbjni/leveldbjni-all/1.8/leveldbjni-all-1.8.jar:"/>
    <property name="java.vm.vendor" value="IcedTea"/>
    <property name="sun.arch.data.model" value="64"/>
    <property name="test.build.dir" value="/workdir/hadoop-ozone/integration-test/target/test-dir"/>
    <property name="test.cache.data" value=""/>
    <property name="java.vendor.url" value="https://icedtea.classpath.org"/>
    <property name="user.timezone" value=""/>
    <property name="java.vm.specification.version" value="1.8"/>
    <property name="os.name" value="Linux"/>
    <property name="test.build.data" value="/workdir/hadoop-ozone/integration-test/target/test-dir"/>
    <property name="user.country" value="US"/>
    <property name="sun.java.launcher" value="SUN_STANDARD"/>
    <property name="sun.boot.library.path" value="/usr/lib/jvm/java-1.8-openjdk/jre/lib/amd64"/>
    <property name="sun.java.command" value="/workdir/hadoop-ozone/integration-test/target/surefire/surefirebooter8339897423011986621.jar /workdir/hadoop-ozone/integration-test/target/surefire 2019-10-07T07-38-37_693-jvmRun1 surefire4427440991865647165tmp surefire_55596185327338868360tmp"/>
    <property name="test" value="!TestMiniChaosOzoneCluster"/>
    <property name="surefire.test.class.path" value="/workdir/hadoop-ozone/integration-test/target/test-classes:/workdir/hadoop-ozone/integration-test/target/classes:/home/user/.m2/repository/org/apache/hadoop/hadoop-ozone-common/0.5.0-SNAPSHOT/hadoop-ozone-common-0.5.0-SNAPSHOT.jar:/home/user/.m2/repository/org/apache/commons/commons-compress/1.4.1/commons-compress-1.4.1.jar:/home/user/.m2/repository/org/tukaani/xz/1.0/xz-1.0.jar:/home/user/.m2/repository/org/apache/hadoop/hadoop-common/3.2.0/hadoop-common-3.2.0.jar:/home/user/.m2/repository/org/apache/hadoop/hadoop-hdfs/3.2.0/hadoop-hdfs-3.2.0.jar:/home/user/.m2/repository/org/apache/hadoop/hadoop-hdfs-client/3.2.0/hadoop-hdfs-client-3.2.0.jar:/home/user/.m2/repository/com/fasterxml/jackson/core/jackson-annotations/2.9.9/jackson-annotations-2.9.9.jar:/home/user/.m2/repository/org/apache/hadoop/hadoop-hdds-common/0.5.0-SNAPSHOT/hadoop-hdds-common-0.5.0-SNAPSHOT.jar:/home/user/.m2/repository/javax/annotation/javax.annotation-api/1.2/javax.annotation-api-1.2.jar:/home/user/.m2/repository/org/apache/ratis/ratis-server/0.5.0-201fc85-SNAPSHOT/ratis-server-0.5.0-201fc85-SNAPSHOT.jar:/home/user/.m2/repository/org/apache/ratis/ratis-thirdparty-misc/0.2.0/ratis-thirdparty-misc-0.2.0.jar:/home/user/.m2/repository/org/apache/ratis/ratis-proto/0.5.0-201fc85-SNAPSHOT/ratis-proto-0.5.0-201fc85-SNAPSHOT.jar:/home/user/.m2/repository/org/apache/ratis/ratis-common/0.5.0-201fc85-SNAPSHOT/ratis-common-0.5.0-201fc85-SNAPSHOT.jar:/home/user/.m2/repository/org/apache/ratis/ratis-client/0.5.0-201fc85-SNAPSHOT/ratis-client-0.5.0-201fc85-SNAPSHOT.jar:/home/user/.m2/repository/org/apache/ratis/ratis-metrics/0.5.0-201fc85-SNAPSHOT/ratis-metrics-0.5.0-201fc85-SNAPSHOT.jar:/home/user/.m2/repository/com/github/joshelser/dropwizard-metrics-hadoop-metrics2-reporter/0.1.2/dropwizard-metrics-hadoop-metrics2-reporter-0.1.2.jar:/home/user/.m2/repository/io/dropwizard/metrics/metrics-jvm/3.2.5/metrics-jvm-3.2.5.jar:/home/user/.m2/repository/io/dropwizard/metrics/metrics-ganglia/3.2.5/metrics-ganglia-3.2.5.jar:/home/user/.m2/repository/info/ganglia/gmetric4j/gmetric4j/1.0.7/gmetric4j-1.0.7.jar:/home/user/.m2/repository/org/apache/ratis/ratis-netty/0.5.0-201fc85-SNAPSHOT/ratis-netty-0.5.0-201fc85-SNAPSHOT.jar:/home/user/.m2/repository/org/apache/ratis/ratis-grpc/0.5.0-201fc85-SNAPSHOT/ratis-grpc-0.5.0-201fc85-SNAPSHOT.jar:/home/user/.m2/repository/org/rocksdb/rocksdbjni/6.0.1/rocksdbjni-6.0.1.jar:/home/user/.m2/repository/org/apache/logging/log4j/log4j-api/2.11.0/log4j-api-2.11.0.jar:/home/user/.m2/repository/org/apache/logging/log4j/log4j-core/2.11.0/log4j-core-2.11.0.jar:/home/user/.m2/repository/com/lmax/disruptor/3.4.2/disruptor-3.4.2.jar:/home/user/.m2/repository/org/apache/commons/commons-pool2/2.6.0/commons-pool2-2.6.0.jar:/home/user/.m2/repository/org/bouncycastle/bcpkix-jdk15on/1.60/bcpkix-jdk15on-1.60.jar:/home/user/.m2/repository/commons-validator/commons-validator/1.6/commons-validator-1.6.jar:/home/user/.m2/repository/commons-digester/commons-digester/1.8.1/commons-digester-1.8.1.jar:/home/user/.m2/repository/io/jaegertracing/jaeger-client/0.34.0/jaeger-client-0.34.0.jar:/home/user/.m2/repository/io/jaegertracing/jaeger-thrift/0.34.0/jaeger-thrift-0.34.0.jar:/home/user/.m2/repository/org/apache/thrift/libthrift/0.12.0/libthrift-0.12.0.jar:/home/user/.m2/repository/com/squareup/okhttp3/okhttp/3.9.0/okhttp-3.9.0.jar:/home/user/.m2/repository/com/squareup/okio/okio/1.13.0/okio-1.13.0.jar:/home/user/.m2/repository/io/jaegertracing/jaeger-core/0.34.0/jaeger-core-0.34.0.jar:/home/user/.m2/repository/io/jaegertracing/jaeger-tracerresolver/0.34.0/jaeger-tracerresolver-0.34.0.jar:/home/user/.m2/repository/io/opentracing/contrib/opentracing-tracerresolver/0.1.5/opentracing-tracerresolver-0.1.5.jar:/home/user/.m2/repository/io/opentracing/opentracing-util/0.31.0/opentracing-util-0.31.0.jar:/home/user/.m2/repository/io/opentracing/opentracing-api/0.31.0/opentracing-api-0.31.0.jar:/home/user/.m2/repository/io/opentracing/opentracing-noop/0.31.0/opentracing-noop-0.31.0.jar:/home/user/.m2/repository/org/apache/hadoop/hadoop-hdds-server-framework/0.5.0-SNAPSHOT/hadoop-hdds-server-framework-0.5.0-SNAPSHOT.jar:/home/user/.m2/repository/org/apache/hadoop/hadoop-hdds-container-service/0.5.0-SNAPSHOT/hadoop-hdds-container-service-0.5.0-SNAPSHOT.jar:/home/user/.m2/repository/org/apache/hadoop/hadoop-hdds-client/0.5.0-SNAPSHOT/hadoop-hdds-client-0.5.0-SNAPSHOT.jar:/home/user/.m2/repository/org/apache/hadoop/hadoop-hdds-tools/0.5.0-SNAPSHOT/hadoop-hdds-tools-0.5.0-SNAPSHOT.jar:/home/user/.m2/repository/org/apache/hadoop/hadoop-hdds-server-scm/0.5.0-SNAPSHOT/hadoop-hdds-server-scm-0.5.0-SNAPSHOT.jar:/home/user/.m2/repository/org/apache/hadoop/hadoop-hdds-docs/0.5.0-SNAPSHOT/hadoop-hdds-docs-0.5.0-SNAPSHOT.jar:/home/user/.m2/repository/io/dropwizard/metrics/metrics-core/3.2.4/metrics-core-3.2.4.jar:/home/user/.m2/repository/org/hamcrest/hamcrest-all/1.3/hamcrest-all-1.3.jar:/home/user/.m2/repository/org/bouncycastle/bcprov-jdk15on/1.60/bcprov-jdk15on-1.60.jar:/home/user/.m2/repository/info/picocli/picocli/3.9.6/picocli-3.9.6.jar:/home/user/.m2/repository/com/google/protobuf/protobuf-java/2.5.0/protobuf-java-2.5.0.jar:/home/user/.m2/repository/com/google/guava/guava/11.0.2/guava-11.0.2.jar:/home/user/.m2/repository/org/apache/hadoop/hadoop-ozone-ozone-manager/0.5.0-SNAPSHOT/hadoop-ozone-ozone-manager-0.5.0-SNAPSHOT.jar:/home/user/.m2/repository/org/apache/hadoop/hadoop-minikdc/3.2.0/hadoop-minikdc-3.2.0.jar:/home/user/.m2/repository/commons-io/commons-io/2.5/commons-io-2.5.jar:/home/user/.m2/repository/org/apache/kerby/kerb-simplekdc/1.0.1/kerb-simplekdc-1.0.1.jar:/home/user/.m2/repository/org/apache/kerby/kerb-client/1.0.1/kerb-client-1.0.1.jar:/home/user/.m2/repository/org/apache/kerby/kerby-config/1.0.1/kerby-config-1.0.1.jar:/home/user/.m2/repository/org/apache/kerby/kerb-core/1.0.1/kerb-core-1.0.1.jar:/home/user/.m2/repository/org/apache/kerby/kerby-pkix/1.0.1/kerby-pkix-1.0.1.jar:/home/user/.m2/repository/org/apache/kerby/kerby-asn1/1.0.1/kerby-asn1-1.0.1.jar:/home/user/.m2/repository/org/apache/kerby/kerby-util/1.0.1/kerby-util-1.0.1.jar:/home/user/.m2/repository/org/apache/kerby/kerb-common/1.0.1/kerb-common-1.0.1.jar:/home/user/.m2/repository/org/apache/kerby/kerb-crypto/1.0.1/kerb-crypto-1.0.1.jar:/home/user/.m2/repository/org/apache/kerby/kerb-util/1.0.1/kerb-util-1.0.1.jar:/home/user/.m2/repository/org/apache/kerby/token-provider/1.0.1/token-provider-1.0.1.jar:/home/user/.m2/repository/org/apache/kerby/kerb-admin/1.0.1/kerb-admin-1.0.1.jar:/home/user/.m2/repository/org/apache/kerby/kerb-server/1.0.1/kerb-server-1.0.1.jar:/home/user/.m2/repository/org/apache/kerby/kerb-identity/1.0.1/kerb-identity-1.0.1.jar:/home/user/.m2/repository/org/apache/kerby/kerby-xdr/1.0.1/kerby-xdr-1.0.1.jar:/home/user/.m2/repository/org/slf4j/slf4j-log4j12/1.7.25/slf4j-log4j12-1.7.25.jar:/home/user/.m2/repository/org/apache/hadoop/hadoop-ozone-s3gateway/0.5.0-SNAPSHOT/hadoop-ozone-s3gateway-0.5.0-SNAPSHOT.jar:/home/user/.m2/repository/org/jboss/weld/servlet/weld-servlet/2.4.7.Final/weld-servlet-2.4.7.Final.jar:/home/user/.m2/repository/org/glassfish/jersey/containers/jersey-container-servlet-core/2.27/jersey-container-servlet-core-2.27.jar:/home/user/.m2/repository/org/glassfish/hk2/external/javax.inject/2.5.0-b42/javax.inject-2.5.0-b42.jar:/home/user/.m2/repository/org/glassfish/jersey/core/jersey-common/2.27/jersey-common-2.27.jar:/home/user/.m2/repository/org/glassfish/hk2/osgi-resource-locator/1.0.1/osgi-resource-locator-1.0.1.jar:/home/user/.m2/repository/javax/ws/rs/javax.ws.rs-api/2.1/javax.ws.rs-api-2.1.jar:/home/user/.m2/repository/org/glassfish/jersey/ext/cdi/jersey-cdi1x/2.27/jersey-cdi1x-2.27.jar:/home/user/.m2/repository/org/glassfish/jersey/inject/jersey-hk2/2.27/jersey-hk2-2.27.jar:/home/user/.m2/repository/org/glassfish/hk2/hk2-locator/2.5.0-b42/hk2-locator-2.5.0-b42.jar:/home/user/.m2/repository/org/javassist/javassist/3.22.0-CR2/javassist-3.22.0-CR2.jar:/home/user/.m2/repository/org/glassfish/hk2/hk2-api/2.5.0/hk2-api-2.5.0.jar:/home/user/.m2/repository/org/glassfish/hk2/external/jakarta.inject/2.5.0/jakarta.inject-2.5.0.jar:/home/user/.m2/repository/org/glassfish/hk2/hk2-utils/2.5.0/hk2-utils-2.5.0.jar:/home/user/.m2/repository/jakarta/annotation/jakarta.annotation-api/1.3.4/jakarta.annotation-api-1.3.4.jar:/home/user/.m2/repository/org/glassfish/hk2/external/aopalliance-repackaged/2.5.0/aopalliance-repackaged-2.5.0.jar:/home/user/.m2/repository/com/fasterxml/jackson/dataformat/jackson-dataformat-xml/2.9.0/jackson-dataformat-xml-2.9.0.jar:/home/user/.m2/repository/com/fasterxml/jackson/core/jackson-core/2.9.9/jackson-core-2.9.9.jar:/home/user/.m2/repository/com/fasterxml/jackson/module/jackson-module-jaxb-annotations/2.9.9/jackson-module-jaxb-annotations-2.9.9.jar:/home/user/.m2/repository/javax/enterprise/cdi-api/1.2/cdi-api-1.2.jar:/home/user/.m2/repository/javax/el/javax.el-api/3.0.0/javax.el-api-3.0.0.jar:/home/user/.m2/repository/javax/interceptor/javax.interceptor-api/1.2/javax.interceptor-api-1.2.jar:/home/user/.m2/repository/javax/inject/javax.inject/1/javax.inject-1.jar:/home/user/.m2/repository/com/sun/xml/bind/jaxb-impl/2.3.0.1/jaxb-impl-2.3.0.1.jar:/home/user/.m2/repository/com/sun/xml/bind/jaxb-core/2.3.0.1/jaxb-core-2.3.0.1.jar:/home/user/.m2/repository/javax/xml/bind/jaxb-api/2.3.0/jaxb-api-2.3.0.jar:/home/user/.m2/repository/javax/activation/activation/1.1.1/activation-1.1.1.jar:/home/user/.m2/repository/org/apache/hadoop/hadoop-ozone-csi/0.5.0-SNAPSHOT/hadoop-ozone-csi-0.5.0-SNAPSHOT.jar:/home/user/.m2/repository/com/google/protobuf/protobuf-java-util/3.5.1/protobuf-java-util-3.5.1.jar:/home/user/.m2/repository/org/apache/hadoop/hadoop-hdds-config/0.5.0-SNAPSHOT/hadoop-hdds-config-0.5.0-SNAPSHOT.jar:/home/user/.m2/repository/io/grpc/grpc-netty/1.17.1/grpc-netty-1.17.1.jar:/home/user/.m2/repository/io/grpc/grpc-core/1.17.1/grpc-core-1.17.1.jar:/home/user/.m2/repository/io/grpc/grpc-context/1.17.1/grpc-context-1.17.1.jar:/home/user/.m2/repository/com/google/errorprone/error_prone_annotations/2.2.0/error_prone_annotations-2.2.0.jar:/home/user/.m2/repository/org/codehaus/mojo/animal-sniffer-annotations/1.17/animal-sniffer-annotations-1.17.jar:/home/user/.m2/repository/io/opencensus/opencensus-api/0.17.0/opencensus-api-0.17.0.jar:/home/user/.m2/repository/io/opencensus/opencensus-contrib-grpc-metrics/0.17.0/opencensus-contrib-grpc-metrics-0.17.0.jar:/home/user/.m2/repository/io/netty/netty-codec-http2/4.1.30.Final/netty-codec-http2-4.1.30.Final.jar:/home/user/.m2/repository/io/netty/netty-codec-http/4.1.30.Final/netty-codec-http-4.1.30.Final.jar:/home/user/.m2/repository/io/netty/netty-codec/4.1.30.Final/netty-codec-4.1.30.Final.jar:/home/user/.m2/repository/io/netty/netty-handler/4.1.30.Final/netty-handler-4.1.30.Final.jar:/home/user/.m2/repository/io/netty/netty-handler-proxy/4.1.30.Final/netty-handler-proxy-4.1.30.Final.jar:/home/user/.m2/repository/io/netty/netty-codec-socks/4.1.30.Final/netty-codec-socks-4.1.30.Final.jar:/home/user/.m2/repository/io/netty/netty-transport-native-epoll/4.1.30.Final/netty-transport-native-epoll-4.1.30.Final.jar:/home/user/.m2/repository/io/netty/netty-common/4.1.30.Final/netty-common-4.1.30.Final.jar:/home/user/.m2/repository/io/netty/netty-buffer/4.1.30.Final/netty-buffer-4.1.30.Final.jar:/home/user/.m2/repository/io/netty/netty-transport/4.1.30.Final/netty-transport-4.1.30.Final.jar:/home/user/.m2/repository/io/netty/netty-resolver/4.1.30.Final/netty-resolver-4.1.30.Final.jar:/home/user/.m2/repository/io/netty/netty-transport-native-unix-common/4.1.30.Final/netty-transport-native-unix-common-4.1.30.Final.jar:/home/user/.m2/repository/io/grpc/grpc-protobuf/1.17.1/grpc-protobuf-1.17.1.jar:/home/user/.m2/repository/com/google/api/grpc/proto-google-common-protos/1.0.0/proto-google-common-protos-1.0.0.jar:/home/user/.m2/repository/io/grpc/grpc-protobuf-lite/1.17.1/grpc-protobuf-lite-1.17.1.jar:/home/user/.m2/repository/io/grpc/grpc-stub/1.17.1/grpc-stub-1.17.1.jar:/home/user/.m2/repository/org/apache/hadoop/hadoop-ozone-recon/0.5.0-SNAPSHOT/hadoop-ozone-recon-0.5.0-SNAPSHOT.jar:/home/user/.m2/repository/org/apache/hadoop/hadoop-ozone-reconcodegen/0.5.0-SNAPSHOT/hadoop-ozone-reconcodegen-0.5.0-SNAPSHOT.jar:/home/user/.m2/repository/com/google/inject/extensions/guice-multibindings/4.0/guice-multibindings-4.0.jar:/home/user/.m2/repository/com/google/inject/guice/4.0/guice-4.0.jar:/home/user/.m2/repository/aopalliance/aopalliance/1.0/aopalliance-1.0.jar:/home/user/.m2/repository/com/google/inject/extensions/guice-servlet/4.0/guice-servlet-4.0.jar:/home/user/.m2/repository/org/glassfish/jersey/containers/jersey-container-servlet/2.27/jersey-container-servlet-2.27.jar:/home/user/.m2/repository/org/glassfish/hk2/guice-bridge/2.5.0/guice-bridge-2.5.0.jar:/home/user/.m2/repository/org/glassfish/jersey/core/jersey-server/2.27/jersey-server-2.27.jar:/home/user/.m2/repository/org/glassfish/jersey/core/jersey-client/2.27/jersey-client-2.27.jar:/home/user/.m2/repository/org/glassfish/jersey/media/jersey-media-jaxb/2.27/jersey-media-jaxb-2.27.jar:/home/user/.m2/repository/javax/validation/validation-api/1.1.0.Final/validation-api-1.1.0.Final.jar:/home/user/.m2/repository/org/glassfish/jersey/media/jersey-media-json-jackson/2.27/jersey-media-json-jackson-2.27.jar:/home/user/.m2/repository/org/glassfish/jersey/ext/jersey-entity-filtering/2.27/jersey-entity-filtering-2.27.jar:/home/user/.m2/repository/com/google/inject/extensions/guice-assistedinject/4.0/guice-assistedinject-4.0.jar:/home/user/.m2/repository/org/jooq/jooq/3.11.10/jooq-3.11.10.jar:/home/user/.m2/repository/org/jooq/jooq-meta/3.11.10/jooq-meta-3.11.10.jar:/home/user/.m2/repository/org/jooq/jooq-codegen/3.11.10/jooq-codegen-3.11.10.jar:/home/user/.m2/repository/com/jolbox/bonecp/0.8.0.RELEASE/bonecp-0.8.0.RELEASE.jar:/home/user/.m2/repository/org/xerial/sqlite-jdbc/3.25.2/sqlite-jdbc-3.25.2.jar:/home/user/.m2/repository/org/springframework/spring-jdbc/5.1.3.RELEASE/spring-jdbc-5.1.3.RELEASE.jar:/home/user/.m2/repository/org/springframework/spring-beans/5.1.3.RELEASE/spring-beans-5.1.3.RELEASE.jar:/home/user/.m2/repository/org/springframework/spring-core/5.1.3.RELEASE/spring-core-5.1.3.RELEASE.jar:/home/user/.m2/repository/org/springframework/spring-jcl/5.1.3.RELEASE/spring-jcl-5.1.3.RELEASE.jar:/home/user/.m2/repository/org/springframework/spring-tx/5.1.3.RELEASE/spring-tx-5.1.3.RELEASE.jar:/home/user/.m2/repository/org/apache/hadoop/hadoop-ozone-client/0.5.0-SNAPSHOT/hadoop-ozone-client-0.5.0-SNAPSHOT.jar:/home/user/.m2/repository/commons-lang/commons-lang/2.6/commons-lang-2.6.jar:/home/user/.m2/repository/org/apache/hadoop/hadoop-ozone-ozone-manager/0.5.0-SNAPSHOT/hadoop-ozone-ozone-manager-0.5.0-SNAPSHOT-tests.jar:/home/user/.m2/repository/junit/junit/4.11/junit-4.11.jar:/home/user/.m2/repository/org/hamcrest/hamcrest-core/1.3/hamcrest-core-1.3.jar:/home/user/.m2/repository/org/openjdk/jmh/jmh-core/1.19/jmh-core-1.19.jar:/home/user/.m2/repository/net/sf/jopt-simple/jopt-simple/4.6/jopt-simple-4.6.jar:/home/user/.m2/repository/org/apache/commons/commons-math3/3.1.1/commons-math3-3.1.1.jar:/home/user/.m2/repository/org/openjdk/jmh/jmh-generator-annprocess/1.19/jmh-generator-annprocess-1.19.jar:/home/user/.m2/repository/org/mockito/mockito-all/1.8.5/mockito-all-1.8.5.jar:/home/user/.m2/repository/org/apache/hadoop/hadoop-kms/3.2.0/hadoop-kms-3.2.0.jar:/home/user/.m2/repository/org/apache/hadoop/hadoop-auth/3.2.0/hadoop-auth-3.2.0.jar:/home/user/.m2/repository/com/nimbusds/nimbus-jose-jwt/4.41.1/nimbus-jose-jwt-4.41.1.jar:/home/user/.m2/repository/com/github/stephenc/jcip/jcip-annotations/1.0-1/jcip-annotations-1.0-1.jar:/home/user/.m2/repository/net/minidev/json-smart/2.3/json-smart-2.3.jar:/home/user/.m2/repository/net/minidev/accessors-smart/1.2/accessors-smart-1.2.jar:/home/user/.m2/repository/org/ow2/asm/asm/5.0.4/asm-5.0.4.jar:/home/user/.m2/repository/org/apache/curator/curator-framework/2.12.0/curator-framework-2.12.0.jar:/home/user/.m2/repository/com/sun/jersey/jersey-core/1.19/jersey-core-1.19.jar:/home/user/.m2/repository/javax/ws/rs/jsr311-api/1.1.1/jsr311-api-1.1.1.jar:/home/user/.m2/repository/com/sun/jersey/jersey-server/1.19/jersey-server-1.19.jar:/home/user/.m2/repository/javax/servlet/javax.servlet-api/3.1.0/javax.servlet-api-3.1.0.jar:/home/user/.m2/repository/org/eclipse/jetty/jetty-server/9.3.25.v20180904/jetty-server-9.3.25.v20180904.jar:/home/user/.m2/repository/org/eclipse/jetty/jetty-http/9.3.25.v20180904/jetty-http-9.3.25.v20180904.jar:/home/user/.m2/repository/org/eclipse/jetty/jetty-io/9.3.25.v20180904/jetty-io-9.3.25.v20180904.jar:/home/user/.m2/repository/org/eclipse/jetty/jetty-webapp/9.3.25.v20180904/jetty-webapp-9.3.25.v20180904.jar:/home/user/.m2/repository/org/eclipse/jetty/jetty-xml/9.3.25.v20180904/jetty-xml-9.3.25.v20180904.jar:/home/user/.m2/repository/log4j/log4j/1.2.17/log4j-1.2.17.jar:/home/user/.m2/repository/org/slf4j/slf4j-api/1.7.25/slf4j-api-1.7.25.jar:/home/user/.m2/repository/org/slf4j/jul-to-slf4j/1.7.25/jul-to-slf4j-1.7.25.jar:/home/user/.m2/repository/org/eclipse/jetty/jetty-util/9.3.25.v20180904/jetty-util-9.3.25.v20180904.jar:/home/user/.m2/repository/com/fasterxml/jackson/core/jackson-databind/2.9.9/jackson-databind-2.9.9.jar:/home/user/.m2/repository/org/apache/hadoop/hadoop-kms/3.2.0/hadoop-kms-3.2.0-tests.jar:/home/user/.m2/repository/org/apache/hadoop/hadoop-hdds-server-scm/0.5.0-SNAPSHOT/hadoop-hdds-server-scm-0.5.0-SNAPSHOT-tests.jar:/home/user/.m2/repository/org/apache/hadoop/hadoop-hdds-container-service/0.5.0-SNAPSHOT/hadoop-hdds-container-service-0.5.0-SNAPSHOT-tests.jar:/home/user/.m2/repository/org/yaml/snakeyaml/1.16/snakeyaml-1.16.jar:/home/user/.m2/repository/org/apache/hadoop/hadoop-common/3.2.0/hadoop-common-3.2.0-tests.jar:/home/user/.m2/repository/org/apache/hadoop/hadoop-annotations/3.2.0/hadoop-annotations-3.2.0.jar:/usr/lib/jvm/java-1.8-openjdk/jre/../lib/tools.jar:/home/user/.m2/repository/commons-cli/commons-cli/1.2/commons-cli-1.2.jar:/home/user/.m2/repository/org/apache/httpcomponents/httpclient/4.5.2/httpclient-4.5.2.jar:/home/user/.m2/repository/org/apache/httpcomponents/httpcore/4.4.4/httpcore-4.4.4.jar:/home/user/.m2/repository/commons-codec/commons-codec/1.11/commons-codec-1.11.jar:/home/user/.m2/repository/commons-net/commons-net/3.6/commons-net-3.6.jar:/home/user/.m2/repository/commons-collections/commons-collections/3.2.2/commons-collections-3.2.2.jar:/home/user/.m2/repository/org/eclipse/jetty/jetty-servlet/9.3.25.v20180904/jetty-servlet-9.3.25.v20180904.jar:/home/user/.m2/repository/org/eclipse/jetty/jetty-security/9.3.25.v20180904/jetty-security-9.3.25.v20180904.jar:/home/user/.m2/repository/javax/servlet/jsp/jsp-api/2.1/jsp-api-2.1.jar:/home/user/.m2/repository/com/sun/jersey/jersey-servlet/1.19/jersey-servlet-1.19.jar:/home/user/.m2/repository/com/sun/jersey/jersey-json/1.19/jersey-json-1.19.jar:/home/user/.m2/repository/org/codehaus/jettison/jettison/1.1/jettison-1.1.jar:/home/user/.m2/repository/org/codehaus/jackson/jackson-core-asl/1.9.13/jackson-core-asl-1.9.13.jar:/home/user/.m2/repository/org/codehaus/jackson/jackson-mapper-asl/1.9.13/jackson-mapper-asl-1.9.13.jar:/home/user/.m2/repository/org/codehaus/jackson/jackson-jaxrs/1.9.13/jackson-jaxrs-1.9.13.jar:/home/user/.m2/repository/org/codehaus/jackson/jackson-xc/1.9.13/jackson-xc-1.9.13.jar:/home/user/.m2/repository/commons-logging/commons-logging/1.1.3/commons-logging-1.1.3.jar:/home/user/.m2/repository/commons-beanutils/commons-beanutils/1.9.4/commons-beanutils-1.9.4.jar:/home/user/.m2/repository/org/apache/commons/commons-configuration2/2.1.1/commons-configuration2-2.1.1.jar:/home/user/.m2/repository/org/apache/commons/commons-lang3/3.7/commons-lang3-3.7.jar:/home/user/.m2/repository/org/apache/commons/commons-text/1.4/commons-text-1.4.jar:/home/user/.m2/repository/org/apache/avro/avro/1.7.7/avro-1.7.7.jar:/home/user/.m2/repository/com/thoughtworks/paranamer/paranamer/2.3/paranamer-2.3.jar:/home/user/.m2/repository/org/xerial/snappy/snappy-java/1.0.5/snappy-java-1.0.5.jar:/home/user/.m2/repository/com/google/re2j/re2j/1.1/re2j-1.1.jar:/home/user/.m2/repository/com/google/code/gson/gson/2.2.4/gson-2.2.4.jar:/home/user/.m2/repository/com/jcraft/jsch/0.1.54/jsch-0.1.54.jar:/home/user/.m2/repository/org/apache/curator/curator-client/2.12.0/curator-client-2.12.0.jar:/home/user/.m2/repository/org/apache/curator/curator-recipes/2.12.0/curator-recipes-2.12.0.jar:/home/user/.m2/repository/com/google/code/findbugs/jsr305/3.0.0/jsr305-3.0.0.jar:/home/user/.m2/repository/org/apache/htrace/htrace-core4/4.1.0-incubating/htrace-core4-4.1.0-incubating.jar:/home/user/.m2/repository/org/apache/zookeeper/zookeeper/3.4.13/zookeeper-3.4.13.jar:/home/user/.m2/repository/jline/jline/0.9.94/jline-0.9.94.jar:/home/user/.m2/repository/org/apache/yetus/audience-annotations/0.5.0/audience-annotations-0.5.0.jar:/home/user/.m2/repository/org/codehaus/woodstox/stax2-api/3.1.4/stax2-api-3.1.4.jar:/home/user/.m2/repository/com/fasterxml/woodstox/woodstox-core/5.0.3/woodstox-core-5.0.3.jar:/home/user/.m2/repository/dnsjava/dnsjava/2.1.7/dnsjava-2.1.7.jar:/home/user/.m2/repository/org/apache/hadoop/hadoop-hdfs/3.2.0/hadoop-hdfs-3.2.0-tests.jar:/home/user/.m2/repository/org/eclipse/jetty/jetty-util-ajax/9.3.25.v20180904/jetty-util-ajax-9.3.25.v20180904.jar:/home/user/.m2/repository/commons-daemon/commons-daemon/1.0.13/commons-daemon-1.0.13.jar:/home/user/.m2/repository/io/netty/netty/3.10.5.Final/netty-3.10.5.Final.jar:/home/user/.m2/repository/io/netty/netty-all/4.0.52.Final/netty-all-4.0.52.Final.jar:/home/user/.m2/repository/org/fusesource/leveldbjni/leveldbjni-all/1.8/leveldbjni-all-1.8.jar:"/>
    <property name="sun.cpu.endian" value="little"/>
    <property name="user.home" value="/home/user"/>
    <property name="user.language" value="en"/>
    <property name="java.specification.vendor" value="Oracle Corporation"/>
    <property name="java.home" value="/usr/lib/jvm/java-1.8-openjdk/jre"/>
    <property name="java.security.krb5.conf" value="/workdir/hadoop-ozone/integration-test/target/test-classes/krb5.conf"/>
    <property name="basedir" value="/workdir/hadoop-ozone/integration-test"/>
    <property name="file.separator" value="/"/>
    <property name="line.separator" value="&#10;"/>
    <property name="java.vm.specification.vendor" value="Oracle Corporation"/>
    <property name="java.specification.name" value="Java Platform API Specification"/>
    <property name="java.awt.graphicsenv" value="sun.awt.X11GraphicsEnvironment"/>
    <property name="surefire.real.class.path" value="/workdir/hadoop-ozone/integration-test/target/surefire/surefirebooter8339897423011986621.jar"/>
    <property name="hadoop.log.dir" value="/workdir/hadoop-ozone/integration-test/target/log"/>
    <property name="sun.boot.class.path" value="/usr/lib/jvm/java-1.8-openjdk/jre/lib/resources.jar:/usr/lib/jvm/java-1.8-openjdk/jre/lib/rt.jar:/usr/lib/jvm/java-1.8-openjdk/jre/lib/sunrsasign.jar:/usr/lib/jvm/java-1.8-openjdk/jre/lib/jsse.jar:/usr/lib/jvm/java-1.8-openjdk/jre/lib/jce.jar:/usr/lib/jvm/java-1.8-openjdk/jre/lib/charsets.jar:/usr/lib/jvm/java-1.8-openjdk/jre/lib/jfr.jar:/usr/lib/jvm/java-1.8-openjdk/jre/classes"/>
    <property name="sun.management.compiler" value="HotSpot 64-Bit Tiered Compilers"/>
    <property name="java.runtime.version" value="1.8.0_212-b04"/>
    <property name="java.net.preferIPv4Stack" value="true"/>
    <property name="user.name" value="jenkins1000"/>
    <property name="path.separator" value=":"/>
    <property name="java.security.egd" value="file:///dev/urandom"/>
    <property name="os.version" value="3.10.0-957.12.2.el7.x86_64"/>
    <property name="java.endorsed.dirs" value="/usr/lib/jvm/java-1.8-openjdk/jre/lib/endorsed"/>
    <property name="java.runtime.name" value="OpenJDK Runtime Environment"/>
    <property name="file.encoding" value="UTF-8"/>
    <property name="java.vm.name" value="OpenJDK 64-Bit Server VM"/>
    <property name="test.build.webapps" value=""/>
    <property name="localRepository" value="/home/user/.m2/repository"/>
    <property name="java.vendor.url.bug" value="https://icedtea.classpath.org/bugzilla"/>
    <property name="java.io.tmpdir" value="/tmp"/>
    <property name="require.test.libhadoop" value=""/>
    <property name="java.version" value="1.8.0_212"/>
    <property name="user.dir" value="/workdir/hadoop-ozone/integration-test"/>
    <property name="os.arch" value="amd64"/>
    <property name="java.vm.specification.name" value="Java Virtual Machine Specification"/>
    <property name="test.build.classes" value="/workdir/hadoop-ozone/integration-test/target/test-classes"/>
    <property name="java.awt.printerjob" value="sun.print.PSPrinterJob"/>
    <property name="sun.os.patch.level" value="unknown"/>
    <property name="hadoop.tmp.dir" value="/workdir/hadoop-ozone/integration-test/target/tmp"/>
    <property name="java.library.path" value="/usr/lib/jvm/java-1.8-openjdk/jre/lib/amd64/server:/usr/lib/jvm/java-1.8-openjdk/jre/lib/amd64:/usr/lib/jvm/java-1.8-openjdk/jre/../lib/amd64:/workdir/hadoop-ozone/integration-test/target/native/target/usr/local/lib:/workdir/hadoop-ozone/integration-test/../../hadoop-common-project/hadoop-common/target/native/target/usr/local/lib:/usr/java/packages/lib/amd64:/usr/lib64:/lib64:/lib:/usr/lib"/>
    <property name="java.vm.info" value="mixed mode"/>
    <property name="java.vendor" value="IcedTea"/>
    <property name="java.vm.version" value="25.212-b04"/>
    <property name="java.ext.dirs" value="/usr/lib/jvm/java-1.8-openjdk/jre/lib/ext:/usr/java/packages/lib/ext"/>
    <property name="sun.io.unicode.encoding" value="UnicodeLittle"/>
    <property name="java.class.version" value="52.0"/>
  </properties>
  <testcase name="testWatchForCommitWithKeyWrite" classname="org.apache.hadoop.ozone.client.rpc.TestWatchForCommit" time="81.704"/>
  <testcase name="testWatchForCommitWithSmallerTimeoutValue" classname="org.apache.hadoop.ozone.client.rpc.TestWatchForCommit" time="44.178"/>
  <testcase name="testWatchForCommitForRetryfailure" classname="org.apache.hadoop.ozone.client.rpc.TestWatchForCommit" time="62.43">
    <failure type="java.lang.AssertionError">java.lang.AssertionError
	at org.junit.Assert.fail(Assert.java:86)
	at org.junit.Assert.assertTrue(Assert.java:41)
	at org.junit.Assert.assertTrue(Assert.java:52)
	at org.apache.hadoop.ozone.client.rpc.TestWatchForCommit.testWatchForCommitForRetryfailure(TestWatchForCommit.java:348)
	at sun.reflect.NativeMethodAccessorImpl.invoke0(Native Method)
	at sun.reflect.NativeMethodAccessorImpl.invoke(NativeMethodAccessorImpl.java:62)
	at sun.reflect.DelegatingMethodAccessorImpl.invoke(DelegatingMethodAccessorImpl.java:43)
	at java.lang.reflect.Method.invoke(Method.java:498)
	at org.junit.runners.model.FrameworkMethod$1.runReflectiveCall(FrameworkMethod.java:47)
	at org.junit.internal.runners.model.ReflectiveCallable.run(ReflectiveCallable.java:12)
	at org.junit.runners.model.FrameworkMethod.invokeExplosively(FrameworkMethod.java:44)
	at org.junit.internal.runners.statements.InvokeMethod.evaluate(InvokeMethod.java:17)
	at org.junit.runners.ParentRunner.runLeaf(ParentRunner.java:271)
	at org.junit.runners.BlockJUnit4ClassRunner.runChild(BlockJUnit4ClassRunner.java:70)
	at org.junit.runners.BlockJUnit4ClassRunner.runChild(BlockJUnit4ClassRunner.java:50)
	at org.junit.runners.ParentRunner$3.run(ParentRunner.java:238)
	at org.junit.runners.ParentRunner$1.schedule(ParentRunner.java:63)
	at org.junit.runners.ParentRunner.runChildren(ParentRunner.java:236)
	at org.junit.runners.ParentRunner.access$000(ParentRunner.java:53)
	at org.junit.runners.ParentRunner$2.evaluate(ParentRunner.java:229)
	at org.junit.runners.ParentRunner.run(ParentRunner.java:309)
	at org.apache.maven.surefire.junit4.JUnit4Provider.execute(JUnit4Provider.java:365)
	at org.apache.maven.surefire.junit4.JUnit4Provider.executeWithRerun(JUnit4Provider.java:273)
	at org.apache.maven.surefire.junit4.JUnit4Provider.executeTestSet(JUnit4Provider.java:238)
	at org.apache.maven.surefire.junit4.JUnit4Provider.invoke(JUnit4Provider.java:159)
	at org.apache.maven.surefire.booter.ForkedBooter.invokeProviderInSameClassLoader(ForkedBooter.java:384)
	at org.apache.maven.surefire.booter.ForkedBooter.runSuitesInProcess(ForkedBooter.java:345)
	at org.apache.maven.surefire.booter.ForkedBooter.execute(ForkedBooter.java:126)
	at org.apache.maven.surefire.booter.ForkedBooter.main(ForkedBooter.java:418)
</failure>
    <system-out><![CDATA[2019-10-07 08:26:53,067 [main] WARN  server.ServerUtils (ServerUtils.java:getScmDbDir(145)) - ozone.scm.db.dirs is not configured. We recommend adding this setting. Falling back to ozone.metadata.dirs instead.
2019-10-07 08:26:53,082 [main] WARN  server.ServerUtils (ServerUtils.java:getScmDbDir(145)) - ozone.scm.db.dirs is not configured. We recommend adding this setting. Falling back to ozone.metadata.dirs instead.
2019-10-07 08:26:53,082 [main] WARN  server.ServerUtils (ServerUtils.java:getScmDbDir(145)) - ozone.scm.db.dirs is not configured. We recommend adding this setting. Falling back to ozone.metadata.dirs instead.
2019-10-07 08:26:53,083 [main] INFO  db.DBStoreBuilder (DBStoreBuilder.java:addTable(117)) - using custom profile for table: deletedBlocks
2019-10-07 08:26:53,083 [main] INFO  db.DBStoreBuilder (DBStoreBuilder.java:processTables(168)) - Using default column profile:DBProfile.DISK for Table:deletedBlocks
2019-10-07 08:26:53,084 [main] INFO  db.DBStoreBuilder (DBStoreBuilder.java:addTable(117)) - using custom profile for table: validCerts
2019-10-07 08:26:53,084 [main] INFO  db.DBStoreBuilder (DBStoreBuilder.java:processTables(168)) - Using default column profile:DBProfile.DISK for Table:validCerts
2019-10-07 08:26:53,084 [main] INFO  db.DBStoreBuilder (DBStoreBuilder.java:addTable(117)) - using custom profile for table: revokedCerts
2019-10-07 08:26:53,084 [main] INFO  db.DBStoreBuilder (DBStoreBuilder.java:processTables(168)) - Using default column profile:DBProfile.DISK for Table:revokedCerts
2019-10-07 08:26:53,084 [main] INFO  db.DBStoreBuilder (DBStoreBuilder.java:addTable(117)) - using custom profile for table: default
2019-10-07 08:26:53,084 [main] INFO  db.DBStoreBuilder (DBStoreBuilder.java:processTables(174)) - Using default column profile:DBProfile.DISK for Table:default
2019-10-07 08:26:53,085 [main] INFO  db.DBStoreBuilder (DBStoreBuilder.java:getDbProfile(205)) - Using default options. DBProfile.DISK
2019-10-07 08:26:53,212 [main] INFO  net.NodeSchemaLoader (NodeSchemaLoader.java:loadSchemaFromFile(125)) - Loading file from sun.misc.CompoundEnumeration@67bf0480
2019-10-07 08:26:53,213 [main] INFO  net.NodeSchemaLoader (NodeSchemaLoader.java:loadSchema(171)) - Loading network topology layer schema file
2019-10-07 08:26:53,219 [main] WARN  server.ServerUtils (ServerUtils.java:sanitizeUserArgs(70)) - ozone.scm.stale.node.interval value = 300000 is larger than max = 100000 based on the key value of ozone.scm.heartbeat.thread.interval, reset to the max value 100000.
2019-10-07 08:26:53,219 [main] WARN  server.ServerUtils (ServerUtils.java:sanitizeUserArgs(70)) - ozone.scm.stale.node.interval value = 300000 is larger than max = 100000 based on the key value of ozone.scm.heartbeat.thread.interval, reset to the max value 100000.
2019-10-07 08:26:53,219 [main] INFO  node.SCMNodeManager (SCMNodeManager.java:<init>(116)) - Entering startup safe mode.
2019-10-07 08:26:53,220 [main] INFO  algorithms.ContainerPlacementPolicyFactory (ContainerPlacementPolicyFactory.java:getPolicy(57)) - Create container placement policy of type org.apache.hadoop.hdds.scm.container.placement.algorithms.SCMContainerPlacementRandom
2019-10-07 08:26:53,220 [main] WARN  server.ServerUtils (ServerUtils.java:getScmDbDir(145)) - ozone.scm.db.dirs is not configured. We recommend adding this setting. Falling back to ozone.metadata.dirs instead.
2019-10-07 08:26:53,268 [main] INFO  pipeline.SCMPipelineManager (SCMPipelineManager.java:initializePipelineState(132)) - No pipeline exists in current db
2019-10-07 08:26:53,268 [main] WARN  server.ServerUtils (ServerUtils.java:getScmDbDir(145)) - ozone.scm.db.dirs is not configured. We recommend adding this setting. Falling back to ozone.metadata.dirs instead.
2019-10-07 08:26:53,317 [main] WARN  events.EventQueue (EventQueue.java:fireEvent(183)) - No event handler registered for event TypedEvent{payloadType=SafeModeStatus, name='SafeModeStatus'}
2019-10-07 08:26:53,318 [main] INFO  ipc.CallQueueManager (CallQueueManager.java:<init>(84)) - Using callQueue: class java.util.concurrent.LinkedBlockingQueue, queueCapacity: 2000, scheduler: class org.apache.hadoop.ipc.DefaultRpcScheduler, ipcBackoff: false.
2019-10-07 08:26:53,319 [Socket Reader #1 for port 36601] INFO  ipc.Server (Server.java:run(1074)) - Starting Socket Reader #1 for port 36601
2019-10-07 08:26:53,320 [main] INFO  ipc.CallQueueManager (CallQueueManager.java:<init>(84)) - Using callQueue: class java.util.concurrent.LinkedBlockingQueue, queueCapacity: 2000, scheduler: class org.apache.hadoop.ipc.DefaultRpcScheduler, ipcBackoff: false.
2019-10-07 08:26:53,321 [Socket Reader #1 for port 43769] INFO  ipc.Server (Server.java:run(1074)) - Starting Socket Reader #1 for port 43769
2019-10-07 08:26:53,322 [main] INFO  ipc.CallQueueManager (CallQueueManager.java:<init>(84)) - Using callQueue: class java.util.concurrent.LinkedBlockingQueue, queueCapacity: 2000, scheduler: class org.apache.hadoop.ipc.DefaultRpcScheduler, ipcBackoff: false.
2019-10-07 08:26:53,323 [Socket Reader #1 for port 34066] INFO  ipc.Server (Server.java:run(1074)) - Starting Socket Reader #1 for port 34066
2019-10-07 08:26:53,325 [main] INFO  hdfs.DFSUtil (DFSUtil.java:httpServerTemplateForNNAndJN(1641)) - Starting Web-server for scm at: http://0.0.0.0:0
2019-10-07 08:26:53,327 [main] INFO  server.AuthenticationFilter (AuthenticationFilter.java:constructSecretProvider(240)) - Unable to initialize FileSignerSecretProvider, falling back to use random secrets.
2019-10-07 08:26:53,328 [main] WARN  http.HttpRequestLog (HttpRequestLog.java:getRequestLog(97)) - Jetty request log can only be enabled using Log4j
2019-10-07 08:26:53,331 [main] INFO  http.HttpServer2 (HttpServer2.java:addGlobalFilter(975)) - Added global filter 'safety' (class=org.apache.hadoop.http.HttpServer2$QuotingInputFilter)
2019-10-07 08:26:53,332 [main] INFO  http.HttpServer2 (HttpServer2.java:addFilter(948)) - Added filter static_user_filter (class=org.apache.hadoop.http.lib.StaticUserWebFilter$StaticUserFilter) to context scm
2019-10-07 08:26:53,332 [main] INFO  http.HttpServer2 (HttpServer2.java:addFilter(958)) - Added filter static_user_filter (class=org.apache.hadoop.http.lib.StaticUserWebFilter$StaticUserFilter) to context static
2019-10-07 08:26:53,332 [main] INFO  http.HttpServer2 (HttpServer2.java:addFilter(958)) - Added filter static_user_filter (class=org.apache.hadoop.http.lib.StaticUserWebFilter$StaticUserFilter) to context logs
2019-10-07 08:26:53,335 [main] INFO  server.StorageContainerManager (StorageContainerManager.java:start(770)) - StorageContainerLocationProtocol RPC server is listening at /0.0.0.0:34066
2019-10-07 08:26:53,338 [main] WARN  impl.MetricsConfig (MetricsConfig.java:loadFirst(134)) - Cannot locate configuration: tried hadoop-metrics2-storagecontainermanager.properties,hadoop-metrics2.properties
2019-10-07 08:26:53,339 [main] INFO  impl.MetricsSystemImpl (MetricsSystemImpl.java:startTimer(374)) - Scheduled Metric snapshot period at 10 second(s).
2019-10-07 08:26:53,340 [main] INFO  impl.MetricsSystemImpl (MetricsSystemImpl.java:start(191)) - StorageContainerManager metrics system started
2019-10-07 08:26:53,368 [main] INFO  lib.Interns (Interns.java:removeEldestEntry(50)) - Metrics intern cache overflow at 2011 for MetricsSystem={MetricsSystem=MetricsInfoImpl{name=MetricsSystem, description=MetricsSystem}, MetricsSystem record=MetricsInfoImpl{name=MetricsSystem, description=MetricsSystem record}}
2019-10-07 08:26:53,373 [main] WARN  impl.MetricsSystemImpl (MetricsSystemImpl.java:register(276)) - Sink prometheus already exists!
2019-10-07 08:26:53,416 [main] INFO  server.SCMClientProtocolServer (SCMClientProtocolServer.java:start(159)) - RPC server for Client  is listening at /0.0.0.0:34066
2019-10-07 08:26:53,416 [IPC Server Responder] INFO  ipc.Server (Server.java:run(1314)) - IPC Server Responder: starting
2019-10-07 08:26:53,417 [IPC Server listener on 34066] INFO  ipc.Server (Server.java:run(1153)) - IPC Server listener on 34066: starting
2019-10-07 08:26:53,420 [main] INFO  server.StorageContainerManager (StorageContainerManager.java:start(780)) - ScmBlockLocationProtocol RPC server is listening at /0.0.0.0:43769
2019-10-07 08:26:53,420 [main] INFO  server.SCMBlockProtocolServer (SCMBlockProtocolServer.java:start(146)) - RPC server for Block Protocol is listening at /0.0.0.0:43769
2019-10-07 08:26:53,421 [IPC Server Responder] INFO  ipc.Server (Server.java:run(1314)) - IPC Server Responder: starting
2019-10-07 08:26:53,421 [IPC Server listener on 43769] INFO  ipc.Server (Server.java:run(1153)) - IPC Server listener on 43769: starting
2019-10-07 08:26:53,425 [main] INFO  server.StorageContainerManager (StorageContainerManager.java:start(784)) - ScmDatanodeProtocl RPC server is listening at /0.0.0.0:36601
2019-10-07 08:26:53,425 [main] INFO  server.SCMDatanodeProtocolServer (SCMDatanodeProtocolServer.java:start(169)) - RPC server for DataNodes is listening at /0.0.0.0:36601
2019-10-07 08:26:53,426 [IPC Server Responder] INFO  ipc.Server (Server.java:run(1314)) - IPC Server Responder: starting
2019-10-07 08:26:53,426 [IPC Server listener on 36601] INFO  ipc.Server (Server.java:run(1153)) - IPC Server listener on 36601: starting
2019-10-07 08:26:53,430 [main] INFO  http.HttpServer2 (HttpServer2.java:bindListener(1191)) - Jetty bound to port 45354
2019-10-07 08:26:53,430 [main] INFO  server.Server (Server.java:doStart(351)) - jetty-9.3.25.v20180904, build timestamp: 2018-09-04T21:11:46Z, git hash: 3ce520221d0240229c862b122d2b06c12a625732
2019-10-07 08:26:53,431 [main] INFO  handler.ContextHandler (ContextHandler.java:doStart(781)) - Started o.e.j.s.ServletContextHandler@5b39a3e6{/logs,file:///workdir/hadoop-ozone/integration-test/target/log,AVAILABLE}
2019-10-07 08:26:53,432 [main] INFO  handler.ContextHandler (ContextHandler.java:doStart(781)) - Started o.e.j.s.ServletContextHandler@34208baa{/static,file:///workdir/hadoop-ozone/integration-test/target/test-classes/webapps/static,AVAILABLE}
2019-10-07 08:26:53,436 [main] INFO  handler.ContextHandler (ContextHandler.java:doStart(781)) - Started o.e.j.w.WebAppContext@4215e133{/,file:///workdir/hadoop-ozone/integration-test/target/test-classes/webapps/scm/,AVAILABLE}{/scm}
2019-10-07 08:26:53,436 [main] INFO  server.AbstractConnector (AbstractConnector.java:doStart(278)) - Started ServerConnector@5ccb85d6{HTTP/1.1,[http/1.1]}{0.0.0.0:45354}
2019-10-07 08:26:53,437 [main] INFO  server.Server (Server.java:doStart(419)) - Started @126698ms
2019-10-07 08:26:53,437 [main] WARN  impl.MetricsSystemImpl (MetricsSystemImpl.java:register(276)) - Sink prometheus already exists!
2019-10-07 08:26:53,438 [main] INFO  server.BaseHttpServer (BaseHttpServer.java:updateConnectorAddress(215)) - HTTP server of SCM is listening at http://0.0.0.0:45354
2019-10-07 08:26:53,439 [main] WARN  server.ServerUtils (ServerUtils.java:getDBPath(222)) - ozone.om.db.dirs is not configured. We recommend adding this setting. Falling back to ozone.metadata.dirs instead.
2019-10-07 08:26:53,439 [org.apache.hadoop.util.JvmPauseMonitor$Monitor@259b85d6] INFO  util.JvmPauseMonitor (JvmPauseMonitor.java:run(188)) - Starting JVM pause monitor
2019-10-07 08:26:53,462 [main] INFO  ha.OMHANodeDetails (OMHANodeDetails.java:loadOMHAConfig(190)) - Configuration either no ozone.om.address set. Falling back to the default OM address /127.0.0.1:0
2019-10-07 08:26:53,463 [main] INFO  ha.OMHANodeDetails (OMHANodeDetails.java:getOMNodeDetails(220)) - OM Service ID is not set. Setting it to the default ID: omServiceIdDefault
2019-10-07 08:26:53,463 [main] WARN  server.ServerUtils (ServerUtils.java:getDBPath(222)) - ozone.om.db.dirs is not configured. We recommend adding this setting. Falling back to ozone.metadata.dirs instead.
2019-10-07 08:26:53,463 [main] WARN  server.ServerUtils (ServerUtils.java:getDBPath(222)) - ozone.om.db.dirs is not configured. We recommend adding this setting. Falling back to ozone.metadata.dirs instead.
2019-10-07 08:26:53,469 [main] WARN  server.ServerUtils (ServerUtils.java:getDBPath(222)) - ozone.om.db.dirs is not configured. We recommend adding this setting. Falling back to ozone.metadata.dirs instead.
2019-10-07 08:26:53,470 [main] INFO  db.DBStoreBuilder (DBStoreBuilder.java:addTable(117)) - using custom profile for table: userTable
2019-10-07 08:26:53,470 [main] INFO  db.DBStoreBuilder (DBStoreBuilder.java:processTables(168)) - Using default column profile:DBProfile.DISK for Table:userTable
2019-10-07 08:26:53,470 [main] INFO  db.DBStoreBuilder (DBStoreBuilder.java:addTable(117)) - using custom profile for table: volumeTable
2019-10-07 08:26:53,470 [main] INFO  db.DBStoreBuilder (DBStoreBuilder.java:processTables(168)) - Using default column profile:DBProfile.DISK for Table:volumeTable
2019-10-07 08:26:53,470 [main] INFO  db.DBStoreBuilder (DBStoreBuilder.java:addTable(117)) - using custom profile for table: bucketTable
2019-10-07 08:26:53,470 [main] INFO  db.DBStoreBuilder (DBStoreBuilder.java:processTables(168)) - Using default column profile:DBProfile.DISK for Table:bucketTable
2019-10-07 08:26:53,471 [main] INFO  db.DBStoreBuilder (DBStoreBuilder.java:addTable(117)) - using custom profile for table: keyTable
2019-10-07 08:26:53,471 [main] INFO  db.DBStoreBuilder (DBStoreBuilder.java:processTables(168)) - Using default column profile:DBProfile.DISK for Table:keyTable
2019-10-07 08:26:53,471 [main] INFO  db.DBStoreBuilder (DBStoreBuilder.java:addTable(117)) - using custom profile for table: deletedTable
2019-10-07 08:26:53,471 [main] INFO  db.DBStoreBuilder (DBStoreBuilder.java:processTables(168)) - Using default column profile:DBProfile.DISK for Table:deletedTable
2019-10-07 08:26:53,472 [main] INFO  db.DBStoreBuilder (DBStoreBuilder.java:addTable(117)) - using custom profile for table: openKeyTable
2019-10-07 08:26:53,472 [main] INFO  db.DBStoreBuilder (DBStoreBuilder.java:processTables(168)) - Using default column profile:DBProfile.DISK for Table:openKeyTable
2019-10-07 08:26:53,472 [main] INFO  db.DBStoreBuilder (DBStoreBuilder.java:addTable(117)) - using custom profile for table: s3Table
2019-10-07 08:26:53,472 [main] INFO  db.DBStoreBuilder (DBStoreBuilder.java:processTables(168)) - Using default column profile:DBProfile.DISK for Table:s3Table
2019-10-07 08:26:53,472 [main] INFO  db.DBStoreBuilder (DBStoreBuilder.java:addTable(117)) - using custom profile for table: multipartInfoTable
2019-10-07 08:26:53,472 [main] INFO  db.DBStoreBuilder (DBStoreBuilder.java:processTables(168)) - Using default column profile:DBProfile.DISK for Table:multipartInfoTable
2019-10-07 08:26:53,473 [main] INFO  db.DBStoreBuilder (DBStoreBuilder.java:addTable(117)) - using custom profile for table: dTokenTable
2019-10-07 08:26:53,473 [main] INFO  db.DBStoreBuilder (DBStoreBuilder.java:processTables(168)) - Using default column profile:DBProfile.DISK for Table:dTokenTable
2019-10-07 08:26:53,473 [main] INFO  db.DBStoreBuilder (DBStoreBuilder.java:addTable(117)) - using custom profile for table: s3SecretTable
2019-10-07 08:26:53,473 [main] INFO  db.DBStoreBuilder (DBStoreBuilder.java:processTables(168)) - Using default column profile:DBProfile.DISK for Table:s3SecretTable
2019-10-07 08:26:53,473 [main] INFO  db.DBStoreBuilder (DBStoreBuilder.java:addTable(117)) - using custom profile for table: prefixTable
2019-10-07 08:26:53,473 [main] INFO  db.DBStoreBuilder (DBStoreBuilder.java:processTables(168)) - Using default column profile:DBProfile.DISK for Table:prefixTable
2019-10-07 08:26:53,474 [main] INFO  db.DBStoreBuilder (DBStoreBuilder.java:addTable(117)) - using custom profile for table: default
2019-10-07 08:26:53,474 [main] INFO  db.DBStoreBuilder (DBStoreBuilder.java:processTables(174)) - Using default column profile:DBProfile.DISK for Table:default
2019-10-07 08:26:53,474 [main] INFO  db.DBStoreBuilder (DBStoreBuilder.java:getDbProfile(205)) - Using default options. DBProfile.DISK
2019-10-07 08:26:54,278 [main] INFO  ipc.CallQueueManager (CallQueueManager.java:<init>(84)) - Using callQueue: class java.util.concurrent.LinkedBlockingQueue, queueCapacity: 2000, scheduler: class org.apache.hadoop.ipc.DefaultRpcScheduler, ipcBackoff: false.
2019-10-07 08:26:54,279 [Socket Reader #1 for port 34871] INFO  ipc.Server (Server.java:run(1074)) - Starting Socket Reader #1 for port 34871
2019-10-07 08:26:54,291 [main] INFO  om.OzoneManager (OzoneManager.java:start(1069)) - OzoneManager RPC server is listening at localhost/127.0.0.1:34871
2019-10-07 08:26:54,291 [main] INFO  impl.MetricsSystemImpl (MetricsSystemImpl.java:init(158)) - OzoneManager metrics system started (again)
2019-10-07 08:26:54,292 [IPC Server Responder] INFO  ipc.Server (Server.java:run(1314)) - IPC Server Responder: starting
2019-10-07 08:26:54,293 [IPC Server listener on 34871] INFO  ipc.Server (Server.java:run(1153)) - IPC Server listener on 34871: starting
2019-10-07 08:26:54,296 [main] INFO  hdfs.DFSUtil (DFSUtil.java:httpServerTemplateForNNAndJN(1641)) - Starting Web-server for ozoneManager at: http://0.0.0.0:0
2019-10-07 08:26:54,299 [main] INFO  server.AuthenticationFilter (AuthenticationFilter.java:constructSecretProvider(240)) - Unable to initialize FileSignerSecretProvider, falling back to use random secrets.
2019-10-07 08:26:54,299 [main] WARN  http.HttpRequestLog (HttpRequestLog.java:getRequestLog(97)) - Jetty request log can only be enabled using Log4j
2019-10-07 08:26:54,301 [main] INFO  http.HttpServer2 (HttpServer2.java:addGlobalFilter(975)) - Added global filter 'safety' (class=org.apache.hadoop.http.HttpServer2$QuotingInputFilter)
2019-10-07 08:26:54,302 [main] INFO  http.HttpServer2 (HttpServer2.java:addFilter(948)) - Added filter static_user_filter (class=org.apache.hadoop.http.lib.StaticUserWebFilter$StaticUserFilter) to context ozoneManager
2019-10-07 08:26:54,303 [main] INFO  http.HttpServer2 (HttpServer2.java:addFilter(958)) - Added filter static_user_filter (class=org.apache.hadoop.http.lib.StaticUserWebFilter$StaticUserFilter) to context logs
2019-10-07 08:26:54,303 [main] INFO  http.HttpServer2 (HttpServer2.java:addFilter(958)) - Added filter static_user_filter (class=org.apache.hadoop.http.lib.StaticUserWebFilter$StaticUserFilter) to context static
2019-10-07 08:26:54,304 [main] INFO  http.HttpServer2 (HttpServer2.java:bindListener(1191)) - Jetty bound to port 35892
2019-10-07 08:26:54,304 [main] INFO  server.Server (Server.java:doStart(351)) - jetty-9.3.25.v20180904, build timestamp: 2018-09-04T21:11:46Z, git hash: 3ce520221d0240229c862b122d2b06c12a625732
2019-10-07 08:26:54,306 [main] INFO  handler.ContextHandler (ContextHandler.java:doStart(781)) - Started o.e.j.s.ServletContextHandler@25be445f{/logs,file:///workdir/hadoop-ozone/integration-test/target/log,AVAILABLE}
2019-10-07 08:26:54,307 [main] INFO  handler.ContextHandler (ContextHandler.java:doStart(781)) - Started o.e.j.s.ServletContextHandler@6397248c{/static,file:///workdir/hadoop-ozone/integration-test/target/test-classes/webapps/static,AVAILABLE}
2019-10-07 08:26:54,313 [main] INFO  handler.ContextHandler (ContextHandler.java:doStart(781)) - Started o.e.j.w.WebAppContext@73fbdf68{/,file:///workdir/hadoop-ozone/integration-test/target/test-classes/webapps/ozoneManager/,AVAILABLE}{/ozoneManager}
2019-10-07 08:26:54,314 [main] INFO  server.AbstractConnector (AbstractConnector.java:doStart(278)) - Started ServerConnector@32f1fafe{HTTP/1.1,[http/1.1]}{0.0.0.0:35892}
2019-10-07 08:26:54,314 [main] INFO  server.Server (Server.java:doStart(419)) - Started @127575ms
2019-10-07 08:26:54,314 [main] WARN  impl.MetricsSystemImpl (MetricsSystemImpl.java:register(276)) - Sink prometheus already exists!
2019-10-07 08:26:54,315 [main] INFO  server.BaseHttpServer (BaseHttpServer.java:updateConnectorAddress(215)) - HTTP server of OZONEMANAGER is listening at http://0.0.0.0:35892
2019-10-07 08:26:54,337 [main] INFO  impl.MetricsSystemImpl (MetricsSystemImpl.java:init(158)) - HddsDatanode metrics system started (again)
2019-10-07 08:26:54,340 [main] INFO  ozone.HddsDatanodeService (HddsDatanodeService.java:start(184)) - HddsDatanodeService host:pr-hdds-2239-kl4xt-1424884434 ip:192.168.164.251
2019-10-07 08:26:54,346 [main] INFO  volume.HddsVolume (HddsVolume.java:<init>(176)) - Creating Volume: /workdir/hadoop-ozone/integration-test/target/test-dir/MiniOzoneClusterImpl-d54a6d23-2328-4b81-b655-03ce46b7ab19/datanode-0/data/containers/hdds of  storage type : DISK and capacity : 1482555576320
2019-10-07 08:26:54,346 [main] INFO  volume.VolumeSet (VolumeSet.java:initializeVolumeSet(170)) - Added Volume : /workdir/hadoop-ozone/integration-test/target/test-dir/MiniOzoneClusterImpl-d54a6d23-2328-4b81-b655-03ce46b7ab19/datanode-0/data/containers/hdds to VolumeSet
2019-10-07 08:26:54,346 [main] INFO  volume.ThrottledAsyncChecker (ThrottledAsyncChecker.java:schedule(139)) - Scheduling a check for org.apache.hadoop.ozone.container.common.volume.HddsVolume@52ea0269
2019-10-07 08:26:54,347 [main] INFO  volume.HddsVolumeChecker (HddsVolumeChecker.java:checkAllVolumes(202)) - Scheduled health check for volume org.apache.hadoop.ozone.container.common.volume.HddsVolume@52ea0269
2019-10-07 08:26:54,369 [main] INFO  impl.RaftServerProxy (ConfUtils.java:logGet(43)) - raft.rpc.type = GRPC (default)
2019-10-07 08:26:54,369 [main] INFO  grpc.GrpcFactory (GrpcFactory.java:checkPooledByteBufAllocatorUseCacheForAllThreads(45)) - PERFORMANCE WARNING: useCacheForAllThreads is true that may cause Netty to create a lot garbage objects and, as a result, trigger GC.
	It is recommended to disable useCacheForAllThreads by setting -Dorg.apache.ratis.thirdparty.io.netty.allocator.useCacheForAllThreads=false in command line.
2019-10-07 08:26:54,370 [main] INFO  grpc.GrpcConfigKeys$Server (ConfUtils.java:logGet(43)) - raft.grpc.server.port = 0 (default)
2019-10-07 08:26:54,370 [main] INFO  server.GrpcService (ConfUtils.java:logGet(43)) - raft.grpc.message.size.max = 33570816 (custom)
2019-10-07 08:26:54,370 [main] INFO  server.RaftServerConfigKeys (ConfUtils.java:logGet(43)) - raft.server.log.appender.buffer.byte-limit = 33554432 (custom)
2019-10-07 08:26:54,370 [main] INFO  server.GrpcService (ConfUtils.java:logGet(43)) - raft.grpc.flow.control.window = 1MB (=1048576) (default)
2019-10-07 08:26:54,371 [main] INFO  server.RaftServerConfigKeys (ConfUtils.java:logGet(43)) - raft.server.rpc.request.timeout = 3000ms (default)
2019-10-07 08:26:54,371 [main] INFO  server.RaftServerConfigKeys (ConfUtils.java:logGet(43)) - raft.server.storage.dir = [/workdir/hadoop-ozone/integration-test/target/test-dir/MiniOzoneClusterImpl-d54a6d23-2328-4b81-b655-03ce46b7ab19/datanode-0/data/ratis] (custom)
2019-10-07 08:26:54,373 [main] INFO  hdfs.DFSUtil (DFSUtil.java:httpServerTemplateForNNAndJN(1641)) - Starting Web-server for hddsDatanode at: http://0.0.0.0:0
2019-10-07 08:26:54,378 [main] INFO  server.AuthenticationFilter (AuthenticationFilter.java:constructSecretProvider(240)) - Unable to initialize FileSignerSecretProvider, falling back to use random secrets.
2019-10-07 08:26:54,379 [main] WARN  http.HttpRequestLog (HttpRequestLog.java:getRequestLog(97)) - Jetty request log can only be enabled using Log4j
2019-10-07 08:26:54,381 [main] INFO  http.HttpServer2 (HttpServer2.java:addGlobalFilter(975)) - Added global filter 'safety' (class=org.apache.hadoop.http.HttpServer2$QuotingInputFilter)
2019-10-07 08:26:54,382 [main] INFO  http.HttpServer2 (HttpServer2.java:addFilter(948)) - Added filter static_user_filter (class=org.apache.hadoop.http.lib.StaticUserWebFilter$StaticUserFilter) to context hddsDatanode
2019-10-07 08:26:54,382 [main] INFO  http.HttpServer2 (HttpServer2.java:addFilter(958)) - Added filter static_user_filter (class=org.apache.hadoop.http.lib.StaticUserWebFilter$StaticUserFilter) to context logs
2019-10-07 08:26:54,382 [main] INFO  http.HttpServer2 (HttpServer2.java:addFilter(958)) - Added filter static_user_filter (class=org.apache.hadoop.http.lib.StaticUserWebFilter$StaticUserFilter) to context static
2019-10-07 08:26:54,384 [main] INFO  http.HttpServer2 (HttpServer2.java:bindListener(1191)) - Jetty bound to port 38250
2019-10-07 08:26:54,384 [main] INFO  server.Server (Server.java:doStart(351)) - jetty-9.3.25.v20180904, build timestamp: 2018-09-04T21:11:46Z, git hash: 3ce520221d0240229c862b122d2b06c12a625732
2019-10-07 08:26:54,386 [main] INFO  handler.ContextHandler (ContextHandler.java:doStart(781)) - Started o.e.j.s.ServletContextHandler@7b25ab31{/logs,file:///workdir/hadoop-ozone/integration-test/target/log,AVAILABLE}
2019-10-07 08:26:54,387 [main] INFO  handler.ContextHandler (ContextHandler.java:doStart(781)) - Started o.e.j.s.ServletContextHandler@68ddd415{/static,jar:file:/home/user/.m2/repository/org/apache/hadoop/hadoop-hdds-container-service/0.5.0-SNAPSHOT/hadoop-hdds-container-service-0.5.0-SNAPSHOT.jar!/webapps/static,AVAILABLE}
2019-10-07 08:26:54,418 [main] INFO  handler.ContextHandler (ContextHandler.java:doStart(781)) - Started o.e.j.w.WebAppContext@3a479fda{/,file:///tmp/jetty-0.0.0.0-38250-hddsDatanode-_-any-8319420135547337411.dir/webapp/,AVAILABLE}{/hddsDatanode}
2019-10-07 08:26:54,419 [main] INFO  server.AbstractConnector (AbstractConnector.java:doStart(278)) - Started ServerConnector@8a6631b{HTTP/1.1,[http/1.1]}{0.0.0.0:38250}
2019-10-07 08:26:54,421 [main] INFO  server.Server (Server.java:doStart(419)) - Started @127682ms
2019-10-07 08:26:54,422 [main] WARN  impl.MetricsSystemImpl (MetricsSystemImpl.java:register(276)) - Sink prometheus already exists!
2019-10-07 08:26:54,422 [main] INFO  server.BaseHttpServer (BaseHttpServer.java:updateConnectorAddress(215)) - HTTP server of HDDSDATANODE is listening at http://0.0.0.0:38250
2019-10-07 08:26:54,423 [main] INFO  impl.MetricsSystemImpl (MetricsSystemImpl.java:init(158)) - HddsDatanode metrics system started (again)
2019-10-07 08:26:54,425 [org.apache.hadoop.util.JvmPauseMonitor$Monitor@58b92ea3] INFO  util.JvmPauseMonitor (JvmPauseMonitor.java:run(188)) - Starting JVM pause monitor
2019-10-07 08:26:54,426 [main] INFO  ozone.HddsDatanodeService (HddsDatanodeService.java:start(184)) - HddsDatanodeService host:pr-hdds-2239-kl4xt-1424884434 ip:192.168.164.251
2019-10-07 08:26:54,427 [Datanode State Machine Thread - 0] INFO  datanode.InitDatanodeState (InitDatanodeState.java:persistContainerDatanodeDetails(140)) - DatanodeDetails is persisted to /workdir/hadoop-ozone/integration-test/target/test-dir/MiniOzoneClusterImpl-d54a6d23-2328-4b81-b655-03ce46b7ab19/datanode-0/meta/datanode.id
2019-10-07 08:26:54,431 [main] INFO  volume.HddsVolume (HddsVolume.java:<init>(176)) - Creating Volume: /workdir/hadoop-ozone/integration-test/target/test-dir/MiniOzoneClusterImpl-d54a6d23-2328-4b81-b655-03ce46b7ab19/datanode-1/data/containers/hdds of  storage type : DISK and capacity : 1482555576320
2019-10-07 08:26:54,431 [main] INFO  volume.VolumeSet (VolumeSet.java:initializeVolumeSet(170)) - Added Volume : /workdir/hadoop-ozone/integration-test/target/test-dir/MiniOzoneClusterImpl-d54a6d23-2328-4b81-b655-03ce46b7ab19/datanode-1/data/containers/hdds to VolumeSet
2019-10-07 08:26:54,431 [main] INFO  volume.ThrottledAsyncChecker (ThrottledAsyncChecker.java:schedule(139)) - Scheduling a check for org.apache.hadoop.ozone.container.common.volume.HddsVolume@40709f9
2019-10-07 08:26:54,432 [main] INFO  volume.HddsVolumeChecker (HddsVolumeChecker.java:checkAllVolumes(202)) - Scheduled health check for volume org.apache.hadoop.ozone.container.common.volume.HddsVolume@40709f9
2019-10-07 08:26:54,445 [main] INFO  impl.RaftServerProxy (ConfUtils.java:logGet(43)) - raft.rpc.type = GRPC (default)
2019-10-07 08:26:54,446 [main] INFO  grpc.GrpcFactory (GrpcFactory.java:checkPooledByteBufAllocatorUseCacheForAllThreads(45)) - PERFORMANCE WARNING: useCacheForAllThreads is true that may cause Netty to create a lot garbage objects and, as a result, trigger GC.
	It is recommended to disable useCacheForAllThreads by setting -Dorg.apache.ratis.thirdparty.io.netty.allocator.useCacheForAllThreads=false in command line.
2019-10-07 08:26:54,446 [main] INFO  grpc.GrpcConfigKeys$Server (ConfUtils.java:logGet(43)) - raft.grpc.server.port = 0 (default)
2019-10-07 08:26:54,446 [main] INFO  server.GrpcService (ConfUtils.java:logGet(43)) - raft.grpc.message.size.max = 33570816 (custom)
2019-10-07 08:26:54,446 [main] INFO  server.RaftServerConfigKeys (ConfUtils.java:logGet(43)) - raft.server.log.appender.buffer.byte-limit = 33554432 (custom)
2019-10-07 08:26:54,446 [main] INFO  server.GrpcService (ConfUtils.java:logGet(43)) - raft.grpc.flow.control.window = 1MB (=1048576) (default)
2019-10-07 08:26:54,447 [main] INFO  server.RaftServerConfigKeys (ConfUtils.java:logGet(43)) - raft.server.rpc.request.timeout = 3000ms (default)
2019-10-07 08:26:54,447 [main] INFO  server.RaftServerConfigKeys (ConfUtils.java:logGet(43)) - raft.server.storage.dir = [/workdir/hadoop-ozone/integration-test/target/test-dir/MiniOzoneClusterImpl-d54a6d23-2328-4b81-b655-03ce46b7ab19/datanode-1/data/ratis] (custom)
2019-10-07 08:26:54,449 [main] INFO  hdfs.DFSUtil (DFSUtil.java:httpServerTemplateForNNAndJN(1641)) - Starting Web-server for hddsDatanode at: http://0.0.0.0:0
2019-10-07 08:26:54,451 [main] INFO  server.AuthenticationFilter (AuthenticationFilter.java:constructSecretProvider(240)) - Unable to initialize FileSignerSecretProvider, falling back to use random secrets.
2019-10-07 08:26:54,451 [main] WARN  http.HttpRequestLog (HttpRequestLog.java:getRequestLog(97)) - Jetty request log can only be enabled using Log4j
2019-10-07 08:26:54,453 [main] INFO  http.HttpServer2 (HttpServer2.java:addGlobalFilter(975)) - Added global filter 'safety' (class=org.apache.hadoop.http.HttpServer2$QuotingInputFilter)
2019-10-07 08:26:54,453 [main] INFO  http.HttpServer2 (HttpServer2.java:addFilter(948)) - Added filter static_user_filter (class=org.apache.hadoop.http.lib.StaticUserWebFilter$StaticUserFilter) to context hddsDatanode
2019-10-07 08:26:54,453 [main] INFO  http.HttpServer2 (HttpServer2.java:addFilter(958)) - Added filter static_user_filter (class=org.apache.hadoop.http.lib.StaticUserWebFilter$StaticUserFilter) to context static
2019-10-07 08:26:54,453 [main] INFO  http.HttpServer2 (HttpServer2.java:addFilter(958)) - Added filter static_user_filter (class=org.apache.hadoop.http.lib.StaticUserWebFilter$StaticUserFilter) to context logs
2019-10-07 08:26:54,454 [main] INFO  http.HttpServer2 (HttpServer2.java:bindListener(1191)) - Jetty bound to port 38403
2019-10-07 08:26:54,454 [main] INFO  server.Server (Server.java:doStart(351)) - jetty-9.3.25.v20180904, build timestamp: 2018-09-04T21:11:46Z, git hash: 3ce520221d0240229c862b122d2b06c12a625732
2019-10-07 08:26:54,456 [main] INFO  handler.ContextHandler (ContextHandler.java:doStart(781)) - Started o.e.j.s.ServletContextHandler@7412a438{/logs,file:///workdir/hadoop-ozone/integration-test/target/log,AVAILABLE}
2019-10-07 08:26:54,456 [main] INFO  handler.ContextHandler (ContextHandler.java:doStart(781)) - Started o.e.j.s.ServletContextHandler@3c952a33{/static,jar:file:/home/user/.m2/repository/org/apache/hadoop/hadoop-hdds-container-service/0.5.0-SNAPSHOT/hadoop-hdds-container-service-0.5.0-SNAPSHOT.jar!/webapps/static,AVAILABLE}
2019-10-07 08:26:54,485 [main] INFO  handler.ContextHandler (ContextHandler.java:doStart(781)) - Started o.e.j.w.WebAppContext@1903b5d{/,file:///tmp/jetty-0.0.0.0-38403-hddsDatanode-_-any-1642366611481058491.dir/webapp/,AVAILABLE}{/hddsDatanode}
2019-10-07 08:26:54,485 [main] INFO  server.AbstractConnector (AbstractConnector.java:doStart(278)) - Started ServerConnector@4041739c{HTTP/1.1,[http/1.1]}{0.0.0.0:38403}
2019-10-07 08:26:54,486 [main] INFO  server.Server (Server.java:doStart(419)) - Started @127747ms
2019-10-07 08:26:54,486 [main] WARN  impl.MetricsSystemImpl (MetricsSystemImpl.java:register(276)) - Sink prometheus already exists!
2019-10-07 08:26:54,487 [main] INFO  server.BaseHttpServer (BaseHttpServer.java:updateConnectorAddress(215)) - HTTP server of HDDSDATANODE is listening at http://0.0.0.0:38403
2019-10-07 08:26:54,487 [main] INFO  impl.MetricsSystemImpl (MetricsSystemImpl.java:init(158)) - HddsDatanode metrics system started (again)
2019-10-07 08:26:54,490 [org.apache.hadoop.util.JvmPauseMonitor$Monitor@1ee1f87d] INFO  util.JvmPauseMonitor (JvmPauseMonitor.java:run(188)) - Starting JVM pause monitor
2019-10-07 08:26:54,490 [main] INFO  ozone.HddsDatanodeService (HddsDatanodeService.java:start(184)) - HddsDatanodeService host:pr-hdds-2239-kl4xt-1424884434 ip:192.168.164.251
2019-10-07 08:26:54,493 [Datanode State Machine Thread - 0] INFO  datanode.InitDatanodeState (InitDatanodeState.java:persistContainerDatanodeDetails(140)) - DatanodeDetails is persisted to /workdir/hadoop-ozone/integration-test/target/test-dir/MiniOzoneClusterImpl-d54a6d23-2328-4b81-b655-03ce46b7ab19/datanode-1/meta/datanode.id
2019-10-07 08:26:54,495 [main] INFO  volume.HddsVolume (HddsVolume.java:<init>(176)) - Creating Volume: /workdir/hadoop-ozone/integration-test/target/test-dir/MiniOzoneClusterImpl-d54a6d23-2328-4b81-b655-03ce46b7ab19/datanode-2/data/containers/hdds of  storage type : DISK and capacity : 1482555576320
2019-10-07 08:26:54,495 [main] INFO  volume.VolumeSet (VolumeSet.java:initializeVolumeSet(170)) - Added Volume : /workdir/hadoop-ozone/integration-test/target/test-dir/MiniOzoneClusterImpl-d54a6d23-2328-4b81-b655-03ce46b7ab19/datanode-2/data/containers/hdds to VolumeSet
2019-10-07 08:26:54,495 [main] INFO  volume.ThrottledAsyncChecker (ThrottledAsyncChecker.java:schedule(139)) - Scheduling a check for org.apache.hadoop.ozone.container.common.volume.HddsVolume@5b202ff
2019-10-07 08:26:54,496 [main] INFO  volume.HddsVolumeChecker (HddsVolumeChecker.java:checkAllVolumes(202)) - Scheduled health check for volume org.apache.hadoop.ozone.container.common.volume.HddsVolume@5b202ff
2019-10-07 08:26:54,507 [main] INFO  impl.RaftServerProxy (ConfUtils.java:logGet(43)) - raft.rpc.type = GRPC (default)
2019-10-07 08:26:54,507 [main] INFO  grpc.GrpcFactory (GrpcFactory.java:checkPooledByteBufAllocatorUseCacheForAllThreads(45)) - PERFORMANCE WARNING: useCacheForAllThreads is true that may cause Netty to create a lot garbage objects and, as a result, trigger GC.
	It is recommended to disable useCacheForAllThreads by setting -Dorg.apache.ratis.thirdparty.io.netty.allocator.useCacheForAllThreads=false in command line.
2019-10-07 08:26:54,507 [main] INFO  grpc.GrpcConfigKeys$Server (ConfUtils.java:logGet(43)) - raft.grpc.server.port = 0 (default)
2019-10-07 08:26:54,508 [main] INFO  server.GrpcService (ConfUtils.java:logGet(43)) - raft.grpc.message.size.max = 33570816 (custom)
2019-10-07 08:26:54,508 [main] INFO  server.RaftServerConfigKeys (ConfUtils.java:logGet(43)) - raft.server.log.appender.buffer.byte-limit = 33554432 (custom)
2019-10-07 08:26:54,508 [main] INFO  server.GrpcService (ConfUtils.java:logGet(43)) - raft.grpc.flow.control.window = 1MB (=1048576) (default)
2019-10-07 08:26:54,508 [main] INFO  server.RaftServerConfigKeys (ConfUtils.java:logGet(43)) - raft.server.rpc.request.timeout = 3000ms (default)
2019-10-07 08:26:54,509 [main] INFO  server.RaftServerConfigKeys (ConfUtils.java:logGet(43)) - raft.server.storage.dir = [/workdir/hadoop-ozone/integration-test/target/test-dir/MiniOzoneClusterImpl-d54a6d23-2328-4b81-b655-03ce46b7ab19/datanode-2/data/ratis] (custom)
2019-10-07 08:26:54,510 [main] INFO  hdfs.DFSUtil (DFSUtil.java:httpServerTemplateForNNAndJN(1641)) - Starting Web-server for hddsDatanode at: http://0.0.0.0:0
2019-10-07 08:26:54,511 [main] INFO  server.AuthenticationFilter (AuthenticationFilter.java:constructSecretProvider(240)) - Unable to initialize FileSignerSecretProvider, falling back to use random secrets.
2019-10-07 08:26:54,511 [main] WARN  http.HttpRequestLog (HttpRequestLog.java:getRequestLog(97)) - Jetty request log can only be enabled using Log4j
2019-10-07 08:26:54,513 [main] INFO  http.HttpServer2 (HttpServer2.java:addGlobalFilter(975)) - Added global filter 'safety' (class=org.apache.hadoop.http.HttpServer2$QuotingInputFilter)
2019-10-07 08:26:54,513 [main] INFO  http.HttpServer2 (HttpServer2.java:addFilter(948)) - Added filter static_user_filter (class=org.apache.hadoop.http.lib.StaticUserWebFilter$StaticUserFilter) to context hddsDatanode
2019-10-07 08:26:54,513 [main] INFO  http.HttpServer2 (HttpServer2.java:addFilter(958)) - Added filter static_user_filter (class=org.apache.hadoop.http.lib.StaticUserWebFilter$StaticUserFilter) to context logs
2019-10-07 08:26:54,513 [main] INFO  http.HttpServer2 (HttpServer2.java:addFilter(958)) - Added filter static_user_filter (class=org.apache.hadoop.http.lib.StaticUserWebFilter$StaticUserFilter) to context static
2019-10-07 08:26:54,514 [main] INFO  http.HttpServer2 (HttpServer2.java:bindListener(1191)) - Jetty bound to port 45177
2019-10-07 08:26:54,514 [main] INFO  server.Server (Server.java:doStart(351)) - jetty-9.3.25.v20180904, build timestamp: 2018-09-04T21:11:46Z, git hash: 3ce520221d0240229c862b122d2b06c12a625732
2019-10-07 08:26:54,516 [main] INFO  handler.ContextHandler (ContextHandler.java:doStart(781)) - Started o.e.j.s.ServletContextHandler@4b8137c5{/logs,file:///workdir/hadoop-ozone/integration-test/target/log,AVAILABLE}
2019-10-07 08:26:54,517 [main] INFO  handler.ContextHandler (ContextHandler.java:doStart(781)) - Started o.e.j.s.ServletContextHandler@606a1bc4{/static,jar:file:/home/user/.m2/repository/org/apache/hadoop/hadoop-hdds-container-service/0.5.0-SNAPSHOT/hadoop-hdds-container-service-0.5.0-SNAPSHOT.jar!/webapps/static,AVAILABLE}
2019-10-07 08:26:54,551 [main] INFO  handler.ContextHandler (ContextHandler.java:doStart(781)) - Started o.e.j.w.WebAppContext@61bb1e4d{/,file:///tmp/jetty-0.0.0.0-45177-hddsDatanode-_-any-4266032877614607053.dir/webapp/,AVAILABLE}{/hddsDatanode}
2019-10-07 08:26:54,551 [main] INFO  server.AbstractConnector (AbstractConnector.java:doStart(278)) - Started ServerConnector@5c53f292{HTTP/1.1,[http/1.1]}{0.0.0.0:45177}
2019-10-07 08:26:54,553 [main] INFO  server.Server (Server.java:doStart(419)) - Started @127814ms
2019-10-07 08:26:54,553 [main] WARN  impl.MetricsSystemImpl (MetricsSystemImpl.java:register(276)) - Sink prometheus already exists!
2019-10-07 08:26:54,554 [main] INFO  server.BaseHttpServer (BaseHttpServer.java:updateConnectorAddress(215)) - HTTP server of HDDSDATANODE is listening at http://0.0.0.0:45177
2019-10-07 08:26:54,554 [main] INFO  impl.MetricsSystemImpl (MetricsSystemImpl.java:init(158)) - HddsDatanode metrics system started (again)
2019-10-07 08:26:54,556 [org.apache.hadoop.util.JvmPauseMonitor$Monitor@5eb0522a] INFO  util.JvmPauseMonitor (JvmPauseMonitor.java:run(188)) - Starting JVM pause monitor
2019-10-07 08:26:54,557 [main] INFO  ozone.HddsDatanodeService (HddsDatanodeService.java:start(184)) - HddsDatanodeService host:pr-hdds-2239-kl4xt-1424884434 ip:192.168.164.251
2019-10-07 08:26:54,558 [Datanode State Machine Thread - 0] INFO  datanode.InitDatanodeState (InitDatanodeState.java:persistContainerDatanodeDetails(140)) - DatanodeDetails is persisted to /workdir/hadoop-ozone/integration-test/target/test-dir/MiniOzoneClusterImpl-d54a6d23-2328-4b81-b655-03ce46b7ab19/datanode-2/meta/datanode.id
2019-10-07 08:26:54,562 [main] INFO  volume.HddsVolume (HddsVolume.java:<init>(176)) - Creating Volume: /workdir/hadoop-ozone/integration-test/target/test-dir/MiniOzoneClusterImpl-d54a6d23-2328-4b81-b655-03ce46b7ab19/datanode-3/data/containers/hdds of  storage type : DISK and capacity : 1482555576320
2019-10-07 08:26:54,562 [main] INFO  volume.VolumeSet (VolumeSet.java:initializeVolumeSet(170)) - Added Volume : /workdir/hadoop-ozone/integration-test/target/test-dir/MiniOzoneClusterImpl-d54a6d23-2328-4b81-b655-03ce46b7ab19/datanode-3/data/containers/hdds to VolumeSet
2019-10-07 08:26:54,563 [main] INFO  volume.ThrottledAsyncChecker (ThrottledAsyncChecker.java:schedule(139)) - Scheduling a check for org.apache.hadoop.ozone.container.common.volume.HddsVolume@5a7df831
2019-10-07 08:26:54,563 [main] INFO  volume.HddsVolumeChecker (HddsVolumeChecker.java:checkAllVolumes(202)) - Scheduled health check for volume org.apache.hadoop.ozone.container.common.volume.HddsVolume@5a7df831
2019-10-07 08:26:54,575 [main] INFO  impl.RaftServerProxy (ConfUtils.java:logGet(43)) - raft.rpc.type = GRPC (default)
2019-10-07 08:26:54,575 [main] INFO  grpc.GrpcFactory (GrpcFactory.java:checkPooledByteBufAllocatorUseCacheForAllThreads(45)) - PERFORMANCE WARNING: useCacheForAllThreads is true that may cause Netty to create a lot garbage objects and, as a result, trigger GC.
	It is recommended to disable useCacheForAllThreads by setting -Dorg.apache.ratis.thirdparty.io.netty.allocator.useCacheForAllThreads=false in command line.
2019-10-07 08:26:54,575 [main] INFO  grpc.GrpcConfigKeys$Server (ConfUtils.java:logGet(43)) - raft.grpc.server.port = 0 (default)
2019-10-07 08:26:54,575 [main] INFO  server.GrpcService (ConfUtils.java:logGet(43)) - raft.grpc.message.size.max = 33570816 (custom)
2019-10-07 08:26:54,576 [main] INFO  server.RaftServerConfigKeys (ConfUtils.java:logGet(43)) - raft.server.log.appender.buffer.byte-limit = 33554432 (custom)
2019-10-07 08:26:54,576 [main] INFO  server.GrpcService (ConfUtils.java:logGet(43)) - raft.grpc.flow.control.window = 1MB (=1048576) (default)
2019-10-07 08:26:54,576 [main] INFO  server.RaftServerConfigKeys (ConfUtils.java:logGet(43)) - raft.server.rpc.request.timeout = 3000ms (default)
2019-10-07 08:26:54,576 [main] INFO  server.RaftServerConfigKeys (ConfUtils.java:logGet(43)) - raft.server.storage.dir = [/workdir/hadoop-ozone/integration-test/target/test-dir/MiniOzoneClusterImpl-d54a6d23-2328-4b81-b655-03ce46b7ab19/datanode-3/data/ratis] (custom)
2019-10-07 08:26:54,578 [main] INFO  hdfs.DFSUtil (DFSUtil.java:httpServerTemplateForNNAndJN(1641)) - Starting Web-server for hddsDatanode at: http://0.0.0.0:0
2019-10-07 08:26:54,579 [main] INFO  server.AuthenticationFilter (AuthenticationFilter.java:constructSecretProvider(240)) - Unable to initialize FileSignerSecretProvider, falling back to use random secrets.
2019-10-07 08:26:54,579 [main] WARN  http.HttpRequestLog (HttpRequestLog.java:getRequestLog(97)) - Jetty request log can only be enabled using Log4j
2019-10-07 08:26:54,581 [main] INFO  http.HttpServer2 (HttpServer2.java:addGlobalFilter(975)) - Added global filter 'safety' (class=org.apache.hadoop.http.HttpServer2$QuotingInputFilter)
2019-10-07 08:26:54,581 [main] INFO  http.HttpServer2 (HttpServer2.java:addFilter(948)) - Added filter static_user_filter (class=org.apache.hadoop.http.lib.StaticUserWebFilter$StaticUserFilter) to context hddsDatanode
2019-10-07 08:26:54,581 [main] INFO  http.HttpServer2 (HttpServer2.java:addFilter(958)) - Added filter static_user_filter (class=org.apache.hadoop.http.lib.StaticUserWebFilter$StaticUserFilter) to context static
2019-10-07 08:26:54,581 [main] INFO  http.HttpServer2 (HttpServer2.java:addFilter(958)) - Added filter static_user_filter (class=org.apache.hadoop.http.lib.StaticUserWebFilter$StaticUserFilter) to context logs
2019-10-07 08:26:54,582 [main] INFO  http.HttpServer2 (HttpServer2.java:bindListener(1191)) - Jetty bound to port 37796
2019-10-07 08:26:54,582 [main] INFO  server.Server (Server.java:doStart(351)) - jetty-9.3.25.v20180904, build timestamp: 2018-09-04T21:11:46Z, git hash: 3ce520221d0240229c862b122d2b06c12a625732
2019-10-07 08:26:54,584 [main] INFO  handler.ContextHandler (ContextHandler.java:doStart(781)) - Started o.e.j.s.ServletContextHandler@58324c9f{/logs,file:///workdir/hadoop-ozone/integration-test/target/log,AVAILABLE}
2019-10-07 08:26:54,584 [main] INFO  handler.ContextHandler (ContextHandler.java:doStart(781)) - Started o.e.j.s.ServletContextHandler@6eb089e6{/static,jar:file:/home/user/.m2/repository/org/apache/hadoop/hadoop-hdds-container-service/0.5.0-SNAPSHOT/hadoop-hdds-container-service-0.5.0-SNAPSHOT.jar!/webapps/static,AVAILABLE}
2019-10-07 08:26:54,612 [main] INFO  handler.ContextHandler (ContextHandler.java:doStart(781)) - Started o.e.j.w.WebAppContext@15d0d6c9{/,file:///tmp/jetty-0.0.0.0-37796-hddsDatanode-_-any-4555904725430004655.dir/webapp/,AVAILABLE}{/hddsDatanode}
2019-10-07 08:26:54,613 [main] INFO  server.AbstractConnector (AbstractConnector.java:doStart(278)) - Started ServerConnector@3ab35b9c{HTTP/1.1,[http/1.1]}{0.0.0.0:37796}
2019-10-07 08:26:54,614 [main] INFO  server.Server (Server.java:doStart(419)) - Started @127875ms
2019-10-07 08:26:54,614 [main] WARN  impl.MetricsSystemImpl (MetricsSystemImpl.java:register(276)) - Sink prometheus already exists!
2019-10-07 08:26:54,615 [main] INFO  server.BaseHttpServer (BaseHttpServer.java:updateConnectorAddress(215)) - HTTP server of HDDSDATANODE is listening at http://0.0.0.0:37796
2019-10-07 08:26:54,615 [main] INFO  impl.MetricsSystemImpl (MetricsSystemImpl.java:init(158)) - HddsDatanode metrics system started (again)
2019-10-07 08:26:54,618 [org.apache.hadoop.util.JvmPauseMonitor$Monitor@3c1b3751] INFO  util.JvmPauseMonitor (JvmPauseMonitor.java:run(188)) - Starting JVM pause monitor
2019-10-07 08:26:54,619 [main] INFO  ozone.HddsDatanodeService (HddsDatanodeService.java:start(184)) - HddsDatanodeService host:pr-hdds-2239-kl4xt-1424884434 ip:192.168.164.251
2019-10-07 08:26:54,619 [Datanode State Machine Thread - 0] INFO  datanode.InitDatanodeState (InitDatanodeState.java:persistContainerDatanodeDetails(140)) - DatanodeDetails is persisted to /workdir/hadoop-ozone/integration-test/target/test-dir/MiniOzoneClusterImpl-d54a6d23-2328-4b81-b655-03ce46b7ab19/datanode-3/meta/datanode.id
2019-10-07 08:26:54,627 [main] INFO  volume.HddsVolume (HddsVolume.java:<init>(176)) - Creating Volume: /workdir/hadoop-ozone/integration-test/target/test-dir/MiniOzoneClusterImpl-d54a6d23-2328-4b81-b655-03ce46b7ab19/datanode-4/data/containers/hdds of  storage type : DISK and capacity : 1482555576320
2019-10-07 08:26:54,627 [main] INFO  volume.VolumeSet (VolumeSet.java:initializeVolumeSet(170)) - Added Volume : /workdir/hadoop-ozone/integration-test/target/test-dir/MiniOzoneClusterImpl-d54a6d23-2328-4b81-b655-03ce46b7ab19/datanode-4/data/containers/hdds to VolumeSet
2019-10-07 08:26:54,627 [main] INFO  volume.ThrottledAsyncChecker (ThrottledAsyncChecker.java:schedule(139)) - Scheduling a check for org.apache.hadoop.ozone.container.common.volume.HddsVolume@3a4aadf8
2019-10-07 08:26:54,628 [main] INFO  volume.HddsVolumeChecker (HddsVolumeChecker.java:checkAllVolumes(202)) - Scheduled health check for volume org.apache.hadoop.ozone.container.common.volume.HddsVolume@3a4aadf8
2019-10-07 08:26:54,639 [main] INFO  impl.RaftServerProxy (ConfUtils.java:logGet(43)) - raft.rpc.type = GRPC (default)
2019-10-07 08:26:54,639 [main] INFO  grpc.GrpcFactory (GrpcFactory.java:checkPooledByteBufAllocatorUseCacheForAllThreads(45)) - PERFORMANCE WARNING: useCacheForAllThreads is true that may cause Netty to create a lot garbage objects and, as a result, trigger GC.
	It is recommended to disable useCacheForAllThreads by setting -Dorg.apache.ratis.thirdparty.io.netty.allocator.useCacheForAllThreads=false in command line.
2019-10-07 08:26:54,640 [main] INFO  grpc.GrpcConfigKeys$Server (ConfUtils.java:logGet(43)) - raft.grpc.server.port = 0 (default)
2019-10-07 08:26:54,640 [main] INFO  server.GrpcService (ConfUtils.java:logGet(43)) - raft.grpc.message.size.max = 33570816 (custom)
2019-10-07 08:26:54,640 [main] INFO  server.RaftServerConfigKeys (ConfUtils.java:logGet(43)) - raft.server.log.appender.buffer.byte-limit = 33554432 (custom)
2019-10-07 08:26:54,640 [main] INFO  server.GrpcService (ConfUtils.java:logGet(43)) - raft.grpc.flow.control.window = 1MB (=1048576) (default)
2019-10-07 08:26:54,640 [main] INFO  server.RaftServerConfigKeys (ConfUtils.java:logGet(43)) - raft.server.rpc.request.timeout = 3000ms (default)
2019-10-07 08:26:54,641 [main] INFO  server.RaftServerConfigKeys (ConfUtils.java:logGet(43)) - raft.server.storage.dir = [/workdir/hadoop-ozone/integration-test/target/test-dir/MiniOzoneClusterImpl-d54a6d23-2328-4b81-b655-03ce46b7ab19/datanode-4/data/ratis] (custom)
2019-10-07 08:26:54,642 [main] INFO  hdfs.DFSUtil (DFSUtil.java:httpServerTemplateForNNAndJN(1641)) - Starting Web-server for hddsDatanode at: http://0.0.0.0:0
2019-10-07 08:26:54,643 [main] INFO  server.AuthenticationFilter (AuthenticationFilter.java:constructSecretProvider(240)) - Unable to initialize FileSignerSecretProvider, falling back to use random secrets.
2019-10-07 08:26:54,644 [main] WARN  http.HttpRequestLog (HttpRequestLog.java:getRequestLog(97)) - Jetty request log can only be enabled using Log4j
2019-10-07 08:26:54,645 [main] INFO  http.HttpServer2 (HttpServer2.java:addGlobalFilter(975)) - Added global filter 'safety' (class=org.apache.hadoop.http.HttpServer2$QuotingInputFilter)
2019-10-07 08:26:54,646 [main] INFO  http.HttpServer2 (HttpServer2.java:addFilter(948)) - Added filter static_user_filter (class=org.apache.hadoop.http.lib.StaticUserWebFilter$StaticUserFilter) to context hddsDatanode
2019-10-07 08:26:54,646 [main] INFO  http.HttpServer2 (HttpServer2.java:addFilter(958)) - Added filter static_user_filter (class=org.apache.hadoop.http.lib.StaticUserWebFilter$StaticUserFilter) to context static
2019-10-07 08:26:54,646 [main] INFO  http.HttpServer2 (HttpServer2.java:addFilter(958)) - Added filter static_user_filter (class=org.apache.hadoop.http.lib.StaticUserWebFilter$StaticUserFilter) to context logs
2019-10-07 08:26:54,647 [main] INFO  http.HttpServer2 (HttpServer2.java:bindListener(1191)) - Jetty bound to port 43968
2019-10-07 08:26:54,647 [main] INFO  server.Server (Server.java:doStart(351)) - jetty-9.3.25.v20180904, build timestamp: 2018-09-04T21:11:46Z, git hash: 3ce520221d0240229c862b122d2b06c12a625732
2019-10-07 08:26:54,648 [main] INFO  handler.ContextHandler (ContextHandler.java:doStart(781)) - Started o.e.j.s.ServletContextHandler@60cb1ed6{/logs,file:///workdir/hadoop-ozone/integration-test/target/log,AVAILABLE}
2019-10-07 08:26:54,649 [main] INFO  handler.ContextHandler (ContextHandler.java:doStart(781)) - Started o.e.j.s.ServletContextHandler@4538856f{/static,jar:file:/home/user/.m2/repository/org/apache/hadoop/hadoop-hdds-container-service/0.5.0-SNAPSHOT/hadoop-hdds-container-service-0.5.0-SNAPSHOT.jar!/webapps/static,AVAILABLE}
2019-10-07 08:26:54,675 [main] INFO  handler.ContextHandler (ContextHandler.java:doStart(781)) - Started o.e.j.w.WebAppContext@32091c14{/,file:///tmp/jetty-0.0.0.0-43968-hddsDatanode-_-any-4032520670532256219.dir/webapp/,AVAILABLE}{/hddsDatanode}
2019-10-07 08:26:54,676 [main] INFO  server.AbstractConnector (AbstractConnector.java:doStart(278)) - Started ServerConnector@7c40ffef{HTTP/1.1,[http/1.1]}{0.0.0.0:43968}
2019-10-07 08:26:54,677 [main] INFO  server.Server (Server.java:doStart(419)) - Started @127938ms
2019-10-07 08:26:54,677 [main] WARN  impl.MetricsSystemImpl (MetricsSystemImpl.java:register(276)) - Sink prometheus already exists!
2019-10-07 08:26:54,678 [main] INFO  server.BaseHttpServer (BaseHttpServer.java:updateConnectorAddress(215)) - HTTP server of HDDSDATANODE is listening at http://0.0.0.0:43968
2019-10-07 08:26:54,678 [main] INFO  impl.MetricsSystemImpl (MetricsSystemImpl.java:init(158)) - HddsDatanode metrics system started (again)
2019-10-07 08:26:54,683 [org.apache.hadoop.util.JvmPauseMonitor$Monitor@b5547fc] INFO  util.JvmPauseMonitor (JvmPauseMonitor.java:run(188)) - Starting JVM pause monitor
2019-10-07 08:26:54,684 [Datanode State Machine Thread - 0] INFO  datanode.InitDatanodeState (InitDatanodeState.java:persistContainerDatanodeDetails(140)) - DatanodeDetails is persisted to /workdir/hadoop-ozone/integration-test/target/test-dir/MiniOzoneClusterImpl-d54a6d23-2328-4b81-b655-03ce46b7ab19/datanode-4/meta/datanode.id
2019-10-07 08:26:54,684 [main] INFO  ozone.HddsDatanodeService (HddsDatanodeService.java:start(184)) - HddsDatanodeService host:pr-hdds-2239-kl4xt-1424884434 ip:192.168.164.251
2019-10-07 08:26:54,691 [main] INFO  volume.HddsVolume (HddsVolume.java:<init>(176)) - Creating Volume: /workdir/hadoop-ozone/integration-test/target/test-dir/MiniOzoneClusterImpl-d54a6d23-2328-4b81-b655-03ce46b7ab19/datanode-5/data/containers/hdds of  storage type : DISK and capacity : 1482555576320
2019-10-07 08:26:54,691 [main] INFO  volume.VolumeSet (VolumeSet.java:initializeVolumeSet(170)) - Added Volume : /workdir/hadoop-ozone/integration-test/target/test-dir/MiniOzoneClusterImpl-d54a6d23-2328-4b81-b655-03ce46b7ab19/datanode-5/data/containers/hdds to VolumeSet
2019-10-07 08:26:54,691 [main] INFO  volume.ThrottledAsyncChecker (ThrottledAsyncChecker.java:schedule(139)) - Scheduling a check for org.apache.hadoop.ozone.container.common.volume.HddsVolume@7e87ef9e
2019-10-07 08:26:54,692 [main] INFO  volume.HddsVolumeChecker (HddsVolumeChecker.java:checkAllVolumes(202)) - Scheduled health check for volume org.apache.hadoop.ozone.container.common.volume.HddsVolume@7e87ef9e
2019-10-07 08:26:54,711 [main] INFO  impl.RaftServerProxy (ConfUtils.java:logGet(43)) - raft.rpc.type = GRPC (default)
2019-10-07 08:26:54,712 [main] INFO  grpc.GrpcFactory (GrpcFactory.java:checkPooledByteBufAllocatorUseCacheForAllThreads(45)) - PERFORMANCE WARNING: useCacheForAllThreads is true that may cause Netty to create a lot garbage objects and, as a result, trigger GC.
	It is recommended to disable useCacheForAllThreads by setting -Dorg.apache.ratis.thirdparty.io.netty.allocator.useCacheForAllThreads=false in command line.
2019-10-07 08:26:54,712 [main] INFO  grpc.GrpcConfigKeys$Server (ConfUtils.java:logGet(43)) - raft.grpc.server.port = 0 (default)
2019-10-07 08:26:54,712 [main] INFO  server.GrpcService (ConfUtils.java:logGet(43)) - raft.grpc.message.size.max = 33570816 (custom)
2019-10-07 08:26:54,713 [main] INFO  server.RaftServerConfigKeys (ConfUtils.java:logGet(43)) - raft.server.log.appender.buffer.byte-limit = 33554432 (custom)
2019-10-07 08:26:54,713 [main] INFO  server.GrpcService (ConfUtils.java:logGet(43)) - raft.grpc.flow.control.window = 1MB (=1048576) (default)
2019-10-07 08:26:54,713 [main] INFO  server.RaftServerConfigKeys (ConfUtils.java:logGet(43)) - raft.server.rpc.request.timeout = 3000ms (default)
2019-10-07 08:26:54,714 [main] INFO  server.RaftServerConfigKeys (ConfUtils.java:logGet(43)) - raft.server.storage.dir = [/workdir/hadoop-ozone/integration-test/target/test-dir/MiniOzoneClusterImpl-d54a6d23-2328-4b81-b655-03ce46b7ab19/datanode-5/data/ratis] (custom)
2019-10-07 08:26:54,716 [main] INFO  hdfs.DFSUtil (DFSUtil.java:httpServerTemplateForNNAndJN(1641)) - Starting Web-server for hddsDatanode at: http://0.0.0.0:0
2019-10-07 08:26:54,717 [main] INFO  server.AuthenticationFilter (AuthenticationFilter.java:constructSecretProvider(240)) - Unable to initialize FileSignerSecretProvider, falling back to use random secrets.
2019-10-07 08:26:54,718 [main] WARN  http.HttpRequestLog (HttpRequestLog.java:getRequestLog(97)) - Jetty request log can only be enabled using Log4j
2019-10-07 08:26:54,720 [main] INFO  http.HttpServer2 (HttpServer2.java:addGlobalFilter(975)) - Added global filter 'safety' (class=org.apache.hadoop.http.HttpServer2$QuotingInputFilter)
2019-10-07 08:26:54,720 [main] INFO  http.HttpServer2 (HttpServer2.java:addFilter(948)) - Added filter static_user_filter (class=org.apache.hadoop.http.lib.StaticUserWebFilter$StaticUserFilter) to context hddsDatanode
2019-10-07 08:26:54,721 [main] INFO  http.HttpServer2 (HttpServer2.java:addFilter(958)) - Added filter static_user_filter (class=org.apache.hadoop.http.lib.StaticUserWebFilter$StaticUserFilter) to context static
2019-10-07 08:26:54,721 [main] INFO  http.HttpServer2 (HttpServer2.java:addFilter(958)) - Added filter static_user_filter (class=org.apache.hadoop.http.lib.StaticUserWebFilter$StaticUserFilter) to context logs
2019-10-07 08:26:54,722 [main] INFO  http.HttpServer2 (HttpServer2.java:bindListener(1191)) - Jetty bound to port 35817
2019-10-07 08:26:54,722 [main] INFO  server.Server (Server.java:doStart(351)) - jetty-9.3.25.v20180904, build timestamp: 2018-09-04T21:11:46Z, git hash: 3ce520221d0240229c862b122d2b06c12a625732
2019-10-07 08:26:54,724 [main] INFO  handler.ContextHandler (ContextHandler.java:doStart(781)) - Started o.e.j.s.ServletContextHandler@766a52f5{/logs,file:///workdir/hadoop-ozone/integration-test/target/log,AVAILABLE}
2019-10-07 08:26:54,724 [main] INFO  handler.ContextHandler (ContextHandler.java:doStart(781)) - Started o.e.j.s.ServletContextHandler@2ba1209b{/static,jar:file:/home/user/.m2/repository/org/apache/hadoop/hadoop-hdds-container-service/0.5.0-SNAPSHOT/hadoop-hdds-container-service-0.5.0-SNAPSHOT.jar!/webapps/static,AVAILABLE}
2019-10-07 08:26:54,767 [main] INFO  handler.ContextHandler (ContextHandler.java:doStart(781)) - Started o.e.j.w.WebAppContext@7f4596d0{/,file:///tmp/jetty-0.0.0.0-35817-hddsDatanode-_-any-2094250057504281205.dir/webapp/,AVAILABLE}{/hddsDatanode}
2019-10-07 08:26:54,767 [main] INFO  server.AbstractConnector (AbstractConnector.java:doStart(278)) - Started ServerConnector@6002e944{HTTP/1.1,[http/1.1]}{0.0.0.0:35817}
2019-10-07 08:26:54,769 [main] INFO  server.Server (Server.java:doStart(419)) - Started @128030ms
2019-10-07 08:26:54,769 [main] WARN  impl.MetricsSystemImpl (MetricsSystemImpl.java:register(276)) - Sink prometheus already exists!
2019-10-07 08:26:54,770 [main] INFO  server.BaseHttpServer (BaseHttpServer.java:updateConnectorAddress(215)) - HTTP server of HDDSDATANODE is listening at http://0.0.0.0:35817
2019-10-07 08:26:54,770 [main] INFO  impl.MetricsSystemImpl (MetricsSystemImpl.java:init(158)) - HddsDatanode metrics system started (again)
2019-10-07 08:26:54,774 [org.apache.hadoop.util.JvmPauseMonitor$Monitor@2b436ef] INFO  util.JvmPauseMonitor (JvmPauseMonitor.java:run(188)) - Starting JVM pause monitor
2019-10-07 08:26:54,775 [main] INFO  ozone.HddsDatanodeService (HddsDatanodeService.java:start(184)) - HddsDatanodeService host:pr-hdds-2239-kl4xt-1424884434 ip:192.168.164.251
2019-10-07 08:26:54,776 [Datanode State Machine Thread - 0] INFO  datanode.InitDatanodeState (InitDatanodeState.java:persistContainerDatanodeDetails(140)) - DatanodeDetails is persisted to /workdir/hadoop-ozone/integration-test/target/test-dir/MiniOzoneClusterImpl-d54a6d23-2328-4b81-b655-03ce46b7ab19/datanode-5/meta/datanode.id
2019-10-07 08:26:54,782 [main] INFO  volume.HddsVolume (HddsVolume.java:<init>(176)) - Creating Volume: /workdir/hadoop-ozone/integration-test/target/test-dir/MiniOzoneClusterImpl-d54a6d23-2328-4b81-b655-03ce46b7ab19/datanode-6/data/containers/hdds of  storage type : DISK and capacity : 1482555576320
2019-10-07 08:26:54,782 [main] INFO  volume.VolumeSet (VolumeSet.java:initializeVolumeSet(170)) - Added Volume : /workdir/hadoop-ozone/integration-test/target/test-dir/MiniOzoneClusterImpl-d54a6d23-2328-4b81-b655-03ce46b7ab19/datanode-6/data/containers/hdds to VolumeSet
2019-10-07 08:26:54,782 [main] INFO  volume.ThrottledAsyncChecker (ThrottledAsyncChecker.java:schedule(139)) - Scheduling a check for org.apache.hadoop.ozone.container.common.volume.HddsVolume@2f20f7ad
2019-10-07 08:26:54,783 [main] INFO  volume.HddsVolumeChecker (HddsVolumeChecker.java:checkAllVolumes(202)) - Scheduled health check for volume org.apache.hadoop.ozone.container.common.volume.HddsVolume@2f20f7ad
2019-10-07 08:26:54,797 [main] INFO  impl.RaftServerProxy (ConfUtils.java:logGet(43)) - raft.rpc.type = GRPC (default)
2019-10-07 08:26:54,798 [main] INFO  grpc.GrpcFactory (GrpcFactory.java:checkPooledByteBufAllocatorUseCacheForAllThreads(45)) - PERFORMANCE WARNING: useCacheForAllThreads is true that may cause Netty to create a lot garbage objects and, as a result, trigger GC.
	It is recommended to disable useCacheForAllThreads by setting -Dorg.apache.ratis.thirdparty.io.netty.allocator.useCacheForAllThreads=false in command line.
2019-10-07 08:26:54,798 [main] INFO  grpc.GrpcConfigKeys$Server (ConfUtils.java:logGet(43)) - raft.grpc.server.port = 0 (default)
2019-10-07 08:26:54,798 [main] INFO  server.GrpcService (ConfUtils.java:logGet(43)) - raft.grpc.message.size.max = 33570816 (custom)
2019-10-07 08:26:54,798 [main] INFO  server.RaftServerConfigKeys (ConfUtils.java:logGet(43)) - raft.server.log.appender.buffer.byte-limit = 33554432 (custom)
2019-10-07 08:26:54,798 [main] INFO  server.GrpcService (ConfUtils.java:logGet(43)) - raft.grpc.flow.control.window = 1MB (=1048576) (default)
2019-10-07 08:26:54,799 [main] INFO  server.RaftServerConfigKeys (ConfUtils.java:logGet(43)) - raft.server.rpc.request.timeout = 3000ms (default)
2019-10-07 08:26:54,799 [main] INFO  server.RaftServerConfigKeys (ConfUtils.java:logGet(43)) - raft.server.storage.dir = [/workdir/hadoop-ozone/integration-test/target/test-dir/MiniOzoneClusterImpl-d54a6d23-2328-4b81-b655-03ce46b7ab19/datanode-6/data/ratis] (custom)
2019-10-07 08:26:54,801 [main] INFO  hdfs.DFSUtil (DFSUtil.java:httpServerTemplateForNNAndJN(1641)) - Starting Web-server for hddsDatanode at: http://0.0.0.0:0
2019-10-07 08:26:54,802 [main] INFO  server.AuthenticationFilter (AuthenticationFilter.java:constructSecretProvider(240)) - Unable to initialize FileSignerSecretProvider, falling back to use random secrets.
2019-10-07 08:26:54,802 [main] WARN  http.HttpRequestLog (HttpRequestLog.java:getRequestLog(97)) - Jetty request log can only be enabled using Log4j
2019-10-07 08:26:54,805 [main] INFO  http.HttpServer2 (HttpServer2.java:addGlobalFilter(975)) - Added global filter 'safety' (class=org.apache.hadoop.http.HttpServer2$QuotingInputFilter)
2019-10-07 08:26:54,806 [main] INFO  http.HttpServer2 (HttpServer2.java:addFilter(948)) - Added filter static_user_filter (class=org.apache.hadoop.http.lib.StaticUserWebFilter$StaticUserFilter) to context hddsDatanode
2019-10-07 08:26:54,806 [main] INFO  http.HttpServer2 (HttpServer2.java:addFilter(958)) - Added filter static_user_filter (class=org.apache.hadoop.http.lib.StaticUserWebFilter$StaticUserFilter) to context static
2019-10-07 08:26:54,806 [main] INFO  http.HttpServer2 (HttpServer2.java:addFilter(958)) - Added filter static_user_filter (class=org.apache.hadoop.http.lib.StaticUserWebFilter$StaticUserFilter) to context logs
2019-10-07 08:26:54,807 [main] INFO  http.HttpServer2 (HttpServer2.java:bindListener(1191)) - Jetty bound to port 33414
2019-10-07 08:26:54,807 [main] INFO  server.Server (Server.java:doStart(351)) - jetty-9.3.25.v20180904, build timestamp: 2018-09-04T21:11:46Z, git hash: 3ce520221d0240229c862b122d2b06c12a625732
2019-10-07 08:26:54,814 [main] INFO  handler.ContextHandler (ContextHandler.java:doStart(781)) - Started o.e.j.s.ServletContextHandler@38d80d65{/logs,file:///workdir/hadoop-ozone/integration-test/target/log,AVAILABLE}
2019-10-07 08:26:54,815 [main] INFO  handler.ContextHandler (ContextHandler.java:doStart(781)) - Started o.e.j.s.ServletContextHandler@5a0e0886{/static,jar:file:/home/user/.m2/repository/org/apache/hadoop/hadoop-hdds-container-service/0.5.0-SNAPSHOT/hadoop-hdds-container-service-0.5.0-SNAPSHOT.jar!/webapps/static,AVAILABLE}
2019-10-07 08:26:54,844 [main] INFO  handler.ContextHandler (ContextHandler.java:doStart(781)) - Started o.e.j.w.WebAppContext@2db6d68d{/,file:///tmp/jetty-0.0.0.0-33414-hddsDatanode-_-any-4856726746296617208.dir/webapp/,AVAILABLE}{/hddsDatanode}
2019-10-07 08:26:54,845 [main] INFO  server.AbstractConnector (AbstractConnector.java:doStart(278)) - Started ServerConnector@6518fdfd{HTTP/1.1,[http/1.1]}{0.0.0.0:33414}
2019-10-07 08:26:54,847 [main] INFO  server.Server (Server.java:doStart(419)) - Started @128108ms
2019-10-07 08:26:54,847 [main] WARN  impl.MetricsSystemImpl (MetricsSystemImpl.java:register(276)) - Sink prometheus already exists!
2019-10-07 08:26:54,848 [main] INFO  server.BaseHttpServer (BaseHttpServer.java:updateConnectorAddress(215)) - HTTP server of HDDSDATANODE is listening at http://0.0.0.0:33414
2019-10-07 08:26:54,849 [main] INFO  ozone.MiniOzoneClusterImpl (MiniOzoneClusterImpl.java:lambda$waitForClusterToBeReady$0(147)) - Waiting for cluster to be ready. Got 0 of 7 DN Heartbeats.
2019-10-07 08:26:54,850 [org.apache.hadoop.util.JvmPauseMonitor$Monitor@5a4cf01e] INFO  util.JvmPauseMonitor (JvmPauseMonitor.java:run(188)) - Starting JVM pause monitor
2019-10-07 08:26:54,851 [Datanode State Machine Thread - 0] INFO  datanode.InitDatanodeState (InitDatanodeState.java:persistContainerDatanodeDetails(140)) - DatanodeDetails is persisted to /workdir/hadoop-ozone/integration-test/target/test-dir/MiniOzoneClusterImpl-d54a6d23-2328-4b81-b655-03ce46b7ab19/datanode-6/meta/datanode.id
2019-10-07 08:26:55,849 [main] INFO  ozone.MiniOzoneClusterImpl (MiniOzoneClusterImpl.java:lambda$waitForClusterToBeReady$0(147)) - Waiting for cluster to be ready. Got 0 of 7 DN Heartbeats.
2019-10-07 08:26:56,457 [Datanode State Machine Thread - 0] INFO  ozoneimpl.OzoneContainer (OzoneContainer.java:start(217)) - Attempting to start container services.
2019-10-07 08:26:56,458 [Datanode State Machine Thread - 0] INFO  ozoneimpl.OzoneContainer (OzoneContainer.java:startContainerScrub(179)) - Background container scanner has been disabled.
2019-10-07 08:26:56,458 [Datanode State Machine Thread - 0] INFO  ratis.XceiverServerRatis (XceiverServerRatis.java:start(418)) - Starting XceiverServerRatis 14454c33-963f-4f0e-baf7-c43d45bec019 at port 0
2019-10-07 08:26:56,467 [Datanode State Machine Thread - 0] INFO  impl.RaftServerProxy (RaftServerProxy.java:lambda$start$3(299)) - 14454c33-963f-4f0e-baf7-c43d45bec019: start RPC server
2019-10-07 08:26:56,470 [Datanode State Machine Thread - 0] INFO  server.GrpcService (GrpcService.java:startImpl(158)) - 14454c33-963f-4f0e-baf7-c43d45bec019: GrpcService started, listening on 0.0.0.0/0.0.0.0:33134
2019-10-07 08:26:56,470 [Datanode State Machine Thread - 0] INFO  ratis.XceiverServerRatis (XceiverServerRatis.java:start(428)) - XceiverServerRatis 14454c33-963f-4f0e-baf7-c43d45bec019 is started using port 33134
2019-10-07 08:26:56,470 [Datanode State Machine Thread - 0] INFO  server.XceiverServerGrpc (XceiverServerGrpc.java:start(149)) - XceiverServerGrpc 14454c33-963f-4f0e-baf7-c43d45bec019 is started using port 41090
2019-10-07 08:26:56,515 [Datanode State Machine Thread - 0] INFO  ozoneimpl.OzoneContainer (OzoneContainer.java:start(217)) - Attempting to start container services.
2019-10-07 08:26:56,517 [Datanode State Machine Thread - 0] INFO  ozoneimpl.OzoneContainer (OzoneContainer.java:startContainerScrub(179)) - Background container scanner has been disabled.
2019-10-07 08:26:56,517 [Datanode State Machine Thread - 0] INFO  ratis.XceiverServerRatis (XceiverServerRatis.java:start(418)) - Starting XceiverServerRatis 5f8a5658-dc4e-4095-bcb9-1822e7b959f7 at port 0
2019-10-07 08:26:56,524 [Datanode State Machine Thread - 0] INFO  impl.RaftServerProxy (RaftServerProxy.java:lambda$start$3(299)) - 5f8a5658-dc4e-4095-bcb9-1822e7b959f7: start RPC server
2019-10-07 08:26:56,525 [Datanode State Machine Thread - 0] INFO  server.GrpcService (GrpcService.java:startImpl(158)) - 5f8a5658-dc4e-4095-bcb9-1822e7b959f7: GrpcService started, listening on 0.0.0.0/0.0.0.0:34705
2019-10-07 08:26:56,525 [Datanode State Machine Thread - 0] INFO  ratis.XceiverServerRatis (XceiverServerRatis.java:start(428)) - XceiverServerRatis 5f8a5658-dc4e-4095-bcb9-1822e7b959f7 is started using port 34705
2019-10-07 08:26:56,525 [Datanode State Machine Thread - 0] INFO  server.XceiverServerGrpc (XceiverServerGrpc.java:start(149)) - XceiverServerGrpc 5f8a5658-dc4e-4095-bcb9-1822e7b959f7 is started using port 41715
2019-10-07 08:26:56,582 [Datanode State Machine Thread - 0] INFO  ozoneimpl.OzoneContainer (OzoneContainer.java:start(217)) - Attempting to start container services.
2019-10-07 08:26:56,582 [Datanode State Machine Thread - 0] INFO  ozoneimpl.OzoneContainer (OzoneContainer.java:startContainerScrub(179)) - Background container scanner has been disabled.
2019-10-07 08:26:56,582 [Datanode State Machine Thread - 0] INFO  ratis.XceiverServerRatis (XceiverServerRatis.java:start(418)) - Starting XceiverServerRatis 1220f68b-22f9-43b7-8239-f0ea73c643e6 at port 0
2019-10-07 08:26:56,590 [Datanode State Machine Thread - 0] INFO  impl.RaftServerProxy (RaftServerProxy.java:lambda$start$3(299)) - 1220f68b-22f9-43b7-8239-f0ea73c643e6: start RPC server
2019-10-07 08:26:56,591 [Datanode State Machine Thread - 0] INFO  server.GrpcService (GrpcService.java:startImpl(158)) - 1220f68b-22f9-43b7-8239-f0ea73c643e6: GrpcService started, listening on 0.0.0.0/0.0.0.0:33317
2019-10-07 08:26:56,591 [Datanode State Machine Thread - 0] INFO  ratis.XceiverServerRatis (XceiverServerRatis.java:start(428)) - XceiverServerRatis 1220f68b-22f9-43b7-8239-f0ea73c643e6 is started using port 33317
2019-10-07 08:26:56,592 [Datanode State Machine Thread - 0] INFO  server.XceiverServerGrpc (XceiverServerGrpc.java:start(149)) - XceiverServerGrpc 1220f68b-22f9-43b7-8239-f0ea73c643e6 is started using port 40358
2019-10-07 08:26:56,642 [Datanode State Machine Thread - 0] INFO  ozoneimpl.OzoneContainer (OzoneContainer.java:start(217)) - Attempting to start container services.
2019-10-07 08:26:56,642 [Datanode State Machine Thread - 0] INFO  ozoneimpl.OzoneContainer (OzoneContainer.java:startContainerScrub(179)) - Background container scanner has been disabled.
2019-10-07 08:26:56,642 [Datanode State Machine Thread - 0] INFO  ratis.XceiverServerRatis (XceiverServerRatis.java:start(418)) - Starting XceiverServerRatis 19854c93-6789-4a4b-baec-170f8e9dd2d3 at port 0
2019-10-07 08:26:56,648 [Datanode State Machine Thread - 0] INFO  impl.RaftServerProxy (RaftServerProxy.java:lambda$start$3(299)) - 19854c93-6789-4a4b-baec-170f8e9dd2d3: start RPC server
2019-10-07 08:26:56,649 [Datanode State Machine Thread - 0] INFO  server.GrpcService (GrpcService.java:startImpl(158)) - 19854c93-6789-4a4b-baec-170f8e9dd2d3: GrpcService started, listening on 0.0.0.0/0.0.0.0:36807
2019-10-07 08:26:56,649 [Datanode State Machine Thread - 0] INFO  ratis.XceiverServerRatis (XceiverServerRatis.java:start(428)) - XceiverServerRatis 19854c93-6789-4a4b-baec-170f8e9dd2d3 is started using port 36807
2019-10-07 08:26:56,650 [Datanode State Machine Thread - 0] INFO  server.XceiverServerGrpc (XceiverServerGrpc.java:start(149)) - XceiverServerGrpc 19854c93-6789-4a4b-baec-170f8e9dd2d3 is started using port 36294
2019-10-07 08:26:56,697 [Datanode State Machine Thread - 0] INFO  ozoneimpl.OzoneContainer (OzoneContainer.java:start(217)) - Attempting to start container services.
2019-10-07 08:26:56,697 [Datanode State Machine Thread - 0] INFO  ozoneimpl.OzoneContainer (OzoneContainer.java:startContainerScrub(179)) - Background container scanner has been disabled.
2019-10-07 08:26:56,698 [Datanode State Machine Thread - 0] INFO  ratis.XceiverServerRatis (XceiverServerRatis.java:start(418)) - Starting XceiverServerRatis 49662df8-6a8b-4839-b416-b6d2c7e3b054 at port 0
2019-10-07 08:26:56,705 [Datanode State Machine Thread - 0] INFO  impl.RaftServerProxy (RaftServerProxy.java:lambda$start$3(299)) - 49662df8-6a8b-4839-b416-b6d2c7e3b054: start RPC server
2019-10-07 08:26:56,705 [Datanode State Machine Thread - 0] INFO  server.GrpcService (GrpcService.java:startImpl(158)) - 49662df8-6a8b-4839-b416-b6d2c7e3b054: GrpcService started, listening on 0.0.0.0/0.0.0.0:45895
2019-10-07 08:26:56,706 [Datanode State Machine Thread - 0] INFO  ratis.XceiverServerRatis (XceiverServerRatis.java:start(428)) - XceiverServerRatis 49662df8-6a8b-4839-b416-b6d2c7e3b054 is started using port 45895
2019-10-07 08:26:56,706 [Datanode State Machine Thread - 0] INFO  server.XceiverServerGrpc (XceiverServerGrpc.java:start(149)) - XceiverServerGrpc 49662df8-6a8b-4839-b416-b6d2c7e3b054 is started using port 36618
2019-10-07 08:26:56,789 [Datanode State Machine Thread - 0] INFO  ozoneimpl.OzoneContainer (OzoneContainer.java:start(217)) - Attempting to start container services.
2019-10-07 08:26:56,789 [Datanode State Machine Thread - 0] INFO  ozoneimpl.OzoneContainer (OzoneContainer.java:startContainerScrub(179)) - Background container scanner has been disabled.
2019-10-07 08:26:56,789 [Datanode State Machine Thread - 0] INFO  ratis.XceiverServerRatis (XceiverServerRatis.java:start(418)) - Starting XceiverServerRatis 4f4083df-29c1-42a0-bf92-74775b50fce5 at port 0
2019-10-07 08:26:56,797 [Datanode State Machine Thread - 0] INFO  impl.RaftServerProxy (RaftServerProxy.java:lambda$start$3(299)) - 4f4083df-29c1-42a0-bf92-74775b50fce5: start RPC server
2019-10-07 08:26:56,798 [Datanode State Machine Thread - 0] INFO  server.GrpcService (GrpcService.java:startImpl(158)) - 4f4083df-29c1-42a0-bf92-74775b50fce5: GrpcService started, listening on 0.0.0.0/0.0.0.0:36526
2019-10-07 08:26:56,798 [Datanode State Machine Thread - 0] INFO  ratis.XceiverServerRatis (XceiverServerRatis.java:start(428)) - XceiverServerRatis 4f4083df-29c1-42a0-bf92-74775b50fce5 is started using port 36526
2019-10-07 08:26:56,798 [Datanode State Machine Thread - 0] INFO  server.XceiverServerGrpc (XceiverServerGrpc.java:start(149)) - XceiverServerGrpc 4f4083df-29c1-42a0-bf92-74775b50fce5 is started using port 36521
2019-10-07 08:26:56,849 [main] INFO  ozone.MiniOzoneClusterImpl (MiniOzoneClusterImpl.java:lambda$waitForClusterToBeReady$0(147)) - Waiting for cluster to be ready. Got 0 of 7 DN Heartbeats.
2019-10-07 08:26:56,873 [Datanode State Machine Thread - 0] INFO  ozoneimpl.OzoneContainer (OzoneContainer.java:start(217)) - Attempting to start container services.
2019-10-07 08:26:56,874 [Datanode State Machine Thread - 0] INFO  ozoneimpl.OzoneContainer (OzoneContainer.java:startContainerScrub(179)) - Background container scanner has been disabled.
2019-10-07 08:26:56,874 [Datanode State Machine Thread - 0] INFO  ratis.XceiverServerRatis (XceiverServerRatis.java:start(418)) - Starting XceiverServerRatis 2aa6f7b3-a59e-4058-8af2-5381ad6af7db at port 0
2019-10-07 08:26:56,881 [Datanode State Machine Thread - 0] INFO  impl.RaftServerProxy (RaftServerProxy.java:lambda$start$3(299)) - 2aa6f7b3-a59e-4058-8af2-5381ad6af7db: start RPC server
2019-10-07 08:26:56,882 [Datanode State Machine Thread - 0] INFO  server.GrpcService (GrpcService.java:startImpl(158)) - 2aa6f7b3-a59e-4058-8af2-5381ad6af7db: GrpcService started, listening on 0.0.0.0/0.0.0.0:40725
2019-10-07 08:26:56,882 [Datanode State Machine Thread - 0] INFO  ratis.XceiverServerRatis (XceiverServerRatis.java:start(428)) - XceiverServerRatis 2aa6f7b3-a59e-4058-8af2-5381ad6af7db is started using port 40725
2019-10-07 08:26:56,882 [Datanode State Machine Thread - 0] INFO  server.XceiverServerGrpc (XceiverServerGrpc.java:start(149)) - XceiverServerGrpc 2aa6f7b3-a59e-4058-8af2-5381ad6af7db is started using port 44552
2019-10-07 08:26:57,850 [main] INFO  ozone.MiniOzoneClusterImpl (MiniOzoneClusterImpl.java:lambda$waitForClusterToBeReady$0(147)) - Waiting for cluster to be ready. Got 0 of 7 DN Heartbeats.
2019-10-07 08:26:58,434 [IPC Server handler 19 on 36601] INFO  net.NetworkTopology (NetworkTopologyImpl.java:add(111)) - Added a new node: /default-rack/14454c33-963f-4f0e-baf7-c43d45bec019
2019-10-07 08:26:58,436 [IPC Server handler 19 on 36601] INFO  node.SCMNodeManager (SCMNodeManager.java:register(268)) - Registered Data node : 14454c33-963f-4f0e-baf7-c43d45bec019{ip: 192.168.164.251, host: pr-hdds-2239-kl4xt-1424884434, networkLocation: /default-rack, certSerialId: null}
2019-10-07 08:26:58,437 [EventQueue-NodeRegistrationContainerReportForDataNodeSafeModeRule] INFO  safemode.SCMSafeModeManager (DataNodeSafeModeRule.java:process(71)) - SCM in safe mode. 1 DataNodes registered, 1 required.
2019-10-07 08:26:58,439 [EventQueue-NodeRegistrationContainerReportForDataNodeSafeModeRule] INFO  safemode.SCMSafeModeManager (SCMSafeModeManager.java:validateSafeModeExitRules(177)) - ScmSafeModeManager, all rules are successfully validated
2019-10-07 08:26:58,439 [EventQueue-NodeRegistrationContainerReportForDataNodeSafeModeRule] INFO  safemode.SCMSafeModeManager (SCMSafeModeManager.java:exitSafeMode(193)) - SCM exiting safe mode.
2019-10-07 08:26:58,450 [grpc-default-executor-3] INFO  impl.RaftServerProxy (RaftServerProxy.java:addNew(89)) - 14454c33-963f-4f0e-baf7-c43d45bec019: addNew group-C659611ABE64:[14454c33-963f-4f0e-baf7-c43d45bec019:192.168.164.251:33134] returns group-C659611ABE64:java.util.concurrent.CompletableFuture@3180132c[Not completed]
2019-10-07 08:26:58,453 [pool-207-thread-1] INFO  impl.RaftServerImpl (RaftServerImpl.java:<init>(95)) - 14454c33-963f-4f0e-baf7-c43d45bec019: new RaftServerImpl for group-C659611ABE64:[14454c33-963f-4f0e-baf7-c43d45bec019:192.168.164.251:33134] with ContainerStateMachine:uninitialized
2019-10-07 08:26:58,453 [pool-207-thread-1] INFO  server.RaftServerConfigKeys (ConfUtils.java:logGet(43)) - raft.server.rpc.timeout.min = 5s (custom)
2019-10-07 08:26:58,453 [pool-207-thread-1] INFO  server.RaftServerConfigKeys (ConfUtils.java:logGet(43)) - raft.server.rpc.timeout.max = 5200ms (custom)
2019-10-07 08:26:58,453 [pool-207-thread-1] INFO  server.RaftServerConfigKeys (ConfUtils.java:logGet(43)) - raft.server.rpcslowness.timeout = 120s (custom)
2019-10-07 08:26:58,453 [pool-207-thread-1] INFO  server.RaftServerConfigKeys (ConfUtils.java:logGet(43)) - raft.server.sleep.deviation.threshold = 300 (default)
2019-10-07 08:26:58,454 [pool-207-thread-1] INFO  server.RaftServerConfigKeys (ConfUtils.java:logGet(43)) - raft.server.log.appender.install.snapshot.enabled = false (custom)
2019-10-07 08:26:58,454 [pool-207-thread-1] INFO  impl.RaftServerImpl (ServerState.java:<init>(103)) - 14454c33-963f-4f0e-baf7-c43d45bec019@group-C659611ABE64: ConfigurationManager, init=-1: [14454c33-963f-4f0e-baf7-c43d45bec019:192.168.164.251:33134], old=null, confs=<EMPTY_MAP>
2019-10-07 08:26:58,454 [pool-207-thread-1] INFO  server.RaftServerConfigKeys (ConfUtils.java:logGet(43)) - raft.server.storage.dir = [/workdir/hadoop-ozone/integration-test/target/test-dir/MiniOzoneClusterImpl-d54a6d23-2328-4b81-b655-03ce46b7ab19/datanode-0/data/ratis] (custom)
2019-10-07 08:26:58,454 [pool-207-thread-1] INFO  server.RaftServerConfigKeys (ConfUtils.java:logGet(43)) - raft.server.log.corruption.policy = EXCEPTION (default)
2019-10-07 08:26:58,454 [pool-207-thread-1] INFO  storage.RaftStorageDirectory (RaftStorageDirectory.java:analyzeStorage(246)) - The storage directory /workdir/hadoop-ozone/integration-test/target/test-dir/MiniOzoneClusterImpl-d54a6d23-2328-4b81-b655-03ce46b7ab19/datanode-0/data/ratis/b65bc0f3-5c82-4b76-b777-c659611abe64 does not exist. Creating ...
2019-10-07 08:26:58,477 [pool-207-thread-1] INFO  storage.RaftStorageDirectory (RaftStorageDirectory.java:tryLock(328)) - Lock on /workdir/hadoop-ozone/integration-test/target/test-dir/MiniOzoneClusterImpl-d54a6d23-2328-4b81-b655-03ce46b7ab19/datanode-0/data/ratis/b65bc0f3-5c82-4b76-b777-c659611abe64/in_use.lock acquired by nodename 13710@pr-hdds-2239-kl4xt-1424884434
2019-10-07 08:26:58,491 [IPC Server handler 5 on 36601] INFO  net.NetworkTopology (NetworkTopologyImpl.java:add(111)) - Added a new node: /default-rack/5f8a5658-dc4e-4095-bcb9-1822e7b959f7
2019-10-07 08:26:58,491 [IPC Server handler 5 on 36601] INFO  node.SCMNodeManager (SCMNodeManager.java:register(268)) - Registered Data node : 5f8a5658-dc4e-4095-bcb9-1822e7b959f7{ip: 192.168.164.251, host: pr-hdds-2239-kl4xt-1424884434, networkLocation: /default-rack, certSerialId: null}
2019-10-07 08:26:58,494 [pool-207-thread-1] INFO  storage.RaftStorage (RaftStorage.java:format(84)) - Storage directory /workdir/hadoop-ozone/integration-test/target/test-dir/MiniOzoneClusterImpl-d54a6d23-2328-4b81-b655-03ce46b7ab19/datanode-0/data/ratis/b65bc0f3-5c82-4b76-b777-c659611abe64 has been successfully formatted.
2019-10-07 08:26:58,495 [pool-207-thread-1] INFO  ratis.ContainerStateMachine (ContainerStateMachine.java:loadSnapshot(231)) - group-C659611ABE64: The snapshot info is null. Setting the last applied indexto:(t:0, i:~)
2019-10-07 08:26:58,495 [pool-207-thread-1] INFO  server.RaftServerConfigKeys (ConfUtils.java:logGet(43)) - raft.server.notification.no-leader.timeout = 120s (custom)
2019-10-07 08:26:58,495 [pool-207-thread-1] INFO  server.RaftServerConfigKeys (ConfUtils.java:logGet(43)) - raft.server.log.use.memory = false (default)
2019-10-07 08:26:58,496 [pool-207-thread-1] INFO  server.RaftServerConfigKeys (ConfUtils.java:logGet(43)) - raft.server.log.purge.gap = 1000000 (custom)
2019-10-07 08:26:58,496 [pool-207-thread-1] INFO  server.RaftServerConfigKeys (ConfUtils.java:logGet(43)) - raft.server.log.appender.buffer.byte-limit = 33554432 (custom)
2019-10-07 08:26:58,496 [pool-207-thread-1] INFO  server.RaftServerConfigKeys (ConfUtils.java:logGet(43)) - raft.server.log.segment.size.max = 1048576 (custom)
2019-10-07 08:26:58,498 [pool-207-thread-1] INFO  server.RaftServerConfigKeys (ConfUtils.java:logGet(43)) - raft.server.log.segment.cache.num.max = 2 (custom)
2019-10-07 08:26:58,498 [pool-207-thread-1] INFO  segmented.SegmentedRaftLogWorker (SegmentedRaftLogWorker.java:<init>(173)) - new 14454c33-963f-4f0e-baf7-c43d45bec019@group-C659611ABE64-SegmentedRaftLogWorker for RaftStorage:Storage Directory /workdir/hadoop-ozone/integration-test/target/test-dir/MiniOzoneClusterImpl-d54a6d23-2328-4b81-b655-03ce46b7ab19/datanode-0/data/ratis/b65bc0f3-5c82-4b76-b777-c659611abe64
2019-10-07 08:26:58,498 [pool-207-thread-1] INFO  server.RaftServerConfigKeys (ConfUtils.java:logGet(43)) - raft.server.log.queue.byte-limit = 2147483647 (custom)
2019-10-07 08:26:58,498 [pool-207-thread-1] INFO  server.RaftServerConfigKeys (ConfUtils.java:logGet(43)) - raft.server.log.queue.element-limit = 1024 (custom)
2019-10-07 08:26:58,498 [pool-207-thread-1] INFO  server.RaftServerConfigKeys (ConfUtils.java:logGet(43)) - raft.server.log.segment.size.max = 1048576 (custom)
2019-10-07 08:26:58,498 [pool-207-thread-1] INFO  server.RaftServerConfigKeys (ConfUtils.java:logGet(43)) - raft.server.log.preallocated.size = 16384 (custom)
2019-10-07 08:26:58,498 [pool-207-thread-1] INFO  server.RaftServerConfigKeys (ConfUtils.java:logGet(43)) - raft.server.log.write.buffer.size = 33554432 (custom)
2019-10-07 08:26:58,499 [pool-207-thread-1] INFO  server.RaftServerConfigKeys (ConfUtils.java:logGet(43)) - raft.server.log.force.sync.num = 128 (default)
2019-10-07 08:26:58,499 [pool-207-thread-1] INFO  server.RaftServerConfigKeys (ConfUtils.java:logGet(43)) - raft.server.log.statemachine.data.sync = true (default)
2019-10-07 08:26:58,499 [pool-207-thread-1] INFO  server.RaftServerConfigKeys (ConfUtils.java:logGet(43)) - raft.server.log.statemachine.data.sync.timeout = 10s (default)
2019-10-07 08:26:58,499 [pool-207-thread-1] INFO  server.RaftServerConfigKeys (ConfUtils.java:logGet(43)) - raft.server.log.statemachine.data.sync.timeout.retry = -1 (default)
2019-10-07 08:26:58,500 [pool-207-thread-1] INFO  server.RaftServerConfigKeys (ConfUtils.java:logGet(43)) - raft.server.log.statemachine.data.caching.enabled = true (custom)
2019-10-07 08:26:58,500 [pool-207-thread-1] INFO  segmented.SegmentedRaftLogWorker (SegmentedRaftLogWorker.java:lambda$new$0(128)) - 14454c33-963f-4f0e-baf7-c43d45bec019@group-C659611ABE64-SegmentedRaftLogWorker: flushIndex: setUnconditionally 0 -> -1
2019-10-07 08:26:58,500 [pool-207-thread-1] INFO  server.RaftServerConfigKeys (ConfUtils.java:logGet(43)) - raft.server.snapshot.auto.trigger.enabled = true (custom)
2019-10-07 08:26:58,500 [pool-207-thread-1] INFO  server.RaftServerConfigKeys (ConfUtils.java:logGet(43)) - raft.server.snapshot.auto.trigger.threshold = 10000 (custom)
2019-10-07 08:26:58,500 [pool-207-thread-1] INFO  server.RaftServerConfigKeys (ConfUtils.java:logGet(43)) - raft.server.snapshot.retention.file.num = 5 (custom)
2019-10-07 08:26:58,501 [pool-207-thread-1] INFO  server.RaftServerConfigKeys (ConfUtils.java:logGet(43)) - raft.server.retrycache.expirytime = 600000ms (custom)
2019-10-07 08:26:58,503 [pool-207-thread-1] INFO  impl.RaftServerImpl (RaftServerImpl.java:start(181)) - 14454c33-963f-4f0e-baf7-c43d45bec019@group-C659611ABE64: start as a follower, conf=-1: [14454c33-963f-4f0e-baf7-c43d45bec019:192.168.164.251:33134], old=null
2019-10-07 08:26:58,503 [pool-207-thread-1] INFO  impl.RaftServerImpl (RaftServerImpl.java:setRole(170)) - 14454c33-963f-4f0e-baf7-c43d45bec019@group-C659611ABE64: changes role from      null to FOLLOWER at term 0 for startAsFollower
2019-10-07 08:26:58,503 [pool-207-thread-1] INFO  impl.RoleInfo (RoleInfo.java:updateAndGet(143)) - 14454c33-963f-4f0e-baf7-c43d45bec019: start FollowerState
2019-10-07 08:26:58,503 [pool-207-thread-1] INFO  util.JmxRegister (JmxRegister.java:tryRegister(44)) - Successfully registered JMX Bean with object name Ratis:service=RaftServer,group=group-C659611ABE64,id=14454c33-963f-4f0e-baf7-c43d45bec019
2019-10-07 08:26:58,512 [RatisPipelineUtilsThread] INFO  pipeline.PipelineStateManager (PipelineStateManager.java:addPipeline(56)) - Created pipeline Pipeline[ Id: b65bc0f3-5c82-4b76-b777-c659611abe64, Nodes: 14454c33-963f-4f0e-baf7-c43d45bec019{ip: 192.168.164.251, host: pr-hdds-2239-kl4xt-1424884434, networkLocation: /default-rack, certSerialId: null}, Type:RATIS, Factor:ONE, State:OPEN]
2019-10-07 08:26:58,534 [grpc-default-executor-3] INFO  impl.RaftServerProxy (RaftServerProxy.java:addNew(89)) - 5f8a5658-dc4e-4095-bcb9-1822e7b959f7: addNew group-39C4F217EC5F:[5f8a5658-dc4e-4095-bcb9-1822e7b959f7:192.168.164.251:34705] returns group-39C4F217EC5F:java.util.concurrent.CompletableFuture@55955004[Not completed]
2019-10-07 08:26:58,535 [pool-217-thread-1] INFO  impl.RaftServerImpl (RaftServerImpl.java:<init>(95)) - 5f8a5658-dc4e-4095-bcb9-1822e7b959f7: new RaftServerImpl for group-39C4F217EC5F:[5f8a5658-dc4e-4095-bcb9-1822e7b959f7:192.168.164.251:34705] with ContainerStateMachine:uninitialized
2019-10-07 08:26:58,535 [pool-217-thread-1] INFO  server.RaftServerConfigKeys (ConfUtils.java:logGet(43)) - raft.server.rpc.timeout.min = 5s (custom)
2019-10-07 08:26:58,535 [pool-217-thread-1] INFO  server.RaftServerConfigKeys (ConfUtils.java:logGet(43)) - raft.server.rpc.timeout.max = 5200ms (custom)
2019-10-07 08:26:58,535 [pool-217-thread-1] INFO  server.RaftServerConfigKeys (ConfUtils.java:logGet(43)) - raft.server.rpcslowness.timeout = 120s (custom)
2019-10-07 08:26:58,535 [pool-217-thread-1] INFO  server.RaftServerConfigKeys (ConfUtils.java:logGet(43)) - raft.server.sleep.deviation.threshold = 300 (default)
2019-10-07 08:26:58,536 [pool-217-thread-1] INFO  server.RaftServerConfigKeys (ConfUtils.java:logGet(43)) - raft.server.log.appender.install.snapshot.enabled = false (custom)
2019-10-07 08:26:58,536 [pool-217-thread-1] INFO  impl.RaftServerImpl (ServerState.java:<init>(103)) - 5f8a5658-dc4e-4095-bcb9-1822e7b959f7@group-39C4F217EC5F: ConfigurationManager, init=-1: [5f8a5658-dc4e-4095-bcb9-1822e7b959f7:192.168.164.251:34705], old=null, confs=<EMPTY_MAP>
2019-10-07 08:26:58,536 [pool-217-thread-1] INFO  server.RaftServerConfigKeys (ConfUtils.java:logGet(43)) - raft.server.storage.dir = [/workdir/hadoop-ozone/integration-test/target/test-dir/MiniOzoneClusterImpl-d54a6d23-2328-4b81-b655-03ce46b7ab19/datanode-1/data/ratis] (custom)
2019-10-07 08:26:58,536 [pool-217-thread-1] INFO  server.RaftServerConfigKeys (ConfUtils.java:logGet(43)) - raft.server.log.corruption.policy = EXCEPTION (default)
2019-10-07 08:26:58,536 [pool-217-thread-1] INFO  storage.RaftStorageDirectory (RaftStorageDirectory.java:analyzeStorage(246)) - The storage directory /workdir/hadoop-ozone/integration-test/target/test-dir/MiniOzoneClusterImpl-d54a6d23-2328-4b81-b655-03ce46b7ab19/datanode-1/data/ratis/684b6354-8a96-426f-9127-39c4f217ec5f does not exist. Creating ...
2019-10-07 08:26:58,558 [IPC Server handler 3 on 36601] INFO  net.NetworkTopology (NetworkTopologyImpl.java:add(111)) - Added a new node: /default-rack/1220f68b-22f9-43b7-8239-f0ea73c643e6
2019-10-07 08:26:58,558 [IPC Server handler 3 on 36601] INFO  node.SCMNodeManager (SCMNodeManager.java:register(268)) - Registered Data node : 1220f68b-22f9-43b7-8239-f0ea73c643e6{ip: 192.168.164.251, host: pr-hdds-2239-kl4xt-1424884434, networkLocation: /default-rack, certSerialId: null}
2019-10-07 08:26:58,559 [pool-217-thread-1] INFO  storage.RaftStorageDirectory (RaftStorageDirectory.java:tryLock(328)) - Lock on /workdir/hadoop-ozone/integration-test/target/test-dir/MiniOzoneClusterImpl-d54a6d23-2328-4b81-b655-03ce46b7ab19/datanode-1/data/ratis/684b6354-8a96-426f-9127-39c4f217ec5f/in_use.lock acquired by nodename 13710@pr-hdds-2239-kl4xt-1424884434
2019-10-07 08:26:58,582 [pool-217-thread-1] INFO  storage.RaftStorage (RaftStorage.java:format(84)) - Storage directory /workdir/hadoop-ozone/integration-test/target/test-dir/MiniOzoneClusterImpl-d54a6d23-2328-4b81-b655-03ce46b7ab19/datanode-1/data/ratis/684b6354-8a96-426f-9127-39c4f217ec5f has been successfully formatted.
2019-10-07 08:26:58,583 [pool-217-thread-1] INFO  ratis.ContainerStateMachine (ContainerStateMachine.java:loadSnapshot(231)) - group-39C4F217EC5F: The snapshot info is null. Setting the last applied indexto:(t:0, i:~)
2019-10-07 08:26:58,583 [pool-217-thread-1] INFO  server.RaftServerConfigKeys (ConfUtils.java:logGet(43)) - raft.server.notification.no-leader.timeout = 120s (custom)
2019-10-07 08:26:58,583 [pool-217-thread-1] INFO  server.RaftServerConfigKeys (ConfUtils.java:logGet(43)) - raft.server.log.use.memory = false (default)
2019-10-07 08:26:58,583 [pool-217-thread-1] INFO  server.RaftServerConfigKeys (ConfUtils.java:logGet(43)) - raft.server.log.purge.gap = 1000000 (custom)
2019-10-07 08:26:58,583 [pool-217-thread-1] INFO  server.RaftServerConfigKeys (ConfUtils.java:logGet(43)) - raft.server.log.appender.buffer.byte-limit = 33554432 (custom)
2019-10-07 08:26:58,584 [pool-217-thread-1] INFO  server.RaftServerConfigKeys (ConfUtils.java:logGet(43)) - raft.server.log.segment.size.max = 1048576 (custom)
2019-10-07 08:26:58,587 [pool-217-thread-1] INFO  server.RaftServerConfigKeys (ConfUtils.java:logGet(43)) - raft.server.log.segment.cache.num.max = 2 (custom)
2019-10-07 08:26:58,587 [pool-217-thread-1] INFO  segmented.SegmentedRaftLogWorker (SegmentedRaftLogWorker.java:<init>(173)) - new 5f8a5658-dc4e-4095-bcb9-1822e7b959f7@group-39C4F217EC5F-SegmentedRaftLogWorker for RaftStorage:Storage Directory /workdir/hadoop-ozone/integration-test/target/test-dir/MiniOzoneClusterImpl-d54a6d23-2328-4b81-b655-03ce46b7ab19/datanode-1/data/ratis/684b6354-8a96-426f-9127-39c4f217ec5f
2019-10-07 08:26:58,587 [pool-217-thread-1] INFO  server.RaftServerConfigKeys (ConfUtils.java:logGet(43)) - raft.server.log.queue.byte-limit = 2147483647 (custom)
2019-10-07 08:26:58,587 [pool-217-thread-1] INFO  server.RaftServerConfigKeys (ConfUtils.java:logGet(43)) - raft.server.log.queue.element-limit = 1024 (custom)
2019-10-07 08:26:58,587 [pool-217-thread-1] INFO  server.RaftServerConfigKeys (ConfUtils.java:logGet(43)) - raft.server.log.segment.size.max = 1048576 (custom)
2019-10-07 08:26:58,588 [pool-217-thread-1] INFO  server.RaftServerConfigKeys (ConfUtils.java:logGet(43)) - raft.server.log.preallocated.size = 16384 (custom)
2019-10-07 08:26:58,588 [pool-217-thread-1] INFO  server.RaftServerConfigKeys (ConfUtils.java:logGet(43)) - raft.server.log.write.buffer.size = 33554432 (custom)
2019-10-07 08:26:58,588 [pool-217-thread-1] INFO  server.RaftServerConfigKeys (ConfUtils.java:logGet(43)) - raft.server.log.force.sync.num = 128 (default)
2019-10-07 08:26:58,588 [pool-217-thread-1] INFO  server.RaftServerConfigKeys (ConfUtils.java:logGet(43)) - raft.server.log.statemachine.data.sync = true (default)
2019-10-07 08:26:58,588 [pool-217-thread-1] INFO  server.RaftServerConfigKeys (ConfUtils.java:logGet(43)) - raft.server.log.statemachine.data.sync.timeout = 10s (default)
2019-10-07 08:26:58,588 [pool-217-thread-1] INFO  server.RaftServerConfigKeys (ConfUtils.java:logGet(43)) - raft.server.log.statemachine.data.sync.timeout.retry = -1 (default)
2019-10-07 08:26:58,589 [pool-217-thread-1] INFO  server.RaftServerConfigKeys (ConfUtils.java:logGet(43)) - raft.server.log.statemachine.data.caching.enabled = true (custom)
2019-10-07 08:26:58,589 [pool-217-thread-1] INFO  segmented.SegmentedRaftLogWorker (SegmentedRaftLogWorker.java:lambda$new$0(128)) - 5f8a5658-dc4e-4095-bcb9-1822e7b959f7@group-39C4F217EC5F-SegmentedRaftLogWorker: flushIndex: setUnconditionally 0 -> -1
2019-10-07 08:26:58,590 [pool-217-thread-1] INFO  server.RaftServerConfigKeys (ConfUtils.java:logGet(43)) - raft.server.snapshot.auto.trigger.enabled = true (custom)
2019-10-07 08:26:58,590 [pool-217-thread-1] INFO  server.RaftServerConfigKeys (ConfUtils.java:logGet(43)) - raft.server.snapshot.auto.trigger.threshold = 10000 (custom)
2019-10-07 08:26:58,590 [pool-217-thread-1] INFO  server.RaftServerConfigKeys (ConfUtils.java:logGet(43)) - raft.server.snapshot.retention.file.num = 5 (custom)
2019-10-07 08:26:58,590 [pool-217-thread-1] INFO  server.RaftServerConfigKeys (ConfUtils.java:logGet(43)) - raft.server.retrycache.expirytime = 600000ms (custom)
2019-10-07 08:26:58,594 [pool-217-thread-1] INFO  impl.RaftServerImpl (RaftServerImpl.java:start(181)) - 5f8a5658-dc4e-4095-bcb9-1822e7b959f7@group-39C4F217EC5F: start as a follower, conf=-1: [5f8a5658-dc4e-4095-bcb9-1822e7b959f7:192.168.164.251:34705], old=null
2019-10-07 08:26:58,594 [pool-217-thread-1] INFO  impl.RaftServerImpl (RaftServerImpl.java:setRole(170)) - 5f8a5658-dc4e-4095-bcb9-1822e7b959f7@group-39C4F217EC5F: changes role from      null to FOLLOWER at term 0 for startAsFollower
2019-10-07 08:26:58,594 [pool-217-thread-1] INFO  impl.RoleInfo (RoleInfo.java:updateAndGet(143)) - 5f8a5658-dc4e-4095-bcb9-1822e7b959f7: start FollowerState
2019-10-07 08:26:58,595 [pool-217-thread-1] INFO  util.JmxRegister (JmxRegister.java:tryRegister(44)) - Successfully registered JMX Bean with object name Ratis:service=RaftServer,group=group-39C4F217EC5F,id=5f8a5658-dc4e-4095-bcb9-1822e7b959f7
2019-10-07 08:26:58,602 [RatisPipelineUtilsThread] INFO  pipeline.PipelineStateManager (PipelineStateManager.java:addPipeline(56)) - Created pipeline Pipeline[ Id: 684b6354-8a96-426f-9127-39c4f217ec5f, Nodes: 5f8a5658-dc4e-4095-bcb9-1822e7b959f7{ip: 192.168.164.251, host: pr-hdds-2239-kl4xt-1424884434, networkLocation: /default-rack, certSerialId: null}, Type:RATIS, Factor:ONE, State:OPEN]
2019-10-07 08:26:58,609 [grpc-default-executor-3] INFO  impl.RaftServerProxy (RaftServerProxy.java:addNew(89)) - 1220f68b-22f9-43b7-8239-f0ea73c643e6: addNew group-60F971D4660E:[1220f68b-22f9-43b7-8239-f0ea73c643e6:192.168.164.251:33317] returns group-60F971D4660E:java.util.concurrent.CompletableFuture@7db34df9[Not completed]
2019-10-07 08:26:58,611 [pool-227-thread-1] INFO  impl.RaftServerImpl (RaftServerImpl.java:<init>(95)) - 1220f68b-22f9-43b7-8239-f0ea73c643e6: new RaftServerImpl for group-60F971D4660E:[1220f68b-22f9-43b7-8239-f0ea73c643e6:192.168.164.251:33317] with ContainerStateMachine:uninitialized
2019-10-07 08:26:58,611 [pool-227-thread-1] INFO  server.RaftServerConfigKeys (ConfUtils.java:logGet(43)) - raft.server.rpc.timeout.min = 5s (custom)
2019-10-07 08:26:58,611 [pool-227-thread-1] INFO  server.RaftServerConfigKeys (ConfUtils.java:logGet(43)) - raft.server.rpc.timeout.max = 5200ms (custom)
2019-10-07 08:26:58,611 [pool-227-thread-1] INFO  server.RaftServerConfigKeys (ConfUtils.java:logGet(43)) - raft.server.rpcslowness.timeout = 120s (custom)
2019-10-07 08:26:58,611 [pool-227-thread-1] INFO  server.RaftServerConfigKeys (ConfUtils.java:logGet(43)) - raft.server.sleep.deviation.threshold = 300 (default)
2019-10-07 08:26:58,611 [pool-227-thread-1] INFO  server.RaftServerConfigKeys (ConfUtils.java:logGet(43)) - raft.server.log.appender.install.snapshot.enabled = false (custom)
2019-10-07 08:26:58,612 [pool-227-thread-1] INFO  impl.RaftServerImpl (ServerState.java:<init>(103)) - 1220f68b-22f9-43b7-8239-f0ea73c643e6@group-60F971D4660E: ConfigurationManager, init=-1: [1220f68b-22f9-43b7-8239-f0ea73c643e6:192.168.164.251:33317], old=null, confs=<EMPTY_MAP>
2019-10-07 08:26:58,612 [pool-227-thread-1] INFO  server.RaftServerConfigKeys (ConfUtils.java:logGet(43)) - raft.server.storage.dir = [/workdir/hadoop-ozone/integration-test/target/test-dir/MiniOzoneClusterImpl-d54a6d23-2328-4b81-b655-03ce46b7ab19/datanode-2/data/ratis] (custom)
2019-10-07 08:26:58,612 [pool-227-thread-1] INFO  server.RaftServerConfigKeys (ConfUtils.java:logGet(43)) - raft.server.log.corruption.policy = EXCEPTION (default)
2019-10-07 08:26:58,612 [pool-227-thread-1] INFO  storage.RaftStorageDirectory (RaftStorageDirectory.java:analyzeStorage(246)) - The storage directory /workdir/hadoop-ozone/integration-test/target/test-dir/MiniOzoneClusterImpl-d54a6d23-2328-4b81-b655-03ce46b7ab19/datanode-2/data/ratis/565a801f-6df8-41d4-a3fa-60f971d4660e does not exist. Creating ...
2019-10-07 08:26:58,619 [IPC Server handler 4 on 36601] INFO  net.NetworkTopology (NetworkTopologyImpl.java:add(111)) - Added a new node: /default-rack/19854c93-6789-4a4b-baec-170f8e9dd2d3
2019-10-07 08:26:58,619 [IPC Server handler 4 on 36601] INFO  node.SCMNodeManager (SCMNodeManager.java:register(268)) - Registered Data node : 19854c93-6789-4a4b-baec-170f8e9dd2d3{ip: 192.168.164.251, host: pr-hdds-2239-kl4xt-1424884434, networkLocation: /default-rack, certSerialId: null}
2019-10-07 08:26:58,635 [pool-227-thread-1] INFO  storage.RaftStorageDirectory (RaftStorageDirectory.java:tryLock(328)) - Lock on /workdir/hadoop-ozone/integration-test/target/test-dir/MiniOzoneClusterImpl-d54a6d23-2328-4b81-b655-03ce46b7ab19/datanode-2/data/ratis/565a801f-6df8-41d4-a3fa-60f971d4660e/in_use.lock acquired by nodename 13710@pr-hdds-2239-kl4xt-1424884434
2019-10-07 08:26:58,658 [pool-227-thread-1] INFO  storage.RaftStorage (RaftStorage.java:format(84)) - Storage directory /workdir/hadoop-ozone/integration-test/target/test-dir/MiniOzoneClusterImpl-d54a6d23-2328-4b81-b655-03ce46b7ab19/datanode-2/data/ratis/565a801f-6df8-41d4-a3fa-60f971d4660e has been successfully formatted.
2019-10-07 08:26:58,658 [pool-227-thread-1] INFO  ratis.ContainerStateMachine (ContainerStateMachine.java:loadSnapshot(231)) - group-60F971D4660E: The snapshot info is null. Setting the last applied indexto:(t:0, i:~)
2019-10-07 08:26:58,659 [pool-227-thread-1] INFO  server.RaftServerConfigKeys (ConfUtils.java:logGet(43)) - raft.server.notification.no-leader.timeout = 120s (custom)
2019-10-07 08:26:58,659 [pool-227-thread-1] INFO  server.RaftServerConfigKeys (ConfUtils.java:logGet(43)) - raft.server.log.use.memory = false (default)
2019-10-07 08:26:58,659 [pool-227-thread-1] INFO  server.RaftServerConfigKeys (ConfUtils.java:logGet(43)) - raft.server.log.purge.gap = 1000000 (custom)
2019-10-07 08:26:58,659 [pool-227-thread-1] INFO  server.RaftServerConfigKeys (ConfUtils.java:logGet(43)) - raft.server.log.appender.buffer.byte-limit = 33554432 (custom)
2019-10-07 08:26:58,659 [pool-227-thread-1] INFO  server.RaftServerConfigKeys (ConfUtils.java:logGet(43)) - raft.server.log.segment.size.max = 1048576 (custom)
2019-10-07 08:26:58,661 [pool-227-thread-1] INFO  server.RaftServerConfigKeys (ConfUtils.java:logGet(43)) - raft.server.log.segment.cache.num.max = 2 (custom)
2019-10-07 08:26:58,661 [pool-227-thread-1] INFO  segmented.SegmentedRaftLogWorker (SegmentedRaftLogWorker.java:<init>(173)) - new 1220f68b-22f9-43b7-8239-f0ea73c643e6@group-60F971D4660E-SegmentedRaftLogWorker for RaftStorage:Storage Directory /workdir/hadoop-ozone/integration-test/target/test-dir/MiniOzoneClusterImpl-d54a6d23-2328-4b81-b655-03ce46b7ab19/datanode-2/data/ratis/565a801f-6df8-41d4-a3fa-60f971d4660e
2019-10-07 08:26:58,661 [pool-227-thread-1] INFO  server.RaftServerConfigKeys (ConfUtils.java:logGet(43)) - raft.server.log.queue.byte-limit = 2147483647 (custom)
2019-10-07 08:26:58,661 [pool-227-thread-1] INFO  server.RaftServerConfigKeys (ConfUtils.java:logGet(43)) - raft.server.log.queue.element-limit = 1024 (custom)
2019-10-07 08:26:58,661 [pool-227-thread-1] INFO  server.RaftServerConfigKeys (ConfUtils.java:logGet(43)) - raft.server.log.segment.size.max = 1048576 (custom)
2019-10-07 08:26:58,661 [pool-227-thread-1] INFO  server.RaftServerConfigKeys (ConfUtils.java:logGet(43)) - raft.server.log.preallocated.size = 16384 (custom)
2019-10-07 08:26:58,661 [pool-227-thread-1] INFO  server.RaftServerConfigKeys (ConfUtils.java:logGet(43)) - raft.server.log.write.buffer.size = 33554432 (custom)
2019-10-07 08:26:58,662 [pool-227-thread-1] INFO  server.RaftServerConfigKeys (ConfUtils.java:logGet(43)) - raft.server.log.force.sync.num = 128 (default)
2019-10-07 08:26:58,662 [pool-227-thread-1] INFO  server.RaftServerConfigKeys (ConfUtils.java:logGet(43)) - raft.server.log.statemachine.data.sync = true (default)
2019-10-07 08:26:58,662 [pool-227-thread-1] INFO  server.RaftServerConfigKeys (ConfUtils.java:logGet(43)) - raft.server.log.statemachine.data.sync.timeout = 10s (default)
2019-10-07 08:26:58,662 [pool-227-thread-1] INFO  server.RaftServerConfigKeys (ConfUtils.java:logGet(43)) - raft.server.log.statemachine.data.sync.timeout.retry = -1 (default)
2019-10-07 08:26:58,662 [pool-227-thread-1] INFO  server.RaftServerConfigKeys (ConfUtils.java:logGet(43)) - raft.server.log.statemachine.data.caching.enabled = true (custom)
2019-10-07 08:26:58,663 [pool-227-thread-1] INFO  segmented.SegmentedRaftLogWorker (SegmentedRaftLogWorker.java:lambda$new$0(128)) - 1220f68b-22f9-43b7-8239-f0ea73c643e6@group-60F971D4660E-SegmentedRaftLogWorker: flushIndex: setUnconditionally 0 -> -1
2019-10-07 08:26:58,663 [pool-227-thread-1] INFO  server.RaftServerConfigKeys (ConfUtils.java:logGet(43)) - raft.server.snapshot.auto.trigger.enabled = true (custom)
2019-10-07 08:26:58,663 [pool-227-thread-1] INFO  server.RaftServerConfigKeys (ConfUtils.java:logGet(43)) - raft.server.snapshot.auto.trigger.threshold = 10000 (custom)
2019-10-07 08:26:58,663 [pool-227-thread-1] INFO  server.RaftServerConfigKeys (ConfUtils.java:logGet(43)) - raft.server.snapshot.retention.file.num = 5 (custom)
2019-10-07 08:26:58,663 [pool-227-thread-1] INFO  server.RaftServerConfigKeys (ConfUtils.java:logGet(43)) - raft.server.retrycache.expirytime = 600000ms (custom)
2019-10-07 08:26:58,665 [pool-227-thread-1] INFO  impl.RaftServerImpl (RaftServerImpl.java:start(181)) - 1220f68b-22f9-43b7-8239-f0ea73c643e6@group-60F971D4660E: start as a follower, conf=-1: [1220f68b-22f9-43b7-8239-f0ea73c643e6:192.168.164.251:33317], old=null
2019-10-07 08:26:58,665 [pool-227-thread-1] INFO  impl.RaftServerImpl (RaftServerImpl.java:setRole(170)) - 1220f68b-22f9-43b7-8239-f0ea73c643e6@group-60F971D4660E: changes role from      null to FOLLOWER at term 0 for startAsFollower
2019-10-07 08:26:58,665 [pool-227-thread-1] INFO  impl.RoleInfo (RoleInfo.java:updateAndGet(143)) - 1220f68b-22f9-43b7-8239-f0ea73c643e6: start FollowerState
2019-10-07 08:26:58,666 [pool-227-thread-1] INFO  util.JmxRegister (JmxRegister.java:tryRegister(44)) - Successfully registered JMX Bean with object name Ratis:service=RaftServer,group=group-60F971D4660E,id=1220f68b-22f9-43b7-8239-f0ea73c643e6
2019-10-07 08:26:58,673 [RatisPipelineUtilsThread] INFO  pipeline.PipelineStateManager (PipelineStateManager.java:addPipeline(56)) - Created pipeline Pipeline[ Id: 565a801f-6df8-41d4-a3fa-60f971d4660e, Nodes: 1220f68b-22f9-43b7-8239-f0ea73c643e6{ip: 192.168.164.251, host: pr-hdds-2239-kl4xt-1424884434, networkLocation: /default-rack, certSerialId: null}, Type:RATIS, Factor:ONE, State:OPEN]
2019-10-07 08:26:58,679 [grpc-default-executor-3] INFO  impl.RaftServerProxy (RaftServerProxy.java:addNew(89)) - 19854c93-6789-4a4b-baec-170f8e9dd2d3: addNew group-27954A3230BA:[19854c93-6789-4a4b-baec-170f8e9dd2d3:192.168.164.251:36807] returns group-27954A3230BA:java.util.concurrent.CompletableFuture@e19a0bc[Not completed]
2019-10-07 08:26:58,680 [pool-237-thread-1] INFO  impl.RaftServerImpl (RaftServerImpl.java:<init>(95)) - 19854c93-6789-4a4b-baec-170f8e9dd2d3: new RaftServerImpl for group-27954A3230BA:[19854c93-6789-4a4b-baec-170f8e9dd2d3:192.168.164.251:36807] with ContainerStateMachine:uninitialized
2019-10-07 08:26:58,680 [pool-237-thread-1] INFO  server.RaftServerConfigKeys (ConfUtils.java:logGet(43)) - raft.server.rpc.timeout.min = 5s (custom)
2019-10-07 08:26:58,680 [pool-237-thread-1] INFO  server.RaftServerConfigKeys (ConfUtils.java:logGet(43)) - raft.server.rpc.timeout.max = 5200ms (custom)
2019-10-07 08:26:58,681 [pool-237-thread-1] INFO  server.RaftServerConfigKeys (ConfUtils.java:logGet(43)) - raft.server.rpcslowness.timeout = 120s (custom)
2019-10-07 08:26:58,681 [pool-237-thread-1] INFO  server.RaftServerConfigKeys (ConfUtils.java:logGet(43)) - raft.server.sleep.deviation.threshold = 300 (default)
2019-10-07 08:26:58,681 [pool-237-thread-1] INFO  server.RaftServerConfigKeys (ConfUtils.java:logGet(43)) - raft.server.log.appender.install.snapshot.enabled = false (custom)
2019-10-07 08:26:58,681 [pool-237-thread-1] INFO  impl.RaftServerImpl (ServerState.java:<init>(103)) - 19854c93-6789-4a4b-baec-170f8e9dd2d3@group-27954A3230BA: ConfigurationManager, init=-1: [19854c93-6789-4a4b-baec-170f8e9dd2d3:192.168.164.251:36807], old=null, confs=<EMPTY_MAP>
2019-10-07 08:26:58,681 [pool-237-thread-1] INFO  server.RaftServerConfigKeys (ConfUtils.java:logGet(43)) - raft.server.storage.dir = [/workdir/hadoop-ozone/integration-test/target/test-dir/MiniOzoneClusterImpl-d54a6d23-2328-4b81-b655-03ce46b7ab19/datanode-3/data/ratis] (custom)
2019-10-07 08:26:58,681 [pool-237-thread-1] INFO  server.RaftServerConfigKeys (ConfUtils.java:logGet(43)) - raft.server.log.corruption.policy = EXCEPTION (default)
2019-10-07 08:26:58,681 [pool-237-thread-1] INFO  storage.RaftStorageDirectory (RaftStorageDirectory.java:analyzeStorage(246)) - The storage directory /workdir/hadoop-ozone/integration-test/target/test-dir/MiniOzoneClusterImpl-d54a6d23-2328-4b81-b655-03ce46b7ab19/datanode-3/data/ratis/8107e052-ad2f-4579-a7d4-27954a3230ba does not exist. Creating ...
2019-10-07 08:26:58,684 [IPC Server handler 0 on 36601] INFO  net.NetworkTopology (NetworkTopologyImpl.java:add(111)) - Added a new node: /default-rack/49662df8-6a8b-4839-b416-b6d2c7e3b054
2019-10-07 08:26:58,684 [IPC Server handler 0 on 36601] INFO  node.SCMNodeManager (SCMNodeManager.java:register(268)) - Registered Data node : 49662df8-6a8b-4839-b416-b6d2c7e3b054{ip: 192.168.164.251, host: pr-hdds-2239-kl4xt-1424884434, networkLocation: /default-rack, certSerialId: null}
2019-10-07 08:26:58,704 [pool-237-thread-1] INFO  storage.RaftStorageDirectory (RaftStorageDirectory.java:tryLock(328)) - Lock on /workdir/hadoop-ozone/integration-test/target/test-dir/MiniOzoneClusterImpl-d54a6d23-2328-4b81-b655-03ce46b7ab19/datanode-3/data/ratis/8107e052-ad2f-4579-a7d4-27954a3230ba/in_use.lock acquired by nodename 13710@pr-hdds-2239-kl4xt-1424884434
2019-10-07 08:26:58,740 [pool-237-thread-1] INFO  storage.RaftStorage (RaftStorage.java:format(84)) - Storage directory /workdir/hadoop-ozone/integration-test/target/test-dir/MiniOzoneClusterImpl-d54a6d23-2328-4b81-b655-03ce46b7ab19/datanode-3/data/ratis/8107e052-ad2f-4579-a7d4-27954a3230ba has been successfully formatted.
2019-10-07 08:26:58,740 [pool-237-thread-1] INFO  ratis.ContainerStateMachine (ContainerStateMachine.java:loadSnapshot(231)) - group-27954A3230BA: The snapshot info is null. Setting the last applied indexto:(t:0, i:~)
2019-10-07 08:26:58,741 [pool-237-thread-1] INFO  server.RaftServerConfigKeys (ConfUtils.java:logGet(43)) - raft.server.notification.no-leader.timeout = 120s (custom)
2019-10-07 08:26:58,741 [pool-237-thread-1] INFO  server.RaftServerConfigKeys (ConfUtils.java:logGet(43)) - raft.server.log.use.memory = false (default)
2019-10-07 08:26:58,741 [pool-237-thread-1] INFO  server.RaftServerConfigKeys (ConfUtils.java:logGet(43)) - raft.server.log.purge.gap = 1000000 (custom)
2019-10-07 08:26:58,741 [pool-237-thread-1] INFO  server.RaftServerConfigKeys (ConfUtils.java:logGet(43)) - raft.server.log.appender.buffer.byte-limit = 33554432 (custom)
2019-10-07 08:26:58,741 [pool-237-thread-1] INFO  server.RaftServerConfigKeys (ConfUtils.java:logGet(43)) - raft.server.log.segment.size.max = 1048576 (custom)
2019-10-07 08:26:58,743 [pool-237-thread-1] INFO  server.RaftServerConfigKeys (ConfUtils.java:logGet(43)) - raft.server.log.segment.cache.num.max = 2 (custom)
2019-10-07 08:26:58,744 [pool-237-thread-1] INFO  segmented.SegmentedRaftLogWorker (SegmentedRaftLogWorker.java:<init>(173)) - new 19854c93-6789-4a4b-baec-170f8e9dd2d3@group-27954A3230BA-SegmentedRaftLogWorker for RaftStorage:Storage Directory /workdir/hadoop-ozone/integration-test/target/test-dir/MiniOzoneClusterImpl-d54a6d23-2328-4b81-b655-03ce46b7ab19/datanode-3/data/ratis/8107e052-ad2f-4579-a7d4-27954a3230ba
2019-10-07 08:26:58,744 [pool-237-thread-1] INFO  server.RaftServerConfigKeys (ConfUtils.java:logGet(43)) - raft.server.log.queue.byte-limit = 2147483647 (custom)
2019-10-07 08:26:58,744 [pool-237-thread-1] INFO  server.RaftServerConfigKeys (ConfUtils.java:logGet(43)) - raft.server.log.queue.element-limit = 1024 (custom)
2019-10-07 08:26:58,744 [pool-237-thread-1] INFO  server.RaftServerConfigKeys (ConfUtils.java:logGet(43)) - raft.server.log.segment.size.max = 1048576 (custom)
2019-10-07 08:26:58,744 [pool-237-thread-1] INFO  server.RaftServerConfigKeys (ConfUtils.java:logGet(43)) - raft.server.log.preallocated.size = 16384 (custom)
2019-10-07 08:26:58,744 [pool-237-thread-1] INFO  server.RaftServerConfigKeys (ConfUtils.java:logGet(43)) - raft.server.log.write.buffer.size = 33554432 (custom)
2019-10-07 08:26:58,744 [pool-237-thread-1] INFO  server.RaftServerConfigKeys (ConfUtils.java:logGet(43)) - raft.server.log.force.sync.num = 128 (default)
2019-10-07 08:26:58,745 [pool-237-thread-1] INFO  server.RaftServerConfigKeys (ConfUtils.java:logGet(43)) - raft.server.log.statemachine.data.sync = true (default)
2019-10-07 08:26:58,745 [pool-237-thread-1] INFO  server.RaftServerConfigKeys (ConfUtils.java:logGet(43)) - raft.server.log.statemachine.data.sync.timeout = 10s (default)
2019-10-07 08:26:58,745 [pool-237-thread-1] INFO  server.RaftServerConfigKeys (ConfUtils.java:logGet(43)) - raft.server.log.statemachine.data.sync.timeout.retry = -1 (default)
2019-10-07 08:26:58,745 [pool-237-thread-1] INFO  server.RaftServerConfigKeys (ConfUtils.java:logGet(43)) - raft.server.log.statemachine.data.caching.enabled = true (custom)
2019-10-07 08:26:58,746 [pool-237-thread-1] INFO  segmented.SegmentedRaftLogWorker (SegmentedRaftLogWorker.java:lambda$new$0(128)) - 19854c93-6789-4a4b-baec-170f8e9dd2d3@group-27954A3230BA-SegmentedRaftLogWorker: flushIndex: setUnconditionally 0 -> -1
2019-10-07 08:26:58,746 [pool-237-thread-1] INFO  server.RaftServerConfigKeys (ConfUtils.java:logGet(43)) - raft.server.snapshot.auto.trigger.enabled = true (custom)
2019-10-07 08:26:58,746 [pool-237-thread-1] INFO  server.RaftServerConfigKeys (ConfUtils.java:logGet(43)) - raft.server.snapshot.auto.trigger.threshold = 10000 (custom)
2019-10-07 08:26:58,746 [pool-237-thread-1] INFO  server.RaftServerConfigKeys (ConfUtils.java:logGet(43)) - raft.server.snapshot.retention.file.num = 5 (custom)
2019-10-07 08:26:58,746 [pool-237-thread-1] INFO  server.RaftServerConfigKeys (ConfUtils.java:logGet(43)) - raft.server.retrycache.expirytime = 600000ms (custom)
2019-10-07 08:26:58,749 [pool-237-thread-1] INFO  impl.RaftServerImpl (RaftServerImpl.java:start(181)) - 19854c93-6789-4a4b-baec-170f8e9dd2d3@group-27954A3230BA: start as a follower, conf=-1: [19854c93-6789-4a4b-baec-170f8e9dd2d3:192.168.164.251:36807], old=null
2019-10-07 08:26:58,749 [pool-237-thread-1] INFO  impl.RaftServerImpl (RaftServerImpl.java:setRole(170)) - 19854c93-6789-4a4b-baec-170f8e9dd2d3@group-27954A3230BA: changes role from      null to FOLLOWER at term 0 for startAsFollower
2019-10-07 08:26:58,749 [pool-237-thread-1] INFO  impl.RoleInfo (RoleInfo.java:updateAndGet(143)) - 19854c93-6789-4a4b-baec-170f8e9dd2d3: start FollowerState
2019-10-07 08:26:58,749 [pool-237-thread-1] INFO  util.JmxRegister (JmxRegister.java:tryRegister(44)) - Successfully registered JMX Bean with object name Ratis:service=RaftServer,group=group-27954A3230BA,id=19854c93-6789-4a4b-baec-170f8e9dd2d3
2019-10-07 08:26:58,756 [RatisPipelineUtilsThread] INFO  pipeline.PipelineStateManager (PipelineStateManager.java:addPipeline(56)) - Created pipeline Pipeline[ Id: 8107e052-ad2f-4579-a7d4-27954a3230ba, Nodes: 19854c93-6789-4a4b-baec-170f8e9dd2d3{ip: 192.168.164.251, host: pr-hdds-2239-kl4xt-1424884434, networkLocation: /default-rack, certSerialId: null}, Type:RATIS, Factor:ONE, State:OPEN]
2019-10-07 08:26:58,773 [grpc-default-executor-3] INFO  impl.RaftServerProxy (RaftServerProxy.java:addNew(89)) - 49662df8-6a8b-4839-b416-b6d2c7e3b054: addNew group-00B578714A2F:[49662df8-6a8b-4839-b416-b6d2c7e3b054:192.168.164.251:45895] returns group-00B578714A2F:java.util.concurrent.CompletableFuture@5ab0d2be[Not completed]
2019-10-07 08:26:58,775 [pool-247-thread-1] INFO  impl.RaftServerImpl (RaftServerImpl.java:<init>(95)) - 49662df8-6a8b-4839-b416-b6d2c7e3b054: new RaftServerImpl for group-00B578714A2F:[49662df8-6a8b-4839-b416-b6d2c7e3b054:192.168.164.251:45895] with ContainerStateMachine:uninitialized
2019-10-07 08:26:58,775 [pool-247-thread-1] INFO  server.RaftServerConfigKeys (ConfUtils.java:logGet(43)) - raft.server.rpc.timeout.min = 5s (custom)
2019-10-07 08:26:58,775 [pool-247-thread-1] INFO  server.RaftServerConfigKeys (ConfUtils.java:logGet(43)) - raft.server.rpc.timeout.max = 5200ms (custom)
2019-10-07 08:26:58,775 [pool-247-thread-1] INFO  server.RaftServerConfigKeys (ConfUtils.java:logGet(43)) - raft.server.rpcslowness.timeout = 120s (custom)
2019-10-07 08:26:58,775 [pool-247-thread-1] INFO  server.RaftServerConfigKeys (ConfUtils.java:logGet(43)) - raft.server.sleep.deviation.threshold = 300 (default)
2019-10-07 08:26:58,775 [pool-247-thread-1] INFO  server.RaftServerConfigKeys (ConfUtils.java:logGet(43)) - raft.server.log.appender.install.snapshot.enabled = false (custom)
2019-10-07 08:26:58,775 [IPC Server handler 6 on 36601] INFO  net.NetworkTopology (NetworkTopologyImpl.java:add(111)) - Added a new node: /default-rack/4f4083df-29c1-42a0-bf92-74775b50fce5
2019-10-07 08:26:58,775 [pool-247-thread-1] INFO  impl.RaftServerImpl (ServerState.java:<init>(103)) - 49662df8-6a8b-4839-b416-b6d2c7e3b054@group-00B578714A2F: ConfigurationManager, init=-1: [49662df8-6a8b-4839-b416-b6d2c7e3b054:192.168.164.251:45895], old=null, confs=<EMPTY_MAP>
2019-10-07 08:26:58,776 [IPC Server handler 6 on 36601] INFO  node.SCMNodeManager (SCMNodeManager.java:register(268)) - Registered Data node : 4f4083df-29c1-42a0-bf92-74775b50fce5{ip: 192.168.164.251, host: pr-hdds-2239-kl4xt-1424884434, networkLocation: /default-rack, certSerialId: null}
2019-10-07 08:26:58,776 [pool-247-thread-1] INFO  server.RaftServerConfigKeys (ConfUtils.java:logGet(43)) - raft.server.storage.dir = [/workdir/hadoop-ozone/integration-test/target/test-dir/MiniOzoneClusterImpl-d54a6d23-2328-4b81-b655-03ce46b7ab19/datanode-4/data/ratis] (custom)
2019-10-07 08:26:58,776 [pool-247-thread-1] INFO  server.RaftServerConfigKeys (ConfUtils.java:logGet(43)) - raft.server.log.corruption.policy = EXCEPTION (default)
2019-10-07 08:26:58,776 [pool-247-thread-1] INFO  storage.RaftStorageDirectory (RaftStorageDirectory.java:analyzeStorage(246)) - The storage directory /workdir/hadoop-ozone/integration-test/target/test-dir/MiniOzoneClusterImpl-d54a6d23-2328-4b81-b655-03ce46b7ab19/datanode-4/data/ratis/ea260a5c-ca79-4955-b257-00b578714a2f does not exist. Creating ...
2019-10-07 08:26:58,799 [pool-247-thread-1] INFO  storage.RaftStorageDirectory (RaftStorageDirectory.java:tryLock(328)) - Lock on /workdir/hadoop-ozone/integration-test/target/test-dir/MiniOzoneClusterImpl-d54a6d23-2328-4b81-b655-03ce46b7ab19/datanode-4/data/ratis/ea260a5c-ca79-4955-b257-00b578714a2f/in_use.lock acquired by nodename 13710@pr-hdds-2239-kl4xt-1424884434
2019-10-07 08:26:58,824 [pool-247-thread-1] INFO  storage.RaftStorage (RaftStorage.java:format(84)) - Storage directory /workdir/hadoop-ozone/integration-test/target/test-dir/MiniOzoneClusterImpl-d54a6d23-2328-4b81-b655-03ce46b7ab19/datanode-4/data/ratis/ea260a5c-ca79-4955-b257-00b578714a2f has been successfully formatted.
2019-10-07 08:26:58,824 [pool-247-thread-1] INFO  ratis.ContainerStateMachine (ContainerStateMachine.java:loadSnapshot(231)) - group-00B578714A2F: The snapshot info is null. Setting the last applied indexto:(t:0, i:~)
2019-10-07 08:26:58,824 [pool-247-thread-1] INFO  server.RaftServerConfigKeys (ConfUtils.java:logGet(43)) - raft.server.notification.no-leader.timeout = 120s (custom)
2019-10-07 08:26:58,825 [pool-247-thread-1] INFO  server.RaftServerConfigKeys (ConfUtils.java:logGet(43)) - raft.server.log.use.memory = false (default)
2019-10-07 08:26:58,825 [pool-247-thread-1] INFO  server.RaftServerConfigKeys (ConfUtils.java:logGet(43)) - raft.server.log.purge.gap = 1000000 (custom)
2019-10-07 08:26:58,825 [pool-247-thread-1] INFO  server.RaftServerConfigKeys (ConfUtils.java:logGet(43)) - raft.server.log.appender.buffer.byte-limit = 33554432 (custom)
2019-10-07 08:26:58,825 [pool-247-thread-1] INFO  server.RaftServerConfigKeys (ConfUtils.java:logGet(43)) - raft.server.log.segment.size.max = 1048576 (custom)
2019-10-07 08:26:58,827 [pool-247-thread-1] INFO  server.RaftServerConfigKeys (ConfUtils.java:logGet(43)) - raft.server.log.segment.cache.num.max = 2 (custom)
2019-10-07 08:26:58,827 [pool-247-thread-1] INFO  segmented.SegmentedRaftLogWorker (SegmentedRaftLogWorker.java:<init>(173)) - new 49662df8-6a8b-4839-b416-b6d2c7e3b054@group-00B578714A2F-SegmentedRaftLogWorker for RaftStorage:Storage Directory /workdir/hadoop-ozone/integration-test/target/test-dir/MiniOzoneClusterImpl-d54a6d23-2328-4b81-b655-03ce46b7ab19/datanode-4/data/ratis/ea260a5c-ca79-4955-b257-00b578714a2f
2019-10-07 08:26:58,827 [pool-247-thread-1] INFO  server.RaftServerConfigKeys (ConfUtils.java:logGet(43)) - raft.server.log.queue.byte-limit = 2147483647 (custom)
2019-10-07 08:26:58,827 [pool-247-thread-1] INFO  server.RaftServerConfigKeys (ConfUtils.java:logGet(43)) - raft.server.log.queue.element-limit = 1024 (custom)
2019-10-07 08:26:58,827 [pool-247-thread-1] INFO  server.RaftServerConfigKeys (ConfUtils.java:logGet(43)) - raft.server.log.segment.size.max = 1048576 (custom)
2019-10-07 08:26:58,827 [pool-247-thread-1] INFO  server.RaftServerConfigKeys (ConfUtils.java:logGet(43)) - raft.server.log.preallocated.size = 16384 (custom)
2019-10-07 08:26:58,827 [pool-247-thread-1] INFO  server.RaftServerConfigKeys (ConfUtils.java:logGet(43)) - raft.server.log.write.buffer.size = 33554432 (custom)
2019-10-07 08:26:58,827 [pool-247-thread-1] INFO  server.RaftServerConfigKeys (ConfUtils.java:logGet(43)) - raft.server.log.force.sync.num = 128 (default)
2019-10-07 08:26:58,828 [pool-247-thread-1] INFO  server.RaftServerConfigKeys (ConfUtils.java:logGet(43)) - raft.server.log.statemachine.data.sync = true (default)
2019-10-07 08:26:58,828 [pool-247-thread-1] INFO  server.RaftServerConfigKeys (ConfUtils.java:logGet(43)) - raft.server.log.statemachine.data.sync.timeout = 10s (default)
2019-10-07 08:26:58,828 [pool-247-thread-1] INFO  server.RaftServerConfigKeys (ConfUtils.java:logGet(43)) - raft.server.log.statemachine.data.sync.timeout.retry = -1 (default)
2019-10-07 08:26:58,828 [pool-247-thread-1] INFO  server.RaftServerConfigKeys (ConfUtils.java:logGet(43)) - raft.server.log.statemachine.data.caching.enabled = true (custom)
2019-10-07 08:26:58,828 [pool-247-thread-1] INFO  segmented.SegmentedRaftLogWorker (SegmentedRaftLogWorker.java:lambda$new$0(128)) - 49662df8-6a8b-4839-b416-b6d2c7e3b054@group-00B578714A2F-SegmentedRaftLogWorker: flushIndex: setUnconditionally 0 -> -1
2019-10-07 08:26:58,829 [pool-247-thread-1] INFO  server.RaftServerConfigKeys (ConfUtils.java:logGet(43)) - raft.server.snapshot.auto.trigger.enabled = true (custom)
2019-10-07 08:26:58,829 [pool-247-thread-1] INFO  server.RaftServerConfigKeys (ConfUtils.java:logGet(43)) - raft.server.snapshot.auto.trigger.threshold = 10000 (custom)
2019-10-07 08:26:58,829 [pool-247-thread-1] INFO  server.RaftServerConfigKeys (ConfUtils.java:logGet(43)) - raft.server.snapshot.retention.file.num = 5 (custom)
2019-10-07 08:26:58,829 [pool-247-thread-1] INFO  server.RaftServerConfigKeys (ConfUtils.java:logGet(43)) - raft.server.retrycache.expirytime = 600000ms (custom)
2019-10-07 08:26:58,831 [pool-247-thread-1] INFO  impl.RaftServerImpl (RaftServerImpl.java:start(181)) - 49662df8-6a8b-4839-b416-b6d2c7e3b054@group-00B578714A2F: start as a follower, conf=-1: [49662df8-6a8b-4839-b416-b6d2c7e3b054:192.168.164.251:45895], old=null
2019-10-07 08:26:58,831 [pool-247-thread-1] INFO  impl.RaftServerImpl (RaftServerImpl.java:setRole(170)) - 49662df8-6a8b-4839-b416-b6d2c7e3b054@group-00B578714A2F: changes role from      null to FOLLOWER at term 0 for startAsFollower
2019-10-07 08:26:58,831 [pool-247-thread-1] INFO  impl.RoleInfo (RoleInfo.java:updateAndGet(143)) - 49662df8-6a8b-4839-b416-b6d2c7e3b054: start FollowerState
2019-10-07 08:26:58,831 [pool-247-thread-1] INFO  util.JmxRegister (JmxRegister.java:tryRegister(44)) - Successfully registered JMX Bean with object name Ratis:service=RaftServer,group=group-00B578714A2F,id=49662df8-6a8b-4839-b416-b6d2c7e3b054
2019-10-07 08:26:58,839 [RatisPipelineUtilsThread] INFO  pipeline.PipelineStateManager (PipelineStateManager.java:addPipeline(56)) - Created pipeline Pipeline[ Id: ea260a5c-ca79-4955-b257-00b578714a2f, Nodes: 49662df8-6a8b-4839-b416-b6d2c7e3b054{ip: 192.168.164.251, host: pr-hdds-2239-kl4xt-1424884434, networkLocation: /default-rack, certSerialId: null}, Type:RATIS, Factor:ONE, State:OPEN]
2019-10-07 08:26:58,853 [main] INFO  ozone.MiniOzoneClusterImpl (MiniOzoneClusterImpl.java:lambda$waitForClusterToBeReady$0(147)) - Waiting for cluster to be ready. Got 6 of 7 DN Heartbeats.
2019-10-07 08:26:58,853 [grpc-default-executor-3] INFO  impl.RaftServerProxy (RaftServerProxy.java:addNew(89)) - 4f4083df-29c1-42a0-bf92-74775b50fce5: addNew group-D0BE750F0FD5:[4f4083df-29c1-42a0-bf92-74775b50fce5:192.168.164.251:36526] returns group-D0BE750F0FD5:java.util.concurrent.CompletableFuture@ac03425[Not completed]
2019-10-07 08:26:58,855 [IPC Server handler 2 on 36601] INFO  net.NetworkTopology (NetworkTopologyImpl.java:add(111)) - Added a new node: /default-rack/2aa6f7b3-a59e-4058-8af2-5381ad6af7db
2019-10-07 08:26:58,855 [IPC Server handler 2 on 36601] INFO  node.SCMNodeManager (SCMNodeManager.java:register(268)) - Registered Data node : 2aa6f7b3-a59e-4058-8af2-5381ad6af7db{ip: 192.168.164.251, host: pr-hdds-2239-kl4xt-1424884434, networkLocation: /default-rack, certSerialId: null}
2019-10-07 08:26:58,855 [pool-257-thread-1] INFO  impl.RaftServerImpl (RaftServerImpl.java:<init>(95)) - 4f4083df-29c1-42a0-bf92-74775b50fce5: new RaftServerImpl for group-D0BE750F0FD5:[4f4083df-29c1-42a0-bf92-74775b50fce5:192.168.164.251:36526] with ContainerStateMachine:uninitialized
2019-10-07 08:26:58,856 [pool-257-thread-1] INFO  server.RaftServerConfigKeys (ConfUtils.java:logGet(43)) - raft.server.rpc.timeout.min = 5s (custom)
2019-10-07 08:26:58,856 [pool-257-thread-1] INFO  server.RaftServerConfigKeys (ConfUtils.java:logGet(43)) - raft.server.rpc.timeout.max = 5200ms (custom)
2019-10-07 08:26:58,856 [pool-257-thread-1] INFO  server.RaftServerConfigKeys (ConfUtils.java:logGet(43)) - raft.server.rpcslowness.timeout = 120s (custom)
2019-10-07 08:26:58,856 [pool-257-thread-1] INFO  server.RaftServerConfigKeys (ConfUtils.java:logGet(43)) - raft.server.sleep.deviation.threshold = 300 (default)
2019-10-07 08:26:58,856 [pool-257-thread-1] INFO  server.RaftServerConfigKeys (ConfUtils.java:logGet(43)) - raft.server.log.appender.install.snapshot.enabled = false (custom)
2019-10-07 08:26:58,856 [pool-257-thread-1] INFO  impl.RaftServerImpl (ServerState.java:<init>(103)) - 4f4083df-29c1-42a0-bf92-74775b50fce5@group-D0BE750F0FD5: ConfigurationManager, init=-1: [4f4083df-29c1-42a0-bf92-74775b50fce5:192.168.164.251:36526], old=null, confs=<EMPTY_MAP>
2019-10-07 08:26:58,857 [pool-257-thread-1] INFO  server.RaftServerConfigKeys (ConfUtils.java:logGet(43)) - raft.server.storage.dir = [/workdir/hadoop-ozone/integration-test/target/test-dir/MiniOzoneClusterImpl-d54a6d23-2328-4b81-b655-03ce46b7ab19/datanode-5/data/ratis] (custom)
2019-10-07 08:26:58,857 [pool-257-thread-1] INFO  server.RaftServerConfigKeys (ConfUtils.java:logGet(43)) - raft.server.log.corruption.policy = EXCEPTION (default)
2019-10-07 08:26:58,857 [pool-257-thread-1] INFO  storage.RaftStorageDirectory (RaftStorageDirectory.java:analyzeStorage(246)) - The storage directory /workdir/hadoop-ozone/integration-test/target/test-dir/MiniOzoneClusterImpl-d54a6d23-2328-4b81-b655-03ce46b7ab19/datanode-5/data/ratis/522b838e-fd59-4480-a6db-d0be750f0fd5 does not exist. Creating ...
2019-10-07 08:26:58,883 [pool-257-thread-1] INFO  storage.RaftStorageDirectory (RaftStorageDirectory.java:tryLock(328)) - Lock on /workdir/hadoop-ozone/integration-test/target/test-dir/MiniOzoneClusterImpl-d54a6d23-2328-4b81-b655-03ce46b7ab19/datanode-5/data/ratis/522b838e-fd59-4480-a6db-d0be750f0fd5/in_use.lock acquired by nodename 13710@pr-hdds-2239-kl4xt-1424884434
2019-10-07 08:26:58,908 [pool-257-thread-1] INFO  storage.RaftStorage (RaftStorage.java:format(84)) - Storage directory /workdir/hadoop-ozone/integration-test/target/test-dir/MiniOzoneClusterImpl-d54a6d23-2328-4b81-b655-03ce46b7ab19/datanode-5/data/ratis/522b838e-fd59-4480-a6db-d0be750f0fd5 has been successfully formatted.
2019-10-07 08:26:58,908 [pool-257-thread-1] INFO  ratis.ContainerStateMachine (ContainerStateMachine.java:loadSnapshot(231)) - group-D0BE750F0FD5: The snapshot info is null. Setting the last applied indexto:(t:0, i:~)
2019-10-07 08:26:58,909 [pool-257-thread-1] INFO  server.RaftServerConfigKeys (ConfUtils.java:logGet(43)) - raft.server.notification.no-leader.timeout = 120s (custom)
2019-10-07 08:26:58,909 [pool-257-thread-1] INFO  server.RaftServerConfigKeys (ConfUtils.java:logGet(43)) - raft.server.log.use.memory = false (default)
2019-10-07 08:26:58,909 [pool-257-thread-1] INFO  server.RaftServerConfigKeys (ConfUtils.java:logGet(43)) - raft.server.log.purge.gap = 1000000 (custom)
2019-10-07 08:26:58,909 [pool-257-thread-1] INFO  server.RaftServerConfigKeys (ConfUtils.java:logGet(43)) - raft.server.log.appender.buffer.byte-limit = 33554432 (custom)
2019-10-07 08:26:58,909 [pool-257-thread-1] INFO  server.RaftServerConfigKeys (ConfUtils.java:logGet(43)) - raft.server.log.segment.size.max = 1048576 (custom)
2019-10-07 08:26:58,912 [pool-257-thread-1] INFO  server.RaftServerConfigKeys (ConfUtils.java:logGet(43)) - raft.server.log.segment.cache.num.max = 2 (custom)
2019-10-07 08:26:58,912 [pool-257-thread-1] INFO  segmented.SegmentedRaftLogWorker (SegmentedRaftLogWorker.java:<init>(173)) - new 4f4083df-29c1-42a0-bf92-74775b50fce5@group-D0BE750F0FD5-SegmentedRaftLogWorker for RaftStorage:Storage Directory /workdir/hadoop-ozone/integration-test/target/test-dir/MiniOzoneClusterImpl-d54a6d23-2328-4b81-b655-03ce46b7ab19/datanode-5/data/ratis/522b838e-fd59-4480-a6db-d0be750f0fd5
2019-10-07 08:26:58,912 [pool-257-thread-1] INFO  server.RaftServerConfigKeys (ConfUtils.java:logGet(43)) - raft.server.log.queue.byte-limit = 2147483647 (custom)
2019-10-07 08:26:58,912 [pool-257-thread-1] INFO  server.RaftServerConfigKeys (ConfUtils.java:logGet(43)) - raft.server.log.queue.element-limit = 1024 (custom)
2019-10-07 08:26:58,912 [pool-257-thread-1] INFO  server.RaftServerConfigKeys (ConfUtils.java:logGet(43)) - raft.server.log.segment.size.max = 1048576 (custom)
2019-10-07 08:26:58,912 [pool-257-thread-1] INFO  server.RaftServerConfigKeys (ConfUtils.java:logGet(43)) - raft.server.log.preallocated.size = 16384 (custom)
2019-10-07 08:26:58,913 [pool-257-thread-1] INFO  server.RaftServerConfigKeys (ConfUtils.java:logGet(43)) - raft.server.log.write.buffer.size = 33554432 (custom)
2019-10-07 08:26:58,913 [pool-257-thread-1] INFO  server.RaftServerConfigKeys (ConfUtils.java:logGet(43)) - raft.server.log.force.sync.num = 128 (default)
2019-10-07 08:26:58,913 [pool-257-thread-1] INFO  server.RaftServerConfigKeys (ConfUtils.java:logGet(43)) - raft.server.log.statemachine.data.sync = true (default)
2019-10-07 08:26:58,913 [pool-257-thread-1] INFO  server.RaftServerConfigKeys (ConfUtils.java:logGet(43)) - raft.server.log.statemachine.data.sync.timeout = 10s (default)
2019-10-07 08:26:58,913 [pool-257-thread-1] INFO  server.RaftServerConfigKeys (ConfUtils.java:logGet(43)) - raft.server.log.statemachine.data.sync.timeout.retry = -1 (default)
2019-10-07 08:26:58,914 [pool-257-thread-1] INFO  server.RaftServerConfigKeys (ConfUtils.java:logGet(43)) - raft.server.log.statemachine.data.caching.enabled = true (custom)
2019-10-07 08:26:58,914 [pool-257-thread-1] INFO  segmented.SegmentedRaftLogWorker (SegmentedRaftLogWorker.java:lambda$new$0(128)) - 4f4083df-29c1-42a0-bf92-74775b50fce5@group-D0BE750F0FD5-SegmentedRaftLogWorker: flushIndex: setUnconditionally 0 -> -1
2019-10-07 08:26:58,914 [pool-257-thread-1] INFO  server.RaftServerConfigKeys (ConfUtils.java:logGet(43)) - raft.server.snapshot.auto.trigger.enabled = true (custom)
2019-10-07 08:26:58,914 [pool-257-thread-1] INFO  server.RaftServerConfigKeys (ConfUtils.java:logGet(43)) - raft.server.snapshot.auto.trigger.threshold = 10000 (custom)
2019-10-07 08:26:58,915 [pool-257-thread-1] INFO  server.RaftServerConfigKeys (ConfUtils.java:logGet(43)) - raft.server.snapshot.retention.file.num = 5 (custom)
2019-10-07 08:26:58,915 [pool-257-thread-1] INFO  server.RaftServerConfigKeys (ConfUtils.java:logGet(43)) - raft.server.retrycache.expirytime = 600000ms (custom)
2019-10-07 08:26:58,917 [pool-257-thread-1] INFO  impl.RaftServerImpl (RaftServerImpl.java:start(181)) - 4f4083df-29c1-42a0-bf92-74775b50fce5@group-D0BE750F0FD5: start as a follower, conf=-1: [4f4083df-29c1-42a0-bf92-74775b50fce5:192.168.164.251:36526], old=null
2019-10-07 08:26:58,917 [pool-257-thread-1] INFO  impl.RaftServerImpl (RaftServerImpl.java:setRole(170)) - 4f4083df-29c1-42a0-bf92-74775b50fce5@group-D0BE750F0FD5: changes role from      null to FOLLOWER at term 0 for startAsFollower
2019-10-07 08:26:58,917 [pool-257-thread-1] INFO  impl.RoleInfo (RoleInfo.java:updateAndGet(143)) - 4f4083df-29c1-42a0-bf92-74775b50fce5: start FollowerState
2019-10-07 08:26:58,918 [pool-257-thread-1] INFO  util.JmxRegister (JmxRegister.java:tryRegister(44)) - Successfully registered JMX Bean with object name Ratis:service=RaftServer,group=group-D0BE750F0FD5,id=4f4083df-29c1-42a0-bf92-74775b50fce5
2019-10-07 08:26:58,924 [RatisPipelineUtilsThread] INFO  pipeline.PipelineStateManager (PipelineStateManager.java:addPipeline(56)) - Created pipeline Pipeline[ Id: 522b838e-fd59-4480-a6db-d0be750f0fd5, Nodes: 4f4083df-29c1-42a0-bf92-74775b50fce5{ip: 192.168.164.251, host: pr-hdds-2239-kl4xt-1424884434, networkLocation: /default-rack, certSerialId: null}, Type:RATIS, Factor:ONE, State:OPEN]
2019-10-07 08:26:58,931 [grpc-default-executor-3] INFO  impl.RaftServerProxy (RaftServerProxy.java:addNew(89)) - 2aa6f7b3-a59e-4058-8af2-5381ad6af7db: addNew group-4A3F94BCACFA:[2aa6f7b3-a59e-4058-8af2-5381ad6af7db:192.168.164.251:40725] returns group-4A3F94BCACFA:java.util.concurrent.CompletableFuture@4c31cd6a[Not completed]
2019-10-07 08:26:58,933 [pool-267-thread-1] INFO  impl.RaftServerImpl (RaftServerImpl.java:<init>(95)) - 2aa6f7b3-a59e-4058-8af2-5381ad6af7db: new RaftServerImpl for group-4A3F94BCACFA:[2aa6f7b3-a59e-4058-8af2-5381ad6af7db:192.168.164.251:40725] with ContainerStateMachine:uninitialized
2019-10-07 08:26:58,933 [pool-267-thread-1] INFO  server.RaftServerConfigKeys (ConfUtils.java:logGet(43)) - raft.server.rpc.timeout.min = 5s (custom)
2019-10-07 08:26:58,933 [pool-267-thread-1] INFO  server.RaftServerConfigKeys (ConfUtils.java:logGet(43)) - raft.server.rpc.timeout.max = 5200ms (custom)
2019-10-07 08:26:58,933 [pool-267-thread-1] INFO  server.RaftServerConfigKeys (ConfUtils.java:logGet(43)) - raft.server.rpcslowness.timeout = 120s (custom)
2019-10-07 08:26:58,933 [pool-267-thread-1] INFO  server.RaftServerConfigKeys (ConfUtils.java:logGet(43)) - raft.server.sleep.deviation.threshold = 300 (default)
2019-10-07 08:26:58,934 [pool-267-thread-1] INFO  server.RaftServerConfigKeys (ConfUtils.java:logGet(43)) - raft.server.log.appender.install.snapshot.enabled = false (custom)
2019-10-07 08:26:58,934 [pool-267-thread-1] INFO  impl.RaftServerImpl (ServerState.java:<init>(103)) - 2aa6f7b3-a59e-4058-8af2-5381ad6af7db@group-4A3F94BCACFA: ConfigurationManager, init=-1: [2aa6f7b3-a59e-4058-8af2-5381ad6af7db:192.168.164.251:40725], old=null, confs=<EMPTY_MAP>
2019-10-07 08:26:58,934 [pool-267-thread-1] INFO  server.RaftServerConfigKeys (ConfUtils.java:logGet(43)) - raft.server.storage.dir = [/workdir/hadoop-ozone/integration-test/target/test-dir/MiniOzoneClusterImpl-d54a6d23-2328-4b81-b655-03ce46b7ab19/datanode-6/data/ratis] (custom)
2019-10-07 08:26:58,934 [pool-267-thread-1] INFO  server.RaftServerConfigKeys (ConfUtils.java:logGet(43)) - raft.server.log.corruption.policy = EXCEPTION (default)
2019-10-07 08:26:58,935 [pool-267-thread-1] INFO  storage.RaftStorageDirectory (RaftStorageDirectory.java:analyzeStorage(246)) - The storage directory /workdir/hadoop-ozone/integration-test/target/test-dir/MiniOzoneClusterImpl-d54a6d23-2328-4b81-b655-03ce46b7ab19/datanode-6/data/ratis/15a50d74-19e5-4dba-ba7c-4a3f94bcacfa does not exist. Creating ...
2019-10-07 08:26:58,958 [pool-267-thread-1] INFO  storage.RaftStorageDirectory (RaftStorageDirectory.java:tryLock(328)) - Lock on /workdir/hadoop-ozone/integration-test/target/test-dir/MiniOzoneClusterImpl-d54a6d23-2328-4b81-b655-03ce46b7ab19/datanode-6/data/ratis/15a50d74-19e5-4dba-ba7c-4a3f94bcacfa/in_use.lock acquired by nodename 13710@pr-hdds-2239-kl4xt-1424884434
2019-10-07 08:26:58,984 [pool-267-thread-1] INFO  storage.RaftStorage (RaftStorage.java:format(84)) - Storage directory /workdir/hadoop-ozone/integration-test/target/test-dir/MiniOzoneClusterImpl-d54a6d23-2328-4b81-b655-03ce46b7ab19/datanode-6/data/ratis/15a50d74-19e5-4dba-ba7c-4a3f94bcacfa has been successfully formatted.
2019-10-07 08:26:58,984 [pool-267-thread-1] INFO  ratis.ContainerStateMachine (ContainerStateMachine.java:loadSnapshot(231)) - group-4A3F94BCACFA: The snapshot info is null. Setting the last applied indexto:(t:0, i:~)
2019-10-07 08:26:58,984 [pool-267-thread-1] INFO  server.RaftServerConfigKeys (ConfUtils.java:logGet(43)) - raft.server.notification.no-leader.timeout = 120s (custom)
2019-10-07 08:26:58,985 [pool-267-thread-1] INFO  server.RaftServerConfigKeys (ConfUtils.java:logGet(43)) - raft.server.log.use.memory = false (default)
2019-10-07 08:26:58,985 [pool-267-thread-1] INFO  server.RaftServerConfigKeys (ConfUtils.java:logGet(43)) - raft.server.log.purge.gap = 1000000 (custom)
2019-10-07 08:26:58,985 [pool-267-thread-1] INFO  server.RaftServerConfigKeys (ConfUtils.java:logGet(43)) - raft.server.log.appender.buffer.byte-limit = 33554432 (custom)
2019-10-07 08:26:58,985 [pool-267-thread-1] INFO  server.RaftServerConfigKeys (ConfUtils.java:logGet(43)) - raft.server.log.segment.size.max = 1048576 (custom)
2019-10-07 08:26:58,987 [pool-267-thread-1] INFO  server.RaftServerConfigKeys (ConfUtils.java:logGet(43)) - raft.server.log.segment.cache.num.max = 2 (custom)
2019-10-07 08:26:58,987 [pool-267-thread-1] INFO  segmented.SegmentedRaftLogWorker (SegmentedRaftLogWorker.java:<init>(173)) - new 2aa6f7b3-a59e-4058-8af2-5381ad6af7db@group-4A3F94BCACFA-SegmentedRaftLogWorker for RaftStorage:Storage Directory /workdir/hadoop-ozone/integration-test/target/test-dir/MiniOzoneClusterImpl-d54a6d23-2328-4b81-b655-03ce46b7ab19/datanode-6/data/ratis/15a50d74-19e5-4dba-ba7c-4a3f94bcacfa
2019-10-07 08:26:58,987 [pool-267-thread-1] INFO  server.RaftServerConfigKeys (ConfUtils.java:logGet(43)) - raft.server.log.queue.byte-limit = 2147483647 (custom)
2019-10-07 08:26:58,987 [pool-267-thread-1] INFO  server.RaftServerConfigKeys (ConfUtils.java:logGet(43)) - raft.server.log.queue.element-limit = 1024 (custom)
2019-10-07 08:26:58,988 [pool-267-thread-1] INFO  server.RaftServerConfigKeys (ConfUtils.java:logGet(43)) - raft.server.log.segment.size.max = 1048576 (custom)
2019-10-07 08:26:58,988 [pool-267-thread-1] INFO  server.RaftServerConfigKeys (ConfUtils.java:logGet(43)) - raft.server.log.preallocated.size = 16384 (custom)
2019-10-07 08:26:58,988 [pool-267-thread-1] INFO  server.RaftServerConfigKeys (ConfUtils.java:logGet(43)) - raft.server.log.write.buffer.size = 33554432 (custom)
2019-10-07 08:26:58,988 [pool-267-thread-1] INFO  server.RaftServerConfigKeys (ConfUtils.java:logGet(43)) - raft.server.log.force.sync.num = 128 (default)
2019-10-07 08:26:58,988 [pool-267-thread-1] INFO  server.RaftServerConfigKeys (ConfUtils.java:logGet(43)) - raft.server.log.statemachine.data.sync = true (default)
2019-10-07 08:26:58,988 [pool-267-thread-1] INFO  server.RaftServerConfigKeys (ConfUtils.java:logGet(43)) - raft.server.log.statemachine.data.sync.timeout = 10s (default)
2019-10-07 08:26:58,988 [pool-267-thread-1] INFO  server.RaftServerConfigKeys (ConfUtils.java:logGet(43)) - raft.server.log.statemachine.data.sync.timeout.retry = -1 (default)
2019-10-07 08:26:58,989 [pool-267-thread-1] INFO  server.RaftServerConfigKeys (ConfUtils.java:logGet(43)) - raft.server.log.statemachine.data.caching.enabled = true (custom)
2019-10-07 08:26:58,989 [pool-267-thread-1] INFO  segmented.SegmentedRaftLogWorker (SegmentedRaftLogWorker.java:lambda$new$0(128)) - 2aa6f7b3-a59e-4058-8af2-5381ad6af7db@group-4A3F94BCACFA-SegmentedRaftLogWorker: flushIndex: setUnconditionally 0 -> -1
2019-10-07 08:26:58,990 [pool-267-thread-1] INFO  server.RaftServerConfigKeys (ConfUtils.java:logGet(43)) - raft.server.snapshot.auto.trigger.enabled = true (custom)
2019-10-07 08:26:58,990 [pool-267-thread-1] INFO  server.RaftServerConfigKeys (ConfUtils.java:logGet(43)) - raft.server.snapshot.auto.trigger.threshold = 10000 (custom)
2019-10-07 08:26:58,990 [pool-267-thread-1] INFO  server.RaftServerConfigKeys (ConfUtils.java:logGet(43)) - raft.server.snapshot.retention.file.num = 5 (custom)
2019-10-07 08:26:58,990 [pool-267-thread-1] INFO  server.RaftServerConfigKeys (ConfUtils.java:logGet(43)) - raft.server.retrycache.expirytime = 600000ms (custom)
2019-10-07 08:26:58,993 [pool-267-thread-1] INFO  impl.RaftServerImpl (RaftServerImpl.java:start(181)) - 2aa6f7b3-a59e-4058-8af2-5381ad6af7db@group-4A3F94BCACFA: start as a follower, conf=-1: [2aa6f7b3-a59e-4058-8af2-5381ad6af7db:192.168.164.251:40725], old=null
2019-10-07 08:26:58,993 [pool-267-thread-1] INFO  impl.RaftServerImpl (RaftServerImpl.java:setRole(170)) - 2aa6f7b3-a59e-4058-8af2-5381ad6af7db@group-4A3F94BCACFA: changes role from      null to FOLLOWER at term 0 for startAsFollower
2019-10-07 08:26:58,993 [pool-267-thread-1] INFO  impl.RoleInfo (RoleInfo.java:updateAndGet(143)) - 2aa6f7b3-a59e-4058-8af2-5381ad6af7db: start FollowerState
2019-10-07 08:26:58,993 [pool-267-thread-1] INFO  util.JmxRegister (JmxRegister.java:tryRegister(44)) - Successfully registered JMX Bean with object name Ratis:service=RaftServer,group=group-4A3F94BCACFA,id=2aa6f7b3-a59e-4058-8af2-5381ad6af7db
2019-10-07 08:26:59,000 [RatisPipelineUtilsThread] INFO  pipeline.PipelineStateManager (PipelineStateManager.java:addPipeline(56)) - Created pipeline Pipeline[ Id: 15a50d74-19e5-4dba-ba7c-4a3f94bcacfa, Nodes: 2aa6f7b3-a59e-4058-8af2-5381ad6af7db{ip: 192.168.164.251, host: pr-hdds-2239-kl4xt-1424884434, networkLocation: /default-rack, certSerialId: null}, Type:RATIS, Factor:ONE, State:OPEN]
2019-10-07 08:26:59,014 [grpc-default-executor-0] INFO  impl.RaftServerProxy (RaftServerProxy.java:addNew(89)) - 1220f68b-22f9-43b7-8239-f0ea73c643e6: addNew group-85450239316C:[2aa6f7b3-a59e-4058-8af2-5381ad6af7db:192.168.164.251:40725, 1220f68b-22f9-43b7-8239-f0ea73c643e6:192.168.164.251:33317, 19854c93-6789-4a4b-baec-170f8e9dd2d3:192.168.164.251:36807] returns group-85450239316C:java.util.concurrent.CompletableFuture@4b4ed642[Not completed]
2019-10-07 08:26:59,014 [grpc-default-executor-5] INFO  impl.RaftServerProxy (RaftServerProxy.java:addNew(89)) - 2aa6f7b3-a59e-4058-8af2-5381ad6af7db: addNew group-85450239316C:[2aa6f7b3-a59e-4058-8af2-5381ad6af7db:192.168.164.251:40725, 1220f68b-22f9-43b7-8239-f0ea73c643e6:192.168.164.251:33317, 19854c93-6789-4a4b-baec-170f8e9dd2d3:192.168.164.251:36807] returns group-85450239316C:java.util.concurrent.CompletableFuture@532bfe70[Not completed]
2019-10-07 08:26:59,014 [grpc-default-executor-0] INFO  impl.RaftServerProxy (RaftServerProxy.java:addNew(89)) - 19854c93-6789-4a4b-baec-170f8e9dd2d3: addNew group-85450239316C:[2aa6f7b3-a59e-4058-8af2-5381ad6af7db:192.168.164.251:40725, 1220f68b-22f9-43b7-8239-f0ea73c643e6:192.168.164.251:33317, 19854c93-6789-4a4b-baec-170f8e9dd2d3:192.168.164.251:36807] returns group-85450239316C:java.util.concurrent.CompletableFuture@476254e9[Not completed]
2019-10-07 08:26:59,016 [pool-227-thread-1] INFO  impl.RaftServerImpl (RaftServerImpl.java:<init>(95)) - 1220f68b-22f9-43b7-8239-f0ea73c643e6: new RaftServerImpl for group-85450239316C:[2aa6f7b3-a59e-4058-8af2-5381ad6af7db:192.168.164.251:40725, 1220f68b-22f9-43b7-8239-f0ea73c643e6:192.168.164.251:33317, 19854c93-6789-4a4b-baec-170f8e9dd2d3:192.168.164.251:36807] with ContainerStateMachine:uninitialized
2019-10-07 08:26:59,016 [pool-227-thread-1] INFO  server.RaftServerConfigKeys (ConfUtils.java:logGet(43)) - raft.server.rpc.timeout.min = 5s (custom)
2019-10-07 08:26:59,016 [pool-227-thread-1] INFO  server.RaftServerConfigKeys (ConfUtils.java:logGet(43)) - raft.server.rpc.timeout.max = 5200ms (custom)
2019-10-07 08:26:59,016 [pool-227-thread-1] INFO  server.RaftServerConfigKeys (ConfUtils.java:logGet(43)) - raft.server.rpcslowness.timeout = 120s (custom)
2019-10-07 08:26:59,016 [pool-237-thread-1] INFO  impl.RaftServerImpl (RaftServerImpl.java:<init>(95)) - 19854c93-6789-4a4b-baec-170f8e9dd2d3: new RaftServerImpl for group-85450239316C:[2aa6f7b3-a59e-4058-8af2-5381ad6af7db:192.168.164.251:40725, 1220f68b-22f9-43b7-8239-f0ea73c643e6:192.168.164.251:33317, 19854c93-6789-4a4b-baec-170f8e9dd2d3:192.168.164.251:36807] with ContainerStateMachine:uninitialized
2019-10-07 08:26:59,017 [pool-227-thread-1] INFO  server.RaftServerConfigKeys (ConfUtils.java:logGet(43)) - raft.server.sleep.deviation.threshold = 300 (default)
2019-10-07 08:26:59,017 [pool-237-thread-1] INFO  server.RaftServerConfigKeys (ConfUtils.java:logGet(43)) - raft.server.rpc.timeout.min = 5s (custom)
2019-10-07 08:26:59,017 [pool-227-thread-1] INFO  server.RaftServerConfigKeys (ConfUtils.java:logGet(43)) - raft.server.log.appender.install.snapshot.enabled = false (custom)
2019-10-07 08:26:59,017 [pool-237-thread-1] INFO  server.RaftServerConfigKeys (ConfUtils.java:logGet(43)) - raft.server.rpc.timeout.max = 5200ms (custom)
2019-10-07 08:26:59,017 [pool-267-thread-1] INFO  impl.RaftServerImpl (RaftServerImpl.java:<init>(95)) - 2aa6f7b3-a59e-4058-8af2-5381ad6af7db: new RaftServerImpl for group-85450239316C:[2aa6f7b3-a59e-4058-8af2-5381ad6af7db:192.168.164.251:40725, 1220f68b-22f9-43b7-8239-f0ea73c643e6:192.168.164.251:33317, 19854c93-6789-4a4b-baec-170f8e9dd2d3:192.168.164.251:36807] with ContainerStateMachine:uninitialized
2019-10-07 08:26:59,017 [pool-227-thread-1] INFO  impl.RaftServerImpl (ServerState.java:<init>(103)) - 1220f68b-22f9-43b7-8239-f0ea73c643e6@group-85450239316C: ConfigurationManager, init=-1: [2aa6f7b3-a59e-4058-8af2-5381ad6af7db:192.168.164.251:40725, 1220f68b-22f9-43b7-8239-f0ea73c643e6:192.168.164.251:33317, 19854c93-6789-4a4b-baec-170f8e9dd2d3:192.168.164.251:36807], old=null, confs=<EMPTY_MAP>
2019-10-07 08:26:59,017 [pool-267-thread-1] INFO  server.RaftServerConfigKeys (ConfUtils.java:logGet(43)) - raft.server.rpc.timeout.min = 5s (custom)
2019-10-07 08:26:59,017 [pool-237-thread-1] INFO  server.RaftServerConfigKeys (ConfUtils.java:logGet(43)) - raft.server.rpcslowness.timeout = 120s (custom)
2019-10-07 08:26:59,018 [pool-237-thread-1] INFO  server.RaftServerConfigKeys (ConfUtils.java:logGet(43)) - raft.server.sleep.deviation.threshold = 300 (default)
2019-10-07 08:26:59,018 [pool-267-thread-1] INFO  server.RaftServerConfigKeys (ConfUtils.java:logGet(43)) - raft.server.rpc.timeout.max = 5200ms (custom)
2019-10-07 08:26:59,017 [pool-227-thread-1] INFO  server.RaftServerConfigKeys (ConfUtils.java:logGet(43)) - raft.server.storage.dir = [/workdir/hadoop-ozone/integration-test/target/test-dir/MiniOzoneClusterImpl-d54a6d23-2328-4b81-b655-03ce46b7ab19/datanode-2/data/ratis] (custom)
2019-10-07 08:26:59,018 [pool-267-thread-1] INFO  server.RaftServerConfigKeys (ConfUtils.java:logGet(43)) - raft.server.rpcslowness.timeout = 120s (custom)
2019-10-07 08:26:59,018 [pool-237-thread-1] INFO  server.RaftServerConfigKeys (ConfUtils.java:logGet(43)) - raft.server.log.appender.install.snapshot.enabled = false (custom)
2019-10-07 08:26:59,018 [pool-267-thread-1] INFO  server.RaftServerConfigKeys (ConfUtils.java:logGet(43)) - raft.server.sleep.deviation.threshold = 300 (default)
2019-10-07 08:26:59,018 [pool-227-thread-1] INFO  server.RaftServerConfigKeys (ConfUtils.java:logGet(43)) - raft.server.log.corruption.policy = EXCEPTION (default)
2019-10-07 08:26:59,019 [pool-267-thread-1] INFO  server.RaftServerConfigKeys (ConfUtils.java:logGet(43)) - raft.server.log.appender.install.snapshot.enabled = false (custom)
2019-10-07 08:26:59,019 [pool-237-thread-1] INFO  impl.RaftServerImpl (ServerState.java:<init>(103)) - 19854c93-6789-4a4b-baec-170f8e9dd2d3@group-85450239316C: ConfigurationManager, init=-1: [2aa6f7b3-a59e-4058-8af2-5381ad6af7db:192.168.164.251:40725, 1220f68b-22f9-43b7-8239-f0ea73c643e6:192.168.164.251:33317, 19854c93-6789-4a4b-baec-170f8e9dd2d3:192.168.164.251:36807], old=null, confs=<EMPTY_MAP>
2019-10-07 08:26:59,019 [pool-267-thread-1] INFO  impl.RaftServerImpl (ServerState.java:<init>(103)) - 2aa6f7b3-a59e-4058-8af2-5381ad6af7db@group-85450239316C: ConfigurationManager, init=-1: [2aa6f7b3-a59e-4058-8af2-5381ad6af7db:192.168.164.251:40725, 1220f68b-22f9-43b7-8239-f0ea73c643e6:192.168.164.251:33317, 19854c93-6789-4a4b-baec-170f8e9dd2d3:192.168.164.251:36807], old=null, confs=<EMPTY_MAP>
2019-10-07 08:26:59,019 [pool-227-thread-1] INFO  storage.RaftStorageDirectory (RaftStorageDirectory.java:analyzeStorage(246)) - The storage directory /workdir/hadoop-ozone/integration-test/target/test-dir/MiniOzoneClusterImpl-d54a6d23-2328-4b81-b655-03ce46b7ab19/datanode-2/data/ratis/0c23e98d-eb8d-40a6-8064-85450239316c does not exist. Creating ...
2019-10-07 08:26:59,019 [pool-267-thread-1] INFO  server.RaftServerConfigKeys (ConfUtils.java:logGet(43)) - raft.server.storage.dir = [/workdir/hadoop-ozone/integration-test/target/test-dir/MiniOzoneClusterImpl-d54a6d23-2328-4b81-b655-03ce46b7ab19/datanode-6/data/ratis] (custom)
2019-10-07 08:26:59,019 [pool-237-thread-1] INFO  server.RaftServerConfigKeys (ConfUtils.java:logGet(43)) - raft.server.storage.dir = [/workdir/hadoop-ozone/integration-test/target/test-dir/MiniOzoneClusterImpl-d54a6d23-2328-4b81-b655-03ce46b7ab19/datanode-3/data/ratis] (custom)
2019-10-07 08:26:59,020 [pool-267-thread-1] INFO  server.RaftServerConfigKeys (ConfUtils.java:logGet(43)) - raft.server.log.corruption.policy = EXCEPTION (default)
2019-10-07 08:26:59,020 [pool-237-thread-1] INFO  server.RaftServerConfigKeys (ConfUtils.java:logGet(43)) - raft.server.log.corruption.policy = EXCEPTION (default)
2019-10-07 08:26:59,020 [pool-267-thread-1] INFO  storage.RaftStorageDirectory (RaftStorageDirectory.java:analyzeStorage(246)) - The storage directory /workdir/hadoop-ozone/integration-test/target/test-dir/MiniOzoneClusterImpl-d54a6d23-2328-4b81-b655-03ce46b7ab19/datanode-6/data/ratis/0c23e98d-eb8d-40a6-8064-85450239316c does not exist. Creating ...
2019-10-07 08:26:59,020 [pool-237-thread-1] INFO  storage.RaftStorageDirectory (RaftStorageDirectory.java:analyzeStorage(246)) - The storage directory /workdir/hadoop-ozone/integration-test/target/test-dir/MiniOzoneClusterImpl-d54a6d23-2328-4b81-b655-03ce46b7ab19/datanode-3/data/ratis/0c23e98d-eb8d-40a6-8064-85450239316c does not exist. Creating ...
2019-10-07 08:26:59,033 [pool-237-thread-1] INFO  storage.RaftStorageDirectory (RaftStorageDirectory.java:tryLock(328)) - Lock on /workdir/hadoop-ozone/integration-test/target/test-dir/MiniOzoneClusterImpl-d54a6d23-2328-4b81-b655-03ce46b7ab19/datanode-3/data/ratis/0c23e98d-eb8d-40a6-8064-85450239316c/in_use.lock acquired by nodename 13710@pr-hdds-2239-kl4xt-1424884434
2019-10-07 08:26:59,033 [pool-227-thread-1] INFO  storage.RaftStorageDirectory (RaftStorageDirectory.java:tryLock(328)) - Lock on /workdir/hadoop-ozone/integration-test/target/test-dir/MiniOzoneClusterImpl-d54a6d23-2328-4b81-b655-03ce46b7ab19/datanode-2/data/ratis/0c23e98d-eb8d-40a6-8064-85450239316c/in_use.lock acquired by nodename 13710@pr-hdds-2239-kl4xt-1424884434
2019-10-07 08:26:59,033 [pool-267-thread-1] INFO  storage.RaftStorageDirectory (RaftStorageDirectory.java:tryLock(328)) - Lock on /workdir/hadoop-ozone/integration-test/target/test-dir/MiniOzoneClusterImpl-d54a6d23-2328-4b81-b655-03ce46b7ab19/datanode-6/data/ratis/0c23e98d-eb8d-40a6-8064-85450239316c/in_use.lock acquired by nodename 13710@pr-hdds-2239-kl4xt-1424884434
2019-10-07 08:26:59,056 [pool-227-thread-1] INFO  storage.RaftStorage (RaftStorage.java:format(84)) - Storage directory /workdir/hadoop-ozone/integration-test/target/test-dir/MiniOzoneClusterImpl-d54a6d23-2328-4b81-b655-03ce46b7ab19/datanode-2/data/ratis/0c23e98d-eb8d-40a6-8064-85450239316c has been successfully formatted.
2019-10-07 08:26:59,056 [pool-237-thread-1] INFO  storage.RaftStorage (RaftStorage.java:format(84)) - Storage directory /workdir/hadoop-ozone/integration-test/target/test-dir/MiniOzoneClusterImpl-d54a6d23-2328-4b81-b655-03ce46b7ab19/datanode-3/data/ratis/0c23e98d-eb8d-40a6-8064-85450239316c has been successfully formatted.
2019-10-07 08:26:59,056 [pool-267-thread-1] INFO  storage.RaftStorage (RaftStorage.java:format(84)) - Storage directory /workdir/hadoop-ozone/integration-test/target/test-dir/MiniOzoneClusterImpl-d54a6d23-2328-4b81-b655-03ce46b7ab19/datanode-6/data/ratis/0c23e98d-eb8d-40a6-8064-85450239316c has been successfully formatted.
2019-10-07 08:26:59,056 [pool-227-thread-1] INFO  ratis.ContainerStateMachine (ContainerStateMachine.java:loadSnapshot(231)) - group-85450239316C: The snapshot info is null. Setting the last applied indexto:(t:0, i:~)
2019-10-07 08:26:59,057 [pool-237-thread-1] INFO  ratis.ContainerStateMachine (ContainerStateMachine.java:loadSnapshot(231)) - group-85450239316C: The snapshot info is null. Setting the last applied indexto:(t:0, i:~)
2019-10-07 08:26:59,057 [pool-267-thread-1] INFO  ratis.ContainerStateMachine (ContainerStateMachine.java:loadSnapshot(231)) - group-85450239316C: The snapshot info is null. Setting the last applied indexto:(t:0, i:~)
2019-10-07 08:26:59,057 [pool-227-thread-1] INFO  server.RaftServerConfigKeys (ConfUtils.java:logGet(43)) - raft.server.notification.no-leader.timeout = 120s (custom)
2019-10-07 08:26:59,057 [pool-237-thread-1] INFO  server.RaftServerConfigKeys (ConfUtils.java:logGet(43)) - raft.server.notification.no-leader.timeout = 120s (custom)
2019-10-07 08:26:59,057 [pool-267-thread-1] INFO  server.RaftServerConfigKeys (ConfUtils.java:logGet(43)) - raft.server.notification.no-leader.timeout = 120s (custom)
2019-10-07 08:26:59,057 [pool-237-thread-1] INFO  server.RaftServerConfigKeys (ConfUtils.java:logGet(43)) - raft.server.log.use.memory = false (default)
2019-10-07 08:26:59,057 [pool-227-thread-1] INFO  server.RaftServerConfigKeys (ConfUtils.java:logGet(43)) - raft.server.log.use.memory = false (default)
2019-10-07 08:26:59,058 [pool-237-thread-1] INFO  server.RaftServerConfigKeys (ConfUtils.java:logGet(43)) - raft.server.log.purge.gap = 1000000 (custom)
2019-10-07 08:26:59,057 [pool-267-thread-1] INFO  server.RaftServerConfigKeys (ConfUtils.java:logGet(43)) - raft.server.log.use.memory = false (default)
2019-10-07 08:26:59,058 [pool-237-thread-1] INFO  server.RaftServerConfigKeys (ConfUtils.java:logGet(43)) - raft.server.log.appender.buffer.byte-limit = 33554432 (custom)
2019-10-07 08:26:59,058 [pool-227-thread-1] INFO  server.RaftServerConfigKeys (ConfUtils.java:logGet(43)) - raft.server.log.purge.gap = 1000000 (custom)
2019-10-07 08:26:59,058 [pool-237-thread-1] INFO  server.RaftServerConfigKeys (ConfUtils.java:logGet(43)) - raft.server.log.segment.size.max = 1048576 (custom)
2019-10-07 08:26:59,058 [pool-267-thread-1] INFO  server.RaftServerConfigKeys (ConfUtils.java:logGet(43)) - raft.server.log.purge.gap = 1000000 (custom)
2019-10-07 08:26:59,059 [pool-237-thread-1] INFO  server.RaftServerConfigKeys (ConfUtils.java:logGet(43)) - raft.server.log.segment.cache.num.max = 2 (custom)
2019-10-07 08:26:59,058 [pool-227-thread-1] INFO  server.RaftServerConfigKeys (ConfUtils.java:logGet(43)) - raft.server.log.appender.buffer.byte-limit = 33554432 (custom)
2019-10-07 08:26:59,059 [pool-237-thread-1] INFO  segmented.SegmentedRaftLogWorker (SegmentedRaftLogWorker.java:<init>(173)) - new 19854c93-6789-4a4b-baec-170f8e9dd2d3@group-85450239316C-SegmentedRaftLogWorker for RaftStorage:Storage Directory /workdir/hadoop-ozone/integration-test/target/test-dir/MiniOzoneClusterImpl-d54a6d23-2328-4b81-b655-03ce46b7ab19/datanode-3/data/ratis/0c23e98d-eb8d-40a6-8064-85450239316c
2019-10-07 08:26:59,059 [pool-267-thread-1] INFO  server.RaftServerConfigKeys (ConfUtils.java:logGet(43)) - raft.server.log.appender.buffer.byte-limit = 33554432 (custom)
2019-10-07 08:26:59,059 [pool-237-thread-1] INFO  server.RaftServerConfigKeys (ConfUtils.java:logGet(43)) - raft.server.log.queue.byte-limit = 2147483647 (custom)
2019-10-07 08:26:59,059 [pool-227-thread-1] INFO  server.RaftServerConfigKeys (ConfUtils.java:logGet(43)) - raft.server.log.segment.size.max = 1048576 (custom)
2019-10-07 08:26:59,059 [pool-237-thread-1] INFO  server.RaftServerConfigKeys (ConfUtils.java:logGet(43)) - raft.server.log.queue.element-limit = 1024 (custom)
2019-10-07 08:26:59,059 [pool-267-thread-1] INFO  server.RaftServerConfigKeys (ConfUtils.java:logGet(43)) - raft.server.log.segment.size.max = 1048576 (custom)
2019-10-07 08:26:59,060 [pool-237-thread-1] INFO  server.RaftServerConfigKeys (ConfUtils.java:logGet(43)) - raft.server.log.segment.size.max = 1048576 (custom)
2019-10-07 08:26:59,060 [pool-227-thread-1] INFO  server.RaftServerConfigKeys (ConfUtils.java:logGet(43)) - raft.server.log.segment.cache.num.max = 2 (custom)
2019-10-07 08:26:59,060 [pool-237-thread-1] INFO  server.RaftServerConfigKeys (ConfUtils.java:logGet(43)) - raft.server.log.preallocated.size = 16384 (custom)
2019-10-07 08:26:59,060 [pool-267-thread-1] INFO  server.RaftServerConfigKeys (ConfUtils.java:logGet(43)) - raft.server.log.segment.cache.num.max = 2 (custom)
2019-10-07 08:26:59,060 [pool-237-thread-1] INFO  server.RaftServerConfigKeys (ConfUtils.java:logGet(43)) - raft.server.log.write.buffer.size = 33554432 (custom)
2019-10-07 08:26:59,060 [pool-227-thread-1] INFO  segmented.SegmentedRaftLogWorker (SegmentedRaftLogWorker.java:<init>(173)) - new 1220f68b-22f9-43b7-8239-f0ea73c643e6@group-85450239316C-SegmentedRaftLogWorker for RaftStorage:Storage Directory /workdir/hadoop-ozone/integration-test/target/test-dir/MiniOzoneClusterImpl-d54a6d23-2328-4b81-b655-03ce46b7ab19/datanode-2/data/ratis/0c23e98d-eb8d-40a6-8064-85450239316c
2019-10-07 08:26:59,060 [pool-237-thread-1] INFO  server.RaftServerConfigKeys (ConfUtils.java:logGet(43)) - raft.server.log.force.sync.num = 128 (default)
2019-10-07 08:26:59,060 [pool-267-thread-1] INFO  segmented.SegmentedRaftLogWorker (SegmentedRaftLogWorker.java:<init>(173)) - new 2aa6f7b3-a59e-4058-8af2-5381ad6af7db@group-85450239316C-SegmentedRaftLogWorker for RaftStorage:Storage Directory /workdir/hadoop-ozone/integration-test/target/test-dir/MiniOzoneClusterImpl-d54a6d23-2328-4b81-b655-03ce46b7ab19/datanode-6/data/ratis/0c23e98d-eb8d-40a6-8064-85450239316c
2019-10-07 08:26:59,061 [pool-237-thread-1] INFO  server.RaftServerConfigKeys (ConfUtils.java:logGet(43)) - raft.server.log.statemachine.data.sync = true (default)
2019-10-07 08:26:59,061 [pool-227-thread-1] INFO  server.RaftServerConfigKeys (ConfUtils.java:logGet(43)) - raft.server.log.queue.byte-limit = 2147483647 (custom)
2019-10-07 08:26:59,061 [pool-237-thread-1] INFO  server.RaftServerConfigKeys (ConfUtils.java:logGet(43)) - raft.server.log.statemachine.data.sync.timeout = 10s (default)
2019-10-07 08:26:59,061 [pool-267-thread-1] INFO  server.RaftServerConfigKeys (ConfUtils.java:logGet(43)) - raft.server.log.queue.byte-limit = 2147483647 (custom)
2019-10-07 08:26:59,061 [pool-237-thread-1] INFO  server.RaftServerConfigKeys (ConfUtils.java:logGet(43)) - raft.server.log.statemachine.data.sync.timeout.retry = -1 (default)
2019-10-07 08:26:59,061 [pool-227-thread-1] INFO  server.RaftServerConfigKeys (ConfUtils.java:logGet(43)) - raft.server.log.queue.element-limit = 1024 (custom)
2019-10-07 08:26:59,062 [pool-237-thread-1] INFO  server.RaftServerConfigKeys (ConfUtils.java:logGet(43)) - raft.server.log.statemachine.data.caching.enabled = true (custom)
2019-10-07 08:26:59,061 [pool-267-thread-1] INFO  server.RaftServerConfigKeys (ConfUtils.java:logGet(43)) - raft.server.log.queue.element-limit = 1024 (custom)
2019-10-07 08:26:59,062 [pool-227-thread-1] INFO  server.RaftServerConfigKeys (ConfUtils.java:logGet(43)) - raft.server.log.segment.size.max = 1048576 (custom)
2019-10-07 08:26:59,062 [pool-237-thread-1] INFO  segmented.SegmentedRaftLogWorker (SegmentedRaftLogWorker.java:lambda$new$0(128)) - 19854c93-6789-4a4b-baec-170f8e9dd2d3@group-85450239316C-SegmentedRaftLogWorker: flushIndex: setUnconditionally 0 -> -1
2019-10-07 08:26:59,062 [pool-267-thread-1] INFO  server.RaftServerConfigKeys (ConfUtils.java:logGet(43)) - raft.server.log.segment.size.max = 1048576 (custom)
2019-10-07 08:26:59,062 [pool-227-thread-1] INFO  server.RaftServerConfigKeys (ConfUtils.java:logGet(43)) - raft.server.log.preallocated.size = 16384 (custom)
2019-10-07 08:26:59,063 [pool-237-thread-1] INFO  server.RaftServerConfigKeys (ConfUtils.java:logGet(43)) - raft.server.snapshot.auto.trigger.enabled = true (custom)
2019-10-07 08:26:59,062 [pool-267-thread-1] INFO  server.RaftServerConfigKeys (ConfUtils.java:logGet(43)) - raft.server.log.preallocated.size = 16384 (custom)
2019-10-07 08:26:59,063 [pool-237-thread-1] INFO  server.RaftServerConfigKeys (ConfUtils.java:logGet(43)) - raft.server.snapshot.auto.trigger.threshold = 10000 (custom)
2019-10-07 08:26:59,063 [pool-227-thread-1] INFO  server.RaftServerConfigKeys (ConfUtils.java:logGet(43)) - raft.server.log.write.buffer.size = 33554432 (custom)
2019-10-07 08:26:59,063 [pool-237-thread-1] INFO  server.RaftServerConfigKeys (ConfUtils.java:logGet(43)) - raft.server.snapshot.retention.file.num = 5 (custom)
2019-10-07 08:26:59,063 [pool-267-thread-1] INFO  server.RaftServerConfigKeys (ConfUtils.java:logGet(43)) - raft.server.log.write.buffer.size = 33554432 (custom)
2019-10-07 08:26:59,063 [pool-237-thread-1] INFO  server.RaftServerConfigKeys (ConfUtils.java:logGet(43)) - raft.server.retrycache.expirytime = 600000ms (custom)
2019-10-07 08:26:59,063 [pool-227-thread-1] INFO  server.RaftServerConfigKeys (ConfUtils.java:logGet(43)) - raft.server.log.force.sync.num = 128 (default)
2019-10-07 08:26:59,063 [pool-267-thread-1] INFO  server.RaftServerConfigKeys (ConfUtils.java:logGet(43)) - raft.server.log.force.sync.num = 128 (default)
2019-10-07 08:26:59,064 [pool-227-thread-1] INFO  server.RaftServerConfigKeys (ConfUtils.java:logGet(43)) - raft.server.log.statemachine.data.sync = true (default)
2019-10-07 08:26:59,064 [pool-267-thread-1] INFO  server.RaftServerConfigKeys (ConfUtils.java:logGet(43)) - raft.server.log.statemachine.data.sync = true (default)
2019-10-07 08:26:59,064 [pool-227-thread-1] INFO  server.RaftServerConfigKeys (ConfUtils.java:logGet(43)) - raft.server.log.statemachine.data.sync.timeout = 10s (default)
2019-10-07 08:26:59,064 [pool-267-thread-1] INFO  server.RaftServerConfigKeys (ConfUtils.java:logGet(43)) - raft.server.log.statemachine.data.sync.timeout = 10s (default)
2019-10-07 08:26:59,064 [pool-227-thread-1] INFO  server.RaftServerConfigKeys (ConfUtils.java:logGet(43)) - raft.server.log.statemachine.data.sync.timeout.retry = -1 (default)
2019-10-07 08:26:59,064 [pool-267-thread-1] INFO  server.RaftServerConfigKeys (ConfUtils.java:logGet(43)) - raft.server.log.statemachine.data.sync.timeout.retry = -1 (default)
2019-10-07 08:26:59,064 [pool-227-thread-1] INFO  server.RaftServerConfigKeys (ConfUtils.java:logGet(43)) - raft.server.log.statemachine.data.caching.enabled = true (custom)
2019-10-07 08:26:59,065 [pool-267-thread-1] INFO  server.RaftServerConfigKeys (ConfUtils.java:logGet(43)) - raft.server.log.statemachine.data.caching.enabled = true (custom)
2019-10-07 08:26:59,065 [pool-227-thread-1] INFO  segmented.SegmentedRaftLogWorker (SegmentedRaftLogWorker.java:lambda$new$0(128)) - 1220f68b-22f9-43b7-8239-f0ea73c643e6@group-85450239316C-SegmentedRaftLogWorker: flushIndex: setUnconditionally 0 -> -1
2019-10-07 08:26:59,065 [pool-267-thread-1] INFO  segmented.SegmentedRaftLogWorker (SegmentedRaftLogWorker.java:lambda$new$0(128)) - 2aa6f7b3-a59e-4058-8af2-5381ad6af7db@group-85450239316C-SegmentedRaftLogWorker: flushIndex: setUnconditionally 0 -> -1
2019-10-07 08:26:59,065 [pool-227-thread-1] INFO  server.RaftServerConfigKeys (ConfUtils.java:logGet(43)) - raft.server.snapshot.auto.trigger.enabled = true (custom)
2019-10-07 08:26:59,065 [pool-227-thread-1] INFO  server.RaftServerConfigKeys (ConfUtils.java:logGet(43)) - raft.server.snapshot.auto.trigger.threshold = 10000 (custom)
2019-10-07 08:26:59,065 [pool-267-thread-1] INFO  server.RaftServerConfigKeys (ConfUtils.java:logGet(43)) - raft.server.snapshot.auto.trigger.enabled = true (custom)
2019-10-07 08:26:59,065 [pool-227-thread-1] INFO  server.RaftServerConfigKeys (ConfUtils.java:logGet(43)) - raft.server.snapshot.retention.file.num = 5 (custom)
2019-10-07 08:26:59,065 [pool-267-thread-1] INFO  server.RaftServerConfigKeys (ConfUtils.java:logGet(43)) - raft.server.snapshot.auto.trigger.threshold = 10000 (custom)
2019-10-07 08:26:59,065 [pool-227-thread-1] INFO  server.RaftServerConfigKeys (ConfUtils.java:logGet(43)) - raft.server.retrycache.expirytime = 600000ms (custom)
2019-10-07 08:26:59,066 [pool-267-thread-1] INFO  server.RaftServerConfigKeys (ConfUtils.java:logGet(43)) - raft.server.snapshot.retention.file.num = 5 (custom)
2019-10-07 08:26:59,066 [pool-267-thread-1] INFO  server.RaftServerConfigKeys (ConfUtils.java:logGet(43)) - raft.server.retrycache.expirytime = 600000ms (custom)
2019-10-07 08:26:59,067 [pool-237-thread-1] INFO  impl.RaftServerImpl (RaftServerImpl.java:start(181)) - 19854c93-6789-4a4b-baec-170f8e9dd2d3@group-85450239316C: start as a follower, conf=-1: [2aa6f7b3-a59e-4058-8af2-5381ad6af7db:192.168.164.251:40725, 1220f68b-22f9-43b7-8239-f0ea73c643e6:192.168.164.251:33317, 19854c93-6789-4a4b-baec-170f8e9dd2d3:192.168.164.251:36807], old=null
2019-10-07 08:26:59,067 [pool-237-thread-1] INFO  impl.RaftServerImpl (RaftServerImpl.java:setRole(170)) - 19854c93-6789-4a4b-baec-170f8e9dd2d3@group-85450239316C: changes role from      null to FOLLOWER at term 0 for startAsFollower
2019-10-07 08:26:59,067 [pool-237-thread-1] INFO  impl.RoleInfo (RoleInfo.java:updateAndGet(143)) - 19854c93-6789-4a4b-baec-170f8e9dd2d3: start FollowerState
2019-10-07 08:26:59,068 [pool-237-thread-1] INFO  util.JmxRegister (JmxRegister.java:tryRegister(44)) - Successfully registered JMX Bean with object name Ratis:service=RaftServer,group=group-85450239316C,id=19854c93-6789-4a4b-baec-170f8e9dd2d3
2019-10-07 08:26:59,068 [pool-227-thread-1] INFO  impl.RaftServerImpl (RaftServerImpl.java:start(181)) - 1220f68b-22f9-43b7-8239-f0ea73c643e6@group-85450239316C: start as a follower, conf=-1: [2aa6f7b3-a59e-4058-8af2-5381ad6af7db:192.168.164.251:40725, 1220f68b-22f9-43b7-8239-f0ea73c643e6:192.168.164.251:33317, 19854c93-6789-4a4b-baec-170f8e9dd2d3:192.168.164.251:36807], old=null
2019-10-07 08:26:59,068 [pool-267-thread-1] INFO  impl.RaftServerImpl (RaftServerImpl.java:start(181)) - 2aa6f7b3-a59e-4058-8af2-5381ad6af7db@group-85450239316C: start as a follower, conf=-1: [2aa6f7b3-a59e-4058-8af2-5381ad6af7db:192.168.164.251:40725, 1220f68b-22f9-43b7-8239-f0ea73c643e6:192.168.164.251:33317, 19854c93-6789-4a4b-baec-170f8e9dd2d3:192.168.164.251:36807], old=null
2019-10-07 08:26:59,068 [pool-227-thread-1] INFO  impl.RaftServerImpl (RaftServerImpl.java:setRole(170)) - 1220f68b-22f9-43b7-8239-f0ea73c643e6@group-85450239316C: changes role from      null to FOLLOWER at term 0 for startAsFollower
2019-10-07 08:26:59,068 [pool-267-thread-1] INFO  impl.RaftServerImpl (RaftServerImpl.java:setRole(170)) - 2aa6f7b3-a59e-4058-8af2-5381ad6af7db@group-85450239316C: changes role from      null to FOLLOWER at term 0 for startAsFollower
2019-10-07 08:26:59,068 [pool-227-thread-1] INFO  impl.RoleInfo (RoleInfo.java:updateAndGet(143)) - 1220f68b-22f9-43b7-8239-f0ea73c643e6: start FollowerState
2019-10-07 08:26:59,068 [pool-267-thread-1] INFO  impl.RoleInfo (RoleInfo.java:updateAndGet(143)) - 2aa6f7b3-a59e-4058-8af2-5381ad6af7db: start FollowerState
2019-10-07 08:26:59,069 [pool-227-thread-1] INFO  util.JmxRegister (JmxRegister.java:tryRegister(44)) - Successfully registered JMX Bean with object name Ratis:service=RaftServer,group=group-85450239316C,id=1220f68b-22f9-43b7-8239-f0ea73c643e6
2019-10-07 08:26:59,069 [pool-267-thread-1] INFO  util.JmxRegister (JmxRegister.java:tryRegister(44)) - Successfully registered JMX Bean with object name Ratis:service=RaftServer,group=group-85450239316C,id=2aa6f7b3-a59e-4058-8af2-5381ad6af7db
2019-10-07 08:26:59,086 [RatisPipelineUtilsThread] INFO  pipeline.PipelineStateManager (PipelineStateManager.java:addPipeline(56)) - Created pipeline Pipeline[ Id: 0c23e98d-eb8d-40a6-8064-85450239316c, Nodes: 2aa6f7b3-a59e-4058-8af2-5381ad6af7db{ip: 192.168.164.251, host: pr-hdds-2239-kl4xt-1424884434, networkLocation: /default-rack, certSerialId: null}1220f68b-22f9-43b7-8239-f0ea73c643e6{ip: 192.168.164.251, host: pr-hdds-2239-kl4xt-1424884434, networkLocation: /default-rack, certSerialId: null}19854c93-6789-4a4b-baec-170f8e9dd2d3{ip: 192.168.164.251, host: pr-hdds-2239-kl4xt-1424884434, networkLocation: /default-rack, certSerialId: null}, Type:RATIS, Factor:THREE, State:OPEN]
2019-10-07 08:26:59,102 [grpc-default-executor-0] INFO  impl.RaftServerProxy (RaftServerProxy.java:addNew(89)) - 5f8a5658-dc4e-4095-bcb9-1822e7b959f7: addNew group-9D82BEF71C9B:[14454c33-963f-4f0e-baf7-c43d45bec019:192.168.164.251:33134, 5f8a5658-dc4e-4095-bcb9-1822e7b959f7:192.168.164.251:34705, 4f4083df-29c1-42a0-bf92-74775b50fce5:192.168.164.251:36526] returns group-9D82BEF71C9B:java.util.concurrent.CompletableFuture@6d49ff96[Not completed]
2019-10-07 08:26:59,102 [grpc-default-executor-3] INFO  impl.RaftServerProxy (RaftServerProxy.java:addNew(89)) - 14454c33-963f-4f0e-baf7-c43d45bec019: addNew group-9D82BEF71C9B:[14454c33-963f-4f0e-baf7-c43d45bec019:192.168.164.251:33134, 5f8a5658-dc4e-4095-bcb9-1822e7b959f7:192.168.164.251:34705, 4f4083df-29c1-42a0-bf92-74775b50fce5:192.168.164.251:36526] returns group-9D82BEF71C9B:java.util.concurrent.CompletableFuture@31c8171d[Not completed]
2019-10-07 08:26:59,102 [grpc-default-executor-5] INFO  impl.RaftServerProxy (RaftServerProxy.java:addNew(89)) - 4f4083df-29c1-42a0-bf92-74775b50fce5: addNew group-9D82BEF71C9B:[14454c33-963f-4f0e-baf7-c43d45bec019:192.168.164.251:33134, 5f8a5658-dc4e-4095-bcb9-1822e7b959f7:192.168.164.251:34705, 4f4083df-29c1-42a0-bf92-74775b50fce5:192.168.164.251:36526] returns group-9D82BEF71C9B:java.util.concurrent.CompletableFuture@2aea1e00[Not completed]
2019-10-07 08:26:59,106 [pool-257-thread-1] INFO  impl.RaftServerImpl (RaftServerImpl.java:<init>(95)) - 4f4083df-29c1-42a0-bf92-74775b50fce5: new RaftServerImpl for group-9D82BEF71C9B:[14454c33-963f-4f0e-baf7-c43d45bec019:192.168.164.251:33134, 5f8a5658-dc4e-4095-bcb9-1822e7b959f7:192.168.164.251:34705, 4f4083df-29c1-42a0-bf92-74775b50fce5:192.168.164.251:36526] with ContainerStateMachine:uninitialized
2019-10-07 08:26:59,106 [pool-257-thread-1] INFO  server.RaftServerConfigKeys (ConfUtils.java:logGet(43)) - raft.server.rpc.timeout.min = 5s (custom)
2019-10-07 08:26:59,106 [pool-257-thread-1] INFO  server.RaftServerConfigKeys (ConfUtils.java:logGet(43)) - raft.server.rpc.timeout.max = 5200ms (custom)
2019-10-07 08:26:59,106 [pool-257-thread-1] INFO  server.RaftServerConfigKeys (ConfUtils.java:logGet(43)) - raft.server.rpcslowness.timeout = 120s (custom)
2019-10-07 08:26:59,106 [pool-257-thread-1] INFO  server.RaftServerConfigKeys (ConfUtils.java:logGet(43)) - raft.server.sleep.deviation.threshold = 300 (default)
2019-10-07 08:26:59,106 [pool-257-thread-1] INFO  server.RaftServerConfigKeys (ConfUtils.java:logGet(43)) - raft.server.log.appender.install.snapshot.enabled = false (custom)
2019-10-07 08:26:59,107 [pool-257-thread-1] INFO  impl.RaftServerImpl (ServerState.java:<init>(103)) - 4f4083df-29c1-42a0-bf92-74775b50fce5@group-9D82BEF71C9B: ConfigurationManager, init=-1: [14454c33-963f-4f0e-baf7-c43d45bec019:192.168.164.251:33134, 5f8a5658-dc4e-4095-bcb9-1822e7b959f7:192.168.164.251:34705, 4f4083df-29c1-42a0-bf92-74775b50fce5:192.168.164.251:36526], old=null, confs=<EMPTY_MAP>
2019-10-07 08:26:59,107 [pool-257-thread-1] INFO  server.RaftServerConfigKeys (ConfUtils.java:logGet(43)) - raft.server.storage.dir = [/workdir/hadoop-ozone/integration-test/target/test-dir/MiniOzoneClusterImpl-d54a6d23-2328-4b81-b655-03ce46b7ab19/datanode-5/data/ratis] (custom)
2019-10-07 08:26:59,107 [pool-207-thread-1] INFO  impl.RaftServerImpl (RaftServerImpl.java:<init>(95)) - 14454c33-963f-4f0e-baf7-c43d45bec019: new RaftServerImpl for group-9D82BEF71C9B:[14454c33-963f-4f0e-baf7-c43d45bec019:192.168.164.251:33134, 5f8a5658-dc4e-4095-bcb9-1822e7b959f7:192.168.164.251:34705, 4f4083df-29c1-42a0-bf92-74775b50fce5:192.168.164.251:36526] with ContainerStateMachine:uninitialized
2019-10-07 08:26:59,107 [pool-257-thread-1] INFO  server.RaftServerConfigKeys (ConfUtils.java:logGet(43)) - raft.server.log.corruption.policy = EXCEPTION (default)
2019-10-07 08:26:59,107 [pool-207-thread-1] INFO  server.RaftServerConfigKeys (ConfUtils.java:logGet(43)) - raft.server.rpc.timeout.min = 5s (custom)
2019-10-07 08:26:59,108 [pool-257-thread-1] INFO  storage.RaftStorageDirectory (RaftStorageDirectory.java:analyzeStorage(246)) - The storage directory /workdir/hadoop-ozone/integration-test/target/test-dir/MiniOzoneClusterImpl-d54a6d23-2328-4b81-b655-03ce46b7ab19/datanode-5/data/ratis/211a05e1-1d76-4fe4-a1be-9d82bef71c9b does not exist. Creating ...
2019-10-07 08:26:59,108 [pool-217-thread-1] INFO  impl.RaftServerImpl (RaftServerImpl.java:<init>(95)) - 5f8a5658-dc4e-4095-bcb9-1822e7b959f7: new RaftServerImpl for group-9D82BEF71C9B:[14454c33-963f-4f0e-baf7-c43d45bec019:192.168.164.251:33134, 5f8a5658-dc4e-4095-bcb9-1822e7b959f7:192.168.164.251:34705, 4f4083df-29c1-42a0-bf92-74775b50fce5:192.168.164.251:36526] with ContainerStateMachine:uninitialized
2019-10-07 08:26:59,108 [pool-207-thread-1] INFO  server.RaftServerConfigKeys (ConfUtils.java:logGet(43)) - raft.server.rpc.timeout.max = 5200ms (custom)
2019-10-07 08:26:59,108 [pool-217-thread-1] INFO  server.RaftServerConfigKeys (ConfUtils.java:logGet(43)) - raft.server.rpc.timeout.min = 5s (custom)
2019-10-07 08:26:59,108 [pool-207-thread-1] INFO  server.RaftServerConfigKeys (ConfUtils.java:logGet(43)) - raft.server.rpcslowness.timeout = 120s (custom)
2019-10-07 08:26:59,108 [pool-217-thread-1] INFO  server.RaftServerConfigKeys (ConfUtils.java:logGet(43)) - raft.server.rpc.timeout.max = 5200ms (custom)
2019-10-07 08:26:59,108 [pool-207-thread-1] INFO  server.RaftServerConfigKeys (ConfUtils.java:logGet(43)) - raft.server.sleep.deviation.threshold = 300 (default)
2019-10-07 08:26:59,109 [pool-217-thread-1] INFO  server.RaftServerConfigKeys (ConfUtils.java:logGet(43)) - raft.server.rpcslowness.timeout = 120s (custom)
2019-10-07 08:26:59,109 [pool-207-thread-1] INFO  server.RaftServerConfigKeys (ConfUtils.java:logGet(43)) - raft.server.log.appender.install.snapshot.enabled = false (custom)
2019-10-07 08:26:59,109 [pool-217-thread-1] INFO  server.RaftServerConfigKeys (ConfUtils.java:logGet(43)) - raft.server.sleep.deviation.threshold = 300 (default)
2019-10-07 08:26:59,109 [pool-207-thread-1] INFO  impl.RaftServerImpl (ServerState.java:<init>(103)) - 14454c33-963f-4f0e-baf7-c43d45bec019@group-9D82BEF71C9B: ConfigurationManager, init=-1: [14454c33-963f-4f0e-baf7-c43d45bec019:192.168.164.251:33134, 5f8a5658-dc4e-4095-bcb9-1822e7b959f7:192.168.164.251:34705, 4f4083df-29c1-42a0-bf92-74775b50fce5:192.168.164.251:36526], old=null, confs=<EMPTY_MAP>
2019-10-07 08:26:59,109 [pool-217-thread-1] INFO  server.RaftServerConfigKeys (ConfUtils.java:logGet(43)) - raft.server.log.appender.install.snapshot.enabled = false (custom)
2019-10-07 08:26:59,109 [pool-207-thread-1] INFO  server.RaftServerConfigKeys (ConfUtils.java:logGet(43)) - raft.server.storage.dir = [/workdir/hadoop-ozone/integration-test/target/test-dir/MiniOzoneClusterImpl-d54a6d23-2328-4b81-b655-03ce46b7ab19/datanode-0/data/ratis] (custom)
2019-10-07 08:26:59,110 [pool-217-thread-1] INFO  impl.RaftServerImpl (ServerState.java:<init>(103)) - 5f8a5658-dc4e-4095-bcb9-1822e7b959f7@group-9D82BEF71C9B: ConfigurationManager, init=-1: [14454c33-963f-4f0e-baf7-c43d45bec019:192.168.164.251:33134, 5f8a5658-dc4e-4095-bcb9-1822e7b959f7:192.168.164.251:34705, 4f4083df-29c1-42a0-bf92-74775b50fce5:192.168.164.251:36526], old=null, confs=<EMPTY_MAP>
2019-10-07 08:26:59,110 [pool-217-thread-1] INFO  server.RaftServerConfigKeys (ConfUtils.java:logGet(43)) - raft.server.storage.dir = [/workdir/hadoop-ozone/integration-test/target/test-dir/MiniOzoneClusterImpl-d54a6d23-2328-4b81-b655-03ce46b7ab19/datanode-1/data/ratis] (custom)
2019-10-07 08:26:59,110 [pool-207-thread-1] INFO  server.RaftServerConfigKeys (ConfUtils.java:logGet(43)) - raft.server.log.corruption.policy = EXCEPTION (default)
2019-10-07 08:26:59,110 [pool-217-thread-1] INFO  server.RaftServerConfigKeys (ConfUtils.java:logGet(43)) - raft.server.log.corruption.policy = EXCEPTION (default)
2019-10-07 08:26:59,110 [pool-207-thread-1] INFO  storage.RaftStorageDirectory (RaftStorageDirectory.java:analyzeStorage(246)) - The storage directory /workdir/hadoop-ozone/integration-test/target/test-dir/MiniOzoneClusterImpl-d54a6d23-2328-4b81-b655-03ce46b7ab19/datanode-0/data/ratis/211a05e1-1d76-4fe4-a1be-9d82bef71c9b does not exist. Creating ...
2019-10-07 08:26:59,110 [pool-217-thread-1] INFO  storage.RaftStorageDirectory (RaftStorageDirectory.java:analyzeStorage(246)) - The storage directory /workdir/hadoop-ozone/integration-test/target/test-dir/MiniOzoneClusterImpl-d54a6d23-2328-4b81-b655-03ce46b7ab19/datanode-1/data/ratis/211a05e1-1d76-4fe4-a1be-9d82bef71c9b does not exist. Creating ...
2019-10-07 08:26:59,131 [pool-207-thread-1] INFO  storage.RaftStorageDirectory (RaftStorageDirectory.java:tryLock(328)) - Lock on /workdir/hadoop-ozone/integration-test/target/test-dir/MiniOzoneClusterImpl-d54a6d23-2328-4b81-b655-03ce46b7ab19/datanode-0/data/ratis/211a05e1-1d76-4fe4-a1be-9d82bef71c9b/in_use.lock acquired by nodename 13710@pr-hdds-2239-kl4xt-1424884434
2019-10-07 08:26:59,131 [pool-217-thread-1] INFO  storage.RaftStorageDirectory (RaftStorageDirectory.java:tryLock(328)) - Lock on /workdir/hadoop-ozone/integration-test/target/test-dir/MiniOzoneClusterImpl-d54a6d23-2328-4b81-b655-03ce46b7ab19/datanode-1/data/ratis/211a05e1-1d76-4fe4-a1be-9d82bef71c9b/in_use.lock acquired by nodename 13710@pr-hdds-2239-kl4xt-1424884434
2019-10-07 08:26:59,131 [pool-257-thread-1] INFO  storage.RaftStorageDirectory (RaftStorageDirectory.java:tryLock(328)) - Lock on /workdir/hadoop-ozone/integration-test/target/test-dir/MiniOzoneClusterImpl-d54a6d23-2328-4b81-b655-03ce46b7ab19/datanode-5/data/ratis/211a05e1-1d76-4fe4-a1be-9d82bef71c9b/in_use.lock acquired by nodename 13710@pr-hdds-2239-kl4xt-1424884434
2019-10-07 08:26:59,155 [pool-207-thread-1] INFO  storage.RaftStorage (RaftStorage.java:format(84)) - Storage directory /workdir/hadoop-ozone/integration-test/target/test-dir/MiniOzoneClusterImpl-d54a6d23-2328-4b81-b655-03ce46b7ab19/datanode-0/data/ratis/211a05e1-1d76-4fe4-a1be-9d82bef71c9b has been successfully formatted.
2019-10-07 08:26:59,155 [pool-217-thread-1] INFO  storage.RaftStorage (RaftStorage.java:format(84)) - Storage directory /workdir/hadoop-ozone/integration-test/target/test-dir/MiniOzoneClusterImpl-d54a6d23-2328-4b81-b655-03ce46b7ab19/datanode-1/data/ratis/211a05e1-1d76-4fe4-a1be-9d82bef71c9b has been successfully formatted.
2019-10-07 08:26:59,155 [pool-257-thread-1] INFO  storage.RaftStorage (RaftStorage.java:format(84)) - Storage directory /workdir/hadoop-ozone/integration-test/target/test-dir/MiniOzoneClusterImpl-d54a6d23-2328-4b81-b655-03ce46b7ab19/datanode-5/data/ratis/211a05e1-1d76-4fe4-a1be-9d82bef71c9b has been successfully formatted.
2019-10-07 08:26:59,155 [pool-207-thread-1] INFO  ratis.ContainerStateMachine (ContainerStateMachine.java:loadSnapshot(231)) - group-9D82BEF71C9B: The snapshot info is null. Setting the last applied indexto:(t:0, i:~)
2019-10-07 08:26:59,155 [pool-217-thread-1] INFO  ratis.ContainerStateMachine (ContainerStateMachine.java:loadSnapshot(231)) - group-9D82BEF71C9B: The snapshot info is null. Setting the last applied indexto:(t:0, i:~)
2019-10-07 08:26:59,155 [pool-207-thread-1] INFO  server.RaftServerConfigKeys (ConfUtils.java:logGet(43)) - raft.server.notification.no-leader.timeout = 120s (custom)
2019-10-07 08:26:59,155 [pool-257-thread-1] INFO  ratis.ContainerStateMachine (ContainerStateMachine.java:loadSnapshot(231)) - group-9D82BEF71C9B: The snapshot info is null. Setting the last applied indexto:(t:0, i:~)
2019-10-07 08:26:59,156 [pool-207-thread-1] INFO  server.RaftServerConfigKeys (ConfUtils.java:logGet(43)) - raft.server.log.use.memory = false (default)
2019-10-07 08:26:59,155 [pool-217-thread-1] INFO  server.RaftServerConfigKeys (ConfUtils.java:logGet(43)) - raft.server.notification.no-leader.timeout = 120s (custom)
2019-10-07 08:26:59,156 [pool-207-thread-1] INFO  server.RaftServerConfigKeys (ConfUtils.java:logGet(43)) - raft.server.log.purge.gap = 1000000 (custom)
2019-10-07 08:26:59,156 [pool-257-thread-1] INFO  server.RaftServerConfigKeys (ConfUtils.java:logGet(43)) - raft.server.notification.no-leader.timeout = 120s (custom)
2019-10-07 08:26:59,156 [pool-207-thread-1] INFO  server.RaftServerConfigKeys (ConfUtils.java:logGet(43)) - raft.server.log.appender.buffer.byte-limit = 33554432 (custom)
2019-10-07 08:26:59,156 [pool-217-thread-1] INFO  server.RaftServerConfigKeys (ConfUtils.java:logGet(43)) - raft.server.log.use.memory = false (default)
2019-10-07 08:26:59,156 [pool-207-thread-1] INFO  server.RaftServerConfigKeys (ConfUtils.java:logGet(43)) - raft.server.log.segment.size.max = 1048576 (custom)
2019-10-07 08:26:59,156 [pool-257-thread-1] INFO  server.RaftServerConfigKeys (ConfUtils.java:logGet(43)) - raft.server.log.use.memory = false (default)
2019-10-07 08:26:59,157 [pool-207-thread-1] INFO  server.RaftServerConfigKeys (ConfUtils.java:logGet(43)) - raft.server.log.segment.cache.num.max = 2 (custom)
2019-10-07 08:26:59,157 [pool-217-thread-1] INFO  server.RaftServerConfigKeys (ConfUtils.java:logGet(43)) - raft.server.log.purge.gap = 1000000 (custom)
2019-10-07 08:26:59,157 [pool-207-thread-1] INFO  segmented.SegmentedRaftLogWorker (SegmentedRaftLogWorker.java:<init>(173)) - new 14454c33-963f-4f0e-baf7-c43d45bec019@group-9D82BEF71C9B-SegmentedRaftLogWorker for RaftStorage:Storage Directory /workdir/hadoop-ozone/integration-test/target/test-dir/MiniOzoneClusterImpl-d54a6d23-2328-4b81-b655-03ce46b7ab19/datanode-0/data/ratis/211a05e1-1d76-4fe4-a1be-9d82bef71c9b
2019-10-07 08:26:59,157 [pool-257-thread-1] INFO  server.RaftServerConfigKeys (ConfUtils.java:logGet(43)) - raft.server.log.purge.gap = 1000000 (custom)
2019-10-07 08:26:59,157 [pool-207-thread-1] INFO  server.RaftServerConfigKeys (ConfUtils.java:logGet(43)) - raft.server.log.queue.byte-limit = 2147483647 (custom)
2019-10-07 08:26:59,157 [pool-217-thread-1] INFO  server.RaftServerConfigKeys (ConfUtils.java:logGet(43)) - raft.server.log.appender.buffer.byte-limit = 33554432 (custom)
2019-10-07 08:26:59,157 [pool-207-thread-1] INFO  server.RaftServerConfigKeys (ConfUtils.java:logGet(43)) - raft.server.log.queue.element-limit = 1024 (custom)
2019-10-07 08:26:59,157 [pool-257-thread-1] INFO  server.RaftServerConfigKeys (ConfUtils.java:logGet(43)) - raft.server.log.appender.buffer.byte-limit = 33554432 (custom)
2019-10-07 08:26:59,158 [pool-207-thread-1] INFO  server.RaftServerConfigKeys (ConfUtils.java:logGet(43)) - raft.server.log.segment.size.max = 1048576 (custom)
2019-10-07 08:26:59,158 [pool-217-thread-1] INFO  server.RaftServerConfigKeys (ConfUtils.java:logGet(43)) - raft.server.log.segment.size.max = 1048576 (custom)
2019-10-07 08:26:59,158 [pool-207-thread-1] INFO  server.RaftServerConfigKeys (ConfUtils.java:logGet(43)) - raft.server.log.preallocated.size = 16384 (custom)
2019-10-07 08:26:59,158 [pool-257-thread-1] INFO  server.RaftServerConfigKeys (ConfUtils.java:logGet(43)) - raft.server.log.segment.size.max = 1048576 (custom)
2019-10-07 08:26:59,158 [pool-207-thread-1] INFO  server.RaftServerConfigKeys (ConfUtils.java:logGet(43)) - raft.server.log.write.buffer.size = 33554432 (custom)
2019-10-07 08:26:59,158 [pool-217-thread-1] INFO  server.RaftServerConfigKeys (ConfUtils.java:logGet(43)) - raft.server.log.segment.cache.num.max = 2 (custom)
2019-10-07 08:26:59,158 [pool-207-thread-1] INFO  server.RaftServerConfigKeys (ConfUtils.java:logGet(43)) - raft.server.log.force.sync.num = 128 (default)
2019-10-07 08:26:59,158 [pool-257-thread-1] INFO  server.RaftServerConfigKeys (ConfUtils.java:logGet(43)) - raft.server.log.segment.cache.num.max = 2 (custom)
2019-10-07 08:26:59,159 [pool-207-thread-1] INFO  server.RaftServerConfigKeys (ConfUtils.java:logGet(43)) - raft.server.log.statemachine.data.sync = true (default)
2019-10-07 08:26:59,159 [pool-217-thread-1] INFO  segmented.SegmentedRaftLogWorker (SegmentedRaftLogWorker.java:<init>(173)) - new 5f8a5658-dc4e-4095-bcb9-1822e7b959f7@group-9D82BEF71C9B-SegmentedRaftLogWorker for RaftStorage:Storage Directory /workdir/hadoop-ozone/integration-test/target/test-dir/MiniOzoneClusterImpl-d54a6d23-2328-4b81-b655-03ce46b7ab19/datanode-1/data/ratis/211a05e1-1d76-4fe4-a1be-9d82bef71c9b
2019-10-07 08:26:59,159 [pool-207-thread-1] INFO  server.RaftServerConfigKeys (ConfUtils.java:logGet(43)) - raft.server.log.statemachine.data.sync.timeout = 10s (default)
2019-10-07 08:26:59,159 [pool-257-thread-1] INFO  segmented.SegmentedRaftLogWorker (SegmentedRaftLogWorker.java:<init>(173)) - new 4f4083df-29c1-42a0-bf92-74775b50fce5@group-9D82BEF71C9B-SegmentedRaftLogWorker for RaftStorage:Storage Directory /workdir/hadoop-ozone/integration-test/target/test-dir/MiniOzoneClusterImpl-d54a6d23-2328-4b81-b655-03ce46b7ab19/datanode-5/data/ratis/211a05e1-1d76-4fe4-a1be-9d82bef71c9b
2019-10-07 08:26:59,159 [pool-207-thread-1] INFO  server.RaftServerConfigKeys (ConfUtils.java:logGet(43)) - raft.server.log.statemachine.data.sync.timeout.retry = -1 (default)
2019-10-07 08:26:59,159 [pool-217-thread-1] INFO  server.RaftServerConfigKeys (ConfUtils.java:logGet(43)) - raft.server.log.queue.byte-limit = 2147483647 (custom)
2019-10-07 08:26:59,159 [pool-207-thread-1] INFO  server.RaftServerConfigKeys (ConfUtils.java:logGet(43)) - raft.server.log.statemachine.data.caching.enabled = true (custom)
2019-10-07 08:26:59,159 [pool-257-thread-1] INFO  server.RaftServerConfigKeys (ConfUtils.java:logGet(43)) - raft.server.log.queue.byte-limit = 2147483647 (custom)
2019-10-07 08:26:59,160 [pool-217-thread-1] INFO  server.RaftServerConfigKeys (ConfUtils.java:logGet(43)) - raft.server.log.queue.element-limit = 1024 (custom)
2019-10-07 08:26:59,160 [pool-207-thread-1] INFO  segmented.SegmentedRaftLogWorker (SegmentedRaftLogWorker.java:lambda$new$0(128)) - 14454c33-963f-4f0e-baf7-c43d45bec019@group-9D82BEF71C9B-SegmentedRaftLogWorker: flushIndex: setUnconditionally 0 -> -1
2019-10-07 08:26:59,160 [pool-257-thread-1] INFO  server.RaftServerConfigKeys (ConfUtils.java:logGet(43)) - raft.server.log.queue.element-limit = 1024 (custom)
2019-10-07 08:26:59,160 [pool-217-thread-1] INFO  server.RaftServerConfigKeys (ConfUtils.java:logGet(43)) - raft.server.log.segment.size.max = 1048576 (custom)
2019-10-07 08:26:59,160 [pool-207-thread-1] INFO  server.RaftServerConfigKeys (ConfUtils.java:logGet(43)) - raft.server.snapshot.auto.trigger.enabled = true (custom)
2019-10-07 08:26:59,160 [pool-257-thread-1] INFO  server.RaftServerConfigKeys (ConfUtils.java:logGet(43)) - raft.server.log.segment.size.max = 1048576 (custom)
2019-10-07 08:26:59,160 [pool-207-thread-1] INFO  server.RaftServerConfigKeys (ConfUtils.java:logGet(43)) - raft.server.snapshot.auto.trigger.threshold = 10000 (custom)
2019-10-07 08:26:59,160 [pool-217-thread-1] INFO  server.RaftServerConfigKeys (ConfUtils.java:logGet(43)) - raft.server.log.preallocated.size = 16384 (custom)
2019-10-07 08:26:59,161 [pool-207-thread-1] INFO  server.RaftServerConfigKeys (ConfUtils.java:logGet(43)) - raft.server.snapshot.retention.file.num = 5 (custom)
2019-10-07 08:26:59,161 [pool-257-thread-1] INFO  server.RaftServerConfigKeys (ConfUtils.java:logGet(43)) - raft.server.log.preallocated.size = 16384 (custom)
2019-10-07 08:26:59,161 [pool-207-thread-1] INFO  server.RaftServerConfigKeys (ConfUtils.java:logGet(43)) - raft.server.retrycache.expirytime = 600000ms (custom)
2019-10-07 08:26:59,161 [pool-217-thread-1] INFO  server.RaftServerConfigKeys (ConfUtils.java:logGet(43)) - raft.server.log.write.buffer.size = 33554432 (custom)
2019-10-07 08:26:59,161 [pool-257-thread-1] INFO  server.RaftServerConfigKeys (ConfUtils.java:logGet(43)) - raft.server.log.write.buffer.size = 33554432 (custom)
2019-10-07 08:26:59,161 [pool-217-thread-1] INFO  server.RaftServerConfigKeys (ConfUtils.java:logGet(43)) - raft.server.log.force.sync.num = 128 (default)
2019-10-07 08:26:59,161 [pool-257-thread-1] INFO  server.RaftServerConfigKeys (ConfUtils.java:logGet(43)) - raft.server.log.force.sync.num = 128 (default)
2019-10-07 08:26:59,162 [pool-217-thread-1] INFO  server.RaftServerConfigKeys (ConfUtils.java:logGet(43)) - raft.server.log.statemachine.data.sync = true (default)
2019-10-07 08:26:59,162 [pool-257-thread-1] INFO  server.RaftServerConfigKeys (ConfUtils.java:logGet(43)) - raft.server.log.statemachine.data.sync = true (default)
2019-10-07 08:26:59,162 [pool-217-thread-1] INFO  server.RaftServerConfigKeys (ConfUtils.java:logGet(43)) - raft.server.log.statemachine.data.sync.timeout = 10s (default)
2019-10-07 08:26:59,162 [pool-257-thread-1] INFO  server.RaftServerConfigKeys (ConfUtils.java:logGet(43)) - raft.server.log.statemachine.data.sync.timeout = 10s (default)
2019-10-07 08:26:59,162 [pool-217-thread-1] INFO  server.RaftServerConfigKeys (ConfUtils.java:logGet(43)) - raft.server.log.statemachine.data.sync.timeout.retry = -1 (default)
2019-10-07 08:26:59,162 [pool-257-thread-1] INFO  server.RaftServerConfigKeys (ConfUtils.java:logGet(43)) - raft.server.log.statemachine.data.sync.timeout.retry = -1 (default)
2019-10-07 08:26:59,162 [pool-217-thread-1] INFO  server.RaftServerConfigKeys (ConfUtils.java:logGet(43)) - raft.server.log.statemachine.data.caching.enabled = true (custom)
2019-10-07 08:26:59,163 [pool-257-thread-1] INFO  server.RaftServerConfigKeys (ConfUtils.java:logGet(43)) - raft.server.log.statemachine.data.caching.enabled = true (custom)
2019-10-07 08:26:59,163 [pool-217-thread-1] INFO  segmented.SegmentedRaftLogWorker (SegmentedRaftLogWorker.java:lambda$new$0(128)) - 5f8a5658-dc4e-4095-bcb9-1822e7b959f7@group-9D82BEF71C9B-SegmentedRaftLogWorker: flushIndex: setUnconditionally 0 -> -1
2019-10-07 08:26:59,163 [pool-257-thread-1] INFO  segmented.SegmentedRaftLogWorker (SegmentedRaftLogWorker.java:lambda$new$0(128)) - 4f4083df-29c1-42a0-bf92-74775b50fce5@group-9D82BEF71C9B-SegmentedRaftLogWorker: flushIndex: setUnconditionally 0 -> -1
2019-10-07 08:26:59,163 [pool-217-thread-1] INFO  server.RaftServerConfigKeys (ConfUtils.java:logGet(43)) - raft.server.snapshot.auto.trigger.enabled = true (custom)
2019-10-07 08:26:59,163 [pool-257-thread-1] INFO  server.RaftServerConfigKeys (ConfUtils.java:logGet(43)) - raft.server.snapshot.auto.trigger.enabled = true (custom)
2019-10-07 08:26:59,163 [pool-217-thread-1] INFO  server.RaftServerConfigKeys (ConfUtils.java:logGet(43)) - raft.server.snapshot.auto.trigger.threshold = 10000 (custom)
2019-10-07 08:26:59,163 [pool-207-thread-1] INFO  impl.RaftServerImpl (RaftServerImpl.java:start(181)) - 14454c33-963f-4f0e-baf7-c43d45bec019@group-9D82BEF71C9B: start as a follower, conf=-1: [14454c33-963f-4f0e-baf7-c43d45bec019:192.168.164.251:33134, 5f8a5658-dc4e-4095-bcb9-1822e7b959f7:192.168.164.251:34705, 4f4083df-29c1-42a0-bf92-74775b50fce5:192.168.164.251:36526], old=null
2019-10-07 08:26:59,163 [pool-257-thread-1] INFO  server.RaftServerConfigKeys (ConfUtils.java:logGet(43)) - raft.server.snapshot.auto.trigger.threshold = 10000 (custom)
2019-10-07 08:26:59,164 [pool-207-thread-1] INFO  impl.RaftServerImpl (RaftServerImpl.java:setRole(170)) - 14454c33-963f-4f0e-baf7-c43d45bec019@group-9D82BEF71C9B: changes role from      null to FOLLOWER at term 0 for startAsFollower
2019-10-07 08:26:59,163 [pool-217-thread-1] INFO  server.RaftServerConfigKeys (ConfUtils.java:logGet(43)) - raft.server.snapshot.retention.file.num = 5 (custom)
2019-10-07 08:26:59,164 [pool-207-thread-1] INFO  impl.RoleInfo (RoleInfo.java:updateAndGet(143)) - 14454c33-963f-4f0e-baf7-c43d45bec019: start FollowerState
2019-10-07 08:26:59,164 [pool-257-thread-1] INFO  server.RaftServerConfigKeys (ConfUtils.java:logGet(43)) - raft.server.snapshot.retention.file.num = 5 (custom)
2019-10-07 08:26:59,164 [pool-217-thread-1] INFO  server.RaftServerConfigKeys (ConfUtils.java:logGet(43)) - raft.server.retrycache.expirytime = 600000ms (custom)
2019-10-07 08:26:59,164 [pool-257-thread-1] INFO  server.RaftServerConfigKeys (ConfUtils.java:logGet(43)) - raft.server.retrycache.expirytime = 600000ms (custom)
2019-10-07 08:26:59,164 [pool-207-thread-1] INFO  util.JmxRegister (JmxRegister.java:tryRegister(44)) - Successfully registered JMX Bean with object name Ratis:service=RaftServer,group=group-9D82BEF71C9B,id=14454c33-963f-4f0e-baf7-c43d45bec019
2019-10-07 08:26:59,168 [pool-217-thread-1] INFO  impl.RaftServerImpl (RaftServerImpl.java:start(181)) - 5f8a5658-dc4e-4095-bcb9-1822e7b959f7@group-9D82BEF71C9B: start as a follower, conf=-1: [14454c33-963f-4f0e-baf7-c43d45bec019:192.168.164.251:33134, 5f8a5658-dc4e-4095-bcb9-1822e7b959f7:192.168.164.251:34705, 4f4083df-29c1-42a0-bf92-74775b50fce5:192.168.164.251:36526], old=null
2019-10-07 08:26:59,168 [pool-217-thread-1] INFO  impl.RaftServerImpl (RaftServerImpl.java:setRole(170)) - 5f8a5658-dc4e-4095-bcb9-1822e7b959f7@group-9D82BEF71C9B: changes role from      null to FOLLOWER at term 0 for startAsFollower
2019-10-07 08:26:59,168 [pool-217-thread-1] INFO  impl.RoleInfo (RoleInfo.java:updateAndGet(143)) - 5f8a5658-dc4e-4095-bcb9-1822e7b959f7: start FollowerState
2019-10-07 08:26:59,169 [pool-217-thread-1] INFO  util.JmxRegister (JmxRegister.java:tryRegister(44)) - Successfully registered JMX Bean with object name Ratis:service=RaftServer,group=group-9D82BEF71C9B,id=5f8a5658-dc4e-4095-bcb9-1822e7b959f7
2019-10-07 08:26:59,169 [pool-257-thread-1] INFO  impl.RaftServerImpl (RaftServerImpl.java:start(181)) - 4f4083df-29c1-42a0-bf92-74775b50fce5@group-9D82BEF71C9B: start as a follower, conf=-1: [14454c33-963f-4f0e-baf7-c43d45bec019:192.168.164.251:33134, 5f8a5658-dc4e-4095-bcb9-1822e7b959f7:192.168.164.251:34705, 4f4083df-29c1-42a0-bf92-74775b50fce5:192.168.164.251:36526], old=null
2019-10-07 08:26:59,169 [pool-257-thread-1] INFO  impl.RaftServerImpl (RaftServerImpl.java:setRole(170)) - 4f4083df-29c1-42a0-bf92-74775b50fce5@group-9D82BEF71C9B: changes role from      null to FOLLOWER at term 0 for startAsFollower
2019-10-07 08:26:59,169 [pool-257-thread-1] INFO  impl.RoleInfo (RoleInfo.java:updateAndGet(143)) - 4f4083df-29c1-42a0-bf92-74775b50fce5: start FollowerState
2019-10-07 08:26:59,169 [pool-257-thread-1] INFO  util.JmxRegister (JmxRegister.java:tryRegister(44)) - Successfully registered JMX Bean with object name Ratis:service=RaftServer,group=group-9D82BEF71C9B,id=4f4083df-29c1-42a0-bf92-74775b50fce5
2019-10-07 08:26:59,182 [RatisPipelineUtilsThread] INFO  pipeline.PipelineStateManager (PipelineStateManager.java:addPipeline(56)) - Created pipeline Pipeline[ Id: 211a05e1-1d76-4fe4-a1be-9d82bef71c9b, Nodes: 14454c33-963f-4f0e-baf7-c43d45bec019{ip: 192.168.164.251, host: pr-hdds-2239-kl4xt-1424884434, networkLocation: /default-rack, certSerialId: null}5f8a5658-dc4e-4095-bcb9-1822e7b959f7{ip: 192.168.164.251, host: pr-hdds-2239-kl4xt-1424884434, networkLocation: /default-rack, certSerialId: null}4f4083df-29c1-42a0-bf92-74775b50fce5{ip: 192.168.164.251, host: pr-hdds-2239-kl4xt-1424884434, networkLocation: /default-rack, certSerialId: null}, Type:RATIS, Factor:THREE, State:OPEN]
2019-10-07 08:26:59,853 [main] INFO  ozone.MiniOzoneClusterImpl (MiniOzoneClusterImpl.java:lambda$waitForClusterToBeReady$0(147)) - Cluster is ready. Got 7 of 7 DN Heartbeats.
2019-10-07 08:26:59,887 [main] INFO  rpc.RpcClient (RpcClient.java:createVolume(277)) - Creating Volume: watchforcommithandlingtest, with jenkins1000 as owner.
2019-10-07 08:26:59,891 [IPC Server handler 0 on 34871] INFO  volume.OMVolumeCreateRequest (OMVolumeCreateRequest.java:validateAndUpdateCache(193)) - created volume:watchforcommithandlingtest for user:jenkins1000
2019-10-07 08:26:59,909 [main] INFO  rpc.RpcClient (RpcClient.java:createBucket(416)) - Creating Bucket: watchforcommithandlingtest/watchforcommithandlingtest, with Versioning false and Storage Type set to DISK and Encryption set to false 
2019-10-07 08:26:59,915 [main] INFO  ozone.MiniOzoneClusterImpl (MiniOzoneClusterImpl.java:getStorageContainerLocationClient(234)) - Creating StorageContainerLocationProtocol RPC client with address /0.0.0.0:34066
2019-10-07 08:27:01,441 [Thread-1441] INFO  container.ReplicationManager (ReplicationManager.java:start(162)) - Starting Replication Monitor Thread.
2019-10-07 08:27:01,444 [ReplicationMonitor] INFO  container.ReplicationManager (ReplicationManager.java:run(225)) - Replication Monitor Thread took 0 milliseconds for processing 1 containers.
2019-10-07 08:27:03,673 [Thread-1443] INFO  impl.FollowerState (FollowerState.java:run(108)) - 14454c33-963f-4f0e-baf7-c43d45bec019@group-C659611ABE64-FollowerState: change to CANDIDATE, lastRpcTime:5170ms, electionTimeout:5170ms
2019-10-07 08:27:03,674 [Thread-1443] INFO  impl.RoleInfo (RoleInfo.java:shutdownFollowerState(121)) - 14454c33-963f-4f0e-baf7-c43d45bec019: shutdown FollowerState
2019-10-07 08:27:03,674 [Thread-1443] INFO  impl.RaftServerImpl (RaftServerImpl.java:setRole(170)) - 14454c33-963f-4f0e-baf7-c43d45bec019@group-C659611ABE64: changes role from  FOLLOWER to CANDIDATE at term 0 for changeToCandidate
2019-10-07 08:27:03,674 [Thread-1443] INFO  impl.RoleInfo (RoleInfo.java:updateAndGet(143)) - 14454c33-963f-4f0e-baf7-c43d45bec019: start LeaderElection
2019-10-07 08:27:03,707 [14454c33-963f-4f0e-baf7-c43d45bec019@group-C659611ABE64-LeaderElection32] INFO  impl.LeaderElection (LeaderElection.java:askForVotes(178)) - 14454c33-963f-4f0e-baf7-c43d45bec019@group-C659611ABE64-LeaderElection32: begin an election at term 1 for -1: [14454c33-963f-4f0e-baf7-c43d45bec019:192.168.164.251:33134], old=null
2019-10-07 08:27:03,708 [14454c33-963f-4f0e-baf7-c43d45bec019@group-C659611ABE64-LeaderElection32] INFO  impl.RoleInfo (RoleInfo.java:shutdownLeaderElection(134)) - 14454c33-963f-4f0e-baf7-c43d45bec019: shutdown LeaderElection
2019-10-07 08:27:03,708 [14454c33-963f-4f0e-baf7-c43d45bec019@group-C659611ABE64-LeaderElection32] INFO  impl.RaftServerImpl (RaftServerImpl.java:setRole(170)) - 14454c33-963f-4f0e-baf7-c43d45bec019@group-C659611ABE64: changes role from CANDIDATE to LEADER at term 1 for changeToLeader
2019-10-07 08:27:03,708 [14454c33-963f-4f0e-baf7-c43d45bec019@group-C659611ABE64-LeaderElection32] INFO  impl.RaftServerImpl (ServerState.java:setLeader(255)) - 14454c33-963f-4f0e-baf7-c43d45bec019@group-C659611ABE64: change Leader from null to 14454c33-963f-4f0e-baf7-c43d45bec019 at term 1 for becomeLeader, leader elected after 5212ms
2019-10-07 08:27:03,708 [14454c33-963f-4f0e-baf7-c43d45bec019@group-C659611ABE64-LeaderElection32] INFO  server.RaftServerConfigKeys (ConfUtils.java:logGet(43)) - raft.server.staging.catchup.gap = 1000 (default)
2019-10-07 08:27:03,709 [14454c33-963f-4f0e-baf7-c43d45bec019@group-C659611ABE64-LeaderElection32] INFO  server.RaftServerConfigKeys (ConfUtils.java:logGet(43)) - raft.server.rpc.sleep.time = 25ms (default)
2019-10-07 08:27:03,709 [14454c33-963f-4f0e-baf7-c43d45bec019@group-C659611ABE64-LeaderElection32] INFO  server.RaftServerConfigKeys (ConfUtils.java:logGet(43)) - raft.server.write.element-limit = 4096 (default)
2019-10-07 08:27:03,709 [14454c33-963f-4f0e-baf7-c43d45bec019@group-C659611ABE64-LeaderElection32] INFO  server.RaftServerConfigKeys (ConfUtils.java:logGet(43)) - raft.server.watch.timeout = 10s (default)
2019-10-07 08:27:03,709 [14454c33-963f-4f0e-baf7-c43d45bec019@group-C659611ABE64-LeaderElection32] INFO  server.RaftServerConfigKeys (ConfUtils.java:logGet(43)) - raft.server.watch.timeout.denomination = 1s (default)
2019-10-07 08:27:03,709 [14454c33-963f-4f0e-baf7-c43d45bec019@group-C659611ABE64-LeaderElection32] INFO  server.RaftServerConfigKeys (ConfUtils.java:logGet(43)) - raft.server.watch.element-limit = 65536 (default)
2019-10-07 08:27:03,712 [14454c33-963f-4f0e-baf7-c43d45bec019@group-C659611ABE64-LeaderElection32] INFO  impl.RoleInfo (RoleInfo.java:updateAndGet(143)) - 14454c33-963f-4f0e-baf7-c43d45bec019: start LeaderState
2019-10-07 08:27:03,713 [14454c33-963f-4f0e-baf7-c43d45bec019@group-C659611ABE64-LeaderElection32] INFO  segmented.SegmentedRaftLogWorker (SegmentedRaftLogWorker.java:startLogSegment(385)) - 14454c33-963f-4f0e-baf7-c43d45bec019@group-C659611ABE64-SegmentedRaftLogWorker: Starting segment from index:0
2019-10-07 08:27:03,714 [14454c33-963f-4f0e-baf7-c43d45bec019@group-C659611ABE64-LeaderElection32] INFO  impl.RaftServerImpl (ServerState.java:setRaftConf(356)) - 14454c33-963f-4f0e-baf7-c43d45bec019@group-C659611ABE64: set configuration 0: [14454c33-963f-4f0e-baf7-c43d45bec019:192.168.164.251:33134], old=null at 0
2019-10-07 08:27:03,724 [Thread-1446] INFO  impl.FollowerState (FollowerState.java:run(108)) - 5f8a5658-dc4e-4095-bcb9-1822e7b959f7@group-39C4F217EC5F-FollowerState: change to CANDIDATE, lastRpcTime:5129ms, electionTimeout:5129ms
2019-10-07 08:27:03,724 [Thread-1446] INFO  impl.RoleInfo (RoleInfo.java:shutdownFollowerState(121)) - 5f8a5658-dc4e-4095-bcb9-1822e7b959f7: shutdown FollowerState
2019-10-07 08:27:03,724 [Thread-1446] INFO  impl.RaftServerImpl (RaftServerImpl.java:setRole(170)) - 5f8a5658-dc4e-4095-bcb9-1822e7b959f7@group-39C4F217EC5F: changes role from  FOLLOWER to CANDIDATE at term 0 for changeToCandidate
2019-10-07 08:27:03,725 [Thread-1446] INFO  impl.RoleInfo (RoleInfo.java:updateAndGet(143)) - 5f8a5658-dc4e-4095-bcb9-1822e7b959f7: start LeaderElection
2019-10-07 08:27:03,759 [14454c33-963f-4f0e-baf7-c43d45bec019@group-C659611ABE64-SegmentedRaftLogWorker] INFO  segmented.SegmentedRaftLogWorker (SegmentedRaftLogWorker.java:execute(574)) - 14454c33-963f-4f0e-baf7-c43d45bec019@group-C659611ABE64-SegmentedRaftLogWorker: created new log segment /workdir/hadoop-ozone/integration-test/target/test-dir/MiniOzoneClusterImpl-d54a6d23-2328-4b81-b655-03ce46b7ab19/datanode-0/data/ratis/b65bc0f3-5c82-4b76-b777-c659611abe64/current/log_inprogress_0
2019-10-07 08:27:03,759 [5f8a5658-dc4e-4095-bcb9-1822e7b959f7@group-39C4F217EC5F-LeaderElection33] INFO  impl.LeaderElection (LeaderElection.java:askForVotes(178)) - 5f8a5658-dc4e-4095-bcb9-1822e7b959f7@group-39C4F217EC5F-LeaderElection33: begin an election at term 1 for -1: [5f8a5658-dc4e-4095-bcb9-1822e7b959f7:192.168.164.251:34705], old=null
2019-10-07 08:27:03,759 [5f8a5658-dc4e-4095-bcb9-1822e7b959f7@group-39C4F217EC5F-LeaderElection33] INFO  impl.RoleInfo (RoleInfo.java:shutdownLeaderElection(134)) - 5f8a5658-dc4e-4095-bcb9-1822e7b959f7: shutdown LeaderElection
2019-10-07 08:27:03,760 [5f8a5658-dc4e-4095-bcb9-1822e7b959f7@group-39C4F217EC5F-LeaderElection33] INFO  impl.RaftServerImpl (RaftServerImpl.java:setRole(170)) - 5f8a5658-dc4e-4095-bcb9-1822e7b959f7@group-39C4F217EC5F: changes role from CANDIDATE to LEADER at term 1 for changeToLeader
2019-10-07 08:27:03,760 [5f8a5658-dc4e-4095-bcb9-1822e7b959f7@group-39C4F217EC5F-LeaderElection33] INFO  impl.RaftServerImpl (ServerState.java:setLeader(255)) - 5f8a5658-dc4e-4095-bcb9-1822e7b959f7@group-39C4F217EC5F: change Leader from null to 5f8a5658-dc4e-4095-bcb9-1822e7b959f7 at term 1 for becomeLeader, leader elected after 5176ms
2019-10-07 08:27:03,760 [5f8a5658-dc4e-4095-bcb9-1822e7b959f7@group-39C4F217EC5F-LeaderElection33] INFO  server.RaftServerConfigKeys (ConfUtils.java:logGet(43)) - raft.server.staging.catchup.gap = 1000 (default)
2019-10-07 08:27:03,760 [5f8a5658-dc4e-4095-bcb9-1822e7b959f7@group-39C4F217EC5F-LeaderElection33] INFO  server.RaftServerConfigKeys (ConfUtils.java:logGet(43)) - raft.server.rpc.sleep.time = 25ms (default)
2019-10-07 08:27:03,760 [5f8a5658-dc4e-4095-bcb9-1822e7b959f7@group-39C4F217EC5F-LeaderElection33] INFO  server.RaftServerConfigKeys (ConfUtils.java:logGet(43)) - raft.server.write.element-limit = 4096 (default)
2019-10-07 08:27:03,760 [5f8a5658-dc4e-4095-bcb9-1822e7b959f7@group-39C4F217EC5F-LeaderElection33] INFO  server.RaftServerConfigKeys (ConfUtils.java:logGet(43)) - raft.server.watch.timeout = 10s (default)
2019-10-07 08:27:03,760 [5f8a5658-dc4e-4095-bcb9-1822e7b959f7@group-39C4F217EC5F-LeaderElection33] INFO  server.RaftServerConfigKeys (ConfUtils.java:logGet(43)) - raft.server.watch.timeout.denomination = 1s (default)
2019-10-07 08:27:03,761 [5f8a5658-dc4e-4095-bcb9-1822e7b959f7@group-39C4F217EC5F-LeaderElection33] INFO  server.RaftServerConfigKeys (ConfUtils.java:logGet(43)) - raft.server.watch.element-limit = 65536 (default)
2019-10-07 08:27:03,763 [5f8a5658-dc4e-4095-bcb9-1822e7b959f7@group-39C4F217EC5F-LeaderElection33] INFO  impl.RoleInfo (RoleInfo.java:updateAndGet(143)) - 5f8a5658-dc4e-4095-bcb9-1822e7b959f7: start LeaderState
2019-10-07 08:27:03,763 [5f8a5658-dc4e-4095-bcb9-1822e7b959f7@group-39C4F217EC5F-LeaderElection33] INFO  segmented.SegmentedRaftLogWorker (SegmentedRaftLogWorker.java:startLogSegment(385)) - 5f8a5658-dc4e-4095-bcb9-1822e7b959f7@group-39C4F217EC5F-SegmentedRaftLogWorker: Starting segment from index:0
2019-10-07 08:27:03,764 [5f8a5658-dc4e-4095-bcb9-1822e7b959f7@group-39C4F217EC5F-LeaderElection33] INFO  impl.RaftServerImpl (ServerState.java:setRaftConf(356)) - 5f8a5658-dc4e-4095-bcb9-1822e7b959f7@group-39C4F217EC5F: set configuration 0: [5f8a5658-dc4e-4095-bcb9-1822e7b959f7:192.168.164.251:34705], old=null at 0
2019-10-07 08:27:03,819 [5f8a5658-dc4e-4095-bcb9-1822e7b959f7@group-39C4F217EC5F-SegmentedRaftLogWorker] INFO  segmented.SegmentedRaftLogWorker (SegmentedRaftLogWorker.java:execute(574)) - 5f8a5658-dc4e-4095-bcb9-1822e7b959f7@group-39C4F217EC5F-SegmentedRaftLogWorker: created new log segment /workdir/hadoop-ozone/integration-test/target/test-dir/MiniOzoneClusterImpl-d54a6d23-2328-4b81-b655-03ce46b7ab19/datanode-1/data/ratis/684b6354-8a96-426f-9127-39c4f217ec5f/current/log_inprogress_0
2019-10-07 08:27:03,839 [Thread-1449] INFO  impl.FollowerState (FollowerState.java:run(108)) - 1220f68b-22f9-43b7-8239-f0ea73c643e6@group-60F971D4660E-FollowerState: change to CANDIDATE, lastRpcTime:5173ms, electionTimeout:5173ms
2019-10-07 08:27:03,839 [Thread-1449] INFO  impl.RoleInfo (RoleInfo.java:shutdownFollowerState(121)) - 1220f68b-22f9-43b7-8239-f0ea73c643e6: shutdown FollowerState
2019-10-07 08:27:03,839 [Thread-1449] INFO  impl.RaftServerImpl (RaftServerImpl.java:setRole(170)) - 1220f68b-22f9-43b7-8239-f0ea73c643e6@group-60F971D4660E: changes role from  FOLLOWER to CANDIDATE at term 0 for changeToCandidate
2019-10-07 08:27:03,839 [Thread-1449] INFO  impl.RoleInfo (RoleInfo.java:updateAndGet(143)) - 1220f68b-22f9-43b7-8239-f0ea73c643e6: start LeaderElection
2019-10-07 08:27:03,871 [1220f68b-22f9-43b7-8239-f0ea73c643e6@group-60F971D4660E-LeaderElection34] INFO  impl.LeaderElection (LeaderElection.java:askForVotes(178)) - 1220f68b-22f9-43b7-8239-f0ea73c643e6@group-60F971D4660E-LeaderElection34: begin an election at term 1 for -1: [1220f68b-22f9-43b7-8239-f0ea73c643e6:192.168.164.251:33317], old=null
2019-10-07 08:27:03,872 [1220f68b-22f9-43b7-8239-f0ea73c643e6@group-60F971D4660E-LeaderElection34] INFO  impl.RoleInfo (RoleInfo.java:shutdownLeaderElection(134)) - 1220f68b-22f9-43b7-8239-f0ea73c643e6: shutdown LeaderElection
2019-10-07 08:27:03,872 [1220f68b-22f9-43b7-8239-f0ea73c643e6@group-60F971D4660E-LeaderElection34] INFO  impl.RaftServerImpl (RaftServerImpl.java:setRole(170)) - 1220f68b-22f9-43b7-8239-f0ea73c643e6@group-60F971D4660E: changes role from CANDIDATE to LEADER at term 1 for changeToLeader
2019-10-07 08:27:03,872 [1220f68b-22f9-43b7-8239-f0ea73c643e6@group-60F971D4660E-LeaderElection34] INFO  impl.RaftServerImpl (ServerState.java:setLeader(255)) - 1220f68b-22f9-43b7-8239-f0ea73c643e6@group-60F971D4660E: change Leader from null to 1220f68b-22f9-43b7-8239-f0ea73c643e6 at term 1 for becomeLeader, leader elected after 5213ms
2019-10-07 08:27:03,872 [1220f68b-22f9-43b7-8239-f0ea73c643e6@group-60F971D4660E-LeaderElection34] INFO  server.RaftServerConfigKeys (ConfUtils.java:logGet(43)) - raft.server.staging.catchup.gap = 1000 (default)
2019-10-07 08:27:03,872 [1220f68b-22f9-43b7-8239-f0ea73c643e6@group-60F971D4660E-LeaderElection34] INFO  server.RaftServerConfigKeys (ConfUtils.java:logGet(43)) - raft.server.rpc.sleep.time = 25ms (default)
2019-10-07 08:27:03,873 [1220f68b-22f9-43b7-8239-f0ea73c643e6@group-60F971D4660E-LeaderElection34] INFO  server.RaftServerConfigKeys (ConfUtils.java:logGet(43)) - raft.server.write.element-limit = 4096 (default)
2019-10-07 08:27:03,873 [1220f68b-22f9-43b7-8239-f0ea73c643e6@group-60F971D4660E-LeaderElection34] INFO  server.RaftServerConfigKeys (ConfUtils.java:logGet(43)) - raft.server.watch.timeout = 10s (default)
2019-10-07 08:27:03,873 [1220f68b-22f9-43b7-8239-f0ea73c643e6@group-60F971D4660E-LeaderElection34] INFO  server.RaftServerConfigKeys (ConfUtils.java:logGet(43)) - raft.server.watch.timeout.denomination = 1s (default)
2019-10-07 08:27:03,873 [1220f68b-22f9-43b7-8239-f0ea73c643e6@group-60F971D4660E-LeaderElection34] INFO  server.RaftServerConfigKeys (ConfUtils.java:logGet(43)) - raft.server.watch.element-limit = 65536 (default)
2019-10-07 08:27:03,875 [1220f68b-22f9-43b7-8239-f0ea73c643e6@group-60F971D4660E-LeaderElection34] INFO  impl.RoleInfo (RoleInfo.java:updateAndGet(143)) - 1220f68b-22f9-43b7-8239-f0ea73c643e6: start LeaderState
2019-10-07 08:27:03,876 [1220f68b-22f9-43b7-8239-f0ea73c643e6@group-60F971D4660E-LeaderElection34] INFO  segmented.SegmentedRaftLogWorker (SegmentedRaftLogWorker.java:startLogSegment(385)) - 1220f68b-22f9-43b7-8239-f0ea73c643e6@group-60F971D4660E-SegmentedRaftLogWorker: Starting segment from index:0
2019-10-07 08:27:03,877 [1220f68b-22f9-43b7-8239-f0ea73c643e6@group-60F971D4660E-LeaderElection34] INFO  impl.RaftServerImpl (ServerState.java:setRaftConf(356)) - 1220f68b-22f9-43b7-8239-f0ea73c643e6@group-60F971D4660E: set configuration 0: [1220f68b-22f9-43b7-8239-f0ea73c643e6:192.168.164.251:33317], old=null at 0
2019-10-07 08:27:03,913 [Thread-1452] INFO  impl.FollowerState (FollowerState.java:run(108)) - 19854c93-6789-4a4b-baec-170f8e9dd2d3@group-27954A3230BA-FollowerState: change to CANDIDATE, lastRpcTime:5164ms, electionTimeout:5164ms
2019-10-07 08:27:03,914 [Thread-1452] INFO  impl.RoleInfo (RoleInfo.java:shutdownFollowerState(121)) - 19854c93-6789-4a4b-baec-170f8e9dd2d3: shutdown FollowerState
2019-10-07 08:27:03,914 [Thread-1452] INFO  impl.RaftServerImpl (RaftServerImpl.java:setRole(170)) - 19854c93-6789-4a4b-baec-170f8e9dd2d3@group-27954A3230BA: changes role from  FOLLOWER to CANDIDATE at term 0 for changeToCandidate
2019-10-07 08:27:03,914 [Thread-1452] INFO  impl.RoleInfo (RoleInfo.java:updateAndGet(143)) - 19854c93-6789-4a4b-baec-170f8e9dd2d3: start LeaderElection
2019-10-07 08:27:03,930 [1220f68b-22f9-43b7-8239-f0ea73c643e6@group-60F971D4660E-SegmentedRaftLogWorker] INFO  segmented.SegmentedRaftLogWorker (SegmentedRaftLogWorker.java:execute(574)) - 1220f68b-22f9-43b7-8239-f0ea73c643e6@group-60F971D4660E-SegmentedRaftLogWorker: created new log segment /workdir/hadoop-ozone/integration-test/target/test-dir/MiniOzoneClusterImpl-d54a6d23-2328-4b81-b655-03ce46b7ab19/datanode-2/data/ratis/565a801f-6df8-41d4-a3fa-60f971d4660e/current/log_inprogress_0
2019-10-07 08:27:03,953 [19854c93-6789-4a4b-baec-170f8e9dd2d3@group-27954A3230BA-LeaderElection35] INFO  impl.LeaderElection (LeaderElection.java:askForVotes(178)) - 19854c93-6789-4a4b-baec-170f8e9dd2d3@group-27954A3230BA-LeaderElection35: begin an election at term 1 for -1: [19854c93-6789-4a4b-baec-170f8e9dd2d3:192.168.164.251:36807], old=null
2019-10-07 08:27:03,953 [19854c93-6789-4a4b-baec-170f8e9dd2d3@group-27954A3230BA-LeaderElection35] INFO  impl.RoleInfo (RoleInfo.java:shutdownLeaderElection(134)) - 19854c93-6789-4a4b-baec-170f8e9dd2d3: shutdown LeaderElection
2019-10-07 08:27:03,953 [19854c93-6789-4a4b-baec-170f8e9dd2d3@group-27954A3230BA-LeaderElection35] INFO  impl.RaftServerImpl (RaftServerImpl.java:setRole(170)) - 19854c93-6789-4a4b-baec-170f8e9dd2d3@group-27954A3230BA: changes role from CANDIDATE to LEADER at term 1 for changeToLeader
2019-10-07 08:27:03,954 [19854c93-6789-4a4b-baec-170f8e9dd2d3@group-27954A3230BA-LeaderElection35] INFO  impl.RaftServerImpl (ServerState.java:setLeader(255)) - 19854c93-6789-4a4b-baec-170f8e9dd2d3@group-27954A3230BA: change Leader from null to 19854c93-6789-4a4b-baec-170f8e9dd2d3 at term 1 for becomeLeader, leader elected after 5213ms
2019-10-07 08:27:03,954 [19854c93-6789-4a4b-baec-170f8e9dd2d3@group-27954A3230BA-LeaderElection35] INFO  server.RaftServerConfigKeys (ConfUtils.java:logGet(43)) - raft.server.staging.catchup.gap = 1000 (default)
2019-10-07 08:27:03,954 [19854c93-6789-4a4b-baec-170f8e9dd2d3@group-27954A3230BA-LeaderElection35] INFO  server.RaftServerConfigKeys (ConfUtils.java:logGet(43)) - raft.server.rpc.sleep.time = 25ms (default)
2019-10-07 08:27:03,954 [19854c93-6789-4a4b-baec-170f8e9dd2d3@group-27954A3230BA-LeaderElection35] INFO  server.RaftServerConfigKeys (ConfUtils.java:logGet(43)) - raft.server.write.element-limit = 4096 (default)
2019-10-07 08:27:03,954 [19854c93-6789-4a4b-baec-170f8e9dd2d3@group-27954A3230BA-LeaderElection35] INFO  server.RaftServerConfigKeys (ConfUtils.java:logGet(43)) - raft.server.watch.timeout = 10s (default)
2019-10-07 08:27:03,954 [19854c93-6789-4a4b-baec-170f8e9dd2d3@group-27954A3230BA-LeaderElection35] INFO  server.RaftServerConfigKeys (ConfUtils.java:logGet(43)) - raft.server.watch.timeout.denomination = 1s (default)
2019-10-07 08:27:03,955 [19854c93-6789-4a4b-baec-170f8e9dd2d3@group-27954A3230BA-LeaderElection35] INFO  server.RaftServerConfigKeys (ConfUtils.java:logGet(43)) - raft.server.watch.element-limit = 65536 (default)
2019-10-07 08:27:03,957 [19854c93-6789-4a4b-baec-170f8e9dd2d3@group-27954A3230BA-LeaderElection35] INFO  impl.RoleInfo (RoleInfo.java:updateAndGet(143)) - 19854c93-6789-4a4b-baec-170f8e9dd2d3: start LeaderState
2019-10-07 08:27:03,957 [19854c93-6789-4a4b-baec-170f8e9dd2d3@group-27954A3230BA-LeaderElection35] INFO  segmented.SegmentedRaftLogWorker (SegmentedRaftLogWorker.java:startLogSegment(385)) - 19854c93-6789-4a4b-baec-170f8e9dd2d3@group-27954A3230BA-SegmentedRaftLogWorker: Starting segment from index:0
2019-10-07 08:27:03,958 [19854c93-6789-4a4b-baec-170f8e9dd2d3@group-27954A3230BA-LeaderElection35] INFO  impl.RaftServerImpl (ServerState.java:setRaftConf(356)) - 19854c93-6789-4a4b-baec-170f8e9dd2d3@group-27954A3230BA: set configuration 0: [19854c93-6789-4a4b-baec-170f8e9dd2d3:192.168.164.251:36807], old=null at 0
2019-10-07 08:27:03,982 [Thread-1458] INFO  impl.FollowerState (FollowerState.java:run(108)) - 4f4083df-29c1-42a0-bf92-74775b50fce5@group-D0BE750F0FD5-FollowerState: change to CANDIDATE, lastRpcTime:5064ms, electionTimeout:5064ms
2019-10-07 08:27:03,982 [Thread-1458] INFO  impl.RoleInfo (RoleInfo.java:shutdownFollowerState(121)) - 4f4083df-29c1-42a0-bf92-74775b50fce5: shutdown FollowerState
2019-10-07 08:27:03,982 [Thread-1458] INFO  impl.RaftServerImpl (RaftServerImpl.java:setRole(170)) - 4f4083df-29c1-42a0-bf92-74775b50fce5@group-D0BE750F0FD5: changes role from  FOLLOWER to CANDIDATE at term 0 for changeToCandidate
2019-10-07 08:27:03,982 [Thread-1458] INFO  impl.RoleInfo (RoleInfo.java:updateAndGet(143)) - 4f4083df-29c1-42a0-bf92-74775b50fce5: start LeaderElection
2019-10-07 08:27:03,993 [Thread-1455] INFO  impl.FollowerState (FollowerState.java:run(108)) - 49662df8-6a8b-4839-b416-b6d2c7e3b054@group-00B578714A2F-FollowerState: change to CANDIDATE, lastRpcTime:5162ms, electionTimeout:5161ms
2019-10-07 08:27:03,993 [Thread-1455] INFO  impl.RoleInfo (RoleInfo.java:shutdownFollowerState(121)) - 49662df8-6a8b-4839-b416-b6d2c7e3b054: shutdown FollowerState
2019-10-07 08:27:03,993 [Thread-1455] INFO  impl.RaftServerImpl (RaftServerImpl.java:setRole(170)) - 49662df8-6a8b-4839-b416-b6d2c7e3b054@group-00B578714A2F: changes role from  FOLLOWER to CANDIDATE at term 0 for changeToCandidate
2019-10-07 08:27:03,993 [Thread-1455] INFO  impl.RoleInfo (RoleInfo.java:updateAndGet(143)) - 49662df8-6a8b-4839-b416-b6d2c7e3b054: start LeaderElection
2019-10-07 08:27:04,001 [19854c93-6789-4a4b-baec-170f8e9dd2d3@group-27954A3230BA-SegmentedRaftLogWorker] INFO  segmented.SegmentedRaftLogWorker (SegmentedRaftLogWorker.java:execute(574)) - 19854c93-6789-4a4b-baec-170f8e9dd2d3@group-27954A3230BA-SegmentedRaftLogWorker: created new log segment /workdir/hadoop-ozone/integration-test/target/test-dir/MiniOzoneClusterImpl-d54a6d23-2328-4b81-b655-03ce46b7ab19/datanode-3/data/ratis/8107e052-ad2f-4579-a7d4-27954a3230ba/current/log_inprogress_0
2019-10-07 08:27:04,040 [49662df8-6a8b-4839-b416-b6d2c7e3b054@group-00B578714A2F-LeaderElection37] INFO  impl.LeaderElection (LeaderElection.java:askForVotes(178)) - 49662df8-6a8b-4839-b416-b6d2c7e3b054@group-00B578714A2F-LeaderElection37: begin an election at term 1 for -1: [49662df8-6a8b-4839-b416-b6d2c7e3b054:192.168.164.251:45895], old=null
2019-10-07 08:27:04,040 [4f4083df-29c1-42a0-bf92-74775b50fce5@group-D0BE750F0FD5-LeaderElection36] INFO  impl.LeaderElection (LeaderElection.java:askForVotes(178)) - 4f4083df-29c1-42a0-bf92-74775b50fce5@group-D0BE750F0FD5-LeaderElection36: begin an election at term 1 for -1: [4f4083df-29c1-42a0-bf92-74775b50fce5:192.168.164.251:36526], old=null
2019-10-07 08:27:04,041 [49662df8-6a8b-4839-b416-b6d2c7e3b054@group-00B578714A2F-LeaderElection37] INFO  impl.RoleInfo (RoleInfo.java:shutdownLeaderElection(134)) - 49662df8-6a8b-4839-b416-b6d2c7e3b054: shutdown LeaderElection
2019-10-07 08:27:04,044 [4f4083df-29c1-42a0-bf92-74775b50fce5@group-D0BE750F0FD5-LeaderElection36] INFO  impl.RoleInfo (RoleInfo.java:shutdownLeaderElection(134)) - 4f4083df-29c1-42a0-bf92-74775b50fce5: shutdown LeaderElection
2019-10-07 08:27:04,044 [49662df8-6a8b-4839-b416-b6d2c7e3b054@group-00B578714A2F-LeaderElection37] INFO  impl.RaftServerImpl (RaftServerImpl.java:setRole(170)) - 49662df8-6a8b-4839-b416-b6d2c7e3b054@group-00B578714A2F: changes role from CANDIDATE to LEADER at term 1 for changeToLeader
2019-10-07 08:27:04,044 [4f4083df-29c1-42a0-bf92-74775b50fce5@group-D0BE750F0FD5-LeaderElection36] INFO  impl.RaftServerImpl (RaftServerImpl.java:setRole(170)) - 4f4083df-29c1-42a0-bf92-74775b50fce5@group-D0BE750F0FD5: changes role from CANDIDATE to LEADER at term 1 for changeToLeader
2019-10-07 08:27:04,045 [49662df8-6a8b-4839-b416-b6d2c7e3b054@group-00B578714A2F-LeaderElection37] INFO  impl.RaftServerImpl (ServerState.java:setLeader(255)) - 49662df8-6a8b-4839-b416-b6d2c7e3b054@group-00B578714A2F: change Leader from null to 49662df8-6a8b-4839-b416-b6d2c7e3b054 at term 1 for becomeLeader, leader elected after 5220ms
2019-10-07 08:27:04,049 [49662df8-6a8b-4839-b416-b6d2c7e3b054@group-00B578714A2F-LeaderElection37] INFO  server.RaftServerConfigKeys (ConfUtils.java:logGet(43)) - raft.server.staging.catchup.gap = 1000 (default)
2019-10-07 08:27:04,049 [4f4083df-29c1-42a0-bf92-74775b50fce5@group-D0BE750F0FD5-LeaderElection36] INFO  impl.RaftServerImpl (ServerState.java:setLeader(255)) - 4f4083df-29c1-42a0-bf92-74775b50fce5@group-D0BE750F0FD5: change Leader from null to 4f4083df-29c1-42a0-bf92-74775b50fce5 at term 1 for becomeLeader, leader elected after 5136ms
2019-10-07 08:27:04,049 [49662df8-6a8b-4839-b416-b6d2c7e3b054@group-00B578714A2F-LeaderElection37] INFO  server.RaftServerConfigKeys (ConfUtils.java:logGet(43)) - raft.server.rpc.sleep.time = 25ms (default)
2019-10-07 08:27:04,049 [4f4083df-29c1-42a0-bf92-74775b50fce5@group-D0BE750F0FD5-LeaderElection36] INFO  server.RaftServerConfigKeys (ConfUtils.java:logGet(43)) - raft.server.staging.catchup.gap = 1000 (default)
2019-10-07 08:27:04,049 [49662df8-6a8b-4839-b416-b6d2c7e3b054@group-00B578714A2F-LeaderElection37] INFO  server.RaftServerConfigKeys (ConfUtils.java:logGet(43)) - raft.server.write.element-limit = 4096 (default)
2019-10-07 08:27:04,049 [4f4083df-29c1-42a0-bf92-74775b50fce5@group-D0BE750F0FD5-LeaderElection36] INFO  server.RaftServerConfigKeys (ConfUtils.java:logGet(43)) - raft.server.rpc.sleep.time = 25ms (default)
2019-10-07 08:27:04,049 [49662df8-6a8b-4839-b416-b6d2c7e3b054@group-00B578714A2F-LeaderElection37] INFO  server.RaftServerConfigKeys (ConfUtils.java:logGet(43)) - raft.server.watch.timeout = 10s (default)
2019-10-07 08:27:04,050 [4f4083df-29c1-42a0-bf92-74775b50fce5@group-D0BE750F0FD5-LeaderElection36] INFO  server.RaftServerConfigKeys (ConfUtils.java:logGet(43)) - raft.server.write.element-limit = 4096 (default)
2019-10-07 08:27:04,050 [49662df8-6a8b-4839-b416-b6d2c7e3b054@group-00B578714A2F-LeaderElection37] INFO  server.RaftServerConfigKeys (ConfUtils.java:logGet(43)) - raft.server.watch.timeout.denomination = 1s (default)
2019-10-07 08:27:04,050 [4f4083df-29c1-42a0-bf92-74775b50fce5@group-D0BE750F0FD5-LeaderElection36] INFO  server.RaftServerConfigKeys (ConfUtils.java:logGet(43)) - raft.server.watch.timeout = 10s (default)
2019-10-07 08:27:04,050 [49662df8-6a8b-4839-b416-b6d2c7e3b054@group-00B578714A2F-LeaderElection37] INFO  server.RaftServerConfigKeys (ConfUtils.java:logGet(43)) - raft.server.watch.element-limit = 65536 (default)
2019-10-07 08:27:04,050 [4f4083df-29c1-42a0-bf92-74775b50fce5@group-D0BE750F0FD5-LeaderElection36] INFO  server.RaftServerConfigKeys (ConfUtils.java:logGet(43)) - raft.server.watch.timeout.denomination = 1s (default)
2019-10-07 08:27:04,050 [4f4083df-29c1-42a0-bf92-74775b50fce5@group-D0BE750F0FD5-LeaderElection36] INFO  server.RaftServerConfigKeys (ConfUtils.java:logGet(43)) - raft.server.watch.element-limit = 65536 (default)
2019-10-07 08:27:04,052 [49662df8-6a8b-4839-b416-b6d2c7e3b054@group-00B578714A2F-LeaderElection37] INFO  impl.RoleInfo (RoleInfo.java:updateAndGet(143)) - 49662df8-6a8b-4839-b416-b6d2c7e3b054: start LeaderState
2019-10-07 08:27:04,052 [4f4083df-29c1-42a0-bf92-74775b50fce5@group-D0BE750F0FD5-LeaderElection36] INFO  impl.RoleInfo (RoleInfo.java:updateAndGet(143)) - 4f4083df-29c1-42a0-bf92-74775b50fce5: start LeaderState
2019-10-07 08:27:04,052 [49662df8-6a8b-4839-b416-b6d2c7e3b054@group-00B578714A2F-LeaderElection37] INFO  segmented.SegmentedRaftLogWorker (SegmentedRaftLogWorker.java:startLogSegment(385)) - 49662df8-6a8b-4839-b416-b6d2c7e3b054@group-00B578714A2F-SegmentedRaftLogWorker: Starting segment from index:0
2019-10-07 08:27:04,052 [4f4083df-29c1-42a0-bf92-74775b50fce5@group-D0BE750F0FD5-LeaderElection36] INFO  segmented.SegmentedRaftLogWorker (SegmentedRaftLogWorker.java:startLogSegment(385)) - 4f4083df-29c1-42a0-bf92-74775b50fce5@group-D0BE750F0FD5-SegmentedRaftLogWorker: Starting segment from index:0
2019-10-07 08:27:04,053 [49662df8-6a8b-4839-b416-b6d2c7e3b054@group-00B578714A2F-LeaderElection37] INFO  impl.RaftServerImpl (ServerState.java:setRaftConf(356)) - 49662df8-6a8b-4839-b416-b6d2c7e3b054@group-00B578714A2F: set configuration 0: [49662df8-6a8b-4839-b416-b6d2c7e3b054:192.168.164.251:45895], old=null at 0
2019-10-07 08:27:04,053 [4f4083df-29c1-42a0-bf92-74775b50fce5@group-D0BE750F0FD5-LeaderElection36] INFO  impl.RaftServerImpl (ServerState.java:setRaftConf(356)) - 4f4083df-29c1-42a0-bf92-74775b50fce5@group-D0BE750F0FD5: set configuration 0: [4f4083df-29c1-42a0-bf92-74775b50fce5:192.168.164.251:36526], old=null at 0
2019-10-07 08:27:04,071 [Thread-1461] INFO  impl.FollowerState (FollowerState.java:run(108)) - 2aa6f7b3-a59e-4058-8af2-5381ad6af7db@group-4A3F94BCACFA-FollowerState: change to CANDIDATE, lastRpcTime:5077ms, electionTimeout:5077ms
2019-10-07 08:27:04,071 [Thread-1461] INFO  impl.RoleInfo (RoleInfo.java:shutdownFollowerState(121)) - 2aa6f7b3-a59e-4058-8af2-5381ad6af7db: shutdown FollowerState
2019-10-07 08:27:04,071 [Thread-1461] INFO  impl.RaftServerImpl (RaftServerImpl.java:setRole(170)) - 2aa6f7b3-a59e-4058-8af2-5381ad6af7db@group-4A3F94BCACFA: changes role from  FOLLOWER to CANDIDATE at term 0 for changeToCandidate
2019-10-07 08:27:04,071 [Thread-1461] INFO  impl.RoleInfo (RoleInfo.java:updateAndGet(143)) - 2aa6f7b3-a59e-4058-8af2-5381ad6af7db: start LeaderElection
2019-10-07 08:27:04,099 [Thread-1466] INFO  impl.FollowerState (FollowerState.java:run(108)) - 19854c93-6789-4a4b-baec-170f8e9dd2d3@group-85450239316C-FollowerState: change to CANDIDATE, lastRpcTime:5031ms, electionTimeout:5031ms
2019-10-07 08:27:04,099 [Thread-1466] INFO  impl.RoleInfo (RoleInfo.java:shutdownFollowerState(121)) - 19854c93-6789-4a4b-baec-170f8e9dd2d3: shutdown FollowerState
2019-10-07 08:27:04,099 [Thread-1466] INFO  impl.RaftServerImpl (RaftServerImpl.java:setRole(170)) - 19854c93-6789-4a4b-baec-170f8e9dd2d3@group-85450239316C: changes role from  FOLLOWER to CANDIDATE at term 0 for changeToCandidate
2019-10-07 08:27:04,099 [Thread-1466] INFO  impl.RoleInfo (RoleInfo.java:updateAndGet(143)) - 19854c93-6789-4a4b-baec-170f8e9dd2d3: start LeaderElection
2019-10-07 08:27:04,108 [49662df8-6a8b-4839-b416-b6d2c7e3b054@group-00B578714A2F-SegmentedRaftLogWorker] INFO  segmented.SegmentedRaftLogWorker (SegmentedRaftLogWorker.java:execute(574)) - 49662df8-6a8b-4839-b416-b6d2c7e3b054@group-00B578714A2F-SegmentedRaftLogWorker: created new log segment /workdir/hadoop-ozone/integration-test/target/test-dir/MiniOzoneClusterImpl-d54a6d23-2328-4b81-b655-03ce46b7ab19/datanode-4/data/ratis/ea260a5c-ca79-4955-b257-00b578714a2f/current/log_inprogress_0
2019-10-07 08:27:04,108 [2aa6f7b3-a59e-4058-8af2-5381ad6af7db@group-4A3F94BCACFA-LeaderElection38] INFO  impl.LeaderElection (LeaderElection.java:askForVotes(178)) - 2aa6f7b3-a59e-4058-8af2-5381ad6af7db@group-4A3F94BCACFA-LeaderElection38: begin an election at term 1 for -1: [2aa6f7b3-a59e-4058-8af2-5381ad6af7db:192.168.164.251:40725], old=null
2019-10-07 08:27:04,108 [4f4083df-29c1-42a0-bf92-74775b50fce5@group-D0BE750F0FD5-SegmentedRaftLogWorker] INFO  segmented.SegmentedRaftLogWorker (SegmentedRaftLogWorker.java:execute(574)) - 4f4083df-29c1-42a0-bf92-74775b50fce5@group-D0BE750F0FD5-SegmentedRaftLogWorker: created new log segment /workdir/hadoop-ozone/integration-test/target/test-dir/MiniOzoneClusterImpl-d54a6d23-2328-4b81-b655-03ce46b7ab19/datanode-5/data/ratis/522b838e-fd59-4480-a6db-d0be750f0fd5/current/log_inprogress_0
2019-10-07 08:27:04,108 [2aa6f7b3-a59e-4058-8af2-5381ad6af7db@group-4A3F94BCACFA-LeaderElection38] INFO  impl.RoleInfo (RoleInfo.java:shutdownLeaderElection(134)) - 2aa6f7b3-a59e-4058-8af2-5381ad6af7db: shutdown LeaderElection
2019-10-07 08:27:04,109 [2aa6f7b3-a59e-4058-8af2-5381ad6af7db@group-4A3F94BCACFA-LeaderElection38] INFO  impl.RaftServerImpl (RaftServerImpl.java:setRole(170)) - 2aa6f7b3-a59e-4058-8af2-5381ad6af7db@group-4A3F94BCACFA: changes role from CANDIDATE to LEADER at term 1 for changeToLeader
2019-10-07 08:27:04,109 [2aa6f7b3-a59e-4058-8af2-5381ad6af7db@group-4A3F94BCACFA-LeaderElection38] INFO  impl.RaftServerImpl (ServerState.java:setLeader(255)) - 2aa6f7b3-a59e-4058-8af2-5381ad6af7db@group-4A3F94BCACFA: change Leader from null to 2aa6f7b3-a59e-4058-8af2-5381ad6af7db at term 1 for becomeLeader, leader elected after 5124ms
2019-10-07 08:27:04,109 [2aa6f7b3-a59e-4058-8af2-5381ad6af7db@group-4A3F94BCACFA-LeaderElection38] INFO  server.RaftServerConfigKeys (ConfUtils.java:logGet(43)) - raft.server.staging.catchup.gap = 1000 (default)
2019-10-07 08:27:04,109 [2aa6f7b3-a59e-4058-8af2-5381ad6af7db@group-4A3F94BCACFA-LeaderElection38] INFO  server.RaftServerConfigKeys (ConfUtils.java:logGet(43)) - raft.server.rpc.sleep.time = 25ms (default)
2019-10-07 08:27:04,109 [2aa6f7b3-a59e-4058-8af2-5381ad6af7db@group-4A3F94BCACFA-LeaderElection38] INFO  server.RaftServerConfigKeys (ConfUtils.java:logGet(43)) - raft.server.write.element-limit = 4096 (default)
2019-10-07 08:27:04,109 [2aa6f7b3-a59e-4058-8af2-5381ad6af7db@group-4A3F94BCACFA-LeaderElection38] INFO  server.RaftServerConfigKeys (ConfUtils.java:logGet(43)) - raft.server.watch.timeout = 10s (default)
2019-10-07 08:27:04,109 [2aa6f7b3-a59e-4058-8af2-5381ad6af7db@group-4A3F94BCACFA-LeaderElection38] INFO  server.RaftServerConfigKeys (ConfUtils.java:logGet(43)) - raft.server.watch.timeout.denomination = 1s (default)
2019-10-07 08:27:04,110 [2aa6f7b3-a59e-4058-8af2-5381ad6af7db@group-4A3F94BCACFA-LeaderElection38] INFO  server.RaftServerConfigKeys (ConfUtils.java:logGet(43)) - raft.server.watch.element-limit = 65536 (default)
2019-10-07 08:27:04,112 [2aa6f7b3-a59e-4058-8af2-5381ad6af7db@group-4A3F94BCACFA-LeaderElection38] INFO  impl.RoleInfo (RoleInfo.java:updateAndGet(143)) - 2aa6f7b3-a59e-4058-8af2-5381ad6af7db: start LeaderState
2019-10-07 08:27:04,112 [2aa6f7b3-a59e-4058-8af2-5381ad6af7db@group-4A3F94BCACFA-LeaderElection38] INFO  segmented.SegmentedRaftLogWorker (SegmentedRaftLogWorker.java:startLogSegment(385)) - 2aa6f7b3-a59e-4058-8af2-5381ad6af7db@group-4A3F94BCACFA-SegmentedRaftLogWorker: Starting segment from index:0
2019-10-07 08:27:04,112 [2aa6f7b3-a59e-4058-8af2-5381ad6af7db@group-4A3F94BCACFA-LeaderElection38] INFO  impl.RaftServerImpl (ServerState.java:setRaftConf(356)) - 2aa6f7b3-a59e-4058-8af2-5381ad6af7db@group-4A3F94BCACFA: set configuration 0: [2aa6f7b3-a59e-4058-8af2-5381ad6af7db:192.168.164.251:40725], old=null at 0
2019-10-07 08:27:04,130 [19854c93-6789-4a4b-baec-170f8e9dd2d3@group-85450239316C-LeaderElection39] INFO  impl.LeaderElection (LeaderElection.java:askForVotes(178)) - 19854c93-6789-4a4b-baec-170f8e9dd2d3@group-85450239316C-LeaderElection39: begin an election at term 1 for -1: [2aa6f7b3-a59e-4058-8af2-5381ad6af7db:192.168.164.251:40725, 1220f68b-22f9-43b7-8239-f0ea73c643e6:192.168.164.251:33317, 19854c93-6789-4a4b-baec-170f8e9dd2d3:192.168.164.251:36807], old=null
2019-10-07 08:27:04,135 [grpc-default-executor-5] INFO  impl.RaftServerImpl (RaftServerImpl.java:setRole(170)) - 1220f68b-22f9-43b7-8239-f0ea73c643e6@group-85450239316C: changes role from  FOLLOWER to FOLLOWER at term 1 for recognizeCandidate:19854c93-6789-4a4b-baec-170f8e9dd2d3
2019-10-07 08:27:04,136 [grpc-default-executor-5] INFO  impl.RoleInfo (RoleInfo.java:shutdownFollowerState(121)) - 1220f68b-22f9-43b7-8239-f0ea73c643e6: shutdown FollowerState
2019-10-07 08:27:04,135 [grpc-default-executor-3] INFO  impl.RaftServerImpl (RaftServerImpl.java:setRole(170)) - 2aa6f7b3-a59e-4058-8af2-5381ad6af7db@group-85450239316C: changes role from  FOLLOWER to FOLLOWER at term 1 for recognizeCandidate:19854c93-6789-4a4b-baec-170f8e9dd2d3
2019-10-07 08:27:04,136 [Thread-1467] INFO  impl.FollowerState (FollowerState.java:run(117)) - 1220f68b-22f9-43b7-8239-f0ea73c643e6@group-85450239316C-FollowerState was interrupted: java.lang.InterruptedException: sleep interrupted
2019-10-07 08:27:04,136 [grpc-default-executor-5] INFO  impl.RoleInfo (RoleInfo.java:updateAndGet(143)) - 1220f68b-22f9-43b7-8239-f0ea73c643e6: start FollowerState
2019-10-07 08:27:04,136 [grpc-default-executor-3] INFO  impl.RoleInfo (RoleInfo.java:shutdownFollowerState(121)) - 2aa6f7b3-a59e-4058-8af2-5381ad6af7db: shutdown FollowerState
2019-10-07 08:27:04,144 [grpc-default-executor-3] INFO  impl.RoleInfo (RoleInfo.java:updateAndGet(143)) - 2aa6f7b3-a59e-4058-8af2-5381ad6af7db: start FollowerState
2019-10-07 08:27:04,144 [Thread-1468] INFO  impl.FollowerState (FollowerState.java:run(117)) - 2aa6f7b3-a59e-4058-8af2-5381ad6af7db@group-85450239316C-FollowerState was interrupted: java.lang.InterruptedException: sleep interrupted
2019-10-07 08:27:04,166 [2aa6f7b3-a59e-4058-8af2-5381ad6af7db@group-4A3F94BCACFA-SegmentedRaftLogWorker] INFO  segmented.SegmentedRaftLogWorker (SegmentedRaftLogWorker.java:execute(574)) - 2aa6f7b3-a59e-4058-8af2-5381ad6af7db@group-4A3F94BCACFA-SegmentedRaftLogWorker: created new log segment /workdir/hadoop-ozone/integration-test/target/test-dir/MiniOzoneClusterImpl-d54a6d23-2328-4b81-b655-03ce46b7ab19/datanode-6/data/ratis/15a50d74-19e5-4dba-ba7c-4a3f94bcacfa/current/log_inprogress_0
2019-10-07 08:27:04,174 [19854c93-6789-4a4b-baec-170f8e9dd2d3@group-85450239316C-LeaderElection39] INFO  impl.LeaderElection (LeaderElection.java:logAndReturn(56)) - 19854c93-6789-4a4b-baec-170f8e9dd2d3@group-85450239316C-LeaderElection39: Election PASSED; received 1 response(s) [19854c93-6789-4a4b-baec-170f8e9dd2d3<-2aa6f7b3-a59e-4058-8af2-5381ad6af7db#0:OK-t1] and 0 exception(s); 19854c93-6789-4a4b-baec-170f8e9dd2d3@group-85450239316C:t1, leader=null, voted=19854c93-6789-4a4b-baec-170f8e9dd2d3, raftlog=19854c93-6789-4a4b-baec-170f8e9dd2d3@group-85450239316C-SegmentedRaftLog:OPENED:c-1,f-1,i0, conf=-1: [2aa6f7b3-a59e-4058-8af2-5381ad6af7db:192.168.164.251:40725, 1220f68b-22f9-43b7-8239-f0ea73c643e6:192.168.164.251:33317, 19854c93-6789-4a4b-baec-170f8e9dd2d3:192.168.164.251:36807], old=null
2019-10-07 08:27:04,174 [19854c93-6789-4a4b-baec-170f8e9dd2d3@group-85450239316C-LeaderElection39] INFO  impl.RoleInfo (RoleInfo.java:shutdownLeaderElection(134)) - 19854c93-6789-4a4b-baec-170f8e9dd2d3: shutdown LeaderElection
2019-10-07 08:27:04,174 [19854c93-6789-4a4b-baec-170f8e9dd2d3@group-85450239316C-LeaderElection39] INFO  impl.RaftServerImpl (RaftServerImpl.java:setRole(170)) - 19854c93-6789-4a4b-baec-170f8e9dd2d3@group-85450239316C: changes role from CANDIDATE to LEADER at term 1 for changeToLeader
2019-10-07 08:27:04,174 [19854c93-6789-4a4b-baec-170f8e9dd2d3@group-85450239316C-LeaderElection39] INFO  impl.RaftServerImpl (ServerState.java:setLeader(255)) - 19854c93-6789-4a4b-baec-170f8e9dd2d3@group-85450239316C: change Leader from null to 19854c93-6789-4a4b-baec-170f8e9dd2d3 at term 1 for becomeLeader, leader elected after 5117ms
2019-10-07 08:27:04,174 [19854c93-6789-4a4b-baec-170f8e9dd2d3@group-85450239316C-LeaderElection39] INFO  server.RaftServerConfigKeys (ConfUtils.java:logGet(43)) - raft.server.staging.catchup.gap = 1000 (default)
2019-10-07 08:27:04,175 [19854c93-6789-4a4b-baec-170f8e9dd2d3@group-85450239316C-LeaderElection39] INFO  server.RaftServerConfigKeys (ConfUtils.java:logGet(43)) - raft.server.rpc.sleep.time = 25ms (default)
2019-10-07 08:27:04,175 [19854c93-6789-4a4b-baec-170f8e9dd2d3@group-85450239316C-LeaderElection39] INFO  server.RaftServerConfigKeys (ConfUtils.java:logGet(43)) - raft.server.write.element-limit = 4096 (default)
2019-10-07 08:27:04,175 [19854c93-6789-4a4b-baec-170f8e9dd2d3@group-85450239316C-LeaderElection39] INFO  server.RaftServerConfigKeys (ConfUtils.java:logGet(43)) - raft.server.watch.timeout = 10s (default)
2019-10-07 08:27:04,175 [19854c93-6789-4a4b-baec-170f8e9dd2d3@group-85450239316C-LeaderElection39] INFO  server.RaftServerConfigKeys (ConfUtils.java:logGet(43)) - raft.server.watch.timeout.denomination = 1s (default)
2019-10-07 08:27:04,175 [19854c93-6789-4a4b-baec-170f8e9dd2d3@group-85450239316C-LeaderElection39] INFO  server.RaftServerConfigKeys (ConfUtils.java:logGet(43)) - raft.server.watch.element-limit = 65536 (default)
2019-10-07 08:27:04,177 [19854c93-6789-4a4b-baec-170f8e9dd2d3@group-85450239316C-LeaderElection39] INFO  server.RaftServerConfigKeys (ConfUtils.java:logGet(43)) - raft.server.log.appender.snapshot.chunk.size.max = 16MB (=16777216) (default)
2019-10-07 08:27:04,177 [19854c93-6789-4a4b-baec-170f8e9dd2d3@group-85450239316C-LeaderElection39] INFO  server.RaftServerConfigKeys (ConfUtils.java:logGet(43)) - raft.server.log.appender.buffer.byte-limit = 33554432 (custom)
2019-10-07 08:27:04,177 [19854c93-6789-4a4b-baec-170f8e9dd2d3@group-85450239316C-LeaderElection39] INFO  server.RaftServerConfigKeys (ConfUtils.java:logGet(43)) - raft.server.log.appender.buffer.element-limit = 1 (custom)
2019-10-07 08:27:04,177 [19854c93-6789-4a4b-baec-170f8e9dd2d3@group-85450239316C-LeaderElection39] INFO  grpc.GrpcConfigKeys$Server (ConfUtils.java:logGet(43)) - raft.grpc.server.leader.outstanding.appends.max = 128 (default)
2019-10-07 08:27:04,177 [19854c93-6789-4a4b-baec-170f8e9dd2d3@group-85450239316C-LeaderElection39] INFO  server.RaftServerConfigKeys (ConfUtils.java:logGet(43)) - raft.server.rpc.request.timeout = 3000ms (default)
2019-10-07 08:27:04,178 [19854c93-6789-4a4b-baec-170f8e9dd2d3@group-85450239316C-LeaderElection39] INFO  server.RaftServerConfigKeys (ConfUtils.java:logGet(43)) - raft.server.log.appender.install.snapshot.enabled = false (custom)
2019-10-07 08:27:04,178 [19854c93-6789-4a4b-baec-170f8e9dd2d3@group-85450239316C-LeaderElection39] INFO  server.RaftServerConfigKeys (ConfUtils.java:logGet(43)) - raft.server.log.appender.snapshot.chunk.size.max = 16MB (=16777216) (default)
2019-10-07 08:27:04,178 [19854c93-6789-4a4b-baec-170f8e9dd2d3@group-85450239316C-LeaderElection39] INFO  server.RaftServerConfigKeys (ConfUtils.java:logGet(43)) - raft.server.log.appender.buffer.byte-limit = 33554432 (custom)
2019-10-07 08:27:04,178 [19854c93-6789-4a4b-baec-170f8e9dd2d3@group-85450239316C-LeaderElection39] INFO  server.RaftServerConfigKeys (ConfUtils.java:logGet(43)) - raft.server.log.appender.buffer.element-limit = 1 (custom)
2019-10-07 08:27:04,178 [19854c93-6789-4a4b-baec-170f8e9dd2d3@group-85450239316C-LeaderElection39] INFO  grpc.GrpcConfigKeys$Server (ConfUtils.java:logGet(43)) - raft.grpc.server.leader.outstanding.appends.max = 128 (default)
2019-10-07 08:27:04,178 [19854c93-6789-4a4b-baec-170f8e9dd2d3@group-85450239316C-LeaderElection39] INFO  server.RaftServerConfigKeys (ConfUtils.java:logGet(43)) - raft.server.rpc.request.timeout = 3000ms (default)
2019-10-07 08:27:04,178 [19854c93-6789-4a4b-baec-170f8e9dd2d3@group-85450239316C-LeaderElection39] INFO  server.RaftServerConfigKeys (ConfUtils.java:logGet(43)) - raft.server.log.appender.install.snapshot.enabled = false (custom)
2019-10-07 08:27:04,179 [19854c93-6789-4a4b-baec-170f8e9dd2d3@group-85450239316C-LeaderElection39] INFO  impl.RoleInfo (RoleInfo.java:updateAndGet(143)) - 19854c93-6789-4a4b-baec-170f8e9dd2d3: start LeaderState
2019-10-07 08:27:04,179 [19854c93-6789-4a4b-baec-170f8e9dd2d3@group-85450239316C-LeaderElection39] INFO  segmented.SegmentedRaftLogWorker (SegmentedRaftLogWorker.java:startLogSegment(385)) - 19854c93-6789-4a4b-baec-170f8e9dd2d3@group-85450239316C-SegmentedRaftLogWorker: Starting segment from index:0
2019-10-07 08:27:04,180 [19854c93-6789-4a4b-baec-170f8e9dd2d3@group-85450239316C-LeaderElection39] INFO  impl.RaftServerImpl (ServerState.java:setRaftConf(356)) - 19854c93-6789-4a4b-baec-170f8e9dd2d3@group-85450239316C: set configuration 0: [2aa6f7b3-a59e-4058-8af2-5381ad6af7db:192.168.164.251:40725, 1220f68b-22f9-43b7-8239-f0ea73c643e6:192.168.164.251:33317, 19854c93-6789-4a4b-baec-170f8e9dd2d3:192.168.164.251:36807], old=null at 0
2019-10-07 08:27:04,210 [grpc-default-executor-5] INFO  impl.RaftServerImpl (ServerState.java:setLeader(255)) - 1220f68b-22f9-43b7-8239-f0ea73c643e6@group-85450239316C: change Leader from null to 19854c93-6789-4a4b-baec-170f8e9dd2d3 at term 1 for appendEntries, leader elected after 5152ms
2019-10-07 08:27:04,211 [grpc-default-executor-3] INFO  impl.RaftServerImpl (ServerState.java:setLeader(255)) - 2aa6f7b3-a59e-4058-8af2-5381ad6af7db@group-85450239316C: change Leader from null to 19854c93-6789-4a4b-baec-170f8e9dd2d3 at term 1 for appendEntries, leader elected after 5154ms
2019-10-07 08:27:04,217 [grpc-default-executor-3] INFO  impl.RaftServerImpl (ServerState.java:setRaftConf(356)) - 1220f68b-22f9-43b7-8239-f0ea73c643e6@group-85450239316C: set configuration 0: [2aa6f7b3-a59e-4058-8af2-5381ad6af7db:192.168.164.251:40725, 1220f68b-22f9-43b7-8239-f0ea73c643e6:192.168.164.251:33317, 19854c93-6789-4a4b-baec-170f8e9dd2d3:192.168.164.251:36807], old=null at 0
2019-10-07 08:27:04,217 [grpc-default-executor-5] INFO  impl.RaftServerImpl (ServerState.java:setRaftConf(356)) - 2aa6f7b3-a59e-4058-8af2-5381ad6af7db@group-85450239316C: set configuration 0: [2aa6f7b3-a59e-4058-8af2-5381ad6af7db:192.168.164.251:40725, 1220f68b-22f9-43b7-8239-f0ea73c643e6:192.168.164.251:33317, 19854c93-6789-4a4b-baec-170f8e9dd2d3:192.168.164.251:36807], old=null at 0
2019-10-07 08:27:04,217 [grpc-default-executor-3] INFO  segmented.SegmentedRaftLogWorker (SegmentedRaftLogWorker.java:startLogSegment(385)) - 1220f68b-22f9-43b7-8239-f0ea73c643e6@group-85450239316C-SegmentedRaftLogWorker: Starting segment from index:0
2019-10-07 08:27:04,217 [grpc-default-executor-5] INFO  segmented.SegmentedRaftLogWorker (SegmentedRaftLogWorker.java:startLogSegment(385)) - 2aa6f7b3-a59e-4058-8af2-5381ad6af7db@group-85450239316C-SegmentedRaftLogWorker: Starting segment from index:0
2019-10-07 08:27:04,219 [19854c93-6789-4a4b-baec-170f8e9dd2d3@group-85450239316C-SegmentedRaftLogWorker] INFO  segmented.SegmentedRaftLogWorker (SegmentedRaftLogWorker.java:execute(574)) - 19854c93-6789-4a4b-baec-170f8e9dd2d3@group-85450239316C-SegmentedRaftLogWorker: created new log segment /workdir/hadoop-ozone/integration-test/target/test-dir/MiniOzoneClusterImpl-d54a6d23-2328-4b81-b655-03ce46b7ab19/datanode-3/data/ratis/0c23e98d-eb8d-40a6-8064-85450239316c/current/log_inprogress_0
2019-10-07 08:27:04,265 [2aa6f7b3-a59e-4058-8af2-5381ad6af7db@group-85450239316C-SegmentedRaftLogWorker] INFO  segmented.SegmentedRaftLogWorker (SegmentedRaftLogWorker.java:execute(574)) - 2aa6f7b3-a59e-4058-8af2-5381ad6af7db@group-85450239316C-SegmentedRaftLogWorker: created new log segment /workdir/hadoop-ozone/integration-test/target/test-dir/MiniOzoneClusterImpl-d54a6d23-2328-4b81-b655-03ce46b7ab19/datanode-6/data/ratis/0c23e98d-eb8d-40a6-8064-85450239316c/current/log_inprogress_0
2019-10-07 08:27:04,265 [1220f68b-22f9-43b7-8239-f0ea73c643e6@group-85450239316C-SegmentedRaftLogWorker] INFO  segmented.SegmentedRaftLogWorker (SegmentedRaftLogWorker.java:execute(574)) - 1220f68b-22f9-43b7-8239-f0ea73c643e6@group-85450239316C-SegmentedRaftLogWorker: created new log segment /workdir/hadoop-ozone/integration-test/target/test-dir/MiniOzoneClusterImpl-d54a6d23-2328-4b81-b655-03ce46b7ab19/datanode-2/data/ratis/0c23e98d-eb8d-40a6-8064-85450239316c/current/log_inprogress_0
2019-10-07 08:27:04,282 [Thread-1478] INFO  impl.FollowerState (FollowerState.java:run(108)) - 4f4083df-29c1-42a0-bf92-74775b50fce5@group-9D82BEF71C9B-FollowerState: change to CANDIDATE, lastRpcTime:5112ms, electionTimeout:5112ms
2019-10-07 08:27:04,282 [Thread-1478] INFO  impl.RoleInfo (RoleInfo.java:shutdownFollowerState(121)) - 4f4083df-29c1-42a0-bf92-74775b50fce5: shutdown FollowerState
2019-10-07 08:27:04,282 [Thread-1478] INFO  impl.RaftServerImpl (RaftServerImpl.java:setRole(170)) - 4f4083df-29c1-42a0-bf92-74775b50fce5@group-9D82BEF71C9B: changes role from  FOLLOWER to CANDIDATE at term 0 for changeToCandidate
2019-10-07 08:27:04,282 [Thread-1478] INFO  impl.RoleInfo (RoleInfo.java:updateAndGet(143)) - 4f4083df-29c1-42a0-bf92-74775b50fce5: start LeaderElection
2019-10-07 08:27:04,312 [4f4083df-29c1-42a0-bf92-74775b50fce5@group-9D82BEF71C9B-LeaderElection40] INFO  impl.LeaderElection (LeaderElection.java:askForVotes(178)) - 4f4083df-29c1-42a0-bf92-74775b50fce5@group-9D82BEF71C9B-LeaderElection40: begin an election at term 1 for -1: [14454c33-963f-4f0e-baf7-c43d45bec019:192.168.164.251:33134, 5f8a5658-dc4e-4095-bcb9-1822e7b959f7:192.168.164.251:34705, 4f4083df-29c1-42a0-bf92-74775b50fce5:192.168.164.251:36526], old=null
2019-10-07 08:27:04,318 [grpc-default-executor-3] INFO  impl.RaftServerImpl (RaftServerImpl.java:setRole(170)) - 14454c33-963f-4f0e-baf7-c43d45bec019@group-9D82BEF71C9B: changes role from  FOLLOWER to FOLLOWER at term 1 for recognizeCandidate:4f4083df-29c1-42a0-bf92-74775b50fce5
2019-10-07 08:27:04,319 [grpc-default-executor-5] INFO  impl.RaftServerImpl (RaftServerImpl.java:setRole(170)) - 5f8a5658-dc4e-4095-bcb9-1822e7b959f7@group-9D82BEF71C9B: changes role from  FOLLOWER to FOLLOWER at term 1 for recognizeCandidate:4f4083df-29c1-42a0-bf92-74775b50fce5
2019-10-07 08:27:04,319 [grpc-default-executor-3] INFO  impl.RoleInfo (RoleInfo.java:shutdownFollowerState(121)) - 14454c33-963f-4f0e-baf7-c43d45bec019: shutdown FollowerState
2019-10-07 08:27:04,320 [grpc-default-executor-5] INFO  impl.RoleInfo (RoleInfo.java:shutdownFollowerState(121)) - 5f8a5658-dc4e-4095-bcb9-1822e7b959f7: shutdown FollowerState
2019-10-07 08:27:04,320 [grpc-default-executor-3] INFO  impl.RoleInfo (RoleInfo.java:updateAndGet(143)) - 14454c33-963f-4f0e-baf7-c43d45bec019: start FollowerState
2019-10-07 08:27:04,320 [Thread-1473] INFO  impl.FollowerState (FollowerState.java:run(117)) - 14454c33-963f-4f0e-baf7-c43d45bec019@group-9D82BEF71C9B-FollowerState was interrupted: java.lang.InterruptedException: sleep interrupted
2019-10-07 08:27:04,320 [Thread-1476] INFO  impl.FollowerState (FollowerState.java:run(117)) - 5f8a5658-dc4e-4095-bcb9-1822e7b959f7@group-9D82BEF71C9B-FollowerState was interrupted: java.lang.InterruptedException: sleep interrupted
2019-10-07 08:27:04,320 [grpc-default-executor-5] INFO  impl.RoleInfo (RoleInfo.java:updateAndGet(143)) - 5f8a5658-dc4e-4095-bcb9-1822e7b959f7: start FollowerState
2019-10-07 08:27:04,351 [4f4083df-29c1-42a0-bf92-74775b50fce5@group-9D82BEF71C9B-LeaderElection40] INFO  impl.LeaderElection (LeaderElection.java:logAndReturn(56)) - 4f4083df-29c1-42a0-bf92-74775b50fce5@group-9D82BEF71C9B-LeaderElection40: Election PASSED; received 1 response(s) [4f4083df-29c1-42a0-bf92-74775b50fce5<-14454c33-963f-4f0e-baf7-c43d45bec019#0:OK-t1] and 0 exception(s); 4f4083df-29c1-42a0-bf92-74775b50fce5@group-9D82BEF71C9B:t1, leader=null, voted=4f4083df-29c1-42a0-bf92-74775b50fce5, raftlog=4f4083df-29c1-42a0-bf92-74775b50fce5@group-9D82BEF71C9B-SegmentedRaftLog:OPENED:c-1,f-1,i0, conf=-1: [14454c33-963f-4f0e-baf7-c43d45bec019:192.168.164.251:33134, 5f8a5658-dc4e-4095-bcb9-1822e7b959f7:192.168.164.251:34705, 4f4083df-29c1-42a0-bf92-74775b50fce5:192.168.164.251:36526], old=null
2019-10-07 08:27:04,351 [4f4083df-29c1-42a0-bf92-74775b50fce5@group-9D82BEF71C9B-LeaderElection40] INFO  impl.RoleInfo (RoleInfo.java:shutdownLeaderElection(134)) - 4f4083df-29c1-42a0-bf92-74775b50fce5: shutdown LeaderElection
2019-10-07 08:27:04,351 [4f4083df-29c1-42a0-bf92-74775b50fce5@group-9D82BEF71C9B-LeaderElection40] INFO  impl.RaftServerImpl (RaftServerImpl.java:setRole(170)) - 4f4083df-29c1-42a0-bf92-74775b50fce5@group-9D82BEF71C9B: changes role from CANDIDATE to LEADER at term 1 for changeToLeader
2019-10-07 08:27:04,351 [4f4083df-29c1-42a0-bf92-74775b50fce5@group-9D82BEF71C9B-LeaderElection40] INFO  impl.RaftServerImpl (ServerState.java:setLeader(255)) - 4f4083df-29c1-42a0-bf92-74775b50fce5@group-9D82BEF71C9B: change Leader from null to 4f4083df-29c1-42a0-bf92-74775b50fce5 at term 1 for becomeLeader, leader elected after 5195ms
2019-10-07 08:27:04,351 [4f4083df-29c1-42a0-bf92-74775b50fce5@group-9D82BEF71C9B-LeaderElection40] INFO  server.RaftServerConfigKeys (ConfUtils.java:logGet(43)) - raft.server.staging.catchup.gap = 1000 (default)
2019-10-07 08:27:04,351 [4f4083df-29c1-42a0-bf92-74775b50fce5@group-9D82BEF71C9B-LeaderElection40] INFO  server.RaftServerConfigKeys (ConfUtils.java:logGet(43)) - raft.server.rpc.sleep.time = 25ms (default)
2019-10-07 08:27:04,352 [4f4083df-29c1-42a0-bf92-74775b50fce5@group-9D82BEF71C9B-LeaderElection40] INFO  server.RaftServerConfigKeys (ConfUtils.java:logGet(43)) - raft.server.write.element-limit = 4096 (default)
2019-10-07 08:27:04,352 [4f4083df-29c1-42a0-bf92-74775b50fce5@group-9D82BEF71C9B-LeaderElection40] INFO  server.RaftServerConfigKeys (ConfUtils.java:logGet(43)) - raft.server.watch.timeout = 10s (default)
2019-10-07 08:27:04,352 [4f4083df-29c1-42a0-bf92-74775b50fce5@group-9D82BEF71C9B-LeaderElection40] INFO  server.RaftServerConfigKeys (ConfUtils.java:logGet(43)) - raft.server.watch.timeout.denomination = 1s (default)
2019-10-07 08:27:04,352 [4f4083df-29c1-42a0-bf92-74775b50fce5@group-9D82BEF71C9B-LeaderElection40] INFO  server.RaftServerConfigKeys (ConfUtils.java:logGet(43)) - raft.server.watch.element-limit = 65536 (default)
2019-10-07 08:27:04,353 [4f4083df-29c1-42a0-bf92-74775b50fce5@group-9D82BEF71C9B-LeaderElection40] INFO  server.RaftServerConfigKeys (ConfUtils.java:logGet(43)) - raft.server.log.appender.snapshot.chunk.size.max = 16MB (=16777216) (default)
2019-10-07 08:27:04,353 [4f4083df-29c1-42a0-bf92-74775b50fce5@group-9D82BEF71C9B-LeaderElection40] INFO  server.RaftServerConfigKeys (ConfUtils.java:logGet(43)) - raft.server.log.appender.buffer.byte-limit = 33554432 (custom)
2019-10-07 08:27:04,354 [4f4083df-29c1-42a0-bf92-74775b50fce5@group-9D82BEF71C9B-LeaderElection40] INFO  server.RaftServerConfigKeys (ConfUtils.java:logGet(43)) - raft.server.log.appender.buffer.element-limit = 1 (custom)
2019-10-07 08:27:04,354 [4f4083df-29c1-42a0-bf92-74775b50fce5@group-9D82BEF71C9B-LeaderElection40] INFO  grpc.GrpcConfigKeys$Server (ConfUtils.java:logGet(43)) - raft.grpc.server.leader.outstanding.appends.max = 128 (default)
2019-10-07 08:27:04,354 [4f4083df-29c1-42a0-bf92-74775b50fce5@group-9D82BEF71C9B-LeaderElection40] INFO  server.RaftServerConfigKeys (ConfUtils.java:logGet(43)) - raft.server.rpc.request.timeout = 3000ms (default)
2019-10-07 08:27:04,354 [4f4083df-29c1-42a0-bf92-74775b50fce5@group-9D82BEF71C9B-LeaderElection40] INFO  server.RaftServerConfigKeys (ConfUtils.java:logGet(43)) - raft.server.log.appender.install.snapshot.enabled = false (custom)
2019-10-07 08:27:04,354 [4f4083df-29c1-42a0-bf92-74775b50fce5@group-9D82BEF71C9B-LeaderElection40] INFO  server.RaftServerConfigKeys (ConfUtils.java:logGet(43)) - raft.server.log.appender.snapshot.chunk.size.max = 16MB (=16777216) (default)
2019-10-07 08:27:04,354 [4f4083df-29c1-42a0-bf92-74775b50fce5@group-9D82BEF71C9B-LeaderElection40] INFO  server.RaftServerConfigKeys (ConfUtils.java:logGet(43)) - raft.server.log.appender.buffer.byte-limit = 33554432 (custom)
2019-10-07 08:27:04,354 [4f4083df-29c1-42a0-bf92-74775b50fce5@group-9D82BEF71C9B-LeaderElection40] INFO  server.RaftServerConfigKeys (ConfUtils.java:logGet(43)) - raft.server.log.appender.buffer.element-limit = 1 (custom)
2019-10-07 08:27:04,354 [4f4083df-29c1-42a0-bf92-74775b50fce5@group-9D82BEF71C9B-LeaderElection40] INFO  grpc.GrpcConfigKeys$Server (ConfUtils.java:logGet(43)) - raft.grpc.server.leader.outstanding.appends.max = 128 (default)
2019-10-07 08:27:04,355 [4f4083df-29c1-42a0-bf92-74775b50fce5@group-9D82BEF71C9B-LeaderElection40] INFO  server.RaftServerConfigKeys (ConfUtils.java:logGet(43)) - raft.server.rpc.request.timeout = 3000ms (default)
2019-10-07 08:27:04,355 [4f4083df-29c1-42a0-bf92-74775b50fce5@group-9D82BEF71C9B-LeaderElection40] INFO  server.RaftServerConfigKeys (ConfUtils.java:logGet(43)) - raft.server.log.appender.install.snapshot.enabled = false (custom)
2019-10-07 08:27:04,355 [4f4083df-29c1-42a0-bf92-74775b50fce5@group-9D82BEF71C9B-LeaderElection40] INFO  impl.RoleInfo (RoleInfo.java:updateAndGet(143)) - 4f4083df-29c1-42a0-bf92-74775b50fce5: start LeaderState
2019-10-07 08:27:04,355 [4f4083df-29c1-42a0-bf92-74775b50fce5@group-9D82BEF71C9B-LeaderElection40] INFO  segmented.SegmentedRaftLogWorker (SegmentedRaftLogWorker.java:startLogSegment(385)) - 4f4083df-29c1-42a0-bf92-74775b50fce5@group-9D82BEF71C9B-SegmentedRaftLogWorker: Starting segment from index:0
2019-10-07 08:27:04,356 [4f4083df-29c1-42a0-bf92-74775b50fce5@group-9D82BEF71C9B-LeaderElection40] INFO  impl.RaftServerImpl (ServerState.java:setRaftConf(356)) - 4f4083df-29c1-42a0-bf92-74775b50fce5@group-9D82BEF71C9B: set configuration 0: [14454c33-963f-4f0e-baf7-c43d45bec019:192.168.164.251:33134, 5f8a5658-dc4e-4095-bcb9-1822e7b959f7:192.168.164.251:34705, 4f4083df-29c1-42a0-bf92-74775b50fce5:192.168.164.251:36526], old=null at 0
2019-10-07 08:27:04,357 [grpc-default-executor-3] INFO  impl.RaftServerImpl (ServerState.java:setLeader(255)) - 14454c33-963f-4f0e-baf7-c43d45bec019@group-9D82BEF71C9B: change Leader from null to 4f4083df-29c1-42a0-bf92-74775b50fce5 at term 1 for appendEntries, leader elected after 5201ms
2019-10-07 08:27:04,379 [grpc-default-executor-5] INFO  impl.RaftServerImpl (ServerState.java:setLeader(255)) - 5f8a5658-dc4e-4095-bcb9-1822e7b959f7@group-9D82BEF71C9B: change Leader from null to 4f4083df-29c1-42a0-bf92-74775b50fce5 at term 1 for appendEntries, leader elected after 5223ms
2019-10-07 08:27:04,385 [grpc-default-executor-5] INFO  impl.RaftServerImpl (ServerState.java:setRaftConf(356)) - 5f8a5658-dc4e-4095-bcb9-1822e7b959f7@group-9D82BEF71C9B: set configuration 0: [14454c33-963f-4f0e-baf7-c43d45bec019:192.168.164.251:33134, 5f8a5658-dc4e-4095-bcb9-1822e7b959f7:192.168.164.251:34705, 4f4083df-29c1-42a0-bf92-74775b50fce5:192.168.164.251:36526], old=null at 0
2019-10-07 08:27:04,385 [grpc-default-executor-3] INFO  impl.RaftServerImpl (ServerState.java:setRaftConf(356)) - 14454c33-963f-4f0e-baf7-c43d45bec019@group-9D82BEF71C9B: set configuration 0: [14454c33-963f-4f0e-baf7-c43d45bec019:192.168.164.251:33134, 5f8a5658-dc4e-4095-bcb9-1822e7b959f7:192.168.164.251:34705, 4f4083df-29c1-42a0-bf92-74775b50fce5:192.168.164.251:36526], old=null at 0
2019-10-07 08:27:04,385 [grpc-default-executor-5] INFO  segmented.SegmentedRaftLogWorker (SegmentedRaftLogWorker.java:startLogSegment(385)) - 5f8a5658-dc4e-4095-bcb9-1822e7b959f7@group-9D82BEF71C9B-SegmentedRaftLogWorker: Starting segment from index:0
2019-10-07 08:27:04,385 [grpc-default-executor-3] INFO  segmented.SegmentedRaftLogWorker (SegmentedRaftLogWorker.java:startLogSegment(385)) - 14454c33-963f-4f0e-baf7-c43d45bec019@group-9D82BEF71C9B-SegmentedRaftLogWorker: Starting segment from index:0
2019-10-07 08:27:04,401 [4f4083df-29c1-42a0-bf92-74775b50fce5@group-9D82BEF71C9B-SegmentedRaftLogWorker] INFO  segmented.SegmentedRaftLogWorker (SegmentedRaftLogWorker.java:execute(574)) - 4f4083df-29c1-42a0-bf92-74775b50fce5@group-9D82BEF71C9B-SegmentedRaftLogWorker: created new log segment /workdir/hadoop-ozone/integration-test/target/test-dir/MiniOzoneClusterImpl-d54a6d23-2328-4b81-b655-03ce46b7ab19/datanode-5/data/ratis/211a05e1-1d76-4fe4-a1be-9d82bef71c9b/current/log_inprogress_0
2019-10-07 08:27:04,424 [5f8a5658-dc4e-4095-bcb9-1822e7b959f7@group-9D82BEF71C9B-SegmentedRaftLogWorker] INFO  segmented.SegmentedRaftLogWorker (SegmentedRaftLogWorker.java:execute(574)) - 5f8a5658-dc4e-4095-bcb9-1822e7b959f7@group-9D82BEF71C9B-SegmentedRaftLogWorker: created new log segment /workdir/hadoop-ozone/integration-test/target/test-dir/MiniOzoneClusterImpl-d54a6d23-2328-4b81-b655-03ce46b7ab19/datanode-1/data/ratis/211a05e1-1d76-4fe4-a1be-9d82bef71c9b/current/log_inprogress_0
2019-10-07 08:27:04,424 [14454c33-963f-4f0e-baf7-c43d45bec019@group-9D82BEF71C9B-SegmentedRaftLogWorker] INFO  segmented.SegmentedRaftLogWorker (SegmentedRaftLogWorker.java:execute(574)) - 14454c33-963f-4f0e-baf7-c43d45bec019@group-9D82BEF71C9B-SegmentedRaftLogWorker: created new log segment /workdir/hadoop-ozone/integration-test/target/test-dir/MiniOzoneClusterImpl-d54a6d23-2328-4b81-b655-03ce46b7ab19/datanode-0/data/ratis/211a05e1-1d76-4fe4-a1be-9d82bef71c9b/current/log_inprogress_0
2019-10-07 08:27:05,301 [Datanode State Machine Thread - 0] INFO  statemachine.DatanodeStateMachine (DatanodeStateMachine.java:lambda$startDaemon$0(350)) - Ozone container server started.
2019-10-07 08:27:10,276 [main] INFO  ozoneimpl.OzoneContainer (OzoneContainer.java:stop(231)) - Attempting to stop container services.
2019-10-07 08:27:10,277 [main] INFO  impl.RaftServerProxy (RaftServerProxy.java:lambda$close$4(314)) - 2aa6f7b3-a59e-4058-8af2-5381ad6af7db: close
2019-10-07 08:27:10,278 [main] INFO  impl.RaftServerImpl (RaftServerImpl.java:lambda$shutdown$3(247)) - 2aa6f7b3-a59e-4058-8af2-5381ad6af7db@group-85450239316C: shutdown
2019-10-07 08:27:10,278 [ForkJoinPool.commonPool-worker-0] INFO  impl.RaftServerImpl (RaftServerImpl.java:lambda$shutdown$3(247)) - 2aa6f7b3-a59e-4058-8af2-5381ad6af7db@group-4A3F94BCACFA: shutdown
2019-10-07 08:27:10,278 [main] INFO  util.JmxRegister (JmxRegister.java:unregister(73)) - Successfully un-registered JMX Bean with object name Ratis:service=RaftServer,group=group-85450239316C,id=2aa6f7b3-a59e-4058-8af2-5381ad6af7db
2019-10-07 08:27:10,279 [ForkJoinPool.commonPool-worker-0] INFO  util.JmxRegister (JmxRegister.java:unregister(73)) - Successfully un-registered JMX Bean with object name Ratis:service=RaftServer,group=group-4A3F94BCACFA,id=2aa6f7b3-a59e-4058-8af2-5381ad6af7db
2019-10-07 08:27:10,279 [main] INFO  impl.RoleInfo (RoleInfo.java:shutdownFollowerState(121)) - 2aa6f7b3-a59e-4058-8af2-5381ad6af7db: shutdown FollowerState
2019-10-07 08:27:10,279 [ForkJoinPool.commonPool-worker-0] INFO  impl.RoleInfo (RoleInfo.java:shutdownLeaderState(104)) - 2aa6f7b3-a59e-4058-8af2-5381ad6af7db: shutdown LeaderState
2019-10-07 08:27:10,280 [Thread-1513] INFO  impl.FollowerState (FollowerState.java:run(117)) - 2aa6f7b3-a59e-4058-8af2-5381ad6af7db@group-85450239316C-FollowerState was interrupted: java.lang.InterruptedException: sleep interrupted
2019-10-07 08:27:10,280 [ForkJoinPool.commonPool-worker-0] INFO  impl.PendingRequests (PendingRequests.java:sendNotLeaderResponses(202)) - 2aa6f7b3-a59e-4058-8af2-5381ad6af7db@group-4A3F94BCACFA-PendingRequests: sendNotLeaderResponses
2019-10-07 08:27:10,280 [2aa6f7b3-a59e-4058-8af2-5381ad6af7db@group-85450239316C-StateMachineUpdater] INFO  ratis.ContainerStateMachine (ContainerStateMachine.java:takeSnapshot(294)) - group-85450239316C: Taking a snapshot at:(t:1, i:1) file /workdir/hadoop-ozone/integration-test/target/test-dir/MiniOzoneClusterImpl-d54a6d23-2328-4b81-b655-03ce46b7ab19/datanode-6/data/ratis/0c23e98d-eb8d-40a6-8064-85450239316c/sm/snapshot.1_1
2019-10-07 08:27:10,279 [main] INFO  impl.StateMachineUpdater (StateMachineUpdater.java:stopAndJoin(136)) - 2aa6f7b3-a59e-4058-8af2-5381ad6af7db@group-85450239316C-StateMachineUpdater: set stopIndex = 2
2019-10-07 08:27:10,284 [ForkJoinPool.commonPool-worker-0] INFO  impl.StateMachineUpdater (StateMachineUpdater.java:stopAndJoin(136)) - 2aa6f7b3-a59e-4058-8af2-5381ad6af7db@group-4A3F94BCACFA-StateMachineUpdater: set stopIndex = 0
2019-10-07 08:27:10,284 [ForkJoinPool.commonPool-worker-0] INFO  impl.RaftServerImpl (ServerState.java:close(387)) - 2aa6f7b3-a59e-4058-8af2-5381ad6af7db@group-4A3F94BCACFA: closes. applyIndex: 0
2019-10-07 08:27:10,284 [2aa6f7b3-a59e-4058-8af2-5381ad6af7db@group-4A3F94BCACFA-SegmentedRaftLogWorker] INFO  segmented.SegmentedRaftLogWorker (SegmentedRaftLogWorker.java:run(316)) - 2aa6f7b3-a59e-4058-8af2-5381ad6af7db@group-4A3F94BCACFA-SegmentedRaftLogWorker was interrupted, exiting. There are 0 tasks remaining in the queue.
2019-10-07 08:27:10,287 [ForkJoinPool.commonPool-worker-0] INFO  segmented.SegmentedRaftLogWorker (SegmentedRaftLogWorker.java:close(224)) - 2aa6f7b3-a59e-4058-8af2-5381ad6af7db@group-4A3F94BCACFA-SegmentedRaftLogWorker close()
2019-10-07 08:27:10,307 [2aa6f7b3-a59e-4058-8af2-5381ad6af7db@group-85450239316C-StateMachineUpdater] INFO  ratis.ContainerStateMachine (ContainerStateMachine.java:takeSnapshot(305)) - group-85450239316C: Finished taking a snapshot at:(t:1, i:1) file:/workdir/hadoop-ozone/integration-test/target/test-dir/MiniOzoneClusterImpl-d54a6d23-2328-4b81-b655-03ce46b7ab19/datanode-6/data/ratis/0c23e98d-eb8d-40a6-8064-85450239316c/sm/snapshot.1_1 time:27
2019-10-07 08:27:10,307 [2aa6f7b3-a59e-4058-8af2-5381ad6af7db@group-85450239316C-StateMachineUpdater] INFO  impl.StateMachineUpdater (StateMachineUpdater.java:takeSnapshot(269)) - 2aa6f7b3-a59e-4058-8af2-5381ad6af7db@group-85450239316C-StateMachineUpdater: Took a snapshot at index 1
2019-10-07 08:27:10,307 [2aa6f7b3-a59e-4058-8af2-5381ad6af7db@group-85450239316C-StateMachineUpdater] INFO  impl.StateMachineUpdater (StateMachineUpdater.java:lambda$new$0(84)) - 2aa6f7b3-a59e-4058-8af2-5381ad6af7db@group-85450239316C-StateMachineUpdater: snapshotIndex: updateIncreasingly -1 -> 1
2019-10-07 08:27:10,307 [2aa6f7b3-a59e-4058-8af2-5381ad6af7db@group-85450239316C-StateMachineUpdater] INFO  ratis.ContainerStateMachine (ContainerStateMachine.java:takeSnapshot(294)) - group-85450239316C: Taking a snapshot at:(t:1, i:1) file /workdir/hadoop-ozone/integration-test/target/test-dir/MiniOzoneClusterImpl-d54a6d23-2328-4b81-b655-03ce46b7ab19/datanode-6/data/ratis/0c23e98d-eb8d-40a6-8064-85450239316c/sm/snapshot.1_1
2019-10-07 08:27:10,329 [2aa6f7b3-a59e-4058-8af2-5381ad6af7db@group-85450239316C-StateMachineUpdater] INFO  ratis.ContainerStateMachine (ContainerStateMachine.java:takeSnapshot(305)) - group-85450239316C: Finished taking a snapshot at:(t:1, i:1) file:/workdir/hadoop-ozone/integration-test/target/test-dir/MiniOzoneClusterImpl-d54a6d23-2328-4b81-b655-03ce46b7ab19/datanode-6/data/ratis/0c23e98d-eb8d-40a6-8064-85450239316c/sm/snapshot.1_1 time:22
2019-10-07 08:27:10,330 [2aa6f7b3-a59e-4058-8af2-5381ad6af7db@group-85450239316C-StateMachineUpdater] INFO  impl.StateMachineUpdater (StateMachineUpdater.java:takeSnapshot(269)) - 2aa6f7b3-a59e-4058-8af2-5381ad6af7db@group-85450239316C-StateMachineUpdater: Took a snapshot at index 1
2019-10-07 08:27:10,330 [2aa6f7b3-a59e-4058-8af2-5381ad6af7db@group-85450239316C-StateMachineUpdater] INFO  impl.StateMachineUpdater (StateMachineUpdater.java:lambda$new$0(84)) - 2aa6f7b3-a59e-4058-8af2-5381ad6af7db@group-85450239316C-StateMachineUpdater: snapshotIndex: updateIncreasingly 1 -> 1
2019-10-07 08:27:10,330 [main] INFO  impl.RaftServerImpl (ServerState.java:close(387)) - 2aa6f7b3-a59e-4058-8af2-5381ad6af7db@group-85450239316C: closes. applyIndex: 2
2019-10-07 08:27:10,330 [2aa6f7b3-a59e-4058-8af2-5381ad6af7db@group-85450239316C-SegmentedRaftLogWorker] INFO  segmented.SegmentedRaftLogWorker (SegmentedRaftLogWorker.java:run(316)) - 2aa6f7b3-a59e-4058-8af2-5381ad6af7db@group-85450239316C-SegmentedRaftLogWorker was interrupted, exiting. There are 0 tasks remaining in the queue.
2019-10-07 08:27:10,332 [main] INFO  segmented.SegmentedRaftLogWorker (SegmentedRaftLogWorker.java:close(224)) - 2aa6f7b3-a59e-4058-8af2-5381ad6af7db@group-85450239316C-SegmentedRaftLogWorker close()
2019-10-07 08:27:10,336 [main] INFO  server.GrpcService (GrpcService.java:closeImpl(164)) - 2aa6f7b3-a59e-4058-8af2-5381ad6af7db: shutdown server with port 40725 now
2019-10-07 08:27:10,337 [grpc-default-executor-0] WARN  server.GrpcServerProtocolService (LogUtils.java:warn(134)) - 2aa6f7b3-a59e-4058-8af2-5381ad6af7db: installSnapshot onError, lastRequest: 19854c93-6789-4a4b-baec-170f8e9dd2d3->2aa6f7b3-a59e-4058-8af2-5381ad6af7db#5-t1, previous=(t:1, i:2), leaderCommit=2, initializing? false, entries: <empty>: org.apache.ratis.thirdparty.io.grpc.StatusRuntimeException: CANCELLED: cancelled before receiving half close
2019-10-07 08:27:10,337 [grpc-default-executor-5] WARN  server.GrpcLogAppender (LogUtils.java:warn(134)) - 19854c93-6789-4a4b-baec-170f8e9dd2d3@group-85450239316C->2aa6f7b3-a59e-4058-8af2-5381ad6af7db-AppendLogResponseHandler: Failed appendEntries: org.apache.ratis.thirdparty.io.grpc.StatusRuntimeException: CANCELLED: HTTP/2 error code: CANCEL
Received Rst Stream
2019-10-07 08:27:10,337 [main] INFO  server.GrpcService (GrpcService.java:closeImpl(172)) - 2aa6f7b3-a59e-4058-8af2-5381ad6af7db: shutdown server with port 40725 successfully
2019-10-07 08:27:10,338 [grpc-default-executor-5] INFO  impl.FollowerInfo (FollowerInfo.java:lambda$new$0(51)) - 19854c93-6789-4a4b-baec-170f8e9dd2d3@group-85450239316C->2aa6f7b3-a59e-4058-8af2-5381ad6af7db: nextIndex: updateUnconditionally 3 -> 2
2019-10-07 08:27:10,339 [refreshUsed-/workdir/hadoop-ozone/integration-test/target/test-dir/MiniOzoneClusterImpl-d54a6d23-2328-4b81-b655-03ce46b7ab19/datanode-6/data/containers] WARN  fs.CachingGetSpaceUsed (CachingGetSpaceUsed.java:run(183)) - Thread Interrupted waiting to refresh disk information: sleep interrupted
2019-10-07 08:27:10,354 [main] INFO  utils.BackgroundService (BackgroundService.java:shutdown(148)) - Shutting down service BlockDeletingService
2019-10-07 08:27:10,358 [main] INFO  statemachine.DatanodeStateMachine (DatanodeStateMachine.java:stopDaemon(395)) - Ozone container server stopped.
2019-10-07 08:27:10,360 [main] INFO  handler.ContextHandler (ContextHandler.java:doStop(910)) - Stopped o.e.j.w.WebAppContext@2db6d68d{/,null,UNAVAILABLE}{/hddsDatanode}
2019-10-07 08:27:10,361 [main] INFO  server.AbstractConnector (AbstractConnector.java:doStop(318)) - Stopped ServerConnector@6518fdfd{HTTP/1.1,[http/1.1]}{0.0.0.0:0}
2019-10-07 08:27:10,361 [main] INFO  handler.ContextHandler (ContextHandler.java:doStop(910)) - Stopped o.e.j.s.ServletContextHandler@5a0e0886{/static,jar:file:/home/user/.m2/repository/org/apache/hadoop/hadoop-hdds-container-service/0.5.0-SNAPSHOT/hadoop-hdds-container-service-0.5.0-SNAPSHOT.jar!/webapps/static,UNAVAILABLE}
2019-10-07 08:27:10,361 [main] INFO  handler.ContextHandler (ContextHandler.java:doStop(910)) - Stopped o.e.j.s.ServletContextHandler@38d80d65{/logs,file:///workdir/hadoop-ozone/integration-test/target/log,UNAVAILABLE}
2019-10-07 08:27:11,286 [Datanode State Machine Thread - 0] INFO  statemachine.DatanodeStateMachine (DatanodeStateMachine.java:lambda$startDaemon$0(350)) - Ozone container server started.
2019-10-07 08:27:12,606 [grpc-default-executor-0] WARN  server.GrpcLogAppender (LogUtils.java:warn(134)) - 19854c93-6789-4a4b-baec-170f8e9dd2d3@group-85450239316C->2aa6f7b3-a59e-4058-8af2-5381ad6af7db-AppendLogResponseHandler: Failed appendEntries: org.apache.ratis.thirdparty.io.grpc.StatusRuntimeException: UNAVAILABLE: io exception
2019-10-07 08:27:12,606 [grpc-default-executor-0] INFO  impl.FollowerInfo (FollowerInfo.java:lambda$new$0(51)) - 19854c93-6789-4a4b-baec-170f8e9dd2d3@group-85450239316C->2aa6f7b3-a59e-4058-8af2-5381ad6af7db: nextIndex: updateUnconditionally 2 -> 1
2019-10-07 08:27:15,111 [grpc-default-executor-0] WARN  server.GrpcLogAppender (LogUtils.java:warn(134)) - 19854c93-6789-4a4b-baec-170f8e9dd2d3@group-85450239316C->2aa6f7b3-a59e-4058-8af2-5381ad6af7db-AppendLogResponseHandler: Failed appendEntries: org.apache.ratis.thirdparty.io.grpc.StatusRuntimeException: UNAVAILABLE: io exception
2019-10-07 08:27:15,112 [grpc-default-executor-0] INFO  impl.FollowerInfo (FollowerInfo.java:lambda$new$0(51)) - 19854c93-6789-4a4b-baec-170f8e9dd2d3@group-85450239316C->2aa6f7b3-a59e-4058-8af2-5381ad6af7db: nextIndex: updateUnconditionally 1 -> 0
2019-10-07 08:27:15,363 [main] INFO  ozoneimpl.OzoneContainer (OzoneContainer.java:stop(231)) - Attempting to stop container services.
2019-10-07 08:27:15,364 [main] INFO  impl.RaftServerProxy (RaftServerProxy.java:lambda$close$4(314)) - 1220f68b-22f9-43b7-8239-f0ea73c643e6: close
2019-10-07 08:27:15,365 [main] INFO  impl.RaftServerImpl (RaftServerImpl.java:lambda$shutdown$3(247)) - 1220f68b-22f9-43b7-8239-f0ea73c643e6@group-60F971D4660E: shutdown
2019-10-07 08:27:15,365 [main] INFO  util.JmxRegister (JmxRegister.java:unregister(73)) - Successfully un-registered JMX Bean with object name Ratis:service=RaftServer,group=group-60F971D4660E,id=1220f68b-22f9-43b7-8239-f0ea73c643e6
2019-10-07 08:27:15,366 [main] INFO  impl.RoleInfo (RoleInfo.java:shutdownLeaderState(104)) - 1220f68b-22f9-43b7-8239-f0ea73c643e6: shutdown LeaderState
2019-10-07 08:27:15,366 [main] INFO  impl.PendingRequests (PendingRequests.java:sendNotLeaderResponses(202)) - 1220f68b-22f9-43b7-8239-f0ea73c643e6@group-60F971D4660E-PendingRequests: sendNotLeaderResponses
2019-10-07 08:27:15,367 [main] INFO  impl.StateMachineUpdater (StateMachineUpdater.java:stopAndJoin(136)) - 1220f68b-22f9-43b7-8239-f0ea73c643e6@group-60F971D4660E-StateMachineUpdater: set stopIndex = 0
2019-10-07 08:27:15,367 [main] INFO  impl.RaftServerImpl (ServerState.java:close(387)) - 1220f68b-22f9-43b7-8239-f0ea73c643e6@group-60F971D4660E: closes. applyIndex: 0
2019-10-07 08:27:15,368 [1220f68b-22f9-43b7-8239-f0ea73c643e6@group-60F971D4660E-SegmentedRaftLogWorker] INFO  segmented.SegmentedRaftLogWorker (SegmentedRaftLogWorker.java:run(316)) - 1220f68b-22f9-43b7-8239-f0ea73c643e6@group-60F971D4660E-SegmentedRaftLogWorker was interrupted, exiting. There are 0 tasks remaining in the queue.
2019-10-07 08:27:15,370 [main] INFO  segmented.SegmentedRaftLogWorker (SegmentedRaftLogWorker.java:close(224)) - 1220f68b-22f9-43b7-8239-f0ea73c643e6@group-60F971D4660E-SegmentedRaftLogWorker close()
2019-10-07 08:27:15,373 [main] INFO  impl.RaftServerImpl (RaftServerImpl.java:lambda$shutdown$3(247)) - 1220f68b-22f9-43b7-8239-f0ea73c643e6@group-85450239316C: shutdown
2019-10-07 08:27:15,374 [main] INFO  util.JmxRegister (JmxRegister.java:unregister(73)) - Successfully un-registered JMX Bean with object name Ratis:service=RaftServer,group=group-85450239316C,id=1220f68b-22f9-43b7-8239-f0ea73c643e6
2019-10-07 08:27:15,374 [main] INFO  impl.RoleInfo (RoleInfo.java:shutdownFollowerState(121)) - 1220f68b-22f9-43b7-8239-f0ea73c643e6: shutdown FollowerState
2019-10-07 08:27:15,374 [main] INFO  impl.StateMachineUpdater (StateMachineUpdater.java:stopAndJoin(136)) - 1220f68b-22f9-43b7-8239-f0ea73c643e6@group-85450239316C-StateMachineUpdater: set stopIndex = 2
2019-10-07 08:27:15,374 [1220f68b-22f9-43b7-8239-f0ea73c643e6@group-85450239316C-StateMachineUpdater] INFO  ratis.ContainerStateMachine (ContainerStateMachine.java:takeSnapshot(294)) - group-85450239316C: Taking a snapshot at:(t:1, i:1) file /workdir/hadoop-ozone/integration-test/target/test-dir/MiniOzoneClusterImpl-d54a6d23-2328-4b81-b655-03ce46b7ab19/datanode-2/data/ratis/0c23e98d-eb8d-40a6-8064-85450239316c/sm/snapshot.1_1
2019-10-07 08:27:15,374 [Thread-1512] INFO  impl.FollowerState (FollowerState.java:run(117)) - 1220f68b-22f9-43b7-8239-f0ea73c643e6@group-85450239316C-FollowerState was interrupted: java.lang.InterruptedException: sleep interrupted
2019-10-07 08:27:15,399 [1220f68b-22f9-43b7-8239-f0ea73c643e6@group-85450239316C-StateMachineUpdater] INFO  ratis.ContainerStateMachine (ContainerStateMachine.java:takeSnapshot(305)) - group-85450239316C: Finished taking a snapshot at:(t:1, i:1) file:/workdir/hadoop-ozone/integration-test/target/test-dir/MiniOzoneClusterImpl-d54a6d23-2328-4b81-b655-03ce46b7ab19/datanode-2/data/ratis/0c23e98d-eb8d-40a6-8064-85450239316c/sm/snapshot.1_1 time:25
2019-10-07 08:27:15,399 [1220f68b-22f9-43b7-8239-f0ea73c643e6@group-85450239316C-StateMachineUpdater] INFO  impl.StateMachineUpdater (StateMachineUpdater.java:takeSnapshot(269)) - 1220f68b-22f9-43b7-8239-f0ea73c643e6@group-85450239316C-StateMachineUpdater: Took a snapshot at index 1
2019-10-07 08:27:15,400 [1220f68b-22f9-43b7-8239-f0ea73c643e6@group-85450239316C-StateMachineUpdater] INFO  impl.StateMachineUpdater (StateMachineUpdater.java:lambda$new$0(84)) - 1220f68b-22f9-43b7-8239-f0ea73c643e6@group-85450239316C-StateMachineUpdater: snapshotIndex: updateIncreasingly -1 -> 1
2019-10-07 08:27:15,400 [1220f68b-22f9-43b7-8239-f0ea73c643e6@group-85450239316C-StateMachineUpdater] INFO  ratis.ContainerStateMachine (ContainerStateMachine.java:takeSnapshot(294)) - group-85450239316C: Taking a snapshot at:(t:1, i:1) file /workdir/hadoop-ozone/integration-test/target/test-dir/MiniOzoneClusterImpl-d54a6d23-2328-4b81-b655-03ce46b7ab19/datanode-2/data/ratis/0c23e98d-eb8d-40a6-8064-85450239316c/sm/snapshot.1_1
2019-10-07 08:27:15,421 [1220f68b-22f9-43b7-8239-f0ea73c643e6@group-85450239316C-StateMachineUpdater] INFO  ratis.ContainerStateMachine (ContainerStateMachine.java:takeSnapshot(305)) - group-85450239316C: Finished taking a snapshot at:(t:1, i:1) file:/workdir/hadoop-ozone/integration-test/target/test-dir/MiniOzoneClusterImpl-d54a6d23-2328-4b81-b655-03ce46b7ab19/datanode-2/data/ratis/0c23e98d-eb8d-40a6-8064-85450239316c/sm/snapshot.1_1 time:22
2019-10-07 08:27:15,421 [1220f68b-22f9-43b7-8239-f0ea73c643e6@group-85450239316C-StateMachineUpdater] INFO  impl.StateMachineUpdater (StateMachineUpdater.java:takeSnapshot(269)) - 1220f68b-22f9-43b7-8239-f0ea73c643e6@group-85450239316C-StateMachineUpdater: Took a snapshot at index 1
2019-10-07 08:27:15,421 [1220f68b-22f9-43b7-8239-f0ea73c643e6@group-85450239316C-StateMachineUpdater] INFO  impl.StateMachineUpdater (StateMachineUpdater.java:lambda$new$0(84)) - 1220f68b-22f9-43b7-8239-f0ea73c643e6@group-85450239316C-StateMachineUpdater: snapshotIndex: updateIncreasingly 1 -> 1
2019-10-07 08:27:15,422 [main] INFO  impl.RaftServerImpl (ServerState.java:close(387)) - 1220f68b-22f9-43b7-8239-f0ea73c643e6@group-85450239316C: closes. applyIndex: 2
2019-10-07 08:27:15,422 [1220f68b-22f9-43b7-8239-f0ea73c643e6@group-85450239316C-SegmentedRaftLogWorker] INFO  segmented.SegmentedRaftLogWorker (SegmentedRaftLogWorker.java:run(316)) - 1220f68b-22f9-43b7-8239-f0ea73c643e6@group-85450239316C-SegmentedRaftLogWorker was interrupted, exiting. There are 0 tasks remaining in the queue.
2019-10-07 08:27:15,424 [main] INFO  segmented.SegmentedRaftLogWorker (SegmentedRaftLogWorker.java:close(224)) - 1220f68b-22f9-43b7-8239-f0ea73c643e6@group-85450239316C-SegmentedRaftLogWorker close()
2019-10-07 08:27:15,427 [main] INFO  server.GrpcService (GrpcService.java:closeImpl(164)) - 1220f68b-22f9-43b7-8239-f0ea73c643e6: shutdown server with port 33317 now
2019-10-07 08:27:15,428 [grpc-default-executor-5] WARN  server.GrpcServerProtocolService (LogUtils.java:warn(134)) - 1220f68b-22f9-43b7-8239-f0ea73c643e6: installSnapshot onError, lastRequest: 19854c93-6789-4a4b-baec-170f8e9dd2d3->1220f68b-22f9-43b7-8239-f0ea73c643e6#7-t1, previous=(t:1, i:2), leaderCommit=2, initializing? false, entries: <empty>: org.apache.ratis.thirdparty.io.grpc.StatusRuntimeException: CANCELLED: cancelled before receiving half close
2019-10-07 08:27:15,428 [main] INFO  server.GrpcService (GrpcService.java:closeImpl(172)) - 1220f68b-22f9-43b7-8239-f0ea73c643e6: shutdown server with port 33317 successfully
2019-10-07 08:27:15,428 [grpc-default-executor-0] WARN  server.GrpcLogAppender (LogUtils.java:warn(134)) - 19854c93-6789-4a4b-baec-170f8e9dd2d3@group-85450239316C->1220f68b-22f9-43b7-8239-f0ea73c643e6-AppendLogResponseHandler: Failed appendEntries: org.apache.ratis.thirdparty.io.grpc.StatusRuntimeException: CANCELLED: HTTP/2 error code: CANCEL
Received Rst Stream
2019-10-07 08:27:15,429 [grpc-default-executor-0] INFO  impl.FollowerInfo (FollowerInfo.java:lambda$new$0(51)) - 19854c93-6789-4a4b-baec-170f8e9dd2d3@group-85450239316C->1220f68b-22f9-43b7-8239-f0ea73c643e6: nextIndex: updateUnconditionally 3 -> 2
2019-10-07 08:27:15,430 [refreshUsed-/workdir/hadoop-ozone/integration-test/target/test-dir/MiniOzoneClusterImpl-d54a6d23-2328-4b81-b655-03ce46b7ab19/datanode-2/data/containers] WARN  fs.CachingGetSpaceUsed (CachingGetSpaceUsed.java:run(183)) - Thread Interrupted waiting to refresh disk information: sleep interrupted
2019-10-07 08:27:15,451 [main] INFO  utils.BackgroundService (BackgroundService.java:shutdown(148)) - Shutting down service BlockDeletingService
2019-10-07 08:27:15,455 [main] INFO  statemachine.DatanodeStateMachine (DatanodeStateMachine.java:stopDaemon(395)) - Ozone container server stopped.
2019-10-07 08:27:15,457 [main] INFO  handler.ContextHandler (ContextHandler.java:doStop(910)) - Stopped o.e.j.w.WebAppContext@61bb1e4d{/,null,UNAVAILABLE}{/hddsDatanode}
2019-10-07 08:27:15,457 [main] INFO  server.AbstractConnector (AbstractConnector.java:doStop(318)) - Stopped ServerConnector@5c53f292{HTTP/1.1,[http/1.1]}{0.0.0.0:0}
2019-10-07 08:27:15,458 [main] INFO  handler.ContextHandler (ContextHandler.java:doStop(910)) - Stopped o.e.j.s.ServletContextHandler@606a1bc4{/static,jar:file:/home/user/.m2/repository/org/apache/hadoop/hadoop-hdds-container-service/0.5.0-SNAPSHOT/hadoop-hdds-container-service-0.5.0-SNAPSHOT.jar!/webapps/static,UNAVAILABLE}
2019-10-07 08:27:15,458 [main] INFO  handler.ContextHandler (ContextHandler.java:doStop(910)) - Stopped o.e.j.s.ServletContextHandler@4b8137c5{/logs,file:///workdir/hadoop-ozone/integration-test/target/log,UNAVAILABLE}
2019-10-07 08:27:17,609 [grpc-default-executor-3] WARN  server.GrpcLogAppender (LogUtils.java:warn(134)) - 19854c93-6789-4a4b-baec-170f8e9dd2d3@group-85450239316C->2aa6f7b3-a59e-4058-8af2-5381ad6af7db-AppendLogResponseHandler: Failed appendEntries: org.apache.ratis.thirdparty.io.grpc.StatusRuntimeException: UNAVAILABLE: io exception
2019-10-07 08:27:17,610 [grpc-default-executor-3] INFO  impl.FollowerInfo (FollowerInfo.java:lambda$new$0(51)) - 19854c93-6789-4a4b-baec-170f8e9dd2d3@group-85450239316C->2aa6f7b3-a59e-4058-8af2-5381ad6af7db: nextIndex: updateUnconditionally 0 -> 0
2019-10-07 08:27:17,610 [grpc-default-executor-3] WARN  server.GrpcLogAppender (LogUtils.java:warn(134)) - 19854c93-6789-4a4b-baec-170f8e9dd2d3@group-85450239316C->1220f68b-22f9-43b7-8239-f0ea73c643e6-AppendLogResponseHandler: Failed appendEntries: org.apache.ratis.thirdparty.io.grpc.StatusRuntimeException: UNAVAILABLE: io exception
2019-10-07 08:27:17,611 [grpc-default-executor-3] INFO  impl.FollowerInfo (FollowerInfo.java:lambda$new$0(51)) - 19854c93-6789-4a4b-baec-170f8e9dd2d3@group-85450239316C->1220f68b-22f9-43b7-8239-f0ea73c643e6: nextIndex: updateUnconditionally 2 -> 1
2019-10-07 08:27:20,114 [grpc-default-executor-5] WARN  server.GrpcLogAppender (LogUtils.java:warn(134)) - 19854c93-6789-4a4b-baec-170f8e9dd2d3@group-85450239316C->1220f68b-22f9-43b7-8239-f0ea73c643e6-AppendLogResponseHandler: Failed appendEntries: org.apache.ratis.thirdparty.io.grpc.StatusRuntimeException: UNAVAILABLE: io exception
2019-10-07 08:27:20,114 [grpc-default-executor-0] WARN  server.GrpcLogAppender (LogUtils.java:warn(134)) - 19854c93-6789-4a4b-baec-170f8e9dd2d3@group-85450239316C->2aa6f7b3-a59e-4058-8af2-5381ad6af7db-AppendLogResponseHandler: Failed appendEntries: org.apache.ratis.thirdparty.io.grpc.StatusRuntimeException: UNAVAILABLE: io exception
2019-10-07 08:27:20,115 [grpc-default-executor-5] INFO  impl.FollowerInfo (FollowerInfo.java:lambda$new$0(51)) - 19854c93-6789-4a4b-baec-170f8e9dd2d3@group-85450239316C->1220f68b-22f9-43b7-8239-f0ea73c643e6: nextIndex: updateUnconditionally 1 -> 0
2019-10-07 08:27:20,115 [grpc-default-executor-0] INFO  impl.FollowerInfo (FollowerInfo.java:lambda$new$0(51)) - 19854c93-6789-4a4b-baec-170f8e9dd2d3@group-85450239316C->2aa6f7b3-a59e-4058-8af2-5381ad6af7db: nextIndex: updateUnconditionally 0 -> 0
2019-10-07 08:27:22,614 [grpc-default-executor-5] WARN  server.GrpcLogAppender (LogUtils.java:warn(134)) - 19854c93-6789-4a4b-baec-170f8e9dd2d3@group-85450239316C->1220f68b-22f9-43b7-8239-f0ea73c643e6-AppendLogResponseHandler: Failed appendEntries: org.apache.ratis.thirdparty.io.grpc.StatusRuntimeException: UNAVAILABLE: io exception
2019-10-07 08:27:22,614 [grpc-default-executor-0] WARN  server.GrpcLogAppender (LogUtils.java:warn(134)) - 19854c93-6789-4a4b-baec-170f8e9dd2d3@group-85450239316C->2aa6f7b3-a59e-4058-8af2-5381ad6af7db-AppendLogResponseHandler: Failed appendEntries: org.apache.ratis.thirdparty.io.grpc.StatusRuntimeException: UNAVAILABLE: io exception
2019-10-07 08:27:22,614 [grpc-default-executor-5] INFO  impl.FollowerInfo (FollowerInfo.java:lambda$new$0(51)) - 19854c93-6789-4a4b-baec-170f8e9dd2d3@group-85450239316C->1220f68b-22f9-43b7-8239-f0ea73c643e6: nextIndex: updateUnconditionally 0 -> 0
2019-10-07 08:27:22,614 [grpc-default-executor-0] INFO  impl.FollowerInfo (FollowerInfo.java:lambda$new$0(51)) - 19854c93-6789-4a4b-baec-170f8e9dd2d3@group-85450239316C->2aa6f7b3-a59e-4058-8af2-5381ad6af7db: nextIndex: updateUnconditionally 0 -> 0
2019-10-07 08:27:25,114 [grpc-default-executor-8] WARN  server.GrpcLogAppender (LogUtils.java:warn(134)) - 19854c93-6789-4a4b-baec-170f8e9dd2d3@group-85450239316C->2aa6f7b3-a59e-4058-8af2-5381ad6af7db-AppendLogResponseHandler: Failed appendEntries: org.apache.ratis.thirdparty.io.grpc.StatusRuntimeException: UNAVAILABLE: io exception
2019-10-07 08:27:25,114 [grpc-default-executor-3] WARN  server.GrpcLogAppender (LogUtils.java:warn(134)) - 19854c93-6789-4a4b-baec-170f8e9dd2d3@group-85450239316C->1220f68b-22f9-43b7-8239-f0ea73c643e6-AppendLogResponseHandler: Failed appendEntries: org.apache.ratis.thirdparty.io.grpc.StatusRuntimeException: UNAVAILABLE: io exception
2019-10-07 08:27:25,114 [grpc-default-executor-8] INFO  impl.FollowerInfo (FollowerInfo.java:lambda$new$0(51)) - 19854c93-6789-4a4b-baec-170f8e9dd2d3@group-85450239316C->2aa6f7b3-a59e-4058-8af2-5381ad6af7db: nextIndex: updateUnconditionally 0 -> 0
2019-10-07 08:27:25,114 [grpc-default-executor-3] INFO  impl.FollowerInfo (FollowerInfo.java:lambda$new$0(51)) - 19854c93-6789-4a4b-baec-170f8e9dd2d3@group-85450239316C->1220f68b-22f9-43b7-8239-f0ea73c643e6: nextIndex: updateUnconditionally 0 -> 0
2019-10-07 08:27:25,685 [Thread-1577] INFO  client.GrpcClientProtocolService (GrpcClientProtocolService.java:lambda$processClientRequest$0(278)) - Failed RaftClientRequest:client-BF8D4CED6621->19854c93-6789-4a4b-baec-170f8e9dd2d3@group-85450239316C, cid=67, seq=0, Watch-ALL_COMMITTED(16), Message:<EMPTY>, reply=RaftClientReply:client-BF8D4CED6621->19854c93-6789-4a4b-baec-170f8e9dd2d3@group-85450239316C, cid=67, FAILED org.apache.ratis.protocol.NotReplicatedException: Request with call Id 67 and log index 16 is not yet replicated to ALL_COMMITTED, logIndex=16, commits[19854c93-6789-4a4b-baec-170f8e9dd2d3:c2, 2aa6f7b3-a59e-4058-8af2-5381ad6af7db:c2, 1220f68b-22f9-43b7-8239-f0ea73c643e6:c2]
2019-10-07 08:27:27,614 [grpc-default-executor-5] WARN  server.GrpcLogAppender (LogUtils.java:warn(134)) - 19854c93-6789-4a4b-baec-170f8e9dd2d3@group-85450239316C->1220f68b-22f9-43b7-8239-f0ea73c643e6-AppendLogResponseHandler: Failed appendEntries: org.apache.ratis.thirdparty.io.grpc.StatusRuntimeException: UNAVAILABLE: io exception
2019-10-07 08:27:27,614 [grpc-default-executor-5] INFO  impl.FollowerInfo (FollowerInfo.java:lambda$new$0(51)) - 19854c93-6789-4a4b-baec-170f8e9dd2d3@group-85450239316C->1220f68b-22f9-43b7-8239-f0ea73c643e6: nextIndex: updateUnconditionally 0 -> 0
2019-10-07 08:27:27,614 [grpc-default-executor-9] WARN  server.GrpcLogAppender (LogUtils.java:warn(134)) - 19854c93-6789-4a4b-baec-170f8e9dd2d3@group-85450239316C->2aa6f7b3-a59e-4058-8af2-5381ad6af7db-AppendLogResponseHandler: Failed appendEntries: org.apache.ratis.thirdparty.io.grpc.StatusRuntimeException: UNAVAILABLE: io exception
2019-10-07 08:27:27,618 [grpc-default-executor-9] INFO  impl.FollowerInfo (FollowerInfo.java:lambda$new$0(51)) - 19854c93-6789-4a4b-baec-170f8e9dd2d3@group-85450239316C->2aa6f7b3-a59e-4058-8af2-5381ad6af7db: nextIndex: updateUnconditionally 0 -> 0
2019-10-07 08:27:30,114 [grpc-default-executor-5] WARN  server.GrpcLogAppender (LogUtils.java:warn(134)) - 19854c93-6789-4a4b-baec-170f8e9dd2d3@group-85450239316C->2aa6f7b3-a59e-4058-8af2-5381ad6af7db-AppendLogResponseHandler: Failed appendEntries: org.apache.ratis.thirdparty.io.grpc.StatusRuntimeException: UNAVAILABLE: io exception
2019-10-07 08:27:30,114 [grpc-default-executor-0] WARN  server.GrpcLogAppender (LogUtils.java:warn(134)) - 19854c93-6789-4a4b-baec-170f8e9dd2d3@group-85450239316C->1220f68b-22f9-43b7-8239-f0ea73c643e6-AppendLogResponseHandler: Failed appendEntries: org.apache.ratis.thirdparty.io.grpc.StatusRuntimeException: UNAVAILABLE: io exception
2019-10-07 08:27:30,115 [grpc-default-executor-5] INFO  impl.FollowerInfo (FollowerInfo.java:lambda$new$0(51)) - 19854c93-6789-4a4b-baec-170f8e9dd2d3@group-85450239316C->2aa6f7b3-a59e-4058-8af2-5381ad6af7db: nextIndex: updateUnconditionally 0 -> 0
2019-10-07 08:27:30,115 [grpc-default-executor-0] INFO  impl.FollowerInfo (FollowerInfo.java:lambda$new$0(51)) - 19854c93-6789-4a4b-baec-170f8e9dd2d3@group-85450239316C->1220f68b-22f9-43b7-8239-f0ea73c643e6: nextIndex: updateUnconditionally 0 -> 0
2019-10-07 08:27:32,618 [grpc-default-executor-0] WARN  server.GrpcLogAppender (LogUtils.java:warn(134)) - 19854c93-6789-4a4b-baec-170f8e9dd2d3@group-85450239316C->2aa6f7b3-a59e-4058-8af2-5381ad6af7db-AppendLogResponseHandler: Failed appendEntries: org.apache.ratis.thirdparty.io.grpc.StatusRuntimeException: UNAVAILABLE: io exception
2019-10-07 08:27:32,618 [grpc-default-executor-5] WARN  server.GrpcLogAppender (LogUtils.java:warn(134)) - 19854c93-6789-4a4b-baec-170f8e9dd2d3@group-85450239316C->1220f68b-22f9-43b7-8239-f0ea73c643e6-AppendLogResponseHandler: Failed appendEntries: org.apache.ratis.thirdparty.io.grpc.StatusRuntimeException: UNAVAILABLE: io exception
2019-10-07 08:27:32,620 [grpc-default-executor-0] INFO  impl.FollowerInfo (FollowerInfo.java:lambda$new$0(51)) - 19854c93-6789-4a4b-baec-170f8e9dd2d3@group-85450239316C->2aa6f7b3-a59e-4058-8af2-5381ad6af7db: nextIndex: updateUnconditionally 0 -> 0
2019-10-07 08:27:32,620 [grpc-default-executor-5] INFO  impl.FollowerInfo (FollowerInfo.java:lambda$new$0(51)) - 19854c93-6789-4a4b-baec-170f8e9dd2d3@group-85450239316C->1220f68b-22f9-43b7-8239-f0ea73c643e6: nextIndex: updateUnconditionally 0 -> 0
2019-10-07 08:27:35,119 [grpc-default-executor-0] WARN  server.GrpcLogAppender (LogUtils.java:warn(134)) - 19854c93-6789-4a4b-baec-170f8e9dd2d3@group-85450239316C->1220f68b-22f9-43b7-8239-f0ea73c643e6-AppendLogResponseHandler: Failed appendEntries: org.apache.ratis.thirdparty.io.grpc.StatusRuntimeException: UNAVAILABLE: io exception
2019-10-07 08:27:35,119 [grpc-default-executor-8] WARN  server.GrpcLogAppender (LogUtils.java:warn(134)) - 19854c93-6789-4a4b-baec-170f8e9dd2d3@group-85450239316C->2aa6f7b3-a59e-4058-8af2-5381ad6af7db-AppendLogResponseHandler: Failed appendEntries: org.apache.ratis.thirdparty.io.grpc.StatusRuntimeException: UNAVAILABLE: io exception
2019-10-07 08:27:35,120 [grpc-default-executor-0] INFO  impl.FollowerInfo (FollowerInfo.java:lambda$new$0(51)) - 19854c93-6789-4a4b-baec-170f8e9dd2d3@group-85450239316C->1220f68b-22f9-43b7-8239-f0ea73c643e6: nextIndex: updateUnconditionally 0 -> 0
2019-10-07 08:27:35,120 [grpc-default-executor-8] INFO  impl.FollowerInfo (FollowerInfo.java:lambda$new$0(51)) - 19854c93-6789-4a4b-baec-170f8e9dd2d3@group-85450239316C->2aa6f7b3-a59e-4058-8af2-5381ad6af7db: nextIndex: updateUnconditionally 0 -> 0
2019-10-07 08:27:35,460 [main] WARN  scm.XceiverClientRatis (XceiverClientRatis.java:watchForCommit(269)) - 3 way commit failed on pipeline Pipeline[ Id: 0c23e98d-eb8d-40a6-8064-85450239316c, Nodes: 2aa6f7b3-a59e-4058-8af2-5381ad6af7db{ip: 192.168.164.251, host: pr-hdds-2239-kl4xt-1424884434, networkLocation: /default-rack, certSerialId: null}1220f68b-22f9-43b7-8239-f0ea73c643e6{ip: 192.168.164.251, host: pr-hdds-2239-kl4xt-1424884434, networkLocation: /default-rack, certSerialId: null}19854c93-6789-4a4b-baec-170f8e9dd2d3{ip: 192.168.164.251, host: pr-hdds-2239-kl4xt-1424884434, networkLocation: /default-rack, certSerialId: null}, Type:RATIS, Factor:THREE, State:OPEN]
java.util.concurrent.TimeoutException
	at java.util.concurrent.CompletableFuture.timedGet(CompletableFuture.java:1771)
	at java.util.concurrent.CompletableFuture.get(CompletableFuture.java:1915)
	at org.apache.hadoop.hdds.scm.XceiverClientRatis.watchForCommit(XceiverClientRatis.java:266)
	at org.apache.hadoop.ozone.client.rpc.TestWatchForCommit.testWatchForCommitForRetryfailure(TestWatchForCommit.java:345)
	at sun.reflect.NativeMethodAccessorImpl.invoke0(Native Method)
	at sun.reflect.NativeMethodAccessorImpl.invoke(NativeMethodAccessorImpl.java:62)
	at sun.reflect.DelegatingMethodAccessorImpl.invoke(DelegatingMethodAccessorImpl.java:43)
	at java.lang.reflect.Method.invoke(Method.java:498)
	at org.junit.runners.model.FrameworkMethod$1.runReflectiveCall(FrameworkMethod.java:47)
	at org.junit.internal.runners.model.ReflectiveCallable.run(ReflectiveCallable.java:12)
	at org.junit.runners.model.FrameworkMethod.invokeExplosively(FrameworkMethod.java:44)
	at org.junit.internal.runners.statements.InvokeMethod.evaluate(InvokeMethod.java:17)
	at org.junit.runners.ParentRunner.runLeaf(ParentRunner.java:271)
	at org.junit.runners.BlockJUnit4ClassRunner.runChild(BlockJUnit4ClassRunner.java:70)
	at org.junit.runners.BlockJUnit4ClassRunner.runChild(BlockJUnit4ClassRunner.java:50)
	at org.junit.runners.ParentRunner$3.run(ParentRunner.java:238)
	at org.junit.runners.ParentRunner$1.schedule(ParentRunner.java:63)
	at org.junit.runners.ParentRunner.runChildren(ParentRunner.java:236)
	at org.junit.runners.ParentRunner.access$000(ParentRunner.java:53)
	at org.junit.runners.ParentRunner$2.evaluate(ParentRunner.java:229)
	at org.junit.runners.ParentRunner.run(ParentRunner.java:309)
	at org.apache.maven.surefire.junit4.JUnit4Provider.execute(JUnit4Provider.java:365)
	at org.apache.maven.surefire.junit4.JUnit4Provider.executeWithRerun(JUnit4Provider.java:273)
	at org.apache.maven.surefire.junit4.JUnit4Provider.executeTestSet(JUnit4Provider.java:238)
	at org.apache.maven.surefire.junit4.JUnit4Provider.invoke(JUnit4Provider.java:159)
	at org.apache.maven.surefire.booter.ForkedBooter.invokeProviderInSameClassLoader(ForkedBooter.java:384)
	at org.apache.maven.surefire.booter.ForkedBooter.runSuitesInProcess(ForkedBooter.java:345)
	at org.apache.maven.surefire.booter.ForkedBooter.execute(ForkedBooter.java:126)
	at org.apache.maven.surefire.booter.ForkedBooter.main(ForkedBooter.java:418)
2019-10-07 08:27:37,620 [grpc-default-executor-0] WARN  server.GrpcLogAppender (LogUtils.java:warn(134)) - 19854c93-6789-4a4b-baec-170f8e9dd2d3@group-85450239316C->1220f68b-22f9-43b7-8239-f0ea73c643e6-AppendLogResponseHandler: Failed appendEntries: org.apache.ratis.thirdparty.io.grpc.StatusRuntimeException: UNAVAILABLE: io exception
2019-10-07 08:27:37,620 [grpc-default-executor-9] WARN  server.GrpcLogAppender (LogUtils.java:warn(134)) - 19854c93-6789-4a4b-baec-170f8e9dd2d3@group-85450239316C->2aa6f7b3-a59e-4058-8af2-5381ad6af7db-AppendLogResponseHandler: Failed appendEntries: org.apache.ratis.thirdparty.io.grpc.StatusRuntimeException: UNAVAILABLE: io exception
2019-10-07 08:27:37,628 [grpc-default-executor-0] INFO  impl.FollowerInfo (FollowerInfo.java:lambda$new$0(51)) - 19854c93-6789-4a4b-baec-170f8e9dd2d3@group-85450239316C->1220f68b-22f9-43b7-8239-f0ea73c643e6: nextIndex: updateUnconditionally 0 -> 0
2019-10-07 08:27:37,628 [grpc-default-executor-9] INFO  impl.FollowerInfo (FollowerInfo.java:lambda$new$0(51)) - 19854c93-6789-4a4b-baec-170f8e9dd2d3@group-85450239316C->2aa6f7b3-a59e-4058-8af2-5381ad6af7db: nextIndex: updateUnconditionally 0 -> 0
2019-10-07 08:27:39,683 [Thread-1601] INFO  client.GrpcClientProtocolService (GrpcClientProtocolService.java:lambda$processClientRequest$0(278)) - Failed RaftClientRequest:client-BF8D4CED6621->19854c93-6789-4a4b-baec-170f8e9dd2d3@group-85450239316C, cid=67, seq=0, Watch-ALL_COMMITTED(16), Message:<EMPTY>, reply=RaftClientReply:client-BF8D4CED6621->19854c93-6789-4a4b-baec-170f8e9dd2d3@group-85450239316C, cid=67, FAILED org.apache.ratis.protocol.NotReplicatedException: Request with call Id 67 and log index 16 is not yet replicated to ALL_COMMITTED, logIndex=16, commits[19854c93-6789-4a4b-baec-170f8e9dd2d3:c2, 2aa6f7b3-a59e-4058-8af2-5381ad6af7db:c2, 1220f68b-22f9-43b7-8239-f0ea73c643e6:c2]
2019-10-07 08:27:40,122 [grpc-default-executor-0] WARN  server.GrpcLogAppender (LogUtils.java:warn(134)) - 19854c93-6789-4a4b-baec-170f8e9dd2d3@group-85450239316C->2aa6f7b3-a59e-4058-8af2-5381ad6af7db-AppendLogResponseHandler: Failed appendEntries: org.apache.ratis.thirdparty.io.grpc.StatusRuntimeException: UNAVAILABLE: io exception
2019-10-07 08:27:40,122 [grpc-default-executor-9] WARN  server.GrpcLogAppender (LogUtils.java:warn(134)) - 19854c93-6789-4a4b-baec-170f8e9dd2d3@group-85450239316C->1220f68b-22f9-43b7-8239-f0ea73c643e6-AppendLogResponseHandler: Failed appendEntries: org.apache.ratis.thirdparty.io.grpc.StatusRuntimeException: UNAVAILABLE: io exception
2019-10-07 08:27:40,129 [grpc-default-executor-0] INFO  impl.FollowerInfo (FollowerInfo.java:lambda$new$0(51)) - 19854c93-6789-4a4b-baec-170f8e9dd2d3@group-85450239316C->2aa6f7b3-a59e-4058-8af2-5381ad6af7db: nextIndex: updateUnconditionally 0 -> 0
2019-10-07 08:27:40,129 [grpc-default-executor-9] INFO  impl.FollowerInfo (FollowerInfo.java:lambda$new$0(51)) - 19854c93-6789-4a4b-baec-170f8e9dd2d3@group-85450239316C->1220f68b-22f9-43b7-8239-f0ea73c643e6: nextIndex: updateUnconditionally 0 -> 0
2019-10-07 08:27:42,624 [grpc-default-executor-3] WARN  server.GrpcLogAppender (LogUtils.java:warn(134)) - 19854c93-6789-4a4b-baec-170f8e9dd2d3@group-85450239316C->1220f68b-22f9-43b7-8239-f0ea73c643e6-AppendLogResponseHandler: Failed appendEntries: org.apache.ratis.thirdparty.io.grpc.StatusRuntimeException: UNAVAILABLE: io exception
2019-10-07 08:27:42,624 [grpc-default-executor-9] WARN  server.GrpcLogAppender (LogUtils.java:warn(134)) - 19854c93-6789-4a4b-baec-170f8e9dd2d3@group-85450239316C->2aa6f7b3-a59e-4058-8af2-5381ad6af7db-AppendLogResponseHandler: Failed appendEntries: org.apache.ratis.thirdparty.io.grpc.StatusRuntimeException: UNAVAILABLE: io exception
2019-10-07 08:27:42,625 [grpc-default-executor-9] INFO  impl.FollowerInfo (FollowerInfo.java:lambda$new$0(51)) - 19854c93-6789-4a4b-baec-170f8e9dd2d3@group-85450239316C->2aa6f7b3-a59e-4058-8af2-5381ad6af7db: nextIndex: updateUnconditionally 0 -> 0
2019-10-07 08:27:42,625 [grpc-default-executor-3] INFO  impl.FollowerInfo (FollowerInfo.java:lambda$new$0(51)) - 19854c93-6789-4a4b-baec-170f8e9dd2d3@group-85450239316C->1220f68b-22f9-43b7-8239-f0ea73c643e6: nextIndex: updateUnconditionally 0 -> 0
2019-10-07 08:27:45,124 [grpc-default-executor-5] WARN  server.GrpcLogAppender (LogUtils.java:warn(134)) - 19854c93-6789-4a4b-baec-170f8e9dd2d3@group-85450239316C->1220f68b-22f9-43b7-8239-f0ea73c643e6-AppendLogResponseHandler: Failed appendEntries: org.apache.ratis.thirdparty.io.grpc.StatusRuntimeException: UNAVAILABLE: io exception
2019-10-07 08:27:45,125 [grpc-default-executor-10] WARN  server.GrpcLogAppender (LogUtils.java:warn(134)) - 19854c93-6789-4a4b-baec-170f8e9dd2d3@group-85450239316C->2aa6f7b3-a59e-4058-8af2-5381ad6af7db-AppendLogResponseHandler: Failed appendEntries: org.apache.ratis.thirdparty.io.grpc.StatusRuntimeException: UNAVAILABLE: io exception
2019-10-07 08:27:45,125 [grpc-default-executor-5] INFO  impl.FollowerInfo (FollowerInfo.java:lambda$new$0(51)) - 19854c93-6789-4a4b-baec-170f8e9dd2d3@group-85450239316C->1220f68b-22f9-43b7-8239-f0ea73c643e6: nextIndex: updateUnconditionally 0 -> 0
2019-10-07 08:27:45,126 [grpc-default-executor-10] INFO  impl.FollowerInfo (FollowerInfo.java:lambda$new$0(51)) - 19854c93-6789-4a4b-baec-170f8e9dd2d3@group-85450239316C->2aa6f7b3-a59e-4058-8af2-5381ad6af7db: nextIndex: updateUnconditionally 0 -> 0
2019-10-07 08:27:47,624 [grpc-default-executor-8] WARN  server.GrpcLogAppender (LogUtils.java:warn(134)) - 19854c93-6789-4a4b-baec-170f8e9dd2d3@group-85450239316C->1220f68b-22f9-43b7-8239-f0ea73c643e6-AppendLogResponseHandler: Failed appendEntries: org.apache.ratis.thirdparty.io.grpc.StatusRuntimeException: UNAVAILABLE: io exception
2019-10-07 08:27:47,624 [grpc-default-executor-9] WARN  server.GrpcLogAppender (LogUtils.java:warn(134)) - 19854c93-6789-4a4b-baec-170f8e9dd2d3@group-85450239316C->2aa6f7b3-a59e-4058-8af2-5381ad6af7db-AppendLogResponseHandler: Failed appendEntries: org.apache.ratis.thirdparty.io.grpc.StatusRuntimeException: UNAVAILABLE: io exception
2019-10-07 08:27:47,625 [grpc-default-executor-8] INFO  impl.FollowerInfo (FollowerInfo.java:lambda$new$0(51)) - 19854c93-6789-4a4b-baec-170f8e9dd2d3@group-85450239316C->1220f68b-22f9-43b7-8239-f0ea73c643e6: nextIndex: updateUnconditionally 0 -> 0
2019-10-07 08:27:47,625 [grpc-default-executor-9] INFO  impl.FollowerInfo (FollowerInfo.java:lambda$new$0(51)) - 19854c93-6789-4a4b-baec-170f8e9dd2d3@group-85450239316C->2aa6f7b3-a59e-4058-8af2-5381ad6af7db: nextIndex: updateUnconditionally 0 -> 0
2019-10-07 08:27:48,683 [Thread-1616] INFO  client.GrpcClientProtocolService (GrpcClientProtocolService.java:lambda$processClientRequest$0(278)) - Failed RaftClientRequest:client-BF8D4CED6621->19854c93-6789-4a4b-baec-170f8e9dd2d3@group-85450239316C, cid=67, seq=0, Watch-ALL_COMMITTED(16), Message:<EMPTY>, reply=RaftClientReply:client-BF8D4CED6621->19854c93-6789-4a4b-baec-170f8e9dd2d3@group-85450239316C, cid=67, FAILED org.apache.ratis.protocol.NotReplicatedException: Request with call Id 67 and log index 16 is not yet replicated to ALL_COMMITTED, logIndex=16, commits[19854c93-6789-4a4b-baec-170f8e9dd2d3:c2, 2aa6f7b3-a59e-4058-8af2-5381ad6af7db:c2, 1220f68b-22f9-43b7-8239-f0ea73c643e6:c2]
2019-10-07 08:27:48,683 [Thread-1617] INFO  client.GrpcClientProtocolService (GrpcClientProtocolService.java:lambda$processClientRequest$0(278)) - Failed RaftClientRequest:client-BF8D4CED6621->19854c93-6789-4a4b-baec-170f8e9dd2d3@group-85450239316C, cid=68, seq=0, Watch-MAJORITY_COMMITTED(16), Message:<EMPTY>, reply=RaftClientReply:client-BF8D4CED6621->19854c93-6789-4a4b-baec-170f8e9dd2d3@group-85450239316C, cid=68, FAILED org.apache.ratis.protocol.NotReplicatedException: Request with call Id 68 and log index 16 is not yet replicated to MAJORITY_COMMITTED, logIndex=16, commits[19854c93-6789-4a4b-baec-170f8e9dd2d3:c2, 2aa6f7b3-a59e-4058-8af2-5381ad6af7db:c2, 1220f68b-22f9-43b7-8239-f0ea73c643e6:c2]
2019-10-07 08:27:50,126 [grpc-default-executor-8] WARN  server.GrpcLogAppender (LogUtils.java:warn(134)) - 19854c93-6789-4a4b-baec-170f8e9dd2d3@group-85450239316C->2aa6f7b3-a59e-4058-8af2-5381ad6af7db-AppendLogResponseHandler: Failed appendEntries: org.apache.ratis.thirdparty.io.grpc.StatusRuntimeException: UNAVAILABLE: io exception
2019-10-07 08:27:50,126 [grpc-default-executor-5] WARN  server.GrpcLogAppender (LogUtils.java:warn(134)) - 19854c93-6789-4a4b-baec-170f8e9dd2d3@group-85450239316C->1220f68b-22f9-43b7-8239-f0ea73c643e6-AppendLogResponseHandler: Failed appendEntries: org.apache.ratis.thirdparty.io.grpc.StatusRuntimeException: UNAVAILABLE: io exception
2019-10-07 08:27:50,130 [grpc-default-executor-8] INFO  impl.FollowerInfo (FollowerInfo.java:lambda$new$0(51)) - 19854c93-6789-4a4b-baec-170f8e9dd2d3@group-85450239316C->2aa6f7b3-a59e-4058-8af2-5381ad6af7db: nextIndex: updateUnconditionally 0 -> 0
2019-10-07 08:27:50,130 [grpc-default-executor-5] INFO  impl.FollowerInfo (FollowerInfo.java:lambda$new$0(51)) - 19854c93-6789-4a4b-baec-170f8e9dd2d3@group-85450239316C->1220f68b-22f9-43b7-8239-f0ea73c643e6: nextIndex: updateUnconditionally 0 -> 0
2019-10-07 08:27:52,628 [grpc-default-executor-10] WARN  server.GrpcLogAppender (LogUtils.java:warn(134)) - 19854c93-6789-4a4b-baec-170f8e9dd2d3@group-85450239316C->1220f68b-22f9-43b7-8239-f0ea73c643e6-AppendLogResponseHandler: Failed appendEntries: org.apache.ratis.thirdparty.io.grpc.StatusRuntimeException: UNAVAILABLE: io exception
2019-10-07 08:27:52,628 [grpc-default-executor-5] WARN  server.GrpcLogAppender (LogUtils.java:warn(134)) - 19854c93-6789-4a4b-baec-170f8e9dd2d3@group-85450239316C->2aa6f7b3-a59e-4058-8af2-5381ad6af7db-AppendLogResponseHandler: Failed appendEntries: org.apache.ratis.thirdparty.io.grpc.StatusRuntimeException: UNAVAILABLE: io exception
2019-10-07 08:27:52,628 [grpc-default-executor-10] INFO  impl.FollowerInfo (FollowerInfo.java:lambda$new$0(51)) - 19854c93-6789-4a4b-baec-170f8e9dd2d3@group-85450239316C->1220f68b-22f9-43b7-8239-f0ea73c643e6: nextIndex: updateUnconditionally 0 -> 0
2019-10-07 08:27:52,629 [grpc-default-executor-5] INFO  impl.FollowerInfo (FollowerInfo.java:lambda$new$0(51)) - 19854c93-6789-4a4b-baec-170f8e9dd2d3@group-85450239316C->2aa6f7b3-a59e-4058-8af2-5381ad6af7db: nextIndex: updateUnconditionally 0 -> 0
2019-10-07 08:27:55,127 [grpc-default-executor-9] WARN  server.GrpcLogAppender (LogUtils.java:warn(134)) - 19854c93-6789-4a4b-baec-170f8e9dd2d3@group-85450239316C->2aa6f7b3-a59e-4058-8af2-5381ad6af7db-AppendLogResponseHandler: Failed appendEntries: org.apache.ratis.thirdparty.io.grpc.StatusRuntimeException: UNAVAILABLE: io exception
2019-10-07 08:27:55,127 [grpc-default-executor-5] WARN  server.GrpcLogAppender (LogUtils.java:warn(134)) - 19854c93-6789-4a4b-baec-170f8e9dd2d3@group-85450239316C->1220f68b-22f9-43b7-8239-f0ea73c643e6-AppendLogResponseHandler: Failed appendEntries: org.apache.ratis.thirdparty.io.grpc.StatusRuntimeException: UNAVAILABLE: io exception
2019-10-07 08:27:55,127 [grpc-default-executor-9] INFO  impl.FollowerInfo (FollowerInfo.java:lambda$new$0(51)) - 19854c93-6789-4a4b-baec-170f8e9dd2d3@group-85450239316C->2aa6f7b3-a59e-4058-8af2-5381ad6af7db: nextIndex: updateUnconditionally 0 -> 0
2019-10-07 08:27:55,128 [grpc-default-executor-5] INFO  impl.FollowerInfo (FollowerInfo.java:lambda$new$0(51)) - 19854c93-6789-4a4b-baec-170f8e9dd2d3@group-85450239316C->1220f68b-22f9-43b7-8239-f0ea73c643e6: nextIndex: updateUnconditionally 0 -> 0
]]></system-out>
    <system-err><![CDATA[Oct 07, 2019 8:27:10 AM org.apache.ratis.thirdparty.io.grpc.internal.SerializingExecutor run
SEVERE: Exception while executing runnable org.apache.ratis.thirdparty.io.grpc.internal.ServerImpl$JumpToApplicationThreadServerStreamListener$1Closed@5088c8bb
org.apache.ratis.thirdparty.io.grpc.StatusRuntimeException: CANCELLED: call already cancelled
	at org.apache.ratis.thirdparty.io.grpc.Status.asRuntimeException(Status.java:517)
	at org.apache.ratis.thirdparty.io.grpc.stub.ServerCalls$ServerCallStreamObserverImpl.onCompleted(ServerCalls.java:356)
	at org.apache.ratis.grpc.server.GrpcServerProtocolService$ServerRequestStreamObserver.onError(GrpcServerProtocolService.java:121)
	at org.apache.ratis.thirdparty.io.grpc.stub.ServerCalls$StreamingServerCallHandler$StreamingServerCallListener.onCancel(ServerCalls.java:269)
	at org.apache.ratis.thirdparty.io.grpc.internal.ServerCallImpl$ServerStreamListenerImpl.closed(ServerCallImpl.java:293)
	at org.apache.ratis.thirdparty.io.grpc.internal.ServerImpl$JumpToApplicationThreadServerStreamListener$1Closed.runInContext(ServerImpl.java:741)
	at org.apache.ratis.thirdparty.io.grpc.internal.ContextRunnable.run(ContextRunnable.java:37)
	at org.apache.ratis.thirdparty.io.grpc.internal.SerializingExecutor.run(SerializingExecutor.java:123)
	at java.util.concurrent.ThreadPoolExecutor.runWorker(ThreadPoolExecutor.java:1149)
	at java.util.concurrent.ThreadPoolExecutor$Worker.run(ThreadPoolExecutor.java:624)
	at java.lang.Thread.run(Thread.java:748)

Oct 07, 2019 8:27:15 AM org.apache.ratis.thirdparty.io.grpc.internal.SerializingExecutor run
SEVERE: Exception while executing runnable org.apache.ratis.thirdparty.io.grpc.internal.ServerImpl$JumpToApplicationThreadServerStreamListener$1Closed@6ed475c5
org.apache.ratis.thirdparty.io.grpc.StatusRuntimeException: CANCELLED: call already cancelled
	at org.apache.ratis.thirdparty.io.grpc.Status.asRuntimeException(Status.java:517)
	at org.apache.ratis.thirdparty.io.grpc.stub.ServerCalls$ServerCallStreamObserverImpl.onCompleted(ServerCalls.java:356)
	at org.apache.ratis.grpc.server.GrpcServerProtocolService$ServerRequestStreamObserver.onError(GrpcServerProtocolService.java:121)
	at org.apache.ratis.thirdparty.io.grpc.stub.ServerCalls$StreamingServerCallHandler$StreamingServerCallListener.onCancel(ServerCalls.java:269)
	at org.apache.ratis.thirdparty.io.grpc.internal.ServerCallImpl$ServerStreamListenerImpl.closed(ServerCallImpl.java:293)
	at org.apache.ratis.thirdparty.io.grpc.internal.ServerImpl$JumpToApplicationThreadServerStreamListener$1Closed.runInContext(ServerImpl.java:741)
	at org.apache.ratis.thirdparty.io.grpc.internal.ContextRunnable.run(ContextRunnable.java:37)
	at org.apache.ratis.thirdparty.io.grpc.internal.SerializingExecutor.run(SerializingExecutor.java:123)
	at java.util.concurrent.ThreadPoolExecutor.runWorker(ThreadPoolExecutor.java:1149)
	at java.util.concurrent.ThreadPoolExecutor$Worker.run(ThreadPoolExecutor.java:624)
	at java.lang.Thread.run(Thread.java:748)

]]></system-err>
  </testcase>
  <testcase name="testWatchForCommitForGroupMismatchException" classname="org.apache.hadoop.ozone.client.rpc.TestWatchForCommit" time="33.515"/>
  <testcase name="test2WayCommitForTimeoutException" classname="org.apache.hadoop.ozone.client.rpc.TestWatchForCommit" time="34.064">
    <error type="java.util.concurrent.TimeoutException">java.util.concurrent.TimeoutException
	at java.util.concurrent.CompletableFuture.timedGet(CompletableFuture.java:1771)
	at java.util.concurrent.CompletableFuture.get(CompletableFuture.java:1915)
	at org.apache.hadoop.hdds.scm.XceiverClientRatis.watchForCommit(XceiverClientRatis.java:275)
	at org.apache.hadoop.ozone.client.rpc.TestWatchForCommit.test2WayCommitForTimeoutException(TestWatchForCommit.java:391)
	at sun.reflect.NativeMethodAccessorImpl.invoke0(Native Method)
	at sun.reflect.NativeMethodAccessorImpl.invoke(NativeMethodAccessorImpl.java:62)
	at sun.reflect.DelegatingMethodAccessorImpl.invoke(DelegatingMethodAccessorImpl.java:43)
	at java.lang.reflect.Method.invoke(Method.java:498)
	at org.junit.runners.model.FrameworkMethod$1.runReflectiveCall(FrameworkMethod.java:47)
	at org.junit.internal.runners.model.ReflectiveCallable.run(ReflectiveCallable.java:12)
	at org.junit.runners.model.FrameworkMethod.invokeExplosively(FrameworkMethod.java:44)
	at org.junit.internal.runners.statements.InvokeMethod.evaluate(InvokeMethod.java:17)
	at org.junit.runners.ParentRunner.runLeaf(ParentRunner.java:271)
	at org.junit.runners.BlockJUnit4ClassRunner.runChild(BlockJUnit4ClassRunner.java:70)
	at org.junit.runners.BlockJUnit4ClassRunner.runChild(BlockJUnit4ClassRunner.java:50)
	at org.junit.runners.ParentRunner$3.run(ParentRunner.java:238)
	at org.junit.runners.ParentRunner$1.schedule(ParentRunner.java:63)
	at org.junit.runners.ParentRunner.runChildren(ParentRunner.java:236)
	at org.junit.runners.ParentRunner.access$000(ParentRunner.java:53)
	at org.junit.runners.ParentRunner$2.evaluate(ParentRunner.java:229)
	at org.junit.runners.ParentRunner.run(ParentRunner.java:309)
	at org.apache.maven.surefire.junit4.JUnit4Provider.execute(JUnit4Provider.java:365)
	at org.apache.maven.surefire.junit4.JUnit4Provider.executeWithRerun(JUnit4Provider.java:273)
	at org.apache.maven.surefire.junit4.JUnit4Provider.executeTestSet(JUnit4Provider.java:238)
	at org.apache.maven.surefire.junit4.JUnit4Provider.invoke(JUnit4Provider.java:159)
	at org.apache.maven.surefire.booter.ForkedBooter.invokeProviderInSameClassLoader(ForkedBooter.java:384)
	at org.apache.maven.surefire.booter.ForkedBooter.runSuitesInProcess(ForkedBooter.java:345)
	at org.apache.maven.surefire.booter.ForkedBooter.execute(ForkedBooter.java:126)
	at org.apache.maven.surefire.booter.ForkedBooter.main(ForkedBooter.java:418)
</error>
    <system-out><![CDATA[2019-10-07 08:28:29,009 [main] WARN  server.ServerUtils (ServerUtils.java:getScmDbDir(145)) - ozone.scm.db.dirs is not configured. We recommend adding this setting. Falling back to ozone.metadata.dirs instead.
2019-10-07 08:28:29,033 [main] WARN  server.ServerUtils (ServerUtils.java:getScmDbDir(145)) - ozone.scm.db.dirs is not configured. We recommend adding this setting. Falling back to ozone.metadata.dirs instead.
2019-10-07 08:28:29,034 [main] WARN  server.ServerUtils (ServerUtils.java:getScmDbDir(145)) - ozone.scm.db.dirs is not configured. We recommend adding this setting. Falling back to ozone.metadata.dirs instead.
2019-10-07 08:28:29,034 [main] INFO  db.DBStoreBuilder (DBStoreBuilder.java:addTable(117)) - using custom profile for table: deletedBlocks
2019-10-07 08:28:29,034 [main] INFO  db.DBStoreBuilder (DBStoreBuilder.java:processTables(168)) - Using default column profile:DBProfile.DISK for Table:deletedBlocks
2019-10-07 08:28:29,035 [main] INFO  db.DBStoreBuilder (DBStoreBuilder.java:addTable(117)) - using custom profile for table: validCerts
2019-10-07 08:28:29,035 [main] INFO  db.DBStoreBuilder (DBStoreBuilder.java:processTables(168)) - Using default column profile:DBProfile.DISK for Table:validCerts
2019-10-07 08:28:29,035 [main] INFO  db.DBStoreBuilder (DBStoreBuilder.java:addTable(117)) - using custom profile for table: revokedCerts
2019-10-07 08:28:29,035 [main] INFO  db.DBStoreBuilder (DBStoreBuilder.java:processTables(168)) - Using default column profile:DBProfile.DISK for Table:revokedCerts
2019-10-07 08:28:29,035 [main] INFO  db.DBStoreBuilder (DBStoreBuilder.java:addTable(117)) - using custom profile for table: default
2019-10-07 08:28:29,035 [main] INFO  db.DBStoreBuilder (DBStoreBuilder.java:processTables(174)) - Using default column profile:DBProfile.DISK for Table:default
2019-10-07 08:28:29,036 [main] INFO  db.DBStoreBuilder (DBStoreBuilder.java:getDbProfile(205)) - Using default options. DBProfile.DISK
2019-10-07 08:28:29,348 [main] INFO  net.NodeSchemaLoader (NodeSchemaLoader.java:loadSchemaFromFile(125)) - Loading file from sun.misc.CompoundEnumeration@33d7765a
2019-10-07 08:28:29,349 [main] INFO  net.NodeSchemaLoader (NodeSchemaLoader.java:loadSchema(171)) - Loading network topology layer schema file
2019-10-07 08:28:29,354 [main] WARN  server.ServerUtils (ServerUtils.java:sanitizeUserArgs(70)) - ozone.scm.stale.node.interval value = 300000 is larger than max = 100000 based on the key value of ozone.scm.heartbeat.thread.interval, reset to the max value 100000.
2019-10-07 08:28:29,354 [main] WARN  server.ServerUtils (ServerUtils.java:sanitizeUserArgs(70)) - ozone.scm.stale.node.interval value = 300000 is larger than max = 100000 based on the key value of ozone.scm.heartbeat.thread.interval, reset to the max value 100000.
2019-10-07 08:28:29,354 [main] INFO  node.SCMNodeManager (SCMNodeManager.java:<init>(116)) - Entering startup safe mode.
2019-10-07 08:28:29,355 [main] INFO  algorithms.ContainerPlacementPolicyFactory (ContainerPlacementPolicyFactory.java:getPolicy(57)) - Create container placement policy of type org.apache.hadoop.hdds.scm.container.placement.algorithms.SCMContainerPlacementRandom
2019-10-07 08:28:29,355 [main] WARN  server.ServerUtils (ServerUtils.java:getScmDbDir(145)) - ozone.scm.db.dirs is not configured. We recommend adding this setting. Falling back to ozone.metadata.dirs instead.
2019-10-07 08:28:29,490 [main] INFO  pipeline.SCMPipelineManager (SCMPipelineManager.java:initializePipelineState(132)) - No pipeline exists in current db
2019-10-07 08:28:29,490 [main] WARN  server.ServerUtils (ServerUtils.java:getScmDbDir(145)) - ozone.scm.db.dirs is not configured. We recommend adding this setting. Falling back to ozone.metadata.dirs instead.
2019-10-07 08:28:29,617 [main] WARN  events.EventQueue (EventQueue.java:fireEvent(183)) - No event handler registered for event TypedEvent{payloadType=SafeModeStatus, name='SafeModeStatus'}
2019-10-07 08:28:29,618 [main] INFO  ipc.CallQueueManager (CallQueueManager.java:<init>(84)) - Using callQueue: class java.util.concurrent.LinkedBlockingQueue, queueCapacity: 2000, scheduler: class org.apache.hadoop.ipc.DefaultRpcScheduler, ipcBackoff: false.
2019-10-07 08:28:29,619 [Socket Reader #1 for port 38371] INFO  ipc.Server (Server.java:run(1074)) - Starting Socket Reader #1 for port 38371
2019-10-07 08:28:29,623 [main] INFO  ipc.CallQueueManager (CallQueueManager.java:<init>(84)) - Using callQueue: class java.util.concurrent.LinkedBlockingQueue, queueCapacity: 2000, scheduler: class org.apache.hadoop.ipc.DefaultRpcScheduler, ipcBackoff: false.
2019-10-07 08:28:29,624 [Socket Reader #1 for port 32931] INFO  ipc.Server (Server.java:run(1074)) - Starting Socket Reader #1 for port 32931
2019-10-07 08:28:29,627 [main] INFO  ipc.CallQueueManager (CallQueueManager.java:<init>(84)) - Using callQueue: class java.util.concurrent.LinkedBlockingQueue, queueCapacity: 2000, scheduler: class org.apache.hadoop.ipc.DefaultRpcScheduler, ipcBackoff: false.
2019-10-07 08:28:29,628 [Socket Reader #1 for port 46692] INFO  ipc.Server (Server.java:run(1074)) - Starting Socket Reader #1 for port 46692
2019-10-07 08:28:29,632 [main] INFO  hdfs.DFSUtil (DFSUtil.java:httpServerTemplateForNNAndJN(1641)) - Starting Web-server for scm at: http://0.0.0.0:0
2019-10-07 08:28:29,634 [main] INFO  server.AuthenticationFilter (AuthenticationFilter.java:constructSecretProvider(240)) - Unable to initialize FileSignerSecretProvider, falling back to use random secrets.
2019-10-07 08:28:29,635 [main] WARN  http.HttpRequestLog (HttpRequestLog.java:getRequestLog(97)) - Jetty request log can only be enabled using Log4j
2019-10-07 08:28:29,637 [main] INFO  http.HttpServer2 (HttpServer2.java:addGlobalFilter(975)) - Added global filter 'safety' (class=org.apache.hadoop.http.HttpServer2$QuotingInputFilter)
2019-10-07 08:28:29,637 [main] INFO  http.HttpServer2 (HttpServer2.java:addFilter(948)) - Added filter static_user_filter (class=org.apache.hadoop.http.lib.StaticUserWebFilter$StaticUserFilter) to context scm
2019-10-07 08:28:29,638 [main] INFO  http.HttpServer2 (HttpServer2.java:addFilter(958)) - Added filter static_user_filter (class=org.apache.hadoop.http.lib.StaticUserWebFilter$StaticUserFilter) to context static
2019-10-07 08:28:29,638 [main] INFO  http.HttpServer2 (HttpServer2.java:addFilter(958)) - Added filter static_user_filter (class=org.apache.hadoop.http.lib.StaticUserWebFilter$StaticUserFilter) to context logs
2019-10-07 08:28:29,640 [main] INFO  server.StorageContainerManager (StorageContainerManager.java:start(770)) - StorageContainerLocationProtocol RPC server is listening at /0.0.0.0:46692
2019-10-07 08:28:29,642 [main] WARN  impl.MetricsConfig (MetricsConfig.java:loadFirst(134)) - Cannot locate configuration: tried hadoop-metrics2-storagecontainermanager.properties,hadoop-metrics2.properties
2019-10-07 08:28:29,643 [main] INFO  impl.MetricsSystemImpl (MetricsSystemImpl.java:startTimer(374)) - Scheduled Metric snapshot period at 10 second(s).
2019-10-07 08:28:29,643 [main] INFO  impl.MetricsSystemImpl (MetricsSystemImpl.java:start(191)) - StorageContainerManager metrics system started
2019-10-07 08:28:29,894 [main] WARN  impl.MetricsSystemImpl (MetricsSystemImpl.java:register(276)) - Sink prometheus already exists!
2019-10-07 08:28:30,136 [grpc-default-executor-5] WARN  server.GrpcLogAppender (LogUtils.java:warn(134)) - 19854c93-6789-4a4b-baec-170f8e9dd2d3@group-85450239316C->2aa6f7b3-a59e-4058-8af2-5381ad6af7db-AppendLogResponseHandler: Failed appendEntries: org.apache.ratis.thirdparty.io.grpc.StatusRuntimeException: UNAVAILABLE: io exception
2019-10-07 08:28:30,136 [grpc-default-executor-10] WARN  server.GrpcLogAppender (LogUtils.java:warn(134)) - 19854c93-6789-4a4b-baec-170f8e9dd2d3@group-85450239316C->1220f68b-22f9-43b7-8239-f0ea73c643e6-AppendLogResponseHandler: Failed appendEntries: org.apache.ratis.thirdparty.io.grpc.StatusRuntimeException: UNAVAILABLE: io exception
2019-10-07 08:28:30,136 [grpc-default-executor-5] INFO  impl.FollowerInfo (FollowerInfo.java:lambda$new$0(51)) - 19854c93-6789-4a4b-baec-170f8e9dd2d3@group-85450239316C->2aa6f7b3-a59e-4058-8af2-5381ad6af7db: nextIndex: updateUnconditionally 0 -> 0
2019-10-07 08:28:30,136 [grpc-default-executor-10] INFO  impl.FollowerInfo (FollowerInfo.java:lambda$new$0(51)) - 19854c93-6789-4a4b-baec-170f8e9dd2d3@group-85450239316C->1220f68b-22f9-43b7-8239-f0ea73c643e6: nextIndex: updateUnconditionally 0 -> 0
2019-10-07 08:28:30,154 [main] INFO  server.SCMClientProtocolServer (SCMClientProtocolServer.java:start(159)) - RPC server for Client  is listening at /0.0.0.0:46692
2019-10-07 08:28:30,154 [IPC Server Responder] INFO  ipc.Server (Server.java:run(1314)) - IPC Server Responder: starting
2019-10-07 08:28:30,154 [IPC Server listener on 46692] INFO  ipc.Server (Server.java:run(1153)) - IPC Server listener on 46692: starting
2019-10-07 08:28:30,161 [main] INFO  server.StorageContainerManager (StorageContainerManager.java:start(780)) - ScmBlockLocationProtocol RPC server is listening at /0.0.0.0:32931
2019-10-07 08:28:30,161 [main] INFO  server.SCMBlockProtocolServer (SCMBlockProtocolServer.java:start(146)) - RPC server for Block Protocol is listening at /0.0.0.0:32931
2019-10-07 08:28:30,161 [IPC Server Responder] INFO  ipc.Server (Server.java:run(1314)) - IPC Server Responder: starting
2019-10-07 08:28:30,162 [IPC Server listener on 32931] INFO  ipc.Server (Server.java:run(1153)) - IPC Server listener on 32931: starting
2019-10-07 08:28:30,171 [main] INFO  server.StorageContainerManager (StorageContainerManager.java:start(784)) - ScmDatanodeProtocl RPC server is listening at /0.0.0.0:38371
2019-10-07 08:28:30,171 [main] INFO  server.SCMDatanodeProtocolServer (SCMDatanodeProtocolServer.java:start(169)) - RPC server for DataNodes is listening at /0.0.0.0:38371
2019-10-07 08:28:30,172 [IPC Server Responder] INFO  ipc.Server (Server.java:run(1314)) - IPC Server Responder: starting
2019-10-07 08:28:30,172 [IPC Server listener on 38371] INFO  ipc.Server (Server.java:run(1153)) - IPC Server listener on 38371: starting
2019-10-07 08:28:30,177 [main] INFO  http.HttpServer2 (HttpServer2.java:bindListener(1191)) - Jetty bound to port 38503
2019-10-07 08:28:30,177 [main] INFO  server.Server (Server.java:doStart(351)) - jetty-9.3.25.v20180904, build timestamp: 2018-09-04T21:11:46Z, git hash: 3ce520221d0240229c862b122d2b06c12a625732
2019-10-07 08:28:30,178 [main] INFO  handler.ContextHandler (ContextHandler.java:doStart(781)) - Started o.e.j.s.ServletContextHandler@2dff7085{/logs,file:///workdir/hadoop-ozone/integration-test/target/log,AVAILABLE}
2019-10-07 08:28:30,178 [main] INFO  handler.ContextHandler (ContextHandler.java:doStart(781)) - Started o.e.j.s.ServletContextHandler@501957bf{/static,file:///workdir/hadoop-ozone/integration-test/target/test-classes/webapps/static,AVAILABLE}
2019-10-07 08:28:30,182 [main] INFO  handler.ContextHandler (ContextHandler.java:doStart(781)) - Started o.e.j.w.WebAppContext@6af65f29{/,file:///workdir/hadoop-ozone/integration-test/target/test-classes/webapps/scm/,AVAILABLE}{/scm}
2019-10-07 08:28:30,182 [main] INFO  server.AbstractConnector (AbstractConnector.java:doStart(278)) - Started ServerConnector@370c9018{HTTP/1.1,[http/1.1]}{0.0.0.0:38503}
2019-10-07 08:28:30,184 [main] INFO  server.Server (Server.java:doStart(419)) - Started @223445ms
2019-10-07 08:28:30,184 [main] WARN  impl.MetricsSystemImpl (MetricsSystemImpl.java:register(276)) - Sink prometheus already exists!
2019-10-07 08:28:30,186 [main] INFO  server.BaseHttpServer (BaseHttpServer.java:updateConnectorAddress(215)) - HTTP server of SCM is listening at http://0.0.0.0:38503
2019-10-07 08:28:30,188 [main] WARN  server.ServerUtils (ServerUtils.java:getDBPath(222)) - ozone.om.db.dirs is not configured. We recommend adding this setting. Falling back to ozone.metadata.dirs instead.
2019-10-07 08:28:30,188 [org.apache.hadoop.util.JvmPauseMonitor$Monitor@111c229c] INFO  util.JvmPauseMonitor (JvmPauseMonitor.java:run(188)) - Starting JVM pause monitor
2019-10-07 08:28:30,212 [main] INFO  ha.OMHANodeDetails (OMHANodeDetails.java:loadOMHAConfig(190)) - Configuration either no ozone.om.address set. Falling back to the default OM address /127.0.0.1:0
2019-10-07 08:28:30,213 [main] INFO  ha.OMHANodeDetails (OMHANodeDetails.java:getOMNodeDetails(220)) - OM Service ID is not set. Setting it to the default ID: omServiceIdDefault
2019-10-07 08:28:30,213 [main] WARN  server.ServerUtils (ServerUtils.java:getDBPath(222)) - ozone.om.db.dirs is not configured. We recommend adding this setting. Falling back to ozone.metadata.dirs instead.
2019-10-07 08:28:30,214 [main] WARN  server.ServerUtils (ServerUtils.java:getDBPath(222)) - ozone.om.db.dirs is not configured. We recommend adding this setting. Falling back to ozone.metadata.dirs instead.
2019-10-07 08:28:30,223 [main] WARN  server.ServerUtils (ServerUtils.java:getDBPath(222)) - ozone.om.db.dirs is not configured. We recommend adding this setting. Falling back to ozone.metadata.dirs instead.
2019-10-07 08:28:30,223 [main] INFO  db.DBStoreBuilder (DBStoreBuilder.java:addTable(117)) - using custom profile for table: userTable
2019-10-07 08:28:30,224 [main] INFO  db.DBStoreBuilder (DBStoreBuilder.java:processTables(168)) - Using default column profile:DBProfile.DISK for Table:userTable
2019-10-07 08:28:30,224 [main] INFO  db.DBStoreBuilder (DBStoreBuilder.java:addTable(117)) - using custom profile for table: volumeTable
2019-10-07 08:28:30,224 [main] INFO  db.DBStoreBuilder (DBStoreBuilder.java:processTables(168)) - Using default column profile:DBProfile.DISK for Table:volumeTable
2019-10-07 08:28:30,225 [main] INFO  db.DBStoreBuilder (DBStoreBuilder.java:addTable(117)) - using custom profile for table: bucketTable
2019-10-07 08:28:30,225 [main] INFO  db.DBStoreBuilder (DBStoreBuilder.java:processTables(168)) - Using default column profile:DBProfile.DISK for Table:bucketTable
2019-10-07 08:28:30,225 [main] INFO  db.DBStoreBuilder (DBStoreBuilder.java:addTable(117)) - using custom profile for table: keyTable
2019-10-07 08:28:30,226 [main] INFO  db.DBStoreBuilder (DBStoreBuilder.java:processTables(168)) - Using default column profile:DBProfile.DISK for Table:keyTable
2019-10-07 08:28:30,226 [main] INFO  db.DBStoreBuilder (DBStoreBuilder.java:addTable(117)) - using custom profile for table: deletedTable
2019-10-07 08:28:30,226 [main] INFO  db.DBStoreBuilder (DBStoreBuilder.java:processTables(168)) - Using default column profile:DBProfile.DISK for Table:deletedTable
2019-10-07 08:28:30,226 [main] INFO  db.DBStoreBuilder (DBStoreBuilder.java:addTable(117)) - using custom profile for table: openKeyTable
2019-10-07 08:28:30,227 [main] INFO  db.DBStoreBuilder (DBStoreBuilder.java:processTables(168)) - Using default column profile:DBProfile.DISK for Table:openKeyTable
2019-10-07 08:28:30,227 [main] INFO  db.DBStoreBuilder (DBStoreBuilder.java:addTable(117)) - using custom profile for table: s3Table
2019-10-07 08:28:30,227 [main] INFO  db.DBStoreBuilder (DBStoreBuilder.java:processTables(168)) - Using default column profile:DBProfile.DISK for Table:s3Table
2019-10-07 08:28:30,228 [main] INFO  db.DBStoreBuilder (DBStoreBuilder.java:addTable(117)) - using custom profile for table: multipartInfoTable
2019-10-07 08:28:30,228 [main] INFO  db.DBStoreBuilder (DBStoreBuilder.java:processTables(168)) - Using default column profile:DBProfile.DISK for Table:multipartInfoTable
2019-10-07 08:28:30,228 [main] INFO  db.DBStoreBuilder (DBStoreBuilder.java:addTable(117)) - using custom profile for table: dTokenTable
2019-10-07 08:28:30,228 [main] INFO  db.DBStoreBuilder (DBStoreBuilder.java:processTables(168)) - Using default column profile:DBProfile.DISK for Table:dTokenTable
2019-10-07 08:28:30,229 [main] INFO  db.DBStoreBuilder (DBStoreBuilder.java:addTable(117)) - using custom profile for table: s3SecretTable
2019-10-07 08:28:30,229 [main] INFO  db.DBStoreBuilder (DBStoreBuilder.java:processTables(168)) - Using default column profile:DBProfile.DISK for Table:s3SecretTable
2019-10-07 08:28:30,229 [main] INFO  db.DBStoreBuilder (DBStoreBuilder.java:addTable(117)) - using custom profile for table: prefixTable
2019-10-07 08:28:30,230 [main] INFO  db.DBStoreBuilder (DBStoreBuilder.java:processTables(168)) - Using default column profile:DBProfile.DISK for Table:prefixTable
2019-10-07 08:28:30,230 [main] INFO  db.DBStoreBuilder (DBStoreBuilder.java:addTable(117)) - using custom profile for table: default
2019-10-07 08:28:30,230 [main] INFO  db.DBStoreBuilder (DBStoreBuilder.java:processTables(174)) - Using default column profile:DBProfile.DISK for Table:default
2019-10-07 08:28:30,230 [main] INFO  db.DBStoreBuilder (DBStoreBuilder.java:getDbProfile(205)) - Using default options. DBProfile.DISK
2019-10-07 08:28:31,137 [main] INFO  ipc.CallQueueManager (CallQueueManager.java:<init>(84)) - Using callQueue: class java.util.concurrent.LinkedBlockingQueue, queueCapacity: 2000, scheduler: class org.apache.hadoop.ipc.DefaultRpcScheduler, ipcBackoff: false.
2019-10-07 08:28:31,139 [Socket Reader #1 for port 41595] INFO  ipc.Server (Server.java:run(1074)) - Starting Socket Reader #1 for port 41595
2019-10-07 08:28:31,164 [main] INFO  om.OzoneManager (OzoneManager.java:start(1069)) - OzoneManager RPC server is listening at localhost/127.0.0.1:41595
2019-10-07 08:28:31,164 [main] INFO  impl.MetricsSystemImpl (MetricsSystemImpl.java:init(158)) - OzoneManager metrics system started (again)
2019-10-07 08:28:31,168 [IPC Server Responder] INFO  ipc.Server (Server.java:run(1314)) - IPC Server Responder: starting
2019-10-07 08:28:31,168 [IPC Server listener on 41595] INFO  ipc.Server (Server.java:run(1153)) - IPC Server listener on 41595: starting
2019-10-07 08:28:31,177 [main] INFO  hdfs.DFSUtil (DFSUtil.java:httpServerTemplateForNNAndJN(1641)) - Starting Web-server for ozoneManager at: http://0.0.0.0:0
2019-10-07 08:28:31,178 [main] INFO  server.AuthenticationFilter (AuthenticationFilter.java:constructSecretProvider(240)) - Unable to initialize FileSignerSecretProvider, falling back to use random secrets.
2019-10-07 08:28:31,179 [main] WARN  http.HttpRequestLog (HttpRequestLog.java:getRequestLog(97)) - Jetty request log can only be enabled using Log4j
2019-10-07 08:28:31,181 [main] INFO  http.HttpServer2 (HttpServer2.java:addGlobalFilter(975)) - Added global filter 'safety' (class=org.apache.hadoop.http.HttpServer2$QuotingInputFilter)
2019-10-07 08:28:31,181 [main] INFO  http.HttpServer2 (HttpServer2.java:addFilter(948)) - Added filter static_user_filter (class=org.apache.hadoop.http.lib.StaticUserWebFilter$StaticUserFilter) to context ozoneManager
2019-10-07 08:28:31,181 [main] INFO  http.HttpServer2 (HttpServer2.java:addFilter(958)) - Added filter static_user_filter (class=org.apache.hadoop.http.lib.StaticUserWebFilter$StaticUserFilter) to context static
2019-10-07 08:28:31,181 [main] INFO  http.HttpServer2 (HttpServer2.java:addFilter(958)) - Added filter static_user_filter (class=org.apache.hadoop.http.lib.StaticUserWebFilter$StaticUserFilter) to context logs
2019-10-07 08:28:31,182 [main] INFO  http.HttpServer2 (HttpServer2.java:bindListener(1191)) - Jetty bound to port 44099
2019-10-07 08:28:31,182 [main] INFO  server.Server (Server.java:doStart(351)) - jetty-9.3.25.v20180904, build timestamp: 2018-09-04T21:11:46Z, git hash: 3ce520221d0240229c862b122d2b06c12a625732
2019-10-07 08:28:31,184 [main] INFO  handler.ContextHandler (ContextHandler.java:doStart(781)) - Started o.e.j.s.ServletContextHandler@191a0351{/logs,file:///workdir/hadoop-ozone/integration-test/target/log,AVAILABLE}
2019-10-07 08:28:31,185 [main] INFO  handler.ContextHandler (ContextHandler.java:doStart(781)) - Started o.e.j.s.ServletContextHandler@51ba952e{/static,file:///workdir/hadoop-ozone/integration-test/target/test-classes/webapps/static,AVAILABLE}
2019-10-07 08:28:31,188 [main] INFO  handler.ContextHandler (ContextHandler.java:doStart(781)) - Started o.e.j.w.WebAppContext@1118d539{/,file:///workdir/hadoop-ozone/integration-test/target/test-classes/webapps/ozoneManager/,AVAILABLE}{/ozoneManager}
2019-10-07 08:28:31,189 [main] INFO  server.AbstractConnector (AbstractConnector.java:doStart(278)) - Started ServerConnector@601d6622{HTTP/1.1,[http/1.1]}{0.0.0.0:44099}
2019-10-07 08:28:31,191 [main] INFO  server.Server (Server.java:doStart(419)) - Started @224452ms
2019-10-07 08:28:31,191 [main] WARN  impl.MetricsSystemImpl (MetricsSystemImpl.java:register(276)) - Sink prometheus already exists!
2019-10-07 08:28:31,191 [main] INFO  server.BaseHttpServer (BaseHttpServer.java:updateConnectorAddress(215)) - HTTP server of OZONEMANAGER is listening at http://0.0.0.0:44099
2019-10-07 08:28:31,205 [main] INFO  impl.MetricsSystemImpl (MetricsSystemImpl.java:init(158)) - HddsDatanode metrics system started (again)
2019-10-07 08:28:31,221 [main] INFO  ozone.HddsDatanodeService (HddsDatanodeService.java:start(184)) - HddsDatanodeService host:pr-hdds-2239-kl4xt-1424884434 ip:192.168.164.251
2019-10-07 08:28:31,228 [main] INFO  volume.HddsVolume (HddsVolume.java:<init>(176)) - Creating Volume: /workdir/hadoop-ozone/integration-test/target/test-dir/MiniOzoneClusterImpl-667fc2db-f272-4918-8834-23ffb7f93011/datanode-0/data/containers/hdds of  storage type : DISK and capacity : 1482555576320
2019-10-07 08:28:31,229 [main] INFO  volume.VolumeSet (VolumeSet.java:initializeVolumeSet(170)) - Added Volume : /workdir/hadoop-ozone/integration-test/target/test-dir/MiniOzoneClusterImpl-667fc2db-f272-4918-8834-23ffb7f93011/datanode-0/data/containers/hdds to VolumeSet
2019-10-07 08:28:31,229 [main] INFO  volume.ThrottledAsyncChecker (ThrottledAsyncChecker.java:schedule(139)) - Scheduling a check for org.apache.hadoop.ozone.container.common.volume.HddsVolume@7c588adc
2019-10-07 08:28:31,229 [main] INFO  volume.HddsVolumeChecker (HddsVolumeChecker.java:checkAllVolumes(202)) - Scheduled health check for volume org.apache.hadoop.ozone.container.common.volume.HddsVolume@7c588adc
2019-10-07 08:28:31,242 [main] INFO  impl.RaftServerProxy (ConfUtils.java:logGet(43)) - raft.rpc.type = GRPC (default)
2019-10-07 08:28:31,242 [main] INFO  grpc.GrpcFactory (GrpcFactory.java:checkPooledByteBufAllocatorUseCacheForAllThreads(45)) - PERFORMANCE WARNING: useCacheForAllThreads is true that may cause Netty to create a lot garbage objects and, as a result, trigger GC.
	It is recommended to disable useCacheForAllThreads by setting -Dorg.apache.ratis.thirdparty.io.netty.allocator.useCacheForAllThreads=false in command line.
2019-10-07 08:28:31,242 [main] INFO  grpc.GrpcConfigKeys$Server (ConfUtils.java:logGet(43)) - raft.grpc.server.port = 0 (default)
2019-10-07 08:28:31,242 [main] INFO  server.GrpcService (ConfUtils.java:logGet(43)) - raft.grpc.message.size.max = 33570816 (custom)
2019-10-07 08:28:31,242 [main] INFO  server.RaftServerConfigKeys (ConfUtils.java:logGet(43)) - raft.server.log.appender.buffer.byte-limit = 33554432 (custom)
2019-10-07 08:28:31,242 [main] INFO  server.GrpcService (ConfUtils.java:logGet(43)) - raft.grpc.flow.control.window = 1MB (=1048576) (default)
2019-10-07 08:28:31,243 [main] INFO  server.RaftServerConfigKeys (ConfUtils.java:logGet(43)) - raft.server.rpc.request.timeout = 3000ms (default)
2019-10-07 08:28:31,243 [main] INFO  server.RaftServerConfigKeys (ConfUtils.java:logGet(43)) - raft.server.storage.dir = [/workdir/hadoop-ozone/integration-test/target/test-dir/MiniOzoneClusterImpl-667fc2db-f272-4918-8834-23ffb7f93011/datanode-0/data/ratis] (custom)
2019-10-07 08:28:31,244 [main] INFO  hdfs.DFSUtil (DFSUtil.java:httpServerTemplateForNNAndJN(1641)) - Starting Web-server for hddsDatanode at: http://0.0.0.0:0
2019-10-07 08:28:31,245 [main] INFO  server.AuthenticationFilter (AuthenticationFilter.java:constructSecretProvider(240)) - Unable to initialize FileSignerSecretProvider, falling back to use random secrets.
2019-10-07 08:28:31,246 [main] WARN  http.HttpRequestLog (HttpRequestLog.java:getRequestLog(97)) - Jetty request log can only be enabled using Log4j
2019-10-07 08:28:31,247 [main] INFO  http.HttpServer2 (HttpServer2.java:addGlobalFilter(975)) - Added global filter 'safety' (class=org.apache.hadoop.http.HttpServer2$QuotingInputFilter)
2019-10-07 08:28:31,247 [main] INFO  http.HttpServer2 (HttpServer2.java:addFilter(948)) - Added filter static_user_filter (class=org.apache.hadoop.http.lib.StaticUserWebFilter$StaticUserFilter) to context hddsDatanode
2019-10-07 08:28:31,247 [main] INFO  http.HttpServer2 (HttpServer2.java:addFilter(958)) - Added filter static_user_filter (class=org.apache.hadoop.http.lib.StaticUserWebFilter$StaticUserFilter) to context static
2019-10-07 08:28:31,247 [main] INFO  http.HttpServer2 (HttpServer2.java:addFilter(958)) - Added filter static_user_filter (class=org.apache.hadoop.http.lib.StaticUserWebFilter$StaticUserFilter) to context logs
2019-10-07 08:28:31,248 [main] INFO  http.HttpServer2 (HttpServer2.java:bindListener(1191)) - Jetty bound to port 37352
2019-10-07 08:28:31,248 [main] INFO  server.Server (Server.java:doStart(351)) - jetty-9.3.25.v20180904, build timestamp: 2018-09-04T21:11:46Z, git hash: 3ce520221d0240229c862b122d2b06c12a625732
2019-10-07 08:28:31,250 [main] INFO  handler.ContextHandler (ContextHandler.java:doStart(781)) - Started o.e.j.s.ServletContextHandler@65da01f4{/logs,file:///workdir/hadoop-ozone/integration-test/target/log,AVAILABLE}
2019-10-07 08:28:31,250 [main] INFO  handler.ContextHandler (ContextHandler.java:doStart(781)) - Started o.e.j.s.ServletContextHandler@7c8874ef{/static,jar:file:/home/user/.m2/repository/org/apache/hadoop/hadoop-hdds-container-service/0.5.0-SNAPSHOT/hadoop-hdds-container-service-0.5.0-SNAPSHOT.jar!/webapps/static,AVAILABLE}
2019-10-07 08:28:31,277 [main] INFO  handler.ContextHandler (ContextHandler.java:doStart(781)) - Started o.e.j.w.WebAppContext@5a9840f3{/,file:///tmp/jetty-0.0.0.0-37352-hddsDatanode-_-any-1402269896426169547.dir/webapp/,AVAILABLE}{/hddsDatanode}
2019-10-07 08:28:31,277 [main] INFO  server.AbstractConnector (AbstractConnector.java:doStart(278)) - Started ServerConnector@7d30007d{HTTP/1.1,[http/1.1]}{0.0.0.0:37352}
2019-10-07 08:28:31,280 [main] INFO  server.Server (Server.java:doStart(419)) - Started @224541ms
2019-10-07 08:28:31,280 [main] WARN  impl.MetricsSystemImpl (MetricsSystemImpl.java:register(276)) - Sink prometheus already exists!
2019-10-07 08:28:31,281 [main] INFO  server.BaseHttpServer (BaseHttpServer.java:updateConnectorAddress(215)) - HTTP server of HDDSDATANODE is listening at http://0.0.0.0:37352
2019-10-07 08:28:31,281 [main] INFO  impl.MetricsSystemImpl (MetricsSystemImpl.java:init(158)) - HddsDatanode metrics system started (again)
2019-10-07 08:28:31,298 [org.apache.hadoop.util.JvmPauseMonitor$Monitor@63edc286] INFO  util.JvmPauseMonitor (JvmPauseMonitor.java:run(188)) - Starting JVM pause monitor
2019-10-07 08:28:31,299 [main] INFO  ozone.HddsDatanodeService (HddsDatanodeService.java:start(184)) - HddsDatanodeService host:pr-hdds-2239-kl4xt-1424884434 ip:192.168.164.251
2019-10-07 08:28:31,300 [Datanode State Machine Thread - 0] INFO  datanode.InitDatanodeState (InitDatanodeState.java:persistContainerDatanodeDetails(140)) - DatanodeDetails is persisted to /workdir/hadoop-ozone/integration-test/target/test-dir/MiniOzoneClusterImpl-667fc2db-f272-4918-8834-23ffb7f93011/datanode-0/meta/datanode.id
2019-10-07 08:28:31,307 [main] INFO  volume.HddsVolume (HddsVolume.java:<init>(176)) - Creating Volume: /workdir/hadoop-ozone/integration-test/target/test-dir/MiniOzoneClusterImpl-667fc2db-f272-4918-8834-23ffb7f93011/datanode-1/data/containers/hdds of  storage type : DISK and capacity : 1482555576320
2019-10-07 08:28:31,307 [main] INFO  volume.VolumeSet (VolumeSet.java:initializeVolumeSet(170)) - Added Volume : /workdir/hadoop-ozone/integration-test/target/test-dir/MiniOzoneClusterImpl-667fc2db-f272-4918-8834-23ffb7f93011/datanode-1/data/containers/hdds to VolumeSet
2019-10-07 08:28:31,307 [main] INFO  volume.ThrottledAsyncChecker (ThrottledAsyncChecker.java:schedule(139)) - Scheduling a check for org.apache.hadoop.ozone.container.common.volume.HddsVolume@691567ea
2019-10-07 08:28:31,307 [main] INFO  volume.HddsVolumeChecker (HddsVolumeChecker.java:checkAllVolumes(202)) - Scheduled health check for volume org.apache.hadoop.ozone.container.common.volume.HddsVolume@691567ea
2019-10-07 08:28:31,320 [main] INFO  impl.RaftServerProxy (ConfUtils.java:logGet(43)) - raft.rpc.type = GRPC (default)
2019-10-07 08:28:31,320 [main] INFO  grpc.GrpcFactory (GrpcFactory.java:checkPooledByteBufAllocatorUseCacheForAllThreads(45)) - PERFORMANCE WARNING: useCacheForAllThreads is true that may cause Netty to create a lot garbage objects and, as a result, trigger GC.
	It is recommended to disable useCacheForAllThreads by setting -Dorg.apache.ratis.thirdparty.io.netty.allocator.useCacheForAllThreads=false in command line.
2019-10-07 08:28:31,321 [main] INFO  grpc.GrpcConfigKeys$Server (ConfUtils.java:logGet(43)) - raft.grpc.server.port = 0 (default)
2019-10-07 08:28:31,321 [main] INFO  server.GrpcService (ConfUtils.java:logGet(43)) - raft.grpc.message.size.max = 33570816 (custom)
2019-10-07 08:28:31,321 [main] INFO  server.RaftServerConfigKeys (ConfUtils.java:logGet(43)) - raft.server.log.appender.buffer.byte-limit = 33554432 (custom)
2019-10-07 08:28:31,321 [main] INFO  server.GrpcService (ConfUtils.java:logGet(43)) - raft.grpc.flow.control.window = 1MB (=1048576) (default)
2019-10-07 08:28:31,321 [main] INFO  server.RaftServerConfigKeys (ConfUtils.java:logGet(43)) - raft.server.rpc.request.timeout = 3000ms (default)
2019-10-07 08:28:31,322 [main] INFO  server.RaftServerConfigKeys (ConfUtils.java:logGet(43)) - raft.server.storage.dir = [/workdir/hadoop-ozone/integration-test/target/test-dir/MiniOzoneClusterImpl-667fc2db-f272-4918-8834-23ffb7f93011/datanode-1/data/ratis] (custom)
2019-10-07 08:28:31,323 [main] INFO  hdfs.DFSUtil (DFSUtil.java:httpServerTemplateForNNAndJN(1641)) - Starting Web-server for hddsDatanode at: http://0.0.0.0:0
2019-10-07 08:28:31,324 [main] INFO  server.AuthenticationFilter (AuthenticationFilter.java:constructSecretProvider(240)) - Unable to initialize FileSignerSecretProvider, falling back to use random secrets.
2019-10-07 08:28:31,324 [main] WARN  http.HttpRequestLog (HttpRequestLog.java:getRequestLog(97)) - Jetty request log can only be enabled using Log4j
2019-10-07 08:28:31,326 [main] INFO  http.HttpServer2 (HttpServer2.java:addGlobalFilter(975)) - Added global filter 'safety' (class=org.apache.hadoop.http.HttpServer2$QuotingInputFilter)
2019-10-07 08:28:31,326 [main] INFO  http.HttpServer2 (HttpServer2.java:addFilter(948)) - Added filter static_user_filter (class=org.apache.hadoop.http.lib.StaticUserWebFilter$StaticUserFilter) to context hddsDatanode
2019-10-07 08:28:31,326 [main] INFO  http.HttpServer2 (HttpServer2.java:addFilter(958)) - Added filter static_user_filter (class=org.apache.hadoop.http.lib.StaticUserWebFilter$StaticUserFilter) to context logs
2019-10-07 08:28:31,326 [main] INFO  http.HttpServer2 (HttpServer2.java:addFilter(958)) - Added filter static_user_filter (class=org.apache.hadoop.http.lib.StaticUserWebFilter$StaticUserFilter) to context static
2019-10-07 08:28:31,327 [main] INFO  http.HttpServer2 (HttpServer2.java:bindListener(1191)) - Jetty bound to port 36496
2019-10-07 08:28:31,327 [main] INFO  server.Server (Server.java:doStart(351)) - jetty-9.3.25.v20180904, build timestamp: 2018-09-04T21:11:46Z, git hash: 3ce520221d0240229c862b122d2b06c12a625732
2019-10-07 08:28:31,328 [main] INFO  handler.ContextHandler (ContextHandler.java:doStart(781)) - Started o.e.j.s.ServletContextHandler@6c0b51da{/logs,file:///workdir/hadoop-ozone/integration-test/target/log,AVAILABLE}
2019-10-07 08:28:31,329 [main] INFO  handler.ContextHandler (ContextHandler.java:doStart(781)) - Started o.e.j.s.ServletContextHandler@5657967b{/static,jar:file:/home/user/.m2/repository/org/apache/hadoop/hadoop-hdds-container-service/0.5.0-SNAPSHOT/hadoop-hdds-container-service-0.5.0-SNAPSHOT.jar!/webapps/static,AVAILABLE}
2019-10-07 08:28:31,355 [main] INFO  handler.ContextHandler (ContextHandler.java:doStart(781)) - Started o.e.j.w.WebAppContext@51e7589f{/,file:///tmp/jetty-0.0.0.0-36496-hddsDatanode-_-any-457499921449416623.dir/webapp/,AVAILABLE}{/hddsDatanode}
2019-10-07 08:28:31,355 [main] INFO  server.AbstractConnector (AbstractConnector.java:doStart(278)) - Started ServerConnector@65cc5252{HTTP/1.1,[http/1.1]}{0.0.0.0:36496}
2019-10-07 08:28:31,357 [main] INFO  server.Server (Server.java:doStart(419)) - Started @224618ms
2019-10-07 08:28:31,358 [main] WARN  impl.MetricsSystemImpl (MetricsSystemImpl.java:register(276)) - Sink prometheus already exists!
2019-10-07 08:28:31,358 [main] INFO  server.BaseHttpServer (BaseHttpServer.java:updateConnectorAddress(215)) - HTTP server of HDDSDATANODE is listening at http://0.0.0.0:36496
2019-10-07 08:28:31,358 [main] INFO  impl.MetricsSystemImpl (MetricsSystemImpl.java:init(158)) - HddsDatanode metrics system started (again)
2019-10-07 08:28:31,374 [org.apache.hadoop.util.JvmPauseMonitor$Monitor@4daad1d9] INFO  util.JvmPauseMonitor (JvmPauseMonitor.java:run(188)) - Starting JVM pause monitor
2019-10-07 08:28:31,375 [main] INFO  ozone.HddsDatanodeService (HddsDatanodeService.java:start(184)) - HddsDatanodeService host:pr-hdds-2239-kl4xt-1424884434 ip:192.168.164.251
2019-10-07 08:28:31,375 [Datanode State Machine Thread - 0] INFO  datanode.InitDatanodeState (InitDatanodeState.java:persistContainerDatanodeDetails(140)) - DatanodeDetails is persisted to /workdir/hadoop-ozone/integration-test/target/test-dir/MiniOzoneClusterImpl-667fc2db-f272-4918-8834-23ffb7f93011/datanode-1/meta/datanode.id
2019-10-07 08:28:31,384 [main] INFO  volume.HddsVolume (HddsVolume.java:<init>(176)) - Creating Volume: /workdir/hadoop-ozone/integration-test/target/test-dir/MiniOzoneClusterImpl-667fc2db-f272-4918-8834-23ffb7f93011/datanode-2/data/containers/hdds of  storage type : DISK and capacity : 1482555576320
2019-10-07 08:28:31,384 [main] INFO  volume.VolumeSet (VolumeSet.java:initializeVolumeSet(170)) - Added Volume : /workdir/hadoop-ozone/integration-test/target/test-dir/MiniOzoneClusterImpl-667fc2db-f272-4918-8834-23ffb7f93011/datanode-2/data/containers/hdds to VolumeSet
2019-10-07 08:28:31,384 [main] INFO  volume.ThrottledAsyncChecker (ThrottledAsyncChecker.java:schedule(139)) - Scheduling a check for org.apache.hadoop.ozone.container.common.volume.HddsVolume@4b7ed03e
2019-10-07 08:28:31,384 [main] INFO  volume.HddsVolumeChecker (HddsVolumeChecker.java:checkAllVolumes(202)) - Scheduled health check for volume org.apache.hadoop.ozone.container.common.volume.HddsVolume@4b7ed03e
2019-10-07 08:28:31,397 [main] INFO  impl.RaftServerProxy (ConfUtils.java:logGet(43)) - raft.rpc.type = GRPC (default)
2019-10-07 08:28:31,397 [main] INFO  grpc.GrpcFactory (GrpcFactory.java:checkPooledByteBufAllocatorUseCacheForAllThreads(45)) - PERFORMANCE WARNING: useCacheForAllThreads is true that may cause Netty to create a lot garbage objects and, as a result, trigger GC.
	It is recommended to disable useCacheForAllThreads by setting -Dorg.apache.ratis.thirdparty.io.netty.allocator.useCacheForAllThreads=false in command line.
2019-10-07 08:28:31,398 [main] INFO  grpc.GrpcConfigKeys$Server (ConfUtils.java:logGet(43)) - raft.grpc.server.port = 0 (default)
2019-10-07 08:28:31,398 [main] INFO  server.GrpcService (ConfUtils.java:logGet(43)) - raft.grpc.message.size.max = 33570816 (custom)
2019-10-07 08:28:31,398 [main] INFO  server.RaftServerConfigKeys (ConfUtils.java:logGet(43)) - raft.server.log.appender.buffer.byte-limit = 33554432 (custom)
2019-10-07 08:28:31,398 [main] INFO  server.GrpcService (ConfUtils.java:logGet(43)) - raft.grpc.flow.control.window = 1MB (=1048576) (default)
2019-10-07 08:28:31,398 [main] INFO  server.RaftServerConfigKeys (ConfUtils.java:logGet(43)) - raft.server.rpc.request.timeout = 3000ms (default)
2019-10-07 08:28:31,399 [main] INFO  server.RaftServerConfigKeys (ConfUtils.java:logGet(43)) - raft.server.storage.dir = [/workdir/hadoop-ozone/integration-test/target/test-dir/MiniOzoneClusterImpl-667fc2db-f272-4918-8834-23ffb7f93011/datanode-2/data/ratis] (custom)
2019-10-07 08:28:31,400 [main] INFO  hdfs.DFSUtil (DFSUtil.java:httpServerTemplateForNNAndJN(1641)) - Starting Web-server for hddsDatanode at: http://0.0.0.0:0
2019-10-07 08:28:31,402 [main] INFO  server.AuthenticationFilter (AuthenticationFilter.java:constructSecretProvider(240)) - Unable to initialize FileSignerSecretProvider, falling back to use random secrets.
2019-10-07 08:28:31,403 [main] WARN  http.HttpRequestLog (HttpRequestLog.java:getRequestLog(97)) - Jetty request log can only be enabled using Log4j
2019-10-07 08:28:31,405 [main] INFO  http.HttpServer2 (HttpServer2.java:addGlobalFilter(975)) - Added global filter 'safety' (class=org.apache.hadoop.http.HttpServer2$QuotingInputFilter)
2019-10-07 08:28:31,406 [main] INFO  http.HttpServer2 (HttpServer2.java:addFilter(948)) - Added filter static_user_filter (class=org.apache.hadoop.http.lib.StaticUserWebFilter$StaticUserFilter) to context hddsDatanode
2019-10-07 08:28:31,406 [main] INFO  http.HttpServer2 (HttpServer2.java:addFilter(958)) - Added filter static_user_filter (class=org.apache.hadoop.http.lib.StaticUserWebFilter$StaticUserFilter) to context logs
2019-10-07 08:28:31,406 [main] INFO  http.HttpServer2 (HttpServer2.java:addFilter(958)) - Added filter static_user_filter (class=org.apache.hadoop.http.lib.StaticUserWebFilter$StaticUserFilter) to context static
2019-10-07 08:28:31,407 [main] INFO  http.HttpServer2 (HttpServer2.java:bindListener(1191)) - Jetty bound to port 46538
2019-10-07 08:28:31,407 [main] INFO  server.Server (Server.java:doStart(351)) - jetty-9.3.25.v20180904, build timestamp: 2018-09-04T21:11:46Z, git hash: 3ce520221d0240229c862b122d2b06c12a625732
2019-10-07 08:28:31,410 [main] INFO  handler.ContextHandler (ContextHandler.java:doStart(781)) - Started o.e.j.s.ServletContextHandler@6870cfac{/logs,file:///workdir/hadoop-ozone/integration-test/target/log,AVAILABLE}
2019-10-07 08:28:31,410 [main] INFO  handler.ContextHandler (ContextHandler.java:doStart(781)) - Started o.e.j.s.ServletContextHandler@63e5b8aa{/static,jar:file:/home/user/.m2/repository/org/apache/hadoop/hadoop-hdds-container-service/0.5.0-SNAPSHOT/hadoop-hdds-container-service-0.5.0-SNAPSHOT.jar!/webapps/static,AVAILABLE}
2019-10-07 08:28:31,454 [main] INFO  handler.ContextHandler (ContextHandler.java:doStart(781)) - Started o.e.j.w.WebAppContext@350323a0{/,file:///tmp/jetty-0.0.0.0-46538-hddsDatanode-_-any-608241728633572540.dir/webapp/,AVAILABLE}{/hddsDatanode}
2019-10-07 08:28:31,455 [main] INFO  server.AbstractConnector (AbstractConnector.java:doStart(278)) - Started ServerConnector@2506b881{HTTP/1.1,[http/1.1]}{0.0.0.0:46538}
2019-10-07 08:28:31,458 [main] INFO  server.Server (Server.java:doStart(419)) - Started @224719ms
2019-10-07 08:28:31,458 [main] WARN  impl.MetricsSystemImpl (MetricsSystemImpl.java:register(276)) - Sink prometheus already exists!
2019-10-07 08:28:31,459 [main] INFO  server.BaseHttpServer (BaseHttpServer.java:updateConnectorAddress(215)) - HTTP server of HDDSDATANODE is listening at http://0.0.0.0:46538
2019-10-07 08:28:31,459 [main] INFO  impl.MetricsSystemImpl (MetricsSystemImpl.java:init(158)) - HddsDatanode metrics system started (again)
2019-10-07 08:28:31,481 [org.apache.hadoop.util.JvmPauseMonitor$Monitor@145a7616] INFO  util.JvmPauseMonitor (JvmPauseMonitor.java:run(188)) - Starting JVM pause monitor
2019-10-07 08:28:31,482 [Datanode State Machine Thread - 0] INFO  datanode.InitDatanodeState (InitDatanodeState.java:persistContainerDatanodeDetails(140)) - DatanodeDetails is persisted to /workdir/hadoop-ozone/integration-test/target/test-dir/MiniOzoneClusterImpl-667fc2db-f272-4918-8834-23ffb7f93011/datanode-2/meta/datanode.id
2019-10-07 08:28:31,483 [main] INFO  ozone.HddsDatanodeService (HddsDatanodeService.java:start(184)) - HddsDatanodeService host:pr-hdds-2239-kl4xt-1424884434 ip:192.168.164.251
2019-10-07 08:28:31,493 [main] INFO  volume.HddsVolume (HddsVolume.java:<init>(176)) - Creating Volume: /workdir/hadoop-ozone/integration-test/target/test-dir/MiniOzoneClusterImpl-667fc2db-f272-4918-8834-23ffb7f93011/datanode-3/data/containers/hdds of  storage type : DISK and capacity : 1482555576320
2019-10-07 08:28:31,493 [main] INFO  volume.VolumeSet (VolumeSet.java:initializeVolumeSet(170)) - Added Volume : /workdir/hadoop-ozone/integration-test/target/test-dir/MiniOzoneClusterImpl-667fc2db-f272-4918-8834-23ffb7f93011/datanode-3/data/containers/hdds to VolumeSet
2019-10-07 08:28:31,494 [main] INFO  volume.ThrottledAsyncChecker (ThrottledAsyncChecker.java:schedule(139)) - Scheduling a check for org.apache.hadoop.ozone.container.common.volume.HddsVolume@3002e397
2019-10-07 08:28:31,494 [main] INFO  volume.HddsVolumeChecker (HddsVolumeChecker.java:checkAllVolumes(202)) - Scheduled health check for volume org.apache.hadoop.ozone.container.common.volume.HddsVolume@3002e397
2019-10-07 08:28:31,512 [main] INFO  impl.RaftServerProxy (ConfUtils.java:logGet(43)) - raft.rpc.type = GRPC (default)
2019-10-07 08:28:31,512 [main] INFO  grpc.GrpcFactory (GrpcFactory.java:checkPooledByteBufAllocatorUseCacheForAllThreads(45)) - PERFORMANCE WARNING: useCacheForAllThreads is true that may cause Netty to create a lot garbage objects and, as a result, trigger GC.
	It is recommended to disable useCacheForAllThreads by setting -Dorg.apache.ratis.thirdparty.io.netty.allocator.useCacheForAllThreads=false in command line.
2019-10-07 08:28:31,513 [main] INFO  grpc.GrpcConfigKeys$Server (ConfUtils.java:logGet(43)) - raft.grpc.server.port = 0 (default)
2019-10-07 08:28:31,513 [main] INFO  server.GrpcService (ConfUtils.java:logGet(43)) - raft.grpc.message.size.max = 33570816 (custom)
2019-10-07 08:28:31,513 [main] INFO  server.RaftServerConfigKeys (ConfUtils.java:logGet(43)) - raft.server.log.appender.buffer.byte-limit = 33554432 (custom)
2019-10-07 08:28:31,513 [main] INFO  server.GrpcService (ConfUtils.java:logGet(43)) - raft.grpc.flow.control.window = 1MB (=1048576) (default)
2019-10-07 08:28:31,514 [main] INFO  server.RaftServerConfigKeys (ConfUtils.java:logGet(43)) - raft.server.rpc.request.timeout = 3000ms (default)
2019-10-07 08:28:31,514 [main] INFO  server.RaftServerConfigKeys (ConfUtils.java:logGet(43)) - raft.server.storage.dir = [/workdir/hadoop-ozone/integration-test/target/test-dir/MiniOzoneClusterImpl-667fc2db-f272-4918-8834-23ffb7f93011/datanode-3/data/ratis] (custom)
2019-10-07 08:28:31,516 [main] INFO  hdfs.DFSUtil (DFSUtil.java:httpServerTemplateForNNAndJN(1641)) - Starting Web-server for hddsDatanode at: http://0.0.0.0:0
2019-10-07 08:28:31,518 [main] INFO  server.AuthenticationFilter (AuthenticationFilter.java:constructSecretProvider(240)) - Unable to initialize FileSignerSecretProvider, falling back to use random secrets.
2019-10-07 08:28:31,519 [main] WARN  http.HttpRequestLog (HttpRequestLog.java:getRequestLog(97)) - Jetty request log can only be enabled using Log4j
2019-10-07 08:28:31,524 [main] INFO  http.HttpServer2 (HttpServer2.java:addGlobalFilter(975)) - Added global filter 'safety' (class=org.apache.hadoop.http.HttpServer2$QuotingInputFilter)
2019-10-07 08:28:31,525 [main] INFO  http.HttpServer2 (HttpServer2.java:addFilter(948)) - Added filter static_user_filter (class=org.apache.hadoop.http.lib.StaticUserWebFilter$StaticUserFilter) to context hddsDatanode
2019-10-07 08:28:31,525 [main] INFO  http.HttpServer2 (HttpServer2.java:addFilter(958)) - Added filter static_user_filter (class=org.apache.hadoop.http.lib.StaticUserWebFilter$StaticUserFilter) to context logs
2019-10-07 08:28:31,525 [main] INFO  http.HttpServer2 (HttpServer2.java:addFilter(958)) - Added filter static_user_filter (class=org.apache.hadoop.http.lib.StaticUserWebFilter$StaticUserFilter) to context static
2019-10-07 08:28:31,526 [main] INFO  http.HttpServer2 (HttpServer2.java:bindListener(1191)) - Jetty bound to port 37045
2019-10-07 08:28:31,526 [main] INFO  server.Server (Server.java:doStart(351)) - jetty-9.3.25.v20180904, build timestamp: 2018-09-04T21:11:46Z, git hash: 3ce520221d0240229c862b122d2b06c12a625732
2019-10-07 08:28:31,528 [main] INFO  handler.ContextHandler (ContextHandler.java:doStart(781)) - Started o.e.j.s.ServletContextHandler@448462f0{/logs,file:///workdir/hadoop-ozone/integration-test/target/log,AVAILABLE}
2019-10-07 08:28:31,529 [main] INFO  handler.ContextHandler (ContextHandler.java:doStart(781)) - Started o.e.j.s.ServletContextHandler@132e3594{/static,jar:file:/home/user/.m2/repository/org/apache/hadoop/hadoop-hdds-container-service/0.5.0-SNAPSHOT/hadoop-hdds-container-service-0.5.0-SNAPSHOT.jar!/webapps/static,AVAILABLE}
2019-10-07 08:28:31,574 [main] INFO  handler.ContextHandler (ContextHandler.java:doStart(781)) - Started o.e.j.w.WebAppContext@10d18696{/,file:///tmp/jetty-0.0.0.0-37045-hddsDatanode-_-any-698078054460254701.dir/webapp/,AVAILABLE}{/hddsDatanode}
2019-10-07 08:28:31,575 [main] INFO  server.AbstractConnector (AbstractConnector.java:doStart(278)) - Started ServerConnector@6b8b5020{HTTP/1.1,[http/1.1]}{0.0.0.0:37045}
2019-10-07 08:28:31,577 [main] INFO  server.Server (Server.java:doStart(419)) - Started @224838ms
2019-10-07 08:28:31,577 [main] WARN  impl.MetricsSystemImpl (MetricsSystemImpl.java:register(276)) - Sink prometheus already exists!
2019-10-07 08:28:31,578 [main] INFO  server.BaseHttpServer (BaseHttpServer.java:updateConnectorAddress(215)) - HTTP server of HDDSDATANODE is listening at http://0.0.0.0:37045
2019-10-07 08:28:31,579 [main] INFO  impl.MetricsSystemImpl (MetricsSystemImpl.java:init(158)) - HddsDatanode metrics system started (again)
2019-10-07 08:28:31,604 [org.apache.hadoop.util.JvmPauseMonitor$Monitor@449d8663] INFO  util.JvmPauseMonitor (JvmPauseMonitor.java:run(188)) - Starting JVM pause monitor
2019-10-07 08:28:31,605 [Datanode State Machine Thread - 0] INFO  datanode.InitDatanodeState (InitDatanodeState.java:persistContainerDatanodeDetails(140)) - DatanodeDetails is persisted to /workdir/hadoop-ozone/integration-test/target/test-dir/MiniOzoneClusterImpl-667fc2db-f272-4918-8834-23ffb7f93011/datanode-3/meta/datanode.id
2019-10-07 08:28:31,606 [main] INFO  ozone.HddsDatanodeService (HddsDatanodeService.java:start(184)) - HddsDatanodeService host:pr-hdds-2239-kl4xt-1424884434 ip:192.168.164.251
2019-10-07 08:28:31,616 [main] INFO  volume.HddsVolume (HddsVolume.java:<init>(176)) - Creating Volume: /workdir/hadoop-ozone/integration-test/target/test-dir/MiniOzoneClusterImpl-667fc2db-f272-4918-8834-23ffb7f93011/datanode-4/data/containers/hdds of  storage type : DISK and capacity : 1482555576320
2019-10-07 08:28:31,617 [main] INFO  volume.VolumeSet (VolumeSet.java:initializeVolumeSet(170)) - Added Volume : /workdir/hadoop-ozone/integration-test/target/test-dir/MiniOzoneClusterImpl-667fc2db-f272-4918-8834-23ffb7f93011/datanode-4/data/containers/hdds to VolumeSet
2019-10-07 08:28:31,617 [main] INFO  volume.ThrottledAsyncChecker (ThrottledAsyncChecker.java:schedule(139)) - Scheduling a check for org.apache.hadoop.ozone.container.common.volume.HddsVolume@530ee28b
2019-10-07 08:28:31,618 [main] INFO  volume.HddsVolumeChecker (HddsVolumeChecker.java:checkAllVolumes(202)) - Scheduled health check for volume org.apache.hadoop.ozone.container.common.volume.HddsVolume@530ee28b
2019-10-07 08:28:31,636 [main] INFO  impl.RaftServerProxy (ConfUtils.java:logGet(43)) - raft.rpc.type = GRPC (default)
2019-10-07 08:28:31,636 [main] INFO  grpc.GrpcFactory (GrpcFactory.java:checkPooledByteBufAllocatorUseCacheForAllThreads(45)) - PERFORMANCE WARNING: useCacheForAllThreads is true that may cause Netty to create a lot garbage objects and, as a result, trigger GC.
	It is recommended to disable useCacheForAllThreads by setting -Dorg.apache.ratis.thirdparty.io.netty.allocator.useCacheForAllThreads=false in command line.
2019-10-07 08:28:31,637 [main] INFO  grpc.GrpcConfigKeys$Server (ConfUtils.java:logGet(43)) - raft.grpc.server.port = 0 (default)
2019-10-07 08:28:31,637 [main] INFO  server.GrpcService (ConfUtils.java:logGet(43)) - raft.grpc.message.size.max = 33570816 (custom)
2019-10-07 08:28:31,637 [main] INFO  server.RaftServerConfigKeys (ConfUtils.java:logGet(43)) - raft.server.log.appender.buffer.byte-limit = 33554432 (custom)
2019-10-07 08:28:31,637 [main] INFO  server.GrpcService (ConfUtils.java:logGet(43)) - raft.grpc.flow.control.window = 1MB (=1048576) (default)
2019-10-07 08:28:31,638 [main] INFO  server.RaftServerConfigKeys (ConfUtils.java:logGet(43)) - raft.server.rpc.request.timeout = 3000ms (default)
2019-10-07 08:28:31,638 [main] INFO  server.RaftServerConfigKeys (ConfUtils.java:logGet(43)) - raft.server.storage.dir = [/workdir/hadoop-ozone/integration-test/target/test-dir/MiniOzoneClusterImpl-667fc2db-f272-4918-8834-23ffb7f93011/datanode-4/data/ratis] (custom)
2019-10-07 08:28:31,639 [main] INFO  hdfs.DFSUtil (DFSUtil.java:httpServerTemplateForNNAndJN(1641)) - Starting Web-server for hddsDatanode at: http://0.0.0.0:0
2019-10-07 08:28:31,642 [main] INFO  server.AuthenticationFilter (AuthenticationFilter.java:constructSecretProvider(240)) - Unable to initialize FileSignerSecretProvider, falling back to use random secrets.
2019-10-07 08:28:31,642 [main] WARN  http.HttpRequestLog (HttpRequestLog.java:getRequestLog(97)) - Jetty request log can only be enabled using Log4j
2019-10-07 08:28:31,644 [main] INFO  http.HttpServer2 (HttpServer2.java:addGlobalFilter(975)) - Added global filter 'safety' (class=org.apache.hadoop.http.HttpServer2$QuotingInputFilter)
2019-10-07 08:28:31,645 [main] INFO  http.HttpServer2 (HttpServer2.java:addFilter(948)) - Added filter static_user_filter (class=org.apache.hadoop.http.lib.StaticUserWebFilter$StaticUserFilter) to context hddsDatanode
2019-10-07 08:28:31,645 [main] INFO  http.HttpServer2 (HttpServer2.java:addFilter(958)) - Added filter static_user_filter (class=org.apache.hadoop.http.lib.StaticUserWebFilter$StaticUserFilter) to context static
2019-10-07 08:28:31,646 [main] INFO  http.HttpServer2 (HttpServer2.java:addFilter(958)) - Added filter static_user_filter (class=org.apache.hadoop.http.lib.StaticUserWebFilter$StaticUserFilter) to context logs
2019-10-07 08:28:31,647 [main] INFO  http.HttpServer2 (HttpServer2.java:bindListener(1191)) - Jetty bound to port 46821
2019-10-07 08:28:31,647 [main] INFO  server.Server (Server.java:doStart(351)) - jetty-9.3.25.v20180904, build timestamp: 2018-09-04T21:11:46Z, git hash: 3ce520221d0240229c862b122d2b06c12a625732
2019-10-07 08:28:31,649 [main] INFO  handler.ContextHandler (ContextHandler.java:doStart(781)) - Started o.e.j.s.ServletContextHandler@7a66c35a{/logs,file:///workdir/hadoop-ozone/integration-test/target/log,AVAILABLE}
2019-10-07 08:28:31,650 [main] INFO  handler.ContextHandler (ContextHandler.java:doStart(781)) - Started o.e.j.s.ServletContextHandler@73e4387{/static,jar:file:/home/user/.m2/repository/org/apache/hadoop/hadoop-hdds-container-service/0.5.0-SNAPSHOT/hadoop-hdds-container-service-0.5.0-SNAPSHOT.jar!/webapps/static,AVAILABLE}
2019-10-07 08:28:31,690 [main] INFO  handler.ContextHandler (ContextHandler.java:doStart(781)) - Started o.e.j.w.WebAppContext@28768e25{/,file:///tmp/jetty-0.0.0.0-46821-hddsDatanode-_-any-6981570712563623693.dir/webapp/,AVAILABLE}{/hddsDatanode}
2019-10-07 08:28:31,691 [main] INFO  server.AbstractConnector (AbstractConnector.java:doStart(278)) - Started ServerConnector@310d57b1{HTTP/1.1,[http/1.1]}{0.0.0.0:46821}
2019-10-07 08:28:31,695 [main] INFO  server.Server (Server.java:doStart(419)) - Started @224956ms
2019-10-07 08:28:31,695 [main] WARN  impl.MetricsSystemImpl (MetricsSystemImpl.java:register(276)) - Sink prometheus already exists!
2019-10-07 08:28:31,696 [main] INFO  server.BaseHttpServer (BaseHttpServer.java:updateConnectorAddress(215)) - HTTP server of HDDSDATANODE is listening at http://0.0.0.0:46821
2019-10-07 08:28:31,697 [main] INFO  impl.MetricsSystemImpl (MetricsSystemImpl.java:init(158)) - HddsDatanode metrics system started (again)
2019-10-07 08:28:31,728 [org.apache.hadoop.util.JvmPauseMonitor$Monitor@3e068323] INFO  util.JvmPauseMonitor (JvmPauseMonitor.java:run(188)) - Starting JVM pause monitor
2019-10-07 08:28:31,730 [Datanode State Machine Thread - 0] INFO  datanode.InitDatanodeState (InitDatanodeState.java:persistContainerDatanodeDetails(140)) - DatanodeDetails is persisted to /workdir/hadoop-ozone/integration-test/target/test-dir/MiniOzoneClusterImpl-667fc2db-f272-4918-8834-23ffb7f93011/datanode-4/meta/datanode.id
2019-10-07 08:28:31,731 [main] INFO  ozone.HddsDatanodeService (HddsDatanodeService.java:start(184)) - HddsDatanodeService host:pr-hdds-2239-kl4xt-1424884434 ip:192.168.164.251
2019-10-07 08:28:31,740 [main] INFO  volume.HddsVolume (HddsVolume.java:<init>(176)) - Creating Volume: /workdir/hadoop-ozone/integration-test/target/test-dir/MiniOzoneClusterImpl-667fc2db-f272-4918-8834-23ffb7f93011/datanode-5/data/containers/hdds of  storage type : DISK and capacity : 1482555576320
2019-10-07 08:28:31,741 [main] INFO  volume.VolumeSet (VolumeSet.java:initializeVolumeSet(170)) - Added Volume : /workdir/hadoop-ozone/integration-test/target/test-dir/MiniOzoneClusterImpl-667fc2db-f272-4918-8834-23ffb7f93011/datanode-5/data/containers/hdds to VolumeSet
2019-10-07 08:28:31,741 [main] INFO  volume.ThrottledAsyncChecker (ThrottledAsyncChecker.java:schedule(139)) - Scheduling a check for org.apache.hadoop.ozone.container.common.volume.HddsVolume@63d677f5
2019-10-07 08:28:31,741 [main] INFO  volume.HddsVolumeChecker (HddsVolumeChecker.java:checkAllVolumes(202)) - Scheduled health check for volume org.apache.hadoop.ozone.container.common.volume.HddsVolume@63d677f5
2019-10-07 08:28:31,759 [main] INFO  impl.RaftServerProxy (ConfUtils.java:logGet(43)) - raft.rpc.type = GRPC (default)
2019-10-07 08:28:31,760 [main] INFO  grpc.GrpcFactory (GrpcFactory.java:checkPooledByteBufAllocatorUseCacheForAllThreads(45)) - PERFORMANCE WARNING: useCacheForAllThreads is true that may cause Netty to create a lot garbage objects and, as a result, trigger GC.
	It is recommended to disable useCacheForAllThreads by setting -Dorg.apache.ratis.thirdparty.io.netty.allocator.useCacheForAllThreads=false in command line.
2019-10-07 08:28:31,760 [main] INFO  grpc.GrpcConfigKeys$Server (ConfUtils.java:logGet(43)) - raft.grpc.server.port = 0 (default)
2019-10-07 08:28:31,760 [main] INFO  server.GrpcService (ConfUtils.java:logGet(43)) - raft.grpc.message.size.max = 33570816 (custom)
2019-10-07 08:28:31,760 [main] INFO  server.RaftServerConfigKeys (ConfUtils.java:logGet(43)) - raft.server.log.appender.buffer.byte-limit = 33554432 (custom)
2019-10-07 08:28:31,761 [main] INFO  server.GrpcService (ConfUtils.java:logGet(43)) - raft.grpc.flow.control.window = 1MB (=1048576) (default)
2019-10-07 08:28:31,761 [main] INFO  server.RaftServerConfigKeys (ConfUtils.java:logGet(43)) - raft.server.rpc.request.timeout = 3000ms (default)
2019-10-07 08:28:31,761 [main] INFO  server.RaftServerConfigKeys (ConfUtils.java:logGet(43)) - raft.server.storage.dir = [/workdir/hadoop-ozone/integration-test/target/test-dir/MiniOzoneClusterImpl-667fc2db-f272-4918-8834-23ffb7f93011/datanode-5/data/ratis] (custom)
2019-10-07 08:28:31,763 [main] INFO  hdfs.DFSUtil (DFSUtil.java:httpServerTemplateForNNAndJN(1641)) - Starting Web-server for hddsDatanode at: http://0.0.0.0:0
2019-10-07 08:28:31,764 [main] INFO  server.AuthenticationFilter (AuthenticationFilter.java:constructSecretProvider(240)) - Unable to initialize FileSignerSecretProvider, falling back to use random secrets.
2019-10-07 08:28:31,765 [main] WARN  http.HttpRequestLog (HttpRequestLog.java:getRequestLog(97)) - Jetty request log can only be enabled using Log4j
2019-10-07 08:28:31,766 [main] INFO  http.HttpServer2 (HttpServer2.java:addGlobalFilter(975)) - Added global filter 'safety' (class=org.apache.hadoop.http.HttpServer2$QuotingInputFilter)
2019-10-07 08:28:31,767 [main] INFO  http.HttpServer2 (HttpServer2.java:addFilter(948)) - Added filter static_user_filter (class=org.apache.hadoop.http.lib.StaticUserWebFilter$StaticUserFilter) to context hddsDatanode
2019-10-07 08:28:31,767 [main] INFO  http.HttpServer2 (HttpServer2.java:addFilter(958)) - Added filter static_user_filter (class=org.apache.hadoop.http.lib.StaticUserWebFilter$StaticUserFilter) to context static
2019-10-07 08:28:31,767 [main] INFO  http.HttpServer2 (HttpServer2.java:addFilter(958)) - Added filter static_user_filter (class=org.apache.hadoop.http.lib.StaticUserWebFilter$StaticUserFilter) to context logs
2019-10-07 08:28:31,768 [main] INFO  http.HttpServer2 (HttpServer2.java:bindListener(1191)) - Jetty bound to port 46744
2019-10-07 08:28:31,768 [main] INFO  server.Server (Server.java:doStart(351)) - jetty-9.3.25.v20180904, build timestamp: 2018-09-04T21:11:46Z, git hash: 3ce520221d0240229c862b122d2b06c12a625732
2019-10-07 08:28:31,770 [main] INFO  handler.ContextHandler (ContextHandler.java:doStart(781)) - Started o.e.j.s.ServletContextHandler@696fad31{/logs,file:///workdir/hadoop-ozone/integration-test/target/log,AVAILABLE}
2019-10-07 08:28:31,771 [main] INFO  handler.ContextHandler (ContextHandler.java:doStart(781)) - Started o.e.j.s.ServletContextHandler@7a64cb0c{/static,jar:file:/home/user/.m2/repository/org/apache/hadoop/hadoop-hdds-container-service/0.5.0-SNAPSHOT/hadoop-hdds-container-service-0.5.0-SNAPSHOT.jar!/webapps/static,AVAILABLE}
2019-10-07 08:28:31,803 [main] INFO  handler.ContextHandler (ContextHandler.java:doStart(781)) - Started o.e.j.w.WebAppContext@7b6141f0{/,file:///tmp/jetty-0.0.0.0-46744-hddsDatanode-_-any-5378655538223845872.dir/webapp/,AVAILABLE}{/hddsDatanode}
2019-10-07 08:28:31,804 [main] INFO  server.AbstractConnector (AbstractConnector.java:doStart(278)) - Started ServerConnector@4fb64a52{HTTP/1.1,[http/1.1]}{0.0.0.0:46744}
2019-10-07 08:28:31,806 [main] INFO  server.Server (Server.java:doStart(419)) - Started @225067ms
2019-10-07 08:28:31,806 [main] WARN  impl.MetricsSystemImpl (MetricsSystemImpl.java:register(276)) - Sink prometheus already exists!
2019-10-07 08:28:31,807 [main] INFO  server.BaseHttpServer (BaseHttpServer.java:updateConnectorAddress(215)) - HTTP server of HDDSDATANODE is listening at http://0.0.0.0:46744
2019-10-07 08:28:31,807 [main] INFO  impl.MetricsSystemImpl (MetricsSystemImpl.java:init(158)) - HddsDatanode metrics system started (again)
2019-10-07 08:28:31,829 [org.apache.hadoop.util.JvmPauseMonitor$Monitor@153bb0e4] INFO  util.JvmPauseMonitor (JvmPauseMonitor.java:run(188)) - Starting JVM pause monitor
2019-10-07 08:28:31,830 [Datanode State Machine Thread - 0] INFO  datanode.InitDatanodeState (InitDatanodeState.java:persistContainerDatanodeDetails(140)) - DatanodeDetails is persisted to /workdir/hadoop-ozone/integration-test/target/test-dir/MiniOzoneClusterImpl-667fc2db-f272-4918-8834-23ffb7f93011/datanode-5/meta/datanode.id
2019-10-07 08:28:31,832 [main] INFO  ozone.HddsDatanodeService (HddsDatanodeService.java:start(184)) - HddsDatanodeService host:pr-hdds-2239-kl4xt-1424884434 ip:192.168.164.251
2019-10-07 08:28:31,840 [main] INFO  volume.HddsVolume (HddsVolume.java:<init>(176)) - Creating Volume: /workdir/hadoop-ozone/integration-test/target/test-dir/MiniOzoneClusterImpl-667fc2db-f272-4918-8834-23ffb7f93011/datanode-6/data/containers/hdds of  storage type : DISK and capacity : 1482555576320
2019-10-07 08:28:31,841 [main] INFO  volume.VolumeSet (VolumeSet.java:initializeVolumeSet(170)) - Added Volume : /workdir/hadoop-ozone/integration-test/target/test-dir/MiniOzoneClusterImpl-667fc2db-f272-4918-8834-23ffb7f93011/datanode-6/data/containers/hdds to VolumeSet
2019-10-07 08:28:31,841 [main] INFO  volume.ThrottledAsyncChecker (ThrottledAsyncChecker.java:schedule(139)) - Scheduling a check for org.apache.hadoop.ozone.container.common.volume.HddsVolume@794240e2
2019-10-07 08:28:31,842 [main] INFO  volume.HddsVolumeChecker (HddsVolumeChecker.java:checkAllVolumes(202)) - Scheduled health check for volume org.apache.hadoop.ozone.container.common.volume.HddsVolume@794240e2
2019-10-07 08:28:31,858 [main] INFO  impl.RaftServerProxy (ConfUtils.java:logGet(43)) - raft.rpc.type = GRPC (default)
2019-10-07 08:28:31,858 [main] INFO  grpc.GrpcFactory (GrpcFactory.java:checkPooledByteBufAllocatorUseCacheForAllThreads(45)) - PERFORMANCE WARNING: useCacheForAllThreads is true that may cause Netty to create a lot garbage objects and, as a result, trigger GC.
	It is recommended to disable useCacheForAllThreads by setting -Dorg.apache.ratis.thirdparty.io.netty.allocator.useCacheForAllThreads=false in command line.
2019-10-07 08:28:31,858 [main] INFO  grpc.GrpcConfigKeys$Server (ConfUtils.java:logGet(43)) - raft.grpc.server.port = 0 (default)
2019-10-07 08:28:31,858 [main] INFO  server.GrpcService (ConfUtils.java:logGet(43)) - raft.grpc.message.size.max = 33570816 (custom)
2019-10-07 08:28:31,859 [main] INFO  server.RaftServerConfigKeys (ConfUtils.java:logGet(43)) - raft.server.log.appender.buffer.byte-limit = 33554432 (custom)
2019-10-07 08:28:31,859 [main] INFO  server.GrpcService (ConfUtils.java:logGet(43)) - raft.grpc.flow.control.window = 1MB (=1048576) (default)
2019-10-07 08:28:31,859 [main] INFO  server.RaftServerConfigKeys (ConfUtils.java:logGet(43)) - raft.server.rpc.request.timeout = 3000ms (default)
2019-10-07 08:28:31,859 [main] INFO  server.RaftServerConfigKeys (ConfUtils.java:logGet(43)) - raft.server.storage.dir = [/workdir/hadoop-ozone/integration-test/target/test-dir/MiniOzoneClusterImpl-667fc2db-f272-4918-8834-23ffb7f93011/datanode-6/data/ratis] (custom)
2019-10-07 08:28:31,861 [main] INFO  hdfs.DFSUtil (DFSUtil.java:httpServerTemplateForNNAndJN(1641)) - Starting Web-server for hddsDatanode at: http://0.0.0.0:0
2019-10-07 08:28:31,862 [main] INFO  server.AuthenticationFilter (AuthenticationFilter.java:constructSecretProvider(240)) - Unable to initialize FileSignerSecretProvider, falling back to use random secrets.
2019-10-07 08:28:31,863 [main] WARN  http.HttpRequestLog (HttpRequestLog.java:getRequestLog(97)) - Jetty request log can only be enabled using Log4j
2019-10-07 08:28:31,865 [main] INFO  http.HttpServer2 (HttpServer2.java:addGlobalFilter(975)) - Added global filter 'safety' (class=org.apache.hadoop.http.HttpServer2$QuotingInputFilter)
2019-10-07 08:28:31,865 [main] INFO  http.HttpServer2 (HttpServer2.java:addFilter(948)) - Added filter static_user_filter (class=org.apache.hadoop.http.lib.StaticUserWebFilter$StaticUserFilter) to context hddsDatanode
2019-10-07 08:28:31,866 [main] INFO  http.HttpServer2 (HttpServer2.java:addFilter(958)) - Added filter static_user_filter (class=org.apache.hadoop.http.lib.StaticUserWebFilter$StaticUserFilter) to context logs
2019-10-07 08:28:31,866 [main] INFO  http.HttpServer2 (HttpServer2.java:addFilter(958)) - Added filter static_user_filter (class=org.apache.hadoop.http.lib.StaticUserWebFilter$StaticUserFilter) to context static
2019-10-07 08:28:31,866 [main] INFO  http.HttpServer2 (HttpServer2.java:bindListener(1191)) - Jetty bound to port 34275
2019-10-07 08:28:31,867 [main] INFO  server.Server (Server.java:doStart(351)) - jetty-9.3.25.v20180904, build timestamp: 2018-09-04T21:11:46Z, git hash: 3ce520221d0240229c862b122d2b06c12a625732
2019-10-07 08:28:31,868 [main] INFO  handler.ContextHandler (ContextHandler.java:doStart(781)) - Started o.e.j.s.ServletContextHandler@2e952845{/logs,file:///workdir/hadoop-ozone/integration-test/target/log,AVAILABLE}
2019-10-07 08:28:31,869 [main] INFO  handler.ContextHandler (ContextHandler.java:doStart(781)) - Started o.e.j.s.ServletContextHandler@6fbf5db2{/static,jar:file:/home/user/.m2/repository/org/apache/hadoop/hadoop-hdds-container-service/0.5.0-SNAPSHOT/hadoop-hdds-container-service-0.5.0-SNAPSHOT.jar!/webapps/static,AVAILABLE}
2019-10-07 08:28:31,902 [main] INFO  handler.ContextHandler (ContextHandler.java:doStart(781)) - Started o.e.j.w.WebAppContext@7d133fb7{/,file:///tmp/jetty-0.0.0.0-34275-hddsDatanode-_-any-8094411133410619722.dir/webapp/,AVAILABLE}{/hddsDatanode}
2019-10-07 08:28:31,902 [main] INFO  server.AbstractConnector (AbstractConnector.java:doStart(278)) - Started ServerConnector@40bd0f8{HTTP/1.1,[http/1.1]}{0.0.0.0:34275}
2019-10-07 08:28:31,905 [main] INFO  server.Server (Server.java:doStart(419)) - Started @225166ms
2019-10-07 08:28:31,905 [main] WARN  impl.MetricsSystemImpl (MetricsSystemImpl.java:register(276)) - Sink prometheus already exists!
2019-10-07 08:28:31,906 [main] INFO  server.BaseHttpServer (BaseHttpServer.java:updateConnectorAddress(215)) - HTTP server of HDDSDATANODE is listening at http://0.0.0.0:34275
2019-10-07 08:28:31,907 [main] INFO  ozone.MiniOzoneClusterImpl (MiniOzoneClusterImpl.java:lambda$waitForClusterToBeReady$0(147)) - Waiting for cluster to be ready. Got 0 of 7 DN Heartbeats.
2019-10-07 08:28:31,908 [org.apache.hadoop.util.JvmPauseMonitor$Monitor@4e9bfda5] INFO  util.JvmPauseMonitor (JvmPauseMonitor.java:run(188)) - Starting JVM pause monitor
2019-10-07 08:28:31,909 [Datanode State Machine Thread - 0] INFO  datanode.InitDatanodeState (InitDatanodeState.java:persistContainerDatanodeDetails(140)) - DatanodeDetails is persisted to /workdir/hadoop-ozone/integration-test/target/test-dir/MiniOzoneClusterImpl-667fc2db-f272-4918-8834-23ffb7f93011/datanode-6/meta/datanode.id
2019-10-07 08:28:32,637 [grpc-default-executor-10] WARN  server.GrpcLogAppender (LogUtils.java:warn(134)) - 19854c93-6789-4a4b-baec-170f8e9dd2d3@group-85450239316C->2aa6f7b3-a59e-4058-8af2-5381ad6af7db-AppendLogResponseHandler: Failed appendEntries: org.apache.ratis.thirdparty.io.grpc.StatusRuntimeException: UNAVAILABLE: io exception
2019-10-07 08:28:32,637 [grpc-default-executor-8] WARN  server.GrpcLogAppender (LogUtils.java:warn(134)) - 19854c93-6789-4a4b-baec-170f8e9dd2d3@group-85450239316C->1220f68b-22f9-43b7-8239-f0ea73c643e6-AppendLogResponseHandler: Failed appendEntries: org.apache.ratis.thirdparty.io.grpc.StatusRuntimeException: UNAVAILABLE: io exception
2019-10-07 08:28:32,638 [grpc-default-executor-10] INFO  impl.FollowerInfo (FollowerInfo.java:lambda$new$0(51)) - 19854c93-6789-4a4b-baec-170f8e9dd2d3@group-85450239316C->2aa6f7b3-a59e-4058-8af2-5381ad6af7db: nextIndex: updateUnconditionally 0 -> 0
2019-10-07 08:28:32,638 [grpc-default-executor-8] INFO  impl.FollowerInfo (FollowerInfo.java:lambda$new$0(51)) - 19854c93-6789-4a4b-baec-170f8e9dd2d3@group-85450239316C->1220f68b-22f9-43b7-8239-f0ea73c643e6: nextIndex: updateUnconditionally 0 -> 0
2019-10-07 08:28:32,907 [main] INFO  ozone.MiniOzoneClusterImpl (MiniOzoneClusterImpl.java:lambda$waitForClusterToBeReady$0(147)) - Waiting for cluster to be ready. Got 0 of 7 DN Heartbeats.
2019-10-07 08:28:33,394 [Datanode State Machine Thread - 0] INFO  ozoneimpl.OzoneContainer (OzoneContainer.java:start(217)) - Attempting to start container services.
2019-10-07 08:28:33,395 [Datanode State Machine Thread - 0] INFO  ozoneimpl.OzoneContainer (OzoneContainer.java:startContainerScrub(179)) - Background container scanner has been disabled.
2019-10-07 08:28:33,395 [Datanode State Machine Thread - 0] INFO  ratis.XceiverServerRatis (XceiverServerRatis.java:start(418)) - Starting XceiverServerRatis 2031bdeb-9386-4f7b-bea6-2032f71edc6e at port 0
2019-10-07 08:28:33,400 [Datanode State Machine Thread - 0] INFO  impl.RaftServerProxy (RaftServerProxy.java:lambda$start$3(299)) - 2031bdeb-9386-4f7b-bea6-2032f71edc6e: start RPC server
2019-10-07 08:28:33,402 [Datanode State Machine Thread - 0] INFO  server.GrpcService (GrpcService.java:startImpl(158)) - 2031bdeb-9386-4f7b-bea6-2032f71edc6e: GrpcService started, listening on 0.0.0.0/0.0.0.0:43412
2019-10-07 08:28:33,402 [Datanode State Machine Thread - 0] INFO  ratis.XceiverServerRatis (XceiverServerRatis.java:start(428)) - XceiverServerRatis 2031bdeb-9386-4f7b-bea6-2032f71edc6e is started using port 43412
2019-10-07 08:28:33,403 [Datanode State Machine Thread - 0] INFO  server.XceiverServerGrpc (XceiverServerGrpc.java:start(149)) - XceiverServerGrpc 2031bdeb-9386-4f7b-bea6-2032f71edc6e is started using port 37403
2019-10-07 08:28:33,410 [Datanode State Machine Thread - 0] INFO  ozoneimpl.OzoneContainer (OzoneContainer.java:start(217)) - Attempting to start container services.
2019-10-07 08:28:33,411 [Datanode State Machine Thread - 0] INFO  ozoneimpl.OzoneContainer (OzoneContainer.java:startContainerScrub(179)) - Background container scanner has been disabled.
2019-10-07 08:28:33,411 [Datanode State Machine Thread - 0] INFO  ratis.XceiverServerRatis (XceiverServerRatis.java:start(418)) - Starting XceiverServerRatis 64db250c-0595-4dd9-8c8a-c2c488536deb at port 0
2019-10-07 08:28:33,416 [Datanode State Machine Thread - 0] INFO  impl.RaftServerProxy (RaftServerProxy.java:lambda$start$3(299)) - 64db250c-0595-4dd9-8c8a-c2c488536deb: start RPC server
2019-10-07 08:28:33,416 [Datanode State Machine Thread - 0] INFO  server.GrpcService (GrpcService.java:startImpl(158)) - 64db250c-0595-4dd9-8c8a-c2c488536deb: GrpcService started, listening on 0.0.0.0/0.0.0.0:46638
2019-10-07 08:28:33,417 [Datanode State Machine Thread - 0] INFO  ratis.XceiverServerRatis (XceiverServerRatis.java:start(428)) - XceiverServerRatis 64db250c-0595-4dd9-8c8a-c2c488536deb is started using port 46638
2019-10-07 08:28:33,417 [Datanode State Machine Thread - 0] INFO  server.XceiverServerGrpc (XceiverServerGrpc.java:start(149)) - XceiverServerGrpc 64db250c-0595-4dd9-8c8a-c2c488536deb is started using port 44186
2019-10-07 08:28:33,496 [Datanode State Machine Thread - 0] INFO  ozoneimpl.OzoneContainer (OzoneContainer.java:start(217)) - Attempting to start container services.
2019-10-07 08:28:33,496 [Datanode State Machine Thread - 0] INFO  ozoneimpl.OzoneContainer (OzoneContainer.java:startContainerScrub(179)) - Background container scanner has been disabled.
2019-10-07 08:28:33,497 [Datanode State Machine Thread - 0] INFO  ratis.XceiverServerRatis (XceiverServerRatis.java:start(418)) - Starting XceiverServerRatis 425a4ecf-96c9-4ed2-9685-9ed857d0c227 at port 0
2019-10-07 08:28:33,502 [Datanode State Machine Thread - 0] INFO  impl.RaftServerProxy (RaftServerProxy.java:lambda$start$3(299)) - 425a4ecf-96c9-4ed2-9685-9ed857d0c227: start RPC server
2019-10-07 08:28:33,503 [Datanode State Machine Thread - 0] INFO  server.GrpcService (GrpcService.java:startImpl(158)) - 425a4ecf-96c9-4ed2-9685-9ed857d0c227: GrpcService started, listening on 0.0.0.0/0.0.0.0:40961
2019-10-07 08:28:33,503 [Datanode State Machine Thread - 0] INFO  ratis.XceiverServerRatis (XceiverServerRatis.java:start(428)) - XceiverServerRatis 425a4ecf-96c9-4ed2-9685-9ed857d0c227 is started using port 40961
2019-10-07 08:28:33,503 [Datanode State Machine Thread - 0] INFO  server.XceiverServerGrpc (XceiverServerGrpc.java:start(149)) - XceiverServerGrpc 425a4ecf-96c9-4ed2-9685-9ed857d0c227 is started using port 40444
2019-10-07 08:28:33,629 [Datanode State Machine Thread - 0] INFO  ozoneimpl.OzoneContainer (OzoneContainer.java:start(217)) - Attempting to start container services.
2019-10-07 08:28:33,629 [Datanode State Machine Thread - 0] INFO  ozoneimpl.OzoneContainer (OzoneContainer.java:startContainerScrub(179)) - Background container scanner has been disabled.
2019-10-07 08:28:33,629 [Datanode State Machine Thread - 0] INFO  ratis.XceiverServerRatis (XceiverServerRatis.java:start(418)) - Starting XceiverServerRatis 054ad7fb-3faf-4a48-9eee-1579d5b1c1d4 at port 0
2019-10-07 08:28:33,635 [Datanode State Machine Thread - 0] INFO  impl.RaftServerProxy (RaftServerProxy.java:lambda$start$3(299)) - 054ad7fb-3faf-4a48-9eee-1579d5b1c1d4: start RPC server
2019-10-07 08:28:33,636 [Datanode State Machine Thread - 0] INFO  server.GrpcService (GrpcService.java:startImpl(158)) - 054ad7fb-3faf-4a48-9eee-1579d5b1c1d4: GrpcService started, listening on 0.0.0.0/0.0.0.0:39469
2019-10-07 08:28:33,636 [Datanode State Machine Thread - 0] INFO  ratis.XceiverServerRatis (XceiverServerRatis.java:start(428)) - XceiverServerRatis 054ad7fb-3faf-4a48-9eee-1579d5b1c1d4 is started using port 39469
2019-10-07 08:28:33,636 [Datanode State Machine Thread - 0] INFO  server.XceiverServerGrpc (XceiverServerGrpc.java:start(149)) - XceiverServerGrpc 054ad7fb-3faf-4a48-9eee-1579d5b1c1d4 is started using port 32886
2019-10-07 08:28:33,754 [Datanode State Machine Thread - 0] INFO  ozoneimpl.OzoneContainer (OzoneContainer.java:start(217)) - Attempting to start container services.
2019-10-07 08:28:33,754 [Datanode State Machine Thread - 0] INFO  ozoneimpl.OzoneContainer (OzoneContainer.java:startContainerScrub(179)) - Background container scanner has been disabled.
2019-10-07 08:28:33,754 [Datanode State Machine Thread - 0] INFO  ratis.XceiverServerRatis (XceiverServerRatis.java:start(418)) - Starting XceiverServerRatis fc6b6745-f54d-4d11-8d76-ab058d7202a3 at port 0
2019-10-07 08:28:33,761 [Datanode State Machine Thread - 0] INFO  impl.RaftServerProxy (RaftServerProxy.java:lambda$start$3(299)) - fc6b6745-f54d-4d11-8d76-ab058d7202a3: start RPC server
2019-10-07 08:28:33,762 [Datanode State Machine Thread - 0] INFO  server.GrpcService (GrpcService.java:startImpl(158)) - fc6b6745-f54d-4d11-8d76-ab058d7202a3: GrpcService started, listening on 0.0.0.0/0.0.0.0:41742
2019-10-07 08:28:33,762 [Datanode State Machine Thread - 0] INFO  ratis.XceiverServerRatis (XceiverServerRatis.java:start(428)) - XceiverServerRatis fc6b6745-f54d-4d11-8d76-ab058d7202a3 is started using port 41742
2019-10-07 08:28:33,762 [Datanode State Machine Thread - 0] INFO  server.XceiverServerGrpc (XceiverServerGrpc.java:start(149)) - XceiverServerGrpc fc6b6745-f54d-4d11-8d76-ab058d7202a3 is started using port 42255
2019-10-07 08:28:33,855 [Datanode State Machine Thread - 0] INFO  ozoneimpl.OzoneContainer (OzoneContainer.java:start(217)) - Attempting to start container services.
2019-10-07 08:28:33,855 [Datanode State Machine Thread - 0] INFO  ozoneimpl.OzoneContainer (OzoneContainer.java:startContainerScrub(179)) - Background container scanner has been disabled.
2019-10-07 08:28:33,855 [Datanode State Machine Thread - 0] INFO  ratis.XceiverServerRatis (XceiverServerRatis.java:start(418)) - Starting XceiverServerRatis 4a235271-100b-48dc-974e-0110da6833b1 at port 0
2019-10-07 08:28:33,861 [Datanode State Machine Thread - 0] INFO  impl.RaftServerProxy (RaftServerProxy.java:lambda$start$3(299)) - 4a235271-100b-48dc-974e-0110da6833b1: start RPC server
2019-10-07 08:28:33,861 [Datanode State Machine Thread - 0] INFO  server.GrpcService (GrpcService.java:startImpl(158)) - 4a235271-100b-48dc-974e-0110da6833b1: GrpcService started, listening on 0.0.0.0/0.0.0.0:41015
2019-10-07 08:28:33,861 [Datanode State Machine Thread - 0] INFO  ratis.XceiverServerRatis (XceiverServerRatis.java:start(428)) - XceiverServerRatis 4a235271-100b-48dc-974e-0110da6833b1 is started using port 41015
2019-10-07 08:28:33,862 [Datanode State Machine Thread - 0] INFO  server.XceiverServerGrpc (XceiverServerGrpc.java:start(149)) - XceiverServerGrpc 4a235271-100b-48dc-974e-0110da6833b1 is started using port 45324
2019-10-07 08:28:33,908 [main] INFO  ozone.MiniOzoneClusterImpl (MiniOzoneClusterImpl.java:lambda$waitForClusterToBeReady$0(147)) - Waiting for cluster to be ready. Got 0 of 7 DN Heartbeats.
2019-10-07 08:28:33,921 [Datanode State Machine Thread - 0] INFO  ozoneimpl.OzoneContainer (OzoneContainer.java:start(217)) - Attempting to start container services.
2019-10-07 08:28:33,922 [Datanode State Machine Thread - 0] INFO  ozoneimpl.OzoneContainer (OzoneContainer.java:startContainerScrub(179)) - Background container scanner has been disabled.
2019-10-07 08:28:33,922 [Datanode State Machine Thread - 0] INFO  ratis.XceiverServerRatis (XceiverServerRatis.java:start(418)) - Starting XceiverServerRatis 8cd392b0-b013-4189-bb87-ab5750af180b at port 0
2019-10-07 08:28:33,942 [Datanode State Machine Thread - 0] INFO  impl.RaftServerProxy (RaftServerProxy.java:lambda$start$3(299)) - 8cd392b0-b013-4189-bb87-ab5750af180b: start RPC server
2019-10-07 08:28:33,943 [Datanode State Machine Thread - 0] INFO  server.GrpcService (GrpcService.java:startImpl(158)) - 8cd392b0-b013-4189-bb87-ab5750af180b: GrpcService started, listening on 0.0.0.0/0.0.0.0:37320
2019-10-07 08:28:33,943 [Datanode State Machine Thread - 0] INFO  ratis.XceiverServerRatis (XceiverServerRatis.java:start(428)) - XceiverServerRatis 8cd392b0-b013-4189-bb87-ab5750af180b is started using port 37320
2019-10-07 08:28:33,943 [Datanode State Machine Thread - 0] INFO  server.XceiverServerGrpc (XceiverServerGrpc.java:start(149)) - XceiverServerGrpc 8cd392b0-b013-4189-bb87-ab5750af180b is started using port 34246
2019-10-07 08:28:34,908 [main] INFO  ozone.MiniOzoneClusterImpl (MiniOzoneClusterImpl.java:lambda$waitForClusterToBeReady$0(147)) - Waiting for cluster to be ready. Got 0 of 7 DN Heartbeats.
2019-10-07 08:28:35,137 [grpc-default-executor-5] WARN  server.GrpcLogAppender (LogUtils.java:warn(134)) - 19854c93-6789-4a4b-baec-170f8e9dd2d3@group-85450239316C->1220f68b-22f9-43b7-8239-f0ea73c643e6-AppendLogResponseHandler: Failed appendEntries: org.apache.ratis.thirdparty.io.grpc.StatusRuntimeException: UNAVAILABLE: io exception
2019-10-07 08:28:35,137 [grpc-default-executor-3] WARN  server.GrpcLogAppender (LogUtils.java:warn(134)) - 19854c93-6789-4a4b-baec-170f8e9dd2d3@group-85450239316C->2aa6f7b3-a59e-4058-8af2-5381ad6af7db-AppendLogResponseHandler: Failed appendEntries: org.apache.ratis.thirdparty.io.grpc.StatusRuntimeException: UNAVAILABLE: io exception
2019-10-07 08:28:35,138 [grpc-default-executor-5] INFO  impl.FollowerInfo (FollowerInfo.java:lambda$new$0(51)) - 19854c93-6789-4a4b-baec-170f8e9dd2d3@group-85450239316C->1220f68b-22f9-43b7-8239-f0ea73c643e6: nextIndex: updateUnconditionally 0 -> 0
2019-10-07 08:28:35,138 [grpc-default-executor-3] INFO  impl.FollowerInfo (FollowerInfo.java:lambda$new$0(51)) - 19854c93-6789-4a4b-baec-170f8e9dd2d3@group-85450239316C->2aa6f7b3-a59e-4058-8af2-5381ad6af7db: nextIndex: updateUnconditionally 0 -> 0
2019-10-07 08:28:35,304 [IPC Server handler 2 on 38371] INFO  net.NetworkTopology (NetworkTopologyImpl.java:add(111)) - Added a new node: /default-rack/2031bdeb-9386-4f7b-bea6-2032f71edc6e
2019-10-07 08:28:35,308 [IPC Server handler 2 on 38371] INFO  node.SCMNodeManager (SCMNodeManager.java:register(268)) - Registered Data node : 2031bdeb-9386-4f7b-bea6-2032f71edc6e{ip: 192.168.164.251, host: pr-hdds-2239-kl4xt-1424884434, networkLocation: /default-rack, certSerialId: null}
2019-10-07 08:28:35,309 [EventQueue-NodeRegistrationContainerReportForDataNodeSafeModeRule] INFO  safemode.SCMSafeModeManager (DataNodeSafeModeRule.java:process(71)) - SCM in safe mode. 1 DataNodes registered, 1 required.
2019-10-07 08:28:35,311 [EventQueue-NodeRegistrationContainerReportForDataNodeSafeModeRule] INFO  safemode.SCMSafeModeManager (SCMSafeModeManager.java:validateSafeModeExitRules(177)) - ScmSafeModeManager, all rules are successfully validated
2019-10-07 08:28:35,312 [EventQueue-NodeRegistrationContainerReportForDataNodeSafeModeRule] INFO  safemode.SCMSafeModeManager (SCMSafeModeManager.java:exitSafeMode(193)) - SCM exiting safe mode.
2019-10-07 08:28:35,319 [grpc-default-executor-3] INFO  impl.RaftServerProxy (RaftServerProxy.java:addNew(89)) - 2031bdeb-9386-4f7b-bea6-2032f71edc6e: addNew group-FBDAB7B82FF9:[2031bdeb-9386-4f7b-bea6-2032f71edc6e:192.168.164.251:43412] returns group-FBDAB7B82FF9:java.util.concurrent.CompletableFuture@7b9b147f[Not completed]
2019-10-07 08:28:35,321 [pool-383-thread-1] INFO  impl.RaftServerImpl (RaftServerImpl.java:<init>(95)) - 2031bdeb-9386-4f7b-bea6-2032f71edc6e: new RaftServerImpl for group-FBDAB7B82FF9:[2031bdeb-9386-4f7b-bea6-2032f71edc6e:192.168.164.251:43412] with ContainerStateMachine:uninitialized
2019-10-07 08:28:35,321 [pool-383-thread-1] INFO  server.RaftServerConfigKeys (ConfUtils.java:logGet(43)) - raft.server.rpc.timeout.min = 5s (custom)
2019-10-07 08:28:35,321 [pool-383-thread-1] INFO  server.RaftServerConfigKeys (ConfUtils.java:logGet(43)) - raft.server.rpc.timeout.max = 5200ms (custom)
2019-10-07 08:28:35,321 [pool-383-thread-1] INFO  server.RaftServerConfigKeys (ConfUtils.java:logGet(43)) - raft.server.rpcslowness.timeout = 120s (custom)
2019-10-07 08:28:35,321 [pool-383-thread-1] INFO  server.RaftServerConfigKeys (ConfUtils.java:logGet(43)) - raft.server.sleep.deviation.threshold = 300 (default)
2019-10-07 08:28:35,321 [pool-383-thread-1] INFO  server.RaftServerConfigKeys (ConfUtils.java:logGet(43)) - raft.server.log.appender.install.snapshot.enabled = false (custom)
2019-10-07 08:28:35,322 [pool-383-thread-1] INFO  impl.RaftServerImpl (ServerState.java:<init>(103)) - 2031bdeb-9386-4f7b-bea6-2032f71edc6e@group-FBDAB7B82FF9: ConfigurationManager, init=-1: [2031bdeb-9386-4f7b-bea6-2032f71edc6e:192.168.164.251:43412], old=null, confs=<EMPTY_MAP>
2019-10-07 08:28:35,322 [pool-383-thread-1] INFO  server.RaftServerConfigKeys (ConfUtils.java:logGet(43)) - raft.server.storage.dir = [/workdir/hadoop-ozone/integration-test/target/test-dir/MiniOzoneClusterImpl-667fc2db-f272-4918-8834-23ffb7f93011/datanode-0/data/ratis] (custom)
2019-10-07 08:28:35,322 [pool-383-thread-1] INFO  server.RaftServerConfigKeys (ConfUtils.java:logGet(43)) - raft.server.log.corruption.policy = EXCEPTION (default)
2019-10-07 08:28:35,322 [pool-383-thread-1] INFO  storage.RaftStorageDirectory (RaftStorageDirectory.java:analyzeStorage(246)) - The storage directory /workdir/hadoop-ozone/integration-test/target/test-dir/MiniOzoneClusterImpl-667fc2db-f272-4918-8834-23ffb7f93011/datanode-0/data/ratis/9efde808-65bd-4c6b-8d21-fbdab7b82ff9 does not exist. Creating ...
2019-10-07 08:28:35,347 [pool-383-thread-1] INFO  storage.RaftStorageDirectory (RaftStorageDirectory.java:tryLock(328)) - Lock on /workdir/hadoop-ozone/integration-test/target/test-dir/MiniOzoneClusterImpl-667fc2db-f272-4918-8834-23ffb7f93011/datanode-0/data/ratis/9efde808-65bd-4c6b-8d21-fbdab7b82ff9/in_use.lock acquired by nodename 13710@pr-hdds-2239-kl4xt-1424884434
2019-10-07 08:28:35,360 [pool-383-thread-1] INFO  storage.RaftStorage (RaftStorage.java:format(84)) - Storage directory /workdir/hadoop-ozone/integration-test/target/test-dir/MiniOzoneClusterImpl-667fc2db-f272-4918-8834-23ffb7f93011/datanode-0/data/ratis/9efde808-65bd-4c6b-8d21-fbdab7b82ff9 has been successfully formatted.
2019-10-07 08:28:35,360 [pool-383-thread-1] INFO  ratis.ContainerStateMachine (ContainerStateMachine.java:loadSnapshot(231)) - group-FBDAB7B82FF9: The snapshot info is null. Setting the last applied indexto:(t:0, i:~)
2019-10-07 08:28:35,360 [pool-383-thread-1] INFO  server.RaftServerConfigKeys (ConfUtils.java:logGet(43)) - raft.server.notification.no-leader.timeout = 120s (custom)
2019-10-07 08:28:35,360 [pool-383-thread-1] INFO  server.RaftServerConfigKeys (ConfUtils.java:logGet(43)) - raft.server.log.use.memory = false (default)
2019-10-07 08:28:35,360 [pool-383-thread-1] INFO  server.RaftServerConfigKeys (ConfUtils.java:logGet(43)) - raft.server.log.purge.gap = 1000000 (custom)
2019-10-07 08:28:35,360 [pool-383-thread-1] INFO  server.RaftServerConfigKeys (ConfUtils.java:logGet(43)) - raft.server.log.appender.buffer.byte-limit = 33554432 (custom)
2019-10-07 08:28:35,361 [pool-383-thread-1] INFO  server.RaftServerConfigKeys (ConfUtils.java:logGet(43)) - raft.server.log.segment.size.max = 1048576 (custom)
2019-10-07 08:28:35,362 [pool-383-thread-1] INFO  server.RaftServerConfigKeys (ConfUtils.java:logGet(43)) - raft.server.log.segment.cache.num.max = 2 (custom)
2019-10-07 08:28:35,362 [pool-383-thread-1] INFO  segmented.SegmentedRaftLogWorker (SegmentedRaftLogWorker.java:<init>(173)) - new 2031bdeb-9386-4f7b-bea6-2032f71edc6e@group-FBDAB7B82FF9-SegmentedRaftLogWorker for RaftStorage:Storage Directory /workdir/hadoop-ozone/integration-test/target/test-dir/MiniOzoneClusterImpl-667fc2db-f272-4918-8834-23ffb7f93011/datanode-0/data/ratis/9efde808-65bd-4c6b-8d21-fbdab7b82ff9
2019-10-07 08:28:35,362 [pool-383-thread-1] INFO  server.RaftServerConfigKeys (ConfUtils.java:logGet(43)) - raft.server.log.queue.byte-limit = 2147483647 (custom)
2019-10-07 08:28:35,362 [pool-383-thread-1] INFO  server.RaftServerConfigKeys (ConfUtils.java:logGet(43)) - raft.server.log.queue.element-limit = 1024 (custom)
2019-10-07 08:28:35,362 [pool-383-thread-1] INFO  server.RaftServerConfigKeys (ConfUtils.java:logGet(43)) - raft.server.log.segment.size.max = 1048576 (custom)
2019-10-07 08:28:35,363 [pool-383-thread-1] INFO  server.RaftServerConfigKeys (ConfUtils.java:logGet(43)) - raft.server.log.preallocated.size = 16384 (custom)
2019-10-07 08:28:35,363 [pool-383-thread-1] INFO  server.RaftServerConfigKeys (ConfUtils.java:logGet(43)) - raft.server.log.write.buffer.size = 33554432 (custom)
2019-10-07 08:28:35,363 [pool-383-thread-1] INFO  server.RaftServerConfigKeys (ConfUtils.java:logGet(43)) - raft.server.log.force.sync.num = 128 (default)
2019-10-07 08:28:35,363 [pool-383-thread-1] INFO  server.RaftServerConfigKeys (ConfUtils.java:logGet(43)) - raft.server.log.statemachine.data.sync = true (default)
2019-10-07 08:28:35,363 [pool-383-thread-1] INFO  server.RaftServerConfigKeys (ConfUtils.java:logGet(43)) - raft.server.log.statemachine.data.sync.timeout = 10s (default)
2019-10-07 08:28:35,363 [pool-383-thread-1] INFO  server.RaftServerConfigKeys (ConfUtils.java:logGet(43)) - raft.server.log.statemachine.data.sync.timeout.retry = -1 (default)
2019-10-07 08:28:35,363 [pool-383-thread-1] INFO  server.RaftServerConfigKeys (ConfUtils.java:logGet(43)) - raft.server.log.statemachine.data.caching.enabled = true (custom)
2019-10-07 08:28:35,364 [pool-383-thread-1] INFO  segmented.SegmentedRaftLogWorker (SegmentedRaftLogWorker.java:lambda$new$0(128)) - 2031bdeb-9386-4f7b-bea6-2032f71edc6e@group-FBDAB7B82FF9-SegmentedRaftLogWorker: flushIndex: setUnconditionally 0 -> -1
2019-10-07 08:28:35,364 [pool-383-thread-1] INFO  server.RaftServerConfigKeys (ConfUtils.java:logGet(43)) - raft.server.snapshot.auto.trigger.enabled = true (custom)
2019-10-07 08:28:35,364 [pool-383-thread-1] INFO  server.RaftServerConfigKeys (ConfUtils.java:logGet(43)) - raft.server.snapshot.auto.trigger.threshold = 10000 (custom)
2019-10-07 08:28:35,364 [pool-383-thread-1] INFO  server.RaftServerConfigKeys (ConfUtils.java:logGet(43)) - raft.server.snapshot.retention.file.num = 5 (custom)
2019-10-07 08:28:35,364 [pool-383-thread-1] INFO  server.RaftServerConfigKeys (ConfUtils.java:logGet(43)) - raft.server.retrycache.expirytime = 600000ms (custom)
2019-10-07 08:28:35,365 [pool-383-thread-1] INFO  impl.RaftServerImpl (RaftServerImpl.java:start(181)) - 2031bdeb-9386-4f7b-bea6-2032f71edc6e@group-FBDAB7B82FF9: start as a follower, conf=-1: [2031bdeb-9386-4f7b-bea6-2032f71edc6e:192.168.164.251:43412], old=null
2019-10-07 08:28:35,365 [pool-383-thread-1] INFO  impl.RaftServerImpl (RaftServerImpl.java:setRole(170)) - 2031bdeb-9386-4f7b-bea6-2032f71edc6e@group-FBDAB7B82FF9: changes role from      null to FOLLOWER at term 0 for startAsFollower
2019-10-07 08:28:35,366 [pool-383-thread-1] INFO  impl.RoleInfo (RoleInfo.java:updateAndGet(143)) - 2031bdeb-9386-4f7b-bea6-2032f71edc6e: start FollowerState
2019-10-07 08:28:35,366 [pool-383-thread-1] INFO  util.JmxRegister (JmxRegister.java:tryRegister(44)) - Successfully registered JMX Bean with object name Ratis:service=RaftServer,group=group-FBDAB7B82FF9,id=2031bdeb-9386-4f7b-bea6-2032f71edc6e
2019-10-07 08:28:35,374 [RatisPipelineUtilsThread] INFO  pipeline.PipelineStateManager (PipelineStateManager.java:addPipeline(56)) - Created pipeline Pipeline[ Id: 9efde808-65bd-4c6b-8d21-fbdab7b82ff9, Nodes: 2031bdeb-9386-4f7b-bea6-2032f71edc6e{ip: 192.168.164.251, host: pr-hdds-2239-kl4xt-1424884434, networkLocation: /default-rack, certSerialId: null}, Type:RATIS, Factor:ONE, State:OPEN]
2019-10-07 08:28:35,375 [IPC Server handler 4 on 38371] INFO  net.NetworkTopology (NetworkTopologyImpl.java:add(111)) - Added a new node: /default-rack/64db250c-0595-4dd9-8c8a-c2c488536deb
2019-10-07 08:28:35,376 [IPC Server handler 4 on 38371] INFO  node.SCMNodeManager (SCMNodeManager.java:register(268)) - Registered Data node : 64db250c-0595-4dd9-8c8a-c2c488536deb{ip: 192.168.164.251, host: pr-hdds-2239-kl4xt-1424884434, networkLocation: /default-rack, certSerialId: null}
2019-10-07 08:28:35,382 [grpc-default-executor-3] INFO  impl.RaftServerProxy (RaftServerProxy.java:addNew(89)) - 64db250c-0595-4dd9-8c8a-c2c488536deb: addNew group-C3C69EC39C74:[64db250c-0595-4dd9-8c8a-c2c488536deb:192.168.164.251:46638] returns group-C3C69EC39C74:java.util.concurrent.CompletableFuture@146e87f7[Not completed]
2019-10-07 08:28:35,383 [pool-393-thread-1] INFO  impl.RaftServerImpl (RaftServerImpl.java:<init>(95)) - 64db250c-0595-4dd9-8c8a-c2c488536deb: new RaftServerImpl for group-C3C69EC39C74:[64db250c-0595-4dd9-8c8a-c2c488536deb:192.168.164.251:46638] with ContainerStateMachine:uninitialized
2019-10-07 08:28:35,383 [pool-393-thread-1] INFO  server.RaftServerConfigKeys (ConfUtils.java:logGet(43)) - raft.server.rpc.timeout.min = 5s (custom)
2019-10-07 08:28:35,383 [pool-393-thread-1] INFO  server.RaftServerConfigKeys (ConfUtils.java:logGet(43)) - raft.server.rpc.timeout.max = 5200ms (custom)
2019-10-07 08:28:35,383 [pool-393-thread-1] INFO  server.RaftServerConfigKeys (ConfUtils.java:logGet(43)) - raft.server.rpcslowness.timeout = 120s (custom)
2019-10-07 08:28:35,383 [pool-393-thread-1] INFO  server.RaftServerConfigKeys (ConfUtils.java:logGet(43)) - raft.server.sleep.deviation.threshold = 300 (default)
2019-10-07 08:28:35,384 [pool-393-thread-1] INFO  server.RaftServerConfigKeys (ConfUtils.java:logGet(43)) - raft.server.log.appender.install.snapshot.enabled = false (custom)
2019-10-07 08:28:35,384 [pool-393-thread-1] INFO  impl.RaftServerImpl (ServerState.java:<init>(103)) - 64db250c-0595-4dd9-8c8a-c2c488536deb@group-C3C69EC39C74: ConfigurationManager, init=-1: [64db250c-0595-4dd9-8c8a-c2c488536deb:192.168.164.251:46638], old=null, confs=<EMPTY_MAP>
2019-10-07 08:28:35,384 [pool-393-thread-1] INFO  server.RaftServerConfigKeys (ConfUtils.java:logGet(43)) - raft.server.storage.dir = [/workdir/hadoop-ozone/integration-test/target/test-dir/MiniOzoneClusterImpl-667fc2db-f272-4918-8834-23ffb7f93011/datanode-1/data/ratis] (custom)
2019-10-07 08:28:35,384 [pool-393-thread-1] INFO  server.RaftServerConfigKeys (ConfUtils.java:logGet(43)) - raft.server.log.corruption.policy = EXCEPTION (default)
2019-10-07 08:28:35,384 [pool-393-thread-1] INFO  storage.RaftStorageDirectory (RaftStorageDirectory.java:analyzeStorage(246)) - The storage directory /workdir/hadoop-ozone/integration-test/target/test-dir/MiniOzoneClusterImpl-667fc2db-f272-4918-8834-23ffb7f93011/datanode-1/data/ratis/f08cfe0f-ad12-44c2-aa0d-c3c69ec39c74 does not exist. Creating ...
2019-10-07 08:28:35,398 [pool-393-thread-1] INFO  storage.RaftStorageDirectory (RaftStorageDirectory.java:tryLock(328)) - Lock on /workdir/hadoop-ozone/integration-test/target/test-dir/MiniOzoneClusterImpl-667fc2db-f272-4918-8834-23ffb7f93011/datanode-1/data/ratis/f08cfe0f-ad12-44c2-aa0d-c3c69ec39c74/in_use.lock acquired by nodename 13710@pr-hdds-2239-kl4xt-1424884434
2019-10-07 08:28:35,410 [pool-393-thread-1] INFO  storage.RaftStorage (RaftStorage.java:format(84)) - Storage directory /workdir/hadoop-ozone/integration-test/target/test-dir/MiniOzoneClusterImpl-667fc2db-f272-4918-8834-23ffb7f93011/datanode-1/data/ratis/f08cfe0f-ad12-44c2-aa0d-c3c69ec39c74 has been successfully formatted.
2019-10-07 08:28:35,410 [pool-393-thread-1] INFO  ratis.ContainerStateMachine (ContainerStateMachine.java:loadSnapshot(231)) - group-C3C69EC39C74: The snapshot info is null. Setting the last applied indexto:(t:0, i:~)
2019-10-07 08:28:35,411 [pool-393-thread-1] INFO  server.RaftServerConfigKeys (ConfUtils.java:logGet(43)) - raft.server.notification.no-leader.timeout = 120s (custom)
2019-10-07 08:28:35,411 [pool-393-thread-1] INFO  server.RaftServerConfigKeys (ConfUtils.java:logGet(43)) - raft.server.log.use.memory = false (default)
2019-10-07 08:28:35,411 [pool-393-thread-1] INFO  server.RaftServerConfigKeys (ConfUtils.java:logGet(43)) - raft.server.log.purge.gap = 1000000 (custom)
2019-10-07 08:28:35,411 [pool-393-thread-1] INFO  server.RaftServerConfigKeys (ConfUtils.java:logGet(43)) - raft.server.log.appender.buffer.byte-limit = 33554432 (custom)
2019-10-07 08:28:35,411 [pool-393-thread-1] INFO  server.RaftServerConfigKeys (ConfUtils.java:logGet(43)) - raft.server.log.segment.size.max = 1048576 (custom)
2019-10-07 08:28:35,412 [pool-393-thread-1] INFO  server.RaftServerConfigKeys (ConfUtils.java:logGet(43)) - raft.server.log.segment.cache.num.max = 2 (custom)
2019-10-07 08:28:35,412 [pool-393-thread-1] INFO  segmented.SegmentedRaftLogWorker (SegmentedRaftLogWorker.java:<init>(173)) - new 64db250c-0595-4dd9-8c8a-c2c488536deb@group-C3C69EC39C74-SegmentedRaftLogWorker for RaftStorage:Storage Directory /workdir/hadoop-ozone/integration-test/target/test-dir/MiniOzoneClusterImpl-667fc2db-f272-4918-8834-23ffb7f93011/datanode-1/data/ratis/f08cfe0f-ad12-44c2-aa0d-c3c69ec39c74
2019-10-07 08:28:35,412 [pool-393-thread-1] INFO  server.RaftServerConfigKeys (ConfUtils.java:logGet(43)) - raft.server.log.queue.byte-limit = 2147483647 (custom)
2019-10-07 08:28:35,412 [pool-393-thread-1] INFO  server.RaftServerConfigKeys (ConfUtils.java:logGet(43)) - raft.server.log.queue.element-limit = 1024 (custom)
2019-10-07 08:28:35,412 [pool-393-thread-1] INFO  server.RaftServerConfigKeys (ConfUtils.java:logGet(43)) - raft.server.log.segment.size.max = 1048576 (custom)
2019-10-07 08:28:35,412 [pool-393-thread-1] INFO  server.RaftServerConfigKeys (ConfUtils.java:logGet(43)) - raft.server.log.preallocated.size = 16384 (custom)
2019-10-07 08:28:35,412 [pool-393-thread-1] INFO  server.RaftServerConfigKeys (ConfUtils.java:logGet(43)) - raft.server.log.write.buffer.size = 33554432 (custom)
2019-10-07 08:28:35,413 [pool-393-thread-1] INFO  server.RaftServerConfigKeys (ConfUtils.java:logGet(43)) - raft.server.log.force.sync.num = 128 (default)
2019-10-07 08:28:35,413 [pool-393-thread-1] INFO  server.RaftServerConfigKeys (ConfUtils.java:logGet(43)) - raft.server.log.statemachine.data.sync = true (default)
2019-10-07 08:28:35,413 [pool-393-thread-1] INFO  server.RaftServerConfigKeys (ConfUtils.java:logGet(43)) - raft.server.log.statemachine.data.sync.timeout = 10s (default)
2019-10-07 08:28:35,413 [pool-393-thread-1] INFO  server.RaftServerConfigKeys (ConfUtils.java:logGet(43)) - raft.server.log.statemachine.data.sync.timeout.retry = -1 (default)
2019-10-07 08:28:35,413 [pool-393-thread-1] INFO  server.RaftServerConfigKeys (ConfUtils.java:logGet(43)) - raft.server.log.statemachine.data.caching.enabled = true (custom)
2019-10-07 08:28:35,413 [pool-393-thread-1] INFO  segmented.SegmentedRaftLogWorker (SegmentedRaftLogWorker.java:lambda$new$0(128)) - 64db250c-0595-4dd9-8c8a-c2c488536deb@group-C3C69EC39C74-SegmentedRaftLogWorker: flushIndex: setUnconditionally 0 -> -1
2019-10-07 08:28:35,413 [pool-393-thread-1] INFO  server.RaftServerConfigKeys (ConfUtils.java:logGet(43)) - raft.server.snapshot.auto.trigger.enabled = true (custom)
2019-10-07 08:28:35,414 [pool-393-thread-1] INFO  server.RaftServerConfigKeys (ConfUtils.java:logGet(43)) - raft.server.snapshot.auto.trigger.threshold = 10000 (custom)
2019-10-07 08:28:35,414 [pool-393-thread-1] INFO  server.RaftServerConfigKeys (ConfUtils.java:logGet(43)) - raft.server.snapshot.retention.file.num = 5 (custom)
2019-10-07 08:28:35,414 [pool-393-thread-1] INFO  server.RaftServerConfigKeys (ConfUtils.java:logGet(43)) - raft.server.retrycache.expirytime = 600000ms (custom)
2019-10-07 08:28:35,415 [pool-393-thread-1] INFO  impl.RaftServerImpl (RaftServerImpl.java:start(181)) - 64db250c-0595-4dd9-8c8a-c2c488536deb@group-C3C69EC39C74: start as a follower, conf=-1: [64db250c-0595-4dd9-8c8a-c2c488536deb:192.168.164.251:46638], old=null
2019-10-07 08:28:35,415 [pool-393-thread-1] INFO  impl.RaftServerImpl (RaftServerImpl.java:setRole(170)) - 64db250c-0595-4dd9-8c8a-c2c488536deb@group-C3C69EC39C74: changes role from      null to FOLLOWER at term 0 for startAsFollower
2019-10-07 08:28:35,415 [pool-393-thread-1] INFO  impl.RoleInfo (RoleInfo.java:updateAndGet(143)) - 64db250c-0595-4dd9-8c8a-c2c488536deb: start FollowerState
2019-10-07 08:28:35,415 [pool-393-thread-1] INFO  util.JmxRegister (JmxRegister.java:tryRegister(44)) - Successfully registered JMX Bean with object name Ratis:service=RaftServer,group=group-C3C69EC39C74,id=64db250c-0595-4dd9-8c8a-c2c488536deb
2019-10-07 08:28:35,422 [RatisPipelineUtilsThread] INFO  pipeline.PipelineStateManager (PipelineStateManager.java:addPipeline(56)) - Created pipeline Pipeline[ Id: f08cfe0f-ad12-44c2-aa0d-c3c69ec39c74, Nodes: 64db250c-0595-4dd9-8c8a-c2c488536deb{ip: 192.168.164.251, host: pr-hdds-2239-kl4xt-1424884434, networkLocation: /default-rack, certSerialId: null}, Type:RATIS, Factor:ONE, State:OPEN]
2019-10-07 08:28:35,482 [IPC Server handler 3 on 38371] INFO  net.NetworkTopology (NetworkTopologyImpl.java:add(111)) - Added a new node: /default-rack/425a4ecf-96c9-4ed2-9685-9ed857d0c227
2019-10-07 08:28:35,482 [IPC Server handler 3 on 38371] INFO  node.SCMNodeManager (SCMNodeManager.java:register(268)) - Registered Data node : 425a4ecf-96c9-4ed2-9685-9ed857d0c227{ip: 192.168.164.251, host: pr-hdds-2239-kl4xt-1424884434, networkLocation: /default-rack, certSerialId: null}
2019-10-07 08:28:35,490 [grpc-default-executor-3] INFO  impl.RaftServerProxy (RaftServerProxy.java:addNew(89)) - 425a4ecf-96c9-4ed2-9685-9ed857d0c227: addNew group-5E8E1AAA3656:[425a4ecf-96c9-4ed2-9685-9ed857d0c227:192.168.164.251:40961] returns group-5E8E1AAA3656:java.util.concurrent.CompletableFuture@20872e0b[Not completed]
2019-10-07 08:28:35,492 [pool-403-thread-1] INFO  impl.RaftServerImpl (RaftServerImpl.java:<init>(95)) - 425a4ecf-96c9-4ed2-9685-9ed857d0c227: new RaftServerImpl for group-5E8E1AAA3656:[425a4ecf-96c9-4ed2-9685-9ed857d0c227:192.168.164.251:40961] with ContainerStateMachine:uninitialized
2019-10-07 08:28:35,492 [pool-403-thread-1] INFO  server.RaftServerConfigKeys (ConfUtils.java:logGet(43)) - raft.server.rpc.timeout.min = 5s (custom)
2019-10-07 08:28:35,492 [pool-403-thread-1] INFO  server.RaftServerConfigKeys (ConfUtils.java:logGet(43)) - raft.server.rpc.timeout.max = 5200ms (custom)
2019-10-07 08:28:35,492 [pool-403-thread-1] INFO  server.RaftServerConfigKeys (ConfUtils.java:logGet(43)) - raft.server.rpcslowness.timeout = 120s (custom)
2019-10-07 08:28:35,492 [pool-403-thread-1] INFO  server.RaftServerConfigKeys (ConfUtils.java:logGet(43)) - raft.server.sleep.deviation.threshold = 300 (default)
2019-10-07 08:28:35,493 [pool-403-thread-1] INFO  server.RaftServerConfigKeys (ConfUtils.java:logGet(43)) - raft.server.log.appender.install.snapshot.enabled = false (custom)
2019-10-07 08:28:35,493 [pool-403-thread-1] INFO  impl.RaftServerImpl (ServerState.java:<init>(103)) - 425a4ecf-96c9-4ed2-9685-9ed857d0c227@group-5E8E1AAA3656: ConfigurationManager, init=-1: [425a4ecf-96c9-4ed2-9685-9ed857d0c227:192.168.164.251:40961], old=null, confs=<EMPTY_MAP>
2019-10-07 08:28:35,493 [pool-403-thread-1] INFO  server.RaftServerConfigKeys (ConfUtils.java:logGet(43)) - raft.server.storage.dir = [/workdir/hadoop-ozone/integration-test/target/test-dir/MiniOzoneClusterImpl-667fc2db-f272-4918-8834-23ffb7f93011/datanode-2/data/ratis] (custom)
2019-10-07 08:28:35,493 [pool-403-thread-1] INFO  server.RaftServerConfigKeys (ConfUtils.java:logGet(43)) - raft.server.log.corruption.policy = EXCEPTION (default)
2019-10-07 08:28:35,494 [pool-403-thread-1] INFO  storage.RaftStorageDirectory (RaftStorageDirectory.java:analyzeStorage(246)) - The storage directory /workdir/hadoop-ozone/integration-test/target/test-dir/MiniOzoneClusterImpl-667fc2db-f272-4918-8834-23ffb7f93011/datanode-2/data/ratis/661a5c54-8f4e-40d0-879a-5e8e1aaa3656 does not exist. Creating ...
2019-10-07 08:28:35,516 [pool-403-thread-1] INFO  storage.RaftStorageDirectory (RaftStorageDirectory.java:tryLock(328)) - Lock on /workdir/hadoop-ozone/integration-test/target/test-dir/MiniOzoneClusterImpl-667fc2db-f272-4918-8834-23ffb7f93011/datanode-2/data/ratis/661a5c54-8f4e-40d0-879a-5e8e1aaa3656/in_use.lock acquired by nodename 13710@pr-hdds-2239-kl4xt-1424884434
2019-10-07 08:28:35,536 [pool-403-thread-1] INFO  storage.RaftStorage (RaftStorage.java:format(84)) - Storage directory /workdir/hadoop-ozone/integration-test/target/test-dir/MiniOzoneClusterImpl-667fc2db-f272-4918-8834-23ffb7f93011/datanode-2/data/ratis/661a5c54-8f4e-40d0-879a-5e8e1aaa3656 has been successfully formatted.
2019-10-07 08:28:35,536 [pool-403-thread-1] INFO  ratis.ContainerStateMachine (ContainerStateMachine.java:loadSnapshot(231)) - group-5E8E1AAA3656: The snapshot info is null. Setting the last applied indexto:(t:0, i:~)
2019-10-07 08:28:35,536 [pool-403-thread-1] INFO  server.RaftServerConfigKeys (ConfUtils.java:logGet(43)) - raft.server.notification.no-leader.timeout = 120s (custom)
2019-10-07 08:28:35,536 [pool-403-thread-1] INFO  server.RaftServerConfigKeys (ConfUtils.java:logGet(43)) - raft.server.log.use.memory = false (default)
2019-10-07 08:28:35,537 [pool-403-thread-1] INFO  server.RaftServerConfigKeys (ConfUtils.java:logGet(43)) - raft.server.log.purge.gap = 1000000 (custom)
2019-10-07 08:28:35,537 [pool-403-thread-1] INFO  server.RaftServerConfigKeys (ConfUtils.java:logGet(43)) - raft.server.log.appender.buffer.byte-limit = 33554432 (custom)
2019-10-07 08:28:35,537 [pool-403-thread-1] INFO  server.RaftServerConfigKeys (ConfUtils.java:logGet(43)) - raft.server.log.segment.size.max = 1048576 (custom)
2019-10-07 08:28:35,538 [pool-403-thread-1] INFO  server.RaftServerConfigKeys (ConfUtils.java:logGet(43)) - raft.server.log.segment.cache.num.max = 2 (custom)
2019-10-07 08:28:35,539 [pool-403-thread-1] INFO  segmented.SegmentedRaftLogWorker (SegmentedRaftLogWorker.java:<init>(173)) - new 425a4ecf-96c9-4ed2-9685-9ed857d0c227@group-5E8E1AAA3656-SegmentedRaftLogWorker for RaftStorage:Storage Directory /workdir/hadoop-ozone/integration-test/target/test-dir/MiniOzoneClusterImpl-667fc2db-f272-4918-8834-23ffb7f93011/datanode-2/data/ratis/661a5c54-8f4e-40d0-879a-5e8e1aaa3656
2019-10-07 08:28:35,539 [pool-403-thread-1] INFO  server.RaftServerConfigKeys (ConfUtils.java:logGet(43)) - raft.server.log.queue.byte-limit = 2147483647 (custom)
2019-10-07 08:28:35,539 [pool-403-thread-1] INFO  server.RaftServerConfigKeys (ConfUtils.java:logGet(43)) - raft.server.log.queue.element-limit = 1024 (custom)
2019-10-07 08:28:35,539 [pool-403-thread-1] INFO  server.RaftServerConfigKeys (ConfUtils.java:logGet(43)) - raft.server.log.segment.size.max = 1048576 (custom)
2019-10-07 08:28:35,539 [pool-403-thread-1] INFO  server.RaftServerConfigKeys (ConfUtils.java:logGet(43)) - raft.server.log.preallocated.size = 16384 (custom)
2019-10-07 08:28:35,539 [pool-403-thread-1] INFO  server.RaftServerConfigKeys (ConfUtils.java:logGet(43)) - raft.server.log.write.buffer.size = 33554432 (custom)
2019-10-07 08:28:35,539 [pool-403-thread-1] INFO  server.RaftServerConfigKeys (ConfUtils.java:logGet(43)) - raft.server.log.force.sync.num = 128 (default)
2019-10-07 08:28:35,539 [pool-403-thread-1] INFO  server.RaftServerConfigKeys (ConfUtils.java:logGet(43)) - raft.server.log.statemachine.data.sync = true (default)
2019-10-07 08:28:35,540 [pool-403-thread-1] INFO  server.RaftServerConfigKeys (ConfUtils.java:logGet(43)) - raft.server.log.statemachine.data.sync.timeout = 10s (default)
2019-10-07 08:28:35,540 [pool-403-thread-1] INFO  server.RaftServerConfigKeys (ConfUtils.java:logGet(43)) - raft.server.log.statemachine.data.sync.timeout.retry = -1 (default)
2019-10-07 08:28:35,540 [pool-403-thread-1] INFO  server.RaftServerConfigKeys (ConfUtils.java:logGet(43)) - raft.server.log.statemachine.data.caching.enabled = true (custom)
2019-10-07 08:28:35,540 [pool-403-thread-1] INFO  segmented.SegmentedRaftLogWorker (SegmentedRaftLogWorker.java:lambda$new$0(128)) - 425a4ecf-96c9-4ed2-9685-9ed857d0c227@group-5E8E1AAA3656-SegmentedRaftLogWorker: flushIndex: setUnconditionally 0 -> -1
2019-10-07 08:28:35,541 [pool-403-thread-1] INFO  server.RaftServerConfigKeys (ConfUtils.java:logGet(43)) - raft.server.snapshot.auto.trigger.enabled = true (custom)
2019-10-07 08:28:35,541 [pool-403-thread-1] INFO  server.RaftServerConfigKeys (ConfUtils.java:logGet(43)) - raft.server.snapshot.auto.trigger.threshold = 10000 (custom)
2019-10-07 08:28:35,541 [pool-403-thread-1] INFO  server.RaftServerConfigKeys (ConfUtils.java:logGet(43)) - raft.server.snapshot.retention.file.num = 5 (custom)
2019-10-07 08:28:35,541 [pool-403-thread-1] INFO  server.RaftServerConfigKeys (ConfUtils.java:logGet(43)) - raft.server.retrycache.expirytime = 600000ms (custom)
2019-10-07 08:28:35,542 [pool-403-thread-1] INFO  impl.RaftServerImpl (RaftServerImpl.java:start(181)) - 425a4ecf-96c9-4ed2-9685-9ed857d0c227@group-5E8E1AAA3656: start as a follower, conf=-1: [425a4ecf-96c9-4ed2-9685-9ed857d0c227:192.168.164.251:40961], old=null
2019-10-07 08:28:35,543 [pool-403-thread-1] INFO  impl.RaftServerImpl (RaftServerImpl.java:setRole(170)) - 425a4ecf-96c9-4ed2-9685-9ed857d0c227@group-5E8E1AAA3656: changes role from      null to FOLLOWER at term 0 for startAsFollower
2019-10-07 08:28:35,543 [pool-403-thread-1] INFO  impl.RoleInfo (RoleInfo.java:updateAndGet(143)) - 425a4ecf-96c9-4ed2-9685-9ed857d0c227: start FollowerState
2019-10-07 08:28:35,543 [pool-403-thread-1] INFO  util.JmxRegister (JmxRegister.java:tryRegister(44)) - Successfully registered JMX Bean with object name Ratis:service=RaftServer,group=group-5E8E1AAA3656,id=425a4ecf-96c9-4ed2-9685-9ed857d0c227
2019-10-07 08:28:35,551 [RatisPipelineUtilsThread] INFO  pipeline.PipelineStateManager (PipelineStateManager.java:addPipeline(56)) - Created pipeline Pipeline[ Id: 661a5c54-8f4e-40d0-879a-5e8e1aaa3656, Nodes: 425a4ecf-96c9-4ed2-9685-9ed857d0c227{ip: 192.168.164.251, host: pr-hdds-2239-kl4xt-1424884434, networkLocation: /default-rack, certSerialId: null}, Type:RATIS, Factor:ONE, State:OPEN]
2019-10-07 08:28:35,562 [grpc-default-executor-9] INFO  impl.RaftServerProxy (RaftServerProxy.java:addNew(89)) - 425a4ecf-96c9-4ed2-9685-9ed857d0c227: addNew group-CAC348664D94:[2031bdeb-9386-4f7b-bea6-2032f71edc6e:192.168.164.251:43412, 425a4ecf-96c9-4ed2-9685-9ed857d0c227:192.168.164.251:40961, 64db250c-0595-4dd9-8c8a-c2c488536deb:192.168.164.251:46638] returns group-CAC348664D94:java.util.concurrent.CompletableFuture@56715453[Not completed]
2019-10-07 08:28:35,562 [grpc-default-executor-5] INFO  impl.RaftServerProxy (RaftServerProxy.java:addNew(89)) - 2031bdeb-9386-4f7b-bea6-2032f71edc6e: addNew group-CAC348664D94:[2031bdeb-9386-4f7b-bea6-2032f71edc6e:192.168.164.251:43412, 425a4ecf-96c9-4ed2-9685-9ed857d0c227:192.168.164.251:40961, 64db250c-0595-4dd9-8c8a-c2c488536deb:192.168.164.251:46638] returns group-CAC348664D94:java.util.concurrent.CompletableFuture@138122a5[Not completed]
2019-10-07 08:28:35,562 [grpc-default-executor-9] INFO  impl.RaftServerProxy (RaftServerProxy.java:addNew(89)) - 64db250c-0595-4dd9-8c8a-c2c488536deb: addNew group-CAC348664D94:[2031bdeb-9386-4f7b-bea6-2032f71edc6e:192.168.164.251:43412, 425a4ecf-96c9-4ed2-9685-9ed857d0c227:192.168.164.251:40961, 64db250c-0595-4dd9-8c8a-c2c488536deb:192.168.164.251:46638] returns group-CAC348664D94:java.util.concurrent.CompletableFuture@14975925[Not completed]
2019-10-07 08:28:35,563 [pool-403-thread-1] INFO  impl.RaftServerImpl (RaftServerImpl.java:<init>(95)) - 425a4ecf-96c9-4ed2-9685-9ed857d0c227: new RaftServerImpl for group-CAC348664D94:[2031bdeb-9386-4f7b-bea6-2032f71edc6e:192.168.164.251:43412, 425a4ecf-96c9-4ed2-9685-9ed857d0c227:192.168.164.251:40961, 64db250c-0595-4dd9-8c8a-c2c488536deb:192.168.164.251:46638] with ContainerStateMachine:uninitialized
2019-10-07 08:28:35,563 [pool-403-thread-1] INFO  server.RaftServerConfigKeys (ConfUtils.java:logGet(43)) - raft.server.rpc.timeout.min = 5s (custom)
2019-10-07 08:28:35,563 [pool-403-thread-1] INFO  server.RaftServerConfigKeys (ConfUtils.java:logGet(43)) - raft.server.rpc.timeout.max = 5200ms (custom)
2019-10-07 08:28:35,563 [pool-403-thread-1] INFO  server.RaftServerConfigKeys (ConfUtils.java:logGet(43)) - raft.server.rpcslowness.timeout = 120s (custom)
2019-10-07 08:28:35,563 [pool-403-thread-1] INFO  server.RaftServerConfigKeys (ConfUtils.java:logGet(43)) - raft.server.sleep.deviation.threshold = 300 (default)
2019-10-07 08:28:35,563 [pool-383-thread-1] INFO  impl.RaftServerImpl (RaftServerImpl.java:<init>(95)) - 2031bdeb-9386-4f7b-bea6-2032f71edc6e: new RaftServerImpl for group-CAC348664D94:[2031bdeb-9386-4f7b-bea6-2032f71edc6e:192.168.164.251:43412, 425a4ecf-96c9-4ed2-9685-9ed857d0c227:192.168.164.251:40961, 64db250c-0595-4dd9-8c8a-c2c488536deb:192.168.164.251:46638] with ContainerStateMachine:uninitialized
2019-10-07 08:28:35,563 [pool-403-thread-1] INFO  server.RaftServerConfigKeys (ConfUtils.java:logGet(43)) - raft.server.log.appender.install.snapshot.enabled = false (custom)
2019-10-07 08:28:35,563 [pool-383-thread-1] INFO  server.RaftServerConfigKeys (ConfUtils.java:logGet(43)) - raft.server.rpc.timeout.min = 5s (custom)
2019-10-07 08:28:35,564 [pool-403-thread-1] INFO  impl.RaftServerImpl (ServerState.java:<init>(103)) - 425a4ecf-96c9-4ed2-9685-9ed857d0c227@group-CAC348664D94: ConfigurationManager, init=-1: [2031bdeb-9386-4f7b-bea6-2032f71edc6e:192.168.164.251:43412, 425a4ecf-96c9-4ed2-9685-9ed857d0c227:192.168.164.251:40961, 64db250c-0595-4dd9-8c8a-c2c488536deb:192.168.164.251:46638], old=null, confs=<EMPTY_MAP>
2019-10-07 08:28:35,564 [pool-383-thread-1] INFO  server.RaftServerConfigKeys (ConfUtils.java:logGet(43)) - raft.server.rpc.timeout.max = 5200ms (custom)
2019-10-07 08:28:35,564 [pool-393-thread-1] INFO  impl.RaftServerImpl (RaftServerImpl.java:<init>(95)) - 64db250c-0595-4dd9-8c8a-c2c488536deb: new RaftServerImpl for group-CAC348664D94:[2031bdeb-9386-4f7b-bea6-2032f71edc6e:192.168.164.251:43412, 425a4ecf-96c9-4ed2-9685-9ed857d0c227:192.168.164.251:40961, 64db250c-0595-4dd9-8c8a-c2c488536deb:192.168.164.251:46638] with ContainerStateMachine:uninitialized
2019-10-07 08:28:35,564 [pool-403-thread-1] INFO  server.RaftServerConfigKeys (ConfUtils.java:logGet(43)) - raft.server.storage.dir = [/workdir/hadoop-ozone/integration-test/target/test-dir/MiniOzoneClusterImpl-667fc2db-f272-4918-8834-23ffb7f93011/datanode-2/data/ratis] (custom)
2019-10-07 08:28:35,564 [pool-393-thread-1] INFO  server.RaftServerConfigKeys (ConfUtils.java:logGet(43)) - raft.server.rpc.timeout.min = 5s (custom)
2019-10-07 08:28:35,564 [pool-383-thread-1] INFO  server.RaftServerConfigKeys (ConfUtils.java:logGet(43)) - raft.server.rpcslowness.timeout = 120s (custom)
2019-10-07 08:28:35,564 [pool-403-thread-1] INFO  server.RaftServerConfigKeys (ConfUtils.java:logGet(43)) - raft.server.log.corruption.policy = EXCEPTION (default)
2019-10-07 08:28:35,564 [pool-393-thread-1] INFO  server.RaftServerConfigKeys (ConfUtils.java:logGet(43)) - raft.server.rpc.timeout.max = 5200ms (custom)
2019-10-07 08:28:35,564 [pool-403-thread-1] INFO  storage.RaftStorageDirectory (RaftStorageDirectory.java:analyzeStorage(246)) - The storage directory /workdir/hadoop-ozone/integration-test/target/test-dir/MiniOzoneClusterImpl-667fc2db-f272-4918-8834-23ffb7f93011/datanode-2/data/ratis/b6dd3881-99a5-4f8b-a5e6-cac348664d94 does not exist. Creating ...
2019-10-07 08:28:35,564 [pool-383-thread-1] INFO  server.RaftServerConfigKeys (ConfUtils.java:logGet(43)) - raft.server.sleep.deviation.threshold = 300 (default)
2019-10-07 08:28:35,565 [pool-393-thread-1] INFO  server.RaftServerConfigKeys (ConfUtils.java:logGet(43)) - raft.server.rpcslowness.timeout = 120s (custom)
2019-10-07 08:28:35,565 [pool-383-thread-1] INFO  server.RaftServerConfigKeys (ConfUtils.java:logGet(43)) - raft.server.log.appender.install.snapshot.enabled = false (custom)
2019-10-07 08:28:35,565 [pool-393-thread-1] INFO  server.RaftServerConfigKeys (ConfUtils.java:logGet(43)) - raft.server.sleep.deviation.threshold = 300 (default)
2019-10-07 08:28:35,565 [pool-383-thread-1] INFO  impl.RaftServerImpl (ServerState.java:<init>(103)) - 2031bdeb-9386-4f7b-bea6-2032f71edc6e@group-CAC348664D94: ConfigurationManager, init=-1: [2031bdeb-9386-4f7b-bea6-2032f71edc6e:192.168.164.251:43412, 425a4ecf-96c9-4ed2-9685-9ed857d0c227:192.168.164.251:40961, 64db250c-0595-4dd9-8c8a-c2c488536deb:192.168.164.251:46638], old=null, confs=<EMPTY_MAP>
2019-10-07 08:28:35,565 [pool-393-thread-1] INFO  server.RaftServerConfigKeys (ConfUtils.java:logGet(43)) - raft.server.log.appender.install.snapshot.enabled = false (custom)
2019-10-07 08:28:35,565 [pool-383-thread-1] INFO  server.RaftServerConfigKeys (ConfUtils.java:logGet(43)) - raft.server.storage.dir = [/workdir/hadoop-ozone/integration-test/target/test-dir/MiniOzoneClusterImpl-667fc2db-f272-4918-8834-23ffb7f93011/datanode-0/data/ratis] (custom)
2019-10-07 08:28:35,565 [pool-393-thread-1] INFO  impl.RaftServerImpl (ServerState.java:<init>(103)) - 64db250c-0595-4dd9-8c8a-c2c488536deb@group-CAC348664D94: ConfigurationManager, init=-1: [2031bdeb-9386-4f7b-bea6-2032f71edc6e:192.168.164.251:43412, 425a4ecf-96c9-4ed2-9685-9ed857d0c227:192.168.164.251:40961, 64db250c-0595-4dd9-8c8a-c2c488536deb:192.168.164.251:46638], old=null, confs=<EMPTY_MAP>
2019-10-07 08:28:35,566 [pool-393-thread-1] INFO  server.RaftServerConfigKeys (ConfUtils.java:logGet(43)) - raft.server.storage.dir = [/workdir/hadoop-ozone/integration-test/target/test-dir/MiniOzoneClusterImpl-667fc2db-f272-4918-8834-23ffb7f93011/datanode-1/data/ratis] (custom)
2019-10-07 08:28:35,566 [pool-383-thread-1] INFO  server.RaftServerConfigKeys (ConfUtils.java:logGet(43)) - raft.server.log.corruption.policy = EXCEPTION (default)
2019-10-07 08:28:35,566 [pool-393-thread-1] INFO  server.RaftServerConfigKeys (ConfUtils.java:logGet(43)) - raft.server.log.corruption.policy = EXCEPTION (default)
2019-10-07 08:28:35,566 [pool-383-thread-1] INFO  storage.RaftStorageDirectory (RaftStorageDirectory.java:analyzeStorage(246)) - The storage directory /workdir/hadoop-ozone/integration-test/target/test-dir/MiniOzoneClusterImpl-667fc2db-f272-4918-8834-23ffb7f93011/datanode-0/data/ratis/b6dd3881-99a5-4f8b-a5e6-cac348664d94 does not exist. Creating ...
2019-10-07 08:28:35,566 [pool-393-thread-1] INFO  storage.RaftStorageDirectory (RaftStorageDirectory.java:analyzeStorage(246)) - The storage directory /workdir/hadoop-ozone/integration-test/target/test-dir/MiniOzoneClusterImpl-667fc2db-f272-4918-8834-23ffb7f93011/datanode-1/data/ratis/b6dd3881-99a5-4f8b-a5e6-cac348664d94 does not exist. Creating ...
2019-10-07 08:28:35,578 [pool-403-thread-1] INFO  storage.RaftStorageDirectory (RaftStorageDirectory.java:tryLock(328)) - Lock on /workdir/hadoop-ozone/integration-test/target/test-dir/MiniOzoneClusterImpl-667fc2db-f272-4918-8834-23ffb7f93011/datanode-2/data/ratis/b6dd3881-99a5-4f8b-a5e6-cac348664d94/in_use.lock acquired by nodename 13710@pr-hdds-2239-kl4xt-1424884434
2019-10-07 08:28:35,578 [pool-383-thread-1] INFO  storage.RaftStorageDirectory (RaftStorageDirectory.java:tryLock(328)) - Lock on /workdir/hadoop-ozone/integration-test/target/test-dir/MiniOzoneClusterImpl-667fc2db-f272-4918-8834-23ffb7f93011/datanode-0/data/ratis/b6dd3881-99a5-4f8b-a5e6-cac348664d94/in_use.lock acquired by nodename 13710@pr-hdds-2239-kl4xt-1424884434
2019-10-07 08:28:35,578 [pool-393-thread-1] INFO  storage.RaftStorageDirectory (RaftStorageDirectory.java:tryLock(328)) - Lock on /workdir/hadoop-ozone/integration-test/target/test-dir/MiniOzoneClusterImpl-667fc2db-f272-4918-8834-23ffb7f93011/datanode-1/data/ratis/b6dd3881-99a5-4f8b-a5e6-cac348664d94/in_use.lock acquired by nodename 13710@pr-hdds-2239-kl4xt-1424884434
2019-10-07 08:28:35,602 [pool-403-thread-1] INFO  storage.RaftStorage (RaftStorage.java:format(84)) - Storage directory /workdir/hadoop-ozone/integration-test/target/test-dir/MiniOzoneClusterImpl-667fc2db-f272-4918-8834-23ffb7f93011/datanode-2/data/ratis/b6dd3881-99a5-4f8b-a5e6-cac348664d94 has been successfully formatted.
2019-10-07 08:28:35,603 [pool-383-thread-1] INFO  storage.RaftStorage (RaftStorage.java:format(84)) - Storage directory /workdir/hadoop-ozone/integration-test/target/test-dir/MiniOzoneClusterImpl-667fc2db-f272-4918-8834-23ffb7f93011/datanode-0/data/ratis/b6dd3881-99a5-4f8b-a5e6-cac348664d94 has been successfully formatted.
2019-10-07 08:28:35,603 [pool-393-thread-1] INFO  storage.RaftStorage (RaftStorage.java:format(84)) - Storage directory /workdir/hadoop-ozone/integration-test/target/test-dir/MiniOzoneClusterImpl-667fc2db-f272-4918-8834-23ffb7f93011/datanode-1/data/ratis/b6dd3881-99a5-4f8b-a5e6-cac348664d94 has been successfully formatted.
2019-10-07 08:28:35,603 [pool-383-thread-1] INFO  ratis.ContainerStateMachine (ContainerStateMachine.java:loadSnapshot(231)) - group-CAC348664D94: The snapshot info is null. Setting the last applied indexto:(t:0, i:~)
2019-10-07 08:28:35,603 [pool-403-thread-1] INFO  ratis.ContainerStateMachine (ContainerStateMachine.java:loadSnapshot(231)) - group-CAC348664D94: The snapshot info is null. Setting the last applied indexto:(t:0, i:~)
2019-10-07 08:28:35,603 [pool-383-thread-1] INFO  server.RaftServerConfigKeys (ConfUtils.java:logGet(43)) - raft.server.notification.no-leader.timeout = 120s (custom)
2019-10-07 08:28:35,603 [pool-393-thread-1] INFO  ratis.ContainerStateMachine (ContainerStateMachine.java:loadSnapshot(231)) - group-CAC348664D94: The snapshot info is null. Setting the last applied indexto:(t:0, i:~)
2019-10-07 08:28:35,603 [pool-383-thread-1] INFO  server.RaftServerConfigKeys (ConfUtils.java:logGet(43)) - raft.server.log.use.memory = false (default)
2019-10-07 08:28:35,603 [pool-403-thread-1] INFO  server.RaftServerConfigKeys (ConfUtils.java:logGet(43)) - raft.server.notification.no-leader.timeout = 120s (custom)
2019-10-07 08:28:35,603 [pool-383-thread-1] INFO  server.RaftServerConfigKeys (ConfUtils.java:logGet(43)) - raft.server.log.purge.gap = 1000000 (custom)
2019-10-07 08:28:35,603 [pool-393-thread-1] INFO  server.RaftServerConfigKeys (ConfUtils.java:logGet(43)) - raft.server.notification.no-leader.timeout = 120s (custom)
2019-10-07 08:28:35,604 [pool-383-thread-1] INFO  server.RaftServerConfigKeys (ConfUtils.java:logGet(43)) - raft.server.log.appender.buffer.byte-limit = 33554432 (custom)
2019-10-07 08:28:35,603 [pool-403-thread-1] INFO  server.RaftServerConfigKeys (ConfUtils.java:logGet(43)) - raft.server.log.use.memory = false (default)
2019-10-07 08:28:35,604 [pool-383-thread-1] INFO  server.RaftServerConfigKeys (ConfUtils.java:logGet(43)) - raft.server.log.segment.size.max = 1048576 (custom)
2019-10-07 08:28:35,604 [pool-393-thread-1] INFO  server.RaftServerConfigKeys (ConfUtils.java:logGet(43)) - raft.server.log.use.memory = false (default)
2019-10-07 08:28:35,604 [pool-383-thread-1] INFO  server.RaftServerConfigKeys (ConfUtils.java:logGet(43)) - raft.server.log.segment.cache.num.max = 2 (custom)
2019-10-07 08:28:35,604 [pool-403-thread-1] INFO  server.RaftServerConfigKeys (ConfUtils.java:logGet(43)) - raft.server.log.purge.gap = 1000000 (custom)
2019-10-07 08:28:35,604 [pool-383-thread-1] INFO  segmented.SegmentedRaftLogWorker (SegmentedRaftLogWorker.java:<init>(173)) - new 2031bdeb-9386-4f7b-bea6-2032f71edc6e@group-CAC348664D94-SegmentedRaftLogWorker for RaftStorage:Storage Directory /workdir/hadoop-ozone/integration-test/target/test-dir/MiniOzoneClusterImpl-667fc2db-f272-4918-8834-23ffb7f93011/datanode-0/data/ratis/b6dd3881-99a5-4f8b-a5e6-cac348664d94
2019-10-07 08:28:35,604 [pool-393-thread-1] INFO  server.RaftServerConfigKeys (ConfUtils.java:logGet(43)) - raft.server.log.purge.gap = 1000000 (custom)
2019-10-07 08:28:35,604 [pool-383-thread-1] INFO  server.RaftServerConfigKeys (ConfUtils.java:logGet(43)) - raft.server.log.queue.byte-limit = 2147483647 (custom)
2019-10-07 08:28:35,604 [pool-403-thread-1] INFO  server.RaftServerConfigKeys (ConfUtils.java:logGet(43)) - raft.server.log.appender.buffer.byte-limit = 33554432 (custom)
2019-10-07 08:28:35,605 [pool-383-thread-1] INFO  server.RaftServerConfigKeys (ConfUtils.java:logGet(43)) - raft.server.log.queue.element-limit = 1024 (custom)
2019-10-07 08:28:35,605 [IPC Server handler 5 on 38371] INFO  net.NetworkTopology (NetworkTopologyImpl.java:add(111)) - Added a new node: /default-rack/054ad7fb-3faf-4a48-9eee-1579d5b1c1d4
2019-10-07 08:28:35,605 [pool-393-thread-1] INFO  server.RaftServerConfigKeys (ConfUtils.java:logGet(43)) - raft.server.log.appender.buffer.byte-limit = 33554432 (custom)
2019-10-07 08:28:35,605 [IPC Server handler 5 on 38371] INFO  node.SCMNodeManager (SCMNodeManager.java:register(268)) - Registered Data node : 054ad7fb-3faf-4a48-9eee-1579d5b1c1d4{ip: 192.168.164.251, host: pr-hdds-2239-kl4xt-1424884434, networkLocation: /default-rack, certSerialId: null}
2019-10-07 08:28:35,605 [pool-383-thread-1] INFO  server.RaftServerConfigKeys (ConfUtils.java:logGet(43)) - raft.server.log.segment.size.max = 1048576 (custom)
2019-10-07 08:28:35,605 [pool-403-thread-1] INFO  server.RaftServerConfigKeys (ConfUtils.java:logGet(43)) - raft.server.log.segment.size.max = 1048576 (custom)
2019-10-07 08:28:35,605 [pool-383-thread-1] INFO  server.RaftServerConfigKeys (ConfUtils.java:logGet(43)) - raft.server.log.preallocated.size = 16384 (custom)
2019-10-07 08:28:35,605 [pool-393-thread-1] INFO  server.RaftServerConfigKeys (ConfUtils.java:logGet(43)) - raft.server.log.segment.size.max = 1048576 (custom)
2019-10-07 08:28:35,606 [pool-383-thread-1] INFO  server.RaftServerConfigKeys (ConfUtils.java:logGet(43)) - raft.server.log.write.buffer.size = 33554432 (custom)
2019-10-07 08:28:35,606 [pool-403-thread-1] INFO  server.RaftServerConfigKeys (ConfUtils.java:logGet(43)) - raft.server.log.segment.cache.num.max = 2 (custom)
2019-10-07 08:28:35,606 [pool-383-thread-1] INFO  server.RaftServerConfigKeys (ConfUtils.java:logGet(43)) - raft.server.log.force.sync.num = 128 (default)
2019-10-07 08:28:35,606 [pool-393-thread-1] INFO  server.RaftServerConfigKeys (ConfUtils.java:logGet(43)) - raft.server.log.segment.cache.num.max = 2 (custom)
2019-10-07 08:28:35,606 [pool-383-thread-1] INFO  server.RaftServerConfigKeys (ConfUtils.java:logGet(43)) - raft.server.log.statemachine.data.sync = true (default)
2019-10-07 08:28:35,606 [pool-403-thread-1] INFO  segmented.SegmentedRaftLogWorker (SegmentedRaftLogWorker.java:<init>(173)) - new 425a4ecf-96c9-4ed2-9685-9ed857d0c227@group-CAC348664D94-SegmentedRaftLogWorker for RaftStorage:Storage Directory /workdir/hadoop-ozone/integration-test/target/test-dir/MiniOzoneClusterImpl-667fc2db-f272-4918-8834-23ffb7f93011/datanode-2/data/ratis/b6dd3881-99a5-4f8b-a5e6-cac348664d94
2019-10-07 08:28:35,606 [pool-383-thread-1] INFO  server.RaftServerConfigKeys (ConfUtils.java:logGet(43)) - raft.server.log.statemachine.data.sync.timeout = 10s (default)
2019-10-07 08:28:35,606 [pool-393-thread-1] INFO  segmented.SegmentedRaftLogWorker (SegmentedRaftLogWorker.java:<init>(173)) - new 64db250c-0595-4dd9-8c8a-c2c488536deb@group-CAC348664D94-SegmentedRaftLogWorker for RaftStorage:Storage Directory /workdir/hadoop-ozone/integration-test/target/test-dir/MiniOzoneClusterImpl-667fc2db-f272-4918-8834-23ffb7f93011/datanode-1/data/ratis/b6dd3881-99a5-4f8b-a5e6-cac348664d94
2019-10-07 08:28:35,607 [pool-383-thread-1] INFO  server.RaftServerConfigKeys (ConfUtils.java:logGet(43)) - raft.server.log.statemachine.data.sync.timeout.retry = -1 (default)
2019-10-07 08:28:35,606 [pool-403-thread-1] INFO  server.RaftServerConfigKeys (ConfUtils.java:logGet(43)) - raft.server.log.queue.byte-limit = 2147483647 (custom)
2019-10-07 08:28:35,607 [pool-383-thread-1] INFO  server.RaftServerConfigKeys (ConfUtils.java:logGet(43)) - raft.server.log.statemachine.data.caching.enabled = true (custom)
2019-10-07 08:28:35,607 [pool-393-thread-1] INFO  server.RaftServerConfigKeys (ConfUtils.java:logGet(43)) - raft.server.log.queue.byte-limit = 2147483647 (custom)
2019-10-07 08:28:35,607 [pool-403-thread-1] INFO  server.RaftServerConfigKeys (ConfUtils.java:logGet(43)) - raft.server.log.queue.element-limit = 1024 (custom)
2019-10-07 08:28:35,607 [pool-383-thread-1] INFO  segmented.SegmentedRaftLogWorker (SegmentedRaftLogWorker.java:lambda$new$0(128)) - 2031bdeb-9386-4f7b-bea6-2032f71edc6e@group-CAC348664D94-SegmentedRaftLogWorker: flushIndex: setUnconditionally 0 -> -1
2019-10-07 08:28:35,607 [pool-393-thread-1] INFO  server.RaftServerConfigKeys (ConfUtils.java:logGet(43)) - raft.server.log.queue.element-limit = 1024 (custom)
2019-10-07 08:28:35,607 [pool-403-thread-1] INFO  server.RaftServerConfigKeys (ConfUtils.java:logGet(43)) - raft.server.log.segment.size.max = 1048576 (custom)
2019-10-07 08:28:35,607 [pool-393-thread-1] INFO  server.RaftServerConfigKeys (ConfUtils.java:logGet(43)) - raft.server.log.segment.size.max = 1048576 (custom)
2019-10-07 08:28:35,607 [pool-383-thread-1] INFO  server.RaftServerConfigKeys (ConfUtils.java:logGet(43)) - raft.server.snapshot.auto.trigger.enabled = true (custom)
2019-10-07 08:28:35,608 [pool-393-thread-1] INFO  server.RaftServerConfigKeys (ConfUtils.java:logGet(43)) - raft.server.log.preallocated.size = 16384 (custom)
2019-10-07 08:28:35,608 [pool-403-thread-1] INFO  server.RaftServerConfigKeys (ConfUtils.java:logGet(43)) - raft.server.log.preallocated.size = 16384 (custom)
2019-10-07 08:28:35,608 [pool-393-thread-1] INFO  server.RaftServerConfigKeys (ConfUtils.java:logGet(43)) - raft.server.log.write.buffer.size = 33554432 (custom)
2019-10-07 08:28:35,608 [pool-383-thread-1] INFO  server.RaftServerConfigKeys (ConfUtils.java:logGet(43)) - raft.server.snapshot.auto.trigger.threshold = 10000 (custom)
2019-10-07 08:28:35,608 [pool-393-thread-1] INFO  server.RaftServerConfigKeys (ConfUtils.java:logGet(43)) - raft.server.log.force.sync.num = 128 (default)
2019-10-07 08:28:35,608 [pool-403-thread-1] INFO  server.RaftServerConfigKeys (ConfUtils.java:logGet(43)) - raft.server.log.write.buffer.size = 33554432 (custom)
2019-10-07 08:28:35,608 [pool-393-thread-1] INFO  server.RaftServerConfigKeys (ConfUtils.java:logGet(43)) - raft.server.log.statemachine.data.sync = true (default)
2019-10-07 08:28:35,608 [pool-383-thread-1] INFO  server.RaftServerConfigKeys (ConfUtils.java:logGet(43)) - raft.server.snapshot.retention.file.num = 5 (custom)
2019-10-07 08:28:35,608 [pool-393-thread-1] INFO  server.RaftServerConfigKeys (ConfUtils.java:logGet(43)) - raft.server.log.statemachine.data.sync.timeout = 10s (default)
2019-10-07 08:28:35,608 [pool-403-thread-1] INFO  server.RaftServerConfigKeys (ConfUtils.java:logGet(43)) - raft.server.log.force.sync.num = 128 (default)
2019-10-07 08:28:35,609 [pool-383-thread-1] INFO  server.RaftServerConfigKeys (ConfUtils.java:logGet(43)) - raft.server.retrycache.expirytime = 600000ms (custom)
2019-10-07 08:28:35,609 [pool-393-thread-1] INFO  server.RaftServerConfigKeys (ConfUtils.java:logGet(43)) - raft.server.log.statemachine.data.sync.timeout.retry = -1 (default)
2019-10-07 08:28:35,609 [pool-403-thread-1] INFO  server.RaftServerConfigKeys (ConfUtils.java:logGet(43)) - raft.server.log.statemachine.data.sync = true (default)
2019-10-07 08:28:35,609 [pool-393-thread-1] INFO  server.RaftServerConfigKeys (ConfUtils.java:logGet(43)) - raft.server.log.statemachine.data.caching.enabled = true (custom)
2019-10-07 08:28:35,609 [pool-403-thread-1] INFO  server.RaftServerConfigKeys (ConfUtils.java:logGet(43)) - raft.server.log.statemachine.data.sync.timeout = 10s (default)
2019-10-07 08:28:35,609 [pool-393-thread-1] INFO  segmented.SegmentedRaftLogWorker (SegmentedRaftLogWorker.java:lambda$new$0(128)) - 64db250c-0595-4dd9-8c8a-c2c488536deb@group-CAC348664D94-SegmentedRaftLogWorker: flushIndex: setUnconditionally 0 -> -1
2019-10-07 08:28:35,609 [pool-403-thread-1] INFO  server.RaftServerConfigKeys (ConfUtils.java:logGet(43)) - raft.server.log.statemachine.data.sync.timeout.retry = -1 (default)
2019-10-07 08:28:35,610 [pool-393-thread-1] INFO  server.RaftServerConfigKeys (ConfUtils.java:logGet(43)) - raft.server.snapshot.auto.trigger.enabled = true (custom)
2019-10-07 08:28:35,610 [pool-403-thread-1] INFO  server.RaftServerConfigKeys (ConfUtils.java:logGet(43)) - raft.server.log.statemachine.data.caching.enabled = true (custom)
2019-10-07 08:28:35,610 [pool-393-thread-1] INFO  server.RaftServerConfigKeys (ConfUtils.java:logGet(43)) - raft.server.snapshot.auto.trigger.threshold = 10000 (custom)
2019-10-07 08:28:35,610 [pool-403-thread-1] INFO  segmented.SegmentedRaftLogWorker (SegmentedRaftLogWorker.java:lambda$new$0(128)) - 425a4ecf-96c9-4ed2-9685-9ed857d0c227@group-CAC348664D94-SegmentedRaftLogWorker: flushIndex: setUnconditionally 0 -> -1
2019-10-07 08:28:35,610 [pool-393-thread-1] INFO  server.RaftServerConfigKeys (ConfUtils.java:logGet(43)) - raft.server.snapshot.retention.file.num = 5 (custom)
2019-10-07 08:28:35,610 [pool-383-thread-1] INFO  impl.RaftServerImpl (RaftServerImpl.java:start(181)) - 2031bdeb-9386-4f7b-bea6-2032f71edc6e@group-CAC348664D94: start as a follower, conf=-1: [2031bdeb-9386-4f7b-bea6-2032f71edc6e:192.168.164.251:43412, 425a4ecf-96c9-4ed2-9685-9ed857d0c227:192.168.164.251:40961, 64db250c-0595-4dd9-8c8a-c2c488536deb:192.168.164.251:46638], old=null
2019-10-07 08:28:35,610 [pool-393-thread-1] INFO  server.RaftServerConfigKeys (ConfUtils.java:logGet(43)) - raft.server.retrycache.expirytime = 600000ms (custom)
2019-10-07 08:28:35,610 [pool-403-thread-1] INFO  server.RaftServerConfigKeys (ConfUtils.java:logGet(43)) - raft.server.snapshot.auto.trigger.enabled = true (custom)
2019-10-07 08:28:35,610 [pool-383-thread-1] INFO  impl.RaftServerImpl (RaftServerImpl.java:setRole(170)) - 2031bdeb-9386-4f7b-bea6-2032f71edc6e@group-CAC348664D94: changes role from      null to FOLLOWER at term 0 for startAsFollower
2019-10-07 08:28:35,610 [pool-403-thread-1] INFO  server.RaftServerConfigKeys (ConfUtils.java:logGet(43)) - raft.server.snapshot.auto.trigger.threshold = 10000 (custom)
2019-10-07 08:28:35,610 [pool-383-thread-1] INFO  impl.RoleInfo (RoleInfo.java:updateAndGet(143)) - 2031bdeb-9386-4f7b-bea6-2032f71edc6e: start FollowerState
2019-10-07 08:28:35,611 [pool-403-thread-1] INFO  server.RaftServerConfigKeys (ConfUtils.java:logGet(43)) - raft.server.snapshot.retention.file.num = 5 (custom)
2019-10-07 08:28:35,611 [pool-403-thread-1] INFO  server.RaftServerConfigKeys (ConfUtils.java:logGet(43)) - raft.server.retrycache.expirytime = 600000ms (custom)
2019-10-07 08:28:35,611 [pool-383-thread-1] INFO  util.JmxRegister (JmxRegister.java:tryRegister(44)) - Successfully registered JMX Bean with object name Ratis:service=RaftServer,group=group-CAC348664D94,id=2031bdeb-9386-4f7b-bea6-2032f71edc6e
2019-10-07 08:28:35,612 [pool-393-thread-1] INFO  impl.RaftServerImpl (RaftServerImpl.java:start(181)) - 64db250c-0595-4dd9-8c8a-c2c488536deb@group-CAC348664D94: start as a follower, conf=-1: [2031bdeb-9386-4f7b-bea6-2032f71edc6e:192.168.164.251:43412, 425a4ecf-96c9-4ed2-9685-9ed857d0c227:192.168.164.251:40961, 64db250c-0595-4dd9-8c8a-c2c488536deb:192.168.164.251:46638], old=null
2019-10-07 08:28:35,612 [pool-393-thread-1] INFO  impl.RaftServerImpl (RaftServerImpl.java:setRole(170)) - 64db250c-0595-4dd9-8c8a-c2c488536deb@group-CAC348664D94: changes role from      null to FOLLOWER at term 0 for startAsFollower
2019-10-07 08:28:35,612 [pool-393-thread-1] INFO  impl.RoleInfo (RoleInfo.java:updateAndGet(143)) - 64db250c-0595-4dd9-8c8a-c2c488536deb: start FollowerState
2019-10-07 08:28:35,613 [pool-393-thread-1] INFO  util.JmxRegister (JmxRegister.java:tryRegister(44)) - Successfully registered JMX Bean with object name Ratis:service=RaftServer,group=group-CAC348664D94,id=64db250c-0595-4dd9-8c8a-c2c488536deb
2019-10-07 08:28:35,613 [pool-403-thread-1] INFO  impl.RaftServerImpl (RaftServerImpl.java:start(181)) - 425a4ecf-96c9-4ed2-9685-9ed857d0c227@group-CAC348664D94: start as a follower, conf=-1: [2031bdeb-9386-4f7b-bea6-2032f71edc6e:192.168.164.251:43412, 425a4ecf-96c9-4ed2-9685-9ed857d0c227:192.168.164.251:40961, 64db250c-0595-4dd9-8c8a-c2c488536deb:192.168.164.251:46638], old=null
2019-10-07 08:28:35,613 [pool-403-thread-1] INFO  impl.RaftServerImpl (RaftServerImpl.java:setRole(170)) - 425a4ecf-96c9-4ed2-9685-9ed857d0c227@group-CAC348664D94: changes role from      null to FOLLOWER at term 0 for startAsFollower
2019-10-07 08:28:35,614 [pool-403-thread-1] INFO  impl.RoleInfo (RoleInfo.java:updateAndGet(143)) - 425a4ecf-96c9-4ed2-9685-9ed857d0c227: start FollowerState
2019-10-07 08:28:35,614 [pool-403-thread-1] INFO  util.JmxRegister (JmxRegister.java:tryRegister(44)) - Successfully registered JMX Bean with object name Ratis:service=RaftServer,group=group-CAC348664D94,id=425a4ecf-96c9-4ed2-9685-9ed857d0c227
2019-10-07 08:28:35,627 [RatisPipelineUtilsThread] INFO  pipeline.PipelineStateManager (PipelineStateManager.java:addPipeline(56)) - Created pipeline Pipeline[ Id: b6dd3881-99a5-4f8b-a5e6-cac348664d94, Nodes: 2031bdeb-9386-4f7b-bea6-2032f71edc6e{ip: 192.168.164.251, host: pr-hdds-2239-kl4xt-1424884434, networkLocation: /default-rack, certSerialId: null}425a4ecf-96c9-4ed2-9685-9ed857d0c227{ip: 192.168.164.251, host: pr-hdds-2239-kl4xt-1424884434, networkLocation: /default-rack, certSerialId: null}64db250c-0595-4dd9-8c8a-c2c488536deb{ip: 192.168.164.251, host: pr-hdds-2239-kl4xt-1424884434, networkLocation: /default-rack, certSerialId: null}, Type:RATIS, Factor:THREE, State:OPEN]
2019-10-07 08:28:35,682 [Thread-2332] INFO  client.GrpcClientProtocolService (GrpcClientProtocolService.java:lambda$processClientRequest$0(278)) - Failed RaftClientRequest:client-BF8D4CED6621->19854c93-6789-4a4b-baec-170f8e9dd2d3@group-85450239316C, cid=68, seq=0, Watch-MAJORITY_COMMITTED(16), Message:<EMPTY>, reply=RaftClientReply:client-BF8D4CED6621->19854c93-6789-4a4b-baec-170f8e9dd2d3@group-85450239316C, cid=68, FAILED org.apache.ratis.protocol.NotReplicatedException: Request with call Id 68 and log index 16 is not yet replicated to MAJORITY_COMMITTED, logIndex=16, commits[19854c93-6789-4a4b-baec-170f8e9dd2d3:c2, 2aa6f7b3-a59e-4058-8af2-5381ad6af7db:c2, 1220f68b-22f9-43b7-8239-f0ea73c643e6:c2]
2019-10-07 08:28:35,730 [IPC Server handler 1 on 38371] INFO  net.NetworkTopology (NetworkTopologyImpl.java:add(111)) - Added a new node: /default-rack/fc6b6745-f54d-4d11-8d76-ab058d7202a3
2019-10-07 08:28:35,735 [IPC Server handler 1 on 38371] INFO  node.SCMNodeManager (SCMNodeManager.java:register(268)) - Registered Data node : fc6b6745-f54d-4d11-8d76-ab058d7202a3{ip: 192.168.164.251, host: pr-hdds-2239-kl4xt-1424884434, networkLocation: /default-rack, certSerialId: null}
2019-10-07 08:28:35,742 [grpc-default-executor-9] INFO  impl.RaftServerProxy (RaftServerProxy.java:addNew(89)) - fc6b6745-f54d-4d11-8d76-ab058d7202a3: addNew group-FE944B96C86D:[fc6b6745-f54d-4d11-8d76-ab058d7202a3:192.168.164.251:41742] returns group-FE944B96C86D:java.util.concurrent.CompletableFuture@659bf47d[Not completed]
2019-10-07 08:28:35,747 [pool-423-thread-1] INFO  impl.RaftServerImpl (RaftServerImpl.java:<init>(95)) - fc6b6745-f54d-4d11-8d76-ab058d7202a3: new RaftServerImpl for group-FE944B96C86D:[fc6b6745-f54d-4d11-8d76-ab058d7202a3:192.168.164.251:41742] with ContainerStateMachine:uninitialized
2019-10-07 08:28:35,747 [pool-423-thread-1] INFO  server.RaftServerConfigKeys (ConfUtils.java:logGet(43)) - raft.server.rpc.timeout.min = 5s (custom)
2019-10-07 08:28:35,748 [pool-423-thread-1] INFO  server.RaftServerConfigKeys (ConfUtils.java:logGet(43)) - raft.server.rpc.timeout.max = 5200ms (custom)
2019-10-07 08:28:35,748 [pool-423-thread-1] INFO  server.RaftServerConfigKeys (ConfUtils.java:logGet(43)) - raft.server.rpcslowness.timeout = 120s (custom)
2019-10-07 08:28:35,748 [pool-423-thread-1] INFO  server.RaftServerConfigKeys (ConfUtils.java:logGet(43)) - raft.server.sleep.deviation.threshold = 300 (default)
2019-10-07 08:28:35,748 [pool-423-thread-1] INFO  server.RaftServerConfigKeys (ConfUtils.java:logGet(43)) - raft.server.log.appender.install.snapshot.enabled = false (custom)
2019-10-07 08:28:35,748 [pool-423-thread-1] INFO  impl.RaftServerImpl (ServerState.java:<init>(103)) - fc6b6745-f54d-4d11-8d76-ab058d7202a3@group-FE944B96C86D: ConfigurationManager, init=-1: [fc6b6745-f54d-4d11-8d76-ab058d7202a3:192.168.164.251:41742], old=null, confs=<EMPTY_MAP>
2019-10-07 08:28:35,748 [pool-423-thread-1] INFO  server.RaftServerConfigKeys (ConfUtils.java:logGet(43)) - raft.server.storage.dir = [/workdir/hadoop-ozone/integration-test/target/test-dir/MiniOzoneClusterImpl-667fc2db-f272-4918-8834-23ffb7f93011/datanode-4/data/ratis] (custom)
2019-10-07 08:28:35,748 [pool-423-thread-1] INFO  server.RaftServerConfigKeys (ConfUtils.java:logGet(43)) - raft.server.log.corruption.policy = EXCEPTION (default)
2019-10-07 08:28:35,749 [pool-423-thread-1] INFO  storage.RaftStorageDirectory (RaftStorageDirectory.java:analyzeStorage(246)) - The storage directory /workdir/hadoop-ozone/integration-test/target/test-dir/MiniOzoneClusterImpl-667fc2db-f272-4918-8834-23ffb7f93011/datanode-4/data/ratis/1454d6ba-5493-42c8-a64b-fe944b96c86d does not exist. Creating ...
2019-10-07 08:28:35,771 [pool-423-thread-1] INFO  storage.RaftStorageDirectory (RaftStorageDirectory.java:tryLock(328)) - Lock on /workdir/hadoop-ozone/integration-test/target/test-dir/MiniOzoneClusterImpl-667fc2db-f272-4918-8834-23ffb7f93011/datanode-4/data/ratis/1454d6ba-5493-42c8-a64b-fe944b96c86d/in_use.lock acquired by nodename 13710@pr-hdds-2239-kl4xt-1424884434
2019-10-07 08:28:35,801 [pool-423-thread-1] INFO  storage.RaftStorage (RaftStorage.java:format(84)) - Storage directory /workdir/hadoop-ozone/integration-test/target/test-dir/MiniOzoneClusterImpl-667fc2db-f272-4918-8834-23ffb7f93011/datanode-4/data/ratis/1454d6ba-5493-42c8-a64b-fe944b96c86d has been successfully formatted.
2019-10-07 08:28:35,802 [pool-423-thread-1] INFO  ratis.ContainerStateMachine (ContainerStateMachine.java:loadSnapshot(231)) - group-FE944B96C86D: The snapshot info is null. Setting the last applied indexto:(t:0, i:~)
2019-10-07 08:28:35,802 [pool-423-thread-1] INFO  server.RaftServerConfigKeys (ConfUtils.java:logGet(43)) - raft.server.notification.no-leader.timeout = 120s (custom)
2019-10-07 08:28:35,802 [pool-423-thread-1] INFO  server.RaftServerConfigKeys (ConfUtils.java:logGet(43)) - raft.server.log.use.memory = false (default)
2019-10-07 08:28:35,802 [pool-423-thread-1] INFO  server.RaftServerConfigKeys (ConfUtils.java:logGet(43)) - raft.server.log.purge.gap = 1000000 (custom)
2019-10-07 08:28:35,802 [pool-423-thread-1] INFO  server.RaftServerConfigKeys (ConfUtils.java:logGet(43)) - raft.server.log.appender.buffer.byte-limit = 33554432 (custom)
2019-10-07 08:28:35,802 [pool-423-thread-1] INFO  server.RaftServerConfigKeys (ConfUtils.java:logGet(43)) - raft.server.log.segment.size.max = 1048576 (custom)
2019-10-07 08:28:35,804 [pool-423-thread-1] INFO  server.RaftServerConfigKeys (ConfUtils.java:logGet(43)) - raft.server.log.segment.cache.num.max = 2 (custom)
2019-10-07 08:28:35,804 [pool-423-thread-1] INFO  segmented.SegmentedRaftLogWorker (SegmentedRaftLogWorker.java:<init>(173)) - new fc6b6745-f54d-4d11-8d76-ab058d7202a3@group-FE944B96C86D-SegmentedRaftLogWorker for RaftStorage:Storage Directory /workdir/hadoop-ozone/integration-test/target/test-dir/MiniOzoneClusterImpl-667fc2db-f272-4918-8834-23ffb7f93011/datanode-4/data/ratis/1454d6ba-5493-42c8-a64b-fe944b96c86d
2019-10-07 08:28:35,804 [pool-423-thread-1] INFO  server.RaftServerConfigKeys (ConfUtils.java:logGet(43)) - raft.server.log.queue.byte-limit = 2147483647 (custom)
2019-10-07 08:28:35,804 [pool-423-thread-1] INFO  server.RaftServerConfigKeys (ConfUtils.java:logGet(43)) - raft.server.log.queue.element-limit = 1024 (custom)
2019-10-07 08:28:35,804 [pool-423-thread-1] INFO  server.RaftServerConfigKeys (ConfUtils.java:logGet(43)) - raft.server.log.segment.size.max = 1048576 (custom)
2019-10-07 08:28:35,805 [pool-423-thread-1] INFO  server.RaftServerConfigKeys (ConfUtils.java:logGet(43)) - raft.server.log.preallocated.size = 16384 (custom)
2019-10-07 08:28:35,805 [pool-423-thread-1] INFO  server.RaftServerConfigKeys (ConfUtils.java:logGet(43)) - raft.server.log.write.buffer.size = 33554432 (custom)
2019-10-07 08:28:35,805 [pool-423-thread-1] INFO  server.RaftServerConfigKeys (ConfUtils.java:logGet(43)) - raft.server.log.force.sync.num = 128 (default)
2019-10-07 08:28:35,805 [pool-423-thread-1] INFO  server.RaftServerConfigKeys (ConfUtils.java:logGet(43)) - raft.server.log.statemachine.data.sync = true (default)
2019-10-07 08:28:35,805 [pool-423-thread-1] INFO  server.RaftServerConfigKeys (ConfUtils.java:logGet(43)) - raft.server.log.statemachine.data.sync.timeout = 10s (default)
2019-10-07 08:28:35,805 [pool-423-thread-1] INFO  server.RaftServerConfigKeys (ConfUtils.java:logGet(43)) - raft.server.log.statemachine.data.sync.timeout.retry = -1 (default)
2019-10-07 08:28:35,806 [pool-423-thread-1] INFO  server.RaftServerConfigKeys (ConfUtils.java:logGet(43)) - raft.server.log.statemachine.data.caching.enabled = true (custom)
2019-10-07 08:28:35,806 [pool-423-thread-1] INFO  segmented.SegmentedRaftLogWorker (SegmentedRaftLogWorker.java:lambda$new$0(128)) - fc6b6745-f54d-4d11-8d76-ab058d7202a3@group-FE944B96C86D-SegmentedRaftLogWorker: flushIndex: setUnconditionally 0 -> -1
2019-10-07 08:28:35,807 [pool-423-thread-1] INFO  server.RaftServerConfigKeys (ConfUtils.java:logGet(43)) - raft.server.snapshot.auto.trigger.enabled = true (custom)
2019-10-07 08:28:35,807 [pool-423-thread-1] INFO  server.RaftServerConfigKeys (ConfUtils.java:logGet(43)) - raft.server.snapshot.auto.trigger.threshold = 10000 (custom)
2019-10-07 08:28:35,807 [pool-423-thread-1] INFO  server.RaftServerConfigKeys (ConfUtils.java:logGet(43)) - raft.server.snapshot.retention.file.num = 5 (custom)
2019-10-07 08:28:35,807 [pool-423-thread-1] INFO  server.RaftServerConfigKeys (ConfUtils.java:logGet(43)) - raft.server.retrycache.expirytime = 600000ms (custom)
2019-10-07 08:28:35,809 [pool-423-thread-1] INFO  impl.RaftServerImpl (RaftServerImpl.java:start(181)) - fc6b6745-f54d-4d11-8d76-ab058d7202a3@group-FE944B96C86D: start as a follower, conf=-1: [fc6b6745-f54d-4d11-8d76-ab058d7202a3:192.168.164.251:41742], old=null
2019-10-07 08:28:35,809 [pool-423-thread-1] INFO  impl.RaftServerImpl (RaftServerImpl.java:setRole(170)) - fc6b6745-f54d-4d11-8d76-ab058d7202a3@group-FE944B96C86D: changes role from      null to FOLLOWER at term 0 for startAsFollower
2019-10-07 08:28:35,809 [pool-423-thread-1] INFO  impl.RoleInfo (RoleInfo.java:updateAndGet(143)) - fc6b6745-f54d-4d11-8d76-ab058d7202a3: start FollowerState
2019-10-07 08:28:35,810 [pool-423-thread-1] INFO  util.JmxRegister (JmxRegister.java:tryRegister(44)) - Successfully registered JMX Bean with object name Ratis:service=RaftServer,group=group-FE944B96C86D,id=fc6b6745-f54d-4d11-8d76-ab058d7202a3
2019-10-07 08:28:35,818 [RatisPipelineUtilsThread] INFO  pipeline.PipelineStateManager (PipelineStateManager.java:addPipeline(56)) - Created pipeline Pipeline[ Id: 1454d6ba-5493-42c8-a64b-fe944b96c86d, Nodes: fc6b6745-f54d-4d11-8d76-ab058d7202a3{ip: 192.168.164.251, host: pr-hdds-2239-kl4xt-1424884434, networkLocation: /default-rack, certSerialId: null}, Type:RATIS, Factor:ONE, State:OPEN]
2019-10-07 08:28:35,828 [grpc-default-executor-9] INFO  impl.RaftServerProxy (RaftServerProxy.java:addNew(89)) - 054ad7fb-3faf-4a48-9eee-1579d5b1c1d4: addNew group-6EFDCF83C7EF:[054ad7fb-3faf-4a48-9eee-1579d5b1c1d4:192.168.164.251:39469] returns group-6EFDCF83C7EF:java.util.concurrent.CompletableFuture@7b013c5c[Not completed]
2019-10-07 08:28:35,829 [pool-413-thread-1] INFO  impl.RaftServerImpl (RaftServerImpl.java:<init>(95)) - 054ad7fb-3faf-4a48-9eee-1579d5b1c1d4: new RaftServerImpl for group-6EFDCF83C7EF:[054ad7fb-3faf-4a48-9eee-1579d5b1c1d4:192.168.164.251:39469] with ContainerStateMachine:uninitialized
2019-10-07 08:28:35,829 [pool-413-thread-1] INFO  server.RaftServerConfigKeys (ConfUtils.java:logGet(43)) - raft.server.rpc.timeout.min = 5s (custom)
2019-10-07 08:28:35,829 [pool-413-thread-1] INFO  server.RaftServerConfigKeys (ConfUtils.java:logGet(43)) - raft.server.rpc.timeout.max = 5200ms (custom)
2019-10-07 08:28:35,829 [pool-413-thread-1] INFO  server.RaftServerConfigKeys (ConfUtils.java:logGet(43)) - raft.server.rpcslowness.timeout = 120s (custom)
2019-10-07 08:28:35,829 [pool-413-thread-1] INFO  server.RaftServerConfigKeys (ConfUtils.java:logGet(43)) - raft.server.sleep.deviation.threshold = 300 (default)
2019-10-07 08:28:35,830 [pool-413-thread-1] INFO  server.RaftServerConfigKeys (ConfUtils.java:logGet(43)) - raft.server.log.appender.install.snapshot.enabled = false (custom)
2019-10-07 08:28:35,830 [pool-413-thread-1] INFO  impl.RaftServerImpl (ServerState.java:<init>(103)) - 054ad7fb-3faf-4a48-9eee-1579d5b1c1d4@group-6EFDCF83C7EF: ConfigurationManager, init=-1: [054ad7fb-3faf-4a48-9eee-1579d5b1c1d4:192.168.164.251:39469], old=null, confs=<EMPTY_MAP>
2019-10-07 08:28:35,830 [pool-413-thread-1] INFO  server.RaftServerConfigKeys (ConfUtils.java:logGet(43)) - raft.server.storage.dir = [/workdir/hadoop-ozone/integration-test/target/test-dir/MiniOzoneClusterImpl-667fc2db-f272-4918-8834-23ffb7f93011/datanode-3/data/ratis] (custom)
2019-10-07 08:28:35,830 [IPC Server handler 8 on 38371] INFO  net.NetworkTopology (NetworkTopologyImpl.java:add(111)) - Added a new node: /default-rack/4a235271-100b-48dc-974e-0110da6833b1
2019-10-07 08:28:35,830 [pool-413-thread-1] INFO  server.RaftServerConfigKeys (ConfUtils.java:logGet(43)) - raft.server.log.corruption.policy = EXCEPTION (default)
2019-10-07 08:28:35,830 [IPC Server handler 8 on 38371] INFO  node.SCMNodeManager (SCMNodeManager.java:register(268)) - Registered Data node : 4a235271-100b-48dc-974e-0110da6833b1{ip: 192.168.164.251, host: pr-hdds-2239-kl4xt-1424884434, networkLocation: /default-rack, certSerialId: null}
2019-10-07 08:28:35,830 [pool-413-thread-1] INFO  storage.RaftStorageDirectory (RaftStorageDirectory.java:analyzeStorage(246)) - The storage directory /workdir/hadoop-ozone/integration-test/target/test-dir/MiniOzoneClusterImpl-667fc2db-f272-4918-8834-23ffb7f93011/datanode-3/data/ratis/e9bb7642-ea6a-474d-be31-6efdcf83c7ef does not exist. Creating ...
2019-10-07 08:28:35,853 [pool-413-thread-1] INFO  storage.RaftStorageDirectory (RaftStorageDirectory.java:tryLock(328)) - Lock on /workdir/hadoop-ozone/integration-test/target/test-dir/MiniOzoneClusterImpl-667fc2db-f272-4918-8834-23ffb7f93011/datanode-3/data/ratis/e9bb7642-ea6a-474d-be31-6efdcf83c7ef/in_use.lock acquired by nodename 13710@pr-hdds-2239-kl4xt-1424884434
2019-10-07 08:28:35,876 [pool-413-thread-1] INFO  storage.RaftStorage (RaftStorage.java:format(84)) - Storage directory /workdir/hadoop-ozone/integration-test/target/test-dir/MiniOzoneClusterImpl-667fc2db-f272-4918-8834-23ffb7f93011/datanode-3/data/ratis/e9bb7642-ea6a-474d-be31-6efdcf83c7ef has been successfully formatted.
2019-10-07 08:28:35,876 [pool-413-thread-1] INFO  ratis.ContainerStateMachine (ContainerStateMachine.java:loadSnapshot(231)) - group-6EFDCF83C7EF: The snapshot info is null. Setting the last applied indexto:(t:0, i:~)
2019-10-07 08:28:35,877 [pool-413-thread-1] INFO  server.RaftServerConfigKeys (ConfUtils.java:logGet(43)) - raft.server.notification.no-leader.timeout = 120s (custom)
2019-10-07 08:28:35,877 [pool-413-thread-1] INFO  server.RaftServerConfigKeys (ConfUtils.java:logGet(43)) - raft.server.log.use.memory = false (default)
2019-10-07 08:28:35,877 [pool-413-thread-1] INFO  server.RaftServerConfigKeys (ConfUtils.java:logGet(43)) - raft.server.log.purge.gap = 1000000 (custom)
2019-10-07 08:28:35,877 [pool-413-thread-1] INFO  server.RaftServerConfigKeys (ConfUtils.java:logGet(43)) - raft.server.log.appender.buffer.byte-limit = 33554432 (custom)
2019-10-07 08:28:35,877 [pool-413-thread-1] INFO  server.RaftServerConfigKeys (ConfUtils.java:logGet(43)) - raft.server.log.segment.size.max = 1048576 (custom)
2019-10-07 08:28:35,878 [pool-413-thread-1] INFO  server.RaftServerConfigKeys (ConfUtils.java:logGet(43)) - raft.server.log.segment.cache.num.max = 2 (custom)
2019-10-07 08:28:35,878 [pool-413-thread-1] INFO  segmented.SegmentedRaftLogWorker (SegmentedRaftLogWorker.java:<init>(173)) - new 054ad7fb-3faf-4a48-9eee-1579d5b1c1d4@group-6EFDCF83C7EF-SegmentedRaftLogWorker for RaftStorage:Storage Directory /workdir/hadoop-ozone/integration-test/target/test-dir/MiniOzoneClusterImpl-667fc2db-f272-4918-8834-23ffb7f93011/datanode-3/data/ratis/e9bb7642-ea6a-474d-be31-6efdcf83c7ef
2019-10-07 08:28:35,878 [pool-413-thread-1] INFO  server.RaftServerConfigKeys (ConfUtils.java:logGet(43)) - raft.server.log.queue.byte-limit = 2147483647 (custom)
2019-10-07 08:28:35,879 [pool-413-thread-1] INFO  server.RaftServerConfigKeys (ConfUtils.java:logGet(43)) - raft.server.log.queue.element-limit = 1024 (custom)
2019-10-07 08:28:35,879 [pool-413-thread-1] INFO  server.RaftServerConfigKeys (ConfUtils.java:logGet(43)) - raft.server.log.segment.size.max = 1048576 (custom)
2019-10-07 08:28:35,879 [pool-413-thread-1] INFO  server.RaftServerConfigKeys (ConfUtils.java:logGet(43)) - raft.server.log.preallocated.size = 16384 (custom)
2019-10-07 08:28:35,879 [pool-413-thread-1] INFO  server.RaftServerConfigKeys (ConfUtils.java:logGet(43)) - raft.server.log.write.buffer.size = 33554432 (custom)
2019-10-07 08:28:35,879 [pool-413-thread-1] INFO  server.RaftServerConfigKeys (ConfUtils.java:logGet(43)) - raft.server.log.force.sync.num = 128 (default)
2019-10-07 08:28:35,879 [pool-413-thread-1] INFO  server.RaftServerConfigKeys (ConfUtils.java:logGet(43)) - raft.server.log.statemachine.data.sync = true (default)
2019-10-07 08:28:35,879 [pool-413-thread-1] INFO  server.RaftServerConfigKeys (ConfUtils.java:logGet(43)) - raft.server.log.statemachine.data.sync.timeout = 10s (default)
2019-10-07 08:28:35,879 [pool-413-thread-1] INFO  server.RaftServerConfigKeys (ConfUtils.java:logGet(43)) - raft.server.log.statemachine.data.sync.timeout.retry = -1 (default)
2019-10-07 08:28:35,879 [pool-413-thread-1] INFO  server.RaftServerConfigKeys (ConfUtils.java:logGet(43)) - raft.server.log.statemachine.data.caching.enabled = true (custom)
2019-10-07 08:28:35,880 [pool-413-thread-1] INFO  segmented.SegmentedRaftLogWorker (SegmentedRaftLogWorker.java:lambda$new$0(128)) - 054ad7fb-3faf-4a48-9eee-1579d5b1c1d4@group-6EFDCF83C7EF-SegmentedRaftLogWorker: flushIndex: setUnconditionally 0 -> -1
2019-10-07 08:28:35,880 [pool-413-thread-1] INFO  server.RaftServerConfigKeys (ConfUtils.java:logGet(43)) - raft.server.snapshot.auto.trigger.enabled = true (custom)
2019-10-07 08:28:35,880 [pool-413-thread-1] INFO  server.RaftServerConfigKeys (ConfUtils.java:logGet(43)) - raft.server.snapshot.auto.trigger.threshold = 10000 (custom)
2019-10-07 08:28:35,880 [pool-413-thread-1] INFO  server.RaftServerConfigKeys (ConfUtils.java:logGet(43)) - raft.server.snapshot.retention.file.num = 5 (custom)
2019-10-07 08:28:35,880 [pool-413-thread-1] INFO  server.RaftServerConfigKeys (ConfUtils.java:logGet(43)) - raft.server.retrycache.expirytime = 600000ms (custom)
2019-10-07 08:28:35,881 [pool-413-thread-1] INFO  impl.RaftServerImpl (RaftServerImpl.java:start(181)) - 054ad7fb-3faf-4a48-9eee-1579d5b1c1d4@group-6EFDCF83C7EF: start as a follower, conf=-1: [054ad7fb-3faf-4a48-9eee-1579d5b1c1d4:192.168.164.251:39469], old=null
2019-10-07 08:28:35,881 [pool-413-thread-1] INFO  impl.RaftServerImpl (RaftServerImpl.java:setRole(170)) - 054ad7fb-3faf-4a48-9eee-1579d5b1c1d4@group-6EFDCF83C7EF: changes role from      null to FOLLOWER at term 0 for startAsFollower
2019-10-07 08:28:35,882 [pool-413-thread-1] INFO  impl.RoleInfo (RoleInfo.java:updateAndGet(143)) - 054ad7fb-3faf-4a48-9eee-1579d5b1c1d4: start FollowerState
2019-10-07 08:28:35,882 [pool-413-thread-1] INFO  util.JmxRegister (JmxRegister.java:tryRegister(44)) - Successfully registered JMX Bean with object name Ratis:service=RaftServer,group=group-6EFDCF83C7EF,id=054ad7fb-3faf-4a48-9eee-1579d5b1c1d4
2019-10-07 08:28:35,889 [RatisPipelineUtilsThread] INFO  pipeline.PipelineStateManager (PipelineStateManager.java:addPipeline(56)) - Created pipeline Pipeline[ Id: e9bb7642-ea6a-474d-be31-6efdcf83c7ef, Nodes: 054ad7fb-3faf-4a48-9eee-1579d5b1c1d4{ip: 192.168.164.251, host: pr-hdds-2239-kl4xt-1424884434, networkLocation: /default-rack, certSerialId: null}, Type:RATIS, Factor:ONE, State:OPEN]
2019-10-07 08:28:35,895 [grpc-default-executor-9] INFO  impl.RaftServerProxy (RaftServerProxy.java:addNew(89)) - 4a235271-100b-48dc-974e-0110da6833b1: addNew group-076658A8011F:[4a235271-100b-48dc-974e-0110da6833b1:192.168.164.251:41015] returns group-076658A8011F:java.util.concurrent.CompletableFuture@13708d6d[Not completed]
2019-10-07 08:28:35,896 [pool-433-thread-1] INFO  impl.RaftServerImpl (RaftServerImpl.java:<init>(95)) - 4a235271-100b-48dc-974e-0110da6833b1: new RaftServerImpl for group-076658A8011F:[4a235271-100b-48dc-974e-0110da6833b1:192.168.164.251:41015] with ContainerStateMachine:uninitialized
2019-10-07 08:28:35,896 [pool-433-thread-1] INFO  server.RaftServerConfigKeys (ConfUtils.java:logGet(43)) - raft.server.rpc.timeout.min = 5s (custom)
2019-10-07 08:28:35,896 [pool-433-thread-1] INFO  server.RaftServerConfigKeys (ConfUtils.java:logGet(43)) - raft.server.rpc.timeout.max = 5200ms (custom)
2019-10-07 08:28:35,897 [pool-433-thread-1] INFO  server.RaftServerConfigKeys (ConfUtils.java:logGet(43)) - raft.server.rpcslowness.timeout = 120s (custom)
2019-10-07 08:28:35,897 [pool-433-thread-1] INFO  server.RaftServerConfigKeys (ConfUtils.java:logGet(43)) - raft.server.sleep.deviation.threshold = 300 (default)
2019-10-07 08:28:35,897 [pool-433-thread-1] INFO  server.RaftServerConfigKeys (ConfUtils.java:logGet(43)) - raft.server.log.appender.install.snapshot.enabled = false (custom)
2019-10-07 08:28:35,897 [pool-433-thread-1] INFO  impl.RaftServerImpl (ServerState.java:<init>(103)) - 4a235271-100b-48dc-974e-0110da6833b1@group-076658A8011F: ConfigurationManager, init=-1: [4a235271-100b-48dc-974e-0110da6833b1:192.168.164.251:41015], old=null, confs=<EMPTY_MAP>
2019-10-07 08:28:35,897 [pool-433-thread-1] INFO  server.RaftServerConfigKeys (ConfUtils.java:logGet(43)) - raft.server.storage.dir = [/workdir/hadoop-ozone/integration-test/target/test-dir/MiniOzoneClusterImpl-667fc2db-f272-4918-8834-23ffb7f93011/datanode-5/data/ratis] (custom)
2019-10-07 08:28:35,897 [pool-433-thread-1] INFO  server.RaftServerConfigKeys (ConfUtils.java:logGet(43)) - raft.server.log.corruption.policy = EXCEPTION (default)
2019-10-07 08:28:35,897 [pool-433-thread-1] INFO  storage.RaftStorageDirectory (RaftStorageDirectory.java:analyzeStorage(246)) - The storage directory /workdir/hadoop-ozone/integration-test/target/test-dir/MiniOzoneClusterImpl-667fc2db-f272-4918-8834-23ffb7f93011/datanode-5/data/ratis/7f07fd8a-2fc2-4eb4-b704-076658a8011f does not exist. Creating ...
2019-10-07 08:28:35,908 [IPC Server handler 7 on 38371] INFO  net.NetworkTopology (NetworkTopologyImpl.java:add(111)) - Added a new node: /default-rack/8cd392b0-b013-4189-bb87-ab5750af180b
2019-10-07 08:28:35,908 [IPC Server handler 7 on 38371] INFO  node.SCMNodeManager (SCMNodeManager.java:register(268)) - Registered Data node : 8cd392b0-b013-4189-bb87-ab5750af180b{ip: 192.168.164.251, host: pr-hdds-2239-kl4xt-1424884434, networkLocation: /default-rack, certSerialId: null}
2019-10-07 08:28:35,909 [main] INFO  ozone.MiniOzoneClusterImpl (MiniOzoneClusterImpl.java:lambda$waitForClusterToBeReady$0(147)) - Cluster is ready. Got 7 of 7 DN Heartbeats.
2019-10-07 08:28:35,910 [pool-433-thread-1] INFO  storage.RaftStorageDirectory (RaftStorageDirectory.java:tryLock(328)) - Lock on /workdir/hadoop-ozone/integration-test/target/test-dir/MiniOzoneClusterImpl-667fc2db-f272-4918-8834-23ffb7f93011/datanode-5/data/ratis/7f07fd8a-2fc2-4eb4-b704-076658a8011f/in_use.lock acquired by nodename 13710@pr-hdds-2239-kl4xt-1424884434
2019-10-07 08:28:35,922 [pool-433-thread-1] INFO  storage.RaftStorage (RaftStorage.java:format(84)) - Storage directory /workdir/hadoop-ozone/integration-test/target/test-dir/MiniOzoneClusterImpl-667fc2db-f272-4918-8834-23ffb7f93011/datanode-5/data/ratis/7f07fd8a-2fc2-4eb4-b704-076658a8011f has been successfully formatted.
2019-10-07 08:28:35,923 [pool-433-thread-1] INFO  ratis.ContainerStateMachine (ContainerStateMachine.java:loadSnapshot(231)) - group-076658A8011F: The snapshot info is null. Setting the last applied indexto:(t:0, i:~)
2019-10-07 08:28:35,923 [pool-433-thread-1] INFO  server.RaftServerConfigKeys (ConfUtils.java:logGet(43)) - raft.server.notification.no-leader.timeout = 120s (custom)
2019-10-07 08:28:35,923 [pool-433-thread-1] INFO  server.RaftServerConfigKeys (ConfUtils.java:logGet(43)) - raft.server.log.use.memory = false (default)
2019-10-07 08:28:35,923 [pool-433-thread-1] INFO  server.RaftServerConfigKeys (ConfUtils.java:logGet(43)) - raft.server.log.purge.gap = 1000000 (custom)
2019-10-07 08:28:35,923 [pool-433-thread-1] INFO  server.RaftServerConfigKeys (ConfUtils.java:logGet(43)) - raft.server.log.appender.buffer.byte-limit = 33554432 (custom)
2019-10-07 08:28:35,923 [pool-433-thread-1] INFO  server.RaftServerConfigKeys (ConfUtils.java:logGet(43)) - raft.server.log.segment.size.max = 1048576 (custom)
2019-10-07 08:28:35,940 [pool-433-thread-1] INFO  server.RaftServerConfigKeys (ConfUtils.java:logGet(43)) - raft.server.log.segment.cache.num.max = 2 (custom)
2019-10-07 08:28:35,940 [pool-433-thread-1] INFO  segmented.SegmentedRaftLogWorker (SegmentedRaftLogWorker.java:<init>(173)) - new 4a235271-100b-48dc-974e-0110da6833b1@group-076658A8011F-SegmentedRaftLogWorker for RaftStorage:Storage Directory /workdir/hadoop-ozone/integration-test/target/test-dir/MiniOzoneClusterImpl-667fc2db-f272-4918-8834-23ffb7f93011/datanode-5/data/ratis/7f07fd8a-2fc2-4eb4-b704-076658a8011f
2019-10-07 08:28:35,940 [pool-433-thread-1] INFO  server.RaftServerConfigKeys (ConfUtils.java:logGet(43)) - raft.server.log.queue.byte-limit = 2147483647 (custom)
2019-10-07 08:28:35,940 [pool-433-thread-1] INFO  server.RaftServerConfigKeys (ConfUtils.java:logGet(43)) - raft.server.log.queue.element-limit = 1024 (custom)
2019-10-07 08:28:35,940 [pool-433-thread-1] INFO  server.RaftServerConfigKeys (ConfUtils.java:logGet(43)) - raft.server.log.segment.size.max = 1048576 (custom)
2019-10-07 08:28:35,941 [pool-433-thread-1] INFO  server.RaftServerConfigKeys (ConfUtils.java:logGet(43)) - raft.server.log.preallocated.size = 16384 (custom)
2019-10-07 08:28:35,941 [pool-433-thread-1] INFO  server.RaftServerConfigKeys (ConfUtils.java:logGet(43)) - raft.server.log.write.buffer.size = 33554432 (custom)
2019-10-07 08:28:35,941 [pool-433-thread-1] INFO  server.RaftServerConfigKeys (ConfUtils.java:logGet(43)) - raft.server.log.force.sync.num = 128 (default)
2019-10-07 08:28:35,941 [pool-433-thread-1] INFO  server.RaftServerConfigKeys (ConfUtils.java:logGet(43)) - raft.server.log.statemachine.data.sync = true (default)
2019-10-07 08:28:35,941 [pool-433-thread-1] INFO  server.RaftServerConfigKeys (ConfUtils.java:logGet(43)) - raft.server.log.statemachine.data.sync.timeout = 10s (default)
2019-10-07 08:28:35,941 [pool-433-thread-1] INFO  server.RaftServerConfigKeys (ConfUtils.java:logGet(43)) - raft.server.log.statemachine.data.sync.timeout.retry = -1 (default)
2019-10-07 08:28:35,941 [pool-433-thread-1] INFO  server.RaftServerConfigKeys (ConfUtils.java:logGet(43)) - raft.server.log.statemachine.data.caching.enabled = true (custom)
2019-10-07 08:28:35,941 [pool-433-thread-1] INFO  segmented.SegmentedRaftLogWorker (SegmentedRaftLogWorker.java:lambda$new$0(128)) - 4a235271-100b-48dc-974e-0110da6833b1@group-076658A8011F-SegmentedRaftLogWorker: flushIndex: setUnconditionally 0 -> -1
2019-10-07 08:28:35,942 [pool-433-thread-1] INFO  server.RaftServerConfigKeys (ConfUtils.java:logGet(43)) - raft.server.snapshot.auto.trigger.enabled = true (custom)
2019-10-07 08:28:35,945 [pool-433-thread-1] INFO  server.RaftServerConfigKeys (ConfUtils.java:logGet(43)) - raft.server.snapshot.auto.trigger.threshold = 10000 (custom)
2019-10-07 08:28:35,945 [pool-433-thread-1] INFO  server.RaftServerConfigKeys (ConfUtils.java:logGet(43)) - raft.server.snapshot.retention.file.num = 5 (custom)
2019-10-07 08:28:35,945 [pool-433-thread-1] INFO  server.RaftServerConfigKeys (ConfUtils.java:logGet(43)) - raft.server.retrycache.expirytime = 600000ms (custom)
2019-10-07 08:28:35,946 [main] INFO  rpc.RpcClient (RpcClient.java:createVolume(277)) - Creating Volume: watchforcommithandlingtest, with jenkins1000 as owner.
2019-10-07 08:28:35,946 [pool-433-thread-1] INFO  impl.RaftServerImpl (RaftServerImpl.java:start(181)) - 4a235271-100b-48dc-974e-0110da6833b1@group-076658A8011F: start as a follower, conf=-1: [4a235271-100b-48dc-974e-0110da6833b1:192.168.164.251:41015], old=null
2019-10-07 08:28:35,947 [pool-433-thread-1] INFO  impl.RaftServerImpl (RaftServerImpl.java:setRole(170)) - 4a235271-100b-48dc-974e-0110da6833b1@group-076658A8011F: changes role from      null to FOLLOWER at term 0 for startAsFollower
2019-10-07 08:28:35,947 [pool-433-thread-1] INFO  impl.RoleInfo (RoleInfo.java:updateAndGet(143)) - 4a235271-100b-48dc-974e-0110da6833b1: start FollowerState
2019-10-07 08:28:35,947 [pool-433-thread-1] INFO  util.JmxRegister (JmxRegister.java:tryRegister(44)) - Successfully registered JMX Bean with object name Ratis:service=RaftServer,group=group-076658A8011F,id=4a235271-100b-48dc-974e-0110da6833b1
2019-10-07 08:28:35,952 [IPC Server handler 1 on 41595] INFO  volume.OMVolumeCreateRequest (OMVolumeCreateRequest.java:validateAndUpdateCache(193)) - created volume:watchforcommithandlingtest for user:jenkins1000
2019-10-07 08:28:35,953 [RatisPipelineUtilsThread] INFO  pipeline.PipelineStateManager (PipelineStateManager.java:addPipeline(56)) - Created pipeline Pipeline[ Id: 7f07fd8a-2fc2-4eb4-b704-076658a8011f, Nodes: 4a235271-100b-48dc-974e-0110da6833b1{ip: 192.168.164.251, host: pr-hdds-2239-kl4xt-1424884434, networkLocation: /default-rack, certSerialId: null}, Type:RATIS, Factor:ONE, State:OPEN]
2019-10-07 08:28:35,966 [main] INFO  rpc.RpcClient (RpcClient.java:createBucket(416)) - Creating Bucket: watchforcommithandlingtest/watchforcommithandlingtest, with Versioning false and Storage Type set to DISK and Encryption set to false 
2019-10-07 08:28:35,969 [grpc-default-executor-9] INFO  impl.RaftServerProxy (RaftServerProxy.java:addNew(89)) - 8cd392b0-b013-4189-bb87-ab5750af180b: addNew group-3BD0277045C4:[8cd392b0-b013-4189-bb87-ab5750af180b:192.168.164.251:37320] returns group-3BD0277045C4:java.util.concurrent.CompletableFuture@75ad31f1[Not completed]
2019-10-07 08:28:35,972 [pool-443-thread-1] INFO  impl.RaftServerImpl (RaftServerImpl.java:<init>(95)) - 8cd392b0-b013-4189-bb87-ab5750af180b: new RaftServerImpl for group-3BD0277045C4:[8cd392b0-b013-4189-bb87-ab5750af180b:192.168.164.251:37320] with ContainerStateMachine:uninitialized
2019-10-07 08:28:35,972 [pool-443-thread-1] INFO  server.RaftServerConfigKeys (ConfUtils.java:logGet(43)) - raft.server.rpc.timeout.min = 5s (custom)
2019-10-07 08:28:35,973 [pool-443-thread-1] INFO  server.RaftServerConfigKeys (ConfUtils.java:logGet(43)) - raft.server.rpc.timeout.max = 5200ms (custom)
2019-10-07 08:28:35,973 [pool-443-thread-1] INFO  server.RaftServerConfigKeys (ConfUtils.java:logGet(43)) - raft.server.rpcslowness.timeout = 120s (custom)
2019-10-07 08:28:35,973 [main] INFO  ozone.MiniOzoneClusterImpl (MiniOzoneClusterImpl.java:getStorageContainerLocationClient(234)) - Creating StorageContainerLocationProtocol RPC client with address /0.0.0.0:46692
2019-10-07 08:28:35,973 [pool-443-thread-1] INFO  server.RaftServerConfigKeys (ConfUtils.java:logGet(43)) - raft.server.sleep.deviation.threshold = 300 (default)
2019-10-07 08:28:35,973 [pool-443-thread-1] INFO  server.RaftServerConfigKeys (ConfUtils.java:logGet(43)) - raft.server.log.appender.install.snapshot.enabled = false (custom)
2019-10-07 08:28:35,973 [pool-443-thread-1] INFO  impl.RaftServerImpl (ServerState.java:<init>(103)) - 8cd392b0-b013-4189-bb87-ab5750af180b@group-3BD0277045C4: ConfigurationManager, init=-1: [8cd392b0-b013-4189-bb87-ab5750af180b:192.168.164.251:37320], old=null, confs=<EMPTY_MAP>
2019-10-07 08:28:35,973 [pool-443-thread-1] INFO  server.RaftServerConfigKeys (ConfUtils.java:logGet(43)) - raft.server.storage.dir = [/workdir/hadoop-ozone/integration-test/target/test-dir/MiniOzoneClusterImpl-667fc2db-f272-4918-8834-23ffb7f93011/datanode-6/data/ratis] (custom)
2019-10-07 08:28:35,974 [pool-443-thread-1] INFO  server.RaftServerConfigKeys (ConfUtils.java:logGet(43)) - raft.server.log.corruption.policy = EXCEPTION (default)
2019-10-07 08:28:35,974 [pool-443-thread-1] INFO  storage.RaftStorageDirectory (RaftStorageDirectory.java:analyzeStorage(246)) - The storage directory /workdir/hadoop-ozone/integration-test/target/test-dir/MiniOzoneClusterImpl-667fc2db-f272-4918-8834-23ffb7f93011/datanode-6/data/ratis/f3ae02f2-86ae-41a0-a1a7-3bd0277045c4 does not exist. Creating ...
2019-10-07 08:28:35,987 [pool-443-thread-1] INFO  storage.RaftStorageDirectory (RaftStorageDirectory.java:tryLock(328)) - Lock on /workdir/hadoop-ozone/integration-test/target/test-dir/MiniOzoneClusterImpl-667fc2db-f272-4918-8834-23ffb7f93011/datanode-6/data/ratis/f3ae02f2-86ae-41a0-a1a7-3bd0277045c4/in_use.lock acquired by nodename 13710@pr-hdds-2239-kl4xt-1424884434
2019-10-07 08:28:35,999 [pool-443-thread-1] INFO  storage.RaftStorage (RaftStorage.java:format(84)) - Storage directory /workdir/hadoop-ozone/integration-test/target/test-dir/MiniOzoneClusterImpl-667fc2db-f272-4918-8834-23ffb7f93011/datanode-6/data/ratis/f3ae02f2-86ae-41a0-a1a7-3bd0277045c4 has been successfully formatted.
2019-10-07 08:28:36,000 [pool-443-thread-1] INFO  ratis.ContainerStateMachine (ContainerStateMachine.java:loadSnapshot(231)) - group-3BD0277045C4: The snapshot info is null. Setting the last applied indexto:(t:0, i:~)
2019-10-07 08:28:36,000 [pool-443-thread-1] INFO  server.RaftServerConfigKeys (ConfUtils.java:logGet(43)) - raft.server.notification.no-leader.timeout = 120s (custom)
2019-10-07 08:28:36,000 [pool-443-thread-1] INFO  server.RaftServerConfigKeys (ConfUtils.java:logGet(43)) - raft.server.log.use.memory = false (default)
2019-10-07 08:28:36,001 [pool-443-thread-1] INFO  server.RaftServerConfigKeys (ConfUtils.java:logGet(43)) - raft.server.log.purge.gap = 1000000 (custom)
2019-10-07 08:28:36,001 [pool-443-thread-1] INFO  server.RaftServerConfigKeys (ConfUtils.java:logGet(43)) - raft.server.log.appender.buffer.byte-limit = 33554432 (custom)
2019-10-07 08:28:36,001 [pool-443-thread-1] INFO  server.RaftServerConfigKeys (ConfUtils.java:logGet(43)) - raft.server.log.segment.size.max = 1048576 (custom)
2019-10-07 08:28:36,004 [pool-443-thread-1] INFO  server.RaftServerConfigKeys (ConfUtils.java:logGet(43)) - raft.server.log.segment.cache.num.max = 2 (custom)
2019-10-07 08:28:36,004 [pool-443-thread-1] INFO  segmented.SegmentedRaftLogWorker (SegmentedRaftLogWorker.java:<init>(173)) - new 8cd392b0-b013-4189-bb87-ab5750af180b@group-3BD0277045C4-SegmentedRaftLogWorker for RaftStorage:Storage Directory /workdir/hadoop-ozone/integration-test/target/test-dir/MiniOzoneClusterImpl-667fc2db-f272-4918-8834-23ffb7f93011/datanode-6/data/ratis/f3ae02f2-86ae-41a0-a1a7-3bd0277045c4
2019-10-07 08:28:36,004 [pool-443-thread-1] INFO  server.RaftServerConfigKeys (ConfUtils.java:logGet(43)) - raft.server.log.queue.byte-limit = 2147483647 (custom)
2019-10-07 08:28:36,004 [pool-443-thread-1] INFO  server.RaftServerConfigKeys (ConfUtils.java:logGet(43)) - raft.server.log.queue.element-limit = 1024 (custom)
2019-10-07 08:28:36,005 [pool-443-thread-1] INFO  server.RaftServerConfigKeys (ConfUtils.java:logGet(43)) - raft.server.log.segment.size.max = 1048576 (custom)
2019-10-07 08:28:36,005 [pool-443-thread-1] INFO  server.RaftServerConfigKeys (ConfUtils.java:logGet(43)) - raft.server.log.preallocated.size = 16384 (custom)
2019-10-07 08:28:36,005 [pool-443-thread-1] INFO  server.RaftServerConfigKeys (ConfUtils.java:logGet(43)) - raft.server.log.write.buffer.size = 33554432 (custom)
2019-10-07 08:28:36,005 [pool-443-thread-1] INFO  server.RaftServerConfigKeys (ConfUtils.java:logGet(43)) - raft.server.log.force.sync.num = 128 (default)
2019-10-07 08:28:36,005 [pool-443-thread-1] INFO  server.RaftServerConfigKeys (ConfUtils.java:logGet(43)) - raft.server.log.statemachine.data.sync = true (default)
2019-10-07 08:28:36,005 [pool-443-thread-1] INFO  server.RaftServerConfigKeys (ConfUtils.java:logGet(43)) - raft.server.log.statemachine.data.sync.timeout = 10s (default)
2019-10-07 08:28:36,005 [pool-443-thread-1] INFO  server.RaftServerConfigKeys (ConfUtils.java:logGet(43)) - raft.server.log.statemachine.data.sync.timeout.retry = -1 (default)
2019-10-07 08:28:36,006 [pool-443-thread-1] INFO  server.RaftServerConfigKeys (ConfUtils.java:logGet(43)) - raft.server.log.statemachine.data.caching.enabled = true (custom)
2019-10-07 08:28:36,006 [pool-443-thread-1] INFO  segmented.SegmentedRaftLogWorker (SegmentedRaftLogWorker.java:lambda$new$0(128)) - 8cd392b0-b013-4189-bb87-ab5750af180b@group-3BD0277045C4-SegmentedRaftLogWorker: flushIndex: setUnconditionally 0 -> -1
2019-10-07 08:28:36,006 [pool-443-thread-1] INFO  server.RaftServerConfigKeys (ConfUtils.java:logGet(43)) - raft.server.snapshot.auto.trigger.enabled = true (custom)
2019-10-07 08:28:36,007 [pool-443-thread-1] INFO  server.RaftServerConfigKeys (ConfUtils.java:logGet(43)) - raft.server.snapshot.auto.trigger.threshold = 10000 (custom)
2019-10-07 08:28:36,007 [pool-443-thread-1] INFO  server.RaftServerConfigKeys (ConfUtils.java:logGet(43)) - raft.server.snapshot.retention.file.num = 5 (custom)
2019-10-07 08:28:36,007 [pool-443-thread-1] INFO  server.RaftServerConfigKeys (ConfUtils.java:logGet(43)) - raft.server.retrycache.expirytime = 600000ms (custom)
2019-10-07 08:28:36,009 [pool-443-thread-1] INFO  impl.RaftServerImpl (RaftServerImpl.java:start(181)) - 8cd392b0-b013-4189-bb87-ab5750af180b@group-3BD0277045C4: start as a follower, conf=-1: [8cd392b0-b013-4189-bb87-ab5750af180b:192.168.164.251:37320], old=null
2019-10-07 08:28:36,009 [pool-443-thread-1] INFO  impl.RaftServerImpl (RaftServerImpl.java:setRole(170)) - 8cd392b0-b013-4189-bb87-ab5750af180b@group-3BD0277045C4: changes role from      null to FOLLOWER at term 0 for startAsFollower
2019-10-07 08:28:36,009 [pool-443-thread-1] INFO  impl.RoleInfo (RoleInfo.java:updateAndGet(143)) - 8cd392b0-b013-4189-bb87-ab5750af180b: start FollowerState
2019-10-07 08:28:36,009 [pool-443-thread-1] INFO  util.JmxRegister (JmxRegister.java:tryRegister(44)) - Successfully registered JMX Bean with object name Ratis:service=RaftServer,group=group-3BD0277045C4,id=8cd392b0-b013-4189-bb87-ab5750af180b
2019-10-07 08:28:36,017 [RatisPipelineUtilsThread] INFO  pipeline.PipelineStateManager (PipelineStateManager.java:addPipeline(56)) - Created pipeline Pipeline[ Id: f3ae02f2-86ae-41a0-a1a7-3bd0277045c4, Nodes: 8cd392b0-b013-4189-bb87-ab5750af180b{ip: 192.168.164.251, host: pr-hdds-2239-kl4xt-1424884434, networkLocation: /default-rack, certSerialId: null}, Type:RATIS, Factor:ONE, State:OPEN]
2019-10-07 08:28:36,036 [grpc-default-executor-5] INFO  impl.RaftServerProxy (RaftServerProxy.java:addNew(89)) - 4a235271-100b-48dc-974e-0110da6833b1: addNew group-CF1ADE6EBB7E:[fc6b6745-f54d-4d11-8d76-ab058d7202a3:192.168.164.251:41742, 054ad7fb-3faf-4a48-9eee-1579d5b1c1d4:192.168.164.251:39469, 4a235271-100b-48dc-974e-0110da6833b1:192.168.164.251:41015] returns group-CF1ADE6EBB7E:java.util.concurrent.CompletableFuture@392ff6b[Not completed]
2019-10-07 08:28:36,036 [grpc-default-executor-9] INFO  impl.RaftServerProxy (RaftServerProxy.java:addNew(89)) - fc6b6745-f54d-4d11-8d76-ab058d7202a3: addNew group-CF1ADE6EBB7E:[fc6b6745-f54d-4d11-8d76-ab058d7202a3:192.168.164.251:41742, 054ad7fb-3faf-4a48-9eee-1579d5b1c1d4:192.168.164.251:39469, 4a235271-100b-48dc-974e-0110da6833b1:192.168.164.251:41015] returns group-CF1ADE6EBB7E:java.util.concurrent.CompletableFuture@e2810a3[Not completed]
2019-10-07 08:28:36,036 [grpc-default-executor-3] INFO  impl.RaftServerProxy (RaftServerProxy.java:addNew(89)) - 054ad7fb-3faf-4a48-9eee-1579d5b1c1d4: addNew group-CF1ADE6EBB7E:[fc6b6745-f54d-4d11-8d76-ab058d7202a3:192.168.164.251:41742, 054ad7fb-3faf-4a48-9eee-1579d5b1c1d4:192.168.164.251:39469, 4a235271-100b-48dc-974e-0110da6833b1:192.168.164.251:41015] returns group-CF1ADE6EBB7E:java.util.concurrent.CompletableFuture@4e4d0f62[Not completed]
2019-10-07 08:28:36,037 [pool-433-thread-1] INFO  impl.RaftServerImpl (RaftServerImpl.java:<init>(95)) - 4a235271-100b-48dc-974e-0110da6833b1: new RaftServerImpl for group-CF1ADE6EBB7E:[fc6b6745-f54d-4d11-8d76-ab058d7202a3:192.168.164.251:41742, 054ad7fb-3faf-4a48-9eee-1579d5b1c1d4:192.168.164.251:39469, 4a235271-100b-48dc-974e-0110da6833b1:192.168.164.251:41015] with ContainerStateMachine:uninitialized
2019-10-07 08:28:36,038 [pool-433-thread-1] INFO  server.RaftServerConfigKeys (ConfUtils.java:logGet(43)) - raft.server.rpc.timeout.min = 5s (custom)
2019-10-07 08:28:36,038 [pool-433-thread-1] INFO  server.RaftServerConfigKeys (ConfUtils.java:logGet(43)) - raft.server.rpc.timeout.max = 5200ms (custom)
2019-10-07 08:28:36,038 [pool-433-thread-1] INFO  server.RaftServerConfigKeys (ConfUtils.java:logGet(43)) - raft.server.rpcslowness.timeout = 120s (custom)
2019-10-07 08:28:36,038 [pool-433-thread-1] INFO  server.RaftServerConfigKeys (ConfUtils.java:logGet(43)) - raft.server.sleep.deviation.threshold = 300 (default)
2019-10-07 08:28:36,038 [pool-433-thread-1] INFO  server.RaftServerConfigKeys (ConfUtils.java:logGet(43)) - raft.server.log.appender.install.snapshot.enabled = false (custom)
2019-10-07 08:28:36,038 [pool-433-thread-1] INFO  impl.RaftServerImpl (ServerState.java:<init>(103)) - 4a235271-100b-48dc-974e-0110da6833b1@group-CF1ADE6EBB7E: ConfigurationManager, init=-1: [fc6b6745-f54d-4d11-8d76-ab058d7202a3:192.168.164.251:41742, 054ad7fb-3faf-4a48-9eee-1579d5b1c1d4:192.168.164.251:39469, 4a235271-100b-48dc-974e-0110da6833b1:192.168.164.251:41015], old=null, confs=<EMPTY_MAP>
2019-10-07 08:28:36,038 [pool-433-thread-1] INFO  server.RaftServerConfigKeys (ConfUtils.java:logGet(43)) - raft.server.storage.dir = [/workdir/hadoop-ozone/integration-test/target/test-dir/MiniOzoneClusterImpl-667fc2db-f272-4918-8834-23ffb7f93011/datanode-5/data/ratis] (custom)
2019-10-07 08:28:36,038 [pool-433-thread-1] INFO  server.RaftServerConfigKeys (ConfUtils.java:logGet(43)) - raft.server.log.corruption.policy = EXCEPTION (default)
2019-10-07 08:28:36,038 [pool-433-thread-1] INFO  storage.RaftStorageDirectory (RaftStorageDirectory.java:analyzeStorage(246)) - The storage directory /workdir/hadoop-ozone/integration-test/target/test-dir/MiniOzoneClusterImpl-667fc2db-f272-4918-8834-23ffb7f93011/datanode-5/data/ratis/50280f0d-5ad3-4881-aa7a-cf1ade6ebb7e does not exist. Creating ...
2019-10-07 08:28:36,038 [pool-413-thread-1] INFO  impl.RaftServerImpl (RaftServerImpl.java:<init>(95)) - 054ad7fb-3faf-4a48-9eee-1579d5b1c1d4: new RaftServerImpl for group-CF1ADE6EBB7E:[fc6b6745-f54d-4d11-8d76-ab058d7202a3:192.168.164.251:41742, 054ad7fb-3faf-4a48-9eee-1579d5b1c1d4:192.168.164.251:39469, 4a235271-100b-48dc-974e-0110da6833b1:192.168.164.251:41015] with ContainerStateMachine:uninitialized
2019-10-07 08:28:36,039 [pool-413-thread-1] INFO  server.RaftServerConfigKeys (ConfUtils.java:logGet(43)) - raft.server.rpc.timeout.min = 5s (custom)
2019-10-07 08:28:36,039 [pool-423-thread-1] INFO  impl.RaftServerImpl (RaftServerImpl.java:<init>(95)) - fc6b6745-f54d-4d11-8d76-ab058d7202a3: new RaftServerImpl for group-CF1ADE6EBB7E:[fc6b6745-f54d-4d11-8d76-ab058d7202a3:192.168.164.251:41742, 054ad7fb-3faf-4a48-9eee-1579d5b1c1d4:192.168.164.251:39469, 4a235271-100b-48dc-974e-0110da6833b1:192.168.164.251:41015] with ContainerStateMachine:uninitialized
2019-10-07 08:28:36,039 [pool-413-thread-1] INFO  server.RaftServerConfigKeys (ConfUtils.java:logGet(43)) - raft.server.rpc.timeout.max = 5200ms (custom)
2019-10-07 08:28:36,039 [pool-423-thread-1] INFO  server.RaftServerConfigKeys (ConfUtils.java:logGet(43)) - raft.server.rpc.timeout.min = 5s (custom)
2019-10-07 08:28:36,039 [pool-413-thread-1] INFO  server.RaftServerConfigKeys (ConfUtils.java:logGet(43)) - raft.server.rpcslowness.timeout = 120s (custom)
2019-10-07 08:28:36,039 [pool-423-thread-1] INFO  server.RaftServerConfigKeys (ConfUtils.java:logGet(43)) - raft.server.rpc.timeout.max = 5200ms (custom)
2019-10-07 08:28:36,039 [pool-413-thread-1] INFO  server.RaftServerConfigKeys (ConfUtils.java:logGet(43)) - raft.server.sleep.deviation.threshold = 300 (default)
2019-10-07 08:28:36,039 [pool-423-thread-1] INFO  server.RaftServerConfigKeys (ConfUtils.java:logGet(43)) - raft.server.rpcslowness.timeout = 120s (custom)
2019-10-07 08:28:36,040 [pool-413-thread-1] INFO  server.RaftServerConfigKeys (ConfUtils.java:logGet(43)) - raft.server.log.appender.install.snapshot.enabled = false (custom)
2019-10-07 08:28:36,040 [pool-423-thread-1] INFO  server.RaftServerConfigKeys (ConfUtils.java:logGet(43)) - raft.server.sleep.deviation.threshold = 300 (default)
2019-10-07 08:28:36,040 [pool-413-thread-1] INFO  impl.RaftServerImpl (ServerState.java:<init>(103)) - 054ad7fb-3faf-4a48-9eee-1579d5b1c1d4@group-CF1ADE6EBB7E: ConfigurationManager, init=-1: [fc6b6745-f54d-4d11-8d76-ab058d7202a3:192.168.164.251:41742, 054ad7fb-3faf-4a48-9eee-1579d5b1c1d4:192.168.164.251:39469, 4a235271-100b-48dc-974e-0110da6833b1:192.168.164.251:41015], old=null, confs=<EMPTY_MAP>
2019-10-07 08:28:36,040 [pool-423-thread-1] INFO  server.RaftServerConfigKeys (ConfUtils.java:logGet(43)) - raft.server.log.appender.install.snapshot.enabled = false (custom)
2019-10-07 08:28:36,040 [pool-413-thread-1] INFO  server.RaftServerConfigKeys (ConfUtils.java:logGet(43)) - raft.server.storage.dir = [/workdir/hadoop-ozone/integration-test/target/test-dir/MiniOzoneClusterImpl-667fc2db-f272-4918-8834-23ffb7f93011/datanode-3/data/ratis] (custom)
2019-10-07 08:28:36,040 [pool-423-thread-1] INFO  impl.RaftServerImpl (ServerState.java:<init>(103)) - fc6b6745-f54d-4d11-8d76-ab058d7202a3@group-CF1ADE6EBB7E: ConfigurationManager, init=-1: [fc6b6745-f54d-4d11-8d76-ab058d7202a3:192.168.164.251:41742, 054ad7fb-3faf-4a48-9eee-1579d5b1c1d4:192.168.164.251:39469, 4a235271-100b-48dc-974e-0110da6833b1:192.168.164.251:41015], old=null, confs=<EMPTY_MAP>
2019-10-07 08:28:36,040 [pool-413-thread-1] INFO  server.RaftServerConfigKeys (ConfUtils.java:logGet(43)) - raft.server.log.corruption.policy = EXCEPTION (default)
2019-10-07 08:28:36,040 [pool-423-thread-1] INFO  server.RaftServerConfigKeys (ConfUtils.java:logGet(43)) - raft.server.storage.dir = [/workdir/hadoop-ozone/integration-test/target/test-dir/MiniOzoneClusterImpl-667fc2db-f272-4918-8834-23ffb7f93011/datanode-4/data/ratis] (custom)
2019-10-07 08:28:36,040 [pool-413-thread-1] INFO  storage.RaftStorageDirectory (RaftStorageDirectory.java:analyzeStorage(246)) - The storage directory /workdir/hadoop-ozone/integration-test/target/test-dir/MiniOzoneClusterImpl-667fc2db-f272-4918-8834-23ffb7f93011/datanode-3/data/ratis/50280f0d-5ad3-4881-aa7a-cf1ade6ebb7e does not exist. Creating ...
2019-10-07 08:28:36,040 [pool-423-thread-1] INFO  server.RaftServerConfigKeys (ConfUtils.java:logGet(43)) - raft.server.log.corruption.policy = EXCEPTION (default)
2019-10-07 08:28:36,041 [pool-423-thread-1] INFO  storage.RaftStorageDirectory (RaftStorageDirectory.java:analyzeStorage(246)) - The storage directory /workdir/hadoop-ozone/integration-test/target/test-dir/MiniOzoneClusterImpl-667fc2db-f272-4918-8834-23ffb7f93011/datanode-4/data/ratis/50280f0d-5ad3-4881-aa7a-cf1ade6ebb7e does not exist. Creating ...
2019-10-07 08:28:36,065 [pool-413-thread-1] INFO  storage.RaftStorageDirectory (RaftStorageDirectory.java:tryLock(328)) - Lock on /workdir/hadoop-ozone/integration-test/target/test-dir/MiniOzoneClusterImpl-667fc2db-f272-4918-8834-23ffb7f93011/datanode-3/data/ratis/50280f0d-5ad3-4881-aa7a-cf1ade6ebb7e/in_use.lock acquired by nodename 13710@pr-hdds-2239-kl4xt-1424884434
2019-10-07 08:28:36,065 [pool-433-thread-1] INFO  storage.RaftStorageDirectory (RaftStorageDirectory.java:tryLock(328)) - Lock on /workdir/hadoop-ozone/integration-test/target/test-dir/MiniOzoneClusterImpl-667fc2db-f272-4918-8834-23ffb7f93011/datanode-5/data/ratis/50280f0d-5ad3-4881-aa7a-cf1ade6ebb7e/in_use.lock acquired by nodename 13710@pr-hdds-2239-kl4xt-1424884434
2019-10-07 08:28:36,065 [pool-423-thread-1] INFO  storage.RaftStorageDirectory (RaftStorageDirectory.java:tryLock(328)) - Lock on /workdir/hadoop-ozone/integration-test/target/test-dir/MiniOzoneClusterImpl-667fc2db-f272-4918-8834-23ffb7f93011/datanode-4/data/ratis/50280f0d-5ad3-4881-aa7a-cf1ade6ebb7e/in_use.lock acquired by nodename 13710@pr-hdds-2239-kl4xt-1424884434
2019-10-07 08:28:36,078 [pool-413-thread-1] INFO  storage.RaftStorage (RaftStorage.java:format(84)) - Storage directory /workdir/hadoop-ozone/integration-test/target/test-dir/MiniOzoneClusterImpl-667fc2db-f272-4918-8834-23ffb7f93011/datanode-3/data/ratis/50280f0d-5ad3-4881-aa7a-cf1ade6ebb7e has been successfully formatted.
2019-10-07 08:28:36,078 [pool-433-thread-1] INFO  storage.RaftStorage (RaftStorage.java:format(84)) - Storage directory /workdir/hadoop-ozone/integration-test/target/test-dir/MiniOzoneClusterImpl-667fc2db-f272-4918-8834-23ffb7f93011/datanode-5/data/ratis/50280f0d-5ad3-4881-aa7a-cf1ade6ebb7e has been successfully formatted.
2019-10-07 08:28:36,078 [pool-423-thread-1] INFO  storage.RaftStorage (RaftStorage.java:format(84)) - Storage directory /workdir/hadoop-ozone/integration-test/target/test-dir/MiniOzoneClusterImpl-667fc2db-f272-4918-8834-23ffb7f93011/datanode-4/data/ratis/50280f0d-5ad3-4881-aa7a-cf1ade6ebb7e has been successfully formatted.
2019-10-07 08:28:36,078 [pool-413-thread-1] INFO  ratis.ContainerStateMachine (ContainerStateMachine.java:loadSnapshot(231)) - group-CF1ADE6EBB7E: The snapshot info is null. Setting the last applied indexto:(t:0, i:~)
2019-10-07 08:28:36,078 [pool-423-thread-1] INFO  ratis.ContainerStateMachine (ContainerStateMachine.java:loadSnapshot(231)) - group-CF1ADE6EBB7E: The snapshot info is null. Setting the last applied indexto:(t:0, i:~)
2019-10-07 08:28:36,078 [pool-433-thread-1] INFO  ratis.ContainerStateMachine (ContainerStateMachine.java:loadSnapshot(231)) - group-CF1ADE6EBB7E: The snapshot info is null. Setting the last applied indexto:(t:0, i:~)
2019-10-07 08:28:36,078 [pool-423-thread-1] INFO  server.RaftServerConfigKeys (ConfUtils.java:logGet(43)) - raft.server.notification.no-leader.timeout = 120s (custom)
2019-10-07 08:28:36,078 [pool-413-thread-1] INFO  server.RaftServerConfigKeys (ConfUtils.java:logGet(43)) - raft.server.notification.no-leader.timeout = 120s (custom)
2019-10-07 08:28:36,079 [pool-423-thread-1] INFO  server.RaftServerConfigKeys (ConfUtils.java:logGet(43)) - raft.server.log.use.memory = false (default)
2019-10-07 08:28:36,079 [pool-433-thread-1] INFO  server.RaftServerConfigKeys (ConfUtils.java:logGet(43)) - raft.server.notification.no-leader.timeout = 120s (custom)
2019-10-07 08:28:36,079 [pool-423-thread-1] INFO  server.RaftServerConfigKeys (ConfUtils.java:logGet(43)) - raft.server.log.purge.gap = 1000000 (custom)
2019-10-07 08:28:36,079 [pool-413-thread-1] INFO  server.RaftServerConfigKeys (ConfUtils.java:logGet(43)) - raft.server.log.use.memory = false (default)
2019-10-07 08:28:36,079 [pool-423-thread-1] INFO  server.RaftServerConfigKeys (ConfUtils.java:logGet(43)) - raft.server.log.appender.buffer.byte-limit = 33554432 (custom)
2019-10-07 08:28:36,079 [pool-433-thread-1] INFO  server.RaftServerConfigKeys (ConfUtils.java:logGet(43)) - raft.server.log.use.memory = false (default)
2019-10-07 08:28:36,079 [pool-423-thread-1] INFO  server.RaftServerConfigKeys (ConfUtils.java:logGet(43)) - raft.server.log.segment.size.max = 1048576 (custom)
2019-10-07 08:28:36,079 [pool-413-thread-1] INFO  server.RaftServerConfigKeys (ConfUtils.java:logGet(43)) - raft.server.log.purge.gap = 1000000 (custom)
2019-10-07 08:28:36,079 [pool-423-thread-1] INFO  server.RaftServerConfigKeys (ConfUtils.java:logGet(43)) - raft.server.log.segment.cache.num.max = 2 (custom)
2019-10-07 08:28:36,079 [pool-433-thread-1] INFO  server.RaftServerConfigKeys (ConfUtils.java:logGet(43)) - raft.server.log.purge.gap = 1000000 (custom)
2019-10-07 08:28:36,079 [pool-423-thread-1] INFO  segmented.SegmentedRaftLogWorker (SegmentedRaftLogWorker.java:<init>(173)) - new fc6b6745-f54d-4d11-8d76-ab058d7202a3@group-CF1ADE6EBB7E-SegmentedRaftLogWorker for RaftStorage:Storage Directory /workdir/hadoop-ozone/integration-test/target/test-dir/MiniOzoneClusterImpl-667fc2db-f272-4918-8834-23ffb7f93011/datanode-4/data/ratis/50280f0d-5ad3-4881-aa7a-cf1ade6ebb7e
2019-10-07 08:28:36,079 [pool-413-thread-1] INFO  server.RaftServerConfigKeys (ConfUtils.java:logGet(43)) - raft.server.log.appender.buffer.byte-limit = 33554432 (custom)
2019-10-07 08:28:36,080 [pool-423-thread-1] INFO  server.RaftServerConfigKeys (ConfUtils.java:logGet(43)) - raft.server.log.queue.byte-limit = 2147483647 (custom)
2019-10-07 08:28:36,080 [pool-433-thread-1] INFO  server.RaftServerConfigKeys (ConfUtils.java:logGet(43)) - raft.server.log.appender.buffer.byte-limit = 33554432 (custom)
2019-10-07 08:28:36,080 [pool-423-thread-1] INFO  server.RaftServerConfigKeys (ConfUtils.java:logGet(43)) - raft.server.log.queue.element-limit = 1024 (custom)
2019-10-07 08:28:36,080 [pool-413-thread-1] INFO  server.RaftServerConfigKeys (ConfUtils.java:logGet(43)) - raft.server.log.segment.size.max = 1048576 (custom)
2019-10-07 08:28:36,080 [pool-423-thread-1] INFO  server.RaftServerConfigKeys (ConfUtils.java:logGet(43)) - raft.server.log.segment.size.max = 1048576 (custom)
2019-10-07 08:28:36,080 [pool-433-thread-1] INFO  server.RaftServerConfigKeys (ConfUtils.java:logGet(43)) - raft.server.log.segment.size.max = 1048576 (custom)
2019-10-07 08:28:36,080 [pool-423-thread-1] INFO  server.RaftServerConfigKeys (ConfUtils.java:logGet(43)) - raft.server.log.preallocated.size = 16384 (custom)
2019-10-07 08:28:36,080 [pool-413-thread-1] INFO  server.RaftServerConfigKeys (ConfUtils.java:logGet(43)) - raft.server.log.segment.cache.num.max = 2 (custom)
2019-10-07 08:28:36,080 [pool-423-thread-1] INFO  server.RaftServerConfigKeys (ConfUtils.java:logGet(43)) - raft.server.log.write.buffer.size = 33554432 (custom)
2019-10-07 08:28:36,080 [pool-433-thread-1] INFO  server.RaftServerConfigKeys (ConfUtils.java:logGet(43)) - raft.server.log.segment.cache.num.max = 2 (custom)
2019-10-07 08:28:36,081 [pool-423-thread-1] INFO  server.RaftServerConfigKeys (ConfUtils.java:logGet(43)) - raft.server.log.force.sync.num = 128 (default)
2019-10-07 08:28:36,080 [pool-413-thread-1] INFO  segmented.SegmentedRaftLogWorker (SegmentedRaftLogWorker.java:<init>(173)) - new 054ad7fb-3faf-4a48-9eee-1579d5b1c1d4@group-CF1ADE6EBB7E-SegmentedRaftLogWorker for RaftStorage:Storage Directory /workdir/hadoop-ozone/integration-test/target/test-dir/MiniOzoneClusterImpl-667fc2db-f272-4918-8834-23ffb7f93011/datanode-3/data/ratis/50280f0d-5ad3-4881-aa7a-cf1ade6ebb7e
2019-10-07 08:28:36,081 [pool-423-thread-1] INFO  server.RaftServerConfigKeys (ConfUtils.java:logGet(43)) - raft.server.log.statemachine.data.sync = true (default)
2019-10-07 08:28:36,081 [pool-433-thread-1] INFO  segmented.SegmentedRaftLogWorker (SegmentedRaftLogWorker.java:<init>(173)) - new 4a235271-100b-48dc-974e-0110da6833b1@group-CF1ADE6EBB7E-SegmentedRaftLogWorker for RaftStorage:Storage Directory /workdir/hadoop-ozone/integration-test/target/test-dir/MiniOzoneClusterImpl-667fc2db-f272-4918-8834-23ffb7f93011/datanode-5/data/ratis/50280f0d-5ad3-4881-aa7a-cf1ade6ebb7e
2019-10-07 08:28:36,081 [pool-423-thread-1] INFO  server.RaftServerConfigKeys (ConfUtils.java:logGet(43)) - raft.server.log.statemachine.data.sync.timeout = 10s (default)
2019-10-07 08:28:36,081 [pool-413-thread-1] INFO  server.RaftServerConfigKeys (ConfUtils.java:logGet(43)) - raft.server.log.queue.byte-limit = 2147483647 (custom)
2019-10-07 08:28:36,081 [pool-423-thread-1] INFO  server.RaftServerConfigKeys (ConfUtils.java:logGet(43)) - raft.server.log.statemachine.data.sync.timeout.retry = -1 (default)
2019-10-07 08:28:36,081 [pool-433-thread-1] INFO  server.RaftServerConfigKeys (ConfUtils.java:logGet(43)) - raft.server.log.queue.byte-limit = 2147483647 (custom)
2019-10-07 08:28:36,081 [pool-423-thread-1] INFO  server.RaftServerConfigKeys (ConfUtils.java:logGet(43)) - raft.server.log.statemachine.data.caching.enabled = true (custom)
2019-10-07 08:28:36,081 [pool-413-thread-1] INFO  server.RaftServerConfigKeys (ConfUtils.java:logGet(43)) - raft.server.log.queue.element-limit = 1024 (custom)
2019-10-07 08:28:36,081 [pool-433-thread-1] INFO  server.RaftServerConfigKeys (ConfUtils.java:logGet(43)) - raft.server.log.queue.element-limit = 1024 (custom)
2019-10-07 08:28:36,081 [pool-423-thread-1] INFO  segmented.SegmentedRaftLogWorker (SegmentedRaftLogWorker.java:lambda$new$0(128)) - fc6b6745-f54d-4d11-8d76-ab058d7202a3@group-CF1ADE6EBB7E-SegmentedRaftLogWorker: flushIndex: setUnconditionally 0 -> -1
2019-10-07 08:28:36,081 [pool-413-thread-1] INFO  server.RaftServerConfigKeys (ConfUtils.java:logGet(43)) - raft.server.log.segment.size.max = 1048576 (custom)
2019-10-07 08:28:36,082 [pool-433-thread-1] INFO  server.RaftServerConfigKeys (ConfUtils.java:logGet(43)) - raft.server.log.segment.size.max = 1048576 (custom)
2019-10-07 08:28:36,082 [pool-423-thread-1] INFO  server.RaftServerConfigKeys (ConfUtils.java:logGet(43)) - raft.server.snapshot.auto.trigger.enabled = true (custom)
2019-10-07 08:28:36,082 [pool-413-thread-1] INFO  server.RaftServerConfigKeys (ConfUtils.java:logGet(43)) - raft.server.log.preallocated.size = 16384 (custom)
2019-10-07 08:28:36,082 [pool-423-thread-1] INFO  server.RaftServerConfigKeys (ConfUtils.java:logGet(43)) - raft.server.snapshot.auto.trigger.threshold = 10000 (custom)
2019-10-07 08:28:36,082 [pool-433-thread-1] INFO  server.RaftServerConfigKeys (ConfUtils.java:logGet(43)) - raft.server.log.preallocated.size = 16384 (custom)
2019-10-07 08:28:36,082 [pool-423-thread-1] INFO  server.RaftServerConfigKeys (ConfUtils.java:logGet(43)) - raft.server.snapshot.retention.file.num = 5 (custom)
2019-10-07 08:28:36,082 [pool-413-thread-1] INFO  server.RaftServerConfigKeys (ConfUtils.java:logGet(43)) - raft.server.log.write.buffer.size = 33554432 (custom)
2019-10-07 08:28:36,082 [pool-423-thread-1] INFO  server.RaftServerConfigKeys (ConfUtils.java:logGet(43)) - raft.server.retrycache.expirytime = 600000ms (custom)
2019-10-07 08:28:36,082 [pool-433-thread-1] INFO  server.RaftServerConfigKeys (ConfUtils.java:logGet(43)) - raft.server.log.write.buffer.size = 33554432 (custom)
2019-10-07 08:28:36,082 [pool-413-thread-1] INFO  server.RaftServerConfigKeys (ConfUtils.java:logGet(43)) - raft.server.log.force.sync.num = 128 (default)
2019-10-07 08:28:36,082 [pool-433-thread-1] INFO  server.RaftServerConfigKeys (ConfUtils.java:logGet(43)) - raft.server.log.force.sync.num = 128 (default)
2019-10-07 08:28:36,083 [pool-413-thread-1] INFO  server.RaftServerConfigKeys (ConfUtils.java:logGet(43)) - raft.server.log.statemachine.data.sync = true (default)
2019-10-07 08:28:36,083 [pool-433-thread-1] INFO  server.RaftServerConfigKeys (ConfUtils.java:logGet(43)) - raft.server.log.statemachine.data.sync = true (default)
2019-10-07 08:28:36,083 [pool-413-thread-1] INFO  server.RaftServerConfigKeys (ConfUtils.java:logGet(43)) - raft.server.log.statemachine.data.sync.timeout = 10s (default)
2019-10-07 08:28:36,083 [pool-433-thread-1] INFO  server.RaftServerConfigKeys (ConfUtils.java:logGet(43)) - raft.server.log.statemachine.data.sync.timeout = 10s (default)
2019-10-07 08:28:36,083 [pool-413-thread-1] INFO  server.RaftServerConfigKeys (ConfUtils.java:logGet(43)) - raft.server.log.statemachine.data.sync.timeout.retry = -1 (default)
2019-10-07 08:28:36,083 [pool-433-thread-1] INFO  server.RaftServerConfigKeys (ConfUtils.java:logGet(43)) - raft.server.log.statemachine.data.sync.timeout.retry = -1 (default)
2019-10-07 08:28:36,083 [pool-413-thread-1] INFO  server.RaftServerConfigKeys (ConfUtils.java:logGet(43)) - raft.server.log.statemachine.data.caching.enabled = true (custom)
2019-10-07 08:28:36,083 [pool-433-thread-1] INFO  server.RaftServerConfigKeys (ConfUtils.java:logGet(43)) - raft.server.log.statemachine.data.caching.enabled = true (custom)
2019-10-07 08:28:36,083 [pool-413-thread-1] INFO  segmented.SegmentedRaftLogWorker (SegmentedRaftLogWorker.java:lambda$new$0(128)) - 054ad7fb-3faf-4a48-9eee-1579d5b1c1d4@group-CF1ADE6EBB7E-SegmentedRaftLogWorker: flushIndex: setUnconditionally 0 -> -1
2019-10-07 08:28:36,084 [pool-433-thread-1] INFO  segmented.SegmentedRaftLogWorker (SegmentedRaftLogWorker.java:lambda$new$0(128)) - 4a235271-100b-48dc-974e-0110da6833b1@group-CF1ADE6EBB7E-SegmentedRaftLogWorker: flushIndex: setUnconditionally 0 -> -1
2019-10-07 08:28:36,084 [pool-413-thread-1] INFO  server.RaftServerConfigKeys (ConfUtils.java:logGet(43)) - raft.server.snapshot.auto.trigger.enabled = true (custom)
2019-10-07 08:28:36,084 [pool-423-thread-1] INFO  impl.RaftServerImpl (RaftServerImpl.java:start(181)) - fc6b6745-f54d-4d11-8d76-ab058d7202a3@group-CF1ADE6EBB7E: start as a follower, conf=-1: [fc6b6745-f54d-4d11-8d76-ab058d7202a3:192.168.164.251:41742, 054ad7fb-3faf-4a48-9eee-1579d5b1c1d4:192.168.164.251:39469, 4a235271-100b-48dc-974e-0110da6833b1:192.168.164.251:41015], old=null
2019-10-07 08:28:36,084 [pool-433-thread-1] INFO  server.RaftServerConfigKeys (ConfUtils.java:logGet(43)) - raft.server.snapshot.auto.trigger.enabled = true (custom)
2019-10-07 08:28:36,084 [pool-413-thread-1] INFO  server.RaftServerConfigKeys (ConfUtils.java:logGet(43)) - raft.server.snapshot.auto.trigger.threshold = 10000 (custom)
2019-10-07 08:28:36,084 [pool-433-thread-1] INFO  server.RaftServerConfigKeys (ConfUtils.java:logGet(43)) - raft.server.snapshot.auto.trigger.threshold = 10000 (custom)
2019-10-07 08:28:36,084 [pool-423-thread-1] INFO  impl.RaftServerImpl (RaftServerImpl.java:setRole(170)) - fc6b6745-f54d-4d11-8d76-ab058d7202a3@group-CF1ADE6EBB7E: changes role from      null to FOLLOWER at term 0 for startAsFollower
2019-10-07 08:28:36,084 [pool-433-thread-1] INFO  server.RaftServerConfigKeys (ConfUtils.java:logGet(43)) - raft.server.snapshot.retention.file.num = 5 (custom)
2019-10-07 08:28:36,084 [pool-413-thread-1] INFO  server.RaftServerConfigKeys (ConfUtils.java:logGet(43)) - raft.server.snapshot.retention.file.num = 5 (custom)
2019-10-07 08:28:36,084 [pool-433-thread-1] INFO  server.RaftServerConfigKeys (ConfUtils.java:logGet(43)) - raft.server.retrycache.expirytime = 600000ms (custom)
2019-10-07 08:28:36,084 [pool-423-thread-1] INFO  impl.RoleInfo (RoleInfo.java:updateAndGet(143)) - fc6b6745-f54d-4d11-8d76-ab058d7202a3: start FollowerState
2019-10-07 08:28:36,085 [pool-413-thread-1] INFO  server.RaftServerConfigKeys (ConfUtils.java:logGet(43)) - raft.server.retrycache.expirytime = 600000ms (custom)
2019-10-07 08:28:36,085 [pool-423-thread-1] INFO  util.JmxRegister (JmxRegister.java:tryRegister(44)) - Successfully registered JMX Bean with object name Ratis:service=RaftServer,group=group-CF1ADE6EBB7E,id=fc6b6745-f54d-4d11-8d76-ab058d7202a3
2019-10-07 08:28:36,088 [pool-433-thread-1] INFO  impl.RaftServerImpl (RaftServerImpl.java:start(181)) - 4a235271-100b-48dc-974e-0110da6833b1@group-CF1ADE6EBB7E: start as a follower, conf=-1: [fc6b6745-f54d-4d11-8d76-ab058d7202a3:192.168.164.251:41742, 054ad7fb-3faf-4a48-9eee-1579d5b1c1d4:192.168.164.251:39469, 4a235271-100b-48dc-974e-0110da6833b1:192.168.164.251:41015], old=null
2019-10-07 08:28:36,088 [pool-433-thread-1] INFO  impl.RaftServerImpl (RaftServerImpl.java:setRole(170)) - 4a235271-100b-48dc-974e-0110da6833b1@group-CF1ADE6EBB7E: changes role from      null to FOLLOWER at term 0 for startAsFollower
2019-10-07 08:28:36,088 [pool-433-thread-1] INFO  impl.RoleInfo (RoleInfo.java:updateAndGet(143)) - 4a235271-100b-48dc-974e-0110da6833b1: start FollowerState
2019-10-07 08:28:36,088 [pool-413-thread-1] INFO  impl.RaftServerImpl (RaftServerImpl.java:start(181)) - 054ad7fb-3faf-4a48-9eee-1579d5b1c1d4@group-CF1ADE6EBB7E: start as a follower, conf=-1: [fc6b6745-f54d-4d11-8d76-ab058d7202a3:192.168.164.251:41742, 054ad7fb-3faf-4a48-9eee-1579d5b1c1d4:192.168.164.251:39469, 4a235271-100b-48dc-974e-0110da6833b1:192.168.164.251:41015], old=null
2019-10-07 08:28:36,088 [pool-413-thread-1] INFO  impl.RaftServerImpl (RaftServerImpl.java:setRole(170)) - 054ad7fb-3faf-4a48-9eee-1579d5b1c1d4@group-CF1ADE6EBB7E: changes role from      null to FOLLOWER at term 0 for startAsFollower
2019-10-07 08:28:36,088 [pool-433-thread-1] INFO  util.JmxRegister (JmxRegister.java:tryRegister(44)) - Successfully registered JMX Bean with object name Ratis:service=RaftServer,group=group-CF1ADE6EBB7E,id=4a235271-100b-48dc-974e-0110da6833b1
2019-10-07 08:28:36,088 [pool-413-thread-1] INFO  impl.RoleInfo (RoleInfo.java:updateAndGet(143)) - 054ad7fb-3faf-4a48-9eee-1579d5b1c1d4: start FollowerState
2019-10-07 08:28:36,089 [pool-413-thread-1] INFO  util.JmxRegister (JmxRegister.java:tryRegister(44)) - Successfully registered JMX Bean with object name Ratis:service=RaftServer,group=group-CF1ADE6EBB7E,id=054ad7fb-3faf-4a48-9eee-1579d5b1c1d4
2019-10-07 08:28:36,103 [RatisPipelineUtilsThread] INFO  pipeline.PipelineStateManager (PipelineStateManager.java:addPipeline(56)) - Created pipeline Pipeline[ Id: 50280f0d-5ad3-4881-aa7a-cf1ade6ebb7e, Nodes: fc6b6745-f54d-4d11-8d76-ab058d7202a3{ip: 192.168.164.251, host: pr-hdds-2239-kl4xt-1424884434, networkLocation: /default-rack, certSerialId: null}4a235271-100b-48dc-974e-0110da6833b1{ip: 192.168.164.251, host: pr-hdds-2239-kl4xt-1424884434, networkLocation: /default-rack, certSerialId: null}054ad7fb-3faf-4a48-9eee-1579d5b1c1d4{ip: 192.168.164.251, host: pr-hdds-2239-kl4xt-1424884434, networkLocation: /default-rack, certSerialId: null}, Type:RATIS, Factor:THREE, State:OPEN]
2019-10-07 08:28:37,638 [grpc-default-executor-9] WARN  server.GrpcLogAppender (LogUtils.java:warn(134)) - 19854c93-6789-4a4b-baec-170f8e9dd2d3@group-85450239316C->1220f68b-22f9-43b7-8239-f0ea73c643e6-AppendLogResponseHandler: Failed appendEntries: org.apache.ratis.thirdparty.io.grpc.StatusRuntimeException: UNAVAILABLE: io exception
2019-10-07 08:28:37,638 [grpc-default-executor-8] WARN  server.GrpcLogAppender (LogUtils.java:warn(134)) - 19854c93-6789-4a4b-baec-170f8e9dd2d3@group-85450239316C->2aa6f7b3-a59e-4058-8af2-5381ad6af7db-AppendLogResponseHandler: Failed appendEntries: org.apache.ratis.thirdparty.io.grpc.StatusRuntimeException: UNAVAILABLE: io exception
2019-10-07 08:28:37,642 [grpc-default-executor-9] INFO  impl.FollowerInfo (FollowerInfo.java:lambda$new$0(51)) - 19854c93-6789-4a4b-baec-170f8e9dd2d3@group-85450239316C->1220f68b-22f9-43b7-8239-f0ea73c643e6: nextIndex: updateUnconditionally 0 -> 0
2019-10-07 08:28:37,642 [grpc-default-executor-8] INFO  impl.FollowerInfo (FollowerInfo.java:lambda$new$0(51)) - 19854c93-6789-4a4b-baec-170f8e9dd2d3@group-85450239316C->2aa6f7b3-a59e-4058-8af2-5381ad6af7db: nextIndex: updateUnconditionally 0 -> 0
2019-10-07 08:28:38,313 [Thread-2311] INFO  container.ReplicationManager (ReplicationManager.java:start(162)) - Starting Replication Monitor Thread.
2019-10-07 08:28:38,319 [ReplicationMonitor] INFO  container.ReplicationManager (ReplicationManager.java:run(225)) - Replication Monitor Thread took 0 milliseconds for processing 1 containers.
2019-10-07 08:28:40,138 [grpc-default-executor-8] WARN  server.GrpcLogAppender (LogUtils.java:warn(134)) - 19854c93-6789-4a4b-baec-170f8e9dd2d3@group-85450239316C->1220f68b-22f9-43b7-8239-f0ea73c643e6-AppendLogResponseHandler: Failed appendEntries: org.apache.ratis.thirdparty.io.grpc.StatusRuntimeException: UNAVAILABLE: io exception
2019-10-07 08:28:40,138 [grpc-default-executor-10] WARN  server.GrpcLogAppender (LogUtils.java:warn(134)) - 19854c93-6789-4a4b-baec-170f8e9dd2d3@group-85450239316C->2aa6f7b3-a59e-4058-8af2-5381ad6af7db-AppendLogResponseHandler: Failed appendEntries: org.apache.ratis.thirdparty.io.grpc.StatusRuntimeException: UNAVAILABLE: io exception
2019-10-07 08:28:40,139 [grpc-default-executor-8] INFO  impl.FollowerInfo (FollowerInfo.java:lambda$new$0(51)) - 19854c93-6789-4a4b-baec-170f8e9dd2d3@group-85450239316C->1220f68b-22f9-43b7-8239-f0ea73c643e6: nextIndex: updateUnconditionally 0 -> 0
2019-10-07 08:28:40,139 [grpc-default-executor-10] INFO  impl.FollowerInfo (FollowerInfo.java:lambda$new$0(51)) - 19854c93-6789-4a4b-baec-170f8e9dd2d3@group-85450239316C->2aa6f7b3-a59e-4058-8af2-5381ad6af7db: nextIndex: updateUnconditionally 0 -> 0
2019-10-07 08:28:40,501 [Thread-2316] INFO  impl.FollowerState (FollowerState.java:run(108)) - 64db250c-0595-4dd9-8c8a-c2c488536deb@group-C3C69EC39C74-FollowerState: change to CANDIDATE, lastRpcTime:5085ms, electionTimeout:5085ms
2019-10-07 08:28:40,501 [Thread-2316] INFO  impl.RoleInfo (RoleInfo.java:shutdownFollowerState(121)) - 64db250c-0595-4dd9-8c8a-c2c488536deb: shutdown FollowerState
2019-10-07 08:28:40,501 [Thread-2316] INFO  impl.RaftServerImpl (RaftServerImpl.java:setRole(170)) - 64db250c-0595-4dd9-8c8a-c2c488536deb@group-C3C69EC39C74: changes role from  FOLLOWER to CANDIDATE at term 0 for changeToCandidate
2019-10-07 08:28:40,501 [Thread-2316] INFO  impl.RoleInfo (RoleInfo.java:updateAndGet(143)) - 64db250c-0595-4dd9-8c8a-c2c488536deb: start LeaderElection
2019-10-07 08:28:40,523 [64db250c-0595-4dd9-8c8a-c2c488536deb@group-C3C69EC39C74-LeaderElection54] INFO  impl.LeaderElection (LeaderElection.java:askForVotes(178)) - 64db250c-0595-4dd9-8c8a-c2c488536deb@group-C3C69EC39C74-LeaderElection54: begin an election at term 1 for -1: [64db250c-0595-4dd9-8c8a-c2c488536deb:192.168.164.251:46638], old=null
2019-10-07 08:28:40,523 [64db250c-0595-4dd9-8c8a-c2c488536deb@group-C3C69EC39C74-LeaderElection54] INFO  impl.RoleInfo (RoleInfo.java:shutdownLeaderElection(134)) - 64db250c-0595-4dd9-8c8a-c2c488536deb: shutdown LeaderElection
2019-10-07 08:28:40,523 [64db250c-0595-4dd9-8c8a-c2c488536deb@group-C3C69EC39C74-LeaderElection54] INFO  impl.RaftServerImpl (RaftServerImpl.java:setRole(170)) - 64db250c-0595-4dd9-8c8a-c2c488536deb@group-C3C69EC39C74: changes role from CANDIDATE to LEADER at term 1 for changeToLeader
2019-10-07 08:28:40,523 [64db250c-0595-4dd9-8c8a-c2c488536deb@group-C3C69EC39C74-LeaderElection54] INFO  impl.RaftServerImpl (ServerState.java:setLeader(255)) - 64db250c-0595-4dd9-8c8a-c2c488536deb@group-C3C69EC39C74: change Leader from null to 64db250c-0595-4dd9-8c8a-c2c488536deb at term 1 for becomeLeader, leader elected after 5112ms
2019-10-07 08:28:40,524 [64db250c-0595-4dd9-8c8a-c2c488536deb@group-C3C69EC39C74-LeaderElection54] INFO  server.RaftServerConfigKeys (ConfUtils.java:logGet(43)) - raft.server.staging.catchup.gap = 1000 (default)
2019-10-07 08:28:40,524 [64db250c-0595-4dd9-8c8a-c2c488536deb@group-C3C69EC39C74-LeaderElection54] INFO  server.RaftServerConfigKeys (ConfUtils.java:logGet(43)) - raft.server.rpc.sleep.time = 25ms (default)
2019-10-07 08:28:40,524 [64db250c-0595-4dd9-8c8a-c2c488536deb@group-C3C69EC39C74-LeaderElection54] INFO  server.RaftServerConfigKeys (ConfUtils.java:logGet(43)) - raft.server.write.element-limit = 4096 (default)
2019-10-07 08:28:40,524 [64db250c-0595-4dd9-8c8a-c2c488536deb@group-C3C69EC39C74-LeaderElection54] INFO  server.RaftServerConfigKeys (ConfUtils.java:logGet(43)) - raft.server.watch.timeout = 10s (default)
2019-10-07 08:28:40,524 [64db250c-0595-4dd9-8c8a-c2c488536deb@group-C3C69EC39C74-LeaderElection54] INFO  server.RaftServerConfigKeys (ConfUtils.java:logGet(43)) - raft.server.watch.timeout.denomination = 1s (default)
2019-10-07 08:28:40,525 [64db250c-0595-4dd9-8c8a-c2c488536deb@group-C3C69EC39C74-LeaderElection54] INFO  server.RaftServerConfigKeys (ConfUtils.java:logGet(43)) - raft.server.watch.element-limit = 65536 (default)
2019-10-07 08:28:40,527 [64db250c-0595-4dd9-8c8a-c2c488536deb@group-C3C69EC39C74-LeaderElection54] INFO  impl.RoleInfo (RoleInfo.java:updateAndGet(143)) - 64db250c-0595-4dd9-8c8a-c2c488536deb: start LeaderState
2019-10-07 08:28:40,527 [64db250c-0595-4dd9-8c8a-c2c488536deb@group-C3C69EC39C74-LeaderElection54] INFO  segmented.SegmentedRaftLogWorker (SegmentedRaftLogWorker.java:startLogSegment(385)) - 64db250c-0595-4dd9-8c8a-c2c488536deb@group-C3C69EC39C74-SegmentedRaftLogWorker: Starting segment from index:0
2019-10-07 08:28:40,528 [64db250c-0595-4dd9-8c8a-c2c488536deb@group-C3C69EC39C74-LeaderElection54] INFO  impl.RaftServerImpl (ServerState.java:setRaftConf(356)) - 64db250c-0595-4dd9-8c8a-c2c488536deb@group-C3C69EC39C74: set configuration 0: [64db250c-0595-4dd9-8c8a-c2c488536deb:192.168.164.251:46638], old=null at 0
2019-10-07 08:28:40,540 [Thread-2313] INFO  impl.FollowerState (FollowerState.java:run(108)) - 2031bdeb-9386-4f7b-bea6-2032f71edc6e@group-FBDAB7B82FF9-FollowerState: change to CANDIDATE, lastRpcTime:5174ms, electionTimeout:5174ms
2019-10-07 08:28:40,540 [Thread-2313] INFO  impl.RoleInfo (RoleInfo.java:shutdownFollowerState(121)) - 2031bdeb-9386-4f7b-bea6-2032f71edc6e: shutdown FollowerState
2019-10-07 08:28:40,541 [Thread-2313] INFO  impl.RaftServerImpl (RaftServerImpl.java:setRole(170)) - 2031bdeb-9386-4f7b-bea6-2032f71edc6e@group-FBDAB7B82FF9: changes role from  FOLLOWER to CANDIDATE at term 0 for changeToCandidate
2019-10-07 08:28:40,541 [Thread-2313] INFO  impl.RoleInfo (RoleInfo.java:updateAndGet(143)) - 2031bdeb-9386-4f7b-bea6-2032f71edc6e: start LeaderElection
2019-10-07 08:28:40,573 [64db250c-0595-4dd9-8c8a-c2c488536deb@group-C3C69EC39C74-SegmentedRaftLogWorker] INFO  segmented.SegmentedRaftLogWorker (SegmentedRaftLogWorker.java:execute(574)) - 64db250c-0595-4dd9-8c8a-c2c488536deb@group-C3C69EC39C74-SegmentedRaftLogWorker: created new log segment /workdir/hadoop-ozone/integration-test/target/test-dir/MiniOzoneClusterImpl-667fc2db-f272-4918-8834-23ffb7f93011/datanode-1/data/ratis/f08cfe0f-ad12-44c2-aa0d-c3c69ec39c74/current/log_inprogress_0
2019-10-07 08:28:40,573 [2031bdeb-9386-4f7b-bea6-2032f71edc6e@group-FBDAB7B82FF9-LeaderElection55] INFO  impl.LeaderElection (LeaderElection.java:askForVotes(178)) - 2031bdeb-9386-4f7b-bea6-2032f71edc6e@group-FBDAB7B82FF9-LeaderElection55: begin an election at term 1 for -1: [2031bdeb-9386-4f7b-bea6-2032f71edc6e:192.168.164.251:43412], old=null
2019-10-07 08:28:40,573 [2031bdeb-9386-4f7b-bea6-2032f71edc6e@group-FBDAB7B82FF9-LeaderElection55] INFO  impl.RoleInfo (RoleInfo.java:shutdownLeaderElection(134)) - 2031bdeb-9386-4f7b-bea6-2032f71edc6e: shutdown LeaderElection
2019-10-07 08:28:40,573 [2031bdeb-9386-4f7b-bea6-2032f71edc6e@group-FBDAB7B82FF9-LeaderElection55] INFO  impl.RaftServerImpl (RaftServerImpl.java:setRole(170)) - 2031bdeb-9386-4f7b-bea6-2032f71edc6e@group-FBDAB7B82FF9: changes role from CANDIDATE to LEADER at term 1 for changeToLeader
2019-10-07 08:28:40,574 [2031bdeb-9386-4f7b-bea6-2032f71edc6e@group-FBDAB7B82FF9-LeaderElection55] INFO  impl.RaftServerImpl (ServerState.java:setLeader(255)) - 2031bdeb-9386-4f7b-bea6-2032f71edc6e@group-FBDAB7B82FF9: change Leader from null to 2031bdeb-9386-4f7b-bea6-2032f71edc6e at term 1 for becomeLeader, leader elected after 5213ms
2019-10-07 08:28:40,574 [2031bdeb-9386-4f7b-bea6-2032f71edc6e@group-FBDAB7B82FF9-LeaderElection55] INFO  server.RaftServerConfigKeys (ConfUtils.java:logGet(43)) - raft.server.staging.catchup.gap = 1000 (default)
2019-10-07 08:28:40,574 [2031bdeb-9386-4f7b-bea6-2032f71edc6e@group-FBDAB7B82FF9-LeaderElection55] INFO  server.RaftServerConfigKeys (ConfUtils.java:logGet(43)) - raft.server.rpc.sleep.time = 25ms (default)
2019-10-07 08:28:40,574 [2031bdeb-9386-4f7b-bea6-2032f71edc6e@group-FBDAB7B82FF9-LeaderElection55] INFO  server.RaftServerConfigKeys (ConfUtils.java:logGet(43)) - raft.server.write.element-limit = 4096 (default)
2019-10-07 08:28:40,574 [2031bdeb-9386-4f7b-bea6-2032f71edc6e@group-FBDAB7B82FF9-LeaderElection55] INFO  server.RaftServerConfigKeys (ConfUtils.java:logGet(43)) - raft.server.watch.timeout = 10s (default)
2019-10-07 08:28:40,574 [2031bdeb-9386-4f7b-bea6-2032f71edc6e@group-FBDAB7B82FF9-LeaderElection55] INFO  server.RaftServerConfigKeys (ConfUtils.java:logGet(43)) - raft.server.watch.timeout.denomination = 1s (default)
2019-10-07 08:28:40,575 [2031bdeb-9386-4f7b-bea6-2032f71edc6e@group-FBDAB7B82FF9-LeaderElection55] INFO  server.RaftServerConfigKeys (ConfUtils.java:logGet(43)) - raft.server.watch.element-limit = 65536 (default)
2019-10-07 08:28:40,577 [2031bdeb-9386-4f7b-bea6-2032f71edc6e@group-FBDAB7B82FF9-LeaderElection55] INFO  impl.RoleInfo (RoleInfo.java:updateAndGet(143)) - 2031bdeb-9386-4f7b-bea6-2032f71edc6e: start LeaderState
2019-10-07 08:28:40,577 [2031bdeb-9386-4f7b-bea6-2032f71edc6e@group-FBDAB7B82FF9-LeaderElection55] INFO  segmented.SegmentedRaftLogWorker (SegmentedRaftLogWorker.java:startLogSegment(385)) - 2031bdeb-9386-4f7b-bea6-2032f71edc6e@group-FBDAB7B82FF9-SegmentedRaftLogWorker: Starting segment from index:0
2019-10-07 08:28:40,578 [2031bdeb-9386-4f7b-bea6-2032f71edc6e@group-FBDAB7B82FF9-LeaderElection55] INFO  impl.RaftServerImpl (ServerState.java:setRaftConf(356)) - 2031bdeb-9386-4f7b-bea6-2032f71edc6e@group-FBDAB7B82FF9: set configuration 0: [2031bdeb-9386-4f7b-bea6-2032f71edc6e:192.168.164.251:43412], old=null at 0
2019-10-07 08:28:40,620 [Thread-2319] INFO  impl.FollowerState (FollowerState.java:run(108)) - 425a4ecf-96c9-4ed2-9685-9ed857d0c227@group-5E8E1AAA3656-FollowerState: change to CANDIDATE, lastRpcTime:5077ms, electionTimeout:5077ms
2019-10-07 08:28:40,620 [Thread-2319] INFO  impl.RoleInfo (RoleInfo.java:shutdownFollowerState(121)) - 425a4ecf-96c9-4ed2-9685-9ed857d0c227: shutdown FollowerState
2019-10-07 08:28:40,620 [Thread-2319] INFO  impl.RaftServerImpl (RaftServerImpl.java:setRole(170)) - 425a4ecf-96c9-4ed2-9685-9ed857d0c227@group-5E8E1AAA3656: changes role from  FOLLOWER to CANDIDATE at term 0 for changeToCandidate
2019-10-07 08:28:40,621 [Thread-2319] INFO  impl.RoleInfo (RoleInfo.java:updateAndGet(143)) - 425a4ecf-96c9-4ed2-9685-9ed857d0c227: start LeaderElection
2019-10-07 08:28:40,632 [2031bdeb-9386-4f7b-bea6-2032f71edc6e@group-FBDAB7B82FF9-SegmentedRaftLogWorker] INFO  segmented.SegmentedRaftLogWorker (SegmentedRaftLogWorker.java:execute(574)) - 2031bdeb-9386-4f7b-bea6-2032f71edc6e@group-FBDAB7B82FF9-SegmentedRaftLogWorker: created new log segment /workdir/hadoop-ozone/integration-test/target/test-dir/MiniOzoneClusterImpl-667fc2db-f272-4918-8834-23ffb7f93011/datanode-0/data/ratis/9efde808-65bd-4c6b-8d21-fbdab7b82ff9/current/log_inprogress_0
2019-10-07 08:28:40,644 [425a4ecf-96c9-4ed2-9685-9ed857d0c227@group-5E8E1AAA3656-LeaderElection56] INFO  impl.LeaderElection (LeaderElection.java:askForVotes(178)) - 425a4ecf-96c9-4ed2-9685-9ed857d0c227@group-5E8E1AAA3656-LeaderElection56: begin an election at term 1 for -1: [425a4ecf-96c9-4ed2-9685-9ed857d0c227:192.168.164.251:40961], old=null
2019-10-07 08:28:40,645 [425a4ecf-96c9-4ed2-9685-9ed857d0c227@group-5E8E1AAA3656-LeaderElection56] INFO  impl.RoleInfo (RoleInfo.java:shutdownLeaderElection(134)) - 425a4ecf-96c9-4ed2-9685-9ed857d0c227: shutdown LeaderElection
2019-10-07 08:28:40,645 [425a4ecf-96c9-4ed2-9685-9ed857d0c227@group-5E8E1AAA3656-LeaderElection56] INFO  impl.RaftServerImpl (RaftServerImpl.java:setRole(170)) - 425a4ecf-96c9-4ed2-9685-9ed857d0c227@group-5E8E1AAA3656: changes role from CANDIDATE to LEADER at term 1 for changeToLeader
2019-10-07 08:28:40,645 [425a4ecf-96c9-4ed2-9685-9ed857d0c227@group-5E8E1AAA3656-LeaderElection56] INFO  impl.RaftServerImpl (ServerState.java:setLeader(255)) - 425a4ecf-96c9-4ed2-9685-9ed857d0c227@group-5E8E1AAA3656: change Leader from null to 425a4ecf-96c9-4ed2-9685-9ed857d0c227 at term 1 for becomeLeader, leader elected after 5108ms
2019-10-07 08:28:40,645 [425a4ecf-96c9-4ed2-9685-9ed857d0c227@group-5E8E1AAA3656-LeaderElection56] INFO  server.RaftServerConfigKeys (ConfUtils.java:logGet(43)) - raft.server.staging.catchup.gap = 1000 (default)
2019-10-07 08:28:40,645 [425a4ecf-96c9-4ed2-9685-9ed857d0c227@group-5E8E1AAA3656-LeaderElection56] INFO  server.RaftServerConfigKeys (ConfUtils.java:logGet(43)) - raft.server.rpc.sleep.time = 25ms (default)
2019-10-07 08:28:40,645 [425a4ecf-96c9-4ed2-9685-9ed857d0c227@group-5E8E1AAA3656-LeaderElection56] INFO  server.RaftServerConfigKeys (ConfUtils.java:logGet(43)) - raft.server.write.element-limit = 4096 (default)
2019-10-07 08:28:40,645 [425a4ecf-96c9-4ed2-9685-9ed857d0c227@group-5E8E1AAA3656-LeaderElection56] INFO  server.RaftServerConfigKeys (ConfUtils.java:logGet(43)) - raft.server.watch.timeout = 10s (default)
2019-10-07 08:28:40,645 [425a4ecf-96c9-4ed2-9685-9ed857d0c227@group-5E8E1AAA3656-LeaderElection56] INFO  server.RaftServerConfigKeys (ConfUtils.java:logGet(43)) - raft.server.watch.timeout.denomination = 1s (default)
2019-10-07 08:28:40,645 [425a4ecf-96c9-4ed2-9685-9ed857d0c227@group-5E8E1AAA3656-LeaderElection56] INFO  server.RaftServerConfigKeys (ConfUtils.java:logGet(43)) - raft.server.watch.element-limit = 65536 (default)
2019-10-07 08:28:40,647 [425a4ecf-96c9-4ed2-9685-9ed857d0c227@group-5E8E1AAA3656-LeaderElection56] INFO  impl.RoleInfo (RoleInfo.java:updateAndGet(143)) - 425a4ecf-96c9-4ed2-9685-9ed857d0c227: start LeaderState
2019-10-07 08:28:40,647 [425a4ecf-96c9-4ed2-9685-9ed857d0c227@group-5E8E1AAA3656-LeaderElection56] INFO  segmented.SegmentedRaftLogWorker (SegmentedRaftLogWorker.java:startLogSegment(385)) - 425a4ecf-96c9-4ed2-9685-9ed857d0c227@group-5E8E1AAA3656-SegmentedRaftLogWorker: Starting segment from index:0
2019-10-07 08:28:40,647 [425a4ecf-96c9-4ed2-9685-9ed857d0c227@group-5E8E1AAA3656-LeaderElection56] INFO  impl.RaftServerImpl (ServerState.java:setRaftConf(356)) - 425a4ecf-96c9-4ed2-9685-9ed857d0c227@group-5E8E1AAA3656: set configuration 0: [425a4ecf-96c9-4ed2-9685-9ed857d0c227:192.168.164.251:40961], old=null at 0
2019-10-07 08:28:40,697 [425a4ecf-96c9-4ed2-9685-9ed857d0c227@group-5E8E1AAA3656-SegmentedRaftLogWorker] INFO  segmented.SegmentedRaftLogWorker (SegmentedRaftLogWorker.java:execute(574)) - 425a4ecf-96c9-4ed2-9685-9ed857d0c227@group-5E8E1AAA3656-SegmentedRaftLogWorker: created new log segment /workdir/hadoop-ozone/integration-test/target/test-dir/MiniOzoneClusterImpl-667fc2db-f272-4918-8834-23ffb7f93011/datanode-2/data/ratis/661a5c54-8f4e-40d0-879a-5e8e1aaa3656/current/log_inprogress_0
2019-10-07 08:28:40,722 [Thread-2325] INFO  impl.FollowerState (FollowerState.java:run(108)) - 2031bdeb-9386-4f7b-bea6-2032f71edc6e@group-CAC348664D94-FollowerState: change to CANDIDATE, lastRpcTime:5111ms, electionTimeout:5111ms
2019-10-07 08:28:40,722 [Thread-2325] INFO  impl.RoleInfo (RoleInfo.java:shutdownFollowerState(121)) - 2031bdeb-9386-4f7b-bea6-2032f71edc6e: shutdown FollowerState
2019-10-07 08:28:40,722 [Thread-2325] INFO  impl.RaftServerImpl (RaftServerImpl.java:setRole(170)) - 2031bdeb-9386-4f7b-bea6-2032f71edc6e@group-CAC348664D94: changes role from  FOLLOWER to CANDIDATE at term 0 for changeToCandidate
2019-10-07 08:28:40,722 [Thread-2325] INFO  impl.RoleInfo (RoleInfo.java:updateAndGet(143)) - 2031bdeb-9386-4f7b-bea6-2032f71edc6e: start LeaderElection
2019-10-07 08:28:40,751 [2031bdeb-9386-4f7b-bea6-2032f71edc6e@group-CAC348664D94-LeaderElection57] INFO  impl.LeaderElection (LeaderElection.java:askForVotes(178)) - 2031bdeb-9386-4f7b-bea6-2032f71edc6e@group-CAC348664D94-LeaderElection57: begin an election at term 1 for -1: [2031bdeb-9386-4f7b-bea6-2032f71edc6e:192.168.164.251:43412, 425a4ecf-96c9-4ed2-9685-9ed857d0c227:192.168.164.251:40961, 64db250c-0595-4dd9-8c8a-c2c488536deb:192.168.164.251:46638], old=null
2019-10-07 08:28:40,755 [grpc-default-executor-8] INFO  impl.RaftServerImpl (RaftServerImpl.java:setRole(170)) - 64db250c-0595-4dd9-8c8a-c2c488536deb@group-CAC348664D94: changes role from  FOLLOWER to FOLLOWER at term 1 for recognizeCandidate:2031bdeb-9386-4f7b-bea6-2032f71edc6e
2019-10-07 08:28:40,755 [grpc-default-executor-10] INFO  impl.RaftServerImpl (RaftServerImpl.java:setRole(170)) - 425a4ecf-96c9-4ed2-9685-9ed857d0c227@group-CAC348664D94: changes role from  FOLLOWER to FOLLOWER at term 1 for recognizeCandidate:2031bdeb-9386-4f7b-bea6-2032f71edc6e
2019-10-07 08:28:40,755 [grpc-default-executor-8] INFO  impl.RoleInfo (RoleInfo.java:shutdownFollowerState(121)) - 64db250c-0595-4dd9-8c8a-c2c488536deb: shutdown FollowerState
2019-10-07 08:28:40,755 [grpc-default-executor-10] INFO  impl.RoleInfo (RoleInfo.java:shutdownFollowerState(121)) - 425a4ecf-96c9-4ed2-9685-9ed857d0c227: shutdown FollowerState
2019-10-07 08:28:40,756 [Thread-2327] INFO  impl.FollowerState (FollowerState.java:run(117)) - 64db250c-0595-4dd9-8c8a-c2c488536deb@group-CAC348664D94-FollowerState was interrupted: java.lang.InterruptedException: sleep interrupted
2019-10-07 08:28:40,756 [grpc-default-executor-8] INFO  impl.RoleInfo (RoleInfo.java:updateAndGet(143)) - 64db250c-0595-4dd9-8c8a-c2c488536deb: start FollowerState
2019-10-07 08:28:40,756 [Thread-2329] INFO  impl.FollowerState (FollowerState.java:run(117)) - 425a4ecf-96c9-4ed2-9685-9ed857d0c227@group-CAC348664D94-FollowerState was interrupted: java.lang.InterruptedException: sleep interrupted
2019-10-07 08:28:40,756 [grpc-default-executor-10] INFO  impl.RoleInfo (RoleInfo.java:updateAndGet(143)) - 425a4ecf-96c9-4ed2-9685-9ed857d0c227: start FollowerState
2019-10-07 08:28:40,807 [2031bdeb-9386-4f7b-bea6-2032f71edc6e@group-CAC348664D94-LeaderElection57] INFO  impl.LeaderElection (LeaderElection.java:logAndReturn(56)) - 2031bdeb-9386-4f7b-bea6-2032f71edc6e@group-CAC348664D94-LeaderElection57: Election PASSED; received 1 response(s) [2031bdeb-9386-4f7b-bea6-2032f71edc6e<-425a4ecf-96c9-4ed2-9685-9ed857d0c227#0:OK-t1] and 0 exception(s); 2031bdeb-9386-4f7b-bea6-2032f71edc6e@group-CAC348664D94:t1, leader=null, voted=2031bdeb-9386-4f7b-bea6-2032f71edc6e, raftlog=2031bdeb-9386-4f7b-bea6-2032f71edc6e@group-CAC348664D94-SegmentedRaftLog:OPENED:c-1,f-1,i0, conf=-1: [2031bdeb-9386-4f7b-bea6-2032f71edc6e:192.168.164.251:43412, 425a4ecf-96c9-4ed2-9685-9ed857d0c227:192.168.164.251:40961, 64db250c-0595-4dd9-8c8a-c2c488536deb:192.168.164.251:46638], old=null
2019-10-07 08:28:40,807 [2031bdeb-9386-4f7b-bea6-2032f71edc6e@group-CAC348664D94-LeaderElection57] INFO  impl.RoleInfo (RoleInfo.java:shutdownLeaderElection(134)) - 2031bdeb-9386-4f7b-bea6-2032f71edc6e: shutdown LeaderElection
2019-10-07 08:28:40,807 [2031bdeb-9386-4f7b-bea6-2032f71edc6e@group-CAC348664D94-LeaderElection57] INFO  impl.RaftServerImpl (RaftServerImpl.java:setRole(170)) - 2031bdeb-9386-4f7b-bea6-2032f71edc6e@group-CAC348664D94: changes role from CANDIDATE to LEADER at term 1 for changeToLeader
2019-10-07 08:28:40,808 [2031bdeb-9386-4f7b-bea6-2032f71edc6e@group-CAC348664D94-LeaderElection57] INFO  impl.RaftServerImpl (ServerState.java:setLeader(255)) - 2031bdeb-9386-4f7b-bea6-2032f71edc6e@group-CAC348664D94: change Leader from null to 2031bdeb-9386-4f7b-bea6-2032f71edc6e at term 1 for becomeLeader, leader elected after 5204ms
2019-10-07 08:28:40,808 [2031bdeb-9386-4f7b-bea6-2032f71edc6e@group-CAC348664D94-LeaderElection57] INFO  server.RaftServerConfigKeys (ConfUtils.java:logGet(43)) - raft.server.staging.catchup.gap = 1000 (default)
2019-10-07 08:28:40,808 [2031bdeb-9386-4f7b-bea6-2032f71edc6e@group-CAC348664D94-LeaderElection57] INFO  server.RaftServerConfigKeys (ConfUtils.java:logGet(43)) - raft.server.rpc.sleep.time = 25ms (default)
2019-10-07 08:28:40,808 [2031bdeb-9386-4f7b-bea6-2032f71edc6e@group-CAC348664D94-LeaderElection57] INFO  server.RaftServerConfigKeys (ConfUtils.java:logGet(43)) - raft.server.write.element-limit = 4096 (default)
2019-10-07 08:28:40,808 [2031bdeb-9386-4f7b-bea6-2032f71edc6e@group-CAC348664D94-LeaderElection57] INFO  server.RaftServerConfigKeys (ConfUtils.java:logGet(43)) - raft.server.watch.timeout = 10s (default)
2019-10-07 08:28:40,808 [2031bdeb-9386-4f7b-bea6-2032f71edc6e@group-CAC348664D94-LeaderElection57] INFO  server.RaftServerConfigKeys (ConfUtils.java:logGet(43)) - raft.server.watch.timeout.denomination = 1s (default)
2019-10-07 08:28:40,808 [2031bdeb-9386-4f7b-bea6-2032f71edc6e@group-CAC348664D94-LeaderElection57] INFO  server.RaftServerConfigKeys (ConfUtils.java:logGet(43)) - raft.server.watch.element-limit = 65536 (default)
2019-10-07 08:28:40,810 [2031bdeb-9386-4f7b-bea6-2032f71edc6e@group-CAC348664D94-LeaderElection57] INFO  server.RaftServerConfigKeys (ConfUtils.java:logGet(43)) - raft.server.log.appender.snapshot.chunk.size.max = 16MB (=16777216) (default)
2019-10-07 08:28:40,810 [2031bdeb-9386-4f7b-bea6-2032f71edc6e@group-CAC348664D94-LeaderElection57] INFO  server.RaftServerConfigKeys (ConfUtils.java:logGet(43)) - raft.server.log.appender.buffer.byte-limit = 33554432 (custom)
2019-10-07 08:28:40,810 [2031bdeb-9386-4f7b-bea6-2032f71edc6e@group-CAC348664D94-LeaderElection57] INFO  server.RaftServerConfigKeys (ConfUtils.java:logGet(43)) - raft.server.log.appender.buffer.element-limit = 1 (custom)
2019-10-07 08:28:40,810 [2031bdeb-9386-4f7b-bea6-2032f71edc6e@group-CAC348664D94-LeaderElection57] INFO  grpc.GrpcConfigKeys$Server (ConfUtils.java:logGet(43)) - raft.grpc.server.leader.outstanding.appends.max = 128 (default)
2019-10-07 08:28:40,811 [2031bdeb-9386-4f7b-bea6-2032f71edc6e@group-CAC348664D94-LeaderElection57] INFO  server.RaftServerConfigKeys (ConfUtils.java:logGet(43)) - raft.server.rpc.request.timeout = 3000ms (default)
2019-10-07 08:28:40,811 [2031bdeb-9386-4f7b-bea6-2032f71edc6e@group-CAC348664D94-LeaderElection57] INFO  server.RaftServerConfigKeys (ConfUtils.java:logGet(43)) - raft.server.log.appender.install.snapshot.enabled = false (custom)
2019-10-07 08:28:40,811 [2031bdeb-9386-4f7b-bea6-2032f71edc6e@group-CAC348664D94-LeaderElection57] INFO  server.RaftServerConfigKeys (ConfUtils.java:logGet(43)) - raft.server.log.appender.snapshot.chunk.size.max = 16MB (=16777216) (default)
2019-10-07 08:28:40,811 [2031bdeb-9386-4f7b-bea6-2032f71edc6e@group-CAC348664D94-LeaderElection57] INFO  server.RaftServerConfigKeys (ConfUtils.java:logGet(43)) - raft.server.log.appender.buffer.byte-limit = 33554432 (custom)
2019-10-07 08:28:40,811 [2031bdeb-9386-4f7b-bea6-2032f71edc6e@group-CAC348664D94-LeaderElection57] INFO  server.RaftServerConfigKeys (ConfUtils.java:logGet(43)) - raft.server.log.appender.buffer.element-limit = 1 (custom)
2019-10-07 08:28:40,811 [2031bdeb-9386-4f7b-bea6-2032f71edc6e@group-CAC348664D94-LeaderElection57] INFO  grpc.GrpcConfigKeys$Server (ConfUtils.java:logGet(43)) - raft.grpc.server.leader.outstanding.appends.max = 128 (default)
2019-10-07 08:28:40,811 [2031bdeb-9386-4f7b-bea6-2032f71edc6e@group-CAC348664D94-LeaderElection57] INFO  server.RaftServerConfigKeys (ConfUtils.java:logGet(43)) - raft.server.rpc.request.timeout = 3000ms (default)
2019-10-07 08:28:40,812 [2031bdeb-9386-4f7b-bea6-2032f71edc6e@group-CAC348664D94-LeaderElection57] INFO  server.RaftServerConfigKeys (ConfUtils.java:logGet(43)) - raft.server.log.appender.install.snapshot.enabled = false (custom)
2019-10-07 08:28:40,812 [2031bdeb-9386-4f7b-bea6-2032f71edc6e@group-CAC348664D94-LeaderElection57] INFO  impl.RoleInfo (RoleInfo.java:updateAndGet(143)) - 2031bdeb-9386-4f7b-bea6-2032f71edc6e: start LeaderState
2019-10-07 08:28:40,812 [2031bdeb-9386-4f7b-bea6-2032f71edc6e@group-CAC348664D94-LeaderElection57] INFO  segmented.SegmentedRaftLogWorker (SegmentedRaftLogWorker.java:startLogSegment(385)) - 2031bdeb-9386-4f7b-bea6-2032f71edc6e@group-CAC348664D94-SegmentedRaftLogWorker: Starting segment from index:0
2019-10-07 08:28:40,813 [2031bdeb-9386-4f7b-bea6-2032f71edc6e@group-CAC348664D94-LeaderElection57] INFO  impl.RaftServerImpl (ServerState.java:setRaftConf(356)) - 2031bdeb-9386-4f7b-bea6-2032f71edc6e@group-CAC348664D94: set configuration 0: [2031bdeb-9386-4f7b-bea6-2032f71edc6e:192.168.164.251:43412, 425a4ecf-96c9-4ed2-9685-9ed857d0c227:192.168.164.251:40961, 64db250c-0595-4dd9-8c8a-c2c488536deb:192.168.164.251:46638], old=null at 0
2019-10-07 08:28:40,850 [Thread-2334] INFO  impl.FollowerState (FollowerState.java:run(108)) - fc6b6745-f54d-4d11-8d76-ab058d7202a3@group-FE944B96C86D-FollowerState: change to CANDIDATE, lastRpcTime:5040ms, electionTimeout:5036ms
2019-10-07 08:28:40,855 [Thread-2334] INFO  impl.RoleInfo (RoleInfo.java:shutdownFollowerState(121)) - fc6b6745-f54d-4d11-8d76-ab058d7202a3: shutdown FollowerState
2019-10-07 08:28:40,855 [Thread-2334] INFO  impl.RaftServerImpl (RaftServerImpl.java:setRole(170)) - fc6b6745-f54d-4d11-8d76-ab058d7202a3@group-FE944B96C86D: changes role from  FOLLOWER to CANDIDATE at term 0 for changeToCandidate
2019-10-07 08:28:40,855 [Thread-2334] INFO  impl.RoleInfo (RoleInfo.java:updateAndGet(143)) - fc6b6745-f54d-4d11-8d76-ab058d7202a3: start LeaderElection
2019-10-07 08:28:40,864 [2031bdeb-9386-4f7b-bea6-2032f71edc6e@group-CAC348664D94-SegmentedRaftLogWorker] INFO  segmented.SegmentedRaftLogWorker (SegmentedRaftLogWorker.java:execute(574)) - 2031bdeb-9386-4f7b-bea6-2032f71edc6e@group-CAC348664D94-SegmentedRaftLogWorker: created new log segment /workdir/hadoop-ozone/integration-test/target/test-dir/MiniOzoneClusterImpl-667fc2db-f272-4918-8834-23ffb7f93011/datanode-0/data/ratis/b6dd3881-99a5-4f8b-a5e6-cac348664d94/current/log_inprogress_0
2019-10-07 08:28:40,867 [grpc-default-executor-10] INFO  impl.RaftServerImpl (ServerState.java:setLeader(255)) - 64db250c-0595-4dd9-8c8a-c2c488536deb@group-CAC348664D94: change Leader from null to 2031bdeb-9386-4f7b-bea6-2032f71edc6e at term 1 for appendEntries, leader elected after 5260ms
2019-10-07 08:28:40,866 [grpc-default-executor-8] INFO  impl.RaftServerImpl (ServerState.java:setLeader(255)) - 425a4ecf-96c9-4ed2-9685-9ed857d0c227@group-CAC348664D94: change Leader from null to 2031bdeb-9386-4f7b-bea6-2032f71edc6e at term 1 for appendEntries, leader elected after 5263ms
2019-10-07 08:28:40,870 [grpc-default-executor-10] INFO  impl.RaftServerImpl (ServerState.java:setRaftConf(356)) - 64db250c-0595-4dd9-8c8a-c2c488536deb@group-CAC348664D94: set configuration 0: [2031bdeb-9386-4f7b-bea6-2032f71edc6e:192.168.164.251:43412, 425a4ecf-96c9-4ed2-9685-9ed857d0c227:192.168.164.251:40961, 64db250c-0595-4dd9-8c8a-c2c488536deb:192.168.164.251:46638], old=null at 0
2019-10-07 08:28:40,870 [grpc-default-executor-8] INFO  impl.RaftServerImpl (ServerState.java:setRaftConf(356)) - 425a4ecf-96c9-4ed2-9685-9ed857d0c227@group-CAC348664D94: set configuration 0: [2031bdeb-9386-4f7b-bea6-2032f71edc6e:192.168.164.251:43412, 425a4ecf-96c9-4ed2-9685-9ed857d0c227:192.168.164.251:40961, 64db250c-0595-4dd9-8c8a-c2c488536deb:192.168.164.251:46638], old=null at 0
2019-10-07 08:28:40,870 [grpc-default-executor-10] INFO  segmented.SegmentedRaftLogWorker (SegmentedRaftLogWorker.java:startLogSegment(385)) - 64db250c-0595-4dd9-8c8a-c2c488536deb@group-CAC348664D94-SegmentedRaftLogWorker: Starting segment from index:0
2019-10-07 08:28:40,870 [grpc-default-executor-8] INFO  segmented.SegmentedRaftLogWorker (SegmentedRaftLogWorker.java:startLogSegment(385)) - 425a4ecf-96c9-4ed2-9685-9ed857d0c227@group-CAC348664D94-SegmentedRaftLogWorker: Starting segment from index:0
2019-10-07 08:28:40,892 [fc6b6745-f54d-4d11-8d76-ab058d7202a3@group-FE944B96C86D-LeaderElection58] INFO  impl.LeaderElection (LeaderElection.java:askForVotes(178)) - fc6b6745-f54d-4d11-8d76-ab058d7202a3@group-FE944B96C86D-LeaderElection58: begin an election at term 1 for -1: [fc6b6745-f54d-4d11-8d76-ab058d7202a3:192.168.164.251:41742], old=null
2019-10-07 08:28:40,892 [fc6b6745-f54d-4d11-8d76-ab058d7202a3@group-FE944B96C86D-LeaderElection58] INFO  impl.RoleInfo (RoleInfo.java:shutdownLeaderElection(134)) - fc6b6745-f54d-4d11-8d76-ab058d7202a3: shutdown LeaderElection
2019-10-07 08:28:40,892 [fc6b6745-f54d-4d11-8d76-ab058d7202a3@group-FE944B96C86D-LeaderElection58] INFO  impl.RaftServerImpl (RaftServerImpl.java:setRole(170)) - fc6b6745-f54d-4d11-8d76-ab058d7202a3@group-FE944B96C86D: changes role from CANDIDATE to LEADER at term 1 for changeToLeader
2019-10-07 08:28:40,892 [fc6b6745-f54d-4d11-8d76-ab058d7202a3@group-FE944B96C86D-LeaderElection58] INFO  impl.RaftServerImpl (ServerState.java:setLeader(255)) - fc6b6745-f54d-4d11-8d76-ab058d7202a3@group-FE944B96C86D: change Leader from null to fc6b6745-f54d-4d11-8d76-ab058d7202a3 at term 1 for becomeLeader, leader elected after 5090ms
2019-10-07 08:28:40,892 [fc6b6745-f54d-4d11-8d76-ab058d7202a3@group-FE944B96C86D-LeaderElection58] INFO  server.RaftServerConfigKeys (ConfUtils.java:logGet(43)) - raft.server.staging.catchup.gap = 1000 (default)
2019-10-07 08:28:40,892 [fc6b6745-f54d-4d11-8d76-ab058d7202a3@group-FE944B96C86D-LeaderElection58] INFO  server.RaftServerConfigKeys (ConfUtils.java:logGet(43)) - raft.server.rpc.sleep.time = 25ms (default)
2019-10-07 08:28:40,893 [fc6b6745-f54d-4d11-8d76-ab058d7202a3@group-FE944B96C86D-LeaderElection58] INFO  server.RaftServerConfigKeys (ConfUtils.java:logGet(43)) - raft.server.write.element-limit = 4096 (default)
2019-10-07 08:28:40,893 [fc6b6745-f54d-4d11-8d76-ab058d7202a3@group-FE944B96C86D-LeaderElection58] INFO  server.RaftServerConfigKeys (ConfUtils.java:logGet(43)) - raft.server.watch.timeout = 10s (default)
2019-10-07 08:28:40,893 [fc6b6745-f54d-4d11-8d76-ab058d7202a3@group-FE944B96C86D-LeaderElection58] INFO  server.RaftServerConfigKeys (ConfUtils.java:logGet(43)) - raft.server.watch.timeout.denomination = 1s (default)
2019-10-07 08:28:40,893 [fc6b6745-f54d-4d11-8d76-ab058d7202a3@group-FE944B96C86D-LeaderElection58] INFO  server.RaftServerConfigKeys (ConfUtils.java:logGet(43)) - raft.server.watch.element-limit = 65536 (default)
2019-10-07 08:28:40,895 [fc6b6745-f54d-4d11-8d76-ab058d7202a3@group-FE944B96C86D-LeaderElection58] INFO  impl.RoleInfo (RoleInfo.java:updateAndGet(143)) - fc6b6745-f54d-4d11-8d76-ab058d7202a3: start LeaderState
2019-10-07 08:28:40,895 [fc6b6745-f54d-4d11-8d76-ab058d7202a3@group-FE944B96C86D-LeaderElection58] INFO  segmented.SegmentedRaftLogWorker (SegmentedRaftLogWorker.java:startLogSegment(385)) - fc6b6745-f54d-4d11-8d76-ab058d7202a3@group-FE944B96C86D-SegmentedRaftLogWorker: Starting segment from index:0
2019-10-07 08:28:40,895 [fc6b6745-f54d-4d11-8d76-ab058d7202a3@group-FE944B96C86D-LeaderElection58] INFO  impl.RaftServerImpl (ServerState.java:setRaftConf(356)) - fc6b6745-f54d-4d11-8d76-ab058d7202a3@group-FE944B96C86D: set configuration 0: [fc6b6745-f54d-4d11-8d76-ab058d7202a3:192.168.164.251:41742], old=null at 0
2019-10-07 08:28:40,923 [425a4ecf-96c9-4ed2-9685-9ed857d0c227@group-CAC348664D94-SegmentedRaftLogWorker] INFO  segmented.SegmentedRaftLogWorker (SegmentedRaftLogWorker.java:execute(574)) - 425a4ecf-96c9-4ed2-9685-9ed857d0c227@group-CAC348664D94-SegmentedRaftLogWorker: created new log segment /workdir/hadoop-ozone/integration-test/target/test-dir/MiniOzoneClusterImpl-667fc2db-f272-4918-8834-23ffb7f93011/datanode-2/data/ratis/b6dd3881-99a5-4f8b-a5e6-cac348664d94/current/log_inprogress_0
2019-10-07 08:28:40,943 [fc6b6745-f54d-4d11-8d76-ab058d7202a3@group-FE944B96C86D-SegmentedRaftLogWorker] INFO  segmented.SegmentedRaftLogWorker (SegmentedRaftLogWorker.java:execute(574)) - fc6b6745-f54d-4d11-8d76-ab058d7202a3@group-FE944B96C86D-SegmentedRaftLogWorker: created new log segment /workdir/hadoop-ozone/integration-test/target/test-dir/MiniOzoneClusterImpl-667fc2db-f272-4918-8834-23ffb7f93011/datanode-4/data/ratis/1454d6ba-5493-42c8-a64b-fe944b96c86d/current/log_inprogress_0
2019-10-07 08:28:40,943 [64db250c-0595-4dd9-8c8a-c2c488536deb@group-CAC348664D94-SegmentedRaftLogWorker] INFO  segmented.SegmentedRaftLogWorker (SegmentedRaftLogWorker.java:execute(574)) - 64db250c-0595-4dd9-8c8a-c2c488536deb@group-CAC348664D94-SegmentedRaftLogWorker: created new log segment /workdir/hadoop-ozone/integration-test/target/test-dir/MiniOzoneClusterImpl-667fc2db-f272-4918-8834-23ffb7f93011/datanode-1/data/ratis/b6dd3881-99a5-4f8b-a5e6-cac348664d94/current/log_inprogress_0
2019-10-07 08:28:40,985 [Thread-2342] INFO  impl.FollowerState (FollowerState.java:run(108)) - 4a235271-100b-48dc-974e-0110da6833b1@group-076658A8011F-FollowerState: change to CANDIDATE, lastRpcTime:5038ms, electionTimeout:5038ms
2019-10-07 08:28:40,985 [Thread-2342] INFO  impl.RoleInfo (RoleInfo.java:shutdownFollowerState(121)) - 4a235271-100b-48dc-974e-0110da6833b1: shutdown FollowerState
2019-10-07 08:28:40,985 [Thread-2342] INFO  impl.RaftServerImpl (RaftServerImpl.java:setRole(170)) - 4a235271-100b-48dc-974e-0110da6833b1@group-076658A8011F: changes role from  FOLLOWER to CANDIDATE at term 0 for changeToCandidate
2019-10-07 08:28:40,986 [Thread-2342] INFO  impl.RoleInfo (RoleInfo.java:updateAndGet(143)) - 4a235271-100b-48dc-974e-0110da6833b1: start LeaderElection
2019-10-07 08:28:41,006 [Thread-2337] INFO  impl.FollowerState (FollowerState.java:run(108)) - 054ad7fb-3faf-4a48-9eee-1579d5b1c1d4@group-6EFDCF83C7EF-FollowerState: change to CANDIDATE, lastRpcTime:5124ms, electionTimeout:5124ms
2019-10-07 08:28:41,006 [Thread-2337] INFO  impl.RoleInfo (RoleInfo.java:shutdownFollowerState(121)) - 054ad7fb-3faf-4a48-9eee-1579d5b1c1d4: shutdown FollowerState
2019-10-07 08:28:41,006 [Thread-2337] INFO  impl.RaftServerImpl (RaftServerImpl.java:setRole(170)) - 054ad7fb-3faf-4a48-9eee-1579d5b1c1d4@group-6EFDCF83C7EF: changes role from  FOLLOWER to CANDIDATE at term 0 for changeToCandidate
2019-10-07 08:28:41,006 [Thread-2337] INFO  impl.RoleInfo (RoleInfo.java:updateAndGet(143)) - 054ad7fb-3faf-4a48-9eee-1579d5b1c1d4: start LeaderElection
2019-10-07 08:28:41,023 [4a235271-100b-48dc-974e-0110da6833b1@group-076658A8011F-LeaderElection59] INFO  impl.LeaderElection (LeaderElection.java:askForVotes(178)) - 4a235271-100b-48dc-974e-0110da6833b1@group-076658A8011F-LeaderElection59: begin an election at term 1 for -1: [4a235271-100b-48dc-974e-0110da6833b1:192.168.164.251:41015], old=null
2019-10-07 08:28:41,023 [4a235271-100b-48dc-974e-0110da6833b1@group-076658A8011F-LeaderElection59] INFO  impl.RoleInfo (RoleInfo.java:shutdownLeaderElection(134)) - 4a235271-100b-48dc-974e-0110da6833b1: shutdown LeaderElection
2019-10-07 08:28:41,024 [4a235271-100b-48dc-974e-0110da6833b1@group-076658A8011F-LeaderElection59] INFO  impl.RaftServerImpl (RaftServerImpl.java:setRole(170)) - 4a235271-100b-48dc-974e-0110da6833b1@group-076658A8011F: changes role from CANDIDATE to LEADER at term 1 for changeToLeader
2019-10-07 08:28:41,024 [4a235271-100b-48dc-974e-0110da6833b1@group-076658A8011F-LeaderElection59] INFO  impl.RaftServerImpl (ServerState.java:setLeader(255)) - 4a235271-100b-48dc-974e-0110da6833b1@group-076658A8011F: change Leader from null to 4a235271-100b-48dc-974e-0110da6833b1 at term 1 for becomeLeader, leader elected after 5100ms
2019-10-07 08:28:41,024 [4a235271-100b-48dc-974e-0110da6833b1@group-076658A8011F-LeaderElection59] INFO  server.RaftServerConfigKeys (ConfUtils.java:logGet(43)) - raft.server.staging.catchup.gap = 1000 (default)
2019-10-07 08:28:41,024 [4a235271-100b-48dc-974e-0110da6833b1@group-076658A8011F-LeaderElection59] INFO  server.RaftServerConfigKeys (ConfUtils.java:logGet(43)) - raft.server.rpc.sleep.time = 25ms (default)
2019-10-07 08:28:41,024 [4a235271-100b-48dc-974e-0110da6833b1@group-076658A8011F-LeaderElection59] INFO  server.RaftServerConfigKeys (ConfUtils.java:logGet(43)) - raft.server.write.element-limit = 4096 (default)
2019-10-07 08:28:41,025 [4a235271-100b-48dc-974e-0110da6833b1@group-076658A8011F-LeaderElection59] INFO  server.RaftServerConfigKeys (ConfUtils.java:logGet(43)) - raft.server.watch.timeout = 10s (default)
2019-10-07 08:28:41,025 [4a235271-100b-48dc-974e-0110da6833b1@group-076658A8011F-LeaderElection59] INFO  server.RaftServerConfigKeys (ConfUtils.java:logGet(43)) - raft.server.watch.timeout.denomination = 1s (default)
2019-10-07 08:28:41,025 [4a235271-100b-48dc-974e-0110da6833b1@group-076658A8011F-LeaderElection59] INFO  server.RaftServerConfigKeys (ConfUtils.java:logGet(43)) - raft.server.watch.element-limit = 65536 (default)
2019-10-07 08:28:41,027 [4a235271-100b-48dc-974e-0110da6833b1@group-076658A8011F-LeaderElection59] INFO  impl.RoleInfo (RoleInfo.java:updateAndGet(143)) - 4a235271-100b-48dc-974e-0110da6833b1: start LeaderState
2019-10-07 08:28:41,027 [4a235271-100b-48dc-974e-0110da6833b1@group-076658A8011F-LeaderElection59] INFO  segmented.SegmentedRaftLogWorker (SegmentedRaftLogWorker.java:startLogSegment(385)) - 4a235271-100b-48dc-974e-0110da6833b1@group-076658A8011F-SegmentedRaftLogWorker: Starting segment from index:0
2019-10-07 08:28:41,028 [4a235271-100b-48dc-974e-0110da6833b1@group-076658A8011F-LeaderElection59] INFO  impl.RaftServerImpl (ServerState.java:setRaftConf(356)) - 4a235271-100b-48dc-974e-0110da6833b1@group-076658A8011F: set configuration 0: [4a235271-100b-48dc-974e-0110da6833b1:192.168.164.251:41015], old=null at 0
2019-10-07 08:28:41,045 [054ad7fb-3faf-4a48-9eee-1579d5b1c1d4@group-6EFDCF83C7EF-LeaderElection60] INFO  impl.LeaderElection (LeaderElection.java:askForVotes(178)) - 054ad7fb-3faf-4a48-9eee-1579d5b1c1d4@group-6EFDCF83C7EF-LeaderElection60: begin an election at term 1 for -1: [054ad7fb-3faf-4a48-9eee-1579d5b1c1d4:192.168.164.251:39469], old=null
2019-10-07 08:28:41,046 [054ad7fb-3faf-4a48-9eee-1579d5b1c1d4@group-6EFDCF83C7EF-LeaderElection60] INFO  impl.RoleInfo (RoleInfo.java:shutdownLeaderElection(134)) - 054ad7fb-3faf-4a48-9eee-1579d5b1c1d4: shutdown LeaderElection
2019-10-07 08:28:41,046 [054ad7fb-3faf-4a48-9eee-1579d5b1c1d4@group-6EFDCF83C7EF-LeaderElection60] INFO  impl.RaftServerImpl (RaftServerImpl.java:setRole(170)) - 054ad7fb-3faf-4a48-9eee-1579d5b1c1d4@group-6EFDCF83C7EF: changes role from CANDIDATE to LEADER at term 1 for changeToLeader
2019-10-07 08:28:41,046 [054ad7fb-3faf-4a48-9eee-1579d5b1c1d4@group-6EFDCF83C7EF-LeaderElection60] INFO  impl.RaftServerImpl (ServerState.java:setLeader(255)) - 054ad7fb-3faf-4a48-9eee-1579d5b1c1d4@group-6EFDCF83C7EF: change Leader from null to 054ad7fb-3faf-4a48-9eee-1579d5b1c1d4 at term 1 for becomeLeader, leader elected after 5169ms
2019-10-07 08:28:41,046 [054ad7fb-3faf-4a48-9eee-1579d5b1c1d4@group-6EFDCF83C7EF-LeaderElection60] INFO  server.RaftServerConfigKeys (ConfUtils.java:logGet(43)) - raft.server.staging.catchup.gap = 1000 (default)
2019-10-07 08:28:41,046 [054ad7fb-3faf-4a48-9eee-1579d5b1c1d4@group-6EFDCF83C7EF-LeaderElection60] INFO  server.RaftServerConfigKeys (ConfUtils.java:logGet(43)) - raft.server.rpc.sleep.time = 25ms (default)
2019-10-07 08:28:41,046 [054ad7fb-3faf-4a48-9eee-1579d5b1c1d4@group-6EFDCF83C7EF-LeaderElection60] INFO  server.RaftServerConfigKeys (ConfUtils.java:logGet(43)) - raft.server.write.element-limit = 4096 (default)
2019-10-07 08:28:41,047 [054ad7fb-3faf-4a48-9eee-1579d5b1c1d4@group-6EFDCF83C7EF-LeaderElection60] INFO  server.RaftServerConfigKeys (ConfUtils.java:logGet(43)) - raft.server.watch.timeout = 10s (default)
2019-10-07 08:28:41,047 [054ad7fb-3faf-4a48-9eee-1579d5b1c1d4@group-6EFDCF83C7EF-LeaderElection60] INFO  server.RaftServerConfigKeys (ConfUtils.java:logGet(43)) - raft.server.watch.timeout.denomination = 1s (default)
2019-10-07 08:28:41,047 [054ad7fb-3faf-4a48-9eee-1579d5b1c1d4@group-6EFDCF83C7EF-LeaderElection60] INFO  server.RaftServerConfigKeys (ConfUtils.java:logGet(43)) - raft.server.watch.element-limit = 65536 (default)
2019-10-07 08:28:41,048 [054ad7fb-3faf-4a48-9eee-1579d5b1c1d4@group-6EFDCF83C7EF-LeaderElection60] INFO  impl.RoleInfo (RoleInfo.java:updateAndGet(143)) - 054ad7fb-3faf-4a48-9eee-1579d5b1c1d4: start LeaderState
2019-10-07 08:28:41,048 [054ad7fb-3faf-4a48-9eee-1579d5b1c1d4@group-6EFDCF83C7EF-LeaderElection60] INFO  segmented.SegmentedRaftLogWorker (SegmentedRaftLogWorker.java:startLogSegment(385)) - 054ad7fb-3faf-4a48-9eee-1579d5b1c1d4@group-6EFDCF83C7EF-SegmentedRaftLogWorker: Starting segment from index:0
2019-10-07 08:28:41,049 [054ad7fb-3faf-4a48-9eee-1579d5b1c1d4@group-6EFDCF83C7EF-LeaderElection60] INFO  impl.RaftServerImpl (ServerState.java:setRaftConf(356)) - 054ad7fb-3faf-4a48-9eee-1579d5b1c1d4@group-6EFDCF83C7EF: set configuration 0: [054ad7fb-3faf-4a48-9eee-1579d5b1c1d4:192.168.164.251:39469], old=null at 0
2019-10-07 08:28:41,049 [Thread-2345] INFO  impl.FollowerState (FollowerState.java:run(108)) - 8cd392b0-b013-4189-bb87-ab5750af180b@group-3BD0277045C4-FollowerState: change to CANDIDATE, lastRpcTime:5040ms, electionTimeout:5040ms
2019-10-07 08:28:41,049 [Thread-2345] INFO  impl.RoleInfo (RoleInfo.java:shutdownFollowerState(121)) - 8cd392b0-b013-4189-bb87-ab5750af180b: shutdown FollowerState
2019-10-07 08:28:41,050 [Thread-2345] INFO  impl.RaftServerImpl (RaftServerImpl.java:setRole(170)) - 8cd392b0-b013-4189-bb87-ab5750af180b@group-3BD0277045C4: changes role from  FOLLOWER to CANDIDATE at term 0 for changeToCandidate
2019-10-07 08:28:41,050 [Thread-2345] INFO  impl.RoleInfo (RoleInfo.java:updateAndGet(143)) - 8cd392b0-b013-4189-bb87-ab5750af180b: start LeaderElection
2019-10-07 08:28:41,092 [Thread-2348] INFO  impl.FollowerState (FollowerState.java:run(108)) - fc6b6745-f54d-4d11-8d76-ab058d7202a3@group-CF1ADE6EBB7E-FollowerState: change to CANDIDATE, lastRpcTime:5007ms, electionTimeout:5007ms
2019-10-07 08:28:41,092 [Thread-2348] INFO  impl.RoleInfo (RoleInfo.java:shutdownFollowerState(121)) - fc6b6745-f54d-4d11-8d76-ab058d7202a3: shutdown FollowerState
2019-10-07 08:28:41,092 [Thread-2348] INFO  impl.RaftServerImpl (RaftServerImpl.java:setRole(170)) - fc6b6745-f54d-4d11-8d76-ab058d7202a3@group-CF1ADE6EBB7E: changes role from  FOLLOWER to CANDIDATE at term 0 for changeToCandidate
2019-10-07 08:28:41,093 [Thread-2348] INFO  impl.RoleInfo (RoleInfo.java:updateAndGet(143)) - fc6b6745-f54d-4d11-8d76-ab058d7202a3: start LeaderElection
2019-10-07 08:28:41,115 [4a235271-100b-48dc-974e-0110da6833b1@group-076658A8011F-SegmentedRaftLogWorker] INFO  segmented.SegmentedRaftLogWorker (SegmentedRaftLogWorker.java:execute(574)) - 4a235271-100b-48dc-974e-0110da6833b1@group-076658A8011F-SegmentedRaftLogWorker: created new log segment /workdir/hadoop-ozone/integration-test/target/test-dir/MiniOzoneClusterImpl-667fc2db-f272-4918-8834-23ffb7f93011/datanode-5/data/ratis/7f07fd8a-2fc2-4eb4-b704-076658a8011f/current/log_inprogress_0
2019-10-07 08:28:41,115 [054ad7fb-3faf-4a48-9eee-1579d5b1c1d4@group-6EFDCF83C7EF-SegmentedRaftLogWorker] INFO  segmented.SegmentedRaftLogWorker (SegmentedRaftLogWorker.java:execute(574)) - 054ad7fb-3faf-4a48-9eee-1579d5b1c1d4@group-6EFDCF83C7EF-SegmentedRaftLogWorker: created new log segment /workdir/hadoop-ozone/integration-test/target/test-dir/MiniOzoneClusterImpl-667fc2db-f272-4918-8834-23ffb7f93011/datanode-3/data/ratis/e9bb7642-ea6a-474d-be31-6efdcf83c7ef/current/log_inprogress_0
2019-10-07 08:28:41,115 [8cd392b0-b013-4189-bb87-ab5750af180b@group-3BD0277045C4-LeaderElection61] INFO  impl.LeaderElection (LeaderElection.java:askForVotes(178)) - 8cd392b0-b013-4189-bb87-ab5750af180b@group-3BD0277045C4-LeaderElection61: begin an election at term 1 for -1: [8cd392b0-b013-4189-bb87-ab5750af180b:192.168.164.251:37320], old=null
2019-10-07 08:28:41,115 [8cd392b0-b013-4189-bb87-ab5750af180b@group-3BD0277045C4-LeaderElection61] INFO  impl.RoleInfo (RoleInfo.java:shutdownLeaderElection(134)) - 8cd392b0-b013-4189-bb87-ab5750af180b: shutdown LeaderElection
2019-10-07 08:28:41,116 [8cd392b0-b013-4189-bb87-ab5750af180b@group-3BD0277045C4-LeaderElection61] INFO  impl.RaftServerImpl (RaftServerImpl.java:setRole(170)) - 8cd392b0-b013-4189-bb87-ab5750af180b@group-3BD0277045C4: changes role from CANDIDATE to LEADER at term 1 for changeToLeader
2019-10-07 08:28:41,116 [8cd392b0-b013-4189-bb87-ab5750af180b@group-3BD0277045C4-LeaderElection61] INFO  impl.RaftServerImpl (ServerState.java:setLeader(255)) - 8cd392b0-b013-4189-bb87-ab5750af180b@group-3BD0277045C4: change Leader from null to 8cd392b0-b013-4189-bb87-ab5750af180b at term 1 for becomeLeader, leader elected after 5115ms
2019-10-07 08:28:41,116 [8cd392b0-b013-4189-bb87-ab5750af180b@group-3BD0277045C4-LeaderElection61] INFO  server.RaftServerConfigKeys (ConfUtils.java:logGet(43)) - raft.server.staging.catchup.gap = 1000 (default)
2019-10-07 08:28:41,116 [8cd392b0-b013-4189-bb87-ab5750af180b@group-3BD0277045C4-LeaderElection61] INFO  server.RaftServerConfigKeys (ConfUtils.java:logGet(43)) - raft.server.rpc.sleep.time = 25ms (default)
2019-10-07 08:28:41,116 [8cd392b0-b013-4189-bb87-ab5750af180b@group-3BD0277045C4-LeaderElection61] INFO  server.RaftServerConfigKeys (ConfUtils.java:logGet(43)) - raft.server.write.element-limit = 4096 (default)
2019-10-07 08:28:41,116 [8cd392b0-b013-4189-bb87-ab5750af180b@group-3BD0277045C4-LeaderElection61] INFO  server.RaftServerConfigKeys (ConfUtils.java:logGet(43)) - raft.server.watch.timeout = 10s (default)
2019-10-07 08:28:41,117 [8cd392b0-b013-4189-bb87-ab5750af180b@group-3BD0277045C4-LeaderElection61] INFO  server.RaftServerConfigKeys (ConfUtils.java:logGet(43)) - raft.server.watch.timeout.denomination = 1s (default)
2019-10-07 08:28:41,117 [8cd392b0-b013-4189-bb87-ab5750af180b@group-3BD0277045C4-LeaderElection61] INFO  server.RaftServerConfigKeys (ConfUtils.java:logGet(43)) - raft.server.watch.element-limit = 65536 (default)
2019-10-07 08:28:41,119 [8cd392b0-b013-4189-bb87-ab5750af180b@group-3BD0277045C4-LeaderElection61] INFO  impl.RoleInfo (RoleInfo.java:updateAndGet(143)) - 8cd392b0-b013-4189-bb87-ab5750af180b: start LeaderState
2019-10-07 08:28:41,119 [8cd392b0-b013-4189-bb87-ab5750af180b@group-3BD0277045C4-LeaderElection61] INFO  segmented.SegmentedRaftLogWorker (SegmentedRaftLogWorker.java:startLogSegment(385)) - 8cd392b0-b013-4189-bb87-ab5750af180b@group-3BD0277045C4-SegmentedRaftLogWorker: Starting segment from index:0
2019-10-07 08:28:41,120 [8cd392b0-b013-4189-bb87-ab5750af180b@group-3BD0277045C4-LeaderElection61] INFO  impl.RaftServerImpl (ServerState.java:setRaftConf(356)) - 8cd392b0-b013-4189-bb87-ab5750af180b@group-3BD0277045C4: set configuration 0: [8cd392b0-b013-4189-bb87-ab5750af180b:192.168.164.251:37320], old=null at 0
2019-10-07 08:28:41,136 [fc6b6745-f54d-4d11-8d76-ab058d7202a3@group-CF1ADE6EBB7E-LeaderElection62] INFO  impl.LeaderElection (LeaderElection.java:askForVotes(178)) - fc6b6745-f54d-4d11-8d76-ab058d7202a3@group-CF1ADE6EBB7E-LeaderElection62: begin an election at term 1 for -1: [fc6b6745-f54d-4d11-8d76-ab058d7202a3:192.168.164.251:41742, 054ad7fb-3faf-4a48-9eee-1579d5b1c1d4:192.168.164.251:39469, 4a235271-100b-48dc-974e-0110da6833b1:192.168.164.251:41015], old=null
2019-10-07 08:28:41,167 [grpc-default-executor-10] INFO  impl.RaftServerImpl (RaftServerImpl.java:setRole(170)) - 054ad7fb-3faf-4a48-9eee-1579d5b1c1d4@group-CF1ADE6EBB7E: changes role from  FOLLOWER to FOLLOWER at term 1 for recognizeCandidate:fc6b6745-f54d-4d11-8d76-ab058d7202a3
2019-10-07 08:28:41,167 [grpc-default-executor-8] INFO  impl.RaftServerImpl (RaftServerImpl.java:setRole(170)) - 4a235271-100b-48dc-974e-0110da6833b1@group-CF1ADE6EBB7E: changes role from  FOLLOWER to FOLLOWER at term 1 for recognizeCandidate:fc6b6745-f54d-4d11-8d76-ab058d7202a3
2019-10-07 08:28:41,167 [grpc-default-executor-10] INFO  impl.RoleInfo (RoleInfo.java:shutdownFollowerState(121)) - 054ad7fb-3faf-4a48-9eee-1579d5b1c1d4: shutdown FollowerState
2019-10-07 08:28:41,167 [grpc-default-executor-8] INFO  impl.RoleInfo (RoleInfo.java:shutdownFollowerState(121)) - 4a235271-100b-48dc-974e-0110da6833b1: shutdown FollowerState
2019-10-07 08:28:41,167 [Thread-2353] INFO  impl.FollowerState (FollowerState.java:run(117)) - 054ad7fb-3faf-4a48-9eee-1579d5b1c1d4@group-CF1ADE6EBB7E-FollowerState was interrupted: java.lang.InterruptedException: sleep interrupted
2019-10-07 08:28:41,167 [grpc-default-executor-10] INFO  impl.RoleInfo (RoleInfo.java:updateAndGet(143)) - 054ad7fb-3faf-4a48-9eee-1579d5b1c1d4: start FollowerState
2019-10-07 08:28:41,167 [Thread-2351] INFO  impl.FollowerState (FollowerState.java:run(117)) - 4a235271-100b-48dc-974e-0110da6833b1@group-CF1ADE6EBB7E-FollowerState was interrupted: java.lang.InterruptedException: sleep interrupted
2019-10-07 08:28:41,167 [grpc-default-executor-8] INFO  impl.RoleInfo (RoleInfo.java:updateAndGet(143)) - 4a235271-100b-48dc-974e-0110da6833b1: start FollowerState
2019-10-07 08:28:41,194 [8cd392b0-b013-4189-bb87-ab5750af180b@group-3BD0277045C4-SegmentedRaftLogWorker] INFO  segmented.SegmentedRaftLogWorker (SegmentedRaftLogWorker.java:execute(574)) - 8cd392b0-b013-4189-bb87-ab5750af180b@group-3BD0277045C4-SegmentedRaftLogWorker: created new log segment /workdir/hadoop-ozone/integration-test/target/test-dir/MiniOzoneClusterImpl-667fc2db-f272-4918-8834-23ffb7f93011/datanode-6/data/ratis/f3ae02f2-86ae-41a0-a1a7-3bd0277045c4/current/log_inprogress_0
2019-10-07 08:28:41,198 [fc6b6745-f54d-4d11-8d76-ab058d7202a3@group-CF1ADE6EBB7E-LeaderElection62] INFO  impl.LeaderElection (LeaderElection.java:logAndReturn(56)) - fc6b6745-f54d-4d11-8d76-ab058d7202a3@group-CF1ADE6EBB7E-LeaderElection62: Election PASSED; received 1 response(s) [fc6b6745-f54d-4d11-8d76-ab058d7202a3<-4a235271-100b-48dc-974e-0110da6833b1#0:OK-t1] and 0 exception(s); fc6b6745-f54d-4d11-8d76-ab058d7202a3@group-CF1ADE6EBB7E:t1, leader=null, voted=fc6b6745-f54d-4d11-8d76-ab058d7202a3, raftlog=fc6b6745-f54d-4d11-8d76-ab058d7202a3@group-CF1ADE6EBB7E-SegmentedRaftLog:OPENED:c-1,f-1,i0, conf=-1: [fc6b6745-f54d-4d11-8d76-ab058d7202a3:192.168.164.251:41742, 054ad7fb-3faf-4a48-9eee-1579d5b1c1d4:192.168.164.251:39469, 4a235271-100b-48dc-974e-0110da6833b1:192.168.164.251:41015], old=null
2019-10-07 08:28:41,198 [fc6b6745-f54d-4d11-8d76-ab058d7202a3@group-CF1ADE6EBB7E-LeaderElection62] INFO  impl.RoleInfo (RoleInfo.java:shutdownLeaderElection(134)) - fc6b6745-f54d-4d11-8d76-ab058d7202a3: shutdown LeaderElection
2019-10-07 08:28:41,198 [fc6b6745-f54d-4d11-8d76-ab058d7202a3@group-CF1ADE6EBB7E-LeaderElection62] INFO  impl.RaftServerImpl (RaftServerImpl.java:setRole(170)) - fc6b6745-f54d-4d11-8d76-ab058d7202a3@group-CF1ADE6EBB7E: changes role from CANDIDATE to LEADER at term 1 for changeToLeader
2019-10-07 08:28:41,198 [fc6b6745-f54d-4d11-8d76-ab058d7202a3@group-CF1ADE6EBB7E-LeaderElection62] INFO  impl.RaftServerImpl (ServerState.java:setLeader(255)) - fc6b6745-f54d-4d11-8d76-ab058d7202a3@group-CF1ADE6EBB7E: change Leader from null to fc6b6745-f54d-4d11-8d76-ab058d7202a3 at term 1 for becomeLeader, leader elected after 5119ms
2019-10-07 08:28:41,198 [fc6b6745-f54d-4d11-8d76-ab058d7202a3@group-CF1ADE6EBB7E-LeaderElection62] INFO  server.RaftServerConfigKeys (ConfUtils.java:logGet(43)) - raft.server.staging.catchup.gap = 1000 (default)
2019-10-07 08:28:41,198 [fc6b6745-f54d-4d11-8d76-ab058d7202a3@group-CF1ADE6EBB7E-LeaderElection62] INFO  server.RaftServerConfigKeys (ConfUtils.java:logGet(43)) - raft.server.rpc.sleep.time = 25ms (default)
2019-10-07 08:28:41,198 [fc6b6745-f54d-4d11-8d76-ab058d7202a3@group-CF1ADE6EBB7E-LeaderElection62] INFO  server.RaftServerConfigKeys (ConfUtils.java:logGet(43)) - raft.server.write.element-limit = 4096 (default)
2019-10-07 08:28:41,199 [fc6b6745-f54d-4d11-8d76-ab058d7202a3@group-CF1ADE6EBB7E-LeaderElection62] INFO  server.RaftServerConfigKeys (ConfUtils.java:logGet(43)) - raft.server.watch.timeout = 10s (default)
2019-10-07 08:28:41,199 [fc6b6745-f54d-4d11-8d76-ab058d7202a3@group-CF1ADE6EBB7E-LeaderElection62] INFO  server.RaftServerConfigKeys (ConfUtils.java:logGet(43)) - raft.server.watch.timeout.denomination = 1s (default)
2019-10-07 08:28:41,199 [fc6b6745-f54d-4d11-8d76-ab058d7202a3@group-CF1ADE6EBB7E-LeaderElection62] INFO  server.RaftServerConfigKeys (ConfUtils.java:logGet(43)) - raft.server.watch.element-limit = 65536 (default)
2019-10-07 08:28:41,200 [fc6b6745-f54d-4d11-8d76-ab058d7202a3@group-CF1ADE6EBB7E-LeaderElection62] INFO  server.RaftServerConfigKeys (ConfUtils.java:logGet(43)) - raft.server.log.appender.snapshot.chunk.size.max = 16MB (=16777216) (default)
2019-10-07 08:28:41,201 [fc6b6745-f54d-4d11-8d76-ab058d7202a3@group-CF1ADE6EBB7E-LeaderElection62] INFO  server.RaftServerConfigKeys (ConfUtils.java:logGet(43)) - raft.server.log.appender.buffer.byte-limit = 33554432 (custom)
2019-10-07 08:28:41,201 [fc6b6745-f54d-4d11-8d76-ab058d7202a3@group-CF1ADE6EBB7E-LeaderElection62] INFO  server.RaftServerConfigKeys (ConfUtils.java:logGet(43)) - raft.server.log.appender.buffer.element-limit = 1 (custom)
2019-10-07 08:28:41,201 [fc6b6745-f54d-4d11-8d76-ab058d7202a3@group-CF1ADE6EBB7E-LeaderElection62] INFO  grpc.GrpcConfigKeys$Server (ConfUtils.java:logGet(43)) - raft.grpc.server.leader.outstanding.appends.max = 128 (default)
2019-10-07 08:28:41,201 [fc6b6745-f54d-4d11-8d76-ab058d7202a3@group-CF1ADE6EBB7E-LeaderElection62] INFO  server.RaftServerConfigKeys (ConfUtils.java:logGet(43)) - raft.server.rpc.request.timeout = 3000ms (default)
2019-10-07 08:28:41,201 [fc6b6745-f54d-4d11-8d76-ab058d7202a3@group-CF1ADE6EBB7E-LeaderElection62] INFO  server.RaftServerConfigKeys (ConfUtils.java:logGet(43)) - raft.server.log.appender.install.snapshot.enabled = false (custom)
2019-10-07 08:28:41,201 [fc6b6745-f54d-4d11-8d76-ab058d7202a3@group-CF1ADE6EBB7E-LeaderElection62] INFO  server.RaftServerConfigKeys (ConfUtils.java:logGet(43)) - raft.server.log.appender.snapshot.chunk.size.max = 16MB (=16777216) (default)
2019-10-07 08:28:41,202 [fc6b6745-f54d-4d11-8d76-ab058d7202a3@group-CF1ADE6EBB7E-LeaderElection62] INFO  server.RaftServerConfigKeys (ConfUtils.java:logGet(43)) - raft.server.log.appender.buffer.byte-limit = 33554432 (custom)
2019-10-07 08:28:41,202 [fc6b6745-f54d-4d11-8d76-ab058d7202a3@group-CF1ADE6EBB7E-LeaderElection62] INFO  server.RaftServerConfigKeys (ConfUtils.java:logGet(43)) - raft.server.log.appender.buffer.element-limit = 1 (custom)
2019-10-07 08:28:41,202 [fc6b6745-f54d-4d11-8d76-ab058d7202a3@group-CF1ADE6EBB7E-LeaderElection62] INFO  grpc.GrpcConfigKeys$Server (ConfUtils.java:logGet(43)) - raft.grpc.server.leader.outstanding.appends.max = 128 (default)
2019-10-07 08:28:41,202 [fc6b6745-f54d-4d11-8d76-ab058d7202a3@group-CF1ADE6EBB7E-LeaderElection62] INFO  server.RaftServerConfigKeys (ConfUtils.java:logGet(43)) - raft.server.rpc.request.timeout = 3000ms (default)
2019-10-07 08:28:41,202 [fc6b6745-f54d-4d11-8d76-ab058d7202a3@group-CF1ADE6EBB7E-LeaderElection62] INFO  server.RaftServerConfigKeys (ConfUtils.java:logGet(43)) - raft.server.log.appender.install.snapshot.enabled = false (custom)
2019-10-07 08:28:41,202 [fc6b6745-f54d-4d11-8d76-ab058d7202a3@group-CF1ADE6EBB7E-LeaderElection62] INFO  impl.RoleInfo (RoleInfo.java:updateAndGet(143)) - fc6b6745-f54d-4d11-8d76-ab058d7202a3: start LeaderState
2019-10-07 08:28:41,203 [fc6b6745-f54d-4d11-8d76-ab058d7202a3@group-CF1ADE6EBB7E-LeaderElection62] INFO  segmented.SegmentedRaftLogWorker (SegmentedRaftLogWorker.java:startLogSegment(385)) - fc6b6745-f54d-4d11-8d76-ab058d7202a3@group-CF1ADE6EBB7E-SegmentedRaftLogWorker: Starting segment from index:0
2019-10-07 08:28:41,203 [fc6b6745-f54d-4d11-8d76-ab058d7202a3@group-CF1ADE6EBB7E-LeaderElection62] INFO  impl.RaftServerImpl (ServerState.java:setRaftConf(356)) - fc6b6745-f54d-4d11-8d76-ab058d7202a3@group-CF1ADE6EBB7E: set configuration 0: [fc6b6745-f54d-4d11-8d76-ab058d7202a3:192.168.164.251:41742, 054ad7fb-3faf-4a48-9eee-1579d5b1c1d4:192.168.164.251:39469, 4a235271-100b-48dc-974e-0110da6833b1:192.168.164.251:41015], old=null at 0
2019-10-07 08:28:41,204 [grpc-default-executor-10] INFO  impl.RaftServerImpl (ServerState.java:setLeader(255)) - 054ad7fb-3faf-4a48-9eee-1579d5b1c1d4@group-CF1ADE6EBB7E: change Leader from null to fc6b6745-f54d-4d11-8d76-ab058d7202a3 at term 1 for appendEntries, leader elected after 5125ms
2019-10-07 08:28:41,251 [grpc-default-executor-10] INFO  impl.RaftServerImpl (ServerState.java:setLeader(255)) - 4a235271-100b-48dc-974e-0110da6833b1@group-CF1ADE6EBB7E: change Leader from null to fc6b6745-f54d-4d11-8d76-ab058d7202a3 at term 1 for appendEntries, leader elected after 5172ms
2019-10-07 08:28:41,253 [grpc-default-executor-8] INFO  impl.RaftServerImpl (ServerState.java:setRaftConf(356)) - 054ad7fb-3faf-4a48-9eee-1579d5b1c1d4@group-CF1ADE6EBB7E: set configuration 0: [fc6b6745-f54d-4d11-8d76-ab058d7202a3:192.168.164.251:41742, 054ad7fb-3faf-4a48-9eee-1579d5b1c1d4:192.168.164.251:39469, 4a235271-100b-48dc-974e-0110da6833b1:192.168.164.251:41015], old=null at 0
2019-10-07 08:28:41,253 [fc6b6745-f54d-4d11-8d76-ab058d7202a3@group-CF1ADE6EBB7E-SegmentedRaftLogWorker] INFO  segmented.SegmentedRaftLogWorker (SegmentedRaftLogWorker.java:execute(574)) - fc6b6745-f54d-4d11-8d76-ab058d7202a3@group-CF1ADE6EBB7E-SegmentedRaftLogWorker: created new log segment /workdir/hadoop-ozone/integration-test/target/test-dir/MiniOzoneClusterImpl-667fc2db-f272-4918-8834-23ffb7f93011/datanode-4/data/ratis/50280f0d-5ad3-4881-aa7a-cf1ade6ebb7e/current/log_inprogress_0
2019-10-07 08:28:41,253 [grpc-default-executor-8] INFO  segmented.SegmentedRaftLogWorker (SegmentedRaftLogWorker.java:startLogSegment(385)) - 054ad7fb-3faf-4a48-9eee-1579d5b1c1d4@group-CF1ADE6EBB7E-SegmentedRaftLogWorker: Starting segment from index:0
2019-10-07 08:28:41,253 [grpc-default-executor-9] INFO  impl.RaftServerImpl (ServerState.java:setRaftConf(356)) - 4a235271-100b-48dc-974e-0110da6833b1@group-CF1ADE6EBB7E: set configuration 0: [fc6b6745-f54d-4d11-8d76-ab058d7202a3:192.168.164.251:41742, 054ad7fb-3faf-4a48-9eee-1579d5b1c1d4:192.168.164.251:39469, 4a235271-100b-48dc-974e-0110da6833b1:192.168.164.251:41015], old=null at 0
2019-10-07 08:28:41,254 [grpc-default-executor-9] INFO  segmented.SegmentedRaftLogWorker (SegmentedRaftLogWorker.java:startLogSegment(385)) - 4a235271-100b-48dc-974e-0110da6833b1@group-CF1ADE6EBB7E-SegmentedRaftLogWorker: Starting segment from index:0
2019-10-07 08:28:41,296 [054ad7fb-3faf-4a48-9eee-1579d5b1c1d4@group-CF1ADE6EBB7E-SegmentedRaftLogWorker] INFO  segmented.SegmentedRaftLogWorker (SegmentedRaftLogWorker.java:execute(574)) - 054ad7fb-3faf-4a48-9eee-1579d5b1c1d4@group-CF1ADE6EBB7E-SegmentedRaftLogWorker: created new log segment /workdir/hadoop-ozone/integration-test/target/test-dir/MiniOzoneClusterImpl-667fc2db-f272-4918-8834-23ffb7f93011/datanode-3/data/ratis/50280f0d-5ad3-4881-aa7a-cf1ade6ebb7e/current/log_inprogress_0
2019-10-07 08:28:41,330 [4a235271-100b-48dc-974e-0110da6833b1@group-CF1ADE6EBB7E-SegmentedRaftLogWorker] INFO  segmented.SegmentedRaftLogWorker (SegmentedRaftLogWorker.java:execute(574)) - 4a235271-100b-48dc-974e-0110da6833b1@group-CF1ADE6EBB7E-SegmentedRaftLogWorker: created new log segment /workdir/hadoop-ozone/integration-test/target/test-dir/MiniOzoneClusterImpl-667fc2db-f272-4918-8834-23ffb7f93011/datanode-5/data/ratis/50280f0d-5ad3-4881-aa7a-cf1ade6ebb7e/current/log_inprogress_0
2019-10-07 08:28:42,462 [Datanode State Machine Thread - 0] INFO  statemachine.DatanodeStateMachine (DatanodeStateMachine.java:lambda$startDaemon$0(350)) - Ozone container server started.
2019-10-07 08:28:42,639 [grpc-default-executor-8] WARN  server.GrpcLogAppender (LogUtils.java:warn(134)) - 19854c93-6789-4a4b-baec-170f8e9dd2d3@group-85450239316C->2aa6f7b3-a59e-4058-8af2-5381ad6af7db-AppendLogResponseHandler: Failed appendEntries: org.apache.ratis.thirdparty.io.grpc.StatusRuntimeException: UNAVAILABLE: io exception
2019-10-07 08:28:42,639 [grpc-default-executor-3] WARN  server.GrpcLogAppender (LogUtils.java:warn(134)) - 19854c93-6789-4a4b-baec-170f8e9dd2d3@group-85450239316C->1220f68b-22f9-43b7-8239-f0ea73c643e6-AppendLogResponseHandler: Failed appendEntries: org.apache.ratis.thirdparty.io.grpc.StatusRuntimeException: UNAVAILABLE: io exception
2019-10-07 08:28:42,639 [grpc-default-executor-8] INFO  impl.FollowerInfo (FollowerInfo.java:lambda$new$0(51)) - 19854c93-6789-4a4b-baec-170f8e9dd2d3@group-85450239316C->2aa6f7b3-a59e-4058-8af2-5381ad6af7db: nextIndex: updateUnconditionally 0 -> 0
2019-10-07 08:28:42,639 [grpc-default-executor-3] INFO  impl.FollowerInfo (FollowerInfo.java:lambda$new$0(51)) - 19854c93-6789-4a4b-baec-170f8e9dd2d3@group-85450239316C->1220f68b-22f9-43b7-8239-f0ea73c643e6: nextIndex: updateUnconditionally 0 -> 0
2019-10-07 08:28:44,882 [EventQueue-StaleNodeForStaleNodeHandler] INFO  node.StaleNodeHandler (StaleNodeHandler.java:onMessage(58)) - Datanode 2aa6f7b3-a59e-4058-8af2-5381ad6af7db{ip: 192.168.164.251, host: pr-hdds-2239-kl4xt-1424884434, networkLocation: /default-rack, certSerialId: null} moved to stale state. Finalizing its pipelines [PipelineID=0c23e98d-eb8d-40a6-8064-85450239316c, PipelineID=15a50d74-19e5-4dba-ba7c-4a3f94bcacfa]
2019-10-07 08:28:44,882 [EventQueue-StaleNodeForStaleNodeHandler] INFO  pipeline.SCMPipelineManager (SCMPipelineManager.java:finalizeAndDestroyPipeline(315)) - destroying pipeline:Pipeline[ Id: 0c23e98d-eb8d-40a6-8064-85450239316c, Nodes: 2aa6f7b3-a59e-4058-8af2-5381ad6af7db{ip: 192.168.164.251, host: pr-hdds-2239-kl4xt-1424884434, networkLocation: /default-rack, certSerialId: null}1220f68b-22f9-43b7-8239-f0ea73c643e6{ip: 192.168.164.251, host: pr-hdds-2239-kl4xt-1424884434, networkLocation: /default-rack, certSerialId: null}19854c93-6789-4a4b-baec-170f8e9dd2d3{ip: 192.168.164.251, host: pr-hdds-2239-kl4xt-1424884434, networkLocation: /default-rack, certSerialId: null}, Type:RATIS, Factor:THREE, State:OPEN]
2019-10-07 08:28:44,883 [EventQueue-StaleNodeForStaleNodeHandler] INFO  pipeline.PipelineStateManager (PipelineStateManager.java:finalizePipeline(123)) - Pipeline Pipeline[ Id: 0c23e98d-eb8d-40a6-8064-85450239316c, Nodes: 2aa6f7b3-a59e-4058-8af2-5381ad6af7db{ip: 192.168.164.251, host: pr-hdds-2239-kl4xt-1424884434, networkLocation: /default-rack, certSerialId: null}1220f68b-22f9-43b7-8239-f0ea73c643e6{ip: 192.168.164.251, host: pr-hdds-2239-kl4xt-1424884434, networkLocation: /default-rack, certSerialId: null}19854c93-6789-4a4b-baec-170f8e9dd2d3{ip: 192.168.164.251, host: pr-hdds-2239-kl4xt-1424884434, networkLocation: /default-rack, certSerialId: null}, Type:RATIS, Factor:THREE, State:CLOSED] moved to CLOSED state
2019-10-07 08:28:44,884 [EventQueue-CloseContainerForCloseContainerEventHandler] INFO  container.CloseContainerEventHandler (CloseContainerEventHandler.java:onMessage(61)) - Close container Event triggered for container : #1
2019-10-07 08:28:44,890 [EventQueue-StaleNodeForStaleNodeHandler] INFO  pipeline.SCMPipelineManager (SCMPipelineManager.java:finalizeAndDestroyPipeline(315)) - destroying pipeline:Pipeline[ Id: 15a50d74-19e5-4dba-ba7c-4a3f94bcacfa, Nodes: 2aa6f7b3-a59e-4058-8af2-5381ad6af7db{ip: 192.168.164.251, host: pr-hdds-2239-kl4xt-1424884434, networkLocation: /default-rack, certSerialId: null}, Type:RATIS, Factor:ONE, State:OPEN]
2019-10-07 08:28:44,894 [EventQueue-StaleNodeForStaleNodeHandler] INFO  pipeline.PipelineStateManager (PipelineStateManager.java:finalizePipeline(123)) - Pipeline Pipeline[ Id: 15a50d74-19e5-4dba-ba7c-4a3f94bcacfa, Nodes: 2aa6f7b3-a59e-4058-8af2-5381ad6af7db{ip: 192.168.164.251, host: pr-hdds-2239-kl4xt-1424884434, networkLocation: /default-rack, certSerialId: null}, Type:RATIS, Factor:ONE, State:CLOSED] moved to CLOSED state
2019-10-07 08:28:45,140 [grpc-default-executor-10] WARN  server.GrpcLogAppender (LogUtils.java:warn(134)) - 19854c93-6789-4a4b-baec-170f8e9dd2d3@group-85450239316C->2aa6f7b3-a59e-4058-8af2-5381ad6af7db-AppendLogResponseHandler: Failed appendEntries: org.apache.ratis.thirdparty.io.grpc.StatusRuntimeException: UNAVAILABLE: io exception
2019-10-07 08:28:45,140 [grpc-default-executor-5] WARN  server.GrpcLogAppender (LogUtils.java:warn(134)) - 19854c93-6789-4a4b-baec-170f8e9dd2d3@group-85450239316C->1220f68b-22f9-43b7-8239-f0ea73c643e6-AppendLogResponseHandler: Failed appendEntries: org.apache.ratis.thirdparty.io.grpc.StatusRuntimeException: UNAVAILABLE: io exception
2019-10-07 08:28:45,140 [grpc-default-executor-10] INFO  impl.FollowerInfo (FollowerInfo.java:lambda$new$0(51)) - 19854c93-6789-4a4b-baec-170f8e9dd2d3@group-85450239316C->2aa6f7b3-a59e-4058-8af2-5381ad6af7db: nextIndex: updateUnconditionally 0 -> 0
2019-10-07 08:28:45,140 [grpc-default-executor-5] INFO  impl.FollowerInfo (FollowerInfo.java:lambda$new$0(51)) - 19854c93-6789-4a4b-baec-170f8e9dd2d3@group-85450239316C->1220f68b-22f9-43b7-8239-f0ea73c643e6: nextIndex: updateUnconditionally 0 -> 0
2019-10-07 08:28:46,326 [grpc-default-executor-3] WARN  server.GrpcLogAppender (LogUtils.java:warn(134)) - 19854c93-6789-4a4b-baec-170f8e9dd2d3@group-85450239316C->2aa6f7b3-a59e-4058-8af2-5381ad6af7db-AppendLogResponseHandler: Failed appendEntries: org.apache.ratis.thirdparty.io.grpc.StatusRuntimeException: UNAVAILABLE: io exception
2019-10-07 08:28:46,326 [grpc-default-executor-0] WARN  server.GrpcLogAppender (LogUtils.java:warn(134)) - 19854c93-6789-4a4b-baec-170f8e9dd2d3@group-85450239316C->1220f68b-22f9-43b7-8239-f0ea73c643e6-AppendLogResponseHandler: Failed appendEntries: org.apache.ratis.thirdparty.io.grpc.StatusRuntimeException: UNAVAILABLE: io exception
2019-10-07 08:28:46,326 [grpc-default-executor-3] INFO  impl.FollowerInfo (FollowerInfo.java:lambda$new$0(51)) - 19854c93-6789-4a4b-baec-170f8e9dd2d3@group-85450239316C->2aa6f7b3-a59e-4058-8af2-5381ad6af7db: nextIndex: updateUnconditionally 1 -> 0
2019-10-07 08:28:46,326 [grpc-default-executor-0] INFO  impl.FollowerInfo (FollowerInfo.java:lambda$new$0(51)) - 19854c93-6789-4a4b-baec-170f8e9dd2d3@group-85450239316C->1220f68b-22f9-43b7-8239-f0ea73c643e6: nextIndex: updateUnconditionally 1 -> 0
2019-10-07 08:28:46,471 [main] INFO  ozoneimpl.OzoneContainer (OzoneContainer.java:stop(231)) - Attempting to stop container services.
2019-10-07 08:28:46,472 [main] INFO  impl.RaftServerProxy (RaftServerProxy.java:lambda$close$4(314)) - 2031bdeb-9386-4f7b-bea6-2032f71edc6e: close
2019-10-07 08:28:46,472 [main] INFO  impl.RaftServerImpl (RaftServerImpl.java:lambda$shutdown$3(247)) - 2031bdeb-9386-4f7b-bea6-2032f71edc6e@group-CAC348664D94: shutdown
2019-10-07 08:28:46,472 [ForkJoinPool.commonPool-worker-1] INFO  impl.RaftServerImpl (RaftServerImpl.java:lambda$shutdown$3(247)) - 2031bdeb-9386-4f7b-bea6-2032f71edc6e@group-FBDAB7B82FF9: shutdown
2019-10-07 08:28:46,473 [main] INFO  util.JmxRegister (JmxRegister.java:unregister(73)) - Successfully un-registered JMX Bean with object name Ratis:service=RaftServer,group=group-CAC348664D94,id=2031bdeb-9386-4f7b-bea6-2032f71edc6e
2019-10-07 08:28:46,473 [ForkJoinPool.commonPool-worker-1] INFO  util.JmxRegister (JmxRegister.java:unregister(73)) - Successfully un-registered JMX Bean with object name Ratis:service=RaftServer,group=group-FBDAB7B82FF9,id=2031bdeb-9386-4f7b-bea6-2032f71edc6e
2019-10-07 08:28:46,473 [main] INFO  impl.RoleInfo (RoleInfo.java:shutdownLeaderState(104)) - 2031bdeb-9386-4f7b-bea6-2032f71edc6e: shutdown LeaderState
2019-10-07 08:28:46,473 [ForkJoinPool.commonPool-worker-1] INFO  impl.RoleInfo (RoleInfo.java:shutdownLeaderState(104)) - 2031bdeb-9386-4f7b-bea6-2032f71edc6e: shutdown LeaderState
2019-10-07 08:28:46,480 [org.apache.ratis.server.impl.LogAppender$AppenderDaemon$$Lambda$547/737395883@27357580] WARN  server.GrpcLogAppender (GrpcLogAppender.java:mayWait(143)) - 2031bdeb-9386-4f7b-bea6-2032f71edc6e@group-CAC348664D94->425a4ecf-96c9-4ed2-9685-9ed857d0c227-GrpcLogAppender: Wait interrupted by java.lang.InterruptedException
2019-10-07 08:28:46,480 [main] INFO  impl.PendingRequests (PendingRequests.java:sendNotLeaderResponses(202)) - 2031bdeb-9386-4f7b-bea6-2032f71edc6e@group-CAC348664D94-PendingRequests: sendNotLeaderResponses
2019-10-07 08:28:46,480 [org.apache.ratis.server.impl.LogAppender$AppenderDaemon$$Lambda$547/737395883@3388d4a8] WARN  server.GrpcLogAppender (GrpcLogAppender.java:mayWait(143)) - 2031bdeb-9386-4f7b-bea6-2032f71edc6e@group-CAC348664D94->64db250c-0595-4dd9-8c8a-c2c488536deb-GrpcLogAppender: Wait interrupted by java.lang.InterruptedException
2019-10-07 08:28:46,480 [grpc-default-executor-0] INFO  server.GrpcServerProtocolService (GrpcServerProtocolService.java:onCompleted(113)) - 425a4ecf-96c9-4ed2-9685-9ed857d0c227: Completed APPEND_ENTRIES, lastRequest: 2031bdeb-9386-4f7b-bea6-2032f71edc6e->425a4ecf-96c9-4ed2-9685-9ed857d0c227#5-t1, previous=(t:1, i:2), leaderCommit=2, initializing? false, entries: <empty>
2019-10-07 08:28:46,480 [ForkJoinPool.commonPool-worker-1] INFO  impl.PendingRequests (PendingRequests.java:sendNotLeaderResponses(202)) - 2031bdeb-9386-4f7b-bea6-2032f71edc6e@group-FBDAB7B82FF9-PendingRequests: sendNotLeaderResponses
2019-10-07 08:28:46,490 [grpc-default-executor-0] INFO  server.GrpcServerProtocolService (GrpcServerProtocolService.java:onCompleted(113)) - 64db250c-0595-4dd9-8c8a-c2c488536deb: Completed APPEND_ENTRIES, lastRequest: 2031bdeb-9386-4f7b-bea6-2032f71edc6e->64db250c-0595-4dd9-8c8a-c2c488536deb#5-t1, previous=(t:1, i:2), leaderCommit=2, initializing? false, entries: <empty>
2019-10-07 08:28:46,490 [2031bdeb-9386-4f7b-bea6-2032f71edc6e@group-CAC348664D94-StateMachineUpdater] INFO  ratis.ContainerStateMachine (ContainerStateMachine.java:takeSnapshot(294)) - group-CAC348664D94: Taking a snapshot at:(t:1, i:2) file /workdir/hadoop-ozone/integration-test/target/test-dir/MiniOzoneClusterImpl-667fc2db-f272-4918-8834-23ffb7f93011/datanode-0/data/ratis/b6dd3881-99a5-4f8b-a5e6-cac348664d94/sm/snapshot.1_2
2019-10-07 08:28:46,490 [grpc-default-executor-5] INFO  server.GrpcLogAppender (GrpcLogAppender.java:onCompleted(293)) - 2031bdeb-9386-4f7b-bea6-2032f71edc6e@group-CAC348664D94->425a4ecf-96c9-4ed2-9685-9ed857d0c227-AppendLogResponseHandler: follower responses appendEntries COMPLETED
2019-10-07 08:28:46,490 [grpc-default-executor-0] INFO  server.GrpcLogAppender (GrpcLogAppender.java:onCompleted(293)) - 2031bdeb-9386-4f7b-bea6-2032f71edc6e@group-CAC348664D94->64db250c-0595-4dd9-8c8a-c2c488536deb-AppendLogResponseHandler: follower responses appendEntries COMPLETED
2019-10-07 08:28:46,490 [ForkJoinPool.commonPool-worker-1] INFO  impl.StateMachineUpdater (StateMachineUpdater.java:stopAndJoin(136)) - 2031bdeb-9386-4f7b-bea6-2032f71edc6e@group-FBDAB7B82FF9-StateMachineUpdater: set stopIndex = 0
2019-10-07 08:28:46,491 [ForkJoinPool.commonPool-worker-1] INFO  impl.RaftServerImpl (ServerState.java:close(387)) - 2031bdeb-9386-4f7b-bea6-2032f71edc6e@group-FBDAB7B82FF9: closes. applyIndex: 0
2019-10-07 08:28:46,491 [grpc-default-executor-5] INFO  impl.FollowerInfo (FollowerInfo.java:lambda$new$0(51)) - 2031bdeb-9386-4f7b-bea6-2032f71edc6e@group-CAC348664D94->425a4ecf-96c9-4ed2-9685-9ed857d0c227: nextIndex: updateUnconditionally 3 -> 2
2019-10-07 08:28:46,490 [main] INFO  impl.StateMachineUpdater (StateMachineUpdater.java:stopAndJoin(136)) - 2031bdeb-9386-4f7b-bea6-2032f71edc6e@group-CAC348664D94-StateMachineUpdater: set stopIndex = 2
2019-10-07 08:28:46,491 [grpc-default-executor-0] INFO  impl.FollowerInfo (FollowerInfo.java:lambda$new$0(51)) - 2031bdeb-9386-4f7b-bea6-2032f71edc6e@group-CAC348664D94->64db250c-0595-4dd9-8c8a-c2c488536deb: nextIndex: updateUnconditionally 3 -> 2
2019-10-07 08:28:46,491 [2031bdeb-9386-4f7b-bea6-2032f71edc6e@group-FBDAB7B82FF9-SegmentedRaftLogWorker] INFO  segmented.SegmentedRaftLogWorker (SegmentedRaftLogWorker.java:run(316)) - 2031bdeb-9386-4f7b-bea6-2032f71edc6e@group-FBDAB7B82FF9-SegmentedRaftLogWorker was interrupted, exiting. There are 0 tasks remaining in the queue.
2019-10-07 08:28:46,496 [ForkJoinPool.commonPool-worker-1] INFO  segmented.SegmentedRaftLogWorker (SegmentedRaftLogWorker.java:close(224)) - 2031bdeb-9386-4f7b-bea6-2032f71edc6e@group-FBDAB7B82FF9-SegmentedRaftLogWorker close()
2019-10-07 08:28:46,513 [2031bdeb-9386-4f7b-bea6-2032f71edc6e@group-CAC348664D94-StateMachineUpdater] INFO  ratis.ContainerStateMachine (ContainerStateMachine.java:takeSnapshot(305)) - group-CAC348664D94: Finished taking a snapshot at:(t:1, i:2) file:/workdir/hadoop-ozone/integration-test/target/test-dir/MiniOzoneClusterImpl-667fc2db-f272-4918-8834-23ffb7f93011/datanode-0/data/ratis/b6dd3881-99a5-4f8b-a5e6-cac348664d94/sm/snapshot.1_2 time:24
2019-10-07 08:28:46,514 [2031bdeb-9386-4f7b-bea6-2032f71edc6e@group-CAC348664D94-StateMachineUpdater] INFO  impl.StateMachineUpdater (StateMachineUpdater.java:takeSnapshot(269)) - 2031bdeb-9386-4f7b-bea6-2032f71edc6e@group-CAC348664D94-StateMachineUpdater: Took a snapshot at index 2
2019-10-07 08:28:46,514 [2031bdeb-9386-4f7b-bea6-2032f71edc6e@group-CAC348664D94-StateMachineUpdater] INFO  impl.StateMachineUpdater (StateMachineUpdater.java:lambda$new$0(84)) - 2031bdeb-9386-4f7b-bea6-2032f71edc6e@group-CAC348664D94-StateMachineUpdater: snapshotIndex: updateIncreasingly -1 -> 2
2019-10-07 08:28:46,514 [main] INFO  impl.RaftServerImpl (ServerState.java:close(387)) - 2031bdeb-9386-4f7b-bea6-2032f71edc6e@group-CAC348664D94: closes. applyIndex: 2
2019-10-07 08:28:46,514 [2031bdeb-9386-4f7b-bea6-2032f71edc6e@group-CAC348664D94-SegmentedRaftLogWorker] INFO  segmented.SegmentedRaftLogWorker (SegmentedRaftLogWorker.java:run(316)) - 2031bdeb-9386-4f7b-bea6-2032f71edc6e@group-CAC348664D94-SegmentedRaftLogWorker was interrupted, exiting. There are 0 tasks remaining in the queue.
2019-10-07 08:28:46,517 [main] INFO  segmented.SegmentedRaftLogWorker (SegmentedRaftLogWorker.java:close(224)) - 2031bdeb-9386-4f7b-bea6-2032f71edc6e@group-CAC348664D94-SegmentedRaftLogWorker close()
2019-10-07 08:28:46,522 [main] INFO  server.GrpcService (GrpcService.java:closeImpl(164)) - 2031bdeb-9386-4f7b-bea6-2032f71edc6e: shutdown server with port 43412 now
2019-10-07 08:28:46,526 [main] INFO  server.GrpcService (GrpcService.java:closeImpl(172)) - 2031bdeb-9386-4f7b-bea6-2032f71edc6e: shutdown server with port 43412 successfully
2019-10-07 08:28:46,528 [refreshUsed-/workdir/hadoop-ozone/integration-test/target/test-dir/MiniOzoneClusterImpl-667fc2db-f272-4918-8834-23ffb7f93011/datanode-0/data/containers] WARN  fs.CachingGetSpaceUsed (CachingGetSpaceUsed.java:run(183)) - Thread Interrupted waiting to refresh disk information: sleep interrupted
2019-10-07 08:28:46,544 [main] INFO  utils.BackgroundService (BackgroundService.java:shutdown(148)) - Shutting down service BlockDeletingService
2019-10-07 08:28:46,555 [main] INFO  statemachine.DatanodeStateMachine (DatanodeStateMachine.java:stopDaemon(395)) - Ozone container server stopped.
2019-10-07 08:28:46,557 [main] INFO  handler.ContextHandler (ContextHandler.java:doStop(910)) - Stopped o.e.j.w.WebAppContext@5a9840f3{/,null,UNAVAILABLE}{/hddsDatanode}
2019-10-07 08:28:46,557 [main] INFO  server.AbstractConnector (AbstractConnector.java:doStop(318)) - Stopped ServerConnector@7d30007d{HTTP/1.1,[http/1.1]}{0.0.0.0:0}
2019-10-07 08:28:46,558 [main] INFO  handler.ContextHandler (ContextHandler.java:doStop(910)) - Stopped o.e.j.s.ServletContextHandler@7c8874ef{/static,jar:file:/home/user/.m2/repository/org/apache/hadoop/hadoop-hdds-container-service/0.5.0-SNAPSHOT/hadoop-hdds-container-service-0.5.0-SNAPSHOT.jar!/webapps/static,UNAVAILABLE}
2019-10-07 08:28:46,558 [main] INFO  handler.ContextHandler (ContextHandler.java:doStop(910)) - Stopped o.e.j.s.ServletContextHandler@65da01f4{/logs,file:///workdir/hadoop-ozone/integration-test/target/log,UNAVAILABLE}
2019-10-07 08:28:48,826 [grpc-default-executor-0] WARN  server.GrpcLogAppender (LogUtils.java:warn(134)) - 19854c93-6789-4a4b-baec-170f8e9dd2d3@group-85450239316C->1220f68b-22f9-43b7-8239-f0ea73c643e6-AppendLogResponseHandler: Failed appendEntries: org.apache.ratis.thirdparty.io.grpc.StatusRuntimeException: UNAVAILABLE: io exception
2019-10-07 08:28:48,826 [grpc-default-executor-10] WARN  server.GrpcLogAppender (LogUtils.java:warn(134)) - 19854c93-6789-4a4b-baec-170f8e9dd2d3@group-85450239316C->2aa6f7b3-a59e-4058-8af2-5381ad6af7db-AppendLogResponseHandler: Failed appendEntries: org.apache.ratis.thirdparty.io.grpc.StatusRuntimeException: UNAVAILABLE: io exception
2019-10-07 08:28:48,827 [grpc-default-executor-0] INFO  impl.FollowerInfo (FollowerInfo.java:lambda$new$0(51)) - 19854c93-6789-4a4b-baec-170f8e9dd2d3@group-85450239316C->1220f68b-22f9-43b7-8239-f0ea73c643e6: nextIndex: updateUnconditionally 0 -> 0
2019-10-07 08:28:48,827 [grpc-default-executor-10] INFO  impl.FollowerInfo (FollowerInfo.java:lambda$new$0(51)) - 19854c93-6789-4a4b-baec-170f8e9dd2d3@group-85450239316C->2aa6f7b3-a59e-4058-8af2-5381ad6af7db: nextIndex: updateUnconditionally 0 -> 0
2019-10-07 08:28:50,293 [EventQueue-StaleNodeForStaleNodeHandler] INFO  node.StaleNodeHandler (StaleNodeHandler.java:onMessage(58)) - Datanode 1220f68b-22f9-43b7-8239-f0ea73c643e6{ip: 192.168.164.251, host: pr-hdds-2239-kl4xt-1424884434, networkLocation: /default-rack, certSerialId: null} moved to stale state. Finalizing its pipelines [PipelineID=565a801f-6df8-41d4-a3fa-60f971d4660e, PipelineID=0c23e98d-eb8d-40a6-8064-85450239316c]
2019-10-07 08:28:50,294 [EventQueue-StaleNodeForStaleNodeHandler] INFO  pipeline.SCMPipelineManager (SCMPipelineManager.java:finalizeAndDestroyPipeline(315)) - destroying pipeline:Pipeline[ Id: 565a801f-6df8-41d4-a3fa-60f971d4660e, Nodes: 1220f68b-22f9-43b7-8239-f0ea73c643e6{ip: 192.168.164.251, host: pr-hdds-2239-kl4xt-1424884434, networkLocation: /default-rack, certSerialId: null}, Type:RATIS, Factor:ONE, State:OPEN]
2019-10-07 08:28:50,294 [EventQueue-StaleNodeForStaleNodeHandler] INFO  pipeline.PipelineStateManager (PipelineStateManager.java:finalizePipeline(123)) - Pipeline Pipeline[ Id: 565a801f-6df8-41d4-a3fa-60f971d4660e, Nodes: 1220f68b-22f9-43b7-8239-f0ea73c643e6{ip: 192.168.164.251, host: pr-hdds-2239-kl4xt-1424884434, networkLocation: /default-rack, certSerialId: null}, Type:RATIS, Factor:ONE, State:CLOSED] moved to CLOSED state
2019-10-07 08:28:50,294 [EventQueue-StaleNodeForStaleNodeHandler] INFO  pipeline.SCMPipelineManager (SCMPipelineManager.java:finalizeAndDestroyPipeline(315)) - destroying pipeline:Pipeline[ Id: 0c23e98d-eb8d-40a6-8064-85450239316c, Nodes: 2aa6f7b3-a59e-4058-8af2-5381ad6af7db{ip: 192.168.164.251, host: pr-hdds-2239-kl4xt-1424884434, networkLocation: /default-rack, certSerialId: null}1220f68b-22f9-43b7-8239-f0ea73c643e6{ip: 192.168.164.251, host: pr-hdds-2239-kl4xt-1424884434, networkLocation: /default-rack, certSerialId: null}19854c93-6789-4a4b-baec-170f8e9dd2d3{ip: 192.168.164.251, host: pr-hdds-2239-kl4xt-1424884434, networkLocation: /default-rack, certSerialId: null}, Type:RATIS, Factor:THREE, State:CLOSED]
2019-10-07 08:28:51,327 [grpc-default-executor-8] WARN  server.GrpcLogAppender (LogUtils.java:warn(134)) - 19854c93-6789-4a4b-baec-170f8e9dd2d3@group-85450239316C->2aa6f7b3-a59e-4058-8af2-5381ad6af7db-AppendLogResponseHandler: Failed appendEntries: org.apache.ratis.thirdparty.io.grpc.StatusRuntimeException: UNAVAILABLE: io exception
2019-10-07 08:28:51,327 [grpc-default-executor-9] WARN  server.GrpcLogAppender (LogUtils.java:warn(134)) - 19854c93-6789-4a4b-baec-170f8e9dd2d3@group-85450239316C->1220f68b-22f9-43b7-8239-f0ea73c643e6-AppendLogResponseHandler: Failed appendEntries: org.apache.ratis.thirdparty.io.grpc.StatusRuntimeException: UNAVAILABLE: io exception
2019-10-07 08:28:51,331 [grpc-default-executor-8] INFO  impl.FollowerInfo (FollowerInfo.java:lambda$new$0(51)) - 19854c93-6789-4a4b-baec-170f8e9dd2d3@group-85450239316C->2aa6f7b3-a59e-4058-8af2-5381ad6af7db: nextIndex: updateUnconditionally 0 -> 0
2019-10-07 08:28:51,331 [grpc-default-executor-9] INFO  impl.FollowerInfo (FollowerInfo.java:lambda$new$0(51)) - 19854c93-6789-4a4b-baec-170f8e9dd2d3@group-85450239316C->1220f68b-22f9-43b7-8239-f0ea73c643e6: nextIndex: updateUnconditionally 0 -> 0
2019-10-07 08:28:53,827 [grpc-default-executor-3] WARN  server.GrpcLogAppender (LogUtils.java:warn(134)) - 19854c93-6789-4a4b-baec-170f8e9dd2d3@group-85450239316C->2aa6f7b3-a59e-4058-8af2-5381ad6af7db-AppendLogResponseHandler: Failed appendEntries: org.apache.ratis.thirdparty.io.grpc.StatusRuntimeException: UNAVAILABLE: io exception
2019-10-07 08:28:53,827 [grpc-default-executor-0] WARN  server.GrpcLogAppender (LogUtils.java:warn(134)) - 19854c93-6789-4a4b-baec-170f8e9dd2d3@group-85450239316C->1220f68b-22f9-43b7-8239-f0ea73c643e6-AppendLogResponseHandler: Failed appendEntries: org.apache.ratis.thirdparty.io.grpc.StatusRuntimeException: UNAVAILABLE: io exception
2019-10-07 08:28:53,827 [grpc-default-executor-3] INFO  impl.FollowerInfo (FollowerInfo.java:lambda$new$0(51)) - 19854c93-6789-4a4b-baec-170f8e9dd2d3@group-85450239316C->2aa6f7b3-a59e-4058-8af2-5381ad6af7db: nextIndex: updateUnconditionally 0 -> 0
2019-10-07 08:28:53,827 [grpc-default-executor-0] INFO  impl.FollowerInfo (FollowerInfo.java:lambda$new$0(51)) - 19854c93-6789-4a4b-baec-170f8e9dd2d3@group-85450239316C->1220f68b-22f9-43b7-8239-f0ea73c643e6: nextIndex: updateUnconditionally 0 -> 0
2019-10-07 08:28:56,024 [Thread-2383] INFO  impl.FollowerState (FollowerState.java:run(108)) - 64db250c-0595-4dd9-8c8a-c2c488536deb@group-CAC348664D94-FollowerState: change to CANDIDATE, lastRpcTime:9736ms, electionTimeout:5170ms
2019-10-07 08:28:56,025 [Thread-2383] INFO  impl.RoleInfo (RoleInfo.java:shutdownFollowerState(121)) - 64db250c-0595-4dd9-8c8a-c2c488536deb: shutdown FollowerState
2019-10-07 08:28:56,025 [Thread-2383] INFO  impl.RaftServerImpl (RaftServerImpl.java:setRole(170)) - 64db250c-0595-4dd9-8c8a-c2c488536deb@group-CAC348664D94: changes role from  FOLLOWER to CANDIDATE at term 1 for changeToCandidate
2019-10-07 08:28:56,025 [Thread-2383] INFO  impl.RoleInfo (RoleInfo.java:updateAndGet(143)) - 64db250c-0595-4dd9-8c8a-c2c488536deb: start LeaderElection
2019-10-07 08:28:56,032 [64db250c-0595-4dd9-8c8a-c2c488536deb@group-CAC348664D94-LeaderElection63] INFO  impl.RaftServerImpl (ServerState.java:setLeader(255)) - 64db250c-0595-4dd9-8c8a-c2c488536deb@group-CAC348664D94: change Leader from 2031bdeb-9386-4f7b-bea6-2032f71edc6e to null at term 1 for initElection
2019-10-07 08:28:56,056 [64db250c-0595-4dd9-8c8a-c2c488536deb@group-CAC348664D94-LeaderElection63] INFO  impl.LeaderElection (LeaderElection.java:askForVotes(178)) - 64db250c-0595-4dd9-8c8a-c2c488536deb@group-CAC348664D94-LeaderElection63: begin an election at term 2 for 0: [2031bdeb-9386-4f7b-bea6-2032f71edc6e:192.168.164.251:43412, 425a4ecf-96c9-4ed2-9685-9ed857d0c227:192.168.164.251:40961, 64db250c-0595-4dd9-8c8a-c2c488536deb:192.168.164.251:46638], old=null
2019-10-07 08:28:56,059 [64db250c-0595-4dd9-8c8a-c2c488536deb@group-CAC348664D94-LeaderElection63] INFO  impl.LeaderElection (LogUtils.java:infoOrTrace(149)) - 64db250c-0595-4dd9-8c8a-c2c488536deb@group-CAC348664D94-LeaderElection63 got exception when requesting votes: {}
java.util.concurrent.ExecutionException: org.apache.ratis.thirdparty.io.grpc.StatusRuntimeException: UNAVAILABLE: io exception
	at java.util.concurrent.FutureTask.report(FutureTask.java:122)
	at java.util.concurrent.FutureTask.get(FutureTask.java:192)
	at org.apache.ratis.server.impl.LeaderElection.waitForResults(LeaderElection.java:259)
	at org.apache.ratis.server.impl.LeaderElection.askForVotes(LeaderElection.java:197)
	at org.apache.ratis.server.impl.LeaderElection.run(LeaderElection.java:133)
	at java.lang.Thread.run(Thread.java:748)
Caused by: org.apache.ratis.thirdparty.io.grpc.StatusRuntimeException: UNAVAILABLE: io exception
	at org.apache.ratis.thirdparty.io.grpc.stub.ClientCalls.toStatusRuntimeException(ClientCalls.java:233)
	at org.apache.ratis.thirdparty.io.grpc.stub.ClientCalls.getUnchecked(ClientCalls.java:214)
	at org.apache.ratis.thirdparty.io.grpc.stub.ClientCalls.blockingUnaryCall(ClientCalls.java:139)
	at org.apache.ratis.proto.grpc.RaftServerProtocolServiceGrpc$RaftServerProtocolServiceBlockingStub.requestVote(RaftServerProtocolServiceGrpc.java:265)
	at org.apache.ratis.grpc.server.GrpcServerProtocolClient.requestVote(GrpcServerProtocolClient.java:99)
	at org.apache.ratis.grpc.server.GrpcService.requestVote(GrpcService.java:204)
	at org.apache.ratis.server.impl.LeaderElection.lambda$submitRequests$1(LeaderElection.java:234)
	at java.util.concurrent.FutureTask.run(FutureTask.java:266)
	at java.util.concurrent.Executors$RunnableAdapter.call(Executors.java:511)
	at java.util.concurrent.FutureTask.run(FutureTask.java:266)
	at java.util.concurrent.ThreadPoolExecutor.runWorker(ThreadPoolExecutor.java:1149)
	at java.util.concurrent.ThreadPoolExecutor$Worker.run(ThreadPoolExecutor.java:624)
	... 1 more
Caused by: org.apache.ratis.thirdparty.io.netty.channel.AbstractChannel$AnnotatedConnectException: Connection refused: /192.168.164.251:43412
	at sun.nio.ch.SocketChannelImpl.checkConnect(Native Method)
	at sun.nio.ch.SocketChannelImpl.finishConnect(SocketChannelImpl.java:717)
	at org.apache.ratis.thirdparty.io.netty.channel.socket.nio.NioSocketChannel.doFinishConnect(NioSocketChannel.java:327)
	at org.apache.ratis.thirdparty.io.netty.channel.nio.AbstractNioChannel$AbstractNioUnsafe.finishConnect(AbstractNioChannel.java:340)
	at org.apache.ratis.thirdparty.io.netty.channel.nio.NioEventLoop.processSelectedKey(NioEventLoop.java:632)
	at org.apache.ratis.thirdparty.io.netty.channel.nio.NioEventLoop.processSelectedKeysOptimized(NioEventLoop.java:579)
	at org.apache.ratis.thirdparty.io.netty.channel.nio.NioEventLoop.processSelectedKeys(NioEventLoop.java:496)
	at org.apache.ratis.thirdparty.io.netty.channel.nio.NioEventLoop.run(NioEventLoop.java:458)
	at org.apache.ratis.thirdparty.io.netty.util.concurrent.SingleThreadEventExecutor$5.run(SingleThreadEventExecutor.java:897)
	at org.apache.ratis.thirdparty.io.netty.util.concurrent.FastThreadLocalRunnable.run(FastThreadLocalRunnable.java:30)
	... 1 more
Caused by: java.net.ConnectException: Connection refused
	... 11 more
2019-10-07 08:28:56,065 [grpc-default-executor-0] INFO  impl.RaftServerImpl (ServerState.java:setLeader(255)) - 425a4ecf-96c9-4ed2-9685-9ed857d0c227@group-CAC348664D94: change Leader from 2031bdeb-9386-4f7b-bea6-2032f71edc6e to null at term 2 for updateCurrentTerm
2019-10-07 08:28:56,065 [grpc-default-executor-0] INFO  impl.RaftServerImpl (RaftServerImpl.java:setRole(170)) - 425a4ecf-96c9-4ed2-9685-9ed857d0c227@group-CAC348664D94: changes role from  FOLLOWER to FOLLOWER at term 2 for recognizeCandidate:64db250c-0595-4dd9-8c8a-c2c488536deb
2019-10-07 08:28:56,065 [grpc-default-executor-0] INFO  impl.RoleInfo (RoleInfo.java:shutdownFollowerState(121)) - 425a4ecf-96c9-4ed2-9685-9ed857d0c227: shutdown FollowerState
2019-10-07 08:28:56,066 [grpc-default-executor-0] INFO  impl.RoleInfo (RoleInfo.java:updateAndGet(143)) - 425a4ecf-96c9-4ed2-9685-9ed857d0c227: start FollowerState
2019-10-07 08:28:56,066 [Thread-2384] INFO  impl.FollowerState (FollowerState.java:run(117)) - 425a4ecf-96c9-4ed2-9685-9ed857d0c227@group-CAC348664D94-FollowerState was interrupted: java.lang.InterruptedException: sleep interrupted
2019-10-07 08:28:56,099 [64db250c-0595-4dd9-8c8a-c2c488536deb@group-CAC348664D94-LeaderElection63] INFO  impl.LeaderElection (LeaderElection.java:logAndReturn(56)) - 64db250c-0595-4dd9-8c8a-c2c488536deb@group-CAC348664D94-LeaderElection63: Election PASSED; received 1 response(s) [64db250c-0595-4dd9-8c8a-c2c488536deb<-425a4ecf-96c9-4ed2-9685-9ed857d0c227#0:OK-t2] and 1 exception(s); 64db250c-0595-4dd9-8c8a-c2c488536deb@group-CAC348664D94:t2, leader=null, voted=64db250c-0595-4dd9-8c8a-c2c488536deb, raftlog=64db250c-0595-4dd9-8c8a-c2c488536deb@group-CAC348664D94-SegmentedRaftLog:OPENED:c2,f2,i2, conf=0: [2031bdeb-9386-4f7b-bea6-2032f71edc6e:192.168.164.251:43412, 425a4ecf-96c9-4ed2-9685-9ed857d0c227:192.168.164.251:40961, 64db250c-0595-4dd9-8c8a-c2c488536deb:192.168.164.251:46638], old=null
2019-10-07 08:28:56,099 [64db250c-0595-4dd9-8c8a-c2c488536deb@group-CAC348664D94-LeaderElection63] INFO  impl.LeaderElection (LogUtils.java:infoOrTrace(149)) -   Exception 0: {}
java.util.concurrent.ExecutionException: org.apache.ratis.thirdparty.io.grpc.StatusRuntimeException: UNAVAILABLE: io exception
	at java.util.concurrent.FutureTask.report(FutureTask.java:122)
	at java.util.concurrent.FutureTask.get(FutureTask.java:192)
	at org.apache.ratis.server.impl.LeaderElection.waitForResults(LeaderElection.java:259)
	at org.apache.ratis.server.impl.LeaderElection.askForVotes(LeaderElection.java:197)
	at org.apache.ratis.server.impl.LeaderElection.run(LeaderElection.java:133)
	at java.lang.Thread.run(Thread.java:748)
Caused by: org.apache.ratis.thirdparty.io.grpc.StatusRuntimeException: UNAVAILABLE: io exception
	at org.apache.ratis.thirdparty.io.grpc.stub.ClientCalls.toStatusRuntimeException(ClientCalls.java:233)
	at org.apache.ratis.thirdparty.io.grpc.stub.ClientCalls.getUnchecked(ClientCalls.java:214)
	at org.apache.ratis.thirdparty.io.grpc.stub.ClientCalls.blockingUnaryCall(ClientCalls.java:139)
	at org.apache.ratis.proto.grpc.RaftServerProtocolServiceGrpc$RaftServerProtocolServiceBlockingStub.requestVote(RaftServerProtocolServiceGrpc.java:265)
	at org.apache.ratis.grpc.server.GrpcServerProtocolClient.requestVote(GrpcServerProtocolClient.java:99)
	at org.apache.ratis.grpc.server.GrpcService.requestVote(GrpcService.java:204)
	at org.apache.ratis.server.impl.LeaderElection.lambda$submitRequests$1(LeaderElection.java:234)
	at java.util.concurrent.FutureTask.run(FutureTask.java:266)
	at java.util.concurrent.Executors$RunnableAdapter.call(Executors.java:511)
	at java.util.concurrent.FutureTask.run(FutureTask.java:266)
	at java.util.concurrent.ThreadPoolExecutor.runWorker(ThreadPoolExecutor.java:1149)
	at java.util.concurrent.ThreadPoolExecutor$Worker.run(ThreadPoolExecutor.java:624)
	... 1 more
Caused by: org.apache.ratis.thirdparty.io.netty.channel.AbstractChannel$AnnotatedConnectException: Connection refused: /192.168.164.251:43412
	at sun.nio.ch.SocketChannelImpl.checkConnect(Native Method)
	at sun.nio.ch.SocketChannelImpl.finishConnect(SocketChannelImpl.java:717)
	at org.apache.ratis.thirdparty.io.netty.channel.socket.nio.NioSocketChannel.doFinishConnect(NioSocketChannel.java:327)
	at org.apache.ratis.thirdparty.io.netty.channel.nio.AbstractNioChannel$AbstractNioUnsafe.finishConnect(AbstractNioChannel.java:340)
	at org.apache.ratis.thirdparty.io.netty.channel.nio.NioEventLoop.processSelectedKey(NioEventLoop.java:632)
	at org.apache.ratis.thirdparty.io.netty.channel.nio.NioEventLoop.processSelectedKeysOptimized(NioEventLoop.java:579)
	at org.apache.ratis.thirdparty.io.netty.channel.nio.NioEventLoop.processSelectedKeys(NioEventLoop.java:496)
	at org.apache.ratis.thirdparty.io.netty.channel.nio.NioEventLoop.run(NioEventLoop.java:458)
	at org.apache.ratis.thirdparty.io.netty.util.concurrent.SingleThreadEventExecutor$5.run(SingleThreadEventExecutor.java:897)
	at org.apache.ratis.thirdparty.io.netty.util.concurrent.FastThreadLocalRunnable.run(FastThreadLocalRunnable.java:30)
	... 1 more
Caused by: java.net.ConnectException: Connection refused
	... 11 more
2019-10-07 08:28:56,099 [64db250c-0595-4dd9-8c8a-c2c488536deb@group-CAC348664D94-LeaderElection63] INFO  impl.RoleInfo (RoleInfo.java:shutdownLeaderElection(134)) - 64db250c-0595-4dd9-8c8a-c2c488536deb: shutdown LeaderElection
2019-10-07 08:28:56,099 [64db250c-0595-4dd9-8c8a-c2c488536deb@group-CAC348664D94-LeaderElection63] INFO  impl.RaftServerImpl (RaftServerImpl.java:setRole(170)) - 64db250c-0595-4dd9-8c8a-c2c488536deb@group-CAC348664D94: changes role from CANDIDATE to LEADER at term 2 for changeToLeader
2019-10-07 08:28:56,099 [64db250c-0595-4dd9-8c8a-c2c488536deb@group-CAC348664D94-LeaderElection63] INFO  impl.RaftServerImpl (ServerState.java:setLeader(255)) - 64db250c-0595-4dd9-8c8a-c2c488536deb@group-CAC348664D94: change Leader from null to 64db250c-0595-4dd9-8c8a-c2c488536deb at term 2 for becomeLeader, leader elected after 67ms
2019-10-07 08:28:56,100 [64db250c-0595-4dd9-8c8a-c2c488536deb@group-CAC348664D94-LeaderElection63] INFO  server.RaftServerConfigKeys (ConfUtils.java:logGet(43)) - raft.server.staging.catchup.gap = 1000 (default)
2019-10-07 08:28:56,100 [64db250c-0595-4dd9-8c8a-c2c488536deb@group-CAC348664D94-LeaderElection63] INFO  server.RaftServerConfigKeys (ConfUtils.java:logGet(43)) - raft.server.rpc.sleep.time = 25ms (default)
2019-10-07 08:28:56,100 [64db250c-0595-4dd9-8c8a-c2c488536deb@group-CAC348664D94-LeaderElection63] INFO  server.RaftServerConfigKeys (ConfUtils.java:logGet(43)) - raft.server.write.element-limit = 4096 (default)
2019-10-07 08:28:56,100 [64db250c-0595-4dd9-8c8a-c2c488536deb@group-CAC348664D94-LeaderElection63] INFO  server.RaftServerConfigKeys (ConfUtils.java:logGet(43)) - raft.server.watch.timeout = 10s (default)
2019-10-07 08:28:56,100 [64db250c-0595-4dd9-8c8a-c2c488536deb@group-CAC348664D94-LeaderElection63] INFO  server.RaftServerConfigKeys (ConfUtils.java:logGet(43)) - raft.server.watch.timeout.denomination = 1s (default)
2019-10-07 08:28:56,101 [64db250c-0595-4dd9-8c8a-c2c488536deb@group-CAC348664D94-LeaderElection63] INFO  server.RaftServerConfigKeys (ConfUtils.java:logGet(43)) - raft.server.watch.element-limit = 65536 (default)
2019-10-07 08:28:56,103 [64db250c-0595-4dd9-8c8a-c2c488536deb@group-CAC348664D94-LeaderElection63] INFO  server.RaftServerConfigKeys (ConfUtils.java:logGet(43)) - raft.server.log.appender.snapshot.chunk.size.max = 16MB (=16777216) (default)
2019-10-07 08:28:56,103 [64db250c-0595-4dd9-8c8a-c2c488536deb@group-CAC348664D94-LeaderElection63] INFO  server.RaftServerConfigKeys (ConfUtils.java:logGet(43)) - raft.server.log.appender.buffer.byte-limit = 33554432 (custom)
2019-10-07 08:28:56,103 [64db250c-0595-4dd9-8c8a-c2c488536deb@group-CAC348664D94-LeaderElection63] INFO  server.RaftServerConfigKeys (ConfUtils.java:logGet(43)) - raft.server.log.appender.buffer.element-limit = 1 (custom)
2019-10-07 08:28:56,103 [64db250c-0595-4dd9-8c8a-c2c488536deb@group-CAC348664D94-LeaderElection63] INFO  grpc.GrpcConfigKeys$Server (ConfUtils.java:logGet(43)) - raft.grpc.server.leader.outstanding.appends.max = 128 (default)
2019-10-07 08:28:56,104 [64db250c-0595-4dd9-8c8a-c2c488536deb@group-CAC348664D94-LeaderElection63] INFO  server.RaftServerConfigKeys (ConfUtils.java:logGet(43)) - raft.server.rpc.request.timeout = 3000ms (default)
2019-10-07 08:28:56,104 [64db250c-0595-4dd9-8c8a-c2c488536deb@group-CAC348664D94-LeaderElection63] INFO  server.RaftServerConfigKeys (ConfUtils.java:logGet(43)) - raft.server.log.appender.install.snapshot.enabled = false (custom)
2019-10-07 08:28:56,104 [64db250c-0595-4dd9-8c8a-c2c488536deb@group-CAC348664D94-LeaderElection63] INFO  server.RaftServerConfigKeys (ConfUtils.java:logGet(43)) - raft.server.log.appender.snapshot.chunk.size.max = 16MB (=16777216) (default)
2019-10-07 08:28:56,104 [64db250c-0595-4dd9-8c8a-c2c488536deb@group-CAC348664D94-LeaderElection63] INFO  server.RaftServerConfigKeys (ConfUtils.java:logGet(43)) - raft.server.log.appender.buffer.byte-limit = 33554432 (custom)
2019-10-07 08:28:56,104 [64db250c-0595-4dd9-8c8a-c2c488536deb@group-CAC348664D94-LeaderElection63] INFO  server.RaftServerConfigKeys (ConfUtils.java:logGet(43)) - raft.server.log.appender.buffer.element-limit = 1 (custom)
2019-10-07 08:28:56,104 [64db250c-0595-4dd9-8c8a-c2c488536deb@group-CAC348664D94-LeaderElection63] INFO  grpc.GrpcConfigKeys$Server (ConfUtils.java:logGet(43)) - raft.grpc.server.leader.outstanding.appends.max = 128 (default)
2019-10-07 08:28:56,105 [64db250c-0595-4dd9-8c8a-c2c488536deb@group-CAC348664D94-LeaderElection63] INFO  server.RaftServerConfigKeys (ConfUtils.java:logGet(43)) - raft.server.rpc.request.timeout = 3000ms (default)
2019-10-07 08:28:56,105 [64db250c-0595-4dd9-8c8a-c2c488536deb@group-CAC348664D94-LeaderElection63] INFO  server.RaftServerConfigKeys (ConfUtils.java:logGet(43)) - raft.server.log.appender.install.snapshot.enabled = false (custom)
2019-10-07 08:28:56,105 [64db250c-0595-4dd9-8c8a-c2c488536deb@group-CAC348664D94-LeaderElection63] INFO  impl.RoleInfo (RoleInfo.java:updateAndGet(143)) - 64db250c-0595-4dd9-8c8a-c2c488536deb: start LeaderState
2019-10-07 08:28:56,106 [64db250c-0595-4dd9-8c8a-c2c488536deb@group-CAC348664D94-LeaderElection63] INFO  segmented.SegmentedRaftLogWorker (SegmentedRaftLogWorker.java:rollLogSegment(390)) - 64db250c-0595-4dd9-8c8a-c2c488536deb@group-CAC348664D94-SegmentedRaftLogWorker: Rolling segment log-0_2 to index:2
2019-10-07 08:28:56,109 [64db250c-0595-4dd9-8c8a-c2c488536deb@group-CAC348664D94-LeaderElection63] INFO  impl.RaftServerImpl (ServerState.java:setRaftConf(356)) - 64db250c-0595-4dd9-8c8a-c2c488536deb@group-CAC348664D94: set configuration 3: [2031bdeb-9386-4f7b-bea6-2032f71edc6e:192.168.164.251:43412, 425a4ecf-96c9-4ed2-9685-9ed857d0c227:192.168.164.251:40961, 64db250c-0595-4dd9-8c8a-c2c488536deb:192.168.164.251:46638], old=null at 3
2019-10-07 08:28:56,109 [grpc-default-executor-0] WARN  server.GrpcLogAppender (LogUtils.java:warn(134)) - 64db250c-0595-4dd9-8c8a-c2c488536deb@group-CAC348664D94->2031bdeb-9386-4f7b-bea6-2032f71edc6e-AppendLogResponseHandler: Failed appendEntries: org.apache.ratis.thirdparty.io.grpc.StatusRuntimeException: UNAVAILABLE: io exception
2019-10-07 08:28:56,113 [64db250c-0595-4dd9-8c8a-c2c488536deb@group-CAC348664D94-SegmentedRaftLogWorker] INFO  segmented.SegmentedRaftLogWorker (SegmentedRaftLogWorker.java:execute(531)) - 64db250c-0595-4dd9-8c8a-c2c488536deb@group-CAC348664D94-SegmentedRaftLogWorker: Rolled log segment from /workdir/hadoop-ozone/integration-test/target/test-dir/MiniOzoneClusterImpl-667fc2db-f272-4918-8834-23ffb7f93011/datanode-1/data/ratis/b6dd3881-99a5-4f8b-a5e6-cac348664d94/current/log_inprogress_0 to /workdir/hadoop-ozone/integration-test/target/test-dir/MiniOzoneClusterImpl-667fc2db-f272-4918-8834-23ffb7f93011/datanode-1/data/ratis/b6dd3881-99a5-4f8b-a5e6-cac348664d94/current/log_0-2
2019-10-07 08:28:56,114 [grpc-default-executor-0] INFO  impl.FollowerInfo (FollowerInfo.java:lambda$new$0(51)) - 64db250c-0595-4dd9-8c8a-c2c488536deb@group-CAC348664D94->2031bdeb-9386-4f7b-bea6-2032f71edc6e: nextIndex: updateUnconditionally 3 -> 1
2019-10-07 08:28:56,114 [grpc-default-executor-3] INFO  impl.RaftServerImpl (ServerState.java:setLeader(255)) - 425a4ecf-96c9-4ed2-9685-9ed857d0c227@group-CAC348664D94: change Leader from null to 64db250c-0595-4dd9-8c8a-c2c488536deb at term 2 for appendEntries, leader elected after 49ms
2019-10-07 08:28:56,146 [grpc-default-executor-3] INFO  impl.RaftServerImpl (ServerState.java:setRaftConf(356)) - 425a4ecf-96c9-4ed2-9685-9ed857d0c227@group-CAC348664D94: set configuration 3: [2031bdeb-9386-4f7b-bea6-2032f71edc6e:192.168.164.251:43412, 425a4ecf-96c9-4ed2-9685-9ed857d0c227:192.168.164.251:40961, 64db250c-0595-4dd9-8c8a-c2c488536deb:192.168.164.251:46638], old=null at 3
2019-10-07 08:28:56,146 [grpc-default-executor-3] INFO  segmented.SegmentedRaftLogWorker (SegmentedRaftLogWorker.java:rollLogSegment(390)) - 425a4ecf-96c9-4ed2-9685-9ed857d0c227@group-CAC348664D94-SegmentedRaftLogWorker: Rolling segment log-0_2 to index:2
2019-10-07 08:28:56,147 [425a4ecf-96c9-4ed2-9685-9ed857d0c227@group-CAC348664D94-SegmentedRaftLogWorker] INFO  segmented.SegmentedRaftLogWorker (SegmentedRaftLogWorker.java:execute(531)) - 425a4ecf-96c9-4ed2-9685-9ed857d0c227@group-CAC348664D94-SegmentedRaftLogWorker: Rolled log segment from /workdir/hadoop-ozone/integration-test/target/test-dir/MiniOzoneClusterImpl-667fc2db-f272-4918-8834-23ffb7f93011/datanode-2/data/ratis/b6dd3881-99a5-4f8b-a5e6-cac348664d94/current/log_inprogress_0 to /workdir/hadoop-ozone/integration-test/target/test-dir/MiniOzoneClusterImpl-667fc2db-f272-4918-8834-23ffb7f93011/datanode-2/data/ratis/b6dd3881-99a5-4f8b-a5e6-cac348664d94/current/log_0-2
2019-10-07 08:28:56,165 [64db250c-0595-4dd9-8c8a-c2c488536deb@group-CAC348664D94-SegmentedRaftLogWorker] INFO  segmented.SegmentedRaftLogWorker (SegmentedRaftLogWorker.java:execute(574)) - 64db250c-0595-4dd9-8c8a-c2c488536deb@group-CAC348664D94-SegmentedRaftLogWorker: created new log segment /workdir/hadoop-ozone/integration-test/target/test-dir/MiniOzoneClusterImpl-667fc2db-f272-4918-8834-23ffb7f93011/datanode-1/data/ratis/b6dd3881-99a5-4f8b-a5e6-cac348664d94/current/log_inprogress_3
2019-10-07 08:28:56,188 [425a4ecf-96c9-4ed2-9685-9ed857d0c227@group-CAC348664D94-SegmentedRaftLogWorker] INFO  segmented.SegmentedRaftLogWorker (SegmentedRaftLogWorker.java:execute(574)) - 425a4ecf-96c9-4ed2-9685-9ed857d0c227@group-CAC348664D94-SegmentedRaftLogWorker: created new log segment /workdir/hadoop-ozone/integration-test/target/test-dir/MiniOzoneClusterImpl-667fc2db-f272-4918-8834-23ffb7f93011/datanode-2/data/ratis/b6dd3881-99a5-4f8b-a5e6-cac348664d94/current/log_inprogress_3
2019-10-07 08:28:56,209 [grpc-default-executor-9] WARN  server.GrpcLogAppender (LogUtils.java:warn(134)) - 64db250c-0595-4dd9-8c8a-c2c488536deb@group-CAC348664D94->2031bdeb-9386-4f7b-bea6-2032f71edc6e-AppendLogResponseHandler: Failed appendEntries: org.apache.ratis.thirdparty.io.grpc.StatusRuntimeException: UNAVAILABLE: io exception
2019-10-07 08:28:56,209 [grpc-default-executor-9] INFO  impl.FollowerInfo (FollowerInfo.java:lambda$new$0(51)) - 64db250c-0595-4dd9-8c8a-c2c488536deb@group-CAC348664D94->2031bdeb-9386-4f7b-bea6-2032f71edc6e: nextIndex: updateUnconditionally 2 -> 1
2019-10-07 08:28:56,223 [grpc-default-executor-3] WARN  server.GrpcLogAppender (LogUtils.java:warn(134)) - 64db250c-0595-4dd9-8c8a-c2c488536deb@group-CAC348664D94->2031bdeb-9386-4f7b-bea6-2032f71edc6e-AppendLogResponseHandler: Failed appendEntries: org.apache.ratis.thirdparty.io.grpc.StatusRuntimeException: UNAVAILABLE: io exception
2019-10-07 08:28:56,223 [grpc-default-executor-3] INFO  impl.FollowerInfo (FollowerInfo.java:lambda$new$0(51)) - 64db250c-0595-4dd9-8c8a-c2c488536deb@group-CAC348664D94->2031bdeb-9386-4f7b-bea6-2032f71edc6e: nextIndex: updateUnconditionally 2 -> 1
2019-10-07 08:28:56,327 [grpc-default-executor-9] WARN  server.GrpcLogAppender (LogUtils.java:warn(134)) - 19854c93-6789-4a4b-baec-170f8e9dd2d3@group-85450239316C->2aa6f7b3-a59e-4058-8af2-5381ad6af7db-AppendLogResponseHandler: Failed appendEntries: org.apache.ratis.thirdparty.io.grpc.StatusRuntimeException: UNAVAILABLE: io exception
2019-10-07 08:28:56,327 [grpc-default-executor-8] WARN  server.GrpcLogAppender (LogUtils.java:warn(134)) - 19854c93-6789-4a4b-baec-170f8e9dd2d3@group-85450239316C->1220f68b-22f9-43b7-8239-f0ea73c643e6-AppendLogResponseHandler: Failed appendEntries: org.apache.ratis.thirdparty.io.grpc.StatusRuntimeException: UNAVAILABLE: io exception
2019-10-07 08:28:56,327 [grpc-default-executor-9] INFO  impl.FollowerInfo (FollowerInfo.java:lambda$new$0(51)) - 19854c93-6789-4a4b-baec-170f8e9dd2d3@group-85450239316C->2aa6f7b3-a59e-4058-8af2-5381ad6af7db: nextIndex: updateUnconditionally 0 -> 0
2019-10-07 08:28:56,327 [grpc-default-executor-8] INFO  impl.FollowerInfo (FollowerInfo.java:lambda$new$0(51)) - 19854c93-6789-4a4b-baec-170f8e9dd2d3@group-85450239316C->1220f68b-22f9-43b7-8239-f0ea73c643e6: nextIndex: updateUnconditionally 0 -> 0
2019-10-07 08:28:56,767 [grpc-default-executor-3] WARN  server.GrpcLogAppender (LogUtils.java:warn(134)) - 64db250c-0595-4dd9-8c8a-c2c488536deb@group-CAC348664D94->2031bdeb-9386-4f7b-bea6-2032f71edc6e-AppendLogResponseHandler: Failed appendEntries: org.apache.ratis.thirdparty.io.grpc.StatusRuntimeException: UNAVAILABLE: io exception
2019-10-07 08:28:56,768 [grpc-default-executor-3] INFO  impl.FollowerInfo (FollowerInfo.java:lambda$new$0(51)) - 64db250c-0595-4dd9-8c8a-c2c488536deb@group-CAC348664D94->2031bdeb-9386-4f7b-bea6-2032f71edc6e: nextIndex: updateUnconditionally 2 -> 1
2019-10-07 08:28:56,780 [grpc-default-executor-9] WARN  server.GrpcLogAppender (LogUtils.java:warn(134)) - 64db250c-0595-4dd9-8c8a-c2c488536deb@group-CAC348664D94->2031bdeb-9386-4f7b-bea6-2032f71edc6e-AppendLogResponseHandler: Failed appendEntries: org.apache.ratis.thirdparty.io.grpc.StatusRuntimeException: UNAVAILABLE: io exception
2019-10-07 08:28:56,780 [grpc-default-executor-9] INFO  impl.FollowerInfo (FollowerInfo.java:lambda$new$0(51)) - 64db250c-0595-4dd9-8c8a-c2c488536deb@group-CAC348664D94->2031bdeb-9386-4f7b-bea6-2032f71edc6e: nextIndex: updateUnconditionally 2 -> 1
2019-10-07 08:28:56,792 [grpc-default-executor-8] WARN  server.GrpcLogAppender (LogUtils.java:warn(134)) - 64db250c-0595-4dd9-8c8a-c2c488536deb@group-CAC348664D94->2031bdeb-9386-4f7b-bea6-2032f71edc6e-AppendLogResponseHandler: Failed appendEntries: org.apache.ratis.thirdparty.io.grpc.StatusRuntimeException: UNAVAILABLE: io exception
2019-10-07 08:28:56,792 [grpc-default-executor-8] INFO  impl.FollowerInfo (FollowerInfo.java:lambda$new$0(51)) - 64db250c-0595-4dd9-8c8a-c2c488536deb@group-CAC348664D94->2031bdeb-9386-4f7b-bea6-2032f71edc6e: nextIndex: updateUnconditionally 2 -> 1
2019-10-07 08:28:56,805 [EventQueue-IncrementalContainerReportForIncrementalContainerReportHandler] WARN  container.IncrementalContainerReportHandler (AbstractContainerReportHandler.java:updateContainerState(143)) - Container #1 is in OPEN state, but the datanode 64db250c-0595-4dd9-8c8a-c2c488536deb{ip: 192.168.164.251, host: pr-hdds-2239-kl4xt-1424884434, networkLocation: /default-rack, certSerialId: null} reports an CLOSING replica.
2019-10-07 08:28:56,828 [EventQueue-IncrementalContainerReportForIncrementalContainerReportHandler] WARN  container.IncrementalContainerReportHandler (AbstractContainerReportHandler.java:updateContainerState(143)) - Container #1 is in OPEN state, but the datanode 425a4ecf-96c9-4ed2-9685-9ed857d0c227{ip: 192.168.164.251, host: pr-hdds-2239-kl4xt-1424884434, networkLocation: /default-rack, certSerialId: null} reports an CLOSING replica.
2019-10-07 08:28:56,923 [RatisApplyTransactionExecutor 1] INFO  interfaces.Container (KeyValueContainer.java:flushAndSyncDB(386)) - Container 1 is synced with bcsId 0.
2019-10-07 08:28:57,009 [RatisApplyTransactionExecutor 1] INFO  interfaces.Container (KeyValueContainer.java:flushAndSyncDB(386)) - Container 1 is synced with bcsId 0.
2019-10-07 08:28:57,024 [RatisApplyTransactionExecutor 1] INFO  interfaces.Container (KeyValueContainer.java:flushAndSyncDB(386)) - Container 1 is synced with bcsId 0.
2019-10-07 08:28:57,025 [RatisApplyTransactionExecutor 1] INFO  interfaces.Container (KeyValueContainer.java:flushAndSyncDB(386)) - Container 1 is synced with bcsId 0.
2019-10-07 08:28:57,042 [RatisApplyTransactionExecutor 1] INFO  interfaces.Container (KeyValueContainer.java:close(335)) - Container 1 is closed with bcsId 0.
2019-10-07 08:28:57,042 [RatisApplyTransactionExecutor 1] INFO  interfaces.Container (KeyValueContainer.java:close(335)) - Container 1 is closed with bcsId 0.
2019-10-07 08:28:57,043 [EventQueue-IncrementalContainerReportForIncrementalContainerReportHandler] WARN  container.IncrementalContainerReportHandler (AbstractContainerReportHandler.java:updateContainerState(143)) - Container #1 is in OPEN state, but the datanode 64db250c-0595-4dd9-8c8a-c2c488536deb{ip: 192.168.164.251, host: pr-hdds-2239-kl4xt-1424884434, networkLocation: /default-rack, certSerialId: null} reports an CLOSED replica.
2019-10-07 08:28:57,048 [EventQueue-IncrementalContainerReportForIncrementalContainerReportHandler] WARN  container.IncrementalContainerReportHandler (AbstractContainerReportHandler.java:updateContainerState(143)) - Container #1 is in OPEN state, but the datanode 425a4ecf-96c9-4ed2-9685-9ed857d0c227{ip: 192.168.164.251, host: pr-hdds-2239-kl4xt-1424884434, networkLocation: /default-rack, certSerialId: null} reports an CLOSED replica.
2019-10-07 08:28:58,828 [grpc-default-executor-5] WARN  server.GrpcLogAppender (LogUtils.java:warn(134)) - 19854c93-6789-4a4b-baec-170f8e9dd2d3@group-85450239316C->2aa6f7b3-a59e-4058-8af2-5381ad6af7db-AppendLogResponseHandler: Failed appendEntries: org.apache.ratis.thirdparty.io.grpc.StatusRuntimeException: UNAVAILABLE: io exception
2019-10-07 08:28:58,828 [grpc-default-executor-10] WARN  server.GrpcLogAppender (LogUtils.java:warn(134)) - 19854c93-6789-4a4b-baec-170f8e9dd2d3@group-85450239316C->1220f68b-22f9-43b7-8239-f0ea73c643e6-AppendLogResponseHandler: Failed appendEntries: org.apache.ratis.thirdparty.io.grpc.StatusRuntimeException: UNAVAILABLE: io exception
2019-10-07 08:28:58,829 [grpc-default-executor-5] INFO  impl.FollowerInfo (FollowerInfo.java:lambda$new$0(51)) - 19854c93-6789-4a4b-baec-170f8e9dd2d3@group-85450239316C->2aa6f7b3-a59e-4058-8af2-5381ad6af7db: nextIndex: updateUnconditionally 0 -> 0
2019-10-07 08:28:58,829 [grpc-default-executor-10] INFO  impl.FollowerInfo (FollowerInfo.java:lambda$new$0(51)) - 19854c93-6789-4a4b-baec-170f8e9dd2d3@group-85450239316C->1220f68b-22f9-43b7-8239-f0ea73c643e6: nextIndex: updateUnconditionally 0 -> 0
2019-10-07 08:28:59,293 [grpc-default-executor-8] WARN  server.GrpcLogAppender (LogUtils.java:warn(134)) - 64db250c-0595-4dd9-8c8a-c2c488536deb@group-CAC348664D94->2031bdeb-9386-4f7b-bea6-2032f71edc6e-AppendLogResponseHandler: Failed appendEntries: org.apache.ratis.thirdparty.io.grpc.StatusRuntimeException: UNAVAILABLE: io exception
2019-10-07 08:28:59,293 [grpc-default-executor-8] INFO  impl.FollowerInfo (FollowerInfo.java:lambda$new$0(51)) - 64db250c-0595-4dd9-8c8a-c2c488536deb@group-CAC348664D94->2031bdeb-9386-4f7b-bea6-2032f71edc6e: nextIndex: updateUnconditionally 1 -> 0
2019-10-07 08:29:00,055 [main] WARN  scm.XceiverClientRatis (XceiverClientRatis.java:watchForCommit(269)) - 3 way commit failed on pipeline Pipeline[ Id: b6dd3881-99a5-4f8b-a5e6-cac348664d94, Nodes: 2031bdeb-9386-4f7b-bea6-2032f71edc6e{ip: 192.168.164.251, host: pr-hdds-2239-kl4xt-1424884434, networkLocation: /default-rack, certSerialId: null}425a4ecf-96c9-4ed2-9685-9ed857d0c227{ip: 192.168.164.251, host: pr-hdds-2239-kl4xt-1424884434, networkLocation: /default-rack, certSerialId: null}64db250c-0595-4dd9-8c8a-c2c488536deb{ip: 192.168.164.251, host: pr-hdds-2239-kl4xt-1424884434, networkLocation: /default-rack, certSerialId: null}, Type:RATIS, Factor:THREE, State:OPEN]
java.util.concurrent.TimeoutException
	at java.util.concurrent.CompletableFuture.timedGet(CompletableFuture.java:1771)
	at java.util.concurrent.CompletableFuture.get(CompletableFuture.java:1915)
	at org.apache.hadoop.hdds.scm.XceiverClientRatis.watchForCommit(XceiverClientRatis.java:266)
	at org.apache.hadoop.ozone.client.rpc.TestWatchForCommit.test2WayCommitForTimeoutException(TestWatchForCommit.java:391)
	at sun.reflect.NativeMethodAccessorImpl.invoke0(Native Method)
	at sun.reflect.NativeMethodAccessorImpl.invoke(NativeMethodAccessorImpl.java:62)
	at sun.reflect.DelegatingMethodAccessorImpl.invoke(DelegatingMethodAccessorImpl.java:43)
	at java.lang.reflect.Method.invoke(Method.java:498)
	at org.junit.runners.model.FrameworkMethod$1.runReflectiveCall(FrameworkMethod.java:47)
	at org.junit.internal.runners.model.ReflectiveCallable.run(ReflectiveCallable.java:12)
	at org.junit.runners.model.FrameworkMethod.invokeExplosively(FrameworkMethod.java:44)
	at org.junit.internal.runners.statements.InvokeMethod.evaluate(InvokeMethod.java:17)
	at org.junit.runners.ParentRunner.runLeaf(ParentRunner.java:271)
	at org.junit.runners.BlockJUnit4ClassRunner.runChild(BlockJUnit4ClassRunner.java:70)
	at org.junit.runners.BlockJUnit4ClassRunner.runChild(BlockJUnit4ClassRunner.java:50)
	at org.junit.runners.ParentRunner$3.run(ParentRunner.java:238)
	at org.junit.runners.ParentRunner$1.schedule(ParentRunner.java:63)
	at org.junit.runners.ParentRunner.runChildren(ParentRunner.java:236)
	at org.junit.runners.ParentRunner.access$000(ParentRunner.java:53)
	at org.junit.runners.ParentRunner$2.evaluate(ParentRunner.java:229)
	at org.junit.runners.ParentRunner.run(ParentRunner.java:309)
	at org.apache.maven.surefire.junit4.JUnit4Provider.execute(JUnit4Provider.java:365)
	at org.apache.maven.surefire.junit4.JUnit4Provider.executeWithRerun(JUnit4Provider.java:273)
	at org.apache.maven.surefire.junit4.JUnit4Provider.executeTestSet(JUnit4Provider.java:238)
	at org.apache.maven.surefire.junit4.JUnit4Provider.invoke(JUnit4Provider.java:159)
	at org.apache.maven.surefire.booter.ForkedBooter.invokeProviderInSameClassLoader(ForkedBooter.java:384)
	at org.apache.maven.surefire.booter.ForkedBooter.runSuitesInProcess(ForkedBooter.java:345)
	at org.apache.maven.surefire.booter.ForkedBooter.execute(ForkedBooter.java:126)
	at org.apache.maven.surefire.booter.ForkedBooter.main(ForkedBooter.java:418)
2019-10-07 08:29:01,328 [grpc-default-executor-10] WARN  server.GrpcLogAppender (LogUtils.java:warn(134)) - 19854c93-6789-4a4b-baec-170f8e9dd2d3@group-85450239316C->2aa6f7b3-a59e-4058-8af2-5381ad6af7db-AppendLogResponseHandler: Failed appendEntries: org.apache.ratis.thirdparty.io.grpc.StatusRuntimeException: UNAVAILABLE: io exception
2019-10-07 08:29:01,331 [grpc-default-executor-8] WARN  server.GrpcLogAppender (LogUtils.java:warn(134)) - 19854c93-6789-4a4b-baec-170f8e9dd2d3@group-85450239316C->1220f68b-22f9-43b7-8239-f0ea73c643e6-AppendLogResponseHandler: Failed appendEntries: org.apache.ratis.thirdparty.io.grpc.StatusRuntimeException: UNAVAILABLE: io exception
2019-10-07 08:29:01,334 [grpc-default-executor-10] INFO  impl.FollowerInfo (FollowerInfo.java:lambda$new$0(51)) - 19854c93-6789-4a4b-baec-170f8e9dd2d3@group-85450239316C->2aa6f7b3-a59e-4058-8af2-5381ad6af7db: nextIndex: updateUnconditionally 0 -> 0
2019-10-07 08:29:01,334 [grpc-default-executor-8] INFO  impl.FollowerInfo (FollowerInfo.java:lambda$new$0(51)) - 19854c93-6789-4a4b-baec-170f8e9dd2d3@group-85450239316C->1220f68b-22f9-43b7-8239-f0ea73c643e6: nextIndex: updateUnconditionally 0 -> 0
2019-10-07 08:29:01,793 [grpc-default-executor-5] WARN  server.GrpcLogAppender (LogUtils.java:warn(134)) - 64db250c-0595-4dd9-8c8a-c2c488536deb@group-CAC348664D94->2031bdeb-9386-4f7b-bea6-2032f71edc6e-AppendLogResponseHandler: Failed appendEntries: org.apache.ratis.thirdparty.io.grpc.StatusRuntimeException: UNAVAILABLE: io exception
2019-10-07 08:29:01,793 [grpc-default-executor-5] INFO  impl.FollowerInfo (FollowerInfo.java:lambda$new$0(51)) - 64db250c-0595-4dd9-8c8a-c2c488536deb@group-CAC348664D94->2031bdeb-9386-4f7b-bea6-2032f71edc6e: nextIndex: updateUnconditionally 0 -> 0
]]></system-out>
  </testcase>
</testsuite>