<?xml version="1.0" encoding="UTF-8"?>
<testsuite xmlns:xsi="http://www.w3.org/2001/XMLSchema-instance" xsi:noNamespaceSchemaLocation="https://maven.apache.org/surefire/maven-surefire-plugin/xsd/surefire-test-report.xsd" name="org.apache.hadoop.ozone.client.rpc.Test2WayCommitInRatis" time="34.173" tests="1" errors="1" skipped="0" failures="0">
  <properties>
    <property name="awt.toolkit" value="sun.awt.X11.XToolkit"/>
    <property name="file.encoding.pkg" value="sun.io"/>
    <property name="java.specification.version" value="1.8"/>
    <property name="sun.cpu.isalist" value=""/>
    <property name="sun.jnu.encoding" value="UTF-8"/>
    <property name="java.class.path" value="/workdir/hadoop-ozone/integration-test/target/test-classes:/workdir/hadoop-ozone/integration-test/target/classes:/home/user/.m2/repository/org/apache/hadoop/hadoop-ozone-common/0.5.0-SNAPSHOT/hadoop-ozone-common-0.5.0-SNAPSHOT.jar:/home/user/.m2/repository/org/apache/commons/commons-compress/1.4.1/commons-compress-1.4.1.jar:/home/user/.m2/repository/org/tukaani/xz/1.0/xz-1.0.jar:/home/user/.m2/repository/org/apache/hadoop/hadoop-common/3.2.0/hadoop-common-3.2.0.jar:/home/user/.m2/repository/org/apache/hadoop/hadoop-hdfs/3.2.0/hadoop-hdfs-3.2.0.jar:/home/user/.m2/repository/org/apache/hadoop/hadoop-hdfs-client/3.2.0/hadoop-hdfs-client-3.2.0.jar:/home/user/.m2/repository/com/fasterxml/jackson/core/jackson-annotations/2.9.9/jackson-annotations-2.9.9.jar:/home/user/.m2/repository/org/apache/hadoop/hadoop-hdds-common/0.5.0-SNAPSHOT/hadoop-hdds-common-0.5.0-SNAPSHOT.jar:/home/user/.m2/repository/javax/annotation/javax.annotation-api/1.2/javax.annotation-api-1.2.jar:/home/user/.m2/repository/org/apache/ratis/ratis-server/0.5.0-201fc85-SNAPSHOT/ratis-server-0.5.0-201fc85-SNAPSHOT.jar:/home/user/.m2/repository/org/apache/ratis/ratis-thirdparty-misc/0.2.0/ratis-thirdparty-misc-0.2.0.jar:/home/user/.m2/repository/org/apache/ratis/ratis-proto/0.5.0-201fc85-SNAPSHOT/ratis-proto-0.5.0-201fc85-SNAPSHOT.jar:/home/user/.m2/repository/org/apache/ratis/ratis-common/0.5.0-201fc85-SNAPSHOT/ratis-common-0.5.0-201fc85-SNAPSHOT.jar:/home/user/.m2/repository/org/apache/ratis/ratis-client/0.5.0-201fc85-SNAPSHOT/ratis-client-0.5.0-201fc85-SNAPSHOT.jar:/home/user/.m2/repository/org/apache/ratis/ratis-metrics/0.5.0-201fc85-SNAPSHOT/ratis-metrics-0.5.0-201fc85-SNAPSHOT.jar:/home/user/.m2/repository/com/github/joshelser/dropwizard-metrics-hadoop-metrics2-reporter/0.1.2/dropwizard-metrics-hadoop-metrics2-reporter-0.1.2.jar:/home/user/.m2/repository/io/dropwizard/metrics/metrics-jvm/3.2.5/metrics-jvm-3.2.5.jar:/home/user/.m2/repository/io/dropwizard/metrics/metrics-ganglia/3.2.5/metrics-ganglia-3.2.5.jar:/home/user/.m2/repository/info/ganglia/gmetric4j/gmetric4j/1.0.7/gmetric4j-1.0.7.jar:/home/user/.m2/repository/org/apache/ratis/ratis-netty/0.5.0-201fc85-SNAPSHOT/ratis-netty-0.5.0-201fc85-SNAPSHOT.jar:/home/user/.m2/repository/org/apache/ratis/ratis-grpc/0.5.0-201fc85-SNAPSHOT/ratis-grpc-0.5.0-201fc85-SNAPSHOT.jar:/home/user/.m2/repository/org/rocksdb/rocksdbjni/6.0.1/rocksdbjni-6.0.1.jar:/home/user/.m2/repository/org/apache/logging/log4j/log4j-api/2.11.0/log4j-api-2.11.0.jar:/home/user/.m2/repository/org/apache/logging/log4j/log4j-core/2.11.0/log4j-core-2.11.0.jar:/home/user/.m2/repository/com/lmax/disruptor/3.4.2/disruptor-3.4.2.jar:/home/user/.m2/repository/org/apache/commons/commons-pool2/2.6.0/commons-pool2-2.6.0.jar:/home/user/.m2/repository/org/bouncycastle/bcpkix-jdk15on/1.60/bcpkix-jdk15on-1.60.jar:/home/user/.m2/repository/commons-validator/commons-validator/1.6/commons-validator-1.6.jar:/home/user/.m2/repository/commons-digester/commons-digester/1.8.1/commons-digester-1.8.1.jar:/home/user/.m2/repository/io/jaegertracing/jaeger-client/0.34.0/jaeger-client-0.34.0.jar:/home/user/.m2/repository/io/jaegertracing/jaeger-thrift/0.34.0/jaeger-thrift-0.34.0.jar:/home/user/.m2/repository/org/apache/thrift/libthrift/0.12.0/libthrift-0.12.0.jar:/home/user/.m2/repository/com/squareup/okhttp3/okhttp/3.9.0/okhttp-3.9.0.jar:/home/user/.m2/repository/com/squareup/okio/okio/1.13.0/okio-1.13.0.jar:/home/user/.m2/repository/io/jaegertracing/jaeger-core/0.34.0/jaeger-core-0.34.0.jar:/home/user/.m2/repository/io/jaegertracing/jaeger-tracerresolver/0.34.0/jaeger-tracerresolver-0.34.0.jar:/home/user/.m2/repository/io/opentracing/contrib/opentracing-tracerresolver/0.1.5/opentracing-tracerresolver-0.1.5.jar:/home/user/.m2/repository/io/opentracing/opentracing-util/0.31.0/opentracing-util-0.31.0.jar:/home/user/.m2/repository/io/opentracing/opentracing-api/0.31.0/opentracing-api-0.31.0.jar:/home/user/.m2/repository/io/opentracing/opentracing-noop/0.31.0/opentracing-noop-0.31.0.jar:/home/user/.m2/repository/org/apache/hadoop/hadoop-hdds-server-framework/0.5.0-SNAPSHOT/hadoop-hdds-server-framework-0.5.0-SNAPSHOT.jar:/home/user/.m2/repository/org/apache/hadoop/hadoop-hdds-container-service/0.5.0-SNAPSHOT/hadoop-hdds-container-service-0.5.0-SNAPSHOT.jar:/home/user/.m2/repository/org/apache/hadoop/hadoop-hdds-client/0.5.0-SNAPSHOT/hadoop-hdds-client-0.5.0-SNAPSHOT.jar:/home/user/.m2/repository/org/apache/hadoop/hadoop-hdds-tools/0.5.0-SNAPSHOT/hadoop-hdds-tools-0.5.0-SNAPSHOT.jar:/home/user/.m2/repository/org/apache/hadoop/hadoop-hdds-server-scm/0.5.0-SNAPSHOT/hadoop-hdds-server-scm-0.5.0-SNAPSHOT.jar:/home/user/.m2/repository/org/apache/hadoop/hadoop-hdds-docs/0.5.0-SNAPSHOT/hadoop-hdds-docs-0.5.0-SNAPSHOT.jar:/home/user/.m2/repository/io/dropwizard/metrics/metrics-core/3.2.4/metrics-core-3.2.4.jar:/home/user/.m2/repository/org/hamcrest/hamcrest-all/1.3/hamcrest-all-1.3.jar:/home/user/.m2/repository/org/bouncycastle/bcprov-jdk15on/1.60/bcprov-jdk15on-1.60.jar:/home/user/.m2/repository/info/picocli/picocli/3.9.6/picocli-3.9.6.jar:/home/user/.m2/repository/com/google/protobuf/protobuf-java/2.5.0/protobuf-java-2.5.0.jar:/home/user/.m2/repository/com/google/guava/guava/11.0.2/guava-11.0.2.jar:/home/user/.m2/repository/org/apache/hadoop/hadoop-ozone-ozone-manager/0.5.0-SNAPSHOT/hadoop-ozone-ozone-manager-0.5.0-SNAPSHOT.jar:/home/user/.m2/repository/org/apache/hadoop/hadoop-minikdc/3.2.0/hadoop-minikdc-3.2.0.jar:/home/user/.m2/repository/commons-io/commons-io/2.5/commons-io-2.5.jar:/home/user/.m2/repository/org/apache/kerby/kerb-simplekdc/1.0.1/kerb-simplekdc-1.0.1.jar:/home/user/.m2/repository/org/apache/kerby/kerb-client/1.0.1/kerb-client-1.0.1.jar:/home/user/.m2/repository/org/apache/kerby/kerby-config/1.0.1/kerby-config-1.0.1.jar:/home/user/.m2/repository/org/apache/kerby/kerb-core/1.0.1/kerb-core-1.0.1.jar:/home/user/.m2/repository/org/apache/kerby/kerby-pkix/1.0.1/kerby-pkix-1.0.1.jar:/home/user/.m2/repository/org/apache/kerby/kerby-asn1/1.0.1/kerby-asn1-1.0.1.jar:/home/user/.m2/repository/org/apache/kerby/kerby-util/1.0.1/kerby-util-1.0.1.jar:/home/user/.m2/repository/org/apache/kerby/kerb-common/1.0.1/kerb-common-1.0.1.jar:/home/user/.m2/repository/org/apache/kerby/kerb-crypto/1.0.1/kerb-crypto-1.0.1.jar:/home/user/.m2/repository/org/apache/kerby/kerb-util/1.0.1/kerb-util-1.0.1.jar:/home/user/.m2/repository/org/apache/kerby/token-provider/1.0.1/token-provider-1.0.1.jar:/home/user/.m2/repository/org/apache/kerby/kerb-admin/1.0.1/kerb-admin-1.0.1.jar:/home/user/.m2/repository/org/apache/kerby/kerb-server/1.0.1/kerb-server-1.0.1.jar:/home/user/.m2/repository/org/apache/kerby/kerb-identity/1.0.1/kerb-identity-1.0.1.jar:/home/user/.m2/repository/org/apache/kerby/kerby-xdr/1.0.1/kerby-xdr-1.0.1.jar:/home/user/.m2/repository/org/slf4j/slf4j-log4j12/1.7.25/slf4j-log4j12-1.7.25.jar:/home/user/.m2/repository/org/apache/hadoop/hadoop-ozone-s3gateway/0.5.0-SNAPSHOT/hadoop-ozone-s3gateway-0.5.0-SNAPSHOT.jar:/home/user/.m2/repository/org/jboss/weld/servlet/weld-servlet/2.4.7.Final/weld-servlet-2.4.7.Final.jar:/home/user/.m2/repository/org/glassfish/jersey/containers/jersey-container-servlet-core/2.27/jersey-container-servlet-core-2.27.jar:/home/user/.m2/repository/org/glassfish/hk2/external/javax.inject/2.5.0-b42/javax.inject-2.5.0-b42.jar:/home/user/.m2/repository/org/glassfish/jersey/core/jersey-common/2.27/jersey-common-2.27.jar:/home/user/.m2/repository/org/glassfish/hk2/osgi-resource-locator/1.0.1/osgi-resource-locator-1.0.1.jar:/home/user/.m2/repository/javax/ws/rs/javax.ws.rs-api/2.1/javax.ws.rs-api-2.1.jar:/home/user/.m2/repository/org/glassfish/jersey/ext/cdi/jersey-cdi1x/2.27/jersey-cdi1x-2.27.jar:/home/user/.m2/repository/org/glassfish/jersey/inject/jersey-hk2/2.27/jersey-hk2-2.27.jar:/home/user/.m2/repository/org/glassfish/hk2/hk2-locator/2.5.0-b42/hk2-locator-2.5.0-b42.jar:/home/user/.m2/repository/org/javassist/javassist/3.22.0-CR2/javassist-3.22.0-CR2.jar:/home/user/.m2/repository/org/glassfish/hk2/hk2-api/2.5.0/hk2-api-2.5.0.jar:/home/user/.m2/repository/org/glassfish/hk2/external/jakarta.inject/2.5.0/jakarta.inject-2.5.0.jar:/home/user/.m2/repository/org/glassfish/hk2/hk2-utils/2.5.0/hk2-utils-2.5.0.jar:/home/user/.m2/repository/jakarta/annotation/jakarta.annotation-api/1.3.4/jakarta.annotation-api-1.3.4.jar:/home/user/.m2/repository/org/glassfish/hk2/external/aopalliance-repackaged/2.5.0/aopalliance-repackaged-2.5.0.jar:/home/user/.m2/repository/com/fasterxml/jackson/dataformat/jackson-dataformat-xml/2.9.0/jackson-dataformat-xml-2.9.0.jar:/home/user/.m2/repository/com/fasterxml/jackson/core/jackson-core/2.9.9/jackson-core-2.9.9.jar:/home/user/.m2/repository/com/fasterxml/jackson/module/jackson-module-jaxb-annotations/2.9.9/jackson-module-jaxb-annotations-2.9.9.jar:/home/user/.m2/repository/javax/enterprise/cdi-api/1.2/cdi-api-1.2.jar:/home/user/.m2/repository/javax/el/javax.el-api/3.0.0/javax.el-api-3.0.0.jar:/home/user/.m2/repository/javax/interceptor/javax.interceptor-api/1.2/javax.interceptor-api-1.2.jar:/home/user/.m2/repository/javax/inject/javax.inject/1/javax.inject-1.jar:/home/user/.m2/repository/com/sun/xml/bind/jaxb-impl/2.3.0.1/jaxb-impl-2.3.0.1.jar:/home/user/.m2/repository/com/sun/xml/bind/jaxb-core/2.3.0.1/jaxb-core-2.3.0.1.jar:/home/user/.m2/repository/javax/xml/bind/jaxb-api/2.3.0/jaxb-api-2.3.0.jar:/home/user/.m2/repository/javax/activation/activation/1.1.1/activation-1.1.1.jar:/home/user/.m2/repository/org/apache/hadoop/hadoop-ozone-csi/0.5.0-SNAPSHOT/hadoop-ozone-csi-0.5.0-SNAPSHOT.jar:/home/user/.m2/repository/com/google/protobuf/protobuf-java-util/3.5.1/protobuf-java-util-3.5.1.jar:/home/user/.m2/repository/org/apache/hadoop/hadoop-hdds-config/0.5.0-SNAPSHOT/hadoop-hdds-config-0.5.0-SNAPSHOT.jar:/home/user/.m2/repository/io/grpc/grpc-netty/1.17.1/grpc-netty-1.17.1.jar:/home/user/.m2/repository/io/grpc/grpc-core/1.17.1/grpc-core-1.17.1.jar:/home/user/.m2/repository/io/grpc/grpc-context/1.17.1/grpc-context-1.17.1.jar:/home/user/.m2/repository/com/google/errorprone/error_prone_annotations/2.2.0/error_prone_annotations-2.2.0.jar:/home/user/.m2/repository/org/codehaus/mojo/animal-sniffer-annotations/1.17/animal-sniffer-annotations-1.17.jar:/home/user/.m2/repository/io/opencensus/opencensus-api/0.17.0/opencensus-api-0.17.0.jar:/home/user/.m2/repository/io/opencensus/opencensus-contrib-grpc-metrics/0.17.0/opencensus-contrib-grpc-metrics-0.17.0.jar:/home/user/.m2/repository/io/netty/netty-codec-http2/4.1.30.Final/netty-codec-http2-4.1.30.Final.jar:/home/user/.m2/repository/io/netty/netty-codec-http/4.1.30.Final/netty-codec-http-4.1.30.Final.jar:/home/user/.m2/repository/io/netty/netty-codec/4.1.30.Final/netty-codec-4.1.30.Final.jar:/home/user/.m2/repository/io/netty/netty-handler/4.1.30.Final/netty-handler-4.1.30.Final.jar:/home/user/.m2/repository/io/netty/netty-handler-proxy/4.1.30.Final/netty-handler-proxy-4.1.30.Final.jar:/home/user/.m2/repository/io/netty/netty-codec-socks/4.1.30.Final/netty-codec-socks-4.1.30.Final.jar:/home/user/.m2/repository/io/netty/netty-transport-native-epoll/4.1.30.Final/netty-transport-native-epoll-4.1.30.Final.jar:/home/user/.m2/repository/io/netty/netty-common/4.1.30.Final/netty-common-4.1.30.Final.jar:/home/user/.m2/repository/io/netty/netty-buffer/4.1.30.Final/netty-buffer-4.1.30.Final.jar:/home/user/.m2/repository/io/netty/netty-transport/4.1.30.Final/netty-transport-4.1.30.Final.jar:/home/user/.m2/repository/io/netty/netty-resolver/4.1.30.Final/netty-resolver-4.1.30.Final.jar:/home/user/.m2/repository/io/netty/netty-transport-native-unix-common/4.1.30.Final/netty-transport-native-unix-common-4.1.30.Final.jar:/home/user/.m2/repository/io/grpc/grpc-protobuf/1.17.1/grpc-protobuf-1.17.1.jar:/home/user/.m2/repository/com/google/api/grpc/proto-google-common-protos/1.0.0/proto-google-common-protos-1.0.0.jar:/home/user/.m2/repository/io/grpc/grpc-protobuf-lite/1.17.1/grpc-protobuf-lite-1.17.1.jar:/home/user/.m2/repository/io/grpc/grpc-stub/1.17.1/grpc-stub-1.17.1.jar:/home/user/.m2/repository/org/apache/hadoop/hadoop-ozone-recon/0.5.0-SNAPSHOT/hadoop-ozone-recon-0.5.0-SNAPSHOT.jar:/home/user/.m2/repository/org/apache/hadoop/hadoop-ozone-reconcodegen/0.5.0-SNAPSHOT/hadoop-ozone-reconcodegen-0.5.0-SNAPSHOT.jar:/home/user/.m2/repository/com/google/inject/extensions/guice-multibindings/4.0/guice-multibindings-4.0.jar:/home/user/.m2/repository/com/google/inject/guice/4.0/guice-4.0.jar:/home/user/.m2/repository/aopalliance/aopalliance/1.0/aopalliance-1.0.jar:/home/user/.m2/repository/com/google/inject/extensions/guice-servlet/4.0/guice-servlet-4.0.jar:/home/user/.m2/repository/org/glassfish/jersey/containers/jersey-container-servlet/2.27/jersey-container-servlet-2.27.jar:/home/user/.m2/repository/org/glassfish/hk2/guice-bridge/2.5.0/guice-bridge-2.5.0.jar:/home/user/.m2/repository/org/glassfish/jersey/core/jersey-server/2.27/jersey-server-2.27.jar:/home/user/.m2/repository/org/glassfish/jersey/core/jersey-client/2.27/jersey-client-2.27.jar:/home/user/.m2/repository/org/glassfish/jersey/media/jersey-media-jaxb/2.27/jersey-media-jaxb-2.27.jar:/home/user/.m2/repository/javax/validation/validation-api/1.1.0.Final/validation-api-1.1.0.Final.jar:/home/user/.m2/repository/org/glassfish/jersey/media/jersey-media-json-jackson/2.27/jersey-media-json-jackson-2.27.jar:/home/user/.m2/repository/org/glassfish/jersey/ext/jersey-entity-filtering/2.27/jersey-entity-filtering-2.27.jar:/home/user/.m2/repository/com/google/inject/extensions/guice-assistedinject/4.0/guice-assistedinject-4.0.jar:/home/user/.m2/repository/org/jooq/jooq/3.11.10/jooq-3.11.10.jar:/home/user/.m2/repository/org/jooq/jooq-meta/3.11.10/jooq-meta-3.11.10.jar:/home/user/.m2/repository/org/jooq/jooq-codegen/3.11.10/jooq-codegen-3.11.10.jar:/home/user/.m2/repository/com/jolbox/bonecp/0.8.0.RELEASE/bonecp-0.8.0.RELEASE.jar:/home/user/.m2/repository/org/xerial/sqlite-jdbc/3.25.2/sqlite-jdbc-3.25.2.jar:/home/user/.m2/repository/org/springframework/spring-jdbc/5.1.3.RELEASE/spring-jdbc-5.1.3.RELEASE.jar:/home/user/.m2/repository/org/springframework/spring-beans/5.1.3.RELEASE/spring-beans-5.1.3.RELEASE.jar:/home/user/.m2/repository/org/springframework/spring-core/5.1.3.RELEASE/spring-core-5.1.3.RELEASE.jar:/home/user/.m2/repository/org/springframework/spring-jcl/5.1.3.RELEASE/spring-jcl-5.1.3.RELEASE.jar:/home/user/.m2/repository/org/springframework/spring-tx/5.1.3.RELEASE/spring-tx-5.1.3.RELEASE.jar:/home/user/.m2/repository/org/apache/hadoop/hadoop-ozone-client/0.5.0-SNAPSHOT/hadoop-ozone-client-0.5.0-SNAPSHOT.jar:/home/user/.m2/repository/commons-lang/commons-lang/2.6/commons-lang-2.6.jar:/home/user/.m2/repository/org/apache/hadoop/hadoop-ozone-ozone-manager/0.5.0-SNAPSHOT/hadoop-ozone-ozone-manager-0.5.0-SNAPSHOT-tests.jar:/home/user/.m2/repository/junit/junit/4.11/junit-4.11.jar:/home/user/.m2/repository/org/hamcrest/hamcrest-core/1.3/hamcrest-core-1.3.jar:/home/user/.m2/repository/org/openjdk/jmh/jmh-core/1.19/jmh-core-1.19.jar:/home/user/.m2/repository/net/sf/jopt-simple/jopt-simple/4.6/jopt-simple-4.6.jar:/home/user/.m2/repository/org/apache/commons/commons-math3/3.1.1/commons-math3-3.1.1.jar:/home/user/.m2/repository/org/openjdk/jmh/jmh-generator-annprocess/1.19/jmh-generator-annprocess-1.19.jar:/home/user/.m2/repository/org/mockito/mockito-all/1.8.5/mockito-all-1.8.5.jar:/home/user/.m2/repository/org/apache/hadoop/hadoop-kms/3.2.0/hadoop-kms-3.2.0.jar:/home/user/.m2/repository/org/apache/hadoop/hadoop-auth/3.2.0/hadoop-auth-3.2.0.jar:/home/user/.m2/repository/com/nimbusds/nimbus-jose-jwt/4.41.1/nimbus-jose-jwt-4.41.1.jar:/home/user/.m2/repository/com/github/stephenc/jcip/jcip-annotations/1.0-1/jcip-annotations-1.0-1.jar:/home/user/.m2/repository/net/minidev/json-smart/2.3/json-smart-2.3.jar:/home/user/.m2/repository/net/minidev/accessors-smart/1.2/accessors-smart-1.2.jar:/home/user/.m2/repository/org/ow2/asm/asm/5.0.4/asm-5.0.4.jar:/home/user/.m2/repository/org/apache/curator/curator-framework/2.12.0/curator-framework-2.12.0.jar:/home/user/.m2/repository/com/sun/jersey/jersey-core/1.19/jersey-core-1.19.jar:/home/user/.m2/repository/javax/ws/rs/jsr311-api/1.1.1/jsr311-api-1.1.1.jar:/home/user/.m2/repository/com/sun/jersey/jersey-server/1.19/jersey-server-1.19.jar:/home/user/.m2/repository/javax/servlet/javax.servlet-api/3.1.0/javax.servlet-api-3.1.0.jar:/home/user/.m2/repository/org/eclipse/jetty/jetty-server/9.3.25.v20180904/jetty-server-9.3.25.v20180904.jar:/home/user/.m2/repository/org/eclipse/jetty/jetty-http/9.3.25.v20180904/jetty-http-9.3.25.v20180904.jar:/home/user/.m2/repository/org/eclipse/jetty/jetty-io/9.3.25.v20180904/jetty-io-9.3.25.v20180904.jar:/home/user/.m2/repository/org/eclipse/jetty/jetty-webapp/9.3.25.v20180904/jetty-webapp-9.3.25.v20180904.jar:/home/user/.m2/repository/org/eclipse/jetty/jetty-xml/9.3.25.v20180904/jetty-xml-9.3.25.v20180904.jar:/home/user/.m2/repository/log4j/log4j/1.2.17/log4j-1.2.17.jar:/home/user/.m2/repository/org/slf4j/slf4j-api/1.7.25/slf4j-api-1.7.25.jar:/home/user/.m2/repository/org/slf4j/jul-to-slf4j/1.7.25/jul-to-slf4j-1.7.25.jar:/home/user/.m2/repository/org/eclipse/jetty/jetty-util/9.3.25.v20180904/jetty-util-9.3.25.v20180904.jar:/home/user/.m2/repository/com/fasterxml/jackson/core/jackson-databind/2.9.9/jackson-databind-2.9.9.jar:/home/user/.m2/repository/org/apache/hadoop/hadoop-kms/3.2.0/hadoop-kms-3.2.0-tests.jar:/home/user/.m2/repository/org/apache/hadoop/hadoop-hdds-server-scm/0.5.0-SNAPSHOT/hadoop-hdds-server-scm-0.5.0-SNAPSHOT-tests.jar:/home/user/.m2/repository/org/apache/hadoop/hadoop-hdds-container-service/0.5.0-SNAPSHOT/hadoop-hdds-container-service-0.5.0-SNAPSHOT-tests.jar:/home/user/.m2/repository/org/yaml/snakeyaml/1.16/snakeyaml-1.16.jar:/home/user/.m2/repository/org/apache/hadoop/hadoop-common/3.2.0/hadoop-common-3.2.0-tests.jar:/home/user/.m2/repository/org/apache/hadoop/hadoop-annotations/3.2.0/hadoop-annotations-3.2.0.jar:/usr/lib/jvm/java-1.8-openjdk/jre/../lib/tools.jar:/home/user/.m2/repository/commons-cli/commons-cli/1.2/commons-cli-1.2.jar:/home/user/.m2/repository/org/apache/httpcomponents/httpclient/4.5.2/httpclient-4.5.2.jar:/home/user/.m2/repository/org/apache/httpcomponents/httpcore/4.4.4/httpcore-4.4.4.jar:/home/user/.m2/repository/commons-codec/commons-codec/1.11/commons-codec-1.11.jar:/home/user/.m2/repository/commons-net/commons-net/3.6/commons-net-3.6.jar:/home/user/.m2/repository/commons-collections/commons-collections/3.2.2/commons-collections-3.2.2.jar:/home/user/.m2/repository/org/eclipse/jetty/jetty-servlet/9.3.25.v20180904/jetty-servlet-9.3.25.v20180904.jar:/home/user/.m2/repository/org/eclipse/jetty/jetty-security/9.3.25.v20180904/jetty-security-9.3.25.v20180904.jar:/home/user/.m2/repository/javax/servlet/jsp/jsp-api/2.1/jsp-api-2.1.jar:/home/user/.m2/repository/com/sun/jersey/jersey-servlet/1.19/jersey-servlet-1.19.jar:/home/user/.m2/repository/com/sun/jersey/jersey-json/1.19/jersey-json-1.19.jar:/home/user/.m2/repository/org/codehaus/jettison/jettison/1.1/jettison-1.1.jar:/home/user/.m2/repository/org/codehaus/jackson/jackson-core-asl/1.9.13/jackson-core-asl-1.9.13.jar:/home/user/.m2/repository/org/codehaus/jackson/jackson-mapper-asl/1.9.13/jackson-mapper-asl-1.9.13.jar:/home/user/.m2/repository/org/codehaus/jackson/jackson-jaxrs/1.9.13/jackson-jaxrs-1.9.13.jar:/home/user/.m2/repository/org/codehaus/jackson/jackson-xc/1.9.13/jackson-xc-1.9.13.jar:/home/user/.m2/repository/commons-logging/commons-logging/1.1.3/commons-logging-1.1.3.jar:/home/user/.m2/repository/commons-beanutils/commons-beanutils/1.9.4/commons-beanutils-1.9.4.jar:/home/user/.m2/repository/org/apache/commons/commons-configuration2/2.1.1/commons-configuration2-2.1.1.jar:/home/user/.m2/repository/org/apache/commons/commons-lang3/3.7/commons-lang3-3.7.jar:/home/user/.m2/repository/org/apache/commons/commons-text/1.4/commons-text-1.4.jar:/home/user/.m2/repository/org/apache/avro/avro/1.7.7/avro-1.7.7.jar:/home/user/.m2/repository/com/thoughtworks/paranamer/paranamer/2.3/paranamer-2.3.jar:/home/user/.m2/repository/org/xerial/snappy/snappy-java/1.0.5/snappy-java-1.0.5.jar:/home/user/.m2/repository/com/google/re2j/re2j/1.1/re2j-1.1.jar:/home/user/.m2/repository/com/google/code/gson/gson/2.2.4/gson-2.2.4.jar:/home/user/.m2/repository/com/jcraft/jsch/0.1.54/jsch-0.1.54.jar:/home/user/.m2/repository/org/apache/curator/curator-client/2.12.0/curator-client-2.12.0.jar:/home/user/.m2/repository/org/apache/curator/curator-recipes/2.12.0/curator-recipes-2.12.0.jar:/home/user/.m2/repository/com/google/code/findbugs/jsr305/3.0.0/jsr305-3.0.0.jar:/home/user/.m2/repository/org/apache/htrace/htrace-core4/4.1.0-incubating/htrace-core4-4.1.0-incubating.jar:/home/user/.m2/repository/org/apache/zookeeper/zookeeper/3.4.13/zookeeper-3.4.13.jar:/home/user/.m2/repository/jline/jline/0.9.94/jline-0.9.94.jar:/home/user/.m2/repository/org/apache/yetus/audience-annotations/0.5.0/audience-annotations-0.5.0.jar:/home/user/.m2/repository/org/codehaus/woodstox/stax2-api/3.1.4/stax2-api-3.1.4.jar:/home/user/.m2/repository/com/fasterxml/woodstox/woodstox-core/5.0.3/woodstox-core-5.0.3.jar:/home/user/.m2/repository/dnsjava/dnsjava/2.1.7/dnsjava-2.1.7.jar:/home/user/.m2/repository/org/apache/hadoop/hadoop-hdfs/3.2.0/hadoop-hdfs-3.2.0-tests.jar:/home/user/.m2/repository/org/eclipse/jetty/jetty-util-ajax/9.3.25.v20180904/jetty-util-ajax-9.3.25.v20180904.jar:/home/user/.m2/repository/commons-daemon/commons-daemon/1.0.13/commons-daemon-1.0.13.jar:/home/user/.m2/repository/io/netty/netty/3.10.5.Final/netty-3.10.5.Final.jar:/home/user/.m2/repository/io/netty/netty-all/4.0.52.Final/netty-all-4.0.52.Final.jar:/home/user/.m2/repository/org/fusesource/leveldbjni/leveldbjni-all/1.8/leveldbjni-all-1.8.jar:"/>
    <property name="java.vm.vendor" value="IcedTea"/>
    <property name="sun.arch.data.model" value="64"/>
    <property name="test.build.dir" value="/workdir/hadoop-ozone/integration-test/target/test-dir"/>
    <property name="test.cache.data" value=""/>
    <property name="java.vendor.url" value="https://icedtea.classpath.org"/>
    <property name="user.timezone" value=""/>
    <property name="java.vm.specification.version" value="1.8"/>
    <property name="os.name" value="Linux"/>
    <property name="test.build.data" value="/workdir/hadoop-ozone/integration-test/target/test-dir"/>
    <property name="user.country" value="US"/>
    <property name="sun.java.launcher" value="SUN_STANDARD"/>
    <property name="sun.boot.library.path" value="/usr/lib/jvm/java-1.8-openjdk/jre/lib/amd64"/>
    <property name="sun.java.command" value="/workdir/hadoop-ozone/integration-test/target/surefire/surefirebooter7208545517112341810.jar /workdir/hadoop-ozone/integration-test/target/surefire 2019-10-07T07-38-37_693-jvmRun1 surefire2886726824672280110tmp surefire_471366048331582528158tmp"/>
    <property name="test" value="!TestMiniChaosOzoneCluster"/>
    <property name="surefire.test.class.path" value="/workdir/hadoop-ozone/integration-test/target/test-classes:/workdir/hadoop-ozone/integration-test/target/classes:/home/user/.m2/repository/org/apache/hadoop/hadoop-ozone-common/0.5.0-SNAPSHOT/hadoop-ozone-common-0.5.0-SNAPSHOT.jar:/home/user/.m2/repository/org/apache/commons/commons-compress/1.4.1/commons-compress-1.4.1.jar:/home/user/.m2/repository/org/tukaani/xz/1.0/xz-1.0.jar:/home/user/.m2/repository/org/apache/hadoop/hadoop-common/3.2.0/hadoop-common-3.2.0.jar:/home/user/.m2/repository/org/apache/hadoop/hadoop-hdfs/3.2.0/hadoop-hdfs-3.2.0.jar:/home/user/.m2/repository/org/apache/hadoop/hadoop-hdfs-client/3.2.0/hadoop-hdfs-client-3.2.0.jar:/home/user/.m2/repository/com/fasterxml/jackson/core/jackson-annotations/2.9.9/jackson-annotations-2.9.9.jar:/home/user/.m2/repository/org/apache/hadoop/hadoop-hdds-common/0.5.0-SNAPSHOT/hadoop-hdds-common-0.5.0-SNAPSHOT.jar:/home/user/.m2/repository/javax/annotation/javax.annotation-api/1.2/javax.annotation-api-1.2.jar:/home/user/.m2/repository/org/apache/ratis/ratis-server/0.5.0-201fc85-SNAPSHOT/ratis-server-0.5.0-201fc85-SNAPSHOT.jar:/home/user/.m2/repository/org/apache/ratis/ratis-thirdparty-misc/0.2.0/ratis-thirdparty-misc-0.2.0.jar:/home/user/.m2/repository/org/apache/ratis/ratis-proto/0.5.0-201fc85-SNAPSHOT/ratis-proto-0.5.0-201fc85-SNAPSHOT.jar:/home/user/.m2/repository/org/apache/ratis/ratis-common/0.5.0-201fc85-SNAPSHOT/ratis-common-0.5.0-201fc85-SNAPSHOT.jar:/home/user/.m2/repository/org/apache/ratis/ratis-client/0.5.0-201fc85-SNAPSHOT/ratis-client-0.5.0-201fc85-SNAPSHOT.jar:/home/user/.m2/repository/org/apache/ratis/ratis-metrics/0.5.0-201fc85-SNAPSHOT/ratis-metrics-0.5.0-201fc85-SNAPSHOT.jar:/home/user/.m2/repository/com/github/joshelser/dropwizard-metrics-hadoop-metrics2-reporter/0.1.2/dropwizard-metrics-hadoop-metrics2-reporter-0.1.2.jar:/home/user/.m2/repository/io/dropwizard/metrics/metrics-jvm/3.2.5/metrics-jvm-3.2.5.jar:/home/user/.m2/repository/io/dropwizard/metrics/metrics-ganglia/3.2.5/metrics-ganglia-3.2.5.jar:/home/user/.m2/repository/info/ganglia/gmetric4j/gmetric4j/1.0.7/gmetric4j-1.0.7.jar:/home/user/.m2/repository/org/apache/ratis/ratis-netty/0.5.0-201fc85-SNAPSHOT/ratis-netty-0.5.0-201fc85-SNAPSHOT.jar:/home/user/.m2/repository/org/apache/ratis/ratis-grpc/0.5.0-201fc85-SNAPSHOT/ratis-grpc-0.5.0-201fc85-SNAPSHOT.jar:/home/user/.m2/repository/org/rocksdb/rocksdbjni/6.0.1/rocksdbjni-6.0.1.jar:/home/user/.m2/repository/org/apache/logging/log4j/log4j-api/2.11.0/log4j-api-2.11.0.jar:/home/user/.m2/repository/org/apache/logging/log4j/log4j-core/2.11.0/log4j-core-2.11.0.jar:/home/user/.m2/repository/com/lmax/disruptor/3.4.2/disruptor-3.4.2.jar:/home/user/.m2/repository/org/apache/commons/commons-pool2/2.6.0/commons-pool2-2.6.0.jar:/home/user/.m2/repository/org/bouncycastle/bcpkix-jdk15on/1.60/bcpkix-jdk15on-1.60.jar:/home/user/.m2/repository/commons-validator/commons-validator/1.6/commons-validator-1.6.jar:/home/user/.m2/repository/commons-digester/commons-digester/1.8.1/commons-digester-1.8.1.jar:/home/user/.m2/repository/io/jaegertracing/jaeger-client/0.34.0/jaeger-client-0.34.0.jar:/home/user/.m2/repository/io/jaegertracing/jaeger-thrift/0.34.0/jaeger-thrift-0.34.0.jar:/home/user/.m2/repository/org/apache/thrift/libthrift/0.12.0/libthrift-0.12.0.jar:/home/user/.m2/repository/com/squareup/okhttp3/okhttp/3.9.0/okhttp-3.9.0.jar:/home/user/.m2/repository/com/squareup/okio/okio/1.13.0/okio-1.13.0.jar:/home/user/.m2/repository/io/jaegertracing/jaeger-core/0.34.0/jaeger-core-0.34.0.jar:/home/user/.m2/repository/io/jaegertracing/jaeger-tracerresolver/0.34.0/jaeger-tracerresolver-0.34.0.jar:/home/user/.m2/repository/io/opentracing/contrib/opentracing-tracerresolver/0.1.5/opentracing-tracerresolver-0.1.5.jar:/home/user/.m2/repository/io/opentracing/opentracing-util/0.31.0/opentracing-util-0.31.0.jar:/home/user/.m2/repository/io/opentracing/opentracing-api/0.31.0/opentracing-api-0.31.0.jar:/home/user/.m2/repository/io/opentracing/opentracing-noop/0.31.0/opentracing-noop-0.31.0.jar:/home/user/.m2/repository/org/apache/hadoop/hadoop-hdds-server-framework/0.5.0-SNAPSHOT/hadoop-hdds-server-framework-0.5.0-SNAPSHOT.jar:/home/user/.m2/repository/org/apache/hadoop/hadoop-hdds-container-service/0.5.0-SNAPSHOT/hadoop-hdds-container-service-0.5.0-SNAPSHOT.jar:/home/user/.m2/repository/org/apache/hadoop/hadoop-hdds-client/0.5.0-SNAPSHOT/hadoop-hdds-client-0.5.0-SNAPSHOT.jar:/home/user/.m2/repository/org/apache/hadoop/hadoop-hdds-tools/0.5.0-SNAPSHOT/hadoop-hdds-tools-0.5.0-SNAPSHOT.jar:/home/user/.m2/repository/org/apache/hadoop/hadoop-hdds-server-scm/0.5.0-SNAPSHOT/hadoop-hdds-server-scm-0.5.0-SNAPSHOT.jar:/home/user/.m2/repository/org/apache/hadoop/hadoop-hdds-docs/0.5.0-SNAPSHOT/hadoop-hdds-docs-0.5.0-SNAPSHOT.jar:/home/user/.m2/repository/io/dropwizard/metrics/metrics-core/3.2.4/metrics-core-3.2.4.jar:/home/user/.m2/repository/org/hamcrest/hamcrest-all/1.3/hamcrest-all-1.3.jar:/home/user/.m2/repository/org/bouncycastle/bcprov-jdk15on/1.60/bcprov-jdk15on-1.60.jar:/home/user/.m2/repository/info/picocli/picocli/3.9.6/picocli-3.9.6.jar:/home/user/.m2/repository/com/google/protobuf/protobuf-java/2.5.0/protobuf-java-2.5.0.jar:/home/user/.m2/repository/com/google/guava/guava/11.0.2/guava-11.0.2.jar:/home/user/.m2/repository/org/apache/hadoop/hadoop-ozone-ozone-manager/0.5.0-SNAPSHOT/hadoop-ozone-ozone-manager-0.5.0-SNAPSHOT.jar:/home/user/.m2/repository/org/apache/hadoop/hadoop-minikdc/3.2.0/hadoop-minikdc-3.2.0.jar:/home/user/.m2/repository/commons-io/commons-io/2.5/commons-io-2.5.jar:/home/user/.m2/repository/org/apache/kerby/kerb-simplekdc/1.0.1/kerb-simplekdc-1.0.1.jar:/home/user/.m2/repository/org/apache/kerby/kerb-client/1.0.1/kerb-client-1.0.1.jar:/home/user/.m2/repository/org/apache/kerby/kerby-config/1.0.1/kerby-config-1.0.1.jar:/home/user/.m2/repository/org/apache/kerby/kerb-core/1.0.1/kerb-core-1.0.1.jar:/home/user/.m2/repository/org/apache/kerby/kerby-pkix/1.0.1/kerby-pkix-1.0.1.jar:/home/user/.m2/repository/org/apache/kerby/kerby-asn1/1.0.1/kerby-asn1-1.0.1.jar:/home/user/.m2/repository/org/apache/kerby/kerby-util/1.0.1/kerby-util-1.0.1.jar:/home/user/.m2/repository/org/apache/kerby/kerb-common/1.0.1/kerb-common-1.0.1.jar:/home/user/.m2/repository/org/apache/kerby/kerb-crypto/1.0.1/kerb-crypto-1.0.1.jar:/home/user/.m2/repository/org/apache/kerby/kerb-util/1.0.1/kerb-util-1.0.1.jar:/home/user/.m2/repository/org/apache/kerby/token-provider/1.0.1/token-provider-1.0.1.jar:/home/user/.m2/repository/org/apache/kerby/kerb-admin/1.0.1/kerb-admin-1.0.1.jar:/home/user/.m2/repository/org/apache/kerby/kerb-server/1.0.1/kerb-server-1.0.1.jar:/home/user/.m2/repository/org/apache/kerby/kerb-identity/1.0.1/kerb-identity-1.0.1.jar:/home/user/.m2/repository/org/apache/kerby/kerby-xdr/1.0.1/kerby-xdr-1.0.1.jar:/home/user/.m2/repository/org/slf4j/slf4j-log4j12/1.7.25/slf4j-log4j12-1.7.25.jar:/home/user/.m2/repository/org/apache/hadoop/hadoop-ozone-s3gateway/0.5.0-SNAPSHOT/hadoop-ozone-s3gateway-0.5.0-SNAPSHOT.jar:/home/user/.m2/repository/org/jboss/weld/servlet/weld-servlet/2.4.7.Final/weld-servlet-2.4.7.Final.jar:/home/user/.m2/repository/org/glassfish/jersey/containers/jersey-container-servlet-core/2.27/jersey-container-servlet-core-2.27.jar:/home/user/.m2/repository/org/glassfish/hk2/external/javax.inject/2.5.0-b42/javax.inject-2.5.0-b42.jar:/home/user/.m2/repository/org/glassfish/jersey/core/jersey-common/2.27/jersey-common-2.27.jar:/home/user/.m2/repository/org/glassfish/hk2/osgi-resource-locator/1.0.1/osgi-resource-locator-1.0.1.jar:/home/user/.m2/repository/javax/ws/rs/javax.ws.rs-api/2.1/javax.ws.rs-api-2.1.jar:/home/user/.m2/repository/org/glassfish/jersey/ext/cdi/jersey-cdi1x/2.27/jersey-cdi1x-2.27.jar:/home/user/.m2/repository/org/glassfish/jersey/inject/jersey-hk2/2.27/jersey-hk2-2.27.jar:/home/user/.m2/repository/org/glassfish/hk2/hk2-locator/2.5.0-b42/hk2-locator-2.5.0-b42.jar:/home/user/.m2/repository/org/javassist/javassist/3.22.0-CR2/javassist-3.22.0-CR2.jar:/home/user/.m2/repository/org/glassfish/hk2/hk2-api/2.5.0/hk2-api-2.5.0.jar:/home/user/.m2/repository/org/glassfish/hk2/external/jakarta.inject/2.5.0/jakarta.inject-2.5.0.jar:/home/user/.m2/repository/org/glassfish/hk2/hk2-utils/2.5.0/hk2-utils-2.5.0.jar:/home/user/.m2/repository/jakarta/annotation/jakarta.annotation-api/1.3.4/jakarta.annotation-api-1.3.4.jar:/home/user/.m2/repository/org/glassfish/hk2/external/aopalliance-repackaged/2.5.0/aopalliance-repackaged-2.5.0.jar:/home/user/.m2/repository/com/fasterxml/jackson/dataformat/jackson-dataformat-xml/2.9.0/jackson-dataformat-xml-2.9.0.jar:/home/user/.m2/repository/com/fasterxml/jackson/core/jackson-core/2.9.9/jackson-core-2.9.9.jar:/home/user/.m2/repository/com/fasterxml/jackson/module/jackson-module-jaxb-annotations/2.9.9/jackson-module-jaxb-annotations-2.9.9.jar:/home/user/.m2/repository/javax/enterprise/cdi-api/1.2/cdi-api-1.2.jar:/home/user/.m2/repository/javax/el/javax.el-api/3.0.0/javax.el-api-3.0.0.jar:/home/user/.m2/repository/javax/interceptor/javax.interceptor-api/1.2/javax.interceptor-api-1.2.jar:/home/user/.m2/repository/javax/inject/javax.inject/1/javax.inject-1.jar:/home/user/.m2/repository/com/sun/xml/bind/jaxb-impl/2.3.0.1/jaxb-impl-2.3.0.1.jar:/home/user/.m2/repository/com/sun/xml/bind/jaxb-core/2.3.0.1/jaxb-core-2.3.0.1.jar:/home/user/.m2/repository/javax/xml/bind/jaxb-api/2.3.0/jaxb-api-2.3.0.jar:/home/user/.m2/repository/javax/activation/activation/1.1.1/activation-1.1.1.jar:/home/user/.m2/repository/org/apache/hadoop/hadoop-ozone-csi/0.5.0-SNAPSHOT/hadoop-ozone-csi-0.5.0-SNAPSHOT.jar:/home/user/.m2/repository/com/google/protobuf/protobuf-java-util/3.5.1/protobuf-java-util-3.5.1.jar:/home/user/.m2/repository/org/apache/hadoop/hadoop-hdds-config/0.5.0-SNAPSHOT/hadoop-hdds-config-0.5.0-SNAPSHOT.jar:/home/user/.m2/repository/io/grpc/grpc-netty/1.17.1/grpc-netty-1.17.1.jar:/home/user/.m2/repository/io/grpc/grpc-core/1.17.1/grpc-core-1.17.1.jar:/home/user/.m2/repository/io/grpc/grpc-context/1.17.1/grpc-context-1.17.1.jar:/home/user/.m2/repository/com/google/errorprone/error_prone_annotations/2.2.0/error_prone_annotations-2.2.0.jar:/home/user/.m2/repository/org/codehaus/mojo/animal-sniffer-annotations/1.17/animal-sniffer-annotations-1.17.jar:/home/user/.m2/repository/io/opencensus/opencensus-api/0.17.0/opencensus-api-0.17.0.jar:/home/user/.m2/repository/io/opencensus/opencensus-contrib-grpc-metrics/0.17.0/opencensus-contrib-grpc-metrics-0.17.0.jar:/home/user/.m2/repository/io/netty/netty-codec-http2/4.1.30.Final/netty-codec-http2-4.1.30.Final.jar:/home/user/.m2/repository/io/netty/netty-codec-http/4.1.30.Final/netty-codec-http-4.1.30.Final.jar:/home/user/.m2/repository/io/netty/netty-codec/4.1.30.Final/netty-codec-4.1.30.Final.jar:/home/user/.m2/repository/io/netty/netty-handler/4.1.30.Final/netty-handler-4.1.30.Final.jar:/home/user/.m2/repository/io/netty/netty-handler-proxy/4.1.30.Final/netty-handler-proxy-4.1.30.Final.jar:/home/user/.m2/repository/io/netty/netty-codec-socks/4.1.30.Final/netty-codec-socks-4.1.30.Final.jar:/home/user/.m2/repository/io/netty/netty-transport-native-epoll/4.1.30.Final/netty-transport-native-epoll-4.1.30.Final.jar:/home/user/.m2/repository/io/netty/netty-common/4.1.30.Final/netty-common-4.1.30.Final.jar:/home/user/.m2/repository/io/netty/netty-buffer/4.1.30.Final/netty-buffer-4.1.30.Final.jar:/home/user/.m2/repository/io/netty/netty-transport/4.1.30.Final/netty-transport-4.1.30.Final.jar:/home/user/.m2/repository/io/netty/netty-resolver/4.1.30.Final/netty-resolver-4.1.30.Final.jar:/home/user/.m2/repository/io/netty/netty-transport-native-unix-common/4.1.30.Final/netty-transport-native-unix-common-4.1.30.Final.jar:/home/user/.m2/repository/io/grpc/grpc-protobuf/1.17.1/grpc-protobuf-1.17.1.jar:/home/user/.m2/repository/com/google/api/grpc/proto-google-common-protos/1.0.0/proto-google-common-protos-1.0.0.jar:/home/user/.m2/repository/io/grpc/grpc-protobuf-lite/1.17.1/grpc-protobuf-lite-1.17.1.jar:/home/user/.m2/repository/io/grpc/grpc-stub/1.17.1/grpc-stub-1.17.1.jar:/home/user/.m2/repository/org/apache/hadoop/hadoop-ozone-recon/0.5.0-SNAPSHOT/hadoop-ozone-recon-0.5.0-SNAPSHOT.jar:/home/user/.m2/repository/org/apache/hadoop/hadoop-ozone-reconcodegen/0.5.0-SNAPSHOT/hadoop-ozone-reconcodegen-0.5.0-SNAPSHOT.jar:/home/user/.m2/repository/com/google/inject/extensions/guice-multibindings/4.0/guice-multibindings-4.0.jar:/home/user/.m2/repository/com/google/inject/guice/4.0/guice-4.0.jar:/home/user/.m2/repository/aopalliance/aopalliance/1.0/aopalliance-1.0.jar:/home/user/.m2/repository/com/google/inject/extensions/guice-servlet/4.0/guice-servlet-4.0.jar:/home/user/.m2/repository/org/glassfish/jersey/containers/jersey-container-servlet/2.27/jersey-container-servlet-2.27.jar:/home/user/.m2/repository/org/glassfish/hk2/guice-bridge/2.5.0/guice-bridge-2.5.0.jar:/home/user/.m2/repository/org/glassfish/jersey/core/jersey-server/2.27/jersey-server-2.27.jar:/home/user/.m2/repository/org/glassfish/jersey/core/jersey-client/2.27/jersey-client-2.27.jar:/home/user/.m2/repository/org/glassfish/jersey/media/jersey-media-jaxb/2.27/jersey-media-jaxb-2.27.jar:/home/user/.m2/repository/javax/validation/validation-api/1.1.0.Final/validation-api-1.1.0.Final.jar:/home/user/.m2/repository/org/glassfish/jersey/media/jersey-media-json-jackson/2.27/jersey-media-json-jackson-2.27.jar:/home/user/.m2/repository/org/glassfish/jersey/ext/jersey-entity-filtering/2.27/jersey-entity-filtering-2.27.jar:/home/user/.m2/repository/com/google/inject/extensions/guice-assistedinject/4.0/guice-assistedinject-4.0.jar:/home/user/.m2/repository/org/jooq/jooq/3.11.10/jooq-3.11.10.jar:/home/user/.m2/repository/org/jooq/jooq-meta/3.11.10/jooq-meta-3.11.10.jar:/home/user/.m2/repository/org/jooq/jooq-codegen/3.11.10/jooq-codegen-3.11.10.jar:/home/user/.m2/repository/com/jolbox/bonecp/0.8.0.RELEASE/bonecp-0.8.0.RELEASE.jar:/home/user/.m2/repository/org/xerial/sqlite-jdbc/3.25.2/sqlite-jdbc-3.25.2.jar:/home/user/.m2/repository/org/springframework/spring-jdbc/5.1.3.RELEASE/spring-jdbc-5.1.3.RELEASE.jar:/home/user/.m2/repository/org/springframework/spring-beans/5.1.3.RELEASE/spring-beans-5.1.3.RELEASE.jar:/home/user/.m2/repository/org/springframework/spring-core/5.1.3.RELEASE/spring-core-5.1.3.RELEASE.jar:/home/user/.m2/repository/org/springframework/spring-jcl/5.1.3.RELEASE/spring-jcl-5.1.3.RELEASE.jar:/home/user/.m2/repository/org/springframework/spring-tx/5.1.3.RELEASE/spring-tx-5.1.3.RELEASE.jar:/home/user/.m2/repository/org/apache/hadoop/hadoop-ozone-client/0.5.0-SNAPSHOT/hadoop-ozone-client-0.5.0-SNAPSHOT.jar:/home/user/.m2/repository/commons-lang/commons-lang/2.6/commons-lang-2.6.jar:/home/user/.m2/repository/org/apache/hadoop/hadoop-ozone-ozone-manager/0.5.0-SNAPSHOT/hadoop-ozone-ozone-manager-0.5.0-SNAPSHOT-tests.jar:/home/user/.m2/repository/junit/junit/4.11/junit-4.11.jar:/home/user/.m2/repository/org/hamcrest/hamcrest-core/1.3/hamcrest-core-1.3.jar:/home/user/.m2/repository/org/openjdk/jmh/jmh-core/1.19/jmh-core-1.19.jar:/home/user/.m2/repository/net/sf/jopt-simple/jopt-simple/4.6/jopt-simple-4.6.jar:/home/user/.m2/repository/org/apache/commons/commons-math3/3.1.1/commons-math3-3.1.1.jar:/home/user/.m2/repository/org/openjdk/jmh/jmh-generator-annprocess/1.19/jmh-generator-annprocess-1.19.jar:/home/user/.m2/repository/org/mockito/mockito-all/1.8.5/mockito-all-1.8.5.jar:/home/user/.m2/repository/org/apache/hadoop/hadoop-kms/3.2.0/hadoop-kms-3.2.0.jar:/home/user/.m2/repository/org/apache/hadoop/hadoop-auth/3.2.0/hadoop-auth-3.2.0.jar:/home/user/.m2/repository/com/nimbusds/nimbus-jose-jwt/4.41.1/nimbus-jose-jwt-4.41.1.jar:/home/user/.m2/repository/com/github/stephenc/jcip/jcip-annotations/1.0-1/jcip-annotations-1.0-1.jar:/home/user/.m2/repository/net/minidev/json-smart/2.3/json-smart-2.3.jar:/home/user/.m2/repository/net/minidev/accessors-smart/1.2/accessors-smart-1.2.jar:/home/user/.m2/repository/org/ow2/asm/asm/5.0.4/asm-5.0.4.jar:/home/user/.m2/repository/org/apache/curator/curator-framework/2.12.0/curator-framework-2.12.0.jar:/home/user/.m2/repository/com/sun/jersey/jersey-core/1.19/jersey-core-1.19.jar:/home/user/.m2/repository/javax/ws/rs/jsr311-api/1.1.1/jsr311-api-1.1.1.jar:/home/user/.m2/repository/com/sun/jersey/jersey-server/1.19/jersey-server-1.19.jar:/home/user/.m2/repository/javax/servlet/javax.servlet-api/3.1.0/javax.servlet-api-3.1.0.jar:/home/user/.m2/repository/org/eclipse/jetty/jetty-server/9.3.25.v20180904/jetty-server-9.3.25.v20180904.jar:/home/user/.m2/repository/org/eclipse/jetty/jetty-http/9.3.25.v20180904/jetty-http-9.3.25.v20180904.jar:/home/user/.m2/repository/org/eclipse/jetty/jetty-io/9.3.25.v20180904/jetty-io-9.3.25.v20180904.jar:/home/user/.m2/repository/org/eclipse/jetty/jetty-webapp/9.3.25.v20180904/jetty-webapp-9.3.25.v20180904.jar:/home/user/.m2/repository/org/eclipse/jetty/jetty-xml/9.3.25.v20180904/jetty-xml-9.3.25.v20180904.jar:/home/user/.m2/repository/log4j/log4j/1.2.17/log4j-1.2.17.jar:/home/user/.m2/repository/org/slf4j/slf4j-api/1.7.25/slf4j-api-1.7.25.jar:/home/user/.m2/repository/org/slf4j/jul-to-slf4j/1.7.25/jul-to-slf4j-1.7.25.jar:/home/user/.m2/repository/org/eclipse/jetty/jetty-util/9.3.25.v20180904/jetty-util-9.3.25.v20180904.jar:/home/user/.m2/repository/com/fasterxml/jackson/core/jackson-databind/2.9.9/jackson-databind-2.9.9.jar:/home/user/.m2/repository/org/apache/hadoop/hadoop-kms/3.2.0/hadoop-kms-3.2.0-tests.jar:/home/user/.m2/repository/org/apache/hadoop/hadoop-hdds-server-scm/0.5.0-SNAPSHOT/hadoop-hdds-server-scm-0.5.0-SNAPSHOT-tests.jar:/home/user/.m2/repository/org/apache/hadoop/hadoop-hdds-container-service/0.5.0-SNAPSHOT/hadoop-hdds-container-service-0.5.0-SNAPSHOT-tests.jar:/home/user/.m2/repository/org/yaml/snakeyaml/1.16/snakeyaml-1.16.jar:/home/user/.m2/repository/org/apache/hadoop/hadoop-common/3.2.0/hadoop-common-3.2.0-tests.jar:/home/user/.m2/repository/org/apache/hadoop/hadoop-annotations/3.2.0/hadoop-annotations-3.2.0.jar:/usr/lib/jvm/java-1.8-openjdk/jre/../lib/tools.jar:/home/user/.m2/repository/commons-cli/commons-cli/1.2/commons-cli-1.2.jar:/home/user/.m2/repository/org/apache/httpcomponents/httpclient/4.5.2/httpclient-4.5.2.jar:/home/user/.m2/repository/org/apache/httpcomponents/httpcore/4.4.4/httpcore-4.4.4.jar:/home/user/.m2/repository/commons-codec/commons-codec/1.11/commons-codec-1.11.jar:/home/user/.m2/repository/commons-net/commons-net/3.6/commons-net-3.6.jar:/home/user/.m2/repository/commons-collections/commons-collections/3.2.2/commons-collections-3.2.2.jar:/home/user/.m2/repository/org/eclipse/jetty/jetty-servlet/9.3.25.v20180904/jetty-servlet-9.3.25.v20180904.jar:/home/user/.m2/repository/org/eclipse/jetty/jetty-security/9.3.25.v20180904/jetty-security-9.3.25.v20180904.jar:/home/user/.m2/repository/javax/servlet/jsp/jsp-api/2.1/jsp-api-2.1.jar:/home/user/.m2/repository/com/sun/jersey/jersey-servlet/1.19/jersey-servlet-1.19.jar:/home/user/.m2/repository/com/sun/jersey/jersey-json/1.19/jersey-json-1.19.jar:/home/user/.m2/repository/org/codehaus/jettison/jettison/1.1/jettison-1.1.jar:/home/user/.m2/repository/org/codehaus/jackson/jackson-core-asl/1.9.13/jackson-core-asl-1.9.13.jar:/home/user/.m2/repository/org/codehaus/jackson/jackson-mapper-asl/1.9.13/jackson-mapper-asl-1.9.13.jar:/home/user/.m2/repository/org/codehaus/jackson/jackson-jaxrs/1.9.13/jackson-jaxrs-1.9.13.jar:/home/user/.m2/repository/org/codehaus/jackson/jackson-xc/1.9.13/jackson-xc-1.9.13.jar:/home/user/.m2/repository/commons-logging/commons-logging/1.1.3/commons-logging-1.1.3.jar:/home/user/.m2/repository/commons-beanutils/commons-beanutils/1.9.4/commons-beanutils-1.9.4.jar:/home/user/.m2/repository/org/apache/commons/commons-configuration2/2.1.1/commons-configuration2-2.1.1.jar:/home/user/.m2/repository/org/apache/commons/commons-lang3/3.7/commons-lang3-3.7.jar:/home/user/.m2/repository/org/apache/commons/commons-text/1.4/commons-text-1.4.jar:/home/user/.m2/repository/org/apache/avro/avro/1.7.7/avro-1.7.7.jar:/home/user/.m2/repository/com/thoughtworks/paranamer/paranamer/2.3/paranamer-2.3.jar:/home/user/.m2/repository/org/xerial/snappy/snappy-java/1.0.5/snappy-java-1.0.5.jar:/home/user/.m2/repository/com/google/re2j/re2j/1.1/re2j-1.1.jar:/home/user/.m2/repository/com/google/code/gson/gson/2.2.4/gson-2.2.4.jar:/home/user/.m2/repository/com/jcraft/jsch/0.1.54/jsch-0.1.54.jar:/home/user/.m2/repository/org/apache/curator/curator-client/2.12.0/curator-client-2.12.0.jar:/home/user/.m2/repository/org/apache/curator/curator-recipes/2.12.0/curator-recipes-2.12.0.jar:/home/user/.m2/repository/com/google/code/findbugs/jsr305/3.0.0/jsr305-3.0.0.jar:/home/user/.m2/repository/org/apache/htrace/htrace-core4/4.1.0-incubating/htrace-core4-4.1.0-incubating.jar:/home/user/.m2/repository/org/apache/zookeeper/zookeeper/3.4.13/zookeeper-3.4.13.jar:/home/user/.m2/repository/jline/jline/0.9.94/jline-0.9.94.jar:/home/user/.m2/repository/org/apache/yetus/audience-annotations/0.5.0/audience-annotations-0.5.0.jar:/home/user/.m2/repository/org/codehaus/woodstox/stax2-api/3.1.4/stax2-api-3.1.4.jar:/home/user/.m2/repository/com/fasterxml/woodstox/woodstox-core/5.0.3/woodstox-core-5.0.3.jar:/home/user/.m2/repository/dnsjava/dnsjava/2.1.7/dnsjava-2.1.7.jar:/home/user/.m2/repository/org/apache/hadoop/hadoop-hdfs/3.2.0/hadoop-hdfs-3.2.0-tests.jar:/home/user/.m2/repository/org/eclipse/jetty/jetty-util-ajax/9.3.25.v20180904/jetty-util-ajax-9.3.25.v20180904.jar:/home/user/.m2/repository/commons-daemon/commons-daemon/1.0.13/commons-daemon-1.0.13.jar:/home/user/.m2/repository/io/netty/netty/3.10.5.Final/netty-3.10.5.Final.jar:/home/user/.m2/repository/io/netty/netty-all/4.0.52.Final/netty-all-4.0.52.Final.jar:/home/user/.m2/repository/org/fusesource/leveldbjni/leveldbjni-all/1.8/leveldbjni-all-1.8.jar:"/>
    <property name="sun.cpu.endian" value="little"/>
    <property name="user.home" value="/home/user"/>
    <property name="user.language" value="en"/>
    <property name="java.specification.vendor" value="Oracle Corporation"/>
    <property name="java.home" value="/usr/lib/jvm/java-1.8-openjdk/jre"/>
    <property name="java.security.krb5.conf" value="/workdir/hadoop-ozone/integration-test/target/test-classes/krb5.conf"/>
    <property name="basedir" value="/workdir/hadoop-ozone/integration-test"/>
    <property name="file.separator" value="/"/>
    <property name="line.separator" value="&#10;"/>
    <property name="java.vm.specification.vendor" value="Oracle Corporation"/>
    <property name="java.specification.name" value="Java Platform API Specification"/>
    <property name="java.awt.graphicsenv" value="sun.awt.X11GraphicsEnvironment"/>
    <property name="surefire.real.class.path" value="/workdir/hadoop-ozone/integration-test/target/surefire/surefirebooter7208545517112341810.jar"/>
    <property name="hadoop.log.dir" value="/workdir/hadoop-ozone/integration-test/target/log"/>
    <property name="sun.boot.class.path" value="/usr/lib/jvm/java-1.8-openjdk/jre/lib/resources.jar:/usr/lib/jvm/java-1.8-openjdk/jre/lib/rt.jar:/usr/lib/jvm/java-1.8-openjdk/jre/lib/sunrsasign.jar:/usr/lib/jvm/java-1.8-openjdk/jre/lib/jsse.jar:/usr/lib/jvm/java-1.8-openjdk/jre/lib/jce.jar:/usr/lib/jvm/java-1.8-openjdk/jre/lib/charsets.jar:/usr/lib/jvm/java-1.8-openjdk/jre/lib/jfr.jar:/usr/lib/jvm/java-1.8-openjdk/jre/classes"/>
    <property name="sun.management.compiler" value="HotSpot 64-Bit Tiered Compilers"/>
    <property name="java.runtime.version" value="1.8.0_212-b04"/>
    <property name="java.net.preferIPv4Stack" value="true"/>
    <property name="user.name" value="jenkins1000"/>
    <property name="path.separator" value=":"/>
    <property name="java.security.egd" value="file:///dev/urandom"/>
    <property name="os.version" value="3.10.0-957.12.2.el7.x86_64"/>
    <property name="java.endorsed.dirs" value="/usr/lib/jvm/java-1.8-openjdk/jre/lib/endorsed"/>
    <property name="java.runtime.name" value="OpenJDK Runtime Environment"/>
    <property name="file.encoding" value="UTF-8"/>
    <property name="java.vm.name" value="OpenJDK 64-Bit Server VM"/>
    <property name="test.build.webapps" value=""/>
    <property name="localRepository" value="/home/user/.m2/repository"/>
    <property name="java.vendor.url.bug" value="https://icedtea.classpath.org/bugzilla"/>
    <property name="java.io.tmpdir" value="/tmp"/>
    <property name="require.test.libhadoop" value=""/>
    <property name="java.version" value="1.8.0_212"/>
    <property name="user.dir" value="/workdir/hadoop-ozone/integration-test"/>
    <property name="os.arch" value="amd64"/>
    <property name="java.vm.specification.name" value="Java Virtual Machine Specification"/>
    <property name="test.build.classes" value="/workdir/hadoop-ozone/integration-test/target/test-classes"/>
    <property name="java.awt.printerjob" value="sun.print.PSPrinterJob"/>
    <property name="sun.os.patch.level" value="unknown"/>
    <property name="hadoop.tmp.dir" value="/workdir/hadoop-ozone/integration-test/target/tmp"/>
    <property name="java.library.path" value="/usr/lib/jvm/java-1.8-openjdk/jre/lib/amd64/server:/usr/lib/jvm/java-1.8-openjdk/jre/lib/amd64:/usr/lib/jvm/java-1.8-openjdk/jre/../lib/amd64:/workdir/hadoop-ozone/integration-test/target/native/target/usr/local/lib:/workdir/hadoop-ozone/integration-test/../../hadoop-common-project/hadoop-common/target/native/target/usr/local/lib:/usr/java/packages/lib/amd64:/usr/lib64:/lib64:/lib:/usr/lib"/>
    <property name="java.vm.info" value="mixed mode"/>
    <property name="java.vendor" value="IcedTea"/>
    <property name="java.vm.version" value="25.212-b04"/>
    <property name="java.ext.dirs" value="/usr/lib/jvm/java-1.8-openjdk/jre/lib/ext:/usr/java/packages/lib/ext"/>
    <property name="sun.io.unicode.encoding" value="UnicodeLittle"/>
    <property name="java.class.version" value="52.0"/>
  </properties>
  <testcase name="test2WayCommitForRetryfailure" classname="org.apache.hadoop.ozone.client.rpc.Test2WayCommitInRatis" time="34.105">
    <error message="org.apache.ratis.protocol.RaftRetryFailureException: Failed RaftClientRequest:client-B36A9FE22C17-&gt;e59dfa83-9a17-4bb1-b70c-789d43087210@group-4ECA698CE510, cid=14, seq=2*, RW, cmdType: CloseContainer&#10;traceID: &quot;260b82eb0ec0d67a:260b82eb0ec0d67a:0:0&quot;&#10;containerID: 1&#10;datanodeUuid: &quot;e59dfa83-9a17-4bb1-b70c-789d43087210&quot;&#10;closeContainer {&#10;}&#10;, data.size=0 for 20 attempts with RetryLimited(maxAttempts=20, sleepTime=1000ms)" type="java.util.concurrent.ExecutionException">java.util.concurrent.ExecutionException: 
org.apache.ratis.protocol.RaftRetryFailureException: Failed RaftClientRequest:client-B36A9FE22C17->e59dfa83-9a17-4bb1-b70c-789d43087210@group-4ECA698CE510, cid=14, seq=2*, RW, cmdType: CloseContainer
traceID: "260b82eb0ec0d67a:260b82eb0ec0d67a:0:0"
containerID: 1
datanodeUuid: "e59dfa83-9a17-4bb1-b70c-789d43087210"
closeContainer {
}
, data.size=0 for 20 attempts with RetryLimited(maxAttempts=20, sleepTime=1000ms)
	at java.util.concurrent.CompletableFuture.reportGet(CompletableFuture.java:357)
	at java.util.concurrent.CompletableFuture.get(CompletableFuture.java:1895)
	at org.apache.hadoop.ozone.client.rpc.Test2WayCommitInRatis.test2WayCommitForRetryfailure(Test2WayCommitInRatis.java:144)
	at sun.reflect.NativeMethodAccessorImpl.invoke0(Native Method)
	at sun.reflect.NativeMethodAccessorImpl.invoke(NativeMethodAccessorImpl.java:62)
	at sun.reflect.DelegatingMethodAccessorImpl.invoke(DelegatingMethodAccessorImpl.java:43)
	at java.lang.reflect.Method.invoke(Method.java:498)
	at org.junit.runners.model.FrameworkMethod$1.runReflectiveCall(FrameworkMethod.java:47)
	at org.junit.internal.runners.model.ReflectiveCallable.run(ReflectiveCallable.java:12)
	at org.junit.runners.model.FrameworkMethod.invokeExplosively(FrameworkMethod.java:44)
	at org.junit.internal.runners.statements.InvokeMethod.evaluate(InvokeMethod.java:17)
	at org.junit.runners.ParentRunner.runLeaf(ParentRunner.java:271)
	at org.junit.runners.BlockJUnit4ClassRunner.runChild(BlockJUnit4ClassRunner.java:70)
	at org.junit.runners.BlockJUnit4ClassRunner.runChild(BlockJUnit4ClassRunner.java:50)
	at org.junit.runners.ParentRunner$3.run(ParentRunner.java:238)
	at org.junit.runners.ParentRunner$1.schedule(ParentRunner.java:63)
	at org.junit.runners.ParentRunner.runChildren(ParentRunner.java:236)
	at org.junit.runners.ParentRunner.access$000(ParentRunner.java:53)
	at org.junit.runners.ParentRunner$2.evaluate(ParentRunner.java:229)
	at org.junit.runners.ParentRunner.run(ParentRunner.java:309)
	at org.apache.maven.surefire.junit4.JUnit4Provider.execute(JUnit4Provider.java:365)
	at org.apache.maven.surefire.junit4.JUnit4Provider.executeWithRerun(JUnit4Provider.java:273)
	at org.apache.maven.surefire.junit4.JUnit4Provider.executeTestSet(JUnit4Provider.java:238)
	at org.apache.maven.surefire.junit4.JUnit4Provider.invoke(JUnit4Provider.java:159)
	at org.apache.maven.surefire.booter.ForkedBooter.invokeProviderInSameClassLoader(ForkedBooter.java:384)
	at org.apache.maven.surefire.booter.ForkedBooter.runSuitesInProcess(ForkedBooter.java:345)
	at org.apache.maven.surefire.booter.ForkedBooter.execute(ForkedBooter.java:126)
	at org.apache.maven.surefire.booter.ForkedBooter.main(ForkedBooter.java:418)
Caused by: org.apache.ratis.protocol.RaftRetryFailureException: Failed RaftClientRequest:client-B36A9FE22C17->e59dfa83-9a17-4bb1-b70c-789d43087210@group-4ECA698CE510, cid=14, seq=2*, RW, cmdType: CloseContainer
traceID: "260b82eb0ec0d67a:260b82eb0ec0d67a:0:0"
containerID: 1
datanodeUuid: "e59dfa83-9a17-4bb1-b70c-789d43087210"
closeContainer {
}
, data.size=0 for 20 attempts with RetryLimited(maxAttempts=20, sleepTime=1000ms)
	at org.apache.ratis.client.impl.RaftClientImpl.noMoreRetries(RaftClientImpl.java:271)
	at org.apache.ratis.client.impl.OrderedAsync.handleAsyncRetryFailure(OrderedAsync.java:138)
	at org.apache.ratis.client.impl.OrderedAsync.lambda$sendRequest$10(OrderedAsync.java:230)
	at java.util.concurrent.CompletableFuture.uniExceptionally(CompletableFuture.java:870)
	at java.util.concurrent.CompletableFuture$UniExceptionally.tryFire(CompletableFuture.java:852)
	at java.util.concurrent.CompletableFuture.postComplete(CompletableFuture.java:474)
	at java.util.concurrent.CompletableFuture.completeExceptionally(CompletableFuture.java:1977)
	at org.apache.ratis.grpc.client.GrpcClientProtocolClient$AsyncStreamObservers.completeReplyExceptionally(GrpcClientProtocolClient.java:345)
	at org.apache.ratis.grpc.client.GrpcClientProtocolClient$AsyncStreamObservers.access$000(GrpcClientProtocolClient.java:261)
	at org.apache.ratis.grpc.client.GrpcClientProtocolClient$AsyncStreamObservers$1.onError(GrpcClientProtocolClient.java:290)
	at org.apache.ratis.thirdparty.io.grpc.stub.ClientCalls$StreamObserverToCallListenerAdapter.onClose(ClientCalls.java:434)
	at org.apache.ratis.thirdparty.io.grpc.PartialForwardingClientCallListener.onClose(PartialForwardingClientCallListener.java:39)
	at org.apache.ratis.thirdparty.io.grpc.ForwardingClientCallListener.onClose(ForwardingClientCallListener.java:23)
	at org.apache.ratis.thirdparty.io.grpc.ForwardingClientCallListener$SimpleForwardingClientCallListener.onClose(ForwardingClientCallListener.java:40)
	at org.apache.ratis.thirdparty.io.grpc.internal.CensusStatsModule$StatsClientInterceptor$1$1.onClose(CensusStatsModule.java:678)
	at org.apache.ratis.thirdparty.io.grpc.PartialForwardingClientCallListener.onClose(PartialForwardingClientCallListener.java:39)
	at org.apache.ratis.thirdparty.io.grpc.ForwardingClientCallListener.onClose(ForwardingClientCallListener.java:23)
	at org.apache.ratis.thirdparty.io.grpc.ForwardingClientCallListener$SimpleForwardingClientCallListener.onClose(ForwardingClientCallListener.java:40)
	at org.apache.ratis.thirdparty.io.grpc.internal.CensusTracingModule$TracingClientInterceptor$1$1.onClose(CensusTracingModule.java:397)
	at org.apache.ratis.thirdparty.io.grpc.internal.ClientCallImpl.closeObserver(ClientCallImpl.java:459)
	at org.apache.ratis.thirdparty.io.grpc.internal.ClientCallImpl.access$300(ClientCallImpl.java:63)
	at org.apache.ratis.thirdparty.io.grpc.internal.ClientCallImpl$ClientStreamListenerImpl.close(ClientCallImpl.java:546)
	at org.apache.ratis.thirdparty.io.grpc.internal.ClientCallImpl$ClientStreamListenerImpl.access$600(ClientCallImpl.java:467)
	at org.apache.ratis.thirdparty.io.grpc.internal.ClientCallImpl$ClientStreamListenerImpl$1StreamClosed.runInContext(ClientCallImpl.java:584)
	at org.apache.ratis.thirdparty.io.grpc.internal.ContextRunnable.run(ContextRunnable.java:37)
	at org.apache.ratis.thirdparty.io.grpc.internal.SerializingExecutor.run(SerializingExecutor.java:123)
	at java.util.concurrent.ThreadPoolExecutor.runWorker(ThreadPoolExecutor.java:1149)
	at java.util.concurrent.ThreadPoolExecutor$Worker.run(ThreadPoolExecutor.java:624)
	at java.lang.Thread.run(Thread.java:748)
Caused by: java.io.IOException: org.apache.ratis.thirdparty.io.grpc.StatusRuntimeException: UNAVAILABLE: io exception
	at org.apache.ratis.grpc.GrpcUtil.unwrapException(GrpcUtil.java:76)
	at org.apache.ratis.grpc.GrpcUtil.unwrapIOException(GrpcUtil.java:128)
	at org.apache.ratis.grpc.client.GrpcClientProtocolClient$AsyncStreamObservers$1.onError(GrpcClientProtocolClient.java:289)
	... 19 more
Caused by: org.apache.ratis.thirdparty.io.grpc.StatusRuntimeException: UNAVAILABLE: io exception
	at org.apache.ratis.thirdparty.io.grpc.Status.asRuntimeException(Status.java:526)
	... 19 more
Caused by: org.apache.ratis.thirdparty.io.netty.channel.AbstractChannel$AnnotatedConnectException: Connection refused: /192.168.164.251:43777
	at sun.nio.ch.SocketChannelImpl.checkConnect(Native Method)
	at sun.nio.ch.SocketChannelImpl.finishConnect(SocketChannelImpl.java:717)
	at org.apache.ratis.thirdparty.io.netty.channel.socket.nio.NioSocketChannel.doFinishConnect(NioSocketChannel.java:327)
	at org.apache.ratis.thirdparty.io.netty.channel.nio.AbstractNioChannel$AbstractNioUnsafe.finishConnect(AbstractNioChannel.java:340)
	at org.apache.ratis.thirdparty.io.netty.channel.nio.NioEventLoop.processSelectedKey(NioEventLoop.java:632)
	at org.apache.ratis.thirdparty.io.netty.channel.nio.NioEventLoop.processSelectedKeysOptimized(NioEventLoop.java:579)
	at org.apache.ratis.thirdparty.io.netty.channel.nio.NioEventLoop.processSelectedKeys(NioEventLoop.java:496)
	at org.apache.ratis.thirdparty.io.netty.channel.nio.NioEventLoop.run(NioEventLoop.java:458)
	at org.apache.ratis.thirdparty.io.netty.util.concurrent.SingleThreadEventExecutor$5.run(SingleThreadEventExecutor.java:897)
	at org.apache.ratis.thirdparty.io.netty.util.concurrent.FastThreadLocalRunnable.run(FastThreadLocalRunnable.java:30)
	... 1 more
Caused by: java.net.ConnectException: Connection refused
	... 11 more
</error>
    <system-out><![CDATA[2019-10-07 08:13:18,503 [main] WARN  server.ServerUtils (ServerUtils.java:getScmDbDir(145)) - ozone.scm.db.dirs is not configured. We recommend adding this setting. Falling back to ozone.metadata.dirs instead.
2019-10-07 08:13:18,655 [main] WARN  server.ServerUtils (ServerUtils.java:getScmDbDir(145)) - ozone.scm.db.dirs is not configured. We recommend adding this setting. Falling back to ozone.metadata.dirs instead.
2019-10-07 08:13:18,660 [main] WARN  server.ServerUtils (ServerUtils.java:getScmDbDir(145)) - ozone.scm.db.dirs is not configured. We recommend adding this setting. Falling back to ozone.metadata.dirs instead.
2019-10-07 08:13:18,697 [main] INFO  util.log (Log.java:initialized(192)) - Logging initialized @930ms
2019-10-07 08:13:18,794 [main] INFO  db.DBStoreBuilder (DBStoreBuilder.java:addTable(117)) - using custom profile for table: deletedBlocks
2019-10-07 08:13:18,795 [main] INFO  db.DBStoreBuilder (DBStoreBuilder.java:processTables(168)) - Using default column profile:DBProfile.DISK for Table:deletedBlocks
2019-10-07 08:13:18,795 [main] INFO  db.DBStoreBuilder (DBStoreBuilder.java:addTable(117)) - using custom profile for table: validCerts
2019-10-07 08:13:18,795 [main] INFO  db.DBStoreBuilder (DBStoreBuilder.java:processTables(168)) - Using default column profile:DBProfile.DISK for Table:validCerts
2019-10-07 08:13:18,796 [main] INFO  db.DBStoreBuilder (DBStoreBuilder.java:addTable(117)) - using custom profile for table: revokedCerts
2019-10-07 08:13:18,796 [main] INFO  db.DBStoreBuilder (DBStoreBuilder.java:processTables(168)) - Using default column profile:DBProfile.DISK for Table:revokedCerts
2019-10-07 08:13:18,806 [main] INFO  db.DBStoreBuilder (DBStoreBuilder.java:addTable(117)) - using custom profile for table: default
2019-10-07 08:13:18,806 [main] INFO  db.DBStoreBuilder (DBStoreBuilder.java:processTables(174)) - Using default column profile:DBProfile.DISK for Table:default
2019-10-07 08:13:18,807 [main] INFO  db.DBStoreBuilder (DBStoreBuilder.java:getDbProfile(205)) - Using default options. DBProfile.DISK
2019-10-07 08:13:19,235 [main] INFO  net.NodeSchemaLoader (NodeSchemaLoader.java:loadSchemaFromFile(125)) - Loading file from sun.misc.CompoundEnumeration@2b71e916
2019-10-07 08:13:19,237 [main] INFO  net.NodeSchemaLoader (NodeSchemaLoader.java:loadSchema(171)) - Loading network topology layer schema file
2019-10-07 08:13:19,308 [main] WARN  server.ServerUtils (ServerUtils.java:sanitizeUserArgs(70)) - ozone.scm.stale.node.interval value = 300000 is larger than max = 100000 based on the key value of ozone.scm.heartbeat.thread.interval, reset to the max value 100000.
2019-10-07 08:13:19,310 [main] WARN  server.ServerUtils (ServerUtils.java:sanitizeUserArgs(70)) - ozone.scm.stale.node.interval value = 300000 is larger than max = 100000 based on the key value of ozone.scm.heartbeat.thread.interval, reset to the max value 100000.
2019-10-07 08:13:19,312 [main] INFO  node.SCMNodeManager (SCMNodeManager.java:<init>(116)) - Entering startup safe mode.
2019-10-07 08:13:19,386 [main] INFO  algorithms.ContainerPlacementPolicyFactory (ContainerPlacementPolicyFactory.java:getPolicy(57)) - Create container placement policy of type org.apache.hadoop.hdds.scm.container.placement.algorithms.SCMContainerPlacementRandom
2019-10-07 08:13:19,401 [main] WARN  server.ServerUtils (ServerUtils.java:getScmDbDir(145)) - ozone.scm.db.dirs is not configured. We recommend adding this setting. Falling back to ozone.metadata.dirs instead.
2019-10-07 08:13:19,534 [main] INFO  pipeline.SCMPipelineManager (SCMPipelineManager.java:initializePipelineState(132)) - No pipeline exists in current db
2019-10-07 08:13:19,537 [main] WARN  server.ServerUtils (ServerUtils.java:getScmDbDir(145)) - ozone.scm.db.dirs is not configured. We recommend adding this setting. Falling back to ozone.metadata.dirs instead.
2019-10-07 08:13:19,666 [main] WARN  events.EventQueue (EventQueue.java:fireEvent(183)) - No event handler registered for event TypedEvent{payloadType=SafeModeStatus, name='SafeModeStatus'}
2019-10-07 08:13:20,037 [main] INFO  ipc.CallQueueManager (CallQueueManager.java:<init>(84)) - Using callQueue: class java.util.concurrent.LinkedBlockingQueue, queueCapacity: 2000, scheduler: class org.apache.hadoop.ipc.DefaultRpcScheduler, ipcBackoff: false.
2019-10-07 08:13:20,059 [Socket Reader #1 for port 40275] INFO  ipc.Server (Server.java:run(1074)) - Starting Socket Reader #1 for port 40275
2019-10-07 08:13:20,208 [main] INFO  ipc.CallQueueManager (CallQueueManager.java:<init>(84)) - Using callQueue: class java.util.concurrent.LinkedBlockingQueue, queueCapacity: 2000, scheduler: class org.apache.hadoop.ipc.DefaultRpcScheduler, ipcBackoff: false.
2019-10-07 08:13:20,209 [Socket Reader #1 for port 35588] INFO  ipc.Server (Server.java:run(1074)) - Starting Socket Reader #1 for port 35588
2019-10-07 08:13:20,216 [main] INFO  ipc.CallQueueManager (CallQueueManager.java:<init>(84)) - Using callQueue: class java.util.concurrent.LinkedBlockingQueue, queueCapacity: 2000, scheduler: class org.apache.hadoop.ipc.DefaultRpcScheduler, ipcBackoff: false.
2019-10-07 08:13:20,218 [Socket Reader #1 for port 46671] INFO  ipc.Server (Server.java:run(1074)) - Starting Socket Reader #1 for port 46671
2019-10-07 08:13:20,241 [main] INFO  hdfs.DFSUtil (DFSUtil.java:httpServerTemplateForNNAndJN(1641)) - Starting Web-server for scm at: http://0.0.0.0:0
2019-10-07 08:13:20,416 [main] INFO  server.AuthenticationFilter (AuthenticationFilter.java:constructSecretProvider(240)) - Unable to initialize FileSignerSecretProvider, falling back to use random secrets.
2019-10-07 08:13:20,424 [main] WARN  http.HttpRequestLog (HttpRequestLog.java:getRequestLog(97)) - Jetty request log can only be enabled using Log4j
2019-10-07 08:13:20,432 [main] INFO  http.HttpServer2 (HttpServer2.java:addGlobalFilter(975)) - Added global filter 'safety' (class=org.apache.hadoop.http.HttpServer2$QuotingInputFilter)
2019-10-07 08:13:20,435 [main] INFO  http.HttpServer2 (HttpServer2.java:addFilter(948)) - Added filter static_user_filter (class=org.apache.hadoop.http.lib.StaticUserWebFilter$StaticUserFilter) to context scm
2019-10-07 08:13:20,435 [main] INFO  http.HttpServer2 (HttpServer2.java:addFilter(958)) - Added filter static_user_filter (class=org.apache.hadoop.http.lib.StaticUserWebFilter$StaticUserFilter) to context logs
2019-10-07 08:13:20,436 [main] INFO  http.HttpServer2 (HttpServer2.java:addFilter(958)) - Added filter static_user_filter (class=org.apache.hadoop.http.lib.StaticUserWebFilter$StaticUserFilter) to context static
2019-10-07 08:13:20,466 [main] INFO  server.StorageContainerManager (StorageContainerManager.java:start(770)) - StorageContainerLocationProtocol RPC server is listening at /0.0.0.0:46671
2019-10-07 08:13:20,526 [main] WARN  impl.MetricsConfig (MetricsConfig.java:loadFirst(134)) - Cannot locate configuration: tried hadoop-metrics2-storagecontainermanager.properties,hadoop-metrics2.properties
2019-10-07 08:13:20,538 [main] INFO  impl.MetricsSystemImpl (MetricsSystemImpl.java:startTimer(374)) - Scheduled Metric snapshot period at 10 second(s).
2019-10-07 08:13:20,539 [main] INFO  impl.MetricsSystemImpl (MetricsSystemImpl.java:start(191)) - StorageContainerManager metrics system started
2019-10-07 08:13:20,790 [main] INFO  server.SCMClientProtocolServer (SCMClientProtocolServer.java:start(159)) - RPC server for Client  is listening at /0.0.0.0:46671
2019-10-07 08:13:20,790 [IPC Server Responder] INFO  ipc.Server (Server.java:run(1314)) - IPC Server Responder: starting
2019-10-07 08:13:20,790 [IPC Server listener on 46671] INFO  ipc.Server (Server.java:run(1153)) - IPC Server listener on 46671: starting
2019-10-07 08:13:20,794 [main] INFO  server.StorageContainerManager (StorageContainerManager.java:start(780)) - ScmBlockLocationProtocol RPC server is listening at /0.0.0.0:35588
2019-10-07 08:13:20,795 [main] INFO  server.SCMBlockProtocolServer (SCMBlockProtocolServer.java:start(146)) - RPC server for Block Protocol is listening at /0.0.0.0:35588
2019-10-07 08:13:20,796 [IPC Server Responder] INFO  ipc.Server (Server.java:run(1314)) - IPC Server Responder: starting
2019-10-07 08:13:20,796 [IPC Server listener on 35588] INFO  ipc.Server (Server.java:run(1153)) - IPC Server listener on 35588: starting
2019-10-07 08:13:20,798 [main] INFO  server.StorageContainerManager (StorageContainerManager.java:start(784)) - ScmDatanodeProtocl RPC server is listening at /0.0.0.0:40275
2019-10-07 08:13:20,799 [main] INFO  server.SCMDatanodeProtocolServer (SCMDatanodeProtocolServer.java:start(169)) - RPC server for DataNodes is listening at /0.0.0.0:40275
2019-10-07 08:13:20,800 [IPC Server Responder] INFO  ipc.Server (Server.java:run(1314)) - IPC Server Responder: starting
2019-10-07 08:13:20,800 [IPC Server listener on 40275] INFO  ipc.Server (Server.java:run(1153)) - IPC Server listener on 40275: starting
2019-10-07 08:13:20,805 [main] INFO  http.HttpServer2 (HttpServer2.java:bindListener(1191)) - Jetty bound to port 39796
2019-10-07 08:13:20,808 [main] INFO  server.Server (Server.java:doStart(351)) - jetty-9.3.25.v20180904, build timestamp: 2018-09-04T21:11:46Z, git hash: 3ce520221d0240229c862b122d2b06c12a625732
2019-10-07 08:13:20,856 [main] INFO  handler.ContextHandler (ContextHandler.java:doStart(781)) - Started o.e.j.s.ServletContextHandler@340da44c{/logs,file:///workdir/hadoop-ozone/integration-test/target/log,AVAILABLE}
2019-10-07 08:13:20,857 [main] INFO  handler.ContextHandler (ContextHandler.java:doStart(781)) - Started o.e.j.s.ServletContextHandler@37052337{/static,file:///workdir/hadoop-ozone/integration-test/target/test-classes/webapps/static,AVAILABLE}
2019-10-07 08:13:20,894 [main] INFO  handler.ContextHandler (ContextHandler.java:doStart(781)) - Started o.e.j.w.WebAppContext@7fb9f71f{/,file:///workdir/hadoop-ozone/integration-test/target/test-classes/webapps/scm/,AVAILABLE}{/scm}
2019-10-07 08:13:20,901 [main] INFO  server.AbstractConnector (AbstractConnector.java:doStart(278)) - Started ServerConnector@407cf41{HTTP/1.1,[http/1.1]}{0.0.0.0:39796}
2019-10-07 08:13:20,901 [main] INFO  server.Server (Server.java:doStart(419)) - Started @3135ms
2019-10-07 08:13:20,904 [main] INFO  impl.MetricsSinkAdapter (MetricsSinkAdapter.java:start(204)) - Sink prometheus started
2019-10-07 08:13:20,904 [main] INFO  impl.MetricsSystemImpl (MetricsSystemImpl.java:registerSink(301)) - Registered sink prometheus
2019-10-07 08:13:20,905 [main] INFO  server.BaseHttpServer (BaseHttpServer.java:updateConnectorAddress(215)) - HTTP server of SCM is listening at http://0.0.0.0:39796
2019-10-07 08:13:20,914 [org.apache.hadoop.util.JvmPauseMonitor$Monitor@5922ae77] INFO  util.JvmPauseMonitor (JvmPauseMonitor.java:run(188)) - Starting JVM pause monitor
2019-10-07 08:13:20,919 [main] WARN  server.ServerUtils (ServerUtils.java:getDBPath(222)) - ozone.om.db.dirs is not configured. We recommend adding this setting. Falling back to ozone.metadata.dirs instead.
2019-10-07 08:13:21,052 [main] INFO  ha.OMHANodeDetails (OMHANodeDetails.java:loadOMHAConfig(190)) - Configuration either no ozone.om.address set. Falling back to the default OM address /127.0.0.1:0
2019-10-07 08:13:21,052 [main] INFO  ha.OMHANodeDetails (OMHANodeDetails.java:getOMNodeDetails(220)) - OM Service ID is not set. Setting it to the default ID: omServiceIdDefault
2019-10-07 08:13:21,054 [main] WARN  server.ServerUtils (ServerUtils.java:getDBPath(222)) - ozone.om.db.dirs is not configured. We recommend adding this setting. Falling back to ozone.metadata.dirs instead.
2019-10-07 08:13:21,054 [main] WARN  server.ServerUtils (ServerUtils.java:getDBPath(222)) - ozone.om.db.dirs is not configured. We recommend adding this setting. Falling back to ozone.metadata.dirs instead.
2019-10-07 08:13:21,767 [main] WARN  server.ServerUtils (ServerUtils.java:getDBPath(222)) - ozone.om.db.dirs is not configured. We recommend adding this setting. Falling back to ozone.metadata.dirs instead.
2019-10-07 08:13:21,776 [main] INFO  db.DBStoreBuilder (DBStoreBuilder.java:addTable(117)) - using custom profile for table: userTable
2019-10-07 08:13:21,777 [main] INFO  db.DBStoreBuilder (DBStoreBuilder.java:processTables(168)) - Using default column profile:DBProfile.DISK for Table:userTable
2019-10-07 08:13:21,777 [main] INFO  db.DBStoreBuilder (DBStoreBuilder.java:addTable(117)) - using custom profile for table: volumeTable
2019-10-07 08:13:21,777 [main] INFO  db.DBStoreBuilder (DBStoreBuilder.java:processTables(168)) - Using default column profile:DBProfile.DISK for Table:volumeTable
2019-10-07 08:13:21,777 [main] INFO  db.DBStoreBuilder (DBStoreBuilder.java:addTable(117)) - using custom profile for table: bucketTable
2019-10-07 08:13:21,778 [main] INFO  db.DBStoreBuilder (DBStoreBuilder.java:processTables(168)) - Using default column profile:DBProfile.DISK for Table:bucketTable
2019-10-07 08:13:21,778 [main] INFO  db.DBStoreBuilder (DBStoreBuilder.java:addTable(117)) - using custom profile for table: keyTable
2019-10-07 08:13:21,778 [main] INFO  db.DBStoreBuilder (DBStoreBuilder.java:processTables(168)) - Using default column profile:DBProfile.DISK for Table:keyTable
2019-10-07 08:13:21,778 [main] INFO  db.DBStoreBuilder (DBStoreBuilder.java:addTable(117)) - using custom profile for table: deletedTable
2019-10-07 08:13:21,779 [main] INFO  db.DBStoreBuilder (DBStoreBuilder.java:processTables(168)) - Using default column profile:DBProfile.DISK for Table:deletedTable
2019-10-07 08:13:21,779 [main] INFO  db.DBStoreBuilder (DBStoreBuilder.java:addTable(117)) - using custom profile for table: openKeyTable
2019-10-07 08:13:21,779 [main] INFO  db.DBStoreBuilder (DBStoreBuilder.java:processTables(168)) - Using default column profile:DBProfile.DISK for Table:openKeyTable
2019-10-07 08:13:21,780 [main] INFO  db.DBStoreBuilder (DBStoreBuilder.java:addTable(117)) - using custom profile for table: s3Table
2019-10-07 08:13:21,780 [main] INFO  db.DBStoreBuilder (DBStoreBuilder.java:processTables(168)) - Using default column profile:DBProfile.DISK for Table:s3Table
2019-10-07 08:13:21,780 [main] INFO  db.DBStoreBuilder (DBStoreBuilder.java:addTable(117)) - using custom profile for table: multipartInfoTable
2019-10-07 08:13:21,780 [main] INFO  db.DBStoreBuilder (DBStoreBuilder.java:processTables(168)) - Using default column profile:DBProfile.DISK for Table:multipartInfoTable
2019-10-07 08:13:21,781 [main] INFO  db.DBStoreBuilder (DBStoreBuilder.java:addTable(117)) - using custom profile for table: dTokenTable
2019-10-07 08:13:21,781 [main] INFO  db.DBStoreBuilder (DBStoreBuilder.java:processTables(168)) - Using default column profile:DBProfile.DISK for Table:dTokenTable
2019-10-07 08:13:21,781 [main] INFO  db.DBStoreBuilder (DBStoreBuilder.java:addTable(117)) - using custom profile for table: s3SecretTable
2019-10-07 08:13:21,781 [main] INFO  db.DBStoreBuilder (DBStoreBuilder.java:processTables(168)) - Using default column profile:DBProfile.DISK for Table:s3SecretTable
2019-10-07 08:13:21,782 [main] INFO  db.DBStoreBuilder (DBStoreBuilder.java:addTable(117)) - using custom profile for table: prefixTable
2019-10-07 08:13:21,782 [main] INFO  db.DBStoreBuilder (DBStoreBuilder.java:processTables(168)) - Using default column profile:DBProfile.DISK for Table:prefixTable
2019-10-07 08:13:21,782 [main] INFO  db.DBStoreBuilder (DBStoreBuilder.java:addTable(117)) - using custom profile for table: default
2019-10-07 08:13:21,782 [main] INFO  db.DBStoreBuilder (DBStoreBuilder.java:processTables(174)) - Using default column profile:DBProfile.DISK for Table:default
2019-10-07 08:13:21,783 [main] INFO  db.DBStoreBuilder (DBStoreBuilder.java:getDbProfile(205)) - Using default options. DBProfile.DISK
2019-10-07 08:13:22,623 [main] INFO  ipc.CallQueueManager (CallQueueManager.java:<init>(84)) - Using callQueue: class java.util.concurrent.LinkedBlockingQueue, queueCapacity: 2000, scheduler: class org.apache.hadoop.ipc.DefaultRpcScheduler, ipcBackoff: false.
2019-10-07 08:13:22,624 [Socket Reader #1 for port 45753] INFO  ipc.Server (Server.java:run(1074)) - Starting Socket Reader #1 for port 45753
2019-10-07 08:13:22,643 [main] INFO  om.OzoneManager (OzoneManager.java:start(1069)) - OzoneManager RPC server is listening at localhost/127.0.0.1:45753
2019-10-07 08:13:22,643 [main] INFO  impl.MetricsSystemImpl (MetricsSystemImpl.java:init(158)) - OzoneManager metrics system started (again)
2019-10-07 08:13:22,651 [IPC Server Responder] INFO  ipc.Server (Server.java:run(1314)) - IPC Server Responder: starting
2019-10-07 08:13:22,651 [IPC Server listener on 45753] INFO  ipc.Server (Server.java:run(1153)) - IPC Server listener on 45753: starting
2019-10-07 08:13:22,657 [main] INFO  hdfs.DFSUtil (DFSUtil.java:httpServerTemplateForNNAndJN(1641)) - Starting Web-server for ozoneManager at: http://0.0.0.0:0
2019-10-07 08:13:22,660 [main] INFO  server.AuthenticationFilter (AuthenticationFilter.java:constructSecretProvider(240)) - Unable to initialize FileSignerSecretProvider, falling back to use random secrets.
2019-10-07 08:13:22,661 [main] WARN  http.HttpRequestLog (HttpRequestLog.java:getRequestLog(97)) - Jetty request log can only be enabled using Log4j
2019-10-07 08:13:22,665 [main] INFO  http.HttpServer2 (HttpServer2.java:addGlobalFilter(975)) - Added global filter 'safety' (class=org.apache.hadoop.http.HttpServer2$QuotingInputFilter)
2019-10-07 08:13:22,666 [main] INFO  http.HttpServer2 (HttpServer2.java:addFilter(948)) - Added filter static_user_filter (class=org.apache.hadoop.http.lib.StaticUserWebFilter$StaticUserFilter) to context ozoneManager
2019-10-07 08:13:22,667 [main] INFO  http.HttpServer2 (HttpServer2.java:addFilter(958)) - Added filter static_user_filter (class=org.apache.hadoop.http.lib.StaticUserWebFilter$StaticUserFilter) to context static
2019-10-07 08:13:22,667 [main] INFO  http.HttpServer2 (HttpServer2.java:addFilter(958)) - Added filter static_user_filter (class=org.apache.hadoop.http.lib.StaticUserWebFilter$StaticUserFilter) to context logs
2019-10-07 08:13:22,670 [main] INFO  http.HttpServer2 (HttpServer2.java:bindListener(1191)) - Jetty bound to port 39391
2019-10-07 08:13:22,671 [main] INFO  server.Server (Server.java:doStart(351)) - jetty-9.3.25.v20180904, build timestamp: 2018-09-04T21:11:46Z, git hash: 3ce520221d0240229c862b122d2b06c12a625732
2019-10-07 08:13:22,674 [main] INFO  handler.ContextHandler (ContextHandler.java:doStart(781)) - Started o.e.j.s.ServletContextHandler@3a627c80{/logs,file:///workdir/hadoop-ozone/integration-test/target/log,AVAILABLE}
2019-10-07 08:13:22,675 [main] INFO  handler.ContextHandler (ContextHandler.java:doStart(781)) - Started o.e.j.s.ServletContextHandler@963176{/static,file:///workdir/hadoop-ozone/integration-test/target/test-classes/webapps/static,AVAILABLE}
2019-10-07 08:13:22,682 [main] INFO  handler.ContextHandler (ContextHandler.java:doStart(781)) - Started o.e.j.w.WebAppContext@4af46df3{/,file:///workdir/hadoop-ozone/integration-test/target/test-classes/webapps/ozoneManager/,AVAILABLE}{/ozoneManager}
2019-10-07 08:13:22,683 [main] INFO  server.AbstractConnector (AbstractConnector.java:doStart(278)) - Started ServerConnector@4158debd{HTTP/1.1,[http/1.1]}{0.0.0.0:39391}
2019-10-07 08:13:22,684 [main] INFO  server.Server (Server.java:doStart(419)) - Started @4918ms
2019-10-07 08:13:22,685 [main] WARN  impl.MetricsSystemImpl (MetricsSystemImpl.java:register(276)) - Sink prometheus already exists!
2019-10-07 08:13:22,686 [main] INFO  server.BaseHttpServer (BaseHttpServer.java:updateConnectorAddress(215)) - HTTP server of OZONEMANAGER is listening at http://0.0.0.0:39391
2019-10-07 08:13:23,041 [main] INFO  impl.MetricsSystemImpl (MetricsSystemImpl.java:init(158)) - HddsDatanode metrics system started (again)
2019-10-07 08:13:23,093 [main] INFO  ozone.HddsDatanodeService (HddsDatanodeService.java:start(184)) - HddsDatanodeService host:pr-hdds-2239-kl4xt-1424884434 ip:192.168.164.251
2019-10-07 08:13:23,127 [main] INFO  volume.HddsVolume (HddsVolume.java:<init>(176)) - Creating Volume: /workdir/hadoop-ozone/integration-test/target/test-dir/MiniOzoneClusterImpl-5b4a58c5-9c69-4384-bc29-0c75166a3d4d/datanode-0/data/containers/hdds of  storage type : DISK and capacity : 1482555576320
2019-10-07 08:13:23,130 [main] INFO  volume.VolumeSet (VolumeSet.java:initializeVolumeSet(170)) - Added Volume : /workdir/hadoop-ozone/integration-test/target/test-dir/MiniOzoneClusterImpl-5b4a58c5-9c69-4384-bc29-0c75166a3d4d/datanode-0/data/containers/hdds to VolumeSet
2019-10-07 08:13:23,134 [main] INFO  volume.ThrottledAsyncChecker (ThrottledAsyncChecker.java:schedule(139)) - Scheduling a check for org.apache.hadoop.ozone.container.common.volume.HddsVolume@787f32b7
2019-10-07 08:13:23,153 [main] INFO  volume.HddsVolumeChecker (HddsVolumeChecker.java:checkAllVolumes(202)) - Scheduled health check for volume org.apache.hadoop.ozone.container.common.volume.HddsVolume@787f32b7
2019-10-07 08:13:23,272 [main] INFO  impl.RaftServerProxy (ConfUtils.java:logGet(43)) - raft.rpc.type = GRPC (default)
2019-10-07 08:13:23,340 [main] INFO  grpc.GrpcFactory (GrpcFactory.java:checkPooledByteBufAllocatorUseCacheForAllThreads(45)) - PERFORMANCE WARNING: useCacheForAllThreads is true that may cause Netty to create a lot garbage objects and, as a result, trigger GC.
	It is recommended to disable useCacheForAllThreads by setting -Dorg.apache.ratis.thirdparty.io.netty.allocator.useCacheForAllThreads=false in command line.
2019-10-07 08:13:23,345 [main] INFO  grpc.GrpcConfigKeys$Server (ConfUtils.java:logGet(43)) - raft.grpc.server.port = 0 (default)
2019-10-07 08:13:23,346 [main] INFO  server.GrpcService (ConfUtils.java:logGet(43)) - raft.grpc.message.size.max = 33570816 (custom)
2019-10-07 08:13:23,348 [main] INFO  server.RaftServerConfigKeys (ConfUtils.java:logGet(43)) - raft.server.log.appender.buffer.byte-limit = 33554432 (custom)
2019-10-07 08:13:23,348 [main] INFO  server.GrpcService (ConfUtils.java:logGet(43)) - raft.grpc.flow.control.window = 1MB (=1048576) (default)
2019-10-07 08:13:23,349 [main] INFO  server.RaftServerConfigKeys (ConfUtils.java:logGet(43)) - raft.server.rpc.request.timeout = 3000ms (default)
2019-10-07 08:13:23,525 [main] INFO  server.RaftServerConfigKeys (ConfUtils.java:logGet(43)) - raft.server.storage.dir = [/workdir/hadoop-ozone/integration-test/target/test-dir/MiniOzoneClusterImpl-5b4a58c5-9c69-4384-bc29-0c75166a3d4d/datanode-0/data/ratis] (custom)
2019-10-07 08:13:23,578 [main] INFO  hdfs.DFSUtil (DFSUtil.java:httpServerTemplateForNNAndJN(1641)) - Starting Web-server for hddsDatanode at: http://0.0.0.0:0
2019-10-07 08:13:23,580 [main] INFO  server.AuthenticationFilter (AuthenticationFilter.java:constructSecretProvider(240)) - Unable to initialize FileSignerSecretProvider, falling back to use random secrets.
2019-10-07 08:13:23,581 [main] WARN  http.HttpRequestLog (HttpRequestLog.java:getRequestLog(97)) - Jetty request log can only be enabled using Log4j
2019-10-07 08:13:23,583 [main] INFO  http.HttpServer2 (HttpServer2.java:addGlobalFilter(975)) - Added global filter 'safety' (class=org.apache.hadoop.http.HttpServer2$QuotingInputFilter)
2019-10-07 08:13:23,583 [main] INFO  http.HttpServer2 (HttpServer2.java:addFilter(948)) - Added filter static_user_filter (class=org.apache.hadoop.http.lib.StaticUserWebFilter$StaticUserFilter) to context hddsDatanode
2019-10-07 08:13:23,583 [main] INFO  http.HttpServer2 (HttpServer2.java:addFilter(958)) - Added filter static_user_filter (class=org.apache.hadoop.http.lib.StaticUserWebFilter$StaticUserFilter) to context logs
2019-10-07 08:13:23,584 [main] INFO  http.HttpServer2 (HttpServer2.java:addFilter(958)) - Added filter static_user_filter (class=org.apache.hadoop.http.lib.StaticUserWebFilter$StaticUserFilter) to context static
2019-10-07 08:13:23,585 [main] INFO  http.HttpServer2 (HttpServer2.java:bindListener(1191)) - Jetty bound to port 37898
2019-10-07 08:13:23,585 [main] INFO  server.Server (Server.java:doStart(351)) - jetty-9.3.25.v20180904, build timestamp: 2018-09-04T21:11:46Z, git hash: 3ce520221d0240229c862b122d2b06c12a625732
2019-10-07 08:13:23,587 [main] INFO  handler.ContextHandler (ContextHandler.java:doStart(781)) - Started o.e.j.s.ServletContextHandler@70228253{/logs,file:///workdir/hadoop-ozone/integration-test/target/log,AVAILABLE}
2019-10-07 08:13:23,588 [main] INFO  handler.ContextHandler (ContextHandler.java:doStart(781)) - Started o.e.j.s.ServletContextHandler@21bd20ee{/static,jar:file:/home/user/.m2/repository/org/apache/hadoop/hadoop-hdds-container-service/0.5.0-SNAPSHOT/hadoop-hdds-container-service-0.5.0-SNAPSHOT.jar!/webapps/static,AVAILABLE}
2019-10-07 08:13:23,622 [main] INFO  handler.ContextHandler (ContextHandler.java:doStart(781)) - Started o.e.j.w.WebAppContext@3804a9a8{/,file:///tmp/jetty-0.0.0.0-37898-hddsDatanode-_-any-4531935468654527021.dir/webapp/,AVAILABLE}{/hddsDatanode}
2019-10-07 08:13:23,623 [main] INFO  server.AbstractConnector (AbstractConnector.java:doStart(278)) - Started ServerConnector@117525fe{HTTP/1.1,[http/1.1]}{0.0.0.0:37898}
2019-10-07 08:13:23,623 [main] INFO  server.Server (Server.java:doStart(419)) - Started @5857ms
2019-10-07 08:13:23,624 [main] WARN  impl.MetricsSystemImpl (MetricsSystemImpl.java:register(276)) - Sink prometheus already exists!
2019-10-07 08:13:23,624 [main] INFO  server.BaseHttpServer (BaseHttpServer.java:updateConnectorAddress(215)) - HTTP server of HDDSDATANODE is listening at http://0.0.0.0:37898
2019-10-07 08:13:23,625 [main] INFO  impl.MetricsSystemImpl (MetricsSystemImpl.java:init(158)) - HddsDatanode metrics system started (again)
2019-10-07 08:13:23,628 [main] INFO  ozone.HddsDatanodeService (HddsDatanodeService.java:start(184)) - HddsDatanodeService host:pr-hdds-2239-kl4xt-1424884434 ip:192.168.164.251
2019-10-07 08:13:23,631 [org.apache.hadoop.util.JvmPauseMonitor$Monitor@3f59c7be] INFO  util.JvmPauseMonitor (JvmPauseMonitor.java:run(188)) - Starting JVM pause monitor
2019-10-07 08:13:23,637 [main] INFO  volume.HddsVolume (HddsVolume.java:<init>(176)) - Creating Volume: /workdir/hadoop-ozone/integration-test/target/test-dir/MiniOzoneClusterImpl-5b4a58c5-9c69-4384-bc29-0c75166a3d4d/datanode-1/data/containers/hdds of  storage type : DISK and capacity : 1482555576320
2019-10-07 08:13:23,637 [main] INFO  volume.VolumeSet (VolumeSet.java:initializeVolumeSet(170)) - Added Volume : /workdir/hadoop-ozone/integration-test/target/test-dir/MiniOzoneClusterImpl-5b4a58c5-9c69-4384-bc29-0c75166a3d4d/datanode-1/data/containers/hdds to VolumeSet
2019-10-07 08:13:23,638 [main] INFO  volume.ThrottledAsyncChecker (ThrottledAsyncChecker.java:schedule(139)) - Scheduling a check for org.apache.hadoop.ozone.container.common.volume.HddsVolume@1e7ab390
2019-10-07 08:13:23,639 [main] INFO  volume.HddsVolumeChecker (HddsVolumeChecker.java:checkAllVolumes(202)) - Scheduled health check for volume org.apache.hadoop.ozone.container.common.volume.HddsVolume@1e7ab390
2019-10-07 08:13:23,652 [main] INFO  impl.RaftServerProxy (ConfUtils.java:logGet(43)) - raft.rpc.type = GRPC (default)
2019-10-07 08:13:23,652 [main] INFO  grpc.GrpcFactory (GrpcFactory.java:checkPooledByteBufAllocatorUseCacheForAllThreads(45)) - PERFORMANCE WARNING: useCacheForAllThreads is true that may cause Netty to create a lot garbage objects and, as a result, trigger GC.
	It is recommended to disable useCacheForAllThreads by setting -Dorg.apache.ratis.thirdparty.io.netty.allocator.useCacheForAllThreads=false in command line.
2019-10-07 08:13:23,652 [main] INFO  grpc.GrpcConfigKeys$Server (ConfUtils.java:logGet(43)) - raft.grpc.server.port = 0 (default)
2019-10-07 08:13:23,653 [main] INFO  server.GrpcService (ConfUtils.java:logGet(43)) - raft.grpc.message.size.max = 33570816 (custom)
2019-10-07 08:13:23,653 [main] INFO  server.RaftServerConfigKeys (ConfUtils.java:logGet(43)) - raft.server.log.appender.buffer.byte-limit = 33554432 (custom)
2019-10-07 08:13:23,653 [main] INFO  server.GrpcService (ConfUtils.java:logGet(43)) - raft.grpc.flow.control.window = 1MB (=1048576) (default)
2019-10-07 08:13:23,653 [main] INFO  server.RaftServerConfigKeys (ConfUtils.java:logGet(43)) - raft.server.rpc.request.timeout = 3000ms (default)
2019-10-07 08:13:23,654 [main] INFO  server.RaftServerConfigKeys (ConfUtils.java:logGet(43)) - raft.server.storage.dir = [/workdir/hadoop-ozone/integration-test/target/test-dir/MiniOzoneClusterImpl-5b4a58c5-9c69-4384-bc29-0c75166a3d4d/datanode-1/data/ratis] (custom)
2019-10-07 08:13:23,656 [main] INFO  hdfs.DFSUtil (DFSUtil.java:httpServerTemplateForNNAndJN(1641)) - Starting Web-server for hddsDatanode at: http://0.0.0.0:0
2019-10-07 08:13:23,657 [main] INFO  server.AuthenticationFilter (AuthenticationFilter.java:constructSecretProvider(240)) - Unable to initialize FileSignerSecretProvider, falling back to use random secrets.
2019-10-07 08:13:23,658 [main] WARN  http.HttpRequestLog (HttpRequestLog.java:getRequestLog(97)) - Jetty request log can only be enabled using Log4j
2019-10-07 08:13:23,660 [main] INFO  http.HttpServer2 (HttpServer2.java:addGlobalFilter(975)) - Added global filter 'safety' (class=org.apache.hadoop.http.HttpServer2$QuotingInputFilter)
2019-10-07 08:13:23,661 [main] INFO  http.HttpServer2 (HttpServer2.java:addFilter(948)) - Added filter static_user_filter (class=org.apache.hadoop.http.lib.StaticUserWebFilter$StaticUserFilter) to context hddsDatanode
2019-10-07 08:13:23,661 [main] INFO  http.HttpServer2 (HttpServer2.java:addFilter(958)) - Added filter static_user_filter (class=org.apache.hadoop.http.lib.StaticUserWebFilter$StaticUserFilter) to context logs
2019-10-07 08:13:23,662 [main] INFO  http.HttpServer2 (HttpServer2.java:addFilter(958)) - Added filter static_user_filter (class=org.apache.hadoop.http.lib.StaticUserWebFilter$StaticUserFilter) to context static
2019-10-07 08:13:23,663 [main] INFO  http.HttpServer2 (HttpServer2.java:bindListener(1191)) - Jetty bound to port 41685
2019-10-07 08:13:23,663 [main] INFO  server.Server (Server.java:doStart(351)) - jetty-9.3.25.v20180904, build timestamp: 2018-09-04T21:11:46Z, git hash: 3ce520221d0240229c862b122d2b06c12a625732
2019-10-07 08:13:23,667 [main] INFO  handler.ContextHandler (ContextHandler.java:doStart(781)) - Started o.e.j.s.ServletContextHandler@3ee0b4f7{/logs,file:///workdir/hadoop-ozone/integration-test/target/log,AVAILABLE}
2019-10-07 08:13:23,668 [main] INFO  handler.ContextHandler (ContextHandler.java:doStart(781)) - Started o.e.j.s.ServletContextHandler@4d41ba0f{/static,jar:file:/home/user/.m2/repository/org/apache/hadoop/hadoop-hdds-container-service/0.5.0-SNAPSHOT/hadoop-hdds-container-service-0.5.0-SNAPSHOT.jar!/webapps/static,AVAILABLE}
2019-10-07 08:13:23,707 [main] INFO  handler.ContextHandler (ContextHandler.java:doStart(781)) - Started o.e.j.w.WebAppContext@7baf1f5a{/,file:///tmp/jetty-0.0.0.0-41685-hddsDatanode-_-any-4502862925146225924.dir/webapp/,AVAILABLE}{/hddsDatanode}
2019-10-07 08:13:23,708 [main] INFO  server.AbstractConnector (AbstractConnector.java:doStart(278)) - Started ServerConnector@6cc86152{HTTP/1.1,[http/1.1]}{0.0.0.0:41685}
2019-10-07 08:13:23,709 [main] INFO  server.Server (Server.java:doStart(419)) - Started @5943ms
2019-10-07 08:13:23,710 [main] WARN  impl.MetricsSystemImpl (MetricsSystemImpl.java:register(276)) - Sink prometheus already exists!
2019-10-07 08:13:23,710 [main] INFO  server.BaseHttpServer (BaseHttpServer.java:updateConnectorAddress(215)) - HTTP server of HDDSDATANODE is listening at http://0.0.0.0:41685
2019-10-07 08:13:23,711 [main] INFO  impl.MetricsSystemImpl (MetricsSystemImpl.java:init(158)) - HddsDatanode metrics system started (again)
2019-10-07 08:13:23,713 [org.apache.hadoop.util.JvmPauseMonitor$Monitor@4ac1b74d] INFO  util.JvmPauseMonitor (JvmPauseMonitor.java:run(188)) - Starting JVM pause monitor
2019-10-07 08:13:23,713 [main] INFO  ozone.HddsDatanodeService (HddsDatanodeService.java:start(184)) - HddsDatanodeService host:pr-hdds-2239-kl4xt-1424884434 ip:192.168.164.251
2019-10-07 08:13:23,720 [main] INFO  volume.HddsVolume (HddsVolume.java:<init>(176)) - Creating Volume: /workdir/hadoop-ozone/integration-test/target/test-dir/MiniOzoneClusterImpl-5b4a58c5-9c69-4384-bc29-0c75166a3d4d/datanode-2/data/containers/hdds of  storage type : DISK and capacity : 1482555576320
2019-10-07 08:13:23,721 [main] INFO  volume.VolumeSet (VolumeSet.java:initializeVolumeSet(170)) - Added Volume : /workdir/hadoop-ozone/integration-test/target/test-dir/MiniOzoneClusterImpl-5b4a58c5-9c69-4384-bc29-0c75166a3d4d/datanode-2/data/containers/hdds to VolumeSet
2019-10-07 08:13:23,721 [main] INFO  volume.ThrottledAsyncChecker (ThrottledAsyncChecker.java:schedule(139)) - Scheduling a check for org.apache.hadoop.ozone.container.common.volume.HddsVolume@44536de4
2019-10-07 08:13:23,722 [main] INFO  volume.HddsVolumeChecker (HddsVolumeChecker.java:checkAllVolumes(202)) - Scheduled health check for volume org.apache.hadoop.ozone.container.common.volume.HddsVolume@44536de4
2019-10-07 08:13:23,735 [main] INFO  impl.RaftServerProxy (ConfUtils.java:logGet(43)) - raft.rpc.type = GRPC (default)
2019-10-07 08:13:23,736 [main] INFO  grpc.GrpcFactory (GrpcFactory.java:checkPooledByteBufAllocatorUseCacheForAllThreads(45)) - PERFORMANCE WARNING: useCacheForAllThreads is true that may cause Netty to create a lot garbage objects and, as a result, trigger GC.
	It is recommended to disable useCacheForAllThreads by setting -Dorg.apache.ratis.thirdparty.io.netty.allocator.useCacheForAllThreads=false in command line.
2019-10-07 08:13:23,736 [main] INFO  grpc.GrpcConfigKeys$Server (ConfUtils.java:logGet(43)) - raft.grpc.server.port = 0 (default)
2019-10-07 08:13:23,736 [main] INFO  server.GrpcService (ConfUtils.java:logGet(43)) - raft.grpc.message.size.max = 33570816 (custom)
2019-10-07 08:13:23,737 [main] INFO  server.RaftServerConfigKeys (ConfUtils.java:logGet(43)) - raft.server.log.appender.buffer.byte-limit = 33554432 (custom)
2019-10-07 08:13:23,737 [main] INFO  server.GrpcService (ConfUtils.java:logGet(43)) - raft.grpc.flow.control.window = 1MB (=1048576) (default)
2019-10-07 08:13:23,737 [main] INFO  server.RaftServerConfigKeys (ConfUtils.java:logGet(43)) - raft.server.rpc.request.timeout = 3000ms (default)
2019-10-07 08:13:23,738 [main] INFO  server.RaftServerConfigKeys (ConfUtils.java:logGet(43)) - raft.server.storage.dir = [/workdir/hadoop-ozone/integration-test/target/test-dir/MiniOzoneClusterImpl-5b4a58c5-9c69-4384-bc29-0c75166a3d4d/datanode-2/data/ratis] (custom)
2019-10-07 08:13:23,739 [main] INFO  hdfs.DFSUtil (DFSUtil.java:httpServerTemplateForNNAndJN(1641)) - Starting Web-server for hddsDatanode at: http://0.0.0.0:0
2019-10-07 08:13:23,741 [main] INFO  server.AuthenticationFilter (AuthenticationFilter.java:constructSecretProvider(240)) - Unable to initialize FileSignerSecretProvider, falling back to use random secrets.
2019-10-07 08:13:23,741 [main] WARN  http.HttpRequestLog (HttpRequestLog.java:getRequestLog(97)) - Jetty request log can only be enabled using Log4j
2019-10-07 08:13:23,743 [main] INFO  http.HttpServer2 (HttpServer2.java:addGlobalFilter(975)) - Added global filter 'safety' (class=org.apache.hadoop.http.HttpServer2$QuotingInputFilter)
2019-10-07 08:13:23,743 [main] INFO  http.HttpServer2 (HttpServer2.java:addFilter(948)) - Added filter static_user_filter (class=org.apache.hadoop.http.lib.StaticUserWebFilter$StaticUserFilter) to context hddsDatanode
2019-10-07 08:13:23,743 [main] INFO  http.HttpServer2 (HttpServer2.java:addFilter(958)) - Added filter static_user_filter (class=org.apache.hadoop.http.lib.StaticUserWebFilter$StaticUserFilter) to context logs
2019-10-07 08:13:23,744 [main] INFO  http.HttpServer2 (HttpServer2.java:addFilter(958)) - Added filter static_user_filter (class=org.apache.hadoop.http.lib.StaticUserWebFilter$StaticUserFilter) to context static
2019-10-07 08:13:23,744 [main] INFO  http.HttpServer2 (HttpServer2.java:bindListener(1191)) - Jetty bound to port 39634
2019-10-07 08:13:23,744 [main] INFO  server.Server (Server.java:doStart(351)) - jetty-9.3.25.v20180904, build timestamp: 2018-09-04T21:11:46Z, git hash: 3ce520221d0240229c862b122d2b06c12a625732
2019-10-07 08:13:23,746 [main] INFO  handler.ContextHandler (ContextHandler.java:doStart(781)) - Started o.e.j.s.ServletContextHandler@733aa9d8{/logs,file:///workdir/hadoop-ozone/integration-test/target/log,AVAILABLE}
2019-10-07 08:13:23,749 [main] INFO  handler.ContextHandler (ContextHandler.java:doStart(781)) - Started o.e.j.s.ServletContextHandler@2b680207{/static,jar:file:/home/user/.m2/repository/org/apache/hadoop/hadoop-hdds-container-service/0.5.0-SNAPSHOT/hadoop-hdds-container-service-0.5.0-SNAPSHOT.jar!/webapps/static,AVAILABLE}
2019-10-07 08:13:23,752 [Datanode State Machine Thread - 0] INFO  datanode.InitDatanodeState (InitDatanodeState.java:persistContainerDatanodeDetails(140)) - DatanodeDetails is persisted to /workdir/hadoop-ozone/integration-test/target/test-dir/MiniOzoneClusterImpl-5b4a58c5-9c69-4384-bc29-0c75166a3d4d/datanode-0/meta/datanode.id
2019-10-07 08:13:23,756 [Datanode State Machine Thread - 0] INFO  datanode.InitDatanodeState (InitDatanodeState.java:persistContainerDatanodeDetails(140)) - DatanodeDetails is persisted to /workdir/hadoop-ozone/integration-test/target/test-dir/MiniOzoneClusterImpl-5b4a58c5-9c69-4384-bc29-0c75166a3d4d/datanode-1/meta/datanode.id
2019-10-07 08:13:23,782 [main] INFO  handler.ContextHandler (ContextHandler.java:doStart(781)) - Started o.e.j.w.WebAppContext@4613311f{/,file:///tmp/jetty-0.0.0.0-39634-hddsDatanode-_-any-4392601649425213087.dir/webapp/,AVAILABLE}{/hddsDatanode}
2019-10-07 08:13:23,783 [main] INFO  server.AbstractConnector (AbstractConnector.java:doStart(278)) - Started ServerConnector@6540cf1d{HTTP/1.1,[http/1.1]}{0.0.0.0:39634}
2019-10-07 08:13:23,784 [main] INFO  server.Server (Server.java:doStart(419)) - Started @6018ms
2019-10-07 08:13:23,784 [main] WARN  impl.MetricsSystemImpl (MetricsSystemImpl.java:register(276)) - Sink prometheus already exists!
2019-10-07 08:13:23,785 [main] INFO  server.BaseHttpServer (BaseHttpServer.java:updateConnectorAddress(215)) - HTTP server of HDDSDATANODE is listening at http://0.0.0.0:39634
2019-10-07 08:13:23,785 [main] INFO  impl.MetricsSystemImpl (MetricsSystemImpl.java:init(158)) - HddsDatanode metrics system started (again)
2019-10-07 08:13:23,787 [main] INFO  ozone.HddsDatanodeService (HddsDatanodeService.java:start(184)) - HddsDatanodeService host:pr-hdds-2239-kl4xt-1424884434 ip:192.168.164.251
2019-10-07 08:13:23,787 [org.apache.hadoop.util.JvmPauseMonitor$Monitor@1adcdf98] INFO  util.JvmPauseMonitor (JvmPauseMonitor.java:run(188)) - Starting JVM pause monitor
2019-10-07 08:13:23,791 [Datanode State Machine Thread - 0] INFO  datanode.InitDatanodeState (InitDatanodeState.java:persistContainerDatanodeDetails(140)) - DatanodeDetails is persisted to /workdir/hadoop-ozone/integration-test/target/test-dir/MiniOzoneClusterImpl-5b4a58c5-9c69-4384-bc29-0c75166a3d4d/datanode-2/meta/datanode.id
2019-10-07 08:13:23,795 [main] INFO  volume.HddsVolume (HddsVolume.java:<init>(176)) - Creating Volume: /workdir/hadoop-ozone/integration-test/target/test-dir/MiniOzoneClusterImpl-5b4a58c5-9c69-4384-bc29-0c75166a3d4d/datanode-3/data/containers/hdds of  storage type : DISK and capacity : 1482555576320
2019-10-07 08:13:23,796 [main] INFO  volume.VolumeSet (VolumeSet.java:initializeVolumeSet(170)) - Added Volume : /workdir/hadoop-ozone/integration-test/target/test-dir/MiniOzoneClusterImpl-5b4a58c5-9c69-4384-bc29-0c75166a3d4d/datanode-3/data/containers/hdds to VolumeSet
2019-10-07 08:13:23,796 [main] INFO  volume.ThrottledAsyncChecker (ThrottledAsyncChecker.java:schedule(139)) - Scheduling a check for org.apache.hadoop.ozone.container.common.volume.HddsVolume@27d33393
2019-10-07 08:13:23,796 [main] INFO  volume.HddsVolumeChecker (HddsVolumeChecker.java:checkAllVolumes(202)) - Scheduled health check for volume org.apache.hadoop.ozone.container.common.volume.HddsVolume@27d33393
2019-10-07 08:13:23,810 [main] INFO  impl.RaftServerProxy (ConfUtils.java:logGet(43)) - raft.rpc.type = GRPC (default)
2019-10-07 08:13:23,810 [main] INFO  grpc.GrpcFactory (GrpcFactory.java:checkPooledByteBufAllocatorUseCacheForAllThreads(45)) - PERFORMANCE WARNING: useCacheForAllThreads is true that may cause Netty to create a lot garbage objects and, as a result, trigger GC.
	It is recommended to disable useCacheForAllThreads by setting -Dorg.apache.ratis.thirdparty.io.netty.allocator.useCacheForAllThreads=false in command line.
2019-10-07 08:13:23,810 [main] INFO  grpc.GrpcConfigKeys$Server (ConfUtils.java:logGet(43)) - raft.grpc.server.port = 0 (default)
2019-10-07 08:13:23,810 [main] INFO  server.GrpcService (ConfUtils.java:logGet(43)) - raft.grpc.message.size.max = 33570816 (custom)
2019-10-07 08:13:23,811 [main] INFO  server.RaftServerConfigKeys (ConfUtils.java:logGet(43)) - raft.server.log.appender.buffer.byte-limit = 33554432 (custom)
2019-10-07 08:13:23,811 [main] INFO  server.GrpcService (ConfUtils.java:logGet(43)) - raft.grpc.flow.control.window = 1MB (=1048576) (default)
2019-10-07 08:13:23,811 [main] INFO  server.RaftServerConfigKeys (ConfUtils.java:logGet(43)) - raft.server.rpc.request.timeout = 3000ms (default)
2019-10-07 08:13:23,812 [main] INFO  server.RaftServerConfigKeys (ConfUtils.java:logGet(43)) - raft.server.storage.dir = [/workdir/hadoop-ozone/integration-test/target/test-dir/MiniOzoneClusterImpl-5b4a58c5-9c69-4384-bc29-0c75166a3d4d/datanode-3/data/ratis] (custom)
2019-10-07 08:13:23,813 [main] INFO  hdfs.DFSUtil (DFSUtil.java:httpServerTemplateForNNAndJN(1641)) - Starting Web-server for hddsDatanode at: http://0.0.0.0:0
2019-10-07 08:13:23,815 [main] INFO  server.AuthenticationFilter (AuthenticationFilter.java:constructSecretProvider(240)) - Unable to initialize FileSignerSecretProvider, falling back to use random secrets.
2019-10-07 08:13:23,815 [main] WARN  http.HttpRequestLog (HttpRequestLog.java:getRequestLog(97)) - Jetty request log can only be enabled using Log4j
2019-10-07 08:13:23,816 [main] INFO  http.HttpServer2 (HttpServer2.java:addGlobalFilter(975)) - Added global filter 'safety' (class=org.apache.hadoop.http.HttpServer2$QuotingInputFilter)
2019-10-07 08:13:23,817 [main] INFO  http.HttpServer2 (HttpServer2.java:addFilter(948)) - Added filter static_user_filter (class=org.apache.hadoop.http.lib.StaticUserWebFilter$StaticUserFilter) to context hddsDatanode
2019-10-07 08:13:23,817 [main] INFO  http.HttpServer2 (HttpServer2.java:addFilter(958)) - Added filter static_user_filter (class=org.apache.hadoop.http.lib.StaticUserWebFilter$StaticUserFilter) to context static
2019-10-07 08:13:23,817 [main] INFO  http.HttpServer2 (HttpServer2.java:addFilter(958)) - Added filter static_user_filter (class=org.apache.hadoop.http.lib.StaticUserWebFilter$StaticUserFilter) to context logs
2019-10-07 08:13:23,818 [main] INFO  http.HttpServer2 (HttpServer2.java:bindListener(1191)) - Jetty bound to port 42229
2019-10-07 08:13:23,818 [main] INFO  server.Server (Server.java:doStart(351)) - jetty-9.3.25.v20180904, build timestamp: 2018-09-04T21:11:46Z, git hash: 3ce520221d0240229c862b122d2b06c12a625732
2019-10-07 08:13:23,822 [main] INFO  handler.ContextHandler (ContextHandler.java:doStart(781)) - Started o.e.j.s.ServletContextHandler@119aa36{/logs,file:///workdir/hadoop-ozone/integration-test/target/log,AVAILABLE}
2019-10-07 08:13:23,822 [main] INFO  handler.ContextHandler (ContextHandler.java:doStart(781)) - Started o.e.j.s.ServletContextHandler@69fe0ed4{/static,jar:file:/home/user/.m2/repository/org/apache/hadoop/hadoop-hdds-container-service/0.5.0-SNAPSHOT/hadoop-hdds-container-service-0.5.0-SNAPSHOT.jar!/webapps/static,AVAILABLE}
2019-10-07 08:13:23,856 [main] INFO  handler.ContextHandler (ContextHandler.java:doStart(781)) - Started o.e.j.w.WebAppContext@748d2277{/,file:///tmp/jetty-0.0.0.0-42229-hddsDatanode-_-any-3414432589585769252.dir/webapp/,AVAILABLE}{/hddsDatanode}
2019-10-07 08:13:23,857 [main] INFO  server.AbstractConnector (AbstractConnector.java:doStart(278)) - Started ServerConnector@2f897dab{HTTP/1.1,[http/1.1]}{0.0.0.0:42229}
2019-10-07 08:13:23,858 [main] INFO  server.Server (Server.java:doStart(419)) - Started @6092ms
2019-10-07 08:13:23,859 [main] WARN  impl.MetricsSystemImpl (MetricsSystemImpl.java:register(276)) - Sink prometheus already exists!
2019-10-07 08:13:23,860 [main] INFO  server.BaseHttpServer (BaseHttpServer.java:updateConnectorAddress(215)) - HTTP server of HDDSDATANODE is listening at http://0.0.0.0:42229
2019-10-07 08:13:23,860 [main] INFO  impl.MetricsSystemImpl (MetricsSystemImpl.java:init(158)) - HddsDatanode metrics system started (again)
2019-10-07 08:13:23,863 [org.apache.hadoop.util.JvmPauseMonitor$Monitor@7ea3360e] INFO  util.JvmPauseMonitor (JvmPauseMonitor.java:run(188)) - Starting JVM pause monitor
2019-10-07 08:13:23,863 [main] INFO  ozone.HddsDatanodeService (HddsDatanodeService.java:start(184)) - HddsDatanodeService host:pr-hdds-2239-kl4xt-1424884434 ip:192.168.164.251
2019-10-07 08:13:23,866 [Datanode State Machine Thread - 0] INFO  datanode.InitDatanodeState (InitDatanodeState.java:persistContainerDatanodeDetails(140)) - DatanodeDetails is persisted to /workdir/hadoop-ozone/integration-test/target/test-dir/MiniOzoneClusterImpl-5b4a58c5-9c69-4384-bc29-0c75166a3d4d/datanode-3/meta/datanode.id
2019-10-07 08:13:23,872 [main] INFO  volume.HddsVolume (HddsVolume.java:<init>(176)) - Creating Volume: /workdir/hadoop-ozone/integration-test/target/test-dir/MiniOzoneClusterImpl-5b4a58c5-9c69-4384-bc29-0c75166a3d4d/datanode-4/data/containers/hdds of  storage type : DISK and capacity : 1482555576320
2019-10-07 08:13:23,873 [main] INFO  volume.VolumeSet (VolumeSet.java:initializeVolumeSet(170)) - Added Volume : /workdir/hadoop-ozone/integration-test/target/test-dir/MiniOzoneClusterImpl-5b4a58c5-9c69-4384-bc29-0c75166a3d4d/datanode-4/data/containers/hdds to VolumeSet
2019-10-07 08:13:23,873 [main] INFO  volume.ThrottledAsyncChecker (ThrottledAsyncChecker.java:schedule(139)) - Scheduling a check for org.apache.hadoop.ozone.container.common.volume.HddsVolume@561b7d53
2019-10-07 08:13:23,873 [main] INFO  volume.HddsVolumeChecker (HddsVolumeChecker.java:checkAllVolumes(202)) - Scheduled health check for volume org.apache.hadoop.ozone.container.common.volume.HddsVolume@561b7d53
2019-10-07 08:13:23,887 [main] INFO  impl.RaftServerProxy (ConfUtils.java:logGet(43)) - raft.rpc.type = GRPC (default)
2019-10-07 08:13:23,888 [main] INFO  grpc.GrpcFactory (GrpcFactory.java:checkPooledByteBufAllocatorUseCacheForAllThreads(45)) - PERFORMANCE WARNING: useCacheForAllThreads is true that may cause Netty to create a lot garbage objects and, as a result, trigger GC.
	It is recommended to disable useCacheForAllThreads by setting -Dorg.apache.ratis.thirdparty.io.netty.allocator.useCacheForAllThreads=false in command line.
2019-10-07 08:13:23,888 [main] INFO  grpc.GrpcConfigKeys$Server (ConfUtils.java:logGet(43)) - raft.grpc.server.port = 0 (default)
2019-10-07 08:13:23,888 [main] INFO  server.GrpcService (ConfUtils.java:logGet(43)) - raft.grpc.message.size.max = 33570816 (custom)
2019-10-07 08:13:23,888 [main] INFO  server.RaftServerConfigKeys (ConfUtils.java:logGet(43)) - raft.server.log.appender.buffer.byte-limit = 33554432 (custom)
2019-10-07 08:13:23,888 [main] INFO  server.GrpcService (ConfUtils.java:logGet(43)) - raft.grpc.flow.control.window = 1MB (=1048576) (default)
2019-10-07 08:13:23,889 [main] INFO  server.RaftServerConfigKeys (ConfUtils.java:logGet(43)) - raft.server.rpc.request.timeout = 3000ms (default)
2019-10-07 08:13:23,889 [main] INFO  server.RaftServerConfigKeys (ConfUtils.java:logGet(43)) - raft.server.storage.dir = [/workdir/hadoop-ozone/integration-test/target/test-dir/MiniOzoneClusterImpl-5b4a58c5-9c69-4384-bc29-0c75166a3d4d/datanode-4/data/ratis] (custom)
2019-10-07 08:13:23,891 [main] INFO  hdfs.DFSUtil (DFSUtil.java:httpServerTemplateForNNAndJN(1641)) - Starting Web-server for hddsDatanode at: http://0.0.0.0:0
2019-10-07 08:13:23,892 [main] INFO  server.AuthenticationFilter (AuthenticationFilter.java:constructSecretProvider(240)) - Unable to initialize FileSignerSecretProvider, falling back to use random secrets.
2019-10-07 08:13:23,893 [main] WARN  http.HttpRequestLog (HttpRequestLog.java:getRequestLog(97)) - Jetty request log can only be enabled using Log4j
2019-10-07 08:13:23,894 [main] INFO  http.HttpServer2 (HttpServer2.java:addGlobalFilter(975)) - Added global filter 'safety' (class=org.apache.hadoop.http.HttpServer2$QuotingInputFilter)
2019-10-07 08:13:23,895 [main] INFO  http.HttpServer2 (HttpServer2.java:addFilter(948)) - Added filter static_user_filter (class=org.apache.hadoop.http.lib.StaticUserWebFilter$StaticUserFilter) to context hddsDatanode
2019-10-07 08:13:23,895 [main] INFO  http.HttpServer2 (HttpServer2.java:addFilter(958)) - Added filter static_user_filter (class=org.apache.hadoop.http.lib.StaticUserWebFilter$StaticUserFilter) to context logs
2019-10-07 08:13:23,895 [main] INFO  http.HttpServer2 (HttpServer2.java:addFilter(958)) - Added filter static_user_filter (class=org.apache.hadoop.http.lib.StaticUserWebFilter$StaticUserFilter) to context static
2019-10-07 08:13:23,896 [main] INFO  http.HttpServer2 (HttpServer2.java:bindListener(1191)) - Jetty bound to port 41944
2019-10-07 08:13:23,896 [main] INFO  server.Server (Server.java:doStart(351)) - jetty-9.3.25.v20180904, build timestamp: 2018-09-04T21:11:46Z, git hash: 3ce520221d0240229c862b122d2b06c12a625732
2019-10-07 08:13:23,897 [main] INFO  handler.ContextHandler (ContextHandler.java:doStart(781)) - Started o.e.j.s.ServletContextHandler@75d982d3{/logs,file:///workdir/hadoop-ozone/integration-test/target/log,AVAILABLE}
2019-10-07 08:13:23,898 [main] INFO  handler.ContextHandler (ContextHandler.java:doStart(781)) - Started o.e.j.s.ServletContextHandler@618ff5c2{/static,jar:file:/home/user/.m2/repository/org/apache/hadoop/hadoop-hdds-container-service/0.5.0-SNAPSHOT/hadoop-hdds-container-service-0.5.0-SNAPSHOT.jar!/webapps/static,AVAILABLE}
2019-10-07 08:13:23,925 [main] INFO  handler.ContextHandler (ContextHandler.java:doStart(781)) - Started o.e.j.w.WebAppContext@6f911326{/,file:///tmp/jetty-0.0.0.0-41944-hddsDatanode-_-any-5026595815730887578.dir/webapp/,AVAILABLE}{/hddsDatanode}
2019-10-07 08:13:23,926 [main] INFO  server.AbstractConnector (AbstractConnector.java:doStart(278)) - Started ServerConnector@f1d0004{HTTP/1.1,[http/1.1]}{0.0.0.0:41944}
2019-10-07 08:13:23,927 [main] INFO  server.Server (Server.java:doStart(419)) - Started @6161ms
2019-10-07 08:13:23,927 [main] WARN  impl.MetricsSystemImpl (MetricsSystemImpl.java:register(276)) - Sink prometheus already exists!
2019-10-07 08:13:23,928 [main] INFO  server.BaseHttpServer (BaseHttpServer.java:updateConnectorAddress(215)) - HTTP server of HDDSDATANODE is listening at http://0.0.0.0:41944
2019-10-07 08:13:23,928 [main] INFO  impl.MetricsSystemImpl (MetricsSystemImpl.java:init(158)) - HddsDatanode metrics system started (again)
2019-10-07 08:13:23,931 [org.apache.hadoop.util.JvmPauseMonitor$Monitor@2fb6a46a] INFO  util.JvmPauseMonitor (JvmPauseMonitor.java:run(188)) - Starting JVM pause monitor
2019-10-07 08:13:23,932 [main] INFO  ozone.HddsDatanodeService (HddsDatanodeService.java:start(184)) - HddsDatanodeService host:pr-hdds-2239-kl4xt-1424884434 ip:192.168.164.251
2019-10-07 08:13:23,934 [Datanode State Machine Thread - 0] INFO  datanode.InitDatanodeState (InitDatanodeState.java:persistContainerDatanodeDetails(140)) - DatanodeDetails is persisted to /workdir/hadoop-ozone/integration-test/target/test-dir/MiniOzoneClusterImpl-5b4a58c5-9c69-4384-bc29-0c75166a3d4d/datanode-4/meta/datanode.id
2019-10-07 08:13:23,939 [main] INFO  volume.HddsVolume (HddsVolume.java:<init>(176)) - Creating Volume: /workdir/hadoop-ozone/integration-test/target/test-dir/MiniOzoneClusterImpl-5b4a58c5-9c69-4384-bc29-0c75166a3d4d/datanode-5/data/containers/hdds of  storage type : DISK and capacity : 1482555576320
2019-10-07 08:13:23,940 [main] INFO  volume.VolumeSet (VolumeSet.java:initializeVolumeSet(170)) - Added Volume : /workdir/hadoop-ozone/integration-test/target/test-dir/MiniOzoneClusterImpl-5b4a58c5-9c69-4384-bc29-0c75166a3d4d/datanode-5/data/containers/hdds to VolumeSet
2019-10-07 08:13:23,940 [main] INFO  volume.ThrottledAsyncChecker (ThrottledAsyncChecker.java:schedule(139)) - Scheduling a check for org.apache.hadoop.ozone.container.common.volume.HddsVolume@51d387d3
2019-10-07 08:13:23,940 [main] INFO  volume.HddsVolumeChecker (HddsVolumeChecker.java:checkAllVolumes(202)) - Scheduled health check for volume org.apache.hadoop.ozone.container.common.volume.HddsVolume@51d387d3
2019-10-07 08:13:23,956 [main] INFO  impl.RaftServerProxy (ConfUtils.java:logGet(43)) - raft.rpc.type = GRPC (default)
2019-10-07 08:13:23,957 [main] INFO  grpc.GrpcFactory (GrpcFactory.java:checkPooledByteBufAllocatorUseCacheForAllThreads(45)) - PERFORMANCE WARNING: useCacheForAllThreads is true that may cause Netty to create a lot garbage objects and, as a result, trigger GC.
	It is recommended to disable useCacheForAllThreads by setting -Dorg.apache.ratis.thirdparty.io.netty.allocator.useCacheForAllThreads=false in command line.
2019-10-07 08:13:23,957 [main] INFO  grpc.GrpcConfigKeys$Server (ConfUtils.java:logGet(43)) - raft.grpc.server.port = 0 (default)
2019-10-07 08:13:23,957 [main] INFO  server.GrpcService (ConfUtils.java:logGet(43)) - raft.grpc.message.size.max = 33570816 (custom)
2019-10-07 08:13:23,958 [main] INFO  server.RaftServerConfigKeys (ConfUtils.java:logGet(43)) - raft.server.log.appender.buffer.byte-limit = 33554432 (custom)
2019-10-07 08:13:23,958 [main] INFO  server.GrpcService (ConfUtils.java:logGet(43)) - raft.grpc.flow.control.window = 1MB (=1048576) (default)
2019-10-07 08:13:23,959 [main] INFO  server.RaftServerConfigKeys (ConfUtils.java:logGet(43)) - raft.server.rpc.request.timeout = 3000ms (default)
2019-10-07 08:13:23,959 [main] INFO  server.RaftServerConfigKeys (ConfUtils.java:logGet(43)) - raft.server.storage.dir = [/workdir/hadoop-ozone/integration-test/target/test-dir/MiniOzoneClusterImpl-5b4a58c5-9c69-4384-bc29-0c75166a3d4d/datanode-5/data/ratis] (custom)
2019-10-07 08:13:23,962 [main] INFO  hdfs.DFSUtil (DFSUtil.java:httpServerTemplateForNNAndJN(1641)) - Starting Web-server for hddsDatanode at: http://0.0.0.0:0
2019-10-07 08:13:23,963 [main] INFO  server.AuthenticationFilter (AuthenticationFilter.java:constructSecretProvider(240)) - Unable to initialize FileSignerSecretProvider, falling back to use random secrets.
2019-10-07 08:13:23,964 [main] WARN  http.HttpRequestLog (HttpRequestLog.java:getRequestLog(97)) - Jetty request log can only be enabled using Log4j
2019-10-07 08:13:23,966 [main] INFO  http.HttpServer2 (HttpServer2.java:addGlobalFilter(975)) - Added global filter 'safety' (class=org.apache.hadoop.http.HttpServer2$QuotingInputFilter)
2019-10-07 08:13:23,967 [main] INFO  http.HttpServer2 (HttpServer2.java:addFilter(948)) - Added filter static_user_filter (class=org.apache.hadoop.http.lib.StaticUserWebFilter$StaticUserFilter) to context hddsDatanode
2019-10-07 08:13:23,967 [main] INFO  http.HttpServer2 (HttpServer2.java:addFilter(958)) - Added filter static_user_filter (class=org.apache.hadoop.http.lib.StaticUserWebFilter$StaticUserFilter) to context logs
2019-10-07 08:13:23,967 [main] INFO  http.HttpServer2 (HttpServer2.java:addFilter(958)) - Added filter static_user_filter (class=org.apache.hadoop.http.lib.StaticUserWebFilter$StaticUserFilter) to context static
2019-10-07 08:13:23,968 [main] INFO  http.HttpServer2 (HttpServer2.java:bindListener(1191)) - Jetty bound to port 42723
2019-10-07 08:13:23,969 [main] INFO  server.Server (Server.java:doStart(351)) - jetty-9.3.25.v20180904, build timestamp: 2018-09-04T21:11:46Z, git hash: 3ce520221d0240229c862b122d2b06c12a625732
2019-10-07 08:13:23,971 [main] INFO  handler.ContextHandler (ContextHandler.java:doStart(781)) - Started o.e.j.s.ServletContextHandler@12d5c30e{/logs,file:///workdir/hadoop-ozone/integration-test/target/log,AVAILABLE}
2019-10-07 08:13:23,972 [main] INFO  handler.ContextHandler (ContextHandler.java:doStart(781)) - Started o.e.j.s.ServletContextHandler@26586b74{/static,jar:file:/home/user/.m2/repository/org/apache/hadoop/hadoop-hdds-container-service/0.5.0-SNAPSHOT/hadoop-hdds-container-service-0.5.0-SNAPSHOT.jar!/webapps/static,AVAILABLE}
2019-10-07 08:13:24,012 [main] INFO  handler.ContextHandler (ContextHandler.java:doStart(781)) - Started o.e.j.w.WebAppContext@ae2db25{/,file:///tmp/jetty-0.0.0.0-42723-hddsDatanode-_-any-251895113995032585.dir/webapp/,AVAILABLE}{/hddsDatanode}
2019-10-07 08:13:24,013 [main] INFO  server.AbstractConnector (AbstractConnector.java:doStart(278)) - Started ServerConnector@363c4251{HTTP/1.1,[http/1.1]}{0.0.0.0:42723}
2019-10-07 08:13:24,013 [main] INFO  server.Server (Server.java:doStart(419)) - Started @6247ms
2019-10-07 08:13:24,013 [main] WARN  impl.MetricsSystemImpl (MetricsSystemImpl.java:register(276)) - Sink prometheus already exists!
2019-10-07 08:13:24,014 [main] INFO  server.BaseHttpServer (BaseHttpServer.java:updateConnectorAddress(215)) - HTTP server of HDDSDATANODE is listening at http://0.0.0.0:42723
2019-10-07 08:13:24,014 [main] INFO  impl.MetricsSystemImpl (MetricsSystemImpl.java:init(158)) - HddsDatanode metrics system started (again)
2019-10-07 08:13:24,019 [org.apache.hadoop.util.JvmPauseMonitor$Monitor@10e5e9b7] INFO  util.JvmPauseMonitor (JvmPauseMonitor.java:run(188)) - Starting JVM pause monitor
2019-10-07 08:13:24,021 [main] INFO  ozone.HddsDatanodeService (HddsDatanodeService.java:start(184)) - HddsDatanodeService host:pr-hdds-2239-kl4xt-1424884434 ip:192.168.164.251
2019-10-07 08:13:24,023 [Datanode State Machine Thread - 0] INFO  datanode.InitDatanodeState (InitDatanodeState.java:persistContainerDatanodeDetails(140)) - DatanodeDetails is persisted to /workdir/hadoop-ozone/integration-test/target/test-dir/MiniOzoneClusterImpl-5b4a58c5-9c69-4384-bc29-0c75166a3d4d/datanode-5/meta/datanode.id
2019-10-07 08:13:24,029 [main] INFO  volume.HddsVolume (HddsVolume.java:<init>(176)) - Creating Volume: /workdir/hadoop-ozone/integration-test/target/test-dir/MiniOzoneClusterImpl-5b4a58c5-9c69-4384-bc29-0c75166a3d4d/datanode-6/data/containers/hdds of  storage type : DISK and capacity : 1482555576320
2019-10-07 08:13:24,030 [main] INFO  volume.VolumeSet (VolumeSet.java:initializeVolumeSet(170)) - Added Volume : /workdir/hadoop-ozone/integration-test/target/test-dir/MiniOzoneClusterImpl-5b4a58c5-9c69-4384-bc29-0c75166a3d4d/datanode-6/data/containers/hdds to VolumeSet
2019-10-07 08:13:24,030 [main] INFO  volume.ThrottledAsyncChecker (ThrottledAsyncChecker.java:schedule(139)) - Scheduling a check for org.apache.hadoop.ozone.container.common.volume.HddsVolume@72fd8a3c
2019-10-07 08:13:24,031 [main] INFO  volume.HddsVolumeChecker (HddsVolumeChecker.java:checkAllVolumes(202)) - Scheduled health check for volume org.apache.hadoop.ozone.container.common.volume.HddsVolume@72fd8a3c
2019-10-07 08:13:24,052 [main] INFO  impl.RaftServerProxy (ConfUtils.java:logGet(43)) - raft.rpc.type = GRPC (default)
2019-10-07 08:13:24,052 [main] INFO  grpc.GrpcFactory (GrpcFactory.java:checkPooledByteBufAllocatorUseCacheForAllThreads(45)) - PERFORMANCE WARNING: useCacheForAllThreads is true that may cause Netty to create a lot garbage objects and, as a result, trigger GC.
	It is recommended to disable useCacheForAllThreads by setting -Dorg.apache.ratis.thirdparty.io.netty.allocator.useCacheForAllThreads=false in command line.
2019-10-07 08:13:24,053 [main] INFO  grpc.GrpcConfigKeys$Server (ConfUtils.java:logGet(43)) - raft.grpc.server.port = 0 (default)
2019-10-07 08:13:24,053 [main] INFO  server.GrpcService (ConfUtils.java:logGet(43)) - raft.grpc.message.size.max = 33570816 (custom)
2019-10-07 08:13:24,053 [main] INFO  server.RaftServerConfigKeys (ConfUtils.java:logGet(43)) - raft.server.log.appender.buffer.byte-limit = 33554432 (custom)
2019-10-07 08:13:24,054 [main] INFO  server.GrpcService (ConfUtils.java:logGet(43)) - raft.grpc.flow.control.window = 1MB (=1048576) (default)
2019-10-07 08:13:24,054 [main] INFO  server.RaftServerConfigKeys (ConfUtils.java:logGet(43)) - raft.server.rpc.request.timeout = 3000ms (default)
2019-10-07 08:13:24,055 [main] INFO  server.RaftServerConfigKeys (ConfUtils.java:logGet(43)) - raft.server.storage.dir = [/workdir/hadoop-ozone/integration-test/target/test-dir/MiniOzoneClusterImpl-5b4a58c5-9c69-4384-bc29-0c75166a3d4d/datanode-6/data/ratis] (custom)
2019-10-07 08:13:24,057 [main] INFO  hdfs.DFSUtil (DFSUtil.java:httpServerTemplateForNNAndJN(1641)) - Starting Web-server for hddsDatanode at: http://0.0.0.0:0
2019-10-07 08:13:24,059 [main] INFO  server.AuthenticationFilter (AuthenticationFilter.java:constructSecretProvider(240)) - Unable to initialize FileSignerSecretProvider, falling back to use random secrets.
2019-10-07 08:13:24,059 [main] WARN  http.HttpRequestLog (HttpRequestLog.java:getRequestLog(97)) - Jetty request log can only be enabled using Log4j
2019-10-07 08:13:24,060 [main] INFO  http.HttpServer2 (HttpServer2.java:addGlobalFilter(975)) - Added global filter 'safety' (class=org.apache.hadoop.http.HttpServer2$QuotingInputFilter)
2019-10-07 08:13:24,061 [main] INFO  http.HttpServer2 (HttpServer2.java:addFilter(948)) - Added filter static_user_filter (class=org.apache.hadoop.http.lib.StaticUserWebFilter$StaticUserFilter) to context hddsDatanode
2019-10-07 08:13:24,061 [main] INFO  http.HttpServer2 (HttpServer2.java:addFilter(958)) - Added filter static_user_filter (class=org.apache.hadoop.http.lib.StaticUserWebFilter$StaticUserFilter) to context logs
2019-10-07 08:13:24,061 [main] INFO  http.HttpServer2 (HttpServer2.java:addFilter(958)) - Added filter static_user_filter (class=org.apache.hadoop.http.lib.StaticUserWebFilter$StaticUserFilter) to context static
2019-10-07 08:13:24,062 [main] INFO  http.HttpServer2 (HttpServer2.java:bindListener(1191)) - Jetty bound to port 42823
2019-10-07 08:13:24,062 [main] INFO  server.Server (Server.java:doStart(351)) - jetty-9.3.25.v20180904, build timestamp: 2018-09-04T21:11:46Z, git hash: 3ce520221d0240229c862b122d2b06c12a625732
2019-10-07 08:13:24,064 [main] INFO  handler.ContextHandler (ContextHandler.java:doStart(781)) - Started o.e.j.s.ServletContextHandler@7d3fb0ef{/logs,file:///workdir/hadoop-ozone/integration-test/target/log,AVAILABLE}
2019-10-07 08:13:24,064 [main] INFO  handler.ContextHandler (ContextHandler.java:doStart(781)) - Started o.e.j.s.ServletContextHandler@4adc663e{/static,jar:file:/home/user/.m2/repository/org/apache/hadoop/hadoop-hdds-container-service/0.5.0-SNAPSHOT/hadoop-hdds-container-service-0.5.0-SNAPSHOT.jar!/webapps/static,AVAILABLE}
2019-10-07 08:13:24,095 [main] INFO  handler.ContextHandler (ContextHandler.java:doStart(781)) - Started o.e.j.w.WebAppContext@6c841199{/,file:///tmp/jetty-0.0.0.0-42823-hddsDatanode-_-any-8205445583308459443.dir/webapp/,AVAILABLE}{/hddsDatanode}
2019-10-07 08:13:24,096 [main] INFO  server.AbstractConnector (AbstractConnector.java:doStart(278)) - Started ServerConnector@6a818392{HTTP/1.1,[http/1.1]}{0.0.0.0:42823}
2019-10-07 08:13:24,096 [main] INFO  server.Server (Server.java:doStart(419)) - Started @6330ms
2019-10-07 08:13:24,096 [main] WARN  impl.MetricsSystemImpl (MetricsSystemImpl.java:register(276)) - Sink prometheus already exists!
2019-10-07 08:13:24,097 [main] INFO  server.BaseHttpServer (BaseHttpServer.java:updateConnectorAddress(215)) - HTTP server of HDDSDATANODE is listening at http://0.0.0.0:42823
2019-10-07 08:13:24,099 [main] INFO  ozone.MiniOzoneClusterImpl (MiniOzoneClusterImpl.java:lambda$waitForClusterToBeReady$0(147)) - Waiting for cluster to be ready. Got 0 of 7 DN Heartbeats.
2019-10-07 08:13:24,100 [org.apache.hadoop.util.JvmPauseMonitor$Monitor@678e877] INFO  util.JvmPauseMonitor (JvmPauseMonitor.java:run(188)) - Starting JVM pause monitor
2019-10-07 08:13:24,103 [Datanode State Machine Thread - 0] INFO  datanode.InitDatanodeState (InitDatanodeState.java:persistContainerDatanodeDetails(140)) - DatanodeDetails is persisted to /workdir/hadoop-ozone/integration-test/target/test-dir/MiniOzoneClusterImpl-5b4a58c5-9c69-4384-bc29-0c75166a3d4d/datanode-6/meta/datanode.id
2019-10-07 08:13:25,100 [main] INFO  ozone.MiniOzoneClusterImpl (MiniOzoneClusterImpl.java:lambda$waitForClusterToBeReady$0(147)) - Waiting for cluster to be ready. Got 0 of 7 DN Heartbeats.
2019-10-07 08:13:25,724 [Datanode State Machine Thread - 0] INFO  ozoneimpl.OzoneContainer (OzoneContainer.java:start(217)) - Attempting to start container services.
2019-10-07 08:13:25,727 [Datanode State Machine Thread - 0] INFO  ozoneimpl.OzoneContainer (OzoneContainer.java:startContainerScrub(179)) - Background container scanner has been disabled.
2019-10-07 08:13:25,727 [Datanode State Machine Thread - 0] INFO  ratis.XceiverServerRatis (XceiverServerRatis.java:start(418)) - Starting XceiverServerRatis 9bd54dec-6b5e-446d-a3f1-dde7a8949220 at port 0
2019-10-07 08:13:25,733 [Datanode State Machine Thread - 0] INFO  ozoneimpl.OzoneContainer (OzoneContainer.java:start(217)) - Attempting to start container services.
2019-10-07 08:13:25,740 [Datanode State Machine Thread - 0] INFO  ozoneimpl.OzoneContainer (OzoneContainer.java:startContainerScrub(179)) - Background container scanner has been disabled.
2019-10-07 08:13:25,740 [Datanode State Machine Thread - 0] INFO  ratis.XceiverServerRatis (XceiverServerRatis.java:start(418)) - Starting XceiverServerRatis fea79e59-0c34-4a77-8bc1-83ba780c5506 at port 0
2019-10-07 08:13:25,771 [Datanode State Machine Thread - 0] INFO  impl.RaftServerProxy (RaftServerProxy.java:lambda$start$3(299)) - fea79e59-0c34-4a77-8bc1-83ba780c5506: start RPC server
2019-10-07 08:13:25,771 [Datanode State Machine Thread - 0] INFO  impl.RaftServerProxy (RaftServerProxy.java:lambda$start$3(299)) - 9bd54dec-6b5e-446d-a3f1-dde7a8949220: start RPC server
2019-10-07 08:13:25,821 [Datanode State Machine Thread - 0] INFO  ozoneimpl.OzoneContainer (OzoneContainer.java:start(217)) - Attempting to start container services.
2019-10-07 08:13:25,825 [Datanode State Machine Thread - 0] INFO  ozoneimpl.OzoneContainer (OzoneContainer.java:startContainerScrub(179)) - Background container scanner has been disabled.
2019-10-07 08:13:25,825 [Datanode State Machine Thread - 0] INFO  ratis.XceiverServerRatis (XceiverServerRatis.java:start(418)) - Starting XceiverServerRatis 0cccb4d0-2641-47a5-9893-c9d42eb7a12b at port 0
2019-10-07 08:13:25,832 [Datanode State Machine Thread - 0] INFO  impl.RaftServerProxy (RaftServerProxy.java:lambda$start$3(299)) - 0cccb4d0-2641-47a5-9893-c9d42eb7a12b: start RPC server
2019-10-07 08:13:25,905 [Datanode State Machine Thread - 0] INFO  ozoneimpl.OzoneContainer (OzoneContainer.java:start(217)) - Attempting to start container services.
2019-10-07 08:13:25,905 [Datanode State Machine Thread - 0] INFO  ozoneimpl.OzoneContainer (OzoneContainer.java:startContainerScrub(179)) - Background container scanner has been disabled.
2019-10-07 08:13:25,905 [Datanode State Machine Thread - 0] INFO  ratis.XceiverServerRatis (XceiverServerRatis.java:start(418)) - Starting XceiverServerRatis 57cb8c1e-21d0-4132-8977-99a9151d6701 at port 0
2019-10-07 08:13:25,912 [Datanode State Machine Thread - 0] INFO  impl.RaftServerProxy (RaftServerProxy.java:lambda$start$3(299)) - 57cb8c1e-21d0-4132-8977-99a9151d6701: start RPC server
2019-10-07 08:13:25,943 [Datanode State Machine Thread - 0] INFO  server.GrpcService (GrpcService.java:startImpl(158)) - 0cccb4d0-2641-47a5-9893-c9d42eb7a12b: GrpcService started, listening on 0.0.0.0/0.0.0.0:41455
2019-10-07 08:13:25,943 [Datanode State Machine Thread - 0] INFO  server.GrpcService (GrpcService.java:startImpl(158)) - 57cb8c1e-21d0-4132-8977-99a9151d6701: GrpcService started, listening on 0.0.0.0/0.0.0.0:42454
2019-10-07 08:13:25,943 [Datanode State Machine Thread - 0] INFO  server.GrpcService (GrpcService.java:startImpl(158)) - fea79e59-0c34-4a77-8bc1-83ba780c5506: GrpcService started, listening on 0.0.0.0/0.0.0.0:34443
2019-10-07 08:13:25,943 [Datanode State Machine Thread - 0] INFO  server.GrpcService (GrpcService.java:startImpl(158)) - 9bd54dec-6b5e-446d-a3f1-dde7a8949220: GrpcService started, listening on 0.0.0.0/0.0.0.0:42323
2019-10-07 08:13:25,945 [Datanode State Machine Thread - 0] INFO  ratis.XceiverServerRatis (XceiverServerRatis.java:start(428)) - XceiverServerRatis fea79e59-0c34-4a77-8bc1-83ba780c5506 is started using port 34443
2019-10-07 08:13:25,945 [Datanode State Machine Thread - 0] INFO  ratis.XceiverServerRatis (XceiverServerRatis.java:start(428)) - XceiverServerRatis 57cb8c1e-21d0-4132-8977-99a9151d6701 is started using port 42454
2019-10-07 08:13:25,945 [Datanode State Machine Thread - 0] INFO  ratis.XceiverServerRatis (XceiverServerRatis.java:start(428)) - XceiverServerRatis 0cccb4d0-2641-47a5-9893-c9d42eb7a12b is started using port 41455
2019-10-07 08:13:25,945 [Datanode State Machine Thread - 0] INFO  ratis.XceiverServerRatis (XceiverServerRatis.java:start(428)) - XceiverServerRatis 9bd54dec-6b5e-446d-a3f1-dde7a8949220 is started using port 42323
2019-10-07 08:13:25,953 [Datanode State Machine Thread - 0] INFO  server.XceiverServerGrpc (XceiverServerGrpc.java:start(149)) - XceiverServerGrpc fea79e59-0c34-4a77-8bc1-83ba780c5506 is started using port 43070
2019-10-07 08:13:25,953 [Datanode State Machine Thread - 0] INFO  server.XceiverServerGrpc (XceiverServerGrpc.java:start(149)) - XceiverServerGrpc 57cb8c1e-21d0-4132-8977-99a9151d6701 is started using port 38534
2019-10-07 08:13:25,953 [Datanode State Machine Thread - 0] INFO  server.XceiverServerGrpc (XceiverServerGrpc.java:start(149)) - XceiverServerGrpc 9bd54dec-6b5e-446d-a3f1-dde7a8949220 is started using port 36504
2019-10-07 08:13:25,953 [Datanode State Machine Thread - 0] INFO  server.XceiverServerGrpc (XceiverServerGrpc.java:start(149)) - XceiverServerGrpc 0cccb4d0-2641-47a5-9893-c9d42eb7a12b is started using port 37624
2019-10-07 08:13:25,965 [Datanode State Machine Thread - 0] INFO  ozoneimpl.OzoneContainer (OzoneContainer.java:start(217)) - Attempting to start container services.
2019-10-07 08:13:25,965 [Datanode State Machine Thread - 0] INFO  ozoneimpl.OzoneContainer (OzoneContainer.java:startContainerScrub(179)) - Background container scanner has been disabled.
2019-10-07 08:13:25,965 [Datanode State Machine Thread - 0] INFO  ratis.XceiverServerRatis (XceiverServerRatis.java:start(418)) - Starting XceiverServerRatis e59dfa83-9a17-4bb1-b70c-789d43087210 at port 0
2019-10-07 08:13:25,972 [Datanode State Machine Thread - 0] INFO  impl.RaftServerProxy (RaftServerProxy.java:lambda$start$3(299)) - e59dfa83-9a17-4bb1-b70c-789d43087210: start RPC server
2019-10-07 08:13:25,976 [Datanode State Machine Thread - 0] INFO  server.GrpcService (GrpcService.java:startImpl(158)) - e59dfa83-9a17-4bb1-b70c-789d43087210: GrpcService started, listening on 0.0.0.0/0.0.0.0:43777
2019-10-07 08:13:25,976 [Datanode State Machine Thread - 0] INFO  ratis.XceiverServerRatis (XceiverServerRatis.java:start(428)) - XceiverServerRatis e59dfa83-9a17-4bb1-b70c-789d43087210 is started using port 43777
2019-10-07 08:13:25,978 [Datanode State Machine Thread - 0] INFO  server.XceiverServerGrpc (XceiverServerGrpc.java:start(149)) - XceiverServerGrpc e59dfa83-9a17-4bb1-b70c-789d43087210 is started using port 40730
2019-10-07 08:13:26,036 [Datanode State Machine Thread - 0] INFO  ozoneimpl.OzoneContainer (OzoneContainer.java:start(217)) - Attempting to start container services.
2019-10-07 08:13:26,037 [Datanode State Machine Thread - 0] INFO  ozoneimpl.OzoneContainer (OzoneContainer.java:startContainerScrub(179)) - Background container scanner has been disabled.
2019-10-07 08:13:26,037 [Datanode State Machine Thread - 0] INFO  ratis.XceiverServerRatis (XceiverServerRatis.java:start(418)) - Starting XceiverServerRatis 7198aa53-25d6-4a9d-90fc-cc52d5e83171 at port 0
2019-10-07 08:13:26,045 [Datanode State Machine Thread - 0] INFO  impl.RaftServerProxy (RaftServerProxy.java:lambda$start$3(299)) - 7198aa53-25d6-4a9d-90fc-cc52d5e83171: start RPC server
2019-10-07 08:13:26,050 [Datanode State Machine Thread - 0] INFO  server.GrpcService (GrpcService.java:startImpl(158)) - 7198aa53-25d6-4a9d-90fc-cc52d5e83171: GrpcService started, listening on 0.0.0.0/0.0.0.0:33459
2019-10-07 08:13:26,051 [Datanode State Machine Thread - 0] INFO  ratis.XceiverServerRatis (XceiverServerRatis.java:start(428)) - XceiverServerRatis 7198aa53-25d6-4a9d-90fc-cc52d5e83171 is started using port 33459
2019-10-07 08:13:26,055 [Datanode State Machine Thread - 0] INFO  server.XceiverServerGrpc (XceiverServerGrpc.java:start(149)) - XceiverServerGrpc 7198aa53-25d6-4a9d-90fc-cc52d5e83171 is started using port 43222
2019-10-07 08:13:26,100 [main] INFO  ozone.MiniOzoneClusterImpl (MiniOzoneClusterImpl.java:lambda$waitForClusterToBeReady$0(147)) - Waiting for cluster to be ready. Got 0 of 7 DN Heartbeats.
2019-10-07 08:13:26,128 [Datanode State Machine Thread - 0] INFO  ozoneimpl.OzoneContainer (OzoneContainer.java:start(217)) - Attempting to start container services.
2019-10-07 08:13:26,129 [Datanode State Machine Thread - 0] INFO  ozoneimpl.OzoneContainer (OzoneContainer.java:startContainerScrub(179)) - Background container scanner has been disabled.
2019-10-07 08:13:26,129 [Datanode State Machine Thread - 0] INFO  ratis.XceiverServerRatis (XceiverServerRatis.java:start(418)) - Starting XceiverServerRatis 37d14489-715e-406a-9389-ed45aea28467 at port 0
2019-10-07 08:13:26,136 [Datanode State Machine Thread - 0] INFO  impl.RaftServerProxy (RaftServerProxy.java:lambda$start$3(299)) - 37d14489-715e-406a-9389-ed45aea28467: start RPC server
2019-10-07 08:13:26,142 [Datanode State Machine Thread - 0] INFO  server.GrpcService (GrpcService.java:startImpl(158)) - 37d14489-715e-406a-9389-ed45aea28467: GrpcService started, listening on 0.0.0.0/0.0.0.0:43032
2019-10-07 08:13:26,142 [Datanode State Machine Thread - 0] INFO  ratis.XceiverServerRatis (XceiverServerRatis.java:start(428)) - XceiverServerRatis 37d14489-715e-406a-9389-ed45aea28467 is started using port 43032
2019-10-07 08:13:26,146 [Datanode State Machine Thread - 0] INFO  server.XceiverServerGrpc (XceiverServerGrpc.java:start(149)) - XceiverServerGrpc 37d14489-715e-406a-9389-ed45aea28467 is started using port 37589
2019-10-07 08:13:27,104 [main] INFO  ozone.MiniOzoneClusterImpl (MiniOzoneClusterImpl.java:lambda$waitForClusterToBeReady$0(147)) - Waiting for cluster to be ready. Got 0 of 7 DN Heartbeats.
2019-10-07 08:13:27,664 [IPC Server handler 4 on 40275] INFO  net.NetworkTopology (NetworkTopologyImpl.java:add(111)) - Added a new node: /default-rack/9bd54dec-6b5e-446d-a3f1-dde7a8949220
2019-10-07 08:13:27,665 [IPC Server handler 4 on 40275] INFO  node.SCMNodeManager (SCMNodeManager.java:register(268)) - Registered Data node : 9bd54dec-6b5e-446d-a3f1-dde7a8949220{ip: 192.168.164.251, host: pr-hdds-2239-kl4xt-1424884434, networkLocation: /default-rack, certSerialId: null}
2019-10-07 08:13:27,668 [EventQueue-NodeRegistrationContainerReportForDataNodeSafeModeRule] INFO  safemode.SCMSafeModeManager (DataNodeSafeModeRule.java:process(71)) - SCM in safe mode. 1 DataNodes registered, 1 required.
2019-10-07 08:13:27,668 [EventQueue-NodeRegistrationContainerReportForDataNodeSafeModeRule] INFO  safemode.SCMSafeModeManager (SCMSafeModeManager.java:validateSafeModeExitRules(177)) - ScmSafeModeManager, all rules are successfully validated
2019-10-07 08:13:27,669 [EventQueue-NodeRegistrationContainerReportForDataNodeSafeModeRule] INFO  safemode.SCMSafeModeManager (SCMSafeModeManager.java:exitSafeMode(193)) - SCM exiting safe mode.
2019-10-07 08:13:27,718 [IPC Server handler 0 on 40275] INFO  net.NetworkTopology (NetworkTopologyImpl.java:add(111)) - Added a new node: /default-rack/fea79e59-0c34-4a77-8bc1-83ba780c5506
2019-10-07 08:13:27,718 [IPC Server handler 0 on 40275] INFO  node.SCMNodeManager (SCMNodeManager.java:register(268)) - Registered Data node : fea79e59-0c34-4a77-8bc1-83ba780c5506{ip: 192.168.164.251, host: pr-hdds-2239-kl4xt-1424884434, networkLocation: /default-rack, certSerialId: null}
2019-10-07 08:13:27,792 [IPC Server handler 10 on 40275] INFO  net.NetworkTopology (NetworkTopologyImpl.java:add(111)) - Added a new node: /default-rack/0cccb4d0-2641-47a5-9893-c9d42eb7a12b
2019-10-07 08:13:27,792 [IPC Server handler 10 on 40275] INFO  node.SCMNodeManager (SCMNodeManager.java:register(268)) - Registered Data node : 0cccb4d0-2641-47a5-9893-c9d42eb7a12b{ip: 192.168.164.251, host: pr-hdds-2239-kl4xt-1424884434, networkLocation: /default-rack, certSerialId: null}
2019-10-07 08:13:27,868 [IPC Server handler 13 on 40275] INFO  net.NetworkTopology (NetworkTopologyImpl.java:add(111)) - Added a new node: /default-rack/57cb8c1e-21d0-4132-8977-99a9151d6701
2019-10-07 08:13:27,868 [IPC Server handler 13 on 40275] INFO  node.SCMNodeManager (SCMNodeManager.java:register(268)) - Registered Data node : 57cb8c1e-21d0-4132-8977-99a9151d6701{ip: 192.168.164.251, host: pr-hdds-2239-kl4xt-1424884434, networkLocation: /default-rack, certSerialId: null}
2019-10-07 08:13:27,936 [IPC Server handler 15 on 40275] INFO  net.NetworkTopology (NetworkTopologyImpl.java:add(111)) - Added a new node: /default-rack/e59dfa83-9a17-4bb1-b70c-789d43087210
2019-10-07 08:13:27,937 [IPC Server handler 15 on 40275] INFO  node.SCMNodeManager (SCMNodeManager.java:register(268)) - Registered Data node : e59dfa83-9a17-4bb1-b70c-789d43087210{ip: 192.168.164.251, host: pr-hdds-2239-kl4xt-1424884434, networkLocation: /default-rack, certSerialId: null}
2019-10-07 08:13:28,030 [IPC Server handler 8 on 40275] INFO  net.NetworkTopology (NetworkTopologyImpl.java:add(111)) - Added a new node: /default-rack/7198aa53-25d6-4a9d-90fc-cc52d5e83171
2019-10-07 08:13:28,030 [IPC Server handler 8 on 40275] INFO  node.SCMNodeManager (SCMNodeManager.java:register(268)) - Registered Data node : 7198aa53-25d6-4a9d-90fc-cc52d5e83171{ip: 192.168.164.251, host: pr-hdds-2239-kl4xt-1424884434, networkLocation: /default-rack, certSerialId: null}
2019-10-07 08:13:28,103 [IPC Server handler 4 on 40275] INFO  net.NetworkTopology (NetworkTopologyImpl.java:add(111)) - Added a new node: /default-rack/37d14489-715e-406a-9389-ed45aea28467
2019-10-07 08:13:28,104 [IPC Server handler 4 on 40275] INFO  node.SCMNodeManager (SCMNodeManager.java:register(268)) - Registered Data node : 37d14489-715e-406a-9389-ed45aea28467{ip: 192.168.164.251, host: pr-hdds-2239-kl4xt-1424884434, networkLocation: /default-rack, certSerialId: null}
2019-10-07 08:13:28,104 [main] INFO  ozone.MiniOzoneClusterImpl (MiniOzoneClusterImpl.java:lambda$waitForClusterToBeReady$0(147)) - Cluster is ready. Got 7 of 7 DN Heartbeats.
2019-10-07 08:13:28,181 [grpc-default-executor-0] INFO  impl.RaftServerProxy (RaftServerProxy.java:addNew(89)) - 9bd54dec-6b5e-446d-a3f1-dde7a8949220: addNew group-592505620094:[9bd54dec-6b5e-446d-a3f1-dde7a8949220:192.168.164.251:42323] returns group-592505620094:java.util.concurrent.CompletableFuture@6ea8793b[Not completed]
2019-10-07 08:13:28,195 [pool-27-thread-1] INFO  impl.RaftServerImpl (RaftServerImpl.java:<init>(95)) - 9bd54dec-6b5e-446d-a3f1-dde7a8949220: new RaftServerImpl for group-592505620094:[9bd54dec-6b5e-446d-a3f1-dde7a8949220:192.168.164.251:42323] with ContainerStateMachine:uninitialized
2019-10-07 08:13:28,197 [pool-27-thread-1] INFO  server.RaftServerConfigKeys (ConfUtils.java:logGet(43)) - raft.server.rpc.timeout.min = 5s (custom)
2019-10-07 08:13:28,199 [pool-27-thread-1] INFO  server.RaftServerConfigKeys (ConfUtils.java:logGet(43)) - raft.server.rpc.timeout.max = 5200ms (custom)
2019-10-07 08:13:28,199 [pool-27-thread-1] INFO  server.RaftServerConfigKeys (ConfUtils.java:logGet(43)) - raft.server.rpcslowness.timeout = 120s (custom)
2019-10-07 08:13:28,200 [pool-27-thread-1] INFO  server.RaftServerConfigKeys (ConfUtils.java:logGet(43)) - raft.server.sleep.deviation.threshold = 300 (default)
2019-10-07 08:13:28,201 [pool-27-thread-1] INFO  server.RaftServerConfigKeys (ConfUtils.java:logGet(43)) - raft.server.log.appender.install.snapshot.enabled = false (custom)
2019-10-07 08:13:28,209 [pool-27-thread-1] INFO  impl.RaftServerImpl (ServerState.java:<init>(103)) - 9bd54dec-6b5e-446d-a3f1-dde7a8949220@group-592505620094: ConfigurationManager, init=-1: [9bd54dec-6b5e-446d-a3f1-dde7a8949220:192.168.164.251:42323], old=null, confs=<EMPTY_MAP>
2019-10-07 08:13:28,209 [pool-27-thread-1] INFO  server.RaftServerConfigKeys (ConfUtils.java:logGet(43)) - raft.server.storage.dir = [/workdir/hadoop-ozone/integration-test/target/test-dir/MiniOzoneClusterImpl-5b4a58c5-9c69-4384-bc29-0c75166a3d4d/datanode-0/data/ratis] (custom)
2019-10-07 08:13:28,215 [pool-27-thread-1] INFO  server.RaftServerConfigKeys (ConfUtils.java:logGet(43)) - raft.server.log.corruption.policy = EXCEPTION (default)
2019-10-07 08:13:28,217 [pool-27-thread-1] INFO  storage.RaftStorageDirectory (RaftStorageDirectory.java:analyzeStorage(246)) - The storage directory /workdir/hadoop-ozone/integration-test/target/test-dir/MiniOzoneClusterImpl-5b4a58c5-9c69-4384-bc29-0c75166a3d4d/datanode-0/data/ratis/9342b914-6c68-4ebd-ac9c-592505620094 does not exist. Creating ...
2019-10-07 08:13:28,234 [pool-27-thread-1] INFO  storage.RaftStorageDirectory (RaftStorageDirectory.java:tryLock(328)) - Lock on /workdir/hadoop-ozone/integration-test/target/test-dir/MiniOzoneClusterImpl-5b4a58c5-9c69-4384-bc29-0c75166a3d4d/datanode-0/data/ratis/9342b914-6c68-4ebd-ac9c-592505620094/in_use.lock acquired by nodename 30656@pr-hdds-2239-kl4xt-1424884434
2019-10-07 08:13:28,249 [pool-27-thread-1] INFO  storage.RaftStorage (RaftStorage.java:format(84)) - Storage directory /workdir/hadoop-ozone/integration-test/target/test-dir/MiniOzoneClusterImpl-5b4a58c5-9c69-4384-bc29-0c75166a3d4d/datanode-0/data/ratis/9342b914-6c68-4ebd-ac9c-592505620094 has been successfully formatted.
2019-10-07 08:13:28,252 [pool-27-thread-1] INFO  ratis.ContainerStateMachine (ContainerStateMachine.java:loadSnapshot(231)) - group-592505620094: The snapshot info is null. Setting the last applied indexto:(t:0, i:~)
2019-10-07 08:13:28,252 [pool-27-thread-1] INFO  server.RaftServerConfigKeys (ConfUtils.java:logGet(43)) - raft.server.notification.no-leader.timeout = 120s (custom)
2019-10-07 08:13:28,256 [pool-27-thread-1] INFO  server.RaftServerConfigKeys (ConfUtils.java:logGet(43)) - raft.server.log.use.memory = false (default)
2019-10-07 08:13:28,263 [pool-27-thread-1] INFO  server.RaftServerConfigKeys (ConfUtils.java:logGet(43)) - raft.server.log.purge.gap = 1000000 (custom)
2019-10-07 08:13:28,263 [pool-27-thread-1] INFO  server.RaftServerConfigKeys (ConfUtils.java:logGet(43)) - raft.server.log.appender.buffer.byte-limit = 33554432 (custom)
2019-10-07 08:13:28,265 [pool-27-thread-1] INFO  server.RaftServerConfigKeys (ConfUtils.java:logGet(43)) - raft.server.log.segment.size.max = 1048576 (custom)
2019-10-07 08:13:28,267 [pool-27-thread-1] INFO  impl.MetricsSystemImpl (MetricsSystemImpl.java:init(158)) - ratis metrics system started (again)
2019-10-07 08:13:28,271 [pool-27-thread-1] INFO  metrics.MetricRegistries (MetricRegistriesLoader.java:load(64)) - Loaded MetricRegistries class org.apache.ratis.metrics.impl.MetricRegistriesImpl
2019-10-07 08:13:28,313 [pool-27-thread-1] INFO  server.RaftServerConfigKeys (ConfUtils.java:logGet(43)) - raft.server.log.segment.cache.num.max = 2 (custom)
2019-10-07 08:13:28,319 [pool-27-thread-1] INFO  segmented.SegmentedRaftLogWorker (SegmentedRaftLogWorker.java:<init>(173)) - new 9bd54dec-6b5e-446d-a3f1-dde7a8949220@group-592505620094-SegmentedRaftLogWorker for RaftStorage:Storage Directory /workdir/hadoop-ozone/integration-test/target/test-dir/MiniOzoneClusterImpl-5b4a58c5-9c69-4384-bc29-0c75166a3d4d/datanode-0/data/ratis/9342b914-6c68-4ebd-ac9c-592505620094
2019-10-07 08:13:28,319 [pool-27-thread-1] INFO  server.RaftServerConfigKeys (ConfUtils.java:logGet(43)) - raft.server.log.queue.byte-limit = 2147483647 (custom)
2019-10-07 08:13:28,320 [pool-27-thread-1] INFO  server.RaftServerConfigKeys (ConfUtils.java:logGet(43)) - raft.server.log.queue.element-limit = 1024 (custom)
2019-10-07 08:13:28,321 [pool-27-thread-1] INFO  server.RaftServerConfigKeys (ConfUtils.java:logGet(43)) - raft.server.log.segment.size.max = 1048576 (custom)
2019-10-07 08:13:28,321 [pool-27-thread-1] INFO  server.RaftServerConfigKeys (ConfUtils.java:logGet(43)) - raft.server.log.preallocated.size = 16384 (custom)
2019-10-07 08:13:28,322 [pool-27-thread-1] INFO  server.RaftServerConfigKeys (ConfUtils.java:logGet(43)) - raft.server.log.write.buffer.size = 33554432 (custom)
2019-10-07 08:13:28,322 [pool-27-thread-1] INFO  server.RaftServerConfigKeys (ConfUtils.java:logGet(43)) - raft.server.log.force.sync.num = 128 (default)
2019-10-07 08:13:28,323 [pool-27-thread-1] INFO  server.RaftServerConfigKeys (ConfUtils.java:logGet(43)) - raft.server.log.statemachine.data.sync = true (default)
2019-10-07 08:13:28,323 [pool-27-thread-1] INFO  server.RaftServerConfigKeys (ConfUtils.java:logGet(43)) - raft.server.log.statemachine.data.sync.timeout = 10s (default)
2019-10-07 08:13:28,324 [pool-27-thread-1] INFO  server.RaftServerConfigKeys (ConfUtils.java:logGet(43)) - raft.server.log.statemachine.data.sync.timeout.retry = -1 (default)
2019-10-07 08:13:28,342 [pool-27-thread-1] INFO  server.RaftServerConfigKeys (ConfUtils.java:logGet(43)) - raft.server.log.statemachine.data.caching.enabled = true (custom)
2019-10-07 08:13:28,347 [pool-27-thread-1] INFO  segmented.SegmentedRaftLogWorker (SegmentedRaftLogWorker.java:lambda$new$0(128)) - 9bd54dec-6b5e-446d-a3f1-dde7a8949220@group-592505620094-SegmentedRaftLogWorker: flushIndex: setUnconditionally 0 -> -1
2019-10-07 08:13:28,351 [pool-27-thread-1] INFO  server.RaftServerConfigKeys (ConfUtils.java:logGet(43)) - raft.server.snapshot.auto.trigger.enabled = true (custom)
2019-10-07 08:13:28,352 [pool-27-thread-1] INFO  server.RaftServerConfigKeys (ConfUtils.java:logGet(43)) - raft.server.snapshot.auto.trigger.threshold = 10000 (custom)
2019-10-07 08:13:28,353 [pool-27-thread-1] INFO  server.RaftServerConfigKeys (ConfUtils.java:logGet(43)) - raft.server.snapshot.retention.file.num = 5 (custom)
2019-10-07 08:13:28,353 [pool-27-thread-1] INFO  server.RaftServerConfigKeys (ConfUtils.java:logGet(43)) - raft.server.retrycache.expirytime = 600000ms (custom)
2019-10-07 08:13:28,381 [pool-27-thread-1] INFO  impl.RaftServerImpl (RaftServerImpl.java:start(181)) - 9bd54dec-6b5e-446d-a3f1-dde7a8949220@group-592505620094: start as a follower, conf=-1: [9bd54dec-6b5e-446d-a3f1-dde7a8949220:192.168.164.251:42323], old=null
2019-10-07 08:13:28,382 [pool-27-thread-1] INFO  impl.RaftServerImpl (RaftServerImpl.java:setRole(170)) - 9bd54dec-6b5e-446d-a3f1-dde7a8949220@group-592505620094: changes role from      null to FOLLOWER at term 0 for startAsFollower
2019-10-07 08:13:28,384 [pool-27-thread-1] INFO  impl.RoleInfo (RoleInfo.java:updateAndGet(143)) - 9bd54dec-6b5e-446d-a3f1-dde7a8949220: start FollowerState
2019-10-07 08:13:28,385 [pool-27-thread-1] INFO  util.JmxRegister (JmxRegister.java:tryRegister(44)) - Successfully registered JMX Bean with object name Ratis:service=RaftServer,group=group-592505620094,id=9bd54dec-6b5e-446d-a3f1-dde7a8949220
2019-10-07 08:13:28,448 [RatisPipelineUtilsThread] INFO  pipeline.PipelineStateManager (PipelineStateManager.java:addPipeline(56)) - Created pipeline Pipeline[ Id: 9342b914-6c68-4ebd-ac9c-592505620094, Nodes: 9bd54dec-6b5e-446d-a3f1-dde7a8949220{ip: 192.168.164.251, host: pr-hdds-2239-kl4xt-1424884434, networkLocation: /default-rack, certSerialId: null}, Type:RATIS, Factor:ONE, State:OPEN]
2019-10-07 08:13:28,470 [grpc-default-executor-0] INFO  impl.RaftServerProxy (RaftServerProxy.java:addNew(89)) - e59dfa83-9a17-4bb1-b70c-789d43087210: addNew group-BCB2176F899C:[e59dfa83-9a17-4bb1-b70c-789d43087210:192.168.164.251:43777] returns group-BCB2176F899C:java.util.concurrent.CompletableFuture@6addb11[Not completed]
2019-10-07 08:13:28,512 [pool-67-thread-1] INFO  impl.RaftServerImpl (RaftServerImpl.java:<init>(95)) - e59dfa83-9a17-4bb1-b70c-789d43087210: new RaftServerImpl for group-BCB2176F899C:[e59dfa83-9a17-4bb1-b70c-789d43087210:192.168.164.251:43777] with ContainerStateMachine:uninitialized
2019-10-07 08:13:28,513 [pool-67-thread-1] INFO  server.RaftServerConfigKeys (ConfUtils.java:logGet(43)) - raft.server.rpc.timeout.min = 5s (custom)
2019-10-07 08:13:28,514 [pool-67-thread-1] INFO  server.RaftServerConfigKeys (ConfUtils.java:logGet(43)) - raft.server.rpc.timeout.max = 5200ms (custom)
2019-10-07 08:13:28,514 [pool-67-thread-1] INFO  server.RaftServerConfigKeys (ConfUtils.java:logGet(43)) - raft.server.rpcslowness.timeout = 120s (custom)
2019-10-07 08:13:28,514 [pool-67-thread-1] INFO  server.RaftServerConfigKeys (ConfUtils.java:logGet(43)) - raft.server.sleep.deviation.threshold = 300 (default)
2019-10-07 08:13:28,514 [pool-67-thread-1] INFO  server.RaftServerConfigKeys (ConfUtils.java:logGet(43)) - raft.server.log.appender.install.snapshot.enabled = false (custom)
2019-10-07 08:13:28,514 [pool-67-thread-1] INFO  impl.RaftServerImpl (ServerState.java:<init>(103)) - e59dfa83-9a17-4bb1-b70c-789d43087210@group-BCB2176F899C: ConfigurationManager, init=-1: [e59dfa83-9a17-4bb1-b70c-789d43087210:192.168.164.251:43777], old=null, confs=<EMPTY_MAP>
2019-10-07 08:13:28,514 [pool-67-thread-1] INFO  server.RaftServerConfigKeys (ConfUtils.java:logGet(43)) - raft.server.storage.dir = [/workdir/hadoop-ozone/integration-test/target/test-dir/MiniOzoneClusterImpl-5b4a58c5-9c69-4384-bc29-0c75166a3d4d/datanode-4/data/ratis] (custom)
2019-10-07 08:13:28,515 [pool-67-thread-1] INFO  server.RaftServerConfigKeys (ConfUtils.java:logGet(43)) - raft.server.log.corruption.policy = EXCEPTION (default)
2019-10-07 08:13:28,515 [pool-67-thread-1] INFO  storage.RaftStorageDirectory (RaftStorageDirectory.java:analyzeStorage(246)) - The storage directory /workdir/hadoop-ozone/integration-test/target/test-dir/MiniOzoneClusterImpl-5b4a58c5-9c69-4384-bc29-0c75166a3d4d/datanode-4/data/ratis/2c937d95-c1f9-4b9a-8adf-bcb2176f899c does not exist. Creating ...
2019-10-07 08:13:28,530 [pool-67-thread-1] INFO  storage.RaftStorageDirectory (RaftStorageDirectory.java:tryLock(328)) - Lock on /workdir/hadoop-ozone/integration-test/target/test-dir/MiniOzoneClusterImpl-5b4a58c5-9c69-4384-bc29-0c75166a3d4d/datanode-4/data/ratis/2c937d95-c1f9-4b9a-8adf-bcb2176f899c/in_use.lock acquired by nodename 30656@pr-hdds-2239-kl4xt-1424884434
2019-10-07 08:13:28,543 [pool-67-thread-1] INFO  storage.RaftStorage (RaftStorage.java:format(84)) - Storage directory /workdir/hadoop-ozone/integration-test/target/test-dir/MiniOzoneClusterImpl-5b4a58c5-9c69-4384-bc29-0c75166a3d4d/datanode-4/data/ratis/2c937d95-c1f9-4b9a-8adf-bcb2176f899c has been successfully formatted.
2019-10-07 08:13:28,545 [pool-67-thread-1] INFO  ratis.ContainerStateMachine (ContainerStateMachine.java:loadSnapshot(231)) - group-BCB2176F899C: The snapshot info is null. Setting the last applied indexto:(t:0, i:~)
2019-10-07 08:13:28,547 [pool-67-thread-1] INFO  server.RaftServerConfigKeys (ConfUtils.java:logGet(43)) - raft.server.notification.no-leader.timeout = 120s (custom)
2019-10-07 08:13:28,547 [pool-67-thread-1] INFO  server.RaftServerConfigKeys (ConfUtils.java:logGet(43)) - raft.server.log.use.memory = false (default)
2019-10-07 08:13:28,547 [pool-67-thread-1] INFO  server.RaftServerConfigKeys (ConfUtils.java:logGet(43)) - raft.server.log.purge.gap = 1000000 (custom)
2019-10-07 08:13:28,547 [pool-67-thread-1] INFO  server.RaftServerConfigKeys (ConfUtils.java:logGet(43)) - raft.server.log.appender.buffer.byte-limit = 33554432 (custom)
2019-10-07 08:13:28,547 [pool-67-thread-1] INFO  server.RaftServerConfigKeys (ConfUtils.java:logGet(43)) - raft.server.log.segment.size.max = 1048576 (custom)
2019-10-07 08:13:28,552 [pool-67-thread-1] INFO  server.RaftServerConfigKeys (ConfUtils.java:logGet(43)) - raft.server.log.segment.cache.num.max = 2 (custom)
2019-10-07 08:13:28,552 [pool-67-thread-1] INFO  segmented.SegmentedRaftLogWorker (SegmentedRaftLogWorker.java:<init>(173)) - new e59dfa83-9a17-4bb1-b70c-789d43087210@group-BCB2176F899C-SegmentedRaftLogWorker for RaftStorage:Storage Directory /workdir/hadoop-ozone/integration-test/target/test-dir/MiniOzoneClusterImpl-5b4a58c5-9c69-4384-bc29-0c75166a3d4d/datanode-4/data/ratis/2c937d95-c1f9-4b9a-8adf-bcb2176f899c
2019-10-07 08:13:28,554 [pool-67-thread-1] INFO  server.RaftServerConfigKeys (ConfUtils.java:logGet(43)) - raft.server.log.queue.byte-limit = 2147483647 (custom)
2019-10-07 08:13:28,554 [pool-67-thread-1] INFO  server.RaftServerConfigKeys (ConfUtils.java:logGet(43)) - raft.server.log.queue.element-limit = 1024 (custom)
2019-10-07 08:13:28,554 [pool-67-thread-1] INFO  server.RaftServerConfigKeys (ConfUtils.java:logGet(43)) - raft.server.log.segment.size.max = 1048576 (custom)
2019-10-07 08:13:28,554 [pool-67-thread-1] INFO  server.RaftServerConfigKeys (ConfUtils.java:logGet(43)) - raft.server.log.preallocated.size = 16384 (custom)
2019-10-07 08:13:28,554 [pool-67-thread-1] INFO  server.RaftServerConfigKeys (ConfUtils.java:logGet(43)) - raft.server.log.write.buffer.size = 33554432 (custom)
2019-10-07 08:13:28,555 [pool-67-thread-1] INFO  server.RaftServerConfigKeys (ConfUtils.java:logGet(43)) - raft.server.log.force.sync.num = 128 (default)
2019-10-07 08:13:28,555 [pool-67-thread-1] INFO  server.RaftServerConfigKeys (ConfUtils.java:logGet(43)) - raft.server.log.statemachine.data.sync = true (default)
2019-10-07 08:13:28,555 [pool-67-thread-1] INFO  server.RaftServerConfigKeys (ConfUtils.java:logGet(43)) - raft.server.log.statemachine.data.sync.timeout = 10s (default)
2019-10-07 08:13:28,555 [pool-67-thread-1] INFO  server.RaftServerConfigKeys (ConfUtils.java:logGet(43)) - raft.server.log.statemachine.data.sync.timeout.retry = -1 (default)
2019-10-07 08:13:28,556 [pool-67-thread-1] INFO  server.RaftServerConfigKeys (ConfUtils.java:logGet(43)) - raft.server.log.statemachine.data.caching.enabled = true (custom)
2019-10-07 08:13:28,556 [pool-67-thread-1] INFO  segmented.SegmentedRaftLogWorker (SegmentedRaftLogWorker.java:lambda$new$0(128)) - e59dfa83-9a17-4bb1-b70c-789d43087210@group-BCB2176F899C-SegmentedRaftLogWorker: flushIndex: setUnconditionally 0 -> -1
2019-10-07 08:13:28,556 [pool-67-thread-1] INFO  server.RaftServerConfigKeys (ConfUtils.java:logGet(43)) - raft.server.snapshot.auto.trigger.enabled = true (custom)
2019-10-07 08:13:28,556 [pool-67-thread-1] INFO  server.RaftServerConfigKeys (ConfUtils.java:logGet(43)) - raft.server.snapshot.auto.trigger.threshold = 10000 (custom)
2019-10-07 08:13:28,557 [pool-67-thread-1] INFO  server.RaftServerConfigKeys (ConfUtils.java:logGet(43)) - raft.server.snapshot.retention.file.num = 5 (custom)
2019-10-07 08:13:28,557 [pool-67-thread-1] INFO  server.RaftServerConfigKeys (ConfUtils.java:logGet(43)) - raft.server.retrycache.expirytime = 600000ms (custom)
2019-10-07 08:13:28,561 [pool-67-thread-1] INFO  impl.RaftServerImpl (RaftServerImpl.java:start(181)) - e59dfa83-9a17-4bb1-b70c-789d43087210@group-BCB2176F899C: start as a follower, conf=-1: [e59dfa83-9a17-4bb1-b70c-789d43087210:192.168.164.251:43777], old=null
2019-10-07 08:13:28,561 [pool-67-thread-1] INFO  impl.RaftServerImpl (RaftServerImpl.java:setRole(170)) - e59dfa83-9a17-4bb1-b70c-789d43087210@group-BCB2176F899C: changes role from      null to FOLLOWER at term 0 for startAsFollower
2019-10-07 08:13:28,561 [pool-67-thread-1] INFO  impl.RoleInfo (RoleInfo.java:updateAndGet(143)) - e59dfa83-9a17-4bb1-b70c-789d43087210: start FollowerState
2019-10-07 08:13:28,563 [pool-67-thread-1] INFO  util.JmxRegister (JmxRegister.java:tryRegister(44)) - Successfully registered JMX Bean with object name Ratis:service=RaftServer,group=group-BCB2176F899C,id=e59dfa83-9a17-4bb1-b70c-789d43087210
2019-10-07 08:13:28,585 [RatisPipelineUtilsThread] INFO  pipeline.PipelineStateManager (PipelineStateManager.java:addPipeline(56)) - Created pipeline Pipeline[ Id: 2c937d95-c1f9-4b9a-8adf-bcb2176f899c, Nodes: e59dfa83-9a17-4bb1-b70c-789d43087210{ip: 192.168.164.251, host: pr-hdds-2239-kl4xt-1424884434, networkLocation: /default-rack, certSerialId: null}, Type:RATIS, Factor:ONE, State:OPEN]
2019-10-07 08:13:28,605 [grpc-default-executor-0] INFO  impl.RaftServerProxy (RaftServerProxy.java:addNew(89)) - 0cccb4d0-2641-47a5-9893-c9d42eb7a12b: addNew group-1A660E975725:[0cccb4d0-2641-47a5-9893-c9d42eb7a12b:192.168.164.251:41455] returns group-1A660E975725:java.util.concurrent.CompletableFuture@7624242b[Not completed]
2019-10-07 08:13:28,632 [pool-47-thread-1] INFO  impl.RaftServerImpl (RaftServerImpl.java:<init>(95)) - 0cccb4d0-2641-47a5-9893-c9d42eb7a12b: new RaftServerImpl for group-1A660E975725:[0cccb4d0-2641-47a5-9893-c9d42eb7a12b:192.168.164.251:41455] with ContainerStateMachine:uninitialized
2019-10-07 08:13:28,632 [pool-47-thread-1] INFO  server.RaftServerConfigKeys (ConfUtils.java:logGet(43)) - raft.server.rpc.timeout.min = 5s (custom)
2019-10-07 08:13:28,632 [pool-47-thread-1] INFO  server.RaftServerConfigKeys (ConfUtils.java:logGet(43)) - raft.server.rpc.timeout.max = 5200ms (custom)
2019-10-07 08:13:28,632 [pool-47-thread-1] INFO  server.RaftServerConfigKeys (ConfUtils.java:logGet(43)) - raft.server.rpcslowness.timeout = 120s (custom)
2019-10-07 08:13:28,632 [pool-47-thread-1] INFO  server.RaftServerConfigKeys (ConfUtils.java:logGet(43)) - raft.server.sleep.deviation.threshold = 300 (default)
2019-10-07 08:13:28,633 [pool-47-thread-1] INFO  server.RaftServerConfigKeys (ConfUtils.java:logGet(43)) - raft.server.log.appender.install.snapshot.enabled = false (custom)
2019-10-07 08:13:28,633 [pool-47-thread-1] INFO  impl.RaftServerImpl (ServerState.java:<init>(103)) - 0cccb4d0-2641-47a5-9893-c9d42eb7a12b@group-1A660E975725: ConfigurationManager, init=-1: [0cccb4d0-2641-47a5-9893-c9d42eb7a12b:192.168.164.251:41455], old=null, confs=<EMPTY_MAP>
2019-10-07 08:13:28,633 [pool-47-thread-1] INFO  server.RaftServerConfigKeys (ConfUtils.java:logGet(43)) - raft.server.storage.dir = [/workdir/hadoop-ozone/integration-test/target/test-dir/MiniOzoneClusterImpl-5b4a58c5-9c69-4384-bc29-0c75166a3d4d/datanode-2/data/ratis] (custom)
2019-10-07 08:13:28,633 [pool-47-thread-1] INFO  server.RaftServerConfigKeys (ConfUtils.java:logGet(43)) - raft.server.log.corruption.policy = EXCEPTION (default)
2019-10-07 08:13:28,634 [pool-47-thread-1] INFO  storage.RaftStorageDirectory (RaftStorageDirectory.java:analyzeStorage(246)) - The storage directory /workdir/hadoop-ozone/integration-test/target/test-dir/MiniOzoneClusterImpl-5b4a58c5-9c69-4384-bc29-0c75166a3d4d/datanode-2/data/ratis/c1e29689-ccb8-4d34-a645-1a660e975725 does not exist. Creating ...
2019-10-07 08:13:28,657 [pool-47-thread-1] INFO  storage.RaftStorageDirectory (RaftStorageDirectory.java:tryLock(328)) - Lock on /workdir/hadoop-ozone/integration-test/target/test-dir/MiniOzoneClusterImpl-5b4a58c5-9c69-4384-bc29-0c75166a3d4d/datanode-2/data/ratis/c1e29689-ccb8-4d34-a645-1a660e975725/in_use.lock acquired by nodename 30656@pr-hdds-2239-kl4xt-1424884434
2019-10-07 08:13:28,675 [pool-47-thread-1] INFO  storage.RaftStorage (RaftStorage.java:format(84)) - Storage directory /workdir/hadoop-ozone/integration-test/target/test-dir/MiniOzoneClusterImpl-5b4a58c5-9c69-4384-bc29-0c75166a3d4d/datanode-2/data/ratis/c1e29689-ccb8-4d34-a645-1a660e975725 has been successfully formatted.
2019-10-07 08:13:28,675 [pool-47-thread-1] INFO  ratis.ContainerStateMachine (ContainerStateMachine.java:loadSnapshot(231)) - group-1A660E975725: The snapshot info is null. Setting the last applied indexto:(t:0, i:~)
2019-10-07 08:13:28,676 [pool-47-thread-1] INFO  server.RaftServerConfigKeys (ConfUtils.java:logGet(43)) - raft.server.notification.no-leader.timeout = 120s (custom)
2019-10-07 08:13:28,676 [pool-47-thread-1] INFO  server.RaftServerConfigKeys (ConfUtils.java:logGet(43)) - raft.server.log.use.memory = false (default)
2019-10-07 08:13:28,676 [pool-47-thread-1] INFO  server.RaftServerConfigKeys (ConfUtils.java:logGet(43)) - raft.server.log.purge.gap = 1000000 (custom)
2019-10-07 08:13:28,676 [pool-47-thread-1] INFO  server.RaftServerConfigKeys (ConfUtils.java:logGet(43)) - raft.server.log.appender.buffer.byte-limit = 33554432 (custom)
2019-10-07 08:13:28,676 [pool-47-thread-1] INFO  server.RaftServerConfigKeys (ConfUtils.java:logGet(43)) - raft.server.log.segment.size.max = 1048576 (custom)
2019-10-07 08:13:28,723 [pool-47-thread-1] INFO  server.RaftServerConfigKeys (ConfUtils.java:logGet(43)) - raft.server.log.segment.cache.num.max = 2 (custom)
2019-10-07 08:13:28,724 [pool-47-thread-1] INFO  segmented.SegmentedRaftLogWorker (SegmentedRaftLogWorker.java:<init>(173)) - new 0cccb4d0-2641-47a5-9893-c9d42eb7a12b@group-1A660E975725-SegmentedRaftLogWorker for RaftStorage:Storage Directory /workdir/hadoop-ozone/integration-test/target/test-dir/MiniOzoneClusterImpl-5b4a58c5-9c69-4384-bc29-0c75166a3d4d/datanode-2/data/ratis/c1e29689-ccb8-4d34-a645-1a660e975725
2019-10-07 08:13:28,724 [pool-47-thread-1] INFO  server.RaftServerConfigKeys (ConfUtils.java:logGet(43)) - raft.server.log.queue.byte-limit = 2147483647 (custom)
2019-10-07 08:13:28,724 [pool-47-thread-1] INFO  server.RaftServerConfigKeys (ConfUtils.java:logGet(43)) - raft.server.log.queue.element-limit = 1024 (custom)
2019-10-07 08:13:28,724 [pool-47-thread-1] INFO  server.RaftServerConfigKeys (ConfUtils.java:logGet(43)) - raft.server.log.segment.size.max = 1048576 (custom)
2019-10-07 08:13:28,725 [pool-47-thread-1] INFO  server.RaftServerConfigKeys (ConfUtils.java:logGet(43)) - raft.server.log.preallocated.size = 16384 (custom)
2019-10-07 08:13:28,725 [pool-47-thread-1] INFO  server.RaftServerConfigKeys (ConfUtils.java:logGet(43)) - raft.server.log.write.buffer.size = 33554432 (custom)
2019-10-07 08:13:28,725 [pool-47-thread-1] INFO  server.RaftServerConfigKeys (ConfUtils.java:logGet(43)) - raft.server.log.force.sync.num = 128 (default)
2019-10-07 08:13:28,725 [pool-47-thread-1] INFO  server.RaftServerConfigKeys (ConfUtils.java:logGet(43)) - raft.server.log.statemachine.data.sync = true (default)
2019-10-07 08:13:28,726 [pool-47-thread-1] INFO  server.RaftServerConfigKeys (ConfUtils.java:logGet(43)) - raft.server.log.statemachine.data.sync.timeout = 10s (default)
2019-10-07 08:13:28,726 [pool-47-thread-1] INFO  server.RaftServerConfigKeys (ConfUtils.java:logGet(43)) - raft.server.log.statemachine.data.sync.timeout.retry = -1 (default)
2019-10-07 08:13:28,727 [pool-47-thread-1] INFO  server.RaftServerConfigKeys (ConfUtils.java:logGet(43)) - raft.server.log.statemachine.data.caching.enabled = true (custom)
2019-10-07 08:13:28,727 [pool-47-thread-1] INFO  segmented.SegmentedRaftLogWorker (SegmentedRaftLogWorker.java:lambda$new$0(128)) - 0cccb4d0-2641-47a5-9893-c9d42eb7a12b@group-1A660E975725-SegmentedRaftLogWorker: flushIndex: setUnconditionally 0 -> -1
2019-10-07 08:13:28,728 [pool-47-thread-1] INFO  server.RaftServerConfigKeys (ConfUtils.java:logGet(43)) - raft.server.snapshot.auto.trigger.enabled = true (custom)
2019-10-07 08:13:28,728 [pool-47-thread-1] INFO  server.RaftServerConfigKeys (ConfUtils.java:logGet(43)) - raft.server.snapshot.auto.trigger.threshold = 10000 (custom)
2019-10-07 08:13:28,728 [pool-47-thread-1] INFO  server.RaftServerConfigKeys (ConfUtils.java:logGet(43)) - raft.server.snapshot.retention.file.num = 5 (custom)
2019-10-07 08:13:28,729 [pool-47-thread-1] INFO  server.RaftServerConfigKeys (ConfUtils.java:logGet(43)) - raft.server.retrycache.expirytime = 600000ms (custom)
2019-10-07 08:13:28,735 [pool-47-thread-1] INFO  impl.RaftServerImpl (RaftServerImpl.java:start(181)) - 0cccb4d0-2641-47a5-9893-c9d42eb7a12b@group-1A660E975725: start as a follower, conf=-1: [0cccb4d0-2641-47a5-9893-c9d42eb7a12b:192.168.164.251:41455], old=null
2019-10-07 08:13:28,735 [pool-47-thread-1] INFO  impl.RaftServerImpl (RaftServerImpl.java:setRole(170)) - 0cccb4d0-2641-47a5-9893-c9d42eb7a12b@group-1A660E975725: changes role from      null to FOLLOWER at term 0 for startAsFollower
2019-10-07 08:13:28,735 [pool-47-thread-1] INFO  impl.RoleInfo (RoleInfo.java:updateAndGet(143)) - 0cccb4d0-2641-47a5-9893-c9d42eb7a12b: start FollowerState
2019-10-07 08:13:28,736 [pool-47-thread-1] INFO  util.JmxRegister (JmxRegister.java:tryRegister(44)) - Successfully registered JMX Bean with object name Ratis:service=RaftServer,group=group-1A660E975725,id=0cccb4d0-2641-47a5-9893-c9d42eb7a12b
2019-10-07 08:13:28,761 [RatisPipelineUtilsThread] INFO  pipeline.PipelineStateManager (PipelineStateManager.java:addPipeline(56)) - Created pipeline Pipeline[ Id: c1e29689-ccb8-4d34-a645-1a660e975725, Nodes: 0cccb4d0-2641-47a5-9893-c9d42eb7a12b{ip: 192.168.164.251, host: pr-hdds-2239-kl4xt-1424884434, networkLocation: /default-rack, certSerialId: null}, Type:RATIS, Factor:ONE, State:OPEN]
2019-10-07 08:13:28,783 [grpc-default-executor-0] INFO  impl.RaftServerProxy (RaftServerProxy.java:addNew(89)) - 57cb8c1e-21d0-4132-8977-99a9151d6701: addNew group-696E843EC49E:[57cb8c1e-21d0-4132-8977-99a9151d6701:192.168.164.251:42454] returns group-696E843EC49E:java.util.concurrent.CompletableFuture@35808f30[Not completed]
2019-10-07 08:13:28,789 [pool-57-thread-1] INFO  impl.RaftServerImpl (RaftServerImpl.java:<init>(95)) - 57cb8c1e-21d0-4132-8977-99a9151d6701: new RaftServerImpl for group-696E843EC49E:[57cb8c1e-21d0-4132-8977-99a9151d6701:192.168.164.251:42454] with ContainerStateMachine:uninitialized
2019-10-07 08:13:28,789 [pool-57-thread-1] INFO  server.RaftServerConfigKeys (ConfUtils.java:logGet(43)) - raft.server.rpc.timeout.min = 5s (custom)
2019-10-07 08:13:28,791 [pool-57-thread-1] INFO  server.RaftServerConfigKeys (ConfUtils.java:logGet(43)) - raft.server.rpc.timeout.max = 5200ms (custom)
2019-10-07 08:13:28,791 [pool-57-thread-1] INFO  server.RaftServerConfigKeys (ConfUtils.java:logGet(43)) - raft.server.rpcslowness.timeout = 120s (custom)
2019-10-07 08:13:28,791 [pool-57-thread-1] INFO  server.RaftServerConfigKeys (ConfUtils.java:logGet(43)) - raft.server.sleep.deviation.threshold = 300 (default)
2019-10-07 08:13:28,791 [pool-57-thread-1] INFO  server.RaftServerConfigKeys (ConfUtils.java:logGet(43)) - raft.server.log.appender.install.snapshot.enabled = false (custom)
2019-10-07 08:13:28,792 [pool-57-thread-1] INFO  impl.RaftServerImpl (ServerState.java:<init>(103)) - 57cb8c1e-21d0-4132-8977-99a9151d6701@group-696E843EC49E: ConfigurationManager, init=-1: [57cb8c1e-21d0-4132-8977-99a9151d6701:192.168.164.251:42454], old=null, confs=<EMPTY_MAP>
2019-10-07 08:13:28,792 [pool-57-thread-1] INFO  server.RaftServerConfigKeys (ConfUtils.java:logGet(43)) - raft.server.storage.dir = [/workdir/hadoop-ozone/integration-test/target/test-dir/MiniOzoneClusterImpl-5b4a58c5-9c69-4384-bc29-0c75166a3d4d/datanode-3/data/ratis] (custom)
2019-10-07 08:13:28,793 [pool-57-thread-1] INFO  server.RaftServerConfigKeys (ConfUtils.java:logGet(43)) - raft.server.log.corruption.policy = EXCEPTION (default)
2019-10-07 08:13:28,794 [pool-57-thread-1] INFO  storage.RaftStorageDirectory (RaftStorageDirectory.java:analyzeStorage(246)) - The storage directory /workdir/hadoop-ozone/integration-test/target/test-dir/MiniOzoneClusterImpl-5b4a58c5-9c69-4384-bc29-0c75166a3d4d/datanode-3/data/ratis/a4fb4c00-2804-4062-a56b-696e843ec49e does not exist. Creating ...
2019-10-07 08:13:28,808 [pool-57-thread-1] INFO  storage.RaftStorageDirectory (RaftStorageDirectory.java:tryLock(328)) - Lock on /workdir/hadoop-ozone/integration-test/target/test-dir/MiniOzoneClusterImpl-5b4a58c5-9c69-4384-bc29-0c75166a3d4d/datanode-3/data/ratis/a4fb4c00-2804-4062-a56b-696e843ec49e/in_use.lock acquired by nodename 30656@pr-hdds-2239-kl4xt-1424884434
2019-10-07 08:13:28,822 [pool-57-thread-1] INFO  storage.RaftStorage (RaftStorage.java:format(84)) - Storage directory /workdir/hadoop-ozone/integration-test/target/test-dir/MiniOzoneClusterImpl-5b4a58c5-9c69-4384-bc29-0c75166a3d4d/datanode-3/data/ratis/a4fb4c00-2804-4062-a56b-696e843ec49e has been successfully formatted.
2019-10-07 08:13:28,823 [pool-57-thread-1] INFO  ratis.ContainerStateMachine (ContainerStateMachine.java:loadSnapshot(231)) - group-696E843EC49E: The snapshot info is null. Setting the last applied indexto:(t:0, i:~)
2019-10-07 08:13:28,823 [pool-57-thread-1] INFO  server.RaftServerConfigKeys (ConfUtils.java:logGet(43)) - raft.server.notification.no-leader.timeout = 120s (custom)
2019-10-07 08:13:28,824 [pool-57-thread-1] INFO  server.RaftServerConfigKeys (ConfUtils.java:logGet(43)) - raft.server.log.use.memory = false (default)
2019-10-07 08:13:28,824 [pool-57-thread-1] INFO  server.RaftServerConfigKeys (ConfUtils.java:logGet(43)) - raft.server.log.purge.gap = 1000000 (custom)
2019-10-07 08:13:28,824 [pool-57-thread-1] INFO  server.RaftServerConfigKeys (ConfUtils.java:logGet(43)) - raft.server.log.appender.buffer.byte-limit = 33554432 (custom)
2019-10-07 08:13:28,824 [pool-57-thread-1] INFO  server.RaftServerConfigKeys (ConfUtils.java:logGet(43)) - raft.server.log.segment.size.max = 1048576 (custom)
2019-10-07 08:13:28,842 [pool-57-thread-1] INFO  server.RaftServerConfigKeys (ConfUtils.java:logGet(43)) - raft.server.log.segment.cache.num.max = 2 (custom)
2019-10-07 08:13:28,843 [pool-57-thread-1] INFO  segmented.SegmentedRaftLogWorker (SegmentedRaftLogWorker.java:<init>(173)) - new 57cb8c1e-21d0-4132-8977-99a9151d6701@group-696E843EC49E-SegmentedRaftLogWorker for RaftStorage:Storage Directory /workdir/hadoop-ozone/integration-test/target/test-dir/MiniOzoneClusterImpl-5b4a58c5-9c69-4384-bc29-0c75166a3d4d/datanode-3/data/ratis/a4fb4c00-2804-4062-a56b-696e843ec49e
2019-10-07 08:13:28,843 [pool-57-thread-1] INFO  server.RaftServerConfigKeys (ConfUtils.java:logGet(43)) - raft.server.log.queue.byte-limit = 2147483647 (custom)
2019-10-07 08:13:28,843 [pool-57-thread-1] INFO  server.RaftServerConfigKeys (ConfUtils.java:logGet(43)) - raft.server.log.queue.element-limit = 1024 (custom)
2019-10-07 08:13:28,843 [pool-57-thread-1] INFO  server.RaftServerConfigKeys (ConfUtils.java:logGet(43)) - raft.server.log.segment.size.max = 1048576 (custom)
2019-10-07 08:13:28,844 [pool-57-thread-1] INFO  server.RaftServerConfigKeys (ConfUtils.java:logGet(43)) - raft.server.log.preallocated.size = 16384 (custom)
2019-10-07 08:13:28,844 [pool-57-thread-1] INFO  server.RaftServerConfigKeys (ConfUtils.java:logGet(43)) - raft.server.log.write.buffer.size = 33554432 (custom)
2019-10-07 08:13:28,844 [pool-57-thread-1] INFO  server.RaftServerConfigKeys (ConfUtils.java:logGet(43)) - raft.server.log.force.sync.num = 128 (default)
2019-10-07 08:13:28,844 [pool-57-thread-1] INFO  server.RaftServerConfigKeys (ConfUtils.java:logGet(43)) - raft.server.log.statemachine.data.sync = true (default)
2019-10-07 08:13:28,844 [pool-57-thread-1] INFO  server.RaftServerConfigKeys (ConfUtils.java:logGet(43)) - raft.server.log.statemachine.data.sync.timeout = 10s (default)
2019-10-07 08:13:28,844 [pool-57-thread-1] INFO  server.RaftServerConfigKeys (ConfUtils.java:logGet(43)) - raft.server.log.statemachine.data.sync.timeout.retry = -1 (default)
2019-10-07 08:13:28,845 [pool-57-thread-1] INFO  server.RaftServerConfigKeys (ConfUtils.java:logGet(43)) - raft.server.log.statemachine.data.caching.enabled = true (custom)
2019-10-07 08:13:28,846 [pool-57-thread-1] INFO  segmented.SegmentedRaftLogWorker (SegmentedRaftLogWorker.java:lambda$new$0(128)) - 57cb8c1e-21d0-4132-8977-99a9151d6701@group-696E843EC49E-SegmentedRaftLogWorker: flushIndex: setUnconditionally 0 -> -1
2019-10-07 08:13:28,846 [pool-57-thread-1] INFO  server.RaftServerConfigKeys (ConfUtils.java:logGet(43)) - raft.server.snapshot.auto.trigger.enabled = true (custom)
2019-10-07 08:13:28,846 [pool-57-thread-1] INFO  server.RaftServerConfigKeys (ConfUtils.java:logGet(43)) - raft.server.snapshot.auto.trigger.threshold = 10000 (custom)
2019-10-07 08:13:28,847 [pool-57-thread-1] INFO  server.RaftServerConfigKeys (ConfUtils.java:logGet(43)) - raft.server.snapshot.retention.file.num = 5 (custom)
2019-10-07 08:13:28,847 [pool-57-thread-1] INFO  server.RaftServerConfigKeys (ConfUtils.java:logGet(43)) - raft.server.retrycache.expirytime = 600000ms (custom)
2019-10-07 08:13:28,849 [main] INFO  rpc.RpcClient (RpcClient.java:createVolume(277)) - Creating Volume: watchforcommithandlingtest, with jenkins1000 as owner.
2019-10-07 08:13:28,852 [pool-57-thread-1] INFO  impl.RaftServerImpl (RaftServerImpl.java:start(181)) - 57cb8c1e-21d0-4132-8977-99a9151d6701@group-696E843EC49E: start as a follower, conf=-1: [57cb8c1e-21d0-4132-8977-99a9151d6701:192.168.164.251:42454], old=null
2019-10-07 08:13:28,852 [pool-57-thread-1] INFO  impl.RaftServerImpl (RaftServerImpl.java:setRole(170)) - 57cb8c1e-21d0-4132-8977-99a9151d6701@group-696E843EC49E: changes role from      null to FOLLOWER at term 0 for startAsFollower
2019-10-07 08:13:28,852 [pool-57-thread-1] INFO  impl.RoleInfo (RoleInfo.java:updateAndGet(143)) - 57cb8c1e-21d0-4132-8977-99a9151d6701: start FollowerState
2019-10-07 08:13:28,853 [pool-57-thread-1] INFO  util.JmxRegister (JmxRegister.java:tryRegister(44)) - Successfully registered JMX Bean with object name Ratis:service=RaftServer,group=group-696E843EC49E,id=57cb8c1e-21d0-4132-8977-99a9151d6701
2019-10-07 08:13:28,871 [RatisPipelineUtilsThread] INFO  pipeline.PipelineStateManager (PipelineStateManager.java:addPipeline(56)) - Created pipeline Pipeline[ Id: a4fb4c00-2804-4062-a56b-696e843ec49e, Nodes: 57cb8c1e-21d0-4132-8977-99a9151d6701{ip: 192.168.164.251, host: pr-hdds-2239-kl4xt-1424884434, networkLocation: /default-rack, certSerialId: null}, Type:RATIS, Factor:ONE, State:OPEN]
2019-10-07 08:13:28,895 [grpc-default-executor-0] INFO  impl.RaftServerProxy (RaftServerProxy.java:addNew(89)) - 37d14489-715e-406a-9389-ed45aea28467: addNew group-903B8E84FA8D:[37d14489-715e-406a-9389-ed45aea28467:192.168.164.251:43032] returns group-903B8E84FA8D:java.util.concurrent.CompletableFuture@5a6a95e6[Not completed]
2019-10-07 08:13:28,899 [pool-87-thread-1] INFO  impl.RaftServerImpl (RaftServerImpl.java:<init>(95)) - 37d14489-715e-406a-9389-ed45aea28467: new RaftServerImpl for group-903B8E84FA8D:[37d14489-715e-406a-9389-ed45aea28467:192.168.164.251:43032] with ContainerStateMachine:uninitialized
2019-10-07 08:13:28,899 [pool-87-thread-1] INFO  server.RaftServerConfigKeys (ConfUtils.java:logGet(43)) - raft.server.rpc.timeout.min = 5s (custom)
2019-10-07 08:13:28,900 [pool-87-thread-1] INFO  server.RaftServerConfigKeys (ConfUtils.java:logGet(43)) - raft.server.rpc.timeout.max = 5200ms (custom)
2019-10-07 08:13:28,900 [pool-87-thread-1] INFO  server.RaftServerConfigKeys (ConfUtils.java:logGet(43)) - raft.server.rpcslowness.timeout = 120s (custom)
2019-10-07 08:13:28,900 [pool-87-thread-1] INFO  server.RaftServerConfigKeys (ConfUtils.java:logGet(43)) - raft.server.sleep.deviation.threshold = 300 (default)
2019-10-07 08:13:28,900 [pool-87-thread-1] INFO  server.RaftServerConfigKeys (ConfUtils.java:logGet(43)) - raft.server.log.appender.install.snapshot.enabled = false (custom)
2019-10-07 08:13:28,900 [pool-87-thread-1] INFO  impl.RaftServerImpl (ServerState.java:<init>(103)) - 37d14489-715e-406a-9389-ed45aea28467@group-903B8E84FA8D: ConfigurationManager, init=-1: [37d14489-715e-406a-9389-ed45aea28467:192.168.164.251:43032], old=null, confs=<EMPTY_MAP>
2019-10-07 08:13:28,900 [pool-87-thread-1] INFO  server.RaftServerConfigKeys (ConfUtils.java:logGet(43)) - raft.server.storage.dir = [/workdir/hadoop-ozone/integration-test/target/test-dir/MiniOzoneClusterImpl-5b4a58c5-9c69-4384-bc29-0c75166a3d4d/datanode-6/data/ratis] (custom)
2019-10-07 08:13:28,900 [pool-87-thread-1] INFO  server.RaftServerConfigKeys (ConfUtils.java:logGet(43)) - raft.server.log.corruption.policy = EXCEPTION (default)
2019-10-07 08:13:28,901 [pool-87-thread-1] INFO  storage.RaftStorageDirectory (RaftStorageDirectory.java:analyzeStorage(246)) - The storage directory /workdir/hadoop-ozone/integration-test/target/test-dir/MiniOzoneClusterImpl-5b4a58c5-9c69-4384-bc29-0c75166a3d4d/datanode-6/data/ratis/3c0ad651-999a-4aa5-9d3b-903b8e84fa8d does not exist. Creating ...
2019-10-07 08:13:28,914 [pool-87-thread-1] INFO  storage.RaftStorageDirectory (RaftStorageDirectory.java:tryLock(328)) - Lock on /workdir/hadoop-ozone/integration-test/target/test-dir/MiniOzoneClusterImpl-5b4a58c5-9c69-4384-bc29-0c75166a3d4d/datanode-6/data/ratis/3c0ad651-999a-4aa5-9d3b-903b8e84fa8d/in_use.lock acquired by nodename 30656@pr-hdds-2239-kl4xt-1424884434
2019-10-07 08:13:28,927 [pool-87-thread-1] INFO  storage.RaftStorage (RaftStorage.java:format(84)) - Storage directory /workdir/hadoop-ozone/integration-test/target/test-dir/MiniOzoneClusterImpl-5b4a58c5-9c69-4384-bc29-0c75166a3d4d/datanode-6/data/ratis/3c0ad651-999a-4aa5-9d3b-903b8e84fa8d has been successfully formatted.
2019-10-07 08:13:28,928 [pool-87-thread-1] INFO  ratis.ContainerStateMachine (ContainerStateMachine.java:loadSnapshot(231)) - group-903B8E84FA8D: The snapshot info is null. Setting the last applied indexto:(t:0, i:~)
2019-10-07 08:13:28,928 [pool-87-thread-1] INFO  server.RaftServerConfigKeys (ConfUtils.java:logGet(43)) - raft.server.notification.no-leader.timeout = 120s (custom)
2019-10-07 08:13:28,928 [pool-87-thread-1] INFO  server.RaftServerConfigKeys (ConfUtils.java:logGet(43)) - raft.server.log.use.memory = false (default)
2019-10-07 08:13:28,928 [pool-87-thread-1] INFO  server.RaftServerConfigKeys (ConfUtils.java:logGet(43)) - raft.server.log.purge.gap = 1000000 (custom)
2019-10-07 08:13:28,928 [pool-87-thread-1] INFO  server.RaftServerConfigKeys (ConfUtils.java:logGet(43)) - raft.server.log.appender.buffer.byte-limit = 33554432 (custom)
2019-10-07 08:13:28,929 [pool-87-thread-1] INFO  server.RaftServerConfigKeys (ConfUtils.java:logGet(43)) - raft.server.log.segment.size.max = 1048576 (custom)
2019-10-07 08:13:28,932 [pool-87-thread-1] INFO  server.RaftServerConfigKeys (ConfUtils.java:logGet(43)) - raft.server.log.segment.cache.num.max = 2 (custom)
2019-10-07 08:13:28,932 [pool-87-thread-1] INFO  segmented.SegmentedRaftLogWorker (SegmentedRaftLogWorker.java:<init>(173)) - new 37d14489-715e-406a-9389-ed45aea28467@group-903B8E84FA8D-SegmentedRaftLogWorker for RaftStorage:Storage Directory /workdir/hadoop-ozone/integration-test/target/test-dir/MiniOzoneClusterImpl-5b4a58c5-9c69-4384-bc29-0c75166a3d4d/datanode-6/data/ratis/3c0ad651-999a-4aa5-9d3b-903b8e84fa8d
2019-10-07 08:13:28,932 [pool-87-thread-1] INFO  server.RaftServerConfigKeys (ConfUtils.java:logGet(43)) - raft.server.log.queue.byte-limit = 2147483647 (custom)
2019-10-07 08:13:28,932 [pool-87-thread-1] INFO  server.RaftServerConfigKeys (ConfUtils.java:logGet(43)) - raft.server.log.queue.element-limit = 1024 (custom)
2019-10-07 08:13:28,932 [pool-87-thread-1] INFO  server.RaftServerConfigKeys (ConfUtils.java:logGet(43)) - raft.server.log.segment.size.max = 1048576 (custom)
2019-10-07 08:13:28,932 [pool-87-thread-1] INFO  server.RaftServerConfigKeys (ConfUtils.java:logGet(43)) - raft.server.log.preallocated.size = 16384 (custom)
2019-10-07 08:13:28,933 [pool-87-thread-1] INFO  server.RaftServerConfigKeys (ConfUtils.java:logGet(43)) - raft.server.log.write.buffer.size = 33554432 (custom)
2019-10-07 08:13:28,933 [pool-87-thread-1] INFO  server.RaftServerConfigKeys (ConfUtils.java:logGet(43)) - raft.server.log.force.sync.num = 128 (default)
2019-10-07 08:13:28,933 [pool-87-thread-1] INFO  server.RaftServerConfigKeys (ConfUtils.java:logGet(43)) - raft.server.log.statemachine.data.sync = true (default)
2019-10-07 08:13:28,933 [pool-87-thread-1] INFO  server.RaftServerConfigKeys (ConfUtils.java:logGet(43)) - raft.server.log.statemachine.data.sync.timeout = 10s (default)
2019-10-07 08:13:28,933 [pool-87-thread-1] INFO  server.RaftServerConfigKeys (ConfUtils.java:logGet(43)) - raft.server.log.statemachine.data.sync.timeout.retry = -1 (default)
2019-10-07 08:13:28,934 [pool-87-thread-1] INFO  server.RaftServerConfigKeys (ConfUtils.java:logGet(43)) - raft.server.log.statemachine.data.caching.enabled = true (custom)
2019-10-07 08:13:28,934 [pool-87-thread-1] INFO  segmented.SegmentedRaftLogWorker (SegmentedRaftLogWorker.java:lambda$new$0(128)) - 37d14489-715e-406a-9389-ed45aea28467@group-903B8E84FA8D-SegmentedRaftLogWorker: flushIndex: setUnconditionally 0 -> -1
2019-10-07 08:13:28,935 [pool-87-thread-1] INFO  server.RaftServerConfigKeys (ConfUtils.java:logGet(43)) - raft.server.snapshot.auto.trigger.enabled = true (custom)
2019-10-07 08:13:28,935 [pool-87-thread-1] INFO  server.RaftServerConfigKeys (ConfUtils.java:logGet(43)) - raft.server.snapshot.auto.trigger.threshold = 10000 (custom)
2019-10-07 08:13:28,935 [pool-87-thread-1] INFO  server.RaftServerConfigKeys (ConfUtils.java:logGet(43)) - raft.server.snapshot.retention.file.num = 5 (custom)
2019-10-07 08:13:28,935 [pool-87-thread-1] INFO  server.RaftServerConfigKeys (ConfUtils.java:logGet(43)) - raft.server.retrycache.expirytime = 600000ms (custom)
2019-10-07 08:13:28,938 [pool-87-thread-1] INFO  impl.RaftServerImpl (RaftServerImpl.java:start(181)) - 37d14489-715e-406a-9389-ed45aea28467@group-903B8E84FA8D: start as a follower, conf=-1: [37d14489-715e-406a-9389-ed45aea28467:192.168.164.251:43032], old=null
2019-10-07 08:13:28,938 [pool-87-thread-1] INFO  impl.RaftServerImpl (RaftServerImpl.java:setRole(170)) - 37d14489-715e-406a-9389-ed45aea28467@group-903B8E84FA8D: changes role from      null to FOLLOWER at term 0 for startAsFollower
2019-10-07 08:13:28,938 [pool-87-thread-1] INFO  impl.RoleInfo (RoleInfo.java:updateAndGet(143)) - 37d14489-715e-406a-9389-ed45aea28467: start FollowerState
2019-10-07 08:13:28,939 [pool-87-thread-1] INFO  util.JmxRegister (JmxRegister.java:tryRegister(44)) - Successfully registered JMX Bean with object name Ratis:service=RaftServer,group=group-903B8E84FA8D,id=37d14489-715e-406a-9389-ed45aea28467
2019-10-07 08:13:28,955 [RatisPipelineUtilsThread] INFO  pipeline.PipelineStateManager (PipelineStateManager.java:addPipeline(56)) - Created pipeline Pipeline[ Id: 3c0ad651-999a-4aa5-9d3b-903b8e84fa8d, Nodes: 37d14489-715e-406a-9389-ed45aea28467{ip: 192.168.164.251, host: pr-hdds-2239-kl4xt-1424884434, networkLocation: /default-rack, certSerialId: null}, Type:RATIS, Factor:ONE, State:OPEN]
2019-10-07 08:13:28,974 [grpc-default-executor-0] INFO  impl.RaftServerProxy (RaftServerProxy.java:addNew(89)) - 7198aa53-25d6-4a9d-90fc-cc52d5e83171: addNew group-A1687393B28F:[7198aa53-25d6-4a9d-90fc-cc52d5e83171:192.168.164.251:33459] returns group-A1687393B28F:java.util.concurrent.CompletableFuture@688fe48f[Not completed]
2019-10-07 08:13:28,977 [pool-77-thread-1] INFO  impl.RaftServerImpl (RaftServerImpl.java:<init>(95)) - 7198aa53-25d6-4a9d-90fc-cc52d5e83171: new RaftServerImpl for group-A1687393B28F:[7198aa53-25d6-4a9d-90fc-cc52d5e83171:192.168.164.251:33459] with ContainerStateMachine:uninitialized
2019-10-07 08:13:28,978 [pool-77-thread-1] INFO  server.RaftServerConfigKeys (ConfUtils.java:logGet(43)) - raft.server.rpc.timeout.min = 5s (custom)
2019-10-07 08:13:28,978 [pool-77-thread-1] INFO  server.RaftServerConfigKeys (ConfUtils.java:logGet(43)) - raft.server.rpc.timeout.max = 5200ms (custom)
2019-10-07 08:13:28,978 [pool-77-thread-1] INFO  server.RaftServerConfigKeys (ConfUtils.java:logGet(43)) - raft.server.rpcslowness.timeout = 120s (custom)
2019-10-07 08:13:28,978 [pool-77-thread-1] INFO  server.RaftServerConfigKeys (ConfUtils.java:logGet(43)) - raft.server.sleep.deviation.threshold = 300 (default)
2019-10-07 08:13:28,978 [pool-77-thread-1] INFO  server.RaftServerConfigKeys (ConfUtils.java:logGet(43)) - raft.server.log.appender.install.snapshot.enabled = false (custom)
2019-10-07 08:13:28,978 [pool-77-thread-1] INFO  impl.RaftServerImpl (ServerState.java:<init>(103)) - 7198aa53-25d6-4a9d-90fc-cc52d5e83171@group-A1687393B28F: ConfigurationManager, init=-1: [7198aa53-25d6-4a9d-90fc-cc52d5e83171:192.168.164.251:33459], old=null, confs=<EMPTY_MAP>
2019-10-07 08:13:28,978 [pool-77-thread-1] INFO  server.RaftServerConfigKeys (ConfUtils.java:logGet(43)) - raft.server.storage.dir = [/workdir/hadoop-ozone/integration-test/target/test-dir/MiniOzoneClusterImpl-5b4a58c5-9c69-4384-bc29-0c75166a3d4d/datanode-5/data/ratis] (custom)
2019-10-07 08:13:28,979 [pool-77-thread-1] INFO  server.RaftServerConfigKeys (ConfUtils.java:logGet(43)) - raft.server.log.corruption.policy = EXCEPTION (default)
2019-10-07 08:13:28,979 [pool-77-thread-1] INFO  storage.RaftStorageDirectory (RaftStorageDirectory.java:analyzeStorage(246)) - The storage directory /workdir/hadoop-ozone/integration-test/target/test-dir/MiniOzoneClusterImpl-5b4a58c5-9c69-4384-bc29-0c75166a3d4d/datanode-5/data/ratis/02c30473-779c-4a11-a94f-a1687393b28f does not exist. Creating ...
2019-10-07 08:13:28,991 [pool-77-thread-1] INFO  storage.RaftStorageDirectory (RaftStorageDirectory.java:tryLock(328)) - Lock on /workdir/hadoop-ozone/integration-test/target/test-dir/MiniOzoneClusterImpl-5b4a58c5-9c69-4384-bc29-0c75166a3d4d/datanode-5/data/ratis/02c30473-779c-4a11-a94f-a1687393b28f/in_use.lock acquired by nodename 30656@pr-hdds-2239-kl4xt-1424884434
2019-10-07 08:13:29,310 [IPC Server handler 0 on 45753] INFO  volume.OMVolumeCreateRequest (OMVolumeCreateRequest.java:validateAndUpdateCache(193)) - created volume:watchforcommithandlingtest for user:jenkins1000
2019-10-07 08:13:29,322 [pool-77-thread-1] INFO  storage.RaftStorage (RaftStorage.java:format(84)) - Storage directory /workdir/hadoop-ozone/integration-test/target/test-dir/MiniOzoneClusterImpl-5b4a58c5-9c69-4384-bc29-0c75166a3d4d/datanode-5/data/ratis/02c30473-779c-4a11-a94f-a1687393b28f has been successfully formatted.
2019-10-07 08:13:29,341 [pool-77-thread-1] INFO  ratis.ContainerStateMachine (ContainerStateMachine.java:loadSnapshot(231)) - group-A1687393B28F: The snapshot info is null. Setting the last applied indexto:(t:0, i:~)
2019-10-07 08:13:29,342 [pool-77-thread-1] INFO  server.RaftServerConfigKeys (ConfUtils.java:logGet(43)) - raft.server.notification.no-leader.timeout = 120s (custom)
2019-10-07 08:13:29,342 [pool-77-thread-1] INFO  server.RaftServerConfigKeys (ConfUtils.java:logGet(43)) - raft.server.log.use.memory = false (default)
2019-10-07 08:13:29,342 [pool-77-thread-1] INFO  server.RaftServerConfigKeys (ConfUtils.java:logGet(43)) - raft.server.log.purge.gap = 1000000 (custom)
2019-10-07 08:13:29,343 [pool-77-thread-1] INFO  server.RaftServerConfigKeys (ConfUtils.java:logGet(43)) - raft.server.log.appender.buffer.byte-limit = 33554432 (custom)
2019-10-07 08:13:29,343 [pool-77-thread-1] INFO  server.RaftServerConfigKeys (ConfUtils.java:logGet(43)) - raft.server.log.segment.size.max = 1048576 (custom)
2019-10-07 08:13:29,353 [pool-77-thread-1] INFO  server.RaftServerConfigKeys (ConfUtils.java:logGet(43)) - raft.server.log.segment.cache.num.max = 2 (custom)
2019-10-07 08:13:29,353 [pool-77-thread-1] INFO  segmented.SegmentedRaftLogWorker (SegmentedRaftLogWorker.java:<init>(173)) - new 7198aa53-25d6-4a9d-90fc-cc52d5e83171@group-A1687393B28F-SegmentedRaftLogWorker for RaftStorage:Storage Directory /workdir/hadoop-ozone/integration-test/target/test-dir/MiniOzoneClusterImpl-5b4a58c5-9c69-4384-bc29-0c75166a3d4d/datanode-5/data/ratis/02c30473-779c-4a11-a94f-a1687393b28f
2019-10-07 08:13:29,353 [pool-77-thread-1] INFO  server.RaftServerConfigKeys (ConfUtils.java:logGet(43)) - raft.server.log.queue.byte-limit = 2147483647 (custom)
2019-10-07 08:13:29,353 [pool-77-thread-1] INFO  server.RaftServerConfigKeys (ConfUtils.java:logGet(43)) - raft.server.log.queue.element-limit = 1024 (custom)
2019-10-07 08:13:29,355 [pool-77-thread-1] INFO  server.RaftServerConfigKeys (ConfUtils.java:logGet(43)) - raft.server.log.segment.size.max = 1048576 (custom)
2019-10-07 08:13:29,355 [pool-77-thread-1] INFO  server.RaftServerConfigKeys (ConfUtils.java:logGet(43)) - raft.server.log.preallocated.size = 16384 (custom)
2019-10-07 08:13:29,355 [pool-77-thread-1] INFO  server.RaftServerConfigKeys (ConfUtils.java:logGet(43)) - raft.server.log.write.buffer.size = 33554432 (custom)
2019-10-07 08:13:29,355 [pool-77-thread-1] INFO  server.RaftServerConfigKeys (ConfUtils.java:logGet(43)) - raft.server.log.force.sync.num = 128 (default)
2019-10-07 08:13:29,355 [pool-77-thread-1] INFO  server.RaftServerConfigKeys (ConfUtils.java:logGet(43)) - raft.server.log.statemachine.data.sync = true (default)
2019-10-07 08:13:29,355 [pool-77-thread-1] INFO  server.RaftServerConfigKeys (ConfUtils.java:logGet(43)) - raft.server.log.statemachine.data.sync.timeout = 10s (default)
2019-10-07 08:13:29,355 [pool-77-thread-1] INFO  server.RaftServerConfigKeys (ConfUtils.java:logGet(43)) - raft.server.log.statemachine.data.sync.timeout.retry = -1 (default)
2019-10-07 08:13:29,357 [pool-77-thread-1] INFO  server.RaftServerConfigKeys (ConfUtils.java:logGet(43)) - raft.server.log.statemachine.data.caching.enabled = true (custom)
2019-10-07 08:13:29,357 [pool-77-thread-1] INFO  segmented.SegmentedRaftLogWorker (SegmentedRaftLogWorker.java:lambda$new$0(128)) - 7198aa53-25d6-4a9d-90fc-cc52d5e83171@group-A1687393B28F-SegmentedRaftLogWorker: flushIndex: setUnconditionally 0 -> -1
2019-10-07 08:13:29,357 [pool-77-thread-1] INFO  server.RaftServerConfigKeys (ConfUtils.java:logGet(43)) - raft.server.snapshot.auto.trigger.enabled = true (custom)
2019-10-07 08:13:29,357 [pool-77-thread-1] INFO  server.RaftServerConfigKeys (ConfUtils.java:logGet(43)) - raft.server.snapshot.auto.trigger.threshold = 10000 (custom)
2019-10-07 08:13:29,358 [pool-77-thread-1] INFO  server.RaftServerConfigKeys (ConfUtils.java:logGet(43)) - raft.server.snapshot.retention.file.num = 5 (custom)
2019-10-07 08:13:29,358 [pool-77-thread-1] INFO  server.RaftServerConfigKeys (ConfUtils.java:logGet(43)) - raft.server.retrycache.expirytime = 600000ms (custom)
2019-10-07 08:13:29,360 [pool-77-thread-1] INFO  impl.RaftServerImpl (RaftServerImpl.java:start(181)) - 7198aa53-25d6-4a9d-90fc-cc52d5e83171@group-A1687393B28F: start as a follower, conf=-1: [7198aa53-25d6-4a9d-90fc-cc52d5e83171:192.168.164.251:33459], old=null
2019-10-07 08:13:29,360 [pool-77-thread-1] INFO  impl.RaftServerImpl (RaftServerImpl.java:setRole(170)) - 7198aa53-25d6-4a9d-90fc-cc52d5e83171@group-A1687393B28F: changes role from      null to FOLLOWER at term 0 for startAsFollower
2019-10-07 08:13:29,360 [pool-77-thread-1] INFO  impl.RoleInfo (RoleInfo.java:updateAndGet(143)) - 7198aa53-25d6-4a9d-90fc-cc52d5e83171: start FollowerState
2019-10-07 08:13:29,360 [pool-77-thread-1] INFO  util.JmxRegister (JmxRegister.java:tryRegister(44)) - Successfully registered JMX Bean with object name Ratis:service=RaftServer,group=group-A1687393B28F,id=7198aa53-25d6-4a9d-90fc-cc52d5e83171
2019-10-07 08:13:29,362 [main] INFO  rpc.RpcClient (RpcClient.java:createBucket(416)) - Creating Bucket: watchforcommithandlingtest/watchforcommithandlingtest, with Versioning false and Storage Type set to DISK and Encryption set to false 
2019-10-07 08:13:29,371 [RatisPipelineUtilsThread] INFO  pipeline.PipelineStateManager (PipelineStateManager.java:addPipeline(56)) - Created pipeline Pipeline[ Id: 02c30473-779c-4a11-a94f-a1687393b28f, Nodes: 7198aa53-25d6-4a9d-90fc-cc52d5e83171{ip: 192.168.164.251, host: pr-hdds-2239-kl4xt-1424884434, networkLocation: /default-rack, certSerialId: null}, Type:RATIS, Factor:ONE, State:OPEN]
2019-10-07 08:13:29,396 [grpc-default-executor-0] INFO  impl.RaftServerProxy (RaftServerProxy.java:addNew(89)) - fea79e59-0c34-4a77-8bc1-83ba780c5506: addNew group-D056021FD865:[fea79e59-0c34-4a77-8bc1-83ba780c5506:192.168.164.251:34443] returns group-D056021FD865:java.util.concurrent.CompletableFuture@1b97e16c[Not completed]
2019-10-07 08:13:29,397 [pool-37-thread-1] INFO  impl.RaftServerImpl (RaftServerImpl.java:<init>(95)) - fea79e59-0c34-4a77-8bc1-83ba780c5506: new RaftServerImpl for group-D056021FD865:[fea79e59-0c34-4a77-8bc1-83ba780c5506:192.168.164.251:34443] with ContainerStateMachine:uninitialized
2019-10-07 08:13:29,397 [pool-37-thread-1] INFO  server.RaftServerConfigKeys (ConfUtils.java:logGet(43)) - raft.server.rpc.timeout.min = 5s (custom)
2019-10-07 08:13:29,397 [pool-37-thread-1] INFO  server.RaftServerConfigKeys (ConfUtils.java:logGet(43)) - raft.server.rpc.timeout.max = 5200ms (custom)
2019-10-07 08:13:29,398 [pool-37-thread-1] INFO  server.RaftServerConfigKeys (ConfUtils.java:logGet(43)) - raft.server.rpcslowness.timeout = 120s (custom)
2019-10-07 08:13:29,398 [pool-37-thread-1] INFO  server.RaftServerConfigKeys (ConfUtils.java:logGet(43)) - raft.server.sleep.deviation.threshold = 300 (default)
2019-10-07 08:13:29,398 [pool-37-thread-1] INFO  server.RaftServerConfigKeys (ConfUtils.java:logGet(43)) - raft.server.log.appender.install.snapshot.enabled = false (custom)
2019-10-07 08:13:29,398 [pool-37-thread-1] INFO  impl.RaftServerImpl (ServerState.java:<init>(103)) - fea79e59-0c34-4a77-8bc1-83ba780c5506@group-D056021FD865: ConfigurationManager, init=-1: [fea79e59-0c34-4a77-8bc1-83ba780c5506:192.168.164.251:34443], old=null, confs=<EMPTY_MAP>
2019-10-07 08:13:29,398 [main] INFO  ozone.MiniOzoneClusterImpl (MiniOzoneClusterImpl.java:getStorageContainerLocationClient(234)) - Creating StorageContainerLocationProtocol RPC client with address /0.0.0.0:46671
2019-10-07 08:13:29,398 [pool-37-thread-1] INFO  server.RaftServerConfigKeys (ConfUtils.java:logGet(43)) - raft.server.storage.dir = [/workdir/hadoop-ozone/integration-test/target/test-dir/MiniOzoneClusterImpl-5b4a58c5-9c69-4384-bc29-0c75166a3d4d/datanode-1/data/ratis] (custom)
2019-10-07 08:13:29,398 [pool-37-thread-1] INFO  server.RaftServerConfigKeys (ConfUtils.java:logGet(43)) - raft.server.log.corruption.policy = EXCEPTION (default)
2019-10-07 08:13:29,399 [pool-37-thread-1] INFO  storage.RaftStorageDirectory (RaftStorageDirectory.java:analyzeStorage(246)) - The storage directory /workdir/hadoop-ozone/integration-test/target/test-dir/MiniOzoneClusterImpl-5b4a58c5-9c69-4384-bc29-0c75166a3d4d/datanode-1/data/ratis/ed823c11-27c3-4630-8dd9-d056021fd865 does not exist. Creating ...
2019-10-07 08:13:29,421 [pool-37-thread-1] INFO  storage.RaftStorageDirectory (RaftStorageDirectory.java:tryLock(328)) - Lock on /workdir/hadoop-ozone/integration-test/target/test-dir/MiniOzoneClusterImpl-5b4a58c5-9c69-4384-bc29-0c75166a3d4d/datanode-1/data/ratis/ed823c11-27c3-4630-8dd9-d056021fd865/in_use.lock acquired by nodename 30656@pr-hdds-2239-kl4xt-1424884434
2019-10-07 08:13:29,435 [pool-37-thread-1] INFO  storage.RaftStorage (RaftStorage.java:format(84)) - Storage directory /workdir/hadoop-ozone/integration-test/target/test-dir/MiniOzoneClusterImpl-5b4a58c5-9c69-4384-bc29-0c75166a3d4d/datanode-1/data/ratis/ed823c11-27c3-4630-8dd9-d056021fd865 has been successfully formatted.
2019-10-07 08:13:29,435 [pool-37-thread-1] INFO  ratis.ContainerStateMachine (ContainerStateMachine.java:loadSnapshot(231)) - group-D056021FD865: The snapshot info is null. Setting the last applied indexto:(t:0, i:~)
2019-10-07 08:13:29,435 [pool-37-thread-1] INFO  server.RaftServerConfigKeys (ConfUtils.java:logGet(43)) - raft.server.notification.no-leader.timeout = 120s (custom)
2019-10-07 08:13:29,435 [pool-37-thread-1] INFO  server.RaftServerConfigKeys (ConfUtils.java:logGet(43)) - raft.server.log.use.memory = false (default)
2019-10-07 08:13:29,436 [pool-37-thread-1] INFO  server.RaftServerConfigKeys (ConfUtils.java:logGet(43)) - raft.server.log.purge.gap = 1000000 (custom)
2019-10-07 08:13:29,436 [pool-37-thread-1] INFO  server.RaftServerConfigKeys (ConfUtils.java:logGet(43)) - raft.server.log.appender.buffer.byte-limit = 33554432 (custom)
2019-10-07 08:13:29,436 [pool-37-thread-1] INFO  server.RaftServerConfigKeys (ConfUtils.java:logGet(43)) - raft.server.log.segment.size.max = 1048576 (custom)
2019-10-07 08:13:29,439 [pool-37-thread-1] INFO  server.RaftServerConfigKeys (ConfUtils.java:logGet(43)) - raft.server.log.segment.cache.num.max = 2 (custom)
2019-10-07 08:13:29,439 [pool-37-thread-1] INFO  segmented.SegmentedRaftLogWorker (SegmentedRaftLogWorker.java:<init>(173)) - new fea79e59-0c34-4a77-8bc1-83ba780c5506@group-D056021FD865-SegmentedRaftLogWorker for RaftStorage:Storage Directory /workdir/hadoop-ozone/integration-test/target/test-dir/MiniOzoneClusterImpl-5b4a58c5-9c69-4384-bc29-0c75166a3d4d/datanode-1/data/ratis/ed823c11-27c3-4630-8dd9-d056021fd865
2019-10-07 08:13:29,439 [pool-37-thread-1] INFO  server.RaftServerConfigKeys (ConfUtils.java:logGet(43)) - raft.server.log.queue.byte-limit = 2147483647 (custom)
2019-10-07 08:13:29,440 [pool-37-thread-1] INFO  server.RaftServerConfigKeys (ConfUtils.java:logGet(43)) - raft.server.log.queue.element-limit = 1024 (custom)
2019-10-07 08:13:29,441 [pool-37-thread-1] INFO  server.RaftServerConfigKeys (ConfUtils.java:logGet(43)) - raft.server.log.segment.size.max = 1048576 (custom)
2019-10-07 08:13:29,441 [pool-37-thread-1] INFO  server.RaftServerConfigKeys (ConfUtils.java:logGet(43)) - raft.server.log.preallocated.size = 16384 (custom)
2019-10-07 08:13:29,441 [pool-37-thread-1] INFO  server.RaftServerConfigKeys (ConfUtils.java:logGet(43)) - raft.server.log.write.buffer.size = 33554432 (custom)
2019-10-07 08:13:29,441 [pool-37-thread-1] INFO  server.RaftServerConfigKeys (ConfUtils.java:logGet(43)) - raft.server.log.force.sync.num = 128 (default)
2019-10-07 08:13:29,441 [pool-37-thread-1] INFO  server.RaftServerConfigKeys (ConfUtils.java:logGet(43)) - raft.server.log.statemachine.data.sync = true (default)
2019-10-07 08:13:29,441 [pool-37-thread-1] INFO  server.RaftServerConfigKeys (ConfUtils.java:logGet(43)) - raft.server.log.statemachine.data.sync.timeout = 10s (default)
2019-10-07 08:13:29,441 [pool-37-thread-1] INFO  server.RaftServerConfigKeys (ConfUtils.java:logGet(43)) - raft.server.log.statemachine.data.sync.timeout.retry = -1 (default)
2019-10-07 08:13:29,442 [pool-37-thread-1] INFO  server.RaftServerConfigKeys (ConfUtils.java:logGet(43)) - raft.server.log.statemachine.data.caching.enabled = true (custom)
2019-10-07 08:13:29,442 [pool-37-thread-1] INFO  segmented.SegmentedRaftLogWorker (SegmentedRaftLogWorker.java:lambda$new$0(128)) - fea79e59-0c34-4a77-8bc1-83ba780c5506@group-D056021FD865-SegmentedRaftLogWorker: flushIndex: setUnconditionally 0 -> -1
2019-10-07 08:13:29,442 [pool-37-thread-1] INFO  server.RaftServerConfigKeys (ConfUtils.java:logGet(43)) - raft.server.snapshot.auto.trigger.enabled = true (custom)
2019-10-07 08:13:29,442 [pool-37-thread-1] INFO  server.RaftServerConfigKeys (ConfUtils.java:logGet(43)) - raft.server.snapshot.auto.trigger.threshold = 10000 (custom)
2019-10-07 08:13:29,442 [pool-37-thread-1] INFO  server.RaftServerConfigKeys (ConfUtils.java:logGet(43)) - raft.server.snapshot.retention.file.num = 5 (custom)
2019-10-07 08:13:29,443 [pool-37-thread-1] INFO  server.RaftServerConfigKeys (ConfUtils.java:logGet(43)) - raft.server.retrycache.expirytime = 600000ms (custom)
2019-10-07 08:13:29,444 [pool-37-thread-1] INFO  impl.RaftServerImpl (RaftServerImpl.java:start(181)) - fea79e59-0c34-4a77-8bc1-83ba780c5506@group-D056021FD865: start as a follower, conf=-1: [fea79e59-0c34-4a77-8bc1-83ba780c5506:192.168.164.251:34443], old=null
2019-10-07 08:13:29,444 [pool-37-thread-1] INFO  impl.RaftServerImpl (RaftServerImpl.java:setRole(170)) - fea79e59-0c34-4a77-8bc1-83ba780c5506@group-D056021FD865: changes role from      null to FOLLOWER at term 0 for startAsFollower
2019-10-07 08:13:29,444 [pool-37-thread-1] INFO  impl.RoleInfo (RoleInfo.java:updateAndGet(143)) - fea79e59-0c34-4a77-8bc1-83ba780c5506: start FollowerState
2019-10-07 08:13:29,445 [pool-37-thread-1] INFO  util.JmxRegister (JmxRegister.java:tryRegister(44)) - Successfully registered JMX Bean with object name Ratis:service=RaftServer,group=group-D056021FD865,id=fea79e59-0c34-4a77-8bc1-83ba780c5506
2019-10-07 08:13:29,460 [RatisPipelineUtilsThread] INFO  pipeline.PipelineStateManager (PipelineStateManager.java:addPipeline(56)) - Created pipeline Pipeline[ Id: ed823c11-27c3-4630-8dd9-d056021fd865, Nodes: fea79e59-0c34-4a77-8bc1-83ba780c5506{ip: 192.168.164.251, host: pr-hdds-2239-kl4xt-1424884434, networkLocation: /default-rack, certSerialId: null}, Type:RATIS, Factor:ONE, State:OPEN]
2019-10-07 08:13:29,512 [grpc-default-executor-0] INFO  impl.RaftServerProxy (RaftServerProxy.java:addNew(89)) - e59dfa83-9a17-4bb1-b70c-789d43087210: addNew group-4ECA698CE510:[e59dfa83-9a17-4bb1-b70c-789d43087210:192.168.164.251:43777, 0cccb4d0-2641-47a5-9893-c9d42eb7a12b:192.168.164.251:41455, 57cb8c1e-21d0-4132-8977-99a9151d6701:192.168.164.251:42454] returns group-4ECA698CE510:java.util.concurrent.CompletableFuture@2594d81a[Not completed]
2019-10-07 08:13:29,512 [grpc-default-executor-1] INFO  impl.RaftServerProxy (RaftServerProxy.java:addNew(89)) - 57cb8c1e-21d0-4132-8977-99a9151d6701: addNew group-4ECA698CE510:[e59dfa83-9a17-4bb1-b70c-789d43087210:192.168.164.251:43777, 0cccb4d0-2641-47a5-9893-c9d42eb7a12b:192.168.164.251:41455, 57cb8c1e-21d0-4132-8977-99a9151d6701:192.168.164.251:42454] returns group-4ECA698CE510:java.util.concurrent.CompletableFuture@4c455d0a[Not completed]
2019-10-07 08:13:29,515 [grpc-default-executor-2] INFO  impl.RaftServerProxy (RaftServerProxy.java:addNew(89)) - 0cccb4d0-2641-47a5-9893-c9d42eb7a12b: addNew group-4ECA698CE510:[e59dfa83-9a17-4bb1-b70c-789d43087210:192.168.164.251:43777, 0cccb4d0-2641-47a5-9893-c9d42eb7a12b:192.168.164.251:41455, 57cb8c1e-21d0-4132-8977-99a9151d6701:192.168.164.251:42454] returns group-4ECA698CE510:java.util.concurrent.CompletableFuture@7c93b8b1[Not completed]
2019-10-07 08:13:29,517 [pool-67-thread-1] INFO  impl.RaftServerImpl (RaftServerImpl.java:<init>(95)) - e59dfa83-9a17-4bb1-b70c-789d43087210: new RaftServerImpl for group-4ECA698CE510:[e59dfa83-9a17-4bb1-b70c-789d43087210:192.168.164.251:43777, 0cccb4d0-2641-47a5-9893-c9d42eb7a12b:192.168.164.251:41455, 57cb8c1e-21d0-4132-8977-99a9151d6701:192.168.164.251:42454] with ContainerStateMachine:uninitialized
2019-10-07 08:13:29,517 [pool-67-thread-1] INFO  server.RaftServerConfigKeys (ConfUtils.java:logGet(43)) - raft.server.rpc.timeout.min = 5s (custom)
2019-10-07 08:13:29,517 [pool-47-thread-1] INFO  impl.RaftServerImpl (RaftServerImpl.java:<init>(95)) - 0cccb4d0-2641-47a5-9893-c9d42eb7a12b: new RaftServerImpl for group-4ECA698CE510:[e59dfa83-9a17-4bb1-b70c-789d43087210:192.168.164.251:43777, 0cccb4d0-2641-47a5-9893-c9d42eb7a12b:192.168.164.251:41455, 57cb8c1e-21d0-4132-8977-99a9151d6701:192.168.164.251:42454] with ContainerStateMachine:uninitialized
2019-10-07 08:13:29,517 [pool-67-thread-1] INFO  server.RaftServerConfigKeys (ConfUtils.java:logGet(43)) - raft.server.rpc.timeout.max = 5200ms (custom)
2019-10-07 08:13:29,517 [pool-47-thread-1] INFO  server.RaftServerConfigKeys (ConfUtils.java:logGet(43)) - raft.server.rpc.timeout.min = 5s (custom)
2019-10-07 08:13:29,518 [pool-67-thread-1] INFO  server.RaftServerConfigKeys (ConfUtils.java:logGet(43)) - raft.server.rpcslowness.timeout = 120s (custom)
2019-10-07 08:13:29,518 [pool-47-thread-1] INFO  server.RaftServerConfigKeys (ConfUtils.java:logGet(43)) - raft.server.rpc.timeout.max = 5200ms (custom)
2019-10-07 08:13:29,518 [pool-67-thread-1] INFO  server.RaftServerConfigKeys (ConfUtils.java:logGet(43)) - raft.server.sleep.deviation.threshold = 300 (default)
2019-10-07 08:13:29,518 [pool-47-thread-1] INFO  server.RaftServerConfigKeys (ConfUtils.java:logGet(43)) - raft.server.rpcslowness.timeout = 120s (custom)
2019-10-07 08:13:29,518 [pool-67-thread-1] INFO  server.RaftServerConfigKeys (ConfUtils.java:logGet(43)) - raft.server.log.appender.install.snapshot.enabled = false (custom)
2019-10-07 08:13:29,518 [pool-57-thread-1] INFO  impl.RaftServerImpl (RaftServerImpl.java:<init>(95)) - 57cb8c1e-21d0-4132-8977-99a9151d6701: new RaftServerImpl for group-4ECA698CE510:[e59dfa83-9a17-4bb1-b70c-789d43087210:192.168.164.251:43777, 0cccb4d0-2641-47a5-9893-c9d42eb7a12b:192.168.164.251:41455, 57cb8c1e-21d0-4132-8977-99a9151d6701:192.168.164.251:42454] with ContainerStateMachine:uninitialized
2019-10-07 08:13:29,518 [pool-47-thread-1] INFO  server.RaftServerConfigKeys (ConfUtils.java:logGet(43)) - raft.server.sleep.deviation.threshold = 300 (default)
2019-10-07 08:13:29,519 [pool-67-thread-1] INFO  impl.RaftServerImpl (ServerState.java:<init>(103)) - e59dfa83-9a17-4bb1-b70c-789d43087210@group-4ECA698CE510: ConfigurationManager, init=-1: [e59dfa83-9a17-4bb1-b70c-789d43087210:192.168.164.251:43777, 0cccb4d0-2641-47a5-9893-c9d42eb7a12b:192.168.164.251:41455, 57cb8c1e-21d0-4132-8977-99a9151d6701:192.168.164.251:42454], old=null, confs=<EMPTY_MAP>
2019-10-07 08:13:29,519 [pool-57-thread-1] INFO  server.RaftServerConfigKeys (ConfUtils.java:logGet(43)) - raft.server.rpc.timeout.min = 5s (custom)
2019-10-07 08:13:29,519 [pool-47-thread-1] INFO  server.RaftServerConfigKeys (ConfUtils.java:logGet(43)) - raft.server.log.appender.install.snapshot.enabled = false (custom)
2019-10-07 08:13:29,519 [pool-67-thread-1] INFO  server.RaftServerConfigKeys (ConfUtils.java:logGet(43)) - raft.server.storage.dir = [/workdir/hadoop-ozone/integration-test/target/test-dir/MiniOzoneClusterImpl-5b4a58c5-9c69-4384-bc29-0c75166a3d4d/datanode-4/data/ratis] (custom)
2019-10-07 08:13:29,519 [pool-57-thread-1] INFO  server.RaftServerConfigKeys (ConfUtils.java:logGet(43)) - raft.server.rpc.timeout.max = 5200ms (custom)
2019-10-07 08:13:29,519 [pool-47-thread-1] INFO  impl.RaftServerImpl (ServerState.java:<init>(103)) - 0cccb4d0-2641-47a5-9893-c9d42eb7a12b@group-4ECA698CE510: ConfigurationManager, init=-1: [e59dfa83-9a17-4bb1-b70c-789d43087210:192.168.164.251:43777, 0cccb4d0-2641-47a5-9893-c9d42eb7a12b:192.168.164.251:41455, 57cb8c1e-21d0-4132-8977-99a9151d6701:192.168.164.251:42454], old=null, confs=<EMPTY_MAP>
2019-10-07 08:13:29,520 [pool-57-thread-1] INFO  server.RaftServerConfigKeys (ConfUtils.java:logGet(43)) - raft.server.rpcslowness.timeout = 120s (custom)
2019-10-07 08:13:29,520 [pool-67-thread-1] INFO  server.RaftServerConfigKeys (ConfUtils.java:logGet(43)) - raft.server.log.corruption.policy = EXCEPTION (default)
2019-10-07 08:13:29,520 [pool-47-thread-1] INFO  server.RaftServerConfigKeys (ConfUtils.java:logGet(43)) - raft.server.storage.dir = [/workdir/hadoop-ozone/integration-test/target/test-dir/MiniOzoneClusterImpl-5b4a58c5-9c69-4384-bc29-0c75166a3d4d/datanode-2/data/ratis] (custom)
2019-10-07 08:13:29,520 [pool-57-thread-1] INFO  server.RaftServerConfigKeys (ConfUtils.java:logGet(43)) - raft.server.sleep.deviation.threshold = 300 (default)
2019-10-07 08:13:29,520 [pool-47-thread-1] INFO  server.RaftServerConfigKeys (ConfUtils.java:logGet(43)) - raft.server.log.corruption.policy = EXCEPTION (default)
2019-10-07 08:13:29,520 [pool-67-thread-1] INFO  storage.RaftStorageDirectory (RaftStorageDirectory.java:analyzeStorage(246)) - The storage directory /workdir/hadoop-ozone/integration-test/target/test-dir/MiniOzoneClusterImpl-5b4a58c5-9c69-4384-bc29-0c75166a3d4d/datanode-4/data/ratis/b9e65860-d9b7-4d19-87e7-4eca698ce510 does not exist. Creating ...
2019-10-07 08:13:29,520 [pool-47-thread-1] INFO  storage.RaftStorageDirectory (RaftStorageDirectory.java:analyzeStorage(246)) - The storage directory /workdir/hadoop-ozone/integration-test/target/test-dir/MiniOzoneClusterImpl-5b4a58c5-9c69-4384-bc29-0c75166a3d4d/datanode-2/data/ratis/b9e65860-d9b7-4d19-87e7-4eca698ce510 does not exist. Creating ...
2019-10-07 08:13:29,520 [pool-57-thread-1] INFO  server.RaftServerConfigKeys (ConfUtils.java:logGet(43)) - raft.server.log.appender.install.snapshot.enabled = false (custom)
2019-10-07 08:13:29,521 [pool-57-thread-1] INFO  impl.RaftServerImpl (ServerState.java:<init>(103)) - 57cb8c1e-21d0-4132-8977-99a9151d6701@group-4ECA698CE510: ConfigurationManager, init=-1: [e59dfa83-9a17-4bb1-b70c-789d43087210:192.168.164.251:43777, 0cccb4d0-2641-47a5-9893-c9d42eb7a12b:192.168.164.251:41455, 57cb8c1e-21d0-4132-8977-99a9151d6701:192.168.164.251:42454], old=null, confs=<EMPTY_MAP>
2019-10-07 08:13:29,521 [pool-57-thread-1] INFO  server.RaftServerConfigKeys (ConfUtils.java:logGet(43)) - raft.server.storage.dir = [/workdir/hadoop-ozone/integration-test/target/test-dir/MiniOzoneClusterImpl-5b4a58c5-9c69-4384-bc29-0c75166a3d4d/datanode-3/data/ratis] (custom)
2019-10-07 08:13:29,521 [pool-57-thread-1] INFO  server.RaftServerConfigKeys (ConfUtils.java:logGet(43)) - raft.server.log.corruption.policy = EXCEPTION (default)
2019-10-07 08:13:29,522 [pool-57-thread-1] INFO  storage.RaftStorageDirectory (RaftStorageDirectory.java:analyzeStorage(246)) - The storage directory /workdir/hadoop-ozone/integration-test/target/test-dir/MiniOzoneClusterImpl-5b4a58c5-9c69-4384-bc29-0c75166a3d4d/datanode-3/data/ratis/b9e65860-d9b7-4d19-87e7-4eca698ce510 does not exist. Creating ...
2019-10-07 08:13:29,533 [pool-47-thread-1] INFO  storage.RaftStorageDirectory (RaftStorageDirectory.java:tryLock(328)) - Lock on /workdir/hadoop-ozone/integration-test/target/test-dir/MiniOzoneClusterImpl-5b4a58c5-9c69-4384-bc29-0c75166a3d4d/datanode-2/data/ratis/b9e65860-d9b7-4d19-87e7-4eca698ce510/in_use.lock acquired by nodename 30656@pr-hdds-2239-kl4xt-1424884434
2019-10-07 08:13:29,533 [pool-57-thread-1] INFO  storage.RaftStorageDirectory (RaftStorageDirectory.java:tryLock(328)) - Lock on /workdir/hadoop-ozone/integration-test/target/test-dir/MiniOzoneClusterImpl-5b4a58c5-9c69-4384-bc29-0c75166a3d4d/datanode-3/data/ratis/b9e65860-d9b7-4d19-87e7-4eca698ce510/in_use.lock acquired by nodename 30656@pr-hdds-2239-kl4xt-1424884434
2019-10-07 08:13:29,533 [pool-67-thread-1] INFO  storage.RaftStorageDirectory (RaftStorageDirectory.java:tryLock(328)) - Lock on /workdir/hadoop-ozone/integration-test/target/test-dir/MiniOzoneClusterImpl-5b4a58c5-9c69-4384-bc29-0c75166a3d4d/datanode-4/data/ratis/b9e65860-d9b7-4d19-87e7-4eca698ce510/in_use.lock acquired by nodename 30656@pr-hdds-2239-kl4xt-1424884434
2019-10-07 08:13:29,555 [pool-47-thread-1] INFO  storage.RaftStorage (RaftStorage.java:format(84)) - Storage directory /workdir/hadoop-ozone/integration-test/target/test-dir/MiniOzoneClusterImpl-5b4a58c5-9c69-4384-bc29-0c75166a3d4d/datanode-2/data/ratis/b9e65860-d9b7-4d19-87e7-4eca698ce510 has been successfully formatted.
2019-10-07 08:13:29,555 [pool-57-thread-1] INFO  storage.RaftStorage (RaftStorage.java:format(84)) - Storage directory /workdir/hadoop-ozone/integration-test/target/test-dir/MiniOzoneClusterImpl-5b4a58c5-9c69-4384-bc29-0c75166a3d4d/datanode-3/data/ratis/b9e65860-d9b7-4d19-87e7-4eca698ce510 has been successfully formatted.
2019-10-07 08:13:29,555 [pool-67-thread-1] INFO  storage.RaftStorage (RaftStorage.java:format(84)) - Storage directory /workdir/hadoop-ozone/integration-test/target/test-dir/MiniOzoneClusterImpl-5b4a58c5-9c69-4384-bc29-0c75166a3d4d/datanode-4/data/ratis/b9e65860-d9b7-4d19-87e7-4eca698ce510 has been successfully formatted.
2019-10-07 08:13:29,555 [pool-57-thread-1] INFO  ratis.ContainerStateMachine (ContainerStateMachine.java:loadSnapshot(231)) - group-4ECA698CE510: The snapshot info is null. Setting the last applied indexto:(t:0, i:~)
2019-10-07 08:13:29,555 [pool-47-thread-1] INFO  ratis.ContainerStateMachine (ContainerStateMachine.java:loadSnapshot(231)) - group-4ECA698CE510: The snapshot info is null. Setting the last applied indexto:(t:0, i:~)
2019-10-07 08:13:29,556 [pool-57-thread-1] INFO  server.RaftServerConfigKeys (ConfUtils.java:logGet(43)) - raft.server.notification.no-leader.timeout = 120s (custom)
2019-10-07 08:13:29,556 [pool-67-thread-1] INFO  ratis.ContainerStateMachine (ContainerStateMachine.java:loadSnapshot(231)) - group-4ECA698CE510: The snapshot info is null. Setting the last applied indexto:(t:0, i:~)
2019-10-07 08:13:29,556 [pool-57-thread-1] INFO  server.RaftServerConfigKeys (ConfUtils.java:logGet(43)) - raft.server.log.use.memory = false (default)
2019-10-07 08:13:29,556 [pool-47-thread-1] INFO  server.RaftServerConfigKeys (ConfUtils.java:logGet(43)) - raft.server.notification.no-leader.timeout = 120s (custom)
2019-10-07 08:13:29,556 [pool-57-thread-1] INFO  server.RaftServerConfigKeys (ConfUtils.java:logGet(43)) - raft.server.log.purge.gap = 1000000 (custom)
2019-10-07 08:13:29,556 [pool-67-thread-1] INFO  server.RaftServerConfigKeys (ConfUtils.java:logGet(43)) - raft.server.notification.no-leader.timeout = 120s (custom)
2019-10-07 08:13:29,556 [pool-57-thread-1] INFO  server.RaftServerConfigKeys (ConfUtils.java:logGet(43)) - raft.server.log.appender.buffer.byte-limit = 33554432 (custom)
2019-10-07 08:13:29,556 [pool-47-thread-1] INFO  server.RaftServerConfigKeys (ConfUtils.java:logGet(43)) - raft.server.log.use.memory = false (default)
2019-10-07 08:13:29,556 [pool-57-thread-1] INFO  server.RaftServerConfigKeys (ConfUtils.java:logGet(43)) - raft.server.log.segment.size.max = 1048576 (custom)
2019-10-07 08:13:29,556 [pool-67-thread-1] INFO  server.RaftServerConfigKeys (ConfUtils.java:logGet(43)) - raft.server.log.use.memory = false (default)
2019-10-07 08:13:29,557 [pool-57-thread-1] INFO  server.RaftServerConfigKeys (ConfUtils.java:logGet(43)) - raft.server.log.segment.cache.num.max = 2 (custom)
2019-10-07 08:13:29,557 [pool-47-thread-1] INFO  server.RaftServerConfigKeys (ConfUtils.java:logGet(43)) - raft.server.log.purge.gap = 1000000 (custom)
2019-10-07 08:13:29,557 [pool-57-thread-1] INFO  segmented.SegmentedRaftLogWorker (SegmentedRaftLogWorker.java:<init>(173)) - new 57cb8c1e-21d0-4132-8977-99a9151d6701@group-4ECA698CE510-SegmentedRaftLogWorker for RaftStorage:Storage Directory /workdir/hadoop-ozone/integration-test/target/test-dir/MiniOzoneClusterImpl-5b4a58c5-9c69-4384-bc29-0c75166a3d4d/datanode-3/data/ratis/b9e65860-d9b7-4d19-87e7-4eca698ce510
2019-10-07 08:13:29,557 [pool-67-thread-1] INFO  server.RaftServerConfigKeys (ConfUtils.java:logGet(43)) - raft.server.log.purge.gap = 1000000 (custom)
2019-10-07 08:13:29,557 [pool-57-thread-1] INFO  server.RaftServerConfigKeys (ConfUtils.java:logGet(43)) - raft.server.log.queue.byte-limit = 2147483647 (custom)
2019-10-07 08:13:29,557 [pool-47-thread-1] INFO  server.RaftServerConfigKeys (ConfUtils.java:logGet(43)) - raft.server.log.appender.buffer.byte-limit = 33554432 (custom)
2019-10-07 08:13:29,557 [pool-57-thread-1] INFO  server.RaftServerConfigKeys (ConfUtils.java:logGet(43)) - raft.server.log.queue.element-limit = 1024 (custom)
2019-10-07 08:13:29,557 [pool-67-thread-1] INFO  server.RaftServerConfigKeys (ConfUtils.java:logGet(43)) - raft.server.log.appender.buffer.byte-limit = 33554432 (custom)
2019-10-07 08:13:29,557 [pool-57-thread-1] INFO  server.RaftServerConfigKeys (ConfUtils.java:logGet(43)) - raft.server.log.segment.size.max = 1048576 (custom)
2019-10-07 08:13:29,557 [pool-47-thread-1] INFO  server.RaftServerConfigKeys (ConfUtils.java:logGet(43)) - raft.server.log.segment.size.max = 1048576 (custom)
2019-10-07 08:13:29,558 [pool-57-thread-1] INFO  server.RaftServerConfigKeys (ConfUtils.java:logGet(43)) - raft.server.log.preallocated.size = 16384 (custom)
2019-10-07 08:13:29,558 [pool-67-thread-1] INFO  server.RaftServerConfigKeys (ConfUtils.java:logGet(43)) - raft.server.log.segment.size.max = 1048576 (custom)
2019-10-07 08:13:29,558 [pool-57-thread-1] INFO  server.RaftServerConfigKeys (ConfUtils.java:logGet(43)) - raft.server.log.write.buffer.size = 33554432 (custom)
2019-10-07 08:13:29,558 [pool-47-thread-1] INFO  server.RaftServerConfigKeys (ConfUtils.java:logGet(43)) - raft.server.log.segment.cache.num.max = 2 (custom)
2019-10-07 08:13:29,558 [pool-57-thread-1] INFO  server.RaftServerConfigKeys (ConfUtils.java:logGet(43)) - raft.server.log.force.sync.num = 128 (default)
2019-10-07 08:13:29,558 [pool-67-thread-1] INFO  server.RaftServerConfigKeys (ConfUtils.java:logGet(43)) - raft.server.log.segment.cache.num.max = 2 (custom)
2019-10-07 08:13:29,558 [pool-57-thread-1] INFO  server.RaftServerConfigKeys (ConfUtils.java:logGet(43)) - raft.server.log.statemachine.data.sync = true (default)
2019-10-07 08:13:29,558 [pool-47-thread-1] INFO  segmented.SegmentedRaftLogWorker (SegmentedRaftLogWorker.java:<init>(173)) - new 0cccb4d0-2641-47a5-9893-c9d42eb7a12b@group-4ECA698CE510-SegmentedRaftLogWorker for RaftStorage:Storage Directory /workdir/hadoop-ozone/integration-test/target/test-dir/MiniOzoneClusterImpl-5b4a58c5-9c69-4384-bc29-0c75166a3d4d/datanode-2/data/ratis/b9e65860-d9b7-4d19-87e7-4eca698ce510
2019-10-07 08:13:29,559 [pool-57-thread-1] INFO  server.RaftServerConfigKeys (ConfUtils.java:logGet(43)) - raft.server.log.statemachine.data.sync.timeout = 10s (default)
2019-10-07 08:13:29,558 [pool-67-thread-1] INFO  segmented.SegmentedRaftLogWorker (SegmentedRaftLogWorker.java:<init>(173)) - new e59dfa83-9a17-4bb1-b70c-789d43087210@group-4ECA698CE510-SegmentedRaftLogWorker for RaftStorage:Storage Directory /workdir/hadoop-ozone/integration-test/target/test-dir/MiniOzoneClusterImpl-5b4a58c5-9c69-4384-bc29-0c75166a3d4d/datanode-4/data/ratis/b9e65860-d9b7-4d19-87e7-4eca698ce510
2019-10-07 08:13:29,559 [pool-57-thread-1] INFO  server.RaftServerConfigKeys (ConfUtils.java:logGet(43)) - raft.server.log.statemachine.data.sync.timeout.retry = -1 (default)
2019-10-07 08:13:29,559 [pool-47-thread-1] INFO  server.RaftServerConfigKeys (ConfUtils.java:logGet(43)) - raft.server.log.queue.byte-limit = 2147483647 (custom)
2019-10-07 08:13:29,559 [pool-67-thread-1] INFO  server.RaftServerConfigKeys (ConfUtils.java:logGet(43)) - raft.server.log.queue.byte-limit = 2147483647 (custom)
2019-10-07 08:13:29,559 [pool-47-thread-1] INFO  server.RaftServerConfigKeys (ConfUtils.java:logGet(43)) - raft.server.log.queue.element-limit = 1024 (custom)
2019-10-07 08:13:29,559 [pool-57-thread-1] INFO  server.RaftServerConfigKeys (ConfUtils.java:logGet(43)) - raft.server.log.statemachine.data.caching.enabled = true (custom)
2019-10-07 08:13:29,559 [pool-47-thread-1] INFO  server.RaftServerConfigKeys (ConfUtils.java:logGet(43)) - raft.server.log.segment.size.max = 1048576 (custom)
2019-10-07 08:13:29,559 [pool-67-thread-1] INFO  server.RaftServerConfigKeys (ConfUtils.java:logGet(43)) - raft.server.log.queue.element-limit = 1024 (custom)
2019-10-07 08:13:29,560 [pool-57-thread-1] INFO  segmented.SegmentedRaftLogWorker (SegmentedRaftLogWorker.java:lambda$new$0(128)) - 57cb8c1e-21d0-4132-8977-99a9151d6701@group-4ECA698CE510-SegmentedRaftLogWorker: flushIndex: setUnconditionally 0 -> -1
2019-10-07 08:13:29,560 [pool-47-thread-1] INFO  server.RaftServerConfigKeys (ConfUtils.java:logGet(43)) - raft.server.log.preallocated.size = 16384 (custom)
2019-10-07 08:13:29,560 [pool-67-thread-1] INFO  server.RaftServerConfigKeys (ConfUtils.java:logGet(43)) - raft.server.log.segment.size.max = 1048576 (custom)
2019-10-07 08:13:29,560 [pool-47-thread-1] INFO  server.RaftServerConfigKeys (ConfUtils.java:logGet(43)) - raft.server.log.write.buffer.size = 33554432 (custom)
2019-10-07 08:13:29,560 [pool-57-thread-1] INFO  server.RaftServerConfigKeys (ConfUtils.java:logGet(43)) - raft.server.snapshot.auto.trigger.enabled = true (custom)
2019-10-07 08:13:29,560 [pool-47-thread-1] INFO  server.RaftServerConfigKeys (ConfUtils.java:logGet(43)) - raft.server.log.force.sync.num = 128 (default)
2019-10-07 08:13:29,560 [pool-67-thread-1] INFO  server.RaftServerConfigKeys (ConfUtils.java:logGet(43)) - raft.server.log.preallocated.size = 16384 (custom)
2019-10-07 08:13:29,560 [pool-47-thread-1] INFO  server.RaftServerConfigKeys (ConfUtils.java:logGet(43)) - raft.server.log.statemachine.data.sync = true (default)
2019-10-07 08:13:29,560 [pool-57-thread-1] INFO  server.RaftServerConfigKeys (ConfUtils.java:logGet(43)) - raft.server.snapshot.auto.trigger.threshold = 10000 (custom)
2019-10-07 08:13:29,561 [pool-47-thread-1] INFO  server.RaftServerConfigKeys (ConfUtils.java:logGet(43)) - raft.server.log.statemachine.data.sync.timeout = 10s (default)
2019-10-07 08:13:29,560 [pool-67-thread-1] INFO  server.RaftServerConfigKeys (ConfUtils.java:logGet(43)) - raft.server.log.write.buffer.size = 33554432 (custom)
2019-10-07 08:13:29,561 [pool-47-thread-1] INFO  server.RaftServerConfigKeys (ConfUtils.java:logGet(43)) - raft.server.log.statemachine.data.sync.timeout.retry = -1 (default)
2019-10-07 08:13:29,561 [pool-57-thread-1] INFO  server.RaftServerConfigKeys (ConfUtils.java:logGet(43)) - raft.server.snapshot.retention.file.num = 5 (custom)
2019-10-07 08:13:29,561 [pool-47-thread-1] INFO  server.RaftServerConfigKeys (ConfUtils.java:logGet(43)) - raft.server.log.statemachine.data.caching.enabled = true (custom)
2019-10-07 08:13:29,561 [pool-67-thread-1] INFO  server.RaftServerConfigKeys (ConfUtils.java:logGet(43)) - raft.server.log.force.sync.num = 128 (default)
2019-10-07 08:13:29,561 [pool-57-thread-1] INFO  server.RaftServerConfigKeys (ConfUtils.java:logGet(43)) - raft.server.retrycache.expirytime = 600000ms (custom)
2019-10-07 08:13:29,561 [pool-67-thread-1] INFO  server.RaftServerConfigKeys (ConfUtils.java:logGet(43)) - raft.server.log.statemachine.data.sync = true (default)
2019-10-07 08:13:29,561 [pool-47-thread-1] INFO  segmented.SegmentedRaftLogWorker (SegmentedRaftLogWorker.java:lambda$new$0(128)) - 0cccb4d0-2641-47a5-9893-c9d42eb7a12b@group-4ECA698CE510-SegmentedRaftLogWorker: flushIndex: setUnconditionally 0 -> -1
2019-10-07 08:13:29,562 [pool-67-thread-1] INFO  server.RaftServerConfigKeys (ConfUtils.java:logGet(43)) - raft.server.log.statemachine.data.sync.timeout = 10s (default)
2019-10-07 08:13:29,562 [pool-47-thread-1] INFO  server.RaftServerConfigKeys (ConfUtils.java:logGet(43)) - raft.server.snapshot.auto.trigger.enabled = true (custom)
2019-10-07 08:13:29,562 [pool-67-thread-1] INFO  server.RaftServerConfigKeys (ConfUtils.java:logGet(43)) - raft.server.log.statemachine.data.sync.timeout.retry = -1 (default)
2019-10-07 08:13:29,562 [pool-47-thread-1] INFO  server.RaftServerConfigKeys (ConfUtils.java:logGet(43)) - raft.server.snapshot.auto.trigger.threshold = 10000 (custom)
2019-10-07 08:13:29,562 [pool-67-thread-1] INFO  server.RaftServerConfigKeys (ConfUtils.java:logGet(43)) - raft.server.log.statemachine.data.caching.enabled = true (custom)
2019-10-07 08:13:29,562 [pool-47-thread-1] INFO  server.RaftServerConfigKeys (ConfUtils.java:logGet(43)) - raft.server.snapshot.retention.file.num = 5 (custom)
2019-10-07 08:13:29,563 [pool-67-thread-1] INFO  segmented.SegmentedRaftLogWorker (SegmentedRaftLogWorker.java:lambda$new$0(128)) - e59dfa83-9a17-4bb1-b70c-789d43087210@group-4ECA698CE510-SegmentedRaftLogWorker: flushIndex: setUnconditionally 0 -> -1
2019-10-07 08:13:29,563 [pool-47-thread-1] INFO  server.RaftServerConfigKeys (ConfUtils.java:logGet(43)) - raft.server.retrycache.expirytime = 600000ms (custom)
2019-10-07 08:13:29,563 [pool-67-thread-1] INFO  server.RaftServerConfigKeys (ConfUtils.java:logGet(43)) - raft.server.snapshot.auto.trigger.enabled = true (custom)
2019-10-07 08:13:29,563 [pool-67-thread-1] INFO  server.RaftServerConfigKeys (ConfUtils.java:logGet(43)) - raft.server.snapshot.auto.trigger.threshold = 10000 (custom)
2019-10-07 08:13:29,563 [pool-67-thread-1] INFO  server.RaftServerConfigKeys (ConfUtils.java:logGet(43)) - raft.server.snapshot.retention.file.num = 5 (custom)
2019-10-07 08:13:29,563 [pool-67-thread-1] INFO  server.RaftServerConfigKeys (ConfUtils.java:logGet(43)) - raft.server.retrycache.expirytime = 600000ms (custom)
2019-10-07 08:13:29,565 [pool-57-thread-1] INFO  impl.RaftServerImpl (RaftServerImpl.java:start(181)) - 57cb8c1e-21d0-4132-8977-99a9151d6701@group-4ECA698CE510: start as a follower, conf=-1: [e59dfa83-9a17-4bb1-b70c-789d43087210:192.168.164.251:43777, 0cccb4d0-2641-47a5-9893-c9d42eb7a12b:192.168.164.251:41455, 57cb8c1e-21d0-4132-8977-99a9151d6701:192.168.164.251:42454], old=null
2019-10-07 08:13:29,565 [pool-57-thread-1] INFO  impl.RaftServerImpl (RaftServerImpl.java:setRole(170)) - 57cb8c1e-21d0-4132-8977-99a9151d6701@group-4ECA698CE510: changes role from      null to FOLLOWER at term 0 for startAsFollower
2019-10-07 08:13:29,565 [pool-57-thread-1] INFO  impl.RoleInfo (RoleInfo.java:updateAndGet(143)) - 57cb8c1e-21d0-4132-8977-99a9151d6701: start FollowerState
2019-10-07 08:13:29,566 [pool-57-thread-1] INFO  util.JmxRegister (JmxRegister.java:tryRegister(44)) - Successfully registered JMX Bean with object name Ratis:service=RaftServer,group=group-4ECA698CE510,id=57cb8c1e-21d0-4132-8977-99a9151d6701
2019-10-07 08:13:29,566 [pool-47-thread-1] INFO  impl.RaftServerImpl (RaftServerImpl.java:start(181)) - 0cccb4d0-2641-47a5-9893-c9d42eb7a12b@group-4ECA698CE510: start as a follower, conf=-1: [e59dfa83-9a17-4bb1-b70c-789d43087210:192.168.164.251:43777, 0cccb4d0-2641-47a5-9893-c9d42eb7a12b:192.168.164.251:41455, 57cb8c1e-21d0-4132-8977-99a9151d6701:192.168.164.251:42454], old=null
2019-10-07 08:13:29,566 [pool-47-thread-1] INFO  impl.RaftServerImpl (RaftServerImpl.java:setRole(170)) - 0cccb4d0-2641-47a5-9893-c9d42eb7a12b@group-4ECA698CE510: changes role from      null to FOLLOWER at term 0 for startAsFollower
2019-10-07 08:13:29,566 [pool-67-thread-1] INFO  impl.RaftServerImpl (RaftServerImpl.java:start(181)) - e59dfa83-9a17-4bb1-b70c-789d43087210@group-4ECA698CE510: start as a follower, conf=-1: [e59dfa83-9a17-4bb1-b70c-789d43087210:192.168.164.251:43777, 0cccb4d0-2641-47a5-9893-c9d42eb7a12b:192.168.164.251:41455, 57cb8c1e-21d0-4132-8977-99a9151d6701:192.168.164.251:42454], old=null
2019-10-07 08:13:29,566 [pool-47-thread-1] INFO  impl.RoleInfo (RoleInfo.java:updateAndGet(143)) - 0cccb4d0-2641-47a5-9893-c9d42eb7a12b: start FollowerState
2019-10-07 08:13:29,566 [pool-67-thread-1] INFO  impl.RaftServerImpl (RaftServerImpl.java:setRole(170)) - e59dfa83-9a17-4bb1-b70c-789d43087210@group-4ECA698CE510: changes role from      null to FOLLOWER at term 0 for startAsFollower
2019-10-07 08:13:29,567 [pool-67-thread-1] INFO  impl.RoleInfo (RoleInfo.java:updateAndGet(143)) - e59dfa83-9a17-4bb1-b70c-789d43087210: start FollowerState
2019-10-07 08:13:29,567 [pool-47-thread-1] INFO  util.JmxRegister (JmxRegister.java:tryRegister(44)) - Successfully registered JMX Bean with object name Ratis:service=RaftServer,group=group-4ECA698CE510,id=0cccb4d0-2641-47a5-9893-c9d42eb7a12b
2019-10-07 08:13:29,567 [pool-67-thread-1] INFO  util.JmxRegister (JmxRegister.java:tryRegister(44)) - Successfully registered JMX Bean with object name Ratis:service=RaftServer,group=group-4ECA698CE510,id=e59dfa83-9a17-4bb1-b70c-789d43087210
2019-10-07 08:13:29,597 [RatisPipelineUtilsThread] INFO  pipeline.PipelineStateManager (PipelineStateManager.java:addPipeline(56)) - Created pipeline Pipeline[ Id: b9e65860-d9b7-4d19-87e7-4eca698ce510, Nodes: e59dfa83-9a17-4bb1-b70c-789d43087210{ip: 192.168.164.251, host: pr-hdds-2239-kl4xt-1424884434, networkLocation: /default-rack, certSerialId: null}0cccb4d0-2641-47a5-9893-c9d42eb7a12b{ip: 192.168.164.251, host: pr-hdds-2239-kl4xt-1424884434, networkLocation: /default-rack, certSerialId: null}57cb8c1e-21d0-4132-8977-99a9151d6701{ip: 192.168.164.251, host: pr-hdds-2239-kl4xt-1424884434, networkLocation: /default-rack, certSerialId: null}, Type:RATIS, Factor:THREE, State:OPEN]
2019-10-07 08:13:29,632 [grpc-default-executor-1] INFO  impl.RaftServerProxy (RaftServerProxy.java:addNew(89)) - 9bd54dec-6b5e-446d-a3f1-dde7a8949220: addNew group-C5B24E948F19:[37d14489-715e-406a-9389-ed45aea28467:192.168.164.251:43032, 7198aa53-25d6-4a9d-90fc-cc52d5e83171:192.168.164.251:33459, 9bd54dec-6b5e-446d-a3f1-dde7a8949220:192.168.164.251:42323] returns group-C5B24E948F19:java.util.concurrent.CompletableFuture@5af4664f[Not completed]
2019-10-07 08:13:29,634 [grpc-default-executor-0] INFO  impl.RaftServerProxy (RaftServerProxy.java:addNew(89)) - 7198aa53-25d6-4a9d-90fc-cc52d5e83171: addNew group-C5B24E948F19:[37d14489-715e-406a-9389-ed45aea28467:192.168.164.251:43032, 7198aa53-25d6-4a9d-90fc-cc52d5e83171:192.168.164.251:33459, 9bd54dec-6b5e-446d-a3f1-dde7a8949220:192.168.164.251:42323] returns group-C5B24E948F19:java.util.concurrent.CompletableFuture@2008f95b[Not completed]
2019-10-07 08:13:29,636 [grpc-default-executor-1] INFO  impl.RaftServerProxy (RaftServerProxy.java:addNew(89)) - 37d14489-715e-406a-9389-ed45aea28467: addNew group-C5B24E948F19:[37d14489-715e-406a-9389-ed45aea28467:192.168.164.251:43032, 7198aa53-25d6-4a9d-90fc-cc52d5e83171:192.168.164.251:33459, 9bd54dec-6b5e-446d-a3f1-dde7a8949220:192.168.164.251:42323] returns group-C5B24E948F19:java.util.concurrent.CompletableFuture@3cbfdd16[Not completed]
2019-10-07 08:13:29,636 [pool-27-thread-1] INFO  impl.RaftServerImpl (RaftServerImpl.java:<init>(95)) - 9bd54dec-6b5e-446d-a3f1-dde7a8949220: new RaftServerImpl for group-C5B24E948F19:[37d14489-715e-406a-9389-ed45aea28467:192.168.164.251:43032, 7198aa53-25d6-4a9d-90fc-cc52d5e83171:192.168.164.251:33459, 9bd54dec-6b5e-446d-a3f1-dde7a8949220:192.168.164.251:42323] with ContainerStateMachine:uninitialized
2019-10-07 08:13:29,637 [pool-27-thread-1] INFO  server.RaftServerConfigKeys (ConfUtils.java:logGet(43)) - raft.server.rpc.timeout.min = 5s (custom)
2019-10-07 08:13:29,637 [pool-27-thread-1] INFO  server.RaftServerConfigKeys (ConfUtils.java:logGet(43)) - raft.server.rpc.timeout.max = 5200ms (custom)
2019-10-07 08:13:29,637 [pool-27-thread-1] INFO  server.RaftServerConfigKeys (ConfUtils.java:logGet(43)) - raft.server.rpcslowness.timeout = 120s (custom)
2019-10-07 08:13:29,637 [pool-27-thread-1] INFO  server.RaftServerConfigKeys (ConfUtils.java:logGet(43)) - raft.server.sleep.deviation.threshold = 300 (default)
2019-10-07 08:13:29,637 [pool-27-thread-1] INFO  server.RaftServerConfigKeys (ConfUtils.java:logGet(43)) - raft.server.log.appender.install.snapshot.enabled = false (custom)
2019-10-07 08:13:29,637 [pool-27-thread-1] INFO  impl.RaftServerImpl (ServerState.java:<init>(103)) - 9bd54dec-6b5e-446d-a3f1-dde7a8949220@group-C5B24E948F19: ConfigurationManager, init=-1: [37d14489-715e-406a-9389-ed45aea28467:192.168.164.251:43032, 7198aa53-25d6-4a9d-90fc-cc52d5e83171:192.168.164.251:33459, 9bd54dec-6b5e-446d-a3f1-dde7a8949220:192.168.164.251:42323], old=null, confs=<EMPTY_MAP>
2019-10-07 08:13:29,637 [pool-77-thread-1] INFO  impl.RaftServerImpl (RaftServerImpl.java:<init>(95)) - 7198aa53-25d6-4a9d-90fc-cc52d5e83171: new RaftServerImpl for group-C5B24E948F19:[37d14489-715e-406a-9389-ed45aea28467:192.168.164.251:43032, 7198aa53-25d6-4a9d-90fc-cc52d5e83171:192.168.164.251:33459, 9bd54dec-6b5e-446d-a3f1-dde7a8949220:192.168.164.251:42323] with ContainerStateMachine:uninitialized
2019-10-07 08:13:29,637 [pool-27-thread-1] INFO  server.RaftServerConfigKeys (ConfUtils.java:logGet(43)) - raft.server.storage.dir = [/workdir/hadoop-ozone/integration-test/target/test-dir/MiniOzoneClusterImpl-5b4a58c5-9c69-4384-bc29-0c75166a3d4d/datanode-0/data/ratis] (custom)
2019-10-07 08:13:29,637 [pool-77-thread-1] INFO  server.RaftServerConfigKeys (ConfUtils.java:logGet(43)) - raft.server.rpc.timeout.min = 5s (custom)
2019-10-07 08:13:29,638 [pool-77-thread-1] INFO  server.RaftServerConfigKeys (ConfUtils.java:logGet(43)) - raft.server.rpc.timeout.max = 5200ms (custom)
2019-10-07 08:13:29,638 [pool-27-thread-1] INFO  server.RaftServerConfigKeys (ConfUtils.java:logGet(43)) - raft.server.log.corruption.policy = EXCEPTION (default)
2019-10-07 08:13:29,638 [pool-77-thread-1] INFO  server.RaftServerConfigKeys (ConfUtils.java:logGet(43)) - raft.server.rpcslowness.timeout = 120s (custom)
2019-10-07 08:13:29,638 [pool-27-thread-1] INFO  storage.RaftStorageDirectory (RaftStorageDirectory.java:analyzeStorage(246)) - The storage directory /workdir/hadoop-ozone/integration-test/target/test-dir/MiniOzoneClusterImpl-5b4a58c5-9c69-4384-bc29-0c75166a3d4d/datanode-0/data/ratis/a669f705-98ce-49fe-98a2-c5b24e948f19 does not exist. Creating ...
2019-10-07 08:13:29,638 [pool-77-thread-1] INFO  server.RaftServerConfigKeys (ConfUtils.java:logGet(43)) - raft.server.sleep.deviation.threshold = 300 (default)
2019-10-07 08:13:29,638 [pool-77-thread-1] INFO  server.RaftServerConfigKeys (ConfUtils.java:logGet(43)) - raft.server.log.appender.install.snapshot.enabled = false (custom)
2019-10-07 08:13:29,638 [pool-77-thread-1] INFO  impl.RaftServerImpl (ServerState.java:<init>(103)) - 7198aa53-25d6-4a9d-90fc-cc52d5e83171@group-C5B24E948F19: ConfigurationManager, init=-1: [37d14489-715e-406a-9389-ed45aea28467:192.168.164.251:43032, 7198aa53-25d6-4a9d-90fc-cc52d5e83171:192.168.164.251:33459, 9bd54dec-6b5e-446d-a3f1-dde7a8949220:192.168.164.251:42323], old=null, confs=<EMPTY_MAP>
2019-10-07 08:13:29,638 [pool-77-thread-1] INFO  server.RaftServerConfigKeys (ConfUtils.java:logGet(43)) - raft.server.storage.dir = [/workdir/hadoop-ozone/integration-test/target/test-dir/MiniOzoneClusterImpl-5b4a58c5-9c69-4384-bc29-0c75166a3d4d/datanode-5/data/ratis] (custom)
2019-10-07 08:13:29,638 [pool-87-thread-1] INFO  impl.RaftServerImpl (RaftServerImpl.java:<init>(95)) - 37d14489-715e-406a-9389-ed45aea28467: new RaftServerImpl for group-C5B24E948F19:[37d14489-715e-406a-9389-ed45aea28467:192.168.164.251:43032, 7198aa53-25d6-4a9d-90fc-cc52d5e83171:192.168.164.251:33459, 9bd54dec-6b5e-446d-a3f1-dde7a8949220:192.168.164.251:42323] with ContainerStateMachine:uninitialized
2019-10-07 08:13:29,638 [pool-77-thread-1] INFO  server.RaftServerConfigKeys (ConfUtils.java:logGet(43)) - raft.server.log.corruption.policy = EXCEPTION (default)
2019-10-07 08:13:29,639 [pool-87-thread-1] INFO  server.RaftServerConfigKeys (ConfUtils.java:logGet(43)) - raft.server.rpc.timeout.min = 5s (custom)
2019-10-07 08:13:29,639 [pool-77-thread-1] INFO  storage.RaftStorageDirectory (RaftStorageDirectory.java:analyzeStorage(246)) - The storage directory /workdir/hadoop-ozone/integration-test/target/test-dir/MiniOzoneClusterImpl-5b4a58c5-9c69-4384-bc29-0c75166a3d4d/datanode-5/data/ratis/a669f705-98ce-49fe-98a2-c5b24e948f19 does not exist. Creating ...
2019-10-07 08:13:29,639 [pool-87-thread-1] INFO  server.RaftServerConfigKeys (ConfUtils.java:logGet(43)) - raft.server.rpc.timeout.max = 5200ms (custom)
2019-10-07 08:13:29,639 [pool-87-thread-1] INFO  server.RaftServerConfigKeys (ConfUtils.java:logGet(43)) - raft.server.rpcslowness.timeout = 120s (custom)
2019-10-07 08:13:29,639 [pool-87-thread-1] INFO  server.RaftServerConfigKeys (ConfUtils.java:logGet(43)) - raft.server.sleep.deviation.threshold = 300 (default)
2019-10-07 08:13:29,639 [pool-87-thread-1] INFO  server.RaftServerConfigKeys (ConfUtils.java:logGet(43)) - raft.server.log.appender.install.snapshot.enabled = false (custom)
2019-10-07 08:13:29,639 [pool-87-thread-1] INFO  impl.RaftServerImpl (ServerState.java:<init>(103)) - 37d14489-715e-406a-9389-ed45aea28467@group-C5B24E948F19: ConfigurationManager, init=-1: [37d14489-715e-406a-9389-ed45aea28467:192.168.164.251:43032, 7198aa53-25d6-4a9d-90fc-cc52d5e83171:192.168.164.251:33459, 9bd54dec-6b5e-446d-a3f1-dde7a8949220:192.168.164.251:42323], old=null, confs=<EMPTY_MAP>
2019-10-07 08:13:29,640 [pool-87-thread-1] INFO  server.RaftServerConfigKeys (ConfUtils.java:logGet(43)) - raft.server.storage.dir = [/workdir/hadoop-ozone/integration-test/target/test-dir/MiniOzoneClusterImpl-5b4a58c5-9c69-4384-bc29-0c75166a3d4d/datanode-6/data/ratis] (custom)
2019-10-07 08:13:29,640 [pool-87-thread-1] INFO  server.RaftServerConfigKeys (ConfUtils.java:logGet(43)) - raft.server.log.corruption.policy = EXCEPTION (default)
2019-10-07 08:13:29,640 [pool-87-thread-1] INFO  storage.RaftStorageDirectory (RaftStorageDirectory.java:analyzeStorage(246)) - The storage directory /workdir/hadoop-ozone/integration-test/target/test-dir/MiniOzoneClusterImpl-5b4a58c5-9c69-4384-bc29-0c75166a3d4d/datanode-6/data/ratis/a669f705-98ce-49fe-98a2-c5b24e948f19 does not exist. Creating ...
2019-10-07 08:13:29,653 [pool-87-thread-1] INFO  storage.RaftStorageDirectory (RaftStorageDirectory.java:tryLock(328)) - Lock on /workdir/hadoop-ozone/integration-test/target/test-dir/MiniOzoneClusterImpl-5b4a58c5-9c69-4384-bc29-0c75166a3d4d/datanode-6/data/ratis/a669f705-98ce-49fe-98a2-c5b24e948f19/in_use.lock acquired by nodename 30656@pr-hdds-2239-kl4xt-1424884434
2019-10-07 08:13:29,653 [pool-27-thread-1] INFO  storage.RaftStorageDirectory (RaftStorageDirectory.java:tryLock(328)) - Lock on /workdir/hadoop-ozone/integration-test/target/test-dir/MiniOzoneClusterImpl-5b4a58c5-9c69-4384-bc29-0c75166a3d4d/datanode-0/data/ratis/a669f705-98ce-49fe-98a2-c5b24e948f19/in_use.lock acquired by nodename 30656@pr-hdds-2239-kl4xt-1424884434
2019-10-07 08:13:29,653 [pool-77-thread-1] INFO  storage.RaftStorageDirectory (RaftStorageDirectory.java:tryLock(328)) - Lock on /workdir/hadoop-ozone/integration-test/target/test-dir/MiniOzoneClusterImpl-5b4a58c5-9c69-4384-bc29-0c75166a3d4d/datanode-5/data/ratis/a669f705-98ce-49fe-98a2-c5b24e948f19/in_use.lock acquired by nodename 30656@pr-hdds-2239-kl4xt-1424884434
2019-10-07 08:13:29,677 [pool-77-thread-1] INFO  storage.RaftStorage (RaftStorage.java:format(84)) - Storage directory /workdir/hadoop-ozone/integration-test/target/test-dir/MiniOzoneClusterImpl-5b4a58c5-9c69-4384-bc29-0c75166a3d4d/datanode-5/data/ratis/a669f705-98ce-49fe-98a2-c5b24e948f19 has been successfully formatted.
2019-10-07 08:13:29,677 [pool-27-thread-1] INFO  storage.RaftStorage (RaftStorage.java:format(84)) - Storage directory /workdir/hadoop-ozone/integration-test/target/test-dir/MiniOzoneClusterImpl-5b4a58c5-9c69-4384-bc29-0c75166a3d4d/datanode-0/data/ratis/a669f705-98ce-49fe-98a2-c5b24e948f19 has been successfully formatted.
2019-10-07 08:13:29,677 [pool-87-thread-1] INFO  storage.RaftStorage (RaftStorage.java:format(84)) - Storage directory /workdir/hadoop-ozone/integration-test/target/test-dir/MiniOzoneClusterImpl-5b4a58c5-9c69-4384-bc29-0c75166a3d4d/datanode-6/data/ratis/a669f705-98ce-49fe-98a2-c5b24e948f19 has been successfully formatted.
2019-10-07 08:13:29,677 [pool-27-thread-1] INFO  ratis.ContainerStateMachine (ContainerStateMachine.java:loadSnapshot(231)) - group-C5B24E948F19: The snapshot info is null. Setting the last applied indexto:(t:0, i:~)
2019-10-07 08:13:29,677 [pool-77-thread-1] INFO  ratis.ContainerStateMachine (ContainerStateMachine.java:loadSnapshot(231)) - group-C5B24E948F19: The snapshot info is null. Setting the last applied indexto:(t:0, i:~)
2019-10-07 08:13:29,678 [pool-87-thread-1] INFO  ratis.ContainerStateMachine (ContainerStateMachine.java:loadSnapshot(231)) - group-C5B24E948F19: The snapshot info is null. Setting the last applied indexto:(t:0, i:~)
2019-10-07 08:13:29,678 [pool-27-thread-1] INFO  server.RaftServerConfigKeys (ConfUtils.java:logGet(43)) - raft.server.notification.no-leader.timeout = 120s (custom)
2019-10-07 08:13:29,678 [pool-87-thread-1] INFO  server.RaftServerConfigKeys (ConfUtils.java:logGet(43)) - raft.server.notification.no-leader.timeout = 120s (custom)
2019-10-07 08:13:29,678 [pool-77-thread-1] INFO  server.RaftServerConfigKeys (ConfUtils.java:logGet(43)) - raft.server.notification.no-leader.timeout = 120s (custom)
2019-10-07 08:13:29,678 [pool-87-thread-1] INFO  server.RaftServerConfigKeys (ConfUtils.java:logGet(43)) - raft.server.log.use.memory = false (default)
2019-10-07 08:13:29,678 [pool-27-thread-1] INFO  server.RaftServerConfigKeys (ConfUtils.java:logGet(43)) - raft.server.log.use.memory = false (default)
2019-10-07 08:13:29,679 [pool-87-thread-1] INFO  server.RaftServerConfigKeys (ConfUtils.java:logGet(43)) - raft.server.log.purge.gap = 1000000 (custom)
2019-10-07 08:13:29,678 [pool-77-thread-1] INFO  server.RaftServerConfigKeys (ConfUtils.java:logGet(43)) - raft.server.log.use.memory = false (default)
2019-10-07 08:13:29,679 [pool-87-thread-1] INFO  server.RaftServerConfigKeys (ConfUtils.java:logGet(43)) - raft.server.log.appender.buffer.byte-limit = 33554432 (custom)
2019-10-07 08:13:29,679 [pool-27-thread-1] INFO  server.RaftServerConfigKeys (ConfUtils.java:logGet(43)) - raft.server.log.purge.gap = 1000000 (custom)
2019-10-07 08:13:29,679 [pool-87-thread-1] INFO  server.RaftServerConfigKeys (ConfUtils.java:logGet(43)) - raft.server.log.segment.size.max = 1048576 (custom)
2019-10-07 08:13:29,679 [pool-77-thread-1] INFO  server.RaftServerConfigKeys (ConfUtils.java:logGet(43)) - raft.server.log.purge.gap = 1000000 (custom)
2019-10-07 08:13:29,680 [pool-87-thread-1] INFO  server.RaftServerConfigKeys (ConfUtils.java:logGet(43)) - raft.server.log.segment.cache.num.max = 2 (custom)
2019-10-07 08:13:29,679 [pool-27-thread-1] INFO  server.RaftServerConfigKeys (ConfUtils.java:logGet(43)) - raft.server.log.appender.buffer.byte-limit = 33554432 (custom)
2019-10-07 08:13:29,680 [pool-87-thread-1] INFO  segmented.SegmentedRaftLogWorker (SegmentedRaftLogWorker.java:<init>(173)) - new 37d14489-715e-406a-9389-ed45aea28467@group-C5B24E948F19-SegmentedRaftLogWorker for RaftStorage:Storage Directory /workdir/hadoop-ozone/integration-test/target/test-dir/MiniOzoneClusterImpl-5b4a58c5-9c69-4384-bc29-0c75166a3d4d/datanode-6/data/ratis/a669f705-98ce-49fe-98a2-c5b24e948f19
2019-10-07 08:13:29,680 [pool-77-thread-1] INFO  server.RaftServerConfigKeys (ConfUtils.java:logGet(43)) - raft.server.log.appender.buffer.byte-limit = 33554432 (custom)
2019-10-07 08:13:29,680 [pool-87-thread-1] INFO  server.RaftServerConfigKeys (ConfUtils.java:logGet(43)) - raft.server.log.queue.byte-limit = 2147483647 (custom)
2019-10-07 08:13:29,680 [pool-27-thread-1] INFO  server.RaftServerConfigKeys (ConfUtils.java:logGet(43)) - raft.server.log.segment.size.max = 1048576 (custom)
2019-10-07 08:13:29,680 [pool-87-thread-1] INFO  server.RaftServerConfigKeys (ConfUtils.java:logGet(43)) - raft.server.log.queue.element-limit = 1024 (custom)
2019-10-07 08:13:29,680 [pool-77-thread-1] INFO  server.RaftServerConfigKeys (ConfUtils.java:logGet(43)) - raft.server.log.segment.size.max = 1048576 (custom)
2019-10-07 08:13:29,681 [pool-87-thread-1] INFO  server.RaftServerConfigKeys (ConfUtils.java:logGet(43)) - raft.server.log.segment.size.max = 1048576 (custom)
2019-10-07 08:13:29,681 [pool-27-thread-1] INFO  server.RaftServerConfigKeys (ConfUtils.java:logGet(43)) - raft.server.log.segment.cache.num.max = 2 (custom)
2019-10-07 08:13:29,681 [pool-87-thread-1] INFO  server.RaftServerConfigKeys (ConfUtils.java:logGet(43)) - raft.server.log.preallocated.size = 16384 (custom)
2019-10-07 08:13:29,681 [pool-77-thread-1] INFO  server.RaftServerConfigKeys (ConfUtils.java:logGet(43)) - raft.server.log.segment.cache.num.max = 2 (custom)
2019-10-07 08:13:29,681 [pool-27-thread-1] INFO  segmented.SegmentedRaftLogWorker (SegmentedRaftLogWorker.java:<init>(173)) - new 9bd54dec-6b5e-446d-a3f1-dde7a8949220@group-C5B24E948F19-SegmentedRaftLogWorker for RaftStorage:Storage Directory /workdir/hadoop-ozone/integration-test/target/test-dir/MiniOzoneClusterImpl-5b4a58c5-9c69-4384-bc29-0c75166a3d4d/datanode-0/data/ratis/a669f705-98ce-49fe-98a2-c5b24e948f19
2019-10-07 08:13:29,681 [pool-77-thread-1] INFO  segmented.SegmentedRaftLogWorker (SegmentedRaftLogWorker.java:<init>(173)) - new 7198aa53-25d6-4a9d-90fc-cc52d5e83171@group-C5B24E948F19-SegmentedRaftLogWorker for RaftStorage:Storage Directory /workdir/hadoop-ozone/integration-test/target/test-dir/MiniOzoneClusterImpl-5b4a58c5-9c69-4384-bc29-0c75166a3d4d/datanode-5/data/ratis/a669f705-98ce-49fe-98a2-c5b24e948f19
2019-10-07 08:13:29,681 [pool-87-thread-1] INFO  server.RaftServerConfigKeys (ConfUtils.java:logGet(43)) - raft.server.log.write.buffer.size = 33554432 (custom)
2019-10-07 08:13:29,682 [pool-77-thread-1] INFO  server.RaftServerConfigKeys (ConfUtils.java:logGet(43)) - raft.server.log.queue.byte-limit = 2147483647 (custom)
2019-10-07 08:13:29,681 [pool-27-thread-1] INFO  server.RaftServerConfigKeys (ConfUtils.java:logGet(43)) - raft.server.log.queue.byte-limit = 2147483647 (custom)
2019-10-07 08:13:29,682 [pool-77-thread-1] INFO  server.RaftServerConfigKeys (ConfUtils.java:logGet(43)) - raft.server.log.queue.element-limit = 1024 (custom)
2019-10-07 08:13:29,682 [pool-87-thread-1] INFO  server.RaftServerConfigKeys (ConfUtils.java:logGet(43)) - raft.server.log.force.sync.num = 128 (default)
2019-10-07 08:13:29,682 [pool-77-thread-1] INFO  server.RaftServerConfigKeys (ConfUtils.java:logGet(43)) - raft.server.log.segment.size.max = 1048576 (custom)
2019-10-07 08:13:29,682 [pool-27-thread-1] INFO  server.RaftServerConfigKeys (ConfUtils.java:logGet(43)) - raft.server.log.queue.element-limit = 1024 (custom)
2019-10-07 08:13:29,682 [pool-77-thread-1] INFO  server.RaftServerConfigKeys (ConfUtils.java:logGet(43)) - raft.server.log.preallocated.size = 16384 (custom)
2019-10-07 08:13:29,682 [pool-87-thread-1] INFO  server.RaftServerConfigKeys (ConfUtils.java:logGet(43)) - raft.server.log.statemachine.data.sync = true (default)
2019-10-07 08:13:29,683 [pool-77-thread-1] INFO  server.RaftServerConfigKeys (ConfUtils.java:logGet(43)) - raft.server.log.write.buffer.size = 33554432 (custom)
2019-10-07 08:13:29,683 [pool-27-thread-1] INFO  server.RaftServerConfigKeys (ConfUtils.java:logGet(43)) - raft.server.log.segment.size.max = 1048576 (custom)
2019-10-07 08:13:29,683 [pool-77-thread-1] INFO  server.RaftServerConfigKeys (ConfUtils.java:logGet(43)) - raft.server.log.force.sync.num = 128 (default)
2019-10-07 08:13:29,683 [pool-87-thread-1] INFO  server.RaftServerConfigKeys (ConfUtils.java:logGet(43)) - raft.server.log.statemachine.data.sync.timeout = 10s (default)
2019-10-07 08:13:29,683 [pool-77-thread-1] INFO  server.RaftServerConfigKeys (ConfUtils.java:logGet(43)) - raft.server.log.statemachine.data.sync = true (default)
2019-10-07 08:13:29,683 [pool-27-thread-1] INFO  server.RaftServerConfigKeys (ConfUtils.java:logGet(43)) - raft.server.log.preallocated.size = 16384 (custom)
2019-10-07 08:13:29,683 [pool-77-thread-1] INFO  server.RaftServerConfigKeys (ConfUtils.java:logGet(43)) - raft.server.log.statemachine.data.sync.timeout = 10s (default)
2019-10-07 08:13:29,683 [pool-87-thread-1] INFO  server.RaftServerConfigKeys (ConfUtils.java:logGet(43)) - raft.server.log.statemachine.data.sync.timeout.retry = -1 (default)
2019-10-07 08:13:29,684 [pool-77-thread-1] INFO  server.RaftServerConfigKeys (ConfUtils.java:logGet(43)) - raft.server.log.statemachine.data.sync.timeout.retry = -1 (default)
2019-10-07 08:13:29,684 [pool-27-thread-1] INFO  server.RaftServerConfigKeys (ConfUtils.java:logGet(43)) - raft.server.log.write.buffer.size = 33554432 (custom)
2019-10-07 08:13:29,684 [pool-77-thread-1] INFO  server.RaftServerConfigKeys (ConfUtils.java:logGet(43)) - raft.server.log.statemachine.data.caching.enabled = true (custom)
2019-10-07 08:13:29,684 [pool-87-thread-1] INFO  server.RaftServerConfigKeys (ConfUtils.java:logGet(43)) - raft.server.log.statemachine.data.caching.enabled = true (custom)
2019-10-07 08:13:29,684 [pool-27-thread-1] INFO  server.RaftServerConfigKeys (ConfUtils.java:logGet(43)) - raft.server.log.force.sync.num = 128 (default)
2019-10-07 08:13:29,684 [pool-77-thread-1] INFO  segmented.SegmentedRaftLogWorker (SegmentedRaftLogWorker.java:lambda$new$0(128)) - 7198aa53-25d6-4a9d-90fc-cc52d5e83171@group-C5B24E948F19-SegmentedRaftLogWorker: flushIndex: setUnconditionally 0 -> -1
2019-10-07 08:13:29,684 [pool-27-thread-1] INFO  server.RaftServerConfigKeys (ConfUtils.java:logGet(43)) - raft.server.log.statemachine.data.sync = true (default)
2019-10-07 08:13:29,685 [pool-87-thread-1] INFO  segmented.SegmentedRaftLogWorker (SegmentedRaftLogWorker.java:lambda$new$0(128)) - 37d14489-715e-406a-9389-ed45aea28467@group-C5B24E948F19-SegmentedRaftLogWorker: flushIndex: setUnconditionally 0 -> -1
2019-10-07 08:13:29,685 [pool-77-thread-1] INFO  server.RaftServerConfigKeys (ConfUtils.java:logGet(43)) - raft.server.snapshot.auto.trigger.enabled = true (custom)
2019-10-07 08:13:29,685 [pool-27-thread-1] INFO  server.RaftServerConfigKeys (ConfUtils.java:logGet(43)) - raft.server.log.statemachine.data.sync.timeout = 10s (default)
2019-10-07 08:13:29,685 [pool-87-thread-1] INFO  server.RaftServerConfigKeys (ConfUtils.java:logGet(43)) - raft.server.snapshot.auto.trigger.enabled = true (custom)
2019-10-07 08:13:29,685 [pool-77-thread-1] INFO  server.RaftServerConfigKeys (ConfUtils.java:logGet(43)) - raft.server.snapshot.auto.trigger.threshold = 10000 (custom)
2019-10-07 08:13:29,685 [pool-87-thread-1] INFO  server.RaftServerConfigKeys (ConfUtils.java:logGet(43)) - raft.server.snapshot.auto.trigger.threshold = 10000 (custom)
2019-10-07 08:13:29,685 [pool-27-thread-1] INFO  server.RaftServerConfigKeys (ConfUtils.java:logGet(43)) - raft.server.log.statemachine.data.sync.timeout.retry = -1 (default)
2019-10-07 08:13:29,685 [pool-87-thread-1] INFO  server.RaftServerConfigKeys (ConfUtils.java:logGet(43)) - raft.server.snapshot.retention.file.num = 5 (custom)
2019-10-07 08:13:29,685 [pool-77-thread-1] INFO  server.RaftServerConfigKeys (ConfUtils.java:logGet(43)) - raft.server.snapshot.retention.file.num = 5 (custom)
2019-10-07 08:13:29,686 [pool-27-thread-1] INFO  server.RaftServerConfigKeys (ConfUtils.java:logGet(43)) - raft.server.log.statemachine.data.caching.enabled = true (custom)
2019-10-07 08:13:29,686 [pool-77-thread-1] INFO  server.RaftServerConfigKeys (ConfUtils.java:logGet(43)) - raft.server.retrycache.expirytime = 600000ms (custom)
2019-10-07 08:13:29,686 [pool-87-thread-1] INFO  server.RaftServerConfigKeys (ConfUtils.java:logGet(43)) - raft.server.retrycache.expirytime = 600000ms (custom)
2019-10-07 08:13:29,686 [pool-27-thread-1] INFO  segmented.SegmentedRaftLogWorker (SegmentedRaftLogWorker.java:lambda$new$0(128)) - 9bd54dec-6b5e-446d-a3f1-dde7a8949220@group-C5B24E948F19-SegmentedRaftLogWorker: flushIndex: setUnconditionally 0 -> -1
2019-10-07 08:13:29,686 [pool-27-thread-1] INFO  server.RaftServerConfigKeys (ConfUtils.java:logGet(43)) - raft.server.snapshot.auto.trigger.enabled = true (custom)
2019-10-07 08:13:29,687 [pool-27-thread-1] INFO  server.RaftServerConfigKeys (ConfUtils.java:logGet(43)) - raft.server.snapshot.auto.trigger.threshold = 10000 (custom)
2019-10-07 08:13:29,687 [pool-27-thread-1] INFO  server.RaftServerConfigKeys (ConfUtils.java:logGet(43)) - raft.server.snapshot.retention.file.num = 5 (custom)
2019-10-07 08:13:29,687 [pool-27-thread-1] INFO  server.RaftServerConfigKeys (ConfUtils.java:logGet(43)) - raft.server.retrycache.expirytime = 600000ms (custom)
2019-10-07 08:13:29,689 [pool-77-thread-1] INFO  impl.RaftServerImpl (RaftServerImpl.java:start(181)) - 7198aa53-25d6-4a9d-90fc-cc52d5e83171@group-C5B24E948F19: start as a follower, conf=-1: [37d14489-715e-406a-9389-ed45aea28467:192.168.164.251:43032, 7198aa53-25d6-4a9d-90fc-cc52d5e83171:192.168.164.251:33459, 9bd54dec-6b5e-446d-a3f1-dde7a8949220:192.168.164.251:42323], old=null
2019-10-07 08:13:29,689 [pool-77-thread-1] INFO  impl.RaftServerImpl (RaftServerImpl.java:setRole(170)) - 7198aa53-25d6-4a9d-90fc-cc52d5e83171@group-C5B24E948F19: changes role from      null to FOLLOWER at term 0 for startAsFollower
2019-10-07 08:13:29,689 [pool-77-thread-1] INFO  impl.RoleInfo (RoleInfo.java:updateAndGet(143)) - 7198aa53-25d6-4a9d-90fc-cc52d5e83171: start FollowerState
2019-10-07 08:13:29,690 [pool-77-thread-1] INFO  util.JmxRegister (JmxRegister.java:tryRegister(44)) - Successfully registered JMX Bean with object name Ratis:service=RaftServer,group=group-C5B24E948F19,id=7198aa53-25d6-4a9d-90fc-cc52d5e83171
2019-10-07 08:13:29,690 [pool-87-thread-1] INFO  impl.RaftServerImpl (RaftServerImpl.java:start(181)) - 37d14489-715e-406a-9389-ed45aea28467@group-C5B24E948F19: start as a follower, conf=-1: [37d14489-715e-406a-9389-ed45aea28467:192.168.164.251:43032, 7198aa53-25d6-4a9d-90fc-cc52d5e83171:192.168.164.251:33459, 9bd54dec-6b5e-446d-a3f1-dde7a8949220:192.168.164.251:42323], old=null
2019-10-07 08:13:29,690 [pool-27-thread-1] INFO  impl.RaftServerImpl (RaftServerImpl.java:start(181)) - 9bd54dec-6b5e-446d-a3f1-dde7a8949220@group-C5B24E948F19: start as a follower, conf=-1: [37d14489-715e-406a-9389-ed45aea28467:192.168.164.251:43032, 7198aa53-25d6-4a9d-90fc-cc52d5e83171:192.168.164.251:33459, 9bd54dec-6b5e-446d-a3f1-dde7a8949220:192.168.164.251:42323], old=null
2019-10-07 08:13:29,690 [pool-87-thread-1] INFO  impl.RaftServerImpl (RaftServerImpl.java:setRole(170)) - 37d14489-715e-406a-9389-ed45aea28467@group-C5B24E948F19: changes role from      null to FOLLOWER at term 0 for startAsFollower
2019-10-07 08:13:29,691 [pool-27-thread-1] INFO  impl.RaftServerImpl (RaftServerImpl.java:setRole(170)) - 9bd54dec-6b5e-446d-a3f1-dde7a8949220@group-C5B24E948F19: changes role from      null to FOLLOWER at term 0 for startAsFollower
2019-10-07 08:13:29,691 [pool-87-thread-1] INFO  impl.RoleInfo (RoleInfo.java:updateAndGet(143)) - 37d14489-715e-406a-9389-ed45aea28467: start FollowerState
2019-10-07 08:13:29,691 [pool-27-thread-1] INFO  impl.RoleInfo (RoleInfo.java:updateAndGet(143)) - 9bd54dec-6b5e-446d-a3f1-dde7a8949220: start FollowerState
2019-10-07 08:13:29,691 [pool-87-thread-1] INFO  util.JmxRegister (JmxRegister.java:tryRegister(44)) - Successfully registered JMX Bean with object name Ratis:service=RaftServer,group=group-C5B24E948F19,id=37d14489-715e-406a-9389-ed45aea28467
2019-10-07 08:13:29,691 [pool-27-thread-1] INFO  util.JmxRegister (JmxRegister.java:tryRegister(44)) - Successfully registered JMX Bean with object name Ratis:service=RaftServer,group=group-C5B24E948F19,id=9bd54dec-6b5e-446d-a3f1-dde7a8949220
2019-10-07 08:13:29,716 [RatisPipelineUtilsThread] INFO  pipeline.PipelineStateManager (PipelineStateManager.java:addPipeline(56)) - Created pipeline Pipeline[ Id: a669f705-98ce-49fe-98a2-c5b24e948f19, Nodes: 37d14489-715e-406a-9389-ed45aea28467{ip: 192.168.164.251, host: pr-hdds-2239-kl4xt-1424884434, networkLocation: /default-rack, certSerialId: null}7198aa53-25d6-4a9d-90fc-cc52d5e83171{ip: 192.168.164.251, host: pr-hdds-2239-kl4xt-1424884434, networkLocation: /default-rack, certSerialId: null}9bd54dec-6b5e-446d-a3f1-dde7a8949220{ip: 192.168.164.251, host: pr-hdds-2239-kl4xt-1424884434, networkLocation: /default-rack, certSerialId: null}, Type:RATIS, Factor:THREE, State:OPEN]
2019-10-07 08:13:29,742 [main] INFO  impl.MetricsSystemImpl (MetricsSystemImpl.java:init(158)) - XceiverClientMetrics metrics system started (again)
2019-10-07 08:13:30,815 [Thread-238] INFO  container.ReplicationManager (ReplicationManager.java:start(162)) - Starting Replication Monitor Thread.
2019-10-07 08:13:30,822 [ReplicationMonitor] INFO  container.ReplicationManager (ReplicationManager.java:run(225)) - Replication Monitor Thread took 4 milliseconds for processing 1 containers.
2019-10-07 08:13:33,431 [Thread-241] INFO  impl.FollowerState (FollowerState.java:run(108)) - 9bd54dec-6b5e-446d-a3f1-dde7a8949220@group-592505620094-FollowerState: change to CANDIDATE, lastRpcTime:5048ms, electionTimeout:5047ms
2019-10-07 08:13:33,436 [Thread-241] INFO  impl.RoleInfo (RoleInfo.java:shutdownFollowerState(121)) - 9bd54dec-6b5e-446d-a3f1-dde7a8949220: shutdown FollowerState
2019-10-07 08:13:33,436 [Thread-241] INFO  impl.RaftServerImpl (RaftServerImpl.java:setRole(170)) - 9bd54dec-6b5e-446d-a3f1-dde7a8949220@group-592505620094: changes role from  FOLLOWER to CANDIDATE at term 0 for changeToCandidate
2019-10-07 08:13:33,443 [Thread-241] INFO  impl.RoleInfo (RoleInfo.java:updateAndGet(143)) - 9bd54dec-6b5e-446d-a3f1-dde7a8949220: start LeaderElection
2019-10-07 08:13:33,481 [9bd54dec-6b5e-446d-a3f1-dde7a8949220@group-592505620094-LeaderElection1] INFO  impl.LeaderElection (LeaderElection.java:askForVotes(178)) - 9bd54dec-6b5e-446d-a3f1-dde7a8949220@group-592505620094-LeaderElection1: begin an election at term 1 for -1: [9bd54dec-6b5e-446d-a3f1-dde7a8949220:192.168.164.251:42323], old=null
2019-10-07 08:13:33,482 [9bd54dec-6b5e-446d-a3f1-dde7a8949220@group-592505620094-LeaderElection1] INFO  impl.RoleInfo (RoleInfo.java:shutdownLeaderElection(134)) - 9bd54dec-6b5e-446d-a3f1-dde7a8949220: shutdown LeaderElection
2019-10-07 08:13:33,483 [9bd54dec-6b5e-446d-a3f1-dde7a8949220@group-592505620094-LeaderElection1] INFO  impl.RaftServerImpl (RaftServerImpl.java:setRole(170)) - 9bd54dec-6b5e-446d-a3f1-dde7a8949220@group-592505620094: changes role from CANDIDATE to LEADER at term 1 for changeToLeader
2019-10-07 08:13:33,483 [9bd54dec-6b5e-446d-a3f1-dde7a8949220@group-592505620094-LeaderElection1] INFO  impl.RaftServerImpl (ServerState.java:setLeader(255)) - 9bd54dec-6b5e-446d-a3f1-dde7a8949220@group-592505620094: change Leader from null to 9bd54dec-6b5e-446d-a3f1-dde7a8949220 at term 1 for becomeLeader, leader elected after 5231ms
2019-10-07 08:13:33,491 [9bd54dec-6b5e-446d-a3f1-dde7a8949220@group-592505620094-LeaderElection1] INFO  server.RaftServerConfigKeys (ConfUtils.java:logGet(43)) - raft.server.staging.catchup.gap = 1000 (default)
2019-10-07 08:13:33,491 [9bd54dec-6b5e-446d-a3f1-dde7a8949220@group-592505620094-LeaderElection1] INFO  server.RaftServerConfigKeys (ConfUtils.java:logGet(43)) - raft.server.rpc.sleep.time = 25ms (default)
2019-10-07 08:13:33,495 [9bd54dec-6b5e-446d-a3f1-dde7a8949220@group-592505620094-LeaderElection1] INFO  server.RaftServerConfigKeys (ConfUtils.java:logGet(43)) - raft.server.write.element-limit = 4096 (default)
2019-10-07 08:13:33,498 [9bd54dec-6b5e-446d-a3f1-dde7a8949220@group-592505620094-LeaderElection1] INFO  server.RaftServerConfigKeys (ConfUtils.java:logGet(43)) - raft.server.watch.timeout = 10s (default)
2019-10-07 08:13:33,498 [9bd54dec-6b5e-446d-a3f1-dde7a8949220@group-592505620094-LeaderElection1] INFO  server.RaftServerConfigKeys (ConfUtils.java:logGet(43)) - raft.server.watch.timeout.denomination = 1s (default)
2019-10-07 08:13:33,499 [9bd54dec-6b5e-446d-a3f1-dde7a8949220@group-592505620094-LeaderElection1] INFO  server.RaftServerConfigKeys (ConfUtils.java:logGet(43)) - raft.server.watch.element-limit = 65536 (default)
2019-10-07 08:13:33,510 [9bd54dec-6b5e-446d-a3f1-dde7a8949220@group-592505620094-LeaderElection1] INFO  impl.RoleInfo (RoleInfo.java:updateAndGet(143)) - 9bd54dec-6b5e-446d-a3f1-dde7a8949220: start LeaderState
2019-10-07 08:13:33,532 [9bd54dec-6b5e-446d-a3f1-dde7a8949220@group-592505620094-LeaderElection1] INFO  segmented.SegmentedRaftLogWorker (SegmentedRaftLogWorker.java:startLogSegment(385)) - 9bd54dec-6b5e-446d-a3f1-dde7a8949220@group-592505620094-SegmentedRaftLogWorker: Starting segment from index:0
2019-10-07 08:13:33,540 [9bd54dec-6b5e-446d-a3f1-dde7a8949220@group-592505620094-LeaderElection1] INFO  impl.RaftServerImpl (ServerState.java:setRaftConf(356)) - 9bd54dec-6b5e-446d-a3f1-dde7a8949220@group-592505620094: set configuration 0: [9bd54dec-6b5e-446d-a3f1-dde7a8949220:192.168.164.251:42323], old=null at 0
2019-10-07 08:13:33,664 [Thread-244] INFO  impl.FollowerState (FollowerState.java:run(108)) - e59dfa83-9a17-4bb1-b70c-789d43087210@group-BCB2176F899C-FollowerState: change to CANDIDATE, lastRpcTime:5103ms, electionTimeout:5101ms
2019-10-07 08:13:33,666 [Thread-244] INFO  impl.RoleInfo (RoleInfo.java:shutdownFollowerState(121)) - e59dfa83-9a17-4bb1-b70c-789d43087210: shutdown FollowerState
2019-10-07 08:13:33,666 [Thread-244] INFO  impl.RaftServerImpl (RaftServerImpl.java:setRole(170)) - e59dfa83-9a17-4bb1-b70c-789d43087210@group-BCB2176F899C: changes role from  FOLLOWER to CANDIDATE at term 0 for changeToCandidate
2019-10-07 08:13:33,667 [Thread-244] INFO  impl.RoleInfo (RoleInfo.java:updateAndGet(143)) - e59dfa83-9a17-4bb1-b70c-789d43087210: start LeaderElection
2019-10-07 08:13:33,690 [e59dfa83-9a17-4bb1-b70c-789d43087210@group-BCB2176F899C-LeaderElection2] INFO  impl.LeaderElection (LeaderElection.java:askForVotes(178)) - e59dfa83-9a17-4bb1-b70c-789d43087210@group-BCB2176F899C-LeaderElection2: begin an election at term 1 for -1: [e59dfa83-9a17-4bb1-b70c-789d43087210:192.168.164.251:43777], old=null
2019-10-07 08:13:33,692 [e59dfa83-9a17-4bb1-b70c-789d43087210@group-BCB2176F899C-LeaderElection2] INFO  impl.RoleInfo (RoleInfo.java:shutdownLeaderElection(134)) - e59dfa83-9a17-4bb1-b70c-789d43087210: shutdown LeaderElection
2019-10-07 08:13:33,692 [e59dfa83-9a17-4bb1-b70c-789d43087210@group-BCB2176F899C-LeaderElection2] INFO  impl.RaftServerImpl (RaftServerImpl.java:setRole(170)) - e59dfa83-9a17-4bb1-b70c-789d43087210@group-BCB2176F899C: changes role from CANDIDATE to LEADER at term 1 for changeToLeader
2019-10-07 08:13:33,693 [e59dfa83-9a17-4bb1-b70c-789d43087210@group-BCB2176F899C-LeaderElection2] INFO  impl.RaftServerImpl (ServerState.java:setLeader(255)) - e59dfa83-9a17-4bb1-b70c-789d43087210@group-BCB2176F899C: change Leader from null to e59dfa83-9a17-4bb1-b70c-789d43087210 at term 1 for becomeLeader, leader elected after 5145ms
2019-10-07 08:13:33,694 [e59dfa83-9a17-4bb1-b70c-789d43087210@group-BCB2176F899C-LeaderElection2] INFO  server.RaftServerConfigKeys (ConfUtils.java:logGet(43)) - raft.server.staging.catchup.gap = 1000 (default)
2019-10-07 08:13:33,695 [e59dfa83-9a17-4bb1-b70c-789d43087210@group-BCB2176F899C-LeaderElection2] INFO  server.RaftServerConfigKeys (ConfUtils.java:logGet(43)) - raft.server.rpc.sleep.time = 25ms (default)
2019-10-07 08:13:33,695 [e59dfa83-9a17-4bb1-b70c-789d43087210@group-BCB2176F899C-LeaderElection2] INFO  server.RaftServerConfigKeys (ConfUtils.java:logGet(43)) - raft.server.write.element-limit = 4096 (default)
2019-10-07 08:13:33,695 [e59dfa83-9a17-4bb1-b70c-789d43087210@group-BCB2176F899C-LeaderElection2] INFO  server.RaftServerConfigKeys (ConfUtils.java:logGet(43)) - raft.server.watch.timeout = 10s (default)
2019-10-07 08:13:33,695 [e59dfa83-9a17-4bb1-b70c-789d43087210@group-BCB2176F899C-LeaderElection2] INFO  server.RaftServerConfigKeys (ConfUtils.java:logGet(43)) - raft.server.watch.timeout.denomination = 1s (default)
2019-10-07 08:13:33,695 [e59dfa83-9a17-4bb1-b70c-789d43087210@group-BCB2176F899C-LeaderElection2] INFO  server.RaftServerConfigKeys (ConfUtils.java:logGet(43)) - raft.server.watch.element-limit = 65536 (default)
2019-10-07 08:13:33,699 [e59dfa83-9a17-4bb1-b70c-789d43087210@group-BCB2176F899C-LeaderElection2] INFO  impl.RoleInfo (RoleInfo.java:updateAndGet(143)) - e59dfa83-9a17-4bb1-b70c-789d43087210: start LeaderState
2019-10-07 08:13:33,700 [e59dfa83-9a17-4bb1-b70c-789d43087210@group-BCB2176F899C-LeaderElection2] INFO  segmented.SegmentedRaftLogWorker (SegmentedRaftLogWorker.java:startLogSegment(385)) - e59dfa83-9a17-4bb1-b70c-789d43087210@group-BCB2176F899C-SegmentedRaftLogWorker: Starting segment from index:0
2019-10-07 08:13:33,701 [e59dfa83-9a17-4bb1-b70c-789d43087210@group-BCB2176F899C-LeaderElection2] INFO  impl.RaftServerImpl (ServerState.java:setRaftConf(356)) - e59dfa83-9a17-4bb1-b70c-789d43087210@group-BCB2176F899C: set configuration 0: [e59dfa83-9a17-4bb1-b70c-789d43087210:192.168.164.251:43777], old=null at 0
2019-10-07 08:13:33,751 [9bd54dec-6b5e-446d-a3f1-dde7a8949220@group-592505620094-SegmentedRaftLogWorker] INFO  segmented.SegmentedRaftLogWorker (SegmentedRaftLogWorker.java:execute(574)) - 9bd54dec-6b5e-446d-a3f1-dde7a8949220@group-592505620094-SegmentedRaftLogWorker: created new log segment /workdir/hadoop-ozone/integration-test/target/test-dir/MiniOzoneClusterImpl-5b4a58c5-9c69-4384-bc29-0c75166a3d4d/datanode-0/data/ratis/9342b914-6c68-4ebd-ac9c-592505620094/current/log_inprogress_0
2019-10-07 08:13:33,772 [e59dfa83-9a17-4bb1-b70c-789d43087210@group-BCB2176F899C-SegmentedRaftLogWorker] INFO  segmented.SegmentedRaftLogWorker (SegmentedRaftLogWorker.java:execute(574)) - e59dfa83-9a17-4bb1-b70c-789d43087210@group-BCB2176F899C-SegmentedRaftLogWorker: created new log segment /workdir/hadoop-ozone/integration-test/target/test-dir/MiniOzoneClusterImpl-5b4a58c5-9c69-4384-bc29-0c75166a3d4d/datanode-4/data/ratis/2c937d95-c1f9-4b9a-8adf-bcb2176f899c/current/log_inprogress_0
2019-10-07 08:13:33,790 [Thread-248] INFO  impl.FollowerState (FollowerState.java:run(108)) - 0cccb4d0-2641-47a5-9893-c9d42eb7a12b@group-1A660E975725-FollowerState: change to CANDIDATE, lastRpcTime:5054ms, electionTimeout:5054ms
2019-10-07 08:13:33,790 [Thread-248] INFO  impl.RoleInfo (RoleInfo.java:shutdownFollowerState(121)) - 0cccb4d0-2641-47a5-9893-c9d42eb7a12b: shutdown FollowerState
2019-10-07 08:13:33,790 [Thread-248] INFO  impl.RaftServerImpl (RaftServerImpl.java:setRole(170)) - 0cccb4d0-2641-47a5-9893-c9d42eb7a12b@group-1A660E975725: changes role from  FOLLOWER to CANDIDATE at term 0 for changeToCandidate
2019-10-07 08:13:33,791 [Thread-248] INFO  impl.RoleInfo (RoleInfo.java:updateAndGet(143)) - 0cccb4d0-2641-47a5-9893-c9d42eb7a12b: start LeaderElection
2019-10-07 08:13:33,820 [0cccb4d0-2641-47a5-9893-c9d42eb7a12b@group-1A660E975725-LeaderElection3] INFO  impl.LeaderElection (LeaderElection.java:askForVotes(178)) - 0cccb4d0-2641-47a5-9893-c9d42eb7a12b@group-1A660E975725-LeaderElection3: begin an election at term 1 for -1: [0cccb4d0-2641-47a5-9893-c9d42eb7a12b:192.168.164.251:41455], old=null
2019-10-07 08:13:33,820 [0cccb4d0-2641-47a5-9893-c9d42eb7a12b@group-1A660E975725-LeaderElection3] INFO  impl.RoleInfo (RoleInfo.java:shutdownLeaderElection(134)) - 0cccb4d0-2641-47a5-9893-c9d42eb7a12b: shutdown LeaderElection
2019-10-07 08:13:33,821 [0cccb4d0-2641-47a5-9893-c9d42eb7a12b@group-1A660E975725-LeaderElection3] INFO  impl.RaftServerImpl (RaftServerImpl.java:setRole(170)) - 0cccb4d0-2641-47a5-9893-c9d42eb7a12b@group-1A660E975725: changes role from CANDIDATE to LEADER at term 1 for changeToLeader
2019-10-07 08:13:33,821 [0cccb4d0-2641-47a5-9893-c9d42eb7a12b@group-1A660E975725-LeaderElection3] INFO  impl.RaftServerImpl (ServerState.java:setLeader(255)) - 0cccb4d0-2641-47a5-9893-c9d42eb7a12b@group-1A660E975725: change Leader from null to 0cccb4d0-2641-47a5-9893-c9d42eb7a12b at term 1 for becomeLeader, leader elected after 5145ms
2019-10-07 08:13:33,823 [0cccb4d0-2641-47a5-9893-c9d42eb7a12b@group-1A660E975725-LeaderElection3] INFO  server.RaftServerConfigKeys (ConfUtils.java:logGet(43)) - raft.server.staging.catchup.gap = 1000 (default)
2019-10-07 08:13:33,823 [0cccb4d0-2641-47a5-9893-c9d42eb7a12b@group-1A660E975725-LeaderElection3] INFO  server.RaftServerConfigKeys (ConfUtils.java:logGet(43)) - raft.server.rpc.sleep.time = 25ms (default)
2019-10-07 08:13:33,823 [0cccb4d0-2641-47a5-9893-c9d42eb7a12b@group-1A660E975725-LeaderElection3] INFO  server.RaftServerConfigKeys (ConfUtils.java:logGet(43)) - raft.server.write.element-limit = 4096 (default)
2019-10-07 08:13:33,824 [0cccb4d0-2641-47a5-9893-c9d42eb7a12b@group-1A660E975725-LeaderElection3] INFO  server.RaftServerConfigKeys (ConfUtils.java:logGet(43)) - raft.server.watch.timeout = 10s (default)
2019-10-07 08:13:33,824 [0cccb4d0-2641-47a5-9893-c9d42eb7a12b@group-1A660E975725-LeaderElection3] INFO  server.RaftServerConfigKeys (ConfUtils.java:logGet(43)) - raft.server.watch.timeout.denomination = 1s (default)
2019-10-07 08:13:33,824 [0cccb4d0-2641-47a5-9893-c9d42eb7a12b@group-1A660E975725-LeaderElection3] INFO  server.RaftServerConfigKeys (ConfUtils.java:logGet(43)) - raft.server.watch.element-limit = 65536 (default)
2019-10-07 08:13:33,827 [0cccb4d0-2641-47a5-9893-c9d42eb7a12b@group-1A660E975725-LeaderElection3] INFO  impl.RoleInfo (RoleInfo.java:updateAndGet(143)) - 0cccb4d0-2641-47a5-9893-c9d42eb7a12b: start LeaderState
2019-10-07 08:13:33,827 [0cccb4d0-2641-47a5-9893-c9d42eb7a12b@group-1A660E975725-LeaderElection3] INFO  segmented.SegmentedRaftLogWorker (SegmentedRaftLogWorker.java:startLogSegment(385)) - 0cccb4d0-2641-47a5-9893-c9d42eb7a12b@group-1A660E975725-SegmentedRaftLogWorker: Starting segment from index:0
2019-10-07 08:13:33,828 [0cccb4d0-2641-47a5-9893-c9d42eb7a12b@group-1A660E975725-LeaderElection3] INFO  impl.RaftServerImpl (ServerState.java:setRaftConf(356)) - 0cccb4d0-2641-47a5-9893-c9d42eb7a12b@group-1A660E975725: set configuration 0: [0cccb4d0-2641-47a5-9893-c9d42eb7a12b:192.168.164.251:41455], old=null at 0
2019-10-07 08:13:33,880 [0cccb4d0-2641-47a5-9893-c9d42eb7a12b@group-1A660E975725-SegmentedRaftLogWorker] INFO  segmented.SegmentedRaftLogWorker (SegmentedRaftLogWorker.java:execute(574)) - 0cccb4d0-2641-47a5-9893-c9d42eb7a12b@group-1A660E975725-SegmentedRaftLogWorker: created new log segment /workdir/hadoop-ozone/integration-test/target/test-dir/MiniOzoneClusterImpl-5b4a58c5-9c69-4384-bc29-0c75166a3d4d/datanode-2/data/ratis/c1e29689-ccb8-4d34-a645-1a660e975725/current/log_inprogress_0
2019-10-07 08:13:33,892 [Thread-252] INFO  impl.FollowerState (FollowerState.java:run(108)) - 57cb8c1e-21d0-4132-8977-99a9151d6701@group-696E843EC49E-FollowerState: change to CANDIDATE, lastRpcTime:5040ms, electionTimeout:5040ms
2019-10-07 08:13:33,893 [Thread-252] INFO  impl.RoleInfo (RoleInfo.java:shutdownFollowerState(121)) - 57cb8c1e-21d0-4132-8977-99a9151d6701: shutdown FollowerState
2019-10-07 08:13:33,893 [Thread-252] INFO  impl.RaftServerImpl (RaftServerImpl.java:setRole(170)) - 57cb8c1e-21d0-4132-8977-99a9151d6701@group-696E843EC49E: changes role from  FOLLOWER to CANDIDATE at term 0 for changeToCandidate
2019-10-07 08:13:33,893 [Thread-252] INFO  impl.RoleInfo (RoleInfo.java:updateAndGet(143)) - 57cb8c1e-21d0-4132-8977-99a9151d6701: start LeaderElection
2019-10-07 08:13:33,912 [57cb8c1e-21d0-4132-8977-99a9151d6701@group-696E843EC49E-LeaderElection4] INFO  impl.LeaderElection (LeaderElection.java:askForVotes(178)) - 57cb8c1e-21d0-4132-8977-99a9151d6701@group-696E843EC49E-LeaderElection4: begin an election at term 1 for -1: [57cb8c1e-21d0-4132-8977-99a9151d6701:192.168.164.251:42454], old=null
2019-10-07 08:13:33,915 [57cb8c1e-21d0-4132-8977-99a9151d6701@group-696E843EC49E-LeaderElection4] INFO  impl.RoleInfo (RoleInfo.java:shutdownLeaderElection(134)) - 57cb8c1e-21d0-4132-8977-99a9151d6701: shutdown LeaderElection
2019-10-07 08:13:33,915 [57cb8c1e-21d0-4132-8977-99a9151d6701@group-696E843EC49E-LeaderElection4] INFO  impl.RaftServerImpl (RaftServerImpl.java:setRole(170)) - 57cb8c1e-21d0-4132-8977-99a9151d6701@group-696E843EC49E: changes role from CANDIDATE to LEADER at term 1 for changeToLeader
2019-10-07 08:13:33,915 [57cb8c1e-21d0-4132-8977-99a9151d6701@group-696E843EC49E-LeaderElection4] INFO  impl.RaftServerImpl (ServerState.java:setLeader(255)) - 57cb8c1e-21d0-4132-8977-99a9151d6701@group-696E843EC49E: change Leader from null to 57cb8c1e-21d0-4132-8977-99a9151d6701 at term 1 for becomeLeader, leader elected after 5091ms
2019-10-07 08:13:33,917 [57cb8c1e-21d0-4132-8977-99a9151d6701@group-696E843EC49E-LeaderElection4] INFO  server.RaftServerConfigKeys (ConfUtils.java:logGet(43)) - raft.server.staging.catchup.gap = 1000 (default)
2019-10-07 08:13:33,918 [57cb8c1e-21d0-4132-8977-99a9151d6701@group-696E843EC49E-LeaderElection4] INFO  server.RaftServerConfigKeys (ConfUtils.java:logGet(43)) - raft.server.rpc.sleep.time = 25ms (default)
2019-10-07 08:13:33,918 [57cb8c1e-21d0-4132-8977-99a9151d6701@group-696E843EC49E-LeaderElection4] INFO  server.RaftServerConfigKeys (ConfUtils.java:logGet(43)) - raft.server.write.element-limit = 4096 (default)
2019-10-07 08:13:33,918 [57cb8c1e-21d0-4132-8977-99a9151d6701@group-696E843EC49E-LeaderElection4] INFO  server.RaftServerConfigKeys (ConfUtils.java:logGet(43)) - raft.server.watch.timeout = 10s (default)
2019-10-07 08:13:33,918 [57cb8c1e-21d0-4132-8977-99a9151d6701@group-696E843EC49E-LeaderElection4] INFO  server.RaftServerConfigKeys (ConfUtils.java:logGet(43)) - raft.server.watch.timeout.denomination = 1s (default)
2019-10-07 08:13:33,919 [57cb8c1e-21d0-4132-8977-99a9151d6701@group-696E843EC49E-LeaderElection4] INFO  server.RaftServerConfigKeys (ConfUtils.java:logGet(43)) - raft.server.watch.element-limit = 65536 (default)
2019-10-07 08:13:33,921 [57cb8c1e-21d0-4132-8977-99a9151d6701@group-696E843EC49E-LeaderElection4] INFO  impl.RoleInfo (RoleInfo.java:updateAndGet(143)) - 57cb8c1e-21d0-4132-8977-99a9151d6701: start LeaderState
2019-10-07 08:13:33,922 [57cb8c1e-21d0-4132-8977-99a9151d6701@group-696E843EC49E-LeaderElection4] INFO  segmented.SegmentedRaftLogWorker (SegmentedRaftLogWorker.java:startLogSegment(385)) - 57cb8c1e-21d0-4132-8977-99a9151d6701@group-696E843EC49E-SegmentedRaftLogWorker: Starting segment from index:0
2019-10-07 08:13:33,922 [57cb8c1e-21d0-4132-8977-99a9151d6701@group-696E843EC49E-LeaderElection4] INFO  impl.RaftServerImpl (ServerState.java:setRaftConf(356)) - 57cb8c1e-21d0-4132-8977-99a9151d6701@group-696E843EC49E: set configuration 0: [57cb8c1e-21d0-4132-8977-99a9151d6701:192.168.164.251:42454], old=null at 0
2019-10-07 08:13:33,962 [57cb8c1e-21d0-4132-8977-99a9151d6701@group-696E843EC49E-SegmentedRaftLogWorker] INFO  segmented.SegmentedRaftLogWorker (SegmentedRaftLogWorker.java:execute(574)) - 57cb8c1e-21d0-4132-8977-99a9151d6701@group-696E843EC49E-SegmentedRaftLogWorker: created new log segment /workdir/hadoop-ozone/integration-test/target/test-dir/MiniOzoneClusterImpl-5b4a58c5-9c69-4384-bc29-0c75166a3d4d/datanode-3/data/ratis/a4fb4c00-2804-4062-a56b-696e843ec49e/current/log_inprogress_0
2019-10-07 08:13:33,977 [Thread-255] INFO  impl.FollowerState (FollowerState.java:run(108)) - 37d14489-715e-406a-9389-ed45aea28467@group-903B8E84FA8D-FollowerState: change to CANDIDATE, lastRpcTime:5038ms, electionTimeout:5038ms
2019-10-07 08:13:33,977 [Thread-255] INFO  impl.RoleInfo (RoleInfo.java:shutdownFollowerState(121)) - 37d14489-715e-406a-9389-ed45aea28467: shutdown FollowerState
2019-10-07 08:13:33,977 [Thread-255] INFO  impl.RaftServerImpl (RaftServerImpl.java:setRole(170)) - 37d14489-715e-406a-9389-ed45aea28467@group-903B8E84FA8D: changes role from  FOLLOWER to CANDIDATE at term 0 for changeToCandidate
2019-10-07 08:13:33,978 [Thread-255] INFO  impl.RoleInfo (RoleInfo.java:updateAndGet(143)) - 37d14489-715e-406a-9389-ed45aea28467: start LeaderElection
2019-10-07 08:13:33,998 [37d14489-715e-406a-9389-ed45aea28467@group-903B8E84FA8D-LeaderElection5] INFO  impl.LeaderElection (LeaderElection.java:askForVotes(178)) - 37d14489-715e-406a-9389-ed45aea28467@group-903B8E84FA8D-LeaderElection5: begin an election at term 1 for -1: [37d14489-715e-406a-9389-ed45aea28467:192.168.164.251:43032], old=null
2019-10-07 08:13:33,998 [37d14489-715e-406a-9389-ed45aea28467@group-903B8E84FA8D-LeaderElection5] INFO  impl.RoleInfo (RoleInfo.java:shutdownLeaderElection(134)) - 37d14489-715e-406a-9389-ed45aea28467: shutdown LeaderElection
2019-10-07 08:13:33,998 [37d14489-715e-406a-9389-ed45aea28467@group-903B8E84FA8D-LeaderElection5] INFO  impl.RaftServerImpl (RaftServerImpl.java:setRole(170)) - 37d14489-715e-406a-9389-ed45aea28467@group-903B8E84FA8D: changes role from CANDIDATE to LEADER at term 1 for changeToLeader
2019-10-07 08:13:33,999 [37d14489-715e-406a-9389-ed45aea28467@group-903B8E84FA8D-LeaderElection5] INFO  impl.RaftServerImpl (ServerState.java:setLeader(255)) - 37d14489-715e-406a-9389-ed45aea28467@group-903B8E84FA8D: change Leader from null to 37d14489-715e-406a-9389-ed45aea28467 at term 1 for becomeLeader, leader elected after 5070ms
2019-10-07 08:13:34,002 [37d14489-715e-406a-9389-ed45aea28467@group-903B8E84FA8D-LeaderElection5] INFO  server.RaftServerConfigKeys (ConfUtils.java:logGet(43)) - raft.server.staging.catchup.gap = 1000 (default)
2019-10-07 08:13:34,003 [37d14489-715e-406a-9389-ed45aea28467@group-903B8E84FA8D-LeaderElection5] INFO  server.RaftServerConfigKeys (ConfUtils.java:logGet(43)) - raft.server.rpc.sleep.time = 25ms (default)
2019-10-07 08:13:34,003 [37d14489-715e-406a-9389-ed45aea28467@group-903B8E84FA8D-LeaderElection5] INFO  server.RaftServerConfigKeys (ConfUtils.java:logGet(43)) - raft.server.write.element-limit = 4096 (default)
2019-10-07 08:13:34,003 [37d14489-715e-406a-9389-ed45aea28467@group-903B8E84FA8D-LeaderElection5] INFO  server.RaftServerConfigKeys (ConfUtils.java:logGet(43)) - raft.server.watch.timeout = 10s (default)
2019-10-07 08:13:34,003 [37d14489-715e-406a-9389-ed45aea28467@group-903B8E84FA8D-LeaderElection5] INFO  server.RaftServerConfigKeys (ConfUtils.java:logGet(43)) - raft.server.watch.timeout.denomination = 1s (default)
2019-10-07 08:13:34,004 [37d14489-715e-406a-9389-ed45aea28467@group-903B8E84FA8D-LeaderElection5] INFO  server.RaftServerConfigKeys (ConfUtils.java:logGet(43)) - raft.server.watch.element-limit = 65536 (default)
2019-10-07 08:13:34,010 [37d14489-715e-406a-9389-ed45aea28467@group-903B8E84FA8D-LeaderElection5] INFO  impl.RoleInfo (RoleInfo.java:updateAndGet(143)) - 37d14489-715e-406a-9389-ed45aea28467: start LeaderState
2019-10-07 08:13:34,010 [37d14489-715e-406a-9389-ed45aea28467@group-903B8E84FA8D-LeaderElection5] INFO  segmented.SegmentedRaftLogWorker (SegmentedRaftLogWorker.java:startLogSegment(385)) - 37d14489-715e-406a-9389-ed45aea28467@group-903B8E84FA8D-SegmentedRaftLogWorker: Starting segment from index:0
2019-10-07 08:13:34,011 [37d14489-715e-406a-9389-ed45aea28467@group-903B8E84FA8D-LeaderElection5] INFO  impl.RaftServerImpl (ServerState.java:setRaftConf(356)) - 37d14489-715e-406a-9389-ed45aea28467@group-903B8E84FA8D: set configuration 0: [37d14489-715e-406a-9389-ed45aea28467:192.168.164.251:43032], old=null at 0
2019-10-07 08:13:34,069 [37d14489-715e-406a-9389-ed45aea28467@group-903B8E84FA8D-SegmentedRaftLogWorker] INFO  segmented.SegmentedRaftLogWorker (SegmentedRaftLogWorker.java:execute(574)) - 37d14489-715e-406a-9389-ed45aea28467@group-903B8E84FA8D-SegmentedRaftLogWorker: created new log segment /workdir/hadoop-ozone/integration-test/target/test-dir/MiniOzoneClusterImpl-5b4a58c5-9c69-4384-bc29-0c75166a3d4d/datanode-6/data/ratis/3c0ad651-999a-4aa5-9d3b-903b8e84fa8d/current/log_inprogress_0
2019-10-07 08:13:34,504 [Thread-258] INFO  impl.FollowerState (FollowerState.java:run(108)) - 7198aa53-25d6-4a9d-90fc-cc52d5e83171@group-A1687393B28F-FollowerState: change to CANDIDATE, lastRpcTime:5144ms, electionTimeout:5144ms
2019-10-07 08:13:34,505 [Thread-258] INFO  impl.RoleInfo (RoleInfo.java:shutdownFollowerState(121)) - 7198aa53-25d6-4a9d-90fc-cc52d5e83171: shutdown FollowerState
2019-10-07 08:13:34,505 [Thread-258] INFO  impl.RaftServerImpl (RaftServerImpl.java:setRole(170)) - 7198aa53-25d6-4a9d-90fc-cc52d5e83171@group-A1687393B28F: changes role from  FOLLOWER to CANDIDATE at term 0 for changeToCandidate
2019-10-07 08:13:34,505 [Thread-258] INFO  impl.RoleInfo (RoleInfo.java:updateAndGet(143)) - 7198aa53-25d6-4a9d-90fc-cc52d5e83171: start LeaderElection
2019-10-07 08:13:34,524 [Thread-261] INFO  impl.FollowerState (FollowerState.java:run(108)) - fea79e59-0c34-4a77-8bc1-83ba780c5506@group-D056021FD865-FollowerState: change to CANDIDATE, lastRpcTime:5079ms, electionTimeout:5079ms
2019-10-07 08:13:34,524 [Thread-261] INFO  impl.RoleInfo (RoleInfo.java:shutdownFollowerState(121)) - fea79e59-0c34-4a77-8bc1-83ba780c5506: shutdown FollowerState
2019-10-07 08:13:34,524 [Thread-261] INFO  impl.RaftServerImpl (RaftServerImpl.java:setRole(170)) - fea79e59-0c34-4a77-8bc1-83ba780c5506@group-D056021FD865: changes role from  FOLLOWER to CANDIDATE at term 0 for changeToCandidate
2019-10-07 08:13:34,524 [Thread-261] INFO  impl.RoleInfo (RoleInfo.java:updateAndGet(143)) - fea79e59-0c34-4a77-8bc1-83ba780c5506: start LeaderElection
2019-10-07 08:13:34,558 [7198aa53-25d6-4a9d-90fc-cc52d5e83171@group-A1687393B28F-LeaderElection6] INFO  impl.LeaderElection (LeaderElection.java:askForVotes(178)) - 7198aa53-25d6-4a9d-90fc-cc52d5e83171@group-A1687393B28F-LeaderElection6: begin an election at term 1 for -1: [7198aa53-25d6-4a9d-90fc-cc52d5e83171:192.168.164.251:33459], old=null
2019-10-07 08:13:34,559 [7198aa53-25d6-4a9d-90fc-cc52d5e83171@group-A1687393B28F-LeaderElection6] INFO  impl.RoleInfo (RoleInfo.java:shutdownLeaderElection(134)) - 7198aa53-25d6-4a9d-90fc-cc52d5e83171: shutdown LeaderElection
2019-10-07 08:13:34,559 [7198aa53-25d6-4a9d-90fc-cc52d5e83171@group-A1687393B28F-LeaderElection6] INFO  impl.RaftServerImpl (RaftServerImpl.java:setRole(170)) - 7198aa53-25d6-4a9d-90fc-cc52d5e83171@group-A1687393B28F: changes role from CANDIDATE to LEADER at term 1 for changeToLeader
2019-10-07 08:13:34,559 [7198aa53-25d6-4a9d-90fc-cc52d5e83171@group-A1687393B28F-LeaderElection6] INFO  impl.RaftServerImpl (ServerState.java:setLeader(255)) - 7198aa53-25d6-4a9d-90fc-cc52d5e83171@group-A1687393B28F: change Leader from null to 7198aa53-25d6-4a9d-90fc-cc52d5e83171 at term 1 for becomeLeader, leader elected after 5217ms
2019-10-07 08:13:34,562 [7198aa53-25d6-4a9d-90fc-cc52d5e83171@group-A1687393B28F-LeaderElection6] INFO  server.RaftServerConfigKeys (ConfUtils.java:logGet(43)) - raft.server.staging.catchup.gap = 1000 (default)
2019-10-07 08:13:34,562 [7198aa53-25d6-4a9d-90fc-cc52d5e83171@group-A1687393B28F-LeaderElection6] INFO  server.RaftServerConfigKeys (ConfUtils.java:logGet(43)) - raft.server.rpc.sleep.time = 25ms (default)
2019-10-07 08:13:34,563 [7198aa53-25d6-4a9d-90fc-cc52d5e83171@group-A1687393B28F-LeaderElection6] INFO  server.RaftServerConfigKeys (ConfUtils.java:logGet(43)) - raft.server.write.element-limit = 4096 (default)
2019-10-07 08:13:34,563 [7198aa53-25d6-4a9d-90fc-cc52d5e83171@group-A1687393B28F-LeaderElection6] INFO  server.RaftServerConfigKeys (ConfUtils.java:logGet(43)) - raft.server.watch.timeout = 10s (default)
2019-10-07 08:13:34,563 [7198aa53-25d6-4a9d-90fc-cc52d5e83171@group-A1687393B28F-LeaderElection6] INFO  server.RaftServerConfigKeys (ConfUtils.java:logGet(43)) - raft.server.watch.timeout.denomination = 1s (default)
2019-10-07 08:13:34,563 [7198aa53-25d6-4a9d-90fc-cc52d5e83171@group-A1687393B28F-LeaderElection6] INFO  server.RaftServerConfigKeys (ConfUtils.java:logGet(43)) - raft.server.watch.element-limit = 65536 (default)
2019-10-07 08:13:34,565 [7198aa53-25d6-4a9d-90fc-cc52d5e83171@group-A1687393B28F-LeaderElection6] INFO  impl.RoleInfo (RoleInfo.java:updateAndGet(143)) - 7198aa53-25d6-4a9d-90fc-cc52d5e83171: start LeaderState
2019-10-07 08:13:34,566 [7198aa53-25d6-4a9d-90fc-cc52d5e83171@group-A1687393B28F-LeaderElection6] INFO  segmented.SegmentedRaftLogWorker (SegmentedRaftLogWorker.java:startLogSegment(385)) - 7198aa53-25d6-4a9d-90fc-cc52d5e83171@group-A1687393B28F-SegmentedRaftLogWorker: Starting segment from index:0
2019-10-07 08:13:34,566 [7198aa53-25d6-4a9d-90fc-cc52d5e83171@group-A1687393B28F-LeaderElection6] INFO  impl.RaftServerImpl (ServerState.java:setRaftConf(356)) - 7198aa53-25d6-4a9d-90fc-cc52d5e83171@group-A1687393B28F: set configuration 0: [7198aa53-25d6-4a9d-90fc-cc52d5e83171:192.168.164.251:33459], old=null at 0
2019-10-07 08:13:34,592 [Thread-268] INFO  impl.FollowerState (FollowerState.java:run(108)) - e59dfa83-9a17-4bb1-b70c-789d43087210@group-4ECA698CE510-FollowerState: change to CANDIDATE, lastRpcTime:5025ms, electionTimeout:5021ms
2019-10-07 08:13:34,592 [Thread-266] INFO  impl.FollowerState (FollowerState.java:run(108)) - 57cb8c1e-21d0-4132-8977-99a9151d6701@group-4ECA698CE510-FollowerState: change to CANDIDATE, lastRpcTime:5027ms, electionTimeout:5016ms
2019-10-07 08:13:34,593 [fea79e59-0c34-4a77-8bc1-83ba780c5506@group-D056021FD865-LeaderElection7] INFO  impl.LeaderElection (LeaderElection.java:askForVotes(178)) - fea79e59-0c34-4a77-8bc1-83ba780c5506@group-D056021FD865-LeaderElection7: begin an election at term 1 for -1: [fea79e59-0c34-4a77-8bc1-83ba780c5506:192.168.164.251:34443], old=null
2019-10-07 08:13:34,593 [Thread-266] INFO  impl.RoleInfo (RoleInfo.java:shutdownFollowerState(121)) - 57cb8c1e-21d0-4132-8977-99a9151d6701: shutdown FollowerState
2019-10-07 08:13:34,593 [Thread-268] INFO  impl.RoleInfo (RoleInfo.java:shutdownFollowerState(121)) - e59dfa83-9a17-4bb1-b70c-789d43087210: shutdown FollowerState
2019-10-07 08:13:34,593 [Thread-266] INFO  impl.RaftServerImpl (RaftServerImpl.java:setRole(170)) - 57cb8c1e-21d0-4132-8977-99a9151d6701@group-4ECA698CE510: changes role from  FOLLOWER to CANDIDATE at term 0 for changeToCandidate
2019-10-07 08:13:34,593 [fea79e59-0c34-4a77-8bc1-83ba780c5506@group-D056021FD865-LeaderElection7] INFO  impl.RoleInfo (RoleInfo.java:shutdownLeaderElection(134)) - fea79e59-0c34-4a77-8bc1-83ba780c5506: shutdown LeaderElection
2019-10-07 08:13:34,593 [Thread-268] INFO  impl.RaftServerImpl (RaftServerImpl.java:setRole(170)) - e59dfa83-9a17-4bb1-b70c-789d43087210@group-4ECA698CE510: changes role from  FOLLOWER to CANDIDATE at term 0 for changeToCandidate
2019-10-07 08:13:34,593 [Thread-266] INFO  impl.RoleInfo (RoleInfo.java:updateAndGet(143)) - 57cb8c1e-21d0-4132-8977-99a9151d6701: start LeaderElection
2019-10-07 08:13:34,593 [Thread-268] INFO  impl.RoleInfo (RoleInfo.java:updateAndGet(143)) - e59dfa83-9a17-4bb1-b70c-789d43087210: start LeaderElection
2019-10-07 08:13:34,593 [fea79e59-0c34-4a77-8bc1-83ba780c5506@group-D056021FD865-LeaderElection7] INFO  impl.RaftServerImpl (RaftServerImpl.java:setRole(170)) - fea79e59-0c34-4a77-8bc1-83ba780c5506@group-D056021FD865: changes role from CANDIDATE to LEADER at term 1 for changeToLeader
2019-10-07 08:13:34,594 [fea79e59-0c34-4a77-8bc1-83ba780c5506@group-D056021FD865-LeaderElection7] INFO  impl.RaftServerImpl (ServerState.java:setLeader(255)) - fea79e59-0c34-4a77-8bc1-83ba780c5506@group-D056021FD865: change Leader from null to fea79e59-0c34-4a77-8bc1-83ba780c5506 at term 1 for becomeLeader, leader elected after 5158ms
2019-10-07 08:13:34,598 [fea79e59-0c34-4a77-8bc1-83ba780c5506@group-D056021FD865-LeaderElection7] INFO  server.RaftServerConfigKeys (ConfUtils.java:logGet(43)) - raft.server.staging.catchup.gap = 1000 (default)
2019-10-07 08:13:34,598 [fea79e59-0c34-4a77-8bc1-83ba780c5506@group-D056021FD865-LeaderElection7] INFO  server.RaftServerConfigKeys (ConfUtils.java:logGet(43)) - raft.server.rpc.sleep.time = 25ms (default)
2019-10-07 08:13:34,599 [fea79e59-0c34-4a77-8bc1-83ba780c5506@group-D056021FD865-LeaderElection7] INFO  server.RaftServerConfigKeys (ConfUtils.java:logGet(43)) - raft.server.write.element-limit = 4096 (default)
2019-10-07 08:13:34,599 [fea79e59-0c34-4a77-8bc1-83ba780c5506@group-D056021FD865-LeaderElection7] INFO  server.RaftServerConfigKeys (ConfUtils.java:logGet(43)) - raft.server.watch.timeout = 10s (default)
2019-10-07 08:13:34,599 [fea79e59-0c34-4a77-8bc1-83ba780c5506@group-D056021FD865-LeaderElection7] INFO  server.RaftServerConfigKeys (ConfUtils.java:logGet(43)) - raft.server.watch.timeout.denomination = 1s (default)
2019-10-07 08:13:34,599 [fea79e59-0c34-4a77-8bc1-83ba780c5506@group-D056021FD865-LeaderElection7] INFO  server.RaftServerConfigKeys (ConfUtils.java:logGet(43)) - raft.server.watch.element-limit = 65536 (default)
2019-10-07 08:13:34,601 [fea79e59-0c34-4a77-8bc1-83ba780c5506@group-D056021FD865-LeaderElection7] INFO  impl.RoleInfo (RoleInfo.java:updateAndGet(143)) - fea79e59-0c34-4a77-8bc1-83ba780c5506: start LeaderState
2019-10-07 08:13:34,602 [fea79e59-0c34-4a77-8bc1-83ba780c5506@group-D056021FD865-LeaderElection7] INFO  segmented.SegmentedRaftLogWorker (SegmentedRaftLogWorker.java:startLogSegment(385)) - fea79e59-0c34-4a77-8bc1-83ba780c5506@group-D056021FD865-SegmentedRaftLogWorker: Starting segment from index:0
2019-10-07 08:13:34,602 [fea79e59-0c34-4a77-8bc1-83ba780c5506@group-D056021FD865-LeaderElection7] INFO  impl.RaftServerImpl (ServerState.java:setRaftConf(356)) - fea79e59-0c34-4a77-8bc1-83ba780c5506@group-D056021FD865: set configuration 0: [fea79e59-0c34-4a77-8bc1-83ba780c5506:192.168.164.251:34443], old=null at 0
2019-10-07 08:13:34,630 [7198aa53-25d6-4a9d-90fc-cc52d5e83171@group-A1687393B28F-SegmentedRaftLogWorker] INFO  segmented.SegmentedRaftLogWorker (SegmentedRaftLogWorker.java:execute(574)) - 7198aa53-25d6-4a9d-90fc-cc52d5e83171@group-A1687393B28F-SegmentedRaftLogWorker: created new log segment /workdir/hadoop-ozone/integration-test/target/test-dir/MiniOzoneClusterImpl-5b4a58c5-9c69-4384-bc29-0c75166a3d4d/datanode-5/data/ratis/02c30473-779c-4a11-a94f-a1687393b28f/current/log_inprogress_0
2019-10-07 08:13:34,630 [e59dfa83-9a17-4bb1-b70c-789d43087210@group-4ECA698CE510-LeaderElection9] INFO  impl.LeaderElection (LeaderElection.java:askForVotes(178)) - e59dfa83-9a17-4bb1-b70c-789d43087210@group-4ECA698CE510-LeaderElection9: begin an election at term 1 for -1: [e59dfa83-9a17-4bb1-b70c-789d43087210:192.168.164.251:43777, 0cccb4d0-2641-47a5-9893-c9d42eb7a12b:192.168.164.251:41455, 57cb8c1e-21d0-4132-8977-99a9151d6701:192.168.164.251:42454], old=null
2019-10-07 08:13:34,630 [57cb8c1e-21d0-4132-8977-99a9151d6701@group-4ECA698CE510-LeaderElection8] INFO  impl.LeaderElection (LeaderElection.java:askForVotes(178)) - 57cb8c1e-21d0-4132-8977-99a9151d6701@group-4ECA698CE510-LeaderElection8: begin an election at term 1 for -1: [e59dfa83-9a17-4bb1-b70c-789d43087210:192.168.164.251:43777, 0cccb4d0-2641-47a5-9893-c9d42eb7a12b:192.168.164.251:41455, 57cb8c1e-21d0-4132-8977-99a9151d6701:192.168.164.251:42454], old=null
2019-10-07 08:13:34,654 [fea79e59-0c34-4a77-8bc1-83ba780c5506@group-D056021FD865-SegmentedRaftLogWorker] INFO  segmented.SegmentedRaftLogWorker (SegmentedRaftLogWorker.java:execute(574)) - fea79e59-0c34-4a77-8bc1-83ba780c5506@group-D056021FD865-SegmentedRaftLogWorker: created new log segment /workdir/hadoop-ozone/integration-test/target/test-dir/MiniOzoneClusterImpl-5b4a58c5-9c69-4384-bc29-0c75166a3d4d/datanode-1/data/ratis/ed823c11-27c3-4630-8dd9-d056021fd865/current/log_inprogress_0
2019-10-07 08:13:34,677 [grpc-default-executor-2] INFO  impl.RaftServerImpl (RaftServerImpl.java:setRole(170)) - 0cccb4d0-2641-47a5-9893-c9d42eb7a12b@group-4ECA698CE510: changes role from  FOLLOWER to FOLLOWER at term 1 for recognizeCandidate:e59dfa83-9a17-4bb1-b70c-789d43087210
2019-10-07 08:13:34,677 [grpc-default-executor-2] INFO  impl.RoleInfo (RoleInfo.java:shutdownFollowerState(121)) - 0cccb4d0-2641-47a5-9893-c9d42eb7a12b: shutdown FollowerState
2019-10-07 08:13:34,677 [grpc-default-executor-2] INFO  impl.RoleInfo (RoleInfo.java:updateAndGet(143)) - 0cccb4d0-2641-47a5-9893-c9d42eb7a12b: start FollowerState
2019-10-07 08:13:34,677 [Thread-267] INFO  impl.FollowerState (FollowerState.java:run(117)) - 0cccb4d0-2641-47a5-9893-c9d42eb7a12b@group-4ECA698CE510-FollowerState was interrupted: java.lang.InterruptedException: sleep interrupted
2019-10-07 08:13:34,719 [57cb8c1e-21d0-4132-8977-99a9151d6701@group-4ECA698CE510-LeaderElection8] INFO  impl.LeaderElection (LeaderElection.java:logAndReturn(56)) - 57cb8c1e-21d0-4132-8977-99a9151d6701@group-4ECA698CE510-LeaderElection8: Election REJECTED; received 2 response(s) [57cb8c1e-21d0-4132-8977-99a9151d6701<-e59dfa83-9a17-4bb1-b70c-789d43087210#0:FAIL-t1, 57cb8c1e-21d0-4132-8977-99a9151d6701<-0cccb4d0-2641-47a5-9893-c9d42eb7a12b#0:FAIL-t1] and 0 exception(s); 57cb8c1e-21d0-4132-8977-99a9151d6701@group-4ECA698CE510:t1, leader=null, voted=57cb8c1e-21d0-4132-8977-99a9151d6701, raftlog=57cb8c1e-21d0-4132-8977-99a9151d6701@group-4ECA698CE510-SegmentedRaftLog:OPENED:c-1,f-1,i0, conf=-1: [e59dfa83-9a17-4bb1-b70c-789d43087210:192.168.164.251:43777, 0cccb4d0-2641-47a5-9893-c9d42eb7a12b:192.168.164.251:41455, 57cb8c1e-21d0-4132-8977-99a9151d6701:192.168.164.251:42454], old=null
2019-10-07 08:13:34,719 [e59dfa83-9a17-4bb1-b70c-789d43087210@group-4ECA698CE510-LeaderElection9] INFO  impl.LeaderElection (LeaderElection.java:logAndReturn(56)) - e59dfa83-9a17-4bb1-b70c-789d43087210@group-4ECA698CE510-LeaderElection9: Election PASSED; received 2 response(s) [e59dfa83-9a17-4bb1-b70c-789d43087210<-0cccb4d0-2641-47a5-9893-c9d42eb7a12b#0:OK-t1, e59dfa83-9a17-4bb1-b70c-789d43087210<-57cb8c1e-21d0-4132-8977-99a9151d6701#0:FAIL-t1] and 0 exception(s); e59dfa83-9a17-4bb1-b70c-789d43087210@group-4ECA698CE510:t1, leader=null, voted=e59dfa83-9a17-4bb1-b70c-789d43087210, raftlog=e59dfa83-9a17-4bb1-b70c-789d43087210@group-4ECA698CE510-SegmentedRaftLog:OPENED:c-1,f-1,i0, conf=-1: [e59dfa83-9a17-4bb1-b70c-789d43087210:192.168.164.251:43777, 0cccb4d0-2641-47a5-9893-c9d42eb7a12b:192.168.164.251:41455, 57cb8c1e-21d0-4132-8977-99a9151d6701:192.168.164.251:42454], old=null
2019-10-07 08:13:34,719 [57cb8c1e-21d0-4132-8977-99a9151d6701@group-4ECA698CE510-LeaderElection8] INFO  impl.RaftServerImpl (RaftServerImpl.java:setRole(170)) - 57cb8c1e-21d0-4132-8977-99a9151d6701@group-4ECA698CE510: changes role from CANDIDATE to FOLLOWER at term 1 for DISCOVERED_A_NEW_TERM
2019-10-07 08:13:34,723 [e59dfa83-9a17-4bb1-b70c-789d43087210@group-4ECA698CE510-LeaderElection9] INFO  impl.RoleInfo (RoleInfo.java:shutdownLeaderElection(134)) - e59dfa83-9a17-4bb1-b70c-789d43087210: shutdown LeaderElection
2019-10-07 08:13:34,724 [57cb8c1e-21d0-4132-8977-99a9151d6701@group-4ECA698CE510-LeaderElection8] INFO  impl.RoleInfo (RoleInfo.java:shutdownLeaderElection(134)) - 57cb8c1e-21d0-4132-8977-99a9151d6701: shutdown LeaderElection
2019-10-07 08:13:34,726 [e59dfa83-9a17-4bb1-b70c-789d43087210@group-4ECA698CE510-LeaderElection9] INFO  impl.RaftServerImpl (RaftServerImpl.java:setRole(170)) - e59dfa83-9a17-4bb1-b70c-789d43087210@group-4ECA698CE510: changes role from CANDIDATE to LEADER at term 1 for changeToLeader
2019-10-07 08:13:34,726 [57cb8c1e-21d0-4132-8977-99a9151d6701@group-4ECA698CE510-LeaderElection8] INFO  impl.RoleInfo (RoleInfo.java:updateAndGet(143)) - 57cb8c1e-21d0-4132-8977-99a9151d6701: start FollowerState
2019-10-07 08:13:34,726 [e59dfa83-9a17-4bb1-b70c-789d43087210@group-4ECA698CE510-LeaderElection9] INFO  impl.RaftServerImpl (ServerState.java:setLeader(255)) - e59dfa83-9a17-4bb1-b70c-789d43087210@group-4ECA698CE510: change Leader from null to e59dfa83-9a17-4bb1-b70c-789d43087210 at term 1 for becomeLeader, leader elected after 5170ms
2019-10-07 08:13:34,728 [e59dfa83-9a17-4bb1-b70c-789d43087210@group-4ECA698CE510-LeaderElection9] INFO  server.RaftServerConfigKeys (ConfUtils.java:logGet(43)) - raft.server.staging.catchup.gap = 1000 (default)
2019-10-07 08:13:34,729 [e59dfa83-9a17-4bb1-b70c-789d43087210@group-4ECA698CE510-LeaderElection9] INFO  server.RaftServerConfigKeys (ConfUtils.java:logGet(43)) - raft.server.rpc.sleep.time = 25ms (default)
2019-10-07 08:13:34,729 [e59dfa83-9a17-4bb1-b70c-789d43087210@group-4ECA698CE510-LeaderElection9] INFO  server.RaftServerConfigKeys (ConfUtils.java:logGet(43)) - raft.server.write.element-limit = 4096 (default)
2019-10-07 08:13:34,729 [e59dfa83-9a17-4bb1-b70c-789d43087210@group-4ECA698CE510-LeaderElection9] INFO  server.RaftServerConfigKeys (ConfUtils.java:logGet(43)) - raft.server.watch.timeout = 10s (default)
2019-10-07 08:13:34,729 [e59dfa83-9a17-4bb1-b70c-789d43087210@group-4ECA698CE510-LeaderElection9] INFO  server.RaftServerConfigKeys (ConfUtils.java:logGet(43)) - raft.server.watch.timeout.denomination = 1s (default)
2019-10-07 08:13:34,730 [e59dfa83-9a17-4bb1-b70c-789d43087210@group-4ECA698CE510-LeaderElection9] INFO  server.RaftServerConfigKeys (ConfUtils.java:logGet(43)) - raft.server.watch.element-limit = 65536 (default)
2019-10-07 08:13:34,738 [e59dfa83-9a17-4bb1-b70c-789d43087210@group-4ECA698CE510-LeaderElection9] INFO  server.RaftServerConfigKeys (ConfUtils.java:logGet(43)) - raft.server.log.appender.snapshot.chunk.size.max = 16MB (=16777216) (default)
2019-10-07 08:13:34,739 [e59dfa83-9a17-4bb1-b70c-789d43087210@group-4ECA698CE510-LeaderElection9] INFO  server.RaftServerConfigKeys (ConfUtils.java:logGet(43)) - raft.server.log.appender.buffer.byte-limit = 33554432 (custom)
2019-10-07 08:13:34,739 [e59dfa83-9a17-4bb1-b70c-789d43087210@group-4ECA698CE510-LeaderElection9] INFO  server.RaftServerConfigKeys (ConfUtils.java:logGet(43)) - raft.server.log.appender.buffer.element-limit = 1 (custom)
2019-10-07 08:13:34,743 [e59dfa83-9a17-4bb1-b70c-789d43087210@group-4ECA698CE510-LeaderElection9] INFO  grpc.GrpcConfigKeys$Server (ConfUtils.java:logGet(43)) - raft.grpc.server.leader.outstanding.appends.max = 128 (default)
2019-10-07 08:13:34,743 [e59dfa83-9a17-4bb1-b70c-789d43087210@group-4ECA698CE510-LeaderElection9] INFO  server.RaftServerConfigKeys (ConfUtils.java:logGet(43)) - raft.server.rpc.request.timeout = 3000ms (default)
2019-10-07 08:13:34,744 [e59dfa83-9a17-4bb1-b70c-789d43087210@group-4ECA698CE510-LeaderElection9] INFO  server.RaftServerConfigKeys (ConfUtils.java:logGet(43)) - raft.server.log.appender.install.snapshot.enabled = false (custom)
2019-10-07 08:13:34,745 [e59dfa83-9a17-4bb1-b70c-789d43087210@group-4ECA698CE510-LeaderElection9] INFO  server.RaftServerConfigKeys (ConfUtils.java:logGet(43)) - raft.server.log.appender.snapshot.chunk.size.max = 16MB (=16777216) (default)
2019-10-07 08:13:34,745 [e59dfa83-9a17-4bb1-b70c-789d43087210@group-4ECA698CE510-LeaderElection9] INFO  server.RaftServerConfigKeys (ConfUtils.java:logGet(43)) - raft.server.log.appender.buffer.byte-limit = 33554432 (custom)
2019-10-07 08:13:34,745 [e59dfa83-9a17-4bb1-b70c-789d43087210@group-4ECA698CE510-LeaderElection9] INFO  server.RaftServerConfigKeys (ConfUtils.java:logGet(43)) - raft.server.log.appender.buffer.element-limit = 1 (custom)
2019-10-07 08:13:34,745 [e59dfa83-9a17-4bb1-b70c-789d43087210@group-4ECA698CE510-LeaderElection9] INFO  grpc.GrpcConfigKeys$Server (ConfUtils.java:logGet(43)) - raft.grpc.server.leader.outstanding.appends.max = 128 (default)
2019-10-07 08:13:34,746 [e59dfa83-9a17-4bb1-b70c-789d43087210@group-4ECA698CE510-LeaderElection9] INFO  server.RaftServerConfigKeys (ConfUtils.java:logGet(43)) - raft.server.rpc.request.timeout = 3000ms (default)
2019-10-07 08:13:34,746 [e59dfa83-9a17-4bb1-b70c-789d43087210@group-4ECA698CE510-LeaderElection9] INFO  server.RaftServerConfigKeys (ConfUtils.java:logGet(43)) - raft.server.log.appender.install.snapshot.enabled = false (custom)
2019-10-07 08:13:34,747 [e59dfa83-9a17-4bb1-b70c-789d43087210@group-4ECA698CE510-LeaderElection9] INFO  impl.RoleInfo (RoleInfo.java:updateAndGet(143)) - e59dfa83-9a17-4bb1-b70c-789d43087210: start LeaderState
2019-10-07 08:13:34,747 [e59dfa83-9a17-4bb1-b70c-789d43087210@group-4ECA698CE510-LeaderElection9] INFO  segmented.SegmentedRaftLogWorker (SegmentedRaftLogWorker.java:startLogSegment(385)) - e59dfa83-9a17-4bb1-b70c-789d43087210@group-4ECA698CE510-SegmentedRaftLogWorker: Starting segment from index:0
2019-10-07 08:13:34,748 [e59dfa83-9a17-4bb1-b70c-789d43087210@group-4ECA698CE510-LeaderElection9] INFO  impl.RaftServerImpl (ServerState.java:setRaftConf(356)) - e59dfa83-9a17-4bb1-b70c-789d43087210@group-4ECA698CE510: set configuration 0: [e59dfa83-9a17-4bb1-b70c-789d43087210:192.168.164.251:43777, 0cccb4d0-2641-47a5-9893-c9d42eb7a12b:192.168.164.251:41455, 57cb8c1e-21d0-4132-8977-99a9151d6701:192.168.164.251:42454], old=null at 0
2019-10-07 08:13:34,786 [Thread-276] INFO  impl.FollowerState (FollowerState.java:run(108)) - 37d14489-715e-406a-9389-ed45aea28467@group-C5B24E948F19-FollowerState: change to CANDIDATE, lastRpcTime:5094ms, electionTimeout:5092ms
2019-10-07 08:13:34,786 [Thread-276] INFO  impl.RoleInfo (RoleInfo.java:shutdownFollowerState(121)) - 37d14489-715e-406a-9389-ed45aea28467: shutdown FollowerState
2019-10-07 08:13:34,786 [Thread-276] INFO  impl.RaftServerImpl (RaftServerImpl.java:setRole(170)) - 37d14489-715e-406a-9389-ed45aea28467@group-C5B24E948F19: changes role from  FOLLOWER to CANDIDATE at term 0 for changeToCandidate
2019-10-07 08:13:34,786 [Thread-276] INFO  impl.RoleInfo (RoleInfo.java:updateAndGet(143)) - 37d14489-715e-406a-9389-ed45aea28467: start LeaderElection
2019-10-07 08:13:34,795 [grpc-default-executor-0] INFO  impl.RaftServerImpl (ServerState.java:setLeader(255)) - 57cb8c1e-21d0-4132-8977-99a9151d6701@group-4ECA698CE510: change Leader from null to e59dfa83-9a17-4bb1-b70c-789d43087210 at term 1 for appendEntries, leader elected after 5239ms
2019-10-07 08:13:34,796 [grpc-default-executor-2] INFO  impl.RaftServerImpl (ServerState.java:setLeader(255)) - 0cccb4d0-2641-47a5-9893-c9d42eb7a12b@group-4ECA698CE510: change Leader from null to e59dfa83-9a17-4bb1-b70c-789d43087210 at term 1 for appendEntries, leader elected after 5239ms
2019-10-07 08:13:34,812 [e59dfa83-9a17-4bb1-b70c-789d43087210@group-4ECA698CE510-SegmentedRaftLogWorker] INFO  segmented.SegmentedRaftLogWorker (SegmentedRaftLogWorker.java:execute(574)) - e59dfa83-9a17-4bb1-b70c-789d43087210@group-4ECA698CE510-SegmentedRaftLogWorker: created new log segment /workdir/hadoop-ozone/integration-test/target/test-dir/MiniOzoneClusterImpl-5b4a58c5-9c69-4384-bc29-0c75166a3d4d/datanode-4/data/ratis/b9e65860-d9b7-4d19-87e7-4eca698ce510/current/log_inprogress_0
2019-10-07 08:13:34,813 [37d14489-715e-406a-9389-ed45aea28467@group-C5B24E948F19-LeaderElection10] INFO  impl.LeaderElection (LeaderElection.java:askForVotes(178)) - 37d14489-715e-406a-9389-ed45aea28467@group-C5B24E948F19-LeaderElection10: begin an election at term 1 for -1: [37d14489-715e-406a-9389-ed45aea28467:192.168.164.251:43032, 7198aa53-25d6-4a9d-90fc-cc52d5e83171:192.168.164.251:33459, 9bd54dec-6b5e-446d-a3f1-dde7a8949220:192.168.164.251:42323], old=null
2019-10-07 08:13:34,831 [grpc-default-executor-0] INFO  impl.RaftServerImpl (RaftServerImpl.java:setRole(170)) - 9bd54dec-6b5e-446d-a3f1-dde7a8949220@group-C5B24E948F19: changes role from  FOLLOWER to FOLLOWER at term 1 for recognizeCandidate:37d14489-715e-406a-9389-ed45aea28467
2019-10-07 08:13:34,831 [grpc-default-executor-0] INFO  impl.RoleInfo (RoleInfo.java:shutdownFollowerState(121)) - 9bd54dec-6b5e-446d-a3f1-dde7a8949220: shutdown FollowerState
2019-10-07 08:13:34,831 [grpc-default-executor-0] INFO  impl.RoleInfo (RoleInfo.java:updateAndGet(143)) - 9bd54dec-6b5e-446d-a3f1-dde7a8949220: start FollowerState
2019-10-07 08:13:34,833 [Thread-277] INFO  impl.FollowerState (FollowerState.java:run(117)) - 9bd54dec-6b5e-446d-a3f1-dde7a8949220@group-C5B24E948F19-FollowerState was interrupted: java.lang.InterruptedException: sleep interrupted
2019-10-07 08:13:34,838 [grpc-default-executor-1] INFO  impl.RaftServerImpl (RaftServerImpl.java:setRole(170)) - 7198aa53-25d6-4a9d-90fc-cc52d5e83171@group-C5B24E948F19: changes role from  FOLLOWER to FOLLOWER at term 1 for recognizeCandidate:37d14489-715e-406a-9389-ed45aea28467
2019-10-07 08:13:34,838 [grpc-default-executor-1] INFO  impl.RoleInfo (RoleInfo.java:shutdownFollowerState(121)) - 7198aa53-25d6-4a9d-90fc-cc52d5e83171: shutdown FollowerState
2019-10-07 08:13:34,839 [Thread-275] INFO  impl.FollowerState (FollowerState.java:run(117)) - 7198aa53-25d6-4a9d-90fc-cc52d5e83171@group-C5B24E948F19-FollowerState was interrupted: java.lang.InterruptedException: sleep interrupted
2019-10-07 08:13:34,839 [grpc-default-executor-1] INFO  impl.RoleInfo (RoleInfo.java:updateAndGet(143)) - 7198aa53-25d6-4a9d-90fc-cc52d5e83171: start FollowerState
2019-10-07 08:13:34,841 [grpc-default-executor-2] INFO  impl.RaftServerImpl (ServerState.java:setRaftConf(356)) - 0cccb4d0-2641-47a5-9893-c9d42eb7a12b@group-4ECA698CE510: set configuration 0: [e59dfa83-9a17-4bb1-b70c-789d43087210:192.168.164.251:43777, 0cccb4d0-2641-47a5-9893-c9d42eb7a12b:192.168.164.251:41455, 57cb8c1e-21d0-4132-8977-99a9151d6701:192.168.164.251:42454], old=null at 0
2019-10-07 08:13:34,841 [grpc-default-executor-3] INFO  impl.RaftServerImpl (ServerState.java:setRaftConf(356)) - 57cb8c1e-21d0-4132-8977-99a9151d6701@group-4ECA698CE510: set configuration 0: [e59dfa83-9a17-4bb1-b70c-789d43087210:192.168.164.251:43777, 0cccb4d0-2641-47a5-9893-c9d42eb7a12b:192.168.164.251:41455, 57cb8c1e-21d0-4132-8977-99a9151d6701:192.168.164.251:42454], old=null at 0
2019-10-07 08:13:34,842 [grpc-default-executor-2] INFO  segmented.SegmentedRaftLogWorker (SegmentedRaftLogWorker.java:startLogSegment(385)) - 0cccb4d0-2641-47a5-9893-c9d42eb7a12b@group-4ECA698CE510-SegmentedRaftLogWorker: Starting segment from index:0
2019-10-07 08:13:34,842 [grpc-default-executor-3] INFO  segmented.SegmentedRaftLogWorker (SegmentedRaftLogWorker.java:startLogSegment(385)) - 57cb8c1e-21d0-4132-8977-99a9151d6701@group-4ECA698CE510-SegmentedRaftLogWorker: Starting segment from index:0
2019-10-07 08:13:34,877 [37d14489-715e-406a-9389-ed45aea28467@group-C5B24E948F19-LeaderElection10] INFO  impl.LeaderElection (LeaderElection.java:logAndReturn(56)) - 37d14489-715e-406a-9389-ed45aea28467@group-C5B24E948F19-LeaderElection10: Election PASSED; received 1 response(s) [37d14489-715e-406a-9389-ed45aea28467<-9bd54dec-6b5e-446d-a3f1-dde7a8949220#0:OK-t1] and 0 exception(s); 37d14489-715e-406a-9389-ed45aea28467@group-C5B24E948F19:t1, leader=null, voted=37d14489-715e-406a-9389-ed45aea28467, raftlog=37d14489-715e-406a-9389-ed45aea28467@group-C5B24E948F19-SegmentedRaftLog:OPENED:c-1,f-1,i0, conf=-1: [37d14489-715e-406a-9389-ed45aea28467:192.168.164.251:43032, 7198aa53-25d6-4a9d-90fc-cc52d5e83171:192.168.164.251:33459, 9bd54dec-6b5e-446d-a3f1-dde7a8949220:192.168.164.251:42323], old=null
2019-10-07 08:13:34,877 [37d14489-715e-406a-9389-ed45aea28467@group-C5B24E948F19-LeaderElection10] INFO  impl.RoleInfo (RoleInfo.java:shutdownLeaderElection(134)) - 37d14489-715e-406a-9389-ed45aea28467: shutdown LeaderElection
2019-10-07 08:13:34,880 [37d14489-715e-406a-9389-ed45aea28467@group-C5B24E948F19-LeaderElection10] INFO  impl.RaftServerImpl (RaftServerImpl.java:setRole(170)) - 37d14489-715e-406a-9389-ed45aea28467@group-C5B24E948F19: changes role from CANDIDATE to LEADER at term 1 for changeToLeader
2019-10-07 08:13:34,880 [37d14489-715e-406a-9389-ed45aea28467@group-C5B24E948F19-LeaderElection10] INFO  impl.RaftServerImpl (ServerState.java:setLeader(255)) - 37d14489-715e-406a-9389-ed45aea28467@group-C5B24E948F19: change Leader from null to 37d14489-715e-406a-9389-ed45aea28467 at term 1 for becomeLeader, leader elected after 5201ms
2019-10-07 08:13:34,891 [0cccb4d0-2641-47a5-9893-c9d42eb7a12b@group-4ECA698CE510-SegmentedRaftLogWorker] INFO  segmented.SegmentedRaftLogWorker (SegmentedRaftLogWorker.java:execute(574)) - 0cccb4d0-2641-47a5-9893-c9d42eb7a12b@group-4ECA698CE510-SegmentedRaftLogWorker: created new log segment /workdir/hadoop-ozone/integration-test/target/test-dir/MiniOzoneClusterImpl-5b4a58c5-9c69-4384-bc29-0c75166a3d4d/datanode-2/data/ratis/b9e65860-d9b7-4d19-87e7-4eca698ce510/current/log_inprogress_0
2019-10-07 08:13:34,891 [57cb8c1e-21d0-4132-8977-99a9151d6701@group-4ECA698CE510-SegmentedRaftLogWorker] INFO  segmented.SegmentedRaftLogWorker (SegmentedRaftLogWorker.java:execute(574)) - 57cb8c1e-21d0-4132-8977-99a9151d6701@group-4ECA698CE510-SegmentedRaftLogWorker: created new log segment /workdir/hadoop-ozone/integration-test/target/test-dir/MiniOzoneClusterImpl-5b4a58c5-9c69-4384-bc29-0c75166a3d4d/datanode-3/data/ratis/b9e65860-d9b7-4d19-87e7-4eca698ce510/current/log_inprogress_0
2019-10-07 08:13:34,891 [37d14489-715e-406a-9389-ed45aea28467@group-C5B24E948F19-LeaderElection10] INFO  server.RaftServerConfigKeys (ConfUtils.java:logGet(43)) - raft.server.staging.catchup.gap = 1000 (default)
2019-10-07 08:13:34,893 [37d14489-715e-406a-9389-ed45aea28467@group-C5B24E948F19-LeaderElection10] INFO  server.RaftServerConfigKeys (ConfUtils.java:logGet(43)) - raft.server.rpc.sleep.time = 25ms (default)
2019-10-07 08:13:34,894 [37d14489-715e-406a-9389-ed45aea28467@group-C5B24E948F19-LeaderElection10] INFO  server.RaftServerConfigKeys (ConfUtils.java:logGet(43)) - raft.server.write.element-limit = 4096 (default)
2019-10-07 08:13:34,894 [37d14489-715e-406a-9389-ed45aea28467@group-C5B24E948F19-LeaderElection10] INFO  server.RaftServerConfigKeys (ConfUtils.java:logGet(43)) - raft.server.watch.timeout = 10s (default)
2019-10-07 08:13:34,894 [37d14489-715e-406a-9389-ed45aea28467@group-C5B24E948F19-LeaderElection10] INFO  server.RaftServerConfigKeys (ConfUtils.java:logGet(43)) - raft.server.watch.timeout.denomination = 1s (default)
2019-10-07 08:13:34,894 [37d14489-715e-406a-9389-ed45aea28467@group-C5B24E948F19-LeaderElection10] INFO  server.RaftServerConfigKeys (ConfUtils.java:logGet(43)) - raft.server.watch.element-limit = 65536 (default)
2019-10-07 08:13:34,896 [37d14489-715e-406a-9389-ed45aea28467@group-C5B24E948F19-LeaderElection10] INFO  server.RaftServerConfigKeys (ConfUtils.java:logGet(43)) - raft.server.log.appender.snapshot.chunk.size.max = 16MB (=16777216) (default)
2019-10-07 08:13:34,897 [37d14489-715e-406a-9389-ed45aea28467@group-C5B24E948F19-LeaderElection10] INFO  server.RaftServerConfigKeys (ConfUtils.java:logGet(43)) - raft.server.log.appender.buffer.byte-limit = 33554432 (custom)
2019-10-07 08:13:34,897 [37d14489-715e-406a-9389-ed45aea28467@group-C5B24E948F19-LeaderElection10] INFO  server.RaftServerConfigKeys (ConfUtils.java:logGet(43)) - raft.server.log.appender.buffer.element-limit = 1 (custom)
2019-10-07 08:13:34,897 [37d14489-715e-406a-9389-ed45aea28467@group-C5B24E948F19-LeaderElection10] INFO  grpc.GrpcConfigKeys$Server (ConfUtils.java:logGet(43)) - raft.grpc.server.leader.outstanding.appends.max = 128 (default)
2019-10-07 08:13:34,900 [37d14489-715e-406a-9389-ed45aea28467@group-C5B24E948F19-LeaderElection10] INFO  server.RaftServerConfigKeys (ConfUtils.java:logGet(43)) - raft.server.rpc.request.timeout = 3000ms (default)
2019-10-07 08:13:34,900 [37d14489-715e-406a-9389-ed45aea28467@group-C5B24E948F19-LeaderElection10] INFO  server.RaftServerConfigKeys (ConfUtils.java:logGet(43)) - raft.server.log.appender.install.snapshot.enabled = false (custom)
2019-10-07 08:13:34,900 [37d14489-715e-406a-9389-ed45aea28467@group-C5B24E948F19-LeaderElection10] INFO  server.RaftServerConfigKeys (ConfUtils.java:logGet(43)) - raft.server.log.appender.snapshot.chunk.size.max = 16MB (=16777216) (default)
2019-10-07 08:13:34,900 [37d14489-715e-406a-9389-ed45aea28467@group-C5B24E948F19-LeaderElection10] INFO  server.RaftServerConfigKeys (ConfUtils.java:logGet(43)) - raft.server.log.appender.buffer.byte-limit = 33554432 (custom)
2019-10-07 08:13:34,900 [37d14489-715e-406a-9389-ed45aea28467@group-C5B24E948F19-LeaderElection10] INFO  server.RaftServerConfigKeys (ConfUtils.java:logGet(43)) - raft.server.log.appender.buffer.element-limit = 1 (custom)
2019-10-07 08:13:34,901 [37d14489-715e-406a-9389-ed45aea28467@group-C5B24E948F19-LeaderElection10] INFO  grpc.GrpcConfigKeys$Server (ConfUtils.java:logGet(43)) - raft.grpc.server.leader.outstanding.appends.max = 128 (default)
2019-10-07 08:13:34,901 [37d14489-715e-406a-9389-ed45aea28467@group-C5B24E948F19-LeaderElection10] INFO  server.RaftServerConfigKeys (ConfUtils.java:logGet(43)) - raft.server.rpc.request.timeout = 3000ms (default)
2019-10-07 08:13:34,901 [37d14489-715e-406a-9389-ed45aea28467@group-C5B24E948F19-LeaderElection10] INFO  server.RaftServerConfigKeys (ConfUtils.java:logGet(43)) - raft.server.log.appender.install.snapshot.enabled = false (custom)
2019-10-07 08:13:34,901 [37d14489-715e-406a-9389-ed45aea28467@group-C5B24E948F19-LeaderElection10] INFO  impl.RoleInfo (RoleInfo.java:updateAndGet(143)) - 37d14489-715e-406a-9389-ed45aea28467: start LeaderState
2019-10-07 08:13:34,902 [37d14489-715e-406a-9389-ed45aea28467@group-C5B24E948F19-LeaderElection10] INFO  segmented.SegmentedRaftLogWorker (SegmentedRaftLogWorker.java:startLogSegment(385)) - 37d14489-715e-406a-9389-ed45aea28467@group-C5B24E948F19-SegmentedRaftLogWorker: Starting segment from index:0
2019-10-07 08:13:34,903 [37d14489-715e-406a-9389-ed45aea28467@group-C5B24E948F19-LeaderElection10] INFO  impl.RaftServerImpl (ServerState.java:setRaftConf(356)) - 37d14489-715e-406a-9389-ed45aea28467@group-C5B24E948F19: set configuration 0: [37d14489-715e-406a-9389-ed45aea28467:192.168.164.251:43032, 7198aa53-25d6-4a9d-90fc-cc52d5e83171:192.168.164.251:33459, 9bd54dec-6b5e-446d-a3f1-dde7a8949220:192.168.164.251:42323], old=null at 0
2019-10-07 08:13:34,933 [grpc-default-executor-3] INFO  impl.RaftServerImpl (ServerState.java:setLeader(255)) - 7198aa53-25d6-4a9d-90fc-cc52d5e83171@group-C5B24E948F19: change Leader from null to 37d14489-715e-406a-9389-ed45aea28467 at term 1 for appendEntries, leader elected after 5254ms
2019-10-07 08:13:34,933 [grpc-default-executor-0] INFO  impl.RaftServerImpl (ServerState.java:setLeader(255)) - 9bd54dec-6b5e-446d-a3f1-dde7a8949220@group-C5B24E948F19: change Leader from null to 37d14489-715e-406a-9389-ed45aea28467 at term 1 for appendEntries, leader elected after 5255ms
2019-10-07 08:13:34,939 [grpc-default-executor-3] INFO  impl.RaftServerImpl (ServerState.java:setRaftConf(356)) - 7198aa53-25d6-4a9d-90fc-cc52d5e83171@group-C5B24E948F19: set configuration 0: [37d14489-715e-406a-9389-ed45aea28467:192.168.164.251:43032, 7198aa53-25d6-4a9d-90fc-cc52d5e83171:192.168.164.251:33459, 9bd54dec-6b5e-446d-a3f1-dde7a8949220:192.168.164.251:42323], old=null at 0
2019-10-07 08:13:34,939 [grpc-default-executor-0] INFO  impl.RaftServerImpl (ServerState.java:setRaftConf(356)) - 9bd54dec-6b5e-446d-a3f1-dde7a8949220@group-C5B24E948F19: set configuration 0: [37d14489-715e-406a-9389-ed45aea28467:192.168.164.251:43032, 7198aa53-25d6-4a9d-90fc-cc52d5e83171:192.168.164.251:33459, 9bd54dec-6b5e-446d-a3f1-dde7a8949220:192.168.164.251:42323], old=null at 0
2019-10-07 08:13:34,939 [grpc-default-executor-3] INFO  segmented.SegmentedRaftLogWorker (SegmentedRaftLogWorker.java:startLogSegment(385)) - 7198aa53-25d6-4a9d-90fc-cc52d5e83171@group-C5B24E948F19-SegmentedRaftLogWorker: Starting segment from index:0
2019-10-07 08:13:34,939 [grpc-default-executor-0] INFO  segmented.SegmentedRaftLogWorker (SegmentedRaftLogWorker.java:startLogSegment(385)) - 9bd54dec-6b5e-446d-a3f1-dde7a8949220@group-C5B24E948F19-SegmentedRaftLogWorker: Starting segment from index:0
2019-10-07 08:13:34,946 [37d14489-715e-406a-9389-ed45aea28467@group-C5B24E948F19-SegmentedRaftLogWorker] INFO  segmented.SegmentedRaftLogWorker (SegmentedRaftLogWorker.java:execute(574)) - 37d14489-715e-406a-9389-ed45aea28467@group-C5B24E948F19-SegmentedRaftLogWorker: created new log segment /workdir/hadoop-ozone/integration-test/target/test-dir/MiniOzoneClusterImpl-5b4a58c5-9c69-4384-bc29-0c75166a3d4d/datanode-6/data/ratis/a669f705-98ce-49fe-98a2-c5b24e948f19/current/log_inprogress_0
2019-10-07 08:13:34,973 [9bd54dec-6b5e-446d-a3f1-dde7a8949220@group-C5B24E948F19-SegmentedRaftLogWorker] INFO  segmented.SegmentedRaftLogWorker (SegmentedRaftLogWorker.java:execute(574)) - 9bd54dec-6b5e-446d-a3f1-dde7a8949220@group-C5B24E948F19-SegmentedRaftLogWorker: created new log segment /workdir/hadoop-ozone/integration-test/target/test-dir/MiniOzoneClusterImpl-5b4a58c5-9c69-4384-bc29-0c75166a3d4d/datanode-0/data/ratis/a669f705-98ce-49fe-98a2-c5b24e948f19/current/log_inprogress_0
2019-10-07 08:13:34,997 [7198aa53-25d6-4a9d-90fc-cc52d5e83171@group-C5B24E948F19-SegmentedRaftLogWorker] INFO  segmented.SegmentedRaftLogWorker (SegmentedRaftLogWorker.java:execute(574)) - 7198aa53-25d6-4a9d-90fc-cc52d5e83171@group-C5B24E948F19-SegmentedRaftLogWorker: created new log segment /workdir/hadoop-ozone/integration-test/target/test-dir/MiniOzoneClusterImpl-5b4a58c5-9c69-4384-bc29-0c75166a3d4d/datanode-5/data/ratis/a669f705-98ce-49fe-98a2-c5b24e948f19/current/log_inprogress_0
2019-10-07 08:13:36,321 [Datanode State Machine Thread - 0] INFO  statemachine.DatanodeStateMachine (DatanodeStateMachine.java:lambda$startDaemon$0(350)) - Ozone container server started.
2019-10-07 08:13:40,374 [main] INFO  ozoneimpl.OzoneContainer (OzoneContainer.java:stop(231)) - Attempting to stop container services.
2019-10-07 08:13:40,376 [main] INFO  impl.RaftServerProxy (RaftServerProxy.java:lambda$close$4(314)) - e59dfa83-9a17-4bb1-b70c-789d43087210: close
2019-10-07 08:13:40,379 [main] INFO  impl.RaftServerImpl (RaftServerImpl.java:lambda$shutdown$3(247)) - e59dfa83-9a17-4bb1-b70c-789d43087210@group-4ECA698CE510: shutdown
2019-10-07 08:13:40,380 [main] INFO  util.JmxRegister (JmxRegister.java:unregister(73)) - Successfully un-registered JMX Bean with object name Ratis:service=RaftServer,group=group-4ECA698CE510,id=e59dfa83-9a17-4bb1-b70c-789d43087210
2019-10-07 08:13:40,380 [main] INFO  impl.RoleInfo (RoleInfo.java:shutdownLeaderState(104)) - e59dfa83-9a17-4bb1-b70c-789d43087210: shutdown LeaderState
2019-10-07 08:13:40,385 [org.apache.ratis.server.impl.LogAppender$AppenderDaemon$$Lambda$492/112606052@2b4100ab] WARN  server.GrpcLogAppender (GrpcLogAppender.java:mayWait(143)) - e59dfa83-9a17-4bb1-b70c-789d43087210@group-4ECA698CE510->0cccb4d0-2641-47a5-9893-c9d42eb7a12b-GrpcLogAppender: Wait interrupted by java.lang.InterruptedException
2019-10-07 08:13:40,386 [main] INFO  impl.PendingRequests (PendingRequests.java:sendNotLeaderResponses(202)) - e59dfa83-9a17-4bb1-b70c-789d43087210@group-4ECA698CE510-PendingRequests: sendNotLeaderResponses
2019-10-07 08:13:40,385 [org.apache.ratis.server.impl.LogAppender$AppenderDaemon$$Lambda$492/112606052@ce50481] WARN  server.GrpcLogAppender (GrpcLogAppender.java:mayWait(143)) - e59dfa83-9a17-4bb1-b70c-789d43087210@group-4ECA698CE510->57cb8c1e-21d0-4132-8977-99a9151d6701-GrpcLogAppender: Wait interrupted by java.lang.InterruptedException
2019-10-07 08:13:40,392 [grpc-default-executor-3] INFO  server.GrpcServerProtocolService (GrpcServerProtocolService.java:onCompleted(113)) - 57cb8c1e-21d0-4132-8977-99a9151d6701: Completed APPEND_ENTRIES, lastRequest: e59dfa83-9a17-4bb1-b70c-789d43087210->57cb8c1e-21d0-4132-8977-99a9151d6701#5-t1, previous=(t:1, i:2), leaderCommit=2, initializing? false, entries: <empty>
2019-10-07 08:13:40,393 [grpc-default-executor-0] INFO  server.GrpcServerProtocolService (GrpcServerProtocolService.java:onCompleted(113)) - 0cccb4d0-2641-47a5-9893-c9d42eb7a12b: Completed APPEND_ENTRIES, lastRequest: e59dfa83-9a17-4bb1-b70c-789d43087210->0cccb4d0-2641-47a5-9893-c9d42eb7a12b#5-t1, previous=(t:1, i:2), leaderCommit=2, initializing? false, entries: <empty>
2019-10-07 08:13:40,396 [main] INFO  impl.StateMachineUpdater (StateMachineUpdater.java:stopAndJoin(136)) - e59dfa83-9a17-4bb1-b70c-789d43087210@group-4ECA698CE510-StateMachineUpdater: set stopIndex = 2
2019-10-07 08:13:40,397 [e59dfa83-9a17-4bb1-b70c-789d43087210@group-4ECA698CE510-StateMachineUpdater] INFO  ratis.ContainerStateMachine (ContainerStateMachine.java:takeSnapshot(294)) - group-4ECA698CE510: Taking a snapshot at:(t:1, i:2) file /workdir/hadoop-ozone/integration-test/target/test-dir/MiniOzoneClusterImpl-5b4a58c5-9c69-4384-bc29-0c75166a3d4d/datanode-4/data/ratis/b9e65860-d9b7-4d19-87e7-4eca698ce510/sm/snapshot.1_2
2019-10-07 08:13:40,399 [grpc-default-executor-3] INFO  server.GrpcLogAppender (GrpcLogAppender.java:onCompleted(293)) - e59dfa83-9a17-4bb1-b70c-789d43087210@group-4ECA698CE510->0cccb4d0-2641-47a5-9893-c9d42eb7a12b-AppendLogResponseHandler: follower responses appendEntries COMPLETED
2019-10-07 08:13:40,399 [grpc-default-executor-0] INFO  server.GrpcLogAppender (GrpcLogAppender.java:onCompleted(293)) - e59dfa83-9a17-4bb1-b70c-789d43087210@group-4ECA698CE510->57cb8c1e-21d0-4132-8977-99a9151d6701-AppendLogResponseHandler: follower responses appendEntries COMPLETED
2019-10-07 08:13:40,406 [grpc-default-executor-3] INFO  impl.FollowerInfo (FollowerInfo.java:lambda$new$0(51)) - e59dfa83-9a17-4bb1-b70c-789d43087210@group-4ECA698CE510->0cccb4d0-2641-47a5-9893-c9d42eb7a12b: nextIndex: updateUnconditionally 3 -> 2
2019-10-07 08:13:40,406 [grpc-default-executor-0] INFO  impl.FollowerInfo (FollowerInfo.java:lambda$new$0(51)) - e59dfa83-9a17-4bb1-b70c-789d43087210@group-4ECA698CE510->57cb8c1e-21d0-4132-8977-99a9151d6701: nextIndex: updateUnconditionally 3 -> 2
2019-10-07 08:13:40,534 [e59dfa83-9a17-4bb1-b70c-789d43087210@group-4ECA698CE510-StateMachineUpdater] INFO  ratis.ContainerStateMachine (ContainerStateMachine.java:takeSnapshot(305)) - group-4ECA698CE510: Finished taking a snapshot at:(t:1, i:2) file:/workdir/hadoop-ozone/integration-test/target/test-dir/MiniOzoneClusterImpl-5b4a58c5-9c69-4384-bc29-0c75166a3d4d/datanode-4/data/ratis/b9e65860-d9b7-4d19-87e7-4eca698ce510/sm/snapshot.1_2 time:137
2019-10-07 08:13:40,535 [e59dfa83-9a17-4bb1-b70c-789d43087210@group-4ECA698CE510-StateMachineUpdater] INFO  impl.StateMachineUpdater (StateMachineUpdater.java:takeSnapshot(269)) - e59dfa83-9a17-4bb1-b70c-789d43087210@group-4ECA698CE510-StateMachineUpdater: Took a snapshot at index 2
2019-10-07 08:13:40,538 [e59dfa83-9a17-4bb1-b70c-789d43087210@group-4ECA698CE510-StateMachineUpdater] INFO  impl.StateMachineUpdater (StateMachineUpdater.java:lambda$new$0(84)) - e59dfa83-9a17-4bb1-b70c-789d43087210@group-4ECA698CE510-StateMachineUpdater: snapshotIndex: updateIncreasingly -1 -> 2
2019-10-07 08:13:40,565 [main] INFO  impl.RaftServerImpl (ServerState.java:close(387)) - e59dfa83-9a17-4bb1-b70c-789d43087210@group-4ECA698CE510: closes. applyIndex: 2
2019-10-07 08:13:40,567 [e59dfa83-9a17-4bb1-b70c-789d43087210@group-4ECA698CE510-SegmentedRaftLogWorker] INFO  segmented.SegmentedRaftLogWorker (SegmentedRaftLogWorker.java:run(316)) - e59dfa83-9a17-4bb1-b70c-789d43087210@group-4ECA698CE510-SegmentedRaftLogWorker was interrupted, exiting. There are 0 tasks remaining in the queue.
2019-10-07 08:13:40,585 [main] INFO  segmented.SegmentedRaftLogWorker (SegmentedRaftLogWorker.java:close(224)) - e59dfa83-9a17-4bb1-b70c-789d43087210@group-4ECA698CE510-SegmentedRaftLogWorker close()
2019-10-07 08:13:40,595 [main] INFO  impl.RaftServerImpl (RaftServerImpl.java:lambda$shutdown$3(247)) - e59dfa83-9a17-4bb1-b70c-789d43087210@group-BCB2176F899C: shutdown
2019-10-07 08:13:40,596 [main] INFO  util.JmxRegister (JmxRegister.java:unregister(73)) - Successfully un-registered JMX Bean with object name Ratis:service=RaftServer,group=group-BCB2176F899C,id=e59dfa83-9a17-4bb1-b70c-789d43087210
2019-10-07 08:13:40,596 [main] INFO  impl.RoleInfo (RoleInfo.java:shutdownLeaderState(104)) - e59dfa83-9a17-4bb1-b70c-789d43087210: shutdown LeaderState
2019-10-07 08:13:40,597 [main] INFO  impl.PendingRequests (PendingRequests.java:sendNotLeaderResponses(202)) - e59dfa83-9a17-4bb1-b70c-789d43087210@group-BCB2176F899C-PendingRequests: sendNotLeaderResponses
2019-10-07 08:13:40,597 [main] INFO  impl.StateMachineUpdater (StateMachineUpdater.java:stopAndJoin(136)) - e59dfa83-9a17-4bb1-b70c-789d43087210@group-BCB2176F899C-StateMachineUpdater: set stopIndex = 0
2019-10-07 08:13:40,598 [main] INFO  impl.RaftServerImpl (ServerState.java:close(387)) - e59dfa83-9a17-4bb1-b70c-789d43087210@group-BCB2176F899C: closes. applyIndex: 0
2019-10-07 08:13:40,610 [e59dfa83-9a17-4bb1-b70c-789d43087210@group-BCB2176F899C-SegmentedRaftLogWorker] INFO  segmented.SegmentedRaftLogWorker (SegmentedRaftLogWorker.java:run(316)) - e59dfa83-9a17-4bb1-b70c-789d43087210@group-BCB2176F899C-SegmentedRaftLogWorker was interrupted, exiting. There are 0 tasks remaining in the queue.
2019-10-07 08:13:40,612 [main] INFO  segmented.SegmentedRaftLogWorker (SegmentedRaftLogWorker.java:close(224)) - e59dfa83-9a17-4bb1-b70c-789d43087210@group-BCB2176F899C-SegmentedRaftLogWorker close()
2019-10-07 08:13:40,616 [main] INFO  server.GrpcService (GrpcService.java:closeImpl(164)) - e59dfa83-9a17-4bb1-b70c-789d43087210: shutdown server with port 43777 now
2019-10-07 08:13:40,620 [main] INFO  server.GrpcService (GrpcService.java:closeImpl(172)) - e59dfa83-9a17-4bb1-b70c-789d43087210: shutdown server with port 43777 successfully
2019-10-07 08:13:40,636 [refreshUsed-/workdir/hadoop-ozone/integration-test/target/test-dir/MiniOzoneClusterImpl-5b4a58c5-9c69-4384-bc29-0c75166a3d4d/datanode-4/data/containers] WARN  fs.CachingGetSpaceUsed (CachingGetSpaceUsed.java:run(183)) - Thread Interrupted waiting to refresh disk information: sleep interrupted
2019-10-07 08:13:40,670 [main] INFO  utils.BackgroundService (BackgroundService.java:shutdown(148)) - Shutting down service BlockDeletingService
2019-10-07 08:13:40,727 [main] INFO  statemachine.DatanodeStateMachine (DatanodeStateMachine.java:stopDaemon(395)) - Ozone container server stopped.
2019-10-07 08:13:40,733 [main] INFO  handler.ContextHandler (ContextHandler.java:doStop(910)) - Stopped o.e.j.w.WebAppContext@6f911326{/,null,UNAVAILABLE}{/hddsDatanode}
2019-10-07 08:13:40,740 [main] INFO  server.AbstractConnector (AbstractConnector.java:doStop(318)) - Stopped ServerConnector@f1d0004{HTTP/1.1,[http/1.1]}{0.0.0.0:0}
2019-10-07 08:13:40,740 [main] INFO  handler.ContextHandler (ContextHandler.java:doStop(910)) - Stopped o.e.j.s.ServletContextHandler@618ff5c2{/static,jar:file:/home/user/.m2/repository/org/apache/hadoop/hadoop-hdds-container-service/0.5.0-SNAPSHOT/hadoop-hdds-container-service-0.5.0-SNAPSHOT.jar!/webapps/static,UNAVAILABLE}
2019-10-07 08:13:40,741 [main] INFO  handler.ContextHandler (ContextHandler.java:doStop(910)) - Stopped o.e.j.s.ServletContextHandler@75d982d3{/logs,file:///workdir/hadoop-ozone/integration-test/target/log,UNAVAILABLE}
2019-10-07 08:13:50,033 [Thread-314] INFO  impl.FollowerState (FollowerState.java:run(108)) - 57cb8c1e-21d0-4132-8977-99a9151d6701@group-4ECA698CE510-FollowerState: change to CANDIDATE, lastRpcTime:9851ms, electionTimeout:5126ms
2019-10-07 08:13:50,033 [Thread-314] INFO  impl.RoleInfo (RoleInfo.java:shutdownFollowerState(121)) - 57cb8c1e-21d0-4132-8977-99a9151d6701: shutdown FollowerState
2019-10-07 08:13:50,034 [Thread-314] INFO  impl.RaftServerImpl (RaftServerImpl.java:setRole(170)) - 57cb8c1e-21d0-4132-8977-99a9151d6701@group-4ECA698CE510: changes role from  FOLLOWER to CANDIDATE at term 1 for changeToCandidate
2019-10-07 08:13:50,034 [Thread-314] INFO  impl.RoleInfo (RoleInfo.java:updateAndGet(143)) - 57cb8c1e-21d0-4132-8977-99a9151d6701: start LeaderElection
2019-10-07 08:13:50,037 [57cb8c1e-21d0-4132-8977-99a9151d6701@group-4ECA698CE510-LeaderElection11] INFO  impl.RaftServerImpl (ServerState.java:setLeader(255)) - 57cb8c1e-21d0-4132-8977-99a9151d6701@group-4ECA698CE510: change Leader from e59dfa83-9a17-4bb1-b70c-789d43087210 to null at term 1 for initElection
2019-10-07 08:13:50,062 [57cb8c1e-21d0-4132-8977-99a9151d6701@group-4ECA698CE510-LeaderElection11] INFO  impl.LeaderElection (LeaderElection.java:askForVotes(178)) - 57cb8c1e-21d0-4132-8977-99a9151d6701@group-4ECA698CE510-LeaderElection11: begin an election at term 2 for 0: [e59dfa83-9a17-4bb1-b70c-789d43087210:192.168.164.251:43777, 0cccb4d0-2641-47a5-9893-c9d42eb7a12b:192.168.164.251:41455, 57cb8c1e-21d0-4132-8977-99a9151d6701:192.168.164.251:42454], old=null
2019-10-07 08:13:50,068 [grpc-default-executor-3] INFO  impl.RaftServerImpl (ServerState.java:setLeader(255)) - 0cccb4d0-2641-47a5-9893-c9d42eb7a12b@group-4ECA698CE510: change Leader from e59dfa83-9a17-4bb1-b70c-789d43087210 to null at term 2 for updateCurrentTerm
2019-10-07 08:13:50,069 [grpc-default-executor-3] INFO  impl.RaftServerImpl (RaftServerImpl.java:setRole(170)) - 0cccb4d0-2641-47a5-9893-c9d42eb7a12b@group-4ECA698CE510: changes role from  FOLLOWER to FOLLOWER at term 2 for recognizeCandidate:57cb8c1e-21d0-4132-8977-99a9151d6701
2019-10-07 08:13:50,069 [grpc-default-executor-3] INFO  impl.RoleInfo (RoleInfo.java:shutdownFollowerState(121)) - 0cccb4d0-2641-47a5-9893-c9d42eb7a12b: shutdown FollowerState
2019-10-07 08:13:50,069 [grpc-default-executor-3] INFO  impl.RoleInfo (RoleInfo.java:updateAndGet(143)) - 0cccb4d0-2641-47a5-9893-c9d42eb7a12b: start FollowerState
2019-10-07 08:13:50,069 [Thread-313] INFO  impl.FollowerState (FollowerState.java:run(117)) - 0cccb4d0-2641-47a5-9893-c9d42eb7a12b@group-4ECA698CE510-FollowerState was interrupted: java.lang.InterruptedException: sleep interrupted
2019-10-07 08:13:50,077 [57cb8c1e-21d0-4132-8977-99a9151d6701@group-4ECA698CE510-LeaderElection11] INFO  impl.LeaderElection (LogUtils.java:infoOrTrace(149)) - 57cb8c1e-21d0-4132-8977-99a9151d6701@group-4ECA698CE510-LeaderElection11 got exception when requesting votes: {}
java.util.concurrent.ExecutionException: org.apache.ratis.thirdparty.io.grpc.StatusRuntimeException: UNAVAILABLE: io exception
	at java.util.concurrent.FutureTask.report(FutureTask.java:122)
	at java.util.concurrent.FutureTask.get(FutureTask.java:192)
	at org.apache.ratis.server.impl.LeaderElection.waitForResults(LeaderElection.java:259)
	at org.apache.ratis.server.impl.LeaderElection.askForVotes(LeaderElection.java:197)
	at org.apache.ratis.server.impl.LeaderElection.run(LeaderElection.java:133)
	at java.lang.Thread.run(Thread.java:748)
Caused by: org.apache.ratis.thirdparty.io.grpc.StatusRuntimeException: UNAVAILABLE: io exception
	at org.apache.ratis.thirdparty.io.grpc.stub.ClientCalls.toStatusRuntimeException(ClientCalls.java:233)
	at org.apache.ratis.thirdparty.io.grpc.stub.ClientCalls.getUnchecked(ClientCalls.java:214)
	at org.apache.ratis.thirdparty.io.grpc.stub.ClientCalls.blockingUnaryCall(ClientCalls.java:139)
	at org.apache.ratis.proto.grpc.RaftServerProtocolServiceGrpc$RaftServerProtocolServiceBlockingStub.requestVote(RaftServerProtocolServiceGrpc.java:265)
	at org.apache.ratis.grpc.server.GrpcServerProtocolClient.requestVote(GrpcServerProtocolClient.java:99)
	at org.apache.ratis.grpc.server.GrpcService.requestVote(GrpcService.java:204)
	at org.apache.ratis.server.impl.LeaderElection.lambda$submitRequests$1(LeaderElection.java:234)
	at java.util.concurrent.FutureTask.run(FutureTask.java:266)
	at java.util.concurrent.Executors$RunnableAdapter.call(Executors.java:511)
	at java.util.concurrent.FutureTask.run(FutureTask.java:266)
	at java.util.concurrent.ThreadPoolExecutor.runWorker(ThreadPoolExecutor.java:1149)
	at java.util.concurrent.ThreadPoolExecutor$Worker.run(ThreadPoolExecutor.java:624)
	... 1 more
Caused by: org.apache.ratis.thirdparty.io.netty.channel.AbstractChannel$AnnotatedConnectException: Connection refused: /192.168.164.251:43777
	at sun.nio.ch.SocketChannelImpl.checkConnect(Native Method)
	at sun.nio.ch.SocketChannelImpl.finishConnect(SocketChannelImpl.java:717)
	at org.apache.ratis.thirdparty.io.netty.channel.socket.nio.NioSocketChannel.doFinishConnect(NioSocketChannel.java:327)
	at org.apache.ratis.thirdparty.io.netty.channel.nio.AbstractNioChannel$AbstractNioUnsafe.finishConnect(AbstractNioChannel.java:340)
	at org.apache.ratis.thirdparty.io.netty.channel.nio.NioEventLoop.processSelectedKey(NioEventLoop.java:632)
	at org.apache.ratis.thirdparty.io.netty.channel.nio.NioEventLoop.processSelectedKeysOptimized(NioEventLoop.java:579)
	at org.apache.ratis.thirdparty.io.netty.channel.nio.NioEventLoop.processSelectedKeys(NioEventLoop.java:496)
	at org.apache.ratis.thirdparty.io.netty.channel.nio.NioEventLoop.run(NioEventLoop.java:458)
	at org.apache.ratis.thirdparty.io.netty.util.concurrent.SingleThreadEventExecutor$5.run(SingleThreadEventExecutor.java:897)
	at org.apache.ratis.thirdparty.io.netty.util.concurrent.FastThreadLocalRunnable.run(FastThreadLocalRunnable.java:30)
	... 1 more
Caused by: java.net.ConnectException: Connection refused
	... 11 more
2019-10-07 08:13:50,087 [57cb8c1e-21d0-4132-8977-99a9151d6701@group-4ECA698CE510-LeaderElection11] INFO  impl.LeaderElection (LeaderElection.java:logAndReturn(56)) - 57cb8c1e-21d0-4132-8977-99a9151d6701@group-4ECA698CE510-LeaderElection11: Election PASSED; received 1 response(s) [57cb8c1e-21d0-4132-8977-99a9151d6701<-0cccb4d0-2641-47a5-9893-c9d42eb7a12b#0:OK-t2] and 1 exception(s); 57cb8c1e-21d0-4132-8977-99a9151d6701@group-4ECA698CE510:t2, leader=null, voted=57cb8c1e-21d0-4132-8977-99a9151d6701, raftlog=57cb8c1e-21d0-4132-8977-99a9151d6701@group-4ECA698CE510-SegmentedRaftLog:OPENED:c2,f2,i2, conf=0: [e59dfa83-9a17-4bb1-b70c-789d43087210:192.168.164.251:43777, 0cccb4d0-2641-47a5-9893-c9d42eb7a12b:192.168.164.251:41455, 57cb8c1e-21d0-4132-8977-99a9151d6701:192.168.164.251:42454], old=null
2019-10-07 08:13:50,087 [57cb8c1e-21d0-4132-8977-99a9151d6701@group-4ECA698CE510-LeaderElection11] INFO  impl.LeaderElection (LogUtils.java:infoOrTrace(149)) -   Exception 0: {}
java.util.concurrent.ExecutionException: org.apache.ratis.thirdparty.io.grpc.StatusRuntimeException: UNAVAILABLE: io exception
	at java.util.concurrent.FutureTask.report(FutureTask.java:122)
	at java.util.concurrent.FutureTask.get(FutureTask.java:192)
	at org.apache.ratis.server.impl.LeaderElection.waitForResults(LeaderElection.java:259)
	at org.apache.ratis.server.impl.LeaderElection.askForVotes(LeaderElection.java:197)
	at org.apache.ratis.server.impl.LeaderElection.run(LeaderElection.java:133)
	at java.lang.Thread.run(Thread.java:748)
Caused by: org.apache.ratis.thirdparty.io.grpc.StatusRuntimeException: UNAVAILABLE: io exception
	at org.apache.ratis.thirdparty.io.grpc.stub.ClientCalls.toStatusRuntimeException(ClientCalls.java:233)
	at org.apache.ratis.thirdparty.io.grpc.stub.ClientCalls.getUnchecked(ClientCalls.java:214)
	at org.apache.ratis.thirdparty.io.grpc.stub.ClientCalls.blockingUnaryCall(ClientCalls.java:139)
	at org.apache.ratis.proto.grpc.RaftServerProtocolServiceGrpc$RaftServerProtocolServiceBlockingStub.requestVote(RaftServerProtocolServiceGrpc.java:265)
	at org.apache.ratis.grpc.server.GrpcServerProtocolClient.requestVote(GrpcServerProtocolClient.java:99)
	at org.apache.ratis.grpc.server.GrpcService.requestVote(GrpcService.java:204)
	at org.apache.ratis.server.impl.LeaderElection.lambda$submitRequests$1(LeaderElection.java:234)
	at java.util.concurrent.FutureTask.run(FutureTask.java:266)
	at java.util.concurrent.Executors$RunnableAdapter.call(Executors.java:511)
	at java.util.concurrent.FutureTask.run(FutureTask.java:266)
	at java.util.concurrent.ThreadPoolExecutor.runWorker(ThreadPoolExecutor.java:1149)
	at java.util.concurrent.ThreadPoolExecutor$Worker.run(ThreadPoolExecutor.java:624)
	... 1 more
Caused by: org.apache.ratis.thirdparty.io.netty.channel.AbstractChannel$AnnotatedConnectException: Connection refused: /192.168.164.251:43777
	at sun.nio.ch.SocketChannelImpl.checkConnect(Native Method)
	at sun.nio.ch.SocketChannelImpl.finishConnect(SocketChannelImpl.java:717)
	at org.apache.ratis.thirdparty.io.netty.channel.socket.nio.NioSocketChannel.doFinishConnect(NioSocketChannel.java:327)
	at org.apache.ratis.thirdparty.io.netty.channel.nio.AbstractNioChannel$AbstractNioUnsafe.finishConnect(AbstractNioChannel.java:340)
	at org.apache.ratis.thirdparty.io.netty.channel.nio.NioEventLoop.processSelectedKey(NioEventLoop.java:632)
	at org.apache.ratis.thirdparty.io.netty.channel.nio.NioEventLoop.processSelectedKeysOptimized(NioEventLoop.java:579)
	at org.apache.ratis.thirdparty.io.netty.channel.nio.NioEventLoop.processSelectedKeys(NioEventLoop.java:496)
	at org.apache.ratis.thirdparty.io.netty.channel.nio.NioEventLoop.run(NioEventLoop.java:458)
	at org.apache.ratis.thirdparty.io.netty.util.concurrent.SingleThreadEventExecutor$5.run(SingleThreadEventExecutor.java:897)
	at org.apache.ratis.thirdparty.io.netty.util.concurrent.FastThreadLocalRunnable.run(FastThreadLocalRunnable.java:30)
	... 1 more
Caused by: java.net.ConnectException: Connection refused
	... 11 more
2019-10-07 08:13:50,088 [57cb8c1e-21d0-4132-8977-99a9151d6701@group-4ECA698CE510-LeaderElection11] INFO  impl.RoleInfo (RoleInfo.java:shutdownLeaderElection(134)) - 57cb8c1e-21d0-4132-8977-99a9151d6701: shutdown LeaderElection
2019-10-07 08:13:50,088 [57cb8c1e-21d0-4132-8977-99a9151d6701@group-4ECA698CE510-LeaderElection11] INFO  impl.RaftServerImpl (RaftServerImpl.java:setRole(170)) - 57cb8c1e-21d0-4132-8977-99a9151d6701@group-4ECA698CE510: changes role from CANDIDATE to LEADER at term 2 for changeToLeader
2019-10-07 08:13:50,088 [57cb8c1e-21d0-4132-8977-99a9151d6701@group-4ECA698CE510-LeaderElection11] INFO  impl.RaftServerImpl (ServerState.java:setLeader(255)) - 57cb8c1e-21d0-4132-8977-99a9151d6701@group-4ECA698CE510: change Leader from null to 57cb8c1e-21d0-4132-8977-99a9151d6701 at term 2 for becomeLeader, leader elected after 50ms
2019-10-07 08:13:50,088 [57cb8c1e-21d0-4132-8977-99a9151d6701@group-4ECA698CE510-LeaderElection11] INFO  server.RaftServerConfigKeys (ConfUtils.java:logGet(43)) - raft.server.staging.catchup.gap = 1000 (default)
2019-10-07 08:13:50,089 [57cb8c1e-21d0-4132-8977-99a9151d6701@group-4ECA698CE510-LeaderElection11] INFO  server.RaftServerConfigKeys (ConfUtils.java:logGet(43)) - raft.server.rpc.sleep.time = 25ms (default)
2019-10-07 08:13:50,089 [57cb8c1e-21d0-4132-8977-99a9151d6701@group-4ECA698CE510-LeaderElection11] INFO  server.RaftServerConfigKeys (ConfUtils.java:logGet(43)) - raft.server.write.element-limit = 4096 (default)
2019-10-07 08:13:50,089 [57cb8c1e-21d0-4132-8977-99a9151d6701@group-4ECA698CE510-LeaderElection11] INFO  server.RaftServerConfigKeys (ConfUtils.java:logGet(43)) - raft.server.watch.timeout = 10s (default)
2019-10-07 08:13:50,089 [57cb8c1e-21d0-4132-8977-99a9151d6701@group-4ECA698CE510-LeaderElection11] INFO  server.RaftServerConfigKeys (ConfUtils.java:logGet(43)) - raft.server.watch.timeout.denomination = 1s (default)
2019-10-07 08:13:50,089 [57cb8c1e-21d0-4132-8977-99a9151d6701@group-4ECA698CE510-LeaderElection11] INFO  server.RaftServerConfigKeys (ConfUtils.java:logGet(43)) - raft.server.watch.element-limit = 65536 (default)
2019-10-07 08:13:50,094 [57cb8c1e-21d0-4132-8977-99a9151d6701@group-4ECA698CE510-LeaderElection11] INFO  server.RaftServerConfigKeys (ConfUtils.java:logGet(43)) - raft.server.log.appender.snapshot.chunk.size.max = 16MB (=16777216) (default)
2019-10-07 08:13:50,095 [57cb8c1e-21d0-4132-8977-99a9151d6701@group-4ECA698CE510-LeaderElection11] INFO  server.RaftServerConfigKeys (ConfUtils.java:logGet(43)) - raft.server.log.appender.buffer.byte-limit = 33554432 (custom)
2019-10-07 08:13:50,095 [57cb8c1e-21d0-4132-8977-99a9151d6701@group-4ECA698CE510-LeaderElection11] INFO  server.RaftServerConfigKeys (ConfUtils.java:logGet(43)) - raft.server.log.appender.buffer.element-limit = 1 (custom)
2019-10-07 08:13:50,095 [57cb8c1e-21d0-4132-8977-99a9151d6701@group-4ECA698CE510-LeaderElection11] INFO  grpc.GrpcConfigKeys$Server (ConfUtils.java:logGet(43)) - raft.grpc.server.leader.outstanding.appends.max = 128 (default)
2019-10-07 08:13:50,095 [57cb8c1e-21d0-4132-8977-99a9151d6701@group-4ECA698CE510-LeaderElection11] INFO  server.RaftServerConfigKeys (ConfUtils.java:logGet(43)) - raft.server.rpc.request.timeout = 3000ms (default)
2019-10-07 08:13:50,096 [57cb8c1e-21d0-4132-8977-99a9151d6701@group-4ECA698CE510-LeaderElection11] INFO  server.RaftServerConfigKeys (ConfUtils.java:logGet(43)) - raft.server.log.appender.install.snapshot.enabled = false (custom)
2019-10-07 08:13:50,096 [57cb8c1e-21d0-4132-8977-99a9151d6701@group-4ECA698CE510-LeaderElection11] INFO  server.RaftServerConfigKeys (ConfUtils.java:logGet(43)) - raft.server.log.appender.snapshot.chunk.size.max = 16MB (=16777216) (default)
2019-10-07 08:13:50,096 [57cb8c1e-21d0-4132-8977-99a9151d6701@group-4ECA698CE510-LeaderElection11] INFO  server.RaftServerConfigKeys (ConfUtils.java:logGet(43)) - raft.server.log.appender.buffer.byte-limit = 33554432 (custom)
2019-10-07 08:13:50,096 [57cb8c1e-21d0-4132-8977-99a9151d6701@group-4ECA698CE510-LeaderElection11] INFO  server.RaftServerConfigKeys (ConfUtils.java:logGet(43)) - raft.server.log.appender.buffer.element-limit = 1 (custom)
2019-10-07 08:13:50,097 [57cb8c1e-21d0-4132-8977-99a9151d6701@group-4ECA698CE510-LeaderElection11] INFO  grpc.GrpcConfigKeys$Server (ConfUtils.java:logGet(43)) - raft.grpc.server.leader.outstanding.appends.max = 128 (default)
2019-10-07 08:13:50,097 [57cb8c1e-21d0-4132-8977-99a9151d6701@group-4ECA698CE510-LeaderElection11] INFO  server.RaftServerConfigKeys (ConfUtils.java:logGet(43)) - raft.server.rpc.request.timeout = 3000ms (default)
2019-10-07 08:13:50,097 [57cb8c1e-21d0-4132-8977-99a9151d6701@group-4ECA698CE510-LeaderElection11] INFO  server.RaftServerConfigKeys (ConfUtils.java:logGet(43)) - raft.server.log.appender.install.snapshot.enabled = false (custom)
2019-10-07 08:13:50,097 [57cb8c1e-21d0-4132-8977-99a9151d6701@group-4ECA698CE510-LeaderElection11] INFO  impl.RoleInfo (RoleInfo.java:updateAndGet(143)) - 57cb8c1e-21d0-4132-8977-99a9151d6701: start LeaderState
2019-10-07 08:13:50,098 [57cb8c1e-21d0-4132-8977-99a9151d6701@group-4ECA698CE510-LeaderElection11] INFO  segmented.SegmentedRaftLogWorker (SegmentedRaftLogWorker.java:rollLogSegment(390)) - 57cb8c1e-21d0-4132-8977-99a9151d6701@group-4ECA698CE510-SegmentedRaftLogWorker: Rolling segment log-0_2 to index:2
2019-10-07 08:13:50,102 [57cb8c1e-21d0-4132-8977-99a9151d6701@group-4ECA698CE510-SegmentedRaftLogWorker] INFO  segmented.SegmentedRaftLogWorker (SegmentedRaftLogWorker.java:execute(531)) - 57cb8c1e-21d0-4132-8977-99a9151d6701@group-4ECA698CE510-SegmentedRaftLogWorker: Rolled log segment from /workdir/hadoop-ozone/integration-test/target/test-dir/MiniOzoneClusterImpl-5b4a58c5-9c69-4384-bc29-0c75166a3d4d/datanode-3/data/ratis/b9e65860-d9b7-4d19-87e7-4eca698ce510/current/log_inprogress_0 to /workdir/hadoop-ozone/integration-test/target/test-dir/MiniOzoneClusterImpl-5b4a58c5-9c69-4384-bc29-0c75166a3d4d/datanode-3/data/ratis/b9e65860-d9b7-4d19-87e7-4eca698ce510/current/log_0-2
2019-10-07 08:13:50,104 [57cb8c1e-21d0-4132-8977-99a9151d6701@group-4ECA698CE510-LeaderElection11] INFO  impl.RaftServerImpl (ServerState.java:setRaftConf(356)) - 57cb8c1e-21d0-4132-8977-99a9151d6701@group-4ECA698CE510: set configuration 3: [e59dfa83-9a17-4bb1-b70c-789d43087210:192.168.164.251:43777, 0cccb4d0-2641-47a5-9893-c9d42eb7a12b:192.168.164.251:41455, 57cb8c1e-21d0-4132-8977-99a9151d6701:192.168.164.251:42454], old=null at 3
2019-10-07 08:13:50,105 [grpc-default-executor-3] WARN  server.GrpcLogAppender (LogUtils.java:warn(134)) - 57cb8c1e-21d0-4132-8977-99a9151d6701@group-4ECA698CE510->e59dfa83-9a17-4bb1-b70c-789d43087210-AppendLogResponseHandler: Failed appendEntries: org.apache.ratis.thirdparty.io.grpc.StatusRuntimeException: UNAVAILABLE: io exception
2019-10-07 08:13:50,139 [grpc-default-executor-3] INFO  impl.FollowerInfo (FollowerInfo.java:lambda$new$0(51)) - 57cb8c1e-21d0-4132-8977-99a9151d6701@group-4ECA698CE510->e59dfa83-9a17-4bb1-b70c-789d43087210: nextIndex: updateUnconditionally 3 -> 1
2019-10-07 08:13:50,139 [grpc-default-executor-3] INFO  impl.RaftServerImpl (ServerState.java:setLeader(255)) - 0cccb4d0-2641-47a5-9893-c9d42eb7a12b@group-4ECA698CE510: change Leader from null to 57cb8c1e-21d0-4132-8977-99a9151d6701 at term 2 for appendEntries, leader elected after 70ms
2019-10-07 08:13:50,145 [grpc-default-executor-3] INFO  impl.RaftServerImpl (ServerState.java:setRaftConf(356)) - 0cccb4d0-2641-47a5-9893-c9d42eb7a12b@group-4ECA698CE510: set configuration 3: [e59dfa83-9a17-4bb1-b70c-789d43087210:192.168.164.251:43777, 0cccb4d0-2641-47a5-9893-c9d42eb7a12b:192.168.164.251:41455, 57cb8c1e-21d0-4132-8977-99a9151d6701:192.168.164.251:42454], old=null at 3
2019-10-07 08:13:50,146 [grpc-default-executor-3] INFO  segmented.SegmentedRaftLogWorker (SegmentedRaftLogWorker.java:rollLogSegment(390)) - 0cccb4d0-2641-47a5-9893-c9d42eb7a12b@group-4ECA698CE510-SegmentedRaftLogWorker: Rolling segment log-0_2 to index:2
2019-10-07 08:13:50,147 [0cccb4d0-2641-47a5-9893-c9d42eb7a12b@group-4ECA698CE510-SegmentedRaftLogWorker] INFO  segmented.SegmentedRaftLogWorker (SegmentedRaftLogWorker.java:execute(531)) - 0cccb4d0-2641-47a5-9893-c9d42eb7a12b@group-4ECA698CE510-SegmentedRaftLogWorker: Rolled log segment from /workdir/hadoop-ozone/integration-test/target/test-dir/MiniOzoneClusterImpl-5b4a58c5-9c69-4384-bc29-0c75166a3d4d/datanode-2/data/ratis/b9e65860-d9b7-4d19-87e7-4eca698ce510/current/log_inprogress_0 to /workdir/hadoop-ozone/integration-test/target/test-dir/MiniOzoneClusterImpl-5b4a58c5-9c69-4384-bc29-0c75166a3d4d/datanode-2/data/ratis/b9e65860-d9b7-4d19-87e7-4eca698ce510/current/log_0-2
2019-10-07 08:13:50,161 [57cb8c1e-21d0-4132-8977-99a9151d6701@group-4ECA698CE510-SegmentedRaftLogWorker] INFO  segmented.SegmentedRaftLogWorker (SegmentedRaftLogWorker.java:execute(574)) - 57cb8c1e-21d0-4132-8977-99a9151d6701@group-4ECA698CE510-SegmentedRaftLogWorker: created new log segment /workdir/hadoop-ozone/integration-test/target/test-dir/MiniOzoneClusterImpl-5b4a58c5-9c69-4384-bc29-0c75166a3d4d/datanode-3/data/ratis/b9e65860-d9b7-4d19-87e7-4eca698ce510/current/log_inprogress_3
2019-10-07 08:13:50,179 [0cccb4d0-2641-47a5-9893-c9d42eb7a12b@group-4ECA698CE510-SegmentedRaftLogWorker] INFO  segmented.SegmentedRaftLogWorker (SegmentedRaftLogWorker.java:execute(574)) - 0cccb4d0-2641-47a5-9893-c9d42eb7a12b@group-4ECA698CE510-SegmentedRaftLogWorker: created new log segment /workdir/hadoop-ozone/integration-test/target/test-dir/MiniOzoneClusterImpl-5b4a58c5-9c69-4384-bc29-0c75166a3d4d/datanode-2/data/ratis/b9e65860-d9b7-4d19-87e7-4eca698ce510/current/log_inprogress_3
2019-10-07 08:13:50,191 [grpc-default-executor-0] WARN  server.GrpcLogAppender (LogUtils.java:warn(134)) - 57cb8c1e-21d0-4132-8977-99a9151d6701@group-4ECA698CE510->e59dfa83-9a17-4bb1-b70c-789d43087210-AppendLogResponseHandler: Failed appendEntries: org.apache.ratis.thirdparty.io.grpc.StatusRuntimeException: UNAVAILABLE: io exception
2019-10-07 08:13:50,193 [grpc-default-executor-0] INFO  impl.FollowerInfo (FollowerInfo.java:lambda$new$0(51)) - 57cb8c1e-21d0-4132-8977-99a9151d6701@group-4ECA698CE510->e59dfa83-9a17-4bb1-b70c-789d43087210: nextIndex: updateUnconditionally 2 -> 1
2019-10-07 08:13:50,203 [grpc-default-executor-1] WARN  server.GrpcLogAppender (LogUtils.java:warn(134)) - 57cb8c1e-21d0-4132-8977-99a9151d6701@group-4ECA698CE510->e59dfa83-9a17-4bb1-b70c-789d43087210-AppendLogResponseHandler: Failed appendEntries: org.apache.ratis.thirdparty.io.grpc.StatusRuntimeException: UNAVAILABLE: io exception
2019-10-07 08:13:50,205 [grpc-default-executor-1] INFO  impl.FollowerInfo (FollowerInfo.java:lambda$new$0(51)) - 57cb8c1e-21d0-4132-8977-99a9151d6701@group-4ECA698CE510->e59dfa83-9a17-4bb1-b70c-789d43087210: nextIndex: updateUnconditionally 2 -> 1
]]></system-out>
    <system-err><![CDATA[ERROR StatusLogger No Log4j 2 configuration file found. Using default configuration (logging only errors to the console), or user programmatically provided configurations. Set system property 'log4j2.debug' to show Log4j 2 internal initialization logging. See https://logging.apache.org/log4j/2.x/manual/configuration.html for instructions on how to configure Log4j 2
]]></system-err>
  </testcase>
</testsuite>