<?xml version="1.0" encoding="UTF-8"?>
<testsuite xmlns:xsi="http://www.w3.org/2001/XMLSchema-instance" xsi:noNamespaceSchemaLocation="https://maven.apache.org/surefire/maven-surefire-plugin/xsd/surefire-test-report.xsd" name="org.apache.hadoop.ozone.container.server.TestSecureContainerServer" time="187.312" tests="3" errors="0" skipped="1" failures="1">
  <properties>
    <property name="awt.toolkit" value="sun.awt.X11.XToolkit"/>
    <property name="file.encoding.pkg" value="sun.io"/>
    <property name="java.specification.version" value="1.8"/>
    <property name="sun.cpu.isalist" value=""/>
    <property name="sun.jnu.encoding" value="ANSI_X3.4-1968"/>
    <property name="java.class.path" value="/workdir/hadoop-ozone/integration-test/target/test-classes:/workdir/hadoop-ozone/integration-test/target/classes:/home/user/.m2/repository/org/apache/hadoop/hadoop-ozone-common/0.5.0-SNAPSHOT/hadoop-ozone-common-0.5.0-SNAPSHOT.jar:/home/user/.m2/repository/org/apache/commons/commons-compress/1.4.1/commons-compress-1.4.1.jar:/home/user/.m2/repository/org/tukaani/xz/1.0/xz-1.0.jar:/home/user/.m2/repository/org/apache/hadoop/hadoop-common/3.2.0/hadoop-common-3.2.0.jar:/home/user/.m2/repository/org/apache/hadoop/hadoop-hdfs/3.2.0/hadoop-hdfs-3.2.0.jar:/home/user/.m2/repository/org/apache/hadoop/hadoop-hdfs-client/3.2.0/hadoop-hdfs-client-3.2.0.jar:/home/user/.m2/repository/com/fasterxml/jackson/core/jackson-annotations/2.9.9/jackson-annotations-2.9.9.jar:/home/user/.m2/repository/org/apache/hadoop/hadoop-hdds-common/0.5.0-SNAPSHOT/hadoop-hdds-common-0.5.0-SNAPSHOT.jar:/home/user/.m2/repository/javax/annotation/javax.annotation-api/1.2/javax.annotation-api-1.2.jar:/home/user/.m2/repository/org/apache/ratis/ratis-server/0.5.0-3f446aa-SNAPSHOT/ratis-server-0.5.0-3f446aa-SNAPSHOT.jar:/home/user/.m2/repository/org/apache/ratis/ratis-thirdparty-misc/0.2.0/ratis-thirdparty-misc-0.2.0.jar:/home/user/.m2/repository/org/apache/ratis/ratis-proto/0.5.0-3f446aa-SNAPSHOT/ratis-proto-0.5.0-3f446aa-SNAPSHOT.jar:/home/user/.m2/repository/org/apache/ratis/ratis-common/0.5.0-3f446aa-SNAPSHOT/ratis-common-0.5.0-3f446aa-SNAPSHOT.jar:/home/user/.m2/repository/org/apache/ratis/ratis-client/0.5.0-3f446aa-SNAPSHOT/ratis-client-0.5.0-3f446aa-SNAPSHOT.jar:/home/user/.m2/repository/org/apache/ratis/ratis-metrics/0.5.0-3f446aa-SNAPSHOT/ratis-metrics-0.5.0-3f446aa-SNAPSHOT.jar:/home/user/.m2/repository/com/github/joshelser/dropwizard-metrics-hadoop-metrics2-reporter/0.1.2/dropwizard-metrics-hadoop-metrics2-reporter-0.1.2.jar:/home/user/.m2/repository/io/dropwizard/metrics/metrics-jvm/3.2.5/metrics-jvm-3.2.5.jar:/home/user/.m2/repository/io/dropwizard/metrics/metrics-ganglia/3.2.5/metrics-ganglia-3.2.5.jar:/home/user/.m2/repository/info/ganglia/gmetric4j/gmetric4j/1.0.7/gmetric4j-1.0.7.jar:/home/user/.m2/repository/org/apache/ratis/ratis-netty/0.5.0-3f446aa-SNAPSHOT/ratis-netty-0.5.0-3f446aa-SNAPSHOT.jar:/home/user/.m2/repository/org/apache/ratis/ratis-grpc/0.5.0-3f446aa-SNAPSHOT/ratis-grpc-0.5.0-3f446aa-SNAPSHOT.jar:/home/user/.m2/repository/org/rocksdb/rocksdbjni/6.0.1/rocksdbjni-6.0.1.jar:/home/user/.m2/repository/org/apache/logging/log4j/log4j-api/2.11.0/log4j-api-2.11.0.jar:/home/user/.m2/repository/org/apache/logging/log4j/log4j-core/2.11.0/log4j-core-2.11.0.jar:/home/user/.m2/repository/com/lmax/disruptor/3.4.2/disruptor-3.4.2.jar:/home/user/.m2/repository/org/apache/commons/commons-pool2/2.6.0/commons-pool2-2.6.0.jar:/home/user/.m2/repository/org/bouncycastle/bcpkix-jdk15on/1.60/bcpkix-jdk15on-1.60.jar:/home/user/.m2/repository/commons-validator/commons-validator/1.6/commons-validator-1.6.jar:/home/user/.m2/repository/commons-digester/commons-digester/1.8.1/commons-digester-1.8.1.jar:/home/user/.m2/repository/io/jaegertracing/jaeger-client/0.34.0/jaeger-client-0.34.0.jar:/home/user/.m2/repository/io/jaegertracing/jaeger-thrift/0.34.0/jaeger-thrift-0.34.0.jar:/home/user/.m2/repository/org/apache/thrift/libthrift/0.12.0/libthrift-0.12.0.jar:/home/user/.m2/repository/com/squareup/okhttp3/okhttp/3.9.0/okhttp-3.9.0.jar:/home/user/.m2/repository/com/squareup/okio/okio/1.13.0/okio-1.13.0.jar:/home/user/.m2/repository/io/jaegertracing/jaeger-core/0.34.0/jaeger-core-0.34.0.jar:/home/user/.m2/repository/io/jaegertracing/jaeger-tracerresolver/0.34.0/jaeger-tracerresolver-0.34.0.jar:/home/user/.m2/repository/io/opentracing/contrib/opentracing-tracerresolver/0.1.5/opentracing-tracerresolver-0.1.5.jar:/home/user/.m2/repository/io/opentracing/opentracing-util/0.31.0/opentracing-util-0.31.0.jar:/home/user/.m2/repository/io/opentracing/opentracing-api/0.31.0/opentracing-api-0.31.0.jar:/home/user/.m2/repository/io/opentracing/opentracing-noop/0.31.0/opentracing-noop-0.31.0.jar:/home/user/.m2/repository/org/apache/hadoop/hadoop-hdds-server-framework/0.5.0-SNAPSHOT/hadoop-hdds-server-framework-0.5.0-SNAPSHOT.jar:/home/user/.m2/repository/org/apache/hadoop/hadoop-hdds-container-service/0.5.0-SNAPSHOT/hadoop-hdds-container-service-0.5.0-SNAPSHOT.jar:/home/user/.m2/repository/org/apache/hadoop/hadoop-hdds-client/0.5.0-SNAPSHOT/hadoop-hdds-client-0.5.0-SNAPSHOT.jar:/home/user/.m2/repository/org/apache/hadoop/hadoop-hdds-tools/0.5.0-SNAPSHOT/hadoop-hdds-tools-0.5.0-SNAPSHOT.jar:/home/user/.m2/repository/org/apache/hadoop/hadoop-hdds-server-scm/0.5.0-SNAPSHOT/hadoop-hdds-server-scm-0.5.0-SNAPSHOT.jar:/home/user/.m2/repository/org/apache/hadoop/hadoop-hdds-docs/0.5.0-SNAPSHOT/hadoop-hdds-docs-0.5.0-SNAPSHOT.jar:/home/user/.m2/repository/io/dropwizard/metrics/metrics-core/3.2.4/metrics-core-3.2.4.jar:/home/user/.m2/repository/org/hamcrest/hamcrest-all/1.3/hamcrest-all-1.3.jar:/home/user/.m2/repository/org/bouncycastle/bcprov-jdk15on/1.60/bcprov-jdk15on-1.60.jar:/home/user/.m2/repository/info/picocli/picocli/3.9.6/picocli-3.9.6.jar:/home/user/.m2/repository/com/google/protobuf/protobuf-java/2.5.0/protobuf-java-2.5.0.jar:/home/user/.m2/repository/com/google/guava/guava/11.0.2/guava-11.0.2.jar:/home/user/.m2/repository/org/apache/hadoop/hadoop-ozone-ozone-manager/0.5.0-SNAPSHOT/hadoop-ozone-ozone-manager-0.5.0-SNAPSHOT.jar:/home/user/.m2/repository/org/apache/hadoop/hadoop-minikdc/3.2.0/hadoop-minikdc-3.2.0.jar:/home/user/.m2/repository/commons-io/commons-io/2.5/commons-io-2.5.jar:/home/user/.m2/repository/org/apache/kerby/kerb-simplekdc/1.0.1/kerb-simplekdc-1.0.1.jar:/home/user/.m2/repository/org/apache/kerby/kerb-client/1.0.1/kerb-client-1.0.1.jar:/home/user/.m2/repository/org/apache/kerby/kerby-config/1.0.1/kerby-config-1.0.1.jar:/home/user/.m2/repository/org/apache/kerby/kerb-core/1.0.1/kerb-core-1.0.1.jar:/home/user/.m2/repository/org/apache/kerby/kerby-pkix/1.0.1/kerby-pkix-1.0.1.jar:/home/user/.m2/repository/org/apache/kerby/kerby-asn1/1.0.1/kerby-asn1-1.0.1.jar:/home/user/.m2/repository/org/apache/kerby/kerby-util/1.0.1/kerby-util-1.0.1.jar:/home/user/.m2/repository/org/apache/kerby/kerb-common/1.0.1/kerb-common-1.0.1.jar:/home/user/.m2/repository/org/apache/kerby/kerb-crypto/1.0.1/kerb-crypto-1.0.1.jar:/home/user/.m2/repository/org/apache/kerby/kerb-util/1.0.1/kerb-util-1.0.1.jar:/home/user/.m2/repository/org/apache/kerby/token-provider/1.0.1/token-provider-1.0.1.jar:/home/user/.m2/repository/org/apache/kerby/kerb-admin/1.0.1/kerb-admin-1.0.1.jar:/home/user/.m2/repository/org/apache/kerby/kerb-server/1.0.1/kerb-server-1.0.1.jar:/home/user/.m2/repository/org/apache/kerby/kerb-identity/1.0.1/kerb-identity-1.0.1.jar:/home/user/.m2/repository/org/apache/kerby/kerby-xdr/1.0.1/kerby-xdr-1.0.1.jar:/home/user/.m2/repository/org/slf4j/slf4j-log4j12/1.7.25/slf4j-log4j12-1.7.25.jar:/home/user/.m2/repository/org/apache/hadoop/hadoop-ozone-s3gateway/0.5.0-SNAPSHOT/hadoop-ozone-s3gateway-0.5.0-SNAPSHOT.jar:/home/user/.m2/repository/org/jboss/weld/servlet/weld-servlet/2.4.7.Final/weld-servlet-2.4.7.Final.jar:/home/user/.m2/repository/org/glassfish/jersey/containers/jersey-container-servlet-core/2.27/jersey-container-servlet-core-2.27.jar:/home/user/.m2/repository/org/glassfish/hk2/external/javax.inject/2.5.0-b42/javax.inject-2.5.0-b42.jar:/home/user/.m2/repository/org/glassfish/jersey/core/jersey-common/2.27/jersey-common-2.27.jar:/home/user/.m2/repository/org/glassfish/hk2/osgi-resource-locator/1.0.1/osgi-resource-locator-1.0.1.jar:/home/user/.m2/repository/javax/ws/rs/javax.ws.rs-api/2.1/javax.ws.rs-api-2.1.jar:/home/user/.m2/repository/org/glassfish/jersey/ext/cdi/jersey-cdi1x/2.27/jersey-cdi1x-2.27.jar:/home/user/.m2/repository/org/glassfish/jersey/inject/jersey-hk2/2.27/jersey-hk2-2.27.jar:/home/user/.m2/repository/org/glassfish/hk2/hk2-locator/2.5.0-b42/hk2-locator-2.5.0-b42.jar:/home/user/.m2/repository/org/javassist/javassist/3.22.0-CR2/javassist-3.22.0-CR2.jar:/home/user/.m2/repository/org/glassfish/hk2/hk2-api/2.5.0/hk2-api-2.5.0.jar:/home/user/.m2/repository/org/glassfish/hk2/external/jakarta.inject/2.5.0/jakarta.inject-2.5.0.jar:/home/user/.m2/repository/org/glassfish/hk2/hk2-utils/2.5.0/hk2-utils-2.5.0.jar:/home/user/.m2/repository/jakarta/annotation/jakarta.annotation-api/1.3.4/jakarta.annotation-api-1.3.4.jar:/home/user/.m2/repository/org/glassfish/hk2/external/aopalliance-repackaged/2.5.0/aopalliance-repackaged-2.5.0.jar:/home/user/.m2/repository/com/fasterxml/jackson/dataformat/jackson-dataformat-xml/2.9.0/jackson-dataformat-xml-2.9.0.jar:/home/user/.m2/repository/com/fasterxml/jackson/core/jackson-core/2.9.9/jackson-core-2.9.9.jar:/home/user/.m2/repository/com/fasterxml/jackson/module/jackson-module-jaxb-annotations/2.9.9/jackson-module-jaxb-annotations-2.9.9.jar:/home/user/.m2/repository/javax/enterprise/cdi-api/1.2/cdi-api-1.2.jar:/home/user/.m2/repository/javax/el/javax.el-api/3.0.0/javax.el-api-3.0.0.jar:/home/user/.m2/repository/javax/interceptor/javax.interceptor-api/1.2/javax.interceptor-api-1.2.jar:/home/user/.m2/repository/javax/inject/javax.inject/1/javax.inject-1.jar:/home/user/.m2/repository/com/sun/xml/bind/jaxb-impl/2.3.0.1/jaxb-impl-2.3.0.1.jar:/home/user/.m2/repository/com/sun/xml/bind/jaxb-core/2.3.0.1/jaxb-core-2.3.0.1.jar:/home/user/.m2/repository/javax/xml/bind/jaxb-api/2.3.0/jaxb-api-2.3.0.jar:/home/user/.m2/repository/javax/activation/activation/1.1.1/activation-1.1.1.jar:/home/user/.m2/repository/org/apache/hadoop/hadoop-ozone-csi/0.5.0-SNAPSHOT/hadoop-ozone-csi-0.5.0-SNAPSHOT.jar:/home/user/.m2/repository/com/google/protobuf/protobuf-java-util/3.5.1/protobuf-java-util-3.5.1.jar:/home/user/.m2/repository/org/apache/hadoop/hadoop-hdds-config/0.5.0-SNAPSHOT/hadoop-hdds-config-0.5.0-SNAPSHOT.jar:/home/user/.m2/repository/io/grpc/grpc-netty/1.17.1/grpc-netty-1.17.1.jar:/home/user/.m2/repository/io/grpc/grpc-core/1.17.1/grpc-core-1.17.1.jar:/home/user/.m2/repository/io/grpc/grpc-context/1.17.1/grpc-context-1.17.1.jar:/home/user/.m2/repository/com/google/errorprone/error_prone_annotations/2.2.0/error_prone_annotations-2.2.0.jar:/home/user/.m2/repository/org/codehaus/mojo/animal-sniffer-annotations/1.17/animal-sniffer-annotations-1.17.jar:/home/user/.m2/repository/io/opencensus/opencensus-api/0.17.0/opencensus-api-0.17.0.jar:/home/user/.m2/repository/io/opencensus/opencensus-contrib-grpc-metrics/0.17.0/opencensus-contrib-grpc-metrics-0.17.0.jar:/home/user/.m2/repository/io/netty/netty-codec-http2/4.1.30.Final/netty-codec-http2-4.1.30.Final.jar:/home/user/.m2/repository/io/netty/netty-codec-http/4.1.30.Final/netty-codec-http-4.1.30.Final.jar:/home/user/.m2/repository/io/netty/netty-codec/4.1.30.Final/netty-codec-4.1.30.Final.jar:/home/user/.m2/repository/io/netty/netty-handler/4.1.30.Final/netty-handler-4.1.30.Final.jar:/home/user/.m2/repository/io/netty/netty-handler-proxy/4.1.30.Final/netty-handler-proxy-4.1.30.Final.jar:/home/user/.m2/repository/io/netty/netty-codec-socks/4.1.30.Final/netty-codec-socks-4.1.30.Final.jar:/home/user/.m2/repository/io/netty/netty-transport-native-epoll/4.1.30.Final/netty-transport-native-epoll-4.1.30.Final.jar:/home/user/.m2/repository/io/netty/netty-common/4.1.30.Final/netty-common-4.1.30.Final.jar:/home/user/.m2/repository/io/netty/netty-buffer/4.1.30.Final/netty-buffer-4.1.30.Final.jar:/home/user/.m2/repository/io/netty/netty-transport/4.1.30.Final/netty-transport-4.1.30.Final.jar:/home/user/.m2/repository/io/netty/netty-resolver/4.1.30.Final/netty-resolver-4.1.30.Final.jar:/home/user/.m2/repository/io/netty/netty-transport-native-unix-common/4.1.30.Final/netty-transport-native-unix-common-4.1.30.Final.jar:/home/user/.m2/repository/io/grpc/grpc-protobuf/1.17.1/grpc-protobuf-1.17.1.jar:/home/user/.m2/repository/com/google/api/grpc/proto-google-common-protos/1.0.0/proto-google-common-protos-1.0.0.jar:/home/user/.m2/repository/io/grpc/grpc-protobuf-lite/1.17.1/grpc-protobuf-lite-1.17.1.jar:/home/user/.m2/repository/io/grpc/grpc-stub/1.17.1/grpc-stub-1.17.1.jar:/home/user/.m2/repository/org/apache/hadoop/hadoop-ozone-recon/0.5.0-SNAPSHOT/hadoop-ozone-recon-0.5.0-SNAPSHOT.jar:/home/user/.m2/repository/org/apache/hadoop/hadoop-ozone-reconcodegen/0.5.0-SNAPSHOT/hadoop-ozone-reconcodegen-0.5.0-SNAPSHOT.jar:/home/user/.m2/repository/com/google/inject/extensions/guice-multibindings/4.0/guice-multibindings-4.0.jar:/home/user/.m2/repository/com/google/inject/guice/4.0/guice-4.0.jar:/home/user/.m2/repository/aopalliance/aopalliance/1.0/aopalliance-1.0.jar:/home/user/.m2/repository/com/google/inject/extensions/guice-servlet/4.0/guice-servlet-4.0.jar:/home/user/.m2/repository/org/glassfish/jersey/containers/jersey-container-servlet/2.27/jersey-container-servlet-2.27.jar:/home/user/.m2/repository/org/glassfish/hk2/guice-bridge/2.5.0/guice-bridge-2.5.0.jar:/home/user/.m2/repository/org/glassfish/jersey/core/jersey-server/2.27/jersey-server-2.27.jar:/home/user/.m2/repository/org/glassfish/jersey/core/jersey-client/2.27/jersey-client-2.27.jar:/home/user/.m2/repository/org/glassfish/jersey/media/jersey-media-jaxb/2.27/jersey-media-jaxb-2.27.jar:/home/user/.m2/repository/javax/validation/validation-api/1.1.0.Final/validation-api-1.1.0.Final.jar:/home/user/.m2/repository/org/glassfish/jersey/media/jersey-media-json-jackson/2.27/jersey-media-json-jackson-2.27.jar:/home/user/.m2/repository/org/glassfish/jersey/ext/jersey-entity-filtering/2.27/jersey-entity-filtering-2.27.jar:/home/user/.m2/repository/com/google/inject/extensions/guice-assistedinject/4.0/guice-assistedinject-4.0.jar:/home/user/.m2/repository/org/jooq/jooq/3.11.10/jooq-3.11.10.jar:/home/user/.m2/repository/org/jooq/jooq-meta/3.11.10/jooq-meta-3.11.10.jar:/home/user/.m2/repository/org/jooq/jooq-codegen/3.11.10/jooq-codegen-3.11.10.jar:/home/user/.m2/repository/com/jolbox/bonecp/0.8.0.RELEASE/bonecp-0.8.0.RELEASE.jar:/home/user/.m2/repository/org/xerial/sqlite-jdbc/3.25.2/sqlite-jdbc-3.25.2.jar:/home/user/.m2/repository/org/springframework/spring-jdbc/5.1.3.RELEASE/spring-jdbc-5.1.3.RELEASE.jar:/home/user/.m2/repository/org/springframework/spring-beans/5.1.3.RELEASE/spring-beans-5.1.3.RELEASE.jar:/home/user/.m2/repository/org/springframework/spring-core/5.1.3.RELEASE/spring-core-5.1.3.RELEASE.jar:/home/user/.m2/repository/org/springframework/spring-jcl/5.1.3.RELEASE/spring-jcl-5.1.3.RELEASE.jar:/home/user/.m2/repository/org/springframework/spring-tx/5.1.3.RELEASE/spring-tx-5.1.3.RELEASE.jar:/home/user/.m2/repository/org/apache/hadoop/hadoop-ozone-client/0.5.0-SNAPSHOT/hadoop-ozone-client-0.5.0-SNAPSHOT.jar:/home/user/.m2/repository/commons-lang/commons-lang/2.6/commons-lang-2.6.jar:/home/user/.m2/repository/org/apache/hadoop/hadoop-ozone-ozone-manager/0.5.0-SNAPSHOT/hadoop-ozone-ozone-manager-0.5.0-SNAPSHOT-tests.jar:/home/user/.m2/repository/junit/junit/4.11/junit-4.11.jar:/home/user/.m2/repository/org/hamcrest/hamcrest-core/1.3/hamcrest-core-1.3.jar:/home/user/.m2/repository/org/openjdk/jmh/jmh-core/1.19/jmh-core-1.19.jar:/home/user/.m2/repository/net/sf/jopt-simple/jopt-simple/4.6/jopt-simple-4.6.jar:/home/user/.m2/repository/org/apache/commons/commons-math3/3.1.1/commons-math3-3.1.1.jar:/home/user/.m2/repository/org/openjdk/jmh/jmh-generator-annprocess/1.19/jmh-generator-annprocess-1.19.jar:/home/user/.m2/repository/org/mockito/mockito-all/1.8.5/mockito-all-1.8.5.jar:/home/user/.m2/repository/org/apache/hadoop/hadoop-kms/3.2.0/hadoop-kms-3.2.0.jar:/home/user/.m2/repository/org/apache/hadoop/hadoop-auth/3.2.0/hadoop-auth-3.2.0.jar:/home/user/.m2/repository/com/nimbusds/nimbus-jose-jwt/4.41.1/nimbus-jose-jwt-4.41.1.jar:/home/user/.m2/repository/com/github/stephenc/jcip/jcip-annotations/1.0-1/jcip-annotations-1.0-1.jar:/home/user/.m2/repository/net/minidev/json-smart/2.3/json-smart-2.3.jar:/home/user/.m2/repository/net/minidev/accessors-smart/1.2/accessors-smart-1.2.jar:/home/user/.m2/repository/org/ow2/asm/asm/5.0.4/asm-5.0.4.jar:/home/user/.m2/repository/org/apache/curator/curator-framework/2.12.0/curator-framework-2.12.0.jar:/home/user/.m2/repository/com/sun/jersey/jersey-core/1.19/jersey-core-1.19.jar:/home/user/.m2/repository/javax/ws/rs/jsr311-api/1.1.1/jsr311-api-1.1.1.jar:/home/user/.m2/repository/com/sun/jersey/jersey-server/1.19/jersey-server-1.19.jar:/home/user/.m2/repository/javax/servlet/javax.servlet-api/3.1.0/javax.servlet-api-3.1.0.jar:/home/user/.m2/repository/org/eclipse/jetty/jetty-server/9.3.25.v20180904/jetty-server-9.3.25.v20180904.jar:/home/user/.m2/repository/org/eclipse/jetty/jetty-http/9.3.25.v20180904/jetty-http-9.3.25.v20180904.jar:/home/user/.m2/repository/org/eclipse/jetty/jetty-io/9.3.25.v20180904/jetty-io-9.3.25.v20180904.jar:/home/user/.m2/repository/org/eclipse/jetty/jetty-webapp/9.3.25.v20180904/jetty-webapp-9.3.25.v20180904.jar:/home/user/.m2/repository/org/eclipse/jetty/jetty-xml/9.3.25.v20180904/jetty-xml-9.3.25.v20180904.jar:/home/user/.m2/repository/log4j/log4j/1.2.17/log4j-1.2.17.jar:/home/user/.m2/repository/org/slf4j/slf4j-api/1.7.25/slf4j-api-1.7.25.jar:/home/user/.m2/repository/org/slf4j/jul-to-slf4j/1.7.25/jul-to-slf4j-1.7.25.jar:/home/user/.m2/repository/org/eclipse/jetty/jetty-util/9.3.25.v20180904/jetty-util-9.3.25.v20180904.jar:/home/user/.m2/repository/com/fasterxml/jackson/core/jackson-databind/2.9.9/jackson-databind-2.9.9.jar:/home/user/.m2/repository/org/apache/hadoop/hadoop-kms/3.2.0/hadoop-kms-3.2.0-tests.jar:/home/user/.m2/repository/org/apache/hadoop/hadoop-hdds-server-scm/0.5.0-SNAPSHOT/hadoop-hdds-server-scm-0.5.0-SNAPSHOT-tests.jar:/home/user/.m2/repository/org/apache/hadoop/hadoop-hdds-container-service/0.5.0-SNAPSHOT/hadoop-hdds-container-service-0.5.0-SNAPSHOT-tests.jar:/home/user/.m2/repository/org/yaml/snakeyaml/1.16/snakeyaml-1.16.jar:/home/user/.m2/repository/org/apache/hadoop/hadoop-common/3.2.0/hadoop-common-3.2.0-tests.jar:/home/user/.m2/repository/org/apache/hadoop/hadoop-annotations/3.2.0/hadoop-annotations-3.2.0.jar:/usr/lib/jvm/java-1.8.0-openjdk-1.8.0.222.b10-1.el7_7.x86_64/jre/../lib/tools.jar:/home/user/.m2/repository/commons-cli/commons-cli/1.2/commons-cli-1.2.jar:/home/user/.m2/repository/org/apache/httpcomponents/httpclient/4.5.2/httpclient-4.5.2.jar:/home/user/.m2/repository/org/apache/httpcomponents/httpcore/4.4.4/httpcore-4.4.4.jar:/home/user/.m2/repository/commons-codec/commons-codec/1.11/commons-codec-1.11.jar:/home/user/.m2/repository/commons-net/commons-net/3.6/commons-net-3.6.jar:/home/user/.m2/repository/commons-collections/commons-collections/3.2.2/commons-collections-3.2.2.jar:/home/user/.m2/repository/org/eclipse/jetty/jetty-servlet/9.3.25.v20180904/jetty-servlet-9.3.25.v20180904.jar:/home/user/.m2/repository/org/eclipse/jetty/jetty-security/9.3.25.v20180904/jetty-security-9.3.25.v20180904.jar:/home/user/.m2/repository/javax/servlet/jsp/jsp-api/2.1/jsp-api-2.1.jar:/home/user/.m2/repository/com/sun/jersey/jersey-servlet/1.19/jersey-servlet-1.19.jar:/home/user/.m2/repository/com/sun/jersey/jersey-json/1.19/jersey-json-1.19.jar:/home/user/.m2/repository/org/codehaus/jettison/jettison/1.1/jettison-1.1.jar:/home/user/.m2/repository/org/codehaus/jackson/jackson-core-asl/1.9.13/jackson-core-asl-1.9.13.jar:/home/user/.m2/repository/org/codehaus/jackson/jackson-mapper-asl/1.9.13/jackson-mapper-asl-1.9.13.jar:/home/user/.m2/repository/org/codehaus/jackson/jackson-jaxrs/1.9.13/jackson-jaxrs-1.9.13.jar:/home/user/.m2/repository/org/codehaus/jackson/jackson-xc/1.9.13/jackson-xc-1.9.13.jar:/home/user/.m2/repository/commons-logging/commons-logging/1.1.3/commons-logging-1.1.3.jar:/home/user/.m2/repository/commons-beanutils/commons-beanutils/1.9.4/commons-beanutils-1.9.4.jar:/home/user/.m2/repository/org/apache/commons/commons-configuration2/2.1.1/commons-configuration2-2.1.1.jar:/home/user/.m2/repository/org/apache/commons/commons-lang3/3.7/commons-lang3-3.7.jar:/home/user/.m2/repository/org/apache/commons/commons-text/1.4/commons-text-1.4.jar:/home/user/.m2/repository/org/apache/avro/avro/1.7.7/avro-1.7.7.jar:/home/user/.m2/repository/com/thoughtworks/paranamer/paranamer/2.3/paranamer-2.3.jar:/home/user/.m2/repository/org/xerial/snappy/snappy-java/1.0.5/snappy-java-1.0.5.jar:/home/user/.m2/repository/com/google/re2j/re2j/1.1/re2j-1.1.jar:/home/user/.m2/repository/com/google/code/gson/gson/2.2.4/gson-2.2.4.jar:/home/user/.m2/repository/com/jcraft/jsch/0.1.54/jsch-0.1.54.jar:/home/user/.m2/repository/org/apache/curator/curator-client/2.12.0/curator-client-2.12.0.jar:/home/user/.m2/repository/org/apache/curator/curator-recipes/2.12.0/curator-recipes-2.12.0.jar:/home/user/.m2/repository/com/google/code/findbugs/jsr305/3.0.0/jsr305-3.0.0.jar:/home/user/.m2/repository/org/apache/htrace/htrace-core4/4.1.0-incubating/htrace-core4-4.1.0-incubating.jar:/home/user/.m2/repository/org/apache/zookeeper/zookeeper/3.4.13/zookeeper-3.4.13.jar:/home/user/.m2/repository/jline/jline/0.9.94/jline-0.9.94.jar:/home/user/.m2/repository/org/apache/yetus/audience-annotations/0.5.0/audience-annotations-0.5.0.jar:/home/user/.m2/repository/org/codehaus/woodstox/stax2-api/3.1.4/stax2-api-3.1.4.jar:/home/user/.m2/repository/com/fasterxml/woodstox/woodstox-core/5.0.3/woodstox-core-5.0.3.jar:/home/user/.m2/repository/dnsjava/dnsjava/2.1.7/dnsjava-2.1.7.jar:/home/user/.m2/repository/org/apache/hadoop/hadoop-hdfs/3.2.0/hadoop-hdfs-3.2.0-tests.jar:/home/user/.m2/repository/org/eclipse/jetty/jetty-util-ajax/9.3.25.v20180904/jetty-util-ajax-9.3.25.v20180904.jar:/home/user/.m2/repository/commons-daemon/commons-daemon/1.0.13/commons-daemon-1.0.13.jar:/home/user/.m2/repository/io/netty/netty/3.10.5.Final/netty-3.10.5.Final.jar:/home/user/.m2/repository/io/netty/netty-all/4.0.52.Final/netty-all-4.0.52.Final.jar:/home/user/.m2/repository/org/fusesource/leveldbjni/leveldbjni-all/1.8/leveldbjni-all-1.8.jar:"/>
    <property name="java.vm.vendor" value="Oracle Corporation"/>
    <property name="sun.arch.data.model" value="64"/>
    <property name="test.build.dir" value="/workdir/hadoop-ozone/integration-test/target/test-dir"/>
    <property name="test.cache.data" value=""/>
    <property name="java.vendor.url" value="http://java.oracle.com/"/>
    <property name="user.timezone" value=""/>
    <property name="java.vm.specification.version" value="1.8"/>
    <property name="os.name" value="Linux"/>
    <property name="test.build.data" value="/workdir/hadoop-ozone/integration-test/target/test-dir"/>
    <property name="user.country" value="US"/>
    <property name="sun.java.launcher" value="SUN_STANDARD"/>
    <property name="sun.boot.library.path" value="/usr/lib/jvm/java-1.8.0-openjdk-1.8.0.222.b10-1.el7_7.x86_64/jre/lib/amd64"/>
    <property name="sun.java.command" value="/workdir/hadoop-ozone/integration-test/target/surefire/surefirebooter7660419144950669892.jar /workdir/hadoop-ozone/integration-test/target/surefire 2019-10-18T10-59-13_807-jvmRun1 surefire730824960279436529tmp surefire_217153073454132158548tmp"/>
    <property name="surefire.test.class.path" value="/workdir/hadoop-ozone/integration-test/target/test-classes:/workdir/hadoop-ozone/integration-test/target/classes:/home/user/.m2/repository/org/apache/hadoop/hadoop-ozone-common/0.5.0-SNAPSHOT/hadoop-ozone-common-0.5.0-SNAPSHOT.jar:/home/user/.m2/repository/org/apache/commons/commons-compress/1.4.1/commons-compress-1.4.1.jar:/home/user/.m2/repository/org/tukaani/xz/1.0/xz-1.0.jar:/home/user/.m2/repository/org/apache/hadoop/hadoop-common/3.2.0/hadoop-common-3.2.0.jar:/home/user/.m2/repository/org/apache/hadoop/hadoop-hdfs/3.2.0/hadoop-hdfs-3.2.0.jar:/home/user/.m2/repository/org/apache/hadoop/hadoop-hdfs-client/3.2.0/hadoop-hdfs-client-3.2.0.jar:/home/user/.m2/repository/com/fasterxml/jackson/core/jackson-annotations/2.9.9/jackson-annotations-2.9.9.jar:/home/user/.m2/repository/org/apache/hadoop/hadoop-hdds-common/0.5.0-SNAPSHOT/hadoop-hdds-common-0.5.0-SNAPSHOT.jar:/home/user/.m2/repository/javax/annotation/javax.annotation-api/1.2/javax.annotation-api-1.2.jar:/home/user/.m2/repository/org/apache/ratis/ratis-server/0.5.0-3f446aa-SNAPSHOT/ratis-server-0.5.0-3f446aa-SNAPSHOT.jar:/home/user/.m2/repository/org/apache/ratis/ratis-thirdparty-misc/0.2.0/ratis-thirdparty-misc-0.2.0.jar:/home/user/.m2/repository/org/apache/ratis/ratis-proto/0.5.0-3f446aa-SNAPSHOT/ratis-proto-0.5.0-3f446aa-SNAPSHOT.jar:/home/user/.m2/repository/org/apache/ratis/ratis-common/0.5.0-3f446aa-SNAPSHOT/ratis-common-0.5.0-3f446aa-SNAPSHOT.jar:/home/user/.m2/repository/org/apache/ratis/ratis-client/0.5.0-3f446aa-SNAPSHOT/ratis-client-0.5.0-3f446aa-SNAPSHOT.jar:/home/user/.m2/repository/org/apache/ratis/ratis-metrics/0.5.0-3f446aa-SNAPSHOT/ratis-metrics-0.5.0-3f446aa-SNAPSHOT.jar:/home/user/.m2/repository/com/github/joshelser/dropwizard-metrics-hadoop-metrics2-reporter/0.1.2/dropwizard-metrics-hadoop-metrics2-reporter-0.1.2.jar:/home/user/.m2/repository/io/dropwizard/metrics/metrics-jvm/3.2.5/metrics-jvm-3.2.5.jar:/home/user/.m2/repository/io/dropwizard/metrics/metrics-ganglia/3.2.5/metrics-ganglia-3.2.5.jar:/home/user/.m2/repository/info/ganglia/gmetric4j/gmetric4j/1.0.7/gmetric4j-1.0.7.jar:/home/user/.m2/repository/org/apache/ratis/ratis-netty/0.5.0-3f446aa-SNAPSHOT/ratis-netty-0.5.0-3f446aa-SNAPSHOT.jar:/home/user/.m2/repository/org/apache/ratis/ratis-grpc/0.5.0-3f446aa-SNAPSHOT/ratis-grpc-0.5.0-3f446aa-SNAPSHOT.jar:/home/user/.m2/repository/org/rocksdb/rocksdbjni/6.0.1/rocksdbjni-6.0.1.jar:/home/user/.m2/repository/org/apache/logging/log4j/log4j-api/2.11.0/log4j-api-2.11.0.jar:/home/user/.m2/repository/org/apache/logging/log4j/log4j-core/2.11.0/log4j-core-2.11.0.jar:/home/user/.m2/repository/com/lmax/disruptor/3.4.2/disruptor-3.4.2.jar:/home/user/.m2/repository/org/apache/commons/commons-pool2/2.6.0/commons-pool2-2.6.0.jar:/home/user/.m2/repository/org/bouncycastle/bcpkix-jdk15on/1.60/bcpkix-jdk15on-1.60.jar:/home/user/.m2/repository/commons-validator/commons-validator/1.6/commons-validator-1.6.jar:/home/user/.m2/repository/commons-digester/commons-digester/1.8.1/commons-digester-1.8.1.jar:/home/user/.m2/repository/io/jaegertracing/jaeger-client/0.34.0/jaeger-client-0.34.0.jar:/home/user/.m2/repository/io/jaegertracing/jaeger-thrift/0.34.0/jaeger-thrift-0.34.0.jar:/home/user/.m2/repository/org/apache/thrift/libthrift/0.12.0/libthrift-0.12.0.jar:/home/user/.m2/repository/com/squareup/okhttp3/okhttp/3.9.0/okhttp-3.9.0.jar:/home/user/.m2/repository/com/squareup/okio/okio/1.13.0/okio-1.13.0.jar:/home/user/.m2/repository/io/jaegertracing/jaeger-core/0.34.0/jaeger-core-0.34.0.jar:/home/user/.m2/repository/io/jaegertracing/jaeger-tracerresolver/0.34.0/jaeger-tracerresolver-0.34.0.jar:/home/user/.m2/repository/io/opentracing/contrib/opentracing-tracerresolver/0.1.5/opentracing-tracerresolver-0.1.5.jar:/home/user/.m2/repository/io/opentracing/opentracing-util/0.31.0/opentracing-util-0.31.0.jar:/home/user/.m2/repository/io/opentracing/opentracing-api/0.31.0/opentracing-api-0.31.0.jar:/home/user/.m2/repository/io/opentracing/opentracing-noop/0.31.0/opentracing-noop-0.31.0.jar:/home/user/.m2/repository/org/apache/hadoop/hadoop-hdds-server-framework/0.5.0-SNAPSHOT/hadoop-hdds-server-framework-0.5.0-SNAPSHOT.jar:/home/user/.m2/repository/org/apache/hadoop/hadoop-hdds-container-service/0.5.0-SNAPSHOT/hadoop-hdds-container-service-0.5.0-SNAPSHOT.jar:/home/user/.m2/repository/org/apache/hadoop/hadoop-hdds-client/0.5.0-SNAPSHOT/hadoop-hdds-client-0.5.0-SNAPSHOT.jar:/home/user/.m2/repository/org/apache/hadoop/hadoop-hdds-tools/0.5.0-SNAPSHOT/hadoop-hdds-tools-0.5.0-SNAPSHOT.jar:/home/user/.m2/repository/org/apache/hadoop/hadoop-hdds-server-scm/0.5.0-SNAPSHOT/hadoop-hdds-server-scm-0.5.0-SNAPSHOT.jar:/home/user/.m2/repository/org/apache/hadoop/hadoop-hdds-docs/0.5.0-SNAPSHOT/hadoop-hdds-docs-0.5.0-SNAPSHOT.jar:/home/user/.m2/repository/io/dropwizard/metrics/metrics-core/3.2.4/metrics-core-3.2.4.jar:/home/user/.m2/repository/org/hamcrest/hamcrest-all/1.3/hamcrest-all-1.3.jar:/home/user/.m2/repository/org/bouncycastle/bcprov-jdk15on/1.60/bcprov-jdk15on-1.60.jar:/home/user/.m2/repository/info/picocli/picocli/3.9.6/picocli-3.9.6.jar:/home/user/.m2/repository/com/google/protobuf/protobuf-java/2.5.0/protobuf-java-2.5.0.jar:/home/user/.m2/repository/com/google/guava/guava/11.0.2/guava-11.0.2.jar:/home/user/.m2/repository/org/apache/hadoop/hadoop-ozone-ozone-manager/0.5.0-SNAPSHOT/hadoop-ozone-ozone-manager-0.5.0-SNAPSHOT.jar:/home/user/.m2/repository/org/apache/hadoop/hadoop-minikdc/3.2.0/hadoop-minikdc-3.2.0.jar:/home/user/.m2/repository/commons-io/commons-io/2.5/commons-io-2.5.jar:/home/user/.m2/repository/org/apache/kerby/kerb-simplekdc/1.0.1/kerb-simplekdc-1.0.1.jar:/home/user/.m2/repository/org/apache/kerby/kerb-client/1.0.1/kerb-client-1.0.1.jar:/home/user/.m2/repository/org/apache/kerby/kerby-config/1.0.1/kerby-config-1.0.1.jar:/home/user/.m2/repository/org/apache/kerby/kerb-core/1.0.1/kerb-core-1.0.1.jar:/home/user/.m2/repository/org/apache/kerby/kerby-pkix/1.0.1/kerby-pkix-1.0.1.jar:/home/user/.m2/repository/org/apache/kerby/kerby-asn1/1.0.1/kerby-asn1-1.0.1.jar:/home/user/.m2/repository/org/apache/kerby/kerby-util/1.0.1/kerby-util-1.0.1.jar:/home/user/.m2/repository/org/apache/kerby/kerb-common/1.0.1/kerb-common-1.0.1.jar:/home/user/.m2/repository/org/apache/kerby/kerb-crypto/1.0.1/kerb-crypto-1.0.1.jar:/home/user/.m2/repository/org/apache/kerby/kerb-util/1.0.1/kerb-util-1.0.1.jar:/home/user/.m2/repository/org/apache/kerby/token-provider/1.0.1/token-provider-1.0.1.jar:/home/user/.m2/repository/org/apache/kerby/kerb-admin/1.0.1/kerb-admin-1.0.1.jar:/home/user/.m2/repository/org/apache/kerby/kerb-server/1.0.1/kerb-server-1.0.1.jar:/home/user/.m2/repository/org/apache/kerby/kerb-identity/1.0.1/kerb-identity-1.0.1.jar:/home/user/.m2/repository/org/apache/kerby/kerby-xdr/1.0.1/kerby-xdr-1.0.1.jar:/home/user/.m2/repository/org/slf4j/slf4j-log4j12/1.7.25/slf4j-log4j12-1.7.25.jar:/home/user/.m2/repository/org/apache/hadoop/hadoop-ozone-s3gateway/0.5.0-SNAPSHOT/hadoop-ozone-s3gateway-0.5.0-SNAPSHOT.jar:/home/user/.m2/repository/org/jboss/weld/servlet/weld-servlet/2.4.7.Final/weld-servlet-2.4.7.Final.jar:/home/user/.m2/repository/org/glassfish/jersey/containers/jersey-container-servlet-core/2.27/jersey-container-servlet-core-2.27.jar:/home/user/.m2/repository/org/glassfish/hk2/external/javax.inject/2.5.0-b42/javax.inject-2.5.0-b42.jar:/home/user/.m2/repository/org/glassfish/jersey/core/jersey-common/2.27/jersey-common-2.27.jar:/home/user/.m2/repository/org/glassfish/hk2/osgi-resource-locator/1.0.1/osgi-resource-locator-1.0.1.jar:/home/user/.m2/repository/javax/ws/rs/javax.ws.rs-api/2.1/javax.ws.rs-api-2.1.jar:/home/user/.m2/repository/org/glassfish/jersey/ext/cdi/jersey-cdi1x/2.27/jersey-cdi1x-2.27.jar:/home/user/.m2/repository/org/glassfish/jersey/inject/jersey-hk2/2.27/jersey-hk2-2.27.jar:/home/user/.m2/repository/org/glassfish/hk2/hk2-locator/2.5.0-b42/hk2-locator-2.5.0-b42.jar:/home/user/.m2/repository/org/javassist/javassist/3.22.0-CR2/javassist-3.22.0-CR2.jar:/home/user/.m2/repository/org/glassfish/hk2/hk2-api/2.5.0/hk2-api-2.5.0.jar:/home/user/.m2/repository/org/glassfish/hk2/external/jakarta.inject/2.5.0/jakarta.inject-2.5.0.jar:/home/user/.m2/repository/org/glassfish/hk2/hk2-utils/2.5.0/hk2-utils-2.5.0.jar:/home/user/.m2/repository/jakarta/annotation/jakarta.annotation-api/1.3.4/jakarta.annotation-api-1.3.4.jar:/home/user/.m2/repository/org/glassfish/hk2/external/aopalliance-repackaged/2.5.0/aopalliance-repackaged-2.5.0.jar:/home/user/.m2/repository/com/fasterxml/jackson/dataformat/jackson-dataformat-xml/2.9.0/jackson-dataformat-xml-2.9.0.jar:/home/user/.m2/repository/com/fasterxml/jackson/core/jackson-core/2.9.9/jackson-core-2.9.9.jar:/home/user/.m2/repository/com/fasterxml/jackson/module/jackson-module-jaxb-annotations/2.9.9/jackson-module-jaxb-annotations-2.9.9.jar:/home/user/.m2/repository/javax/enterprise/cdi-api/1.2/cdi-api-1.2.jar:/home/user/.m2/repository/javax/el/javax.el-api/3.0.0/javax.el-api-3.0.0.jar:/home/user/.m2/repository/javax/interceptor/javax.interceptor-api/1.2/javax.interceptor-api-1.2.jar:/home/user/.m2/repository/javax/inject/javax.inject/1/javax.inject-1.jar:/home/user/.m2/repository/com/sun/xml/bind/jaxb-impl/2.3.0.1/jaxb-impl-2.3.0.1.jar:/home/user/.m2/repository/com/sun/xml/bind/jaxb-core/2.3.0.1/jaxb-core-2.3.0.1.jar:/home/user/.m2/repository/javax/xml/bind/jaxb-api/2.3.0/jaxb-api-2.3.0.jar:/home/user/.m2/repository/javax/activation/activation/1.1.1/activation-1.1.1.jar:/home/user/.m2/repository/org/apache/hadoop/hadoop-ozone-csi/0.5.0-SNAPSHOT/hadoop-ozone-csi-0.5.0-SNAPSHOT.jar:/home/user/.m2/repository/com/google/protobuf/protobuf-java-util/3.5.1/protobuf-java-util-3.5.1.jar:/home/user/.m2/repository/org/apache/hadoop/hadoop-hdds-config/0.5.0-SNAPSHOT/hadoop-hdds-config-0.5.0-SNAPSHOT.jar:/home/user/.m2/repository/io/grpc/grpc-netty/1.17.1/grpc-netty-1.17.1.jar:/home/user/.m2/repository/io/grpc/grpc-core/1.17.1/grpc-core-1.17.1.jar:/home/user/.m2/repository/io/grpc/grpc-context/1.17.1/grpc-context-1.17.1.jar:/home/user/.m2/repository/com/google/errorprone/error_prone_annotations/2.2.0/error_prone_annotations-2.2.0.jar:/home/user/.m2/repository/org/codehaus/mojo/animal-sniffer-annotations/1.17/animal-sniffer-annotations-1.17.jar:/home/user/.m2/repository/io/opencensus/opencensus-api/0.17.0/opencensus-api-0.17.0.jar:/home/user/.m2/repository/io/opencensus/opencensus-contrib-grpc-metrics/0.17.0/opencensus-contrib-grpc-metrics-0.17.0.jar:/home/user/.m2/repository/io/netty/netty-codec-http2/4.1.30.Final/netty-codec-http2-4.1.30.Final.jar:/home/user/.m2/repository/io/netty/netty-codec-http/4.1.30.Final/netty-codec-http-4.1.30.Final.jar:/home/user/.m2/repository/io/netty/netty-codec/4.1.30.Final/netty-codec-4.1.30.Final.jar:/home/user/.m2/repository/io/netty/netty-handler/4.1.30.Final/netty-handler-4.1.30.Final.jar:/home/user/.m2/repository/io/netty/netty-handler-proxy/4.1.30.Final/netty-handler-proxy-4.1.30.Final.jar:/home/user/.m2/repository/io/netty/netty-codec-socks/4.1.30.Final/netty-codec-socks-4.1.30.Final.jar:/home/user/.m2/repository/io/netty/netty-transport-native-epoll/4.1.30.Final/netty-transport-native-epoll-4.1.30.Final.jar:/home/user/.m2/repository/io/netty/netty-common/4.1.30.Final/netty-common-4.1.30.Final.jar:/home/user/.m2/repository/io/netty/netty-buffer/4.1.30.Final/netty-buffer-4.1.30.Final.jar:/home/user/.m2/repository/io/netty/netty-transport/4.1.30.Final/netty-transport-4.1.30.Final.jar:/home/user/.m2/repository/io/netty/netty-resolver/4.1.30.Final/netty-resolver-4.1.30.Final.jar:/home/user/.m2/repository/io/netty/netty-transport-native-unix-common/4.1.30.Final/netty-transport-native-unix-common-4.1.30.Final.jar:/home/user/.m2/repository/io/grpc/grpc-protobuf/1.17.1/grpc-protobuf-1.17.1.jar:/home/user/.m2/repository/com/google/api/grpc/proto-google-common-protos/1.0.0/proto-google-common-protos-1.0.0.jar:/home/user/.m2/repository/io/grpc/grpc-protobuf-lite/1.17.1/grpc-protobuf-lite-1.17.1.jar:/home/user/.m2/repository/io/grpc/grpc-stub/1.17.1/grpc-stub-1.17.1.jar:/home/user/.m2/repository/org/apache/hadoop/hadoop-ozone-recon/0.5.0-SNAPSHOT/hadoop-ozone-recon-0.5.0-SNAPSHOT.jar:/home/user/.m2/repository/org/apache/hadoop/hadoop-ozone-reconcodegen/0.5.0-SNAPSHOT/hadoop-ozone-reconcodegen-0.5.0-SNAPSHOT.jar:/home/user/.m2/repository/com/google/inject/extensions/guice-multibindings/4.0/guice-multibindings-4.0.jar:/home/user/.m2/repository/com/google/inject/guice/4.0/guice-4.0.jar:/home/user/.m2/repository/aopalliance/aopalliance/1.0/aopalliance-1.0.jar:/home/user/.m2/repository/com/google/inject/extensions/guice-servlet/4.0/guice-servlet-4.0.jar:/home/user/.m2/repository/org/glassfish/jersey/containers/jersey-container-servlet/2.27/jersey-container-servlet-2.27.jar:/home/user/.m2/repository/org/glassfish/hk2/guice-bridge/2.5.0/guice-bridge-2.5.0.jar:/home/user/.m2/repository/org/glassfish/jersey/core/jersey-server/2.27/jersey-server-2.27.jar:/home/user/.m2/repository/org/glassfish/jersey/core/jersey-client/2.27/jersey-client-2.27.jar:/home/user/.m2/repository/org/glassfish/jersey/media/jersey-media-jaxb/2.27/jersey-media-jaxb-2.27.jar:/home/user/.m2/repository/javax/validation/validation-api/1.1.0.Final/validation-api-1.1.0.Final.jar:/home/user/.m2/repository/org/glassfish/jersey/media/jersey-media-json-jackson/2.27/jersey-media-json-jackson-2.27.jar:/home/user/.m2/repository/org/glassfish/jersey/ext/jersey-entity-filtering/2.27/jersey-entity-filtering-2.27.jar:/home/user/.m2/repository/com/google/inject/extensions/guice-assistedinject/4.0/guice-assistedinject-4.0.jar:/home/user/.m2/repository/org/jooq/jooq/3.11.10/jooq-3.11.10.jar:/home/user/.m2/repository/org/jooq/jooq-meta/3.11.10/jooq-meta-3.11.10.jar:/home/user/.m2/repository/org/jooq/jooq-codegen/3.11.10/jooq-codegen-3.11.10.jar:/home/user/.m2/repository/com/jolbox/bonecp/0.8.0.RELEASE/bonecp-0.8.0.RELEASE.jar:/home/user/.m2/repository/org/xerial/sqlite-jdbc/3.25.2/sqlite-jdbc-3.25.2.jar:/home/user/.m2/repository/org/springframework/spring-jdbc/5.1.3.RELEASE/spring-jdbc-5.1.3.RELEASE.jar:/home/user/.m2/repository/org/springframework/spring-beans/5.1.3.RELEASE/spring-beans-5.1.3.RELEASE.jar:/home/user/.m2/repository/org/springframework/spring-core/5.1.3.RELEASE/spring-core-5.1.3.RELEASE.jar:/home/user/.m2/repository/org/springframework/spring-jcl/5.1.3.RELEASE/spring-jcl-5.1.3.RELEASE.jar:/home/user/.m2/repository/org/springframework/spring-tx/5.1.3.RELEASE/spring-tx-5.1.3.RELEASE.jar:/home/user/.m2/repository/org/apache/hadoop/hadoop-ozone-client/0.5.0-SNAPSHOT/hadoop-ozone-client-0.5.0-SNAPSHOT.jar:/home/user/.m2/repository/commons-lang/commons-lang/2.6/commons-lang-2.6.jar:/home/user/.m2/repository/org/apache/hadoop/hadoop-ozone-ozone-manager/0.5.0-SNAPSHOT/hadoop-ozone-ozone-manager-0.5.0-SNAPSHOT-tests.jar:/home/user/.m2/repository/junit/junit/4.11/junit-4.11.jar:/home/user/.m2/repository/org/hamcrest/hamcrest-core/1.3/hamcrest-core-1.3.jar:/home/user/.m2/repository/org/openjdk/jmh/jmh-core/1.19/jmh-core-1.19.jar:/home/user/.m2/repository/net/sf/jopt-simple/jopt-simple/4.6/jopt-simple-4.6.jar:/home/user/.m2/repository/org/apache/commons/commons-math3/3.1.1/commons-math3-3.1.1.jar:/home/user/.m2/repository/org/openjdk/jmh/jmh-generator-annprocess/1.19/jmh-generator-annprocess-1.19.jar:/home/user/.m2/repository/org/mockito/mockito-all/1.8.5/mockito-all-1.8.5.jar:/home/user/.m2/repository/org/apache/hadoop/hadoop-kms/3.2.0/hadoop-kms-3.2.0.jar:/home/user/.m2/repository/org/apache/hadoop/hadoop-auth/3.2.0/hadoop-auth-3.2.0.jar:/home/user/.m2/repository/com/nimbusds/nimbus-jose-jwt/4.41.1/nimbus-jose-jwt-4.41.1.jar:/home/user/.m2/repository/com/github/stephenc/jcip/jcip-annotations/1.0-1/jcip-annotations-1.0-1.jar:/home/user/.m2/repository/net/minidev/json-smart/2.3/json-smart-2.3.jar:/home/user/.m2/repository/net/minidev/accessors-smart/1.2/accessors-smart-1.2.jar:/home/user/.m2/repository/org/ow2/asm/asm/5.0.4/asm-5.0.4.jar:/home/user/.m2/repository/org/apache/curator/curator-framework/2.12.0/curator-framework-2.12.0.jar:/home/user/.m2/repository/com/sun/jersey/jersey-core/1.19/jersey-core-1.19.jar:/home/user/.m2/repository/javax/ws/rs/jsr311-api/1.1.1/jsr311-api-1.1.1.jar:/home/user/.m2/repository/com/sun/jersey/jersey-server/1.19/jersey-server-1.19.jar:/home/user/.m2/repository/javax/servlet/javax.servlet-api/3.1.0/javax.servlet-api-3.1.0.jar:/home/user/.m2/repository/org/eclipse/jetty/jetty-server/9.3.25.v20180904/jetty-server-9.3.25.v20180904.jar:/home/user/.m2/repository/org/eclipse/jetty/jetty-http/9.3.25.v20180904/jetty-http-9.3.25.v20180904.jar:/home/user/.m2/repository/org/eclipse/jetty/jetty-io/9.3.25.v20180904/jetty-io-9.3.25.v20180904.jar:/home/user/.m2/repository/org/eclipse/jetty/jetty-webapp/9.3.25.v20180904/jetty-webapp-9.3.25.v20180904.jar:/home/user/.m2/repository/org/eclipse/jetty/jetty-xml/9.3.25.v20180904/jetty-xml-9.3.25.v20180904.jar:/home/user/.m2/repository/log4j/log4j/1.2.17/log4j-1.2.17.jar:/home/user/.m2/repository/org/slf4j/slf4j-api/1.7.25/slf4j-api-1.7.25.jar:/home/user/.m2/repository/org/slf4j/jul-to-slf4j/1.7.25/jul-to-slf4j-1.7.25.jar:/home/user/.m2/repository/org/eclipse/jetty/jetty-util/9.3.25.v20180904/jetty-util-9.3.25.v20180904.jar:/home/user/.m2/repository/com/fasterxml/jackson/core/jackson-databind/2.9.9/jackson-databind-2.9.9.jar:/home/user/.m2/repository/org/apache/hadoop/hadoop-kms/3.2.0/hadoop-kms-3.2.0-tests.jar:/home/user/.m2/repository/org/apache/hadoop/hadoop-hdds-server-scm/0.5.0-SNAPSHOT/hadoop-hdds-server-scm-0.5.0-SNAPSHOT-tests.jar:/home/user/.m2/repository/org/apache/hadoop/hadoop-hdds-container-service/0.5.0-SNAPSHOT/hadoop-hdds-container-service-0.5.0-SNAPSHOT-tests.jar:/home/user/.m2/repository/org/yaml/snakeyaml/1.16/snakeyaml-1.16.jar:/home/user/.m2/repository/org/apache/hadoop/hadoop-common/3.2.0/hadoop-common-3.2.0-tests.jar:/home/user/.m2/repository/org/apache/hadoop/hadoop-annotations/3.2.0/hadoop-annotations-3.2.0.jar:/usr/lib/jvm/java-1.8.0-openjdk-1.8.0.222.b10-1.el7_7.x86_64/jre/../lib/tools.jar:/home/user/.m2/repository/commons-cli/commons-cli/1.2/commons-cli-1.2.jar:/home/user/.m2/repository/org/apache/httpcomponents/httpclient/4.5.2/httpclient-4.5.2.jar:/home/user/.m2/repository/org/apache/httpcomponents/httpcore/4.4.4/httpcore-4.4.4.jar:/home/user/.m2/repository/commons-codec/commons-codec/1.11/commons-codec-1.11.jar:/home/user/.m2/repository/commons-net/commons-net/3.6/commons-net-3.6.jar:/home/user/.m2/repository/commons-collections/commons-collections/3.2.2/commons-collections-3.2.2.jar:/home/user/.m2/repository/org/eclipse/jetty/jetty-servlet/9.3.25.v20180904/jetty-servlet-9.3.25.v20180904.jar:/home/user/.m2/repository/org/eclipse/jetty/jetty-security/9.3.25.v20180904/jetty-security-9.3.25.v20180904.jar:/home/user/.m2/repository/javax/servlet/jsp/jsp-api/2.1/jsp-api-2.1.jar:/home/user/.m2/repository/com/sun/jersey/jersey-servlet/1.19/jersey-servlet-1.19.jar:/home/user/.m2/repository/com/sun/jersey/jersey-json/1.19/jersey-json-1.19.jar:/home/user/.m2/repository/org/codehaus/jettison/jettison/1.1/jettison-1.1.jar:/home/user/.m2/repository/org/codehaus/jackson/jackson-core-asl/1.9.13/jackson-core-asl-1.9.13.jar:/home/user/.m2/repository/org/codehaus/jackson/jackson-mapper-asl/1.9.13/jackson-mapper-asl-1.9.13.jar:/home/user/.m2/repository/org/codehaus/jackson/jackson-jaxrs/1.9.13/jackson-jaxrs-1.9.13.jar:/home/user/.m2/repository/org/codehaus/jackson/jackson-xc/1.9.13/jackson-xc-1.9.13.jar:/home/user/.m2/repository/commons-logging/commons-logging/1.1.3/commons-logging-1.1.3.jar:/home/user/.m2/repository/commons-beanutils/commons-beanutils/1.9.4/commons-beanutils-1.9.4.jar:/home/user/.m2/repository/org/apache/commons/commons-configuration2/2.1.1/commons-configuration2-2.1.1.jar:/home/user/.m2/repository/org/apache/commons/commons-lang3/3.7/commons-lang3-3.7.jar:/home/user/.m2/repository/org/apache/commons/commons-text/1.4/commons-text-1.4.jar:/home/user/.m2/repository/org/apache/avro/avro/1.7.7/avro-1.7.7.jar:/home/user/.m2/repository/com/thoughtworks/paranamer/paranamer/2.3/paranamer-2.3.jar:/home/user/.m2/repository/org/xerial/snappy/snappy-java/1.0.5/snappy-java-1.0.5.jar:/home/user/.m2/repository/com/google/re2j/re2j/1.1/re2j-1.1.jar:/home/user/.m2/repository/com/google/code/gson/gson/2.2.4/gson-2.2.4.jar:/home/user/.m2/repository/com/jcraft/jsch/0.1.54/jsch-0.1.54.jar:/home/user/.m2/repository/org/apache/curator/curator-client/2.12.0/curator-client-2.12.0.jar:/home/user/.m2/repository/org/apache/curator/curator-recipes/2.12.0/curator-recipes-2.12.0.jar:/home/user/.m2/repository/com/google/code/findbugs/jsr305/3.0.0/jsr305-3.0.0.jar:/home/user/.m2/repository/org/apache/htrace/htrace-core4/4.1.0-incubating/htrace-core4-4.1.0-incubating.jar:/home/user/.m2/repository/org/apache/zookeeper/zookeeper/3.4.13/zookeeper-3.4.13.jar:/home/user/.m2/repository/jline/jline/0.9.94/jline-0.9.94.jar:/home/user/.m2/repository/org/apache/yetus/audience-annotations/0.5.0/audience-annotations-0.5.0.jar:/home/user/.m2/repository/org/codehaus/woodstox/stax2-api/3.1.4/stax2-api-3.1.4.jar:/home/user/.m2/repository/com/fasterxml/woodstox/woodstox-core/5.0.3/woodstox-core-5.0.3.jar:/home/user/.m2/repository/dnsjava/dnsjava/2.1.7/dnsjava-2.1.7.jar:/home/user/.m2/repository/org/apache/hadoop/hadoop-hdfs/3.2.0/hadoop-hdfs-3.2.0-tests.jar:/home/user/.m2/repository/org/eclipse/jetty/jetty-util-ajax/9.3.25.v20180904/jetty-util-ajax-9.3.25.v20180904.jar:/home/user/.m2/repository/commons-daemon/commons-daemon/1.0.13/commons-daemon-1.0.13.jar:/home/user/.m2/repository/io/netty/netty/3.10.5.Final/netty-3.10.5.Final.jar:/home/user/.m2/repository/io/netty/netty-all/4.0.52.Final/netty-all-4.0.52.Final.jar:/home/user/.m2/repository/org/fusesource/leveldbjni/leveldbjni-all/1.8/leveldbjni-all-1.8.jar:"/>
    <property name="sun.cpu.endian" value="little"/>
    <property name="user.home" value="/home/user"/>
    <property name="user.language" value="en"/>
    <property name="java.specification.vendor" value="Oracle Corporation"/>
    <property name="java.home" value="/usr/lib/jvm/java-1.8.0-openjdk-1.8.0.222.b10-1.el7_7.x86_64/jre"/>
    <property name="surefire.excludesFile" value="/tools/ozone-bad-unit-tests"/>
    <property name="java.security.krb5.conf" value="/workdir/hadoop-ozone/integration-test/target/test-classes/krb5.conf"/>
    <property name="basedir" value="/workdir/hadoop-ozone/integration-test"/>
    <property name="file.separator" value="/"/>
    <property name="line.separator" value="&#10;"/>
    <property name="java.vm.specification.vendor" value="Oracle Corporation"/>
    <property name="java.specification.name" value="Java Platform API Specification"/>
    <property name="java.awt.graphicsenv" value="sun.awt.X11GraphicsEnvironment"/>
    <property name="surefire.real.class.path" value="/workdir/hadoop-ozone/integration-test/target/surefire/surefirebooter7660419144950669892.jar"/>
    <property name="hadoop.log.dir" value="/workdir/hadoop-ozone/integration-test/target/log"/>
    <property name="sun.boot.class.path" value="/usr/lib/jvm/java-1.8.0-openjdk-1.8.0.222.b10-1.el7_7.x86_64/jre/lib/resources.jar:/usr/lib/jvm/java-1.8.0-openjdk-1.8.0.222.b10-1.el7_7.x86_64/jre/lib/rt.jar:/usr/lib/jvm/java-1.8.0-openjdk-1.8.0.222.b10-1.el7_7.x86_64/jre/lib/sunrsasign.jar:/usr/lib/jvm/java-1.8.0-openjdk-1.8.0.222.b10-1.el7_7.x86_64/jre/lib/jsse.jar:/usr/lib/jvm/java-1.8.0-openjdk-1.8.0.222.b10-1.el7_7.x86_64/jre/lib/jce.jar:/usr/lib/jvm/java-1.8.0-openjdk-1.8.0.222.b10-1.el7_7.x86_64/jre/lib/charsets.jar:/usr/lib/jvm/java-1.8.0-openjdk-1.8.0.222.b10-1.el7_7.x86_64/jre/lib/jfr.jar:/usr/lib/jvm/java-1.8.0-openjdk-1.8.0.222.b10-1.el7_7.x86_64/jre/classes"/>
    <property name="sun.management.compiler" value="HotSpot 64-Bit Tiered Compilers"/>
    <property name="java.runtime.version" value="1.8.0_222-b10"/>
    <property name="java.net.preferIPv4Stack" value="true"/>
    <property name="user.name" value="jenkins1000"/>
    <property name="path.separator" value=":"/>
    <property name="java.security.egd" value="file:///dev/urandom"/>
    <property name="os.version" value="3.10.0-957.12.2.el7.x86_64"/>
    <property name="java.endorsed.dirs" value="/usr/lib/jvm/java-1.8.0-openjdk-1.8.0.222.b10-1.el7_7.x86_64/jre/lib/endorsed"/>
    <property name="java.runtime.name" value="OpenJDK Runtime Environment"/>
    <property name="file.encoding" value="ANSI_X3.4-1968"/>
    <property name="java.vm.name" value="OpenJDK 64-Bit Server VM"/>
    <property name="test.build.webapps" value=""/>
    <property name="localRepository" value="/home/user/.m2/repository"/>
    <property name="java.vendor.url.bug" value="http://bugreport.sun.com/bugreport/"/>
    <property name="java.io.tmpdir" value="/tmp"/>
    <property name="require.test.libhadoop" value=""/>
    <property name="java.version" value="1.8.0_222"/>
    <property name="user.dir" value="/workdir/hadoop-ozone/integration-test"/>
    <property name="os.arch" value="amd64"/>
    <property name="java.vm.specification.name" value="Java Virtual Machine Specification"/>
    <property name="test.build.classes" value="/workdir/hadoop-ozone/integration-test/target/test-classes"/>
    <property name="java.awt.printerjob" value="sun.print.PSPrinterJob"/>
    <property name="sun.os.patch.level" value="unknown"/>
    <property name="hadoop.tmp.dir" value="/workdir/hadoop-ozone/integration-test/target/tmp"/>
    <property name="java.library.path" value="/usr/lib:/workdir/hadoop-ozone/integration-test/target/native/target/usr/local/lib:/workdir/hadoop-ozone/integration-test/../../hadoop-common-project/hadoop-common/target/native/target/usr/local/lib:/usr/java/packages/lib/amd64:/usr/lib64:/lib64:/lib:/usr/lib"/>
    <property name="java.vm.info" value="mixed mode"/>
    <property name="java.vendor" value="Oracle Corporation"/>
    <property name="java.vm.version" value="25.222-b10"/>
    <property name="java.ext.dirs" value="/usr/lib/jvm/java-1.8.0-openjdk-1.8.0.222.b10-1.el7_7.x86_64/jre/lib/ext:/usr/java/packages/lib/ext"/>
    <property name="sun.io.unicode.encoding" value="UnicodeLittle"/>
    <property name="java.class.version" value="52.0"/>
  </properties>
  <testcase name="testClientServer" classname="org.apache.hadoop.ozone.container.server.TestSecureContainerServer" time="1.445"/>
  <testcase name="testClientServerRatisNetty" classname="org.apache.hadoop.ozone.container.server.TestSecureContainerServer" time="0">
    <skipped/>
  </testcase>
  <testcase name="testClientServerRatisGrpc" classname="org.apache.hadoop.ozone.container.server.TestSecureContainerServer" time="184.339">
    <failure message="Server c652e2ee-3322-4406-8db6-1ea643cb3197@group-7E32184879DE is not the leader" type="java.lang.AssertionError">java.lang.AssertionError: Server c652e2ee-3322-4406-8db6-1ea643cb3197@group-7E32184879DE is not the leader
	at org.junit.Assert.fail(Assert.java:88)
	at org.junit.Assert.assertTrue(Assert.java:41)
	at org.apache.hadoop.ozone.container.server.TestSecureContainerServer.runTestClientServer(TestSecureContainerServer.java:212)
	at org.apache.hadoop.ozone.container.server.TestSecureContainerServer.runTestClientServerRatis(TestSecureContainerServer.java:160)
	at org.apache.hadoop.ozone.container.server.TestSecureContainerServer.testClientServerRatisGrpc(TestSecureContainerServer.java:135)
	at sun.reflect.NativeMethodAccessorImpl.invoke0(Native Method)
	at sun.reflect.NativeMethodAccessorImpl.invoke(NativeMethodAccessorImpl.java:62)
	at sun.reflect.DelegatingMethodAccessorImpl.invoke(DelegatingMethodAccessorImpl.java:43)
	at java.lang.reflect.Method.invoke(Method.java:498)
	at org.junit.runners.model.FrameworkMethod$1.runReflectiveCall(FrameworkMethod.java:47)
	at org.junit.internal.runners.model.ReflectiveCallable.run(ReflectiveCallable.java:12)
	at org.junit.runners.model.FrameworkMethod.invokeExplosively(FrameworkMethod.java:44)
	at org.junit.internal.runners.statements.InvokeMethod.evaluate(InvokeMethod.java:17)
	at org.junit.runners.ParentRunner.runLeaf(ParentRunner.java:271)
	at org.junit.runners.BlockJUnit4ClassRunner.runChild(BlockJUnit4ClassRunner.java:70)
	at org.junit.runners.BlockJUnit4ClassRunner.runChild(BlockJUnit4ClassRunner.java:50)
	at org.junit.runners.ParentRunner$3.run(ParentRunner.java:238)
	at org.junit.runners.ParentRunner$1.schedule(ParentRunner.java:63)
	at org.junit.runners.ParentRunner.runChildren(ParentRunner.java:236)
	at org.junit.runners.ParentRunner.access$000(ParentRunner.java:53)
	at org.junit.runners.ParentRunner$2.evaluate(ParentRunner.java:229)
	at org.junit.internal.runners.statements.RunBefores.evaluate(RunBefores.java:26)
	at org.junit.runners.ParentRunner.run(ParentRunner.java:309)
	at org.apache.maven.surefire.junit4.JUnit4Provider.execute(JUnit4Provider.java:365)
	at org.apache.maven.surefire.junit4.JUnit4Provider.executeWithRerun(JUnit4Provider.java:273)
	at org.apache.maven.surefire.junit4.JUnit4Provider.executeTestSet(JUnit4Provider.java:238)
	at org.apache.maven.surefire.junit4.JUnit4Provider.invoke(JUnit4Provider.java:159)
	at org.apache.maven.surefire.booter.ForkedBooter.invokeProviderInSameClassLoader(ForkedBooter.java:384)
	at org.apache.maven.surefire.booter.ForkedBooter.runSuitesInProcess(ForkedBooter.java:345)
	at org.apache.maven.surefire.booter.ForkedBooter.execute(ForkedBooter.java:126)
	at org.apache.maven.surefire.booter.ForkedBooter.main(ForkedBooter.java:418)
</failure>
    <system-out><![CDATA[2019-10-18 11:24:07,353 [main] INFO  ozone.RatisTestHelper (RatisTestHelper.java:initRatisConf(107)) - dfs.container.ratis.rpc.type = GRPC
2019-10-18 11:24:07,418 [main] INFO  impl.RaftServerProxy (ConfUtils.java:logGet(43)) - raft.rpc.type = GRPC (default)
2019-10-18 11:24:07,424 [main] INFO  grpc.GrpcFactory (GrpcFactory.java:checkPooledByteBufAllocatorUseCacheForAllThreads(45)) - PERFORMANCE WARNING: useCacheForAllThreads is true that may cause Netty to create a lot garbage objects and, as a result, trigger GC.
	It is recommended to disable useCacheForAllThreads by setting -Dorg.apache.ratis.thirdparty.io.netty.allocator.useCacheForAllThreads=false in command line.
2019-10-18 11:24:07,429 [main] INFO  grpc.GrpcConfigKeys$Server (ConfUtils.java:logGet(43)) - raft.grpc.server.port = 42354 (custom)
2019-10-18 11:24:07,430 [main] INFO  server.GrpcService (ConfUtils.java:logGet(43)) - raft.grpc.message.size.max = 33570816 (custom)
2019-10-18 11:24:07,432 [main] INFO  server.RaftServerConfigKeys (ConfUtils.java:logGet(43)) - raft.server.log.appender.buffer.byte-limit = 33554432 (custom)
2019-10-18 11:24:07,432 [main] INFO  server.GrpcService (ConfUtils.java:logGet(43)) - raft.grpc.flow.control.window = 1MB (=1048576) (default)
2019-10-18 11:24:07,433 [main] INFO  server.RaftServerConfigKeys (ConfUtils.java:logGet(43)) - raft.server.rpc.request.timeout = 3000ms (default)
2019-10-18 11:24:07,487 [main] INFO  server.RaftServerConfigKeys (ConfUtils.java:logGet(43)) - raft.server.storage.dir = [/workdir/hadoop-ozone/integration-test/target/test-dir/dfs/880171b0-401d-4090-bcf9-47e7cc6874bb] (custom)
2019-10-18 11:24:07,493 [main] INFO  ratis.XceiverServerRatis (XceiverServerRatis.java:start(418)) - Starting XceiverServerRatis 880171b0-401d-4090-bcf9-47e7cc6874bb at port 42354
2019-10-18 11:24:07,509 [main] INFO  impl.RaftServerProxy (RaftServerProxy.java:lambda$start$3(299)) - 880171b0-401d-4090-bcf9-47e7cc6874bb: start RPC server
2019-10-18 11:24:07,511 [main] INFO  server.GrpcService (GrpcService.java:startImpl(158)) - 880171b0-401d-4090-bcf9-47e7cc6874bb: GrpcService started, listening on 0.0.0.0/0.0.0.0:42354
2019-10-18 11:24:07,599 [grpc-default-executor-0] INFO  impl.RaftServerProxy (RaftServerProxy.java:addNew(89)) - 880171b0-401d-4090-bcf9-47e7cc6874bb: addNew group-73C62720A254:[880171b0-401d-4090-bcf9-47e7cc6874bb:0.0.0.0:42354] returns group-73C62720A254:java.util.concurrent.CompletableFuture@73ddf540[Not completed]
2019-10-18 11:24:07,610 [pool-5-thread-1] INFO  impl.RaftServerImpl (RaftServerImpl.java:<init>(104)) - 880171b0-401d-4090-bcf9-47e7cc6874bb: new RaftServerImpl for group-73C62720A254:[880171b0-401d-4090-bcf9-47e7cc6874bb:0.0.0.0:42354] with ContainerStateMachine:uninitialized
2019-10-18 11:24:07,611 [pool-5-thread-1] INFO  server.RaftServerConfigKeys (ConfUtils.java:logGet(43)) - raft.server.rpc.timeout.min = 5s (custom)
2019-10-18 11:24:07,612 [pool-5-thread-1] INFO  server.RaftServerConfigKeys (ConfUtils.java:logGet(43)) - raft.server.rpc.timeout.max = 5200ms (custom)
2019-10-18 11:24:07,612 [pool-5-thread-1] INFO  server.RaftServerConfigKeys (ConfUtils.java:logGet(43)) - raft.server.rpcslowness.timeout = 120s (custom)
2019-10-18 11:24:07,612 [pool-5-thread-1] INFO  server.RaftServerConfigKeys (ConfUtils.java:logGet(43)) - raft.server.sleep.deviation.threshold = 300 (default)
2019-10-18 11:24:07,613 [pool-5-thread-1] INFO  server.RaftServerConfigKeys (ConfUtils.java:logGet(43)) - raft.server.log.appender.install.snapshot.enabled = false (custom)
2019-10-18 11:24:07,619 [pool-5-thread-1] INFO  impl.RaftServerImpl (ServerState.java:<init>(103)) - 880171b0-401d-4090-bcf9-47e7cc6874bb@group-73C62720A254: ConfigurationManager, init=-1: [880171b0-401d-4090-bcf9-47e7cc6874bb:0.0.0.0:42354], old=null, confs=<EMPTY_MAP>
2019-10-18 11:24:07,619 [pool-5-thread-1] INFO  server.RaftServerConfigKeys (ConfUtils.java:logGet(43)) - raft.server.storage.dir = [/workdir/hadoop-ozone/integration-test/target/test-dir/dfs/880171b0-401d-4090-bcf9-47e7cc6874bb] (custom)
2019-10-18 11:24:07,625 [pool-5-thread-1] INFO  server.RaftServerConfigKeys (ConfUtils.java:logGet(43)) - raft.server.log.corruption.policy = EXCEPTION (default)
2019-10-18 11:24:07,626 [pool-5-thread-1] INFO  storage.RaftStorageDirectory (RaftStorageDirectory.java:analyzeStorage(246)) - The storage directory /workdir/hadoop-ozone/integration-test/target/test-dir/dfs/880171b0-401d-4090-bcf9-47e7cc6874bb/4872eec3-c2de-4e8a-bf39-73c62720a254 does not exist. Creating ...
2019-10-18 11:24:07,656 [pool-5-thread-1] INFO  storage.RaftStorageDirectory (RaftStorageDirectory.java:tryLock(328)) - Lock on /workdir/hadoop-ozone/integration-test/target/test-dir/dfs/880171b0-401d-4090-bcf9-47e7cc6874bb/4872eec3-c2de-4e8a-bf39-73c62720a254/in_use.lock acquired by nodename 12822@pr-hdds-2326-wzcfr-1430991126
2019-10-18 11:24:07,685 [pool-5-thread-1] INFO  storage.RaftStorage (RaftStorage.java:format(84)) - Storage directory /workdir/hadoop-ozone/integration-test/target/test-dir/dfs/880171b0-401d-4090-bcf9-47e7cc6874bb/4872eec3-c2de-4e8a-bf39-73c62720a254 has been successfully formatted.
2019-10-18 11:24:07,687 [pool-5-thread-1] INFO  ratis.ContainerStateMachine (ContainerStateMachine.java:loadSnapshot(231)) - group-73C62720A254: The snapshot info is null. Setting the last applied indexto:(t:0, i:~)
2019-10-18 11:24:07,687 [pool-5-thread-1] INFO  server.RaftServerConfigKeys (ConfUtils.java:logGet(43)) - raft.server.notification.no-leader.timeout = 120s (custom)
2019-10-18 11:24:07,693 [pool-5-thread-1] INFO  server.RaftServerConfigKeys (ConfUtils.java:logGet(43)) - raft.server.log.use.memory = false (default)
2019-10-18 11:24:07,699 [pool-5-thread-1] INFO  server.RaftServerConfigKeys (ConfUtils.java:logGet(43)) - raft.server.log.purge.gap = 1000000 (custom)
2019-10-18 11:24:07,699 [pool-5-thread-1] INFO  server.RaftServerConfigKeys (ConfUtils.java:logGet(43)) - raft.server.log.appender.buffer.byte-limit = 33554432 (custom)
2019-10-18 11:24:07,701 [pool-5-thread-1] INFO  server.RaftServerConfigKeys (ConfUtils.java:logGet(43)) - raft.server.log.segment.size.max = 1048576 (custom)
2019-10-18 11:24:07,703 [pool-5-thread-1] INFO  impl.MetricsSystemImpl (MetricsSystemImpl.java:init(158)) - ratis metrics system started (again)
2019-10-18 11:24:07,707 [pool-5-thread-1] INFO  metrics.MetricRegistries (MetricRegistriesLoader.java:load(64)) - Loaded MetricRegistries class org.apache.ratis.metrics.impl.MetricRegistriesImpl
2019-10-18 11:24:07,743 [pool-5-thread-1] INFO  server.RaftServerConfigKeys (ConfUtils.java:logGet(43)) - raft.server.log.segment.cache.num.max = 2 (custom)
2019-10-18 11:24:07,748 [pool-5-thread-1] INFO  segmented.SegmentedRaftLogWorker (SegmentedRaftLogWorker.java:<init>(173)) - new 880171b0-401d-4090-bcf9-47e7cc6874bb@group-73C62720A254-SegmentedRaftLogWorker for RaftStorage:Storage Directory /workdir/hadoop-ozone/integration-test/target/test-dir/dfs/880171b0-401d-4090-bcf9-47e7cc6874bb/4872eec3-c2de-4e8a-bf39-73c62720a254
2019-10-18 11:24:07,748 [pool-5-thread-1] INFO  server.RaftServerConfigKeys (ConfUtils.java:logGet(43)) - raft.server.log.queue.byte-limit = 2147483647 (custom)
2019-10-18 11:24:07,749 [pool-5-thread-1] INFO  server.RaftServerConfigKeys (ConfUtils.java:logGet(43)) - raft.server.log.queue.element-limit = 1024 (custom)
2019-10-18 11:24:07,750 [pool-5-thread-1] INFO  server.RaftServerConfigKeys (ConfUtils.java:logGet(43)) - raft.server.log.segment.size.max = 1048576 (custom)
2019-10-18 11:24:07,750 [pool-5-thread-1] INFO  server.RaftServerConfigKeys (ConfUtils.java:logGet(43)) - raft.server.log.preallocated.size = 16384 (custom)
2019-10-18 11:24:07,751 [pool-5-thread-1] INFO  server.RaftServerConfigKeys (ConfUtils.java:logGet(43)) - raft.server.log.write.buffer.size = 33554432 (custom)
2019-10-18 11:24:07,751 [pool-5-thread-1] INFO  server.RaftServerConfigKeys (ConfUtils.java:logGet(43)) - raft.server.log.force.sync.num = 128 (default)
2019-10-18 11:24:07,752 [pool-5-thread-1] INFO  server.RaftServerConfigKeys (ConfUtils.java:logGet(43)) - raft.server.log.statemachine.data.sync = true (default)
2019-10-18 11:24:07,752 [pool-5-thread-1] INFO  server.RaftServerConfigKeys (ConfUtils.java:logGet(43)) - raft.server.log.statemachine.data.sync.timeout = 10s (default)
2019-10-18 11:24:07,858 [pool-5-thread-1] INFO  server.RaftServerConfigKeys (ConfUtils.java:logGet(43)) - raft.server.log.statemachine.data.sync.timeout.retry = -1 (default)
2019-10-18 11:24:07,880 [pool-5-thread-1] INFO  server.RaftServerConfigKeys (ConfUtils.java:logGet(43)) - raft.server.log.statemachine.data.caching.enabled = true (custom)
2019-10-18 11:24:07,887 [pool-5-thread-1] INFO  segmented.SegmentedRaftLogWorker (SegmentedRaftLogWorker.java:lambda$new$0(128)) - 880171b0-401d-4090-bcf9-47e7cc6874bb@group-73C62720A254-SegmentedRaftLogWorker: flushIndex: setUnconditionally 0 -> -1
2019-10-18 11:24:07,894 [pool-5-thread-1] INFO  server.RaftServerConfigKeys (ConfUtils.java:logGet(43)) - raft.server.snapshot.auto.trigger.enabled = true (custom)
2019-10-18 11:24:07,895 [pool-5-thread-1] INFO  server.RaftServerConfigKeys (ConfUtils.java:logGet(43)) - raft.server.snapshot.auto.trigger.threshold = 10000 (custom)
2019-10-18 11:24:07,896 [pool-5-thread-1] INFO  server.RaftServerConfigKeys (ConfUtils.java:logGet(43)) - raft.server.snapshot.retention.file.num = 5 (custom)
2019-10-18 11:24:07,897 [pool-5-thread-1] INFO  server.RaftServerConfigKeys (ConfUtils.java:logGet(43)) - raft.server.retrycache.expirytime = 600000ms (custom)
2019-10-18 11:24:07,933 [pool-5-thread-1] INFO  impl.RaftServerImpl (RaftServerImpl.java:start(195)) - 880171b0-401d-4090-bcf9-47e7cc6874bb@group-73C62720A254: start as a follower, conf=-1: [880171b0-401d-4090-bcf9-47e7cc6874bb:0.0.0.0:42354], old=null
2019-10-18 11:24:07,934 [pool-5-thread-1] INFO  impl.RaftServerImpl (RaftServerImpl.java:setRole(184)) - 880171b0-401d-4090-bcf9-47e7cc6874bb@group-73C62720A254: changes role from      null to FOLLOWER at term 0 for startAsFollower
2019-10-18 11:24:07,935 [pool-5-thread-1] INFO  impl.RoleInfo (RoleInfo.java:updateAndGet(143)) - 880171b0-401d-4090-bcf9-47e7cc6874bb: start FollowerState
2019-10-18 11:24:07,937 [pool-5-thread-1] INFO  util.JmxRegister (JmxRegister.java:tryRegister(44)) - Successfully registered JMX Bean with object name Ratis:service=RaftServer,group=group-73C62720A254,id=880171b0-401d-4090-bcf9-47e7cc6874bb
2019-10-18 11:24:08,041 [Thread-4] INFO  impl.FollowerState (FollowerState.java:run(108)) - 880171b0-401d-4090-bcf9-47e7cc6874bb@group-73C62720A254-FollowerState: change to CANDIDATE, lastRpcTime:106ms, electionTimeout:105ms
2019-10-18 11:24:08,042 [Thread-4] INFO  impl.RoleInfo (RoleInfo.java:shutdownFollowerState(121)) - 880171b0-401d-4090-bcf9-47e7cc6874bb: shutdown FollowerState
2019-10-18 11:24:08,043 [Thread-4] INFO  impl.RaftServerImpl (RaftServerImpl.java:setRole(184)) - 880171b0-401d-4090-bcf9-47e7cc6874bb@group-73C62720A254: changes role from  FOLLOWER to CANDIDATE at term 0 for changeToCandidate
2019-10-18 11:24:08,045 [Thread-4] INFO  impl.RoleInfo (RoleInfo.java:updateAndGet(143)) - 880171b0-401d-4090-bcf9-47e7cc6874bb: start LeaderElection
2019-10-18 11:24:08,081 [880171b0-401d-4090-bcf9-47e7cc6874bb@group-73C62720A254-LeaderElection1] INFO  impl.LeaderElection (LeaderElection.java:askForVotes(178)) - 880171b0-401d-4090-bcf9-47e7cc6874bb@group-73C62720A254-LeaderElection1: begin an election at term 1 for -1: [880171b0-401d-4090-bcf9-47e7cc6874bb:0.0.0.0:42354], old=null
2019-10-18 11:24:08,083 [880171b0-401d-4090-bcf9-47e7cc6874bb@group-73C62720A254-LeaderElection1] INFO  impl.RoleInfo (RoleInfo.java:shutdownLeaderElection(134)) - 880171b0-401d-4090-bcf9-47e7cc6874bb: shutdown LeaderElection
2019-10-18 11:24:08,084 [880171b0-401d-4090-bcf9-47e7cc6874bb@group-73C62720A254-LeaderElection1] INFO  impl.RaftServerImpl (RaftServerImpl.java:setRole(184)) - 880171b0-401d-4090-bcf9-47e7cc6874bb@group-73C62720A254: changes role from CANDIDATE to LEADER at term 1 for changeToLeader
2019-10-18 11:24:08,084 [880171b0-401d-4090-bcf9-47e7cc6874bb@group-73C62720A254-LeaderElection1] INFO  impl.RaftServerImpl (ServerState.java:setLeader(256)) - 880171b0-401d-4090-bcf9-47e7cc6874bb@group-73C62720A254: change Leader from null to 880171b0-401d-4090-bcf9-47e7cc6874bb at term 1 for becomeLeader, leader elected after 396ms
2019-10-18 11:24:08,090 [880171b0-401d-4090-bcf9-47e7cc6874bb@group-73C62720A254-LeaderElection1] INFO  server.RaftServerConfigKeys (ConfUtils.java:logGet(43)) - raft.server.staging.catchup.gap = 1000 (default)
2019-10-18 11:24:08,090 [880171b0-401d-4090-bcf9-47e7cc6874bb@group-73C62720A254-LeaderElection1] INFO  server.RaftServerConfigKeys (ConfUtils.java:logGet(43)) - raft.server.rpc.sleep.time = 25ms (default)
2019-10-18 11:24:08,095 [880171b0-401d-4090-bcf9-47e7cc6874bb@group-73C62720A254-LeaderElection1] INFO  server.RaftServerConfigKeys (ConfUtils.java:logGet(43)) - raft.server.write.element-limit = 4096 (default)
2019-10-18 11:24:08,098 [880171b0-401d-4090-bcf9-47e7cc6874bb@group-73C62720A254-LeaderElection1] INFO  server.RaftServerConfigKeys (ConfUtils.java:logGet(43)) - raft.server.watch.timeout = 10s (default)
2019-10-18 11:24:08,098 [880171b0-401d-4090-bcf9-47e7cc6874bb@group-73C62720A254-LeaderElection1] INFO  server.RaftServerConfigKeys (ConfUtils.java:logGet(43)) - raft.server.watch.timeout.denomination = 1s (default)
2019-10-18 11:24:08,099 [880171b0-401d-4090-bcf9-47e7cc6874bb@group-73C62720A254-LeaderElection1] INFO  server.RaftServerConfigKeys (ConfUtils.java:logGet(43)) - raft.server.watch.element-limit = 65536 (default)
2019-10-18 11:24:08,118 [880171b0-401d-4090-bcf9-47e7cc6874bb@group-73C62720A254-LeaderElection1] INFO  impl.RoleInfo (RoleInfo.java:updateAndGet(143)) - 880171b0-401d-4090-bcf9-47e7cc6874bb: start LeaderState
2019-10-18 11:24:08,137 [880171b0-401d-4090-bcf9-47e7cc6874bb@group-73C62720A254-LeaderElection1] INFO  segmented.SegmentedRaftLogWorker (SegmentedRaftLogWorker.java:startLogSegment(385)) - 880171b0-401d-4090-bcf9-47e7cc6874bb@group-73C62720A254-SegmentedRaftLogWorker: Starting segment from index:0
2019-10-18 11:24:08,146 [880171b0-401d-4090-bcf9-47e7cc6874bb@group-73C62720A254-LeaderElection1] INFO  impl.RaftServerImpl (ServerState.java:setRaftConf(357)) - 880171b0-401d-4090-bcf9-47e7cc6874bb@group-73C62720A254: set configuration 0: [880171b0-401d-4090-bcf9-47e7cc6874bb:0.0.0.0:42354], old=null at 0
2019-10-18 11:24:08,313 [880171b0-401d-4090-bcf9-47e7cc6874bb@group-73C62720A254-SegmentedRaftLogWorker] INFO  segmented.SegmentedRaftLogWorker (SegmentedRaftLogWorker.java:execute(576)) - 880171b0-401d-4090-bcf9-47e7cc6874bb@group-73C62720A254-SegmentedRaftLogWorker: created new log segment /workdir/hadoop-ozone/integration-test/target/test-dir/dfs/880171b0-401d-4090-bcf9-47e7cc6874bb/4872eec3-c2de-4e8a-bf39-73c62720a254/current/log_inprogress_0
2019-10-18 11:24:10,136 [RatisApplyTransactionExecutor 5] INFO  ratis.ContainerStateMachine (ContainerUtils.java:logAndReturnError(146)) - Operation: CreateContainer : Trace ID:  : Message: Block token verification failed. Fail to find any token (empty or null.) : Result: BLOCK_TOKEN_VERIFICATION_FAILED
2019-10-18 11:24:10,138 [RatisApplyTransactionExecutor 5] ERROR ratis.ContainerStateMachine (ContainerStateMachine.java:lambda$applyTransaction$7(759)) - gid group-73C62720A254 : ApplyTransaction failed. cmd CreateContainer logIndex 1 msg : Block token verification failed. Fail to find any token (empty or null.) Container Result: BLOCK_TOKEN_VERIFICATION_FAILED
2019-10-18 11:24:10,173 [main] INFO  security.OzoneBlockTokenSecretManager (OzoneSecretManager.java:updateCurrentKey(170)) - Updating the current master key for generating tokens
2019-10-18 11:24:10,218 [main] INFO  impl.RaftServerProxy (RaftServerProxy.java:lambda$close$4(314)) - 880171b0-401d-4090-bcf9-47e7cc6874bb: close
2019-10-18 11:24:10,219 [main] INFO  impl.RaftServerImpl (RaftServerImpl.java:lambda$shutdown$3(261)) - 880171b0-401d-4090-bcf9-47e7cc6874bb@group-73C62720A254: shutdown
2019-10-18 11:24:10,220 [main] INFO  util.JmxRegister (JmxRegister.java:unregister(73)) - Successfully un-registered JMX Bean with object name Ratis:service=RaftServer,group=group-73C62720A254,id=880171b0-401d-4090-bcf9-47e7cc6874bb
2019-10-18 11:24:10,220 [main] INFO  impl.RoleInfo (RoleInfo.java:shutdownLeaderState(104)) - 880171b0-401d-4090-bcf9-47e7cc6874bb: shutdown LeaderState
2019-10-18 11:24:10,221 [main] INFO  impl.PendingRequests (PendingRequests.java:sendNotLeaderResponses(202)) - 880171b0-401d-4090-bcf9-47e7cc6874bb@group-73C62720A254-PendingRequests: sendNotLeaderResponses
2019-10-18 11:24:10,223 [main] INFO  impl.StateMachineUpdater (StateMachineUpdater.java:stopAndJoin(136)) - 880171b0-401d-4090-bcf9-47e7cc6874bb@group-73C62720A254-StateMachineUpdater: set stopIndex = 4
2019-10-18 11:24:10,223 [880171b0-401d-4090-bcf9-47e7cc6874bb@group-73C62720A254-StateMachineUpdater] ERROR ratis.ContainerStateMachine (ContainerStateMachine.java:takeSnapshot(288)) - Failed to take snapshot  for group-73C62720A254 as the stateMachine is unhealthy. The last applied index is at (t:0, i:~)
2019-10-18 11:24:10,224 [880171b0-401d-4090-bcf9-47e7cc6874bb@group-73C62720A254-StateMachineUpdater] ERROR impl.StateMachineUpdater (StateMachineUpdater.java:takeSnapshot(264)) - 880171b0-401d-4090-bcf9-47e7cc6874bb@group-73C62720A254-StateMachineUpdater: Failed to take snapshot
org.apache.ratis.protocol.StateMachineException: Failed to take snapshot  for group-73C62720A254 as the stateMachine is unhealthy. The last applied index is at (t:0, i:~)
	at org.apache.hadoop.ozone.container.common.transport.server.ratis.ContainerStateMachine.takeSnapshot(ContainerStateMachine.java:287)
	at org.apache.ratis.server.impl.StateMachineUpdater.takeSnapshot(StateMachineUpdater.java:254)
	at org.apache.ratis.server.impl.StateMachineUpdater.checkAndTakeSnapshot(StateMachineUpdater.java:247)
	at org.apache.ratis.server.impl.StateMachineUpdater.run(StateMachineUpdater.java:166)
	at java.lang.Thread.run(Thread.java:748)
2019-10-18 11:24:10,224 [880171b0-401d-4090-bcf9-47e7cc6874bb@group-73C62720A254-StateMachineUpdater] ERROR ratis.ContainerStateMachine (ContainerStateMachine.java:takeSnapshot(288)) - Failed to take snapshot  for group-73C62720A254 as the stateMachine is unhealthy. The last applied index is at (t:0, i:~)
2019-10-18 11:24:10,225 [880171b0-401d-4090-bcf9-47e7cc6874bb@group-73C62720A254-StateMachineUpdater] ERROR impl.StateMachineUpdater (StateMachineUpdater.java:takeSnapshot(264)) - 880171b0-401d-4090-bcf9-47e7cc6874bb@group-73C62720A254-StateMachineUpdater: Failed to take snapshot
org.apache.ratis.protocol.StateMachineException: Failed to take snapshot  for group-73C62720A254 as the stateMachine is unhealthy. The last applied index is at (t:0, i:~)
	at org.apache.hadoop.ozone.container.common.transport.server.ratis.ContainerStateMachine.takeSnapshot(ContainerStateMachine.java:287)
	at org.apache.ratis.server.impl.StateMachineUpdater.takeSnapshot(StateMachineUpdater.java:254)
	at org.apache.ratis.server.impl.StateMachineUpdater.checkAndTakeSnapshot(StateMachineUpdater.java:247)
	at org.apache.ratis.server.impl.StateMachineUpdater.run(StateMachineUpdater.java:169)
	at java.lang.Thread.run(Thread.java:748)
2019-10-18 11:24:10,225 [main] INFO  impl.RaftServerImpl (ServerState.java:close(388)) - 880171b0-401d-4090-bcf9-47e7cc6874bb@group-73C62720A254: closes. applyIndex: 4
2019-10-18 11:24:10,228 [880171b0-401d-4090-bcf9-47e7cc6874bb@group-73C62720A254-SegmentedRaftLogWorker] INFO  segmented.SegmentedRaftLogWorker (SegmentedRaftLogWorker.java:run(316)) - 880171b0-401d-4090-bcf9-47e7cc6874bb@group-73C62720A254-SegmentedRaftLogWorker was interrupted, exiting. There are 0 tasks remaining in the queue.
2019-10-18 11:24:10,229 [main] INFO  segmented.SegmentedRaftLogWorker (SegmentedRaftLogWorker.java:close(224)) - 880171b0-401d-4090-bcf9-47e7cc6874bb@group-73C62720A254-SegmentedRaftLogWorker close()
2019-10-18 11:24:10,230 [main] INFO  server.GrpcService (GrpcService.java:closeImpl(164)) - 880171b0-401d-4090-bcf9-47e7cc6874bb: shutdown server with port 42354 now
2019-10-18 11:24:10,232 [main] INFO  server.GrpcService (GrpcService.java:closeImpl(172)) - 880171b0-401d-4090-bcf9-47e7cc6874bb: shutdown server with port 42354 successfully
2019-10-18 11:24:10,237 [main] INFO  ozone.RatisTestHelper (RatisTestHelper.java:initRatisConf(107)) - dfs.container.ratis.rpc.type = GRPC
2019-10-18 11:24:10,240 [main] INFO  impl.RaftServerProxy (ConfUtils.java:logGet(43)) - raft.rpc.type = GRPC (default)
2019-10-18 11:24:10,240 [main] INFO  grpc.GrpcFactory (GrpcFactory.java:checkPooledByteBufAllocatorUseCacheForAllThreads(45)) - PERFORMANCE WARNING: useCacheForAllThreads is true that may cause Netty to create a lot garbage objects and, as a result, trigger GC.
	It is recommended to disable useCacheForAllThreads by setting -Dorg.apache.ratis.thirdparty.io.netty.allocator.useCacheForAllThreads=false in command line.
2019-10-18 11:24:10,240 [main] INFO  grpc.GrpcConfigKeys$Server (ConfUtils.java:logGet(43)) - raft.grpc.server.port = 42129 (custom)
2019-10-18 11:24:10,241 [main] INFO  server.GrpcService (ConfUtils.java:logGet(43)) - raft.grpc.message.size.max = 33570816 (custom)
2019-10-18 11:24:10,241 [main] INFO  server.RaftServerConfigKeys (ConfUtils.java:logGet(43)) - raft.server.log.appender.buffer.byte-limit = 33554432 (custom)
2019-10-18 11:24:10,241 [main] INFO  server.GrpcService (ConfUtils.java:logGet(43)) - raft.grpc.flow.control.window = 1MB (=1048576) (default)
2019-10-18 11:24:10,242 [main] INFO  server.RaftServerConfigKeys (ConfUtils.java:logGet(43)) - raft.server.rpc.request.timeout = 3000ms (default)
2019-10-18 11:24:10,242 [main] INFO  server.RaftServerConfigKeys (ConfUtils.java:logGet(43)) - raft.server.storage.dir = [/workdir/hadoop-ozone/integration-test/target/test-dir/dfs/c652e2ee-3322-4406-8db6-1ea643cb3197] (custom)
2019-10-18 11:24:10,243 [main] INFO  ratis.XceiverServerRatis (XceiverServerRatis.java:start(418)) - Starting XceiverServerRatis c652e2ee-3322-4406-8db6-1ea643cb3197 at port 42129
2019-10-18 11:24:10,249 [main] INFO  impl.RaftServerProxy (RaftServerProxy.java:lambda$start$3(299)) - c652e2ee-3322-4406-8db6-1ea643cb3197: start RPC server
2019-10-18 11:24:10,250 [main] INFO  server.GrpcService (GrpcService.java:startImpl(158)) - c652e2ee-3322-4406-8db6-1ea643cb3197: GrpcService started, listening on 0.0.0.0/0.0.0.0:42129
2019-10-18 11:24:10,281 [grpc-default-executor-1] INFO  impl.RaftServerProxy (RaftServerProxy.java:addNew(89)) - c652e2ee-3322-4406-8db6-1ea643cb3197: addNew group-7E32184879DE:[f535bb4a-cba0-4f9b-9e3e-e4a48b3eda51:0.0.0.0:44706, 54aabb14-4a7d-4ab3-adbe-2e67760b87f4:0.0.0.0:43074, c652e2ee-3322-4406-8db6-1ea643cb3197:0.0.0.0:42129] returns group-7E32184879DE:java.util.concurrent.CompletableFuture@1eb87fbe[Not completed]
2019-10-18 11:24:10,287 [pool-7-thread-1] INFO  impl.RaftServerImpl (RaftServerImpl.java:<init>(104)) - c652e2ee-3322-4406-8db6-1ea643cb3197: new RaftServerImpl for group-7E32184879DE:[f535bb4a-cba0-4f9b-9e3e-e4a48b3eda51:0.0.0.0:44706, 54aabb14-4a7d-4ab3-adbe-2e67760b87f4:0.0.0.0:43074, c652e2ee-3322-4406-8db6-1ea643cb3197:0.0.0.0:42129] with ContainerStateMachine:uninitialized
2019-10-18 11:24:10,287 [pool-7-thread-1] INFO  server.RaftServerConfigKeys (ConfUtils.java:logGet(43)) - raft.server.rpc.timeout.min = 5s (custom)
2019-10-18 11:24:10,288 [pool-7-thread-1] INFO  server.RaftServerConfigKeys (ConfUtils.java:logGet(43)) - raft.server.rpc.timeout.max = 5200ms (custom)
2019-10-18 11:24:10,288 [pool-7-thread-1] INFO  server.RaftServerConfigKeys (ConfUtils.java:logGet(43)) - raft.server.rpcslowness.timeout = 120s (custom)
2019-10-18 11:24:10,288 [pool-7-thread-1] INFO  server.RaftServerConfigKeys (ConfUtils.java:logGet(43)) - raft.server.sleep.deviation.threshold = 300 (default)
2019-10-18 11:24:10,289 [pool-7-thread-1] INFO  server.RaftServerConfigKeys (ConfUtils.java:logGet(43)) - raft.server.log.appender.install.snapshot.enabled = false (custom)
2019-10-18 11:24:10,289 [pool-7-thread-1] INFO  impl.RaftServerImpl (ServerState.java:<init>(103)) - c652e2ee-3322-4406-8db6-1ea643cb3197@group-7E32184879DE: ConfigurationManager, init=-1: [f535bb4a-cba0-4f9b-9e3e-e4a48b3eda51:0.0.0.0:44706, 54aabb14-4a7d-4ab3-adbe-2e67760b87f4:0.0.0.0:43074, c652e2ee-3322-4406-8db6-1ea643cb3197:0.0.0.0:42129], old=null, confs=<EMPTY_MAP>
2019-10-18 11:24:10,289 [pool-7-thread-1] INFO  server.RaftServerConfigKeys (ConfUtils.java:logGet(43)) - raft.server.storage.dir = [/workdir/hadoop-ozone/integration-test/target/test-dir/dfs/c652e2ee-3322-4406-8db6-1ea643cb3197] (custom)
2019-10-18 11:24:10,290 [pool-7-thread-1] INFO  server.RaftServerConfigKeys (ConfUtils.java:logGet(43)) - raft.server.log.corruption.policy = EXCEPTION (default)
2019-10-18 11:24:10,290 [pool-7-thread-1] INFO  storage.RaftStorageDirectory (RaftStorageDirectory.java:analyzeStorage(246)) - The storage directory /workdir/hadoop-ozone/integration-test/target/test-dir/dfs/c652e2ee-3322-4406-8db6-1ea643cb3197/dc995a65-a68f-422b-92a6-7e32184879de does not exist. Creating ...
2019-10-18 11:24:10,315 [pool-7-thread-1] INFO  storage.RaftStorageDirectory (RaftStorageDirectory.java:tryLock(328)) - Lock on /workdir/hadoop-ozone/integration-test/target/test-dir/dfs/c652e2ee-3322-4406-8db6-1ea643cb3197/dc995a65-a68f-422b-92a6-7e32184879de/in_use.lock acquired by nodename 12822@pr-hdds-2326-wzcfr-1430991126
2019-10-18 11:24:10,338 [pool-7-thread-1] INFO  storage.RaftStorage (RaftStorage.java:format(84)) - Storage directory /workdir/hadoop-ozone/integration-test/target/test-dir/dfs/c652e2ee-3322-4406-8db6-1ea643cb3197/dc995a65-a68f-422b-92a6-7e32184879de has been successfully formatted.
2019-10-18 11:24:10,339 [pool-7-thread-1] INFO  ratis.ContainerStateMachine (ContainerStateMachine.java:loadSnapshot(231)) - group-7E32184879DE: The snapshot info is null. Setting the last applied indexto:(t:0, i:~)
2019-10-18 11:24:10,339 [pool-7-thread-1] INFO  server.RaftServerConfigKeys (ConfUtils.java:logGet(43)) - raft.server.notification.no-leader.timeout = 120s (custom)
2019-10-18 11:24:10,339 [pool-7-thread-1] INFO  server.RaftServerConfigKeys (ConfUtils.java:logGet(43)) - raft.server.log.use.memory = false (default)
2019-10-18 11:24:10,339 [pool-7-thread-1] INFO  server.RaftServerConfigKeys (ConfUtils.java:logGet(43)) - raft.server.log.purge.gap = 1000000 (custom)
2019-10-18 11:24:10,340 [pool-7-thread-1] INFO  server.RaftServerConfigKeys (ConfUtils.java:logGet(43)) - raft.server.log.appender.buffer.byte-limit = 33554432 (custom)
2019-10-18 11:24:10,340 [pool-7-thread-1] INFO  server.RaftServerConfigKeys (ConfUtils.java:logGet(43)) - raft.server.log.segment.size.max = 1048576 (custom)
2019-10-18 11:24:10,344 [pool-7-thread-1] INFO  server.RaftServerConfigKeys (ConfUtils.java:logGet(43)) - raft.server.log.segment.cache.num.max = 2 (custom)
2019-10-18 11:24:10,344 [pool-7-thread-1] INFO  segmented.SegmentedRaftLogWorker (SegmentedRaftLogWorker.java:<init>(173)) - new c652e2ee-3322-4406-8db6-1ea643cb3197@group-7E32184879DE-SegmentedRaftLogWorker for RaftStorage:Storage Directory /workdir/hadoop-ozone/integration-test/target/test-dir/dfs/c652e2ee-3322-4406-8db6-1ea643cb3197/dc995a65-a68f-422b-92a6-7e32184879de
2019-10-18 11:24:10,345 [pool-7-thread-1] INFO  server.RaftServerConfigKeys (ConfUtils.java:logGet(43)) - raft.server.log.queue.byte-limit = 2147483647 (custom)
2019-10-18 11:24:10,345 [pool-7-thread-1] INFO  server.RaftServerConfigKeys (ConfUtils.java:logGet(43)) - raft.server.log.queue.element-limit = 1024 (custom)
2019-10-18 11:24:10,345 [pool-7-thread-1] INFO  server.RaftServerConfigKeys (ConfUtils.java:logGet(43)) - raft.server.log.segment.size.max = 1048576 (custom)
2019-10-18 11:24:10,345 [pool-7-thread-1] INFO  server.RaftServerConfigKeys (ConfUtils.java:logGet(43)) - raft.server.log.preallocated.size = 16384 (custom)
2019-10-18 11:24:10,345 [pool-7-thread-1] INFO  server.RaftServerConfigKeys (ConfUtils.java:logGet(43)) - raft.server.log.write.buffer.size = 33554432 (custom)
2019-10-18 11:24:10,345 [pool-7-thread-1] INFO  server.RaftServerConfigKeys (ConfUtils.java:logGet(43)) - raft.server.log.force.sync.num = 128 (default)
2019-10-18 11:24:10,346 [pool-7-thread-1] INFO  server.RaftServerConfigKeys (ConfUtils.java:logGet(43)) - raft.server.log.statemachine.data.sync = true (default)
2019-10-18 11:24:10,346 [pool-7-thread-1] INFO  server.RaftServerConfigKeys (ConfUtils.java:logGet(43)) - raft.server.log.statemachine.data.sync.timeout = 10s (default)
2019-10-18 11:24:10,346 [pool-7-thread-1] INFO  server.RaftServerConfigKeys (ConfUtils.java:logGet(43)) - raft.server.log.statemachine.data.sync.timeout.retry = -1 (default)
2019-10-18 11:24:10,347 [pool-7-thread-1] INFO  server.RaftServerConfigKeys (ConfUtils.java:logGet(43)) - raft.server.log.statemachine.data.caching.enabled = true (custom)
2019-10-18 11:24:10,347 [pool-7-thread-1] INFO  segmented.SegmentedRaftLogWorker (SegmentedRaftLogWorker.java:lambda$new$0(128)) - c652e2ee-3322-4406-8db6-1ea643cb3197@group-7E32184879DE-SegmentedRaftLogWorker: flushIndex: setUnconditionally 0 -> -1
2019-10-18 11:24:10,348 [pool-7-thread-1] INFO  server.RaftServerConfigKeys (ConfUtils.java:logGet(43)) - raft.server.snapshot.auto.trigger.enabled = true (custom)
2019-10-18 11:24:10,348 [pool-7-thread-1] INFO  server.RaftServerConfigKeys (ConfUtils.java:logGet(43)) - raft.server.snapshot.auto.trigger.threshold = 10000 (custom)
2019-10-18 11:24:10,348 [pool-7-thread-1] INFO  server.RaftServerConfigKeys (ConfUtils.java:logGet(43)) - raft.server.snapshot.retention.file.num = 5 (custom)
2019-10-18 11:24:10,348 [pool-7-thread-1] INFO  server.RaftServerConfigKeys (ConfUtils.java:logGet(43)) - raft.server.retrycache.expirytime = 600000ms (custom)
2019-10-18 11:24:10,354 [pool-7-thread-1] INFO  impl.RaftServerImpl (RaftServerImpl.java:start(195)) - c652e2ee-3322-4406-8db6-1ea643cb3197@group-7E32184879DE: start as a follower, conf=-1: [f535bb4a-cba0-4f9b-9e3e-e4a48b3eda51:0.0.0.0:44706, 54aabb14-4a7d-4ab3-adbe-2e67760b87f4:0.0.0.0:43074, c652e2ee-3322-4406-8db6-1ea643cb3197:0.0.0.0:42129], old=null
2019-10-18 11:24:10,354 [pool-7-thread-1] INFO  impl.RaftServerImpl (RaftServerImpl.java:setRole(184)) - c652e2ee-3322-4406-8db6-1ea643cb3197@group-7E32184879DE: changes role from      null to FOLLOWER at term 0 for startAsFollower
2019-10-18 11:24:10,354 [pool-7-thread-1] INFO  impl.RoleInfo (RoleInfo.java:updateAndGet(143)) - c652e2ee-3322-4406-8db6-1ea643cb3197: start FollowerState
2019-10-18 11:24:10,355 [pool-7-thread-1] INFO  util.JmxRegister (JmxRegister.java:tryRegister(44)) - Successfully registered JMX Bean with object name Ratis:service=RaftServer,group=group-7E32184879DE,id=c652e2ee-3322-4406-8db6-1ea643cb3197
2019-10-18 11:24:10,367 [main] INFO  impl.RaftServerProxy (ConfUtils.java:logGet(43)) - raft.rpc.type = GRPC (default)
2019-10-18 11:24:10,367 [main] INFO  grpc.GrpcFactory (GrpcFactory.java:checkPooledByteBufAllocatorUseCacheForAllThreads(45)) - PERFORMANCE WARNING: useCacheForAllThreads is true that may cause Netty to create a lot garbage objects and, as a result, trigger GC.
	It is recommended to disable useCacheForAllThreads by setting -Dorg.apache.ratis.thirdparty.io.netty.allocator.useCacheForAllThreads=false in command line.
2019-10-18 11:24:10,367 [main] INFO  grpc.GrpcConfigKeys$Server (ConfUtils.java:logGet(43)) - raft.grpc.server.port = 43074 (custom)
2019-10-18 11:24:10,368 [main] INFO  server.GrpcService (ConfUtils.java:logGet(43)) - raft.grpc.message.size.max = 33570816 (custom)
2019-10-18 11:24:10,368 [main] INFO  server.RaftServerConfigKeys (ConfUtils.java:logGet(43)) - raft.server.log.appender.buffer.byte-limit = 33554432 (custom)
2019-10-18 11:24:10,368 [main] INFO  server.GrpcService (ConfUtils.java:logGet(43)) - raft.grpc.flow.control.window = 1MB (=1048576) (default)
2019-10-18 11:24:10,369 [main] INFO  server.RaftServerConfigKeys (ConfUtils.java:logGet(43)) - raft.server.rpc.request.timeout = 3000ms (default)
2019-10-18 11:24:10,369 [main] INFO  server.RaftServerConfigKeys (ConfUtils.java:logGet(43)) - raft.server.storage.dir = [/workdir/hadoop-ozone/integration-test/target/test-dir/dfs/54aabb14-4a7d-4ab3-adbe-2e67760b87f4] (custom)
2019-10-18 11:24:10,370 [main] INFO  ratis.XceiverServerRatis (XceiverServerRatis.java:start(418)) - Starting XceiverServerRatis 54aabb14-4a7d-4ab3-adbe-2e67760b87f4 at port 43074
2019-10-18 11:24:10,379 [main] INFO  impl.RaftServerProxy (RaftServerProxy.java:lambda$start$3(299)) - 54aabb14-4a7d-4ab3-adbe-2e67760b87f4: start RPC server
2019-10-18 11:24:10,382 [main] INFO  server.GrpcService (GrpcService.java:startImpl(158)) - 54aabb14-4a7d-4ab3-adbe-2e67760b87f4: GrpcService started, listening on 0.0.0.0/0.0.0.0:43074
2019-10-18 11:24:10,389 [Thread-18] INFO  impl.FollowerState (FollowerState.java:run(108)) - c652e2ee-3322-4406-8db6-1ea643cb3197@group-7E32184879DE-FollowerState: change to CANDIDATE, lastRpcTime:34ms, electionTimeout:34ms
2019-10-18 11:24:10,389 [Thread-18] INFO  impl.RoleInfo (RoleInfo.java:shutdownFollowerState(121)) - c652e2ee-3322-4406-8db6-1ea643cb3197: shutdown FollowerState
2019-10-18 11:24:10,390 [Thread-18] INFO  impl.RaftServerImpl (RaftServerImpl.java:setRole(184)) - c652e2ee-3322-4406-8db6-1ea643cb3197@group-7E32184879DE: changes role from  FOLLOWER to CANDIDATE at term 0 for changeToCandidate
2019-10-18 11:24:10,390 [Thread-18] INFO  impl.RoleInfo (RoleInfo.java:updateAndGet(143)) - c652e2ee-3322-4406-8db6-1ea643cb3197: start LeaderElection
2019-10-18 11:24:10,412 [grpc-default-executor-1] INFO  impl.RaftServerProxy (RaftServerProxy.java:addNew(89)) - 54aabb14-4a7d-4ab3-adbe-2e67760b87f4: addNew group-7E32184879DE:[f535bb4a-cba0-4f9b-9e3e-e4a48b3eda51:0.0.0.0:44706, 54aabb14-4a7d-4ab3-adbe-2e67760b87f4:0.0.0.0:43074, c652e2ee-3322-4406-8db6-1ea643cb3197:0.0.0.0:42129] returns group-7E32184879DE:java.util.concurrent.CompletableFuture@6a2bfc57[Not completed]
2019-10-18 11:24:10,414 [c652e2ee-3322-4406-8db6-1ea643cb3197@group-7E32184879DE-LeaderElection2] INFO  impl.LeaderElection (LeaderElection.java:askForVotes(178)) - c652e2ee-3322-4406-8db6-1ea643cb3197@group-7E32184879DE-LeaderElection2: begin an election at term 1 for -1: [f535bb4a-cba0-4f9b-9e3e-e4a48b3eda51:0.0.0.0:44706, 54aabb14-4a7d-4ab3-adbe-2e67760b87f4:0.0.0.0:43074, c652e2ee-3322-4406-8db6-1ea643cb3197:0.0.0.0:42129], old=null
2019-10-18 11:24:10,416 [pool-9-thread-1] INFO  impl.RaftServerImpl (RaftServerImpl.java:<init>(104)) - 54aabb14-4a7d-4ab3-adbe-2e67760b87f4: new RaftServerImpl for group-7E32184879DE:[f535bb4a-cba0-4f9b-9e3e-e4a48b3eda51:0.0.0.0:44706, 54aabb14-4a7d-4ab3-adbe-2e67760b87f4:0.0.0.0:43074, c652e2ee-3322-4406-8db6-1ea643cb3197:0.0.0.0:42129] with ContainerStateMachine:uninitialized
2019-10-18 11:24:10,417 [pool-9-thread-1] INFO  server.RaftServerConfigKeys (ConfUtils.java:logGet(43)) - raft.server.rpc.timeout.min = 5s (custom)
2019-10-18 11:24:10,417 [pool-9-thread-1] INFO  server.RaftServerConfigKeys (ConfUtils.java:logGet(43)) - raft.server.rpc.timeout.max = 5200ms (custom)
2019-10-18 11:24:10,417 [pool-9-thread-1] INFO  server.RaftServerConfigKeys (ConfUtils.java:logGet(43)) - raft.server.rpcslowness.timeout = 120s (custom)
2019-10-18 11:24:10,418 [pool-9-thread-1] INFO  server.RaftServerConfigKeys (ConfUtils.java:logGet(43)) - raft.server.sleep.deviation.threshold = 300 (default)
2019-10-18 11:24:10,418 [pool-9-thread-1] INFO  server.RaftServerConfigKeys (ConfUtils.java:logGet(43)) - raft.server.log.appender.install.snapshot.enabled = false (custom)
2019-10-18 11:24:10,418 [pool-9-thread-1] INFO  impl.RaftServerImpl (ServerState.java:<init>(103)) - 54aabb14-4a7d-4ab3-adbe-2e67760b87f4@group-7E32184879DE: ConfigurationManager, init=-1: [f535bb4a-cba0-4f9b-9e3e-e4a48b3eda51:0.0.0.0:44706, 54aabb14-4a7d-4ab3-adbe-2e67760b87f4:0.0.0.0:43074, c652e2ee-3322-4406-8db6-1ea643cb3197:0.0.0.0:42129], old=null, confs=<EMPTY_MAP>
2019-10-18 11:24:10,418 [pool-9-thread-1] INFO  server.RaftServerConfigKeys (ConfUtils.java:logGet(43)) - raft.server.storage.dir = [/workdir/hadoop-ozone/integration-test/target/test-dir/dfs/54aabb14-4a7d-4ab3-adbe-2e67760b87f4] (custom)
2019-10-18 11:24:10,419 [pool-9-thread-1] INFO  server.RaftServerConfigKeys (ConfUtils.java:logGet(43)) - raft.server.log.corruption.policy = EXCEPTION (default)
2019-10-18 11:24:10,419 [pool-9-thread-1] INFO  storage.RaftStorageDirectory (RaftStorageDirectory.java:analyzeStorage(246)) - The storage directory /workdir/hadoop-ozone/integration-test/target/test-dir/dfs/54aabb14-4a7d-4ab3-adbe-2e67760b87f4/dc995a65-a68f-422b-92a6-7e32184879de does not exist. Creating ...
2019-10-18 11:24:10,438 [c652e2ee-3322-4406-8db6-1ea643cb3197@group-7E32184879DE-LeaderElection2] INFO  impl.LeaderElection (LogUtils.java:infoOrTrace(149)) - c652e2ee-3322-4406-8db6-1ea643cb3197@group-7E32184879DE-LeaderElection2 got exception when requesting votes: {}
java.util.concurrent.ExecutionException: org.apache.ratis.thirdparty.io.grpc.StatusRuntimeException: UNAVAILABLE: io exception
	at java.util.concurrent.FutureTask.report(FutureTask.java:122)
	at java.util.concurrent.FutureTask.get(FutureTask.java:192)
	at org.apache.ratis.server.impl.LeaderElection.waitForResults(LeaderElection.java:259)
	at org.apache.ratis.server.impl.LeaderElection.askForVotes(LeaderElection.java:197)
	at org.apache.ratis.server.impl.LeaderElection.run(LeaderElection.java:133)
	at java.lang.Thread.run(Thread.java:748)
Caused by: org.apache.ratis.thirdparty.io.grpc.StatusRuntimeException: UNAVAILABLE: io exception
	at org.apache.ratis.thirdparty.io.grpc.stub.ClientCalls.toStatusRuntimeException(ClientCalls.java:233)
	at org.apache.ratis.thirdparty.io.grpc.stub.ClientCalls.getUnchecked(ClientCalls.java:214)
	at org.apache.ratis.thirdparty.io.grpc.stub.ClientCalls.blockingUnaryCall(ClientCalls.java:139)
	at org.apache.ratis.proto.grpc.RaftServerProtocolServiceGrpc$RaftServerProtocolServiceBlockingStub.requestVote(RaftServerProtocolServiceGrpc.java:265)
	at org.apache.ratis.grpc.server.GrpcServerProtocolClient.requestVote(GrpcServerProtocolClient.java:99)
	at org.apache.ratis.grpc.server.GrpcService.requestVote(GrpcService.java:204)
	at org.apache.ratis.server.impl.LeaderElection.lambda$submitRequests$1(LeaderElection.java:234)
	at java.util.concurrent.FutureTask.run(FutureTask.java:266)
	at java.util.concurrent.Executors$RunnableAdapter.call(Executors.java:511)
	at java.util.concurrent.FutureTask.run(FutureTask.java:266)
	at java.util.concurrent.ThreadPoolExecutor.runWorker(ThreadPoolExecutor.java:1149)
	at java.util.concurrent.ThreadPoolExecutor$Worker.run(ThreadPoolExecutor.java:624)
	... 1 more
Caused by: org.apache.ratis.thirdparty.io.netty.channel.AbstractChannel$AnnotatedConnectException: Connection refused: /0.0.0.0:44706
	at sun.nio.ch.SocketChannelImpl.checkConnect(Native Method)
	at sun.nio.ch.SocketChannelImpl.finishConnect(SocketChannelImpl.java:717)
	at org.apache.ratis.thirdparty.io.netty.channel.socket.nio.NioSocketChannel.doFinishConnect(NioSocketChannel.java:327)
	at org.apache.ratis.thirdparty.io.netty.channel.nio.AbstractNioChannel$AbstractNioUnsafe.finishConnect(AbstractNioChannel.java:340)
	at org.apache.ratis.thirdparty.io.netty.channel.nio.NioEventLoop.processSelectedKey(NioEventLoop.java:632)
	at org.apache.ratis.thirdparty.io.netty.channel.nio.NioEventLoop.processSelectedKeysOptimized(NioEventLoop.java:579)
	at org.apache.ratis.thirdparty.io.netty.channel.nio.NioEventLoop.processSelectedKeys(NioEventLoop.java:496)
	at org.apache.ratis.thirdparty.io.netty.channel.nio.NioEventLoop.run(NioEventLoop.java:458)
	at org.apache.ratis.thirdparty.io.netty.util.concurrent.SingleThreadEventExecutor$5.run(SingleThreadEventExecutor.java:897)
	at org.apache.ratis.thirdparty.io.netty.util.concurrent.FastThreadLocalRunnable.run(FastThreadLocalRunnable.java:30)
	... 1 more
Caused by: java.net.ConnectException: Connection refused
	... 11 more
2019-10-18 11:24:10,443 [pool-9-thread-1] INFO  storage.RaftStorageDirectory (RaftStorageDirectory.java:tryLock(328)) - Lock on /workdir/hadoop-ozone/integration-test/target/test-dir/dfs/54aabb14-4a7d-4ab3-adbe-2e67760b87f4/dc995a65-a68f-422b-92a6-7e32184879de/in_use.lock acquired by nodename 12822@pr-hdds-2326-wzcfr-1430991126
2019-10-18 11:24:10,467 [pool-9-thread-1] INFO  storage.RaftStorage (RaftStorage.java:format(84)) - Storage directory /workdir/hadoop-ozone/integration-test/target/test-dir/dfs/54aabb14-4a7d-4ab3-adbe-2e67760b87f4/dc995a65-a68f-422b-92a6-7e32184879de has been successfully formatted.
2019-10-18 11:24:10,467 [pool-9-thread-1] INFO  ratis.ContainerStateMachine (ContainerStateMachine.java:loadSnapshot(231)) - group-7E32184879DE: The snapshot info is null. Setting the last applied indexto:(t:0, i:~)
2019-10-18 11:24:10,467 [pool-9-thread-1] INFO  server.RaftServerConfigKeys (ConfUtils.java:logGet(43)) - raft.server.notification.no-leader.timeout = 120s (custom)
2019-10-18 11:24:10,468 [pool-9-thread-1] INFO  server.RaftServerConfigKeys (ConfUtils.java:logGet(43)) - raft.server.log.use.memory = false (default)
2019-10-18 11:24:10,468 [pool-9-thread-1] INFO  server.RaftServerConfigKeys (ConfUtils.java:logGet(43)) - raft.server.log.purge.gap = 1000000 (custom)
2019-10-18 11:24:10,468 [pool-9-thread-1] INFO  server.RaftServerConfigKeys (ConfUtils.java:logGet(43)) - raft.server.log.appender.buffer.byte-limit = 33554432 (custom)
2019-10-18 11:24:10,468 [pool-9-thread-1] INFO  server.RaftServerConfigKeys (ConfUtils.java:logGet(43)) - raft.server.log.segment.size.max = 1048576 (custom)
2019-10-18 11:24:10,472 [pool-9-thread-1] INFO  server.RaftServerConfigKeys (ConfUtils.java:logGet(43)) - raft.server.log.segment.cache.num.max = 2 (custom)
2019-10-18 11:24:10,472 [pool-9-thread-1] INFO  segmented.SegmentedRaftLogWorker (SegmentedRaftLogWorker.java:<init>(173)) - new 54aabb14-4a7d-4ab3-adbe-2e67760b87f4@group-7E32184879DE-SegmentedRaftLogWorker for RaftStorage:Storage Directory /workdir/hadoop-ozone/integration-test/target/test-dir/dfs/54aabb14-4a7d-4ab3-adbe-2e67760b87f4/dc995a65-a68f-422b-92a6-7e32184879de
2019-10-18 11:24:10,473 [pool-9-thread-1] INFO  server.RaftServerConfigKeys (ConfUtils.java:logGet(43)) - raft.server.log.queue.byte-limit = 2147483647 (custom)
2019-10-18 11:24:10,473 [pool-9-thread-1] INFO  server.RaftServerConfigKeys (ConfUtils.java:logGet(43)) - raft.server.log.queue.element-limit = 1024 (custom)
2019-10-18 11:24:10,473 [pool-9-thread-1] INFO  server.RaftServerConfigKeys (ConfUtils.java:logGet(43)) - raft.server.log.segment.size.max = 1048576 (custom)
2019-10-18 11:24:10,473 [pool-9-thread-1] INFO  server.RaftServerConfigKeys (ConfUtils.java:logGet(43)) - raft.server.log.preallocated.size = 16384 (custom)
2019-10-18 11:24:10,473 [pool-9-thread-1] INFO  server.RaftServerConfigKeys (ConfUtils.java:logGet(43)) - raft.server.log.write.buffer.size = 33554432 (custom)
2019-10-18 11:24:10,474 [pool-9-thread-1] INFO  server.RaftServerConfigKeys (ConfUtils.java:logGet(43)) - raft.server.log.force.sync.num = 128 (default)
2019-10-18 11:24:10,474 [pool-9-thread-1] INFO  server.RaftServerConfigKeys (ConfUtils.java:logGet(43)) - raft.server.log.statemachine.data.sync = true (default)
2019-10-18 11:24:10,474 [pool-9-thread-1] INFO  server.RaftServerConfigKeys (ConfUtils.java:logGet(43)) - raft.server.log.statemachine.data.sync.timeout = 10s (default)
2019-10-18 11:24:10,474 [pool-9-thread-1] INFO  server.RaftServerConfigKeys (ConfUtils.java:logGet(43)) - raft.server.log.statemachine.data.sync.timeout.retry = -1 (default)
2019-10-18 11:24:10,475 [pool-9-thread-1] INFO  server.RaftServerConfigKeys (ConfUtils.java:logGet(43)) - raft.server.log.statemachine.data.caching.enabled = true (custom)
2019-10-18 11:24:10,475 [pool-9-thread-1] INFO  segmented.SegmentedRaftLogWorker (SegmentedRaftLogWorker.java:lambda$new$0(128)) - 54aabb14-4a7d-4ab3-adbe-2e67760b87f4@group-7E32184879DE-SegmentedRaftLogWorker: flushIndex: setUnconditionally 0 -> -1
2019-10-18 11:24:10,476 [pool-9-thread-1] INFO  server.RaftServerConfigKeys (ConfUtils.java:logGet(43)) - raft.server.snapshot.auto.trigger.enabled = true (custom)
2019-10-18 11:24:10,476 [pool-9-thread-1] INFO  server.RaftServerConfigKeys (ConfUtils.java:logGet(43)) - raft.server.snapshot.auto.trigger.threshold = 10000 (custom)
2019-10-18 11:24:10,476 [pool-9-thread-1] INFO  server.RaftServerConfigKeys (ConfUtils.java:logGet(43)) - raft.server.snapshot.retention.file.num = 5 (custom)
2019-10-18 11:24:10,477 [pool-9-thread-1] INFO  server.RaftServerConfigKeys (ConfUtils.java:logGet(43)) - raft.server.retrycache.expirytime = 600000ms (custom)
2019-10-18 11:24:10,483 [pool-9-thread-1] INFO  impl.RaftServerImpl (RaftServerImpl.java:start(195)) - 54aabb14-4a7d-4ab3-adbe-2e67760b87f4@group-7E32184879DE: start as a follower, conf=-1: [f535bb4a-cba0-4f9b-9e3e-e4a48b3eda51:0.0.0.0:44706, 54aabb14-4a7d-4ab3-adbe-2e67760b87f4:0.0.0.0:43074, c652e2ee-3322-4406-8db6-1ea643cb3197:0.0.0.0:42129], old=null
2019-10-18 11:24:10,483 [pool-9-thread-1] INFO  impl.RaftServerImpl (RaftServerImpl.java:setRole(184)) - 54aabb14-4a7d-4ab3-adbe-2e67760b87f4@group-7E32184879DE: changes role from      null to FOLLOWER at term 0 for startAsFollower
2019-10-18 11:24:10,484 [pool-9-thread-1] INFO  impl.RoleInfo (RoleInfo.java:updateAndGet(143)) - 54aabb14-4a7d-4ab3-adbe-2e67760b87f4: start FollowerState
2019-10-18 11:24:10,484 [pool-9-thread-1] INFO  util.JmxRegister (JmxRegister.java:tryRegister(44)) - Successfully registered JMX Bean with object name Ratis:service=RaftServer,group=group-7E32184879DE,id=54aabb14-4a7d-4ab3-adbe-2e67760b87f4
2019-10-18 11:24:10,486 [grpc-default-executor-1] INFO  impl.RaftServerImpl (RaftServerImpl.java:setRole(184)) - 54aabb14-4a7d-4ab3-adbe-2e67760b87f4@group-7E32184879DE: changes role from  FOLLOWER to FOLLOWER at term 1 for recognizeCandidate:c652e2ee-3322-4406-8db6-1ea643cb3197
2019-10-18 11:24:10,486 [grpc-default-executor-1] INFO  impl.RoleInfo (RoleInfo.java:shutdownFollowerState(121)) - 54aabb14-4a7d-4ab3-adbe-2e67760b87f4: shutdown FollowerState
2019-10-18 11:24:10,486 [grpc-default-executor-1] INFO  impl.RoleInfo (RoleInfo.java:updateAndGet(143)) - 54aabb14-4a7d-4ab3-adbe-2e67760b87f4: start FollowerState
2019-10-18 11:24:10,486 [Thread-24] INFO  impl.FollowerState (FollowerState.java:run(117)) - 54aabb14-4a7d-4ab3-adbe-2e67760b87f4@group-7E32184879DE-FollowerState was interrupted: java.lang.InterruptedException: sleep interrupted
2019-10-18 11:24:10,494 [main] INFO  impl.RaftServerProxy (ConfUtils.java:logGet(43)) - raft.rpc.type = GRPC (default)
2019-10-18 11:24:10,495 [main] INFO  grpc.GrpcFactory (GrpcFactory.java:checkPooledByteBufAllocatorUseCacheForAllThreads(45)) - PERFORMANCE WARNING: useCacheForAllThreads is true that may cause Netty to create a lot garbage objects and, as a result, trigger GC.
	It is recommended to disable useCacheForAllThreads by setting -Dorg.apache.ratis.thirdparty.io.netty.allocator.useCacheForAllThreads=false in command line.
2019-10-18 11:24:10,495 [main] INFO  grpc.GrpcConfigKeys$Server (ConfUtils.java:logGet(43)) - raft.grpc.server.port = 44706 (custom)
2019-10-18 11:24:10,495 [main] INFO  server.GrpcService (ConfUtils.java:logGet(43)) - raft.grpc.message.size.max = 33570816 (custom)
2019-10-18 11:24:10,496 [main] INFO  server.RaftServerConfigKeys (ConfUtils.java:logGet(43)) - raft.server.log.appender.buffer.byte-limit = 33554432 (custom)
2019-10-18 11:24:10,496 [main] INFO  server.GrpcService (ConfUtils.java:logGet(43)) - raft.grpc.flow.control.window = 1MB (=1048576) (default)
2019-10-18 11:24:10,496 [main] INFO  server.RaftServerConfigKeys (ConfUtils.java:logGet(43)) - raft.server.rpc.request.timeout = 3000ms (default)
2019-10-18 11:24:10,497 [main] INFO  server.RaftServerConfigKeys (ConfUtils.java:logGet(43)) - raft.server.storage.dir = [/workdir/hadoop-ozone/integration-test/target/test-dir/dfs/f535bb4a-cba0-4f9b-9e3e-e4a48b3eda51] (custom)
2019-10-18 11:24:10,497 [main] INFO  ratis.XceiverServerRatis (XceiverServerRatis.java:start(418)) - Starting XceiverServerRatis f535bb4a-cba0-4f9b-9e3e-e4a48b3eda51 at port 44706
2019-10-18 11:24:10,501 [c652e2ee-3322-4406-8db6-1ea643cb3197@group-7E32184879DE-LeaderElection2] INFO  impl.LeaderElection (LeaderElection.java:logAndReturn(56)) - c652e2ee-3322-4406-8db6-1ea643cb3197@group-7E32184879DE-LeaderElection2: Election TIMEOUT; received 0 response(s) [] and 1 exception(s); c652e2ee-3322-4406-8db6-1ea643cb3197@group-7E32184879DE:t1, leader=null, voted=c652e2ee-3322-4406-8db6-1ea643cb3197, raftlog=c652e2ee-3322-4406-8db6-1ea643cb3197@group-7E32184879DE-SegmentedRaftLog:OPENED:c-1,f-1,i0, conf=-1: [f535bb4a-cba0-4f9b-9e3e-e4a48b3eda51:0.0.0.0:44706, 54aabb14-4a7d-4ab3-adbe-2e67760b87f4:0.0.0.0:43074, c652e2ee-3322-4406-8db6-1ea643cb3197:0.0.0.0:42129], old=null
2019-10-18 11:24:10,502 [c652e2ee-3322-4406-8db6-1ea643cb3197@group-7E32184879DE-LeaderElection2] INFO  impl.LeaderElection (LogUtils.java:infoOrTrace(149)) -   Exception 0: {}
java.util.concurrent.ExecutionException: org.apache.ratis.thirdparty.io.grpc.StatusRuntimeException: UNAVAILABLE: io exception
	at java.util.concurrent.FutureTask.report(FutureTask.java:122)
	at java.util.concurrent.FutureTask.get(FutureTask.java:192)
	at org.apache.ratis.server.impl.LeaderElection.waitForResults(LeaderElection.java:259)
	at org.apache.ratis.server.impl.LeaderElection.askForVotes(LeaderElection.java:197)
	at org.apache.ratis.server.impl.LeaderElection.run(LeaderElection.java:133)
	at java.lang.Thread.run(Thread.java:748)
Caused by: org.apache.ratis.thirdparty.io.grpc.StatusRuntimeException: UNAVAILABLE: io exception
	at org.apache.ratis.thirdparty.io.grpc.stub.ClientCalls.toStatusRuntimeException(ClientCalls.java:233)
	at org.apache.ratis.thirdparty.io.grpc.stub.ClientCalls.getUnchecked(ClientCalls.java:214)
	at org.apache.ratis.thirdparty.io.grpc.stub.ClientCalls.blockingUnaryCall(ClientCalls.java:139)
	at org.apache.ratis.proto.grpc.RaftServerProtocolServiceGrpc$RaftServerProtocolServiceBlockingStub.requestVote(RaftServerProtocolServiceGrpc.java:265)
	at org.apache.ratis.grpc.server.GrpcServerProtocolClient.requestVote(GrpcServerProtocolClient.java:99)
	at org.apache.ratis.grpc.server.GrpcService.requestVote(GrpcService.java:204)
	at org.apache.ratis.server.impl.LeaderElection.lambda$submitRequests$1(LeaderElection.java:234)
	at java.util.concurrent.FutureTask.run(FutureTask.java:266)
	at java.util.concurrent.Executors$RunnableAdapter.call(Executors.java:511)
	at java.util.concurrent.FutureTask.run(FutureTask.java:266)
	at java.util.concurrent.ThreadPoolExecutor.runWorker(ThreadPoolExecutor.java:1149)
	at java.util.concurrent.ThreadPoolExecutor$Worker.run(ThreadPoolExecutor.java:624)
	... 1 more
Caused by: org.apache.ratis.thirdparty.io.netty.channel.AbstractChannel$AnnotatedConnectException: Connection refused: /0.0.0.0:44706
	at sun.nio.ch.SocketChannelImpl.checkConnect(Native Method)
	at sun.nio.ch.SocketChannelImpl.finishConnect(SocketChannelImpl.java:717)
	at org.apache.ratis.thirdparty.io.netty.channel.socket.nio.NioSocketChannel.doFinishConnect(NioSocketChannel.java:327)
	at org.apache.ratis.thirdparty.io.netty.channel.nio.AbstractNioChannel$AbstractNioUnsafe.finishConnect(AbstractNioChannel.java:340)
	at org.apache.ratis.thirdparty.io.netty.channel.nio.NioEventLoop.processSelectedKey(NioEventLoop.java:632)
	at org.apache.ratis.thirdparty.io.netty.channel.nio.NioEventLoop.processSelectedKeysOptimized(NioEventLoop.java:579)
	at org.apache.ratis.thirdparty.io.netty.channel.nio.NioEventLoop.processSelectedKeys(NioEventLoop.java:496)
	at org.apache.ratis.thirdparty.io.netty.channel.nio.NioEventLoop.run(NioEventLoop.java:458)
	at org.apache.ratis.thirdparty.io.netty.util.concurrent.SingleThreadEventExecutor$5.run(SingleThreadEventExecutor.java:897)
	at org.apache.ratis.thirdparty.io.netty.util.concurrent.FastThreadLocalRunnable.run(FastThreadLocalRunnable.java:30)
	... 1 more
Caused by: java.net.ConnectException: Connection refused
	... 11 more
2019-10-18 11:24:10,507 [main] INFO  impl.RaftServerProxy (RaftServerProxy.java:lambda$start$3(299)) - f535bb4a-cba0-4f9b-9e3e-e4a48b3eda51: start RPC server
2019-10-18 11:24:10,509 [main] INFO  server.GrpcService (GrpcService.java:startImpl(158)) - f535bb4a-cba0-4f9b-9e3e-e4a48b3eda51: GrpcService started, listening on 0.0.0.0/0.0.0.0:44706
2019-10-18 11:24:10,524 [c652e2ee-3322-4406-8db6-1ea643cb3197@group-7E32184879DE-LeaderElection2] INFO  impl.LeaderElection (LeaderElection.java:askForVotes(178)) - c652e2ee-3322-4406-8db6-1ea643cb3197@group-7E32184879DE-LeaderElection2: begin an election at term 2 for -1: [f535bb4a-cba0-4f9b-9e3e-e4a48b3eda51:0.0.0.0:44706, 54aabb14-4a7d-4ab3-adbe-2e67760b87f4:0.0.0.0:43074, c652e2ee-3322-4406-8db6-1ea643cb3197:0.0.0.0:42129], old=null
2019-10-18 11:24:10,526 [c652e2ee-3322-4406-8db6-1ea643cb3197@group-7E32184879DE-LeaderElection2] INFO  impl.LeaderElection (LogUtils.java:infoOrTrace(149)) - c652e2ee-3322-4406-8db6-1ea643cb3197@group-7E32184879DE-LeaderElection2 got exception when requesting votes: {}
java.util.concurrent.ExecutionException: org.apache.ratis.thirdparty.io.grpc.StatusRuntimeException: UNAVAILABLE: io exception
	at java.util.concurrent.FutureTask.report(FutureTask.java:122)
	at java.util.concurrent.FutureTask.get(FutureTask.java:192)
	at org.apache.ratis.server.impl.LeaderElection.waitForResults(LeaderElection.java:259)
	at org.apache.ratis.server.impl.LeaderElection.askForVotes(LeaderElection.java:197)
	at org.apache.ratis.server.impl.LeaderElection.run(LeaderElection.java:133)
	at java.lang.Thread.run(Thread.java:748)
Caused by: org.apache.ratis.thirdparty.io.grpc.StatusRuntimeException: UNAVAILABLE: io exception
	at org.apache.ratis.thirdparty.io.grpc.stub.ClientCalls.toStatusRuntimeException(ClientCalls.java:233)
	at org.apache.ratis.thirdparty.io.grpc.stub.ClientCalls.getUnchecked(ClientCalls.java:214)
	at org.apache.ratis.thirdparty.io.grpc.stub.ClientCalls.blockingUnaryCall(ClientCalls.java:139)
	at org.apache.ratis.proto.grpc.RaftServerProtocolServiceGrpc$RaftServerProtocolServiceBlockingStub.requestVote(RaftServerProtocolServiceGrpc.java:265)
	at org.apache.ratis.grpc.server.GrpcServerProtocolClient.requestVote(GrpcServerProtocolClient.java:99)
	at org.apache.ratis.grpc.server.GrpcService.requestVote(GrpcService.java:204)
	at org.apache.ratis.server.impl.LeaderElection.lambda$submitRequests$1(LeaderElection.java:234)
	at java.util.concurrent.FutureTask.run(FutureTask.java:266)
	at java.util.concurrent.Executors$RunnableAdapter.call(Executors.java:511)
	at java.util.concurrent.FutureTask.run(FutureTask.java:266)
	at java.util.concurrent.ThreadPoolExecutor.runWorker(ThreadPoolExecutor.java:1149)
	at java.util.concurrent.ThreadPoolExecutor$Worker.run(ThreadPoolExecutor.java:624)
	... 1 more
Caused by: org.apache.ratis.thirdparty.io.netty.channel.AbstractChannel$AnnotatedConnectException: Connection refused: /0.0.0.0:44706
	at sun.nio.ch.SocketChannelImpl.checkConnect(Native Method)
	at sun.nio.ch.SocketChannelImpl.finishConnect(SocketChannelImpl.java:717)
	at org.apache.ratis.thirdparty.io.netty.channel.socket.nio.NioSocketChannel.doFinishConnect(NioSocketChannel.java:327)
	at org.apache.ratis.thirdparty.io.netty.channel.nio.AbstractNioChannel$AbstractNioUnsafe.finishConnect(AbstractNioChannel.java:340)
	at org.apache.ratis.thirdparty.io.netty.channel.nio.NioEventLoop.processSelectedKey(NioEventLoop.java:632)
	at org.apache.ratis.thirdparty.io.netty.channel.nio.NioEventLoop.processSelectedKeysOptimized(NioEventLoop.java:579)
	at org.apache.ratis.thirdparty.io.netty.channel.nio.NioEventLoop.processSelectedKeys(NioEventLoop.java:496)
	at org.apache.ratis.thirdparty.io.netty.channel.nio.NioEventLoop.run(NioEventLoop.java:458)
	at org.apache.ratis.thirdparty.io.netty.util.concurrent.SingleThreadEventExecutor$5.run(SingleThreadEventExecutor.java:897)
	at org.apache.ratis.thirdparty.io.netty.util.concurrent.FastThreadLocalRunnable.run(FastThreadLocalRunnable.java:30)
	... 1 more
Caused by: java.net.ConnectException: Connection refused
	... 11 more
2019-10-18 11:24:10,532 [grpc-default-executor-1] INFO  impl.RaftServerImpl (RaftServerImpl.java:setRole(184)) - 54aabb14-4a7d-4ab3-adbe-2e67760b87f4@group-7E32184879DE: changes role from  FOLLOWER to FOLLOWER at term 2 for recognizeCandidate:c652e2ee-3322-4406-8db6-1ea643cb3197
2019-10-18 11:24:10,532 [grpc-default-executor-1] INFO  impl.RoleInfo (RoleInfo.java:shutdownFollowerState(121)) - 54aabb14-4a7d-4ab3-adbe-2e67760b87f4: shutdown FollowerState
2019-10-18 11:24:10,533 [grpc-default-executor-1] INFO  impl.RoleInfo (RoleInfo.java:updateAndGet(143)) - 54aabb14-4a7d-4ab3-adbe-2e67760b87f4: start FollowerState
2019-10-18 11:24:10,533 [Thread-25] INFO  impl.FollowerState (FollowerState.java:run(117)) - 54aabb14-4a7d-4ab3-adbe-2e67760b87f4@group-7E32184879DE-FollowerState was interrupted: java.lang.InterruptedException: sleep interrupted
2019-10-18 11:24:10,543 [grpc-default-executor-0] INFO  impl.RaftServerProxy (RaftServerProxy.java:addNew(89)) - f535bb4a-cba0-4f9b-9e3e-e4a48b3eda51: addNew group-7E32184879DE:[f535bb4a-cba0-4f9b-9e3e-e4a48b3eda51:0.0.0.0:44706, 54aabb14-4a7d-4ab3-adbe-2e67760b87f4:0.0.0.0:43074, c652e2ee-3322-4406-8db6-1ea643cb3197:0.0.0.0:42129] returns group-7E32184879DE:java.util.concurrent.CompletableFuture@651aae88[Not completed]
2019-10-18 11:24:10,545 [pool-11-thread-1] INFO  impl.RaftServerImpl (RaftServerImpl.java:<init>(104)) - f535bb4a-cba0-4f9b-9e3e-e4a48b3eda51: new RaftServerImpl for group-7E32184879DE:[f535bb4a-cba0-4f9b-9e3e-e4a48b3eda51:0.0.0.0:44706, 54aabb14-4a7d-4ab3-adbe-2e67760b87f4:0.0.0.0:43074, c652e2ee-3322-4406-8db6-1ea643cb3197:0.0.0.0:42129] with ContainerStateMachine:uninitialized
2019-10-18 11:24:10,546 [pool-11-thread-1] INFO  server.RaftServerConfigKeys (ConfUtils.java:logGet(43)) - raft.server.rpc.timeout.min = 5s (custom)
2019-10-18 11:24:10,546 [pool-11-thread-1] INFO  server.RaftServerConfigKeys (ConfUtils.java:logGet(43)) - raft.server.rpc.timeout.max = 5200ms (custom)
2019-10-18 11:24:10,546 [pool-11-thread-1] INFO  server.RaftServerConfigKeys (ConfUtils.java:logGet(43)) - raft.server.rpcslowness.timeout = 120s (custom)
2019-10-18 11:24:10,546 [pool-11-thread-1] INFO  server.RaftServerConfigKeys (ConfUtils.java:logGet(43)) - raft.server.sleep.deviation.threshold = 300 (default)
2019-10-18 11:24:10,546 [pool-11-thread-1] INFO  server.RaftServerConfigKeys (ConfUtils.java:logGet(43)) - raft.server.log.appender.install.snapshot.enabled = false (custom)
2019-10-18 11:24:10,546 [pool-11-thread-1] INFO  impl.RaftServerImpl (ServerState.java:<init>(103)) - f535bb4a-cba0-4f9b-9e3e-e4a48b3eda51@group-7E32184879DE: ConfigurationManager, init=-1: [f535bb4a-cba0-4f9b-9e3e-e4a48b3eda51:0.0.0.0:44706, 54aabb14-4a7d-4ab3-adbe-2e67760b87f4:0.0.0.0:43074, c652e2ee-3322-4406-8db6-1ea643cb3197:0.0.0.0:42129], old=null, confs=<EMPTY_MAP>
2019-10-18 11:24:10,547 [pool-11-thread-1] INFO  server.RaftServerConfigKeys (ConfUtils.java:logGet(43)) - raft.server.storage.dir = [/workdir/hadoop-ozone/integration-test/target/test-dir/dfs/f535bb4a-cba0-4f9b-9e3e-e4a48b3eda51] (custom)
2019-10-18 11:24:10,547 [pool-11-thread-1] INFO  server.RaftServerConfigKeys (ConfUtils.java:logGet(43)) - raft.server.log.corruption.policy = EXCEPTION (default)
2019-10-18 11:24:10,547 [pool-11-thread-1] INFO  storage.RaftStorageDirectory (RaftStorageDirectory.java:analyzeStorage(246)) - The storage directory /workdir/hadoop-ozone/integration-test/target/test-dir/dfs/f535bb4a-cba0-4f9b-9e3e-e4a48b3eda51/dc995a65-a68f-422b-92a6-7e32184879de does not exist. Creating ...
2019-10-18 11:24:10,577 [Thread-29] INFO  impl.FollowerState (FollowerState.java:run(108)) - 54aabb14-4a7d-4ab3-adbe-2e67760b87f4@group-7E32184879DE-FollowerState: change to CANDIDATE, lastRpcTime:43ms, electionTimeout:19ms
2019-10-18 11:24:10,577 [Thread-29] INFO  impl.RoleInfo (RoleInfo.java:shutdownFollowerState(121)) - 54aabb14-4a7d-4ab3-adbe-2e67760b87f4: shutdown FollowerState
2019-10-18 11:24:10,577 [Thread-29] INFO  impl.RaftServerImpl (RaftServerImpl.java:setRole(184)) - 54aabb14-4a7d-4ab3-adbe-2e67760b87f4@group-7E32184879DE: changes role from  FOLLOWER to CANDIDATE at term 2 for changeToCandidate
2019-10-18 11:24:10,577 [Thread-29] INFO  impl.RoleInfo (RoleInfo.java:updateAndGet(143)) - 54aabb14-4a7d-4ab3-adbe-2e67760b87f4: start LeaderElection
2019-10-18 11:24:10,581 [c652e2ee-3322-4406-8db6-1ea643cb3197@group-7E32184879DE-LeaderElection2] INFO  impl.LeaderElection (LeaderElection.java:logAndReturn(56)) - c652e2ee-3322-4406-8db6-1ea643cb3197@group-7E32184879DE-LeaderElection2: Election PASSED; received 1 response(s) [c652e2ee-3322-4406-8db6-1ea643cb3197<-54aabb14-4a7d-4ab3-adbe-2e67760b87f4#0:OK-t2] and 1 exception(s); c652e2ee-3322-4406-8db6-1ea643cb3197@group-7E32184879DE:t2, leader=null, voted=c652e2ee-3322-4406-8db6-1ea643cb3197, raftlog=c652e2ee-3322-4406-8db6-1ea643cb3197@group-7E32184879DE-SegmentedRaftLog:OPENED:c-1,f-1,i0, conf=-1: [f535bb4a-cba0-4f9b-9e3e-e4a48b3eda51:0.0.0.0:44706, 54aabb14-4a7d-4ab3-adbe-2e67760b87f4:0.0.0.0:43074, c652e2ee-3322-4406-8db6-1ea643cb3197:0.0.0.0:42129], old=null
2019-10-18 11:24:10,581 [c652e2ee-3322-4406-8db6-1ea643cb3197@group-7E32184879DE-LeaderElection2] INFO  impl.LeaderElection (LogUtils.java:infoOrTrace(149)) -   Exception 0: {}
java.util.concurrent.ExecutionException: org.apache.ratis.thirdparty.io.grpc.StatusRuntimeException: UNAVAILABLE: io exception
	at java.util.concurrent.FutureTask.report(FutureTask.java:122)
	at java.util.concurrent.FutureTask.get(FutureTask.java:192)
	at org.apache.ratis.server.impl.LeaderElection.waitForResults(LeaderElection.java:259)
	at org.apache.ratis.server.impl.LeaderElection.askForVotes(LeaderElection.java:197)
	at org.apache.ratis.server.impl.LeaderElection.run(LeaderElection.java:133)
	at java.lang.Thread.run(Thread.java:748)
Caused by: org.apache.ratis.thirdparty.io.grpc.StatusRuntimeException: UNAVAILABLE: io exception
	at org.apache.ratis.thirdparty.io.grpc.stub.ClientCalls.toStatusRuntimeException(ClientCalls.java:233)
	at org.apache.ratis.thirdparty.io.grpc.stub.ClientCalls.getUnchecked(ClientCalls.java:214)
	at org.apache.ratis.thirdparty.io.grpc.stub.ClientCalls.blockingUnaryCall(ClientCalls.java:139)
	at org.apache.ratis.proto.grpc.RaftServerProtocolServiceGrpc$RaftServerProtocolServiceBlockingStub.requestVote(RaftServerProtocolServiceGrpc.java:265)
	at org.apache.ratis.grpc.server.GrpcServerProtocolClient.requestVote(GrpcServerProtocolClient.java:99)
	at org.apache.ratis.grpc.server.GrpcService.requestVote(GrpcService.java:204)
	at org.apache.ratis.server.impl.LeaderElection.lambda$submitRequests$1(LeaderElection.java:234)
	at java.util.concurrent.FutureTask.run(FutureTask.java:266)
	at java.util.concurrent.Executors$RunnableAdapter.call(Executors.java:511)
	at java.util.concurrent.FutureTask.run(FutureTask.java:266)
	at java.util.concurrent.ThreadPoolExecutor.runWorker(ThreadPoolExecutor.java:1149)
	at java.util.concurrent.ThreadPoolExecutor$Worker.run(ThreadPoolExecutor.java:624)
	... 1 more
Caused by: org.apache.ratis.thirdparty.io.netty.channel.AbstractChannel$AnnotatedConnectException: Connection refused: /0.0.0.0:44706
	at sun.nio.ch.SocketChannelImpl.checkConnect(Native Method)
	at sun.nio.ch.SocketChannelImpl.finishConnect(SocketChannelImpl.java:717)
	at org.apache.ratis.thirdparty.io.netty.channel.socket.nio.NioSocketChannel.doFinishConnect(NioSocketChannel.java:327)
	at org.apache.ratis.thirdparty.io.netty.channel.nio.AbstractNioChannel$AbstractNioUnsafe.finishConnect(AbstractNioChannel.java:340)
	at org.apache.ratis.thirdparty.io.netty.channel.nio.NioEventLoop.processSelectedKey(NioEventLoop.java:632)
	at org.apache.ratis.thirdparty.io.netty.channel.nio.NioEventLoop.processSelectedKeysOptimized(NioEventLoop.java:579)
	at org.apache.ratis.thirdparty.io.netty.channel.nio.NioEventLoop.processSelectedKeys(NioEventLoop.java:496)
	at org.apache.ratis.thirdparty.io.netty.channel.nio.NioEventLoop.run(NioEventLoop.java:458)
	at org.apache.ratis.thirdparty.io.netty.util.concurrent.SingleThreadEventExecutor$5.run(SingleThreadEventExecutor.java:897)
	at org.apache.ratis.thirdparty.io.netty.util.concurrent.FastThreadLocalRunnable.run(FastThreadLocalRunnable.java:30)
	... 1 more
Caused by: java.net.ConnectException: Connection refused
	... 11 more
2019-10-18 11:24:10,582 [c652e2ee-3322-4406-8db6-1ea643cb3197@group-7E32184879DE-LeaderElection2] INFO  impl.RoleInfo (RoleInfo.java:shutdownLeaderElection(134)) - c652e2ee-3322-4406-8db6-1ea643cb3197: shutdown LeaderElection
2019-10-18 11:24:10,582 [c652e2ee-3322-4406-8db6-1ea643cb3197@group-7E32184879DE-LeaderElection2] INFO  impl.RaftServerImpl (RaftServerImpl.java:setRole(184)) - c652e2ee-3322-4406-8db6-1ea643cb3197@group-7E32184879DE: changes role from CANDIDATE to LEADER at term 2 for changeToLeader
2019-10-18 11:24:10,583 [c652e2ee-3322-4406-8db6-1ea643cb3197@group-7E32184879DE-LeaderElection2] INFO  impl.RaftServerImpl (ServerState.java:setLeader(256)) - c652e2ee-3322-4406-8db6-1ea643cb3197@group-7E32184879DE: change Leader from null to c652e2ee-3322-4406-8db6-1ea643cb3197 at term 2 for becomeLeader, leader elected after 243ms
2019-10-18 11:24:10,583 [c652e2ee-3322-4406-8db6-1ea643cb3197@group-7E32184879DE-LeaderElection2] INFO  server.RaftServerConfigKeys (ConfUtils.java:logGet(43)) - raft.server.staging.catchup.gap = 1000 (default)
2019-10-18 11:24:10,584 [c652e2ee-3322-4406-8db6-1ea643cb3197@group-7E32184879DE-LeaderElection2] INFO  server.RaftServerConfigKeys (ConfUtils.java:logGet(43)) - raft.server.rpc.sleep.time = 25ms (default)
2019-10-18 11:24:10,584 [c652e2ee-3322-4406-8db6-1ea643cb3197@group-7E32184879DE-LeaderElection2] INFO  server.RaftServerConfigKeys (ConfUtils.java:logGet(43)) - raft.server.write.element-limit = 4096 (default)
2019-10-18 11:24:10,584 [c652e2ee-3322-4406-8db6-1ea643cb3197@group-7E32184879DE-LeaderElection2] INFO  server.RaftServerConfigKeys (ConfUtils.java:logGet(43)) - raft.server.watch.timeout = 10s (default)
2019-10-18 11:24:10,584 [c652e2ee-3322-4406-8db6-1ea643cb3197@group-7E32184879DE-LeaderElection2] INFO  server.RaftServerConfigKeys (ConfUtils.java:logGet(43)) - raft.server.watch.timeout.denomination = 1s (default)
2019-10-18 11:24:10,584 [c652e2ee-3322-4406-8db6-1ea643cb3197@group-7E32184879DE-LeaderElection2] INFO  server.RaftServerConfigKeys (ConfUtils.java:logGet(43)) - raft.server.watch.element-limit = 65536 (default)
2019-10-18 11:24:10,585 [pool-11-thread-1] INFO  storage.RaftStorageDirectory (RaftStorageDirectory.java:tryLock(328)) - Lock on /workdir/hadoop-ozone/integration-test/target/test-dir/dfs/f535bb4a-cba0-4f9b-9e3e-e4a48b3eda51/dc995a65-a68f-422b-92a6-7e32184879de/in_use.lock acquired by nodename 12822@pr-hdds-2326-wzcfr-1430991126
2019-10-18 11:24:10,589 [c652e2ee-3322-4406-8db6-1ea643cb3197@group-7E32184879DE-LeaderElection2] INFO  server.RaftServerConfigKeys (ConfUtils.java:logGet(43)) - raft.server.log.appender.snapshot.chunk.size.max = 16MB (=16777216) (default)
2019-10-18 11:24:10,589 [c652e2ee-3322-4406-8db6-1ea643cb3197@group-7E32184879DE-LeaderElection2] INFO  server.RaftServerConfigKeys (ConfUtils.java:logGet(43)) - raft.server.log.appender.buffer.byte-limit = 33554432 (custom)
2019-10-18 11:24:10,590 [c652e2ee-3322-4406-8db6-1ea643cb3197@group-7E32184879DE-LeaderElection2] INFO  server.RaftServerConfigKeys (ConfUtils.java:logGet(43)) - raft.server.log.appender.buffer.element-limit = 1 (custom)
2019-10-18 11:24:10,593 [c652e2ee-3322-4406-8db6-1ea643cb3197@group-7E32184879DE-LeaderElection2] INFO  grpc.GrpcConfigKeys$Server (ConfUtils.java:logGet(43)) - raft.grpc.server.leader.outstanding.appends.max = 128 (default)
2019-10-18 11:24:10,593 [c652e2ee-3322-4406-8db6-1ea643cb3197@group-7E32184879DE-LeaderElection2] INFO  server.RaftServerConfigKeys (ConfUtils.java:logGet(43)) - raft.server.rpc.request.timeout = 3000ms (default)
2019-10-18 11:24:10,593 [c652e2ee-3322-4406-8db6-1ea643cb3197@group-7E32184879DE-LeaderElection2] INFO  server.RaftServerConfigKeys (ConfUtils.java:logGet(43)) - raft.server.log.appender.install.snapshot.enabled = false (custom)
2019-10-18 11:24:10,597 [c652e2ee-3322-4406-8db6-1ea643cb3197@group-7E32184879DE-LeaderElection2] INFO  server.RaftServerConfigKeys (ConfUtils.java:logGet(43)) - raft.server.log.appender.snapshot.chunk.size.max = 16MB (=16777216) (default)
2019-10-18 11:24:10,597 [c652e2ee-3322-4406-8db6-1ea643cb3197@group-7E32184879DE-LeaderElection2] INFO  server.RaftServerConfigKeys (ConfUtils.java:logGet(43)) - raft.server.log.appender.buffer.byte-limit = 33554432 (custom)
2019-10-18 11:24:10,597 [c652e2ee-3322-4406-8db6-1ea643cb3197@group-7E32184879DE-LeaderElection2] INFO  server.RaftServerConfigKeys (ConfUtils.java:logGet(43)) - raft.server.log.appender.buffer.element-limit = 1 (custom)
2019-10-18 11:24:10,597 [c652e2ee-3322-4406-8db6-1ea643cb3197@group-7E32184879DE-LeaderElection2] INFO  grpc.GrpcConfigKeys$Server (ConfUtils.java:logGet(43)) - raft.grpc.server.leader.outstanding.appends.max = 128 (default)
2019-10-18 11:24:10,598 [c652e2ee-3322-4406-8db6-1ea643cb3197@group-7E32184879DE-LeaderElection2] INFO  server.RaftServerConfigKeys (ConfUtils.java:logGet(43)) - raft.server.rpc.request.timeout = 3000ms (default)
2019-10-18 11:24:10,598 [c652e2ee-3322-4406-8db6-1ea643cb3197@group-7E32184879DE-LeaderElection2] INFO  server.RaftServerConfigKeys (ConfUtils.java:logGet(43)) - raft.server.log.appender.install.snapshot.enabled = false (custom)
2019-10-18 11:24:10,601 [c652e2ee-3322-4406-8db6-1ea643cb3197@group-7E32184879DE-LeaderElection2] INFO  impl.RoleInfo (RoleInfo.java:updateAndGet(143)) - c652e2ee-3322-4406-8db6-1ea643cb3197: start LeaderState
2019-10-18 11:24:10,601 [c652e2ee-3322-4406-8db6-1ea643cb3197@group-7E32184879DE-LeaderElection2] INFO  segmented.SegmentedRaftLogWorker (SegmentedRaftLogWorker.java:startLogSegment(385)) - c652e2ee-3322-4406-8db6-1ea643cb3197@group-7E32184879DE-SegmentedRaftLogWorker: Starting segment from index:0
2019-10-18 11:24:10,602 [c652e2ee-3322-4406-8db6-1ea643cb3197@group-7E32184879DE-LeaderElection2] INFO  impl.RaftServerImpl (ServerState.java:setRaftConf(357)) - c652e2ee-3322-4406-8db6-1ea643cb3197@group-7E32184879DE: set configuration 0: [f535bb4a-cba0-4f9b-9e3e-e4a48b3eda51:0.0.0.0:44706, 54aabb14-4a7d-4ab3-adbe-2e67760b87f4:0.0.0.0:43074, c652e2ee-3322-4406-8db6-1ea643cb3197:0.0.0.0:42129], old=null at 0
2019-10-18 11:24:10,626 [pool-11-thread-1] INFO  storage.RaftStorage (RaftStorage.java:format(84)) - Storage directory /workdir/hadoop-ozone/integration-test/target/test-dir/dfs/f535bb4a-cba0-4f9b-9e3e-e4a48b3eda51/dc995a65-a68f-422b-92a6-7e32184879de has been successfully formatted.
2019-10-18 11:24:10,626 [54aabb14-4a7d-4ab3-adbe-2e67760b87f4@group-7E32184879DE-LeaderElection3] INFO  impl.LeaderElection (LeaderElection.java:askForVotes(178)) - 54aabb14-4a7d-4ab3-adbe-2e67760b87f4@group-7E32184879DE-LeaderElection3: begin an election at term 3 for -1: [f535bb4a-cba0-4f9b-9e3e-e4a48b3eda51:0.0.0.0:44706, 54aabb14-4a7d-4ab3-adbe-2e67760b87f4:0.0.0.0:43074, c652e2ee-3322-4406-8db6-1ea643cb3197:0.0.0.0:42129], old=null
2019-10-18 11:24:10,627 [pool-11-thread-1] INFO  ratis.ContainerStateMachine (ContainerStateMachine.java:loadSnapshot(231)) - group-7E32184879DE: The snapshot info is null. Setting the last applied indexto:(t:0, i:~)
2019-10-18 11:24:10,628 [pool-11-thread-1] INFO  server.RaftServerConfigKeys (ConfUtils.java:logGet(43)) - raft.server.notification.no-leader.timeout = 120s (custom)
2019-10-18 11:24:10,628 [pool-11-thread-1] INFO  server.RaftServerConfigKeys (ConfUtils.java:logGet(43)) - raft.server.log.use.memory = false (default)
2019-10-18 11:24:10,628 [pool-11-thread-1] INFO  server.RaftServerConfigKeys (ConfUtils.java:logGet(43)) - raft.server.log.purge.gap = 1000000 (custom)
2019-10-18 11:24:10,628 [pool-11-thread-1] INFO  server.RaftServerConfigKeys (ConfUtils.java:logGet(43)) - raft.server.log.appender.buffer.byte-limit = 33554432 (custom)
2019-10-18 11:24:10,629 [pool-11-thread-1] INFO  server.RaftServerConfigKeys (ConfUtils.java:logGet(43)) - raft.server.log.segment.size.max = 1048576 (custom)
2019-10-18 11:24:10,643 [pool-11-thread-1] INFO  server.RaftServerConfigKeys (ConfUtils.java:logGet(43)) - raft.server.log.segment.cache.num.max = 2 (custom)
2019-10-18 11:24:10,644 [pool-11-thread-1] INFO  segmented.SegmentedRaftLogWorker (SegmentedRaftLogWorker.java:<init>(173)) - new f535bb4a-cba0-4f9b-9e3e-e4a48b3eda51@group-7E32184879DE-SegmentedRaftLogWorker for RaftStorage:Storage Directory /workdir/hadoop-ozone/integration-test/target/test-dir/dfs/f535bb4a-cba0-4f9b-9e3e-e4a48b3eda51/dc995a65-a68f-422b-92a6-7e32184879de
2019-10-18 11:24:10,644 [pool-11-thread-1] INFO  server.RaftServerConfigKeys (ConfUtils.java:logGet(43)) - raft.server.log.queue.byte-limit = 2147483647 (custom)
2019-10-18 11:24:10,644 [pool-11-thread-1] INFO  server.RaftServerConfigKeys (ConfUtils.java:logGet(43)) - raft.server.log.queue.element-limit = 1024 (custom)
2019-10-18 11:24:10,644 [pool-11-thread-1] INFO  server.RaftServerConfigKeys (ConfUtils.java:logGet(43)) - raft.server.log.segment.size.max = 1048576 (custom)
2019-10-18 11:24:10,645 [pool-11-thread-1] INFO  server.RaftServerConfigKeys (ConfUtils.java:logGet(43)) - raft.server.log.preallocated.size = 16384 (custom)
2019-10-18 11:24:10,645 [pool-11-thread-1] INFO  server.RaftServerConfigKeys (ConfUtils.java:logGet(43)) - raft.server.log.write.buffer.size = 33554432 (custom)
2019-10-18 11:24:10,645 [grpc-default-executor-1] WARN  server.GrpcLogAppender (LogUtils.java:warn(134)) - c652e2ee-3322-4406-8db6-1ea643cb3197@group-7E32184879DE->f535bb4a-cba0-4f9b-9e3e-e4a48b3eda51-AppendLogResponseHandler: Failed appendEntries: org.apache.ratis.thirdparty.io.grpc.StatusRuntimeException: UNAVAILABLE: io exception
2019-10-18 11:24:10,646 [pool-11-thread-1] INFO  server.RaftServerConfigKeys (ConfUtils.java:logGet(43)) - raft.server.log.force.sync.num = 128 (default)
2019-10-18 11:24:10,647 [pool-11-thread-1] INFO  server.RaftServerConfigKeys (ConfUtils.java:logGet(43)) - raft.server.log.statemachine.data.sync = true (default)
2019-10-18 11:24:10,647 [pool-11-thread-1] INFO  server.RaftServerConfigKeys (ConfUtils.java:logGet(43)) - raft.server.log.statemachine.data.sync.timeout = 10s (default)
2019-10-18 11:24:10,647 [pool-11-thread-1] INFO  server.RaftServerConfigKeys (ConfUtils.java:logGet(43)) - raft.server.log.statemachine.data.sync.timeout.retry = -1 (default)
2019-10-18 11:24:10,648 [pool-11-thread-1] INFO  server.RaftServerConfigKeys (ConfUtils.java:logGet(43)) - raft.server.log.statemachine.data.caching.enabled = true (custom)
2019-10-18 11:24:10,649 [pool-11-thread-1] INFO  segmented.SegmentedRaftLogWorker (SegmentedRaftLogWorker.java:lambda$new$0(128)) - f535bb4a-cba0-4f9b-9e3e-e4a48b3eda51@group-7E32184879DE-SegmentedRaftLogWorker: flushIndex: setUnconditionally 0 -> -1
2019-10-18 11:24:10,650 [pool-11-thread-1] INFO  server.RaftServerConfigKeys (ConfUtils.java:logGet(43)) - raft.server.snapshot.auto.trigger.enabled = true (custom)
2019-10-18 11:24:10,650 [grpc-default-executor-1] INFO  impl.RaftServerImpl (ServerState.java:setLeader(256)) - c652e2ee-3322-4406-8db6-1ea643cb3197@group-7E32184879DE: change Leader from c652e2ee-3322-4406-8db6-1ea643cb3197 to null at term 3 for updateCurrentTerm
2019-10-18 11:24:10,650 [pool-11-thread-1] INFO  server.RaftServerConfigKeys (ConfUtils.java:logGet(43)) - raft.server.snapshot.auto.trigger.threshold = 10000 (custom)
2019-10-18 11:24:10,650 [grpc-default-executor-1] INFO  impl.RaftServerImpl (RaftServerImpl.java:setRole(184)) - c652e2ee-3322-4406-8db6-1ea643cb3197@group-7E32184879DE: changes role from    LEADER to FOLLOWER at term 3 for recognizeCandidate:54aabb14-4a7d-4ab3-adbe-2e67760b87f4
2019-10-18 11:24:10,651 [pool-11-thread-1] INFO  server.RaftServerConfigKeys (ConfUtils.java:logGet(43)) - raft.server.snapshot.retention.file.num = 5 (custom)
2019-10-18 11:24:10,651 [grpc-default-executor-1] INFO  impl.RoleInfo (RoleInfo.java:shutdownLeaderState(104)) - c652e2ee-3322-4406-8db6-1ea643cb3197: shutdown LeaderState
2019-10-18 11:24:10,651 [pool-11-thread-1] INFO  server.RaftServerConfigKeys (ConfUtils.java:logGet(43)) - raft.server.retrycache.expirytime = 600000ms (custom)
2019-10-18 11:24:10,652 [org.apache.ratis.server.impl.LogAppender$AppenderDaemon$$Lambda$404/978879695@6edacc9c] WARN  server.GrpcLogAppender (GrpcLogAppender.java:mayWait(149)) - c652e2ee-3322-4406-8db6-1ea643cb3197@group-7E32184879DE->f535bb4a-cba0-4f9b-9e3e-e4a48b3eda51-GrpcLogAppender: Wait interrupted by java.lang.InterruptedException
2019-10-18 11:24:10,653 [org.apache.ratis.server.impl.LogAppender$AppenderDaemon$$Lambda$404/978879695@66f58639] WARN  server.GrpcLogAppender (GrpcLogAppender.java:mayWait(149)) - c652e2ee-3322-4406-8db6-1ea643cb3197@group-7E32184879DE->54aabb14-4a7d-4ab3-adbe-2e67760b87f4-GrpcLogAppender: Wait interrupted by java.lang.InterruptedException
2019-10-18 11:24:10,653 [c652e2ee-3322-4406-8db6-1ea643cb3197@group-7E32184879DE-SegmentedRaftLogWorker] INFO  segmented.SegmentedRaftLogWorker (SegmentedRaftLogWorker.java:execute(576)) - c652e2ee-3322-4406-8db6-1ea643cb3197@group-7E32184879DE-SegmentedRaftLogWorker: created new log segment /workdir/hadoop-ozone/integration-test/target/test-dir/dfs/c652e2ee-3322-4406-8db6-1ea643cb3197/dc995a65-a68f-422b-92a6-7e32184879de/current/log_inprogress_0
2019-10-18 11:24:10,653 [grpc-default-executor-1] INFO  impl.PendingRequests (PendingRequests.java:sendNotLeaderResponses(202)) - c652e2ee-3322-4406-8db6-1ea643cb3197@group-7E32184879DE-PendingRequests: sendNotLeaderResponses
2019-10-18 11:24:10,655 [grpc-default-executor-1] INFO  impl.RoleInfo (RoleInfo.java:updateAndGet(143)) - c652e2ee-3322-4406-8db6-1ea643cb3197: start FollowerState
2019-10-18 11:24:10,661 [grpc-default-executor-0] INFO  server.GrpcServerProtocolService (GrpcServerProtocolService.java:onCompleted(113)) - 54aabb14-4a7d-4ab3-adbe-2e67760b87f4: Completed APPEND_ENTRIES, lastRequest: c652e2ee-3322-4406-8db6-1ea643cb3197->54aabb14-4a7d-4ab3-adbe-2e67760b87f4#0-t2, previous=(t:0, i:0), leaderCommit=-1, initializing? false, entries: <empty>
2019-10-18 11:24:10,663 [pool-11-thread-1] INFO  impl.RaftServerImpl (RaftServerImpl.java:start(195)) - f535bb4a-cba0-4f9b-9e3e-e4a48b3eda51@group-7E32184879DE: start as a follower, conf=-1: [f535bb4a-cba0-4f9b-9e3e-e4a48b3eda51:0.0.0.0:44706, 54aabb14-4a7d-4ab3-adbe-2e67760b87f4:0.0.0.0:43074, c652e2ee-3322-4406-8db6-1ea643cb3197:0.0.0.0:42129], old=null
2019-10-18 11:24:10,663 [pool-11-thread-1] INFO  impl.RaftServerImpl (RaftServerImpl.java:setRole(184)) - f535bb4a-cba0-4f9b-9e3e-e4a48b3eda51@group-7E32184879DE: changes role from      null to FOLLOWER at term 0 for startAsFollower
2019-10-18 11:24:10,663 [pool-11-thread-1] INFO  impl.RoleInfo (RoleInfo.java:updateAndGet(143)) - f535bb4a-cba0-4f9b-9e3e-e4a48b3eda51: start FollowerState
2019-10-18 11:24:10,664 [grpc-default-executor-3] WARN  server.GrpcServerProtocolService (LogUtils.java:warn(134)) - f535bb4a-cba0-4f9b-9e3e-e4a48b3eda51: Failed requestVote 54aabb14-4a7d-4ab3-adbe-2e67760b87f4->f535bb4a-cba0-4f9b-9e3e-e4a48b3eda51#0: org.apache.ratis.protocol.ServerNotReadyException: f535bb4a-cba0-4f9b-9e3e-e4a48b3eda51@group-7E32184879DE is not in [RUNNING]: current state is STARTING
2019-10-18 11:24:10,665 [pool-11-thread-1] INFO  util.JmxRegister (JmxRegister.java:tryRegister(44)) - Successfully registered JMX Bean with object name Ratis:service=RaftServer,group=group-7E32184879DE,id=f535bb4a-cba0-4f9b-9e3e-e4a48b3eda51
2019-10-18 11:24:10,678 [grpc-default-executor-0] INFO  server.GrpcLogAppender (GrpcLogAppender.java:onCompleted(308)) - c652e2ee-3322-4406-8db6-1ea643cb3197@group-7E32184879DE->54aabb14-4a7d-4ab3-adbe-2e67760b87f4-AppendLogResponseHandler: follower responses appendEntries COMPLETED
2019-10-18 11:24:10,685 [grpc-default-executor-0] INFO  impl.FollowerInfo (FollowerInfo.java:lambda$new$0(51)) - c652e2ee-3322-4406-8db6-1ea643cb3197@group-7E32184879DE->54aabb14-4a7d-4ab3-adbe-2e67760b87f4: nextIndex: updateUnconditionally 0 -> 0
2019-10-18 11:24:10,699 [54aabb14-4a7d-4ab3-adbe-2e67760b87f4@group-7E32184879DE-LeaderElection3] INFO  impl.LeaderElection (LeaderElection.java:logAndReturn(56)) - 54aabb14-4a7d-4ab3-adbe-2e67760b87f4@group-7E32184879DE-LeaderElection3: Election TIMEOUT; received 1 response(s) [54aabb14-4a7d-4ab3-adbe-2e67760b87f4<-c652e2ee-3322-4406-8db6-1ea643cb3197#0:FAIL-t3] and 0 exception(s); 54aabb14-4a7d-4ab3-adbe-2e67760b87f4@group-7E32184879DE:t3, leader=null, voted=54aabb14-4a7d-4ab3-adbe-2e67760b87f4, raftlog=54aabb14-4a7d-4ab3-adbe-2e67760b87f4@group-7E32184879DE-SegmentedRaftLog:OPENED:c-1,f-1,i0, conf=-1: [f535bb4a-cba0-4f9b-9e3e-e4a48b3eda51:0.0.0.0:44706, 54aabb14-4a7d-4ab3-adbe-2e67760b87f4:0.0.0.0:43074, c652e2ee-3322-4406-8db6-1ea643cb3197:0.0.0.0:42129], old=null
2019-10-18 11:24:10,728 [54aabb14-4a7d-4ab3-adbe-2e67760b87f4@group-7E32184879DE-LeaderElection3] INFO  impl.LeaderElection (LeaderElection.java:askForVotes(178)) - 54aabb14-4a7d-4ab3-adbe-2e67760b87f4@group-7E32184879DE-LeaderElection3: begin an election at term 4 for -1: [f535bb4a-cba0-4f9b-9e3e-e4a48b3eda51:0.0.0.0:44706, 54aabb14-4a7d-4ab3-adbe-2e67760b87f4:0.0.0.0:43074, c652e2ee-3322-4406-8db6-1ea643cb3197:0.0.0.0:42129], old=null
2019-10-18 11:24:10,731 [54aabb14-4a7d-4ab3-adbe-2e67760b87f4@group-7E32184879DE-LeaderElection3] INFO  impl.LeaderElection (LeaderElection.java:logAndReturn(56)) - 54aabb14-4a7d-4ab3-adbe-2e67760b87f4@group-7E32184879DE-LeaderElection3: Election TIMEOUT; received 0 response(s) [] and 0 exception(s); 54aabb14-4a7d-4ab3-adbe-2e67760b87f4@group-7E32184879DE:t4, leader=null, voted=54aabb14-4a7d-4ab3-adbe-2e67760b87f4, raftlog=54aabb14-4a7d-4ab3-adbe-2e67760b87f4@group-7E32184879DE-SegmentedRaftLog:OPENED:c-1,f-1,i0, conf=-1: [f535bb4a-cba0-4f9b-9e3e-e4a48b3eda51:0.0.0.0:44706, 54aabb14-4a7d-4ab3-adbe-2e67760b87f4:0.0.0.0:43074, c652e2ee-3322-4406-8db6-1ea643cb3197:0.0.0.0:42129], old=null
2019-10-18 11:24:10,733 [grpc-default-executor-2] INFO  impl.RaftServerImpl (RaftServerImpl.java:setRole(184)) - f535bb4a-cba0-4f9b-9e3e-e4a48b3eda51@group-7E32184879DE: changes role from  FOLLOWER to FOLLOWER at term 4 for recognizeCandidate:54aabb14-4a7d-4ab3-adbe-2e67760b87f4
2019-10-18 11:24:10,734 [grpc-default-executor-2] INFO  impl.RoleInfo (RoleInfo.java:shutdownFollowerState(121)) - f535bb4a-cba0-4f9b-9e3e-e4a48b3eda51: shutdown FollowerState
2019-10-18 11:24:10,735 [grpc-default-executor-2] INFO  impl.RoleInfo (RoleInfo.java:updateAndGet(143)) - f535bb4a-cba0-4f9b-9e3e-e4a48b3eda51: start FollowerState
2019-10-18 11:24:10,735 [Thread-40] INFO  impl.FollowerState (FollowerState.java:run(117)) - f535bb4a-cba0-4f9b-9e3e-e4a48b3eda51@group-7E32184879DE-FollowerState was interrupted: java.lang.InterruptedException: sleep interrupted
2019-10-18 11:24:10,735 [grpc-default-executor-0] INFO  impl.RaftServerImpl (RaftServerImpl.java:setRole(184)) - c652e2ee-3322-4406-8db6-1ea643cb3197@group-7E32184879DE: changes role from  FOLLOWER to FOLLOWER at term 4 for recognizeCandidate:54aabb14-4a7d-4ab3-adbe-2e67760b87f4
2019-10-18 11:24:10,737 [grpc-default-executor-0] INFO  impl.RoleInfo (RoleInfo.java:shutdownFollowerState(121)) - c652e2ee-3322-4406-8db6-1ea643cb3197: shutdown FollowerState
2019-10-18 11:24:10,737 [grpc-default-executor-0] INFO  impl.RoleInfo (RoleInfo.java:updateAndGet(143)) - c652e2ee-3322-4406-8db6-1ea643cb3197: start FollowerState
2019-10-18 11:24:10,737 [Thread-39] INFO  impl.FollowerState (FollowerState.java:run(117)) - c652e2ee-3322-4406-8db6-1ea643cb3197@group-7E32184879DE-FollowerState was interrupted: java.lang.InterruptedException: sleep interrupted
2019-10-18 11:24:10,753 [54aabb14-4a7d-4ab3-adbe-2e67760b87f4@group-7E32184879DE-LeaderElection3] INFO  impl.LeaderElection (LeaderElection.java:askForVotes(178)) - 54aabb14-4a7d-4ab3-adbe-2e67760b87f4@group-7E32184879DE-LeaderElection3: begin an election at term 5 for -1: [f535bb4a-cba0-4f9b-9e3e-e4a48b3eda51:0.0.0.0:44706, 54aabb14-4a7d-4ab3-adbe-2e67760b87f4:0.0.0.0:43074, c652e2ee-3322-4406-8db6-1ea643cb3197:0.0.0.0:42129], old=null
2019-10-18 11:24:10,763 [grpc-default-executor-0] INFO  impl.RaftServerImpl (RaftServerImpl.java:setRole(184)) - c652e2ee-3322-4406-8db6-1ea643cb3197@group-7E32184879DE: changes role from  FOLLOWER to FOLLOWER at term 5 for recognizeCandidate:54aabb14-4a7d-4ab3-adbe-2e67760b87f4
2019-10-18 11:24:10,763 [grpc-default-executor-0] INFO  impl.RoleInfo (RoleInfo.java:shutdownFollowerState(121)) - c652e2ee-3322-4406-8db6-1ea643cb3197: shutdown FollowerState
2019-10-18 11:24:10,764 [Thread-48] INFO  impl.FollowerState (FollowerState.java:run(117)) - c652e2ee-3322-4406-8db6-1ea643cb3197@group-7E32184879DE-FollowerState was interrupted: java.lang.InterruptedException: sleep interrupted
2019-10-18 11:24:10,764 [grpc-default-executor-0] INFO  impl.RoleInfo (RoleInfo.java:updateAndGet(143)) - c652e2ee-3322-4406-8db6-1ea643cb3197: start FollowerState
2019-10-18 11:24:10,764 [grpc-default-executor-2] INFO  impl.RaftServerImpl (RaftServerImpl.java:setRole(184)) - f535bb4a-cba0-4f9b-9e3e-e4a48b3eda51@group-7E32184879DE: changes role from  FOLLOWER to FOLLOWER at term 5 for recognizeCandidate:54aabb14-4a7d-4ab3-adbe-2e67760b87f4
2019-10-18 11:24:10,766 [grpc-default-executor-2] INFO  impl.RoleInfo (RoleInfo.java:shutdownFollowerState(121)) - f535bb4a-cba0-4f9b-9e3e-e4a48b3eda51: shutdown FollowerState
2019-10-18 11:24:10,766 [grpc-default-executor-2] INFO  impl.RoleInfo (RoleInfo.java:updateAndGet(143)) - f535bb4a-cba0-4f9b-9e3e-e4a48b3eda51: start FollowerState
2019-10-18 11:24:10,788 [Thread-52] INFO  impl.FollowerState (FollowerState.java:run(108)) - f535bb4a-cba0-4f9b-9e3e-e4a48b3eda51@group-7E32184879DE-FollowerState: change to CANDIDATE, lastRpcTime:21ms, electionTimeout:20ms
2019-10-18 11:24:10,789 [Thread-52] INFO  impl.RoleInfo (RoleInfo.java:shutdownFollowerState(121)) - f535bb4a-cba0-4f9b-9e3e-e4a48b3eda51: shutdown FollowerState
2019-10-18 11:24:10,789 [Thread-52] INFO  impl.RaftServerImpl (RaftServerImpl.java:setRole(184)) - f535bb4a-cba0-4f9b-9e3e-e4a48b3eda51@group-7E32184879DE: changes role from  FOLLOWER to CANDIDATE at term 5 for changeToCandidate
2019-10-18 11:24:10,789 [Thread-52] INFO  impl.RoleInfo (RoleInfo.java:updateAndGet(143)) - f535bb4a-cba0-4f9b-9e3e-e4a48b3eda51: start LeaderElection
2019-10-18 11:24:10,793 [54aabb14-4a7d-4ab3-adbe-2e67760b87f4@group-7E32184879DE-LeaderElection3] INFO  impl.LeaderElection (LeaderElection.java:logAndReturn(56)) - 54aabb14-4a7d-4ab3-adbe-2e67760b87f4@group-7E32184879DE-LeaderElection3: Election PASSED; received 2 response(s) [54aabb14-4a7d-4ab3-adbe-2e67760b87f4<-f535bb4a-cba0-4f9b-9e3e-e4a48b3eda51#0:OK-t5, 54aabb14-4a7d-4ab3-adbe-2e67760b87f4<-c652e2ee-3322-4406-8db6-1ea643cb3197#0:FAIL-t5] and 0 exception(s); 54aabb14-4a7d-4ab3-adbe-2e67760b87f4@group-7E32184879DE:t5, leader=null, voted=54aabb14-4a7d-4ab3-adbe-2e67760b87f4, raftlog=54aabb14-4a7d-4ab3-adbe-2e67760b87f4@group-7E32184879DE-SegmentedRaftLog:OPENED:c-1,f-1,i0, conf=-1: [f535bb4a-cba0-4f9b-9e3e-e4a48b3eda51:0.0.0.0:44706, 54aabb14-4a7d-4ab3-adbe-2e67760b87f4:0.0.0.0:43074, c652e2ee-3322-4406-8db6-1ea643cb3197:0.0.0.0:42129], old=null
2019-10-18 11:24:10,793 [54aabb14-4a7d-4ab3-adbe-2e67760b87f4@group-7E32184879DE-LeaderElection3] INFO  impl.RoleInfo (RoleInfo.java:shutdownLeaderElection(134)) - 54aabb14-4a7d-4ab3-adbe-2e67760b87f4: shutdown LeaderElection
2019-10-18 11:24:10,795 [54aabb14-4a7d-4ab3-adbe-2e67760b87f4@group-7E32184879DE-LeaderElection3] INFO  impl.RaftServerImpl (RaftServerImpl.java:setRole(184)) - 54aabb14-4a7d-4ab3-adbe-2e67760b87f4@group-7E32184879DE: changes role from CANDIDATE to LEADER at term 5 for changeToLeader
2019-10-18 11:24:10,795 [54aabb14-4a7d-4ab3-adbe-2e67760b87f4@group-7E32184879DE-LeaderElection3] INFO  impl.RaftServerImpl (ServerState.java:setLeader(256)) - 54aabb14-4a7d-4ab3-adbe-2e67760b87f4@group-7E32184879DE: change Leader from null to 54aabb14-4a7d-4ab3-adbe-2e67760b87f4 at term 5 for becomeLeader, leader elected after 327ms
2019-10-18 11:24:10,795 [54aabb14-4a7d-4ab3-adbe-2e67760b87f4@group-7E32184879DE-LeaderElection3] INFO  server.RaftServerConfigKeys (ConfUtils.java:logGet(43)) - raft.server.staging.catchup.gap = 1000 (default)
2019-10-18 11:24:10,795 [54aabb14-4a7d-4ab3-adbe-2e67760b87f4@group-7E32184879DE-LeaderElection3] INFO  server.RaftServerConfigKeys (ConfUtils.java:logGet(43)) - raft.server.rpc.sleep.time = 25ms (default)
2019-10-18 11:24:10,796 [54aabb14-4a7d-4ab3-adbe-2e67760b87f4@group-7E32184879DE-LeaderElection3] INFO  server.RaftServerConfigKeys (ConfUtils.java:logGet(43)) - raft.server.write.element-limit = 4096 (default)
2019-10-18 11:24:10,796 [54aabb14-4a7d-4ab3-adbe-2e67760b87f4@group-7E32184879DE-LeaderElection3] INFO  server.RaftServerConfigKeys (ConfUtils.java:logGet(43)) - raft.server.watch.timeout = 10s (default)
2019-10-18 11:24:10,796 [54aabb14-4a7d-4ab3-adbe-2e67760b87f4@group-7E32184879DE-LeaderElection3] INFO  server.RaftServerConfigKeys (ConfUtils.java:logGet(43)) - raft.server.watch.timeout.denomination = 1s (default)
2019-10-18 11:24:10,797 [54aabb14-4a7d-4ab3-adbe-2e67760b87f4@group-7E32184879DE-LeaderElection3] INFO  server.RaftServerConfigKeys (ConfUtils.java:logGet(43)) - raft.server.watch.element-limit = 65536 (default)
2019-10-18 11:24:10,802 [54aabb14-4a7d-4ab3-adbe-2e67760b87f4@group-7E32184879DE-LeaderElection3] INFO  server.RaftServerConfigKeys (ConfUtils.java:logGet(43)) - raft.server.log.appender.snapshot.chunk.size.max = 16MB (=16777216) (default)
2019-10-18 11:24:10,803 [54aabb14-4a7d-4ab3-adbe-2e67760b87f4@group-7E32184879DE-LeaderElection3] INFO  server.RaftServerConfigKeys (ConfUtils.java:logGet(43)) - raft.server.log.appender.buffer.byte-limit = 33554432 (custom)
2019-10-18 11:24:10,803 [54aabb14-4a7d-4ab3-adbe-2e67760b87f4@group-7E32184879DE-LeaderElection3] INFO  server.RaftServerConfigKeys (ConfUtils.java:logGet(43)) - raft.server.log.appender.buffer.element-limit = 1 (custom)
2019-10-18 11:24:10,803 [54aabb14-4a7d-4ab3-adbe-2e67760b87f4@group-7E32184879DE-LeaderElection3] INFO  grpc.GrpcConfigKeys$Server (ConfUtils.java:logGet(43)) - raft.grpc.server.leader.outstanding.appends.max = 128 (default)
2019-10-18 11:24:10,804 [54aabb14-4a7d-4ab3-adbe-2e67760b87f4@group-7E32184879DE-LeaderElection3] INFO  server.RaftServerConfigKeys (ConfUtils.java:logGet(43)) - raft.server.rpc.request.timeout = 3000ms (default)
2019-10-18 11:24:10,804 [54aabb14-4a7d-4ab3-adbe-2e67760b87f4@group-7E32184879DE-LeaderElection3] INFO  server.RaftServerConfigKeys (ConfUtils.java:logGet(43)) - raft.server.log.appender.install.snapshot.enabled = false (custom)
2019-10-18 11:24:10,807 [54aabb14-4a7d-4ab3-adbe-2e67760b87f4@group-7E32184879DE-LeaderElection3] INFO  server.RaftServerConfigKeys (ConfUtils.java:logGet(43)) - raft.server.log.appender.snapshot.chunk.size.max = 16MB (=16777216) (default)
2019-10-18 11:24:10,807 [54aabb14-4a7d-4ab3-adbe-2e67760b87f4@group-7E32184879DE-LeaderElection3] INFO  server.RaftServerConfigKeys (ConfUtils.java:logGet(43)) - raft.server.log.appender.buffer.byte-limit = 33554432 (custom)
2019-10-18 11:24:10,807 [54aabb14-4a7d-4ab3-adbe-2e67760b87f4@group-7E32184879DE-LeaderElection3] INFO  server.RaftServerConfigKeys (ConfUtils.java:logGet(43)) - raft.server.log.appender.buffer.element-limit = 1 (custom)
2019-10-18 11:24:10,808 [54aabb14-4a7d-4ab3-adbe-2e67760b87f4@group-7E32184879DE-LeaderElection3] INFO  grpc.GrpcConfigKeys$Server (ConfUtils.java:logGet(43)) - raft.grpc.server.leader.outstanding.appends.max = 128 (default)
2019-10-18 11:24:10,808 [54aabb14-4a7d-4ab3-adbe-2e67760b87f4@group-7E32184879DE-LeaderElection3] INFO  server.RaftServerConfigKeys (ConfUtils.java:logGet(43)) - raft.server.rpc.request.timeout = 3000ms (default)
2019-10-18 11:24:10,808 [54aabb14-4a7d-4ab3-adbe-2e67760b87f4@group-7E32184879DE-LeaderElection3] INFO  server.RaftServerConfigKeys (ConfUtils.java:logGet(43)) - raft.server.log.appender.install.snapshot.enabled = false (custom)
2019-10-18 11:24:10,811 [54aabb14-4a7d-4ab3-adbe-2e67760b87f4@group-7E32184879DE-LeaderElection3] INFO  impl.RoleInfo (RoleInfo.java:updateAndGet(143)) - 54aabb14-4a7d-4ab3-adbe-2e67760b87f4: start LeaderState
2019-10-18 11:24:10,812 [54aabb14-4a7d-4ab3-adbe-2e67760b87f4@group-7E32184879DE-LeaderElection3] INFO  segmented.SegmentedRaftLogWorker (SegmentedRaftLogWorker.java:startLogSegment(385)) - 54aabb14-4a7d-4ab3-adbe-2e67760b87f4@group-7E32184879DE-SegmentedRaftLogWorker: Starting segment from index:0
2019-10-18 11:24:10,812 [54aabb14-4a7d-4ab3-adbe-2e67760b87f4@group-7E32184879DE-LeaderElection3] INFO  impl.RaftServerImpl (ServerState.java:setRaftConf(357)) - 54aabb14-4a7d-4ab3-adbe-2e67760b87f4@group-7E32184879DE: set configuration 0: [f535bb4a-cba0-4f9b-9e3e-e4a48b3eda51:0.0.0.0:44706, 54aabb14-4a7d-4ab3-adbe-2e67760b87f4:0.0.0.0:43074, c652e2ee-3322-4406-8db6-1ea643cb3197:0.0.0.0:42129], old=null at 0
2019-10-18 11:24:10,838 [f535bb4a-cba0-4f9b-9e3e-e4a48b3eda51@group-7E32184879DE-LeaderElection4] INFO  impl.LeaderElection (LeaderElection.java:askForVotes(178)) - f535bb4a-cba0-4f9b-9e3e-e4a48b3eda51@group-7E32184879DE-LeaderElection4: begin an election at term 6 for -1: [f535bb4a-cba0-4f9b-9e3e-e4a48b3eda51:0.0.0.0:44706, 54aabb14-4a7d-4ab3-adbe-2e67760b87f4:0.0.0.0:43074, c652e2ee-3322-4406-8db6-1ea643cb3197:0.0.0.0:42129], old=null
2019-10-18 11:24:10,844 [grpc-default-executor-0] INFO  impl.RaftServerImpl (ServerState.java:setLeader(256)) - c652e2ee-3322-4406-8db6-1ea643cb3197@group-7E32184879DE: change Leader from null to 54aabb14-4a7d-4ab3-adbe-2e67760b87f4 at term 5 for appendEntries, leader elected after 194ms
2019-10-18 11:24:10,850 [Thread-54] INFO  impl.RaftServerImpl (ServerState.java:setLeader(256)) - 54aabb14-4a7d-4ab3-adbe-2e67760b87f4@group-7E32184879DE: change Leader from 54aabb14-4a7d-4ab3-adbe-2e67760b87f4 to null at term 6 for updateCurrentTerm
2019-10-18 11:24:10,851 [Thread-54] INFO  impl.RaftServerImpl (RaftServerImpl.java:setRole(184)) - 54aabb14-4a7d-4ab3-adbe-2e67760b87f4@group-7E32184879DE: changes role from    LEADER to FOLLOWER at term 6 for stepDown
2019-10-18 11:24:10,851 [Thread-54] INFO  impl.RoleInfo (RoleInfo.java:shutdownLeaderState(104)) - 54aabb14-4a7d-4ab3-adbe-2e67760b87f4: shutdown LeaderState
2019-10-18 11:24:10,852 [org.apache.ratis.server.impl.LogAppender$AppenderDaemon$$Lambda$404/978879695@774391ef] WARN  server.GrpcLogAppender (GrpcLogAppender.java:mayWait(149)) - 54aabb14-4a7d-4ab3-adbe-2e67760b87f4@group-7E32184879DE->c652e2ee-3322-4406-8db6-1ea643cb3197-GrpcLogAppender: Wait interrupted by java.lang.InterruptedException
2019-10-18 11:24:10,853 [org.apache.ratis.server.impl.LogAppender$AppenderDaemon$$Lambda$404/978879695@662bbf80] WARN  server.GrpcLogAppender (GrpcLogAppender.java:mayWait(149)) - 54aabb14-4a7d-4ab3-adbe-2e67760b87f4@group-7E32184879DE->f535bb4a-cba0-4f9b-9e3e-e4a48b3eda51-GrpcLogAppender: Wait interrupted by java.lang.InterruptedException
2019-10-18 11:24:10,852 [Thread-54] INFO  impl.PendingRequests (PendingRequests.java:sendNotLeaderResponses(202)) - 54aabb14-4a7d-4ab3-adbe-2e67760b87f4@group-7E32184879DE-PendingRequests: sendNotLeaderResponses
2019-10-18 11:24:10,854 [Thread-54] INFO  impl.RoleInfo (RoleInfo.java:updateAndGet(143)) - 54aabb14-4a7d-4ab3-adbe-2e67760b87f4: start FollowerState
2019-10-18 11:24:10,857 [grpc-default-executor-1] INFO  impl.RaftServerImpl (ServerState.java:setLeader(256)) - c652e2ee-3322-4406-8db6-1ea643cb3197@group-7E32184879DE: change Leader from 54aabb14-4a7d-4ab3-adbe-2e67760b87f4 to null at term 6 for updateCurrentTerm
2019-10-18 11:24:10,857 [grpc-default-executor-2] INFO  server.GrpcServerProtocolService (GrpcServerProtocolService.java:onCompleted(113)) - f535bb4a-cba0-4f9b-9e3e-e4a48b3eda51: Completed APPEND_ENTRIES, lastRequest: 54aabb14-4a7d-4ab3-adbe-2e67760b87f4->f535bb4a-cba0-4f9b-9e3e-e4a48b3eda51#0-t5, previous=(t:0, i:0), leaderCommit=-1, initializing? false, entries: <empty>
2019-10-18 11:24:10,858 [grpc-default-executor-1] INFO  impl.RaftServerImpl (RaftServerImpl.java:setRole(184)) - c652e2ee-3322-4406-8db6-1ea643cb3197@group-7E32184879DE: changes role from  FOLLOWER to FOLLOWER at term 6 for recognizeCandidate:f535bb4a-cba0-4f9b-9e3e-e4a48b3eda51
2019-10-18 11:24:10,858 [grpc-default-executor-0] INFO  server.GrpcServerProtocolService (GrpcServerProtocolService.java:onCompleted(113)) - c652e2ee-3322-4406-8db6-1ea643cb3197: Completed APPEND_ENTRIES, lastRequest: 54aabb14-4a7d-4ab3-adbe-2e67760b87f4->c652e2ee-3322-4406-8db6-1ea643cb3197#0-t5, previous=(t:0, i:0), leaderCommit=-1, initializing? false, entries: <empty>
2019-10-18 11:24:10,858 [grpc-default-executor-1] INFO  impl.RoleInfo (RoleInfo.java:shutdownFollowerState(121)) - c652e2ee-3322-4406-8db6-1ea643cb3197: shutdown FollowerState
2019-10-18 11:24:10,859 [grpc-default-executor-2] INFO  server.GrpcLogAppender (GrpcLogAppender.java:onCompleted(308)) - 54aabb14-4a7d-4ab3-adbe-2e67760b87f4@group-7E32184879DE->f535bb4a-cba0-4f9b-9e3e-e4a48b3eda51-AppendLogResponseHandler: follower responses appendEntries COMPLETED
2019-10-18 11:24:10,859 [Thread-51] INFO  impl.FollowerState (FollowerState.java:run(117)) - c652e2ee-3322-4406-8db6-1ea643cb3197@group-7E32184879DE-FollowerState was interrupted: java.lang.InterruptedException: sleep interrupted
2019-10-18 11:24:10,859 [grpc-default-executor-1] INFO  impl.RoleInfo (RoleInfo.java:updateAndGet(143)) - c652e2ee-3322-4406-8db6-1ea643cb3197: start FollowerState
2019-10-18 11:24:10,862 [grpc-default-executor-2] INFO  impl.FollowerInfo (FollowerInfo.java:lambda$new$0(51)) - 54aabb14-4a7d-4ab3-adbe-2e67760b87f4@group-7E32184879DE->f535bb4a-cba0-4f9b-9e3e-e4a48b3eda51: nextIndex: updateUnconditionally 0 -> 0
2019-10-18 11:24:10,864 [54aabb14-4a7d-4ab3-adbe-2e67760b87f4@group-7E32184879DE-SegmentedRaftLogWorker] INFO  segmented.SegmentedRaftLogWorker (SegmentedRaftLogWorker.java:execute(576)) - 54aabb14-4a7d-4ab3-adbe-2e67760b87f4@group-7E32184879DE-SegmentedRaftLogWorker: created new log segment /workdir/hadoop-ozone/integration-test/target/test-dir/dfs/54aabb14-4a7d-4ab3-adbe-2e67760b87f4/dc995a65-a68f-422b-92a6-7e32184879de/current/log_inprogress_0
2019-10-18 11:24:10,865 [grpc-default-executor-0] INFO  server.GrpcLogAppender (GrpcLogAppender.java:onCompleted(308)) - 54aabb14-4a7d-4ab3-adbe-2e67760b87f4@group-7E32184879DE->c652e2ee-3322-4406-8db6-1ea643cb3197-AppendLogResponseHandler: follower responses appendEntries COMPLETED
2019-10-18 11:24:10,868 [grpc-default-executor-0] INFO  impl.FollowerInfo (FollowerInfo.java:lambda$new$0(51)) - 54aabb14-4a7d-4ab3-adbe-2e67760b87f4@group-7E32184879DE->c652e2ee-3322-4406-8db6-1ea643cb3197: nextIndex: updateUnconditionally 0 -> 0
2019-10-18 11:24:10,881 [grpc-default-executor-3] INFO  impl.RaftServerImpl (RaftServerImpl.java:setRole(184)) - 54aabb14-4a7d-4ab3-adbe-2e67760b87f4@group-7E32184879DE: changes role from  FOLLOWER to FOLLOWER at term 6 for recognizeCandidate:f535bb4a-cba0-4f9b-9e3e-e4a48b3eda51
2019-10-18 11:24:10,881 [grpc-default-executor-3] INFO  impl.RoleInfo (RoleInfo.java:shutdownFollowerState(121)) - 54aabb14-4a7d-4ab3-adbe-2e67760b87f4: shutdown FollowerState
2019-10-18 11:24:10,882 [grpc-default-executor-3] INFO  impl.RoleInfo (RoleInfo.java:updateAndGet(143)) - 54aabb14-4a7d-4ab3-adbe-2e67760b87f4: start FollowerState
2019-10-18 11:24:10,882 [Thread-62] INFO  impl.FollowerState (FollowerState.java:run(117)) - 54aabb14-4a7d-4ab3-adbe-2e67760b87f4@group-7E32184879DE-FollowerState was interrupted: java.lang.InterruptedException: sleep interrupted
2019-10-18 11:24:10,886 [f535bb4a-cba0-4f9b-9e3e-e4a48b3eda51@group-7E32184879DE-LeaderElection4] INFO  impl.LeaderElection (LeaderElection.java:logAndReturn(56)) - f535bb4a-cba0-4f9b-9e3e-e4a48b3eda51@group-7E32184879DE-LeaderElection4: Election REJECTED; received 2 response(s) [f535bb4a-cba0-4f9b-9e3e-e4a48b3eda51<-54aabb14-4a7d-4ab3-adbe-2e67760b87f4#0:FAIL-t6, f535bb4a-cba0-4f9b-9e3e-e4a48b3eda51<-c652e2ee-3322-4406-8db6-1ea643cb3197#0:FAIL-t6] and 0 exception(s); f535bb4a-cba0-4f9b-9e3e-e4a48b3eda51@group-7E32184879DE:t6, leader=null, voted=f535bb4a-cba0-4f9b-9e3e-e4a48b3eda51, raftlog=f535bb4a-cba0-4f9b-9e3e-e4a48b3eda51@group-7E32184879DE-SegmentedRaftLog:OPENED:c-1,f-1,i0, conf=-1: [f535bb4a-cba0-4f9b-9e3e-e4a48b3eda51:0.0.0.0:44706, 54aabb14-4a7d-4ab3-adbe-2e67760b87f4:0.0.0.0:43074, c652e2ee-3322-4406-8db6-1ea643cb3197:0.0.0.0:42129], old=null
2019-10-18 11:24:10,887 [f535bb4a-cba0-4f9b-9e3e-e4a48b3eda51@group-7E32184879DE-LeaderElection4] INFO  impl.RaftServerImpl (RaftServerImpl.java:setRole(184)) - f535bb4a-cba0-4f9b-9e3e-e4a48b3eda51@group-7E32184879DE: changes role from CANDIDATE to FOLLOWER at term 6 for DISCOVERED_A_NEW_TERM
2019-10-18 11:24:10,889 [f535bb4a-cba0-4f9b-9e3e-e4a48b3eda51@group-7E32184879DE-LeaderElection4] INFO  impl.RoleInfo (RoleInfo.java:shutdownLeaderElection(134)) - f535bb4a-cba0-4f9b-9e3e-e4a48b3eda51: shutdown LeaderElection
2019-10-18 11:24:10,889 [f535bb4a-cba0-4f9b-9e3e-e4a48b3eda51@group-7E32184879DE-LeaderElection4] INFO  impl.RoleInfo (RoleInfo.java:updateAndGet(143)) - f535bb4a-cba0-4f9b-9e3e-e4a48b3eda51: start FollowerState
2019-10-18 11:24:10,904 [Thread-65] INFO  impl.FollowerState (FollowerState.java:run(108)) - f535bb4a-cba0-4f9b-9e3e-e4a48b3eda51@group-7E32184879DE-FollowerState: change to CANDIDATE, lastRpcTime:15ms, electionTimeout:15ms
2019-10-18 11:24:10,905 [Thread-65] INFO  impl.RoleInfo (RoleInfo.java:shutdownFollowerState(121)) - f535bb4a-cba0-4f9b-9e3e-e4a48b3eda51: shutdown FollowerState
2019-10-18 11:24:10,905 [Thread-65] INFO  impl.RaftServerImpl (RaftServerImpl.java:setRole(184)) - f535bb4a-cba0-4f9b-9e3e-e4a48b3eda51@group-7E32184879DE: changes role from  FOLLOWER to CANDIDATE at term 6 for changeToCandidate
2019-10-18 11:24:10,905 [Thread-65] INFO  impl.RoleInfo (RoleInfo.java:updateAndGet(143)) - f535bb4a-cba0-4f9b-9e3e-e4a48b3eda51: start LeaderElection
2019-10-18 11:24:10,931 [f535bb4a-cba0-4f9b-9e3e-e4a48b3eda51@group-7E32184879DE-LeaderElection5] INFO  impl.LeaderElection (LeaderElection.java:askForVotes(178)) - f535bb4a-cba0-4f9b-9e3e-e4a48b3eda51@group-7E32184879DE-LeaderElection5: begin an election at term 7 for -1: [f535bb4a-cba0-4f9b-9e3e-e4a48b3eda51:0.0.0.0:44706, 54aabb14-4a7d-4ab3-adbe-2e67760b87f4:0.0.0.0:43074, c652e2ee-3322-4406-8db6-1ea643cb3197:0.0.0.0:42129], old=null
2019-10-18 11:24:10,936 [grpc-default-executor-3] INFO  impl.RaftServerImpl (RaftServerImpl.java:setRole(184)) - 54aabb14-4a7d-4ab3-adbe-2e67760b87f4@group-7E32184879DE: changes role from  FOLLOWER to FOLLOWER at term 7 for recognizeCandidate:f535bb4a-cba0-4f9b-9e3e-e4a48b3eda51
2019-10-18 11:24:10,936 [grpc-default-executor-1] INFO  impl.RaftServerImpl (RaftServerImpl.java:setRole(184)) - c652e2ee-3322-4406-8db6-1ea643cb3197@group-7E32184879DE: changes role from  FOLLOWER to FOLLOWER at term 7 for recognizeCandidate:f535bb4a-cba0-4f9b-9e3e-e4a48b3eda51
2019-10-18 11:24:10,936 [grpc-default-executor-3] INFO  impl.RoleInfo (RoleInfo.java:shutdownFollowerState(121)) - 54aabb14-4a7d-4ab3-adbe-2e67760b87f4: shutdown FollowerState
2019-10-18 11:24:10,937 [grpc-default-executor-1] INFO  impl.RoleInfo (RoleInfo.java:shutdownFollowerState(121)) - c652e2ee-3322-4406-8db6-1ea643cb3197: shutdown FollowerState
2019-10-18 11:24:10,937 [Thread-64] INFO  impl.FollowerState (FollowerState.java:run(117)) - 54aabb14-4a7d-4ab3-adbe-2e67760b87f4@group-7E32184879DE-FollowerState was interrupted: java.lang.InterruptedException: sleep interrupted
2019-10-18 11:24:10,937 [grpc-default-executor-3] INFO  impl.RoleInfo (RoleInfo.java:updateAndGet(143)) - 54aabb14-4a7d-4ab3-adbe-2e67760b87f4: start FollowerState
2019-10-18 11:24:10,937 [Thread-63] INFO  impl.FollowerState (FollowerState.java:run(117)) - c652e2ee-3322-4406-8db6-1ea643cb3197@group-7E32184879DE-FollowerState was interrupted: java.lang.InterruptedException: sleep interrupted
2019-10-18 11:24:10,937 [grpc-default-executor-1] INFO  impl.RoleInfo (RoleInfo.java:updateAndGet(143)) - c652e2ee-3322-4406-8db6-1ea643cb3197: start FollowerState
2019-10-18 11:24:10,969 [f535bb4a-cba0-4f9b-9e3e-e4a48b3eda51@group-7E32184879DE-LeaderElection5] INFO  impl.LeaderElection (LeaderElection.java:logAndReturn(56)) - f535bb4a-cba0-4f9b-9e3e-e4a48b3eda51@group-7E32184879DE-LeaderElection5: Election REJECTED; received 2 response(s) [f535bb4a-cba0-4f9b-9e3e-e4a48b3eda51<-54aabb14-4a7d-4ab3-adbe-2e67760b87f4#0:FAIL-t7, f535bb4a-cba0-4f9b-9e3e-e4a48b3eda51<-c652e2ee-3322-4406-8db6-1ea643cb3197#0:FAIL-t7] and 0 exception(s); f535bb4a-cba0-4f9b-9e3e-e4a48b3eda51@group-7E32184879DE:t7, leader=null, voted=f535bb4a-cba0-4f9b-9e3e-e4a48b3eda51, raftlog=f535bb4a-cba0-4f9b-9e3e-e4a48b3eda51@group-7E32184879DE-SegmentedRaftLog:OPENED:c-1,f-1,i0, conf=-1: [f535bb4a-cba0-4f9b-9e3e-e4a48b3eda51:0.0.0.0:44706, 54aabb14-4a7d-4ab3-adbe-2e67760b87f4:0.0.0.0:43074, c652e2ee-3322-4406-8db6-1ea643cb3197:0.0.0.0:42129], old=null
2019-10-18 11:24:10,970 [f535bb4a-cba0-4f9b-9e3e-e4a48b3eda51@group-7E32184879DE-LeaderElection5] INFO  impl.RaftServerImpl (RaftServerImpl.java:setRole(184)) - f535bb4a-cba0-4f9b-9e3e-e4a48b3eda51@group-7E32184879DE: changes role from CANDIDATE to FOLLOWER at term 7 for DISCOVERED_A_NEW_TERM
2019-10-18 11:24:10,971 [f535bb4a-cba0-4f9b-9e3e-e4a48b3eda51@group-7E32184879DE-LeaderElection5] INFO  impl.RoleInfo (RoleInfo.java:shutdownLeaderElection(134)) - f535bb4a-cba0-4f9b-9e3e-e4a48b3eda51: shutdown LeaderElection
2019-10-18 11:24:10,971 [f535bb4a-cba0-4f9b-9e3e-e4a48b3eda51@group-7E32184879DE-LeaderElection5] INFO  impl.RoleInfo (RoleInfo.java:updateAndGet(143)) - f535bb4a-cba0-4f9b-9e3e-e4a48b3eda51: start FollowerState
2019-10-18 11:24:11,017 [Thread-71] INFO  impl.FollowerState (FollowerState.java:run(108)) - f535bb4a-cba0-4f9b-9e3e-e4a48b3eda51@group-7E32184879DE-FollowerState: change to CANDIDATE, lastRpcTime:46ms, electionTimeout:45ms
2019-10-18 11:24:11,018 [Thread-71] INFO  impl.RoleInfo (RoleInfo.java:shutdownFollowerState(121)) - f535bb4a-cba0-4f9b-9e3e-e4a48b3eda51: shutdown FollowerState
2019-10-18 11:24:11,018 [Thread-71] INFO  impl.RaftServerImpl (RaftServerImpl.java:setRole(184)) - f535bb4a-cba0-4f9b-9e3e-e4a48b3eda51@group-7E32184879DE: changes role from  FOLLOWER to CANDIDATE at term 7 for changeToCandidate
2019-10-18 11:24:11,018 [Thread-71] INFO  impl.RoleInfo (RoleInfo.java:updateAndGet(143)) - f535bb4a-cba0-4f9b-9e3e-e4a48b3eda51: start LeaderElection
2019-10-18 11:24:11,048 [f535bb4a-cba0-4f9b-9e3e-e4a48b3eda51@group-7E32184879DE-LeaderElection6] INFO  impl.LeaderElection (LeaderElection.java:askForVotes(178)) - f535bb4a-cba0-4f9b-9e3e-e4a48b3eda51@group-7E32184879DE-LeaderElection6: begin an election at term 8 for -1: [f535bb4a-cba0-4f9b-9e3e-e4a48b3eda51:0.0.0.0:44706, 54aabb14-4a7d-4ab3-adbe-2e67760b87f4:0.0.0.0:43074, c652e2ee-3322-4406-8db6-1ea643cb3197:0.0.0.0:42129], old=null
2019-10-18 11:24:11,056 [grpc-default-executor-3] INFO  impl.RaftServerImpl (RaftServerImpl.java:setRole(184)) - 54aabb14-4a7d-4ab3-adbe-2e67760b87f4@group-7E32184879DE: changes role from  FOLLOWER to FOLLOWER at term 8 for recognizeCandidate:f535bb4a-cba0-4f9b-9e3e-e4a48b3eda51
2019-10-18 11:24:11,056 [grpc-default-executor-3] INFO  impl.RoleInfo (RoleInfo.java:shutdownFollowerState(121)) - 54aabb14-4a7d-4ab3-adbe-2e67760b87f4: shutdown FollowerState
2019-10-18 11:24:11,056 [grpc-default-executor-1] INFO  impl.RaftServerImpl (RaftServerImpl.java:setRole(184)) - c652e2ee-3322-4406-8db6-1ea643cb3197@group-7E32184879DE: changes role from  FOLLOWER to FOLLOWER at term 8 for recognizeCandidate:f535bb4a-cba0-4f9b-9e3e-e4a48b3eda51
2019-10-18 11:24:11,056 [Thread-69] INFO  impl.FollowerState (FollowerState.java:run(117)) - 54aabb14-4a7d-4ab3-adbe-2e67760b87f4@group-7E32184879DE-FollowerState was interrupted: java.lang.InterruptedException: sleep interrupted
2019-10-18 11:24:11,056 [grpc-default-executor-3] INFO  impl.RoleInfo (RoleInfo.java:updateAndGet(143)) - 54aabb14-4a7d-4ab3-adbe-2e67760b87f4: start FollowerState
2019-10-18 11:24:11,056 [grpc-default-executor-1] INFO  impl.RoleInfo (RoleInfo.java:shutdownFollowerState(121)) - c652e2ee-3322-4406-8db6-1ea643cb3197: shutdown FollowerState
2019-10-18 11:24:11,057 [grpc-default-executor-1] INFO  impl.RoleInfo (RoleInfo.java:updateAndGet(143)) - c652e2ee-3322-4406-8db6-1ea643cb3197: start FollowerState
2019-10-18 11:24:11,058 [Thread-70] INFO  impl.FollowerState (FollowerState.java:run(117)) - c652e2ee-3322-4406-8db6-1ea643cb3197@group-7E32184879DE-FollowerState was interrupted: java.lang.InterruptedException: sleep interrupted
2019-10-18 11:24:11,089 [f535bb4a-cba0-4f9b-9e3e-e4a48b3eda51@group-7E32184879DE-LeaderElection6] INFO  impl.LeaderElection (LeaderElection.java:logAndReturn(56)) - f535bb4a-cba0-4f9b-9e3e-e4a48b3eda51@group-7E32184879DE-LeaderElection6: Election REJECTED; received 2 response(s) [f535bb4a-cba0-4f9b-9e3e-e4a48b3eda51<-54aabb14-4a7d-4ab3-adbe-2e67760b87f4#0:FAIL-t8, f535bb4a-cba0-4f9b-9e3e-e4a48b3eda51<-c652e2ee-3322-4406-8db6-1ea643cb3197#0:FAIL-t8] and 0 exception(s); f535bb4a-cba0-4f9b-9e3e-e4a48b3eda51@group-7E32184879DE:t8, leader=null, voted=f535bb4a-cba0-4f9b-9e3e-e4a48b3eda51, raftlog=f535bb4a-cba0-4f9b-9e3e-e4a48b3eda51@group-7E32184879DE-SegmentedRaftLog:OPENED:c-1,f-1,i0, conf=-1: [f535bb4a-cba0-4f9b-9e3e-e4a48b3eda51:0.0.0.0:44706, 54aabb14-4a7d-4ab3-adbe-2e67760b87f4:0.0.0.0:43074, c652e2ee-3322-4406-8db6-1ea643cb3197:0.0.0.0:42129], old=null
2019-10-18 11:24:11,089 [f535bb4a-cba0-4f9b-9e3e-e4a48b3eda51@group-7E32184879DE-LeaderElection6] INFO  impl.RaftServerImpl (RaftServerImpl.java:setRole(184)) - f535bb4a-cba0-4f9b-9e3e-e4a48b3eda51@group-7E32184879DE: changes role from CANDIDATE to FOLLOWER at term 8 for DISCOVERED_A_NEW_TERM
2019-10-18 11:24:11,090 [f535bb4a-cba0-4f9b-9e3e-e4a48b3eda51@group-7E32184879DE-LeaderElection6] INFO  impl.RoleInfo (RoleInfo.java:shutdownLeaderElection(134)) - f535bb4a-cba0-4f9b-9e3e-e4a48b3eda51: shutdown LeaderElection
2019-10-18 11:24:11,090 [f535bb4a-cba0-4f9b-9e3e-e4a48b3eda51@group-7E32184879DE-LeaderElection6] INFO  impl.RoleInfo (RoleInfo.java:updateAndGet(143)) - f535bb4a-cba0-4f9b-9e3e-e4a48b3eda51: start FollowerState
2019-10-18 11:24:11,212 [Thread-77] INFO  impl.FollowerState (FollowerState.java:run(108)) - f535bb4a-cba0-4f9b-9e3e-e4a48b3eda51@group-7E32184879DE-FollowerState: change to CANDIDATE, lastRpcTime:122ms, electionTimeout:121ms
2019-10-18 11:24:11,214 [Thread-77] INFO  impl.RoleInfo (RoleInfo.java:shutdownFollowerState(121)) - f535bb4a-cba0-4f9b-9e3e-e4a48b3eda51: shutdown FollowerState
2019-10-18 11:24:11,214 [Thread-77] INFO  impl.RaftServerImpl (RaftServerImpl.java:setRole(184)) - f535bb4a-cba0-4f9b-9e3e-e4a48b3eda51@group-7E32184879DE: changes role from  FOLLOWER to CANDIDATE at term 8 for changeToCandidate
2019-10-18 11:24:11,214 [Thread-77] INFO  impl.RoleInfo (RoleInfo.java:updateAndGet(143)) - f535bb4a-cba0-4f9b-9e3e-e4a48b3eda51: start LeaderElection
2019-10-18 11:24:11,241 [f535bb4a-cba0-4f9b-9e3e-e4a48b3eda51@group-7E32184879DE-LeaderElection7] INFO  impl.LeaderElection (LeaderElection.java:askForVotes(178)) - f535bb4a-cba0-4f9b-9e3e-e4a48b3eda51@group-7E32184879DE-LeaderElection7: begin an election at term 9 for -1: [f535bb4a-cba0-4f9b-9e3e-e4a48b3eda51:0.0.0.0:44706, 54aabb14-4a7d-4ab3-adbe-2e67760b87f4:0.0.0.0:43074, c652e2ee-3322-4406-8db6-1ea643cb3197:0.0.0.0:42129], old=null
2019-10-18 11:24:11,246 [grpc-default-executor-1] INFO  impl.RaftServerImpl (RaftServerImpl.java:setRole(184)) - c652e2ee-3322-4406-8db6-1ea643cb3197@group-7E32184879DE: changes role from  FOLLOWER to FOLLOWER at term 9 for recognizeCandidate:f535bb4a-cba0-4f9b-9e3e-e4a48b3eda51
2019-10-18 11:24:11,246 [grpc-default-executor-3] INFO  impl.RaftServerImpl (RaftServerImpl.java:setRole(184)) - 54aabb14-4a7d-4ab3-adbe-2e67760b87f4@group-7E32184879DE: changes role from  FOLLOWER to FOLLOWER at term 9 for recognizeCandidate:f535bb4a-cba0-4f9b-9e3e-e4a48b3eda51
2019-10-18 11:24:11,246 [grpc-default-executor-1] INFO  impl.RoleInfo (RoleInfo.java:shutdownFollowerState(121)) - c652e2ee-3322-4406-8db6-1ea643cb3197: shutdown FollowerState
2019-10-18 11:24:11,247 [grpc-default-executor-3] INFO  impl.RoleInfo (RoleInfo.java:shutdownFollowerState(121)) - 54aabb14-4a7d-4ab3-adbe-2e67760b87f4: shutdown FollowerState
2019-10-18 11:24:11,247 [Thread-76] INFO  impl.FollowerState (FollowerState.java:run(117)) - c652e2ee-3322-4406-8db6-1ea643cb3197@group-7E32184879DE-FollowerState was interrupted: java.lang.InterruptedException: sleep interrupted
2019-10-18 11:24:11,247 [grpc-default-executor-1] INFO  impl.RoleInfo (RoleInfo.java:updateAndGet(143)) - c652e2ee-3322-4406-8db6-1ea643cb3197: start FollowerState
2019-10-18 11:24:11,247 [Thread-75] INFO  impl.FollowerState (FollowerState.java:run(117)) - 54aabb14-4a7d-4ab3-adbe-2e67760b87f4@group-7E32184879DE-FollowerState was interrupted: java.lang.InterruptedException: sleep interrupted
2019-10-18 11:24:11,247 [grpc-default-executor-3] INFO  impl.RoleInfo (RoleInfo.java:updateAndGet(143)) - 54aabb14-4a7d-4ab3-adbe-2e67760b87f4: start FollowerState
2019-10-18 11:24:11,277 [f535bb4a-cba0-4f9b-9e3e-e4a48b3eda51@group-7E32184879DE-LeaderElection7] INFO  impl.LeaderElection (LeaderElection.java:logAndReturn(56)) - f535bb4a-cba0-4f9b-9e3e-e4a48b3eda51@group-7E32184879DE-LeaderElection7: Election REJECTED; received 2 response(s) [f535bb4a-cba0-4f9b-9e3e-e4a48b3eda51<-54aabb14-4a7d-4ab3-adbe-2e67760b87f4#0:FAIL-t9, f535bb4a-cba0-4f9b-9e3e-e4a48b3eda51<-c652e2ee-3322-4406-8db6-1ea643cb3197#0:FAIL-t9] and 0 exception(s); f535bb4a-cba0-4f9b-9e3e-e4a48b3eda51@group-7E32184879DE:t9, leader=null, voted=f535bb4a-cba0-4f9b-9e3e-e4a48b3eda51, raftlog=f535bb4a-cba0-4f9b-9e3e-e4a48b3eda51@group-7E32184879DE-SegmentedRaftLog:OPENED:c-1,f-1,i0, conf=-1: [f535bb4a-cba0-4f9b-9e3e-e4a48b3eda51:0.0.0.0:44706, 54aabb14-4a7d-4ab3-adbe-2e67760b87f4:0.0.0.0:43074, c652e2ee-3322-4406-8db6-1ea643cb3197:0.0.0.0:42129], old=null
2019-10-18 11:24:11,277 [f535bb4a-cba0-4f9b-9e3e-e4a48b3eda51@group-7E32184879DE-LeaderElection7] INFO  impl.RaftServerImpl (RaftServerImpl.java:setRole(184)) - f535bb4a-cba0-4f9b-9e3e-e4a48b3eda51@group-7E32184879DE: changes role from CANDIDATE to FOLLOWER at term 9 for DISCOVERED_A_NEW_TERM
2019-10-18 11:24:11,277 [f535bb4a-cba0-4f9b-9e3e-e4a48b3eda51@group-7E32184879DE-LeaderElection7] INFO  impl.RoleInfo (RoleInfo.java:shutdownLeaderElection(134)) - f535bb4a-cba0-4f9b-9e3e-e4a48b3eda51: shutdown LeaderElection
2019-10-18 11:24:11,278 [f535bb4a-cba0-4f9b-9e3e-e4a48b3eda51@group-7E32184879DE-LeaderElection7] INFO  impl.RoleInfo (RoleInfo.java:updateAndGet(143)) - f535bb4a-cba0-4f9b-9e3e-e4a48b3eda51: start FollowerState
2019-10-18 11:24:11,414 [Thread-83] INFO  impl.FollowerState (FollowerState.java:run(108)) - f535bb4a-cba0-4f9b-9e3e-e4a48b3eda51@group-7E32184879DE-FollowerState: change to CANDIDATE, lastRpcTime:135ms, electionTimeout:135ms
2019-10-18 11:24:11,414 [Thread-83] INFO  impl.RoleInfo (RoleInfo.java:shutdownFollowerState(121)) - f535bb4a-cba0-4f9b-9e3e-e4a48b3eda51: shutdown FollowerState
2019-10-18 11:24:11,415 [Thread-83] INFO  impl.RaftServerImpl (RaftServerImpl.java:setRole(184)) - f535bb4a-cba0-4f9b-9e3e-e4a48b3eda51@group-7E32184879DE: changes role from  FOLLOWER to CANDIDATE at term 9 for changeToCandidate
2019-10-18 11:24:11,415 [Thread-83] INFO  impl.RoleInfo (RoleInfo.java:updateAndGet(143)) - f535bb4a-cba0-4f9b-9e3e-e4a48b3eda51: start LeaderElection
2019-10-18 11:24:11,442 [f535bb4a-cba0-4f9b-9e3e-e4a48b3eda51@group-7E32184879DE-LeaderElection8] INFO  impl.LeaderElection (LeaderElection.java:askForVotes(178)) - f535bb4a-cba0-4f9b-9e3e-e4a48b3eda51@group-7E32184879DE-LeaderElection8: begin an election at term 10 for -1: [f535bb4a-cba0-4f9b-9e3e-e4a48b3eda51:0.0.0.0:44706, 54aabb14-4a7d-4ab3-adbe-2e67760b87f4:0.0.0.0:43074, c652e2ee-3322-4406-8db6-1ea643cb3197:0.0.0.0:42129], old=null
2019-10-18 11:24:11,446 [grpc-default-executor-3] INFO  impl.RaftServerImpl (RaftServerImpl.java:setRole(184)) - 54aabb14-4a7d-4ab3-adbe-2e67760b87f4@group-7E32184879DE: changes role from  FOLLOWER to FOLLOWER at term 10 for recognizeCandidate:f535bb4a-cba0-4f9b-9e3e-e4a48b3eda51
2019-10-18 11:24:11,446 [grpc-default-executor-1] INFO  impl.RaftServerImpl (RaftServerImpl.java:setRole(184)) - c652e2ee-3322-4406-8db6-1ea643cb3197@group-7E32184879DE: changes role from  FOLLOWER to FOLLOWER at term 10 for recognizeCandidate:f535bb4a-cba0-4f9b-9e3e-e4a48b3eda51
2019-10-18 11:24:11,446 [grpc-default-executor-3] INFO  impl.RoleInfo (RoleInfo.java:shutdownFollowerState(121)) - 54aabb14-4a7d-4ab3-adbe-2e67760b87f4: shutdown FollowerState
2019-10-18 11:24:11,447 [grpc-default-executor-1] INFO  impl.RoleInfo (RoleInfo.java:shutdownFollowerState(121)) - c652e2ee-3322-4406-8db6-1ea643cb3197: shutdown FollowerState
2019-10-18 11:24:11,447 [Thread-82] INFO  impl.FollowerState (FollowerState.java:run(117)) - 54aabb14-4a7d-4ab3-adbe-2e67760b87f4@group-7E32184879DE-FollowerState was interrupted: java.lang.InterruptedException: sleep interrupted
2019-10-18 11:24:11,447 [grpc-default-executor-3] INFO  impl.RoleInfo (RoleInfo.java:updateAndGet(143)) - 54aabb14-4a7d-4ab3-adbe-2e67760b87f4: start FollowerState
2019-10-18 11:24:11,447 [Thread-81] INFO  impl.FollowerState (FollowerState.java:run(117)) - c652e2ee-3322-4406-8db6-1ea643cb3197@group-7E32184879DE-FollowerState was interrupted: java.lang.InterruptedException: sleep interrupted
2019-10-18 11:24:11,447 [grpc-default-executor-1] INFO  impl.RoleInfo (RoleInfo.java:updateAndGet(143)) - c652e2ee-3322-4406-8db6-1ea643cb3197: start FollowerState
2019-10-18 11:24:11,478 [f535bb4a-cba0-4f9b-9e3e-e4a48b3eda51@group-7E32184879DE-LeaderElection8] INFO  impl.LeaderElection (LeaderElection.java:logAndReturn(56)) - f535bb4a-cba0-4f9b-9e3e-e4a48b3eda51@group-7E32184879DE-LeaderElection8: Election REJECTED; received 2 response(s) [f535bb4a-cba0-4f9b-9e3e-e4a48b3eda51<-54aabb14-4a7d-4ab3-adbe-2e67760b87f4#0:FAIL-t10, f535bb4a-cba0-4f9b-9e3e-e4a48b3eda51<-c652e2ee-3322-4406-8db6-1ea643cb3197#0:FAIL-t10] and 0 exception(s); f535bb4a-cba0-4f9b-9e3e-e4a48b3eda51@group-7E32184879DE:t10, leader=null, voted=f535bb4a-cba0-4f9b-9e3e-e4a48b3eda51, raftlog=f535bb4a-cba0-4f9b-9e3e-e4a48b3eda51@group-7E32184879DE-SegmentedRaftLog:OPENED:c-1,f-1,i0, conf=-1: [f535bb4a-cba0-4f9b-9e3e-e4a48b3eda51:0.0.0.0:44706, 54aabb14-4a7d-4ab3-adbe-2e67760b87f4:0.0.0.0:43074, c652e2ee-3322-4406-8db6-1ea643cb3197:0.0.0.0:42129], old=null
2019-10-18 11:24:11,478 [f535bb4a-cba0-4f9b-9e3e-e4a48b3eda51@group-7E32184879DE-LeaderElection8] INFO  impl.RaftServerImpl (RaftServerImpl.java:setRole(184)) - f535bb4a-cba0-4f9b-9e3e-e4a48b3eda51@group-7E32184879DE: changes role from CANDIDATE to FOLLOWER at term 10 for DISCOVERED_A_NEW_TERM
2019-10-18 11:24:11,479 [f535bb4a-cba0-4f9b-9e3e-e4a48b3eda51@group-7E32184879DE-LeaderElection8] INFO  impl.RoleInfo (RoleInfo.java:shutdownLeaderElection(134)) - f535bb4a-cba0-4f9b-9e3e-e4a48b3eda51: shutdown LeaderElection
2019-10-18 11:24:11,479 [f535bb4a-cba0-4f9b-9e3e-e4a48b3eda51@group-7E32184879DE-LeaderElection8] INFO  impl.RoleInfo (RoleInfo.java:updateAndGet(143)) - f535bb4a-cba0-4f9b-9e3e-e4a48b3eda51: start FollowerState
2019-10-18 11:24:11,592 [Thread-89] INFO  impl.FollowerState (FollowerState.java:run(108)) - f535bb4a-cba0-4f9b-9e3e-e4a48b3eda51@group-7E32184879DE-FollowerState: change to CANDIDATE, lastRpcTime:113ms, electionTimeout:112ms
2019-10-18 11:24:11,593 [Thread-89] INFO  impl.RoleInfo (RoleInfo.java:shutdownFollowerState(121)) - f535bb4a-cba0-4f9b-9e3e-e4a48b3eda51: shutdown FollowerState
2019-10-18 11:24:11,593 [Thread-89] INFO  impl.RaftServerImpl (RaftServerImpl.java:setRole(184)) - f535bb4a-cba0-4f9b-9e3e-e4a48b3eda51@group-7E32184879DE: changes role from  FOLLOWER to CANDIDATE at term 10 for changeToCandidate
2019-10-18 11:24:11,593 [Thread-89] INFO  impl.RoleInfo (RoleInfo.java:updateAndGet(143)) - f535bb4a-cba0-4f9b-9e3e-e4a48b3eda51: start LeaderElection
2019-10-18 11:24:11,634 [f535bb4a-cba0-4f9b-9e3e-e4a48b3eda51@group-7E32184879DE-LeaderElection9] INFO  impl.LeaderElection (LeaderElection.java:askForVotes(178)) - f535bb4a-cba0-4f9b-9e3e-e4a48b3eda51@group-7E32184879DE-LeaderElection9: begin an election at term 11 for -1: [f535bb4a-cba0-4f9b-9e3e-e4a48b3eda51:0.0.0.0:44706, 54aabb14-4a7d-4ab3-adbe-2e67760b87f4:0.0.0.0:43074, c652e2ee-3322-4406-8db6-1ea643cb3197:0.0.0.0:42129], old=null
2019-10-18 11:24:11,639 [grpc-default-executor-3] INFO  impl.RaftServerImpl (RaftServerImpl.java:setRole(184)) - 54aabb14-4a7d-4ab3-adbe-2e67760b87f4@group-7E32184879DE: changes role from  FOLLOWER to FOLLOWER at term 11 for recognizeCandidate:f535bb4a-cba0-4f9b-9e3e-e4a48b3eda51
2019-10-18 11:24:11,640 [grpc-default-executor-1] INFO  impl.RaftServerImpl (RaftServerImpl.java:setRole(184)) - c652e2ee-3322-4406-8db6-1ea643cb3197@group-7E32184879DE: changes role from  FOLLOWER to FOLLOWER at term 11 for recognizeCandidate:f535bb4a-cba0-4f9b-9e3e-e4a48b3eda51
2019-10-18 11:24:11,640 [grpc-default-executor-3] INFO  impl.RoleInfo (RoleInfo.java:shutdownFollowerState(121)) - 54aabb14-4a7d-4ab3-adbe-2e67760b87f4: shutdown FollowerState
2019-10-18 11:24:11,640 [grpc-default-executor-1] INFO  impl.RoleInfo (RoleInfo.java:shutdownFollowerState(121)) - c652e2ee-3322-4406-8db6-1ea643cb3197: shutdown FollowerState
2019-10-18 11:24:11,640 [Thread-87] INFO  impl.FollowerState (FollowerState.java:run(117)) - 54aabb14-4a7d-4ab3-adbe-2e67760b87f4@group-7E32184879DE-FollowerState was interrupted: java.lang.InterruptedException: sleep interrupted
2019-10-18 11:24:11,640 [grpc-default-executor-3] INFO  impl.RoleInfo (RoleInfo.java:updateAndGet(143)) - 54aabb14-4a7d-4ab3-adbe-2e67760b87f4: start FollowerState
2019-10-18 11:24:11,640 [Thread-88] INFO  impl.FollowerState (FollowerState.java:run(117)) - c652e2ee-3322-4406-8db6-1ea643cb3197@group-7E32184879DE-FollowerState was interrupted: java.lang.InterruptedException: sleep interrupted
2019-10-18 11:24:11,640 [grpc-default-executor-1] INFO  impl.RoleInfo (RoleInfo.java:updateAndGet(143)) - c652e2ee-3322-4406-8db6-1ea643cb3197: start FollowerState
2019-10-18 11:24:11,670 [f535bb4a-cba0-4f9b-9e3e-e4a48b3eda51@group-7E32184879DE-LeaderElection9] INFO  impl.LeaderElection (LeaderElection.java:logAndReturn(56)) - f535bb4a-cba0-4f9b-9e3e-e4a48b3eda51@group-7E32184879DE-LeaderElection9: Election REJECTED; received 2 response(s) [f535bb4a-cba0-4f9b-9e3e-e4a48b3eda51<-54aabb14-4a7d-4ab3-adbe-2e67760b87f4#0:FAIL-t11, f535bb4a-cba0-4f9b-9e3e-e4a48b3eda51<-c652e2ee-3322-4406-8db6-1ea643cb3197#0:FAIL-t11] and 0 exception(s); f535bb4a-cba0-4f9b-9e3e-e4a48b3eda51@group-7E32184879DE:t11, leader=null, voted=f535bb4a-cba0-4f9b-9e3e-e4a48b3eda51, raftlog=f535bb4a-cba0-4f9b-9e3e-e4a48b3eda51@group-7E32184879DE-SegmentedRaftLog:OPENED:c-1,f-1,i0, conf=-1: [f535bb4a-cba0-4f9b-9e3e-e4a48b3eda51:0.0.0.0:44706, 54aabb14-4a7d-4ab3-adbe-2e67760b87f4:0.0.0.0:43074, c652e2ee-3322-4406-8db6-1ea643cb3197:0.0.0.0:42129], old=null
2019-10-18 11:24:11,670 [f535bb4a-cba0-4f9b-9e3e-e4a48b3eda51@group-7E32184879DE-LeaderElection9] INFO  impl.RaftServerImpl (RaftServerImpl.java:setRole(184)) - f535bb4a-cba0-4f9b-9e3e-e4a48b3eda51@group-7E32184879DE: changes role from CANDIDATE to FOLLOWER at term 11 for DISCOVERED_A_NEW_TERM
2019-10-18 11:24:11,671 [f535bb4a-cba0-4f9b-9e3e-e4a48b3eda51@group-7E32184879DE-LeaderElection9] INFO  impl.RoleInfo (RoleInfo.java:shutdownLeaderElection(134)) - f535bb4a-cba0-4f9b-9e3e-e4a48b3eda51: shutdown LeaderElection
2019-10-18 11:24:11,671 [f535bb4a-cba0-4f9b-9e3e-e4a48b3eda51@group-7E32184879DE-LeaderElection9] INFO  impl.RoleInfo (RoleInfo.java:updateAndGet(143)) - f535bb4a-cba0-4f9b-9e3e-e4a48b3eda51: start FollowerState
2019-10-18 11:24:11,699 [Thread-95] INFO  impl.FollowerState (FollowerState.java:run(108)) - f535bb4a-cba0-4f9b-9e3e-e4a48b3eda51@group-7E32184879DE-FollowerState: change to CANDIDATE, lastRpcTime:27ms, electionTimeout:26ms
2019-10-18 11:24:11,699 [Thread-95] INFO  impl.RoleInfo (RoleInfo.java:shutdownFollowerState(121)) - f535bb4a-cba0-4f9b-9e3e-e4a48b3eda51: shutdown FollowerState
2019-10-18 11:24:11,700 [Thread-95] INFO  impl.RaftServerImpl (RaftServerImpl.java:setRole(184)) - f535bb4a-cba0-4f9b-9e3e-e4a48b3eda51@group-7E32184879DE: changes role from  FOLLOWER to CANDIDATE at term 11 for changeToCandidate
2019-10-18 11:24:11,700 [Thread-95] INFO  impl.RoleInfo (RoleInfo.java:updateAndGet(143)) - f535bb4a-cba0-4f9b-9e3e-e4a48b3eda51: start LeaderElection
2019-10-18 11:24:11,726 [f535bb4a-cba0-4f9b-9e3e-e4a48b3eda51@group-7E32184879DE-LeaderElection10] INFO  impl.LeaderElection (LeaderElection.java:askForVotes(178)) - f535bb4a-cba0-4f9b-9e3e-e4a48b3eda51@group-7E32184879DE-LeaderElection10: begin an election at term 12 for -1: [f535bb4a-cba0-4f9b-9e3e-e4a48b3eda51:0.0.0.0:44706, 54aabb14-4a7d-4ab3-adbe-2e67760b87f4:0.0.0.0:43074, c652e2ee-3322-4406-8db6-1ea643cb3197:0.0.0.0:42129], old=null
2019-10-18 11:24:11,730 [grpc-default-executor-1] INFO  impl.RaftServerImpl (RaftServerImpl.java:setRole(184)) - 54aabb14-4a7d-4ab3-adbe-2e67760b87f4@group-7E32184879DE: changes role from  FOLLOWER to FOLLOWER at term 12 for recognizeCandidate:f535bb4a-cba0-4f9b-9e3e-e4a48b3eda51
2019-10-18 11:24:11,731 [grpc-default-executor-1] INFO  impl.RoleInfo (RoleInfo.java:shutdownFollowerState(121)) - 54aabb14-4a7d-4ab3-adbe-2e67760b87f4: shutdown FollowerState
2019-10-18 11:24:11,731 [grpc-default-executor-3] INFO  impl.RaftServerImpl (RaftServerImpl.java:setRole(184)) - c652e2ee-3322-4406-8db6-1ea643cb3197@group-7E32184879DE: changes role from  FOLLOWER to FOLLOWER at term 12 for recognizeCandidate:f535bb4a-cba0-4f9b-9e3e-e4a48b3eda51
2019-10-18 11:24:11,731 [Thread-93] INFO  impl.FollowerState (FollowerState.java:run(117)) - 54aabb14-4a7d-4ab3-adbe-2e67760b87f4@group-7E32184879DE-FollowerState was interrupted: java.lang.InterruptedException: sleep interrupted
2019-10-18 11:24:11,731 [grpc-default-executor-1] INFO  impl.RoleInfo (RoleInfo.java:updateAndGet(143)) - 54aabb14-4a7d-4ab3-adbe-2e67760b87f4: start FollowerState
2019-10-18 11:24:11,731 [grpc-default-executor-3] INFO  impl.RoleInfo (RoleInfo.java:shutdownFollowerState(121)) - c652e2ee-3322-4406-8db6-1ea643cb3197: shutdown FollowerState
2019-10-18 11:24:11,733 [grpc-default-executor-3] INFO  impl.RoleInfo (RoleInfo.java:updateAndGet(143)) - c652e2ee-3322-4406-8db6-1ea643cb3197: start FollowerState
2019-10-18 11:24:11,733 [Thread-94] INFO  impl.FollowerState (FollowerState.java:run(117)) - c652e2ee-3322-4406-8db6-1ea643cb3197@group-7E32184879DE-FollowerState was interrupted: java.lang.InterruptedException: sleep interrupted
2019-10-18 11:24:11,762 [f535bb4a-cba0-4f9b-9e3e-e4a48b3eda51@group-7E32184879DE-LeaderElection10] INFO  impl.LeaderElection (LeaderElection.java:logAndReturn(56)) - f535bb4a-cba0-4f9b-9e3e-e4a48b3eda51@group-7E32184879DE-LeaderElection10: Election REJECTED; received 2 response(s) [f535bb4a-cba0-4f9b-9e3e-e4a48b3eda51<-54aabb14-4a7d-4ab3-adbe-2e67760b87f4#0:FAIL-t12, f535bb4a-cba0-4f9b-9e3e-e4a48b3eda51<-c652e2ee-3322-4406-8db6-1ea643cb3197#0:FAIL-t12] and 0 exception(s); f535bb4a-cba0-4f9b-9e3e-e4a48b3eda51@group-7E32184879DE:t12, leader=null, voted=f535bb4a-cba0-4f9b-9e3e-e4a48b3eda51, raftlog=f535bb4a-cba0-4f9b-9e3e-e4a48b3eda51@group-7E32184879DE-SegmentedRaftLog:OPENED:c-1,f-1,i0, conf=-1: [f535bb4a-cba0-4f9b-9e3e-e4a48b3eda51:0.0.0.0:44706, 54aabb14-4a7d-4ab3-adbe-2e67760b87f4:0.0.0.0:43074, c652e2ee-3322-4406-8db6-1ea643cb3197:0.0.0.0:42129], old=null
2019-10-18 11:24:11,763 [f535bb4a-cba0-4f9b-9e3e-e4a48b3eda51@group-7E32184879DE-LeaderElection10] INFO  impl.RaftServerImpl (RaftServerImpl.java:setRole(184)) - f535bb4a-cba0-4f9b-9e3e-e4a48b3eda51@group-7E32184879DE: changes role from CANDIDATE to FOLLOWER at term 12 for DISCOVERED_A_NEW_TERM
2019-10-18 11:24:11,763 [f535bb4a-cba0-4f9b-9e3e-e4a48b3eda51@group-7E32184879DE-LeaderElection10] INFO  impl.RoleInfo (RoleInfo.java:shutdownLeaderElection(134)) - f535bb4a-cba0-4f9b-9e3e-e4a48b3eda51: shutdown LeaderElection
2019-10-18 11:24:11,764 [f535bb4a-cba0-4f9b-9e3e-e4a48b3eda51@group-7E32184879DE-LeaderElection10] INFO  impl.RoleInfo (RoleInfo.java:updateAndGet(143)) - f535bb4a-cba0-4f9b-9e3e-e4a48b3eda51: start FollowerState
2019-10-18 11:24:11,877 [Thread-103] INFO  impl.FollowerState (FollowerState.java:run(108)) - f535bb4a-cba0-4f9b-9e3e-e4a48b3eda51@group-7E32184879DE-FollowerState: change to CANDIDATE, lastRpcTime:112ms, electionTimeout:112ms
2019-10-18 11:24:11,878 [Thread-103] INFO  impl.RoleInfo (RoleInfo.java:shutdownFollowerState(121)) - f535bb4a-cba0-4f9b-9e3e-e4a48b3eda51: shutdown FollowerState
2019-10-18 11:24:11,878 [Thread-103] INFO  impl.RaftServerImpl (RaftServerImpl.java:setRole(184)) - f535bb4a-cba0-4f9b-9e3e-e4a48b3eda51@group-7E32184879DE: changes role from  FOLLOWER to CANDIDATE at term 12 for changeToCandidate
2019-10-18 11:24:11,878 [Thread-103] INFO  impl.RoleInfo (RoleInfo.java:updateAndGet(143)) - f535bb4a-cba0-4f9b-9e3e-e4a48b3eda51: start LeaderElection
2019-10-18 11:24:11,911 [f535bb4a-cba0-4f9b-9e3e-e4a48b3eda51@group-7E32184879DE-LeaderElection11] INFO  impl.LeaderElection (LeaderElection.java:askForVotes(178)) - f535bb4a-cba0-4f9b-9e3e-e4a48b3eda51@group-7E32184879DE-LeaderElection11: begin an election at term 13 for -1: [f535bb4a-cba0-4f9b-9e3e-e4a48b3eda51:0.0.0.0:44706, 54aabb14-4a7d-4ab3-adbe-2e67760b87f4:0.0.0.0:43074, c652e2ee-3322-4406-8db6-1ea643cb3197:0.0.0.0:42129], old=null
2019-10-18 11:24:11,917 [grpc-default-executor-1] INFO  impl.RaftServerImpl (RaftServerImpl.java:setRole(184)) - 54aabb14-4a7d-4ab3-adbe-2e67760b87f4@group-7E32184879DE: changes role from  FOLLOWER to FOLLOWER at term 13 for recognizeCandidate:f535bb4a-cba0-4f9b-9e3e-e4a48b3eda51
2019-10-18 11:24:11,917 [grpc-default-executor-3] INFO  impl.RaftServerImpl (RaftServerImpl.java:setRole(184)) - c652e2ee-3322-4406-8db6-1ea643cb3197@group-7E32184879DE: changes role from  FOLLOWER to FOLLOWER at term 13 for recognizeCandidate:f535bb4a-cba0-4f9b-9e3e-e4a48b3eda51
2019-10-18 11:24:11,917 [grpc-default-executor-1] INFO  impl.RoleInfo (RoleInfo.java:shutdownFollowerState(121)) - 54aabb14-4a7d-4ab3-adbe-2e67760b87f4: shutdown FollowerState
2019-10-18 11:24:11,918 [grpc-default-executor-3] INFO  impl.RoleInfo (RoleInfo.java:shutdownFollowerState(121)) - c652e2ee-3322-4406-8db6-1ea643cb3197: shutdown FollowerState
2019-10-18 11:24:11,918 [Thread-101] INFO  impl.FollowerState (FollowerState.java:run(117)) - 54aabb14-4a7d-4ab3-adbe-2e67760b87f4@group-7E32184879DE-FollowerState was interrupted: java.lang.InterruptedException: sleep interrupted
2019-10-18 11:24:11,918 [grpc-default-executor-1] INFO  impl.RoleInfo (RoleInfo.java:updateAndGet(143)) - 54aabb14-4a7d-4ab3-adbe-2e67760b87f4: start FollowerState
2019-10-18 11:24:11,918 [Thread-102] INFO  impl.FollowerState (FollowerState.java:run(117)) - c652e2ee-3322-4406-8db6-1ea643cb3197@group-7E32184879DE-FollowerState was interrupted: java.lang.InterruptedException: sleep interrupted
2019-10-18 11:24:11,918 [grpc-default-executor-3] INFO  impl.RoleInfo (RoleInfo.java:updateAndGet(143)) - c652e2ee-3322-4406-8db6-1ea643cb3197: start FollowerState
2019-10-18 11:24:11,947 [f535bb4a-cba0-4f9b-9e3e-e4a48b3eda51@group-7E32184879DE-LeaderElection11] INFO  impl.LeaderElection (LeaderElection.java:logAndReturn(56)) - f535bb4a-cba0-4f9b-9e3e-e4a48b3eda51@group-7E32184879DE-LeaderElection11: Election REJECTED; received 2 response(s) [f535bb4a-cba0-4f9b-9e3e-e4a48b3eda51<-54aabb14-4a7d-4ab3-adbe-2e67760b87f4#0:FAIL-t13, f535bb4a-cba0-4f9b-9e3e-e4a48b3eda51<-c652e2ee-3322-4406-8db6-1ea643cb3197#0:FAIL-t13] and 0 exception(s); f535bb4a-cba0-4f9b-9e3e-e4a48b3eda51@group-7E32184879DE:t13, leader=null, voted=f535bb4a-cba0-4f9b-9e3e-e4a48b3eda51, raftlog=f535bb4a-cba0-4f9b-9e3e-e4a48b3eda51@group-7E32184879DE-SegmentedRaftLog:OPENED:c-1,f-1,i0, conf=-1: [f535bb4a-cba0-4f9b-9e3e-e4a48b3eda51:0.0.0.0:44706, 54aabb14-4a7d-4ab3-adbe-2e67760b87f4:0.0.0.0:43074, c652e2ee-3322-4406-8db6-1ea643cb3197:0.0.0.0:42129], old=null
2019-10-18 11:24:11,948 [f535bb4a-cba0-4f9b-9e3e-e4a48b3eda51@group-7E32184879DE-LeaderElection11] INFO  impl.RaftServerImpl (RaftServerImpl.java:setRole(184)) - f535bb4a-cba0-4f9b-9e3e-e4a48b3eda51@group-7E32184879DE: changes role from CANDIDATE to FOLLOWER at term 13 for DISCOVERED_A_NEW_TERM
2019-10-18 11:24:11,950 [f535bb4a-cba0-4f9b-9e3e-e4a48b3eda51@group-7E32184879DE-LeaderElection11] INFO  impl.RoleInfo (RoleInfo.java:shutdownLeaderElection(134)) - f535bb4a-cba0-4f9b-9e3e-e4a48b3eda51: shutdown LeaderElection
2019-10-18 11:24:11,950 [f535bb4a-cba0-4f9b-9e3e-e4a48b3eda51@group-7E32184879DE-LeaderElection11] INFO  impl.RoleInfo (RoleInfo.java:updateAndGet(143)) - f535bb4a-cba0-4f9b-9e3e-e4a48b3eda51: start FollowerState
2019-10-18 11:24:12,108 [Thread-109] INFO  impl.FollowerState (FollowerState.java:run(108)) - f535bb4a-cba0-4f9b-9e3e-e4a48b3eda51@group-7E32184879DE-FollowerState: change to CANDIDATE, lastRpcTime:158ms, electionTimeout:158ms
2019-10-18 11:24:12,110 [Thread-109] INFO  impl.RoleInfo (RoleInfo.java:shutdownFollowerState(121)) - f535bb4a-cba0-4f9b-9e3e-e4a48b3eda51: shutdown FollowerState
2019-10-18 11:24:12,110 [Thread-109] INFO  impl.RaftServerImpl (RaftServerImpl.java:setRole(184)) - f535bb4a-cba0-4f9b-9e3e-e4a48b3eda51@group-7E32184879DE: changes role from  FOLLOWER to CANDIDATE at term 13 for changeToCandidate
2019-10-18 11:24:12,110 [Thread-109] INFO  impl.RoleInfo (RoleInfo.java:updateAndGet(143)) - f535bb4a-cba0-4f9b-9e3e-e4a48b3eda51: start LeaderElection
2019-10-18 11:24:12,136 [f535bb4a-cba0-4f9b-9e3e-e4a48b3eda51@group-7E32184879DE-LeaderElection12] INFO  impl.LeaderElection (LeaderElection.java:askForVotes(178)) - f535bb4a-cba0-4f9b-9e3e-e4a48b3eda51@group-7E32184879DE-LeaderElection12: begin an election at term 14 for -1: [f535bb4a-cba0-4f9b-9e3e-e4a48b3eda51:0.0.0.0:44706, 54aabb14-4a7d-4ab3-adbe-2e67760b87f4:0.0.0.0:43074, c652e2ee-3322-4406-8db6-1ea643cb3197:0.0.0.0:42129], old=null
2019-10-18 11:24:12,142 [grpc-default-executor-1] INFO  impl.RaftServerImpl (RaftServerImpl.java:setRole(184)) - 54aabb14-4a7d-4ab3-adbe-2e67760b87f4@group-7E32184879DE: changes role from  FOLLOWER to FOLLOWER at term 14 for recognizeCandidate:f535bb4a-cba0-4f9b-9e3e-e4a48b3eda51
2019-10-18 11:24:12,142 [grpc-default-executor-3] INFO  impl.RaftServerImpl (RaftServerImpl.java:setRole(184)) - c652e2ee-3322-4406-8db6-1ea643cb3197@group-7E32184879DE: changes role from  FOLLOWER to FOLLOWER at term 14 for recognizeCandidate:f535bb4a-cba0-4f9b-9e3e-e4a48b3eda51
2019-10-18 11:24:12,142 [grpc-default-executor-1] INFO  impl.RoleInfo (RoleInfo.java:shutdownFollowerState(121)) - 54aabb14-4a7d-4ab3-adbe-2e67760b87f4: shutdown FollowerState
2019-10-18 11:24:12,142 [grpc-default-executor-3] INFO  impl.RoleInfo (RoleInfo.java:shutdownFollowerState(121)) - c652e2ee-3322-4406-8db6-1ea643cb3197: shutdown FollowerState
2019-10-18 11:24:12,142 [Thread-107] INFO  impl.FollowerState (FollowerState.java:run(117)) - 54aabb14-4a7d-4ab3-adbe-2e67760b87f4@group-7E32184879DE-FollowerState was interrupted: java.lang.InterruptedException: sleep interrupted
2019-10-18 11:24:12,142 [grpc-default-executor-1] INFO  impl.RoleInfo (RoleInfo.java:updateAndGet(143)) - 54aabb14-4a7d-4ab3-adbe-2e67760b87f4: start FollowerState
2019-10-18 11:24:12,142 [Thread-108] INFO  impl.FollowerState (FollowerState.java:run(117)) - c652e2ee-3322-4406-8db6-1ea643cb3197@group-7E32184879DE-FollowerState was interrupted: java.lang.InterruptedException: sleep interrupted
2019-10-18 11:24:12,142 [grpc-default-executor-3] INFO  impl.RoleInfo (RoleInfo.java:updateAndGet(143)) - c652e2ee-3322-4406-8db6-1ea643cb3197: start FollowerState
2019-10-18 11:24:12,172 [f535bb4a-cba0-4f9b-9e3e-e4a48b3eda51@group-7E32184879DE-LeaderElection12] INFO  impl.LeaderElection (LeaderElection.java:logAndReturn(56)) - f535bb4a-cba0-4f9b-9e3e-e4a48b3eda51@group-7E32184879DE-LeaderElection12: Election REJECTED; received 2 response(s) [f535bb4a-cba0-4f9b-9e3e-e4a48b3eda51<-54aabb14-4a7d-4ab3-adbe-2e67760b87f4#0:FAIL-t14, f535bb4a-cba0-4f9b-9e3e-e4a48b3eda51<-c652e2ee-3322-4406-8db6-1ea643cb3197#0:FAIL-t14] and 0 exception(s); f535bb4a-cba0-4f9b-9e3e-e4a48b3eda51@group-7E32184879DE:t14, leader=null, voted=f535bb4a-cba0-4f9b-9e3e-e4a48b3eda51, raftlog=f535bb4a-cba0-4f9b-9e3e-e4a48b3eda51@group-7E32184879DE-SegmentedRaftLog:OPENED:c-1,f-1,i0, conf=-1: [f535bb4a-cba0-4f9b-9e3e-e4a48b3eda51:0.0.0.0:44706, 54aabb14-4a7d-4ab3-adbe-2e67760b87f4:0.0.0.0:43074, c652e2ee-3322-4406-8db6-1ea643cb3197:0.0.0.0:42129], old=null
2019-10-18 11:24:12,172 [f535bb4a-cba0-4f9b-9e3e-e4a48b3eda51@group-7E32184879DE-LeaderElection12] INFO  impl.RaftServerImpl (RaftServerImpl.java:setRole(184)) - f535bb4a-cba0-4f9b-9e3e-e4a48b3eda51@group-7E32184879DE: changes role from CANDIDATE to FOLLOWER at term 14 for DISCOVERED_A_NEW_TERM
2019-10-18 11:24:12,172 [f535bb4a-cba0-4f9b-9e3e-e4a48b3eda51@group-7E32184879DE-LeaderElection12] INFO  impl.RoleInfo (RoleInfo.java:shutdownLeaderElection(134)) - f535bb4a-cba0-4f9b-9e3e-e4a48b3eda51: shutdown LeaderElection
2019-10-18 11:24:12,173 [f535bb4a-cba0-4f9b-9e3e-e4a48b3eda51@group-7E32184879DE-LeaderElection12] INFO  impl.RoleInfo (RoleInfo.java:updateAndGet(143)) - f535bb4a-cba0-4f9b-9e3e-e4a48b3eda51: start FollowerState
2019-10-18 11:24:12,267 [Thread-115] INFO  impl.FollowerState (FollowerState.java:run(108)) - f535bb4a-cba0-4f9b-9e3e-e4a48b3eda51@group-7E32184879DE-FollowerState: change to CANDIDATE, lastRpcTime:94ms, electionTimeout:94ms
2019-10-18 11:24:12,268 [Thread-115] INFO  impl.RoleInfo (RoleInfo.java:shutdownFollowerState(121)) - f535bb4a-cba0-4f9b-9e3e-e4a48b3eda51: shutdown FollowerState
2019-10-18 11:24:12,268 [Thread-115] INFO  impl.RaftServerImpl (RaftServerImpl.java:setRole(184)) - f535bb4a-cba0-4f9b-9e3e-e4a48b3eda51@group-7E32184879DE: changes role from  FOLLOWER to CANDIDATE at term 14 for changeToCandidate
2019-10-18 11:24:12,268 [Thread-115] INFO  impl.RoleInfo (RoleInfo.java:updateAndGet(143)) - f535bb4a-cba0-4f9b-9e3e-e4a48b3eda51: start LeaderElection
2019-10-18 11:24:12,295 [f535bb4a-cba0-4f9b-9e3e-e4a48b3eda51@group-7E32184879DE-LeaderElection13] INFO  impl.LeaderElection (LeaderElection.java:askForVotes(178)) - f535bb4a-cba0-4f9b-9e3e-e4a48b3eda51@group-7E32184879DE-LeaderElection13: begin an election at term 15 for -1: [f535bb4a-cba0-4f9b-9e3e-e4a48b3eda51:0.0.0.0:44706, 54aabb14-4a7d-4ab3-adbe-2e67760b87f4:0.0.0.0:43074, c652e2ee-3322-4406-8db6-1ea643cb3197:0.0.0.0:42129], old=null
2019-10-18 11:24:12,300 [grpc-default-executor-3] INFO  impl.RaftServerImpl (RaftServerImpl.java:setRole(184)) - 54aabb14-4a7d-4ab3-adbe-2e67760b87f4@group-7E32184879DE: changes role from  FOLLOWER to FOLLOWER at term 15 for recognizeCandidate:f535bb4a-cba0-4f9b-9e3e-e4a48b3eda51
2019-10-18 11:24:12,300 [grpc-default-executor-1] INFO  impl.RaftServerImpl (RaftServerImpl.java:setRole(184)) - c652e2ee-3322-4406-8db6-1ea643cb3197@group-7E32184879DE: changes role from  FOLLOWER to FOLLOWER at term 15 for recognizeCandidate:f535bb4a-cba0-4f9b-9e3e-e4a48b3eda51
2019-10-18 11:24:12,300 [grpc-default-executor-3] INFO  impl.RoleInfo (RoleInfo.java:shutdownFollowerState(121)) - 54aabb14-4a7d-4ab3-adbe-2e67760b87f4: shutdown FollowerState
2019-10-18 11:24:12,300 [grpc-default-executor-1] INFO  impl.RoleInfo (RoleInfo.java:shutdownFollowerState(121)) - c652e2ee-3322-4406-8db6-1ea643cb3197: shutdown FollowerState
2019-10-18 11:24:12,300 [Thread-113] INFO  impl.FollowerState (FollowerState.java:run(117)) - 54aabb14-4a7d-4ab3-adbe-2e67760b87f4@group-7E32184879DE-FollowerState was interrupted: java.lang.InterruptedException: sleep interrupted
2019-10-18 11:24:12,300 [grpc-default-executor-1] INFO  impl.RoleInfo (RoleInfo.java:updateAndGet(143)) - c652e2ee-3322-4406-8db6-1ea643cb3197: start FollowerState
2019-10-18 11:24:12,300 [grpc-default-executor-3] INFO  impl.RoleInfo (RoleInfo.java:updateAndGet(143)) - 54aabb14-4a7d-4ab3-adbe-2e67760b87f4: start FollowerState
2019-10-18 11:24:12,300 [Thread-114] INFO  impl.FollowerState (FollowerState.java:run(117)) - c652e2ee-3322-4406-8db6-1ea643cb3197@group-7E32184879DE-FollowerState was interrupted: java.lang.InterruptedException: sleep interrupted
2019-10-18 11:24:12,331 [f535bb4a-cba0-4f9b-9e3e-e4a48b3eda51@group-7E32184879DE-LeaderElection13] INFO  impl.LeaderElection (LeaderElection.java:logAndReturn(56)) - f535bb4a-cba0-4f9b-9e3e-e4a48b3eda51@group-7E32184879DE-LeaderElection13: Election REJECTED; received 2 response(s) [f535bb4a-cba0-4f9b-9e3e-e4a48b3eda51<-54aabb14-4a7d-4ab3-adbe-2e67760b87f4#0:FAIL-t15, f535bb4a-cba0-4f9b-9e3e-e4a48b3eda51<-c652e2ee-3322-4406-8db6-1ea643cb3197#0:FAIL-t15] and 0 exception(s); f535bb4a-cba0-4f9b-9e3e-e4a48b3eda51@group-7E32184879DE:t15, leader=null, voted=f535bb4a-cba0-4f9b-9e3e-e4a48b3eda51, raftlog=f535bb4a-cba0-4f9b-9e3e-e4a48b3eda51@group-7E32184879DE-SegmentedRaftLog:OPENED:c-1,f-1,i0, conf=-1: [f535bb4a-cba0-4f9b-9e3e-e4a48b3eda51:0.0.0.0:44706, 54aabb14-4a7d-4ab3-adbe-2e67760b87f4:0.0.0.0:43074, c652e2ee-3322-4406-8db6-1ea643cb3197:0.0.0.0:42129], old=null
2019-10-18 11:24:12,331 [f535bb4a-cba0-4f9b-9e3e-e4a48b3eda51@group-7E32184879DE-LeaderElection13] INFO  impl.RaftServerImpl (RaftServerImpl.java:setRole(184)) - f535bb4a-cba0-4f9b-9e3e-e4a48b3eda51@group-7E32184879DE: changes role from CANDIDATE to FOLLOWER at term 15 for DISCOVERED_A_NEW_TERM
2019-10-18 11:24:12,331 [f535bb4a-cba0-4f9b-9e3e-e4a48b3eda51@group-7E32184879DE-LeaderElection13] INFO  impl.RoleInfo (RoleInfo.java:shutdownLeaderElection(134)) - f535bb4a-cba0-4f9b-9e3e-e4a48b3eda51: shutdown LeaderElection
2019-10-18 11:24:12,331 [f535bb4a-cba0-4f9b-9e3e-e4a48b3eda51@group-7E32184879DE-LeaderElection13] INFO  impl.RoleInfo (RoleInfo.java:updateAndGet(143)) - f535bb4a-cba0-4f9b-9e3e-e4a48b3eda51: start FollowerState
2019-10-18 11:24:12,369 [Thread-121] INFO  impl.FollowerState (FollowerState.java:run(108)) - f535bb4a-cba0-4f9b-9e3e-e4a48b3eda51@group-7E32184879DE-FollowerState: change to CANDIDATE, lastRpcTime:37ms, electionTimeout:37ms
2019-10-18 11:24:12,370 [Thread-121] INFO  impl.RoleInfo (RoleInfo.java:shutdownFollowerState(121)) - f535bb4a-cba0-4f9b-9e3e-e4a48b3eda51: shutdown FollowerState
2019-10-18 11:24:12,370 [Thread-121] INFO  impl.RaftServerImpl (RaftServerImpl.java:setRole(184)) - f535bb4a-cba0-4f9b-9e3e-e4a48b3eda51@group-7E32184879DE: changes role from  FOLLOWER to CANDIDATE at term 15 for changeToCandidate
2019-10-18 11:24:12,370 [Thread-121] INFO  impl.RoleInfo (RoleInfo.java:updateAndGet(143)) - f535bb4a-cba0-4f9b-9e3e-e4a48b3eda51: start LeaderElection
2019-10-18 11:24:12,396 [f535bb4a-cba0-4f9b-9e3e-e4a48b3eda51@group-7E32184879DE-LeaderElection14] INFO  impl.LeaderElection (LeaderElection.java:askForVotes(178)) - f535bb4a-cba0-4f9b-9e3e-e4a48b3eda51@group-7E32184879DE-LeaderElection14: begin an election at term 16 for -1: [f535bb4a-cba0-4f9b-9e3e-e4a48b3eda51:0.0.0.0:44706, 54aabb14-4a7d-4ab3-adbe-2e67760b87f4:0.0.0.0:43074, c652e2ee-3322-4406-8db6-1ea643cb3197:0.0.0.0:42129], old=null
2019-10-18 11:24:12,401 [grpc-default-executor-3] INFO  impl.RaftServerImpl (RaftServerImpl.java:setRole(184)) - 54aabb14-4a7d-4ab3-adbe-2e67760b87f4@group-7E32184879DE: changes role from  FOLLOWER to FOLLOWER at term 16 for recognizeCandidate:f535bb4a-cba0-4f9b-9e3e-e4a48b3eda51
2019-10-18 11:24:12,401 [grpc-default-executor-3] INFO  impl.RoleInfo (RoleInfo.java:shutdownFollowerState(121)) - 54aabb14-4a7d-4ab3-adbe-2e67760b87f4: shutdown FollowerState
2019-10-18 11:24:12,401 [grpc-default-executor-1] INFO  impl.RaftServerImpl (RaftServerImpl.java:setRole(184)) - c652e2ee-3322-4406-8db6-1ea643cb3197@group-7E32184879DE: changes role from  FOLLOWER to FOLLOWER at term 16 for recognizeCandidate:f535bb4a-cba0-4f9b-9e3e-e4a48b3eda51
2019-10-18 11:24:12,401 [Thread-119] INFO  impl.FollowerState (FollowerState.java:run(117)) - 54aabb14-4a7d-4ab3-adbe-2e67760b87f4@group-7E32184879DE-FollowerState was interrupted: java.lang.InterruptedException: sleep interrupted
2019-10-18 11:24:12,401 [grpc-default-executor-3] INFO  impl.RoleInfo (RoleInfo.java:updateAndGet(143)) - 54aabb14-4a7d-4ab3-adbe-2e67760b87f4: start FollowerState
2019-10-18 11:24:12,401 [grpc-default-executor-1] INFO  impl.RoleInfo (RoleInfo.java:shutdownFollowerState(121)) - c652e2ee-3322-4406-8db6-1ea643cb3197: shutdown FollowerState
2019-10-18 11:24:12,402 [grpc-default-executor-1] INFO  impl.RoleInfo (RoleInfo.java:updateAndGet(143)) - c652e2ee-3322-4406-8db6-1ea643cb3197: start FollowerState
2019-10-18 11:24:12,402 [Thread-120] INFO  impl.FollowerState (FollowerState.java:run(117)) - c652e2ee-3322-4406-8db6-1ea643cb3197@group-7E32184879DE-FollowerState was interrupted: java.lang.InterruptedException: sleep interrupted
2019-10-18 11:24:12,432 [f535bb4a-cba0-4f9b-9e3e-e4a48b3eda51@group-7E32184879DE-LeaderElection14] INFO  impl.LeaderElection (LeaderElection.java:logAndReturn(56)) - f535bb4a-cba0-4f9b-9e3e-e4a48b3eda51@group-7E32184879DE-LeaderElection14: Election REJECTED; received 2 response(s) [f535bb4a-cba0-4f9b-9e3e-e4a48b3eda51<-54aabb14-4a7d-4ab3-adbe-2e67760b87f4#0:FAIL-t16, f535bb4a-cba0-4f9b-9e3e-e4a48b3eda51<-c652e2ee-3322-4406-8db6-1ea643cb3197#0:FAIL-t16] and 0 exception(s); f535bb4a-cba0-4f9b-9e3e-e4a48b3eda51@group-7E32184879DE:t16, leader=null, voted=f535bb4a-cba0-4f9b-9e3e-e4a48b3eda51, raftlog=f535bb4a-cba0-4f9b-9e3e-e4a48b3eda51@group-7E32184879DE-SegmentedRaftLog:OPENED:c-1,f-1,i0, conf=-1: [f535bb4a-cba0-4f9b-9e3e-e4a48b3eda51:0.0.0.0:44706, 54aabb14-4a7d-4ab3-adbe-2e67760b87f4:0.0.0.0:43074, c652e2ee-3322-4406-8db6-1ea643cb3197:0.0.0.0:42129], old=null
2019-10-18 11:24:12,433 [f535bb4a-cba0-4f9b-9e3e-e4a48b3eda51@group-7E32184879DE-LeaderElection14] INFO  impl.RaftServerImpl (RaftServerImpl.java:setRole(184)) - f535bb4a-cba0-4f9b-9e3e-e4a48b3eda51@group-7E32184879DE: changes role from CANDIDATE to FOLLOWER at term 16 for DISCOVERED_A_NEW_TERM
2019-10-18 11:24:12,433 [f535bb4a-cba0-4f9b-9e3e-e4a48b3eda51@group-7E32184879DE-LeaderElection14] INFO  impl.RoleInfo (RoleInfo.java:shutdownLeaderElection(134)) - f535bb4a-cba0-4f9b-9e3e-e4a48b3eda51: shutdown LeaderElection
2019-10-18 11:24:12,433 [f535bb4a-cba0-4f9b-9e3e-e4a48b3eda51@group-7E32184879DE-LeaderElection14] INFO  impl.RoleInfo (RoleInfo.java:updateAndGet(143)) - f535bb4a-cba0-4f9b-9e3e-e4a48b3eda51: start FollowerState
2019-10-18 11:24:12,462 [Thread-127] INFO  impl.FollowerState (FollowerState.java:run(108)) - f535bb4a-cba0-4f9b-9e3e-e4a48b3eda51@group-7E32184879DE-FollowerState: change to CANDIDATE, lastRpcTime:28ms, electionTimeout:28ms
2019-10-18 11:24:12,463 [Thread-127] INFO  impl.RoleInfo (RoleInfo.java:shutdownFollowerState(121)) - f535bb4a-cba0-4f9b-9e3e-e4a48b3eda51: shutdown FollowerState
2019-10-18 11:24:12,463 [Thread-127] INFO  impl.RaftServerImpl (RaftServerImpl.java:setRole(184)) - f535bb4a-cba0-4f9b-9e3e-e4a48b3eda51@group-7E32184879DE: changes role from  FOLLOWER to CANDIDATE at term 16 for changeToCandidate
2019-10-18 11:24:12,463 [Thread-127] INFO  impl.RoleInfo (RoleInfo.java:updateAndGet(143)) - f535bb4a-cba0-4f9b-9e3e-e4a48b3eda51: start LeaderElection
2019-10-18 11:24:12,490 [f535bb4a-cba0-4f9b-9e3e-e4a48b3eda51@group-7E32184879DE-LeaderElection15] INFO  impl.LeaderElection (LeaderElection.java:askForVotes(178)) - f535bb4a-cba0-4f9b-9e3e-e4a48b3eda51@group-7E32184879DE-LeaderElection15: begin an election at term 17 for -1: [f535bb4a-cba0-4f9b-9e3e-e4a48b3eda51:0.0.0.0:44706, 54aabb14-4a7d-4ab3-adbe-2e67760b87f4:0.0.0.0:43074, c652e2ee-3322-4406-8db6-1ea643cb3197:0.0.0.0:42129], old=null
2019-10-18 11:24:12,495 [grpc-default-executor-1] INFO  impl.RaftServerImpl (RaftServerImpl.java:setRole(184)) - 54aabb14-4a7d-4ab3-adbe-2e67760b87f4@group-7E32184879DE: changes role from  FOLLOWER to FOLLOWER at term 17 for recognizeCandidate:f535bb4a-cba0-4f9b-9e3e-e4a48b3eda51
2019-10-18 11:24:12,495 [grpc-default-executor-3] INFO  impl.RaftServerImpl (RaftServerImpl.java:setRole(184)) - c652e2ee-3322-4406-8db6-1ea643cb3197@group-7E32184879DE: changes role from  FOLLOWER to FOLLOWER at term 17 for recognizeCandidate:f535bb4a-cba0-4f9b-9e3e-e4a48b3eda51
2019-10-18 11:24:12,496 [grpc-default-executor-1] INFO  impl.RoleInfo (RoleInfo.java:shutdownFollowerState(121)) - 54aabb14-4a7d-4ab3-adbe-2e67760b87f4: shutdown FollowerState
2019-10-18 11:24:12,496 [grpc-default-executor-3] INFO  impl.RoleInfo (RoleInfo.java:shutdownFollowerState(121)) - c652e2ee-3322-4406-8db6-1ea643cb3197: shutdown FollowerState
2019-10-18 11:24:12,496 [Thread-125] INFO  impl.FollowerState (FollowerState.java:run(117)) - 54aabb14-4a7d-4ab3-adbe-2e67760b87f4@group-7E32184879DE-FollowerState was interrupted: java.lang.InterruptedException: sleep interrupted
2019-10-18 11:24:12,496 [grpc-default-executor-1] INFO  impl.RoleInfo (RoleInfo.java:updateAndGet(143)) - 54aabb14-4a7d-4ab3-adbe-2e67760b87f4: start FollowerState
2019-10-18 11:24:12,496 [grpc-default-executor-3] INFO  impl.RoleInfo (RoleInfo.java:updateAndGet(143)) - c652e2ee-3322-4406-8db6-1ea643cb3197: start FollowerState
2019-10-18 11:24:12,496 [Thread-126] INFO  impl.FollowerState (FollowerState.java:run(117)) - c652e2ee-3322-4406-8db6-1ea643cb3197@group-7E32184879DE-FollowerState was interrupted: java.lang.InterruptedException: sleep interrupted
2019-10-18 11:24:12,525 [f535bb4a-cba0-4f9b-9e3e-e4a48b3eda51@group-7E32184879DE-LeaderElection15] INFO  impl.LeaderElection (LeaderElection.java:logAndReturn(56)) - f535bb4a-cba0-4f9b-9e3e-e4a48b3eda51@group-7E32184879DE-LeaderElection15: Election REJECTED; received 2 response(s) [f535bb4a-cba0-4f9b-9e3e-e4a48b3eda51<-54aabb14-4a7d-4ab3-adbe-2e67760b87f4#0:FAIL-t17, f535bb4a-cba0-4f9b-9e3e-e4a48b3eda51<-c652e2ee-3322-4406-8db6-1ea643cb3197#0:FAIL-t17] and 0 exception(s); f535bb4a-cba0-4f9b-9e3e-e4a48b3eda51@group-7E32184879DE:t17, leader=null, voted=f535bb4a-cba0-4f9b-9e3e-e4a48b3eda51, raftlog=f535bb4a-cba0-4f9b-9e3e-e4a48b3eda51@group-7E32184879DE-SegmentedRaftLog:OPENED:c-1,f-1,i0, conf=-1: [f535bb4a-cba0-4f9b-9e3e-e4a48b3eda51:0.0.0.0:44706, 54aabb14-4a7d-4ab3-adbe-2e67760b87f4:0.0.0.0:43074, c652e2ee-3322-4406-8db6-1ea643cb3197:0.0.0.0:42129], old=null
2019-10-18 11:24:12,526 [f535bb4a-cba0-4f9b-9e3e-e4a48b3eda51@group-7E32184879DE-LeaderElection15] INFO  impl.RaftServerImpl (RaftServerImpl.java:setRole(184)) - f535bb4a-cba0-4f9b-9e3e-e4a48b3eda51@group-7E32184879DE: changes role from CANDIDATE to FOLLOWER at term 17 for DISCOVERED_A_NEW_TERM
2019-10-18 11:24:12,526 [f535bb4a-cba0-4f9b-9e3e-e4a48b3eda51@group-7E32184879DE-LeaderElection15] INFO  impl.RoleInfo (RoleInfo.java:shutdownLeaderElection(134)) - f535bb4a-cba0-4f9b-9e3e-e4a48b3eda51: shutdown LeaderElection
2019-10-18 11:24:12,526 [f535bb4a-cba0-4f9b-9e3e-e4a48b3eda51@group-7E32184879DE-LeaderElection15] INFO  impl.RoleInfo (RoleInfo.java:updateAndGet(143)) - f535bb4a-cba0-4f9b-9e3e-e4a48b3eda51: start FollowerState
2019-10-18 11:24:12,672 [Thread-133] INFO  impl.FollowerState (FollowerState.java:run(108)) - f535bb4a-cba0-4f9b-9e3e-e4a48b3eda51@group-7E32184879DE-FollowerState: change to CANDIDATE, lastRpcTime:145ms, electionTimeout:145ms
2019-10-18 11:24:12,673 [Thread-133] INFO  impl.RoleInfo (RoleInfo.java:shutdownFollowerState(121)) - f535bb4a-cba0-4f9b-9e3e-e4a48b3eda51: shutdown FollowerState
2019-10-18 11:24:12,673 [Thread-133] INFO  impl.RaftServerImpl (RaftServerImpl.java:setRole(184)) - f535bb4a-cba0-4f9b-9e3e-e4a48b3eda51@group-7E32184879DE: changes role from  FOLLOWER to CANDIDATE at term 17 for changeToCandidate
2019-10-18 11:24:12,674 [Thread-133] INFO  impl.RoleInfo (RoleInfo.java:updateAndGet(143)) - f535bb4a-cba0-4f9b-9e3e-e4a48b3eda51: start LeaderElection
2019-10-18 11:24:12,699 [f535bb4a-cba0-4f9b-9e3e-e4a48b3eda51@group-7E32184879DE-LeaderElection16] INFO  impl.LeaderElection (LeaderElection.java:askForVotes(178)) - f535bb4a-cba0-4f9b-9e3e-e4a48b3eda51@group-7E32184879DE-LeaderElection16: begin an election at term 18 for -1: [f535bb4a-cba0-4f9b-9e3e-e4a48b3eda51:0.0.0.0:44706, 54aabb14-4a7d-4ab3-adbe-2e67760b87f4:0.0.0.0:43074, c652e2ee-3322-4406-8db6-1ea643cb3197:0.0.0.0:42129], old=null
2019-10-18 11:24:12,704 [grpc-default-executor-3] INFO  impl.RaftServerImpl (RaftServerImpl.java:setRole(184)) - 54aabb14-4a7d-4ab3-adbe-2e67760b87f4@group-7E32184879DE: changes role from  FOLLOWER to FOLLOWER at term 18 for recognizeCandidate:f535bb4a-cba0-4f9b-9e3e-e4a48b3eda51
2019-10-18 11:24:12,704 [grpc-default-executor-1] INFO  impl.RaftServerImpl (RaftServerImpl.java:setRole(184)) - c652e2ee-3322-4406-8db6-1ea643cb3197@group-7E32184879DE: changes role from  FOLLOWER to FOLLOWER at term 18 for recognizeCandidate:f535bb4a-cba0-4f9b-9e3e-e4a48b3eda51
2019-10-18 11:24:12,704 [grpc-default-executor-3] INFO  impl.RoleInfo (RoleInfo.java:shutdownFollowerState(121)) - 54aabb14-4a7d-4ab3-adbe-2e67760b87f4: shutdown FollowerState
2019-10-18 11:24:12,704 [grpc-default-executor-1] INFO  impl.RoleInfo (RoleInfo.java:shutdownFollowerState(121)) - c652e2ee-3322-4406-8db6-1ea643cb3197: shutdown FollowerState
2019-10-18 11:24:12,705 [Thread-131] INFO  impl.FollowerState (FollowerState.java:run(117)) - 54aabb14-4a7d-4ab3-adbe-2e67760b87f4@group-7E32184879DE-FollowerState was interrupted: java.lang.InterruptedException: sleep interrupted
2019-10-18 11:24:12,705 [Thread-132] INFO  impl.FollowerState (FollowerState.java:run(117)) - c652e2ee-3322-4406-8db6-1ea643cb3197@group-7E32184879DE-FollowerState was interrupted: java.lang.InterruptedException: sleep interrupted
2019-10-18 11:24:12,705 [grpc-default-executor-3] INFO  impl.RoleInfo (RoleInfo.java:updateAndGet(143)) - 54aabb14-4a7d-4ab3-adbe-2e67760b87f4: start FollowerState
2019-10-18 11:24:12,705 [grpc-default-executor-1] INFO  impl.RoleInfo (RoleInfo.java:updateAndGet(143)) - c652e2ee-3322-4406-8db6-1ea643cb3197: start FollowerState
2019-10-18 11:24:12,737 [f535bb4a-cba0-4f9b-9e3e-e4a48b3eda51@group-7E32184879DE-LeaderElection16] INFO  impl.LeaderElection (LeaderElection.java:logAndReturn(56)) - f535bb4a-cba0-4f9b-9e3e-e4a48b3eda51@group-7E32184879DE-LeaderElection16: Election REJECTED; received 2 response(s) [f535bb4a-cba0-4f9b-9e3e-e4a48b3eda51<-54aabb14-4a7d-4ab3-adbe-2e67760b87f4#0:FAIL-t18, f535bb4a-cba0-4f9b-9e3e-e4a48b3eda51<-c652e2ee-3322-4406-8db6-1ea643cb3197#0:FAIL-t18] and 0 exception(s); f535bb4a-cba0-4f9b-9e3e-e4a48b3eda51@group-7E32184879DE:t18, leader=null, voted=f535bb4a-cba0-4f9b-9e3e-e4a48b3eda51, raftlog=f535bb4a-cba0-4f9b-9e3e-e4a48b3eda51@group-7E32184879DE-SegmentedRaftLog:OPENED:c-1,f-1,i0, conf=-1: [f535bb4a-cba0-4f9b-9e3e-e4a48b3eda51:0.0.0.0:44706, 54aabb14-4a7d-4ab3-adbe-2e67760b87f4:0.0.0.0:43074, c652e2ee-3322-4406-8db6-1ea643cb3197:0.0.0.0:42129], old=null
2019-10-18 11:24:12,738 [f535bb4a-cba0-4f9b-9e3e-e4a48b3eda51@group-7E32184879DE-LeaderElection16] INFO  impl.RaftServerImpl (RaftServerImpl.java:setRole(184)) - f535bb4a-cba0-4f9b-9e3e-e4a48b3eda51@group-7E32184879DE: changes role from CANDIDATE to FOLLOWER at term 18 for DISCOVERED_A_NEW_TERM
2019-10-18 11:24:12,738 [f535bb4a-cba0-4f9b-9e3e-e4a48b3eda51@group-7E32184879DE-LeaderElection16] INFO  impl.RoleInfo (RoleInfo.java:shutdownLeaderElection(134)) - f535bb4a-cba0-4f9b-9e3e-e4a48b3eda51: shutdown LeaderElection
2019-10-18 11:24:12,738 [f535bb4a-cba0-4f9b-9e3e-e4a48b3eda51@group-7E32184879DE-LeaderElection16] INFO  impl.RoleInfo (RoleInfo.java:updateAndGet(143)) - f535bb4a-cba0-4f9b-9e3e-e4a48b3eda51: start FollowerState
2019-10-18 11:24:12,781 [Thread-141] INFO  impl.FollowerState (FollowerState.java:run(108)) - f535bb4a-cba0-4f9b-9e3e-e4a48b3eda51@group-7E32184879DE-FollowerState: change to CANDIDATE, lastRpcTime:42ms, electionTimeout:5ms
2019-10-18 11:24:12,781 [Thread-141] INFO  impl.RoleInfo (RoleInfo.java:shutdownFollowerState(121)) - f535bb4a-cba0-4f9b-9e3e-e4a48b3eda51: shutdown FollowerState
2019-10-18 11:24:12,782 [Thread-141] INFO  impl.RaftServerImpl (RaftServerImpl.java:setRole(184)) - f535bb4a-cba0-4f9b-9e3e-e4a48b3eda51@group-7E32184879DE: changes role from  FOLLOWER to CANDIDATE at term 18 for changeToCandidate
2019-10-18 11:24:12,782 [Thread-141] INFO  impl.RoleInfo (RoleInfo.java:updateAndGet(143)) - f535bb4a-cba0-4f9b-9e3e-e4a48b3eda51: start LeaderElection
2019-10-18 11:24:12,808 [f535bb4a-cba0-4f9b-9e3e-e4a48b3eda51@group-7E32184879DE-LeaderElection17] INFO  impl.LeaderElection (LeaderElection.java:askForVotes(178)) - f535bb4a-cba0-4f9b-9e3e-e4a48b3eda51@group-7E32184879DE-LeaderElection17: begin an election at term 19 for -1: [f535bb4a-cba0-4f9b-9e3e-e4a48b3eda51:0.0.0.0:44706, 54aabb14-4a7d-4ab3-adbe-2e67760b87f4:0.0.0.0:43074, c652e2ee-3322-4406-8db6-1ea643cb3197:0.0.0.0:42129], old=null
2019-10-18 11:24:12,811 [grpc-default-executor-3] INFO  impl.RaftServerImpl (RaftServerImpl.java:setRole(184)) - 54aabb14-4a7d-4ab3-adbe-2e67760b87f4@group-7E32184879DE: changes role from  FOLLOWER to FOLLOWER at term 19 for recognizeCandidate:f535bb4a-cba0-4f9b-9e3e-e4a48b3eda51
2019-10-18 11:24:12,812 [grpc-default-executor-1] INFO  impl.RaftServerImpl (RaftServerImpl.java:setRole(184)) - c652e2ee-3322-4406-8db6-1ea643cb3197@group-7E32184879DE: changes role from  FOLLOWER to FOLLOWER at term 19 for recognizeCandidate:f535bb4a-cba0-4f9b-9e3e-e4a48b3eda51
2019-10-18 11:24:12,812 [grpc-default-executor-3] INFO  impl.RoleInfo (RoleInfo.java:shutdownFollowerState(121)) - 54aabb14-4a7d-4ab3-adbe-2e67760b87f4: shutdown FollowerState
2019-10-18 11:24:12,812 [grpc-default-executor-1] INFO  impl.RoleInfo (RoleInfo.java:shutdownFollowerState(121)) - c652e2ee-3322-4406-8db6-1ea643cb3197: shutdown FollowerState
2019-10-18 11:24:12,812 [Thread-137] INFO  impl.FollowerState (FollowerState.java:run(117)) - 54aabb14-4a7d-4ab3-adbe-2e67760b87f4@group-7E32184879DE-FollowerState was interrupted: java.lang.InterruptedException: sleep interrupted
2019-10-18 11:24:12,812 [grpc-default-executor-3] INFO  impl.RoleInfo (RoleInfo.java:updateAndGet(143)) - 54aabb14-4a7d-4ab3-adbe-2e67760b87f4: start FollowerState
2019-10-18 11:24:12,812 [Thread-138] INFO  impl.FollowerState (FollowerState.java:run(117)) - c652e2ee-3322-4406-8db6-1ea643cb3197@group-7E32184879DE-FollowerState was interrupted: java.lang.InterruptedException: sleep interrupted
2019-10-18 11:24:12,812 [grpc-default-executor-1] INFO  impl.RoleInfo (RoleInfo.java:updateAndGet(143)) - c652e2ee-3322-4406-8db6-1ea643cb3197: start FollowerState
2019-10-18 11:24:12,843 [f535bb4a-cba0-4f9b-9e3e-e4a48b3eda51@group-7E32184879DE-LeaderElection17] INFO  impl.LeaderElection (LeaderElection.java:logAndReturn(56)) - f535bb4a-cba0-4f9b-9e3e-e4a48b3eda51@group-7E32184879DE-LeaderElection17: Election REJECTED; received 2 response(s) [f535bb4a-cba0-4f9b-9e3e-e4a48b3eda51<-54aabb14-4a7d-4ab3-adbe-2e67760b87f4#0:FAIL-t19, f535bb4a-cba0-4f9b-9e3e-e4a48b3eda51<-c652e2ee-3322-4406-8db6-1ea643cb3197#0:FAIL-t19] and 0 exception(s); f535bb4a-cba0-4f9b-9e3e-e4a48b3eda51@group-7E32184879DE:t19, leader=null, voted=f535bb4a-cba0-4f9b-9e3e-e4a48b3eda51, raftlog=f535bb4a-cba0-4f9b-9e3e-e4a48b3eda51@group-7E32184879DE-SegmentedRaftLog:OPENED:c-1,f-1,i0, conf=-1: [f535bb4a-cba0-4f9b-9e3e-e4a48b3eda51:0.0.0.0:44706, 54aabb14-4a7d-4ab3-adbe-2e67760b87f4:0.0.0.0:43074, c652e2ee-3322-4406-8db6-1ea643cb3197:0.0.0.0:42129], old=null
2019-10-18 11:24:12,844 [f535bb4a-cba0-4f9b-9e3e-e4a48b3eda51@group-7E32184879DE-LeaderElection17] INFO  impl.RaftServerImpl (RaftServerImpl.java:setRole(184)) - f535bb4a-cba0-4f9b-9e3e-e4a48b3eda51@group-7E32184879DE: changes role from CANDIDATE to FOLLOWER at term 19 for DISCOVERED_A_NEW_TERM
2019-10-18 11:24:12,844 [f535bb4a-cba0-4f9b-9e3e-e4a48b3eda51@group-7E32184879DE-LeaderElection17] INFO  impl.RoleInfo (RoleInfo.java:shutdownLeaderElection(134)) - f535bb4a-cba0-4f9b-9e3e-e4a48b3eda51: shutdown LeaderElection
2019-10-18 11:24:12,844 [f535bb4a-cba0-4f9b-9e3e-e4a48b3eda51@group-7E32184879DE-LeaderElection17] INFO  impl.RoleInfo (RoleInfo.java:updateAndGet(143)) - f535bb4a-cba0-4f9b-9e3e-e4a48b3eda51: start FollowerState
2019-10-18 11:24:12,984 [Thread-147] INFO  impl.FollowerState (FollowerState.java:run(108)) - f535bb4a-cba0-4f9b-9e3e-e4a48b3eda51@group-7E32184879DE-FollowerState: change to CANDIDATE, lastRpcTime:139ms, electionTimeout:139ms
2019-10-18 11:24:12,985 [Thread-147] INFO  impl.RoleInfo (RoleInfo.java:shutdownFollowerState(121)) - f535bb4a-cba0-4f9b-9e3e-e4a48b3eda51: shutdown FollowerState
2019-10-18 11:24:12,985 [Thread-147] INFO  impl.RaftServerImpl (RaftServerImpl.java:setRole(184)) - f535bb4a-cba0-4f9b-9e3e-e4a48b3eda51@group-7E32184879DE: changes role from  FOLLOWER to CANDIDATE at term 19 for changeToCandidate
2019-10-18 11:24:12,985 [Thread-147] INFO  impl.RoleInfo (RoleInfo.java:updateAndGet(143)) - f535bb4a-cba0-4f9b-9e3e-e4a48b3eda51: start LeaderElection
2019-10-18 11:24:13,025 [f535bb4a-cba0-4f9b-9e3e-e4a48b3eda51@group-7E32184879DE-LeaderElection18] INFO  impl.LeaderElection (LeaderElection.java:askForVotes(178)) - f535bb4a-cba0-4f9b-9e3e-e4a48b3eda51@group-7E32184879DE-LeaderElection18: begin an election at term 20 for -1: [f535bb4a-cba0-4f9b-9e3e-e4a48b3eda51:0.0.0.0:44706, 54aabb14-4a7d-4ab3-adbe-2e67760b87f4:0.0.0.0:43074, c652e2ee-3322-4406-8db6-1ea643cb3197:0.0.0.0:42129], old=null
2019-10-18 11:24:13,030 [grpc-default-executor-1] INFO  impl.RaftServerImpl (RaftServerImpl.java:setRole(184)) - c652e2ee-3322-4406-8db6-1ea643cb3197@group-7E32184879DE: changes role from  FOLLOWER to FOLLOWER at term 20 for recognizeCandidate:f535bb4a-cba0-4f9b-9e3e-e4a48b3eda51
2019-10-18 11:24:13,030 [grpc-default-executor-3] INFO  impl.RaftServerImpl (RaftServerImpl.java:setRole(184)) - 54aabb14-4a7d-4ab3-adbe-2e67760b87f4@group-7E32184879DE: changes role from  FOLLOWER to FOLLOWER at term 20 for recognizeCandidate:f535bb4a-cba0-4f9b-9e3e-e4a48b3eda51
2019-10-18 11:24:13,030 [grpc-default-executor-1] INFO  impl.RoleInfo (RoleInfo.java:shutdownFollowerState(121)) - c652e2ee-3322-4406-8db6-1ea643cb3197: shutdown FollowerState
2019-10-18 11:24:13,031 [grpc-default-executor-3] INFO  impl.RoleInfo (RoleInfo.java:shutdownFollowerState(121)) - 54aabb14-4a7d-4ab3-adbe-2e67760b87f4: shutdown FollowerState
2019-10-18 11:24:13,031 [Thread-146] INFO  impl.FollowerState (FollowerState.java:run(117)) - c652e2ee-3322-4406-8db6-1ea643cb3197@group-7E32184879DE-FollowerState was interrupted: java.lang.InterruptedException: sleep interrupted
2019-10-18 11:24:13,031 [grpc-default-executor-1] INFO  impl.RoleInfo (RoleInfo.java:updateAndGet(143)) - c652e2ee-3322-4406-8db6-1ea643cb3197: start FollowerState
2019-10-18 11:24:13,031 [grpc-default-executor-3] INFO  impl.RoleInfo (RoleInfo.java:updateAndGet(143)) - 54aabb14-4a7d-4ab3-adbe-2e67760b87f4: start FollowerState
2019-10-18 11:24:13,031 [Thread-145] INFO  impl.FollowerState (FollowerState.java:run(117)) - 54aabb14-4a7d-4ab3-adbe-2e67760b87f4@group-7E32184879DE-FollowerState was interrupted: java.lang.InterruptedException: sleep interrupted
2019-10-18 11:24:13,061 [f535bb4a-cba0-4f9b-9e3e-e4a48b3eda51@group-7E32184879DE-LeaderElection18] INFO  impl.LeaderElection (LeaderElection.java:logAndReturn(56)) - f535bb4a-cba0-4f9b-9e3e-e4a48b3eda51@group-7E32184879DE-LeaderElection18: Election TIMEOUT; received 0 response(s) [] and 0 exception(s); f535bb4a-cba0-4f9b-9e3e-e4a48b3eda51@group-7E32184879DE:t20, leader=null, voted=f535bb4a-cba0-4f9b-9e3e-e4a48b3eda51, raftlog=f535bb4a-cba0-4f9b-9e3e-e4a48b3eda51@group-7E32184879DE-SegmentedRaftLog:OPENED:c-1,f-1,i0, conf=-1: [f535bb4a-cba0-4f9b-9e3e-e4a48b3eda51:0.0.0.0:44706, 54aabb14-4a7d-4ab3-adbe-2e67760b87f4:0.0.0.0:43074, c652e2ee-3322-4406-8db6-1ea643cb3197:0.0.0.0:42129], old=null
2019-10-18 11:24:13,084 [f535bb4a-cba0-4f9b-9e3e-e4a48b3eda51@group-7E32184879DE-LeaderElection18] INFO  impl.LeaderElection (LeaderElection.java:askForVotes(178)) - f535bb4a-cba0-4f9b-9e3e-e4a48b3eda51@group-7E32184879DE-LeaderElection18: begin an election at term 21 for -1: [f535bb4a-cba0-4f9b-9e3e-e4a48b3eda51:0.0.0.0:44706, 54aabb14-4a7d-4ab3-adbe-2e67760b87f4:0.0.0.0:43074, c652e2ee-3322-4406-8db6-1ea643cb3197:0.0.0.0:42129], old=null
2019-10-18 11:24:13,087 [grpc-default-executor-3] INFO  impl.RaftServerImpl (RaftServerImpl.java:setRole(184)) - c652e2ee-3322-4406-8db6-1ea643cb3197@group-7E32184879DE: changes role from  FOLLOWER to FOLLOWER at term 21 for recognizeCandidate:f535bb4a-cba0-4f9b-9e3e-e4a48b3eda51
2019-10-18 11:24:13,090 [grpc-default-executor-3] INFO  impl.RoleInfo (RoleInfo.java:shutdownFollowerState(121)) - c652e2ee-3322-4406-8db6-1ea643cb3197: shutdown FollowerState
2019-10-18 11:24:13,090 [grpc-default-executor-1] INFO  impl.RaftServerImpl (RaftServerImpl.java:setRole(184)) - 54aabb14-4a7d-4ab3-adbe-2e67760b87f4@group-7E32184879DE: changes role from  FOLLOWER to FOLLOWER at term 21 for recognizeCandidate:f535bb4a-cba0-4f9b-9e3e-e4a48b3eda51
2019-10-18 11:24:13,090 [Thread-151] INFO  impl.FollowerState (FollowerState.java:run(117)) - c652e2ee-3322-4406-8db6-1ea643cb3197@group-7E32184879DE-FollowerState was interrupted: java.lang.InterruptedException: sleep interrupted
2019-10-18 11:24:13,090 [grpc-default-executor-3] INFO  impl.RoleInfo (RoleInfo.java:updateAndGet(143)) - c652e2ee-3322-4406-8db6-1ea643cb3197: start FollowerState
2019-10-18 11:24:13,091 [grpc-default-executor-1] INFO  impl.RoleInfo (RoleInfo.java:shutdownFollowerState(121)) - 54aabb14-4a7d-4ab3-adbe-2e67760b87f4: shutdown FollowerState
2019-10-18 11:24:13,091 [grpc-default-executor-1] INFO  impl.RoleInfo (RoleInfo.java:updateAndGet(143)) - 54aabb14-4a7d-4ab3-adbe-2e67760b87f4: start FollowerState
2019-10-18 11:24:13,091 [Thread-152] INFO  impl.FollowerState (FollowerState.java:run(117)) - 54aabb14-4a7d-4ab3-adbe-2e67760b87f4@group-7E32184879DE-FollowerState was interrupted: java.lang.InterruptedException: sleep interrupted
2019-10-18 11:24:13,119 [f535bb4a-cba0-4f9b-9e3e-e4a48b3eda51@group-7E32184879DE-LeaderElection18] INFO  impl.LeaderElection (LeaderElection.java:logAndReturn(56)) - f535bb4a-cba0-4f9b-9e3e-e4a48b3eda51@group-7E32184879DE-LeaderElection18: Election REJECTED; received 2 response(s) [f535bb4a-cba0-4f9b-9e3e-e4a48b3eda51<-54aabb14-4a7d-4ab3-adbe-2e67760b87f4#0:FAIL-t21, f535bb4a-cba0-4f9b-9e3e-e4a48b3eda51<-c652e2ee-3322-4406-8db6-1ea643cb3197#0:FAIL-t21] and 0 exception(s); f535bb4a-cba0-4f9b-9e3e-e4a48b3eda51@group-7E32184879DE:t21, leader=null, voted=f535bb4a-cba0-4f9b-9e3e-e4a48b3eda51, raftlog=f535bb4a-cba0-4f9b-9e3e-e4a48b3eda51@group-7E32184879DE-SegmentedRaftLog:OPENED:c-1,f-1,i0, conf=-1: [f535bb4a-cba0-4f9b-9e3e-e4a48b3eda51:0.0.0.0:44706, 54aabb14-4a7d-4ab3-adbe-2e67760b87f4:0.0.0.0:43074, c652e2ee-3322-4406-8db6-1ea643cb3197:0.0.0.0:42129], old=null
2019-10-18 11:24:13,120 [f535bb4a-cba0-4f9b-9e3e-e4a48b3eda51@group-7E32184879DE-LeaderElection18] INFO  impl.RaftServerImpl (RaftServerImpl.java:setRole(184)) - f535bb4a-cba0-4f9b-9e3e-e4a48b3eda51@group-7E32184879DE: changes role from CANDIDATE to FOLLOWER at term 21 for DISCOVERED_A_NEW_TERM
2019-10-18 11:24:13,120 [f535bb4a-cba0-4f9b-9e3e-e4a48b3eda51@group-7E32184879DE-LeaderElection18] INFO  impl.RoleInfo (RoleInfo.java:shutdownLeaderElection(134)) - f535bb4a-cba0-4f9b-9e3e-e4a48b3eda51: shutdown LeaderElection
2019-10-18 11:24:13,120 [f535bb4a-cba0-4f9b-9e3e-e4a48b3eda51@group-7E32184879DE-LeaderElection18] INFO  impl.RoleInfo (RoleInfo.java:updateAndGet(143)) - f535bb4a-cba0-4f9b-9e3e-e4a48b3eda51: start FollowerState
2019-10-18 11:24:13,186 [Thread-157] INFO  impl.FollowerState (FollowerState.java:run(108)) - f535bb4a-cba0-4f9b-9e3e-e4a48b3eda51@group-7E32184879DE-FollowerState: change to CANDIDATE, lastRpcTime:66ms, electionTimeout:66ms
2019-10-18 11:24:13,187 [Thread-157] INFO  impl.RoleInfo (RoleInfo.java:shutdownFollowerState(121)) - f535bb4a-cba0-4f9b-9e3e-e4a48b3eda51: shutdown FollowerState
2019-10-18 11:24:13,187 [Thread-157] INFO  impl.RaftServerImpl (RaftServerImpl.java:setRole(184)) - f535bb4a-cba0-4f9b-9e3e-e4a48b3eda51@group-7E32184879DE: changes role from  FOLLOWER to CANDIDATE at term 21 for changeToCandidate
2019-10-18 11:24:13,187 [Thread-157] INFO  impl.RoleInfo (RoleInfo.java:updateAndGet(143)) - f535bb4a-cba0-4f9b-9e3e-e4a48b3eda51: start LeaderElection
2019-10-18 11:24:13,218 [f535bb4a-cba0-4f9b-9e3e-e4a48b3eda51@group-7E32184879DE-LeaderElection19] INFO  impl.LeaderElection (LeaderElection.java:askForVotes(178)) - f535bb4a-cba0-4f9b-9e3e-e4a48b3eda51@group-7E32184879DE-LeaderElection19: begin an election at term 22 for -1: [f535bb4a-cba0-4f9b-9e3e-e4a48b3eda51:0.0.0.0:44706, 54aabb14-4a7d-4ab3-adbe-2e67760b87f4:0.0.0.0:43074, c652e2ee-3322-4406-8db6-1ea643cb3197:0.0.0.0:42129], old=null
2019-10-18 11:24:13,222 [grpc-default-executor-3] INFO  impl.RaftServerImpl (RaftServerImpl.java:setRole(184)) - 54aabb14-4a7d-4ab3-adbe-2e67760b87f4@group-7E32184879DE: changes role from  FOLLOWER to FOLLOWER at term 22 for recognizeCandidate:f535bb4a-cba0-4f9b-9e3e-e4a48b3eda51
2019-10-18 11:24:13,222 [grpc-default-executor-1] INFO  impl.RaftServerImpl (RaftServerImpl.java:setRole(184)) - c652e2ee-3322-4406-8db6-1ea643cb3197@group-7E32184879DE: changes role from  FOLLOWER to FOLLOWER at term 22 for recognizeCandidate:f535bb4a-cba0-4f9b-9e3e-e4a48b3eda51
2019-10-18 11:24:13,222 [grpc-default-executor-3] INFO  impl.RoleInfo (RoleInfo.java:shutdownFollowerState(121)) - 54aabb14-4a7d-4ab3-adbe-2e67760b87f4: shutdown FollowerState
2019-10-18 11:24:13,222 [grpc-default-executor-1] INFO  impl.RoleInfo (RoleInfo.java:shutdownFollowerState(121)) - c652e2ee-3322-4406-8db6-1ea643cb3197: shutdown FollowerState
2019-10-18 11:24:13,223 [Thread-156] INFO  impl.FollowerState (FollowerState.java:run(117)) - 54aabb14-4a7d-4ab3-adbe-2e67760b87f4@group-7E32184879DE-FollowerState was interrupted: java.lang.InterruptedException: sleep interrupted
2019-10-18 11:24:13,223 [grpc-default-executor-3] INFO  impl.RoleInfo (RoleInfo.java:updateAndGet(143)) - 54aabb14-4a7d-4ab3-adbe-2e67760b87f4: start FollowerState
2019-10-18 11:24:13,223 [grpc-default-executor-1] INFO  impl.RoleInfo (RoleInfo.java:updateAndGet(143)) - c652e2ee-3322-4406-8db6-1ea643cb3197: start FollowerState
2019-10-18 11:24:13,223 [Thread-155] INFO  impl.FollowerState (FollowerState.java:run(117)) - c652e2ee-3322-4406-8db6-1ea643cb3197@group-7E32184879DE-FollowerState was interrupted: java.lang.InterruptedException: sleep interrupted
2019-10-18 11:24:13,254 [f535bb4a-cba0-4f9b-9e3e-e4a48b3eda51@group-7E32184879DE-LeaderElection19] INFO  impl.LeaderElection (LeaderElection.java:logAndReturn(56)) - f535bb4a-cba0-4f9b-9e3e-e4a48b3eda51@group-7E32184879DE-LeaderElection19: Election REJECTED; received 2 response(s) [f535bb4a-cba0-4f9b-9e3e-e4a48b3eda51<-54aabb14-4a7d-4ab3-adbe-2e67760b87f4#0:FAIL-t22, f535bb4a-cba0-4f9b-9e3e-e4a48b3eda51<-c652e2ee-3322-4406-8db6-1ea643cb3197#0:FAIL-t22] and 0 exception(s); f535bb4a-cba0-4f9b-9e3e-e4a48b3eda51@group-7E32184879DE:t22, leader=null, voted=f535bb4a-cba0-4f9b-9e3e-e4a48b3eda51, raftlog=f535bb4a-cba0-4f9b-9e3e-e4a48b3eda51@group-7E32184879DE-SegmentedRaftLog:OPENED:c-1,f-1,i0, conf=-1: [f535bb4a-cba0-4f9b-9e3e-e4a48b3eda51:0.0.0.0:44706, 54aabb14-4a7d-4ab3-adbe-2e67760b87f4:0.0.0.0:43074, c652e2ee-3322-4406-8db6-1ea643cb3197:0.0.0.0:42129], old=null
2019-10-18 11:24:13,254 [f535bb4a-cba0-4f9b-9e3e-e4a48b3eda51@group-7E32184879DE-LeaderElection19] INFO  impl.RaftServerImpl (RaftServerImpl.java:setRole(184)) - f535bb4a-cba0-4f9b-9e3e-e4a48b3eda51@group-7E32184879DE: changes role from CANDIDATE to FOLLOWER at term 22 for DISCOVERED_A_NEW_TERM
2019-10-18 11:24:13,255 [f535bb4a-cba0-4f9b-9e3e-e4a48b3eda51@group-7E32184879DE-LeaderElection19] INFO  impl.RoleInfo (RoleInfo.java:shutdownLeaderElection(134)) - f535bb4a-cba0-4f9b-9e3e-e4a48b3eda51: shutdown LeaderElection
2019-10-18 11:24:13,255 [f535bb4a-cba0-4f9b-9e3e-e4a48b3eda51@group-7E32184879DE-LeaderElection19] INFO  impl.RoleInfo (RoleInfo.java:updateAndGet(143)) - f535bb4a-cba0-4f9b-9e3e-e4a48b3eda51: start FollowerState
2019-10-18 11:24:13,267 [Thread-163] INFO  impl.FollowerState (FollowerState.java:run(108)) - f535bb4a-cba0-4f9b-9e3e-e4a48b3eda51@group-7E32184879DE-FollowerState: change to CANDIDATE, lastRpcTime:12ms, electionTimeout:12ms
2019-10-18 11:24:13,268 [Thread-163] INFO  impl.RoleInfo (RoleInfo.java:shutdownFollowerState(121)) - f535bb4a-cba0-4f9b-9e3e-e4a48b3eda51: shutdown FollowerState
2019-10-18 11:24:13,268 [Thread-163] INFO  impl.RaftServerImpl (RaftServerImpl.java:setRole(184)) - f535bb4a-cba0-4f9b-9e3e-e4a48b3eda51@group-7E32184879DE: changes role from  FOLLOWER to CANDIDATE at term 22 for changeToCandidate
2019-10-18 11:24:13,269 [Thread-163] INFO  impl.RoleInfo (RoleInfo.java:updateAndGet(143)) - f535bb4a-cba0-4f9b-9e3e-e4a48b3eda51: start LeaderElection
2019-10-18 11:24:13,294 [f535bb4a-cba0-4f9b-9e3e-e4a48b3eda51@group-7E32184879DE-LeaderElection20] INFO  impl.LeaderElection (LeaderElection.java:askForVotes(178)) - f535bb4a-cba0-4f9b-9e3e-e4a48b3eda51@group-7E32184879DE-LeaderElection20: begin an election at term 23 for -1: [f535bb4a-cba0-4f9b-9e3e-e4a48b3eda51:0.0.0.0:44706, 54aabb14-4a7d-4ab3-adbe-2e67760b87f4:0.0.0.0:43074, c652e2ee-3322-4406-8db6-1ea643cb3197:0.0.0.0:42129], old=null
2019-10-18 11:24:13,297 [grpc-default-executor-3] INFO  impl.RaftServerImpl (RaftServerImpl.java:setRole(184)) - 54aabb14-4a7d-4ab3-adbe-2e67760b87f4@group-7E32184879DE: changes role from  FOLLOWER to FOLLOWER at term 23 for recognizeCandidate:f535bb4a-cba0-4f9b-9e3e-e4a48b3eda51
2019-10-18 11:24:13,297 [grpc-default-executor-1] INFO  impl.RaftServerImpl (RaftServerImpl.java:setRole(184)) - c652e2ee-3322-4406-8db6-1ea643cb3197@group-7E32184879DE: changes role from  FOLLOWER to FOLLOWER at term 23 for recognizeCandidate:f535bb4a-cba0-4f9b-9e3e-e4a48b3eda51
2019-10-18 11:24:13,297 [grpc-default-executor-3] INFO  impl.RoleInfo (RoleInfo.java:shutdownFollowerState(121)) - 54aabb14-4a7d-4ab3-adbe-2e67760b87f4: shutdown FollowerState
2019-10-18 11:24:13,297 [grpc-default-executor-1] INFO  impl.RoleInfo (RoleInfo.java:shutdownFollowerState(121)) - c652e2ee-3322-4406-8db6-1ea643cb3197: shutdown FollowerState
2019-10-18 11:24:13,298 [Thread-161] INFO  impl.FollowerState (FollowerState.java:run(117)) - 54aabb14-4a7d-4ab3-adbe-2e67760b87f4@group-7E32184879DE-FollowerState was interrupted: java.lang.InterruptedException: sleep interrupted
2019-10-18 11:24:13,298 [grpc-default-executor-3] INFO  impl.RoleInfo (RoleInfo.java:updateAndGet(143)) - 54aabb14-4a7d-4ab3-adbe-2e67760b87f4: start FollowerState
2019-10-18 11:24:13,298 [grpc-default-executor-1] INFO  impl.RoleInfo (RoleInfo.java:updateAndGet(143)) - c652e2ee-3322-4406-8db6-1ea643cb3197: start FollowerState
2019-10-18 11:24:13,298 [Thread-162] INFO  impl.FollowerState (FollowerState.java:run(117)) - c652e2ee-3322-4406-8db6-1ea643cb3197@group-7E32184879DE-FollowerState was interrupted: java.lang.InterruptedException: sleep interrupted
2019-10-18 11:24:13,329 [f535bb4a-cba0-4f9b-9e3e-e4a48b3eda51@group-7E32184879DE-LeaderElection20] INFO  impl.LeaderElection (LeaderElection.java:logAndReturn(56)) - f535bb4a-cba0-4f9b-9e3e-e4a48b3eda51@group-7E32184879DE-LeaderElection20: Election REJECTED; received 2 response(s) [f535bb4a-cba0-4f9b-9e3e-e4a48b3eda51<-54aabb14-4a7d-4ab3-adbe-2e67760b87f4#0:FAIL-t23, f535bb4a-cba0-4f9b-9e3e-e4a48b3eda51<-c652e2ee-3322-4406-8db6-1ea643cb3197#0:FAIL-t23] and 0 exception(s); f535bb4a-cba0-4f9b-9e3e-e4a48b3eda51@group-7E32184879DE:t23, leader=null, voted=f535bb4a-cba0-4f9b-9e3e-e4a48b3eda51, raftlog=f535bb4a-cba0-4f9b-9e3e-e4a48b3eda51@group-7E32184879DE-SegmentedRaftLog:OPENED:c-1,f-1,i0, conf=-1: [f535bb4a-cba0-4f9b-9e3e-e4a48b3eda51:0.0.0.0:44706, 54aabb14-4a7d-4ab3-adbe-2e67760b87f4:0.0.0.0:43074, c652e2ee-3322-4406-8db6-1ea643cb3197:0.0.0.0:42129], old=null
2019-10-18 11:24:13,329 [f535bb4a-cba0-4f9b-9e3e-e4a48b3eda51@group-7E32184879DE-LeaderElection20] INFO  impl.RaftServerImpl (RaftServerImpl.java:setRole(184)) - f535bb4a-cba0-4f9b-9e3e-e4a48b3eda51@group-7E32184879DE: changes role from CANDIDATE to FOLLOWER at term 23 for DISCOVERED_A_NEW_TERM
2019-10-18 11:24:13,330 [f535bb4a-cba0-4f9b-9e3e-e4a48b3eda51@group-7E32184879DE-LeaderElection20] INFO  impl.RoleInfo (RoleInfo.java:shutdownLeaderElection(134)) - f535bb4a-cba0-4f9b-9e3e-e4a48b3eda51: shutdown LeaderElection
2019-10-18 11:24:13,330 [f535bb4a-cba0-4f9b-9e3e-e4a48b3eda51@group-7E32184879DE-LeaderElection20] INFO  impl.RoleInfo (RoleInfo.java:updateAndGet(143)) - f535bb4a-cba0-4f9b-9e3e-e4a48b3eda51: start FollowerState
2019-10-18 11:24:13,412 [Thread-169] INFO  impl.FollowerState (FollowerState.java:run(108)) - f535bb4a-cba0-4f9b-9e3e-e4a48b3eda51@group-7E32184879DE-FollowerState: change to CANDIDATE, lastRpcTime:82ms, electionTimeout:82ms
2019-10-18 11:24:13,413 [Thread-169] INFO  impl.RoleInfo (RoleInfo.java:shutdownFollowerState(121)) - f535bb4a-cba0-4f9b-9e3e-e4a48b3eda51: shutdown FollowerState
2019-10-18 11:24:13,414 [Thread-169] INFO  impl.RaftServerImpl (RaftServerImpl.java:setRole(184)) - f535bb4a-cba0-4f9b-9e3e-e4a48b3eda51@group-7E32184879DE: changes role from  FOLLOWER to CANDIDATE at term 23 for changeToCandidate
2019-10-18 11:24:13,414 [Thread-169] INFO  impl.RoleInfo (RoleInfo.java:updateAndGet(143)) - f535bb4a-cba0-4f9b-9e3e-e4a48b3eda51: start LeaderElection
2019-10-18 11:24:13,445 [f535bb4a-cba0-4f9b-9e3e-e4a48b3eda51@group-7E32184879DE-LeaderElection21] INFO  impl.LeaderElection (LeaderElection.java:askForVotes(178)) - f535bb4a-cba0-4f9b-9e3e-e4a48b3eda51@group-7E32184879DE-LeaderElection21: begin an election at term 24 for -1: [f535bb4a-cba0-4f9b-9e3e-e4a48b3eda51:0.0.0.0:44706, 54aabb14-4a7d-4ab3-adbe-2e67760b87f4:0.0.0.0:43074, c652e2ee-3322-4406-8db6-1ea643cb3197:0.0.0.0:42129], old=null
2019-10-18 11:24:13,448 [grpc-default-executor-1] INFO  impl.RaftServerImpl (RaftServerImpl.java:setRole(184)) - 54aabb14-4a7d-4ab3-adbe-2e67760b87f4@group-7E32184879DE: changes role from  FOLLOWER to FOLLOWER at term 24 for recognizeCandidate:f535bb4a-cba0-4f9b-9e3e-e4a48b3eda51
2019-10-18 11:24:13,448 [grpc-default-executor-3] INFO  impl.RaftServerImpl (RaftServerImpl.java:setRole(184)) - c652e2ee-3322-4406-8db6-1ea643cb3197@group-7E32184879DE: changes role from  FOLLOWER to FOLLOWER at term 24 for recognizeCandidate:f535bb4a-cba0-4f9b-9e3e-e4a48b3eda51
2019-10-18 11:24:13,448 [grpc-default-executor-1] INFO  impl.RoleInfo (RoleInfo.java:shutdownFollowerState(121)) - 54aabb14-4a7d-4ab3-adbe-2e67760b87f4: shutdown FollowerState
2019-10-18 11:24:13,448 [grpc-default-executor-3] INFO  impl.RoleInfo (RoleInfo.java:shutdownFollowerState(121)) - c652e2ee-3322-4406-8db6-1ea643cb3197: shutdown FollowerState
2019-10-18 11:24:13,449 [Thread-167] INFO  impl.FollowerState (FollowerState.java:run(117)) - 54aabb14-4a7d-4ab3-adbe-2e67760b87f4@group-7E32184879DE-FollowerState was interrupted: java.lang.InterruptedException: sleep interrupted
2019-10-18 11:24:13,449 [grpc-default-executor-1] INFO  impl.RoleInfo (RoleInfo.java:updateAndGet(143)) - 54aabb14-4a7d-4ab3-adbe-2e67760b87f4: start FollowerState
2019-10-18 11:24:13,449 [Thread-168] INFO  impl.FollowerState (FollowerState.java:run(117)) - c652e2ee-3322-4406-8db6-1ea643cb3197@group-7E32184879DE-FollowerState was interrupted: java.lang.InterruptedException: sleep interrupted
2019-10-18 11:24:13,449 [grpc-default-executor-3] INFO  impl.RoleInfo (RoleInfo.java:updateAndGet(143)) - c652e2ee-3322-4406-8db6-1ea643cb3197: start FollowerState
2019-10-18 11:24:13,480 [f535bb4a-cba0-4f9b-9e3e-e4a48b3eda51@group-7E32184879DE-LeaderElection21] INFO  impl.LeaderElection (LeaderElection.java:logAndReturn(56)) - f535bb4a-cba0-4f9b-9e3e-e4a48b3eda51@group-7E32184879DE-LeaderElection21: Election REJECTED; received 2 response(s) [f535bb4a-cba0-4f9b-9e3e-e4a48b3eda51<-54aabb14-4a7d-4ab3-adbe-2e67760b87f4#0:FAIL-t24, f535bb4a-cba0-4f9b-9e3e-e4a48b3eda51<-c652e2ee-3322-4406-8db6-1ea643cb3197#0:FAIL-t24] and 0 exception(s); f535bb4a-cba0-4f9b-9e3e-e4a48b3eda51@group-7E32184879DE:t24, leader=null, voted=f535bb4a-cba0-4f9b-9e3e-e4a48b3eda51, raftlog=f535bb4a-cba0-4f9b-9e3e-e4a48b3eda51@group-7E32184879DE-SegmentedRaftLog:OPENED:c-1,f-1,i0, conf=-1: [f535bb4a-cba0-4f9b-9e3e-e4a48b3eda51:0.0.0.0:44706, 54aabb14-4a7d-4ab3-adbe-2e67760b87f4:0.0.0.0:43074, c652e2ee-3322-4406-8db6-1ea643cb3197:0.0.0.0:42129], old=null
2019-10-18 11:24:13,481 [f535bb4a-cba0-4f9b-9e3e-e4a48b3eda51@group-7E32184879DE-LeaderElection21] INFO  impl.RaftServerImpl (RaftServerImpl.java:setRole(184)) - f535bb4a-cba0-4f9b-9e3e-e4a48b3eda51@group-7E32184879DE: changes role from CANDIDATE to FOLLOWER at term 24 for DISCOVERED_A_NEW_TERM
2019-10-18 11:24:13,481 [f535bb4a-cba0-4f9b-9e3e-e4a48b3eda51@group-7E32184879DE-LeaderElection21] INFO  impl.RoleInfo (RoleInfo.java:shutdownLeaderElection(134)) - f535bb4a-cba0-4f9b-9e3e-e4a48b3eda51: shutdown LeaderElection
2019-10-18 11:24:13,481 [f535bb4a-cba0-4f9b-9e3e-e4a48b3eda51@group-7E32184879DE-LeaderElection21] INFO  impl.RoleInfo (RoleInfo.java:updateAndGet(143)) - f535bb4a-cba0-4f9b-9e3e-e4a48b3eda51: start FollowerState
2019-10-18 11:24:13,594 [Thread-175] INFO  impl.FollowerState (FollowerState.java:run(108)) - f535bb4a-cba0-4f9b-9e3e-e4a48b3eda51@group-7E32184879DE-FollowerState: change to CANDIDATE, lastRpcTime:112ms, electionTimeout:112ms
2019-10-18 11:24:13,594 [Thread-175] INFO  impl.RoleInfo (RoleInfo.java:shutdownFollowerState(121)) - f535bb4a-cba0-4f9b-9e3e-e4a48b3eda51: shutdown FollowerState
2019-10-18 11:24:13,594 [Thread-175] INFO  impl.RaftServerImpl (RaftServerImpl.java:setRole(184)) - f535bb4a-cba0-4f9b-9e3e-e4a48b3eda51@group-7E32184879DE: changes role from  FOLLOWER to CANDIDATE at term 24 for changeToCandidate
2019-10-18 11:24:13,595 [Thread-175] INFO  impl.RoleInfo (RoleInfo.java:updateAndGet(143)) - f535bb4a-cba0-4f9b-9e3e-e4a48b3eda51: start LeaderElection
2019-10-18 11:24:13,620 [f535bb4a-cba0-4f9b-9e3e-e4a48b3eda51@group-7E32184879DE-LeaderElection22] INFO  impl.LeaderElection (LeaderElection.java:askForVotes(178)) - f535bb4a-cba0-4f9b-9e3e-e4a48b3eda51@group-7E32184879DE-LeaderElection22: begin an election at term 25 for -1: [f535bb4a-cba0-4f9b-9e3e-e4a48b3eda51:0.0.0.0:44706, 54aabb14-4a7d-4ab3-adbe-2e67760b87f4:0.0.0.0:43074, c652e2ee-3322-4406-8db6-1ea643cb3197:0.0.0.0:42129], old=null
2019-10-18 11:24:13,624 [grpc-default-executor-3] INFO  impl.RaftServerImpl (RaftServerImpl.java:setRole(184)) - 54aabb14-4a7d-4ab3-adbe-2e67760b87f4@group-7E32184879DE: changes role from  FOLLOWER to FOLLOWER at term 25 for recognizeCandidate:f535bb4a-cba0-4f9b-9e3e-e4a48b3eda51
2019-10-18 11:24:13,624 [grpc-default-executor-3] INFO  impl.RoleInfo (RoleInfo.java:shutdownFollowerState(121)) - 54aabb14-4a7d-4ab3-adbe-2e67760b87f4: shutdown FollowerState
2019-10-18 11:24:13,624 [grpc-default-executor-1] INFO  impl.RaftServerImpl (RaftServerImpl.java:setRole(184)) - c652e2ee-3322-4406-8db6-1ea643cb3197@group-7E32184879DE: changes role from  FOLLOWER to FOLLOWER at term 25 for recognizeCandidate:f535bb4a-cba0-4f9b-9e3e-e4a48b3eda51
2019-10-18 11:24:13,624 [grpc-default-executor-3] INFO  impl.RoleInfo (RoleInfo.java:updateAndGet(143)) - 54aabb14-4a7d-4ab3-adbe-2e67760b87f4: start FollowerState
2019-10-18 11:24:13,624 [Thread-173] INFO  impl.FollowerState (FollowerState.java:run(117)) - 54aabb14-4a7d-4ab3-adbe-2e67760b87f4@group-7E32184879DE-FollowerState was interrupted: java.lang.InterruptedException: sleep interrupted
2019-10-18 11:24:13,624 [grpc-default-executor-1] INFO  impl.RoleInfo (RoleInfo.java:shutdownFollowerState(121)) - c652e2ee-3322-4406-8db6-1ea643cb3197: shutdown FollowerState
2019-10-18 11:24:13,625 [Thread-174] INFO  impl.FollowerState (FollowerState.java:run(117)) - c652e2ee-3322-4406-8db6-1ea643cb3197@group-7E32184879DE-FollowerState was interrupted: java.lang.InterruptedException: sleep interrupted
2019-10-18 11:24:13,625 [grpc-default-executor-1] INFO  impl.RoleInfo (RoleInfo.java:updateAndGet(143)) - c652e2ee-3322-4406-8db6-1ea643cb3197: start FollowerState
2019-10-18 11:24:13,648 [java.util.concurrent.ThreadPoolExecutor$Worker@2c215f51[State = -1, empty queue]] WARN  server.GrpcLogAppender (GrpcLogAppender.java:timeoutAppendRequest(209)) - c652e2ee-3322-4406-8db6-1ea643cb3197@group-7E32184879DE->f535bb4a-cba0-4f9b-9e3e-e4a48b3eda51-GrpcLogAppender: appendEntries Timeout, request=c652e2ee-3322-4406-8db6-1ea643cb3197->f535bb4a-cba0-4f9b-9e3e-e4a48b3eda51#0-t2, previous=(t:0, i:0), leaderCommit=-1, initializing? false, entries: <empty>
2019-10-18 11:24:13,656 [f535bb4a-cba0-4f9b-9e3e-e4a48b3eda51@group-7E32184879DE-LeaderElection22] INFO  impl.LeaderElection (LeaderElection.java:logAndReturn(56)) - f535bb4a-cba0-4f9b-9e3e-e4a48b3eda51@group-7E32184879DE-LeaderElection22: Election REJECTED; received 2 response(s) [f535bb4a-cba0-4f9b-9e3e-e4a48b3eda51<-54aabb14-4a7d-4ab3-adbe-2e67760b87f4#0:FAIL-t25, f535bb4a-cba0-4f9b-9e3e-e4a48b3eda51<-c652e2ee-3322-4406-8db6-1ea643cb3197#0:FAIL-t25] and 0 exception(s); f535bb4a-cba0-4f9b-9e3e-e4a48b3eda51@group-7E32184879DE:t25, leader=null, voted=f535bb4a-cba0-4f9b-9e3e-e4a48b3eda51, raftlog=f535bb4a-cba0-4f9b-9e3e-e4a48b3eda51@group-7E32184879DE-SegmentedRaftLog:OPENED:c-1,f-1,i0, conf=-1: [f535bb4a-cba0-4f9b-9e3e-e4a48b3eda51:0.0.0.0:44706, 54aabb14-4a7d-4ab3-adbe-2e67760b87f4:0.0.0.0:43074, c652e2ee-3322-4406-8db6-1ea643cb3197:0.0.0.0:42129], old=null
2019-10-18 11:24:13,657 [f535bb4a-cba0-4f9b-9e3e-e4a48b3eda51@group-7E32184879DE-LeaderElection22] INFO  impl.RaftServerImpl (RaftServerImpl.java:setRole(184)) - f535bb4a-cba0-4f9b-9e3e-e4a48b3eda51@group-7E32184879DE: changes role from CANDIDATE to FOLLOWER at term 25 for DISCOVERED_A_NEW_TERM
2019-10-18 11:24:13,657 [f535bb4a-cba0-4f9b-9e3e-e4a48b3eda51@group-7E32184879DE-LeaderElection22] INFO  impl.RoleInfo (RoleInfo.java:shutdownLeaderElection(134)) - f535bb4a-cba0-4f9b-9e3e-e4a48b3eda51: shutdown LeaderElection
2019-10-18 11:24:13,657 [f535bb4a-cba0-4f9b-9e3e-e4a48b3eda51@group-7E32184879DE-LeaderElection22] INFO  impl.RoleInfo (RoleInfo.java:updateAndGet(143)) - f535bb4a-cba0-4f9b-9e3e-e4a48b3eda51: start FollowerState
2019-10-18 11:24:13,704 [Thread-181] INFO  impl.FollowerState (FollowerState.java:run(108)) - f535bb4a-cba0-4f9b-9e3e-e4a48b3eda51@group-7E32184879DE-FollowerState: change to CANDIDATE, lastRpcTime:47ms, electionTimeout:47ms
2019-10-18 11:24:13,705 [Thread-181] INFO  impl.RoleInfo (RoleInfo.java:shutdownFollowerState(121)) - f535bb4a-cba0-4f9b-9e3e-e4a48b3eda51: shutdown FollowerState
2019-10-18 11:24:13,705 [Thread-181] INFO  impl.RaftServerImpl (RaftServerImpl.java:setRole(184)) - f535bb4a-cba0-4f9b-9e3e-e4a48b3eda51@group-7E32184879DE: changes role from  FOLLOWER to CANDIDATE at term 25 for changeToCandidate
2019-10-18 11:24:13,705 [Thread-181] INFO  impl.RoleInfo (RoleInfo.java:updateAndGet(143)) - f535bb4a-cba0-4f9b-9e3e-e4a48b3eda51: start LeaderElection
2019-10-18 11:24:13,729 [f535bb4a-cba0-4f9b-9e3e-e4a48b3eda51@group-7E32184879DE-LeaderElection23] INFO  impl.LeaderElection (LeaderElection.java:askForVotes(178)) - f535bb4a-cba0-4f9b-9e3e-e4a48b3eda51@group-7E32184879DE-LeaderElection23: begin an election at term 26 for -1: [f535bb4a-cba0-4f9b-9e3e-e4a48b3eda51:0.0.0.0:44706, 54aabb14-4a7d-4ab3-adbe-2e67760b87f4:0.0.0.0:43074, c652e2ee-3322-4406-8db6-1ea643cb3197:0.0.0.0:42129], old=null
2019-10-18 11:24:13,732 [grpc-default-executor-3] INFO  impl.RaftServerImpl (RaftServerImpl.java:setRole(184)) - 54aabb14-4a7d-4ab3-adbe-2e67760b87f4@group-7E32184879DE: changes role from  FOLLOWER to FOLLOWER at term 26 for recognizeCandidate:f535bb4a-cba0-4f9b-9e3e-e4a48b3eda51
2019-10-18 11:24:13,732 [grpc-default-executor-3] INFO  impl.RoleInfo (RoleInfo.java:shutdownFollowerState(121)) - 54aabb14-4a7d-4ab3-adbe-2e67760b87f4: shutdown FollowerState
2019-10-18 11:24:13,733 [grpc-default-executor-3] INFO  impl.RoleInfo (RoleInfo.java:updateAndGet(143)) - 54aabb14-4a7d-4ab3-adbe-2e67760b87f4: start FollowerState
2019-10-18 11:24:13,733 [Thread-179] INFO  impl.FollowerState (FollowerState.java:run(117)) - 54aabb14-4a7d-4ab3-adbe-2e67760b87f4@group-7E32184879DE-FollowerState was interrupted: java.lang.InterruptedException: sleep interrupted
2019-10-18 11:24:13,733 [grpc-default-executor-1] INFO  impl.RaftServerImpl (RaftServerImpl.java:setRole(184)) - c652e2ee-3322-4406-8db6-1ea643cb3197@group-7E32184879DE: changes role from  FOLLOWER to FOLLOWER at term 26 for recognizeCandidate:f535bb4a-cba0-4f9b-9e3e-e4a48b3eda51
2019-10-18 11:24:13,733 [grpc-default-executor-1] INFO  impl.RoleInfo (RoleInfo.java:shutdownFollowerState(121)) - c652e2ee-3322-4406-8db6-1ea643cb3197: shutdown FollowerState
2019-10-18 11:24:13,733 [grpc-default-executor-1] INFO  impl.RoleInfo (RoleInfo.java:updateAndGet(143)) - c652e2ee-3322-4406-8db6-1ea643cb3197: start FollowerState
2019-10-18 11:24:13,733 [Thread-180] INFO  impl.FollowerState (FollowerState.java:run(117)) - c652e2ee-3322-4406-8db6-1ea643cb3197@group-7E32184879DE-FollowerState was interrupted: java.lang.InterruptedException: sleep interrupted
2019-10-18 11:24:13,745 [f535bb4a-cba0-4f9b-9e3e-e4a48b3eda51@group-7E32184879DE-LeaderElection23] INFO  impl.LeaderElection (LeaderElection.java:logAndReturn(56)) - f535bb4a-cba0-4f9b-9e3e-e4a48b3eda51@group-7E32184879DE-LeaderElection23: Election TIMEOUT; received 0 response(s) [] and 0 exception(s); f535bb4a-cba0-4f9b-9e3e-e4a48b3eda51@group-7E32184879DE:t26, leader=null, voted=f535bb4a-cba0-4f9b-9e3e-e4a48b3eda51, raftlog=f535bb4a-cba0-4f9b-9e3e-e4a48b3eda51@group-7E32184879DE-SegmentedRaftLog:OPENED:c-1,f-1,i0, conf=-1: [f535bb4a-cba0-4f9b-9e3e-e4a48b3eda51:0.0.0.0:44706, 54aabb14-4a7d-4ab3-adbe-2e67760b87f4:0.0.0.0:43074, c652e2ee-3322-4406-8db6-1ea643cb3197:0.0.0.0:42129], old=null
2019-10-18 11:24:13,772 [f535bb4a-cba0-4f9b-9e3e-e4a48b3eda51@group-7E32184879DE-LeaderElection23] INFO  impl.LeaderElection (LeaderElection.java:askForVotes(178)) - f535bb4a-cba0-4f9b-9e3e-e4a48b3eda51@group-7E32184879DE-LeaderElection23: begin an election at term 27 for -1: [f535bb4a-cba0-4f9b-9e3e-e4a48b3eda51:0.0.0.0:44706, 54aabb14-4a7d-4ab3-adbe-2e67760b87f4:0.0.0.0:43074, c652e2ee-3322-4406-8db6-1ea643cb3197:0.0.0.0:42129], old=null
2019-10-18 11:24:13,775 [grpc-default-executor-3] INFO  impl.RaftServerImpl (RaftServerImpl.java:setRole(184)) - 54aabb14-4a7d-4ab3-adbe-2e67760b87f4@group-7E32184879DE: changes role from  FOLLOWER to FOLLOWER at term 27 for recognizeCandidate:f535bb4a-cba0-4f9b-9e3e-e4a48b3eda51
2019-10-18 11:24:13,775 [grpc-default-executor-1] INFO  impl.RaftServerImpl (RaftServerImpl.java:setRole(184)) - c652e2ee-3322-4406-8db6-1ea643cb3197@group-7E32184879DE: changes role from  FOLLOWER to FOLLOWER at term 27 for recognizeCandidate:f535bb4a-cba0-4f9b-9e3e-e4a48b3eda51
2019-10-18 11:24:13,775 [grpc-default-executor-3] INFO  impl.RoleInfo (RoleInfo.java:shutdownFollowerState(121)) - 54aabb14-4a7d-4ab3-adbe-2e67760b87f4: shutdown FollowerState
2019-10-18 11:24:13,776 [grpc-default-executor-1] INFO  impl.RoleInfo (RoleInfo.java:shutdownFollowerState(121)) - c652e2ee-3322-4406-8db6-1ea643cb3197: shutdown FollowerState
2019-10-18 11:24:13,776 [Thread-185] INFO  impl.FollowerState (FollowerState.java:run(117)) - 54aabb14-4a7d-4ab3-adbe-2e67760b87f4@group-7E32184879DE-FollowerState was interrupted: java.lang.InterruptedException: sleep interrupted
2019-10-18 11:24:13,776 [grpc-default-executor-1] INFO  impl.RoleInfo (RoleInfo.java:updateAndGet(143)) - c652e2ee-3322-4406-8db6-1ea643cb3197: start FollowerState
2019-10-18 11:24:13,776 [grpc-default-executor-3] INFO  impl.RoleInfo (RoleInfo.java:updateAndGet(143)) - 54aabb14-4a7d-4ab3-adbe-2e67760b87f4: start FollowerState
2019-10-18 11:24:13,776 [Thread-186] INFO  impl.FollowerState (FollowerState.java:run(117)) - c652e2ee-3322-4406-8db6-1ea643cb3197@group-7E32184879DE-FollowerState was interrupted: java.lang.InterruptedException: sleep interrupted
2019-10-18 11:24:13,807 [f535bb4a-cba0-4f9b-9e3e-e4a48b3eda51@group-7E32184879DE-LeaderElection23] INFO  impl.LeaderElection (LeaderElection.java:logAndReturn(56)) - f535bb4a-cba0-4f9b-9e3e-e4a48b3eda51@group-7E32184879DE-LeaderElection23: Election REJECTED; received 2 response(s) [f535bb4a-cba0-4f9b-9e3e-e4a48b3eda51<-54aabb14-4a7d-4ab3-adbe-2e67760b87f4#0:FAIL-t27, f535bb4a-cba0-4f9b-9e3e-e4a48b3eda51<-c652e2ee-3322-4406-8db6-1ea643cb3197#0:FAIL-t27] and 0 exception(s); f535bb4a-cba0-4f9b-9e3e-e4a48b3eda51@group-7E32184879DE:t27, leader=null, voted=f535bb4a-cba0-4f9b-9e3e-e4a48b3eda51, raftlog=f535bb4a-cba0-4f9b-9e3e-e4a48b3eda51@group-7E32184879DE-SegmentedRaftLog:OPENED:c-1,f-1,i0, conf=-1: [f535bb4a-cba0-4f9b-9e3e-e4a48b3eda51:0.0.0.0:44706, 54aabb14-4a7d-4ab3-adbe-2e67760b87f4:0.0.0.0:43074, c652e2ee-3322-4406-8db6-1ea643cb3197:0.0.0.0:42129], old=null
2019-10-18 11:24:13,808 [f535bb4a-cba0-4f9b-9e3e-e4a48b3eda51@group-7E32184879DE-LeaderElection23] INFO  impl.RaftServerImpl (RaftServerImpl.java:setRole(184)) - f535bb4a-cba0-4f9b-9e3e-e4a48b3eda51@group-7E32184879DE: changes role from CANDIDATE to FOLLOWER at term 27 for DISCOVERED_A_NEW_TERM
2019-10-18 11:24:13,808 [f535bb4a-cba0-4f9b-9e3e-e4a48b3eda51@group-7E32184879DE-LeaderElection23] INFO  impl.RoleInfo (RoleInfo.java:shutdownLeaderElection(134)) - f535bb4a-cba0-4f9b-9e3e-e4a48b3eda51: shutdown LeaderElection
2019-10-18 11:24:13,808 [f535bb4a-cba0-4f9b-9e3e-e4a48b3eda51@group-7E32184879DE-LeaderElection23] INFO  impl.RoleInfo (RoleInfo.java:updateAndGet(143)) - f535bb4a-cba0-4f9b-9e3e-e4a48b3eda51: start FollowerState
2019-10-18 11:24:13,963 [Thread-193] INFO  impl.FollowerState (FollowerState.java:run(108)) - f535bb4a-cba0-4f9b-9e3e-e4a48b3eda51@group-7E32184879DE-FollowerState: change to CANDIDATE, lastRpcTime:155ms, electionTimeout:155ms
2019-10-18 11:24:13,965 [Thread-193] INFO  impl.RoleInfo (RoleInfo.java:shutdownFollowerState(121)) - f535bb4a-cba0-4f9b-9e3e-e4a48b3eda51: shutdown FollowerState
2019-10-18 11:24:13,965 [Thread-193] INFO  impl.RaftServerImpl (RaftServerImpl.java:setRole(184)) - f535bb4a-cba0-4f9b-9e3e-e4a48b3eda51@group-7E32184879DE: changes role from  FOLLOWER to CANDIDATE at term 27 for changeToCandidate
2019-10-18 11:24:13,965 [Thread-193] INFO  impl.RoleInfo (RoleInfo.java:updateAndGet(143)) - f535bb4a-cba0-4f9b-9e3e-e4a48b3eda51: start LeaderElection
2019-10-18 11:24:13,990 [f535bb4a-cba0-4f9b-9e3e-e4a48b3eda51@group-7E32184879DE-LeaderElection24] INFO  impl.LeaderElection (LeaderElection.java:askForVotes(178)) - f535bb4a-cba0-4f9b-9e3e-e4a48b3eda51@group-7E32184879DE-LeaderElection24: begin an election at term 28 for -1: [f535bb4a-cba0-4f9b-9e3e-e4a48b3eda51:0.0.0.0:44706, 54aabb14-4a7d-4ab3-adbe-2e67760b87f4:0.0.0.0:43074, c652e2ee-3322-4406-8db6-1ea643cb3197:0.0.0.0:42129], old=null
2019-10-18 11:24:13,994 [grpc-default-executor-1] INFO  impl.RaftServerImpl (RaftServerImpl.java:setRole(184)) - 54aabb14-4a7d-4ab3-adbe-2e67760b87f4@group-7E32184879DE: changes role from  FOLLOWER to FOLLOWER at term 28 for recognizeCandidate:f535bb4a-cba0-4f9b-9e3e-e4a48b3eda51
2019-10-18 11:24:13,994 [grpc-default-executor-1] INFO  impl.RoleInfo (RoleInfo.java:shutdownFollowerState(121)) - 54aabb14-4a7d-4ab3-adbe-2e67760b87f4: shutdown FollowerState
2019-10-18 11:24:13,994 [grpc-default-executor-3] INFO  impl.RaftServerImpl (RaftServerImpl.java:setRole(184)) - c652e2ee-3322-4406-8db6-1ea643cb3197@group-7E32184879DE: changes role from  FOLLOWER to FOLLOWER at term 28 for recognizeCandidate:f535bb4a-cba0-4f9b-9e3e-e4a48b3eda51
2019-10-18 11:24:13,994 [Thread-189] INFO  impl.FollowerState (FollowerState.java:run(117)) - 54aabb14-4a7d-4ab3-adbe-2e67760b87f4@group-7E32184879DE-FollowerState was interrupted: java.lang.InterruptedException: sleep interrupted
2019-10-18 11:24:13,994 [grpc-default-executor-1] INFO  impl.RoleInfo (RoleInfo.java:updateAndGet(143)) - 54aabb14-4a7d-4ab3-adbe-2e67760b87f4: start FollowerState
2019-10-18 11:24:13,995 [grpc-default-executor-3] INFO  impl.RoleInfo (RoleInfo.java:shutdownFollowerState(121)) - c652e2ee-3322-4406-8db6-1ea643cb3197: shutdown FollowerState
2019-10-18 11:24:13,995 [grpc-default-executor-3] INFO  impl.RoleInfo (RoleInfo.java:updateAndGet(143)) - c652e2ee-3322-4406-8db6-1ea643cb3197: start FollowerState
2019-10-18 11:24:13,995 [Thread-190] INFO  impl.FollowerState (FollowerState.java:run(117)) - c652e2ee-3322-4406-8db6-1ea643cb3197@group-7E32184879DE-FollowerState was interrupted: java.lang.InterruptedException: sleep interrupted
2019-10-18 11:24:14,009 [f535bb4a-cba0-4f9b-9e3e-e4a48b3eda51@group-7E32184879DE-LeaderElection24] INFO  impl.LeaderElection (LeaderElection.java:logAndReturn(56)) - f535bb4a-cba0-4f9b-9e3e-e4a48b3eda51@group-7E32184879DE-LeaderElection24: Election TIMEOUT; received 0 response(s) [] and 0 exception(s); f535bb4a-cba0-4f9b-9e3e-e4a48b3eda51@group-7E32184879DE:t28, leader=null, voted=f535bb4a-cba0-4f9b-9e3e-e4a48b3eda51, raftlog=f535bb4a-cba0-4f9b-9e3e-e4a48b3eda51@group-7E32184879DE-SegmentedRaftLog:OPENED:c-1,f-1,i0, conf=-1: [f535bb4a-cba0-4f9b-9e3e-e4a48b3eda51:0.0.0.0:44706, 54aabb14-4a7d-4ab3-adbe-2e67760b87f4:0.0.0.0:43074, c652e2ee-3322-4406-8db6-1ea643cb3197:0.0.0.0:42129], old=null
2019-10-18 11:24:14,033 [f535bb4a-cba0-4f9b-9e3e-e4a48b3eda51@group-7E32184879DE-LeaderElection24] INFO  impl.LeaderElection (LeaderElection.java:askForVotes(178)) - f535bb4a-cba0-4f9b-9e3e-e4a48b3eda51@group-7E32184879DE-LeaderElection24: begin an election at term 29 for -1: [f535bb4a-cba0-4f9b-9e3e-e4a48b3eda51:0.0.0.0:44706, 54aabb14-4a7d-4ab3-adbe-2e67760b87f4:0.0.0.0:43074, c652e2ee-3322-4406-8db6-1ea643cb3197:0.0.0.0:42129], old=null
2019-10-18 11:24:14,037 [grpc-default-executor-1] INFO  impl.RaftServerImpl (RaftServerImpl.java:setRole(184)) - c652e2ee-3322-4406-8db6-1ea643cb3197@group-7E32184879DE: changes role from  FOLLOWER to FOLLOWER at term 29 for recognizeCandidate:f535bb4a-cba0-4f9b-9e3e-e4a48b3eda51
2019-10-18 11:24:14,038 [grpc-default-executor-1] INFO  impl.RoleInfo (RoleInfo.java:shutdownFollowerState(121)) - c652e2ee-3322-4406-8db6-1ea643cb3197: shutdown FollowerState
2019-10-18 11:24:14,038 [grpc-default-executor-3] INFO  impl.RaftServerImpl (RaftServerImpl.java:setRole(184)) - 54aabb14-4a7d-4ab3-adbe-2e67760b87f4@group-7E32184879DE: changes role from  FOLLOWER to FOLLOWER at term 29 for recognizeCandidate:f535bb4a-cba0-4f9b-9e3e-e4a48b3eda51
2019-10-18 11:24:14,038 [Thread-198] INFO  impl.FollowerState (FollowerState.java:run(117)) - c652e2ee-3322-4406-8db6-1ea643cb3197@group-7E32184879DE-FollowerState was interrupted: java.lang.InterruptedException: sleep interrupted
2019-10-18 11:24:14,038 [grpc-default-executor-1] INFO  impl.RoleInfo (RoleInfo.java:updateAndGet(143)) - c652e2ee-3322-4406-8db6-1ea643cb3197: start FollowerState
2019-10-18 11:24:14,038 [grpc-default-executor-3] INFO  impl.RoleInfo (RoleInfo.java:shutdownFollowerState(121)) - 54aabb14-4a7d-4ab3-adbe-2e67760b87f4: shutdown FollowerState
2019-10-18 11:24:14,039 [grpc-default-executor-3] INFO  impl.RoleInfo (RoleInfo.java:updateAndGet(143)) - 54aabb14-4a7d-4ab3-adbe-2e67760b87f4: start FollowerState
2019-10-18 11:24:14,039 [Thread-197] INFO  impl.FollowerState (FollowerState.java:run(117)) - 54aabb14-4a7d-4ab3-adbe-2e67760b87f4@group-7E32184879DE-FollowerState was interrupted: java.lang.InterruptedException: sleep interrupted
2019-10-18 11:24:14,047 [f535bb4a-cba0-4f9b-9e3e-e4a48b3eda51@group-7E32184879DE-LeaderElection24] INFO  impl.LeaderElection (LeaderElection.java:logAndReturn(56)) - f535bb4a-cba0-4f9b-9e3e-e4a48b3eda51@group-7E32184879DE-LeaderElection24: Election TIMEOUT; received 0 response(s) [] and 0 exception(s); f535bb4a-cba0-4f9b-9e3e-e4a48b3eda51@group-7E32184879DE:t29, leader=null, voted=f535bb4a-cba0-4f9b-9e3e-e4a48b3eda51, raftlog=f535bb4a-cba0-4f9b-9e3e-e4a48b3eda51@group-7E32184879DE-SegmentedRaftLog:OPENED:c-1,f-1,i0, conf=-1: [f535bb4a-cba0-4f9b-9e3e-e4a48b3eda51:0.0.0.0:44706, 54aabb14-4a7d-4ab3-adbe-2e67760b87f4:0.0.0.0:43074, c652e2ee-3322-4406-8db6-1ea643cb3197:0.0.0.0:42129], old=null
2019-10-18 11:24:14,067 [f535bb4a-cba0-4f9b-9e3e-e4a48b3eda51@group-7E32184879DE-LeaderElection24] INFO  impl.LeaderElection (LeaderElection.java:askForVotes(178)) - f535bb4a-cba0-4f9b-9e3e-e4a48b3eda51@group-7E32184879DE-LeaderElection24: begin an election at term 30 for -1: [f535bb4a-cba0-4f9b-9e3e-e4a48b3eda51:0.0.0.0:44706, 54aabb14-4a7d-4ab3-adbe-2e67760b87f4:0.0.0.0:43074, c652e2ee-3322-4406-8db6-1ea643cb3197:0.0.0.0:42129], old=null
2019-10-18 11:24:14,071 [grpc-default-executor-1] INFO  impl.RaftServerImpl (RaftServerImpl.java:setRole(184)) - c652e2ee-3322-4406-8db6-1ea643cb3197@group-7E32184879DE: changes role from  FOLLOWER to FOLLOWER at term 30 for recognizeCandidate:f535bb4a-cba0-4f9b-9e3e-e4a48b3eda51
2019-10-18 11:24:14,072 [grpc-default-executor-3] INFO  impl.RaftServerImpl (RaftServerImpl.java:setRole(184)) - 54aabb14-4a7d-4ab3-adbe-2e67760b87f4@group-7E32184879DE: changes role from  FOLLOWER to FOLLOWER at term 30 for recognizeCandidate:f535bb4a-cba0-4f9b-9e3e-e4a48b3eda51
2019-10-18 11:24:14,072 [grpc-default-executor-1] INFO  impl.RoleInfo (RoleInfo.java:shutdownFollowerState(121)) - c652e2ee-3322-4406-8db6-1ea643cb3197: shutdown FollowerState
2019-10-18 11:24:14,072 [grpc-default-executor-3] INFO  impl.RoleInfo (RoleInfo.java:shutdownFollowerState(121)) - 54aabb14-4a7d-4ab3-adbe-2e67760b87f4: shutdown FollowerState
2019-10-18 11:24:14,072 [grpc-default-executor-1] INFO  impl.RoleInfo (RoleInfo.java:updateAndGet(143)) - c652e2ee-3322-4406-8db6-1ea643cb3197: start FollowerState
2019-10-18 11:24:14,072 [Thread-201] INFO  impl.FollowerState (FollowerState.java:run(117)) - c652e2ee-3322-4406-8db6-1ea643cb3197@group-7E32184879DE-FollowerState was interrupted: java.lang.InterruptedException: sleep interrupted
2019-10-18 11:24:14,073 [grpc-default-executor-3] INFO  impl.RoleInfo (RoleInfo.java:updateAndGet(143)) - 54aabb14-4a7d-4ab3-adbe-2e67760b87f4: start FollowerState
2019-10-18 11:24:14,073 [Thread-202] INFO  impl.FollowerState (FollowerState.java:run(117)) - 54aabb14-4a7d-4ab3-adbe-2e67760b87f4@group-7E32184879DE-FollowerState was interrupted: java.lang.InterruptedException: sleep interrupted
2019-10-18 11:24:14,102 [f535bb4a-cba0-4f9b-9e3e-e4a48b3eda51@group-7E32184879DE-LeaderElection24] INFO  impl.LeaderElection (LeaderElection.java:logAndReturn(56)) - f535bb4a-cba0-4f9b-9e3e-e4a48b3eda51@group-7E32184879DE-LeaderElection24: Election REJECTED; received 2 response(s) [f535bb4a-cba0-4f9b-9e3e-e4a48b3eda51<-54aabb14-4a7d-4ab3-adbe-2e67760b87f4#0:FAIL-t30, f535bb4a-cba0-4f9b-9e3e-e4a48b3eda51<-c652e2ee-3322-4406-8db6-1ea643cb3197#0:FAIL-t30] and 0 exception(s); f535bb4a-cba0-4f9b-9e3e-e4a48b3eda51@group-7E32184879DE:t30, leader=null, voted=f535bb4a-cba0-4f9b-9e3e-e4a48b3eda51, raftlog=f535bb4a-cba0-4f9b-9e3e-e4a48b3eda51@group-7E32184879DE-SegmentedRaftLog:OPENED:c-1,f-1,i0, conf=-1: [f535bb4a-cba0-4f9b-9e3e-e4a48b3eda51:0.0.0.0:44706, 54aabb14-4a7d-4ab3-adbe-2e67760b87f4:0.0.0.0:43074, c652e2ee-3322-4406-8db6-1ea643cb3197:0.0.0.0:42129], old=null
2019-10-18 11:24:14,103 [f535bb4a-cba0-4f9b-9e3e-e4a48b3eda51@group-7E32184879DE-LeaderElection24] INFO  impl.RaftServerImpl (RaftServerImpl.java:setRole(184)) - f535bb4a-cba0-4f9b-9e3e-e4a48b3eda51@group-7E32184879DE: changes role from CANDIDATE to FOLLOWER at term 30 for DISCOVERED_A_NEW_TERM
2019-10-18 11:24:14,103 [f535bb4a-cba0-4f9b-9e3e-e4a48b3eda51@group-7E32184879DE-LeaderElection24] INFO  impl.RoleInfo (RoleInfo.java:shutdownLeaderElection(134)) - f535bb4a-cba0-4f9b-9e3e-e4a48b3eda51: shutdown LeaderElection
2019-10-18 11:24:14,103 [f535bb4a-cba0-4f9b-9e3e-e4a48b3eda51@group-7E32184879DE-LeaderElection24] INFO  impl.RoleInfo (RoleInfo.java:updateAndGet(143)) - f535bb4a-cba0-4f9b-9e3e-e4a48b3eda51: start FollowerState
2019-10-18 11:24:14,165 [Thread-207] INFO  impl.FollowerState (FollowerState.java:run(108)) - f535bb4a-cba0-4f9b-9e3e-e4a48b3eda51@group-7E32184879DE-FollowerState: change to CANDIDATE, lastRpcTime:61ms, electionTimeout:61ms
2019-10-18 11:24:14,166 [Thread-207] INFO  impl.RoleInfo (RoleInfo.java:shutdownFollowerState(121)) - f535bb4a-cba0-4f9b-9e3e-e4a48b3eda51: shutdown FollowerState
2019-10-18 11:24:14,166 [Thread-207] INFO  impl.RaftServerImpl (RaftServerImpl.java:setRole(184)) - f535bb4a-cba0-4f9b-9e3e-e4a48b3eda51@group-7E32184879DE: changes role from  FOLLOWER to CANDIDATE at term 30 for changeToCandidate
2019-10-18 11:24:14,166 [Thread-207] INFO  impl.RoleInfo (RoleInfo.java:updateAndGet(143)) - f535bb4a-cba0-4f9b-9e3e-e4a48b3eda51: start LeaderElection
2019-10-18 11:24:14,192 [f535bb4a-cba0-4f9b-9e3e-e4a48b3eda51@group-7E32184879DE-LeaderElection25] INFO  impl.LeaderElection (LeaderElection.java:askForVotes(178)) - f535bb4a-cba0-4f9b-9e3e-e4a48b3eda51@group-7E32184879DE-LeaderElection25: begin an election at term 31 for -1: [f535bb4a-cba0-4f9b-9e3e-e4a48b3eda51:0.0.0.0:44706, 54aabb14-4a7d-4ab3-adbe-2e67760b87f4:0.0.0.0:43074, c652e2ee-3322-4406-8db6-1ea643cb3197:0.0.0.0:42129], old=null
2019-10-18 11:24:14,196 [grpc-default-executor-3] INFO  impl.RaftServerImpl (RaftServerImpl.java:setRole(184)) - 54aabb14-4a7d-4ab3-adbe-2e67760b87f4@group-7E32184879DE: changes role from  FOLLOWER to FOLLOWER at term 31 for recognizeCandidate:f535bb4a-cba0-4f9b-9e3e-e4a48b3eda51
2019-10-18 11:24:14,196 [grpc-default-executor-1] INFO  impl.RaftServerImpl (RaftServerImpl.java:setRole(184)) - c652e2ee-3322-4406-8db6-1ea643cb3197@group-7E32184879DE: changes role from  FOLLOWER to FOLLOWER at term 31 for recognizeCandidate:f535bb4a-cba0-4f9b-9e3e-e4a48b3eda51
2019-10-18 11:24:14,196 [grpc-default-executor-3] INFO  impl.RoleInfo (RoleInfo.java:shutdownFollowerState(121)) - 54aabb14-4a7d-4ab3-adbe-2e67760b87f4: shutdown FollowerState
2019-10-18 11:24:14,196 [grpc-default-executor-1] INFO  impl.RoleInfo (RoleInfo.java:shutdownFollowerState(121)) - c652e2ee-3322-4406-8db6-1ea643cb3197: shutdown FollowerState
2019-10-18 11:24:14,197 [Thread-206] INFO  impl.FollowerState (FollowerState.java:run(117)) - 54aabb14-4a7d-4ab3-adbe-2e67760b87f4@group-7E32184879DE-FollowerState was interrupted: java.lang.InterruptedException: sleep interrupted
2019-10-18 11:24:14,196 [grpc-default-executor-3] INFO  impl.RoleInfo (RoleInfo.java:updateAndGet(143)) - 54aabb14-4a7d-4ab3-adbe-2e67760b87f4: start FollowerState
2019-10-18 11:24:14,197 [Thread-205] INFO  impl.FollowerState (FollowerState.java:run(117)) - c652e2ee-3322-4406-8db6-1ea643cb3197@group-7E32184879DE-FollowerState was interrupted: java.lang.InterruptedException: sleep interrupted
2019-10-18 11:24:14,197 [grpc-default-executor-1] INFO  impl.RoleInfo (RoleInfo.java:updateAndGet(143)) - c652e2ee-3322-4406-8db6-1ea643cb3197: start FollowerState
2019-10-18 11:24:14,219 [f535bb4a-cba0-4f9b-9e3e-e4a48b3eda51@group-7E32184879DE-LeaderElection25] INFO  impl.LeaderElection (LeaderElection.java:logAndReturn(56)) - f535bb4a-cba0-4f9b-9e3e-e4a48b3eda51@group-7E32184879DE-LeaderElection25: Election REJECTED; received 2 response(s) [f535bb4a-cba0-4f9b-9e3e-e4a48b3eda51<-54aabb14-4a7d-4ab3-adbe-2e67760b87f4#0:FAIL-t31, f535bb4a-cba0-4f9b-9e3e-e4a48b3eda51<-c652e2ee-3322-4406-8db6-1ea643cb3197#0:FAIL-t31] and 0 exception(s); f535bb4a-cba0-4f9b-9e3e-e4a48b3eda51@group-7E32184879DE:t31, leader=null, voted=f535bb4a-cba0-4f9b-9e3e-e4a48b3eda51, raftlog=f535bb4a-cba0-4f9b-9e3e-e4a48b3eda51@group-7E32184879DE-SegmentedRaftLog:OPENED:c-1,f-1,i0, conf=-1: [f535bb4a-cba0-4f9b-9e3e-e4a48b3eda51:0.0.0.0:44706, 54aabb14-4a7d-4ab3-adbe-2e67760b87f4:0.0.0.0:43074, c652e2ee-3322-4406-8db6-1ea643cb3197:0.0.0.0:42129], old=null
2019-10-18 11:24:14,220 [f535bb4a-cba0-4f9b-9e3e-e4a48b3eda51@group-7E32184879DE-LeaderElection25] INFO  impl.RaftServerImpl (RaftServerImpl.java:setRole(184)) - f535bb4a-cba0-4f9b-9e3e-e4a48b3eda51@group-7E32184879DE: changes role from CANDIDATE to FOLLOWER at term 31 for DISCOVERED_A_NEW_TERM
2019-10-18 11:24:14,220 [f535bb4a-cba0-4f9b-9e3e-e4a48b3eda51@group-7E32184879DE-LeaderElection25] INFO  impl.RoleInfo (RoleInfo.java:shutdownLeaderElection(134)) - f535bb4a-cba0-4f9b-9e3e-e4a48b3eda51: shutdown LeaderElection
2019-10-18 11:24:14,220 [f535bb4a-cba0-4f9b-9e3e-e4a48b3eda51@group-7E32184879DE-LeaderElection25] INFO  impl.RoleInfo (RoleInfo.java:updateAndGet(143)) - f535bb4a-cba0-4f9b-9e3e-e4a48b3eda51: start FollowerState
2019-10-18 11:24:14,235 [Thread-213] INFO  impl.FollowerState (FollowerState.java:run(108)) - f535bb4a-cba0-4f9b-9e3e-e4a48b3eda51@group-7E32184879DE-FollowerState: change to CANDIDATE, lastRpcTime:15ms, electionTimeout:15ms
2019-10-18 11:24:14,236 [Thread-213] INFO  impl.RoleInfo (RoleInfo.java:shutdownFollowerState(121)) - f535bb4a-cba0-4f9b-9e3e-e4a48b3eda51: shutdown FollowerState
2019-10-18 11:24:14,236 [Thread-213] INFO  impl.RaftServerImpl (RaftServerImpl.java:setRole(184)) - f535bb4a-cba0-4f9b-9e3e-e4a48b3eda51@group-7E32184879DE: changes role from  FOLLOWER to CANDIDATE at term 31 for changeToCandidate
2019-10-18 11:24:14,236 [Thread-213] INFO  impl.RoleInfo (RoleInfo.java:updateAndGet(143)) - f535bb4a-cba0-4f9b-9e3e-e4a48b3eda51: start LeaderElection
2019-10-18 11:24:14,260 [f535bb4a-cba0-4f9b-9e3e-e4a48b3eda51@group-7E32184879DE-LeaderElection26] INFO  impl.LeaderElection (LeaderElection.java:askForVotes(178)) - f535bb4a-cba0-4f9b-9e3e-e4a48b3eda51@group-7E32184879DE-LeaderElection26: begin an election at term 32 for -1: [f535bb4a-cba0-4f9b-9e3e-e4a48b3eda51:0.0.0.0:44706, 54aabb14-4a7d-4ab3-adbe-2e67760b87f4:0.0.0.0:43074, c652e2ee-3322-4406-8db6-1ea643cb3197:0.0.0.0:42129], old=null
2019-10-18 11:24:14,263 [grpc-default-executor-3] INFO  impl.RaftServerImpl (RaftServerImpl.java:setRole(184)) - c652e2ee-3322-4406-8db6-1ea643cb3197@group-7E32184879DE: changes role from  FOLLOWER to FOLLOWER at term 32 for recognizeCandidate:f535bb4a-cba0-4f9b-9e3e-e4a48b3eda51
2019-10-18 11:24:14,263 [grpc-default-executor-1] INFO  impl.RaftServerImpl (RaftServerImpl.java:setRole(184)) - 54aabb14-4a7d-4ab3-adbe-2e67760b87f4@group-7E32184879DE: changes role from  FOLLOWER to FOLLOWER at term 32 for recognizeCandidate:f535bb4a-cba0-4f9b-9e3e-e4a48b3eda51
2019-10-18 11:24:14,264 [grpc-default-executor-3] INFO  impl.RoleInfo (RoleInfo.java:shutdownFollowerState(121)) - c652e2ee-3322-4406-8db6-1ea643cb3197: shutdown FollowerState
2019-10-18 11:24:14,264 [grpc-default-executor-1] INFO  impl.RoleInfo (RoleInfo.java:shutdownFollowerState(121)) - 54aabb14-4a7d-4ab3-adbe-2e67760b87f4: shutdown FollowerState
2019-10-18 11:24:14,264 [Thread-212] INFO  impl.FollowerState (FollowerState.java:run(117)) - c652e2ee-3322-4406-8db6-1ea643cb3197@group-7E32184879DE-FollowerState was interrupted: java.lang.InterruptedException: sleep interrupted
2019-10-18 11:24:14,264 [grpc-default-executor-3] INFO  impl.RoleInfo (RoleInfo.java:updateAndGet(143)) - c652e2ee-3322-4406-8db6-1ea643cb3197: start FollowerState
2019-10-18 11:24:14,264 [Thread-211] INFO  impl.FollowerState (FollowerState.java:run(117)) - 54aabb14-4a7d-4ab3-adbe-2e67760b87f4@group-7E32184879DE-FollowerState was interrupted: java.lang.InterruptedException: sleep interrupted
2019-10-18 11:24:14,264 [grpc-default-executor-1] INFO  impl.RoleInfo (RoleInfo.java:updateAndGet(143)) - 54aabb14-4a7d-4ab3-adbe-2e67760b87f4: start FollowerState
2019-10-18 11:24:14,295 [f535bb4a-cba0-4f9b-9e3e-e4a48b3eda51@group-7E32184879DE-LeaderElection26] INFO  impl.LeaderElection (LeaderElection.java:logAndReturn(56)) - f535bb4a-cba0-4f9b-9e3e-e4a48b3eda51@group-7E32184879DE-LeaderElection26: Election REJECTED; received 2 response(s) [f535bb4a-cba0-4f9b-9e3e-e4a48b3eda51<-54aabb14-4a7d-4ab3-adbe-2e67760b87f4#0:FAIL-t32, f535bb4a-cba0-4f9b-9e3e-e4a48b3eda51<-c652e2ee-3322-4406-8db6-1ea643cb3197#0:FAIL-t32] and 0 exception(s); f535bb4a-cba0-4f9b-9e3e-e4a48b3eda51@group-7E32184879DE:t32, leader=null, voted=f535bb4a-cba0-4f9b-9e3e-e4a48b3eda51, raftlog=f535bb4a-cba0-4f9b-9e3e-e4a48b3eda51@group-7E32184879DE-SegmentedRaftLog:OPENED:c-1,f-1,i0, conf=-1: [f535bb4a-cba0-4f9b-9e3e-e4a48b3eda51:0.0.0.0:44706, 54aabb14-4a7d-4ab3-adbe-2e67760b87f4:0.0.0.0:43074, c652e2ee-3322-4406-8db6-1ea643cb3197:0.0.0.0:42129], old=null
2019-10-18 11:24:14,296 [f535bb4a-cba0-4f9b-9e3e-e4a48b3eda51@group-7E32184879DE-LeaderElection26] INFO  impl.RaftServerImpl (RaftServerImpl.java:setRole(184)) - f535bb4a-cba0-4f9b-9e3e-e4a48b3eda51@group-7E32184879DE: changes role from CANDIDATE to FOLLOWER at term 32 for DISCOVERED_A_NEW_TERM
2019-10-18 11:24:14,296 [f535bb4a-cba0-4f9b-9e3e-e4a48b3eda51@group-7E32184879DE-LeaderElection26] INFO  impl.RoleInfo (RoleInfo.java:shutdownLeaderElection(134)) - f535bb4a-cba0-4f9b-9e3e-e4a48b3eda51: shutdown LeaderElection
2019-10-18 11:24:14,296 [f535bb4a-cba0-4f9b-9e3e-e4a48b3eda51@group-7E32184879DE-LeaderElection26] INFO  impl.RoleInfo (RoleInfo.java:updateAndGet(143)) - f535bb4a-cba0-4f9b-9e3e-e4a48b3eda51: start FollowerState
2019-10-18 11:24:14,380 [Thread-219] INFO  impl.FollowerState (FollowerState.java:run(108)) - f535bb4a-cba0-4f9b-9e3e-e4a48b3eda51@group-7E32184879DE-FollowerState: change to CANDIDATE, lastRpcTime:84ms, electionTimeout:84ms
2019-10-18 11:24:14,381 [Thread-219] INFO  impl.RoleInfo (RoleInfo.java:shutdownFollowerState(121)) - f535bb4a-cba0-4f9b-9e3e-e4a48b3eda51: shutdown FollowerState
2019-10-18 11:24:14,381 [Thread-219] INFO  impl.RaftServerImpl (RaftServerImpl.java:setRole(184)) - f535bb4a-cba0-4f9b-9e3e-e4a48b3eda51@group-7E32184879DE: changes role from  FOLLOWER to CANDIDATE at term 32 for changeToCandidate
2019-10-18 11:24:14,382 [Thread-219] INFO  impl.RoleInfo (RoleInfo.java:updateAndGet(143)) - f535bb4a-cba0-4f9b-9e3e-e4a48b3eda51: start LeaderElection
2019-10-18 11:24:14,410 [f535bb4a-cba0-4f9b-9e3e-e4a48b3eda51@group-7E32184879DE-LeaderElection27] INFO  impl.LeaderElection (LeaderElection.java:askForVotes(178)) - f535bb4a-cba0-4f9b-9e3e-e4a48b3eda51@group-7E32184879DE-LeaderElection27: begin an election at term 33 for -1: [f535bb4a-cba0-4f9b-9e3e-e4a48b3eda51:0.0.0.0:44706, 54aabb14-4a7d-4ab3-adbe-2e67760b87f4:0.0.0.0:43074, c652e2ee-3322-4406-8db6-1ea643cb3197:0.0.0.0:42129], old=null
2019-10-18 11:24:14,414 [grpc-default-executor-3] INFO  impl.RaftServerImpl (RaftServerImpl.java:setRole(184)) - 54aabb14-4a7d-4ab3-adbe-2e67760b87f4@group-7E32184879DE: changes role from  FOLLOWER to FOLLOWER at term 33 for recognizeCandidate:f535bb4a-cba0-4f9b-9e3e-e4a48b3eda51
2019-10-18 11:24:14,414 [grpc-default-executor-3] INFO  impl.RoleInfo (RoleInfo.java:shutdownFollowerState(121)) - 54aabb14-4a7d-4ab3-adbe-2e67760b87f4: shutdown FollowerState
2019-10-18 11:24:14,414 [grpc-default-executor-3] INFO  impl.RoleInfo (RoleInfo.java:updateAndGet(143)) - 54aabb14-4a7d-4ab3-adbe-2e67760b87f4: start FollowerState
2019-10-18 11:24:14,414 [Thread-218] INFO  impl.FollowerState (FollowerState.java:run(117)) - 54aabb14-4a7d-4ab3-adbe-2e67760b87f4@group-7E32184879DE-FollowerState was interrupted: java.lang.InterruptedException: sleep interrupted
2019-10-18 11:24:14,414 [grpc-default-executor-1] INFO  impl.RaftServerImpl (RaftServerImpl.java:setRole(184)) - c652e2ee-3322-4406-8db6-1ea643cb3197@group-7E32184879DE: changes role from  FOLLOWER to FOLLOWER at term 33 for recognizeCandidate:f535bb4a-cba0-4f9b-9e3e-e4a48b3eda51
2019-10-18 11:24:14,415 [grpc-default-executor-1] INFO  impl.RoleInfo (RoleInfo.java:shutdownFollowerState(121)) - c652e2ee-3322-4406-8db6-1ea643cb3197: shutdown FollowerState
2019-10-18 11:24:14,415 [grpc-default-executor-1] INFO  impl.RoleInfo (RoleInfo.java:updateAndGet(143)) - c652e2ee-3322-4406-8db6-1ea643cb3197: start FollowerState
2019-10-18 11:24:14,415 [Thread-217] INFO  impl.FollowerState (FollowerState.java:run(117)) - c652e2ee-3322-4406-8db6-1ea643cb3197@group-7E32184879DE-FollowerState was interrupted: java.lang.InterruptedException: sleep interrupted
2019-10-18 11:24:14,446 [f535bb4a-cba0-4f9b-9e3e-e4a48b3eda51@group-7E32184879DE-LeaderElection27] INFO  impl.LeaderElection (LeaderElection.java:logAndReturn(56)) - f535bb4a-cba0-4f9b-9e3e-e4a48b3eda51@group-7E32184879DE-LeaderElection27: Election REJECTED; received 2 response(s) [f535bb4a-cba0-4f9b-9e3e-e4a48b3eda51<-54aabb14-4a7d-4ab3-adbe-2e67760b87f4#0:FAIL-t33, f535bb4a-cba0-4f9b-9e3e-e4a48b3eda51<-c652e2ee-3322-4406-8db6-1ea643cb3197#0:FAIL-t33] and 0 exception(s); f535bb4a-cba0-4f9b-9e3e-e4a48b3eda51@group-7E32184879DE:t33, leader=null, voted=f535bb4a-cba0-4f9b-9e3e-e4a48b3eda51, raftlog=f535bb4a-cba0-4f9b-9e3e-e4a48b3eda51@group-7E32184879DE-SegmentedRaftLog:OPENED:c-1,f-1,i0, conf=-1: [f535bb4a-cba0-4f9b-9e3e-e4a48b3eda51:0.0.0.0:44706, 54aabb14-4a7d-4ab3-adbe-2e67760b87f4:0.0.0.0:43074, c652e2ee-3322-4406-8db6-1ea643cb3197:0.0.0.0:42129], old=null
2019-10-18 11:24:14,446 [f535bb4a-cba0-4f9b-9e3e-e4a48b3eda51@group-7E32184879DE-LeaderElection27] INFO  impl.RaftServerImpl (RaftServerImpl.java:setRole(184)) - f535bb4a-cba0-4f9b-9e3e-e4a48b3eda51@group-7E32184879DE: changes role from CANDIDATE to FOLLOWER at term 33 for DISCOVERED_A_NEW_TERM
2019-10-18 11:24:14,446 [f535bb4a-cba0-4f9b-9e3e-e4a48b3eda51@group-7E32184879DE-LeaderElection27] INFO  impl.RoleInfo (RoleInfo.java:shutdownLeaderElection(134)) - f535bb4a-cba0-4f9b-9e3e-e4a48b3eda51: shutdown LeaderElection
2019-10-18 11:24:14,446 [f535bb4a-cba0-4f9b-9e3e-e4a48b3eda51@group-7E32184879DE-LeaderElection27] INFO  impl.RoleInfo (RoleInfo.java:updateAndGet(143)) - f535bb4a-cba0-4f9b-9e3e-e4a48b3eda51: start FollowerState
2019-10-18 11:24:14,611 [Thread-225] INFO  impl.FollowerState (FollowerState.java:run(108)) - f535bb4a-cba0-4f9b-9e3e-e4a48b3eda51@group-7E32184879DE-FollowerState: change to CANDIDATE, lastRpcTime:165ms, electionTimeout:165ms
2019-10-18 11:24:14,612 [Thread-225] INFO  impl.RoleInfo (RoleInfo.java:shutdownFollowerState(121)) - f535bb4a-cba0-4f9b-9e3e-e4a48b3eda51: shutdown FollowerState
2019-10-18 11:24:14,612 [Thread-225] INFO  impl.RaftServerImpl (RaftServerImpl.java:setRole(184)) - f535bb4a-cba0-4f9b-9e3e-e4a48b3eda51@group-7E32184879DE: changes role from  FOLLOWER to CANDIDATE at term 33 for changeToCandidate
2019-10-18 11:24:14,612 [Thread-225] INFO  impl.RoleInfo (RoleInfo.java:updateAndGet(143)) - f535bb4a-cba0-4f9b-9e3e-e4a48b3eda51: start LeaderElection
2019-10-18 11:24:14,636 [f535bb4a-cba0-4f9b-9e3e-e4a48b3eda51@group-7E32184879DE-LeaderElection28] INFO  impl.LeaderElection (LeaderElection.java:askForVotes(178)) - f535bb4a-cba0-4f9b-9e3e-e4a48b3eda51@group-7E32184879DE-LeaderElection28: begin an election at term 34 for -1: [f535bb4a-cba0-4f9b-9e3e-e4a48b3eda51:0.0.0.0:44706, 54aabb14-4a7d-4ab3-adbe-2e67760b87f4:0.0.0.0:43074, c652e2ee-3322-4406-8db6-1ea643cb3197:0.0.0.0:42129], old=null
2019-10-18 11:24:14,640 [grpc-default-executor-1] INFO  impl.RaftServerImpl (RaftServerImpl.java:setRole(184)) - 54aabb14-4a7d-4ab3-adbe-2e67760b87f4@group-7E32184879DE: changes role from  FOLLOWER to FOLLOWER at term 34 for recognizeCandidate:f535bb4a-cba0-4f9b-9e3e-e4a48b3eda51
2019-10-18 11:24:14,640 [grpc-default-executor-3] INFO  impl.RaftServerImpl (RaftServerImpl.java:setRole(184)) - c652e2ee-3322-4406-8db6-1ea643cb3197@group-7E32184879DE: changes role from  FOLLOWER to FOLLOWER at term 34 for recognizeCandidate:f535bb4a-cba0-4f9b-9e3e-e4a48b3eda51
2019-10-18 11:24:14,640 [grpc-default-executor-1] INFO  impl.RoleInfo (RoleInfo.java:shutdownFollowerState(121)) - 54aabb14-4a7d-4ab3-adbe-2e67760b87f4: shutdown FollowerState
2019-10-18 11:24:14,640 [grpc-default-executor-3] INFO  impl.RoleInfo (RoleInfo.java:shutdownFollowerState(121)) - c652e2ee-3322-4406-8db6-1ea643cb3197: shutdown FollowerState
2019-10-18 11:24:14,640 [Thread-223] INFO  impl.FollowerState (FollowerState.java:run(117)) - 54aabb14-4a7d-4ab3-adbe-2e67760b87f4@group-7E32184879DE-FollowerState was interrupted: java.lang.InterruptedException: sleep interrupted
2019-10-18 11:24:14,641 [Thread-224] INFO  impl.FollowerState (FollowerState.java:run(117)) - c652e2ee-3322-4406-8db6-1ea643cb3197@group-7E32184879DE-FollowerState was interrupted: java.lang.InterruptedException: sleep interrupted
2019-10-18 11:24:14,640 [grpc-default-executor-1] INFO  impl.RoleInfo (RoleInfo.java:updateAndGet(143)) - 54aabb14-4a7d-4ab3-adbe-2e67760b87f4: start FollowerState
2019-10-18 11:24:14,641 [grpc-default-executor-3] INFO  impl.RoleInfo (RoleInfo.java:updateAndGet(143)) - c652e2ee-3322-4406-8db6-1ea643cb3197: start FollowerState
2019-10-18 11:24:14,672 [f535bb4a-cba0-4f9b-9e3e-e4a48b3eda51@group-7E32184879DE-LeaderElection28] INFO  impl.LeaderElection (LeaderElection.java:logAndReturn(56)) - f535bb4a-cba0-4f9b-9e3e-e4a48b3eda51@group-7E32184879DE-LeaderElection28: Election REJECTED; received 2 response(s) [f535bb4a-cba0-4f9b-9e3e-e4a48b3eda51<-54aabb14-4a7d-4ab3-adbe-2e67760b87f4#0:FAIL-t34, f535bb4a-cba0-4f9b-9e3e-e4a48b3eda51<-c652e2ee-3322-4406-8db6-1ea643cb3197#0:FAIL-t34] and 0 exception(s); f535bb4a-cba0-4f9b-9e3e-e4a48b3eda51@group-7E32184879DE:t34, leader=null, voted=f535bb4a-cba0-4f9b-9e3e-e4a48b3eda51, raftlog=f535bb4a-cba0-4f9b-9e3e-e4a48b3eda51@group-7E32184879DE-SegmentedRaftLog:OPENED:c-1,f-1,i0, conf=-1: [f535bb4a-cba0-4f9b-9e3e-e4a48b3eda51:0.0.0.0:44706, 54aabb14-4a7d-4ab3-adbe-2e67760b87f4:0.0.0.0:43074, c652e2ee-3322-4406-8db6-1ea643cb3197:0.0.0.0:42129], old=null
2019-10-18 11:24:14,672 [f535bb4a-cba0-4f9b-9e3e-e4a48b3eda51@group-7E32184879DE-LeaderElection28] INFO  impl.RaftServerImpl (RaftServerImpl.java:setRole(184)) - f535bb4a-cba0-4f9b-9e3e-e4a48b3eda51@group-7E32184879DE: changes role from CANDIDATE to FOLLOWER at term 34 for DISCOVERED_A_NEW_TERM
2019-10-18 11:24:14,672 [f535bb4a-cba0-4f9b-9e3e-e4a48b3eda51@group-7E32184879DE-LeaderElection28] INFO  impl.RoleInfo (RoleInfo.java:shutdownLeaderElection(134)) - f535bb4a-cba0-4f9b-9e3e-e4a48b3eda51: shutdown LeaderElection
2019-10-18 11:24:14,672 [f535bb4a-cba0-4f9b-9e3e-e4a48b3eda51@group-7E32184879DE-LeaderElection28] INFO  impl.RoleInfo (RoleInfo.java:updateAndGet(143)) - f535bb4a-cba0-4f9b-9e3e-e4a48b3eda51: start FollowerState
2019-10-18 11:24:14,696 [Thread-231] INFO  impl.FollowerState (FollowerState.java:run(108)) - f535bb4a-cba0-4f9b-9e3e-e4a48b3eda51@group-7E32184879DE-FollowerState: change to CANDIDATE, lastRpcTime:23ms, electionTimeout:23ms
2019-10-18 11:24:14,697 [Thread-231] INFO  impl.RoleInfo (RoleInfo.java:shutdownFollowerState(121)) - f535bb4a-cba0-4f9b-9e3e-e4a48b3eda51: shutdown FollowerState
2019-10-18 11:24:14,697 [Thread-231] INFO  impl.RaftServerImpl (RaftServerImpl.java:setRole(184)) - f535bb4a-cba0-4f9b-9e3e-e4a48b3eda51@group-7E32184879DE: changes role from  FOLLOWER to CANDIDATE at term 34 for changeToCandidate
2019-10-18 11:24:14,697 [Thread-231] INFO  impl.RoleInfo (RoleInfo.java:updateAndGet(143)) - f535bb4a-cba0-4f9b-9e3e-e4a48b3eda51: start LeaderElection
2019-10-18 11:24:14,729 [f535bb4a-cba0-4f9b-9e3e-e4a48b3eda51@group-7E32184879DE-LeaderElection29] INFO  impl.LeaderElection (LeaderElection.java:askForVotes(178)) - f535bb4a-cba0-4f9b-9e3e-e4a48b3eda51@group-7E32184879DE-LeaderElection29: begin an election at term 35 for -1: [f535bb4a-cba0-4f9b-9e3e-e4a48b3eda51:0.0.0.0:44706, 54aabb14-4a7d-4ab3-adbe-2e67760b87f4:0.0.0.0:43074, c652e2ee-3322-4406-8db6-1ea643cb3197:0.0.0.0:42129], old=null
2019-10-18 11:24:14,732 [grpc-default-executor-3] INFO  impl.RaftServerImpl (RaftServerImpl.java:setRole(184)) - 54aabb14-4a7d-4ab3-adbe-2e67760b87f4@group-7E32184879DE: changes role from  FOLLOWER to FOLLOWER at term 35 for recognizeCandidate:f535bb4a-cba0-4f9b-9e3e-e4a48b3eda51
2019-10-18 11:24:14,732 [grpc-default-executor-1] INFO  impl.RaftServerImpl (RaftServerImpl.java:setRole(184)) - c652e2ee-3322-4406-8db6-1ea643cb3197@group-7E32184879DE: changes role from  FOLLOWER to FOLLOWER at term 35 for recognizeCandidate:f535bb4a-cba0-4f9b-9e3e-e4a48b3eda51
2019-10-18 11:24:14,732 [grpc-default-executor-3] INFO  impl.RoleInfo (RoleInfo.java:shutdownFollowerState(121)) - 54aabb14-4a7d-4ab3-adbe-2e67760b87f4: shutdown FollowerState
2019-10-18 11:24:14,732 [grpc-default-executor-1] INFO  impl.RoleInfo (RoleInfo.java:shutdownFollowerState(121)) - c652e2ee-3322-4406-8db6-1ea643cb3197: shutdown FollowerState
2019-10-18 11:24:14,732 [grpc-default-executor-3] INFO  impl.RoleInfo (RoleInfo.java:updateAndGet(143)) - 54aabb14-4a7d-4ab3-adbe-2e67760b87f4: start FollowerState
2019-10-18 11:24:14,732 [Thread-229] INFO  impl.FollowerState (FollowerState.java:run(117)) - 54aabb14-4a7d-4ab3-adbe-2e67760b87f4@group-7E32184879DE-FollowerState was interrupted: java.lang.InterruptedException: sleep interrupted
2019-10-18 11:24:14,732 [grpc-default-executor-1] INFO  impl.RoleInfo (RoleInfo.java:updateAndGet(143)) - c652e2ee-3322-4406-8db6-1ea643cb3197: start FollowerState
2019-10-18 11:24:14,732 [Thread-230] INFO  impl.FollowerState (FollowerState.java:run(117)) - c652e2ee-3322-4406-8db6-1ea643cb3197@group-7E32184879DE-FollowerState was interrupted: java.lang.InterruptedException: sleep interrupted
2019-10-18 11:24:14,752 [f535bb4a-cba0-4f9b-9e3e-e4a48b3eda51@group-7E32184879DE-LeaderElection29] INFO  impl.LeaderElection (LeaderElection.java:logAndReturn(56)) - f535bb4a-cba0-4f9b-9e3e-e4a48b3eda51@group-7E32184879DE-LeaderElection29: Election REJECTED; received 2 response(s) [f535bb4a-cba0-4f9b-9e3e-e4a48b3eda51<-54aabb14-4a7d-4ab3-adbe-2e67760b87f4#0:FAIL-t35, f535bb4a-cba0-4f9b-9e3e-e4a48b3eda51<-c652e2ee-3322-4406-8db6-1ea643cb3197#0:FAIL-t35] and 0 exception(s); f535bb4a-cba0-4f9b-9e3e-e4a48b3eda51@group-7E32184879DE:t35, leader=null, voted=f535bb4a-cba0-4f9b-9e3e-e4a48b3eda51, raftlog=f535bb4a-cba0-4f9b-9e3e-e4a48b3eda51@group-7E32184879DE-SegmentedRaftLog:OPENED:c-1,f-1,i0, conf=-1: [f535bb4a-cba0-4f9b-9e3e-e4a48b3eda51:0.0.0.0:44706, 54aabb14-4a7d-4ab3-adbe-2e67760b87f4:0.0.0.0:43074, c652e2ee-3322-4406-8db6-1ea643cb3197:0.0.0.0:42129], old=null
2019-10-18 11:24:14,752 [f535bb4a-cba0-4f9b-9e3e-e4a48b3eda51@group-7E32184879DE-LeaderElection29] INFO  impl.RaftServerImpl (RaftServerImpl.java:setRole(184)) - f535bb4a-cba0-4f9b-9e3e-e4a48b3eda51@group-7E32184879DE: changes role from CANDIDATE to FOLLOWER at term 35 for DISCOVERED_A_NEW_TERM
2019-10-18 11:24:14,752 [f535bb4a-cba0-4f9b-9e3e-e4a48b3eda51@group-7E32184879DE-LeaderElection29] INFO  impl.RoleInfo (RoleInfo.java:shutdownLeaderElection(134)) - f535bb4a-cba0-4f9b-9e3e-e4a48b3eda51: shutdown LeaderElection
2019-10-18 11:24:14,752 [f535bb4a-cba0-4f9b-9e3e-e4a48b3eda51@group-7E32184879DE-LeaderElection29] INFO  impl.RoleInfo (RoleInfo.java:updateAndGet(143)) - f535bb4a-cba0-4f9b-9e3e-e4a48b3eda51: start FollowerState
2019-10-18 11:24:14,921 [Thread-237] INFO  impl.FollowerState (FollowerState.java:run(108)) - f535bb4a-cba0-4f9b-9e3e-e4a48b3eda51@group-7E32184879DE-FollowerState: change to CANDIDATE, lastRpcTime:168ms, electionTimeout:168ms
2019-10-18 11:24:14,922 [Thread-237] INFO  impl.RoleInfo (RoleInfo.java:shutdownFollowerState(121)) - f535bb4a-cba0-4f9b-9e3e-e4a48b3eda51: shutdown FollowerState
2019-10-18 11:24:14,922 [Thread-237] INFO  impl.RaftServerImpl (RaftServerImpl.java:setRole(184)) - f535bb4a-cba0-4f9b-9e3e-e4a48b3eda51@group-7E32184879DE: changes role from  FOLLOWER to CANDIDATE at term 35 for changeToCandidate
2019-10-18 11:24:14,922 [Thread-237] INFO  impl.RoleInfo (RoleInfo.java:updateAndGet(143)) - f535bb4a-cba0-4f9b-9e3e-e4a48b3eda51: start LeaderElection
2019-10-18 11:24:14,946 [f535bb4a-cba0-4f9b-9e3e-e4a48b3eda51@group-7E32184879DE-LeaderElection30] INFO  impl.LeaderElection (LeaderElection.java:askForVotes(178)) - f535bb4a-cba0-4f9b-9e3e-e4a48b3eda51@group-7E32184879DE-LeaderElection30: begin an election at term 36 for -1: [f535bb4a-cba0-4f9b-9e3e-e4a48b3eda51:0.0.0.0:44706, 54aabb14-4a7d-4ab3-adbe-2e67760b87f4:0.0.0.0:43074, c652e2ee-3322-4406-8db6-1ea643cb3197:0.0.0.0:42129], old=null
2019-10-18 11:24:14,950 [f535bb4a-cba0-4f9b-9e3e-e4a48b3eda51@group-7E32184879DE-LeaderElection30] INFO  impl.LeaderElection (LeaderElection.java:logAndReturn(56)) - f535bb4a-cba0-4f9b-9e3e-e4a48b3eda51@group-7E32184879DE-LeaderElection30: Election TIMEOUT; received 0 response(s) [] and 0 exception(s); f535bb4a-cba0-4f9b-9e3e-e4a48b3eda51@group-7E32184879DE:t36, leader=null, voted=f535bb4a-cba0-4f9b-9e3e-e4a48b3eda51, raftlog=f535bb4a-cba0-4f9b-9e3e-e4a48b3eda51@group-7E32184879DE-SegmentedRaftLog:OPENED:c-1,f-1,i0, conf=-1: [f535bb4a-cba0-4f9b-9e3e-e4a48b3eda51:0.0.0.0:44706, 54aabb14-4a7d-4ab3-adbe-2e67760b87f4:0.0.0.0:43074, c652e2ee-3322-4406-8db6-1ea643cb3197:0.0.0.0:42129], old=null
2019-10-18 11:24:14,950 [grpc-default-executor-3] INFO  impl.RaftServerImpl (RaftServerImpl.java:setRole(184)) - 54aabb14-4a7d-4ab3-adbe-2e67760b87f4@group-7E32184879DE: changes role from  FOLLOWER to FOLLOWER at term 36 for recognizeCandidate:f535bb4a-cba0-4f9b-9e3e-e4a48b3eda51
2019-10-18 11:24:14,950 [grpc-default-executor-3] INFO  impl.RoleInfo (RoleInfo.java:shutdownFollowerState(121)) - 54aabb14-4a7d-4ab3-adbe-2e67760b87f4: shutdown FollowerState
2019-10-18 11:24:14,950 [grpc-default-executor-1] INFO  impl.RaftServerImpl (RaftServerImpl.java:setRole(184)) - c652e2ee-3322-4406-8db6-1ea643cb3197@group-7E32184879DE: changes role from  FOLLOWER to FOLLOWER at term 36 for recognizeCandidate:f535bb4a-cba0-4f9b-9e3e-e4a48b3eda51
2019-10-18 11:24:14,951 [grpc-default-executor-1] INFO  impl.RoleInfo (RoleInfo.java:shutdownFollowerState(121)) - c652e2ee-3322-4406-8db6-1ea643cb3197: shutdown FollowerState
2019-10-18 11:24:14,951 [Thread-235] INFO  impl.FollowerState (FollowerState.java:run(117)) - 54aabb14-4a7d-4ab3-adbe-2e67760b87f4@group-7E32184879DE-FollowerState was interrupted: java.lang.InterruptedException: sleep interrupted
2019-10-18 11:24:14,951 [Thread-236] INFO  impl.FollowerState (FollowerState.java:run(117)) - c652e2ee-3322-4406-8db6-1ea643cb3197@group-7E32184879DE-FollowerState was interrupted: java.lang.InterruptedException: sleep interrupted
2019-10-18 11:24:14,951 [grpc-default-executor-3] INFO  impl.RoleInfo (RoleInfo.java:updateAndGet(143)) - 54aabb14-4a7d-4ab3-adbe-2e67760b87f4: start FollowerState
2019-10-18 11:24:14,951 [grpc-default-executor-1] INFO  impl.RoleInfo (RoleInfo.java:updateAndGet(143)) - c652e2ee-3322-4406-8db6-1ea643cb3197: start FollowerState
2019-10-18 11:24:14,974 [f535bb4a-cba0-4f9b-9e3e-e4a48b3eda51@group-7E32184879DE-LeaderElection30] INFO  impl.LeaderElection (LeaderElection.java:askForVotes(178)) - f535bb4a-cba0-4f9b-9e3e-e4a48b3eda51@group-7E32184879DE-LeaderElection30: begin an election at term 37 for -1: [f535bb4a-cba0-4f9b-9e3e-e4a48b3eda51:0.0.0.0:44706, 54aabb14-4a7d-4ab3-adbe-2e67760b87f4:0.0.0.0:43074, c652e2ee-3322-4406-8db6-1ea643cb3197:0.0.0.0:42129], old=null
2019-10-18 11:24:14,977 [grpc-default-executor-1] INFO  impl.RaftServerImpl (RaftServerImpl.java:setRole(184)) - c652e2ee-3322-4406-8db6-1ea643cb3197@group-7E32184879DE: changes role from  FOLLOWER to FOLLOWER at term 37 for recognizeCandidate:f535bb4a-cba0-4f9b-9e3e-e4a48b3eda51
2019-10-18 11:24:14,977 [grpc-default-executor-1] INFO  impl.RoleInfo (RoleInfo.java:shutdownFollowerState(121)) - c652e2ee-3322-4406-8db6-1ea643cb3197: shutdown FollowerState
2019-10-18 11:24:14,977 [grpc-default-executor-1] INFO  impl.RoleInfo (RoleInfo.java:updateAndGet(143)) - c652e2ee-3322-4406-8db6-1ea643cb3197: start FollowerState
2019-10-18 11:24:14,977 [Thread-244] INFO  impl.FollowerState (FollowerState.java:run(117)) - c652e2ee-3322-4406-8db6-1ea643cb3197@group-7E32184879DE-FollowerState was interrupted: java.lang.InterruptedException: sleep interrupted
2019-10-18 11:24:14,978 [grpc-default-executor-3] INFO  impl.RaftServerImpl (RaftServerImpl.java:setRole(184)) - 54aabb14-4a7d-4ab3-adbe-2e67760b87f4@group-7E32184879DE: changes role from  FOLLOWER to FOLLOWER at term 37 for recognizeCandidate:f535bb4a-cba0-4f9b-9e3e-e4a48b3eda51
2019-10-18 11:24:14,978 [grpc-default-executor-3] INFO  impl.RoleInfo (RoleInfo.java:shutdownFollowerState(121)) - 54aabb14-4a7d-4ab3-adbe-2e67760b87f4: shutdown FollowerState
2019-10-18 11:24:14,978 [grpc-default-executor-3] INFO  impl.RoleInfo (RoleInfo.java:updateAndGet(143)) - 54aabb14-4a7d-4ab3-adbe-2e67760b87f4: start FollowerState
2019-10-18 11:24:14,978 [Thread-243] INFO  impl.FollowerState (FollowerState.java:run(117)) - 54aabb14-4a7d-4ab3-adbe-2e67760b87f4@group-7E32184879DE-FollowerState was interrupted: java.lang.InterruptedException: sleep interrupted
2019-10-18 11:24:14,995 [f535bb4a-cba0-4f9b-9e3e-e4a48b3eda51@group-7E32184879DE-LeaderElection30] INFO  impl.LeaderElection (LeaderElection.java:logAndReturn(56)) - f535bb4a-cba0-4f9b-9e3e-e4a48b3eda51@group-7E32184879DE-LeaderElection30: Election REJECTED; received 2 response(s) [f535bb4a-cba0-4f9b-9e3e-e4a48b3eda51<-54aabb14-4a7d-4ab3-adbe-2e67760b87f4#0:FAIL-t37, f535bb4a-cba0-4f9b-9e3e-e4a48b3eda51<-c652e2ee-3322-4406-8db6-1ea643cb3197#0:FAIL-t37] and 0 exception(s); f535bb4a-cba0-4f9b-9e3e-e4a48b3eda51@group-7E32184879DE:t37, leader=null, voted=f535bb4a-cba0-4f9b-9e3e-e4a48b3eda51, raftlog=f535bb4a-cba0-4f9b-9e3e-e4a48b3eda51@group-7E32184879DE-SegmentedRaftLog:OPENED:c-1,f-1,i0, conf=-1: [f535bb4a-cba0-4f9b-9e3e-e4a48b3eda51:0.0.0.0:44706, 54aabb14-4a7d-4ab3-adbe-2e67760b87f4:0.0.0.0:43074, c652e2ee-3322-4406-8db6-1ea643cb3197:0.0.0.0:42129], old=null
2019-10-18 11:24:14,995 [f535bb4a-cba0-4f9b-9e3e-e4a48b3eda51@group-7E32184879DE-LeaderElection30] INFO  impl.RaftServerImpl (RaftServerImpl.java:setRole(184)) - f535bb4a-cba0-4f9b-9e3e-e4a48b3eda51@group-7E32184879DE: changes role from CANDIDATE to FOLLOWER at term 37 for DISCOVERED_A_NEW_TERM
2019-10-18 11:24:14,995 [f535bb4a-cba0-4f9b-9e3e-e4a48b3eda51@group-7E32184879DE-LeaderElection30] INFO  impl.RoleInfo (RoleInfo.java:shutdownLeaderElection(134)) - f535bb4a-cba0-4f9b-9e3e-e4a48b3eda51: shutdown LeaderElection
2019-10-18 11:24:14,995 [f535bb4a-cba0-4f9b-9e3e-e4a48b3eda51@group-7E32184879DE-LeaderElection30] INFO  impl.RoleInfo (RoleInfo.java:updateAndGet(143)) - f535bb4a-cba0-4f9b-9e3e-e4a48b3eda51: start FollowerState
2019-10-18 11:24:15,075 [Thread-249] INFO  impl.FollowerState (FollowerState.java:run(108)) - f535bb4a-cba0-4f9b-9e3e-e4a48b3eda51@group-7E32184879DE-FollowerState: change to CANDIDATE, lastRpcTime:79ms, electionTimeout:79ms
2019-10-18 11:24:15,076 [Thread-249] INFO  impl.RoleInfo (RoleInfo.java:shutdownFollowerState(121)) - f535bb4a-cba0-4f9b-9e3e-e4a48b3eda51: shutdown FollowerState
2019-10-18 11:24:15,076 [Thread-249] INFO  impl.RaftServerImpl (RaftServerImpl.java:setRole(184)) - f535bb4a-cba0-4f9b-9e3e-e4a48b3eda51@group-7E32184879DE: changes role from  FOLLOWER to CANDIDATE at term 37 for changeToCandidate
2019-10-18 11:24:15,076 [Thread-249] INFO  impl.RoleInfo (RoleInfo.java:updateAndGet(143)) - f535bb4a-cba0-4f9b-9e3e-e4a48b3eda51: start LeaderElection
2019-10-18 11:24:15,099 [f535bb4a-cba0-4f9b-9e3e-e4a48b3eda51@group-7E32184879DE-LeaderElection31] INFO  impl.LeaderElection (LeaderElection.java:askForVotes(178)) - f535bb4a-cba0-4f9b-9e3e-e4a48b3eda51@group-7E32184879DE-LeaderElection31: begin an election at term 38 for -1: [f535bb4a-cba0-4f9b-9e3e-e4a48b3eda51:0.0.0.0:44706, 54aabb14-4a7d-4ab3-adbe-2e67760b87f4:0.0.0.0:43074, c652e2ee-3322-4406-8db6-1ea643cb3197:0.0.0.0:42129], old=null
2019-10-18 11:24:15,102 [grpc-default-executor-1] INFO  impl.RaftServerImpl (RaftServerImpl.java:setRole(184)) - 54aabb14-4a7d-4ab3-adbe-2e67760b87f4@group-7E32184879DE: changes role from  FOLLOWER to FOLLOWER at term 38 for recognizeCandidate:f535bb4a-cba0-4f9b-9e3e-e4a48b3eda51
2019-10-18 11:24:15,102 [grpc-default-executor-1] INFO  impl.RoleInfo (RoleInfo.java:shutdownFollowerState(121)) - 54aabb14-4a7d-4ab3-adbe-2e67760b87f4: shutdown FollowerState
2019-10-18 11:24:15,102 [grpc-default-executor-3] INFO  impl.RaftServerImpl (RaftServerImpl.java:setRole(184)) - c652e2ee-3322-4406-8db6-1ea643cb3197@group-7E32184879DE: changes role from  FOLLOWER to FOLLOWER at term 38 for recognizeCandidate:f535bb4a-cba0-4f9b-9e3e-e4a48b3eda51
2019-10-18 11:24:15,103 [Thread-248] INFO  impl.FollowerState (FollowerState.java:run(117)) - 54aabb14-4a7d-4ab3-adbe-2e67760b87f4@group-7E32184879DE-FollowerState was interrupted: java.lang.InterruptedException: sleep interrupted
2019-10-18 11:24:15,103 [grpc-default-executor-1] INFO  impl.RoleInfo (RoleInfo.java:updateAndGet(143)) - 54aabb14-4a7d-4ab3-adbe-2e67760b87f4: start FollowerState
2019-10-18 11:24:15,103 [grpc-default-executor-3] INFO  impl.RoleInfo (RoleInfo.java:shutdownFollowerState(121)) - c652e2ee-3322-4406-8db6-1ea643cb3197: shutdown FollowerState
2019-10-18 11:24:15,103 [grpc-default-executor-3] INFO  impl.RoleInfo (RoleInfo.java:updateAndGet(143)) - c652e2ee-3322-4406-8db6-1ea643cb3197: start FollowerState
2019-10-18 11:24:15,103 [Thread-247] INFO  impl.FollowerState (FollowerState.java:run(117)) - c652e2ee-3322-4406-8db6-1ea643cb3197@group-7E32184879DE-FollowerState was interrupted: java.lang.InterruptedException: sleep interrupted
2019-10-18 11:24:15,128 [f535bb4a-cba0-4f9b-9e3e-e4a48b3eda51@group-7E32184879DE-LeaderElection31] INFO  impl.LeaderElection (LeaderElection.java:logAndReturn(56)) - f535bb4a-cba0-4f9b-9e3e-e4a48b3eda51@group-7E32184879DE-LeaderElection31: Election REJECTED; received 2 response(s) [f535bb4a-cba0-4f9b-9e3e-e4a48b3eda51<-54aabb14-4a7d-4ab3-adbe-2e67760b87f4#0:FAIL-t38, f535bb4a-cba0-4f9b-9e3e-e4a48b3eda51<-c652e2ee-3322-4406-8db6-1ea643cb3197#0:FAIL-t38] and 0 exception(s); f535bb4a-cba0-4f9b-9e3e-e4a48b3eda51@group-7E32184879DE:t38, leader=null, voted=f535bb4a-cba0-4f9b-9e3e-e4a48b3eda51, raftlog=f535bb4a-cba0-4f9b-9e3e-e4a48b3eda51@group-7E32184879DE-SegmentedRaftLog:OPENED:c-1,f-1,i0, conf=-1: [f535bb4a-cba0-4f9b-9e3e-e4a48b3eda51:0.0.0.0:44706, 54aabb14-4a7d-4ab3-adbe-2e67760b87f4:0.0.0.0:43074, c652e2ee-3322-4406-8db6-1ea643cb3197:0.0.0.0:42129], old=null
2019-10-18 11:24:15,128 [f535bb4a-cba0-4f9b-9e3e-e4a48b3eda51@group-7E32184879DE-LeaderElection31] INFO  impl.RaftServerImpl (RaftServerImpl.java:setRole(184)) - f535bb4a-cba0-4f9b-9e3e-e4a48b3eda51@group-7E32184879DE: changes role from CANDIDATE to FOLLOWER at term 38 for DISCOVERED_A_NEW_TERM
2019-10-18 11:24:15,128 [f535bb4a-cba0-4f9b-9e3e-e4a48b3eda51@group-7E32184879DE-LeaderElection31] INFO  impl.RoleInfo (RoleInfo.java:shutdownLeaderElection(134)) - f535bb4a-cba0-4f9b-9e3e-e4a48b3eda51: shutdown LeaderElection
2019-10-18 11:24:15,128 [f535bb4a-cba0-4f9b-9e3e-e4a48b3eda51@group-7E32184879DE-LeaderElection31] INFO  impl.RoleInfo (RoleInfo.java:updateAndGet(143)) - f535bb4a-cba0-4f9b-9e3e-e4a48b3eda51: start FollowerState
2019-10-18 11:24:15,208 [Thread-255] INFO  impl.FollowerState (FollowerState.java:run(108)) - f535bb4a-cba0-4f9b-9e3e-e4a48b3eda51@group-7E32184879DE-FollowerState: change to CANDIDATE, lastRpcTime:79ms, electionTimeout:79ms
2019-10-18 11:24:15,209 [Thread-255] INFO  impl.RoleInfo (RoleInfo.java:shutdownFollowerState(121)) - f535bb4a-cba0-4f9b-9e3e-e4a48b3eda51: shutdown FollowerState
2019-10-18 11:24:15,209 [Thread-255] INFO  impl.RaftServerImpl (RaftServerImpl.java:setRole(184)) - f535bb4a-cba0-4f9b-9e3e-e4a48b3eda51@group-7E32184879DE: changes role from  FOLLOWER to CANDIDATE at term 38 for changeToCandidate
2019-10-18 11:24:15,209 [Thread-255] INFO  impl.RoleInfo (RoleInfo.java:updateAndGet(143)) - f535bb4a-cba0-4f9b-9e3e-e4a48b3eda51: start LeaderElection
2019-10-18 11:24:15,233 [f535bb4a-cba0-4f9b-9e3e-e4a48b3eda51@group-7E32184879DE-LeaderElection32] INFO  impl.LeaderElection (LeaderElection.java:askForVotes(178)) - f535bb4a-cba0-4f9b-9e3e-e4a48b3eda51@group-7E32184879DE-LeaderElection32: begin an election at term 39 for -1: [f535bb4a-cba0-4f9b-9e3e-e4a48b3eda51:0.0.0.0:44706, 54aabb14-4a7d-4ab3-adbe-2e67760b87f4:0.0.0.0:43074, c652e2ee-3322-4406-8db6-1ea643cb3197:0.0.0.0:42129], old=null
2019-10-18 11:24:15,237 [grpc-default-executor-1] INFO  impl.RaftServerImpl (RaftServerImpl.java:setRole(184)) - c652e2ee-3322-4406-8db6-1ea643cb3197@group-7E32184879DE: changes role from  FOLLOWER to FOLLOWER at term 39 for recognizeCandidate:f535bb4a-cba0-4f9b-9e3e-e4a48b3eda51
2019-10-18 11:24:15,237 [grpc-default-executor-3] INFO  impl.RaftServerImpl (RaftServerImpl.java:setRole(184)) - 54aabb14-4a7d-4ab3-adbe-2e67760b87f4@group-7E32184879DE: changes role from  FOLLOWER to FOLLOWER at term 39 for recognizeCandidate:f535bb4a-cba0-4f9b-9e3e-e4a48b3eda51
2019-10-18 11:24:15,237 [grpc-default-executor-1] INFO  impl.RoleInfo (RoleInfo.java:shutdownFollowerState(121)) - c652e2ee-3322-4406-8db6-1ea643cb3197: shutdown FollowerState
2019-10-18 11:24:15,237 [grpc-default-executor-3] INFO  impl.RoleInfo (RoleInfo.java:shutdownFollowerState(121)) - 54aabb14-4a7d-4ab3-adbe-2e67760b87f4: shutdown FollowerState
2019-10-18 11:24:15,237 [grpc-default-executor-1] INFO  impl.RoleInfo (RoleInfo.java:updateAndGet(143)) - c652e2ee-3322-4406-8db6-1ea643cb3197: start FollowerState
2019-10-18 11:24:15,237 [Thread-254] INFO  impl.FollowerState (FollowerState.java:run(117)) - c652e2ee-3322-4406-8db6-1ea643cb3197@group-7E32184879DE-FollowerState was interrupted: java.lang.InterruptedException: sleep interrupted
2019-10-18 11:24:15,237 [Thread-253] INFO  impl.FollowerState (FollowerState.java:run(117)) - 54aabb14-4a7d-4ab3-adbe-2e67760b87f4@group-7E32184879DE-FollowerState was interrupted: java.lang.InterruptedException: sleep interrupted
2019-10-18 11:24:15,237 [grpc-default-executor-3] INFO  impl.RoleInfo (RoleInfo.java:updateAndGet(143)) - 54aabb14-4a7d-4ab3-adbe-2e67760b87f4: start FollowerState
2019-10-18 11:24:15,283 [f535bb4a-cba0-4f9b-9e3e-e4a48b3eda51@group-7E32184879DE-LeaderElection32] INFO  impl.LeaderElection (LeaderElection.java:logAndReturn(56)) - f535bb4a-cba0-4f9b-9e3e-e4a48b3eda51@group-7E32184879DE-LeaderElection32: Election REJECTED; received 2 response(s) [f535bb4a-cba0-4f9b-9e3e-e4a48b3eda51<-54aabb14-4a7d-4ab3-adbe-2e67760b87f4#0:FAIL-t39, f535bb4a-cba0-4f9b-9e3e-e4a48b3eda51<-c652e2ee-3322-4406-8db6-1ea643cb3197#0:FAIL-t39] and 0 exception(s); f535bb4a-cba0-4f9b-9e3e-e4a48b3eda51@group-7E32184879DE:t39, leader=null, voted=f535bb4a-cba0-4f9b-9e3e-e4a48b3eda51, raftlog=f535bb4a-cba0-4f9b-9e3e-e4a48b3eda51@group-7E32184879DE-SegmentedRaftLog:OPENED:c-1,f-1,i0, conf=-1: [f535bb4a-cba0-4f9b-9e3e-e4a48b3eda51:0.0.0.0:44706, 54aabb14-4a7d-4ab3-adbe-2e67760b87f4:0.0.0.0:43074, c652e2ee-3322-4406-8db6-1ea643cb3197:0.0.0.0:42129], old=null
2019-10-18 11:24:15,283 [f535bb4a-cba0-4f9b-9e3e-e4a48b3eda51@group-7E32184879DE-LeaderElection32] INFO  impl.RaftServerImpl (RaftServerImpl.java:setRole(184)) - f535bb4a-cba0-4f9b-9e3e-e4a48b3eda51@group-7E32184879DE: changes role from CANDIDATE to FOLLOWER at term 39 for DISCOVERED_A_NEW_TERM
2019-10-18 11:24:15,283 [f535bb4a-cba0-4f9b-9e3e-e4a48b3eda51@group-7E32184879DE-LeaderElection32] INFO  impl.RoleInfo (RoleInfo.java:shutdownLeaderElection(134)) - f535bb4a-cba0-4f9b-9e3e-e4a48b3eda51: shutdown LeaderElection
2019-10-18 11:24:15,283 [f535bb4a-cba0-4f9b-9e3e-e4a48b3eda51@group-7E32184879DE-LeaderElection32] INFO  impl.RoleInfo (RoleInfo.java:updateAndGet(143)) - f535bb4a-cba0-4f9b-9e3e-e4a48b3eda51: start FollowerState
2019-10-18 11:24:15,370 [Thread-261] INFO  impl.FollowerState (FollowerState.java:run(108)) - f535bb4a-cba0-4f9b-9e3e-e4a48b3eda51@group-7E32184879DE-FollowerState: change to CANDIDATE, lastRpcTime:86ms, electionTimeout:86ms
2019-10-18 11:24:15,372 [Thread-261] INFO  impl.RoleInfo (RoleInfo.java:shutdownFollowerState(121)) - f535bb4a-cba0-4f9b-9e3e-e4a48b3eda51: shutdown FollowerState
2019-10-18 11:24:15,372 [Thread-261] INFO  impl.RaftServerImpl (RaftServerImpl.java:setRole(184)) - f535bb4a-cba0-4f9b-9e3e-e4a48b3eda51@group-7E32184879DE: changes role from  FOLLOWER to CANDIDATE at term 39 for changeToCandidate
2019-10-18 11:24:15,372 [Thread-261] INFO  impl.RoleInfo (RoleInfo.java:updateAndGet(143)) - f535bb4a-cba0-4f9b-9e3e-e4a48b3eda51: start LeaderElection
2019-10-18 11:24:15,407 [f535bb4a-cba0-4f9b-9e3e-e4a48b3eda51@group-7E32184879DE-LeaderElection33] INFO  impl.LeaderElection (LeaderElection.java:askForVotes(178)) - f535bb4a-cba0-4f9b-9e3e-e4a48b3eda51@group-7E32184879DE-LeaderElection33: begin an election at term 40 for -1: [f535bb4a-cba0-4f9b-9e3e-e4a48b3eda51:0.0.0.0:44706, 54aabb14-4a7d-4ab3-adbe-2e67760b87f4:0.0.0.0:43074, c652e2ee-3322-4406-8db6-1ea643cb3197:0.0.0.0:42129], old=null
2019-10-18 11:24:15,410 [grpc-default-executor-1] INFO  impl.RaftServerImpl (RaftServerImpl.java:setRole(184)) - 54aabb14-4a7d-4ab3-adbe-2e67760b87f4@group-7E32184879DE: changes role from  FOLLOWER to FOLLOWER at term 40 for recognizeCandidate:f535bb4a-cba0-4f9b-9e3e-e4a48b3eda51
2019-10-18 11:24:15,410 [grpc-default-executor-1] INFO  impl.RoleInfo (RoleInfo.java:shutdownFollowerState(121)) - 54aabb14-4a7d-4ab3-adbe-2e67760b87f4: shutdown FollowerState
2019-10-18 11:24:15,410 [grpc-default-executor-1] INFO  impl.RoleInfo (RoleInfo.java:updateAndGet(143)) - 54aabb14-4a7d-4ab3-adbe-2e67760b87f4: start FollowerState
2019-10-18 11:24:15,410 [Thread-260] INFO  impl.FollowerState (FollowerState.java:run(117)) - 54aabb14-4a7d-4ab3-adbe-2e67760b87f4@group-7E32184879DE-FollowerState was interrupted: java.lang.InterruptedException: sleep interrupted
2019-10-18 11:24:15,413 [grpc-default-executor-3] INFO  impl.RaftServerImpl (RaftServerImpl.java:setRole(184)) - c652e2ee-3322-4406-8db6-1ea643cb3197@group-7E32184879DE: changes role from  FOLLOWER to FOLLOWER at term 40 for recognizeCandidate:f535bb4a-cba0-4f9b-9e3e-e4a48b3eda51
2019-10-18 11:24:15,413 [grpc-default-executor-3] INFO  impl.RoleInfo (RoleInfo.java:shutdownFollowerState(121)) - c652e2ee-3322-4406-8db6-1ea643cb3197: shutdown FollowerState
2019-10-18 11:24:15,413 [grpc-default-executor-3] INFO  impl.RoleInfo (RoleInfo.java:updateAndGet(143)) - c652e2ee-3322-4406-8db6-1ea643cb3197: start FollowerState
2019-10-18 11:24:15,413 [Thread-259] INFO  impl.FollowerState (FollowerState.java:run(117)) - c652e2ee-3322-4406-8db6-1ea643cb3197@group-7E32184879DE-FollowerState was interrupted: java.lang.InterruptedException: sleep interrupted
2019-10-18 11:24:15,426 [f535bb4a-cba0-4f9b-9e3e-e4a48b3eda51@group-7E32184879DE-LeaderElection33] INFO  impl.LeaderElection (LeaderElection.java:logAndReturn(56)) - f535bb4a-cba0-4f9b-9e3e-e4a48b3eda51@group-7E32184879DE-LeaderElection33: Election REJECTED; received 2 response(s) [f535bb4a-cba0-4f9b-9e3e-e4a48b3eda51<-54aabb14-4a7d-4ab3-adbe-2e67760b87f4#0:FAIL-t40, f535bb4a-cba0-4f9b-9e3e-e4a48b3eda51<-c652e2ee-3322-4406-8db6-1ea643cb3197#0:FAIL-t40] and 0 exception(s); f535bb4a-cba0-4f9b-9e3e-e4a48b3eda51@group-7E32184879DE:t40, leader=null, voted=f535bb4a-cba0-4f9b-9e3e-e4a48b3eda51, raftlog=f535bb4a-cba0-4f9b-9e3e-e4a48b3eda51@group-7E32184879DE-SegmentedRaftLog:OPENED:c-1,f-1,i0, conf=-1: [f535bb4a-cba0-4f9b-9e3e-e4a48b3eda51:0.0.0.0:44706, 54aabb14-4a7d-4ab3-adbe-2e67760b87f4:0.0.0.0:43074, c652e2ee-3322-4406-8db6-1ea643cb3197:0.0.0.0:42129], old=null
2019-10-18 11:24:15,427 [f535bb4a-cba0-4f9b-9e3e-e4a48b3eda51@group-7E32184879DE-LeaderElection33] INFO  impl.RaftServerImpl (RaftServerImpl.java:setRole(184)) - f535bb4a-cba0-4f9b-9e3e-e4a48b3eda51@group-7E32184879DE: changes role from CANDIDATE to FOLLOWER at term 40 for DISCOVERED_A_NEW_TERM
2019-10-18 11:24:15,427 [f535bb4a-cba0-4f9b-9e3e-e4a48b3eda51@group-7E32184879DE-LeaderElection33] INFO  impl.RoleInfo (RoleInfo.java:shutdownLeaderElection(134)) - f535bb4a-cba0-4f9b-9e3e-e4a48b3eda51: shutdown LeaderElection
2019-10-18 11:24:15,427 [f535bb4a-cba0-4f9b-9e3e-e4a48b3eda51@group-7E32184879DE-LeaderElection33] INFO  impl.RoleInfo (RoleInfo.java:updateAndGet(143)) - f535bb4a-cba0-4f9b-9e3e-e4a48b3eda51: start FollowerState
2019-10-18 11:24:15,531 [Thread-267] INFO  impl.FollowerState (FollowerState.java:run(108)) - f535bb4a-cba0-4f9b-9e3e-e4a48b3eda51@group-7E32184879DE-FollowerState: change to CANDIDATE, lastRpcTime:104ms, electionTimeout:104ms
2019-10-18 11:24:15,531 [Thread-267] INFO  impl.RoleInfo (RoleInfo.java:shutdownFollowerState(121)) - f535bb4a-cba0-4f9b-9e3e-e4a48b3eda51: shutdown FollowerState
2019-10-18 11:24:15,532 [Thread-267] INFO  impl.RaftServerImpl (RaftServerImpl.java:setRole(184)) - f535bb4a-cba0-4f9b-9e3e-e4a48b3eda51@group-7E32184879DE: changes role from  FOLLOWER to CANDIDATE at term 40 for changeToCandidate
2019-10-18 11:24:15,532 [Thread-267] INFO  impl.RoleInfo (RoleInfo.java:updateAndGet(143)) - f535bb4a-cba0-4f9b-9e3e-e4a48b3eda51: start LeaderElection
2019-10-18 11:24:15,558 [f535bb4a-cba0-4f9b-9e3e-e4a48b3eda51@group-7E32184879DE-LeaderElection34] INFO  impl.LeaderElection (LeaderElection.java:askForVotes(178)) - f535bb4a-cba0-4f9b-9e3e-e4a48b3eda51@group-7E32184879DE-LeaderElection34: begin an election at term 41 for -1: [f535bb4a-cba0-4f9b-9e3e-e4a48b3eda51:0.0.0.0:44706, 54aabb14-4a7d-4ab3-adbe-2e67760b87f4:0.0.0.0:43074, c652e2ee-3322-4406-8db6-1ea643cb3197:0.0.0.0:42129], old=null
2019-10-18 11:24:15,562 [grpc-default-executor-1] INFO  impl.RaftServerImpl (RaftServerImpl.java:setRole(184)) - 54aabb14-4a7d-4ab3-adbe-2e67760b87f4@group-7E32184879DE: changes role from  FOLLOWER to FOLLOWER at term 41 for recognizeCandidate:f535bb4a-cba0-4f9b-9e3e-e4a48b3eda51
2019-10-18 11:24:15,562 [grpc-default-executor-1] INFO  impl.RoleInfo (RoleInfo.java:shutdownFollowerState(121)) - 54aabb14-4a7d-4ab3-adbe-2e67760b87f4: shutdown FollowerState
2019-10-18 11:24:15,562 [grpc-default-executor-3] INFO  impl.RaftServerImpl (RaftServerImpl.java:setRole(184)) - c652e2ee-3322-4406-8db6-1ea643cb3197@group-7E32184879DE: changes role from  FOLLOWER to FOLLOWER at term 41 for recognizeCandidate:f535bb4a-cba0-4f9b-9e3e-e4a48b3eda51
2019-10-18 11:24:15,562 [grpc-default-executor-1] INFO  impl.RoleInfo (RoleInfo.java:updateAndGet(143)) - 54aabb14-4a7d-4ab3-adbe-2e67760b87f4: start FollowerState
2019-10-18 11:24:15,562 [Thread-265] INFO  impl.FollowerState (FollowerState.java:run(117)) - 54aabb14-4a7d-4ab3-adbe-2e67760b87f4@group-7E32184879DE-FollowerState was interrupted: java.lang.InterruptedException: sleep interrupted
2019-10-18 11:24:15,562 [grpc-default-executor-3] INFO  impl.RoleInfo (RoleInfo.java:shutdownFollowerState(121)) - c652e2ee-3322-4406-8db6-1ea643cb3197: shutdown FollowerState
2019-10-18 11:24:15,563 [grpc-default-executor-3] INFO  impl.RoleInfo (RoleInfo.java:updateAndGet(143)) - c652e2ee-3322-4406-8db6-1ea643cb3197: start FollowerState
2019-10-18 11:24:15,563 [Thread-266] INFO  impl.FollowerState (FollowerState.java:run(117)) - c652e2ee-3322-4406-8db6-1ea643cb3197@group-7E32184879DE-FollowerState was interrupted: java.lang.InterruptedException: sleep interrupted
2019-10-18 11:24:15,585 [f535bb4a-cba0-4f9b-9e3e-e4a48b3eda51@group-7E32184879DE-LeaderElection34] INFO  impl.LeaderElection (LeaderElection.java:logAndReturn(56)) - f535bb4a-cba0-4f9b-9e3e-e4a48b3eda51@group-7E32184879DE-LeaderElection34: Election REJECTED; received 2 response(s) [f535bb4a-cba0-4f9b-9e3e-e4a48b3eda51<-54aabb14-4a7d-4ab3-adbe-2e67760b87f4#0:FAIL-t41, f535bb4a-cba0-4f9b-9e3e-e4a48b3eda51<-c652e2ee-3322-4406-8db6-1ea643cb3197#0:FAIL-t41] and 0 exception(s); f535bb4a-cba0-4f9b-9e3e-e4a48b3eda51@group-7E32184879DE:t41, leader=null, voted=f535bb4a-cba0-4f9b-9e3e-e4a48b3eda51, raftlog=f535bb4a-cba0-4f9b-9e3e-e4a48b3eda51@group-7E32184879DE-SegmentedRaftLog:OPENED:c-1,f-1,i0, conf=-1: [f535bb4a-cba0-4f9b-9e3e-e4a48b3eda51:0.0.0.0:44706, 54aabb14-4a7d-4ab3-adbe-2e67760b87f4:0.0.0.0:43074, c652e2ee-3322-4406-8db6-1ea643cb3197:0.0.0.0:42129], old=null
2019-10-18 11:24:15,586 [f535bb4a-cba0-4f9b-9e3e-e4a48b3eda51@group-7E32184879DE-LeaderElection34] INFO  impl.RaftServerImpl (RaftServerImpl.java:setRole(184)) - f535bb4a-cba0-4f9b-9e3e-e4a48b3eda51@group-7E32184879DE: changes role from CANDIDATE to FOLLOWER at term 41 for DISCOVERED_A_NEW_TERM
2019-10-18 11:24:15,586 [f535bb4a-cba0-4f9b-9e3e-e4a48b3eda51@group-7E32184879DE-LeaderElection34] INFO  impl.RoleInfo (RoleInfo.java:shutdownLeaderElection(134)) - f535bb4a-cba0-4f9b-9e3e-e4a48b3eda51: shutdown LeaderElection
2019-10-18 11:24:15,586 [f535bb4a-cba0-4f9b-9e3e-e4a48b3eda51@group-7E32184879DE-LeaderElection34] INFO  impl.RoleInfo (RoleInfo.java:updateAndGet(143)) - f535bb4a-cba0-4f9b-9e3e-e4a48b3eda51: start FollowerState
2019-10-18 11:24:15,743 [Thread-273] INFO  impl.FollowerState (FollowerState.java:run(108)) - f535bb4a-cba0-4f9b-9e3e-e4a48b3eda51@group-7E32184879DE-FollowerState: change to CANDIDATE, lastRpcTime:156ms, electionTimeout:156ms
2019-10-18 11:24:15,743 [Thread-273] INFO  impl.RoleInfo (RoleInfo.java:shutdownFollowerState(121)) - f535bb4a-cba0-4f9b-9e3e-e4a48b3eda51: shutdown FollowerState
2019-10-18 11:24:15,743 [Thread-273] INFO  impl.RaftServerImpl (RaftServerImpl.java:setRole(184)) - f535bb4a-cba0-4f9b-9e3e-e4a48b3eda51@group-7E32184879DE: changes role from  FOLLOWER to CANDIDATE at term 41 for changeToCandidate
2019-10-18 11:24:15,743 [Thread-273] INFO  impl.RoleInfo (RoleInfo.java:updateAndGet(143)) - f535bb4a-cba0-4f9b-9e3e-e4a48b3eda51: start LeaderElection
2019-10-18 11:24:15,776 [f535bb4a-cba0-4f9b-9e3e-e4a48b3eda51@group-7E32184879DE-LeaderElection35] INFO  impl.LeaderElection (LeaderElection.java:askForVotes(178)) - f535bb4a-cba0-4f9b-9e3e-e4a48b3eda51@group-7E32184879DE-LeaderElection35: begin an election at term 42 for -1: [f535bb4a-cba0-4f9b-9e3e-e4a48b3eda51:0.0.0.0:44706, 54aabb14-4a7d-4ab3-adbe-2e67760b87f4:0.0.0.0:43074, c652e2ee-3322-4406-8db6-1ea643cb3197:0.0.0.0:42129], old=null
2019-10-18 11:24:15,780 [grpc-default-executor-3] INFO  impl.RaftServerImpl (RaftServerImpl.java:setRole(184)) - 54aabb14-4a7d-4ab3-adbe-2e67760b87f4@group-7E32184879DE: changes role from  FOLLOWER to FOLLOWER at term 42 for recognizeCandidate:f535bb4a-cba0-4f9b-9e3e-e4a48b3eda51
2019-10-18 11:24:15,780 [grpc-default-executor-1] INFO  impl.RaftServerImpl (RaftServerImpl.java:setRole(184)) - c652e2ee-3322-4406-8db6-1ea643cb3197@group-7E32184879DE: changes role from  FOLLOWER to FOLLOWER at term 42 for recognizeCandidate:f535bb4a-cba0-4f9b-9e3e-e4a48b3eda51
2019-10-18 11:24:15,780 [grpc-default-executor-3] INFO  impl.RoleInfo (RoleInfo.java:shutdownFollowerState(121)) - 54aabb14-4a7d-4ab3-adbe-2e67760b87f4: shutdown FollowerState
2019-10-18 11:24:15,781 [grpc-default-executor-1] INFO  impl.RoleInfo (RoleInfo.java:shutdownFollowerState(121)) - c652e2ee-3322-4406-8db6-1ea643cb3197: shutdown FollowerState
2019-10-18 11:24:15,781 [Thread-271] INFO  impl.FollowerState (FollowerState.java:run(117)) - 54aabb14-4a7d-4ab3-adbe-2e67760b87f4@group-7E32184879DE-FollowerState was interrupted: java.lang.InterruptedException: sleep interrupted
2019-10-18 11:24:15,781 [grpc-default-executor-3] INFO  impl.RoleInfo (RoleInfo.java:updateAndGet(143)) - 54aabb14-4a7d-4ab3-adbe-2e67760b87f4: start FollowerState
2019-10-18 11:24:15,781 [grpc-default-executor-1] INFO  impl.RoleInfo (RoleInfo.java:updateAndGet(143)) - c652e2ee-3322-4406-8db6-1ea643cb3197: start FollowerState
2019-10-18 11:24:15,781 [Thread-272] INFO  impl.FollowerState (FollowerState.java:run(117)) - c652e2ee-3322-4406-8db6-1ea643cb3197@group-7E32184879DE-FollowerState was interrupted: java.lang.InterruptedException: sleep interrupted
2019-10-18 11:24:15,812 [f535bb4a-cba0-4f9b-9e3e-e4a48b3eda51@group-7E32184879DE-LeaderElection35] INFO  impl.LeaderElection (LeaderElection.java:logAndReturn(56)) - f535bb4a-cba0-4f9b-9e3e-e4a48b3eda51@group-7E32184879DE-LeaderElection35: Election REJECTED; received 2 response(s) [f535bb4a-cba0-4f9b-9e3e-e4a48b3eda51<-54aabb14-4a7d-4ab3-adbe-2e67760b87f4#0:FAIL-t42, f535bb4a-cba0-4f9b-9e3e-e4a48b3eda51<-c652e2ee-3322-4406-8db6-1ea643cb3197#0:FAIL-t42] and 0 exception(s); f535bb4a-cba0-4f9b-9e3e-e4a48b3eda51@group-7E32184879DE:t42, leader=null, voted=f535bb4a-cba0-4f9b-9e3e-e4a48b3eda51, raftlog=f535bb4a-cba0-4f9b-9e3e-e4a48b3eda51@group-7E32184879DE-SegmentedRaftLog:OPENED:c-1,f-1,i0, conf=-1: [f535bb4a-cba0-4f9b-9e3e-e4a48b3eda51:0.0.0.0:44706, 54aabb14-4a7d-4ab3-adbe-2e67760b87f4:0.0.0.0:43074, c652e2ee-3322-4406-8db6-1ea643cb3197:0.0.0.0:42129], old=null
2019-10-18 11:24:15,812 [f535bb4a-cba0-4f9b-9e3e-e4a48b3eda51@group-7E32184879DE-LeaderElection35] INFO  impl.RaftServerImpl (RaftServerImpl.java:setRole(184)) - f535bb4a-cba0-4f9b-9e3e-e4a48b3eda51@group-7E32184879DE: changes role from CANDIDATE to FOLLOWER at term 42 for DISCOVERED_A_NEW_TERM
2019-10-18 11:24:15,813 [f535bb4a-cba0-4f9b-9e3e-e4a48b3eda51@group-7E32184879DE-LeaderElection35] INFO  impl.RoleInfo (RoleInfo.java:shutdownLeaderElection(134)) - f535bb4a-cba0-4f9b-9e3e-e4a48b3eda51: shutdown LeaderElection
2019-10-18 11:24:15,813 [f535bb4a-cba0-4f9b-9e3e-e4a48b3eda51@group-7E32184879DE-LeaderElection35] INFO  impl.RoleInfo (RoleInfo.java:updateAndGet(143)) - f535bb4a-cba0-4f9b-9e3e-e4a48b3eda51: start FollowerState
2019-10-18 11:24:15,994 [Thread-279] INFO  impl.FollowerState (FollowerState.java:run(108)) - f535bb4a-cba0-4f9b-9e3e-e4a48b3eda51@group-7E32184879DE-FollowerState: change to CANDIDATE, lastRpcTime:181ms, electionTimeout:181ms
2019-10-18 11:24:15,995 [Thread-279] INFO  impl.RoleInfo (RoleInfo.java:shutdownFollowerState(121)) - f535bb4a-cba0-4f9b-9e3e-e4a48b3eda51: shutdown FollowerState
2019-10-18 11:24:15,995 [Thread-279] INFO  impl.RaftServerImpl (RaftServerImpl.java:setRole(184)) - f535bb4a-cba0-4f9b-9e3e-e4a48b3eda51@group-7E32184879DE: changes role from  FOLLOWER to CANDIDATE at term 42 for changeToCandidate
2019-10-18 11:24:15,995 [Thread-279] INFO  impl.RoleInfo (RoleInfo.java:updateAndGet(143)) - f535bb4a-cba0-4f9b-9e3e-e4a48b3eda51: start LeaderElection
2019-10-18 11:24:16,027 [f535bb4a-cba0-4f9b-9e3e-e4a48b3eda51@group-7E32184879DE-LeaderElection36] INFO  impl.LeaderElection (LeaderElection.java:askForVotes(178)) - f535bb4a-cba0-4f9b-9e3e-e4a48b3eda51@group-7E32184879DE-LeaderElection36: begin an election at term 43 for -1: [f535bb4a-cba0-4f9b-9e3e-e4a48b3eda51:0.0.0.0:44706, 54aabb14-4a7d-4ab3-adbe-2e67760b87f4:0.0.0.0:43074, c652e2ee-3322-4406-8db6-1ea643cb3197:0.0.0.0:42129], old=null
2019-10-18 11:24:16,030 [grpc-default-executor-1] INFO  impl.RaftServerImpl (RaftServerImpl.java:setRole(184)) - 54aabb14-4a7d-4ab3-adbe-2e67760b87f4@group-7E32184879DE: changes role from  FOLLOWER to FOLLOWER at term 43 for recognizeCandidate:f535bb4a-cba0-4f9b-9e3e-e4a48b3eda51
2019-10-18 11:24:16,031 [grpc-default-executor-3] INFO  impl.RaftServerImpl (RaftServerImpl.java:setRole(184)) - c652e2ee-3322-4406-8db6-1ea643cb3197@group-7E32184879DE: changes role from  FOLLOWER to FOLLOWER at term 43 for recognizeCandidate:f535bb4a-cba0-4f9b-9e3e-e4a48b3eda51
2019-10-18 11:24:16,031 [grpc-default-executor-1] INFO  impl.RoleInfo (RoleInfo.java:shutdownFollowerState(121)) - 54aabb14-4a7d-4ab3-adbe-2e67760b87f4: shutdown FollowerState
2019-10-18 11:24:16,031 [grpc-default-executor-3] INFO  impl.RoleInfo (RoleInfo.java:shutdownFollowerState(121)) - c652e2ee-3322-4406-8db6-1ea643cb3197: shutdown FollowerState
2019-10-18 11:24:16,031 [grpc-default-executor-1] INFO  impl.RoleInfo (RoleInfo.java:updateAndGet(143)) - 54aabb14-4a7d-4ab3-adbe-2e67760b87f4: start FollowerState
2019-10-18 11:24:16,031 [Thread-277] INFO  impl.FollowerState (FollowerState.java:run(117)) - 54aabb14-4a7d-4ab3-adbe-2e67760b87f4@group-7E32184879DE-FollowerState was interrupted: java.lang.InterruptedException: sleep interrupted
2019-10-18 11:24:16,031 [Thread-278] INFO  impl.FollowerState (FollowerState.java:run(117)) - c652e2ee-3322-4406-8db6-1ea643cb3197@group-7E32184879DE-FollowerState was interrupted: java.lang.InterruptedException: sleep interrupted
2019-10-18 11:24:16,031 [grpc-default-executor-3] INFO  impl.RoleInfo (RoleInfo.java:updateAndGet(143)) - c652e2ee-3322-4406-8db6-1ea643cb3197: start FollowerState
2019-10-18 11:24:16,062 [f535bb4a-cba0-4f9b-9e3e-e4a48b3eda51@group-7E32184879DE-LeaderElection36] INFO  impl.LeaderElection (LeaderElection.java:logAndReturn(56)) - f535bb4a-cba0-4f9b-9e3e-e4a48b3eda51@group-7E32184879DE-LeaderElection36: Election REJECTED; received 2 response(s) [f535bb4a-cba0-4f9b-9e3e-e4a48b3eda51<-54aabb14-4a7d-4ab3-adbe-2e67760b87f4#0:FAIL-t43, f535bb4a-cba0-4f9b-9e3e-e4a48b3eda51<-c652e2ee-3322-4406-8db6-1ea643cb3197#0:FAIL-t43] and 0 exception(s); f535bb4a-cba0-4f9b-9e3e-e4a48b3eda51@group-7E32184879DE:t43, leader=null, voted=f535bb4a-cba0-4f9b-9e3e-e4a48b3eda51, raftlog=f535bb4a-cba0-4f9b-9e3e-e4a48b3eda51@group-7E32184879DE-SegmentedRaftLog:OPENED:c-1,f-1,i0, conf=-1: [f535bb4a-cba0-4f9b-9e3e-e4a48b3eda51:0.0.0.0:44706, 54aabb14-4a7d-4ab3-adbe-2e67760b87f4:0.0.0.0:43074, c652e2ee-3322-4406-8db6-1ea643cb3197:0.0.0.0:42129], old=null
2019-10-18 11:24:16,062 [f535bb4a-cba0-4f9b-9e3e-e4a48b3eda51@group-7E32184879DE-LeaderElection36] INFO  impl.RaftServerImpl (RaftServerImpl.java:setRole(184)) - f535bb4a-cba0-4f9b-9e3e-e4a48b3eda51@group-7E32184879DE: changes role from CANDIDATE to FOLLOWER at term 43 for DISCOVERED_A_NEW_TERM
2019-10-18 11:24:16,063 [f535bb4a-cba0-4f9b-9e3e-e4a48b3eda51@group-7E32184879DE-LeaderElection36] INFO  impl.RoleInfo (RoleInfo.java:shutdownLeaderElection(134)) - f535bb4a-cba0-4f9b-9e3e-e4a48b3eda51: shutdown LeaderElection
2019-10-18 11:24:16,063 [f535bb4a-cba0-4f9b-9e3e-e4a48b3eda51@group-7E32184879DE-LeaderElection36] INFO  impl.RoleInfo (RoleInfo.java:updateAndGet(143)) - f535bb4a-cba0-4f9b-9e3e-e4a48b3eda51: start FollowerState
2019-10-18 11:24:16,137 [Thread-287] INFO  impl.FollowerState (FollowerState.java:run(108)) - f535bb4a-cba0-4f9b-9e3e-e4a48b3eda51@group-7E32184879DE-FollowerState: change to CANDIDATE, lastRpcTime:74ms, electionTimeout:74ms
2019-10-18 11:24:16,138 [Thread-287] INFO  impl.RoleInfo (RoleInfo.java:shutdownFollowerState(121)) - f535bb4a-cba0-4f9b-9e3e-e4a48b3eda51: shutdown FollowerState
2019-10-18 11:24:16,138 [Thread-287] INFO  impl.RaftServerImpl (RaftServerImpl.java:setRole(184)) - f535bb4a-cba0-4f9b-9e3e-e4a48b3eda51@group-7E32184879DE: changes role from  FOLLOWER to CANDIDATE at term 43 for changeToCandidate
2019-10-18 11:24:16,138 [Thread-287] INFO  impl.RoleInfo (RoleInfo.java:updateAndGet(143)) - f535bb4a-cba0-4f9b-9e3e-e4a48b3eda51: start LeaderElection
2019-10-18 11:24:16,169 [f535bb4a-cba0-4f9b-9e3e-e4a48b3eda51@group-7E32184879DE-LeaderElection37] INFO  impl.LeaderElection (LeaderElection.java:askForVotes(178)) - f535bb4a-cba0-4f9b-9e3e-e4a48b3eda51@group-7E32184879DE-LeaderElection37: begin an election at term 44 for -1: [f535bb4a-cba0-4f9b-9e3e-e4a48b3eda51:0.0.0.0:44706, 54aabb14-4a7d-4ab3-adbe-2e67760b87f4:0.0.0.0:43074, c652e2ee-3322-4406-8db6-1ea643cb3197:0.0.0.0:42129], old=null
2019-10-18 11:24:16,172 [grpc-default-executor-3] INFO  impl.RaftServerImpl (RaftServerImpl.java:setRole(184)) - 54aabb14-4a7d-4ab3-adbe-2e67760b87f4@group-7E32184879DE: changes role from  FOLLOWER to FOLLOWER at term 44 for recognizeCandidate:f535bb4a-cba0-4f9b-9e3e-e4a48b3eda51
2019-10-18 11:24:16,172 [grpc-default-executor-3] INFO  impl.RoleInfo (RoleInfo.java:shutdownFollowerState(121)) - 54aabb14-4a7d-4ab3-adbe-2e67760b87f4: shutdown FollowerState
2019-10-18 11:24:16,172 [grpc-default-executor-1] INFO  impl.RaftServerImpl (RaftServerImpl.java:setRole(184)) - c652e2ee-3322-4406-8db6-1ea643cb3197@group-7E32184879DE: changes role from  FOLLOWER to FOLLOWER at term 44 for recognizeCandidate:f535bb4a-cba0-4f9b-9e3e-e4a48b3eda51
2019-10-18 11:24:16,173 [Thread-285] INFO  impl.FollowerState (FollowerState.java:run(117)) - 54aabb14-4a7d-4ab3-adbe-2e67760b87f4@group-7E32184879DE-FollowerState was interrupted: java.lang.InterruptedException: sleep interrupted
2019-10-18 11:24:16,172 [grpc-default-executor-3] INFO  impl.RoleInfo (RoleInfo.java:updateAndGet(143)) - 54aabb14-4a7d-4ab3-adbe-2e67760b87f4: start FollowerState
2019-10-18 11:24:16,173 [grpc-default-executor-1] INFO  impl.RoleInfo (RoleInfo.java:shutdownFollowerState(121)) - c652e2ee-3322-4406-8db6-1ea643cb3197: shutdown FollowerState
2019-10-18 11:24:16,173 [grpc-default-executor-1] INFO  impl.RoleInfo (RoleInfo.java:updateAndGet(143)) - c652e2ee-3322-4406-8db6-1ea643cb3197: start FollowerState
2019-10-18 11:24:16,173 [Thread-286] INFO  impl.FollowerState (FollowerState.java:run(117)) - c652e2ee-3322-4406-8db6-1ea643cb3197@group-7E32184879DE-FollowerState was interrupted: java.lang.InterruptedException: sleep interrupted
2019-10-18 11:24:16,196 [f535bb4a-cba0-4f9b-9e3e-e4a48b3eda51@group-7E32184879DE-LeaderElection37] INFO  impl.LeaderElection (LeaderElection.java:logAndReturn(56)) - f535bb4a-cba0-4f9b-9e3e-e4a48b3eda51@group-7E32184879DE-LeaderElection37: Election REJECTED; received 2 response(s) [f535bb4a-cba0-4f9b-9e3e-e4a48b3eda51<-54aabb14-4a7d-4ab3-adbe-2e67760b87f4#0:FAIL-t44, f535bb4a-cba0-4f9b-9e3e-e4a48b3eda51<-c652e2ee-3322-4406-8db6-1ea643cb3197#0:FAIL-t44] and 0 exception(s); f535bb4a-cba0-4f9b-9e3e-e4a48b3eda51@group-7E32184879DE:t44, leader=null, voted=f535bb4a-cba0-4f9b-9e3e-e4a48b3eda51, raftlog=f535bb4a-cba0-4f9b-9e3e-e4a48b3eda51@group-7E32184879DE-SegmentedRaftLog:OPENED:c-1,f-1,i0, conf=-1: [f535bb4a-cba0-4f9b-9e3e-e4a48b3eda51:0.0.0.0:44706, 54aabb14-4a7d-4ab3-adbe-2e67760b87f4:0.0.0.0:43074, c652e2ee-3322-4406-8db6-1ea643cb3197:0.0.0.0:42129], old=null
2019-10-18 11:24:16,196 [f535bb4a-cba0-4f9b-9e3e-e4a48b3eda51@group-7E32184879DE-LeaderElection37] INFO  impl.RaftServerImpl (RaftServerImpl.java:setRole(184)) - f535bb4a-cba0-4f9b-9e3e-e4a48b3eda51@group-7E32184879DE: changes role from CANDIDATE to FOLLOWER at term 44 for DISCOVERED_A_NEW_TERM
2019-10-18 11:24:16,196 [f535bb4a-cba0-4f9b-9e3e-e4a48b3eda51@group-7E32184879DE-LeaderElection37] INFO  impl.RoleInfo (RoleInfo.java:shutdownLeaderElection(134)) - f535bb4a-cba0-4f9b-9e3e-e4a48b3eda51: shutdown LeaderElection
2019-10-18 11:24:16,196 [f535bb4a-cba0-4f9b-9e3e-e4a48b3eda51@group-7E32184879DE-LeaderElection37] INFO  impl.RoleInfo (RoleInfo.java:updateAndGet(143)) - f535bb4a-cba0-4f9b-9e3e-e4a48b3eda51: start FollowerState
2019-10-18 11:24:16,312 [Thread-293] INFO  impl.FollowerState (FollowerState.java:run(108)) - f535bb4a-cba0-4f9b-9e3e-e4a48b3eda51@group-7E32184879DE-FollowerState: change to CANDIDATE, lastRpcTime:115ms, electionTimeout:115ms
2019-10-18 11:24:16,312 [Thread-293] INFO  impl.RoleInfo (RoleInfo.java:shutdownFollowerState(121)) - f535bb4a-cba0-4f9b-9e3e-e4a48b3eda51: shutdown FollowerState
2019-10-18 11:24:16,313 [Thread-293] INFO  impl.RaftServerImpl (RaftServerImpl.java:setRole(184)) - f535bb4a-cba0-4f9b-9e3e-e4a48b3eda51@group-7E32184879DE: changes role from  FOLLOWER to CANDIDATE at term 44 for changeToCandidate
2019-10-18 11:24:16,313 [Thread-293] INFO  impl.RoleInfo (RoleInfo.java:updateAndGet(143)) - f535bb4a-cba0-4f9b-9e3e-e4a48b3eda51: start LeaderElection
2019-10-18 11:24:16,336 [f535bb4a-cba0-4f9b-9e3e-e4a48b3eda51@group-7E32184879DE-LeaderElection38] INFO  impl.LeaderElection (LeaderElection.java:askForVotes(178)) - f535bb4a-cba0-4f9b-9e3e-e4a48b3eda51@group-7E32184879DE-LeaderElection38: begin an election at term 45 for -1: [f535bb4a-cba0-4f9b-9e3e-e4a48b3eda51:0.0.0.0:44706, 54aabb14-4a7d-4ab3-adbe-2e67760b87f4:0.0.0.0:43074, c652e2ee-3322-4406-8db6-1ea643cb3197:0.0.0.0:42129], old=null
2019-10-18 11:24:16,341 [grpc-default-executor-3] INFO  impl.RaftServerImpl (RaftServerImpl.java:setRole(184)) - 54aabb14-4a7d-4ab3-adbe-2e67760b87f4@group-7E32184879DE: changes role from  FOLLOWER to FOLLOWER at term 45 for recognizeCandidate:f535bb4a-cba0-4f9b-9e3e-e4a48b3eda51
2019-10-18 11:24:16,341 [grpc-default-executor-1] INFO  impl.RaftServerImpl (RaftServerImpl.java:setRole(184)) - c652e2ee-3322-4406-8db6-1ea643cb3197@group-7E32184879DE: changes role from  FOLLOWER to FOLLOWER at term 45 for recognizeCandidate:f535bb4a-cba0-4f9b-9e3e-e4a48b3eda51
2019-10-18 11:24:16,342 [grpc-default-executor-3] INFO  impl.RoleInfo (RoleInfo.java:shutdownFollowerState(121)) - 54aabb14-4a7d-4ab3-adbe-2e67760b87f4: shutdown FollowerState
2019-10-18 11:24:16,342 [grpc-default-executor-1] INFO  impl.RoleInfo (RoleInfo.java:shutdownFollowerState(121)) - c652e2ee-3322-4406-8db6-1ea643cb3197: shutdown FollowerState
2019-10-18 11:24:16,342 [Thread-291] INFO  impl.FollowerState (FollowerState.java:run(117)) - 54aabb14-4a7d-4ab3-adbe-2e67760b87f4@group-7E32184879DE-FollowerState was interrupted: java.lang.InterruptedException: sleep interrupted
2019-10-18 11:24:16,342 [grpc-default-executor-3] INFO  impl.RoleInfo (RoleInfo.java:updateAndGet(143)) - 54aabb14-4a7d-4ab3-adbe-2e67760b87f4: start FollowerState
2019-10-18 11:24:16,342 [Thread-292] INFO  impl.FollowerState (FollowerState.java:run(117)) - c652e2ee-3322-4406-8db6-1ea643cb3197@group-7E32184879DE-FollowerState was interrupted: java.lang.InterruptedException: sleep interrupted
2019-10-18 11:24:16,342 [grpc-default-executor-1] INFO  impl.RoleInfo (RoleInfo.java:updateAndGet(143)) - c652e2ee-3322-4406-8db6-1ea643cb3197: start FollowerState
2019-10-18 11:24:16,372 [f535bb4a-cba0-4f9b-9e3e-e4a48b3eda51@group-7E32184879DE-LeaderElection38] INFO  impl.LeaderElection (LeaderElection.java:logAndReturn(56)) - f535bb4a-cba0-4f9b-9e3e-e4a48b3eda51@group-7E32184879DE-LeaderElection38: Election REJECTED; received 2 response(s) [f535bb4a-cba0-4f9b-9e3e-e4a48b3eda51<-54aabb14-4a7d-4ab3-adbe-2e67760b87f4#0:FAIL-t45, f535bb4a-cba0-4f9b-9e3e-e4a48b3eda51<-c652e2ee-3322-4406-8db6-1ea643cb3197#0:FAIL-t45] and 0 exception(s); f535bb4a-cba0-4f9b-9e3e-e4a48b3eda51@group-7E32184879DE:t45, leader=null, voted=f535bb4a-cba0-4f9b-9e3e-e4a48b3eda51, raftlog=f535bb4a-cba0-4f9b-9e3e-e4a48b3eda51@group-7E32184879DE-SegmentedRaftLog:OPENED:c-1,f-1,i0, conf=-1: [f535bb4a-cba0-4f9b-9e3e-e4a48b3eda51:0.0.0.0:44706, 54aabb14-4a7d-4ab3-adbe-2e67760b87f4:0.0.0.0:43074, c652e2ee-3322-4406-8db6-1ea643cb3197:0.0.0.0:42129], old=null
2019-10-18 11:24:16,372 [f535bb4a-cba0-4f9b-9e3e-e4a48b3eda51@group-7E32184879DE-LeaderElection38] INFO  impl.RaftServerImpl (RaftServerImpl.java:setRole(184)) - f535bb4a-cba0-4f9b-9e3e-e4a48b3eda51@group-7E32184879DE: changes role from CANDIDATE to FOLLOWER at term 45 for DISCOVERED_A_NEW_TERM
2019-10-18 11:24:16,372 [f535bb4a-cba0-4f9b-9e3e-e4a48b3eda51@group-7E32184879DE-LeaderElection38] INFO  impl.RoleInfo (RoleInfo.java:shutdownLeaderElection(134)) - f535bb4a-cba0-4f9b-9e3e-e4a48b3eda51: shutdown LeaderElection
2019-10-18 11:24:16,372 [f535bb4a-cba0-4f9b-9e3e-e4a48b3eda51@group-7E32184879DE-LeaderElection38] INFO  impl.RoleInfo (RoleInfo.java:updateAndGet(143)) - f535bb4a-cba0-4f9b-9e3e-e4a48b3eda51: start FollowerState
2019-10-18 11:24:16,433 [Thread-299] INFO  impl.FollowerState (FollowerState.java:run(108)) - f535bb4a-cba0-4f9b-9e3e-e4a48b3eda51@group-7E32184879DE-FollowerState: change to CANDIDATE, lastRpcTime:60ms, electionTimeout:60ms
2019-10-18 11:24:16,433 [Thread-299] INFO  impl.RoleInfo (RoleInfo.java:shutdownFollowerState(121)) - f535bb4a-cba0-4f9b-9e3e-e4a48b3eda51: shutdown FollowerState
2019-10-18 11:24:16,433 [Thread-299] INFO  impl.RaftServerImpl (RaftServerImpl.java:setRole(184)) - f535bb4a-cba0-4f9b-9e3e-e4a48b3eda51@group-7E32184879DE: changes role from  FOLLOWER to CANDIDATE at term 45 for changeToCandidate
2019-10-18 11:24:16,433 [Thread-299] INFO  impl.RoleInfo (RoleInfo.java:updateAndGet(143)) - f535bb4a-cba0-4f9b-9e3e-e4a48b3eda51: start LeaderElection
2019-10-18 11:24:16,462 [f535bb4a-cba0-4f9b-9e3e-e4a48b3eda51@group-7E32184879DE-LeaderElection39] INFO  impl.LeaderElection (LeaderElection.java:askForVotes(178)) - f535bb4a-cba0-4f9b-9e3e-e4a48b3eda51@group-7E32184879DE-LeaderElection39: begin an election at term 46 for -1: [f535bb4a-cba0-4f9b-9e3e-e4a48b3eda51:0.0.0.0:44706, 54aabb14-4a7d-4ab3-adbe-2e67760b87f4:0.0.0.0:43074, c652e2ee-3322-4406-8db6-1ea643cb3197:0.0.0.0:42129], old=null
2019-10-18 11:24:16,465 [grpc-default-executor-1] INFO  impl.RaftServerImpl (RaftServerImpl.java:setRole(184)) - c652e2ee-3322-4406-8db6-1ea643cb3197@group-7E32184879DE: changes role from  FOLLOWER to FOLLOWER at term 46 for recognizeCandidate:f535bb4a-cba0-4f9b-9e3e-e4a48b3eda51
2019-10-18 11:24:16,465 [grpc-default-executor-3] INFO  impl.RaftServerImpl (RaftServerImpl.java:setRole(184)) - 54aabb14-4a7d-4ab3-adbe-2e67760b87f4@group-7E32184879DE: changes role from  FOLLOWER to FOLLOWER at term 46 for recognizeCandidate:f535bb4a-cba0-4f9b-9e3e-e4a48b3eda51
2019-10-18 11:24:16,465 [grpc-default-executor-1] INFO  impl.RoleInfo (RoleInfo.java:shutdownFollowerState(121)) - c652e2ee-3322-4406-8db6-1ea643cb3197: shutdown FollowerState
2019-10-18 11:24:16,466 [grpc-default-executor-3] INFO  impl.RoleInfo (RoleInfo.java:shutdownFollowerState(121)) - 54aabb14-4a7d-4ab3-adbe-2e67760b87f4: shutdown FollowerState
2019-10-18 11:24:16,466 [Thread-298] INFO  impl.FollowerState (FollowerState.java:run(117)) - c652e2ee-3322-4406-8db6-1ea643cb3197@group-7E32184879DE-FollowerState was interrupted: java.lang.InterruptedException: sleep interrupted
2019-10-18 11:24:16,466 [grpc-default-executor-1] INFO  impl.RoleInfo (RoleInfo.java:updateAndGet(143)) - c652e2ee-3322-4406-8db6-1ea643cb3197: start FollowerState
2019-10-18 11:24:16,466 [Thread-297] INFO  impl.FollowerState (FollowerState.java:run(117)) - 54aabb14-4a7d-4ab3-adbe-2e67760b87f4@group-7E32184879DE-FollowerState was interrupted: java.lang.InterruptedException: sleep interrupted
2019-10-18 11:24:16,466 [grpc-default-executor-3] INFO  impl.RoleInfo (RoleInfo.java:updateAndGet(143)) - 54aabb14-4a7d-4ab3-adbe-2e67760b87f4: start FollowerState
2019-10-18 11:24:16,489 [f535bb4a-cba0-4f9b-9e3e-e4a48b3eda51@group-7E32184879DE-LeaderElection39] INFO  impl.LeaderElection (LeaderElection.java:logAndReturn(56)) - f535bb4a-cba0-4f9b-9e3e-e4a48b3eda51@group-7E32184879DE-LeaderElection39: Election REJECTED; received 2 response(s) [f535bb4a-cba0-4f9b-9e3e-e4a48b3eda51<-54aabb14-4a7d-4ab3-adbe-2e67760b87f4#0:FAIL-t46, f535bb4a-cba0-4f9b-9e3e-e4a48b3eda51<-c652e2ee-3322-4406-8db6-1ea643cb3197#0:FAIL-t46] and 0 exception(s); f535bb4a-cba0-4f9b-9e3e-e4a48b3eda51@group-7E32184879DE:t46, leader=null, voted=f535bb4a-cba0-4f9b-9e3e-e4a48b3eda51, raftlog=f535bb4a-cba0-4f9b-9e3e-e4a48b3eda51@group-7E32184879DE-SegmentedRaftLog:OPENED:c-1,f-1,i0, conf=-1: [f535bb4a-cba0-4f9b-9e3e-e4a48b3eda51:0.0.0.0:44706, 54aabb14-4a7d-4ab3-adbe-2e67760b87f4:0.0.0.0:43074, c652e2ee-3322-4406-8db6-1ea643cb3197:0.0.0.0:42129], old=null
2019-10-18 11:24:16,489 [f535bb4a-cba0-4f9b-9e3e-e4a48b3eda51@group-7E32184879DE-LeaderElection39] INFO  impl.RaftServerImpl (RaftServerImpl.java:setRole(184)) - f535bb4a-cba0-4f9b-9e3e-e4a48b3eda51@group-7E32184879DE: changes role from CANDIDATE to FOLLOWER at term 46 for DISCOVERED_A_NEW_TERM
2019-10-18 11:24:16,489 [f535bb4a-cba0-4f9b-9e3e-e4a48b3eda51@group-7E32184879DE-LeaderElection39] INFO  impl.RoleInfo (RoleInfo.java:shutdownLeaderElection(134)) - f535bb4a-cba0-4f9b-9e3e-e4a48b3eda51: shutdown LeaderElection
2019-10-18 11:24:16,489 [f535bb4a-cba0-4f9b-9e3e-e4a48b3eda51@group-7E32184879DE-LeaderElection39] INFO  impl.RoleInfo (RoleInfo.java:updateAndGet(143)) - f535bb4a-cba0-4f9b-9e3e-e4a48b3eda51: start FollowerState
2019-10-18 11:24:16,490 [Thread-305] INFO  impl.FollowerState (FollowerState.java:run(108)) - f535bb4a-cba0-4f9b-9e3e-e4a48b3eda51@group-7E32184879DE-FollowerState: change to CANDIDATE, lastRpcTime:0ms, electionTimeout:0ms
2019-10-18 11:24:16,490 [Thread-305] INFO  impl.RoleInfo (RoleInfo.java:shutdownFollowerState(121)) - f535bb4a-cba0-4f9b-9e3e-e4a48b3eda51: shutdown FollowerState
2019-10-18 11:24:16,490 [Thread-305] INFO  impl.RaftServerImpl (RaftServerImpl.java:setRole(184)) - f535bb4a-cba0-4f9b-9e3e-e4a48b3eda51@group-7E32184879DE: changes role from  FOLLOWER to CANDIDATE at term 46 for changeToCandidate
2019-10-18 11:24:16,490 [Thread-305] INFO  impl.RoleInfo (RoleInfo.java:updateAndGet(143)) - f535bb4a-cba0-4f9b-9e3e-e4a48b3eda51: start LeaderElection
2019-10-18 11:24:16,513 [f535bb4a-cba0-4f9b-9e3e-e4a48b3eda51@group-7E32184879DE-LeaderElection40] INFO  impl.LeaderElection (LeaderElection.java:askForVotes(178)) - f535bb4a-cba0-4f9b-9e3e-e4a48b3eda51@group-7E32184879DE-LeaderElection40: begin an election at term 47 for -1: [f535bb4a-cba0-4f9b-9e3e-e4a48b3eda51:0.0.0.0:44706, 54aabb14-4a7d-4ab3-adbe-2e67760b87f4:0.0.0.0:43074, c652e2ee-3322-4406-8db6-1ea643cb3197:0.0.0.0:42129], old=null
2019-10-18 11:24:16,515 [grpc-default-executor-1] INFO  impl.RaftServerImpl (RaftServerImpl.java:setRole(184)) - 54aabb14-4a7d-4ab3-adbe-2e67760b87f4@group-7E32184879DE: changes role from  FOLLOWER to FOLLOWER at term 47 for recognizeCandidate:f535bb4a-cba0-4f9b-9e3e-e4a48b3eda51
2019-10-18 11:24:16,515 [grpc-default-executor-1] INFO  impl.RoleInfo (RoleInfo.java:shutdownFollowerState(121)) - 54aabb14-4a7d-4ab3-adbe-2e67760b87f4: shutdown FollowerState
2019-10-18 11:24:16,516 [grpc-default-executor-3] INFO  impl.RaftServerImpl (RaftServerImpl.java:setRole(184)) - c652e2ee-3322-4406-8db6-1ea643cb3197@group-7E32184879DE: changes role from  FOLLOWER to FOLLOWER at term 47 for recognizeCandidate:f535bb4a-cba0-4f9b-9e3e-e4a48b3eda51
2019-10-18 11:24:16,516 [Thread-304] INFO  impl.FollowerState (FollowerState.java:run(117)) - 54aabb14-4a7d-4ab3-adbe-2e67760b87f4@group-7E32184879DE-FollowerState was interrupted: java.lang.InterruptedException: sleep interrupted
2019-10-18 11:24:16,516 [grpc-default-executor-1] INFO  impl.RoleInfo (RoleInfo.java:updateAndGet(143)) - 54aabb14-4a7d-4ab3-adbe-2e67760b87f4: start FollowerState
2019-10-18 11:24:16,516 [grpc-default-executor-3] INFO  impl.RoleInfo (RoleInfo.java:shutdownFollowerState(121)) - c652e2ee-3322-4406-8db6-1ea643cb3197: shutdown FollowerState
2019-10-18 11:24:16,516 [grpc-default-executor-3] INFO  impl.RoleInfo (RoleInfo.java:updateAndGet(143)) - c652e2ee-3322-4406-8db6-1ea643cb3197: start FollowerState
2019-10-18 11:24:16,516 [Thread-303] INFO  impl.FollowerState (FollowerState.java:run(117)) - c652e2ee-3322-4406-8db6-1ea643cb3197@group-7E32184879DE-FollowerState was interrupted: java.lang.InterruptedException: sleep interrupted
2019-10-18 11:24:16,524 [f535bb4a-cba0-4f9b-9e3e-e4a48b3eda51@group-7E32184879DE-LeaderElection40] INFO  impl.LeaderElection (LeaderElection.java:logAndReturn(56)) - f535bb4a-cba0-4f9b-9e3e-e4a48b3eda51@group-7E32184879DE-LeaderElection40: Election TIMEOUT; received 0 response(s) [] and 0 exception(s); f535bb4a-cba0-4f9b-9e3e-e4a48b3eda51@group-7E32184879DE:t47, leader=null, voted=f535bb4a-cba0-4f9b-9e3e-e4a48b3eda51, raftlog=f535bb4a-cba0-4f9b-9e3e-e4a48b3eda51@group-7E32184879DE-SegmentedRaftLog:OPENED:c-1,f-1,i0, conf=-1: [f535bb4a-cba0-4f9b-9e3e-e4a48b3eda51:0.0.0.0:44706, 54aabb14-4a7d-4ab3-adbe-2e67760b87f4:0.0.0.0:43074, c652e2ee-3322-4406-8db6-1ea643cb3197:0.0.0.0:42129], old=null
2019-10-18 11:24:16,538 [f535bb4a-cba0-4f9b-9e3e-e4a48b3eda51@group-7E32184879DE-LeaderElection40] INFO  impl.LeaderElection (LeaderElection.java:askForVotes(178)) - f535bb4a-cba0-4f9b-9e3e-e4a48b3eda51@group-7E32184879DE-LeaderElection40: begin an election at term 48 for -1: [f535bb4a-cba0-4f9b-9e3e-e4a48b3eda51:0.0.0.0:44706, 54aabb14-4a7d-4ab3-adbe-2e67760b87f4:0.0.0.0:43074, c652e2ee-3322-4406-8db6-1ea643cb3197:0.0.0.0:42129], old=null
2019-10-18 11:24:16,540 [grpc-default-executor-1] INFO  impl.RaftServerImpl (RaftServerImpl.java:setRole(184)) - 54aabb14-4a7d-4ab3-adbe-2e67760b87f4@group-7E32184879DE: changes role from  FOLLOWER to FOLLOWER at term 48 for recognizeCandidate:f535bb4a-cba0-4f9b-9e3e-e4a48b3eda51
2019-10-18 11:24:16,541 [grpc-default-executor-3] INFO  impl.RaftServerImpl (RaftServerImpl.java:setRole(184)) - c652e2ee-3322-4406-8db6-1ea643cb3197@group-7E32184879DE: changes role from  FOLLOWER to FOLLOWER at term 48 for recognizeCandidate:f535bb4a-cba0-4f9b-9e3e-e4a48b3eda51
2019-10-18 11:24:16,541 [grpc-default-executor-1] INFO  impl.RoleInfo (RoleInfo.java:shutdownFollowerState(121)) - 54aabb14-4a7d-4ab3-adbe-2e67760b87f4: shutdown FollowerState
2019-10-18 11:24:16,541 [grpc-default-executor-3] INFO  impl.RoleInfo (RoleInfo.java:shutdownFollowerState(121)) - c652e2ee-3322-4406-8db6-1ea643cb3197: shutdown FollowerState
2019-10-18 11:24:16,541 [Thread-309] INFO  impl.FollowerState (FollowerState.java:run(117)) - 54aabb14-4a7d-4ab3-adbe-2e67760b87f4@group-7E32184879DE-FollowerState was interrupted: java.lang.InterruptedException: sleep interrupted
2019-10-18 11:24:16,541 [grpc-default-executor-1] INFO  impl.RoleInfo (RoleInfo.java:updateAndGet(143)) - 54aabb14-4a7d-4ab3-adbe-2e67760b87f4: start FollowerState
2019-10-18 11:24:16,541 [Thread-310] INFO  impl.FollowerState (FollowerState.java:run(117)) - c652e2ee-3322-4406-8db6-1ea643cb3197@group-7E32184879DE-FollowerState was interrupted: java.lang.InterruptedException: sleep interrupted
2019-10-18 11:24:16,541 [grpc-default-executor-3] INFO  impl.RoleInfo (RoleInfo.java:updateAndGet(143)) - c652e2ee-3322-4406-8db6-1ea643cb3197: start FollowerState
2019-10-18 11:24:16,565 [f535bb4a-cba0-4f9b-9e3e-e4a48b3eda51@group-7E32184879DE-LeaderElection40] INFO  impl.LeaderElection (LeaderElection.java:logAndReturn(56)) - f535bb4a-cba0-4f9b-9e3e-e4a48b3eda51@group-7E32184879DE-LeaderElection40: Election REJECTED; received 2 response(s) [f535bb4a-cba0-4f9b-9e3e-e4a48b3eda51<-54aabb14-4a7d-4ab3-adbe-2e67760b87f4#0:FAIL-t48, f535bb4a-cba0-4f9b-9e3e-e4a48b3eda51<-c652e2ee-3322-4406-8db6-1ea643cb3197#0:FAIL-t48] and 0 exception(s); f535bb4a-cba0-4f9b-9e3e-e4a48b3eda51@group-7E32184879DE:t48, leader=null, voted=f535bb4a-cba0-4f9b-9e3e-e4a48b3eda51, raftlog=f535bb4a-cba0-4f9b-9e3e-e4a48b3eda51@group-7E32184879DE-SegmentedRaftLog:OPENED:c-1,f-1,i0, conf=-1: [f535bb4a-cba0-4f9b-9e3e-e4a48b3eda51:0.0.0.0:44706, 54aabb14-4a7d-4ab3-adbe-2e67760b87f4:0.0.0.0:43074, c652e2ee-3322-4406-8db6-1ea643cb3197:0.0.0.0:42129], old=null
2019-10-18 11:24:16,565 [f535bb4a-cba0-4f9b-9e3e-e4a48b3eda51@group-7E32184879DE-LeaderElection40] INFO  impl.RaftServerImpl (RaftServerImpl.java:setRole(184)) - f535bb4a-cba0-4f9b-9e3e-e4a48b3eda51@group-7E32184879DE: changes role from CANDIDATE to FOLLOWER at term 48 for DISCOVERED_A_NEW_TERM
2019-10-18 11:24:16,565 [f535bb4a-cba0-4f9b-9e3e-e4a48b3eda51@group-7E32184879DE-LeaderElection40] INFO  impl.RoleInfo (RoleInfo.java:shutdownLeaderElection(134)) - f535bb4a-cba0-4f9b-9e3e-e4a48b3eda51: shutdown LeaderElection
2019-10-18 11:24:16,565 [f535bb4a-cba0-4f9b-9e3e-e4a48b3eda51@group-7E32184879DE-LeaderElection40] INFO  impl.RoleInfo (RoleInfo.java:updateAndGet(143)) - f535bb4a-cba0-4f9b-9e3e-e4a48b3eda51: start FollowerState
2019-10-18 11:24:16,714 [Thread-315] INFO  impl.FollowerState (FollowerState.java:run(108)) - f535bb4a-cba0-4f9b-9e3e-e4a48b3eda51@group-7E32184879DE-FollowerState: change to CANDIDATE, lastRpcTime:148ms, electionTimeout:148ms
2019-10-18 11:24:16,714 [Thread-315] INFO  impl.RoleInfo (RoleInfo.java:shutdownFollowerState(121)) - f535bb4a-cba0-4f9b-9e3e-e4a48b3eda51: shutdown FollowerState
2019-10-18 11:24:16,714 [Thread-315] INFO  impl.RaftServerImpl (RaftServerImpl.java:setRole(184)) - f535bb4a-cba0-4f9b-9e3e-e4a48b3eda51@group-7E32184879DE: changes role from  FOLLOWER to CANDIDATE at term 48 for changeToCandidate
2019-10-18 11:24:16,715 [Thread-315] INFO  impl.RoleInfo (RoleInfo.java:updateAndGet(143)) - f535bb4a-cba0-4f9b-9e3e-e4a48b3eda51: start LeaderElection
2019-10-18 11:24:16,747 [f535bb4a-cba0-4f9b-9e3e-e4a48b3eda51@group-7E32184879DE-LeaderElection41] INFO  impl.LeaderElection (LeaderElection.java:askForVotes(178)) - f535bb4a-cba0-4f9b-9e3e-e4a48b3eda51@group-7E32184879DE-LeaderElection41: begin an election at term 49 for -1: [f535bb4a-cba0-4f9b-9e3e-e4a48b3eda51:0.0.0.0:44706, 54aabb14-4a7d-4ab3-adbe-2e67760b87f4:0.0.0.0:43074, c652e2ee-3322-4406-8db6-1ea643cb3197:0.0.0.0:42129], old=null
2019-10-18 11:24:16,755 [grpc-default-executor-1] INFO  impl.RaftServerImpl (RaftServerImpl.java:setRole(184)) - c652e2ee-3322-4406-8db6-1ea643cb3197@group-7E32184879DE: changes role from  FOLLOWER to FOLLOWER at term 49 for recognizeCandidate:f535bb4a-cba0-4f9b-9e3e-e4a48b3eda51
2019-10-18 11:24:16,755 [grpc-default-executor-3] INFO  impl.RaftServerImpl (RaftServerImpl.java:setRole(184)) - 54aabb14-4a7d-4ab3-adbe-2e67760b87f4@group-7E32184879DE: changes role from  FOLLOWER to FOLLOWER at term 49 for recognizeCandidate:f535bb4a-cba0-4f9b-9e3e-e4a48b3eda51
2019-10-18 11:24:16,755 [grpc-default-executor-1] INFO  impl.RoleInfo (RoleInfo.java:shutdownFollowerState(121)) - c652e2ee-3322-4406-8db6-1ea643cb3197: shutdown FollowerState
2019-10-18 11:24:16,755 [grpc-default-executor-3] INFO  impl.RoleInfo (RoleInfo.java:shutdownFollowerState(121)) - 54aabb14-4a7d-4ab3-adbe-2e67760b87f4: shutdown FollowerState
2019-10-18 11:24:16,756 [Thread-314] INFO  impl.FollowerState (FollowerState.java:run(117)) - c652e2ee-3322-4406-8db6-1ea643cb3197@group-7E32184879DE-FollowerState was interrupted: java.lang.InterruptedException: sleep interrupted
2019-10-18 11:24:16,755 [grpc-default-executor-1] INFO  impl.RoleInfo (RoleInfo.java:updateAndGet(143)) - c652e2ee-3322-4406-8db6-1ea643cb3197: start FollowerState
2019-10-18 11:24:16,756 [Thread-313] INFO  impl.FollowerState (FollowerState.java:run(117)) - 54aabb14-4a7d-4ab3-adbe-2e67760b87f4@group-7E32184879DE-FollowerState was interrupted: java.lang.InterruptedException: sleep interrupted
2019-10-18 11:24:16,756 [grpc-default-executor-3] INFO  impl.RoleInfo (RoleInfo.java:updateAndGet(143)) - 54aabb14-4a7d-4ab3-adbe-2e67760b87f4: start FollowerState
2019-10-18 11:24:16,783 [f535bb4a-cba0-4f9b-9e3e-e4a48b3eda51@group-7E32184879DE-LeaderElection41] INFO  impl.LeaderElection (LeaderElection.java:logAndReturn(56)) - f535bb4a-cba0-4f9b-9e3e-e4a48b3eda51@group-7E32184879DE-LeaderElection41: Election REJECTED; received 2 response(s) [f535bb4a-cba0-4f9b-9e3e-e4a48b3eda51<-54aabb14-4a7d-4ab3-adbe-2e67760b87f4#0:FAIL-t49, f535bb4a-cba0-4f9b-9e3e-e4a48b3eda51<-c652e2ee-3322-4406-8db6-1ea643cb3197#0:FAIL-t49] and 0 exception(s); f535bb4a-cba0-4f9b-9e3e-e4a48b3eda51@group-7E32184879DE:t49, leader=null, voted=f535bb4a-cba0-4f9b-9e3e-e4a48b3eda51, raftlog=f535bb4a-cba0-4f9b-9e3e-e4a48b3eda51@group-7E32184879DE-SegmentedRaftLog:OPENED:c-1,f-1,i0, conf=-1: [f535bb4a-cba0-4f9b-9e3e-e4a48b3eda51:0.0.0.0:44706, 54aabb14-4a7d-4ab3-adbe-2e67760b87f4:0.0.0.0:43074, c652e2ee-3322-4406-8db6-1ea643cb3197:0.0.0.0:42129], old=null
2019-10-18 11:24:16,783 [f535bb4a-cba0-4f9b-9e3e-e4a48b3eda51@group-7E32184879DE-LeaderElection41] INFO  impl.RaftServerImpl (RaftServerImpl.java:setRole(184)) - f535bb4a-cba0-4f9b-9e3e-e4a48b3eda51@group-7E32184879DE: changes role from CANDIDATE to FOLLOWER at term 49 for DISCOVERED_A_NEW_TERM
2019-10-18 11:24:16,783 [f535bb4a-cba0-4f9b-9e3e-e4a48b3eda51@group-7E32184879DE-LeaderElection41] INFO  impl.RoleInfo (RoleInfo.java:shutdownLeaderElection(134)) - f535bb4a-cba0-4f9b-9e3e-e4a48b3eda51: shutdown LeaderElection
2019-10-18 11:24:16,784 [f535bb4a-cba0-4f9b-9e3e-e4a48b3eda51@group-7E32184879DE-LeaderElection41] INFO  impl.RoleInfo (RoleInfo.java:updateAndGet(143)) - f535bb4a-cba0-4f9b-9e3e-e4a48b3eda51: start FollowerState
2019-10-18 11:24:16,896 [Thread-321] INFO  impl.FollowerState (FollowerState.java:run(108)) - f535bb4a-cba0-4f9b-9e3e-e4a48b3eda51@group-7E32184879DE-FollowerState: change to CANDIDATE, lastRpcTime:112ms, electionTimeout:112ms
2019-10-18 11:24:16,896 [Thread-321] INFO  impl.RoleInfo (RoleInfo.java:shutdownFollowerState(121)) - f535bb4a-cba0-4f9b-9e3e-e4a48b3eda51: shutdown FollowerState
2019-10-18 11:24:16,897 [Thread-321] INFO  impl.RaftServerImpl (RaftServerImpl.java:setRole(184)) - f535bb4a-cba0-4f9b-9e3e-e4a48b3eda51@group-7E32184879DE: changes role from  FOLLOWER to CANDIDATE at term 49 for changeToCandidate
2019-10-18 11:24:16,897 [Thread-321] INFO  impl.RoleInfo (RoleInfo.java:updateAndGet(143)) - f535bb4a-cba0-4f9b-9e3e-e4a48b3eda51: start LeaderElection
2019-10-18 11:24:16,923 [f535bb4a-cba0-4f9b-9e3e-e4a48b3eda51@group-7E32184879DE-LeaderElection42] INFO  impl.LeaderElection (LeaderElection.java:askForVotes(178)) - f535bb4a-cba0-4f9b-9e3e-e4a48b3eda51@group-7E32184879DE-LeaderElection42: begin an election at term 50 for -1: [f535bb4a-cba0-4f9b-9e3e-e4a48b3eda51:0.0.0.0:44706, 54aabb14-4a7d-4ab3-adbe-2e67760b87f4:0.0.0.0:43074, c652e2ee-3322-4406-8db6-1ea643cb3197:0.0.0.0:42129], old=null
2019-10-18 11:24:16,927 [grpc-default-executor-3] INFO  impl.RaftServerImpl (RaftServerImpl.java:setRole(184)) - 54aabb14-4a7d-4ab3-adbe-2e67760b87f4@group-7E32184879DE: changes role from  FOLLOWER to FOLLOWER at term 50 for recognizeCandidate:f535bb4a-cba0-4f9b-9e3e-e4a48b3eda51
2019-10-18 11:24:16,927 [grpc-default-executor-3] INFO  impl.RoleInfo (RoleInfo.java:shutdownFollowerState(121)) - 54aabb14-4a7d-4ab3-adbe-2e67760b87f4: shutdown FollowerState
2019-10-18 11:24:16,927 [grpc-default-executor-3] INFO  impl.RoleInfo (RoleInfo.java:updateAndGet(143)) - 54aabb14-4a7d-4ab3-adbe-2e67760b87f4: start FollowerState
2019-10-18 11:24:16,928 [grpc-default-executor-1] INFO  impl.RaftServerImpl (RaftServerImpl.java:setRole(184)) - c652e2ee-3322-4406-8db6-1ea643cb3197@group-7E32184879DE: changes role from  FOLLOWER to FOLLOWER at term 50 for recognizeCandidate:f535bb4a-cba0-4f9b-9e3e-e4a48b3eda51
2019-10-18 11:24:16,928 [Thread-320] INFO  impl.FollowerState (FollowerState.java:run(117)) - 54aabb14-4a7d-4ab3-adbe-2e67760b87f4@group-7E32184879DE-FollowerState was interrupted: java.lang.InterruptedException: sleep interrupted
2019-10-18 11:24:16,928 [grpc-default-executor-1] INFO  impl.RoleInfo (RoleInfo.java:shutdownFollowerState(121)) - c652e2ee-3322-4406-8db6-1ea643cb3197: shutdown FollowerState
2019-10-18 11:24:16,928 [grpc-default-executor-1] INFO  impl.RoleInfo (RoleInfo.java:updateAndGet(143)) - c652e2ee-3322-4406-8db6-1ea643cb3197: start FollowerState
2019-10-18 11:24:16,928 [Thread-319] INFO  impl.FollowerState (FollowerState.java:run(117)) - c652e2ee-3322-4406-8db6-1ea643cb3197@group-7E32184879DE-FollowerState was interrupted: java.lang.InterruptedException: sleep interrupted
2019-10-18 11:24:16,958 [f535bb4a-cba0-4f9b-9e3e-e4a48b3eda51@group-7E32184879DE-LeaderElection42] INFO  impl.LeaderElection (LeaderElection.java:logAndReturn(56)) - f535bb4a-cba0-4f9b-9e3e-e4a48b3eda51@group-7E32184879DE-LeaderElection42: Election REJECTED; received 2 response(s) [f535bb4a-cba0-4f9b-9e3e-e4a48b3eda51<-54aabb14-4a7d-4ab3-adbe-2e67760b87f4#0:FAIL-t50, f535bb4a-cba0-4f9b-9e3e-e4a48b3eda51<-c652e2ee-3322-4406-8db6-1ea643cb3197#0:FAIL-t50] and 0 exception(s); f535bb4a-cba0-4f9b-9e3e-e4a48b3eda51@group-7E32184879DE:t50, leader=null, voted=f535bb4a-cba0-4f9b-9e3e-e4a48b3eda51, raftlog=f535bb4a-cba0-4f9b-9e3e-e4a48b3eda51@group-7E32184879DE-SegmentedRaftLog:OPENED:c-1,f-1,i0, conf=-1: [f535bb4a-cba0-4f9b-9e3e-e4a48b3eda51:0.0.0.0:44706, 54aabb14-4a7d-4ab3-adbe-2e67760b87f4:0.0.0.0:43074, c652e2ee-3322-4406-8db6-1ea643cb3197:0.0.0.0:42129], old=null
2019-10-18 11:24:16,958 [f535bb4a-cba0-4f9b-9e3e-e4a48b3eda51@group-7E32184879DE-LeaderElection42] INFO  impl.RaftServerImpl (RaftServerImpl.java:setRole(184)) - f535bb4a-cba0-4f9b-9e3e-e4a48b3eda51@group-7E32184879DE: changes role from CANDIDATE to FOLLOWER at term 50 for DISCOVERED_A_NEW_TERM
2019-10-18 11:24:16,959 [f535bb4a-cba0-4f9b-9e3e-e4a48b3eda51@group-7E32184879DE-LeaderElection42] INFO  impl.RoleInfo (RoleInfo.java:shutdownLeaderElection(134)) - f535bb4a-cba0-4f9b-9e3e-e4a48b3eda51: shutdown LeaderElection
2019-10-18 11:24:16,959 [f535bb4a-cba0-4f9b-9e3e-e4a48b3eda51@group-7E32184879DE-LeaderElection42] INFO  impl.RoleInfo (RoleInfo.java:updateAndGet(143)) - f535bb4a-cba0-4f9b-9e3e-e4a48b3eda51: start FollowerState
2019-10-18 11:24:17,027 [Thread-329] INFO  impl.FollowerState (FollowerState.java:run(108)) - f535bb4a-cba0-4f9b-9e3e-e4a48b3eda51@group-7E32184879DE-FollowerState: change to CANDIDATE, lastRpcTime:68ms, electionTimeout:68ms
2019-10-18 11:24:17,027 [Thread-329] INFO  impl.RoleInfo (RoleInfo.java:shutdownFollowerState(121)) - f535bb4a-cba0-4f9b-9e3e-e4a48b3eda51: shutdown FollowerState
2019-10-18 11:24:17,028 [Thread-329] INFO  impl.RaftServerImpl (RaftServerImpl.java:setRole(184)) - f535bb4a-cba0-4f9b-9e3e-e4a48b3eda51@group-7E32184879DE: changes role from  FOLLOWER to CANDIDATE at term 50 for changeToCandidate
2019-10-18 11:24:17,028 [Thread-329] INFO  impl.RoleInfo (RoleInfo.java:updateAndGet(143)) - f535bb4a-cba0-4f9b-9e3e-e4a48b3eda51: start LeaderElection
2019-10-18 11:24:17,057 [f535bb4a-cba0-4f9b-9e3e-e4a48b3eda51@group-7E32184879DE-LeaderElection43] INFO  impl.LeaderElection (LeaderElection.java:askForVotes(178)) - f535bb4a-cba0-4f9b-9e3e-e4a48b3eda51@group-7E32184879DE-LeaderElection43: begin an election at term 51 for -1: [f535bb4a-cba0-4f9b-9e3e-e4a48b3eda51:0.0.0.0:44706, 54aabb14-4a7d-4ab3-adbe-2e67760b87f4:0.0.0.0:43074, c652e2ee-3322-4406-8db6-1ea643cb3197:0.0.0.0:42129], old=null
2019-10-18 11:24:17,061 [grpc-default-executor-1] INFO  impl.RaftServerImpl (RaftServerImpl.java:setRole(184)) - 54aabb14-4a7d-4ab3-adbe-2e67760b87f4@group-7E32184879DE: changes role from  FOLLOWER to FOLLOWER at term 51 for recognizeCandidate:f535bb4a-cba0-4f9b-9e3e-e4a48b3eda51
2019-10-18 11:24:17,061 [grpc-default-executor-1] INFO  impl.RoleInfo (RoleInfo.java:shutdownFollowerState(121)) - 54aabb14-4a7d-4ab3-adbe-2e67760b87f4: shutdown FollowerState
2019-10-18 11:24:17,061 [grpc-default-executor-3] INFO  impl.RaftServerImpl (RaftServerImpl.java:setRole(184)) - c652e2ee-3322-4406-8db6-1ea643cb3197@group-7E32184879DE: changes role from  FOLLOWER to FOLLOWER at term 51 for recognizeCandidate:f535bb4a-cba0-4f9b-9e3e-e4a48b3eda51
2019-10-18 11:24:17,061 [Thread-327] INFO  impl.FollowerState (FollowerState.java:run(117)) - 54aabb14-4a7d-4ab3-adbe-2e67760b87f4@group-7E32184879DE-FollowerState was interrupted: java.lang.InterruptedException: sleep interrupted
2019-10-18 11:24:17,061 [grpc-default-executor-1] INFO  impl.RoleInfo (RoleInfo.java:updateAndGet(143)) - 54aabb14-4a7d-4ab3-adbe-2e67760b87f4: start FollowerState
2019-10-18 11:24:17,061 [grpc-default-executor-3] INFO  impl.RoleInfo (RoleInfo.java:shutdownFollowerState(121)) - c652e2ee-3322-4406-8db6-1ea643cb3197: shutdown FollowerState
2019-10-18 11:24:17,062 [grpc-default-executor-3] INFO  impl.RoleInfo (RoleInfo.java:updateAndGet(143)) - c652e2ee-3322-4406-8db6-1ea643cb3197: start FollowerState
2019-10-18 11:24:17,062 [Thread-328] INFO  impl.FollowerState (FollowerState.java:run(117)) - c652e2ee-3322-4406-8db6-1ea643cb3197@group-7E32184879DE-FollowerState was interrupted: java.lang.InterruptedException: sleep interrupted
2019-10-18 11:24:17,092 [f535bb4a-cba0-4f9b-9e3e-e4a48b3eda51@group-7E32184879DE-LeaderElection43] INFO  impl.LeaderElection (LeaderElection.java:logAndReturn(56)) - f535bb4a-cba0-4f9b-9e3e-e4a48b3eda51@group-7E32184879DE-LeaderElection43: Election REJECTED; received 2 response(s) [f535bb4a-cba0-4f9b-9e3e-e4a48b3eda51<-54aabb14-4a7d-4ab3-adbe-2e67760b87f4#0:FAIL-t51, f535bb4a-cba0-4f9b-9e3e-e4a48b3eda51<-c652e2ee-3322-4406-8db6-1ea643cb3197#0:FAIL-t51] and 0 exception(s); f535bb4a-cba0-4f9b-9e3e-e4a48b3eda51@group-7E32184879DE:t51, leader=null, voted=f535bb4a-cba0-4f9b-9e3e-e4a48b3eda51, raftlog=f535bb4a-cba0-4f9b-9e3e-e4a48b3eda51@group-7E32184879DE-SegmentedRaftLog:OPENED:c-1,f-1,i0, conf=-1: [f535bb4a-cba0-4f9b-9e3e-e4a48b3eda51:0.0.0.0:44706, 54aabb14-4a7d-4ab3-adbe-2e67760b87f4:0.0.0.0:43074, c652e2ee-3322-4406-8db6-1ea643cb3197:0.0.0.0:42129], old=null
2019-10-18 11:24:17,092 [f535bb4a-cba0-4f9b-9e3e-e4a48b3eda51@group-7E32184879DE-LeaderElection43] INFO  impl.RaftServerImpl (RaftServerImpl.java:setRole(184)) - f535bb4a-cba0-4f9b-9e3e-e4a48b3eda51@group-7E32184879DE: changes role from CANDIDATE to FOLLOWER at term 51 for DISCOVERED_A_NEW_TERM
2019-10-18 11:24:17,092 [f535bb4a-cba0-4f9b-9e3e-e4a48b3eda51@group-7E32184879DE-LeaderElection43] INFO  impl.RoleInfo (RoleInfo.java:shutdownLeaderElection(134)) - f535bb4a-cba0-4f9b-9e3e-e4a48b3eda51: shutdown LeaderElection
2019-10-18 11:24:17,093 [f535bb4a-cba0-4f9b-9e3e-e4a48b3eda51@group-7E32184879DE-LeaderElection43] INFO  impl.RoleInfo (RoleInfo.java:updateAndGet(143)) - f535bb4a-cba0-4f9b-9e3e-e4a48b3eda51: start FollowerState
2019-10-18 11:24:17,260 [Thread-335] INFO  impl.FollowerState (FollowerState.java:run(108)) - f535bb4a-cba0-4f9b-9e3e-e4a48b3eda51@group-7E32184879DE-FollowerState: change to CANDIDATE, lastRpcTime:167ms, electionTimeout:167ms
2019-10-18 11:24:17,260 [Thread-335] INFO  impl.RoleInfo (RoleInfo.java:shutdownFollowerState(121)) - f535bb4a-cba0-4f9b-9e3e-e4a48b3eda51: shutdown FollowerState
2019-10-18 11:24:17,261 [Thread-335] INFO  impl.RaftServerImpl (RaftServerImpl.java:setRole(184)) - f535bb4a-cba0-4f9b-9e3e-e4a48b3eda51@group-7E32184879DE: changes role from  FOLLOWER to CANDIDATE at term 51 for changeToCandidate
2019-10-18 11:24:17,261 [Thread-335] INFO  impl.RoleInfo (RoleInfo.java:updateAndGet(143)) - f535bb4a-cba0-4f9b-9e3e-e4a48b3eda51: start LeaderElection
2019-10-18 11:24:17,291 [f535bb4a-cba0-4f9b-9e3e-e4a48b3eda51@group-7E32184879DE-LeaderElection44] INFO  impl.LeaderElection (LeaderElection.java:askForVotes(178)) - f535bb4a-cba0-4f9b-9e3e-e4a48b3eda51@group-7E32184879DE-LeaderElection44: begin an election at term 52 for -1: [f535bb4a-cba0-4f9b-9e3e-e4a48b3eda51:0.0.0.0:44706, 54aabb14-4a7d-4ab3-adbe-2e67760b87f4:0.0.0.0:43074, c652e2ee-3322-4406-8db6-1ea643cb3197:0.0.0.0:42129], old=null
2019-10-18 11:24:17,294 [grpc-default-executor-3] INFO  impl.RaftServerImpl (RaftServerImpl.java:setRole(184)) - c652e2ee-3322-4406-8db6-1ea643cb3197@group-7E32184879DE: changes role from  FOLLOWER to FOLLOWER at term 52 for recognizeCandidate:f535bb4a-cba0-4f9b-9e3e-e4a48b3eda51
2019-10-18 11:24:17,295 [grpc-default-executor-1] INFO  impl.RaftServerImpl (RaftServerImpl.java:setRole(184)) - 54aabb14-4a7d-4ab3-adbe-2e67760b87f4@group-7E32184879DE: changes role from  FOLLOWER to FOLLOWER at term 52 for recognizeCandidate:f535bb4a-cba0-4f9b-9e3e-e4a48b3eda51
2019-10-18 11:24:17,295 [grpc-default-executor-3] INFO  impl.RoleInfo (RoleInfo.java:shutdownFollowerState(121)) - c652e2ee-3322-4406-8db6-1ea643cb3197: shutdown FollowerState
2019-10-18 11:24:17,295 [grpc-default-executor-1] INFO  impl.RoleInfo (RoleInfo.java:shutdownFollowerState(121)) - 54aabb14-4a7d-4ab3-adbe-2e67760b87f4: shutdown FollowerState
2019-10-18 11:24:17,295 [grpc-default-executor-3] INFO  impl.RoleInfo (RoleInfo.java:updateAndGet(143)) - c652e2ee-3322-4406-8db6-1ea643cb3197: start FollowerState
2019-10-18 11:24:17,295 [Thread-333] INFO  impl.FollowerState (FollowerState.java:run(117)) - 54aabb14-4a7d-4ab3-adbe-2e67760b87f4@group-7E32184879DE-FollowerState was interrupted: java.lang.InterruptedException: sleep interrupted
2019-10-18 11:24:17,295 [grpc-default-executor-1] INFO  impl.RoleInfo (RoleInfo.java:updateAndGet(143)) - 54aabb14-4a7d-4ab3-adbe-2e67760b87f4: start FollowerState
2019-10-18 11:24:17,295 [Thread-334] INFO  impl.FollowerState (FollowerState.java:run(117)) - c652e2ee-3322-4406-8db6-1ea643cb3197@group-7E32184879DE-FollowerState was interrupted: java.lang.InterruptedException: sleep interrupted
2019-10-18 11:24:17,326 [f535bb4a-cba0-4f9b-9e3e-e4a48b3eda51@group-7E32184879DE-LeaderElection44] INFO  impl.LeaderElection (LeaderElection.java:logAndReturn(56)) - f535bb4a-cba0-4f9b-9e3e-e4a48b3eda51@group-7E32184879DE-LeaderElection44: Election REJECTED; received 2 response(s) [f535bb4a-cba0-4f9b-9e3e-e4a48b3eda51<-54aabb14-4a7d-4ab3-adbe-2e67760b87f4#0:FAIL-t52, f535bb4a-cba0-4f9b-9e3e-e4a48b3eda51<-c652e2ee-3322-4406-8db6-1ea643cb3197#0:FAIL-t52] and 0 exception(s); f535bb4a-cba0-4f9b-9e3e-e4a48b3eda51@group-7E32184879DE:t52, leader=null, voted=f535bb4a-cba0-4f9b-9e3e-e4a48b3eda51, raftlog=f535bb4a-cba0-4f9b-9e3e-e4a48b3eda51@group-7E32184879DE-SegmentedRaftLog:OPENED:c-1,f-1,i0, conf=-1: [f535bb4a-cba0-4f9b-9e3e-e4a48b3eda51:0.0.0.0:44706, 54aabb14-4a7d-4ab3-adbe-2e67760b87f4:0.0.0.0:43074, c652e2ee-3322-4406-8db6-1ea643cb3197:0.0.0.0:42129], old=null
2019-10-18 11:24:17,326 [f535bb4a-cba0-4f9b-9e3e-e4a48b3eda51@group-7E32184879DE-LeaderElection44] INFO  impl.RaftServerImpl (RaftServerImpl.java:setRole(184)) - f535bb4a-cba0-4f9b-9e3e-e4a48b3eda51@group-7E32184879DE: changes role from CANDIDATE to FOLLOWER at term 52 for DISCOVERED_A_NEW_TERM
2019-10-18 11:24:17,326 [f535bb4a-cba0-4f9b-9e3e-e4a48b3eda51@group-7E32184879DE-LeaderElection44] INFO  impl.RoleInfo (RoleInfo.java:shutdownLeaderElection(134)) - f535bb4a-cba0-4f9b-9e3e-e4a48b3eda51: shutdown LeaderElection
2019-10-18 11:24:17,327 [f535bb4a-cba0-4f9b-9e3e-e4a48b3eda51@group-7E32184879DE-LeaderElection44] INFO  impl.RoleInfo (RoleInfo.java:updateAndGet(143)) - f535bb4a-cba0-4f9b-9e3e-e4a48b3eda51: start FollowerState
2019-10-18 11:24:17,513 [Thread-341] INFO  impl.FollowerState (FollowerState.java:run(108)) - f535bb4a-cba0-4f9b-9e3e-e4a48b3eda51@group-7E32184879DE-FollowerState: change to CANDIDATE, lastRpcTime:186ms, electionTimeout:186ms
2019-10-18 11:24:17,513 [Thread-341] INFO  impl.RoleInfo (RoleInfo.java:shutdownFollowerState(121)) - f535bb4a-cba0-4f9b-9e3e-e4a48b3eda51: shutdown FollowerState
2019-10-18 11:24:17,513 [Thread-341] INFO  impl.RaftServerImpl (RaftServerImpl.java:setRole(184)) - f535bb4a-cba0-4f9b-9e3e-e4a48b3eda51@group-7E32184879DE: changes role from  FOLLOWER to CANDIDATE at term 52 for changeToCandidate
2019-10-18 11:24:17,514 [Thread-341] INFO  impl.RoleInfo (RoleInfo.java:updateAndGet(143)) - f535bb4a-cba0-4f9b-9e3e-e4a48b3eda51: start LeaderElection
2019-10-18 11:24:17,543 [f535bb4a-cba0-4f9b-9e3e-e4a48b3eda51@group-7E32184879DE-LeaderElection45] INFO  impl.LeaderElection (LeaderElection.java:askForVotes(178)) - f535bb4a-cba0-4f9b-9e3e-e4a48b3eda51@group-7E32184879DE-LeaderElection45: begin an election at term 53 for -1: [f535bb4a-cba0-4f9b-9e3e-e4a48b3eda51:0.0.0.0:44706, 54aabb14-4a7d-4ab3-adbe-2e67760b87f4:0.0.0.0:43074, c652e2ee-3322-4406-8db6-1ea643cb3197:0.0.0.0:42129], old=null
2019-10-18 11:24:17,546 [grpc-default-executor-3] INFO  impl.RaftServerImpl (RaftServerImpl.java:setRole(184)) - 54aabb14-4a7d-4ab3-adbe-2e67760b87f4@group-7E32184879DE: changes role from  FOLLOWER to FOLLOWER at term 53 for recognizeCandidate:f535bb4a-cba0-4f9b-9e3e-e4a48b3eda51
2019-10-18 11:24:17,546 [grpc-default-executor-3] INFO  impl.RoleInfo (RoleInfo.java:shutdownFollowerState(121)) - 54aabb14-4a7d-4ab3-adbe-2e67760b87f4: shutdown FollowerState
2019-10-18 11:24:17,546 [grpc-default-executor-1] INFO  impl.RaftServerImpl (RaftServerImpl.java:setRole(184)) - c652e2ee-3322-4406-8db6-1ea643cb3197@group-7E32184879DE: changes role from  FOLLOWER to FOLLOWER at term 53 for recognizeCandidate:f535bb4a-cba0-4f9b-9e3e-e4a48b3eda51
2019-10-18 11:24:17,547 [Thread-340] INFO  impl.FollowerState (FollowerState.java:run(117)) - 54aabb14-4a7d-4ab3-adbe-2e67760b87f4@group-7E32184879DE-FollowerState was interrupted: java.lang.InterruptedException: sleep interrupted
2019-10-18 11:24:17,547 [grpc-default-executor-3] INFO  impl.RoleInfo (RoleInfo.java:updateAndGet(143)) - 54aabb14-4a7d-4ab3-adbe-2e67760b87f4: start FollowerState
2019-10-18 11:24:17,547 [grpc-default-executor-1] INFO  impl.RoleInfo (RoleInfo.java:shutdownFollowerState(121)) - c652e2ee-3322-4406-8db6-1ea643cb3197: shutdown FollowerState
2019-10-18 11:24:17,547 [grpc-default-executor-1] INFO  impl.RoleInfo (RoleInfo.java:updateAndGet(143)) - c652e2ee-3322-4406-8db6-1ea643cb3197: start FollowerState
2019-10-18 11:24:17,547 [Thread-339] INFO  impl.FollowerState (FollowerState.java:run(117)) - c652e2ee-3322-4406-8db6-1ea643cb3197@group-7E32184879DE-FollowerState was interrupted: java.lang.InterruptedException: sleep interrupted
2019-10-18 11:24:17,578 [f535bb4a-cba0-4f9b-9e3e-e4a48b3eda51@group-7E32184879DE-LeaderElection45] INFO  impl.LeaderElection (LeaderElection.java:logAndReturn(56)) - f535bb4a-cba0-4f9b-9e3e-e4a48b3eda51@group-7E32184879DE-LeaderElection45: Election REJECTED; received 2 response(s) [f535bb4a-cba0-4f9b-9e3e-e4a48b3eda51<-54aabb14-4a7d-4ab3-adbe-2e67760b87f4#0:FAIL-t53, f535bb4a-cba0-4f9b-9e3e-e4a48b3eda51<-c652e2ee-3322-4406-8db6-1ea643cb3197#0:FAIL-t53] and 0 exception(s); f535bb4a-cba0-4f9b-9e3e-e4a48b3eda51@group-7E32184879DE:t53, leader=null, voted=f535bb4a-cba0-4f9b-9e3e-e4a48b3eda51, raftlog=f535bb4a-cba0-4f9b-9e3e-e4a48b3eda51@group-7E32184879DE-SegmentedRaftLog:OPENED:c-1,f-1,i0, conf=-1: [f535bb4a-cba0-4f9b-9e3e-e4a48b3eda51:0.0.0.0:44706, 54aabb14-4a7d-4ab3-adbe-2e67760b87f4:0.0.0.0:43074, c652e2ee-3322-4406-8db6-1ea643cb3197:0.0.0.0:42129], old=null
2019-10-18 11:24:17,578 [f535bb4a-cba0-4f9b-9e3e-e4a48b3eda51@group-7E32184879DE-LeaderElection45] INFO  impl.RaftServerImpl (RaftServerImpl.java:setRole(184)) - f535bb4a-cba0-4f9b-9e3e-e4a48b3eda51@group-7E32184879DE: changes role from CANDIDATE to FOLLOWER at term 53 for DISCOVERED_A_NEW_TERM
2019-10-18 11:24:17,578 [f535bb4a-cba0-4f9b-9e3e-e4a48b3eda51@group-7E32184879DE-LeaderElection45] INFO  impl.RoleInfo (RoleInfo.java:shutdownLeaderElection(134)) - f535bb4a-cba0-4f9b-9e3e-e4a48b3eda51: shutdown LeaderElection
2019-10-18 11:24:17,579 [f535bb4a-cba0-4f9b-9e3e-e4a48b3eda51@group-7E32184879DE-LeaderElection45] INFO  impl.RoleInfo (RoleInfo.java:updateAndGet(143)) - f535bb4a-cba0-4f9b-9e3e-e4a48b3eda51: start FollowerState
2019-10-18 11:24:17,746 [Thread-347] INFO  impl.FollowerState (FollowerState.java:run(108)) - f535bb4a-cba0-4f9b-9e3e-e4a48b3eda51@group-7E32184879DE-FollowerState: change to CANDIDATE, lastRpcTime:167ms, electionTimeout:167ms
2019-10-18 11:24:17,746 [Thread-347] INFO  impl.RoleInfo (RoleInfo.java:shutdownFollowerState(121)) - f535bb4a-cba0-4f9b-9e3e-e4a48b3eda51: shutdown FollowerState
2019-10-18 11:24:17,747 [Thread-347] INFO  impl.RaftServerImpl (RaftServerImpl.java:setRole(184)) - f535bb4a-cba0-4f9b-9e3e-e4a48b3eda51@group-7E32184879DE: changes role from  FOLLOWER to CANDIDATE at term 53 for changeToCandidate
2019-10-18 11:24:17,747 [Thread-347] INFO  impl.RoleInfo (RoleInfo.java:updateAndGet(143)) - f535bb4a-cba0-4f9b-9e3e-e4a48b3eda51: start LeaderElection
2019-10-18 11:24:17,785 [f535bb4a-cba0-4f9b-9e3e-e4a48b3eda51@group-7E32184879DE-LeaderElection46] INFO  impl.LeaderElection (LeaderElection.java:askForVotes(178)) - f535bb4a-cba0-4f9b-9e3e-e4a48b3eda51@group-7E32184879DE-LeaderElection46: begin an election at term 54 for -1: [f535bb4a-cba0-4f9b-9e3e-e4a48b3eda51:0.0.0.0:44706, 54aabb14-4a7d-4ab3-adbe-2e67760b87f4:0.0.0.0:43074, c652e2ee-3322-4406-8db6-1ea643cb3197:0.0.0.0:42129], old=null
2019-10-18 11:24:17,788 [grpc-default-executor-3] INFO  impl.RaftServerImpl (RaftServerImpl.java:setRole(184)) - 54aabb14-4a7d-4ab3-adbe-2e67760b87f4@group-7E32184879DE: changes role from  FOLLOWER to FOLLOWER at term 54 for recognizeCandidate:f535bb4a-cba0-4f9b-9e3e-e4a48b3eda51
2019-10-18 11:24:17,788 [grpc-default-executor-3] INFO  impl.RoleInfo (RoleInfo.java:shutdownFollowerState(121)) - 54aabb14-4a7d-4ab3-adbe-2e67760b87f4: shutdown FollowerState
2019-10-18 11:24:17,788 [grpc-default-executor-1] INFO  impl.RaftServerImpl (RaftServerImpl.java:setRole(184)) - c652e2ee-3322-4406-8db6-1ea643cb3197@group-7E32184879DE: changes role from  FOLLOWER to FOLLOWER at term 54 for recognizeCandidate:f535bb4a-cba0-4f9b-9e3e-e4a48b3eda51
2019-10-18 11:24:17,788 [grpc-default-executor-1] INFO  impl.RoleInfo (RoleInfo.java:shutdownFollowerState(121)) - c652e2ee-3322-4406-8db6-1ea643cb3197: shutdown FollowerState
2019-10-18 11:24:17,788 [Thread-345] INFO  impl.FollowerState (FollowerState.java:run(117)) - 54aabb14-4a7d-4ab3-adbe-2e67760b87f4@group-7E32184879DE-FollowerState was interrupted: java.lang.InterruptedException: sleep interrupted
2019-10-18 11:24:17,788 [grpc-default-executor-3] INFO  impl.RoleInfo (RoleInfo.java:updateAndGet(143)) - 54aabb14-4a7d-4ab3-adbe-2e67760b87f4: start FollowerState
2019-10-18 11:24:17,789 [Thread-346] INFO  impl.FollowerState (FollowerState.java:run(117)) - c652e2ee-3322-4406-8db6-1ea643cb3197@group-7E32184879DE-FollowerState was interrupted: java.lang.InterruptedException: sleep interrupted
2019-10-18 11:24:17,789 [grpc-default-executor-1] INFO  impl.RoleInfo (RoleInfo.java:updateAndGet(143)) - c652e2ee-3322-4406-8db6-1ea643cb3197: start FollowerState
2019-10-18 11:24:17,812 [f535bb4a-cba0-4f9b-9e3e-e4a48b3eda51@group-7E32184879DE-LeaderElection46] INFO  impl.LeaderElection (LeaderElection.java:logAndReturn(56)) - f535bb4a-cba0-4f9b-9e3e-e4a48b3eda51@group-7E32184879DE-LeaderElection46: Election REJECTED; received 2 response(s) [f535bb4a-cba0-4f9b-9e3e-e4a48b3eda51<-54aabb14-4a7d-4ab3-adbe-2e67760b87f4#0:FAIL-t54, f535bb4a-cba0-4f9b-9e3e-e4a48b3eda51<-c652e2ee-3322-4406-8db6-1ea643cb3197#0:FAIL-t54] and 0 exception(s); f535bb4a-cba0-4f9b-9e3e-e4a48b3eda51@group-7E32184879DE:t54, leader=null, voted=f535bb4a-cba0-4f9b-9e3e-e4a48b3eda51, raftlog=f535bb4a-cba0-4f9b-9e3e-e4a48b3eda51@group-7E32184879DE-SegmentedRaftLog:OPENED:c-1,f-1,i0, conf=-1: [f535bb4a-cba0-4f9b-9e3e-e4a48b3eda51:0.0.0.0:44706, 54aabb14-4a7d-4ab3-adbe-2e67760b87f4:0.0.0.0:43074, c652e2ee-3322-4406-8db6-1ea643cb3197:0.0.0.0:42129], old=null
2019-10-18 11:24:17,812 [f535bb4a-cba0-4f9b-9e3e-e4a48b3eda51@group-7E32184879DE-LeaderElection46] INFO  impl.RaftServerImpl (RaftServerImpl.java:setRole(184)) - f535bb4a-cba0-4f9b-9e3e-e4a48b3eda51@group-7E32184879DE: changes role from CANDIDATE to FOLLOWER at term 54 for DISCOVERED_A_NEW_TERM
2019-10-18 11:24:17,813 [f535bb4a-cba0-4f9b-9e3e-e4a48b3eda51@group-7E32184879DE-LeaderElection46] INFO  impl.RoleInfo (RoleInfo.java:shutdownLeaderElection(134)) - f535bb4a-cba0-4f9b-9e3e-e4a48b3eda51: shutdown LeaderElection
2019-10-18 11:24:17,813 [f535bb4a-cba0-4f9b-9e3e-e4a48b3eda51@group-7E32184879DE-LeaderElection46] INFO  impl.RoleInfo (RoleInfo.java:updateAndGet(143)) - f535bb4a-cba0-4f9b-9e3e-e4a48b3eda51: start FollowerState
2019-10-18 11:24:17,824 [Thread-353] INFO  impl.FollowerState (FollowerState.java:run(108)) - f535bb4a-cba0-4f9b-9e3e-e4a48b3eda51@group-7E32184879DE-FollowerState: change to CANDIDATE, lastRpcTime:11ms, electionTimeout:11ms
2019-10-18 11:24:17,824 [Thread-353] INFO  impl.RoleInfo (RoleInfo.java:shutdownFollowerState(121)) - f535bb4a-cba0-4f9b-9e3e-e4a48b3eda51: shutdown FollowerState
2019-10-18 11:24:17,825 [Thread-353] INFO  impl.RaftServerImpl (RaftServerImpl.java:setRole(184)) - f535bb4a-cba0-4f9b-9e3e-e4a48b3eda51@group-7E32184879DE: changes role from  FOLLOWER to CANDIDATE at term 54 for changeToCandidate
2019-10-18 11:24:17,825 [Thread-353] INFO  impl.RoleInfo (RoleInfo.java:updateAndGet(143)) - f535bb4a-cba0-4f9b-9e3e-e4a48b3eda51: start LeaderElection
2019-10-18 11:24:17,877 [f535bb4a-cba0-4f9b-9e3e-e4a48b3eda51@group-7E32184879DE-LeaderElection47] INFO  impl.LeaderElection (LeaderElection.java:askForVotes(178)) - f535bb4a-cba0-4f9b-9e3e-e4a48b3eda51@group-7E32184879DE-LeaderElection47: begin an election at term 55 for -1: [f535bb4a-cba0-4f9b-9e3e-e4a48b3eda51:0.0.0.0:44706, 54aabb14-4a7d-4ab3-adbe-2e67760b87f4:0.0.0.0:43074, c652e2ee-3322-4406-8db6-1ea643cb3197:0.0.0.0:42129], old=null
2019-10-18 11:24:17,880 [grpc-default-executor-1] INFO  impl.RaftServerImpl (RaftServerImpl.java:setRole(184)) - c652e2ee-3322-4406-8db6-1ea643cb3197@group-7E32184879DE: changes role from  FOLLOWER to FOLLOWER at term 55 for recognizeCandidate:f535bb4a-cba0-4f9b-9e3e-e4a48b3eda51
2019-10-18 11:24:17,880 [grpc-default-executor-3] INFO  impl.RaftServerImpl (RaftServerImpl.java:setRole(184)) - 54aabb14-4a7d-4ab3-adbe-2e67760b87f4@group-7E32184879DE: changes role from  FOLLOWER to FOLLOWER at term 55 for recognizeCandidate:f535bb4a-cba0-4f9b-9e3e-e4a48b3eda51
2019-10-18 11:24:17,880 [grpc-default-executor-1] INFO  impl.RoleInfo (RoleInfo.java:shutdownFollowerState(121)) - c652e2ee-3322-4406-8db6-1ea643cb3197: shutdown FollowerState
2019-10-18 11:24:17,881 [grpc-default-executor-3] INFO  impl.RoleInfo (RoleInfo.java:shutdownFollowerState(121)) - 54aabb14-4a7d-4ab3-adbe-2e67760b87f4: shutdown FollowerState
2019-10-18 11:24:17,881 [Thread-352] INFO  impl.FollowerState (FollowerState.java:run(117)) - c652e2ee-3322-4406-8db6-1ea643cb3197@group-7E32184879DE-FollowerState was interrupted: java.lang.InterruptedException: sleep interrupted
2019-10-18 11:24:17,881 [Thread-351] INFO  impl.FollowerState (FollowerState.java:run(117)) - 54aabb14-4a7d-4ab3-adbe-2e67760b87f4@group-7E32184879DE-FollowerState was interrupted: java.lang.InterruptedException: sleep interrupted
2019-10-18 11:24:17,881 [grpc-default-executor-1] INFO  impl.RoleInfo (RoleInfo.java:updateAndGet(143)) - c652e2ee-3322-4406-8db6-1ea643cb3197: start FollowerState
2019-10-18 11:24:17,881 [grpc-default-executor-3] INFO  impl.RoleInfo (RoleInfo.java:updateAndGet(143)) - 54aabb14-4a7d-4ab3-adbe-2e67760b87f4: start FollowerState
2019-10-18 11:24:17,904 [f535bb4a-cba0-4f9b-9e3e-e4a48b3eda51@group-7E32184879DE-LeaderElection47] INFO  impl.LeaderElection (LeaderElection.java:logAndReturn(56)) - f535bb4a-cba0-4f9b-9e3e-e4a48b3eda51@group-7E32184879DE-LeaderElection47: Election REJECTED; received 2 response(s) [f535bb4a-cba0-4f9b-9e3e-e4a48b3eda51<-54aabb14-4a7d-4ab3-adbe-2e67760b87f4#0:FAIL-t55, f535bb4a-cba0-4f9b-9e3e-e4a48b3eda51<-c652e2ee-3322-4406-8db6-1ea643cb3197#0:FAIL-t55] and 0 exception(s); f535bb4a-cba0-4f9b-9e3e-e4a48b3eda51@group-7E32184879DE:t55, leader=null, voted=f535bb4a-cba0-4f9b-9e3e-e4a48b3eda51, raftlog=f535bb4a-cba0-4f9b-9e3e-e4a48b3eda51@group-7E32184879DE-SegmentedRaftLog:OPENED:c-1,f-1,i0, conf=-1: [f535bb4a-cba0-4f9b-9e3e-e4a48b3eda51:0.0.0.0:44706, 54aabb14-4a7d-4ab3-adbe-2e67760b87f4:0.0.0.0:43074, c652e2ee-3322-4406-8db6-1ea643cb3197:0.0.0.0:42129], old=null
2019-10-18 11:24:17,904 [f535bb4a-cba0-4f9b-9e3e-e4a48b3eda51@group-7E32184879DE-LeaderElection47] INFO  impl.RaftServerImpl (RaftServerImpl.java:setRole(184)) - f535bb4a-cba0-4f9b-9e3e-e4a48b3eda51@group-7E32184879DE: changes role from CANDIDATE to FOLLOWER at term 55 for DISCOVERED_A_NEW_TERM
2019-10-18 11:24:17,904 [f535bb4a-cba0-4f9b-9e3e-e4a48b3eda51@group-7E32184879DE-LeaderElection47] INFO  impl.RoleInfo (RoleInfo.java:shutdownLeaderElection(134)) - f535bb4a-cba0-4f9b-9e3e-e4a48b3eda51: shutdown LeaderElection
2019-10-18 11:24:17,904 [f535bb4a-cba0-4f9b-9e3e-e4a48b3eda51@group-7E32184879DE-LeaderElection47] INFO  impl.RoleInfo (RoleInfo.java:updateAndGet(143)) - f535bb4a-cba0-4f9b-9e3e-e4a48b3eda51: start FollowerState
2019-10-18 11:24:17,991 [Thread-361] INFO  impl.FollowerState (FollowerState.java:run(108)) - f535bb4a-cba0-4f9b-9e3e-e4a48b3eda51@group-7E32184879DE-FollowerState: change to CANDIDATE, lastRpcTime:86ms, electionTimeout:86ms
2019-10-18 11:24:17,991 [Thread-361] INFO  impl.RoleInfo (RoleInfo.java:shutdownFollowerState(121)) - f535bb4a-cba0-4f9b-9e3e-e4a48b3eda51: shutdown FollowerState
2019-10-18 11:24:17,992 [Thread-361] INFO  impl.RaftServerImpl (RaftServerImpl.java:setRole(184)) - f535bb4a-cba0-4f9b-9e3e-e4a48b3eda51@group-7E32184879DE: changes role from  FOLLOWER to CANDIDATE at term 55 for changeToCandidate
2019-10-18 11:24:17,992 [Thread-361] INFO  impl.RoleInfo (RoleInfo.java:updateAndGet(143)) - f535bb4a-cba0-4f9b-9e3e-e4a48b3eda51: start LeaderElection
2019-10-18 11:24:18,020 [f535bb4a-cba0-4f9b-9e3e-e4a48b3eda51@group-7E32184879DE-LeaderElection48] INFO  impl.LeaderElection (LeaderElection.java:askForVotes(178)) - f535bb4a-cba0-4f9b-9e3e-e4a48b3eda51@group-7E32184879DE-LeaderElection48: begin an election at term 56 for -1: [f535bb4a-cba0-4f9b-9e3e-e4a48b3eda51:0.0.0.0:44706, 54aabb14-4a7d-4ab3-adbe-2e67760b87f4:0.0.0.0:43074, c652e2ee-3322-4406-8db6-1ea643cb3197:0.0.0.0:42129], old=null
2019-10-18 11:24:18,023 [grpc-default-executor-3] INFO  impl.RaftServerImpl (RaftServerImpl.java:setRole(184)) - 54aabb14-4a7d-4ab3-adbe-2e67760b87f4@group-7E32184879DE: changes role from  FOLLOWER to FOLLOWER at term 56 for recognizeCandidate:f535bb4a-cba0-4f9b-9e3e-e4a48b3eda51
2019-10-18 11:24:18,023 [grpc-default-executor-1] INFO  impl.RaftServerImpl (RaftServerImpl.java:setRole(184)) - c652e2ee-3322-4406-8db6-1ea643cb3197@group-7E32184879DE: changes role from  FOLLOWER to FOLLOWER at term 56 for recognizeCandidate:f535bb4a-cba0-4f9b-9e3e-e4a48b3eda51
2019-10-18 11:24:18,023 [grpc-default-executor-3] INFO  impl.RoleInfo (RoleInfo.java:shutdownFollowerState(121)) - 54aabb14-4a7d-4ab3-adbe-2e67760b87f4: shutdown FollowerState
2019-10-18 11:24:18,023 [grpc-default-executor-1] INFO  impl.RoleInfo (RoleInfo.java:shutdownFollowerState(121)) - c652e2ee-3322-4406-8db6-1ea643cb3197: shutdown FollowerState
2019-10-18 11:24:18,024 [Thread-360] INFO  impl.FollowerState (FollowerState.java:run(117)) - 54aabb14-4a7d-4ab3-adbe-2e67760b87f4@group-7E32184879DE-FollowerState was interrupted: java.lang.InterruptedException: sleep interrupted
2019-10-18 11:24:18,024 [grpc-default-executor-3] INFO  impl.RoleInfo (RoleInfo.java:updateAndGet(143)) - 54aabb14-4a7d-4ab3-adbe-2e67760b87f4: start FollowerState
2019-10-18 11:24:18,024 [Thread-359] INFO  impl.FollowerState (FollowerState.java:run(117)) - c652e2ee-3322-4406-8db6-1ea643cb3197@group-7E32184879DE-FollowerState was interrupted: java.lang.InterruptedException: sleep interrupted
2019-10-18 11:24:18,024 [grpc-default-executor-1] INFO  impl.RoleInfo (RoleInfo.java:updateAndGet(143)) - c652e2ee-3322-4406-8db6-1ea643cb3197: start FollowerState
2019-10-18 11:24:18,047 [f535bb4a-cba0-4f9b-9e3e-e4a48b3eda51@group-7E32184879DE-LeaderElection48] INFO  impl.LeaderElection (LeaderElection.java:logAndReturn(56)) - f535bb4a-cba0-4f9b-9e3e-e4a48b3eda51@group-7E32184879DE-LeaderElection48: Election REJECTED; received 2 response(s) [f535bb4a-cba0-4f9b-9e3e-e4a48b3eda51<-54aabb14-4a7d-4ab3-adbe-2e67760b87f4#0:FAIL-t56, f535bb4a-cba0-4f9b-9e3e-e4a48b3eda51<-c652e2ee-3322-4406-8db6-1ea643cb3197#0:FAIL-t56] and 0 exception(s); f535bb4a-cba0-4f9b-9e3e-e4a48b3eda51@group-7E32184879DE:t56, leader=null, voted=f535bb4a-cba0-4f9b-9e3e-e4a48b3eda51, raftlog=f535bb4a-cba0-4f9b-9e3e-e4a48b3eda51@group-7E32184879DE-SegmentedRaftLog:OPENED:c-1,f-1,i0, conf=-1: [f535bb4a-cba0-4f9b-9e3e-e4a48b3eda51:0.0.0.0:44706, 54aabb14-4a7d-4ab3-adbe-2e67760b87f4:0.0.0.0:43074, c652e2ee-3322-4406-8db6-1ea643cb3197:0.0.0.0:42129], old=null
2019-10-18 11:24:18,047 [f535bb4a-cba0-4f9b-9e3e-e4a48b3eda51@group-7E32184879DE-LeaderElection48] INFO  impl.RaftServerImpl (RaftServerImpl.java:setRole(184)) - f535bb4a-cba0-4f9b-9e3e-e4a48b3eda51@group-7E32184879DE: changes role from CANDIDATE to FOLLOWER at term 56 for DISCOVERED_A_NEW_TERM
2019-10-18 11:24:18,047 [f535bb4a-cba0-4f9b-9e3e-e4a48b3eda51@group-7E32184879DE-LeaderElection48] INFO  impl.RoleInfo (RoleInfo.java:shutdownLeaderElection(134)) - f535bb4a-cba0-4f9b-9e3e-e4a48b3eda51: shutdown LeaderElection
2019-10-18 11:24:18,047 [f535bb4a-cba0-4f9b-9e3e-e4a48b3eda51@group-7E32184879DE-LeaderElection48] INFO  impl.RoleInfo (RoleInfo.java:updateAndGet(143)) - f535bb4a-cba0-4f9b-9e3e-e4a48b3eda51: start FollowerState
2019-10-18 11:24:18,206 [Thread-367] INFO  impl.FollowerState (FollowerState.java:run(108)) - f535bb4a-cba0-4f9b-9e3e-e4a48b3eda51@group-7E32184879DE-FollowerState: change to CANDIDATE, lastRpcTime:159ms, electionTimeout:159ms
2019-10-18 11:24:18,207 [Thread-367] INFO  impl.RoleInfo (RoleInfo.java:shutdownFollowerState(121)) - f535bb4a-cba0-4f9b-9e3e-e4a48b3eda51: shutdown FollowerState
2019-10-18 11:24:18,207 [Thread-367] INFO  impl.RaftServerImpl (RaftServerImpl.java:setRole(184)) - f535bb4a-cba0-4f9b-9e3e-e4a48b3eda51@group-7E32184879DE: changes role from  FOLLOWER to CANDIDATE at term 56 for changeToCandidate
2019-10-18 11:24:18,207 [Thread-367] INFO  impl.RoleInfo (RoleInfo.java:updateAndGet(143)) - f535bb4a-cba0-4f9b-9e3e-e4a48b3eda51: start LeaderElection
2019-10-18 11:24:18,237 [f535bb4a-cba0-4f9b-9e3e-e4a48b3eda51@group-7E32184879DE-LeaderElection49] INFO  impl.LeaderElection (LeaderElection.java:askForVotes(178)) - f535bb4a-cba0-4f9b-9e3e-e4a48b3eda51@group-7E32184879DE-LeaderElection49: begin an election at term 57 for -1: [f535bb4a-cba0-4f9b-9e3e-e4a48b3eda51:0.0.0.0:44706, 54aabb14-4a7d-4ab3-adbe-2e67760b87f4:0.0.0.0:43074, c652e2ee-3322-4406-8db6-1ea643cb3197:0.0.0.0:42129], old=null
2019-10-18 11:24:18,241 [grpc-default-executor-1] INFO  impl.RaftServerImpl (RaftServerImpl.java:setRole(184)) - 54aabb14-4a7d-4ab3-adbe-2e67760b87f4@group-7E32184879DE: changes role from  FOLLOWER to FOLLOWER at term 57 for recognizeCandidate:f535bb4a-cba0-4f9b-9e3e-e4a48b3eda51
2019-10-18 11:24:18,241 [grpc-default-executor-3] INFO  impl.RaftServerImpl (RaftServerImpl.java:setRole(184)) - c652e2ee-3322-4406-8db6-1ea643cb3197@group-7E32184879DE: changes role from  FOLLOWER to FOLLOWER at term 57 for recognizeCandidate:f535bb4a-cba0-4f9b-9e3e-e4a48b3eda51
2019-10-18 11:24:18,241 [grpc-default-executor-1] INFO  impl.RoleInfo (RoleInfo.java:shutdownFollowerState(121)) - 54aabb14-4a7d-4ab3-adbe-2e67760b87f4: shutdown FollowerState
2019-10-18 11:24:18,241 [grpc-default-executor-3] INFO  impl.RoleInfo (RoleInfo.java:shutdownFollowerState(121)) - c652e2ee-3322-4406-8db6-1ea643cb3197: shutdown FollowerState
2019-10-18 11:24:18,241 [Thread-365] INFO  impl.FollowerState (FollowerState.java:run(117)) - 54aabb14-4a7d-4ab3-adbe-2e67760b87f4@group-7E32184879DE-FollowerState was interrupted: java.lang.InterruptedException: sleep interrupted
2019-10-18 11:24:18,241 [grpc-default-executor-1] INFO  impl.RoleInfo (RoleInfo.java:updateAndGet(143)) - 54aabb14-4a7d-4ab3-adbe-2e67760b87f4: start FollowerState
2019-10-18 11:24:18,241 [Thread-366] INFO  impl.FollowerState (FollowerState.java:run(117)) - c652e2ee-3322-4406-8db6-1ea643cb3197@group-7E32184879DE-FollowerState was interrupted: java.lang.InterruptedException: sleep interrupted
2019-10-18 11:24:18,241 [grpc-default-executor-3] INFO  impl.RoleInfo (RoleInfo.java:updateAndGet(143)) - c652e2ee-3322-4406-8db6-1ea643cb3197: start FollowerState
2019-10-18 11:24:18,272 [f535bb4a-cba0-4f9b-9e3e-e4a48b3eda51@group-7E32184879DE-LeaderElection49] INFO  impl.LeaderElection (LeaderElection.java:logAndReturn(56)) - f535bb4a-cba0-4f9b-9e3e-e4a48b3eda51@group-7E32184879DE-LeaderElection49: Election REJECTED; received 2 response(s) [f535bb4a-cba0-4f9b-9e3e-e4a48b3eda51<-54aabb14-4a7d-4ab3-adbe-2e67760b87f4#0:FAIL-t57, f535bb4a-cba0-4f9b-9e3e-e4a48b3eda51<-c652e2ee-3322-4406-8db6-1ea643cb3197#0:FAIL-t57] and 0 exception(s); f535bb4a-cba0-4f9b-9e3e-e4a48b3eda51@group-7E32184879DE:t57, leader=null, voted=f535bb4a-cba0-4f9b-9e3e-e4a48b3eda51, raftlog=f535bb4a-cba0-4f9b-9e3e-e4a48b3eda51@group-7E32184879DE-SegmentedRaftLog:OPENED:c-1,f-1,i0, conf=-1: [f535bb4a-cba0-4f9b-9e3e-e4a48b3eda51:0.0.0.0:44706, 54aabb14-4a7d-4ab3-adbe-2e67760b87f4:0.0.0.0:43074, c652e2ee-3322-4406-8db6-1ea643cb3197:0.0.0.0:42129], old=null
2019-10-18 11:24:18,272 [f535bb4a-cba0-4f9b-9e3e-e4a48b3eda51@group-7E32184879DE-LeaderElection49] INFO  impl.RaftServerImpl (RaftServerImpl.java:setRole(184)) - f535bb4a-cba0-4f9b-9e3e-e4a48b3eda51@group-7E32184879DE: changes role from CANDIDATE to FOLLOWER at term 57 for DISCOVERED_A_NEW_TERM
2019-10-18 11:24:18,273 [f535bb4a-cba0-4f9b-9e3e-e4a48b3eda51@group-7E32184879DE-LeaderElection49] INFO  impl.RoleInfo (RoleInfo.java:shutdownLeaderElection(134)) - f535bb4a-cba0-4f9b-9e3e-e4a48b3eda51: shutdown LeaderElection
2019-10-18 11:24:18,273 [f535bb4a-cba0-4f9b-9e3e-e4a48b3eda51@group-7E32184879DE-LeaderElection49] INFO  impl.RoleInfo (RoleInfo.java:updateAndGet(143)) - f535bb4a-cba0-4f9b-9e3e-e4a48b3eda51: start FollowerState
2019-10-18 11:24:18,340 [Thread-373] INFO  impl.FollowerState (FollowerState.java:run(108)) - f535bb4a-cba0-4f9b-9e3e-e4a48b3eda51@group-7E32184879DE-FollowerState: change to CANDIDATE, lastRpcTime:67ms, electionTimeout:67ms
2019-10-18 11:24:18,340 [Thread-373] INFO  impl.RoleInfo (RoleInfo.java:shutdownFollowerState(121)) - f535bb4a-cba0-4f9b-9e3e-e4a48b3eda51: shutdown FollowerState
2019-10-18 11:24:18,341 [Thread-373] INFO  impl.RaftServerImpl (RaftServerImpl.java:setRole(184)) - f535bb4a-cba0-4f9b-9e3e-e4a48b3eda51@group-7E32184879DE: changes role from  FOLLOWER to CANDIDATE at term 57 for changeToCandidate
2019-10-18 11:24:18,341 [Thread-373] INFO  impl.RoleInfo (RoleInfo.java:updateAndGet(143)) - f535bb4a-cba0-4f9b-9e3e-e4a48b3eda51: start LeaderElection
2019-10-18 11:24:18,371 [f535bb4a-cba0-4f9b-9e3e-e4a48b3eda51@group-7E32184879DE-LeaderElection50] INFO  impl.LeaderElection (LeaderElection.java:askForVotes(178)) - f535bb4a-cba0-4f9b-9e3e-e4a48b3eda51@group-7E32184879DE-LeaderElection50: begin an election at term 58 for -1: [f535bb4a-cba0-4f9b-9e3e-e4a48b3eda51:0.0.0.0:44706, 54aabb14-4a7d-4ab3-adbe-2e67760b87f4:0.0.0.0:43074, c652e2ee-3322-4406-8db6-1ea643cb3197:0.0.0.0:42129], old=null
2019-10-18 11:24:18,372 [f535bb4a-cba0-4f9b-9e3e-e4a48b3eda51@group-7E32184879DE-LeaderElection50] INFO  impl.LeaderElection (LeaderElection.java:logAndReturn(56)) - f535bb4a-cba0-4f9b-9e3e-e4a48b3eda51@group-7E32184879DE-LeaderElection50: Election TIMEOUT; received 0 response(s) [] and 0 exception(s); f535bb4a-cba0-4f9b-9e3e-e4a48b3eda51@group-7E32184879DE:t58, leader=null, voted=f535bb4a-cba0-4f9b-9e3e-e4a48b3eda51, raftlog=f535bb4a-cba0-4f9b-9e3e-e4a48b3eda51@group-7E32184879DE-SegmentedRaftLog:OPENED:c-1,f-1,i0, conf=-1: [f535bb4a-cba0-4f9b-9e3e-e4a48b3eda51:0.0.0.0:44706, 54aabb14-4a7d-4ab3-adbe-2e67760b87f4:0.0.0.0:43074, c652e2ee-3322-4406-8db6-1ea643cb3197:0.0.0.0:42129], old=null
2019-10-18 11:24:18,375 [grpc-default-executor-1] INFO  impl.RaftServerImpl (RaftServerImpl.java:setRole(184)) - 54aabb14-4a7d-4ab3-adbe-2e67760b87f4@group-7E32184879DE: changes role from  FOLLOWER to FOLLOWER at term 58 for recognizeCandidate:f535bb4a-cba0-4f9b-9e3e-e4a48b3eda51
2019-10-18 11:24:18,375 [grpc-default-executor-3] INFO  impl.RaftServerImpl (RaftServerImpl.java:setRole(184)) - c652e2ee-3322-4406-8db6-1ea643cb3197@group-7E32184879DE: changes role from  FOLLOWER to FOLLOWER at term 58 for recognizeCandidate:f535bb4a-cba0-4f9b-9e3e-e4a48b3eda51
2019-10-18 11:24:18,375 [grpc-default-executor-1] INFO  impl.RoleInfo (RoleInfo.java:shutdownFollowerState(121)) - 54aabb14-4a7d-4ab3-adbe-2e67760b87f4: shutdown FollowerState
2019-10-18 11:24:18,375 [grpc-default-executor-3] INFO  impl.RoleInfo (RoleInfo.java:shutdownFollowerState(121)) - c652e2ee-3322-4406-8db6-1ea643cb3197: shutdown FollowerState
2019-10-18 11:24:18,375 [Thread-371] INFO  impl.FollowerState (FollowerState.java:run(117)) - 54aabb14-4a7d-4ab3-adbe-2e67760b87f4@group-7E32184879DE-FollowerState was interrupted: java.lang.InterruptedException: sleep interrupted
2019-10-18 11:24:18,375 [grpc-default-executor-1] INFO  impl.RoleInfo (RoleInfo.java:updateAndGet(143)) - 54aabb14-4a7d-4ab3-adbe-2e67760b87f4: start FollowerState
2019-10-18 11:24:18,375 [grpc-default-executor-3] INFO  impl.RoleInfo (RoleInfo.java:updateAndGet(143)) - c652e2ee-3322-4406-8db6-1ea643cb3197: start FollowerState
2019-10-18 11:24:18,375 [Thread-372] INFO  impl.FollowerState (FollowerState.java:run(117)) - c652e2ee-3322-4406-8db6-1ea643cb3197@group-7E32184879DE-FollowerState was interrupted: java.lang.InterruptedException: sleep interrupted
2019-10-18 11:24:18,397 [f535bb4a-cba0-4f9b-9e3e-e4a48b3eda51@group-7E32184879DE-LeaderElection50] INFO  impl.LeaderElection (LeaderElection.java:askForVotes(178)) - f535bb4a-cba0-4f9b-9e3e-e4a48b3eda51@group-7E32184879DE-LeaderElection50: begin an election at term 59 for -1: [f535bb4a-cba0-4f9b-9e3e-e4a48b3eda51:0.0.0.0:44706, 54aabb14-4a7d-4ab3-adbe-2e67760b87f4:0.0.0.0:43074, c652e2ee-3322-4406-8db6-1ea643cb3197:0.0.0.0:42129], old=null
2019-10-18 11:24:18,399 [grpc-default-executor-1] INFO  impl.RaftServerImpl (RaftServerImpl.java:setRole(184)) - 54aabb14-4a7d-4ab3-adbe-2e67760b87f4@group-7E32184879DE: changes role from  FOLLOWER to FOLLOWER at term 59 for recognizeCandidate:f535bb4a-cba0-4f9b-9e3e-e4a48b3eda51
2019-10-18 11:24:18,399 [grpc-default-executor-3] INFO  impl.RaftServerImpl (RaftServerImpl.java:setRole(184)) - c652e2ee-3322-4406-8db6-1ea643cb3197@group-7E32184879DE: changes role from  FOLLOWER to FOLLOWER at term 59 for recognizeCandidate:f535bb4a-cba0-4f9b-9e3e-e4a48b3eda51
2019-10-18 11:24:18,399 [grpc-default-executor-1] INFO  impl.RoleInfo (RoleInfo.java:shutdownFollowerState(121)) - 54aabb14-4a7d-4ab3-adbe-2e67760b87f4: shutdown FollowerState
2019-10-18 11:24:18,399 [grpc-default-executor-3] INFO  impl.RoleInfo (RoleInfo.java:shutdownFollowerState(121)) - c652e2ee-3322-4406-8db6-1ea643cb3197: shutdown FollowerState
2019-10-18 11:24:18,399 [Thread-377] INFO  impl.FollowerState (FollowerState.java:run(117)) - 54aabb14-4a7d-4ab3-adbe-2e67760b87f4@group-7E32184879DE-FollowerState was interrupted: java.lang.InterruptedException: sleep interrupted
2019-10-18 11:24:18,399 [grpc-default-executor-1] INFO  impl.RoleInfo (RoleInfo.java:updateAndGet(143)) - 54aabb14-4a7d-4ab3-adbe-2e67760b87f4: start FollowerState
2019-10-18 11:24:18,399 [Thread-378] INFO  impl.FollowerState (FollowerState.java:run(117)) - c652e2ee-3322-4406-8db6-1ea643cb3197@group-7E32184879DE-FollowerState was interrupted: java.lang.InterruptedException: sleep interrupted
2019-10-18 11:24:18,399 [grpc-default-executor-3] INFO  impl.RoleInfo (RoleInfo.java:updateAndGet(143)) - c652e2ee-3322-4406-8db6-1ea643cb3197: start FollowerState
2019-10-18 11:24:18,423 [f535bb4a-cba0-4f9b-9e3e-e4a48b3eda51@group-7E32184879DE-LeaderElection50] INFO  impl.LeaderElection (LeaderElection.java:logAndReturn(56)) - f535bb4a-cba0-4f9b-9e3e-e4a48b3eda51@group-7E32184879DE-LeaderElection50: Election REJECTED; received 2 response(s) [f535bb4a-cba0-4f9b-9e3e-e4a48b3eda51<-54aabb14-4a7d-4ab3-adbe-2e67760b87f4#0:FAIL-t59, f535bb4a-cba0-4f9b-9e3e-e4a48b3eda51<-c652e2ee-3322-4406-8db6-1ea643cb3197#0:FAIL-t59] and 0 exception(s); f535bb4a-cba0-4f9b-9e3e-e4a48b3eda51@group-7E32184879DE:t59, leader=null, voted=f535bb4a-cba0-4f9b-9e3e-e4a48b3eda51, raftlog=f535bb4a-cba0-4f9b-9e3e-e4a48b3eda51@group-7E32184879DE-SegmentedRaftLog:OPENED:c-1,f-1,i0, conf=-1: [f535bb4a-cba0-4f9b-9e3e-e4a48b3eda51:0.0.0.0:44706, 54aabb14-4a7d-4ab3-adbe-2e67760b87f4:0.0.0.0:43074, c652e2ee-3322-4406-8db6-1ea643cb3197:0.0.0.0:42129], old=null
2019-10-18 11:24:18,423 [f535bb4a-cba0-4f9b-9e3e-e4a48b3eda51@group-7E32184879DE-LeaderElection50] INFO  impl.RaftServerImpl (RaftServerImpl.java:setRole(184)) - f535bb4a-cba0-4f9b-9e3e-e4a48b3eda51@group-7E32184879DE: changes role from CANDIDATE to FOLLOWER at term 59 for DISCOVERED_A_NEW_TERM
2019-10-18 11:24:18,423 [f535bb4a-cba0-4f9b-9e3e-e4a48b3eda51@group-7E32184879DE-LeaderElection50] INFO  impl.RoleInfo (RoleInfo.java:shutdownLeaderElection(134)) - f535bb4a-cba0-4f9b-9e3e-e4a48b3eda51: shutdown LeaderElection
2019-10-18 11:24:18,424 [f535bb4a-cba0-4f9b-9e3e-e4a48b3eda51@group-7E32184879DE-LeaderElection50] INFO  impl.RoleInfo (RoleInfo.java:updateAndGet(143)) - f535bb4a-cba0-4f9b-9e3e-e4a48b3eda51: start FollowerState
2019-10-18 11:24:18,459 [Thread-383] INFO  impl.FollowerState (FollowerState.java:run(108)) - f535bb4a-cba0-4f9b-9e3e-e4a48b3eda51@group-7E32184879DE-FollowerState: change to CANDIDATE, lastRpcTime:35ms, electionTimeout:35ms
2019-10-18 11:24:18,459 [Thread-383] INFO  impl.RoleInfo (RoleInfo.java:shutdownFollowerState(121)) - f535bb4a-cba0-4f9b-9e3e-e4a48b3eda51: shutdown FollowerState
2019-10-18 11:24:18,460 [Thread-383] INFO  impl.RaftServerImpl (RaftServerImpl.java:setRole(184)) - f535bb4a-cba0-4f9b-9e3e-e4a48b3eda51@group-7E32184879DE: changes role from  FOLLOWER to CANDIDATE at term 59 for changeToCandidate
2019-10-18 11:24:18,460 [Thread-383] INFO  impl.RoleInfo (RoleInfo.java:updateAndGet(143)) - f535bb4a-cba0-4f9b-9e3e-e4a48b3eda51: start LeaderElection
2019-10-18 11:24:18,489 [f535bb4a-cba0-4f9b-9e3e-e4a48b3eda51@group-7E32184879DE-LeaderElection51] INFO  impl.LeaderElection (LeaderElection.java:askForVotes(178)) - f535bb4a-cba0-4f9b-9e3e-e4a48b3eda51@group-7E32184879DE-LeaderElection51: begin an election at term 60 for -1: [f535bb4a-cba0-4f9b-9e3e-e4a48b3eda51:0.0.0.0:44706, 54aabb14-4a7d-4ab3-adbe-2e67760b87f4:0.0.0.0:43074, c652e2ee-3322-4406-8db6-1ea643cb3197:0.0.0.0:42129], old=null
2019-10-18 11:24:18,492 [grpc-default-executor-1] INFO  impl.RaftServerImpl (RaftServerImpl.java:setRole(184)) - 54aabb14-4a7d-4ab3-adbe-2e67760b87f4@group-7E32184879DE: changes role from  FOLLOWER to FOLLOWER at term 60 for recognizeCandidate:f535bb4a-cba0-4f9b-9e3e-e4a48b3eda51
2019-10-18 11:24:18,492 [grpc-default-executor-3] INFO  impl.RaftServerImpl (RaftServerImpl.java:setRole(184)) - c652e2ee-3322-4406-8db6-1ea643cb3197@group-7E32184879DE: changes role from  FOLLOWER to FOLLOWER at term 60 for recognizeCandidate:f535bb4a-cba0-4f9b-9e3e-e4a48b3eda51
2019-10-18 11:24:18,492 [grpc-default-executor-1] INFO  impl.RoleInfo (RoleInfo.java:shutdownFollowerState(121)) - 54aabb14-4a7d-4ab3-adbe-2e67760b87f4: shutdown FollowerState
2019-10-18 11:24:18,492 [grpc-default-executor-3] INFO  impl.RoleInfo (RoleInfo.java:shutdownFollowerState(121)) - c652e2ee-3322-4406-8db6-1ea643cb3197: shutdown FollowerState
2019-10-18 11:24:18,492 [Thread-381] INFO  impl.FollowerState (FollowerState.java:run(117)) - 54aabb14-4a7d-4ab3-adbe-2e67760b87f4@group-7E32184879DE-FollowerState was interrupted: java.lang.InterruptedException: sleep interrupted
2019-10-18 11:24:18,492 [grpc-default-executor-1] INFO  impl.RoleInfo (RoleInfo.java:updateAndGet(143)) - 54aabb14-4a7d-4ab3-adbe-2e67760b87f4: start FollowerState
2019-10-18 11:24:18,493 [grpc-default-executor-3] INFO  impl.RoleInfo (RoleInfo.java:updateAndGet(143)) - c652e2ee-3322-4406-8db6-1ea643cb3197: start FollowerState
2019-10-18 11:24:18,493 [Thread-382] INFO  impl.FollowerState (FollowerState.java:run(117)) - c652e2ee-3322-4406-8db6-1ea643cb3197@group-7E32184879DE-FollowerState was interrupted: java.lang.InterruptedException: sleep interrupted
2019-10-18 11:24:18,524 [f535bb4a-cba0-4f9b-9e3e-e4a48b3eda51@group-7E32184879DE-LeaderElection51] INFO  impl.LeaderElection (LeaderElection.java:logAndReturn(56)) - f535bb4a-cba0-4f9b-9e3e-e4a48b3eda51@group-7E32184879DE-LeaderElection51: Election REJECTED; received 2 response(s) [f535bb4a-cba0-4f9b-9e3e-e4a48b3eda51<-54aabb14-4a7d-4ab3-adbe-2e67760b87f4#0:FAIL-t60, f535bb4a-cba0-4f9b-9e3e-e4a48b3eda51<-c652e2ee-3322-4406-8db6-1ea643cb3197#0:FAIL-t60] and 0 exception(s); f535bb4a-cba0-4f9b-9e3e-e4a48b3eda51@group-7E32184879DE:t60, leader=null, voted=f535bb4a-cba0-4f9b-9e3e-e4a48b3eda51, raftlog=f535bb4a-cba0-4f9b-9e3e-e4a48b3eda51@group-7E32184879DE-SegmentedRaftLog:OPENED:c-1,f-1,i0, conf=-1: [f535bb4a-cba0-4f9b-9e3e-e4a48b3eda51:0.0.0.0:44706, 54aabb14-4a7d-4ab3-adbe-2e67760b87f4:0.0.0.0:43074, c652e2ee-3322-4406-8db6-1ea643cb3197:0.0.0.0:42129], old=null
2019-10-18 11:24:18,524 [f535bb4a-cba0-4f9b-9e3e-e4a48b3eda51@group-7E32184879DE-LeaderElection51] INFO  impl.RaftServerImpl (RaftServerImpl.java:setRole(184)) - f535bb4a-cba0-4f9b-9e3e-e4a48b3eda51@group-7E32184879DE: changes role from CANDIDATE to FOLLOWER at term 60 for DISCOVERED_A_NEW_TERM
2019-10-18 11:24:18,524 [f535bb4a-cba0-4f9b-9e3e-e4a48b3eda51@group-7E32184879DE-LeaderElection51] INFO  impl.RoleInfo (RoleInfo.java:shutdownLeaderElection(134)) - f535bb4a-cba0-4f9b-9e3e-e4a48b3eda51: shutdown LeaderElection
2019-10-18 11:24:18,525 [f535bb4a-cba0-4f9b-9e3e-e4a48b3eda51@group-7E32184879DE-LeaderElection51] INFO  impl.RoleInfo (RoleInfo.java:updateAndGet(143)) - f535bb4a-cba0-4f9b-9e3e-e4a48b3eda51: start FollowerState
2019-10-18 11:24:18,597 [Thread-389] INFO  impl.FollowerState (FollowerState.java:run(108)) - f535bb4a-cba0-4f9b-9e3e-e4a48b3eda51@group-7E32184879DE-FollowerState: change to CANDIDATE, lastRpcTime:72ms, electionTimeout:72ms
2019-10-18 11:24:18,597 [Thread-389] INFO  impl.RoleInfo (RoleInfo.java:shutdownFollowerState(121)) - f535bb4a-cba0-4f9b-9e3e-e4a48b3eda51: shutdown FollowerState
2019-10-18 11:24:18,598 [Thread-389] INFO  impl.RaftServerImpl (RaftServerImpl.java:setRole(184)) - f535bb4a-cba0-4f9b-9e3e-e4a48b3eda51@group-7E32184879DE: changes role from  FOLLOWER to CANDIDATE at term 60 for changeToCandidate
2019-10-18 11:24:18,598 [Thread-389] INFO  impl.RoleInfo (RoleInfo.java:updateAndGet(143)) - f535bb4a-cba0-4f9b-9e3e-e4a48b3eda51: start LeaderElection
2019-10-18 11:24:18,623 [f535bb4a-cba0-4f9b-9e3e-e4a48b3eda51@group-7E32184879DE-LeaderElection52] INFO  impl.LeaderElection (LeaderElection.java:askForVotes(178)) - f535bb4a-cba0-4f9b-9e3e-e4a48b3eda51@group-7E32184879DE-LeaderElection52: begin an election at term 61 for -1: [f535bb4a-cba0-4f9b-9e3e-e4a48b3eda51:0.0.0.0:44706, 54aabb14-4a7d-4ab3-adbe-2e67760b87f4:0.0.0.0:43074, c652e2ee-3322-4406-8db6-1ea643cb3197:0.0.0.0:42129], old=null
2019-10-18 11:24:18,627 [grpc-default-executor-1] INFO  impl.RaftServerImpl (RaftServerImpl.java:setRole(184)) - 54aabb14-4a7d-4ab3-adbe-2e67760b87f4@group-7E32184879DE: changes role from  FOLLOWER to FOLLOWER at term 61 for recognizeCandidate:f535bb4a-cba0-4f9b-9e3e-e4a48b3eda51
2019-10-18 11:24:18,627 [grpc-default-executor-1] INFO  impl.RoleInfo (RoleInfo.java:shutdownFollowerState(121)) - 54aabb14-4a7d-4ab3-adbe-2e67760b87f4: shutdown FollowerState
2019-10-18 11:24:18,628 [grpc-default-executor-1] INFO  impl.RoleInfo (RoleInfo.java:updateAndGet(143)) - 54aabb14-4a7d-4ab3-adbe-2e67760b87f4: start FollowerState
2019-10-18 11:24:18,628 [grpc-default-executor-3] INFO  impl.RaftServerImpl (RaftServerImpl.java:setRole(184)) - c652e2ee-3322-4406-8db6-1ea643cb3197@group-7E32184879DE: changes role from  FOLLOWER to FOLLOWER at term 61 for recognizeCandidate:f535bb4a-cba0-4f9b-9e3e-e4a48b3eda51
2019-10-18 11:24:18,628 [Thread-387] INFO  impl.FollowerState (FollowerState.java:run(117)) - 54aabb14-4a7d-4ab3-adbe-2e67760b87f4@group-7E32184879DE-FollowerState was interrupted: java.lang.InterruptedException: sleep interrupted
2019-10-18 11:24:18,628 [grpc-default-executor-3] INFO  impl.RoleInfo (RoleInfo.java:shutdownFollowerState(121)) - c652e2ee-3322-4406-8db6-1ea643cb3197: shutdown FollowerState
2019-10-18 11:24:18,628 [grpc-default-executor-3] INFO  impl.RoleInfo (RoleInfo.java:updateAndGet(143)) - c652e2ee-3322-4406-8db6-1ea643cb3197: start FollowerState
2019-10-18 11:24:18,628 [Thread-388] INFO  impl.FollowerState (FollowerState.java:run(117)) - c652e2ee-3322-4406-8db6-1ea643cb3197@group-7E32184879DE-FollowerState was interrupted: java.lang.InterruptedException: sleep interrupted
2019-10-18 11:24:18,650 [f535bb4a-cba0-4f9b-9e3e-e4a48b3eda51@group-7E32184879DE-LeaderElection52] INFO  impl.LeaderElection (LeaderElection.java:logAndReturn(56)) - f535bb4a-cba0-4f9b-9e3e-e4a48b3eda51@group-7E32184879DE-LeaderElection52: Election TIMEOUT; received 0 response(s) [] and 0 exception(s); f535bb4a-cba0-4f9b-9e3e-e4a48b3eda51@group-7E32184879DE:t61, leader=null, voted=f535bb4a-cba0-4f9b-9e3e-e4a48b3eda51, raftlog=f535bb4a-cba0-4f9b-9e3e-e4a48b3eda51@group-7E32184879DE-SegmentedRaftLog:OPENED:c-1,f-1,i0, conf=-1: [f535bb4a-cba0-4f9b-9e3e-e4a48b3eda51:0.0.0.0:44706, 54aabb14-4a7d-4ab3-adbe-2e67760b87f4:0.0.0.0:43074, c652e2ee-3322-4406-8db6-1ea643cb3197:0.0.0.0:42129], old=null
2019-10-18 11:24:18,674 [f535bb4a-cba0-4f9b-9e3e-e4a48b3eda51@group-7E32184879DE-LeaderElection52] INFO  impl.LeaderElection (LeaderElection.java:askForVotes(178)) - f535bb4a-cba0-4f9b-9e3e-e4a48b3eda51@group-7E32184879DE-LeaderElection52: begin an election at term 62 for -1: [f535bb4a-cba0-4f9b-9e3e-e4a48b3eda51:0.0.0.0:44706, 54aabb14-4a7d-4ab3-adbe-2e67760b87f4:0.0.0.0:43074, c652e2ee-3322-4406-8db6-1ea643cb3197:0.0.0.0:42129], old=null
2019-10-18 11:24:18,676 [grpc-default-executor-1] INFO  impl.RaftServerImpl (RaftServerImpl.java:setRole(184)) - c652e2ee-3322-4406-8db6-1ea643cb3197@group-7E32184879DE: changes role from  FOLLOWER to FOLLOWER at term 62 for recognizeCandidate:f535bb4a-cba0-4f9b-9e3e-e4a48b3eda51
2019-10-18 11:24:18,676 [grpc-default-executor-3] INFO  impl.RaftServerImpl (RaftServerImpl.java:setRole(184)) - 54aabb14-4a7d-4ab3-adbe-2e67760b87f4@group-7E32184879DE: changes role from  FOLLOWER to FOLLOWER at term 62 for recognizeCandidate:f535bb4a-cba0-4f9b-9e3e-e4a48b3eda51
2019-10-18 11:24:18,676 [grpc-default-executor-1] INFO  impl.RoleInfo (RoleInfo.java:shutdownFollowerState(121)) - c652e2ee-3322-4406-8db6-1ea643cb3197: shutdown FollowerState
2019-10-18 11:24:18,677 [grpc-default-executor-3] INFO  impl.RoleInfo (RoleInfo.java:shutdownFollowerState(121)) - 54aabb14-4a7d-4ab3-adbe-2e67760b87f4: shutdown FollowerState
2019-10-18 11:24:18,677 [Thread-394] INFO  impl.FollowerState (FollowerState.java:run(117)) - c652e2ee-3322-4406-8db6-1ea643cb3197@group-7E32184879DE-FollowerState was interrupted: java.lang.InterruptedException: sleep interrupted
2019-10-18 11:24:18,677 [grpc-default-executor-1] INFO  impl.RoleInfo (RoleInfo.java:updateAndGet(143)) - c652e2ee-3322-4406-8db6-1ea643cb3197: start FollowerState
2019-10-18 11:24:18,677 [Thread-393] INFO  impl.FollowerState (FollowerState.java:run(117)) - 54aabb14-4a7d-4ab3-adbe-2e67760b87f4@group-7E32184879DE-FollowerState was interrupted: java.lang.InterruptedException: sleep interrupted
2019-10-18 11:24:18,677 [grpc-default-executor-3] INFO  impl.RoleInfo (RoleInfo.java:updateAndGet(143)) - 54aabb14-4a7d-4ab3-adbe-2e67760b87f4: start FollowerState
2019-10-18 11:24:18,700 [f535bb4a-cba0-4f9b-9e3e-e4a48b3eda51@group-7E32184879DE-LeaderElection52] INFO  impl.LeaderElection (LeaderElection.java:logAndReturn(56)) - f535bb4a-cba0-4f9b-9e3e-e4a48b3eda51@group-7E32184879DE-LeaderElection52: Election REJECTED; received 2 response(s) [f535bb4a-cba0-4f9b-9e3e-e4a48b3eda51<-54aabb14-4a7d-4ab3-adbe-2e67760b87f4#0:FAIL-t62, f535bb4a-cba0-4f9b-9e3e-e4a48b3eda51<-c652e2ee-3322-4406-8db6-1ea643cb3197#0:FAIL-t62] and 0 exception(s); f535bb4a-cba0-4f9b-9e3e-e4a48b3eda51@group-7E32184879DE:t62, leader=null, voted=f535bb4a-cba0-4f9b-9e3e-e4a48b3eda51, raftlog=f535bb4a-cba0-4f9b-9e3e-e4a48b3eda51@group-7E32184879DE-SegmentedRaftLog:OPENED:c-1,f-1,i0, conf=-1: [f535bb4a-cba0-4f9b-9e3e-e4a48b3eda51:0.0.0.0:44706, 54aabb14-4a7d-4ab3-adbe-2e67760b87f4:0.0.0.0:43074, c652e2ee-3322-4406-8db6-1ea643cb3197:0.0.0.0:42129], old=null
2019-10-18 11:24:18,701 [f535bb4a-cba0-4f9b-9e3e-e4a48b3eda51@group-7E32184879DE-LeaderElection52] INFO  impl.RaftServerImpl (RaftServerImpl.java:setRole(184)) - f535bb4a-cba0-4f9b-9e3e-e4a48b3eda51@group-7E32184879DE: changes role from CANDIDATE to FOLLOWER at term 62 for DISCOVERED_A_NEW_TERM
2019-10-18 11:24:18,701 [f535bb4a-cba0-4f9b-9e3e-e4a48b3eda51@group-7E32184879DE-LeaderElection52] INFO  impl.RoleInfo (RoleInfo.java:shutdownLeaderElection(134)) - f535bb4a-cba0-4f9b-9e3e-e4a48b3eda51: shutdown LeaderElection
2019-10-18 11:24:18,701 [f535bb4a-cba0-4f9b-9e3e-e4a48b3eda51@group-7E32184879DE-LeaderElection52] INFO  impl.RoleInfo (RoleInfo.java:updateAndGet(143)) - f535bb4a-cba0-4f9b-9e3e-e4a48b3eda51: start FollowerState
2019-10-18 11:24:18,785 [Thread-399] INFO  impl.FollowerState (FollowerState.java:run(108)) - f535bb4a-cba0-4f9b-9e3e-e4a48b3eda51@group-7E32184879DE-FollowerState: change to CANDIDATE, lastRpcTime:84ms, electionTimeout:84ms
2019-10-18 11:24:18,786 [Thread-399] INFO  impl.RoleInfo (RoleInfo.java:shutdownFollowerState(121)) - f535bb4a-cba0-4f9b-9e3e-e4a48b3eda51: shutdown FollowerState
2019-10-18 11:24:18,786 [Thread-399] INFO  impl.RaftServerImpl (RaftServerImpl.java:setRole(184)) - f535bb4a-cba0-4f9b-9e3e-e4a48b3eda51@group-7E32184879DE: changes role from  FOLLOWER to CANDIDATE at term 62 for changeToCandidate
2019-10-18 11:24:18,786 [Thread-399] INFO  impl.RoleInfo (RoleInfo.java:updateAndGet(143)) - f535bb4a-cba0-4f9b-9e3e-e4a48b3eda51: start LeaderElection
2019-10-18 11:24:18,816 [f535bb4a-cba0-4f9b-9e3e-e4a48b3eda51@group-7E32184879DE-LeaderElection53] INFO  impl.LeaderElection (LeaderElection.java:askForVotes(178)) - f535bb4a-cba0-4f9b-9e3e-e4a48b3eda51@group-7E32184879DE-LeaderElection53: begin an election at term 63 for -1: [f535bb4a-cba0-4f9b-9e3e-e4a48b3eda51:0.0.0.0:44706, 54aabb14-4a7d-4ab3-adbe-2e67760b87f4:0.0.0.0:43074, c652e2ee-3322-4406-8db6-1ea643cb3197:0.0.0.0:42129], old=null
2019-10-18 11:24:18,818 [grpc-default-executor-3] INFO  impl.RaftServerImpl (RaftServerImpl.java:setRole(184)) - 54aabb14-4a7d-4ab3-adbe-2e67760b87f4@group-7E32184879DE: changes role from  FOLLOWER to FOLLOWER at term 63 for recognizeCandidate:f535bb4a-cba0-4f9b-9e3e-e4a48b3eda51
2019-10-18 11:24:18,819 [grpc-default-executor-3] INFO  impl.RoleInfo (RoleInfo.java:shutdownFollowerState(121)) - 54aabb14-4a7d-4ab3-adbe-2e67760b87f4: shutdown FollowerState
2019-10-18 11:24:18,819 [grpc-default-executor-3] INFO  impl.RoleInfo (RoleInfo.java:updateAndGet(143)) - 54aabb14-4a7d-4ab3-adbe-2e67760b87f4: start FollowerState
2019-10-18 11:24:18,819 [Thread-398] INFO  impl.FollowerState (FollowerState.java:run(117)) - 54aabb14-4a7d-4ab3-adbe-2e67760b87f4@group-7E32184879DE-FollowerState was interrupted: java.lang.InterruptedException: sleep interrupted
2019-10-18 11:24:18,819 [grpc-default-executor-1] INFO  impl.RaftServerImpl (RaftServerImpl.java:setRole(184)) - c652e2ee-3322-4406-8db6-1ea643cb3197@group-7E32184879DE: changes role from  FOLLOWER to FOLLOWER at term 63 for recognizeCandidate:f535bb4a-cba0-4f9b-9e3e-e4a48b3eda51
2019-10-18 11:24:18,819 [grpc-default-executor-1] INFO  impl.RoleInfo (RoleInfo.java:shutdownFollowerState(121)) - c652e2ee-3322-4406-8db6-1ea643cb3197: shutdown FollowerState
2019-10-18 11:24:18,820 [grpc-default-executor-1] INFO  impl.RoleInfo (RoleInfo.java:updateAndGet(143)) - c652e2ee-3322-4406-8db6-1ea643cb3197: start FollowerState
2019-10-18 11:24:18,820 [Thread-397] INFO  impl.FollowerState (FollowerState.java:run(117)) - c652e2ee-3322-4406-8db6-1ea643cb3197@group-7E32184879DE-FollowerState was interrupted: java.lang.InterruptedException: sleep interrupted
2019-10-18 11:24:18,843 [f535bb4a-cba0-4f9b-9e3e-e4a48b3eda51@group-7E32184879DE-LeaderElection53] INFO  impl.LeaderElection (LeaderElection.java:logAndReturn(56)) - f535bb4a-cba0-4f9b-9e3e-e4a48b3eda51@group-7E32184879DE-LeaderElection53: Election REJECTED; received 2 response(s) [f535bb4a-cba0-4f9b-9e3e-e4a48b3eda51<-54aabb14-4a7d-4ab3-adbe-2e67760b87f4#0:FAIL-t63, f535bb4a-cba0-4f9b-9e3e-e4a48b3eda51<-c652e2ee-3322-4406-8db6-1ea643cb3197#0:FAIL-t63] and 0 exception(s); f535bb4a-cba0-4f9b-9e3e-e4a48b3eda51@group-7E32184879DE:t63, leader=null, voted=f535bb4a-cba0-4f9b-9e3e-e4a48b3eda51, raftlog=f535bb4a-cba0-4f9b-9e3e-e4a48b3eda51@group-7E32184879DE-SegmentedRaftLog:OPENED:c-1,f-1,i0, conf=-1: [f535bb4a-cba0-4f9b-9e3e-e4a48b3eda51:0.0.0.0:44706, 54aabb14-4a7d-4ab3-adbe-2e67760b87f4:0.0.0.0:43074, c652e2ee-3322-4406-8db6-1ea643cb3197:0.0.0.0:42129], old=null
2019-10-18 11:24:18,843 [f535bb4a-cba0-4f9b-9e3e-e4a48b3eda51@group-7E32184879DE-LeaderElection53] INFO  impl.RaftServerImpl (RaftServerImpl.java:setRole(184)) - f535bb4a-cba0-4f9b-9e3e-e4a48b3eda51@group-7E32184879DE: changes role from CANDIDATE to FOLLOWER at term 63 for DISCOVERED_A_NEW_TERM
2019-10-18 11:24:18,843 [f535bb4a-cba0-4f9b-9e3e-e4a48b3eda51@group-7E32184879DE-LeaderElection53] INFO  impl.RoleInfo (RoleInfo.java:shutdownLeaderElection(134)) - f535bb4a-cba0-4f9b-9e3e-e4a48b3eda51: shutdown LeaderElection
2019-10-18 11:24:18,843 [f535bb4a-cba0-4f9b-9e3e-e4a48b3eda51@group-7E32184879DE-LeaderElection53] INFO  impl.RoleInfo (RoleInfo.java:updateAndGet(143)) - f535bb4a-cba0-4f9b-9e3e-e4a48b3eda51: start FollowerState
2019-10-18 11:24:18,966 [Thread-405] INFO  impl.FollowerState (FollowerState.java:run(108)) - f535bb4a-cba0-4f9b-9e3e-e4a48b3eda51@group-7E32184879DE-FollowerState: change to CANDIDATE, lastRpcTime:122ms, electionTimeout:122ms
2019-10-18 11:24:18,967 [Thread-405] INFO  impl.RoleInfo (RoleInfo.java:shutdownFollowerState(121)) - f535bb4a-cba0-4f9b-9e3e-e4a48b3eda51: shutdown FollowerState
2019-10-18 11:24:18,967 [Thread-405] INFO  impl.RaftServerImpl (RaftServerImpl.java:setRole(184)) - f535bb4a-cba0-4f9b-9e3e-e4a48b3eda51@group-7E32184879DE: changes role from  FOLLOWER to CANDIDATE at term 63 for changeToCandidate
2019-10-18 11:24:18,968 [Thread-405] INFO  impl.RoleInfo (RoleInfo.java:updateAndGet(143)) - f535bb4a-cba0-4f9b-9e3e-e4a48b3eda51: start LeaderElection
2019-10-18 11:24:18,992 [f535bb4a-cba0-4f9b-9e3e-e4a48b3eda51@group-7E32184879DE-LeaderElection54] INFO  impl.LeaderElection (LeaderElection.java:askForVotes(178)) - f535bb4a-cba0-4f9b-9e3e-e4a48b3eda51@group-7E32184879DE-LeaderElection54: begin an election at term 64 for -1: [f535bb4a-cba0-4f9b-9e3e-e4a48b3eda51:0.0.0.0:44706, 54aabb14-4a7d-4ab3-adbe-2e67760b87f4:0.0.0.0:43074, c652e2ee-3322-4406-8db6-1ea643cb3197:0.0.0.0:42129], old=null
2019-10-18 11:24:18,997 [grpc-default-executor-1] INFO  impl.RaftServerImpl (RaftServerImpl.java:setRole(184)) - 54aabb14-4a7d-4ab3-adbe-2e67760b87f4@group-7E32184879DE: changes role from  FOLLOWER to FOLLOWER at term 64 for recognizeCandidate:f535bb4a-cba0-4f9b-9e3e-e4a48b3eda51
2019-10-18 11:24:18,997 [grpc-default-executor-3] INFO  impl.RaftServerImpl (RaftServerImpl.java:setRole(184)) - c652e2ee-3322-4406-8db6-1ea643cb3197@group-7E32184879DE: changes role from  FOLLOWER to FOLLOWER at term 64 for recognizeCandidate:f535bb4a-cba0-4f9b-9e3e-e4a48b3eda51
2019-10-18 11:24:18,997 [grpc-default-executor-1] INFO  impl.RoleInfo (RoleInfo.java:shutdownFollowerState(121)) - 54aabb14-4a7d-4ab3-adbe-2e67760b87f4: shutdown FollowerState
2019-10-18 11:24:18,998 [grpc-default-executor-3] INFO  impl.RoleInfo (RoleInfo.java:shutdownFollowerState(121)) - c652e2ee-3322-4406-8db6-1ea643cb3197: shutdown FollowerState
2019-10-18 11:24:18,998 [Thread-403] INFO  impl.FollowerState (FollowerState.java:run(117)) - 54aabb14-4a7d-4ab3-adbe-2e67760b87f4@group-7E32184879DE-FollowerState was interrupted: java.lang.InterruptedException: sleep interrupted
2019-10-18 11:24:18,998 [grpc-default-executor-1] INFO  impl.RoleInfo (RoleInfo.java:updateAndGet(143)) - 54aabb14-4a7d-4ab3-adbe-2e67760b87f4: start FollowerState
2019-10-18 11:24:18,998 [Thread-404] INFO  impl.FollowerState (FollowerState.java:run(117)) - c652e2ee-3322-4406-8db6-1ea643cb3197@group-7E32184879DE-FollowerState was interrupted: java.lang.InterruptedException: sleep interrupted
2019-10-18 11:24:18,998 [grpc-default-executor-3] INFO  impl.RoleInfo (RoleInfo.java:updateAndGet(143)) - c652e2ee-3322-4406-8db6-1ea643cb3197: start FollowerState
2019-10-18 11:24:19,006 [f535bb4a-cba0-4f9b-9e3e-e4a48b3eda51@group-7E32184879DE-LeaderElection54] INFO  impl.LeaderElection (LeaderElection.java:logAndReturn(56)) - f535bb4a-cba0-4f9b-9e3e-e4a48b3eda51@group-7E32184879DE-LeaderElection54: Election TIMEOUT; received 0 response(s) [] and 0 exception(s); f535bb4a-cba0-4f9b-9e3e-e4a48b3eda51@group-7E32184879DE:t64, leader=null, voted=f535bb4a-cba0-4f9b-9e3e-e4a48b3eda51, raftlog=f535bb4a-cba0-4f9b-9e3e-e4a48b3eda51@group-7E32184879DE-SegmentedRaftLog:OPENED:c-1,f-1,i0, conf=-1: [f535bb4a-cba0-4f9b-9e3e-e4a48b3eda51:0.0.0.0:44706, 54aabb14-4a7d-4ab3-adbe-2e67760b87f4:0.0.0.0:43074, c652e2ee-3322-4406-8db6-1ea643cb3197:0.0.0.0:42129], old=null
2019-10-18 11:24:19,026 [f535bb4a-cba0-4f9b-9e3e-e4a48b3eda51@group-7E32184879DE-LeaderElection54] INFO  impl.LeaderElection (LeaderElection.java:askForVotes(178)) - f535bb4a-cba0-4f9b-9e3e-e4a48b3eda51@group-7E32184879DE-LeaderElection54: begin an election at term 65 for -1: [f535bb4a-cba0-4f9b-9e3e-e4a48b3eda51:0.0.0.0:44706, 54aabb14-4a7d-4ab3-adbe-2e67760b87f4:0.0.0.0:43074, c652e2ee-3322-4406-8db6-1ea643cb3197:0.0.0.0:42129], old=null
2019-10-18 11:24:19,028 [grpc-default-executor-1] INFO  impl.RaftServerImpl (RaftServerImpl.java:setRole(184)) - c652e2ee-3322-4406-8db6-1ea643cb3197@group-7E32184879DE: changes role from  FOLLOWER to FOLLOWER at term 65 for recognizeCandidate:f535bb4a-cba0-4f9b-9e3e-e4a48b3eda51
2019-10-18 11:24:19,028 [grpc-default-executor-3] INFO  impl.RaftServerImpl (RaftServerImpl.java:setRole(184)) - 54aabb14-4a7d-4ab3-adbe-2e67760b87f4@group-7E32184879DE: changes role from  FOLLOWER to FOLLOWER at term 65 for recognizeCandidate:f535bb4a-cba0-4f9b-9e3e-e4a48b3eda51
2019-10-18 11:24:19,028 [grpc-default-executor-1] INFO  impl.RoleInfo (RoleInfo.java:shutdownFollowerState(121)) - c652e2ee-3322-4406-8db6-1ea643cb3197: shutdown FollowerState
2019-10-18 11:24:19,029 [grpc-default-executor-3] INFO  impl.RoleInfo (RoleInfo.java:shutdownFollowerState(121)) - 54aabb14-4a7d-4ab3-adbe-2e67760b87f4: shutdown FollowerState
2019-10-18 11:24:19,029 [Thread-412] INFO  impl.FollowerState (FollowerState.java:run(117)) - c652e2ee-3322-4406-8db6-1ea643cb3197@group-7E32184879DE-FollowerState was interrupted: java.lang.InterruptedException: sleep interrupted
2019-10-18 11:24:19,029 [grpc-default-executor-1] INFO  impl.RoleInfo (RoleInfo.java:updateAndGet(143)) - c652e2ee-3322-4406-8db6-1ea643cb3197: start FollowerState
2019-10-18 11:24:19,029 [Thread-411] INFO  impl.FollowerState (FollowerState.java:run(117)) - 54aabb14-4a7d-4ab3-adbe-2e67760b87f4@group-7E32184879DE-FollowerState was interrupted: java.lang.InterruptedException: sleep interrupted
2019-10-18 11:24:19,029 [grpc-default-executor-3] INFO  impl.RoleInfo (RoleInfo.java:updateAndGet(143)) - 54aabb14-4a7d-4ab3-adbe-2e67760b87f4: start FollowerState
2019-10-18 11:24:19,054 [f535bb4a-cba0-4f9b-9e3e-e4a48b3eda51@group-7E32184879DE-LeaderElection54] INFO  impl.LeaderElection (LeaderElection.java:logAndReturn(56)) - f535bb4a-cba0-4f9b-9e3e-e4a48b3eda51@group-7E32184879DE-LeaderElection54: Election REJECTED; received 2 response(s) [f535bb4a-cba0-4f9b-9e3e-e4a48b3eda51<-54aabb14-4a7d-4ab3-adbe-2e67760b87f4#0:FAIL-t65, f535bb4a-cba0-4f9b-9e3e-e4a48b3eda51<-c652e2ee-3322-4406-8db6-1ea643cb3197#0:FAIL-t65] and 0 exception(s); f535bb4a-cba0-4f9b-9e3e-e4a48b3eda51@group-7E32184879DE:t65, leader=null, voted=f535bb4a-cba0-4f9b-9e3e-e4a48b3eda51, raftlog=f535bb4a-cba0-4f9b-9e3e-e4a48b3eda51@group-7E32184879DE-SegmentedRaftLog:OPENED:c-1,f-1,i0, conf=-1: [f535bb4a-cba0-4f9b-9e3e-e4a48b3eda51:0.0.0.0:44706, 54aabb14-4a7d-4ab3-adbe-2e67760b87f4:0.0.0.0:43074, c652e2ee-3322-4406-8db6-1ea643cb3197:0.0.0.0:42129], old=null
2019-10-18 11:24:19,054 [f535bb4a-cba0-4f9b-9e3e-e4a48b3eda51@group-7E32184879DE-LeaderElection54] INFO  impl.RaftServerImpl (RaftServerImpl.java:setRole(184)) - f535bb4a-cba0-4f9b-9e3e-e4a48b3eda51@group-7E32184879DE: changes role from CANDIDATE to FOLLOWER at term 65 for DISCOVERED_A_NEW_TERM
2019-10-18 11:24:19,054 [f535bb4a-cba0-4f9b-9e3e-e4a48b3eda51@group-7E32184879DE-LeaderElection54] INFO  impl.RoleInfo (RoleInfo.java:shutdownLeaderElection(134)) - f535bb4a-cba0-4f9b-9e3e-e4a48b3eda51: shutdown LeaderElection
2019-10-18 11:24:19,054 [f535bb4a-cba0-4f9b-9e3e-e4a48b3eda51@group-7E32184879DE-LeaderElection54] INFO  impl.RoleInfo (RoleInfo.java:updateAndGet(143)) - f535bb4a-cba0-4f9b-9e3e-e4a48b3eda51: start FollowerState
2019-10-18 11:24:19,145 [Thread-417] INFO  impl.FollowerState (FollowerState.java:run(108)) - f535bb4a-cba0-4f9b-9e3e-e4a48b3eda51@group-7E32184879DE-FollowerState: change to CANDIDATE, lastRpcTime:90ms, electionTimeout:90ms
2019-10-18 11:24:19,145 [Thread-417] INFO  impl.RoleInfo (RoleInfo.java:shutdownFollowerState(121)) - f535bb4a-cba0-4f9b-9e3e-e4a48b3eda51: shutdown FollowerState
2019-10-18 11:24:19,145 [Thread-417] INFO  impl.RaftServerImpl (RaftServerImpl.java:setRole(184)) - f535bb4a-cba0-4f9b-9e3e-e4a48b3eda51@group-7E32184879DE: changes role from  FOLLOWER to CANDIDATE at term 65 for changeToCandidate
2019-10-18 11:24:19,145 [Thread-417] INFO  impl.RoleInfo (RoleInfo.java:updateAndGet(143)) - f535bb4a-cba0-4f9b-9e3e-e4a48b3eda51: start LeaderElection
2019-10-18 11:24:19,177 [f535bb4a-cba0-4f9b-9e3e-e4a48b3eda51@group-7E32184879DE-LeaderElection55] INFO  impl.LeaderElection (LeaderElection.java:askForVotes(178)) - f535bb4a-cba0-4f9b-9e3e-e4a48b3eda51@group-7E32184879DE-LeaderElection55: begin an election at term 66 for -1: [f535bb4a-cba0-4f9b-9e3e-e4a48b3eda51:0.0.0.0:44706, 54aabb14-4a7d-4ab3-adbe-2e67760b87f4:0.0.0.0:43074, c652e2ee-3322-4406-8db6-1ea643cb3197:0.0.0.0:42129], old=null
2019-10-18 11:24:19,180 [grpc-default-executor-1] INFO  impl.RaftServerImpl (RaftServerImpl.java:setRole(184)) - 54aabb14-4a7d-4ab3-adbe-2e67760b87f4@group-7E32184879DE: changes role from  FOLLOWER to FOLLOWER at term 66 for recognizeCandidate:f535bb4a-cba0-4f9b-9e3e-e4a48b3eda51
2019-10-18 11:24:19,180 [grpc-default-executor-1] INFO  impl.RoleInfo (RoleInfo.java:shutdownFollowerState(121)) - 54aabb14-4a7d-4ab3-adbe-2e67760b87f4: shutdown FollowerState
2019-10-18 11:24:19,180 [grpc-default-executor-3] INFO  impl.RaftServerImpl (RaftServerImpl.java:setRole(184)) - c652e2ee-3322-4406-8db6-1ea643cb3197@group-7E32184879DE: changes role from  FOLLOWER to FOLLOWER at term 66 for recognizeCandidate:f535bb4a-cba0-4f9b-9e3e-e4a48b3eda51
2019-10-18 11:24:19,180 [Thread-416] INFO  impl.FollowerState (FollowerState.java:run(117)) - 54aabb14-4a7d-4ab3-adbe-2e67760b87f4@group-7E32184879DE-FollowerState was interrupted: java.lang.InterruptedException: sleep interrupted
2019-10-18 11:24:19,180 [grpc-default-executor-1] INFO  impl.RoleInfo (RoleInfo.java:updateAndGet(143)) - 54aabb14-4a7d-4ab3-adbe-2e67760b87f4: start FollowerState
2019-10-18 11:24:19,180 [grpc-default-executor-3] INFO  impl.RoleInfo (RoleInfo.java:shutdownFollowerState(121)) - c652e2ee-3322-4406-8db6-1ea643cb3197: shutdown FollowerState
2019-10-18 11:24:19,181 [grpc-default-executor-3] INFO  impl.RoleInfo (RoleInfo.java:updateAndGet(143)) - c652e2ee-3322-4406-8db6-1ea643cb3197: start FollowerState
2019-10-18 11:24:19,181 [Thread-415] INFO  impl.FollowerState (FollowerState.java:run(117)) - c652e2ee-3322-4406-8db6-1ea643cb3197@group-7E32184879DE-FollowerState was interrupted: java.lang.InterruptedException: sleep interrupted
2019-10-18 11:24:19,196 [f535bb4a-cba0-4f9b-9e3e-e4a48b3eda51@group-7E32184879DE-LeaderElection55] INFO  impl.LeaderElection (LeaderElection.java:logAndReturn(56)) - f535bb4a-cba0-4f9b-9e3e-e4a48b3eda51@group-7E32184879DE-LeaderElection55: Election REJECTED; received 2 response(s) [f535bb4a-cba0-4f9b-9e3e-e4a48b3eda51<-54aabb14-4a7d-4ab3-adbe-2e67760b87f4#0:FAIL-t66, f535bb4a-cba0-4f9b-9e3e-e4a48b3eda51<-c652e2ee-3322-4406-8db6-1ea643cb3197#0:FAIL-t66] and 0 exception(s); f535bb4a-cba0-4f9b-9e3e-e4a48b3eda51@group-7E32184879DE:t66, leader=null, voted=f535bb4a-cba0-4f9b-9e3e-e4a48b3eda51, raftlog=f535bb4a-cba0-4f9b-9e3e-e4a48b3eda51@group-7E32184879DE-SegmentedRaftLog:OPENED:c-1,f-1,i0, conf=-1: [f535bb4a-cba0-4f9b-9e3e-e4a48b3eda51:0.0.0.0:44706, 54aabb14-4a7d-4ab3-adbe-2e67760b87f4:0.0.0.0:43074, c652e2ee-3322-4406-8db6-1ea643cb3197:0.0.0.0:42129], old=null
2019-10-18 11:24:19,196 [f535bb4a-cba0-4f9b-9e3e-e4a48b3eda51@group-7E32184879DE-LeaderElection55] INFO  impl.RaftServerImpl (RaftServerImpl.java:setRole(184)) - f535bb4a-cba0-4f9b-9e3e-e4a48b3eda51@group-7E32184879DE: changes role from CANDIDATE to FOLLOWER at term 66 for DISCOVERED_A_NEW_TERM
2019-10-18 11:24:19,196 [f535bb4a-cba0-4f9b-9e3e-e4a48b3eda51@group-7E32184879DE-LeaderElection55] INFO  impl.RoleInfo (RoleInfo.java:shutdownLeaderElection(134)) - f535bb4a-cba0-4f9b-9e3e-e4a48b3eda51: shutdown LeaderElection
2019-10-18 11:24:19,196 [f535bb4a-cba0-4f9b-9e3e-e4a48b3eda51@group-7E32184879DE-LeaderElection55] INFO  impl.RoleInfo (RoleInfo.java:updateAndGet(143)) - f535bb4a-cba0-4f9b-9e3e-e4a48b3eda51: start FollowerState
2019-10-18 11:24:19,393 [Thread-423] INFO  impl.FollowerState (FollowerState.java:run(108)) - f535bb4a-cba0-4f9b-9e3e-e4a48b3eda51@group-7E32184879DE-FollowerState: change to CANDIDATE, lastRpcTime:197ms, electionTimeout:197ms
2019-10-18 11:24:19,394 [Thread-423] INFO  impl.RoleInfo (RoleInfo.java:shutdownFollowerState(121)) - f535bb4a-cba0-4f9b-9e3e-e4a48b3eda51: shutdown FollowerState
2019-10-18 11:24:19,394 [Thread-423] INFO  impl.RaftServerImpl (RaftServerImpl.java:setRole(184)) - f535bb4a-cba0-4f9b-9e3e-e4a48b3eda51@group-7E32184879DE: changes role from  FOLLOWER to CANDIDATE at term 66 for changeToCandidate
2019-10-18 11:24:19,394 [Thread-423] INFO  impl.RoleInfo (RoleInfo.java:updateAndGet(143)) - f535bb4a-cba0-4f9b-9e3e-e4a48b3eda51: start LeaderElection
2019-10-18 11:24:19,428 [f535bb4a-cba0-4f9b-9e3e-e4a48b3eda51@group-7E32184879DE-LeaderElection56] INFO  impl.LeaderElection (LeaderElection.java:askForVotes(178)) - f535bb4a-cba0-4f9b-9e3e-e4a48b3eda51@group-7E32184879DE-LeaderElection56: begin an election at term 67 for -1: [f535bb4a-cba0-4f9b-9e3e-e4a48b3eda51:0.0.0.0:44706, 54aabb14-4a7d-4ab3-adbe-2e67760b87f4:0.0.0.0:43074, c652e2ee-3322-4406-8db6-1ea643cb3197:0.0.0.0:42129], old=null
2019-10-18 11:24:19,431 [grpc-default-executor-3] INFO  impl.RaftServerImpl (RaftServerImpl.java:setRole(184)) - 54aabb14-4a7d-4ab3-adbe-2e67760b87f4@group-7E32184879DE: changes role from  FOLLOWER to FOLLOWER at term 67 for recognizeCandidate:f535bb4a-cba0-4f9b-9e3e-e4a48b3eda51
2019-10-18 11:24:19,431 [grpc-default-executor-1] INFO  impl.RaftServerImpl (RaftServerImpl.java:setRole(184)) - c652e2ee-3322-4406-8db6-1ea643cb3197@group-7E32184879DE: changes role from  FOLLOWER to FOLLOWER at term 67 for recognizeCandidate:f535bb4a-cba0-4f9b-9e3e-e4a48b3eda51
2019-10-18 11:24:19,432 [grpc-default-executor-3] INFO  impl.RoleInfo (RoleInfo.java:shutdownFollowerState(121)) - 54aabb14-4a7d-4ab3-adbe-2e67760b87f4: shutdown FollowerState
2019-10-18 11:24:19,432 [grpc-default-executor-1] INFO  impl.RoleInfo (RoleInfo.java:shutdownFollowerState(121)) - c652e2ee-3322-4406-8db6-1ea643cb3197: shutdown FollowerState
2019-10-18 11:24:19,432 [Thread-421] INFO  impl.FollowerState (FollowerState.java:run(117)) - 54aabb14-4a7d-4ab3-adbe-2e67760b87f4@group-7E32184879DE-FollowerState was interrupted: java.lang.InterruptedException: sleep interrupted
2019-10-18 11:24:19,432 [Thread-422] INFO  impl.FollowerState (FollowerState.java:run(117)) - c652e2ee-3322-4406-8db6-1ea643cb3197@group-7E32184879DE-FollowerState was interrupted: java.lang.InterruptedException: sleep interrupted
2019-10-18 11:24:19,432 [grpc-default-executor-3] INFO  impl.RoleInfo (RoleInfo.java:updateAndGet(143)) - 54aabb14-4a7d-4ab3-adbe-2e67760b87f4: start FollowerState
2019-10-18 11:24:19,432 [grpc-default-executor-1] INFO  impl.RoleInfo (RoleInfo.java:updateAndGet(143)) - c652e2ee-3322-4406-8db6-1ea643cb3197: start FollowerState
2019-10-18 11:24:19,443 [f535bb4a-cba0-4f9b-9e3e-e4a48b3eda51@group-7E32184879DE-LeaderElection56] INFO  impl.LeaderElection (LeaderElection.java:logAndReturn(56)) - f535bb4a-cba0-4f9b-9e3e-e4a48b3eda51@group-7E32184879DE-LeaderElection56: Election TIMEOUT; received 0 response(s) [] and 0 exception(s); f535bb4a-cba0-4f9b-9e3e-e4a48b3eda51@group-7E32184879DE:t67, leader=null, voted=f535bb4a-cba0-4f9b-9e3e-e4a48b3eda51, raftlog=f535bb4a-cba0-4f9b-9e3e-e4a48b3eda51@group-7E32184879DE-SegmentedRaftLog:OPENED:c-1,f-1,i0, conf=-1: [f535bb4a-cba0-4f9b-9e3e-e4a48b3eda51:0.0.0.0:44706, 54aabb14-4a7d-4ab3-adbe-2e67760b87f4:0.0.0.0:43074, c652e2ee-3322-4406-8db6-1ea643cb3197:0.0.0.0:42129], old=null
2019-10-18 11:24:19,471 [f535bb4a-cba0-4f9b-9e3e-e4a48b3eda51@group-7E32184879DE-LeaderElection56] INFO  impl.LeaderElection (LeaderElection.java:askForVotes(178)) - f535bb4a-cba0-4f9b-9e3e-e4a48b3eda51@group-7E32184879DE-LeaderElection56: begin an election at term 68 for -1: [f535bb4a-cba0-4f9b-9e3e-e4a48b3eda51:0.0.0.0:44706, 54aabb14-4a7d-4ab3-adbe-2e67760b87f4:0.0.0.0:43074, c652e2ee-3322-4406-8db6-1ea643cb3197:0.0.0.0:42129], old=null
2019-10-18 11:24:19,474 [grpc-default-executor-3] INFO  impl.RaftServerImpl (RaftServerImpl.java:setRole(184)) - c652e2ee-3322-4406-8db6-1ea643cb3197@group-7E32184879DE: changes role from  FOLLOWER to FOLLOWER at term 68 for recognizeCandidate:f535bb4a-cba0-4f9b-9e3e-e4a48b3eda51
2019-10-18 11:24:19,474 [grpc-default-executor-3] INFO  impl.RoleInfo (RoleInfo.java:shutdownFollowerState(121)) - c652e2ee-3322-4406-8db6-1ea643cb3197: shutdown FollowerState
2019-10-18 11:24:19,474 [grpc-default-executor-1] INFO  impl.RaftServerImpl (RaftServerImpl.java:setRole(184)) - 54aabb14-4a7d-4ab3-adbe-2e67760b87f4@group-7E32184879DE: changes role from  FOLLOWER to FOLLOWER at term 68 for recognizeCandidate:f535bb4a-cba0-4f9b-9e3e-e4a48b3eda51
2019-10-18 11:24:19,474 [Thread-428] INFO  impl.FollowerState (FollowerState.java:run(117)) - c652e2ee-3322-4406-8db6-1ea643cb3197@group-7E32184879DE-FollowerState was interrupted: java.lang.InterruptedException: sleep interrupted
2019-10-18 11:24:19,474 [grpc-default-executor-3] INFO  impl.RoleInfo (RoleInfo.java:updateAndGet(143)) - c652e2ee-3322-4406-8db6-1ea643cb3197: start FollowerState
2019-10-18 11:24:19,474 [grpc-default-executor-1] INFO  impl.RoleInfo (RoleInfo.java:shutdownFollowerState(121)) - 54aabb14-4a7d-4ab3-adbe-2e67760b87f4: shutdown FollowerState
2019-10-18 11:24:19,475 [grpc-default-executor-1] INFO  impl.RoleInfo (RoleInfo.java:updateAndGet(143)) - 54aabb14-4a7d-4ab3-adbe-2e67760b87f4: start FollowerState
2019-10-18 11:24:19,475 [Thread-427] INFO  impl.FollowerState (FollowerState.java:run(117)) - 54aabb14-4a7d-4ab3-adbe-2e67760b87f4@group-7E32184879DE-FollowerState was interrupted: java.lang.InterruptedException: sleep interrupted
2019-10-18 11:24:19,478 [f535bb4a-cba0-4f9b-9e3e-e4a48b3eda51@group-7E32184879DE-LeaderElection56] INFO  impl.LeaderElection (LeaderElection.java:logAndReturn(56)) - f535bb4a-cba0-4f9b-9e3e-e4a48b3eda51@group-7E32184879DE-LeaderElection56: Election TIMEOUT; received 0 response(s) [] and 0 exception(s); f535bb4a-cba0-4f9b-9e3e-e4a48b3eda51@group-7E32184879DE:t68, leader=null, voted=f535bb4a-cba0-4f9b-9e3e-e4a48b3eda51, raftlog=f535bb4a-cba0-4f9b-9e3e-e4a48b3eda51@group-7E32184879DE-SegmentedRaftLog:OPENED:c-1,f-1,i0, conf=-1: [f535bb4a-cba0-4f9b-9e3e-e4a48b3eda51:0.0.0.0:44706, 54aabb14-4a7d-4ab3-adbe-2e67760b87f4:0.0.0.0:43074, c652e2ee-3322-4406-8db6-1ea643cb3197:0.0.0.0:42129], old=null
2019-10-18 11:24:19,496 [f535bb4a-cba0-4f9b-9e3e-e4a48b3eda51@group-7E32184879DE-LeaderElection56] INFO  impl.LeaderElection (LeaderElection.java:askForVotes(178)) - f535bb4a-cba0-4f9b-9e3e-e4a48b3eda51@group-7E32184879DE-LeaderElection56: begin an election at term 69 for -1: [f535bb4a-cba0-4f9b-9e3e-e4a48b3eda51:0.0.0.0:44706, 54aabb14-4a7d-4ab3-adbe-2e67760b87f4:0.0.0.0:43074, c652e2ee-3322-4406-8db6-1ea643cb3197:0.0.0.0:42129], old=null
2019-10-18 11:24:19,498 [grpc-default-executor-3] INFO  impl.RaftServerImpl (RaftServerImpl.java:setRole(184)) - 54aabb14-4a7d-4ab3-adbe-2e67760b87f4@group-7E32184879DE: changes role from  FOLLOWER to FOLLOWER at term 69 for recognizeCandidate:f535bb4a-cba0-4f9b-9e3e-e4a48b3eda51
2019-10-18 11:24:19,498 [grpc-default-executor-1] INFO  impl.RaftServerImpl (RaftServerImpl.java:setRole(184)) - c652e2ee-3322-4406-8db6-1ea643cb3197@group-7E32184879DE: changes role from  FOLLOWER to FOLLOWER at term 69 for recognizeCandidate:f535bb4a-cba0-4f9b-9e3e-e4a48b3eda51
2019-10-18 11:24:19,498 [grpc-default-executor-3] INFO  impl.RoleInfo (RoleInfo.java:shutdownFollowerState(121)) - 54aabb14-4a7d-4ab3-adbe-2e67760b87f4: shutdown FollowerState
2019-10-18 11:24:19,499 [grpc-default-executor-1] INFO  impl.RoleInfo (RoleInfo.java:shutdownFollowerState(121)) - c652e2ee-3322-4406-8db6-1ea643cb3197: shutdown FollowerState
2019-10-18 11:24:19,499 [Thread-432] INFO  impl.FollowerState (FollowerState.java:run(117)) - 54aabb14-4a7d-4ab3-adbe-2e67760b87f4@group-7E32184879DE-FollowerState was interrupted: java.lang.InterruptedException: sleep interrupted
2019-10-18 11:24:19,499 [Thread-431] INFO  impl.FollowerState (FollowerState.java:run(117)) - c652e2ee-3322-4406-8db6-1ea643cb3197@group-7E32184879DE-FollowerState was interrupted: java.lang.InterruptedException: sleep interrupted
2019-10-18 11:24:19,499 [grpc-default-executor-3] INFO  impl.RoleInfo (RoleInfo.java:updateAndGet(143)) - 54aabb14-4a7d-4ab3-adbe-2e67760b87f4: start FollowerState
2019-10-18 11:24:19,499 [grpc-default-executor-1] INFO  impl.RoleInfo (RoleInfo.java:updateAndGet(143)) - c652e2ee-3322-4406-8db6-1ea643cb3197: start FollowerState
2019-10-18 11:24:19,523 [f535bb4a-cba0-4f9b-9e3e-e4a48b3eda51@group-7E32184879DE-LeaderElection56] INFO  impl.LeaderElection (LeaderElection.java:logAndReturn(56)) - f535bb4a-cba0-4f9b-9e3e-e4a48b3eda51@group-7E32184879DE-LeaderElection56: Election REJECTED; received 2 response(s) [f535bb4a-cba0-4f9b-9e3e-e4a48b3eda51<-54aabb14-4a7d-4ab3-adbe-2e67760b87f4#0:FAIL-t69, f535bb4a-cba0-4f9b-9e3e-e4a48b3eda51<-c652e2ee-3322-4406-8db6-1ea643cb3197#0:FAIL-t69] and 0 exception(s); f535bb4a-cba0-4f9b-9e3e-e4a48b3eda51@group-7E32184879DE:t69, leader=null, voted=f535bb4a-cba0-4f9b-9e3e-e4a48b3eda51, raftlog=f535bb4a-cba0-4f9b-9e3e-e4a48b3eda51@group-7E32184879DE-SegmentedRaftLog:OPENED:c-1,f-1,i0, conf=-1: [f535bb4a-cba0-4f9b-9e3e-e4a48b3eda51:0.0.0.0:44706, 54aabb14-4a7d-4ab3-adbe-2e67760b87f4:0.0.0.0:43074, c652e2ee-3322-4406-8db6-1ea643cb3197:0.0.0.0:42129], old=null
2019-10-18 11:24:19,523 [f535bb4a-cba0-4f9b-9e3e-e4a48b3eda51@group-7E32184879DE-LeaderElection56] INFO  impl.RaftServerImpl (RaftServerImpl.java:setRole(184)) - f535bb4a-cba0-4f9b-9e3e-e4a48b3eda51@group-7E32184879DE: changes role from CANDIDATE to FOLLOWER at term 69 for DISCOVERED_A_NEW_TERM
2019-10-18 11:24:19,523 [f535bb4a-cba0-4f9b-9e3e-e4a48b3eda51@group-7E32184879DE-LeaderElection56] INFO  impl.RoleInfo (RoleInfo.java:shutdownLeaderElection(134)) - f535bb4a-cba0-4f9b-9e3e-e4a48b3eda51: shutdown LeaderElection
2019-10-18 11:24:19,523 [f535bb4a-cba0-4f9b-9e3e-e4a48b3eda51@group-7E32184879DE-LeaderElection56] INFO  impl.RoleInfo (RoleInfo.java:updateAndGet(143)) - f535bb4a-cba0-4f9b-9e3e-e4a48b3eda51: start FollowerState
2019-10-18 11:24:19,601 [Thread-437] INFO  impl.FollowerState (FollowerState.java:run(108)) - f535bb4a-cba0-4f9b-9e3e-e4a48b3eda51@group-7E32184879DE-FollowerState: change to CANDIDATE, lastRpcTime:77ms, electionTimeout:77ms
2019-10-18 11:24:19,601 [Thread-437] INFO  impl.RoleInfo (RoleInfo.java:shutdownFollowerState(121)) - f535bb4a-cba0-4f9b-9e3e-e4a48b3eda51: shutdown FollowerState
2019-10-18 11:24:19,601 [Thread-437] INFO  impl.RaftServerImpl (RaftServerImpl.java:setRole(184)) - f535bb4a-cba0-4f9b-9e3e-e4a48b3eda51@group-7E32184879DE: changes role from  FOLLOWER to CANDIDATE at term 69 for changeToCandidate
2019-10-18 11:24:19,601 [Thread-437] INFO  impl.RoleInfo (RoleInfo.java:updateAndGet(143)) - f535bb4a-cba0-4f9b-9e3e-e4a48b3eda51: start LeaderElection
2019-10-18 11:24:19,640 [f535bb4a-cba0-4f9b-9e3e-e4a48b3eda51@group-7E32184879DE-LeaderElection57] INFO  impl.LeaderElection (LeaderElection.java:askForVotes(178)) - f535bb4a-cba0-4f9b-9e3e-e4a48b3eda51@group-7E32184879DE-LeaderElection57: begin an election at term 70 for -1: [f535bb4a-cba0-4f9b-9e3e-e4a48b3eda51:0.0.0.0:44706, 54aabb14-4a7d-4ab3-adbe-2e67760b87f4:0.0.0.0:43074, c652e2ee-3322-4406-8db6-1ea643cb3197:0.0.0.0:42129], old=null
2019-10-18 11:24:19,643 [grpc-default-executor-1] INFO  impl.RaftServerImpl (RaftServerImpl.java:setRole(184)) - c652e2ee-3322-4406-8db6-1ea643cb3197@group-7E32184879DE: changes role from  FOLLOWER to FOLLOWER at term 70 for recognizeCandidate:f535bb4a-cba0-4f9b-9e3e-e4a48b3eda51
2019-10-18 11:24:19,643 [grpc-default-executor-1] INFO  impl.RoleInfo (RoleInfo.java:shutdownFollowerState(121)) - c652e2ee-3322-4406-8db6-1ea643cb3197: shutdown FollowerState
2019-10-18 11:24:19,643 [grpc-default-executor-1] INFO  impl.RoleInfo (RoleInfo.java:updateAndGet(143)) - c652e2ee-3322-4406-8db6-1ea643cb3197: start FollowerState
2019-10-18 11:24:19,643 [grpc-default-executor-3] INFO  impl.RaftServerImpl (RaftServerImpl.java:setRole(184)) - 54aabb14-4a7d-4ab3-adbe-2e67760b87f4@group-7E32184879DE: changes role from  FOLLOWER to FOLLOWER at term 70 for recognizeCandidate:f535bb4a-cba0-4f9b-9e3e-e4a48b3eda51
2019-10-18 11:24:19,643 [Thread-436] INFO  impl.FollowerState (FollowerState.java:run(117)) - c652e2ee-3322-4406-8db6-1ea643cb3197@group-7E32184879DE-FollowerState was interrupted: java.lang.InterruptedException: sleep interrupted
2019-10-18 11:24:19,643 [grpc-default-executor-3] INFO  impl.RoleInfo (RoleInfo.java:shutdownFollowerState(121)) - 54aabb14-4a7d-4ab3-adbe-2e67760b87f4: shutdown FollowerState
2019-10-18 11:24:19,644 [grpc-default-executor-3] INFO  impl.RoleInfo (RoleInfo.java:updateAndGet(143)) - 54aabb14-4a7d-4ab3-adbe-2e67760b87f4: start FollowerState
2019-10-18 11:24:19,644 [Thread-435] INFO  impl.FollowerState (FollowerState.java:run(117)) - 54aabb14-4a7d-4ab3-adbe-2e67760b87f4@group-7E32184879DE-FollowerState was interrupted: java.lang.InterruptedException: sleep interrupted
2019-10-18 11:24:19,673 [f535bb4a-cba0-4f9b-9e3e-e4a48b3eda51@group-7E32184879DE-LeaderElection57] INFO  impl.LeaderElection (LeaderElection.java:logAndReturn(56)) - f535bb4a-cba0-4f9b-9e3e-e4a48b3eda51@group-7E32184879DE-LeaderElection57: Election REJECTED; received 2 response(s) [f535bb4a-cba0-4f9b-9e3e-e4a48b3eda51<-54aabb14-4a7d-4ab3-adbe-2e67760b87f4#0:FAIL-t70, f535bb4a-cba0-4f9b-9e3e-e4a48b3eda51<-c652e2ee-3322-4406-8db6-1ea643cb3197#0:FAIL-t70] and 0 exception(s); f535bb4a-cba0-4f9b-9e3e-e4a48b3eda51@group-7E32184879DE:t70, leader=null, voted=f535bb4a-cba0-4f9b-9e3e-e4a48b3eda51, raftlog=f535bb4a-cba0-4f9b-9e3e-e4a48b3eda51@group-7E32184879DE-SegmentedRaftLog:OPENED:c-1,f-1,i0, conf=-1: [f535bb4a-cba0-4f9b-9e3e-e4a48b3eda51:0.0.0.0:44706, 54aabb14-4a7d-4ab3-adbe-2e67760b87f4:0.0.0.0:43074, c652e2ee-3322-4406-8db6-1ea643cb3197:0.0.0.0:42129], old=null
2019-10-18 11:24:19,673 [f535bb4a-cba0-4f9b-9e3e-e4a48b3eda51@group-7E32184879DE-LeaderElection57] INFO  impl.RaftServerImpl (RaftServerImpl.java:setRole(184)) - f535bb4a-cba0-4f9b-9e3e-e4a48b3eda51@group-7E32184879DE: changes role from CANDIDATE to FOLLOWER at term 70 for DISCOVERED_A_NEW_TERM
2019-10-18 11:24:19,674 [f535bb4a-cba0-4f9b-9e3e-e4a48b3eda51@group-7E32184879DE-LeaderElection57] INFO  impl.RoleInfo (RoleInfo.java:shutdownLeaderElection(134)) - f535bb4a-cba0-4f9b-9e3e-e4a48b3eda51: shutdown LeaderElection
2019-10-18 11:24:19,674 [f535bb4a-cba0-4f9b-9e3e-e4a48b3eda51@group-7E32184879DE-LeaderElection57] INFO  impl.RoleInfo (RoleInfo.java:updateAndGet(143)) - f535bb4a-cba0-4f9b-9e3e-e4a48b3eda51: start FollowerState
2019-10-18 11:24:19,697 [Thread-443] INFO  impl.FollowerState (FollowerState.java:run(108)) - f535bb4a-cba0-4f9b-9e3e-e4a48b3eda51@group-7E32184879DE-FollowerState: change to CANDIDATE, lastRpcTime:23ms, electionTimeout:23ms
2019-10-18 11:24:19,697 [Thread-443] INFO  impl.RoleInfo (RoleInfo.java:shutdownFollowerState(121)) - f535bb4a-cba0-4f9b-9e3e-e4a48b3eda51: shutdown FollowerState
2019-10-18 11:24:19,697 [Thread-443] INFO  impl.RaftServerImpl (RaftServerImpl.java:setRole(184)) - f535bb4a-cba0-4f9b-9e3e-e4a48b3eda51@group-7E32184879DE: changes role from  FOLLOWER to CANDIDATE at term 70 for changeToCandidate
2019-10-18 11:24:19,698 [Thread-443] INFO  impl.RoleInfo (RoleInfo.java:updateAndGet(143)) - f535bb4a-cba0-4f9b-9e3e-e4a48b3eda51: start LeaderElection
2019-10-18 11:24:19,722 [f535bb4a-cba0-4f9b-9e3e-e4a48b3eda51@group-7E32184879DE-LeaderElection58] INFO  impl.LeaderElection (LeaderElection.java:askForVotes(178)) - f535bb4a-cba0-4f9b-9e3e-e4a48b3eda51@group-7E32184879DE-LeaderElection58: begin an election at term 71 for -1: [f535bb4a-cba0-4f9b-9e3e-e4a48b3eda51:0.0.0.0:44706, 54aabb14-4a7d-4ab3-adbe-2e67760b87f4:0.0.0.0:43074, c652e2ee-3322-4406-8db6-1ea643cb3197:0.0.0.0:42129], old=null
2019-10-18 11:24:19,725 [grpc-default-executor-1] INFO  impl.RaftServerImpl (RaftServerImpl.java:setRole(184)) - 54aabb14-4a7d-4ab3-adbe-2e67760b87f4@group-7E32184879DE: changes role from  FOLLOWER to FOLLOWER at term 71 for recognizeCandidate:f535bb4a-cba0-4f9b-9e3e-e4a48b3eda51
2019-10-18 11:24:19,725 [grpc-default-executor-1] INFO  impl.RoleInfo (RoleInfo.java:shutdownFollowerState(121)) - 54aabb14-4a7d-4ab3-adbe-2e67760b87f4: shutdown FollowerState
2019-10-18 11:24:19,725 [grpc-default-executor-3] INFO  impl.RaftServerImpl (RaftServerImpl.java:setRole(184)) - c652e2ee-3322-4406-8db6-1ea643cb3197@group-7E32184879DE: changes role from  FOLLOWER to FOLLOWER at term 71 for recognizeCandidate:f535bb4a-cba0-4f9b-9e3e-e4a48b3eda51
2019-10-18 11:24:19,725 [Thread-442] INFO  impl.FollowerState (FollowerState.java:run(117)) - 54aabb14-4a7d-4ab3-adbe-2e67760b87f4@group-7E32184879DE-FollowerState was interrupted: java.lang.InterruptedException: sleep interrupted
2019-10-18 11:24:19,725 [grpc-default-executor-1] INFO  impl.RoleInfo (RoleInfo.java:updateAndGet(143)) - 54aabb14-4a7d-4ab3-adbe-2e67760b87f4: start FollowerState
2019-10-18 11:24:19,726 [grpc-default-executor-3] INFO  impl.RoleInfo (RoleInfo.java:shutdownFollowerState(121)) - c652e2ee-3322-4406-8db6-1ea643cb3197: shutdown FollowerState
2019-10-18 11:24:19,726 [grpc-default-executor-3] INFO  impl.RoleInfo (RoleInfo.java:updateAndGet(143)) - c652e2ee-3322-4406-8db6-1ea643cb3197: start FollowerState
2019-10-18 11:24:19,726 [Thread-441] INFO  impl.FollowerState (FollowerState.java:run(117)) - c652e2ee-3322-4406-8db6-1ea643cb3197@group-7E32184879DE-FollowerState was interrupted: java.lang.InterruptedException: sleep interrupted
2019-10-18 11:24:19,749 [f535bb4a-cba0-4f9b-9e3e-e4a48b3eda51@group-7E32184879DE-LeaderElection58] INFO  impl.LeaderElection (LeaderElection.java:logAndReturn(56)) - f535bb4a-cba0-4f9b-9e3e-e4a48b3eda51@group-7E32184879DE-LeaderElection58: Election REJECTED; received 2 response(s) [f535bb4a-cba0-4f9b-9e3e-e4a48b3eda51<-54aabb14-4a7d-4ab3-adbe-2e67760b87f4#0:FAIL-t71, f535bb4a-cba0-4f9b-9e3e-e4a48b3eda51<-c652e2ee-3322-4406-8db6-1ea643cb3197#0:FAIL-t71] and 0 exception(s); f535bb4a-cba0-4f9b-9e3e-e4a48b3eda51@group-7E32184879DE:t71, leader=null, voted=f535bb4a-cba0-4f9b-9e3e-e4a48b3eda51, raftlog=f535bb4a-cba0-4f9b-9e3e-e4a48b3eda51@group-7E32184879DE-SegmentedRaftLog:OPENED:c-1,f-1,i0, conf=-1: [f535bb4a-cba0-4f9b-9e3e-e4a48b3eda51:0.0.0.0:44706, 54aabb14-4a7d-4ab3-adbe-2e67760b87f4:0.0.0.0:43074, c652e2ee-3322-4406-8db6-1ea643cb3197:0.0.0.0:42129], old=null
2019-10-18 11:24:19,749 [f535bb4a-cba0-4f9b-9e3e-e4a48b3eda51@group-7E32184879DE-LeaderElection58] INFO  impl.RaftServerImpl (RaftServerImpl.java:setRole(184)) - f535bb4a-cba0-4f9b-9e3e-e4a48b3eda51@group-7E32184879DE: changes role from CANDIDATE to FOLLOWER at term 71 for DISCOVERED_A_NEW_TERM
2019-10-18 11:24:19,749 [f535bb4a-cba0-4f9b-9e3e-e4a48b3eda51@group-7E32184879DE-LeaderElection58] INFO  impl.RoleInfo (RoleInfo.java:shutdownLeaderElection(134)) - f535bb4a-cba0-4f9b-9e3e-e4a48b3eda51: shutdown LeaderElection
2019-10-18 11:24:19,750 [f535bb4a-cba0-4f9b-9e3e-e4a48b3eda51@group-7E32184879DE-LeaderElection58] INFO  impl.RoleInfo (RoleInfo.java:updateAndGet(143)) - f535bb4a-cba0-4f9b-9e3e-e4a48b3eda51: start FollowerState
2019-10-18 11:24:19,841 [Thread-449] INFO  impl.FollowerState (FollowerState.java:run(108)) - f535bb4a-cba0-4f9b-9e3e-e4a48b3eda51@group-7E32184879DE-FollowerState: change to CANDIDATE, lastRpcTime:91ms, electionTimeout:91ms
2019-10-18 11:24:19,841 [Thread-449] INFO  impl.RoleInfo (RoleInfo.java:shutdownFollowerState(121)) - f535bb4a-cba0-4f9b-9e3e-e4a48b3eda51: shutdown FollowerState
2019-10-18 11:24:19,841 [Thread-449] INFO  impl.RaftServerImpl (RaftServerImpl.java:setRole(184)) - f535bb4a-cba0-4f9b-9e3e-e4a48b3eda51@group-7E32184879DE: changes role from  FOLLOWER to CANDIDATE at term 71 for changeToCandidate
2019-10-18 11:24:19,842 [Thread-449] INFO  impl.RoleInfo (RoleInfo.java:updateAndGet(143)) - f535bb4a-cba0-4f9b-9e3e-e4a48b3eda51: start LeaderElection
2019-10-18 11:24:19,865 [f535bb4a-cba0-4f9b-9e3e-e4a48b3eda51@group-7E32184879DE-LeaderElection59] INFO  impl.LeaderElection (LeaderElection.java:askForVotes(178)) - f535bb4a-cba0-4f9b-9e3e-e4a48b3eda51@group-7E32184879DE-LeaderElection59: begin an election at term 72 for -1: [f535bb4a-cba0-4f9b-9e3e-e4a48b3eda51:0.0.0.0:44706, 54aabb14-4a7d-4ab3-adbe-2e67760b87f4:0.0.0.0:43074, c652e2ee-3322-4406-8db6-1ea643cb3197:0.0.0.0:42129], old=null
2019-10-18 11:24:19,868 [grpc-default-executor-3] INFO  impl.RaftServerImpl (RaftServerImpl.java:setRole(184)) - 54aabb14-4a7d-4ab3-adbe-2e67760b87f4@group-7E32184879DE: changes role from  FOLLOWER to FOLLOWER at term 72 for recognizeCandidate:f535bb4a-cba0-4f9b-9e3e-e4a48b3eda51
2019-10-18 11:24:19,868 [grpc-default-executor-1] INFO  impl.RaftServerImpl (RaftServerImpl.java:setRole(184)) - c652e2ee-3322-4406-8db6-1ea643cb3197@group-7E32184879DE: changes role from  FOLLOWER to FOLLOWER at term 72 for recognizeCandidate:f535bb4a-cba0-4f9b-9e3e-e4a48b3eda51
2019-10-18 11:24:19,868 [grpc-default-executor-3] INFO  impl.RoleInfo (RoleInfo.java:shutdownFollowerState(121)) - 54aabb14-4a7d-4ab3-adbe-2e67760b87f4: shutdown FollowerState
2019-10-18 11:24:19,868 [grpc-default-executor-1] INFO  impl.RoleInfo (RoleInfo.java:shutdownFollowerState(121)) - c652e2ee-3322-4406-8db6-1ea643cb3197: shutdown FollowerState
2019-10-18 11:24:19,869 [Thread-447] INFO  impl.FollowerState (FollowerState.java:run(117)) - 54aabb14-4a7d-4ab3-adbe-2e67760b87f4@group-7E32184879DE-FollowerState was interrupted: java.lang.InterruptedException: sleep interrupted
2019-10-18 11:24:19,869 [grpc-default-executor-3] INFO  impl.RoleInfo (RoleInfo.java:updateAndGet(143)) - 54aabb14-4a7d-4ab3-adbe-2e67760b87f4: start FollowerState
2019-10-18 11:24:19,869 [Thread-448] INFO  impl.FollowerState (FollowerState.java:run(117)) - c652e2ee-3322-4406-8db6-1ea643cb3197@group-7E32184879DE-FollowerState was interrupted: java.lang.InterruptedException: sleep interrupted
2019-10-18 11:24:19,869 [grpc-default-executor-1] INFO  impl.RoleInfo (RoleInfo.java:updateAndGet(143)) - c652e2ee-3322-4406-8db6-1ea643cb3197: start FollowerState
2019-10-18 11:24:19,896 [f535bb4a-cba0-4f9b-9e3e-e4a48b3eda51@group-7E32184879DE-LeaderElection59] INFO  impl.LeaderElection (LeaderElection.java:logAndReturn(56)) - f535bb4a-cba0-4f9b-9e3e-e4a48b3eda51@group-7E32184879DE-LeaderElection59: Election REJECTED; received 2 response(s) [f535bb4a-cba0-4f9b-9e3e-e4a48b3eda51<-54aabb14-4a7d-4ab3-adbe-2e67760b87f4#0:FAIL-t72, f535bb4a-cba0-4f9b-9e3e-e4a48b3eda51<-c652e2ee-3322-4406-8db6-1ea643cb3197#0:FAIL-t72] and 0 exception(s); f535bb4a-cba0-4f9b-9e3e-e4a48b3eda51@group-7E32184879DE:t72, leader=null, voted=f535bb4a-cba0-4f9b-9e3e-e4a48b3eda51, raftlog=f535bb4a-cba0-4f9b-9e3e-e4a48b3eda51@group-7E32184879DE-SegmentedRaftLog:OPENED:c-1,f-1,i0, conf=-1: [f535bb4a-cba0-4f9b-9e3e-e4a48b3eda51:0.0.0.0:44706, 54aabb14-4a7d-4ab3-adbe-2e67760b87f4:0.0.0.0:43074, c652e2ee-3322-4406-8db6-1ea643cb3197:0.0.0.0:42129], old=null
2019-10-18 11:24:19,897 [f535bb4a-cba0-4f9b-9e3e-e4a48b3eda51@group-7E32184879DE-LeaderElection59] INFO  impl.RaftServerImpl (RaftServerImpl.java:setRole(184)) - f535bb4a-cba0-4f9b-9e3e-e4a48b3eda51@group-7E32184879DE: changes role from CANDIDATE to FOLLOWER at term 72 for DISCOVERED_A_NEW_TERM
2019-10-18 11:24:19,898 [f535bb4a-cba0-4f9b-9e3e-e4a48b3eda51@group-7E32184879DE-LeaderElection59] INFO  impl.RoleInfo (RoleInfo.java:shutdownLeaderElection(134)) - f535bb4a-cba0-4f9b-9e3e-e4a48b3eda51: shutdown LeaderElection
2019-10-18 11:24:19,898 [f535bb4a-cba0-4f9b-9e3e-e4a48b3eda51@group-7E32184879DE-LeaderElection59] INFO  impl.RoleInfo (RoleInfo.java:updateAndGet(143)) - f535bb4a-cba0-4f9b-9e3e-e4a48b3eda51: start FollowerState
2019-10-18 11:24:19,989 [Thread-457] INFO  impl.FollowerState (FollowerState.java:run(108)) - f535bb4a-cba0-4f9b-9e3e-e4a48b3eda51@group-7E32184879DE-FollowerState: change to CANDIDATE, lastRpcTime:91ms, electionTimeout:90ms
2019-10-18 11:24:19,989 [Thread-457] INFO  impl.RoleInfo (RoleInfo.java:shutdownFollowerState(121)) - f535bb4a-cba0-4f9b-9e3e-e4a48b3eda51: shutdown FollowerState
2019-10-18 11:24:19,990 [Thread-457] INFO  impl.RaftServerImpl (RaftServerImpl.java:setRole(184)) - f535bb4a-cba0-4f9b-9e3e-e4a48b3eda51@group-7E32184879DE: changes role from  FOLLOWER to CANDIDATE at term 72 for changeToCandidate
2019-10-18 11:24:19,990 [Thread-457] INFO  impl.RoleInfo (RoleInfo.java:updateAndGet(143)) - f535bb4a-cba0-4f9b-9e3e-e4a48b3eda51: start LeaderElection
2019-10-18 11:24:20,015 [f535bb4a-cba0-4f9b-9e3e-e4a48b3eda51@group-7E32184879DE-LeaderElection60] INFO  impl.LeaderElection (LeaderElection.java:askForVotes(178)) - f535bb4a-cba0-4f9b-9e3e-e4a48b3eda51@group-7E32184879DE-LeaderElection60: begin an election at term 73 for -1: [f535bb4a-cba0-4f9b-9e3e-e4a48b3eda51:0.0.0.0:44706, 54aabb14-4a7d-4ab3-adbe-2e67760b87f4:0.0.0.0:43074, c652e2ee-3322-4406-8db6-1ea643cb3197:0.0.0.0:42129], old=null
2019-10-18 11:24:20,019 [grpc-default-executor-1] INFO  impl.RaftServerImpl (RaftServerImpl.java:setRole(184)) - c652e2ee-3322-4406-8db6-1ea643cb3197@group-7E32184879DE: changes role from  FOLLOWER to FOLLOWER at term 73 for recognizeCandidate:f535bb4a-cba0-4f9b-9e3e-e4a48b3eda51
2019-10-18 11:24:20,019 [grpc-default-executor-3] INFO  impl.RaftServerImpl (RaftServerImpl.java:setRole(184)) - 54aabb14-4a7d-4ab3-adbe-2e67760b87f4@group-7E32184879DE: changes role from  FOLLOWER to FOLLOWER at term 73 for recognizeCandidate:f535bb4a-cba0-4f9b-9e3e-e4a48b3eda51
2019-10-18 11:24:20,019 [grpc-default-executor-1] INFO  impl.RoleInfo (RoleInfo.java:shutdownFollowerState(121)) - c652e2ee-3322-4406-8db6-1ea643cb3197: shutdown FollowerState
2019-10-18 11:24:20,019 [grpc-default-executor-3] INFO  impl.RoleInfo (RoleInfo.java:shutdownFollowerState(121)) - 54aabb14-4a7d-4ab3-adbe-2e67760b87f4: shutdown FollowerState
2019-10-18 11:24:20,020 [grpc-default-executor-1] INFO  impl.RoleInfo (RoleInfo.java:updateAndGet(143)) - c652e2ee-3322-4406-8db6-1ea643cb3197: start FollowerState
2019-10-18 11:24:20,020 [Thread-454] INFO  impl.FollowerState (FollowerState.java:run(117)) - c652e2ee-3322-4406-8db6-1ea643cb3197@group-7E32184879DE-FollowerState was interrupted: java.lang.InterruptedException: sleep interrupted
2019-10-18 11:24:20,020 [Thread-453] INFO  impl.FollowerState (FollowerState.java:run(117)) - 54aabb14-4a7d-4ab3-adbe-2e67760b87f4@group-7E32184879DE-FollowerState was interrupted: java.lang.InterruptedException: sleep interrupted
2019-10-18 11:24:20,020 [grpc-default-executor-3] INFO  impl.RoleInfo (RoleInfo.java:updateAndGet(143)) - 54aabb14-4a7d-4ab3-adbe-2e67760b87f4: start FollowerState
2019-10-18 11:24:20,051 [f535bb4a-cba0-4f9b-9e3e-e4a48b3eda51@group-7E32184879DE-LeaderElection60] INFO  impl.LeaderElection (LeaderElection.java:logAndReturn(56)) - f535bb4a-cba0-4f9b-9e3e-e4a48b3eda51@group-7E32184879DE-LeaderElection60: Election REJECTED; received 2 response(s) [f535bb4a-cba0-4f9b-9e3e-e4a48b3eda51<-54aabb14-4a7d-4ab3-adbe-2e67760b87f4#0:FAIL-t73, f535bb4a-cba0-4f9b-9e3e-e4a48b3eda51<-c652e2ee-3322-4406-8db6-1ea643cb3197#0:FAIL-t73] and 0 exception(s); f535bb4a-cba0-4f9b-9e3e-e4a48b3eda51@group-7E32184879DE:t73, leader=null, voted=f535bb4a-cba0-4f9b-9e3e-e4a48b3eda51, raftlog=f535bb4a-cba0-4f9b-9e3e-e4a48b3eda51@group-7E32184879DE-SegmentedRaftLog:OPENED:c-1,f-1,i0, conf=-1: [f535bb4a-cba0-4f9b-9e3e-e4a48b3eda51:0.0.0.0:44706, 54aabb14-4a7d-4ab3-adbe-2e67760b87f4:0.0.0.0:43074, c652e2ee-3322-4406-8db6-1ea643cb3197:0.0.0.0:42129], old=null
2019-10-18 11:24:20,051 [f535bb4a-cba0-4f9b-9e3e-e4a48b3eda51@group-7E32184879DE-LeaderElection60] INFO  impl.RaftServerImpl (RaftServerImpl.java:setRole(184)) - f535bb4a-cba0-4f9b-9e3e-e4a48b3eda51@group-7E32184879DE: changes role from CANDIDATE to FOLLOWER at term 73 for DISCOVERED_A_NEW_TERM
2019-10-18 11:24:20,051 [f535bb4a-cba0-4f9b-9e3e-e4a48b3eda51@group-7E32184879DE-LeaderElection60] INFO  impl.RoleInfo (RoleInfo.java:shutdownLeaderElection(134)) - f535bb4a-cba0-4f9b-9e3e-e4a48b3eda51: shutdown LeaderElection
2019-10-18 11:24:20,051 [f535bb4a-cba0-4f9b-9e3e-e4a48b3eda51@group-7E32184879DE-LeaderElection60] INFO  impl.RoleInfo (RoleInfo.java:updateAndGet(143)) - f535bb4a-cba0-4f9b-9e3e-e4a48b3eda51: start FollowerState
2019-10-18 11:24:20,081 [Thread-463] INFO  impl.FollowerState (FollowerState.java:run(108)) - f535bb4a-cba0-4f9b-9e3e-e4a48b3eda51@group-7E32184879DE-FollowerState: change to CANDIDATE, lastRpcTime:29ms, electionTimeout:29ms
2019-10-18 11:24:20,081 [Thread-463] INFO  impl.RoleInfo (RoleInfo.java:shutdownFollowerState(121)) - f535bb4a-cba0-4f9b-9e3e-e4a48b3eda51: shutdown FollowerState
2019-10-18 11:24:20,081 [Thread-463] INFO  impl.RaftServerImpl (RaftServerImpl.java:setRole(184)) - f535bb4a-cba0-4f9b-9e3e-e4a48b3eda51@group-7E32184879DE: changes role from  FOLLOWER to CANDIDATE at term 73 for changeToCandidate
2019-10-18 11:24:20,081 [Thread-463] INFO  impl.RoleInfo (RoleInfo.java:updateAndGet(143)) - f535bb4a-cba0-4f9b-9e3e-e4a48b3eda51: start LeaderElection
2019-10-18 11:24:20,108 [f535bb4a-cba0-4f9b-9e3e-e4a48b3eda51@group-7E32184879DE-LeaderElection61] INFO  impl.LeaderElection (LeaderElection.java:askForVotes(178)) - f535bb4a-cba0-4f9b-9e3e-e4a48b3eda51@group-7E32184879DE-LeaderElection61: begin an election at term 74 for -1: [f535bb4a-cba0-4f9b-9e3e-e4a48b3eda51:0.0.0.0:44706, 54aabb14-4a7d-4ab3-adbe-2e67760b87f4:0.0.0.0:43074, c652e2ee-3322-4406-8db6-1ea643cb3197:0.0.0.0:42129], old=null
2019-10-18 11:24:20,112 [grpc-default-executor-3] INFO  impl.RaftServerImpl (RaftServerImpl.java:setRole(184)) - c652e2ee-3322-4406-8db6-1ea643cb3197@group-7E32184879DE: changes role from  FOLLOWER to FOLLOWER at term 74 for recognizeCandidate:f535bb4a-cba0-4f9b-9e3e-e4a48b3eda51
2019-10-18 11:24:20,112 [grpc-default-executor-1] INFO  impl.RaftServerImpl (RaftServerImpl.java:setRole(184)) - 54aabb14-4a7d-4ab3-adbe-2e67760b87f4@group-7E32184879DE: changes role from  FOLLOWER to FOLLOWER at term 74 for recognizeCandidate:f535bb4a-cba0-4f9b-9e3e-e4a48b3eda51
2019-10-18 11:24:20,112 [f535bb4a-cba0-4f9b-9e3e-e4a48b3eda51@group-7E32184879DE-LeaderElection61] INFO  impl.LeaderElection (LeaderElection.java:logAndReturn(56)) - f535bb4a-cba0-4f9b-9e3e-e4a48b3eda51@group-7E32184879DE-LeaderElection61: Election TIMEOUT; received 0 response(s) [] and 0 exception(s); f535bb4a-cba0-4f9b-9e3e-e4a48b3eda51@group-7E32184879DE:t74, leader=null, voted=f535bb4a-cba0-4f9b-9e3e-e4a48b3eda51, raftlog=f535bb4a-cba0-4f9b-9e3e-e4a48b3eda51@group-7E32184879DE-SegmentedRaftLog:OPENED:c-1,f-1,i0, conf=-1: [f535bb4a-cba0-4f9b-9e3e-e4a48b3eda51:0.0.0.0:44706, 54aabb14-4a7d-4ab3-adbe-2e67760b87f4:0.0.0.0:43074, c652e2ee-3322-4406-8db6-1ea643cb3197:0.0.0.0:42129], old=null
2019-10-18 11:24:20,112 [grpc-default-executor-3] INFO  impl.RoleInfo (RoleInfo.java:shutdownFollowerState(121)) - c652e2ee-3322-4406-8db6-1ea643cb3197: shutdown FollowerState
2019-10-18 11:24:20,112 [grpc-default-executor-1] INFO  impl.RoleInfo (RoleInfo.java:shutdownFollowerState(121)) - 54aabb14-4a7d-4ab3-adbe-2e67760b87f4: shutdown FollowerState
2019-10-18 11:24:20,112 [grpc-default-executor-3] INFO  impl.RoleInfo (RoleInfo.java:updateAndGet(143)) - c652e2ee-3322-4406-8db6-1ea643cb3197: start FollowerState
2019-10-18 11:24:20,112 [Thread-461] INFO  impl.FollowerState (FollowerState.java:run(117)) - c652e2ee-3322-4406-8db6-1ea643cb3197@group-7E32184879DE-FollowerState was interrupted: java.lang.InterruptedException: sleep interrupted
2019-10-18 11:24:20,112 [Thread-462] INFO  impl.FollowerState (FollowerState.java:run(117)) - 54aabb14-4a7d-4ab3-adbe-2e67760b87f4@group-7E32184879DE-FollowerState was interrupted: java.lang.InterruptedException: sleep interrupted
2019-10-18 11:24:20,112 [grpc-default-executor-1] INFO  impl.RoleInfo (RoleInfo.java:updateAndGet(143)) - 54aabb14-4a7d-4ab3-adbe-2e67760b87f4: start FollowerState
2019-10-18 11:24:20,142 [f535bb4a-cba0-4f9b-9e3e-e4a48b3eda51@group-7E32184879DE-LeaderElection61] INFO  impl.LeaderElection (LeaderElection.java:askForVotes(178)) - f535bb4a-cba0-4f9b-9e3e-e4a48b3eda51@group-7E32184879DE-LeaderElection61: begin an election at term 75 for -1: [f535bb4a-cba0-4f9b-9e3e-e4a48b3eda51:0.0.0.0:44706, 54aabb14-4a7d-4ab3-adbe-2e67760b87f4:0.0.0.0:43074, c652e2ee-3322-4406-8db6-1ea643cb3197:0.0.0.0:42129], old=null
2019-10-18 11:24:20,145 [grpc-default-executor-3] INFO  impl.RaftServerImpl (RaftServerImpl.java:setRole(184)) - c652e2ee-3322-4406-8db6-1ea643cb3197@group-7E32184879DE: changes role from  FOLLOWER to FOLLOWER at term 75 for recognizeCandidate:f535bb4a-cba0-4f9b-9e3e-e4a48b3eda51
2019-10-18 11:24:20,145 [grpc-default-executor-1] INFO  impl.RaftServerImpl (RaftServerImpl.java:setRole(184)) - 54aabb14-4a7d-4ab3-adbe-2e67760b87f4@group-7E32184879DE: changes role from  FOLLOWER to FOLLOWER at term 75 for recognizeCandidate:f535bb4a-cba0-4f9b-9e3e-e4a48b3eda51
2019-10-18 11:24:20,145 [grpc-default-executor-3] INFO  impl.RoleInfo (RoleInfo.java:shutdownFollowerState(121)) - c652e2ee-3322-4406-8db6-1ea643cb3197: shutdown FollowerState
2019-10-18 11:24:20,145 [grpc-default-executor-1] INFO  impl.RoleInfo (RoleInfo.java:shutdownFollowerState(121)) - 54aabb14-4a7d-4ab3-adbe-2e67760b87f4: shutdown FollowerState
2019-10-18 11:24:20,145 [Thread-467] INFO  impl.FollowerState (FollowerState.java:run(117)) - c652e2ee-3322-4406-8db6-1ea643cb3197@group-7E32184879DE-FollowerState was interrupted: java.lang.InterruptedException: sleep interrupted
2019-10-18 11:24:20,145 [grpc-default-executor-3] INFO  impl.RoleInfo (RoleInfo.java:updateAndGet(143)) - c652e2ee-3322-4406-8db6-1ea643cb3197: start FollowerState
2019-10-18 11:24:20,145 [grpc-default-executor-1] INFO  impl.RoleInfo (RoleInfo.java:updateAndGet(143)) - 54aabb14-4a7d-4ab3-adbe-2e67760b87f4: start FollowerState
2019-10-18 11:24:20,145 [Thread-468] INFO  impl.FollowerState (FollowerState.java:run(117)) - 54aabb14-4a7d-4ab3-adbe-2e67760b87f4@group-7E32184879DE-FollowerState was interrupted: java.lang.InterruptedException: sleep interrupted
2019-10-18 11:24:20,177 [f535bb4a-cba0-4f9b-9e3e-e4a48b3eda51@group-7E32184879DE-LeaderElection61] INFO  impl.LeaderElection (LeaderElection.java:logAndReturn(56)) - f535bb4a-cba0-4f9b-9e3e-e4a48b3eda51@group-7E32184879DE-LeaderElection61: Election REJECTED; received 2 response(s) [f535bb4a-cba0-4f9b-9e3e-e4a48b3eda51<-54aabb14-4a7d-4ab3-adbe-2e67760b87f4#0:FAIL-t75, f535bb4a-cba0-4f9b-9e3e-e4a48b3eda51<-c652e2ee-3322-4406-8db6-1ea643cb3197#0:FAIL-t75] and 0 exception(s); f535bb4a-cba0-4f9b-9e3e-e4a48b3eda51@group-7E32184879DE:t75, leader=null, voted=f535bb4a-cba0-4f9b-9e3e-e4a48b3eda51, raftlog=f535bb4a-cba0-4f9b-9e3e-e4a48b3eda51@group-7E32184879DE-SegmentedRaftLog:OPENED:c-1,f-1,i0, conf=-1: [f535bb4a-cba0-4f9b-9e3e-e4a48b3eda51:0.0.0.0:44706, 54aabb14-4a7d-4ab3-adbe-2e67760b87f4:0.0.0.0:43074, c652e2ee-3322-4406-8db6-1ea643cb3197:0.0.0.0:42129], old=null
2019-10-18 11:24:20,177 [f535bb4a-cba0-4f9b-9e3e-e4a48b3eda51@group-7E32184879DE-LeaderElection61] INFO  impl.RaftServerImpl (RaftServerImpl.java:setRole(184)) - f535bb4a-cba0-4f9b-9e3e-e4a48b3eda51@group-7E32184879DE: changes role from CANDIDATE to FOLLOWER at term 75 for DISCOVERED_A_NEW_TERM
2019-10-18 11:24:20,177 [f535bb4a-cba0-4f9b-9e3e-e4a48b3eda51@group-7E32184879DE-LeaderElection61] INFO  impl.RoleInfo (RoleInfo.java:shutdownLeaderElection(134)) - f535bb4a-cba0-4f9b-9e3e-e4a48b3eda51: shutdown LeaderElection
2019-10-18 11:24:20,177 [f535bb4a-cba0-4f9b-9e3e-e4a48b3eda51@group-7E32184879DE-LeaderElection61] INFO  impl.RoleInfo (RoleInfo.java:updateAndGet(143)) - f535bb4a-cba0-4f9b-9e3e-e4a48b3eda51: start FollowerState
2019-10-18 11:24:20,324 [Thread-473] INFO  impl.FollowerState (FollowerState.java:run(108)) - f535bb4a-cba0-4f9b-9e3e-e4a48b3eda51@group-7E32184879DE-FollowerState: change to CANDIDATE, lastRpcTime:146ms, electionTimeout:146ms
2019-10-18 11:24:20,324 [Thread-473] INFO  impl.RoleInfo (RoleInfo.java:shutdownFollowerState(121)) - f535bb4a-cba0-4f9b-9e3e-e4a48b3eda51: shutdown FollowerState
2019-10-18 11:24:20,324 [Thread-473] INFO  impl.RaftServerImpl (RaftServerImpl.java:setRole(184)) - f535bb4a-cba0-4f9b-9e3e-e4a48b3eda51@group-7E32184879DE: changes role from  FOLLOWER to CANDIDATE at term 75 for changeToCandidate
2019-10-18 11:24:20,324 [Thread-473] INFO  impl.RoleInfo (RoleInfo.java:updateAndGet(143)) - f535bb4a-cba0-4f9b-9e3e-e4a48b3eda51: start LeaderElection
2019-10-18 11:24:20,351 [f535bb4a-cba0-4f9b-9e3e-e4a48b3eda51@group-7E32184879DE-LeaderElection62] INFO  impl.LeaderElection (LeaderElection.java:askForVotes(178)) - f535bb4a-cba0-4f9b-9e3e-e4a48b3eda51@group-7E32184879DE-LeaderElection62: begin an election at term 76 for -1: [f535bb4a-cba0-4f9b-9e3e-e4a48b3eda51:0.0.0.0:44706, 54aabb14-4a7d-4ab3-adbe-2e67760b87f4:0.0.0.0:43074, c652e2ee-3322-4406-8db6-1ea643cb3197:0.0.0.0:42129], old=null
2019-10-18 11:24:20,351 [f535bb4a-cba0-4f9b-9e3e-e4a48b3eda51@group-7E32184879DE-LeaderElection62] INFO  impl.LeaderElection (LeaderElection.java:logAndReturn(56)) - f535bb4a-cba0-4f9b-9e3e-e4a48b3eda51@group-7E32184879DE-LeaderElection62: Election TIMEOUT; received 0 response(s) [] and 0 exception(s); f535bb4a-cba0-4f9b-9e3e-e4a48b3eda51@group-7E32184879DE:t76, leader=null, voted=f535bb4a-cba0-4f9b-9e3e-e4a48b3eda51, raftlog=f535bb4a-cba0-4f9b-9e3e-e4a48b3eda51@group-7E32184879DE-SegmentedRaftLog:OPENED:c-1,f-1,i0, conf=-1: [f535bb4a-cba0-4f9b-9e3e-e4a48b3eda51:0.0.0.0:44706, 54aabb14-4a7d-4ab3-adbe-2e67760b87f4:0.0.0.0:43074, c652e2ee-3322-4406-8db6-1ea643cb3197:0.0.0.0:42129], old=null
2019-10-18 11:24:20,353 [grpc-default-executor-1] INFO  impl.RaftServerImpl (RaftServerImpl.java:setRole(184)) - 54aabb14-4a7d-4ab3-adbe-2e67760b87f4@group-7E32184879DE: changes role from  FOLLOWER to FOLLOWER at term 76 for recognizeCandidate:f535bb4a-cba0-4f9b-9e3e-e4a48b3eda51
2019-10-18 11:24:20,354 [grpc-default-executor-1] INFO  impl.RoleInfo (RoleInfo.java:shutdownFollowerState(121)) - 54aabb14-4a7d-4ab3-adbe-2e67760b87f4: shutdown FollowerState
2019-10-18 11:24:20,354 [grpc-default-executor-3] INFO  impl.RaftServerImpl (RaftServerImpl.java:setRole(184)) - c652e2ee-3322-4406-8db6-1ea643cb3197@group-7E32184879DE: changes role from  FOLLOWER to FOLLOWER at term 76 for recognizeCandidate:f535bb4a-cba0-4f9b-9e3e-e4a48b3eda51
2019-10-18 11:24:20,354 [Thread-472] INFO  impl.FollowerState (FollowerState.java:run(117)) - 54aabb14-4a7d-4ab3-adbe-2e67760b87f4@group-7E32184879DE-FollowerState was interrupted: java.lang.InterruptedException: sleep interrupted
2019-10-18 11:24:20,354 [grpc-default-executor-1] INFO  impl.RoleInfo (RoleInfo.java:updateAndGet(143)) - 54aabb14-4a7d-4ab3-adbe-2e67760b87f4: start FollowerState
2019-10-18 11:24:20,354 [grpc-default-executor-3] INFO  impl.RoleInfo (RoleInfo.java:shutdownFollowerState(121)) - c652e2ee-3322-4406-8db6-1ea643cb3197: shutdown FollowerState
2019-10-18 11:24:20,355 [grpc-default-executor-3] INFO  impl.RoleInfo (RoleInfo.java:updateAndGet(143)) - c652e2ee-3322-4406-8db6-1ea643cb3197: start FollowerState
2019-10-18 11:24:20,355 [Thread-471] INFO  impl.FollowerState (FollowerState.java:run(117)) - c652e2ee-3322-4406-8db6-1ea643cb3197@group-7E32184879DE-FollowerState was interrupted: java.lang.InterruptedException: sleep interrupted
2019-10-18 11:24:20,376 [f535bb4a-cba0-4f9b-9e3e-e4a48b3eda51@group-7E32184879DE-LeaderElection62] INFO  impl.LeaderElection (LeaderElection.java:askForVotes(178)) - f535bb4a-cba0-4f9b-9e3e-e4a48b3eda51@group-7E32184879DE-LeaderElection62: begin an election at term 77 for -1: [f535bb4a-cba0-4f9b-9e3e-e4a48b3eda51:0.0.0.0:44706, 54aabb14-4a7d-4ab3-adbe-2e67760b87f4:0.0.0.0:43074, c652e2ee-3322-4406-8db6-1ea643cb3197:0.0.0.0:42129], old=null
2019-10-18 11:24:20,378 [grpc-default-executor-3] INFO  impl.RaftServerImpl (RaftServerImpl.java:setRole(184)) - 54aabb14-4a7d-4ab3-adbe-2e67760b87f4@group-7E32184879DE: changes role from  FOLLOWER to FOLLOWER at term 77 for recognizeCandidate:f535bb4a-cba0-4f9b-9e3e-e4a48b3eda51
2019-10-18 11:24:20,379 [grpc-default-executor-3] INFO  impl.RoleInfo (RoleInfo.java:shutdownFollowerState(121)) - 54aabb14-4a7d-4ab3-adbe-2e67760b87f4: shutdown FollowerState
2019-10-18 11:24:20,379 [grpc-default-executor-3] INFO  impl.RoleInfo (RoleInfo.java:updateAndGet(143)) - 54aabb14-4a7d-4ab3-adbe-2e67760b87f4: start FollowerState
2019-10-18 11:24:20,379 [Thread-477] INFO  impl.FollowerState (FollowerState.java:run(117)) - 54aabb14-4a7d-4ab3-adbe-2e67760b87f4@group-7E32184879DE-FollowerState was interrupted: java.lang.InterruptedException: sleep interrupted
2019-10-18 11:24:20,379 [grpc-default-executor-1] INFO  impl.RaftServerImpl (RaftServerImpl.java:setRole(184)) - c652e2ee-3322-4406-8db6-1ea643cb3197@group-7E32184879DE: changes role from  FOLLOWER to FOLLOWER at term 77 for recognizeCandidate:f535bb4a-cba0-4f9b-9e3e-e4a48b3eda51
2019-10-18 11:24:20,380 [grpc-default-executor-1] INFO  impl.RoleInfo (RoleInfo.java:shutdownFollowerState(121)) - c652e2ee-3322-4406-8db6-1ea643cb3197: shutdown FollowerState
2019-10-18 11:24:20,380 [grpc-default-executor-1] INFO  impl.RoleInfo (RoleInfo.java:updateAndGet(143)) - c652e2ee-3322-4406-8db6-1ea643cb3197: start FollowerState
2019-10-18 11:24:20,380 [Thread-478] INFO  impl.FollowerState (FollowerState.java:run(117)) - c652e2ee-3322-4406-8db6-1ea643cb3197@group-7E32184879DE-FollowerState was interrupted: java.lang.InterruptedException: sleep interrupted
2019-10-18 11:24:20,402 [f535bb4a-cba0-4f9b-9e3e-e4a48b3eda51@group-7E32184879DE-LeaderElection62] INFO  impl.LeaderElection (LeaderElection.java:logAndReturn(56)) - f535bb4a-cba0-4f9b-9e3e-e4a48b3eda51@group-7E32184879DE-LeaderElection62: Election REJECTED; received 2 response(s) [f535bb4a-cba0-4f9b-9e3e-e4a48b3eda51<-54aabb14-4a7d-4ab3-adbe-2e67760b87f4#0:FAIL-t77, f535bb4a-cba0-4f9b-9e3e-e4a48b3eda51<-c652e2ee-3322-4406-8db6-1ea643cb3197#0:FAIL-t77] and 0 exception(s); f535bb4a-cba0-4f9b-9e3e-e4a48b3eda51@group-7E32184879DE:t77, leader=null, voted=f535bb4a-cba0-4f9b-9e3e-e4a48b3eda51, raftlog=f535bb4a-cba0-4f9b-9e3e-e4a48b3eda51@group-7E32184879DE-SegmentedRaftLog:OPENED:c-1,f-1,i0, conf=-1: [f535bb4a-cba0-4f9b-9e3e-e4a48b3eda51:0.0.0.0:44706, 54aabb14-4a7d-4ab3-adbe-2e67760b87f4:0.0.0.0:43074, c652e2ee-3322-4406-8db6-1ea643cb3197:0.0.0.0:42129], old=null
2019-10-18 11:24:20,403 [f535bb4a-cba0-4f9b-9e3e-e4a48b3eda51@group-7E32184879DE-LeaderElection62] INFO  impl.RaftServerImpl (RaftServerImpl.java:setRole(184)) - f535bb4a-cba0-4f9b-9e3e-e4a48b3eda51@group-7E32184879DE: changes role from CANDIDATE to FOLLOWER at term 77 for DISCOVERED_A_NEW_TERM
2019-10-18 11:24:20,403 [f535bb4a-cba0-4f9b-9e3e-e4a48b3eda51@group-7E32184879DE-LeaderElection62] INFO  impl.RoleInfo (RoleInfo.java:shutdownLeaderElection(134)) - f535bb4a-cba0-4f9b-9e3e-e4a48b3eda51: shutdown LeaderElection
2019-10-18 11:24:20,403 [f535bb4a-cba0-4f9b-9e3e-e4a48b3eda51@group-7E32184879DE-LeaderElection62] INFO  impl.RoleInfo (RoleInfo.java:updateAndGet(143)) - f535bb4a-cba0-4f9b-9e3e-e4a48b3eda51: start FollowerState
2019-10-18 11:24:20,581 [Thread-483] INFO  impl.FollowerState (FollowerState.java:run(108)) - f535bb4a-cba0-4f9b-9e3e-e4a48b3eda51@group-7E32184879DE-FollowerState: change to CANDIDATE, lastRpcTime:178ms, electionTimeout:178ms
2019-10-18 11:24:20,582 [Thread-483] INFO  impl.RoleInfo (RoleInfo.java:shutdownFollowerState(121)) - f535bb4a-cba0-4f9b-9e3e-e4a48b3eda51: shutdown FollowerState
2019-10-18 11:24:20,582 [Thread-483] INFO  impl.RaftServerImpl (RaftServerImpl.java:setRole(184)) - f535bb4a-cba0-4f9b-9e3e-e4a48b3eda51@group-7E32184879DE: changes role from  FOLLOWER to CANDIDATE at term 77 for changeToCandidate
2019-10-18 11:24:20,582 [Thread-483] INFO  impl.RoleInfo (RoleInfo.java:updateAndGet(143)) - f535bb4a-cba0-4f9b-9e3e-e4a48b3eda51: start LeaderElection
2019-10-18 11:24:20,610 [f535bb4a-cba0-4f9b-9e3e-e4a48b3eda51@group-7E32184879DE-LeaderElection63] INFO  impl.LeaderElection (LeaderElection.java:askForVotes(178)) - f535bb4a-cba0-4f9b-9e3e-e4a48b3eda51@group-7E32184879DE-LeaderElection63: begin an election at term 78 for -1: [f535bb4a-cba0-4f9b-9e3e-e4a48b3eda51:0.0.0.0:44706, 54aabb14-4a7d-4ab3-adbe-2e67760b87f4:0.0.0.0:43074, c652e2ee-3322-4406-8db6-1ea643cb3197:0.0.0.0:42129], old=null
2019-10-18 11:24:20,614 [grpc-default-executor-3] INFO  impl.RaftServerImpl (RaftServerImpl.java:setRole(184)) - c652e2ee-3322-4406-8db6-1ea643cb3197@group-7E32184879DE: changes role from  FOLLOWER to FOLLOWER at term 78 for recognizeCandidate:f535bb4a-cba0-4f9b-9e3e-e4a48b3eda51
2019-10-18 11:24:20,614 [grpc-default-executor-1] INFO  impl.RaftServerImpl (RaftServerImpl.java:setRole(184)) - 54aabb14-4a7d-4ab3-adbe-2e67760b87f4@group-7E32184879DE: changes role from  FOLLOWER to FOLLOWER at term 78 for recognizeCandidate:f535bb4a-cba0-4f9b-9e3e-e4a48b3eda51
2019-10-18 11:24:20,614 [grpc-default-executor-3] INFO  impl.RoleInfo (RoleInfo.java:shutdownFollowerState(121)) - c652e2ee-3322-4406-8db6-1ea643cb3197: shutdown FollowerState
2019-10-18 11:24:20,614 [grpc-default-executor-1] INFO  impl.RoleInfo (RoleInfo.java:shutdownFollowerState(121)) - 54aabb14-4a7d-4ab3-adbe-2e67760b87f4: shutdown FollowerState
2019-10-18 11:24:20,614 [grpc-default-executor-3] INFO  impl.RoleInfo (RoleInfo.java:updateAndGet(143)) - c652e2ee-3322-4406-8db6-1ea643cb3197: start FollowerState
2019-10-18 11:24:20,615 [Thread-481] INFO  impl.FollowerState (FollowerState.java:run(117)) - 54aabb14-4a7d-4ab3-adbe-2e67760b87f4@group-7E32184879DE-FollowerState was interrupted: java.lang.InterruptedException: sleep interrupted
2019-10-18 11:24:20,615 [grpc-default-executor-1] INFO  impl.RoleInfo (RoleInfo.java:updateAndGet(143)) - 54aabb14-4a7d-4ab3-adbe-2e67760b87f4: start FollowerState
2019-10-18 11:24:20,615 [Thread-482] INFO  impl.FollowerState (FollowerState.java:run(117)) - c652e2ee-3322-4406-8db6-1ea643cb3197@group-7E32184879DE-FollowerState was interrupted: java.lang.InterruptedException: sleep interrupted
2019-10-18 11:24:20,645 [f535bb4a-cba0-4f9b-9e3e-e4a48b3eda51@group-7E32184879DE-LeaderElection63] INFO  impl.LeaderElection (LeaderElection.java:logAndReturn(56)) - f535bb4a-cba0-4f9b-9e3e-e4a48b3eda51@group-7E32184879DE-LeaderElection63: Election REJECTED; received 2 response(s) [f535bb4a-cba0-4f9b-9e3e-e4a48b3eda51<-54aabb14-4a7d-4ab3-adbe-2e67760b87f4#0:FAIL-t78, f535bb4a-cba0-4f9b-9e3e-e4a48b3eda51<-c652e2ee-3322-4406-8db6-1ea643cb3197#0:FAIL-t78] and 0 exception(s); f535bb4a-cba0-4f9b-9e3e-e4a48b3eda51@group-7E32184879DE:t78, leader=null, voted=f535bb4a-cba0-4f9b-9e3e-e4a48b3eda51, raftlog=f535bb4a-cba0-4f9b-9e3e-e4a48b3eda51@group-7E32184879DE-SegmentedRaftLog:OPENED:c-1,f-1,i0, conf=-1: [f535bb4a-cba0-4f9b-9e3e-e4a48b3eda51:0.0.0.0:44706, 54aabb14-4a7d-4ab3-adbe-2e67760b87f4:0.0.0.0:43074, c652e2ee-3322-4406-8db6-1ea643cb3197:0.0.0.0:42129], old=null
2019-10-18 11:24:20,645 [f535bb4a-cba0-4f9b-9e3e-e4a48b3eda51@group-7E32184879DE-LeaderElection63] INFO  impl.RaftServerImpl (RaftServerImpl.java:setRole(184)) - f535bb4a-cba0-4f9b-9e3e-e4a48b3eda51@group-7E32184879DE: changes role from CANDIDATE to FOLLOWER at term 78 for DISCOVERED_A_NEW_TERM
2019-10-18 11:24:20,645 [f535bb4a-cba0-4f9b-9e3e-e4a48b3eda51@group-7E32184879DE-LeaderElection63] INFO  impl.RoleInfo (RoleInfo.java:shutdownLeaderElection(134)) - f535bb4a-cba0-4f9b-9e3e-e4a48b3eda51: shutdown LeaderElection
2019-10-18 11:24:20,645 [f535bb4a-cba0-4f9b-9e3e-e4a48b3eda51@group-7E32184879DE-LeaderElection63] INFO  impl.RoleInfo (RoleInfo.java:updateAndGet(143)) - f535bb4a-cba0-4f9b-9e3e-e4a48b3eda51: start FollowerState
2019-10-18 11:24:20,702 [Thread-489] INFO  impl.FollowerState (FollowerState.java:run(108)) - f535bb4a-cba0-4f9b-9e3e-e4a48b3eda51@group-7E32184879DE-FollowerState: change to CANDIDATE, lastRpcTime:56ms, electionTimeout:56ms
2019-10-18 11:24:20,702 [Thread-489] INFO  impl.RoleInfo (RoleInfo.java:shutdownFollowerState(121)) - f535bb4a-cba0-4f9b-9e3e-e4a48b3eda51: shutdown FollowerState
2019-10-18 11:24:20,702 [Thread-489] INFO  impl.RaftServerImpl (RaftServerImpl.java:setRole(184)) - f535bb4a-cba0-4f9b-9e3e-e4a48b3eda51@group-7E32184879DE: changes role from  FOLLOWER to CANDIDATE at term 78 for changeToCandidate
2019-10-18 11:24:20,702 [Thread-489] INFO  impl.RoleInfo (RoleInfo.java:updateAndGet(143)) - f535bb4a-cba0-4f9b-9e3e-e4a48b3eda51: start LeaderElection
2019-10-18 11:24:20,728 [f535bb4a-cba0-4f9b-9e3e-e4a48b3eda51@group-7E32184879DE-LeaderElection64] INFO  impl.LeaderElection (LeaderElection.java:askForVotes(178)) - f535bb4a-cba0-4f9b-9e3e-e4a48b3eda51@group-7E32184879DE-LeaderElection64: begin an election at term 79 for -1: [f535bb4a-cba0-4f9b-9e3e-e4a48b3eda51:0.0.0.0:44706, 54aabb14-4a7d-4ab3-adbe-2e67760b87f4:0.0.0.0:43074, c652e2ee-3322-4406-8db6-1ea643cb3197:0.0.0.0:42129], old=null
2019-10-18 11:24:20,731 [grpc-default-executor-1] INFO  impl.RaftServerImpl (RaftServerImpl.java:setRole(184)) - 54aabb14-4a7d-4ab3-adbe-2e67760b87f4@group-7E32184879DE: changes role from  FOLLOWER to FOLLOWER at term 79 for recognizeCandidate:f535bb4a-cba0-4f9b-9e3e-e4a48b3eda51
2019-10-18 11:24:20,731 [grpc-default-executor-1] INFO  impl.RoleInfo (RoleInfo.java:shutdownFollowerState(121)) - 54aabb14-4a7d-4ab3-adbe-2e67760b87f4: shutdown FollowerState
2019-10-18 11:24:20,731 [grpc-default-executor-3] INFO  impl.RaftServerImpl (RaftServerImpl.java:setRole(184)) - c652e2ee-3322-4406-8db6-1ea643cb3197@group-7E32184879DE: changes role from  FOLLOWER to FOLLOWER at term 79 for recognizeCandidate:f535bb4a-cba0-4f9b-9e3e-e4a48b3eda51
2019-10-18 11:24:20,731 [Thread-488] INFO  impl.FollowerState (FollowerState.java:run(117)) - 54aabb14-4a7d-4ab3-adbe-2e67760b87f4@group-7E32184879DE-FollowerState was interrupted: java.lang.InterruptedException: sleep interrupted
2019-10-18 11:24:20,731 [grpc-default-executor-1] INFO  impl.RoleInfo (RoleInfo.java:updateAndGet(143)) - 54aabb14-4a7d-4ab3-adbe-2e67760b87f4: start FollowerState
2019-10-18 11:24:20,731 [grpc-default-executor-3] INFO  impl.RoleInfo (RoleInfo.java:shutdownFollowerState(121)) - c652e2ee-3322-4406-8db6-1ea643cb3197: shutdown FollowerState
2019-10-18 11:24:20,732 [grpc-default-executor-3] INFO  impl.RoleInfo (RoleInfo.java:updateAndGet(143)) - c652e2ee-3322-4406-8db6-1ea643cb3197: start FollowerState
2019-10-18 11:24:20,732 [Thread-487] INFO  impl.FollowerState (FollowerState.java:run(117)) - c652e2ee-3322-4406-8db6-1ea643cb3197@group-7E32184879DE-FollowerState was interrupted: java.lang.InterruptedException: sleep interrupted
2019-10-18 11:24:20,734 [f535bb4a-cba0-4f9b-9e3e-e4a48b3eda51@group-7E32184879DE-LeaderElection64] INFO  impl.LeaderElection (LeaderElection.java:logAndReturn(56)) - f535bb4a-cba0-4f9b-9e3e-e4a48b3eda51@group-7E32184879DE-LeaderElection64: Election TIMEOUT; received 0 response(s) [] and 0 exception(s); f535bb4a-cba0-4f9b-9e3e-e4a48b3eda51@group-7E32184879DE:t79, leader=null, voted=f535bb4a-cba0-4f9b-9e3e-e4a48b3eda51, raftlog=f535bb4a-cba0-4f9b-9e3e-e4a48b3eda51@group-7E32184879DE-SegmentedRaftLog:OPENED:c-1,f-1,i0, conf=-1: [f535bb4a-cba0-4f9b-9e3e-e4a48b3eda51:0.0.0.0:44706, 54aabb14-4a7d-4ab3-adbe-2e67760b87f4:0.0.0.0:43074, c652e2ee-3322-4406-8db6-1ea643cb3197:0.0.0.0:42129], old=null
2019-10-18 11:24:20,754 [f535bb4a-cba0-4f9b-9e3e-e4a48b3eda51@group-7E32184879DE-LeaderElection64] INFO  impl.LeaderElection (LeaderElection.java:askForVotes(178)) - f535bb4a-cba0-4f9b-9e3e-e4a48b3eda51@group-7E32184879DE-LeaderElection64: begin an election at term 80 for -1: [f535bb4a-cba0-4f9b-9e3e-e4a48b3eda51:0.0.0.0:44706, 54aabb14-4a7d-4ab3-adbe-2e67760b87f4:0.0.0.0:43074, c652e2ee-3322-4406-8db6-1ea643cb3197:0.0.0.0:42129], old=null
2019-10-18 11:24:20,756 [grpc-default-executor-3] INFO  impl.RaftServerImpl (RaftServerImpl.java:setRole(184)) - 54aabb14-4a7d-4ab3-adbe-2e67760b87f4@group-7E32184879DE: changes role from  FOLLOWER to FOLLOWER at term 80 for recognizeCandidate:f535bb4a-cba0-4f9b-9e3e-e4a48b3eda51
2019-10-18 11:24:20,757 [grpc-default-executor-3] INFO  impl.RoleInfo (RoleInfo.java:shutdownFollowerState(121)) - 54aabb14-4a7d-4ab3-adbe-2e67760b87f4: shutdown FollowerState
2019-10-18 11:24:20,757 [grpc-default-executor-1] INFO  impl.RaftServerImpl (RaftServerImpl.java:setRole(184)) - c652e2ee-3322-4406-8db6-1ea643cb3197@group-7E32184879DE: changes role from  FOLLOWER to FOLLOWER at term 80 for recognizeCandidate:f535bb4a-cba0-4f9b-9e3e-e4a48b3eda51
2019-10-18 11:24:20,757 [Thread-493] INFO  impl.FollowerState (FollowerState.java:run(117)) - 54aabb14-4a7d-4ab3-adbe-2e67760b87f4@group-7E32184879DE-FollowerState was interrupted: java.lang.InterruptedException: sleep interrupted
2019-10-18 11:24:20,757 [grpc-default-executor-3] INFO  impl.RoleInfo (RoleInfo.java:updateAndGet(143)) - 54aabb14-4a7d-4ab3-adbe-2e67760b87f4: start FollowerState
2019-10-18 11:24:20,757 [grpc-default-executor-1] INFO  impl.RoleInfo (RoleInfo.java:shutdownFollowerState(121)) - c652e2ee-3322-4406-8db6-1ea643cb3197: shutdown FollowerState
2019-10-18 11:24:20,757 [grpc-default-executor-1] INFO  impl.RoleInfo (RoleInfo.java:updateAndGet(143)) - c652e2ee-3322-4406-8db6-1ea643cb3197: start FollowerState
2019-10-18 11:24:20,757 [Thread-494] INFO  impl.FollowerState (FollowerState.java:run(117)) - c652e2ee-3322-4406-8db6-1ea643cb3197@group-7E32184879DE-FollowerState was interrupted: java.lang.InterruptedException: sleep interrupted
2019-10-18 11:24:20,780 [f535bb4a-cba0-4f9b-9e3e-e4a48b3eda51@group-7E32184879DE-LeaderElection64] INFO  impl.LeaderElection (LeaderElection.java:logAndReturn(56)) - f535bb4a-cba0-4f9b-9e3e-e4a48b3eda51@group-7E32184879DE-LeaderElection64: Election REJECTED; received 2 response(s) [f535bb4a-cba0-4f9b-9e3e-e4a48b3eda51<-54aabb14-4a7d-4ab3-adbe-2e67760b87f4#0:FAIL-t80, f535bb4a-cba0-4f9b-9e3e-e4a48b3eda51<-c652e2ee-3322-4406-8db6-1ea643cb3197#0:FAIL-t80] and 0 exception(s); f535bb4a-cba0-4f9b-9e3e-e4a48b3eda51@group-7E32184879DE:t80, leader=null, voted=f535bb4a-cba0-4f9b-9e3e-e4a48b3eda51, raftlog=f535bb4a-cba0-4f9b-9e3e-e4a48b3eda51@group-7E32184879DE-SegmentedRaftLog:OPENED:c-1,f-1,i0, conf=-1: [f535bb4a-cba0-4f9b-9e3e-e4a48b3eda51:0.0.0.0:44706, 54aabb14-4a7d-4ab3-adbe-2e67760b87f4:0.0.0.0:43074, c652e2ee-3322-4406-8db6-1ea643cb3197:0.0.0.0:42129], old=null
2019-10-18 11:24:20,781 [f535bb4a-cba0-4f9b-9e3e-e4a48b3eda51@group-7E32184879DE-LeaderElection64] INFO  impl.RaftServerImpl (RaftServerImpl.java:setRole(184)) - f535bb4a-cba0-4f9b-9e3e-e4a48b3eda51@group-7E32184879DE: changes role from CANDIDATE to FOLLOWER at term 80 for DISCOVERED_A_NEW_TERM
2019-10-18 11:24:20,781 [f535bb4a-cba0-4f9b-9e3e-e4a48b3eda51@group-7E32184879DE-LeaderElection64] INFO  impl.RoleInfo (RoleInfo.java:shutdownLeaderElection(134)) - f535bb4a-cba0-4f9b-9e3e-e4a48b3eda51: shutdown LeaderElection
2019-10-18 11:24:20,781 [f535bb4a-cba0-4f9b-9e3e-e4a48b3eda51@group-7E32184879DE-LeaderElection64] INFO  impl.RoleInfo (RoleInfo.java:updateAndGet(143)) - f535bb4a-cba0-4f9b-9e3e-e4a48b3eda51: start FollowerState
2019-10-18 11:24:20,878 [Thread-499] INFO  impl.FollowerState (FollowerState.java:run(108)) - f535bb4a-cba0-4f9b-9e3e-e4a48b3eda51@group-7E32184879DE-FollowerState: change to CANDIDATE, lastRpcTime:96ms, electionTimeout:96ms
2019-10-18 11:24:20,878 [Thread-499] INFO  impl.RoleInfo (RoleInfo.java:shutdownFollowerState(121)) - f535bb4a-cba0-4f9b-9e3e-e4a48b3eda51: shutdown FollowerState
2019-10-18 11:24:20,878 [Thread-499] INFO  impl.RaftServerImpl (RaftServerImpl.java:setRole(184)) - f535bb4a-cba0-4f9b-9e3e-e4a48b3eda51@group-7E32184879DE: changes role from  FOLLOWER to CANDIDATE at term 80 for changeToCandidate
2019-10-18 11:24:20,878 [Thread-499] INFO  impl.RoleInfo (RoleInfo.java:updateAndGet(143)) - f535bb4a-cba0-4f9b-9e3e-e4a48b3eda51: start LeaderElection
2019-10-18 11:24:20,905 [f535bb4a-cba0-4f9b-9e3e-e4a48b3eda51@group-7E32184879DE-LeaderElection65] INFO  impl.LeaderElection (LeaderElection.java:askForVotes(178)) - f535bb4a-cba0-4f9b-9e3e-e4a48b3eda51@group-7E32184879DE-LeaderElection65: begin an election at term 81 for -1: [f535bb4a-cba0-4f9b-9e3e-e4a48b3eda51:0.0.0.0:44706, 54aabb14-4a7d-4ab3-adbe-2e67760b87f4:0.0.0.0:43074, c652e2ee-3322-4406-8db6-1ea643cb3197:0.0.0.0:42129], old=null
2019-10-18 11:24:20,914 [grpc-default-executor-1] INFO  impl.RaftServerImpl (RaftServerImpl.java:setRole(184)) - c652e2ee-3322-4406-8db6-1ea643cb3197@group-7E32184879DE: changes role from  FOLLOWER to FOLLOWER at term 81 for recognizeCandidate:f535bb4a-cba0-4f9b-9e3e-e4a48b3eda51
2019-10-18 11:24:20,914 [grpc-default-executor-1] INFO  impl.RoleInfo (RoleInfo.java:shutdownFollowerState(121)) - c652e2ee-3322-4406-8db6-1ea643cb3197: shutdown FollowerState
2019-10-18 11:24:20,915 [grpc-default-executor-1] INFO  impl.RoleInfo (RoleInfo.java:updateAndGet(143)) - c652e2ee-3322-4406-8db6-1ea643cb3197: start FollowerState
2019-10-18 11:24:20,915 [Thread-498] INFO  impl.FollowerState (FollowerState.java:run(117)) - c652e2ee-3322-4406-8db6-1ea643cb3197@group-7E32184879DE-FollowerState was interrupted: java.lang.InterruptedException: sleep interrupted
2019-10-18 11:24:20,931 [grpc-default-executor-0] INFO  impl.RaftServerImpl (RaftServerImpl.java:setRole(184)) - 54aabb14-4a7d-4ab3-adbe-2e67760b87f4@group-7E32184879DE: changes role from  FOLLOWER to FOLLOWER at term 81 for recognizeCandidate:f535bb4a-cba0-4f9b-9e3e-e4a48b3eda51
2019-10-18 11:24:20,932 [grpc-default-executor-0] INFO  impl.RoleInfo (RoleInfo.java:shutdownFollowerState(121)) - 54aabb14-4a7d-4ab3-adbe-2e67760b87f4: shutdown FollowerState
2019-10-18 11:24:20,932 [grpc-default-executor-0] INFO  impl.RoleInfo (RoleInfo.java:updateAndGet(143)) - 54aabb14-4a7d-4ab3-adbe-2e67760b87f4: start FollowerState
2019-10-18 11:24:20,932 [Thread-497] INFO  impl.FollowerState (FollowerState.java:run(117)) - 54aabb14-4a7d-4ab3-adbe-2e67760b87f4@group-7E32184879DE-FollowerState was interrupted: java.lang.InterruptedException: sleep interrupted
2019-10-18 11:24:20,956 [f535bb4a-cba0-4f9b-9e3e-e4a48b3eda51@group-7E32184879DE-LeaderElection65] INFO  impl.LeaderElection (LeaderElection.java:logAndReturn(56)) - f535bb4a-cba0-4f9b-9e3e-e4a48b3eda51@group-7E32184879DE-LeaderElection65: Election REJECTED; received 2 response(s) [f535bb4a-cba0-4f9b-9e3e-e4a48b3eda51<-54aabb14-4a7d-4ab3-adbe-2e67760b87f4#0:FAIL-t81, f535bb4a-cba0-4f9b-9e3e-e4a48b3eda51<-c652e2ee-3322-4406-8db6-1ea643cb3197#0:FAIL-t81] and 0 exception(s); f535bb4a-cba0-4f9b-9e3e-e4a48b3eda51@group-7E32184879DE:t81, leader=null, voted=f535bb4a-cba0-4f9b-9e3e-e4a48b3eda51, raftlog=f535bb4a-cba0-4f9b-9e3e-e4a48b3eda51@group-7E32184879DE-SegmentedRaftLog:OPENED:c-1,f-1,i0, conf=-1: [f535bb4a-cba0-4f9b-9e3e-e4a48b3eda51:0.0.0.0:44706, 54aabb14-4a7d-4ab3-adbe-2e67760b87f4:0.0.0.0:43074, c652e2ee-3322-4406-8db6-1ea643cb3197:0.0.0.0:42129], old=null
2019-10-18 11:24:20,957 [f535bb4a-cba0-4f9b-9e3e-e4a48b3eda51@group-7E32184879DE-LeaderElection65] INFO  impl.RaftServerImpl (RaftServerImpl.java:setRole(184)) - f535bb4a-cba0-4f9b-9e3e-e4a48b3eda51@group-7E32184879DE: changes role from CANDIDATE to FOLLOWER at term 81 for DISCOVERED_A_NEW_TERM
2019-10-18 11:24:20,957 [f535bb4a-cba0-4f9b-9e3e-e4a48b3eda51@group-7E32184879DE-LeaderElection65] INFO  impl.RoleInfo (RoleInfo.java:shutdownLeaderElection(134)) - f535bb4a-cba0-4f9b-9e3e-e4a48b3eda51: shutdown LeaderElection
2019-10-18 11:24:20,957 [f535bb4a-cba0-4f9b-9e3e-e4a48b3eda51@group-7E32184879DE-LeaderElection65] INFO  impl.RoleInfo (RoleInfo.java:updateAndGet(143)) - f535bb4a-cba0-4f9b-9e3e-e4a48b3eda51: start FollowerState
2019-10-18 11:24:21,046 [Thread-507] INFO  impl.FollowerState (FollowerState.java:run(108)) - f535bb4a-cba0-4f9b-9e3e-e4a48b3eda51@group-7E32184879DE-FollowerState: change to CANDIDATE, lastRpcTime:89ms, electionTimeout:89ms
2019-10-18 11:24:21,047 [Thread-507] INFO  impl.RoleInfo (RoleInfo.java:shutdownFollowerState(121)) - f535bb4a-cba0-4f9b-9e3e-e4a48b3eda51: shutdown FollowerState
2019-10-18 11:24:21,047 [Thread-507] INFO  impl.RaftServerImpl (RaftServerImpl.java:setRole(184)) - f535bb4a-cba0-4f9b-9e3e-e4a48b3eda51@group-7E32184879DE: changes role from  FOLLOWER to CANDIDATE at term 81 for changeToCandidate
2019-10-18 11:24:21,047 [Thread-507] INFO  impl.RoleInfo (RoleInfo.java:updateAndGet(143)) - f535bb4a-cba0-4f9b-9e3e-e4a48b3eda51: start LeaderElection
2019-10-18 11:24:21,072 [f535bb4a-cba0-4f9b-9e3e-e4a48b3eda51@group-7E32184879DE-LeaderElection66] INFO  impl.LeaderElection (LeaderElection.java:askForVotes(178)) - f535bb4a-cba0-4f9b-9e3e-e4a48b3eda51@group-7E32184879DE-LeaderElection66: begin an election at term 82 for -1: [f535bb4a-cba0-4f9b-9e3e-e4a48b3eda51:0.0.0.0:44706, 54aabb14-4a7d-4ab3-adbe-2e67760b87f4:0.0.0.0:43074, c652e2ee-3322-4406-8db6-1ea643cb3197:0.0.0.0:42129], old=null
2019-10-18 11:24:21,076 [grpc-default-executor-0] INFO  impl.RaftServerImpl (RaftServerImpl.java:setRole(184)) - 54aabb14-4a7d-4ab3-adbe-2e67760b87f4@group-7E32184879DE: changes role from  FOLLOWER to FOLLOWER at term 82 for recognizeCandidate:f535bb4a-cba0-4f9b-9e3e-e4a48b3eda51
2019-10-18 11:24:21,076 [grpc-default-executor-0] INFO  impl.RoleInfo (RoleInfo.java:shutdownFollowerState(121)) - 54aabb14-4a7d-4ab3-adbe-2e67760b87f4: shutdown FollowerState
2019-10-18 11:24:21,076 [grpc-default-executor-1] INFO  impl.RaftServerImpl (RaftServerImpl.java:setRole(184)) - c652e2ee-3322-4406-8db6-1ea643cb3197@group-7E32184879DE: changes role from  FOLLOWER to FOLLOWER at term 82 for recognizeCandidate:f535bb4a-cba0-4f9b-9e3e-e4a48b3eda51
2019-10-18 11:24:21,076 [Thread-506] INFO  impl.FollowerState (FollowerState.java:run(117)) - 54aabb14-4a7d-4ab3-adbe-2e67760b87f4@group-7E32184879DE-FollowerState was interrupted: java.lang.InterruptedException: sleep interrupted
2019-10-18 11:24:21,076 [grpc-default-executor-0] INFO  impl.RoleInfo (RoleInfo.java:updateAndGet(143)) - 54aabb14-4a7d-4ab3-adbe-2e67760b87f4: start FollowerState
2019-10-18 11:24:21,076 [grpc-default-executor-1] INFO  impl.RoleInfo (RoleInfo.java:shutdownFollowerState(121)) - c652e2ee-3322-4406-8db6-1ea643cb3197: shutdown FollowerState
2019-10-18 11:24:21,077 [grpc-default-executor-1] INFO  impl.RoleInfo (RoleInfo.java:updateAndGet(143)) - c652e2ee-3322-4406-8db6-1ea643cb3197: start FollowerState
2019-10-18 11:24:21,077 [Thread-505] INFO  impl.FollowerState (FollowerState.java:run(117)) - c652e2ee-3322-4406-8db6-1ea643cb3197@group-7E32184879DE-FollowerState was interrupted: java.lang.InterruptedException: sleep interrupted
2019-10-18 11:24:21,107 [f535bb4a-cba0-4f9b-9e3e-e4a48b3eda51@group-7E32184879DE-LeaderElection66] INFO  impl.LeaderElection (LeaderElection.java:logAndReturn(56)) - f535bb4a-cba0-4f9b-9e3e-e4a48b3eda51@group-7E32184879DE-LeaderElection66: Election REJECTED; received 2 response(s) [f535bb4a-cba0-4f9b-9e3e-e4a48b3eda51<-54aabb14-4a7d-4ab3-adbe-2e67760b87f4#0:FAIL-t82, f535bb4a-cba0-4f9b-9e3e-e4a48b3eda51<-c652e2ee-3322-4406-8db6-1ea643cb3197#0:FAIL-t82] and 0 exception(s); f535bb4a-cba0-4f9b-9e3e-e4a48b3eda51@group-7E32184879DE:t82, leader=null, voted=f535bb4a-cba0-4f9b-9e3e-e4a48b3eda51, raftlog=f535bb4a-cba0-4f9b-9e3e-e4a48b3eda51@group-7E32184879DE-SegmentedRaftLog:OPENED:c-1,f-1,i0, conf=-1: [f535bb4a-cba0-4f9b-9e3e-e4a48b3eda51:0.0.0.0:44706, 54aabb14-4a7d-4ab3-adbe-2e67760b87f4:0.0.0.0:43074, c652e2ee-3322-4406-8db6-1ea643cb3197:0.0.0.0:42129], old=null
2019-10-18 11:24:21,108 [f535bb4a-cba0-4f9b-9e3e-e4a48b3eda51@group-7E32184879DE-LeaderElection66] INFO  impl.RaftServerImpl (RaftServerImpl.java:setRole(184)) - f535bb4a-cba0-4f9b-9e3e-e4a48b3eda51@group-7E32184879DE: changes role from CANDIDATE to FOLLOWER at term 82 for DISCOVERED_A_NEW_TERM
2019-10-18 11:24:21,108 [f535bb4a-cba0-4f9b-9e3e-e4a48b3eda51@group-7E32184879DE-LeaderElection66] INFO  impl.RoleInfo (RoleInfo.java:shutdownLeaderElection(134)) - f535bb4a-cba0-4f9b-9e3e-e4a48b3eda51: shutdown LeaderElection
2019-10-18 11:24:21,108 [f535bb4a-cba0-4f9b-9e3e-e4a48b3eda51@group-7E32184879DE-LeaderElection66] INFO  impl.RoleInfo (RoleInfo.java:updateAndGet(143)) - f535bb4a-cba0-4f9b-9e3e-e4a48b3eda51: start FollowerState
2019-10-18 11:24:21,284 [Thread-513] INFO  impl.FollowerState (FollowerState.java:run(108)) - f535bb4a-cba0-4f9b-9e3e-e4a48b3eda51@group-7E32184879DE-FollowerState: change to CANDIDATE, lastRpcTime:175ms, electionTimeout:175ms
2019-10-18 11:24:21,284 [Thread-513] INFO  impl.RoleInfo (RoleInfo.java:shutdownFollowerState(121)) - f535bb4a-cba0-4f9b-9e3e-e4a48b3eda51: shutdown FollowerState
2019-10-18 11:24:21,284 [Thread-513] INFO  impl.RaftServerImpl (RaftServerImpl.java:setRole(184)) - f535bb4a-cba0-4f9b-9e3e-e4a48b3eda51@group-7E32184879DE: changes role from  FOLLOWER to CANDIDATE at term 82 for changeToCandidate
2019-10-18 11:24:21,285 [Thread-513] INFO  impl.RoleInfo (RoleInfo.java:updateAndGet(143)) - f535bb4a-cba0-4f9b-9e3e-e4a48b3eda51: start LeaderElection
2019-10-18 11:24:21,315 [f535bb4a-cba0-4f9b-9e3e-e4a48b3eda51@group-7E32184879DE-LeaderElection67] INFO  impl.LeaderElection (LeaderElection.java:askForVotes(178)) - f535bb4a-cba0-4f9b-9e3e-e4a48b3eda51@group-7E32184879DE-LeaderElection67: begin an election at term 83 for -1: [f535bb4a-cba0-4f9b-9e3e-e4a48b3eda51:0.0.0.0:44706, 54aabb14-4a7d-4ab3-adbe-2e67760b87f4:0.0.0.0:43074, c652e2ee-3322-4406-8db6-1ea643cb3197:0.0.0.0:42129], old=null
2019-10-18 11:24:21,318 [grpc-default-executor-0] INFO  impl.RaftServerImpl (RaftServerImpl.java:setRole(184)) - 54aabb14-4a7d-4ab3-adbe-2e67760b87f4@group-7E32184879DE: changes role from  FOLLOWER to FOLLOWER at term 83 for recognizeCandidate:f535bb4a-cba0-4f9b-9e3e-e4a48b3eda51
2019-10-18 11:24:21,318 [grpc-default-executor-0] INFO  impl.RoleInfo (RoleInfo.java:shutdownFollowerState(121)) - 54aabb14-4a7d-4ab3-adbe-2e67760b87f4: shutdown FollowerState
2019-10-18 11:24:21,318 [grpc-default-executor-1] INFO  impl.RaftServerImpl (RaftServerImpl.java:setRole(184)) - c652e2ee-3322-4406-8db6-1ea643cb3197@group-7E32184879DE: changes role from  FOLLOWER to FOLLOWER at term 83 for recognizeCandidate:f535bb4a-cba0-4f9b-9e3e-e4a48b3eda51
2019-10-18 11:24:21,319 [grpc-default-executor-1] INFO  impl.RoleInfo (RoleInfo.java:shutdownFollowerState(121)) - c652e2ee-3322-4406-8db6-1ea643cb3197: shutdown FollowerState
2019-10-18 11:24:21,319 [grpc-default-executor-1] INFO  impl.RoleInfo (RoleInfo.java:updateAndGet(143)) - c652e2ee-3322-4406-8db6-1ea643cb3197: start FollowerState
2019-10-18 11:24:21,319 [Thread-511] INFO  impl.FollowerState (FollowerState.java:run(117)) - 54aabb14-4a7d-4ab3-adbe-2e67760b87f4@group-7E32184879DE-FollowerState was interrupted: java.lang.InterruptedException: sleep interrupted
2019-10-18 11:24:21,319 [grpc-default-executor-0] INFO  impl.RoleInfo (RoleInfo.java:updateAndGet(143)) - 54aabb14-4a7d-4ab3-adbe-2e67760b87f4: start FollowerState
2019-10-18 11:24:21,319 [Thread-512] INFO  impl.FollowerState (FollowerState.java:run(117)) - c652e2ee-3322-4406-8db6-1ea643cb3197@group-7E32184879DE-FollowerState was interrupted: java.lang.InterruptedException: sleep interrupted
2019-10-18 11:24:21,350 [f535bb4a-cba0-4f9b-9e3e-e4a48b3eda51@group-7E32184879DE-LeaderElection67] INFO  impl.LeaderElection (LeaderElection.java:logAndReturn(56)) - f535bb4a-cba0-4f9b-9e3e-e4a48b3eda51@group-7E32184879DE-LeaderElection67: Election REJECTED; received 2 response(s) [f535bb4a-cba0-4f9b-9e3e-e4a48b3eda51<-54aabb14-4a7d-4ab3-adbe-2e67760b87f4#0:FAIL-t83, f535bb4a-cba0-4f9b-9e3e-e4a48b3eda51<-c652e2ee-3322-4406-8db6-1ea643cb3197#0:FAIL-t83] and 0 exception(s); f535bb4a-cba0-4f9b-9e3e-e4a48b3eda51@group-7E32184879DE:t83, leader=null, voted=f535bb4a-cba0-4f9b-9e3e-e4a48b3eda51, raftlog=f535bb4a-cba0-4f9b-9e3e-e4a48b3eda51@group-7E32184879DE-SegmentedRaftLog:OPENED:c-1,f-1,i0, conf=-1: [f535bb4a-cba0-4f9b-9e3e-e4a48b3eda51:0.0.0.0:44706, 54aabb14-4a7d-4ab3-adbe-2e67760b87f4:0.0.0.0:43074, c652e2ee-3322-4406-8db6-1ea643cb3197:0.0.0.0:42129], old=null
2019-10-18 11:24:21,350 [f535bb4a-cba0-4f9b-9e3e-e4a48b3eda51@group-7E32184879DE-LeaderElection67] INFO  impl.RaftServerImpl (RaftServerImpl.java:setRole(184)) - f535bb4a-cba0-4f9b-9e3e-e4a48b3eda51@group-7E32184879DE: changes role from CANDIDATE to FOLLOWER at term 83 for DISCOVERED_A_NEW_TERM
2019-10-18 11:24:21,350 [f535bb4a-cba0-4f9b-9e3e-e4a48b3eda51@group-7E32184879DE-LeaderElection67] INFO  impl.RoleInfo (RoleInfo.java:shutdownLeaderElection(134)) - f535bb4a-cba0-4f9b-9e3e-e4a48b3eda51: shutdown LeaderElection
2019-10-18 11:24:21,351 [f535bb4a-cba0-4f9b-9e3e-e4a48b3eda51@group-7E32184879DE-LeaderElection67] INFO  impl.RoleInfo (RoleInfo.java:updateAndGet(143)) - f535bb4a-cba0-4f9b-9e3e-e4a48b3eda51: start FollowerState
2019-10-18 11:24:21,541 [Thread-519] INFO  impl.FollowerState (FollowerState.java:run(108)) - f535bb4a-cba0-4f9b-9e3e-e4a48b3eda51@group-7E32184879DE-FollowerState: change to CANDIDATE, lastRpcTime:190ms, electionTimeout:190ms
2019-10-18 11:24:21,541 [Thread-519] INFO  impl.RoleInfo (RoleInfo.java:shutdownFollowerState(121)) - f535bb4a-cba0-4f9b-9e3e-e4a48b3eda51: shutdown FollowerState
2019-10-18 11:24:21,541 [Thread-519] INFO  impl.RaftServerImpl (RaftServerImpl.java:setRole(184)) - f535bb4a-cba0-4f9b-9e3e-e4a48b3eda51@group-7E32184879DE: changes role from  FOLLOWER to CANDIDATE at term 83 for changeToCandidate
2019-10-18 11:24:21,542 [Thread-519] INFO  impl.RoleInfo (RoleInfo.java:updateAndGet(143)) - f535bb4a-cba0-4f9b-9e3e-e4a48b3eda51: start LeaderElection
2019-10-18 11:24:21,565 [f535bb4a-cba0-4f9b-9e3e-e4a48b3eda51@group-7E32184879DE-LeaderElection68] INFO  impl.LeaderElection (LeaderElection.java:askForVotes(178)) - f535bb4a-cba0-4f9b-9e3e-e4a48b3eda51@group-7E32184879DE-LeaderElection68: begin an election at term 84 for -1: [f535bb4a-cba0-4f9b-9e3e-e4a48b3eda51:0.0.0.0:44706, 54aabb14-4a7d-4ab3-adbe-2e67760b87f4:0.0.0.0:43074, c652e2ee-3322-4406-8db6-1ea643cb3197:0.0.0.0:42129], old=null
2019-10-18 11:24:21,568 [grpc-default-executor-1] INFO  impl.RaftServerImpl (RaftServerImpl.java:setRole(184)) - 54aabb14-4a7d-4ab3-adbe-2e67760b87f4@group-7E32184879DE: changes role from  FOLLOWER to FOLLOWER at term 84 for recognizeCandidate:f535bb4a-cba0-4f9b-9e3e-e4a48b3eda51
2019-10-18 11:24:21,568 [grpc-default-executor-0] INFO  impl.RaftServerImpl (RaftServerImpl.java:setRole(184)) - c652e2ee-3322-4406-8db6-1ea643cb3197@group-7E32184879DE: changes role from  FOLLOWER to FOLLOWER at term 84 for recognizeCandidate:f535bb4a-cba0-4f9b-9e3e-e4a48b3eda51
2019-10-18 11:24:21,568 [grpc-default-executor-1] INFO  impl.RoleInfo (RoleInfo.java:shutdownFollowerState(121)) - 54aabb14-4a7d-4ab3-adbe-2e67760b87f4: shutdown FollowerState
2019-10-18 11:24:21,569 [grpc-default-executor-0] INFO  impl.RoleInfo (RoleInfo.java:shutdownFollowerState(121)) - c652e2ee-3322-4406-8db6-1ea643cb3197: shutdown FollowerState
2019-10-18 11:24:21,569 [grpc-default-executor-0] INFO  impl.RoleInfo (RoleInfo.java:updateAndGet(143)) - c652e2ee-3322-4406-8db6-1ea643cb3197: start FollowerState
2019-10-18 11:24:21,569 [Thread-517] INFO  impl.FollowerState (FollowerState.java:run(117)) - 54aabb14-4a7d-4ab3-adbe-2e67760b87f4@group-7E32184879DE-FollowerState was interrupted: java.lang.InterruptedException: sleep interrupted
2019-10-18 11:24:21,569 [grpc-default-executor-1] INFO  impl.RoleInfo (RoleInfo.java:updateAndGet(143)) - 54aabb14-4a7d-4ab3-adbe-2e67760b87f4: start FollowerState
2019-10-18 11:24:21,569 [Thread-518] INFO  impl.FollowerState (FollowerState.java:run(117)) - c652e2ee-3322-4406-8db6-1ea643cb3197@group-7E32184879DE-FollowerState was interrupted: java.lang.InterruptedException: sleep interrupted
2019-10-18 11:24:21,600 [f535bb4a-cba0-4f9b-9e3e-e4a48b3eda51@group-7E32184879DE-LeaderElection68] INFO  impl.LeaderElection (LeaderElection.java:logAndReturn(56)) - f535bb4a-cba0-4f9b-9e3e-e4a48b3eda51@group-7E32184879DE-LeaderElection68: Election REJECTED; received 2 response(s) [f535bb4a-cba0-4f9b-9e3e-e4a48b3eda51<-54aabb14-4a7d-4ab3-adbe-2e67760b87f4#0:FAIL-t84, f535bb4a-cba0-4f9b-9e3e-e4a48b3eda51<-c652e2ee-3322-4406-8db6-1ea643cb3197#0:FAIL-t84] and 0 exception(s); f535bb4a-cba0-4f9b-9e3e-e4a48b3eda51@group-7E32184879DE:t84, leader=null, voted=f535bb4a-cba0-4f9b-9e3e-e4a48b3eda51, raftlog=f535bb4a-cba0-4f9b-9e3e-e4a48b3eda51@group-7E32184879DE-SegmentedRaftLog:OPENED:c-1,f-1,i0, conf=-1: [f535bb4a-cba0-4f9b-9e3e-e4a48b3eda51:0.0.0.0:44706, 54aabb14-4a7d-4ab3-adbe-2e67760b87f4:0.0.0.0:43074, c652e2ee-3322-4406-8db6-1ea643cb3197:0.0.0.0:42129], old=null
2019-10-18 11:24:21,600 [f535bb4a-cba0-4f9b-9e3e-e4a48b3eda51@group-7E32184879DE-LeaderElection68] INFO  impl.RaftServerImpl (RaftServerImpl.java:setRole(184)) - f535bb4a-cba0-4f9b-9e3e-e4a48b3eda51@group-7E32184879DE: changes role from CANDIDATE to FOLLOWER at term 84 for DISCOVERED_A_NEW_TERM
2019-10-18 11:24:21,601 [f535bb4a-cba0-4f9b-9e3e-e4a48b3eda51@group-7E32184879DE-LeaderElection68] INFO  impl.RoleInfo (RoleInfo.java:shutdownLeaderElection(134)) - f535bb4a-cba0-4f9b-9e3e-e4a48b3eda51: shutdown LeaderElection
2019-10-18 11:24:21,601 [f535bb4a-cba0-4f9b-9e3e-e4a48b3eda51@group-7E32184879DE-LeaderElection68] INFO  impl.RoleInfo (RoleInfo.java:updateAndGet(143)) - f535bb4a-cba0-4f9b-9e3e-e4a48b3eda51: start FollowerState
2019-10-18 11:24:21,745 [Thread-525] INFO  impl.FollowerState (FollowerState.java:run(108)) - f535bb4a-cba0-4f9b-9e3e-e4a48b3eda51@group-7E32184879DE-FollowerState: change to CANDIDATE, lastRpcTime:144ms, electionTimeout:144ms
2019-10-18 11:24:21,745 [Thread-525] INFO  impl.RoleInfo (RoleInfo.java:shutdownFollowerState(121)) - f535bb4a-cba0-4f9b-9e3e-e4a48b3eda51: shutdown FollowerState
2019-10-18 11:24:21,746 [Thread-525] INFO  impl.RaftServerImpl (RaftServerImpl.java:setRole(184)) - f535bb4a-cba0-4f9b-9e3e-e4a48b3eda51@group-7E32184879DE: changes role from  FOLLOWER to CANDIDATE at term 84 for changeToCandidate
2019-10-18 11:24:21,746 [Thread-525] INFO  impl.RoleInfo (RoleInfo.java:updateAndGet(143)) - f535bb4a-cba0-4f9b-9e3e-e4a48b3eda51: start LeaderElection
2019-10-18 11:24:21,783 [f535bb4a-cba0-4f9b-9e3e-e4a48b3eda51@group-7E32184879DE-LeaderElection69] INFO  impl.LeaderElection (LeaderElection.java:askForVotes(178)) - f535bb4a-cba0-4f9b-9e3e-e4a48b3eda51@group-7E32184879DE-LeaderElection69: begin an election at term 85 for -1: [f535bb4a-cba0-4f9b-9e3e-e4a48b3eda51:0.0.0.0:44706, 54aabb14-4a7d-4ab3-adbe-2e67760b87f4:0.0.0.0:43074, c652e2ee-3322-4406-8db6-1ea643cb3197:0.0.0.0:42129], old=null
2019-10-18 11:24:21,787 [grpc-default-executor-0] INFO  impl.RaftServerImpl (RaftServerImpl.java:setRole(184)) - 54aabb14-4a7d-4ab3-adbe-2e67760b87f4@group-7E32184879DE: changes role from  FOLLOWER to FOLLOWER at term 85 for recognizeCandidate:f535bb4a-cba0-4f9b-9e3e-e4a48b3eda51
2019-10-18 11:24:21,787 [grpc-default-executor-1] INFO  impl.RaftServerImpl (RaftServerImpl.java:setRole(184)) - c652e2ee-3322-4406-8db6-1ea643cb3197@group-7E32184879DE: changes role from  FOLLOWER to FOLLOWER at term 85 for recognizeCandidate:f535bb4a-cba0-4f9b-9e3e-e4a48b3eda51
2019-10-18 11:24:21,787 [grpc-default-executor-0] INFO  impl.RoleInfo (RoleInfo.java:shutdownFollowerState(121)) - 54aabb14-4a7d-4ab3-adbe-2e67760b87f4: shutdown FollowerState
2019-10-18 11:24:21,787 [grpc-default-executor-1] INFO  impl.RoleInfo (RoleInfo.java:shutdownFollowerState(121)) - c652e2ee-3322-4406-8db6-1ea643cb3197: shutdown FollowerState
2019-10-18 11:24:21,787 [Thread-523] INFO  impl.FollowerState (FollowerState.java:run(117)) - 54aabb14-4a7d-4ab3-adbe-2e67760b87f4@group-7E32184879DE-FollowerState was interrupted: java.lang.InterruptedException: sleep interrupted
2019-10-18 11:24:21,787 [grpc-default-executor-0] INFO  impl.RoleInfo (RoleInfo.java:updateAndGet(143)) - 54aabb14-4a7d-4ab3-adbe-2e67760b87f4: start FollowerState
2019-10-18 11:24:21,787 [Thread-524] INFO  impl.FollowerState (FollowerState.java:run(117)) - c652e2ee-3322-4406-8db6-1ea643cb3197@group-7E32184879DE-FollowerState was interrupted: java.lang.InterruptedException: sleep interrupted
2019-10-18 11:24:21,787 [grpc-default-executor-1] INFO  impl.RoleInfo (RoleInfo.java:updateAndGet(143)) - c652e2ee-3322-4406-8db6-1ea643cb3197: start FollowerState
2019-10-18 11:24:21,818 [f535bb4a-cba0-4f9b-9e3e-e4a48b3eda51@group-7E32184879DE-LeaderElection69] INFO  impl.LeaderElection (LeaderElection.java:logAndReturn(56)) - f535bb4a-cba0-4f9b-9e3e-e4a48b3eda51@group-7E32184879DE-LeaderElection69: Election REJECTED; received 2 response(s) [f535bb4a-cba0-4f9b-9e3e-e4a48b3eda51<-54aabb14-4a7d-4ab3-adbe-2e67760b87f4#0:FAIL-t85, f535bb4a-cba0-4f9b-9e3e-e4a48b3eda51<-c652e2ee-3322-4406-8db6-1ea643cb3197#0:FAIL-t85] and 0 exception(s); f535bb4a-cba0-4f9b-9e3e-e4a48b3eda51@group-7E32184879DE:t85, leader=null, voted=f535bb4a-cba0-4f9b-9e3e-e4a48b3eda51, raftlog=f535bb4a-cba0-4f9b-9e3e-e4a48b3eda51@group-7E32184879DE-SegmentedRaftLog:OPENED:c-1,f-1,i0, conf=-1: [f535bb4a-cba0-4f9b-9e3e-e4a48b3eda51:0.0.0.0:44706, 54aabb14-4a7d-4ab3-adbe-2e67760b87f4:0.0.0.0:43074, c652e2ee-3322-4406-8db6-1ea643cb3197:0.0.0.0:42129], old=null
2019-10-18 11:24:21,818 [f535bb4a-cba0-4f9b-9e3e-e4a48b3eda51@group-7E32184879DE-LeaderElection69] INFO  impl.RaftServerImpl (RaftServerImpl.java:setRole(184)) - f535bb4a-cba0-4f9b-9e3e-e4a48b3eda51@group-7E32184879DE: changes role from CANDIDATE to FOLLOWER at term 85 for DISCOVERED_A_NEW_TERM
2019-10-18 11:24:21,818 [f535bb4a-cba0-4f9b-9e3e-e4a48b3eda51@group-7E32184879DE-LeaderElection69] INFO  impl.RoleInfo (RoleInfo.java:shutdownLeaderElection(134)) - f535bb4a-cba0-4f9b-9e3e-e4a48b3eda51: shutdown LeaderElection
2019-10-18 11:24:21,818 [f535bb4a-cba0-4f9b-9e3e-e4a48b3eda51@group-7E32184879DE-LeaderElection69] INFO  impl.RoleInfo (RoleInfo.java:updateAndGet(143)) - f535bb4a-cba0-4f9b-9e3e-e4a48b3eda51: start FollowerState
2019-10-18 11:24:22,001 [Thread-531] INFO  impl.FollowerState (FollowerState.java:run(108)) - f535bb4a-cba0-4f9b-9e3e-e4a48b3eda51@group-7E32184879DE-FollowerState: change to CANDIDATE, lastRpcTime:182ms, electionTimeout:182ms
2019-10-18 11:24:22,001 [Thread-531] INFO  impl.RoleInfo (RoleInfo.java:shutdownFollowerState(121)) - f535bb4a-cba0-4f9b-9e3e-e4a48b3eda51: shutdown FollowerState
2019-10-18 11:24:22,001 [Thread-531] INFO  impl.RaftServerImpl (RaftServerImpl.java:setRole(184)) - f535bb4a-cba0-4f9b-9e3e-e4a48b3eda51@group-7E32184879DE: changes role from  FOLLOWER to CANDIDATE at term 85 for changeToCandidate
2019-10-18 11:24:22,001 [Thread-531] INFO  impl.RoleInfo (RoleInfo.java:updateAndGet(143)) - f535bb4a-cba0-4f9b-9e3e-e4a48b3eda51: start LeaderElection
2019-10-18 11:24:22,025 [f535bb4a-cba0-4f9b-9e3e-e4a48b3eda51@group-7E32184879DE-LeaderElection70] INFO  impl.LeaderElection (LeaderElection.java:askForVotes(178)) - f535bb4a-cba0-4f9b-9e3e-e4a48b3eda51@group-7E32184879DE-LeaderElection70: begin an election at term 86 for -1: [f535bb4a-cba0-4f9b-9e3e-e4a48b3eda51:0.0.0.0:44706, 54aabb14-4a7d-4ab3-adbe-2e67760b87f4:0.0.0.0:43074, c652e2ee-3322-4406-8db6-1ea643cb3197:0.0.0.0:42129], old=null
2019-10-18 11:24:22,029 [grpc-default-executor-1] INFO  impl.RaftServerImpl (RaftServerImpl.java:setRole(184)) - c652e2ee-3322-4406-8db6-1ea643cb3197@group-7E32184879DE: changes role from  FOLLOWER to FOLLOWER at term 86 for recognizeCandidate:f535bb4a-cba0-4f9b-9e3e-e4a48b3eda51
2019-10-18 11:24:22,030 [grpc-default-executor-1] INFO  impl.RoleInfo (RoleInfo.java:shutdownFollowerState(121)) - c652e2ee-3322-4406-8db6-1ea643cb3197: shutdown FollowerState
2019-10-18 11:24:22,030 [grpc-default-executor-1] INFO  impl.RoleInfo (RoleInfo.java:updateAndGet(143)) - c652e2ee-3322-4406-8db6-1ea643cb3197: start FollowerState
2019-10-18 11:24:22,030 [Thread-530] INFO  impl.FollowerState (FollowerState.java:run(117)) - c652e2ee-3322-4406-8db6-1ea643cb3197@group-7E32184879DE-FollowerState was interrupted: java.lang.InterruptedException: sleep interrupted
2019-10-18 11:24:22,030 [grpc-default-executor-0] INFO  impl.RaftServerImpl (RaftServerImpl.java:setRole(184)) - 54aabb14-4a7d-4ab3-adbe-2e67760b87f4@group-7E32184879DE: changes role from  FOLLOWER to FOLLOWER at term 86 for recognizeCandidate:f535bb4a-cba0-4f9b-9e3e-e4a48b3eda51
2019-10-18 11:24:22,031 [grpc-default-executor-0] INFO  impl.RoleInfo (RoleInfo.java:shutdownFollowerState(121)) - 54aabb14-4a7d-4ab3-adbe-2e67760b87f4: shutdown FollowerState
2019-10-18 11:24:22,031 [grpc-default-executor-0] INFO  impl.RoleInfo (RoleInfo.java:updateAndGet(143)) - 54aabb14-4a7d-4ab3-adbe-2e67760b87f4: start FollowerState
2019-10-18 11:24:22,031 [Thread-529] INFO  impl.FollowerState (FollowerState.java:run(117)) - 54aabb14-4a7d-4ab3-adbe-2e67760b87f4@group-7E32184879DE-FollowerState was interrupted: java.lang.InterruptedException: sleep interrupted
2019-10-18 11:24:22,060 [f535bb4a-cba0-4f9b-9e3e-e4a48b3eda51@group-7E32184879DE-LeaderElection70] INFO  impl.LeaderElection (LeaderElection.java:logAndReturn(56)) - f535bb4a-cba0-4f9b-9e3e-e4a48b3eda51@group-7E32184879DE-LeaderElection70: Election REJECTED; received 2 response(s) [f535bb4a-cba0-4f9b-9e3e-e4a48b3eda51<-54aabb14-4a7d-4ab3-adbe-2e67760b87f4#0:FAIL-t86, f535bb4a-cba0-4f9b-9e3e-e4a48b3eda51<-c652e2ee-3322-4406-8db6-1ea643cb3197#0:FAIL-t86] and 0 exception(s); f535bb4a-cba0-4f9b-9e3e-e4a48b3eda51@group-7E32184879DE:t86, leader=null, voted=f535bb4a-cba0-4f9b-9e3e-e4a48b3eda51, raftlog=f535bb4a-cba0-4f9b-9e3e-e4a48b3eda51@group-7E32184879DE-SegmentedRaftLog:OPENED:c-1,f-1,i0, conf=-1: [f535bb4a-cba0-4f9b-9e3e-e4a48b3eda51:0.0.0.0:44706, 54aabb14-4a7d-4ab3-adbe-2e67760b87f4:0.0.0.0:43074, c652e2ee-3322-4406-8db6-1ea643cb3197:0.0.0.0:42129], old=null
2019-10-18 11:24:22,060 [f535bb4a-cba0-4f9b-9e3e-e4a48b3eda51@group-7E32184879DE-LeaderElection70] INFO  impl.RaftServerImpl (RaftServerImpl.java:setRole(184)) - f535bb4a-cba0-4f9b-9e3e-e4a48b3eda51@group-7E32184879DE: changes role from CANDIDATE to FOLLOWER at term 86 for DISCOVERED_A_NEW_TERM
2019-10-18 11:24:22,061 [f535bb4a-cba0-4f9b-9e3e-e4a48b3eda51@group-7E32184879DE-LeaderElection70] INFO  impl.RoleInfo (RoleInfo.java:shutdownLeaderElection(134)) - f535bb4a-cba0-4f9b-9e3e-e4a48b3eda51: shutdown LeaderElection
2019-10-18 11:24:22,061 [f535bb4a-cba0-4f9b-9e3e-e4a48b3eda51@group-7E32184879DE-LeaderElection70] INFO  impl.RoleInfo (RoleInfo.java:updateAndGet(143)) - f535bb4a-cba0-4f9b-9e3e-e4a48b3eda51: start FollowerState
2019-10-18 11:24:22,082 [Thread-539] INFO  impl.FollowerState (FollowerState.java:run(108)) - f535bb4a-cba0-4f9b-9e3e-e4a48b3eda51@group-7E32184879DE-FollowerState: change to CANDIDATE, lastRpcTime:21ms, electionTimeout:21ms
2019-10-18 11:24:22,083 [Thread-539] INFO  impl.RoleInfo (RoleInfo.java:shutdownFollowerState(121)) - f535bb4a-cba0-4f9b-9e3e-e4a48b3eda51: shutdown FollowerState
2019-10-18 11:24:22,083 [Thread-539] INFO  impl.RaftServerImpl (RaftServerImpl.java:setRole(184)) - f535bb4a-cba0-4f9b-9e3e-e4a48b3eda51@group-7E32184879DE: changes role from  FOLLOWER to CANDIDATE at term 86 for changeToCandidate
2019-10-18 11:24:22,083 [Thread-539] INFO  impl.RoleInfo (RoleInfo.java:updateAndGet(143)) - f535bb4a-cba0-4f9b-9e3e-e4a48b3eda51: start LeaderElection
2019-10-18 11:24:22,109 [f535bb4a-cba0-4f9b-9e3e-e4a48b3eda51@group-7E32184879DE-LeaderElection71] INFO  impl.LeaderElection (LeaderElection.java:askForVotes(178)) - f535bb4a-cba0-4f9b-9e3e-e4a48b3eda51@group-7E32184879DE-LeaderElection71: begin an election at term 87 for -1: [f535bb4a-cba0-4f9b-9e3e-e4a48b3eda51:0.0.0.0:44706, 54aabb14-4a7d-4ab3-adbe-2e67760b87f4:0.0.0.0:43074, c652e2ee-3322-4406-8db6-1ea643cb3197:0.0.0.0:42129], old=null
2019-10-18 11:24:22,112 [grpc-default-executor-0] INFO  impl.RaftServerImpl (RaftServerImpl.java:setRole(184)) - 54aabb14-4a7d-4ab3-adbe-2e67760b87f4@group-7E32184879DE: changes role from  FOLLOWER to FOLLOWER at term 87 for recognizeCandidate:f535bb4a-cba0-4f9b-9e3e-e4a48b3eda51
2019-10-18 11:24:22,112 [grpc-default-executor-1] INFO  impl.RaftServerImpl (RaftServerImpl.java:setRole(184)) - c652e2ee-3322-4406-8db6-1ea643cb3197@group-7E32184879DE: changes role from  FOLLOWER to FOLLOWER at term 87 for recognizeCandidate:f535bb4a-cba0-4f9b-9e3e-e4a48b3eda51
2019-10-18 11:24:22,112 [grpc-default-executor-0] INFO  impl.RoleInfo (RoleInfo.java:shutdownFollowerState(121)) - 54aabb14-4a7d-4ab3-adbe-2e67760b87f4: shutdown FollowerState
2019-10-18 11:24:22,112 [grpc-default-executor-1] INFO  impl.RoleInfo (RoleInfo.java:shutdownFollowerState(121)) - c652e2ee-3322-4406-8db6-1ea643cb3197: shutdown FollowerState
2019-10-18 11:24:22,113 [Thread-538] INFO  impl.FollowerState (FollowerState.java:run(117)) - 54aabb14-4a7d-4ab3-adbe-2e67760b87f4@group-7E32184879DE-FollowerState was interrupted: java.lang.InterruptedException: sleep interrupted
2019-10-18 11:24:22,113 [Thread-537] INFO  impl.FollowerState (FollowerState.java:run(117)) - c652e2ee-3322-4406-8db6-1ea643cb3197@group-7E32184879DE-FollowerState was interrupted: java.lang.InterruptedException: sleep interrupted
2019-10-18 11:24:22,113 [grpc-default-executor-1] INFO  impl.RoleInfo (RoleInfo.java:updateAndGet(143)) - c652e2ee-3322-4406-8db6-1ea643cb3197: start FollowerState
2019-10-18 11:24:22,113 [grpc-default-executor-0] INFO  impl.RoleInfo (RoleInfo.java:updateAndGet(143)) - 54aabb14-4a7d-4ab3-adbe-2e67760b87f4: start FollowerState
2019-10-18 11:24:22,135 [f535bb4a-cba0-4f9b-9e3e-e4a48b3eda51@group-7E32184879DE-LeaderElection71] INFO  impl.LeaderElection (LeaderElection.java:logAndReturn(56)) - f535bb4a-cba0-4f9b-9e3e-e4a48b3eda51@group-7E32184879DE-LeaderElection71: Election REJECTED; received 2 response(s) [f535bb4a-cba0-4f9b-9e3e-e4a48b3eda51<-54aabb14-4a7d-4ab3-adbe-2e67760b87f4#0:FAIL-t87, f535bb4a-cba0-4f9b-9e3e-e4a48b3eda51<-c652e2ee-3322-4406-8db6-1ea643cb3197#0:FAIL-t87] and 0 exception(s); f535bb4a-cba0-4f9b-9e3e-e4a48b3eda51@group-7E32184879DE:t87, leader=null, voted=f535bb4a-cba0-4f9b-9e3e-e4a48b3eda51, raftlog=f535bb4a-cba0-4f9b-9e3e-e4a48b3eda51@group-7E32184879DE-SegmentedRaftLog:OPENED:c-1,f-1,i0, conf=-1: [f535bb4a-cba0-4f9b-9e3e-e4a48b3eda51:0.0.0.0:44706, 54aabb14-4a7d-4ab3-adbe-2e67760b87f4:0.0.0.0:43074, c652e2ee-3322-4406-8db6-1ea643cb3197:0.0.0.0:42129], old=null
2019-10-18 11:24:22,136 [f535bb4a-cba0-4f9b-9e3e-e4a48b3eda51@group-7E32184879DE-LeaderElection71] INFO  impl.RaftServerImpl (RaftServerImpl.java:setRole(184)) - f535bb4a-cba0-4f9b-9e3e-e4a48b3eda51@group-7E32184879DE: changes role from CANDIDATE to FOLLOWER at term 87 for DISCOVERED_A_NEW_TERM
2019-10-18 11:24:22,136 [f535bb4a-cba0-4f9b-9e3e-e4a48b3eda51@group-7E32184879DE-LeaderElection71] INFO  impl.RoleInfo (RoleInfo.java:shutdownLeaderElection(134)) - f535bb4a-cba0-4f9b-9e3e-e4a48b3eda51: shutdown LeaderElection
2019-10-18 11:24:22,136 [f535bb4a-cba0-4f9b-9e3e-e4a48b3eda51@group-7E32184879DE-LeaderElection71] INFO  impl.RoleInfo (RoleInfo.java:updateAndGet(143)) - f535bb4a-cba0-4f9b-9e3e-e4a48b3eda51: start FollowerState
2019-10-18 11:24:22,320 [Thread-545] INFO  impl.FollowerState (FollowerState.java:run(108)) - f535bb4a-cba0-4f9b-9e3e-e4a48b3eda51@group-7E32184879DE-FollowerState: change to CANDIDATE, lastRpcTime:184ms, electionTimeout:184ms
2019-10-18 11:24:22,320 [Thread-545] INFO  impl.RoleInfo (RoleInfo.java:shutdownFollowerState(121)) - f535bb4a-cba0-4f9b-9e3e-e4a48b3eda51: shutdown FollowerState
2019-10-18 11:24:22,321 [Thread-545] INFO  impl.RaftServerImpl (RaftServerImpl.java:setRole(184)) - f535bb4a-cba0-4f9b-9e3e-e4a48b3eda51@group-7E32184879DE: changes role from  FOLLOWER to CANDIDATE at term 87 for changeToCandidate
2019-10-18 11:24:22,321 [Thread-545] INFO  impl.RoleInfo (RoleInfo.java:updateAndGet(143)) - f535bb4a-cba0-4f9b-9e3e-e4a48b3eda51: start LeaderElection
2019-10-18 11:24:22,351 [f535bb4a-cba0-4f9b-9e3e-e4a48b3eda51@group-7E32184879DE-LeaderElection72] INFO  impl.LeaderElection (LeaderElection.java:askForVotes(178)) - f535bb4a-cba0-4f9b-9e3e-e4a48b3eda51@group-7E32184879DE-LeaderElection72: begin an election at term 88 for -1: [f535bb4a-cba0-4f9b-9e3e-e4a48b3eda51:0.0.0.0:44706, 54aabb14-4a7d-4ab3-adbe-2e67760b87f4:0.0.0.0:43074, c652e2ee-3322-4406-8db6-1ea643cb3197:0.0.0.0:42129], old=null
2019-10-18 11:24:22,354 [grpc-default-executor-0] INFO  impl.RaftServerImpl (RaftServerImpl.java:setRole(184)) - 54aabb14-4a7d-4ab3-adbe-2e67760b87f4@group-7E32184879DE: changes role from  FOLLOWER to FOLLOWER at term 88 for recognizeCandidate:f535bb4a-cba0-4f9b-9e3e-e4a48b3eda51
2019-10-18 11:24:22,354 [grpc-default-executor-1] INFO  impl.RaftServerImpl (RaftServerImpl.java:setRole(184)) - c652e2ee-3322-4406-8db6-1ea643cb3197@group-7E32184879DE: changes role from  FOLLOWER to FOLLOWER at term 88 for recognizeCandidate:f535bb4a-cba0-4f9b-9e3e-e4a48b3eda51
2019-10-18 11:24:22,355 [grpc-default-executor-0] INFO  impl.RoleInfo (RoleInfo.java:shutdownFollowerState(121)) - 54aabb14-4a7d-4ab3-adbe-2e67760b87f4: shutdown FollowerState
2019-10-18 11:24:22,355 [grpc-default-executor-1] INFO  impl.RoleInfo (RoleInfo.java:shutdownFollowerState(121)) - c652e2ee-3322-4406-8db6-1ea643cb3197: shutdown FollowerState
2019-10-18 11:24:22,355 [Thread-543] INFO  impl.FollowerState (FollowerState.java:run(117)) - 54aabb14-4a7d-4ab3-adbe-2e67760b87f4@group-7E32184879DE-FollowerState was interrupted: java.lang.InterruptedException: sleep interrupted
2019-10-18 11:24:22,355 [grpc-default-executor-0] INFO  impl.RoleInfo (RoleInfo.java:updateAndGet(143)) - 54aabb14-4a7d-4ab3-adbe-2e67760b87f4: start FollowerState
2019-10-18 11:24:22,355 [Thread-544] INFO  impl.FollowerState (FollowerState.java:run(117)) - c652e2ee-3322-4406-8db6-1ea643cb3197@group-7E32184879DE-FollowerState was interrupted: java.lang.InterruptedException: sleep interrupted
2019-10-18 11:24:22,355 [grpc-default-executor-1] INFO  impl.RoleInfo (RoleInfo.java:updateAndGet(143)) - c652e2ee-3322-4406-8db6-1ea643cb3197: start FollowerState
2019-10-18 11:24:22,378 [f535bb4a-cba0-4f9b-9e3e-e4a48b3eda51@group-7E32184879DE-LeaderElection72] INFO  impl.LeaderElection (LeaderElection.java:logAndReturn(56)) - f535bb4a-cba0-4f9b-9e3e-e4a48b3eda51@group-7E32184879DE-LeaderElection72: Election REJECTED; received 2 response(s) [f535bb4a-cba0-4f9b-9e3e-e4a48b3eda51<-54aabb14-4a7d-4ab3-adbe-2e67760b87f4#0:FAIL-t88, f535bb4a-cba0-4f9b-9e3e-e4a48b3eda51<-c652e2ee-3322-4406-8db6-1ea643cb3197#0:FAIL-t88] and 0 exception(s); f535bb4a-cba0-4f9b-9e3e-e4a48b3eda51@group-7E32184879DE:t88, leader=null, voted=f535bb4a-cba0-4f9b-9e3e-e4a48b3eda51, raftlog=f535bb4a-cba0-4f9b-9e3e-e4a48b3eda51@group-7E32184879DE-SegmentedRaftLog:OPENED:c-1,f-1,i0, conf=-1: [f535bb4a-cba0-4f9b-9e3e-e4a48b3eda51:0.0.0.0:44706, 54aabb14-4a7d-4ab3-adbe-2e67760b87f4:0.0.0.0:43074, c652e2ee-3322-4406-8db6-1ea643cb3197:0.0.0.0:42129], old=null
2019-10-18 11:24:22,378 [f535bb4a-cba0-4f9b-9e3e-e4a48b3eda51@group-7E32184879DE-LeaderElection72] INFO  impl.RaftServerImpl (RaftServerImpl.java:setRole(184)) - f535bb4a-cba0-4f9b-9e3e-e4a48b3eda51@group-7E32184879DE: changes role from CANDIDATE to FOLLOWER at term 88 for DISCOVERED_A_NEW_TERM
2019-10-18 11:24:22,378 [f535bb4a-cba0-4f9b-9e3e-e4a48b3eda51@group-7E32184879DE-LeaderElection72] INFO  impl.RoleInfo (RoleInfo.java:shutdownLeaderElection(134)) - f535bb4a-cba0-4f9b-9e3e-e4a48b3eda51: shutdown LeaderElection
2019-10-18 11:24:22,379 [f535bb4a-cba0-4f9b-9e3e-e4a48b3eda51@group-7E32184879DE-LeaderElection72] INFO  impl.RoleInfo (RoleInfo.java:updateAndGet(143)) - f535bb4a-cba0-4f9b-9e3e-e4a48b3eda51: start FollowerState
2019-10-18 11:24:22,427 [Thread-551] INFO  impl.FollowerState (FollowerState.java:run(108)) - f535bb4a-cba0-4f9b-9e3e-e4a48b3eda51@group-7E32184879DE-FollowerState: change to CANDIDATE, lastRpcTime:48ms, electionTimeout:48ms
2019-10-18 11:24:22,427 [Thread-551] INFO  impl.RoleInfo (RoleInfo.java:shutdownFollowerState(121)) - f535bb4a-cba0-4f9b-9e3e-e4a48b3eda51: shutdown FollowerState
2019-10-18 11:24:22,427 [Thread-551] INFO  impl.RaftServerImpl (RaftServerImpl.java:setRole(184)) - f535bb4a-cba0-4f9b-9e3e-e4a48b3eda51@group-7E32184879DE: changes role from  FOLLOWER to CANDIDATE at term 88 for changeToCandidate
2019-10-18 11:24:22,428 [Thread-551] INFO  impl.RoleInfo (RoleInfo.java:updateAndGet(143)) - f535bb4a-cba0-4f9b-9e3e-e4a48b3eda51: start LeaderElection
2019-10-18 11:24:22,452 [f535bb4a-cba0-4f9b-9e3e-e4a48b3eda51@group-7E32184879DE-LeaderElection73] INFO  impl.LeaderElection (LeaderElection.java:askForVotes(178)) - f535bb4a-cba0-4f9b-9e3e-e4a48b3eda51@group-7E32184879DE-LeaderElection73: begin an election at term 89 for -1: [f535bb4a-cba0-4f9b-9e3e-e4a48b3eda51:0.0.0.0:44706, 54aabb14-4a7d-4ab3-adbe-2e67760b87f4:0.0.0.0:43074, c652e2ee-3322-4406-8db6-1ea643cb3197:0.0.0.0:42129], old=null
2019-10-18 11:24:22,455 [grpc-default-executor-1] INFO  impl.RaftServerImpl (RaftServerImpl.java:setRole(184)) - c652e2ee-3322-4406-8db6-1ea643cb3197@group-7E32184879DE: changes role from  FOLLOWER to FOLLOWER at term 89 for recognizeCandidate:f535bb4a-cba0-4f9b-9e3e-e4a48b3eda51
2019-10-18 11:24:22,455 [grpc-default-executor-0] INFO  impl.RaftServerImpl (RaftServerImpl.java:setRole(184)) - 54aabb14-4a7d-4ab3-adbe-2e67760b87f4@group-7E32184879DE: changes role from  FOLLOWER to FOLLOWER at term 89 for recognizeCandidate:f535bb4a-cba0-4f9b-9e3e-e4a48b3eda51
2019-10-18 11:24:22,455 [grpc-default-executor-1] INFO  impl.RoleInfo (RoleInfo.java:shutdownFollowerState(121)) - c652e2ee-3322-4406-8db6-1ea643cb3197: shutdown FollowerState
2019-10-18 11:24:22,455 [grpc-default-executor-0] INFO  impl.RoleInfo (RoleInfo.java:shutdownFollowerState(121)) - 54aabb14-4a7d-4ab3-adbe-2e67760b87f4: shutdown FollowerState
2019-10-18 11:24:22,455 [Thread-550] INFO  impl.FollowerState (FollowerState.java:run(117)) - c652e2ee-3322-4406-8db6-1ea643cb3197@group-7E32184879DE-FollowerState was interrupted: java.lang.InterruptedException: sleep interrupted
2019-10-18 11:24:22,455 [grpc-default-executor-0] INFO  impl.RoleInfo (RoleInfo.java:updateAndGet(143)) - 54aabb14-4a7d-4ab3-adbe-2e67760b87f4: start FollowerState
2019-10-18 11:24:22,455 [grpc-default-executor-1] INFO  impl.RoleInfo (RoleInfo.java:updateAndGet(143)) - c652e2ee-3322-4406-8db6-1ea643cb3197: start FollowerState
2019-10-18 11:24:22,455 [Thread-549] INFO  impl.FollowerState (FollowerState.java:run(117)) - 54aabb14-4a7d-4ab3-adbe-2e67760b87f4@group-7E32184879DE-FollowerState was interrupted: java.lang.InterruptedException: sleep interrupted
2019-10-18 11:24:22,478 [f535bb4a-cba0-4f9b-9e3e-e4a48b3eda51@group-7E32184879DE-LeaderElection73] INFO  impl.LeaderElection (LeaderElection.java:logAndReturn(56)) - f535bb4a-cba0-4f9b-9e3e-e4a48b3eda51@group-7E32184879DE-LeaderElection73: Election REJECTED; received 2 response(s) [f535bb4a-cba0-4f9b-9e3e-e4a48b3eda51<-54aabb14-4a7d-4ab3-adbe-2e67760b87f4#0:FAIL-t89, f535bb4a-cba0-4f9b-9e3e-e4a48b3eda51<-c652e2ee-3322-4406-8db6-1ea643cb3197#0:FAIL-t89] and 0 exception(s); f535bb4a-cba0-4f9b-9e3e-e4a48b3eda51@group-7E32184879DE:t89, leader=null, voted=f535bb4a-cba0-4f9b-9e3e-e4a48b3eda51, raftlog=f535bb4a-cba0-4f9b-9e3e-e4a48b3eda51@group-7E32184879DE-SegmentedRaftLog:OPENED:c-1,f-1,i0, conf=-1: [f535bb4a-cba0-4f9b-9e3e-e4a48b3eda51:0.0.0.0:44706, 54aabb14-4a7d-4ab3-adbe-2e67760b87f4:0.0.0.0:43074, c652e2ee-3322-4406-8db6-1ea643cb3197:0.0.0.0:42129], old=null
2019-10-18 11:24:22,479 [f535bb4a-cba0-4f9b-9e3e-e4a48b3eda51@group-7E32184879DE-LeaderElection73] INFO  impl.RaftServerImpl (RaftServerImpl.java:setRole(184)) - f535bb4a-cba0-4f9b-9e3e-e4a48b3eda51@group-7E32184879DE: changes role from CANDIDATE to FOLLOWER at term 89 for DISCOVERED_A_NEW_TERM
2019-10-18 11:24:22,479 [f535bb4a-cba0-4f9b-9e3e-e4a48b3eda51@group-7E32184879DE-LeaderElection73] INFO  impl.RoleInfo (RoleInfo.java:shutdownLeaderElection(134)) - f535bb4a-cba0-4f9b-9e3e-e4a48b3eda51: shutdown LeaderElection
2019-10-18 11:24:22,479 [f535bb4a-cba0-4f9b-9e3e-e4a48b3eda51@group-7E32184879DE-LeaderElection73] INFO  impl.RoleInfo (RoleInfo.java:updateAndGet(143)) - f535bb4a-cba0-4f9b-9e3e-e4a48b3eda51: start FollowerState
2019-10-18 11:24:22,497 [Thread-557] INFO  impl.FollowerState (FollowerState.java:run(108)) - f535bb4a-cba0-4f9b-9e3e-e4a48b3eda51@group-7E32184879DE-FollowerState: change to CANDIDATE, lastRpcTime:18ms, electionTimeout:18ms
2019-10-18 11:24:22,497 [Thread-557] INFO  impl.RoleInfo (RoleInfo.java:shutdownFollowerState(121)) - f535bb4a-cba0-4f9b-9e3e-e4a48b3eda51: shutdown FollowerState
2019-10-18 11:24:22,498 [Thread-557] INFO  impl.RaftServerImpl (RaftServerImpl.java:setRole(184)) - f535bb4a-cba0-4f9b-9e3e-e4a48b3eda51@group-7E32184879DE: changes role from  FOLLOWER to CANDIDATE at term 89 for changeToCandidate
2019-10-18 11:24:22,498 [Thread-557] INFO  impl.RoleInfo (RoleInfo.java:updateAndGet(143)) - f535bb4a-cba0-4f9b-9e3e-e4a48b3eda51: start LeaderElection
2019-10-18 11:24:22,528 [f535bb4a-cba0-4f9b-9e3e-e4a48b3eda51@group-7E32184879DE-LeaderElection74] INFO  impl.LeaderElection (LeaderElection.java:askForVotes(178)) - f535bb4a-cba0-4f9b-9e3e-e4a48b3eda51@group-7E32184879DE-LeaderElection74: begin an election at term 90 for -1: [f535bb4a-cba0-4f9b-9e3e-e4a48b3eda51:0.0.0.0:44706, 54aabb14-4a7d-4ab3-adbe-2e67760b87f4:0.0.0.0:43074, c652e2ee-3322-4406-8db6-1ea643cb3197:0.0.0.0:42129], old=null
2019-10-18 11:24:22,530 [grpc-default-executor-0] INFO  impl.RaftServerImpl (RaftServerImpl.java:setRole(184)) - 54aabb14-4a7d-4ab3-adbe-2e67760b87f4@group-7E32184879DE: changes role from  FOLLOWER to FOLLOWER at term 90 for recognizeCandidate:f535bb4a-cba0-4f9b-9e3e-e4a48b3eda51
2019-10-18 11:24:22,530 [grpc-default-executor-0] INFO  impl.RoleInfo (RoleInfo.java:shutdownFollowerState(121)) - 54aabb14-4a7d-4ab3-adbe-2e67760b87f4: shutdown FollowerState
2019-10-18 11:24:22,530 [grpc-default-executor-1] INFO  impl.RaftServerImpl (RaftServerImpl.java:setRole(184)) - c652e2ee-3322-4406-8db6-1ea643cb3197@group-7E32184879DE: changes role from  FOLLOWER to FOLLOWER at term 90 for recognizeCandidate:f535bb4a-cba0-4f9b-9e3e-e4a48b3eda51
2019-10-18 11:24:22,531 [Thread-556] INFO  impl.FollowerState (FollowerState.java:run(117)) - 54aabb14-4a7d-4ab3-adbe-2e67760b87f4@group-7E32184879DE-FollowerState was interrupted: java.lang.InterruptedException: sleep interrupted
2019-10-18 11:24:22,531 [grpc-default-executor-0] INFO  impl.RoleInfo (RoleInfo.java:updateAndGet(143)) - 54aabb14-4a7d-4ab3-adbe-2e67760b87f4: start FollowerState
2019-10-18 11:24:22,531 [grpc-default-executor-1] INFO  impl.RoleInfo (RoleInfo.java:shutdownFollowerState(121)) - c652e2ee-3322-4406-8db6-1ea643cb3197: shutdown FollowerState
2019-10-18 11:24:22,531 [grpc-default-executor-1] INFO  impl.RoleInfo (RoleInfo.java:updateAndGet(143)) - c652e2ee-3322-4406-8db6-1ea643cb3197: start FollowerState
2019-10-18 11:24:22,531 [Thread-555] INFO  impl.FollowerState (FollowerState.java:run(117)) - c652e2ee-3322-4406-8db6-1ea643cb3197@group-7E32184879DE-FollowerState was interrupted: java.lang.InterruptedException: sleep interrupted
2019-10-18 11:24:22,554 [f535bb4a-cba0-4f9b-9e3e-e4a48b3eda51@group-7E32184879DE-LeaderElection74] INFO  impl.LeaderElection (LeaderElection.java:logAndReturn(56)) - f535bb4a-cba0-4f9b-9e3e-e4a48b3eda51@group-7E32184879DE-LeaderElection74: Election REJECTED; received 2 response(s) [f535bb4a-cba0-4f9b-9e3e-e4a48b3eda51<-54aabb14-4a7d-4ab3-adbe-2e67760b87f4#0:FAIL-t90, f535bb4a-cba0-4f9b-9e3e-e4a48b3eda51<-c652e2ee-3322-4406-8db6-1ea643cb3197#0:FAIL-t90] and 0 exception(s); f535bb4a-cba0-4f9b-9e3e-e4a48b3eda51@group-7E32184879DE:t90, leader=null, voted=f535bb4a-cba0-4f9b-9e3e-e4a48b3eda51, raftlog=f535bb4a-cba0-4f9b-9e3e-e4a48b3eda51@group-7E32184879DE-SegmentedRaftLog:OPENED:c-1,f-1,i0, conf=-1: [f535bb4a-cba0-4f9b-9e3e-e4a48b3eda51:0.0.0.0:44706, 54aabb14-4a7d-4ab3-adbe-2e67760b87f4:0.0.0.0:43074, c652e2ee-3322-4406-8db6-1ea643cb3197:0.0.0.0:42129], old=null
2019-10-18 11:24:22,554 [f535bb4a-cba0-4f9b-9e3e-e4a48b3eda51@group-7E32184879DE-LeaderElection74] INFO  impl.RaftServerImpl (RaftServerImpl.java:setRole(184)) - f535bb4a-cba0-4f9b-9e3e-e4a48b3eda51@group-7E32184879DE: changes role from CANDIDATE to FOLLOWER at term 90 for DISCOVERED_A_NEW_TERM
2019-10-18 11:24:22,555 [f535bb4a-cba0-4f9b-9e3e-e4a48b3eda51@group-7E32184879DE-LeaderElection74] INFO  impl.RoleInfo (RoleInfo.java:shutdownLeaderElection(134)) - f535bb4a-cba0-4f9b-9e3e-e4a48b3eda51: shutdown LeaderElection
2019-10-18 11:24:22,555 [f535bb4a-cba0-4f9b-9e3e-e4a48b3eda51@group-7E32184879DE-LeaderElection74] INFO  impl.RoleInfo (RoleInfo.java:updateAndGet(143)) - f535bb4a-cba0-4f9b-9e3e-e4a48b3eda51: start FollowerState
2019-10-18 11:24:22,657 [Thread-563] INFO  impl.FollowerState (FollowerState.java:run(108)) - f535bb4a-cba0-4f9b-9e3e-e4a48b3eda51@group-7E32184879DE-FollowerState: change to CANDIDATE, lastRpcTime:102ms, electionTimeout:102ms
2019-10-18 11:24:22,657 [Thread-563] INFO  impl.RoleInfo (RoleInfo.java:shutdownFollowerState(121)) - f535bb4a-cba0-4f9b-9e3e-e4a48b3eda51: shutdown FollowerState
2019-10-18 11:24:22,658 [Thread-563] INFO  impl.RaftServerImpl (RaftServerImpl.java:setRole(184)) - f535bb4a-cba0-4f9b-9e3e-e4a48b3eda51@group-7E32184879DE: changes role from  FOLLOWER to CANDIDATE at term 90 for changeToCandidate
2019-10-18 11:24:22,658 [Thread-563] INFO  impl.RoleInfo (RoleInfo.java:updateAndGet(143)) - f535bb4a-cba0-4f9b-9e3e-e4a48b3eda51: start LeaderElection
2019-10-18 11:24:22,688 [f535bb4a-cba0-4f9b-9e3e-e4a48b3eda51@group-7E32184879DE-LeaderElection75] INFO  impl.LeaderElection (LeaderElection.java:askForVotes(178)) - f535bb4a-cba0-4f9b-9e3e-e4a48b3eda51@group-7E32184879DE-LeaderElection75: begin an election at term 91 for -1: [f535bb4a-cba0-4f9b-9e3e-e4a48b3eda51:0.0.0.0:44706, 54aabb14-4a7d-4ab3-adbe-2e67760b87f4:0.0.0.0:43074, c652e2ee-3322-4406-8db6-1ea643cb3197:0.0.0.0:42129], old=null
2019-10-18 11:24:22,691 [grpc-default-executor-1] INFO  impl.RaftServerImpl (RaftServerImpl.java:setRole(184)) - 54aabb14-4a7d-4ab3-adbe-2e67760b87f4@group-7E32184879DE: changes role from  FOLLOWER to FOLLOWER at term 91 for recognizeCandidate:f535bb4a-cba0-4f9b-9e3e-e4a48b3eda51
2019-10-18 11:24:22,691 [grpc-default-executor-0] INFO  impl.RaftServerImpl (RaftServerImpl.java:setRole(184)) - c652e2ee-3322-4406-8db6-1ea643cb3197@group-7E32184879DE: changes role from  FOLLOWER to FOLLOWER at term 91 for recognizeCandidate:f535bb4a-cba0-4f9b-9e3e-e4a48b3eda51
2019-10-18 11:24:22,691 [grpc-default-executor-1] INFO  impl.RoleInfo (RoleInfo.java:shutdownFollowerState(121)) - 54aabb14-4a7d-4ab3-adbe-2e67760b87f4: shutdown FollowerState
2019-10-18 11:24:22,691 [grpc-default-executor-0] INFO  impl.RoleInfo (RoleInfo.java:shutdownFollowerState(121)) - c652e2ee-3322-4406-8db6-1ea643cb3197: shutdown FollowerState
2019-10-18 11:24:22,691 [Thread-561] INFO  impl.FollowerState (FollowerState.java:run(117)) - 54aabb14-4a7d-4ab3-adbe-2e67760b87f4@group-7E32184879DE-FollowerState was interrupted: java.lang.InterruptedException: sleep interrupted
2019-10-18 11:24:22,691 [grpc-default-executor-1] INFO  impl.RoleInfo (RoleInfo.java:updateAndGet(143)) - 54aabb14-4a7d-4ab3-adbe-2e67760b87f4: start FollowerState
2019-10-18 11:24:22,692 [Thread-562] INFO  impl.FollowerState (FollowerState.java:run(117)) - c652e2ee-3322-4406-8db6-1ea643cb3197@group-7E32184879DE-FollowerState was interrupted: java.lang.InterruptedException: sleep interrupted
2019-10-18 11:24:22,691 [grpc-default-executor-0] INFO  impl.RoleInfo (RoleInfo.java:updateAndGet(143)) - c652e2ee-3322-4406-8db6-1ea643cb3197: start FollowerState
2019-10-18 11:24:22,723 [f535bb4a-cba0-4f9b-9e3e-e4a48b3eda51@group-7E32184879DE-LeaderElection75] INFO  impl.LeaderElection (LeaderElection.java:logAndReturn(56)) - f535bb4a-cba0-4f9b-9e3e-e4a48b3eda51@group-7E32184879DE-LeaderElection75: Election REJECTED; received 2 response(s) [f535bb4a-cba0-4f9b-9e3e-e4a48b3eda51<-54aabb14-4a7d-4ab3-adbe-2e67760b87f4#0:FAIL-t91, f535bb4a-cba0-4f9b-9e3e-e4a48b3eda51<-c652e2ee-3322-4406-8db6-1ea643cb3197#0:FAIL-t91] and 0 exception(s); f535bb4a-cba0-4f9b-9e3e-e4a48b3eda51@group-7E32184879DE:t91, leader=null, voted=f535bb4a-cba0-4f9b-9e3e-e4a48b3eda51, raftlog=f535bb4a-cba0-4f9b-9e3e-e4a48b3eda51@group-7E32184879DE-SegmentedRaftLog:OPENED:c-1,f-1,i0, conf=-1: [f535bb4a-cba0-4f9b-9e3e-e4a48b3eda51:0.0.0.0:44706, 54aabb14-4a7d-4ab3-adbe-2e67760b87f4:0.0.0.0:43074, c652e2ee-3322-4406-8db6-1ea643cb3197:0.0.0.0:42129], old=null
2019-10-18 11:24:22,723 [f535bb4a-cba0-4f9b-9e3e-e4a48b3eda51@group-7E32184879DE-LeaderElection75] INFO  impl.RaftServerImpl (RaftServerImpl.java:setRole(184)) - f535bb4a-cba0-4f9b-9e3e-e4a48b3eda51@group-7E32184879DE: changes role from CANDIDATE to FOLLOWER at term 91 for DISCOVERED_A_NEW_TERM
2019-10-18 11:24:22,724 [f535bb4a-cba0-4f9b-9e3e-e4a48b3eda51@group-7E32184879DE-LeaderElection75] INFO  impl.RoleInfo (RoleInfo.java:shutdownLeaderElection(134)) - f535bb4a-cba0-4f9b-9e3e-e4a48b3eda51: shutdown LeaderElection
2019-10-18 11:24:22,724 [f535bb4a-cba0-4f9b-9e3e-e4a48b3eda51@group-7E32184879DE-LeaderElection75] INFO  impl.RoleInfo (RoleInfo.java:updateAndGet(143)) - f535bb4a-cba0-4f9b-9e3e-e4a48b3eda51: start FollowerState
2019-10-18 11:24:22,867 [Thread-569] INFO  impl.FollowerState (FollowerState.java:run(108)) - f535bb4a-cba0-4f9b-9e3e-e4a48b3eda51@group-7E32184879DE-FollowerState: change to CANDIDATE, lastRpcTime:143ms, electionTimeout:143ms
2019-10-18 11:24:22,868 [Thread-569] INFO  impl.RoleInfo (RoleInfo.java:shutdownFollowerState(121)) - f535bb4a-cba0-4f9b-9e3e-e4a48b3eda51: shutdown FollowerState
2019-10-18 11:24:22,868 [Thread-569] INFO  impl.RaftServerImpl (RaftServerImpl.java:setRole(184)) - f535bb4a-cba0-4f9b-9e3e-e4a48b3eda51@group-7E32184879DE: changes role from  FOLLOWER to CANDIDATE at term 91 for changeToCandidate
2019-10-18 11:24:22,868 [Thread-569] INFO  impl.RoleInfo (RoleInfo.java:updateAndGet(143)) - f535bb4a-cba0-4f9b-9e3e-e4a48b3eda51: start LeaderElection
2019-10-18 11:24:22,905 [f535bb4a-cba0-4f9b-9e3e-e4a48b3eda51@group-7E32184879DE-LeaderElection76] INFO  impl.LeaderElection (LeaderElection.java:askForVotes(178)) - f535bb4a-cba0-4f9b-9e3e-e4a48b3eda51@group-7E32184879DE-LeaderElection76: begin an election at term 92 for -1: [f535bb4a-cba0-4f9b-9e3e-e4a48b3eda51:0.0.0.0:44706, 54aabb14-4a7d-4ab3-adbe-2e67760b87f4:0.0.0.0:43074, c652e2ee-3322-4406-8db6-1ea643cb3197:0.0.0.0:42129], old=null
2019-10-18 11:24:22,909 [grpc-default-executor-1] INFO  impl.RaftServerImpl (RaftServerImpl.java:setRole(184)) - 54aabb14-4a7d-4ab3-adbe-2e67760b87f4@group-7E32184879DE: changes role from  FOLLOWER to FOLLOWER at term 92 for recognizeCandidate:f535bb4a-cba0-4f9b-9e3e-e4a48b3eda51
2019-10-18 11:24:22,909 [grpc-default-executor-0] INFO  impl.RaftServerImpl (RaftServerImpl.java:setRole(184)) - c652e2ee-3322-4406-8db6-1ea643cb3197@group-7E32184879DE: changes role from  FOLLOWER to FOLLOWER at term 92 for recognizeCandidate:f535bb4a-cba0-4f9b-9e3e-e4a48b3eda51
2019-10-18 11:24:22,910 [grpc-default-executor-1] INFO  impl.RoleInfo (RoleInfo.java:shutdownFollowerState(121)) - 54aabb14-4a7d-4ab3-adbe-2e67760b87f4: shutdown FollowerState
2019-10-18 11:24:22,910 [grpc-default-executor-0] INFO  impl.RoleInfo (RoleInfo.java:shutdownFollowerState(121)) - c652e2ee-3322-4406-8db6-1ea643cb3197: shutdown FollowerState
2019-10-18 11:24:22,910 [Thread-567] INFO  impl.FollowerState (FollowerState.java:run(117)) - 54aabb14-4a7d-4ab3-adbe-2e67760b87f4@group-7E32184879DE-FollowerState was interrupted: java.lang.InterruptedException: sleep interrupted
2019-10-18 11:24:22,910 [Thread-568] INFO  impl.FollowerState (FollowerState.java:run(117)) - c652e2ee-3322-4406-8db6-1ea643cb3197@group-7E32184879DE-FollowerState was interrupted: java.lang.InterruptedException: sleep interrupted
2019-10-18 11:24:22,910 [grpc-default-executor-1] INFO  impl.RoleInfo (RoleInfo.java:updateAndGet(143)) - 54aabb14-4a7d-4ab3-adbe-2e67760b87f4: start FollowerState
2019-10-18 11:24:22,910 [grpc-default-executor-0] INFO  impl.RoleInfo (RoleInfo.java:updateAndGet(143)) - c652e2ee-3322-4406-8db6-1ea643cb3197: start FollowerState
2019-10-18 11:24:22,941 [f535bb4a-cba0-4f9b-9e3e-e4a48b3eda51@group-7E32184879DE-LeaderElection76] INFO  impl.LeaderElection (LeaderElection.java:logAndReturn(56)) - f535bb4a-cba0-4f9b-9e3e-e4a48b3eda51@group-7E32184879DE-LeaderElection76: Election REJECTED; received 2 response(s) [f535bb4a-cba0-4f9b-9e3e-e4a48b3eda51<-54aabb14-4a7d-4ab3-adbe-2e67760b87f4#0:FAIL-t92, f535bb4a-cba0-4f9b-9e3e-e4a48b3eda51<-c652e2ee-3322-4406-8db6-1ea643cb3197#0:FAIL-t92] and 0 exception(s); f535bb4a-cba0-4f9b-9e3e-e4a48b3eda51@group-7E32184879DE:t92, leader=null, voted=f535bb4a-cba0-4f9b-9e3e-e4a48b3eda51, raftlog=f535bb4a-cba0-4f9b-9e3e-e4a48b3eda51@group-7E32184879DE-SegmentedRaftLog:OPENED:c-1,f-1,i0, conf=-1: [f535bb4a-cba0-4f9b-9e3e-e4a48b3eda51:0.0.0.0:44706, 54aabb14-4a7d-4ab3-adbe-2e67760b87f4:0.0.0.0:43074, c652e2ee-3322-4406-8db6-1ea643cb3197:0.0.0.0:42129], old=null
2019-10-18 11:24:22,941 [f535bb4a-cba0-4f9b-9e3e-e4a48b3eda51@group-7E32184879DE-LeaderElection76] INFO  impl.RaftServerImpl (RaftServerImpl.java:setRole(184)) - f535bb4a-cba0-4f9b-9e3e-e4a48b3eda51@group-7E32184879DE: changes role from CANDIDATE to FOLLOWER at term 92 for DISCOVERED_A_NEW_TERM
2019-10-18 11:24:22,941 [f535bb4a-cba0-4f9b-9e3e-e4a48b3eda51@group-7E32184879DE-LeaderElection76] INFO  impl.RoleInfo (RoleInfo.java:shutdownLeaderElection(134)) - f535bb4a-cba0-4f9b-9e3e-e4a48b3eda51: shutdown LeaderElection
2019-10-18 11:24:22,941 [f535bb4a-cba0-4f9b-9e3e-e4a48b3eda51@group-7E32184879DE-LeaderElection76] INFO  impl.RoleInfo (RoleInfo.java:updateAndGet(143)) - f535bb4a-cba0-4f9b-9e3e-e4a48b3eda51: start FollowerState
2019-10-18 11:24:22,969 [Thread-575] INFO  impl.FollowerState (FollowerState.java:run(108)) - f535bb4a-cba0-4f9b-9e3e-e4a48b3eda51@group-7E32184879DE-FollowerState: change to CANDIDATE, lastRpcTime:27ms, electionTimeout:27ms
2019-10-18 11:24:22,969 [Thread-575] INFO  impl.RoleInfo (RoleInfo.java:shutdownFollowerState(121)) - f535bb4a-cba0-4f9b-9e3e-e4a48b3eda51: shutdown FollowerState
2019-10-18 11:24:22,969 [Thread-575] INFO  impl.RaftServerImpl (RaftServerImpl.java:setRole(184)) - f535bb4a-cba0-4f9b-9e3e-e4a48b3eda51@group-7E32184879DE: changes role from  FOLLOWER to CANDIDATE at term 92 for changeToCandidate
2019-10-18 11:24:22,969 [Thread-575] INFO  impl.RoleInfo (RoleInfo.java:updateAndGet(143)) - f535bb4a-cba0-4f9b-9e3e-e4a48b3eda51: start LeaderElection
2019-10-18 11:24:22,998 [f535bb4a-cba0-4f9b-9e3e-e4a48b3eda51@group-7E32184879DE-LeaderElection77] INFO  impl.LeaderElection (LeaderElection.java:askForVotes(178)) - f535bb4a-cba0-4f9b-9e3e-e4a48b3eda51@group-7E32184879DE-LeaderElection77: begin an election at term 93 for -1: [f535bb4a-cba0-4f9b-9e3e-e4a48b3eda51:0.0.0.0:44706, 54aabb14-4a7d-4ab3-adbe-2e67760b87f4:0.0.0.0:43074, c652e2ee-3322-4406-8db6-1ea643cb3197:0.0.0.0:42129], old=null
2019-10-18 11:24:23,000 [grpc-default-executor-1] INFO  impl.RaftServerImpl (RaftServerImpl.java:setRole(184)) - c652e2ee-3322-4406-8db6-1ea643cb3197@group-7E32184879DE: changes role from  FOLLOWER to FOLLOWER at term 93 for recognizeCandidate:f535bb4a-cba0-4f9b-9e3e-e4a48b3eda51
2019-10-18 11:24:23,000 [grpc-default-executor-1] INFO  impl.RoleInfo (RoleInfo.java:shutdownFollowerState(121)) - c652e2ee-3322-4406-8db6-1ea643cb3197: shutdown FollowerState
2019-10-18 11:24:23,000 [grpc-default-executor-0] INFO  impl.RaftServerImpl (RaftServerImpl.java:setRole(184)) - 54aabb14-4a7d-4ab3-adbe-2e67760b87f4@group-7E32184879DE: changes role from  FOLLOWER to FOLLOWER at term 93 for recognizeCandidate:f535bb4a-cba0-4f9b-9e3e-e4a48b3eda51
2019-10-18 11:24:23,001 [grpc-default-executor-0] INFO  impl.RoleInfo (RoleInfo.java:shutdownFollowerState(121)) - 54aabb14-4a7d-4ab3-adbe-2e67760b87f4: shutdown FollowerState
2019-10-18 11:24:23,001 [Thread-574] INFO  impl.FollowerState (FollowerState.java:run(117)) - c652e2ee-3322-4406-8db6-1ea643cb3197@group-7E32184879DE-FollowerState was interrupted: java.lang.InterruptedException: sleep interrupted
2019-10-18 11:24:23,001 [grpc-default-executor-1] INFO  impl.RoleInfo (RoleInfo.java:updateAndGet(143)) - c652e2ee-3322-4406-8db6-1ea643cb3197: start FollowerState
2019-10-18 11:24:23,001 [Thread-573] INFO  impl.FollowerState (FollowerState.java:run(117)) - 54aabb14-4a7d-4ab3-adbe-2e67760b87f4@group-7E32184879DE-FollowerState was interrupted: java.lang.InterruptedException: sleep interrupted
2019-10-18 11:24:23,001 [grpc-default-executor-0] INFO  impl.RoleInfo (RoleInfo.java:updateAndGet(143)) - 54aabb14-4a7d-4ab3-adbe-2e67760b87f4: start FollowerState
2019-10-18 11:24:23,024 [f535bb4a-cba0-4f9b-9e3e-e4a48b3eda51@group-7E32184879DE-LeaderElection77] INFO  impl.LeaderElection (LeaderElection.java:logAndReturn(56)) - f535bb4a-cba0-4f9b-9e3e-e4a48b3eda51@group-7E32184879DE-LeaderElection77: Election REJECTED; received 2 response(s) [f535bb4a-cba0-4f9b-9e3e-e4a48b3eda51<-54aabb14-4a7d-4ab3-adbe-2e67760b87f4#0:FAIL-t93, f535bb4a-cba0-4f9b-9e3e-e4a48b3eda51<-c652e2ee-3322-4406-8db6-1ea643cb3197#0:FAIL-t93] and 0 exception(s); f535bb4a-cba0-4f9b-9e3e-e4a48b3eda51@group-7E32184879DE:t93, leader=null, voted=f535bb4a-cba0-4f9b-9e3e-e4a48b3eda51, raftlog=f535bb4a-cba0-4f9b-9e3e-e4a48b3eda51@group-7E32184879DE-SegmentedRaftLog:OPENED:c-1,f-1,i0, conf=-1: [f535bb4a-cba0-4f9b-9e3e-e4a48b3eda51:0.0.0.0:44706, 54aabb14-4a7d-4ab3-adbe-2e67760b87f4:0.0.0.0:43074, c652e2ee-3322-4406-8db6-1ea643cb3197:0.0.0.0:42129], old=null
2019-10-18 11:24:23,024 [f535bb4a-cba0-4f9b-9e3e-e4a48b3eda51@group-7E32184879DE-LeaderElection77] INFO  impl.RaftServerImpl (RaftServerImpl.java:setRole(184)) - f535bb4a-cba0-4f9b-9e3e-e4a48b3eda51@group-7E32184879DE: changes role from CANDIDATE to FOLLOWER at term 93 for DISCOVERED_A_NEW_TERM
2019-10-18 11:24:23,025 [f535bb4a-cba0-4f9b-9e3e-e4a48b3eda51@group-7E32184879DE-LeaderElection77] INFO  impl.RoleInfo (RoleInfo.java:shutdownLeaderElection(134)) - f535bb4a-cba0-4f9b-9e3e-e4a48b3eda51: shutdown LeaderElection
2019-10-18 11:24:23,025 [f535bb4a-cba0-4f9b-9e3e-e4a48b3eda51@group-7E32184879DE-LeaderElection77] INFO  impl.RoleInfo (RoleInfo.java:updateAndGet(143)) - f535bb4a-cba0-4f9b-9e3e-e4a48b3eda51: start FollowerState
2019-10-18 11:24:23,065 [Thread-583] INFO  impl.FollowerState (FollowerState.java:run(108)) - f535bb4a-cba0-4f9b-9e3e-e4a48b3eda51@group-7E32184879DE-FollowerState: change to CANDIDATE, lastRpcTime:40ms, electionTimeout:40ms
2019-10-18 11:24:23,066 [Thread-583] INFO  impl.RoleInfo (RoleInfo.java:shutdownFollowerState(121)) - f535bb4a-cba0-4f9b-9e3e-e4a48b3eda51: shutdown FollowerState
2019-10-18 11:24:23,066 [Thread-583] INFO  impl.RaftServerImpl (RaftServerImpl.java:setRole(184)) - f535bb4a-cba0-4f9b-9e3e-e4a48b3eda51@group-7E32184879DE: changes role from  FOLLOWER to CANDIDATE at term 93 for changeToCandidate
2019-10-18 11:24:23,066 [Thread-583] INFO  impl.RoleInfo (RoleInfo.java:updateAndGet(143)) - f535bb4a-cba0-4f9b-9e3e-e4a48b3eda51: start LeaderElection
2019-10-18 11:24:23,090 [f535bb4a-cba0-4f9b-9e3e-e4a48b3eda51@group-7E32184879DE-LeaderElection78] INFO  impl.LeaderElection (LeaderElection.java:askForVotes(178)) - f535bb4a-cba0-4f9b-9e3e-e4a48b3eda51@group-7E32184879DE-LeaderElection78: begin an election at term 94 for -1: [f535bb4a-cba0-4f9b-9e3e-e4a48b3eda51:0.0.0.0:44706, 54aabb14-4a7d-4ab3-adbe-2e67760b87f4:0.0.0.0:43074, c652e2ee-3322-4406-8db6-1ea643cb3197:0.0.0.0:42129], old=null
2019-10-18 11:24:23,092 [grpc-default-executor-1] INFO  impl.RaftServerImpl (RaftServerImpl.java:setRole(184)) - 54aabb14-4a7d-4ab3-adbe-2e67760b87f4@group-7E32184879DE: changes role from  FOLLOWER to FOLLOWER at term 94 for recognizeCandidate:f535bb4a-cba0-4f9b-9e3e-e4a48b3eda51
2019-10-18 11:24:23,092 [grpc-default-executor-1] INFO  impl.RoleInfo (RoleInfo.java:shutdownFollowerState(121)) - 54aabb14-4a7d-4ab3-adbe-2e67760b87f4: shutdown FollowerState
2019-10-18 11:24:23,093 [grpc-default-executor-0] INFO  impl.RaftServerImpl (RaftServerImpl.java:setRole(184)) - c652e2ee-3322-4406-8db6-1ea643cb3197@group-7E32184879DE: changes role from  FOLLOWER to FOLLOWER at term 94 for recognizeCandidate:f535bb4a-cba0-4f9b-9e3e-e4a48b3eda51
2019-10-18 11:24:23,093 [grpc-default-executor-0] INFO  impl.RoleInfo (RoleInfo.java:shutdownFollowerState(121)) - c652e2ee-3322-4406-8db6-1ea643cb3197: shutdown FollowerState
2019-10-18 11:24:23,093 [Thread-582] INFO  impl.FollowerState (FollowerState.java:run(117)) - 54aabb14-4a7d-4ab3-adbe-2e67760b87f4@group-7E32184879DE-FollowerState was interrupted: java.lang.InterruptedException: sleep interrupted
2019-10-18 11:24:23,093 [grpc-default-executor-1] INFO  impl.RoleInfo (RoleInfo.java:updateAndGet(143)) - 54aabb14-4a7d-4ab3-adbe-2e67760b87f4: start FollowerState
2019-10-18 11:24:23,093 [Thread-581] INFO  impl.FollowerState (FollowerState.java:run(117)) - c652e2ee-3322-4406-8db6-1ea643cb3197@group-7E32184879DE-FollowerState was interrupted: java.lang.InterruptedException: sleep interrupted
2019-10-18 11:24:23,093 [grpc-default-executor-0] INFO  impl.RoleInfo (RoleInfo.java:updateAndGet(143)) - c652e2ee-3322-4406-8db6-1ea643cb3197: start FollowerState
2019-10-18 11:24:23,116 [f535bb4a-cba0-4f9b-9e3e-e4a48b3eda51@group-7E32184879DE-LeaderElection78] INFO  impl.LeaderElection (LeaderElection.java:logAndReturn(56)) - f535bb4a-cba0-4f9b-9e3e-e4a48b3eda51@group-7E32184879DE-LeaderElection78: Election REJECTED; received 2 response(s) [f535bb4a-cba0-4f9b-9e3e-e4a48b3eda51<-54aabb14-4a7d-4ab3-adbe-2e67760b87f4#0:FAIL-t94, f535bb4a-cba0-4f9b-9e3e-e4a48b3eda51<-c652e2ee-3322-4406-8db6-1ea643cb3197#0:FAIL-t94] and 0 exception(s); f535bb4a-cba0-4f9b-9e3e-e4a48b3eda51@group-7E32184879DE:t94, leader=null, voted=f535bb4a-cba0-4f9b-9e3e-e4a48b3eda51, raftlog=f535bb4a-cba0-4f9b-9e3e-e4a48b3eda51@group-7E32184879DE-SegmentedRaftLog:OPENED:c-1,f-1,i0, conf=-1: [f535bb4a-cba0-4f9b-9e3e-e4a48b3eda51:0.0.0.0:44706, 54aabb14-4a7d-4ab3-adbe-2e67760b87f4:0.0.0.0:43074, c652e2ee-3322-4406-8db6-1ea643cb3197:0.0.0.0:42129], old=null
2019-10-18 11:24:23,116 [f535bb4a-cba0-4f9b-9e3e-e4a48b3eda51@group-7E32184879DE-LeaderElection78] INFO  impl.RaftServerImpl (RaftServerImpl.java:setRole(184)) - f535bb4a-cba0-4f9b-9e3e-e4a48b3eda51@group-7E32184879DE: changes role from CANDIDATE to FOLLOWER at term 94 for DISCOVERED_A_NEW_TERM
2019-10-18 11:24:23,117 [f535bb4a-cba0-4f9b-9e3e-e4a48b3eda51@group-7E32184879DE-LeaderElection78] INFO  impl.RoleInfo (RoleInfo.java:shutdownLeaderElection(134)) - f535bb4a-cba0-4f9b-9e3e-e4a48b3eda51: shutdown LeaderElection
2019-10-18 11:24:23,117 [f535bb4a-cba0-4f9b-9e3e-e4a48b3eda51@group-7E32184879DE-LeaderElection78] INFO  impl.RoleInfo (RoleInfo.java:updateAndGet(143)) - f535bb4a-cba0-4f9b-9e3e-e4a48b3eda51: start FollowerState
2019-10-18 11:24:23,222 [Thread-589] INFO  impl.FollowerState (FollowerState.java:run(108)) - f535bb4a-cba0-4f9b-9e3e-e4a48b3eda51@group-7E32184879DE-FollowerState: change to CANDIDATE, lastRpcTime:105ms, electionTimeout:105ms
2019-10-18 11:24:23,222 [Thread-589] INFO  impl.RoleInfo (RoleInfo.java:shutdownFollowerState(121)) - f535bb4a-cba0-4f9b-9e3e-e4a48b3eda51: shutdown FollowerState
2019-10-18 11:24:23,222 [Thread-589] INFO  impl.RaftServerImpl (RaftServerImpl.java:setRole(184)) - f535bb4a-cba0-4f9b-9e3e-e4a48b3eda51@group-7E32184879DE: changes role from  FOLLOWER to CANDIDATE at term 94 for changeToCandidate
2019-10-18 11:24:23,222 [Thread-589] INFO  impl.RoleInfo (RoleInfo.java:updateAndGet(143)) - f535bb4a-cba0-4f9b-9e3e-e4a48b3eda51: start LeaderElection
2019-10-18 11:24:23,249 [f535bb4a-cba0-4f9b-9e3e-e4a48b3eda51@group-7E32184879DE-LeaderElection79] INFO  impl.LeaderElection (LeaderElection.java:askForVotes(178)) - f535bb4a-cba0-4f9b-9e3e-e4a48b3eda51@group-7E32184879DE-LeaderElection79: begin an election at term 95 for -1: [f535bb4a-cba0-4f9b-9e3e-e4a48b3eda51:0.0.0.0:44706, 54aabb14-4a7d-4ab3-adbe-2e67760b87f4:0.0.0.0:43074, c652e2ee-3322-4406-8db6-1ea643cb3197:0.0.0.0:42129], old=null
2019-10-18 11:24:23,251 [grpc-default-executor-0] INFO  impl.RaftServerImpl (RaftServerImpl.java:setRole(184)) - 54aabb14-4a7d-4ab3-adbe-2e67760b87f4@group-7E32184879DE: changes role from  FOLLOWER to FOLLOWER at term 95 for recognizeCandidate:f535bb4a-cba0-4f9b-9e3e-e4a48b3eda51
2019-10-18 11:24:23,252 [grpc-default-executor-1] INFO  impl.RaftServerImpl (RaftServerImpl.java:setRole(184)) - c652e2ee-3322-4406-8db6-1ea643cb3197@group-7E32184879DE: changes role from  FOLLOWER to FOLLOWER at term 95 for recognizeCandidate:f535bb4a-cba0-4f9b-9e3e-e4a48b3eda51
2019-10-18 11:24:23,252 [grpc-default-executor-1] INFO  impl.RoleInfo (RoleInfo.java:shutdownFollowerState(121)) - c652e2ee-3322-4406-8db6-1ea643cb3197: shutdown FollowerState
2019-10-18 11:24:23,252 [grpc-default-executor-0] INFO  impl.RoleInfo (RoleInfo.java:shutdownFollowerState(121)) - 54aabb14-4a7d-4ab3-adbe-2e67760b87f4: shutdown FollowerState
2019-10-18 11:24:23,252 [grpc-default-executor-1] INFO  impl.RoleInfo (RoleInfo.java:updateAndGet(143)) - c652e2ee-3322-4406-8db6-1ea643cb3197: start FollowerState
2019-10-18 11:24:23,252 [Thread-588] INFO  impl.FollowerState (FollowerState.java:run(117)) - c652e2ee-3322-4406-8db6-1ea643cb3197@group-7E32184879DE-FollowerState was interrupted: java.lang.InterruptedException: sleep interrupted
2019-10-18 11:24:23,252 [grpc-default-executor-0] INFO  impl.RoleInfo (RoleInfo.java:updateAndGet(143)) - 54aabb14-4a7d-4ab3-adbe-2e67760b87f4: start FollowerState
2019-10-18 11:24:23,252 [Thread-587] INFO  impl.FollowerState (FollowerState.java:run(117)) - 54aabb14-4a7d-4ab3-adbe-2e67760b87f4@group-7E32184879DE-FollowerState was interrupted: java.lang.InterruptedException: sleep interrupted
2019-10-18 11:24:23,285 [f535bb4a-cba0-4f9b-9e3e-e4a48b3eda51@group-7E32184879DE-LeaderElection79] INFO  impl.LeaderElection (LeaderElection.java:logAndReturn(56)) - f535bb4a-cba0-4f9b-9e3e-e4a48b3eda51@group-7E32184879DE-LeaderElection79: Election REJECTED; received 2 response(s) [f535bb4a-cba0-4f9b-9e3e-e4a48b3eda51<-54aabb14-4a7d-4ab3-adbe-2e67760b87f4#0:FAIL-t95, f535bb4a-cba0-4f9b-9e3e-e4a48b3eda51<-c652e2ee-3322-4406-8db6-1ea643cb3197#0:FAIL-t95] and 0 exception(s); f535bb4a-cba0-4f9b-9e3e-e4a48b3eda51@group-7E32184879DE:t95, leader=null, voted=f535bb4a-cba0-4f9b-9e3e-e4a48b3eda51, raftlog=f535bb4a-cba0-4f9b-9e3e-e4a48b3eda51@group-7E32184879DE-SegmentedRaftLog:OPENED:c-1,f-1,i0, conf=-1: [f535bb4a-cba0-4f9b-9e3e-e4a48b3eda51:0.0.0.0:44706, 54aabb14-4a7d-4ab3-adbe-2e67760b87f4:0.0.0.0:43074, c652e2ee-3322-4406-8db6-1ea643cb3197:0.0.0.0:42129], old=null
2019-10-18 11:24:23,285 [f535bb4a-cba0-4f9b-9e3e-e4a48b3eda51@group-7E32184879DE-LeaderElection79] INFO  impl.RaftServerImpl (RaftServerImpl.java:setRole(184)) - f535bb4a-cba0-4f9b-9e3e-e4a48b3eda51@group-7E32184879DE: changes role from CANDIDATE to FOLLOWER at term 95 for DISCOVERED_A_NEW_TERM
2019-10-18 11:24:23,285 [f535bb4a-cba0-4f9b-9e3e-e4a48b3eda51@group-7E32184879DE-LeaderElection79] INFO  impl.RoleInfo (RoleInfo.java:shutdownLeaderElection(134)) - f535bb4a-cba0-4f9b-9e3e-e4a48b3eda51: shutdown LeaderElection
2019-10-18 11:24:23,286 [f535bb4a-cba0-4f9b-9e3e-e4a48b3eda51@group-7E32184879DE-LeaderElection79] INFO  impl.RoleInfo (RoleInfo.java:updateAndGet(143)) - f535bb4a-cba0-4f9b-9e3e-e4a48b3eda51: start FollowerState
2019-10-18 11:24:23,347 [Thread-595] INFO  impl.FollowerState (FollowerState.java:run(108)) - f535bb4a-cba0-4f9b-9e3e-e4a48b3eda51@group-7E32184879DE-FollowerState: change to CANDIDATE, lastRpcTime:61ms, electionTimeout:61ms
2019-10-18 11:24:23,347 [Thread-595] INFO  impl.RoleInfo (RoleInfo.java:shutdownFollowerState(121)) - f535bb4a-cba0-4f9b-9e3e-e4a48b3eda51: shutdown FollowerState
2019-10-18 11:24:23,348 [Thread-595] INFO  impl.RaftServerImpl (RaftServerImpl.java:setRole(184)) - f535bb4a-cba0-4f9b-9e3e-e4a48b3eda51@group-7E32184879DE: changes role from  FOLLOWER to CANDIDATE at term 95 for changeToCandidate
2019-10-18 11:24:23,348 [Thread-595] INFO  impl.RoleInfo (RoleInfo.java:updateAndGet(143)) - f535bb4a-cba0-4f9b-9e3e-e4a48b3eda51: start LeaderElection
2019-10-18 11:24:23,375 [f535bb4a-cba0-4f9b-9e3e-e4a48b3eda51@group-7E32184879DE-LeaderElection80] INFO  impl.LeaderElection (LeaderElection.java:askForVotes(178)) - f535bb4a-cba0-4f9b-9e3e-e4a48b3eda51@group-7E32184879DE-LeaderElection80: begin an election at term 96 for -1: [f535bb4a-cba0-4f9b-9e3e-e4a48b3eda51:0.0.0.0:44706, 54aabb14-4a7d-4ab3-adbe-2e67760b87f4:0.0.0.0:43074, c652e2ee-3322-4406-8db6-1ea643cb3197:0.0.0.0:42129], old=null
2019-10-18 11:24:23,378 [grpc-default-executor-1] INFO  impl.RaftServerImpl (RaftServerImpl.java:setRole(184)) - c652e2ee-3322-4406-8db6-1ea643cb3197@group-7E32184879DE: changes role from  FOLLOWER to FOLLOWER at term 96 for recognizeCandidate:f535bb4a-cba0-4f9b-9e3e-e4a48b3eda51
2019-10-18 11:24:23,378 [grpc-default-executor-1] INFO  impl.RoleInfo (RoleInfo.java:shutdownFollowerState(121)) - c652e2ee-3322-4406-8db6-1ea643cb3197: shutdown FollowerState
2019-10-18 11:24:23,378 [grpc-default-executor-0] INFO  impl.RaftServerImpl (RaftServerImpl.java:setRole(184)) - 54aabb14-4a7d-4ab3-adbe-2e67760b87f4@group-7E32184879DE: changes role from  FOLLOWER to FOLLOWER at term 96 for recognizeCandidate:f535bb4a-cba0-4f9b-9e3e-e4a48b3eda51
2019-10-18 11:24:23,379 [Thread-593] INFO  impl.FollowerState (FollowerState.java:run(117)) - c652e2ee-3322-4406-8db6-1ea643cb3197@group-7E32184879DE-FollowerState was interrupted: java.lang.InterruptedException: sleep interrupted
2019-10-18 11:24:23,378 [grpc-default-executor-1] INFO  impl.RoleInfo (RoleInfo.java:updateAndGet(143)) - c652e2ee-3322-4406-8db6-1ea643cb3197: start FollowerState
2019-10-18 11:24:23,379 [grpc-default-executor-0] INFO  impl.RoleInfo (RoleInfo.java:shutdownFollowerState(121)) - 54aabb14-4a7d-4ab3-adbe-2e67760b87f4: shutdown FollowerState
2019-10-18 11:24:23,379 [grpc-default-executor-0] INFO  impl.RoleInfo (RoleInfo.java:updateAndGet(143)) - 54aabb14-4a7d-4ab3-adbe-2e67760b87f4: start FollowerState
2019-10-18 11:24:23,379 [Thread-594] INFO  impl.FollowerState (FollowerState.java:run(117)) - 54aabb14-4a7d-4ab3-adbe-2e67760b87f4@group-7E32184879DE-FollowerState was interrupted: java.lang.InterruptedException: sleep interrupted
2019-10-18 11:24:23,410 [f535bb4a-cba0-4f9b-9e3e-e4a48b3eda51@group-7E32184879DE-LeaderElection80] INFO  impl.LeaderElection (LeaderElection.java:logAndReturn(56)) - f535bb4a-cba0-4f9b-9e3e-e4a48b3eda51@group-7E32184879DE-LeaderElection80: Election REJECTED; received 2 response(s) [f535bb4a-cba0-4f9b-9e3e-e4a48b3eda51<-54aabb14-4a7d-4ab3-adbe-2e67760b87f4#0:FAIL-t96, f535bb4a-cba0-4f9b-9e3e-e4a48b3eda51<-c652e2ee-3322-4406-8db6-1ea643cb3197#0:FAIL-t96] and 0 exception(s); f535bb4a-cba0-4f9b-9e3e-e4a48b3eda51@group-7E32184879DE:t96, leader=null, voted=f535bb4a-cba0-4f9b-9e3e-e4a48b3eda51, raftlog=f535bb4a-cba0-4f9b-9e3e-e4a48b3eda51@group-7E32184879DE-SegmentedRaftLog:OPENED:c-1,f-1,i0, conf=-1: [f535bb4a-cba0-4f9b-9e3e-e4a48b3eda51:0.0.0.0:44706, 54aabb14-4a7d-4ab3-adbe-2e67760b87f4:0.0.0.0:43074, c652e2ee-3322-4406-8db6-1ea643cb3197:0.0.0.0:42129], old=null
2019-10-18 11:24:23,410 [f535bb4a-cba0-4f9b-9e3e-e4a48b3eda51@group-7E32184879DE-LeaderElection80] INFO  impl.RaftServerImpl (RaftServerImpl.java:setRole(184)) - f535bb4a-cba0-4f9b-9e3e-e4a48b3eda51@group-7E32184879DE: changes role from CANDIDATE to FOLLOWER at term 96 for DISCOVERED_A_NEW_TERM
2019-10-18 11:24:23,410 [f535bb4a-cba0-4f9b-9e3e-e4a48b3eda51@group-7E32184879DE-LeaderElection80] INFO  impl.RoleInfo (RoleInfo.java:shutdownLeaderElection(134)) - f535bb4a-cba0-4f9b-9e3e-e4a48b3eda51: shutdown LeaderElection
2019-10-18 11:24:23,410 [f535bb4a-cba0-4f9b-9e3e-e4a48b3eda51@group-7E32184879DE-LeaderElection80] INFO  impl.RoleInfo (RoleInfo.java:updateAndGet(143)) - f535bb4a-cba0-4f9b-9e3e-e4a48b3eda51: start FollowerState
2019-10-18 11:24:23,511 [Thread-601] INFO  impl.FollowerState (FollowerState.java:run(108)) - f535bb4a-cba0-4f9b-9e3e-e4a48b3eda51@group-7E32184879DE-FollowerState: change to CANDIDATE, lastRpcTime:100ms, electionTimeout:100ms
2019-10-18 11:24:23,511 [Thread-601] INFO  impl.RoleInfo (RoleInfo.java:shutdownFollowerState(121)) - f535bb4a-cba0-4f9b-9e3e-e4a48b3eda51: shutdown FollowerState
2019-10-18 11:24:23,511 [Thread-601] INFO  impl.RaftServerImpl (RaftServerImpl.java:setRole(184)) - f535bb4a-cba0-4f9b-9e3e-e4a48b3eda51@group-7E32184879DE: changes role from  FOLLOWER to CANDIDATE at term 96 for changeToCandidate
2019-10-18 11:24:23,511 [Thread-601] INFO  impl.RoleInfo (RoleInfo.java:updateAndGet(143)) - f535bb4a-cba0-4f9b-9e3e-e4a48b3eda51: start LeaderElection
2019-10-18 11:24:23,542 [f535bb4a-cba0-4f9b-9e3e-e4a48b3eda51@group-7E32184879DE-LeaderElection81] INFO  impl.LeaderElection (LeaderElection.java:askForVotes(178)) - f535bb4a-cba0-4f9b-9e3e-e4a48b3eda51@group-7E32184879DE-LeaderElection81: begin an election at term 97 for -1: [f535bb4a-cba0-4f9b-9e3e-e4a48b3eda51:0.0.0.0:44706, 54aabb14-4a7d-4ab3-adbe-2e67760b87f4:0.0.0.0:43074, c652e2ee-3322-4406-8db6-1ea643cb3197:0.0.0.0:42129], old=null
2019-10-18 11:24:23,544 [grpc-default-executor-1] INFO  impl.RaftServerImpl (RaftServerImpl.java:setRole(184)) - 54aabb14-4a7d-4ab3-adbe-2e67760b87f4@group-7E32184879DE: changes role from  FOLLOWER to FOLLOWER at term 97 for recognizeCandidate:f535bb4a-cba0-4f9b-9e3e-e4a48b3eda51
2019-10-18 11:24:23,545 [grpc-default-executor-0] INFO  impl.RaftServerImpl (RaftServerImpl.java:setRole(184)) - c652e2ee-3322-4406-8db6-1ea643cb3197@group-7E32184879DE: changes role from  FOLLOWER to FOLLOWER at term 97 for recognizeCandidate:f535bb4a-cba0-4f9b-9e3e-e4a48b3eda51
2019-10-18 11:24:23,545 [grpc-default-executor-1] INFO  impl.RoleInfo (RoleInfo.java:shutdownFollowerState(121)) - 54aabb14-4a7d-4ab3-adbe-2e67760b87f4: shutdown FollowerState
2019-10-18 11:24:23,545 [grpc-default-executor-0] INFO  impl.RoleInfo (RoleInfo.java:shutdownFollowerState(121)) - c652e2ee-3322-4406-8db6-1ea643cb3197: shutdown FollowerState
2019-10-18 11:24:23,545 [Thread-600] INFO  impl.FollowerState (FollowerState.java:run(117)) - 54aabb14-4a7d-4ab3-adbe-2e67760b87f4@group-7E32184879DE-FollowerState was interrupted: java.lang.InterruptedException: sleep interrupted
2019-10-18 11:24:23,545 [grpc-default-executor-1] INFO  impl.RoleInfo (RoleInfo.java:updateAndGet(143)) - 54aabb14-4a7d-4ab3-adbe-2e67760b87f4: start FollowerState
2019-10-18 11:24:23,545 [Thread-599] INFO  impl.FollowerState (FollowerState.java:run(117)) - c652e2ee-3322-4406-8db6-1ea643cb3197@group-7E32184879DE-FollowerState was interrupted: java.lang.InterruptedException: sleep interrupted
2019-10-18 11:24:23,545 [grpc-default-executor-0] INFO  impl.RoleInfo (RoleInfo.java:updateAndGet(143)) - c652e2ee-3322-4406-8db6-1ea643cb3197: start FollowerState
2019-10-18 11:24:23,569 [f535bb4a-cba0-4f9b-9e3e-e4a48b3eda51@group-7E32184879DE-LeaderElection81] INFO  impl.LeaderElection (LeaderElection.java:logAndReturn(56)) - f535bb4a-cba0-4f9b-9e3e-e4a48b3eda51@group-7E32184879DE-LeaderElection81: Election REJECTED; received 2 response(s) [f535bb4a-cba0-4f9b-9e3e-e4a48b3eda51<-54aabb14-4a7d-4ab3-adbe-2e67760b87f4#0:FAIL-t97, f535bb4a-cba0-4f9b-9e3e-e4a48b3eda51<-c652e2ee-3322-4406-8db6-1ea643cb3197#0:FAIL-t97] and 0 exception(s); f535bb4a-cba0-4f9b-9e3e-e4a48b3eda51@group-7E32184879DE:t97, leader=null, voted=f535bb4a-cba0-4f9b-9e3e-e4a48b3eda51, raftlog=f535bb4a-cba0-4f9b-9e3e-e4a48b3eda51@group-7E32184879DE-SegmentedRaftLog:OPENED:c-1,f-1,i0, conf=-1: [f535bb4a-cba0-4f9b-9e3e-e4a48b3eda51:0.0.0.0:44706, 54aabb14-4a7d-4ab3-adbe-2e67760b87f4:0.0.0.0:43074, c652e2ee-3322-4406-8db6-1ea643cb3197:0.0.0.0:42129], old=null
2019-10-18 11:24:23,569 [f535bb4a-cba0-4f9b-9e3e-e4a48b3eda51@group-7E32184879DE-LeaderElection81] INFO  impl.RaftServerImpl (RaftServerImpl.java:setRole(184)) - f535bb4a-cba0-4f9b-9e3e-e4a48b3eda51@group-7E32184879DE: changes role from CANDIDATE to FOLLOWER at term 97 for DISCOVERED_A_NEW_TERM
2019-10-18 11:24:23,569 [f535bb4a-cba0-4f9b-9e3e-e4a48b3eda51@group-7E32184879DE-LeaderElection81] INFO  impl.RoleInfo (RoleInfo.java:shutdownLeaderElection(134)) - f535bb4a-cba0-4f9b-9e3e-e4a48b3eda51: shutdown LeaderElection
2019-10-18 11:24:23,569 [f535bb4a-cba0-4f9b-9e3e-e4a48b3eda51@group-7E32184879DE-LeaderElection81] INFO  impl.RoleInfo (RoleInfo.java:updateAndGet(143)) - f535bb4a-cba0-4f9b-9e3e-e4a48b3eda51: start FollowerState
2019-10-18 11:24:23,743 [Thread-607] INFO  impl.FollowerState (FollowerState.java:run(108)) - f535bb4a-cba0-4f9b-9e3e-e4a48b3eda51@group-7E32184879DE-FollowerState: change to CANDIDATE, lastRpcTime:173ms, electionTimeout:173ms
2019-10-18 11:24:23,743 [Thread-607] INFO  impl.RoleInfo (RoleInfo.java:shutdownFollowerState(121)) - f535bb4a-cba0-4f9b-9e3e-e4a48b3eda51: shutdown FollowerState
2019-10-18 11:24:23,743 [Thread-607] INFO  impl.RaftServerImpl (RaftServerImpl.java:setRole(184)) - f535bb4a-cba0-4f9b-9e3e-e4a48b3eda51@group-7E32184879DE: changes role from  FOLLOWER to CANDIDATE at term 97 for changeToCandidate
2019-10-18 11:24:23,743 [Thread-607] INFO  impl.RoleInfo (RoleInfo.java:updateAndGet(143)) - f535bb4a-cba0-4f9b-9e3e-e4a48b3eda51: start LeaderElection
2019-10-18 11:24:23,776 [f535bb4a-cba0-4f9b-9e3e-e4a48b3eda51@group-7E32184879DE-LeaderElection82] INFO  impl.LeaderElection (LeaderElection.java:askForVotes(178)) - f535bb4a-cba0-4f9b-9e3e-e4a48b3eda51@group-7E32184879DE-LeaderElection82: begin an election at term 98 for -1: [f535bb4a-cba0-4f9b-9e3e-e4a48b3eda51:0.0.0.0:44706, 54aabb14-4a7d-4ab3-adbe-2e67760b87f4:0.0.0.0:43074, c652e2ee-3322-4406-8db6-1ea643cb3197:0.0.0.0:42129], old=null
2019-10-18 11:24:23,779 [grpc-default-executor-0] INFO  impl.RaftServerImpl (RaftServerImpl.java:setRole(184)) - c652e2ee-3322-4406-8db6-1ea643cb3197@group-7E32184879DE: changes role from  FOLLOWER to FOLLOWER at term 98 for recognizeCandidate:f535bb4a-cba0-4f9b-9e3e-e4a48b3eda51
2019-10-18 11:24:23,779 [grpc-default-executor-1] INFO  impl.RaftServerImpl (RaftServerImpl.java:setRole(184)) - 54aabb14-4a7d-4ab3-adbe-2e67760b87f4@group-7E32184879DE: changes role from  FOLLOWER to FOLLOWER at term 98 for recognizeCandidate:f535bb4a-cba0-4f9b-9e3e-e4a48b3eda51
2019-10-18 11:24:23,780 [grpc-default-executor-0] INFO  impl.RoleInfo (RoleInfo.java:shutdownFollowerState(121)) - c652e2ee-3322-4406-8db6-1ea643cb3197: shutdown FollowerState
2019-10-18 11:24:23,780 [grpc-default-executor-1] INFO  impl.RoleInfo (RoleInfo.java:shutdownFollowerState(121)) - 54aabb14-4a7d-4ab3-adbe-2e67760b87f4: shutdown FollowerState
2019-10-18 11:24:23,780 [Thread-606] INFO  impl.FollowerState (FollowerState.java:run(117)) - c652e2ee-3322-4406-8db6-1ea643cb3197@group-7E32184879DE-FollowerState was interrupted: java.lang.InterruptedException: sleep interrupted
2019-10-18 11:24:23,780 [Thread-605] INFO  impl.FollowerState (FollowerState.java:run(117)) - 54aabb14-4a7d-4ab3-adbe-2e67760b87f4@group-7E32184879DE-FollowerState was interrupted: java.lang.InterruptedException: sleep interrupted
2019-10-18 11:24:23,780 [grpc-default-executor-0] INFO  impl.RoleInfo (RoleInfo.java:updateAndGet(143)) - c652e2ee-3322-4406-8db6-1ea643cb3197: start FollowerState
2019-10-18 11:24:23,780 [grpc-default-executor-1] INFO  impl.RoleInfo (RoleInfo.java:updateAndGet(143)) - 54aabb14-4a7d-4ab3-adbe-2e67760b87f4: start FollowerState
2019-10-18 11:24:23,816 [f535bb4a-cba0-4f9b-9e3e-e4a48b3eda51@group-7E32184879DE-LeaderElection82] INFO  impl.LeaderElection (LeaderElection.java:logAndReturn(56)) - f535bb4a-cba0-4f9b-9e3e-e4a48b3eda51@group-7E32184879DE-LeaderElection82: Election REJECTED; received 2 response(s) [f535bb4a-cba0-4f9b-9e3e-e4a48b3eda51<-54aabb14-4a7d-4ab3-adbe-2e67760b87f4#0:FAIL-t98, f535bb4a-cba0-4f9b-9e3e-e4a48b3eda51<-c652e2ee-3322-4406-8db6-1ea643cb3197#0:FAIL-t98] and 0 exception(s); f535bb4a-cba0-4f9b-9e3e-e4a48b3eda51@group-7E32184879DE:t98, leader=null, voted=f535bb4a-cba0-4f9b-9e3e-e4a48b3eda51, raftlog=f535bb4a-cba0-4f9b-9e3e-e4a48b3eda51@group-7E32184879DE-SegmentedRaftLog:OPENED:c-1,f-1,i0, conf=-1: [f535bb4a-cba0-4f9b-9e3e-e4a48b3eda51:0.0.0.0:44706, 54aabb14-4a7d-4ab3-adbe-2e67760b87f4:0.0.0.0:43074, c652e2ee-3322-4406-8db6-1ea643cb3197:0.0.0.0:42129], old=null
2019-10-18 11:24:23,819 [f535bb4a-cba0-4f9b-9e3e-e4a48b3eda51@group-7E32184879DE-LeaderElection82] INFO  impl.RaftServerImpl (RaftServerImpl.java:setRole(184)) - f535bb4a-cba0-4f9b-9e3e-e4a48b3eda51@group-7E32184879DE: changes role from CANDIDATE to FOLLOWER at term 98 for DISCOVERED_A_NEW_TERM
2019-10-18 11:24:23,819 [f535bb4a-cba0-4f9b-9e3e-e4a48b3eda51@group-7E32184879DE-LeaderElection82] INFO  impl.RoleInfo (RoleInfo.java:shutdownLeaderElection(134)) - f535bb4a-cba0-4f9b-9e3e-e4a48b3eda51: shutdown LeaderElection
2019-10-18 11:24:23,819 [f535bb4a-cba0-4f9b-9e3e-e4a48b3eda51@group-7E32184879DE-LeaderElection82] INFO  impl.RoleInfo (RoleInfo.java:updateAndGet(143)) - f535bb4a-cba0-4f9b-9e3e-e4a48b3eda51: start FollowerState
2019-10-18 11:24:23,961 [Thread-613] INFO  impl.FollowerState (FollowerState.java:run(108)) - f535bb4a-cba0-4f9b-9e3e-e4a48b3eda51@group-7E32184879DE-FollowerState: change to CANDIDATE, lastRpcTime:141ms, electionTimeout:141ms
2019-10-18 11:24:23,962 [Thread-613] INFO  impl.RoleInfo (RoleInfo.java:shutdownFollowerState(121)) - f535bb4a-cba0-4f9b-9e3e-e4a48b3eda51: shutdown FollowerState
2019-10-18 11:24:23,962 [Thread-613] INFO  impl.RaftServerImpl (RaftServerImpl.java:setRole(184)) - f535bb4a-cba0-4f9b-9e3e-e4a48b3eda51@group-7E32184879DE: changes role from  FOLLOWER to CANDIDATE at term 98 for changeToCandidate
2019-10-18 11:24:23,962 [Thread-613] INFO  impl.RoleInfo (RoleInfo.java:updateAndGet(143)) - f535bb4a-cba0-4f9b-9e3e-e4a48b3eda51: start LeaderElection
2019-10-18 11:24:23,994 [f535bb4a-cba0-4f9b-9e3e-e4a48b3eda51@group-7E32184879DE-LeaderElection83] INFO  impl.LeaderElection (LeaderElection.java:askForVotes(178)) - f535bb4a-cba0-4f9b-9e3e-e4a48b3eda51@group-7E32184879DE-LeaderElection83: begin an election at term 99 for -1: [f535bb4a-cba0-4f9b-9e3e-e4a48b3eda51:0.0.0.0:44706, 54aabb14-4a7d-4ab3-adbe-2e67760b87f4:0.0.0.0:43074, c652e2ee-3322-4406-8db6-1ea643cb3197:0.0.0.0:42129], old=null
2019-10-18 11:24:23,996 [grpc-default-executor-0] INFO  impl.RaftServerImpl (RaftServerImpl.java:setRole(184)) - 54aabb14-4a7d-4ab3-adbe-2e67760b87f4@group-7E32184879DE: changes role from  FOLLOWER to FOLLOWER at term 99 for recognizeCandidate:f535bb4a-cba0-4f9b-9e3e-e4a48b3eda51
2019-10-18 11:24:23,996 [grpc-default-executor-0] INFO  impl.RoleInfo (RoleInfo.java:shutdownFollowerState(121)) - 54aabb14-4a7d-4ab3-adbe-2e67760b87f4: shutdown FollowerState
2019-10-18 11:24:23,996 [grpc-default-executor-1] INFO  impl.RaftServerImpl (RaftServerImpl.java:setRole(184)) - c652e2ee-3322-4406-8db6-1ea643cb3197@group-7E32184879DE: changes role from  FOLLOWER to FOLLOWER at term 99 for recognizeCandidate:f535bb4a-cba0-4f9b-9e3e-e4a48b3eda51
2019-10-18 11:24:23,996 [Thread-612] INFO  impl.FollowerState (FollowerState.java:run(117)) - 54aabb14-4a7d-4ab3-adbe-2e67760b87f4@group-7E32184879DE-FollowerState was interrupted: java.lang.InterruptedException: sleep interrupted
2019-10-18 11:24:23,996 [grpc-default-executor-0] INFO  impl.RoleInfo (RoleInfo.java:updateAndGet(143)) - 54aabb14-4a7d-4ab3-adbe-2e67760b87f4: start FollowerState
2019-10-18 11:24:23,996 [grpc-default-executor-1] INFO  impl.RoleInfo (RoleInfo.java:shutdownFollowerState(121)) - c652e2ee-3322-4406-8db6-1ea643cb3197: shutdown FollowerState
2019-10-18 11:24:23,997 [grpc-default-executor-1] INFO  impl.RoleInfo (RoleInfo.java:updateAndGet(143)) - c652e2ee-3322-4406-8db6-1ea643cb3197: start FollowerState
2019-10-18 11:24:23,997 [Thread-611] INFO  impl.FollowerState (FollowerState.java:run(117)) - c652e2ee-3322-4406-8db6-1ea643cb3197@group-7E32184879DE-FollowerState was interrupted: java.lang.InterruptedException: sleep interrupted
2019-10-18 11:24:24,020 [f535bb4a-cba0-4f9b-9e3e-e4a48b3eda51@group-7E32184879DE-LeaderElection83] INFO  impl.LeaderElection (LeaderElection.java:logAndReturn(56)) - f535bb4a-cba0-4f9b-9e3e-e4a48b3eda51@group-7E32184879DE-LeaderElection83: Election REJECTED; received 2 response(s) [f535bb4a-cba0-4f9b-9e3e-e4a48b3eda51<-54aabb14-4a7d-4ab3-adbe-2e67760b87f4#0:FAIL-t99, f535bb4a-cba0-4f9b-9e3e-e4a48b3eda51<-c652e2ee-3322-4406-8db6-1ea643cb3197#0:FAIL-t99] and 0 exception(s); f535bb4a-cba0-4f9b-9e3e-e4a48b3eda51@group-7E32184879DE:t99, leader=null, voted=f535bb4a-cba0-4f9b-9e3e-e4a48b3eda51, raftlog=f535bb4a-cba0-4f9b-9e3e-e4a48b3eda51@group-7E32184879DE-SegmentedRaftLog:OPENED:c-1,f-1,i0, conf=-1: [f535bb4a-cba0-4f9b-9e3e-e4a48b3eda51:0.0.0.0:44706, 54aabb14-4a7d-4ab3-adbe-2e67760b87f4:0.0.0.0:43074, c652e2ee-3322-4406-8db6-1ea643cb3197:0.0.0.0:42129], old=null
2019-10-18 11:24:24,020 [f535bb4a-cba0-4f9b-9e3e-e4a48b3eda51@group-7E32184879DE-LeaderElection83] INFO  impl.RaftServerImpl (RaftServerImpl.java:setRole(184)) - f535bb4a-cba0-4f9b-9e3e-e4a48b3eda51@group-7E32184879DE: changes role from CANDIDATE to FOLLOWER at term 99 for DISCOVERED_A_NEW_TERM
2019-10-18 11:24:24,020 [f535bb4a-cba0-4f9b-9e3e-e4a48b3eda51@group-7E32184879DE-LeaderElection83] INFO  impl.RoleInfo (RoleInfo.java:shutdownLeaderElection(134)) - f535bb4a-cba0-4f9b-9e3e-e4a48b3eda51: shutdown LeaderElection
2019-10-18 11:24:24,020 [f535bb4a-cba0-4f9b-9e3e-e4a48b3eda51@group-7E32184879DE-LeaderElection83] INFO  impl.RoleInfo (RoleInfo.java:updateAndGet(143)) - f535bb4a-cba0-4f9b-9e3e-e4a48b3eda51: start FollowerState
2019-10-18 11:24:24,040 [Thread-621] INFO  impl.FollowerState (FollowerState.java:run(108)) - f535bb4a-cba0-4f9b-9e3e-e4a48b3eda51@group-7E32184879DE-FollowerState: change to CANDIDATE, lastRpcTime:19ms, electionTimeout:19ms
2019-10-18 11:24:24,040 [Thread-621] INFO  impl.RoleInfo (RoleInfo.java:shutdownFollowerState(121)) - f535bb4a-cba0-4f9b-9e3e-e4a48b3eda51: shutdown FollowerState
2019-10-18 11:24:24,040 [Thread-621] INFO  impl.RaftServerImpl (RaftServerImpl.java:setRole(184)) - f535bb4a-cba0-4f9b-9e3e-e4a48b3eda51@group-7E32184879DE: changes role from  FOLLOWER to CANDIDATE at term 99 for changeToCandidate
2019-10-18 11:24:24,040 [Thread-621] INFO  impl.RoleInfo (RoleInfo.java:updateAndGet(143)) - f535bb4a-cba0-4f9b-9e3e-e4a48b3eda51: start LeaderElection
2019-10-18 11:24:24,069 [f535bb4a-cba0-4f9b-9e3e-e4a48b3eda51@group-7E32184879DE-LeaderElection84] INFO  impl.LeaderElection (LeaderElection.java:askForVotes(178)) - f535bb4a-cba0-4f9b-9e3e-e4a48b3eda51@group-7E32184879DE-LeaderElection84: begin an election at term 100 for -1: [f535bb4a-cba0-4f9b-9e3e-e4a48b3eda51:0.0.0.0:44706, 54aabb14-4a7d-4ab3-adbe-2e67760b87f4:0.0.0.0:43074, c652e2ee-3322-4406-8db6-1ea643cb3197:0.0.0.0:42129], old=null
2019-10-18 11:24:24,071 [grpc-default-executor-0] INFO  impl.RaftServerImpl (RaftServerImpl.java:setRole(184)) - 54aabb14-4a7d-4ab3-adbe-2e67760b87f4@group-7E32184879DE: changes role from  FOLLOWER to FOLLOWER at term 100 for recognizeCandidate:f535bb4a-cba0-4f9b-9e3e-e4a48b3eda51
2019-10-18 11:24:24,072 [grpc-default-executor-0] INFO  impl.RoleInfo (RoleInfo.java:shutdownFollowerState(121)) - 54aabb14-4a7d-4ab3-adbe-2e67760b87f4: shutdown FollowerState
2019-10-18 11:24:24,072 [grpc-default-executor-0] INFO  impl.RoleInfo (RoleInfo.java:updateAndGet(143)) - 54aabb14-4a7d-4ab3-adbe-2e67760b87f4: start FollowerState
2019-10-18 11:24:24,072 [Thread-619] INFO  impl.FollowerState (FollowerState.java:run(117)) - 54aabb14-4a7d-4ab3-adbe-2e67760b87f4@group-7E32184879DE-FollowerState was interrupted: java.lang.InterruptedException: sleep interrupted
2019-10-18 11:24:24,072 [grpc-default-executor-1] INFO  impl.RaftServerImpl (RaftServerImpl.java:setRole(184)) - c652e2ee-3322-4406-8db6-1ea643cb3197@group-7E32184879DE: changes role from  FOLLOWER to FOLLOWER at term 100 for recognizeCandidate:f535bb4a-cba0-4f9b-9e3e-e4a48b3eda51
2019-10-18 11:24:24,072 [grpc-default-executor-1] INFO  impl.RoleInfo (RoleInfo.java:shutdownFollowerState(121)) - c652e2ee-3322-4406-8db6-1ea643cb3197: shutdown FollowerState
2019-10-18 11:24:24,072 [grpc-default-executor-1] INFO  impl.RoleInfo (RoleInfo.java:updateAndGet(143)) - c652e2ee-3322-4406-8db6-1ea643cb3197: start FollowerState
2019-10-18 11:24:24,072 [Thread-620] INFO  impl.FollowerState (FollowerState.java:run(117)) - c652e2ee-3322-4406-8db6-1ea643cb3197@group-7E32184879DE-FollowerState was interrupted: java.lang.InterruptedException: sleep interrupted
2019-10-18 11:24:24,089 [f535bb4a-cba0-4f9b-9e3e-e4a48b3eda51@group-7E32184879DE-LeaderElection84] INFO  impl.LeaderElection (LeaderElection.java:logAndReturn(56)) - f535bb4a-cba0-4f9b-9e3e-e4a48b3eda51@group-7E32184879DE-LeaderElection84: Election TIMEOUT; received 0 response(s) [] and 0 exception(s); f535bb4a-cba0-4f9b-9e3e-e4a48b3eda51@group-7E32184879DE:t100, leader=null, voted=f535bb4a-cba0-4f9b-9e3e-e4a48b3eda51, raftlog=f535bb4a-cba0-4f9b-9e3e-e4a48b3eda51@group-7E32184879DE-SegmentedRaftLog:OPENED:c-1,f-1,i0, conf=-1: [f535bb4a-cba0-4f9b-9e3e-e4a48b3eda51:0.0.0.0:44706, 54aabb14-4a7d-4ab3-adbe-2e67760b87f4:0.0.0.0:43074, c652e2ee-3322-4406-8db6-1ea643cb3197:0.0.0.0:42129], old=null
2019-10-18 11:24:24,112 [f535bb4a-cba0-4f9b-9e3e-e4a48b3eda51@group-7E32184879DE-LeaderElection84] INFO  impl.LeaderElection (LeaderElection.java:askForVotes(178)) - f535bb4a-cba0-4f9b-9e3e-e4a48b3eda51@group-7E32184879DE-LeaderElection84: begin an election at term 101 for -1: [f535bb4a-cba0-4f9b-9e3e-e4a48b3eda51:0.0.0.0:44706, 54aabb14-4a7d-4ab3-adbe-2e67760b87f4:0.0.0.0:43074, c652e2ee-3322-4406-8db6-1ea643cb3197:0.0.0.0:42129], old=null
2019-10-18 11:24:24,113 [grpc-default-executor-0] INFO  impl.RaftServerImpl (RaftServerImpl.java:setRole(184)) - 54aabb14-4a7d-4ab3-adbe-2e67760b87f4@group-7E32184879DE: changes role from  FOLLOWER to FOLLOWER at term 101 for recognizeCandidate:f535bb4a-cba0-4f9b-9e3e-e4a48b3eda51
2019-10-18 11:24:24,113 [grpc-default-executor-0] INFO  impl.RoleInfo (RoleInfo.java:shutdownFollowerState(121)) - 54aabb14-4a7d-4ab3-adbe-2e67760b87f4: shutdown FollowerState
2019-10-18 11:24:24,114 [grpc-default-executor-0] INFO  impl.RoleInfo (RoleInfo.java:updateAndGet(143)) - 54aabb14-4a7d-4ab3-adbe-2e67760b87f4: start FollowerState
2019-10-18 11:24:24,114 [grpc-default-executor-1] INFO  impl.RaftServerImpl (RaftServerImpl.java:setRole(184)) - c652e2ee-3322-4406-8db6-1ea643cb3197@group-7E32184879DE: changes role from  FOLLOWER to FOLLOWER at term 101 for recognizeCandidate:f535bb4a-cba0-4f9b-9e3e-e4a48b3eda51
2019-10-18 11:24:24,114 [Thread-625] INFO  impl.FollowerState (FollowerState.java:run(117)) - 54aabb14-4a7d-4ab3-adbe-2e67760b87f4@group-7E32184879DE-FollowerState was interrupted: java.lang.InterruptedException: sleep interrupted
2019-10-18 11:24:24,114 [grpc-default-executor-1] INFO  impl.RoleInfo (RoleInfo.java:shutdownFollowerState(121)) - c652e2ee-3322-4406-8db6-1ea643cb3197: shutdown FollowerState
2019-10-18 11:24:24,114 [grpc-default-executor-1] INFO  impl.RoleInfo (RoleInfo.java:updateAndGet(143)) - c652e2ee-3322-4406-8db6-1ea643cb3197: start FollowerState
2019-10-18 11:24:24,114 [Thread-626] INFO  impl.FollowerState (FollowerState.java:run(117)) - c652e2ee-3322-4406-8db6-1ea643cb3197@group-7E32184879DE-FollowerState was interrupted: java.lang.InterruptedException: sleep interrupted
2019-10-18 11:24:24,129 [f535bb4a-cba0-4f9b-9e3e-e4a48b3eda51@group-7E32184879DE-LeaderElection84] INFO  impl.LeaderElection (LeaderElection.java:logAndReturn(56)) - f535bb4a-cba0-4f9b-9e3e-e4a48b3eda51@group-7E32184879DE-LeaderElection84: Election TIMEOUT; received 0 response(s) [] and 0 exception(s); f535bb4a-cba0-4f9b-9e3e-e4a48b3eda51@group-7E32184879DE:t101, leader=null, voted=f535bb4a-cba0-4f9b-9e3e-e4a48b3eda51, raftlog=f535bb4a-cba0-4f9b-9e3e-e4a48b3eda51@group-7E32184879DE-SegmentedRaftLog:OPENED:c-1,f-1,i0, conf=-1: [f535bb4a-cba0-4f9b-9e3e-e4a48b3eda51:0.0.0.0:44706, 54aabb14-4a7d-4ab3-adbe-2e67760b87f4:0.0.0.0:43074, c652e2ee-3322-4406-8db6-1ea643cb3197:0.0.0.0:42129], old=null
2019-10-18 11:24:24,154 [f535bb4a-cba0-4f9b-9e3e-e4a48b3eda51@group-7E32184879DE-LeaderElection84] INFO  impl.LeaderElection (LeaderElection.java:askForVotes(178)) - f535bb4a-cba0-4f9b-9e3e-e4a48b3eda51@group-7E32184879DE-LeaderElection84: begin an election at term 102 for -1: [f535bb4a-cba0-4f9b-9e3e-e4a48b3eda51:0.0.0.0:44706, 54aabb14-4a7d-4ab3-adbe-2e67760b87f4:0.0.0.0:43074, c652e2ee-3322-4406-8db6-1ea643cb3197:0.0.0.0:42129], old=null
2019-10-18 11:24:24,156 [grpc-default-executor-0] INFO  impl.RaftServerImpl (RaftServerImpl.java:setRole(184)) - 54aabb14-4a7d-4ab3-adbe-2e67760b87f4@group-7E32184879DE: changes role from  FOLLOWER to FOLLOWER at term 102 for recognizeCandidate:f535bb4a-cba0-4f9b-9e3e-e4a48b3eda51
2019-10-18 11:24:24,156 [grpc-default-executor-0] INFO  impl.RoleInfo (RoleInfo.java:shutdownFollowerState(121)) - 54aabb14-4a7d-4ab3-adbe-2e67760b87f4: shutdown FollowerState
2019-10-18 11:24:24,156 [grpc-default-executor-1] INFO  impl.RaftServerImpl (RaftServerImpl.java:setRole(184)) - c652e2ee-3322-4406-8db6-1ea643cb3197@group-7E32184879DE: changes role from  FOLLOWER to FOLLOWER at term 102 for recognizeCandidate:f535bb4a-cba0-4f9b-9e3e-e4a48b3eda51
2019-10-18 11:24:24,156 [Thread-629] INFO  impl.FollowerState (FollowerState.java:run(117)) - 54aabb14-4a7d-4ab3-adbe-2e67760b87f4@group-7E32184879DE-FollowerState was interrupted: java.lang.InterruptedException: sleep interrupted
2019-10-18 11:24:24,156 [grpc-default-executor-0] INFO  impl.RoleInfo (RoleInfo.java:updateAndGet(143)) - 54aabb14-4a7d-4ab3-adbe-2e67760b87f4: start FollowerState
2019-10-18 11:24:24,156 [grpc-default-executor-1] INFO  impl.RoleInfo (RoleInfo.java:shutdownFollowerState(121)) - c652e2ee-3322-4406-8db6-1ea643cb3197: shutdown FollowerState
2019-10-18 11:24:24,157 [grpc-default-executor-1] INFO  impl.RoleInfo (RoleInfo.java:updateAndGet(143)) - c652e2ee-3322-4406-8db6-1ea643cb3197: start FollowerState
2019-10-18 11:24:24,157 [Thread-630] INFO  impl.FollowerState (FollowerState.java:run(117)) - c652e2ee-3322-4406-8db6-1ea643cb3197@group-7E32184879DE-FollowerState was interrupted: java.lang.InterruptedException: sleep interrupted
2019-10-18 11:24:24,180 [f535bb4a-cba0-4f9b-9e3e-e4a48b3eda51@group-7E32184879DE-LeaderElection84] INFO  impl.LeaderElection (LeaderElection.java:logAndReturn(56)) - f535bb4a-cba0-4f9b-9e3e-e4a48b3eda51@group-7E32184879DE-LeaderElection84: Election TIMEOUT; received 0 response(s) [] and 0 exception(s); f535bb4a-cba0-4f9b-9e3e-e4a48b3eda51@group-7E32184879DE:t102, leader=null, voted=f535bb4a-cba0-4f9b-9e3e-e4a48b3eda51, raftlog=f535bb4a-cba0-4f9b-9e3e-e4a48b3eda51@group-7E32184879DE-SegmentedRaftLog:OPENED:c-1,f-1,i0, conf=-1: [f535bb4a-cba0-4f9b-9e3e-e4a48b3eda51:0.0.0.0:44706, 54aabb14-4a7d-4ab3-adbe-2e67760b87f4:0.0.0.0:43074, c652e2ee-3322-4406-8db6-1ea643cb3197:0.0.0.0:42129], old=null
2019-10-18 11:24:24,206 [f535bb4a-cba0-4f9b-9e3e-e4a48b3eda51@group-7E32184879DE-LeaderElection84] INFO  impl.LeaderElection (LeaderElection.java:askForVotes(178)) - f535bb4a-cba0-4f9b-9e3e-e4a48b3eda51@group-7E32184879DE-LeaderElection84: begin an election at term 103 for -1: [f535bb4a-cba0-4f9b-9e3e-e4a48b3eda51:0.0.0.0:44706, 54aabb14-4a7d-4ab3-adbe-2e67760b87f4:0.0.0.0:43074, c652e2ee-3322-4406-8db6-1ea643cb3197:0.0.0.0:42129], old=null
2019-10-18 11:24:24,208 [grpc-default-executor-0] INFO  impl.RaftServerImpl (RaftServerImpl.java:setRole(184)) - c652e2ee-3322-4406-8db6-1ea643cb3197@group-7E32184879DE: changes role from  FOLLOWER to FOLLOWER at term 103 for recognizeCandidate:f535bb4a-cba0-4f9b-9e3e-e4a48b3eda51
2019-10-18 11:24:24,208 [grpc-default-executor-1] INFO  impl.RaftServerImpl (RaftServerImpl.java:setRole(184)) - 54aabb14-4a7d-4ab3-adbe-2e67760b87f4@group-7E32184879DE: changes role from  FOLLOWER to FOLLOWER at term 103 for recognizeCandidate:f535bb4a-cba0-4f9b-9e3e-e4a48b3eda51
2019-10-18 11:24:24,208 [grpc-default-executor-0] INFO  impl.RoleInfo (RoleInfo.java:shutdownFollowerState(121)) - c652e2ee-3322-4406-8db6-1ea643cb3197: shutdown FollowerState
2019-10-18 11:24:24,209 [grpc-default-executor-1] INFO  impl.RoleInfo (RoleInfo.java:shutdownFollowerState(121)) - 54aabb14-4a7d-4ab3-adbe-2e67760b87f4: shutdown FollowerState
2019-10-18 11:24:24,209 [Thread-634] INFO  impl.FollowerState (FollowerState.java:run(117)) - c652e2ee-3322-4406-8db6-1ea643cb3197@group-7E32184879DE-FollowerState was interrupted: java.lang.InterruptedException: sleep interrupted
2019-10-18 11:24:24,209 [grpc-default-executor-0] INFO  impl.RoleInfo (RoleInfo.java:updateAndGet(143)) - c652e2ee-3322-4406-8db6-1ea643cb3197: start FollowerState
2019-10-18 11:24:24,209 [Thread-633] INFO  impl.FollowerState (FollowerState.java:run(117)) - 54aabb14-4a7d-4ab3-adbe-2e67760b87f4@group-7E32184879DE-FollowerState was interrupted: java.lang.InterruptedException: sleep interrupted
2019-10-18 11:24:24,209 [grpc-default-executor-1] INFO  impl.RoleInfo (RoleInfo.java:updateAndGet(143)) - 54aabb14-4a7d-4ab3-adbe-2e67760b87f4: start FollowerState
2019-10-18 11:24:24,232 [f535bb4a-cba0-4f9b-9e3e-e4a48b3eda51@group-7E32184879DE-LeaderElection84] INFO  impl.LeaderElection (LeaderElection.java:logAndReturn(56)) - f535bb4a-cba0-4f9b-9e3e-e4a48b3eda51@group-7E32184879DE-LeaderElection84: Election REJECTED; received 2 response(s) [f535bb4a-cba0-4f9b-9e3e-e4a48b3eda51<-54aabb14-4a7d-4ab3-adbe-2e67760b87f4#0:FAIL-t103, f535bb4a-cba0-4f9b-9e3e-e4a48b3eda51<-c652e2ee-3322-4406-8db6-1ea643cb3197#0:FAIL-t103] and 0 exception(s); f535bb4a-cba0-4f9b-9e3e-e4a48b3eda51@group-7E32184879DE:t103, leader=null, voted=f535bb4a-cba0-4f9b-9e3e-e4a48b3eda51, raftlog=f535bb4a-cba0-4f9b-9e3e-e4a48b3eda51@group-7E32184879DE-SegmentedRaftLog:OPENED:c-1,f-1,i0, conf=-1: [f535bb4a-cba0-4f9b-9e3e-e4a48b3eda51:0.0.0.0:44706, 54aabb14-4a7d-4ab3-adbe-2e67760b87f4:0.0.0.0:43074, c652e2ee-3322-4406-8db6-1ea643cb3197:0.0.0.0:42129], old=null
2019-10-18 11:24:24,232 [f535bb4a-cba0-4f9b-9e3e-e4a48b3eda51@group-7E32184879DE-LeaderElection84] INFO  impl.RaftServerImpl (RaftServerImpl.java:setRole(184)) - f535bb4a-cba0-4f9b-9e3e-e4a48b3eda51@group-7E32184879DE: changes role from CANDIDATE to FOLLOWER at term 103 for DISCOVERED_A_NEW_TERM
2019-10-18 11:24:24,232 [f535bb4a-cba0-4f9b-9e3e-e4a48b3eda51@group-7E32184879DE-LeaderElection84] INFO  impl.RoleInfo (RoleInfo.java:shutdownLeaderElection(134)) - f535bb4a-cba0-4f9b-9e3e-e4a48b3eda51: shutdown LeaderElection
2019-10-18 11:24:24,232 [f535bb4a-cba0-4f9b-9e3e-e4a48b3eda51@group-7E32184879DE-LeaderElection84] INFO  impl.RoleInfo (RoleInfo.java:updateAndGet(143)) - f535bb4a-cba0-4f9b-9e3e-e4a48b3eda51: start FollowerState
2019-10-18 11:24:24,370 [Thread-639] INFO  impl.FollowerState (FollowerState.java:run(108)) - f535bb4a-cba0-4f9b-9e3e-e4a48b3eda51@group-7E32184879DE-FollowerState: change to CANDIDATE, lastRpcTime:137ms, electionTimeout:137ms
2019-10-18 11:24:24,370 [Thread-639] INFO  impl.RoleInfo (RoleInfo.java:shutdownFollowerState(121)) - f535bb4a-cba0-4f9b-9e3e-e4a48b3eda51: shutdown FollowerState
2019-10-18 11:24:24,370 [Thread-639] INFO  impl.RaftServerImpl (RaftServerImpl.java:setRole(184)) - f535bb4a-cba0-4f9b-9e3e-e4a48b3eda51@group-7E32184879DE: changes role from  FOLLOWER to CANDIDATE at term 103 for changeToCandidate
2019-10-18 11:24:24,370 [Thread-639] INFO  impl.RoleInfo (RoleInfo.java:updateAndGet(143)) - f535bb4a-cba0-4f9b-9e3e-e4a48b3eda51: start LeaderElection
2019-10-18 11:24:24,398 [f535bb4a-cba0-4f9b-9e3e-e4a48b3eda51@group-7E32184879DE-LeaderElection85] INFO  impl.LeaderElection (LeaderElection.java:askForVotes(178)) - f535bb4a-cba0-4f9b-9e3e-e4a48b3eda51@group-7E32184879DE-LeaderElection85: begin an election at term 104 for -1: [f535bb4a-cba0-4f9b-9e3e-e4a48b3eda51:0.0.0.0:44706, 54aabb14-4a7d-4ab3-adbe-2e67760b87f4:0.0.0.0:43074, c652e2ee-3322-4406-8db6-1ea643cb3197:0.0.0.0:42129], old=null
2019-10-18 11:24:24,401 [grpc-default-executor-1] INFO  impl.RaftServerImpl (RaftServerImpl.java:setRole(184)) - 54aabb14-4a7d-4ab3-adbe-2e67760b87f4@group-7E32184879DE: changes role from  FOLLOWER to FOLLOWER at term 104 for recognizeCandidate:f535bb4a-cba0-4f9b-9e3e-e4a48b3eda51
2019-10-18 11:24:24,401 [grpc-default-executor-0] INFO  impl.RaftServerImpl (RaftServerImpl.java:setRole(184)) - c652e2ee-3322-4406-8db6-1ea643cb3197@group-7E32184879DE: changes role from  FOLLOWER to FOLLOWER at term 104 for recognizeCandidate:f535bb4a-cba0-4f9b-9e3e-e4a48b3eda51
2019-10-18 11:24:24,401 [grpc-default-executor-1] INFO  impl.RoleInfo (RoleInfo.java:shutdownFollowerState(121)) - 54aabb14-4a7d-4ab3-adbe-2e67760b87f4: shutdown FollowerState
2019-10-18 11:24:24,401 [grpc-default-executor-0] INFO  impl.RoleInfo (RoleInfo.java:shutdownFollowerState(121)) - c652e2ee-3322-4406-8db6-1ea643cb3197: shutdown FollowerState
2019-10-18 11:24:24,401 [Thread-638] INFO  impl.FollowerState (FollowerState.java:run(117)) - 54aabb14-4a7d-4ab3-adbe-2e67760b87f4@group-7E32184879DE-FollowerState was interrupted: java.lang.InterruptedException: sleep interrupted
2019-10-18 11:24:24,401 [Thread-637] INFO  impl.FollowerState (FollowerState.java:run(117)) - c652e2ee-3322-4406-8db6-1ea643cb3197@group-7E32184879DE-FollowerState was interrupted: java.lang.InterruptedException: sleep interrupted
2019-10-18 11:24:24,401 [grpc-default-executor-1] INFO  impl.RoleInfo (RoleInfo.java:updateAndGet(143)) - 54aabb14-4a7d-4ab3-adbe-2e67760b87f4: start FollowerState
2019-10-18 11:24:24,401 [grpc-default-executor-0] INFO  impl.RoleInfo (RoleInfo.java:updateAndGet(143)) - c652e2ee-3322-4406-8db6-1ea643cb3197: start FollowerState
2019-10-18 11:24:24,424 [f535bb4a-cba0-4f9b-9e3e-e4a48b3eda51@group-7E32184879DE-LeaderElection85] INFO  impl.LeaderElection (LeaderElection.java:logAndReturn(56)) - f535bb4a-cba0-4f9b-9e3e-e4a48b3eda51@group-7E32184879DE-LeaderElection85: Election REJECTED; received 2 response(s) [f535bb4a-cba0-4f9b-9e3e-e4a48b3eda51<-54aabb14-4a7d-4ab3-adbe-2e67760b87f4#0:FAIL-t104, f535bb4a-cba0-4f9b-9e3e-e4a48b3eda51<-c652e2ee-3322-4406-8db6-1ea643cb3197#0:FAIL-t104] and 0 exception(s); f535bb4a-cba0-4f9b-9e3e-e4a48b3eda51@group-7E32184879DE:t104, leader=null, voted=f535bb4a-cba0-4f9b-9e3e-e4a48b3eda51, raftlog=f535bb4a-cba0-4f9b-9e3e-e4a48b3eda51@group-7E32184879DE-SegmentedRaftLog:OPENED:c-1,f-1,i0, conf=-1: [f535bb4a-cba0-4f9b-9e3e-e4a48b3eda51:0.0.0.0:44706, 54aabb14-4a7d-4ab3-adbe-2e67760b87f4:0.0.0.0:43074, c652e2ee-3322-4406-8db6-1ea643cb3197:0.0.0.0:42129], old=null
2019-10-18 11:24:24,425 [f535bb4a-cba0-4f9b-9e3e-e4a48b3eda51@group-7E32184879DE-LeaderElection85] INFO  impl.RaftServerImpl (RaftServerImpl.java:setRole(184)) - f535bb4a-cba0-4f9b-9e3e-e4a48b3eda51@group-7E32184879DE: changes role from CANDIDATE to FOLLOWER at term 104 for DISCOVERED_A_NEW_TERM
2019-10-18 11:24:24,425 [f535bb4a-cba0-4f9b-9e3e-e4a48b3eda51@group-7E32184879DE-LeaderElection85] INFO  impl.RoleInfo (RoleInfo.java:shutdownLeaderElection(134)) - f535bb4a-cba0-4f9b-9e3e-e4a48b3eda51: shutdown LeaderElection
2019-10-18 11:24:24,425 [f535bb4a-cba0-4f9b-9e3e-e4a48b3eda51@group-7E32184879DE-LeaderElection85] INFO  impl.RoleInfo (RoleInfo.java:updateAndGet(143)) - f535bb4a-cba0-4f9b-9e3e-e4a48b3eda51: start FollowerState
2019-10-18 11:24:24,558 [Thread-645] INFO  impl.FollowerState (FollowerState.java:run(108)) - f535bb4a-cba0-4f9b-9e3e-e4a48b3eda51@group-7E32184879DE-FollowerState: change to CANDIDATE, lastRpcTime:133ms, electionTimeout:133ms
2019-10-18 11:24:24,559 [Thread-645] INFO  impl.RoleInfo (RoleInfo.java:shutdownFollowerState(121)) - f535bb4a-cba0-4f9b-9e3e-e4a48b3eda51: shutdown FollowerState
2019-10-18 11:24:24,559 [Thread-645] INFO  impl.RaftServerImpl (RaftServerImpl.java:setRole(184)) - f535bb4a-cba0-4f9b-9e3e-e4a48b3eda51@group-7E32184879DE: changes role from  FOLLOWER to CANDIDATE at term 104 for changeToCandidate
2019-10-18 11:24:24,559 [Thread-645] INFO  impl.RoleInfo (RoleInfo.java:updateAndGet(143)) - f535bb4a-cba0-4f9b-9e3e-e4a48b3eda51: start LeaderElection
2019-10-18 11:24:24,582 [f535bb4a-cba0-4f9b-9e3e-e4a48b3eda51@group-7E32184879DE-LeaderElection86] INFO  impl.LeaderElection (LeaderElection.java:askForVotes(178)) - f535bb4a-cba0-4f9b-9e3e-e4a48b3eda51@group-7E32184879DE-LeaderElection86: begin an election at term 105 for -1: [f535bb4a-cba0-4f9b-9e3e-e4a48b3eda51:0.0.0.0:44706, 54aabb14-4a7d-4ab3-adbe-2e67760b87f4:0.0.0.0:43074, c652e2ee-3322-4406-8db6-1ea643cb3197:0.0.0.0:42129], old=null
2019-10-18 11:24:24,585 [grpc-default-executor-1] INFO  impl.RaftServerImpl (RaftServerImpl.java:setRole(184)) - 54aabb14-4a7d-4ab3-adbe-2e67760b87f4@group-7E32184879DE: changes role from  FOLLOWER to FOLLOWER at term 105 for recognizeCandidate:f535bb4a-cba0-4f9b-9e3e-e4a48b3eda51
2019-10-18 11:24:24,585 [grpc-default-executor-1] INFO  impl.RoleInfo (RoleInfo.java:shutdownFollowerState(121)) - 54aabb14-4a7d-4ab3-adbe-2e67760b87f4: shutdown FollowerState
2019-10-18 11:24:24,585 [grpc-default-executor-1] INFO  impl.RoleInfo (RoleInfo.java:updateAndGet(143)) - 54aabb14-4a7d-4ab3-adbe-2e67760b87f4: start FollowerState
2019-10-18 11:24:24,585 [Thread-643] INFO  impl.FollowerState (FollowerState.java:run(117)) - 54aabb14-4a7d-4ab3-adbe-2e67760b87f4@group-7E32184879DE-FollowerState was interrupted: java.lang.InterruptedException: sleep interrupted
2019-10-18 11:24:24,585 [grpc-default-executor-0] INFO  impl.RaftServerImpl (RaftServerImpl.java:setRole(184)) - c652e2ee-3322-4406-8db6-1ea643cb3197@group-7E32184879DE: changes role from  FOLLOWER to FOLLOWER at term 105 for recognizeCandidate:f535bb4a-cba0-4f9b-9e3e-e4a48b3eda51
2019-10-18 11:24:24,585 [grpc-default-executor-0] INFO  impl.RoleInfo (RoleInfo.java:shutdownFollowerState(121)) - c652e2ee-3322-4406-8db6-1ea643cb3197: shutdown FollowerState
2019-10-18 11:24:24,585 [grpc-default-executor-0] INFO  impl.RoleInfo (RoleInfo.java:updateAndGet(143)) - c652e2ee-3322-4406-8db6-1ea643cb3197: start FollowerState
2019-10-18 11:24:24,585 [Thread-644] INFO  impl.FollowerState (FollowerState.java:run(117)) - c652e2ee-3322-4406-8db6-1ea643cb3197@group-7E32184879DE-FollowerState was interrupted: java.lang.InterruptedException: sleep interrupted
2019-10-18 11:24:24,600 [f535bb4a-cba0-4f9b-9e3e-e4a48b3eda51@group-7E32184879DE-LeaderElection86] INFO  impl.LeaderElection (LeaderElection.java:logAndReturn(56)) - f535bb4a-cba0-4f9b-9e3e-e4a48b3eda51@group-7E32184879DE-LeaderElection86: Election REJECTED; received 2 response(s) [f535bb4a-cba0-4f9b-9e3e-e4a48b3eda51<-54aabb14-4a7d-4ab3-adbe-2e67760b87f4#0:FAIL-t105, f535bb4a-cba0-4f9b-9e3e-e4a48b3eda51<-c652e2ee-3322-4406-8db6-1ea643cb3197#0:FAIL-t105] and 0 exception(s); f535bb4a-cba0-4f9b-9e3e-e4a48b3eda51@group-7E32184879DE:t105, leader=null, voted=f535bb4a-cba0-4f9b-9e3e-e4a48b3eda51, raftlog=f535bb4a-cba0-4f9b-9e3e-e4a48b3eda51@group-7E32184879DE-SegmentedRaftLog:OPENED:c-1,f-1,i0, conf=-1: [f535bb4a-cba0-4f9b-9e3e-e4a48b3eda51:0.0.0.0:44706, 54aabb14-4a7d-4ab3-adbe-2e67760b87f4:0.0.0.0:43074, c652e2ee-3322-4406-8db6-1ea643cb3197:0.0.0.0:42129], old=null
2019-10-18 11:24:24,600 [f535bb4a-cba0-4f9b-9e3e-e4a48b3eda51@group-7E32184879DE-LeaderElection86] INFO  impl.RaftServerImpl (RaftServerImpl.java:setRole(184)) - f535bb4a-cba0-4f9b-9e3e-e4a48b3eda51@group-7E32184879DE: changes role from CANDIDATE to FOLLOWER at term 105 for DISCOVERED_A_NEW_TERM
2019-10-18 11:24:24,601 [f535bb4a-cba0-4f9b-9e3e-e4a48b3eda51@group-7E32184879DE-LeaderElection86] INFO  impl.RoleInfo (RoleInfo.java:shutdownLeaderElection(134)) - f535bb4a-cba0-4f9b-9e3e-e4a48b3eda51: shutdown LeaderElection
2019-10-18 11:24:24,601 [f535bb4a-cba0-4f9b-9e3e-e4a48b3eda51@group-7E32184879DE-LeaderElection86] INFO  impl.RoleInfo (RoleInfo.java:updateAndGet(143)) - f535bb4a-cba0-4f9b-9e3e-e4a48b3eda51: start FollowerState
2019-10-18 11:24:24,617 [Thread-651] INFO  impl.FollowerState (FollowerState.java:run(108)) - f535bb4a-cba0-4f9b-9e3e-e4a48b3eda51@group-7E32184879DE-FollowerState: change to CANDIDATE, lastRpcTime:16ms, electionTimeout:16ms
2019-10-18 11:24:24,617 [Thread-651] INFO  impl.RoleInfo (RoleInfo.java:shutdownFollowerState(121)) - f535bb4a-cba0-4f9b-9e3e-e4a48b3eda51: shutdown FollowerState
2019-10-18 11:24:24,617 [Thread-651] INFO  impl.RaftServerImpl (RaftServerImpl.java:setRole(184)) - f535bb4a-cba0-4f9b-9e3e-e4a48b3eda51@group-7E32184879DE: changes role from  FOLLOWER to CANDIDATE at term 105 for changeToCandidate
2019-10-18 11:24:24,617 [Thread-651] INFO  impl.RoleInfo (RoleInfo.java:updateAndGet(143)) - f535bb4a-cba0-4f9b-9e3e-e4a48b3eda51: start LeaderElection
2019-10-18 11:24:24,641 [f535bb4a-cba0-4f9b-9e3e-e4a48b3eda51@group-7E32184879DE-LeaderElection87] INFO  impl.LeaderElection (LeaderElection.java:askForVotes(178)) - f535bb4a-cba0-4f9b-9e3e-e4a48b3eda51@group-7E32184879DE-LeaderElection87: begin an election at term 106 for -1: [f535bb4a-cba0-4f9b-9e3e-e4a48b3eda51:0.0.0.0:44706, 54aabb14-4a7d-4ab3-adbe-2e67760b87f4:0.0.0.0:43074, c652e2ee-3322-4406-8db6-1ea643cb3197:0.0.0.0:42129], old=null
2019-10-18 11:24:24,643 [grpc-default-executor-0] INFO  impl.RaftServerImpl (RaftServerImpl.java:setRole(184)) - 54aabb14-4a7d-4ab3-adbe-2e67760b87f4@group-7E32184879DE: changes role from  FOLLOWER to FOLLOWER at term 106 for recognizeCandidate:f535bb4a-cba0-4f9b-9e3e-e4a48b3eda51
2019-10-18 11:24:24,644 [grpc-default-executor-1] INFO  impl.RaftServerImpl (RaftServerImpl.java:setRole(184)) - c652e2ee-3322-4406-8db6-1ea643cb3197@group-7E32184879DE: changes role from  FOLLOWER to FOLLOWER at term 106 for recognizeCandidate:f535bb4a-cba0-4f9b-9e3e-e4a48b3eda51
2019-10-18 11:24:24,644 [grpc-default-executor-0] INFO  impl.RoleInfo (RoleInfo.java:shutdownFollowerState(121)) - 54aabb14-4a7d-4ab3-adbe-2e67760b87f4: shutdown FollowerState
2019-10-18 11:24:24,644 [grpc-default-executor-1] INFO  impl.RoleInfo (RoleInfo.java:shutdownFollowerState(121)) - c652e2ee-3322-4406-8db6-1ea643cb3197: shutdown FollowerState
2019-10-18 11:24:24,644 [Thread-649] INFO  impl.FollowerState (FollowerState.java:run(117)) - 54aabb14-4a7d-4ab3-adbe-2e67760b87f4@group-7E32184879DE-FollowerState was interrupted: java.lang.InterruptedException: sleep interrupted
2019-10-18 11:24:24,644 [Thread-650] INFO  impl.FollowerState (FollowerState.java:run(117)) - c652e2ee-3322-4406-8db6-1ea643cb3197@group-7E32184879DE-FollowerState was interrupted: java.lang.InterruptedException: sleep interrupted
2019-10-18 11:24:24,644 [grpc-default-executor-0] INFO  impl.RoleInfo (RoleInfo.java:updateAndGet(143)) - 54aabb14-4a7d-4ab3-adbe-2e67760b87f4: start FollowerState
2019-10-18 11:24:24,644 [grpc-default-executor-1] INFO  impl.RoleInfo (RoleInfo.java:updateAndGet(143)) - c652e2ee-3322-4406-8db6-1ea643cb3197: start FollowerState
2019-10-18 11:24:24,668 [f535bb4a-cba0-4f9b-9e3e-e4a48b3eda51@group-7E32184879DE-LeaderElection87] INFO  impl.LeaderElection (LeaderElection.java:logAndReturn(56)) - f535bb4a-cba0-4f9b-9e3e-e4a48b3eda51@group-7E32184879DE-LeaderElection87: Election REJECTED; received 2 response(s) [f535bb4a-cba0-4f9b-9e3e-e4a48b3eda51<-54aabb14-4a7d-4ab3-adbe-2e67760b87f4#0:FAIL-t106, f535bb4a-cba0-4f9b-9e3e-e4a48b3eda51<-c652e2ee-3322-4406-8db6-1ea643cb3197#0:FAIL-t106] and 0 exception(s); f535bb4a-cba0-4f9b-9e3e-e4a48b3eda51@group-7E32184879DE:t106, leader=null, voted=f535bb4a-cba0-4f9b-9e3e-e4a48b3eda51, raftlog=f535bb4a-cba0-4f9b-9e3e-e4a48b3eda51@group-7E32184879DE-SegmentedRaftLog:OPENED:c-1,f-1,i0, conf=-1: [f535bb4a-cba0-4f9b-9e3e-e4a48b3eda51:0.0.0.0:44706, 54aabb14-4a7d-4ab3-adbe-2e67760b87f4:0.0.0.0:43074, c652e2ee-3322-4406-8db6-1ea643cb3197:0.0.0.0:42129], old=null
2019-10-18 11:24:24,668 [f535bb4a-cba0-4f9b-9e3e-e4a48b3eda51@group-7E32184879DE-LeaderElection87] INFO  impl.RaftServerImpl (RaftServerImpl.java:setRole(184)) - f535bb4a-cba0-4f9b-9e3e-e4a48b3eda51@group-7E32184879DE: changes role from CANDIDATE to FOLLOWER at term 106 for DISCOVERED_A_NEW_TERM
2019-10-18 11:24:24,668 [f535bb4a-cba0-4f9b-9e3e-e4a48b3eda51@group-7E32184879DE-LeaderElection87] INFO  impl.RoleInfo (RoleInfo.java:shutdownLeaderElection(134)) - f535bb4a-cba0-4f9b-9e3e-e4a48b3eda51: shutdown LeaderElection
2019-10-18 11:24:24,668 [f535bb4a-cba0-4f9b-9e3e-e4a48b3eda51@group-7E32184879DE-LeaderElection87] INFO  impl.RoleInfo (RoleInfo.java:updateAndGet(143)) - f535bb4a-cba0-4f9b-9e3e-e4a48b3eda51: start FollowerState
2019-10-18 11:24:24,757 [Thread-657] INFO  impl.FollowerState (FollowerState.java:run(108)) - f535bb4a-cba0-4f9b-9e3e-e4a48b3eda51@group-7E32184879DE-FollowerState: change to CANDIDATE, lastRpcTime:88ms, electionTimeout:88ms
2019-10-18 11:24:24,757 [Thread-657] INFO  impl.RoleInfo (RoleInfo.java:shutdownFollowerState(121)) - f535bb4a-cba0-4f9b-9e3e-e4a48b3eda51: shutdown FollowerState
2019-10-18 11:24:24,757 [Thread-657] INFO  impl.RaftServerImpl (RaftServerImpl.java:setRole(184)) - f535bb4a-cba0-4f9b-9e3e-e4a48b3eda51@group-7E32184879DE: changes role from  FOLLOWER to CANDIDATE at term 106 for changeToCandidate
2019-10-18 11:24:24,757 [Thread-657] INFO  impl.RoleInfo (RoleInfo.java:updateAndGet(143)) - f535bb4a-cba0-4f9b-9e3e-e4a48b3eda51: start LeaderElection
2019-10-18 11:24:24,784 [f535bb4a-cba0-4f9b-9e3e-e4a48b3eda51@group-7E32184879DE-LeaderElection88] INFO  impl.LeaderElection (LeaderElection.java:askForVotes(178)) - f535bb4a-cba0-4f9b-9e3e-e4a48b3eda51@group-7E32184879DE-LeaderElection88: begin an election at term 107 for -1: [f535bb4a-cba0-4f9b-9e3e-e4a48b3eda51:0.0.0.0:44706, 54aabb14-4a7d-4ab3-adbe-2e67760b87f4:0.0.0.0:43074, c652e2ee-3322-4406-8db6-1ea643cb3197:0.0.0.0:42129], old=null
2019-10-18 11:24:24,786 [grpc-default-executor-0] INFO  impl.RaftServerImpl (RaftServerImpl.java:setRole(184)) - 54aabb14-4a7d-4ab3-adbe-2e67760b87f4@group-7E32184879DE: changes role from  FOLLOWER to FOLLOWER at term 107 for recognizeCandidate:f535bb4a-cba0-4f9b-9e3e-e4a48b3eda51
2019-10-18 11:24:24,787 [grpc-default-executor-1] INFO  impl.RaftServerImpl (RaftServerImpl.java:setRole(184)) - c652e2ee-3322-4406-8db6-1ea643cb3197@group-7E32184879DE: changes role from  FOLLOWER to FOLLOWER at term 107 for recognizeCandidate:f535bb4a-cba0-4f9b-9e3e-e4a48b3eda51
2019-10-18 11:24:24,787 [grpc-default-executor-0] INFO  impl.RoleInfo (RoleInfo.java:shutdownFollowerState(121)) - 54aabb14-4a7d-4ab3-adbe-2e67760b87f4: shutdown FollowerState
2019-10-18 11:24:24,787 [grpc-default-executor-1] INFO  impl.RoleInfo (RoleInfo.java:shutdownFollowerState(121)) - c652e2ee-3322-4406-8db6-1ea643cb3197: shutdown FollowerState
2019-10-18 11:24:24,787 [Thread-655] INFO  impl.FollowerState (FollowerState.java:run(117)) - 54aabb14-4a7d-4ab3-adbe-2e67760b87f4@group-7E32184879DE-FollowerState was interrupted: java.lang.InterruptedException: sleep interrupted
2019-10-18 11:24:24,787 [grpc-default-executor-0] INFO  impl.RoleInfo (RoleInfo.java:updateAndGet(143)) - 54aabb14-4a7d-4ab3-adbe-2e67760b87f4: start FollowerState
2019-10-18 11:24:24,787 [Thread-656] INFO  impl.FollowerState (FollowerState.java:run(117)) - c652e2ee-3322-4406-8db6-1ea643cb3197@group-7E32184879DE-FollowerState was interrupted: java.lang.InterruptedException: sleep interrupted
2019-10-18 11:24:24,787 [grpc-default-executor-1] INFO  impl.RoleInfo (RoleInfo.java:updateAndGet(143)) - c652e2ee-3322-4406-8db6-1ea643cb3197: start FollowerState
2019-10-18 11:24:24,810 [f535bb4a-cba0-4f9b-9e3e-e4a48b3eda51@group-7E32184879DE-LeaderElection88] INFO  impl.LeaderElection (LeaderElection.java:logAndReturn(56)) - f535bb4a-cba0-4f9b-9e3e-e4a48b3eda51@group-7E32184879DE-LeaderElection88: Election REJECTED; received 2 response(s) [f535bb4a-cba0-4f9b-9e3e-e4a48b3eda51<-54aabb14-4a7d-4ab3-adbe-2e67760b87f4#0:FAIL-t107, f535bb4a-cba0-4f9b-9e3e-e4a48b3eda51<-c652e2ee-3322-4406-8db6-1ea643cb3197#0:FAIL-t107] and 0 exception(s); f535bb4a-cba0-4f9b-9e3e-e4a48b3eda51@group-7E32184879DE:t107, leader=null, voted=f535bb4a-cba0-4f9b-9e3e-e4a48b3eda51, raftlog=f535bb4a-cba0-4f9b-9e3e-e4a48b3eda51@group-7E32184879DE-SegmentedRaftLog:OPENED:c-1,f-1,i0, conf=-1: [f535bb4a-cba0-4f9b-9e3e-e4a48b3eda51:0.0.0.0:44706, 54aabb14-4a7d-4ab3-adbe-2e67760b87f4:0.0.0.0:43074, c652e2ee-3322-4406-8db6-1ea643cb3197:0.0.0.0:42129], old=null
2019-10-18 11:24:24,810 [f535bb4a-cba0-4f9b-9e3e-e4a48b3eda51@group-7E32184879DE-LeaderElection88] INFO  impl.RaftServerImpl (RaftServerImpl.java:setRole(184)) - f535bb4a-cba0-4f9b-9e3e-e4a48b3eda51@group-7E32184879DE: changes role from CANDIDATE to FOLLOWER at term 107 for DISCOVERED_A_NEW_TERM
2019-10-18 11:24:24,810 [f535bb4a-cba0-4f9b-9e3e-e4a48b3eda51@group-7E32184879DE-LeaderElection88] INFO  impl.RoleInfo (RoleInfo.java:shutdownLeaderElection(134)) - f535bb4a-cba0-4f9b-9e3e-e4a48b3eda51: shutdown LeaderElection
2019-10-18 11:24:24,811 [f535bb4a-cba0-4f9b-9e3e-e4a48b3eda51@group-7E32184879DE-LeaderElection88] INFO  impl.RoleInfo (RoleInfo.java:updateAndGet(143)) - f535bb4a-cba0-4f9b-9e3e-e4a48b3eda51: start FollowerState
2019-10-18 11:24:24,996 [Thread-663] INFO  impl.FollowerState (FollowerState.java:run(108)) - f535bb4a-cba0-4f9b-9e3e-e4a48b3eda51@group-7E32184879DE-FollowerState: change to CANDIDATE, lastRpcTime:185ms, electionTimeout:185ms
2019-10-18 11:24:24,996 [Thread-663] INFO  impl.RoleInfo (RoleInfo.java:shutdownFollowerState(121)) - f535bb4a-cba0-4f9b-9e3e-e4a48b3eda51: shutdown FollowerState
2019-10-18 11:24:24,996 [Thread-663] INFO  impl.RaftServerImpl (RaftServerImpl.java:setRole(184)) - f535bb4a-cba0-4f9b-9e3e-e4a48b3eda51@group-7E32184879DE: changes role from  FOLLOWER to CANDIDATE at term 107 for changeToCandidate
2019-10-18 11:24:24,996 [Thread-663] INFO  impl.RoleInfo (RoleInfo.java:updateAndGet(143)) - f535bb4a-cba0-4f9b-9e3e-e4a48b3eda51: start LeaderElection
2019-10-18 11:24:25,026 [f535bb4a-cba0-4f9b-9e3e-e4a48b3eda51@group-7E32184879DE-LeaderElection89] INFO  impl.LeaderElection (LeaderElection.java:askForVotes(178)) - f535bb4a-cba0-4f9b-9e3e-e4a48b3eda51@group-7E32184879DE-LeaderElection89: begin an election at term 108 for -1: [f535bb4a-cba0-4f9b-9e3e-e4a48b3eda51:0.0.0.0:44706, 54aabb14-4a7d-4ab3-adbe-2e67760b87f4:0.0.0.0:43074, c652e2ee-3322-4406-8db6-1ea643cb3197:0.0.0.0:42129], old=null
2019-10-18 11:24:25,028 [grpc-default-executor-0] INFO  impl.RaftServerImpl (RaftServerImpl.java:setRole(184)) - 54aabb14-4a7d-4ab3-adbe-2e67760b87f4@group-7E32184879DE: changes role from  FOLLOWER to FOLLOWER at term 108 for recognizeCandidate:f535bb4a-cba0-4f9b-9e3e-e4a48b3eda51
2019-10-18 11:24:25,029 [grpc-default-executor-0] INFO  impl.RoleInfo (RoleInfo.java:shutdownFollowerState(121)) - 54aabb14-4a7d-4ab3-adbe-2e67760b87f4: shutdown FollowerState
2019-10-18 11:24:25,029 [grpc-default-executor-0] INFO  impl.RoleInfo (RoleInfo.java:updateAndGet(143)) - 54aabb14-4a7d-4ab3-adbe-2e67760b87f4: start FollowerState
2019-10-18 11:24:25,029 [grpc-default-executor-1] INFO  impl.RaftServerImpl (RaftServerImpl.java:setRole(184)) - c652e2ee-3322-4406-8db6-1ea643cb3197@group-7E32184879DE: changes role from  FOLLOWER to FOLLOWER at term 108 for recognizeCandidate:f535bb4a-cba0-4f9b-9e3e-e4a48b3eda51
2019-10-18 11:24:25,029 [grpc-default-executor-1] INFO  impl.RoleInfo (RoleInfo.java:shutdownFollowerState(121)) - c652e2ee-3322-4406-8db6-1ea643cb3197: shutdown FollowerState
2019-10-18 11:24:25,029 [Thread-661] INFO  impl.FollowerState (FollowerState.java:run(117)) - 54aabb14-4a7d-4ab3-adbe-2e67760b87f4@group-7E32184879DE-FollowerState was interrupted: java.lang.InterruptedException: sleep interrupted
2019-10-18 11:24:25,029 [grpc-default-executor-1] INFO  impl.RoleInfo (RoleInfo.java:updateAndGet(143)) - c652e2ee-3322-4406-8db6-1ea643cb3197: start FollowerState
2019-10-18 11:24:25,029 [Thread-662] INFO  impl.FollowerState (FollowerState.java:run(117)) - c652e2ee-3322-4406-8db6-1ea643cb3197@group-7E32184879DE-FollowerState was interrupted: java.lang.InterruptedException: sleep interrupted
2019-10-18 11:24:25,052 [f535bb4a-cba0-4f9b-9e3e-e4a48b3eda51@group-7E32184879DE-LeaderElection89] INFO  impl.LeaderElection (LeaderElection.java:logAndReturn(56)) - f535bb4a-cba0-4f9b-9e3e-e4a48b3eda51@group-7E32184879DE-LeaderElection89: Election REJECTED; received 2 response(s) [f535bb4a-cba0-4f9b-9e3e-e4a48b3eda51<-54aabb14-4a7d-4ab3-adbe-2e67760b87f4#0:FAIL-t108, f535bb4a-cba0-4f9b-9e3e-e4a48b3eda51<-c652e2ee-3322-4406-8db6-1ea643cb3197#0:FAIL-t108] and 0 exception(s); f535bb4a-cba0-4f9b-9e3e-e4a48b3eda51@group-7E32184879DE:t108, leader=null, voted=f535bb4a-cba0-4f9b-9e3e-e4a48b3eda51, raftlog=f535bb4a-cba0-4f9b-9e3e-e4a48b3eda51@group-7E32184879DE-SegmentedRaftLog:OPENED:c-1,f-1,i0, conf=-1: [f535bb4a-cba0-4f9b-9e3e-e4a48b3eda51:0.0.0.0:44706, 54aabb14-4a7d-4ab3-adbe-2e67760b87f4:0.0.0.0:43074, c652e2ee-3322-4406-8db6-1ea643cb3197:0.0.0.0:42129], old=null
2019-10-18 11:24:25,053 [f535bb4a-cba0-4f9b-9e3e-e4a48b3eda51@group-7E32184879DE-LeaderElection89] INFO  impl.RaftServerImpl (RaftServerImpl.java:setRole(184)) - f535bb4a-cba0-4f9b-9e3e-e4a48b3eda51@group-7E32184879DE: changes role from CANDIDATE to FOLLOWER at term 108 for DISCOVERED_A_NEW_TERM
2019-10-18 11:24:25,053 [f535bb4a-cba0-4f9b-9e3e-e4a48b3eda51@group-7E32184879DE-LeaderElection89] INFO  impl.RoleInfo (RoleInfo.java:shutdownLeaderElection(134)) - f535bb4a-cba0-4f9b-9e3e-e4a48b3eda51: shutdown LeaderElection
2019-10-18 11:24:25,053 [f535bb4a-cba0-4f9b-9e3e-e4a48b3eda51@group-7E32184879DE-LeaderElection89] INFO  impl.RoleInfo (RoleInfo.java:updateAndGet(143)) - f535bb4a-cba0-4f9b-9e3e-e4a48b3eda51: start FollowerState
2019-10-18 11:24:25,136 [Thread-671] INFO  impl.FollowerState (FollowerState.java:run(108)) - f535bb4a-cba0-4f9b-9e3e-e4a48b3eda51@group-7E32184879DE-FollowerState: change to CANDIDATE, lastRpcTime:83ms, electionTimeout:83ms
2019-10-18 11:24:25,137 [Thread-671] INFO  impl.RoleInfo (RoleInfo.java:shutdownFollowerState(121)) - f535bb4a-cba0-4f9b-9e3e-e4a48b3eda51: shutdown FollowerState
2019-10-18 11:24:25,137 [Thread-671] INFO  impl.RaftServerImpl (RaftServerImpl.java:setRole(184)) - f535bb4a-cba0-4f9b-9e3e-e4a48b3eda51@group-7E32184879DE: changes role from  FOLLOWER to CANDIDATE at term 108 for changeToCandidate
2019-10-18 11:24:25,137 [Thread-671] INFO  impl.RoleInfo (RoleInfo.java:updateAndGet(143)) - f535bb4a-cba0-4f9b-9e3e-e4a48b3eda51: start LeaderElection
2019-10-18 11:24:25,160 [f535bb4a-cba0-4f9b-9e3e-e4a48b3eda51@group-7E32184879DE-LeaderElection90] INFO  impl.LeaderElection (LeaderElection.java:askForVotes(178)) - f535bb4a-cba0-4f9b-9e3e-e4a48b3eda51@group-7E32184879DE-LeaderElection90: begin an election at term 109 for -1: [f535bb4a-cba0-4f9b-9e3e-e4a48b3eda51:0.0.0.0:44706, 54aabb14-4a7d-4ab3-adbe-2e67760b87f4:0.0.0.0:43074, c652e2ee-3322-4406-8db6-1ea643cb3197:0.0.0.0:42129], old=null
2019-10-18 11:24:25,162 [grpc-default-executor-1] INFO  impl.RaftServerImpl (RaftServerImpl.java:setRole(184)) - 54aabb14-4a7d-4ab3-adbe-2e67760b87f4@group-7E32184879DE: changes role from  FOLLOWER to FOLLOWER at term 109 for recognizeCandidate:f535bb4a-cba0-4f9b-9e3e-e4a48b3eda51
2019-10-18 11:24:25,162 [grpc-default-executor-1] INFO  impl.RoleInfo (RoleInfo.java:shutdownFollowerState(121)) - 54aabb14-4a7d-4ab3-adbe-2e67760b87f4: shutdown FollowerState
2019-10-18 11:24:25,163 [grpc-default-executor-0] INFO  impl.RaftServerImpl (RaftServerImpl.java:setRole(184)) - c652e2ee-3322-4406-8db6-1ea643cb3197@group-7E32184879DE: changes role from  FOLLOWER to FOLLOWER at term 109 for recognizeCandidate:f535bb4a-cba0-4f9b-9e3e-e4a48b3eda51
2019-10-18 11:24:25,163 [grpc-default-executor-0] INFO  impl.RoleInfo (RoleInfo.java:shutdownFollowerState(121)) - c652e2ee-3322-4406-8db6-1ea643cb3197: shutdown FollowerState
2019-10-18 11:24:25,163 [Thread-669] INFO  impl.FollowerState (FollowerState.java:run(117)) - 54aabb14-4a7d-4ab3-adbe-2e67760b87f4@group-7E32184879DE-FollowerState was interrupted: java.lang.InterruptedException: sleep interrupted
2019-10-18 11:24:25,163 [grpc-default-executor-1] INFO  impl.RoleInfo (RoleInfo.java:updateAndGet(143)) - 54aabb14-4a7d-4ab3-adbe-2e67760b87f4: start FollowerState
2019-10-18 11:24:25,163 [Thread-670] INFO  impl.FollowerState (FollowerState.java:run(117)) - c652e2ee-3322-4406-8db6-1ea643cb3197@group-7E32184879DE-FollowerState was interrupted: java.lang.InterruptedException: sleep interrupted
2019-10-18 11:24:25,163 [grpc-default-executor-0] INFO  impl.RoleInfo (RoleInfo.java:updateAndGet(143)) - c652e2ee-3322-4406-8db6-1ea643cb3197: start FollowerState
2019-10-18 11:24:25,186 [f535bb4a-cba0-4f9b-9e3e-e4a48b3eda51@group-7E32184879DE-LeaderElection90] INFO  impl.LeaderElection (LeaderElection.java:logAndReturn(56)) - f535bb4a-cba0-4f9b-9e3e-e4a48b3eda51@group-7E32184879DE-LeaderElection90: Election REJECTED; received 2 response(s) [f535bb4a-cba0-4f9b-9e3e-e4a48b3eda51<-54aabb14-4a7d-4ab3-adbe-2e67760b87f4#0:FAIL-t109, f535bb4a-cba0-4f9b-9e3e-e4a48b3eda51<-c652e2ee-3322-4406-8db6-1ea643cb3197#0:FAIL-t109] and 0 exception(s); f535bb4a-cba0-4f9b-9e3e-e4a48b3eda51@group-7E32184879DE:t109, leader=null, voted=f535bb4a-cba0-4f9b-9e3e-e4a48b3eda51, raftlog=f535bb4a-cba0-4f9b-9e3e-e4a48b3eda51@group-7E32184879DE-SegmentedRaftLog:OPENED:c-1,f-1,i0, conf=-1: [f535bb4a-cba0-4f9b-9e3e-e4a48b3eda51:0.0.0.0:44706, 54aabb14-4a7d-4ab3-adbe-2e67760b87f4:0.0.0.0:43074, c652e2ee-3322-4406-8db6-1ea643cb3197:0.0.0.0:42129], old=null
2019-10-18 11:24:25,187 [f535bb4a-cba0-4f9b-9e3e-e4a48b3eda51@group-7E32184879DE-LeaderElection90] INFO  impl.RaftServerImpl (RaftServerImpl.java:setRole(184)) - f535bb4a-cba0-4f9b-9e3e-e4a48b3eda51@group-7E32184879DE: changes role from CANDIDATE to FOLLOWER at term 109 for DISCOVERED_A_NEW_TERM
2019-10-18 11:24:25,187 [f535bb4a-cba0-4f9b-9e3e-e4a48b3eda51@group-7E32184879DE-LeaderElection90] INFO  impl.RoleInfo (RoleInfo.java:shutdownLeaderElection(134)) - f535bb4a-cba0-4f9b-9e3e-e4a48b3eda51: shutdown LeaderElection
2019-10-18 11:24:25,187 [f535bb4a-cba0-4f9b-9e3e-e4a48b3eda51@group-7E32184879DE-LeaderElection90] INFO  impl.RoleInfo (RoleInfo.java:updateAndGet(143)) - f535bb4a-cba0-4f9b-9e3e-e4a48b3eda51: start FollowerState
2019-10-18 11:24:25,195 [Thread-677] INFO  impl.FollowerState (FollowerState.java:run(108)) - f535bb4a-cba0-4f9b-9e3e-e4a48b3eda51@group-7E32184879DE-FollowerState: change to CANDIDATE, lastRpcTime:8ms, electionTimeout:8ms
2019-10-18 11:24:25,195 [Thread-677] INFO  impl.RoleInfo (RoleInfo.java:shutdownFollowerState(121)) - f535bb4a-cba0-4f9b-9e3e-e4a48b3eda51: shutdown FollowerState
2019-10-18 11:24:25,196 [Thread-677] INFO  impl.RaftServerImpl (RaftServerImpl.java:setRole(184)) - f535bb4a-cba0-4f9b-9e3e-e4a48b3eda51@group-7E32184879DE: changes role from  FOLLOWER to CANDIDATE at term 109 for changeToCandidate
2019-10-18 11:24:25,196 [Thread-677] INFO  impl.RoleInfo (RoleInfo.java:updateAndGet(143)) - f535bb4a-cba0-4f9b-9e3e-e4a48b3eda51: start LeaderElection
2019-10-18 11:24:25,219 [f535bb4a-cba0-4f9b-9e3e-e4a48b3eda51@group-7E32184879DE-LeaderElection91] INFO  impl.LeaderElection (LeaderElection.java:askForVotes(178)) - f535bb4a-cba0-4f9b-9e3e-e4a48b3eda51@group-7E32184879DE-LeaderElection91: begin an election at term 110 for -1: [f535bb4a-cba0-4f9b-9e3e-e4a48b3eda51:0.0.0.0:44706, 54aabb14-4a7d-4ab3-adbe-2e67760b87f4:0.0.0.0:43074, c652e2ee-3322-4406-8db6-1ea643cb3197:0.0.0.0:42129], old=null
2019-10-18 11:24:25,222 [grpc-default-executor-1] INFO  impl.RaftServerImpl (RaftServerImpl.java:setRole(184)) - c652e2ee-3322-4406-8db6-1ea643cb3197@group-7E32184879DE: changes role from  FOLLOWER to FOLLOWER at term 110 for recognizeCandidate:f535bb4a-cba0-4f9b-9e3e-e4a48b3eda51
2019-10-18 11:24:25,222 [grpc-default-executor-0] INFO  impl.RaftServerImpl (RaftServerImpl.java:setRole(184)) - 54aabb14-4a7d-4ab3-adbe-2e67760b87f4@group-7E32184879DE: changes role from  FOLLOWER to FOLLOWER at term 110 for recognizeCandidate:f535bb4a-cba0-4f9b-9e3e-e4a48b3eda51
2019-10-18 11:24:25,222 [grpc-default-executor-1] INFO  impl.RoleInfo (RoleInfo.java:shutdownFollowerState(121)) - c652e2ee-3322-4406-8db6-1ea643cb3197: shutdown FollowerState
2019-10-18 11:24:25,222 [grpc-default-executor-0] INFO  impl.RoleInfo (RoleInfo.java:shutdownFollowerState(121)) - 54aabb14-4a7d-4ab3-adbe-2e67760b87f4: shutdown FollowerState
2019-10-18 11:24:25,222 [Thread-676] INFO  impl.FollowerState (FollowerState.java:run(117)) - c652e2ee-3322-4406-8db6-1ea643cb3197@group-7E32184879DE-FollowerState was interrupted: java.lang.InterruptedException: sleep interrupted
2019-10-18 11:24:25,222 [grpc-default-executor-1] INFO  impl.RoleInfo (RoleInfo.java:updateAndGet(143)) - c652e2ee-3322-4406-8db6-1ea643cb3197: start FollowerState
2019-10-18 11:24:25,222 [Thread-675] INFO  impl.FollowerState (FollowerState.java:run(117)) - 54aabb14-4a7d-4ab3-adbe-2e67760b87f4@group-7E32184879DE-FollowerState was interrupted: java.lang.InterruptedException: sleep interrupted
2019-10-18 11:24:25,222 [grpc-default-executor-0] INFO  impl.RoleInfo (RoleInfo.java:updateAndGet(143)) - 54aabb14-4a7d-4ab3-adbe-2e67760b87f4: start FollowerState
2019-10-18 11:24:25,246 [f535bb4a-cba0-4f9b-9e3e-e4a48b3eda51@group-7E32184879DE-LeaderElection91] INFO  impl.LeaderElection (LeaderElection.java:logAndReturn(56)) - f535bb4a-cba0-4f9b-9e3e-e4a48b3eda51@group-7E32184879DE-LeaderElection91: Election REJECTED; received 2 response(s) [f535bb4a-cba0-4f9b-9e3e-e4a48b3eda51<-54aabb14-4a7d-4ab3-adbe-2e67760b87f4#0:FAIL-t110, f535bb4a-cba0-4f9b-9e3e-e4a48b3eda51<-c652e2ee-3322-4406-8db6-1ea643cb3197#0:FAIL-t110] and 0 exception(s); f535bb4a-cba0-4f9b-9e3e-e4a48b3eda51@group-7E32184879DE:t110, leader=null, voted=f535bb4a-cba0-4f9b-9e3e-e4a48b3eda51, raftlog=f535bb4a-cba0-4f9b-9e3e-e4a48b3eda51@group-7E32184879DE-SegmentedRaftLog:OPENED:c-1,f-1,i0, conf=-1: [f535bb4a-cba0-4f9b-9e3e-e4a48b3eda51:0.0.0.0:44706, 54aabb14-4a7d-4ab3-adbe-2e67760b87f4:0.0.0.0:43074, c652e2ee-3322-4406-8db6-1ea643cb3197:0.0.0.0:42129], old=null
2019-10-18 11:24:25,246 [f535bb4a-cba0-4f9b-9e3e-e4a48b3eda51@group-7E32184879DE-LeaderElection91] INFO  impl.RaftServerImpl (RaftServerImpl.java:setRole(184)) - f535bb4a-cba0-4f9b-9e3e-e4a48b3eda51@group-7E32184879DE: changes role from CANDIDATE to FOLLOWER at term 110 for DISCOVERED_A_NEW_TERM
2019-10-18 11:24:25,246 [f535bb4a-cba0-4f9b-9e3e-e4a48b3eda51@group-7E32184879DE-LeaderElection91] INFO  impl.RoleInfo (RoleInfo.java:shutdownLeaderElection(134)) - f535bb4a-cba0-4f9b-9e3e-e4a48b3eda51: shutdown LeaderElection
2019-10-18 11:24:25,246 [f535bb4a-cba0-4f9b-9e3e-e4a48b3eda51@group-7E32184879DE-LeaderElection91] INFO  impl.RoleInfo (RoleInfo.java:updateAndGet(143)) - f535bb4a-cba0-4f9b-9e3e-e4a48b3eda51: start FollowerState
2019-10-18 11:24:25,374 [Thread-683] INFO  impl.FollowerState (FollowerState.java:run(108)) - f535bb4a-cba0-4f9b-9e3e-e4a48b3eda51@group-7E32184879DE-FollowerState: change to CANDIDATE, lastRpcTime:127ms, electionTimeout:127ms
2019-10-18 11:24:25,374 [Thread-683] INFO  impl.RoleInfo (RoleInfo.java:shutdownFollowerState(121)) - f535bb4a-cba0-4f9b-9e3e-e4a48b3eda51: shutdown FollowerState
2019-10-18 11:24:25,374 [Thread-683] INFO  impl.RaftServerImpl (RaftServerImpl.java:setRole(184)) - f535bb4a-cba0-4f9b-9e3e-e4a48b3eda51@group-7E32184879DE: changes role from  FOLLOWER to CANDIDATE at term 110 for changeToCandidate
2019-10-18 11:24:25,374 [Thread-683] INFO  impl.RoleInfo (RoleInfo.java:updateAndGet(143)) - f535bb4a-cba0-4f9b-9e3e-e4a48b3eda51: start LeaderElection
2019-10-18 11:24:25,403 [f535bb4a-cba0-4f9b-9e3e-e4a48b3eda51@group-7E32184879DE-LeaderElection92] INFO  impl.LeaderElection (LeaderElection.java:askForVotes(178)) - f535bb4a-cba0-4f9b-9e3e-e4a48b3eda51@group-7E32184879DE-LeaderElection92: begin an election at term 111 for -1: [f535bb4a-cba0-4f9b-9e3e-e4a48b3eda51:0.0.0.0:44706, 54aabb14-4a7d-4ab3-adbe-2e67760b87f4:0.0.0.0:43074, c652e2ee-3322-4406-8db6-1ea643cb3197:0.0.0.0:42129], old=null
2019-10-18 11:24:25,406 [grpc-default-executor-1] INFO  impl.RaftServerImpl (RaftServerImpl.java:setRole(184)) - 54aabb14-4a7d-4ab3-adbe-2e67760b87f4@group-7E32184879DE: changes role from  FOLLOWER to FOLLOWER at term 111 for recognizeCandidate:f535bb4a-cba0-4f9b-9e3e-e4a48b3eda51
2019-10-18 11:24:25,406 [grpc-default-executor-0] INFO  impl.RaftServerImpl (RaftServerImpl.java:setRole(184)) - c652e2ee-3322-4406-8db6-1ea643cb3197@group-7E32184879DE: changes role from  FOLLOWER to FOLLOWER at term 111 for recognizeCandidate:f535bb4a-cba0-4f9b-9e3e-e4a48b3eda51
2019-10-18 11:24:25,407 [grpc-default-executor-1] INFO  impl.RoleInfo (RoleInfo.java:shutdownFollowerState(121)) - 54aabb14-4a7d-4ab3-adbe-2e67760b87f4: shutdown FollowerState
2019-10-18 11:24:25,407 [grpc-default-executor-0] INFO  impl.RoleInfo (RoleInfo.java:shutdownFollowerState(121)) - c652e2ee-3322-4406-8db6-1ea643cb3197: shutdown FollowerState
2019-10-18 11:24:25,407 [grpc-default-executor-0] INFO  impl.RoleInfo (RoleInfo.java:updateAndGet(143)) - c652e2ee-3322-4406-8db6-1ea643cb3197: start FollowerState
2019-10-18 11:24:25,407 [Thread-682] INFO  impl.FollowerState (FollowerState.java:run(117)) - 54aabb14-4a7d-4ab3-adbe-2e67760b87f4@group-7E32184879DE-FollowerState was interrupted: java.lang.InterruptedException: sleep interrupted
2019-10-18 11:24:25,407 [grpc-default-executor-1] INFO  impl.RoleInfo (RoleInfo.java:updateAndGet(143)) - 54aabb14-4a7d-4ab3-adbe-2e67760b87f4: start FollowerState
2019-10-18 11:24:25,407 [Thread-681] INFO  impl.FollowerState (FollowerState.java:run(117)) - c652e2ee-3322-4406-8db6-1ea643cb3197@group-7E32184879DE-FollowerState was interrupted: java.lang.InterruptedException: sleep interrupted
2019-10-18 11:24:25,430 [f535bb4a-cba0-4f9b-9e3e-e4a48b3eda51@group-7E32184879DE-LeaderElection92] INFO  impl.LeaderElection (LeaderElection.java:logAndReturn(56)) - f535bb4a-cba0-4f9b-9e3e-e4a48b3eda51@group-7E32184879DE-LeaderElection92: Election REJECTED; received 2 response(s) [f535bb4a-cba0-4f9b-9e3e-e4a48b3eda51<-54aabb14-4a7d-4ab3-adbe-2e67760b87f4#0:FAIL-t111, f535bb4a-cba0-4f9b-9e3e-e4a48b3eda51<-c652e2ee-3322-4406-8db6-1ea643cb3197#0:FAIL-t111] and 0 exception(s); f535bb4a-cba0-4f9b-9e3e-e4a48b3eda51@group-7E32184879DE:t111, leader=null, voted=f535bb4a-cba0-4f9b-9e3e-e4a48b3eda51, raftlog=f535bb4a-cba0-4f9b-9e3e-e4a48b3eda51@group-7E32184879DE-SegmentedRaftLog:OPENED:c-1,f-1,i0, conf=-1: [f535bb4a-cba0-4f9b-9e3e-e4a48b3eda51:0.0.0.0:44706, 54aabb14-4a7d-4ab3-adbe-2e67760b87f4:0.0.0.0:43074, c652e2ee-3322-4406-8db6-1ea643cb3197:0.0.0.0:42129], old=null
2019-10-18 11:24:25,430 [f535bb4a-cba0-4f9b-9e3e-e4a48b3eda51@group-7E32184879DE-LeaderElection92] INFO  impl.RaftServerImpl (RaftServerImpl.java:setRole(184)) - f535bb4a-cba0-4f9b-9e3e-e4a48b3eda51@group-7E32184879DE: changes role from CANDIDATE to FOLLOWER at term 111 for DISCOVERED_A_NEW_TERM
2019-10-18 11:24:25,431 [f535bb4a-cba0-4f9b-9e3e-e4a48b3eda51@group-7E32184879DE-LeaderElection92] INFO  impl.RoleInfo (RoleInfo.java:shutdownLeaderElection(134)) - f535bb4a-cba0-4f9b-9e3e-e4a48b3eda51: shutdown LeaderElection
2019-10-18 11:24:25,431 [f535bb4a-cba0-4f9b-9e3e-e4a48b3eda51@group-7E32184879DE-LeaderElection92] INFO  impl.RoleInfo (RoleInfo.java:updateAndGet(143)) - f535bb4a-cba0-4f9b-9e3e-e4a48b3eda51: start FollowerState
2019-10-18 11:24:25,585 [Thread-689] INFO  impl.FollowerState (FollowerState.java:run(108)) - f535bb4a-cba0-4f9b-9e3e-e4a48b3eda51@group-7E32184879DE-FollowerState: change to CANDIDATE, lastRpcTime:154ms, electionTimeout:154ms
2019-10-18 11:24:25,586 [Thread-689] INFO  impl.RoleInfo (RoleInfo.java:shutdownFollowerState(121)) - f535bb4a-cba0-4f9b-9e3e-e4a48b3eda51: shutdown FollowerState
2019-10-18 11:24:25,586 [Thread-689] INFO  impl.RaftServerImpl (RaftServerImpl.java:setRole(184)) - f535bb4a-cba0-4f9b-9e3e-e4a48b3eda51@group-7E32184879DE: changes role from  FOLLOWER to CANDIDATE at term 111 for changeToCandidate
2019-10-18 11:24:25,586 [Thread-689] INFO  impl.RoleInfo (RoleInfo.java:updateAndGet(143)) - f535bb4a-cba0-4f9b-9e3e-e4a48b3eda51: start LeaderElection
2019-10-18 11:24:25,612 [f535bb4a-cba0-4f9b-9e3e-e4a48b3eda51@group-7E32184879DE-LeaderElection93] INFO  impl.LeaderElection (LeaderElection.java:askForVotes(178)) - f535bb4a-cba0-4f9b-9e3e-e4a48b3eda51@group-7E32184879DE-LeaderElection93: begin an election at term 112 for -1: [f535bb4a-cba0-4f9b-9e3e-e4a48b3eda51:0.0.0.0:44706, 54aabb14-4a7d-4ab3-adbe-2e67760b87f4:0.0.0.0:43074, c652e2ee-3322-4406-8db6-1ea643cb3197:0.0.0.0:42129], old=null
2019-10-18 11:24:25,615 [grpc-default-executor-1] INFO  impl.RaftServerImpl (RaftServerImpl.java:setRole(184)) - c652e2ee-3322-4406-8db6-1ea643cb3197@group-7E32184879DE: changes role from  FOLLOWER to FOLLOWER at term 112 for recognizeCandidate:f535bb4a-cba0-4f9b-9e3e-e4a48b3eda51
2019-10-18 11:24:25,615 [grpc-default-executor-1] INFO  impl.RoleInfo (RoleInfo.java:shutdownFollowerState(121)) - c652e2ee-3322-4406-8db6-1ea643cb3197: shutdown FollowerState
2019-10-18 11:24:25,615 [grpc-default-executor-0] INFO  impl.RaftServerImpl (RaftServerImpl.java:setRole(184)) - 54aabb14-4a7d-4ab3-adbe-2e67760b87f4@group-7E32184879DE: changes role from  FOLLOWER to FOLLOWER at term 112 for recognizeCandidate:f535bb4a-cba0-4f9b-9e3e-e4a48b3eda51
2019-10-18 11:24:25,616 [Thread-688] INFO  impl.FollowerState (FollowerState.java:run(117)) - c652e2ee-3322-4406-8db6-1ea643cb3197@group-7E32184879DE-FollowerState was interrupted: java.lang.InterruptedException: sleep interrupted
2019-10-18 11:24:25,615 [grpc-default-executor-1] INFO  impl.RoleInfo (RoleInfo.java:updateAndGet(143)) - c652e2ee-3322-4406-8db6-1ea643cb3197: start FollowerState
2019-10-18 11:24:25,616 [grpc-default-executor-0] INFO  impl.RoleInfo (RoleInfo.java:shutdownFollowerState(121)) - 54aabb14-4a7d-4ab3-adbe-2e67760b87f4: shutdown FollowerState
2019-10-18 11:24:25,616 [Thread-687] INFO  impl.FollowerState (FollowerState.java:run(117)) - 54aabb14-4a7d-4ab3-adbe-2e67760b87f4@group-7E32184879DE-FollowerState was interrupted: java.lang.InterruptedException: sleep interrupted
2019-10-18 11:24:25,616 [grpc-default-executor-0] INFO  impl.RoleInfo (RoleInfo.java:updateAndGet(143)) - 54aabb14-4a7d-4ab3-adbe-2e67760b87f4: start FollowerState
2019-10-18 11:24:25,639 [f535bb4a-cba0-4f9b-9e3e-e4a48b3eda51@group-7E32184879DE-LeaderElection93] INFO  impl.LeaderElection (LeaderElection.java:logAndReturn(56)) - f535bb4a-cba0-4f9b-9e3e-e4a48b3eda51@group-7E32184879DE-LeaderElection93: Election REJECTED; received 2 response(s) [f535bb4a-cba0-4f9b-9e3e-e4a48b3eda51<-54aabb14-4a7d-4ab3-adbe-2e67760b87f4#0:FAIL-t112, f535bb4a-cba0-4f9b-9e3e-e4a48b3eda51<-c652e2ee-3322-4406-8db6-1ea643cb3197#0:FAIL-t112] and 0 exception(s); f535bb4a-cba0-4f9b-9e3e-e4a48b3eda51@group-7E32184879DE:t112, leader=null, voted=f535bb4a-cba0-4f9b-9e3e-e4a48b3eda51, raftlog=f535bb4a-cba0-4f9b-9e3e-e4a48b3eda51@group-7E32184879DE-SegmentedRaftLog:OPENED:c-1,f-1,i0, conf=-1: [f535bb4a-cba0-4f9b-9e3e-e4a48b3eda51:0.0.0.0:44706, 54aabb14-4a7d-4ab3-adbe-2e67760b87f4:0.0.0.0:43074, c652e2ee-3322-4406-8db6-1ea643cb3197:0.0.0.0:42129], old=null
2019-10-18 11:24:25,639 [f535bb4a-cba0-4f9b-9e3e-e4a48b3eda51@group-7E32184879DE-LeaderElection93] INFO  impl.RaftServerImpl (RaftServerImpl.java:setRole(184)) - f535bb4a-cba0-4f9b-9e3e-e4a48b3eda51@group-7E32184879DE: changes role from CANDIDATE to FOLLOWER at term 112 for DISCOVERED_A_NEW_TERM
2019-10-18 11:24:25,639 [f535bb4a-cba0-4f9b-9e3e-e4a48b3eda51@group-7E32184879DE-LeaderElection93] INFO  impl.RoleInfo (RoleInfo.java:shutdownLeaderElection(134)) - f535bb4a-cba0-4f9b-9e3e-e4a48b3eda51: shutdown LeaderElection
2019-10-18 11:24:25,639 [f535bb4a-cba0-4f9b-9e3e-e4a48b3eda51@group-7E32184879DE-LeaderElection93] INFO  impl.RoleInfo (RoleInfo.java:updateAndGet(143)) - f535bb4a-cba0-4f9b-9e3e-e4a48b3eda51: start FollowerState
2019-10-18 11:24:25,665 [Thread-695] INFO  impl.FollowerState (FollowerState.java:run(108)) - f535bb4a-cba0-4f9b-9e3e-e4a48b3eda51@group-7E32184879DE-FollowerState: change to CANDIDATE, lastRpcTime:25ms, electionTimeout:25ms
2019-10-18 11:24:25,665 [Thread-695] INFO  impl.RoleInfo (RoleInfo.java:shutdownFollowerState(121)) - f535bb4a-cba0-4f9b-9e3e-e4a48b3eda51: shutdown FollowerState
2019-10-18 11:24:25,665 [Thread-695] INFO  impl.RaftServerImpl (RaftServerImpl.java:setRole(184)) - f535bb4a-cba0-4f9b-9e3e-e4a48b3eda51@group-7E32184879DE: changes role from  FOLLOWER to CANDIDATE at term 112 for changeToCandidate
2019-10-18 11:24:25,665 [Thread-695] INFO  impl.RoleInfo (RoleInfo.java:updateAndGet(143)) - f535bb4a-cba0-4f9b-9e3e-e4a48b3eda51: start LeaderElection
2019-10-18 11:24:25,688 [f535bb4a-cba0-4f9b-9e3e-e4a48b3eda51@group-7E32184879DE-LeaderElection94] INFO  impl.LeaderElection (LeaderElection.java:askForVotes(178)) - f535bb4a-cba0-4f9b-9e3e-e4a48b3eda51@group-7E32184879DE-LeaderElection94: begin an election at term 113 for -1: [f535bb4a-cba0-4f9b-9e3e-e4a48b3eda51:0.0.0.0:44706, 54aabb14-4a7d-4ab3-adbe-2e67760b87f4:0.0.0.0:43074, c652e2ee-3322-4406-8db6-1ea643cb3197:0.0.0.0:42129], old=null
2019-10-18 11:24:25,691 [grpc-default-executor-0] INFO  impl.RaftServerImpl (RaftServerImpl.java:setRole(184)) - 54aabb14-4a7d-4ab3-adbe-2e67760b87f4@group-7E32184879DE: changes role from  FOLLOWER to FOLLOWER at term 113 for recognizeCandidate:f535bb4a-cba0-4f9b-9e3e-e4a48b3eda51
2019-10-18 11:24:25,691 [grpc-default-executor-1] INFO  impl.RaftServerImpl (RaftServerImpl.java:setRole(184)) - c652e2ee-3322-4406-8db6-1ea643cb3197@group-7E32184879DE: changes role from  FOLLOWER to FOLLOWER at term 113 for recognizeCandidate:f535bb4a-cba0-4f9b-9e3e-e4a48b3eda51
2019-10-18 11:24:25,691 [grpc-default-executor-0] INFO  impl.RoleInfo (RoleInfo.java:shutdownFollowerState(121)) - 54aabb14-4a7d-4ab3-adbe-2e67760b87f4: shutdown FollowerState
2019-10-18 11:24:25,691 [grpc-default-executor-1] INFO  impl.RoleInfo (RoleInfo.java:shutdownFollowerState(121)) - c652e2ee-3322-4406-8db6-1ea643cb3197: shutdown FollowerState
2019-10-18 11:24:25,691 [Thread-694] INFO  impl.FollowerState (FollowerState.java:run(117)) - 54aabb14-4a7d-4ab3-adbe-2e67760b87f4@group-7E32184879DE-FollowerState was interrupted: java.lang.InterruptedException: sleep interrupted
2019-10-18 11:24:25,691 [grpc-default-executor-0] INFO  impl.RoleInfo (RoleInfo.java:updateAndGet(143)) - 54aabb14-4a7d-4ab3-adbe-2e67760b87f4: start FollowerState
2019-10-18 11:24:25,691 [Thread-693] INFO  impl.FollowerState (FollowerState.java:run(117)) - c652e2ee-3322-4406-8db6-1ea643cb3197@group-7E32184879DE-FollowerState was interrupted: java.lang.InterruptedException: sleep interrupted
2019-10-18 11:24:25,691 [grpc-default-executor-1] INFO  impl.RoleInfo (RoleInfo.java:updateAndGet(143)) - c652e2ee-3322-4406-8db6-1ea643cb3197: start FollowerState
2019-10-18 11:24:25,714 [f535bb4a-cba0-4f9b-9e3e-e4a48b3eda51@group-7E32184879DE-LeaderElection94] INFO  impl.LeaderElection (LeaderElection.java:logAndReturn(56)) - f535bb4a-cba0-4f9b-9e3e-e4a48b3eda51@group-7E32184879DE-LeaderElection94: Election TIMEOUT; received 0 response(s) [] and 0 exception(s); f535bb4a-cba0-4f9b-9e3e-e4a48b3eda51@group-7E32184879DE:t113, leader=null, voted=f535bb4a-cba0-4f9b-9e3e-e4a48b3eda51, raftlog=f535bb4a-cba0-4f9b-9e3e-e4a48b3eda51@group-7E32184879DE-SegmentedRaftLog:OPENED:c-1,f-1,i0, conf=-1: [f535bb4a-cba0-4f9b-9e3e-e4a48b3eda51:0.0.0.0:44706, 54aabb14-4a7d-4ab3-adbe-2e67760b87f4:0.0.0.0:43074, c652e2ee-3322-4406-8db6-1ea643cb3197:0.0.0.0:42129], old=null
2019-10-18 11:24:25,740 [f535bb4a-cba0-4f9b-9e3e-e4a48b3eda51@group-7E32184879DE-LeaderElection94] INFO  impl.LeaderElection (LeaderElection.java:askForVotes(178)) - f535bb4a-cba0-4f9b-9e3e-e4a48b3eda51@group-7E32184879DE-LeaderElection94: begin an election at term 114 for -1: [f535bb4a-cba0-4f9b-9e3e-e4a48b3eda51:0.0.0.0:44706, 54aabb14-4a7d-4ab3-adbe-2e67760b87f4:0.0.0.0:43074, c652e2ee-3322-4406-8db6-1ea643cb3197:0.0.0.0:42129], old=null
2019-10-18 11:24:25,742 [grpc-default-executor-1] INFO  impl.RaftServerImpl (RaftServerImpl.java:setRole(184)) - 54aabb14-4a7d-4ab3-adbe-2e67760b87f4@group-7E32184879DE: changes role from  FOLLOWER to FOLLOWER at term 114 for recognizeCandidate:f535bb4a-cba0-4f9b-9e3e-e4a48b3eda51
2019-10-18 11:24:25,742 [grpc-default-executor-1] INFO  impl.RoleInfo (RoleInfo.java:shutdownFollowerState(121)) - 54aabb14-4a7d-4ab3-adbe-2e67760b87f4: shutdown FollowerState
2019-10-18 11:24:25,742 [grpc-default-executor-1] INFO  impl.RoleInfo (RoleInfo.java:updateAndGet(143)) - 54aabb14-4a7d-4ab3-adbe-2e67760b87f4: start FollowerState
2019-10-18 11:24:25,742 [Thread-699] INFO  impl.FollowerState (FollowerState.java:run(117)) - 54aabb14-4a7d-4ab3-adbe-2e67760b87f4@group-7E32184879DE-FollowerState was interrupted: java.lang.InterruptedException: sleep interrupted
2019-10-18 11:24:25,742 [grpc-default-executor-0] INFO  impl.RaftServerImpl (RaftServerImpl.java:setRole(184)) - c652e2ee-3322-4406-8db6-1ea643cb3197@group-7E32184879DE: changes role from  FOLLOWER to FOLLOWER at term 114 for recognizeCandidate:f535bb4a-cba0-4f9b-9e3e-e4a48b3eda51
2019-10-18 11:24:25,743 [grpc-default-executor-0] INFO  impl.RoleInfo (RoleInfo.java:shutdownFollowerState(121)) - c652e2ee-3322-4406-8db6-1ea643cb3197: shutdown FollowerState
2019-10-18 11:24:25,743 [grpc-default-executor-0] INFO  impl.RoleInfo (RoleInfo.java:updateAndGet(143)) - c652e2ee-3322-4406-8db6-1ea643cb3197: start FollowerState
2019-10-18 11:24:25,743 [Thread-700] INFO  impl.FollowerState (FollowerState.java:run(117)) - c652e2ee-3322-4406-8db6-1ea643cb3197@group-7E32184879DE-FollowerState was interrupted: java.lang.InterruptedException: sleep interrupted
2019-10-18 11:24:25,766 [f535bb4a-cba0-4f9b-9e3e-e4a48b3eda51@group-7E32184879DE-LeaderElection94] INFO  impl.LeaderElection (LeaderElection.java:logAndReturn(56)) - f535bb4a-cba0-4f9b-9e3e-e4a48b3eda51@group-7E32184879DE-LeaderElection94: Election REJECTED; received 2 response(s) [f535bb4a-cba0-4f9b-9e3e-e4a48b3eda51<-54aabb14-4a7d-4ab3-adbe-2e67760b87f4#0:FAIL-t114, f535bb4a-cba0-4f9b-9e3e-e4a48b3eda51<-c652e2ee-3322-4406-8db6-1ea643cb3197#0:FAIL-t114] and 0 exception(s); f535bb4a-cba0-4f9b-9e3e-e4a48b3eda51@group-7E32184879DE:t114, leader=null, voted=f535bb4a-cba0-4f9b-9e3e-e4a48b3eda51, raftlog=f535bb4a-cba0-4f9b-9e3e-e4a48b3eda51@group-7E32184879DE-SegmentedRaftLog:OPENED:c-1,f-1,i0, conf=-1: [f535bb4a-cba0-4f9b-9e3e-e4a48b3eda51:0.0.0.0:44706, 54aabb14-4a7d-4ab3-adbe-2e67760b87f4:0.0.0.0:43074, c652e2ee-3322-4406-8db6-1ea643cb3197:0.0.0.0:42129], old=null
2019-10-18 11:24:25,767 [f535bb4a-cba0-4f9b-9e3e-e4a48b3eda51@group-7E32184879DE-LeaderElection94] INFO  impl.RaftServerImpl (RaftServerImpl.java:setRole(184)) - f535bb4a-cba0-4f9b-9e3e-e4a48b3eda51@group-7E32184879DE: changes role from CANDIDATE to FOLLOWER at term 114 for DISCOVERED_A_NEW_TERM
2019-10-18 11:24:25,767 [f535bb4a-cba0-4f9b-9e3e-e4a48b3eda51@group-7E32184879DE-LeaderElection94] INFO  impl.RoleInfo (RoleInfo.java:shutdownLeaderElection(134)) - f535bb4a-cba0-4f9b-9e3e-e4a48b3eda51: shutdown LeaderElection
2019-10-18 11:24:25,767 [f535bb4a-cba0-4f9b-9e3e-e4a48b3eda51@group-7E32184879DE-LeaderElection94] INFO  impl.RoleInfo (RoleInfo.java:updateAndGet(143)) - f535bb4a-cba0-4f9b-9e3e-e4a48b3eda51: start FollowerState
2019-10-18 11:24:25,840 [Thread-705] INFO  impl.FollowerState (FollowerState.java:run(108)) - f535bb4a-cba0-4f9b-9e3e-e4a48b3eda51@group-7E32184879DE-FollowerState: change to CANDIDATE, lastRpcTime:73ms, electionTimeout:73ms
2019-10-18 11:24:25,841 [Thread-705] INFO  impl.RoleInfo (RoleInfo.java:shutdownFollowerState(121)) - f535bb4a-cba0-4f9b-9e3e-e4a48b3eda51: shutdown FollowerState
2019-10-18 11:24:25,841 [Thread-705] INFO  impl.RaftServerImpl (RaftServerImpl.java:setRole(184)) - f535bb4a-cba0-4f9b-9e3e-e4a48b3eda51@group-7E32184879DE: changes role from  FOLLOWER to CANDIDATE at term 114 for changeToCandidate
2019-10-18 11:24:25,841 [Thread-705] INFO  impl.RoleInfo (RoleInfo.java:updateAndGet(143)) - f535bb4a-cba0-4f9b-9e3e-e4a48b3eda51: start LeaderElection
2019-10-18 11:24:25,866 [f535bb4a-cba0-4f9b-9e3e-e4a48b3eda51@group-7E32184879DE-LeaderElection95] INFO  impl.LeaderElection (LeaderElection.java:askForVotes(178)) - f535bb4a-cba0-4f9b-9e3e-e4a48b3eda51@group-7E32184879DE-LeaderElection95: begin an election at term 115 for -1: [f535bb4a-cba0-4f9b-9e3e-e4a48b3eda51:0.0.0.0:44706, 54aabb14-4a7d-4ab3-adbe-2e67760b87f4:0.0.0.0:43074, c652e2ee-3322-4406-8db6-1ea643cb3197:0.0.0.0:42129], old=null
2019-10-18 11:24:25,868 [grpc-default-executor-1] INFO  impl.RaftServerImpl (RaftServerImpl.java:setRole(184)) - 54aabb14-4a7d-4ab3-adbe-2e67760b87f4@group-7E32184879DE: changes role from  FOLLOWER to FOLLOWER at term 115 for recognizeCandidate:f535bb4a-cba0-4f9b-9e3e-e4a48b3eda51
2019-10-18 11:24:25,868 [grpc-default-executor-1] INFO  impl.RoleInfo (RoleInfo.java:shutdownFollowerState(121)) - 54aabb14-4a7d-4ab3-adbe-2e67760b87f4: shutdown FollowerState
2019-10-18 11:24:25,868 [grpc-default-executor-0] INFO  impl.RaftServerImpl (RaftServerImpl.java:setRole(184)) - c652e2ee-3322-4406-8db6-1ea643cb3197@group-7E32184879DE: changes role from  FOLLOWER to FOLLOWER at term 115 for recognizeCandidate:f535bb4a-cba0-4f9b-9e3e-e4a48b3eda51
2019-10-18 11:24:25,869 [Thread-703] INFO  impl.FollowerState (FollowerState.java:run(117)) - 54aabb14-4a7d-4ab3-adbe-2e67760b87f4@group-7E32184879DE-FollowerState was interrupted: java.lang.InterruptedException: sleep interrupted
2019-10-18 11:24:25,868 [grpc-default-executor-1] INFO  impl.RoleInfo (RoleInfo.java:updateAndGet(143)) - 54aabb14-4a7d-4ab3-adbe-2e67760b87f4: start FollowerState
2019-10-18 11:24:25,869 [grpc-default-executor-0] INFO  impl.RoleInfo (RoleInfo.java:shutdownFollowerState(121)) - c652e2ee-3322-4406-8db6-1ea643cb3197: shutdown FollowerState
2019-10-18 11:24:25,869 [grpc-default-executor-0] INFO  impl.RoleInfo (RoleInfo.java:updateAndGet(143)) - c652e2ee-3322-4406-8db6-1ea643cb3197: start FollowerState
2019-10-18 11:24:25,869 [Thread-704] INFO  impl.FollowerState (FollowerState.java:run(117)) - c652e2ee-3322-4406-8db6-1ea643cb3197@group-7E32184879DE-FollowerState was interrupted: java.lang.InterruptedException: sleep interrupted
2019-10-18 11:24:25,877 [f535bb4a-cba0-4f9b-9e3e-e4a48b3eda51@group-7E32184879DE-LeaderElection95] INFO  impl.LeaderElection (LeaderElection.java:logAndReturn(56)) - f535bb4a-cba0-4f9b-9e3e-e4a48b3eda51@group-7E32184879DE-LeaderElection95: Election TIMEOUT; received 0 response(s) [] and 0 exception(s); f535bb4a-cba0-4f9b-9e3e-e4a48b3eda51@group-7E32184879DE:t115, leader=null, voted=f535bb4a-cba0-4f9b-9e3e-e4a48b3eda51, raftlog=f535bb4a-cba0-4f9b-9e3e-e4a48b3eda51@group-7E32184879DE-SegmentedRaftLog:OPENED:c-1,f-1,i0, conf=-1: [f535bb4a-cba0-4f9b-9e3e-e4a48b3eda51:0.0.0.0:44706, 54aabb14-4a7d-4ab3-adbe-2e67760b87f4:0.0.0.0:43074, c652e2ee-3322-4406-8db6-1ea643cb3197:0.0.0.0:42129], old=null
2019-10-18 11:24:25,891 [f535bb4a-cba0-4f9b-9e3e-e4a48b3eda51@group-7E32184879DE-LeaderElection95] INFO  impl.LeaderElection (LeaderElection.java:askForVotes(178)) - f535bb4a-cba0-4f9b-9e3e-e4a48b3eda51@group-7E32184879DE-LeaderElection95: begin an election at term 116 for -1: [f535bb4a-cba0-4f9b-9e3e-e4a48b3eda51:0.0.0.0:44706, 54aabb14-4a7d-4ab3-adbe-2e67760b87f4:0.0.0.0:43074, c652e2ee-3322-4406-8db6-1ea643cb3197:0.0.0.0:42129], old=null
2019-10-18 11:24:25,894 [grpc-default-executor-1] INFO  impl.RaftServerImpl (RaftServerImpl.java:setRole(184)) - 54aabb14-4a7d-4ab3-adbe-2e67760b87f4@group-7E32184879DE: changes role from  FOLLOWER to FOLLOWER at term 116 for recognizeCandidate:f535bb4a-cba0-4f9b-9e3e-e4a48b3eda51
2019-10-18 11:24:25,894 [grpc-default-executor-1] INFO  impl.RoleInfo (RoleInfo.java:shutdownFollowerState(121)) - 54aabb14-4a7d-4ab3-adbe-2e67760b87f4: shutdown FollowerState
2019-10-18 11:24:25,894 [grpc-default-executor-1] INFO  impl.RoleInfo (RoleInfo.java:updateAndGet(143)) - 54aabb14-4a7d-4ab3-adbe-2e67760b87f4: start FollowerState
2019-10-18 11:24:25,894 [Thread-709] INFO  impl.FollowerState (FollowerState.java:run(117)) - 54aabb14-4a7d-4ab3-adbe-2e67760b87f4@group-7E32184879DE-FollowerState was interrupted: java.lang.InterruptedException: sleep interrupted
2019-10-18 11:24:25,894 [grpc-default-executor-0] INFO  impl.RaftServerImpl (RaftServerImpl.java:setRole(184)) - c652e2ee-3322-4406-8db6-1ea643cb3197@group-7E32184879DE: changes role from  FOLLOWER to FOLLOWER at term 116 for recognizeCandidate:f535bb4a-cba0-4f9b-9e3e-e4a48b3eda51
2019-10-18 11:24:25,894 [grpc-default-executor-0] INFO  impl.RoleInfo (RoleInfo.java:shutdownFollowerState(121)) - c652e2ee-3322-4406-8db6-1ea643cb3197: shutdown FollowerState
2019-10-18 11:24:25,894 [grpc-default-executor-0] INFO  impl.RoleInfo (RoleInfo.java:updateAndGet(143)) - c652e2ee-3322-4406-8db6-1ea643cb3197: start FollowerState
2019-10-18 11:24:25,894 [Thread-710] INFO  impl.FollowerState (FollowerState.java:run(117)) - c652e2ee-3322-4406-8db6-1ea643cb3197@group-7E32184879DE-FollowerState was interrupted: java.lang.InterruptedException: sleep interrupted
2019-10-18 11:24:25,918 [f535bb4a-cba0-4f9b-9e3e-e4a48b3eda51@group-7E32184879DE-LeaderElection95] INFO  impl.LeaderElection (LeaderElection.java:logAndReturn(56)) - f535bb4a-cba0-4f9b-9e3e-e4a48b3eda51@group-7E32184879DE-LeaderElection95: Election REJECTED; received 2 response(s) [f535bb4a-cba0-4f9b-9e3e-e4a48b3eda51<-54aabb14-4a7d-4ab3-adbe-2e67760b87f4#0:FAIL-t116, f535bb4a-cba0-4f9b-9e3e-e4a48b3eda51<-c652e2ee-3322-4406-8db6-1ea643cb3197#0:FAIL-t116] and 0 exception(s); f535bb4a-cba0-4f9b-9e3e-e4a48b3eda51@group-7E32184879DE:t116, leader=null, voted=f535bb4a-cba0-4f9b-9e3e-e4a48b3eda51, raftlog=f535bb4a-cba0-4f9b-9e3e-e4a48b3eda51@group-7E32184879DE-SegmentedRaftLog:OPENED:c-1,f-1,i0, conf=-1: [f535bb4a-cba0-4f9b-9e3e-e4a48b3eda51:0.0.0.0:44706, 54aabb14-4a7d-4ab3-adbe-2e67760b87f4:0.0.0.0:43074, c652e2ee-3322-4406-8db6-1ea643cb3197:0.0.0.0:42129], old=null
2019-10-18 11:24:25,919 [f535bb4a-cba0-4f9b-9e3e-e4a48b3eda51@group-7E32184879DE-LeaderElection95] INFO  impl.RaftServerImpl (RaftServerImpl.java:setRole(184)) - f535bb4a-cba0-4f9b-9e3e-e4a48b3eda51@group-7E32184879DE: changes role from CANDIDATE to FOLLOWER at term 116 for DISCOVERED_A_NEW_TERM
2019-10-18 11:24:25,919 [f535bb4a-cba0-4f9b-9e3e-e4a48b3eda51@group-7E32184879DE-LeaderElection95] INFO  impl.RoleInfo (RoleInfo.java:shutdownLeaderElection(134)) - f535bb4a-cba0-4f9b-9e3e-e4a48b3eda51: shutdown LeaderElection
2019-10-18 11:24:25,919 [f535bb4a-cba0-4f9b-9e3e-e4a48b3eda51@group-7E32184879DE-LeaderElection95] INFO  impl.RoleInfo (RoleInfo.java:updateAndGet(143)) - f535bb4a-cba0-4f9b-9e3e-e4a48b3eda51: start FollowerState
2019-10-18 11:24:25,948 [Thread-715] INFO  impl.FollowerState (FollowerState.java:run(108)) - f535bb4a-cba0-4f9b-9e3e-e4a48b3eda51@group-7E32184879DE-FollowerState: change to CANDIDATE, lastRpcTime:28ms, electionTimeout:28ms
2019-10-18 11:24:25,948 [Thread-715] INFO  impl.RoleInfo (RoleInfo.java:shutdownFollowerState(121)) - f535bb4a-cba0-4f9b-9e3e-e4a48b3eda51: shutdown FollowerState
2019-10-18 11:24:25,948 [Thread-715] INFO  impl.RaftServerImpl (RaftServerImpl.java:setRole(184)) - f535bb4a-cba0-4f9b-9e3e-e4a48b3eda51@group-7E32184879DE: changes role from  FOLLOWER to CANDIDATE at term 116 for changeToCandidate
2019-10-18 11:24:25,948 [Thread-715] INFO  impl.RoleInfo (RoleInfo.java:updateAndGet(143)) - f535bb4a-cba0-4f9b-9e3e-e4a48b3eda51: start LeaderElection
2019-10-18 11:24:25,983 [f535bb4a-cba0-4f9b-9e3e-e4a48b3eda51@group-7E32184879DE-LeaderElection96] INFO  impl.LeaderElection (LeaderElection.java:askForVotes(178)) - f535bb4a-cba0-4f9b-9e3e-e4a48b3eda51@group-7E32184879DE-LeaderElection96: begin an election at term 117 for -1: [f535bb4a-cba0-4f9b-9e3e-e4a48b3eda51:0.0.0.0:44706, 54aabb14-4a7d-4ab3-adbe-2e67760b87f4:0.0.0.0:43074, c652e2ee-3322-4406-8db6-1ea643cb3197:0.0.0.0:42129], old=null
2019-10-18 11:24:25,987 [grpc-default-executor-1] INFO  impl.RaftServerImpl (RaftServerImpl.java:setRole(184)) - c652e2ee-3322-4406-8db6-1ea643cb3197@group-7E32184879DE: changes role from  FOLLOWER to FOLLOWER at term 117 for recognizeCandidate:f535bb4a-cba0-4f9b-9e3e-e4a48b3eda51
2019-10-18 11:24:25,987 [grpc-default-executor-0] INFO  impl.RaftServerImpl (RaftServerImpl.java:setRole(184)) - 54aabb14-4a7d-4ab3-adbe-2e67760b87f4@group-7E32184879DE: changes role from  FOLLOWER to FOLLOWER at term 117 for recognizeCandidate:f535bb4a-cba0-4f9b-9e3e-e4a48b3eda51
2019-10-18 11:24:25,987 [grpc-default-executor-1] INFO  impl.RoleInfo (RoleInfo.java:shutdownFollowerState(121)) - c652e2ee-3322-4406-8db6-1ea643cb3197: shutdown FollowerState
2019-10-18 11:24:25,987 [grpc-default-executor-0] INFO  impl.RoleInfo (RoleInfo.java:shutdownFollowerState(121)) - 54aabb14-4a7d-4ab3-adbe-2e67760b87f4: shutdown FollowerState
2019-10-18 11:24:25,987 [Thread-714] INFO  impl.FollowerState (FollowerState.java:run(117)) - c652e2ee-3322-4406-8db6-1ea643cb3197@group-7E32184879DE-FollowerState was interrupted: java.lang.InterruptedException: sleep interrupted
2019-10-18 11:24:25,987 [Thread-713] INFO  impl.FollowerState (FollowerState.java:run(117)) - 54aabb14-4a7d-4ab3-adbe-2e67760b87f4@group-7E32184879DE-FollowerState was interrupted: java.lang.InterruptedException: sleep interrupted
2019-10-18 11:24:25,987 [grpc-default-executor-1] INFO  impl.RoleInfo (RoleInfo.java:updateAndGet(143)) - c652e2ee-3322-4406-8db6-1ea643cb3197: start FollowerState
2019-10-18 11:24:25,987 [grpc-default-executor-0] INFO  impl.RoleInfo (RoleInfo.java:updateAndGet(143)) - 54aabb14-4a7d-4ab3-adbe-2e67760b87f4: start FollowerState
2019-10-18 11:24:26,024 [f535bb4a-cba0-4f9b-9e3e-e4a48b3eda51@group-7E32184879DE-LeaderElection96] INFO  impl.LeaderElection (LeaderElection.java:logAndReturn(56)) - f535bb4a-cba0-4f9b-9e3e-e4a48b3eda51@group-7E32184879DE-LeaderElection96: Election REJECTED; received 2 response(s) [f535bb4a-cba0-4f9b-9e3e-e4a48b3eda51<-54aabb14-4a7d-4ab3-adbe-2e67760b87f4#0:FAIL-t117, f535bb4a-cba0-4f9b-9e3e-e4a48b3eda51<-c652e2ee-3322-4406-8db6-1ea643cb3197#0:FAIL-t117] and 0 exception(s); f535bb4a-cba0-4f9b-9e3e-e4a48b3eda51@group-7E32184879DE:t117, leader=null, voted=f535bb4a-cba0-4f9b-9e3e-e4a48b3eda51, raftlog=f535bb4a-cba0-4f9b-9e3e-e4a48b3eda51@group-7E32184879DE-SegmentedRaftLog:OPENED:c-1,f-1,i0, conf=-1: [f535bb4a-cba0-4f9b-9e3e-e4a48b3eda51:0.0.0.0:44706, 54aabb14-4a7d-4ab3-adbe-2e67760b87f4:0.0.0.0:43074, c652e2ee-3322-4406-8db6-1ea643cb3197:0.0.0.0:42129], old=null
2019-10-18 11:24:26,025 [f535bb4a-cba0-4f9b-9e3e-e4a48b3eda51@group-7E32184879DE-LeaderElection96] INFO  impl.RaftServerImpl (RaftServerImpl.java:setRole(184)) - f535bb4a-cba0-4f9b-9e3e-e4a48b3eda51@group-7E32184879DE: changes role from CANDIDATE to FOLLOWER at term 117 for DISCOVERED_A_NEW_TERM
2019-10-18 11:24:26,025 [f535bb4a-cba0-4f9b-9e3e-e4a48b3eda51@group-7E32184879DE-LeaderElection96] INFO  impl.RoleInfo (RoleInfo.java:shutdownLeaderElection(134)) - f535bb4a-cba0-4f9b-9e3e-e4a48b3eda51: shutdown LeaderElection
2019-10-18 11:24:26,025 [f535bb4a-cba0-4f9b-9e3e-e4a48b3eda51@group-7E32184879DE-LeaderElection96] INFO  impl.RoleInfo (RoleInfo.java:updateAndGet(143)) - f535bb4a-cba0-4f9b-9e3e-e4a48b3eda51: start FollowerState
2019-10-18 11:24:26,093 [Thread-723] INFO  impl.FollowerState (FollowerState.java:run(108)) - f535bb4a-cba0-4f9b-9e3e-e4a48b3eda51@group-7E32184879DE-FollowerState: change to CANDIDATE, lastRpcTime:67ms, electionTimeout:67ms
2019-10-18 11:24:26,093 [Thread-723] INFO  impl.RoleInfo (RoleInfo.java:shutdownFollowerState(121)) - f535bb4a-cba0-4f9b-9e3e-e4a48b3eda51: shutdown FollowerState
2019-10-18 11:24:26,094 [Thread-723] INFO  impl.RaftServerImpl (RaftServerImpl.java:setRole(184)) - f535bb4a-cba0-4f9b-9e3e-e4a48b3eda51@group-7E32184879DE: changes role from  FOLLOWER to CANDIDATE at term 117 for changeToCandidate
2019-10-18 11:24:26,094 [Thread-723] INFO  impl.RoleInfo (RoleInfo.java:updateAndGet(143)) - f535bb4a-cba0-4f9b-9e3e-e4a48b3eda51: start LeaderElection
2019-10-18 11:24:26,118 [f535bb4a-cba0-4f9b-9e3e-e4a48b3eda51@group-7E32184879DE-LeaderElection97] INFO  impl.LeaderElection (LeaderElection.java:askForVotes(178)) - f535bb4a-cba0-4f9b-9e3e-e4a48b3eda51@group-7E32184879DE-LeaderElection97: begin an election at term 118 for -1: [f535bb4a-cba0-4f9b-9e3e-e4a48b3eda51:0.0.0.0:44706, 54aabb14-4a7d-4ab3-adbe-2e67760b87f4:0.0.0.0:43074, c652e2ee-3322-4406-8db6-1ea643cb3197:0.0.0.0:42129], old=null
2019-10-18 11:24:26,121 [grpc-default-executor-3] INFO  impl.RaftServerImpl (RaftServerImpl.java:setRole(184)) - c652e2ee-3322-4406-8db6-1ea643cb3197@group-7E32184879DE: changes role from  FOLLOWER to FOLLOWER at term 118 for recognizeCandidate:f535bb4a-cba0-4f9b-9e3e-e4a48b3eda51
2019-10-18 11:24:26,121 [grpc-default-executor-1] INFO  impl.RaftServerImpl (RaftServerImpl.java:setRole(184)) - 54aabb14-4a7d-4ab3-adbe-2e67760b87f4@group-7E32184879DE: changes role from  FOLLOWER to FOLLOWER at term 118 for recognizeCandidate:f535bb4a-cba0-4f9b-9e3e-e4a48b3eda51
2019-10-18 11:24:26,122 [grpc-default-executor-3] INFO  impl.RoleInfo (RoleInfo.java:shutdownFollowerState(121)) - c652e2ee-3322-4406-8db6-1ea643cb3197: shutdown FollowerState
2019-10-18 11:24:26,122 [grpc-default-executor-1] INFO  impl.RoleInfo (RoleInfo.java:shutdownFollowerState(121)) - 54aabb14-4a7d-4ab3-adbe-2e67760b87f4: shutdown FollowerState
2019-10-18 11:24:26,122 [Thread-719] INFO  impl.FollowerState (FollowerState.java:run(117)) - c652e2ee-3322-4406-8db6-1ea643cb3197@group-7E32184879DE-FollowerState was interrupted: java.lang.InterruptedException: sleep interrupted
2019-10-18 11:24:26,122 [grpc-default-executor-3] INFO  impl.RoleInfo (RoleInfo.java:updateAndGet(143)) - c652e2ee-3322-4406-8db6-1ea643cb3197: start FollowerState
2019-10-18 11:24:26,122 [Thread-720] INFO  impl.FollowerState (FollowerState.java:run(117)) - 54aabb14-4a7d-4ab3-adbe-2e67760b87f4@group-7E32184879DE-FollowerState was interrupted: java.lang.InterruptedException: sleep interrupted
2019-10-18 11:24:26,122 [grpc-default-executor-1] INFO  impl.RoleInfo (RoleInfo.java:updateAndGet(143)) - 54aabb14-4a7d-4ab3-adbe-2e67760b87f4: start FollowerState
2019-10-18 11:24:26,152 [f535bb4a-cba0-4f9b-9e3e-e4a48b3eda51@group-7E32184879DE-LeaderElection97] INFO  impl.LeaderElection (LeaderElection.java:logAndReturn(56)) - f535bb4a-cba0-4f9b-9e3e-e4a48b3eda51@group-7E32184879DE-LeaderElection97: Election REJECTED; received 2 response(s) [f535bb4a-cba0-4f9b-9e3e-e4a48b3eda51<-54aabb14-4a7d-4ab3-adbe-2e67760b87f4#0:FAIL-t118, f535bb4a-cba0-4f9b-9e3e-e4a48b3eda51<-c652e2ee-3322-4406-8db6-1ea643cb3197#0:FAIL-t118] and 0 exception(s); f535bb4a-cba0-4f9b-9e3e-e4a48b3eda51@group-7E32184879DE:t118, leader=null, voted=f535bb4a-cba0-4f9b-9e3e-e4a48b3eda51, raftlog=f535bb4a-cba0-4f9b-9e3e-e4a48b3eda51@group-7E32184879DE-SegmentedRaftLog:OPENED:c-1,f-1,i0, conf=-1: [f535bb4a-cba0-4f9b-9e3e-e4a48b3eda51:0.0.0.0:44706, 54aabb14-4a7d-4ab3-adbe-2e67760b87f4:0.0.0.0:43074, c652e2ee-3322-4406-8db6-1ea643cb3197:0.0.0.0:42129], old=null
2019-10-18 11:24:26,152 [f535bb4a-cba0-4f9b-9e3e-e4a48b3eda51@group-7E32184879DE-LeaderElection97] INFO  impl.RaftServerImpl (RaftServerImpl.java:setRole(184)) - f535bb4a-cba0-4f9b-9e3e-e4a48b3eda51@group-7E32184879DE: changes role from CANDIDATE to FOLLOWER at term 118 for DISCOVERED_A_NEW_TERM
2019-10-18 11:24:26,152 [f535bb4a-cba0-4f9b-9e3e-e4a48b3eda51@group-7E32184879DE-LeaderElection97] INFO  impl.RoleInfo (RoleInfo.java:shutdownLeaderElection(134)) - f535bb4a-cba0-4f9b-9e3e-e4a48b3eda51: shutdown LeaderElection
2019-10-18 11:24:26,153 [f535bb4a-cba0-4f9b-9e3e-e4a48b3eda51@group-7E32184879DE-LeaderElection97] INFO  impl.RoleInfo (RoleInfo.java:updateAndGet(143)) - f535bb4a-cba0-4f9b-9e3e-e4a48b3eda51: start FollowerState
2019-10-18 11:24:26,259 [Thread-729] INFO  impl.FollowerState (FollowerState.java:run(108)) - f535bb4a-cba0-4f9b-9e3e-e4a48b3eda51@group-7E32184879DE-FollowerState: change to CANDIDATE, lastRpcTime:106ms, electionTimeout:106ms
2019-10-18 11:24:26,259 [Thread-729] INFO  impl.RoleInfo (RoleInfo.java:shutdownFollowerState(121)) - f535bb4a-cba0-4f9b-9e3e-e4a48b3eda51: shutdown FollowerState
2019-10-18 11:24:26,259 [Thread-729] INFO  impl.RaftServerImpl (RaftServerImpl.java:setRole(184)) - f535bb4a-cba0-4f9b-9e3e-e4a48b3eda51@group-7E32184879DE: changes role from  FOLLOWER to CANDIDATE at term 118 for changeToCandidate
2019-10-18 11:24:26,260 [Thread-729] INFO  impl.RoleInfo (RoleInfo.java:updateAndGet(143)) - f535bb4a-cba0-4f9b-9e3e-e4a48b3eda51: start LeaderElection
2019-10-18 11:24:26,285 [f535bb4a-cba0-4f9b-9e3e-e4a48b3eda51@group-7E32184879DE-LeaderElection98] INFO  impl.LeaderElection (LeaderElection.java:askForVotes(178)) - f535bb4a-cba0-4f9b-9e3e-e4a48b3eda51@group-7E32184879DE-LeaderElection98: begin an election at term 119 for -1: [f535bb4a-cba0-4f9b-9e3e-e4a48b3eda51:0.0.0.0:44706, 54aabb14-4a7d-4ab3-adbe-2e67760b87f4:0.0.0.0:43074, c652e2ee-3322-4406-8db6-1ea643cb3197:0.0.0.0:42129], old=null
2019-10-18 11:24:26,288 [grpc-default-executor-3] INFO  impl.RaftServerImpl (RaftServerImpl.java:setRole(184)) - 54aabb14-4a7d-4ab3-adbe-2e67760b87f4@group-7E32184879DE: changes role from  FOLLOWER to FOLLOWER at term 119 for recognizeCandidate:f535bb4a-cba0-4f9b-9e3e-e4a48b3eda51
2019-10-18 11:24:26,288 [grpc-default-executor-1] INFO  impl.RaftServerImpl (RaftServerImpl.java:setRole(184)) - c652e2ee-3322-4406-8db6-1ea643cb3197@group-7E32184879DE: changes role from  FOLLOWER to FOLLOWER at term 119 for recognizeCandidate:f535bb4a-cba0-4f9b-9e3e-e4a48b3eda51
2019-10-18 11:24:26,288 [grpc-default-executor-3] INFO  impl.RoleInfo (RoleInfo.java:shutdownFollowerState(121)) - 54aabb14-4a7d-4ab3-adbe-2e67760b87f4: shutdown FollowerState
2019-10-18 11:24:26,288 [grpc-default-executor-1] INFO  impl.RoleInfo (RoleInfo.java:shutdownFollowerState(121)) - c652e2ee-3322-4406-8db6-1ea643cb3197: shutdown FollowerState
2019-10-18 11:24:26,288 [grpc-default-executor-3] INFO  impl.RoleInfo (RoleInfo.java:updateAndGet(143)) - 54aabb14-4a7d-4ab3-adbe-2e67760b87f4: start FollowerState
2019-10-18 11:24:26,288 [Thread-728] INFO  impl.FollowerState (FollowerState.java:run(117)) - 54aabb14-4a7d-4ab3-adbe-2e67760b87f4@group-7E32184879DE-FollowerState was interrupted: java.lang.InterruptedException: sleep interrupted
2019-10-18 11:24:26,288 [Thread-727] INFO  impl.FollowerState (FollowerState.java:run(117)) - c652e2ee-3322-4406-8db6-1ea643cb3197@group-7E32184879DE-FollowerState was interrupted: java.lang.InterruptedException: sleep interrupted
2019-10-18 11:24:26,288 [grpc-default-executor-1] INFO  impl.RoleInfo (RoleInfo.java:updateAndGet(143)) - c652e2ee-3322-4406-8db6-1ea643cb3197: start FollowerState
2019-10-18 11:24:26,311 [f535bb4a-cba0-4f9b-9e3e-e4a48b3eda51@group-7E32184879DE-LeaderElection98] INFO  impl.LeaderElection (LeaderElection.java:logAndReturn(56)) - f535bb4a-cba0-4f9b-9e3e-e4a48b3eda51@group-7E32184879DE-LeaderElection98: Election REJECTED; received 2 response(s) [f535bb4a-cba0-4f9b-9e3e-e4a48b3eda51<-54aabb14-4a7d-4ab3-adbe-2e67760b87f4#0:FAIL-t119, f535bb4a-cba0-4f9b-9e3e-e4a48b3eda51<-c652e2ee-3322-4406-8db6-1ea643cb3197#0:FAIL-t119] and 0 exception(s); f535bb4a-cba0-4f9b-9e3e-e4a48b3eda51@group-7E32184879DE:t119, leader=null, voted=f535bb4a-cba0-4f9b-9e3e-e4a48b3eda51, raftlog=f535bb4a-cba0-4f9b-9e3e-e4a48b3eda51@group-7E32184879DE-SegmentedRaftLog:OPENED:c-1,f-1,i0, conf=-1: [f535bb4a-cba0-4f9b-9e3e-e4a48b3eda51:0.0.0.0:44706, 54aabb14-4a7d-4ab3-adbe-2e67760b87f4:0.0.0.0:43074, c652e2ee-3322-4406-8db6-1ea643cb3197:0.0.0.0:42129], old=null
2019-10-18 11:24:26,311 [f535bb4a-cba0-4f9b-9e3e-e4a48b3eda51@group-7E32184879DE-LeaderElection98] INFO  impl.RaftServerImpl (RaftServerImpl.java:setRole(184)) - f535bb4a-cba0-4f9b-9e3e-e4a48b3eda51@group-7E32184879DE: changes role from CANDIDATE to FOLLOWER at term 119 for DISCOVERED_A_NEW_TERM
2019-10-18 11:24:26,311 [f535bb4a-cba0-4f9b-9e3e-e4a48b3eda51@group-7E32184879DE-LeaderElection98] INFO  impl.RoleInfo (RoleInfo.java:shutdownLeaderElection(134)) - f535bb4a-cba0-4f9b-9e3e-e4a48b3eda51: shutdown LeaderElection
2019-10-18 11:24:26,311 [f535bb4a-cba0-4f9b-9e3e-e4a48b3eda51@group-7E32184879DE-LeaderElection98] INFO  impl.RoleInfo (RoleInfo.java:updateAndGet(143)) - f535bb4a-cba0-4f9b-9e3e-e4a48b3eda51: start FollowerState
2019-10-18 11:24:26,447 [Thread-735] INFO  impl.FollowerState (FollowerState.java:run(108)) - f535bb4a-cba0-4f9b-9e3e-e4a48b3eda51@group-7E32184879DE-FollowerState: change to CANDIDATE, lastRpcTime:135ms, electionTimeout:135ms
2019-10-18 11:24:26,447 [Thread-735] INFO  impl.RoleInfo (RoleInfo.java:shutdownFollowerState(121)) - f535bb4a-cba0-4f9b-9e3e-e4a48b3eda51: shutdown FollowerState
2019-10-18 11:24:26,447 [Thread-735] INFO  impl.RaftServerImpl (RaftServerImpl.java:setRole(184)) - f535bb4a-cba0-4f9b-9e3e-e4a48b3eda51@group-7E32184879DE: changes role from  FOLLOWER to CANDIDATE at term 119 for changeToCandidate
2019-10-18 11:24:26,447 [Thread-735] INFO  impl.RoleInfo (RoleInfo.java:updateAndGet(143)) - f535bb4a-cba0-4f9b-9e3e-e4a48b3eda51: start LeaderElection
2019-10-18 11:24:26,477 [f535bb4a-cba0-4f9b-9e3e-e4a48b3eda51@group-7E32184879DE-LeaderElection99] INFO  impl.LeaderElection (LeaderElection.java:askForVotes(178)) - f535bb4a-cba0-4f9b-9e3e-e4a48b3eda51@group-7E32184879DE-LeaderElection99: begin an election at term 120 for -1: [f535bb4a-cba0-4f9b-9e3e-e4a48b3eda51:0.0.0.0:44706, 54aabb14-4a7d-4ab3-adbe-2e67760b87f4:0.0.0.0:43074, c652e2ee-3322-4406-8db6-1ea643cb3197:0.0.0.0:42129], old=null
2019-10-18 11:24:26,480 [grpc-default-executor-3] INFO  impl.RaftServerImpl (RaftServerImpl.java:setRole(184)) - 54aabb14-4a7d-4ab3-adbe-2e67760b87f4@group-7E32184879DE: changes role from  FOLLOWER to FOLLOWER at term 120 for recognizeCandidate:f535bb4a-cba0-4f9b-9e3e-e4a48b3eda51
2019-10-18 11:24:26,480 [grpc-default-executor-1] INFO  impl.RaftServerImpl (RaftServerImpl.java:setRole(184)) - c652e2ee-3322-4406-8db6-1ea643cb3197@group-7E32184879DE: changes role from  FOLLOWER to FOLLOWER at term 120 for recognizeCandidate:f535bb4a-cba0-4f9b-9e3e-e4a48b3eda51
2019-10-18 11:24:26,480 [grpc-default-executor-3] INFO  impl.RoleInfo (RoleInfo.java:shutdownFollowerState(121)) - 54aabb14-4a7d-4ab3-adbe-2e67760b87f4: shutdown FollowerState
2019-10-18 11:24:26,481 [grpc-default-executor-1] INFO  impl.RoleInfo (RoleInfo.java:shutdownFollowerState(121)) - c652e2ee-3322-4406-8db6-1ea643cb3197: shutdown FollowerState
2019-10-18 11:24:26,481 [Thread-733] INFO  impl.FollowerState (FollowerState.java:run(117)) - 54aabb14-4a7d-4ab3-adbe-2e67760b87f4@group-7E32184879DE-FollowerState was interrupted: java.lang.InterruptedException: sleep interrupted
2019-10-18 11:24:26,481 [Thread-734] INFO  impl.FollowerState (FollowerState.java:run(117)) - c652e2ee-3322-4406-8db6-1ea643cb3197@group-7E32184879DE-FollowerState was interrupted: java.lang.InterruptedException: sleep interrupted
2019-10-18 11:24:26,481 [grpc-default-executor-3] INFO  impl.RoleInfo (RoleInfo.java:updateAndGet(143)) - 54aabb14-4a7d-4ab3-adbe-2e67760b87f4: start FollowerState
2019-10-18 11:24:26,481 [grpc-default-executor-1] INFO  impl.RoleInfo (RoleInfo.java:updateAndGet(143)) - c652e2ee-3322-4406-8db6-1ea643cb3197: start FollowerState
2019-10-18 11:24:26,504 [f535bb4a-cba0-4f9b-9e3e-e4a48b3eda51@group-7E32184879DE-LeaderElection99] INFO  impl.LeaderElection (LeaderElection.java:logAndReturn(56)) - f535bb4a-cba0-4f9b-9e3e-e4a48b3eda51@group-7E32184879DE-LeaderElection99: Election REJECTED; received 2 response(s) [f535bb4a-cba0-4f9b-9e3e-e4a48b3eda51<-54aabb14-4a7d-4ab3-adbe-2e67760b87f4#0:FAIL-t120, f535bb4a-cba0-4f9b-9e3e-e4a48b3eda51<-c652e2ee-3322-4406-8db6-1ea643cb3197#0:FAIL-t120] and 0 exception(s); f535bb4a-cba0-4f9b-9e3e-e4a48b3eda51@group-7E32184879DE:t120, leader=null, voted=f535bb4a-cba0-4f9b-9e3e-e4a48b3eda51, raftlog=f535bb4a-cba0-4f9b-9e3e-e4a48b3eda51@group-7E32184879DE-SegmentedRaftLog:OPENED:c-1,f-1,i0, conf=-1: [f535bb4a-cba0-4f9b-9e3e-e4a48b3eda51:0.0.0.0:44706, 54aabb14-4a7d-4ab3-adbe-2e67760b87f4:0.0.0.0:43074, c652e2ee-3322-4406-8db6-1ea643cb3197:0.0.0.0:42129], old=null
2019-10-18 11:24:26,504 [f535bb4a-cba0-4f9b-9e3e-e4a48b3eda51@group-7E32184879DE-LeaderElection99] INFO  impl.RaftServerImpl (RaftServerImpl.java:setRole(184)) - f535bb4a-cba0-4f9b-9e3e-e4a48b3eda51@group-7E32184879DE: changes role from CANDIDATE to FOLLOWER at term 120 for DISCOVERED_A_NEW_TERM
2019-10-18 11:24:26,504 [f535bb4a-cba0-4f9b-9e3e-e4a48b3eda51@group-7E32184879DE-LeaderElection99] INFO  impl.RoleInfo (RoleInfo.java:shutdownLeaderElection(134)) - f535bb4a-cba0-4f9b-9e3e-e4a48b3eda51: shutdown LeaderElection
2019-10-18 11:24:26,504 [f535bb4a-cba0-4f9b-9e3e-e4a48b3eda51@group-7E32184879DE-LeaderElection99] INFO  impl.RoleInfo (RoleInfo.java:updateAndGet(143)) - f535bb4a-cba0-4f9b-9e3e-e4a48b3eda51: start FollowerState
2019-10-18 11:24:26,573 [Thread-741] INFO  impl.FollowerState (FollowerState.java:run(108)) - f535bb4a-cba0-4f9b-9e3e-e4a48b3eda51@group-7E32184879DE-FollowerState: change to CANDIDATE, lastRpcTime:68ms, electionTimeout:68ms
2019-10-18 11:24:26,573 [Thread-741] INFO  impl.RoleInfo (RoleInfo.java:shutdownFollowerState(121)) - f535bb4a-cba0-4f9b-9e3e-e4a48b3eda51: shutdown FollowerState
2019-10-18 11:24:26,573 [Thread-741] INFO  impl.RaftServerImpl (RaftServerImpl.java:setRole(184)) - f535bb4a-cba0-4f9b-9e3e-e4a48b3eda51@group-7E32184879DE: changes role from  FOLLOWER to CANDIDATE at term 120 for changeToCandidate
2019-10-18 11:24:26,573 [Thread-741] INFO  impl.RoleInfo (RoleInfo.java:updateAndGet(143)) - f535bb4a-cba0-4f9b-9e3e-e4a48b3eda51: start LeaderElection
2019-10-18 11:24:26,603 [f535bb4a-cba0-4f9b-9e3e-e4a48b3eda51@group-7E32184879DE-LeaderElection100] INFO  impl.LeaderElection (LeaderElection.java:askForVotes(178)) - f535bb4a-cba0-4f9b-9e3e-e4a48b3eda51@group-7E32184879DE-LeaderElection100: begin an election at term 121 for -1: [f535bb4a-cba0-4f9b-9e3e-e4a48b3eda51:0.0.0.0:44706, 54aabb14-4a7d-4ab3-adbe-2e67760b87f4:0.0.0.0:43074, c652e2ee-3322-4406-8db6-1ea643cb3197:0.0.0.0:42129], old=null
2019-10-18 11:24:26,605 [grpc-default-executor-1] INFO  impl.RaftServerImpl (RaftServerImpl.java:setRole(184)) - 54aabb14-4a7d-4ab3-adbe-2e67760b87f4@group-7E32184879DE: changes role from  FOLLOWER to FOLLOWER at term 121 for recognizeCandidate:f535bb4a-cba0-4f9b-9e3e-e4a48b3eda51
2019-10-18 11:24:26,605 [grpc-default-executor-3] INFO  impl.RaftServerImpl (RaftServerImpl.java:setRole(184)) - c652e2ee-3322-4406-8db6-1ea643cb3197@group-7E32184879DE: changes role from  FOLLOWER to FOLLOWER at term 121 for recognizeCandidate:f535bb4a-cba0-4f9b-9e3e-e4a48b3eda51
2019-10-18 11:24:26,605 [grpc-default-executor-1] INFO  impl.RoleInfo (RoleInfo.java:shutdownFollowerState(121)) - 54aabb14-4a7d-4ab3-adbe-2e67760b87f4: shutdown FollowerState
2019-10-18 11:24:26,606 [grpc-default-executor-3] INFO  impl.RoleInfo (RoleInfo.java:shutdownFollowerState(121)) - c652e2ee-3322-4406-8db6-1ea643cb3197: shutdown FollowerState
2019-10-18 11:24:26,606 [Thread-739] INFO  impl.FollowerState (FollowerState.java:run(117)) - 54aabb14-4a7d-4ab3-adbe-2e67760b87f4@group-7E32184879DE-FollowerState was interrupted: java.lang.InterruptedException: sleep interrupted
2019-10-18 11:24:26,606 [grpc-default-executor-1] INFO  impl.RoleInfo (RoleInfo.java:updateAndGet(143)) - 54aabb14-4a7d-4ab3-adbe-2e67760b87f4: start FollowerState
2019-10-18 11:24:26,606 [Thread-740] INFO  impl.FollowerState (FollowerState.java:run(117)) - c652e2ee-3322-4406-8db6-1ea643cb3197@group-7E32184879DE-FollowerState was interrupted: java.lang.InterruptedException: sleep interrupted
2019-10-18 11:24:26,606 [grpc-default-executor-3] INFO  impl.RoleInfo (RoleInfo.java:updateAndGet(143)) - c652e2ee-3322-4406-8db6-1ea643cb3197: start FollowerState
2019-10-18 11:24:26,630 [f535bb4a-cba0-4f9b-9e3e-e4a48b3eda51@group-7E32184879DE-LeaderElection100] INFO  impl.LeaderElection (LeaderElection.java:logAndReturn(56)) - f535bb4a-cba0-4f9b-9e3e-e4a48b3eda51@group-7E32184879DE-LeaderElection100: Election REJECTED; received 2 response(s) [f535bb4a-cba0-4f9b-9e3e-e4a48b3eda51<-54aabb14-4a7d-4ab3-adbe-2e67760b87f4#0:FAIL-t121, f535bb4a-cba0-4f9b-9e3e-e4a48b3eda51<-c652e2ee-3322-4406-8db6-1ea643cb3197#0:FAIL-t121] and 0 exception(s); f535bb4a-cba0-4f9b-9e3e-e4a48b3eda51@group-7E32184879DE:t121, leader=null, voted=f535bb4a-cba0-4f9b-9e3e-e4a48b3eda51, raftlog=f535bb4a-cba0-4f9b-9e3e-e4a48b3eda51@group-7E32184879DE-SegmentedRaftLog:OPENED:c-1,f-1,i0, conf=-1: [f535bb4a-cba0-4f9b-9e3e-e4a48b3eda51:0.0.0.0:44706, 54aabb14-4a7d-4ab3-adbe-2e67760b87f4:0.0.0.0:43074, c652e2ee-3322-4406-8db6-1ea643cb3197:0.0.0.0:42129], old=null
2019-10-18 11:24:26,630 [f535bb4a-cba0-4f9b-9e3e-e4a48b3eda51@group-7E32184879DE-LeaderElection100] INFO  impl.RaftServerImpl (RaftServerImpl.java:setRole(184)) - f535bb4a-cba0-4f9b-9e3e-e4a48b3eda51@group-7E32184879DE: changes role from CANDIDATE to FOLLOWER at term 121 for DISCOVERED_A_NEW_TERM
2019-10-18 11:24:26,630 [f535bb4a-cba0-4f9b-9e3e-e4a48b3eda51@group-7E32184879DE-LeaderElection100] INFO  impl.RoleInfo (RoleInfo.java:shutdownLeaderElection(134)) - f535bb4a-cba0-4f9b-9e3e-e4a48b3eda51: shutdown LeaderElection
2019-10-18 11:24:26,630 [f535bb4a-cba0-4f9b-9e3e-e4a48b3eda51@group-7E32184879DE-LeaderElection100] INFO  impl.RoleInfo (RoleInfo.java:updateAndGet(143)) - f535bb4a-cba0-4f9b-9e3e-e4a48b3eda51: start FollowerState
2019-10-18 11:24:26,732 [Thread-747] INFO  impl.FollowerState (FollowerState.java:run(108)) - f535bb4a-cba0-4f9b-9e3e-e4a48b3eda51@group-7E32184879DE-FollowerState: change to CANDIDATE, lastRpcTime:102ms, electionTimeout:102ms
2019-10-18 11:24:26,732 [Thread-747] INFO  impl.RoleInfo (RoleInfo.java:shutdownFollowerState(121)) - f535bb4a-cba0-4f9b-9e3e-e4a48b3eda51: shutdown FollowerState
2019-10-18 11:24:26,733 [Thread-747] INFO  impl.RaftServerImpl (RaftServerImpl.java:setRole(184)) - f535bb4a-cba0-4f9b-9e3e-e4a48b3eda51@group-7E32184879DE: changes role from  FOLLOWER to CANDIDATE at term 121 for changeToCandidate
2019-10-18 11:24:26,733 [Thread-747] INFO  impl.RoleInfo (RoleInfo.java:updateAndGet(143)) - f535bb4a-cba0-4f9b-9e3e-e4a48b3eda51: start LeaderElection
2019-10-18 11:24:26,762 [f535bb4a-cba0-4f9b-9e3e-e4a48b3eda51@group-7E32184879DE-LeaderElection101] INFO  impl.LeaderElection (LeaderElection.java:askForVotes(178)) - f535bb4a-cba0-4f9b-9e3e-e4a48b3eda51@group-7E32184879DE-LeaderElection101: begin an election at term 122 for -1: [f535bb4a-cba0-4f9b-9e3e-e4a48b3eda51:0.0.0.0:44706, 54aabb14-4a7d-4ab3-adbe-2e67760b87f4:0.0.0.0:43074, c652e2ee-3322-4406-8db6-1ea643cb3197:0.0.0.0:42129], old=null
2019-10-18 11:24:26,765 [grpc-default-executor-1] INFO  impl.RaftServerImpl (RaftServerImpl.java:setRole(184)) - 54aabb14-4a7d-4ab3-adbe-2e67760b87f4@group-7E32184879DE: changes role from  FOLLOWER to FOLLOWER at term 122 for recognizeCandidate:f535bb4a-cba0-4f9b-9e3e-e4a48b3eda51
2019-10-18 11:24:26,765 [grpc-default-executor-3] INFO  impl.RaftServerImpl (RaftServerImpl.java:setRole(184)) - c652e2ee-3322-4406-8db6-1ea643cb3197@group-7E32184879DE: changes role from  FOLLOWER to FOLLOWER at term 122 for recognizeCandidate:f535bb4a-cba0-4f9b-9e3e-e4a48b3eda51
2019-10-18 11:24:26,765 [grpc-default-executor-1] INFO  impl.RoleInfo (RoleInfo.java:shutdownFollowerState(121)) - 54aabb14-4a7d-4ab3-adbe-2e67760b87f4: shutdown FollowerState
2019-10-18 11:24:26,765 [grpc-default-executor-3] INFO  impl.RoleInfo (RoleInfo.java:shutdownFollowerState(121)) - c652e2ee-3322-4406-8db6-1ea643cb3197: shutdown FollowerState
2019-10-18 11:24:26,766 [Thread-745] INFO  impl.FollowerState (FollowerState.java:run(117)) - 54aabb14-4a7d-4ab3-adbe-2e67760b87f4@group-7E32184879DE-FollowerState was interrupted: java.lang.InterruptedException: sleep interrupted
2019-10-18 11:24:26,766 [grpc-default-executor-1] INFO  impl.RoleInfo (RoleInfo.java:updateAndGet(143)) - 54aabb14-4a7d-4ab3-adbe-2e67760b87f4: start FollowerState
2019-10-18 11:24:26,766 [Thread-746] INFO  impl.FollowerState (FollowerState.java:run(117)) - c652e2ee-3322-4406-8db6-1ea643cb3197@group-7E32184879DE-FollowerState was interrupted: java.lang.InterruptedException: sleep interrupted
2019-10-18 11:24:26,766 [grpc-default-executor-3] INFO  impl.RoleInfo (RoleInfo.java:updateAndGet(143)) - c652e2ee-3322-4406-8db6-1ea643cb3197: start FollowerState
2019-10-18 11:24:26,789 [f535bb4a-cba0-4f9b-9e3e-e4a48b3eda51@group-7E32184879DE-LeaderElection101] INFO  impl.LeaderElection (LeaderElection.java:logAndReturn(56)) - f535bb4a-cba0-4f9b-9e3e-e4a48b3eda51@group-7E32184879DE-LeaderElection101: Election REJECTED; received 2 response(s) [f535bb4a-cba0-4f9b-9e3e-e4a48b3eda51<-54aabb14-4a7d-4ab3-adbe-2e67760b87f4#0:FAIL-t122, f535bb4a-cba0-4f9b-9e3e-e4a48b3eda51<-c652e2ee-3322-4406-8db6-1ea643cb3197#0:FAIL-t122] and 0 exception(s); f535bb4a-cba0-4f9b-9e3e-e4a48b3eda51@group-7E32184879DE:t122, leader=null, voted=f535bb4a-cba0-4f9b-9e3e-e4a48b3eda51, raftlog=f535bb4a-cba0-4f9b-9e3e-e4a48b3eda51@group-7E32184879DE-SegmentedRaftLog:OPENED:c-1,f-1,i0, conf=-1: [f535bb4a-cba0-4f9b-9e3e-e4a48b3eda51:0.0.0.0:44706, 54aabb14-4a7d-4ab3-adbe-2e67760b87f4:0.0.0.0:43074, c652e2ee-3322-4406-8db6-1ea643cb3197:0.0.0.0:42129], old=null
2019-10-18 11:24:26,789 [f535bb4a-cba0-4f9b-9e3e-e4a48b3eda51@group-7E32184879DE-LeaderElection101] INFO  impl.RaftServerImpl (RaftServerImpl.java:setRole(184)) - f535bb4a-cba0-4f9b-9e3e-e4a48b3eda51@group-7E32184879DE: changes role from CANDIDATE to FOLLOWER at term 122 for DISCOVERED_A_NEW_TERM
2019-10-18 11:24:26,789 [f535bb4a-cba0-4f9b-9e3e-e4a48b3eda51@group-7E32184879DE-LeaderElection101] INFO  impl.RoleInfo (RoleInfo.java:shutdownLeaderElection(134)) - f535bb4a-cba0-4f9b-9e3e-e4a48b3eda51: shutdown LeaderElection
2019-10-18 11:24:26,789 [f535bb4a-cba0-4f9b-9e3e-e4a48b3eda51@group-7E32184879DE-LeaderElection101] INFO  impl.RoleInfo (RoleInfo.java:updateAndGet(143)) - f535bb4a-cba0-4f9b-9e3e-e4a48b3eda51: start FollowerState
2019-10-18 11:24:26,813 [Thread-753] INFO  impl.FollowerState (FollowerState.java:run(108)) - f535bb4a-cba0-4f9b-9e3e-e4a48b3eda51@group-7E32184879DE-FollowerState: change to CANDIDATE, lastRpcTime:24ms, electionTimeout:24ms
2019-10-18 11:24:26,814 [Thread-753] INFO  impl.RoleInfo (RoleInfo.java:shutdownFollowerState(121)) - f535bb4a-cba0-4f9b-9e3e-e4a48b3eda51: shutdown FollowerState
2019-10-18 11:24:26,814 [Thread-753] INFO  impl.RaftServerImpl (RaftServerImpl.java:setRole(184)) - f535bb4a-cba0-4f9b-9e3e-e4a48b3eda51@group-7E32184879DE: changes role from  FOLLOWER to CANDIDATE at term 122 for changeToCandidate
2019-10-18 11:24:26,814 [Thread-753] INFO  impl.RoleInfo (RoleInfo.java:updateAndGet(143)) - f535bb4a-cba0-4f9b-9e3e-e4a48b3eda51: start LeaderElection
2019-10-18 11:24:26,838 [f535bb4a-cba0-4f9b-9e3e-e4a48b3eda51@group-7E32184879DE-LeaderElection102] INFO  impl.LeaderElection (LeaderElection.java:askForVotes(178)) - f535bb4a-cba0-4f9b-9e3e-e4a48b3eda51@group-7E32184879DE-LeaderElection102: begin an election at term 123 for -1: [f535bb4a-cba0-4f9b-9e3e-e4a48b3eda51:0.0.0.0:44706, 54aabb14-4a7d-4ab3-adbe-2e67760b87f4:0.0.0.0:43074, c652e2ee-3322-4406-8db6-1ea643cb3197:0.0.0.0:42129], old=null
2019-10-18 11:24:26,840 [grpc-default-executor-3] INFO  impl.RaftServerImpl (RaftServerImpl.java:setRole(184)) - 54aabb14-4a7d-4ab3-adbe-2e67760b87f4@group-7E32184879DE: changes role from  FOLLOWER to FOLLOWER at term 123 for recognizeCandidate:f535bb4a-cba0-4f9b-9e3e-e4a48b3eda51
2019-10-18 11:24:26,840 [grpc-default-executor-3] INFO  impl.RoleInfo (RoleInfo.java:shutdownFollowerState(121)) - 54aabb14-4a7d-4ab3-adbe-2e67760b87f4: shutdown FollowerState
2019-10-18 11:24:26,840 [grpc-default-executor-3] INFO  impl.RoleInfo (RoleInfo.java:updateAndGet(143)) - 54aabb14-4a7d-4ab3-adbe-2e67760b87f4: start FollowerState
2019-10-18 11:24:26,841 [grpc-default-executor-1] INFO  impl.RaftServerImpl (RaftServerImpl.java:setRole(184)) - c652e2ee-3322-4406-8db6-1ea643cb3197@group-7E32184879DE: changes role from  FOLLOWER to FOLLOWER at term 123 for recognizeCandidate:f535bb4a-cba0-4f9b-9e3e-e4a48b3eda51
2019-10-18 11:24:26,841 [grpc-default-executor-1] INFO  impl.RoleInfo (RoleInfo.java:shutdownFollowerState(121)) - c652e2ee-3322-4406-8db6-1ea643cb3197: shutdown FollowerState
2019-10-18 11:24:26,841 [Thread-751] INFO  impl.FollowerState (FollowerState.java:run(117)) - 54aabb14-4a7d-4ab3-adbe-2e67760b87f4@group-7E32184879DE-FollowerState was interrupted: java.lang.InterruptedException: sleep interrupted
2019-10-18 11:24:26,841 [Thread-752] INFO  impl.FollowerState (FollowerState.java:run(117)) - c652e2ee-3322-4406-8db6-1ea643cb3197@group-7E32184879DE-FollowerState was interrupted: java.lang.InterruptedException: sleep interrupted
2019-10-18 11:24:26,841 [grpc-default-executor-1] INFO  impl.RoleInfo (RoleInfo.java:updateAndGet(143)) - c652e2ee-3322-4406-8db6-1ea643cb3197: start FollowerState
2019-10-18 11:24:26,864 [f535bb4a-cba0-4f9b-9e3e-e4a48b3eda51@group-7E32184879DE-LeaderElection102] INFO  impl.LeaderElection (LeaderElection.java:logAndReturn(56)) - f535bb4a-cba0-4f9b-9e3e-e4a48b3eda51@group-7E32184879DE-LeaderElection102: Election TIMEOUT; received 0 response(s) [] and 0 exception(s); f535bb4a-cba0-4f9b-9e3e-e4a48b3eda51@group-7E32184879DE:t123, leader=null, voted=f535bb4a-cba0-4f9b-9e3e-e4a48b3eda51, raftlog=f535bb4a-cba0-4f9b-9e3e-e4a48b3eda51@group-7E32184879DE-SegmentedRaftLog:OPENED:c-1,f-1,i0, conf=-1: [f535bb4a-cba0-4f9b-9e3e-e4a48b3eda51:0.0.0.0:44706, 54aabb14-4a7d-4ab3-adbe-2e67760b87f4:0.0.0.0:43074, c652e2ee-3322-4406-8db6-1ea643cb3197:0.0.0.0:42129], old=null
2019-10-18 11:24:26,889 [f535bb4a-cba0-4f9b-9e3e-e4a48b3eda51@group-7E32184879DE-LeaderElection102] INFO  impl.LeaderElection (LeaderElection.java:askForVotes(178)) - f535bb4a-cba0-4f9b-9e3e-e4a48b3eda51@group-7E32184879DE-LeaderElection102: begin an election at term 124 for -1: [f535bb4a-cba0-4f9b-9e3e-e4a48b3eda51:0.0.0.0:44706, 54aabb14-4a7d-4ab3-adbe-2e67760b87f4:0.0.0.0:43074, c652e2ee-3322-4406-8db6-1ea643cb3197:0.0.0.0:42129], old=null
2019-10-18 11:24:26,891 [grpc-default-executor-1] INFO  impl.RaftServerImpl (RaftServerImpl.java:setRole(184)) - 54aabb14-4a7d-4ab3-adbe-2e67760b87f4@group-7E32184879DE: changes role from  FOLLOWER to FOLLOWER at term 124 for recognizeCandidate:f535bb4a-cba0-4f9b-9e3e-e4a48b3eda51
2019-10-18 11:24:26,891 [grpc-default-executor-1] INFO  impl.RoleInfo (RoleInfo.java:shutdownFollowerState(121)) - 54aabb14-4a7d-4ab3-adbe-2e67760b87f4: shutdown FollowerState
2019-10-18 11:24:26,891 [grpc-default-executor-3] INFO  impl.RaftServerImpl (RaftServerImpl.java:setRole(184)) - c652e2ee-3322-4406-8db6-1ea643cb3197@group-7E32184879DE: changes role from  FOLLOWER to FOLLOWER at term 124 for recognizeCandidate:f535bb4a-cba0-4f9b-9e3e-e4a48b3eda51
2019-10-18 11:24:26,891 [grpc-default-executor-3] INFO  impl.RoleInfo (RoleInfo.java:shutdownFollowerState(121)) - c652e2ee-3322-4406-8db6-1ea643cb3197: shutdown FollowerState
2019-10-18 11:24:26,891 [Thread-757] INFO  impl.FollowerState (FollowerState.java:run(117)) - 54aabb14-4a7d-4ab3-adbe-2e67760b87f4@group-7E32184879DE-FollowerState was interrupted: java.lang.InterruptedException: sleep interrupted
2019-10-18 11:24:26,891 [grpc-default-executor-1] INFO  impl.RoleInfo (RoleInfo.java:updateAndGet(143)) - 54aabb14-4a7d-4ab3-adbe-2e67760b87f4: start FollowerState
2019-10-18 11:24:26,891 [Thread-758] INFO  impl.FollowerState (FollowerState.java:run(117)) - c652e2ee-3322-4406-8db6-1ea643cb3197@group-7E32184879DE-FollowerState was interrupted: java.lang.InterruptedException: sleep interrupted
2019-10-18 11:24:26,891 [grpc-default-executor-3] INFO  impl.RoleInfo (RoleInfo.java:updateAndGet(143)) - c652e2ee-3322-4406-8db6-1ea643cb3197: start FollowerState
2019-10-18 11:24:26,915 [f535bb4a-cba0-4f9b-9e3e-e4a48b3eda51@group-7E32184879DE-LeaderElection102] INFO  impl.LeaderElection (LeaderElection.java:logAndReturn(56)) - f535bb4a-cba0-4f9b-9e3e-e4a48b3eda51@group-7E32184879DE-LeaderElection102: Election REJECTED; received 2 response(s) [f535bb4a-cba0-4f9b-9e3e-e4a48b3eda51<-54aabb14-4a7d-4ab3-adbe-2e67760b87f4#0:FAIL-t124, f535bb4a-cba0-4f9b-9e3e-e4a48b3eda51<-c652e2ee-3322-4406-8db6-1ea643cb3197#0:FAIL-t124] and 0 exception(s); f535bb4a-cba0-4f9b-9e3e-e4a48b3eda51@group-7E32184879DE:t124, leader=null, voted=f535bb4a-cba0-4f9b-9e3e-e4a48b3eda51, raftlog=f535bb4a-cba0-4f9b-9e3e-e4a48b3eda51@group-7E32184879DE-SegmentedRaftLog:OPENED:c-1,f-1,i0, conf=-1: [f535bb4a-cba0-4f9b-9e3e-e4a48b3eda51:0.0.0.0:44706, 54aabb14-4a7d-4ab3-adbe-2e67760b87f4:0.0.0.0:43074, c652e2ee-3322-4406-8db6-1ea643cb3197:0.0.0.0:42129], old=null
2019-10-18 11:24:26,915 [f535bb4a-cba0-4f9b-9e3e-e4a48b3eda51@group-7E32184879DE-LeaderElection102] INFO  impl.RaftServerImpl (RaftServerImpl.java:setRole(184)) - f535bb4a-cba0-4f9b-9e3e-e4a48b3eda51@group-7E32184879DE: changes role from CANDIDATE to FOLLOWER at term 124 for DISCOVERED_A_NEW_TERM
2019-10-18 11:24:26,915 [f535bb4a-cba0-4f9b-9e3e-e4a48b3eda51@group-7E32184879DE-LeaderElection102] INFO  impl.RoleInfo (RoleInfo.java:shutdownLeaderElection(134)) - f535bb4a-cba0-4f9b-9e3e-e4a48b3eda51: shutdown LeaderElection
2019-10-18 11:24:26,915 [f535bb4a-cba0-4f9b-9e3e-e4a48b3eda51@group-7E32184879DE-LeaderElection102] INFO  impl.RoleInfo (RoleInfo.java:updateAndGet(143)) - f535bb4a-cba0-4f9b-9e3e-e4a48b3eda51: start FollowerState
2019-10-18 11:24:27,112 [Thread-763] INFO  impl.FollowerState (FollowerState.java:run(108)) - f535bb4a-cba0-4f9b-9e3e-e4a48b3eda51@group-7E32184879DE-FollowerState: change to CANDIDATE, lastRpcTime:196ms, electionTimeout:196ms
2019-10-18 11:24:27,112 [Thread-763] INFO  impl.RoleInfo (RoleInfo.java:shutdownFollowerState(121)) - f535bb4a-cba0-4f9b-9e3e-e4a48b3eda51: shutdown FollowerState
2019-10-18 11:24:27,112 [Thread-763] INFO  impl.RaftServerImpl (RaftServerImpl.java:setRole(184)) - f535bb4a-cba0-4f9b-9e3e-e4a48b3eda51@group-7E32184879DE: changes role from  FOLLOWER to CANDIDATE at term 124 for changeToCandidate
2019-10-18 11:24:27,112 [Thread-763] INFO  impl.RoleInfo (RoleInfo.java:updateAndGet(143)) - f535bb4a-cba0-4f9b-9e3e-e4a48b3eda51: start LeaderElection
2019-10-18 11:24:27,131 [f535bb4a-cba0-4f9b-9e3e-e4a48b3eda51@group-7E32184879DE-LeaderElection103] INFO  impl.LeaderElection (LeaderElection.java:askForVotes(178)) - f535bb4a-cba0-4f9b-9e3e-e4a48b3eda51@group-7E32184879DE-LeaderElection103: begin an election at term 125 for -1: [f535bb4a-cba0-4f9b-9e3e-e4a48b3eda51:0.0.0.0:44706, 54aabb14-4a7d-4ab3-adbe-2e67760b87f4:0.0.0.0:43074, c652e2ee-3322-4406-8db6-1ea643cb3197:0.0.0.0:42129], old=null
2019-10-18 11:24:27,133 [grpc-default-executor-1] INFO  impl.RaftServerImpl (RaftServerImpl.java:setRole(184)) - 54aabb14-4a7d-4ab3-adbe-2e67760b87f4@group-7E32184879DE: changes role from  FOLLOWER to FOLLOWER at term 125 for recognizeCandidate:f535bb4a-cba0-4f9b-9e3e-e4a48b3eda51
2019-10-18 11:24:27,133 [grpc-default-executor-0] INFO  impl.RaftServerImpl (RaftServerImpl.java:setRole(184)) - c652e2ee-3322-4406-8db6-1ea643cb3197@group-7E32184879DE: changes role from  FOLLOWER to FOLLOWER at term 125 for recognizeCandidate:f535bb4a-cba0-4f9b-9e3e-e4a48b3eda51
2019-10-18 11:24:27,133 [grpc-default-executor-1] INFO  impl.RoleInfo (RoleInfo.java:shutdownFollowerState(121)) - 54aabb14-4a7d-4ab3-adbe-2e67760b87f4: shutdown FollowerState
2019-10-18 11:24:27,133 [grpc-default-executor-0] INFO  impl.RoleInfo (RoleInfo.java:shutdownFollowerState(121)) - c652e2ee-3322-4406-8db6-1ea643cb3197: shutdown FollowerState
2019-10-18 11:24:27,134 [Thread-761] INFO  impl.FollowerState (FollowerState.java:run(117)) - 54aabb14-4a7d-4ab3-adbe-2e67760b87f4@group-7E32184879DE-FollowerState was interrupted: java.lang.InterruptedException: sleep interrupted
2019-10-18 11:24:27,134 [grpc-default-executor-1] INFO  impl.RoleInfo (RoleInfo.java:updateAndGet(143)) - 54aabb14-4a7d-4ab3-adbe-2e67760b87f4: start FollowerState
2019-10-18 11:24:27,134 [Thread-762] INFO  impl.FollowerState (FollowerState.java:run(117)) - c652e2ee-3322-4406-8db6-1ea643cb3197@group-7E32184879DE-FollowerState was interrupted: java.lang.InterruptedException: sleep interrupted
2019-10-18 11:24:27,134 [grpc-default-executor-0] INFO  impl.RoleInfo (RoleInfo.java:updateAndGet(143)) - c652e2ee-3322-4406-8db6-1ea643cb3197: start FollowerState
2019-10-18 11:24:27,157 [f535bb4a-cba0-4f9b-9e3e-e4a48b3eda51@group-7E32184879DE-LeaderElection103] INFO  impl.LeaderElection (LeaderElection.java:logAndReturn(56)) - f535bb4a-cba0-4f9b-9e3e-e4a48b3eda51@group-7E32184879DE-LeaderElection103: Election REJECTED; received 2 response(s) [f535bb4a-cba0-4f9b-9e3e-e4a48b3eda51<-54aabb14-4a7d-4ab3-adbe-2e67760b87f4#0:FAIL-t125, f535bb4a-cba0-4f9b-9e3e-e4a48b3eda51<-c652e2ee-3322-4406-8db6-1ea643cb3197#0:FAIL-t125] and 0 exception(s); f535bb4a-cba0-4f9b-9e3e-e4a48b3eda51@group-7E32184879DE:t125, leader=null, voted=f535bb4a-cba0-4f9b-9e3e-e4a48b3eda51, raftlog=f535bb4a-cba0-4f9b-9e3e-e4a48b3eda51@group-7E32184879DE-SegmentedRaftLog:OPENED:c-1,f-1,i0, conf=-1: [f535bb4a-cba0-4f9b-9e3e-e4a48b3eda51:0.0.0.0:44706, 54aabb14-4a7d-4ab3-adbe-2e67760b87f4:0.0.0.0:43074, c652e2ee-3322-4406-8db6-1ea643cb3197:0.0.0.0:42129], old=null
2019-10-18 11:24:27,157 [f535bb4a-cba0-4f9b-9e3e-e4a48b3eda51@group-7E32184879DE-LeaderElection103] INFO  impl.RaftServerImpl (RaftServerImpl.java:setRole(184)) - f535bb4a-cba0-4f9b-9e3e-e4a48b3eda51@group-7E32184879DE: changes role from CANDIDATE to FOLLOWER at term 125 for DISCOVERED_A_NEW_TERM
2019-10-18 11:24:27,158 [f535bb4a-cba0-4f9b-9e3e-e4a48b3eda51@group-7E32184879DE-LeaderElection103] INFO  impl.RoleInfo (RoleInfo.java:shutdownLeaderElection(134)) - f535bb4a-cba0-4f9b-9e3e-e4a48b3eda51: shutdown LeaderElection
2019-10-18 11:24:27,158 [f535bb4a-cba0-4f9b-9e3e-e4a48b3eda51@group-7E32184879DE-LeaderElection103] INFO  impl.RoleInfo (RoleInfo.java:updateAndGet(143)) - f535bb4a-cba0-4f9b-9e3e-e4a48b3eda51: start FollowerState
2019-10-18 11:24:27,189 [Thread-771] INFO  impl.FollowerState (FollowerState.java:run(108)) - f535bb4a-cba0-4f9b-9e3e-e4a48b3eda51@group-7E32184879DE-FollowerState: change to CANDIDATE, lastRpcTime:31ms, electionTimeout:31ms
2019-10-18 11:24:27,189 [Thread-771] INFO  impl.RoleInfo (RoleInfo.java:shutdownFollowerState(121)) - f535bb4a-cba0-4f9b-9e3e-e4a48b3eda51: shutdown FollowerState
2019-10-18 11:24:27,189 [Thread-771] INFO  impl.RaftServerImpl (RaftServerImpl.java:setRole(184)) - f535bb4a-cba0-4f9b-9e3e-e4a48b3eda51@group-7E32184879DE: changes role from  FOLLOWER to CANDIDATE at term 125 for changeToCandidate
2019-10-18 11:24:27,190 [Thread-771] INFO  impl.RoleInfo (RoleInfo.java:updateAndGet(143)) - f535bb4a-cba0-4f9b-9e3e-e4a48b3eda51: start LeaderElection
2019-10-18 11:24:27,216 [f535bb4a-cba0-4f9b-9e3e-e4a48b3eda51@group-7E32184879DE-LeaderElection104] INFO  impl.LeaderElection (LeaderElection.java:askForVotes(178)) - f535bb4a-cba0-4f9b-9e3e-e4a48b3eda51@group-7E32184879DE-LeaderElection104: begin an election at term 126 for -1: [f535bb4a-cba0-4f9b-9e3e-e4a48b3eda51:0.0.0.0:44706, 54aabb14-4a7d-4ab3-adbe-2e67760b87f4:0.0.0.0:43074, c652e2ee-3322-4406-8db6-1ea643cb3197:0.0.0.0:42129], old=null
2019-10-18 11:24:27,219 [grpc-default-executor-1] INFO  impl.RaftServerImpl (RaftServerImpl.java:setRole(184)) - 54aabb14-4a7d-4ab3-adbe-2e67760b87f4@group-7E32184879DE: changes role from  FOLLOWER to FOLLOWER at term 126 for recognizeCandidate:f535bb4a-cba0-4f9b-9e3e-e4a48b3eda51
2019-10-18 11:24:27,219 [grpc-default-executor-0] INFO  impl.RaftServerImpl (RaftServerImpl.java:setRole(184)) - c652e2ee-3322-4406-8db6-1ea643cb3197@group-7E32184879DE: changes role from  FOLLOWER to FOLLOWER at term 126 for recognizeCandidate:f535bb4a-cba0-4f9b-9e3e-e4a48b3eda51
2019-10-18 11:24:27,219 [grpc-default-executor-1] INFO  impl.RoleInfo (RoleInfo.java:shutdownFollowerState(121)) - 54aabb14-4a7d-4ab3-adbe-2e67760b87f4: shutdown FollowerState
2019-10-18 11:24:27,219 [grpc-default-executor-0] INFO  impl.RoleInfo (RoleInfo.java:shutdownFollowerState(121)) - c652e2ee-3322-4406-8db6-1ea643cb3197: shutdown FollowerState
2019-10-18 11:24:27,219 [Thread-769] INFO  impl.FollowerState (FollowerState.java:run(117)) - 54aabb14-4a7d-4ab3-adbe-2e67760b87f4@group-7E32184879DE-FollowerState was interrupted: java.lang.InterruptedException: sleep interrupted
2019-10-18 11:24:27,219 [grpc-default-executor-1] INFO  impl.RoleInfo (RoleInfo.java:updateAndGet(143)) - 54aabb14-4a7d-4ab3-adbe-2e67760b87f4: start FollowerState
2019-10-18 11:24:27,219 [Thread-770] INFO  impl.FollowerState (FollowerState.java:run(117)) - c652e2ee-3322-4406-8db6-1ea643cb3197@group-7E32184879DE-FollowerState was interrupted: java.lang.InterruptedException: sleep interrupted
2019-10-18 11:24:27,219 [grpc-default-executor-0] INFO  impl.RoleInfo (RoleInfo.java:updateAndGet(143)) - c652e2ee-3322-4406-8db6-1ea643cb3197: start FollowerState
2019-10-18 11:24:27,242 [f535bb4a-cba0-4f9b-9e3e-e4a48b3eda51@group-7E32184879DE-LeaderElection104] INFO  impl.LeaderElection (LeaderElection.java:logAndReturn(56)) - f535bb4a-cba0-4f9b-9e3e-e4a48b3eda51@group-7E32184879DE-LeaderElection104: Election REJECTED; received 2 response(s) [f535bb4a-cba0-4f9b-9e3e-e4a48b3eda51<-54aabb14-4a7d-4ab3-adbe-2e67760b87f4#0:FAIL-t126, f535bb4a-cba0-4f9b-9e3e-e4a48b3eda51<-c652e2ee-3322-4406-8db6-1ea643cb3197#0:FAIL-t126] and 0 exception(s); f535bb4a-cba0-4f9b-9e3e-e4a48b3eda51@group-7E32184879DE:t126, leader=null, voted=f535bb4a-cba0-4f9b-9e3e-e4a48b3eda51, raftlog=f535bb4a-cba0-4f9b-9e3e-e4a48b3eda51@group-7E32184879DE-SegmentedRaftLog:OPENED:c-1,f-1,i0, conf=-1: [f535bb4a-cba0-4f9b-9e3e-e4a48b3eda51:0.0.0.0:44706, 54aabb14-4a7d-4ab3-adbe-2e67760b87f4:0.0.0.0:43074, c652e2ee-3322-4406-8db6-1ea643cb3197:0.0.0.0:42129], old=null
2019-10-18 11:24:27,242 [f535bb4a-cba0-4f9b-9e3e-e4a48b3eda51@group-7E32184879DE-LeaderElection104] INFO  impl.RaftServerImpl (RaftServerImpl.java:setRole(184)) - f535bb4a-cba0-4f9b-9e3e-e4a48b3eda51@group-7E32184879DE: changes role from CANDIDATE to FOLLOWER at term 126 for DISCOVERED_A_NEW_TERM
2019-10-18 11:24:27,243 [f535bb4a-cba0-4f9b-9e3e-e4a48b3eda51@group-7E32184879DE-LeaderElection104] INFO  impl.RoleInfo (RoleInfo.java:shutdownLeaderElection(134)) - f535bb4a-cba0-4f9b-9e3e-e4a48b3eda51: shutdown LeaderElection
2019-10-18 11:24:27,243 [f535bb4a-cba0-4f9b-9e3e-e4a48b3eda51@group-7E32184879DE-LeaderElection104] INFO  impl.RoleInfo (RoleInfo.java:updateAndGet(143)) - f535bb4a-cba0-4f9b-9e3e-e4a48b3eda51: start FollowerState
2019-10-18 11:24:27,396 [Thread-777] INFO  impl.FollowerState (FollowerState.java:run(108)) - f535bb4a-cba0-4f9b-9e3e-e4a48b3eda51@group-7E32184879DE-FollowerState: change to CANDIDATE, lastRpcTime:153ms, electionTimeout:153ms
2019-10-18 11:24:27,396 [Thread-777] INFO  impl.RoleInfo (RoleInfo.java:shutdownFollowerState(121)) - f535bb4a-cba0-4f9b-9e3e-e4a48b3eda51: shutdown FollowerState
2019-10-18 11:24:27,397 [Thread-777] INFO  impl.RaftServerImpl (RaftServerImpl.java:setRole(184)) - f535bb4a-cba0-4f9b-9e3e-e4a48b3eda51@group-7E32184879DE: changes role from  FOLLOWER to CANDIDATE at term 126 for changeToCandidate
2019-10-18 11:24:27,397 [Thread-777] INFO  impl.RoleInfo (RoleInfo.java:updateAndGet(143)) - f535bb4a-cba0-4f9b-9e3e-e4a48b3eda51: start LeaderElection
2019-10-18 11:24:27,425 [f535bb4a-cba0-4f9b-9e3e-e4a48b3eda51@group-7E32184879DE-LeaderElection105] INFO  impl.LeaderElection (LeaderElection.java:askForVotes(178)) - f535bb4a-cba0-4f9b-9e3e-e4a48b3eda51@group-7E32184879DE-LeaderElection105: begin an election at term 127 for -1: [f535bb4a-cba0-4f9b-9e3e-e4a48b3eda51:0.0.0.0:44706, 54aabb14-4a7d-4ab3-adbe-2e67760b87f4:0.0.0.0:43074, c652e2ee-3322-4406-8db6-1ea643cb3197:0.0.0.0:42129], old=null
2019-10-18 11:24:27,428 [grpc-default-executor-0] INFO  impl.RaftServerImpl (RaftServerImpl.java:setRole(184)) - 54aabb14-4a7d-4ab3-adbe-2e67760b87f4@group-7E32184879DE: changes role from  FOLLOWER to FOLLOWER at term 127 for recognizeCandidate:f535bb4a-cba0-4f9b-9e3e-e4a48b3eda51
2019-10-18 11:24:27,428 [grpc-default-executor-1] INFO  impl.RaftServerImpl (RaftServerImpl.java:setRole(184)) - c652e2ee-3322-4406-8db6-1ea643cb3197@group-7E32184879DE: changes role from  FOLLOWER to FOLLOWER at term 127 for recognizeCandidate:f535bb4a-cba0-4f9b-9e3e-e4a48b3eda51
2019-10-18 11:24:27,429 [grpc-default-executor-0] INFO  impl.RoleInfo (RoleInfo.java:shutdownFollowerState(121)) - 54aabb14-4a7d-4ab3-adbe-2e67760b87f4: shutdown FollowerState
2019-10-18 11:24:27,429 [grpc-default-executor-1] INFO  impl.RoleInfo (RoleInfo.java:shutdownFollowerState(121)) - c652e2ee-3322-4406-8db6-1ea643cb3197: shutdown FollowerState
2019-10-18 11:24:27,429 [grpc-default-executor-0] INFO  impl.RoleInfo (RoleInfo.java:updateAndGet(143)) - 54aabb14-4a7d-4ab3-adbe-2e67760b87f4: start FollowerState
2019-10-18 11:24:27,429 [Thread-775] INFO  impl.FollowerState (FollowerState.java:run(117)) - 54aabb14-4a7d-4ab3-adbe-2e67760b87f4@group-7E32184879DE-FollowerState was interrupted: java.lang.InterruptedException: sleep interrupted
2019-10-18 11:24:27,429 [Thread-776] INFO  impl.FollowerState (FollowerState.java:run(117)) - c652e2ee-3322-4406-8db6-1ea643cb3197@group-7E32184879DE-FollowerState was interrupted: java.lang.InterruptedException: sleep interrupted
2019-10-18 11:24:27,429 [grpc-default-executor-1] INFO  impl.RoleInfo (RoleInfo.java:updateAndGet(143)) - c652e2ee-3322-4406-8db6-1ea643cb3197: start FollowerState
2019-10-18 11:24:27,460 [f535bb4a-cba0-4f9b-9e3e-e4a48b3eda51@group-7E32184879DE-LeaderElection105] INFO  impl.LeaderElection (LeaderElection.java:logAndReturn(56)) - f535bb4a-cba0-4f9b-9e3e-e4a48b3eda51@group-7E32184879DE-LeaderElection105: Election REJECTED; received 2 response(s) [f535bb4a-cba0-4f9b-9e3e-e4a48b3eda51<-54aabb14-4a7d-4ab3-adbe-2e67760b87f4#0:FAIL-t127, f535bb4a-cba0-4f9b-9e3e-e4a48b3eda51<-c652e2ee-3322-4406-8db6-1ea643cb3197#0:FAIL-t127] and 0 exception(s); f535bb4a-cba0-4f9b-9e3e-e4a48b3eda51@group-7E32184879DE:t127, leader=null, voted=f535bb4a-cba0-4f9b-9e3e-e4a48b3eda51, raftlog=f535bb4a-cba0-4f9b-9e3e-e4a48b3eda51@group-7E32184879DE-SegmentedRaftLog:OPENED:c-1,f-1,i0, conf=-1: [f535bb4a-cba0-4f9b-9e3e-e4a48b3eda51:0.0.0.0:44706, 54aabb14-4a7d-4ab3-adbe-2e67760b87f4:0.0.0.0:43074, c652e2ee-3322-4406-8db6-1ea643cb3197:0.0.0.0:42129], old=null
2019-10-18 11:24:27,460 [f535bb4a-cba0-4f9b-9e3e-e4a48b3eda51@group-7E32184879DE-LeaderElection105] INFO  impl.RaftServerImpl (RaftServerImpl.java:setRole(184)) - f535bb4a-cba0-4f9b-9e3e-e4a48b3eda51@group-7E32184879DE: changes role from CANDIDATE to FOLLOWER at term 127 for DISCOVERED_A_NEW_TERM
2019-10-18 11:24:27,461 [f535bb4a-cba0-4f9b-9e3e-e4a48b3eda51@group-7E32184879DE-LeaderElection105] INFO  impl.RoleInfo (RoleInfo.java:shutdownLeaderElection(134)) - f535bb4a-cba0-4f9b-9e3e-e4a48b3eda51: shutdown LeaderElection
2019-10-18 11:24:27,461 [f535bb4a-cba0-4f9b-9e3e-e4a48b3eda51@group-7E32184879DE-LeaderElection105] INFO  impl.RoleInfo (RoleInfo.java:updateAndGet(143)) - f535bb4a-cba0-4f9b-9e3e-e4a48b3eda51: start FollowerState
2019-10-18 11:24:27,551 [Thread-783] INFO  impl.FollowerState (FollowerState.java:run(108)) - f535bb4a-cba0-4f9b-9e3e-e4a48b3eda51@group-7E32184879DE-FollowerState: change to CANDIDATE, lastRpcTime:90ms, electionTimeout:90ms
2019-10-18 11:24:27,551 [Thread-783] INFO  impl.RoleInfo (RoleInfo.java:shutdownFollowerState(121)) - f535bb4a-cba0-4f9b-9e3e-e4a48b3eda51: shutdown FollowerState
2019-10-18 11:24:27,552 [Thread-783] INFO  impl.RaftServerImpl (RaftServerImpl.java:setRole(184)) - f535bb4a-cba0-4f9b-9e3e-e4a48b3eda51@group-7E32184879DE: changes role from  FOLLOWER to CANDIDATE at term 127 for changeToCandidate
2019-10-18 11:24:27,552 [Thread-783] INFO  impl.RoleInfo (RoleInfo.java:updateAndGet(143)) - f535bb4a-cba0-4f9b-9e3e-e4a48b3eda51: start LeaderElection
2019-10-18 11:24:27,576 [f535bb4a-cba0-4f9b-9e3e-e4a48b3eda51@group-7E32184879DE-LeaderElection106] INFO  impl.LeaderElection (LeaderElection.java:askForVotes(178)) - f535bb4a-cba0-4f9b-9e3e-e4a48b3eda51@group-7E32184879DE-LeaderElection106: begin an election at term 128 for -1: [f535bb4a-cba0-4f9b-9e3e-e4a48b3eda51:0.0.0.0:44706, 54aabb14-4a7d-4ab3-adbe-2e67760b87f4:0.0.0.0:43074, c652e2ee-3322-4406-8db6-1ea643cb3197:0.0.0.0:42129], old=null
2019-10-18 11:24:27,579 [grpc-default-executor-1] INFO  impl.RaftServerImpl (RaftServerImpl.java:setRole(184)) - 54aabb14-4a7d-4ab3-adbe-2e67760b87f4@group-7E32184879DE: changes role from  FOLLOWER to FOLLOWER at term 128 for recognizeCandidate:f535bb4a-cba0-4f9b-9e3e-e4a48b3eda51
2019-10-18 11:24:27,579 [grpc-default-executor-0] INFO  impl.RaftServerImpl (RaftServerImpl.java:setRole(184)) - c652e2ee-3322-4406-8db6-1ea643cb3197@group-7E32184879DE: changes role from  FOLLOWER to FOLLOWER at term 128 for recognizeCandidate:f535bb4a-cba0-4f9b-9e3e-e4a48b3eda51
2019-10-18 11:24:27,579 [grpc-default-executor-1] INFO  impl.RoleInfo (RoleInfo.java:shutdownFollowerState(121)) - 54aabb14-4a7d-4ab3-adbe-2e67760b87f4: shutdown FollowerState
2019-10-18 11:24:27,579 [grpc-default-executor-0] INFO  impl.RoleInfo (RoleInfo.java:shutdownFollowerState(121)) - c652e2ee-3322-4406-8db6-1ea643cb3197: shutdown FollowerState
2019-10-18 11:24:27,579 [Thread-781] INFO  impl.FollowerState (FollowerState.java:run(117)) - 54aabb14-4a7d-4ab3-adbe-2e67760b87f4@group-7E32184879DE-FollowerState was interrupted: java.lang.InterruptedException: sleep interrupted
2019-10-18 11:24:27,579 [grpc-default-executor-1] INFO  impl.RoleInfo (RoleInfo.java:updateAndGet(143)) - 54aabb14-4a7d-4ab3-adbe-2e67760b87f4: start FollowerState
2019-10-18 11:24:27,579 [Thread-782] INFO  impl.FollowerState (FollowerState.java:run(117)) - c652e2ee-3322-4406-8db6-1ea643cb3197@group-7E32184879DE-FollowerState was interrupted: java.lang.InterruptedException: sleep interrupted
2019-10-18 11:24:27,579 [grpc-default-executor-0] INFO  impl.RoleInfo (RoleInfo.java:updateAndGet(143)) - c652e2ee-3322-4406-8db6-1ea643cb3197: start FollowerState
2019-10-18 11:24:27,603 [f535bb4a-cba0-4f9b-9e3e-e4a48b3eda51@group-7E32184879DE-LeaderElection106] INFO  impl.LeaderElection (LeaderElection.java:logAndReturn(56)) - f535bb4a-cba0-4f9b-9e3e-e4a48b3eda51@group-7E32184879DE-LeaderElection106: Election REJECTED; received 2 response(s) [f535bb4a-cba0-4f9b-9e3e-e4a48b3eda51<-54aabb14-4a7d-4ab3-adbe-2e67760b87f4#0:FAIL-t128, f535bb4a-cba0-4f9b-9e3e-e4a48b3eda51<-c652e2ee-3322-4406-8db6-1ea643cb3197#0:FAIL-t128] and 0 exception(s); f535bb4a-cba0-4f9b-9e3e-e4a48b3eda51@group-7E32184879DE:t128, leader=null, voted=f535bb4a-cba0-4f9b-9e3e-e4a48b3eda51, raftlog=f535bb4a-cba0-4f9b-9e3e-e4a48b3eda51@group-7E32184879DE-SegmentedRaftLog:OPENED:c-1,f-1,i0, conf=-1: [f535bb4a-cba0-4f9b-9e3e-e4a48b3eda51:0.0.0.0:44706, 54aabb14-4a7d-4ab3-adbe-2e67760b87f4:0.0.0.0:43074, c652e2ee-3322-4406-8db6-1ea643cb3197:0.0.0.0:42129], old=null
2019-10-18 11:24:27,603 [f535bb4a-cba0-4f9b-9e3e-e4a48b3eda51@group-7E32184879DE-LeaderElection106] INFO  impl.RaftServerImpl (RaftServerImpl.java:setRole(184)) - f535bb4a-cba0-4f9b-9e3e-e4a48b3eda51@group-7E32184879DE: changes role from CANDIDATE to FOLLOWER at term 128 for DISCOVERED_A_NEW_TERM
2019-10-18 11:24:27,603 [f535bb4a-cba0-4f9b-9e3e-e4a48b3eda51@group-7E32184879DE-LeaderElection106] INFO  impl.RoleInfo (RoleInfo.java:shutdownLeaderElection(134)) - f535bb4a-cba0-4f9b-9e3e-e4a48b3eda51: shutdown LeaderElection
2019-10-18 11:24:27,603 [f535bb4a-cba0-4f9b-9e3e-e4a48b3eda51@group-7E32184879DE-LeaderElection106] INFO  impl.RoleInfo (RoleInfo.java:updateAndGet(143)) - f535bb4a-cba0-4f9b-9e3e-e4a48b3eda51: start FollowerState
2019-10-18 11:24:27,794 [Thread-789] INFO  impl.FollowerState (FollowerState.java:run(108)) - f535bb4a-cba0-4f9b-9e3e-e4a48b3eda51@group-7E32184879DE-FollowerState: change to CANDIDATE, lastRpcTime:190ms, electionTimeout:190ms
2019-10-18 11:24:27,794 [Thread-789] INFO  impl.RoleInfo (RoleInfo.java:shutdownFollowerState(121)) - f535bb4a-cba0-4f9b-9e3e-e4a48b3eda51: shutdown FollowerState
2019-10-18 11:24:27,794 [Thread-789] INFO  impl.RaftServerImpl (RaftServerImpl.java:setRole(184)) - f535bb4a-cba0-4f9b-9e3e-e4a48b3eda51@group-7E32184879DE: changes role from  FOLLOWER to CANDIDATE at term 128 for changeToCandidate
2019-10-18 11:24:27,794 [Thread-789] INFO  impl.RoleInfo (RoleInfo.java:updateAndGet(143)) - f535bb4a-cba0-4f9b-9e3e-e4a48b3eda51: start LeaderElection
2019-10-18 11:24:27,827 [f535bb4a-cba0-4f9b-9e3e-e4a48b3eda51@group-7E32184879DE-LeaderElection107] INFO  impl.LeaderElection (LeaderElection.java:askForVotes(178)) - f535bb4a-cba0-4f9b-9e3e-e4a48b3eda51@group-7E32184879DE-LeaderElection107: begin an election at term 129 for -1: [f535bb4a-cba0-4f9b-9e3e-e4a48b3eda51:0.0.0.0:44706, 54aabb14-4a7d-4ab3-adbe-2e67760b87f4:0.0.0.0:43074, c652e2ee-3322-4406-8db6-1ea643cb3197:0.0.0.0:42129], old=null
2019-10-18 11:24:27,830 [grpc-default-executor-0] INFO  impl.RaftServerImpl (RaftServerImpl.java:setRole(184)) - c652e2ee-3322-4406-8db6-1ea643cb3197@group-7E32184879DE: changes role from  FOLLOWER to FOLLOWER at term 129 for recognizeCandidate:f535bb4a-cba0-4f9b-9e3e-e4a48b3eda51
2019-10-18 11:24:27,830 [grpc-default-executor-1] INFO  impl.RaftServerImpl (RaftServerImpl.java:setRole(184)) - 54aabb14-4a7d-4ab3-adbe-2e67760b87f4@group-7E32184879DE: changes role from  FOLLOWER to FOLLOWER at term 129 for recognizeCandidate:f535bb4a-cba0-4f9b-9e3e-e4a48b3eda51
2019-10-18 11:24:27,830 [grpc-default-executor-0] INFO  impl.RoleInfo (RoleInfo.java:shutdownFollowerState(121)) - c652e2ee-3322-4406-8db6-1ea643cb3197: shutdown FollowerState
2019-10-18 11:24:27,830 [grpc-default-executor-1] INFO  impl.RoleInfo (RoleInfo.java:shutdownFollowerState(121)) - 54aabb14-4a7d-4ab3-adbe-2e67760b87f4: shutdown FollowerState
2019-10-18 11:24:27,831 [Thread-788] INFO  impl.FollowerState (FollowerState.java:run(117)) - c652e2ee-3322-4406-8db6-1ea643cb3197@group-7E32184879DE-FollowerState was interrupted: java.lang.InterruptedException: sleep interrupted
2019-10-18 11:24:27,831 [grpc-default-executor-0] INFO  impl.RoleInfo (RoleInfo.java:updateAndGet(143)) - c652e2ee-3322-4406-8db6-1ea643cb3197: start FollowerState
2019-10-18 11:24:27,831 [Thread-787] INFO  impl.FollowerState (FollowerState.java:run(117)) - 54aabb14-4a7d-4ab3-adbe-2e67760b87f4@group-7E32184879DE-FollowerState was interrupted: java.lang.InterruptedException: sleep interrupted
2019-10-18 11:24:27,831 [grpc-default-executor-1] INFO  impl.RoleInfo (RoleInfo.java:updateAndGet(143)) - 54aabb14-4a7d-4ab3-adbe-2e67760b87f4: start FollowerState
2019-10-18 11:24:27,870 [f535bb4a-cba0-4f9b-9e3e-e4a48b3eda51@group-7E32184879DE-LeaderElection107] INFO  impl.LeaderElection (LeaderElection.java:logAndReturn(56)) - f535bb4a-cba0-4f9b-9e3e-e4a48b3eda51@group-7E32184879DE-LeaderElection107: Election REJECTED; received 2 response(s) [f535bb4a-cba0-4f9b-9e3e-e4a48b3eda51<-54aabb14-4a7d-4ab3-adbe-2e67760b87f4#0:FAIL-t129, f535bb4a-cba0-4f9b-9e3e-e4a48b3eda51<-c652e2ee-3322-4406-8db6-1ea643cb3197#0:FAIL-t129] and 0 exception(s); f535bb4a-cba0-4f9b-9e3e-e4a48b3eda51@group-7E32184879DE:t129, leader=null, voted=f535bb4a-cba0-4f9b-9e3e-e4a48b3eda51, raftlog=f535bb4a-cba0-4f9b-9e3e-e4a48b3eda51@group-7E32184879DE-SegmentedRaftLog:OPENED:c-1,f-1,i0, conf=-1: [f535bb4a-cba0-4f9b-9e3e-e4a48b3eda51:0.0.0.0:44706, 54aabb14-4a7d-4ab3-adbe-2e67760b87f4:0.0.0.0:43074, c652e2ee-3322-4406-8db6-1ea643cb3197:0.0.0.0:42129], old=null
2019-10-18 11:24:27,870 [f535bb4a-cba0-4f9b-9e3e-e4a48b3eda51@group-7E32184879DE-LeaderElection107] INFO  impl.RaftServerImpl (RaftServerImpl.java:setRole(184)) - f535bb4a-cba0-4f9b-9e3e-e4a48b3eda51@group-7E32184879DE: changes role from CANDIDATE to FOLLOWER at term 129 for DISCOVERED_A_NEW_TERM
2019-10-18 11:24:27,870 [f535bb4a-cba0-4f9b-9e3e-e4a48b3eda51@group-7E32184879DE-LeaderElection107] INFO  impl.RoleInfo (RoleInfo.java:shutdownLeaderElection(134)) - f535bb4a-cba0-4f9b-9e3e-e4a48b3eda51: shutdown LeaderElection
2019-10-18 11:24:27,870 [f535bb4a-cba0-4f9b-9e3e-e4a48b3eda51@group-7E32184879DE-LeaderElection107] INFO  impl.RoleInfo (RoleInfo.java:updateAndGet(143)) - f535bb4a-cba0-4f9b-9e3e-e4a48b3eda51: start FollowerState
2019-10-18 11:24:27,879 [Thread-795] INFO  impl.FollowerState (FollowerState.java:run(108)) - f535bb4a-cba0-4f9b-9e3e-e4a48b3eda51@group-7E32184879DE-FollowerState: change to CANDIDATE, lastRpcTime:8ms, electionTimeout:8ms
2019-10-18 11:24:27,879 [Thread-795] INFO  impl.RoleInfo (RoleInfo.java:shutdownFollowerState(121)) - f535bb4a-cba0-4f9b-9e3e-e4a48b3eda51: shutdown FollowerState
2019-10-18 11:24:27,879 [Thread-795] INFO  impl.RaftServerImpl (RaftServerImpl.java:setRole(184)) - f535bb4a-cba0-4f9b-9e3e-e4a48b3eda51@group-7E32184879DE: changes role from  FOLLOWER to CANDIDATE at term 129 for changeToCandidate
2019-10-18 11:24:27,879 [Thread-795] INFO  impl.RoleInfo (RoleInfo.java:updateAndGet(143)) - f535bb4a-cba0-4f9b-9e3e-e4a48b3eda51: start LeaderElection
2019-10-18 11:24:27,902 [f535bb4a-cba0-4f9b-9e3e-e4a48b3eda51@group-7E32184879DE-LeaderElection108] INFO  impl.LeaderElection (LeaderElection.java:askForVotes(178)) - f535bb4a-cba0-4f9b-9e3e-e4a48b3eda51@group-7E32184879DE-LeaderElection108: begin an election at term 130 for -1: [f535bb4a-cba0-4f9b-9e3e-e4a48b3eda51:0.0.0.0:44706, 54aabb14-4a7d-4ab3-adbe-2e67760b87f4:0.0.0.0:43074, c652e2ee-3322-4406-8db6-1ea643cb3197:0.0.0.0:42129], old=null
2019-10-18 11:24:27,905 [grpc-default-executor-1] INFO  impl.RaftServerImpl (RaftServerImpl.java:setRole(184)) - c652e2ee-3322-4406-8db6-1ea643cb3197@group-7E32184879DE: changes role from  FOLLOWER to FOLLOWER at term 130 for recognizeCandidate:f535bb4a-cba0-4f9b-9e3e-e4a48b3eda51
2019-10-18 11:24:27,905 [grpc-default-executor-0] INFO  impl.RaftServerImpl (RaftServerImpl.java:setRole(184)) - 54aabb14-4a7d-4ab3-adbe-2e67760b87f4@group-7E32184879DE: changes role from  FOLLOWER to FOLLOWER at term 130 for recognizeCandidate:f535bb4a-cba0-4f9b-9e3e-e4a48b3eda51
2019-10-18 11:24:27,905 [grpc-default-executor-0] INFO  impl.RoleInfo (RoleInfo.java:shutdownFollowerState(121)) - 54aabb14-4a7d-4ab3-adbe-2e67760b87f4: shutdown FollowerState
2019-10-18 11:24:27,905 [grpc-default-executor-1] INFO  impl.RoleInfo (RoleInfo.java:shutdownFollowerState(121)) - c652e2ee-3322-4406-8db6-1ea643cb3197: shutdown FollowerState
2019-10-18 11:24:27,905 [Thread-794] INFO  impl.FollowerState (FollowerState.java:run(117)) - 54aabb14-4a7d-4ab3-adbe-2e67760b87f4@group-7E32184879DE-FollowerState was interrupted: java.lang.InterruptedException: sleep interrupted
2019-10-18 11:24:27,905 [grpc-default-executor-0] INFO  impl.RoleInfo (RoleInfo.java:updateAndGet(143)) - 54aabb14-4a7d-4ab3-adbe-2e67760b87f4: start FollowerState
2019-10-18 11:24:27,906 [Thread-793] INFO  impl.FollowerState (FollowerState.java:run(117)) - c652e2ee-3322-4406-8db6-1ea643cb3197@group-7E32184879DE-FollowerState was interrupted: java.lang.InterruptedException: sleep interrupted
2019-10-18 11:24:27,906 [grpc-default-executor-1] INFO  impl.RoleInfo (RoleInfo.java:updateAndGet(143)) - c652e2ee-3322-4406-8db6-1ea643cb3197: start FollowerState
2019-10-18 11:24:27,919 [f535bb4a-cba0-4f9b-9e3e-e4a48b3eda51@group-7E32184879DE-LeaderElection108] INFO  impl.LeaderElection (LeaderElection.java:logAndReturn(56)) - f535bb4a-cba0-4f9b-9e3e-e4a48b3eda51@group-7E32184879DE-LeaderElection108: Election TIMEOUT; received 0 response(s) [] and 0 exception(s); f535bb4a-cba0-4f9b-9e3e-e4a48b3eda51@group-7E32184879DE:t130, leader=null, voted=f535bb4a-cba0-4f9b-9e3e-e4a48b3eda51, raftlog=f535bb4a-cba0-4f9b-9e3e-e4a48b3eda51@group-7E32184879DE-SegmentedRaftLog:OPENED:c-1,f-1,i0, conf=-1: [f535bb4a-cba0-4f9b-9e3e-e4a48b3eda51:0.0.0.0:44706, 54aabb14-4a7d-4ab3-adbe-2e67760b87f4:0.0.0.0:43074, c652e2ee-3322-4406-8db6-1ea643cb3197:0.0.0.0:42129], old=null
2019-10-18 11:24:27,945 [f535bb4a-cba0-4f9b-9e3e-e4a48b3eda51@group-7E32184879DE-LeaderElection108] INFO  impl.LeaderElection (LeaderElection.java:askForVotes(178)) - f535bb4a-cba0-4f9b-9e3e-e4a48b3eda51@group-7E32184879DE-LeaderElection108: begin an election at term 131 for -1: [f535bb4a-cba0-4f9b-9e3e-e4a48b3eda51:0.0.0.0:44706, 54aabb14-4a7d-4ab3-adbe-2e67760b87f4:0.0.0.0:43074, c652e2ee-3322-4406-8db6-1ea643cb3197:0.0.0.0:42129], old=null
2019-10-18 11:24:27,948 [grpc-default-executor-1] INFO  impl.RaftServerImpl (RaftServerImpl.java:setRole(184)) - c652e2ee-3322-4406-8db6-1ea643cb3197@group-7E32184879DE: changes role from  FOLLOWER to FOLLOWER at term 131 for recognizeCandidate:f535bb4a-cba0-4f9b-9e3e-e4a48b3eda51
2019-10-18 11:24:27,948 [grpc-default-executor-0] INFO  impl.RaftServerImpl (RaftServerImpl.java:setRole(184)) - 54aabb14-4a7d-4ab3-adbe-2e67760b87f4@group-7E32184879DE: changes role from  FOLLOWER to FOLLOWER at term 131 for recognizeCandidate:f535bb4a-cba0-4f9b-9e3e-e4a48b3eda51
2019-10-18 11:24:27,948 [grpc-default-executor-1] INFO  impl.RoleInfo (RoleInfo.java:shutdownFollowerState(121)) - c652e2ee-3322-4406-8db6-1ea643cb3197: shutdown FollowerState
2019-10-18 11:24:27,948 [grpc-default-executor-0] INFO  impl.RoleInfo (RoleInfo.java:shutdownFollowerState(121)) - 54aabb14-4a7d-4ab3-adbe-2e67760b87f4: shutdown FollowerState
2019-10-18 11:24:27,949 [Thread-799] INFO  impl.FollowerState (FollowerState.java:run(117)) - 54aabb14-4a7d-4ab3-adbe-2e67760b87f4@group-7E32184879DE-FollowerState was interrupted: java.lang.InterruptedException: sleep interrupted
2019-10-18 11:24:27,949 [Thread-800] INFO  impl.FollowerState (FollowerState.java:run(117)) - c652e2ee-3322-4406-8db6-1ea643cb3197@group-7E32184879DE-FollowerState was interrupted: java.lang.InterruptedException: sleep interrupted
2019-10-18 11:24:27,949 [grpc-default-executor-1] INFO  impl.RoleInfo (RoleInfo.java:updateAndGet(143)) - c652e2ee-3322-4406-8db6-1ea643cb3197: start FollowerState
2019-10-18 11:24:27,949 [grpc-default-executor-0] INFO  impl.RoleInfo (RoleInfo.java:updateAndGet(143)) - 54aabb14-4a7d-4ab3-adbe-2e67760b87f4: start FollowerState
2019-10-18 11:24:27,980 [f535bb4a-cba0-4f9b-9e3e-e4a48b3eda51@group-7E32184879DE-LeaderElection108] INFO  impl.LeaderElection (LeaderElection.java:logAndReturn(56)) - f535bb4a-cba0-4f9b-9e3e-e4a48b3eda51@group-7E32184879DE-LeaderElection108: Election REJECTED; received 2 response(s) [f535bb4a-cba0-4f9b-9e3e-e4a48b3eda51<-54aabb14-4a7d-4ab3-adbe-2e67760b87f4#0:FAIL-t131, f535bb4a-cba0-4f9b-9e3e-e4a48b3eda51<-c652e2ee-3322-4406-8db6-1ea643cb3197#0:FAIL-t131] and 0 exception(s); f535bb4a-cba0-4f9b-9e3e-e4a48b3eda51@group-7E32184879DE:t131, leader=null, voted=f535bb4a-cba0-4f9b-9e3e-e4a48b3eda51, raftlog=f535bb4a-cba0-4f9b-9e3e-e4a48b3eda51@group-7E32184879DE-SegmentedRaftLog:OPENED:c-1,f-1,i0, conf=-1: [f535bb4a-cba0-4f9b-9e3e-e4a48b3eda51:0.0.0.0:44706, 54aabb14-4a7d-4ab3-adbe-2e67760b87f4:0.0.0.0:43074, c652e2ee-3322-4406-8db6-1ea643cb3197:0.0.0.0:42129], old=null
2019-10-18 11:24:27,980 [f535bb4a-cba0-4f9b-9e3e-e4a48b3eda51@group-7E32184879DE-LeaderElection108] INFO  impl.RaftServerImpl (RaftServerImpl.java:setRole(184)) - f535bb4a-cba0-4f9b-9e3e-e4a48b3eda51@group-7E32184879DE: changes role from CANDIDATE to FOLLOWER at term 131 for DISCOVERED_A_NEW_TERM
2019-10-18 11:24:27,981 [f535bb4a-cba0-4f9b-9e3e-e4a48b3eda51@group-7E32184879DE-LeaderElection108] INFO  impl.RoleInfo (RoleInfo.java:shutdownLeaderElection(134)) - f535bb4a-cba0-4f9b-9e3e-e4a48b3eda51: shutdown LeaderElection
2019-10-18 11:24:27,981 [f535bb4a-cba0-4f9b-9e3e-e4a48b3eda51@group-7E32184879DE-LeaderElection108] INFO  impl.RoleInfo (RoleInfo.java:updateAndGet(143)) - f535bb4a-cba0-4f9b-9e3e-e4a48b3eda51: start FollowerState
2019-10-18 11:24:28,063 [Thread-805] INFO  impl.FollowerState (FollowerState.java:run(108)) - f535bb4a-cba0-4f9b-9e3e-e4a48b3eda51@group-7E32184879DE-FollowerState: change to CANDIDATE, lastRpcTime:82ms, electionTimeout:82ms
2019-10-18 11:24:28,063 [Thread-805] INFO  impl.RoleInfo (RoleInfo.java:shutdownFollowerState(121)) - f535bb4a-cba0-4f9b-9e3e-e4a48b3eda51: shutdown FollowerState
2019-10-18 11:24:28,063 [Thread-805] INFO  impl.RaftServerImpl (RaftServerImpl.java:setRole(184)) - f535bb4a-cba0-4f9b-9e3e-e4a48b3eda51@group-7E32184879DE: changes role from  FOLLOWER to CANDIDATE at term 131 for changeToCandidate
2019-10-18 11:24:28,064 [Thread-805] INFO  impl.RoleInfo (RoleInfo.java:updateAndGet(143)) - f535bb4a-cba0-4f9b-9e3e-e4a48b3eda51: start LeaderElection
2019-10-18 11:24:28,087 [f535bb4a-cba0-4f9b-9e3e-e4a48b3eda51@group-7E32184879DE-LeaderElection109] INFO  impl.LeaderElection (LeaderElection.java:askForVotes(178)) - f535bb4a-cba0-4f9b-9e3e-e4a48b3eda51@group-7E32184879DE-LeaderElection109: begin an election at term 132 for -1: [f535bb4a-cba0-4f9b-9e3e-e4a48b3eda51:0.0.0.0:44706, 54aabb14-4a7d-4ab3-adbe-2e67760b87f4:0.0.0.0:43074, c652e2ee-3322-4406-8db6-1ea643cb3197:0.0.0.0:42129], old=null
2019-10-18 11:24:28,089 [grpc-default-executor-0] INFO  impl.RaftServerImpl (RaftServerImpl.java:setRole(184)) - 54aabb14-4a7d-4ab3-adbe-2e67760b87f4@group-7E32184879DE: changes role from  FOLLOWER to FOLLOWER at term 132 for recognizeCandidate:f535bb4a-cba0-4f9b-9e3e-e4a48b3eda51
2019-10-18 11:24:28,089 [grpc-default-executor-1] INFO  impl.RaftServerImpl (RaftServerImpl.java:setRole(184)) - c652e2ee-3322-4406-8db6-1ea643cb3197@group-7E32184879DE: changes role from  FOLLOWER to FOLLOWER at term 132 for recognizeCandidate:f535bb4a-cba0-4f9b-9e3e-e4a48b3eda51
2019-10-18 11:24:28,089 [grpc-default-executor-0] INFO  impl.RoleInfo (RoleInfo.java:shutdownFollowerState(121)) - 54aabb14-4a7d-4ab3-adbe-2e67760b87f4: shutdown FollowerState
2019-10-18 11:24:28,090 [grpc-default-executor-1] INFO  impl.RoleInfo (RoleInfo.java:shutdownFollowerState(121)) - c652e2ee-3322-4406-8db6-1ea643cb3197: shutdown FollowerState
2019-10-18 11:24:28,090 [Thread-804] INFO  impl.FollowerState (FollowerState.java:run(117)) - 54aabb14-4a7d-4ab3-adbe-2e67760b87f4@group-7E32184879DE-FollowerState was interrupted: java.lang.InterruptedException: sleep interrupted
2019-10-18 11:24:28,090 [grpc-default-executor-0] INFO  impl.RoleInfo (RoleInfo.java:updateAndGet(143)) - 54aabb14-4a7d-4ab3-adbe-2e67760b87f4: start FollowerState
2019-10-18 11:24:28,090 [Thread-803] INFO  impl.FollowerState (FollowerState.java:run(117)) - c652e2ee-3322-4406-8db6-1ea643cb3197@group-7E32184879DE-FollowerState was interrupted: java.lang.InterruptedException: sleep interrupted
2019-10-18 11:24:28,090 [grpc-default-executor-1] INFO  impl.RoleInfo (RoleInfo.java:updateAndGet(143)) - c652e2ee-3322-4406-8db6-1ea643cb3197: start FollowerState
2019-10-18 11:24:28,114 [f535bb4a-cba0-4f9b-9e3e-e4a48b3eda51@group-7E32184879DE-LeaderElection109] INFO  impl.LeaderElection (LeaderElection.java:logAndReturn(56)) - f535bb4a-cba0-4f9b-9e3e-e4a48b3eda51@group-7E32184879DE-LeaderElection109: Election REJECTED; received 2 response(s) [f535bb4a-cba0-4f9b-9e3e-e4a48b3eda51<-54aabb14-4a7d-4ab3-adbe-2e67760b87f4#0:FAIL-t132, f535bb4a-cba0-4f9b-9e3e-e4a48b3eda51<-c652e2ee-3322-4406-8db6-1ea643cb3197#0:FAIL-t132] and 0 exception(s); f535bb4a-cba0-4f9b-9e3e-e4a48b3eda51@group-7E32184879DE:t132, leader=null, voted=f535bb4a-cba0-4f9b-9e3e-e4a48b3eda51, raftlog=f535bb4a-cba0-4f9b-9e3e-e4a48b3eda51@group-7E32184879DE-SegmentedRaftLog:OPENED:c-1,f-1,i0, conf=-1: [f535bb4a-cba0-4f9b-9e3e-e4a48b3eda51:0.0.0.0:44706, 54aabb14-4a7d-4ab3-adbe-2e67760b87f4:0.0.0.0:43074, c652e2ee-3322-4406-8db6-1ea643cb3197:0.0.0.0:42129], old=null
2019-10-18 11:24:28,114 [f535bb4a-cba0-4f9b-9e3e-e4a48b3eda51@group-7E32184879DE-LeaderElection109] INFO  impl.RaftServerImpl (RaftServerImpl.java:setRole(184)) - f535bb4a-cba0-4f9b-9e3e-e4a48b3eda51@group-7E32184879DE: changes role from CANDIDATE to FOLLOWER at term 132 for DISCOVERED_A_NEW_TERM
2019-10-18 11:24:28,114 [f535bb4a-cba0-4f9b-9e3e-e4a48b3eda51@group-7E32184879DE-LeaderElection109] INFO  impl.RoleInfo (RoleInfo.java:shutdownLeaderElection(134)) - f535bb4a-cba0-4f9b-9e3e-e4a48b3eda51: shutdown LeaderElection
2019-10-18 11:24:28,114 [f535bb4a-cba0-4f9b-9e3e-e4a48b3eda51@group-7E32184879DE-LeaderElection109] INFO  impl.RoleInfo (RoleInfo.java:updateAndGet(143)) - f535bb4a-cba0-4f9b-9e3e-e4a48b3eda51: start FollowerState
2019-10-18 11:24:28,165 [Thread-813] INFO  impl.FollowerState (FollowerState.java:run(108)) - f535bb4a-cba0-4f9b-9e3e-e4a48b3eda51@group-7E32184879DE-FollowerState: change to CANDIDATE, lastRpcTime:51ms, electionTimeout:51ms
2019-10-18 11:24:28,166 [Thread-813] INFO  impl.RoleInfo (RoleInfo.java:shutdownFollowerState(121)) - f535bb4a-cba0-4f9b-9e3e-e4a48b3eda51: shutdown FollowerState
2019-10-18 11:24:28,166 [Thread-813] INFO  impl.RaftServerImpl (RaftServerImpl.java:setRole(184)) - f535bb4a-cba0-4f9b-9e3e-e4a48b3eda51@group-7E32184879DE: changes role from  FOLLOWER to CANDIDATE at term 132 for changeToCandidate
2019-10-18 11:24:28,166 [Thread-813] INFO  impl.RoleInfo (RoleInfo.java:updateAndGet(143)) - f535bb4a-cba0-4f9b-9e3e-e4a48b3eda51: start LeaderElection
2019-10-18 11:24:28,196 [f535bb4a-cba0-4f9b-9e3e-e4a48b3eda51@group-7E32184879DE-LeaderElection110] INFO  impl.LeaderElection (LeaderElection.java:askForVotes(178)) - f535bb4a-cba0-4f9b-9e3e-e4a48b3eda51@group-7E32184879DE-LeaderElection110: begin an election at term 133 for -1: [f535bb4a-cba0-4f9b-9e3e-e4a48b3eda51:0.0.0.0:44706, 54aabb14-4a7d-4ab3-adbe-2e67760b87f4:0.0.0.0:43074, c652e2ee-3322-4406-8db6-1ea643cb3197:0.0.0.0:42129], old=null
2019-10-18 11:24:28,198 [grpc-default-executor-1] INFO  impl.RaftServerImpl (RaftServerImpl.java:setRole(184)) - c652e2ee-3322-4406-8db6-1ea643cb3197@group-7E32184879DE: changes role from  FOLLOWER to FOLLOWER at term 133 for recognizeCandidate:f535bb4a-cba0-4f9b-9e3e-e4a48b3eda51
2019-10-18 11:24:28,199 [grpc-default-executor-1] INFO  impl.RoleInfo (RoleInfo.java:shutdownFollowerState(121)) - c652e2ee-3322-4406-8db6-1ea643cb3197: shutdown FollowerState
2019-10-18 11:24:28,198 [grpc-default-executor-0] INFO  impl.RaftServerImpl (RaftServerImpl.java:setRole(184)) - 54aabb14-4a7d-4ab3-adbe-2e67760b87f4@group-7E32184879DE: changes role from  FOLLOWER to FOLLOWER at term 133 for recognizeCandidate:f535bb4a-cba0-4f9b-9e3e-e4a48b3eda51
2019-10-18 11:24:28,199 [Thread-812] INFO  impl.FollowerState (FollowerState.java:run(117)) - c652e2ee-3322-4406-8db6-1ea643cb3197@group-7E32184879DE-FollowerState was interrupted: java.lang.InterruptedException: sleep interrupted
2019-10-18 11:24:28,199 [grpc-default-executor-1] INFO  impl.RoleInfo (RoleInfo.java:updateAndGet(143)) - c652e2ee-3322-4406-8db6-1ea643cb3197: start FollowerState
2019-10-18 11:24:28,199 [grpc-default-executor-0] INFO  impl.RoleInfo (RoleInfo.java:shutdownFollowerState(121)) - 54aabb14-4a7d-4ab3-adbe-2e67760b87f4: shutdown FollowerState
2019-10-18 11:24:28,199 [grpc-default-executor-0] INFO  impl.RoleInfo (RoleInfo.java:updateAndGet(143)) - 54aabb14-4a7d-4ab3-adbe-2e67760b87f4: start FollowerState
2019-10-18 11:24:28,199 [Thread-811] INFO  impl.FollowerState (FollowerState.java:run(117)) - 54aabb14-4a7d-4ab3-adbe-2e67760b87f4@group-7E32184879DE-FollowerState was interrupted: java.lang.InterruptedException: sleep interrupted
2019-10-18 11:24:28,223 [f535bb4a-cba0-4f9b-9e3e-e4a48b3eda51@group-7E32184879DE-LeaderElection110] INFO  impl.LeaderElection (LeaderElection.java:logAndReturn(56)) - f535bb4a-cba0-4f9b-9e3e-e4a48b3eda51@group-7E32184879DE-LeaderElection110: Election REJECTED; received 2 response(s) [f535bb4a-cba0-4f9b-9e3e-e4a48b3eda51<-54aabb14-4a7d-4ab3-adbe-2e67760b87f4#0:FAIL-t133, f535bb4a-cba0-4f9b-9e3e-e4a48b3eda51<-c652e2ee-3322-4406-8db6-1ea643cb3197#0:FAIL-t133] and 0 exception(s); f535bb4a-cba0-4f9b-9e3e-e4a48b3eda51@group-7E32184879DE:t133, leader=null, voted=f535bb4a-cba0-4f9b-9e3e-e4a48b3eda51, raftlog=f535bb4a-cba0-4f9b-9e3e-e4a48b3eda51@group-7E32184879DE-SegmentedRaftLog:OPENED:c-1,f-1,i0, conf=-1: [f535bb4a-cba0-4f9b-9e3e-e4a48b3eda51:0.0.0.0:44706, 54aabb14-4a7d-4ab3-adbe-2e67760b87f4:0.0.0.0:43074, c652e2ee-3322-4406-8db6-1ea643cb3197:0.0.0.0:42129], old=null
2019-10-18 11:24:28,223 [f535bb4a-cba0-4f9b-9e3e-e4a48b3eda51@group-7E32184879DE-LeaderElection110] INFO  impl.RaftServerImpl (RaftServerImpl.java:setRole(184)) - f535bb4a-cba0-4f9b-9e3e-e4a48b3eda51@group-7E32184879DE: changes role from CANDIDATE to FOLLOWER at term 133 for DISCOVERED_A_NEW_TERM
2019-10-18 11:24:28,223 [f535bb4a-cba0-4f9b-9e3e-e4a48b3eda51@group-7E32184879DE-LeaderElection110] INFO  impl.RoleInfo (RoleInfo.java:shutdownLeaderElection(134)) - f535bb4a-cba0-4f9b-9e3e-e4a48b3eda51: shutdown LeaderElection
2019-10-18 11:24:28,223 [f535bb4a-cba0-4f9b-9e3e-e4a48b3eda51@group-7E32184879DE-LeaderElection110] INFO  impl.RoleInfo (RoleInfo.java:updateAndGet(143)) - f535bb4a-cba0-4f9b-9e3e-e4a48b3eda51: start FollowerState
2019-10-18 11:24:28,368 [Thread-819] INFO  impl.FollowerState (FollowerState.java:run(108)) - f535bb4a-cba0-4f9b-9e3e-e4a48b3eda51@group-7E32184879DE-FollowerState: change to CANDIDATE, lastRpcTime:144ms, electionTimeout:144ms
2019-10-18 11:24:28,368 [Thread-819] INFO  impl.RoleInfo (RoleInfo.java:shutdownFollowerState(121)) - f535bb4a-cba0-4f9b-9e3e-e4a48b3eda51: shutdown FollowerState
2019-10-18 11:24:28,368 [Thread-819] INFO  impl.RaftServerImpl (RaftServerImpl.java:setRole(184)) - f535bb4a-cba0-4f9b-9e3e-e4a48b3eda51@group-7E32184879DE: changes role from  FOLLOWER to CANDIDATE at term 133 for changeToCandidate
2019-10-18 11:24:28,368 [Thread-819] INFO  impl.RoleInfo (RoleInfo.java:updateAndGet(143)) - f535bb4a-cba0-4f9b-9e3e-e4a48b3eda51: start LeaderElection
2019-10-18 11:24:28,397 [f535bb4a-cba0-4f9b-9e3e-e4a48b3eda51@group-7E32184879DE-LeaderElection111] INFO  impl.LeaderElection (LeaderElection.java:askForVotes(178)) - f535bb4a-cba0-4f9b-9e3e-e4a48b3eda51@group-7E32184879DE-LeaderElection111: begin an election at term 134 for -1: [f535bb4a-cba0-4f9b-9e3e-e4a48b3eda51:0.0.0.0:44706, 54aabb14-4a7d-4ab3-adbe-2e67760b87f4:0.0.0.0:43074, c652e2ee-3322-4406-8db6-1ea643cb3197:0.0.0.0:42129], old=null
2019-10-18 11:24:28,401 [grpc-default-executor-1] INFO  impl.RaftServerImpl (RaftServerImpl.java:setRole(184)) - c652e2ee-3322-4406-8db6-1ea643cb3197@group-7E32184879DE: changes role from  FOLLOWER to FOLLOWER at term 134 for recognizeCandidate:f535bb4a-cba0-4f9b-9e3e-e4a48b3eda51
2019-10-18 11:24:28,401 [grpc-default-executor-0] INFO  impl.RaftServerImpl (RaftServerImpl.java:setRole(184)) - 54aabb14-4a7d-4ab3-adbe-2e67760b87f4@group-7E32184879DE: changes role from  FOLLOWER to FOLLOWER at term 134 for recognizeCandidate:f535bb4a-cba0-4f9b-9e3e-e4a48b3eda51
2019-10-18 11:24:28,402 [grpc-default-executor-1] INFO  impl.RoleInfo (RoleInfo.java:shutdownFollowerState(121)) - c652e2ee-3322-4406-8db6-1ea643cb3197: shutdown FollowerState
2019-10-18 11:24:28,402 [grpc-default-executor-0] INFO  impl.RoleInfo (RoleInfo.java:shutdownFollowerState(121)) - 54aabb14-4a7d-4ab3-adbe-2e67760b87f4: shutdown FollowerState
2019-10-18 11:24:28,402 [Thread-817] INFO  impl.FollowerState (FollowerState.java:run(117)) - c652e2ee-3322-4406-8db6-1ea643cb3197@group-7E32184879DE-FollowerState was interrupted: java.lang.InterruptedException: sleep interrupted
2019-10-18 11:24:28,402 [Thread-818] INFO  impl.FollowerState (FollowerState.java:run(117)) - 54aabb14-4a7d-4ab3-adbe-2e67760b87f4@group-7E32184879DE-FollowerState was interrupted: java.lang.InterruptedException: sleep interrupted
2019-10-18 11:24:28,402 [grpc-default-executor-1] INFO  impl.RoleInfo (RoleInfo.java:updateAndGet(143)) - c652e2ee-3322-4406-8db6-1ea643cb3197: start FollowerState
2019-10-18 11:24:28,402 [grpc-default-executor-0] INFO  impl.RoleInfo (RoleInfo.java:updateAndGet(143)) - 54aabb14-4a7d-4ab3-adbe-2e67760b87f4: start FollowerState
2019-10-18 11:24:28,432 [f535bb4a-cba0-4f9b-9e3e-e4a48b3eda51@group-7E32184879DE-LeaderElection111] INFO  impl.LeaderElection (LeaderElection.java:logAndReturn(56)) - f535bb4a-cba0-4f9b-9e3e-e4a48b3eda51@group-7E32184879DE-LeaderElection111: Election REJECTED; received 2 response(s) [f535bb4a-cba0-4f9b-9e3e-e4a48b3eda51<-54aabb14-4a7d-4ab3-adbe-2e67760b87f4#0:FAIL-t134, f535bb4a-cba0-4f9b-9e3e-e4a48b3eda51<-c652e2ee-3322-4406-8db6-1ea643cb3197#0:FAIL-t134] and 0 exception(s); f535bb4a-cba0-4f9b-9e3e-e4a48b3eda51@group-7E32184879DE:t134, leader=null, voted=f535bb4a-cba0-4f9b-9e3e-e4a48b3eda51, raftlog=f535bb4a-cba0-4f9b-9e3e-e4a48b3eda51@group-7E32184879DE-SegmentedRaftLog:OPENED:c-1,f-1,i0, conf=-1: [f535bb4a-cba0-4f9b-9e3e-e4a48b3eda51:0.0.0.0:44706, 54aabb14-4a7d-4ab3-adbe-2e67760b87f4:0.0.0.0:43074, c652e2ee-3322-4406-8db6-1ea643cb3197:0.0.0.0:42129], old=null
2019-10-18 11:24:28,432 [f535bb4a-cba0-4f9b-9e3e-e4a48b3eda51@group-7E32184879DE-LeaderElection111] INFO  impl.RaftServerImpl (RaftServerImpl.java:setRole(184)) - f535bb4a-cba0-4f9b-9e3e-e4a48b3eda51@group-7E32184879DE: changes role from CANDIDATE to FOLLOWER at term 134 for DISCOVERED_A_NEW_TERM
2019-10-18 11:24:28,432 [f535bb4a-cba0-4f9b-9e3e-e4a48b3eda51@group-7E32184879DE-LeaderElection111] INFO  impl.RoleInfo (RoleInfo.java:shutdownLeaderElection(134)) - f535bb4a-cba0-4f9b-9e3e-e4a48b3eda51: shutdown LeaderElection
2019-10-18 11:24:28,433 [f535bb4a-cba0-4f9b-9e3e-e4a48b3eda51@group-7E32184879DE-LeaderElection111] INFO  impl.RoleInfo (RoleInfo.java:updateAndGet(143)) - f535bb4a-cba0-4f9b-9e3e-e4a48b3eda51: start FollowerState
2019-10-18 11:24:28,519 [Thread-825] INFO  impl.FollowerState (FollowerState.java:run(108)) - f535bb4a-cba0-4f9b-9e3e-e4a48b3eda51@group-7E32184879DE-FollowerState: change to CANDIDATE, lastRpcTime:86ms, electionTimeout:86ms
2019-10-18 11:24:28,519 [Thread-825] INFO  impl.RoleInfo (RoleInfo.java:shutdownFollowerState(121)) - f535bb4a-cba0-4f9b-9e3e-e4a48b3eda51: shutdown FollowerState
2019-10-18 11:24:28,519 [Thread-825] INFO  impl.RaftServerImpl (RaftServerImpl.java:setRole(184)) - f535bb4a-cba0-4f9b-9e3e-e4a48b3eda51@group-7E32184879DE: changes role from  FOLLOWER to CANDIDATE at term 134 for changeToCandidate
2019-10-18 11:24:28,519 [Thread-825] INFO  impl.RoleInfo (RoleInfo.java:updateAndGet(143)) - f535bb4a-cba0-4f9b-9e3e-e4a48b3eda51: start LeaderElection
2019-10-18 11:24:28,548 [f535bb4a-cba0-4f9b-9e3e-e4a48b3eda51@group-7E32184879DE-LeaderElection112] INFO  impl.LeaderElection (LeaderElection.java:askForVotes(178)) - f535bb4a-cba0-4f9b-9e3e-e4a48b3eda51@group-7E32184879DE-LeaderElection112: begin an election at term 135 for -1: [f535bb4a-cba0-4f9b-9e3e-e4a48b3eda51:0.0.0.0:44706, 54aabb14-4a7d-4ab3-adbe-2e67760b87f4:0.0.0.0:43074, c652e2ee-3322-4406-8db6-1ea643cb3197:0.0.0.0:42129], old=null
2019-10-18 11:24:28,550 [grpc-default-executor-0] INFO  impl.RaftServerImpl (RaftServerImpl.java:setRole(184)) - c652e2ee-3322-4406-8db6-1ea643cb3197@group-7E32184879DE: changes role from  FOLLOWER to FOLLOWER at term 135 for recognizeCandidate:f535bb4a-cba0-4f9b-9e3e-e4a48b3eda51
2019-10-18 11:24:28,550 [grpc-default-executor-1] INFO  impl.RaftServerImpl (RaftServerImpl.java:setRole(184)) - 54aabb14-4a7d-4ab3-adbe-2e67760b87f4@group-7E32184879DE: changes role from  FOLLOWER to FOLLOWER at term 135 for recognizeCandidate:f535bb4a-cba0-4f9b-9e3e-e4a48b3eda51
2019-10-18 11:24:28,551 [grpc-default-executor-0] INFO  impl.RoleInfo (RoleInfo.java:shutdownFollowerState(121)) - c652e2ee-3322-4406-8db6-1ea643cb3197: shutdown FollowerState
2019-10-18 11:24:28,551 [grpc-default-executor-1] INFO  impl.RoleInfo (RoleInfo.java:shutdownFollowerState(121)) - 54aabb14-4a7d-4ab3-adbe-2e67760b87f4: shutdown FollowerState
2019-10-18 11:24:28,551 [Thread-823] INFO  impl.FollowerState (FollowerState.java:run(117)) - c652e2ee-3322-4406-8db6-1ea643cb3197@group-7E32184879DE-FollowerState was interrupted: java.lang.InterruptedException: sleep interrupted
2019-10-18 11:24:28,551 [grpc-default-executor-0] INFO  impl.RoleInfo (RoleInfo.java:updateAndGet(143)) - c652e2ee-3322-4406-8db6-1ea643cb3197: start FollowerState
2019-10-18 11:24:28,551 [grpc-default-executor-1] INFO  impl.RoleInfo (RoleInfo.java:updateAndGet(143)) - 54aabb14-4a7d-4ab3-adbe-2e67760b87f4: start FollowerState
2019-10-18 11:24:28,551 [Thread-824] INFO  impl.FollowerState (FollowerState.java:run(117)) - 54aabb14-4a7d-4ab3-adbe-2e67760b87f4@group-7E32184879DE-FollowerState was interrupted: java.lang.InterruptedException: sleep interrupted
2019-10-18 11:24:28,574 [f535bb4a-cba0-4f9b-9e3e-e4a48b3eda51@group-7E32184879DE-LeaderElection112] INFO  impl.LeaderElection (LeaderElection.java:logAndReturn(56)) - f535bb4a-cba0-4f9b-9e3e-e4a48b3eda51@group-7E32184879DE-LeaderElection112: Election REJECTED; received 2 response(s) [f535bb4a-cba0-4f9b-9e3e-e4a48b3eda51<-54aabb14-4a7d-4ab3-adbe-2e67760b87f4#0:FAIL-t135, f535bb4a-cba0-4f9b-9e3e-e4a48b3eda51<-c652e2ee-3322-4406-8db6-1ea643cb3197#0:FAIL-t135] and 0 exception(s); f535bb4a-cba0-4f9b-9e3e-e4a48b3eda51@group-7E32184879DE:t135, leader=null, voted=f535bb4a-cba0-4f9b-9e3e-e4a48b3eda51, raftlog=f535bb4a-cba0-4f9b-9e3e-e4a48b3eda51@group-7E32184879DE-SegmentedRaftLog:OPENED:c-1,f-1,i0, conf=-1: [f535bb4a-cba0-4f9b-9e3e-e4a48b3eda51:0.0.0.0:44706, 54aabb14-4a7d-4ab3-adbe-2e67760b87f4:0.0.0.0:43074, c652e2ee-3322-4406-8db6-1ea643cb3197:0.0.0.0:42129], old=null
2019-10-18 11:24:28,574 [f535bb4a-cba0-4f9b-9e3e-e4a48b3eda51@group-7E32184879DE-LeaderElection112] INFO  impl.RaftServerImpl (RaftServerImpl.java:setRole(184)) - f535bb4a-cba0-4f9b-9e3e-e4a48b3eda51@group-7E32184879DE: changes role from CANDIDATE to FOLLOWER at term 135 for DISCOVERED_A_NEW_TERM
2019-10-18 11:24:28,574 [f535bb4a-cba0-4f9b-9e3e-e4a48b3eda51@group-7E32184879DE-LeaderElection112] INFO  impl.RoleInfo (RoleInfo.java:shutdownLeaderElection(134)) - f535bb4a-cba0-4f9b-9e3e-e4a48b3eda51: shutdown LeaderElection
2019-10-18 11:24:28,575 [f535bb4a-cba0-4f9b-9e3e-e4a48b3eda51@group-7E32184879DE-LeaderElection112] INFO  impl.RoleInfo (RoleInfo.java:updateAndGet(143)) - f535bb4a-cba0-4f9b-9e3e-e4a48b3eda51: start FollowerState
2019-10-18 11:24:28,645 [Thread-831] INFO  impl.FollowerState (FollowerState.java:run(108)) - f535bb4a-cba0-4f9b-9e3e-e4a48b3eda51@group-7E32184879DE-FollowerState: change to CANDIDATE, lastRpcTime:70ms, electionTimeout:70ms
2019-10-18 11:24:28,645 [Thread-831] INFO  impl.RoleInfo (RoleInfo.java:shutdownFollowerState(121)) - f535bb4a-cba0-4f9b-9e3e-e4a48b3eda51: shutdown FollowerState
2019-10-18 11:24:28,645 [Thread-831] INFO  impl.RaftServerImpl (RaftServerImpl.java:setRole(184)) - f535bb4a-cba0-4f9b-9e3e-e4a48b3eda51@group-7E32184879DE: changes role from  FOLLOWER to CANDIDATE at term 135 for changeToCandidate
2019-10-18 11:24:28,645 [Thread-831] INFO  impl.RoleInfo (RoleInfo.java:updateAndGet(143)) - f535bb4a-cba0-4f9b-9e3e-e4a48b3eda51: start LeaderElection
2019-10-18 11:24:28,673 [f535bb4a-cba0-4f9b-9e3e-e4a48b3eda51@group-7E32184879DE-LeaderElection113] INFO  impl.LeaderElection (LeaderElection.java:askForVotes(178)) - f535bb4a-cba0-4f9b-9e3e-e4a48b3eda51@group-7E32184879DE-LeaderElection113: begin an election at term 136 for -1: [f535bb4a-cba0-4f9b-9e3e-e4a48b3eda51:0.0.0.0:44706, 54aabb14-4a7d-4ab3-adbe-2e67760b87f4:0.0.0.0:43074, c652e2ee-3322-4406-8db6-1ea643cb3197:0.0.0.0:42129], old=null
2019-10-18 11:24:28,676 [grpc-default-executor-1] INFO  impl.RaftServerImpl (RaftServerImpl.java:setRole(184)) - 54aabb14-4a7d-4ab3-adbe-2e67760b87f4@group-7E32184879DE: changes role from  FOLLOWER to FOLLOWER at term 136 for recognizeCandidate:f535bb4a-cba0-4f9b-9e3e-e4a48b3eda51
2019-10-18 11:24:28,676 [grpc-default-executor-1] INFO  impl.RoleInfo (RoleInfo.java:shutdownFollowerState(121)) - 54aabb14-4a7d-4ab3-adbe-2e67760b87f4: shutdown FollowerState
2019-10-18 11:24:28,676 [grpc-default-executor-0] INFO  impl.RaftServerImpl (RaftServerImpl.java:setRole(184)) - c652e2ee-3322-4406-8db6-1ea643cb3197@group-7E32184879DE: changes role from  FOLLOWER to FOLLOWER at term 136 for recognizeCandidate:f535bb4a-cba0-4f9b-9e3e-e4a48b3eda51
2019-10-18 11:24:28,676 [Thread-830] INFO  impl.FollowerState (FollowerState.java:run(117)) - 54aabb14-4a7d-4ab3-adbe-2e67760b87f4@group-7E32184879DE-FollowerState was interrupted: java.lang.InterruptedException: sleep interrupted
2019-10-18 11:24:28,676 [grpc-default-executor-1] INFO  impl.RoleInfo (RoleInfo.java:updateAndGet(143)) - 54aabb14-4a7d-4ab3-adbe-2e67760b87f4: start FollowerState
2019-10-18 11:24:28,676 [grpc-default-executor-0] INFO  impl.RoleInfo (RoleInfo.java:shutdownFollowerState(121)) - c652e2ee-3322-4406-8db6-1ea643cb3197: shutdown FollowerState
2019-10-18 11:24:28,677 [grpc-default-executor-0] INFO  impl.RoleInfo (RoleInfo.java:updateAndGet(143)) - c652e2ee-3322-4406-8db6-1ea643cb3197: start FollowerState
2019-10-18 11:24:28,677 [Thread-829] INFO  impl.FollowerState (FollowerState.java:run(117)) - c652e2ee-3322-4406-8db6-1ea643cb3197@group-7E32184879DE-FollowerState was interrupted: java.lang.InterruptedException: sleep interrupted
2019-10-18 11:24:28,700 [f535bb4a-cba0-4f9b-9e3e-e4a48b3eda51@group-7E32184879DE-LeaderElection113] INFO  impl.LeaderElection (LeaderElection.java:logAndReturn(56)) - f535bb4a-cba0-4f9b-9e3e-e4a48b3eda51@group-7E32184879DE-LeaderElection113: Election REJECTED; received 2 response(s) [f535bb4a-cba0-4f9b-9e3e-e4a48b3eda51<-54aabb14-4a7d-4ab3-adbe-2e67760b87f4#0:FAIL-t136, f535bb4a-cba0-4f9b-9e3e-e4a48b3eda51<-c652e2ee-3322-4406-8db6-1ea643cb3197#0:FAIL-t136] and 0 exception(s); f535bb4a-cba0-4f9b-9e3e-e4a48b3eda51@group-7E32184879DE:t136, leader=null, voted=f535bb4a-cba0-4f9b-9e3e-e4a48b3eda51, raftlog=f535bb4a-cba0-4f9b-9e3e-e4a48b3eda51@group-7E32184879DE-SegmentedRaftLog:OPENED:c-1,f-1,i0, conf=-1: [f535bb4a-cba0-4f9b-9e3e-e4a48b3eda51:0.0.0.0:44706, 54aabb14-4a7d-4ab3-adbe-2e67760b87f4:0.0.0.0:43074, c652e2ee-3322-4406-8db6-1ea643cb3197:0.0.0.0:42129], old=null
2019-10-18 11:24:28,700 [f535bb4a-cba0-4f9b-9e3e-e4a48b3eda51@group-7E32184879DE-LeaderElection113] INFO  impl.RaftServerImpl (RaftServerImpl.java:setRole(184)) - f535bb4a-cba0-4f9b-9e3e-e4a48b3eda51@group-7E32184879DE: changes role from CANDIDATE to FOLLOWER at term 136 for DISCOVERED_A_NEW_TERM
2019-10-18 11:24:28,700 [f535bb4a-cba0-4f9b-9e3e-e4a48b3eda51@group-7E32184879DE-LeaderElection113] INFO  impl.RoleInfo (RoleInfo.java:shutdownLeaderElection(134)) - f535bb4a-cba0-4f9b-9e3e-e4a48b3eda51: shutdown LeaderElection
2019-10-18 11:24:28,700 [f535bb4a-cba0-4f9b-9e3e-e4a48b3eda51@group-7E32184879DE-LeaderElection113] INFO  impl.RoleInfo (RoleInfo.java:updateAndGet(143)) - f535bb4a-cba0-4f9b-9e3e-e4a48b3eda51: start FollowerState
2019-10-18 11:24:28,780 [Thread-837] INFO  impl.FollowerState (FollowerState.java:run(108)) - f535bb4a-cba0-4f9b-9e3e-e4a48b3eda51@group-7E32184879DE-FollowerState: change to CANDIDATE, lastRpcTime:79ms, electionTimeout:74ms
2019-10-18 11:24:28,780 [Thread-837] INFO  impl.RoleInfo (RoleInfo.java:shutdownFollowerState(121)) - f535bb4a-cba0-4f9b-9e3e-e4a48b3eda51: shutdown FollowerState
2019-10-18 11:24:28,780 [Thread-837] INFO  impl.RaftServerImpl (RaftServerImpl.java:setRole(184)) - f535bb4a-cba0-4f9b-9e3e-e4a48b3eda51@group-7E32184879DE: changes role from  FOLLOWER to CANDIDATE at term 136 for changeToCandidate
2019-10-18 11:24:28,781 [Thread-837] INFO  impl.RoleInfo (RoleInfo.java:updateAndGet(143)) - f535bb4a-cba0-4f9b-9e3e-e4a48b3eda51: start LeaderElection
2019-10-18 11:24:28,807 [f535bb4a-cba0-4f9b-9e3e-e4a48b3eda51@group-7E32184879DE-LeaderElection114] INFO  impl.LeaderElection (LeaderElection.java:askForVotes(178)) - f535bb4a-cba0-4f9b-9e3e-e4a48b3eda51@group-7E32184879DE-LeaderElection114: begin an election at term 137 for -1: [f535bb4a-cba0-4f9b-9e3e-e4a48b3eda51:0.0.0.0:44706, 54aabb14-4a7d-4ab3-adbe-2e67760b87f4:0.0.0.0:43074, c652e2ee-3322-4406-8db6-1ea643cb3197:0.0.0.0:42129], old=null
2019-10-18 11:24:28,810 [grpc-default-executor-0] INFO  impl.RaftServerImpl (RaftServerImpl.java:setRole(184)) - 54aabb14-4a7d-4ab3-adbe-2e67760b87f4@group-7E32184879DE: changes role from  FOLLOWER to FOLLOWER at term 137 for recognizeCandidate:f535bb4a-cba0-4f9b-9e3e-e4a48b3eda51
2019-10-18 11:24:28,810 [grpc-default-executor-1] INFO  impl.RaftServerImpl (RaftServerImpl.java:setRole(184)) - c652e2ee-3322-4406-8db6-1ea643cb3197@group-7E32184879DE: changes role from  FOLLOWER to FOLLOWER at term 137 for recognizeCandidate:f535bb4a-cba0-4f9b-9e3e-e4a48b3eda51
2019-10-18 11:24:28,810 [grpc-default-executor-0] INFO  impl.RoleInfo (RoleInfo.java:shutdownFollowerState(121)) - 54aabb14-4a7d-4ab3-adbe-2e67760b87f4: shutdown FollowerState
2019-10-18 11:24:28,810 [grpc-default-executor-1] INFO  impl.RoleInfo (RoleInfo.java:shutdownFollowerState(121)) - c652e2ee-3322-4406-8db6-1ea643cb3197: shutdown FollowerState
2019-10-18 11:24:28,810 [Thread-835] INFO  impl.FollowerState (FollowerState.java:run(117)) - 54aabb14-4a7d-4ab3-adbe-2e67760b87f4@group-7E32184879DE-FollowerState was interrupted: java.lang.InterruptedException: sleep interrupted
2019-10-18 11:24:28,810 [Thread-836] INFO  impl.FollowerState (FollowerState.java:run(117)) - c652e2ee-3322-4406-8db6-1ea643cb3197@group-7E32184879DE-FollowerState was interrupted: java.lang.InterruptedException: sleep interrupted
2019-10-18 11:24:28,810 [grpc-default-executor-0] INFO  impl.RoleInfo (RoleInfo.java:updateAndGet(143)) - 54aabb14-4a7d-4ab3-adbe-2e67760b87f4: start FollowerState
2019-10-18 11:24:28,810 [grpc-default-executor-1] INFO  impl.RoleInfo (RoleInfo.java:updateAndGet(143)) - c652e2ee-3322-4406-8db6-1ea643cb3197: start FollowerState
2019-10-18 11:24:28,827 [f535bb4a-cba0-4f9b-9e3e-e4a48b3eda51@group-7E32184879DE-LeaderElection114] INFO  impl.LeaderElection (LeaderElection.java:logAndReturn(56)) - f535bb4a-cba0-4f9b-9e3e-e4a48b3eda51@group-7E32184879DE-LeaderElection114: Election REJECTED; received 2 response(s) [f535bb4a-cba0-4f9b-9e3e-e4a48b3eda51<-54aabb14-4a7d-4ab3-adbe-2e67760b87f4#0:FAIL-t137, f535bb4a-cba0-4f9b-9e3e-e4a48b3eda51<-c652e2ee-3322-4406-8db6-1ea643cb3197#0:FAIL-t137] and 0 exception(s); f535bb4a-cba0-4f9b-9e3e-e4a48b3eda51@group-7E32184879DE:t137, leader=null, voted=f535bb4a-cba0-4f9b-9e3e-e4a48b3eda51, raftlog=f535bb4a-cba0-4f9b-9e3e-e4a48b3eda51@group-7E32184879DE-SegmentedRaftLog:OPENED:c-1,f-1,i0, conf=-1: [f535bb4a-cba0-4f9b-9e3e-e4a48b3eda51:0.0.0.0:44706, 54aabb14-4a7d-4ab3-adbe-2e67760b87f4:0.0.0.0:43074, c652e2ee-3322-4406-8db6-1ea643cb3197:0.0.0.0:42129], old=null
2019-10-18 11:24:28,827 [f535bb4a-cba0-4f9b-9e3e-e4a48b3eda51@group-7E32184879DE-LeaderElection114] INFO  impl.RaftServerImpl (RaftServerImpl.java:setRole(184)) - f535bb4a-cba0-4f9b-9e3e-e4a48b3eda51@group-7E32184879DE: changes role from CANDIDATE to FOLLOWER at term 137 for DISCOVERED_A_NEW_TERM
2019-10-18 11:24:28,827 [f535bb4a-cba0-4f9b-9e3e-e4a48b3eda51@group-7E32184879DE-LeaderElection114] INFO  impl.RoleInfo (RoleInfo.java:shutdownLeaderElection(134)) - f535bb4a-cba0-4f9b-9e3e-e4a48b3eda51: shutdown LeaderElection
2019-10-18 11:24:28,827 [f535bb4a-cba0-4f9b-9e3e-e4a48b3eda51@group-7E32184879DE-LeaderElection114] INFO  impl.RoleInfo (RoleInfo.java:updateAndGet(143)) - f535bb4a-cba0-4f9b-9e3e-e4a48b3eda51: start FollowerState
2019-10-18 11:24:28,908 [Thread-843] INFO  impl.FollowerState (FollowerState.java:run(108)) - f535bb4a-cba0-4f9b-9e3e-e4a48b3eda51@group-7E32184879DE-FollowerState: change to CANDIDATE, lastRpcTime:80ms, electionTimeout:80ms
2019-10-18 11:24:28,908 [Thread-843] INFO  impl.RoleInfo (RoleInfo.java:shutdownFollowerState(121)) - f535bb4a-cba0-4f9b-9e3e-e4a48b3eda51: shutdown FollowerState
2019-10-18 11:24:28,908 [Thread-843] INFO  impl.RaftServerImpl (RaftServerImpl.java:setRole(184)) - f535bb4a-cba0-4f9b-9e3e-e4a48b3eda51@group-7E32184879DE: changes role from  FOLLOWER to CANDIDATE at term 137 for changeToCandidate
2019-10-18 11:24:28,909 [Thread-843] INFO  impl.RoleInfo (RoleInfo.java:updateAndGet(143)) - f535bb4a-cba0-4f9b-9e3e-e4a48b3eda51: start LeaderElection
2019-10-18 11:24:28,934 [f535bb4a-cba0-4f9b-9e3e-e4a48b3eda51@group-7E32184879DE-LeaderElection115] INFO  impl.LeaderElection (LeaderElection.java:askForVotes(178)) - f535bb4a-cba0-4f9b-9e3e-e4a48b3eda51@group-7E32184879DE-LeaderElection115: begin an election at term 138 for -1: [f535bb4a-cba0-4f9b-9e3e-e4a48b3eda51:0.0.0.0:44706, 54aabb14-4a7d-4ab3-adbe-2e67760b87f4:0.0.0.0:43074, c652e2ee-3322-4406-8db6-1ea643cb3197:0.0.0.0:42129], old=null
2019-10-18 11:24:28,936 [grpc-default-executor-0] INFO  impl.RaftServerImpl (RaftServerImpl.java:setRole(184)) - 54aabb14-4a7d-4ab3-adbe-2e67760b87f4@group-7E32184879DE: changes role from  FOLLOWER to FOLLOWER at term 138 for recognizeCandidate:f535bb4a-cba0-4f9b-9e3e-e4a48b3eda51
2019-10-18 11:24:28,936 [grpc-default-executor-1] INFO  impl.RaftServerImpl (RaftServerImpl.java:setRole(184)) - c652e2ee-3322-4406-8db6-1ea643cb3197@group-7E32184879DE: changes role from  FOLLOWER to FOLLOWER at term 138 for recognizeCandidate:f535bb4a-cba0-4f9b-9e3e-e4a48b3eda51
2019-10-18 11:24:28,937 [grpc-default-executor-0] INFO  impl.RoleInfo (RoleInfo.java:shutdownFollowerState(121)) - 54aabb14-4a7d-4ab3-adbe-2e67760b87f4: shutdown FollowerState
2019-10-18 11:24:28,937 [grpc-default-executor-1] INFO  impl.RoleInfo (RoleInfo.java:shutdownFollowerState(121)) - c652e2ee-3322-4406-8db6-1ea643cb3197: shutdown FollowerState
2019-10-18 11:24:28,937 [Thread-841] INFO  impl.FollowerState (FollowerState.java:run(117)) - 54aabb14-4a7d-4ab3-adbe-2e67760b87f4@group-7E32184879DE-FollowerState was interrupted: java.lang.InterruptedException: sleep interrupted
2019-10-18 11:24:28,937 [grpc-default-executor-0] INFO  impl.RoleInfo (RoleInfo.java:updateAndGet(143)) - 54aabb14-4a7d-4ab3-adbe-2e67760b87f4: start FollowerState
2019-10-18 11:24:28,937 [Thread-842] INFO  impl.FollowerState (FollowerState.java:run(117)) - c652e2ee-3322-4406-8db6-1ea643cb3197@group-7E32184879DE-FollowerState was interrupted: java.lang.InterruptedException: sleep interrupted
2019-10-18 11:24:28,937 [grpc-default-executor-1] INFO  impl.RoleInfo (RoleInfo.java:updateAndGet(143)) - c652e2ee-3322-4406-8db6-1ea643cb3197: start FollowerState
2019-10-18 11:24:28,966 [f535bb4a-cba0-4f9b-9e3e-e4a48b3eda51@group-7E32184879DE-LeaderElection115] INFO  impl.LeaderElection (LeaderElection.java:logAndReturn(56)) - f535bb4a-cba0-4f9b-9e3e-e4a48b3eda51@group-7E32184879DE-LeaderElection115: Election REJECTED; received 2 response(s) [f535bb4a-cba0-4f9b-9e3e-e4a48b3eda51<-54aabb14-4a7d-4ab3-adbe-2e67760b87f4#0:FAIL-t138, f535bb4a-cba0-4f9b-9e3e-e4a48b3eda51<-c652e2ee-3322-4406-8db6-1ea643cb3197#0:FAIL-t138] and 0 exception(s); f535bb4a-cba0-4f9b-9e3e-e4a48b3eda51@group-7E32184879DE:t138, leader=null, voted=f535bb4a-cba0-4f9b-9e3e-e4a48b3eda51, raftlog=f535bb4a-cba0-4f9b-9e3e-e4a48b3eda51@group-7E32184879DE-SegmentedRaftLog:OPENED:c-1,f-1,i0, conf=-1: [f535bb4a-cba0-4f9b-9e3e-e4a48b3eda51:0.0.0.0:44706, 54aabb14-4a7d-4ab3-adbe-2e67760b87f4:0.0.0.0:43074, c652e2ee-3322-4406-8db6-1ea643cb3197:0.0.0.0:42129], old=null
2019-10-18 11:24:28,967 [f535bb4a-cba0-4f9b-9e3e-e4a48b3eda51@group-7E32184879DE-LeaderElection115] INFO  impl.RaftServerImpl (RaftServerImpl.java:setRole(184)) - f535bb4a-cba0-4f9b-9e3e-e4a48b3eda51@group-7E32184879DE: changes role from CANDIDATE to FOLLOWER at term 138 for DISCOVERED_A_NEW_TERM
2019-10-18 11:24:28,967 [f535bb4a-cba0-4f9b-9e3e-e4a48b3eda51@group-7E32184879DE-LeaderElection115] INFO  impl.RoleInfo (RoleInfo.java:shutdownLeaderElection(134)) - f535bb4a-cba0-4f9b-9e3e-e4a48b3eda51: shutdown LeaderElection
2019-10-18 11:24:28,968 [f535bb4a-cba0-4f9b-9e3e-e4a48b3eda51@group-7E32184879DE-LeaderElection115] INFO  impl.RoleInfo (RoleInfo.java:updateAndGet(143)) - f535bb4a-cba0-4f9b-9e3e-e4a48b3eda51: start FollowerState
2019-10-18 11:24:29,128 [Thread-849] INFO  impl.FollowerState (FollowerState.java:run(108)) - f535bb4a-cba0-4f9b-9e3e-e4a48b3eda51@group-7E32184879DE-FollowerState: change to CANDIDATE, lastRpcTime:160ms, electionTimeout:160ms
2019-10-18 11:24:29,129 [Thread-849] INFO  impl.RoleInfo (RoleInfo.java:shutdownFollowerState(121)) - f535bb4a-cba0-4f9b-9e3e-e4a48b3eda51: shutdown FollowerState
2019-10-18 11:24:29,129 [Thread-849] INFO  impl.RaftServerImpl (RaftServerImpl.java:setRole(184)) - f535bb4a-cba0-4f9b-9e3e-e4a48b3eda51@group-7E32184879DE: changes role from  FOLLOWER to CANDIDATE at term 138 for changeToCandidate
2019-10-18 11:24:29,129 [Thread-849] INFO  impl.RoleInfo (RoleInfo.java:updateAndGet(143)) - f535bb4a-cba0-4f9b-9e3e-e4a48b3eda51: start LeaderElection
2019-10-18 11:24:29,160 [f535bb4a-cba0-4f9b-9e3e-e4a48b3eda51@group-7E32184879DE-LeaderElection116] INFO  impl.LeaderElection (LeaderElection.java:askForVotes(178)) - f535bb4a-cba0-4f9b-9e3e-e4a48b3eda51@group-7E32184879DE-LeaderElection116: begin an election at term 139 for -1: [f535bb4a-cba0-4f9b-9e3e-e4a48b3eda51:0.0.0.0:44706, 54aabb14-4a7d-4ab3-adbe-2e67760b87f4:0.0.0.0:43074, c652e2ee-3322-4406-8db6-1ea643cb3197:0.0.0.0:42129], old=null
2019-10-18 11:24:29,162 [grpc-default-executor-1] INFO  impl.RaftServerImpl (RaftServerImpl.java:setRole(184)) - 54aabb14-4a7d-4ab3-adbe-2e67760b87f4@group-7E32184879DE: changes role from  FOLLOWER to FOLLOWER at term 139 for recognizeCandidate:f535bb4a-cba0-4f9b-9e3e-e4a48b3eda51
2019-10-18 11:24:29,163 [grpc-default-executor-1] INFO  impl.RoleInfo (RoleInfo.java:shutdownFollowerState(121)) - 54aabb14-4a7d-4ab3-adbe-2e67760b87f4: shutdown FollowerState
2019-10-18 11:24:29,163 [grpc-default-executor-0] INFO  impl.RaftServerImpl (RaftServerImpl.java:setRole(184)) - c652e2ee-3322-4406-8db6-1ea643cb3197@group-7E32184879DE: changes role from  FOLLOWER to FOLLOWER at term 139 for recognizeCandidate:f535bb4a-cba0-4f9b-9e3e-e4a48b3eda51
2019-10-18 11:24:29,163 [Thread-847] INFO  impl.FollowerState (FollowerState.java:run(117)) - 54aabb14-4a7d-4ab3-adbe-2e67760b87f4@group-7E32184879DE-FollowerState was interrupted: java.lang.InterruptedException: sleep interrupted
2019-10-18 11:24:29,163 [grpc-default-executor-1] INFO  impl.RoleInfo (RoleInfo.java:updateAndGet(143)) - 54aabb14-4a7d-4ab3-adbe-2e67760b87f4: start FollowerState
2019-10-18 11:24:29,163 [grpc-default-executor-0] INFO  impl.RoleInfo (RoleInfo.java:shutdownFollowerState(121)) - c652e2ee-3322-4406-8db6-1ea643cb3197: shutdown FollowerState
2019-10-18 11:24:29,164 [grpc-default-executor-0] INFO  impl.RoleInfo (RoleInfo.java:updateAndGet(143)) - c652e2ee-3322-4406-8db6-1ea643cb3197: start FollowerState
2019-10-18 11:24:29,164 [Thread-848] INFO  impl.FollowerState (FollowerState.java:run(117)) - c652e2ee-3322-4406-8db6-1ea643cb3197@group-7E32184879DE-FollowerState was interrupted: java.lang.InterruptedException: sleep interrupted
2019-10-18 11:24:29,186 [f535bb4a-cba0-4f9b-9e3e-e4a48b3eda51@group-7E32184879DE-LeaderElection116] INFO  impl.LeaderElection (LeaderElection.java:logAndReturn(56)) - f535bb4a-cba0-4f9b-9e3e-e4a48b3eda51@group-7E32184879DE-LeaderElection116: Election REJECTED; received 2 response(s) [f535bb4a-cba0-4f9b-9e3e-e4a48b3eda51<-54aabb14-4a7d-4ab3-adbe-2e67760b87f4#0:FAIL-t139, f535bb4a-cba0-4f9b-9e3e-e4a48b3eda51<-c652e2ee-3322-4406-8db6-1ea643cb3197#0:FAIL-t139] and 0 exception(s); f535bb4a-cba0-4f9b-9e3e-e4a48b3eda51@group-7E32184879DE:t139, leader=null, voted=f535bb4a-cba0-4f9b-9e3e-e4a48b3eda51, raftlog=f535bb4a-cba0-4f9b-9e3e-e4a48b3eda51@group-7E32184879DE-SegmentedRaftLog:OPENED:c-1,f-1,i0, conf=-1: [f535bb4a-cba0-4f9b-9e3e-e4a48b3eda51:0.0.0.0:44706, 54aabb14-4a7d-4ab3-adbe-2e67760b87f4:0.0.0.0:43074, c652e2ee-3322-4406-8db6-1ea643cb3197:0.0.0.0:42129], old=null
2019-10-18 11:24:29,187 [f535bb4a-cba0-4f9b-9e3e-e4a48b3eda51@group-7E32184879DE-LeaderElection116] INFO  impl.RaftServerImpl (RaftServerImpl.java:setRole(184)) - f535bb4a-cba0-4f9b-9e3e-e4a48b3eda51@group-7E32184879DE: changes role from CANDIDATE to FOLLOWER at term 139 for DISCOVERED_A_NEW_TERM
2019-10-18 11:24:29,187 [f535bb4a-cba0-4f9b-9e3e-e4a48b3eda51@group-7E32184879DE-LeaderElection116] INFO  impl.RoleInfo (RoleInfo.java:shutdownLeaderElection(134)) - f535bb4a-cba0-4f9b-9e3e-e4a48b3eda51: shutdown LeaderElection
2019-10-18 11:24:29,187 [f535bb4a-cba0-4f9b-9e3e-e4a48b3eda51@group-7E32184879DE-LeaderElection116] INFO  impl.RoleInfo (RoleInfo.java:updateAndGet(143)) - f535bb4a-cba0-4f9b-9e3e-e4a48b3eda51: start FollowerState
2019-10-18 11:24:29,338 [Thread-857] INFO  impl.FollowerState (FollowerState.java:run(108)) - f535bb4a-cba0-4f9b-9e3e-e4a48b3eda51@group-7E32184879DE-FollowerState: change to CANDIDATE, lastRpcTime:151ms, electionTimeout:151ms
2019-10-18 11:24:29,339 [Thread-857] INFO  impl.RoleInfo (RoleInfo.java:shutdownFollowerState(121)) - f535bb4a-cba0-4f9b-9e3e-e4a48b3eda51: shutdown FollowerState
2019-10-18 11:24:29,339 [Thread-857] INFO  impl.RaftServerImpl (RaftServerImpl.java:setRole(184)) - f535bb4a-cba0-4f9b-9e3e-e4a48b3eda51@group-7E32184879DE: changes role from  FOLLOWER to CANDIDATE at term 139 for changeToCandidate
2019-10-18 11:24:29,339 [Thread-857] INFO  impl.RoleInfo (RoleInfo.java:updateAndGet(143)) - f535bb4a-cba0-4f9b-9e3e-e4a48b3eda51: start LeaderElection
2019-10-18 11:24:29,369 [f535bb4a-cba0-4f9b-9e3e-e4a48b3eda51@group-7E32184879DE-LeaderElection117] INFO  impl.LeaderElection (LeaderElection.java:askForVotes(178)) - f535bb4a-cba0-4f9b-9e3e-e4a48b3eda51@group-7E32184879DE-LeaderElection117: begin an election at term 140 for -1: [f535bb4a-cba0-4f9b-9e3e-e4a48b3eda51:0.0.0.0:44706, 54aabb14-4a7d-4ab3-adbe-2e67760b87f4:0.0.0.0:43074, c652e2ee-3322-4406-8db6-1ea643cb3197:0.0.0.0:42129], old=null
2019-10-18 11:24:29,372 [grpc-default-executor-1] INFO  impl.RaftServerImpl (RaftServerImpl.java:setRole(184)) - 54aabb14-4a7d-4ab3-adbe-2e67760b87f4@group-7E32184879DE: changes role from  FOLLOWER to FOLLOWER at term 140 for recognizeCandidate:f535bb4a-cba0-4f9b-9e3e-e4a48b3eda51
2019-10-18 11:24:29,372 [grpc-default-executor-1] INFO  impl.RoleInfo (RoleInfo.java:shutdownFollowerState(121)) - 54aabb14-4a7d-4ab3-adbe-2e67760b87f4: shutdown FollowerState
2019-10-18 11:24:29,372 [grpc-default-executor-0] INFO  impl.RaftServerImpl (RaftServerImpl.java:setRole(184)) - c652e2ee-3322-4406-8db6-1ea643cb3197@group-7E32184879DE: changes role from  FOLLOWER to FOLLOWER at term 140 for recognizeCandidate:f535bb4a-cba0-4f9b-9e3e-e4a48b3eda51
2019-10-18 11:24:29,372 [Thread-855] INFO  impl.FollowerState (FollowerState.java:run(117)) - 54aabb14-4a7d-4ab3-adbe-2e67760b87f4@group-7E32184879DE-FollowerState was interrupted: java.lang.InterruptedException: sleep interrupted
2019-10-18 11:24:29,372 [grpc-default-executor-1] INFO  impl.RoleInfo (RoleInfo.java:updateAndGet(143)) - 54aabb14-4a7d-4ab3-adbe-2e67760b87f4: start FollowerState
2019-10-18 11:24:29,372 [grpc-default-executor-0] INFO  impl.RoleInfo (RoleInfo.java:shutdownFollowerState(121)) - c652e2ee-3322-4406-8db6-1ea643cb3197: shutdown FollowerState
2019-10-18 11:24:29,373 [grpc-default-executor-0] INFO  impl.RoleInfo (RoleInfo.java:updateAndGet(143)) - c652e2ee-3322-4406-8db6-1ea643cb3197: start FollowerState
2019-10-18 11:24:29,373 [Thread-856] INFO  impl.FollowerState (FollowerState.java:run(117)) - c652e2ee-3322-4406-8db6-1ea643cb3197@group-7E32184879DE-FollowerState was interrupted: java.lang.InterruptedException: sleep interrupted
2019-10-18 11:24:29,396 [f535bb4a-cba0-4f9b-9e3e-e4a48b3eda51@group-7E32184879DE-LeaderElection117] INFO  impl.LeaderElection (LeaderElection.java:logAndReturn(56)) - f535bb4a-cba0-4f9b-9e3e-e4a48b3eda51@group-7E32184879DE-LeaderElection117: Election REJECTED; received 2 response(s) [f535bb4a-cba0-4f9b-9e3e-e4a48b3eda51<-54aabb14-4a7d-4ab3-adbe-2e67760b87f4#0:FAIL-t140, f535bb4a-cba0-4f9b-9e3e-e4a48b3eda51<-c652e2ee-3322-4406-8db6-1ea643cb3197#0:FAIL-t140] and 0 exception(s); f535bb4a-cba0-4f9b-9e3e-e4a48b3eda51@group-7E32184879DE:t140, leader=null, voted=f535bb4a-cba0-4f9b-9e3e-e4a48b3eda51, raftlog=f535bb4a-cba0-4f9b-9e3e-e4a48b3eda51@group-7E32184879DE-SegmentedRaftLog:OPENED:c-1,f-1,i0, conf=-1: [f535bb4a-cba0-4f9b-9e3e-e4a48b3eda51:0.0.0.0:44706, 54aabb14-4a7d-4ab3-adbe-2e67760b87f4:0.0.0.0:43074, c652e2ee-3322-4406-8db6-1ea643cb3197:0.0.0.0:42129], old=null
2019-10-18 11:24:29,396 [f535bb4a-cba0-4f9b-9e3e-e4a48b3eda51@group-7E32184879DE-LeaderElection117] INFO  impl.RaftServerImpl (RaftServerImpl.java:setRole(184)) - f535bb4a-cba0-4f9b-9e3e-e4a48b3eda51@group-7E32184879DE: changes role from CANDIDATE to FOLLOWER at term 140 for DISCOVERED_A_NEW_TERM
2019-10-18 11:24:29,396 [f535bb4a-cba0-4f9b-9e3e-e4a48b3eda51@group-7E32184879DE-LeaderElection117] INFO  impl.RoleInfo (RoleInfo.java:shutdownLeaderElection(134)) - f535bb4a-cba0-4f9b-9e3e-e4a48b3eda51: shutdown LeaderElection
2019-10-18 11:24:29,396 [f535bb4a-cba0-4f9b-9e3e-e4a48b3eda51@group-7E32184879DE-LeaderElection117] INFO  impl.RoleInfo (RoleInfo.java:updateAndGet(143)) - f535bb4a-cba0-4f9b-9e3e-e4a48b3eda51: start FollowerState
2019-10-18 11:24:29,408 [Thread-863] INFO  impl.FollowerState (FollowerState.java:run(108)) - f535bb4a-cba0-4f9b-9e3e-e4a48b3eda51@group-7E32184879DE-FollowerState: change to CANDIDATE, lastRpcTime:12ms, electionTimeout:12ms
2019-10-18 11:24:29,409 [Thread-863] INFO  impl.RoleInfo (RoleInfo.java:shutdownFollowerState(121)) - f535bb4a-cba0-4f9b-9e3e-e4a48b3eda51: shutdown FollowerState
2019-10-18 11:24:29,409 [Thread-863] INFO  impl.RaftServerImpl (RaftServerImpl.java:setRole(184)) - f535bb4a-cba0-4f9b-9e3e-e4a48b3eda51@group-7E32184879DE: changes role from  FOLLOWER to CANDIDATE at term 140 for changeToCandidate
2019-10-18 11:24:29,409 [Thread-863] INFO  impl.RoleInfo (RoleInfo.java:updateAndGet(143)) - f535bb4a-cba0-4f9b-9e3e-e4a48b3eda51: start LeaderElection
2019-10-18 11:24:29,436 [f535bb4a-cba0-4f9b-9e3e-e4a48b3eda51@group-7E32184879DE-LeaderElection118] INFO  impl.LeaderElection (LeaderElection.java:askForVotes(178)) - f535bb4a-cba0-4f9b-9e3e-e4a48b3eda51@group-7E32184879DE-LeaderElection118: begin an election at term 141 for -1: [f535bb4a-cba0-4f9b-9e3e-e4a48b3eda51:0.0.0.0:44706, 54aabb14-4a7d-4ab3-adbe-2e67760b87f4:0.0.0.0:43074, c652e2ee-3322-4406-8db6-1ea643cb3197:0.0.0.0:42129], old=null
2019-10-18 11:24:29,439 [grpc-default-executor-0] INFO  impl.RaftServerImpl (RaftServerImpl.java:setRole(184)) - 54aabb14-4a7d-4ab3-adbe-2e67760b87f4@group-7E32184879DE: changes role from  FOLLOWER to FOLLOWER at term 141 for recognizeCandidate:f535bb4a-cba0-4f9b-9e3e-e4a48b3eda51
2019-10-18 11:24:29,439 [grpc-default-executor-1] INFO  impl.RaftServerImpl (RaftServerImpl.java:setRole(184)) - c652e2ee-3322-4406-8db6-1ea643cb3197@group-7E32184879DE: changes role from  FOLLOWER to FOLLOWER at term 141 for recognizeCandidate:f535bb4a-cba0-4f9b-9e3e-e4a48b3eda51
2019-10-18 11:24:29,439 [grpc-default-executor-1] INFO  impl.RoleInfo (RoleInfo.java:shutdownFollowerState(121)) - c652e2ee-3322-4406-8db6-1ea643cb3197: shutdown FollowerState
2019-10-18 11:24:29,439 [grpc-default-executor-0] INFO  impl.RoleInfo (RoleInfo.java:shutdownFollowerState(121)) - 54aabb14-4a7d-4ab3-adbe-2e67760b87f4: shutdown FollowerState
2019-10-18 11:24:29,439 [Thread-862] INFO  impl.FollowerState (FollowerState.java:run(117)) - c652e2ee-3322-4406-8db6-1ea643cb3197@group-7E32184879DE-FollowerState was interrupted: java.lang.InterruptedException: sleep interrupted
2019-10-18 11:24:29,439 [grpc-default-executor-1] INFO  impl.RoleInfo (RoleInfo.java:updateAndGet(143)) - c652e2ee-3322-4406-8db6-1ea643cb3197: start FollowerState
2019-10-18 11:24:29,439 [Thread-861] INFO  impl.FollowerState (FollowerState.java:run(117)) - 54aabb14-4a7d-4ab3-adbe-2e67760b87f4@group-7E32184879DE-FollowerState was interrupted: java.lang.InterruptedException: sleep interrupted
2019-10-18 11:24:29,439 [grpc-default-executor-0] INFO  impl.RoleInfo (RoleInfo.java:updateAndGet(143)) - 54aabb14-4a7d-4ab3-adbe-2e67760b87f4: start FollowerState
2019-10-18 11:24:29,463 [f535bb4a-cba0-4f9b-9e3e-e4a48b3eda51@group-7E32184879DE-LeaderElection118] INFO  impl.LeaderElection (LeaderElection.java:logAndReturn(56)) - f535bb4a-cba0-4f9b-9e3e-e4a48b3eda51@group-7E32184879DE-LeaderElection118: Election REJECTED; received 2 response(s) [f535bb4a-cba0-4f9b-9e3e-e4a48b3eda51<-54aabb14-4a7d-4ab3-adbe-2e67760b87f4#0:FAIL-t141, f535bb4a-cba0-4f9b-9e3e-e4a48b3eda51<-c652e2ee-3322-4406-8db6-1ea643cb3197#0:FAIL-t141] and 0 exception(s); f535bb4a-cba0-4f9b-9e3e-e4a48b3eda51@group-7E32184879DE:t141, leader=null, voted=f535bb4a-cba0-4f9b-9e3e-e4a48b3eda51, raftlog=f535bb4a-cba0-4f9b-9e3e-e4a48b3eda51@group-7E32184879DE-SegmentedRaftLog:OPENED:c-1,f-1,i0, conf=-1: [f535bb4a-cba0-4f9b-9e3e-e4a48b3eda51:0.0.0.0:44706, 54aabb14-4a7d-4ab3-adbe-2e67760b87f4:0.0.0.0:43074, c652e2ee-3322-4406-8db6-1ea643cb3197:0.0.0.0:42129], old=null
2019-10-18 11:24:29,463 [f535bb4a-cba0-4f9b-9e3e-e4a48b3eda51@group-7E32184879DE-LeaderElection118] INFO  impl.RaftServerImpl (RaftServerImpl.java:setRole(184)) - f535bb4a-cba0-4f9b-9e3e-e4a48b3eda51@group-7E32184879DE: changes role from CANDIDATE to FOLLOWER at term 141 for DISCOVERED_A_NEW_TERM
2019-10-18 11:24:29,463 [f535bb4a-cba0-4f9b-9e3e-e4a48b3eda51@group-7E32184879DE-LeaderElection118] INFO  impl.RoleInfo (RoleInfo.java:shutdownLeaderElection(134)) - f535bb4a-cba0-4f9b-9e3e-e4a48b3eda51: shutdown LeaderElection
2019-10-18 11:24:29,463 [f535bb4a-cba0-4f9b-9e3e-e4a48b3eda51@group-7E32184879DE-LeaderElection118] INFO  impl.RoleInfo (RoleInfo.java:updateAndGet(143)) - f535bb4a-cba0-4f9b-9e3e-e4a48b3eda51: start FollowerState
2019-10-18 11:24:29,660 [Thread-869] INFO  impl.FollowerState (FollowerState.java:run(108)) - f535bb4a-cba0-4f9b-9e3e-e4a48b3eda51@group-7E32184879DE-FollowerState: change to CANDIDATE, lastRpcTime:196ms, electionTimeout:196ms
2019-10-18 11:24:29,660 [Thread-869] INFO  impl.RoleInfo (RoleInfo.java:shutdownFollowerState(121)) - f535bb4a-cba0-4f9b-9e3e-e4a48b3eda51: shutdown FollowerState
2019-10-18 11:24:29,660 [Thread-869] INFO  impl.RaftServerImpl (RaftServerImpl.java:setRole(184)) - f535bb4a-cba0-4f9b-9e3e-e4a48b3eda51@group-7E32184879DE: changes role from  FOLLOWER to CANDIDATE at term 141 for changeToCandidate
2019-10-18 11:24:29,660 [Thread-869] INFO  impl.RoleInfo (RoleInfo.java:updateAndGet(143)) - f535bb4a-cba0-4f9b-9e3e-e4a48b3eda51: start LeaderElection
2019-10-18 11:24:29,687 [f535bb4a-cba0-4f9b-9e3e-e4a48b3eda51@group-7E32184879DE-LeaderElection119] INFO  impl.LeaderElection (LeaderElection.java:askForVotes(178)) - f535bb4a-cba0-4f9b-9e3e-e4a48b3eda51@group-7E32184879DE-LeaderElection119: begin an election at term 142 for -1: [f535bb4a-cba0-4f9b-9e3e-e4a48b3eda51:0.0.0.0:44706, 54aabb14-4a7d-4ab3-adbe-2e67760b87f4:0.0.0.0:43074, c652e2ee-3322-4406-8db6-1ea643cb3197:0.0.0.0:42129], old=null
2019-10-18 11:24:29,689 [grpc-default-executor-0] INFO  impl.RaftServerImpl (RaftServerImpl.java:setRole(184)) - 54aabb14-4a7d-4ab3-adbe-2e67760b87f4@group-7E32184879DE: changes role from  FOLLOWER to FOLLOWER at term 142 for recognizeCandidate:f535bb4a-cba0-4f9b-9e3e-e4a48b3eda51
2019-10-18 11:24:29,689 [grpc-default-executor-0] INFO  impl.RoleInfo (RoleInfo.java:shutdownFollowerState(121)) - 54aabb14-4a7d-4ab3-adbe-2e67760b87f4: shutdown FollowerState
2019-10-18 11:24:29,689 [grpc-default-executor-1] INFO  impl.RaftServerImpl (RaftServerImpl.java:setRole(184)) - c652e2ee-3322-4406-8db6-1ea643cb3197@group-7E32184879DE: changes role from  FOLLOWER to FOLLOWER at term 142 for recognizeCandidate:f535bb4a-cba0-4f9b-9e3e-e4a48b3eda51
2019-10-18 11:24:29,690 [Thread-868] INFO  impl.FollowerState (FollowerState.java:run(117)) - 54aabb14-4a7d-4ab3-adbe-2e67760b87f4@group-7E32184879DE-FollowerState was interrupted: java.lang.InterruptedException: sleep interrupted
2019-10-18 11:24:29,690 [grpc-default-executor-0] INFO  impl.RoleInfo (RoleInfo.java:updateAndGet(143)) - 54aabb14-4a7d-4ab3-adbe-2e67760b87f4: start FollowerState
2019-10-18 11:24:29,690 [grpc-default-executor-1] INFO  impl.RoleInfo (RoleInfo.java:shutdownFollowerState(121)) - c652e2ee-3322-4406-8db6-1ea643cb3197: shutdown FollowerState
2019-10-18 11:24:29,690 [grpc-default-executor-1] INFO  impl.RoleInfo (RoleInfo.java:updateAndGet(143)) - c652e2ee-3322-4406-8db6-1ea643cb3197: start FollowerState
2019-10-18 11:24:29,690 [Thread-867] INFO  impl.FollowerState (FollowerState.java:run(117)) - c652e2ee-3322-4406-8db6-1ea643cb3197@group-7E32184879DE-FollowerState was interrupted: java.lang.InterruptedException: sleep interrupted
2019-10-18 11:24:29,697 [f535bb4a-cba0-4f9b-9e3e-e4a48b3eda51@group-7E32184879DE-LeaderElection119] INFO  impl.LeaderElection (LeaderElection.java:logAndReturn(56)) - f535bb4a-cba0-4f9b-9e3e-e4a48b3eda51@group-7E32184879DE-LeaderElection119: Election TIMEOUT; received 0 response(s) [] and 0 exception(s); f535bb4a-cba0-4f9b-9e3e-e4a48b3eda51@group-7E32184879DE:t142, leader=null, voted=f535bb4a-cba0-4f9b-9e3e-e4a48b3eda51, raftlog=f535bb4a-cba0-4f9b-9e3e-e4a48b3eda51@group-7E32184879DE-SegmentedRaftLog:OPENED:c-1,f-1,i0, conf=-1: [f535bb4a-cba0-4f9b-9e3e-e4a48b3eda51:0.0.0.0:44706, 54aabb14-4a7d-4ab3-adbe-2e67760b87f4:0.0.0.0:43074, c652e2ee-3322-4406-8db6-1ea643cb3197:0.0.0.0:42129], old=null
2019-10-18 11:24:29,712 [f535bb4a-cba0-4f9b-9e3e-e4a48b3eda51@group-7E32184879DE-LeaderElection119] INFO  impl.LeaderElection (LeaderElection.java:askForVotes(178)) - f535bb4a-cba0-4f9b-9e3e-e4a48b3eda51@group-7E32184879DE-LeaderElection119: begin an election at term 143 for -1: [f535bb4a-cba0-4f9b-9e3e-e4a48b3eda51:0.0.0.0:44706, 54aabb14-4a7d-4ab3-adbe-2e67760b87f4:0.0.0.0:43074, c652e2ee-3322-4406-8db6-1ea643cb3197:0.0.0.0:42129], old=null
2019-10-18 11:24:29,713 [f535bb4a-cba0-4f9b-9e3e-e4a48b3eda51@group-7E32184879DE-LeaderElection119] INFO  impl.LeaderElection (LeaderElection.java:logAndReturn(56)) - f535bb4a-cba0-4f9b-9e3e-e4a48b3eda51@group-7E32184879DE-LeaderElection119: Election TIMEOUT; received 0 response(s) [] and 0 exception(s); f535bb4a-cba0-4f9b-9e3e-e4a48b3eda51@group-7E32184879DE:t143, leader=null, voted=f535bb4a-cba0-4f9b-9e3e-e4a48b3eda51, raftlog=f535bb4a-cba0-4f9b-9e3e-e4a48b3eda51@group-7E32184879DE-SegmentedRaftLog:OPENED:c-1,f-1,i0, conf=-1: [f535bb4a-cba0-4f9b-9e3e-e4a48b3eda51:0.0.0.0:44706, 54aabb14-4a7d-4ab3-adbe-2e67760b87f4:0.0.0.0:43074, c652e2ee-3322-4406-8db6-1ea643cb3197:0.0.0.0:42129], old=null
2019-10-18 11:24:29,714 [grpc-default-executor-1] INFO  impl.RaftServerImpl (RaftServerImpl.java:setRole(184)) - 54aabb14-4a7d-4ab3-adbe-2e67760b87f4@group-7E32184879DE: changes role from  FOLLOWER to FOLLOWER at term 143 for recognizeCandidate:f535bb4a-cba0-4f9b-9e3e-e4a48b3eda51
2019-10-18 11:24:29,714 [grpc-default-executor-1] INFO  impl.RoleInfo (RoleInfo.java:shutdownFollowerState(121)) - 54aabb14-4a7d-4ab3-adbe-2e67760b87f4: shutdown FollowerState
2019-10-18 11:24:29,714 [grpc-default-executor-1] INFO  impl.RoleInfo (RoleInfo.java:updateAndGet(143)) - 54aabb14-4a7d-4ab3-adbe-2e67760b87f4: start FollowerState
2019-10-18 11:24:29,714 [Thread-873] INFO  impl.FollowerState (FollowerState.java:run(117)) - 54aabb14-4a7d-4ab3-adbe-2e67760b87f4@group-7E32184879DE-FollowerState was interrupted: java.lang.InterruptedException: sleep interrupted
2019-10-18 11:24:29,715 [grpc-default-executor-0] INFO  impl.RaftServerImpl (RaftServerImpl.java:setRole(184)) - c652e2ee-3322-4406-8db6-1ea643cb3197@group-7E32184879DE: changes role from  FOLLOWER to FOLLOWER at term 143 for recognizeCandidate:f535bb4a-cba0-4f9b-9e3e-e4a48b3eda51
2019-10-18 11:24:29,715 [grpc-default-executor-0] INFO  impl.RoleInfo (RoleInfo.java:shutdownFollowerState(121)) - c652e2ee-3322-4406-8db6-1ea643cb3197: shutdown FollowerState
2019-10-18 11:24:29,715 [grpc-default-executor-0] INFO  impl.RoleInfo (RoleInfo.java:updateAndGet(143)) - c652e2ee-3322-4406-8db6-1ea643cb3197: start FollowerState
2019-10-18 11:24:29,715 [Thread-874] INFO  impl.FollowerState (FollowerState.java:run(117)) - c652e2ee-3322-4406-8db6-1ea643cb3197@group-7E32184879DE-FollowerState was interrupted: java.lang.InterruptedException: sleep interrupted
2019-10-18 11:24:29,738 [f535bb4a-cba0-4f9b-9e3e-e4a48b3eda51@group-7E32184879DE-LeaderElection119] INFO  impl.LeaderElection (LeaderElection.java:askForVotes(178)) - f535bb4a-cba0-4f9b-9e3e-e4a48b3eda51@group-7E32184879DE-LeaderElection119: begin an election at term 144 for -1: [f535bb4a-cba0-4f9b-9e3e-e4a48b3eda51:0.0.0.0:44706, 54aabb14-4a7d-4ab3-adbe-2e67760b87f4:0.0.0.0:43074, c652e2ee-3322-4406-8db6-1ea643cb3197:0.0.0.0:42129], old=null
2019-10-18 11:24:29,740 [grpc-default-executor-0] INFO  impl.RaftServerImpl (RaftServerImpl.java:setRole(184)) - 54aabb14-4a7d-4ab3-adbe-2e67760b87f4@group-7E32184879DE: changes role from  FOLLOWER to FOLLOWER at term 144 for recognizeCandidate:f535bb4a-cba0-4f9b-9e3e-e4a48b3eda51
2019-10-18 11:24:29,740 [grpc-default-executor-0] INFO  impl.RoleInfo (RoleInfo.java:shutdownFollowerState(121)) - 54aabb14-4a7d-4ab3-adbe-2e67760b87f4: shutdown FollowerState
2019-10-18 11:24:29,740 [grpc-default-executor-0] INFO  impl.RoleInfo (RoleInfo.java:updateAndGet(143)) - 54aabb14-4a7d-4ab3-adbe-2e67760b87f4: start FollowerState
2019-10-18 11:24:29,740 [Thread-877] INFO  impl.FollowerState (FollowerState.java:run(117)) - 54aabb14-4a7d-4ab3-adbe-2e67760b87f4@group-7E32184879DE-FollowerState was interrupted: java.lang.InterruptedException: sleep interrupted
2019-10-18 11:24:29,740 [grpc-default-executor-1] INFO  impl.RaftServerImpl (RaftServerImpl.java:setRole(184)) - c652e2ee-3322-4406-8db6-1ea643cb3197@group-7E32184879DE: changes role from  FOLLOWER to FOLLOWER at term 144 for recognizeCandidate:f535bb4a-cba0-4f9b-9e3e-e4a48b3eda51
2019-10-18 11:24:29,740 [grpc-default-executor-1] INFO  impl.RoleInfo (RoleInfo.java:shutdownFollowerState(121)) - c652e2ee-3322-4406-8db6-1ea643cb3197: shutdown FollowerState
2019-10-18 11:24:29,740 [grpc-default-executor-1] INFO  impl.RoleInfo (RoleInfo.java:updateAndGet(143)) - c652e2ee-3322-4406-8db6-1ea643cb3197: start FollowerState
2019-10-18 11:24:29,740 [Thread-878] INFO  impl.FollowerState (FollowerState.java:run(117)) - c652e2ee-3322-4406-8db6-1ea643cb3197@group-7E32184879DE-FollowerState was interrupted: java.lang.InterruptedException: sleep interrupted
2019-10-18 11:24:29,764 [f535bb4a-cba0-4f9b-9e3e-e4a48b3eda51@group-7E32184879DE-LeaderElection119] INFO  impl.LeaderElection (LeaderElection.java:logAndReturn(56)) - f535bb4a-cba0-4f9b-9e3e-e4a48b3eda51@group-7E32184879DE-LeaderElection119: Election REJECTED; received 2 response(s) [f535bb4a-cba0-4f9b-9e3e-e4a48b3eda51<-54aabb14-4a7d-4ab3-adbe-2e67760b87f4#0:FAIL-t144, f535bb4a-cba0-4f9b-9e3e-e4a48b3eda51<-c652e2ee-3322-4406-8db6-1ea643cb3197#0:FAIL-t144] and 0 exception(s); f535bb4a-cba0-4f9b-9e3e-e4a48b3eda51@group-7E32184879DE:t144, leader=null, voted=f535bb4a-cba0-4f9b-9e3e-e4a48b3eda51, raftlog=f535bb4a-cba0-4f9b-9e3e-e4a48b3eda51@group-7E32184879DE-SegmentedRaftLog:OPENED:c-1,f-1,i0, conf=-1: [f535bb4a-cba0-4f9b-9e3e-e4a48b3eda51:0.0.0.0:44706, 54aabb14-4a7d-4ab3-adbe-2e67760b87f4:0.0.0.0:43074, c652e2ee-3322-4406-8db6-1ea643cb3197:0.0.0.0:42129], old=null
2019-10-18 11:24:29,764 [f535bb4a-cba0-4f9b-9e3e-e4a48b3eda51@group-7E32184879DE-LeaderElection119] INFO  impl.RaftServerImpl (RaftServerImpl.java:setRole(184)) - f535bb4a-cba0-4f9b-9e3e-e4a48b3eda51@group-7E32184879DE: changes role from CANDIDATE to FOLLOWER at term 144 for DISCOVERED_A_NEW_TERM
2019-10-18 11:24:29,765 [f535bb4a-cba0-4f9b-9e3e-e4a48b3eda51@group-7E32184879DE-LeaderElection119] INFO  impl.RoleInfo (RoleInfo.java:shutdownLeaderElection(134)) - f535bb4a-cba0-4f9b-9e3e-e4a48b3eda51: shutdown LeaderElection
2019-10-18 11:24:29,765 [f535bb4a-cba0-4f9b-9e3e-e4a48b3eda51@group-7E32184879DE-LeaderElection119] INFO  impl.RoleInfo (RoleInfo.java:updateAndGet(143)) - f535bb4a-cba0-4f9b-9e3e-e4a48b3eda51: start FollowerState
2019-10-18 11:24:29,941 [Thread-883] INFO  impl.FollowerState (FollowerState.java:run(108)) - f535bb4a-cba0-4f9b-9e3e-e4a48b3eda51@group-7E32184879DE-FollowerState: change to CANDIDATE, lastRpcTime:176ms, electionTimeout:176ms
2019-10-18 11:24:29,941 [Thread-883] INFO  impl.RoleInfo (RoleInfo.java:shutdownFollowerState(121)) - f535bb4a-cba0-4f9b-9e3e-e4a48b3eda51: shutdown FollowerState
2019-10-18 11:24:29,942 [Thread-883] INFO  impl.RaftServerImpl (RaftServerImpl.java:setRole(184)) - f535bb4a-cba0-4f9b-9e3e-e4a48b3eda51@group-7E32184879DE: changes role from  FOLLOWER to CANDIDATE at term 144 for changeToCandidate
2019-10-18 11:24:29,942 [Thread-883] INFO  impl.RoleInfo (RoleInfo.java:updateAndGet(143)) - f535bb4a-cba0-4f9b-9e3e-e4a48b3eda51: start LeaderElection
2019-10-18 11:24:29,972 [f535bb4a-cba0-4f9b-9e3e-e4a48b3eda51@group-7E32184879DE-LeaderElection120] INFO  impl.LeaderElection (LeaderElection.java:askForVotes(178)) - f535bb4a-cba0-4f9b-9e3e-e4a48b3eda51@group-7E32184879DE-LeaderElection120: begin an election at term 145 for -1: [f535bb4a-cba0-4f9b-9e3e-e4a48b3eda51:0.0.0.0:44706, 54aabb14-4a7d-4ab3-adbe-2e67760b87f4:0.0.0.0:43074, c652e2ee-3322-4406-8db6-1ea643cb3197:0.0.0.0:42129], old=null
2019-10-18 11:24:29,975 [grpc-default-executor-1] INFO  impl.RaftServerImpl (RaftServerImpl.java:setRole(184)) - c652e2ee-3322-4406-8db6-1ea643cb3197@group-7E32184879DE: changes role from  FOLLOWER to FOLLOWER at term 145 for recognizeCandidate:f535bb4a-cba0-4f9b-9e3e-e4a48b3eda51
2019-10-18 11:24:29,975 [grpc-default-executor-0] INFO  impl.RaftServerImpl (RaftServerImpl.java:setRole(184)) - 54aabb14-4a7d-4ab3-adbe-2e67760b87f4@group-7E32184879DE: changes role from  FOLLOWER to FOLLOWER at term 145 for recognizeCandidate:f535bb4a-cba0-4f9b-9e3e-e4a48b3eda51
2019-10-18 11:24:29,975 [grpc-default-executor-1] INFO  impl.RoleInfo (RoleInfo.java:shutdownFollowerState(121)) - c652e2ee-3322-4406-8db6-1ea643cb3197: shutdown FollowerState
2019-10-18 11:24:29,975 [grpc-default-executor-0] INFO  impl.RoleInfo (RoleInfo.java:shutdownFollowerState(121)) - 54aabb14-4a7d-4ab3-adbe-2e67760b87f4: shutdown FollowerState
2019-10-18 11:24:29,975 [Thread-882] INFO  impl.FollowerState (FollowerState.java:run(117)) - c652e2ee-3322-4406-8db6-1ea643cb3197@group-7E32184879DE-FollowerState was interrupted: java.lang.InterruptedException: sleep interrupted
2019-10-18 11:24:29,975 [grpc-default-executor-1] INFO  impl.RoleInfo (RoleInfo.java:updateAndGet(143)) - c652e2ee-3322-4406-8db6-1ea643cb3197: start FollowerState
2019-10-18 11:24:29,975 [Thread-881] INFO  impl.FollowerState (FollowerState.java:run(117)) - 54aabb14-4a7d-4ab3-adbe-2e67760b87f4@group-7E32184879DE-FollowerState was interrupted: java.lang.InterruptedException: sleep interrupted
2019-10-18 11:24:29,975 [grpc-default-executor-0] INFO  impl.RoleInfo (RoleInfo.java:updateAndGet(143)) - 54aabb14-4a7d-4ab3-adbe-2e67760b87f4: start FollowerState
2019-10-18 11:24:30,007 [f535bb4a-cba0-4f9b-9e3e-e4a48b3eda51@group-7E32184879DE-LeaderElection120] INFO  impl.LeaderElection (LeaderElection.java:logAndReturn(56)) - f535bb4a-cba0-4f9b-9e3e-e4a48b3eda51@group-7E32184879DE-LeaderElection120: Election REJECTED; received 2 response(s) [f535bb4a-cba0-4f9b-9e3e-e4a48b3eda51<-54aabb14-4a7d-4ab3-adbe-2e67760b87f4#0:FAIL-t145, f535bb4a-cba0-4f9b-9e3e-e4a48b3eda51<-c652e2ee-3322-4406-8db6-1ea643cb3197#0:FAIL-t145] and 0 exception(s); f535bb4a-cba0-4f9b-9e3e-e4a48b3eda51@group-7E32184879DE:t145, leader=null, voted=f535bb4a-cba0-4f9b-9e3e-e4a48b3eda51, raftlog=f535bb4a-cba0-4f9b-9e3e-e4a48b3eda51@group-7E32184879DE-SegmentedRaftLog:OPENED:c-1,f-1,i0, conf=-1: [f535bb4a-cba0-4f9b-9e3e-e4a48b3eda51:0.0.0.0:44706, 54aabb14-4a7d-4ab3-adbe-2e67760b87f4:0.0.0.0:43074, c652e2ee-3322-4406-8db6-1ea643cb3197:0.0.0.0:42129], old=null
2019-10-18 11:24:30,007 [f535bb4a-cba0-4f9b-9e3e-e4a48b3eda51@group-7E32184879DE-LeaderElection120] INFO  impl.RaftServerImpl (RaftServerImpl.java:setRole(184)) - f535bb4a-cba0-4f9b-9e3e-e4a48b3eda51@group-7E32184879DE: changes role from CANDIDATE to FOLLOWER at term 145 for DISCOVERED_A_NEW_TERM
2019-10-18 11:24:30,007 [f535bb4a-cba0-4f9b-9e3e-e4a48b3eda51@group-7E32184879DE-LeaderElection120] INFO  impl.RoleInfo (RoleInfo.java:shutdownLeaderElection(134)) - f535bb4a-cba0-4f9b-9e3e-e4a48b3eda51: shutdown LeaderElection
2019-10-18 11:24:30,007 [f535bb4a-cba0-4f9b-9e3e-e4a48b3eda51@group-7E32184879DE-LeaderElection120] INFO  impl.RoleInfo (RoleInfo.java:updateAndGet(143)) - f535bb4a-cba0-4f9b-9e3e-e4a48b3eda51: start FollowerState
2019-10-18 11:24:30,143 [Thread-889] INFO  impl.FollowerState (FollowerState.java:run(108)) - f535bb4a-cba0-4f9b-9e3e-e4a48b3eda51@group-7E32184879DE-FollowerState: change to CANDIDATE, lastRpcTime:135ms, electionTimeout:135ms
2019-10-18 11:24:30,143 [Thread-889] INFO  impl.RoleInfo (RoleInfo.java:shutdownFollowerState(121)) - f535bb4a-cba0-4f9b-9e3e-e4a48b3eda51: shutdown FollowerState
2019-10-18 11:24:30,143 [Thread-889] INFO  impl.RaftServerImpl (RaftServerImpl.java:setRole(184)) - f535bb4a-cba0-4f9b-9e3e-e4a48b3eda51@group-7E32184879DE: changes role from  FOLLOWER to CANDIDATE at term 145 for changeToCandidate
2019-10-18 11:24:30,144 [Thread-889] INFO  impl.RoleInfo (RoleInfo.java:updateAndGet(143)) - f535bb4a-cba0-4f9b-9e3e-e4a48b3eda51: start LeaderElection
2019-10-18 11:24:30,173 [f535bb4a-cba0-4f9b-9e3e-e4a48b3eda51@group-7E32184879DE-LeaderElection121] INFO  impl.LeaderElection (LeaderElection.java:askForVotes(178)) - f535bb4a-cba0-4f9b-9e3e-e4a48b3eda51@group-7E32184879DE-LeaderElection121: begin an election at term 146 for -1: [f535bb4a-cba0-4f9b-9e3e-e4a48b3eda51:0.0.0.0:44706, 54aabb14-4a7d-4ab3-adbe-2e67760b87f4:0.0.0.0:43074, c652e2ee-3322-4406-8db6-1ea643cb3197:0.0.0.0:42129], old=null
2019-10-18 11:24:30,175 [grpc-default-executor-0] INFO  impl.RaftServerImpl (RaftServerImpl.java:setRole(184)) - 54aabb14-4a7d-4ab3-adbe-2e67760b87f4@group-7E32184879DE: changes role from  FOLLOWER to FOLLOWER at term 146 for recognizeCandidate:f535bb4a-cba0-4f9b-9e3e-e4a48b3eda51
2019-10-18 11:24:30,175 [grpc-default-executor-1] INFO  impl.RaftServerImpl (RaftServerImpl.java:setRole(184)) - c652e2ee-3322-4406-8db6-1ea643cb3197@group-7E32184879DE: changes role from  FOLLOWER to FOLLOWER at term 146 for recognizeCandidate:f535bb4a-cba0-4f9b-9e3e-e4a48b3eda51
2019-10-18 11:24:30,175 [grpc-default-executor-0] INFO  impl.RoleInfo (RoleInfo.java:shutdownFollowerState(121)) - 54aabb14-4a7d-4ab3-adbe-2e67760b87f4: shutdown FollowerState
2019-10-18 11:24:30,175 [grpc-default-executor-1] INFO  impl.RoleInfo (RoleInfo.java:shutdownFollowerState(121)) - c652e2ee-3322-4406-8db6-1ea643cb3197: shutdown FollowerState
2019-10-18 11:24:30,176 [Thread-888] INFO  impl.FollowerState (FollowerState.java:run(117)) - 54aabb14-4a7d-4ab3-adbe-2e67760b87f4@group-7E32184879DE-FollowerState was interrupted: java.lang.InterruptedException: sleep interrupted
2019-10-18 11:24:30,176 [grpc-default-executor-0] INFO  impl.RoleInfo (RoleInfo.java:updateAndGet(143)) - 54aabb14-4a7d-4ab3-adbe-2e67760b87f4: start FollowerState
2019-10-18 11:24:30,176 [Thread-887] INFO  impl.FollowerState (FollowerState.java:run(117)) - c652e2ee-3322-4406-8db6-1ea643cb3197@group-7E32184879DE-FollowerState was interrupted: java.lang.InterruptedException: sleep interrupted
2019-10-18 11:24:30,176 [grpc-default-executor-1] INFO  impl.RoleInfo (RoleInfo.java:updateAndGet(143)) - c652e2ee-3322-4406-8db6-1ea643cb3197: start FollowerState
2019-10-18 11:24:30,199 [f535bb4a-cba0-4f9b-9e3e-e4a48b3eda51@group-7E32184879DE-LeaderElection121] INFO  impl.LeaderElection (LeaderElection.java:logAndReturn(56)) - f535bb4a-cba0-4f9b-9e3e-e4a48b3eda51@group-7E32184879DE-LeaderElection121: Election REJECTED; received 2 response(s) [f535bb4a-cba0-4f9b-9e3e-e4a48b3eda51<-54aabb14-4a7d-4ab3-adbe-2e67760b87f4#0:FAIL-t146, f535bb4a-cba0-4f9b-9e3e-e4a48b3eda51<-c652e2ee-3322-4406-8db6-1ea643cb3197#0:FAIL-t146] and 0 exception(s); f535bb4a-cba0-4f9b-9e3e-e4a48b3eda51@group-7E32184879DE:t146, leader=null, voted=f535bb4a-cba0-4f9b-9e3e-e4a48b3eda51, raftlog=f535bb4a-cba0-4f9b-9e3e-e4a48b3eda51@group-7E32184879DE-SegmentedRaftLog:OPENED:c-1,f-1,i0, conf=-1: [f535bb4a-cba0-4f9b-9e3e-e4a48b3eda51:0.0.0.0:44706, 54aabb14-4a7d-4ab3-adbe-2e67760b87f4:0.0.0.0:43074, c652e2ee-3322-4406-8db6-1ea643cb3197:0.0.0.0:42129], old=null
2019-10-18 11:24:30,199 [f535bb4a-cba0-4f9b-9e3e-e4a48b3eda51@group-7E32184879DE-LeaderElection121] INFO  impl.RaftServerImpl (RaftServerImpl.java:setRole(184)) - f535bb4a-cba0-4f9b-9e3e-e4a48b3eda51@group-7E32184879DE: changes role from CANDIDATE to FOLLOWER at term 146 for DISCOVERED_A_NEW_TERM
2019-10-18 11:24:30,199 [f535bb4a-cba0-4f9b-9e3e-e4a48b3eda51@group-7E32184879DE-LeaderElection121] INFO  impl.RoleInfo (RoleInfo.java:shutdownLeaderElection(134)) - f535bb4a-cba0-4f9b-9e3e-e4a48b3eda51: shutdown LeaderElection
2019-10-18 11:24:30,199 [f535bb4a-cba0-4f9b-9e3e-e4a48b3eda51@group-7E32184879DE-LeaderElection121] INFO  impl.RoleInfo (RoleInfo.java:updateAndGet(143)) - f535bb4a-cba0-4f9b-9e3e-e4a48b3eda51: start FollowerState
2019-10-18 11:24:30,205 [Thread-897] INFO  impl.FollowerState (FollowerState.java:run(108)) - f535bb4a-cba0-4f9b-9e3e-e4a48b3eda51@group-7E32184879DE-FollowerState: change to CANDIDATE, lastRpcTime:5ms, electionTimeout:5ms
2019-10-18 11:24:30,205 [Thread-897] INFO  impl.RoleInfo (RoleInfo.java:shutdownFollowerState(121)) - f535bb4a-cba0-4f9b-9e3e-e4a48b3eda51: shutdown FollowerState
2019-10-18 11:24:30,205 [Thread-897] INFO  impl.RaftServerImpl (RaftServerImpl.java:setRole(184)) - f535bb4a-cba0-4f9b-9e3e-e4a48b3eda51@group-7E32184879DE: changes role from  FOLLOWER to CANDIDATE at term 146 for changeToCandidate
2019-10-18 11:24:30,205 [Thread-897] INFO  impl.RoleInfo (RoleInfo.java:updateAndGet(143)) - f535bb4a-cba0-4f9b-9e3e-e4a48b3eda51: start LeaderElection
2019-10-18 11:24:30,232 [f535bb4a-cba0-4f9b-9e3e-e4a48b3eda51@group-7E32184879DE-LeaderElection122] INFO  impl.LeaderElection (LeaderElection.java:askForVotes(178)) - f535bb4a-cba0-4f9b-9e3e-e4a48b3eda51@group-7E32184879DE-LeaderElection122: begin an election at term 147 for -1: [f535bb4a-cba0-4f9b-9e3e-e4a48b3eda51:0.0.0.0:44706, 54aabb14-4a7d-4ab3-adbe-2e67760b87f4:0.0.0.0:43074, c652e2ee-3322-4406-8db6-1ea643cb3197:0.0.0.0:42129], old=null
2019-10-18 11:24:30,234 [grpc-default-executor-1] INFO  impl.RaftServerImpl (RaftServerImpl.java:setRole(184)) - c652e2ee-3322-4406-8db6-1ea643cb3197@group-7E32184879DE: changes role from  FOLLOWER to FOLLOWER at term 147 for recognizeCandidate:f535bb4a-cba0-4f9b-9e3e-e4a48b3eda51
2019-10-18 11:24:30,234 [grpc-default-executor-0] INFO  impl.RaftServerImpl (RaftServerImpl.java:setRole(184)) - 54aabb14-4a7d-4ab3-adbe-2e67760b87f4@group-7E32184879DE: changes role from  FOLLOWER to FOLLOWER at term 147 for recognizeCandidate:f535bb4a-cba0-4f9b-9e3e-e4a48b3eda51
2019-10-18 11:24:30,234 [grpc-default-executor-1] INFO  impl.RoleInfo (RoleInfo.java:shutdownFollowerState(121)) - c652e2ee-3322-4406-8db6-1ea643cb3197: shutdown FollowerState
2019-10-18 11:24:30,234 [grpc-default-executor-0] INFO  impl.RoleInfo (RoleInfo.java:shutdownFollowerState(121)) - 54aabb14-4a7d-4ab3-adbe-2e67760b87f4: shutdown FollowerState
2019-10-18 11:24:30,234 [grpc-default-executor-0] INFO  impl.RoleInfo (RoleInfo.java:updateAndGet(143)) - 54aabb14-4a7d-4ab3-adbe-2e67760b87f4: start FollowerState
2019-10-18 11:24:30,234 [Thread-896] INFO  impl.FollowerState (FollowerState.java:run(117)) - c652e2ee-3322-4406-8db6-1ea643cb3197@group-7E32184879DE-FollowerState was interrupted: java.lang.InterruptedException: sleep interrupted
2019-10-18 11:24:30,234 [grpc-default-executor-1] INFO  impl.RoleInfo (RoleInfo.java:updateAndGet(143)) - c652e2ee-3322-4406-8db6-1ea643cb3197: start FollowerState
2019-10-18 11:24:30,234 [Thread-895] INFO  impl.FollowerState (FollowerState.java:run(117)) - 54aabb14-4a7d-4ab3-adbe-2e67760b87f4@group-7E32184879DE-FollowerState was interrupted: java.lang.InterruptedException: sleep interrupted
2019-10-18 11:24:30,258 [f535bb4a-cba0-4f9b-9e3e-e4a48b3eda51@group-7E32184879DE-LeaderElection122] INFO  impl.LeaderElection (LeaderElection.java:logAndReturn(56)) - f535bb4a-cba0-4f9b-9e3e-e4a48b3eda51@group-7E32184879DE-LeaderElection122: Election REJECTED; received 2 response(s) [f535bb4a-cba0-4f9b-9e3e-e4a48b3eda51<-54aabb14-4a7d-4ab3-adbe-2e67760b87f4#0:FAIL-t147, f535bb4a-cba0-4f9b-9e3e-e4a48b3eda51<-c652e2ee-3322-4406-8db6-1ea643cb3197#0:FAIL-t147] and 0 exception(s); f535bb4a-cba0-4f9b-9e3e-e4a48b3eda51@group-7E32184879DE:t147, leader=null, voted=f535bb4a-cba0-4f9b-9e3e-e4a48b3eda51, raftlog=f535bb4a-cba0-4f9b-9e3e-e4a48b3eda51@group-7E32184879DE-SegmentedRaftLog:OPENED:c-1,f-1,i0, conf=-1: [f535bb4a-cba0-4f9b-9e3e-e4a48b3eda51:0.0.0.0:44706, 54aabb14-4a7d-4ab3-adbe-2e67760b87f4:0.0.0.0:43074, c652e2ee-3322-4406-8db6-1ea643cb3197:0.0.0.0:42129], old=null
2019-10-18 11:24:30,258 [f535bb4a-cba0-4f9b-9e3e-e4a48b3eda51@group-7E32184879DE-LeaderElection122] INFO  impl.RaftServerImpl (RaftServerImpl.java:setRole(184)) - f535bb4a-cba0-4f9b-9e3e-e4a48b3eda51@group-7E32184879DE: changes role from CANDIDATE to FOLLOWER at term 147 for DISCOVERED_A_NEW_TERM
2019-10-18 11:24:30,258 [f535bb4a-cba0-4f9b-9e3e-e4a48b3eda51@group-7E32184879DE-LeaderElection122] INFO  impl.RoleInfo (RoleInfo.java:shutdownLeaderElection(134)) - f535bb4a-cba0-4f9b-9e3e-e4a48b3eda51: shutdown LeaderElection
2019-10-18 11:24:30,258 [f535bb4a-cba0-4f9b-9e3e-e4a48b3eda51@group-7E32184879DE-LeaderElection122] INFO  impl.RoleInfo (RoleInfo.java:updateAndGet(143)) - f535bb4a-cba0-4f9b-9e3e-e4a48b3eda51: start FollowerState
2019-10-18 11:24:30,338 [Thread-903] INFO  impl.FollowerState (FollowerState.java:run(108)) - f535bb4a-cba0-4f9b-9e3e-e4a48b3eda51@group-7E32184879DE-FollowerState: change to CANDIDATE, lastRpcTime:80ms, electionTimeout:80ms
2019-10-18 11:24:30,339 [Thread-903] INFO  impl.RoleInfo (RoleInfo.java:shutdownFollowerState(121)) - f535bb4a-cba0-4f9b-9e3e-e4a48b3eda51: shutdown FollowerState
2019-10-18 11:24:30,339 [Thread-903] INFO  impl.RaftServerImpl (RaftServerImpl.java:setRole(184)) - f535bb4a-cba0-4f9b-9e3e-e4a48b3eda51@group-7E32184879DE: changes role from  FOLLOWER to CANDIDATE at term 147 for changeToCandidate
2019-10-18 11:24:30,339 [Thread-903] INFO  impl.RoleInfo (RoleInfo.java:updateAndGet(143)) - f535bb4a-cba0-4f9b-9e3e-e4a48b3eda51: start LeaderElection
2019-10-18 11:24:30,366 [f535bb4a-cba0-4f9b-9e3e-e4a48b3eda51@group-7E32184879DE-LeaderElection123] INFO  impl.LeaderElection (LeaderElection.java:askForVotes(178)) - f535bb4a-cba0-4f9b-9e3e-e4a48b3eda51@group-7E32184879DE-LeaderElection123: begin an election at term 148 for -1: [f535bb4a-cba0-4f9b-9e3e-e4a48b3eda51:0.0.0.0:44706, 54aabb14-4a7d-4ab3-adbe-2e67760b87f4:0.0.0.0:43074, c652e2ee-3322-4406-8db6-1ea643cb3197:0.0.0.0:42129], old=null
2019-10-18 11:24:30,368 [grpc-default-executor-0] INFO  impl.RaftServerImpl (RaftServerImpl.java:setRole(184)) - 54aabb14-4a7d-4ab3-adbe-2e67760b87f4@group-7E32184879DE: changes role from  FOLLOWER to FOLLOWER at term 148 for recognizeCandidate:f535bb4a-cba0-4f9b-9e3e-e4a48b3eda51
2019-10-18 11:24:30,369 [grpc-default-executor-1] INFO  impl.RaftServerImpl (RaftServerImpl.java:setRole(184)) - c652e2ee-3322-4406-8db6-1ea643cb3197@group-7E32184879DE: changes role from  FOLLOWER to FOLLOWER at term 148 for recognizeCandidate:f535bb4a-cba0-4f9b-9e3e-e4a48b3eda51
2019-10-18 11:24:30,369 [grpc-default-executor-0] INFO  impl.RoleInfo (RoleInfo.java:shutdownFollowerState(121)) - 54aabb14-4a7d-4ab3-adbe-2e67760b87f4: shutdown FollowerState
2019-10-18 11:24:30,369 [grpc-default-executor-1] INFO  impl.RoleInfo (RoleInfo.java:shutdownFollowerState(121)) - c652e2ee-3322-4406-8db6-1ea643cb3197: shutdown FollowerState
2019-10-18 11:24:30,369 [Thread-902] INFO  impl.FollowerState (FollowerState.java:run(117)) - 54aabb14-4a7d-4ab3-adbe-2e67760b87f4@group-7E32184879DE-FollowerState was interrupted: java.lang.InterruptedException: sleep interrupted
2019-10-18 11:24:30,369 [Thread-901] INFO  impl.FollowerState (FollowerState.java:run(117)) - c652e2ee-3322-4406-8db6-1ea643cb3197@group-7E32184879DE-FollowerState was interrupted: java.lang.InterruptedException: sleep interrupted
2019-10-18 11:24:30,369 [grpc-default-executor-0] INFO  impl.RoleInfo (RoleInfo.java:updateAndGet(143)) - 54aabb14-4a7d-4ab3-adbe-2e67760b87f4: start FollowerState
2019-10-18 11:24:30,369 [grpc-default-executor-1] INFO  impl.RoleInfo (RoleInfo.java:updateAndGet(143)) - c652e2ee-3322-4406-8db6-1ea643cb3197: start FollowerState
2019-10-18 11:24:30,392 [f535bb4a-cba0-4f9b-9e3e-e4a48b3eda51@group-7E32184879DE-LeaderElection123] INFO  impl.LeaderElection (LeaderElection.java:logAndReturn(56)) - f535bb4a-cba0-4f9b-9e3e-e4a48b3eda51@group-7E32184879DE-LeaderElection123: Election REJECTED; received 2 response(s) [f535bb4a-cba0-4f9b-9e3e-e4a48b3eda51<-54aabb14-4a7d-4ab3-adbe-2e67760b87f4#0:FAIL-t148, f535bb4a-cba0-4f9b-9e3e-e4a48b3eda51<-c652e2ee-3322-4406-8db6-1ea643cb3197#0:FAIL-t148] and 0 exception(s); f535bb4a-cba0-4f9b-9e3e-e4a48b3eda51@group-7E32184879DE:t148, leader=null, voted=f535bb4a-cba0-4f9b-9e3e-e4a48b3eda51, raftlog=f535bb4a-cba0-4f9b-9e3e-e4a48b3eda51@group-7E32184879DE-SegmentedRaftLog:OPENED:c-1,f-1,i0, conf=-1: [f535bb4a-cba0-4f9b-9e3e-e4a48b3eda51:0.0.0.0:44706, 54aabb14-4a7d-4ab3-adbe-2e67760b87f4:0.0.0.0:43074, c652e2ee-3322-4406-8db6-1ea643cb3197:0.0.0.0:42129], old=null
2019-10-18 11:24:30,392 [f535bb4a-cba0-4f9b-9e3e-e4a48b3eda51@group-7E32184879DE-LeaderElection123] INFO  impl.RaftServerImpl (RaftServerImpl.java:setRole(184)) - f535bb4a-cba0-4f9b-9e3e-e4a48b3eda51@group-7E32184879DE: changes role from CANDIDATE to FOLLOWER at term 148 for DISCOVERED_A_NEW_TERM
2019-10-18 11:24:30,393 [f535bb4a-cba0-4f9b-9e3e-e4a48b3eda51@group-7E32184879DE-LeaderElection123] INFO  impl.RoleInfo (RoleInfo.java:shutdownLeaderElection(134)) - f535bb4a-cba0-4f9b-9e3e-e4a48b3eda51: shutdown LeaderElection
2019-10-18 11:24:30,393 [f535bb4a-cba0-4f9b-9e3e-e4a48b3eda51@group-7E32184879DE-LeaderElection123] INFO  impl.RoleInfo (RoleInfo.java:updateAndGet(143)) - f535bb4a-cba0-4f9b-9e3e-e4a48b3eda51: start FollowerState
2019-10-18 11:24:30,489 [Thread-909] INFO  impl.FollowerState (FollowerState.java:run(108)) - f535bb4a-cba0-4f9b-9e3e-e4a48b3eda51@group-7E32184879DE-FollowerState: change to CANDIDATE, lastRpcTime:96ms, electionTimeout:96ms
2019-10-18 11:24:30,489 [Thread-909] INFO  impl.RoleInfo (RoleInfo.java:shutdownFollowerState(121)) - f535bb4a-cba0-4f9b-9e3e-e4a48b3eda51: shutdown FollowerState
2019-10-18 11:24:30,490 [Thread-909] INFO  impl.RaftServerImpl (RaftServerImpl.java:setRole(184)) - f535bb4a-cba0-4f9b-9e3e-e4a48b3eda51@group-7E32184879DE: changes role from  FOLLOWER to CANDIDATE at term 148 for changeToCandidate
2019-10-18 11:24:30,490 [Thread-909] INFO  impl.RoleInfo (RoleInfo.java:updateAndGet(143)) - f535bb4a-cba0-4f9b-9e3e-e4a48b3eda51: start LeaderElection
2019-10-18 11:24:30,516 [f535bb4a-cba0-4f9b-9e3e-e4a48b3eda51@group-7E32184879DE-LeaderElection124] INFO  impl.LeaderElection (LeaderElection.java:askForVotes(178)) - f535bb4a-cba0-4f9b-9e3e-e4a48b3eda51@group-7E32184879DE-LeaderElection124: begin an election at term 149 for -1: [f535bb4a-cba0-4f9b-9e3e-e4a48b3eda51:0.0.0.0:44706, 54aabb14-4a7d-4ab3-adbe-2e67760b87f4:0.0.0.0:43074, c652e2ee-3322-4406-8db6-1ea643cb3197:0.0.0.0:42129], old=null
2019-10-18 11:24:30,519 [grpc-default-executor-0] INFO  impl.RaftServerImpl (RaftServerImpl.java:setRole(184)) - 54aabb14-4a7d-4ab3-adbe-2e67760b87f4@group-7E32184879DE: changes role from  FOLLOWER to FOLLOWER at term 149 for recognizeCandidate:f535bb4a-cba0-4f9b-9e3e-e4a48b3eda51
2019-10-18 11:24:30,519 [grpc-default-executor-1] INFO  impl.RaftServerImpl (RaftServerImpl.java:setRole(184)) - c652e2ee-3322-4406-8db6-1ea643cb3197@group-7E32184879DE: changes role from  FOLLOWER to FOLLOWER at term 149 for recognizeCandidate:f535bb4a-cba0-4f9b-9e3e-e4a48b3eda51
2019-10-18 11:24:30,519 [grpc-default-executor-0] INFO  impl.RoleInfo (RoleInfo.java:shutdownFollowerState(121)) - 54aabb14-4a7d-4ab3-adbe-2e67760b87f4: shutdown FollowerState
2019-10-18 11:24:30,519 [grpc-default-executor-1] INFO  impl.RoleInfo (RoleInfo.java:shutdownFollowerState(121)) - c652e2ee-3322-4406-8db6-1ea643cb3197: shutdown FollowerState
2019-10-18 11:24:30,519 [Thread-907] INFO  impl.FollowerState (FollowerState.java:run(117)) - 54aabb14-4a7d-4ab3-adbe-2e67760b87f4@group-7E32184879DE-FollowerState was interrupted: java.lang.InterruptedException: sleep interrupted
2019-10-18 11:24:30,519 [Thread-908] INFO  impl.FollowerState (FollowerState.java:run(117)) - c652e2ee-3322-4406-8db6-1ea643cb3197@group-7E32184879DE-FollowerState was interrupted: java.lang.InterruptedException: sleep interrupted
2019-10-18 11:24:30,519 [grpc-default-executor-0] INFO  impl.RoleInfo (RoleInfo.java:updateAndGet(143)) - 54aabb14-4a7d-4ab3-adbe-2e67760b87f4: start FollowerState
2019-10-18 11:24:30,519 [grpc-default-executor-1] INFO  impl.RoleInfo (RoleInfo.java:updateAndGet(143)) - c652e2ee-3322-4406-8db6-1ea643cb3197: start FollowerState
2019-10-18 11:24:30,543 [f535bb4a-cba0-4f9b-9e3e-e4a48b3eda51@group-7E32184879DE-LeaderElection124] INFO  impl.LeaderElection (LeaderElection.java:logAndReturn(56)) - f535bb4a-cba0-4f9b-9e3e-e4a48b3eda51@group-7E32184879DE-LeaderElection124: Election REJECTED; received 2 response(s) [f535bb4a-cba0-4f9b-9e3e-e4a48b3eda51<-54aabb14-4a7d-4ab3-adbe-2e67760b87f4#0:FAIL-t149, f535bb4a-cba0-4f9b-9e3e-e4a48b3eda51<-c652e2ee-3322-4406-8db6-1ea643cb3197#0:FAIL-t149] and 0 exception(s); f535bb4a-cba0-4f9b-9e3e-e4a48b3eda51@group-7E32184879DE:t149, leader=null, voted=f535bb4a-cba0-4f9b-9e3e-e4a48b3eda51, raftlog=f535bb4a-cba0-4f9b-9e3e-e4a48b3eda51@group-7E32184879DE-SegmentedRaftLog:OPENED:c-1,f-1,i0, conf=-1: [f535bb4a-cba0-4f9b-9e3e-e4a48b3eda51:0.0.0.0:44706, 54aabb14-4a7d-4ab3-adbe-2e67760b87f4:0.0.0.0:43074, c652e2ee-3322-4406-8db6-1ea643cb3197:0.0.0.0:42129], old=null
2019-10-18 11:24:30,543 [f535bb4a-cba0-4f9b-9e3e-e4a48b3eda51@group-7E32184879DE-LeaderElection124] INFO  impl.RaftServerImpl (RaftServerImpl.java:setRole(184)) - f535bb4a-cba0-4f9b-9e3e-e4a48b3eda51@group-7E32184879DE: changes role from CANDIDATE to FOLLOWER at term 149 for DISCOVERED_A_NEW_TERM
2019-10-18 11:24:30,543 [f535bb4a-cba0-4f9b-9e3e-e4a48b3eda51@group-7E32184879DE-LeaderElection124] INFO  impl.RoleInfo (RoleInfo.java:shutdownLeaderElection(134)) - f535bb4a-cba0-4f9b-9e3e-e4a48b3eda51: shutdown LeaderElection
2019-10-18 11:24:30,543 [f535bb4a-cba0-4f9b-9e3e-e4a48b3eda51@group-7E32184879DE-LeaderElection124] INFO  impl.RoleInfo (RoleInfo.java:updateAndGet(143)) - f535bb4a-cba0-4f9b-9e3e-e4a48b3eda51: start FollowerState
2019-10-18 11:24:30,622 [Thread-915] INFO  impl.FollowerState (FollowerState.java:run(108)) - f535bb4a-cba0-4f9b-9e3e-e4a48b3eda51@group-7E32184879DE-FollowerState: change to CANDIDATE, lastRpcTime:78ms, electionTimeout:78ms
2019-10-18 11:24:30,622 [Thread-915] INFO  impl.RoleInfo (RoleInfo.java:shutdownFollowerState(121)) - f535bb4a-cba0-4f9b-9e3e-e4a48b3eda51: shutdown FollowerState
2019-10-18 11:24:30,622 [Thread-915] INFO  impl.RaftServerImpl (RaftServerImpl.java:setRole(184)) - f535bb4a-cba0-4f9b-9e3e-e4a48b3eda51@group-7E32184879DE: changes role from  FOLLOWER to CANDIDATE at term 149 for changeToCandidate
2019-10-18 11:24:30,622 [Thread-915] INFO  impl.RoleInfo (RoleInfo.java:updateAndGet(143)) - f535bb4a-cba0-4f9b-9e3e-e4a48b3eda51: start LeaderElection
2019-10-18 11:24:30,650 [f535bb4a-cba0-4f9b-9e3e-e4a48b3eda51@group-7E32184879DE-LeaderElection125] INFO  impl.LeaderElection (LeaderElection.java:askForVotes(178)) - f535bb4a-cba0-4f9b-9e3e-e4a48b3eda51@group-7E32184879DE-LeaderElection125: begin an election at term 150 for -1: [f535bb4a-cba0-4f9b-9e3e-e4a48b3eda51:0.0.0.0:44706, 54aabb14-4a7d-4ab3-adbe-2e67760b87f4:0.0.0.0:43074, c652e2ee-3322-4406-8db6-1ea643cb3197:0.0.0.0:42129], old=null
2019-10-18 11:24:30,653 [grpc-default-executor-1] INFO  impl.RaftServerImpl (RaftServerImpl.java:setRole(184)) - 54aabb14-4a7d-4ab3-adbe-2e67760b87f4@group-7E32184879DE: changes role from  FOLLOWER to FOLLOWER at term 150 for recognizeCandidate:f535bb4a-cba0-4f9b-9e3e-e4a48b3eda51
2019-10-18 11:24:30,653 [grpc-default-executor-0] INFO  impl.RaftServerImpl (RaftServerImpl.java:setRole(184)) - c652e2ee-3322-4406-8db6-1ea643cb3197@group-7E32184879DE: changes role from  FOLLOWER to FOLLOWER at term 150 for recognizeCandidate:f535bb4a-cba0-4f9b-9e3e-e4a48b3eda51
2019-10-18 11:24:30,653 [grpc-default-executor-1] INFO  impl.RoleInfo (RoleInfo.java:shutdownFollowerState(121)) - 54aabb14-4a7d-4ab3-adbe-2e67760b87f4: shutdown FollowerState
2019-10-18 11:24:30,653 [grpc-default-executor-0] INFO  impl.RoleInfo (RoleInfo.java:shutdownFollowerState(121)) - c652e2ee-3322-4406-8db6-1ea643cb3197: shutdown FollowerState
2019-10-18 11:24:30,653 [grpc-default-executor-1] INFO  impl.RoleInfo (RoleInfo.java:updateAndGet(143)) - 54aabb14-4a7d-4ab3-adbe-2e67760b87f4: start FollowerState
2019-10-18 11:24:30,653 [Thread-913] INFO  impl.FollowerState (FollowerState.java:run(117)) - 54aabb14-4a7d-4ab3-adbe-2e67760b87f4@group-7E32184879DE-FollowerState was interrupted: java.lang.InterruptedException: sleep interrupted
2019-10-18 11:24:30,653 [f535bb4a-cba0-4f9b-9e3e-e4a48b3eda51@group-7E32184879DE-LeaderElection125] INFO  impl.LeaderElection (LeaderElection.java:logAndReturn(56)) - f535bb4a-cba0-4f9b-9e3e-e4a48b3eda51@group-7E32184879DE-LeaderElection125: Election TIMEOUT; received 0 response(s) [] and 0 exception(s); f535bb4a-cba0-4f9b-9e3e-e4a48b3eda51@group-7E32184879DE:t150, leader=null, voted=f535bb4a-cba0-4f9b-9e3e-e4a48b3eda51, raftlog=f535bb4a-cba0-4f9b-9e3e-e4a48b3eda51@group-7E32184879DE-SegmentedRaftLog:OPENED:c-1,f-1,i0, conf=-1: [f535bb4a-cba0-4f9b-9e3e-e4a48b3eda51:0.0.0.0:44706, 54aabb14-4a7d-4ab3-adbe-2e67760b87f4:0.0.0.0:43074, c652e2ee-3322-4406-8db6-1ea643cb3197:0.0.0.0:42129], old=null
2019-10-18 11:24:30,653 [grpc-default-executor-0] INFO  impl.RoleInfo (RoleInfo.java:updateAndGet(143)) - c652e2ee-3322-4406-8db6-1ea643cb3197: start FollowerState
2019-10-18 11:24:30,653 [Thread-914] INFO  impl.FollowerState (FollowerState.java:run(117)) - c652e2ee-3322-4406-8db6-1ea643cb3197@group-7E32184879DE-FollowerState was interrupted: java.lang.InterruptedException: sleep interrupted
2019-10-18 11:24:30,677 [f535bb4a-cba0-4f9b-9e3e-e4a48b3eda51@group-7E32184879DE-LeaderElection125] INFO  impl.LeaderElection (LeaderElection.java:askForVotes(178)) - f535bb4a-cba0-4f9b-9e3e-e4a48b3eda51@group-7E32184879DE-LeaderElection125: begin an election at term 151 for -1: [f535bb4a-cba0-4f9b-9e3e-e4a48b3eda51:0.0.0.0:44706, 54aabb14-4a7d-4ab3-adbe-2e67760b87f4:0.0.0.0:43074, c652e2ee-3322-4406-8db6-1ea643cb3197:0.0.0.0:42129], old=null
2019-10-18 11:24:30,679 [grpc-default-executor-0] INFO  impl.RaftServerImpl (RaftServerImpl.java:setRole(184)) - 54aabb14-4a7d-4ab3-adbe-2e67760b87f4@group-7E32184879DE: changes role from  FOLLOWER to FOLLOWER at term 151 for recognizeCandidate:f535bb4a-cba0-4f9b-9e3e-e4a48b3eda51
2019-10-18 11:24:30,679 [grpc-default-executor-1] INFO  impl.RaftServerImpl (RaftServerImpl.java:setRole(184)) - c652e2ee-3322-4406-8db6-1ea643cb3197@group-7E32184879DE: changes role from  FOLLOWER to FOLLOWER at term 151 for recognizeCandidate:f535bb4a-cba0-4f9b-9e3e-e4a48b3eda51
2019-10-18 11:24:30,679 [grpc-default-executor-0] INFO  impl.RoleInfo (RoleInfo.java:shutdownFollowerState(121)) - 54aabb14-4a7d-4ab3-adbe-2e67760b87f4: shutdown FollowerState
2019-10-18 11:24:30,679 [grpc-default-executor-1] INFO  impl.RoleInfo (RoleInfo.java:shutdownFollowerState(121)) - c652e2ee-3322-4406-8db6-1ea643cb3197: shutdown FollowerState
2019-10-18 11:24:30,680 [Thread-919] INFO  impl.FollowerState (FollowerState.java:run(117)) - 54aabb14-4a7d-4ab3-adbe-2e67760b87f4@group-7E32184879DE-FollowerState was interrupted: java.lang.InterruptedException: sleep interrupted
2019-10-18 11:24:30,679 [grpc-default-executor-0] INFO  impl.RoleInfo (RoleInfo.java:updateAndGet(143)) - 54aabb14-4a7d-4ab3-adbe-2e67760b87f4: start FollowerState
2019-10-18 11:24:30,680 [Thread-920] INFO  impl.FollowerState (FollowerState.java:run(117)) - c652e2ee-3322-4406-8db6-1ea643cb3197@group-7E32184879DE-FollowerState was interrupted: java.lang.InterruptedException: sleep interrupted
2019-10-18 11:24:30,680 [grpc-default-executor-1] INFO  impl.RoleInfo (RoleInfo.java:updateAndGet(143)) - c652e2ee-3322-4406-8db6-1ea643cb3197: start FollowerState
2019-10-18 11:24:30,703 [f535bb4a-cba0-4f9b-9e3e-e4a48b3eda51@group-7E32184879DE-LeaderElection125] INFO  impl.LeaderElection (LeaderElection.java:logAndReturn(56)) - f535bb4a-cba0-4f9b-9e3e-e4a48b3eda51@group-7E32184879DE-LeaderElection125: Election REJECTED; received 2 response(s) [f535bb4a-cba0-4f9b-9e3e-e4a48b3eda51<-54aabb14-4a7d-4ab3-adbe-2e67760b87f4#0:FAIL-t151, f535bb4a-cba0-4f9b-9e3e-e4a48b3eda51<-c652e2ee-3322-4406-8db6-1ea643cb3197#0:FAIL-t151] and 0 exception(s); f535bb4a-cba0-4f9b-9e3e-e4a48b3eda51@group-7E32184879DE:t151, leader=null, voted=f535bb4a-cba0-4f9b-9e3e-e4a48b3eda51, raftlog=f535bb4a-cba0-4f9b-9e3e-e4a48b3eda51@group-7E32184879DE-SegmentedRaftLog:OPENED:c-1,f-1,i0, conf=-1: [f535bb4a-cba0-4f9b-9e3e-e4a48b3eda51:0.0.0.0:44706, 54aabb14-4a7d-4ab3-adbe-2e67760b87f4:0.0.0.0:43074, c652e2ee-3322-4406-8db6-1ea643cb3197:0.0.0.0:42129], old=null
2019-10-18 11:24:30,704 [f535bb4a-cba0-4f9b-9e3e-e4a48b3eda51@group-7E32184879DE-LeaderElection125] INFO  impl.RaftServerImpl (RaftServerImpl.java:setRole(184)) - f535bb4a-cba0-4f9b-9e3e-e4a48b3eda51@group-7E32184879DE: changes role from CANDIDATE to FOLLOWER at term 151 for DISCOVERED_A_NEW_TERM
2019-10-18 11:24:30,704 [f535bb4a-cba0-4f9b-9e3e-e4a48b3eda51@group-7E32184879DE-LeaderElection125] INFO  impl.RoleInfo (RoleInfo.java:shutdownLeaderElection(134)) - f535bb4a-cba0-4f9b-9e3e-e4a48b3eda51: shutdown LeaderElection
2019-10-18 11:24:30,704 [f535bb4a-cba0-4f9b-9e3e-e4a48b3eda51@group-7E32184879DE-LeaderElection125] INFO  impl.RoleInfo (RoleInfo.java:updateAndGet(143)) - f535bb4a-cba0-4f9b-9e3e-e4a48b3eda51: start FollowerState
2019-10-18 11:24:30,706 [Thread-925] INFO  impl.FollowerState (FollowerState.java:run(108)) - f535bb4a-cba0-4f9b-9e3e-e4a48b3eda51@group-7E32184879DE-FollowerState: change to CANDIDATE, lastRpcTime:2ms, electionTimeout:2ms
2019-10-18 11:24:30,707 [Thread-925] INFO  impl.RoleInfo (RoleInfo.java:shutdownFollowerState(121)) - f535bb4a-cba0-4f9b-9e3e-e4a48b3eda51: shutdown FollowerState
2019-10-18 11:24:30,707 [Thread-925] INFO  impl.RaftServerImpl (RaftServerImpl.java:setRole(184)) - f535bb4a-cba0-4f9b-9e3e-e4a48b3eda51@group-7E32184879DE: changes role from  FOLLOWER to CANDIDATE at term 151 for changeToCandidate
2019-10-18 11:24:30,707 [Thread-925] INFO  impl.RoleInfo (RoleInfo.java:updateAndGet(143)) - f535bb4a-cba0-4f9b-9e3e-e4a48b3eda51: start LeaderElection
2019-10-18 11:24:30,736 [f535bb4a-cba0-4f9b-9e3e-e4a48b3eda51@group-7E32184879DE-LeaderElection126] INFO  impl.LeaderElection (LeaderElection.java:askForVotes(178)) - f535bb4a-cba0-4f9b-9e3e-e4a48b3eda51@group-7E32184879DE-LeaderElection126: begin an election at term 152 for -1: [f535bb4a-cba0-4f9b-9e3e-e4a48b3eda51:0.0.0.0:44706, 54aabb14-4a7d-4ab3-adbe-2e67760b87f4:0.0.0.0:43074, c652e2ee-3322-4406-8db6-1ea643cb3197:0.0.0.0:42129], old=null
2019-10-18 11:24:30,738 [grpc-default-executor-1] INFO  impl.RaftServerImpl (RaftServerImpl.java:setRole(184)) - 54aabb14-4a7d-4ab3-adbe-2e67760b87f4@group-7E32184879DE: changes role from  FOLLOWER to FOLLOWER at term 152 for recognizeCandidate:f535bb4a-cba0-4f9b-9e3e-e4a48b3eda51
2019-10-18 11:24:30,738 [grpc-default-executor-1] INFO  impl.RoleInfo (RoleInfo.java:shutdownFollowerState(121)) - 54aabb14-4a7d-4ab3-adbe-2e67760b87f4: shutdown FollowerState
2019-10-18 11:24:30,738 [grpc-default-executor-0] INFO  impl.RaftServerImpl (RaftServerImpl.java:setRole(184)) - c652e2ee-3322-4406-8db6-1ea643cb3197@group-7E32184879DE: changes role from  FOLLOWER to FOLLOWER at term 152 for recognizeCandidate:f535bb4a-cba0-4f9b-9e3e-e4a48b3eda51
2019-10-18 11:24:30,739 [Thread-923] INFO  impl.FollowerState (FollowerState.java:run(117)) - 54aabb14-4a7d-4ab3-adbe-2e67760b87f4@group-7E32184879DE-FollowerState was interrupted: java.lang.InterruptedException: sleep interrupted
2019-10-18 11:24:30,739 [grpc-default-executor-1] INFO  impl.RoleInfo (RoleInfo.java:updateAndGet(143)) - 54aabb14-4a7d-4ab3-adbe-2e67760b87f4: start FollowerState
2019-10-18 11:24:30,739 [grpc-default-executor-0] INFO  impl.RoleInfo (RoleInfo.java:shutdownFollowerState(121)) - c652e2ee-3322-4406-8db6-1ea643cb3197: shutdown FollowerState
2019-10-18 11:24:30,739 [grpc-default-executor-0] INFO  impl.RoleInfo (RoleInfo.java:updateAndGet(143)) - c652e2ee-3322-4406-8db6-1ea643cb3197: start FollowerState
2019-10-18 11:24:30,739 [Thread-924] INFO  impl.FollowerState (FollowerState.java:run(117)) - c652e2ee-3322-4406-8db6-1ea643cb3197@group-7E32184879DE-FollowerState was interrupted: java.lang.InterruptedException: sleep interrupted
2019-10-18 11:24:30,762 [f535bb4a-cba0-4f9b-9e3e-e4a48b3eda51@group-7E32184879DE-LeaderElection126] INFO  impl.LeaderElection (LeaderElection.java:logAndReturn(56)) - f535bb4a-cba0-4f9b-9e3e-e4a48b3eda51@group-7E32184879DE-LeaderElection126: Election REJECTED; received 2 response(s) [f535bb4a-cba0-4f9b-9e3e-e4a48b3eda51<-54aabb14-4a7d-4ab3-adbe-2e67760b87f4#0:FAIL-t152, f535bb4a-cba0-4f9b-9e3e-e4a48b3eda51<-c652e2ee-3322-4406-8db6-1ea643cb3197#0:FAIL-t152] and 0 exception(s); f535bb4a-cba0-4f9b-9e3e-e4a48b3eda51@group-7E32184879DE:t152, leader=null, voted=f535bb4a-cba0-4f9b-9e3e-e4a48b3eda51, raftlog=f535bb4a-cba0-4f9b-9e3e-e4a48b3eda51@group-7E32184879DE-SegmentedRaftLog:OPENED:c-1,f-1,i0, conf=-1: [f535bb4a-cba0-4f9b-9e3e-e4a48b3eda51:0.0.0.0:44706, 54aabb14-4a7d-4ab3-adbe-2e67760b87f4:0.0.0.0:43074, c652e2ee-3322-4406-8db6-1ea643cb3197:0.0.0.0:42129], old=null
2019-10-18 11:24:30,763 [f535bb4a-cba0-4f9b-9e3e-e4a48b3eda51@group-7E32184879DE-LeaderElection126] INFO  impl.RaftServerImpl (RaftServerImpl.java:setRole(184)) - f535bb4a-cba0-4f9b-9e3e-e4a48b3eda51@group-7E32184879DE: changes role from CANDIDATE to FOLLOWER at term 152 for DISCOVERED_A_NEW_TERM
2019-10-18 11:24:30,763 [f535bb4a-cba0-4f9b-9e3e-e4a48b3eda51@group-7E32184879DE-LeaderElection126] INFO  impl.RoleInfo (RoleInfo.java:shutdownLeaderElection(134)) - f535bb4a-cba0-4f9b-9e3e-e4a48b3eda51: shutdown LeaderElection
2019-10-18 11:24:30,763 [f535bb4a-cba0-4f9b-9e3e-e4a48b3eda51@group-7E32184879DE-LeaderElection126] INFO  impl.RoleInfo (RoleInfo.java:updateAndGet(143)) - f535bb4a-cba0-4f9b-9e3e-e4a48b3eda51: start FollowerState
2019-10-18 11:24:30,782 [Thread-931] INFO  impl.FollowerState (FollowerState.java:run(108)) - f535bb4a-cba0-4f9b-9e3e-e4a48b3eda51@group-7E32184879DE-FollowerState: change to CANDIDATE, lastRpcTime:19ms, electionTimeout:19ms
2019-10-18 11:24:30,782 [Thread-931] INFO  impl.RoleInfo (RoleInfo.java:shutdownFollowerState(121)) - f535bb4a-cba0-4f9b-9e3e-e4a48b3eda51: shutdown FollowerState
2019-10-18 11:24:30,783 [Thread-931] INFO  impl.RaftServerImpl (RaftServerImpl.java:setRole(184)) - f535bb4a-cba0-4f9b-9e3e-e4a48b3eda51@group-7E32184879DE: changes role from  FOLLOWER to CANDIDATE at term 152 for changeToCandidate
2019-10-18 11:24:30,783 [Thread-931] INFO  impl.RoleInfo (RoleInfo.java:updateAndGet(143)) - f535bb4a-cba0-4f9b-9e3e-e4a48b3eda51: start LeaderElection
2019-10-18 11:24:30,812 [f535bb4a-cba0-4f9b-9e3e-e4a48b3eda51@group-7E32184879DE-LeaderElection127] INFO  impl.LeaderElection (LeaderElection.java:askForVotes(178)) - f535bb4a-cba0-4f9b-9e3e-e4a48b3eda51@group-7E32184879DE-LeaderElection127: begin an election at term 153 for -1: [f535bb4a-cba0-4f9b-9e3e-e4a48b3eda51:0.0.0.0:44706, 54aabb14-4a7d-4ab3-adbe-2e67760b87f4:0.0.0.0:43074, c652e2ee-3322-4406-8db6-1ea643cb3197:0.0.0.0:42129], old=null
2019-10-18 11:24:30,815 [grpc-default-executor-1] INFO  impl.RaftServerImpl (RaftServerImpl.java:setRole(184)) - c652e2ee-3322-4406-8db6-1ea643cb3197@group-7E32184879DE: changes role from  FOLLOWER to FOLLOWER at term 153 for recognizeCandidate:f535bb4a-cba0-4f9b-9e3e-e4a48b3eda51
2019-10-18 11:24:30,815 [grpc-default-executor-0] INFO  impl.RaftServerImpl (RaftServerImpl.java:setRole(184)) - 54aabb14-4a7d-4ab3-adbe-2e67760b87f4@group-7E32184879DE: changes role from  FOLLOWER to FOLLOWER at term 153 for recognizeCandidate:f535bb4a-cba0-4f9b-9e3e-e4a48b3eda51
2019-10-18 11:24:30,815 [grpc-default-executor-1] INFO  impl.RoleInfo (RoleInfo.java:shutdownFollowerState(121)) - c652e2ee-3322-4406-8db6-1ea643cb3197: shutdown FollowerState
2019-10-18 11:24:30,815 [grpc-default-executor-0] INFO  impl.RoleInfo (RoleInfo.java:shutdownFollowerState(121)) - 54aabb14-4a7d-4ab3-adbe-2e67760b87f4: shutdown FollowerState
2019-10-18 11:24:30,815 [Thread-930] INFO  impl.FollowerState (FollowerState.java:run(117)) - c652e2ee-3322-4406-8db6-1ea643cb3197@group-7E32184879DE-FollowerState was interrupted: java.lang.InterruptedException: sleep interrupted
2019-10-18 11:24:30,815 [grpc-default-executor-1] INFO  impl.RoleInfo (RoleInfo.java:updateAndGet(143)) - c652e2ee-3322-4406-8db6-1ea643cb3197: start FollowerState
2019-10-18 11:24:30,816 [Thread-929] INFO  impl.FollowerState (FollowerState.java:run(117)) - 54aabb14-4a7d-4ab3-adbe-2e67760b87f4@group-7E32184879DE-FollowerState was interrupted: java.lang.InterruptedException: sleep interrupted
2019-10-18 11:24:30,816 [grpc-default-executor-0] INFO  impl.RoleInfo (RoleInfo.java:updateAndGet(143)) - 54aabb14-4a7d-4ab3-adbe-2e67760b87f4: start FollowerState
2019-10-18 11:24:30,847 [f535bb4a-cba0-4f9b-9e3e-e4a48b3eda51@group-7E32184879DE-LeaderElection127] INFO  impl.LeaderElection (LeaderElection.java:logAndReturn(56)) - f535bb4a-cba0-4f9b-9e3e-e4a48b3eda51@group-7E32184879DE-LeaderElection127: Election REJECTED; received 2 response(s) [f535bb4a-cba0-4f9b-9e3e-e4a48b3eda51<-54aabb14-4a7d-4ab3-adbe-2e67760b87f4#0:FAIL-t153, f535bb4a-cba0-4f9b-9e3e-e4a48b3eda51<-c652e2ee-3322-4406-8db6-1ea643cb3197#0:FAIL-t153] and 0 exception(s); f535bb4a-cba0-4f9b-9e3e-e4a48b3eda51@group-7E32184879DE:t153, leader=null, voted=f535bb4a-cba0-4f9b-9e3e-e4a48b3eda51, raftlog=f535bb4a-cba0-4f9b-9e3e-e4a48b3eda51@group-7E32184879DE-SegmentedRaftLog:OPENED:c-1,f-1,i0, conf=-1: [f535bb4a-cba0-4f9b-9e3e-e4a48b3eda51:0.0.0.0:44706, 54aabb14-4a7d-4ab3-adbe-2e67760b87f4:0.0.0.0:43074, c652e2ee-3322-4406-8db6-1ea643cb3197:0.0.0.0:42129], old=null
2019-10-18 11:24:30,847 [f535bb4a-cba0-4f9b-9e3e-e4a48b3eda51@group-7E32184879DE-LeaderElection127] INFO  impl.RaftServerImpl (RaftServerImpl.java:setRole(184)) - f535bb4a-cba0-4f9b-9e3e-e4a48b3eda51@group-7E32184879DE: changes role from CANDIDATE to FOLLOWER at term 153 for DISCOVERED_A_NEW_TERM
2019-10-18 11:24:30,847 [f535bb4a-cba0-4f9b-9e3e-e4a48b3eda51@group-7E32184879DE-LeaderElection127] INFO  impl.RoleInfo (RoleInfo.java:shutdownLeaderElection(134)) - f535bb4a-cba0-4f9b-9e3e-e4a48b3eda51: shutdown LeaderElection
2019-10-18 11:24:30,847 [f535bb4a-cba0-4f9b-9e3e-e4a48b3eda51@group-7E32184879DE-LeaderElection127] INFO  impl.RoleInfo (RoleInfo.java:updateAndGet(143)) - f535bb4a-cba0-4f9b-9e3e-e4a48b3eda51: start FollowerState
2019-10-18 11:24:30,888 [Thread-937] INFO  impl.FollowerState (FollowerState.java:run(108)) - f535bb4a-cba0-4f9b-9e3e-e4a48b3eda51@group-7E32184879DE-FollowerState: change to CANDIDATE, lastRpcTime:40ms, electionTimeout:40ms
2019-10-18 11:24:30,888 [Thread-937] INFO  impl.RoleInfo (RoleInfo.java:shutdownFollowerState(121)) - f535bb4a-cba0-4f9b-9e3e-e4a48b3eda51: shutdown FollowerState
2019-10-18 11:24:30,888 [Thread-937] INFO  impl.RaftServerImpl (RaftServerImpl.java:setRole(184)) - f535bb4a-cba0-4f9b-9e3e-e4a48b3eda51@group-7E32184879DE: changes role from  FOLLOWER to CANDIDATE at term 153 for changeToCandidate
2019-10-18 11:24:30,888 [Thread-937] INFO  impl.RoleInfo (RoleInfo.java:updateAndGet(143)) - f535bb4a-cba0-4f9b-9e3e-e4a48b3eda51: start LeaderElection
2019-10-18 11:24:30,912 [f535bb4a-cba0-4f9b-9e3e-e4a48b3eda51@group-7E32184879DE-LeaderElection128] INFO  impl.LeaderElection (LeaderElection.java:askForVotes(178)) - f535bb4a-cba0-4f9b-9e3e-e4a48b3eda51@group-7E32184879DE-LeaderElection128: begin an election at term 154 for -1: [f535bb4a-cba0-4f9b-9e3e-e4a48b3eda51:0.0.0.0:44706, 54aabb14-4a7d-4ab3-adbe-2e67760b87f4:0.0.0.0:43074, c652e2ee-3322-4406-8db6-1ea643cb3197:0.0.0.0:42129], old=null
2019-10-18 11:24:30,915 [grpc-default-executor-1] INFO  impl.RaftServerImpl (RaftServerImpl.java:setRole(184)) - 54aabb14-4a7d-4ab3-adbe-2e67760b87f4@group-7E32184879DE: changes role from  FOLLOWER to FOLLOWER at term 154 for recognizeCandidate:f535bb4a-cba0-4f9b-9e3e-e4a48b3eda51
2019-10-18 11:24:30,915 [grpc-default-executor-0] INFO  impl.RaftServerImpl (RaftServerImpl.java:setRole(184)) - c652e2ee-3322-4406-8db6-1ea643cb3197@group-7E32184879DE: changes role from  FOLLOWER to FOLLOWER at term 154 for recognizeCandidate:f535bb4a-cba0-4f9b-9e3e-e4a48b3eda51
2019-10-18 11:24:30,915 [grpc-default-executor-0] INFO  impl.RoleInfo (RoleInfo.java:shutdownFollowerState(121)) - c652e2ee-3322-4406-8db6-1ea643cb3197: shutdown FollowerState
2019-10-18 11:24:30,915 [grpc-default-executor-1] INFO  impl.RoleInfo (RoleInfo.java:shutdownFollowerState(121)) - 54aabb14-4a7d-4ab3-adbe-2e67760b87f4: shutdown FollowerState
2019-10-18 11:24:30,915 [Thread-935] INFO  impl.FollowerState (FollowerState.java:run(117)) - c652e2ee-3322-4406-8db6-1ea643cb3197@group-7E32184879DE-FollowerState was interrupted: java.lang.InterruptedException: sleep interrupted
2019-10-18 11:24:30,915 [grpc-default-executor-0] INFO  impl.RoleInfo (RoleInfo.java:updateAndGet(143)) - c652e2ee-3322-4406-8db6-1ea643cb3197: start FollowerState
2019-10-18 11:24:30,915 [Thread-936] INFO  impl.FollowerState (FollowerState.java:run(117)) - 54aabb14-4a7d-4ab3-adbe-2e67760b87f4@group-7E32184879DE-FollowerState was interrupted: java.lang.InterruptedException: sleep interrupted
2019-10-18 11:24:30,915 [grpc-default-executor-1] INFO  impl.RoleInfo (RoleInfo.java:updateAndGet(143)) - 54aabb14-4a7d-4ab3-adbe-2e67760b87f4: start FollowerState
2019-10-18 11:24:30,939 [f535bb4a-cba0-4f9b-9e3e-e4a48b3eda51@group-7E32184879DE-LeaderElection128] INFO  impl.LeaderElection (LeaderElection.java:logAndReturn(56)) - f535bb4a-cba0-4f9b-9e3e-e4a48b3eda51@group-7E32184879DE-LeaderElection128: Election REJECTED; received 2 response(s) [f535bb4a-cba0-4f9b-9e3e-e4a48b3eda51<-54aabb14-4a7d-4ab3-adbe-2e67760b87f4#0:FAIL-t154, f535bb4a-cba0-4f9b-9e3e-e4a48b3eda51<-c652e2ee-3322-4406-8db6-1ea643cb3197#0:FAIL-t154] and 0 exception(s); f535bb4a-cba0-4f9b-9e3e-e4a48b3eda51@group-7E32184879DE:t154, leader=null, voted=f535bb4a-cba0-4f9b-9e3e-e4a48b3eda51, raftlog=f535bb4a-cba0-4f9b-9e3e-e4a48b3eda51@group-7E32184879DE-SegmentedRaftLog:OPENED:c-1,f-1,i0, conf=-1: [f535bb4a-cba0-4f9b-9e3e-e4a48b3eda51:0.0.0.0:44706, 54aabb14-4a7d-4ab3-adbe-2e67760b87f4:0.0.0.0:43074, c652e2ee-3322-4406-8db6-1ea643cb3197:0.0.0.0:42129], old=null
2019-10-18 11:24:30,939 [f535bb4a-cba0-4f9b-9e3e-e4a48b3eda51@group-7E32184879DE-LeaderElection128] INFO  impl.RaftServerImpl (RaftServerImpl.java:setRole(184)) - f535bb4a-cba0-4f9b-9e3e-e4a48b3eda51@group-7E32184879DE: changes role from CANDIDATE to FOLLOWER at term 154 for DISCOVERED_A_NEW_TERM
2019-10-18 11:24:30,939 [f535bb4a-cba0-4f9b-9e3e-e4a48b3eda51@group-7E32184879DE-LeaderElection128] INFO  impl.RoleInfo (RoleInfo.java:shutdownLeaderElection(134)) - f535bb4a-cba0-4f9b-9e3e-e4a48b3eda51: shutdown LeaderElection
2019-10-18 11:24:30,939 [f535bb4a-cba0-4f9b-9e3e-e4a48b3eda51@group-7E32184879DE-LeaderElection128] INFO  impl.RoleInfo (RoleInfo.java:updateAndGet(143)) - f535bb4a-cba0-4f9b-9e3e-e4a48b3eda51: start FollowerState
2019-10-18 11:24:31,041 [Thread-943] INFO  impl.FollowerState (FollowerState.java:run(108)) - f535bb4a-cba0-4f9b-9e3e-e4a48b3eda51@group-7E32184879DE-FollowerState: change to CANDIDATE, lastRpcTime:102ms, electionTimeout:102ms
2019-10-18 11:24:31,042 [Thread-943] INFO  impl.RoleInfo (RoleInfo.java:shutdownFollowerState(121)) - f535bb4a-cba0-4f9b-9e3e-e4a48b3eda51: shutdown FollowerState
2019-10-18 11:24:31,042 [Thread-943] INFO  impl.RaftServerImpl (RaftServerImpl.java:setRole(184)) - f535bb4a-cba0-4f9b-9e3e-e4a48b3eda51@group-7E32184879DE: changes role from  FOLLOWER to CANDIDATE at term 154 for changeToCandidate
2019-10-18 11:24:31,042 [Thread-943] INFO  impl.RoleInfo (RoleInfo.java:updateAndGet(143)) - f535bb4a-cba0-4f9b-9e3e-e4a48b3eda51: start LeaderElection
2019-10-18 11:24:31,072 [f535bb4a-cba0-4f9b-9e3e-e4a48b3eda51@group-7E32184879DE-LeaderElection129] INFO  impl.LeaderElection (LeaderElection.java:askForVotes(178)) - f535bb4a-cba0-4f9b-9e3e-e4a48b3eda51@group-7E32184879DE-LeaderElection129: begin an election at term 155 for -1: [f535bb4a-cba0-4f9b-9e3e-e4a48b3eda51:0.0.0.0:44706, 54aabb14-4a7d-4ab3-adbe-2e67760b87f4:0.0.0.0:43074, c652e2ee-3322-4406-8db6-1ea643cb3197:0.0.0.0:42129], old=null
2019-10-18 11:24:31,074 [grpc-default-executor-1] INFO  impl.RaftServerImpl (RaftServerImpl.java:setRole(184)) - c652e2ee-3322-4406-8db6-1ea643cb3197@group-7E32184879DE: changes role from  FOLLOWER to FOLLOWER at term 155 for recognizeCandidate:f535bb4a-cba0-4f9b-9e3e-e4a48b3eda51
2019-10-18 11:24:31,074 [grpc-default-executor-0] INFO  impl.RaftServerImpl (RaftServerImpl.java:setRole(184)) - 54aabb14-4a7d-4ab3-adbe-2e67760b87f4@group-7E32184879DE: changes role from  FOLLOWER to FOLLOWER at term 155 for recognizeCandidate:f535bb4a-cba0-4f9b-9e3e-e4a48b3eda51
2019-10-18 11:24:31,074 [grpc-default-executor-1] INFO  impl.RoleInfo (RoleInfo.java:shutdownFollowerState(121)) - c652e2ee-3322-4406-8db6-1ea643cb3197: shutdown FollowerState
2019-10-18 11:24:31,075 [grpc-default-executor-0] INFO  impl.RoleInfo (RoleInfo.java:shutdownFollowerState(121)) - 54aabb14-4a7d-4ab3-adbe-2e67760b87f4: shutdown FollowerState
2019-10-18 11:24:31,075 [Thread-941] INFO  impl.FollowerState (FollowerState.java:run(117)) - c652e2ee-3322-4406-8db6-1ea643cb3197@group-7E32184879DE-FollowerState was interrupted: java.lang.InterruptedException: sleep interrupted
2019-10-18 11:24:31,075 [grpc-default-executor-1] INFO  impl.RoleInfo (RoleInfo.java:updateAndGet(143)) - c652e2ee-3322-4406-8db6-1ea643cb3197: start FollowerState
2019-10-18 11:24:31,075 [Thread-942] INFO  impl.FollowerState (FollowerState.java:run(117)) - 54aabb14-4a7d-4ab3-adbe-2e67760b87f4@group-7E32184879DE-FollowerState was interrupted: java.lang.InterruptedException: sleep interrupted
2019-10-18 11:24:31,075 [grpc-default-executor-0] INFO  impl.RoleInfo (RoleInfo.java:updateAndGet(143)) - 54aabb14-4a7d-4ab3-adbe-2e67760b87f4: start FollowerState
2019-10-18 11:24:31,098 [f535bb4a-cba0-4f9b-9e3e-e4a48b3eda51@group-7E32184879DE-LeaderElection129] INFO  impl.LeaderElection (LeaderElection.java:logAndReturn(56)) - f535bb4a-cba0-4f9b-9e3e-e4a48b3eda51@group-7E32184879DE-LeaderElection129: Election REJECTED; received 2 response(s) [f535bb4a-cba0-4f9b-9e3e-e4a48b3eda51<-54aabb14-4a7d-4ab3-adbe-2e67760b87f4#0:FAIL-t155, f535bb4a-cba0-4f9b-9e3e-e4a48b3eda51<-c652e2ee-3322-4406-8db6-1ea643cb3197#0:FAIL-t155] and 0 exception(s); f535bb4a-cba0-4f9b-9e3e-e4a48b3eda51@group-7E32184879DE:t155, leader=null, voted=f535bb4a-cba0-4f9b-9e3e-e4a48b3eda51, raftlog=f535bb4a-cba0-4f9b-9e3e-e4a48b3eda51@group-7E32184879DE-SegmentedRaftLog:OPENED:c-1,f-1,i0, conf=-1: [f535bb4a-cba0-4f9b-9e3e-e4a48b3eda51:0.0.0.0:44706, 54aabb14-4a7d-4ab3-adbe-2e67760b87f4:0.0.0.0:43074, c652e2ee-3322-4406-8db6-1ea643cb3197:0.0.0.0:42129], old=null
2019-10-18 11:24:31,098 [f535bb4a-cba0-4f9b-9e3e-e4a48b3eda51@group-7E32184879DE-LeaderElection129] INFO  impl.RaftServerImpl (RaftServerImpl.java:setRole(184)) - f535bb4a-cba0-4f9b-9e3e-e4a48b3eda51@group-7E32184879DE: changes role from CANDIDATE to FOLLOWER at term 155 for DISCOVERED_A_NEW_TERM
2019-10-18 11:24:31,098 [f535bb4a-cba0-4f9b-9e3e-e4a48b3eda51@group-7E32184879DE-LeaderElection129] INFO  impl.RoleInfo (RoleInfo.java:shutdownLeaderElection(134)) - f535bb4a-cba0-4f9b-9e3e-e4a48b3eda51: shutdown LeaderElection
2019-10-18 11:24:31,098 [f535bb4a-cba0-4f9b-9e3e-e4a48b3eda51@group-7E32184879DE-LeaderElection129] INFO  impl.RoleInfo (RoleInfo.java:updateAndGet(143)) - f535bb4a-cba0-4f9b-9e3e-e4a48b3eda51: start FollowerState
2019-10-18 11:24:31,125 [Thread-951] INFO  impl.FollowerState (FollowerState.java:run(108)) - f535bb4a-cba0-4f9b-9e3e-e4a48b3eda51@group-7E32184879DE-FollowerState: change to CANDIDATE, lastRpcTime:26ms, electionTimeout:26ms
2019-10-18 11:24:31,125 [Thread-951] INFO  impl.RoleInfo (RoleInfo.java:shutdownFollowerState(121)) - f535bb4a-cba0-4f9b-9e3e-e4a48b3eda51: shutdown FollowerState
2019-10-18 11:24:31,125 [Thread-951] INFO  impl.RaftServerImpl (RaftServerImpl.java:setRole(184)) - f535bb4a-cba0-4f9b-9e3e-e4a48b3eda51@group-7E32184879DE: changes role from  FOLLOWER to CANDIDATE at term 155 for changeToCandidate
2019-10-18 11:24:31,125 [Thread-951] INFO  impl.RoleInfo (RoleInfo.java:updateAndGet(143)) - f535bb4a-cba0-4f9b-9e3e-e4a48b3eda51: start LeaderElection
2019-10-18 11:24:31,147 [f535bb4a-cba0-4f9b-9e3e-e4a48b3eda51@group-7E32184879DE-LeaderElection130] INFO  impl.LeaderElection (LeaderElection.java:askForVotes(178)) - f535bb4a-cba0-4f9b-9e3e-e4a48b3eda51@group-7E32184879DE-LeaderElection130: begin an election at term 156 for -1: [f535bb4a-cba0-4f9b-9e3e-e4a48b3eda51:0.0.0.0:44706, 54aabb14-4a7d-4ab3-adbe-2e67760b87f4:0.0.0.0:43074, c652e2ee-3322-4406-8db6-1ea643cb3197:0.0.0.0:42129], old=null
2019-10-18 11:24:31,271 [f535bb4a-cba0-4f9b-9e3e-e4a48b3eda51@group-7E32184879DE-LeaderElection130] INFO  impl.LeaderElection (LeaderElection.java:logAndReturn(56)) - f535bb4a-cba0-4f9b-9e3e-e4a48b3eda51@group-7E32184879DE-LeaderElection130: Election TIMEOUT; received 0 response(s) [] and 0 exception(s); f535bb4a-cba0-4f9b-9e3e-e4a48b3eda51@group-7E32184879DE:t156, leader=null, voted=f535bb4a-cba0-4f9b-9e3e-e4a48b3eda51, raftlog=f535bb4a-cba0-4f9b-9e3e-e4a48b3eda51@group-7E32184879DE-SegmentedRaftLog:OPENED:c-1,f-1,i0, conf=-1: [f535bb4a-cba0-4f9b-9e3e-e4a48b3eda51:0.0.0.0:44706, 54aabb14-4a7d-4ab3-adbe-2e67760b87f4:0.0.0.0:43074, c652e2ee-3322-4406-8db6-1ea643cb3197:0.0.0.0:42129], old=null
2019-10-18 11:24:31,274 [grpc-default-executor-1] INFO  impl.RaftServerImpl (RaftServerImpl.java:setRole(184)) - c652e2ee-3322-4406-8db6-1ea643cb3197@group-7E32184879DE: changes role from  FOLLOWER to FOLLOWER at term 156 for recognizeCandidate:f535bb4a-cba0-4f9b-9e3e-e4a48b3eda51
2019-10-18 11:24:31,274 [grpc-default-executor-0] INFO  impl.RaftServerImpl (RaftServerImpl.java:setRole(184)) - 54aabb14-4a7d-4ab3-adbe-2e67760b87f4@group-7E32184879DE: changes role from  FOLLOWER to FOLLOWER at term 156 for recognizeCandidate:f535bb4a-cba0-4f9b-9e3e-e4a48b3eda51
2019-10-18 11:24:31,274 [grpc-default-executor-1] INFO  impl.RoleInfo (RoleInfo.java:shutdownFollowerState(121)) - c652e2ee-3322-4406-8db6-1ea643cb3197: shutdown FollowerState
2019-10-18 11:24:31,274 [grpc-default-executor-0] INFO  impl.RoleInfo (RoleInfo.java:shutdownFollowerState(121)) - 54aabb14-4a7d-4ab3-adbe-2e67760b87f4: shutdown FollowerState
2019-10-18 11:24:31,274 [grpc-default-executor-1] INFO  impl.RoleInfo (RoleInfo.java:updateAndGet(143)) - c652e2ee-3322-4406-8db6-1ea643cb3197: start FollowerState
2019-10-18 11:24:31,275 [Thread-947] INFO  impl.FollowerState (FollowerState.java:run(117)) - c652e2ee-3322-4406-8db6-1ea643cb3197@group-7E32184879DE-FollowerState was interrupted: java.lang.InterruptedException: sleep interrupted
2019-10-18 11:24:31,274 [grpc-default-executor-0] INFO  impl.RoleInfo (RoleInfo.java:updateAndGet(143)) - 54aabb14-4a7d-4ab3-adbe-2e67760b87f4: start FollowerState
2019-10-18 11:24:31,275 [Thread-948] INFO  impl.FollowerState (FollowerState.java:run(117)) - 54aabb14-4a7d-4ab3-adbe-2e67760b87f4@group-7E32184879DE-FollowerState was interrupted: java.lang.InterruptedException: sleep interrupted
2019-10-18 11:24:31,298 [f535bb4a-cba0-4f9b-9e3e-e4a48b3eda51@group-7E32184879DE-LeaderElection130] INFO  impl.LeaderElection (LeaderElection.java:askForVotes(178)) - f535bb4a-cba0-4f9b-9e3e-e4a48b3eda51@group-7E32184879DE-LeaderElection130: begin an election at term 157 for -1: [f535bb4a-cba0-4f9b-9e3e-e4a48b3eda51:0.0.0.0:44706, 54aabb14-4a7d-4ab3-adbe-2e67760b87f4:0.0.0.0:43074, c652e2ee-3322-4406-8db6-1ea643cb3197:0.0.0.0:42129], old=null
2019-10-18 11:24:31,299 [grpc-default-executor-1] INFO  impl.RaftServerImpl (RaftServerImpl.java:setRole(184)) - 54aabb14-4a7d-4ab3-adbe-2e67760b87f4@group-7E32184879DE: changes role from  FOLLOWER to FOLLOWER at term 157 for recognizeCandidate:f535bb4a-cba0-4f9b-9e3e-e4a48b3eda51
2019-10-18 11:24:31,299 [grpc-default-executor-0] INFO  impl.RaftServerImpl (RaftServerImpl.java:setRole(184)) - c652e2ee-3322-4406-8db6-1ea643cb3197@group-7E32184879DE: changes role from  FOLLOWER to FOLLOWER at term 157 for recognizeCandidate:f535bb4a-cba0-4f9b-9e3e-e4a48b3eda51
2019-10-18 11:24:31,299 [grpc-default-executor-1] INFO  impl.RoleInfo (RoleInfo.java:shutdownFollowerState(121)) - 54aabb14-4a7d-4ab3-adbe-2e67760b87f4: shutdown FollowerState
2019-10-18 11:24:31,300 [grpc-default-executor-0] INFO  impl.RoleInfo (RoleInfo.java:shutdownFollowerState(121)) - c652e2ee-3322-4406-8db6-1ea643cb3197: shutdown FollowerState
2019-10-18 11:24:31,300 [grpc-default-executor-1] INFO  impl.RoleInfo (RoleInfo.java:updateAndGet(143)) - 54aabb14-4a7d-4ab3-adbe-2e67760b87f4: start FollowerState
2019-10-18 11:24:31,300 [Thread-955] INFO  impl.FollowerState (FollowerState.java:run(117)) - c652e2ee-3322-4406-8db6-1ea643cb3197@group-7E32184879DE-FollowerState was interrupted: java.lang.InterruptedException: sleep interrupted
2019-10-18 11:24:31,300 [Thread-956] INFO  impl.FollowerState (FollowerState.java:run(117)) - 54aabb14-4a7d-4ab3-adbe-2e67760b87f4@group-7E32184879DE-FollowerState was interrupted: java.lang.InterruptedException: sleep interrupted
2019-10-18 11:24:31,300 [grpc-default-executor-0] INFO  impl.RoleInfo (RoleInfo.java:updateAndGet(143)) - c652e2ee-3322-4406-8db6-1ea643cb3197: start FollowerState
2019-10-18 11:24:31,307 [f535bb4a-cba0-4f9b-9e3e-e4a48b3eda51@group-7E32184879DE-LeaderElection130] INFO  impl.LeaderElection (LeaderElection.java:logAndReturn(56)) - f535bb4a-cba0-4f9b-9e3e-e4a48b3eda51@group-7E32184879DE-LeaderElection130: Election TIMEOUT; received 0 response(s) [] and 0 exception(s); f535bb4a-cba0-4f9b-9e3e-e4a48b3eda51@group-7E32184879DE:t157, leader=null, voted=f535bb4a-cba0-4f9b-9e3e-e4a48b3eda51, raftlog=f535bb4a-cba0-4f9b-9e3e-e4a48b3eda51@group-7E32184879DE-SegmentedRaftLog:OPENED:c-1,f-1,i0, conf=-1: [f535bb4a-cba0-4f9b-9e3e-e4a48b3eda51:0.0.0.0:44706, 54aabb14-4a7d-4ab3-adbe-2e67760b87f4:0.0.0.0:43074, c652e2ee-3322-4406-8db6-1ea643cb3197:0.0.0.0:42129], old=null
2019-10-18 11:24:31,323 [f535bb4a-cba0-4f9b-9e3e-e4a48b3eda51@group-7E32184879DE-LeaderElection130] INFO  impl.LeaderElection (LeaderElection.java:askForVotes(178)) - f535bb4a-cba0-4f9b-9e3e-e4a48b3eda51@group-7E32184879DE-LeaderElection130: begin an election at term 158 for -1: [f535bb4a-cba0-4f9b-9e3e-e4a48b3eda51:0.0.0.0:44706, 54aabb14-4a7d-4ab3-adbe-2e67760b87f4:0.0.0.0:43074, c652e2ee-3322-4406-8db6-1ea643cb3197:0.0.0.0:42129], old=null
2019-10-18 11:24:31,324 [grpc-default-executor-1] INFO  impl.RaftServerImpl (RaftServerImpl.java:setRole(184)) - 54aabb14-4a7d-4ab3-adbe-2e67760b87f4@group-7E32184879DE: changes role from  FOLLOWER to FOLLOWER at term 158 for recognizeCandidate:f535bb4a-cba0-4f9b-9e3e-e4a48b3eda51
2019-10-18 11:24:31,324 [grpc-default-executor-1] INFO  impl.RoleInfo (RoleInfo.java:shutdownFollowerState(121)) - 54aabb14-4a7d-4ab3-adbe-2e67760b87f4: shutdown FollowerState
2019-10-18 11:24:31,324 [grpc-default-executor-1] INFO  impl.RoleInfo (RoleInfo.java:updateAndGet(143)) - 54aabb14-4a7d-4ab3-adbe-2e67760b87f4: start FollowerState
2019-10-18 11:24:31,324 [Thread-959] INFO  impl.FollowerState (FollowerState.java:run(117)) - 54aabb14-4a7d-4ab3-adbe-2e67760b87f4@group-7E32184879DE-FollowerState was interrupted: java.lang.InterruptedException: sleep interrupted
2019-10-18 11:24:31,325 [grpc-default-executor-0] INFO  impl.RaftServerImpl (RaftServerImpl.java:setRole(184)) - c652e2ee-3322-4406-8db6-1ea643cb3197@group-7E32184879DE: changes role from  FOLLOWER to FOLLOWER at term 158 for recognizeCandidate:f535bb4a-cba0-4f9b-9e3e-e4a48b3eda51
2019-10-18 11:24:31,325 [grpc-default-executor-0] INFO  impl.RoleInfo (RoleInfo.java:shutdownFollowerState(121)) - c652e2ee-3322-4406-8db6-1ea643cb3197: shutdown FollowerState
2019-10-18 11:24:31,325 [grpc-default-executor-0] INFO  impl.RoleInfo (RoleInfo.java:updateAndGet(143)) - c652e2ee-3322-4406-8db6-1ea643cb3197: start FollowerState
2019-10-18 11:24:31,325 [Thread-960] INFO  impl.FollowerState (FollowerState.java:run(117)) - c652e2ee-3322-4406-8db6-1ea643cb3197@group-7E32184879DE-FollowerState was interrupted: java.lang.InterruptedException: sleep interrupted
2019-10-18 11:24:31,349 [f535bb4a-cba0-4f9b-9e3e-e4a48b3eda51@group-7E32184879DE-LeaderElection130] INFO  impl.LeaderElection (LeaderElection.java:logAndReturn(56)) - f535bb4a-cba0-4f9b-9e3e-e4a48b3eda51@group-7E32184879DE-LeaderElection130: Election REJECTED; received 2 response(s) [f535bb4a-cba0-4f9b-9e3e-e4a48b3eda51<-54aabb14-4a7d-4ab3-adbe-2e67760b87f4#0:FAIL-t158, f535bb4a-cba0-4f9b-9e3e-e4a48b3eda51<-c652e2ee-3322-4406-8db6-1ea643cb3197#0:FAIL-t158] and 0 exception(s); f535bb4a-cba0-4f9b-9e3e-e4a48b3eda51@group-7E32184879DE:t158, leader=null, voted=f535bb4a-cba0-4f9b-9e3e-e4a48b3eda51, raftlog=f535bb4a-cba0-4f9b-9e3e-e4a48b3eda51@group-7E32184879DE-SegmentedRaftLog:OPENED:c-1,f-1,i0, conf=-1: [f535bb4a-cba0-4f9b-9e3e-e4a48b3eda51:0.0.0.0:44706, 54aabb14-4a7d-4ab3-adbe-2e67760b87f4:0.0.0.0:43074, c652e2ee-3322-4406-8db6-1ea643cb3197:0.0.0.0:42129], old=null
2019-10-18 11:24:31,349 [f535bb4a-cba0-4f9b-9e3e-e4a48b3eda51@group-7E32184879DE-LeaderElection130] INFO  impl.RaftServerImpl (RaftServerImpl.java:setRole(184)) - f535bb4a-cba0-4f9b-9e3e-e4a48b3eda51@group-7E32184879DE: changes role from CANDIDATE to FOLLOWER at term 158 for DISCOVERED_A_NEW_TERM
2019-10-18 11:24:31,349 [f535bb4a-cba0-4f9b-9e3e-e4a48b3eda51@group-7E32184879DE-LeaderElection130] INFO  impl.RoleInfo (RoleInfo.java:shutdownLeaderElection(134)) - f535bb4a-cba0-4f9b-9e3e-e4a48b3eda51: shutdown LeaderElection
2019-10-18 11:24:31,349 [f535bb4a-cba0-4f9b-9e3e-e4a48b3eda51@group-7E32184879DE-LeaderElection130] INFO  impl.RoleInfo (RoleInfo.java:updateAndGet(143)) - f535bb4a-cba0-4f9b-9e3e-e4a48b3eda51: start FollowerState
2019-10-18 11:24:31,417 [Thread-965] INFO  impl.FollowerState (FollowerState.java:run(108)) - f535bb4a-cba0-4f9b-9e3e-e4a48b3eda51@group-7E32184879DE-FollowerState: change to CANDIDATE, lastRpcTime:67ms, electionTimeout:67ms
2019-10-18 11:24:31,417 [Thread-965] INFO  impl.RoleInfo (RoleInfo.java:shutdownFollowerState(121)) - f535bb4a-cba0-4f9b-9e3e-e4a48b3eda51: shutdown FollowerState
2019-10-18 11:24:31,417 [Thread-965] INFO  impl.RaftServerImpl (RaftServerImpl.java:setRole(184)) - f535bb4a-cba0-4f9b-9e3e-e4a48b3eda51@group-7E32184879DE: changes role from  FOLLOWER to CANDIDATE at term 158 for changeToCandidate
2019-10-18 11:24:31,417 [Thread-965] INFO  impl.RoleInfo (RoleInfo.java:updateAndGet(143)) - f535bb4a-cba0-4f9b-9e3e-e4a48b3eda51: start LeaderElection
2019-10-18 11:24:31,440 [f535bb4a-cba0-4f9b-9e3e-e4a48b3eda51@group-7E32184879DE-LeaderElection131] INFO  impl.LeaderElection (LeaderElection.java:askForVotes(178)) - f535bb4a-cba0-4f9b-9e3e-e4a48b3eda51@group-7E32184879DE-LeaderElection131: begin an election at term 159 for -1: [f535bb4a-cba0-4f9b-9e3e-e4a48b3eda51:0.0.0.0:44706, 54aabb14-4a7d-4ab3-adbe-2e67760b87f4:0.0.0.0:43074, c652e2ee-3322-4406-8db6-1ea643cb3197:0.0.0.0:42129], old=null
2019-10-18 11:24:31,442 [grpc-default-executor-0] INFO  impl.RaftServerImpl (RaftServerImpl.java:setRole(184)) - 54aabb14-4a7d-4ab3-adbe-2e67760b87f4@group-7E32184879DE: changes role from  FOLLOWER to FOLLOWER at term 159 for recognizeCandidate:f535bb4a-cba0-4f9b-9e3e-e4a48b3eda51
2019-10-18 11:24:31,442 [grpc-default-executor-1] INFO  impl.RaftServerImpl (RaftServerImpl.java:setRole(184)) - c652e2ee-3322-4406-8db6-1ea643cb3197@group-7E32184879DE: changes role from  FOLLOWER to FOLLOWER at term 159 for recognizeCandidate:f535bb4a-cba0-4f9b-9e3e-e4a48b3eda51
2019-10-18 11:24:31,443 [grpc-default-executor-0] INFO  impl.RoleInfo (RoleInfo.java:shutdownFollowerState(121)) - 54aabb14-4a7d-4ab3-adbe-2e67760b87f4: shutdown FollowerState
2019-10-18 11:24:31,443 [grpc-default-executor-1] INFO  impl.RoleInfo (RoleInfo.java:shutdownFollowerState(121)) - c652e2ee-3322-4406-8db6-1ea643cb3197: shutdown FollowerState
2019-10-18 11:24:31,443 [Thread-963] INFO  impl.FollowerState (FollowerState.java:run(117)) - 54aabb14-4a7d-4ab3-adbe-2e67760b87f4@group-7E32184879DE-FollowerState was interrupted: java.lang.InterruptedException: sleep interrupted
2019-10-18 11:24:31,443 [grpc-default-executor-0] INFO  impl.RoleInfo (RoleInfo.java:updateAndGet(143)) - 54aabb14-4a7d-4ab3-adbe-2e67760b87f4: start FollowerState
2019-10-18 11:24:31,443 [Thread-964] INFO  impl.FollowerState (FollowerState.java:run(117)) - c652e2ee-3322-4406-8db6-1ea643cb3197@group-7E32184879DE-FollowerState was interrupted: java.lang.InterruptedException: sleep interrupted
2019-10-18 11:24:31,443 [grpc-default-executor-1] INFO  impl.RoleInfo (RoleInfo.java:updateAndGet(143)) - c652e2ee-3322-4406-8db6-1ea643cb3197: start FollowerState
2019-10-18 11:24:31,466 [f535bb4a-cba0-4f9b-9e3e-e4a48b3eda51@group-7E32184879DE-LeaderElection131] INFO  impl.LeaderElection (LeaderElection.java:logAndReturn(56)) - f535bb4a-cba0-4f9b-9e3e-e4a48b3eda51@group-7E32184879DE-LeaderElection131: Election REJECTED; received 2 response(s) [f535bb4a-cba0-4f9b-9e3e-e4a48b3eda51<-54aabb14-4a7d-4ab3-adbe-2e67760b87f4#0:FAIL-t159, f535bb4a-cba0-4f9b-9e3e-e4a48b3eda51<-c652e2ee-3322-4406-8db6-1ea643cb3197#0:FAIL-t159] and 0 exception(s); f535bb4a-cba0-4f9b-9e3e-e4a48b3eda51@group-7E32184879DE:t159, leader=null, voted=f535bb4a-cba0-4f9b-9e3e-e4a48b3eda51, raftlog=f535bb4a-cba0-4f9b-9e3e-e4a48b3eda51@group-7E32184879DE-SegmentedRaftLog:OPENED:c-1,f-1,i0, conf=-1: [f535bb4a-cba0-4f9b-9e3e-e4a48b3eda51:0.0.0.0:44706, 54aabb14-4a7d-4ab3-adbe-2e67760b87f4:0.0.0.0:43074, c652e2ee-3322-4406-8db6-1ea643cb3197:0.0.0.0:42129], old=null
2019-10-18 11:24:31,467 [f535bb4a-cba0-4f9b-9e3e-e4a48b3eda51@group-7E32184879DE-LeaderElection131] INFO  impl.RaftServerImpl (RaftServerImpl.java:setRole(184)) - f535bb4a-cba0-4f9b-9e3e-e4a48b3eda51@group-7E32184879DE: changes role from CANDIDATE to FOLLOWER at term 159 for DISCOVERED_A_NEW_TERM
2019-10-18 11:24:31,467 [f535bb4a-cba0-4f9b-9e3e-e4a48b3eda51@group-7E32184879DE-LeaderElection131] INFO  impl.RoleInfo (RoleInfo.java:shutdownLeaderElection(134)) - f535bb4a-cba0-4f9b-9e3e-e4a48b3eda51: shutdown LeaderElection
2019-10-18 11:24:31,467 [f535bb4a-cba0-4f9b-9e3e-e4a48b3eda51@group-7E32184879DE-LeaderElection131] INFO  impl.RoleInfo (RoleInfo.java:updateAndGet(143)) - f535bb4a-cba0-4f9b-9e3e-e4a48b3eda51: start FollowerState
2019-10-18 11:24:31,605 [Thread-971] INFO  impl.FollowerState (FollowerState.java:run(108)) - f535bb4a-cba0-4f9b-9e3e-e4a48b3eda51@group-7E32184879DE-FollowerState: change to CANDIDATE, lastRpcTime:138ms, electionTimeout:138ms
2019-10-18 11:24:31,605 [Thread-971] INFO  impl.RoleInfo (RoleInfo.java:shutdownFollowerState(121)) - f535bb4a-cba0-4f9b-9e3e-e4a48b3eda51: shutdown FollowerState
2019-10-18 11:24:31,605 [Thread-971] INFO  impl.RaftServerImpl (RaftServerImpl.java:setRole(184)) - f535bb4a-cba0-4f9b-9e3e-e4a48b3eda51@group-7E32184879DE: changes role from  FOLLOWER to CANDIDATE at term 159 for changeToCandidate
2019-10-18 11:24:31,606 [Thread-971] INFO  impl.RoleInfo (RoleInfo.java:updateAndGet(143)) - f535bb4a-cba0-4f9b-9e3e-e4a48b3eda51: start LeaderElection
2019-10-18 11:24:31,633 [f535bb4a-cba0-4f9b-9e3e-e4a48b3eda51@group-7E32184879DE-LeaderElection132] INFO  impl.LeaderElection (LeaderElection.java:askForVotes(178)) - f535bb4a-cba0-4f9b-9e3e-e4a48b3eda51@group-7E32184879DE-LeaderElection132: begin an election at term 160 for -1: [f535bb4a-cba0-4f9b-9e3e-e4a48b3eda51:0.0.0.0:44706, 54aabb14-4a7d-4ab3-adbe-2e67760b87f4:0.0.0.0:43074, c652e2ee-3322-4406-8db6-1ea643cb3197:0.0.0.0:42129], old=null
2019-10-18 11:24:31,635 [grpc-default-executor-0] INFO  impl.RaftServerImpl (RaftServerImpl.java:setRole(184)) - c652e2ee-3322-4406-8db6-1ea643cb3197@group-7E32184879DE: changes role from  FOLLOWER to FOLLOWER at term 160 for recognizeCandidate:f535bb4a-cba0-4f9b-9e3e-e4a48b3eda51
2019-10-18 11:24:31,635 [grpc-default-executor-1] INFO  impl.RaftServerImpl (RaftServerImpl.java:setRole(184)) - 54aabb14-4a7d-4ab3-adbe-2e67760b87f4@group-7E32184879DE: changes role from  FOLLOWER to FOLLOWER at term 160 for recognizeCandidate:f535bb4a-cba0-4f9b-9e3e-e4a48b3eda51
2019-10-18 11:24:31,635 [grpc-default-executor-0] INFO  impl.RoleInfo (RoleInfo.java:shutdownFollowerState(121)) - c652e2ee-3322-4406-8db6-1ea643cb3197: shutdown FollowerState
2019-10-18 11:24:31,635 [grpc-default-executor-1] INFO  impl.RoleInfo (RoleInfo.java:shutdownFollowerState(121)) - 54aabb14-4a7d-4ab3-adbe-2e67760b87f4: shutdown FollowerState
2019-10-18 11:24:31,635 [grpc-default-executor-0] INFO  impl.RoleInfo (RoleInfo.java:updateAndGet(143)) - c652e2ee-3322-4406-8db6-1ea643cb3197: start FollowerState
2019-10-18 11:24:31,635 [Thread-970] INFO  impl.FollowerState (FollowerState.java:run(117)) - c652e2ee-3322-4406-8db6-1ea643cb3197@group-7E32184879DE-FollowerState was interrupted: java.lang.InterruptedException: sleep interrupted
2019-10-18 11:24:31,635 [grpc-default-executor-1] INFO  impl.RoleInfo (RoleInfo.java:updateAndGet(143)) - 54aabb14-4a7d-4ab3-adbe-2e67760b87f4: start FollowerState
2019-10-18 11:24:31,635 [Thread-969] INFO  impl.FollowerState (FollowerState.java:run(117)) - 54aabb14-4a7d-4ab3-adbe-2e67760b87f4@group-7E32184879DE-FollowerState was interrupted: java.lang.InterruptedException: sleep interrupted
2019-10-18 11:24:31,650 [f535bb4a-cba0-4f9b-9e3e-e4a48b3eda51@group-7E32184879DE-LeaderElection132] INFO  impl.LeaderElection (LeaderElection.java:logAndReturn(56)) - f535bb4a-cba0-4f9b-9e3e-e4a48b3eda51@group-7E32184879DE-LeaderElection132: Election REJECTED; received 2 response(s) [f535bb4a-cba0-4f9b-9e3e-e4a48b3eda51<-54aabb14-4a7d-4ab3-adbe-2e67760b87f4#0:FAIL-t160, f535bb4a-cba0-4f9b-9e3e-e4a48b3eda51<-c652e2ee-3322-4406-8db6-1ea643cb3197#0:FAIL-t160] and 0 exception(s); f535bb4a-cba0-4f9b-9e3e-e4a48b3eda51@group-7E32184879DE:t160, leader=null, voted=f535bb4a-cba0-4f9b-9e3e-e4a48b3eda51, raftlog=f535bb4a-cba0-4f9b-9e3e-e4a48b3eda51@group-7E32184879DE-SegmentedRaftLog:OPENED:c-1,f-1,i0, conf=-1: [f535bb4a-cba0-4f9b-9e3e-e4a48b3eda51:0.0.0.0:44706, 54aabb14-4a7d-4ab3-adbe-2e67760b87f4:0.0.0.0:43074, c652e2ee-3322-4406-8db6-1ea643cb3197:0.0.0.0:42129], old=null
2019-10-18 11:24:31,651 [f535bb4a-cba0-4f9b-9e3e-e4a48b3eda51@group-7E32184879DE-LeaderElection132] INFO  impl.RaftServerImpl (RaftServerImpl.java:setRole(184)) - f535bb4a-cba0-4f9b-9e3e-e4a48b3eda51@group-7E32184879DE: changes role from CANDIDATE to FOLLOWER at term 160 for DISCOVERED_A_NEW_TERM
2019-10-18 11:24:31,651 [f535bb4a-cba0-4f9b-9e3e-e4a48b3eda51@group-7E32184879DE-LeaderElection132] INFO  impl.RoleInfo (RoleInfo.java:shutdownLeaderElection(134)) - f535bb4a-cba0-4f9b-9e3e-e4a48b3eda51: shutdown LeaderElection
2019-10-18 11:24:31,651 [f535bb4a-cba0-4f9b-9e3e-e4a48b3eda51@group-7E32184879DE-LeaderElection132] INFO  impl.RoleInfo (RoleInfo.java:updateAndGet(143)) - f535bb4a-cba0-4f9b-9e3e-e4a48b3eda51: start FollowerState
2019-10-18 11:24:31,841 [Thread-977] INFO  impl.FollowerState (FollowerState.java:run(108)) - f535bb4a-cba0-4f9b-9e3e-e4a48b3eda51@group-7E32184879DE-FollowerState: change to CANDIDATE, lastRpcTime:190ms, electionTimeout:190ms
2019-10-18 11:24:31,841 [Thread-977] INFO  impl.RoleInfo (RoleInfo.java:shutdownFollowerState(121)) - f535bb4a-cba0-4f9b-9e3e-e4a48b3eda51: shutdown FollowerState
2019-10-18 11:24:31,842 [Thread-977] INFO  impl.RaftServerImpl (RaftServerImpl.java:setRole(184)) - f535bb4a-cba0-4f9b-9e3e-e4a48b3eda51@group-7E32184879DE: changes role from  FOLLOWER to CANDIDATE at term 160 for changeToCandidate
2019-10-18 11:24:31,842 [Thread-977] INFO  impl.RoleInfo (RoleInfo.java:updateAndGet(143)) - f535bb4a-cba0-4f9b-9e3e-e4a48b3eda51: start LeaderElection
2019-10-18 11:24:31,867 [f535bb4a-cba0-4f9b-9e3e-e4a48b3eda51@group-7E32184879DE-LeaderElection133] INFO  impl.LeaderElection (LeaderElection.java:askForVotes(178)) - f535bb4a-cba0-4f9b-9e3e-e4a48b3eda51@group-7E32184879DE-LeaderElection133: begin an election at term 161 for -1: [f535bb4a-cba0-4f9b-9e3e-e4a48b3eda51:0.0.0.0:44706, 54aabb14-4a7d-4ab3-adbe-2e67760b87f4:0.0.0.0:43074, c652e2ee-3322-4406-8db6-1ea643cb3197:0.0.0.0:42129], old=null
2019-10-18 11:24:31,869 [grpc-default-executor-0] INFO  impl.RaftServerImpl (RaftServerImpl.java:setRole(184)) - 54aabb14-4a7d-4ab3-adbe-2e67760b87f4@group-7E32184879DE: changes role from  FOLLOWER to FOLLOWER at term 161 for recognizeCandidate:f535bb4a-cba0-4f9b-9e3e-e4a48b3eda51
2019-10-18 11:24:31,869 [grpc-default-executor-1] INFO  impl.RaftServerImpl (RaftServerImpl.java:setRole(184)) - c652e2ee-3322-4406-8db6-1ea643cb3197@group-7E32184879DE: changes role from  FOLLOWER to FOLLOWER at term 161 for recognizeCandidate:f535bb4a-cba0-4f9b-9e3e-e4a48b3eda51
2019-10-18 11:24:31,869 [grpc-default-executor-0] INFO  impl.RoleInfo (RoleInfo.java:shutdownFollowerState(121)) - 54aabb14-4a7d-4ab3-adbe-2e67760b87f4: shutdown FollowerState
2019-10-18 11:24:31,869 [grpc-default-executor-1] INFO  impl.RoleInfo (RoleInfo.java:shutdownFollowerState(121)) - c652e2ee-3322-4406-8db6-1ea643cb3197: shutdown FollowerState
2019-10-18 11:24:31,869 [Thread-976] INFO  impl.FollowerState (FollowerState.java:run(117)) - 54aabb14-4a7d-4ab3-adbe-2e67760b87f4@group-7E32184879DE-FollowerState was interrupted: java.lang.InterruptedException: sleep interrupted
2019-10-18 11:24:31,869 [grpc-default-executor-0] INFO  impl.RoleInfo (RoleInfo.java:updateAndGet(143)) - 54aabb14-4a7d-4ab3-adbe-2e67760b87f4: start FollowerState
2019-10-18 11:24:31,870 [Thread-975] INFO  impl.FollowerState (FollowerState.java:run(117)) - c652e2ee-3322-4406-8db6-1ea643cb3197@group-7E32184879DE-FollowerState was interrupted: java.lang.InterruptedException: sleep interrupted
2019-10-18 11:24:31,870 [grpc-default-executor-1] INFO  impl.RoleInfo (RoleInfo.java:updateAndGet(143)) - c652e2ee-3322-4406-8db6-1ea643cb3197: start FollowerState
2019-10-18 11:24:31,893 [f535bb4a-cba0-4f9b-9e3e-e4a48b3eda51@group-7E32184879DE-LeaderElection133] INFO  impl.LeaderElection (LeaderElection.java:logAndReturn(56)) - f535bb4a-cba0-4f9b-9e3e-e4a48b3eda51@group-7E32184879DE-LeaderElection133: Election REJECTED; received 2 response(s) [f535bb4a-cba0-4f9b-9e3e-e4a48b3eda51<-54aabb14-4a7d-4ab3-adbe-2e67760b87f4#0:FAIL-t161, f535bb4a-cba0-4f9b-9e3e-e4a48b3eda51<-c652e2ee-3322-4406-8db6-1ea643cb3197#0:FAIL-t161] and 0 exception(s); f535bb4a-cba0-4f9b-9e3e-e4a48b3eda51@group-7E32184879DE:t161, leader=null, voted=f535bb4a-cba0-4f9b-9e3e-e4a48b3eda51, raftlog=f535bb4a-cba0-4f9b-9e3e-e4a48b3eda51@group-7E32184879DE-SegmentedRaftLog:OPENED:c-1,f-1,i0, conf=-1: [f535bb4a-cba0-4f9b-9e3e-e4a48b3eda51:0.0.0.0:44706, 54aabb14-4a7d-4ab3-adbe-2e67760b87f4:0.0.0.0:43074, c652e2ee-3322-4406-8db6-1ea643cb3197:0.0.0.0:42129], old=null
2019-10-18 11:24:31,893 [f535bb4a-cba0-4f9b-9e3e-e4a48b3eda51@group-7E32184879DE-LeaderElection133] INFO  impl.RaftServerImpl (RaftServerImpl.java:setRole(184)) - f535bb4a-cba0-4f9b-9e3e-e4a48b3eda51@group-7E32184879DE: changes role from CANDIDATE to FOLLOWER at term 161 for DISCOVERED_A_NEW_TERM
2019-10-18 11:24:31,893 [f535bb4a-cba0-4f9b-9e3e-e4a48b3eda51@group-7E32184879DE-LeaderElection133] INFO  impl.RoleInfo (RoleInfo.java:shutdownLeaderElection(134)) - f535bb4a-cba0-4f9b-9e3e-e4a48b3eda51: shutdown LeaderElection
2019-10-18 11:24:31,894 [f535bb4a-cba0-4f9b-9e3e-e4a48b3eda51@group-7E32184879DE-LeaderElection133] INFO  impl.RoleInfo (RoleInfo.java:updateAndGet(143)) - f535bb4a-cba0-4f9b-9e3e-e4a48b3eda51: start FollowerState
2019-10-18 11:24:32,036 [Thread-983] INFO  impl.FollowerState (FollowerState.java:run(108)) - f535bb4a-cba0-4f9b-9e3e-e4a48b3eda51@group-7E32184879DE-FollowerState: change to CANDIDATE, lastRpcTime:142ms, electionTimeout:142ms
2019-10-18 11:24:32,036 [Thread-983] INFO  impl.RoleInfo (RoleInfo.java:shutdownFollowerState(121)) - f535bb4a-cba0-4f9b-9e3e-e4a48b3eda51: shutdown FollowerState
2019-10-18 11:24:32,036 [Thread-983] INFO  impl.RaftServerImpl (RaftServerImpl.java:setRole(184)) - f535bb4a-cba0-4f9b-9e3e-e4a48b3eda51@group-7E32184879DE: changes role from  FOLLOWER to CANDIDATE at term 161 for changeToCandidate
2019-10-18 11:24:32,037 [Thread-983] INFO  impl.RoleInfo (RoleInfo.java:updateAndGet(143)) - f535bb4a-cba0-4f9b-9e3e-e4a48b3eda51: start LeaderElection
2019-10-18 11:24:32,068 [f535bb4a-cba0-4f9b-9e3e-e4a48b3eda51@group-7E32184879DE-LeaderElection134] INFO  impl.LeaderElection (LeaderElection.java:askForVotes(178)) - f535bb4a-cba0-4f9b-9e3e-e4a48b3eda51@group-7E32184879DE-LeaderElection134: begin an election at term 162 for -1: [f535bb4a-cba0-4f9b-9e3e-e4a48b3eda51:0.0.0.0:44706, 54aabb14-4a7d-4ab3-adbe-2e67760b87f4:0.0.0.0:43074, c652e2ee-3322-4406-8db6-1ea643cb3197:0.0.0.0:42129], old=null
2019-10-18 11:24:32,070 [grpc-default-executor-0] INFO  impl.RaftServerImpl (RaftServerImpl.java:setRole(184)) - c652e2ee-3322-4406-8db6-1ea643cb3197@group-7E32184879DE: changes role from  FOLLOWER to FOLLOWER at term 162 for recognizeCandidate:f535bb4a-cba0-4f9b-9e3e-e4a48b3eda51
2019-10-18 11:24:32,070 [grpc-default-executor-1] INFO  impl.RaftServerImpl (RaftServerImpl.java:setRole(184)) - 54aabb14-4a7d-4ab3-adbe-2e67760b87f4@group-7E32184879DE: changes role from  FOLLOWER to FOLLOWER at term 162 for recognizeCandidate:f535bb4a-cba0-4f9b-9e3e-e4a48b3eda51
2019-10-18 11:24:32,071 [grpc-default-executor-0] INFO  impl.RoleInfo (RoleInfo.java:shutdownFollowerState(121)) - c652e2ee-3322-4406-8db6-1ea643cb3197: shutdown FollowerState
2019-10-18 11:24:32,071 [grpc-default-executor-1] INFO  impl.RoleInfo (RoleInfo.java:shutdownFollowerState(121)) - 54aabb14-4a7d-4ab3-adbe-2e67760b87f4: shutdown FollowerState
2019-10-18 11:24:32,071 [Thread-982] INFO  impl.FollowerState (FollowerState.java:run(117)) - c652e2ee-3322-4406-8db6-1ea643cb3197@group-7E32184879DE-FollowerState was interrupted: java.lang.InterruptedException: sleep interrupted
2019-10-18 11:24:32,071 [grpc-default-executor-0] INFO  impl.RoleInfo (RoleInfo.java:updateAndGet(143)) - c652e2ee-3322-4406-8db6-1ea643cb3197: start FollowerState
2019-10-18 11:24:32,071 [Thread-981] INFO  impl.FollowerState (FollowerState.java:run(117)) - 54aabb14-4a7d-4ab3-adbe-2e67760b87f4@group-7E32184879DE-FollowerState was interrupted: java.lang.InterruptedException: sleep interrupted
2019-10-18 11:24:32,071 [grpc-default-executor-1] INFO  impl.RoleInfo (RoleInfo.java:updateAndGet(143)) - 54aabb14-4a7d-4ab3-adbe-2e67760b87f4: start FollowerState
2019-10-18 11:24:32,094 [f535bb4a-cba0-4f9b-9e3e-e4a48b3eda51@group-7E32184879DE-LeaderElection134] INFO  impl.LeaderElection (LeaderElection.java:logAndReturn(56)) - f535bb4a-cba0-4f9b-9e3e-e4a48b3eda51@group-7E32184879DE-LeaderElection134: Election REJECTED; received 2 response(s) [f535bb4a-cba0-4f9b-9e3e-e4a48b3eda51<-54aabb14-4a7d-4ab3-adbe-2e67760b87f4#0:FAIL-t162, f535bb4a-cba0-4f9b-9e3e-e4a48b3eda51<-c652e2ee-3322-4406-8db6-1ea643cb3197#0:FAIL-t162] and 0 exception(s); f535bb4a-cba0-4f9b-9e3e-e4a48b3eda51@group-7E32184879DE:t162, leader=null, voted=f535bb4a-cba0-4f9b-9e3e-e4a48b3eda51, raftlog=f535bb4a-cba0-4f9b-9e3e-e4a48b3eda51@group-7E32184879DE-SegmentedRaftLog:OPENED:c-1,f-1,i0, conf=-1: [f535bb4a-cba0-4f9b-9e3e-e4a48b3eda51:0.0.0.0:44706, 54aabb14-4a7d-4ab3-adbe-2e67760b87f4:0.0.0.0:43074, c652e2ee-3322-4406-8db6-1ea643cb3197:0.0.0.0:42129], old=null
2019-10-18 11:24:32,094 [f535bb4a-cba0-4f9b-9e3e-e4a48b3eda51@group-7E32184879DE-LeaderElection134] INFO  impl.RaftServerImpl (RaftServerImpl.java:setRole(184)) - f535bb4a-cba0-4f9b-9e3e-e4a48b3eda51@group-7E32184879DE: changes role from CANDIDATE to FOLLOWER at term 162 for DISCOVERED_A_NEW_TERM
2019-10-18 11:24:32,094 [f535bb4a-cba0-4f9b-9e3e-e4a48b3eda51@group-7E32184879DE-LeaderElection134] INFO  impl.RoleInfo (RoleInfo.java:shutdownLeaderElection(134)) - f535bb4a-cba0-4f9b-9e3e-e4a48b3eda51: shutdown LeaderElection
2019-10-18 11:24:32,095 [f535bb4a-cba0-4f9b-9e3e-e4a48b3eda51@group-7E32184879DE-LeaderElection134] INFO  impl.RoleInfo (RoleInfo.java:updateAndGet(143)) - f535bb4a-cba0-4f9b-9e3e-e4a48b3eda51: start FollowerState
2019-10-18 11:24:32,158 [Thread-989] INFO  impl.FollowerState (FollowerState.java:run(108)) - f535bb4a-cba0-4f9b-9e3e-e4a48b3eda51@group-7E32184879DE-FollowerState: change to CANDIDATE, lastRpcTime:63ms, electionTimeout:62ms
2019-10-18 11:24:32,158 [Thread-989] INFO  impl.RoleInfo (RoleInfo.java:shutdownFollowerState(121)) - f535bb4a-cba0-4f9b-9e3e-e4a48b3eda51: shutdown FollowerState
2019-10-18 11:24:32,158 [Thread-989] INFO  impl.RaftServerImpl (RaftServerImpl.java:setRole(184)) - f535bb4a-cba0-4f9b-9e3e-e4a48b3eda51@group-7E32184879DE: changes role from  FOLLOWER to CANDIDATE at term 162 for changeToCandidate
2019-10-18 11:24:32,159 [Thread-989] INFO  impl.RoleInfo (RoleInfo.java:updateAndGet(143)) - f535bb4a-cba0-4f9b-9e3e-e4a48b3eda51: start LeaderElection
2019-10-18 11:24:32,185 [f535bb4a-cba0-4f9b-9e3e-e4a48b3eda51@group-7E32184879DE-LeaderElection135] INFO  impl.LeaderElection (LeaderElection.java:askForVotes(178)) - f535bb4a-cba0-4f9b-9e3e-e4a48b3eda51@group-7E32184879DE-LeaderElection135: begin an election at term 163 for -1: [f535bb4a-cba0-4f9b-9e3e-e4a48b3eda51:0.0.0.0:44706, 54aabb14-4a7d-4ab3-adbe-2e67760b87f4:0.0.0.0:43074, c652e2ee-3322-4406-8db6-1ea643cb3197:0.0.0.0:42129], old=null
2019-10-18 11:24:32,189 [grpc-default-executor-1] INFO  impl.RaftServerImpl (RaftServerImpl.java:setRole(184)) - c652e2ee-3322-4406-8db6-1ea643cb3197@group-7E32184879DE: changes role from  FOLLOWER to FOLLOWER at term 163 for recognizeCandidate:f535bb4a-cba0-4f9b-9e3e-e4a48b3eda51
2019-10-18 11:24:32,189 [grpc-default-executor-0] INFO  impl.RaftServerImpl (RaftServerImpl.java:setRole(184)) - 54aabb14-4a7d-4ab3-adbe-2e67760b87f4@group-7E32184879DE: changes role from  FOLLOWER to FOLLOWER at term 163 for recognizeCandidate:f535bb4a-cba0-4f9b-9e3e-e4a48b3eda51
2019-10-18 11:24:32,189 [grpc-default-executor-1] INFO  impl.RoleInfo (RoleInfo.java:shutdownFollowerState(121)) - c652e2ee-3322-4406-8db6-1ea643cb3197: shutdown FollowerState
2019-10-18 11:24:32,189 [grpc-default-executor-0] INFO  impl.RoleInfo (RoleInfo.java:shutdownFollowerState(121)) - 54aabb14-4a7d-4ab3-adbe-2e67760b87f4: shutdown FollowerState
2019-10-18 11:24:32,189 [grpc-default-executor-0] INFO  impl.RoleInfo (RoleInfo.java:updateAndGet(143)) - 54aabb14-4a7d-4ab3-adbe-2e67760b87f4: start FollowerState
2019-10-18 11:24:32,189 [Thread-987] INFO  impl.FollowerState (FollowerState.java:run(117)) - c652e2ee-3322-4406-8db6-1ea643cb3197@group-7E32184879DE-FollowerState was interrupted: java.lang.InterruptedException: sleep interrupted
2019-10-18 11:24:32,189 [grpc-default-executor-1] INFO  impl.RoleInfo (RoleInfo.java:updateAndGet(143)) - c652e2ee-3322-4406-8db6-1ea643cb3197: start FollowerState
2019-10-18 11:24:32,190 [Thread-988] INFO  impl.FollowerState (FollowerState.java:run(117)) - 54aabb14-4a7d-4ab3-adbe-2e67760b87f4@group-7E32184879DE-FollowerState was interrupted: java.lang.InterruptedException: sleep interrupted
2019-10-18 11:24:32,221 [f535bb4a-cba0-4f9b-9e3e-e4a48b3eda51@group-7E32184879DE-LeaderElection135] INFO  impl.LeaderElection (LeaderElection.java:logAndReturn(56)) - f535bb4a-cba0-4f9b-9e3e-e4a48b3eda51@group-7E32184879DE-LeaderElection135: Election REJECTED; received 2 response(s) [f535bb4a-cba0-4f9b-9e3e-e4a48b3eda51<-54aabb14-4a7d-4ab3-adbe-2e67760b87f4#0:FAIL-t163, f535bb4a-cba0-4f9b-9e3e-e4a48b3eda51<-c652e2ee-3322-4406-8db6-1ea643cb3197#0:FAIL-t163] and 0 exception(s); f535bb4a-cba0-4f9b-9e3e-e4a48b3eda51@group-7E32184879DE:t163, leader=null, voted=f535bb4a-cba0-4f9b-9e3e-e4a48b3eda51, raftlog=f535bb4a-cba0-4f9b-9e3e-e4a48b3eda51@group-7E32184879DE-SegmentedRaftLog:OPENED:c-1,f-1,i0, conf=-1: [f535bb4a-cba0-4f9b-9e3e-e4a48b3eda51:0.0.0.0:44706, 54aabb14-4a7d-4ab3-adbe-2e67760b87f4:0.0.0.0:43074, c652e2ee-3322-4406-8db6-1ea643cb3197:0.0.0.0:42129], old=null
2019-10-18 11:24:32,221 [f535bb4a-cba0-4f9b-9e3e-e4a48b3eda51@group-7E32184879DE-LeaderElection135] INFO  impl.RaftServerImpl (RaftServerImpl.java:setRole(184)) - f535bb4a-cba0-4f9b-9e3e-e4a48b3eda51@group-7E32184879DE: changes role from CANDIDATE to FOLLOWER at term 163 for DISCOVERED_A_NEW_TERM
2019-10-18 11:24:32,221 [f535bb4a-cba0-4f9b-9e3e-e4a48b3eda51@group-7E32184879DE-LeaderElection135] INFO  impl.RoleInfo (RoleInfo.java:shutdownLeaderElection(134)) - f535bb4a-cba0-4f9b-9e3e-e4a48b3eda51: shutdown LeaderElection
2019-10-18 11:24:32,221 [f535bb4a-cba0-4f9b-9e3e-e4a48b3eda51@group-7E32184879DE-LeaderElection135] INFO  impl.RoleInfo (RoleInfo.java:updateAndGet(143)) - f535bb4a-cba0-4f9b-9e3e-e4a48b3eda51: start FollowerState
2019-10-18 11:24:32,317 [Thread-997] INFO  impl.FollowerState (FollowerState.java:run(108)) - f535bb4a-cba0-4f9b-9e3e-e4a48b3eda51@group-7E32184879DE-FollowerState: change to CANDIDATE, lastRpcTime:95ms, electionTimeout:95ms
2019-10-18 11:24:32,317 [Thread-997] INFO  impl.RoleInfo (RoleInfo.java:shutdownFollowerState(121)) - f535bb4a-cba0-4f9b-9e3e-e4a48b3eda51: shutdown FollowerState
2019-10-18 11:24:32,317 [Thread-997] INFO  impl.RaftServerImpl (RaftServerImpl.java:setRole(184)) - f535bb4a-cba0-4f9b-9e3e-e4a48b3eda51@group-7E32184879DE: changes role from  FOLLOWER to CANDIDATE at term 163 for changeToCandidate
2019-10-18 11:24:32,318 [Thread-997] INFO  impl.RoleInfo (RoleInfo.java:updateAndGet(143)) - f535bb4a-cba0-4f9b-9e3e-e4a48b3eda51: start LeaderElection
2019-10-18 11:24:32,345 [f535bb4a-cba0-4f9b-9e3e-e4a48b3eda51@group-7E32184879DE-LeaderElection136] INFO  impl.LeaderElection (LeaderElection.java:askForVotes(178)) - f535bb4a-cba0-4f9b-9e3e-e4a48b3eda51@group-7E32184879DE-LeaderElection136: begin an election at term 164 for -1: [f535bb4a-cba0-4f9b-9e3e-e4a48b3eda51:0.0.0.0:44706, 54aabb14-4a7d-4ab3-adbe-2e67760b87f4:0.0.0.0:43074, c652e2ee-3322-4406-8db6-1ea643cb3197:0.0.0.0:42129], old=null
2019-10-18 11:24:32,348 [grpc-default-executor-1] INFO  impl.RaftServerImpl (RaftServerImpl.java:setRole(184)) - 54aabb14-4a7d-4ab3-adbe-2e67760b87f4@group-7E32184879DE: changes role from  FOLLOWER to FOLLOWER at term 164 for recognizeCandidate:f535bb4a-cba0-4f9b-9e3e-e4a48b3eda51
2019-10-18 11:24:32,348 [grpc-default-executor-0] INFO  impl.RaftServerImpl (RaftServerImpl.java:setRole(184)) - c652e2ee-3322-4406-8db6-1ea643cb3197@group-7E32184879DE: changes role from  FOLLOWER to FOLLOWER at term 164 for recognizeCandidate:f535bb4a-cba0-4f9b-9e3e-e4a48b3eda51
2019-10-18 11:24:32,348 [grpc-default-executor-1] INFO  impl.RoleInfo (RoleInfo.java:shutdownFollowerState(121)) - 54aabb14-4a7d-4ab3-adbe-2e67760b87f4: shutdown FollowerState
2019-10-18 11:24:32,348 [grpc-default-executor-0] INFO  impl.RoleInfo (RoleInfo.java:shutdownFollowerState(121)) - c652e2ee-3322-4406-8db6-1ea643cb3197: shutdown FollowerState
2019-10-18 11:24:32,348 [Thread-996] INFO  impl.FollowerState (FollowerState.java:run(117)) - 54aabb14-4a7d-4ab3-adbe-2e67760b87f4@group-7E32184879DE-FollowerState was interrupted: java.lang.InterruptedException: sleep interrupted
2019-10-18 11:24:32,348 [grpc-default-executor-1] INFO  impl.RoleInfo (RoleInfo.java:updateAndGet(143)) - 54aabb14-4a7d-4ab3-adbe-2e67760b87f4: start FollowerState
2019-10-18 11:24:32,349 [Thread-995] INFO  impl.FollowerState (FollowerState.java:run(117)) - c652e2ee-3322-4406-8db6-1ea643cb3197@group-7E32184879DE-FollowerState was interrupted: java.lang.InterruptedException: sleep interrupted
2019-10-18 11:24:32,349 [grpc-default-executor-0] INFO  impl.RoleInfo (RoleInfo.java:updateAndGet(143)) - c652e2ee-3322-4406-8db6-1ea643cb3197: start FollowerState
2019-10-18 11:24:32,371 [f535bb4a-cba0-4f9b-9e3e-e4a48b3eda51@group-7E32184879DE-LeaderElection136] INFO  impl.LeaderElection (LeaderElection.java:logAndReturn(56)) - f535bb4a-cba0-4f9b-9e3e-e4a48b3eda51@group-7E32184879DE-LeaderElection136: Election REJECTED; received 2 response(s) [f535bb4a-cba0-4f9b-9e3e-e4a48b3eda51<-54aabb14-4a7d-4ab3-adbe-2e67760b87f4#0:FAIL-t164, f535bb4a-cba0-4f9b-9e3e-e4a48b3eda51<-c652e2ee-3322-4406-8db6-1ea643cb3197#0:FAIL-t164] and 0 exception(s); f535bb4a-cba0-4f9b-9e3e-e4a48b3eda51@group-7E32184879DE:t164, leader=null, voted=f535bb4a-cba0-4f9b-9e3e-e4a48b3eda51, raftlog=f535bb4a-cba0-4f9b-9e3e-e4a48b3eda51@group-7E32184879DE-SegmentedRaftLog:OPENED:c-1,f-1,i0, conf=-1: [f535bb4a-cba0-4f9b-9e3e-e4a48b3eda51:0.0.0.0:44706, 54aabb14-4a7d-4ab3-adbe-2e67760b87f4:0.0.0.0:43074, c652e2ee-3322-4406-8db6-1ea643cb3197:0.0.0.0:42129], old=null
2019-10-18 11:24:32,371 [f535bb4a-cba0-4f9b-9e3e-e4a48b3eda51@group-7E32184879DE-LeaderElection136] INFO  impl.RaftServerImpl (RaftServerImpl.java:setRole(184)) - f535bb4a-cba0-4f9b-9e3e-e4a48b3eda51@group-7E32184879DE: changes role from CANDIDATE to FOLLOWER at term 164 for DISCOVERED_A_NEW_TERM
2019-10-18 11:24:32,371 [f535bb4a-cba0-4f9b-9e3e-e4a48b3eda51@group-7E32184879DE-LeaderElection136] INFO  impl.RoleInfo (RoleInfo.java:shutdownLeaderElection(134)) - f535bb4a-cba0-4f9b-9e3e-e4a48b3eda51: shutdown LeaderElection
2019-10-18 11:24:32,372 [f535bb4a-cba0-4f9b-9e3e-e4a48b3eda51@group-7E32184879DE-LeaderElection136] INFO  impl.RoleInfo (RoleInfo.java:updateAndGet(143)) - f535bb4a-cba0-4f9b-9e3e-e4a48b3eda51: start FollowerState
2019-10-18 11:24:32,456 [Thread-1003] INFO  impl.FollowerState (FollowerState.java:run(108)) - f535bb4a-cba0-4f9b-9e3e-e4a48b3eda51@group-7E32184879DE-FollowerState: change to CANDIDATE, lastRpcTime:84ms, electionTimeout:84ms
2019-10-18 11:24:32,456 [Thread-1003] INFO  impl.RoleInfo (RoleInfo.java:shutdownFollowerState(121)) - f535bb4a-cba0-4f9b-9e3e-e4a48b3eda51: shutdown FollowerState
2019-10-18 11:24:32,456 [Thread-1003] INFO  impl.RaftServerImpl (RaftServerImpl.java:setRole(184)) - f535bb4a-cba0-4f9b-9e3e-e4a48b3eda51@group-7E32184879DE: changes role from  FOLLOWER to CANDIDATE at term 164 for changeToCandidate
2019-10-18 11:24:32,457 [Thread-1003] INFO  impl.RoleInfo (RoleInfo.java:updateAndGet(143)) - f535bb4a-cba0-4f9b-9e3e-e4a48b3eda51: start LeaderElection
2019-10-18 11:24:32,479 [f535bb4a-cba0-4f9b-9e3e-e4a48b3eda51@group-7E32184879DE-LeaderElection137] INFO  impl.LeaderElection (LeaderElection.java:askForVotes(178)) - f535bb4a-cba0-4f9b-9e3e-e4a48b3eda51@group-7E32184879DE-LeaderElection137: begin an election at term 165 for -1: [f535bb4a-cba0-4f9b-9e3e-e4a48b3eda51:0.0.0.0:44706, 54aabb14-4a7d-4ab3-adbe-2e67760b87f4:0.0.0.0:43074, c652e2ee-3322-4406-8db6-1ea643cb3197:0.0.0.0:42129], old=null
2019-10-18 11:24:32,481 [grpc-default-executor-1] INFO  impl.RaftServerImpl (RaftServerImpl.java:setRole(184)) - 54aabb14-4a7d-4ab3-adbe-2e67760b87f4@group-7E32184879DE: changes role from  FOLLOWER to FOLLOWER at term 165 for recognizeCandidate:f535bb4a-cba0-4f9b-9e3e-e4a48b3eda51
2019-10-18 11:24:32,482 [grpc-default-executor-0] INFO  impl.RaftServerImpl (RaftServerImpl.java:setRole(184)) - c652e2ee-3322-4406-8db6-1ea643cb3197@group-7E32184879DE: changes role from  FOLLOWER to FOLLOWER at term 165 for recognizeCandidate:f535bb4a-cba0-4f9b-9e3e-e4a48b3eda51
2019-10-18 11:24:32,482 [grpc-default-executor-1] INFO  impl.RoleInfo (RoleInfo.java:shutdownFollowerState(121)) - 54aabb14-4a7d-4ab3-adbe-2e67760b87f4: shutdown FollowerState
2019-10-18 11:24:32,482 [grpc-default-executor-0] INFO  impl.RoleInfo (RoleInfo.java:shutdownFollowerState(121)) - c652e2ee-3322-4406-8db6-1ea643cb3197: shutdown FollowerState
2019-10-18 11:24:32,482 [Thread-1001] INFO  impl.FollowerState (FollowerState.java:run(117)) - 54aabb14-4a7d-4ab3-adbe-2e67760b87f4@group-7E32184879DE-FollowerState was interrupted: java.lang.InterruptedException: sleep interrupted
2019-10-18 11:24:32,482 [grpc-default-executor-1] INFO  impl.RoleInfo (RoleInfo.java:updateAndGet(143)) - 54aabb14-4a7d-4ab3-adbe-2e67760b87f4: start FollowerState
2019-10-18 11:24:32,482 [Thread-1002] INFO  impl.FollowerState (FollowerState.java:run(117)) - c652e2ee-3322-4406-8db6-1ea643cb3197@group-7E32184879DE-FollowerState was interrupted: java.lang.InterruptedException: sleep interrupted
2019-10-18 11:24:32,482 [grpc-default-executor-0] INFO  impl.RoleInfo (RoleInfo.java:updateAndGet(143)) - c652e2ee-3322-4406-8db6-1ea643cb3197: start FollowerState
2019-10-18 11:24:32,505 [f535bb4a-cba0-4f9b-9e3e-e4a48b3eda51@group-7E32184879DE-LeaderElection137] INFO  impl.LeaderElection (LeaderElection.java:logAndReturn(56)) - f535bb4a-cba0-4f9b-9e3e-e4a48b3eda51@group-7E32184879DE-LeaderElection137: Election REJECTED; received 2 response(s) [f535bb4a-cba0-4f9b-9e3e-e4a48b3eda51<-54aabb14-4a7d-4ab3-adbe-2e67760b87f4#0:FAIL-t165, f535bb4a-cba0-4f9b-9e3e-e4a48b3eda51<-c652e2ee-3322-4406-8db6-1ea643cb3197#0:FAIL-t165] and 0 exception(s); f535bb4a-cba0-4f9b-9e3e-e4a48b3eda51@group-7E32184879DE:t165, leader=null, voted=f535bb4a-cba0-4f9b-9e3e-e4a48b3eda51, raftlog=f535bb4a-cba0-4f9b-9e3e-e4a48b3eda51@group-7E32184879DE-SegmentedRaftLog:OPENED:c-1,f-1,i0, conf=-1: [f535bb4a-cba0-4f9b-9e3e-e4a48b3eda51:0.0.0.0:44706, 54aabb14-4a7d-4ab3-adbe-2e67760b87f4:0.0.0.0:43074, c652e2ee-3322-4406-8db6-1ea643cb3197:0.0.0.0:42129], old=null
2019-10-18 11:24:32,505 [f535bb4a-cba0-4f9b-9e3e-e4a48b3eda51@group-7E32184879DE-LeaderElection137] INFO  impl.RaftServerImpl (RaftServerImpl.java:setRole(184)) - f535bb4a-cba0-4f9b-9e3e-e4a48b3eda51@group-7E32184879DE: changes role from CANDIDATE to FOLLOWER at term 165 for DISCOVERED_A_NEW_TERM
2019-10-18 11:24:32,506 [f535bb4a-cba0-4f9b-9e3e-e4a48b3eda51@group-7E32184879DE-LeaderElection137] INFO  impl.RoleInfo (RoleInfo.java:shutdownLeaderElection(134)) - f535bb4a-cba0-4f9b-9e3e-e4a48b3eda51: shutdown LeaderElection
2019-10-18 11:24:32,506 [f535bb4a-cba0-4f9b-9e3e-e4a48b3eda51@group-7E32184879DE-LeaderElection137] INFO  impl.RoleInfo (RoleInfo.java:updateAndGet(143)) - f535bb4a-cba0-4f9b-9e3e-e4a48b3eda51: start FollowerState
2019-10-18 11:24:32,520 [Thread-1009] INFO  impl.FollowerState (FollowerState.java:run(108)) - f535bb4a-cba0-4f9b-9e3e-e4a48b3eda51@group-7E32184879DE-FollowerState: change to CANDIDATE, lastRpcTime:14ms, electionTimeout:14ms
2019-10-18 11:24:32,520 [Thread-1009] INFO  impl.RoleInfo (RoleInfo.java:shutdownFollowerState(121)) - f535bb4a-cba0-4f9b-9e3e-e4a48b3eda51: shutdown FollowerState
2019-10-18 11:24:32,520 [Thread-1009] INFO  impl.RaftServerImpl (RaftServerImpl.java:setRole(184)) - f535bb4a-cba0-4f9b-9e3e-e4a48b3eda51@group-7E32184879DE: changes role from  FOLLOWER to CANDIDATE at term 165 for changeToCandidate
2019-10-18 11:24:32,521 [Thread-1009] INFO  impl.RoleInfo (RoleInfo.java:updateAndGet(143)) - f535bb4a-cba0-4f9b-9e3e-e4a48b3eda51: start LeaderElection
2019-10-18 11:24:32,547 [f535bb4a-cba0-4f9b-9e3e-e4a48b3eda51@group-7E32184879DE-LeaderElection138] INFO  impl.LeaderElection (LeaderElection.java:askForVotes(178)) - f535bb4a-cba0-4f9b-9e3e-e4a48b3eda51@group-7E32184879DE-LeaderElection138: begin an election at term 166 for -1: [f535bb4a-cba0-4f9b-9e3e-e4a48b3eda51:0.0.0.0:44706, 54aabb14-4a7d-4ab3-adbe-2e67760b87f4:0.0.0.0:43074, c652e2ee-3322-4406-8db6-1ea643cb3197:0.0.0.0:42129], old=null
2019-10-18 11:24:32,549 [grpc-default-executor-1] INFO  impl.RaftServerImpl (RaftServerImpl.java:setRole(184)) - c652e2ee-3322-4406-8db6-1ea643cb3197@group-7E32184879DE: changes role from  FOLLOWER to FOLLOWER at term 166 for recognizeCandidate:f535bb4a-cba0-4f9b-9e3e-e4a48b3eda51
2019-10-18 11:24:32,549 [grpc-default-executor-1] INFO  impl.RoleInfo (RoleInfo.java:shutdownFollowerState(121)) - c652e2ee-3322-4406-8db6-1ea643cb3197: shutdown FollowerState
2019-10-18 11:24:32,549 [grpc-default-executor-1] INFO  impl.RoleInfo (RoleInfo.java:updateAndGet(143)) - c652e2ee-3322-4406-8db6-1ea643cb3197: start FollowerState
2019-10-18 11:24:32,549 [grpc-default-executor-0] INFO  impl.RaftServerImpl (RaftServerImpl.java:setRole(184)) - 54aabb14-4a7d-4ab3-adbe-2e67760b87f4@group-7E32184879DE: changes role from  FOLLOWER to FOLLOWER at term 166 for recognizeCandidate:f535bb4a-cba0-4f9b-9e3e-e4a48b3eda51
2019-10-18 11:24:32,549 [grpc-default-executor-0] INFO  impl.RoleInfo (RoleInfo.java:shutdownFollowerState(121)) - 54aabb14-4a7d-4ab3-adbe-2e67760b87f4: shutdown FollowerState
2019-10-18 11:24:32,549 [Thread-1008] INFO  impl.FollowerState (FollowerState.java:run(117)) - c652e2ee-3322-4406-8db6-1ea643cb3197@group-7E32184879DE-FollowerState was interrupted: java.lang.InterruptedException: sleep interrupted
2019-10-18 11:24:32,549 [Thread-1007] INFO  impl.FollowerState (FollowerState.java:run(117)) - 54aabb14-4a7d-4ab3-adbe-2e67760b87f4@group-7E32184879DE-FollowerState was interrupted: java.lang.InterruptedException: sleep interrupted
2019-10-18 11:24:32,549 [grpc-default-executor-0] INFO  impl.RoleInfo (RoleInfo.java:updateAndGet(143)) - 54aabb14-4a7d-4ab3-adbe-2e67760b87f4: start FollowerState
2019-10-18 11:24:32,573 [f535bb4a-cba0-4f9b-9e3e-e4a48b3eda51@group-7E32184879DE-LeaderElection138] INFO  impl.LeaderElection (LeaderElection.java:logAndReturn(56)) - f535bb4a-cba0-4f9b-9e3e-e4a48b3eda51@group-7E32184879DE-LeaderElection138: Election REJECTED; received 2 response(s) [f535bb4a-cba0-4f9b-9e3e-e4a48b3eda51<-54aabb14-4a7d-4ab3-adbe-2e67760b87f4#0:FAIL-t166, f535bb4a-cba0-4f9b-9e3e-e4a48b3eda51<-c652e2ee-3322-4406-8db6-1ea643cb3197#0:FAIL-t166] and 0 exception(s); f535bb4a-cba0-4f9b-9e3e-e4a48b3eda51@group-7E32184879DE:t166, leader=null, voted=f535bb4a-cba0-4f9b-9e3e-e4a48b3eda51, raftlog=f535bb4a-cba0-4f9b-9e3e-e4a48b3eda51@group-7E32184879DE-SegmentedRaftLog:OPENED:c-1,f-1,i0, conf=-1: [f535bb4a-cba0-4f9b-9e3e-e4a48b3eda51:0.0.0.0:44706, 54aabb14-4a7d-4ab3-adbe-2e67760b87f4:0.0.0.0:43074, c652e2ee-3322-4406-8db6-1ea643cb3197:0.0.0.0:42129], old=null
2019-10-18 11:24:32,573 [f535bb4a-cba0-4f9b-9e3e-e4a48b3eda51@group-7E32184879DE-LeaderElection138] INFO  impl.RaftServerImpl (RaftServerImpl.java:setRole(184)) - f535bb4a-cba0-4f9b-9e3e-e4a48b3eda51@group-7E32184879DE: changes role from CANDIDATE to FOLLOWER at term 166 for DISCOVERED_A_NEW_TERM
2019-10-18 11:24:32,573 [f535bb4a-cba0-4f9b-9e3e-e4a48b3eda51@group-7E32184879DE-LeaderElection138] INFO  impl.RoleInfo (RoleInfo.java:shutdownLeaderElection(134)) - f535bb4a-cba0-4f9b-9e3e-e4a48b3eda51: shutdown LeaderElection
2019-10-18 11:24:32,573 [f535bb4a-cba0-4f9b-9e3e-e4a48b3eda51@group-7E32184879DE-LeaderElection138] INFO  impl.RoleInfo (RoleInfo.java:updateAndGet(143)) - f535bb4a-cba0-4f9b-9e3e-e4a48b3eda51: start FollowerState
2019-10-18 11:24:32,772 [Thread-1015] INFO  impl.FollowerState (FollowerState.java:run(108)) - f535bb4a-cba0-4f9b-9e3e-e4a48b3eda51@group-7E32184879DE-FollowerState: change to CANDIDATE, lastRpcTime:198ms, electionTimeout:198ms
2019-10-18 11:24:32,772 [Thread-1015] INFO  impl.RoleInfo (RoleInfo.java:shutdownFollowerState(121)) - f535bb4a-cba0-4f9b-9e3e-e4a48b3eda51: shutdown FollowerState
2019-10-18 11:24:32,772 [Thread-1015] INFO  impl.RaftServerImpl (RaftServerImpl.java:setRole(184)) - f535bb4a-cba0-4f9b-9e3e-e4a48b3eda51@group-7E32184879DE: changes role from  FOLLOWER to CANDIDATE at term 166 for changeToCandidate
2019-10-18 11:24:32,772 [Thread-1015] INFO  impl.RoleInfo (RoleInfo.java:updateAndGet(143)) - f535bb4a-cba0-4f9b-9e3e-e4a48b3eda51: start LeaderElection
2019-10-18 11:24:32,797 [f535bb4a-cba0-4f9b-9e3e-e4a48b3eda51@group-7E32184879DE-LeaderElection139] INFO  impl.LeaderElection (LeaderElection.java:askForVotes(178)) - f535bb4a-cba0-4f9b-9e3e-e4a48b3eda51@group-7E32184879DE-LeaderElection139: begin an election at term 167 for -1: [f535bb4a-cba0-4f9b-9e3e-e4a48b3eda51:0.0.0.0:44706, 54aabb14-4a7d-4ab3-adbe-2e67760b87f4:0.0.0.0:43074, c652e2ee-3322-4406-8db6-1ea643cb3197:0.0.0.0:42129], old=null
2019-10-18 11:24:32,800 [grpc-default-executor-0] INFO  impl.RaftServerImpl (RaftServerImpl.java:setRole(184)) - c652e2ee-3322-4406-8db6-1ea643cb3197@group-7E32184879DE: changes role from  FOLLOWER to FOLLOWER at term 167 for recognizeCandidate:f535bb4a-cba0-4f9b-9e3e-e4a48b3eda51
2019-10-18 11:24:32,800 [grpc-default-executor-1] INFO  impl.RaftServerImpl (RaftServerImpl.java:setRole(184)) - 54aabb14-4a7d-4ab3-adbe-2e67760b87f4@group-7E32184879DE: changes role from  FOLLOWER to FOLLOWER at term 167 for recognizeCandidate:f535bb4a-cba0-4f9b-9e3e-e4a48b3eda51
2019-10-18 11:24:32,800 [grpc-default-executor-0] INFO  impl.RoleInfo (RoleInfo.java:shutdownFollowerState(121)) - c652e2ee-3322-4406-8db6-1ea643cb3197: shutdown FollowerState
2019-10-18 11:24:32,800 [grpc-default-executor-1] INFO  impl.RoleInfo (RoleInfo.java:shutdownFollowerState(121)) - 54aabb14-4a7d-4ab3-adbe-2e67760b87f4: shutdown FollowerState
2019-10-18 11:24:32,800 [Thread-1013] INFO  impl.FollowerState (FollowerState.java:run(117)) - c652e2ee-3322-4406-8db6-1ea643cb3197@group-7E32184879DE-FollowerState was interrupted: java.lang.InterruptedException: sleep interrupted
2019-10-18 11:24:32,800 [grpc-default-executor-0] INFO  impl.RoleInfo (RoleInfo.java:updateAndGet(143)) - c652e2ee-3322-4406-8db6-1ea643cb3197: start FollowerState
2019-10-18 11:24:32,801 [Thread-1014] INFO  impl.FollowerState (FollowerState.java:run(117)) - 54aabb14-4a7d-4ab3-adbe-2e67760b87f4@group-7E32184879DE-FollowerState was interrupted: java.lang.InterruptedException: sleep interrupted
2019-10-18 11:24:32,801 [grpc-default-executor-1] INFO  impl.RoleInfo (RoleInfo.java:updateAndGet(143)) - 54aabb14-4a7d-4ab3-adbe-2e67760b87f4: start FollowerState
2019-10-18 11:24:32,824 [f535bb4a-cba0-4f9b-9e3e-e4a48b3eda51@group-7E32184879DE-LeaderElection139] INFO  impl.LeaderElection (LeaderElection.java:logAndReturn(56)) - f535bb4a-cba0-4f9b-9e3e-e4a48b3eda51@group-7E32184879DE-LeaderElection139: Election REJECTED; received 2 response(s) [f535bb4a-cba0-4f9b-9e3e-e4a48b3eda51<-54aabb14-4a7d-4ab3-adbe-2e67760b87f4#0:FAIL-t167, f535bb4a-cba0-4f9b-9e3e-e4a48b3eda51<-c652e2ee-3322-4406-8db6-1ea643cb3197#0:FAIL-t167] and 0 exception(s); f535bb4a-cba0-4f9b-9e3e-e4a48b3eda51@group-7E32184879DE:t167, leader=null, voted=f535bb4a-cba0-4f9b-9e3e-e4a48b3eda51, raftlog=f535bb4a-cba0-4f9b-9e3e-e4a48b3eda51@group-7E32184879DE-SegmentedRaftLog:OPENED:c-1,f-1,i0, conf=-1: [f535bb4a-cba0-4f9b-9e3e-e4a48b3eda51:0.0.0.0:44706, 54aabb14-4a7d-4ab3-adbe-2e67760b87f4:0.0.0.0:43074, c652e2ee-3322-4406-8db6-1ea643cb3197:0.0.0.0:42129], old=null
2019-10-18 11:24:32,824 [f535bb4a-cba0-4f9b-9e3e-e4a48b3eda51@group-7E32184879DE-LeaderElection139] INFO  impl.RaftServerImpl (RaftServerImpl.java:setRole(184)) - f535bb4a-cba0-4f9b-9e3e-e4a48b3eda51@group-7E32184879DE: changes role from CANDIDATE to FOLLOWER at term 167 for DISCOVERED_A_NEW_TERM
2019-10-18 11:24:32,824 [f535bb4a-cba0-4f9b-9e3e-e4a48b3eda51@group-7E32184879DE-LeaderElection139] INFO  impl.RoleInfo (RoleInfo.java:shutdownLeaderElection(134)) - f535bb4a-cba0-4f9b-9e3e-e4a48b3eda51: shutdown LeaderElection
2019-10-18 11:24:32,824 [f535bb4a-cba0-4f9b-9e3e-e4a48b3eda51@group-7E32184879DE-LeaderElection139] INFO  impl.RoleInfo (RoleInfo.java:updateAndGet(143)) - f535bb4a-cba0-4f9b-9e3e-e4a48b3eda51: start FollowerState
2019-10-18 11:24:33,008 [Thread-1021] INFO  impl.FollowerState (FollowerState.java:run(108)) - f535bb4a-cba0-4f9b-9e3e-e4a48b3eda51@group-7E32184879DE-FollowerState: change to CANDIDATE, lastRpcTime:183ms, electionTimeout:183ms
2019-10-18 11:24:33,008 [Thread-1021] INFO  impl.RoleInfo (RoleInfo.java:shutdownFollowerState(121)) - f535bb4a-cba0-4f9b-9e3e-e4a48b3eda51: shutdown FollowerState
2019-10-18 11:24:33,008 [Thread-1021] INFO  impl.RaftServerImpl (RaftServerImpl.java:setRole(184)) - f535bb4a-cba0-4f9b-9e3e-e4a48b3eda51@group-7E32184879DE: changes role from  FOLLOWER to CANDIDATE at term 167 for changeToCandidate
2019-10-18 11:24:33,008 [Thread-1021] INFO  impl.RoleInfo (RoleInfo.java:updateAndGet(143)) - f535bb4a-cba0-4f9b-9e3e-e4a48b3eda51: start LeaderElection
2019-10-18 11:24:33,040 [f535bb4a-cba0-4f9b-9e3e-e4a48b3eda51@group-7E32184879DE-LeaderElection140] INFO  impl.LeaderElection (LeaderElection.java:askForVotes(178)) - f535bb4a-cba0-4f9b-9e3e-e4a48b3eda51@group-7E32184879DE-LeaderElection140: begin an election at term 168 for -1: [f535bb4a-cba0-4f9b-9e3e-e4a48b3eda51:0.0.0.0:44706, 54aabb14-4a7d-4ab3-adbe-2e67760b87f4:0.0.0.0:43074, c652e2ee-3322-4406-8db6-1ea643cb3197:0.0.0.0:42129], old=null
2019-10-18 11:24:33,042 [grpc-default-executor-1] INFO  impl.RaftServerImpl (RaftServerImpl.java:setRole(184)) - 54aabb14-4a7d-4ab3-adbe-2e67760b87f4@group-7E32184879DE: changes role from  FOLLOWER to FOLLOWER at term 168 for recognizeCandidate:f535bb4a-cba0-4f9b-9e3e-e4a48b3eda51
2019-10-18 11:24:33,042 [grpc-default-executor-1] INFO  impl.RoleInfo (RoleInfo.java:shutdownFollowerState(121)) - 54aabb14-4a7d-4ab3-adbe-2e67760b87f4: shutdown FollowerState
2019-10-18 11:24:33,042 [grpc-default-executor-1] INFO  impl.RoleInfo (RoleInfo.java:updateAndGet(143)) - 54aabb14-4a7d-4ab3-adbe-2e67760b87f4: start FollowerState
2019-10-18 11:24:33,043 [Thread-1020] INFO  impl.FollowerState (FollowerState.java:run(117)) - 54aabb14-4a7d-4ab3-adbe-2e67760b87f4@group-7E32184879DE-FollowerState was interrupted: java.lang.InterruptedException: sleep interrupted
2019-10-18 11:24:33,043 [grpc-default-executor-0] INFO  impl.RaftServerImpl (RaftServerImpl.java:setRole(184)) - c652e2ee-3322-4406-8db6-1ea643cb3197@group-7E32184879DE: changes role from  FOLLOWER to FOLLOWER at term 168 for recognizeCandidate:f535bb4a-cba0-4f9b-9e3e-e4a48b3eda51
2019-10-18 11:24:33,043 [grpc-default-executor-0] INFO  impl.RoleInfo (RoleInfo.java:shutdownFollowerState(121)) - c652e2ee-3322-4406-8db6-1ea643cb3197: shutdown FollowerState
2019-10-18 11:24:33,043 [grpc-default-executor-0] INFO  impl.RoleInfo (RoleInfo.java:updateAndGet(143)) - c652e2ee-3322-4406-8db6-1ea643cb3197: start FollowerState
2019-10-18 11:24:33,043 [Thread-1019] INFO  impl.FollowerState (FollowerState.java:run(117)) - c652e2ee-3322-4406-8db6-1ea643cb3197@group-7E32184879DE-FollowerState was interrupted: java.lang.InterruptedException: sleep interrupted
2019-10-18 11:24:33,066 [f535bb4a-cba0-4f9b-9e3e-e4a48b3eda51@group-7E32184879DE-LeaderElection140] INFO  impl.LeaderElection (LeaderElection.java:logAndReturn(56)) - f535bb4a-cba0-4f9b-9e3e-e4a48b3eda51@group-7E32184879DE-LeaderElection140: Election REJECTED; received 2 response(s) [f535bb4a-cba0-4f9b-9e3e-e4a48b3eda51<-54aabb14-4a7d-4ab3-adbe-2e67760b87f4#0:FAIL-t168, f535bb4a-cba0-4f9b-9e3e-e4a48b3eda51<-c652e2ee-3322-4406-8db6-1ea643cb3197#0:FAIL-t168] and 0 exception(s); f535bb4a-cba0-4f9b-9e3e-e4a48b3eda51@group-7E32184879DE:t168, leader=null, voted=f535bb4a-cba0-4f9b-9e3e-e4a48b3eda51, raftlog=f535bb4a-cba0-4f9b-9e3e-e4a48b3eda51@group-7E32184879DE-SegmentedRaftLog:OPENED:c-1,f-1,i0, conf=-1: [f535bb4a-cba0-4f9b-9e3e-e4a48b3eda51:0.0.0.0:44706, 54aabb14-4a7d-4ab3-adbe-2e67760b87f4:0.0.0.0:43074, c652e2ee-3322-4406-8db6-1ea643cb3197:0.0.0.0:42129], old=null
2019-10-18 11:24:33,066 [f535bb4a-cba0-4f9b-9e3e-e4a48b3eda51@group-7E32184879DE-LeaderElection140] INFO  impl.RaftServerImpl (RaftServerImpl.java:setRole(184)) - f535bb4a-cba0-4f9b-9e3e-e4a48b3eda51@group-7E32184879DE: changes role from CANDIDATE to FOLLOWER at term 168 for DISCOVERED_A_NEW_TERM
2019-10-18 11:24:33,066 [f535bb4a-cba0-4f9b-9e3e-e4a48b3eda51@group-7E32184879DE-LeaderElection140] INFO  impl.RoleInfo (RoleInfo.java:shutdownLeaderElection(134)) - f535bb4a-cba0-4f9b-9e3e-e4a48b3eda51: shutdown LeaderElection
2019-10-18 11:24:33,067 [f535bb4a-cba0-4f9b-9e3e-e4a48b3eda51@group-7E32184879DE-LeaderElection140] INFO  impl.RoleInfo (RoleInfo.java:updateAndGet(143)) - f535bb4a-cba0-4f9b-9e3e-e4a48b3eda51: start FollowerState
2019-10-18 11:24:33,154 [Thread-1027] INFO  impl.FollowerState (FollowerState.java:run(108)) - f535bb4a-cba0-4f9b-9e3e-e4a48b3eda51@group-7E32184879DE-FollowerState: change to CANDIDATE, lastRpcTime:87ms, electionTimeout:87ms
2019-10-18 11:24:33,154 [Thread-1027] INFO  impl.RoleInfo (RoleInfo.java:shutdownFollowerState(121)) - f535bb4a-cba0-4f9b-9e3e-e4a48b3eda51: shutdown FollowerState
2019-10-18 11:24:33,155 [Thread-1027] INFO  impl.RaftServerImpl (RaftServerImpl.java:setRole(184)) - f535bb4a-cba0-4f9b-9e3e-e4a48b3eda51@group-7E32184879DE: changes role from  FOLLOWER to CANDIDATE at term 168 for changeToCandidate
2019-10-18 11:24:33,155 [Thread-1027] INFO  impl.RoleInfo (RoleInfo.java:updateAndGet(143)) - f535bb4a-cba0-4f9b-9e3e-e4a48b3eda51: start LeaderElection
2019-10-18 11:24:33,182 [f535bb4a-cba0-4f9b-9e3e-e4a48b3eda51@group-7E32184879DE-LeaderElection141] INFO  impl.LeaderElection (LeaderElection.java:askForVotes(178)) - f535bb4a-cba0-4f9b-9e3e-e4a48b3eda51@group-7E32184879DE-LeaderElection141: begin an election at term 169 for -1: [f535bb4a-cba0-4f9b-9e3e-e4a48b3eda51:0.0.0.0:44706, 54aabb14-4a7d-4ab3-adbe-2e67760b87f4:0.0.0.0:43074, c652e2ee-3322-4406-8db6-1ea643cb3197:0.0.0.0:42129], old=null
2019-10-18 11:24:33,184 [grpc-default-executor-1] INFO  impl.RaftServerImpl (RaftServerImpl.java:setRole(184)) - 54aabb14-4a7d-4ab3-adbe-2e67760b87f4@group-7E32184879DE: changes role from  FOLLOWER to FOLLOWER at term 169 for recognizeCandidate:f535bb4a-cba0-4f9b-9e3e-e4a48b3eda51
2019-10-18 11:24:33,184 [grpc-default-executor-1] INFO  impl.RoleInfo (RoleInfo.java:shutdownFollowerState(121)) - 54aabb14-4a7d-4ab3-adbe-2e67760b87f4: shutdown FollowerState
2019-10-18 11:24:33,184 [grpc-default-executor-1] INFO  impl.RoleInfo (RoleInfo.java:updateAndGet(143)) - 54aabb14-4a7d-4ab3-adbe-2e67760b87f4: start FollowerState
2019-10-18 11:24:33,185 [Thread-1025] INFO  impl.FollowerState (FollowerState.java:run(117)) - 54aabb14-4a7d-4ab3-adbe-2e67760b87f4@group-7E32184879DE-FollowerState was interrupted: java.lang.InterruptedException: sleep interrupted
2019-10-18 11:24:33,185 [grpc-default-executor-0] INFO  impl.RaftServerImpl (RaftServerImpl.java:setRole(184)) - c652e2ee-3322-4406-8db6-1ea643cb3197@group-7E32184879DE: changes role from  FOLLOWER to FOLLOWER at term 169 for recognizeCandidate:f535bb4a-cba0-4f9b-9e3e-e4a48b3eda51
2019-10-18 11:24:33,185 [grpc-default-executor-0] INFO  impl.RoleInfo (RoleInfo.java:shutdownFollowerState(121)) - c652e2ee-3322-4406-8db6-1ea643cb3197: shutdown FollowerState
2019-10-18 11:24:33,185 [grpc-default-executor-0] INFO  impl.RoleInfo (RoleInfo.java:updateAndGet(143)) - c652e2ee-3322-4406-8db6-1ea643cb3197: start FollowerState
2019-10-18 11:24:33,185 [Thread-1026] INFO  impl.FollowerState (FollowerState.java:run(117)) - c652e2ee-3322-4406-8db6-1ea643cb3197@group-7E32184879DE-FollowerState was interrupted: java.lang.InterruptedException: sleep interrupted
2019-10-18 11:24:33,208 [f535bb4a-cba0-4f9b-9e3e-e4a48b3eda51@group-7E32184879DE-LeaderElection141] INFO  impl.LeaderElection (LeaderElection.java:logAndReturn(56)) - f535bb4a-cba0-4f9b-9e3e-e4a48b3eda51@group-7E32184879DE-LeaderElection141: Election REJECTED; received 2 response(s) [f535bb4a-cba0-4f9b-9e3e-e4a48b3eda51<-54aabb14-4a7d-4ab3-adbe-2e67760b87f4#0:FAIL-t169, f535bb4a-cba0-4f9b-9e3e-e4a48b3eda51<-c652e2ee-3322-4406-8db6-1ea643cb3197#0:FAIL-t169] and 0 exception(s); f535bb4a-cba0-4f9b-9e3e-e4a48b3eda51@group-7E32184879DE:t169, leader=null, voted=f535bb4a-cba0-4f9b-9e3e-e4a48b3eda51, raftlog=f535bb4a-cba0-4f9b-9e3e-e4a48b3eda51@group-7E32184879DE-SegmentedRaftLog:OPENED:c-1,f-1,i0, conf=-1: [f535bb4a-cba0-4f9b-9e3e-e4a48b3eda51:0.0.0.0:44706, 54aabb14-4a7d-4ab3-adbe-2e67760b87f4:0.0.0.0:43074, c652e2ee-3322-4406-8db6-1ea643cb3197:0.0.0.0:42129], old=null
2019-10-18 11:24:33,208 [f535bb4a-cba0-4f9b-9e3e-e4a48b3eda51@group-7E32184879DE-LeaderElection141] INFO  impl.RaftServerImpl (RaftServerImpl.java:setRole(184)) - f535bb4a-cba0-4f9b-9e3e-e4a48b3eda51@group-7E32184879DE: changes role from CANDIDATE to FOLLOWER at term 169 for DISCOVERED_A_NEW_TERM
2019-10-18 11:24:33,209 [f535bb4a-cba0-4f9b-9e3e-e4a48b3eda51@group-7E32184879DE-LeaderElection141] INFO  impl.RoleInfo (RoleInfo.java:shutdownLeaderElection(134)) - f535bb4a-cba0-4f9b-9e3e-e4a48b3eda51: shutdown LeaderElection
2019-10-18 11:24:33,209 [f535bb4a-cba0-4f9b-9e3e-e4a48b3eda51@group-7E32184879DE-LeaderElection141] INFO  impl.RoleInfo (RoleInfo.java:updateAndGet(143)) - f535bb4a-cba0-4f9b-9e3e-e4a48b3eda51: start FollowerState
2019-10-18 11:24:33,248 [Thread-1035] INFO  impl.FollowerState (FollowerState.java:run(108)) - f535bb4a-cba0-4f9b-9e3e-e4a48b3eda51@group-7E32184879DE-FollowerState: change to CANDIDATE, lastRpcTime:39ms, electionTimeout:39ms
2019-10-18 11:24:33,248 [Thread-1035] INFO  impl.RoleInfo (RoleInfo.java:shutdownFollowerState(121)) - f535bb4a-cba0-4f9b-9e3e-e4a48b3eda51: shutdown FollowerState
2019-10-18 11:24:33,248 [Thread-1035] INFO  impl.RaftServerImpl (RaftServerImpl.java:setRole(184)) - f535bb4a-cba0-4f9b-9e3e-e4a48b3eda51@group-7E32184879DE: changes role from  FOLLOWER to CANDIDATE at term 169 for changeToCandidate
2019-10-18 11:24:33,248 [Thread-1035] INFO  impl.RoleInfo (RoleInfo.java:updateAndGet(143)) - f535bb4a-cba0-4f9b-9e3e-e4a48b3eda51: start LeaderElection
2019-10-18 11:24:33,274 [f535bb4a-cba0-4f9b-9e3e-e4a48b3eda51@group-7E32184879DE-LeaderElection142] INFO  impl.LeaderElection (LeaderElection.java:askForVotes(178)) - f535bb4a-cba0-4f9b-9e3e-e4a48b3eda51@group-7E32184879DE-LeaderElection142: begin an election at term 170 for -1: [f535bb4a-cba0-4f9b-9e3e-e4a48b3eda51:0.0.0.0:44706, 54aabb14-4a7d-4ab3-adbe-2e67760b87f4:0.0.0.0:43074, c652e2ee-3322-4406-8db6-1ea643cb3197:0.0.0.0:42129], old=null
2019-10-18 11:24:33,277 [grpc-default-executor-1] INFO  impl.RaftServerImpl (RaftServerImpl.java:setRole(184)) - 54aabb14-4a7d-4ab3-adbe-2e67760b87f4@group-7E32184879DE: changes role from  FOLLOWER to FOLLOWER at term 170 for recognizeCandidate:f535bb4a-cba0-4f9b-9e3e-e4a48b3eda51
2019-10-18 11:24:33,277 [grpc-default-executor-0] INFO  impl.RaftServerImpl (RaftServerImpl.java:setRole(184)) - c652e2ee-3322-4406-8db6-1ea643cb3197@group-7E32184879DE: changes role from  FOLLOWER to FOLLOWER at term 170 for recognizeCandidate:f535bb4a-cba0-4f9b-9e3e-e4a48b3eda51
2019-10-18 11:24:33,277 [grpc-default-executor-0] INFO  impl.RoleInfo (RoleInfo.java:shutdownFollowerState(121)) - c652e2ee-3322-4406-8db6-1ea643cb3197: shutdown FollowerState
2019-10-18 11:24:33,277 [grpc-default-executor-1] INFO  impl.RoleInfo (RoleInfo.java:shutdownFollowerState(121)) - 54aabb14-4a7d-4ab3-adbe-2e67760b87f4: shutdown FollowerState
2019-10-18 11:24:33,277 [Thread-1034] INFO  impl.FollowerState (FollowerState.java:run(117)) - c652e2ee-3322-4406-8db6-1ea643cb3197@group-7E32184879DE-FollowerState was interrupted: java.lang.InterruptedException: sleep interrupted
2019-10-18 11:24:33,277 [grpc-default-executor-0] INFO  impl.RoleInfo (RoleInfo.java:updateAndGet(143)) - c652e2ee-3322-4406-8db6-1ea643cb3197: start FollowerState
2019-10-18 11:24:33,277 [Thread-1033] INFO  impl.FollowerState (FollowerState.java:run(117)) - 54aabb14-4a7d-4ab3-adbe-2e67760b87f4@group-7E32184879DE-FollowerState was interrupted: java.lang.InterruptedException: sleep interrupted
2019-10-18 11:24:33,277 [grpc-default-executor-1] INFO  impl.RoleInfo (RoleInfo.java:updateAndGet(143)) - 54aabb14-4a7d-4ab3-adbe-2e67760b87f4: start FollowerState
2019-10-18 11:24:33,292 [f535bb4a-cba0-4f9b-9e3e-e4a48b3eda51@group-7E32184879DE-LeaderElection142] INFO  impl.LeaderElection (LeaderElection.java:logAndReturn(56)) - f535bb4a-cba0-4f9b-9e3e-e4a48b3eda51@group-7E32184879DE-LeaderElection142: Election TIMEOUT; received 0 response(s) [] and 0 exception(s); f535bb4a-cba0-4f9b-9e3e-e4a48b3eda51@group-7E32184879DE:t170, leader=null, voted=f535bb4a-cba0-4f9b-9e3e-e4a48b3eda51, raftlog=f535bb4a-cba0-4f9b-9e3e-e4a48b3eda51@group-7E32184879DE-SegmentedRaftLog:OPENED:c-1,f-1,i0, conf=-1: [f535bb4a-cba0-4f9b-9e3e-e4a48b3eda51:0.0.0.0:44706, 54aabb14-4a7d-4ab3-adbe-2e67760b87f4:0.0.0.0:43074, c652e2ee-3322-4406-8db6-1ea643cb3197:0.0.0.0:42129], old=null
2019-10-18 11:24:33,317 [f535bb4a-cba0-4f9b-9e3e-e4a48b3eda51@group-7E32184879DE-LeaderElection142] INFO  impl.LeaderElection (LeaderElection.java:askForVotes(178)) - f535bb4a-cba0-4f9b-9e3e-e4a48b3eda51@group-7E32184879DE-LeaderElection142: begin an election at term 171 for -1: [f535bb4a-cba0-4f9b-9e3e-e4a48b3eda51:0.0.0.0:44706, 54aabb14-4a7d-4ab3-adbe-2e67760b87f4:0.0.0.0:43074, c652e2ee-3322-4406-8db6-1ea643cb3197:0.0.0.0:42129], old=null
2019-10-18 11:24:33,319 [grpc-default-executor-1] INFO  impl.RaftServerImpl (RaftServerImpl.java:setRole(184)) - 54aabb14-4a7d-4ab3-adbe-2e67760b87f4@group-7E32184879DE: changes role from  FOLLOWER to FOLLOWER at term 171 for recognizeCandidate:f535bb4a-cba0-4f9b-9e3e-e4a48b3eda51
2019-10-18 11:24:33,319 [grpc-default-executor-0] INFO  impl.RaftServerImpl (RaftServerImpl.java:setRole(184)) - c652e2ee-3322-4406-8db6-1ea643cb3197@group-7E32184879DE: changes role from  FOLLOWER to FOLLOWER at term 171 for recognizeCandidate:f535bb4a-cba0-4f9b-9e3e-e4a48b3eda51
2019-10-18 11:24:33,319 [grpc-default-executor-1] INFO  impl.RoleInfo (RoleInfo.java:shutdownFollowerState(121)) - 54aabb14-4a7d-4ab3-adbe-2e67760b87f4: shutdown FollowerState
2019-10-18 11:24:33,320 [grpc-default-executor-0] INFO  impl.RoleInfo (RoleInfo.java:shutdownFollowerState(121)) - c652e2ee-3322-4406-8db6-1ea643cb3197: shutdown FollowerState
2019-10-18 11:24:33,320 [Thread-1040] INFO  impl.FollowerState (FollowerState.java:run(117)) - 54aabb14-4a7d-4ab3-adbe-2e67760b87f4@group-7E32184879DE-FollowerState was interrupted: java.lang.InterruptedException: sleep interrupted
2019-10-18 11:24:33,320 [Thread-1039] INFO  impl.FollowerState (FollowerState.java:run(117)) - c652e2ee-3322-4406-8db6-1ea643cb3197@group-7E32184879DE-FollowerState was interrupted: java.lang.InterruptedException: sleep interrupted
2019-10-18 11:24:33,320 [grpc-default-executor-1] INFO  impl.RoleInfo (RoleInfo.java:updateAndGet(143)) - 54aabb14-4a7d-4ab3-adbe-2e67760b87f4: start FollowerState
2019-10-18 11:24:33,320 [grpc-default-executor-0] INFO  impl.RoleInfo (RoleInfo.java:updateAndGet(143)) - c652e2ee-3322-4406-8db6-1ea643cb3197: start FollowerState
2019-10-18 11:24:33,343 [f535bb4a-cba0-4f9b-9e3e-e4a48b3eda51@group-7E32184879DE-LeaderElection142] INFO  impl.LeaderElection (LeaderElection.java:logAndReturn(56)) - f535bb4a-cba0-4f9b-9e3e-e4a48b3eda51@group-7E32184879DE-LeaderElection142: Election REJECTED; received 2 response(s) [f535bb4a-cba0-4f9b-9e3e-e4a48b3eda51<-54aabb14-4a7d-4ab3-adbe-2e67760b87f4#0:FAIL-t171, f535bb4a-cba0-4f9b-9e3e-e4a48b3eda51<-c652e2ee-3322-4406-8db6-1ea643cb3197#0:FAIL-t171] and 0 exception(s); f535bb4a-cba0-4f9b-9e3e-e4a48b3eda51@group-7E32184879DE:t171, leader=null, voted=f535bb4a-cba0-4f9b-9e3e-e4a48b3eda51, raftlog=f535bb4a-cba0-4f9b-9e3e-e4a48b3eda51@group-7E32184879DE-SegmentedRaftLog:OPENED:c-1,f-1,i0, conf=-1: [f535bb4a-cba0-4f9b-9e3e-e4a48b3eda51:0.0.0.0:44706, 54aabb14-4a7d-4ab3-adbe-2e67760b87f4:0.0.0.0:43074, c652e2ee-3322-4406-8db6-1ea643cb3197:0.0.0.0:42129], old=null
2019-10-18 11:24:33,343 [f535bb4a-cba0-4f9b-9e3e-e4a48b3eda51@group-7E32184879DE-LeaderElection142] INFO  impl.RaftServerImpl (RaftServerImpl.java:setRole(184)) - f535bb4a-cba0-4f9b-9e3e-e4a48b3eda51@group-7E32184879DE: changes role from CANDIDATE to FOLLOWER at term 171 for DISCOVERED_A_NEW_TERM
2019-10-18 11:24:33,343 [f535bb4a-cba0-4f9b-9e3e-e4a48b3eda51@group-7E32184879DE-LeaderElection142] INFO  impl.RoleInfo (RoleInfo.java:shutdownLeaderElection(134)) - f535bb4a-cba0-4f9b-9e3e-e4a48b3eda51: shutdown LeaderElection
2019-10-18 11:24:33,343 [f535bb4a-cba0-4f9b-9e3e-e4a48b3eda51@group-7E32184879DE-LeaderElection142] INFO  impl.RoleInfo (RoleInfo.java:updateAndGet(143)) - f535bb4a-cba0-4f9b-9e3e-e4a48b3eda51: start FollowerState
2019-10-18 11:24:33,517 [Thread-1045] INFO  impl.FollowerState (FollowerState.java:run(108)) - f535bb4a-cba0-4f9b-9e3e-e4a48b3eda51@group-7E32184879DE-FollowerState: change to CANDIDATE, lastRpcTime:173ms, electionTimeout:173ms
2019-10-18 11:24:33,517 [Thread-1045] INFO  impl.RoleInfo (RoleInfo.java:shutdownFollowerState(121)) - f535bb4a-cba0-4f9b-9e3e-e4a48b3eda51: shutdown FollowerState
2019-10-18 11:24:33,517 [Thread-1045] INFO  impl.RaftServerImpl (RaftServerImpl.java:setRole(184)) - f535bb4a-cba0-4f9b-9e3e-e4a48b3eda51@group-7E32184879DE: changes role from  FOLLOWER to CANDIDATE at term 171 for changeToCandidate
2019-10-18 11:24:33,517 [Thread-1045] INFO  impl.RoleInfo (RoleInfo.java:updateAndGet(143)) - f535bb4a-cba0-4f9b-9e3e-e4a48b3eda51: start LeaderElection
2019-10-18 11:24:33,534 [f535bb4a-cba0-4f9b-9e3e-e4a48b3eda51@group-7E32184879DE-LeaderElection143] INFO  impl.LeaderElection (LeaderElection.java:askForVotes(178)) - f535bb4a-cba0-4f9b-9e3e-e4a48b3eda51@group-7E32184879DE-LeaderElection143: begin an election at term 172 for -1: [f535bb4a-cba0-4f9b-9e3e-e4a48b3eda51:0.0.0.0:44706, 54aabb14-4a7d-4ab3-adbe-2e67760b87f4:0.0.0.0:43074, c652e2ee-3322-4406-8db6-1ea643cb3197:0.0.0.0:42129], old=null
2019-10-18 11:24:33,537 [grpc-default-executor-0] INFO  impl.RaftServerImpl (RaftServerImpl.java:setRole(184)) - 54aabb14-4a7d-4ab3-adbe-2e67760b87f4@group-7E32184879DE: changes role from  FOLLOWER to FOLLOWER at term 172 for recognizeCandidate:f535bb4a-cba0-4f9b-9e3e-e4a48b3eda51
2019-10-18 11:24:33,537 [grpc-default-executor-0] INFO  impl.RoleInfo (RoleInfo.java:shutdownFollowerState(121)) - 54aabb14-4a7d-4ab3-adbe-2e67760b87f4: shutdown FollowerState
2019-10-18 11:24:33,537 [grpc-default-executor-0] INFO  impl.RoleInfo (RoleInfo.java:updateAndGet(143)) - 54aabb14-4a7d-4ab3-adbe-2e67760b87f4: start FollowerState
2019-10-18 11:24:33,537 [Thread-1043] INFO  impl.FollowerState (FollowerState.java:run(117)) - 54aabb14-4a7d-4ab3-adbe-2e67760b87f4@group-7E32184879DE-FollowerState was interrupted: java.lang.InterruptedException: sleep interrupted
2019-10-18 11:24:33,538 [grpc-default-executor-1] INFO  impl.RaftServerImpl (RaftServerImpl.java:setRole(184)) - c652e2ee-3322-4406-8db6-1ea643cb3197@group-7E32184879DE: changes role from  FOLLOWER to FOLLOWER at term 172 for recognizeCandidate:f535bb4a-cba0-4f9b-9e3e-e4a48b3eda51
2019-10-18 11:24:33,538 [grpc-default-executor-1] INFO  impl.RoleInfo (RoleInfo.java:shutdownFollowerState(121)) - c652e2ee-3322-4406-8db6-1ea643cb3197: shutdown FollowerState
2019-10-18 11:24:33,538 [grpc-default-executor-1] INFO  impl.RoleInfo (RoleInfo.java:updateAndGet(143)) - c652e2ee-3322-4406-8db6-1ea643cb3197: start FollowerState
2019-10-18 11:24:33,538 [Thread-1044] INFO  impl.FollowerState (FollowerState.java:run(117)) - c652e2ee-3322-4406-8db6-1ea643cb3197@group-7E32184879DE-FollowerState was interrupted: java.lang.InterruptedException: sleep interrupted
2019-10-18 11:24:33,560 [f535bb4a-cba0-4f9b-9e3e-e4a48b3eda51@group-7E32184879DE-LeaderElection143] INFO  impl.LeaderElection (LeaderElection.java:logAndReturn(56)) - f535bb4a-cba0-4f9b-9e3e-e4a48b3eda51@group-7E32184879DE-LeaderElection143: Election REJECTED; received 2 response(s) [f535bb4a-cba0-4f9b-9e3e-e4a48b3eda51<-54aabb14-4a7d-4ab3-adbe-2e67760b87f4#0:FAIL-t172, f535bb4a-cba0-4f9b-9e3e-e4a48b3eda51<-c652e2ee-3322-4406-8db6-1ea643cb3197#0:FAIL-t172] and 0 exception(s); f535bb4a-cba0-4f9b-9e3e-e4a48b3eda51@group-7E32184879DE:t172, leader=null, voted=f535bb4a-cba0-4f9b-9e3e-e4a48b3eda51, raftlog=f535bb4a-cba0-4f9b-9e3e-e4a48b3eda51@group-7E32184879DE-SegmentedRaftLog:OPENED:c-1,f-1,i0, conf=-1: [f535bb4a-cba0-4f9b-9e3e-e4a48b3eda51:0.0.0.0:44706, 54aabb14-4a7d-4ab3-adbe-2e67760b87f4:0.0.0.0:43074, c652e2ee-3322-4406-8db6-1ea643cb3197:0.0.0.0:42129], old=null
2019-10-18 11:24:33,561 [f535bb4a-cba0-4f9b-9e3e-e4a48b3eda51@group-7E32184879DE-LeaderElection143] INFO  impl.RaftServerImpl (RaftServerImpl.java:setRole(184)) - f535bb4a-cba0-4f9b-9e3e-e4a48b3eda51@group-7E32184879DE: changes role from CANDIDATE to FOLLOWER at term 172 for DISCOVERED_A_NEW_TERM
2019-10-18 11:24:33,561 [f535bb4a-cba0-4f9b-9e3e-e4a48b3eda51@group-7E32184879DE-LeaderElection143] INFO  impl.RoleInfo (RoleInfo.java:shutdownLeaderElection(134)) - f535bb4a-cba0-4f9b-9e3e-e4a48b3eda51: shutdown LeaderElection
2019-10-18 11:24:33,561 [f535bb4a-cba0-4f9b-9e3e-e4a48b3eda51@group-7E32184879DE-LeaderElection143] INFO  impl.RoleInfo (RoleInfo.java:updateAndGet(143)) - f535bb4a-cba0-4f9b-9e3e-e4a48b3eda51: start FollowerState
2019-10-18 11:24:33,588 [Thread-1051] INFO  impl.FollowerState (FollowerState.java:run(108)) - f535bb4a-cba0-4f9b-9e3e-e4a48b3eda51@group-7E32184879DE-FollowerState: change to CANDIDATE, lastRpcTime:27ms, electionTimeout:27ms
2019-10-18 11:24:33,588 [Thread-1051] INFO  impl.RoleInfo (RoleInfo.java:shutdownFollowerState(121)) - f535bb4a-cba0-4f9b-9e3e-e4a48b3eda51: shutdown FollowerState
2019-10-18 11:24:33,589 [Thread-1051] INFO  impl.RaftServerImpl (RaftServerImpl.java:setRole(184)) - f535bb4a-cba0-4f9b-9e3e-e4a48b3eda51@group-7E32184879DE: changes role from  FOLLOWER to CANDIDATE at term 172 for changeToCandidate
2019-10-18 11:24:33,589 [Thread-1051] INFO  impl.RoleInfo (RoleInfo.java:updateAndGet(143)) - f535bb4a-cba0-4f9b-9e3e-e4a48b3eda51: start LeaderElection
2019-10-18 11:24:33,618 [f535bb4a-cba0-4f9b-9e3e-e4a48b3eda51@group-7E32184879DE-LeaderElection144] INFO  impl.LeaderElection (LeaderElection.java:askForVotes(178)) - f535bb4a-cba0-4f9b-9e3e-e4a48b3eda51@group-7E32184879DE-LeaderElection144: begin an election at term 173 for -1: [f535bb4a-cba0-4f9b-9e3e-e4a48b3eda51:0.0.0.0:44706, 54aabb14-4a7d-4ab3-adbe-2e67760b87f4:0.0.0.0:43074, c652e2ee-3322-4406-8db6-1ea643cb3197:0.0.0.0:42129], old=null
2019-10-18 11:24:33,620 [grpc-default-executor-1] INFO  impl.RaftServerImpl (RaftServerImpl.java:setRole(184)) - 54aabb14-4a7d-4ab3-adbe-2e67760b87f4@group-7E32184879DE: changes role from  FOLLOWER to FOLLOWER at term 173 for recognizeCandidate:f535bb4a-cba0-4f9b-9e3e-e4a48b3eda51
2019-10-18 11:24:33,620 [grpc-default-executor-1] INFO  impl.RoleInfo (RoleInfo.java:shutdownFollowerState(121)) - 54aabb14-4a7d-4ab3-adbe-2e67760b87f4: shutdown FollowerState
2019-10-18 11:24:33,620 [grpc-default-executor-0] INFO  impl.RaftServerImpl (RaftServerImpl.java:setRole(184)) - c652e2ee-3322-4406-8db6-1ea643cb3197@group-7E32184879DE: changes role from  FOLLOWER to FOLLOWER at term 173 for recognizeCandidate:f535bb4a-cba0-4f9b-9e3e-e4a48b3eda51
2019-10-18 11:24:33,621 [grpc-default-executor-0] INFO  impl.RoleInfo (RoleInfo.java:shutdownFollowerState(121)) - c652e2ee-3322-4406-8db6-1ea643cb3197: shutdown FollowerState
2019-10-18 11:24:33,621 [Thread-1049] INFO  impl.FollowerState (FollowerState.java:run(117)) - 54aabb14-4a7d-4ab3-adbe-2e67760b87f4@group-7E32184879DE-FollowerState was interrupted: java.lang.InterruptedException: sleep interrupted
2019-10-18 11:24:33,621 [grpc-default-executor-1] INFO  impl.RoleInfo (RoleInfo.java:updateAndGet(143)) - 54aabb14-4a7d-4ab3-adbe-2e67760b87f4: start FollowerState
2019-10-18 11:24:33,621 [Thread-1050] INFO  impl.FollowerState (FollowerState.java:run(117)) - c652e2ee-3322-4406-8db6-1ea643cb3197@group-7E32184879DE-FollowerState was interrupted: java.lang.InterruptedException: sleep interrupted
2019-10-18 11:24:33,621 [grpc-default-executor-0] INFO  impl.RoleInfo (RoleInfo.java:updateAndGet(143)) - c652e2ee-3322-4406-8db6-1ea643cb3197: start FollowerState
2019-10-18 11:24:33,644 [f535bb4a-cba0-4f9b-9e3e-e4a48b3eda51@group-7E32184879DE-LeaderElection144] INFO  impl.LeaderElection (LeaderElection.java:logAndReturn(56)) - f535bb4a-cba0-4f9b-9e3e-e4a48b3eda51@group-7E32184879DE-LeaderElection144: Election REJECTED; received 2 response(s) [f535bb4a-cba0-4f9b-9e3e-e4a48b3eda51<-54aabb14-4a7d-4ab3-adbe-2e67760b87f4#0:FAIL-t173, f535bb4a-cba0-4f9b-9e3e-e4a48b3eda51<-c652e2ee-3322-4406-8db6-1ea643cb3197#0:FAIL-t173] and 0 exception(s); f535bb4a-cba0-4f9b-9e3e-e4a48b3eda51@group-7E32184879DE:t173, leader=null, voted=f535bb4a-cba0-4f9b-9e3e-e4a48b3eda51, raftlog=f535bb4a-cba0-4f9b-9e3e-e4a48b3eda51@group-7E32184879DE-SegmentedRaftLog:OPENED:c-1,f-1,i0, conf=-1: [f535bb4a-cba0-4f9b-9e3e-e4a48b3eda51:0.0.0.0:44706, 54aabb14-4a7d-4ab3-adbe-2e67760b87f4:0.0.0.0:43074, c652e2ee-3322-4406-8db6-1ea643cb3197:0.0.0.0:42129], old=null
2019-10-18 11:24:33,645 [f535bb4a-cba0-4f9b-9e3e-e4a48b3eda51@group-7E32184879DE-LeaderElection144] INFO  impl.RaftServerImpl (RaftServerImpl.java:setRole(184)) - f535bb4a-cba0-4f9b-9e3e-e4a48b3eda51@group-7E32184879DE: changes role from CANDIDATE to FOLLOWER at term 173 for DISCOVERED_A_NEW_TERM
2019-10-18 11:24:33,645 [f535bb4a-cba0-4f9b-9e3e-e4a48b3eda51@group-7E32184879DE-LeaderElection144] INFO  impl.RoleInfo (RoleInfo.java:shutdownLeaderElection(134)) - f535bb4a-cba0-4f9b-9e3e-e4a48b3eda51: shutdown LeaderElection
2019-10-18 11:24:33,645 [f535bb4a-cba0-4f9b-9e3e-e4a48b3eda51@group-7E32184879DE-LeaderElection144] INFO  impl.RoleInfo (RoleInfo.java:updateAndGet(143)) - f535bb4a-cba0-4f9b-9e3e-e4a48b3eda51: start FollowerState
2019-10-18 11:24:33,780 [Thread-1057] INFO  impl.FollowerState (FollowerState.java:run(108)) - f535bb4a-cba0-4f9b-9e3e-e4a48b3eda51@group-7E32184879DE-FollowerState: change to CANDIDATE, lastRpcTime:135ms, electionTimeout:135ms
2019-10-18 11:24:33,781 [Thread-1057] INFO  impl.RoleInfo (RoleInfo.java:shutdownFollowerState(121)) - f535bb4a-cba0-4f9b-9e3e-e4a48b3eda51: shutdown FollowerState
2019-10-18 11:24:33,781 [Thread-1057] INFO  impl.RaftServerImpl (RaftServerImpl.java:setRole(184)) - f535bb4a-cba0-4f9b-9e3e-e4a48b3eda51@group-7E32184879DE: changes role from  FOLLOWER to CANDIDATE at term 173 for changeToCandidate
2019-10-18 11:24:33,781 [Thread-1057] INFO  impl.RoleInfo (RoleInfo.java:updateAndGet(143)) - f535bb4a-cba0-4f9b-9e3e-e4a48b3eda51: start LeaderElection
2019-10-18 11:24:33,810 [f535bb4a-cba0-4f9b-9e3e-e4a48b3eda51@group-7E32184879DE-LeaderElection145] INFO  impl.LeaderElection (LeaderElection.java:askForVotes(178)) - f535bb4a-cba0-4f9b-9e3e-e4a48b3eda51@group-7E32184879DE-LeaderElection145: begin an election at term 174 for -1: [f535bb4a-cba0-4f9b-9e3e-e4a48b3eda51:0.0.0.0:44706, 54aabb14-4a7d-4ab3-adbe-2e67760b87f4:0.0.0.0:43074, c652e2ee-3322-4406-8db6-1ea643cb3197:0.0.0.0:42129], old=null
2019-10-18 11:24:33,813 [grpc-default-executor-1] INFO  impl.RaftServerImpl (RaftServerImpl.java:setRole(184)) - 54aabb14-4a7d-4ab3-adbe-2e67760b87f4@group-7E32184879DE: changes role from  FOLLOWER to FOLLOWER at term 174 for recognizeCandidate:f535bb4a-cba0-4f9b-9e3e-e4a48b3eda51
2019-10-18 11:24:33,813 [grpc-default-executor-0] INFO  impl.RaftServerImpl (RaftServerImpl.java:setRole(184)) - c652e2ee-3322-4406-8db6-1ea643cb3197@group-7E32184879DE: changes role from  FOLLOWER to FOLLOWER at term 174 for recognizeCandidate:f535bb4a-cba0-4f9b-9e3e-e4a48b3eda51
2019-10-18 11:24:33,813 [grpc-default-executor-1] INFO  impl.RoleInfo (RoleInfo.java:shutdownFollowerState(121)) - 54aabb14-4a7d-4ab3-adbe-2e67760b87f4: shutdown FollowerState
2019-10-18 11:24:33,813 [grpc-default-executor-0] INFO  impl.RoleInfo (RoleInfo.java:shutdownFollowerState(121)) - c652e2ee-3322-4406-8db6-1ea643cb3197: shutdown FollowerState
2019-10-18 11:24:33,814 [Thread-1055] INFO  impl.FollowerState (FollowerState.java:run(117)) - 54aabb14-4a7d-4ab3-adbe-2e67760b87f4@group-7E32184879DE-FollowerState was interrupted: java.lang.InterruptedException: sleep interrupted
2019-10-18 11:24:33,813 [grpc-default-executor-1] INFO  impl.RoleInfo (RoleInfo.java:updateAndGet(143)) - 54aabb14-4a7d-4ab3-adbe-2e67760b87f4: start FollowerState
2019-10-18 11:24:33,814 [Thread-1056] INFO  impl.FollowerState (FollowerState.java:run(117)) - c652e2ee-3322-4406-8db6-1ea643cb3197@group-7E32184879DE-FollowerState was interrupted: java.lang.InterruptedException: sleep interrupted
2019-10-18 11:24:33,814 [grpc-default-executor-0] INFO  impl.RoleInfo (RoleInfo.java:updateAndGet(143)) - c652e2ee-3322-4406-8db6-1ea643cb3197: start FollowerState
2019-10-18 11:24:33,845 [f535bb4a-cba0-4f9b-9e3e-e4a48b3eda51@group-7E32184879DE-LeaderElection145] INFO  impl.LeaderElection (LeaderElection.java:logAndReturn(56)) - f535bb4a-cba0-4f9b-9e3e-e4a48b3eda51@group-7E32184879DE-LeaderElection145: Election REJECTED; received 2 response(s) [f535bb4a-cba0-4f9b-9e3e-e4a48b3eda51<-54aabb14-4a7d-4ab3-adbe-2e67760b87f4#0:FAIL-t174, f535bb4a-cba0-4f9b-9e3e-e4a48b3eda51<-c652e2ee-3322-4406-8db6-1ea643cb3197#0:FAIL-t174] and 0 exception(s); f535bb4a-cba0-4f9b-9e3e-e4a48b3eda51@group-7E32184879DE:t174, leader=null, voted=f535bb4a-cba0-4f9b-9e3e-e4a48b3eda51, raftlog=f535bb4a-cba0-4f9b-9e3e-e4a48b3eda51@group-7E32184879DE-SegmentedRaftLog:OPENED:c-1,f-1,i0, conf=-1: [f535bb4a-cba0-4f9b-9e3e-e4a48b3eda51:0.0.0.0:44706, 54aabb14-4a7d-4ab3-adbe-2e67760b87f4:0.0.0.0:43074, c652e2ee-3322-4406-8db6-1ea643cb3197:0.0.0.0:42129], old=null
2019-10-18 11:24:33,845 [f535bb4a-cba0-4f9b-9e3e-e4a48b3eda51@group-7E32184879DE-LeaderElection145] INFO  impl.RaftServerImpl (RaftServerImpl.java:setRole(184)) - f535bb4a-cba0-4f9b-9e3e-e4a48b3eda51@group-7E32184879DE: changes role from CANDIDATE to FOLLOWER at term 174 for DISCOVERED_A_NEW_TERM
2019-10-18 11:24:33,846 [f535bb4a-cba0-4f9b-9e3e-e4a48b3eda51@group-7E32184879DE-LeaderElection145] INFO  impl.RoleInfo (RoleInfo.java:shutdownLeaderElection(134)) - f535bb4a-cba0-4f9b-9e3e-e4a48b3eda51: shutdown LeaderElection
2019-10-18 11:24:33,846 [f535bb4a-cba0-4f9b-9e3e-e4a48b3eda51@group-7E32184879DE-LeaderElection145] INFO  impl.RoleInfo (RoleInfo.java:updateAndGet(143)) - f535bb4a-cba0-4f9b-9e3e-e4a48b3eda51: start FollowerState
2019-10-18 11:24:34,045 [Thread-1063] INFO  impl.FollowerState (FollowerState.java:run(108)) - f535bb4a-cba0-4f9b-9e3e-e4a48b3eda51@group-7E32184879DE-FollowerState: change to CANDIDATE, lastRpcTime:199ms, electionTimeout:199ms
2019-10-18 11:24:34,046 [Thread-1063] INFO  impl.RoleInfo (RoleInfo.java:shutdownFollowerState(121)) - f535bb4a-cba0-4f9b-9e3e-e4a48b3eda51: shutdown FollowerState
2019-10-18 11:24:34,046 [Thread-1063] INFO  impl.RaftServerImpl (RaftServerImpl.java:setRole(184)) - f535bb4a-cba0-4f9b-9e3e-e4a48b3eda51@group-7E32184879DE: changes role from  FOLLOWER to CANDIDATE at term 174 for changeToCandidate
2019-10-18 11:24:34,046 [Thread-1063] INFO  impl.RoleInfo (RoleInfo.java:updateAndGet(143)) - f535bb4a-cba0-4f9b-9e3e-e4a48b3eda51: start LeaderElection
2019-10-18 11:24:34,086 [f535bb4a-cba0-4f9b-9e3e-e4a48b3eda51@group-7E32184879DE-LeaderElection146] INFO  impl.LeaderElection (LeaderElection.java:askForVotes(178)) - f535bb4a-cba0-4f9b-9e3e-e4a48b3eda51@group-7E32184879DE-LeaderElection146: begin an election at term 175 for -1: [f535bb4a-cba0-4f9b-9e3e-e4a48b3eda51:0.0.0.0:44706, 54aabb14-4a7d-4ab3-adbe-2e67760b87f4:0.0.0.0:43074, c652e2ee-3322-4406-8db6-1ea643cb3197:0.0.0.0:42129], old=null
2019-10-18 11:24:34,089 [f535bb4a-cba0-4f9b-9e3e-e4a48b3eda51@group-7E32184879DE-LeaderElection146] INFO  impl.LeaderElection (LeaderElection.java:logAndReturn(56)) - f535bb4a-cba0-4f9b-9e3e-e4a48b3eda51@group-7E32184879DE-LeaderElection146: Election TIMEOUT; received 0 response(s) [] and 0 exception(s); f535bb4a-cba0-4f9b-9e3e-e4a48b3eda51@group-7E32184879DE:t175, leader=null, voted=f535bb4a-cba0-4f9b-9e3e-e4a48b3eda51, raftlog=f535bb4a-cba0-4f9b-9e3e-e4a48b3eda51@group-7E32184879DE-SegmentedRaftLog:OPENED:c-1,f-1,i0, conf=-1: [f535bb4a-cba0-4f9b-9e3e-e4a48b3eda51:0.0.0.0:44706, 54aabb14-4a7d-4ab3-adbe-2e67760b87f4:0.0.0.0:43074, c652e2ee-3322-4406-8db6-1ea643cb3197:0.0.0.0:42129], old=null
2019-10-18 11:24:34,089 [grpc-default-executor-1] INFO  impl.RaftServerImpl (RaftServerImpl.java:setRole(184)) - 54aabb14-4a7d-4ab3-adbe-2e67760b87f4@group-7E32184879DE: changes role from  FOLLOWER to FOLLOWER at term 175 for recognizeCandidate:f535bb4a-cba0-4f9b-9e3e-e4a48b3eda51
2019-10-18 11:24:34,090 [grpc-default-executor-1] INFO  impl.RoleInfo (RoleInfo.java:shutdownFollowerState(121)) - 54aabb14-4a7d-4ab3-adbe-2e67760b87f4: shutdown FollowerState
2019-10-18 11:24:34,090 [grpc-default-executor-0] INFO  impl.RaftServerImpl (RaftServerImpl.java:setRole(184)) - c652e2ee-3322-4406-8db6-1ea643cb3197@group-7E32184879DE: changes role from  FOLLOWER to FOLLOWER at term 175 for recognizeCandidate:f535bb4a-cba0-4f9b-9e3e-e4a48b3eda51
2019-10-18 11:24:34,090 [Thread-1061] INFO  impl.FollowerState (FollowerState.java:run(117)) - 54aabb14-4a7d-4ab3-adbe-2e67760b87f4@group-7E32184879DE-FollowerState was interrupted: java.lang.InterruptedException: sleep interrupted
2019-10-18 11:24:34,090 [grpc-default-executor-1] INFO  impl.RoleInfo (RoleInfo.java:updateAndGet(143)) - 54aabb14-4a7d-4ab3-adbe-2e67760b87f4: start FollowerState
2019-10-18 11:24:34,090 [grpc-default-executor-0] INFO  impl.RoleInfo (RoleInfo.java:shutdownFollowerState(121)) - c652e2ee-3322-4406-8db6-1ea643cb3197: shutdown FollowerState
2019-10-18 11:24:34,091 [grpc-default-executor-0] INFO  impl.RoleInfo (RoleInfo.java:updateAndGet(143)) - c652e2ee-3322-4406-8db6-1ea643cb3197: start FollowerState
2019-10-18 11:24:34,091 [Thread-1062] INFO  impl.FollowerState (FollowerState.java:run(117)) - c652e2ee-3322-4406-8db6-1ea643cb3197@group-7E32184879DE-FollowerState was interrupted: java.lang.InterruptedException: sleep interrupted
2019-10-18 11:24:34,121 [f535bb4a-cba0-4f9b-9e3e-e4a48b3eda51@group-7E32184879DE-LeaderElection146] INFO  impl.LeaderElection (LeaderElection.java:askForVotes(178)) - f535bb4a-cba0-4f9b-9e3e-e4a48b3eda51@group-7E32184879DE-LeaderElection146: begin an election at term 176 for -1: [f535bb4a-cba0-4f9b-9e3e-e4a48b3eda51:0.0.0.0:44706, 54aabb14-4a7d-4ab3-adbe-2e67760b87f4:0.0.0.0:43074, c652e2ee-3322-4406-8db6-1ea643cb3197:0.0.0.0:42129], old=null
2019-10-18 11:24:34,124 [grpc-default-executor-3] INFO  impl.RaftServerImpl (RaftServerImpl.java:setRole(184)) - c652e2ee-3322-4406-8db6-1ea643cb3197@group-7E32184879DE: changes role from  FOLLOWER to FOLLOWER at term 176 for recognizeCandidate:f535bb4a-cba0-4f9b-9e3e-e4a48b3eda51
2019-10-18 11:24:34,124 [grpc-default-executor-1] INFO  impl.RaftServerImpl (RaftServerImpl.java:setRole(184)) - 54aabb14-4a7d-4ab3-adbe-2e67760b87f4@group-7E32184879DE: changes role from  FOLLOWER to FOLLOWER at term 176 for recognizeCandidate:f535bb4a-cba0-4f9b-9e3e-e4a48b3eda51
2019-10-18 11:24:34,124 [grpc-default-executor-3] INFO  impl.RoleInfo (RoleInfo.java:shutdownFollowerState(121)) - c652e2ee-3322-4406-8db6-1ea643cb3197: shutdown FollowerState
2019-10-18 11:24:34,124 [grpc-default-executor-1] INFO  impl.RoleInfo (RoleInfo.java:shutdownFollowerState(121)) - 54aabb14-4a7d-4ab3-adbe-2e67760b87f4: shutdown FollowerState
2019-10-18 11:24:34,124 [Thread-1068] INFO  impl.FollowerState (FollowerState.java:run(117)) - c652e2ee-3322-4406-8db6-1ea643cb3197@group-7E32184879DE-FollowerState was interrupted: java.lang.InterruptedException: sleep interrupted
2019-10-18 11:24:34,124 [grpc-default-executor-3] INFO  impl.RoleInfo (RoleInfo.java:updateAndGet(143)) - c652e2ee-3322-4406-8db6-1ea643cb3197: start FollowerState
2019-10-18 11:24:34,124 [Thread-1067] INFO  impl.FollowerState (FollowerState.java:run(117)) - 54aabb14-4a7d-4ab3-adbe-2e67760b87f4@group-7E32184879DE-FollowerState was interrupted: java.lang.InterruptedException: sleep interrupted
2019-10-18 11:24:34,124 [grpc-default-executor-1] INFO  impl.RoleInfo (RoleInfo.java:updateAndGet(143)) - 54aabb14-4a7d-4ab3-adbe-2e67760b87f4: start FollowerState
2019-10-18 11:24:34,147 [f535bb4a-cba0-4f9b-9e3e-e4a48b3eda51@group-7E32184879DE-LeaderElection146] INFO  impl.LeaderElection (LeaderElection.java:logAndReturn(56)) - f535bb4a-cba0-4f9b-9e3e-e4a48b3eda51@group-7E32184879DE-LeaderElection146: Election REJECTED; received 2 response(s) [f535bb4a-cba0-4f9b-9e3e-e4a48b3eda51<-54aabb14-4a7d-4ab3-adbe-2e67760b87f4#0:FAIL-t176, f535bb4a-cba0-4f9b-9e3e-e4a48b3eda51<-c652e2ee-3322-4406-8db6-1ea643cb3197#0:FAIL-t176] and 0 exception(s); f535bb4a-cba0-4f9b-9e3e-e4a48b3eda51@group-7E32184879DE:t176, leader=null, voted=f535bb4a-cba0-4f9b-9e3e-e4a48b3eda51, raftlog=f535bb4a-cba0-4f9b-9e3e-e4a48b3eda51@group-7E32184879DE-SegmentedRaftLog:OPENED:c-1,f-1,i0, conf=-1: [f535bb4a-cba0-4f9b-9e3e-e4a48b3eda51:0.0.0.0:44706, 54aabb14-4a7d-4ab3-adbe-2e67760b87f4:0.0.0.0:43074, c652e2ee-3322-4406-8db6-1ea643cb3197:0.0.0.0:42129], old=null
2019-10-18 11:24:34,147 [f535bb4a-cba0-4f9b-9e3e-e4a48b3eda51@group-7E32184879DE-LeaderElection146] INFO  impl.RaftServerImpl (RaftServerImpl.java:setRole(184)) - f535bb4a-cba0-4f9b-9e3e-e4a48b3eda51@group-7E32184879DE: changes role from CANDIDATE to FOLLOWER at term 176 for DISCOVERED_A_NEW_TERM
2019-10-18 11:24:34,148 [f535bb4a-cba0-4f9b-9e3e-e4a48b3eda51@group-7E32184879DE-LeaderElection146] INFO  impl.RoleInfo (RoleInfo.java:shutdownLeaderElection(134)) - f535bb4a-cba0-4f9b-9e3e-e4a48b3eda51: shutdown LeaderElection
2019-10-18 11:24:34,148 [f535bb4a-cba0-4f9b-9e3e-e4a48b3eda51@group-7E32184879DE-LeaderElection146] INFO  impl.RoleInfo (RoleInfo.java:updateAndGet(143)) - f535bb4a-cba0-4f9b-9e3e-e4a48b3eda51: start FollowerState
2019-10-18 11:24:34,346 [Thread-1075] INFO  impl.FollowerState (FollowerState.java:run(108)) - f535bb4a-cba0-4f9b-9e3e-e4a48b3eda51@group-7E32184879DE-FollowerState: change to CANDIDATE, lastRpcTime:198ms, electionTimeout:198ms
2019-10-18 11:24:34,346 [Thread-1075] INFO  impl.RoleInfo (RoleInfo.java:shutdownFollowerState(121)) - f535bb4a-cba0-4f9b-9e3e-e4a48b3eda51: shutdown FollowerState
2019-10-18 11:24:34,346 [Thread-1075] INFO  impl.RaftServerImpl (RaftServerImpl.java:setRole(184)) - f535bb4a-cba0-4f9b-9e3e-e4a48b3eda51@group-7E32184879DE: changes role from  FOLLOWER to CANDIDATE at term 176 for changeToCandidate
2019-10-18 11:24:34,347 [Thread-1075] INFO  impl.RoleInfo (RoleInfo.java:updateAndGet(143)) - f535bb4a-cba0-4f9b-9e3e-e4a48b3eda51: start LeaderElection
2019-10-18 11:24:34,388 [f535bb4a-cba0-4f9b-9e3e-e4a48b3eda51@group-7E32184879DE-LeaderElection147] INFO  impl.LeaderElection (LeaderElection.java:askForVotes(178)) - f535bb4a-cba0-4f9b-9e3e-e4a48b3eda51@group-7E32184879DE-LeaderElection147: begin an election at term 177 for -1: [f535bb4a-cba0-4f9b-9e3e-e4a48b3eda51:0.0.0.0:44706, 54aabb14-4a7d-4ab3-adbe-2e67760b87f4:0.0.0.0:43074, c652e2ee-3322-4406-8db6-1ea643cb3197:0.0.0.0:42129], old=null
2019-10-18 11:24:34,392 [grpc-default-executor-1] INFO  impl.RaftServerImpl (RaftServerImpl.java:setRole(184)) - 54aabb14-4a7d-4ab3-adbe-2e67760b87f4@group-7E32184879DE: changes role from  FOLLOWER to FOLLOWER at term 177 for recognizeCandidate:f535bb4a-cba0-4f9b-9e3e-e4a48b3eda51
2019-10-18 11:24:34,392 [grpc-default-executor-3] INFO  impl.RaftServerImpl (RaftServerImpl.java:setRole(184)) - c652e2ee-3322-4406-8db6-1ea643cb3197@group-7E32184879DE: changes role from  FOLLOWER to FOLLOWER at term 177 for recognizeCandidate:f535bb4a-cba0-4f9b-9e3e-e4a48b3eda51
2019-10-18 11:24:34,392 [grpc-default-executor-1] INFO  impl.RoleInfo (RoleInfo.java:shutdownFollowerState(121)) - 54aabb14-4a7d-4ab3-adbe-2e67760b87f4: shutdown FollowerState
2019-10-18 11:24:34,392 [grpc-default-executor-3] INFO  impl.RoleInfo (RoleInfo.java:shutdownFollowerState(121)) - c652e2ee-3322-4406-8db6-1ea643cb3197: shutdown FollowerState
2019-10-18 11:24:34,392 [Thread-1073] INFO  impl.FollowerState (FollowerState.java:run(117)) - 54aabb14-4a7d-4ab3-adbe-2e67760b87f4@group-7E32184879DE-FollowerState was interrupted: java.lang.InterruptedException: sleep interrupted
2019-10-18 11:24:34,393 [Thread-1072] INFO  impl.FollowerState (FollowerState.java:run(117)) - c652e2ee-3322-4406-8db6-1ea643cb3197@group-7E32184879DE-FollowerState was interrupted: java.lang.InterruptedException: sleep interrupted
2019-10-18 11:24:34,392 [grpc-default-executor-1] INFO  impl.RoleInfo (RoleInfo.java:updateAndGet(143)) - 54aabb14-4a7d-4ab3-adbe-2e67760b87f4: start FollowerState
2019-10-18 11:24:34,393 [grpc-default-executor-3] INFO  impl.RoleInfo (RoleInfo.java:updateAndGet(143)) - c652e2ee-3322-4406-8db6-1ea643cb3197: start FollowerState
2019-10-18 11:24:34,423 [f535bb4a-cba0-4f9b-9e3e-e4a48b3eda51@group-7E32184879DE-LeaderElection147] INFO  impl.LeaderElection (LeaderElection.java:logAndReturn(56)) - f535bb4a-cba0-4f9b-9e3e-e4a48b3eda51@group-7E32184879DE-LeaderElection147: Election REJECTED; received 2 response(s) [f535bb4a-cba0-4f9b-9e3e-e4a48b3eda51<-54aabb14-4a7d-4ab3-adbe-2e67760b87f4#0:FAIL-t177, f535bb4a-cba0-4f9b-9e3e-e4a48b3eda51<-c652e2ee-3322-4406-8db6-1ea643cb3197#0:FAIL-t177] and 0 exception(s); f535bb4a-cba0-4f9b-9e3e-e4a48b3eda51@group-7E32184879DE:t177, leader=null, voted=f535bb4a-cba0-4f9b-9e3e-e4a48b3eda51, raftlog=f535bb4a-cba0-4f9b-9e3e-e4a48b3eda51@group-7E32184879DE-SegmentedRaftLog:OPENED:c-1,f-1,i0, conf=-1: [f535bb4a-cba0-4f9b-9e3e-e4a48b3eda51:0.0.0.0:44706, 54aabb14-4a7d-4ab3-adbe-2e67760b87f4:0.0.0.0:43074, c652e2ee-3322-4406-8db6-1ea643cb3197:0.0.0.0:42129], old=null
2019-10-18 11:24:34,424 [f535bb4a-cba0-4f9b-9e3e-e4a48b3eda51@group-7E32184879DE-LeaderElection147] INFO  impl.RaftServerImpl (RaftServerImpl.java:setRole(184)) - f535bb4a-cba0-4f9b-9e3e-e4a48b3eda51@group-7E32184879DE: changes role from CANDIDATE to FOLLOWER at term 177 for DISCOVERED_A_NEW_TERM
2019-10-18 11:24:34,424 [f535bb4a-cba0-4f9b-9e3e-e4a48b3eda51@group-7E32184879DE-LeaderElection147] INFO  impl.RoleInfo (RoleInfo.java:shutdownLeaderElection(134)) - f535bb4a-cba0-4f9b-9e3e-e4a48b3eda51: shutdown LeaderElection
2019-10-18 11:24:34,424 [f535bb4a-cba0-4f9b-9e3e-e4a48b3eda51@group-7E32184879DE-LeaderElection147] INFO  impl.RoleInfo (RoleInfo.java:updateAndGet(143)) - f535bb4a-cba0-4f9b-9e3e-e4a48b3eda51: start FollowerState
2019-10-18 11:24:34,605 [Thread-1081] INFO  impl.FollowerState (FollowerState.java:run(108)) - f535bb4a-cba0-4f9b-9e3e-e4a48b3eda51@group-7E32184879DE-FollowerState: change to CANDIDATE, lastRpcTime:181ms, electionTimeout:181ms
2019-10-18 11:24:34,606 [Thread-1081] INFO  impl.RoleInfo (RoleInfo.java:shutdownFollowerState(121)) - f535bb4a-cba0-4f9b-9e3e-e4a48b3eda51: shutdown FollowerState
2019-10-18 11:24:34,606 [Thread-1081] INFO  impl.RaftServerImpl (RaftServerImpl.java:setRole(184)) - f535bb4a-cba0-4f9b-9e3e-e4a48b3eda51@group-7E32184879DE: changes role from  FOLLOWER to CANDIDATE at term 177 for changeToCandidate
2019-10-18 11:24:34,606 [Thread-1081] INFO  impl.RoleInfo (RoleInfo.java:updateAndGet(143)) - f535bb4a-cba0-4f9b-9e3e-e4a48b3eda51: start LeaderElection
2019-10-18 11:24:34,631 [f535bb4a-cba0-4f9b-9e3e-e4a48b3eda51@group-7E32184879DE-LeaderElection148] INFO  impl.LeaderElection (LeaderElection.java:askForVotes(178)) - f535bb4a-cba0-4f9b-9e3e-e4a48b3eda51@group-7E32184879DE-LeaderElection148: begin an election at term 178 for -1: [f535bb4a-cba0-4f9b-9e3e-e4a48b3eda51:0.0.0.0:44706, 54aabb14-4a7d-4ab3-adbe-2e67760b87f4:0.0.0.0:43074, c652e2ee-3322-4406-8db6-1ea643cb3197:0.0.0.0:42129], old=null
2019-10-18 11:24:34,633 [grpc-default-executor-3] INFO  impl.RaftServerImpl (RaftServerImpl.java:setRole(184)) - c652e2ee-3322-4406-8db6-1ea643cb3197@group-7E32184879DE: changes role from  FOLLOWER to FOLLOWER at term 178 for recognizeCandidate:f535bb4a-cba0-4f9b-9e3e-e4a48b3eda51
2019-10-18 11:24:34,634 [grpc-default-executor-3] INFO  impl.RoleInfo (RoleInfo.java:shutdownFollowerState(121)) - c652e2ee-3322-4406-8db6-1ea643cb3197: shutdown FollowerState
2019-10-18 11:24:34,634 [grpc-default-executor-1] INFO  impl.RaftServerImpl (RaftServerImpl.java:setRole(184)) - 54aabb14-4a7d-4ab3-adbe-2e67760b87f4@group-7E32184879DE: changes role from  FOLLOWER to FOLLOWER at term 178 for recognizeCandidate:f535bb4a-cba0-4f9b-9e3e-e4a48b3eda51
2019-10-18 11:24:34,634 [Thread-1080] INFO  impl.FollowerState (FollowerState.java:run(117)) - c652e2ee-3322-4406-8db6-1ea643cb3197@group-7E32184879DE-FollowerState was interrupted: java.lang.InterruptedException: sleep interrupted
2019-10-18 11:24:34,634 [grpc-default-executor-3] INFO  impl.RoleInfo (RoleInfo.java:updateAndGet(143)) - c652e2ee-3322-4406-8db6-1ea643cb3197: start FollowerState
2019-10-18 11:24:34,634 [grpc-default-executor-1] INFO  impl.RoleInfo (RoleInfo.java:shutdownFollowerState(121)) - 54aabb14-4a7d-4ab3-adbe-2e67760b87f4: shutdown FollowerState
2019-10-18 11:24:34,634 [grpc-default-executor-1] INFO  impl.RoleInfo (RoleInfo.java:updateAndGet(143)) - 54aabb14-4a7d-4ab3-adbe-2e67760b87f4: start FollowerState
2019-10-18 11:24:34,634 [Thread-1079] INFO  impl.FollowerState (FollowerState.java:run(117)) - 54aabb14-4a7d-4ab3-adbe-2e67760b87f4@group-7E32184879DE-FollowerState was interrupted: java.lang.InterruptedException: sleep interrupted
2019-10-18 11:24:34,657 [f535bb4a-cba0-4f9b-9e3e-e4a48b3eda51@group-7E32184879DE-LeaderElection148] INFO  impl.LeaderElection (LeaderElection.java:logAndReturn(56)) - f535bb4a-cba0-4f9b-9e3e-e4a48b3eda51@group-7E32184879DE-LeaderElection148: Election REJECTED; received 2 response(s) [f535bb4a-cba0-4f9b-9e3e-e4a48b3eda51<-54aabb14-4a7d-4ab3-adbe-2e67760b87f4#0:FAIL-t178, f535bb4a-cba0-4f9b-9e3e-e4a48b3eda51<-c652e2ee-3322-4406-8db6-1ea643cb3197#0:FAIL-t178] and 0 exception(s); f535bb4a-cba0-4f9b-9e3e-e4a48b3eda51@group-7E32184879DE:t178, leader=null, voted=f535bb4a-cba0-4f9b-9e3e-e4a48b3eda51, raftlog=f535bb4a-cba0-4f9b-9e3e-e4a48b3eda51@group-7E32184879DE-SegmentedRaftLog:OPENED:c-1,f-1,i0, conf=-1: [f535bb4a-cba0-4f9b-9e3e-e4a48b3eda51:0.0.0.0:44706, 54aabb14-4a7d-4ab3-adbe-2e67760b87f4:0.0.0.0:43074, c652e2ee-3322-4406-8db6-1ea643cb3197:0.0.0.0:42129], old=null
2019-10-18 11:24:34,657 [f535bb4a-cba0-4f9b-9e3e-e4a48b3eda51@group-7E32184879DE-LeaderElection148] INFO  impl.RaftServerImpl (RaftServerImpl.java:setRole(184)) - f535bb4a-cba0-4f9b-9e3e-e4a48b3eda51@group-7E32184879DE: changes role from CANDIDATE to FOLLOWER at term 178 for DISCOVERED_A_NEW_TERM
2019-10-18 11:24:34,658 [f535bb4a-cba0-4f9b-9e3e-e4a48b3eda51@group-7E32184879DE-LeaderElection148] INFO  impl.RoleInfo (RoleInfo.java:shutdownLeaderElection(134)) - f535bb4a-cba0-4f9b-9e3e-e4a48b3eda51: shutdown LeaderElection
2019-10-18 11:24:34,658 [f535bb4a-cba0-4f9b-9e3e-e4a48b3eda51@group-7E32184879DE-LeaderElection148] INFO  impl.RoleInfo (RoleInfo.java:updateAndGet(143)) - f535bb4a-cba0-4f9b-9e3e-e4a48b3eda51: start FollowerState
2019-10-18 11:24:34,822 [Thread-1087] INFO  impl.FollowerState (FollowerState.java:run(108)) - f535bb4a-cba0-4f9b-9e3e-e4a48b3eda51@group-7E32184879DE-FollowerState: change to CANDIDATE, lastRpcTime:164ms, electionTimeout:164ms
2019-10-18 11:24:34,823 [Thread-1087] INFO  impl.RoleInfo (RoleInfo.java:shutdownFollowerState(121)) - f535bb4a-cba0-4f9b-9e3e-e4a48b3eda51: shutdown FollowerState
2019-10-18 11:24:34,823 [Thread-1087] INFO  impl.RaftServerImpl (RaftServerImpl.java:setRole(184)) - f535bb4a-cba0-4f9b-9e3e-e4a48b3eda51@group-7E32184879DE: changes role from  FOLLOWER to CANDIDATE at term 178 for changeToCandidate
2019-10-18 11:24:34,823 [Thread-1087] INFO  impl.RoleInfo (RoleInfo.java:updateAndGet(143)) - f535bb4a-cba0-4f9b-9e3e-e4a48b3eda51: start LeaderElection
2019-10-18 11:24:34,847 [f535bb4a-cba0-4f9b-9e3e-e4a48b3eda51@group-7E32184879DE-LeaderElection149] INFO  impl.LeaderElection (LeaderElection.java:askForVotes(178)) - f535bb4a-cba0-4f9b-9e3e-e4a48b3eda51@group-7E32184879DE-LeaderElection149: begin an election at term 179 for -1: [f535bb4a-cba0-4f9b-9e3e-e4a48b3eda51:0.0.0.0:44706, 54aabb14-4a7d-4ab3-adbe-2e67760b87f4:0.0.0.0:43074, c652e2ee-3322-4406-8db6-1ea643cb3197:0.0.0.0:42129], old=null
2019-10-18 11:24:34,849 [grpc-default-executor-1] INFO  impl.RaftServerImpl (RaftServerImpl.java:setRole(184)) - 54aabb14-4a7d-4ab3-adbe-2e67760b87f4@group-7E32184879DE: changes role from  FOLLOWER to FOLLOWER at term 179 for recognizeCandidate:f535bb4a-cba0-4f9b-9e3e-e4a48b3eda51
2019-10-18 11:24:34,849 [grpc-default-executor-3] INFO  impl.RaftServerImpl (RaftServerImpl.java:setRole(184)) - c652e2ee-3322-4406-8db6-1ea643cb3197@group-7E32184879DE: changes role from  FOLLOWER to FOLLOWER at term 179 for recognizeCandidate:f535bb4a-cba0-4f9b-9e3e-e4a48b3eda51
2019-10-18 11:24:34,850 [grpc-default-executor-1] INFO  impl.RoleInfo (RoleInfo.java:shutdownFollowerState(121)) - 54aabb14-4a7d-4ab3-adbe-2e67760b87f4: shutdown FollowerState
2019-10-18 11:24:34,850 [grpc-default-executor-3] INFO  impl.RoleInfo (RoleInfo.java:shutdownFollowerState(121)) - c652e2ee-3322-4406-8db6-1ea643cb3197: shutdown FollowerState
2019-10-18 11:24:34,850 [grpc-default-executor-1] INFO  impl.RoleInfo (RoleInfo.java:updateAndGet(143)) - 54aabb14-4a7d-4ab3-adbe-2e67760b87f4: start FollowerState
2019-10-18 11:24:34,850 [Thread-1086] INFO  impl.FollowerState (FollowerState.java:run(117)) - 54aabb14-4a7d-4ab3-adbe-2e67760b87f4@group-7E32184879DE-FollowerState was interrupted: java.lang.InterruptedException: sleep interrupted
2019-10-18 11:24:34,850 [Thread-1085] INFO  impl.FollowerState (FollowerState.java:run(117)) - c652e2ee-3322-4406-8db6-1ea643cb3197@group-7E32184879DE-FollowerState was interrupted: java.lang.InterruptedException: sleep interrupted
2019-10-18 11:24:34,850 [grpc-default-executor-3] INFO  impl.RoleInfo (RoleInfo.java:updateAndGet(143)) - c652e2ee-3322-4406-8db6-1ea643cb3197: start FollowerState
2019-10-18 11:24:34,875 [f535bb4a-cba0-4f9b-9e3e-e4a48b3eda51@group-7E32184879DE-LeaderElection149] INFO  impl.LeaderElection (LeaderElection.java:logAndReturn(56)) - f535bb4a-cba0-4f9b-9e3e-e4a48b3eda51@group-7E32184879DE-LeaderElection149: Election REJECTED; received 2 response(s) [f535bb4a-cba0-4f9b-9e3e-e4a48b3eda51<-54aabb14-4a7d-4ab3-adbe-2e67760b87f4#0:FAIL-t179, f535bb4a-cba0-4f9b-9e3e-e4a48b3eda51<-c652e2ee-3322-4406-8db6-1ea643cb3197#0:FAIL-t179] and 0 exception(s); f535bb4a-cba0-4f9b-9e3e-e4a48b3eda51@group-7E32184879DE:t179, leader=null, voted=f535bb4a-cba0-4f9b-9e3e-e4a48b3eda51, raftlog=f535bb4a-cba0-4f9b-9e3e-e4a48b3eda51@group-7E32184879DE-SegmentedRaftLog:OPENED:c-1,f-1,i0, conf=-1: [f535bb4a-cba0-4f9b-9e3e-e4a48b3eda51:0.0.0.0:44706, 54aabb14-4a7d-4ab3-adbe-2e67760b87f4:0.0.0.0:43074, c652e2ee-3322-4406-8db6-1ea643cb3197:0.0.0.0:42129], old=null
2019-10-18 11:24:34,876 [f535bb4a-cba0-4f9b-9e3e-e4a48b3eda51@group-7E32184879DE-LeaderElection149] INFO  impl.RaftServerImpl (RaftServerImpl.java:setRole(184)) - f535bb4a-cba0-4f9b-9e3e-e4a48b3eda51@group-7E32184879DE: changes role from CANDIDATE to FOLLOWER at term 179 for DISCOVERED_A_NEW_TERM
2019-10-18 11:24:34,876 [f535bb4a-cba0-4f9b-9e3e-e4a48b3eda51@group-7E32184879DE-LeaderElection149] INFO  impl.RoleInfo (RoleInfo.java:shutdownLeaderElection(134)) - f535bb4a-cba0-4f9b-9e3e-e4a48b3eda51: shutdown LeaderElection
2019-10-18 11:24:34,876 [f535bb4a-cba0-4f9b-9e3e-e4a48b3eda51@group-7E32184879DE-LeaderElection149] INFO  impl.RoleInfo (RoleInfo.java:updateAndGet(143)) - f535bb4a-cba0-4f9b-9e3e-e4a48b3eda51: start FollowerState
2019-10-18 11:24:35,039 [Thread-1093] INFO  impl.FollowerState (FollowerState.java:run(108)) - f535bb4a-cba0-4f9b-9e3e-e4a48b3eda51@group-7E32184879DE-FollowerState: change to CANDIDATE, lastRpcTime:163ms, electionTimeout:163ms
2019-10-18 11:24:35,039 [Thread-1093] INFO  impl.RoleInfo (RoleInfo.java:shutdownFollowerState(121)) - f535bb4a-cba0-4f9b-9e3e-e4a48b3eda51: shutdown FollowerState
2019-10-18 11:24:35,040 [Thread-1093] INFO  impl.RaftServerImpl (RaftServerImpl.java:setRole(184)) - f535bb4a-cba0-4f9b-9e3e-e4a48b3eda51@group-7E32184879DE: changes role from  FOLLOWER to CANDIDATE at term 179 for changeToCandidate
2019-10-18 11:24:35,040 [Thread-1093] INFO  impl.RoleInfo (RoleInfo.java:updateAndGet(143)) - f535bb4a-cba0-4f9b-9e3e-e4a48b3eda51: start LeaderElection
2019-10-18 11:24:35,066 [f535bb4a-cba0-4f9b-9e3e-e4a48b3eda51@group-7E32184879DE-LeaderElection150] INFO  impl.LeaderElection (LeaderElection.java:askForVotes(178)) - f535bb4a-cba0-4f9b-9e3e-e4a48b3eda51@group-7E32184879DE-LeaderElection150: begin an election at term 180 for -1: [f535bb4a-cba0-4f9b-9e3e-e4a48b3eda51:0.0.0.0:44706, 54aabb14-4a7d-4ab3-adbe-2e67760b87f4:0.0.0.0:43074, c652e2ee-3322-4406-8db6-1ea643cb3197:0.0.0.0:42129], old=null
2019-10-18 11:24:35,068 [grpc-default-executor-1] INFO  impl.RaftServerImpl (RaftServerImpl.java:setRole(184)) - 54aabb14-4a7d-4ab3-adbe-2e67760b87f4@group-7E32184879DE: changes role from  FOLLOWER to FOLLOWER at term 180 for recognizeCandidate:f535bb4a-cba0-4f9b-9e3e-e4a48b3eda51
2019-10-18 11:24:35,068 [grpc-default-executor-1] INFO  impl.RoleInfo (RoleInfo.java:shutdownFollowerState(121)) - 54aabb14-4a7d-4ab3-adbe-2e67760b87f4: shutdown FollowerState
2019-10-18 11:24:35,068 [grpc-default-executor-3] INFO  impl.RaftServerImpl (RaftServerImpl.java:setRole(184)) - c652e2ee-3322-4406-8db6-1ea643cb3197@group-7E32184879DE: changes role from  FOLLOWER to FOLLOWER at term 180 for recognizeCandidate:f535bb4a-cba0-4f9b-9e3e-e4a48b3eda51
2019-10-18 11:24:35,068 [Thread-1091] INFO  impl.FollowerState (FollowerState.java:run(117)) - 54aabb14-4a7d-4ab3-adbe-2e67760b87f4@group-7E32184879DE-FollowerState was interrupted: java.lang.InterruptedException: sleep interrupted
2019-10-18 11:24:35,068 [grpc-default-executor-1] INFO  impl.RoleInfo (RoleInfo.java:updateAndGet(143)) - 54aabb14-4a7d-4ab3-adbe-2e67760b87f4: start FollowerState
2019-10-18 11:24:35,068 [grpc-default-executor-3] INFO  impl.RoleInfo (RoleInfo.java:shutdownFollowerState(121)) - c652e2ee-3322-4406-8db6-1ea643cb3197: shutdown FollowerState
2019-10-18 11:24:35,069 [Thread-1092] INFO  impl.FollowerState (FollowerState.java:run(117)) - c652e2ee-3322-4406-8db6-1ea643cb3197@group-7E32184879DE-FollowerState was interrupted: java.lang.InterruptedException: sleep interrupted
2019-10-18 11:24:35,069 [grpc-default-executor-3] INFO  impl.RoleInfo (RoleInfo.java:updateAndGet(143)) - c652e2ee-3322-4406-8db6-1ea643cb3197: start FollowerState
2019-10-18 11:24:35,093 [f535bb4a-cba0-4f9b-9e3e-e4a48b3eda51@group-7E32184879DE-LeaderElection150] INFO  impl.LeaderElection (LeaderElection.java:logAndReturn(56)) - f535bb4a-cba0-4f9b-9e3e-e4a48b3eda51@group-7E32184879DE-LeaderElection150: Election REJECTED; received 2 response(s) [f535bb4a-cba0-4f9b-9e3e-e4a48b3eda51<-54aabb14-4a7d-4ab3-adbe-2e67760b87f4#0:FAIL-t180, f535bb4a-cba0-4f9b-9e3e-e4a48b3eda51<-c652e2ee-3322-4406-8db6-1ea643cb3197#0:FAIL-t180] and 0 exception(s); f535bb4a-cba0-4f9b-9e3e-e4a48b3eda51@group-7E32184879DE:t180, leader=null, voted=f535bb4a-cba0-4f9b-9e3e-e4a48b3eda51, raftlog=f535bb4a-cba0-4f9b-9e3e-e4a48b3eda51@group-7E32184879DE-SegmentedRaftLog:OPENED:c-1,f-1,i0, conf=-1: [f535bb4a-cba0-4f9b-9e3e-e4a48b3eda51:0.0.0.0:44706, 54aabb14-4a7d-4ab3-adbe-2e67760b87f4:0.0.0.0:43074, c652e2ee-3322-4406-8db6-1ea643cb3197:0.0.0.0:42129], old=null
2019-10-18 11:24:35,093 [f535bb4a-cba0-4f9b-9e3e-e4a48b3eda51@group-7E32184879DE-LeaderElection150] INFO  impl.RaftServerImpl (RaftServerImpl.java:setRole(184)) - f535bb4a-cba0-4f9b-9e3e-e4a48b3eda51@group-7E32184879DE: changes role from CANDIDATE to FOLLOWER at term 180 for DISCOVERED_A_NEW_TERM
2019-10-18 11:24:35,094 [f535bb4a-cba0-4f9b-9e3e-e4a48b3eda51@group-7E32184879DE-LeaderElection150] INFO  impl.RoleInfo (RoleInfo.java:shutdownLeaderElection(134)) - f535bb4a-cba0-4f9b-9e3e-e4a48b3eda51: shutdown LeaderElection
2019-10-18 11:24:35,094 [f535bb4a-cba0-4f9b-9e3e-e4a48b3eda51@group-7E32184879DE-LeaderElection150] INFO  impl.RoleInfo (RoleInfo.java:updateAndGet(143)) - f535bb4a-cba0-4f9b-9e3e-e4a48b3eda51: start FollowerState
2019-10-18 11:24:35,262 [Thread-1099] INFO  impl.FollowerState (FollowerState.java:run(108)) - f535bb4a-cba0-4f9b-9e3e-e4a48b3eda51@group-7E32184879DE-FollowerState: change to CANDIDATE, lastRpcTime:168ms, electionTimeout:168ms
2019-10-18 11:24:35,262 [Thread-1099] INFO  impl.RoleInfo (RoleInfo.java:shutdownFollowerState(121)) - f535bb4a-cba0-4f9b-9e3e-e4a48b3eda51: shutdown FollowerState
2019-10-18 11:24:35,263 [Thread-1099] INFO  impl.RaftServerImpl (RaftServerImpl.java:setRole(184)) - f535bb4a-cba0-4f9b-9e3e-e4a48b3eda51@group-7E32184879DE: changes role from  FOLLOWER to CANDIDATE at term 180 for changeToCandidate
2019-10-18 11:24:35,263 [Thread-1099] INFO  impl.RoleInfo (RoleInfo.java:updateAndGet(143)) - f535bb4a-cba0-4f9b-9e3e-e4a48b3eda51: start LeaderElection
2019-10-18 11:24:35,287 [f535bb4a-cba0-4f9b-9e3e-e4a48b3eda51@group-7E32184879DE-LeaderElection151] INFO  impl.LeaderElection (LeaderElection.java:askForVotes(178)) - f535bb4a-cba0-4f9b-9e3e-e4a48b3eda51@group-7E32184879DE-LeaderElection151: begin an election at term 181 for -1: [f535bb4a-cba0-4f9b-9e3e-e4a48b3eda51:0.0.0.0:44706, 54aabb14-4a7d-4ab3-adbe-2e67760b87f4:0.0.0.0:43074, c652e2ee-3322-4406-8db6-1ea643cb3197:0.0.0.0:42129], old=null
2019-10-18 11:24:35,290 [grpc-default-executor-1] INFO  impl.RaftServerImpl (RaftServerImpl.java:setRole(184)) - c652e2ee-3322-4406-8db6-1ea643cb3197@group-7E32184879DE: changes role from  FOLLOWER to FOLLOWER at term 181 for recognizeCandidate:f535bb4a-cba0-4f9b-9e3e-e4a48b3eda51
2019-10-18 11:24:35,290 [grpc-default-executor-3] INFO  impl.RaftServerImpl (RaftServerImpl.java:setRole(184)) - 54aabb14-4a7d-4ab3-adbe-2e67760b87f4@group-7E32184879DE: changes role from  FOLLOWER to FOLLOWER at term 181 for recognizeCandidate:f535bb4a-cba0-4f9b-9e3e-e4a48b3eda51
2019-10-18 11:24:35,290 [grpc-default-executor-1] INFO  impl.RoleInfo (RoleInfo.java:shutdownFollowerState(121)) - c652e2ee-3322-4406-8db6-1ea643cb3197: shutdown FollowerState
2019-10-18 11:24:35,290 [grpc-default-executor-3] INFO  impl.RoleInfo (RoleInfo.java:shutdownFollowerState(121)) - 54aabb14-4a7d-4ab3-adbe-2e67760b87f4: shutdown FollowerState
2019-10-18 11:24:35,290 [grpc-default-executor-3] INFO  impl.RoleInfo (RoleInfo.java:updateAndGet(143)) - 54aabb14-4a7d-4ab3-adbe-2e67760b87f4: start FollowerState
2019-10-18 11:24:35,290 [Thread-1098] INFO  impl.FollowerState (FollowerState.java:run(117)) - c652e2ee-3322-4406-8db6-1ea643cb3197@group-7E32184879DE-FollowerState was interrupted: java.lang.InterruptedException: sleep interrupted
2019-10-18 11:24:35,290 [grpc-default-executor-1] INFO  impl.RoleInfo (RoleInfo.java:updateAndGet(143)) - c652e2ee-3322-4406-8db6-1ea643cb3197: start FollowerState
2019-10-18 11:24:35,290 [Thread-1097] INFO  impl.FollowerState (FollowerState.java:run(117)) - 54aabb14-4a7d-4ab3-adbe-2e67760b87f4@group-7E32184879DE-FollowerState was interrupted: java.lang.InterruptedException: sleep interrupted
2019-10-18 11:24:35,315 [f535bb4a-cba0-4f9b-9e3e-e4a48b3eda51@group-7E32184879DE-LeaderElection151] INFO  impl.LeaderElection (LeaderElection.java:logAndReturn(56)) - f535bb4a-cba0-4f9b-9e3e-e4a48b3eda51@group-7E32184879DE-LeaderElection151: Election REJECTED; received 2 response(s) [f535bb4a-cba0-4f9b-9e3e-e4a48b3eda51<-54aabb14-4a7d-4ab3-adbe-2e67760b87f4#0:FAIL-t181, f535bb4a-cba0-4f9b-9e3e-e4a48b3eda51<-c652e2ee-3322-4406-8db6-1ea643cb3197#0:FAIL-t181] and 0 exception(s); f535bb4a-cba0-4f9b-9e3e-e4a48b3eda51@group-7E32184879DE:t181, leader=null, voted=f535bb4a-cba0-4f9b-9e3e-e4a48b3eda51, raftlog=f535bb4a-cba0-4f9b-9e3e-e4a48b3eda51@group-7E32184879DE-SegmentedRaftLog:OPENED:c-1,f-1,i0, conf=-1: [f535bb4a-cba0-4f9b-9e3e-e4a48b3eda51:0.0.0.0:44706, 54aabb14-4a7d-4ab3-adbe-2e67760b87f4:0.0.0.0:43074, c652e2ee-3322-4406-8db6-1ea643cb3197:0.0.0.0:42129], old=null
2019-10-18 11:24:35,315 [f535bb4a-cba0-4f9b-9e3e-e4a48b3eda51@group-7E32184879DE-LeaderElection151] INFO  impl.RaftServerImpl (RaftServerImpl.java:setRole(184)) - f535bb4a-cba0-4f9b-9e3e-e4a48b3eda51@group-7E32184879DE: changes role from CANDIDATE to FOLLOWER at term 181 for DISCOVERED_A_NEW_TERM
2019-10-18 11:24:35,315 [f535bb4a-cba0-4f9b-9e3e-e4a48b3eda51@group-7E32184879DE-LeaderElection151] INFO  impl.RoleInfo (RoleInfo.java:shutdownLeaderElection(134)) - f535bb4a-cba0-4f9b-9e3e-e4a48b3eda51: shutdown LeaderElection
2019-10-18 11:24:35,315 [f535bb4a-cba0-4f9b-9e3e-e4a48b3eda51@group-7E32184879DE-LeaderElection151] INFO  impl.RoleInfo (RoleInfo.java:updateAndGet(143)) - f535bb4a-cba0-4f9b-9e3e-e4a48b3eda51: start FollowerState
2019-10-18 11:24:35,443 [Thread-1107] INFO  impl.FollowerState (FollowerState.java:run(108)) - f535bb4a-cba0-4f9b-9e3e-e4a48b3eda51@group-7E32184879DE-FollowerState: change to CANDIDATE, lastRpcTime:127ms, electionTimeout:127ms
2019-10-18 11:24:35,443 [Thread-1107] INFO  impl.RoleInfo (RoleInfo.java:shutdownFollowerState(121)) - f535bb4a-cba0-4f9b-9e3e-e4a48b3eda51: shutdown FollowerState
2019-10-18 11:24:35,443 [Thread-1107] INFO  impl.RaftServerImpl (RaftServerImpl.java:setRole(184)) - f535bb4a-cba0-4f9b-9e3e-e4a48b3eda51@group-7E32184879DE: changes role from  FOLLOWER to CANDIDATE at term 181 for changeToCandidate
2019-10-18 11:24:35,443 [Thread-1107] INFO  impl.RoleInfo (RoleInfo.java:updateAndGet(143)) - f535bb4a-cba0-4f9b-9e3e-e4a48b3eda51: start LeaderElection
2019-10-18 11:24:35,484 [f535bb4a-cba0-4f9b-9e3e-e4a48b3eda51@group-7E32184879DE-LeaderElection152] INFO  impl.LeaderElection (LeaderElection.java:askForVotes(178)) - f535bb4a-cba0-4f9b-9e3e-e4a48b3eda51@group-7E32184879DE-LeaderElection152: begin an election at term 182 for -1: [f535bb4a-cba0-4f9b-9e3e-e4a48b3eda51:0.0.0.0:44706, 54aabb14-4a7d-4ab3-adbe-2e67760b87f4:0.0.0.0:43074, c652e2ee-3322-4406-8db6-1ea643cb3197:0.0.0.0:42129], old=null
2019-10-18 11:24:35,486 [grpc-default-executor-1] INFO  impl.RaftServerImpl (RaftServerImpl.java:setRole(184)) - 54aabb14-4a7d-4ab3-adbe-2e67760b87f4@group-7E32184879DE: changes role from  FOLLOWER to FOLLOWER at term 182 for recognizeCandidate:f535bb4a-cba0-4f9b-9e3e-e4a48b3eda51
2019-10-18 11:24:35,487 [grpc-default-executor-3] INFO  impl.RaftServerImpl (RaftServerImpl.java:setRole(184)) - c652e2ee-3322-4406-8db6-1ea643cb3197@group-7E32184879DE: changes role from  FOLLOWER to FOLLOWER at term 182 for recognizeCandidate:f535bb4a-cba0-4f9b-9e3e-e4a48b3eda51
2019-10-18 11:24:35,487 [grpc-default-executor-1] INFO  impl.RoleInfo (RoleInfo.java:shutdownFollowerState(121)) - 54aabb14-4a7d-4ab3-adbe-2e67760b87f4: shutdown FollowerState
2019-10-18 11:24:35,487 [grpc-default-executor-3] INFO  impl.RoleInfo (RoleInfo.java:shutdownFollowerState(121)) - c652e2ee-3322-4406-8db6-1ea643cb3197: shutdown FollowerState
2019-10-18 11:24:35,487 [Thread-1106] INFO  impl.FollowerState (FollowerState.java:run(117)) - 54aabb14-4a7d-4ab3-adbe-2e67760b87f4@group-7E32184879DE-FollowerState was interrupted: java.lang.InterruptedException: sleep interrupted
2019-10-18 11:24:35,487 [grpc-default-executor-1] INFO  impl.RoleInfo (RoleInfo.java:updateAndGet(143)) - 54aabb14-4a7d-4ab3-adbe-2e67760b87f4: start FollowerState
2019-10-18 11:24:35,487 [Thread-1105] INFO  impl.FollowerState (FollowerState.java:run(117)) - c652e2ee-3322-4406-8db6-1ea643cb3197@group-7E32184879DE-FollowerState was interrupted: java.lang.InterruptedException: sleep interrupted
2019-10-18 11:24:35,487 [grpc-default-executor-3] INFO  impl.RoleInfo (RoleInfo.java:updateAndGet(143)) - c652e2ee-3322-4406-8db6-1ea643cb3197: start FollowerState
2019-10-18 11:24:35,527 [f535bb4a-cba0-4f9b-9e3e-e4a48b3eda51@group-7E32184879DE-LeaderElection152] INFO  impl.LeaderElection (LeaderElection.java:logAndReturn(56)) - f535bb4a-cba0-4f9b-9e3e-e4a48b3eda51@group-7E32184879DE-LeaderElection152: Election REJECTED; received 2 response(s) [f535bb4a-cba0-4f9b-9e3e-e4a48b3eda51<-54aabb14-4a7d-4ab3-adbe-2e67760b87f4#0:FAIL-t182, f535bb4a-cba0-4f9b-9e3e-e4a48b3eda51<-c652e2ee-3322-4406-8db6-1ea643cb3197#0:FAIL-t182] and 0 exception(s); f535bb4a-cba0-4f9b-9e3e-e4a48b3eda51@group-7E32184879DE:t182, leader=null, voted=f535bb4a-cba0-4f9b-9e3e-e4a48b3eda51, raftlog=f535bb4a-cba0-4f9b-9e3e-e4a48b3eda51@group-7E32184879DE-SegmentedRaftLog:OPENED:c-1,f-1,i0, conf=-1: [f535bb4a-cba0-4f9b-9e3e-e4a48b3eda51:0.0.0.0:44706, 54aabb14-4a7d-4ab3-adbe-2e67760b87f4:0.0.0.0:43074, c652e2ee-3322-4406-8db6-1ea643cb3197:0.0.0.0:42129], old=null
2019-10-18 11:24:35,527 [f535bb4a-cba0-4f9b-9e3e-e4a48b3eda51@group-7E32184879DE-LeaderElection152] INFO  impl.RaftServerImpl (RaftServerImpl.java:setRole(184)) - f535bb4a-cba0-4f9b-9e3e-e4a48b3eda51@group-7E32184879DE: changes role from CANDIDATE to FOLLOWER at term 182 for DISCOVERED_A_NEW_TERM
2019-10-18 11:24:35,527 [f535bb4a-cba0-4f9b-9e3e-e4a48b3eda51@group-7E32184879DE-LeaderElection152] INFO  impl.RoleInfo (RoleInfo.java:shutdownLeaderElection(134)) - f535bb4a-cba0-4f9b-9e3e-e4a48b3eda51: shutdown LeaderElection
2019-10-18 11:24:35,527 [f535bb4a-cba0-4f9b-9e3e-e4a48b3eda51@group-7E32184879DE-LeaderElection152] INFO  impl.RoleInfo (RoleInfo.java:updateAndGet(143)) - f535bb4a-cba0-4f9b-9e3e-e4a48b3eda51: start FollowerState
2019-10-18 11:24:35,534 [Thread-1113] INFO  impl.FollowerState (FollowerState.java:run(108)) - f535bb4a-cba0-4f9b-9e3e-e4a48b3eda51@group-7E32184879DE-FollowerState: change to CANDIDATE, lastRpcTime:6ms, electionTimeout:6ms
2019-10-18 11:24:35,534 [Thread-1113] INFO  impl.RoleInfo (RoleInfo.java:shutdownFollowerState(121)) - f535bb4a-cba0-4f9b-9e3e-e4a48b3eda51: shutdown FollowerState
2019-10-18 11:24:35,534 [Thread-1113] INFO  impl.RaftServerImpl (RaftServerImpl.java:setRole(184)) - f535bb4a-cba0-4f9b-9e3e-e4a48b3eda51@group-7E32184879DE: changes role from  FOLLOWER to CANDIDATE at term 182 for changeToCandidate
2019-10-18 11:24:35,534 [Thread-1113] INFO  impl.RoleInfo (RoleInfo.java:updateAndGet(143)) - f535bb4a-cba0-4f9b-9e3e-e4a48b3eda51: start LeaderElection
2019-10-18 11:24:35,559 [f535bb4a-cba0-4f9b-9e3e-e4a48b3eda51@group-7E32184879DE-LeaderElection153] INFO  impl.LeaderElection (LeaderElection.java:askForVotes(178)) - f535bb4a-cba0-4f9b-9e3e-e4a48b3eda51@group-7E32184879DE-LeaderElection153: begin an election at term 183 for -1: [f535bb4a-cba0-4f9b-9e3e-e4a48b3eda51:0.0.0.0:44706, 54aabb14-4a7d-4ab3-adbe-2e67760b87f4:0.0.0.0:43074, c652e2ee-3322-4406-8db6-1ea643cb3197:0.0.0.0:42129], old=null
2019-10-18 11:24:35,562 [grpc-default-executor-3] INFO  impl.RaftServerImpl (RaftServerImpl.java:setRole(184)) - 54aabb14-4a7d-4ab3-adbe-2e67760b87f4@group-7E32184879DE: changes role from  FOLLOWER to FOLLOWER at term 183 for recognizeCandidate:f535bb4a-cba0-4f9b-9e3e-e4a48b3eda51
2019-10-18 11:24:35,562 [grpc-default-executor-3] INFO  impl.RoleInfo (RoleInfo.java:shutdownFollowerState(121)) - 54aabb14-4a7d-4ab3-adbe-2e67760b87f4: shutdown FollowerState
2019-10-18 11:24:35,563 [grpc-default-executor-3] INFO  impl.RoleInfo (RoleInfo.java:updateAndGet(143)) - 54aabb14-4a7d-4ab3-adbe-2e67760b87f4: start FollowerState
2019-10-18 11:24:35,563 [Thread-1111] INFO  impl.FollowerState (FollowerState.java:run(117)) - 54aabb14-4a7d-4ab3-adbe-2e67760b87f4@group-7E32184879DE-FollowerState was interrupted: java.lang.InterruptedException: sleep interrupted
2019-10-18 11:24:35,563 [grpc-default-executor-1] INFO  impl.RaftServerImpl (RaftServerImpl.java:setRole(184)) - c652e2ee-3322-4406-8db6-1ea643cb3197@group-7E32184879DE: changes role from  FOLLOWER to FOLLOWER at term 183 for recognizeCandidate:f535bb4a-cba0-4f9b-9e3e-e4a48b3eda51
2019-10-18 11:24:35,563 [grpc-default-executor-1] INFO  impl.RoleInfo (RoleInfo.java:shutdownFollowerState(121)) - c652e2ee-3322-4406-8db6-1ea643cb3197: shutdown FollowerState
2019-10-18 11:24:35,563 [grpc-default-executor-1] INFO  impl.RoleInfo (RoleInfo.java:updateAndGet(143)) - c652e2ee-3322-4406-8db6-1ea643cb3197: start FollowerState
2019-10-18 11:24:35,563 [Thread-1112] INFO  impl.FollowerState (FollowerState.java:run(117)) - c652e2ee-3322-4406-8db6-1ea643cb3197@group-7E32184879DE-FollowerState was interrupted: java.lang.InterruptedException: sleep interrupted
2019-10-18 11:24:35,586 [f535bb4a-cba0-4f9b-9e3e-e4a48b3eda51@group-7E32184879DE-LeaderElection153] INFO  impl.LeaderElection (LeaderElection.java:logAndReturn(56)) - f535bb4a-cba0-4f9b-9e3e-e4a48b3eda51@group-7E32184879DE-LeaderElection153: Election REJECTED; received 2 response(s) [f535bb4a-cba0-4f9b-9e3e-e4a48b3eda51<-54aabb14-4a7d-4ab3-adbe-2e67760b87f4#0:FAIL-t183, f535bb4a-cba0-4f9b-9e3e-e4a48b3eda51<-c652e2ee-3322-4406-8db6-1ea643cb3197#0:FAIL-t183] and 0 exception(s); f535bb4a-cba0-4f9b-9e3e-e4a48b3eda51@group-7E32184879DE:t183, leader=null, voted=f535bb4a-cba0-4f9b-9e3e-e4a48b3eda51, raftlog=f535bb4a-cba0-4f9b-9e3e-e4a48b3eda51@group-7E32184879DE-SegmentedRaftLog:OPENED:c-1,f-1,i0, conf=-1: [f535bb4a-cba0-4f9b-9e3e-e4a48b3eda51:0.0.0.0:44706, 54aabb14-4a7d-4ab3-adbe-2e67760b87f4:0.0.0.0:43074, c652e2ee-3322-4406-8db6-1ea643cb3197:0.0.0.0:42129], old=null
2019-10-18 11:24:35,586 [f535bb4a-cba0-4f9b-9e3e-e4a48b3eda51@group-7E32184879DE-LeaderElection153] INFO  impl.RaftServerImpl (RaftServerImpl.java:setRole(184)) - f535bb4a-cba0-4f9b-9e3e-e4a48b3eda51@group-7E32184879DE: changes role from CANDIDATE to FOLLOWER at term 183 for DISCOVERED_A_NEW_TERM
2019-10-18 11:24:35,586 [f535bb4a-cba0-4f9b-9e3e-e4a48b3eda51@group-7E32184879DE-LeaderElection153] INFO  impl.RoleInfo (RoleInfo.java:shutdownLeaderElection(134)) - f535bb4a-cba0-4f9b-9e3e-e4a48b3eda51: shutdown LeaderElection
2019-10-18 11:24:35,586 [f535bb4a-cba0-4f9b-9e3e-e4a48b3eda51@group-7E32184879DE-LeaderElection153] INFO  impl.RoleInfo (RoleInfo.java:updateAndGet(143)) - f535bb4a-cba0-4f9b-9e3e-e4a48b3eda51: start FollowerState
2019-10-18 11:24:35,767 [Thread-1119] INFO  impl.FollowerState (FollowerState.java:run(108)) - f535bb4a-cba0-4f9b-9e3e-e4a48b3eda51@group-7E32184879DE-FollowerState: change to CANDIDATE, lastRpcTime:180ms, electionTimeout:180ms
2019-10-18 11:24:35,767 [Thread-1119] INFO  impl.RoleInfo (RoleInfo.java:shutdownFollowerState(121)) - f535bb4a-cba0-4f9b-9e3e-e4a48b3eda51: shutdown FollowerState
2019-10-18 11:24:35,767 [Thread-1119] INFO  impl.RaftServerImpl (RaftServerImpl.java:setRole(184)) - f535bb4a-cba0-4f9b-9e3e-e4a48b3eda51@group-7E32184879DE: changes role from  FOLLOWER to CANDIDATE at term 183 for changeToCandidate
2019-10-18 11:24:35,767 [Thread-1119] INFO  impl.RoleInfo (RoleInfo.java:updateAndGet(143)) - f535bb4a-cba0-4f9b-9e3e-e4a48b3eda51: start LeaderElection
2019-10-18 11:24:35,794 [f535bb4a-cba0-4f9b-9e3e-e4a48b3eda51@group-7E32184879DE-LeaderElection154] INFO  impl.LeaderElection (LeaderElection.java:askForVotes(178)) - f535bb4a-cba0-4f9b-9e3e-e4a48b3eda51@group-7E32184879DE-LeaderElection154: begin an election at term 184 for -1: [f535bb4a-cba0-4f9b-9e3e-e4a48b3eda51:0.0.0.0:44706, 54aabb14-4a7d-4ab3-adbe-2e67760b87f4:0.0.0.0:43074, c652e2ee-3322-4406-8db6-1ea643cb3197:0.0.0.0:42129], old=null
2019-10-18 11:24:35,797 [grpc-default-executor-3] INFO  impl.RaftServerImpl (RaftServerImpl.java:setRole(184)) - c652e2ee-3322-4406-8db6-1ea643cb3197@group-7E32184879DE: changes role from  FOLLOWER to FOLLOWER at term 184 for recognizeCandidate:f535bb4a-cba0-4f9b-9e3e-e4a48b3eda51
2019-10-18 11:24:35,797 [grpc-default-executor-1] INFO  impl.RaftServerImpl (RaftServerImpl.java:setRole(184)) - 54aabb14-4a7d-4ab3-adbe-2e67760b87f4@group-7E32184879DE: changes role from  FOLLOWER to FOLLOWER at term 184 for recognizeCandidate:f535bb4a-cba0-4f9b-9e3e-e4a48b3eda51
2019-10-18 11:24:35,797 [grpc-default-executor-3] INFO  impl.RoleInfo (RoleInfo.java:shutdownFollowerState(121)) - c652e2ee-3322-4406-8db6-1ea643cb3197: shutdown FollowerState
2019-10-18 11:24:35,797 [grpc-default-executor-1] INFO  impl.RoleInfo (RoleInfo.java:shutdownFollowerState(121)) - 54aabb14-4a7d-4ab3-adbe-2e67760b87f4: shutdown FollowerState
2019-10-18 11:24:35,798 [Thread-1118] INFO  impl.FollowerState (FollowerState.java:run(117)) - c652e2ee-3322-4406-8db6-1ea643cb3197@group-7E32184879DE-FollowerState was interrupted: java.lang.InterruptedException: sleep interrupted
2019-10-18 11:24:35,797 [grpc-default-executor-3] INFO  impl.RoleInfo (RoleInfo.java:updateAndGet(143)) - c652e2ee-3322-4406-8db6-1ea643cb3197: start FollowerState
2019-10-18 11:24:35,798 [Thread-1117] INFO  impl.FollowerState (FollowerState.java:run(117)) - 54aabb14-4a7d-4ab3-adbe-2e67760b87f4@group-7E32184879DE-FollowerState was interrupted: java.lang.InterruptedException: sleep interrupted
2019-10-18 11:24:35,798 [grpc-default-executor-1] INFO  impl.RoleInfo (RoleInfo.java:updateAndGet(143)) - 54aabb14-4a7d-4ab3-adbe-2e67760b87f4: start FollowerState
2019-10-18 11:24:35,828 [f535bb4a-cba0-4f9b-9e3e-e4a48b3eda51@group-7E32184879DE-LeaderElection154] INFO  impl.LeaderElection (LeaderElection.java:logAndReturn(56)) - f535bb4a-cba0-4f9b-9e3e-e4a48b3eda51@group-7E32184879DE-LeaderElection154: Election REJECTED; received 2 response(s) [f535bb4a-cba0-4f9b-9e3e-e4a48b3eda51<-54aabb14-4a7d-4ab3-adbe-2e67760b87f4#0:FAIL-t184, f535bb4a-cba0-4f9b-9e3e-e4a48b3eda51<-c652e2ee-3322-4406-8db6-1ea643cb3197#0:FAIL-t184] and 0 exception(s); f535bb4a-cba0-4f9b-9e3e-e4a48b3eda51@group-7E32184879DE:t184, leader=null, voted=f535bb4a-cba0-4f9b-9e3e-e4a48b3eda51, raftlog=f535bb4a-cba0-4f9b-9e3e-e4a48b3eda51@group-7E32184879DE-SegmentedRaftLog:OPENED:c-1,f-1,i0, conf=-1: [f535bb4a-cba0-4f9b-9e3e-e4a48b3eda51:0.0.0.0:44706, 54aabb14-4a7d-4ab3-adbe-2e67760b87f4:0.0.0.0:43074, c652e2ee-3322-4406-8db6-1ea643cb3197:0.0.0.0:42129], old=null
2019-10-18 11:24:35,828 [f535bb4a-cba0-4f9b-9e3e-e4a48b3eda51@group-7E32184879DE-LeaderElection154] INFO  impl.RaftServerImpl (RaftServerImpl.java:setRole(184)) - f535bb4a-cba0-4f9b-9e3e-e4a48b3eda51@group-7E32184879DE: changes role from CANDIDATE to FOLLOWER at term 184 for DISCOVERED_A_NEW_TERM
2019-10-18 11:24:35,829 [f535bb4a-cba0-4f9b-9e3e-e4a48b3eda51@group-7E32184879DE-LeaderElection154] INFO  impl.RoleInfo (RoleInfo.java:shutdownLeaderElection(134)) - f535bb4a-cba0-4f9b-9e3e-e4a48b3eda51: shutdown LeaderElection
2019-10-18 11:24:35,829 [f535bb4a-cba0-4f9b-9e3e-e4a48b3eda51@group-7E32184879DE-LeaderElection154] INFO  impl.RoleInfo (RoleInfo.java:updateAndGet(143)) - f535bb4a-cba0-4f9b-9e3e-e4a48b3eda51: start FollowerState
2019-10-18 11:24:35,876 [Thread-1125] INFO  impl.FollowerState (FollowerState.java:run(108)) - f535bb4a-cba0-4f9b-9e3e-e4a48b3eda51@group-7E32184879DE-FollowerState: change to CANDIDATE, lastRpcTime:47ms, electionTimeout:47ms
2019-10-18 11:24:35,877 [Thread-1125] INFO  impl.RoleInfo (RoleInfo.java:shutdownFollowerState(121)) - f535bb4a-cba0-4f9b-9e3e-e4a48b3eda51: shutdown FollowerState
2019-10-18 11:24:35,877 [Thread-1125] INFO  impl.RaftServerImpl (RaftServerImpl.java:setRole(184)) - f535bb4a-cba0-4f9b-9e3e-e4a48b3eda51@group-7E32184879DE: changes role from  FOLLOWER to CANDIDATE at term 184 for changeToCandidate
2019-10-18 11:24:35,877 [Thread-1125] INFO  impl.RoleInfo (RoleInfo.java:updateAndGet(143)) - f535bb4a-cba0-4f9b-9e3e-e4a48b3eda51: start LeaderElection
2019-10-18 11:24:35,903 [f535bb4a-cba0-4f9b-9e3e-e4a48b3eda51@group-7E32184879DE-LeaderElection155] INFO  impl.LeaderElection (LeaderElection.java:askForVotes(178)) - f535bb4a-cba0-4f9b-9e3e-e4a48b3eda51@group-7E32184879DE-LeaderElection155: begin an election at term 185 for -1: [f535bb4a-cba0-4f9b-9e3e-e4a48b3eda51:0.0.0.0:44706, 54aabb14-4a7d-4ab3-adbe-2e67760b87f4:0.0.0.0:43074, c652e2ee-3322-4406-8db6-1ea643cb3197:0.0.0.0:42129], old=null
2019-10-18 11:24:35,905 [grpc-default-executor-3] INFO  impl.RaftServerImpl (RaftServerImpl.java:setRole(184)) - 54aabb14-4a7d-4ab3-adbe-2e67760b87f4@group-7E32184879DE: changes role from  FOLLOWER to FOLLOWER at term 185 for recognizeCandidate:f535bb4a-cba0-4f9b-9e3e-e4a48b3eda51
2019-10-18 11:24:35,905 [grpc-default-executor-3] INFO  impl.RoleInfo (RoleInfo.java:shutdownFollowerState(121)) - 54aabb14-4a7d-4ab3-adbe-2e67760b87f4: shutdown FollowerState
2019-10-18 11:24:35,905 [grpc-default-executor-1] INFO  impl.RaftServerImpl (RaftServerImpl.java:setRole(184)) - c652e2ee-3322-4406-8db6-1ea643cb3197@group-7E32184879DE: changes role from  FOLLOWER to FOLLOWER at term 185 for recognizeCandidate:f535bb4a-cba0-4f9b-9e3e-e4a48b3eda51
2019-10-18 11:24:35,905 [grpc-default-executor-3] INFO  impl.RoleInfo (RoleInfo.java:updateAndGet(143)) - 54aabb14-4a7d-4ab3-adbe-2e67760b87f4: start FollowerState
2019-10-18 11:24:35,905 [Thread-1124] INFO  impl.FollowerState (FollowerState.java:run(117)) - 54aabb14-4a7d-4ab3-adbe-2e67760b87f4@group-7E32184879DE-FollowerState was interrupted: java.lang.InterruptedException: sleep interrupted
2019-10-18 11:24:35,905 [grpc-default-executor-1] INFO  impl.RoleInfo (RoleInfo.java:shutdownFollowerState(121)) - c652e2ee-3322-4406-8db6-1ea643cb3197: shutdown FollowerState
2019-10-18 11:24:35,906 [grpc-default-executor-1] INFO  impl.RoleInfo (RoleInfo.java:updateAndGet(143)) - c652e2ee-3322-4406-8db6-1ea643cb3197: start FollowerState
2019-10-18 11:24:35,906 [Thread-1123] INFO  impl.FollowerState (FollowerState.java:run(117)) - c652e2ee-3322-4406-8db6-1ea643cb3197@group-7E32184879DE-FollowerState was interrupted: java.lang.InterruptedException: sleep interrupted
2019-10-18 11:24:35,929 [f535bb4a-cba0-4f9b-9e3e-e4a48b3eda51@group-7E32184879DE-LeaderElection155] INFO  impl.LeaderElection (LeaderElection.java:logAndReturn(56)) - f535bb4a-cba0-4f9b-9e3e-e4a48b3eda51@group-7E32184879DE-LeaderElection155: Election REJECTED; received 2 response(s) [f535bb4a-cba0-4f9b-9e3e-e4a48b3eda51<-54aabb14-4a7d-4ab3-adbe-2e67760b87f4#0:FAIL-t185, f535bb4a-cba0-4f9b-9e3e-e4a48b3eda51<-c652e2ee-3322-4406-8db6-1ea643cb3197#0:FAIL-t185] and 0 exception(s); f535bb4a-cba0-4f9b-9e3e-e4a48b3eda51@group-7E32184879DE:t185, leader=null, voted=f535bb4a-cba0-4f9b-9e3e-e4a48b3eda51, raftlog=f535bb4a-cba0-4f9b-9e3e-e4a48b3eda51@group-7E32184879DE-SegmentedRaftLog:OPENED:c-1,f-1,i0, conf=-1: [f535bb4a-cba0-4f9b-9e3e-e4a48b3eda51:0.0.0.0:44706, 54aabb14-4a7d-4ab3-adbe-2e67760b87f4:0.0.0.0:43074, c652e2ee-3322-4406-8db6-1ea643cb3197:0.0.0.0:42129], old=null
2019-10-18 11:24:35,929 [f535bb4a-cba0-4f9b-9e3e-e4a48b3eda51@group-7E32184879DE-LeaderElection155] INFO  impl.RaftServerImpl (RaftServerImpl.java:setRole(184)) - f535bb4a-cba0-4f9b-9e3e-e4a48b3eda51@group-7E32184879DE: changes role from CANDIDATE to FOLLOWER at term 185 for DISCOVERED_A_NEW_TERM
2019-10-18 11:24:35,929 [f535bb4a-cba0-4f9b-9e3e-e4a48b3eda51@group-7E32184879DE-LeaderElection155] INFO  impl.RoleInfo (RoleInfo.java:shutdownLeaderElection(134)) - f535bb4a-cba0-4f9b-9e3e-e4a48b3eda51: shutdown LeaderElection
2019-10-18 11:24:35,929 [f535bb4a-cba0-4f9b-9e3e-e4a48b3eda51@group-7E32184879DE-LeaderElection155] INFO  impl.RoleInfo (RoleInfo.java:updateAndGet(143)) - f535bb4a-cba0-4f9b-9e3e-e4a48b3eda51: start FollowerState
2019-10-18 11:24:36,130 [Thread-1131] INFO  impl.FollowerState (FollowerState.java:run(108)) - f535bb4a-cba0-4f9b-9e3e-e4a48b3eda51@group-7E32184879DE-FollowerState: change to CANDIDATE, lastRpcTime:200ms, electionTimeout:200ms
2019-10-18 11:24:36,130 [Thread-1131] INFO  impl.RoleInfo (RoleInfo.java:shutdownFollowerState(121)) - f535bb4a-cba0-4f9b-9e3e-e4a48b3eda51: shutdown FollowerState
2019-10-18 11:24:36,130 [Thread-1131] INFO  impl.RaftServerImpl (RaftServerImpl.java:setRole(184)) - f535bb4a-cba0-4f9b-9e3e-e4a48b3eda51@group-7E32184879DE: changes role from  FOLLOWER to CANDIDATE at term 185 for changeToCandidate
2019-10-18 11:24:36,130 [Thread-1131] INFO  impl.RoleInfo (RoleInfo.java:updateAndGet(143)) - f535bb4a-cba0-4f9b-9e3e-e4a48b3eda51: start LeaderElection
2019-10-18 11:24:36,162 [f535bb4a-cba0-4f9b-9e3e-e4a48b3eda51@group-7E32184879DE-LeaderElection156] INFO  impl.LeaderElection (LeaderElection.java:askForVotes(178)) - f535bb4a-cba0-4f9b-9e3e-e4a48b3eda51@group-7E32184879DE-LeaderElection156: begin an election at term 186 for -1: [f535bb4a-cba0-4f9b-9e3e-e4a48b3eda51:0.0.0.0:44706, 54aabb14-4a7d-4ab3-adbe-2e67760b87f4:0.0.0.0:43074, c652e2ee-3322-4406-8db6-1ea643cb3197:0.0.0.0:42129], old=null
2019-10-18 11:24:36,164 [grpc-default-executor-1] INFO  impl.RaftServerImpl (RaftServerImpl.java:setRole(184)) - 54aabb14-4a7d-4ab3-adbe-2e67760b87f4@group-7E32184879DE: changes role from  FOLLOWER to FOLLOWER at term 186 for recognizeCandidate:f535bb4a-cba0-4f9b-9e3e-e4a48b3eda51
2019-10-18 11:24:36,164 [grpc-default-executor-1] INFO  impl.RoleInfo (RoleInfo.java:shutdownFollowerState(121)) - 54aabb14-4a7d-4ab3-adbe-2e67760b87f4: shutdown FollowerState
2019-10-18 11:24:36,164 [grpc-default-executor-1] INFO  impl.RoleInfo (RoleInfo.java:updateAndGet(143)) - 54aabb14-4a7d-4ab3-adbe-2e67760b87f4: start FollowerState
2019-10-18 11:24:36,164 [Thread-1129] INFO  impl.FollowerState (FollowerState.java:run(117)) - 54aabb14-4a7d-4ab3-adbe-2e67760b87f4@group-7E32184879DE-FollowerState was interrupted: java.lang.InterruptedException: sleep interrupted
2019-10-18 11:24:36,164 [grpc-default-executor-3] INFO  impl.RaftServerImpl (RaftServerImpl.java:setRole(184)) - c652e2ee-3322-4406-8db6-1ea643cb3197@group-7E32184879DE: changes role from  FOLLOWER to FOLLOWER at term 186 for recognizeCandidate:f535bb4a-cba0-4f9b-9e3e-e4a48b3eda51
2019-10-18 11:24:36,165 [grpc-default-executor-3] INFO  impl.RoleInfo (RoleInfo.java:shutdownFollowerState(121)) - c652e2ee-3322-4406-8db6-1ea643cb3197: shutdown FollowerState
2019-10-18 11:24:36,165 [grpc-default-executor-3] INFO  impl.RoleInfo (RoleInfo.java:updateAndGet(143)) - c652e2ee-3322-4406-8db6-1ea643cb3197: start FollowerState
2019-10-18 11:24:36,165 [Thread-1130] INFO  impl.FollowerState (FollowerState.java:run(117)) - c652e2ee-3322-4406-8db6-1ea643cb3197@group-7E32184879DE-FollowerState was interrupted: java.lang.InterruptedException: sleep interrupted
2019-10-18 11:24:36,176 [f535bb4a-cba0-4f9b-9e3e-e4a48b3eda51@group-7E32184879DE-LeaderElection156] INFO  impl.LeaderElection (LeaderElection.java:logAndReturn(56)) - f535bb4a-cba0-4f9b-9e3e-e4a48b3eda51@group-7E32184879DE-LeaderElection156: Election TIMEOUT; received 0 response(s) [] and 0 exception(s); f535bb4a-cba0-4f9b-9e3e-e4a48b3eda51@group-7E32184879DE:t186, leader=null, voted=f535bb4a-cba0-4f9b-9e3e-e4a48b3eda51, raftlog=f535bb4a-cba0-4f9b-9e3e-e4a48b3eda51@group-7E32184879DE-SegmentedRaftLog:OPENED:c-1,f-1,i0, conf=-1: [f535bb4a-cba0-4f9b-9e3e-e4a48b3eda51:0.0.0.0:44706, 54aabb14-4a7d-4ab3-adbe-2e67760b87f4:0.0.0.0:43074, c652e2ee-3322-4406-8db6-1ea643cb3197:0.0.0.0:42129], old=null
2019-10-18 11:24:36,197 [f535bb4a-cba0-4f9b-9e3e-e4a48b3eda51@group-7E32184879DE-LeaderElection156] INFO  impl.LeaderElection (LeaderElection.java:askForVotes(178)) - f535bb4a-cba0-4f9b-9e3e-e4a48b3eda51@group-7E32184879DE-LeaderElection156: begin an election at term 187 for -1: [f535bb4a-cba0-4f9b-9e3e-e4a48b3eda51:0.0.0.0:44706, 54aabb14-4a7d-4ab3-adbe-2e67760b87f4:0.0.0.0:43074, c652e2ee-3322-4406-8db6-1ea643cb3197:0.0.0.0:42129], old=null
2019-10-18 11:24:36,198 [grpc-default-executor-1] INFO  impl.RaftServerImpl (RaftServerImpl.java:setRole(184)) - c652e2ee-3322-4406-8db6-1ea643cb3197@group-7E32184879DE: changes role from  FOLLOWER to FOLLOWER at term 187 for recognizeCandidate:f535bb4a-cba0-4f9b-9e3e-e4a48b3eda51
2019-10-18 11:24:36,199 [grpc-default-executor-3] INFO  impl.RaftServerImpl (RaftServerImpl.java:setRole(184)) - 54aabb14-4a7d-4ab3-adbe-2e67760b87f4@group-7E32184879DE: changes role from  FOLLOWER to FOLLOWER at term 187 for recognizeCandidate:f535bb4a-cba0-4f9b-9e3e-e4a48b3eda51
2019-10-18 11:24:36,199 [grpc-default-executor-3] INFO  impl.RoleInfo (RoleInfo.java:shutdownFollowerState(121)) - 54aabb14-4a7d-4ab3-adbe-2e67760b87f4: shutdown FollowerState
2019-10-18 11:24:36,199 [grpc-default-executor-1] INFO  impl.RoleInfo (RoleInfo.java:shutdownFollowerState(121)) - c652e2ee-3322-4406-8db6-1ea643cb3197: shutdown FollowerState
2019-10-18 11:24:36,199 [Thread-1137] INFO  impl.FollowerState (FollowerState.java:run(117)) - 54aabb14-4a7d-4ab3-adbe-2e67760b87f4@group-7E32184879DE-FollowerState was interrupted: java.lang.InterruptedException: sleep interrupted
2019-10-18 11:24:36,199 [Thread-1138] INFO  impl.FollowerState (FollowerState.java:run(117)) - c652e2ee-3322-4406-8db6-1ea643cb3197@group-7E32184879DE-FollowerState was interrupted: java.lang.InterruptedException: sleep interrupted
2019-10-18 11:24:36,199 [grpc-default-executor-1] INFO  impl.RoleInfo (RoleInfo.java:updateAndGet(143)) - c652e2ee-3322-4406-8db6-1ea643cb3197: start FollowerState
2019-10-18 11:24:36,199 [grpc-default-executor-3] INFO  impl.RoleInfo (RoleInfo.java:updateAndGet(143)) - 54aabb14-4a7d-4ab3-adbe-2e67760b87f4: start FollowerState
2019-10-18 11:24:36,223 [f535bb4a-cba0-4f9b-9e3e-e4a48b3eda51@group-7E32184879DE-LeaderElection156] INFO  impl.LeaderElection (LeaderElection.java:logAndReturn(56)) - f535bb4a-cba0-4f9b-9e3e-e4a48b3eda51@group-7E32184879DE-LeaderElection156: Election REJECTED; received 2 response(s) [f535bb4a-cba0-4f9b-9e3e-e4a48b3eda51<-54aabb14-4a7d-4ab3-adbe-2e67760b87f4#0:FAIL-t187, f535bb4a-cba0-4f9b-9e3e-e4a48b3eda51<-c652e2ee-3322-4406-8db6-1ea643cb3197#0:FAIL-t187] and 0 exception(s); f535bb4a-cba0-4f9b-9e3e-e4a48b3eda51@group-7E32184879DE:t187, leader=null, voted=f535bb4a-cba0-4f9b-9e3e-e4a48b3eda51, raftlog=f535bb4a-cba0-4f9b-9e3e-e4a48b3eda51@group-7E32184879DE-SegmentedRaftLog:OPENED:c-1,f-1,i0, conf=-1: [f535bb4a-cba0-4f9b-9e3e-e4a48b3eda51:0.0.0.0:44706, 54aabb14-4a7d-4ab3-adbe-2e67760b87f4:0.0.0.0:43074, c652e2ee-3322-4406-8db6-1ea643cb3197:0.0.0.0:42129], old=null
2019-10-18 11:24:36,223 [f535bb4a-cba0-4f9b-9e3e-e4a48b3eda51@group-7E32184879DE-LeaderElection156] INFO  impl.RaftServerImpl (RaftServerImpl.java:setRole(184)) - f535bb4a-cba0-4f9b-9e3e-e4a48b3eda51@group-7E32184879DE: changes role from CANDIDATE to FOLLOWER at term 187 for DISCOVERED_A_NEW_TERM
2019-10-18 11:24:36,223 [f535bb4a-cba0-4f9b-9e3e-e4a48b3eda51@group-7E32184879DE-LeaderElection156] INFO  impl.RoleInfo (RoleInfo.java:shutdownLeaderElection(134)) - f535bb4a-cba0-4f9b-9e3e-e4a48b3eda51: shutdown LeaderElection
2019-10-18 11:24:36,223 [f535bb4a-cba0-4f9b-9e3e-e4a48b3eda51@group-7E32184879DE-LeaderElection156] INFO  impl.RoleInfo (RoleInfo.java:updateAndGet(143)) - f535bb4a-cba0-4f9b-9e3e-e4a48b3eda51: start FollowerState
2019-10-18 11:24:36,292 [Thread-1143] INFO  impl.FollowerState (FollowerState.java:run(108)) - f535bb4a-cba0-4f9b-9e3e-e4a48b3eda51@group-7E32184879DE-FollowerState: change to CANDIDATE, lastRpcTime:68ms, electionTimeout:68ms
2019-10-18 11:24:36,292 [Thread-1143] INFO  impl.RoleInfo (RoleInfo.java:shutdownFollowerState(121)) - f535bb4a-cba0-4f9b-9e3e-e4a48b3eda51: shutdown FollowerState
2019-10-18 11:24:36,292 [Thread-1143] INFO  impl.RaftServerImpl (RaftServerImpl.java:setRole(184)) - f535bb4a-cba0-4f9b-9e3e-e4a48b3eda51@group-7E32184879DE: changes role from  FOLLOWER to CANDIDATE at term 187 for changeToCandidate
2019-10-18 11:24:36,292 [Thread-1143] INFO  impl.RoleInfo (RoleInfo.java:updateAndGet(143)) - f535bb4a-cba0-4f9b-9e3e-e4a48b3eda51: start LeaderElection
2019-10-18 11:24:36,314 [f535bb4a-cba0-4f9b-9e3e-e4a48b3eda51@group-7E32184879DE-LeaderElection157] INFO  impl.LeaderElection (LeaderElection.java:askForVotes(178)) - f535bb4a-cba0-4f9b-9e3e-e4a48b3eda51@group-7E32184879DE-LeaderElection157: begin an election at term 188 for -1: [f535bb4a-cba0-4f9b-9e3e-e4a48b3eda51:0.0.0.0:44706, 54aabb14-4a7d-4ab3-adbe-2e67760b87f4:0.0.0.0:43074, c652e2ee-3322-4406-8db6-1ea643cb3197:0.0.0.0:42129], old=null
2019-10-18 11:24:36,316 [grpc-default-executor-1] INFO  impl.RaftServerImpl (RaftServerImpl.java:setRole(184)) - 54aabb14-4a7d-4ab3-adbe-2e67760b87f4@group-7E32184879DE: changes role from  FOLLOWER to FOLLOWER at term 188 for recognizeCandidate:f535bb4a-cba0-4f9b-9e3e-e4a48b3eda51
2019-10-18 11:24:36,316 [grpc-default-executor-3] INFO  impl.RaftServerImpl (RaftServerImpl.java:setRole(184)) - c652e2ee-3322-4406-8db6-1ea643cb3197@group-7E32184879DE: changes role from  FOLLOWER to FOLLOWER at term 188 for recognizeCandidate:f535bb4a-cba0-4f9b-9e3e-e4a48b3eda51
2019-10-18 11:24:36,316 [grpc-default-executor-1] INFO  impl.RoleInfo (RoleInfo.java:shutdownFollowerState(121)) - 54aabb14-4a7d-4ab3-adbe-2e67760b87f4: shutdown FollowerState
2019-10-18 11:24:36,316 [grpc-default-executor-3] INFO  impl.RoleInfo (RoleInfo.java:shutdownFollowerState(121)) - c652e2ee-3322-4406-8db6-1ea643cb3197: shutdown FollowerState
2019-10-18 11:24:36,316 [Thread-1141] INFO  impl.FollowerState (FollowerState.java:run(117)) - 54aabb14-4a7d-4ab3-adbe-2e67760b87f4@group-7E32184879DE-FollowerState was interrupted: java.lang.InterruptedException: sleep interrupted
2019-10-18 11:24:36,316 [grpc-default-executor-1] INFO  impl.RoleInfo (RoleInfo.java:updateAndGet(143)) - 54aabb14-4a7d-4ab3-adbe-2e67760b87f4: start FollowerState
2019-10-18 11:24:36,317 [Thread-1142] INFO  impl.FollowerState (FollowerState.java:run(117)) - c652e2ee-3322-4406-8db6-1ea643cb3197@group-7E32184879DE-FollowerState was interrupted: java.lang.InterruptedException: sleep interrupted
2019-10-18 11:24:36,316 [grpc-default-executor-3] INFO  impl.RoleInfo (RoleInfo.java:updateAndGet(143)) - c652e2ee-3322-4406-8db6-1ea643cb3197: start FollowerState
2019-10-18 11:24:36,340 [f535bb4a-cba0-4f9b-9e3e-e4a48b3eda51@group-7E32184879DE-LeaderElection157] INFO  impl.LeaderElection (LeaderElection.java:logAndReturn(56)) - f535bb4a-cba0-4f9b-9e3e-e4a48b3eda51@group-7E32184879DE-LeaderElection157: Election REJECTED; received 2 response(s) [f535bb4a-cba0-4f9b-9e3e-e4a48b3eda51<-54aabb14-4a7d-4ab3-adbe-2e67760b87f4#0:FAIL-t188, f535bb4a-cba0-4f9b-9e3e-e4a48b3eda51<-c652e2ee-3322-4406-8db6-1ea643cb3197#0:FAIL-t188] and 0 exception(s); f535bb4a-cba0-4f9b-9e3e-e4a48b3eda51@group-7E32184879DE:t188, leader=null, voted=f535bb4a-cba0-4f9b-9e3e-e4a48b3eda51, raftlog=f535bb4a-cba0-4f9b-9e3e-e4a48b3eda51@group-7E32184879DE-SegmentedRaftLog:OPENED:c-1,f-1,i0, conf=-1: [f535bb4a-cba0-4f9b-9e3e-e4a48b3eda51:0.0.0.0:44706, 54aabb14-4a7d-4ab3-adbe-2e67760b87f4:0.0.0.0:43074, c652e2ee-3322-4406-8db6-1ea643cb3197:0.0.0.0:42129], old=null
2019-10-18 11:24:36,340 [f535bb4a-cba0-4f9b-9e3e-e4a48b3eda51@group-7E32184879DE-LeaderElection157] INFO  impl.RaftServerImpl (RaftServerImpl.java:setRole(184)) - f535bb4a-cba0-4f9b-9e3e-e4a48b3eda51@group-7E32184879DE: changes role from CANDIDATE to FOLLOWER at term 188 for DISCOVERED_A_NEW_TERM
2019-10-18 11:24:36,341 [f535bb4a-cba0-4f9b-9e3e-e4a48b3eda51@group-7E32184879DE-LeaderElection157] INFO  impl.RoleInfo (RoleInfo.java:shutdownLeaderElection(134)) - f535bb4a-cba0-4f9b-9e3e-e4a48b3eda51: shutdown LeaderElection
2019-10-18 11:24:36,341 [f535bb4a-cba0-4f9b-9e3e-e4a48b3eda51@group-7E32184879DE-LeaderElection157] INFO  impl.RoleInfo (RoleInfo.java:updateAndGet(143)) - f535bb4a-cba0-4f9b-9e3e-e4a48b3eda51: start FollowerState
2019-10-18 11:24:36,425 [Thread-1149] INFO  impl.FollowerState (FollowerState.java:run(108)) - f535bb4a-cba0-4f9b-9e3e-e4a48b3eda51@group-7E32184879DE-FollowerState: change to CANDIDATE, lastRpcTime:84ms, electionTimeout:84ms
2019-10-18 11:24:36,425 [Thread-1149] INFO  impl.RoleInfo (RoleInfo.java:shutdownFollowerState(121)) - f535bb4a-cba0-4f9b-9e3e-e4a48b3eda51: shutdown FollowerState
2019-10-18 11:24:36,426 [Thread-1149] INFO  impl.RaftServerImpl (RaftServerImpl.java:setRole(184)) - f535bb4a-cba0-4f9b-9e3e-e4a48b3eda51@group-7E32184879DE: changes role from  FOLLOWER to CANDIDATE at term 188 for changeToCandidate
2019-10-18 11:24:36,426 [Thread-1149] INFO  impl.RoleInfo (RoleInfo.java:updateAndGet(143)) - f535bb4a-cba0-4f9b-9e3e-e4a48b3eda51: start LeaderElection
2019-10-18 11:24:36,457 [f535bb4a-cba0-4f9b-9e3e-e4a48b3eda51@group-7E32184879DE-LeaderElection158] INFO  impl.LeaderElection (LeaderElection.java:askForVotes(178)) - f535bb4a-cba0-4f9b-9e3e-e4a48b3eda51@group-7E32184879DE-LeaderElection158: begin an election at term 189 for -1: [f535bb4a-cba0-4f9b-9e3e-e4a48b3eda51:0.0.0.0:44706, 54aabb14-4a7d-4ab3-adbe-2e67760b87f4:0.0.0.0:43074, c652e2ee-3322-4406-8db6-1ea643cb3197:0.0.0.0:42129], old=null
2019-10-18 11:24:36,459 [grpc-default-executor-1] INFO  impl.RaftServerImpl (RaftServerImpl.java:setRole(184)) - 54aabb14-4a7d-4ab3-adbe-2e67760b87f4@group-7E32184879DE: changes role from  FOLLOWER to FOLLOWER at term 189 for recognizeCandidate:f535bb4a-cba0-4f9b-9e3e-e4a48b3eda51
2019-10-18 11:24:36,459 [grpc-default-executor-1] INFO  impl.RoleInfo (RoleInfo.java:shutdownFollowerState(121)) - 54aabb14-4a7d-4ab3-adbe-2e67760b87f4: shutdown FollowerState
2019-10-18 11:24:36,459 [grpc-default-executor-3] INFO  impl.RaftServerImpl (RaftServerImpl.java:setRole(184)) - c652e2ee-3322-4406-8db6-1ea643cb3197@group-7E32184879DE: changes role from  FOLLOWER to FOLLOWER at term 189 for recognizeCandidate:f535bb4a-cba0-4f9b-9e3e-e4a48b3eda51
2019-10-18 11:24:36,459 [Thread-1147] INFO  impl.FollowerState (FollowerState.java:run(117)) - 54aabb14-4a7d-4ab3-adbe-2e67760b87f4@group-7E32184879DE-FollowerState was interrupted: java.lang.InterruptedException: sleep interrupted
2019-10-18 11:24:36,459 [grpc-default-executor-1] INFO  impl.RoleInfo (RoleInfo.java:updateAndGet(143)) - 54aabb14-4a7d-4ab3-adbe-2e67760b87f4: start FollowerState
2019-10-18 11:24:36,459 [grpc-default-executor-3] INFO  impl.RoleInfo (RoleInfo.java:shutdownFollowerState(121)) - c652e2ee-3322-4406-8db6-1ea643cb3197: shutdown FollowerState
2019-10-18 11:24:36,460 [grpc-default-executor-3] INFO  impl.RoleInfo (RoleInfo.java:updateAndGet(143)) - c652e2ee-3322-4406-8db6-1ea643cb3197: start FollowerState
2019-10-18 11:24:36,460 [Thread-1148] INFO  impl.FollowerState (FollowerState.java:run(117)) - c652e2ee-3322-4406-8db6-1ea643cb3197@group-7E32184879DE-FollowerState was interrupted: java.lang.InterruptedException: sleep interrupted
2019-10-18 11:24:36,483 [f535bb4a-cba0-4f9b-9e3e-e4a48b3eda51@group-7E32184879DE-LeaderElection158] INFO  impl.LeaderElection (LeaderElection.java:logAndReturn(56)) - f535bb4a-cba0-4f9b-9e3e-e4a48b3eda51@group-7E32184879DE-LeaderElection158: Election REJECTED; received 2 response(s) [f535bb4a-cba0-4f9b-9e3e-e4a48b3eda51<-54aabb14-4a7d-4ab3-adbe-2e67760b87f4#0:FAIL-t189, f535bb4a-cba0-4f9b-9e3e-e4a48b3eda51<-c652e2ee-3322-4406-8db6-1ea643cb3197#0:FAIL-t189] and 0 exception(s); f535bb4a-cba0-4f9b-9e3e-e4a48b3eda51@group-7E32184879DE:t189, leader=null, voted=f535bb4a-cba0-4f9b-9e3e-e4a48b3eda51, raftlog=f535bb4a-cba0-4f9b-9e3e-e4a48b3eda51@group-7E32184879DE-SegmentedRaftLog:OPENED:c-1,f-1,i0, conf=-1: [f535bb4a-cba0-4f9b-9e3e-e4a48b3eda51:0.0.0.0:44706, 54aabb14-4a7d-4ab3-adbe-2e67760b87f4:0.0.0.0:43074, c652e2ee-3322-4406-8db6-1ea643cb3197:0.0.0.0:42129], old=null
2019-10-18 11:24:36,483 [f535bb4a-cba0-4f9b-9e3e-e4a48b3eda51@group-7E32184879DE-LeaderElection158] INFO  impl.RaftServerImpl (RaftServerImpl.java:setRole(184)) - f535bb4a-cba0-4f9b-9e3e-e4a48b3eda51@group-7E32184879DE: changes role from CANDIDATE to FOLLOWER at term 189 for DISCOVERED_A_NEW_TERM
2019-10-18 11:24:36,483 [f535bb4a-cba0-4f9b-9e3e-e4a48b3eda51@group-7E32184879DE-LeaderElection158] INFO  impl.RoleInfo (RoleInfo.java:shutdownLeaderElection(134)) - f535bb4a-cba0-4f9b-9e3e-e4a48b3eda51: shutdown LeaderElection
2019-10-18 11:24:36,483 [f535bb4a-cba0-4f9b-9e3e-e4a48b3eda51@group-7E32184879DE-LeaderElection158] INFO  impl.RoleInfo (RoleInfo.java:updateAndGet(143)) - f535bb4a-cba0-4f9b-9e3e-e4a48b3eda51: start FollowerState
2019-10-18 11:24:36,603 [Thread-1155] INFO  impl.FollowerState (FollowerState.java:run(108)) - f535bb4a-cba0-4f9b-9e3e-e4a48b3eda51@group-7E32184879DE-FollowerState: change to CANDIDATE, lastRpcTime:119ms, electionTimeout:119ms
2019-10-18 11:24:36,603 [Thread-1155] INFO  impl.RoleInfo (RoleInfo.java:shutdownFollowerState(121)) - f535bb4a-cba0-4f9b-9e3e-e4a48b3eda51: shutdown FollowerState
2019-10-18 11:24:36,603 [Thread-1155] INFO  impl.RaftServerImpl (RaftServerImpl.java:setRole(184)) - f535bb4a-cba0-4f9b-9e3e-e4a48b3eda51@group-7E32184879DE: changes role from  FOLLOWER to CANDIDATE at term 189 for changeToCandidate
2019-10-18 11:24:36,603 [Thread-1155] INFO  impl.RoleInfo (RoleInfo.java:updateAndGet(143)) - f535bb4a-cba0-4f9b-9e3e-e4a48b3eda51: start LeaderElection
2019-10-18 11:24:36,657 [f535bb4a-cba0-4f9b-9e3e-e4a48b3eda51@group-7E32184879DE-LeaderElection159] INFO  impl.LeaderElection (LeaderElection.java:askForVotes(178)) - f535bb4a-cba0-4f9b-9e3e-e4a48b3eda51@group-7E32184879DE-LeaderElection159: begin an election at term 190 for -1: [f535bb4a-cba0-4f9b-9e3e-e4a48b3eda51:0.0.0.0:44706, 54aabb14-4a7d-4ab3-adbe-2e67760b87f4:0.0.0.0:43074, c652e2ee-3322-4406-8db6-1ea643cb3197:0.0.0.0:42129], old=null
2019-10-18 11:24:36,661 [grpc-default-executor-3] INFO  impl.RaftServerImpl (RaftServerImpl.java:setRole(184)) - 54aabb14-4a7d-4ab3-adbe-2e67760b87f4@group-7E32184879DE: changes role from  FOLLOWER to FOLLOWER at term 190 for recognizeCandidate:f535bb4a-cba0-4f9b-9e3e-e4a48b3eda51
2019-10-18 11:24:36,661 [grpc-default-executor-1] INFO  impl.RaftServerImpl (RaftServerImpl.java:setRole(184)) - c652e2ee-3322-4406-8db6-1ea643cb3197@group-7E32184879DE: changes role from  FOLLOWER to FOLLOWER at term 190 for recognizeCandidate:f535bb4a-cba0-4f9b-9e3e-e4a48b3eda51
2019-10-18 11:24:36,661 [grpc-default-executor-3] INFO  impl.RoleInfo (RoleInfo.java:shutdownFollowerState(121)) - 54aabb14-4a7d-4ab3-adbe-2e67760b87f4: shutdown FollowerState
2019-10-18 11:24:36,662 [grpc-default-executor-1] INFO  impl.RoleInfo (RoleInfo.java:shutdownFollowerState(121)) - c652e2ee-3322-4406-8db6-1ea643cb3197: shutdown FollowerState
2019-10-18 11:24:36,662 [Thread-1153] INFO  impl.FollowerState (FollowerState.java:run(117)) - 54aabb14-4a7d-4ab3-adbe-2e67760b87f4@group-7E32184879DE-FollowerState was interrupted: java.lang.InterruptedException: sleep interrupted
2019-10-18 11:24:36,662 [grpc-default-executor-3] INFO  impl.RoleInfo (RoleInfo.java:updateAndGet(143)) - 54aabb14-4a7d-4ab3-adbe-2e67760b87f4: start FollowerState
2019-10-18 11:24:36,662 [Thread-1154] INFO  impl.FollowerState (FollowerState.java:run(117)) - c652e2ee-3322-4406-8db6-1ea643cb3197@group-7E32184879DE-FollowerState was interrupted: java.lang.InterruptedException: sleep interrupted
2019-10-18 11:24:36,662 [grpc-default-executor-1] INFO  impl.RoleInfo (RoleInfo.java:updateAndGet(143)) - c652e2ee-3322-4406-8db6-1ea643cb3197: start FollowerState
2019-10-18 11:24:36,681 [f535bb4a-cba0-4f9b-9e3e-e4a48b3eda51@group-7E32184879DE-LeaderElection159] INFO  impl.LeaderElection (LeaderElection.java:logAndReturn(56)) - f535bb4a-cba0-4f9b-9e3e-e4a48b3eda51@group-7E32184879DE-LeaderElection159: Election TIMEOUT; received 0 response(s) [] and 0 exception(s); f535bb4a-cba0-4f9b-9e3e-e4a48b3eda51@group-7E32184879DE:t190, leader=null, voted=f535bb4a-cba0-4f9b-9e3e-e4a48b3eda51, raftlog=f535bb4a-cba0-4f9b-9e3e-e4a48b3eda51@group-7E32184879DE-SegmentedRaftLog:OPENED:c-1,f-1,i0, conf=-1: [f535bb4a-cba0-4f9b-9e3e-e4a48b3eda51:0.0.0.0:44706, 54aabb14-4a7d-4ab3-adbe-2e67760b87f4:0.0.0.0:43074, c652e2ee-3322-4406-8db6-1ea643cb3197:0.0.0.0:42129], old=null
2019-10-18 11:24:36,708 [f535bb4a-cba0-4f9b-9e3e-e4a48b3eda51@group-7E32184879DE-LeaderElection159] INFO  impl.LeaderElection (LeaderElection.java:askForVotes(178)) - f535bb4a-cba0-4f9b-9e3e-e4a48b3eda51@group-7E32184879DE-LeaderElection159: begin an election at term 191 for -1: [f535bb4a-cba0-4f9b-9e3e-e4a48b3eda51:0.0.0.0:44706, 54aabb14-4a7d-4ab3-adbe-2e67760b87f4:0.0.0.0:43074, c652e2ee-3322-4406-8db6-1ea643cb3197:0.0.0.0:42129], old=null
2019-10-18 11:24:36,710 [grpc-default-executor-3] INFO  impl.RaftServerImpl (RaftServerImpl.java:setRole(184)) - 54aabb14-4a7d-4ab3-adbe-2e67760b87f4@group-7E32184879DE: changes role from  FOLLOWER to FOLLOWER at term 191 for recognizeCandidate:f535bb4a-cba0-4f9b-9e3e-e4a48b3eda51
2019-10-18 11:24:36,710 [grpc-default-executor-3] INFO  impl.RoleInfo (RoleInfo.java:shutdownFollowerState(121)) - 54aabb14-4a7d-4ab3-adbe-2e67760b87f4: shutdown FollowerState
2019-10-18 11:24:36,710 [grpc-default-executor-3] INFO  impl.RoleInfo (RoleInfo.java:updateAndGet(143)) - 54aabb14-4a7d-4ab3-adbe-2e67760b87f4: start FollowerState
2019-10-18 11:24:36,710 [Thread-1159] INFO  impl.FollowerState (FollowerState.java:run(117)) - 54aabb14-4a7d-4ab3-adbe-2e67760b87f4@group-7E32184879DE-FollowerState was interrupted: java.lang.InterruptedException: sleep interrupted
2019-10-18 11:24:36,710 [grpc-default-executor-1] INFO  impl.RaftServerImpl (RaftServerImpl.java:setRole(184)) - c652e2ee-3322-4406-8db6-1ea643cb3197@group-7E32184879DE: changes role from  FOLLOWER to FOLLOWER at term 191 for recognizeCandidate:f535bb4a-cba0-4f9b-9e3e-e4a48b3eda51
2019-10-18 11:24:36,710 [grpc-default-executor-1] INFO  impl.RoleInfo (RoleInfo.java:shutdownFollowerState(121)) - c652e2ee-3322-4406-8db6-1ea643cb3197: shutdown FollowerState
2019-10-18 11:24:36,711 [grpc-default-executor-1] INFO  impl.RoleInfo (RoleInfo.java:updateAndGet(143)) - c652e2ee-3322-4406-8db6-1ea643cb3197: start FollowerState
2019-10-18 11:24:36,711 [Thread-1160] INFO  impl.FollowerState (FollowerState.java:run(117)) - c652e2ee-3322-4406-8db6-1ea643cb3197@group-7E32184879DE-FollowerState was interrupted: java.lang.InterruptedException: sleep interrupted
2019-10-18 11:24:36,734 [f535bb4a-cba0-4f9b-9e3e-e4a48b3eda51@group-7E32184879DE-LeaderElection159] INFO  impl.LeaderElection (LeaderElection.java:logAndReturn(56)) - f535bb4a-cba0-4f9b-9e3e-e4a48b3eda51@group-7E32184879DE-LeaderElection159: Election REJECTED; received 2 response(s) [f535bb4a-cba0-4f9b-9e3e-e4a48b3eda51<-54aabb14-4a7d-4ab3-adbe-2e67760b87f4#0:FAIL-t191, f535bb4a-cba0-4f9b-9e3e-e4a48b3eda51<-c652e2ee-3322-4406-8db6-1ea643cb3197#0:FAIL-t191] and 0 exception(s); f535bb4a-cba0-4f9b-9e3e-e4a48b3eda51@group-7E32184879DE:t191, leader=null, voted=f535bb4a-cba0-4f9b-9e3e-e4a48b3eda51, raftlog=f535bb4a-cba0-4f9b-9e3e-e4a48b3eda51@group-7E32184879DE-SegmentedRaftLog:OPENED:c-1,f-1,i0, conf=-1: [f535bb4a-cba0-4f9b-9e3e-e4a48b3eda51:0.0.0.0:44706, 54aabb14-4a7d-4ab3-adbe-2e67760b87f4:0.0.0.0:43074, c652e2ee-3322-4406-8db6-1ea643cb3197:0.0.0.0:42129], old=null
2019-10-18 11:24:36,734 [f535bb4a-cba0-4f9b-9e3e-e4a48b3eda51@group-7E32184879DE-LeaderElection159] INFO  impl.RaftServerImpl (RaftServerImpl.java:setRole(184)) - f535bb4a-cba0-4f9b-9e3e-e4a48b3eda51@group-7E32184879DE: changes role from CANDIDATE to FOLLOWER at term 191 for DISCOVERED_A_NEW_TERM
2019-10-18 11:24:36,735 [f535bb4a-cba0-4f9b-9e3e-e4a48b3eda51@group-7E32184879DE-LeaderElection159] INFO  impl.RoleInfo (RoleInfo.java:shutdownLeaderElection(134)) - f535bb4a-cba0-4f9b-9e3e-e4a48b3eda51: shutdown LeaderElection
2019-10-18 11:24:36,735 [f535bb4a-cba0-4f9b-9e3e-e4a48b3eda51@group-7E32184879DE-LeaderElection159] INFO  impl.RoleInfo (RoleInfo.java:updateAndGet(143)) - f535bb4a-cba0-4f9b-9e3e-e4a48b3eda51: start FollowerState
2019-10-18 11:24:36,923 [Thread-1165] INFO  impl.FollowerState (FollowerState.java:run(108)) - f535bb4a-cba0-4f9b-9e3e-e4a48b3eda51@group-7E32184879DE-FollowerState: change to CANDIDATE, lastRpcTime:188ms, electionTimeout:188ms
2019-10-18 11:24:36,923 [Thread-1165] INFO  impl.RoleInfo (RoleInfo.java:shutdownFollowerState(121)) - f535bb4a-cba0-4f9b-9e3e-e4a48b3eda51: shutdown FollowerState
2019-10-18 11:24:36,923 [Thread-1165] INFO  impl.RaftServerImpl (RaftServerImpl.java:setRole(184)) - f535bb4a-cba0-4f9b-9e3e-e4a48b3eda51@group-7E32184879DE: changes role from  FOLLOWER to CANDIDATE at term 191 for changeToCandidate
2019-10-18 11:24:36,924 [Thread-1165] INFO  impl.RoleInfo (RoleInfo.java:updateAndGet(143)) - f535bb4a-cba0-4f9b-9e3e-e4a48b3eda51: start LeaderElection
2019-10-18 11:24:36,950 [f535bb4a-cba0-4f9b-9e3e-e4a48b3eda51@group-7E32184879DE-LeaderElection160] INFO  impl.LeaderElection (LeaderElection.java:askForVotes(178)) - f535bb4a-cba0-4f9b-9e3e-e4a48b3eda51@group-7E32184879DE-LeaderElection160: begin an election at term 192 for -1: [f535bb4a-cba0-4f9b-9e3e-e4a48b3eda51:0.0.0.0:44706, 54aabb14-4a7d-4ab3-adbe-2e67760b87f4:0.0.0.0:43074, c652e2ee-3322-4406-8db6-1ea643cb3197:0.0.0.0:42129], old=null
2019-10-18 11:24:36,952 [grpc-default-executor-3] INFO  impl.RaftServerImpl (RaftServerImpl.java:setRole(184)) - 54aabb14-4a7d-4ab3-adbe-2e67760b87f4@group-7E32184879DE: changes role from  FOLLOWER to FOLLOWER at term 192 for recognizeCandidate:f535bb4a-cba0-4f9b-9e3e-e4a48b3eda51
2019-10-18 11:24:36,953 [grpc-default-executor-3] INFO  impl.RoleInfo (RoleInfo.java:shutdownFollowerState(121)) - 54aabb14-4a7d-4ab3-adbe-2e67760b87f4: shutdown FollowerState
2019-10-18 11:24:36,953 [grpc-default-executor-1] INFO  impl.RaftServerImpl (RaftServerImpl.java:setRole(184)) - c652e2ee-3322-4406-8db6-1ea643cb3197@group-7E32184879DE: changes role from  FOLLOWER to FOLLOWER at term 192 for recognizeCandidate:f535bb4a-cba0-4f9b-9e3e-e4a48b3eda51
2019-10-18 11:24:36,953 [Thread-1163] INFO  impl.FollowerState (FollowerState.java:run(117)) - 54aabb14-4a7d-4ab3-adbe-2e67760b87f4@group-7E32184879DE-FollowerState was interrupted: java.lang.InterruptedException: sleep interrupted
2019-10-18 11:24:36,953 [grpc-default-executor-3] INFO  impl.RoleInfo (RoleInfo.java:updateAndGet(143)) - 54aabb14-4a7d-4ab3-adbe-2e67760b87f4: start FollowerState
2019-10-18 11:24:36,953 [grpc-default-executor-1] INFO  impl.RoleInfo (RoleInfo.java:shutdownFollowerState(121)) - c652e2ee-3322-4406-8db6-1ea643cb3197: shutdown FollowerState
2019-10-18 11:24:36,953 [grpc-default-executor-1] INFO  impl.RoleInfo (RoleInfo.java:updateAndGet(143)) - c652e2ee-3322-4406-8db6-1ea643cb3197: start FollowerState
2019-10-18 11:24:36,953 [Thread-1164] INFO  impl.FollowerState (FollowerState.java:run(117)) - c652e2ee-3322-4406-8db6-1ea643cb3197@group-7E32184879DE-FollowerState was interrupted: java.lang.InterruptedException: sleep interrupted
2019-10-18 11:24:36,977 [f535bb4a-cba0-4f9b-9e3e-e4a48b3eda51@group-7E32184879DE-LeaderElection160] INFO  impl.LeaderElection (LeaderElection.java:logAndReturn(56)) - f535bb4a-cba0-4f9b-9e3e-e4a48b3eda51@group-7E32184879DE-LeaderElection160: Election REJECTED; received 2 response(s) [f535bb4a-cba0-4f9b-9e3e-e4a48b3eda51<-54aabb14-4a7d-4ab3-adbe-2e67760b87f4#0:FAIL-t192, f535bb4a-cba0-4f9b-9e3e-e4a48b3eda51<-c652e2ee-3322-4406-8db6-1ea643cb3197#0:FAIL-t192] and 0 exception(s); f535bb4a-cba0-4f9b-9e3e-e4a48b3eda51@group-7E32184879DE:t192, leader=null, voted=f535bb4a-cba0-4f9b-9e3e-e4a48b3eda51, raftlog=f535bb4a-cba0-4f9b-9e3e-e4a48b3eda51@group-7E32184879DE-SegmentedRaftLog:OPENED:c-1,f-1,i0, conf=-1: [f535bb4a-cba0-4f9b-9e3e-e4a48b3eda51:0.0.0.0:44706, 54aabb14-4a7d-4ab3-adbe-2e67760b87f4:0.0.0.0:43074, c652e2ee-3322-4406-8db6-1ea643cb3197:0.0.0.0:42129], old=null
2019-10-18 11:24:36,977 [f535bb4a-cba0-4f9b-9e3e-e4a48b3eda51@group-7E32184879DE-LeaderElection160] INFO  impl.RaftServerImpl (RaftServerImpl.java:setRole(184)) - f535bb4a-cba0-4f9b-9e3e-e4a48b3eda51@group-7E32184879DE: changes role from CANDIDATE to FOLLOWER at term 192 for DISCOVERED_A_NEW_TERM
2019-10-18 11:24:36,977 [f535bb4a-cba0-4f9b-9e3e-e4a48b3eda51@group-7E32184879DE-LeaderElection160] INFO  impl.RoleInfo (RoleInfo.java:shutdownLeaderElection(134)) - f535bb4a-cba0-4f9b-9e3e-e4a48b3eda51: shutdown LeaderElection
2019-10-18 11:24:36,977 [f535bb4a-cba0-4f9b-9e3e-e4a48b3eda51@group-7E32184879DE-LeaderElection160] INFO  impl.RoleInfo (RoleInfo.java:updateAndGet(143)) - f535bb4a-cba0-4f9b-9e3e-e4a48b3eda51: start FollowerState
2019-10-18 11:24:37,008 [Thread-1171] INFO  impl.FollowerState (FollowerState.java:run(108)) - f535bb4a-cba0-4f9b-9e3e-e4a48b3eda51@group-7E32184879DE-FollowerState: change to CANDIDATE, lastRpcTime:31ms, electionTimeout:31ms
2019-10-18 11:24:37,009 [Thread-1171] INFO  impl.RoleInfo (RoleInfo.java:shutdownFollowerState(121)) - f535bb4a-cba0-4f9b-9e3e-e4a48b3eda51: shutdown FollowerState
2019-10-18 11:24:37,009 [Thread-1171] INFO  impl.RaftServerImpl (RaftServerImpl.java:setRole(184)) - f535bb4a-cba0-4f9b-9e3e-e4a48b3eda51@group-7E32184879DE: changes role from  FOLLOWER to CANDIDATE at term 192 for changeToCandidate
2019-10-18 11:24:37,009 [Thread-1171] INFO  impl.RoleInfo (RoleInfo.java:updateAndGet(143)) - f535bb4a-cba0-4f9b-9e3e-e4a48b3eda51: start LeaderElection
2019-10-18 11:24:37,034 [f535bb4a-cba0-4f9b-9e3e-e4a48b3eda51@group-7E32184879DE-LeaderElection161] INFO  impl.LeaderElection (LeaderElection.java:askForVotes(178)) - f535bb4a-cba0-4f9b-9e3e-e4a48b3eda51@group-7E32184879DE-LeaderElection161: begin an election at term 193 for -1: [f535bb4a-cba0-4f9b-9e3e-e4a48b3eda51:0.0.0.0:44706, 54aabb14-4a7d-4ab3-adbe-2e67760b87f4:0.0.0.0:43074, c652e2ee-3322-4406-8db6-1ea643cb3197:0.0.0.0:42129], old=null
2019-10-18 11:24:37,036 [grpc-default-executor-3] INFO  impl.RaftServerImpl (RaftServerImpl.java:setRole(184)) - 54aabb14-4a7d-4ab3-adbe-2e67760b87f4@group-7E32184879DE: changes role from  FOLLOWER to FOLLOWER at term 193 for recognizeCandidate:f535bb4a-cba0-4f9b-9e3e-e4a48b3eda51
2019-10-18 11:24:37,036 [grpc-default-executor-3] INFO  impl.RoleInfo (RoleInfo.java:shutdownFollowerState(121)) - 54aabb14-4a7d-4ab3-adbe-2e67760b87f4: shutdown FollowerState
2019-10-18 11:24:37,036 [grpc-default-executor-3] INFO  impl.RoleInfo (RoleInfo.java:updateAndGet(143)) - 54aabb14-4a7d-4ab3-adbe-2e67760b87f4: start FollowerState
2019-10-18 11:24:37,036 [grpc-default-executor-1] INFO  impl.RaftServerImpl (RaftServerImpl.java:setRole(184)) - c652e2ee-3322-4406-8db6-1ea643cb3197@group-7E32184879DE: changes role from  FOLLOWER to FOLLOWER at term 193 for recognizeCandidate:f535bb4a-cba0-4f9b-9e3e-e4a48b3eda51
2019-10-18 11:24:37,036 [Thread-1169] INFO  impl.FollowerState (FollowerState.java:run(117)) - 54aabb14-4a7d-4ab3-adbe-2e67760b87f4@group-7E32184879DE-FollowerState was interrupted: java.lang.InterruptedException: sleep interrupted
2019-10-18 11:24:37,037 [grpc-default-executor-1] INFO  impl.RoleInfo (RoleInfo.java:shutdownFollowerState(121)) - c652e2ee-3322-4406-8db6-1ea643cb3197: shutdown FollowerState
2019-10-18 11:24:37,037 [grpc-default-executor-1] INFO  impl.RoleInfo (RoleInfo.java:updateAndGet(143)) - c652e2ee-3322-4406-8db6-1ea643cb3197: start FollowerState
2019-10-18 11:24:37,037 [Thread-1170] INFO  impl.FollowerState (FollowerState.java:run(117)) - c652e2ee-3322-4406-8db6-1ea643cb3197@group-7E32184879DE-FollowerState was interrupted: java.lang.InterruptedException: sleep interrupted
2019-10-18 11:24:37,061 [f535bb4a-cba0-4f9b-9e3e-e4a48b3eda51@group-7E32184879DE-LeaderElection161] INFO  impl.LeaderElection (LeaderElection.java:logAndReturn(56)) - f535bb4a-cba0-4f9b-9e3e-e4a48b3eda51@group-7E32184879DE-LeaderElection161: Election REJECTED; received 2 response(s) [f535bb4a-cba0-4f9b-9e3e-e4a48b3eda51<-54aabb14-4a7d-4ab3-adbe-2e67760b87f4#0:FAIL-t193, f535bb4a-cba0-4f9b-9e3e-e4a48b3eda51<-c652e2ee-3322-4406-8db6-1ea643cb3197#0:FAIL-t193] and 0 exception(s); f535bb4a-cba0-4f9b-9e3e-e4a48b3eda51@group-7E32184879DE:t193, leader=null, voted=f535bb4a-cba0-4f9b-9e3e-e4a48b3eda51, raftlog=f535bb4a-cba0-4f9b-9e3e-e4a48b3eda51@group-7E32184879DE-SegmentedRaftLog:OPENED:c-1,f-1,i0, conf=-1: [f535bb4a-cba0-4f9b-9e3e-e4a48b3eda51:0.0.0.0:44706, 54aabb14-4a7d-4ab3-adbe-2e67760b87f4:0.0.0.0:43074, c652e2ee-3322-4406-8db6-1ea643cb3197:0.0.0.0:42129], old=null
2019-10-18 11:24:37,061 [f535bb4a-cba0-4f9b-9e3e-e4a48b3eda51@group-7E32184879DE-LeaderElection161] INFO  impl.RaftServerImpl (RaftServerImpl.java:setRole(184)) - f535bb4a-cba0-4f9b-9e3e-e4a48b3eda51@group-7E32184879DE: changes role from CANDIDATE to FOLLOWER at term 193 for DISCOVERED_A_NEW_TERM
2019-10-18 11:24:37,061 [f535bb4a-cba0-4f9b-9e3e-e4a48b3eda51@group-7E32184879DE-LeaderElection161] INFO  impl.RoleInfo (RoleInfo.java:shutdownLeaderElection(134)) - f535bb4a-cba0-4f9b-9e3e-e4a48b3eda51: shutdown LeaderElection
2019-10-18 11:24:37,061 [f535bb4a-cba0-4f9b-9e3e-e4a48b3eda51@group-7E32184879DE-LeaderElection161] INFO  impl.RoleInfo (RoleInfo.java:updateAndGet(143)) - f535bb4a-cba0-4f9b-9e3e-e4a48b3eda51: start FollowerState
2019-10-18 11:24:37,173 [Thread-1177] INFO  impl.FollowerState (FollowerState.java:run(108)) - f535bb4a-cba0-4f9b-9e3e-e4a48b3eda51@group-7E32184879DE-FollowerState: change to CANDIDATE, lastRpcTime:112ms, electionTimeout:112ms
2019-10-18 11:24:37,174 [Thread-1177] INFO  impl.RoleInfo (RoleInfo.java:shutdownFollowerState(121)) - f535bb4a-cba0-4f9b-9e3e-e4a48b3eda51: shutdown FollowerState
2019-10-18 11:24:37,174 [Thread-1177] INFO  impl.RaftServerImpl (RaftServerImpl.java:setRole(184)) - f535bb4a-cba0-4f9b-9e3e-e4a48b3eda51@group-7E32184879DE: changes role from  FOLLOWER to CANDIDATE at term 193 for changeToCandidate
2019-10-18 11:24:37,174 [Thread-1177] INFO  impl.RoleInfo (RoleInfo.java:updateAndGet(143)) - f535bb4a-cba0-4f9b-9e3e-e4a48b3eda51: start LeaderElection
2019-10-18 11:24:37,202 [f535bb4a-cba0-4f9b-9e3e-e4a48b3eda51@group-7E32184879DE-LeaderElection162] INFO  impl.LeaderElection (LeaderElection.java:askForVotes(178)) - f535bb4a-cba0-4f9b-9e3e-e4a48b3eda51@group-7E32184879DE-LeaderElection162: begin an election at term 194 for -1: [f535bb4a-cba0-4f9b-9e3e-e4a48b3eda51:0.0.0.0:44706, 54aabb14-4a7d-4ab3-adbe-2e67760b87f4:0.0.0.0:43074, c652e2ee-3322-4406-8db6-1ea643cb3197:0.0.0.0:42129], old=null
2019-10-18 11:24:37,204 [grpc-default-executor-3] INFO  impl.RaftServerImpl (RaftServerImpl.java:setRole(184)) - 54aabb14-4a7d-4ab3-adbe-2e67760b87f4@group-7E32184879DE: changes role from  FOLLOWER to FOLLOWER at term 194 for recognizeCandidate:f535bb4a-cba0-4f9b-9e3e-e4a48b3eda51
2019-10-18 11:24:37,204 [grpc-default-executor-1] INFO  impl.RaftServerImpl (RaftServerImpl.java:setRole(184)) - c652e2ee-3322-4406-8db6-1ea643cb3197@group-7E32184879DE: changes role from  FOLLOWER to FOLLOWER at term 194 for recognizeCandidate:f535bb4a-cba0-4f9b-9e3e-e4a48b3eda51
2019-10-18 11:24:37,204 [grpc-default-executor-1] INFO  impl.RoleInfo (RoleInfo.java:shutdownFollowerState(121)) - c652e2ee-3322-4406-8db6-1ea643cb3197: shutdown FollowerState
2019-10-18 11:24:37,204 [grpc-default-executor-3] INFO  impl.RoleInfo (RoleInfo.java:shutdownFollowerState(121)) - 54aabb14-4a7d-4ab3-adbe-2e67760b87f4: shutdown FollowerState
2019-10-18 11:24:37,204 [Thread-1176] INFO  impl.FollowerState (FollowerState.java:run(117)) - c652e2ee-3322-4406-8db6-1ea643cb3197@group-7E32184879DE-FollowerState was interrupted: java.lang.InterruptedException: sleep interrupted
2019-10-18 11:24:37,204 [grpc-default-executor-1] INFO  impl.RoleInfo (RoleInfo.java:updateAndGet(143)) - c652e2ee-3322-4406-8db6-1ea643cb3197: start FollowerState
2019-10-18 11:24:37,204 [grpc-default-executor-3] INFO  impl.RoleInfo (RoleInfo.java:updateAndGet(143)) - 54aabb14-4a7d-4ab3-adbe-2e67760b87f4: start FollowerState
2019-10-18 11:24:37,204 [Thread-1175] INFO  impl.FollowerState (FollowerState.java:run(117)) - 54aabb14-4a7d-4ab3-adbe-2e67760b87f4@group-7E32184879DE-FollowerState was interrupted: java.lang.InterruptedException: sleep interrupted
2019-10-18 11:24:37,237 [f535bb4a-cba0-4f9b-9e3e-e4a48b3eda51@group-7E32184879DE-LeaderElection162] INFO  impl.LeaderElection (LeaderElection.java:logAndReturn(56)) - f535bb4a-cba0-4f9b-9e3e-e4a48b3eda51@group-7E32184879DE-LeaderElection162: Election REJECTED; received 2 response(s) [f535bb4a-cba0-4f9b-9e3e-e4a48b3eda51<-54aabb14-4a7d-4ab3-adbe-2e67760b87f4#0:FAIL-t194, f535bb4a-cba0-4f9b-9e3e-e4a48b3eda51<-c652e2ee-3322-4406-8db6-1ea643cb3197#0:FAIL-t194] and 0 exception(s); f535bb4a-cba0-4f9b-9e3e-e4a48b3eda51@group-7E32184879DE:t194, leader=null, voted=f535bb4a-cba0-4f9b-9e3e-e4a48b3eda51, raftlog=f535bb4a-cba0-4f9b-9e3e-e4a48b3eda51@group-7E32184879DE-SegmentedRaftLog:OPENED:c-1,f-1,i0, conf=-1: [f535bb4a-cba0-4f9b-9e3e-e4a48b3eda51:0.0.0.0:44706, 54aabb14-4a7d-4ab3-adbe-2e67760b87f4:0.0.0.0:43074, c652e2ee-3322-4406-8db6-1ea643cb3197:0.0.0.0:42129], old=null
2019-10-18 11:24:37,237 [f535bb4a-cba0-4f9b-9e3e-e4a48b3eda51@group-7E32184879DE-LeaderElection162] INFO  impl.RaftServerImpl (RaftServerImpl.java:setRole(184)) - f535bb4a-cba0-4f9b-9e3e-e4a48b3eda51@group-7E32184879DE: changes role from CANDIDATE to FOLLOWER at term 194 for DISCOVERED_A_NEW_TERM
2019-10-18 11:24:37,237 [f535bb4a-cba0-4f9b-9e3e-e4a48b3eda51@group-7E32184879DE-LeaderElection162] INFO  impl.RoleInfo (RoleInfo.java:shutdownLeaderElection(134)) - f535bb4a-cba0-4f9b-9e3e-e4a48b3eda51: shutdown LeaderElection
2019-10-18 11:24:37,238 [f535bb4a-cba0-4f9b-9e3e-e4a48b3eda51@group-7E32184879DE-LeaderElection162] INFO  impl.RoleInfo (RoleInfo.java:updateAndGet(143)) - f535bb4a-cba0-4f9b-9e3e-e4a48b3eda51: start FollowerState
2019-10-18 11:24:37,323 [Thread-1185] INFO  impl.FollowerState (FollowerState.java:run(108)) - f535bb4a-cba0-4f9b-9e3e-e4a48b3eda51@group-7E32184879DE-FollowerState: change to CANDIDATE, lastRpcTime:85ms, electionTimeout:85ms
2019-10-18 11:24:37,323 [Thread-1185] INFO  impl.RoleInfo (RoleInfo.java:shutdownFollowerState(121)) - f535bb4a-cba0-4f9b-9e3e-e4a48b3eda51: shutdown FollowerState
2019-10-18 11:24:37,324 [Thread-1185] INFO  impl.RaftServerImpl (RaftServerImpl.java:setRole(184)) - f535bb4a-cba0-4f9b-9e3e-e4a48b3eda51@group-7E32184879DE: changes role from  FOLLOWER to CANDIDATE at term 194 for changeToCandidate
2019-10-18 11:24:37,324 [Thread-1185] INFO  impl.RoleInfo (RoleInfo.java:updateAndGet(143)) - f535bb4a-cba0-4f9b-9e3e-e4a48b3eda51: start LeaderElection
2019-10-18 11:24:37,352 [f535bb4a-cba0-4f9b-9e3e-e4a48b3eda51@group-7E32184879DE-LeaderElection163] INFO  impl.LeaderElection (LeaderElection.java:askForVotes(178)) - f535bb4a-cba0-4f9b-9e3e-e4a48b3eda51@group-7E32184879DE-LeaderElection163: begin an election at term 195 for -1: [f535bb4a-cba0-4f9b-9e3e-e4a48b3eda51:0.0.0.0:44706, 54aabb14-4a7d-4ab3-adbe-2e67760b87f4:0.0.0.0:43074, c652e2ee-3322-4406-8db6-1ea643cb3197:0.0.0.0:42129], old=null
2019-10-18 11:24:37,355 [grpc-default-executor-1] INFO  impl.RaftServerImpl (RaftServerImpl.java:setRole(184)) - 54aabb14-4a7d-4ab3-adbe-2e67760b87f4@group-7E32184879DE: changes role from  FOLLOWER to FOLLOWER at term 195 for recognizeCandidate:f535bb4a-cba0-4f9b-9e3e-e4a48b3eda51
2019-10-18 11:24:37,355 [grpc-default-executor-1] INFO  impl.RoleInfo (RoleInfo.java:shutdownFollowerState(121)) - 54aabb14-4a7d-4ab3-adbe-2e67760b87f4: shutdown FollowerState
2019-10-18 11:24:37,355 [grpc-default-executor-1] INFO  impl.RoleInfo (RoleInfo.java:updateAndGet(143)) - 54aabb14-4a7d-4ab3-adbe-2e67760b87f4: start FollowerState
2019-10-18 11:24:37,355 [grpc-default-executor-3] INFO  impl.RaftServerImpl (RaftServerImpl.java:setRole(184)) - c652e2ee-3322-4406-8db6-1ea643cb3197@group-7E32184879DE: changes role from  FOLLOWER to FOLLOWER at term 195 for recognizeCandidate:f535bb4a-cba0-4f9b-9e3e-e4a48b3eda51
2019-10-18 11:24:37,355 [Thread-1184] INFO  impl.FollowerState (FollowerState.java:run(117)) - 54aabb14-4a7d-4ab3-adbe-2e67760b87f4@group-7E32184879DE-FollowerState was interrupted: java.lang.InterruptedException: sleep interrupted
2019-10-18 11:24:37,355 [grpc-default-executor-3] INFO  impl.RoleInfo (RoleInfo.java:shutdownFollowerState(121)) - c652e2ee-3322-4406-8db6-1ea643cb3197: shutdown FollowerState
2019-10-18 11:24:37,355 [grpc-default-executor-3] INFO  impl.RoleInfo (RoleInfo.java:updateAndGet(143)) - c652e2ee-3322-4406-8db6-1ea643cb3197: start FollowerState
2019-10-18 11:24:37,355 [Thread-1183] INFO  impl.FollowerState (FollowerState.java:run(117)) - c652e2ee-3322-4406-8db6-1ea643cb3197@group-7E32184879DE-FollowerState was interrupted: java.lang.InterruptedException: sleep interrupted
2019-10-18 11:24:37,379 [f535bb4a-cba0-4f9b-9e3e-e4a48b3eda51@group-7E32184879DE-LeaderElection163] INFO  impl.LeaderElection (LeaderElection.java:logAndReturn(56)) - f535bb4a-cba0-4f9b-9e3e-e4a48b3eda51@group-7E32184879DE-LeaderElection163: Election REJECTED; received 2 response(s) [f535bb4a-cba0-4f9b-9e3e-e4a48b3eda51<-54aabb14-4a7d-4ab3-adbe-2e67760b87f4#0:FAIL-t195, f535bb4a-cba0-4f9b-9e3e-e4a48b3eda51<-c652e2ee-3322-4406-8db6-1ea643cb3197#0:FAIL-t195] and 0 exception(s); f535bb4a-cba0-4f9b-9e3e-e4a48b3eda51@group-7E32184879DE:t195, leader=null, voted=f535bb4a-cba0-4f9b-9e3e-e4a48b3eda51, raftlog=f535bb4a-cba0-4f9b-9e3e-e4a48b3eda51@group-7E32184879DE-SegmentedRaftLog:OPENED:c-1,f-1,i0, conf=-1: [f535bb4a-cba0-4f9b-9e3e-e4a48b3eda51:0.0.0.0:44706, 54aabb14-4a7d-4ab3-adbe-2e67760b87f4:0.0.0.0:43074, c652e2ee-3322-4406-8db6-1ea643cb3197:0.0.0.0:42129], old=null
2019-10-18 11:24:37,379 [f535bb4a-cba0-4f9b-9e3e-e4a48b3eda51@group-7E32184879DE-LeaderElection163] INFO  impl.RaftServerImpl (RaftServerImpl.java:setRole(184)) - f535bb4a-cba0-4f9b-9e3e-e4a48b3eda51@group-7E32184879DE: changes role from CANDIDATE to FOLLOWER at term 195 for DISCOVERED_A_NEW_TERM
2019-10-18 11:24:37,379 [f535bb4a-cba0-4f9b-9e3e-e4a48b3eda51@group-7E32184879DE-LeaderElection163] INFO  impl.RoleInfo (RoleInfo.java:shutdownLeaderElection(134)) - f535bb4a-cba0-4f9b-9e3e-e4a48b3eda51: shutdown LeaderElection
2019-10-18 11:24:37,379 [f535bb4a-cba0-4f9b-9e3e-e4a48b3eda51@group-7E32184879DE-LeaderElection163] INFO  impl.RoleInfo (RoleInfo.java:updateAndGet(143)) - f535bb4a-cba0-4f9b-9e3e-e4a48b3eda51: start FollowerState
2019-10-18 11:24:37,548 [Thread-1191] INFO  impl.FollowerState (FollowerState.java:run(108)) - f535bb4a-cba0-4f9b-9e3e-e4a48b3eda51@group-7E32184879DE-FollowerState: change to CANDIDATE, lastRpcTime:169ms, electionTimeout:169ms
2019-10-18 11:24:37,549 [Thread-1191] INFO  impl.RoleInfo (RoleInfo.java:shutdownFollowerState(121)) - f535bb4a-cba0-4f9b-9e3e-e4a48b3eda51: shutdown FollowerState
2019-10-18 11:24:37,549 [Thread-1191] INFO  impl.RaftServerImpl (RaftServerImpl.java:setRole(184)) - f535bb4a-cba0-4f9b-9e3e-e4a48b3eda51@group-7E32184879DE: changes role from  FOLLOWER to CANDIDATE at term 195 for changeToCandidate
2019-10-18 11:24:37,549 [Thread-1191] INFO  impl.RoleInfo (RoleInfo.java:updateAndGet(143)) - f535bb4a-cba0-4f9b-9e3e-e4a48b3eda51: start LeaderElection
2019-10-18 11:24:37,578 [f535bb4a-cba0-4f9b-9e3e-e4a48b3eda51@group-7E32184879DE-LeaderElection164] INFO  impl.LeaderElection (LeaderElection.java:askForVotes(178)) - f535bb4a-cba0-4f9b-9e3e-e4a48b3eda51@group-7E32184879DE-LeaderElection164: begin an election at term 196 for -1: [f535bb4a-cba0-4f9b-9e3e-e4a48b3eda51:0.0.0.0:44706, 54aabb14-4a7d-4ab3-adbe-2e67760b87f4:0.0.0.0:43074, c652e2ee-3322-4406-8db6-1ea643cb3197:0.0.0.0:42129], old=null
2019-10-18 11:24:37,581 [grpc-default-executor-1] INFO  impl.RaftServerImpl (RaftServerImpl.java:setRole(184)) - c652e2ee-3322-4406-8db6-1ea643cb3197@group-7E32184879DE: changes role from  FOLLOWER to FOLLOWER at term 196 for recognizeCandidate:f535bb4a-cba0-4f9b-9e3e-e4a48b3eda51
2019-10-18 11:24:37,581 [grpc-default-executor-3] INFO  impl.RaftServerImpl (RaftServerImpl.java:setRole(184)) - 54aabb14-4a7d-4ab3-adbe-2e67760b87f4@group-7E32184879DE: changes role from  FOLLOWER to FOLLOWER at term 196 for recognizeCandidate:f535bb4a-cba0-4f9b-9e3e-e4a48b3eda51
2019-10-18 11:24:37,581 [grpc-default-executor-1] INFO  impl.RoleInfo (RoleInfo.java:shutdownFollowerState(121)) - c652e2ee-3322-4406-8db6-1ea643cb3197: shutdown FollowerState
2019-10-18 11:24:37,581 [grpc-default-executor-3] INFO  impl.RoleInfo (RoleInfo.java:shutdownFollowerState(121)) - 54aabb14-4a7d-4ab3-adbe-2e67760b87f4: shutdown FollowerState
2019-10-18 11:24:37,582 [Thread-1190] INFO  impl.FollowerState (FollowerState.java:run(117)) - c652e2ee-3322-4406-8db6-1ea643cb3197@group-7E32184879DE-FollowerState was interrupted: java.lang.InterruptedException: sleep interrupted
2019-10-18 11:24:37,582 [grpc-default-executor-1] INFO  impl.RoleInfo (RoleInfo.java:updateAndGet(143)) - c652e2ee-3322-4406-8db6-1ea643cb3197: start FollowerState
2019-10-18 11:24:37,582 [Thread-1189] INFO  impl.FollowerState (FollowerState.java:run(117)) - 54aabb14-4a7d-4ab3-adbe-2e67760b87f4@group-7E32184879DE-FollowerState was interrupted: java.lang.InterruptedException: sleep interrupted
2019-10-18 11:24:37,582 [grpc-default-executor-3] INFO  impl.RoleInfo (RoleInfo.java:updateAndGet(143)) - 54aabb14-4a7d-4ab3-adbe-2e67760b87f4: start FollowerState
2019-10-18 11:24:37,604 [f535bb4a-cba0-4f9b-9e3e-e4a48b3eda51@group-7E32184879DE-LeaderElection164] INFO  impl.LeaderElection (LeaderElection.java:logAndReturn(56)) - f535bb4a-cba0-4f9b-9e3e-e4a48b3eda51@group-7E32184879DE-LeaderElection164: Election REJECTED; received 2 response(s) [f535bb4a-cba0-4f9b-9e3e-e4a48b3eda51<-54aabb14-4a7d-4ab3-adbe-2e67760b87f4#0:FAIL-t196, f535bb4a-cba0-4f9b-9e3e-e4a48b3eda51<-c652e2ee-3322-4406-8db6-1ea643cb3197#0:FAIL-t196] and 0 exception(s); f535bb4a-cba0-4f9b-9e3e-e4a48b3eda51@group-7E32184879DE:t196, leader=null, voted=f535bb4a-cba0-4f9b-9e3e-e4a48b3eda51, raftlog=f535bb4a-cba0-4f9b-9e3e-e4a48b3eda51@group-7E32184879DE-SegmentedRaftLog:OPENED:c-1,f-1,i0, conf=-1: [f535bb4a-cba0-4f9b-9e3e-e4a48b3eda51:0.0.0.0:44706, 54aabb14-4a7d-4ab3-adbe-2e67760b87f4:0.0.0.0:43074, c652e2ee-3322-4406-8db6-1ea643cb3197:0.0.0.0:42129], old=null
2019-10-18 11:24:37,604 [f535bb4a-cba0-4f9b-9e3e-e4a48b3eda51@group-7E32184879DE-LeaderElection164] INFO  impl.RaftServerImpl (RaftServerImpl.java:setRole(184)) - f535bb4a-cba0-4f9b-9e3e-e4a48b3eda51@group-7E32184879DE: changes role from CANDIDATE to FOLLOWER at term 196 for DISCOVERED_A_NEW_TERM
2019-10-18 11:24:37,605 [f535bb4a-cba0-4f9b-9e3e-e4a48b3eda51@group-7E32184879DE-LeaderElection164] INFO  impl.RoleInfo (RoleInfo.java:shutdownLeaderElection(134)) - f535bb4a-cba0-4f9b-9e3e-e4a48b3eda51: shutdown LeaderElection
2019-10-18 11:24:37,605 [f535bb4a-cba0-4f9b-9e3e-e4a48b3eda51@group-7E32184879DE-LeaderElection164] INFO  impl.RoleInfo (RoleInfo.java:updateAndGet(143)) - f535bb4a-cba0-4f9b-9e3e-e4a48b3eda51: start FollowerState
2019-10-18 11:24:37,648 [Thread-1197] INFO  impl.FollowerState (FollowerState.java:run(108)) - f535bb4a-cba0-4f9b-9e3e-e4a48b3eda51@group-7E32184879DE-FollowerState: change to CANDIDATE, lastRpcTime:43ms, electionTimeout:43ms
2019-10-18 11:24:37,648 [Thread-1197] INFO  impl.RoleInfo (RoleInfo.java:shutdownFollowerState(121)) - f535bb4a-cba0-4f9b-9e3e-e4a48b3eda51: shutdown FollowerState
2019-10-18 11:24:37,648 [Thread-1197] INFO  impl.RaftServerImpl (RaftServerImpl.java:setRole(184)) - f535bb4a-cba0-4f9b-9e3e-e4a48b3eda51@group-7E32184879DE: changes role from  FOLLOWER to CANDIDATE at term 196 for changeToCandidate
2019-10-18 11:24:37,649 [Thread-1197] INFO  impl.RoleInfo (RoleInfo.java:updateAndGet(143)) - f535bb4a-cba0-4f9b-9e3e-e4a48b3eda51: start LeaderElection
2019-10-18 11:24:37,679 [f535bb4a-cba0-4f9b-9e3e-e4a48b3eda51@group-7E32184879DE-LeaderElection165] INFO  impl.LeaderElection (LeaderElection.java:askForVotes(178)) - f535bb4a-cba0-4f9b-9e3e-e4a48b3eda51@group-7E32184879DE-LeaderElection165: begin an election at term 197 for -1: [f535bb4a-cba0-4f9b-9e3e-e4a48b3eda51:0.0.0.0:44706, 54aabb14-4a7d-4ab3-adbe-2e67760b87f4:0.0.0.0:43074, c652e2ee-3322-4406-8db6-1ea643cb3197:0.0.0.0:42129], old=null
2019-10-18 11:24:37,681 [f535bb4a-cba0-4f9b-9e3e-e4a48b3eda51@group-7E32184879DE-LeaderElection165] INFO  impl.LeaderElection (LeaderElection.java:logAndReturn(56)) - f535bb4a-cba0-4f9b-9e3e-e4a48b3eda51@group-7E32184879DE-LeaderElection165: Election TIMEOUT; received 0 response(s) [] and 0 exception(s); f535bb4a-cba0-4f9b-9e3e-e4a48b3eda51@group-7E32184879DE:t197, leader=null, voted=f535bb4a-cba0-4f9b-9e3e-e4a48b3eda51, raftlog=f535bb4a-cba0-4f9b-9e3e-e4a48b3eda51@group-7E32184879DE-SegmentedRaftLog:OPENED:c-1,f-1,i0, conf=-1: [f535bb4a-cba0-4f9b-9e3e-e4a48b3eda51:0.0.0.0:44706, 54aabb14-4a7d-4ab3-adbe-2e67760b87f4:0.0.0.0:43074, c652e2ee-3322-4406-8db6-1ea643cb3197:0.0.0.0:42129], old=null
2019-10-18 11:24:37,682 [grpc-default-executor-1] INFO  impl.RaftServerImpl (RaftServerImpl.java:setRole(184)) - 54aabb14-4a7d-4ab3-adbe-2e67760b87f4@group-7E32184879DE: changes role from  FOLLOWER to FOLLOWER at term 197 for recognizeCandidate:f535bb4a-cba0-4f9b-9e3e-e4a48b3eda51
2019-10-18 11:24:37,682 [grpc-default-executor-1] INFO  impl.RoleInfo (RoleInfo.java:shutdownFollowerState(121)) - 54aabb14-4a7d-4ab3-adbe-2e67760b87f4: shutdown FollowerState
2019-10-18 11:24:37,682 [grpc-default-executor-1] INFO  impl.RoleInfo (RoleInfo.java:updateAndGet(143)) - 54aabb14-4a7d-4ab3-adbe-2e67760b87f4: start FollowerState
2019-10-18 11:24:37,682 [Thread-1196] INFO  impl.FollowerState (FollowerState.java:run(117)) - 54aabb14-4a7d-4ab3-adbe-2e67760b87f4@group-7E32184879DE-FollowerState was interrupted: java.lang.InterruptedException: sleep interrupted
2019-10-18 11:24:37,682 [grpc-default-executor-3] INFO  impl.RaftServerImpl (RaftServerImpl.java:setRole(184)) - c652e2ee-3322-4406-8db6-1ea643cb3197@group-7E32184879DE: changes role from  FOLLOWER to FOLLOWER at term 197 for recognizeCandidate:f535bb4a-cba0-4f9b-9e3e-e4a48b3eda51
2019-10-18 11:24:37,683 [grpc-default-executor-3] INFO  impl.RoleInfo (RoleInfo.java:shutdownFollowerState(121)) - c652e2ee-3322-4406-8db6-1ea643cb3197: shutdown FollowerState
2019-10-18 11:24:37,683 [grpc-default-executor-3] INFO  impl.RoleInfo (RoleInfo.java:updateAndGet(143)) - c652e2ee-3322-4406-8db6-1ea643cb3197: start FollowerState
2019-10-18 11:24:37,683 [Thread-1195] INFO  impl.FollowerState (FollowerState.java:run(117)) - c652e2ee-3322-4406-8db6-1ea643cb3197@group-7E32184879DE-FollowerState was interrupted: java.lang.InterruptedException: sleep interrupted
2019-10-18 11:24:37,704 [f535bb4a-cba0-4f9b-9e3e-e4a48b3eda51@group-7E32184879DE-LeaderElection165] INFO  impl.LeaderElection (LeaderElection.java:askForVotes(178)) - f535bb4a-cba0-4f9b-9e3e-e4a48b3eda51@group-7E32184879DE-LeaderElection165: begin an election at term 198 for -1: [f535bb4a-cba0-4f9b-9e3e-e4a48b3eda51:0.0.0.0:44706, 54aabb14-4a7d-4ab3-adbe-2e67760b87f4:0.0.0.0:43074, c652e2ee-3322-4406-8db6-1ea643cb3197:0.0.0.0:42129], old=null
2019-10-18 11:24:37,706 [grpc-default-executor-3] INFO  impl.RaftServerImpl (RaftServerImpl.java:setRole(184)) - 54aabb14-4a7d-4ab3-adbe-2e67760b87f4@group-7E32184879DE: changes role from  FOLLOWER to FOLLOWER at term 198 for recognizeCandidate:f535bb4a-cba0-4f9b-9e3e-e4a48b3eda51
2019-10-18 11:24:37,707 [grpc-default-executor-3] INFO  impl.RoleInfo (RoleInfo.java:shutdownFollowerState(121)) - 54aabb14-4a7d-4ab3-adbe-2e67760b87f4: shutdown FollowerState
2019-10-18 11:24:37,707 [grpc-default-executor-3] INFO  impl.RoleInfo (RoleInfo.java:updateAndGet(143)) - 54aabb14-4a7d-4ab3-adbe-2e67760b87f4: start FollowerState
2019-10-18 11:24:37,707 [Thread-1201] INFO  impl.FollowerState (FollowerState.java:run(117)) - 54aabb14-4a7d-4ab3-adbe-2e67760b87f4@group-7E32184879DE-FollowerState was interrupted: java.lang.InterruptedException: sleep interrupted
2019-10-18 11:24:37,708 [grpc-default-executor-1] INFO  impl.RaftServerImpl (RaftServerImpl.java:setRole(184)) - c652e2ee-3322-4406-8db6-1ea643cb3197@group-7E32184879DE: changes role from  FOLLOWER to FOLLOWER at term 198 for recognizeCandidate:f535bb4a-cba0-4f9b-9e3e-e4a48b3eda51
2019-10-18 11:24:37,708 [grpc-default-executor-1] INFO  impl.RoleInfo (RoleInfo.java:shutdownFollowerState(121)) - c652e2ee-3322-4406-8db6-1ea643cb3197: shutdown FollowerState
2019-10-18 11:24:37,708 [grpc-default-executor-1] INFO  impl.RoleInfo (RoleInfo.java:updateAndGet(143)) - c652e2ee-3322-4406-8db6-1ea643cb3197: start FollowerState
2019-10-18 11:24:37,708 [Thread-1202] INFO  impl.FollowerState (FollowerState.java:run(117)) - c652e2ee-3322-4406-8db6-1ea643cb3197@group-7E32184879DE-FollowerState was interrupted: java.lang.InterruptedException: sleep interrupted
2019-10-18 11:24:37,734 [f535bb4a-cba0-4f9b-9e3e-e4a48b3eda51@group-7E32184879DE-LeaderElection165] INFO  impl.LeaderElection (LeaderElection.java:logAndReturn(56)) - f535bb4a-cba0-4f9b-9e3e-e4a48b3eda51@group-7E32184879DE-LeaderElection165: Election REJECTED; received 2 response(s) [f535bb4a-cba0-4f9b-9e3e-e4a48b3eda51<-54aabb14-4a7d-4ab3-adbe-2e67760b87f4#0:FAIL-t198, f535bb4a-cba0-4f9b-9e3e-e4a48b3eda51<-c652e2ee-3322-4406-8db6-1ea643cb3197#0:FAIL-t198] and 0 exception(s); f535bb4a-cba0-4f9b-9e3e-e4a48b3eda51@group-7E32184879DE:t198, leader=null, voted=f535bb4a-cba0-4f9b-9e3e-e4a48b3eda51, raftlog=f535bb4a-cba0-4f9b-9e3e-e4a48b3eda51@group-7E32184879DE-SegmentedRaftLog:OPENED:c-1,f-1,i0, conf=-1: [f535bb4a-cba0-4f9b-9e3e-e4a48b3eda51:0.0.0.0:44706, 54aabb14-4a7d-4ab3-adbe-2e67760b87f4:0.0.0.0:43074, c652e2ee-3322-4406-8db6-1ea643cb3197:0.0.0.0:42129], old=null
2019-10-18 11:24:37,735 [f535bb4a-cba0-4f9b-9e3e-e4a48b3eda51@group-7E32184879DE-LeaderElection165] INFO  impl.RaftServerImpl (RaftServerImpl.java:setRole(184)) - f535bb4a-cba0-4f9b-9e3e-e4a48b3eda51@group-7E32184879DE: changes role from CANDIDATE to FOLLOWER at term 198 for DISCOVERED_A_NEW_TERM
2019-10-18 11:24:37,735 [f535bb4a-cba0-4f9b-9e3e-e4a48b3eda51@group-7E32184879DE-LeaderElection165] INFO  impl.RoleInfo (RoleInfo.java:shutdownLeaderElection(134)) - f535bb4a-cba0-4f9b-9e3e-e4a48b3eda51: shutdown LeaderElection
2019-10-18 11:24:37,736 [f535bb4a-cba0-4f9b-9e3e-e4a48b3eda51@group-7E32184879DE-LeaderElection165] INFO  impl.RoleInfo (RoleInfo.java:updateAndGet(143)) - f535bb4a-cba0-4f9b-9e3e-e4a48b3eda51: start FollowerState
2019-10-18 11:24:37,746 [Thread-1207] INFO  impl.FollowerState (FollowerState.java:run(108)) - f535bb4a-cba0-4f9b-9e3e-e4a48b3eda51@group-7E32184879DE-FollowerState: change to CANDIDATE, lastRpcTime:10ms, electionTimeout:10ms
2019-10-18 11:24:37,746 [Thread-1207] INFO  impl.RoleInfo (RoleInfo.java:shutdownFollowerState(121)) - f535bb4a-cba0-4f9b-9e3e-e4a48b3eda51: shutdown FollowerState
2019-10-18 11:24:37,746 [Thread-1207] INFO  impl.RaftServerImpl (RaftServerImpl.java:setRole(184)) - f535bb4a-cba0-4f9b-9e3e-e4a48b3eda51@group-7E32184879DE: changes role from  FOLLOWER to CANDIDATE at term 198 for changeToCandidate
2019-10-18 11:24:37,747 [Thread-1207] INFO  impl.RoleInfo (RoleInfo.java:updateAndGet(143)) - f535bb4a-cba0-4f9b-9e3e-e4a48b3eda51: start LeaderElection
2019-10-18 11:24:37,764 [f535bb4a-cba0-4f9b-9e3e-e4a48b3eda51@group-7E32184879DE-LeaderElection166] INFO  impl.LeaderElection (LeaderElection.java:askForVotes(178)) - f535bb4a-cba0-4f9b-9e3e-e4a48b3eda51@group-7E32184879DE-LeaderElection166: begin an election at term 199 for -1: [f535bb4a-cba0-4f9b-9e3e-e4a48b3eda51:0.0.0.0:44706, 54aabb14-4a7d-4ab3-adbe-2e67760b87f4:0.0.0.0:43074, c652e2ee-3322-4406-8db6-1ea643cb3197:0.0.0.0:42129], old=null
2019-10-18 11:24:37,768 [grpc-default-executor-0] INFO  impl.RaftServerImpl (RaftServerImpl.java:setRole(184)) - 54aabb14-4a7d-4ab3-adbe-2e67760b87f4@group-7E32184879DE: changes role from  FOLLOWER to FOLLOWER at term 199 for recognizeCandidate:f535bb4a-cba0-4f9b-9e3e-e4a48b3eda51
2019-10-18 11:24:37,768 [grpc-default-executor-0] INFO  impl.RoleInfo (RoleInfo.java:shutdownFollowerState(121)) - 54aabb14-4a7d-4ab3-adbe-2e67760b87f4: shutdown FollowerState
2019-10-18 11:24:37,768 [grpc-default-executor-3] INFO  impl.RaftServerImpl (RaftServerImpl.java:setRole(184)) - c652e2ee-3322-4406-8db6-1ea643cb3197@group-7E32184879DE: changes role from  FOLLOWER to FOLLOWER at term 199 for recognizeCandidate:f535bb4a-cba0-4f9b-9e3e-e4a48b3eda51
2019-10-18 11:24:37,769 [grpc-default-executor-0] INFO  impl.RoleInfo (RoleInfo.java:updateAndGet(143)) - 54aabb14-4a7d-4ab3-adbe-2e67760b87f4: start FollowerState
2019-10-18 11:24:37,769 [Thread-1205] INFO  impl.FollowerState (FollowerState.java:run(117)) - 54aabb14-4a7d-4ab3-adbe-2e67760b87f4@group-7E32184879DE-FollowerState was interrupted: java.lang.InterruptedException: sleep interrupted
2019-10-18 11:24:37,769 [grpc-default-executor-3] INFO  impl.RoleInfo (RoleInfo.java:shutdownFollowerState(121)) - c652e2ee-3322-4406-8db6-1ea643cb3197: shutdown FollowerState
2019-10-18 11:24:37,769 [grpc-default-executor-3] INFO  impl.RoleInfo (RoleInfo.java:updateAndGet(143)) - c652e2ee-3322-4406-8db6-1ea643cb3197: start FollowerState
2019-10-18 11:24:37,769 [Thread-1206] INFO  impl.FollowerState (FollowerState.java:run(117)) - c652e2ee-3322-4406-8db6-1ea643cb3197@group-7E32184879DE-FollowerState was interrupted: java.lang.InterruptedException: sleep interrupted
2019-10-18 11:24:37,791 [f535bb4a-cba0-4f9b-9e3e-e4a48b3eda51@group-7E32184879DE-LeaderElection166] INFO  impl.LeaderElection (LeaderElection.java:logAndReturn(56)) - f535bb4a-cba0-4f9b-9e3e-e4a48b3eda51@group-7E32184879DE-LeaderElection166: Election REJECTED; received 2 response(s) [f535bb4a-cba0-4f9b-9e3e-e4a48b3eda51<-54aabb14-4a7d-4ab3-adbe-2e67760b87f4#0:FAIL-t199, f535bb4a-cba0-4f9b-9e3e-e4a48b3eda51<-c652e2ee-3322-4406-8db6-1ea643cb3197#0:FAIL-t199] and 0 exception(s); f535bb4a-cba0-4f9b-9e3e-e4a48b3eda51@group-7E32184879DE:t199, leader=null, voted=f535bb4a-cba0-4f9b-9e3e-e4a48b3eda51, raftlog=f535bb4a-cba0-4f9b-9e3e-e4a48b3eda51@group-7E32184879DE-SegmentedRaftLog:OPENED:c-1,f-1,i0, conf=-1: [f535bb4a-cba0-4f9b-9e3e-e4a48b3eda51:0.0.0.0:44706, 54aabb14-4a7d-4ab3-adbe-2e67760b87f4:0.0.0.0:43074, c652e2ee-3322-4406-8db6-1ea643cb3197:0.0.0.0:42129], old=null
2019-10-18 11:24:37,791 [f535bb4a-cba0-4f9b-9e3e-e4a48b3eda51@group-7E32184879DE-LeaderElection166] INFO  impl.RaftServerImpl (RaftServerImpl.java:setRole(184)) - f535bb4a-cba0-4f9b-9e3e-e4a48b3eda51@group-7E32184879DE: changes role from CANDIDATE to FOLLOWER at term 199 for DISCOVERED_A_NEW_TERM
2019-10-18 11:24:37,791 [f535bb4a-cba0-4f9b-9e3e-e4a48b3eda51@group-7E32184879DE-LeaderElection166] INFO  impl.RoleInfo (RoleInfo.java:shutdownLeaderElection(134)) - f535bb4a-cba0-4f9b-9e3e-e4a48b3eda51: shutdown LeaderElection
2019-10-18 11:24:37,791 [f535bb4a-cba0-4f9b-9e3e-e4a48b3eda51@group-7E32184879DE-LeaderElection166] INFO  impl.RoleInfo (RoleInfo.java:updateAndGet(143)) - f535bb4a-cba0-4f9b-9e3e-e4a48b3eda51: start FollowerState
2019-10-18 11:24:37,882 [Thread-1213] INFO  impl.FollowerState (FollowerState.java:run(108)) - f535bb4a-cba0-4f9b-9e3e-e4a48b3eda51@group-7E32184879DE-FollowerState: change to CANDIDATE, lastRpcTime:90ms, electionTimeout:90ms
2019-10-18 11:24:37,882 [Thread-1213] INFO  impl.RoleInfo (RoleInfo.java:shutdownFollowerState(121)) - f535bb4a-cba0-4f9b-9e3e-e4a48b3eda51: shutdown FollowerState
2019-10-18 11:24:37,882 [Thread-1213] INFO  impl.RaftServerImpl (RaftServerImpl.java:setRole(184)) - f535bb4a-cba0-4f9b-9e3e-e4a48b3eda51@group-7E32184879DE: changes role from  FOLLOWER to CANDIDATE at term 199 for changeToCandidate
2019-10-18 11:24:37,882 [Thread-1213] INFO  impl.RoleInfo (RoleInfo.java:updateAndGet(143)) - f535bb4a-cba0-4f9b-9e3e-e4a48b3eda51: start LeaderElection
2019-10-18 11:24:37,915 [f535bb4a-cba0-4f9b-9e3e-e4a48b3eda51@group-7E32184879DE-LeaderElection167] INFO  impl.LeaderElection (LeaderElection.java:askForVotes(178)) - f535bb4a-cba0-4f9b-9e3e-e4a48b3eda51@group-7E32184879DE-LeaderElection167: begin an election at term 200 for -1: [f535bb4a-cba0-4f9b-9e3e-e4a48b3eda51:0.0.0.0:44706, 54aabb14-4a7d-4ab3-adbe-2e67760b87f4:0.0.0.0:43074, c652e2ee-3322-4406-8db6-1ea643cb3197:0.0.0.0:42129], old=null
2019-10-18 11:24:37,918 [grpc-default-executor-3] INFO  impl.RaftServerImpl (RaftServerImpl.java:setRole(184)) - 54aabb14-4a7d-4ab3-adbe-2e67760b87f4@group-7E32184879DE: changes role from  FOLLOWER to FOLLOWER at term 200 for recognizeCandidate:f535bb4a-cba0-4f9b-9e3e-e4a48b3eda51
2019-10-18 11:24:37,918 [grpc-default-executor-0] INFO  impl.RaftServerImpl (RaftServerImpl.java:setRole(184)) - c652e2ee-3322-4406-8db6-1ea643cb3197@group-7E32184879DE: changes role from  FOLLOWER to FOLLOWER at term 200 for recognizeCandidate:f535bb4a-cba0-4f9b-9e3e-e4a48b3eda51
2019-10-18 11:24:37,918 [grpc-default-executor-3] INFO  impl.RoleInfo (RoleInfo.java:shutdownFollowerState(121)) - 54aabb14-4a7d-4ab3-adbe-2e67760b87f4: shutdown FollowerState
2019-10-18 11:24:37,918 [grpc-default-executor-0] INFO  impl.RoleInfo (RoleInfo.java:shutdownFollowerState(121)) - c652e2ee-3322-4406-8db6-1ea643cb3197: shutdown FollowerState
2019-10-18 11:24:37,918 [Thread-1211] INFO  impl.FollowerState (FollowerState.java:run(117)) - 54aabb14-4a7d-4ab3-adbe-2e67760b87f4@group-7E32184879DE-FollowerState was interrupted: java.lang.InterruptedException: sleep interrupted
2019-10-18 11:24:37,918 [grpc-default-executor-3] INFO  impl.RoleInfo (RoleInfo.java:updateAndGet(143)) - 54aabb14-4a7d-4ab3-adbe-2e67760b87f4: start FollowerState
2019-10-18 11:24:37,919 [Thread-1212] INFO  impl.FollowerState (FollowerState.java:run(117)) - c652e2ee-3322-4406-8db6-1ea643cb3197@group-7E32184879DE-FollowerState was interrupted: java.lang.InterruptedException: sleep interrupted
2019-10-18 11:24:37,919 [grpc-default-executor-0] INFO  impl.RoleInfo (RoleInfo.java:updateAndGet(143)) - c652e2ee-3322-4406-8db6-1ea643cb3197: start FollowerState
2019-10-18 11:24:37,942 [f535bb4a-cba0-4f9b-9e3e-e4a48b3eda51@group-7E32184879DE-LeaderElection167] INFO  impl.LeaderElection (LeaderElection.java:logAndReturn(56)) - f535bb4a-cba0-4f9b-9e3e-e4a48b3eda51@group-7E32184879DE-LeaderElection167: Election REJECTED; received 2 response(s) [f535bb4a-cba0-4f9b-9e3e-e4a48b3eda51<-54aabb14-4a7d-4ab3-adbe-2e67760b87f4#0:FAIL-t200, f535bb4a-cba0-4f9b-9e3e-e4a48b3eda51<-c652e2ee-3322-4406-8db6-1ea643cb3197#0:FAIL-t200] and 0 exception(s); f535bb4a-cba0-4f9b-9e3e-e4a48b3eda51@group-7E32184879DE:t200, leader=null, voted=f535bb4a-cba0-4f9b-9e3e-e4a48b3eda51, raftlog=f535bb4a-cba0-4f9b-9e3e-e4a48b3eda51@group-7E32184879DE-SegmentedRaftLog:OPENED:c-1,f-1,i0, conf=-1: [f535bb4a-cba0-4f9b-9e3e-e4a48b3eda51:0.0.0.0:44706, 54aabb14-4a7d-4ab3-adbe-2e67760b87f4:0.0.0.0:43074, c652e2ee-3322-4406-8db6-1ea643cb3197:0.0.0.0:42129], old=null
2019-10-18 11:24:37,942 [f535bb4a-cba0-4f9b-9e3e-e4a48b3eda51@group-7E32184879DE-LeaderElection167] INFO  impl.RaftServerImpl (RaftServerImpl.java:setRole(184)) - f535bb4a-cba0-4f9b-9e3e-e4a48b3eda51@group-7E32184879DE: changes role from CANDIDATE to FOLLOWER at term 200 for DISCOVERED_A_NEW_TERM
2019-10-18 11:24:37,942 [f535bb4a-cba0-4f9b-9e3e-e4a48b3eda51@group-7E32184879DE-LeaderElection167] INFO  impl.RoleInfo (RoleInfo.java:shutdownLeaderElection(134)) - f535bb4a-cba0-4f9b-9e3e-e4a48b3eda51: shutdown LeaderElection
2019-10-18 11:24:37,943 [f535bb4a-cba0-4f9b-9e3e-e4a48b3eda51@group-7E32184879DE-LeaderElection167] INFO  impl.RoleInfo (RoleInfo.java:updateAndGet(143)) - f535bb4a-cba0-4f9b-9e3e-e4a48b3eda51: start FollowerState
2019-10-18 11:24:38,060 [Thread-1219] INFO  impl.FollowerState (FollowerState.java:run(108)) - f535bb4a-cba0-4f9b-9e3e-e4a48b3eda51@group-7E32184879DE-FollowerState: change to CANDIDATE, lastRpcTime:117ms, electionTimeout:117ms
2019-10-18 11:24:38,060 [Thread-1219] INFO  impl.RoleInfo (RoleInfo.java:shutdownFollowerState(121)) - f535bb4a-cba0-4f9b-9e3e-e4a48b3eda51: shutdown FollowerState
2019-10-18 11:24:38,061 [Thread-1219] INFO  impl.RaftServerImpl (RaftServerImpl.java:setRole(184)) - f535bb4a-cba0-4f9b-9e3e-e4a48b3eda51@group-7E32184879DE: changes role from  FOLLOWER to CANDIDATE at term 200 for changeToCandidate
2019-10-18 11:24:38,061 [Thread-1219] INFO  impl.RoleInfo (RoleInfo.java:updateAndGet(143)) - f535bb4a-cba0-4f9b-9e3e-e4a48b3eda51: start LeaderElection
2019-10-18 11:24:38,091 [f535bb4a-cba0-4f9b-9e3e-e4a48b3eda51@group-7E32184879DE-LeaderElection168] INFO  impl.LeaderElection (LeaderElection.java:askForVotes(178)) - f535bb4a-cba0-4f9b-9e3e-e4a48b3eda51@group-7E32184879DE-LeaderElection168: begin an election at term 201 for -1: [f535bb4a-cba0-4f9b-9e3e-e4a48b3eda51:0.0.0.0:44706, 54aabb14-4a7d-4ab3-adbe-2e67760b87f4:0.0.0.0:43074, c652e2ee-3322-4406-8db6-1ea643cb3197:0.0.0.0:42129], old=null
2019-10-18 11:24:38,093 [grpc-default-executor-3] INFO  impl.RaftServerImpl (RaftServerImpl.java:setRole(184)) - c652e2ee-3322-4406-8db6-1ea643cb3197@group-7E32184879DE: changes role from  FOLLOWER to FOLLOWER at term 201 for recognizeCandidate:f535bb4a-cba0-4f9b-9e3e-e4a48b3eda51
2019-10-18 11:24:38,093 [grpc-default-executor-3] INFO  impl.RoleInfo (RoleInfo.java:shutdownFollowerState(121)) - c652e2ee-3322-4406-8db6-1ea643cb3197: shutdown FollowerState
2019-10-18 11:24:38,093 [grpc-default-executor-0] INFO  impl.RaftServerImpl (RaftServerImpl.java:setRole(184)) - 54aabb14-4a7d-4ab3-adbe-2e67760b87f4@group-7E32184879DE: changes role from  FOLLOWER to FOLLOWER at term 201 for recognizeCandidate:f535bb4a-cba0-4f9b-9e3e-e4a48b3eda51
2019-10-18 11:24:38,094 [Thread-1218] INFO  impl.FollowerState (FollowerState.java:run(117)) - c652e2ee-3322-4406-8db6-1ea643cb3197@group-7E32184879DE-FollowerState was interrupted: java.lang.InterruptedException: sleep interrupted
2019-10-18 11:24:38,094 [grpc-default-executor-3] INFO  impl.RoleInfo (RoleInfo.java:updateAndGet(143)) - c652e2ee-3322-4406-8db6-1ea643cb3197: start FollowerState
2019-10-18 11:24:38,094 [grpc-default-executor-0] INFO  impl.RoleInfo (RoleInfo.java:shutdownFollowerState(121)) - 54aabb14-4a7d-4ab3-adbe-2e67760b87f4: shutdown FollowerState
2019-10-18 11:24:38,094 [grpc-default-executor-0] INFO  impl.RoleInfo (RoleInfo.java:updateAndGet(143)) - 54aabb14-4a7d-4ab3-adbe-2e67760b87f4: start FollowerState
2019-10-18 11:24:38,094 [Thread-1217] INFO  impl.FollowerState (FollowerState.java:run(117)) - 54aabb14-4a7d-4ab3-adbe-2e67760b87f4@group-7E32184879DE-FollowerState was interrupted: java.lang.InterruptedException: sleep interrupted
2019-10-18 11:24:38,127 [f535bb4a-cba0-4f9b-9e3e-e4a48b3eda51@group-7E32184879DE-LeaderElection168] INFO  impl.LeaderElection (LeaderElection.java:logAndReturn(56)) - f535bb4a-cba0-4f9b-9e3e-e4a48b3eda51@group-7E32184879DE-LeaderElection168: Election REJECTED; received 2 response(s) [f535bb4a-cba0-4f9b-9e3e-e4a48b3eda51<-54aabb14-4a7d-4ab3-adbe-2e67760b87f4#0:FAIL-t201, f535bb4a-cba0-4f9b-9e3e-e4a48b3eda51<-c652e2ee-3322-4406-8db6-1ea643cb3197#0:FAIL-t201] and 0 exception(s); f535bb4a-cba0-4f9b-9e3e-e4a48b3eda51@group-7E32184879DE:t201, leader=null, voted=f535bb4a-cba0-4f9b-9e3e-e4a48b3eda51, raftlog=f535bb4a-cba0-4f9b-9e3e-e4a48b3eda51@group-7E32184879DE-SegmentedRaftLog:OPENED:c-1,f-1,i0, conf=-1: [f535bb4a-cba0-4f9b-9e3e-e4a48b3eda51:0.0.0.0:44706, 54aabb14-4a7d-4ab3-adbe-2e67760b87f4:0.0.0.0:43074, c652e2ee-3322-4406-8db6-1ea643cb3197:0.0.0.0:42129], old=null
2019-10-18 11:24:38,127 [f535bb4a-cba0-4f9b-9e3e-e4a48b3eda51@group-7E32184879DE-LeaderElection168] INFO  impl.RaftServerImpl (RaftServerImpl.java:setRole(184)) - f535bb4a-cba0-4f9b-9e3e-e4a48b3eda51@group-7E32184879DE: changes role from CANDIDATE to FOLLOWER at term 201 for DISCOVERED_A_NEW_TERM
2019-10-18 11:24:38,127 [f535bb4a-cba0-4f9b-9e3e-e4a48b3eda51@group-7E32184879DE-LeaderElection168] INFO  impl.RoleInfo (RoleInfo.java:shutdownLeaderElection(134)) - f535bb4a-cba0-4f9b-9e3e-e4a48b3eda51: shutdown LeaderElection
2019-10-18 11:24:38,127 [f535bb4a-cba0-4f9b-9e3e-e4a48b3eda51@group-7E32184879DE-LeaderElection168] INFO  impl.RoleInfo (RoleInfo.java:updateAndGet(143)) - f535bb4a-cba0-4f9b-9e3e-e4a48b3eda51: start FollowerState
2019-10-18 11:24:38,232 [Thread-1225] INFO  impl.FollowerState (FollowerState.java:run(108)) - f535bb4a-cba0-4f9b-9e3e-e4a48b3eda51@group-7E32184879DE-FollowerState: change to CANDIDATE, lastRpcTime:105ms, electionTimeout:105ms
2019-10-18 11:24:38,233 [Thread-1225] INFO  impl.RoleInfo (RoleInfo.java:shutdownFollowerState(121)) - f535bb4a-cba0-4f9b-9e3e-e4a48b3eda51: shutdown FollowerState
2019-10-18 11:24:38,233 [Thread-1225] INFO  impl.RaftServerImpl (RaftServerImpl.java:setRole(184)) - f535bb4a-cba0-4f9b-9e3e-e4a48b3eda51@group-7E32184879DE: changes role from  FOLLOWER to CANDIDATE at term 201 for changeToCandidate
2019-10-18 11:24:38,233 [Thread-1225] INFO  impl.RoleInfo (RoleInfo.java:updateAndGet(143)) - f535bb4a-cba0-4f9b-9e3e-e4a48b3eda51: start LeaderElection
2019-10-18 11:24:38,257 [f535bb4a-cba0-4f9b-9e3e-e4a48b3eda51@group-7E32184879DE-LeaderElection169] INFO  impl.LeaderElection (LeaderElection.java:askForVotes(178)) - f535bb4a-cba0-4f9b-9e3e-e4a48b3eda51@group-7E32184879DE-LeaderElection169: begin an election at term 202 for -1: [f535bb4a-cba0-4f9b-9e3e-e4a48b3eda51:0.0.0.0:44706, 54aabb14-4a7d-4ab3-adbe-2e67760b87f4:0.0.0.0:43074, c652e2ee-3322-4406-8db6-1ea643cb3197:0.0.0.0:42129], old=null
2019-10-18 11:24:38,259 [grpc-default-executor-0] INFO  impl.RaftServerImpl (RaftServerImpl.java:setRole(184)) - c652e2ee-3322-4406-8db6-1ea643cb3197@group-7E32184879DE: changes role from  FOLLOWER to FOLLOWER at term 202 for recognizeCandidate:f535bb4a-cba0-4f9b-9e3e-e4a48b3eda51
2019-10-18 11:24:38,259 [grpc-default-executor-3] INFO  impl.RaftServerImpl (RaftServerImpl.java:setRole(184)) - 54aabb14-4a7d-4ab3-adbe-2e67760b87f4@group-7E32184879DE: changes role from  FOLLOWER to FOLLOWER at term 202 for recognizeCandidate:f535bb4a-cba0-4f9b-9e3e-e4a48b3eda51
2019-10-18 11:24:38,259 [grpc-default-executor-3] INFO  impl.RoleInfo (RoleInfo.java:shutdownFollowerState(121)) - 54aabb14-4a7d-4ab3-adbe-2e67760b87f4: shutdown FollowerState
2019-10-18 11:24:38,259 [grpc-default-executor-0] INFO  impl.RoleInfo (RoleInfo.java:shutdownFollowerState(121)) - c652e2ee-3322-4406-8db6-1ea643cb3197: shutdown FollowerState
2019-10-18 11:24:38,259 [Thread-1224] INFO  impl.FollowerState (FollowerState.java:run(117)) - 54aabb14-4a7d-4ab3-adbe-2e67760b87f4@group-7E32184879DE-FollowerState was interrupted: java.lang.InterruptedException: sleep interrupted
2019-10-18 11:24:38,260 [Thread-1223] INFO  impl.FollowerState (FollowerState.java:run(117)) - c652e2ee-3322-4406-8db6-1ea643cb3197@group-7E32184879DE-FollowerState was interrupted: java.lang.InterruptedException: sleep interrupted
2019-10-18 11:24:38,259 [grpc-default-executor-3] INFO  impl.RoleInfo (RoleInfo.java:updateAndGet(143)) - 54aabb14-4a7d-4ab3-adbe-2e67760b87f4: start FollowerState
2019-10-18 11:24:38,260 [grpc-default-executor-0] INFO  impl.RoleInfo (RoleInfo.java:updateAndGet(143)) - c652e2ee-3322-4406-8db6-1ea643cb3197: start FollowerState
2019-10-18 11:24:38,277 [f535bb4a-cba0-4f9b-9e3e-e4a48b3eda51@group-7E32184879DE-LeaderElection169] INFO  impl.LeaderElection (LeaderElection.java:logAndReturn(56)) - f535bb4a-cba0-4f9b-9e3e-e4a48b3eda51@group-7E32184879DE-LeaderElection169: Election REJECTED; received 2 response(s) [f535bb4a-cba0-4f9b-9e3e-e4a48b3eda51<-54aabb14-4a7d-4ab3-adbe-2e67760b87f4#0:FAIL-t202, f535bb4a-cba0-4f9b-9e3e-e4a48b3eda51<-c652e2ee-3322-4406-8db6-1ea643cb3197#0:FAIL-t202] and 0 exception(s); f535bb4a-cba0-4f9b-9e3e-e4a48b3eda51@group-7E32184879DE:t202, leader=null, voted=f535bb4a-cba0-4f9b-9e3e-e4a48b3eda51, raftlog=f535bb4a-cba0-4f9b-9e3e-e4a48b3eda51@group-7E32184879DE-SegmentedRaftLog:OPENED:c-1,f-1,i0, conf=-1: [f535bb4a-cba0-4f9b-9e3e-e4a48b3eda51:0.0.0.0:44706, 54aabb14-4a7d-4ab3-adbe-2e67760b87f4:0.0.0.0:43074, c652e2ee-3322-4406-8db6-1ea643cb3197:0.0.0.0:42129], old=null
2019-10-18 11:24:38,277 [f535bb4a-cba0-4f9b-9e3e-e4a48b3eda51@group-7E32184879DE-LeaderElection169] INFO  impl.RaftServerImpl (RaftServerImpl.java:setRole(184)) - f535bb4a-cba0-4f9b-9e3e-e4a48b3eda51@group-7E32184879DE: changes role from CANDIDATE to FOLLOWER at term 202 for DISCOVERED_A_NEW_TERM
2019-10-18 11:24:38,277 [f535bb4a-cba0-4f9b-9e3e-e4a48b3eda51@group-7E32184879DE-LeaderElection169] INFO  impl.RoleInfo (RoleInfo.java:shutdownLeaderElection(134)) - f535bb4a-cba0-4f9b-9e3e-e4a48b3eda51: shutdown LeaderElection
2019-10-18 11:24:38,277 [f535bb4a-cba0-4f9b-9e3e-e4a48b3eda51@group-7E32184879DE-LeaderElection169] INFO  impl.RoleInfo (RoleInfo.java:updateAndGet(143)) - f535bb4a-cba0-4f9b-9e3e-e4a48b3eda51: start FollowerState
2019-10-18 11:24:38,353 [Thread-1233] INFO  impl.FollowerState (FollowerState.java:run(108)) - f535bb4a-cba0-4f9b-9e3e-e4a48b3eda51@group-7E32184879DE-FollowerState: change to CANDIDATE, lastRpcTime:75ms, electionTimeout:75ms
2019-10-18 11:24:38,353 [Thread-1233] INFO  impl.RoleInfo (RoleInfo.java:shutdownFollowerState(121)) - f535bb4a-cba0-4f9b-9e3e-e4a48b3eda51: shutdown FollowerState
2019-10-18 11:24:38,353 [Thread-1233] INFO  impl.RaftServerImpl (RaftServerImpl.java:setRole(184)) - f535bb4a-cba0-4f9b-9e3e-e4a48b3eda51@group-7E32184879DE: changes role from  FOLLOWER to CANDIDATE at term 202 for changeToCandidate
2019-10-18 11:24:38,353 [Thread-1233] INFO  impl.RoleInfo (RoleInfo.java:updateAndGet(143)) - f535bb4a-cba0-4f9b-9e3e-e4a48b3eda51: start LeaderElection
2019-10-18 11:24:38,377 [f535bb4a-cba0-4f9b-9e3e-e4a48b3eda51@group-7E32184879DE-LeaderElection170] INFO  impl.LeaderElection (LeaderElection.java:askForVotes(178)) - f535bb4a-cba0-4f9b-9e3e-e4a48b3eda51@group-7E32184879DE-LeaderElection170: begin an election at term 203 for -1: [f535bb4a-cba0-4f9b-9e3e-e4a48b3eda51:0.0.0.0:44706, 54aabb14-4a7d-4ab3-adbe-2e67760b87f4:0.0.0.0:43074, c652e2ee-3322-4406-8db6-1ea643cb3197:0.0.0.0:42129], old=null
2019-10-18 11:24:38,379 [grpc-default-executor-0] INFO  impl.RaftServerImpl (RaftServerImpl.java:setRole(184)) - 54aabb14-4a7d-4ab3-adbe-2e67760b87f4@group-7E32184879DE: changes role from  FOLLOWER to FOLLOWER at term 203 for recognizeCandidate:f535bb4a-cba0-4f9b-9e3e-e4a48b3eda51
2019-10-18 11:24:38,379 [grpc-default-executor-3] INFO  impl.RaftServerImpl (RaftServerImpl.java:setRole(184)) - c652e2ee-3322-4406-8db6-1ea643cb3197@group-7E32184879DE: changes role from  FOLLOWER to FOLLOWER at term 203 for recognizeCandidate:f535bb4a-cba0-4f9b-9e3e-e4a48b3eda51
2019-10-18 11:24:38,379 [grpc-default-executor-0] INFO  impl.RoleInfo (RoleInfo.java:shutdownFollowerState(121)) - 54aabb14-4a7d-4ab3-adbe-2e67760b87f4: shutdown FollowerState
2019-10-18 11:24:38,379 [grpc-default-executor-3] INFO  impl.RoleInfo (RoleInfo.java:shutdownFollowerState(121)) - c652e2ee-3322-4406-8db6-1ea643cb3197: shutdown FollowerState
2019-10-18 11:24:38,379 [Thread-1231] INFO  impl.FollowerState (FollowerState.java:run(117)) - 54aabb14-4a7d-4ab3-adbe-2e67760b87f4@group-7E32184879DE-FollowerState was interrupted: java.lang.InterruptedException: sleep interrupted
2019-10-18 11:24:38,379 [grpc-default-executor-0] INFO  impl.RoleInfo (RoleInfo.java:updateAndGet(143)) - 54aabb14-4a7d-4ab3-adbe-2e67760b87f4: start FollowerState
2019-10-18 11:24:38,380 [Thread-1232] INFO  impl.FollowerState (FollowerState.java:run(117)) - c652e2ee-3322-4406-8db6-1ea643cb3197@group-7E32184879DE-FollowerState was interrupted: java.lang.InterruptedException: sleep interrupted
2019-10-18 11:24:38,379 [grpc-default-executor-3] INFO  impl.RoleInfo (RoleInfo.java:updateAndGet(143)) - c652e2ee-3322-4406-8db6-1ea643cb3197: start FollowerState
2019-10-18 11:24:38,404 [f535bb4a-cba0-4f9b-9e3e-e4a48b3eda51@group-7E32184879DE-LeaderElection170] INFO  impl.LeaderElection (LeaderElection.java:logAndReturn(56)) - f535bb4a-cba0-4f9b-9e3e-e4a48b3eda51@group-7E32184879DE-LeaderElection170: Election REJECTED; received 2 response(s) [f535bb4a-cba0-4f9b-9e3e-e4a48b3eda51<-54aabb14-4a7d-4ab3-adbe-2e67760b87f4#0:FAIL-t203, f535bb4a-cba0-4f9b-9e3e-e4a48b3eda51<-c652e2ee-3322-4406-8db6-1ea643cb3197#0:FAIL-t203] and 0 exception(s); f535bb4a-cba0-4f9b-9e3e-e4a48b3eda51@group-7E32184879DE:t203, leader=null, voted=f535bb4a-cba0-4f9b-9e3e-e4a48b3eda51, raftlog=f535bb4a-cba0-4f9b-9e3e-e4a48b3eda51@group-7E32184879DE-SegmentedRaftLog:OPENED:c-1,f-1,i0, conf=-1: [f535bb4a-cba0-4f9b-9e3e-e4a48b3eda51:0.0.0.0:44706, 54aabb14-4a7d-4ab3-adbe-2e67760b87f4:0.0.0.0:43074, c652e2ee-3322-4406-8db6-1ea643cb3197:0.0.0.0:42129], old=null
2019-10-18 11:24:38,404 [f535bb4a-cba0-4f9b-9e3e-e4a48b3eda51@group-7E32184879DE-LeaderElection170] INFO  impl.RaftServerImpl (RaftServerImpl.java:setRole(184)) - f535bb4a-cba0-4f9b-9e3e-e4a48b3eda51@group-7E32184879DE: changes role from CANDIDATE to FOLLOWER at term 203 for DISCOVERED_A_NEW_TERM
2019-10-18 11:24:38,404 [f535bb4a-cba0-4f9b-9e3e-e4a48b3eda51@group-7E32184879DE-LeaderElection170] INFO  impl.RoleInfo (RoleInfo.java:shutdownLeaderElection(134)) - f535bb4a-cba0-4f9b-9e3e-e4a48b3eda51: shutdown LeaderElection
2019-10-18 11:24:38,404 [f535bb4a-cba0-4f9b-9e3e-e4a48b3eda51@group-7E32184879DE-LeaderElection170] INFO  impl.RoleInfo (RoleInfo.java:updateAndGet(143)) - f535bb4a-cba0-4f9b-9e3e-e4a48b3eda51: start FollowerState
2019-10-18 11:24:38,581 [Thread-1239] INFO  impl.FollowerState (FollowerState.java:run(108)) - f535bb4a-cba0-4f9b-9e3e-e4a48b3eda51@group-7E32184879DE-FollowerState: change to CANDIDATE, lastRpcTime:177ms, electionTimeout:177ms
2019-10-18 11:24:38,582 [Thread-1239] INFO  impl.RoleInfo (RoleInfo.java:shutdownFollowerState(121)) - f535bb4a-cba0-4f9b-9e3e-e4a48b3eda51: shutdown FollowerState
2019-10-18 11:24:38,582 [Thread-1239] INFO  impl.RaftServerImpl (RaftServerImpl.java:setRole(184)) - f535bb4a-cba0-4f9b-9e3e-e4a48b3eda51@group-7E32184879DE: changes role from  FOLLOWER to CANDIDATE at term 203 for changeToCandidate
2019-10-18 11:24:38,582 [Thread-1239] INFO  impl.RoleInfo (RoleInfo.java:updateAndGet(143)) - f535bb4a-cba0-4f9b-9e3e-e4a48b3eda51: start LeaderElection
2019-10-18 11:24:38,606 [f535bb4a-cba0-4f9b-9e3e-e4a48b3eda51@group-7E32184879DE-LeaderElection171] INFO  impl.LeaderElection (LeaderElection.java:askForVotes(178)) - f535bb4a-cba0-4f9b-9e3e-e4a48b3eda51@group-7E32184879DE-LeaderElection171: begin an election at term 204 for -1: [f535bb4a-cba0-4f9b-9e3e-e4a48b3eda51:0.0.0.0:44706, 54aabb14-4a7d-4ab3-adbe-2e67760b87f4:0.0.0.0:43074, c652e2ee-3322-4406-8db6-1ea643cb3197:0.0.0.0:42129], old=null
2019-10-18 11:24:38,609 [grpc-default-executor-0] INFO  impl.RaftServerImpl (RaftServerImpl.java:setRole(184)) - c652e2ee-3322-4406-8db6-1ea643cb3197@group-7E32184879DE: changes role from  FOLLOWER to FOLLOWER at term 204 for recognizeCandidate:f535bb4a-cba0-4f9b-9e3e-e4a48b3eda51
2019-10-18 11:24:38,609 [grpc-default-executor-3] INFO  impl.RaftServerImpl (RaftServerImpl.java:setRole(184)) - 54aabb14-4a7d-4ab3-adbe-2e67760b87f4@group-7E32184879DE: changes role from  FOLLOWER to FOLLOWER at term 204 for recognizeCandidate:f535bb4a-cba0-4f9b-9e3e-e4a48b3eda51
2019-10-18 11:24:38,609 [grpc-default-executor-0] INFO  impl.RoleInfo (RoleInfo.java:shutdownFollowerState(121)) - c652e2ee-3322-4406-8db6-1ea643cb3197: shutdown FollowerState
2019-10-18 11:24:38,609 [grpc-default-executor-3] INFO  impl.RoleInfo (RoleInfo.java:shutdownFollowerState(121)) - 54aabb14-4a7d-4ab3-adbe-2e67760b87f4: shutdown FollowerState
2019-10-18 11:24:38,609 [Thread-1238] INFO  impl.FollowerState (FollowerState.java:run(117)) - c652e2ee-3322-4406-8db6-1ea643cb3197@group-7E32184879DE-FollowerState was interrupted: java.lang.InterruptedException: sleep interrupted
2019-10-18 11:24:38,609 [grpc-default-executor-0] INFO  impl.RoleInfo (RoleInfo.java:updateAndGet(143)) - c652e2ee-3322-4406-8db6-1ea643cb3197: start FollowerState
2019-10-18 11:24:38,610 [Thread-1237] INFO  impl.FollowerState (FollowerState.java:run(117)) - 54aabb14-4a7d-4ab3-adbe-2e67760b87f4@group-7E32184879DE-FollowerState was interrupted: java.lang.InterruptedException: sleep interrupted
2019-10-18 11:24:38,610 [grpc-default-executor-3] INFO  impl.RoleInfo (RoleInfo.java:updateAndGet(143)) - 54aabb14-4a7d-4ab3-adbe-2e67760b87f4: start FollowerState
2019-10-18 11:24:38,630 [f535bb4a-cba0-4f9b-9e3e-e4a48b3eda51@group-7E32184879DE-LeaderElection171] INFO  impl.LeaderElection (LeaderElection.java:logAndReturn(56)) - f535bb4a-cba0-4f9b-9e3e-e4a48b3eda51@group-7E32184879DE-LeaderElection171: Election REJECTED; received 2 response(s) [f535bb4a-cba0-4f9b-9e3e-e4a48b3eda51<-54aabb14-4a7d-4ab3-adbe-2e67760b87f4#0:FAIL-t204, f535bb4a-cba0-4f9b-9e3e-e4a48b3eda51<-c652e2ee-3322-4406-8db6-1ea643cb3197#0:FAIL-t204] and 0 exception(s); f535bb4a-cba0-4f9b-9e3e-e4a48b3eda51@group-7E32184879DE:t204, leader=null, voted=f535bb4a-cba0-4f9b-9e3e-e4a48b3eda51, raftlog=f535bb4a-cba0-4f9b-9e3e-e4a48b3eda51@group-7E32184879DE-SegmentedRaftLog:OPENED:c-1,f-1,i0, conf=-1: [f535bb4a-cba0-4f9b-9e3e-e4a48b3eda51:0.0.0.0:44706, 54aabb14-4a7d-4ab3-adbe-2e67760b87f4:0.0.0.0:43074, c652e2ee-3322-4406-8db6-1ea643cb3197:0.0.0.0:42129], old=null
2019-10-18 11:24:38,630 [f535bb4a-cba0-4f9b-9e3e-e4a48b3eda51@group-7E32184879DE-LeaderElection171] INFO  impl.RaftServerImpl (RaftServerImpl.java:setRole(184)) - f535bb4a-cba0-4f9b-9e3e-e4a48b3eda51@group-7E32184879DE: changes role from CANDIDATE to FOLLOWER at term 204 for DISCOVERED_A_NEW_TERM
2019-10-18 11:24:38,630 [f535bb4a-cba0-4f9b-9e3e-e4a48b3eda51@group-7E32184879DE-LeaderElection171] INFO  impl.RoleInfo (RoleInfo.java:shutdownLeaderElection(134)) - f535bb4a-cba0-4f9b-9e3e-e4a48b3eda51: shutdown LeaderElection
2019-10-18 11:24:38,630 [f535bb4a-cba0-4f9b-9e3e-e4a48b3eda51@group-7E32184879DE-LeaderElection171] INFO  impl.RoleInfo (RoleInfo.java:updateAndGet(143)) - f535bb4a-cba0-4f9b-9e3e-e4a48b3eda51: start FollowerState
2019-10-18 11:24:38,823 [Thread-1245] INFO  impl.FollowerState (FollowerState.java:run(108)) - f535bb4a-cba0-4f9b-9e3e-e4a48b3eda51@group-7E32184879DE-FollowerState: change to CANDIDATE, lastRpcTime:192ms, electionTimeout:192ms
2019-10-18 11:24:38,823 [Thread-1245] INFO  impl.RoleInfo (RoleInfo.java:shutdownFollowerState(121)) - f535bb4a-cba0-4f9b-9e3e-e4a48b3eda51: shutdown FollowerState
2019-10-18 11:24:38,823 [Thread-1245] INFO  impl.RaftServerImpl (RaftServerImpl.java:setRole(184)) - f535bb4a-cba0-4f9b-9e3e-e4a48b3eda51@group-7E32184879DE: changes role from  FOLLOWER to CANDIDATE at term 204 for changeToCandidate
2019-10-18 11:24:38,823 [Thread-1245] INFO  impl.RoleInfo (RoleInfo.java:updateAndGet(143)) - f535bb4a-cba0-4f9b-9e3e-e4a48b3eda51: start LeaderElection
2019-10-18 11:24:38,848 [f535bb4a-cba0-4f9b-9e3e-e4a48b3eda51@group-7E32184879DE-LeaderElection172] INFO  impl.LeaderElection (LeaderElection.java:askForVotes(178)) - f535bb4a-cba0-4f9b-9e3e-e4a48b3eda51@group-7E32184879DE-LeaderElection172: begin an election at term 205 for -1: [f535bb4a-cba0-4f9b-9e3e-e4a48b3eda51:0.0.0.0:44706, 54aabb14-4a7d-4ab3-adbe-2e67760b87f4:0.0.0.0:43074, c652e2ee-3322-4406-8db6-1ea643cb3197:0.0.0.0:42129], old=null
2019-10-18 11:24:38,850 [grpc-default-executor-0] INFO  impl.RaftServerImpl (RaftServerImpl.java:setRole(184)) - 54aabb14-4a7d-4ab3-adbe-2e67760b87f4@group-7E32184879DE: changes role from  FOLLOWER to FOLLOWER at term 205 for recognizeCandidate:f535bb4a-cba0-4f9b-9e3e-e4a48b3eda51
2019-10-18 11:24:38,850 [grpc-default-executor-0] INFO  impl.RoleInfo (RoleInfo.java:shutdownFollowerState(121)) - 54aabb14-4a7d-4ab3-adbe-2e67760b87f4: shutdown FollowerState
2019-10-18 11:24:38,851 [grpc-default-executor-0] INFO  impl.RoleInfo (RoleInfo.java:updateAndGet(143)) - 54aabb14-4a7d-4ab3-adbe-2e67760b87f4: start FollowerState
2019-10-18 11:24:38,851 [Thread-1244] INFO  impl.FollowerState (FollowerState.java:run(117)) - 54aabb14-4a7d-4ab3-adbe-2e67760b87f4@group-7E32184879DE-FollowerState was interrupted: java.lang.InterruptedException: sleep interrupted
2019-10-18 11:24:38,851 [grpc-default-executor-3] INFO  impl.RaftServerImpl (RaftServerImpl.java:setRole(184)) - c652e2ee-3322-4406-8db6-1ea643cb3197@group-7E32184879DE: changes role from  FOLLOWER to FOLLOWER at term 205 for recognizeCandidate:f535bb4a-cba0-4f9b-9e3e-e4a48b3eda51
2019-10-18 11:24:38,851 [grpc-default-executor-3] INFO  impl.RoleInfo (RoleInfo.java:shutdownFollowerState(121)) - c652e2ee-3322-4406-8db6-1ea643cb3197: shutdown FollowerState
2019-10-18 11:24:38,851 [grpc-default-executor-3] INFO  impl.RoleInfo (RoleInfo.java:updateAndGet(143)) - c652e2ee-3322-4406-8db6-1ea643cb3197: start FollowerState
2019-10-18 11:24:38,851 [Thread-1243] INFO  impl.FollowerState (FollowerState.java:run(117)) - c652e2ee-3322-4406-8db6-1ea643cb3197@group-7E32184879DE-FollowerState was interrupted: java.lang.InterruptedException: sleep interrupted
2019-10-18 11:24:38,852 [f535bb4a-cba0-4f9b-9e3e-e4a48b3eda51@group-7E32184879DE-LeaderElection172] INFO  impl.LeaderElection (LeaderElection.java:logAndReturn(56)) - f535bb4a-cba0-4f9b-9e3e-e4a48b3eda51@group-7E32184879DE-LeaderElection172: Election TIMEOUT; received 0 response(s) [] and 0 exception(s); f535bb4a-cba0-4f9b-9e3e-e4a48b3eda51@group-7E32184879DE:t205, leader=null, voted=f535bb4a-cba0-4f9b-9e3e-e4a48b3eda51, raftlog=f535bb4a-cba0-4f9b-9e3e-e4a48b3eda51@group-7E32184879DE-SegmentedRaftLog:OPENED:c-1,f-1,i0, conf=-1: [f535bb4a-cba0-4f9b-9e3e-e4a48b3eda51:0.0.0.0:44706, 54aabb14-4a7d-4ab3-adbe-2e67760b87f4:0.0.0.0:43074, c652e2ee-3322-4406-8db6-1ea643cb3197:0.0.0.0:42129], old=null
2019-10-18 11:24:38,886 [f535bb4a-cba0-4f9b-9e3e-e4a48b3eda51@group-7E32184879DE-LeaderElection172] INFO  impl.LeaderElection (LeaderElection.java:askForVotes(178)) - f535bb4a-cba0-4f9b-9e3e-e4a48b3eda51@group-7E32184879DE-LeaderElection172: begin an election at term 206 for -1: [f535bb4a-cba0-4f9b-9e3e-e4a48b3eda51:0.0.0.0:44706, 54aabb14-4a7d-4ab3-adbe-2e67760b87f4:0.0.0.0:43074, c652e2ee-3322-4406-8db6-1ea643cb3197:0.0.0.0:42129], old=null
2019-10-18 11:24:38,888 [grpc-default-executor-0] INFO  impl.RaftServerImpl (RaftServerImpl.java:setRole(184)) - 54aabb14-4a7d-4ab3-adbe-2e67760b87f4@group-7E32184879DE: changes role from  FOLLOWER to FOLLOWER at term 206 for recognizeCandidate:f535bb4a-cba0-4f9b-9e3e-e4a48b3eda51
2019-10-18 11:24:38,888 [grpc-default-executor-3] INFO  impl.RaftServerImpl (RaftServerImpl.java:setRole(184)) - c652e2ee-3322-4406-8db6-1ea643cb3197@group-7E32184879DE: changes role from  FOLLOWER to FOLLOWER at term 206 for recognizeCandidate:f535bb4a-cba0-4f9b-9e3e-e4a48b3eda51
2019-10-18 11:24:38,888 [grpc-default-executor-3] INFO  impl.RoleInfo (RoleInfo.java:shutdownFollowerState(121)) - c652e2ee-3322-4406-8db6-1ea643cb3197: shutdown FollowerState
2019-10-18 11:24:38,888 [grpc-default-executor-0] INFO  impl.RoleInfo (RoleInfo.java:shutdownFollowerState(121)) - 54aabb14-4a7d-4ab3-adbe-2e67760b87f4: shutdown FollowerState
2019-10-18 11:24:38,889 [Thread-1250] INFO  impl.FollowerState (FollowerState.java:run(117)) - c652e2ee-3322-4406-8db6-1ea643cb3197@group-7E32184879DE-FollowerState was interrupted: java.lang.InterruptedException: sleep interrupted
2019-10-18 11:24:38,889 [Thread-1249] INFO  impl.FollowerState (FollowerState.java:run(117)) - 54aabb14-4a7d-4ab3-adbe-2e67760b87f4@group-7E32184879DE-FollowerState was interrupted: java.lang.InterruptedException: sleep interrupted
2019-10-18 11:24:38,889 [grpc-default-executor-3] INFO  impl.RoleInfo (RoleInfo.java:updateAndGet(143)) - c652e2ee-3322-4406-8db6-1ea643cb3197: start FollowerState
2019-10-18 11:24:38,889 [grpc-default-executor-0] INFO  impl.RoleInfo (RoleInfo.java:updateAndGet(143)) - 54aabb14-4a7d-4ab3-adbe-2e67760b87f4: start FollowerState
2019-10-18 11:24:38,912 [f535bb4a-cba0-4f9b-9e3e-e4a48b3eda51@group-7E32184879DE-LeaderElection172] INFO  impl.LeaderElection (LeaderElection.java:logAndReturn(56)) - f535bb4a-cba0-4f9b-9e3e-e4a48b3eda51@group-7E32184879DE-LeaderElection172: Election REJECTED; received 2 response(s) [f535bb4a-cba0-4f9b-9e3e-e4a48b3eda51<-54aabb14-4a7d-4ab3-adbe-2e67760b87f4#0:FAIL-t206, f535bb4a-cba0-4f9b-9e3e-e4a48b3eda51<-c652e2ee-3322-4406-8db6-1ea643cb3197#0:FAIL-t206] and 0 exception(s); f535bb4a-cba0-4f9b-9e3e-e4a48b3eda51@group-7E32184879DE:t206, leader=null, voted=f535bb4a-cba0-4f9b-9e3e-e4a48b3eda51, raftlog=f535bb4a-cba0-4f9b-9e3e-e4a48b3eda51@group-7E32184879DE-SegmentedRaftLog:OPENED:c-1,f-1,i0, conf=-1: [f535bb4a-cba0-4f9b-9e3e-e4a48b3eda51:0.0.0.0:44706, 54aabb14-4a7d-4ab3-adbe-2e67760b87f4:0.0.0.0:43074, c652e2ee-3322-4406-8db6-1ea643cb3197:0.0.0.0:42129], old=null
2019-10-18 11:24:38,913 [f535bb4a-cba0-4f9b-9e3e-e4a48b3eda51@group-7E32184879DE-LeaderElection172] INFO  impl.RaftServerImpl (RaftServerImpl.java:setRole(184)) - f535bb4a-cba0-4f9b-9e3e-e4a48b3eda51@group-7E32184879DE: changes role from CANDIDATE to FOLLOWER at term 206 for DISCOVERED_A_NEW_TERM
2019-10-18 11:24:38,913 [f535bb4a-cba0-4f9b-9e3e-e4a48b3eda51@group-7E32184879DE-LeaderElection172] INFO  impl.RoleInfo (RoleInfo.java:shutdownLeaderElection(134)) - f535bb4a-cba0-4f9b-9e3e-e4a48b3eda51: shutdown LeaderElection
2019-10-18 11:24:38,913 [f535bb4a-cba0-4f9b-9e3e-e4a48b3eda51@group-7E32184879DE-LeaderElection172] INFO  impl.RoleInfo (RoleInfo.java:updateAndGet(143)) - f535bb4a-cba0-4f9b-9e3e-e4a48b3eda51: start FollowerState
2019-10-18 11:24:38,916 [Thread-1255] INFO  impl.FollowerState (FollowerState.java:run(108)) - f535bb4a-cba0-4f9b-9e3e-e4a48b3eda51@group-7E32184879DE-FollowerState: change to CANDIDATE, lastRpcTime:2ms, electionTimeout:2ms
2019-10-18 11:24:38,916 [Thread-1255] INFO  impl.RoleInfo (RoleInfo.java:shutdownFollowerState(121)) - f535bb4a-cba0-4f9b-9e3e-e4a48b3eda51: shutdown FollowerState
2019-10-18 11:24:38,916 [Thread-1255] INFO  impl.RaftServerImpl (RaftServerImpl.java:setRole(184)) - f535bb4a-cba0-4f9b-9e3e-e4a48b3eda51@group-7E32184879DE: changes role from  FOLLOWER to CANDIDATE at term 206 for changeToCandidate
2019-10-18 11:24:38,916 [Thread-1255] INFO  impl.RoleInfo (RoleInfo.java:updateAndGet(143)) - f535bb4a-cba0-4f9b-9e3e-e4a48b3eda51: start LeaderElection
2019-10-18 11:24:38,945 [f535bb4a-cba0-4f9b-9e3e-e4a48b3eda51@group-7E32184879DE-LeaderElection173] INFO  impl.LeaderElection (LeaderElection.java:askForVotes(178)) - f535bb4a-cba0-4f9b-9e3e-e4a48b3eda51@group-7E32184879DE-LeaderElection173: begin an election at term 207 for -1: [f535bb4a-cba0-4f9b-9e3e-e4a48b3eda51:0.0.0.0:44706, 54aabb14-4a7d-4ab3-adbe-2e67760b87f4:0.0.0.0:43074, c652e2ee-3322-4406-8db6-1ea643cb3197:0.0.0.0:42129], old=null
2019-10-18 11:24:38,947 [grpc-default-executor-3] INFO  impl.RaftServerImpl (RaftServerImpl.java:setRole(184)) - 54aabb14-4a7d-4ab3-adbe-2e67760b87f4@group-7E32184879DE: changes role from  FOLLOWER to FOLLOWER at term 207 for recognizeCandidate:f535bb4a-cba0-4f9b-9e3e-e4a48b3eda51
2019-10-18 11:24:38,947 [grpc-default-executor-3] INFO  impl.RoleInfo (RoleInfo.java:shutdownFollowerState(121)) - 54aabb14-4a7d-4ab3-adbe-2e67760b87f4: shutdown FollowerState
2019-10-18 11:24:38,947 [grpc-default-executor-3] INFO  impl.RoleInfo (RoleInfo.java:updateAndGet(143)) - 54aabb14-4a7d-4ab3-adbe-2e67760b87f4: start FollowerState
2019-10-18 11:24:38,947 [grpc-default-executor-0] INFO  impl.RaftServerImpl (RaftServerImpl.java:setRole(184)) - c652e2ee-3322-4406-8db6-1ea643cb3197@group-7E32184879DE: changes role from  FOLLOWER to FOLLOWER at term 207 for recognizeCandidate:f535bb4a-cba0-4f9b-9e3e-e4a48b3eda51
2019-10-18 11:24:38,947 [Thread-1254] INFO  impl.FollowerState (FollowerState.java:run(117)) - 54aabb14-4a7d-4ab3-adbe-2e67760b87f4@group-7E32184879DE-FollowerState was interrupted: java.lang.InterruptedException: sleep interrupted
2019-10-18 11:24:38,948 [grpc-default-executor-0] INFO  impl.RoleInfo (RoleInfo.java:shutdownFollowerState(121)) - c652e2ee-3322-4406-8db6-1ea643cb3197: shutdown FollowerState
2019-10-18 11:24:38,948 [grpc-default-executor-0] INFO  impl.RoleInfo (RoleInfo.java:updateAndGet(143)) - c652e2ee-3322-4406-8db6-1ea643cb3197: start FollowerState
2019-10-18 11:24:38,948 [Thread-1253] INFO  impl.FollowerState (FollowerState.java:run(117)) - c652e2ee-3322-4406-8db6-1ea643cb3197@group-7E32184879DE-FollowerState was interrupted: java.lang.InterruptedException: sleep interrupted
2019-10-18 11:24:38,971 [f535bb4a-cba0-4f9b-9e3e-e4a48b3eda51@group-7E32184879DE-LeaderElection173] INFO  impl.LeaderElection (LeaderElection.java:logAndReturn(56)) - f535bb4a-cba0-4f9b-9e3e-e4a48b3eda51@group-7E32184879DE-LeaderElection173: Election REJECTED; received 2 response(s) [f535bb4a-cba0-4f9b-9e3e-e4a48b3eda51<-54aabb14-4a7d-4ab3-adbe-2e67760b87f4#0:FAIL-t207, f535bb4a-cba0-4f9b-9e3e-e4a48b3eda51<-c652e2ee-3322-4406-8db6-1ea643cb3197#0:FAIL-t207] and 0 exception(s); f535bb4a-cba0-4f9b-9e3e-e4a48b3eda51@group-7E32184879DE:t207, leader=null, voted=f535bb4a-cba0-4f9b-9e3e-e4a48b3eda51, raftlog=f535bb4a-cba0-4f9b-9e3e-e4a48b3eda51@group-7E32184879DE-SegmentedRaftLog:OPENED:c-1,f-1,i0, conf=-1: [f535bb4a-cba0-4f9b-9e3e-e4a48b3eda51:0.0.0.0:44706, 54aabb14-4a7d-4ab3-adbe-2e67760b87f4:0.0.0.0:43074, c652e2ee-3322-4406-8db6-1ea643cb3197:0.0.0.0:42129], old=null
2019-10-18 11:24:38,971 [f535bb4a-cba0-4f9b-9e3e-e4a48b3eda51@group-7E32184879DE-LeaderElection173] INFO  impl.RaftServerImpl (RaftServerImpl.java:setRole(184)) - f535bb4a-cba0-4f9b-9e3e-e4a48b3eda51@group-7E32184879DE: changes role from CANDIDATE to FOLLOWER at term 207 for DISCOVERED_A_NEW_TERM
2019-10-18 11:24:38,972 [f535bb4a-cba0-4f9b-9e3e-e4a48b3eda51@group-7E32184879DE-LeaderElection173] INFO  impl.RoleInfo (RoleInfo.java:shutdownLeaderElection(134)) - f535bb4a-cba0-4f9b-9e3e-e4a48b3eda51: shutdown LeaderElection
2019-10-18 11:24:38,972 [f535bb4a-cba0-4f9b-9e3e-e4a48b3eda51@group-7E32184879DE-LeaderElection173] INFO  impl.RoleInfo (RoleInfo.java:updateAndGet(143)) - f535bb4a-cba0-4f9b-9e3e-e4a48b3eda51: start FollowerState
2019-10-18 11:24:39,112 [Thread-1261] INFO  impl.FollowerState (FollowerState.java:run(108)) - f535bb4a-cba0-4f9b-9e3e-e4a48b3eda51@group-7E32184879DE-FollowerState: change to CANDIDATE, lastRpcTime:140ms, electionTimeout:140ms
2019-10-18 11:24:39,112 [Thread-1261] INFO  impl.RoleInfo (RoleInfo.java:shutdownFollowerState(121)) - f535bb4a-cba0-4f9b-9e3e-e4a48b3eda51: shutdown FollowerState
2019-10-18 11:24:39,112 [Thread-1261] INFO  impl.RaftServerImpl (RaftServerImpl.java:setRole(184)) - f535bb4a-cba0-4f9b-9e3e-e4a48b3eda51@group-7E32184879DE: changes role from  FOLLOWER to CANDIDATE at term 207 for changeToCandidate
2019-10-18 11:24:39,112 [Thread-1261] INFO  impl.RoleInfo (RoleInfo.java:updateAndGet(143)) - f535bb4a-cba0-4f9b-9e3e-e4a48b3eda51: start LeaderElection
2019-10-18 11:24:39,138 [f535bb4a-cba0-4f9b-9e3e-e4a48b3eda51@group-7E32184879DE-LeaderElection174] INFO  impl.LeaderElection (LeaderElection.java:askForVotes(178)) - f535bb4a-cba0-4f9b-9e3e-e4a48b3eda51@group-7E32184879DE-LeaderElection174: begin an election at term 208 for -1: [f535bb4a-cba0-4f9b-9e3e-e4a48b3eda51:0.0.0.0:44706, 54aabb14-4a7d-4ab3-adbe-2e67760b87f4:0.0.0.0:43074, c652e2ee-3322-4406-8db6-1ea643cb3197:0.0.0.0:42129], old=null
2019-10-18 11:24:39,139 [grpc-default-executor-0] INFO  impl.RaftServerImpl (RaftServerImpl.java:setRole(184)) - 54aabb14-4a7d-4ab3-adbe-2e67760b87f4@group-7E32184879DE: changes role from  FOLLOWER to FOLLOWER at term 208 for recognizeCandidate:f535bb4a-cba0-4f9b-9e3e-e4a48b3eda51
2019-10-18 11:24:39,139 [grpc-default-executor-0] INFO  impl.RoleInfo (RoleInfo.java:shutdownFollowerState(121)) - 54aabb14-4a7d-4ab3-adbe-2e67760b87f4: shutdown FollowerState
2019-10-18 11:24:39,139 [grpc-default-executor-3] INFO  impl.RaftServerImpl (RaftServerImpl.java:setRole(184)) - c652e2ee-3322-4406-8db6-1ea643cb3197@group-7E32184879DE: changes role from  FOLLOWER to FOLLOWER at term 208 for recognizeCandidate:f535bb4a-cba0-4f9b-9e3e-e4a48b3eda51
2019-10-18 11:24:39,140 [Thread-1259] INFO  impl.FollowerState (FollowerState.java:run(117)) - 54aabb14-4a7d-4ab3-adbe-2e67760b87f4@group-7E32184879DE-FollowerState was interrupted: java.lang.InterruptedException: sleep interrupted
2019-10-18 11:24:39,139 [grpc-default-executor-0] INFO  impl.RoleInfo (RoleInfo.java:updateAndGet(143)) - 54aabb14-4a7d-4ab3-adbe-2e67760b87f4: start FollowerState
2019-10-18 11:24:39,140 [grpc-default-executor-3] INFO  impl.RoleInfo (RoleInfo.java:shutdownFollowerState(121)) - c652e2ee-3322-4406-8db6-1ea643cb3197: shutdown FollowerState
2019-10-18 11:24:39,140 [grpc-default-executor-3] INFO  impl.RoleInfo (RoleInfo.java:updateAndGet(143)) - c652e2ee-3322-4406-8db6-1ea643cb3197: start FollowerState
2019-10-18 11:24:39,140 [Thread-1260] INFO  impl.FollowerState (FollowerState.java:run(117)) - c652e2ee-3322-4406-8db6-1ea643cb3197@group-7E32184879DE-FollowerState was interrupted: java.lang.InterruptedException: sleep interrupted
2019-10-18 11:24:39,155 [f535bb4a-cba0-4f9b-9e3e-e4a48b3eda51@group-7E32184879DE-LeaderElection174] INFO  impl.LeaderElection (LeaderElection.java:logAndReturn(56)) - f535bb4a-cba0-4f9b-9e3e-e4a48b3eda51@group-7E32184879DE-LeaderElection174: Election REJECTED; received 2 response(s) [f535bb4a-cba0-4f9b-9e3e-e4a48b3eda51<-54aabb14-4a7d-4ab3-adbe-2e67760b87f4#0:FAIL-t208, f535bb4a-cba0-4f9b-9e3e-e4a48b3eda51<-c652e2ee-3322-4406-8db6-1ea643cb3197#0:FAIL-t208] and 0 exception(s); f535bb4a-cba0-4f9b-9e3e-e4a48b3eda51@group-7E32184879DE:t208, leader=null, voted=f535bb4a-cba0-4f9b-9e3e-e4a48b3eda51, raftlog=f535bb4a-cba0-4f9b-9e3e-e4a48b3eda51@group-7E32184879DE-SegmentedRaftLog:OPENED:c-1,f-1,i0, conf=-1: [f535bb4a-cba0-4f9b-9e3e-e4a48b3eda51:0.0.0.0:44706, 54aabb14-4a7d-4ab3-adbe-2e67760b87f4:0.0.0.0:43074, c652e2ee-3322-4406-8db6-1ea643cb3197:0.0.0.0:42129], old=null
2019-10-18 11:24:39,155 [f535bb4a-cba0-4f9b-9e3e-e4a48b3eda51@group-7E32184879DE-LeaderElection174] INFO  impl.RaftServerImpl (RaftServerImpl.java:setRole(184)) - f535bb4a-cba0-4f9b-9e3e-e4a48b3eda51@group-7E32184879DE: changes role from CANDIDATE to FOLLOWER at term 208 for DISCOVERED_A_NEW_TERM
2019-10-18 11:24:39,155 [f535bb4a-cba0-4f9b-9e3e-e4a48b3eda51@group-7E32184879DE-LeaderElection174] INFO  impl.RoleInfo (RoleInfo.java:shutdownLeaderElection(134)) - f535bb4a-cba0-4f9b-9e3e-e4a48b3eda51: shutdown LeaderElection
2019-10-18 11:24:39,156 [f535bb4a-cba0-4f9b-9e3e-e4a48b3eda51@group-7E32184879DE-LeaderElection174] INFO  impl.RoleInfo (RoleInfo.java:updateAndGet(143)) - f535bb4a-cba0-4f9b-9e3e-e4a48b3eda51: start FollowerState
2019-10-18 11:24:39,169 [Thread-1267] INFO  impl.FollowerState (FollowerState.java:run(108)) - f535bb4a-cba0-4f9b-9e3e-e4a48b3eda51@group-7E32184879DE-FollowerState: change to CANDIDATE, lastRpcTime:13ms, electionTimeout:13ms
2019-10-18 11:24:39,169 [Thread-1267] INFO  impl.RoleInfo (RoleInfo.java:shutdownFollowerState(121)) - f535bb4a-cba0-4f9b-9e3e-e4a48b3eda51: shutdown FollowerState
2019-10-18 11:24:39,169 [Thread-1267] INFO  impl.RaftServerImpl (RaftServerImpl.java:setRole(184)) - f535bb4a-cba0-4f9b-9e3e-e4a48b3eda51@group-7E32184879DE: changes role from  FOLLOWER to CANDIDATE at term 208 for changeToCandidate
2019-10-18 11:24:39,169 [Thread-1267] INFO  impl.RoleInfo (RoleInfo.java:updateAndGet(143)) - f535bb4a-cba0-4f9b-9e3e-e4a48b3eda51: start LeaderElection
2019-10-18 11:24:39,197 [f535bb4a-cba0-4f9b-9e3e-e4a48b3eda51@group-7E32184879DE-LeaderElection175] INFO  impl.LeaderElection (LeaderElection.java:askForVotes(178)) - f535bb4a-cba0-4f9b-9e3e-e4a48b3eda51@group-7E32184879DE-LeaderElection175: begin an election at term 209 for -1: [f535bb4a-cba0-4f9b-9e3e-e4a48b3eda51:0.0.0.0:44706, 54aabb14-4a7d-4ab3-adbe-2e67760b87f4:0.0.0.0:43074, c652e2ee-3322-4406-8db6-1ea643cb3197:0.0.0.0:42129], old=null
2019-10-18 11:24:39,199 [grpc-default-executor-0] INFO  impl.RaftServerImpl (RaftServerImpl.java:setRole(184)) - 54aabb14-4a7d-4ab3-adbe-2e67760b87f4@group-7E32184879DE: changes role from  FOLLOWER to FOLLOWER at term 209 for recognizeCandidate:f535bb4a-cba0-4f9b-9e3e-e4a48b3eda51
2019-10-18 11:24:39,199 [grpc-default-executor-0] INFO  impl.RoleInfo (RoleInfo.java:shutdownFollowerState(121)) - 54aabb14-4a7d-4ab3-adbe-2e67760b87f4: shutdown FollowerState
2019-10-18 11:24:39,199 [grpc-default-executor-0] INFO  impl.RoleInfo (RoleInfo.java:updateAndGet(143)) - 54aabb14-4a7d-4ab3-adbe-2e67760b87f4: start FollowerState
2019-10-18 11:24:39,199 [Thread-1265] INFO  impl.FollowerState (FollowerState.java:run(117)) - 54aabb14-4a7d-4ab3-adbe-2e67760b87f4@group-7E32184879DE-FollowerState was interrupted: java.lang.InterruptedException: sleep interrupted
2019-10-18 11:24:39,200 [grpc-default-executor-3] INFO  impl.RaftServerImpl (RaftServerImpl.java:setRole(184)) - c652e2ee-3322-4406-8db6-1ea643cb3197@group-7E32184879DE: changes role from  FOLLOWER to FOLLOWER at term 209 for recognizeCandidate:f535bb4a-cba0-4f9b-9e3e-e4a48b3eda51
2019-10-18 11:24:39,200 [grpc-default-executor-3] INFO  impl.RoleInfo (RoleInfo.java:shutdownFollowerState(121)) - c652e2ee-3322-4406-8db6-1ea643cb3197: shutdown FollowerState
2019-10-18 11:24:39,200 [grpc-default-executor-3] INFO  impl.RoleInfo (RoleInfo.java:updateAndGet(143)) - c652e2ee-3322-4406-8db6-1ea643cb3197: start FollowerState
2019-10-18 11:24:39,200 [Thread-1266] INFO  impl.FollowerState (FollowerState.java:run(117)) - c652e2ee-3322-4406-8db6-1ea643cb3197@group-7E32184879DE-FollowerState was interrupted: java.lang.InterruptedException: sleep interrupted
2019-10-18 11:24:39,223 [f535bb4a-cba0-4f9b-9e3e-e4a48b3eda51@group-7E32184879DE-LeaderElection175] INFO  impl.LeaderElection (LeaderElection.java:logAndReturn(56)) - f535bb4a-cba0-4f9b-9e3e-e4a48b3eda51@group-7E32184879DE-LeaderElection175: Election REJECTED; received 2 response(s) [f535bb4a-cba0-4f9b-9e3e-e4a48b3eda51<-54aabb14-4a7d-4ab3-adbe-2e67760b87f4#0:FAIL-t209, f535bb4a-cba0-4f9b-9e3e-e4a48b3eda51<-c652e2ee-3322-4406-8db6-1ea643cb3197#0:FAIL-t209] and 0 exception(s); f535bb4a-cba0-4f9b-9e3e-e4a48b3eda51@group-7E32184879DE:t209, leader=null, voted=f535bb4a-cba0-4f9b-9e3e-e4a48b3eda51, raftlog=f535bb4a-cba0-4f9b-9e3e-e4a48b3eda51@group-7E32184879DE-SegmentedRaftLog:OPENED:c-1,f-1,i0, conf=-1: [f535bb4a-cba0-4f9b-9e3e-e4a48b3eda51:0.0.0.0:44706, 54aabb14-4a7d-4ab3-adbe-2e67760b87f4:0.0.0.0:43074, c652e2ee-3322-4406-8db6-1ea643cb3197:0.0.0.0:42129], old=null
2019-10-18 11:24:39,223 [f535bb4a-cba0-4f9b-9e3e-e4a48b3eda51@group-7E32184879DE-LeaderElection175] INFO  impl.RaftServerImpl (RaftServerImpl.java:setRole(184)) - f535bb4a-cba0-4f9b-9e3e-e4a48b3eda51@group-7E32184879DE: changes role from CANDIDATE to FOLLOWER at term 209 for DISCOVERED_A_NEW_TERM
2019-10-18 11:24:39,223 [f535bb4a-cba0-4f9b-9e3e-e4a48b3eda51@group-7E32184879DE-LeaderElection175] INFO  impl.RoleInfo (RoleInfo.java:shutdownLeaderElection(134)) - f535bb4a-cba0-4f9b-9e3e-e4a48b3eda51: shutdown LeaderElection
2019-10-18 11:24:39,223 [f535bb4a-cba0-4f9b-9e3e-e4a48b3eda51@group-7E32184879DE-LeaderElection175] INFO  impl.RoleInfo (RoleInfo.java:updateAndGet(143)) - f535bb4a-cba0-4f9b-9e3e-e4a48b3eda51: start FollowerState
2019-10-18 11:24:39,273 [Thread-1275] INFO  impl.FollowerState (FollowerState.java:run(108)) - f535bb4a-cba0-4f9b-9e3e-e4a48b3eda51@group-7E32184879DE-FollowerState: change to CANDIDATE, lastRpcTime:49ms, electionTimeout:49ms
2019-10-18 11:24:39,273 [Thread-1275] INFO  impl.RoleInfo (RoleInfo.java:shutdownFollowerState(121)) - f535bb4a-cba0-4f9b-9e3e-e4a48b3eda51: shutdown FollowerState
2019-10-18 11:24:39,273 [Thread-1275] INFO  impl.RaftServerImpl (RaftServerImpl.java:setRole(184)) - f535bb4a-cba0-4f9b-9e3e-e4a48b3eda51@group-7E32184879DE: changes role from  FOLLOWER to CANDIDATE at term 209 for changeToCandidate
2019-10-18 11:24:39,273 [Thread-1275] INFO  impl.RoleInfo (RoleInfo.java:updateAndGet(143)) - f535bb4a-cba0-4f9b-9e3e-e4a48b3eda51: start LeaderElection
2019-10-18 11:24:39,297 [f535bb4a-cba0-4f9b-9e3e-e4a48b3eda51@group-7E32184879DE-LeaderElection176] INFO  impl.LeaderElection (LeaderElection.java:askForVotes(178)) - f535bb4a-cba0-4f9b-9e3e-e4a48b3eda51@group-7E32184879DE-LeaderElection176: begin an election at term 210 for -1: [f535bb4a-cba0-4f9b-9e3e-e4a48b3eda51:0.0.0.0:44706, 54aabb14-4a7d-4ab3-adbe-2e67760b87f4:0.0.0.0:43074, c652e2ee-3322-4406-8db6-1ea643cb3197:0.0.0.0:42129], old=null
2019-10-18 11:24:39,299 [grpc-default-executor-3] INFO  impl.RaftServerImpl (RaftServerImpl.java:setRole(184)) - 54aabb14-4a7d-4ab3-adbe-2e67760b87f4@group-7E32184879DE: changes role from  FOLLOWER to FOLLOWER at term 210 for recognizeCandidate:f535bb4a-cba0-4f9b-9e3e-e4a48b3eda51
2019-10-18 11:24:39,299 [grpc-default-executor-3] INFO  impl.RoleInfo (RoleInfo.java:shutdownFollowerState(121)) - 54aabb14-4a7d-4ab3-adbe-2e67760b87f4: shutdown FollowerState
2019-10-18 11:24:39,299 [grpc-default-executor-3] INFO  impl.RoleInfo (RoleInfo.java:updateAndGet(143)) - 54aabb14-4a7d-4ab3-adbe-2e67760b87f4: start FollowerState
2019-10-18 11:24:39,299 [Thread-1273] INFO  impl.FollowerState (FollowerState.java:run(117)) - 54aabb14-4a7d-4ab3-adbe-2e67760b87f4@group-7E32184879DE-FollowerState was interrupted: java.lang.InterruptedException: sleep interrupted
2019-10-18 11:24:39,300 [grpc-default-executor-0] INFO  impl.RaftServerImpl (RaftServerImpl.java:setRole(184)) - c652e2ee-3322-4406-8db6-1ea643cb3197@group-7E32184879DE: changes role from  FOLLOWER to FOLLOWER at term 210 for recognizeCandidate:f535bb4a-cba0-4f9b-9e3e-e4a48b3eda51
2019-10-18 11:24:39,300 [grpc-default-executor-0] INFO  impl.RoleInfo (RoleInfo.java:shutdownFollowerState(121)) - c652e2ee-3322-4406-8db6-1ea643cb3197: shutdown FollowerState
2019-10-18 11:24:39,300 [grpc-default-executor-0] INFO  impl.RoleInfo (RoleInfo.java:updateAndGet(143)) - c652e2ee-3322-4406-8db6-1ea643cb3197: start FollowerState
2019-10-18 11:24:39,300 [Thread-1274] INFO  impl.FollowerState (FollowerState.java:run(117)) - c652e2ee-3322-4406-8db6-1ea643cb3197@group-7E32184879DE-FollowerState was interrupted: java.lang.InterruptedException: sleep interrupted
2019-10-18 11:24:39,324 [f535bb4a-cba0-4f9b-9e3e-e4a48b3eda51@group-7E32184879DE-LeaderElection176] INFO  impl.LeaderElection (LeaderElection.java:logAndReturn(56)) - f535bb4a-cba0-4f9b-9e3e-e4a48b3eda51@group-7E32184879DE-LeaderElection176: Election REJECTED; received 2 response(s) [f535bb4a-cba0-4f9b-9e3e-e4a48b3eda51<-54aabb14-4a7d-4ab3-adbe-2e67760b87f4#0:FAIL-t210, f535bb4a-cba0-4f9b-9e3e-e4a48b3eda51<-c652e2ee-3322-4406-8db6-1ea643cb3197#0:FAIL-t210] and 0 exception(s); f535bb4a-cba0-4f9b-9e3e-e4a48b3eda51@group-7E32184879DE:t210, leader=null, voted=f535bb4a-cba0-4f9b-9e3e-e4a48b3eda51, raftlog=f535bb4a-cba0-4f9b-9e3e-e4a48b3eda51@group-7E32184879DE-SegmentedRaftLog:OPENED:c-1,f-1,i0, conf=-1: [f535bb4a-cba0-4f9b-9e3e-e4a48b3eda51:0.0.0.0:44706, 54aabb14-4a7d-4ab3-adbe-2e67760b87f4:0.0.0.0:43074, c652e2ee-3322-4406-8db6-1ea643cb3197:0.0.0.0:42129], old=null
2019-10-18 11:24:39,324 [f535bb4a-cba0-4f9b-9e3e-e4a48b3eda51@group-7E32184879DE-LeaderElection176] INFO  impl.RaftServerImpl (RaftServerImpl.java:setRole(184)) - f535bb4a-cba0-4f9b-9e3e-e4a48b3eda51@group-7E32184879DE: changes role from CANDIDATE to FOLLOWER at term 210 for DISCOVERED_A_NEW_TERM
2019-10-18 11:24:39,324 [f535bb4a-cba0-4f9b-9e3e-e4a48b3eda51@group-7E32184879DE-LeaderElection176] INFO  impl.RoleInfo (RoleInfo.java:shutdownLeaderElection(134)) - f535bb4a-cba0-4f9b-9e3e-e4a48b3eda51: shutdown LeaderElection
2019-10-18 11:24:39,324 [f535bb4a-cba0-4f9b-9e3e-e4a48b3eda51@group-7E32184879DE-LeaderElection176] INFO  impl.RoleInfo (RoleInfo.java:updateAndGet(143)) - f535bb4a-cba0-4f9b-9e3e-e4a48b3eda51: start FollowerState
2019-10-18 11:24:39,473 [Thread-1281] INFO  impl.FollowerState (FollowerState.java:run(108)) - f535bb4a-cba0-4f9b-9e3e-e4a48b3eda51@group-7E32184879DE-FollowerState: change to CANDIDATE, lastRpcTime:149ms, electionTimeout:149ms
2019-10-18 11:24:39,473 [Thread-1281] INFO  impl.RoleInfo (RoleInfo.java:shutdownFollowerState(121)) - f535bb4a-cba0-4f9b-9e3e-e4a48b3eda51: shutdown FollowerState
2019-10-18 11:24:39,474 [Thread-1281] INFO  impl.RaftServerImpl (RaftServerImpl.java:setRole(184)) - f535bb4a-cba0-4f9b-9e3e-e4a48b3eda51@group-7E32184879DE: changes role from  FOLLOWER to CANDIDATE at term 210 for changeToCandidate
2019-10-18 11:24:39,474 [Thread-1281] INFO  impl.RoleInfo (RoleInfo.java:updateAndGet(143)) - f535bb4a-cba0-4f9b-9e3e-e4a48b3eda51: start LeaderElection
2019-10-18 11:24:39,499 [f535bb4a-cba0-4f9b-9e3e-e4a48b3eda51@group-7E32184879DE-LeaderElection177] INFO  impl.LeaderElection (LeaderElection.java:askForVotes(178)) - f535bb4a-cba0-4f9b-9e3e-e4a48b3eda51@group-7E32184879DE-LeaderElection177: begin an election at term 211 for -1: [f535bb4a-cba0-4f9b-9e3e-e4a48b3eda51:0.0.0.0:44706, 54aabb14-4a7d-4ab3-adbe-2e67760b87f4:0.0.0.0:43074, c652e2ee-3322-4406-8db6-1ea643cb3197:0.0.0.0:42129], old=null
2019-10-18 11:24:39,501 [grpc-default-executor-0] INFO  impl.RaftServerImpl (RaftServerImpl.java:setRole(184)) - c652e2ee-3322-4406-8db6-1ea643cb3197@group-7E32184879DE: changes role from  FOLLOWER to FOLLOWER at term 211 for recognizeCandidate:f535bb4a-cba0-4f9b-9e3e-e4a48b3eda51
2019-10-18 11:24:39,501 [grpc-default-executor-3] INFO  impl.RaftServerImpl (RaftServerImpl.java:setRole(184)) - 54aabb14-4a7d-4ab3-adbe-2e67760b87f4@group-7E32184879DE: changes role from  FOLLOWER to FOLLOWER at term 211 for recognizeCandidate:f535bb4a-cba0-4f9b-9e3e-e4a48b3eda51
2019-10-18 11:24:39,502 [grpc-default-executor-0] INFO  impl.RoleInfo (RoleInfo.java:shutdownFollowerState(121)) - c652e2ee-3322-4406-8db6-1ea643cb3197: shutdown FollowerState
2019-10-18 11:24:39,502 [grpc-default-executor-3] INFO  impl.RoleInfo (RoleInfo.java:shutdownFollowerState(121)) - 54aabb14-4a7d-4ab3-adbe-2e67760b87f4: shutdown FollowerState
2019-10-18 11:24:39,502 [Thread-1280] INFO  impl.FollowerState (FollowerState.java:run(117)) - c652e2ee-3322-4406-8db6-1ea643cb3197@group-7E32184879DE-FollowerState was interrupted: java.lang.InterruptedException: sleep interrupted
2019-10-18 11:24:39,502 [grpc-default-executor-0] INFO  impl.RoleInfo (RoleInfo.java:updateAndGet(143)) - c652e2ee-3322-4406-8db6-1ea643cb3197: start FollowerState
2019-10-18 11:24:39,502 [Thread-1279] INFO  impl.FollowerState (FollowerState.java:run(117)) - 54aabb14-4a7d-4ab3-adbe-2e67760b87f4@group-7E32184879DE-FollowerState was interrupted: java.lang.InterruptedException: sleep interrupted
2019-10-18 11:24:39,502 [grpc-default-executor-3] INFO  impl.RoleInfo (RoleInfo.java:updateAndGet(143)) - 54aabb14-4a7d-4ab3-adbe-2e67760b87f4: start FollowerState
2019-10-18 11:24:39,526 [f535bb4a-cba0-4f9b-9e3e-e4a48b3eda51@group-7E32184879DE-LeaderElection177] INFO  impl.LeaderElection (LeaderElection.java:logAndReturn(56)) - f535bb4a-cba0-4f9b-9e3e-e4a48b3eda51@group-7E32184879DE-LeaderElection177: Election REJECTED; received 2 response(s) [f535bb4a-cba0-4f9b-9e3e-e4a48b3eda51<-54aabb14-4a7d-4ab3-adbe-2e67760b87f4#0:FAIL-t211, f535bb4a-cba0-4f9b-9e3e-e4a48b3eda51<-c652e2ee-3322-4406-8db6-1ea643cb3197#0:FAIL-t211] and 0 exception(s); f535bb4a-cba0-4f9b-9e3e-e4a48b3eda51@group-7E32184879DE:t211, leader=null, voted=f535bb4a-cba0-4f9b-9e3e-e4a48b3eda51, raftlog=f535bb4a-cba0-4f9b-9e3e-e4a48b3eda51@group-7E32184879DE-SegmentedRaftLog:OPENED:c-1,f-1,i0, conf=-1: [f535bb4a-cba0-4f9b-9e3e-e4a48b3eda51:0.0.0.0:44706, 54aabb14-4a7d-4ab3-adbe-2e67760b87f4:0.0.0.0:43074, c652e2ee-3322-4406-8db6-1ea643cb3197:0.0.0.0:42129], old=null
2019-10-18 11:24:39,526 [f535bb4a-cba0-4f9b-9e3e-e4a48b3eda51@group-7E32184879DE-LeaderElection177] INFO  impl.RaftServerImpl (RaftServerImpl.java:setRole(184)) - f535bb4a-cba0-4f9b-9e3e-e4a48b3eda51@group-7E32184879DE: changes role from CANDIDATE to FOLLOWER at term 211 for DISCOVERED_A_NEW_TERM
2019-10-18 11:24:39,526 [f535bb4a-cba0-4f9b-9e3e-e4a48b3eda51@group-7E32184879DE-LeaderElection177] INFO  impl.RoleInfo (RoleInfo.java:shutdownLeaderElection(134)) - f535bb4a-cba0-4f9b-9e3e-e4a48b3eda51: shutdown LeaderElection
2019-10-18 11:24:39,526 [f535bb4a-cba0-4f9b-9e3e-e4a48b3eda51@group-7E32184879DE-LeaderElection177] INFO  impl.RoleInfo (RoleInfo.java:updateAndGet(143)) - f535bb4a-cba0-4f9b-9e3e-e4a48b3eda51: start FollowerState
2019-10-18 11:24:39,612 [Thread-1287] INFO  impl.FollowerState (FollowerState.java:run(108)) - f535bb4a-cba0-4f9b-9e3e-e4a48b3eda51@group-7E32184879DE-FollowerState: change to CANDIDATE, lastRpcTime:86ms, electionTimeout:86ms
2019-10-18 11:24:39,612 [Thread-1287] INFO  impl.RoleInfo (RoleInfo.java:shutdownFollowerState(121)) - f535bb4a-cba0-4f9b-9e3e-e4a48b3eda51: shutdown FollowerState
2019-10-18 11:24:39,613 [Thread-1287] INFO  impl.RaftServerImpl (RaftServerImpl.java:setRole(184)) - f535bb4a-cba0-4f9b-9e3e-e4a48b3eda51@group-7E32184879DE: changes role from  FOLLOWER to CANDIDATE at term 211 for changeToCandidate
2019-10-18 11:24:39,613 [Thread-1287] INFO  impl.RoleInfo (RoleInfo.java:updateAndGet(143)) - f535bb4a-cba0-4f9b-9e3e-e4a48b3eda51: start LeaderElection
2019-10-18 11:24:39,642 [f535bb4a-cba0-4f9b-9e3e-e4a48b3eda51@group-7E32184879DE-LeaderElection178] INFO  impl.LeaderElection (LeaderElection.java:askForVotes(178)) - f535bb4a-cba0-4f9b-9e3e-e4a48b3eda51@group-7E32184879DE-LeaderElection178: begin an election at term 212 for -1: [f535bb4a-cba0-4f9b-9e3e-e4a48b3eda51:0.0.0.0:44706, 54aabb14-4a7d-4ab3-adbe-2e67760b87f4:0.0.0.0:43074, c652e2ee-3322-4406-8db6-1ea643cb3197:0.0.0.0:42129], old=null
2019-10-18 11:24:39,643 [grpc-default-executor-0] INFO  impl.RaftServerImpl (RaftServerImpl.java:setRole(184)) - 54aabb14-4a7d-4ab3-adbe-2e67760b87f4@group-7E32184879DE: changes role from  FOLLOWER to FOLLOWER at term 212 for recognizeCandidate:f535bb4a-cba0-4f9b-9e3e-e4a48b3eda51
2019-10-18 11:24:39,644 [grpc-default-executor-0] INFO  impl.RoleInfo (RoleInfo.java:shutdownFollowerState(121)) - 54aabb14-4a7d-4ab3-adbe-2e67760b87f4: shutdown FollowerState
2019-10-18 11:24:39,644 [grpc-default-executor-3] INFO  impl.RaftServerImpl (RaftServerImpl.java:setRole(184)) - c652e2ee-3322-4406-8db6-1ea643cb3197@group-7E32184879DE: changes role from  FOLLOWER to FOLLOWER at term 212 for recognizeCandidate:f535bb4a-cba0-4f9b-9e3e-e4a48b3eda51
2019-10-18 11:24:39,644 [Thread-1286] INFO  impl.FollowerState (FollowerState.java:run(117)) - 54aabb14-4a7d-4ab3-adbe-2e67760b87f4@group-7E32184879DE-FollowerState was interrupted: java.lang.InterruptedException: sleep interrupted
2019-10-18 11:24:39,644 [grpc-default-executor-0] INFO  impl.RoleInfo (RoleInfo.java:updateAndGet(143)) - 54aabb14-4a7d-4ab3-adbe-2e67760b87f4: start FollowerState
2019-10-18 11:24:39,644 [grpc-default-executor-3] INFO  impl.RoleInfo (RoleInfo.java:shutdownFollowerState(121)) - c652e2ee-3322-4406-8db6-1ea643cb3197: shutdown FollowerState
2019-10-18 11:24:39,644 [grpc-default-executor-3] INFO  impl.RoleInfo (RoleInfo.java:updateAndGet(143)) - c652e2ee-3322-4406-8db6-1ea643cb3197: start FollowerState
2019-10-18 11:24:39,644 [Thread-1285] INFO  impl.FollowerState (FollowerState.java:run(117)) - c652e2ee-3322-4406-8db6-1ea643cb3197@group-7E32184879DE-FollowerState was interrupted: java.lang.InterruptedException: sleep interrupted
2019-10-18 11:24:39,668 [f535bb4a-cba0-4f9b-9e3e-e4a48b3eda51@group-7E32184879DE-LeaderElection178] INFO  impl.LeaderElection (LeaderElection.java:logAndReturn(56)) - f535bb4a-cba0-4f9b-9e3e-e4a48b3eda51@group-7E32184879DE-LeaderElection178: Election REJECTED; received 2 response(s) [f535bb4a-cba0-4f9b-9e3e-e4a48b3eda51<-54aabb14-4a7d-4ab3-adbe-2e67760b87f4#0:FAIL-t212, f535bb4a-cba0-4f9b-9e3e-e4a48b3eda51<-c652e2ee-3322-4406-8db6-1ea643cb3197#0:FAIL-t212] and 0 exception(s); f535bb4a-cba0-4f9b-9e3e-e4a48b3eda51@group-7E32184879DE:t212, leader=null, voted=f535bb4a-cba0-4f9b-9e3e-e4a48b3eda51, raftlog=f535bb4a-cba0-4f9b-9e3e-e4a48b3eda51@group-7E32184879DE-SegmentedRaftLog:OPENED:c-1,f-1,i0, conf=-1: [f535bb4a-cba0-4f9b-9e3e-e4a48b3eda51:0.0.0.0:44706, 54aabb14-4a7d-4ab3-adbe-2e67760b87f4:0.0.0.0:43074, c652e2ee-3322-4406-8db6-1ea643cb3197:0.0.0.0:42129], old=null
2019-10-18 11:24:39,668 [f535bb4a-cba0-4f9b-9e3e-e4a48b3eda51@group-7E32184879DE-LeaderElection178] INFO  impl.RaftServerImpl (RaftServerImpl.java:setRole(184)) - f535bb4a-cba0-4f9b-9e3e-e4a48b3eda51@group-7E32184879DE: changes role from CANDIDATE to FOLLOWER at term 212 for DISCOVERED_A_NEW_TERM
2019-10-18 11:24:39,668 [f535bb4a-cba0-4f9b-9e3e-e4a48b3eda51@group-7E32184879DE-LeaderElection178] INFO  impl.RoleInfo (RoleInfo.java:shutdownLeaderElection(134)) - f535bb4a-cba0-4f9b-9e3e-e4a48b3eda51: shutdown LeaderElection
2019-10-18 11:24:39,668 [f535bb4a-cba0-4f9b-9e3e-e4a48b3eda51@group-7E32184879DE-LeaderElection178] INFO  impl.RoleInfo (RoleInfo.java:updateAndGet(143)) - f535bb4a-cba0-4f9b-9e3e-e4a48b3eda51: start FollowerState
2019-10-18 11:24:39,842 [Thread-1293] INFO  impl.FollowerState (FollowerState.java:run(108)) - f535bb4a-cba0-4f9b-9e3e-e4a48b3eda51@group-7E32184879DE-FollowerState: change to CANDIDATE, lastRpcTime:173ms, electionTimeout:173ms
2019-10-18 11:24:39,842 [Thread-1293] INFO  impl.RoleInfo (RoleInfo.java:shutdownFollowerState(121)) - f535bb4a-cba0-4f9b-9e3e-e4a48b3eda51: shutdown FollowerState
2019-10-18 11:24:39,842 [Thread-1293] INFO  impl.RaftServerImpl (RaftServerImpl.java:setRole(184)) - f535bb4a-cba0-4f9b-9e3e-e4a48b3eda51@group-7E32184879DE: changes role from  FOLLOWER to CANDIDATE at term 212 for changeToCandidate
2019-10-18 11:24:39,842 [Thread-1293] INFO  impl.RoleInfo (RoleInfo.java:updateAndGet(143)) - f535bb4a-cba0-4f9b-9e3e-e4a48b3eda51: start LeaderElection
2019-10-18 11:24:39,866 [f535bb4a-cba0-4f9b-9e3e-e4a48b3eda51@group-7E32184879DE-LeaderElection179] INFO  impl.LeaderElection (LeaderElection.java:askForVotes(178)) - f535bb4a-cba0-4f9b-9e3e-e4a48b3eda51@group-7E32184879DE-LeaderElection179: begin an election at term 213 for -1: [f535bb4a-cba0-4f9b-9e3e-e4a48b3eda51:0.0.0.0:44706, 54aabb14-4a7d-4ab3-adbe-2e67760b87f4:0.0.0.0:43074, c652e2ee-3322-4406-8db6-1ea643cb3197:0.0.0.0:42129], old=null
2019-10-18 11:24:39,868 [grpc-default-executor-3] INFO  impl.RaftServerImpl (RaftServerImpl.java:setRole(184)) - 54aabb14-4a7d-4ab3-adbe-2e67760b87f4@group-7E32184879DE: changes role from  FOLLOWER to FOLLOWER at term 213 for recognizeCandidate:f535bb4a-cba0-4f9b-9e3e-e4a48b3eda51
2019-10-18 11:24:39,868 [grpc-default-executor-3] INFO  impl.RoleInfo (RoleInfo.java:shutdownFollowerState(121)) - 54aabb14-4a7d-4ab3-adbe-2e67760b87f4: shutdown FollowerState
2019-10-18 11:24:39,868 [grpc-default-executor-0] INFO  impl.RaftServerImpl (RaftServerImpl.java:setRole(184)) - c652e2ee-3322-4406-8db6-1ea643cb3197@group-7E32184879DE: changes role from  FOLLOWER to FOLLOWER at term 213 for recognizeCandidate:f535bb4a-cba0-4f9b-9e3e-e4a48b3eda51
2019-10-18 11:24:39,868 [Thread-1291] INFO  impl.FollowerState (FollowerState.java:run(117)) - 54aabb14-4a7d-4ab3-adbe-2e67760b87f4@group-7E32184879DE-FollowerState was interrupted: java.lang.InterruptedException: sleep interrupted
2019-10-18 11:24:39,868 [grpc-default-executor-3] INFO  impl.RoleInfo (RoleInfo.java:updateAndGet(143)) - 54aabb14-4a7d-4ab3-adbe-2e67760b87f4: start FollowerState
2019-10-18 11:24:39,868 [grpc-default-executor-0] INFO  impl.RoleInfo (RoleInfo.java:shutdownFollowerState(121)) - c652e2ee-3322-4406-8db6-1ea643cb3197: shutdown FollowerState
2019-10-18 11:24:39,869 [grpc-default-executor-0] INFO  impl.RoleInfo (RoleInfo.java:updateAndGet(143)) - c652e2ee-3322-4406-8db6-1ea643cb3197: start FollowerState
2019-10-18 11:24:39,869 [Thread-1292] INFO  impl.FollowerState (FollowerState.java:run(117)) - c652e2ee-3322-4406-8db6-1ea643cb3197@group-7E32184879DE-FollowerState was interrupted: java.lang.InterruptedException: sleep interrupted
2019-10-18 11:24:39,893 [f535bb4a-cba0-4f9b-9e3e-e4a48b3eda51@group-7E32184879DE-LeaderElection179] INFO  impl.LeaderElection (LeaderElection.java:logAndReturn(56)) - f535bb4a-cba0-4f9b-9e3e-e4a48b3eda51@group-7E32184879DE-LeaderElection179: Election REJECTED; received 2 response(s) [f535bb4a-cba0-4f9b-9e3e-e4a48b3eda51<-54aabb14-4a7d-4ab3-adbe-2e67760b87f4#0:FAIL-t213, f535bb4a-cba0-4f9b-9e3e-e4a48b3eda51<-c652e2ee-3322-4406-8db6-1ea643cb3197#0:FAIL-t213] and 0 exception(s); f535bb4a-cba0-4f9b-9e3e-e4a48b3eda51@group-7E32184879DE:t213, leader=null, voted=f535bb4a-cba0-4f9b-9e3e-e4a48b3eda51, raftlog=f535bb4a-cba0-4f9b-9e3e-e4a48b3eda51@group-7E32184879DE-SegmentedRaftLog:OPENED:c-1,f-1,i0, conf=-1: [f535bb4a-cba0-4f9b-9e3e-e4a48b3eda51:0.0.0.0:44706, 54aabb14-4a7d-4ab3-adbe-2e67760b87f4:0.0.0.0:43074, c652e2ee-3322-4406-8db6-1ea643cb3197:0.0.0.0:42129], old=null
2019-10-18 11:24:39,893 [f535bb4a-cba0-4f9b-9e3e-e4a48b3eda51@group-7E32184879DE-LeaderElection179] INFO  impl.RaftServerImpl (RaftServerImpl.java:setRole(184)) - f535bb4a-cba0-4f9b-9e3e-e4a48b3eda51@group-7E32184879DE: changes role from CANDIDATE to FOLLOWER at term 213 for DISCOVERED_A_NEW_TERM
2019-10-18 11:24:39,893 [f535bb4a-cba0-4f9b-9e3e-e4a48b3eda51@group-7E32184879DE-LeaderElection179] INFO  impl.RoleInfo (RoleInfo.java:shutdownLeaderElection(134)) - f535bb4a-cba0-4f9b-9e3e-e4a48b3eda51: shutdown LeaderElection
2019-10-18 11:24:39,894 [f535bb4a-cba0-4f9b-9e3e-e4a48b3eda51@group-7E32184879DE-LeaderElection179] INFO  impl.RoleInfo (RoleInfo.java:updateAndGet(143)) - f535bb4a-cba0-4f9b-9e3e-e4a48b3eda51: start FollowerState
2019-10-18 11:24:40,044 [Thread-1299] INFO  impl.FollowerState (FollowerState.java:run(108)) - f535bb4a-cba0-4f9b-9e3e-e4a48b3eda51@group-7E32184879DE-FollowerState: change to CANDIDATE, lastRpcTime:150ms, electionTimeout:150ms
2019-10-18 11:24:40,045 [Thread-1299] INFO  impl.RoleInfo (RoleInfo.java:shutdownFollowerState(121)) - f535bb4a-cba0-4f9b-9e3e-e4a48b3eda51: shutdown FollowerState
2019-10-18 11:24:40,045 [Thread-1299] INFO  impl.RaftServerImpl (RaftServerImpl.java:setRole(184)) - f535bb4a-cba0-4f9b-9e3e-e4a48b3eda51@group-7E32184879DE: changes role from  FOLLOWER to CANDIDATE at term 213 for changeToCandidate
2019-10-18 11:24:40,045 [Thread-1299] INFO  impl.RoleInfo (RoleInfo.java:updateAndGet(143)) - f535bb4a-cba0-4f9b-9e3e-e4a48b3eda51: start LeaderElection
2019-10-18 11:24:40,071 [f535bb4a-cba0-4f9b-9e3e-e4a48b3eda51@group-7E32184879DE-LeaderElection180] INFO  impl.LeaderElection (LeaderElection.java:askForVotes(178)) - f535bb4a-cba0-4f9b-9e3e-e4a48b3eda51@group-7E32184879DE-LeaderElection180: begin an election at term 214 for -1: [f535bb4a-cba0-4f9b-9e3e-e4a48b3eda51:0.0.0.0:44706, 54aabb14-4a7d-4ab3-adbe-2e67760b87f4:0.0.0.0:43074, c652e2ee-3322-4406-8db6-1ea643cb3197:0.0.0.0:42129], old=null
2019-10-18 11:24:40,074 [grpc-default-executor-0] INFO  impl.RaftServerImpl (RaftServerImpl.java:setRole(184)) - c652e2ee-3322-4406-8db6-1ea643cb3197@group-7E32184879DE: changes role from  FOLLOWER to FOLLOWER at term 214 for recognizeCandidate:f535bb4a-cba0-4f9b-9e3e-e4a48b3eda51
2019-10-18 11:24:40,074 [grpc-default-executor-3] INFO  impl.RaftServerImpl (RaftServerImpl.java:setRole(184)) - 54aabb14-4a7d-4ab3-adbe-2e67760b87f4@group-7E32184879DE: changes role from  FOLLOWER to FOLLOWER at term 214 for recognizeCandidate:f535bb4a-cba0-4f9b-9e3e-e4a48b3eda51
2019-10-18 11:24:40,074 [grpc-default-executor-0] INFO  impl.RoleInfo (RoleInfo.java:shutdownFollowerState(121)) - c652e2ee-3322-4406-8db6-1ea643cb3197: shutdown FollowerState
2019-10-18 11:24:40,074 [grpc-default-executor-3] INFO  impl.RoleInfo (RoleInfo.java:shutdownFollowerState(121)) - 54aabb14-4a7d-4ab3-adbe-2e67760b87f4: shutdown FollowerState
2019-10-18 11:24:40,074 [grpc-default-executor-3] INFO  impl.RoleInfo (RoleInfo.java:updateAndGet(143)) - 54aabb14-4a7d-4ab3-adbe-2e67760b87f4: start FollowerState
2019-10-18 11:24:40,074 [Thread-1298] INFO  impl.FollowerState (FollowerState.java:run(117)) - c652e2ee-3322-4406-8db6-1ea643cb3197@group-7E32184879DE-FollowerState was interrupted: java.lang.InterruptedException: sleep interrupted
2019-10-18 11:24:40,074 [grpc-default-executor-0] INFO  impl.RoleInfo (RoleInfo.java:updateAndGet(143)) - c652e2ee-3322-4406-8db6-1ea643cb3197: start FollowerState
2019-10-18 11:24:40,074 [Thread-1297] INFO  impl.FollowerState (FollowerState.java:run(117)) - 54aabb14-4a7d-4ab3-adbe-2e67760b87f4@group-7E32184879DE-FollowerState was interrupted: java.lang.InterruptedException: sleep interrupted
2019-10-18 11:24:40,099 [f535bb4a-cba0-4f9b-9e3e-e4a48b3eda51@group-7E32184879DE-LeaderElection180] INFO  impl.LeaderElection (LeaderElection.java:logAndReturn(56)) - f535bb4a-cba0-4f9b-9e3e-e4a48b3eda51@group-7E32184879DE-LeaderElection180: Election REJECTED; received 2 response(s) [f535bb4a-cba0-4f9b-9e3e-e4a48b3eda51<-54aabb14-4a7d-4ab3-adbe-2e67760b87f4#0:FAIL-t214, f535bb4a-cba0-4f9b-9e3e-e4a48b3eda51<-c652e2ee-3322-4406-8db6-1ea643cb3197#0:FAIL-t214] and 0 exception(s); f535bb4a-cba0-4f9b-9e3e-e4a48b3eda51@group-7E32184879DE:t214, leader=null, voted=f535bb4a-cba0-4f9b-9e3e-e4a48b3eda51, raftlog=f535bb4a-cba0-4f9b-9e3e-e4a48b3eda51@group-7E32184879DE-SegmentedRaftLog:OPENED:c-1,f-1,i0, conf=-1: [f535bb4a-cba0-4f9b-9e3e-e4a48b3eda51:0.0.0.0:44706, 54aabb14-4a7d-4ab3-adbe-2e67760b87f4:0.0.0.0:43074, c652e2ee-3322-4406-8db6-1ea643cb3197:0.0.0.0:42129], old=null
2019-10-18 11:24:40,099 [f535bb4a-cba0-4f9b-9e3e-e4a48b3eda51@group-7E32184879DE-LeaderElection180] INFO  impl.RaftServerImpl (RaftServerImpl.java:setRole(184)) - f535bb4a-cba0-4f9b-9e3e-e4a48b3eda51@group-7E32184879DE: changes role from CANDIDATE to FOLLOWER at term 214 for DISCOVERED_A_NEW_TERM
2019-10-18 11:24:40,099 [f535bb4a-cba0-4f9b-9e3e-e4a48b3eda51@group-7E32184879DE-LeaderElection180] INFO  impl.RoleInfo (RoleInfo.java:shutdownLeaderElection(134)) - f535bb4a-cba0-4f9b-9e3e-e4a48b3eda51: shutdown LeaderElection
2019-10-18 11:24:40,099 [f535bb4a-cba0-4f9b-9e3e-e4a48b3eda51@group-7E32184879DE-LeaderElection180] INFO  impl.RoleInfo (RoleInfo.java:updateAndGet(143)) - f535bb4a-cba0-4f9b-9e3e-e4a48b3eda51: start FollowerState
2019-10-18 11:24:40,212 [Thread-1305] INFO  impl.FollowerState (FollowerState.java:run(108)) - f535bb4a-cba0-4f9b-9e3e-e4a48b3eda51@group-7E32184879DE-FollowerState: change to CANDIDATE, lastRpcTime:112ms, electionTimeout:111ms
2019-10-18 11:24:40,212 [Thread-1305] INFO  impl.RoleInfo (RoleInfo.java:shutdownFollowerState(121)) - f535bb4a-cba0-4f9b-9e3e-e4a48b3eda51: shutdown FollowerState
2019-10-18 11:24:40,213 [Thread-1305] INFO  impl.RaftServerImpl (RaftServerImpl.java:setRole(184)) - f535bb4a-cba0-4f9b-9e3e-e4a48b3eda51@group-7E32184879DE: changes role from  FOLLOWER to CANDIDATE at term 214 for changeToCandidate
2019-10-18 11:24:40,213 [Thread-1305] INFO  impl.RoleInfo (RoleInfo.java:updateAndGet(143)) - f535bb4a-cba0-4f9b-9e3e-e4a48b3eda51: start LeaderElection
2019-10-18 11:24:40,238 [f535bb4a-cba0-4f9b-9e3e-e4a48b3eda51@group-7E32184879DE-LeaderElection181] INFO  impl.LeaderElection (LeaderElection.java:askForVotes(178)) - f535bb4a-cba0-4f9b-9e3e-e4a48b3eda51@group-7E32184879DE-LeaderElection181: begin an election at term 215 for -1: [f535bb4a-cba0-4f9b-9e3e-e4a48b3eda51:0.0.0.0:44706, 54aabb14-4a7d-4ab3-adbe-2e67760b87f4:0.0.0.0:43074, c652e2ee-3322-4406-8db6-1ea643cb3197:0.0.0.0:42129], old=null
2019-10-18 11:24:40,240 [grpc-default-executor-3] INFO  impl.RaftServerImpl (RaftServerImpl.java:setRole(184)) - c652e2ee-3322-4406-8db6-1ea643cb3197@group-7E32184879DE: changes role from  FOLLOWER to FOLLOWER at term 215 for recognizeCandidate:f535bb4a-cba0-4f9b-9e3e-e4a48b3eda51
2019-10-18 11:24:40,240 [grpc-default-executor-0] INFO  impl.RaftServerImpl (RaftServerImpl.java:setRole(184)) - 54aabb14-4a7d-4ab3-adbe-2e67760b87f4@group-7E32184879DE: changes role from  FOLLOWER to FOLLOWER at term 215 for recognizeCandidate:f535bb4a-cba0-4f9b-9e3e-e4a48b3eda51
2019-10-18 11:24:40,240 [grpc-default-executor-3] INFO  impl.RoleInfo (RoleInfo.java:shutdownFollowerState(121)) - c652e2ee-3322-4406-8db6-1ea643cb3197: shutdown FollowerState
2019-10-18 11:24:40,240 [grpc-default-executor-0] INFO  impl.RoleInfo (RoleInfo.java:shutdownFollowerState(121)) - 54aabb14-4a7d-4ab3-adbe-2e67760b87f4: shutdown FollowerState
2019-10-18 11:24:40,240 [Thread-1303] INFO  impl.FollowerState (FollowerState.java:run(117)) - c652e2ee-3322-4406-8db6-1ea643cb3197@group-7E32184879DE-FollowerState was interrupted: java.lang.InterruptedException: sleep interrupted
2019-10-18 11:24:40,240 [grpc-default-executor-3] INFO  impl.RoleInfo (RoleInfo.java:updateAndGet(143)) - c652e2ee-3322-4406-8db6-1ea643cb3197: start FollowerState
2019-10-18 11:24:40,240 [Thread-1304] INFO  impl.FollowerState (FollowerState.java:run(117)) - 54aabb14-4a7d-4ab3-adbe-2e67760b87f4@group-7E32184879DE-FollowerState was interrupted: java.lang.InterruptedException: sleep interrupted
2019-10-18 11:24:40,240 [grpc-default-executor-0] INFO  impl.RoleInfo (RoleInfo.java:updateAndGet(143)) - 54aabb14-4a7d-4ab3-adbe-2e67760b87f4: start FollowerState
2019-10-18 11:24:40,264 [f535bb4a-cba0-4f9b-9e3e-e4a48b3eda51@group-7E32184879DE-LeaderElection181] INFO  impl.LeaderElection (LeaderElection.java:logAndReturn(56)) - f535bb4a-cba0-4f9b-9e3e-e4a48b3eda51@group-7E32184879DE-LeaderElection181: Election REJECTED; received 2 response(s) [f535bb4a-cba0-4f9b-9e3e-e4a48b3eda51<-54aabb14-4a7d-4ab3-adbe-2e67760b87f4#0:FAIL-t215, f535bb4a-cba0-4f9b-9e3e-e4a48b3eda51<-c652e2ee-3322-4406-8db6-1ea643cb3197#0:FAIL-t215] and 0 exception(s); f535bb4a-cba0-4f9b-9e3e-e4a48b3eda51@group-7E32184879DE:t215, leader=null, voted=f535bb4a-cba0-4f9b-9e3e-e4a48b3eda51, raftlog=f535bb4a-cba0-4f9b-9e3e-e4a48b3eda51@group-7E32184879DE-SegmentedRaftLog:OPENED:c-1,f-1,i0, conf=-1: [f535bb4a-cba0-4f9b-9e3e-e4a48b3eda51:0.0.0.0:44706, 54aabb14-4a7d-4ab3-adbe-2e67760b87f4:0.0.0.0:43074, c652e2ee-3322-4406-8db6-1ea643cb3197:0.0.0.0:42129], old=null
2019-10-18 11:24:40,264 [f535bb4a-cba0-4f9b-9e3e-e4a48b3eda51@group-7E32184879DE-LeaderElection181] INFO  impl.RaftServerImpl (RaftServerImpl.java:setRole(184)) - f535bb4a-cba0-4f9b-9e3e-e4a48b3eda51@group-7E32184879DE: changes role from CANDIDATE to FOLLOWER at term 215 for DISCOVERED_A_NEW_TERM
2019-10-18 11:24:40,264 [f535bb4a-cba0-4f9b-9e3e-e4a48b3eda51@group-7E32184879DE-LeaderElection181] INFO  impl.RoleInfo (RoleInfo.java:shutdownLeaderElection(134)) - f535bb4a-cba0-4f9b-9e3e-e4a48b3eda51: shutdown LeaderElection
2019-10-18 11:24:40,264 [f535bb4a-cba0-4f9b-9e3e-e4a48b3eda51@group-7E32184879DE-LeaderElection181] INFO  impl.RoleInfo (RoleInfo.java:updateAndGet(143)) - f535bb4a-cba0-4f9b-9e3e-e4a48b3eda51: start FollowerState
2019-10-18 11:24:40,383 [Thread-1313] INFO  impl.FollowerState (FollowerState.java:run(108)) - f535bb4a-cba0-4f9b-9e3e-e4a48b3eda51@group-7E32184879DE-FollowerState: change to CANDIDATE, lastRpcTime:118ms, electionTimeout:118ms
2019-10-18 11:24:40,383 [Thread-1313] INFO  impl.RoleInfo (RoleInfo.java:shutdownFollowerState(121)) - f535bb4a-cba0-4f9b-9e3e-e4a48b3eda51: shutdown FollowerState
2019-10-18 11:24:40,383 [Thread-1313] INFO  impl.RaftServerImpl (RaftServerImpl.java:setRole(184)) - f535bb4a-cba0-4f9b-9e3e-e4a48b3eda51@group-7E32184879DE: changes role from  FOLLOWER to CANDIDATE at term 215 for changeToCandidate
2019-10-18 11:24:40,383 [Thread-1313] INFO  impl.RoleInfo (RoleInfo.java:updateAndGet(143)) - f535bb4a-cba0-4f9b-9e3e-e4a48b3eda51: start LeaderElection
2019-10-18 11:24:40,408 [f535bb4a-cba0-4f9b-9e3e-e4a48b3eda51@group-7E32184879DE-LeaderElection182] INFO  impl.LeaderElection (LeaderElection.java:askForVotes(178)) - f535bb4a-cba0-4f9b-9e3e-e4a48b3eda51@group-7E32184879DE-LeaderElection182: begin an election at term 216 for -1: [f535bb4a-cba0-4f9b-9e3e-e4a48b3eda51:0.0.0.0:44706, 54aabb14-4a7d-4ab3-adbe-2e67760b87f4:0.0.0.0:43074, c652e2ee-3322-4406-8db6-1ea643cb3197:0.0.0.0:42129], old=null
2019-10-18 11:24:40,410 [grpc-default-executor-0] INFO  impl.RaftServerImpl (RaftServerImpl.java:setRole(184)) - c652e2ee-3322-4406-8db6-1ea643cb3197@group-7E32184879DE: changes role from  FOLLOWER to FOLLOWER at term 216 for recognizeCandidate:f535bb4a-cba0-4f9b-9e3e-e4a48b3eda51
2019-10-18 11:24:40,410 [grpc-default-executor-0] INFO  impl.RoleInfo (RoleInfo.java:shutdownFollowerState(121)) - c652e2ee-3322-4406-8db6-1ea643cb3197: shutdown FollowerState
2019-10-18 11:24:40,410 [grpc-default-executor-3] INFO  impl.RaftServerImpl (RaftServerImpl.java:setRole(184)) - 54aabb14-4a7d-4ab3-adbe-2e67760b87f4@group-7E32184879DE: changes role from  FOLLOWER to FOLLOWER at term 216 for recognizeCandidate:f535bb4a-cba0-4f9b-9e3e-e4a48b3eda51
2019-10-18 11:24:40,410 [Thread-1311] INFO  impl.FollowerState (FollowerState.java:run(117)) - c652e2ee-3322-4406-8db6-1ea643cb3197@group-7E32184879DE-FollowerState was interrupted: java.lang.InterruptedException: sleep interrupted
2019-10-18 11:24:40,410 [grpc-default-executor-0] INFO  impl.RoleInfo (RoleInfo.java:updateAndGet(143)) - c652e2ee-3322-4406-8db6-1ea643cb3197: start FollowerState
2019-10-18 11:24:40,410 [grpc-default-executor-3] INFO  impl.RoleInfo (RoleInfo.java:shutdownFollowerState(121)) - 54aabb14-4a7d-4ab3-adbe-2e67760b87f4: shutdown FollowerState
2019-10-18 11:24:40,411 [Thread-1312] INFO  impl.FollowerState (FollowerState.java:run(117)) - 54aabb14-4a7d-4ab3-adbe-2e67760b87f4@group-7E32184879DE-FollowerState was interrupted: java.lang.InterruptedException: sleep interrupted
2019-10-18 11:24:40,411 [grpc-default-executor-3] INFO  impl.RoleInfo (RoleInfo.java:updateAndGet(143)) - 54aabb14-4a7d-4ab3-adbe-2e67760b87f4: start FollowerState
2019-10-18 11:24:40,446 [f535bb4a-cba0-4f9b-9e3e-e4a48b3eda51@group-7E32184879DE-LeaderElection182] INFO  impl.LeaderElection (LeaderElection.java:logAndReturn(56)) - f535bb4a-cba0-4f9b-9e3e-e4a48b3eda51@group-7E32184879DE-LeaderElection182: Election REJECTED; received 2 response(s) [f535bb4a-cba0-4f9b-9e3e-e4a48b3eda51<-54aabb14-4a7d-4ab3-adbe-2e67760b87f4#0:FAIL-t216, f535bb4a-cba0-4f9b-9e3e-e4a48b3eda51<-c652e2ee-3322-4406-8db6-1ea643cb3197#0:FAIL-t216] and 0 exception(s); f535bb4a-cba0-4f9b-9e3e-e4a48b3eda51@group-7E32184879DE:t216, leader=null, voted=f535bb4a-cba0-4f9b-9e3e-e4a48b3eda51, raftlog=f535bb4a-cba0-4f9b-9e3e-e4a48b3eda51@group-7E32184879DE-SegmentedRaftLog:OPENED:c-1,f-1,i0, conf=-1: [f535bb4a-cba0-4f9b-9e3e-e4a48b3eda51:0.0.0.0:44706, 54aabb14-4a7d-4ab3-adbe-2e67760b87f4:0.0.0.0:43074, c652e2ee-3322-4406-8db6-1ea643cb3197:0.0.0.0:42129], old=null
2019-10-18 11:24:40,446 [f535bb4a-cba0-4f9b-9e3e-e4a48b3eda51@group-7E32184879DE-LeaderElection182] INFO  impl.RaftServerImpl (RaftServerImpl.java:setRole(184)) - f535bb4a-cba0-4f9b-9e3e-e4a48b3eda51@group-7E32184879DE: changes role from CANDIDATE to FOLLOWER at term 216 for DISCOVERED_A_NEW_TERM
2019-10-18 11:24:40,446 [f535bb4a-cba0-4f9b-9e3e-e4a48b3eda51@group-7E32184879DE-LeaderElection182] INFO  impl.RoleInfo (RoleInfo.java:shutdownLeaderElection(134)) - f535bb4a-cba0-4f9b-9e3e-e4a48b3eda51: shutdown LeaderElection
2019-10-18 11:24:40,446 [f535bb4a-cba0-4f9b-9e3e-e4a48b3eda51@group-7E32184879DE-LeaderElection182] INFO  impl.RoleInfo (RoleInfo.java:updateAndGet(143)) - f535bb4a-cba0-4f9b-9e3e-e4a48b3eda51: start FollowerState
2019-10-18 11:24:40,508 [Thread-1319] INFO  impl.FollowerState (FollowerState.java:run(108)) - f535bb4a-cba0-4f9b-9e3e-e4a48b3eda51@group-7E32184879DE-FollowerState: change to CANDIDATE, lastRpcTime:61ms, electionTimeout:61ms
2019-10-18 11:24:40,508 [Thread-1319] INFO  impl.RoleInfo (RoleInfo.java:shutdownFollowerState(121)) - f535bb4a-cba0-4f9b-9e3e-e4a48b3eda51: shutdown FollowerState
2019-10-18 11:24:40,508 [Thread-1319] INFO  impl.RaftServerImpl (RaftServerImpl.java:setRole(184)) - f535bb4a-cba0-4f9b-9e3e-e4a48b3eda51@group-7E32184879DE: changes role from  FOLLOWER to CANDIDATE at term 216 for changeToCandidate
2019-10-18 11:24:40,508 [Thread-1319] INFO  impl.RoleInfo (RoleInfo.java:updateAndGet(143)) - f535bb4a-cba0-4f9b-9e3e-e4a48b3eda51: start LeaderElection
2019-10-18 11:24:40,537 [f535bb4a-cba0-4f9b-9e3e-e4a48b3eda51@group-7E32184879DE-LeaderElection183] INFO  impl.LeaderElection (LeaderElection.java:askForVotes(178)) - f535bb4a-cba0-4f9b-9e3e-e4a48b3eda51@group-7E32184879DE-LeaderElection183: begin an election at term 217 for -1: [f535bb4a-cba0-4f9b-9e3e-e4a48b3eda51:0.0.0.0:44706, 54aabb14-4a7d-4ab3-adbe-2e67760b87f4:0.0.0.0:43074, c652e2ee-3322-4406-8db6-1ea643cb3197:0.0.0.0:42129], old=null
2019-10-18 11:24:40,539 [grpc-default-executor-0] INFO  impl.RaftServerImpl (RaftServerImpl.java:setRole(184)) - c652e2ee-3322-4406-8db6-1ea643cb3197@group-7E32184879DE: changes role from  FOLLOWER to FOLLOWER at term 217 for recognizeCandidate:f535bb4a-cba0-4f9b-9e3e-e4a48b3eda51
2019-10-18 11:24:40,539 [grpc-default-executor-0] INFO  impl.RoleInfo (RoleInfo.java:shutdownFollowerState(121)) - c652e2ee-3322-4406-8db6-1ea643cb3197: shutdown FollowerState
2019-10-18 11:24:40,540 [grpc-default-executor-3] INFO  impl.RaftServerImpl (RaftServerImpl.java:setRole(184)) - 54aabb14-4a7d-4ab3-adbe-2e67760b87f4@group-7E32184879DE: changes role from  FOLLOWER to FOLLOWER at term 217 for recognizeCandidate:f535bb4a-cba0-4f9b-9e3e-e4a48b3eda51
2019-10-18 11:24:40,540 [Thread-1317] INFO  impl.FollowerState (FollowerState.java:run(117)) - c652e2ee-3322-4406-8db6-1ea643cb3197@group-7E32184879DE-FollowerState was interrupted: java.lang.InterruptedException: sleep interrupted
2019-10-18 11:24:40,540 [grpc-default-executor-0] INFO  impl.RoleInfo (RoleInfo.java:updateAndGet(143)) - c652e2ee-3322-4406-8db6-1ea643cb3197: start FollowerState
2019-10-18 11:24:40,540 [grpc-default-executor-3] INFO  impl.RoleInfo (RoleInfo.java:shutdownFollowerState(121)) - 54aabb14-4a7d-4ab3-adbe-2e67760b87f4: shutdown FollowerState
2019-10-18 11:24:40,540 [grpc-default-executor-3] INFO  impl.RoleInfo (RoleInfo.java:updateAndGet(143)) - 54aabb14-4a7d-4ab3-adbe-2e67760b87f4: start FollowerState
2019-10-18 11:24:40,540 [Thread-1318] INFO  impl.FollowerState (FollowerState.java:run(117)) - 54aabb14-4a7d-4ab3-adbe-2e67760b87f4@group-7E32184879DE-FollowerState was interrupted: java.lang.InterruptedException: sleep interrupted
2019-10-18 11:24:40,563 [f535bb4a-cba0-4f9b-9e3e-e4a48b3eda51@group-7E32184879DE-LeaderElection183] INFO  impl.LeaderElection (LeaderElection.java:logAndReturn(56)) - f535bb4a-cba0-4f9b-9e3e-e4a48b3eda51@group-7E32184879DE-LeaderElection183: Election REJECTED; received 2 response(s) [f535bb4a-cba0-4f9b-9e3e-e4a48b3eda51<-54aabb14-4a7d-4ab3-adbe-2e67760b87f4#0:FAIL-t217, f535bb4a-cba0-4f9b-9e3e-e4a48b3eda51<-c652e2ee-3322-4406-8db6-1ea643cb3197#0:FAIL-t217] and 0 exception(s); f535bb4a-cba0-4f9b-9e3e-e4a48b3eda51@group-7E32184879DE:t217, leader=null, voted=f535bb4a-cba0-4f9b-9e3e-e4a48b3eda51, raftlog=f535bb4a-cba0-4f9b-9e3e-e4a48b3eda51@group-7E32184879DE-SegmentedRaftLog:OPENED:c-1,f-1,i0, conf=-1: [f535bb4a-cba0-4f9b-9e3e-e4a48b3eda51:0.0.0.0:44706, 54aabb14-4a7d-4ab3-adbe-2e67760b87f4:0.0.0.0:43074, c652e2ee-3322-4406-8db6-1ea643cb3197:0.0.0.0:42129], old=null
2019-10-18 11:24:40,563 [f535bb4a-cba0-4f9b-9e3e-e4a48b3eda51@group-7E32184879DE-LeaderElection183] INFO  impl.RaftServerImpl (RaftServerImpl.java:setRole(184)) - f535bb4a-cba0-4f9b-9e3e-e4a48b3eda51@group-7E32184879DE: changes role from CANDIDATE to FOLLOWER at term 217 for DISCOVERED_A_NEW_TERM
2019-10-18 11:24:40,564 [f535bb4a-cba0-4f9b-9e3e-e4a48b3eda51@group-7E32184879DE-LeaderElection183] INFO  impl.RoleInfo (RoleInfo.java:shutdownLeaderElection(134)) - f535bb4a-cba0-4f9b-9e3e-e4a48b3eda51: shutdown LeaderElection
2019-10-18 11:24:40,564 [f535bb4a-cba0-4f9b-9e3e-e4a48b3eda51@group-7E32184879DE-LeaderElection183] INFO  impl.RoleInfo (RoleInfo.java:updateAndGet(143)) - f535bb4a-cba0-4f9b-9e3e-e4a48b3eda51: start FollowerState
2019-10-18 11:24:40,746 [Thread-1325] INFO  impl.FollowerState (FollowerState.java:run(108)) - f535bb4a-cba0-4f9b-9e3e-e4a48b3eda51@group-7E32184879DE-FollowerState: change to CANDIDATE, lastRpcTime:182ms, electionTimeout:182ms
2019-10-18 11:24:40,746 [Thread-1325] INFO  impl.RoleInfo (RoleInfo.java:shutdownFollowerState(121)) - f535bb4a-cba0-4f9b-9e3e-e4a48b3eda51: shutdown FollowerState
2019-10-18 11:24:40,746 [Thread-1325] INFO  impl.RaftServerImpl (RaftServerImpl.java:setRole(184)) - f535bb4a-cba0-4f9b-9e3e-e4a48b3eda51@group-7E32184879DE: changes role from  FOLLOWER to CANDIDATE at term 217 for changeToCandidate
2019-10-18 11:24:40,746 [Thread-1325] INFO  impl.RoleInfo (RoleInfo.java:updateAndGet(143)) - f535bb4a-cba0-4f9b-9e3e-e4a48b3eda51: start LeaderElection
2019-10-18 11:24:40,771 [f535bb4a-cba0-4f9b-9e3e-e4a48b3eda51@group-7E32184879DE-LeaderElection184] INFO  impl.LeaderElection (LeaderElection.java:askForVotes(178)) - f535bb4a-cba0-4f9b-9e3e-e4a48b3eda51@group-7E32184879DE-LeaderElection184: begin an election at term 218 for -1: [f535bb4a-cba0-4f9b-9e3e-e4a48b3eda51:0.0.0.0:44706, 54aabb14-4a7d-4ab3-adbe-2e67760b87f4:0.0.0.0:43074, c652e2ee-3322-4406-8db6-1ea643cb3197:0.0.0.0:42129], old=null
2019-10-18 11:24:40,774 [grpc-default-executor-3] INFO  impl.RaftServerImpl (RaftServerImpl.java:setRole(184)) - 54aabb14-4a7d-4ab3-adbe-2e67760b87f4@group-7E32184879DE: changes role from  FOLLOWER to FOLLOWER at term 218 for recognizeCandidate:f535bb4a-cba0-4f9b-9e3e-e4a48b3eda51
2019-10-18 11:24:40,774 [grpc-default-executor-3] INFO  impl.RoleInfo (RoleInfo.java:shutdownFollowerState(121)) - 54aabb14-4a7d-4ab3-adbe-2e67760b87f4: shutdown FollowerState
2019-10-18 11:24:40,774 [grpc-default-executor-3] INFO  impl.RoleInfo (RoleInfo.java:updateAndGet(143)) - 54aabb14-4a7d-4ab3-adbe-2e67760b87f4: start FollowerState
2019-10-18 11:24:40,775 [Thread-1324] INFO  impl.FollowerState (FollowerState.java:run(117)) - 54aabb14-4a7d-4ab3-adbe-2e67760b87f4@group-7E32184879DE-FollowerState was interrupted: java.lang.InterruptedException: sleep interrupted
2019-10-18 11:24:40,774 [grpc-default-executor-0] INFO  impl.RaftServerImpl (RaftServerImpl.java:setRole(184)) - c652e2ee-3322-4406-8db6-1ea643cb3197@group-7E32184879DE: changes role from  FOLLOWER to FOLLOWER at term 218 for recognizeCandidate:f535bb4a-cba0-4f9b-9e3e-e4a48b3eda51
2019-10-18 11:24:40,775 [grpc-default-executor-0] INFO  impl.RoleInfo (RoleInfo.java:shutdownFollowerState(121)) - c652e2ee-3322-4406-8db6-1ea643cb3197: shutdown FollowerState
2019-10-18 11:24:40,775 [grpc-default-executor-0] INFO  impl.RoleInfo (RoleInfo.java:updateAndGet(143)) - c652e2ee-3322-4406-8db6-1ea643cb3197: start FollowerState
2019-10-18 11:24:40,775 [Thread-1323] INFO  impl.FollowerState (FollowerState.java:run(117)) - c652e2ee-3322-4406-8db6-1ea643cb3197@group-7E32184879DE-FollowerState was interrupted: java.lang.InterruptedException: sleep interrupted
2019-10-18 11:24:40,797 [f535bb4a-cba0-4f9b-9e3e-e4a48b3eda51@group-7E32184879DE-LeaderElection184] INFO  impl.LeaderElection (LeaderElection.java:logAndReturn(56)) - f535bb4a-cba0-4f9b-9e3e-e4a48b3eda51@group-7E32184879DE-LeaderElection184: Election REJECTED; received 2 response(s) [f535bb4a-cba0-4f9b-9e3e-e4a48b3eda51<-54aabb14-4a7d-4ab3-adbe-2e67760b87f4#0:FAIL-t218, f535bb4a-cba0-4f9b-9e3e-e4a48b3eda51<-c652e2ee-3322-4406-8db6-1ea643cb3197#0:FAIL-t218] and 0 exception(s); f535bb4a-cba0-4f9b-9e3e-e4a48b3eda51@group-7E32184879DE:t218, leader=null, voted=f535bb4a-cba0-4f9b-9e3e-e4a48b3eda51, raftlog=f535bb4a-cba0-4f9b-9e3e-e4a48b3eda51@group-7E32184879DE-SegmentedRaftLog:OPENED:c-1,f-1,i0, conf=-1: [f535bb4a-cba0-4f9b-9e3e-e4a48b3eda51:0.0.0.0:44706, 54aabb14-4a7d-4ab3-adbe-2e67760b87f4:0.0.0.0:43074, c652e2ee-3322-4406-8db6-1ea643cb3197:0.0.0.0:42129], old=null
2019-10-18 11:24:40,798 [f535bb4a-cba0-4f9b-9e3e-e4a48b3eda51@group-7E32184879DE-LeaderElection184] INFO  impl.RaftServerImpl (RaftServerImpl.java:setRole(184)) - f535bb4a-cba0-4f9b-9e3e-e4a48b3eda51@group-7E32184879DE: changes role from CANDIDATE to FOLLOWER at term 218 for DISCOVERED_A_NEW_TERM
2019-10-18 11:24:40,798 [f535bb4a-cba0-4f9b-9e3e-e4a48b3eda51@group-7E32184879DE-LeaderElection184] INFO  impl.RoleInfo (RoleInfo.java:shutdownLeaderElection(134)) - f535bb4a-cba0-4f9b-9e3e-e4a48b3eda51: shutdown LeaderElection
2019-10-18 11:24:40,798 [f535bb4a-cba0-4f9b-9e3e-e4a48b3eda51@group-7E32184879DE-LeaderElection184] INFO  impl.RoleInfo (RoleInfo.java:updateAndGet(143)) - f535bb4a-cba0-4f9b-9e3e-e4a48b3eda51: start FollowerState
2019-10-18 11:24:40,821 [Thread-1331] INFO  impl.FollowerState (FollowerState.java:run(108)) - f535bb4a-cba0-4f9b-9e3e-e4a48b3eda51@group-7E32184879DE-FollowerState: change to CANDIDATE, lastRpcTime:23ms, electionTimeout:23ms
2019-10-18 11:24:40,822 [Thread-1331] INFO  impl.RoleInfo (RoleInfo.java:shutdownFollowerState(121)) - f535bb4a-cba0-4f9b-9e3e-e4a48b3eda51: shutdown FollowerState
2019-10-18 11:24:40,822 [Thread-1331] INFO  impl.RaftServerImpl (RaftServerImpl.java:setRole(184)) - f535bb4a-cba0-4f9b-9e3e-e4a48b3eda51@group-7E32184879DE: changes role from  FOLLOWER to CANDIDATE at term 218 for changeToCandidate
2019-10-18 11:24:40,822 [Thread-1331] INFO  impl.RoleInfo (RoleInfo.java:updateAndGet(143)) - f535bb4a-cba0-4f9b-9e3e-e4a48b3eda51: start LeaderElection
2019-10-18 11:24:40,847 [f535bb4a-cba0-4f9b-9e3e-e4a48b3eda51@group-7E32184879DE-LeaderElection185] INFO  impl.LeaderElection (LeaderElection.java:askForVotes(178)) - f535bb4a-cba0-4f9b-9e3e-e4a48b3eda51@group-7E32184879DE-LeaderElection185: begin an election at term 219 for -1: [f535bb4a-cba0-4f9b-9e3e-e4a48b3eda51:0.0.0.0:44706, 54aabb14-4a7d-4ab3-adbe-2e67760b87f4:0.0.0.0:43074, c652e2ee-3322-4406-8db6-1ea643cb3197:0.0.0.0:42129], old=null
2019-10-18 11:24:40,849 [grpc-default-executor-3] INFO  impl.RaftServerImpl (RaftServerImpl.java:setRole(184)) - 54aabb14-4a7d-4ab3-adbe-2e67760b87f4@group-7E32184879DE: changes role from  FOLLOWER to FOLLOWER at term 219 for recognizeCandidate:f535bb4a-cba0-4f9b-9e3e-e4a48b3eda51
2019-10-18 11:24:40,849 [grpc-default-executor-3] INFO  impl.RoleInfo (RoleInfo.java:shutdownFollowerState(121)) - 54aabb14-4a7d-4ab3-adbe-2e67760b87f4: shutdown FollowerState
2019-10-18 11:24:40,849 [grpc-default-executor-3] INFO  impl.RoleInfo (RoleInfo.java:updateAndGet(143)) - 54aabb14-4a7d-4ab3-adbe-2e67760b87f4: start FollowerState
2019-10-18 11:24:40,849 [Thread-1329] INFO  impl.FollowerState (FollowerState.java:run(117)) - 54aabb14-4a7d-4ab3-adbe-2e67760b87f4@group-7E32184879DE-FollowerState was interrupted: java.lang.InterruptedException: sleep interrupted
2019-10-18 11:24:40,849 [grpc-default-executor-0] INFO  impl.RaftServerImpl (RaftServerImpl.java:setRole(184)) - c652e2ee-3322-4406-8db6-1ea643cb3197@group-7E32184879DE: changes role from  FOLLOWER to FOLLOWER at term 219 for recognizeCandidate:f535bb4a-cba0-4f9b-9e3e-e4a48b3eda51
2019-10-18 11:24:40,850 [grpc-default-executor-0] INFO  impl.RoleInfo (RoleInfo.java:shutdownFollowerState(121)) - c652e2ee-3322-4406-8db6-1ea643cb3197: shutdown FollowerState
2019-10-18 11:24:40,850 [grpc-default-executor-0] INFO  impl.RoleInfo (RoleInfo.java:updateAndGet(143)) - c652e2ee-3322-4406-8db6-1ea643cb3197: start FollowerState
2019-10-18 11:24:40,850 [Thread-1330] INFO  impl.FollowerState (FollowerState.java:run(117)) - c652e2ee-3322-4406-8db6-1ea643cb3197@group-7E32184879DE-FollowerState was interrupted: java.lang.InterruptedException: sleep interrupted
2019-10-18 11:24:40,873 [f535bb4a-cba0-4f9b-9e3e-e4a48b3eda51@group-7E32184879DE-LeaderElection185] INFO  impl.LeaderElection (LeaderElection.java:logAndReturn(56)) - f535bb4a-cba0-4f9b-9e3e-e4a48b3eda51@group-7E32184879DE-LeaderElection185: Election REJECTED; received 2 response(s) [f535bb4a-cba0-4f9b-9e3e-e4a48b3eda51<-54aabb14-4a7d-4ab3-adbe-2e67760b87f4#0:FAIL-t219, f535bb4a-cba0-4f9b-9e3e-e4a48b3eda51<-c652e2ee-3322-4406-8db6-1ea643cb3197#0:FAIL-t219] and 0 exception(s); f535bb4a-cba0-4f9b-9e3e-e4a48b3eda51@group-7E32184879DE:t219, leader=null, voted=f535bb4a-cba0-4f9b-9e3e-e4a48b3eda51, raftlog=f535bb4a-cba0-4f9b-9e3e-e4a48b3eda51@group-7E32184879DE-SegmentedRaftLog:OPENED:c-1,f-1,i0, conf=-1: [f535bb4a-cba0-4f9b-9e3e-e4a48b3eda51:0.0.0.0:44706, 54aabb14-4a7d-4ab3-adbe-2e67760b87f4:0.0.0.0:43074, c652e2ee-3322-4406-8db6-1ea643cb3197:0.0.0.0:42129], old=null
2019-10-18 11:24:40,873 [f535bb4a-cba0-4f9b-9e3e-e4a48b3eda51@group-7E32184879DE-LeaderElection185] INFO  impl.RaftServerImpl (RaftServerImpl.java:setRole(184)) - f535bb4a-cba0-4f9b-9e3e-e4a48b3eda51@group-7E32184879DE: changes role from CANDIDATE to FOLLOWER at term 219 for DISCOVERED_A_NEW_TERM
2019-10-18 11:24:40,873 [f535bb4a-cba0-4f9b-9e3e-e4a48b3eda51@group-7E32184879DE-LeaderElection185] INFO  impl.RoleInfo (RoleInfo.java:shutdownLeaderElection(134)) - f535bb4a-cba0-4f9b-9e3e-e4a48b3eda51: shutdown LeaderElection
2019-10-18 11:24:40,874 [f535bb4a-cba0-4f9b-9e3e-e4a48b3eda51@group-7E32184879DE-LeaderElection185] INFO  impl.RoleInfo (RoleInfo.java:updateAndGet(143)) - f535bb4a-cba0-4f9b-9e3e-e4a48b3eda51: start FollowerState
2019-10-18 11:24:41,061 [Thread-1337] INFO  impl.FollowerState (FollowerState.java:run(108)) - f535bb4a-cba0-4f9b-9e3e-e4a48b3eda51@group-7E32184879DE-FollowerState: change to CANDIDATE, lastRpcTime:187ms, electionTimeout:187ms
2019-10-18 11:24:41,061 [Thread-1337] INFO  impl.RoleInfo (RoleInfo.java:shutdownFollowerState(121)) - f535bb4a-cba0-4f9b-9e3e-e4a48b3eda51: shutdown FollowerState
2019-10-18 11:24:41,061 [Thread-1337] INFO  impl.RaftServerImpl (RaftServerImpl.java:setRole(184)) - f535bb4a-cba0-4f9b-9e3e-e4a48b3eda51@group-7E32184879DE: changes role from  FOLLOWER to CANDIDATE at term 219 for changeToCandidate
2019-10-18 11:24:41,061 [Thread-1337] INFO  impl.RoleInfo (RoleInfo.java:updateAndGet(143)) - f535bb4a-cba0-4f9b-9e3e-e4a48b3eda51: start LeaderElection
2019-10-18 11:24:41,089 [f535bb4a-cba0-4f9b-9e3e-e4a48b3eda51@group-7E32184879DE-LeaderElection186] INFO  impl.LeaderElection (LeaderElection.java:askForVotes(178)) - f535bb4a-cba0-4f9b-9e3e-e4a48b3eda51@group-7E32184879DE-LeaderElection186: begin an election at term 220 for -1: [f535bb4a-cba0-4f9b-9e3e-e4a48b3eda51:0.0.0.0:44706, 54aabb14-4a7d-4ab3-adbe-2e67760b87f4:0.0.0.0:43074, c652e2ee-3322-4406-8db6-1ea643cb3197:0.0.0.0:42129], old=null
2019-10-18 11:24:41,092 [grpc-default-executor-0] INFO  impl.RaftServerImpl (RaftServerImpl.java:setRole(184)) - 54aabb14-4a7d-4ab3-adbe-2e67760b87f4@group-7E32184879DE: changes role from  FOLLOWER to FOLLOWER at term 220 for recognizeCandidate:f535bb4a-cba0-4f9b-9e3e-e4a48b3eda51
2019-10-18 11:24:41,092 [grpc-default-executor-0] INFO  impl.RoleInfo (RoleInfo.java:shutdownFollowerState(121)) - 54aabb14-4a7d-4ab3-adbe-2e67760b87f4: shutdown FollowerState
2019-10-18 11:24:41,092 [grpc-default-executor-0] INFO  impl.RoleInfo (RoleInfo.java:updateAndGet(143)) - 54aabb14-4a7d-4ab3-adbe-2e67760b87f4: start FollowerState
2019-10-18 11:24:41,092 [Thread-1335] INFO  impl.FollowerState (FollowerState.java:run(117)) - 54aabb14-4a7d-4ab3-adbe-2e67760b87f4@group-7E32184879DE-FollowerState was interrupted: java.lang.InterruptedException: sleep interrupted
2019-10-18 11:24:41,092 [grpc-default-executor-3] INFO  impl.RaftServerImpl (RaftServerImpl.java:setRole(184)) - c652e2ee-3322-4406-8db6-1ea643cb3197@group-7E32184879DE: changes role from  FOLLOWER to FOLLOWER at term 220 for recognizeCandidate:f535bb4a-cba0-4f9b-9e3e-e4a48b3eda51
2019-10-18 11:24:41,093 [grpc-default-executor-3] INFO  impl.RoleInfo (RoleInfo.java:shutdownFollowerState(121)) - c652e2ee-3322-4406-8db6-1ea643cb3197: shutdown FollowerState
2019-10-18 11:24:41,093 [grpc-default-executor-3] INFO  impl.RoleInfo (RoleInfo.java:updateAndGet(143)) - c652e2ee-3322-4406-8db6-1ea643cb3197: start FollowerState
2019-10-18 11:24:41,093 [Thread-1336] INFO  impl.FollowerState (FollowerState.java:run(117)) - c652e2ee-3322-4406-8db6-1ea643cb3197@group-7E32184879DE-FollowerState was interrupted: java.lang.InterruptedException: sleep interrupted
2019-10-18 11:24:41,116 [f535bb4a-cba0-4f9b-9e3e-e4a48b3eda51@group-7E32184879DE-LeaderElection186] INFO  impl.LeaderElection (LeaderElection.java:logAndReturn(56)) - f535bb4a-cba0-4f9b-9e3e-e4a48b3eda51@group-7E32184879DE-LeaderElection186: Election REJECTED; received 2 response(s) [f535bb4a-cba0-4f9b-9e3e-e4a48b3eda51<-54aabb14-4a7d-4ab3-adbe-2e67760b87f4#0:FAIL-t220, f535bb4a-cba0-4f9b-9e3e-e4a48b3eda51<-c652e2ee-3322-4406-8db6-1ea643cb3197#0:FAIL-t220] and 0 exception(s); f535bb4a-cba0-4f9b-9e3e-e4a48b3eda51@group-7E32184879DE:t220, leader=null, voted=f535bb4a-cba0-4f9b-9e3e-e4a48b3eda51, raftlog=f535bb4a-cba0-4f9b-9e3e-e4a48b3eda51@group-7E32184879DE-SegmentedRaftLog:OPENED:c-1,f-1,i0, conf=-1: [f535bb4a-cba0-4f9b-9e3e-e4a48b3eda51:0.0.0.0:44706, 54aabb14-4a7d-4ab3-adbe-2e67760b87f4:0.0.0.0:43074, c652e2ee-3322-4406-8db6-1ea643cb3197:0.0.0.0:42129], old=null
2019-10-18 11:24:41,117 [f535bb4a-cba0-4f9b-9e3e-e4a48b3eda51@group-7E32184879DE-LeaderElection186] INFO  impl.RaftServerImpl (RaftServerImpl.java:setRole(184)) - f535bb4a-cba0-4f9b-9e3e-e4a48b3eda51@group-7E32184879DE: changes role from CANDIDATE to FOLLOWER at term 220 for DISCOVERED_A_NEW_TERM
2019-10-18 11:24:41,117 [f535bb4a-cba0-4f9b-9e3e-e4a48b3eda51@group-7E32184879DE-LeaderElection186] INFO  impl.RoleInfo (RoleInfo.java:shutdownLeaderElection(134)) - f535bb4a-cba0-4f9b-9e3e-e4a48b3eda51: shutdown LeaderElection
2019-10-18 11:24:41,117 [f535bb4a-cba0-4f9b-9e3e-e4a48b3eda51@group-7E32184879DE-LeaderElection186] INFO  impl.RoleInfo (RoleInfo.java:updateAndGet(143)) - f535bb4a-cba0-4f9b-9e3e-e4a48b3eda51: start FollowerState
2019-10-18 11:24:41,180 [Thread-1343] INFO  impl.FollowerState (FollowerState.java:run(108)) - f535bb4a-cba0-4f9b-9e3e-e4a48b3eda51@group-7E32184879DE-FollowerState: change to CANDIDATE, lastRpcTime:62ms, electionTimeout:62ms
2019-10-18 11:24:41,180 [Thread-1343] INFO  impl.RoleInfo (RoleInfo.java:shutdownFollowerState(121)) - f535bb4a-cba0-4f9b-9e3e-e4a48b3eda51: shutdown FollowerState
2019-10-18 11:24:41,180 [Thread-1343] INFO  impl.RaftServerImpl (RaftServerImpl.java:setRole(184)) - f535bb4a-cba0-4f9b-9e3e-e4a48b3eda51@group-7E32184879DE: changes role from  FOLLOWER to CANDIDATE at term 220 for changeToCandidate
2019-10-18 11:24:41,180 [Thread-1343] INFO  impl.RoleInfo (RoleInfo.java:updateAndGet(143)) - f535bb4a-cba0-4f9b-9e3e-e4a48b3eda51: start LeaderElection
2019-10-18 11:24:41,207 [f535bb4a-cba0-4f9b-9e3e-e4a48b3eda51@group-7E32184879DE-LeaderElection187] INFO  impl.LeaderElection (LeaderElection.java:askForVotes(178)) - f535bb4a-cba0-4f9b-9e3e-e4a48b3eda51@group-7E32184879DE-LeaderElection187: begin an election at term 221 for -1: [f535bb4a-cba0-4f9b-9e3e-e4a48b3eda51:0.0.0.0:44706, 54aabb14-4a7d-4ab3-adbe-2e67760b87f4:0.0.0.0:43074, c652e2ee-3322-4406-8db6-1ea643cb3197:0.0.0.0:42129], old=null
2019-10-18 11:24:41,209 [grpc-default-executor-3] INFO  impl.RaftServerImpl (RaftServerImpl.java:setRole(184)) - c652e2ee-3322-4406-8db6-1ea643cb3197@group-7E32184879DE: changes role from  FOLLOWER to FOLLOWER at term 221 for recognizeCandidate:f535bb4a-cba0-4f9b-9e3e-e4a48b3eda51
2019-10-18 11:24:41,209 [grpc-default-executor-3] INFO  impl.RoleInfo (RoleInfo.java:shutdownFollowerState(121)) - c652e2ee-3322-4406-8db6-1ea643cb3197: shutdown FollowerState
2019-10-18 11:24:41,209 [grpc-default-executor-0] INFO  impl.RaftServerImpl (RaftServerImpl.java:setRole(184)) - 54aabb14-4a7d-4ab3-adbe-2e67760b87f4@group-7E32184879DE: changes role from  FOLLOWER to FOLLOWER at term 221 for recognizeCandidate:f535bb4a-cba0-4f9b-9e3e-e4a48b3eda51
2019-10-18 11:24:41,209 [grpc-default-executor-0] INFO  impl.RoleInfo (RoleInfo.java:shutdownFollowerState(121)) - 54aabb14-4a7d-4ab3-adbe-2e67760b87f4: shutdown FollowerState
2019-10-18 11:24:41,209 [Thread-1342] INFO  impl.FollowerState (FollowerState.java:run(117)) - c652e2ee-3322-4406-8db6-1ea643cb3197@group-7E32184879DE-FollowerState was interrupted: java.lang.InterruptedException: sleep interrupted
2019-10-18 11:24:41,209 [grpc-default-executor-3] INFO  impl.RoleInfo (RoleInfo.java:updateAndGet(143)) - c652e2ee-3322-4406-8db6-1ea643cb3197: start FollowerState
2019-10-18 11:24:41,209 [Thread-1341] INFO  impl.FollowerState (FollowerState.java:run(117)) - 54aabb14-4a7d-4ab3-adbe-2e67760b87f4@group-7E32184879DE-FollowerState was interrupted: java.lang.InterruptedException: sleep interrupted
2019-10-18 11:24:41,209 [grpc-default-executor-0] INFO  impl.RoleInfo (RoleInfo.java:updateAndGet(143)) - 54aabb14-4a7d-4ab3-adbe-2e67760b87f4: start FollowerState
2019-10-18 11:24:41,233 [f535bb4a-cba0-4f9b-9e3e-e4a48b3eda51@group-7E32184879DE-LeaderElection187] INFO  impl.LeaderElection (LeaderElection.java:logAndReturn(56)) - f535bb4a-cba0-4f9b-9e3e-e4a48b3eda51@group-7E32184879DE-LeaderElection187: Election REJECTED; received 2 response(s) [f535bb4a-cba0-4f9b-9e3e-e4a48b3eda51<-54aabb14-4a7d-4ab3-adbe-2e67760b87f4#0:FAIL-t221, f535bb4a-cba0-4f9b-9e3e-e4a48b3eda51<-c652e2ee-3322-4406-8db6-1ea643cb3197#0:FAIL-t221] and 0 exception(s); f535bb4a-cba0-4f9b-9e3e-e4a48b3eda51@group-7E32184879DE:t221, leader=null, voted=f535bb4a-cba0-4f9b-9e3e-e4a48b3eda51, raftlog=f535bb4a-cba0-4f9b-9e3e-e4a48b3eda51@group-7E32184879DE-SegmentedRaftLog:OPENED:c-1,f-1,i0, conf=-1: [f535bb4a-cba0-4f9b-9e3e-e4a48b3eda51:0.0.0.0:44706, 54aabb14-4a7d-4ab3-adbe-2e67760b87f4:0.0.0.0:43074, c652e2ee-3322-4406-8db6-1ea643cb3197:0.0.0.0:42129], old=null
2019-10-18 11:24:41,233 [f535bb4a-cba0-4f9b-9e3e-e4a48b3eda51@group-7E32184879DE-LeaderElection187] INFO  impl.RaftServerImpl (RaftServerImpl.java:setRole(184)) - f535bb4a-cba0-4f9b-9e3e-e4a48b3eda51@group-7E32184879DE: changes role from CANDIDATE to FOLLOWER at term 221 for DISCOVERED_A_NEW_TERM
2019-10-18 11:24:41,233 [f535bb4a-cba0-4f9b-9e3e-e4a48b3eda51@group-7E32184879DE-LeaderElection187] INFO  impl.RoleInfo (RoleInfo.java:shutdownLeaderElection(134)) - f535bb4a-cba0-4f9b-9e3e-e4a48b3eda51: shutdown LeaderElection
2019-10-18 11:24:41,233 [f535bb4a-cba0-4f9b-9e3e-e4a48b3eda51@group-7E32184879DE-LeaderElection187] INFO  impl.RoleInfo (RoleInfo.java:updateAndGet(143)) - f535bb4a-cba0-4f9b-9e3e-e4a48b3eda51: start FollowerState
2019-10-18 11:24:41,357 [Thread-1351] INFO  impl.FollowerState (FollowerState.java:run(108)) - f535bb4a-cba0-4f9b-9e3e-e4a48b3eda51@group-7E32184879DE-FollowerState: change to CANDIDATE, lastRpcTime:124ms, electionTimeout:124ms
2019-10-18 11:24:41,357 [Thread-1351] INFO  impl.RoleInfo (RoleInfo.java:shutdownFollowerState(121)) - f535bb4a-cba0-4f9b-9e3e-e4a48b3eda51: shutdown FollowerState
2019-10-18 11:24:41,358 [Thread-1351] INFO  impl.RaftServerImpl (RaftServerImpl.java:setRole(184)) - f535bb4a-cba0-4f9b-9e3e-e4a48b3eda51@group-7E32184879DE: changes role from  FOLLOWER to CANDIDATE at term 221 for changeToCandidate
2019-10-18 11:24:41,358 [Thread-1351] INFO  impl.RoleInfo (RoleInfo.java:updateAndGet(143)) - f535bb4a-cba0-4f9b-9e3e-e4a48b3eda51: start LeaderElection
2019-10-18 11:24:41,384 [f535bb4a-cba0-4f9b-9e3e-e4a48b3eda51@group-7E32184879DE-LeaderElection188] INFO  impl.LeaderElection (LeaderElection.java:askForVotes(178)) - f535bb4a-cba0-4f9b-9e3e-e4a48b3eda51@group-7E32184879DE-LeaderElection188: begin an election at term 222 for -1: [f535bb4a-cba0-4f9b-9e3e-e4a48b3eda51:0.0.0.0:44706, 54aabb14-4a7d-4ab3-adbe-2e67760b87f4:0.0.0.0:43074, c652e2ee-3322-4406-8db6-1ea643cb3197:0.0.0.0:42129], old=null
2019-10-18 11:24:41,386 [grpc-default-executor-0] INFO  impl.RaftServerImpl (RaftServerImpl.java:setRole(184)) - c652e2ee-3322-4406-8db6-1ea643cb3197@group-7E32184879DE: changes role from  FOLLOWER to FOLLOWER at term 222 for recognizeCandidate:f535bb4a-cba0-4f9b-9e3e-e4a48b3eda51
2019-10-18 11:24:41,386 [grpc-default-executor-0] INFO  impl.RoleInfo (RoleInfo.java:shutdownFollowerState(121)) - c652e2ee-3322-4406-8db6-1ea643cb3197: shutdown FollowerState
2019-10-18 11:24:41,386 [grpc-default-executor-0] INFO  impl.RoleInfo (RoleInfo.java:updateAndGet(143)) - c652e2ee-3322-4406-8db6-1ea643cb3197: start FollowerState
2019-10-18 11:24:41,386 [Thread-1347] INFO  impl.FollowerState (FollowerState.java:run(117)) - c652e2ee-3322-4406-8db6-1ea643cb3197@group-7E32184879DE-FollowerState was interrupted: java.lang.InterruptedException: sleep interrupted
2019-10-18 11:24:41,386 [grpc-default-executor-3] INFO  impl.RaftServerImpl (RaftServerImpl.java:setRole(184)) - 54aabb14-4a7d-4ab3-adbe-2e67760b87f4@group-7E32184879DE: changes role from  FOLLOWER to FOLLOWER at term 222 for recognizeCandidate:f535bb4a-cba0-4f9b-9e3e-e4a48b3eda51
2019-10-18 11:24:41,387 [grpc-default-executor-3] INFO  impl.RoleInfo (RoleInfo.java:shutdownFollowerState(121)) - 54aabb14-4a7d-4ab3-adbe-2e67760b87f4: shutdown FollowerState
2019-10-18 11:24:41,387 [grpc-default-executor-3] INFO  impl.RoleInfo (RoleInfo.java:updateAndGet(143)) - 54aabb14-4a7d-4ab3-adbe-2e67760b87f4: start FollowerState
2019-10-18 11:24:41,387 [Thread-1348] INFO  impl.FollowerState (FollowerState.java:run(117)) - 54aabb14-4a7d-4ab3-adbe-2e67760b87f4@group-7E32184879DE-FollowerState was interrupted: java.lang.InterruptedException: sleep interrupted
2019-10-18 11:24:41,391 [f535bb4a-cba0-4f9b-9e3e-e4a48b3eda51@group-7E32184879DE-LeaderElection188] INFO  impl.LeaderElection (LeaderElection.java:logAndReturn(56)) - f535bb4a-cba0-4f9b-9e3e-e4a48b3eda51@group-7E32184879DE-LeaderElection188: Election TIMEOUT; received 0 response(s) [] and 0 exception(s); f535bb4a-cba0-4f9b-9e3e-e4a48b3eda51@group-7E32184879DE:t222, leader=null, voted=f535bb4a-cba0-4f9b-9e3e-e4a48b3eda51, raftlog=f535bb4a-cba0-4f9b-9e3e-e4a48b3eda51@group-7E32184879DE-SegmentedRaftLog:OPENED:c-1,f-1,i0, conf=-1: [f535bb4a-cba0-4f9b-9e3e-e4a48b3eda51:0.0.0.0:44706, 54aabb14-4a7d-4ab3-adbe-2e67760b87f4:0.0.0.0:43074, c652e2ee-3322-4406-8db6-1ea643cb3197:0.0.0.0:42129], old=null
2019-10-18 11:24:41,409 [f535bb4a-cba0-4f9b-9e3e-e4a48b3eda51@group-7E32184879DE-LeaderElection188] INFO  impl.LeaderElection (LeaderElection.java:askForVotes(178)) - f535bb4a-cba0-4f9b-9e3e-e4a48b3eda51@group-7E32184879DE-LeaderElection188: begin an election at term 223 for -1: [f535bb4a-cba0-4f9b-9e3e-e4a48b3eda51:0.0.0.0:44706, 54aabb14-4a7d-4ab3-adbe-2e67760b87f4:0.0.0.0:43074, c652e2ee-3322-4406-8db6-1ea643cb3197:0.0.0.0:42129], old=null
2019-10-18 11:24:41,411 [grpc-default-executor-3] INFO  impl.RaftServerImpl (RaftServerImpl.java:setRole(184)) - 54aabb14-4a7d-4ab3-adbe-2e67760b87f4@group-7E32184879DE: changes role from  FOLLOWER to FOLLOWER at term 223 for recognizeCandidate:f535bb4a-cba0-4f9b-9e3e-e4a48b3eda51
2019-10-18 11:24:41,411 [grpc-default-executor-3] INFO  impl.RoleInfo (RoleInfo.java:shutdownFollowerState(121)) - 54aabb14-4a7d-4ab3-adbe-2e67760b87f4: shutdown FollowerState
2019-10-18 11:24:41,411 [grpc-default-executor-3] INFO  impl.RoleInfo (RoleInfo.java:updateAndGet(143)) - 54aabb14-4a7d-4ab3-adbe-2e67760b87f4: start FollowerState
2019-10-18 11:24:41,411 [Thread-1356] INFO  impl.FollowerState (FollowerState.java:run(117)) - 54aabb14-4a7d-4ab3-adbe-2e67760b87f4@group-7E32184879DE-FollowerState was interrupted: java.lang.InterruptedException: sleep interrupted
2019-10-18 11:24:41,412 [grpc-default-executor-0] INFO  impl.RaftServerImpl (RaftServerImpl.java:setRole(184)) - c652e2ee-3322-4406-8db6-1ea643cb3197@group-7E32184879DE: changes role from  FOLLOWER to FOLLOWER at term 223 for recognizeCandidate:f535bb4a-cba0-4f9b-9e3e-e4a48b3eda51
2019-10-18 11:24:41,412 [grpc-default-executor-0] INFO  impl.RoleInfo (RoleInfo.java:shutdownFollowerState(121)) - c652e2ee-3322-4406-8db6-1ea643cb3197: shutdown FollowerState
2019-10-18 11:24:41,412 [grpc-default-executor-0] INFO  impl.RoleInfo (RoleInfo.java:updateAndGet(143)) - c652e2ee-3322-4406-8db6-1ea643cb3197: start FollowerState
2019-10-18 11:24:41,412 [Thread-1355] INFO  impl.FollowerState (FollowerState.java:run(117)) - c652e2ee-3322-4406-8db6-1ea643cb3197@group-7E32184879DE-FollowerState was interrupted: java.lang.InterruptedException: sleep interrupted
2019-10-18 11:24:41,416 [f535bb4a-cba0-4f9b-9e3e-e4a48b3eda51@group-7E32184879DE-LeaderElection188] INFO  impl.LeaderElection (LeaderElection.java:logAndReturn(56)) - f535bb4a-cba0-4f9b-9e3e-e4a48b3eda51@group-7E32184879DE-LeaderElection188: Election TIMEOUT; received 0 response(s) [] and 0 exception(s); f535bb4a-cba0-4f9b-9e3e-e4a48b3eda51@group-7E32184879DE:t223, leader=null, voted=f535bb4a-cba0-4f9b-9e3e-e4a48b3eda51, raftlog=f535bb4a-cba0-4f9b-9e3e-e4a48b3eda51@group-7E32184879DE-SegmentedRaftLog:OPENED:c-1,f-1,i0, conf=-1: [f535bb4a-cba0-4f9b-9e3e-e4a48b3eda51:0.0.0.0:44706, 54aabb14-4a7d-4ab3-adbe-2e67760b87f4:0.0.0.0:43074, c652e2ee-3322-4406-8db6-1ea643cb3197:0.0.0.0:42129], old=null
2019-10-18 11:24:41,434 [f535bb4a-cba0-4f9b-9e3e-e4a48b3eda51@group-7E32184879DE-LeaderElection188] INFO  impl.LeaderElection (LeaderElection.java:askForVotes(178)) - f535bb4a-cba0-4f9b-9e3e-e4a48b3eda51@group-7E32184879DE-LeaderElection188: begin an election at term 224 for -1: [f535bb4a-cba0-4f9b-9e3e-e4a48b3eda51:0.0.0.0:44706, 54aabb14-4a7d-4ab3-adbe-2e67760b87f4:0.0.0.0:43074, c652e2ee-3322-4406-8db6-1ea643cb3197:0.0.0.0:42129], old=null
2019-10-18 11:24:41,436 [grpc-default-executor-3] INFO  impl.RaftServerImpl (RaftServerImpl.java:setRole(184)) - 54aabb14-4a7d-4ab3-adbe-2e67760b87f4@group-7E32184879DE: changes role from  FOLLOWER to FOLLOWER at term 224 for recognizeCandidate:f535bb4a-cba0-4f9b-9e3e-e4a48b3eda51
2019-10-18 11:24:41,436 [grpc-default-executor-3] INFO  impl.RoleInfo (RoleInfo.java:shutdownFollowerState(121)) - 54aabb14-4a7d-4ab3-adbe-2e67760b87f4: shutdown FollowerState
2019-10-18 11:24:41,436 [grpc-default-executor-0] INFO  impl.RaftServerImpl (RaftServerImpl.java:setRole(184)) - c652e2ee-3322-4406-8db6-1ea643cb3197@group-7E32184879DE: changes role from  FOLLOWER to FOLLOWER at term 224 for recognizeCandidate:f535bb4a-cba0-4f9b-9e3e-e4a48b3eda51
2019-10-18 11:24:41,437 [Thread-1359] INFO  impl.FollowerState (FollowerState.java:run(117)) - 54aabb14-4a7d-4ab3-adbe-2e67760b87f4@group-7E32184879DE-FollowerState was interrupted: java.lang.InterruptedException: sleep interrupted
2019-10-18 11:24:41,436 [grpc-default-executor-3] INFO  impl.RoleInfo (RoleInfo.java:updateAndGet(143)) - 54aabb14-4a7d-4ab3-adbe-2e67760b87f4: start FollowerState
2019-10-18 11:24:41,437 [grpc-default-executor-0] INFO  impl.RoleInfo (RoleInfo.java:shutdownFollowerState(121)) - c652e2ee-3322-4406-8db6-1ea643cb3197: shutdown FollowerState
2019-10-18 11:24:41,437 [grpc-default-executor-0] INFO  impl.RoleInfo (RoleInfo.java:updateAndGet(143)) - c652e2ee-3322-4406-8db6-1ea643cb3197: start FollowerState
2019-10-18 11:24:41,437 [Thread-1360] INFO  impl.FollowerState (FollowerState.java:run(117)) - c652e2ee-3322-4406-8db6-1ea643cb3197@group-7E32184879DE-FollowerState was interrupted: java.lang.InterruptedException: sleep interrupted
2019-10-18 11:24:41,461 [f535bb4a-cba0-4f9b-9e3e-e4a48b3eda51@group-7E32184879DE-LeaderElection188] INFO  impl.LeaderElection (LeaderElection.java:logAndReturn(56)) - f535bb4a-cba0-4f9b-9e3e-e4a48b3eda51@group-7E32184879DE-LeaderElection188: Election REJECTED; received 2 response(s) [f535bb4a-cba0-4f9b-9e3e-e4a48b3eda51<-54aabb14-4a7d-4ab3-adbe-2e67760b87f4#0:FAIL-t224, f535bb4a-cba0-4f9b-9e3e-e4a48b3eda51<-c652e2ee-3322-4406-8db6-1ea643cb3197#0:FAIL-t224] and 0 exception(s); f535bb4a-cba0-4f9b-9e3e-e4a48b3eda51@group-7E32184879DE:t224, leader=null, voted=f535bb4a-cba0-4f9b-9e3e-e4a48b3eda51, raftlog=f535bb4a-cba0-4f9b-9e3e-e4a48b3eda51@group-7E32184879DE-SegmentedRaftLog:OPENED:c-1,f-1,i0, conf=-1: [f535bb4a-cba0-4f9b-9e3e-e4a48b3eda51:0.0.0.0:44706, 54aabb14-4a7d-4ab3-adbe-2e67760b87f4:0.0.0.0:43074, c652e2ee-3322-4406-8db6-1ea643cb3197:0.0.0.0:42129], old=null
2019-10-18 11:24:41,461 [f535bb4a-cba0-4f9b-9e3e-e4a48b3eda51@group-7E32184879DE-LeaderElection188] INFO  impl.RaftServerImpl (RaftServerImpl.java:setRole(184)) - f535bb4a-cba0-4f9b-9e3e-e4a48b3eda51@group-7E32184879DE: changes role from CANDIDATE to FOLLOWER at term 224 for DISCOVERED_A_NEW_TERM
2019-10-18 11:24:41,461 [f535bb4a-cba0-4f9b-9e3e-e4a48b3eda51@group-7E32184879DE-LeaderElection188] INFO  impl.RoleInfo (RoleInfo.java:shutdownLeaderElection(134)) - f535bb4a-cba0-4f9b-9e3e-e4a48b3eda51: shutdown LeaderElection
2019-10-18 11:24:41,461 [f535bb4a-cba0-4f9b-9e3e-e4a48b3eda51@group-7E32184879DE-LeaderElection188] INFO  impl.RoleInfo (RoleInfo.java:updateAndGet(143)) - f535bb4a-cba0-4f9b-9e3e-e4a48b3eda51: start FollowerState
2019-10-18 11:24:41,473 [Thread-1365] INFO  impl.FollowerState (FollowerState.java:run(108)) - f535bb4a-cba0-4f9b-9e3e-e4a48b3eda51@group-7E32184879DE-FollowerState: change to CANDIDATE, lastRpcTime:12ms, electionTimeout:12ms
2019-10-18 11:24:41,473 [Thread-1365] INFO  impl.RoleInfo (RoleInfo.java:shutdownFollowerState(121)) - f535bb4a-cba0-4f9b-9e3e-e4a48b3eda51: shutdown FollowerState
2019-10-18 11:24:41,474 [Thread-1365] INFO  impl.RaftServerImpl (RaftServerImpl.java:setRole(184)) - f535bb4a-cba0-4f9b-9e3e-e4a48b3eda51@group-7E32184879DE: changes role from  FOLLOWER to CANDIDATE at term 224 for changeToCandidate
2019-10-18 11:24:41,474 [Thread-1365] INFO  impl.RoleInfo (RoleInfo.java:updateAndGet(143)) - f535bb4a-cba0-4f9b-9e3e-e4a48b3eda51: start LeaderElection
2019-10-18 11:24:41,502 [f535bb4a-cba0-4f9b-9e3e-e4a48b3eda51@group-7E32184879DE-LeaderElection189] INFO  impl.LeaderElection (LeaderElection.java:askForVotes(178)) - f535bb4a-cba0-4f9b-9e3e-e4a48b3eda51@group-7E32184879DE-LeaderElection189: begin an election at term 225 for -1: [f535bb4a-cba0-4f9b-9e3e-e4a48b3eda51:0.0.0.0:44706, 54aabb14-4a7d-4ab3-adbe-2e67760b87f4:0.0.0.0:43074, c652e2ee-3322-4406-8db6-1ea643cb3197:0.0.0.0:42129], old=null
2019-10-18 11:24:41,504 [grpc-default-executor-3] INFO  impl.RaftServerImpl (RaftServerImpl.java:setRole(184)) - 54aabb14-4a7d-4ab3-adbe-2e67760b87f4@group-7E32184879DE: changes role from  FOLLOWER to FOLLOWER at term 225 for recognizeCandidate:f535bb4a-cba0-4f9b-9e3e-e4a48b3eda51
2019-10-18 11:24:41,504 [grpc-default-executor-3] INFO  impl.RoleInfo (RoleInfo.java:shutdownFollowerState(121)) - 54aabb14-4a7d-4ab3-adbe-2e67760b87f4: shutdown FollowerState
2019-10-18 11:24:41,504 [grpc-default-executor-3] INFO  impl.RoleInfo (RoleInfo.java:updateAndGet(143)) - 54aabb14-4a7d-4ab3-adbe-2e67760b87f4: start FollowerState
2019-10-18 11:24:41,504 [Thread-1363] INFO  impl.FollowerState (FollowerState.java:run(117)) - 54aabb14-4a7d-4ab3-adbe-2e67760b87f4@group-7E32184879DE-FollowerState was interrupted: java.lang.InterruptedException: sleep interrupted
2019-10-18 11:24:41,504 [grpc-default-executor-0] INFO  impl.RaftServerImpl (RaftServerImpl.java:setRole(184)) - c652e2ee-3322-4406-8db6-1ea643cb3197@group-7E32184879DE: changes role from  FOLLOWER to FOLLOWER at term 225 for recognizeCandidate:f535bb4a-cba0-4f9b-9e3e-e4a48b3eda51
2019-10-18 11:24:41,505 [grpc-default-executor-0] INFO  impl.RoleInfo (RoleInfo.java:shutdownFollowerState(121)) - c652e2ee-3322-4406-8db6-1ea643cb3197: shutdown FollowerState
2019-10-18 11:24:41,505 [grpc-default-executor-0] INFO  impl.RoleInfo (RoleInfo.java:updateAndGet(143)) - c652e2ee-3322-4406-8db6-1ea643cb3197: start FollowerState
2019-10-18 11:24:41,505 [Thread-1364] INFO  impl.FollowerState (FollowerState.java:run(117)) - c652e2ee-3322-4406-8db6-1ea643cb3197@group-7E32184879DE-FollowerState was interrupted: java.lang.InterruptedException: sleep interrupted
2019-10-18 11:24:41,528 [f535bb4a-cba0-4f9b-9e3e-e4a48b3eda51@group-7E32184879DE-LeaderElection189] INFO  impl.LeaderElection (LeaderElection.java:logAndReturn(56)) - f535bb4a-cba0-4f9b-9e3e-e4a48b3eda51@group-7E32184879DE-LeaderElection189: Election REJECTED; received 2 response(s) [f535bb4a-cba0-4f9b-9e3e-e4a48b3eda51<-54aabb14-4a7d-4ab3-adbe-2e67760b87f4#0:FAIL-t225, f535bb4a-cba0-4f9b-9e3e-e4a48b3eda51<-c652e2ee-3322-4406-8db6-1ea643cb3197#0:FAIL-t225] and 0 exception(s); f535bb4a-cba0-4f9b-9e3e-e4a48b3eda51@group-7E32184879DE:t225, leader=null, voted=f535bb4a-cba0-4f9b-9e3e-e4a48b3eda51, raftlog=f535bb4a-cba0-4f9b-9e3e-e4a48b3eda51@group-7E32184879DE-SegmentedRaftLog:OPENED:c-1,f-1,i0, conf=-1: [f535bb4a-cba0-4f9b-9e3e-e4a48b3eda51:0.0.0.0:44706, 54aabb14-4a7d-4ab3-adbe-2e67760b87f4:0.0.0.0:43074, c652e2ee-3322-4406-8db6-1ea643cb3197:0.0.0.0:42129], old=null
2019-10-18 11:24:41,528 [f535bb4a-cba0-4f9b-9e3e-e4a48b3eda51@group-7E32184879DE-LeaderElection189] INFO  impl.RaftServerImpl (RaftServerImpl.java:setRole(184)) - f535bb4a-cba0-4f9b-9e3e-e4a48b3eda51@group-7E32184879DE: changes role from CANDIDATE to FOLLOWER at term 225 for DISCOVERED_A_NEW_TERM
2019-10-18 11:24:41,528 [f535bb4a-cba0-4f9b-9e3e-e4a48b3eda51@group-7E32184879DE-LeaderElection189] INFO  impl.RoleInfo (RoleInfo.java:shutdownLeaderElection(134)) - f535bb4a-cba0-4f9b-9e3e-e4a48b3eda51: shutdown LeaderElection
2019-10-18 11:24:41,528 [f535bb4a-cba0-4f9b-9e3e-e4a48b3eda51@group-7E32184879DE-LeaderElection189] INFO  impl.RoleInfo (RoleInfo.java:updateAndGet(143)) - f535bb4a-cba0-4f9b-9e3e-e4a48b3eda51: start FollowerState
2019-10-18 11:24:41,571 [Thread-1371] INFO  impl.FollowerState (FollowerState.java:run(108)) - f535bb4a-cba0-4f9b-9e3e-e4a48b3eda51@group-7E32184879DE-FollowerState: change to CANDIDATE, lastRpcTime:42ms, electionTimeout:42ms
2019-10-18 11:24:41,571 [Thread-1371] INFO  impl.RoleInfo (RoleInfo.java:shutdownFollowerState(121)) - f535bb4a-cba0-4f9b-9e3e-e4a48b3eda51: shutdown FollowerState
2019-10-18 11:24:41,571 [Thread-1371] INFO  impl.RaftServerImpl (RaftServerImpl.java:setRole(184)) - f535bb4a-cba0-4f9b-9e3e-e4a48b3eda51@group-7E32184879DE: changes role from  FOLLOWER to CANDIDATE at term 225 for changeToCandidate
2019-10-18 11:24:41,571 [Thread-1371] INFO  impl.RoleInfo (RoleInfo.java:updateAndGet(143)) - f535bb4a-cba0-4f9b-9e3e-e4a48b3eda51: start LeaderElection
2019-10-18 11:24:41,594 [f535bb4a-cba0-4f9b-9e3e-e4a48b3eda51@group-7E32184879DE-LeaderElection190] INFO  impl.LeaderElection (LeaderElection.java:askForVotes(178)) - f535bb4a-cba0-4f9b-9e3e-e4a48b3eda51@group-7E32184879DE-LeaderElection190: begin an election at term 226 for -1: [f535bb4a-cba0-4f9b-9e3e-e4a48b3eda51:0.0.0.0:44706, 54aabb14-4a7d-4ab3-adbe-2e67760b87f4:0.0.0.0:43074, c652e2ee-3322-4406-8db6-1ea643cb3197:0.0.0.0:42129], old=null
2019-10-18 11:24:41,596 [grpc-default-executor-0] INFO  impl.RaftServerImpl (RaftServerImpl.java:setRole(184)) - 54aabb14-4a7d-4ab3-adbe-2e67760b87f4@group-7E32184879DE: changes role from  FOLLOWER to FOLLOWER at term 226 for recognizeCandidate:f535bb4a-cba0-4f9b-9e3e-e4a48b3eda51
2019-10-18 11:24:41,596 [grpc-default-executor-0] INFO  impl.RoleInfo (RoleInfo.java:shutdownFollowerState(121)) - 54aabb14-4a7d-4ab3-adbe-2e67760b87f4: shutdown FollowerState
2019-10-18 11:24:41,596 [grpc-default-executor-3] INFO  impl.RaftServerImpl (RaftServerImpl.java:setRole(184)) - c652e2ee-3322-4406-8db6-1ea643cb3197@group-7E32184879DE: changes role from  FOLLOWER to FOLLOWER at term 226 for recognizeCandidate:f535bb4a-cba0-4f9b-9e3e-e4a48b3eda51
2019-10-18 11:24:41,596 [Thread-1369] INFO  impl.FollowerState (FollowerState.java:run(117)) - 54aabb14-4a7d-4ab3-adbe-2e67760b87f4@group-7E32184879DE-FollowerState was interrupted: java.lang.InterruptedException: sleep interrupted
2019-10-18 11:24:41,596 [grpc-default-executor-0] INFO  impl.RoleInfo (RoleInfo.java:updateAndGet(143)) - 54aabb14-4a7d-4ab3-adbe-2e67760b87f4: start FollowerState
2019-10-18 11:24:41,597 [grpc-default-executor-3] INFO  impl.RoleInfo (RoleInfo.java:shutdownFollowerState(121)) - c652e2ee-3322-4406-8db6-1ea643cb3197: shutdown FollowerState
2019-10-18 11:24:41,597 [grpc-default-executor-3] INFO  impl.RoleInfo (RoleInfo.java:updateAndGet(143)) - c652e2ee-3322-4406-8db6-1ea643cb3197: start FollowerState
2019-10-18 11:24:41,597 [Thread-1370] INFO  impl.FollowerState (FollowerState.java:run(117)) - c652e2ee-3322-4406-8db6-1ea643cb3197@group-7E32184879DE-FollowerState was interrupted: java.lang.InterruptedException: sleep interrupted
2019-10-18 11:24:41,629 [f535bb4a-cba0-4f9b-9e3e-e4a48b3eda51@group-7E32184879DE-LeaderElection190] INFO  impl.LeaderElection (LeaderElection.java:logAndReturn(56)) - f535bb4a-cba0-4f9b-9e3e-e4a48b3eda51@group-7E32184879DE-LeaderElection190: Election REJECTED; received 2 response(s) [f535bb4a-cba0-4f9b-9e3e-e4a48b3eda51<-54aabb14-4a7d-4ab3-adbe-2e67760b87f4#0:FAIL-t226, f535bb4a-cba0-4f9b-9e3e-e4a48b3eda51<-c652e2ee-3322-4406-8db6-1ea643cb3197#0:FAIL-t226] and 0 exception(s); f535bb4a-cba0-4f9b-9e3e-e4a48b3eda51@group-7E32184879DE:t226, leader=null, voted=f535bb4a-cba0-4f9b-9e3e-e4a48b3eda51, raftlog=f535bb4a-cba0-4f9b-9e3e-e4a48b3eda51@group-7E32184879DE-SegmentedRaftLog:OPENED:c-1,f-1,i0, conf=-1: [f535bb4a-cba0-4f9b-9e3e-e4a48b3eda51:0.0.0.0:44706, 54aabb14-4a7d-4ab3-adbe-2e67760b87f4:0.0.0.0:43074, c652e2ee-3322-4406-8db6-1ea643cb3197:0.0.0.0:42129], old=null
2019-10-18 11:24:41,629 [f535bb4a-cba0-4f9b-9e3e-e4a48b3eda51@group-7E32184879DE-LeaderElection190] INFO  impl.RaftServerImpl (RaftServerImpl.java:setRole(184)) - f535bb4a-cba0-4f9b-9e3e-e4a48b3eda51@group-7E32184879DE: changes role from CANDIDATE to FOLLOWER at term 226 for DISCOVERED_A_NEW_TERM
2019-10-18 11:24:41,629 [f535bb4a-cba0-4f9b-9e3e-e4a48b3eda51@group-7E32184879DE-LeaderElection190] INFO  impl.RoleInfo (RoleInfo.java:shutdownLeaderElection(134)) - f535bb4a-cba0-4f9b-9e3e-e4a48b3eda51: shutdown LeaderElection
2019-10-18 11:24:41,629 [f535bb4a-cba0-4f9b-9e3e-e4a48b3eda51@group-7E32184879DE-LeaderElection190] INFO  impl.RoleInfo (RoleInfo.java:updateAndGet(143)) - f535bb4a-cba0-4f9b-9e3e-e4a48b3eda51: start FollowerState
2019-10-18 11:24:41,749 [Thread-1377] INFO  impl.FollowerState (FollowerState.java:run(108)) - f535bb4a-cba0-4f9b-9e3e-e4a48b3eda51@group-7E32184879DE-FollowerState: change to CANDIDATE, lastRpcTime:120ms, electionTimeout:120ms
2019-10-18 11:24:41,750 [Thread-1377] INFO  impl.RoleInfo (RoleInfo.java:shutdownFollowerState(121)) - f535bb4a-cba0-4f9b-9e3e-e4a48b3eda51: shutdown FollowerState
2019-10-18 11:24:41,750 [Thread-1377] INFO  impl.RaftServerImpl (RaftServerImpl.java:setRole(184)) - f535bb4a-cba0-4f9b-9e3e-e4a48b3eda51@group-7E32184879DE: changes role from  FOLLOWER to CANDIDATE at term 226 for changeToCandidate
2019-10-18 11:24:41,750 [Thread-1377] INFO  impl.RoleInfo (RoleInfo.java:updateAndGet(143)) - f535bb4a-cba0-4f9b-9e3e-e4a48b3eda51: start LeaderElection
2019-10-18 11:24:41,778 [f535bb4a-cba0-4f9b-9e3e-e4a48b3eda51@group-7E32184879DE-LeaderElection191] INFO  impl.LeaderElection (LeaderElection.java:askForVotes(178)) - f535bb4a-cba0-4f9b-9e3e-e4a48b3eda51@group-7E32184879DE-LeaderElection191: begin an election at term 227 for -1: [f535bb4a-cba0-4f9b-9e3e-e4a48b3eda51:0.0.0.0:44706, 54aabb14-4a7d-4ab3-adbe-2e67760b87f4:0.0.0.0:43074, c652e2ee-3322-4406-8db6-1ea643cb3197:0.0.0.0:42129], old=null
2019-10-18 11:24:41,781 [grpc-default-executor-0] INFO  impl.RaftServerImpl (RaftServerImpl.java:setRole(184)) - 54aabb14-4a7d-4ab3-adbe-2e67760b87f4@group-7E32184879DE: changes role from  FOLLOWER to FOLLOWER at term 227 for recognizeCandidate:f535bb4a-cba0-4f9b-9e3e-e4a48b3eda51
2019-10-18 11:24:41,781 [grpc-default-executor-0] INFO  impl.RoleInfo (RoleInfo.java:shutdownFollowerState(121)) - 54aabb14-4a7d-4ab3-adbe-2e67760b87f4: shutdown FollowerState
2019-10-18 11:24:41,781 [grpc-default-executor-3] INFO  impl.RaftServerImpl (RaftServerImpl.java:setRole(184)) - c652e2ee-3322-4406-8db6-1ea643cb3197@group-7E32184879DE: changes role from  FOLLOWER to FOLLOWER at term 227 for recognizeCandidate:f535bb4a-cba0-4f9b-9e3e-e4a48b3eda51
2019-10-18 11:24:41,781 [grpc-default-executor-0] INFO  impl.RoleInfo (RoleInfo.java:updateAndGet(143)) - 54aabb14-4a7d-4ab3-adbe-2e67760b87f4: start FollowerState
2019-10-18 11:24:41,781 [Thread-1375] INFO  impl.FollowerState (FollowerState.java:run(117)) - 54aabb14-4a7d-4ab3-adbe-2e67760b87f4@group-7E32184879DE-FollowerState was interrupted: java.lang.InterruptedException: sleep interrupted
2019-10-18 11:24:41,781 [grpc-default-executor-3] INFO  impl.RoleInfo (RoleInfo.java:shutdownFollowerState(121)) - c652e2ee-3322-4406-8db6-1ea643cb3197: shutdown FollowerState
2019-10-18 11:24:41,782 [grpc-default-executor-3] INFO  impl.RoleInfo (RoleInfo.java:updateAndGet(143)) - c652e2ee-3322-4406-8db6-1ea643cb3197: start FollowerState
2019-10-18 11:24:41,782 [Thread-1376] INFO  impl.FollowerState (FollowerState.java:run(117)) - c652e2ee-3322-4406-8db6-1ea643cb3197@group-7E32184879DE-FollowerState was interrupted: java.lang.InterruptedException: sleep interrupted
2019-10-18 11:24:41,804 [f535bb4a-cba0-4f9b-9e3e-e4a48b3eda51@group-7E32184879DE-LeaderElection191] INFO  impl.LeaderElection (LeaderElection.java:logAndReturn(56)) - f535bb4a-cba0-4f9b-9e3e-e4a48b3eda51@group-7E32184879DE-LeaderElection191: Election REJECTED; received 2 response(s) [f535bb4a-cba0-4f9b-9e3e-e4a48b3eda51<-54aabb14-4a7d-4ab3-adbe-2e67760b87f4#0:FAIL-t227, f535bb4a-cba0-4f9b-9e3e-e4a48b3eda51<-c652e2ee-3322-4406-8db6-1ea643cb3197#0:FAIL-t227] and 0 exception(s); f535bb4a-cba0-4f9b-9e3e-e4a48b3eda51@group-7E32184879DE:t227, leader=null, voted=f535bb4a-cba0-4f9b-9e3e-e4a48b3eda51, raftlog=f535bb4a-cba0-4f9b-9e3e-e4a48b3eda51@group-7E32184879DE-SegmentedRaftLog:OPENED:c-1,f-1,i0, conf=-1: [f535bb4a-cba0-4f9b-9e3e-e4a48b3eda51:0.0.0.0:44706, 54aabb14-4a7d-4ab3-adbe-2e67760b87f4:0.0.0.0:43074, c652e2ee-3322-4406-8db6-1ea643cb3197:0.0.0.0:42129], old=null
2019-10-18 11:24:41,804 [f535bb4a-cba0-4f9b-9e3e-e4a48b3eda51@group-7E32184879DE-LeaderElection191] INFO  impl.RaftServerImpl (RaftServerImpl.java:setRole(184)) - f535bb4a-cba0-4f9b-9e3e-e4a48b3eda51@group-7E32184879DE: changes role from CANDIDATE to FOLLOWER at term 227 for DISCOVERED_A_NEW_TERM
2019-10-18 11:24:41,805 [f535bb4a-cba0-4f9b-9e3e-e4a48b3eda51@group-7E32184879DE-LeaderElection191] INFO  impl.RoleInfo (RoleInfo.java:shutdownLeaderElection(134)) - f535bb4a-cba0-4f9b-9e3e-e4a48b3eda51: shutdown LeaderElection
2019-10-18 11:24:41,805 [f535bb4a-cba0-4f9b-9e3e-e4a48b3eda51@group-7E32184879DE-LeaderElection191] INFO  impl.RoleInfo (RoleInfo.java:updateAndGet(143)) - f535bb4a-cba0-4f9b-9e3e-e4a48b3eda51: start FollowerState
2019-10-18 11:24:41,930 [Thread-1383] INFO  impl.FollowerState (FollowerState.java:run(108)) - f535bb4a-cba0-4f9b-9e3e-e4a48b3eda51@group-7E32184879DE-FollowerState: change to CANDIDATE, lastRpcTime:125ms, electionTimeout:125ms
2019-10-18 11:24:41,930 [Thread-1383] INFO  impl.RoleInfo (RoleInfo.java:shutdownFollowerState(121)) - f535bb4a-cba0-4f9b-9e3e-e4a48b3eda51: shutdown FollowerState
2019-10-18 11:24:41,931 [Thread-1383] INFO  impl.RaftServerImpl (RaftServerImpl.java:setRole(184)) - f535bb4a-cba0-4f9b-9e3e-e4a48b3eda51@group-7E32184879DE: changes role from  FOLLOWER to CANDIDATE at term 227 for changeToCandidate
2019-10-18 11:24:41,931 [Thread-1383] INFO  impl.RoleInfo (RoleInfo.java:updateAndGet(143)) - f535bb4a-cba0-4f9b-9e3e-e4a48b3eda51: start LeaderElection
2019-10-18 11:24:41,954 [f535bb4a-cba0-4f9b-9e3e-e4a48b3eda51@group-7E32184879DE-LeaderElection192] INFO  impl.LeaderElection (LeaderElection.java:askForVotes(178)) - f535bb4a-cba0-4f9b-9e3e-e4a48b3eda51@group-7E32184879DE-LeaderElection192: begin an election at term 228 for -1: [f535bb4a-cba0-4f9b-9e3e-e4a48b3eda51:0.0.0.0:44706, 54aabb14-4a7d-4ab3-adbe-2e67760b87f4:0.0.0.0:43074, c652e2ee-3322-4406-8db6-1ea643cb3197:0.0.0.0:42129], old=null
2019-10-18 11:24:41,957 [grpc-default-executor-3] INFO  impl.RaftServerImpl (RaftServerImpl.java:setRole(184)) - 54aabb14-4a7d-4ab3-adbe-2e67760b87f4@group-7E32184879DE: changes role from  FOLLOWER to FOLLOWER at term 228 for recognizeCandidate:f535bb4a-cba0-4f9b-9e3e-e4a48b3eda51
2019-10-18 11:24:41,957 [grpc-default-executor-3] INFO  impl.RoleInfo (RoleInfo.java:shutdownFollowerState(121)) - 54aabb14-4a7d-4ab3-adbe-2e67760b87f4: shutdown FollowerState
2019-10-18 11:24:41,957 [grpc-default-executor-3] INFO  impl.RoleInfo (RoleInfo.java:updateAndGet(143)) - 54aabb14-4a7d-4ab3-adbe-2e67760b87f4: start FollowerState
2019-10-18 11:24:41,957 [Thread-1381] INFO  impl.FollowerState (FollowerState.java:run(117)) - 54aabb14-4a7d-4ab3-adbe-2e67760b87f4@group-7E32184879DE-FollowerState was interrupted: java.lang.InterruptedException: sleep interrupted
2019-10-18 11:24:41,957 [grpc-default-executor-0] INFO  impl.RaftServerImpl (RaftServerImpl.java:setRole(184)) - c652e2ee-3322-4406-8db6-1ea643cb3197@group-7E32184879DE: changes role from  FOLLOWER to FOLLOWER at term 228 for recognizeCandidate:f535bb4a-cba0-4f9b-9e3e-e4a48b3eda51
2019-10-18 11:24:41,957 [grpc-default-executor-0] INFO  impl.RoleInfo (RoleInfo.java:shutdownFollowerState(121)) - c652e2ee-3322-4406-8db6-1ea643cb3197: shutdown FollowerState
2019-10-18 11:24:41,958 [grpc-default-executor-0] INFO  impl.RoleInfo (RoleInfo.java:updateAndGet(143)) - c652e2ee-3322-4406-8db6-1ea643cb3197: start FollowerState
2019-10-18 11:24:41,958 [Thread-1382] INFO  impl.FollowerState (FollowerState.java:run(117)) - c652e2ee-3322-4406-8db6-1ea643cb3197@group-7E32184879DE-FollowerState was interrupted: java.lang.InterruptedException: sleep interrupted
2019-10-18 11:24:41,981 [f535bb4a-cba0-4f9b-9e3e-e4a48b3eda51@group-7E32184879DE-LeaderElection192] INFO  impl.LeaderElection (LeaderElection.java:logAndReturn(56)) - f535bb4a-cba0-4f9b-9e3e-e4a48b3eda51@group-7E32184879DE-LeaderElection192: Election REJECTED; received 2 response(s) [f535bb4a-cba0-4f9b-9e3e-e4a48b3eda51<-54aabb14-4a7d-4ab3-adbe-2e67760b87f4#0:FAIL-t228, f535bb4a-cba0-4f9b-9e3e-e4a48b3eda51<-c652e2ee-3322-4406-8db6-1ea643cb3197#0:FAIL-t228] and 0 exception(s); f535bb4a-cba0-4f9b-9e3e-e4a48b3eda51@group-7E32184879DE:t228, leader=null, voted=f535bb4a-cba0-4f9b-9e3e-e4a48b3eda51, raftlog=f535bb4a-cba0-4f9b-9e3e-e4a48b3eda51@group-7E32184879DE-SegmentedRaftLog:OPENED:c-1,f-1,i0, conf=-1: [f535bb4a-cba0-4f9b-9e3e-e4a48b3eda51:0.0.0.0:44706, 54aabb14-4a7d-4ab3-adbe-2e67760b87f4:0.0.0.0:43074, c652e2ee-3322-4406-8db6-1ea643cb3197:0.0.0.0:42129], old=null
2019-10-18 11:24:41,981 [f535bb4a-cba0-4f9b-9e3e-e4a48b3eda51@group-7E32184879DE-LeaderElection192] INFO  impl.RaftServerImpl (RaftServerImpl.java:setRole(184)) - f535bb4a-cba0-4f9b-9e3e-e4a48b3eda51@group-7E32184879DE: changes role from CANDIDATE to FOLLOWER at term 228 for DISCOVERED_A_NEW_TERM
2019-10-18 11:24:41,982 [f535bb4a-cba0-4f9b-9e3e-e4a48b3eda51@group-7E32184879DE-LeaderElection192] INFO  impl.RoleInfo (RoleInfo.java:shutdownLeaderElection(134)) - f535bb4a-cba0-4f9b-9e3e-e4a48b3eda51: shutdown LeaderElection
2019-10-18 11:24:41,982 [f535bb4a-cba0-4f9b-9e3e-e4a48b3eda51@group-7E32184879DE-LeaderElection192] INFO  impl.RoleInfo (RoleInfo.java:updateAndGet(143)) - f535bb4a-cba0-4f9b-9e3e-e4a48b3eda51: start FollowerState
2019-10-18 11:24:42,027 [Thread-1389] INFO  impl.FollowerState (FollowerState.java:run(108)) - f535bb4a-cba0-4f9b-9e3e-e4a48b3eda51@group-7E32184879DE-FollowerState: change to CANDIDATE, lastRpcTime:45ms, electionTimeout:45ms
2019-10-18 11:24:42,027 [Thread-1389] INFO  impl.RoleInfo (RoleInfo.java:shutdownFollowerState(121)) - f535bb4a-cba0-4f9b-9e3e-e4a48b3eda51: shutdown FollowerState
2019-10-18 11:24:42,028 [Thread-1389] INFO  impl.RaftServerImpl (RaftServerImpl.java:setRole(184)) - f535bb4a-cba0-4f9b-9e3e-e4a48b3eda51@group-7E32184879DE: changes role from  FOLLOWER to CANDIDATE at term 228 for changeToCandidate
2019-10-18 11:24:42,028 [Thread-1389] INFO  impl.RoleInfo (RoleInfo.java:updateAndGet(143)) - f535bb4a-cba0-4f9b-9e3e-e4a48b3eda51: start LeaderElection
2019-10-18 11:24:42,055 [f535bb4a-cba0-4f9b-9e3e-e4a48b3eda51@group-7E32184879DE-LeaderElection193] INFO  impl.LeaderElection (LeaderElection.java:askForVotes(178)) - f535bb4a-cba0-4f9b-9e3e-e4a48b3eda51@group-7E32184879DE-LeaderElection193: begin an election at term 229 for -1: [f535bb4a-cba0-4f9b-9e3e-e4a48b3eda51:0.0.0.0:44706, 54aabb14-4a7d-4ab3-adbe-2e67760b87f4:0.0.0.0:43074, c652e2ee-3322-4406-8db6-1ea643cb3197:0.0.0.0:42129], old=null
2019-10-18 11:24:42,057 [grpc-default-executor-0] INFO  impl.RaftServerImpl (RaftServerImpl.java:setRole(184)) - c652e2ee-3322-4406-8db6-1ea643cb3197@group-7E32184879DE: changes role from  FOLLOWER to FOLLOWER at term 229 for recognizeCandidate:f535bb4a-cba0-4f9b-9e3e-e4a48b3eda51
2019-10-18 11:24:42,057 [grpc-default-executor-3] INFO  impl.RaftServerImpl (RaftServerImpl.java:setRole(184)) - 54aabb14-4a7d-4ab3-adbe-2e67760b87f4@group-7E32184879DE: changes role from  FOLLOWER to FOLLOWER at term 229 for recognizeCandidate:f535bb4a-cba0-4f9b-9e3e-e4a48b3eda51
2019-10-18 11:24:42,057 [grpc-default-executor-0] INFO  impl.RoleInfo (RoleInfo.java:shutdownFollowerState(121)) - c652e2ee-3322-4406-8db6-1ea643cb3197: shutdown FollowerState
2019-10-18 11:24:42,057 [grpc-default-executor-3] INFO  impl.RoleInfo (RoleInfo.java:shutdownFollowerState(121)) - 54aabb14-4a7d-4ab3-adbe-2e67760b87f4: shutdown FollowerState
2019-10-18 11:24:42,058 [Thread-1388] INFO  impl.FollowerState (FollowerState.java:run(117)) - c652e2ee-3322-4406-8db6-1ea643cb3197@group-7E32184879DE-FollowerState was interrupted: java.lang.InterruptedException: sleep interrupted
2019-10-18 11:24:42,057 [grpc-default-executor-0] INFO  impl.RoleInfo (RoleInfo.java:updateAndGet(143)) - c652e2ee-3322-4406-8db6-1ea643cb3197: start FollowerState
2019-10-18 11:24:42,058 [Thread-1387] INFO  impl.FollowerState (FollowerState.java:run(117)) - 54aabb14-4a7d-4ab3-adbe-2e67760b87f4@group-7E32184879DE-FollowerState was interrupted: java.lang.InterruptedException: sleep interrupted
2019-10-18 11:24:42,058 [grpc-default-executor-3] INFO  impl.RoleInfo (RoleInfo.java:updateAndGet(143)) - 54aabb14-4a7d-4ab3-adbe-2e67760b87f4: start FollowerState
2019-10-18 11:24:42,081 [f535bb4a-cba0-4f9b-9e3e-e4a48b3eda51@group-7E32184879DE-LeaderElection193] INFO  impl.LeaderElection (LeaderElection.java:logAndReturn(56)) - f535bb4a-cba0-4f9b-9e3e-e4a48b3eda51@group-7E32184879DE-LeaderElection193: Election REJECTED; received 2 response(s) [f535bb4a-cba0-4f9b-9e3e-e4a48b3eda51<-54aabb14-4a7d-4ab3-adbe-2e67760b87f4#0:FAIL-t229, f535bb4a-cba0-4f9b-9e3e-e4a48b3eda51<-c652e2ee-3322-4406-8db6-1ea643cb3197#0:FAIL-t229] and 0 exception(s); f535bb4a-cba0-4f9b-9e3e-e4a48b3eda51@group-7E32184879DE:t229, leader=null, voted=f535bb4a-cba0-4f9b-9e3e-e4a48b3eda51, raftlog=f535bb4a-cba0-4f9b-9e3e-e4a48b3eda51@group-7E32184879DE-SegmentedRaftLog:OPENED:c-1,f-1,i0, conf=-1: [f535bb4a-cba0-4f9b-9e3e-e4a48b3eda51:0.0.0.0:44706, 54aabb14-4a7d-4ab3-adbe-2e67760b87f4:0.0.0.0:43074, c652e2ee-3322-4406-8db6-1ea643cb3197:0.0.0.0:42129], old=null
2019-10-18 11:24:42,081 [f535bb4a-cba0-4f9b-9e3e-e4a48b3eda51@group-7E32184879DE-LeaderElection193] INFO  impl.RaftServerImpl (RaftServerImpl.java:setRole(184)) - f535bb4a-cba0-4f9b-9e3e-e4a48b3eda51@group-7E32184879DE: changes role from CANDIDATE to FOLLOWER at term 229 for DISCOVERED_A_NEW_TERM
2019-10-18 11:24:42,081 [f535bb4a-cba0-4f9b-9e3e-e4a48b3eda51@group-7E32184879DE-LeaderElection193] INFO  impl.RoleInfo (RoleInfo.java:shutdownLeaderElection(134)) - f535bb4a-cba0-4f9b-9e3e-e4a48b3eda51: shutdown LeaderElection
2019-10-18 11:24:42,081 [f535bb4a-cba0-4f9b-9e3e-e4a48b3eda51@group-7E32184879DE-LeaderElection193] INFO  impl.RoleInfo (RoleInfo.java:updateAndGet(143)) - f535bb4a-cba0-4f9b-9e3e-e4a48b3eda51: start FollowerState
2019-10-18 11:24:42,165 [Thread-1395] INFO  impl.FollowerState (FollowerState.java:run(108)) - f535bb4a-cba0-4f9b-9e3e-e4a48b3eda51@group-7E32184879DE-FollowerState: change to CANDIDATE, lastRpcTime:83ms, electionTimeout:83ms
2019-10-18 11:24:42,165 [Thread-1395] INFO  impl.RoleInfo (RoleInfo.java:shutdownFollowerState(121)) - f535bb4a-cba0-4f9b-9e3e-e4a48b3eda51: shutdown FollowerState
2019-10-18 11:24:42,165 [Thread-1395] INFO  impl.RaftServerImpl (RaftServerImpl.java:setRole(184)) - f535bb4a-cba0-4f9b-9e3e-e4a48b3eda51@group-7E32184879DE: changes role from  FOLLOWER to CANDIDATE at term 229 for changeToCandidate
2019-10-18 11:24:42,165 [Thread-1395] INFO  impl.RoleInfo (RoleInfo.java:updateAndGet(143)) - f535bb4a-cba0-4f9b-9e3e-e4a48b3eda51: start LeaderElection
2019-10-18 11:24:42,189 [f535bb4a-cba0-4f9b-9e3e-e4a48b3eda51@group-7E32184879DE-LeaderElection194] INFO  impl.LeaderElection (LeaderElection.java:askForVotes(178)) - f535bb4a-cba0-4f9b-9e3e-e4a48b3eda51@group-7E32184879DE-LeaderElection194: begin an election at term 230 for -1: [f535bb4a-cba0-4f9b-9e3e-e4a48b3eda51:0.0.0.0:44706, 54aabb14-4a7d-4ab3-adbe-2e67760b87f4:0.0.0.0:43074, c652e2ee-3322-4406-8db6-1ea643cb3197:0.0.0.0:42129], old=null
2019-10-18 11:24:42,190 [grpc-default-executor-3] INFO  impl.RaftServerImpl (RaftServerImpl.java:setRole(184)) - c652e2ee-3322-4406-8db6-1ea643cb3197@group-7E32184879DE: changes role from  FOLLOWER to FOLLOWER at term 230 for recognizeCandidate:f535bb4a-cba0-4f9b-9e3e-e4a48b3eda51
2019-10-18 11:24:42,190 [grpc-default-executor-3] INFO  impl.RoleInfo (RoleInfo.java:shutdownFollowerState(121)) - c652e2ee-3322-4406-8db6-1ea643cb3197: shutdown FollowerState
2019-10-18 11:24:42,190 [grpc-default-executor-3] INFO  impl.RoleInfo (RoleInfo.java:updateAndGet(143)) - c652e2ee-3322-4406-8db6-1ea643cb3197: start FollowerState
2019-10-18 11:24:42,191 [Thread-1393] INFO  impl.FollowerState (FollowerState.java:run(117)) - c652e2ee-3322-4406-8db6-1ea643cb3197@group-7E32184879DE-FollowerState was interrupted: java.lang.InterruptedException: sleep interrupted
2019-10-18 11:24:42,191 [grpc-default-executor-0] INFO  impl.RaftServerImpl (RaftServerImpl.java:setRole(184)) - 54aabb14-4a7d-4ab3-adbe-2e67760b87f4@group-7E32184879DE: changes role from  FOLLOWER to FOLLOWER at term 230 for recognizeCandidate:f535bb4a-cba0-4f9b-9e3e-e4a48b3eda51
2019-10-18 11:24:42,191 [grpc-default-executor-0] INFO  impl.RoleInfo (RoleInfo.java:shutdownFollowerState(121)) - 54aabb14-4a7d-4ab3-adbe-2e67760b87f4: shutdown FollowerState
2019-10-18 11:24:42,191 [grpc-default-executor-0] INFO  impl.RoleInfo (RoleInfo.java:updateAndGet(143)) - 54aabb14-4a7d-4ab3-adbe-2e67760b87f4: start FollowerState
2019-10-18 11:24:42,191 [Thread-1394] INFO  impl.FollowerState (FollowerState.java:run(117)) - 54aabb14-4a7d-4ab3-adbe-2e67760b87f4@group-7E32184879DE-FollowerState was interrupted: java.lang.InterruptedException: sleep interrupted
2019-10-18 11:24:42,215 [f535bb4a-cba0-4f9b-9e3e-e4a48b3eda51@group-7E32184879DE-LeaderElection194] INFO  impl.LeaderElection (LeaderElection.java:logAndReturn(56)) - f535bb4a-cba0-4f9b-9e3e-e4a48b3eda51@group-7E32184879DE-LeaderElection194: Election REJECTED; received 2 response(s) [f535bb4a-cba0-4f9b-9e3e-e4a48b3eda51<-54aabb14-4a7d-4ab3-adbe-2e67760b87f4#0:FAIL-t230, f535bb4a-cba0-4f9b-9e3e-e4a48b3eda51<-c652e2ee-3322-4406-8db6-1ea643cb3197#0:FAIL-t230] and 0 exception(s); f535bb4a-cba0-4f9b-9e3e-e4a48b3eda51@group-7E32184879DE:t230, leader=null, voted=f535bb4a-cba0-4f9b-9e3e-e4a48b3eda51, raftlog=f535bb4a-cba0-4f9b-9e3e-e4a48b3eda51@group-7E32184879DE-SegmentedRaftLog:OPENED:c-1,f-1,i0, conf=-1: [f535bb4a-cba0-4f9b-9e3e-e4a48b3eda51:0.0.0.0:44706, 54aabb14-4a7d-4ab3-adbe-2e67760b87f4:0.0.0.0:43074, c652e2ee-3322-4406-8db6-1ea643cb3197:0.0.0.0:42129], old=null
2019-10-18 11:24:42,215 [f535bb4a-cba0-4f9b-9e3e-e4a48b3eda51@group-7E32184879DE-LeaderElection194] INFO  impl.RaftServerImpl (RaftServerImpl.java:setRole(184)) - f535bb4a-cba0-4f9b-9e3e-e4a48b3eda51@group-7E32184879DE: changes role from CANDIDATE to FOLLOWER at term 230 for DISCOVERED_A_NEW_TERM
2019-10-18 11:24:42,215 [f535bb4a-cba0-4f9b-9e3e-e4a48b3eda51@group-7E32184879DE-LeaderElection194] INFO  impl.RoleInfo (RoleInfo.java:shutdownLeaderElection(134)) - f535bb4a-cba0-4f9b-9e3e-e4a48b3eda51: shutdown LeaderElection
2019-10-18 11:24:42,215 [f535bb4a-cba0-4f9b-9e3e-e4a48b3eda51@group-7E32184879DE-LeaderElection194] INFO  impl.RoleInfo (RoleInfo.java:updateAndGet(143)) - f535bb4a-cba0-4f9b-9e3e-e4a48b3eda51: start FollowerState
2019-10-18 11:24:42,275 [Thread-1401] INFO  impl.FollowerState (FollowerState.java:run(108)) - f535bb4a-cba0-4f9b-9e3e-e4a48b3eda51@group-7E32184879DE-FollowerState: change to CANDIDATE, lastRpcTime:59ms, electionTimeout:59ms
2019-10-18 11:24:42,275 [Thread-1401] INFO  impl.RoleInfo (RoleInfo.java:shutdownFollowerState(121)) - f535bb4a-cba0-4f9b-9e3e-e4a48b3eda51: shutdown FollowerState
2019-10-18 11:24:42,275 [Thread-1401] INFO  impl.RaftServerImpl (RaftServerImpl.java:setRole(184)) - f535bb4a-cba0-4f9b-9e3e-e4a48b3eda51@group-7E32184879DE: changes role from  FOLLOWER to CANDIDATE at term 230 for changeToCandidate
2019-10-18 11:24:42,275 [Thread-1401] INFO  impl.RoleInfo (RoleInfo.java:updateAndGet(143)) - f535bb4a-cba0-4f9b-9e3e-e4a48b3eda51: start LeaderElection
2019-10-18 11:24:42,298 [f535bb4a-cba0-4f9b-9e3e-e4a48b3eda51@group-7E32184879DE-LeaderElection195] INFO  impl.LeaderElection (LeaderElection.java:askForVotes(178)) - f535bb4a-cba0-4f9b-9e3e-e4a48b3eda51@group-7E32184879DE-LeaderElection195: begin an election at term 231 for -1: [f535bb4a-cba0-4f9b-9e3e-e4a48b3eda51:0.0.0.0:44706, 54aabb14-4a7d-4ab3-adbe-2e67760b87f4:0.0.0.0:43074, c652e2ee-3322-4406-8db6-1ea643cb3197:0.0.0.0:42129], old=null
2019-10-18 11:24:42,300 [grpc-default-executor-0] INFO  impl.RaftServerImpl (RaftServerImpl.java:setRole(184)) - 54aabb14-4a7d-4ab3-adbe-2e67760b87f4@group-7E32184879DE: changes role from  FOLLOWER to FOLLOWER at term 231 for recognizeCandidate:f535bb4a-cba0-4f9b-9e3e-e4a48b3eda51
2019-10-18 11:24:42,300 [grpc-default-executor-0] INFO  impl.RoleInfo (RoleInfo.java:shutdownFollowerState(121)) - 54aabb14-4a7d-4ab3-adbe-2e67760b87f4: shutdown FollowerState
2019-10-18 11:24:42,300 [grpc-default-executor-0] INFO  impl.RoleInfo (RoleInfo.java:updateAndGet(143)) - 54aabb14-4a7d-4ab3-adbe-2e67760b87f4: start FollowerState
2019-10-18 11:24:42,300 [Thread-1400] INFO  impl.FollowerState (FollowerState.java:run(117)) - 54aabb14-4a7d-4ab3-adbe-2e67760b87f4@group-7E32184879DE-FollowerState was interrupted: java.lang.InterruptedException: sleep interrupted
2019-10-18 11:24:42,300 [grpc-default-executor-3] INFO  impl.RaftServerImpl (RaftServerImpl.java:setRole(184)) - c652e2ee-3322-4406-8db6-1ea643cb3197@group-7E32184879DE: changes role from  FOLLOWER to FOLLOWER at term 231 for recognizeCandidate:f535bb4a-cba0-4f9b-9e3e-e4a48b3eda51
2019-10-18 11:24:42,300 [grpc-default-executor-3] INFO  impl.RoleInfo (RoleInfo.java:shutdownFollowerState(121)) - c652e2ee-3322-4406-8db6-1ea643cb3197: shutdown FollowerState
2019-10-18 11:24:42,300 [grpc-default-executor-3] INFO  impl.RoleInfo (RoleInfo.java:updateAndGet(143)) - c652e2ee-3322-4406-8db6-1ea643cb3197: start FollowerState
2019-10-18 11:24:42,300 [Thread-1399] INFO  impl.FollowerState (FollowerState.java:run(117)) - c652e2ee-3322-4406-8db6-1ea643cb3197@group-7E32184879DE-FollowerState was interrupted: java.lang.InterruptedException: sleep interrupted
2019-10-18 11:24:42,324 [f535bb4a-cba0-4f9b-9e3e-e4a48b3eda51@group-7E32184879DE-LeaderElection195] INFO  impl.LeaderElection (LeaderElection.java:logAndReturn(56)) - f535bb4a-cba0-4f9b-9e3e-e4a48b3eda51@group-7E32184879DE-LeaderElection195: Election REJECTED; received 2 response(s) [f535bb4a-cba0-4f9b-9e3e-e4a48b3eda51<-54aabb14-4a7d-4ab3-adbe-2e67760b87f4#0:FAIL-t231, f535bb4a-cba0-4f9b-9e3e-e4a48b3eda51<-c652e2ee-3322-4406-8db6-1ea643cb3197#0:FAIL-t231] and 0 exception(s); f535bb4a-cba0-4f9b-9e3e-e4a48b3eda51@group-7E32184879DE:t231, leader=null, voted=f535bb4a-cba0-4f9b-9e3e-e4a48b3eda51, raftlog=f535bb4a-cba0-4f9b-9e3e-e4a48b3eda51@group-7E32184879DE-SegmentedRaftLog:OPENED:c-1,f-1,i0, conf=-1: [f535bb4a-cba0-4f9b-9e3e-e4a48b3eda51:0.0.0.0:44706, 54aabb14-4a7d-4ab3-adbe-2e67760b87f4:0.0.0.0:43074, c652e2ee-3322-4406-8db6-1ea643cb3197:0.0.0.0:42129], old=null
2019-10-18 11:24:42,324 [f535bb4a-cba0-4f9b-9e3e-e4a48b3eda51@group-7E32184879DE-LeaderElection195] INFO  impl.RaftServerImpl (RaftServerImpl.java:setRole(184)) - f535bb4a-cba0-4f9b-9e3e-e4a48b3eda51@group-7E32184879DE: changes role from CANDIDATE to FOLLOWER at term 231 for DISCOVERED_A_NEW_TERM
2019-10-18 11:24:42,324 [f535bb4a-cba0-4f9b-9e3e-e4a48b3eda51@group-7E32184879DE-LeaderElection195] INFO  impl.RoleInfo (RoleInfo.java:shutdownLeaderElection(134)) - f535bb4a-cba0-4f9b-9e3e-e4a48b3eda51: shutdown LeaderElection
2019-10-18 11:24:42,324 [f535bb4a-cba0-4f9b-9e3e-e4a48b3eda51@group-7E32184879DE-LeaderElection195] INFO  impl.RoleInfo (RoleInfo.java:updateAndGet(143)) - f535bb4a-cba0-4f9b-9e3e-e4a48b3eda51: start FollowerState
2019-10-18 11:24:42,432 [Thread-1409] INFO  impl.FollowerState (FollowerState.java:run(108)) - f535bb4a-cba0-4f9b-9e3e-e4a48b3eda51@group-7E32184879DE-FollowerState: change to CANDIDATE, lastRpcTime:108ms, electionTimeout:108ms
2019-10-18 11:24:42,433 [Thread-1409] INFO  impl.RoleInfo (RoleInfo.java:shutdownFollowerState(121)) - f535bb4a-cba0-4f9b-9e3e-e4a48b3eda51: shutdown FollowerState
2019-10-18 11:24:42,433 [Thread-1409] INFO  impl.RaftServerImpl (RaftServerImpl.java:setRole(184)) - f535bb4a-cba0-4f9b-9e3e-e4a48b3eda51@group-7E32184879DE: changes role from  FOLLOWER to CANDIDATE at term 231 for changeToCandidate
2019-10-18 11:24:42,433 [Thread-1409] INFO  impl.RoleInfo (RoleInfo.java:updateAndGet(143)) - f535bb4a-cba0-4f9b-9e3e-e4a48b3eda51: start LeaderElection
2019-10-18 11:24:42,457 [f535bb4a-cba0-4f9b-9e3e-e4a48b3eda51@group-7E32184879DE-LeaderElection196] INFO  impl.LeaderElection (LeaderElection.java:askForVotes(178)) - f535bb4a-cba0-4f9b-9e3e-e4a48b3eda51@group-7E32184879DE-LeaderElection196: begin an election at term 232 for -1: [f535bb4a-cba0-4f9b-9e3e-e4a48b3eda51:0.0.0.0:44706, 54aabb14-4a7d-4ab3-adbe-2e67760b87f4:0.0.0.0:43074, c652e2ee-3322-4406-8db6-1ea643cb3197:0.0.0.0:42129], old=null
2019-10-18 11:24:42,459 [grpc-default-executor-3] INFO  impl.RaftServerImpl (RaftServerImpl.java:setRole(184)) - 54aabb14-4a7d-4ab3-adbe-2e67760b87f4@group-7E32184879DE: changes role from  FOLLOWER to FOLLOWER at term 232 for recognizeCandidate:f535bb4a-cba0-4f9b-9e3e-e4a48b3eda51
2019-10-18 11:24:42,460 [grpc-default-executor-3] INFO  impl.RoleInfo (RoleInfo.java:shutdownFollowerState(121)) - 54aabb14-4a7d-4ab3-adbe-2e67760b87f4: shutdown FollowerState
2019-10-18 11:24:42,459 [grpc-default-executor-0] INFO  impl.RaftServerImpl (RaftServerImpl.java:setRole(184)) - c652e2ee-3322-4406-8db6-1ea643cb3197@group-7E32184879DE: changes role from  FOLLOWER to FOLLOWER at term 232 for recognizeCandidate:f535bb4a-cba0-4f9b-9e3e-e4a48b3eda51
2019-10-18 11:24:42,460 [Thread-1407] INFO  impl.FollowerState (FollowerState.java:run(117)) - 54aabb14-4a7d-4ab3-adbe-2e67760b87f4@group-7E32184879DE-FollowerState was interrupted: java.lang.InterruptedException: sleep interrupted
2019-10-18 11:24:42,460 [grpc-default-executor-3] INFO  impl.RoleInfo (RoleInfo.java:updateAndGet(143)) - 54aabb14-4a7d-4ab3-adbe-2e67760b87f4: start FollowerState
2019-10-18 11:24:42,460 [grpc-default-executor-0] INFO  impl.RoleInfo (RoleInfo.java:shutdownFollowerState(121)) - c652e2ee-3322-4406-8db6-1ea643cb3197: shutdown FollowerState
2019-10-18 11:24:42,460 [grpc-default-executor-0] INFO  impl.RoleInfo (RoleInfo.java:updateAndGet(143)) - c652e2ee-3322-4406-8db6-1ea643cb3197: start FollowerState
2019-10-18 11:24:42,460 [Thread-1408] INFO  impl.FollowerState (FollowerState.java:run(117)) - c652e2ee-3322-4406-8db6-1ea643cb3197@group-7E32184879DE-FollowerState was interrupted: java.lang.InterruptedException: sleep interrupted
2019-10-18 11:24:42,483 [f535bb4a-cba0-4f9b-9e3e-e4a48b3eda51@group-7E32184879DE-LeaderElection196] INFO  impl.LeaderElection (LeaderElection.java:logAndReturn(56)) - f535bb4a-cba0-4f9b-9e3e-e4a48b3eda51@group-7E32184879DE-LeaderElection196: Election REJECTED; received 2 response(s) [f535bb4a-cba0-4f9b-9e3e-e4a48b3eda51<-54aabb14-4a7d-4ab3-adbe-2e67760b87f4#0:FAIL-t232, f535bb4a-cba0-4f9b-9e3e-e4a48b3eda51<-c652e2ee-3322-4406-8db6-1ea643cb3197#0:FAIL-t232] and 0 exception(s); f535bb4a-cba0-4f9b-9e3e-e4a48b3eda51@group-7E32184879DE:t232, leader=null, voted=f535bb4a-cba0-4f9b-9e3e-e4a48b3eda51, raftlog=f535bb4a-cba0-4f9b-9e3e-e4a48b3eda51@group-7E32184879DE-SegmentedRaftLog:OPENED:c-1,f-1,i0, conf=-1: [f535bb4a-cba0-4f9b-9e3e-e4a48b3eda51:0.0.0.0:44706, 54aabb14-4a7d-4ab3-adbe-2e67760b87f4:0.0.0.0:43074, c652e2ee-3322-4406-8db6-1ea643cb3197:0.0.0.0:42129], old=null
2019-10-18 11:24:42,483 [f535bb4a-cba0-4f9b-9e3e-e4a48b3eda51@group-7E32184879DE-LeaderElection196] INFO  impl.RaftServerImpl (RaftServerImpl.java:setRole(184)) - f535bb4a-cba0-4f9b-9e3e-e4a48b3eda51@group-7E32184879DE: changes role from CANDIDATE to FOLLOWER at term 232 for DISCOVERED_A_NEW_TERM
2019-10-18 11:24:42,484 [f535bb4a-cba0-4f9b-9e3e-e4a48b3eda51@group-7E32184879DE-LeaderElection196] INFO  impl.RoleInfo (RoleInfo.java:shutdownLeaderElection(134)) - f535bb4a-cba0-4f9b-9e3e-e4a48b3eda51: shutdown LeaderElection
2019-10-18 11:24:42,484 [f535bb4a-cba0-4f9b-9e3e-e4a48b3eda51@group-7E32184879DE-LeaderElection196] INFO  impl.RoleInfo (RoleInfo.java:updateAndGet(143)) - f535bb4a-cba0-4f9b-9e3e-e4a48b3eda51: start FollowerState
2019-10-18 11:24:42,591 [Thread-1415] INFO  impl.FollowerState (FollowerState.java:run(108)) - f535bb4a-cba0-4f9b-9e3e-e4a48b3eda51@group-7E32184879DE-FollowerState: change to CANDIDATE, lastRpcTime:107ms, electionTimeout:107ms
2019-10-18 11:24:42,591 [Thread-1415] INFO  impl.RoleInfo (RoleInfo.java:shutdownFollowerState(121)) - f535bb4a-cba0-4f9b-9e3e-e4a48b3eda51: shutdown FollowerState
2019-10-18 11:24:42,591 [Thread-1415] INFO  impl.RaftServerImpl (RaftServerImpl.java:setRole(184)) - f535bb4a-cba0-4f9b-9e3e-e4a48b3eda51@group-7E32184879DE: changes role from  FOLLOWER to CANDIDATE at term 232 for changeToCandidate
2019-10-18 11:24:42,592 [Thread-1415] INFO  impl.RoleInfo (RoleInfo.java:updateAndGet(143)) - f535bb4a-cba0-4f9b-9e3e-e4a48b3eda51: start LeaderElection
2019-10-18 11:24:42,616 [f535bb4a-cba0-4f9b-9e3e-e4a48b3eda51@group-7E32184879DE-LeaderElection197] INFO  impl.LeaderElection (LeaderElection.java:askForVotes(178)) - f535bb4a-cba0-4f9b-9e3e-e4a48b3eda51@group-7E32184879DE-LeaderElection197: begin an election at term 233 for -1: [f535bb4a-cba0-4f9b-9e3e-e4a48b3eda51:0.0.0.0:44706, 54aabb14-4a7d-4ab3-adbe-2e67760b87f4:0.0.0.0:43074, c652e2ee-3322-4406-8db6-1ea643cb3197:0.0.0.0:42129], old=null
2019-10-18 11:24:42,618 [grpc-default-executor-3] INFO  impl.RaftServerImpl (RaftServerImpl.java:setRole(184)) - 54aabb14-4a7d-4ab3-adbe-2e67760b87f4@group-7E32184879DE: changes role from  FOLLOWER to FOLLOWER at term 233 for recognizeCandidate:f535bb4a-cba0-4f9b-9e3e-e4a48b3eda51
2019-10-18 11:24:42,618 [grpc-default-executor-3] INFO  impl.RoleInfo (RoleInfo.java:shutdownFollowerState(121)) - 54aabb14-4a7d-4ab3-adbe-2e67760b87f4: shutdown FollowerState
2019-10-18 11:24:42,618 [grpc-default-executor-0] INFO  impl.RaftServerImpl (RaftServerImpl.java:setRole(184)) - c652e2ee-3322-4406-8db6-1ea643cb3197@group-7E32184879DE: changes role from  FOLLOWER to FOLLOWER at term 233 for recognizeCandidate:f535bb4a-cba0-4f9b-9e3e-e4a48b3eda51
2019-10-18 11:24:42,619 [grpc-default-executor-0] INFO  impl.RoleInfo (RoleInfo.java:shutdownFollowerState(121)) - c652e2ee-3322-4406-8db6-1ea643cb3197: shutdown FollowerState
2019-10-18 11:24:42,619 [Thread-1413] INFO  impl.FollowerState (FollowerState.java:run(117)) - 54aabb14-4a7d-4ab3-adbe-2e67760b87f4@group-7E32184879DE-FollowerState was interrupted: java.lang.InterruptedException: sleep interrupted
2019-10-18 11:24:42,619 [grpc-default-executor-3] INFO  impl.RoleInfo (RoleInfo.java:updateAndGet(143)) - 54aabb14-4a7d-4ab3-adbe-2e67760b87f4: start FollowerState
2019-10-18 11:24:42,619 [Thread-1414] INFO  impl.FollowerState (FollowerState.java:run(117)) - c652e2ee-3322-4406-8db6-1ea643cb3197@group-7E32184879DE-FollowerState was interrupted: java.lang.InterruptedException: sleep interrupted
2019-10-18 11:24:42,619 [grpc-default-executor-0] INFO  impl.RoleInfo (RoleInfo.java:updateAndGet(143)) - c652e2ee-3322-4406-8db6-1ea643cb3197: start FollowerState
2019-10-18 11:24:42,642 [f535bb4a-cba0-4f9b-9e3e-e4a48b3eda51@group-7E32184879DE-LeaderElection197] INFO  impl.LeaderElection (LeaderElection.java:logAndReturn(56)) - f535bb4a-cba0-4f9b-9e3e-e4a48b3eda51@group-7E32184879DE-LeaderElection197: Election REJECTED; received 2 response(s) [f535bb4a-cba0-4f9b-9e3e-e4a48b3eda51<-54aabb14-4a7d-4ab3-adbe-2e67760b87f4#0:FAIL-t233, f535bb4a-cba0-4f9b-9e3e-e4a48b3eda51<-c652e2ee-3322-4406-8db6-1ea643cb3197#0:FAIL-t233] and 0 exception(s); f535bb4a-cba0-4f9b-9e3e-e4a48b3eda51@group-7E32184879DE:t233, leader=null, voted=f535bb4a-cba0-4f9b-9e3e-e4a48b3eda51, raftlog=f535bb4a-cba0-4f9b-9e3e-e4a48b3eda51@group-7E32184879DE-SegmentedRaftLog:OPENED:c-1,f-1,i0, conf=-1: [f535bb4a-cba0-4f9b-9e3e-e4a48b3eda51:0.0.0.0:44706, 54aabb14-4a7d-4ab3-adbe-2e67760b87f4:0.0.0.0:43074, c652e2ee-3322-4406-8db6-1ea643cb3197:0.0.0.0:42129], old=null
2019-10-18 11:24:42,642 [f535bb4a-cba0-4f9b-9e3e-e4a48b3eda51@group-7E32184879DE-LeaderElection197] INFO  impl.RaftServerImpl (RaftServerImpl.java:setRole(184)) - f535bb4a-cba0-4f9b-9e3e-e4a48b3eda51@group-7E32184879DE: changes role from CANDIDATE to FOLLOWER at term 233 for DISCOVERED_A_NEW_TERM
2019-10-18 11:24:42,642 [f535bb4a-cba0-4f9b-9e3e-e4a48b3eda51@group-7E32184879DE-LeaderElection197] INFO  impl.RoleInfo (RoleInfo.java:shutdownLeaderElection(134)) - f535bb4a-cba0-4f9b-9e3e-e4a48b3eda51: shutdown LeaderElection
2019-10-18 11:24:42,643 [f535bb4a-cba0-4f9b-9e3e-e4a48b3eda51@group-7E32184879DE-LeaderElection197] INFO  impl.RoleInfo (RoleInfo.java:updateAndGet(143)) - f535bb4a-cba0-4f9b-9e3e-e4a48b3eda51: start FollowerState
2019-10-18 11:24:42,700 [Thread-1421] INFO  impl.FollowerState (FollowerState.java:run(108)) - f535bb4a-cba0-4f9b-9e3e-e4a48b3eda51@group-7E32184879DE-FollowerState: change to CANDIDATE, lastRpcTime:57ms, electionTimeout:57ms
2019-10-18 11:24:42,700 [Thread-1421] INFO  impl.RoleInfo (RoleInfo.java:shutdownFollowerState(121)) - f535bb4a-cba0-4f9b-9e3e-e4a48b3eda51: shutdown FollowerState
2019-10-18 11:24:42,700 [Thread-1421] INFO  impl.RaftServerImpl (RaftServerImpl.java:setRole(184)) - f535bb4a-cba0-4f9b-9e3e-e4a48b3eda51@group-7E32184879DE: changes role from  FOLLOWER to CANDIDATE at term 233 for changeToCandidate
2019-10-18 11:24:42,700 [Thread-1421] INFO  impl.RoleInfo (RoleInfo.java:updateAndGet(143)) - f535bb4a-cba0-4f9b-9e3e-e4a48b3eda51: start LeaderElection
2019-10-18 11:24:42,725 [f535bb4a-cba0-4f9b-9e3e-e4a48b3eda51@group-7E32184879DE-LeaderElection198] INFO  impl.LeaderElection (LeaderElection.java:askForVotes(178)) - f535bb4a-cba0-4f9b-9e3e-e4a48b3eda51@group-7E32184879DE-LeaderElection198: begin an election at term 234 for -1: [f535bb4a-cba0-4f9b-9e3e-e4a48b3eda51:0.0.0.0:44706, 54aabb14-4a7d-4ab3-adbe-2e67760b87f4:0.0.0.0:43074, c652e2ee-3322-4406-8db6-1ea643cb3197:0.0.0.0:42129], old=null
2019-10-18 11:24:42,728 [grpc-default-executor-0] INFO  impl.RaftServerImpl (RaftServerImpl.java:setRole(184)) - c652e2ee-3322-4406-8db6-1ea643cb3197@group-7E32184879DE: changes role from  FOLLOWER to FOLLOWER at term 234 for recognizeCandidate:f535bb4a-cba0-4f9b-9e3e-e4a48b3eda51
2019-10-18 11:24:42,728 [grpc-default-executor-3] INFO  impl.RaftServerImpl (RaftServerImpl.java:setRole(184)) - 54aabb14-4a7d-4ab3-adbe-2e67760b87f4@group-7E32184879DE: changes role from  FOLLOWER to FOLLOWER at term 234 for recognizeCandidate:f535bb4a-cba0-4f9b-9e3e-e4a48b3eda51
2019-10-18 11:24:42,728 [grpc-default-executor-0] INFO  impl.RoleInfo (RoleInfo.java:shutdownFollowerState(121)) - c652e2ee-3322-4406-8db6-1ea643cb3197: shutdown FollowerState
2019-10-18 11:24:42,728 [grpc-default-executor-3] INFO  impl.RoleInfo (RoleInfo.java:shutdownFollowerState(121)) - 54aabb14-4a7d-4ab3-adbe-2e67760b87f4: shutdown FollowerState
2019-10-18 11:24:42,729 [Thread-1420] INFO  impl.FollowerState (FollowerState.java:run(117)) - c652e2ee-3322-4406-8db6-1ea643cb3197@group-7E32184879DE-FollowerState was interrupted: java.lang.InterruptedException: sleep interrupted
2019-10-18 11:24:42,729 [grpc-default-executor-0] INFO  impl.RoleInfo (RoleInfo.java:updateAndGet(143)) - c652e2ee-3322-4406-8db6-1ea643cb3197: start FollowerState
2019-10-18 11:24:42,729 [Thread-1419] INFO  impl.FollowerState (FollowerState.java:run(117)) - 54aabb14-4a7d-4ab3-adbe-2e67760b87f4@group-7E32184879DE-FollowerState was interrupted: java.lang.InterruptedException: sleep interrupted
2019-10-18 11:24:42,729 [grpc-default-executor-3] INFO  impl.RoleInfo (RoleInfo.java:updateAndGet(143)) - 54aabb14-4a7d-4ab3-adbe-2e67760b87f4: start FollowerState
2019-10-18 11:24:42,752 [f535bb4a-cba0-4f9b-9e3e-e4a48b3eda51@group-7E32184879DE-LeaderElection198] INFO  impl.LeaderElection (LeaderElection.java:logAndReturn(56)) - f535bb4a-cba0-4f9b-9e3e-e4a48b3eda51@group-7E32184879DE-LeaderElection198: Election REJECTED; received 2 response(s) [f535bb4a-cba0-4f9b-9e3e-e4a48b3eda51<-54aabb14-4a7d-4ab3-adbe-2e67760b87f4#0:FAIL-t234, f535bb4a-cba0-4f9b-9e3e-e4a48b3eda51<-c652e2ee-3322-4406-8db6-1ea643cb3197#0:FAIL-t234] and 0 exception(s); f535bb4a-cba0-4f9b-9e3e-e4a48b3eda51@group-7E32184879DE:t234, leader=null, voted=f535bb4a-cba0-4f9b-9e3e-e4a48b3eda51, raftlog=f535bb4a-cba0-4f9b-9e3e-e4a48b3eda51@group-7E32184879DE-SegmentedRaftLog:OPENED:c-1,f-1,i0, conf=-1: [f535bb4a-cba0-4f9b-9e3e-e4a48b3eda51:0.0.0.0:44706, 54aabb14-4a7d-4ab3-adbe-2e67760b87f4:0.0.0.0:43074, c652e2ee-3322-4406-8db6-1ea643cb3197:0.0.0.0:42129], old=null
2019-10-18 11:24:42,752 [f535bb4a-cba0-4f9b-9e3e-e4a48b3eda51@group-7E32184879DE-LeaderElection198] INFO  impl.RaftServerImpl (RaftServerImpl.java:setRole(184)) - f535bb4a-cba0-4f9b-9e3e-e4a48b3eda51@group-7E32184879DE: changes role from CANDIDATE to FOLLOWER at term 234 for DISCOVERED_A_NEW_TERM
2019-10-18 11:24:42,753 [f535bb4a-cba0-4f9b-9e3e-e4a48b3eda51@group-7E32184879DE-LeaderElection198] INFO  impl.RoleInfo (RoleInfo.java:shutdownLeaderElection(134)) - f535bb4a-cba0-4f9b-9e3e-e4a48b3eda51: shutdown LeaderElection
2019-10-18 11:24:42,753 [f535bb4a-cba0-4f9b-9e3e-e4a48b3eda51@group-7E32184879DE-LeaderElection198] INFO  impl.RoleInfo (RoleInfo.java:updateAndGet(143)) - f535bb4a-cba0-4f9b-9e3e-e4a48b3eda51: start FollowerState
2019-10-18 11:24:42,878 [Thread-1427] INFO  impl.FollowerState (FollowerState.java:run(108)) - f535bb4a-cba0-4f9b-9e3e-e4a48b3eda51@group-7E32184879DE-FollowerState: change to CANDIDATE, lastRpcTime:125ms, electionTimeout:125ms
2019-10-18 11:24:42,878 [Thread-1427] INFO  impl.RoleInfo (RoleInfo.java:shutdownFollowerState(121)) - f535bb4a-cba0-4f9b-9e3e-e4a48b3eda51: shutdown FollowerState
2019-10-18 11:24:42,879 [Thread-1427] INFO  impl.RaftServerImpl (RaftServerImpl.java:setRole(184)) - f535bb4a-cba0-4f9b-9e3e-e4a48b3eda51@group-7E32184879DE: changes role from  FOLLOWER to CANDIDATE at term 234 for changeToCandidate
2019-10-18 11:24:42,879 [Thread-1427] INFO  impl.RoleInfo (RoleInfo.java:updateAndGet(143)) - f535bb4a-cba0-4f9b-9e3e-e4a48b3eda51: start LeaderElection
2019-10-18 11:24:42,910 [f535bb4a-cba0-4f9b-9e3e-e4a48b3eda51@group-7E32184879DE-LeaderElection199] INFO  impl.LeaderElection (LeaderElection.java:askForVotes(178)) - f535bb4a-cba0-4f9b-9e3e-e4a48b3eda51@group-7E32184879DE-LeaderElection199: begin an election at term 235 for -1: [f535bb4a-cba0-4f9b-9e3e-e4a48b3eda51:0.0.0.0:44706, 54aabb14-4a7d-4ab3-adbe-2e67760b87f4:0.0.0.0:43074, c652e2ee-3322-4406-8db6-1ea643cb3197:0.0.0.0:42129], old=null
2019-10-18 11:24:42,913 [grpc-default-executor-3] INFO  impl.RaftServerImpl (RaftServerImpl.java:setRole(184)) - c652e2ee-3322-4406-8db6-1ea643cb3197@group-7E32184879DE: changes role from  FOLLOWER to FOLLOWER at term 235 for recognizeCandidate:f535bb4a-cba0-4f9b-9e3e-e4a48b3eda51
2019-10-18 11:24:42,913 [grpc-default-executor-3] INFO  impl.RoleInfo (RoleInfo.java:shutdownFollowerState(121)) - c652e2ee-3322-4406-8db6-1ea643cb3197: shutdown FollowerState
2019-10-18 11:24:42,914 [grpc-default-executor-3] INFO  impl.RoleInfo (RoleInfo.java:updateAndGet(143)) - c652e2ee-3322-4406-8db6-1ea643cb3197: start FollowerState
2019-10-18 11:24:42,914 [Thread-1425] INFO  impl.FollowerState (FollowerState.java:run(117)) - c652e2ee-3322-4406-8db6-1ea643cb3197@group-7E32184879DE-FollowerState was interrupted: java.lang.InterruptedException: sleep interrupted
2019-10-18 11:24:42,914 [grpc-default-executor-0] INFO  impl.RaftServerImpl (RaftServerImpl.java:setRole(184)) - 54aabb14-4a7d-4ab3-adbe-2e67760b87f4@group-7E32184879DE: changes role from  FOLLOWER to FOLLOWER at term 235 for recognizeCandidate:f535bb4a-cba0-4f9b-9e3e-e4a48b3eda51
2019-10-18 11:24:42,914 [grpc-default-executor-0] INFO  impl.RoleInfo (RoleInfo.java:shutdownFollowerState(121)) - 54aabb14-4a7d-4ab3-adbe-2e67760b87f4: shutdown FollowerState
2019-10-18 11:24:42,914 [grpc-default-executor-0] INFO  impl.RoleInfo (RoleInfo.java:updateAndGet(143)) - 54aabb14-4a7d-4ab3-adbe-2e67760b87f4: start FollowerState
2019-10-18 11:24:42,914 [Thread-1426] INFO  impl.FollowerState (FollowerState.java:run(117)) - 54aabb14-4a7d-4ab3-adbe-2e67760b87f4@group-7E32184879DE-FollowerState was interrupted: java.lang.InterruptedException: sleep interrupted
2019-10-18 11:24:42,928 [f535bb4a-cba0-4f9b-9e3e-e4a48b3eda51@group-7E32184879DE-LeaderElection199] INFO  impl.LeaderElection (LeaderElection.java:logAndReturn(56)) - f535bb4a-cba0-4f9b-9e3e-e4a48b3eda51@group-7E32184879DE-LeaderElection199: Election REJECTED; received 2 response(s) [f535bb4a-cba0-4f9b-9e3e-e4a48b3eda51<-54aabb14-4a7d-4ab3-adbe-2e67760b87f4#0:FAIL-t235, f535bb4a-cba0-4f9b-9e3e-e4a48b3eda51<-c652e2ee-3322-4406-8db6-1ea643cb3197#0:FAIL-t235] and 0 exception(s); f535bb4a-cba0-4f9b-9e3e-e4a48b3eda51@group-7E32184879DE:t235, leader=null, voted=f535bb4a-cba0-4f9b-9e3e-e4a48b3eda51, raftlog=f535bb4a-cba0-4f9b-9e3e-e4a48b3eda51@group-7E32184879DE-SegmentedRaftLog:OPENED:c-1,f-1,i0, conf=-1: [f535bb4a-cba0-4f9b-9e3e-e4a48b3eda51:0.0.0.0:44706, 54aabb14-4a7d-4ab3-adbe-2e67760b87f4:0.0.0.0:43074, c652e2ee-3322-4406-8db6-1ea643cb3197:0.0.0.0:42129], old=null
2019-10-18 11:24:42,928 [f535bb4a-cba0-4f9b-9e3e-e4a48b3eda51@group-7E32184879DE-LeaderElection199] INFO  impl.RaftServerImpl (RaftServerImpl.java:setRole(184)) - f535bb4a-cba0-4f9b-9e3e-e4a48b3eda51@group-7E32184879DE: changes role from CANDIDATE to FOLLOWER at term 235 for DISCOVERED_A_NEW_TERM
2019-10-18 11:24:42,928 [f535bb4a-cba0-4f9b-9e3e-e4a48b3eda51@group-7E32184879DE-LeaderElection199] INFO  impl.RoleInfo (RoleInfo.java:shutdownLeaderElection(134)) - f535bb4a-cba0-4f9b-9e3e-e4a48b3eda51: shutdown LeaderElection
2019-10-18 11:24:42,928 [f535bb4a-cba0-4f9b-9e3e-e4a48b3eda51@group-7E32184879DE-LeaderElection199] INFO  impl.RoleInfo (RoleInfo.java:updateAndGet(143)) - f535bb4a-cba0-4f9b-9e3e-e4a48b3eda51: start FollowerState
2019-10-18 11:24:42,930 [Thread-1433] INFO  impl.FollowerState (FollowerState.java:run(108)) - f535bb4a-cba0-4f9b-9e3e-e4a48b3eda51@group-7E32184879DE-FollowerState: change to CANDIDATE, lastRpcTime:1ms, electionTimeout:1ms
2019-10-18 11:24:42,930 [Thread-1433] INFO  impl.RoleInfo (RoleInfo.java:shutdownFollowerState(121)) - f535bb4a-cba0-4f9b-9e3e-e4a48b3eda51: shutdown FollowerState
2019-10-18 11:24:42,930 [Thread-1433] INFO  impl.RaftServerImpl (RaftServerImpl.java:setRole(184)) - f535bb4a-cba0-4f9b-9e3e-e4a48b3eda51@group-7E32184879DE: changes role from  FOLLOWER to CANDIDATE at term 235 for changeToCandidate
2019-10-18 11:24:42,930 [Thread-1433] INFO  impl.RoleInfo (RoleInfo.java:updateAndGet(143)) - f535bb4a-cba0-4f9b-9e3e-e4a48b3eda51: start LeaderElection
2019-10-18 11:24:42,944 [f535bb4a-cba0-4f9b-9e3e-e4a48b3eda51@group-7E32184879DE-LeaderElection200] INFO  impl.LeaderElection (LeaderElection.java:askForVotes(178)) - f535bb4a-cba0-4f9b-9e3e-e4a48b3eda51@group-7E32184879DE-LeaderElection200: begin an election at term 236 for -1: [f535bb4a-cba0-4f9b-9e3e-e4a48b3eda51:0.0.0.0:44706, 54aabb14-4a7d-4ab3-adbe-2e67760b87f4:0.0.0.0:43074, c652e2ee-3322-4406-8db6-1ea643cb3197:0.0.0.0:42129], old=null
2019-10-18 11:24:42,947 [grpc-default-executor-3] INFO  impl.RaftServerImpl (RaftServerImpl.java:setRole(184)) - 54aabb14-4a7d-4ab3-adbe-2e67760b87f4@group-7E32184879DE: changes role from  FOLLOWER to FOLLOWER at term 236 for recognizeCandidate:f535bb4a-cba0-4f9b-9e3e-e4a48b3eda51
2019-10-18 11:24:42,947 [grpc-default-executor-0] INFO  impl.RaftServerImpl (RaftServerImpl.java:setRole(184)) - c652e2ee-3322-4406-8db6-1ea643cb3197@group-7E32184879DE: changes role from  FOLLOWER to FOLLOWER at term 236 for recognizeCandidate:f535bb4a-cba0-4f9b-9e3e-e4a48b3eda51
2019-10-18 11:24:42,947 [grpc-default-executor-3] INFO  impl.RoleInfo (RoleInfo.java:shutdownFollowerState(121)) - 54aabb14-4a7d-4ab3-adbe-2e67760b87f4: shutdown FollowerState
2019-10-18 11:24:42,947 [grpc-default-executor-0] INFO  impl.RoleInfo (RoleInfo.java:shutdownFollowerState(121)) - c652e2ee-3322-4406-8db6-1ea643cb3197: shutdown FollowerState
2019-10-18 11:24:42,947 [Thread-1432] INFO  impl.FollowerState (FollowerState.java:run(117)) - 54aabb14-4a7d-4ab3-adbe-2e67760b87f4@group-7E32184879DE-FollowerState was interrupted: java.lang.InterruptedException: sleep interrupted
2019-10-18 11:24:42,947 [grpc-default-executor-3] INFO  impl.RoleInfo (RoleInfo.java:updateAndGet(143)) - 54aabb14-4a7d-4ab3-adbe-2e67760b87f4: start FollowerState
2019-10-18 11:24:42,947 [Thread-1431] INFO  impl.FollowerState (FollowerState.java:run(117)) - c652e2ee-3322-4406-8db6-1ea643cb3197@group-7E32184879DE-FollowerState was interrupted: java.lang.InterruptedException: sleep interrupted
2019-10-18 11:24:42,947 [grpc-default-executor-0] INFO  impl.RoleInfo (RoleInfo.java:updateAndGet(143)) - c652e2ee-3322-4406-8db6-1ea643cb3197: start FollowerState
2019-10-18 11:24:42,962 [f535bb4a-cba0-4f9b-9e3e-e4a48b3eda51@group-7E32184879DE-LeaderElection200] INFO  impl.LeaderElection (LeaderElection.java:logAndReturn(56)) - f535bb4a-cba0-4f9b-9e3e-e4a48b3eda51@group-7E32184879DE-LeaderElection200: Election REJECTED; received 2 response(s) [f535bb4a-cba0-4f9b-9e3e-e4a48b3eda51<-54aabb14-4a7d-4ab3-adbe-2e67760b87f4#0:FAIL-t236, f535bb4a-cba0-4f9b-9e3e-e4a48b3eda51<-c652e2ee-3322-4406-8db6-1ea643cb3197#0:FAIL-t236] and 0 exception(s); f535bb4a-cba0-4f9b-9e3e-e4a48b3eda51@group-7E32184879DE:t236, leader=null, voted=f535bb4a-cba0-4f9b-9e3e-e4a48b3eda51, raftlog=f535bb4a-cba0-4f9b-9e3e-e4a48b3eda51@group-7E32184879DE-SegmentedRaftLog:OPENED:c-1,f-1,i0, conf=-1: [f535bb4a-cba0-4f9b-9e3e-e4a48b3eda51:0.0.0.0:44706, 54aabb14-4a7d-4ab3-adbe-2e67760b87f4:0.0.0.0:43074, c652e2ee-3322-4406-8db6-1ea643cb3197:0.0.0.0:42129], old=null
2019-10-18 11:24:42,962 [f535bb4a-cba0-4f9b-9e3e-e4a48b3eda51@group-7E32184879DE-LeaderElection200] INFO  impl.RaftServerImpl (RaftServerImpl.java:setRole(184)) - f535bb4a-cba0-4f9b-9e3e-e4a48b3eda51@group-7E32184879DE: changes role from CANDIDATE to FOLLOWER at term 236 for DISCOVERED_A_NEW_TERM
2019-10-18 11:24:42,962 [f535bb4a-cba0-4f9b-9e3e-e4a48b3eda51@group-7E32184879DE-LeaderElection200] INFO  impl.RoleInfo (RoleInfo.java:shutdownLeaderElection(134)) - f535bb4a-cba0-4f9b-9e3e-e4a48b3eda51: shutdown LeaderElection
2019-10-18 11:24:42,962 [f535bb4a-cba0-4f9b-9e3e-e4a48b3eda51@group-7E32184879DE-LeaderElection200] INFO  impl.RoleInfo (RoleInfo.java:updateAndGet(143)) - f535bb4a-cba0-4f9b-9e3e-e4a48b3eda51: start FollowerState
2019-10-18 11:24:43,064 [Thread-1439] INFO  impl.FollowerState (FollowerState.java:run(108)) - f535bb4a-cba0-4f9b-9e3e-e4a48b3eda51@group-7E32184879DE-FollowerState: change to CANDIDATE, lastRpcTime:101ms, electionTimeout:101ms
2019-10-18 11:24:43,064 [Thread-1439] INFO  impl.RoleInfo (RoleInfo.java:shutdownFollowerState(121)) - f535bb4a-cba0-4f9b-9e3e-e4a48b3eda51: shutdown FollowerState
2019-10-18 11:24:43,064 [Thread-1439] INFO  impl.RaftServerImpl (RaftServerImpl.java:setRole(184)) - f535bb4a-cba0-4f9b-9e3e-e4a48b3eda51@group-7E32184879DE: changes role from  FOLLOWER to CANDIDATE at term 236 for changeToCandidate
2019-10-18 11:24:43,064 [Thread-1439] INFO  impl.RoleInfo (RoleInfo.java:updateAndGet(143)) - f535bb4a-cba0-4f9b-9e3e-e4a48b3eda51: start LeaderElection
2019-10-18 11:24:43,078 [f535bb4a-cba0-4f9b-9e3e-e4a48b3eda51@group-7E32184879DE-LeaderElection201] INFO  impl.LeaderElection (LeaderElection.java:askForVotes(178)) - f535bb4a-cba0-4f9b-9e3e-e4a48b3eda51@group-7E32184879DE-LeaderElection201: begin an election at term 237 for -1: [f535bb4a-cba0-4f9b-9e3e-e4a48b3eda51:0.0.0.0:44706, 54aabb14-4a7d-4ab3-adbe-2e67760b87f4:0.0.0.0:43074, c652e2ee-3322-4406-8db6-1ea643cb3197:0.0.0.0:42129], old=null
2019-10-18 11:24:43,081 [grpc-default-executor-3] INFO  impl.RaftServerImpl (RaftServerImpl.java:setRole(184)) - 54aabb14-4a7d-4ab3-adbe-2e67760b87f4@group-7E32184879DE: changes role from  FOLLOWER to FOLLOWER at term 237 for recognizeCandidate:f535bb4a-cba0-4f9b-9e3e-e4a48b3eda51
2019-10-18 11:24:43,082 [grpc-default-executor-3] INFO  impl.RoleInfo (RoleInfo.java:shutdownFollowerState(121)) - 54aabb14-4a7d-4ab3-adbe-2e67760b87f4: shutdown FollowerState
2019-10-18 11:24:43,082 [grpc-default-executor-0] INFO  impl.RaftServerImpl (RaftServerImpl.java:setRole(184)) - c652e2ee-3322-4406-8db6-1ea643cb3197@group-7E32184879DE: changes role from  FOLLOWER to FOLLOWER at term 237 for recognizeCandidate:f535bb4a-cba0-4f9b-9e3e-e4a48b3eda51
2019-10-18 11:24:43,082 [Thread-1437] INFO  impl.FollowerState (FollowerState.java:run(117)) - 54aabb14-4a7d-4ab3-adbe-2e67760b87f4@group-7E32184879DE-FollowerState was interrupted: java.lang.InterruptedException: sleep interrupted
2019-10-18 11:24:43,082 [grpc-default-executor-3] INFO  impl.RoleInfo (RoleInfo.java:updateAndGet(143)) - 54aabb14-4a7d-4ab3-adbe-2e67760b87f4: start FollowerState
2019-10-18 11:24:43,082 [grpc-default-executor-0] INFO  impl.RoleInfo (RoleInfo.java:shutdownFollowerState(121)) - c652e2ee-3322-4406-8db6-1ea643cb3197: shutdown FollowerState
2019-10-18 11:24:43,082 [grpc-default-executor-0] INFO  impl.RoleInfo (RoleInfo.java:updateAndGet(143)) - c652e2ee-3322-4406-8db6-1ea643cb3197: start FollowerState
2019-10-18 11:24:43,082 [Thread-1438] INFO  impl.FollowerState (FollowerState.java:run(117)) - c652e2ee-3322-4406-8db6-1ea643cb3197@group-7E32184879DE-FollowerState was interrupted: java.lang.InterruptedException: sleep interrupted
2019-10-18 11:24:43,096 [f535bb4a-cba0-4f9b-9e3e-e4a48b3eda51@group-7E32184879DE-LeaderElection201] INFO  impl.LeaderElection (LeaderElection.java:logAndReturn(56)) - f535bb4a-cba0-4f9b-9e3e-e4a48b3eda51@group-7E32184879DE-LeaderElection201: Election REJECTED; received 2 response(s) [f535bb4a-cba0-4f9b-9e3e-e4a48b3eda51<-54aabb14-4a7d-4ab3-adbe-2e67760b87f4#0:FAIL-t237, f535bb4a-cba0-4f9b-9e3e-e4a48b3eda51<-c652e2ee-3322-4406-8db6-1ea643cb3197#0:FAIL-t237] and 0 exception(s); f535bb4a-cba0-4f9b-9e3e-e4a48b3eda51@group-7E32184879DE:t237, leader=null, voted=f535bb4a-cba0-4f9b-9e3e-e4a48b3eda51, raftlog=f535bb4a-cba0-4f9b-9e3e-e4a48b3eda51@group-7E32184879DE-SegmentedRaftLog:OPENED:c-1,f-1,i0, conf=-1: [f535bb4a-cba0-4f9b-9e3e-e4a48b3eda51:0.0.0.0:44706, 54aabb14-4a7d-4ab3-adbe-2e67760b87f4:0.0.0.0:43074, c652e2ee-3322-4406-8db6-1ea643cb3197:0.0.0.0:42129], old=null
2019-10-18 11:24:43,097 [f535bb4a-cba0-4f9b-9e3e-e4a48b3eda51@group-7E32184879DE-LeaderElection201] INFO  impl.RaftServerImpl (RaftServerImpl.java:setRole(184)) - f535bb4a-cba0-4f9b-9e3e-e4a48b3eda51@group-7E32184879DE: changes role from CANDIDATE to FOLLOWER at term 237 for DISCOVERED_A_NEW_TERM
2019-10-18 11:24:43,097 [f535bb4a-cba0-4f9b-9e3e-e4a48b3eda51@group-7E32184879DE-LeaderElection201] INFO  impl.RoleInfo (RoleInfo.java:shutdownLeaderElection(134)) - f535bb4a-cba0-4f9b-9e3e-e4a48b3eda51: shutdown LeaderElection
2019-10-18 11:24:43,097 [f535bb4a-cba0-4f9b-9e3e-e4a48b3eda51@group-7E32184879DE-LeaderElection201] INFO  impl.RoleInfo (RoleInfo.java:updateAndGet(143)) - f535bb4a-cba0-4f9b-9e3e-e4a48b3eda51: start FollowerState
2019-10-18 11:24:43,282 [Thread-1445] INFO  impl.FollowerState (FollowerState.java:run(108)) - f535bb4a-cba0-4f9b-9e3e-e4a48b3eda51@group-7E32184879DE-FollowerState: change to CANDIDATE, lastRpcTime:185ms, electionTimeout:185ms
2019-10-18 11:24:43,283 [Thread-1445] INFO  impl.RoleInfo (RoleInfo.java:shutdownFollowerState(121)) - f535bb4a-cba0-4f9b-9e3e-e4a48b3eda51: shutdown FollowerState
2019-10-18 11:24:43,283 [Thread-1445] INFO  impl.RaftServerImpl (RaftServerImpl.java:setRole(184)) - f535bb4a-cba0-4f9b-9e3e-e4a48b3eda51@group-7E32184879DE: changes role from  FOLLOWER to CANDIDATE at term 237 for changeToCandidate
2019-10-18 11:24:43,283 [Thread-1445] INFO  impl.RoleInfo (RoleInfo.java:updateAndGet(143)) - f535bb4a-cba0-4f9b-9e3e-e4a48b3eda51: start LeaderElection
2019-10-18 11:24:43,312 [f535bb4a-cba0-4f9b-9e3e-e4a48b3eda51@group-7E32184879DE-LeaderElection202] INFO  impl.LeaderElection (LeaderElection.java:askForVotes(178)) - f535bb4a-cba0-4f9b-9e3e-e4a48b3eda51@group-7E32184879DE-LeaderElection202: begin an election at term 238 for -1: [f535bb4a-cba0-4f9b-9e3e-e4a48b3eda51:0.0.0.0:44706, 54aabb14-4a7d-4ab3-adbe-2e67760b87f4:0.0.0.0:43074, c652e2ee-3322-4406-8db6-1ea643cb3197:0.0.0.0:42129], old=null
2019-10-18 11:24:43,315 [grpc-default-executor-0] INFO  impl.RaftServerImpl (RaftServerImpl.java:setRole(184)) - c652e2ee-3322-4406-8db6-1ea643cb3197@group-7E32184879DE: changes role from  FOLLOWER to FOLLOWER at term 238 for recognizeCandidate:f535bb4a-cba0-4f9b-9e3e-e4a48b3eda51
2019-10-18 11:24:43,315 [grpc-default-executor-0] INFO  impl.RoleInfo (RoleInfo.java:shutdownFollowerState(121)) - c652e2ee-3322-4406-8db6-1ea643cb3197: shutdown FollowerState
2019-10-18 11:24:43,315 [grpc-default-executor-3] INFO  impl.RaftServerImpl (RaftServerImpl.java:setRole(184)) - 54aabb14-4a7d-4ab3-adbe-2e67760b87f4@group-7E32184879DE: changes role from  FOLLOWER to FOLLOWER at term 238 for recognizeCandidate:f535bb4a-cba0-4f9b-9e3e-e4a48b3eda51
2019-10-18 11:24:43,315 [Thread-1444] INFO  impl.FollowerState (FollowerState.java:run(117)) - c652e2ee-3322-4406-8db6-1ea643cb3197@group-7E32184879DE-FollowerState was interrupted: java.lang.InterruptedException: sleep interrupted
2019-10-18 11:24:43,315 [grpc-default-executor-0] INFO  impl.RoleInfo (RoleInfo.java:updateAndGet(143)) - c652e2ee-3322-4406-8db6-1ea643cb3197: start FollowerState
2019-10-18 11:24:43,315 [grpc-default-executor-3] INFO  impl.RoleInfo (RoleInfo.java:shutdownFollowerState(121)) - 54aabb14-4a7d-4ab3-adbe-2e67760b87f4: shutdown FollowerState
2019-10-18 11:24:43,316 [grpc-default-executor-3] INFO  impl.RoleInfo (RoleInfo.java:updateAndGet(143)) - 54aabb14-4a7d-4ab3-adbe-2e67760b87f4: start FollowerState
2019-10-18 11:24:43,316 [Thread-1443] INFO  impl.FollowerState (FollowerState.java:run(117)) - 54aabb14-4a7d-4ab3-adbe-2e67760b87f4@group-7E32184879DE-FollowerState was interrupted: java.lang.InterruptedException: sleep interrupted
2019-10-18 11:24:43,338 [f535bb4a-cba0-4f9b-9e3e-e4a48b3eda51@group-7E32184879DE-LeaderElection202] INFO  impl.LeaderElection (LeaderElection.java:logAndReturn(56)) - f535bb4a-cba0-4f9b-9e3e-e4a48b3eda51@group-7E32184879DE-LeaderElection202: Election REJECTED; received 2 response(s) [f535bb4a-cba0-4f9b-9e3e-e4a48b3eda51<-54aabb14-4a7d-4ab3-adbe-2e67760b87f4#0:FAIL-t238, f535bb4a-cba0-4f9b-9e3e-e4a48b3eda51<-c652e2ee-3322-4406-8db6-1ea643cb3197#0:FAIL-t238] and 0 exception(s); f535bb4a-cba0-4f9b-9e3e-e4a48b3eda51@group-7E32184879DE:t238, leader=null, voted=f535bb4a-cba0-4f9b-9e3e-e4a48b3eda51, raftlog=f535bb4a-cba0-4f9b-9e3e-e4a48b3eda51@group-7E32184879DE-SegmentedRaftLog:OPENED:c-1,f-1,i0, conf=-1: [f535bb4a-cba0-4f9b-9e3e-e4a48b3eda51:0.0.0.0:44706, 54aabb14-4a7d-4ab3-adbe-2e67760b87f4:0.0.0.0:43074, c652e2ee-3322-4406-8db6-1ea643cb3197:0.0.0.0:42129], old=null
2019-10-18 11:24:43,339 [f535bb4a-cba0-4f9b-9e3e-e4a48b3eda51@group-7E32184879DE-LeaderElection202] INFO  impl.RaftServerImpl (RaftServerImpl.java:setRole(184)) - f535bb4a-cba0-4f9b-9e3e-e4a48b3eda51@group-7E32184879DE: changes role from CANDIDATE to FOLLOWER at term 238 for DISCOVERED_A_NEW_TERM
2019-10-18 11:24:43,339 [f535bb4a-cba0-4f9b-9e3e-e4a48b3eda51@group-7E32184879DE-LeaderElection202] INFO  impl.RoleInfo (RoleInfo.java:shutdownLeaderElection(134)) - f535bb4a-cba0-4f9b-9e3e-e4a48b3eda51: shutdown LeaderElection
2019-10-18 11:24:43,339 [f535bb4a-cba0-4f9b-9e3e-e4a48b3eda51@group-7E32184879DE-LeaderElection202] INFO  impl.RoleInfo (RoleInfo.java:updateAndGet(143)) - f535bb4a-cba0-4f9b-9e3e-e4a48b3eda51: start FollowerState
2019-10-18 11:24:43,389 [Thread-1453] INFO  impl.FollowerState (FollowerState.java:run(108)) - f535bb4a-cba0-4f9b-9e3e-e4a48b3eda51@group-7E32184879DE-FollowerState: change to CANDIDATE, lastRpcTime:50ms, electionTimeout:50ms
2019-10-18 11:24:43,390 [Thread-1453] INFO  impl.RoleInfo (RoleInfo.java:shutdownFollowerState(121)) - f535bb4a-cba0-4f9b-9e3e-e4a48b3eda51: shutdown FollowerState
2019-10-18 11:24:43,390 [Thread-1453] INFO  impl.RaftServerImpl (RaftServerImpl.java:setRole(184)) - f535bb4a-cba0-4f9b-9e3e-e4a48b3eda51@group-7E32184879DE: changes role from  FOLLOWER to CANDIDATE at term 238 for changeToCandidate
2019-10-18 11:24:43,390 [Thread-1453] INFO  impl.RoleInfo (RoleInfo.java:updateAndGet(143)) - f535bb4a-cba0-4f9b-9e3e-e4a48b3eda51: start LeaderElection
2019-10-18 11:24:43,413 [f535bb4a-cba0-4f9b-9e3e-e4a48b3eda51@group-7E32184879DE-LeaderElection203] INFO  impl.LeaderElection (LeaderElection.java:askForVotes(178)) - f535bb4a-cba0-4f9b-9e3e-e4a48b3eda51@group-7E32184879DE-LeaderElection203: begin an election at term 239 for -1: [f535bb4a-cba0-4f9b-9e3e-e4a48b3eda51:0.0.0.0:44706, 54aabb14-4a7d-4ab3-adbe-2e67760b87f4:0.0.0.0:43074, c652e2ee-3322-4406-8db6-1ea643cb3197:0.0.0.0:42129], old=null
2019-10-18 11:24:43,415 [grpc-default-executor-0] INFO  impl.RaftServerImpl (RaftServerImpl.java:setRole(184)) - 54aabb14-4a7d-4ab3-adbe-2e67760b87f4@group-7E32184879DE: changes role from  FOLLOWER to FOLLOWER at term 239 for recognizeCandidate:f535bb4a-cba0-4f9b-9e3e-e4a48b3eda51
2019-10-18 11:24:43,415 [grpc-default-executor-3] INFO  impl.RaftServerImpl (RaftServerImpl.java:setRole(184)) - c652e2ee-3322-4406-8db6-1ea643cb3197@group-7E32184879DE: changes role from  FOLLOWER to FOLLOWER at term 239 for recognizeCandidate:f535bb4a-cba0-4f9b-9e3e-e4a48b3eda51
2019-10-18 11:24:43,416 [grpc-default-executor-0] INFO  impl.RoleInfo (RoleInfo.java:shutdownFollowerState(121)) - 54aabb14-4a7d-4ab3-adbe-2e67760b87f4: shutdown FollowerState
2019-10-18 11:24:43,416 [grpc-default-executor-3] INFO  impl.RoleInfo (RoleInfo.java:shutdownFollowerState(121)) - c652e2ee-3322-4406-8db6-1ea643cb3197: shutdown FollowerState
2019-10-18 11:24:43,416 [grpc-default-executor-0] INFO  impl.RoleInfo (RoleInfo.java:updateAndGet(143)) - 54aabb14-4a7d-4ab3-adbe-2e67760b87f4: start FollowerState
2019-10-18 11:24:43,416 [Thread-1452] INFO  impl.FollowerState (FollowerState.java:run(117)) - 54aabb14-4a7d-4ab3-adbe-2e67760b87f4@group-7E32184879DE-FollowerState was interrupted: java.lang.InterruptedException: sleep interrupted
2019-10-18 11:24:43,416 [Thread-1451] INFO  impl.FollowerState (FollowerState.java:run(117)) - c652e2ee-3322-4406-8db6-1ea643cb3197@group-7E32184879DE-FollowerState was interrupted: java.lang.InterruptedException: sleep interrupted
2019-10-18 11:24:43,416 [grpc-default-executor-3] INFO  impl.RoleInfo (RoleInfo.java:updateAndGet(143)) - c652e2ee-3322-4406-8db6-1ea643cb3197: start FollowerState
2019-10-18 11:24:43,418 [f535bb4a-cba0-4f9b-9e3e-e4a48b3eda51@group-7E32184879DE-LeaderElection203] INFO  impl.LeaderElection (LeaderElection.java:logAndReturn(56)) - f535bb4a-cba0-4f9b-9e3e-e4a48b3eda51@group-7E32184879DE-LeaderElection203: Election TIMEOUT; received 0 response(s) [] and 0 exception(s); f535bb4a-cba0-4f9b-9e3e-e4a48b3eda51@group-7E32184879DE:t239, leader=null, voted=f535bb4a-cba0-4f9b-9e3e-e4a48b3eda51, raftlog=f535bb4a-cba0-4f9b-9e3e-e4a48b3eda51@group-7E32184879DE-SegmentedRaftLog:OPENED:c-1,f-1,i0, conf=-1: [f535bb4a-cba0-4f9b-9e3e-e4a48b3eda51:0.0.0.0:44706, 54aabb14-4a7d-4ab3-adbe-2e67760b87f4:0.0.0.0:43074, c652e2ee-3322-4406-8db6-1ea643cb3197:0.0.0.0:42129], old=null
2019-10-18 11:24:43,438 [f535bb4a-cba0-4f9b-9e3e-e4a48b3eda51@group-7E32184879DE-LeaderElection203] INFO  impl.LeaderElection (LeaderElection.java:askForVotes(178)) - f535bb4a-cba0-4f9b-9e3e-e4a48b3eda51@group-7E32184879DE-LeaderElection203: begin an election at term 240 for -1: [f535bb4a-cba0-4f9b-9e3e-e4a48b3eda51:0.0.0.0:44706, 54aabb14-4a7d-4ab3-adbe-2e67760b87f4:0.0.0.0:43074, c652e2ee-3322-4406-8db6-1ea643cb3197:0.0.0.0:42129], old=null
2019-10-18 11:24:43,440 [grpc-default-executor-0] INFO  impl.RaftServerImpl (RaftServerImpl.java:setRole(184)) - 54aabb14-4a7d-4ab3-adbe-2e67760b87f4@group-7E32184879DE: changes role from  FOLLOWER to FOLLOWER at term 240 for recognizeCandidate:f535bb4a-cba0-4f9b-9e3e-e4a48b3eda51
2019-10-18 11:24:43,440 [grpc-default-executor-0] INFO  impl.RoleInfo (RoleInfo.java:shutdownFollowerState(121)) - 54aabb14-4a7d-4ab3-adbe-2e67760b87f4: shutdown FollowerState
2019-10-18 11:24:43,440 [grpc-default-executor-0] INFO  impl.RoleInfo (RoleInfo.java:updateAndGet(143)) - 54aabb14-4a7d-4ab3-adbe-2e67760b87f4: start FollowerState
2019-10-18 11:24:43,440 [Thread-1457] INFO  impl.FollowerState (FollowerState.java:run(117)) - 54aabb14-4a7d-4ab3-adbe-2e67760b87f4@group-7E32184879DE-FollowerState was interrupted: java.lang.InterruptedException: sleep interrupted
2019-10-18 11:24:43,440 [grpc-default-executor-3] INFO  impl.RaftServerImpl (RaftServerImpl.java:setRole(184)) - c652e2ee-3322-4406-8db6-1ea643cb3197@group-7E32184879DE: changes role from  FOLLOWER to FOLLOWER at term 240 for recognizeCandidate:f535bb4a-cba0-4f9b-9e3e-e4a48b3eda51
2019-10-18 11:24:43,441 [grpc-default-executor-3] INFO  impl.RoleInfo (RoleInfo.java:shutdownFollowerState(121)) - c652e2ee-3322-4406-8db6-1ea643cb3197: shutdown FollowerState
2019-10-18 11:24:43,441 [grpc-default-executor-3] INFO  impl.RoleInfo (RoleInfo.java:updateAndGet(143)) - c652e2ee-3322-4406-8db6-1ea643cb3197: start FollowerState
2019-10-18 11:24:43,441 [Thread-1458] INFO  impl.FollowerState (FollowerState.java:run(117)) - c652e2ee-3322-4406-8db6-1ea643cb3197@group-7E32184879DE-FollowerState was interrupted: java.lang.InterruptedException: sleep interrupted
2019-10-18 11:24:43,465 [f535bb4a-cba0-4f9b-9e3e-e4a48b3eda51@group-7E32184879DE-LeaderElection203] INFO  impl.LeaderElection (LeaderElection.java:logAndReturn(56)) - f535bb4a-cba0-4f9b-9e3e-e4a48b3eda51@group-7E32184879DE-LeaderElection203: Election REJECTED; received 2 response(s) [f535bb4a-cba0-4f9b-9e3e-e4a48b3eda51<-54aabb14-4a7d-4ab3-adbe-2e67760b87f4#0:FAIL-t240, f535bb4a-cba0-4f9b-9e3e-e4a48b3eda51<-c652e2ee-3322-4406-8db6-1ea643cb3197#0:FAIL-t240] and 0 exception(s); f535bb4a-cba0-4f9b-9e3e-e4a48b3eda51@group-7E32184879DE:t240, leader=null, voted=f535bb4a-cba0-4f9b-9e3e-e4a48b3eda51, raftlog=f535bb4a-cba0-4f9b-9e3e-e4a48b3eda51@group-7E32184879DE-SegmentedRaftLog:OPENED:c-1,f-1,i0, conf=-1: [f535bb4a-cba0-4f9b-9e3e-e4a48b3eda51:0.0.0.0:44706, 54aabb14-4a7d-4ab3-adbe-2e67760b87f4:0.0.0.0:43074, c652e2ee-3322-4406-8db6-1ea643cb3197:0.0.0.0:42129], old=null
2019-10-18 11:24:43,465 [f535bb4a-cba0-4f9b-9e3e-e4a48b3eda51@group-7E32184879DE-LeaderElection203] INFO  impl.RaftServerImpl (RaftServerImpl.java:setRole(184)) - f535bb4a-cba0-4f9b-9e3e-e4a48b3eda51@group-7E32184879DE: changes role from CANDIDATE to FOLLOWER at term 240 for DISCOVERED_A_NEW_TERM
2019-10-18 11:24:43,465 [f535bb4a-cba0-4f9b-9e3e-e4a48b3eda51@group-7E32184879DE-LeaderElection203] INFO  impl.RoleInfo (RoleInfo.java:shutdownLeaderElection(134)) - f535bb4a-cba0-4f9b-9e3e-e4a48b3eda51: shutdown LeaderElection
2019-10-18 11:24:43,465 [f535bb4a-cba0-4f9b-9e3e-e4a48b3eda51@group-7E32184879DE-LeaderElection203] INFO  impl.RoleInfo (RoleInfo.java:updateAndGet(143)) - f535bb4a-cba0-4f9b-9e3e-e4a48b3eda51: start FollowerState
2019-10-18 11:24:43,570 [Thread-1463] INFO  impl.FollowerState (FollowerState.java:run(108)) - f535bb4a-cba0-4f9b-9e3e-e4a48b3eda51@group-7E32184879DE-FollowerState: change to CANDIDATE, lastRpcTime:105ms, electionTimeout:105ms
2019-10-18 11:24:43,571 [Thread-1463] INFO  impl.RoleInfo (RoleInfo.java:shutdownFollowerState(121)) - f535bb4a-cba0-4f9b-9e3e-e4a48b3eda51: shutdown FollowerState
2019-10-18 11:24:43,571 [Thread-1463] INFO  impl.RaftServerImpl (RaftServerImpl.java:setRole(184)) - f535bb4a-cba0-4f9b-9e3e-e4a48b3eda51@group-7E32184879DE: changes role from  FOLLOWER to CANDIDATE at term 240 for changeToCandidate
2019-10-18 11:24:43,571 [Thread-1463] INFO  impl.RoleInfo (RoleInfo.java:updateAndGet(143)) - f535bb4a-cba0-4f9b-9e3e-e4a48b3eda51: start LeaderElection
2019-10-18 11:24:43,597 [f535bb4a-cba0-4f9b-9e3e-e4a48b3eda51@group-7E32184879DE-LeaderElection204] INFO  impl.LeaderElection (LeaderElection.java:askForVotes(178)) - f535bb4a-cba0-4f9b-9e3e-e4a48b3eda51@group-7E32184879DE-LeaderElection204: begin an election at term 241 for -1: [f535bb4a-cba0-4f9b-9e3e-e4a48b3eda51:0.0.0.0:44706, 54aabb14-4a7d-4ab3-adbe-2e67760b87f4:0.0.0.0:43074, c652e2ee-3322-4406-8db6-1ea643cb3197:0.0.0.0:42129], old=null
2019-10-18 11:24:43,599 [grpc-default-executor-3] INFO  impl.RaftServerImpl (RaftServerImpl.java:setRole(184)) - 54aabb14-4a7d-4ab3-adbe-2e67760b87f4@group-7E32184879DE: changes role from  FOLLOWER to FOLLOWER at term 241 for recognizeCandidate:f535bb4a-cba0-4f9b-9e3e-e4a48b3eda51
2019-10-18 11:24:43,599 [grpc-default-executor-0] INFO  impl.RaftServerImpl (RaftServerImpl.java:setRole(184)) - c652e2ee-3322-4406-8db6-1ea643cb3197@group-7E32184879DE: changes role from  FOLLOWER to FOLLOWER at term 241 for recognizeCandidate:f535bb4a-cba0-4f9b-9e3e-e4a48b3eda51
2019-10-18 11:24:43,600 [grpc-default-executor-3] INFO  impl.RoleInfo (RoleInfo.java:shutdownFollowerState(121)) - 54aabb14-4a7d-4ab3-adbe-2e67760b87f4: shutdown FollowerState
2019-10-18 11:24:43,600 [grpc-default-executor-0] INFO  impl.RoleInfo (RoleInfo.java:shutdownFollowerState(121)) - c652e2ee-3322-4406-8db6-1ea643cb3197: shutdown FollowerState
2019-10-18 11:24:43,600 [Thread-1461] INFO  impl.FollowerState (FollowerState.java:run(117)) - 54aabb14-4a7d-4ab3-adbe-2e67760b87f4@group-7E32184879DE-FollowerState was interrupted: java.lang.InterruptedException: sleep interrupted
2019-10-18 11:24:43,600 [Thread-1462] INFO  impl.FollowerState (FollowerState.java:run(117)) - c652e2ee-3322-4406-8db6-1ea643cb3197@group-7E32184879DE-FollowerState was interrupted: java.lang.InterruptedException: sleep interrupted
2019-10-18 11:24:43,600 [grpc-default-executor-3] INFO  impl.RoleInfo (RoleInfo.java:updateAndGet(143)) - 54aabb14-4a7d-4ab3-adbe-2e67760b87f4: start FollowerState
2019-10-18 11:24:43,600 [grpc-default-executor-0] INFO  impl.RoleInfo (RoleInfo.java:updateAndGet(143)) - c652e2ee-3322-4406-8db6-1ea643cb3197: start FollowerState
2019-10-18 11:24:43,624 [f535bb4a-cba0-4f9b-9e3e-e4a48b3eda51@group-7E32184879DE-LeaderElection204] INFO  impl.LeaderElection (LeaderElection.java:logAndReturn(56)) - f535bb4a-cba0-4f9b-9e3e-e4a48b3eda51@group-7E32184879DE-LeaderElection204: Election REJECTED; received 2 response(s) [f535bb4a-cba0-4f9b-9e3e-e4a48b3eda51<-54aabb14-4a7d-4ab3-adbe-2e67760b87f4#0:FAIL-t241, f535bb4a-cba0-4f9b-9e3e-e4a48b3eda51<-c652e2ee-3322-4406-8db6-1ea643cb3197#0:FAIL-t241] and 0 exception(s); f535bb4a-cba0-4f9b-9e3e-e4a48b3eda51@group-7E32184879DE:t241, leader=null, voted=f535bb4a-cba0-4f9b-9e3e-e4a48b3eda51, raftlog=f535bb4a-cba0-4f9b-9e3e-e4a48b3eda51@group-7E32184879DE-SegmentedRaftLog:OPENED:c-1,f-1,i0, conf=-1: [f535bb4a-cba0-4f9b-9e3e-e4a48b3eda51:0.0.0.0:44706, 54aabb14-4a7d-4ab3-adbe-2e67760b87f4:0.0.0.0:43074, c652e2ee-3322-4406-8db6-1ea643cb3197:0.0.0.0:42129], old=null
2019-10-18 11:24:43,624 [f535bb4a-cba0-4f9b-9e3e-e4a48b3eda51@group-7E32184879DE-LeaderElection204] INFO  impl.RaftServerImpl (RaftServerImpl.java:setRole(184)) - f535bb4a-cba0-4f9b-9e3e-e4a48b3eda51@group-7E32184879DE: changes role from CANDIDATE to FOLLOWER at term 241 for DISCOVERED_A_NEW_TERM
2019-10-18 11:24:43,624 [f535bb4a-cba0-4f9b-9e3e-e4a48b3eda51@group-7E32184879DE-LeaderElection204] INFO  impl.RoleInfo (RoleInfo.java:shutdownLeaderElection(134)) - f535bb4a-cba0-4f9b-9e3e-e4a48b3eda51: shutdown LeaderElection
2019-10-18 11:24:43,624 [f535bb4a-cba0-4f9b-9e3e-e4a48b3eda51@group-7E32184879DE-LeaderElection204] INFO  impl.RoleInfo (RoleInfo.java:updateAndGet(143)) - f535bb4a-cba0-4f9b-9e3e-e4a48b3eda51: start FollowerState
2019-10-18 11:24:43,721 [Thread-1469] INFO  impl.FollowerState (FollowerState.java:run(108)) - f535bb4a-cba0-4f9b-9e3e-e4a48b3eda51@group-7E32184879DE-FollowerState: change to CANDIDATE, lastRpcTime:97ms, electionTimeout:97ms
2019-10-18 11:24:43,722 [Thread-1469] INFO  impl.RoleInfo (RoleInfo.java:shutdownFollowerState(121)) - f535bb4a-cba0-4f9b-9e3e-e4a48b3eda51: shutdown FollowerState
2019-10-18 11:24:43,722 [Thread-1469] INFO  impl.RaftServerImpl (RaftServerImpl.java:setRole(184)) - f535bb4a-cba0-4f9b-9e3e-e4a48b3eda51@group-7E32184879DE: changes role from  FOLLOWER to CANDIDATE at term 241 for changeToCandidate
2019-10-18 11:24:43,722 [Thread-1469] INFO  impl.RoleInfo (RoleInfo.java:updateAndGet(143)) - f535bb4a-cba0-4f9b-9e3e-e4a48b3eda51: start LeaderElection
2019-10-18 11:24:43,748 [f535bb4a-cba0-4f9b-9e3e-e4a48b3eda51@group-7E32184879DE-LeaderElection205] INFO  impl.LeaderElection (LeaderElection.java:askForVotes(178)) - f535bb4a-cba0-4f9b-9e3e-e4a48b3eda51@group-7E32184879DE-LeaderElection205: begin an election at term 242 for -1: [f535bb4a-cba0-4f9b-9e3e-e4a48b3eda51:0.0.0.0:44706, 54aabb14-4a7d-4ab3-adbe-2e67760b87f4:0.0.0.0:43074, c652e2ee-3322-4406-8db6-1ea643cb3197:0.0.0.0:42129], old=null
2019-10-18 11:24:43,750 [grpc-default-executor-3] INFO  impl.RaftServerImpl (RaftServerImpl.java:setRole(184)) - 54aabb14-4a7d-4ab3-adbe-2e67760b87f4@group-7E32184879DE: changes role from  FOLLOWER to FOLLOWER at term 242 for recognizeCandidate:f535bb4a-cba0-4f9b-9e3e-e4a48b3eda51
2019-10-18 11:24:43,750 [grpc-default-executor-0] INFO  impl.RaftServerImpl (RaftServerImpl.java:setRole(184)) - c652e2ee-3322-4406-8db6-1ea643cb3197@group-7E32184879DE: changes role from  FOLLOWER to FOLLOWER at term 242 for recognizeCandidate:f535bb4a-cba0-4f9b-9e3e-e4a48b3eda51
2019-10-18 11:24:43,750 [grpc-default-executor-3] INFO  impl.RoleInfo (RoleInfo.java:shutdownFollowerState(121)) - 54aabb14-4a7d-4ab3-adbe-2e67760b87f4: shutdown FollowerState
2019-10-18 11:24:43,751 [grpc-default-executor-0] INFO  impl.RoleInfo (RoleInfo.java:shutdownFollowerState(121)) - c652e2ee-3322-4406-8db6-1ea643cb3197: shutdown FollowerState
2019-10-18 11:24:43,751 [Thread-1467] INFO  impl.FollowerState (FollowerState.java:run(117)) - 54aabb14-4a7d-4ab3-adbe-2e67760b87f4@group-7E32184879DE-FollowerState was interrupted: java.lang.InterruptedException: sleep interrupted
2019-10-18 11:24:43,751 [grpc-default-executor-3] INFO  impl.RoleInfo (RoleInfo.java:updateAndGet(143)) - 54aabb14-4a7d-4ab3-adbe-2e67760b87f4: start FollowerState
2019-10-18 11:24:43,751 [Thread-1468] INFO  impl.FollowerState (FollowerState.java:run(117)) - c652e2ee-3322-4406-8db6-1ea643cb3197@group-7E32184879DE-FollowerState was interrupted: java.lang.InterruptedException: sleep interrupted
2019-10-18 11:24:43,751 [grpc-default-executor-0] INFO  impl.RoleInfo (RoleInfo.java:updateAndGet(143)) - c652e2ee-3322-4406-8db6-1ea643cb3197: start FollowerState
2019-10-18 11:24:43,774 [f535bb4a-cba0-4f9b-9e3e-e4a48b3eda51@group-7E32184879DE-LeaderElection205] INFO  impl.LeaderElection (LeaderElection.java:logAndReturn(56)) - f535bb4a-cba0-4f9b-9e3e-e4a48b3eda51@group-7E32184879DE-LeaderElection205: Election REJECTED; received 2 response(s) [f535bb4a-cba0-4f9b-9e3e-e4a48b3eda51<-54aabb14-4a7d-4ab3-adbe-2e67760b87f4#0:FAIL-t242, f535bb4a-cba0-4f9b-9e3e-e4a48b3eda51<-c652e2ee-3322-4406-8db6-1ea643cb3197#0:FAIL-t242] and 0 exception(s); f535bb4a-cba0-4f9b-9e3e-e4a48b3eda51@group-7E32184879DE:t242, leader=null, voted=f535bb4a-cba0-4f9b-9e3e-e4a48b3eda51, raftlog=f535bb4a-cba0-4f9b-9e3e-e4a48b3eda51@group-7E32184879DE-SegmentedRaftLog:OPENED:c-1,f-1,i0, conf=-1: [f535bb4a-cba0-4f9b-9e3e-e4a48b3eda51:0.0.0.0:44706, 54aabb14-4a7d-4ab3-adbe-2e67760b87f4:0.0.0.0:43074, c652e2ee-3322-4406-8db6-1ea643cb3197:0.0.0.0:42129], old=null
2019-10-18 11:24:43,775 [f535bb4a-cba0-4f9b-9e3e-e4a48b3eda51@group-7E32184879DE-LeaderElection205] INFO  impl.RaftServerImpl (RaftServerImpl.java:setRole(184)) - f535bb4a-cba0-4f9b-9e3e-e4a48b3eda51@group-7E32184879DE: changes role from CANDIDATE to FOLLOWER at term 242 for DISCOVERED_A_NEW_TERM
2019-10-18 11:24:43,775 [f535bb4a-cba0-4f9b-9e3e-e4a48b3eda51@group-7E32184879DE-LeaderElection205] INFO  impl.RoleInfo (RoleInfo.java:shutdownLeaderElection(134)) - f535bb4a-cba0-4f9b-9e3e-e4a48b3eda51: shutdown LeaderElection
2019-10-18 11:24:43,775 [f535bb4a-cba0-4f9b-9e3e-e4a48b3eda51@group-7E32184879DE-LeaderElection205] INFO  impl.RoleInfo (RoleInfo.java:updateAndGet(143)) - f535bb4a-cba0-4f9b-9e3e-e4a48b3eda51: start FollowerState
2019-10-18 11:24:43,958 [Thread-1475] INFO  impl.FollowerState (FollowerState.java:run(108)) - f535bb4a-cba0-4f9b-9e3e-e4a48b3eda51@group-7E32184879DE-FollowerState: change to CANDIDATE, lastRpcTime:183ms, electionTimeout:183ms
2019-10-18 11:24:43,959 [Thread-1475] INFO  impl.RoleInfo (RoleInfo.java:shutdownFollowerState(121)) - f535bb4a-cba0-4f9b-9e3e-e4a48b3eda51: shutdown FollowerState
2019-10-18 11:24:43,959 [Thread-1475] INFO  impl.RaftServerImpl (RaftServerImpl.java:setRole(184)) - f535bb4a-cba0-4f9b-9e3e-e4a48b3eda51@group-7E32184879DE: changes role from  FOLLOWER to CANDIDATE at term 242 for changeToCandidate
2019-10-18 11:24:43,959 [Thread-1475] INFO  impl.RoleInfo (RoleInfo.java:updateAndGet(143)) - f535bb4a-cba0-4f9b-9e3e-e4a48b3eda51: start LeaderElection
2019-10-18 11:24:43,982 [f535bb4a-cba0-4f9b-9e3e-e4a48b3eda51@group-7E32184879DE-LeaderElection206] INFO  impl.LeaderElection (LeaderElection.java:askForVotes(178)) - f535bb4a-cba0-4f9b-9e3e-e4a48b3eda51@group-7E32184879DE-LeaderElection206: begin an election at term 243 for -1: [f535bb4a-cba0-4f9b-9e3e-e4a48b3eda51:0.0.0.0:44706, 54aabb14-4a7d-4ab3-adbe-2e67760b87f4:0.0.0.0:43074, c652e2ee-3322-4406-8db6-1ea643cb3197:0.0.0.0:42129], old=null
2019-10-18 11:24:43,985 [grpc-default-executor-3] INFO  impl.RaftServerImpl (RaftServerImpl.java:setRole(184)) - 54aabb14-4a7d-4ab3-adbe-2e67760b87f4@group-7E32184879DE: changes role from  FOLLOWER to FOLLOWER at term 243 for recognizeCandidate:f535bb4a-cba0-4f9b-9e3e-e4a48b3eda51
2019-10-18 11:24:43,985 [grpc-default-executor-0] INFO  impl.RaftServerImpl (RaftServerImpl.java:setRole(184)) - c652e2ee-3322-4406-8db6-1ea643cb3197@group-7E32184879DE: changes role from  FOLLOWER to FOLLOWER at term 243 for recognizeCandidate:f535bb4a-cba0-4f9b-9e3e-e4a48b3eda51
2019-10-18 11:24:43,985 [grpc-default-executor-3] INFO  impl.RoleInfo (RoleInfo.java:shutdownFollowerState(121)) - 54aabb14-4a7d-4ab3-adbe-2e67760b87f4: shutdown FollowerState
2019-10-18 11:24:43,985 [grpc-default-executor-0] INFO  impl.RoleInfo (RoleInfo.java:shutdownFollowerState(121)) - c652e2ee-3322-4406-8db6-1ea643cb3197: shutdown FollowerState
2019-10-18 11:24:43,986 [Thread-1473] INFO  impl.FollowerState (FollowerState.java:run(117)) - 54aabb14-4a7d-4ab3-adbe-2e67760b87f4@group-7E32184879DE-FollowerState was interrupted: java.lang.InterruptedException: sleep interrupted
2019-10-18 11:24:43,986 [Thread-1474] INFO  impl.FollowerState (FollowerState.java:run(117)) - c652e2ee-3322-4406-8db6-1ea643cb3197@group-7E32184879DE-FollowerState was interrupted: java.lang.InterruptedException: sleep interrupted
2019-10-18 11:24:43,985 [grpc-default-executor-3] INFO  impl.RoleInfo (RoleInfo.java:updateAndGet(143)) - 54aabb14-4a7d-4ab3-adbe-2e67760b87f4: start FollowerState
2019-10-18 11:24:43,986 [grpc-default-executor-0] INFO  impl.RoleInfo (RoleInfo.java:updateAndGet(143)) - c652e2ee-3322-4406-8db6-1ea643cb3197: start FollowerState
2019-10-18 11:24:43,986 [f535bb4a-cba0-4f9b-9e3e-e4a48b3eda51@group-7E32184879DE-LeaderElection206] INFO  impl.LeaderElection (LeaderElection.java:logAndReturn(56)) - f535bb4a-cba0-4f9b-9e3e-e4a48b3eda51@group-7E32184879DE-LeaderElection206: Election TIMEOUT; received 0 response(s) [] and 0 exception(s); f535bb4a-cba0-4f9b-9e3e-e4a48b3eda51@group-7E32184879DE:t243, leader=null, voted=f535bb4a-cba0-4f9b-9e3e-e4a48b3eda51, raftlog=f535bb4a-cba0-4f9b-9e3e-e4a48b3eda51@group-7E32184879DE-SegmentedRaftLog:OPENED:c-1,f-1,i0, conf=-1: [f535bb4a-cba0-4f9b-9e3e-e4a48b3eda51:0.0.0.0:44706, 54aabb14-4a7d-4ab3-adbe-2e67760b87f4:0.0.0.0:43074, c652e2ee-3322-4406-8db6-1ea643cb3197:0.0.0.0:42129], old=null
2019-10-18 11:24:44,008 [f535bb4a-cba0-4f9b-9e3e-e4a48b3eda51@group-7E32184879DE-LeaderElection206] INFO  impl.LeaderElection (LeaderElection.java:askForVotes(178)) - f535bb4a-cba0-4f9b-9e3e-e4a48b3eda51@group-7E32184879DE-LeaderElection206: begin an election at term 244 for -1: [f535bb4a-cba0-4f9b-9e3e-e4a48b3eda51:0.0.0.0:44706, 54aabb14-4a7d-4ab3-adbe-2e67760b87f4:0.0.0.0:43074, c652e2ee-3322-4406-8db6-1ea643cb3197:0.0.0.0:42129], old=null
2019-10-18 11:24:44,009 [grpc-default-executor-0] INFO  impl.RaftServerImpl (RaftServerImpl.java:setRole(184)) - 54aabb14-4a7d-4ab3-adbe-2e67760b87f4@group-7E32184879DE: changes role from  FOLLOWER to FOLLOWER at term 244 for recognizeCandidate:f535bb4a-cba0-4f9b-9e3e-e4a48b3eda51
2019-10-18 11:24:44,009 [grpc-default-executor-3] INFO  impl.RaftServerImpl (RaftServerImpl.java:setRole(184)) - c652e2ee-3322-4406-8db6-1ea643cb3197@group-7E32184879DE: changes role from  FOLLOWER to FOLLOWER at term 244 for recognizeCandidate:f535bb4a-cba0-4f9b-9e3e-e4a48b3eda51
2019-10-18 11:24:44,010 [grpc-default-executor-0] INFO  impl.RoleInfo (RoleInfo.java:shutdownFollowerState(121)) - 54aabb14-4a7d-4ab3-adbe-2e67760b87f4: shutdown FollowerState
2019-10-18 11:24:44,010 [grpc-default-executor-3] INFO  impl.RoleInfo (RoleInfo.java:shutdownFollowerState(121)) - c652e2ee-3322-4406-8db6-1ea643cb3197: shutdown FollowerState
2019-10-18 11:24:44,010 [Thread-1479] INFO  impl.FollowerState (FollowerState.java:run(117)) - 54aabb14-4a7d-4ab3-adbe-2e67760b87f4@group-7E32184879DE-FollowerState was interrupted: java.lang.InterruptedException: sleep interrupted
2019-10-18 11:24:44,010 [grpc-default-executor-0] INFO  impl.RoleInfo (RoleInfo.java:updateAndGet(143)) - 54aabb14-4a7d-4ab3-adbe-2e67760b87f4: start FollowerState
2019-10-18 11:24:44,010 [Thread-1480] INFO  impl.FollowerState (FollowerState.java:run(117)) - c652e2ee-3322-4406-8db6-1ea643cb3197@group-7E32184879DE-FollowerState was interrupted: java.lang.InterruptedException: sleep interrupted
2019-10-18 11:24:44,010 [grpc-default-executor-3] INFO  impl.RoleInfo (RoleInfo.java:updateAndGet(143)) - c652e2ee-3322-4406-8db6-1ea643cb3197: start FollowerState
2019-10-18 11:24:44,034 [f535bb4a-cba0-4f9b-9e3e-e4a48b3eda51@group-7E32184879DE-LeaderElection206] INFO  impl.LeaderElection (LeaderElection.java:logAndReturn(56)) - f535bb4a-cba0-4f9b-9e3e-e4a48b3eda51@group-7E32184879DE-LeaderElection206: Election REJECTED; received 2 response(s) [f535bb4a-cba0-4f9b-9e3e-e4a48b3eda51<-54aabb14-4a7d-4ab3-adbe-2e67760b87f4#0:FAIL-t244, f535bb4a-cba0-4f9b-9e3e-e4a48b3eda51<-c652e2ee-3322-4406-8db6-1ea643cb3197#0:FAIL-t244] and 0 exception(s); f535bb4a-cba0-4f9b-9e3e-e4a48b3eda51@group-7E32184879DE:t244, leader=null, voted=f535bb4a-cba0-4f9b-9e3e-e4a48b3eda51, raftlog=f535bb4a-cba0-4f9b-9e3e-e4a48b3eda51@group-7E32184879DE-SegmentedRaftLog:OPENED:c-1,f-1,i0, conf=-1: [f535bb4a-cba0-4f9b-9e3e-e4a48b3eda51:0.0.0.0:44706, 54aabb14-4a7d-4ab3-adbe-2e67760b87f4:0.0.0.0:43074, c652e2ee-3322-4406-8db6-1ea643cb3197:0.0.0.0:42129], old=null
2019-10-18 11:24:44,034 [f535bb4a-cba0-4f9b-9e3e-e4a48b3eda51@group-7E32184879DE-LeaderElection206] INFO  impl.RaftServerImpl (RaftServerImpl.java:setRole(184)) - f535bb4a-cba0-4f9b-9e3e-e4a48b3eda51@group-7E32184879DE: changes role from CANDIDATE to FOLLOWER at term 244 for DISCOVERED_A_NEW_TERM
2019-10-18 11:24:44,034 [f535bb4a-cba0-4f9b-9e3e-e4a48b3eda51@group-7E32184879DE-LeaderElection206] INFO  impl.RoleInfo (RoleInfo.java:shutdownLeaderElection(134)) - f535bb4a-cba0-4f9b-9e3e-e4a48b3eda51: shutdown LeaderElection
2019-10-18 11:24:44,034 [f535bb4a-cba0-4f9b-9e3e-e4a48b3eda51@group-7E32184879DE-LeaderElection206] INFO  impl.RoleInfo (RoleInfo.java:updateAndGet(143)) - f535bb4a-cba0-4f9b-9e3e-e4a48b3eda51: start FollowerState
2019-10-18 11:24:44,122 [Thread-1485] INFO  impl.FollowerState (FollowerState.java:run(108)) - f535bb4a-cba0-4f9b-9e3e-e4a48b3eda51@group-7E32184879DE-FollowerState: change to CANDIDATE, lastRpcTime:87ms, electionTimeout:87ms
2019-10-18 11:24:44,122 [Thread-1485] INFO  impl.RoleInfo (RoleInfo.java:shutdownFollowerState(121)) - f535bb4a-cba0-4f9b-9e3e-e4a48b3eda51: shutdown FollowerState
2019-10-18 11:24:44,122 [Thread-1485] INFO  impl.RaftServerImpl (RaftServerImpl.java:setRole(184)) - f535bb4a-cba0-4f9b-9e3e-e4a48b3eda51@group-7E32184879DE: changes role from  FOLLOWER to CANDIDATE at term 244 for changeToCandidate
2019-10-18 11:24:44,123 [Thread-1485] INFO  impl.RoleInfo (RoleInfo.java:updateAndGet(143)) - f535bb4a-cba0-4f9b-9e3e-e4a48b3eda51: start LeaderElection
2019-10-18 11:24:44,150 [f535bb4a-cba0-4f9b-9e3e-e4a48b3eda51@group-7E32184879DE-LeaderElection207] INFO  impl.LeaderElection (LeaderElection.java:askForVotes(178)) - f535bb4a-cba0-4f9b-9e3e-e4a48b3eda51@group-7E32184879DE-LeaderElection207: begin an election at term 245 for -1: [f535bb4a-cba0-4f9b-9e3e-e4a48b3eda51:0.0.0.0:44706, 54aabb14-4a7d-4ab3-adbe-2e67760b87f4:0.0.0.0:43074, c652e2ee-3322-4406-8db6-1ea643cb3197:0.0.0.0:42129], old=null
2019-10-18 11:24:44,152 [grpc-default-executor-0] INFO  impl.RaftServerImpl (RaftServerImpl.java:setRole(184)) - c652e2ee-3322-4406-8db6-1ea643cb3197@group-7E32184879DE: changes role from  FOLLOWER to FOLLOWER at term 245 for recognizeCandidate:f535bb4a-cba0-4f9b-9e3e-e4a48b3eda51
2019-10-18 11:24:44,152 [grpc-default-executor-3] INFO  impl.RaftServerImpl (RaftServerImpl.java:setRole(184)) - 54aabb14-4a7d-4ab3-adbe-2e67760b87f4@group-7E32184879DE: changes role from  FOLLOWER to FOLLOWER at term 245 for recognizeCandidate:f535bb4a-cba0-4f9b-9e3e-e4a48b3eda51
2019-10-18 11:24:44,153 [grpc-default-executor-0] INFO  impl.RoleInfo (RoleInfo.java:shutdownFollowerState(121)) - c652e2ee-3322-4406-8db6-1ea643cb3197: shutdown FollowerState
2019-10-18 11:24:44,153 [grpc-default-executor-3] INFO  impl.RoleInfo (RoleInfo.java:shutdownFollowerState(121)) - 54aabb14-4a7d-4ab3-adbe-2e67760b87f4: shutdown FollowerState
2019-10-18 11:24:44,153 [Thread-1484] INFO  impl.FollowerState (FollowerState.java:run(117)) - c652e2ee-3322-4406-8db6-1ea643cb3197@group-7E32184879DE-FollowerState was interrupted: java.lang.InterruptedException: sleep interrupted
2019-10-18 11:24:44,153 [grpc-default-executor-0] INFO  impl.RoleInfo (RoleInfo.java:updateAndGet(143)) - c652e2ee-3322-4406-8db6-1ea643cb3197: start FollowerState
2019-10-18 11:24:44,153 [Thread-1483] INFO  impl.FollowerState (FollowerState.java:run(117)) - 54aabb14-4a7d-4ab3-adbe-2e67760b87f4@group-7E32184879DE-FollowerState was interrupted: java.lang.InterruptedException: sleep interrupted
2019-10-18 11:24:44,153 [grpc-default-executor-3] INFO  impl.RoleInfo (RoleInfo.java:updateAndGet(143)) - 54aabb14-4a7d-4ab3-adbe-2e67760b87f4: start FollowerState
2019-10-18 11:24:44,177 [f535bb4a-cba0-4f9b-9e3e-e4a48b3eda51@group-7E32184879DE-LeaderElection207] INFO  impl.LeaderElection (LeaderElection.java:logAndReturn(56)) - f535bb4a-cba0-4f9b-9e3e-e4a48b3eda51@group-7E32184879DE-LeaderElection207: Election REJECTED; received 2 response(s) [f535bb4a-cba0-4f9b-9e3e-e4a48b3eda51<-54aabb14-4a7d-4ab3-adbe-2e67760b87f4#0:FAIL-t245, f535bb4a-cba0-4f9b-9e3e-e4a48b3eda51<-c652e2ee-3322-4406-8db6-1ea643cb3197#0:FAIL-t245] and 0 exception(s); f535bb4a-cba0-4f9b-9e3e-e4a48b3eda51@group-7E32184879DE:t245, leader=null, voted=f535bb4a-cba0-4f9b-9e3e-e4a48b3eda51, raftlog=f535bb4a-cba0-4f9b-9e3e-e4a48b3eda51@group-7E32184879DE-SegmentedRaftLog:OPENED:c-1,f-1,i0, conf=-1: [f535bb4a-cba0-4f9b-9e3e-e4a48b3eda51:0.0.0.0:44706, 54aabb14-4a7d-4ab3-adbe-2e67760b87f4:0.0.0.0:43074, c652e2ee-3322-4406-8db6-1ea643cb3197:0.0.0.0:42129], old=null
2019-10-18 11:24:44,177 [f535bb4a-cba0-4f9b-9e3e-e4a48b3eda51@group-7E32184879DE-LeaderElection207] INFO  impl.RaftServerImpl (RaftServerImpl.java:setRole(184)) - f535bb4a-cba0-4f9b-9e3e-e4a48b3eda51@group-7E32184879DE: changes role from CANDIDATE to FOLLOWER at term 245 for DISCOVERED_A_NEW_TERM
2019-10-18 11:24:44,177 [f535bb4a-cba0-4f9b-9e3e-e4a48b3eda51@group-7E32184879DE-LeaderElection207] INFO  impl.RoleInfo (RoleInfo.java:shutdownLeaderElection(134)) - f535bb4a-cba0-4f9b-9e3e-e4a48b3eda51: shutdown LeaderElection
2019-10-18 11:24:44,177 [f535bb4a-cba0-4f9b-9e3e-e4a48b3eda51@group-7E32184879DE-LeaderElection207] INFO  impl.RoleInfo (RoleInfo.java:updateAndGet(143)) - f535bb4a-cba0-4f9b-9e3e-e4a48b3eda51: start FollowerState
2019-10-18 11:24:44,367 [Thread-1491] INFO  impl.FollowerState (FollowerState.java:run(108)) - f535bb4a-cba0-4f9b-9e3e-e4a48b3eda51@group-7E32184879DE-FollowerState: change to CANDIDATE, lastRpcTime:189ms, electionTimeout:189ms
2019-10-18 11:24:44,367 [Thread-1491] INFO  impl.RoleInfo (RoleInfo.java:shutdownFollowerState(121)) - f535bb4a-cba0-4f9b-9e3e-e4a48b3eda51: shutdown FollowerState
2019-10-18 11:24:44,367 [Thread-1491] INFO  impl.RaftServerImpl (RaftServerImpl.java:setRole(184)) - f535bb4a-cba0-4f9b-9e3e-e4a48b3eda51@group-7E32184879DE: changes role from  FOLLOWER to CANDIDATE at term 245 for changeToCandidate
2019-10-18 11:24:44,367 [Thread-1491] INFO  impl.RoleInfo (RoleInfo.java:updateAndGet(143)) - f535bb4a-cba0-4f9b-9e3e-e4a48b3eda51: start LeaderElection
2019-10-18 11:24:44,392 [f535bb4a-cba0-4f9b-9e3e-e4a48b3eda51@group-7E32184879DE-LeaderElection208] INFO  impl.LeaderElection (LeaderElection.java:askForVotes(178)) - f535bb4a-cba0-4f9b-9e3e-e4a48b3eda51@group-7E32184879DE-LeaderElection208: begin an election at term 246 for -1: [f535bb4a-cba0-4f9b-9e3e-e4a48b3eda51:0.0.0.0:44706, 54aabb14-4a7d-4ab3-adbe-2e67760b87f4:0.0.0.0:43074, c652e2ee-3322-4406-8db6-1ea643cb3197:0.0.0.0:42129], old=null
2019-10-18 11:24:44,395 [grpc-default-executor-3] INFO  impl.RaftServerImpl (RaftServerImpl.java:setRole(184)) - c652e2ee-3322-4406-8db6-1ea643cb3197@group-7E32184879DE: changes role from  FOLLOWER to FOLLOWER at term 246 for recognizeCandidate:f535bb4a-cba0-4f9b-9e3e-e4a48b3eda51
2019-10-18 11:24:44,395 [grpc-default-executor-0] INFO  impl.RaftServerImpl (RaftServerImpl.java:setRole(184)) - 54aabb14-4a7d-4ab3-adbe-2e67760b87f4@group-7E32184879DE: changes role from  FOLLOWER to FOLLOWER at term 246 for recognizeCandidate:f535bb4a-cba0-4f9b-9e3e-e4a48b3eda51
2019-10-18 11:24:44,395 [grpc-default-executor-3] INFO  impl.RoleInfo (RoleInfo.java:shutdownFollowerState(121)) - c652e2ee-3322-4406-8db6-1ea643cb3197: shutdown FollowerState
2019-10-18 11:24:44,395 [grpc-default-executor-0] INFO  impl.RoleInfo (RoleInfo.java:shutdownFollowerState(121)) - 54aabb14-4a7d-4ab3-adbe-2e67760b87f4: shutdown FollowerState
2019-10-18 11:24:44,395 [Thread-1489] INFO  impl.FollowerState (FollowerState.java:run(117)) - c652e2ee-3322-4406-8db6-1ea643cb3197@group-7E32184879DE-FollowerState was interrupted: java.lang.InterruptedException: sleep interrupted
2019-10-18 11:24:44,395 [grpc-default-executor-3] INFO  impl.RoleInfo (RoleInfo.java:updateAndGet(143)) - c652e2ee-3322-4406-8db6-1ea643cb3197: start FollowerState
2019-10-18 11:24:44,395 [Thread-1490] INFO  impl.FollowerState (FollowerState.java:run(117)) - 54aabb14-4a7d-4ab3-adbe-2e67760b87f4@group-7E32184879DE-FollowerState was interrupted: java.lang.InterruptedException: sleep interrupted
2019-10-18 11:24:44,395 [grpc-default-executor-0] INFO  impl.RoleInfo (RoleInfo.java:updateAndGet(143)) - 54aabb14-4a7d-4ab3-adbe-2e67760b87f4: start FollowerState
2019-10-18 11:24:44,419 [f535bb4a-cba0-4f9b-9e3e-e4a48b3eda51@group-7E32184879DE-LeaderElection208] INFO  impl.LeaderElection (LeaderElection.java:logAndReturn(56)) - f535bb4a-cba0-4f9b-9e3e-e4a48b3eda51@group-7E32184879DE-LeaderElection208: Election REJECTED; received 2 response(s) [f535bb4a-cba0-4f9b-9e3e-e4a48b3eda51<-54aabb14-4a7d-4ab3-adbe-2e67760b87f4#0:FAIL-t246, f535bb4a-cba0-4f9b-9e3e-e4a48b3eda51<-c652e2ee-3322-4406-8db6-1ea643cb3197#0:FAIL-t246] and 0 exception(s); f535bb4a-cba0-4f9b-9e3e-e4a48b3eda51@group-7E32184879DE:t246, leader=null, voted=f535bb4a-cba0-4f9b-9e3e-e4a48b3eda51, raftlog=f535bb4a-cba0-4f9b-9e3e-e4a48b3eda51@group-7E32184879DE-SegmentedRaftLog:OPENED:c-1,f-1,i0, conf=-1: [f535bb4a-cba0-4f9b-9e3e-e4a48b3eda51:0.0.0.0:44706, 54aabb14-4a7d-4ab3-adbe-2e67760b87f4:0.0.0.0:43074, c652e2ee-3322-4406-8db6-1ea643cb3197:0.0.0.0:42129], old=null
2019-10-18 11:24:44,419 [f535bb4a-cba0-4f9b-9e3e-e4a48b3eda51@group-7E32184879DE-LeaderElection208] INFO  impl.RaftServerImpl (RaftServerImpl.java:setRole(184)) - f535bb4a-cba0-4f9b-9e3e-e4a48b3eda51@group-7E32184879DE: changes role from CANDIDATE to FOLLOWER at term 246 for DISCOVERED_A_NEW_TERM
2019-10-18 11:24:44,419 [f535bb4a-cba0-4f9b-9e3e-e4a48b3eda51@group-7E32184879DE-LeaderElection208] INFO  impl.RoleInfo (RoleInfo.java:shutdownLeaderElection(134)) - f535bb4a-cba0-4f9b-9e3e-e4a48b3eda51: shutdown LeaderElection
2019-10-18 11:24:44,419 [f535bb4a-cba0-4f9b-9e3e-e4a48b3eda51@group-7E32184879DE-LeaderElection208] INFO  impl.RoleInfo (RoleInfo.java:updateAndGet(143)) - f535bb4a-cba0-4f9b-9e3e-e4a48b3eda51: start FollowerState
2019-10-18 11:24:44,501 [Thread-1499] INFO  impl.FollowerState (FollowerState.java:run(108)) - f535bb4a-cba0-4f9b-9e3e-e4a48b3eda51@group-7E32184879DE-FollowerState: change to CANDIDATE, lastRpcTime:81ms, electionTimeout:81ms
2019-10-18 11:24:44,501 [Thread-1499] INFO  impl.RoleInfo (RoleInfo.java:shutdownFollowerState(121)) - f535bb4a-cba0-4f9b-9e3e-e4a48b3eda51: shutdown FollowerState
2019-10-18 11:24:44,501 [Thread-1499] INFO  impl.RaftServerImpl (RaftServerImpl.java:setRole(184)) - f535bb4a-cba0-4f9b-9e3e-e4a48b3eda51@group-7E32184879DE: changes role from  FOLLOWER to CANDIDATE at term 246 for changeToCandidate
2019-10-18 11:24:44,501 [Thread-1499] INFO  impl.RoleInfo (RoleInfo.java:updateAndGet(143)) - f535bb4a-cba0-4f9b-9e3e-e4a48b3eda51: start LeaderElection
2019-10-18 11:24:44,528 [f535bb4a-cba0-4f9b-9e3e-e4a48b3eda51@group-7E32184879DE-LeaderElection209] INFO  impl.LeaderElection (LeaderElection.java:askForVotes(178)) - f535bb4a-cba0-4f9b-9e3e-e4a48b3eda51@group-7E32184879DE-LeaderElection209: begin an election at term 247 for -1: [f535bb4a-cba0-4f9b-9e3e-e4a48b3eda51:0.0.0.0:44706, 54aabb14-4a7d-4ab3-adbe-2e67760b87f4:0.0.0.0:43074, c652e2ee-3322-4406-8db6-1ea643cb3197:0.0.0.0:42129], old=null
2019-10-18 11:24:44,529 [grpc-default-executor-0] INFO  impl.RaftServerImpl (RaftServerImpl.java:setRole(184)) - c652e2ee-3322-4406-8db6-1ea643cb3197@group-7E32184879DE: changes role from  FOLLOWER to FOLLOWER at term 247 for recognizeCandidate:f535bb4a-cba0-4f9b-9e3e-e4a48b3eda51
2019-10-18 11:24:44,530 [grpc-default-executor-0] INFO  impl.RoleInfo (RoleInfo.java:shutdownFollowerState(121)) - c652e2ee-3322-4406-8db6-1ea643cb3197: shutdown FollowerState
2019-10-18 11:24:44,530 [grpc-default-executor-3] INFO  impl.RaftServerImpl (RaftServerImpl.java:setRole(184)) - 54aabb14-4a7d-4ab3-adbe-2e67760b87f4@group-7E32184879DE: changes role from  FOLLOWER to FOLLOWER at term 247 for recognizeCandidate:f535bb4a-cba0-4f9b-9e3e-e4a48b3eda51
2019-10-18 11:24:44,530 [Thread-1497] INFO  impl.FollowerState (FollowerState.java:run(117)) - c652e2ee-3322-4406-8db6-1ea643cb3197@group-7E32184879DE-FollowerState was interrupted: java.lang.InterruptedException: sleep interrupted
2019-10-18 11:24:44,530 [grpc-default-executor-0] INFO  impl.RoleInfo (RoleInfo.java:updateAndGet(143)) - c652e2ee-3322-4406-8db6-1ea643cb3197: start FollowerState
2019-10-18 11:24:44,530 [grpc-default-executor-3] INFO  impl.RoleInfo (RoleInfo.java:shutdownFollowerState(121)) - 54aabb14-4a7d-4ab3-adbe-2e67760b87f4: shutdown FollowerState
2019-10-18 11:24:44,530 [grpc-default-executor-3] INFO  impl.RoleInfo (RoleInfo.java:updateAndGet(143)) - 54aabb14-4a7d-4ab3-adbe-2e67760b87f4: start FollowerState
2019-10-18 11:24:44,530 [Thread-1498] INFO  impl.FollowerState (FollowerState.java:run(117)) - 54aabb14-4a7d-4ab3-adbe-2e67760b87f4@group-7E32184879DE-FollowerState was interrupted: java.lang.InterruptedException: sleep interrupted
2019-10-18 11:24:44,554 [f535bb4a-cba0-4f9b-9e3e-e4a48b3eda51@group-7E32184879DE-LeaderElection209] INFO  impl.LeaderElection (LeaderElection.java:logAndReturn(56)) - f535bb4a-cba0-4f9b-9e3e-e4a48b3eda51@group-7E32184879DE-LeaderElection209: Election REJECTED; received 2 response(s) [f535bb4a-cba0-4f9b-9e3e-e4a48b3eda51<-54aabb14-4a7d-4ab3-adbe-2e67760b87f4#0:FAIL-t247, f535bb4a-cba0-4f9b-9e3e-e4a48b3eda51<-c652e2ee-3322-4406-8db6-1ea643cb3197#0:FAIL-t247] and 0 exception(s); f535bb4a-cba0-4f9b-9e3e-e4a48b3eda51@group-7E32184879DE:t247, leader=null, voted=f535bb4a-cba0-4f9b-9e3e-e4a48b3eda51, raftlog=f535bb4a-cba0-4f9b-9e3e-e4a48b3eda51@group-7E32184879DE-SegmentedRaftLog:OPENED:c-1,f-1,i0, conf=-1: [f535bb4a-cba0-4f9b-9e3e-e4a48b3eda51:0.0.0.0:44706, 54aabb14-4a7d-4ab3-adbe-2e67760b87f4:0.0.0.0:43074, c652e2ee-3322-4406-8db6-1ea643cb3197:0.0.0.0:42129], old=null
2019-10-18 11:24:44,554 [f535bb4a-cba0-4f9b-9e3e-e4a48b3eda51@group-7E32184879DE-LeaderElection209] INFO  impl.RaftServerImpl (RaftServerImpl.java:setRole(184)) - f535bb4a-cba0-4f9b-9e3e-e4a48b3eda51@group-7E32184879DE: changes role from CANDIDATE to FOLLOWER at term 247 for DISCOVERED_A_NEW_TERM
2019-10-18 11:24:44,554 [f535bb4a-cba0-4f9b-9e3e-e4a48b3eda51@group-7E32184879DE-LeaderElection209] INFO  impl.RoleInfo (RoleInfo.java:shutdownLeaderElection(134)) - f535bb4a-cba0-4f9b-9e3e-e4a48b3eda51: shutdown LeaderElection
2019-10-18 11:24:44,554 [f535bb4a-cba0-4f9b-9e3e-e4a48b3eda51@group-7E32184879DE-LeaderElection209] INFO  impl.RoleInfo (RoleInfo.java:updateAndGet(143)) - f535bb4a-cba0-4f9b-9e3e-e4a48b3eda51: start FollowerState
2019-10-18 11:24:44,646 [Thread-1505] INFO  impl.FollowerState (FollowerState.java:run(108)) - f535bb4a-cba0-4f9b-9e3e-e4a48b3eda51@group-7E32184879DE-FollowerState: change to CANDIDATE, lastRpcTime:92ms, electionTimeout:92ms
2019-10-18 11:24:44,647 [Thread-1505] INFO  impl.RoleInfo (RoleInfo.java:shutdownFollowerState(121)) - f535bb4a-cba0-4f9b-9e3e-e4a48b3eda51: shutdown FollowerState
2019-10-18 11:24:44,647 [Thread-1505] INFO  impl.RaftServerImpl (RaftServerImpl.java:setRole(184)) - f535bb4a-cba0-4f9b-9e3e-e4a48b3eda51@group-7E32184879DE: changes role from  FOLLOWER to CANDIDATE at term 247 for changeToCandidate
2019-10-18 11:24:44,647 [Thread-1505] INFO  impl.RoleInfo (RoleInfo.java:updateAndGet(143)) - f535bb4a-cba0-4f9b-9e3e-e4a48b3eda51: start LeaderElection
2019-10-18 11:24:44,670 [f535bb4a-cba0-4f9b-9e3e-e4a48b3eda51@group-7E32184879DE-LeaderElection210] INFO  impl.LeaderElection (LeaderElection.java:askForVotes(178)) - f535bb4a-cba0-4f9b-9e3e-e4a48b3eda51@group-7E32184879DE-LeaderElection210: begin an election at term 248 for -1: [f535bb4a-cba0-4f9b-9e3e-e4a48b3eda51:0.0.0.0:44706, 54aabb14-4a7d-4ab3-adbe-2e67760b87f4:0.0.0.0:43074, c652e2ee-3322-4406-8db6-1ea643cb3197:0.0.0.0:42129], old=null
2019-10-18 11:24:44,672 [grpc-default-executor-3] INFO  impl.RaftServerImpl (RaftServerImpl.java:setRole(184)) - c652e2ee-3322-4406-8db6-1ea643cb3197@group-7E32184879DE: changes role from  FOLLOWER to FOLLOWER at term 248 for recognizeCandidate:f535bb4a-cba0-4f9b-9e3e-e4a48b3eda51
2019-10-18 11:24:44,672 [grpc-default-executor-3] INFO  impl.RoleInfo (RoleInfo.java:shutdownFollowerState(121)) - c652e2ee-3322-4406-8db6-1ea643cb3197: shutdown FollowerState
2019-10-18 11:24:44,672 [grpc-default-executor-0] INFO  impl.RaftServerImpl (RaftServerImpl.java:setRole(184)) - 54aabb14-4a7d-4ab3-adbe-2e67760b87f4@group-7E32184879DE: changes role from  FOLLOWER to FOLLOWER at term 248 for recognizeCandidate:f535bb4a-cba0-4f9b-9e3e-e4a48b3eda51
2019-10-18 11:24:44,672 [grpc-default-executor-0] INFO  impl.RoleInfo (RoleInfo.java:shutdownFollowerState(121)) - 54aabb14-4a7d-4ab3-adbe-2e67760b87f4: shutdown FollowerState
2019-10-18 11:24:44,672 [Thread-1503] INFO  impl.FollowerState (FollowerState.java:run(117)) - c652e2ee-3322-4406-8db6-1ea643cb3197@group-7E32184879DE-FollowerState was interrupted: java.lang.InterruptedException: sleep interrupted
2019-10-18 11:24:44,672 [grpc-default-executor-3] INFO  impl.RoleInfo (RoleInfo.java:updateAndGet(143)) - c652e2ee-3322-4406-8db6-1ea643cb3197: start FollowerState
2019-10-18 11:24:44,673 [Thread-1504] INFO  impl.FollowerState (FollowerState.java:run(117)) - 54aabb14-4a7d-4ab3-adbe-2e67760b87f4@group-7E32184879DE-FollowerState was interrupted: java.lang.InterruptedException: sleep interrupted
2019-10-18 11:24:44,672 [grpc-default-executor-0] INFO  impl.RoleInfo (RoleInfo.java:updateAndGet(143)) - 54aabb14-4a7d-4ab3-adbe-2e67760b87f4: start FollowerState
2019-10-18 11:24:44,696 [f535bb4a-cba0-4f9b-9e3e-e4a48b3eda51@group-7E32184879DE-LeaderElection210] INFO  impl.LeaderElection (LeaderElection.java:logAndReturn(56)) - f535bb4a-cba0-4f9b-9e3e-e4a48b3eda51@group-7E32184879DE-LeaderElection210: Election REJECTED; received 2 response(s) [f535bb4a-cba0-4f9b-9e3e-e4a48b3eda51<-54aabb14-4a7d-4ab3-adbe-2e67760b87f4#0:FAIL-t248, f535bb4a-cba0-4f9b-9e3e-e4a48b3eda51<-c652e2ee-3322-4406-8db6-1ea643cb3197#0:FAIL-t248] and 0 exception(s); f535bb4a-cba0-4f9b-9e3e-e4a48b3eda51@group-7E32184879DE:t248, leader=null, voted=f535bb4a-cba0-4f9b-9e3e-e4a48b3eda51, raftlog=f535bb4a-cba0-4f9b-9e3e-e4a48b3eda51@group-7E32184879DE-SegmentedRaftLog:OPENED:c-1,f-1,i0, conf=-1: [f535bb4a-cba0-4f9b-9e3e-e4a48b3eda51:0.0.0.0:44706, 54aabb14-4a7d-4ab3-adbe-2e67760b87f4:0.0.0.0:43074, c652e2ee-3322-4406-8db6-1ea643cb3197:0.0.0.0:42129], old=null
2019-10-18 11:24:44,696 [f535bb4a-cba0-4f9b-9e3e-e4a48b3eda51@group-7E32184879DE-LeaderElection210] INFO  impl.RaftServerImpl (RaftServerImpl.java:setRole(184)) - f535bb4a-cba0-4f9b-9e3e-e4a48b3eda51@group-7E32184879DE: changes role from CANDIDATE to FOLLOWER at term 248 for DISCOVERED_A_NEW_TERM
2019-10-18 11:24:44,696 [f535bb4a-cba0-4f9b-9e3e-e4a48b3eda51@group-7E32184879DE-LeaderElection210] INFO  impl.RoleInfo (RoleInfo.java:shutdownLeaderElection(134)) - f535bb4a-cba0-4f9b-9e3e-e4a48b3eda51: shutdown LeaderElection
2019-10-18 11:24:44,697 [f535bb4a-cba0-4f9b-9e3e-e4a48b3eda51@group-7E32184879DE-LeaderElection210] INFO  impl.RoleInfo (RoleInfo.java:updateAndGet(143)) - f535bb4a-cba0-4f9b-9e3e-e4a48b3eda51: start FollowerState
2019-10-18 11:24:44,889 [Thread-1511] INFO  impl.FollowerState (FollowerState.java:run(108)) - f535bb4a-cba0-4f9b-9e3e-e4a48b3eda51@group-7E32184879DE-FollowerState: change to CANDIDATE, lastRpcTime:192ms, electionTimeout:192ms
2019-10-18 11:24:44,889 [Thread-1511] INFO  impl.RoleInfo (RoleInfo.java:shutdownFollowerState(121)) - f535bb4a-cba0-4f9b-9e3e-e4a48b3eda51: shutdown FollowerState
2019-10-18 11:24:44,889 [Thread-1511] INFO  impl.RaftServerImpl (RaftServerImpl.java:setRole(184)) - f535bb4a-cba0-4f9b-9e3e-e4a48b3eda51@group-7E32184879DE: changes role from  FOLLOWER to CANDIDATE at term 248 for changeToCandidate
2019-10-18 11:24:44,890 [Thread-1511] INFO  impl.RoleInfo (RoleInfo.java:updateAndGet(143)) - f535bb4a-cba0-4f9b-9e3e-e4a48b3eda51: start LeaderElection
2019-10-18 11:24:44,913 [f535bb4a-cba0-4f9b-9e3e-e4a48b3eda51@group-7E32184879DE-LeaderElection211] INFO  impl.LeaderElection (LeaderElection.java:askForVotes(178)) - f535bb4a-cba0-4f9b-9e3e-e4a48b3eda51@group-7E32184879DE-LeaderElection211: begin an election at term 249 for -1: [f535bb4a-cba0-4f9b-9e3e-e4a48b3eda51:0.0.0.0:44706, 54aabb14-4a7d-4ab3-adbe-2e67760b87f4:0.0.0.0:43074, c652e2ee-3322-4406-8db6-1ea643cb3197:0.0.0.0:42129], old=null
2019-10-18 11:24:44,915 [grpc-default-executor-0] INFO  impl.RaftServerImpl (RaftServerImpl.java:setRole(184)) - 54aabb14-4a7d-4ab3-adbe-2e67760b87f4@group-7E32184879DE: changes role from  FOLLOWER to FOLLOWER at term 249 for recognizeCandidate:f535bb4a-cba0-4f9b-9e3e-e4a48b3eda51
2019-10-18 11:24:44,915 [grpc-default-executor-3] INFO  impl.RaftServerImpl (RaftServerImpl.java:setRole(184)) - c652e2ee-3322-4406-8db6-1ea643cb3197@group-7E32184879DE: changes role from  FOLLOWER to FOLLOWER at term 249 for recognizeCandidate:f535bb4a-cba0-4f9b-9e3e-e4a48b3eda51
2019-10-18 11:24:44,915 [grpc-default-executor-0] INFO  impl.RoleInfo (RoleInfo.java:shutdownFollowerState(121)) - 54aabb14-4a7d-4ab3-adbe-2e67760b87f4: shutdown FollowerState
2019-10-18 11:24:44,916 [grpc-default-executor-3] INFO  impl.RoleInfo (RoleInfo.java:shutdownFollowerState(121)) - c652e2ee-3322-4406-8db6-1ea643cb3197: shutdown FollowerState
2019-10-18 11:24:44,916 [Thread-1510] INFO  impl.FollowerState (FollowerState.java:run(117)) - 54aabb14-4a7d-4ab3-adbe-2e67760b87f4@group-7E32184879DE-FollowerState was interrupted: java.lang.InterruptedException: sleep interrupted
2019-10-18 11:24:44,916 [Thread-1509] INFO  impl.FollowerState (FollowerState.java:run(117)) - c652e2ee-3322-4406-8db6-1ea643cb3197@group-7E32184879DE-FollowerState was interrupted: java.lang.InterruptedException: sleep interrupted
2019-10-18 11:24:44,916 [grpc-default-executor-0] INFO  impl.RoleInfo (RoleInfo.java:updateAndGet(143)) - 54aabb14-4a7d-4ab3-adbe-2e67760b87f4: start FollowerState
2019-10-18 11:24:44,916 [grpc-default-executor-3] INFO  impl.RoleInfo (RoleInfo.java:updateAndGet(143)) - c652e2ee-3322-4406-8db6-1ea643cb3197: start FollowerState
2019-10-18 11:24:44,940 [f535bb4a-cba0-4f9b-9e3e-e4a48b3eda51@group-7E32184879DE-LeaderElection211] INFO  impl.LeaderElection (LeaderElection.java:logAndReturn(56)) - f535bb4a-cba0-4f9b-9e3e-e4a48b3eda51@group-7E32184879DE-LeaderElection211: Election REJECTED; received 2 response(s) [f535bb4a-cba0-4f9b-9e3e-e4a48b3eda51<-54aabb14-4a7d-4ab3-adbe-2e67760b87f4#0:FAIL-t249, f535bb4a-cba0-4f9b-9e3e-e4a48b3eda51<-c652e2ee-3322-4406-8db6-1ea643cb3197#0:FAIL-t249] and 0 exception(s); f535bb4a-cba0-4f9b-9e3e-e4a48b3eda51@group-7E32184879DE:t249, leader=null, voted=f535bb4a-cba0-4f9b-9e3e-e4a48b3eda51, raftlog=f535bb4a-cba0-4f9b-9e3e-e4a48b3eda51@group-7E32184879DE-SegmentedRaftLog:OPENED:c-1,f-1,i0, conf=-1: [f535bb4a-cba0-4f9b-9e3e-e4a48b3eda51:0.0.0.0:44706, 54aabb14-4a7d-4ab3-adbe-2e67760b87f4:0.0.0.0:43074, c652e2ee-3322-4406-8db6-1ea643cb3197:0.0.0.0:42129], old=null
2019-10-18 11:24:44,941 [f535bb4a-cba0-4f9b-9e3e-e4a48b3eda51@group-7E32184879DE-LeaderElection211] INFO  impl.RaftServerImpl (RaftServerImpl.java:setRole(184)) - f535bb4a-cba0-4f9b-9e3e-e4a48b3eda51@group-7E32184879DE: changes role from CANDIDATE to FOLLOWER at term 249 for DISCOVERED_A_NEW_TERM
2019-10-18 11:24:44,941 [f535bb4a-cba0-4f9b-9e3e-e4a48b3eda51@group-7E32184879DE-LeaderElection211] INFO  impl.RoleInfo (RoleInfo.java:shutdownLeaderElection(134)) - f535bb4a-cba0-4f9b-9e3e-e4a48b3eda51: shutdown LeaderElection
2019-10-18 11:24:44,941 [f535bb4a-cba0-4f9b-9e3e-e4a48b3eda51@group-7E32184879DE-LeaderElection211] INFO  impl.RoleInfo (RoleInfo.java:updateAndGet(143)) - f535bb4a-cba0-4f9b-9e3e-e4a48b3eda51: start FollowerState
2019-10-18 11:24:45,033 [Thread-1517] INFO  impl.FollowerState (FollowerState.java:run(108)) - f535bb4a-cba0-4f9b-9e3e-e4a48b3eda51@group-7E32184879DE-FollowerState: change to CANDIDATE, lastRpcTime:92ms, electionTimeout:92ms
2019-10-18 11:24:45,034 [Thread-1517] INFO  impl.RoleInfo (RoleInfo.java:shutdownFollowerState(121)) - f535bb4a-cba0-4f9b-9e3e-e4a48b3eda51: shutdown FollowerState
2019-10-18 11:24:45,034 [Thread-1517] INFO  impl.RaftServerImpl (RaftServerImpl.java:setRole(184)) - f535bb4a-cba0-4f9b-9e3e-e4a48b3eda51@group-7E32184879DE: changes role from  FOLLOWER to CANDIDATE at term 249 for changeToCandidate
2019-10-18 11:24:45,034 [Thread-1517] INFO  impl.RoleInfo (RoleInfo.java:updateAndGet(143)) - f535bb4a-cba0-4f9b-9e3e-e4a48b3eda51: start LeaderElection
2019-10-18 11:24:45,058 [f535bb4a-cba0-4f9b-9e3e-e4a48b3eda51@group-7E32184879DE-LeaderElection212] INFO  impl.LeaderElection (LeaderElection.java:askForVotes(178)) - f535bb4a-cba0-4f9b-9e3e-e4a48b3eda51@group-7E32184879DE-LeaderElection212: begin an election at term 250 for -1: [f535bb4a-cba0-4f9b-9e3e-e4a48b3eda51:0.0.0.0:44706, 54aabb14-4a7d-4ab3-adbe-2e67760b87f4:0.0.0.0:43074, c652e2ee-3322-4406-8db6-1ea643cb3197:0.0.0.0:42129], old=null
2019-10-18 11:24:45,060 [grpc-default-executor-3] INFO  impl.RaftServerImpl (RaftServerImpl.java:setRole(184)) - 54aabb14-4a7d-4ab3-adbe-2e67760b87f4@group-7E32184879DE: changes role from  FOLLOWER to FOLLOWER at term 250 for recognizeCandidate:f535bb4a-cba0-4f9b-9e3e-e4a48b3eda51
2019-10-18 11:24:45,060 [grpc-default-executor-0] INFO  impl.RaftServerImpl (RaftServerImpl.java:setRole(184)) - c652e2ee-3322-4406-8db6-1ea643cb3197@group-7E32184879DE: changes role from  FOLLOWER to FOLLOWER at term 250 for recognizeCandidate:f535bb4a-cba0-4f9b-9e3e-e4a48b3eda51
2019-10-18 11:24:45,060 [grpc-default-executor-3] INFO  impl.RoleInfo (RoleInfo.java:shutdownFollowerState(121)) - 54aabb14-4a7d-4ab3-adbe-2e67760b87f4: shutdown FollowerState
2019-10-18 11:24:45,060 [grpc-default-executor-0] INFO  impl.RoleInfo (RoleInfo.java:shutdownFollowerState(121)) - c652e2ee-3322-4406-8db6-1ea643cb3197: shutdown FollowerState
2019-10-18 11:24:45,061 [Thread-1515] INFO  impl.FollowerState (FollowerState.java:run(117)) - 54aabb14-4a7d-4ab3-adbe-2e67760b87f4@group-7E32184879DE-FollowerState was interrupted: java.lang.InterruptedException: sleep interrupted
2019-10-18 11:24:45,061 [grpc-default-executor-3] INFO  impl.RoleInfo (RoleInfo.java:updateAndGet(143)) - 54aabb14-4a7d-4ab3-adbe-2e67760b87f4: start FollowerState
2019-10-18 11:24:45,061 [Thread-1516] INFO  impl.FollowerState (FollowerState.java:run(117)) - c652e2ee-3322-4406-8db6-1ea643cb3197@group-7E32184879DE-FollowerState was interrupted: java.lang.InterruptedException: sleep interrupted
2019-10-18 11:24:45,061 [grpc-default-executor-0] INFO  impl.RoleInfo (RoleInfo.java:updateAndGet(143)) - c652e2ee-3322-4406-8db6-1ea643cb3197: start FollowerState
2019-10-18 11:24:45,085 [f535bb4a-cba0-4f9b-9e3e-e4a48b3eda51@group-7E32184879DE-LeaderElection212] INFO  impl.LeaderElection (LeaderElection.java:logAndReturn(56)) - f535bb4a-cba0-4f9b-9e3e-e4a48b3eda51@group-7E32184879DE-LeaderElection212: Election REJECTED; received 2 response(s) [f535bb4a-cba0-4f9b-9e3e-e4a48b3eda51<-54aabb14-4a7d-4ab3-adbe-2e67760b87f4#0:FAIL-t250, f535bb4a-cba0-4f9b-9e3e-e4a48b3eda51<-c652e2ee-3322-4406-8db6-1ea643cb3197#0:FAIL-t250] and 0 exception(s); f535bb4a-cba0-4f9b-9e3e-e4a48b3eda51@group-7E32184879DE:t250, leader=null, voted=f535bb4a-cba0-4f9b-9e3e-e4a48b3eda51, raftlog=f535bb4a-cba0-4f9b-9e3e-e4a48b3eda51@group-7E32184879DE-SegmentedRaftLog:OPENED:c-1,f-1,i0, conf=-1: [f535bb4a-cba0-4f9b-9e3e-e4a48b3eda51:0.0.0.0:44706, 54aabb14-4a7d-4ab3-adbe-2e67760b87f4:0.0.0.0:43074, c652e2ee-3322-4406-8db6-1ea643cb3197:0.0.0.0:42129], old=null
2019-10-18 11:24:45,085 [f535bb4a-cba0-4f9b-9e3e-e4a48b3eda51@group-7E32184879DE-LeaderElection212] INFO  impl.RaftServerImpl (RaftServerImpl.java:setRole(184)) - f535bb4a-cba0-4f9b-9e3e-e4a48b3eda51@group-7E32184879DE: changes role from CANDIDATE to FOLLOWER at term 250 for DISCOVERED_A_NEW_TERM
2019-10-18 11:24:45,085 [f535bb4a-cba0-4f9b-9e3e-e4a48b3eda51@group-7E32184879DE-LeaderElection212] INFO  impl.RoleInfo (RoleInfo.java:shutdownLeaderElection(134)) - f535bb4a-cba0-4f9b-9e3e-e4a48b3eda51: shutdown LeaderElection
2019-10-18 11:24:45,085 [f535bb4a-cba0-4f9b-9e3e-e4a48b3eda51@group-7E32184879DE-LeaderElection212] INFO  impl.RoleInfo (RoleInfo.java:updateAndGet(143)) - f535bb4a-cba0-4f9b-9e3e-e4a48b3eda51: start FollowerState
2019-10-18 11:24:45,141 [Thread-1523] INFO  impl.FollowerState (FollowerState.java:run(108)) - f535bb4a-cba0-4f9b-9e3e-e4a48b3eda51@group-7E32184879DE-FollowerState: change to CANDIDATE, lastRpcTime:55ms, electionTimeout:55ms
2019-10-18 11:24:45,141 [Thread-1523] INFO  impl.RoleInfo (RoleInfo.java:shutdownFollowerState(121)) - f535bb4a-cba0-4f9b-9e3e-e4a48b3eda51: shutdown FollowerState
2019-10-18 11:24:45,141 [Thread-1523] INFO  impl.RaftServerImpl (RaftServerImpl.java:setRole(184)) - f535bb4a-cba0-4f9b-9e3e-e4a48b3eda51@group-7E32184879DE: changes role from  FOLLOWER to CANDIDATE at term 250 for changeToCandidate
2019-10-18 11:24:45,141 [Thread-1523] INFO  impl.RoleInfo (RoleInfo.java:updateAndGet(143)) - f535bb4a-cba0-4f9b-9e3e-e4a48b3eda51: start LeaderElection
2019-10-18 11:24:45,165 [f535bb4a-cba0-4f9b-9e3e-e4a48b3eda51@group-7E32184879DE-LeaderElection213] INFO  impl.LeaderElection (LeaderElection.java:askForVotes(178)) - f535bb4a-cba0-4f9b-9e3e-e4a48b3eda51@group-7E32184879DE-LeaderElection213: begin an election at term 251 for -1: [f535bb4a-cba0-4f9b-9e3e-e4a48b3eda51:0.0.0.0:44706, 54aabb14-4a7d-4ab3-adbe-2e67760b87f4:0.0.0.0:43074, c652e2ee-3322-4406-8db6-1ea643cb3197:0.0.0.0:42129], old=null
2019-10-18 11:24:45,168 [grpc-default-executor-0] INFO  impl.RaftServerImpl (RaftServerImpl.java:setRole(184)) - 54aabb14-4a7d-4ab3-adbe-2e67760b87f4@group-7E32184879DE: changes role from  FOLLOWER to FOLLOWER at term 251 for recognizeCandidate:f535bb4a-cba0-4f9b-9e3e-e4a48b3eda51
2019-10-18 11:24:45,168 [grpc-default-executor-3] INFO  impl.RaftServerImpl (RaftServerImpl.java:setRole(184)) - c652e2ee-3322-4406-8db6-1ea643cb3197@group-7E32184879DE: changes role from  FOLLOWER to FOLLOWER at term 251 for recognizeCandidate:f535bb4a-cba0-4f9b-9e3e-e4a48b3eda51
2019-10-18 11:24:45,168 [grpc-default-executor-0] INFO  impl.RoleInfo (RoleInfo.java:shutdownFollowerState(121)) - 54aabb14-4a7d-4ab3-adbe-2e67760b87f4: shutdown FollowerState
2019-10-18 11:24:45,168 [grpc-default-executor-3] INFO  impl.RoleInfo (RoleInfo.java:shutdownFollowerState(121)) - c652e2ee-3322-4406-8db6-1ea643cb3197: shutdown FollowerState
2019-10-18 11:24:45,168 [grpc-default-executor-0] INFO  impl.RoleInfo (RoleInfo.java:updateAndGet(143)) - 54aabb14-4a7d-4ab3-adbe-2e67760b87f4: start FollowerState
2019-10-18 11:24:45,168 [Thread-1522] INFO  impl.FollowerState (FollowerState.java:run(117)) - c652e2ee-3322-4406-8db6-1ea643cb3197@group-7E32184879DE-FollowerState was interrupted: java.lang.InterruptedException: sleep interrupted
2019-10-18 11:24:45,168 [grpc-default-executor-3] INFO  impl.RoleInfo (RoleInfo.java:updateAndGet(143)) - c652e2ee-3322-4406-8db6-1ea643cb3197: start FollowerState
2019-10-18 11:24:45,168 [Thread-1521] INFO  impl.FollowerState (FollowerState.java:run(117)) - 54aabb14-4a7d-4ab3-adbe-2e67760b87f4@group-7E32184879DE-FollowerState was interrupted: java.lang.InterruptedException: sleep interrupted
2019-10-18 11:24:45,192 [f535bb4a-cba0-4f9b-9e3e-e4a48b3eda51@group-7E32184879DE-LeaderElection213] INFO  impl.LeaderElection (LeaderElection.java:logAndReturn(56)) - f535bb4a-cba0-4f9b-9e3e-e4a48b3eda51@group-7E32184879DE-LeaderElection213: Election REJECTED; received 2 response(s) [f535bb4a-cba0-4f9b-9e3e-e4a48b3eda51<-54aabb14-4a7d-4ab3-adbe-2e67760b87f4#0:FAIL-t251, f535bb4a-cba0-4f9b-9e3e-e4a48b3eda51<-c652e2ee-3322-4406-8db6-1ea643cb3197#0:FAIL-t251] and 0 exception(s); f535bb4a-cba0-4f9b-9e3e-e4a48b3eda51@group-7E32184879DE:t251, leader=null, voted=f535bb4a-cba0-4f9b-9e3e-e4a48b3eda51, raftlog=f535bb4a-cba0-4f9b-9e3e-e4a48b3eda51@group-7E32184879DE-SegmentedRaftLog:OPENED:c-1,f-1,i0, conf=-1: [f535bb4a-cba0-4f9b-9e3e-e4a48b3eda51:0.0.0.0:44706, 54aabb14-4a7d-4ab3-adbe-2e67760b87f4:0.0.0.0:43074, c652e2ee-3322-4406-8db6-1ea643cb3197:0.0.0.0:42129], old=null
2019-10-18 11:24:45,192 [f535bb4a-cba0-4f9b-9e3e-e4a48b3eda51@group-7E32184879DE-LeaderElection213] INFO  impl.RaftServerImpl (RaftServerImpl.java:setRole(184)) - f535bb4a-cba0-4f9b-9e3e-e4a48b3eda51@group-7E32184879DE: changes role from CANDIDATE to FOLLOWER at term 251 for DISCOVERED_A_NEW_TERM
2019-10-18 11:24:45,192 [f535bb4a-cba0-4f9b-9e3e-e4a48b3eda51@group-7E32184879DE-LeaderElection213] INFO  impl.RoleInfo (RoleInfo.java:shutdownLeaderElection(134)) - f535bb4a-cba0-4f9b-9e3e-e4a48b3eda51: shutdown LeaderElection
2019-10-18 11:24:45,192 [f535bb4a-cba0-4f9b-9e3e-e4a48b3eda51@group-7E32184879DE-LeaderElection213] INFO  impl.RoleInfo (RoleInfo.java:updateAndGet(143)) - f535bb4a-cba0-4f9b-9e3e-e4a48b3eda51: start FollowerState
2019-10-18 11:24:45,385 [Thread-1529] INFO  impl.FollowerState (FollowerState.java:run(108)) - f535bb4a-cba0-4f9b-9e3e-e4a48b3eda51@group-7E32184879DE-FollowerState: change to CANDIDATE, lastRpcTime:192ms, electionTimeout:192ms
2019-10-18 11:24:45,385 [Thread-1529] INFO  impl.RoleInfo (RoleInfo.java:shutdownFollowerState(121)) - f535bb4a-cba0-4f9b-9e3e-e4a48b3eda51: shutdown FollowerState
2019-10-18 11:24:45,385 [Thread-1529] INFO  impl.RaftServerImpl (RaftServerImpl.java:setRole(184)) - f535bb4a-cba0-4f9b-9e3e-e4a48b3eda51@group-7E32184879DE: changes role from  FOLLOWER to CANDIDATE at term 251 for changeToCandidate
2019-10-18 11:24:45,385 [Thread-1529] INFO  impl.RoleInfo (RoleInfo.java:updateAndGet(143)) - f535bb4a-cba0-4f9b-9e3e-e4a48b3eda51: start LeaderElection
2019-10-18 11:24:45,410 [f535bb4a-cba0-4f9b-9e3e-e4a48b3eda51@group-7E32184879DE-LeaderElection214] INFO  impl.LeaderElection (LeaderElection.java:askForVotes(178)) - f535bb4a-cba0-4f9b-9e3e-e4a48b3eda51@group-7E32184879DE-LeaderElection214: begin an election at term 252 for -1: [f535bb4a-cba0-4f9b-9e3e-e4a48b3eda51:0.0.0.0:44706, 54aabb14-4a7d-4ab3-adbe-2e67760b87f4:0.0.0.0:43074, c652e2ee-3322-4406-8db6-1ea643cb3197:0.0.0.0:42129], old=null
2019-10-18 11:24:45,412 [grpc-default-executor-0] INFO  impl.RaftServerImpl (RaftServerImpl.java:setRole(184)) - c652e2ee-3322-4406-8db6-1ea643cb3197@group-7E32184879DE: changes role from  FOLLOWER to FOLLOWER at term 252 for recognizeCandidate:f535bb4a-cba0-4f9b-9e3e-e4a48b3eda51
2019-10-18 11:24:45,412 [grpc-default-executor-3] INFO  impl.RaftServerImpl (RaftServerImpl.java:setRole(184)) - 54aabb14-4a7d-4ab3-adbe-2e67760b87f4@group-7E32184879DE: changes role from  FOLLOWER to FOLLOWER at term 252 for recognizeCandidate:f535bb4a-cba0-4f9b-9e3e-e4a48b3eda51
2019-10-18 11:24:45,412 [grpc-default-executor-0] INFO  impl.RoleInfo (RoleInfo.java:shutdownFollowerState(121)) - c652e2ee-3322-4406-8db6-1ea643cb3197: shutdown FollowerState
2019-10-18 11:24:45,413 [grpc-default-executor-3] INFO  impl.RoleInfo (RoleInfo.java:shutdownFollowerState(121)) - 54aabb14-4a7d-4ab3-adbe-2e67760b87f4: shutdown FollowerState
2019-10-18 11:24:45,413 [Thread-1528] INFO  impl.FollowerState (FollowerState.java:run(117)) - c652e2ee-3322-4406-8db6-1ea643cb3197@group-7E32184879DE-FollowerState was interrupted: java.lang.InterruptedException: sleep interrupted
2019-10-18 11:24:45,413 [grpc-default-executor-0] INFO  impl.RoleInfo (RoleInfo.java:updateAndGet(143)) - c652e2ee-3322-4406-8db6-1ea643cb3197: start FollowerState
2019-10-18 11:24:45,413 [Thread-1527] INFO  impl.FollowerState (FollowerState.java:run(117)) - 54aabb14-4a7d-4ab3-adbe-2e67760b87f4@group-7E32184879DE-FollowerState was interrupted: java.lang.InterruptedException: sleep interrupted
2019-10-18 11:24:45,413 [grpc-default-executor-3] INFO  impl.RoleInfo (RoleInfo.java:updateAndGet(143)) - 54aabb14-4a7d-4ab3-adbe-2e67760b87f4: start FollowerState
2019-10-18 11:24:45,458 [f535bb4a-cba0-4f9b-9e3e-e4a48b3eda51@group-7E32184879DE-LeaderElection214] INFO  impl.LeaderElection (LeaderElection.java:logAndReturn(56)) - f535bb4a-cba0-4f9b-9e3e-e4a48b3eda51@group-7E32184879DE-LeaderElection214: Election REJECTED; received 2 response(s) [f535bb4a-cba0-4f9b-9e3e-e4a48b3eda51<-54aabb14-4a7d-4ab3-adbe-2e67760b87f4#0:FAIL-t252, f535bb4a-cba0-4f9b-9e3e-e4a48b3eda51<-c652e2ee-3322-4406-8db6-1ea643cb3197#0:FAIL-t252] and 0 exception(s); f535bb4a-cba0-4f9b-9e3e-e4a48b3eda51@group-7E32184879DE:t252, leader=null, voted=f535bb4a-cba0-4f9b-9e3e-e4a48b3eda51, raftlog=f535bb4a-cba0-4f9b-9e3e-e4a48b3eda51@group-7E32184879DE-SegmentedRaftLog:OPENED:c-1,f-1,i0, conf=-1: [f535bb4a-cba0-4f9b-9e3e-e4a48b3eda51:0.0.0.0:44706, 54aabb14-4a7d-4ab3-adbe-2e67760b87f4:0.0.0.0:43074, c652e2ee-3322-4406-8db6-1ea643cb3197:0.0.0.0:42129], old=null
2019-10-18 11:24:45,458 [f535bb4a-cba0-4f9b-9e3e-e4a48b3eda51@group-7E32184879DE-LeaderElection214] INFO  impl.RaftServerImpl (RaftServerImpl.java:setRole(184)) - f535bb4a-cba0-4f9b-9e3e-e4a48b3eda51@group-7E32184879DE: changes role from CANDIDATE to FOLLOWER at term 252 for DISCOVERED_A_NEW_TERM
2019-10-18 11:24:45,458 [f535bb4a-cba0-4f9b-9e3e-e4a48b3eda51@group-7E32184879DE-LeaderElection214] INFO  impl.RoleInfo (RoleInfo.java:shutdownLeaderElection(134)) - f535bb4a-cba0-4f9b-9e3e-e4a48b3eda51: shutdown LeaderElection
2019-10-18 11:24:45,458 [f535bb4a-cba0-4f9b-9e3e-e4a48b3eda51@group-7E32184879DE-LeaderElection214] INFO  impl.RoleInfo (RoleInfo.java:updateAndGet(143)) - f535bb4a-cba0-4f9b-9e3e-e4a48b3eda51: start FollowerState
2019-10-18 11:24:45,656 [Thread-1537] INFO  impl.FollowerState (FollowerState.java:run(108)) - f535bb4a-cba0-4f9b-9e3e-e4a48b3eda51@group-7E32184879DE-FollowerState: change to CANDIDATE, lastRpcTime:197ms, electionTimeout:197ms
2019-10-18 11:24:45,656 [Thread-1537] INFO  impl.RoleInfo (RoleInfo.java:shutdownFollowerState(121)) - f535bb4a-cba0-4f9b-9e3e-e4a48b3eda51: shutdown FollowerState
2019-10-18 11:24:45,656 [Thread-1537] INFO  impl.RaftServerImpl (RaftServerImpl.java:setRole(184)) - f535bb4a-cba0-4f9b-9e3e-e4a48b3eda51@group-7E32184879DE: changes role from  FOLLOWER to CANDIDATE at term 252 for changeToCandidate
2019-10-18 11:24:45,656 [Thread-1537] INFO  impl.RoleInfo (RoleInfo.java:updateAndGet(143)) - f535bb4a-cba0-4f9b-9e3e-e4a48b3eda51: start LeaderElection
2019-10-18 11:24:45,691 [f535bb4a-cba0-4f9b-9e3e-e4a48b3eda51@group-7E32184879DE-LeaderElection215] INFO  impl.LeaderElection (LeaderElection.java:askForVotes(178)) - f535bb4a-cba0-4f9b-9e3e-e4a48b3eda51@group-7E32184879DE-LeaderElection215: begin an election at term 253 for -1: [f535bb4a-cba0-4f9b-9e3e-e4a48b3eda51:0.0.0.0:44706, 54aabb14-4a7d-4ab3-adbe-2e67760b87f4:0.0.0.0:43074, c652e2ee-3322-4406-8db6-1ea643cb3197:0.0.0.0:42129], old=null
2019-10-18 11:24:45,693 [grpc-default-executor-0] INFO  impl.RaftServerImpl (RaftServerImpl.java:setRole(184)) - 54aabb14-4a7d-4ab3-adbe-2e67760b87f4@group-7E32184879DE: changes role from  FOLLOWER to FOLLOWER at term 253 for recognizeCandidate:f535bb4a-cba0-4f9b-9e3e-e4a48b3eda51
2019-10-18 11:24:45,693 [grpc-default-executor-3] INFO  impl.RaftServerImpl (RaftServerImpl.java:setRole(184)) - c652e2ee-3322-4406-8db6-1ea643cb3197@group-7E32184879DE: changes role from  FOLLOWER to FOLLOWER at term 253 for recognizeCandidate:f535bb4a-cba0-4f9b-9e3e-e4a48b3eda51
2019-10-18 11:24:45,694 [grpc-default-executor-3] INFO  impl.RoleInfo (RoleInfo.java:shutdownFollowerState(121)) - c652e2ee-3322-4406-8db6-1ea643cb3197: shutdown FollowerState
2019-10-18 11:24:45,694 [grpc-default-executor-0] INFO  impl.RoleInfo (RoleInfo.java:shutdownFollowerState(121)) - 54aabb14-4a7d-4ab3-adbe-2e67760b87f4: shutdown FollowerState
2019-10-18 11:24:45,694 [Thread-1535] INFO  impl.FollowerState (FollowerState.java:run(117)) - c652e2ee-3322-4406-8db6-1ea643cb3197@group-7E32184879DE-FollowerState was interrupted: java.lang.InterruptedException: sleep interrupted
2019-10-18 11:24:45,694 [grpc-default-executor-3] INFO  impl.RoleInfo (RoleInfo.java:updateAndGet(143)) - c652e2ee-3322-4406-8db6-1ea643cb3197: start FollowerState
2019-10-18 11:24:45,694 [Thread-1536] INFO  impl.FollowerState (FollowerState.java:run(117)) - 54aabb14-4a7d-4ab3-adbe-2e67760b87f4@group-7E32184879DE-FollowerState was interrupted: java.lang.InterruptedException: sleep interrupted
2019-10-18 11:24:45,694 [grpc-default-executor-0] INFO  impl.RoleInfo (RoleInfo.java:updateAndGet(143)) - 54aabb14-4a7d-4ab3-adbe-2e67760b87f4: start FollowerState
2019-10-18 11:24:45,725 [f535bb4a-cba0-4f9b-9e3e-e4a48b3eda51@group-7E32184879DE-LeaderElection215] INFO  impl.LeaderElection (LeaderElection.java:logAndReturn(56)) - f535bb4a-cba0-4f9b-9e3e-e4a48b3eda51@group-7E32184879DE-LeaderElection215: Election REJECTED; received 2 response(s) [f535bb4a-cba0-4f9b-9e3e-e4a48b3eda51<-54aabb14-4a7d-4ab3-adbe-2e67760b87f4#0:FAIL-t253, f535bb4a-cba0-4f9b-9e3e-e4a48b3eda51<-c652e2ee-3322-4406-8db6-1ea643cb3197#0:FAIL-t253] and 0 exception(s); f535bb4a-cba0-4f9b-9e3e-e4a48b3eda51@group-7E32184879DE:t253, leader=null, voted=f535bb4a-cba0-4f9b-9e3e-e4a48b3eda51, raftlog=f535bb4a-cba0-4f9b-9e3e-e4a48b3eda51@group-7E32184879DE-SegmentedRaftLog:OPENED:c-1,f-1,i0, conf=-1: [f535bb4a-cba0-4f9b-9e3e-e4a48b3eda51:0.0.0.0:44706, 54aabb14-4a7d-4ab3-adbe-2e67760b87f4:0.0.0.0:43074, c652e2ee-3322-4406-8db6-1ea643cb3197:0.0.0.0:42129], old=null
2019-10-18 11:24:45,725 [f535bb4a-cba0-4f9b-9e3e-e4a48b3eda51@group-7E32184879DE-LeaderElection215] INFO  impl.RaftServerImpl (RaftServerImpl.java:setRole(184)) - f535bb4a-cba0-4f9b-9e3e-e4a48b3eda51@group-7E32184879DE: changes role from CANDIDATE to FOLLOWER at term 253 for DISCOVERED_A_NEW_TERM
2019-10-18 11:24:45,725 [f535bb4a-cba0-4f9b-9e3e-e4a48b3eda51@group-7E32184879DE-LeaderElection215] INFO  impl.RoleInfo (RoleInfo.java:shutdownLeaderElection(134)) - f535bb4a-cba0-4f9b-9e3e-e4a48b3eda51: shutdown LeaderElection
2019-10-18 11:24:45,725 [f535bb4a-cba0-4f9b-9e3e-e4a48b3eda51@group-7E32184879DE-LeaderElection215] INFO  impl.RoleInfo (RoleInfo.java:updateAndGet(143)) - f535bb4a-cba0-4f9b-9e3e-e4a48b3eda51: start FollowerState
2019-10-18 11:24:45,845 [Thread-1543] INFO  impl.FollowerState (FollowerState.java:run(108)) - f535bb4a-cba0-4f9b-9e3e-e4a48b3eda51@group-7E32184879DE-FollowerState: change to CANDIDATE, lastRpcTime:119ms, electionTimeout:119ms
2019-10-18 11:24:45,846 [Thread-1543] INFO  impl.RoleInfo (RoleInfo.java:shutdownFollowerState(121)) - f535bb4a-cba0-4f9b-9e3e-e4a48b3eda51: shutdown FollowerState
2019-10-18 11:24:45,846 [Thread-1543] INFO  impl.RaftServerImpl (RaftServerImpl.java:setRole(184)) - f535bb4a-cba0-4f9b-9e3e-e4a48b3eda51@group-7E32184879DE: changes role from  FOLLOWER to CANDIDATE at term 253 for changeToCandidate
2019-10-18 11:24:45,846 [Thread-1543] INFO  impl.RoleInfo (RoleInfo.java:updateAndGet(143)) - f535bb4a-cba0-4f9b-9e3e-e4a48b3eda51: start LeaderElection
2019-10-18 11:24:45,875 [f535bb4a-cba0-4f9b-9e3e-e4a48b3eda51@group-7E32184879DE-LeaderElection216] INFO  impl.LeaderElection (LeaderElection.java:askForVotes(178)) - f535bb4a-cba0-4f9b-9e3e-e4a48b3eda51@group-7E32184879DE-LeaderElection216: begin an election at term 254 for -1: [f535bb4a-cba0-4f9b-9e3e-e4a48b3eda51:0.0.0.0:44706, 54aabb14-4a7d-4ab3-adbe-2e67760b87f4:0.0.0.0:43074, c652e2ee-3322-4406-8db6-1ea643cb3197:0.0.0.0:42129], old=null
2019-10-18 11:24:45,878 [grpc-default-executor-0] INFO  impl.RaftServerImpl (RaftServerImpl.java:setRole(184)) - 54aabb14-4a7d-4ab3-adbe-2e67760b87f4@group-7E32184879DE: changes role from  FOLLOWER to FOLLOWER at term 254 for recognizeCandidate:f535bb4a-cba0-4f9b-9e3e-e4a48b3eda51
2019-10-18 11:24:45,878 [grpc-default-executor-3] INFO  impl.RaftServerImpl (RaftServerImpl.java:setRole(184)) - c652e2ee-3322-4406-8db6-1ea643cb3197@group-7E32184879DE: changes role from  FOLLOWER to FOLLOWER at term 254 for recognizeCandidate:f535bb4a-cba0-4f9b-9e3e-e4a48b3eda51
2019-10-18 11:24:45,878 [grpc-default-executor-0] INFO  impl.RoleInfo (RoleInfo.java:shutdownFollowerState(121)) - 54aabb14-4a7d-4ab3-adbe-2e67760b87f4: shutdown FollowerState
2019-10-18 11:24:45,879 [grpc-default-executor-3] INFO  impl.RoleInfo (RoleInfo.java:shutdownFollowerState(121)) - c652e2ee-3322-4406-8db6-1ea643cb3197: shutdown FollowerState
2019-10-18 11:24:45,879 [Thread-1542] INFO  impl.FollowerState (FollowerState.java:run(117)) - 54aabb14-4a7d-4ab3-adbe-2e67760b87f4@group-7E32184879DE-FollowerState was interrupted: java.lang.InterruptedException: sleep interrupted
2019-10-18 11:24:45,879 [grpc-default-executor-0] INFO  impl.RoleInfo (RoleInfo.java:updateAndGet(143)) - 54aabb14-4a7d-4ab3-adbe-2e67760b87f4: start FollowerState
2019-10-18 11:24:45,879 [Thread-1541] INFO  impl.FollowerState (FollowerState.java:run(117)) - c652e2ee-3322-4406-8db6-1ea643cb3197@group-7E32184879DE-FollowerState was interrupted: java.lang.InterruptedException: sleep interrupted
2019-10-18 11:24:45,879 [grpc-default-executor-3] INFO  impl.RoleInfo (RoleInfo.java:updateAndGet(143)) - c652e2ee-3322-4406-8db6-1ea643cb3197: start FollowerState
2019-10-18 11:24:45,901 [f535bb4a-cba0-4f9b-9e3e-e4a48b3eda51@group-7E32184879DE-LeaderElection216] INFO  impl.LeaderElection (LeaderElection.java:logAndReturn(56)) - f535bb4a-cba0-4f9b-9e3e-e4a48b3eda51@group-7E32184879DE-LeaderElection216: Election REJECTED; received 2 response(s) [f535bb4a-cba0-4f9b-9e3e-e4a48b3eda51<-54aabb14-4a7d-4ab3-adbe-2e67760b87f4#0:FAIL-t254, f535bb4a-cba0-4f9b-9e3e-e4a48b3eda51<-c652e2ee-3322-4406-8db6-1ea643cb3197#0:FAIL-t254] and 0 exception(s); f535bb4a-cba0-4f9b-9e3e-e4a48b3eda51@group-7E32184879DE:t254, leader=null, voted=f535bb4a-cba0-4f9b-9e3e-e4a48b3eda51, raftlog=f535bb4a-cba0-4f9b-9e3e-e4a48b3eda51@group-7E32184879DE-SegmentedRaftLog:OPENED:c-1,f-1,i0, conf=-1: [f535bb4a-cba0-4f9b-9e3e-e4a48b3eda51:0.0.0.0:44706, 54aabb14-4a7d-4ab3-adbe-2e67760b87f4:0.0.0.0:43074, c652e2ee-3322-4406-8db6-1ea643cb3197:0.0.0.0:42129], old=null
2019-10-18 11:24:45,901 [f535bb4a-cba0-4f9b-9e3e-e4a48b3eda51@group-7E32184879DE-LeaderElection216] INFO  impl.RaftServerImpl (RaftServerImpl.java:setRole(184)) - f535bb4a-cba0-4f9b-9e3e-e4a48b3eda51@group-7E32184879DE: changes role from CANDIDATE to FOLLOWER at term 254 for DISCOVERED_A_NEW_TERM
2019-10-18 11:24:45,901 [f535bb4a-cba0-4f9b-9e3e-e4a48b3eda51@group-7E32184879DE-LeaderElection216] INFO  impl.RoleInfo (RoleInfo.java:shutdownLeaderElection(134)) - f535bb4a-cba0-4f9b-9e3e-e4a48b3eda51: shutdown LeaderElection
2019-10-18 11:24:45,901 [f535bb4a-cba0-4f9b-9e3e-e4a48b3eda51@group-7E32184879DE-LeaderElection216] INFO  impl.RoleInfo (RoleInfo.java:updateAndGet(143)) - f535bb4a-cba0-4f9b-9e3e-e4a48b3eda51: start FollowerState
2019-10-18 11:24:45,961 [Thread-1549] INFO  impl.FollowerState (FollowerState.java:run(108)) - f535bb4a-cba0-4f9b-9e3e-e4a48b3eda51@group-7E32184879DE-FollowerState: change to CANDIDATE, lastRpcTime:59ms, electionTimeout:59ms
2019-10-18 11:24:45,961 [Thread-1549] INFO  impl.RoleInfo (RoleInfo.java:shutdownFollowerState(121)) - f535bb4a-cba0-4f9b-9e3e-e4a48b3eda51: shutdown FollowerState
2019-10-18 11:24:45,961 [Thread-1549] INFO  impl.RaftServerImpl (RaftServerImpl.java:setRole(184)) - f535bb4a-cba0-4f9b-9e3e-e4a48b3eda51@group-7E32184879DE: changes role from  FOLLOWER to CANDIDATE at term 254 for changeToCandidate
2019-10-18 11:24:45,961 [Thread-1549] INFO  impl.RoleInfo (RoleInfo.java:updateAndGet(143)) - f535bb4a-cba0-4f9b-9e3e-e4a48b3eda51: start LeaderElection
2019-10-18 11:24:45,992 [f535bb4a-cba0-4f9b-9e3e-e4a48b3eda51@group-7E32184879DE-LeaderElection217] INFO  impl.LeaderElection (LeaderElection.java:askForVotes(178)) - f535bb4a-cba0-4f9b-9e3e-e4a48b3eda51@group-7E32184879DE-LeaderElection217: begin an election at term 255 for -1: [f535bb4a-cba0-4f9b-9e3e-e4a48b3eda51:0.0.0.0:44706, 54aabb14-4a7d-4ab3-adbe-2e67760b87f4:0.0.0.0:43074, c652e2ee-3322-4406-8db6-1ea643cb3197:0.0.0.0:42129], old=null
2019-10-18 11:24:45,994 [grpc-default-executor-0] INFO  impl.RaftServerImpl (RaftServerImpl.java:setRole(184)) - 54aabb14-4a7d-4ab3-adbe-2e67760b87f4@group-7E32184879DE: changes role from  FOLLOWER to FOLLOWER at term 255 for recognizeCandidate:f535bb4a-cba0-4f9b-9e3e-e4a48b3eda51
2019-10-18 11:24:45,994 [grpc-default-executor-0] INFO  impl.RoleInfo (RoleInfo.java:shutdownFollowerState(121)) - 54aabb14-4a7d-4ab3-adbe-2e67760b87f4: shutdown FollowerState
2019-10-18 11:24:45,994 [grpc-default-executor-3] INFO  impl.RaftServerImpl (RaftServerImpl.java:setRole(184)) - c652e2ee-3322-4406-8db6-1ea643cb3197@group-7E32184879DE: changes role from  FOLLOWER to FOLLOWER at term 255 for recognizeCandidate:f535bb4a-cba0-4f9b-9e3e-e4a48b3eda51
2019-10-18 11:24:45,994 [Thread-1547] INFO  impl.FollowerState (FollowerState.java:run(117)) - 54aabb14-4a7d-4ab3-adbe-2e67760b87f4@group-7E32184879DE-FollowerState was interrupted: java.lang.InterruptedException: sleep interrupted
2019-10-18 11:24:45,994 [grpc-default-executor-0] INFO  impl.RoleInfo (RoleInfo.java:updateAndGet(143)) - 54aabb14-4a7d-4ab3-adbe-2e67760b87f4: start FollowerState
2019-10-18 11:24:45,994 [grpc-default-executor-3] INFO  impl.RoleInfo (RoleInfo.java:shutdownFollowerState(121)) - c652e2ee-3322-4406-8db6-1ea643cb3197: shutdown FollowerState
2019-10-18 11:24:45,995 [grpc-default-executor-3] INFO  impl.RoleInfo (RoleInfo.java:updateAndGet(143)) - c652e2ee-3322-4406-8db6-1ea643cb3197: start FollowerState
2019-10-18 11:24:45,995 [Thread-1548] INFO  impl.FollowerState (FollowerState.java:run(117)) - c652e2ee-3322-4406-8db6-1ea643cb3197@group-7E32184879DE-FollowerState was interrupted: java.lang.InterruptedException: sleep interrupted
2019-10-18 11:24:46,018 [f535bb4a-cba0-4f9b-9e3e-e4a48b3eda51@group-7E32184879DE-LeaderElection217] INFO  impl.LeaderElection (LeaderElection.java:logAndReturn(56)) - f535bb4a-cba0-4f9b-9e3e-e4a48b3eda51@group-7E32184879DE-LeaderElection217: Election REJECTED; received 2 response(s) [f535bb4a-cba0-4f9b-9e3e-e4a48b3eda51<-54aabb14-4a7d-4ab3-adbe-2e67760b87f4#0:FAIL-t255, f535bb4a-cba0-4f9b-9e3e-e4a48b3eda51<-c652e2ee-3322-4406-8db6-1ea643cb3197#0:FAIL-t255] and 0 exception(s); f535bb4a-cba0-4f9b-9e3e-e4a48b3eda51@group-7E32184879DE:t255, leader=null, voted=f535bb4a-cba0-4f9b-9e3e-e4a48b3eda51, raftlog=f535bb4a-cba0-4f9b-9e3e-e4a48b3eda51@group-7E32184879DE-SegmentedRaftLog:OPENED:c-1,f-1,i0, conf=-1: [f535bb4a-cba0-4f9b-9e3e-e4a48b3eda51:0.0.0.0:44706, 54aabb14-4a7d-4ab3-adbe-2e67760b87f4:0.0.0.0:43074, c652e2ee-3322-4406-8db6-1ea643cb3197:0.0.0.0:42129], old=null
2019-10-18 11:24:46,018 [f535bb4a-cba0-4f9b-9e3e-e4a48b3eda51@group-7E32184879DE-LeaderElection217] INFO  impl.RaftServerImpl (RaftServerImpl.java:setRole(184)) - f535bb4a-cba0-4f9b-9e3e-e4a48b3eda51@group-7E32184879DE: changes role from CANDIDATE to FOLLOWER at term 255 for DISCOVERED_A_NEW_TERM
2019-10-18 11:24:46,018 [f535bb4a-cba0-4f9b-9e3e-e4a48b3eda51@group-7E32184879DE-LeaderElection217] INFO  impl.RoleInfo (RoleInfo.java:shutdownLeaderElection(134)) - f535bb4a-cba0-4f9b-9e3e-e4a48b3eda51: shutdown LeaderElection
2019-10-18 11:24:46,019 [f535bb4a-cba0-4f9b-9e3e-e4a48b3eda51@group-7E32184879DE-LeaderElection217] INFO  impl.RoleInfo (RoleInfo.java:updateAndGet(143)) - f535bb4a-cba0-4f9b-9e3e-e4a48b3eda51: start FollowerState
2019-10-18 11:24:46,213 [Thread-1555] INFO  impl.FollowerState (FollowerState.java:run(108)) - f535bb4a-cba0-4f9b-9e3e-e4a48b3eda51@group-7E32184879DE-FollowerState: change to CANDIDATE, lastRpcTime:194ms, electionTimeout:194ms
2019-10-18 11:24:46,213 [Thread-1555] INFO  impl.RoleInfo (RoleInfo.java:shutdownFollowerState(121)) - f535bb4a-cba0-4f9b-9e3e-e4a48b3eda51: shutdown FollowerState
2019-10-18 11:24:46,213 [Thread-1555] INFO  impl.RaftServerImpl (RaftServerImpl.java:setRole(184)) - f535bb4a-cba0-4f9b-9e3e-e4a48b3eda51@group-7E32184879DE: changes role from  FOLLOWER to CANDIDATE at term 255 for changeToCandidate
2019-10-18 11:24:46,214 [Thread-1555] INFO  impl.RoleInfo (RoleInfo.java:updateAndGet(143)) - f535bb4a-cba0-4f9b-9e3e-e4a48b3eda51: start LeaderElection
2019-10-18 11:24:46,243 [f535bb4a-cba0-4f9b-9e3e-e4a48b3eda51@group-7E32184879DE-LeaderElection218] INFO  impl.LeaderElection (LeaderElection.java:askForVotes(178)) - f535bb4a-cba0-4f9b-9e3e-e4a48b3eda51@group-7E32184879DE-LeaderElection218: begin an election at term 256 for -1: [f535bb4a-cba0-4f9b-9e3e-e4a48b3eda51:0.0.0.0:44706, 54aabb14-4a7d-4ab3-adbe-2e67760b87f4:0.0.0.0:43074, c652e2ee-3322-4406-8db6-1ea643cb3197:0.0.0.0:42129], old=null
2019-10-18 11:24:46,244 [grpc-default-executor-3] INFO  impl.RaftServerImpl (RaftServerImpl.java:setRole(184)) - 54aabb14-4a7d-4ab3-adbe-2e67760b87f4@group-7E32184879DE: changes role from  FOLLOWER to FOLLOWER at term 256 for recognizeCandidate:f535bb4a-cba0-4f9b-9e3e-e4a48b3eda51
2019-10-18 11:24:46,245 [grpc-default-executor-0] INFO  impl.RaftServerImpl (RaftServerImpl.java:setRole(184)) - c652e2ee-3322-4406-8db6-1ea643cb3197@group-7E32184879DE: changes role from  FOLLOWER to FOLLOWER at term 256 for recognizeCandidate:f535bb4a-cba0-4f9b-9e3e-e4a48b3eda51
2019-10-18 11:24:46,245 [grpc-default-executor-3] INFO  impl.RoleInfo (RoleInfo.java:shutdownFollowerState(121)) - 54aabb14-4a7d-4ab3-adbe-2e67760b87f4: shutdown FollowerState
2019-10-18 11:24:46,245 [grpc-default-executor-0] INFO  impl.RoleInfo (RoleInfo.java:shutdownFollowerState(121)) - c652e2ee-3322-4406-8db6-1ea643cb3197: shutdown FollowerState
2019-10-18 11:24:46,245 [Thread-1553] INFO  impl.FollowerState (FollowerState.java:run(117)) - 54aabb14-4a7d-4ab3-adbe-2e67760b87f4@group-7E32184879DE-FollowerState was interrupted: java.lang.InterruptedException: sleep interrupted
2019-10-18 11:24:46,245 [grpc-default-executor-3] INFO  impl.RoleInfo (RoleInfo.java:updateAndGet(143)) - 54aabb14-4a7d-4ab3-adbe-2e67760b87f4: start FollowerState
2019-10-18 11:24:46,245 [Thread-1554] INFO  impl.FollowerState (FollowerState.java:run(117)) - c652e2ee-3322-4406-8db6-1ea643cb3197@group-7E32184879DE-FollowerState was interrupted: java.lang.InterruptedException: sleep interrupted
2019-10-18 11:24:46,245 [grpc-default-executor-0] INFO  impl.RoleInfo (RoleInfo.java:updateAndGet(143)) - c652e2ee-3322-4406-8db6-1ea643cb3197: start FollowerState
2019-10-18 11:24:46,269 [f535bb4a-cba0-4f9b-9e3e-e4a48b3eda51@group-7E32184879DE-LeaderElection218] INFO  impl.LeaderElection (LeaderElection.java:logAndReturn(56)) - f535bb4a-cba0-4f9b-9e3e-e4a48b3eda51@group-7E32184879DE-LeaderElection218: Election REJECTED; received 2 response(s) [f535bb4a-cba0-4f9b-9e3e-e4a48b3eda51<-54aabb14-4a7d-4ab3-adbe-2e67760b87f4#0:FAIL-t256, f535bb4a-cba0-4f9b-9e3e-e4a48b3eda51<-c652e2ee-3322-4406-8db6-1ea643cb3197#0:FAIL-t256] and 0 exception(s); f535bb4a-cba0-4f9b-9e3e-e4a48b3eda51@group-7E32184879DE:t256, leader=null, voted=f535bb4a-cba0-4f9b-9e3e-e4a48b3eda51, raftlog=f535bb4a-cba0-4f9b-9e3e-e4a48b3eda51@group-7E32184879DE-SegmentedRaftLog:OPENED:c-1,f-1,i0, conf=-1: [f535bb4a-cba0-4f9b-9e3e-e4a48b3eda51:0.0.0.0:44706, 54aabb14-4a7d-4ab3-adbe-2e67760b87f4:0.0.0.0:43074, c652e2ee-3322-4406-8db6-1ea643cb3197:0.0.0.0:42129], old=null
2019-10-18 11:24:46,270 [f535bb4a-cba0-4f9b-9e3e-e4a48b3eda51@group-7E32184879DE-LeaderElection218] INFO  impl.RaftServerImpl (RaftServerImpl.java:setRole(184)) - f535bb4a-cba0-4f9b-9e3e-e4a48b3eda51@group-7E32184879DE: changes role from CANDIDATE to FOLLOWER at term 256 for DISCOVERED_A_NEW_TERM
2019-10-18 11:24:46,270 [f535bb4a-cba0-4f9b-9e3e-e4a48b3eda51@group-7E32184879DE-LeaderElection218] INFO  impl.RoleInfo (RoleInfo.java:shutdownLeaderElection(134)) - f535bb4a-cba0-4f9b-9e3e-e4a48b3eda51: shutdown LeaderElection
2019-10-18 11:24:46,270 [f535bb4a-cba0-4f9b-9e3e-e4a48b3eda51@group-7E32184879DE-LeaderElection218] INFO  impl.RoleInfo (RoleInfo.java:updateAndGet(143)) - f535bb4a-cba0-4f9b-9e3e-e4a48b3eda51: start FollowerState
2019-10-18 11:24:46,284 [Thread-1563] INFO  impl.FollowerState (FollowerState.java:run(108)) - f535bb4a-cba0-4f9b-9e3e-e4a48b3eda51@group-7E32184879DE-FollowerState: change to CANDIDATE, lastRpcTime:14ms, electionTimeout:14ms
2019-10-18 11:24:46,284 [Thread-1563] INFO  impl.RoleInfo (RoleInfo.java:shutdownFollowerState(121)) - f535bb4a-cba0-4f9b-9e3e-e4a48b3eda51: shutdown FollowerState
2019-10-18 11:24:46,284 [Thread-1563] INFO  impl.RaftServerImpl (RaftServerImpl.java:setRole(184)) - f535bb4a-cba0-4f9b-9e3e-e4a48b3eda51@group-7E32184879DE: changes role from  FOLLOWER to CANDIDATE at term 256 for changeToCandidate
2019-10-18 11:24:46,284 [Thread-1563] INFO  impl.RoleInfo (RoleInfo.java:updateAndGet(143)) - f535bb4a-cba0-4f9b-9e3e-e4a48b3eda51: start LeaderElection
2019-10-18 11:24:46,310 [f535bb4a-cba0-4f9b-9e3e-e4a48b3eda51@group-7E32184879DE-LeaderElection219] INFO  impl.LeaderElection (LeaderElection.java:askForVotes(178)) - f535bb4a-cba0-4f9b-9e3e-e4a48b3eda51@group-7E32184879DE-LeaderElection219: begin an election at term 257 for -1: [f535bb4a-cba0-4f9b-9e3e-e4a48b3eda51:0.0.0.0:44706, 54aabb14-4a7d-4ab3-adbe-2e67760b87f4:0.0.0.0:43074, c652e2ee-3322-4406-8db6-1ea643cb3197:0.0.0.0:42129], old=null
2019-10-18 11:24:46,312 [grpc-default-executor-1] INFO  impl.RaftServerImpl (RaftServerImpl.java:setRole(184)) - 54aabb14-4a7d-4ab3-adbe-2e67760b87f4@group-7E32184879DE: changes role from  FOLLOWER to FOLLOWER at term 257 for recognizeCandidate:f535bb4a-cba0-4f9b-9e3e-e4a48b3eda51
2019-10-18 11:24:46,312 [grpc-default-executor-1] INFO  impl.RoleInfo (RoleInfo.java:shutdownFollowerState(121)) - 54aabb14-4a7d-4ab3-adbe-2e67760b87f4: shutdown FollowerState
2019-10-18 11:24:46,312 [grpc-default-executor-1] INFO  impl.RoleInfo (RoleInfo.java:updateAndGet(143)) - 54aabb14-4a7d-4ab3-adbe-2e67760b87f4: start FollowerState
2019-10-18 11:24:46,312 [Thread-1559] INFO  impl.FollowerState (FollowerState.java:run(117)) - 54aabb14-4a7d-4ab3-adbe-2e67760b87f4@group-7E32184879DE-FollowerState was interrupted: java.lang.InterruptedException: sleep interrupted
2019-10-18 11:24:46,312 [grpc-default-executor-3] INFO  impl.RaftServerImpl (RaftServerImpl.java:setRole(184)) - c652e2ee-3322-4406-8db6-1ea643cb3197@group-7E32184879DE: changes role from  FOLLOWER to FOLLOWER at term 257 for recognizeCandidate:f535bb4a-cba0-4f9b-9e3e-e4a48b3eda51
2019-10-18 11:24:46,312 [grpc-default-executor-3] INFO  impl.RoleInfo (RoleInfo.java:shutdownFollowerState(121)) - c652e2ee-3322-4406-8db6-1ea643cb3197: shutdown FollowerState
2019-10-18 11:24:46,313 [grpc-default-executor-3] INFO  impl.RoleInfo (RoleInfo.java:updateAndGet(143)) - c652e2ee-3322-4406-8db6-1ea643cb3197: start FollowerState
2019-10-18 11:24:46,313 [Thread-1560] INFO  impl.FollowerState (FollowerState.java:run(117)) - c652e2ee-3322-4406-8db6-1ea643cb3197@group-7E32184879DE-FollowerState was interrupted: java.lang.InterruptedException: sleep interrupted
2019-10-18 11:24:46,336 [f535bb4a-cba0-4f9b-9e3e-e4a48b3eda51@group-7E32184879DE-LeaderElection219] INFO  impl.LeaderElection (LeaderElection.java:logAndReturn(56)) - f535bb4a-cba0-4f9b-9e3e-e4a48b3eda51@group-7E32184879DE-LeaderElection219: Election REJECTED; received 2 response(s) [f535bb4a-cba0-4f9b-9e3e-e4a48b3eda51<-54aabb14-4a7d-4ab3-adbe-2e67760b87f4#0:FAIL-t257, f535bb4a-cba0-4f9b-9e3e-e4a48b3eda51<-c652e2ee-3322-4406-8db6-1ea643cb3197#0:FAIL-t257] and 0 exception(s); f535bb4a-cba0-4f9b-9e3e-e4a48b3eda51@group-7E32184879DE:t257, leader=null, voted=f535bb4a-cba0-4f9b-9e3e-e4a48b3eda51, raftlog=f535bb4a-cba0-4f9b-9e3e-e4a48b3eda51@group-7E32184879DE-SegmentedRaftLog:OPENED:c-1,f-1,i0, conf=-1: [f535bb4a-cba0-4f9b-9e3e-e4a48b3eda51:0.0.0.0:44706, 54aabb14-4a7d-4ab3-adbe-2e67760b87f4:0.0.0.0:43074, c652e2ee-3322-4406-8db6-1ea643cb3197:0.0.0.0:42129], old=null
2019-10-18 11:24:46,336 [f535bb4a-cba0-4f9b-9e3e-e4a48b3eda51@group-7E32184879DE-LeaderElection219] INFO  impl.RaftServerImpl (RaftServerImpl.java:setRole(184)) - f535bb4a-cba0-4f9b-9e3e-e4a48b3eda51@group-7E32184879DE: changes role from CANDIDATE to FOLLOWER at term 257 for DISCOVERED_A_NEW_TERM
2019-10-18 11:24:46,337 [f535bb4a-cba0-4f9b-9e3e-e4a48b3eda51@group-7E32184879DE-LeaderElection219] INFO  impl.RoleInfo (RoleInfo.java:shutdownLeaderElection(134)) - f535bb4a-cba0-4f9b-9e3e-e4a48b3eda51: shutdown LeaderElection
2019-10-18 11:24:46,337 [f535bb4a-cba0-4f9b-9e3e-e4a48b3eda51@group-7E32184879DE-LeaderElection219] INFO  impl.RoleInfo (RoleInfo.java:updateAndGet(143)) - f535bb4a-cba0-4f9b-9e3e-e4a48b3eda51: start FollowerState
2019-10-18 11:24:46,505 [Thread-1569] INFO  impl.FollowerState (FollowerState.java:run(108)) - f535bb4a-cba0-4f9b-9e3e-e4a48b3eda51@group-7E32184879DE-FollowerState: change to CANDIDATE, lastRpcTime:168ms, electionTimeout:168ms
2019-10-18 11:24:46,505 [Thread-1569] INFO  impl.RoleInfo (RoleInfo.java:shutdownFollowerState(121)) - f535bb4a-cba0-4f9b-9e3e-e4a48b3eda51: shutdown FollowerState
2019-10-18 11:24:46,505 [Thread-1569] INFO  impl.RaftServerImpl (RaftServerImpl.java:setRole(184)) - f535bb4a-cba0-4f9b-9e3e-e4a48b3eda51@group-7E32184879DE: changes role from  FOLLOWER to CANDIDATE at term 257 for changeToCandidate
2019-10-18 11:24:46,505 [Thread-1569] INFO  impl.RoleInfo (RoleInfo.java:updateAndGet(143)) - f535bb4a-cba0-4f9b-9e3e-e4a48b3eda51: start LeaderElection
2019-10-18 11:24:46,537 [f535bb4a-cba0-4f9b-9e3e-e4a48b3eda51@group-7E32184879DE-LeaderElection220] INFO  impl.LeaderElection (LeaderElection.java:askForVotes(178)) - f535bb4a-cba0-4f9b-9e3e-e4a48b3eda51@group-7E32184879DE-LeaderElection220: begin an election at term 258 for -1: [f535bb4a-cba0-4f9b-9e3e-e4a48b3eda51:0.0.0.0:44706, 54aabb14-4a7d-4ab3-adbe-2e67760b87f4:0.0.0.0:43074, c652e2ee-3322-4406-8db6-1ea643cb3197:0.0.0.0:42129], old=null
2019-10-18 11:24:46,539 [grpc-default-executor-1] INFO  impl.RaftServerImpl (RaftServerImpl.java:setRole(184)) - 54aabb14-4a7d-4ab3-adbe-2e67760b87f4@group-7E32184879DE: changes role from  FOLLOWER to FOLLOWER at term 258 for recognizeCandidate:f535bb4a-cba0-4f9b-9e3e-e4a48b3eda51
2019-10-18 11:24:46,539 [grpc-default-executor-3] INFO  impl.RaftServerImpl (RaftServerImpl.java:setRole(184)) - c652e2ee-3322-4406-8db6-1ea643cb3197@group-7E32184879DE: changes role from  FOLLOWER to FOLLOWER at term 258 for recognizeCandidate:f535bb4a-cba0-4f9b-9e3e-e4a48b3eda51
2019-10-18 11:24:46,539 [grpc-default-executor-1] INFO  impl.RoleInfo (RoleInfo.java:shutdownFollowerState(121)) - 54aabb14-4a7d-4ab3-adbe-2e67760b87f4: shutdown FollowerState
2019-10-18 11:24:46,539 [grpc-default-executor-3] INFO  impl.RoleInfo (RoleInfo.java:shutdownFollowerState(121)) - c652e2ee-3322-4406-8db6-1ea643cb3197: shutdown FollowerState
2019-10-18 11:24:46,540 [grpc-default-executor-1] INFO  impl.RoleInfo (RoleInfo.java:updateAndGet(143)) - 54aabb14-4a7d-4ab3-adbe-2e67760b87f4: start FollowerState
2019-10-18 11:24:46,540 [Thread-1567] INFO  impl.FollowerState (FollowerState.java:run(117)) - 54aabb14-4a7d-4ab3-adbe-2e67760b87f4@group-7E32184879DE-FollowerState was interrupted: java.lang.InterruptedException: sleep interrupted
2019-10-18 11:24:46,540 [Thread-1568] INFO  impl.FollowerState (FollowerState.java:run(117)) - c652e2ee-3322-4406-8db6-1ea643cb3197@group-7E32184879DE-FollowerState was interrupted: java.lang.InterruptedException: sleep interrupted
2019-10-18 11:24:46,540 [grpc-default-executor-3] INFO  impl.RoleInfo (RoleInfo.java:updateAndGet(143)) - c652e2ee-3322-4406-8db6-1ea643cb3197: start FollowerState
2019-10-18 11:24:46,554 [f535bb4a-cba0-4f9b-9e3e-e4a48b3eda51@group-7E32184879DE-LeaderElection220] INFO  impl.LeaderElection (LeaderElection.java:logAndReturn(56)) - f535bb4a-cba0-4f9b-9e3e-e4a48b3eda51@group-7E32184879DE-LeaderElection220: Election TIMEOUT; received 0 response(s) [] and 0 exception(s); f535bb4a-cba0-4f9b-9e3e-e4a48b3eda51@group-7E32184879DE:t258, leader=null, voted=f535bb4a-cba0-4f9b-9e3e-e4a48b3eda51, raftlog=f535bb4a-cba0-4f9b-9e3e-e4a48b3eda51@group-7E32184879DE-SegmentedRaftLog:OPENED:c-1,f-1,i0, conf=-1: [f535bb4a-cba0-4f9b-9e3e-e4a48b3eda51:0.0.0.0:44706, 54aabb14-4a7d-4ab3-adbe-2e67760b87f4:0.0.0.0:43074, c652e2ee-3322-4406-8db6-1ea643cb3197:0.0.0.0:42129], old=null
2019-10-18 11:24:46,579 [f535bb4a-cba0-4f9b-9e3e-e4a48b3eda51@group-7E32184879DE-LeaderElection220] INFO  impl.LeaderElection (LeaderElection.java:askForVotes(178)) - f535bb4a-cba0-4f9b-9e3e-e4a48b3eda51@group-7E32184879DE-LeaderElection220: begin an election at term 259 for -1: [f535bb4a-cba0-4f9b-9e3e-e4a48b3eda51:0.0.0.0:44706, 54aabb14-4a7d-4ab3-adbe-2e67760b87f4:0.0.0.0:43074, c652e2ee-3322-4406-8db6-1ea643cb3197:0.0.0.0:42129], old=null
2019-10-18 11:24:46,581 [grpc-default-executor-3] INFO  impl.RaftServerImpl (RaftServerImpl.java:setRole(184)) - 54aabb14-4a7d-4ab3-adbe-2e67760b87f4@group-7E32184879DE: changes role from  FOLLOWER to FOLLOWER at term 259 for recognizeCandidate:f535bb4a-cba0-4f9b-9e3e-e4a48b3eda51
2019-10-18 11:24:46,581 [grpc-default-executor-1] INFO  impl.RaftServerImpl (RaftServerImpl.java:setRole(184)) - c652e2ee-3322-4406-8db6-1ea643cb3197@group-7E32184879DE: changes role from  FOLLOWER to FOLLOWER at term 259 for recognizeCandidate:f535bb4a-cba0-4f9b-9e3e-e4a48b3eda51
2019-10-18 11:24:46,581 [grpc-default-executor-3] INFO  impl.RoleInfo (RoleInfo.java:shutdownFollowerState(121)) - 54aabb14-4a7d-4ab3-adbe-2e67760b87f4: shutdown FollowerState
2019-10-18 11:24:46,582 [grpc-default-executor-1] INFO  impl.RoleInfo (RoleInfo.java:shutdownFollowerState(121)) - c652e2ee-3322-4406-8db6-1ea643cb3197: shutdown FollowerState
2019-10-18 11:24:46,582 [Thread-1573] INFO  impl.FollowerState (FollowerState.java:run(117)) - 54aabb14-4a7d-4ab3-adbe-2e67760b87f4@group-7E32184879DE-FollowerState was interrupted: java.lang.InterruptedException: sleep interrupted
2019-10-18 11:24:46,582 [grpc-default-executor-3] INFO  impl.RoleInfo (RoleInfo.java:updateAndGet(143)) - 54aabb14-4a7d-4ab3-adbe-2e67760b87f4: start FollowerState
2019-10-18 11:24:46,582 [grpc-default-executor-1] INFO  impl.RoleInfo (RoleInfo.java:updateAndGet(143)) - c652e2ee-3322-4406-8db6-1ea643cb3197: start FollowerState
2019-10-18 11:24:46,582 [Thread-1574] INFO  impl.FollowerState (FollowerState.java:run(117)) - c652e2ee-3322-4406-8db6-1ea643cb3197@group-7E32184879DE-FollowerState was interrupted: java.lang.InterruptedException: sleep interrupted
2019-10-18 11:24:46,605 [f535bb4a-cba0-4f9b-9e3e-e4a48b3eda51@group-7E32184879DE-LeaderElection220] INFO  impl.LeaderElection (LeaderElection.java:logAndReturn(56)) - f535bb4a-cba0-4f9b-9e3e-e4a48b3eda51@group-7E32184879DE-LeaderElection220: Election REJECTED; received 2 response(s) [f535bb4a-cba0-4f9b-9e3e-e4a48b3eda51<-54aabb14-4a7d-4ab3-adbe-2e67760b87f4#0:FAIL-t259, f535bb4a-cba0-4f9b-9e3e-e4a48b3eda51<-c652e2ee-3322-4406-8db6-1ea643cb3197#0:FAIL-t259] and 0 exception(s); f535bb4a-cba0-4f9b-9e3e-e4a48b3eda51@group-7E32184879DE:t259, leader=null, voted=f535bb4a-cba0-4f9b-9e3e-e4a48b3eda51, raftlog=f535bb4a-cba0-4f9b-9e3e-e4a48b3eda51@group-7E32184879DE-SegmentedRaftLog:OPENED:c-1,f-1,i0, conf=-1: [f535bb4a-cba0-4f9b-9e3e-e4a48b3eda51:0.0.0.0:44706, 54aabb14-4a7d-4ab3-adbe-2e67760b87f4:0.0.0.0:43074, c652e2ee-3322-4406-8db6-1ea643cb3197:0.0.0.0:42129], old=null
2019-10-18 11:24:46,606 [f535bb4a-cba0-4f9b-9e3e-e4a48b3eda51@group-7E32184879DE-LeaderElection220] INFO  impl.RaftServerImpl (RaftServerImpl.java:setRole(184)) - f535bb4a-cba0-4f9b-9e3e-e4a48b3eda51@group-7E32184879DE: changes role from CANDIDATE to FOLLOWER at term 259 for DISCOVERED_A_NEW_TERM
2019-10-18 11:24:46,606 [f535bb4a-cba0-4f9b-9e3e-e4a48b3eda51@group-7E32184879DE-LeaderElection220] INFO  impl.RoleInfo (RoleInfo.java:shutdownLeaderElection(134)) - f535bb4a-cba0-4f9b-9e3e-e4a48b3eda51: shutdown LeaderElection
2019-10-18 11:24:46,606 [f535bb4a-cba0-4f9b-9e3e-e4a48b3eda51@group-7E32184879DE-LeaderElection220] INFO  impl.RoleInfo (RoleInfo.java:updateAndGet(143)) - f535bb4a-cba0-4f9b-9e3e-e4a48b3eda51: start FollowerState
2019-10-18 11:24:46,805 [Thread-1579] INFO  impl.FollowerState (FollowerState.java:run(108)) - f535bb4a-cba0-4f9b-9e3e-e4a48b3eda51@group-7E32184879DE-FollowerState: change to CANDIDATE, lastRpcTime:199ms, electionTimeout:199ms
2019-10-18 11:24:46,805 [Thread-1579] INFO  impl.RoleInfo (RoleInfo.java:shutdownFollowerState(121)) - f535bb4a-cba0-4f9b-9e3e-e4a48b3eda51: shutdown FollowerState
2019-10-18 11:24:46,806 [Thread-1579] INFO  impl.RaftServerImpl (RaftServerImpl.java:setRole(184)) - f535bb4a-cba0-4f9b-9e3e-e4a48b3eda51@group-7E32184879DE: changes role from  FOLLOWER to CANDIDATE at term 259 for changeToCandidate
2019-10-18 11:24:46,806 [Thread-1579] INFO  impl.RoleInfo (RoleInfo.java:updateAndGet(143)) - f535bb4a-cba0-4f9b-9e3e-e4a48b3eda51: start LeaderElection
2019-10-18 11:24:46,830 [f535bb4a-cba0-4f9b-9e3e-e4a48b3eda51@group-7E32184879DE-LeaderElection221] INFO  impl.LeaderElection (LeaderElection.java:askForVotes(178)) - f535bb4a-cba0-4f9b-9e3e-e4a48b3eda51@group-7E32184879DE-LeaderElection221: begin an election at term 260 for -1: [f535bb4a-cba0-4f9b-9e3e-e4a48b3eda51:0.0.0.0:44706, 54aabb14-4a7d-4ab3-adbe-2e67760b87f4:0.0.0.0:43074, c652e2ee-3322-4406-8db6-1ea643cb3197:0.0.0.0:42129], old=null
2019-10-18 11:24:46,832 [grpc-default-executor-3] INFO  impl.RaftServerImpl (RaftServerImpl.java:setRole(184)) - 54aabb14-4a7d-4ab3-adbe-2e67760b87f4@group-7E32184879DE: changes role from  FOLLOWER to FOLLOWER at term 260 for recognizeCandidate:f535bb4a-cba0-4f9b-9e3e-e4a48b3eda51
2019-10-18 11:24:46,832 [grpc-default-executor-3] INFO  impl.RoleInfo (RoleInfo.java:shutdownFollowerState(121)) - 54aabb14-4a7d-4ab3-adbe-2e67760b87f4: shutdown FollowerState
2019-10-18 11:24:46,832 [grpc-default-executor-3] INFO  impl.RoleInfo (RoleInfo.java:updateAndGet(143)) - 54aabb14-4a7d-4ab3-adbe-2e67760b87f4: start FollowerState
2019-10-18 11:24:46,832 [Thread-1577] INFO  impl.FollowerState (FollowerState.java:run(117)) - 54aabb14-4a7d-4ab3-adbe-2e67760b87f4@group-7E32184879DE-FollowerState was interrupted: java.lang.InterruptedException: sleep interrupted
2019-10-18 11:24:46,832 [grpc-default-executor-1] INFO  impl.RaftServerImpl (RaftServerImpl.java:setRole(184)) - c652e2ee-3322-4406-8db6-1ea643cb3197@group-7E32184879DE: changes role from  FOLLOWER to FOLLOWER at term 260 for recognizeCandidate:f535bb4a-cba0-4f9b-9e3e-e4a48b3eda51
2019-10-18 11:24:46,833 [grpc-default-executor-1] INFO  impl.RoleInfo (RoleInfo.java:shutdownFollowerState(121)) - c652e2ee-3322-4406-8db6-1ea643cb3197: shutdown FollowerState
2019-10-18 11:24:46,833 [grpc-default-executor-1] INFO  impl.RoleInfo (RoleInfo.java:updateAndGet(143)) - c652e2ee-3322-4406-8db6-1ea643cb3197: start FollowerState
2019-10-18 11:24:46,833 [Thread-1578] INFO  impl.FollowerState (FollowerState.java:run(117)) - c652e2ee-3322-4406-8db6-1ea643cb3197@group-7E32184879DE-FollowerState was interrupted: java.lang.InterruptedException: sleep interrupted
2019-10-18 11:24:46,856 [f535bb4a-cba0-4f9b-9e3e-e4a48b3eda51@group-7E32184879DE-LeaderElection221] INFO  impl.LeaderElection (LeaderElection.java:logAndReturn(56)) - f535bb4a-cba0-4f9b-9e3e-e4a48b3eda51@group-7E32184879DE-LeaderElection221: Election REJECTED; received 2 response(s) [f535bb4a-cba0-4f9b-9e3e-e4a48b3eda51<-54aabb14-4a7d-4ab3-adbe-2e67760b87f4#0:FAIL-t260, f535bb4a-cba0-4f9b-9e3e-e4a48b3eda51<-c652e2ee-3322-4406-8db6-1ea643cb3197#0:FAIL-t260] and 0 exception(s); f535bb4a-cba0-4f9b-9e3e-e4a48b3eda51@group-7E32184879DE:t260, leader=null, voted=f535bb4a-cba0-4f9b-9e3e-e4a48b3eda51, raftlog=f535bb4a-cba0-4f9b-9e3e-e4a48b3eda51@group-7E32184879DE-SegmentedRaftLog:OPENED:c-1,f-1,i0, conf=-1: [f535bb4a-cba0-4f9b-9e3e-e4a48b3eda51:0.0.0.0:44706, 54aabb14-4a7d-4ab3-adbe-2e67760b87f4:0.0.0.0:43074, c652e2ee-3322-4406-8db6-1ea643cb3197:0.0.0.0:42129], old=null
2019-10-18 11:24:46,856 [f535bb4a-cba0-4f9b-9e3e-e4a48b3eda51@group-7E32184879DE-LeaderElection221] INFO  impl.RaftServerImpl (RaftServerImpl.java:setRole(184)) - f535bb4a-cba0-4f9b-9e3e-e4a48b3eda51@group-7E32184879DE: changes role from CANDIDATE to FOLLOWER at term 260 for DISCOVERED_A_NEW_TERM
2019-10-18 11:24:46,857 [f535bb4a-cba0-4f9b-9e3e-e4a48b3eda51@group-7E32184879DE-LeaderElection221] INFO  impl.RoleInfo (RoleInfo.java:shutdownLeaderElection(134)) - f535bb4a-cba0-4f9b-9e3e-e4a48b3eda51: shutdown LeaderElection
2019-10-18 11:24:46,857 [f535bb4a-cba0-4f9b-9e3e-e4a48b3eda51@group-7E32184879DE-LeaderElection221] INFO  impl.RoleInfo (RoleInfo.java:updateAndGet(143)) - f535bb4a-cba0-4f9b-9e3e-e4a48b3eda51: start FollowerState
2019-10-18 11:24:46,914 [Thread-1585] INFO  impl.FollowerState (FollowerState.java:run(108)) - f535bb4a-cba0-4f9b-9e3e-e4a48b3eda51@group-7E32184879DE-FollowerState: change to CANDIDATE, lastRpcTime:57ms, electionTimeout:57ms
2019-10-18 11:24:46,914 [Thread-1585] INFO  impl.RoleInfo (RoleInfo.java:shutdownFollowerState(121)) - f535bb4a-cba0-4f9b-9e3e-e4a48b3eda51: shutdown FollowerState
2019-10-18 11:24:46,914 [Thread-1585] INFO  impl.RaftServerImpl (RaftServerImpl.java:setRole(184)) - f535bb4a-cba0-4f9b-9e3e-e4a48b3eda51@group-7E32184879DE: changes role from  FOLLOWER to CANDIDATE at term 260 for changeToCandidate
2019-10-18 11:24:46,915 [Thread-1585] INFO  impl.RoleInfo (RoleInfo.java:updateAndGet(143)) - f535bb4a-cba0-4f9b-9e3e-e4a48b3eda51: start LeaderElection
2019-10-18 11:24:46,939 [f535bb4a-cba0-4f9b-9e3e-e4a48b3eda51@group-7E32184879DE-LeaderElection222] INFO  impl.LeaderElection (LeaderElection.java:askForVotes(178)) - f535bb4a-cba0-4f9b-9e3e-e4a48b3eda51@group-7E32184879DE-LeaderElection222: begin an election at term 261 for -1: [f535bb4a-cba0-4f9b-9e3e-e4a48b3eda51:0.0.0.0:44706, 54aabb14-4a7d-4ab3-adbe-2e67760b87f4:0.0.0.0:43074, c652e2ee-3322-4406-8db6-1ea643cb3197:0.0.0.0:42129], old=null
2019-10-18 11:24:46,941 [grpc-default-executor-1] INFO  impl.RaftServerImpl (RaftServerImpl.java:setRole(184)) - 54aabb14-4a7d-4ab3-adbe-2e67760b87f4@group-7E32184879DE: changes role from  FOLLOWER to FOLLOWER at term 261 for recognizeCandidate:f535bb4a-cba0-4f9b-9e3e-e4a48b3eda51
2019-10-18 11:24:46,941 [grpc-default-executor-1] INFO  impl.RoleInfo (RoleInfo.java:shutdownFollowerState(121)) - 54aabb14-4a7d-4ab3-adbe-2e67760b87f4: shutdown FollowerState
2019-10-18 11:24:46,941 [grpc-default-executor-1] INFO  impl.RoleInfo (RoleInfo.java:updateAndGet(143)) - 54aabb14-4a7d-4ab3-adbe-2e67760b87f4: start FollowerState
2019-10-18 11:24:46,941 [grpc-default-executor-3] INFO  impl.RaftServerImpl (RaftServerImpl.java:setRole(184)) - c652e2ee-3322-4406-8db6-1ea643cb3197@group-7E32184879DE: changes role from  FOLLOWER to FOLLOWER at term 261 for recognizeCandidate:f535bb4a-cba0-4f9b-9e3e-e4a48b3eda51
2019-10-18 11:24:46,941 [Thread-1583] INFO  impl.FollowerState (FollowerState.java:run(117)) - 54aabb14-4a7d-4ab3-adbe-2e67760b87f4@group-7E32184879DE-FollowerState was interrupted: java.lang.InterruptedException: sleep interrupted
2019-10-18 11:24:46,941 [grpc-default-executor-3] INFO  impl.RoleInfo (RoleInfo.java:shutdownFollowerState(121)) - c652e2ee-3322-4406-8db6-1ea643cb3197: shutdown FollowerState
2019-10-18 11:24:46,942 [grpc-default-executor-3] INFO  impl.RoleInfo (RoleInfo.java:updateAndGet(143)) - c652e2ee-3322-4406-8db6-1ea643cb3197: start FollowerState
2019-10-18 11:24:46,942 [Thread-1584] INFO  impl.FollowerState (FollowerState.java:run(117)) - c652e2ee-3322-4406-8db6-1ea643cb3197@group-7E32184879DE-FollowerState was interrupted: java.lang.InterruptedException: sleep interrupted
2019-10-18 11:24:46,965 [f535bb4a-cba0-4f9b-9e3e-e4a48b3eda51@group-7E32184879DE-LeaderElection222] INFO  impl.LeaderElection (LeaderElection.java:logAndReturn(56)) - f535bb4a-cba0-4f9b-9e3e-e4a48b3eda51@group-7E32184879DE-LeaderElection222: Election REJECTED; received 2 response(s) [f535bb4a-cba0-4f9b-9e3e-e4a48b3eda51<-54aabb14-4a7d-4ab3-adbe-2e67760b87f4#0:FAIL-t261, f535bb4a-cba0-4f9b-9e3e-e4a48b3eda51<-c652e2ee-3322-4406-8db6-1ea643cb3197#0:FAIL-t261] and 0 exception(s); f535bb4a-cba0-4f9b-9e3e-e4a48b3eda51@group-7E32184879DE:t261, leader=null, voted=f535bb4a-cba0-4f9b-9e3e-e4a48b3eda51, raftlog=f535bb4a-cba0-4f9b-9e3e-e4a48b3eda51@group-7E32184879DE-SegmentedRaftLog:OPENED:c-1,f-1,i0, conf=-1: [f535bb4a-cba0-4f9b-9e3e-e4a48b3eda51:0.0.0.0:44706, 54aabb14-4a7d-4ab3-adbe-2e67760b87f4:0.0.0.0:43074, c652e2ee-3322-4406-8db6-1ea643cb3197:0.0.0.0:42129], old=null
2019-10-18 11:24:46,965 [f535bb4a-cba0-4f9b-9e3e-e4a48b3eda51@group-7E32184879DE-LeaderElection222] INFO  impl.RaftServerImpl (RaftServerImpl.java:setRole(184)) - f535bb4a-cba0-4f9b-9e3e-e4a48b3eda51@group-7E32184879DE: changes role from CANDIDATE to FOLLOWER at term 261 for DISCOVERED_A_NEW_TERM
2019-10-18 11:24:46,965 [f535bb4a-cba0-4f9b-9e3e-e4a48b3eda51@group-7E32184879DE-LeaderElection222] INFO  impl.RoleInfo (RoleInfo.java:shutdownLeaderElection(134)) - f535bb4a-cba0-4f9b-9e3e-e4a48b3eda51: shutdown LeaderElection
2019-10-18 11:24:46,966 [f535bb4a-cba0-4f9b-9e3e-e4a48b3eda51@group-7E32184879DE-LeaderElection222] INFO  impl.RoleInfo (RoleInfo.java:updateAndGet(143)) - f535bb4a-cba0-4f9b-9e3e-e4a48b3eda51: start FollowerState
2019-10-18 11:24:47,101 [Thread-1591] INFO  impl.FollowerState (FollowerState.java:run(108)) - f535bb4a-cba0-4f9b-9e3e-e4a48b3eda51@group-7E32184879DE-FollowerState: change to CANDIDATE, lastRpcTime:135ms, electionTimeout:135ms
2019-10-18 11:24:47,101 [Thread-1591] INFO  impl.RoleInfo (RoleInfo.java:shutdownFollowerState(121)) - f535bb4a-cba0-4f9b-9e3e-e4a48b3eda51: shutdown FollowerState
2019-10-18 11:24:47,102 [Thread-1591] INFO  impl.RaftServerImpl (RaftServerImpl.java:setRole(184)) - f535bb4a-cba0-4f9b-9e3e-e4a48b3eda51@group-7E32184879DE: changes role from  FOLLOWER to CANDIDATE at term 261 for changeToCandidate
2019-10-18 11:24:47,102 [Thread-1591] INFO  impl.RoleInfo (RoleInfo.java:updateAndGet(143)) - f535bb4a-cba0-4f9b-9e3e-e4a48b3eda51: start LeaderElection
2019-10-18 11:24:47,132 [f535bb4a-cba0-4f9b-9e3e-e4a48b3eda51@group-7E32184879DE-LeaderElection223] INFO  impl.LeaderElection (LeaderElection.java:askForVotes(178)) - f535bb4a-cba0-4f9b-9e3e-e4a48b3eda51@group-7E32184879DE-LeaderElection223: begin an election at term 262 for -1: [f535bb4a-cba0-4f9b-9e3e-e4a48b3eda51:0.0.0.0:44706, 54aabb14-4a7d-4ab3-adbe-2e67760b87f4:0.0.0.0:43074, c652e2ee-3322-4406-8db6-1ea643cb3197:0.0.0.0:42129], old=null
2019-10-18 11:24:47,134 [grpc-default-executor-1] INFO  impl.RaftServerImpl (RaftServerImpl.java:setRole(184)) - 54aabb14-4a7d-4ab3-adbe-2e67760b87f4@group-7E32184879DE: changes role from  FOLLOWER to FOLLOWER at term 262 for recognizeCandidate:f535bb4a-cba0-4f9b-9e3e-e4a48b3eda51
2019-10-18 11:24:47,134 [grpc-default-executor-3] INFO  impl.RaftServerImpl (RaftServerImpl.java:setRole(184)) - c652e2ee-3322-4406-8db6-1ea643cb3197@group-7E32184879DE: changes role from  FOLLOWER to FOLLOWER at term 262 for recognizeCandidate:f535bb4a-cba0-4f9b-9e3e-e4a48b3eda51
2019-10-18 11:24:47,134 [grpc-default-executor-1] INFO  impl.RoleInfo (RoleInfo.java:shutdownFollowerState(121)) - 54aabb14-4a7d-4ab3-adbe-2e67760b87f4: shutdown FollowerState
2019-10-18 11:24:47,134 [grpc-default-executor-3] INFO  impl.RoleInfo (RoleInfo.java:shutdownFollowerState(121)) - c652e2ee-3322-4406-8db6-1ea643cb3197: shutdown FollowerState
2019-10-18 11:24:47,134 [Thread-1589] INFO  impl.FollowerState (FollowerState.java:run(117)) - 54aabb14-4a7d-4ab3-adbe-2e67760b87f4@group-7E32184879DE-FollowerState was interrupted: java.lang.InterruptedException: sleep interrupted
2019-10-18 11:24:47,134 [Thread-1590] INFO  impl.FollowerState (FollowerState.java:run(117)) - c652e2ee-3322-4406-8db6-1ea643cb3197@group-7E32184879DE-FollowerState was interrupted: java.lang.InterruptedException: sleep interrupted
2019-10-18 11:24:47,134 [grpc-default-executor-1] INFO  impl.RoleInfo (RoleInfo.java:updateAndGet(143)) - 54aabb14-4a7d-4ab3-adbe-2e67760b87f4: start FollowerState
2019-10-18 11:24:47,134 [grpc-default-executor-3] INFO  impl.RoleInfo (RoleInfo.java:updateAndGet(143)) - c652e2ee-3322-4406-8db6-1ea643cb3197: start FollowerState
2019-10-18 11:24:47,149 [f535bb4a-cba0-4f9b-9e3e-e4a48b3eda51@group-7E32184879DE-LeaderElection223] INFO  impl.LeaderElection (LeaderElection.java:logAndReturn(56)) - f535bb4a-cba0-4f9b-9e3e-e4a48b3eda51@group-7E32184879DE-LeaderElection223: Election REJECTED; received 2 response(s) [f535bb4a-cba0-4f9b-9e3e-e4a48b3eda51<-54aabb14-4a7d-4ab3-adbe-2e67760b87f4#0:FAIL-t262, f535bb4a-cba0-4f9b-9e3e-e4a48b3eda51<-c652e2ee-3322-4406-8db6-1ea643cb3197#0:FAIL-t262] and 0 exception(s); f535bb4a-cba0-4f9b-9e3e-e4a48b3eda51@group-7E32184879DE:t262, leader=null, voted=f535bb4a-cba0-4f9b-9e3e-e4a48b3eda51, raftlog=f535bb4a-cba0-4f9b-9e3e-e4a48b3eda51@group-7E32184879DE-SegmentedRaftLog:OPENED:c-1,f-1,i0, conf=-1: [f535bb4a-cba0-4f9b-9e3e-e4a48b3eda51:0.0.0.0:44706, 54aabb14-4a7d-4ab3-adbe-2e67760b87f4:0.0.0.0:43074, c652e2ee-3322-4406-8db6-1ea643cb3197:0.0.0.0:42129], old=null
2019-10-18 11:24:47,149 [f535bb4a-cba0-4f9b-9e3e-e4a48b3eda51@group-7E32184879DE-LeaderElection223] INFO  impl.RaftServerImpl (RaftServerImpl.java:setRole(184)) - f535bb4a-cba0-4f9b-9e3e-e4a48b3eda51@group-7E32184879DE: changes role from CANDIDATE to FOLLOWER at term 262 for DISCOVERED_A_NEW_TERM
2019-10-18 11:24:47,150 [f535bb4a-cba0-4f9b-9e3e-e4a48b3eda51@group-7E32184879DE-LeaderElection223] INFO  impl.RoleInfo (RoleInfo.java:shutdownLeaderElection(134)) - f535bb4a-cba0-4f9b-9e3e-e4a48b3eda51: shutdown LeaderElection
2019-10-18 11:24:47,150 [f535bb4a-cba0-4f9b-9e3e-e4a48b3eda51@group-7E32184879DE-LeaderElection223] INFO  impl.RoleInfo (RoleInfo.java:updateAndGet(143)) - f535bb4a-cba0-4f9b-9e3e-e4a48b3eda51: start FollowerState
2019-10-18 11:24:47,327 [Thread-1597] INFO  impl.FollowerState (FollowerState.java:run(108)) - f535bb4a-cba0-4f9b-9e3e-e4a48b3eda51@group-7E32184879DE-FollowerState: change to CANDIDATE, lastRpcTime:177ms, electionTimeout:177ms
2019-10-18 11:24:47,327 [Thread-1597] INFO  impl.RoleInfo (RoleInfo.java:shutdownFollowerState(121)) - f535bb4a-cba0-4f9b-9e3e-e4a48b3eda51: shutdown FollowerState
2019-10-18 11:24:47,327 [Thread-1597] INFO  impl.RaftServerImpl (RaftServerImpl.java:setRole(184)) - f535bb4a-cba0-4f9b-9e3e-e4a48b3eda51@group-7E32184879DE: changes role from  FOLLOWER to CANDIDATE at term 262 for changeToCandidate
2019-10-18 11:24:47,328 [Thread-1597] INFO  impl.RoleInfo (RoleInfo.java:updateAndGet(143)) - f535bb4a-cba0-4f9b-9e3e-e4a48b3eda51: start LeaderElection
2019-10-18 11:24:47,357 [f535bb4a-cba0-4f9b-9e3e-e4a48b3eda51@group-7E32184879DE-LeaderElection224] INFO  impl.LeaderElection (LeaderElection.java:askForVotes(178)) - f535bb4a-cba0-4f9b-9e3e-e4a48b3eda51@group-7E32184879DE-LeaderElection224: begin an election at term 263 for -1: [f535bb4a-cba0-4f9b-9e3e-e4a48b3eda51:0.0.0.0:44706, 54aabb14-4a7d-4ab3-adbe-2e67760b87f4:0.0.0.0:43074, c652e2ee-3322-4406-8db6-1ea643cb3197:0.0.0.0:42129], old=null
2019-10-18 11:24:47,359 [grpc-default-executor-1] INFO  impl.RaftServerImpl (RaftServerImpl.java:setRole(184)) - 54aabb14-4a7d-4ab3-adbe-2e67760b87f4@group-7E32184879DE: changes role from  FOLLOWER to FOLLOWER at term 263 for recognizeCandidate:f535bb4a-cba0-4f9b-9e3e-e4a48b3eda51
2019-10-18 11:24:47,359 [grpc-default-executor-3] INFO  impl.RaftServerImpl (RaftServerImpl.java:setRole(184)) - c652e2ee-3322-4406-8db6-1ea643cb3197@group-7E32184879DE: changes role from  FOLLOWER to FOLLOWER at term 263 for recognizeCandidate:f535bb4a-cba0-4f9b-9e3e-e4a48b3eda51
2019-10-18 11:24:47,360 [grpc-default-executor-3] INFO  impl.RoleInfo (RoleInfo.java:shutdownFollowerState(121)) - c652e2ee-3322-4406-8db6-1ea643cb3197: shutdown FollowerState
2019-10-18 11:24:47,359 [grpc-default-executor-1] INFO  impl.RoleInfo (RoleInfo.java:shutdownFollowerState(121)) - 54aabb14-4a7d-4ab3-adbe-2e67760b87f4: shutdown FollowerState
2019-10-18 11:24:47,360 [Thread-1596] INFO  impl.FollowerState (FollowerState.java:run(117)) - c652e2ee-3322-4406-8db6-1ea643cb3197@group-7E32184879DE-FollowerState was interrupted: java.lang.InterruptedException: sleep interrupted
2019-10-18 11:24:47,360 [Thread-1595] INFO  impl.FollowerState (FollowerState.java:run(117)) - 54aabb14-4a7d-4ab3-adbe-2e67760b87f4@group-7E32184879DE-FollowerState was interrupted: java.lang.InterruptedException: sleep interrupted
2019-10-18 11:24:47,360 [grpc-default-executor-3] INFO  impl.RoleInfo (RoleInfo.java:updateAndGet(143)) - c652e2ee-3322-4406-8db6-1ea643cb3197: start FollowerState
2019-10-18 11:24:47,360 [grpc-default-executor-1] INFO  impl.RoleInfo (RoleInfo.java:updateAndGet(143)) - 54aabb14-4a7d-4ab3-adbe-2e67760b87f4: start FollowerState
2019-10-18 11:24:47,384 [f535bb4a-cba0-4f9b-9e3e-e4a48b3eda51@group-7E32184879DE-LeaderElection224] INFO  impl.LeaderElection (LeaderElection.java:logAndReturn(56)) - f535bb4a-cba0-4f9b-9e3e-e4a48b3eda51@group-7E32184879DE-LeaderElection224: Election REJECTED; received 2 response(s) [f535bb4a-cba0-4f9b-9e3e-e4a48b3eda51<-54aabb14-4a7d-4ab3-adbe-2e67760b87f4#0:FAIL-t263, f535bb4a-cba0-4f9b-9e3e-e4a48b3eda51<-c652e2ee-3322-4406-8db6-1ea643cb3197#0:FAIL-t263] and 0 exception(s); f535bb4a-cba0-4f9b-9e3e-e4a48b3eda51@group-7E32184879DE:t263, leader=null, voted=f535bb4a-cba0-4f9b-9e3e-e4a48b3eda51, raftlog=f535bb4a-cba0-4f9b-9e3e-e4a48b3eda51@group-7E32184879DE-SegmentedRaftLog:OPENED:c-1,f-1,i0, conf=-1: [f535bb4a-cba0-4f9b-9e3e-e4a48b3eda51:0.0.0.0:44706, 54aabb14-4a7d-4ab3-adbe-2e67760b87f4:0.0.0.0:43074, c652e2ee-3322-4406-8db6-1ea643cb3197:0.0.0.0:42129], old=null
2019-10-18 11:24:47,384 [f535bb4a-cba0-4f9b-9e3e-e4a48b3eda51@group-7E32184879DE-LeaderElection224] INFO  impl.RaftServerImpl (RaftServerImpl.java:setRole(184)) - f535bb4a-cba0-4f9b-9e3e-e4a48b3eda51@group-7E32184879DE: changes role from CANDIDATE to FOLLOWER at term 263 for DISCOVERED_A_NEW_TERM
2019-10-18 11:24:47,384 [f535bb4a-cba0-4f9b-9e3e-e4a48b3eda51@group-7E32184879DE-LeaderElection224] INFO  impl.RoleInfo (RoleInfo.java:shutdownLeaderElection(134)) - f535bb4a-cba0-4f9b-9e3e-e4a48b3eda51: shutdown LeaderElection
2019-10-18 11:24:47,384 [f535bb4a-cba0-4f9b-9e3e-e4a48b3eda51@group-7E32184879DE-LeaderElection224] INFO  impl.RoleInfo (RoleInfo.java:updateAndGet(143)) - f535bb4a-cba0-4f9b-9e3e-e4a48b3eda51: start FollowerState
2019-10-18 11:24:47,578 [Thread-1605] INFO  impl.FollowerState (FollowerState.java:run(108)) - f535bb4a-cba0-4f9b-9e3e-e4a48b3eda51@group-7E32184879DE-FollowerState: change to CANDIDATE, lastRpcTime:193ms, electionTimeout:193ms
2019-10-18 11:24:47,579 [Thread-1605] INFO  impl.RoleInfo (RoleInfo.java:shutdownFollowerState(121)) - f535bb4a-cba0-4f9b-9e3e-e4a48b3eda51: shutdown FollowerState
2019-10-18 11:24:47,580 [Thread-1605] INFO  impl.RaftServerImpl (RaftServerImpl.java:setRole(184)) - f535bb4a-cba0-4f9b-9e3e-e4a48b3eda51@group-7E32184879DE: changes role from  FOLLOWER to CANDIDATE at term 263 for changeToCandidate
2019-10-18 11:24:47,580 [Thread-1605] INFO  impl.RoleInfo (RoleInfo.java:updateAndGet(143)) - f535bb4a-cba0-4f9b-9e3e-e4a48b3eda51: start LeaderElection
2019-10-18 11:24:47,608 [f535bb4a-cba0-4f9b-9e3e-e4a48b3eda51@group-7E32184879DE-LeaderElection225] INFO  impl.LeaderElection (LeaderElection.java:askForVotes(178)) - f535bb4a-cba0-4f9b-9e3e-e4a48b3eda51@group-7E32184879DE-LeaderElection225: begin an election at term 264 for -1: [f535bb4a-cba0-4f9b-9e3e-e4a48b3eda51:0.0.0.0:44706, 54aabb14-4a7d-4ab3-adbe-2e67760b87f4:0.0.0.0:43074, c652e2ee-3322-4406-8db6-1ea643cb3197:0.0.0.0:42129], old=null
2019-10-18 11:24:47,615 [grpc-default-executor-3] INFO  impl.RaftServerImpl (RaftServerImpl.java:setRole(184)) - 54aabb14-4a7d-4ab3-adbe-2e67760b87f4@group-7E32184879DE: changes role from  FOLLOWER to FOLLOWER at term 264 for recognizeCandidate:f535bb4a-cba0-4f9b-9e3e-e4a48b3eda51
2019-10-18 11:24:47,615 [grpc-default-executor-1] INFO  impl.RaftServerImpl (RaftServerImpl.java:setRole(184)) - c652e2ee-3322-4406-8db6-1ea643cb3197@group-7E32184879DE: changes role from  FOLLOWER to FOLLOWER at term 264 for recognizeCandidate:f535bb4a-cba0-4f9b-9e3e-e4a48b3eda51
2019-10-18 11:24:47,615 [grpc-default-executor-3] INFO  impl.RoleInfo (RoleInfo.java:shutdownFollowerState(121)) - 54aabb14-4a7d-4ab3-adbe-2e67760b87f4: shutdown FollowerState
2019-10-18 11:24:47,615 [grpc-default-executor-1] INFO  impl.RoleInfo (RoleInfo.java:shutdownFollowerState(121)) - c652e2ee-3322-4406-8db6-1ea643cb3197: shutdown FollowerState
2019-10-18 11:24:47,615 [grpc-default-executor-3] INFO  impl.RoleInfo (RoleInfo.java:updateAndGet(143)) - 54aabb14-4a7d-4ab3-adbe-2e67760b87f4: start FollowerState
2019-10-18 11:24:47,616 [Thread-1604] INFO  impl.FollowerState (FollowerState.java:run(117)) - 54aabb14-4a7d-4ab3-adbe-2e67760b87f4@group-7E32184879DE-FollowerState was interrupted: java.lang.InterruptedException: sleep interrupted
2019-10-18 11:24:47,616 [grpc-default-executor-1] INFO  impl.RoleInfo (RoleInfo.java:updateAndGet(143)) - c652e2ee-3322-4406-8db6-1ea643cb3197: start FollowerState
2019-10-18 11:24:47,616 [Thread-1603] INFO  impl.FollowerState (FollowerState.java:run(117)) - c652e2ee-3322-4406-8db6-1ea643cb3197@group-7E32184879DE-FollowerState was interrupted: java.lang.InterruptedException: sleep interrupted
2019-10-18 11:24:47,624 [f535bb4a-cba0-4f9b-9e3e-e4a48b3eda51@group-7E32184879DE-LeaderElection225] INFO  impl.LeaderElection (LeaderElection.java:logAndReturn(56)) - f535bb4a-cba0-4f9b-9e3e-e4a48b3eda51@group-7E32184879DE-LeaderElection225: Election TIMEOUT; received 0 response(s) [] and 0 exception(s); f535bb4a-cba0-4f9b-9e3e-e4a48b3eda51@group-7E32184879DE:t264, leader=null, voted=f535bb4a-cba0-4f9b-9e3e-e4a48b3eda51, raftlog=f535bb4a-cba0-4f9b-9e3e-e4a48b3eda51@group-7E32184879DE-SegmentedRaftLog:OPENED:c-1,f-1,i0, conf=-1: [f535bb4a-cba0-4f9b-9e3e-e4a48b3eda51:0.0.0.0:44706, 54aabb14-4a7d-4ab3-adbe-2e67760b87f4:0.0.0.0:43074, c652e2ee-3322-4406-8db6-1ea643cb3197:0.0.0.0:42129], old=null
2019-10-18 11:24:47,642 [f535bb4a-cba0-4f9b-9e3e-e4a48b3eda51@group-7E32184879DE-LeaderElection225] INFO  impl.LeaderElection (LeaderElection.java:askForVotes(178)) - f535bb4a-cba0-4f9b-9e3e-e4a48b3eda51@group-7E32184879DE-LeaderElection225: begin an election at term 265 for -1: [f535bb4a-cba0-4f9b-9e3e-e4a48b3eda51:0.0.0.0:44706, 54aabb14-4a7d-4ab3-adbe-2e67760b87f4:0.0.0.0:43074, c652e2ee-3322-4406-8db6-1ea643cb3197:0.0.0.0:42129], old=null
2019-10-18 11:24:47,644 [grpc-default-executor-3] INFO  impl.RaftServerImpl (RaftServerImpl.java:setRole(184)) - 54aabb14-4a7d-4ab3-adbe-2e67760b87f4@group-7E32184879DE: changes role from  FOLLOWER to FOLLOWER at term 265 for recognizeCandidate:f535bb4a-cba0-4f9b-9e3e-e4a48b3eda51
2019-10-18 11:24:47,644 [grpc-default-executor-3] INFO  impl.RoleInfo (RoleInfo.java:shutdownFollowerState(121)) - 54aabb14-4a7d-4ab3-adbe-2e67760b87f4: shutdown FollowerState
2019-10-18 11:24:47,644 [grpc-default-executor-1] INFO  impl.RaftServerImpl (RaftServerImpl.java:setRole(184)) - c652e2ee-3322-4406-8db6-1ea643cb3197@group-7E32184879DE: changes role from  FOLLOWER to FOLLOWER at term 265 for recognizeCandidate:f535bb4a-cba0-4f9b-9e3e-e4a48b3eda51
2019-10-18 11:24:47,644 [Thread-1609] INFO  impl.FollowerState (FollowerState.java:run(117)) - 54aabb14-4a7d-4ab3-adbe-2e67760b87f4@group-7E32184879DE-FollowerState was interrupted: java.lang.InterruptedException: sleep interrupted
2019-10-18 11:24:47,644 [grpc-default-executor-3] INFO  impl.RoleInfo (RoleInfo.java:updateAndGet(143)) - 54aabb14-4a7d-4ab3-adbe-2e67760b87f4: start FollowerState
2019-10-18 11:24:47,644 [grpc-default-executor-1] INFO  impl.RoleInfo (RoleInfo.java:shutdownFollowerState(121)) - c652e2ee-3322-4406-8db6-1ea643cb3197: shutdown FollowerState
2019-10-18 11:24:47,645 [grpc-default-executor-1] INFO  impl.RoleInfo (RoleInfo.java:updateAndGet(143)) - c652e2ee-3322-4406-8db6-1ea643cb3197: start FollowerState
2019-10-18 11:24:47,645 [Thread-1610] INFO  impl.FollowerState (FollowerState.java:run(117)) - c652e2ee-3322-4406-8db6-1ea643cb3197@group-7E32184879DE-FollowerState was interrupted: java.lang.InterruptedException: sleep interrupted
2019-10-18 11:24:47,676 [f535bb4a-cba0-4f9b-9e3e-e4a48b3eda51@group-7E32184879DE-LeaderElection225] INFO  impl.LeaderElection (LeaderElection.java:logAndReturn(56)) - f535bb4a-cba0-4f9b-9e3e-e4a48b3eda51@group-7E32184879DE-LeaderElection225: Election REJECTED; received 2 response(s) [f535bb4a-cba0-4f9b-9e3e-e4a48b3eda51<-54aabb14-4a7d-4ab3-adbe-2e67760b87f4#0:FAIL-t265, f535bb4a-cba0-4f9b-9e3e-e4a48b3eda51<-c652e2ee-3322-4406-8db6-1ea643cb3197#0:FAIL-t265] and 0 exception(s); f535bb4a-cba0-4f9b-9e3e-e4a48b3eda51@group-7E32184879DE:t265, leader=null, voted=f535bb4a-cba0-4f9b-9e3e-e4a48b3eda51, raftlog=f535bb4a-cba0-4f9b-9e3e-e4a48b3eda51@group-7E32184879DE-SegmentedRaftLog:OPENED:c-1,f-1,i0, conf=-1: [f535bb4a-cba0-4f9b-9e3e-e4a48b3eda51:0.0.0.0:44706, 54aabb14-4a7d-4ab3-adbe-2e67760b87f4:0.0.0.0:43074, c652e2ee-3322-4406-8db6-1ea643cb3197:0.0.0.0:42129], old=null
2019-10-18 11:24:47,677 [f535bb4a-cba0-4f9b-9e3e-e4a48b3eda51@group-7E32184879DE-LeaderElection225] INFO  impl.RaftServerImpl (RaftServerImpl.java:setRole(184)) - f535bb4a-cba0-4f9b-9e3e-e4a48b3eda51@group-7E32184879DE: changes role from CANDIDATE to FOLLOWER at term 265 for DISCOVERED_A_NEW_TERM
2019-10-18 11:24:47,677 [f535bb4a-cba0-4f9b-9e3e-e4a48b3eda51@group-7E32184879DE-LeaderElection225] INFO  impl.RoleInfo (RoleInfo.java:shutdownLeaderElection(134)) - f535bb4a-cba0-4f9b-9e3e-e4a48b3eda51: shutdown LeaderElection
2019-10-18 11:24:47,677 [f535bb4a-cba0-4f9b-9e3e-e4a48b3eda51@group-7E32184879DE-LeaderElection225] INFO  impl.RoleInfo (RoleInfo.java:updateAndGet(143)) - f535bb4a-cba0-4f9b-9e3e-e4a48b3eda51: start FollowerState
2019-10-18 11:24:47,763 [Thread-1615] INFO  impl.FollowerState (FollowerState.java:run(108)) - f535bb4a-cba0-4f9b-9e3e-e4a48b3eda51@group-7E32184879DE-FollowerState: change to CANDIDATE, lastRpcTime:86ms, electionTimeout:86ms
2019-10-18 11:24:47,763 [Thread-1615] INFO  impl.RoleInfo (RoleInfo.java:shutdownFollowerState(121)) - f535bb4a-cba0-4f9b-9e3e-e4a48b3eda51: shutdown FollowerState
2019-10-18 11:24:47,764 [Thread-1615] INFO  impl.RaftServerImpl (RaftServerImpl.java:setRole(184)) - f535bb4a-cba0-4f9b-9e3e-e4a48b3eda51@group-7E32184879DE: changes role from  FOLLOWER to CANDIDATE at term 265 for changeToCandidate
2019-10-18 11:24:47,764 [Thread-1615] INFO  impl.RoleInfo (RoleInfo.java:updateAndGet(143)) - f535bb4a-cba0-4f9b-9e3e-e4a48b3eda51: start LeaderElection
2019-10-18 11:24:47,793 [f535bb4a-cba0-4f9b-9e3e-e4a48b3eda51@group-7E32184879DE-LeaderElection226] INFO  impl.LeaderElection (LeaderElection.java:askForVotes(178)) - f535bb4a-cba0-4f9b-9e3e-e4a48b3eda51@group-7E32184879DE-LeaderElection226: begin an election at term 266 for -1: [f535bb4a-cba0-4f9b-9e3e-e4a48b3eda51:0.0.0.0:44706, 54aabb14-4a7d-4ab3-adbe-2e67760b87f4:0.0.0.0:43074, c652e2ee-3322-4406-8db6-1ea643cb3197:0.0.0.0:42129], old=null
2019-10-18 11:24:47,794 [grpc-default-executor-1] INFO  impl.RaftServerImpl (RaftServerImpl.java:setRole(184)) - 54aabb14-4a7d-4ab3-adbe-2e67760b87f4@group-7E32184879DE: changes role from  FOLLOWER to FOLLOWER at term 266 for recognizeCandidate:f535bb4a-cba0-4f9b-9e3e-e4a48b3eda51
2019-10-18 11:24:47,795 [grpc-default-executor-1] INFO  impl.RoleInfo (RoleInfo.java:shutdownFollowerState(121)) - 54aabb14-4a7d-4ab3-adbe-2e67760b87f4: shutdown FollowerState
2019-10-18 11:24:47,795 [grpc-default-executor-1] INFO  impl.RoleInfo (RoleInfo.java:updateAndGet(143)) - 54aabb14-4a7d-4ab3-adbe-2e67760b87f4: start FollowerState
2019-10-18 11:24:47,795 [Thread-1613] INFO  impl.FollowerState (FollowerState.java:run(117)) - 54aabb14-4a7d-4ab3-adbe-2e67760b87f4@group-7E32184879DE-FollowerState was interrupted: java.lang.InterruptedException: sleep interrupted
2019-10-18 11:24:47,795 [grpc-default-executor-3] INFO  impl.RaftServerImpl (RaftServerImpl.java:setRole(184)) - c652e2ee-3322-4406-8db6-1ea643cb3197@group-7E32184879DE: changes role from  FOLLOWER to FOLLOWER at term 266 for recognizeCandidate:f535bb4a-cba0-4f9b-9e3e-e4a48b3eda51
2019-10-18 11:24:47,795 [grpc-default-executor-3] INFO  impl.RoleInfo (RoleInfo.java:shutdownFollowerState(121)) - c652e2ee-3322-4406-8db6-1ea643cb3197: shutdown FollowerState
2019-10-18 11:24:47,795 [grpc-default-executor-3] INFO  impl.RoleInfo (RoleInfo.java:updateAndGet(143)) - c652e2ee-3322-4406-8db6-1ea643cb3197: start FollowerState
2019-10-18 11:24:47,795 [Thread-1614] INFO  impl.FollowerState (FollowerState.java:run(117)) - c652e2ee-3322-4406-8db6-1ea643cb3197@group-7E32184879DE-FollowerState was interrupted: java.lang.InterruptedException: sleep interrupted
2019-10-18 11:24:47,819 [f535bb4a-cba0-4f9b-9e3e-e4a48b3eda51@group-7E32184879DE-LeaderElection226] INFO  impl.LeaderElection (LeaderElection.java:logAndReturn(56)) - f535bb4a-cba0-4f9b-9e3e-e4a48b3eda51@group-7E32184879DE-LeaderElection226: Election REJECTED; received 2 response(s) [f535bb4a-cba0-4f9b-9e3e-e4a48b3eda51<-54aabb14-4a7d-4ab3-adbe-2e67760b87f4#0:FAIL-t266, f535bb4a-cba0-4f9b-9e3e-e4a48b3eda51<-c652e2ee-3322-4406-8db6-1ea643cb3197#0:FAIL-t266] and 0 exception(s); f535bb4a-cba0-4f9b-9e3e-e4a48b3eda51@group-7E32184879DE:t266, leader=null, voted=f535bb4a-cba0-4f9b-9e3e-e4a48b3eda51, raftlog=f535bb4a-cba0-4f9b-9e3e-e4a48b3eda51@group-7E32184879DE-SegmentedRaftLog:OPENED:c-1,f-1,i0, conf=-1: [f535bb4a-cba0-4f9b-9e3e-e4a48b3eda51:0.0.0.0:44706, 54aabb14-4a7d-4ab3-adbe-2e67760b87f4:0.0.0.0:43074, c652e2ee-3322-4406-8db6-1ea643cb3197:0.0.0.0:42129], old=null
2019-10-18 11:24:47,819 [f535bb4a-cba0-4f9b-9e3e-e4a48b3eda51@group-7E32184879DE-LeaderElection226] INFO  impl.RaftServerImpl (RaftServerImpl.java:setRole(184)) - f535bb4a-cba0-4f9b-9e3e-e4a48b3eda51@group-7E32184879DE: changes role from CANDIDATE to FOLLOWER at term 266 for DISCOVERED_A_NEW_TERM
2019-10-18 11:24:47,819 [f535bb4a-cba0-4f9b-9e3e-e4a48b3eda51@group-7E32184879DE-LeaderElection226] INFO  impl.RoleInfo (RoleInfo.java:shutdownLeaderElection(134)) - f535bb4a-cba0-4f9b-9e3e-e4a48b3eda51: shutdown LeaderElection
2019-10-18 11:24:47,819 [f535bb4a-cba0-4f9b-9e3e-e4a48b3eda51@group-7E32184879DE-LeaderElection226] INFO  impl.RoleInfo (RoleInfo.java:updateAndGet(143)) - f535bb4a-cba0-4f9b-9e3e-e4a48b3eda51: start FollowerState
2019-10-18 11:24:47,936 [Thread-1621] INFO  impl.FollowerState (FollowerState.java:run(108)) - f535bb4a-cba0-4f9b-9e3e-e4a48b3eda51@group-7E32184879DE-FollowerState: change to CANDIDATE, lastRpcTime:116ms, electionTimeout:116ms
2019-10-18 11:24:47,936 [Thread-1621] INFO  impl.RoleInfo (RoleInfo.java:shutdownFollowerState(121)) - f535bb4a-cba0-4f9b-9e3e-e4a48b3eda51: shutdown FollowerState
2019-10-18 11:24:47,936 [Thread-1621] INFO  impl.RaftServerImpl (RaftServerImpl.java:setRole(184)) - f535bb4a-cba0-4f9b-9e3e-e4a48b3eda51@group-7E32184879DE: changes role from  FOLLOWER to CANDIDATE at term 266 for changeToCandidate
2019-10-18 11:24:47,936 [Thread-1621] INFO  impl.RoleInfo (RoleInfo.java:updateAndGet(143)) - f535bb4a-cba0-4f9b-9e3e-e4a48b3eda51: start LeaderElection
2019-10-18 11:24:47,977 [f535bb4a-cba0-4f9b-9e3e-e4a48b3eda51@group-7E32184879DE-LeaderElection227] INFO  impl.LeaderElection (LeaderElection.java:askForVotes(178)) - f535bb4a-cba0-4f9b-9e3e-e4a48b3eda51@group-7E32184879DE-LeaderElection227: begin an election at term 267 for -1: [f535bb4a-cba0-4f9b-9e3e-e4a48b3eda51:0.0.0.0:44706, 54aabb14-4a7d-4ab3-adbe-2e67760b87f4:0.0.0.0:43074, c652e2ee-3322-4406-8db6-1ea643cb3197:0.0.0.0:42129], old=null
2019-10-18 11:24:47,979 [grpc-default-executor-1] INFO  impl.RaftServerImpl (RaftServerImpl.java:setRole(184)) - 54aabb14-4a7d-4ab3-adbe-2e67760b87f4@group-7E32184879DE: changes role from  FOLLOWER to FOLLOWER at term 267 for recognizeCandidate:f535bb4a-cba0-4f9b-9e3e-e4a48b3eda51
2019-10-18 11:24:47,979 [grpc-default-executor-3] INFO  impl.RaftServerImpl (RaftServerImpl.java:setRole(184)) - c652e2ee-3322-4406-8db6-1ea643cb3197@group-7E32184879DE: changes role from  FOLLOWER to FOLLOWER at term 267 for recognizeCandidate:f535bb4a-cba0-4f9b-9e3e-e4a48b3eda51
2019-10-18 11:24:47,979 [grpc-default-executor-1] INFO  impl.RoleInfo (RoleInfo.java:shutdownFollowerState(121)) - 54aabb14-4a7d-4ab3-adbe-2e67760b87f4: shutdown FollowerState
2019-10-18 11:24:47,980 [grpc-default-executor-3] INFO  impl.RoleInfo (RoleInfo.java:shutdownFollowerState(121)) - c652e2ee-3322-4406-8db6-1ea643cb3197: shutdown FollowerState
2019-10-18 11:24:47,980 [Thread-1619] INFO  impl.FollowerState (FollowerState.java:run(117)) - 54aabb14-4a7d-4ab3-adbe-2e67760b87f4@group-7E32184879DE-FollowerState was interrupted: java.lang.InterruptedException: sleep interrupted
2019-10-18 11:24:47,980 [grpc-default-executor-1] INFO  impl.RoleInfo (RoleInfo.java:updateAndGet(143)) - 54aabb14-4a7d-4ab3-adbe-2e67760b87f4: start FollowerState
2019-10-18 11:24:47,980 [grpc-default-executor-3] INFO  impl.RoleInfo (RoleInfo.java:updateAndGet(143)) - c652e2ee-3322-4406-8db6-1ea643cb3197: start FollowerState
2019-10-18 11:24:47,980 [Thread-1620] INFO  impl.FollowerState (FollowerState.java:run(117)) - c652e2ee-3322-4406-8db6-1ea643cb3197@group-7E32184879DE-FollowerState was interrupted: java.lang.InterruptedException: sleep interrupted
2019-10-18 11:24:47,982 [f535bb4a-cba0-4f9b-9e3e-e4a48b3eda51@group-7E32184879DE-LeaderElection227] INFO  impl.LeaderElection (LeaderElection.java:logAndReturn(56)) - f535bb4a-cba0-4f9b-9e3e-e4a48b3eda51@group-7E32184879DE-LeaderElection227: Election TIMEOUT; received 0 response(s) [] and 0 exception(s); f535bb4a-cba0-4f9b-9e3e-e4a48b3eda51@group-7E32184879DE:t267, leader=null, voted=f535bb4a-cba0-4f9b-9e3e-e4a48b3eda51, raftlog=f535bb4a-cba0-4f9b-9e3e-e4a48b3eda51@group-7E32184879DE-SegmentedRaftLog:OPENED:c-1,f-1,i0, conf=-1: [f535bb4a-cba0-4f9b-9e3e-e4a48b3eda51:0.0.0.0:44706, 54aabb14-4a7d-4ab3-adbe-2e67760b87f4:0.0.0.0:43074, c652e2ee-3322-4406-8db6-1ea643cb3197:0.0.0.0:42129], old=null
2019-10-18 11:24:48,002 [f535bb4a-cba0-4f9b-9e3e-e4a48b3eda51@group-7E32184879DE-LeaderElection227] INFO  impl.LeaderElection (LeaderElection.java:askForVotes(178)) - f535bb4a-cba0-4f9b-9e3e-e4a48b3eda51@group-7E32184879DE-LeaderElection227: begin an election at term 268 for -1: [f535bb4a-cba0-4f9b-9e3e-e4a48b3eda51:0.0.0.0:44706, 54aabb14-4a7d-4ab3-adbe-2e67760b87f4:0.0.0.0:43074, c652e2ee-3322-4406-8db6-1ea643cb3197:0.0.0.0:42129], old=null
2019-10-18 11:24:48,004 [grpc-default-executor-1] INFO  impl.RaftServerImpl (RaftServerImpl.java:setRole(184)) - c652e2ee-3322-4406-8db6-1ea643cb3197@group-7E32184879DE: changes role from  FOLLOWER to FOLLOWER at term 268 for recognizeCandidate:f535bb4a-cba0-4f9b-9e3e-e4a48b3eda51
2019-10-18 11:24:48,004 [grpc-default-executor-3] INFO  impl.RaftServerImpl (RaftServerImpl.java:setRole(184)) - 54aabb14-4a7d-4ab3-adbe-2e67760b87f4@group-7E32184879DE: changes role from  FOLLOWER to FOLLOWER at term 268 for recognizeCandidate:f535bb4a-cba0-4f9b-9e3e-e4a48b3eda51
2019-10-18 11:24:48,004 [grpc-default-executor-1] INFO  impl.RoleInfo (RoleInfo.java:shutdownFollowerState(121)) - c652e2ee-3322-4406-8db6-1ea643cb3197: shutdown FollowerState
2019-10-18 11:24:48,004 [grpc-default-executor-3] INFO  impl.RoleInfo (RoleInfo.java:shutdownFollowerState(121)) - 54aabb14-4a7d-4ab3-adbe-2e67760b87f4: shutdown FollowerState
2019-10-18 11:24:48,004 [Thread-1626] INFO  impl.FollowerState (FollowerState.java:run(117)) - c652e2ee-3322-4406-8db6-1ea643cb3197@group-7E32184879DE-FollowerState was interrupted: java.lang.InterruptedException: sleep interrupted
2019-10-18 11:24:48,004 [grpc-default-executor-1] INFO  impl.RoleInfo (RoleInfo.java:updateAndGet(143)) - c652e2ee-3322-4406-8db6-1ea643cb3197: start FollowerState
2019-10-18 11:24:48,004 [Thread-1625] INFO  impl.FollowerState (FollowerState.java:run(117)) - 54aabb14-4a7d-4ab3-adbe-2e67760b87f4@group-7E32184879DE-FollowerState was interrupted: java.lang.InterruptedException: sleep interrupted
2019-10-18 11:24:48,004 [grpc-default-executor-3] INFO  impl.RoleInfo (RoleInfo.java:updateAndGet(143)) - 54aabb14-4a7d-4ab3-adbe-2e67760b87f4: start FollowerState
2019-10-18 11:24:48,028 [f535bb4a-cba0-4f9b-9e3e-e4a48b3eda51@group-7E32184879DE-LeaderElection227] INFO  impl.LeaderElection (LeaderElection.java:logAndReturn(56)) - f535bb4a-cba0-4f9b-9e3e-e4a48b3eda51@group-7E32184879DE-LeaderElection227: Election REJECTED; received 2 response(s) [f535bb4a-cba0-4f9b-9e3e-e4a48b3eda51<-54aabb14-4a7d-4ab3-adbe-2e67760b87f4#0:FAIL-t268, f535bb4a-cba0-4f9b-9e3e-e4a48b3eda51<-c652e2ee-3322-4406-8db6-1ea643cb3197#0:FAIL-t268] and 0 exception(s); f535bb4a-cba0-4f9b-9e3e-e4a48b3eda51@group-7E32184879DE:t268, leader=null, voted=f535bb4a-cba0-4f9b-9e3e-e4a48b3eda51, raftlog=f535bb4a-cba0-4f9b-9e3e-e4a48b3eda51@group-7E32184879DE-SegmentedRaftLog:OPENED:c-1,f-1,i0, conf=-1: [f535bb4a-cba0-4f9b-9e3e-e4a48b3eda51:0.0.0.0:44706, 54aabb14-4a7d-4ab3-adbe-2e67760b87f4:0.0.0.0:43074, c652e2ee-3322-4406-8db6-1ea643cb3197:0.0.0.0:42129], old=null
2019-10-18 11:24:48,028 [f535bb4a-cba0-4f9b-9e3e-e4a48b3eda51@group-7E32184879DE-LeaderElection227] INFO  impl.RaftServerImpl (RaftServerImpl.java:setRole(184)) - f535bb4a-cba0-4f9b-9e3e-e4a48b3eda51@group-7E32184879DE: changes role from CANDIDATE to FOLLOWER at term 268 for DISCOVERED_A_NEW_TERM
2019-10-18 11:24:48,028 [f535bb4a-cba0-4f9b-9e3e-e4a48b3eda51@group-7E32184879DE-LeaderElection227] INFO  impl.RoleInfo (RoleInfo.java:shutdownLeaderElection(134)) - f535bb4a-cba0-4f9b-9e3e-e4a48b3eda51: shutdown LeaderElection
2019-10-18 11:24:48,028 [f535bb4a-cba0-4f9b-9e3e-e4a48b3eda51@group-7E32184879DE-LeaderElection227] INFO  impl.RoleInfo (RoleInfo.java:updateAndGet(143)) - f535bb4a-cba0-4f9b-9e3e-e4a48b3eda51: start FollowerState
2019-10-18 11:24:48,050 [Thread-1631] INFO  impl.FollowerState (FollowerState.java:run(108)) - f535bb4a-cba0-4f9b-9e3e-e4a48b3eda51@group-7E32184879DE-FollowerState: change to CANDIDATE, lastRpcTime:21ms, electionTimeout:21ms
2019-10-18 11:24:48,050 [Thread-1631] INFO  impl.RoleInfo (RoleInfo.java:shutdownFollowerState(121)) - f535bb4a-cba0-4f9b-9e3e-e4a48b3eda51: shutdown FollowerState
2019-10-18 11:24:48,050 [Thread-1631] INFO  impl.RaftServerImpl (RaftServerImpl.java:setRole(184)) - f535bb4a-cba0-4f9b-9e3e-e4a48b3eda51@group-7E32184879DE: changes role from  FOLLOWER to CANDIDATE at term 268 for changeToCandidate
2019-10-18 11:24:48,050 [Thread-1631] INFO  impl.RoleInfo (RoleInfo.java:updateAndGet(143)) - f535bb4a-cba0-4f9b-9e3e-e4a48b3eda51: start LeaderElection
2019-10-18 11:24:48,078 [f535bb4a-cba0-4f9b-9e3e-e4a48b3eda51@group-7E32184879DE-LeaderElection228] INFO  impl.LeaderElection (LeaderElection.java:askForVotes(178)) - f535bb4a-cba0-4f9b-9e3e-e4a48b3eda51@group-7E32184879DE-LeaderElection228: begin an election at term 269 for -1: [f535bb4a-cba0-4f9b-9e3e-e4a48b3eda51:0.0.0.0:44706, 54aabb14-4a7d-4ab3-adbe-2e67760b87f4:0.0.0.0:43074, c652e2ee-3322-4406-8db6-1ea643cb3197:0.0.0.0:42129], old=null
2019-10-18 11:24:48,079 [grpc-default-executor-3] INFO  impl.RaftServerImpl (RaftServerImpl.java:setRole(184)) - 54aabb14-4a7d-4ab3-adbe-2e67760b87f4@group-7E32184879DE: changes role from  FOLLOWER to FOLLOWER at term 269 for recognizeCandidate:f535bb4a-cba0-4f9b-9e3e-e4a48b3eda51
2019-10-18 11:24:48,079 [grpc-default-executor-3] INFO  impl.RoleInfo (RoleInfo.java:shutdownFollowerState(121)) - 54aabb14-4a7d-4ab3-adbe-2e67760b87f4: shutdown FollowerState
2019-10-18 11:24:48,080 [grpc-default-executor-3] INFO  impl.RoleInfo (RoleInfo.java:updateAndGet(143)) - 54aabb14-4a7d-4ab3-adbe-2e67760b87f4: start FollowerState
2019-10-18 11:24:48,080 [grpc-default-executor-1] INFO  impl.RaftServerImpl (RaftServerImpl.java:setRole(184)) - c652e2ee-3322-4406-8db6-1ea643cb3197@group-7E32184879DE: changes role from  FOLLOWER to FOLLOWER at term 269 for recognizeCandidate:f535bb4a-cba0-4f9b-9e3e-e4a48b3eda51
2019-10-18 11:24:48,080 [grpc-default-executor-1] INFO  impl.RoleInfo (RoleInfo.java:shutdownFollowerState(121)) - c652e2ee-3322-4406-8db6-1ea643cb3197: shutdown FollowerState
2019-10-18 11:24:48,080 [Thread-1630] INFO  impl.FollowerState (FollowerState.java:run(117)) - 54aabb14-4a7d-4ab3-adbe-2e67760b87f4@group-7E32184879DE-FollowerState was interrupted: java.lang.InterruptedException: sleep interrupted
2019-10-18 11:24:48,080 [Thread-1629] INFO  impl.FollowerState (FollowerState.java:run(117)) - c652e2ee-3322-4406-8db6-1ea643cb3197@group-7E32184879DE-FollowerState was interrupted: java.lang.InterruptedException: sleep interrupted
2019-10-18 11:24:48,080 [grpc-default-executor-1] INFO  impl.RoleInfo (RoleInfo.java:updateAndGet(143)) - c652e2ee-3322-4406-8db6-1ea643cb3197: start FollowerState
2019-10-18 11:24:48,104 [f535bb4a-cba0-4f9b-9e3e-e4a48b3eda51@group-7E32184879DE-LeaderElection228] INFO  impl.LeaderElection (LeaderElection.java:logAndReturn(56)) - f535bb4a-cba0-4f9b-9e3e-e4a48b3eda51@group-7E32184879DE-LeaderElection228: Election REJECTED; received 2 response(s) [f535bb4a-cba0-4f9b-9e3e-e4a48b3eda51<-54aabb14-4a7d-4ab3-adbe-2e67760b87f4#0:FAIL-t269, f535bb4a-cba0-4f9b-9e3e-e4a48b3eda51<-c652e2ee-3322-4406-8db6-1ea643cb3197#0:FAIL-t269] and 0 exception(s); f535bb4a-cba0-4f9b-9e3e-e4a48b3eda51@group-7E32184879DE:t269, leader=null, voted=f535bb4a-cba0-4f9b-9e3e-e4a48b3eda51, raftlog=f535bb4a-cba0-4f9b-9e3e-e4a48b3eda51@group-7E32184879DE-SegmentedRaftLog:OPENED:c-1,f-1,i0, conf=-1: [f535bb4a-cba0-4f9b-9e3e-e4a48b3eda51:0.0.0.0:44706, 54aabb14-4a7d-4ab3-adbe-2e67760b87f4:0.0.0.0:43074, c652e2ee-3322-4406-8db6-1ea643cb3197:0.0.0.0:42129], old=null
2019-10-18 11:24:48,104 [f535bb4a-cba0-4f9b-9e3e-e4a48b3eda51@group-7E32184879DE-LeaderElection228] INFO  impl.RaftServerImpl (RaftServerImpl.java:setRole(184)) - f535bb4a-cba0-4f9b-9e3e-e4a48b3eda51@group-7E32184879DE: changes role from CANDIDATE to FOLLOWER at term 269 for DISCOVERED_A_NEW_TERM
2019-10-18 11:24:48,104 [f535bb4a-cba0-4f9b-9e3e-e4a48b3eda51@group-7E32184879DE-LeaderElection228] INFO  impl.RoleInfo (RoleInfo.java:shutdownLeaderElection(134)) - f535bb4a-cba0-4f9b-9e3e-e4a48b3eda51: shutdown LeaderElection
2019-10-18 11:24:48,104 [f535bb4a-cba0-4f9b-9e3e-e4a48b3eda51@group-7E32184879DE-LeaderElection228] INFO  impl.RoleInfo (RoleInfo.java:updateAndGet(143)) - f535bb4a-cba0-4f9b-9e3e-e4a48b3eda51: start FollowerState
2019-10-18 11:24:48,216 [Thread-1637] INFO  impl.FollowerState (FollowerState.java:run(108)) - f535bb4a-cba0-4f9b-9e3e-e4a48b3eda51@group-7E32184879DE-FollowerState: change to CANDIDATE, lastRpcTime:112ms, electionTimeout:112ms
2019-10-18 11:24:48,217 [Thread-1637] INFO  impl.RoleInfo (RoleInfo.java:shutdownFollowerState(121)) - f535bb4a-cba0-4f9b-9e3e-e4a48b3eda51: shutdown FollowerState
2019-10-18 11:24:48,217 [Thread-1637] INFO  impl.RaftServerImpl (RaftServerImpl.java:setRole(184)) - f535bb4a-cba0-4f9b-9e3e-e4a48b3eda51@group-7E32184879DE: changes role from  FOLLOWER to CANDIDATE at term 269 for changeToCandidate
2019-10-18 11:24:48,217 [Thread-1637] INFO  impl.RoleInfo (RoleInfo.java:updateAndGet(143)) - f535bb4a-cba0-4f9b-9e3e-e4a48b3eda51: start LeaderElection
2019-10-18 11:24:48,245 [f535bb4a-cba0-4f9b-9e3e-e4a48b3eda51@group-7E32184879DE-LeaderElection229] INFO  impl.LeaderElection (LeaderElection.java:askForVotes(178)) - f535bb4a-cba0-4f9b-9e3e-e4a48b3eda51@group-7E32184879DE-LeaderElection229: begin an election at term 270 for -1: [f535bb4a-cba0-4f9b-9e3e-e4a48b3eda51:0.0.0.0:44706, 54aabb14-4a7d-4ab3-adbe-2e67760b87f4:0.0.0.0:43074, c652e2ee-3322-4406-8db6-1ea643cb3197:0.0.0.0:42129], old=null
2019-10-18 11:24:48,247 [grpc-default-executor-3] INFO  impl.RaftServerImpl (RaftServerImpl.java:setRole(184)) - 54aabb14-4a7d-4ab3-adbe-2e67760b87f4@group-7E32184879DE: changes role from  FOLLOWER to FOLLOWER at term 270 for recognizeCandidate:f535bb4a-cba0-4f9b-9e3e-e4a48b3eda51
2019-10-18 11:24:48,247 [grpc-default-executor-1] INFO  impl.RaftServerImpl (RaftServerImpl.java:setRole(184)) - c652e2ee-3322-4406-8db6-1ea643cb3197@group-7E32184879DE: changes role from  FOLLOWER to FOLLOWER at term 270 for recognizeCandidate:f535bb4a-cba0-4f9b-9e3e-e4a48b3eda51
2019-10-18 11:24:48,247 [grpc-default-executor-3] INFO  impl.RoleInfo (RoleInfo.java:shutdownFollowerState(121)) - 54aabb14-4a7d-4ab3-adbe-2e67760b87f4: shutdown FollowerState
2019-10-18 11:24:48,247 [grpc-default-executor-1] INFO  impl.RoleInfo (RoleInfo.java:shutdownFollowerState(121)) - c652e2ee-3322-4406-8db6-1ea643cb3197: shutdown FollowerState
2019-10-18 11:24:48,247 [Thread-1635] INFO  impl.FollowerState (FollowerState.java:run(117)) - 54aabb14-4a7d-4ab3-adbe-2e67760b87f4@group-7E32184879DE-FollowerState was interrupted: java.lang.InterruptedException: sleep interrupted
2019-10-18 11:24:48,247 [grpc-default-executor-3] INFO  impl.RoleInfo (RoleInfo.java:updateAndGet(143)) - 54aabb14-4a7d-4ab3-adbe-2e67760b87f4: start FollowerState
2019-10-18 11:24:48,247 [Thread-1636] INFO  impl.FollowerState (FollowerState.java:run(117)) - c652e2ee-3322-4406-8db6-1ea643cb3197@group-7E32184879DE-FollowerState was interrupted: java.lang.InterruptedException: sleep interrupted
2019-10-18 11:24:48,247 [grpc-default-executor-1] INFO  impl.RoleInfo (RoleInfo.java:updateAndGet(143)) - c652e2ee-3322-4406-8db6-1ea643cb3197: start FollowerState
2019-10-18 11:24:48,272 [f535bb4a-cba0-4f9b-9e3e-e4a48b3eda51@group-7E32184879DE-LeaderElection229] INFO  impl.LeaderElection (LeaderElection.java:logAndReturn(56)) - f535bb4a-cba0-4f9b-9e3e-e4a48b3eda51@group-7E32184879DE-LeaderElection229: Election REJECTED; received 2 response(s) [f535bb4a-cba0-4f9b-9e3e-e4a48b3eda51<-54aabb14-4a7d-4ab3-adbe-2e67760b87f4#0:FAIL-t270, f535bb4a-cba0-4f9b-9e3e-e4a48b3eda51<-c652e2ee-3322-4406-8db6-1ea643cb3197#0:FAIL-t270] and 0 exception(s); f535bb4a-cba0-4f9b-9e3e-e4a48b3eda51@group-7E32184879DE:t270, leader=null, voted=f535bb4a-cba0-4f9b-9e3e-e4a48b3eda51, raftlog=f535bb4a-cba0-4f9b-9e3e-e4a48b3eda51@group-7E32184879DE-SegmentedRaftLog:OPENED:c-1,f-1,i0, conf=-1: [f535bb4a-cba0-4f9b-9e3e-e4a48b3eda51:0.0.0.0:44706, 54aabb14-4a7d-4ab3-adbe-2e67760b87f4:0.0.0.0:43074, c652e2ee-3322-4406-8db6-1ea643cb3197:0.0.0.0:42129], old=null
2019-10-18 11:24:48,272 [f535bb4a-cba0-4f9b-9e3e-e4a48b3eda51@group-7E32184879DE-LeaderElection229] INFO  impl.RaftServerImpl (RaftServerImpl.java:setRole(184)) - f535bb4a-cba0-4f9b-9e3e-e4a48b3eda51@group-7E32184879DE: changes role from CANDIDATE to FOLLOWER at term 270 for DISCOVERED_A_NEW_TERM
2019-10-18 11:24:48,272 [f535bb4a-cba0-4f9b-9e3e-e4a48b3eda51@group-7E32184879DE-LeaderElection229] INFO  impl.RoleInfo (RoleInfo.java:shutdownLeaderElection(134)) - f535bb4a-cba0-4f9b-9e3e-e4a48b3eda51: shutdown LeaderElection
2019-10-18 11:24:48,272 [f535bb4a-cba0-4f9b-9e3e-e4a48b3eda51@group-7E32184879DE-LeaderElection229] INFO  impl.RoleInfo (RoleInfo.java:updateAndGet(143)) - f535bb4a-cba0-4f9b-9e3e-e4a48b3eda51: start FollowerState
2019-10-18 11:24:48,466 [Thread-1643] INFO  impl.FollowerState (FollowerState.java:run(108)) - f535bb4a-cba0-4f9b-9e3e-e4a48b3eda51@group-7E32184879DE-FollowerState: change to CANDIDATE, lastRpcTime:193ms, electionTimeout:193ms
2019-10-18 11:24:48,466 [Thread-1643] INFO  impl.RoleInfo (RoleInfo.java:shutdownFollowerState(121)) - f535bb4a-cba0-4f9b-9e3e-e4a48b3eda51: shutdown FollowerState
2019-10-18 11:24:48,466 [Thread-1643] INFO  impl.RaftServerImpl (RaftServerImpl.java:setRole(184)) - f535bb4a-cba0-4f9b-9e3e-e4a48b3eda51@group-7E32184879DE: changes role from  FOLLOWER to CANDIDATE at term 270 for changeToCandidate
2019-10-18 11:24:48,466 [Thread-1643] INFO  impl.RoleInfo (RoleInfo.java:updateAndGet(143)) - f535bb4a-cba0-4f9b-9e3e-e4a48b3eda51: start LeaderElection
2019-10-18 11:24:48,497 [f535bb4a-cba0-4f9b-9e3e-e4a48b3eda51@group-7E32184879DE-LeaderElection230] INFO  impl.LeaderElection (LeaderElection.java:askForVotes(178)) - f535bb4a-cba0-4f9b-9e3e-e4a48b3eda51@group-7E32184879DE-LeaderElection230: begin an election at term 271 for -1: [f535bb4a-cba0-4f9b-9e3e-e4a48b3eda51:0.0.0.0:44706, 54aabb14-4a7d-4ab3-adbe-2e67760b87f4:0.0.0.0:43074, c652e2ee-3322-4406-8db6-1ea643cb3197:0.0.0.0:42129], old=null
2019-10-18 11:24:48,499 [grpc-default-executor-3] INFO  impl.RaftServerImpl (RaftServerImpl.java:setRole(184)) - c652e2ee-3322-4406-8db6-1ea643cb3197@group-7E32184879DE: changes role from  FOLLOWER to FOLLOWER at term 271 for recognizeCandidate:f535bb4a-cba0-4f9b-9e3e-e4a48b3eda51
2019-10-18 11:24:48,499 [grpc-default-executor-1] INFO  impl.RaftServerImpl (RaftServerImpl.java:setRole(184)) - 54aabb14-4a7d-4ab3-adbe-2e67760b87f4@group-7E32184879DE: changes role from  FOLLOWER to FOLLOWER at term 271 for recognizeCandidate:f535bb4a-cba0-4f9b-9e3e-e4a48b3eda51
2019-10-18 11:24:48,499 [grpc-default-executor-1] INFO  impl.RoleInfo (RoleInfo.java:shutdownFollowerState(121)) - 54aabb14-4a7d-4ab3-adbe-2e67760b87f4: shutdown FollowerState
2019-10-18 11:24:48,499 [grpc-default-executor-3] INFO  impl.RoleInfo (RoleInfo.java:shutdownFollowerState(121)) - c652e2ee-3322-4406-8db6-1ea643cb3197: shutdown FollowerState
2019-10-18 11:24:48,499 [Thread-1641] INFO  impl.FollowerState (FollowerState.java:run(117)) - 54aabb14-4a7d-4ab3-adbe-2e67760b87f4@group-7E32184879DE-FollowerState was interrupted: java.lang.InterruptedException: sleep interrupted
2019-10-18 11:24:48,499 [grpc-default-executor-1] INFO  impl.RoleInfo (RoleInfo.java:updateAndGet(143)) - 54aabb14-4a7d-4ab3-adbe-2e67760b87f4: start FollowerState
2019-10-18 11:24:48,500 [Thread-1642] INFO  impl.FollowerState (FollowerState.java:run(117)) - c652e2ee-3322-4406-8db6-1ea643cb3197@group-7E32184879DE-FollowerState was interrupted: java.lang.InterruptedException: sleep interrupted
2019-10-18 11:24:48,500 [grpc-default-executor-3] INFO  impl.RoleInfo (RoleInfo.java:updateAndGet(143)) - c652e2ee-3322-4406-8db6-1ea643cb3197: start FollowerState
2019-10-18 11:24:48,523 [f535bb4a-cba0-4f9b-9e3e-e4a48b3eda51@group-7E32184879DE-LeaderElection230] INFO  impl.LeaderElection (LeaderElection.java:logAndReturn(56)) - f535bb4a-cba0-4f9b-9e3e-e4a48b3eda51@group-7E32184879DE-LeaderElection230: Election REJECTED; received 2 response(s) [f535bb4a-cba0-4f9b-9e3e-e4a48b3eda51<-54aabb14-4a7d-4ab3-adbe-2e67760b87f4#0:FAIL-t271, f535bb4a-cba0-4f9b-9e3e-e4a48b3eda51<-c652e2ee-3322-4406-8db6-1ea643cb3197#0:FAIL-t271] and 0 exception(s); f535bb4a-cba0-4f9b-9e3e-e4a48b3eda51@group-7E32184879DE:t271, leader=null, voted=f535bb4a-cba0-4f9b-9e3e-e4a48b3eda51, raftlog=f535bb4a-cba0-4f9b-9e3e-e4a48b3eda51@group-7E32184879DE-SegmentedRaftLog:OPENED:c-1,f-1,i0, conf=-1: [f535bb4a-cba0-4f9b-9e3e-e4a48b3eda51:0.0.0.0:44706, 54aabb14-4a7d-4ab3-adbe-2e67760b87f4:0.0.0.0:43074, c652e2ee-3322-4406-8db6-1ea643cb3197:0.0.0.0:42129], old=null
2019-10-18 11:24:48,523 [f535bb4a-cba0-4f9b-9e3e-e4a48b3eda51@group-7E32184879DE-LeaderElection230] INFO  impl.RaftServerImpl (RaftServerImpl.java:setRole(184)) - f535bb4a-cba0-4f9b-9e3e-e4a48b3eda51@group-7E32184879DE: changes role from CANDIDATE to FOLLOWER at term 271 for DISCOVERED_A_NEW_TERM
2019-10-18 11:24:48,523 [f535bb4a-cba0-4f9b-9e3e-e4a48b3eda51@group-7E32184879DE-LeaderElection230] INFO  impl.RoleInfo (RoleInfo.java:shutdownLeaderElection(134)) - f535bb4a-cba0-4f9b-9e3e-e4a48b3eda51: shutdown LeaderElection
2019-10-18 11:24:48,523 [f535bb4a-cba0-4f9b-9e3e-e4a48b3eda51@group-7E32184879DE-LeaderElection230] INFO  impl.RoleInfo (RoleInfo.java:updateAndGet(143)) - f535bb4a-cba0-4f9b-9e3e-e4a48b3eda51: start FollowerState
2019-10-18 11:24:48,697 [Thread-1651] INFO  impl.FollowerState (FollowerState.java:run(108)) - f535bb4a-cba0-4f9b-9e3e-e4a48b3eda51@group-7E32184879DE-FollowerState: change to CANDIDATE, lastRpcTime:173ms, electionTimeout:173ms
2019-10-18 11:24:48,697 [Thread-1651] INFO  impl.RoleInfo (RoleInfo.java:shutdownFollowerState(121)) - f535bb4a-cba0-4f9b-9e3e-e4a48b3eda51: shutdown FollowerState
2019-10-18 11:24:48,697 [Thread-1651] INFO  impl.RaftServerImpl (RaftServerImpl.java:setRole(184)) - f535bb4a-cba0-4f9b-9e3e-e4a48b3eda51@group-7E32184879DE: changes role from  FOLLOWER to CANDIDATE at term 271 for changeToCandidate
2019-10-18 11:24:48,697 [Thread-1651] INFO  impl.RoleInfo (RoleInfo.java:updateAndGet(143)) - f535bb4a-cba0-4f9b-9e3e-e4a48b3eda51: start LeaderElection
2019-10-18 11:24:48,723 [f535bb4a-cba0-4f9b-9e3e-e4a48b3eda51@group-7E32184879DE-LeaderElection231] INFO  impl.LeaderElection (LeaderElection.java:askForVotes(178)) - f535bb4a-cba0-4f9b-9e3e-e4a48b3eda51@group-7E32184879DE-LeaderElection231: begin an election at term 272 for -1: [f535bb4a-cba0-4f9b-9e3e-e4a48b3eda51:0.0.0.0:44706, 54aabb14-4a7d-4ab3-adbe-2e67760b87f4:0.0.0.0:43074, c652e2ee-3322-4406-8db6-1ea643cb3197:0.0.0.0:42129], old=null
2019-10-18 11:24:48,725 [grpc-default-executor-1] INFO  impl.RaftServerImpl (RaftServerImpl.java:setRole(184)) - 54aabb14-4a7d-4ab3-adbe-2e67760b87f4@group-7E32184879DE: changes role from  FOLLOWER to FOLLOWER at term 272 for recognizeCandidate:f535bb4a-cba0-4f9b-9e3e-e4a48b3eda51
2019-10-18 11:24:48,725 [grpc-default-executor-1] INFO  impl.RoleInfo (RoleInfo.java:shutdownFollowerState(121)) - 54aabb14-4a7d-4ab3-adbe-2e67760b87f4: shutdown FollowerState
2019-10-18 11:24:48,725 [grpc-default-executor-3] INFO  impl.RaftServerImpl (RaftServerImpl.java:setRole(184)) - c652e2ee-3322-4406-8db6-1ea643cb3197@group-7E32184879DE: changes role from  FOLLOWER to FOLLOWER at term 272 for recognizeCandidate:f535bb4a-cba0-4f9b-9e3e-e4a48b3eda51
2019-10-18 11:24:48,725 [Thread-1649] INFO  impl.FollowerState (FollowerState.java:run(117)) - 54aabb14-4a7d-4ab3-adbe-2e67760b87f4@group-7E32184879DE-FollowerState was interrupted: java.lang.InterruptedException: sleep interrupted
2019-10-18 11:24:48,725 [grpc-default-executor-1] INFO  impl.RoleInfo (RoleInfo.java:updateAndGet(143)) - 54aabb14-4a7d-4ab3-adbe-2e67760b87f4: start FollowerState
2019-10-18 11:24:48,725 [grpc-default-executor-3] INFO  impl.RoleInfo (RoleInfo.java:shutdownFollowerState(121)) - c652e2ee-3322-4406-8db6-1ea643cb3197: shutdown FollowerState
2019-10-18 11:24:48,726 [grpc-default-executor-3] INFO  impl.RoleInfo (RoleInfo.java:updateAndGet(143)) - c652e2ee-3322-4406-8db6-1ea643cb3197: start FollowerState
2019-10-18 11:24:48,726 [Thread-1650] INFO  impl.FollowerState (FollowerState.java:run(117)) - c652e2ee-3322-4406-8db6-1ea643cb3197@group-7E32184879DE-FollowerState was interrupted: java.lang.InterruptedException: sleep interrupted
2019-10-18 11:24:48,749 [f535bb4a-cba0-4f9b-9e3e-e4a48b3eda51@group-7E32184879DE-LeaderElection231] INFO  impl.LeaderElection (LeaderElection.java:logAndReturn(56)) - f535bb4a-cba0-4f9b-9e3e-e4a48b3eda51@group-7E32184879DE-LeaderElection231: Election REJECTED; received 2 response(s) [f535bb4a-cba0-4f9b-9e3e-e4a48b3eda51<-54aabb14-4a7d-4ab3-adbe-2e67760b87f4#0:FAIL-t272, f535bb4a-cba0-4f9b-9e3e-e4a48b3eda51<-c652e2ee-3322-4406-8db6-1ea643cb3197#0:FAIL-t272] and 0 exception(s); f535bb4a-cba0-4f9b-9e3e-e4a48b3eda51@group-7E32184879DE:t272, leader=null, voted=f535bb4a-cba0-4f9b-9e3e-e4a48b3eda51, raftlog=f535bb4a-cba0-4f9b-9e3e-e4a48b3eda51@group-7E32184879DE-SegmentedRaftLog:OPENED:c-1,f-1,i0, conf=-1: [f535bb4a-cba0-4f9b-9e3e-e4a48b3eda51:0.0.0.0:44706, 54aabb14-4a7d-4ab3-adbe-2e67760b87f4:0.0.0.0:43074, c652e2ee-3322-4406-8db6-1ea643cb3197:0.0.0.0:42129], old=null
2019-10-18 11:24:48,749 [f535bb4a-cba0-4f9b-9e3e-e4a48b3eda51@group-7E32184879DE-LeaderElection231] INFO  impl.RaftServerImpl (RaftServerImpl.java:setRole(184)) - f535bb4a-cba0-4f9b-9e3e-e4a48b3eda51@group-7E32184879DE: changes role from CANDIDATE to FOLLOWER at term 272 for DISCOVERED_A_NEW_TERM
2019-10-18 11:24:48,749 [f535bb4a-cba0-4f9b-9e3e-e4a48b3eda51@group-7E32184879DE-LeaderElection231] INFO  impl.RoleInfo (RoleInfo.java:shutdownLeaderElection(134)) - f535bb4a-cba0-4f9b-9e3e-e4a48b3eda51: shutdown LeaderElection
2019-10-18 11:24:48,749 [f535bb4a-cba0-4f9b-9e3e-e4a48b3eda51@group-7E32184879DE-LeaderElection231] INFO  impl.RoleInfo (RoleInfo.java:updateAndGet(143)) - f535bb4a-cba0-4f9b-9e3e-e4a48b3eda51: start FollowerState
2019-10-18 11:24:48,914 [Thread-1657] INFO  impl.FollowerState (FollowerState.java:run(108)) - f535bb4a-cba0-4f9b-9e3e-e4a48b3eda51@group-7E32184879DE-FollowerState: change to CANDIDATE, lastRpcTime:165ms, electionTimeout:165ms
2019-10-18 11:24:48,915 [Thread-1657] INFO  impl.RoleInfo (RoleInfo.java:shutdownFollowerState(121)) - f535bb4a-cba0-4f9b-9e3e-e4a48b3eda51: shutdown FollowerState
2019-10-18 11:24:48,915 [Thread-1657] INFO  impl.RaftServerImpl (RaftServerImpl.java:setRole(184)) - f535bb4a-cba0-4f9b-9e3e-e4a48b3eda51@group-7E32184879DE: changes role from  FOLLOWER to CANDIDATE at term 272 for changeToCandidate
2019-10-18 11:24:48,915 [Thread-1657] INFO  impl.RoleInfo (RoleInfo.java:updateAndGet(143)) - f535bb4a-cba0-4f9b-9e3e-e4a48b3eda51: start LeaderElection
2019-10-18 11:24:48,940 [f535bb4a-cba0-4f9b-9e3e-e4a48b3eda51@group-7E32184879DE-LeaderElection232] INFO  impl.LeaderElection (LeaderElection.java:askForVotes(178)) - f535bb4a-cba0-4f9b-9e3e-e4a48b3eda51@group-7E32184879DE-LeaderElection232: begin an election at term 273 for -1: [f535bb4a-cba0-4f9b-9e3e-e4a48b3eda51:0.0.0.0:44706, 54aabb14-4a7d-4ab3-adbe-2e67760b87f4:0.0.0.0:43074, c652e2ee-3322-4406-8db6-1ea643cb3197:0.0.0.0:42129], old=null
2019-10-18 11:24:48,942 [grpc-default-executor-3] INFO  impl.RaftServerImpl (RaftServerImpl.java:setRole(184)) - 54aabb14-4a7d-4ab3-adbe-2e67760b87f4@group-7E32184879DE: changes role from  FOLLOWER to FOLLOWER at term 273 for recognizeCandidate:f535bb4a-cba0-4f9b-9e3e-e4a48b3eda51
2019-10-18 11:24:48,942 [grpc-default-executor-3] INFO  impl.RoleInfo (RoleInfo.java:shutdownFollowerState(121)) - 54aabb14-4a7d-4ab3-adbe-2e67760b87f4: shutdown FollowerState
2019-10-18 11:24:48,942 [grpc-default-executor-1] INFO  impl.RaftServerImpl (RaftServerImpl.java:setRole(184)) - c652e2ee-3322-4406-8db6-1ea643cb3197@group-7E32184879DE: changes role from  FOLLOWER to FOLLOWER at term 273 for recognizeCandidate:f535bb4a-cba0-4f9b-9e3e-e4a48b3eda51
2019-10-18 11:24:48,942 [Thread-1655] INFO  impl.FollowerState (FollowerState.java:run(117)) - 54aabb14-4a7d-4ab3-adbe-2e67760b87f4@group-7E32184879DE-FollowerState was interrupted: java.lang.InterruptedException: sleep interrupted
2019-10-18 11:24:48,942 [grpc-default-executor-3] INFO  impl.RoleInfo (RoleInfo.java:updateAndGet(143)) - 54aabb14-4a7d-4ab3-adbe-2e67760b87f4: start FollowerState
2019-10-18 11:24:48,942 [grpc-default-executor-1] INFO  impl.RoleInfo (RoleInfo.java:shutdownFollowerState(121)) - c652e2ee-3322-4406-8db6-1ea643cb3197: shutdown FollowerState
2019-10-18 11:24:48,943 [grpc-default-executor-1] INFO  impl.RoleInfo (RoleInfo.java:updateAndGet(143)) - c652e2ee-3322-4406-8db6-1ea643cb3197: start FollowerState
2019-10-18 11:24:48,943 [Thread-1656] INFO  impl.FollowerState (FollowerState.java:run(117)) - c652e2ee-3322-4406-8db6-1ea643cb3197@group-7E32184879DE-FollowerState was interrupted: java.lang.InterruptedException: sleep interrupted
2019-10-18 11:24:48,962 [f535bb4a-cba0-4f9b-9e3e-e4a48b3eda51@group-7E32184879DE-LeaderElection232] INFO  impl.LeaderElection (LeaderElection.java:logAndReturn(56)) - f535bb4a-cba0-4f9b-9e3e-e4a48b3eda51@group-7E32184879DE-LeaderElection232: Election TIMEOUT; received 0 response(s) [] and 0 exception(s); f535bb4a-cba0-4f9b-9e3e-e4a48b3eda51@group-7E32184879DE:t273, leader=null, voted=f535bb4a-cba0-4f9b-9e3e-e4a48b3eda51, raftlog=f535bb4a-cba0-4f9b-9e3e-e4a48b3eda51@group-7E32184879DE-SegmentedRaftLog:OPENED:c-1,f-1,i0, conf=-1: [f535bb4a-cba0-4f9b-9e3e-e4a48b3eda51:0.0.0.0:44706, 54aabb14-4a7d-4ab3-adbe-2e67760b87f4:0.0.0.0:43074, c652e2ee-3322-4406-8db6-1ea643cb3197:0.0.0.0:42129], old=null
2019-10-18 11:24:48,991 [f535bb4a-cba0-4f9b-9e3e-e4a48b3eda51@group-7E32184879DE-LeaderElection232] INFO  impl.LeaderElection (LeaderElection.java:askForVotes(178)) - f535bb4a-cba0-4f9b-9e3e-e4a48b3eda51@group-7E32184879DE-LeaderElection232: begin an election at term 274 for -1: [f535bb4a-cba0-4f9b-9e3e-e4a48b3eda51:0.0.0.0:44706, 54aabb14-4a7d-4ab3-adbe-2e67760b87f4:0.0.0.0:43074, c652e2ee-3322-4406-8db6-1ea643cb3197:0.0.0.0:42129], old=null
2019-10-18 11:24:48,992 [grpc-default-executor-3] INFO  impl.RaftServerImpl (RaftServerImpl.java:setRole(184)) - 54aabb14-4a7d-4ab3-adbe-2e67760b87f4@group-7E32184879DE: changes role from  FOLLOWER to FOLLOWER at term 274 for recognizeCandidate:f535bb4a-cba0-4f9b-9e3e-e4a48b3eda51
2019-10-18 11:24:48,992 [grpc-default-executor-3] INFO  impl.RoleInfo (RoleInfo.java:shutdownFollowerState(121)) - 54aabb14-4a7d-4ab3-adbe-2e67760b87f4: shutdown FollowerState
2019-10-18 11:24:48,992 [grpc-default-executor-1] INFO  impl.RaftServerImpl (RaftServerImpl.java:setRole(184)) - c652e2ee-3322-4406-8db6-1ea643cb3197@group-7E32184879DE: changes role from  FOLLOWER to FOLLOWER at term 274 for recognizeCandidate:f535bb4a-cba0-4f9b-9e3e-e4a48b3eda51
2019-10-18 11:24:48,993 [grpc-default-executor-1] INFO  impl.RoleInfo (RoleInfo.java:shutdownFollowerState(121)) - c652e2ee-3322-4406-8db6-1ea643cb3197: shutdown FollowerState
2019-10-18 11:24:48,993 [Thread-1661] INFO  impl.FollowerState (FollowerState.java:run(117)) - 54aabb14-4a7d-4ab3-adbe-2e67760b87f4@group-7E32184879DE-FollowerState was interrupted: java.lang.InterruptedException: sleep interrupted
2019-10-18 11:24:48,993 [grpc-default-executor-3] INFO  impl.RoleInfo (RoleInfo.java:updateAndGet(143)) - 54aabb14-4a7d-4ab3-adbe-2e67760b87f4: start FollowerState
2019-10-18 11:24:48,993 [Thread-1662] INFO  impl.FollowerState (FollowerState.java:run(117)) - c652e2ee-3322-4406-8db6-1ea643cb3197@group-7E32184879DE-FollowerState was interrupted: java.lang.InterruptedException: sleep interrupted
2019-10-18 11:24:48,993 [grpc-default-executor-1] INFO  impl.RoleInfo (RoleInfo.java:updateAndGet(143)) - c652e2ee-3322-4406-8db6-1ea643cb3197: start FollowerState
2019-10-18 11:24:49,017 [f535bb4a-cba0-4f9b-9e3e-e4a48b3eda51@group-7E32184879DE-LeaderElection232] INFO  impl.LeaderElection (LeaderElection.java:logAndReturn(56)) - f535bb4a-cba0-4f9b-9e3e-e4a48b3eda51@group-7E32184879DE-LeaderElection232: Election REJECTED; received 2 response(s) [f535bb4a-cba0-4f9b-9e3e-e4a48b3eda51<-54aabb14-4a7d-4ab3-adbe-2e67760b87f4#0:FAIL-t274, f535bb4a-cba0-4f9b-9e3e-e4a48b3eda51<-c652e2ee-3322-4406-8db6-1ea643cb3197#0:FAIL-t274] and 0 exception(s); f535bb4a-cba0-4f9b-9e3e-e4a48b3eda51@group-7E32184879DE:t274, leader=null, voted=f535bb4a-cba0-4f9b-9e3e-e4a48b3eda51, raftlog=f535bb4a-cba0-4f9b-9e3e-e4a48b3eda51@group-7E32184879DE-SegmentedRaftLog:OPENED:c-1,f-1,i0, conf=-1: [f535bb4a-cba0-4f9b-9e3e-e4a48b3eda51:0.0.0.0:44706, 54aabb14-4a7d-4ab3-adbe-2e67760b87f4:0.0.0.0:43074, c652e2ee-3322-4406-8db6-1ea643cb3197:0.0.0.0:42129], old=null
2019-10-18 11:24:49,017 [f535bb4a-cba0-4f9b-9e3e-e4a48b3eda51@group-7E32184879DE-LeaderElection232] INFO  impl.RaftServerImpl (RaftServerImpl.java:setRole(184)) - f535bb4a-cba0-4f9b-9e3e-e4a48b3eda51@group-7E32184879DE: changes role from CANDIDATE to FOLLOWER at term 274 for DISCOVERED_A_NEW_TERM
2019-10-18 11:24:49,017 [f535bb4a-cba0-4f9b-9e3e-e4a48b3eda51@group-7E32184879DE-LeaderElection232] INFO  impl.RoleInfo (RoleInfo.java:shutdownLeaderElection(134)) - f535bb4a-cba0-4f9b-9e3e-e4a48b3eda51: shutdown LeaderElection
2019-10-18 11:24:49,017 [f535bb4a-cba0-4f9b-9e3e-e4a48b3eda51@group-7E32184879DE-LeaderElection232] INFO  impl.RoleInfo (RoleInfo.java:updateAndGet(143)) - f535bb4a-cba0-4f9b-9e3e-e4a48b3eda51: start FollowerState
2019-10-18 11:24:49,209 [Thread-1667] INFO  impl.FollowerState (FollowerState.java:run(108)) - f535bb4a-cba0-4f9b-9e3e-e4a48b3eda51@group-7E32184879DE-FollowerState: change to CANDIDATE, lastRpcTime:191ms, electionTimeout:191ms
2019-10-18 11:24:49,209 [Thread-1667] INFO  impl.RoleInfo (RoleInfo.java:shutdownFollowerState(121)) - f535bb4a-cba0-4f9b-9e3e-e4a48b3eda51: shutdown FollowerState
2019-10-18 11:24:49,209 [Thread-1667] INFO  impl.RaftServerImpl (RaftServerImpl.java:setRole(184)) - f535bb4a-cba0-4f9b-9e3e-e4a48b3eda51@group-7E32184879DE: changes role from  FOLLOWER to CANDIDATE at term 274 for changeToCandidate
2019-10-18 11:24:49,209 [Thread-1667] INFO  impl.RoleInfo (RoleInfo.java:updateAndGet(143)) - f535bb4a-cba0-4f9b-9e3e-e4a48b3eda51: start LeaderElection
2019-10-18 11:24:49,241 [f535bb4a-cba0-4f9b-9e3e-e4a48b3eda51@group-7E32184879DE-LeaderElection233] INFO  impl.LeaderElection (LeaderElection.java:askForVotes(178)) - f535bb4a-cba0-4f9b-9e3e-e4a48b3eda51@group-7E32184879DE-LeaderElection233: begin an election at term 275 for -1: [f535bb4a-cba0-4f9b-9e3e-e4a48b3eda51:0.0.0.0:44706, 54aabb14-4a7d-4ab3-adbe-2e67760b87f4:0.0.0.0:43074, c652e2ee-3322-4406-8db6-1ea643cb3197:0.0.0.0:42129], old=null
2019-10-18 11:24:49,243 [grpc-default-executor-3] INFO  impl.RaftServerImpl (RaftServerImpl.java:setRole(184)) - 54aabb14-4a7d-4ab3-adbe-2e67760b87f4@group-7E32184879DE: changes role from  FOLLOWER to FOLLOWER at term 275 for recognizeCandidate:f535bb4a-cba0-4f9b-9e3e-e4a48b3eda51
2019-10-18 11:24:49,244 [grpc-default-executor-3] INFO  impl.RoleInfo (RoleInfo.java:shutdownFollowerState(121)) - 54aabb14-4a7d-4ab3-adbe-2e67760b87f4: shutdown FollowerState
2019-10-18 11:24:49,244 [grpc-default-executor-3] INFO  impl.RoleInfo (RoleInfo.java:updateAndGet(143)) - 54aabb14-4a7d-4ab3-adbe-2e67760b87f4: start FollowerState
2019-10-18 11:24:49,244 [Thread-1665] INFO  impl.FollowerState (FollowerState.java:run(117)) - 54aabb14-4a7d-4ab3-adbe-2e67760b87f4@group-7E32184879DE-FollowerState was interrupted: java.lang.InterruptedException: sleep interrupted
2019-10-18 11:24:49,244 [grpc-default-executor-1] INFO  impl.RaftServerImpl (RaftServerImpl.java:setRole(184)) - c652e2ee-3322-4406-8db6-1ea643cb3197@group-7E32184879DE: changes role from  FOLLOWER to FOLLOWER at term 275 for recognizeCandidate:f535bb4a-cba0-4f9b-9e3e-e4a48b3eda51
2019-10-18 11:24:49,244 [grpc-default-executor-1] INFO  impl.RoleInfo (RoleInfo.java:shutdownFollowerState(121)) - c652e2ee-3322-4406-8db6-1ea643cb3197: shutdown FollowerState
2019-10-18 11:24:49,244 [grpc-default-executor-1] INFO  impl.RoleInfo (RoleInfo.java:updateAndGet(143)) - c652e2ee-3322-4406-8db6-1ea643cb3197: start FollowerState
2019-10-18 11:24:49,244 [Thread-1666] INFO  impl.FollowerState (FollowerState.java:run(117)) - c652e2ee-3322-4406-8db6-1ea643cb3197@group-7E32184879DE-FollowerState was interrupted: java.lang.InterruptedException: sleep interrupted
2019-10-18 11:24:49,275 [f535bb4a-cba0-4f9b-9e3e-e4a48b3eda51@group-7E32184879DE-LeaderElection233] INFO  impl.LeaderElection (LeaderElection.java:logAndReturn(56)) - f535bb4a-cba0-4f9b-9e3e-e4a48b3eda51@group-7E32184879DE-LeaderElection233: Election REJECTED; received 2 response(s) [f535bb4a-cba0-4f9b-9e3e-e4a48b3eda51<-54aabb14-4a7d-4ab3-adbe-2e67760b87f4#0:FAIL-t275, f535bb4a-cba0-4f9b-9e3e-e4a48b3eda51<-c652e2ee-3322-4406-8db6-1ea643cb3197#0:FAIL-t275] and 0 exception(s); f535bb4a-cba0-4f9b-9e3e-e4a48b3eda51@group-7E32184879DE:t275, leader=null, voted=f535bb4a-cba0-4f9b-9e3e-e4a48b3eda51, raftlog=f535bb4a-cba0-4f9b-9e3e-e4a48b3eda51@group-7E32184879DE-SegmentedRaftLog:OPENED:c-1,f-1,i0, conf=-1: [f535bb4a-cba0-4f9b-9e3e-e4a48b3eda51:0.0.0.0:44706, 54aabb14-4a7d-4ab3-adbe-2e67760b87f4:0.0.0.0:43074, c652e2ee-3322-4406-8db6-1ea643cb3197:0.0.0.0:42129], old=null
2019-10-18 11:24:49,276 [f535bb4a-cba0-4f9b-9e3e-e4a48b3eda51@group-7E32184879DE-LeaderElection233] INFO  impl.RaftServerImpl (RaftServerImpl.java:setRole(184)) - f535bb4a-cba0-4f9b-9e3e-e4a48b3eda51@group-7E32184879DE: changes role from CANDIDATE to FOLLOWER at term 275 for DISCOVERED_A_NEW_TERM
2019-10-18 11:24:49,276 [f535bb4a-cba0-4f9b-9e3e-e4a48b3eda51@group-7E32184879DE-LeaderElection233] INFO  impl.RoleInfo (RoleInfo.java:shutdownLeaderElection(134)) - f535bb4a-cba0-4f9b-9e3e-e4a48b3eda51: shutdown LeaderElection
2019-10-18 11:24:49,276 [f535bb4a-cba0-4f9b-9e3e-e4a48b3eda51@group-7E32184879DE-LeaderElection233] INFO  impl.RoleInfo (RoleInfo.java:updateAndGet(143)) - f535bb4a-cba0-4f9b-9e3e-e4a48b3eda51: start FollowerState
2019-10-18 11:24:49,424 [Thread-1673] INFO  impl.FollowerState (FollowerState.java:run(108)) - f535bb4a-cba0-4f9b-9e3e-e4a48b3eda51@group-7E32184879DE-FollowerState: change to CANDIDATE, lastRpcTime:148ms, electionTimeout:148ms
2019-10-18 11:24:49,425 [Thread-1673] INFO  impl.RoleInfo (RoleInfo.java:shutdownFollowerState(121)) - f535bb4a-cba0-4f9b-9e3e-e4a48b3eda51: shutdown FollowerState
2019-10-18 11:24:49,425 [Thread-1673] INFO  impl.RaftServerImpl (RaftServerImpl.java:setRole(184)) - f535bb4a-cba0-4f9b-9e3e-e4a48b3eda51@group-7E32184879DE: changes role from  FOLLOWER to CANDIDATE at term 275 for changeToCandidate
2019-10-18 11:24:49,425 [Thread-1673] INFO  impl.RoleInfo (RoleInfo.java:updateAndGet(143)) - f535bb4a-cba0-4f9b-9e3e-e4a48b3eda51: start LeaderElection
2019-10-18 11:24:49,459 [f535bb4a-cba0-4f9b-9e3e-e4a48b3eda51@group-7E32184879DE-LeaderElection234] INFO  impl.LeaderElection (LeaderElection.java:askForVotes(178)) - f535bb4a-cba0-4f9b-9e3e-e4a48b3eda51@group-7E32184879DE-LeaderElection234: begin an election at term 276 for -1: [f535bb4a-cba0-4f9b-9e3e-e4a48b3eda51:0.0.0.0:44706, 54aabb14-4a7d-4ab3-adbe-2e67760b87f4:0.0.0.0:43074, c652e2ee-3322-4406-8db6-1ea643cb3197:0.0.0.0:42129], old=null
2019-10-18 11:24:49,461 [grpc-default-executor-1] INFO  impl.RaftServerImpl (RaftServerImpl.java:setRole(184)) - 54aabb14-4a7d-4ab3-adbe-2e67760b87f4@group-7E32184879DE: changes role from  FOLLOWER to FOLLOWER at term 276 for recognizeCandidate:f535bb4a-cba0-4f9b-9e3e-e4a48b3eda51
2019-10-18 11:24:49,461 [grpc-default-executor-3] INFO  impl.RaftServerImpl (RaftServerImpl.java:setRole(184)) - c652e2ee-3322-4406-8db6-1ea643cb3197@group-7E32184879DE: changes role from  FOLLOWER to FOLLOWER at term 276 for recognizeCandidate:f535bb4a-cba0-4f9b-9e3e-e4a48b3eda51
2019-10-18 11:24:49,461 [grpc-default-executor-1] INFO  impl.RoleInfo (RoleInfo.java:shutdownFollowerState(121)) - 54aabb14-4a7d-4ab3-adbe-2e67760b87f4: shutdown FollowerState
2019-10-18 11:24:49,461 [grpc-default-executor-3] INFO  impl.RoleInfo (RoleInfo.java:shutdownFollowerState(121)) - c652e2ee-3322-4406-8db6-1ea643cb3197: shutdown FollowerState
2019-10-18 11:24:49,462 [Thread-1671] INFO  impl.FollowerState (FollowerState.java:run(117)) - 54aabb14-4a7d-4ab3-adbe-2e67760b87f4@group-7E32184879DE-FollowerState was interrupted: java.lang.InterruptedException: sleep interrupted
2019-10-18 11:24:49,462 [grpc-default-executor-1] INFO  impl.RoleInfo (RoleInfo.java:updateAndGet(143)) - 54aabb14-4a7d-4ab3-adbe-2e67760b87f4: start FollowerState
2019-10-18 11:24:49,462 [Thread-1672] INFO  impl.FollowerState (FollowerState.java:run(117)) - c652e2ee-3322-4406-8db6-1ea643cb3197@group-7E32184879DE-FollowerState was interrupted: java.lang.InterruptedException: sleep interrupted
2019-10-18 11:24:49,462 [grpc-default-executor-3] INFO  impl.RoleInfo (RoleInfo.java:updateAndGet(143)) - c652e2ee-3322-4406-8db6-1ea643cb3197: start FollowerState
2019-10-18 11:24:49,485 [f535bb4a-cba0-4f9b-9e3e-e4a48b3eda51@group-7E32184879DE-LeaderElection234] INFO  impl.LeaderElection (LeaderElection.java:logAndReturn(56)) - f535bb4a-cba0-4f9b-9e3e-e4a48b3eda51@group-7E32184879DE-LeaderElection234: Election REJECTED; received 2 response(s) [f535bb4a-cba0-4f9b-9e3e-e4a48b3eda51<-54aabb14-4a7d-4ab3-adbe-2e67760b87f4#0:FAIL-t276, f535bb4a-cba0-4f9b-9e3e-e4a48b3eda51<-c652e2ee-3322-4406-8db6-1ea643cb3197#0:FAIL-t276] and 0 exception(s); f535bb4a-cba0-4f9b-9e3e-e4a48b3eda51@group-7E32184879DE:t276, leader=null, voted=f535bb4a-cba0-4f9b-9e3e-e4a48b3eda51, raftlog=f535bb4a-cba0-4f9b-9e3e-e4a48b3eda51@group-7E32184879DE-SegmentedRaftLog:OPENED:c-1,f-1,i0, conf=-1: [f535bb4a-cba0-4f9b-9e3e-e4a48b3eda51:0.0.0.0:44706, 54aabb14-4a7d-4ab3-adbe-2e67760b87f4:0.0.0.0:43074, c652e2ee-3322-4406-8db6-1ea643cb3197:0.0.0.0:42129], old=null
2019-10-18 11:24:49,485 [f535bb4a-cba0-4f9b-9e3e-e4a48b3eda51@group-7E32184879DE-LeaderElection234] INFO  impl.RaftServerImpl (RaftServerImpl.java:setRole(184)) - f535bb4a-cba0-4f9b-9e3e-e4a48b3eda51@group-7E32184879DE: changes role from CANDIDATE to FOLLOWER at term 276 for DISCOVERED_A_NEW_TERM
2019-10-18 11:24:49,485 [f535bb4a-cba0-4f9b-9e3e-e4a48b3eda51@group-7E32184879DE-LeaderElection234] INFO  impl.RoleInfo (RoleInfo.java:shutdownLeaderElection(134)) - f535bb4a-cba0-4f9b-9e3e-e4a48b3eda51: shutdown LeaderElection
2019-10-18 11:24:49,485 [f535bb4a-cba0-4f9b-9e3e-e4a48b3eda51@group-7E32184879DE-LeaderElection234] INFO  impl.RoleInfo (RoleInfo.java:updateAndGet(143)) - f535bb4a-cba0-4f9b-9e3e-e4a48b3eda51: start FollowerState
2019-10-18 11:24:49,564 [Thread-1681] INFO  impl.FollowerState (FollowerState.java:run(108)) - f535bb4a-cba0-4f9b-9e3e-e4a48b3eda51@group-7E32184879DE-FollowerState: change to CANDIDATE, lastRpcTime:78ms, electionTimeout:78ms
2019-10-18 11:24:49,564 [Thread-1681] INFO  impl.RoleInfo (RoleInfo.java:shutdownFollowerState(121)) - f535bb4a-cba0-4f9b-9e3e-e4a48b3eda51: shutdown FollowerState
2019-10-18 11:24:49,564 [Thread-1681] INFO  impl.RaftServerImpl (RaftServerImpl.java:setRole(184)) - f535bb4a-cba0-4f9b-9e3e-e4a48b3eda51@group-7E32184879DE: changes role from  FOLLOWER to CANDIDATE at term 276 for changeToCandidate
2019-10-18 11:24:49,564 [Thread-1681] INFO  impl.RoleInfo (RoleInfo.java:updateAndGet(143)) - f535bb4a-cba0-4f9b-9e3e-e4a48b3eda51: start LeaderElection
2019-10-18 11:24:49,593 [f535bb4a-cba0-4f9b-9e3e-e4a48b3eda51@group-7E32184879DE-LeaderElection235] INFO  impl.LeaderElection (LeaderElection.java:askForVotes(178)) - f535bb4a-cba0-4f9b-9e3e-e4a48b3eda51@group-7E32184879DE-LeaderElection235: begin an election at term 277 for -1: [f535bb4a-cba0-4f9b-9e3e-e4a48b3eda51:0.0.0.0:44706, 54aabb14-4a7d-4ab3-adbe-2e67760b87f4:0.0.0.0:43074, c652e2ee-3322-4406-8db6-1ea643cb3197:0.0.0.0:42129], old=null
2019-10-18 11:24:49,593 [f535bb4a-cba0-4f9b-9e3e-e4a48b3eda51@group-7E32184879DE-LeaderElection235] INFO  impl.LeaderElection (LeaderElection.java:logAndReturn(56)) - f535bb4a-cba0-4f9b-9e3e-e4a48b3eda51@group-7E32184879DE-LeaderElection235: Election TIMEOUT; received 0 response(s) [] and 0 exception(s); f535bb4a-cba0-4f9b-9e3e-e4a48b3eda51@group-7E32184879DE:t277, leader=null, voted=f535bb4a-cba0-4f9b-9e3e-e4a48b3eda51, raftlog=f535bb4a-cba0-4f9b-9e3e-e4a48b3eda51@group-7E32184879DE-SegmentedRaftLog:OPENED:c-1,f-1,i0, conf=-1: [f535bb4a-cba0-4f9b-9e3e-e4a48b3eda51:0.0.0.0:44706, 54aabb14-4a7d-4ab3-adbe-2e67760b87f4:0.0.0.0:43074, c652e2ee-3322-4406-8db6-1ea643cb3197:0.0.0.0:42129], old=null
2019-10-18 11:24:49,595 [grpc-default-executor-1] INFO  impl.RaftServerImpl (RaftServerImpl.java:setRole(184)) - 54aabb14-4a7d-4ab3-adbe-2e67760b87f4@group-7E32184879DE: changes role from  FOLLOWER to FOLLOWER at term 277 for recognizeCandidate:f535bb4a-cba0-4f9b-9e3e-e4a48b3eda51
2019-10-18 11:24:49,595 [grpc-default-executor-1] INFO  impl.RoleInfo (RoleInfo.java:shutdownFollowerState(121)) - 54aabb14-4a7d-4ab3-adbe-2e67760b87f4: shutdown FollowerState
2019-10-18 11:24:49,595 [grpc-default-executor-1] INFO  impl.RoleInfo (RoleInfo.java:updateAndGet(143)) - 54aabb14-4a7d-4ab3-adbe-2e67760b87f4: start FollowerState
2019-10-18 11:24:49,595 [Thread-1679] INFO  impl.FollowerState (FollowerState.java:run(117)) - 54aabb14-4a7d-4ab3-adbe-2e67760b87f4@group-7E32184879DE-FollowerState was interrupted: java.lang.InterruptedException: sleep interrupted
2019-10-18 11:24:49,595 [grpc-default-executor-3] INFO  impl.RaftServerImpl (RaftServerImpl.java:setRole(184)) - c652e2ee-3322-4406-8db6-1ea643cb3197@group-7E32184879DE: changes role from  FOLLOWER to FOLLOWER at term 277 for recognizeCandidate:f535bb4a-cba0-4f9b-9e3e-e4a48b3eda51
2019-10-18 11:24:49,595 [grpc-default-executor-3] INFO  impl.RoleInfo (RoleInfo.java:shutdownFollowerState(121)) - c652e2ee-3322-4406-8db6-1ea643cb3197: shutdown FollowerState
2019-10-18 11:24:49,596 [grpc-default-executor-3] INFO  impl.RoleInfo (RoleInfo.java:updateAndGet(143)) - c652e2ee-3322-4406-8db6-1ea643cb3197: start FollowerState
2019-10-18 11:24:49,596 [Thread-1680] INFO  impl.FollowerState (FollowerState.java:run(117)) - c652e2ee-3322-4406-8db6-1ea643cb3197@group-7E32184879DE-FollowerState was interrupted: java.lang.InterruptedException: sleep interrupted
2019-10-18 11:24:49,618 [f535bb4a-cba0-4f9b-9e3e-e4a48b3eda51@group-7E32184879DE-LeaderElection235] INFO  impl.LeaderElection (LeaderElection.java:askForVotes(178)) - f535bb4a-cba0-4f9b-9e3e-e4a48b3eda51@group-7E32184879DE-LeaderElection235: begin an election at term 278 for -1: [f535bb4a-cba0-4f9b-9e3e-e4a48b3eda51:0.0.0.0:44706, 54aabb14-4a7d-4ab3-adbe-2e67760b87f4:0.0.0.0:43074, c652e2ee-3322-4406-8db6-1ea643cb3197:0.0.0.0:42129], old=null
2019-10-18 11:24:49,620 [grpc-default-executor-1] INFO  impl.RaftServerImpl (RaftServerImpl.java:setRole(184)) - 54aabb14-4a7d-4ab3-adbe-2e67760b87f4@group-7E32184879DE: changes role from  FOLLOWER to FOLLOWER at term 278 for recognizeCandidate:f535bb4a-cba0-4f9b-9e3e-e4a48b3eda51
2019-10-18 11:24:49,620 [grpc-default-executor-1] INFO  impl.RoleInfo (RoleInfo.java:shutdownFollowerState(121)) - 54aabb14-4a7d-4ab3-adbe-2e67760b87f4: shutdown FollowerState
2019-10-18 11:24:49,620 [grpc-default-executor-3] INFO  impl.RaftServerImpl (RaftServerImpl.java:setRole(184)) - c652e2ee-3322-4406-8db6-1ea643cb3197@group-7E32184879DE: changes role from  FOLLOWER to FOLLOWER at term 278 for recognizeCandidate:f535bb4a-cba0-4f9b-9e3e-e4a48b3eda51
2019-10-18 11:24:49,620 [Thread-1685] INFO  impl.FollowerState (FollowerState.java:run(117)) - 54aabb14-4a7d-4ab3-adbe-2e67760b87f4@group-7E32184879DE-FollowerState was interrupted: java.lang.InterruptedException: sleep interrupted
2019-10-18 11:24:49,620 [grpc-default-executor-1] INFO  impl.RoleInfo (RoleInfo.java:updateAndGet(143)) - 54aabb14-4a7d-4ab3-adbe-2e67760b87f4: start FollowerState
2019-10-18 11:24:49,620 [grpc-default-executor-3] INFO  impl.RoleInfo (RoleInfo.java:shutdownFollowerState(121)) - c652e2ee-3322-4406-8db6-1ea643cb3197: shutdown FollowerState
2019-10-18 11:24:49,621 [grpc-default-executor-3] INFO  impl.RoleInfo (RoleInfo.java:updateAndGet(143)) - c652e2ee-3322-4406-8db6-1ea643cb3197: start FollowerState
2019-10-18 11:24:49,621 [Thread-1686] INFO  impl.FollowerState (FollowerState.java:run(117)) - c652e2ee-3322-4406-8db6-1ea643cb3197@group-7E32184879DE-FollowerState was interrupted: java.lang.InterruptedException: sleep interrupted
2019-10-18 11:24:49,644 [f535bb4a-cba0-4f9b-9e3e-e4a48b3eda51@group-7E32184879DE-LeaderElection235] INFO  impl.LeaderElection (LeaderElection.java:logAndReturn(56)) - f535bb4a-cba0-4f9b-9e3e-e4a48b3eda51@group-7E32184879DE-LeaderElection235: Election REJECTED; received 2 response(s) [f535bb4a-cba0-4f9b-9e3e-e4a48b3eda51<-54aabb14-4a7d-4ab3-adbe-2e67760b87f4#0:FAIL-t278, f535bb4a-cba0-4f9b-9e3e-e4a48b3eda51<-c652e2ee-3322-4406-8db6-1ea643cb3197#0:FAIL-t278] and 0 exception(s); f535bb4a-cba0-4f9b-9e3e-e4a48b3eda51@group-7E32184879DE:t278, leader=null, voted=f535bb4a-cba0-4f9b-9e3e-e4a48b3eda51, raftlog=f535bb4a-cba0-4f9b-9e3e-e4a48b3eda51@group-7E32184879DE-SegmentedRaftLog:OPENED:c-1,f-1,i0, conf=-1: [f535bb4a-cba0-4f9b-9e3e-e4a48b3eda51:0.0.0.0:44706, 54aabb14-4a7d-4ab3-adbe-2e67760b87f4:0.0.0.0:43074, c652e2ee-3322-4406-8db6-1ea643cb3197:0.0.0.0:42129], old=null
2019-10-18 11:24:49,644 [f535bb4a-cba0-4f9b-9e3e-e4a48b3eda51@group-7E32184879DE-LeaderElection235] INFO  impl.RaftServerImpl (RaftServerImpl.java:setRole(184)) - f535bb4a-cba0-4f9b-9e3e-e4a48b3eda51@group-7E32184879DE: changes role from CANDIDATE to FOLLOWER at term 278 for DISCOVERED_A_NEW_TERM
2019-10-18 11:24:49,645 [f535bb4a-cba0-4f9b-9e3e-e4a48b3eda51@group-7E32184879DE-LeaderElection235] INFO  impl.RoleInfo (RoleInfo.java:shutdownLeaderElection(134)) - f535bb4a-cba0-4f9b-9e3e-e4a48b3eda51: shutdown LeaderElection
2019-10-18 11:24:49,645 [f535bb4a-cba0-4f9b-9e3e-e4a48b3eda51@group-7E32184879DE-LeaderElection235] INFO  impl.RoleInfo (RoleInfo.java:updateAndGet(143)) - f535bb4a-cba0-4f9b-9e3e-e4a48b3eda51: start FollowerState
2019-10-18 11:24:49,827 [Thread-1691] INFO  impl.FollowerState (FollowerState.java:run(108)) - f535bb4a-cba0-4f9b-9e3e-e4a48b3eda51@group-7E32184879DE-FollowerState: change to CANDIDATE, lastRpcTime:182ms, electionTimeout:182ms
2019-10-18 11:24:49,827 [Thread-1691] INFO  impl.RoleInfo (RoleInfo.java:shutdownFollowerState(121)) - f535bb4a-cba0-4f9b-9e3e-e4a48b3eda51: shutdown FollowerState
2019-10-18 11:24:49,828 [Thread-1691] INFO  impl.RaftServerImpl (RaftServerImpl.java:setRole(184)) - f535bb4a-cba0-4f9b-9e3e-e4a48b3eda51@group-7E32184879DE: changes role from  FOLLOWER to CANDIDATE at term 278 for changeToCandidate
2019-10-18 11:24:49,828 [Thread-1691] INFO  impl.RoleInfo (RoleInfo.java:updateAndGet(143)) - f535bb4a-cba0-4f9b-9e3e-e4a48b3eda51: start LeaderElection
2019-10-18 11:24:49,851 [f535bb4a-cba0-4f9b-9e3e-e4a48b3eda51@group-7E32184879DE-LeaderElection236] INFO  impl.LeaderElection (LeaderElection.java:askForVotes(178)) - f535bb4a-cba0-4f9b-9e3e-e4a48b3eda51@group-7E32184879DE-LeaderElection236: begin an election at term 279 for -1: [f535bb4a-cba0-4f9b-9e3e-e4a48b3eda51:0.0.0.0:44706, 54aabb14-4a7d-4ab3-adbe-2e67760b87f4:0.0.0.0:43074, c652e2ee-3322-4406-8db6-1ea643cb3197:0.0.0.0:42129], old=null
2019-10-18 11:24:49,854 [grpc-default-executor-1] INFO  impl.RaftServerImpl (RaftServerImpl.java:setRole(184)) - c652e2ee-3322-4406-8db6-1ea643cb3197@group-7E32184879DE: changes role from  FOLLOWER to FOLLOWER at term 279 for recognizeCandidate:f535bb4a-cba0-4f9b-9e3e-e4a48b3eda51
2019-10-18 11:24:49,854 [grpc-default-executor-1] INFO  impl.RoleInfo (RoleInfo.java:shutdownFollowerState(121)) - c652e2ee-3322-4406-8db6-1ea643cb3197: shutdown FollowerState
2019-10-18 11:24:49,854 [grpc-default-executor-1] INFO  impl.RoleInfo (RoleInfo.java:updateAndGet(143)) - c652e2ee-3322-4406-8db6-1ea643cb3197: start FollowerState
2019-10-18 11:24:49,854 [Thread-1690] INFO  impl.FollowerState (FollowerState.java:run(117)) - c652e2ee-3322-4406-8db6-1ea643cb3197@group-7E32184879DE-FollowerState was interrupted: java.lang.InterruptedException: sleep interrupted
2019-10-18 11:24:49,854 [grpc-default-executor-3] INFO  impl.RaftServerImpl (RaftServerImpl.java:setRole(184)) - 54aabb14-4a7d-4ab3-adbe-2e67760b87f4@group-7E32184879DE: changes role from  FOLLOWER to FOLLOWER at term 279 for recognizeCandidate:f535bb4a-cba0-4f9b-9e3e-e4a48b3eda51
2019-10-18 11:24:49,854 [grpc-default-executor-3] INFO  impl.RoleInfo (RoleInfo.java:shutdownFollowerState(121)) - 54aabb14-4a7d-4ab3-adbe-2e67760b87f4: shutdown FollowerState
2019-10-18 11:24:49,855 [grpc-default-executor-3] INFO  impl.RoleInfo (RoleInfo.java:updateAndGet(143)) - 54aabb14-4a7d-4ab3-adbe-2e67760b87f4: start FollowerState
2019-10-18 11:24:49,855 [Thread-1689] INFO  impl.FollowerState (FollowerState.java:run(117)) - 54aabb14-4a7d-4ab3-adbe-2e67760b87f4@group-7E32184879DE-FollowerState was interrupted: java.lang.InterruptedException: sleep interrupted
2019-10-18 11:24:49,875 [f535bb4a-cba0-4f9b-9e3e-e4a48b3eda51@group-7E32184879DE-LeaderElection236] INFO  impl.LeaderElection (LeaderElection.java:logAndReturn(56)) - f535bb4a-cba0-4f9b-9e3e-e4a48b3eda51@group-7E32184879DE-LeaderElection236: Election REJECTED; received 2 response(s) [f535bb4a-cba0-4f9b-9e3e-e4a48b3eda51<-54aabb14-4a7d-4ab3-adbe-2e67760b87f4#0:FAIL-t279, f535bb4a-cba0-4f9b-9e3e-e4a48b3eda51<-c652e2ee-3322-4406-8db6-1ea643cb3197#0:FAIL-t279] and 0 exception(s); f535bb4a-cba0-4f9b-9e3e-e4a48b3eda51@group-7E32184879DE:t279, leader=null, voted=f535bb4a-cba0-4f9b-9e3e-e4a48b3eda51, raftlog=f535bb4a-cba0-4f9b-9e3e-e4a48b3eda51@group-7E32184879DE-SegmentedRaftLog:OPENED:c-1,f-1,i0, conf=-1: [f535bb4a-cba0-4f9b-9e3e-e4a48b3eda51:0.0.0.0:44706, 54aabb14-4a7d-4ab3-adbe-2e67760b87f4:0.0.0.0:43074, c652e2ee-3322-4406-8db6-1ea643cb3197:0.0.0.0:42129], old=null
2019-10-18 11:24:49,876 [f535bb4a-cba0-4f9b-9e3e-e4a48b3eda51@group-7E32184879DE-LeaderElection236] INFO  impl.RaftServerImpl (RaftServerImpl.java:setRole(184)) - f535bb4a-cba0-4f9b-9e3e-e4a48b3eda51@group-7E32184879DE: changes role from CANDIDATE to FOLLOWER at term 279 for DISCOVERED_A_NEW_TERM
2019-10-18 11:24:49,876 [f535bb4a-cba0-4f9b-9e3e-e4a48b3eda51@group-7E32184879DE-LeaderElection236] INFO  impl.RoleInfo (RoleInfo.java:shutdownLeaderElection(134)) - f535bb4a-cba0-4f9b-9e3e-e4a48b3eda51: shutdown LeaderElection
2019-10-18 11:24:49,876 [f535bb4a-cba0-4f9b-9e3e-e4a48b3eda51@group-7E32184879DE-LeaderElection236] INFO  impl.RoleInfo (RoleInfo.java:updateAndGet(143)) - f535bb4a-cba0-4f9b-9e3e-e4a48b3eda51: start FollowerState
2019-10-18 11:24:49,940 [Thread-1697] INFO  impl.FollowerState (FollowerState.java:run(108)) - f535bb4a-cba0-4f9b-9e3e-e4a48b3eda51@group-7E32184879DE-FollowerState: change to CANDIDATE, lastRpcTime:64ms, electionTimeout:64ms
2019-10-18 11:24:49,941 [Thread-1697] INFO  impl.RoleInfo (RoleInfo.java:shutdownFollowerState(121)) - f535bb4a-cba0-4f9b-9e3e-e4a48b3eda51: shutdown FollowerState
2019-10-18 11:24:49,941 [Thread-1697] INFO  impl.RaftServerImpl (RaftServerImpl.java:setRole(184)) - f535bb4a-cba0-4f9b-9e3e-e4a48b3eda51@group-7E32184879DE: changes role from  FOLLOWER to CANDIDATE at term 279 for changeToCandidate
2019-10-18 11:24:49,941 [Thread-1697] INFO  impl.RoleInfo (RoleInfo.java:updateAndGet(143)) - f535bb4a-cba0-4f9b-9e3e-e4a48b3eda51: start LeaderElection
2019-10-18 11:24:49,965 [f535bb4a-cba0-4f9b-9e3e-e4a48b3eda51@group-7E32184879DE-LeaderElection237] INFO  impl.LeaderElection (LeaderElection.java:askForVotes(178)) - f535bb4a-cba0-4f9b-9e3e-e4a48b3eda51@group-7E32184879DE-LeaderElection237: begin an election at term 280 for -1: [f535bb4a-cba0-4f9b-9e3e-e4a48b3eda51:0.0.0.0:44706, 54aabb14-4a7d-4ab3-adbe-2e67760b87f4:0.0.0.0:43074, c652e2ee-3322-4406-8db6-1ea643cb3197:0.0.0.0:42129], old=null
2019-10-18 11:24:49,967 [grpc-default-executor-1] INFO  impl.RaftServerImpl (RaftServerImpl.java:setRole(184)) - 54aabb14-4a7d-4ab3-adbe-2e67760b87f4@group-7E32184879DE: changes role from  FOLLOWER to FOLLOWER at term 280 for recognizeCandidate:f535bb4a-cba0-4f9b-9e3e-e4a48b3eda51
2019-10-18 11:24:49,968 [grpc-default-executor-3] INFO  impl.RaftServerImpl (RaftServerImpl.java:setRole(184)) - c652e2ee-3322-4406-8db6-1ea643cb3197@group-7E32184879DE: changes role from  FOLLOWER to FOLLOWER at term 280 for recognizeCandidate:f535bb4a-cba0-4f9b-9e3e-e4a48b3eda51
2019-10-18 11:24:49,968 [grpc-default-executor-3] INFO  impl.RoleInfo (RoleInfo.java:shutdownFollowerState(121)) - c652e2ee-3322-4406-8db6-1ea643cb3197: shutdown FollowerState
2019-10-18 11:24:49,968 [grpc-default-executor-1] INFO  impl.RoleInfo (RoleInfo.java:shutdownFollowerState(121)) - 54aabb14-4a7d-4ab3-adbe-2e67760b87f4: shutdown FollowerState
2019-10-18 11:24:49,968 [Thread-1695] INFO  impl.FollowerState (FollowerState.java:run(117)) - c652e2ee-3322-4406-8db6-1ea643cb3197@group-7E32184879DE-FollowerState was interrupted: java.lang.InterruptedException: sleep interrupted
2019-10-18 11:24:49,968 [Thread-1696] INFO  impl.FollowerState (FollowerState.java:run(117)) - 54aabb14-4a7d-4ab3-adbe-2e67760b87f4@group-7E32184879DE-FollowerState was interrupted: java.lang.InterruptedException: sleep interrupted
2019-10-18 11:24:49,968 [grpc-default-executor-3] INFO  impl.RoleInfo (RoleInfo.java:updateAndGet(143)) - c652e2ee-3322-4406-8db6-1ea643cb3197: start FollowerState
2019-10-18 11:24:49,968 [grpc-default-executor-1] INFO  impl.RoleInfo (RoleInfo.java:updateAndGet(143)) - 54aabb14-4a7d-4ab3-adbe-2e67760b87f4: start FollowerState
2019-10-18 11:24:49,993 [f535bb4a-cba0-4f9b-9e3e-e4a48b3eda51@group-7E32184879DE-LeaderElection237] INFO  impl.LeaderElection (LeaderElection.java:logAndReturn(56)) - f535bb4a-cba0-4f9b-9e3e-e4a48b3eda51@group-7E32184879DE-LeaderElection237: Election REJECTED; received 2 response(s) [f535bb4a-cba0-4f9b-9e3e-e4a48b3eda51<-54aabb14-4a7d-4ab3-adbe-2e67760b87f4#0:FAIL-t280, f535bb4a-cba0-4f9b-9e3e-e4a48b3eda51<-c652e2ee-3322-4406-8db6-1ea643cb3197#0:FAIL-t280] and 0 exception(s); f535bb4a-cba0-4f9b-9e3e-e4a48b3eda51@group-7E32184879DE:t280, leader=null, voted=f535bb4a-cba0-4f9b-9e3e-e4a48b3eda51, raftlog=f535bb4a-cba0-4f9b-9e3e-e4a48b3eda51@group-7E32184879DE-SegmentedRaftLog:OPENED:c-1,f-1,i0, conf=-1: [f535bb4a-cba0-4f9b-9e3e-e4a48b3eda51:0.0.0.0:44706, 54aabb14-4a7d-4ab3-adbe-2e67760b87f4:0.0.0.0:43074, c652e2ee-3322-4406-8db6-1ea643cb3197:0.0.0.0:42129], old=null
2019-10-18 11:24:49,993 [f535bb4a-cba0-4f9b-9e3e-e4a48b3eda51@group-7E32184879DE-LeaderElection237] INFO  impl.RaftServerImpl (RaftServerImpl.java:setRole(184)) - f535bb4a-cba0-4f9b-9e3e-e4a48b3eda51@group-7E32184879DE: changes role from CANDIDATE to FOLLOWER at term 280 for DISCOVERED_A_NEW_TERM
2019-10-18 11:24:49,993 [f535bb4a-cba0-4f9b-9e3e-e4a48b3eda51@group-7E32184879DE-LeaderElection237] INFO  impl.RoleInfo (RoleInfo.java:shutdownLeaderElection(134)) - f535bb4a-cba0-4f9b-9e3e-e4a48b3eda51: shutdown LeaderElection
2019-10-18 11:24:49,993 [f535bb4a-cba0-4f9b-9e3e-e4a48b3eda51@group-7E32184879DE-LeaderElection237] INFO  impl.RoleInfo (RoleInfo.java:updateAndGet(143)) - f535bb4a-cba0-4f9b-9e3e-e4a48b3eda51: start FollowerState
2019-10-18 11:24:50,108 [Thread-1703] INFO  impl.FollowerState (FollowerState.java:run(108)) - f535bb4a-cba0-4f9b-9e3e-e4a48b3eda51@group-7E32184879DE-FollowerState: change to CANDIDATE, lastRpcTime:114ms, electionTimeout:114ms
2019-10-18 11:24:50,108 [Thread-1703] INFO  impl.RoleInfo (RoleInfo.java:shutdownFollowerState(121)) - f535bb4a-cba0-4f9b-9e3e-e4a48b3eda51: shutdown FollowerState
2019-10-18 11:24:50,109 [Thread-1703] INFO  impl.RaftServerImpl (RaftServerImpl.java:setRole(184)) - f535bb4a-cba0-4f9b-9e3e-e4a48b3eda51@group-7E32184879DE: changes role from  FOLLOWER to CANDIDATE at term 280 for changeToCandidate
2019-10-18 11:24:50,109 [Thread-1703] INFO  impl.RoleInfo (RoleInfo.java:updateAndGet(143)) - f535bb4a-cba0-4f9b-9e3e-e4a48b3eda51: start LeaderElection
2019-10-18 11:24:50,133 [f535bb4a-cba0-4f9b-9e3e-e4a48b3eda51@group-7E32184879DE-LeaderElection238] INFO  impl.LeaderElection (LeaderElection.java:askForVotes(178)) - f535bb4a-cba0-4f9b-9e3e-e4a48b3eda51@group-7E32184879DE-LeaderElection238: begin an election at term 281 for -1: [f535bb4a-cba0-4f9b-9e3e-e4a48b3eda51:0.0.0.0:44706, 54aabb14-4a7d-4ab3-adbe-2e67760b87f4:0.0.0.0:43074, c652e2ee-3322-4406-8db6-1ea643cb3197:0.0.0.0:42129], old=null
2019-10-18 11:24:50,135 [grpc-default-executor-1] INFO  impl.RaftServerImpl (RaftServerImpl.java:setRole(184)) - c652e2ee-3322-4406-8db6-1ea643cb3197@group-7E32184879DE: changes role from  FOLLOWER to FOLLOWER at term 281 for recognizeCandidate:f535bb4a-cba0-4f9b-9e3e-e4a48b3eda51
2019-10-18 11:24:50,135 [grpc-default-executor-3] INFO  impl.RaftServerImpl (RaftServerImpl.java:setRole(184)) - 54aabb14-4a7d-4ab3-adbe-2e67760b87f4@group-7E32184879DE: changes role from  FOLLOWER to FOLLOWER at term 281 for recognizeCandidate:f535bb4a-cba0-4f9b-9e3e-e4a48b3eda51
2019-10-18 11:24:50,136 [grpc-default-executor-1] INFO  impl.RoleInfo (RoleInfo.java:shutdownFollowerState(121)) - c652e2ee-3322-4406-8db6-1ea643cb3197: shutdown FollowerState
2019-10-18 11:24:50,136 [grpc-default-executor-3] INFO  impl.RoleInfo (RoleInfo.java:shutdownFollowerState(121)) - 54aabb14-4a7d-4ab3-adbe-2e67760b87f4: shutdown FollowerState
2019-10-18 11:24:50,136 [grpc-default-executor-1] INFO  impl.RoleInfo (RoleInfo.java:updateAndGet(143)) - c652e2ee-3322-4406-8db6-1ea643cb3197: start FollowerState
2019-10-18 11:24:50,136 [Thread-1702] INFO  impl.FollowerState (FollowerState.java:run(117)) - 54aabb14-4a7d-4ab3-adbe-2e67760b87f4@group-7E32184879DE-FollowerState was interrupted: java.lang.InterruptedException: sleep interrupted
2019-10-18 11:24:50,136 [Thread-1701] INFO  impl.FollowerState (FollowerState.java:run(117)) - c652e2ee-3322-4406-8db6-1ea643cb3197@group-7E32184879DE-FollowerState was interrupted: java.lang.InterruptedException: sleep interrupted
2019-10-18 11:24:50,136 [grpc-default-executor-3] INFO  impl.RoleInfo (RoleInfo.java:updateAndGet(143)) - 54aabb14-4a7d-4ab3-adbe-2e67760b87f4: start FollowerState
2019-10-18 11:24:50,161 [f535bb4a-cba0-4f9b-9e3e-e4a48b3eda51@group-7E32184879DE-LeaderElection238] INFO  impl.LeaderElection (LeaderElection.java:logAndReturn(56)) - f535bb4a-cba0-4f9b-9e3e-e4a48b3eda51@group-7E32184879DE-LeaderElection238: Election REJECTED; received 2 response(s) [f535bb4a-cba0-4f9b-9e3e-e4a48b3eda51<-54aabb14-4a7d-4ab3-adbe-2e67760b87f4#0:FAIL-t281, f535bb4a-cba0-4f9b-9e3e-e4a48b3eda51<-c652e2ee-3322-4406-8db6-1ea643cb3197#0:FAIL-t281] and 0 exception(s); f535bb4a-cba0-4f9b-9e3e-e4a48b3eda51@group-7E32184879DE:t281, leader=null, voted=f535bb4a-cba0-4f9b-9e3e-e4a48b3eda51, raftlog=f535bb4a-cba0-4f9b-9e3e-e4a48b3eda51@group-7E32184879DE-SegmentedRaftLog:OPENED:c-1,f-1,i0, conf=-1: [f535bb4a-cba0-4f9b-9e3e-e4a48b3eda51:0.0.0.0:44706, 54aabb14-4a7d-4ab3-adbe-2e67760b87f4:0.0.0.0:43074, c652e2ee-3322-4406-8db6-1ea643cb3197:0.0.0.0:42129], old=null
2019-10-18 11:24:50,161 [f535bb4a-cba0-4f9b-9e3e-e4a48b3eda51@group-7E32184879DE-LeaderElection238] INFO  impl.RaftServerImpl (RaftServerImpl.java:setRole(184)) - f535bb4a-cba0-4f9b-9e3e-e4a48b3eda51@group-7E32184879DE: changes role from CANDIDATE to FOLLOWER at term 281 for DISCOVERED_A_NEW_TERM
2019-10-18 11:24:50,161 [f535bb4a-cba0-4f9b-9e3e-e4a48b3eda51@group-7E32184879DE-LeaderElection238] INFO  impl.RoleInfo (RoleInfo.java:shutdownLeaderElection(134)) - f535bb4a-cba0-4f9b-9e3e-e4a48b3eda51: shutdown LeaderElection
2019-10-18 11:24:50,161 [f535bb4a-cba0-4f9b-9e3e-e4a48b3eda51@group-7E32184879DE-LeaderElection238] INFO  impl.RoleInfo (RoleInfo.java:updateAndGet(143)) - f535bb4a-cba0-4f9b-9e3e-e4a48b3eda51: start FollowerState
2019-10-18 11:24:50,210 [Thread-1709] INFO  impl.FollowerState (FollowerState.java:run(108)) - f535bb4a-cba0-4f9b-9e3e-e4a48b3eda51@group-7E32184879DE-FollowerState: change to CANDIDATE, lastRpcTime:49ms, electionTimeout:49ms
2019-10-18 11:24:50,211 [Thread-1709] INFO  impl.RoleInfo (RoleInfo.java:shutdownFollowerState(121)) - f535bb4a-cba0-4f9b-9e3e-e4a48b3eda51: shutdown FollowerState
2019-10-18 11:24:50,211 [Thread-1709] INFO  impl.RaftServerImpl (RaftServerImpl.java:setRole(184)) - f535bb4a-cba0-4f9b-9e3e-e4a48b3eda51@group-7E32184879DE: changes role from  FOLLOWER to CANDIDATE at term 281 for changeToCandidate
2019-10-18 11:24:50,211 [Thread-1709] INFO  impl.RoleInfo (RoleInfo.java:updateAndGet(143)) - f535bb4a-cba0-4f9b-9e3e-e4a48b3eda51: start LeaderElection
2019-10-18 11:24:50,236 [f535bb4a-cba0-4f9b-9e3e-e4a48b3eda51@group-7E32184879DE-LeaderElection239] INFO  impl.LeaderElection (LeaderElection.java:askForVotes(178)) - f535bb4a-cba0-4f9b-9e3e-e4a48b3eda51@group-7E32184879DE-LeaderElection239: begin an election at term 282 for -1: [f535bb4a-cba0-4f9b-9e3e-e4a48b3eda51:0.0.0.0:44706, 54aabb14-4a7d-4ab3-adbe-2e67760b87f4:0.0.0.0:43074, c652e2ee-3322-4406-8db6-1ea643cb3197:0.0.0.0:42129], old=null
2019-10-18 11:24:50,238 [grpc-default-executor-3] INFO  impl.RaftServerImpl (RaftServerImpl.java:setRole(184)) - c652e2ee-3322-4406-8db6-1ea643cb3197@group-7E32184879DE: changes role from  FOLLOWER to FOLLOWER at term 282 for recognizeCandidate:f535bb4a-cba0-4f9b-9e3e-e4a48b3eda51
2019-10-18 11:24:50,238 [grpc-default-executor-3] INFO  impl.RoleInfo (RoleInfo.java:shutdownFollowerState(121)) - c652e2ee-3322-4406-8db6-1ea643cb3197: shutdown FollowerState
2019-10-18 11:24:50,238 [grpc-default-executor-1] INFO  impl.RaftServerImpl (RaftServerImpl.java:setRole(184)) - 54aabb14-4a7d-4ab3-adbe-2e67760b87f4@group-7E32184879DE: changes role from  FOLLOWER to FOLLOWER at term 282 for recognizeCandidate:f535bb4a-cba0-4f9b-9e3e-e4a48b3eda51
2019-10-18 11:24:50,239 [grpc-default-executor-3] INFO  impl.RoleInfo (RoleInfo.java:updateAndGet(143)) - c652e2ee-3322-4406-8db6-1ea643cb3197: start FollowerState
2019-10-18 11:24:50,239 [Thread-1707] INFO  impl.FollowerState (FollowerState.java:run(117)) - c652e2ee-3322-4406-8db6-1ea643cb3197@group-7E32184879DE-FollowerState was interrupted: java.lang.InterruptedException: sleep interrupted
2019-10-18 11:24:50,239 [grpc-default-executor-1] INFO  impl.RoleInfo (RoleInfo.java:shutdownFollowerState(121)) - 54aabb14-4a7d-4ab3-adbe-2e67760b87f4: shutdown FollowerState
2019-10-18 11:24:50,239 [grpc-default-executor-1] INFO  impl.RoleInfo (RoleInfo.java:updateAndGet(143)) - 54aabb14-4a7d-4ab3-adbe-2e67760b87f4: start FollowerState
2019-10-18 11:24:50,239 [Thread-1708] INFO  impl.FollowerState (FollowerState.java:run(117)) - 54aabb14-4a7d-4ab3-adbe-2e67760b87f4@group-7E32184879DE-FollowerState was interrupted: java.lang.InterruptedException: sleep interrupted
2019-10-18 11:24:50,272 [f535bb4a-cba0-4f9b-9e3e-e4a48b3eda51@group-7E32184879DE-LeaderElection239] INFO  impl.LeaderElection (LeaderElection.java:logAndReturn(56)) - f535bb4a-cba0-4f9b-9e3e-e4a48b3eda51@group-7E32184879DE-LeaderElection239: Election REJECTED; received 2 response(s) [f535bb4a-cba0-4f9b-9e3e-e4a48b3eda51<-54aabb14-4a7d-4ab3-adbe-2e67760b87f4#0:FAIL-t282, f535bb4a-cba0-4f9b-9e3e-e4a48b3eda51<-c652e2ee-3322-4406-8db6-1ea643cb3197#0:FAIL-t282] and 0 exception(s); f535bb4a-cba0-4f9b-9e3e-e4a48b3eda51@group-7E32184879DE:t282, leader=null, voted=f535bb4a-cba0-4f9b-9e3e-e4a48b3eda51, raftlog=f535bb4a-cba0-4f9b-9e3e-e4a48b3eda51@group-7E32184879DE-SegmentedRaftLog:OPENED:c-1,f-1,i0, conf=-1: [f535bb4a-cba0-4f9b-9e3e-e4a48b3eda51:0.0.0.0:44706, 54aabb14-4a7d-4ab3-adbe-2e67760b87f4:0.0.0.0:43074, c652e2ee-3322-4406-8db6-1ea643cb3197:0.0.0.0:42129], old=null
2019-10-18 11:24:50,272 [f535bb4a-cba0-4f9b-9e3e-e4a48b3eda51@group-7E32184879DE-LeaderElection239] INFO  impl.RaftServerImpl (RaftServerImpl.java:setRole(184)) - f535bb4a-cba0-4f9b-9e3e-e4a48b3eda51@group-7E32184879DE: changes role from CANDIDATE to FOLLOWER at term 282 for DISCOVERED_A_NEW_TERM
2019-10-18 11:24:50,272 [f535bb4a-cba0-4f9b-9e3e-e4a48b3eda51@group-7E32184879DE-LeaderElection239] INFO  impl.RoleInfo (RoleInfo.java:shutdownLeaderElection(134)) - f535bb4a-cba0-4f9b-9e3e-e4a48b3eda51: shutdown LeaderElection
2019-10-18 11:24:50,272 [f535bb4a-cba0-4f9b-9e3e-e4a48b3eda51@group-7E32184879DE-LeaderElection239] INFO  impl.RoleInfo (RoleInfo.java:updateAndGet(143)) - f535bb4a-cba0-4f9b-9e3e-e4a48b3eda51: start FollowerState
2019-10-18 11:24:50,358 [Thread-1715] INFO  impl.FollowerState (FollowerState.java:run(108)) - f535bb4a-cba0-4f9b-9e3e-e4a48b3eda51@group-7E32184879DE-FollowerState: change to CANDIDATE, lastRpcTime:85ms, electionTimeout:85ms
2019-10-18 11:24:50,358 [Thread-1715] INFO  impl.RoleInfo (RoleInfo.java:shutdownFollowerState(121)) - f535bb4a-cba0-4f9b-9e3e-e4a48b3eda51: shutdown FollowerState
2019-10-18 11:24:50,358 [Thread-1715] INFO  impl.RaftServerImpl (RaftServerImpl.java:setRole(184)) - f535bb4a-cba0-4f9b-9e3e-e4a48b3eda51@group-7E32184879DE: changes role from  FOLLOWER to CANDIDATE at term 282 for changeToCandidate
2019-10-18 11:24:50,358 [Thread-1715] INFO  impl.RoleInfo (RoleInfo.java:updateAndGet(143)) - f535bb4a-cba0-4f9b-9e3e-e4a48b3eda51: start LeaderElection
2019-10-18 11:24:50,381 [f535bb4a-cba0-4f9b-9e3e-e4a48b3eda51@group-7E32184879DE-LeaderElection240] INFO  impl.LeaderElection (LeaderElection.java:askForVotes(178)) - f535bb4a-cba0-4f9b-9e3e-e4a48b3eda51@group-7E32184879DE-LeaderElection240: begin an election at term 283 for -1: [f535bb4a-cba0-4f9b-9e3e-e4a48b3eda51:0.0.0.0:44706, 54aabb14-4a7d-4ab3-adbe-2e67760b87f4:0.0.0.0:43074, c652e2ee-3322-4406-8db6-1ea643cb3197:0.0.0.0:42129], old=null
2019-10-18 11:24:50,383 [grpc-default-executor-1] INFO  impl.RaftServerImpl (RaftServerImpl.java:setRole(184)) - c652e2ee-3322-4406-8db6-1ea643cb3197@group-7E32184879DE: changes role from  FOLLOWER to FOLLOWER at term 283 for recognizeCandidate:f535bb4a-cba0-4f9b-9e3e-e4a48b3eda51
2019-10-18 11:24:50,383 [grpc-default-executor-3] INFO  impl.RaftServerImpl (RaftServerImpl.java:setRole(184)) - 54aabb14-4a7d-4ab3-adbe-2e67760b87f4@group-7E32184879DE: changes role from  FOLLOWER to FOLLOWER at term 283 for recognizeCandidate:f535bb4a-cba0-4f9b-9e3e-e4a48b3eda51
2019-10-18 11:24:50,384 [grpc-default-executor-1] INFO  impl.RoleInfo (RoleInfo.java:shutdownFollowerState(121)) - c652e2ee-3322-4406-8db6-1ea643cb3197: shutdown FollowerState
2019-10-18 11:24:50,384 [grpc-default-executor-3] INFO  impl.RoleInfo (RoleInfo.java:shutdownFollowerState(121)) - 54aabb14-4a7d-4ab3-adbe-2e67760b87f4: shutdown FollowerState
2019-10-18 11:24:50,384 [Thread-1713] INFO  impl.FollowerState (FollowerState.java:run(117)) - c652e2ee-3322-4406-8db6-1ea643cb3197@group-7E32184879DE-FollowerState was interrupted: java.lang.InterruptedException: sleep interrupted
2019-10-18 11:24:50,384 [grpc-default-executor-1] INFO  impl.RoleInfo (RoleInfo.java:updateAndGet(143)) - c652e2ee-3322-4406-8db6-1ea643cb3197: start FollowerState
2019-10-18 11:24:50,384 [Thread-1714] INFO  impl.FollowerState (FollowerState.java:run(117)) - 54aabb14-4a7d-4ab3-adbe-2e67760b87f4@group-7E32184879DE-FollowerState was interrupted: java.lang.InterruptedException: sleep interrupted
2019-10-18 11:24:50,384 [grpc-default-executor-3] INFO  impl.RoleInfo (RoleInfo.java:updateAndGet(143)) - 54aabb14-4a7d-4ab3-adbe-2e67760b87f4: start FollowerState
2019-10-18 11:24:50,407 [f535bb4a-cba0-4f9b-9e3e-e4a48b3eda51@group-7E32184879DE-LeaderElection240] INFO  impl.LeaderElection (LeaderElection.java:logAndReturn(56)) - f535bb4a-cba0-4f9b-9e3e-e4a48b3eda51@group-7E32184879DE-LeaderElection240: Election REJECTED; received 2 response(s) [f535bb4a-cba0-4f9b-9e3e-e4a48b3eda51<-54aabb14-4a7d-4ab3-adbe-2e67760b87f4#0:FAIL-t283, f535bb4a-cba0-4f9b-9e3e-e4a48b3eda51<-c652e2ee-3322-4406-8db6-1ea643cb3197#0:FAIL-t283] and 0 exception(s); f535bb4a-cba0-4f9b-9e3e-e4a48b3eda51@group-7E32184879DE:t283, leader=null, voted=f535bb4a-cba0-4f9b-9e3e-e4a48b3eda51, raftlog=f535bb4a-cba0-4f9b-9e3e-e4a48b3eda51@group-7E32184879DE-SegmentedRaftLog:OPENED:c-1,f-1,i0, conf=-1: [f535bb4a-cba0-4f9b-9e3e-e4a48b3eda51:0.0.0.0:44706, 54aabb14-4a7d-4ab3-adbe-2e67760b87f4:0.0.0.0:43074, c652e2ee-3322-4406-8db6-1ea643cb3197:0.0.0.0:42129], old=null
2019-10-18 11:24:50,407 [f535bb4a-cba0-4f9b-9e3e-e4a48b3eda51@group-7E32184879DE-LeaderElection240] INFO  impl.RaftServerImpl (RaftServerImpl.java:setRole(184)) - f535bb4a-cba0-4f9b-9e3e-e4a48b3eda51@group-7E32184879DE: changes role from CANDIDATE to FOLLOWER at term 283 for DISCOVERED_A_NEW_TERM
2019-10-18 11:24:50,407 [f535bb4a-cba0-4f9b-9e3e-e4a48b3eda51@group-7E32184879DE-LeaderElection240] INFO  impl.RoleInfo (RoleInfo.java:shutdownLeaderElection(134)) - f535bb4a-cba0-4f9b-9e3e-e4a48b3eda51: shutdown LeaderElection
2019-10-18 11:24:50,408 [f535bb4a-cba0-4f9b-9e3e-e4a48b3eda51@group-7E32184879DE-LeaderElection240] INFO  impl.RoleInfo (RoleInfo.java:updateAndGet(143)) - f535bb4a-cba0-4f9b-9e3e-e4a48b3eda51: start FollowerState
2019-10-18 11:24:50,452 [Thread-1723] INFO  impl.FollowerState (FollowerState.java:run(108)) - f535bb4a-cba0-4f9b-9e3e-e4a48b3eda51@group-7E32184879DE-FollowerState: change to CANDIDATE, lastRpcTime:44ms, electionTimeout:44ms
2019-10-18 11:24:50,452 [Thread-1723] INFO  impl.RoleInfo (RoleInfo.java:shutdownFollowerState(121)) - f535bb4a-cba0-4f9b-9e3e-e4a48b3eda51: shutdown FollowerState
2019-10-18 11:24:50,452 [Thread-1723] INFO  impl.RaftServerImpl (RaftServerImpl.java:setRole(184)) - f535bb4a-cba0-4f9b-9e3e-e4a48b3eda51@group-7E32184879DE: changes role from  FOLLOWER to CANDIDATE at term 283 for changeToCandidate
2019-10-18 11:24:50,452 [Thread-1723] INFO  impl.RoleInfo (RoleInfo.java:updateAndGet(143)) - f535bb4a-cba0-4f9b-9e3e-e4a48b3eda51: start LeaderElection
2019-10-18 11:24:50,482 [f535bb4a-cba0-4f9b-9e3e-e4a48b3eda51@group-7E32184879DE-LeaderElection241] INFO  impl.LeaderElection (LeaderElection.java:askForVotes(178)) - f535bb4a-cba0-4f9b-9e3e-e4a48b3eda51@group-7E32184879DE-LeaderElection241: begin an election at term 284 for -1: [f535bb4a-cba0-4f9b-9e3e-e4a48b3eda51:0.0.0.0:44706, 54aabb14-4a7d-4ab3-adbe-2e67760b87f4:0.0.0.0:43074, c652e2ee-3322-4406-8db6-1ea643cb3197:0.0.0.0:42129], old=null
2019-10-18 11:24:50,484 [grpc-default-executor-1] INFO  impl.RaftServerImpl (RaftServerImpl.java:setRole(184)) - 54aabb14-4a7d-4ab3-adbe-2e67760b87f4@group-7E32184879DE: changes role from  FOLLOWER to FOLLOWER at term 284 for recognizeCandidate:f535bb4a-cba0-4f9b-9e3e-e4a48b3eda51
2019-10-18 11:24:50,484 [grpc-default-executor-1] INFO  impl.RoleInfo (RoleInfo.java:shutdownFollowerState(121)) - 54aabb14-4a7d-4ab3-adbe-2e67760b87f4: shutdown FollowerState
2019-10-18 11:24:50,484 [grpc-default-executor-3] INFO  impl.RaftServerImpl (RaftServerImpl.java:setRole(184)) - c652e2ee-3322-4406-8db6-1ea643cb3197@group-7E32184879DE: changes role from  FOLLOWER to FOLLOWER at term 284 for recognizeCandidate:f535bb4a-cba0-4f9b-9e3e-e4a48b3eda51
2019-10-18 11:24:50,484 [Thread-1722] INFO  impl.FollowerState (FollowerState.java:run(117)) - 54aabb14-4a7d-4ab3-adbe-2e67760b87f4@group-7E32184879DE-FollowerState was interrupted: java.lang.InterruptedException: sleep interrupted
2019-10-18 11:24:50,484 [grpc-default-executor-1] INFO  impl.RoleInfo (RoleInfo.java:updateAndGet(143)) - 54aabb14-4a7d-4ab3-adbe-2e67760b87f4: start FollowerState
2019-10-18 11:24:50,485 [grpc-default-executor-3] INFO  impl.RoleInfo (RoleInfo.java:shutdownFollowerState(121)) - c652e2ee-3322-4406-8db6-1ea643cb3197: shutdown FollowerState
2019-10-18 11:24:50,485 [grpc-default-executor-3] INFO  impl.RoleInfo (RoleInfo.java:updateAndGet(143)) - c652e2ee-3322-4406-8db6-1ea643cb3197: start FollowerState
2019-10-18 11:24:50,485 [Thread-1721] INFO  impl.FollowerState (FollowerState.java:run(117)) - c652e2ee-3322-4406-8db6-1ea643cb3197@group-7E32184879DE-FollowerState was interrupted: java.lang.InterruptedException: sleep interrupted
2019-10-18 11:24:50,508 [f535bb4a-cba0-4f9b-9e3e-e4a48b3eda51@group-7E32184879DE-LeaderElection241] INFO  impl.LeaderElection (LeaderElection.java:logAndReturn(56)) - f535bb4a-cba0-4f9b-9e3e-e4a48b3eda51@group-7E32184879DE-LeaderElection241: Election REJECTED; received 2 response(s) [f535bb4a-cba0-4f9b-9e3e-e4a48b3eda51<-54aabb14-4a7d-4ab3-adbe-2e67760b87f4#0:FAIL-t284, f535bb4a-cba0-4f9b-9e3e-e4a48b3eda51<-c652e2ee-3322-4406-8db6-1ea643cb3197#0:FAIL-t284] and 0 exception(s); f535bb4a-cba0-4f9b-9e3e-e4a48b3eda51@group-7E32184879DE:t284, leader=null, voted=f535bb4a-cba0-4f9b-9e3e-e4a48b3eda51, raftlog=f535bb4a-cba0-4f9b-9e3e-e4a48b3eda51@group-7E32184879DE-SegmentedRaftLog:OPENED:c-1,f-1,i0, conf=-1: [f535bb4a-cba0-4f9b-9e3e-e4a48b3eda51:0.0.0.0:44706, 54aabb14-4a7d-4ab3-adbe-2e67760b87f4:0.0.0.0:43074, c652e2ee-3322-4406-8db6-1ea643cb3197:0.0.0.0:42129], old=null
2019-10-18 11:24:50,508 [f535bb4a-cba0-4f9b-9e3e-e4a48b3eda51@group-7E32184879DE-LeaderElection241] INFO  impl.RaftServerImpl (RaftServerImpl.java:setRole(184)) - f535bb4a-cba0-4f9b-9e3e-e4a48b3eda51@group-7E32184879DE: changes role from CANDIDATE to FOLLOWER at term 284 for DISCOVERED_A_NEW_TERM
2019-10-18 11:24:50,508 [f535bb4a-cba0-4f9b-9e3e-e4a48b3eda51@group-7E32184879DE-LeaderElection241] INFO  impl.RoleInfo (RoleInfo.java:shutdownLeaderElection(134)) - f535bb4a-cba0-4f9b-9e3e-e4a48b3eda51: shutdown LeaderElection
2019-10-18 11:24:50,508 [f535bb4a-cba0-4f9b-9e3e-e4a48b3eda51@group-7E32184879DE-LeaderElection241] INFO  impl.RoleInfo (RoleInfo.java:updateAndGet(143)) - f535bb4a-cba0-4f9b-9e3e-e4a48b3eda51: start FollowerState
2019-10-18 11:24:50,590 [Thread-1729] INFO  impl.FollowerState (FollowerState.java:run(108)) - f535bb4a-cba0-4f9b-9e3e-e4a48b3eda51@group-7E32184879DE-FollowerState: change to CANDIDATE, lastRpcTime:81ms, electionTimeout:81ms
2019-10-18 11:24:50,590 [Thread-1729] INFO  impl.RoleInfo (RoleInfo.java:shutdownFollowerState(121)) - f535bb4a-cba0-4f9b-9e3e-e4a48b3eda51: shutdown FollowerState
2019-10-18 11:24:50,590 [Thread-1729] INFO  impl.RaftServerImpl (RaftServerImpl.java:setRole(184)) - f535bb4a-cba0-4f9b-9e3e-e4a48b3eda51@group-7E32184879DE: changes role from  FOLLOWER to CANDIDATE at term 284 for changeToCandidate
2019-10-18 11:24:50,590 [Thread-1729] INFO  impl.RoleInfo (RoleInfo.java:updateAndGet(143)) - f535bb4a-cba0-4f9b-9e3e-e4a48b3eda51: start LeaderElection
2019-10-18 11:24:50,616 [f535bb4a-cba0-4f9b-9e3e-e4a48b3eda51@group-7E32184879DE-LeaderElection242] INFO  impl.LeaderElection (LeaderElection.java:askForVotes(178)) - f535bb4a-cba0-4f9b-9e3e-e4a48b3eda51@group-7E32184879DE-LeaderElection242: begin an election at term 285 for -1: [f535bb4a-cba0-4f9b-9e3e-e4a48b3eda51:0.0.0.0:44706, 54aabb14-4a7d-4ab3-adbe-2e67760b87f4:0.0.0.0:43074, c652e2ee-3322-4406-8db6-1ea643cb3197:0.0.0.0:42129], old=null
2019-10-18 11:24:50,618 [grpc-default-executor-1] INFO  impl.RaftServerImpl (RaftServerImpl.java:setRole(184)) - 54aabb14-4a7d-4ab3-adbe-2e67760b87f4@group-7E32184879DE: changes role from  FOLLOWER to FOLLOWER at term 285 for recognizeCandidate:f535bb4a-cba0-4f9b-9e3e-e4a48b3eda51
2019-10-18 11:24:50,618 [grpc-default-executor-1] INFO  impl.RoleInfo (RoleInfo.java:shutdownFollowerState(121)) - 54aabb14-4a7d-4ab3-adbe-2e67760b87f4: shutdown FollowerState
2019-10-18 11:24:50,618 [grpc-default-executor-3] INFO  impl.RaftServerImpl (RaftServerImpl.java:setRole(184)) - c652e2ee-3322-4406-8db6-1ea643cb3197@group-7E32184879DE: changes role from  FOLLOWER to FOLLOWER at term 285 for recognizeCandidate:f535bb4a-cba0-4f9b-9e3e-e4a48b3eda51
2019-10-18 11:24:50,618 [Thread-1727] INFO  impl.FollowerState (FollowerState.java:run(117)) - 54aabb14-4a7d-4ab3-adbe-2e67760b87f4@group-7E32184879DE-FollowerState was interrupted: java.lang.InterruptedException: sleep interrupted
2019-10-18 11:24:50,618 [grpc-default-executor-1] INFO  impl.RoleInfo (RoleInfo.java:updateAndGet(143)) - 54aabb14-4a7d-4ab3-adbe-2e67760b87f4: start FollowerState
2019-10-18 11:24:50,618 [grpc-default-executor-3] INFO  impl.RoleInfo (RoleInfo.java:shutdownFollowerState(121)) - c652e2ee-3322-4406-8db6-1ea643cb3197: shutdown FollowerState
2019-10-18 11:24:50,619 [grpc-default-executor-3] INFO  impl.RoleInfo (RoleInfo.java:updateAndGet(143)) - c652e2ee-3322-4406-8db6-1ea643cb3197: start FollowerState
2019-10-18 11:24:50,619 [Thread-1728] INFO  impl.FollowerState (FollowerState.java:run(117)) - c652e2ee-3322-4406-8db6-1ea643cb3197@group-7E32184879DE-FollowerState was interrupted: java.lang.InterruptedException: sleep interrupted
2019-10-18 11:24:50,642 [f535bb4a-cba0-4f9b-9e3e-e4a48b3eda51@group-7E32184879DE-LeaderElection242] INFO  impl.LeaderElection (LeaderElection.java:logAndReturn(56)) - f535bb4a-cba0-4f9b-9e3e-e4a48b3eda51@group-7E32184879DE-LeaderElection242: Election REJECTED; received 2 response(s) [f535bb4a-cba0-4f9b-9e3e-e4a48b3eda51<-54aabb14-4a7d-4ab3-adbe-2e67760b87f4#0:FAIL-t285, f535bb4a-cba0-4f9b-9e3e-e4a48b3eda51<-c652e2ee-3322-4406-8db6-1ea643cb3197#0:FAIL-t285] and 0 exception(s); f535bb4a-cba0-4f9b-9e3e-e4a48b3eda51@group-7E32184879DE:t285, leader=null, voted=f535bb4a-cba0-4f9b-9e3e-e4a48b3eda51, raftlog=f535bb4a-cba0-4f9b-9e3e-e4a48b3eda51@group-7E32184879DE-SegmentedRaftLog:OPENED:c-1,f-1,i0, conf=-1: [f535bb4a-cba0-4f9b-9e3e-e4a48b3eda51:0.0.0.0:44706, 54aabb14-4a7d-4ab3-adbe-2e67760b87f4:0.0.0.0:43074, c652e2ee-3322-4406-8db6-1ea643cb3197:0.0.0.0:42129], old=null
2019-10-18 11:24:50,642 [f535bb4a-cba0-4f9b-9e3e-e4a48b3eda51@group-7E32184879DE-LeaderElection242] INFO  impl.RaftServerImpl (RaftServerImpl.java:setRole(184)) - f535bb4a-cba0-4f9b-9e3e-e4a48b3eda51@group-7E32184879DE: changes role from CANDIDATE to FOLLOWER at term 285 for DISCOVERED_A_NEW_TERM
2019-10-18 11:24:50,642 [f535bb4a-cba0-4f9b-9e3e-e4a48b3eda51@group-7E32184879DE-LeaderElection242] INFO  impl.RoleInfo (RoleInfo.java:shutdownLeaderElection(134)) - f535bb4a-cba0-4f9b-9e3e-e4a48b3eda51: shutdown LeaderElection
2019-10-18 11:24:50,642 [f535bb4a-cba0-4f9b-9e3e-e4a48b3eda51@group-7E32184879DE-LeaderElection242] INFO  impl.RoleInfo (RoleInfo.java:updateAndGet(143)) - f535bb4a-cba0-4f9b-9e3e-e4a48b3eda51: start FollowerState
2019-10-18 11:24:50,803 [Thread-1735] INFO  impl.FollowerState (FollowerState.java:run(108)) - f535bb4a-cba0-4f9b-9e3e-e4a48b3eda51@group-7E32184879DE-FollowerState: change to CANDIDATE, lastRpcTime:160ms, electionTimeout:160ms
2019-10-18 11:24:50,803 [Thread-1735] INFO  impl.RoleInfo (RoleInfo.java:shutdownFollowerState(121)) - f535bb4a-cba0-4f9b-9e3e-e4a48b3eda51: shutdown FollowerState
2019-10-18 11:24:50,803 [Thread-1735] INFO  impl.RaftServerImpl (RaftServerImpl.java:setRole(184)) - f535bb4a-cba0-4f9b-9e3e-e4a48b3eda51@group-7E32184879DE: changes role from  FOLLOWER to CANDIDATE at term 285 for changeToCandidate
2019-10-18 11:24:50,803 [Thread-1735] INFO  impl.RoleInfo (RoleInfo.java:updateAndGet(143)) - f535bb4a-cba0-4f9b-9e3e-e4a48b3eda51: start LeaderElection
2019-10-18 11:24:50,833 [f535bb4a-cba0-4f9b-9e3e-e4a48b3eda51@group-7E32184879DE-LeaderElection243] INFO  impl.LeaderElection (LeaderElection.java:askForVotes(178)) - f535bb4a-cba0-4f9b-9e3e-e4a48b3eda51@group-7E32184879DE-LeaderElection243: begin an election at term 286 for -1: [f535bb4a-cba0-4f9b-9e3e-e4a48b3eda51:0.0.0.0:44706, 54aabb14-4a7d-4ab3-adbe-2e67760b87f4:0.0.0.0:43074, c652e2ee-3322-4406-8db6-1ea643cb3197:0.0.0.0:42129], old=null
2019-10-18 11:24:50,836 [grpc-default-executor-3] INFO  impl.RaftServerImpl (RaftServerImpl.java:setRole(184)) - 54aabb14-4a7d-4ab3-adbe-2e67760b87f4@group-7E32184879DE: changes role from  FOLLOWER to FOLLOWER at term 286 for recognizeCandidate:f535bb4a-cba0-4f9b-9e3e-e4a48b3eda51
2019-10-18 11:24:50,836 [grpc-default-executor-1] INFO  impl.RaftServerImpl (RaftServerImpl.java:setRole(184)) - c652e2ee-3322-4406-8db6-1ea643cb3197@group-7E32184879DE: changes role from  FOLLOWER to FOLLOWER at term 286 for recognizeCandidate:f535bb4a-cba0-4f9b-9e3e-e4a48b3eda51
2019-10-18 11:24:50,836 [grpc-default-executor-3] INFO  impl.RoleInfo (RoleInfo.java:shutdownFollowerState(121)) - 54aabb14-4a7d-4ab3-adbe-2e67760b87f4: shutdown FollowerState
2019-10-18 11:24:50,836 [grpc-default-executor-1] INFO  impl.RoleInfo (RoleInfo.java:shutdownFollowerState(121)) - c652e2ee-3322-4406-8db6-1ea643cb3197: shutdown FollowerState
2019-10-18 11:24:50,836 [Thread-1733] INFO  impl.FollowerState (FollowerState.java:run(117)) - 54aabb14-4a7d-4ab3-adbe-2e67760b87f4@group-7E32184879DE-FollowerState was interrupted: java.lang.InterruptedException: sleep interrupted
2019-10-18 11:24:50,837 [Thread-1734] INFO  impl.FollowerState (FollowerState.java:run(117)) - c652e2ee-3322-4406-8db6-1ea643cb3197@group-7E32184879DE-FollowerState was interrupted: java.lang.InterruptedException: sleep interrupted
2019-10-18 11:24:50,836 [grpc-default-executor-3] INFO  impl.RoleInfo (RoleInfo.java:updateAndGet(143)) - 54aabb14-4a7d-4ab3-adbe-2e67760b87f4: start FollowerState
2019-10-18 11:24:50,836 [grpc-default-executor-1] INFO  impl.RoleInfo (RoleInfo.java:updateAndGet(143)) - c652e2ee-3322-4406-8db6-1ea643cb3197: start FollowerState
2019-10-18 11:24:50,860 [f535bb4a-cba0-4f9b-9e3e-e4a48b3eda51@group-7E32184879DE-LeaderElection243] INFO  impl.LeaderElection (LeaderElection.java:logAndReturn(56)) - f535bb4a-cba0-4f9b-9e3e-e4a48b3eda51@group-7E32184879DE-LeaderElection243: Election REJECTED; received 2 response(s) [f535bb4a-cba0-4f9b-9e3e-e4a48b3eda51<-54aabb14-4a7d-4ab3-adbe-2e67760b87f4#0:FAIL-t286, f535bb4a-cba0-4f9b-9e3e-e4a48b3eda51<-c652e2ee-3322-4406-8db6-1ea643cb3197#0:FAIL-t286] and 0 exception(s); f535bb4a-cba0-4f9b-9e3e-e4a48b3eda51@group-7E32184879DE:t286, leader=null, voted=f535bb4a-cba0-4f9b-9e3e-e4a48b3eda51, raftlog=f535bb4a-cba0-4f9b-9e3e-e4a48b3eda51@group-7E32184879DE-SegmentedRaftLog:OPENED:c-1,f-1,i0, conf=-1: [f535bb4a-cba0-4f9b-9e3e-e4a48b3eda51:0.0.0.0:44706, 54aabb14-4a7d-4ab3-adbe-2e67760b87f4:0.0.0.0:43074, c652e2ee-3322-4406-8db6-1ea643cb3197:0.0.0.0:42129], old=null
2019-10-18 11:24:50,860 [f535bb4a-cba0-4f9b-9e3e-e4a48b3eda51@group-7E32184879DE-LeaderElection243] INFO  impl.RaftServerImpl (RaftServerImpl.java:setRole(184)) - f535bb4a-cba0-4f9b-9e3e-e4a48b3eda51@group-7E32184879DE: changes role from CANDIDATE to FOLLOWER at term 286 for DISCOVERED_A_NEW_TERM
2019-10-18 11:24:50,860 [f535bb4a-cba0-4f9b-9e3e-e4a48b3eda51@group-7E32184879DE-LeaderElection243] INFO  impl.RoleInfo (RoleInfo.java:shutdownLeaderElection(134)) - f535bb4a-cba0-4f9b-9e3e-e4a48b3eda51: shutdown LeaderElection
2019-10-18 11:24:50,860 [f535bb4a-cba0-4f9b-9e3e-e4a48b3eda51@group-7E32184879DE-LeaderElection243] INFO  impl.RoleInfo (RoleInfo.java:updateAndGet(143)) - f535bb4a-cba0-4f9b-9e3e-e4a48b3eda51: start FollowerState
2019-10-18 11:24:51,050 [Thread-1741] INFO  impl.FollowerState (FollowerState.java:run(108)) - f535bb4a-cba0-4f9b-9e3e-e4a48b3eda51@group-7E32184879DE-FollowerState: change to CANDIDATE, lastRpcTime:190ms, electionTimeout:190ms
2019-10-18 11:24:51,051 [Thread-1741] INFO  impl.RoleInfo (RoleInfo.java:shutdownFollowerState(121)) - f535bb4a-cba0-4f9b-9e3e-e4a48b3eda51: shutdown FollowerState
2019-10-18 11:24:51,051 [Thread-1741] INFO  impl.RaftServerImpl (RaftServerImpl.java:setRole(184)) - f535bb4a-cba0-4f9b-9e3e-e4a48b3eda51@group-7E32184879DE: changes role from  FOLLOWER to CANDIDATE at term 286 for changeToCandidate
2019-10-18 11:24:51,051 [Thread-1741] INFO  impl.RoleInfo (RoleInfo.java:updateAndGet(143)) - f535bb4a-cba0-4f9b-9e3e-e4a48b3eda51: start LeaderElection
2019-10-18 11:24:51,076 [f535bb4a-cba0-4f9b-9e3e-e4a48b3eda51@group-7E32184879DE-LeaderElection244] INFO  impl.LeaderElection (LeaderElection.java:askForVotes(178)) - f535bb4a-cba0-4f9b-9e3e-e4a48b3eda51@group-7E32184879DE-LeaderElection244: begin an election at term 287 for -1: [f535bb4a-cba0-4f9b-9e3e-e4a48b3eda51:0.0.0.0:44706, 54aabb14-4a7d-4ab3-adbe-2e67760b87f4:0.0.0.0:43074, c652e2ee-3322-4406-8db6-1ea643cb3197:0.0.0.0:42129], old=null
2019-10-18 11:24:51,077 [grpc-default-executor-1] INFO  impl.RaftServerImpl (RaftServerImpl.java:setRole(184)) - 54aabb14-4a7d-4ab3-adbe-2e67760b87f4@group-7E32184879DE: changes role from  FOLLOWER to FOLLOWER at term 287 for recognizeCandidate:f535bb4a-cba0-4f9b-9e3e-e4a48b3eda51
2019-10-18 11:24:51,078 [grpc-default-executor-1] INFO  impl.RoleInfo (RoleInfo.java:shutdownFollowerState(121)) - 54aabb14-4a7d-4ab3-adbe-2e67760b87f4: shutdown FollowerState
2019-10-18 11:24:51,078 [grpc-default-executor-3] INFO  impl.RaftServerImpl (RaftServerImpl.java:setRole(184)) - c652e2ee-3322-4406-8db6-1ea643cb3197@group-7E32184879DE: changes role from  FOLLOWER to FOLLOWER at term 287 for recognizeCandidate:f535bb4a-cba0-4f9b-9e3e-e4a48b3eda51
2019-10-18 11:24:51,078 [Thread-1739] INFO  impl.FollowerState (FollowerState.java:run(117)) - 54aabb14-4a7d-4ab3-adbe-2e67760b87f4@group-7E32184879DE-FollowerState was interrupted: java.lang.InterruptedException: sleep interrupted
2019-10-18 11:24:51,078 [grpc-default-executor-1] INFO  impl.RoleInfo (RoleInfo.java:updateAndGet(143)) - 54aabb14-4a7d-4ab3-adbe-2e67760b87f4: start FollowerState
2019-10-18 11:24:51,078 [grpc-default-executor-3] INFO  impl.RoleInfo (RoleInfo.java:shutdownFollowerState(121)) - c652e2ee-3322-4406-8db6-1ea643cb3197: shutdown FollowerState
2019-10-18 11:24:51,078 [grpc-default-executor-3] INFO  impl.RoleInfo (RoleInfo.java:updateAndGet(143)) - c652e2ee-3322-4406-8db6-1ea643cb3197: start FollowerState
2019-10-18 11:24:51,078 [Thread-1740] INFO  impl.FollowerState (FollowerState.java:run(117)) - c652e2ee-3322-4406-8db6-1ea643cb3197@group-7E32184879DE-FollowerState was interrupted: java.lang.InterruptedException: sleep interrupted
2019-10-18 11:24:51,102 [f535bb4a-cba0-4f9b-9e3e-e4a48b3eda51@group-7E32184879DE-LeaderElection244] INFO  impl.LeaderElection (LeaderElection.java:logAndReturn(56)) - f535bb4a-cba0-4f9b-9e3e-e4a48b3eda51@group-7E32184879DE-LeaderElection244: Election REJECTED; received 2 response(s) [f535bb4a-cba0-4f9b-9e3e-e4a48b3eda51<-54aabb14-4a7d-4ab3-adbe-2e67760b87f4#0:FAIL-t287, f535bb4a-cba0-4f9b-9e3e-e4a48b3eda51<-c652e2ee-3322-4406-8db6-1ea643cb3197#0:FAIL-t287] and 0 exception(s); f535bb4a-cba0-4f9b-9e3e-e4a48b3eda51@group-7E32184879DE:t287, leader=null, voted=f535bb4a-cba0-4f9b-9e3e-e4a48b3eda51, raftlog=f535bb4a-cba0-4f9b-9e3e-e4a48b3eda51@group-7E32184879DE-SegmentedRaftLog:OPENED:c-1,f-1,i0, conf=-1: [f535bb4a-cba0-4f9b-9e3e-e4a48b3eda51:0.0.0.0:44706, 54aabb14-4a7d-4ab3-adbe-2e67760b87f4:0.0.0.0:43074, c652e2ee-3322-4406-8db6-1ea643cb3197:0.0.0.0:42129], old=null
2019-10-18 11:24:51,102 [f535bb4a-cba0-4f9b-9e3e-e4a48b3eda51@group-7E32184879DE-LeaderElection244] INFO  impl.RaftServerImpl (RaftServerImpl.java:setRole(184)) - f535bb4a-cba0-4f9b-9e3e-e4a48b3eda51@group-7E32184879DE: changes role from CANDIDATE to FOLLOWER at term 287 for DISCOVERED_A_NEW_TERM
2019-10-18 11:24:51,102 [f535bb4a-cba0-4f9b-9e3e-e4a48b3eda51@group-7E32184879DE-LeaderElection244] INFO  impl.RoleInfo (RoleInfo.java:shutdownLeaderElection(134)) - f535bb4a-cba0-4f9b-9e3e-e4a48b3eda51: shutdown LeaderElection
2019-10-18 11:24:51,102 [f535bb4a-cba0-4f9b-9e3e-e4a48b3eda51@group-7E32184879DE-LeaderElection244] INFO  impl.RoleInfo (RoleInfo.java:updateAndGet(143)) - f535bb4a-cba0-4f9b-9e3e-e4a48b3eda51: start FollowerState
2019-10-18 11:24:51,261 [Thread-1747] INFO  impl.FollowerState (FollowerState.java:run(108)) - f535bb4a-cba0-4f9b-9e3e-e4a48b3eda51@group-7E32184879DE-FollowerState: change to CANDIDATE, lastRpcTime:158ms, electionTimeout:158ms
2019-10-18 11:24:51,261 [Thread-1747] INFO  impl.RoleInfo (RoleInfo.java:shutdownFollowerState(121)) - f535bb4a-cba0-4f9b-9e3e-e4a48b3eda51: shutdown FollowerState
2019-10-18 11:24:51,261 [Thread-1747] INFO  impl.RaftServerImpl (RaftServerImpl.java:setRole(184)) - f535bb4a-cba0-4f9b-9e3e-e4a48b3eda51@group-7E32184879DE: changes role from  FOLLOWER to CANDIDATE at term 287 for changeToCandidate
2019-10-18 11:24:51,261 [Thread-1747] INFO  impl.RoleInfo (RoleInfo.java:updateAndGet(143)) - f535bb4a-cba0-4f9b-9e3e-e4a48b3eda51: start LeaderElection
2019-10-18 11:24:51,285 [f535bb4a-cba0-4f9b-9e3e-e4a48b3eda51@group-7E32184879DE-LeaderElection245] INFO  impl.LeaderElection (LeaderElection.java:askForVotes(178)) - f535bb4a-cba0-4f9b-9e3e-e4a48b3eda51@group-7E32184879DE-LeaderElection245: begin an election at term 288 for -1: [f535bb4a-cba0-4f9b-9e3e-e4a48b3eda51:0.0.0.0:44706, 54aabb14-4a7d-4ab3-adbe-2e67760b87f4:0.0.0.0:43074, c652e2ee-3322-4406-8db6-1ea643cb3197:0.0.0.0:42129], old=null
2019-10-18 11:24:51,286 [grpc-default-executor-1] INFO  impl.RaftServerImpl (RaftServerImpl.java:setRole(184)) - 54aabb14-4a7d-4ab3-adbe-2e67760b87f4@group-7E32184879DE: changes role from  FOLLOWER to FOLLOWER at term 288 for recognizeCandidate:f535bb4a-cba0-4f9b-9e3e-e4a48b3eda51
2019-10-18 11:24:51,286 [grpc-default-executor-1] INFO  impl.RoleInfo (RoleInfo.java:shutdownFollowerState(121)) - 54aabb14-4a7d-4ab3-adbe-2e67760b87f4: shutdown FollowerState
2019-10-18 11:24:51,287 [grpc-default-executor-1] INFO  impl.RoleInfo (RoleInfo.java:updateAndGet(143)) - 54aabb14-4a7d-4ab3-adbe-2e67760b87f4: start FollowerState
2019-10-18 11:24:51,287 [Thread-1745] INFO  impl.FollowerState (FollowerState.java:run(117)) - 54aabb14-4a7d-4ab3-adbe-2e67760b87f4@group-7E32184879DE-FollowerState was interrupted: java.lang.InterruptedException: sleep interrupted
2019-10-18 11:24:51,287 [grpc-default-executor-3] INFO  impl.RaftServerImpl (RaftServerImpl.java:setRole(184)) - c652e2ee-3322-4406-8db6-1ea643cb3197@group-7E32184879DE: changes role from  FOLLOWER to FOLLOWER at term 288 for recognizeCandidate:f535bb4a-cba0-4f9b-9e3e-e4a48b3eda51
2019-10-18 11:24:51,287 [grpc-default-executor-3] INFO  impl.RoleInfo (RoleInfo.java:shutdownFollowerState(121)) - c652e2ee-3322-4406-8db6-1ea643cb3197: shutdown FollowerState
2019-10-18 11:24:51,287 [grpc-default-executor-3] INFO  impl.RoleInfo (RoleInfo.java:updateAndGet(143)) - c652e2ee-3322-4406-8db6-1ea643cb3197: start FollowerState
2019-10-18 11:24:51,287 [Thread-1746] INFO  impl.FollowerState (FollowerState.java:run(117)) - c652e2ee-3322-4406-8db6-1ea643cb3197@group-7E32184879DE-FollowerState was interrupted: java.lang.InterruptedException: sleep interrupted
2019-10-18 11:24:51,311 [f535bb4a-cba0-4f9b-9e3e-e4a48b3eda51@group-7E32184879DE-LeaderElection245] INFO  impl.LeaderElection (LeaderElection.java:logAndReturn(56)) - f535bb4a-cba0-4f9b-9e3e-e4a48b3eda51@group-7E32184879DE-LeaderElection245: Election REJECTED; received 2 response(s) [f535bb4a-cba0-4f9b-9e3e-e4a48b3eda51<-54aabb14-4a7d-4ab3-adbe-2e67760b87f4#0:FAIL-t288, f535bb4a-cba0-4f9b-9e3e-e4a48b3eda51<-c652e2ee-3322-4406-8db6-1ea643cb3197#0:FAIL-t288] and 0 exception(s); f535bb4a-cba0-4f9b-9e3e-e4a48b3eda51@group-7E32184879DE:t288, leader=null, voted=f535bb4a-cba0-4f9b-9e3e-e4a48b3eda51, raftlog=f535bb4a-cba0-4f9b-9e3e-e4a48b3eda51@group-7E32184879DE-SegmentedRaftLog:OPENED:c-1,f-1,i0, conf=-1: [f535bb4a-cba0-4f9b-9e3e-e4a48b3eda51:0.0.0.0:44706, 54aabb14-4a7d-4ab3-adbe-2e67760b87f4:0.0.0.0:43074, c652e2ee-3322-4406-8db6-1ea643cb3197:0.0.0.0:42129], old=null
2019-10-18 11:24:51,311 [f535bb4a-cba0-4f9b-9e3e-e4a48b3eda51@group-7E32184879DE-LeaderElection245] INFO  impl.RaftServerImpl (RaftServerImpl.java:setRole(184)) - f535bb4a-cba0-4f9b-9e3e-e4a48b3eda51@group-7E32184879DE: changes role from CANDIDATE to FOLLOWER at term 288 for DISCOVERED_A_NEW_TERM
2019-10-18 11:24:51,311 [f535bb4a-cba0-4f9b-9e3e-e4a48b3eda51@group-7E32184879DE-LeaderElection245] INFO  impl.RoleInfo (RoleInfo.java:shutdownLeaderElection(134)) - f535bb4a-cba0-4f9b-9e3e-e4a48b3eda51: shutdown LeaderElection
2019-10-18 11:24:51,311 [f535bb4a-cba0-4f9b-9e3e-e4a48b3eda51@group-7E32184879DE-LeaderElection245] INFO  impl.RoleInfo (RoleInfo.java:updateAndGet(143)) - f535bb4a-cba0-4f9b-9e3e-e4a48b3eda51: start FollowerState
2019-10-18 11:24:51,502 [Thread-1754] INFO  impl.FollowerState (FollowerState.java:run(108)) - f535bb4a-cba0-4f9b-9e3e-e4a48b3eda51@group-7E32184879DE-FollowerState: change to CANDIDATE, lastRpcTime:190ms, electionTimeout:190ms
2019-10-18 11:24:51,502 [Thread-1754] INFO  impl.RoleInfo (RoleInfo.java:shutdownFollowerState(121)) - f535bb4a-cba0-4f9b-9e3e-e4a48b3eda51: shutdown FollowerState
2019-10-18 11:24:51,502 [Thread-1754] INFO  impl.RaftServerImpl (RaftServerImpl.java:setRole(184)) - f535bb4a-cba0-4f9b-9e3e-e4a48b3eda51@group-7E32184879DE: changes role from  FOLLOWER to CANDIDATE at term 288 for changeToCandidate
2019-10-18 11:24:51,502 [Thread-1754] INFO  impl.RoleInfo (RoleInfo.java:updateAndGet(143)) - f535bb4a-cba0-4f9b-9e3e-e4a48b3eda51: start LeaderElection
2019-10-18 11:24:51,527 [f535bb4a-cba0-4f9b-9e3e-e4a48b3eda51@group-7E32184879DE-LeaderElection246] INFO  impl.LeaderElection (LeaderElection.java:askForVotes(178)) - f535bb4a-cba0-4f9b-9e3e-e4a48b3eda51@group-7E32184879DE-LeaderElection246: begin an election at term 289 for -1: [f535bb4a-cba0-4f9b-9e3e-e4a48b3eda51:0.0.0.0:44706, 54aabb14-4a7d-4ab3-adbe-2e67760b87f4:0.0.0.0:43074, c652e2ee-3322-4406-8db6-1ea643cb3197:0.0.0.0:42129], old=null
2019-10-18 11:24:51,530 [grpc-default-executor-1] INFO  impl.RaftServerImpl (RaftServerImpl.java:setRole(184)) - c652e2ee-3322-4406-8db6-1ea643cb3197@group-7E32184879DE: changes role from  FOLLOWER to FOLLOWER at term 289 for recognizeCandidate:f535bb4a-cba0-4f9b-9e3e-e4a48b3eda51
2019-10-18 11:24:51,530 [grpc-default-executor-3] INFO  impl.RaftServerImpl (RaftServerImpl.java:setRole(184)) - 54aabb14-4a7d-4ab3-adbe-2e67760b87f4@group-7E32184879DE: changes role from  FOLLOWER to FOLLOWER at term 289 for recognizeCandidate:f535bb4a-cba0-4f9b-9e3e-e4a48b3eda51
2019-10-18 11:24:51,530 [grpc-default-executor-1] INFO  impl.RoleInfo (RoleInfo.java:shutdownFollowerState(121)) - c652e2ee-3322-4406-8db6-1ea643cb3197: shutdown FollowerState
2019-10-18 11:24:51,530 [grpc-default-executor-3] INFO  impl.RoleInfo (RoleInfo.java:shutdownFollowerState(121)) - 54aabb14-4a7d-4ab3-adbe-2e67760b87f4: shutdown FollowerState
2019-10-18 11:24:51,530 [Thread-1752] INFO  impl.FollowerState (FollowerState.java:run(117)) - c652e2ee-3322-4406-8db6-1ea643cb3197@group-7E32184879DE-FollowerState was interrupted: java.lang.InterruptedException: sleep interrupted
2019-10-18 11:24:51,530 [grpc-default-executor-1] INFO  impl.RoleInfo (RoleInfo.java:updateAndGet(143)) - c652e2ee-3322-4406-8db6-1ea643cb3197: start FollowerState
2019-10-18 11:24:51,530 [Thread-1751] INFO  impl.FollowerState (FollowerState.java:run(117)) - 54aabb14-4a7d-4ab3-adbe-2e67760b87f4@group-7E32184879DE-FollowerState was interrupted: java.lang.InterruptedException: sleep interrupted
2019-10-18 11:24:51,530 [grpc-default-executor-3] INFO  impl.RoleInfo (RoleInfo.java:updateAndGet(143)) - 54aabb14-4a7d-4ab3-adbe-2e67760b87f4: start FollowerState
2019-10-18 11:24:51,539 [f535bb4a-cba0-4f9b-9e3e-e4a48b3eda51@group-7E32184879DE-LeaderElection246] INFO  impl.LeaderElection (LeaderElection.java:logAndReturn(56)) - f535bb4a-cba0-4f9b-9e3e-e4a48b3eda51@group-7E32184879DE-LeaderElection246: Election TIMEOUT; received 0 response(s) [] and 0 exception(s); f535bb4a-cba0-4f9b-9e3e-e4a48b3eda51@group-7E32184879DE:t289, leader=null, voted=f535bb4a-cba0-4f9b-9e3e-e4a48b3eda51, raftlog=f535bb4a-cba0-4f9b-9e3e-e4a48b3eda51@group-7E32184879DE-SegmentedRaftLog:OPENED:c-1,f-1,i0, conf=-1: [f535bb4a-cba0-4f9b-9e3e-e4a48b3eda51:0.0.0.0:44706, 54aabb14-4a7d-4ab3-adbe-2e67760b87f4:0.0.0.0:43074, c652e2ee-3322-4406-8db6-1ea643cb3197:0.0.0.0:42129], old=null
2019-10-18 11:24:51,553 [f535bb4a-cba0-4f9b-9e3e-e4a48b3eda51@group-7E32184879DE-LeaderElection246] INFO  impl.LeaderElection (LeaderElection.java:askForVotes(178)) - f535bb4a-cba0-4f9b-9e3e-e4a48b3eda51@group-7E32184879DE-LeaderElection246: begin an election at term 290 for -1: [f535bb4a-cba0-4f9b-9e3e-e4a48b3eda51:0.0.0.0:44706, 54aabb14-4a7d-4ab3-adbe-2e67760b87f4:0.0.0.0:43074, c652e2ee-3322-4406-8db6-1ea643cb3197:0.0.0.0:42129], old=null
2019-10-18 11:24:51,555 [grpc-default-executor-1] INFO  impl.RaftServerImpl (RaftServerImpl.java:setRole(184)) - 54aabb14-4a7d-4ab3-adbe-2e67760b87f4@group-7E32184879DE: changes role from  FOLLOWER to FOLLOWER at term 290 for recognizeCandidate:f535bb4a-cba0-4f9b-9e3e-e4a48b3eda51
2019-10-18 11:24:51,555 [grpc-default-executor-1] INFO  impl.RoleInfo (RoleInfo.java:shutdownFollowerState(121)) - 54aabb14-4a7d-4ab3-adbe-2e67760b87f4: shutdown FollowerState
2019-10-18 11:24:51,555 [grpc-default-executor-3] INFO  impl.RaftServerImpl (RaftServerImpl.java:setRole(184)) - c652e2ee-3322-4406-8db6-1ea643cb3197@group-7E32184879DE: changes role from  FOLLOWER to FOLLOWER at term 290 for recognizeCandidate:f535bb4a-cba0-4f9b-9e3e-e4a48b3eda51
2019-10-18 11:24:51,555 [Thread-1760] INFO  impl.FollowerState (FollowerState.java:run(117)) - 54aabb14-4a7d-4ab3-adbe-2e67760b87f4@group-7E32184879DE-FollowerState was interrupted: java.lang.InterruptedException: sleep interrupted
2019-10-18 11:24:51,555 [grpc-default-executor-1] INFO  impl.RoleInfo (RoleInfo.java:updateAndGet(143)) - 54aabb14-4a7d-4ab3-adbe-2e67760b87f4: start FollowerState
2019-10-18 11:24:51,555 [grpc-default-executor-3] INFO  impl.RoleInfo (RoleInfo.java:shutdownFollowerState(121)) - c652e2ee-3322-4406-8db6-1ea643cb3197: shutdown FollowerState
2019-10-18 11:24:51,556 [grpc-default-executor-3] INFO  impl.RoleInfo (RoleInfo.java:updateAndGet(143)) - c652e2ee-3322-4406-8db6-1ea643cb3197: start FollowerState
2019-10-18 11:24:51,556 [Thread-1759] INFO  impl.FollowerState (FollowerState.java:run(117)) - c652e2ee-3322-4406-8db6-1ea643cb3197@group-7E32184879DE-FollowerState was interrupted: java.lang.InterruptedException: sleep interrupted
2019-10-18 11:24:51,557 [f535bb4a-cba0-4f9b-9e3e-e4a48b3eda51@group-7E32184879DE-LeaderElection246] INFO  impl.LeaderElection (LeaderElection.java:logAndReturn(56)) - f535bb4a-cba0-4f9b-9e3e-e4a48b3eda51@group-7E32184879DE-LeaderElection246: Election TIMEOUT; received 0 response(s) [] and 0 exception(s); f535bb4a-cba0-4f9b-9e3e-e4a48b3eda51@group-7E32184879DE:t290, leader=null, voted=f535bb4a-cba0-4f9b-9e3e-e4a48b3eda51, raftlog=f535bb4a-cba0-4f9b-9e3e-e4a48b3eda51@group-7E32184879DE-SegmentedRaftLog:OPENED:c-1,f-1,i0, conf=-1: [f535bb4a-cba0-4f9b-9e3e-e4a48b3eda51:0.0.0.0:44706, 54aabb14-4a7d-4ab3-adbe-2e67760b87f4:0.0.0.0:43074, c652e2ee-3322-4406-8db6-1ea643cb3197:0.0.0.0:42129], old=null
2019-10-18 11:24:51,578 [f535bb4a-cba0-4f9b-9e3e-e4a48b3eda51@group-7E32184879DE-LeaderElection246] INFO  impl.LeaderElection (LeaderElection.java:askForVotes(178)) - f535bb4a-cba0-4f9b-9e3e-e4a48b3eda51@group-7E32184879DE-LeaderElection246: begin an election at term 291 for -1: [f535bb4a-cba0-4f9b-9e3e-e4a48b3eda51:0.0.0.0:44706, 54aabb14-4a7d-4ab3-adbe-2e67760b87f4:0.0.0.0:43074, c652e2ee-3322-4406-8db6-1ea643cb3197:0.0.0.0:42129], old=null
2019-10-18 11:24:51,580 [grpc-default-executor-1] INFO  impl.RaftServerImpl (RaftServerImpl.java:setRole(184)) - 54aabb14-4a7d-4ab3-adbe-2e67760b87f4@group-7E32184879DE: changes role from  FOLLOWER to FOLLOWER at term 291 for recognizeCandidate:f535bb4a-cba0-4f9b-9e3e-e4a48b3eda51
2019-10-18 11:24:51,580 [grpc-default-executor-1] INFO  impl.RoleInfo (RoleInfo.java:shutdownFollowerState(121)) - 54aabb14-4a7d-4ab3-adbe-2e67760b87f4: shutdown FollowerState
2019-10-18 11:24:51,580 [grpc-default-executor-1] INFO  impl.RoleInfo (RoleInfo.java:updateAndGet(143)) - 54aabb14-4a7d-4ab3-adbe-2e67760b87f4: start FollowerState
2019-10-18 11:24:51,580 [Thread-1763] INFO  impl.FollowerState (FollowerState.java:run(117)) - 54aabb14-4a7d-4ab3-adbe-2e67760b87f4@group-7E32184879DE-FollowerState was interrupted: java.lang.InterruptedException: sleep interrupted
2019-10-18 11:24:51,580 [grpc-default-executor-3] INFO  impl.RaftServerImpl (RaftServerImpl.java:setRole(184)) - c652e2ee-3322-4406-8db6-1ea643cb3197@group-7E32184879DE: changes role from  FOLLOWER to FOLLOWER at term 291 for recognizeCandidate:f535bb4a-cba0-4f9b-9e3e-e4a48b3eda51
2019-10-18 11:24:51,581 [grpc-default-executor-3] INFO  impl.RoleInfo (RoleInfo.java:shutdownFollowerState(121)) - c652e2ee-3322-4406-8db6-1ea643cb3197: shutdown FollowerState
2019-10-18 11:24:51,581 [grpc-default-executor-3] INFO  impl.RoleInfo (RoleInfo.java:updateAndGet(143)) - c652e2ee-3322-4406-8db6-1ea643cb3197: start FollowerState
2019-10-18 11:24:51,581 [Thread-1764] INFO  impl.FollowerState (FollowerState.java:run(117)) - c652e2ee-3322-4406-8db6-1ea643cb3197@group-7E32184879DE-FollowerState was interrupted: java.lang.InterruptedException: sleep interrupted
2019-10-18 11:24:51,602 [f535bb4a-cba0-4f9b-9e3e-e4a48b3eda51@group-7E32184879DE-LeaderElection246] INFO  impl.LeaderElection (LeaderElection.java:logAndReturn(56)) - f535bb4a-cba0-4f9b-9e3e-e4a48b3eda51@group-7E32184879DE-LeaderElection246: Election TIMEOUT; received 0 response(s) [] and 0 exception(s); f535bb4a-cba0-4f9b-9e3e-e4a48b3eda51@group-7E32184879DE:t291, leader=null, voted=f535bb4a-cba0-4f9b-9e3e-e4a48b3eda51, raftlog=f535bb4a-cba0-4f9b-9e3e-e4a48b3eda51@group-7E32184879DE-SegmentedRaftLog:OPENED:c-1,f-1,i0, conf=-1: [f535bb4a-cba0-4f9b-9e3e-e4a48b3eda51:0.0.0.0:44706, 54aabb14-4a7d-4ab3-adbe-2e67760b87f4:0.0.0.0:43074, c652e2ee-3322-4406-8db6-1ea643cb3197:0.0.0.0:42129], old=null
2019-10-18 11:24:51,629 [f535bb4a-cba0-4f9b-9e3e-e4a48b3eda51@group-7E32184879DE-LeaderElection246] INFO  impl.LeaderElection (LeaderElection.java:askForVotes(178)) - f535bb4a-cba0-4f9b-9e3e-e4a48b3eda51@group-7E32184879DE-LeaderElection246: begin an election at term 292 for -1: [f535bb4a-cba0-4f9b-9e3e-e4a48b3eda51:0.0.0.0:44706, 54aabb14-4a7d-4ab3-adbe-2e67760b87f4:0.0.0.0:43074, c652e2ee-3322-4406-8db6-1ea643cb3197:0.0.0.0:42129], old=null
2019-10-18 11:24:51,630 [grpc-default-executor-1] INFO  impl.RaftServerImpl (RaftServerImpl.java:setRole(184)) - 54aabb14-4a7d-4ab3-adbe-2e67760b87f4@group-7E32184879DE: changes role from  FOLLOWER to FOLLOWER at term 292 for recognizeCandidate:f535bb4a-cba0-4f9b-9e3e-e4a48b3eda51
2019-10-18 11:24:51,631 [grpc-default-executor-1] INFO  impl.RoleInfo (RoleInfo.java:shutdownFollowerState(121)) - 54aabb14-4a7d-4ab3-adbe-2e67760b87f4: shutdown FollowerState
2019-10-18 11:24:51,631 [grpc-default-executor-3] INFO  impl.RaftServerImpl (RaftServerImpl.java:setRole(184)) - c652e2ee-3322-4406-8db6-1ea643cb3197@group-7E32184879DE: changes role from  FOLLOWER to FOLLOWER at term 292 for recognizeCandidate:f535bb4a-cba0-4f9b-9e3e-e4a48b3eda51
2019-10-18 11:24:51,631 [Thread-1767] INFO  impl.FollowerState (FollowerState.java:run(117)) - 54aabb14-4a7d-4ab3-adbe-2e67760b87f4@group-7E32184879DE-FollowerState was interrupted: java.lang.InterruptedException: sleep interrupted
2019-10-18 11:24:51,631 [grpc-default-executor-1] INFO  impl.RoleInfo (RoleInfo.java:updateAndGet(143)) - 54aabb14-4a7d-4ab3-adbe-2e67760b87f4: start FollowerState
2019-10-18 11:24:51,631 [grpc-default-executor-3] INFO  impl.RoleInfo (RoleInfo.java:shutdownFollowerState(121)) - c652e2ee-3322-4406-8db6-1ea643cb3197: shutdown FollowerState
2019-10-18 11:24:51,631 [grpc-default-executor-3] INFO  impl.RoleInfo (RoleInfo.java:updateAndGet(143)) - c652e2ee-3322-4406-8db6-1ea643cb3197: start FollowerState
2019-10-18 11:24:51,631 [Thread-1768] INFO  impl.FollowerState (FollowerState.java:run(117)) - c652e2ee-3322-4406-8db6-1ea643cb3197@group-7E32184879DE-FollowerState was interrupted: java.lang.InterruptedException: sleep interrupted
2019-10-18 11:24:51,655 [f535bb4a-cba0-4f9b-9e3e-e4a48b3eda51@group-7E32184879DE-LeaderElection246] INFO  impl.LeaderElection (LeaderElection.java:logAndReturn(56)) - f535bb4a-cba0-4f9b-9e3e-e4a48b3eda51@group-7E32184879DE-LeaderElection246: Election REJECTED; received 2 response(s) [f535bb4a-cba0-4f9b-9e3e-e4a48b3eda51<-54aabb14-4a7d-4ab3-adbe-2e67760b87f4#0:FAIL-t292, f535bb4a-cba0-4f9b-9e3e-e4a48b3eda51<-c652e2ee-3322-4406-8db6-1ea643cb3197#0:FAIL-t292] and 0 exception(s); f535bb4a-cba0-4f9b-9e3e-e4a48b3eda51@group-7E32184879DE:t292, leader=null, voted=f535bb4a-cba0-4f9b-9e3e-e4a48b3eda51, raftlog=f535bb4a-cba0-4f9b-9e3e-e4a48b3eda51@group-7E32184879DE-SegmentedRaftLog:OPENED:c-1,f-1,i0, conf=-1: [f535bb4a-cba0-4f9b-9e3e-e4a48b3eda51:0.0.0.0:44706, 54aabb14-4a7d-4ab3-adbe-2e67760b87f4:0.0.0.0:43074, c652e2ee-3322-4406-8db6-1ea643cb3197:0.0.0.0:42129], old=null
2019-10-18 11:24:51,655 [f535bb4a-cba0-4f9b-9e3e-e4a48b3eda51@group-7E32184879DE-LeaderElection246] INFO  impl.RaftServerImpl (RaftServerImpl.java:setRole(184)) - f535bb4a-cba0-4f9b-9e3e-e4a48b3eda51@group-7E32184879DE: changes role from CANDIDATE to FOLLOWER at term 292 for DISCOVERED_A_NEW_TERM
2019-10-18 11:24:51,655 [f535bb4a-cba0-4f9b-9e3e-e4a48b3eda51@group-7E32184879DE-LeaderElection246] INFO  impl.RoleInfo (RoleInfo.java:shutdownLeaderElection(134)) - f535bb4a-cba0-4f9b-9e3e-e4a48b3eda51: shutdown LeaderElection
2019-10-18 11:24:51,655 [f535bb4a-cba0-4f9b-9e3e-e4a48b3eda51@group-7E32184879DE-LeaderElection246] INFO  impl.RoleInfo (RoleInfo.java:updateAndGet(143)) - f535bb4a-cba0-4f9b-9e3e-e4a48b3eda51: start FollowerState
2019-10-18 11:24:51,818 [Thread-1773] INFO  impl.FollowerState (FollowerState.java:run(108)) - f535bb4a-cba0-4f9b-9e3e-e4a48b3eda51@group-7E32184879DE-FollowerState: change to CANDIDATE, lastRpcTime:162ms, electionTimeout:162ms
2019-10-18 11:24:51,818 [Thread-1773] INFO  impl.RoleInfo (RoleInfo.java:shutdownFollowerState(121)) - f535bb4a-cba0-4f9b-9e3e-e4a48b3eda51: shutdown FollowerState
2019-10-18 11:24:51,818 [Thread-1773] INFO  impl.RaftServerImpl (RaftServerImpl.java:setRole(184)) - f535bb4a-cba0-4f9b-9e3e-e4a48b3eda51@group-7E32184879DE: changes role from  FOLLOWER to CANDIDATE at term 292 for changeToCandidate
2019-10-18 11:24:51,818 [Thread-1773] INFO  impl.RoleInfo (RoleInfo.java:updateAndGet(143)) - f535bb4a-cba0-4f9b-9e3e-e4a48b3eda51: start LeaderElection
2019-10-18 11:24:51,846 [f535bb4a-cba0-4f9b-9e3e-e4a48b3eda51@group-7E32184879DE-LeaderElection247] INFO  impl.LeaderElection (LeaderElection.java:askForVotes(178)) - f535bb4a-cba0-4f9b-9e3e-e4a48b3eda51@group-7E32184879DE-LeaderElection247: begin an election at term 293 for -1: [f535bb4a-cba0-4f9b-9e3e-e4a48b3eda51:0.0.0.0:44706, 54aabb14-4a7d-4ab3-adbe-2e67760b87f4:0.0.0.0:43074, c652e2ee-3322-4406-8db6-1ea643cb3197:0.0.0.0:42129], old=null
2019-10-18 11:24:51,848 [grpc-default-executor-1] INFO  impl.RaftServerImpl (RaftServerImpl.java:setRole(184)) - 54aabb14-4a7d-4ab3-adbe-2e67760b87f4@group-7E32184879DE: changes role from  FOLLOWER to FOLLOWER at term 293 for recognizeCandidate:f535bb4a-cba0-4f9b-9e3e-e4a48b3eda51
2019-10-18 11:24:51,848 [grpc-default-executor-1] INFO  impl.RoleInfo (RoleInfo.java:shutdownFollowerState(121)) - 54aabb14-4a7d-4ab3-adbe-2e67760b87f4: shutdown FollowerState
2019-10-18 11:24:51,848 [grpc-default-executor-1] INFO  impl.RoleInfo (RoleInfo.java:updateAndGet(143)) - 54aabb14-4a7d-4ab3-adbe-2e67760b87f4: start FollowerState
2019-10-18 11:24:51,848 [Thread-1771] INFO  impl.FollowerState (FollowerState.java:run(117)) - 54aabb14-4a7d-4ab3-adbe-2e67760b87f4@group-7E32184879DE-FollowerState was interrupted: java.lang.InterruptedException: sleep interrupted
2019-10-18 11:24:51,848 [grpc-default-executor-3] INFO  impl.RaftServerImpl (RaftServerImpl.java:setRole(184)) - c652e2ee-3322-4406-8db6-1ea643cb3197@group-7E32184879DE: changes role from  FOLLOWER to FOLLOWER at term 293 for recognizeCandidate:f535bb4a-cba0-4f9b-9e3e-e4a48b3eda51
2019-10-18 11:24:51,849 [grpc-default-executor-3] INFO  impl.RoleInfo (RoleInfo.java:shutdownFollowerState(121)) - c652e2ee-3322-4406-8db6-1ea643cb3197: shutdown FollowerState
2019-10-18 11:24:51,849 [grpc-default-executor-3] INFO  impl.RoleInfo (RoleInfo.java:updateAndGet(143)) - c652e2ee-3322-4406-8db6-1ea643cb3197: start FollowerState
2019-10-18 11:24:51,849 [Thread-1772] INFO  impl.FollowerState (FollowerState.java:run(117)) - c652e2ee-3322-4406-8db6-1ea643cb3197@group-7E32184879DE-FollowerState was interrupted: java.lang.InterruptedException: sleep interrupted
2019-10-18 11:24:51,872 [f535bb4a-cba0-4f9b-9e3e-e4a48b3eda51@group-7E32184879DE-LeaderElection247] INFO  impl.LeaderElection (LeaderElection.java:logAndReturn(56)) - f535bb4a-cba0-4f9b-9e3e-e4a48b3eda51@group-7E32184879DE-LeaderElection247: Election REJECTED; received 2 response(s) [f535bb4a-cba0-4f9b-9e3e-e4a48b3eda51<-54aabb14-4a7d-4ab3-adbe-2e67760b87f4#0:FAIL-t293, f535bb4a-cba0-4f9b-9e3e-e4a48b3eda51<-c652e2ee-3322-4406-8db6-1ea643cb3197#0:FAIL-t293] and 0 exception(s); f535bb4a-cba0-4f9b-9e3e-e4a48b3eda51@group-7E32184879DE:t293, leader=null, voted=f535bb4a-cba0-4f9b-9e3e-e4a48b3eda51, raftlog=f535bb4a-cba0-4f9b-9e3e-e4a48b3eda51@group-7E32184879DE-SegmentedRaftLog:OPENED:c-1,f-1,i0, conf=-1: [f535bb4a-cba0-4f9b-9e3e-e4a48b3eda51:0.0.0.0:44706, 54aabb14-4a7d-4ab3-adbe-2e67760b87f4:0.0.0.0:43074, c652e2ee-3322-4406-8db6-1ea643cb3197:0.0.0.0:42129], old=null
2019-10-18 11:24:51,873 [f535bb4a-cba0-4f9b-9e3e-e4a48b3eda51@group-7E32184879DE-LeaderElection247] INFO  impl.RaftServerImpl (RaftServerImpl.java:setRole(184)) - f535bb4a-cba0-4f9b-9e3e-e4a48b3eda51@group-7E32184879DE: changes role from CANDIDATE to FOLLOWER at term 293 for DISCOVERED_A_NEW_TERM
2019-10-18 11:24:51,873 [f535bb4a-cba0-4f9b-9e3e-e4a48b3eda51@group-7E32184879DE-LeaderElection247] INFO  impl.RoleInfo (RoleInfo.java:shutdownLeaderElection(134)) - f535bb4a-cba0-4f9b-9e3e-e4a48b3eda51: shutdown LeaderElection
2019-10-18 11:24:51,873 [f535bb4a-cba0-4f9b-9e3e-e4a48b3eda51@group-7E32184879DE-LeaderElection247] INFO  impl.RoleInfo (RoleInfo.java:updateAndGet(143)) - f535bb4a-cba0-4f9b-9e3e-e4a48b3eda51: start FollowerState
2019-10-18 11:24:51,955 [Thread-1779] INFO  impl.FollowerState (FollowerState.java:run(108)) - f535bb4a-cba0-4f9b-9e3e-e4a48b3eda51@group-7E32184879DE-FollowerState: change to CANDIDATE, lastRpcTime:82ms, electionTimeout:82ms
2019-10-18 11:24:51,956 [Thread-1779] INFO  impl.RoleInfo (RoleInfo.java:shutdownFollowerState(121)) - f535bb4a-cba0-4f9b-9e3e-e4a48b3eda51: shutdown FollowerState
2019-10-18 11:24:51,956 [Thread-1779] INFO  impl.RaftServerImpl (RaftServerImpl.java:setRole(184)) - f535bb4a-cba0-4f9b-9e3e-e4a48b3eda51@group-7E32184879DE: changes role from  FOLLOWER to CANDIDATE at term 293 for changeToCandidate
2019-10-18 11:24:51,956 [Thread-1779] INFO  impl.RoleInfo (RoleInfo.java:updateAndGet(143)) - f535bb4a-cba0-4f9b-9e3e-e4a48b3eda51: start LeaderElection
2019-10-18 11:24:51,980 [f535bb4a-cba0-4f9b-9e3e-e4a48b3eda51@group-7E32184879DE-LeaderElection248] INFO  impl.LeaderElection (LeaderElection.java:askForVotes(178)) - f535bb4a-cba0-4f9b-9e3e-e4a48b3eda51@group-7E32184879DE-LeaderElection248: begin an election at term 294 for -1: [f535bb4a-cba0-4f9b-9e3e-e4a48b3eda51:0.0.0.0:44706, 54aabb14-4a7d-4ab3-adbe-2e67760b87f4:0.0.0.0:43074, c652e2ee-3322-4406-8db6-1ea643cb3197:0.0.0.0:42129], old=null
2019-10-18 11:24:51,983 [grpc-default-executor-1] INFO  impl.RaftServerImpl (RaftServerImpl.java:setRole(184)) - 54aabb14-4a7d-4ab3-adbe-2e67760b87f4@group-7E32184879DE: changes role from  FOLLOWER to FOLLOWER at term 294 for recognizeCandidate:f535bb4a-cba0-4f9b-9e3e-e4a48b3eda51
2019-10-18 11:24:51,983 [grpc-default-executor-3] INFO  impl.RaftServerImpl (RaftServerImpl.java:setRole(184)) - c652e2ee-3322-4406-8db6-1ea643cb3197@group-7E32184879DE: changes role from  FOLLOWER to FOLLOWER at term 294 for recognizeCandidate:f535bb4a-cba0-4f9b-9e3e-e4a48b3eda51
2019-10-18 11:24:51,983 [grpc-default-executor-1] INFO  impl.RoleInfo (RoleInfo.java:shutdownFollowerState(121)) - 54aabb14-4a7d-4ab3-adbe-2e67760b87f4: shutdown FollowerState
2019-10-18 11:24:51,984 [grpc-default-executor-3] INFO  impl.RoleInfo (RoleInfo.java:shutdownFollowerState(121)) - c652e2ee-3322-4406-8db6-1ea643cb3197: shutdown FollowerState
2019-10-18 11:24:51,984 [Thread-1777] INFO  impl.FollowerState (FollowerState.java:run(117)) - 54aabb14-4a7d-4ab3-adbe-2e67760b87f4@group-7E32184879DE-FollowerState was interrupted: java.lang.InterruptedException: sleep interrupted
2019-10-18 11:24:51,984 [grpc-default-executor-1] INFO  impl.RoleInfo (RoleInfo.java:updateAndGet(143)) - 54aabb14-4a7d-4ab3-adbe-2e67760b87f4: start FollowerState
2019-10-18 11:24:51,984 [Thread-1778] INFO  impl.FollowerState (FollowerState.java:run(117)) - c652e2ee-3322-4406-8db6-1ea643cb3197@group-7E32184879DE-FollowerState was interrupted: java.lang.InterruptedException: sleep interrupted
2019-10-18 11:24:51,984 [grpc-default-executor-3] INFO  impl.RoleInfo (RoleInfo.java:updateAndGet(143)) - c652e2ee-3322-4406-8db6-1ea643cb3197: start FollowerState
2019-10-18 11:24:52,006 [f535bb4a-cba0-4f9b-9e3e-e4a48b3eda51@group-7E32184879DE-LeaderElection248] INFO  impl.LeaderElection (LeaderElection.java:logAndReturn(56)) - f535bb4a-cba0-4f9b-9e3e-e4a48b3eda51@group-7E32184879DE-LeaderElection248: Election REJECTED; received 2 response(s) [f535bb4a-cba0-4f9b-9e3e-e4a48b3eda51<-54aabb14-4a7d-4ab3-adbe-2e67760b87f4#0:FAIL-t294, f535bb4a-cba0-4f9b-9e3e-e4a48b3eda51<-c652e2ee-3322-4406-8db6-1ea643cb3197#0:FAIL-t294] and 0 exception(s); f535bb4a-cba0-4f9b-9e3e-e4a48b3eda51@group-7E32184879DE:t294, leader=null, voted=f535bb4a-cba0-4f9b-9e3e-e4a48b3eda51, raftlog=f535bb4a-cba0-4f9b-9e3e-e4a48b3eda51@group-7E32184879DE-SegmentedRaftLog:OPENED:c-1,f-1,i0, conf=-1: [f535bb4a-cba0-4f9b-9e3e-e4a48b3eda51:0.0.0.0:44706, 54aabb14-4a7d-4ab3-adbe-2e67760b87f4:0.0.0.0:43074, c652e2ee-3322-4406-8db6-1ea643cb3197:0.0.0.0:42129], old=null
2019-10-18 11:24:52,007 [f535bb4a-cba0-4f9b-9e3e-e4a48b3eda51@group-7E32184879DE-LeaderElection248] INFO  impl.RaftServerImpl (RaftServerImpl.java:setRole(184)) - f535bb4a-cba0-4f9b-9e3e-e4a48b3eda51@group-7E32184879DE: changes role from CANDIDATE to FOLLOWER at term 294 for DISCOVERED_A_NEW_TERM
2019-10-18 11:24:52,007 [f535bb4a-cba0-4f9b-9e3e-e4a48b3eda51@group-7E32184879DE-LeaderElection248] INFO  impl.RoleInfo (RoleInfo.java:shutdownLeaderElection(134)) - f535bb4a-cba0-4f9b-9e3e-e4a48b3eda51: shutdown LeaderElection
2019-10-18 11:24:52,007 [f535bb4a-cba0-4f9b-9e3e-e4a48b3eda51@group-7E32184879DE-LeaderElection248] INFO  impl.RoleInfo (RoleInfo.java:updateAndGet(143)) - f535bb4a-cba0-4f9b-9e3e-e4a48b3eda51: start FollowerState
2019-10-18 11:24:52,038 [Thread-1785] INFO  impl.FollowerState (FollowerState.java:run(108)) - f535bb4a-cba0-4f9b-9e3e-e4a48b3eda51@group-7E32184879DE-FollowerState: change to CANDIDATE, lastRpcTime:31ms, electionTimeout:31ms
2019-10-18 11:24:52,039 [Thread-1785] INFO  impl.RoleInfo (RoleInfo.java:shutdownFollowerState(121)) - f535bb4a-cba0-4f9b-9e3e-e4a48b3eda51: shutdown FollowerState
2019-10-18 11:24:52,039 [Thread-1785] INFO  impl.RaftServerImpl (RaftServerImpl.java:setRole(184)) - f535bb4a-cba0-4f9b-9e3e-e4a48b3eda51@group-7E32184879DE: changes role from  FOLLOWER to CANDIDATE at term 294 for changeToCandidate
2019-10-18 11:24:52,039 [Thread-1785] INFO  impl.RoleInfo (RoleInfo.java:updateAndGet(143)) - f535bb4a-cba0-4f9b-9e3e-e4a48b3eda51: start LeaderElection
2019-10-18 11:24:52,066 [f535bb4a-cba0-4f9b-9e3e-e4a48b3eda51@group-7E32184879DE-LeaderElection249] INFO  impl.LeaderElection (LeaderElection.java:askForVotes(178)) - f535bb4a-cba0-4f9b-9e3e-e4a48b3eda51@group-7E32184879DE-LeaderElection249: begin an election at term 295 for -1: [f535bb4a-cba0-4f9b-9e3e-e4a48b3eda51:0.0.0.0:44706, 54aabb14-4a7d-4ab3-adbe-2e67760b87f4:0.0.0.0:43074, c652e2ee-3322-4406-8db6-1ea643cb3197:0.0.0.0:42129], old=null
2019-10-18 11:24:52,067 [grpc-default-executor-3] INFO  impl.RaftServerImpl (RaftServerImpl.java:setRole(184)) - 54aabb14-4a7d-4ab3-adbe-2e67760b87f4@group-7E32184879DE: changes role from  FOLLOWER to FOLLOWER at term 295 for recognizeCandidate:f535bb4a-cba0-4f9b-9e3e-e4a48b3eda51
2019-10-18 11:24:52,067 [grpc-default-executor-3] INFO  impl.RoleInfo (RoleInfo.java:shutdownFollowerState(121)) - 54aabb14-4a7d-4ab3-adbe-2e67760b87f4: shutdown FollowerState
2019-10-18 11:24:52,067 [grpc-default-executor-3] INFO  impl.RoleInfo (RoleInfo.java:updateAndGet(143)) - 54aabb14-4a7d-4ab3-adbe-2e67760b87f4: start FollowerState
2019-10-18 11:24:52,067 [grpc-default-executor-1] INFO  impl.RaftServerImpl (RaftServerImpl.java:setRole(184)) - c652e2ee-3322-4406-8db6-1ea643cb3197@group-7E32184879DE: changes role from  FOLLOWER to FOLLOWER at term 295 for recognizeCandidate:f535bb4a-cba0-4f9b-9e3e-e4a48b3eda51
2019-10-18 11:24:52,067 [Thread-1783] INFO  impl.FollowerState (FollowerState.java:run(117)) - 54aabb14-4a7d-4ab3-adbe-2e67760b87f4@group-7E32184879DE-FollowerState was interrupted: java.lang.InterruptedException: sleep interrupted
2019-10-18 11:24:52,068 [grpc-default-executor-1] INFO  impl.RoleInfo (RoleInfo.java:shutdownFollowerState(121)) - c652e2ee-3322-4406-8db6-1ea643cb3197: shutdown FollowerState
2019-10-18 11:24:52,068 [grpc-default-executor-1] INFO  impl.RoleInfo (RoleInfo.java:updateAndGet(143)) - c652e2ee-3322-4406-8db6-1ea643cb3197: start FollowerState
2019-10-18 11:24:52,068 [Thread-1784] INFO  impl.FollowerState (FollowerState.java:run(117)) - c652e2ee-3322-4406-8db6-1ea643cb3197@group-7E32184879DE-FollowerState was interrupted: java.lang.InterruptedException: sleep interrupted
2019-10-18 11:24:52,092 [f535bb4a-cba0-4f9b-9e3e-e4a48b3eda51@group-7E32184879DE-LeaderElection249] INFO  impl.LeaderElection (LeaderElection.java:logAndReturn(56)) - f535bb4a-cba0-4f9b-9e3e-e4a48b3eda51@group-7E32184879DE-LeaderElection249: Election REJECTED; received 2 response(s) [f535bb4a-cba0-4f9b-9e3e-e4a48b3eda51<-54aabb14-4a7d-4ab3-adbe-2e67760b87f4#0:FAIL-t295, f535bb4a-cba0-4f9b-9e3e-e4a48b3eda51<-c652e2ee-3322-4406-8db6-1ea643cb3197#0:FAIL-t295] and 0 exception(s); f535bb4a-cba0-4f9b-9e3e-e4a48b3eda51@group-7E32184879DE:t295, leader=null, voted=f535bb4a-cba0-4f9b-9e3e-e4a48b3eda51, raftlog=f535bb4a-cba0-4f9b-9e3e-e4a48b3eda51@group-7E32184879DE-SegmentedRaftLog:OPENED:c-1,f-1,i0, conf=-1: [f535bb4a-cba0-4f9b-9e3e-e4a48b3eda51:0.0.0.0:44706, 54aabb14-4a7d-4ab3-adbe-2e67760b87f4:0.0.0.0:43074, c652e2ee-3322-4406-8db6-1ea643cb3197:0.0.0.0:42129], old=null
2019-10-18 11:24:52,092 [f535bb4a-cba0-4f9b-9e3e-e4a48b3eda51@group-7E32184879DE-LeaderElection249] INFO  impl.RaftServerImpl (RaftServerImpl.java:setRole(184)) - f535bb4a-cba0-4f9b-9e3e-e4a48b3eda51@group-7E32184879DE: changes role from CANDIDATE to FOLLOWER at term 295 for DISCOVERED_A_NEW_TERM
2019-10-18 11:24:52,092 [f535bb4a-cba0-4f9b-9e3e-e4a48b3eda51@group-7E32184879DE-LeaderElection249] INFO  impl.RoleInfo (RoleInfo.java:shutdownLeaderElection(134)) - f535bb4a-cba0-4f9b-9e3e-e4a48b3eda51: shutdown LeaderElection
2019-10-18 11:24:52,092 [f535bb4a-cba0-4f9b-9e3e-e4a48b3eda51@group-7E32184879DE-LeaderElection249] INFO  impl.RoleInfo (RoleInfo.java:updateAndGet(143)) - f535bb4a-cba0-4f9b-9e3e-e4a48b3eda51: start FollowerState
2019-10-18 11:24:52,126 [Thread-1791] INFO  impl.FollowerState (FollowerState.java:run(108)) - f535bb4a-cba0-4f9b-9e3e-e4a48b3eda51@group-7E32184879DE-FollowerState: change to CANDIDATE, lastRpcTime:34ms, electionTimeout:34ms
2019-10-18 11:24:52,126 [Thread-1791] INFO  impl.RoleInfo (RoleInfo.java:shutdownFollowerState(121)) - f535bb4a-cba0-4f9b-9e3e-e4a48b3eda51: shutdown FollowerState
2019-10-18 11:24:52,126 [Thread-1791] INFO  impl.RaftServerImpl (RaftServerImpl.java:setRole(184)) - f535bb4a-cba0-4f9b-9e3e-e4a48b3eda51@group-7E32184879DE: changes role from  FOLLOWER to CANDIDATE at term 295 for changeToCandidate
2019-10-18 11:24:52,127 [Thread-1791] INFO  impl.RoleInfo (RoleInfo.java:updateAndGet(143)) - f535bb4a-cba0-4f9b-9e3e-e4a48b3eda51: start LeaderElection
2019-10-18 11:24:52,150 [f535bb4a-cba0-4f9b-9e3e-e4a48b3eda51@group-7E32184879DE-LeaderElection250] INFO  impl.LeaderElection (LeaderElection.java:askForVotes(178)) - f535bb4a-cba0-4f9b-9e3e-e4a48b3eda51@group-7E32184879DE-LeaderElection250: begin an election at term 296 for -1: [f535bb4a-cba0-4f9b-9e3e-e4a48b3eda51:0.0.0.0:44706, 54aabb14-4a7d-4ab3-adbe-2e67760b87f4:0.0.0.0:43074, c652e2ee-3322-4406-8db6-1ea643cb3197:0.0.0.0:42129], old=null
2019-10-18 11:24:52,152 [grpc-default-executor-1] INFO  impl.RaftServerImpl (RaftServerImpl.java:setRole(184)) - 54aabb14-4a7d-4ab3-adbe-2e67760b87f4@group-7E32184879DE: changes role from  FOLLOWER to FOLLOWER at term 296 for recognizeCandidate:f535bb4a-cba0-4f9b-9e3e-e4a48b3eda51
2019-10-18 11:24:52,152 [grpc-default-executor-1] INFO  impl.RoleInfo (RoleInfo.java:shutdownFollowerState(121)) - 54aabb14-4a7d-4ab3-adbe-2e67760b87f4: shutdown FollowerState
2019-10-18 11:24:52,152 [grpc-default-executor-1] INFO  impl.RoleInfo (RoleInfo.java:updateAndGet(143)) - 54aabb14-4a7d-4ab3-adbe-2e67760b87f4: start FollowerState
2019-10-18 11:24:52,152 [grpc-default-executor-3] INFO  impl.RaftServerImpl (RaftServerImpl.java:setRole(184)) - c652e2ee-3322-4406-8db6-1ea643cb3197@group-7E32184879DE: changes role from  FOLLOWER to FOLLOWER at term 296 for recognizeCandidate:f535bb4a-cba0-4f9b-9e3e-e4a48b3eda51
2019-10-18 11:24:52,152 [Thread-1789] INFO  impl.FollowerState (FollowerState.java:run(117)) - 54aabb14-4a7d-4ab3-adbe-2e67760b87f4@group-7E32184879DE-FollowerState was interrupted: java.lang.InterruptedException: sleep interrupted
2019-10-18 11:24:52,152 [grpc-default-executor-3] INFO  impl.RoleInfo (RoleInfo.java:shutdownFollowerState(121)) - c652e2ee-3322-4406-8db6-1ea643cb3197: shutdown FollowerState
2019-10-18 11:24:52,152 [grpc-default-executor-3] INFO  impl.RoleInfo (RoleInfo.java:updateAndGet(143)) - c652e2ee-3322-4406-8db6-1ea643cb3197: start FollowerState
2019-10-18 11:24:52,152 [Thread-1790] INFO  impl.FollowerState (FollowerState.java:run(117)) - c652e2ee-3322-4406-8db6-1ea643cb3197@group-7E32184879DE-FollowerState was interrupted: java.lang.InterruptedException: sleep interrupted
2019-10-18 11:24:52,176 [f535bb4a-cba0-4f9b-9e3e-e4a48b3eda51@group-7E32184879DE-LeaderElection250] INFO  impl.LeaderElection (LeaderElection.java:logAndReturn(56)) - f535bb4a-cba0-4f9b-9e3e-e4a48b3eda51@group-7E32184879DE-LeaderElection250: Election REJECTED; received 2 response(s) [f535bb4a-cba0-4f9b-9e3e-e4a48b3eda51<-54aabb14-4a7d-4ab3-adbe-2e67760b87f4#0:FAIL-t296, f535bb4a-cba0-4f9b-9e3e-e4a48b3eda51<-c652e2ee-3322-4406-8db6-1ea643cb3197#0:FAIL-t296] and 0 exception(s); f535bb4a-cba0-4f9b-9e3e-e4a48b3eda51@group-7E32184879DE:t296, leader=null, voted=f535bb4a-cba0-4f9b-9e3e-e4a48b3eda51, raftlog=f535bb4a-cba0-4f9b-9e3e-e4a48b3eda51@group-7E32184879DE-SegmentedRaftLog:OPENED:c-1,f-1,i0, conf=-1: [f535bb4a-cba0-4f9b-9e3e-e4a48b3eda51:0.0.0.0:44706, 54aabb14-4a7d-4ab3-adbe-2e67760b87f4:0.0.0.0:43074, c652e2ee-3322-4406-8db6-1ea643cb3197:0.0.0.0:42129], old=null
2019-10-18 11:24:52,176 [f535bb4a-cba0-4f9b-9e3e-e4a48b3eda51@group-7E32184879DE-LeaderElection250] INFO  impl.RaftServerImpl (RaftServerImpl.java:setRole(184)) - f535bb4a-cba0-4f9b-9e3e-e4a48b3eda51@group-7E32184879DE: changes role from CANDIDATE to FOLLOWER at term 296 for DISCOVERED_A_NEW_TERM
2019-10-18 11:24:52,176 [f535bb4a-cba0-4f9b-9e3e-e4a48b3eda51@group-7E32184879DE-LeaderElection250] INFO  impl.RoleInfo (RoleInfo.java:shutdownLeaderElection(134)) - f535bb4a-cba0-4f9b-9e3e-e4a48b3eda51: shutdown LeaderElection
2019-10-18 11:24:52,176 [f535bb4a-cba0-4f9b-9e3e-e4a48b3eda51@group-7E32184879DE-LeaderElection250] INFO  impl.RoleInfo (RoleInfo.java:updateAndGet(143)) - f535bb4a-cba0-4f9b-9e3e-e4a48b3eda51: start FollowerState
2019-10-18 11:24:52,342 [Thread-1797] INFO  impl.FollowerState (FollowerState.java:run(108)) - f535bb4a-cba0-4f9b-9e3e-e4a48b3eda51@group-7E32184879DE-FollowerState: change to CANDIDATE, lastRpcTime:166ms, electionTimeout:166ms
2019-10-18 11:24:52,343 [Thread-1797] INFO  impl.RoleInfo (RoleInfo.java:shutdownFollowerState(121)) - f535bb4a-cba0-4f9b-9e3e-e4a48b3eda51: shutdown FollowerState
2019-10-18 11:24:52,343 [Thread-1797] INFO  impl.RaftServerImpl (RaftServerImpl.java:setRole(184)) - f535bb4a-cba0-4f9b-9e3e-e4a48b3eda51@group-7E32184879DE: changes role from  FOLLOWER to CANDIDATE at term 296 for changeToCandidate
2019-10-18 11:24:52,343 [Thread-1797] INFO  impl.RoleInfo (RoleInfo.java:updateAndGet(143)) - f535bb4a-cba0-4f9b-9e3e-e4a48b3eda51: start LeaderElection
2019-10-18 11:24:52,367 [f535bb4a-cba0-4f9b-9e3e-e4a48b3eda51@group-7E32184879DE-LeaderElection251] INFO  impl.LeaderElection (LeaderElection.java:askForVotes(178)) - f535bb4a-cba0-4f9b-9e3e-e4a48b3eda51@group-7E32184879DE-LeaderElection251: begin an election at term 297 for -1: [f535bb4a-cba0-4f9b-9e3e-e4a48b3eda51:0.0.0.0:44706, 54aabb14-4a7d-4ab3-adbe-2e67760b87f4:0.0.0.0:43074, c652e2ee-3322-4406-8db6-1ea643cb3197:0.0.0.0:42129], old=null
2019-10-18 11:24:52,370 [grpc-default-executor-3] INFO  impl.RaftServerImpl (RaftServerImpl.java:setRole(184)) - 54aabb14-4a7d-4ab3-adbe-2e67760b87f4@group-7E32184879DE: changes role from  FOLLOWER to FOLLOWER at term 297 for recognizeCandidate:f535bb4a-cba0-4f9b-9e3e-e4a48b3eda51
2019-10-18 11:24:52,370 [grpc-default-executor-3] INFO  impl.RoleInfo (RoleInfo.java:shutdownFollowerState(121)) - 54aabb14-4a7d-4ab3-adbe-2e67760b87f4: shutdown FollowerState
2019-10-18 11:24:52,370 [grpc-default-executor-1] INFO  impl.RaftServerImpl (RaftServerImpl.java:setRole(184)) - c652e2ee-3322-4406-8db6-1ea643cb3197@group-7E32184879DE: changes role from  FOLLOWER to FOLLOWER at term 297 for recognizeCandidate:f535bb4a-cba0-4f9b-9e3e-e4a48b3eda51
2019-10-18 11:24:52,370 [Thread-1795] INFO  impl.FollowerState (FollowerState.java:run(117)) - 54aabb14-4a7d-4ab3-adbe-2e67760b87f4@group-7E32184879DE-FollowerState was interrupted: java.lang.InterruptedException: sleep interrupted
2019-10-18 11:24:52,370 [grpc-default-executor-3] INFO  impl.RoleInfo (RoleInfo.java:updateAndGet(143)) - 54aabb14-4a7d-4ab3-adbe-2e67760b87f4: start FollowerState
2019-10-18 11:24:52,370 [grpc-default-executor-1] INFO  impl.RoleInfo (RoleInfo.java:shutdownFollowerState(121)) - c652e2ee-3322-4406-8db6-1ea643cb3197: shutdown FollowerState
2019-10-18 11:24:52,370 [grpc-default-executor-1] INFO  impl.RoleInfo (RoleInfo.java:updateAndGet(143)) - c652e2ee-3322-4406-8db6-1ea643cb3197: start FollowerState
2019-10-18 11:24:52,371 [Thread-1796] INFO  impl.FollowerState (FollowerState.java:run(117)) - c652e2ee-3322-4406-8db6-1ea643cb3197@group-7E32184879DE-FollowerState was interrupted: java.lang.InterruptedException: sleep interrupted
2019-10-18 11:24:52,393 [f535bb4a-cba0-4f9b-9e3e-e4a48b3eda51@group-7E32184879DE-LeaderElection251] INFO  impl.LeaderElection (LeaderElection.java:logAndReturn(56)) - f535bb4a-cba0-4f9b-9e3e-e4a48b3eda51@group-7E32184879DE-LeaderElection251: Election REJECTED; received 2 response(s) [f535bb4a-cba0-4f9b-9e3e-e4a48b3eda51<-54aabb14-4a7d-4ab3-adbe-2e67760b87f4#0:FAIL-t297, f535bb4a-cba0-4f9b-9e3e-e4a48b3eda51<-c652e2ee-3322-4406-8db6-1ea643cb3197#0:FAIL-t297] and 0 exception(s); f535bb4a-cba0-4f9b-9e3e-e4a48b3eda51@group-7E32184879DE:t297, leader=null, voted=f535bb4a-cba0-4f9b-9e3e-e4a48b3eda51, raftlog=f535bb4a-cba0-4f9b-9e3e-e4a48b3eda51@group-7E32184879DE-SegmentedRaftLog:OPENED:c-1,f-1,i0, conf=-1: [f535bb4a-cba0-4f9b-9e3e-e4a48b3eda51:0.0.0.0:44706, 54aabb14-4a7d-4ab3-adbe-2e67760b87f4:0.0.0.0:43074, c652e2ee-3322-4406-8db6-1ea643cb3197:0.0.0.0:42129], old=null
2019-10-18 11:24:52,393 [f535bb4a-cba0-4f9b-9e3e-e4a48b3eda51@group-7E32184879DE-LeaderElection251] INFO  impl.RaftServerImpl (RaftServerImpl.java:setRole(184)) - f535bb4a-cba0-4f9b-9e3e-e4a48b3eda51@group-7E32184879DE: changes role from CANDIDATE to FOLLOWER at term 297 for DISCOVERED_A_NEW_TERM
2019-10-18 11:24:52,394 [f535bb4a-cba0-4f9b-9e3e-e4a48b3eda51@group-7E32184879DE-LeaderElection251] INFO  impl.RoleInfo (RoleInfo.java:shutdownLeaderElection(134)) - f535bb4a-cba0-4f9b-9e3e-e4a48b3eda51: shutdown LeaderElection
2019-10-18 11:24:52,394 [f535bb4a-cba0-4f9b-9e3e-e4a48b3eda51@group-7E32184879DE-LeaderElection251] INFO  impl.RoleInfo (RoleInfo.java:updateAndGet(143)) - f535bb4a-cba0-4f9b-9e3e-e4a48b3eda51: start FollowerState
2019-10-18 11:24:52,426 [Thread-1805] INFO  impl.FollowerState (FollowerState.java:run(108)) - f535bb4a-cba0-4f9b-9e3e-e4a48b3eda51@group-7E32184879DE-FollowerState: change to CANDIDATE, lastRpcTime:32ms, electionTimeout:32ms
2019-10-18 11:24:52,426 [Thread-1805] INFO  impl.RoleInfo (RoleInfo.java:shutdownFollowerState(121)) - f535bb4a-cba0-4f9b-9e3e-e4a48b3eda51: shutdown FollowerState
2019-10-18 11:24:52,426 [Thread-1805] INFO  impl.RaftServerImpl (RaftServerImpl.java:setRole(184)) - f535bb4a-cba0-4f9b-9e3e-e4a48b3eda51@group-7E32184879DE: changes role from  FOLLOWER to CANDIDATE at term 297 for changeToCandidate
2019-10-18 11:24:52,426 [Thread-1805] INFO  impl.RoleInfo (RoleInfo.java:updateAndGet(143)) - f535bb4a-cba0-4f9b-9e3e-e4a48b3eda51: start LeaderElection
2019-10-18 11:24:52,451 [f535bb4a-cba0-4f9b-9e3e-e4a48b3eda51@group-7E32184879DE-LeaderElection252] INFO  impl.LeaderElection (LeaderElection.java:askForVotes(178)) - f535bb4a-cba0-4f9b-9e3e-e4a48b3eda51@group-7E32184879DE-LeaderElection252: begin an election at term 298 for -1: [f535bb4a-cba0-4f9b-9e3e-e4a48b3eda51:0.0.0.0:44706, 54aabb14-4a7d-4ab3-adbe-2e67760b87f4:0.0.0.0:43074, c652e2ee-3322-4406-8db6-1ea643cb3197:0.0.0.0:42129], old=null
2019-10-18 11:24:52,453 [grpc-default-executor-3] INFO  impl.RaftServerImpl (RaftServerImpl.java:setRole(184)) - 54aabb14-4a7d-4ab3-adbe-2e67760b87f4@group-7E32184879DE: changes role from  FOLLOWER to FOLLOWER at term 298 for recognizeCandidate:f535bb4a-cba0-4f9b-9e3e-e4a48b3eda51
2019-10-18 11:24:52,453 [grpc-default-executor-1] INFO  impl.RaftServerImpl (RaftServerImpl.java:setRole(184)) - c652e2ee-3322-4406-8db6-1ea643cb3197@group-7E32184879DE: changes role from  FOLLOWER to FOLLOWER at term 298 for recognizeCandidate:f535bb4a-cba0-4f9b-9e3e-e4a48b3eda51
2019-10-18 11:24:52,453 [grpc-default-executor-3] INFO  impl.RoleInfo (RoleInfo.java:shutdownFollowerState(121)) - 54aabb14-4a7d-4ab3-adbe-2e67760b87f4: shutdown FollowerState
2019-10-18 11:24:52,454 [grpc-default-executor-1] INFO  impl.RoleInfo (RoleInfo.java:shutdownFollowerState(121)) - c652e2ee-3322-4406-8db6-1ea643cb3197: shutdown FollowerState
2019-10-18 11:24:52,454 [Thread-1803] INFO  impl.FollowerState (FollowerState.java:run(117)) - 54aabb14-4a7d-4ab3-adbe-2e67760b87f4@group-7E32184879DE-FollowerState was interrupted: java.lang.InterruptedException: sleep interrupted
2019-10-18 11:24:52,454 [grpc-default-executor-3] INFO  impl.RoleInfo (RoleInfo.java:updateAndGet(143)) - 54aabb14-4a7d-4ab3-adbe-2e67760b87f4: start FollowerState
2019-10-18 11:24:52,454 [Thread-1804] INFO  impl.FollowerState (FollowerState.java:run(117)) - c652e2ee-3322-4406-8db6-1ea643cb3197@group-7E32184879DE-FollowerState was interrupted: java.lang.InterruptedException: sleep interrupted
2019-10-18 11:24:52,454 [grpc-default-executor-1] INFO  impl.RoleInfo (RoleInfo.java:updateAndGet(143)) - c652e2ee-3322-4406-8db6-1ea643cb3197: start FollowerState
2019-10-18 11:24:52,477 [f535bb4a-cba0-4f9b-9e3e-e4a48b3eda51@group-7E32184879DE-LeaderElection252] INFO  impl.LeaderElection (LeaderElection.java:logAndReturn(56)) - f535bb4a-cba0-4f9b-9e3e-e4a48b3eda51@group-7E32184879DE-LeaderElection252: Election REJECTED; received 2 response(s) [f535bb4a-cba0-4f9b-9e3e-e4a48b3eda51<-54aabb14-4a7d-4ab3-adbe-2e67760b87f4#0:FAIL-t298, f535bb4a-cba0-4f9b-9e3e-e4a48b3eda51<-c652e2ee-3322-4406-8db6-1ea643cb3197#0:FAIL-t298] and 0 exception(s); f535bb4a-cba0-4f9b-9e3e-e4a48b3eda51@group-7E32184879DE:t298, leader=null, voted=f535bb4a-cba0-4f9b-9e3e-e4a48b3eda51, raftlog=f535bb4a-cba0-4f9b-9e3e-e4a48b3eda51@group-7E32184879DE-SegmentedRaftLog:OPENED:c-1,f-1,i0, conf=-1: [f535bb4a-cba0-4f9b-9e3e-e4a48b3eda51:0.0.0.0:44706, 54aabb14-4a7d-4ab3-adbe-2e67760b87f4:0.0.0.0:43074, c652e2ee-3322-4406-8db6-1ea643cb3197:0.0.0.0:42129], old=null
2019-10-18 11:24:52,477 [f535bb4a-cba0-4f9b-9e3e-e4a48b3eda51@group-7E32184879DE-LeaderElection252] INFO  impl.RaftServerImpl (RaftServerImpl.java:setRole(184)) - f535bb4a-cba0-4f9b-9e3e-e4a48b3eda51@group-7E32184879DE: changes role from CANDIDATE to FOLLOWER at term 298 for DISCOVERED_A_NEW_TERM
2019-10-18 11:24:52,478 [f535bb4a-cba0-4f9b-9e3e-e4a48b3eda51@group-7E32184879DE-LeaderElection252] INFO  impl.RoleInfo (RoleInfo.java:shutdownLeaderElection(134)) - f535bb4a-cba0-4f9b-9e3e-e4a48b3eda51: shutdown LeaderElection
2019-10-18 11:24:52,478 [f535bb4a-cba0-4f9b-9e3e-e4a48b3eda51@group-7E32184879DE-LeaderElection252] INFO  impl.RoleInfo (RoleInfo.java:updateAndGet(143)) - f535bb4a-cba0-4f9b-9e3e-e4a48b3eda51: start FollowerState
2019-10-18 11:24:52,568 [Thread-1811] INFO  impl.FollowerState (FollowerState.java:run(108)) - f535bb4a-cba0-4f9b-9e3e-e4a48b3eda51@group-7E32184879DE-FollowerState: change to CANDIDATE, lastRpcTime:90ms, electionTimeout:90ms
2019-10-18 11:24:52,568 [Thread-1811] INFO  impl.RoleInfo (RoleInfo.java:shutdownFollowerState(121)) - f535bb4a-cba0-4f9b-9e3e-e4a48b3eda51: shutdown FollowerState
2019-10-18 11:24:52,568 [Thread-1811] INFO  impl.RaftServerImpl (RaftServerImpl.java:setRole(184)) - f535bb4a-cba0-4f9b-9e3e-e4a48b3eda51@group-7E32184879DE: changes role from  FOLLOWER to CANDIDATE at term 298 for changeToCandidate
2019-10-18 11:24:52,568 [Thread-1811] INFO  impl.RoleInfo (RoleInfo.java:updateAndGet(143)) - f535bb4a-cba0-4f9b-9e3e-e4a48b3eda51: start LeaderElection
2019-10-18 11:24:52,594 [f535bb4a-cba0-4f9b-9e3e-e4a48b3eda51@group-7E32184879DE-LeaderElection253] INFO  impl.LeaderElection (LeaderElection.java:askForVotes(178)) - f535bb4a-cba0-4f9b-9e3e-e4a48b3eda51@group-7E32184879DE-LeaderElection253: begin an election at term 299 for -1: [f535bb4a-cba0-4f9b-9e3e-e4a48b3eda51:0.0.0.0:44706, 54aabb14-4a7d-4ab3-adbe-2e67760b87f4:0.0.0.0:43074, c652e2ee-3322-4406-8db6-1ea643cb3197:0.0.0.0:42129], old=null
2019-10-18 11:24:52,595 [grpc-default-executor-3] INFO  impl.RaftServerImpl (RaftServerImpl.java:setRole(184)) - 54aabb14-4a7d-4ab3-adbe-2e67760b87f4@group-7E32184879DE: changes role from  FOLLOWER to FOLLOWER at term 299 for recognizeCandidate:f535bb4a-cba0-4f9b-9e3e-e4a48b3eda51
2019-10-18 11:24:52,595 [grpc-default-executor-1] INFO  impl.RaftServerImpl (RaftServerImpl.java:setRole(184)) - c652e2ee-3322-4406-8db6-1ea643cb3197@group-7E32184879DE: changes role from  FOLLOWER to FOLLOWER at term 299 for recognizeCandidate:f535bb4a-cba0-4f9b-9e3e-e4a48b3eda51
2019-10-18 11:24:52,596 [grpc-default-executor-3] INFO  impl.RoleInfo (RoleInfo.java:shutdownFollowerState(121)) - 54aabb14-4a7d-4ab3-adbe-2e67760b87f4: shutdown FollowerState
2019-10-18 11:24:52,596 [grpc-default-executor-1] INFO  impl.RoleInfo (RoleInfo.java:shutdownFollowerState(121)) - c652e2ee-3322-4406-8db6-1ea643cb3197: shutdown FollowerState
2019-10-18 11:24:52,596 [grpc-default-executor-1] INFO  impl.RoleInfo (RoleInfo.java:updateAndGet(143)) - c652e2ee-3322-4406-8db6-1ea643cb3197: start FollowerState
2019-10-18 11:24:52,596 [Thread-1809] INFO  impl.FollowerState (FollowerState.java:run(117)) - 54aabb14-4a7d-4ab3-adbe-2e67760b87f4@group-7E32184879DE-FollowerState was interrupted: java.lang.InterruptedException: sleep interrupted
2019-10-18 11:24:52,596 [grpc-default-executor-3] INFO  impl.RoleInfo (RoleInfo.java:updateAndGet(143)) - 54aabb14-4a7d-4ab3-adbe-2e67760b87f4: start FollowerState
2019-10-18 11:24:52,596 [Thread-1810] INFO  impl.FollowerState (FollowerState.java:run(117)) - c652e2ee-3322-4406-8db6-1ea643cb3197@group-7E32184879DE-FollowerState was interrupted: java.lang.InterruptedException: sleep interrupted
2019-10-18 11:24:52,620 [f535bb4a-cba0-4f9b-9e3e-e4a48b3eda51@group-7E32184879DE-LeaderElection253] INFO  impl.LeaderElection (LeaderElection.java:logAndReturn(56)) - f535bb4a-cba0-4f9b-9e3e-e4a48b3eda51@group-7E32184879DE-LeaderElection253: Election REJECTED; received 2 response(s) [f535bb4a-cba0-4f9b-9e3e-e4a48b3eda51<-54aabb14-4a7d-4ab3-adbe-2e67760b87f4#0:FAIL-t299, f535bb4a-cba0-4f9b-9e3e-e4a48b3eda51<-c652e2ee-3322-4406-8db6-1ea643cb3197#0:FAIL-t299] and 0 exception(s); f535bb4a-cba0-4f9b-9e3e-e4a48b3eda51@group-7E32184879DE:t299, leader=null, voted=f535bb4a-cba0-4f9b-9e3e-e4a48b3eda51, raftlog=f535bb4a-cba0-4f9b-9e3e-e4a48b3eda51@group-7E32184879DE-SegmentedRaftLog:OPENED:c-1,f-1,i0, conf=-1: [f535bb4a-cba0-4f9b-9e3e-e4a48b3eda51:0.0.0.0:44706, 54aabb14-4a7d-4ab3-adbe-2e67760b87f4:0.0.0.0:43074, c652e2ee-3322-4406-8db6-1ea643cb3197:0.0.0.0:42129], old=null
2019-10-18 11:24:52,620 [f535bb4a-cba0-4f9b-9e3e-e4a48b3eda51@group-7E32184879DE-LeaderElection253] INFO  impl.RaftServerImpl (RaftServerImpl.java:setRole(184)) - f535bb4a-cba0-4f9b-9e3e-e4a48b3eda51@group-7E32184879DE: changes role from CANDIDATE to FOLLOWER at term 299 for DISCOVERED_A_NEW_TERM
2019-10-18 11:24:52,620 [f535bb4a-cba0-4f9b-9e3e-e4a48b3eda51@group-7E32184879DE-LeaderElection253] INFO  impl.RoleInfo (RoleInfo.java:shutdownLeaderElection(134)) - f535bb4a-cba0-4f9b-9e3e-e4a48b3eda51: shutdown LeaderElection
2019-10-18 11:24:52,620 [f535bb4a-cba0-4f9b-9e3e-e4a48b3eda51@group-7E32184879DE-LeaderElection253] INFO  impl.RoleInfo (RoleInfo.java:updateAndGet(143)) - f535bb4a-cba0-4f9b-9e3e-e4a48b3eda51: start FollowerState
2019-10-18 11:24:52,789 [Thread-1817] INFO  impl.FollowerState (FollowerState.java:run(108)) - f535bb4a-cba0-4f9b-9e3e-e4a48b3eda51@group-7E32184879DE-FollowerState: change to CANDIDATE, lastRpcTime:168ms, electionTimeout:168ms
2019-10-18 11:24:52,789 [Thread-1817] INFO  impl.RoleInfo (RoleInfo.java:shutdownFollowerState(121)) - f535bb4a-cba0-4f9b-9e3e-e4a48b3eda51: shutdown FollowerState
2019-10-18 11:24:52,789 [Thread-1817] INFO  impl.RaftServerImpl (RaftServerImpl.java:setRole(184)) - f535bb4a-cba0-4f9b-9e3e-e4a48b3eda51@group-7E32184879DE: changes role from  FOLLOWER to CANDIDATE at term 299 for changeToCandidate
2019-10-18 11:24:52,789 [Thread-1817] INFO  impl.RoleInfo (RoleInfo.java:updateAndGet(143)) - f535bb4a-cba0-4f9b-9e3e-e4a48b3eda51: start LeaderElection
2019-10-18 11:24:52,819 [f535bb4a-cba0-4f9b-9e3e-e4a48b3eda51@group-7E32184879DE-LeaderElection254] INFO  impl.LeaderElection (LeaderElection.java:askForVotes(178)) - f535bb4a-cba0-4f9b-9e3e-e4a48b3eda51@group-7E32184879DE-LeaderElection254: begin an election at term 300 for -1: [f535bb4a-cba0-4f9b-9e3e-e4a48b3eda51:0.0.0.0:44706, 54aabb14-4a7d-4ab3-adbe-2e67760b87f4:0.0.0.0:43074, c652e2ee-3322-4406-8db6-1ea643cb3197:0.0.0.0:42129], old=null
2019-10-18 11:24:52,821 [grpc-default-executor-3] INFO  impl.RaftServerImpl (RaftServerImpl.java:setRole(184)) - 54aabb14-4a7d-4ab3-adbe-2e67760b87f4@group-7E32184879DE: changes role from  FOLLOWER to FOLLOWER at term 300 for recognizeCandidate:f535bb4a-cba0-4f9b-9e3e-e4a48b3eda51
2019-10-18 11:24:52,821 [grpc-default-executor-1] INFO  impl.RaftServerImpl (RaftServerImpl.java:setRole(184)) - c652e2ee-3322-4406-8db6-1ea643cb3197@group-7E32184879DE: changes role from  FOLLOWER to FOLLOWER at term 300 for recognizeCandidate:f535bb4a-cba0-4f9b-9e3e-e4a48b3eda51
2019-10-18 11:24:52,822 [grpc-default-executor-3] INFO  impl.RoleInfo (RoleInfo.java:shutdownFollowerState(121)) - 54aabb14-4a7d-4ab3-adbe-2e67760b87f4: shutdown FollowerState
2019-10-18 11:24:52,822 [grpc-default-executor-1] INFO  impl.RoleInfo (RoleInfo.java:shutdownFollowerState(121)) - c652e2ee-3322-4406-8db6-1ea643cb3197: shutdown FollowerState
2019-10-18 11:24:52,822 [Thread-1815] INFO  impl.FollowerState (FollowerState.java:run(117)) - 54aabb14-4a7d-4ab3-adbe-2e67760b87f4@group-7E32184879DE-FollowerState was interrupted: java.lang.InterruptedException: sleep interrupted
2019-10-18 11:24:52,822 [Thread-1816] INFO  impl.FollowerState (FollowerState.java:run(117)) - c652e2ee-3322-4406-8db6-1ea643cb3197@group-7E32184879DE-FollowerState was interrupted: java.lang.InterruptedException: sleep interrupted
2019-10-18 11:24:52,822 [grpc-default-executor-3] INFO  impl.RoleInfo (RoleInfo.java:updateAndGet(143)) - 54aabb14-4a7d-4ab3-adbe-2e67760b87f4: start FollowerState
2019-10-18 11:24:52,822 [grpc-default-executor-1] INFO  impl.RoleInfo (RoleInfo.java:updateAndGet(143)) - c652e2ee-3322-4406-8db6-1ea643cb3197: start FollowerState
2019-10-18 11:24:52,846 [f535bb4a-cba0-4f9b-9e3e-e4a48b3eda51@group-7E32184879DE-LeaderElection254] INFO  impl.LeaderElection (LeaderElection.java:logAndReturn(56)) - f535bb4a-cba0-4f9b-9e3e-e4a48b3eda51@group-7E32184879DE-LeaderElection254: Election REJECTED; received 2 response(s) [f535bb4a-cba0-4f9b-9e3e-e4a48b3eda51<-54aabb14-4a7d-4ab3-adbe-2e67760b87f4#0:FAIL-t300, f535bb4a-cba0-4f9b-9e3e-e4a48b3eda51<-c652e2ee-3322-4406-8db6-1ea643cb3197#0:FAIL-t300] and 0 exception(s); f535bb4a-cba0-4f9b-9e3e-e4a48b3eda51@group-7E32184879DE:t300, leader=null, voted=f535bb4a-cba0-4f9b-9e3e-e4a48b3eda51, raftlog=f535bb4a-cba0-4f9b-9e3e-e4a48b3eda51@group-7E32184879DE-SegmentedRaftLog:OPENED:c-1,f-1,i0, conf=-1: [f535bb4a-cba0-4f9b-9e3e-e4a48b3eda51:0.0.0.0:44706, 54aabb14-4a7d-4ab3-adbe-2e67760b87f4:0.0.0.0:43074, c652e2ee-3322-4406-8db6-1ea643cb3197:0.0.0.0:42129], old=null
2019-10-18 11:24:52,846 [f535bb4a-cba0-4f9b-9e3e-e4a48b3eda51@group-7E32184879DE-LeaderElection254] INFO  impl.RaftServerImpl (RaftServerImpl.java:setRole(184)) - f535bb4a-cba0-4f9b-9e3e-e4a48b3eda51@group-7E32184879DE: changes role from CANDIDATE to FOLLOWER at term 300 for DISCOVERED_A_NEW_TERM
2019-10-18 11:24:52,846 [f535bb4a-cba0-4f9b-9e3e-e4a48b3eda51@group-7E32184879DE-LeaderElection254] INFO  impl.RoleInfo (RoleInfo.java:shutdownLeaderElection(134)) - f535bb4a-cba0-4f9b-9e3e-e4a48b3eda51: shutdown LeaderElection
2019-10-18 11:24:52,846 [f535bb4a-cba0-4f9b-9e3e-e4a48b3eda51@group-7E32184879DE-LeaderElection254] INFO  impl.RoleInfo (RoleInfo.java:updateAndGet(143)) - f535bb4a-cba0-4f9b-9e3e-e4a48b3eda51: start FollowerState
2019-10-18 11:24:53,028 [Thread-1823] INFO  impl.FollowerState (FollowerState.java:run(108)) - f535bb4a-cba0-4f9b-9e3e-e4a48b3eda51@group-7E32184879DE-FollowerState: change to CANDIDATE, lastRpcTime:182ms, electionTimeout:182ms
2019-10-18 11:24:53,029 [Thread-1823] INFO  impl.RoleInfo (RoleInfo.java:shutdownFollowerState(121)) - f535bb4a-cba0-4f9b-9e3e-e4a48b3eda51: shutdown FollowerState
2019-10-18 11:24:53,029 [Thread-1823] INFO  impl.RaftServerImpl (RaftServerImpl.java:setRole(184)) - f535bb4a-cba0-4f9b-9e3e-e4a48b3eda51@group-7E32184879DE: changes role from  FOLLOWER to CANDIDATE at term 300 for changeToCandidate
2019-10-18 11:24:53,029 [Thread-1823] INFO  impl.RoleInfo (RoleInfo.java:updateAndGet(143)) - f535bb4a-cba0-4f9b-9e3e-e4a48b3eda51: start LeaderElection
2019-10-18 11:24:53,062 [f535bb4a-cba0-4f9b-9e3e-e4a48b3eda51@group-7E32184879DE-LeaderElection255] INFO  impl.LeaderElection (LeaderElection.java:askForVotes(178)) - f535bb4a-cba0-4f9b-9e3e-e4a48b3eda51@group-7E32184879DE-LeaderElection255: begin an election at term 301 for -1: [f535bb4a-cba0-4f9b-9e3e-e4a48b3eda51:0.0.0.0:44706, 54aabb14-4a7d-4ab3-adbe-2e67760b87f4:0.0.0.0:43074, c652e2ee-3322-4406-8db6-1ea643cb3197:0.0.0.0:42129], old=null
2019-10-18 11:24:53,065 [grpc-default-executor-3] INFO  impl.RaftServerImpl (RaftServerImpl.java:setRole(184)) - 54aabb14-4a7d-4ab3-adbe-2e67760b87f4@group-7E32184879DE: changes role from  FOLLOWER to FOLLOWER at term 301 for recognizeCandidate:f535bb4a-cba0-4f9b-9e3e-e4a48b3eda51
2019-10-18 11:24:53,065 [grpc-default-executor-1] INFO  impl.RaftServerImpl (RaftServerImpl.java:setRole(184)) - c652e2ee-3322-4406-8db6-1ea643cb3197@group-7E32184879DE: changes role from  FOLLOWER to FOLLOWER at term 301 for recognizeCandidate:f535bb4a-cba0-4f9b-9e3e-e4a48b3eda51
2019-10-18 11:24:53,065 [grpc-default-executor-3] INFO  impl.RoleInfo (RoleInfo.java:shutdownFollowerState(121)) - 54aabb14-4a7d-4ab3-adbe-2e67760b87f4: shutdown FollowerState
2019-10-18 11:24:53,066 [grpc-default-executor-1] INFO  impl.RoleInfo (RoleInfo.java:shutdownFollowerState(121)) - c652e2ee-3322-4406-8db6-1ea643cb3197: shutdown FollowerState
2019-10-18 11:24:53,066 [Thread-1821] INFO  impl.FollowerState (FollowerState.java:run(117)) - 54aabb14-4a7d-4ab3-adbe-2e67760b87f4@group-7E32184879DE-FollowerState was interrupted: java.lang.InterruptedException: sleep interrupted
2019-10-18 11:24:53,066 [grpc-default-executor-3] INFO  impl.RoleInfo (RoleInfo.java:updateAndGet(143)) - 54aabb14-4a7d-4ab3-adbe-2e67760b87f4: start FollowerState
2019-10-18 11:24:53,066 [Thread-1822] INFO  impl.FollowerState (FollowerState.java:run(117)) - c652e2ee-3322-4406-8db6-1ea643cb3197@group-7E32184879DE-FollowerState was interrupted: java.lang.InterruptedException: sleep interrupted
2019-10-18 11:24:53,066 [grpc-default-executor-1] INFO  impl.RoleInfo (RoleInfo.java:updateAndGet(143)) - c652e2ee-3322-4406-8db6-1ea643cb3197: start FollowerState
2019-10-18 11:24:53,074 [f535bb4a-cba0-4f9b-9e3e-e4a48b3eda51@group-7E32184879DE-LeaderElection255] INFO  impl.LeaderElection (LeaderElection.java:logAndReturn(56)) - f535bb4a-cba0-4f9b-9e3e-e4a48b3eda51@group-7E32184879DE-LeaderElection255: Election TIMEOUT; received 0 response(s) [] and 0 exception(s); f535bb4a-cba0-4f9b-9e3e-e4a48b3eda51@group-7E32184879DE:t301, leader=null, voted=f535bb4a-cba0-4f9b-9e3e-e4a48b3eda51, raftlog=f535bb4a-cba0-4f9b-9e3e-e4a48b3eda51@group-7E32184879DE-SegmentedRaftLog:OPENED:c-1,f-1,i0, conf=-1: [f535bb4a-cba0-4f9b-9e3e-e4a48b3eda51:0.0.0.0:44706, 54aabb14-4a7d-4ab3-adbe-2e67760b87f4:0.0.0.0:43074, c652e2ee-3322-4406-8db6-1ea643cb3197:0.0.0.0:42129], old=null
2019-10-18 11:24:53,095 [f535bb4a-cba0-4f9b-9e3e-e4a48b3eda51@group-7E32184879DE-LeaderElection255] INFO  impl.LeaderElection (LeaderElection.java:askForVotes(178)) - f535bb4a-cba0-4f9b-9e3e-e4a48b3eda51@group-7E32184879DE-LeaderElection255: begin an election at term 302 for -1: [f535bb4a-cba0-4f9b-9e3e-e4a48b3eda51:0.0.0.0:44706, 54aabb14-4a7d-4ab3-adbe-2e67760b87f4:0.0.0.0:43074, c652e2ee-3322-4406-8db6-1ea643cb3197:0.0.0.0:42129], old=null
2019-10-18 11:24:53,097 [grpc-default-executor-3] INFO  impl.RaftServerImpl (RaftServerImpl.java:setRole(184)) - 54aabb14-4a7d-4ab3-adbe-2e67760b87f4@group-7E32184879DE: changes role from  FOLLOWER to FOLLOWER at term 302 for recognizeCandidate:f535bb4a-cba0-4f9b-9e3e-e4a48b3eda51
2019-10-18 11:24:53,097 [grpc-default-executor-3] INFO  impl.RoleInfo (RoleInfo.java:shutdownFollowerState(121)) - 54aabb14-4a7d-4ab3-adbe-2e67760b87f4: shutdown FollowerState
2019-10-18 11:24:53,097 [grpc-default-executor-1] INFO  impl.RaftServerImpl (RaftServerImpl.java:setRole(184)) - c652e2ee-3322-4406-8db6-1ea643cb3197@group-7E32184879DE: changes role from  FOLLOWER to FOLLOWER at term 302 for recognizeCandidate:f535bb4a-cba0-4f9b-9e3e-e4a48b3eda51
2019-10-18 11:24:53,097 [Thread-1827] INFO  impl.FollowerState (FollowerState.java:run(117)) - 54aabb14-4a7d-4ab3-adbe-2e67760b87f4@group-7E32184879DE-FollowerState was interrupted: java.lang.InterruptedException: sleep interrupted
2019-10-18 11:24:53,097 [grpc-default-executor-3] INFO  impl.RoleInfo (RoleInfo.java:updateAndGet(143)) - 54aabb14-4a7d-4ab3-adbe-2e67760b87f4: start FollowerState
2019-10-18 11:24:53,098 [grpc-default-executor-1] INFO  impl.RoleInfo (RoleInfo.java:shutdownFollowerState(121)) - c652e2ee-3322-4406-8db6-1ea643cb3197: shutdown FollowerState
2019-10-18 11:24:53,098 [grpc-default-executor-1] INFO  impl.RoleInfo (RoleInfo.java:updateAndGet(143)) - c652e2ee-3322-4406-8db6-1ea643cb3197: start FollowerState
2019-10-18 11:24:53,098 [Thread-1828] INFO  impl.FollowerState (FollowerState.java:run(117)) - c652e2ee-3322-4406-8db6-1ea643cb3197@group-7E32184879DE-FollowerState was interrupted: java.lang.InterruptedException: sleep interrupted
2019-10-18 11:24:53,116 [f535bb4a-cba0-4f9b-9e3e-e4a48b3eda51@group-7E32184879DE-LeaderElection255] INFO  impl.LeaderElection (LeaderElection.java:logAndReturn(56)) - f535bb4a-cba0-4f9b-9e3e-e4a48b3eda51@group-7E32184879DE-LeaderElection255: Election TIMEOUT; received 0 response(s) [] and 0 exception(s); f535bb4a-cba0-4f9b-9e3e-e4a48b3eda51@group-7E32184879DE:t302, leader=null, voted=f535bb4a-cba0-4f9b-9e3e-e4a48b3eda51, raftlog=f535bb4a-cba0-4f9b-9e3e-e4a48b3eda51@group-7E32184879DE-SegmentedRaftLog:OPENED:c-1,f-1,i0, conf=-1: [f535bb4a-cba0-4f9b-9e3e-e4a48b3eda51:0.0.0.0:44706, 54aabb14-4a7d-4ab3-adbe-2e67760b87f4:0.0.0.0:43074, c652e2ee-3322-4406-8db6-1ea643cb3197:0.0.0.0:42129], old=null
2019-10-18 11:24:53,138 [f535bb4a-cba0-4f9b-9e3e-e4a48b3eda51@group-7E32184879DE-LeaderElection255] INFO  impl.LeaderElection (LeaderElection.java:askForVotes(178)) - f535bb4a-cba0-4f9b-9e3e-e4a48b3eda51@group-7E32184879DE-LeaderElection255: begin an election at term 303 for -1: [f535bb4a-cba0-4f9b-9e3e-e4a48b3eda51:0.0.0.0:44706, 54aabb14-4a7d-4ab3-adbe-2e67760b87f4:0.0.0.0:43074, c652e2ee-3322-4406-8db6-1ea643cb3197:0.0.0.0:42129], old=null
2019-10-18 11:24:53,139 [grpc-default-executor-1] INFO  impl.RaftServerImpl (RaftServerImpl.java:setRole(184)) - 54aabb14-4a7d-4ab3-adbe-2e67760b87f4@group-7E32184879DE: changes role from  FOLLOWER to FOLLOWER at term 303 for recognizeCandidate:f535bb4a-cba0-4f9b-9e3e-e4a48b3eda51
2019-10-18 11:24:53,139 [grpc-default-executor-1] INFO  impl.RoleInfo (RoleInfo.java:shutdownFollowerState(121)) - 54aabb14-4a7d-4ab3-adbe-2e67760b87f4: shutdown FollowerState
2019-10-18 11:24:53,139 [grpc-default-executor-3] INFO  impl.RaftServerImpl (RaftServerImpl.java:setRole(184)) - c652e2ee-3322-4406-8db6-1ea643cb3197@group-7E32184879DE: changes role from  FOLLOWER to FOLLOWER at term 303 for recognizeCandidate:f535bb4a-cba0-4f9b-9e3e-e4a48b3eda51
2019-10-18 11:24:53,140 [Thread-1831] INFO  impl.FollowerState (FollowerState.java:run(117)) - 54aabb14-4a7d-4ab3-adbe-2e67760b87f4@group-7E32184879DE-FollowerState was interrupted: java.lang.InterruptedException: sleep interrupted
2019-10-18 11:24:53,140 [grpc-default-executor-1] INFO  impl.RoleInfo (RoleInfo.java:updateAndGet(143)) - 54aabb14-4a7d-4ab3-adbe-2e67760b87f4: start FollowerState
2019-10-18 11:24:53,140 [grpc-default-executor-3] INFO  impl.RoleInfo (RoleInfo.java:shutdownFollowerState(121)) - c652e2ee-3322-4406-8db6-1ea643cb3197: shutdown FollowerState
2019-10-18 11:24:53,140 [grpc-default-executor-3] INFO  impl.RoleInfo (RoleInfo.java:updateAndGet(143)) - c652e2ee-3322-4406-8db6-1ea643cb3197: start FollowerState
2019-10-18 11:24:53,140 [Thread-1832] INFO  impl.FollowerState (FollowerState.java:run(117)) - c652e2ee-3322-4406-8db6-1ea643cb3197@group-7E32184879DE-FollowerState was interrupted: java.lang.InterruptedException: sleep interrupted
2019-10-18 11:24:53,164 [f535bb4a-cba0-4f9b-9e3e-e4a48b3eda51@group-7E32184879DE-LeaderElection255] INFO  impl.LeaderElection (LeaderElection.java:logAndReturn(56)) - f535bb4a-cba0-4f9b-9e3e-e4a48b3eda51@group-7E32184879DE-LeaderElection255: Election REJECTED; received 2 response(s) [f535bb4a-cba0-4f9b-9e3e-e4a48b3eda51<-54aabb14-4a7d-4ab3-adbe-2e67760b87f4#0:FAIL-t303, f535bb4a-cba0-4f9b-9e3e-e4a48b3eda51<-c652e2ee-3322-4406-8db6-1ea643cb3197#0:FAIL-t303] and 0 exception(s); f535bb4a-cba0-4f9b-9e3e-e4a48b3eda51@group-7E32184879DE:t303, leader=null, voted=f535bb4a-cba0-4f9b-9e3e-e4a48b3eda51, raftlog=f535bb4a-cba0-4f9b-9e3e-e4a48b3eda51@group-7E32184879DE-SegmentedRaftLog:OPENED:c-1,f-1,i0, conf=-1: [f535bb4a-cba0-4f9b-9e3e-e4a48b3eda51:0.0.0.0:44706, 54aabb14-4a7d-4ab3-adbe-2e67760b87f4:0.0.0.0:43074, c652e2ee-3322-4406-8db6-1ea643cb3197:0.0.0.0:42129], old=null
2019-10-18 11:24:53,164 [f535bb4a-cba0-4f9b-9e3e-e4a48b3eda51@group-7E32184879DE-LeaderElection255] INFO  impl.RaftServerImpl (RaftServerImpl.java:setRole(184)) - f535bb4a-cba0-4f9b-9e3e-e4a48b3eda51@group-7E32184879DE: changes role from CANDIDATE to FOLLOWER at term 303 for DISCOVERED_A_NEW_TERM
2019-10-18 11:24:53,164 [f535bb4a-cba0-4f9b-9e3e-e4a48b3eda51@group-7E32184879DE-LeaderElection255] INFO  impl.RoleInfo (RoleInfo.java:shutdownLeaderElection(134)) - f535bb4a-cba0-4f9b-9e3e-e4a48b3eda51: shutdown LeaderElection
2019-10-18 11:24:53,164 [f535bb4a-cba0-4f9b-9e3e-e4a48b3eda51@group-7E32184879DE-LeaderElection255] INFO  impl.RoleInfo (RoleInfo.java:updateAndGet(143)) - f535bb4a-cba0-4f9b-9e3e-e4a48b3eda51: start FollowerState
2019-10-18 11:24:53,263 [Thread-1837] INFO  impl.FollowerState (FollowerState.java:run(108)) - f535bb4a-cba0-4f9b-9e3e-e4a48b3eda51@group-7E32184879DE-FollowerState: change to CANDIDATE, lastRpcTime:99ms, electionTimeout:99ms
2019-10-18 11:24:53,263 [Thread-1837] INFO  impl.RoleInfo (RoleInfo.java:shutdownFollowerState(121)) - f535bb4a-cba0-4f9b-9e3e-e4a48b3eda51: shutdown FollowerState
2019-10-18 11:24:53,263 [Thread-1837] INFO  impl.RaftServerImpl (RaftServerImpl.java:setRole(184)) - f535bb4a-cba0-4f9b-9e3e-e4a48b3eda51@group-7E32184879DE: changes role from  FOLLOWER to CANDIDATE at term 303 for changeToCandidate
2019-10-18 11:24:53,264 [Thread-1837] INFO  impl.RoleInfo (RoleInfo.java:updateAndGet(143)) - f535bb4a-cba0-4f9b-9e3e-e4a48b3eda51: start LeaderElection
2019-10-18 11:24:53,289 [f535bb4a-cba0-4f9b-9e3e-e4a48b3eda51@group-7E32184879DE-LeaderElection256] INFO  impl.LeaderElection (LeaderElection.java:askForVotes(178)) - f535bb4a-cba0-4f9b-9e3e-e4a48b3eda51@group-7E32184879DE-LeaderElection256: begin an election at term 304 for -1: [f535bb4a-cba0-4f9b-9e3e-e4a48b3eda51:0.0.0.0:44706, 54aabb14-4a7d-4ab3-adbe-2e67760b87f4:0.0.0.0:43074, c652e2ee-3322-4406-8db6-1ea643cb3197:0.0.0.0:42129], old=null
2019-10-18 11:24:53,290 [grpc-default-executor-1] INFO  impl.RaftServerImpl (RaftServerImpl.java:setRole(184)) - 54aabb14-4a7d-4ab3-adbe-2e67760b87f4@group-7E32184879DE: changes role from  FOLLOWER to FOLLOWER at term 304 for recognizeCandidate:f535bb4a-cba0-4f9b-9e3e-e4a48b3eda51
2019-10-18 11:24:53,290 [grpc-default-executor-1] INFO  impl.RoleInfo (RoleInfo.java:shutdownFollowerState(121)) - 54aabb14-4a7d-4ab3-adbe-2e67760b87f4: shutdown FollowerState
2019-10-18 11:24:53,290 [grpc-default-executor-1] INFO  impl.RoleInfo (RoleInfo.java:updateAndGet(143)) - 54aabb14-4a7d-4ab3-adbe-2e67760b87f4: start FollowerState
2019-10-18 11:24:53,290 [Thread-1835] INFO  impl.FollowerState (FollowerState.java:run(117)) - 54aabb14-4a7d-4ab3-adbe-2e67760b87f4@group-7E32184879DE-FollowerState was interrupted: java.lang.InterruptedException: sleep interrupted
2019-10-18 11:24:53,290 [grpc-default-executor-3] INFO  impl.RaftServerImpl (RaftServerImpl.java:setRole(184)) - c652e2ee-3322-4406-8db6-1ea643cb3197@group-7E32184879DE: changes role from  FOLLOWER to FOLLOWER at term 304 for recognizeCandidate:f535bb4a-cba0-4f9b-9e3e-e4a48b3eda51
2019-10-18 11:24:53,291 [grpc-default-executor-3] INFO  impl.RoleInfo (RoleInfo.java:shutdownFollowerState(121)) - c652e2ee-3322-4406-8db6-1ea643cb3197: shutdown FollowerState
2019-10-18 11:24:53,291 [grpc-default-executor-3] INFO  impl.RoleInfo (RoleInfo.java:updateAndGet(143)) - c652e2ee-3322-4406-8db6-1ea643cb3197: start FollowerState
2019-10-18 11:24:53,291 [Thread-1836] INFO  impl.FollowerState (FollowerState.java:run(117)) - c652e2ee-3322-4406-8db6-1ea643cb3197@group-7E32184879DE-FollowerState was interrupted: java.lang.InterruptedException: sleep interrupted
2019-10-18 11:24:53,315 [f535bb4a-cba0-4f9b-9e3e-e4a48b3eda51@group-7E32184879DE-LeaderElection256] INFO  impl.LeaderElection (LeaderElection.java:logAndReturn(56)) - f535bb4a-cba0-4f9b-9e3e-e4a48b3eda51@group-7E32184879DE-LeaderElection256: Election REJECTED; received 2 response(s) [f535bb4a-cba0-4f9b-9e3e-e4a48b3eda51<-54aabb14-4a7d-4ab3-adbe-2e67760b87f4#0:FAIL-t304, f535bb4a-cba0-4f9b-9e3e-e4a48b3eda51<-c652e2ee-3322-4406-8db6-1ea643cb3197#0:FAIL-t304] and 0 exception(s); f535bb4a-cba0-4f9b-9e3e-e4a48b3eda51@group-7E32184879DE:t304, leader=null, voted=f535bb4a-cba0-4f9b-9e3e-e4a48b3eda51, raftlog=f535bb4a-cba0-4f9b-9e3e-e4a48b3eda51@group-7E32184879DE-SegmentedRaftLog:OPENED:c-1,f-1,i0, conf=-1: [f535bb4a-cba0-4f9b-9e3e-e4a48b3eda51:0.0.0.0:44706, 54aabb14-4a7d-4ab3-adbe-2e67760b87f4:0.0.0.0:43074, c652e2ee-3322-4406-8db6-1ea643cb3197:0.0.0.0:42129], old=null
2019-10-18 11:24:53,315 [f535bb4a-cba0-4f9b-9e3e-e4a48b3eda51@group-7E32184879DE-LeaderElection256] INFO  impl.RaftServerImpl (RaftServerImpl.java:setRole(184)) - f535bb4a-cba0-4f9b-9e3e-e4a48b3eda51@group-7E32184879DE: changes role from CANDIDATE to FOLLOWER at term 304 for DISCOVERED_A_NEW_TERM
2019-10-18 11:24:53,315 [f535bb4a-cba0-4f9b-9e3e-e4a48b3eda51@group-7E32184879DE-LeaderElection256] INFO  impl.RoleInfo (RoleInfo.java:shutdownLeaderElection(134)) - f535bb4a-cba0-4f9b-9e3e-e4a48b3eda51: shutdown LeaderElection
2019-10-18 11:24:53,315 [f535bb4a-cba0-4f9b-9e3e-e4a48b3eda51@group-7E32184879DE-LeaderElection256] INFO  impl.RoleInfo (RoleInfo.java:updateAndGet(143)) - f535bb4a-cba0-4f9b-9e3e-e4a48b3eda51: start FollowerState
2019-10-18 11:24:53,515 [Thread-1843] INFO  impl.FollowerState (FollowerState.java:run(108)) - f535bb4a-cba0-4f9b-9e3e-e4a48b3eda51@group-7E32184879DE-FollowerState: change to CANDIDATE, lastRpcTime:199ms, electionTimeout:199ms
2019-10-18 11:24:53,515 [Thread-1843] INFO  impl.RoleInfo (RoleInfo.java:shutdownFollowerState(121)) - f535bb4a-cba0-4f9b-9e3e-e4a48b3eda51: shutdown FollowerState
2019-10-18 11:24:53,515 [Thread-1843] INFO  impl.RaftServerImpl (RaftServerImpl.java:setRole(184)) - f535bb4a-cba0-4f9b-9e3e-e4a48b3eda51@group-7E32184879DE: changes role from  FOLLOWER to CANDIDATE at term 304 for changeToCandidate
2019-10-18 11:24:53,516 [Thread-1843] INFO  impl.RoleInfo (RoleInfo.java:updateAndGet(143)) - f535bb4a-cba0-4f9b-9e3e-e4a48b3eda51: start LeaderElection
2019-10-18 11:24:53,548 [f535bb4a-cba0-4f9b-9e3e-e4a48b3eda51@group-7E32184879DE-LeaderElection257] INFO  impl.LeaderElection (LeaderElection.java:askForVotes(178)) - f535bb4a-cba0-4f9b-9e3e-e4a48b3eda51@group-7E32184879DE-LeaderElection257: begin an election at term 305 for -1: [f535bb4a-cba0-4f9b-9e3e-e4a48b3eda51:0.0.0.0:44706, 54aabb14-4a7d-4ab3-adbe-2e67760b87f4:0.0.0.0:43074, c652e2ee-3322-4406-8db6-1ea643cb3197:0.0.0.0:42129], old=null
2019-10-18 11:24:53,550 [grpc-default-executor-1] INFO  impl.RaftServerImpl (RaftServerImpl.java:setRole(184)) - c652e2ee-3322-4406-8db6-1ea643cb3197@group-7E32184879DE: changes role from  FOLLOWER to FOLLOWER at term 305 for recognizeCandidate:f535bb4a-cba0-4f9b-9e3e-e4a48b3eda51
2019-10-18 11:24:53,550 [grpc-default-executor-1] INFO  impl.RoleInfo (RoleInfo.java:shutdownFollowerState(121)) - c652e2ee-3322-4406-8db6-1ea643cb3197: shutdown FollowerState
2019-10-18 11:24:53,550 [grpc-default-executor-3] INFO  impl.RaftServerImpl (RaftServerImpl.java:setRole(184)) - 54aabb14-4a7d-4ab3-adbe-2e67760b87f4@group-7E32184879DE: changes role from  FOLLOWER to FOLLOWER at term 305 for recognizeCandidate:f535bb4a-cba0-4f9b-9e3e-e4a48b3eda51
2019-10-18 11:24:53,550 [Thread-1842] INFO  impl.FollowerState (FollowerState.java:run(117)) - c652e2ee-3322-4406-8db6-1ea643cb3197@group-7E32184879DE-FollowerState was interrupted: java.lang.InterruptedException: sleep interrupted
2019-10-18 11:24:53,550 [grpc-default-executor-1] INFO  impl.RoleInfo (RoleInfo.java:updateAndGet(143)) - c652e2ee-3322-4406-8db6-1ea643cb3197: start FollowerState
2019-10-18 11:24:53,550 [grpc-default-executor-3] INFO  impl.RoleInfo (RoleInfo.java:shutdownFollowerState(121)) - 54aabb14-4a7d-4ab3-adbe-2e67760b87f4: shutdown FollowerState
2019-10-18 11:24:53,551 [grpc-default-executor-3] INFO  impl.RoleInfo (RoleInfo.java:updateAndGet(143)) - 54aabb14-4a7d-4ab3-adbe-2e67760b87f4: start FollowerState
2019-10-18 11:24:53,551 [Thread-1841] INFO  impl.FollowerState (FollowerState.java:run(117)) - 54aabb14-4a7d-4ab3-adbe-2e67760b87f4@group-7E32184879DE-FollowerState was interrupted: java.lang.InterruptedException: sleep interrupted
2019-10-18 11:24:53,574 [f535bb4a-cba0-4f9b-9e3e-e4a48b3eda51@group-7E32184879DE-LeaderElection257] INFO  impl.LeaderElection (LeaderElection.java:logAndReturn(56)) - f535bb4a-cba0-4f9b-9e3e-e4a48b3eda51@group-7E32184879DE-LeaderElection257: Election REJECTED; received 2 response(s) [f535bb4a-cba0-4f9b-9e3e-e4a48b3eda51<-54aabb14-4a7d-4ab3-adbe-2e67760b87f4#0:FAIL-t305, f535bb4a-cba0-4f9b-9e3e-e4a48b3eda51<-c652e2ee-3322-4406-8db6-1ea643cb3197#0:FAIL-t305] and 0 exception(s); f535bb4a-cba0-4f9b-9e3e-e4a48b3eda51@group-7E32184879DE:t305, leader=null, voted=f535bb4a-cba0-4f9b-9e3e-e4a48b3eda51, raftlog=f535bb4a-cba0-4f9b-9e3e-e4a48b3eda51@group-7E32184879DE-SegmentedRaftLog:OPENED:c-1,f-1,i0, conf=-1: [f535bb4a-cba0-4f9b-9e3e-e4a48b3eda51:0.0.0.0:44706, 54aabb14-4a7d-4ab3-adbe-2e67760b87f4:0.0.0.0:43074, c652e2ee-3322-4406-8db6-1ea643cb3197:0.0.0.0:42129], old=null
2019-10-18 11:24:53,574 [f535bb4a-cba0-4f9b-9e3e-e4a48b3eda51@group-7E32184879DE-LeaderElection257] INFO  impl.RaftServerImpl (RaftServerImpl.java:setRole(184)) - f535bb4a-cba0-4f9b-9e3e-e4a48b3eda51@group-7E32184879DE: changes role from CANDIDATE to FOLLOWER at term 305 for DISCOVERED_A_NEW_TERM
2019-10-18 11:24:53,574 [f535bb4a-cba0-4f9b-9e3e-e4a48b3eda51@group-7E32184879DE-LeaderElection257] INFO  impl.RoleInfo (RoleInfo.java:shutdownLeaderElection(134)) - f535bb4a-cba0-4f9b-9e3e-e4a48b3eda51: shutdown LeaderElection
2019-10-18 11:24:53,574 [f535bb4a-cba0-4f9b-9e3e-e4a48b3eda51@group-7E32184879DE-LeaderElection257] INFO  impl.RoleInfo (RoleInfo.java:updateAndGet(143)) - f535bb4a-cba0-4f9b-9e3e-e4a48b3eda51: start FollowerState
2019-10-18 11:24:53,632 [Thread-1851] INFO  impl.FollowerState (FollowerState.java:run(108)) - f535bb4a-cba0-4f9b-9e3e-e4a48b3eda51@group-7E32184879DE-FollowerState: change to CANDIDATE, lastRpcTime:57ms, electionTimeout:57ms
2019-10-18 11:24:53,632 [Thread-1851] INFO  impl.RoleInfo (RoleInfo.java:shutdownFollowerState(121)) - f535bb4a-cba0-4f9b-9e3e-e4a48b3eda51: shutdown FollowerState
2019-10-18 11:24:53,632 [Thread-1851] INFO  impl.RaftServerImpl (RaftServerImpl.java:setRole(184)) - f535bb4a-cba0-4f9b-9e3e-e4a48b3eda51@group-7E32184879DE: changes role from  FOLLOWER to CANDIDATE at term 305 for changeToCandidate
2019-10-18 11:24:53,632 [Thread-1851] INFO  impl.RoleInfo (RoleInfo.java:updateAndGet(143)) - f535bb4a-cba0-4f9b-9e3e-e4a48b3eda51: start LeaderElection
2019-10-18 11:24:53,657 [f535bb4a-cba0-4f9b-9e3e-e4a48b3eda51@group-7E32184879DE-LeaderElection258] INFO  impl.LeaderElection (LeaderElection.java:askForVotes(178)) - f535bb4a-cba0-4f9b-9e3e-e4a48b3eda51@group-7E32184879DE-LeaderElection258: begin an election at term 306 for -1: [f535bb4a-cba0-4f9b-9e3e-e4a48b3eda51:0.0.0.0:44706, 54aabb14-4a7d-4ab3-adbe-2e67760b87f4:0.0.0.0:43074, c652e2ee-3322-4406-8db6-1ea643cb3197:0.0.0.0:42129], old=null
2019-10-18 11:24:53,658 [grpc-default-executor-1] INFO  impl.RaftServerImpl (RaftServerImpl.java:setRole(184)) - 54aabb14-4a7d-4ab3-adbe-2e67760b87f4@group-7E32184879DE: changes role from  FOLLOWER to FOLLOWER at term 306 for recognizeCandidate:f535bb4a-cba0-4f9b-9e3e-e4a48b3eda51
2019-10-18 11:24:53,658 [grpc-default-executor-3] INFO  impl.RaftServerImpl (RaftServerImpl.java:setRole(184)) - c652e2ee-3322-4406-8db6-1ea643cb3197@group-7E32184879DE: changes role from  FOLLOWER to FOLLOWER at term 306 for recognizeCandidate:f535bb4a-cba0-4f9b-9e3e-e4a48b3eda51
2019-10-18 11:24:53,658 [grpc-default-executor-3] INFO  impl.RoleInfo (RoleInfo.java:shutdownFollowerState(121)) - c652e2ee-3322-4406-8db6-1ea643cb3197: shutdown FollowerState
2019-10-18 11:24:53,658 [grpc-default-executor-1] INFO  impl.RoleInfo (RoleInfo.java:shutdownFollowerState(121)) - 54aabb14-4a7d-4ab3-adbe-2e67760b87f4: shutdown FollowerState
2019-10-18 11:24:53,659 [Thread-1849] INFO  impl.FollowerState (FollowerState.java:run(117)) - c652e2ee-3322-4406-8db6-1ea643cb3197@group-7E32184879DE-FollowerState was interrupted: java.lang.InterruptedException: sleep interrupted
2019-10-18 11:24:53,659 [grpc-default-executor-3] INFO  impl.RoleInfo (RoleInfo.java:updateAndGet(143)) - c652e2ee-3322-4406-8db6-1ea643cb3197: start FollowerState
2019-10-18 11:24:53,659 [Thread-1850] INFO  impl.FollowerState (FollowerState.java:run(117)) - 54aabb14-4a7d-4ab3-adbe-2e67760b87f4@group-7E32184879DE-FollowerState was interrupted: java.lang.InterruptedException: sleep interrupted
2019-10-18 11:24:53,659 [grpc-default-executor-1] INFO  impl.RoleInfo (RoleInfo.java:updateAndGet(143)) - 54aabb14-4a7d-4ab3-adbe-2e67760b87f4: start FollowerState
2019-10-18 11:24:53,684 [f535bb4a-cba0-4f9b-9e3e-e4a48b3eda51@group-7E32184879DE-LeaderElection258] INFO  impl.LeaderElection (LeaderElection.java:logAndReturn(56)) - f535bb4a-cba0-4f9b-9e3e-e4a48b3eda51@group-7E32184879DE-LeaderElection258: Election REJECTED; received 2 response(s) [f535bb4a-cba0-4f9b-9e3e-e4a48b3eda51<-54aabb14-4a7d-4ab3-adbe-2e67760b87f4#0:FAIL-t306, f535bb4a-cba0-4f9b-9e3e-e4a48b3eda51<-c652e2ee-3322-4406-8db6-1ea643cb3197#0:FAIL-t306] and 0 exception(s); f535bb4a-cba0-4f9b-9e3e-e4a48b3eda51@group-7E32184879DE:t306, leader=null, voted=f535bb4a-cba0-4f9b-9e3e-e4a48b3eda51, raftlog=f535bb4a-cba0-4f9b-9e3e-e4a48b3eda51@group-7E32184879DE-SegmentedRaftLog:OPENED:c-1,f-1,i0, conf=-1: [f535bb4a-cba0-4f9b-9e3e-e4a48b3eda51:0.0.0.0:44706, 54aabb14-4a7d-4ab3-adbe-2e67760b87f4:0.0.0.0:43074, c652e2ee-3322-4406-8db6-1ea643cb3197:0.0.0.0:42129], old=null
2019-10-18 11:24:53,684 [f535bb4a-cba0-4f9b-9e3e-e4a48b3eda51@group-7E32184879DE-LeaderElection258] INFO  impl.RaftServerImpl (RaftServerImpl.java:setRole(184)) - f535bb4a-cba0-4f9b-9e3e-e4a48b3eda51@group-7E32184879DE: changes role from CANDIDATE to FOLLOWER at term 306 for DISCOVERED_A_NEW_TERM
2019-10-18 11:24:53,684 [f535bb4a-cba0-4f9b-9e3e-e4a48b3eda51@group-7E32184879DE-LeaderElection258] INFO  impl.RoleInfo (RoleInfo.java:shutdownLeaderElection(134)) - f535bb4a-cba0-4f9b-9e3e-e4a48b3eda51: shutdown LeaderElection
2019-10-18 11:24:53,684 [f535bb4a-cba0-4f9b-9e3e-e4a48b3eda51@group-7E32184879DE-LeaderElection258] INFO  impl.RoleInfo (RoleInfo.java:updateAndGet(143)) - f535bb4a-cba0-4f9b-9e3e-e4a48b3eda51: start FollowerState
2019-10-18 11:24:53,801 [Thread-1857] INFO  impl.FollowerState (FollowerState.java:run(108)) - f535bb4a-cba0-4f9b-9e3e-e4a48b3eda51@group-7E32184879DE-FollowerState: change to CANDIDATE, lastRpcTime:116ms, electionTimeout:116ms
2019-10-18 11:24:53,801 [Thread-1857] INFO  impl.RoleInfo (RoleInfo.java:shutdownFollowerState(121)) - f535bb4a-cba0-4f9b-9e3e-e4a48b3eda51: shutdown FollowerState
2019-10-18 11:24:53,801 [Thread-1857] INFO  impl.RaftServerImpl (RaftServerImpl.java:setRole(184)) - f535bb4a-cba0-4f9b-9e3e-e4a48b3eda51@group-7E32184879DE: changes role from  FOLLOWER to CANDIDATE at term 306 for changeToCandidate
2019-10-18 11:24:53,801 [Thread-1857] INFO  impl.RoleInfo (RoleInfo.java:updateAndGet(143)) - f535bb4a-cba0-4f9b-9e3e-e4a48b3eda51: start LeaderElection
2019-10-18 11:24:53,825 [f535bb4a-cba0-4f9b-9e3e-e4a48b3eda51@group-7E32184879DE-LeaderElection259] INFO  impl.LeaderElection (LeaderElection.java:askForVotes(178)) - f535bb4a-cba0-4f9b-9e3e-e4a48b3eda51@group-7E32184879DE-LeaderElection259: begin an election at term 307 for -1: [f535bb4a-cba0-4f9b-9e3e-e4a48b3eda51:0.0.0.0:44706, 54aabb14-4a7d-4ab3-adbe-2e67760b87f4:0.0.0.0:43074, c652e2ee-3322-4406-8db6-1ea643cb3197:0.0.0.0:42129], old=null
2019-10-18 11:24:53,827 [grpc-default-executor-1] INFO  impl.RaftServerImpl (RaftServerImpl.java:setRole(184)) - 54aabb14-4a7d-4ab3-adbe-2e67760b87f4@group-7E32184879DE: changes role from  FOLLOWER to FOLLOWER at term 307 for recognizeCandidate:f535bb4a-cba0-4f9b-9e3e-e4a48b3eda51
2019-10-18 11:24:53,827 [grpc-default-executor-1] INFO  impl.RoleInfo (RoleInfo.java:shutdownFollowerState(121)) - 54aabb14-4a7d-4ab3-adbe-2e67760b87f4: shutdown FollowerState
2019-10-18 11:24:53,827 [grpc-default-executor-3] INFO  impl.RaftServerImpl (RaftServerImpl.java:setRole(184)) - c652e2ee-3322-4406-8db6-1ea643cb3197@group-7E32184879DE: changes role from  FOLLOWER to FOLLOWER at term 307 for recognizeCandidate:f535bb4a-cba0-4f9b-9e3e-e4a48b3eda51
2019-10-18 11:24:53,827 [grpc-default-executor-3] INFO  impl.RoleInfo (RoleInfo.java:shutdownFollowerState(121)) - c652e2ee-3322-4406-8db6-1ea643cb3197: shutdown FollowerState
2019-10-18 11:24:53,827 [Thread-1856] INFO  impl.FollowerState (FollowerState.java:run(117)) - 54aabb14-4a7d-4ab3-adbe-2e67760b87f4@group-7E32184879DE-FollowerState was interrupted: java.lang.InterruptedException: sleep interrupted
2019-10-18 11:24:53,827 [grpc-default-executor-1] INFO  impl.RoleInfo (RoleInfo.java:updateAndGet(143)) - 54aabb14-4a7d-4ab3-adbe-2e67760b87f4: start FollowerState
2019-10-18 11:24:53,827 [Thread-1855] INFO  impl.FollowerState (FollowerState.java:run(117)) - c652e2ee-3322-4406-8db6-1ea643cb3197@group-7E32184879DE-FollowerState was interrupted: java.lang.InterruptedException: sleep interrupted
2019-10-18 11:24:53,827 [grpc-default-executor-3] INFO  impl.RoleInfo (RoleInfo.java:updateAndGet(143)) - c652e2ee-3322-4406-8db6-1ea643cb3197: start FollowerState
2019-10-18 11:24:53,851 [f535bb4a-cba0-4f9b-9e3e-e4a48b3eda51@group-7E32184879DE-LeaderElection259] INFO  impl.LeaderElection (LeaderElection.java:logAndReturn(56)) - f535bb4a-cba0-4f9b-9e3e-e4a48b3eda51@group-7E32184879DE-LeaderElection259: Election REJECTED; received 2 response(s) [f535bb4a-cba0-4f9b-9e3e-e4a48b3eda51<-54aabb14-4a7d-4ab3-adbe-2e67760b87f4#0:FAIL-t307, f535bb4a-cba0-4f9b-9e3e-e4a48b3eda51<-c652e2ee-3322-4406-8db6-1ea643cb3197#0:FAIL-t307] and 0 exception(s); f535bb4a-cba0-4f9b-9e3e-e4a48b3eda51@group-7E32184879DE:t307, leader=null, voted=f535bb4a-cba0-4f9b-9e3e-e4a48b3eda51, raftlog=f535bb4a-cba0-4f9b-9e3e-e4a48b3eda51@group-7E32184879DE-SegmentedRaftLog:OPENED:c-1,f-1,i0, conf=-1: [f535bb4a-cba0-4f9b-9e3e-e4a48b3eda51:0.0.0.0:44706, 54aabb14-4a7d-4ab3-adbe-2e67760b87f4:0.0.0.0:43074, c652e2ee-3322-4406-8db6-1ea643cb3197:0.0.0.0:42129], old=null
2019-10-18 11:24:53,851 [f535bb4a-cba0-4f9b-9e3e-e4a48b3eda51@group-7E32184879DE-LeaderElection259] INFO  impl.RaftServerImpl (RaftServerImpl.java:setRole(184)) - f535bb4a-cba0-4f9b-9e3e-e4a48b3eda51@group-7E32184879DE: changes role from CANDIDATE to FOLLOWER at term 307 for DISCOVERED_A_NEW_TERM
2019-10-18 11:24:53,851 [f535bb4a-cba0-4f9b-9e3e-e4a48b3eda51@group-7E32184879DE-LeaderElection259] INFO  impl.RoleInfo (RoleInfo.java:shutdownLeaderElection(134)) - f535bb4a-cba0-4f9b-9e3e-e4a48b3eda51: shutdown LeaderElection
2019-10-18 11:24:53,852 [f535bb4a-cba0-4f9b-9e3e-e4a48b3eda51@group-7E32184879DE-LeaderElection259] INFO  impl.RoleInfo (RoleInfo.java:updateAndGet(143)) - f535bb4a-cba0-4f9b-9e3e-e4a48b3eda51: start FollowerState
2019-10-18 11:24:53,895 [Thread-1863] INFO  impl.FollowerState (FollowerState.java:run(108)) - f535bb4a-cba0-4f9b-9e3e-e4a48b3eda51@group-7E32184879DE-FollowerState: change to CANDIDATE, lastRpcTime:43ms, electionTimeout:43ms
2019-10-18 11:24:53,895 [Thread-1863] INFO  impl.RoleInfo (RoleInfo.java:shutdownFollowerState(121)) - f535bb4a-cba0-4f9b-9e3e-e4a48b3eda51: shutdown FollowerState
2019-10-18 11:24:53,895 [Thread-1863] INFO  impl.RaftServerImpl (RaftServerImpl.java:setRole(184)) - f535bb4a-cba0-4f9b-9e3e-e4a48b3eda51@group-7E32184879DE: changes role from  FOLLOWER to CANDIDATE at term 307 for changeToCandidate
2019-10-18 11:24:53,895 [Thread-1863] INFO  impl.RoleInfo (RoleInfo.java:updateAndGet(143)) - f535bb4a-cba0-4f9b-9e3e-e4a48b3eda51: start LeaderElection
2019-10-18 11:24:53,918 [f535bb4a-cba0-4f9b-9e3e-e4a48b3eda51@group-7E32184879DE-LeaderElection260] INFO  impl.LeaderElection (LeaderElection.java:askForVotes(178)) - f535bb4a-cba0-4f9b-9e3e-e4a48b3eda51@group-7E32184879DE-LeaderElection260: begin an election at term 308 for -1: [f535bb4a-cba0-4f9b-9e3e-e4a48b3eda51:0.0.0.0:44706, 54aabb14-4a7d-4ab3-adbe-2e67760b87f4:0.0.0.0:43074, c652e2ee-3322-4406-8db6-1ea643cb3197:0.0.0.0:42129], old=null
2019-10-18 11:24:53,919 [grpc-default-executor-1] INFO  impl.RaftServerImpl (RaftServerImpl.java:setRole(184)) - 54aabb14-4a7d-4ab3-adbe-2e67760b87f4@group-7E32184879DE: changes role from  FOLLOWER to FOLLOWER at term 308 for recognizeCandidate:f535bb4a-cba0-4f9b-9e3e-e4a48b3eda51
2019-10-18 11:24:53,919 [grpc-default-executor-3] INFO  impl.RaftServerImpl (RaftServerImpl.java:setRole(184)) - c652e2ee-3322-4406-8db6-1ea643cb3197@group-7E32184879DE: changes role from  FOLLOWER to FOLLOWER at term 308 for recognizeCandidate:f535bb4a-cba0-4f9b-9e3e-e4a48b3eda51
2019-10-18 11:24:53,920 [grpc-default-executor-3] INFO  impl.RoleInfo (RoleInfo.java:shutdownFollowerState(121)) - c652e2ee-3322-4406-8db6-1ea643cb3197: shutdown FollowerState
2019-10-18 11:24:53,920 [grpc-default-executor-1] INFO  impl.RoleInfo (RoleInfo.java:shutdownFollowerState(121)) - 54aabb14-4a7d-4ab3-adbe-2e67760b87f4: shutdown FollowerState
2019-10-18 11:24:53,920 [Thread-1862] INFO  impl.FollowerState (FollowerState.java:run(117)) - c652e2ee-3322-4406-8db6-1ea643cb3197@group-7E32184879DE-FollowerState was interrupted: java.lang.InterruptedException: sleep interrupted
2019-10-18 11:24:53,920 [grpc-default-executor-3] INFO  impl.RoleInfo (RoleInfo.java:updateAndGet(143)) - c652e2ee-3322-4406-8db6-1ea643cb3197: start FollowerState
2019-10-18 11:24:53,920 [Thread-1861] INFO  impl.FollowerState (FollowerState.java:run(117)) - 54aabb14-4a7d-4ab3-adbe-2e67760b87f4@group-7E32184879DE-FollowerState was interrupted: java.lang.InterruptedException: sleep interrupted
2019-10-18 11:24:53,920 [grpc-default-executor-1] INFO  impl.RoleInfo (RoleInfo.java:updateAndGet(143)) - 54aabb14-4a7d-4ab3-adbe-2e67760b87f4: start FollowerState
2019-10-18 11:24:53,945 [f535bb4a-cba0-4f9b-9e3e-e4a48b3eda51@group-7E32184879DE-LeaderElection260] INFO  impl.LeaderElection (LeaderElection.java:logAndReturn(56)) - f535bb4a-cba0-4f9b-9e3e-e4a48b3eda51@group-7E32184879DE-LeaderElection260: Election REJECTED; received 2 response(s) [f535bb4a-cba0-4f9b-9e3e-e4a48b3eda51<-54aabb14-4a7d-4ab3-adbe-2e67760b87f4#0:FAIL-t308, f535bb4a-cba0-4f9b-9e3e-e4a48b3eda51<-c652e2ee-3322-4406-8db6-1ea643cb3197#0:FAIL-t308] and 0 exception(s); f535bb4a-cba0-4f9b-9e3e-e4a48b3eda51@group-7E32184879DE:t308, leader=null, voted=f535bb4a-cba0-4f9b-9e3e-e4a48b3eda51, raftlog=f535bb4a-cba0-4f9b-9e3e-e4a48b3eda51@group-7E32184879DE-SegmentedRaftLog:OPENED:c-1,f-1,i0, conf=-1: [f535bb4a-cba0-4f9b-9e3e-e4a48b3eda51:0.0.0.0:44706, 54aabb14-4a7d-4ab3-adbe-2e67760b87f4:0.0.0.0:43074, c652e2ee-3322-4406-8db6-1ea643cb3197:0.0.0.0:42129], old=null
2019-10-18 11:24:53,945 [f535bb4a-cba0-4f9b-9e3e-e4a48b3eda51@group-7E32184879DE-LeaderElection260] INFO  impl.RaftServerImpl (RaftServerImpl.java:setRole(184)) - f535bb4a-cba0-4f9b-9e3e-e4a48b3eda51@group-7E32184879DE: changes role from CANDIDATE to FOLLOWER at term 308 for DISCOVERED_A_NEW_TERM
2019-10-18 11:24:53,946 [f535bb4a-cba0-4f9b-9e3e-e4a48b3eda51@group-7E32184879DE-LeaderElection260] INFO  impl.RoleInfo (RoleInfo.java:shutdownLeaderElection(134)) - f535bb4a-cba0-4f9b-9e3e-e4a48b3eda51: shutdown LeaderElection
2019-10-18 11:24:53,946 [f535bb4a-cba0-4f9b-9e3e-e4a48b3eda51@group-7E32184879DE-LeaderElection260] INFO  impl.RoleInfo (RoleInfo.java:updateAndGet(143)) - f535bb4a-cba0-4f9b-9e3e-e4a48b3eda51: start FollowerState
2019-10-18 11:24:54,137 [Thread-1869] INFO  impl.FollowerState (FollowerState.java:run(108)) - f535bb4a-cba0-4f9b-9e3e-e4a48b3eda51@group-7E32184879DE-FollowerState: change to CANDIDATE, lastRpcTime:191ms, electionTimeout:191ms
2019-10-18 11:24:54,138 [Thread-1869] INFO  impl.RoleInfo (RoleInfo.java:shutdownFollowerState(121)) - f535bb4a-cba0-4f9b-9e3e-e4a48b3eda51: shutdown FollowerState
2019-10-18 11:24:54,138 [Thread-1869] INFO  impl.RaftServerImpl (RaftServerImpl.java:setRole(184)) - f535bb4a-cba0-4f9b-9e3e-e4a48b3eda51@group-7E32184879DE: changes role from  FOLLOWER to CANDIDATE at term 308 for changeToCandidate
2019-10-18 11:24:54,138 [Thread-1869] INFO  impl.RoleInfo (RoleInfo.java:updateAndGet(143)) - f535bb4a-cba0-4f9b-9e3e-e4a48b3eda51: start LeaderElection
2019-10-18 11:24:54,168 [f535bb4a-cba0-4f9b-9e3e-e4a48b3eda51@group-7E32184879DE-LeaderElection261] INFO  impl.LeaderElection (LeaderElection.java:askForVotes(178)) - f535bb4a-cba0-4f9b-9e3e-e4a48b3eda51@group-7E32184879DE-LeaderElection261: begin an election at term 309 for -1: [f535bb4a-cba0-4f9b-9e3e-e4a48b3eda51:0.0.0.0:44706, 54aabb14-4a7d-4ab3-adbe-2e67760b87f4:0.0.0.0:43074, c652e2ee-3322-4406-8db6-1ea643cb3197:0.0.0.0:42129], old=null
2019-10-18 11:24:54,169 [f535bb4a-cba0-4f9b-9e3e-e4a48b3eda51@group-7E32184879DE-LeaderElection261] INFO  impl.LeaderElection (LeaderElection.java:logAndReturn(56)) - f535bb4a-cba0-4f9b-9e3e-e4a48b3eda51@group-7E32184879DE-LeaderElection261: Election TIMEOUT; received 0 response(s) [] and 0 exception(s); f535bb4a-cba0-4f9b-9e3e-e4a48b3eda51@group-7E32184879DE:t309, leader=null, voted=f535bb4a-cba0-4f9b-9e3e-e4a48b3eda51, raftlog=f535bb4a-cba0-4f9b-9e3e-e4a48b3eda51@group-7E32184879DE-SegmentedRaftLog:OPENED:c-1,f-1,i0, conf=-1: [f535bb4a-cba0-4f9b-9e3e-e4a48b3eda51:0.0.0.0:44706, 54aabb14-4a7d-4ab3-adbe-2e67760b87f4:0.0.0.0:43074, c652e2ee-3322-4406-8db6-1ea643cb3197:0.0.0.0:42129], old=null
2019-10-18 11:24:54,170 [grpc-default-executor-1] INFO  impl.RaftServerImpl (RaftServerImpl.java:setRole(184)) - c652e2ee-3322-4406-8db6-1ea643cb3197@group-7E32184879DE: changes role from  FOLLOWER to FOLLOWER at term 309 for recognizeCandidate:f535bb4a-cba0-4f9b-9e3e-e4a48b3eda51
2019-10-18 11:24:54,170 [grpc-default-executor-3] INFO  impl.RaftServerImpl (RaftServerImpl.java:setRole(184)) - 54aabb14-4a7d-4ab3-adbe-2e67760b87f4@group-7E32184879DE: changes role from  FOLLOWER to FOLLOWER at term 309 for recognizeCandidate:f535bb4a-cba0-4f9b-9e3e-e4a48b3eda51
2019-10-18 11:24:54,171 [grpc-default-executor-1] INFO  impl.RoleInfo (RoleInfo.java:shutdownFollowerState(121)) - c652e2ee-3322-4406-8db6-1ea643cb3197: shutdown FollowerState
2019-10-18 11:24:54,171 [grpc-default-executor-3] INFO  impl.RoleInfo (RoleInfo.java:shutdownFollowerState(121)) - 54aabb14-4a7d-4ab3-adbe-2e67760b87f4: shutdown FollowerState
2019-10-18 11:24:54,171 [Thread-1867] INFO  impl.FollowerState (FollowerState.java:run(117)) - c652e2ee-3322-4406-8db6-1ea643cb3197@group-7E32184879DE-FollowerState was interrupted: java.lang.InterruptedException: sleep interrupted
2019-10-18 11:24:54,171 [grpc-default-executor-1] INFO  impl.RoleInfo (RoleInfo.java:updateAndGet(143)) - c652e2ee-3322-4406-8db6-1ea643cb3197: start FollowerState
2019-10-18 11:24:54,171 [Thread-1868] INFO  impl.FollowerState (FollowerState.java:run(117)) - 54aabb14-4a7d-4ab3-adbe-2e67760b87f4@group-7E32184879DE-FollowerState was interrupted: java.lang.InterruptedException: sleep interrupted
2019-10-18 11:24:54,171 [grpc-default-executor-3] INFO  impl.RoleInfo (RoleInfo.java:updateAndGet(143)) - 54aabb14-4a7d-4ab3-adbe-2e67760b87f4: start FollowerState
2019-10-18 11:24:54,194 [f535bb4a-cba0-4f9b-9e3e-e4a48b3eda51@group-7E32184879DE-LeaderElection261] INFO  impl.LeaderElection (LeaderElection.java:askForVotes(178)) - f535bb4a-cba0-4f9b-9e3e-e4a48b3eda51@group-7E32184879DE-LeaderElection261: begin an election at term 310 for -1: [f535bb4a-cba0-4f9b-9e3e-e4a48b3eda51:0.0.0.0:44706, 54aabb14-4a7d-4ab3-adbe-2e67760b87f4:0.0.0.0:43074, c652e2ee-3322-4406-8db6-1ea643cb3197:0.0.0.0:42129], old=null
2019-10-18 11:24:54,195 [grpc-default-executor-1] INFO  impl.RaftServerImpl (RaftServerImpl.java:setRole(184)) - 54aabb14-4a7d-4ab3-adbe-2e67760b87f4@group-7E32184879DE: changes role from  FOLLOWER to FOLLOWER at term 310 for recognizeCandidate:f535bb4a-cba0-4f9b-9e3e-e4a48b3eda51
2019-10-18 11:24:54,195 [grpc-default-executor-1] INFO  impl.RoleInfo (RoleInfo.java:shutdownFollowerState(121)) - 54aabb14-4a7d-4ab3-adbe-2e67760b87f4: shutdown FollowerState
2019-10-18 11:24:54,196 [grpc-default-executor-1] INFO  impl.RoleInfo (RoleInfo.java:updateAndGet(143)) - 54aabb14-4a7d-4ab3-adbe-2e67760b87f4: start FollowerState
2019-10-18 11:24:54,196 [Thread-1874] INFO  impl.FollowerState (FollowerState.java:run(117)) - 54aabb14-4a7d-4ab3-adbe-2e67760b87f4@group-7E32184879DE-FollowerState was interrupted: java.lang.InterruptedException: sleep interrupted
2019-10-18 11:24:54,196 [grpc-default-executor-3] INFO  impl.RaftServerImpl (RaftServerImpl.java:setRole(184)) - c652e2ee-3322-4406-8db6-1ea643cb3197@group-7E32184879DE: changes role from  FOLLOWER to FOLLOWER at term 310 for recognizeCandidate:f535bb4a-cba0-4f9b-9e3e-e4a48b3eda51
2019-10-18 11:24:54,196 [grpc-default-executor-3] INFO  impl.RoleInfo (RoleInfo.java:shutdownFollowerState(121)) - c652e2ee-3322-4406-8db6-1ea643cb3197: shutdown FollowerState
2019-10-18 11:24:54,196 [grpc-default-executor-3] INFO  impl.RoleInfo (RoleInfo.java:updateAndGet(143)) - c652e2ee-3322-4406-8db6-1ea643cb3197: start FollowerState
2019-10-18 11:24:54,196 [Thread-1873] INFO  impl.FollowerState (FollowerState.java:run(117)) - c652e2ee-3322-4406-8db6-1ea643cb3197@group-7E32184879DE-FollowerState was interrupted: java.lang.InterruptedException: sleep interrupted
2019-10-18 11:24:54,220 [f535bb4a-cba0-4f9b-9e3e-e4a48b3eda51@group-7E32184879DE-LeaderElection261] INFO  impl.LeaderElection (LeaderElection.java:logAndReturn(56)) - f535bb4a-cba0-4f9b-9e3e-e4a48b3eda51@group-7E32184879DE-LeaderElection261: Election REJECTED; received 2 response(s) [f535bb4a-cba0-4f9b-9e3e-e4a48b3eda51<-54aabb14-4a7d-4ab3-adbe-2e67760b87f4#0:FAIL-t310, f535bb4a-cba0-4f9b-9e3e-e4a48b3eda51<-c652e2ee-3322-4406-8db6-1ea643cb3197#0:FAIL-t310] and 0 exception(s); f535bb4a-cba0-4f9b-9e3e-e4a48b3eda51@group-7E32184879DE:t310, leader=null, voted=f535bb4a-cba0-4f9b-9e3e-e4a48b3eda51, raftlog=f535bb4a-cba0-4f9b-9e3e-e4a48b3eda51@group-7E32184879DE-SegmentedRaftLog:OPENED:c-1,f-1,i0, conf=-1: [f535bb4a-cba0-4f9b-9e3e-e4a48b3eda51:0.0.0.0:44706, 54aabb14-4a7d-4ab3-adbe-2e67760b87f4:0.0.0.0:43074, c652e2ee-3322-4406-8db6-1ea643cb3197:0.0.0.0:42129], old=null
2019-10-18 11:24:54,220 [f535bb4a-cba0-4f9b-9e3e-e4a48b3eda51@group-7E32184879DE-LeaderElection261] INFO  impl.RaftServerImpl (RaftServerImpl.java:setRole(184)) - f535bb4a-cba0-4f9b-9e3e-e4a48b3eda51@group-7E32184879DE: changes role from CANDIDATE to FOLLOWER at term 310 for DISCOVERED_A_NEW_TERM
2019-10-18 11:24:54,221 [f535bb4a-cba0-4f9b-9e3e-e4a48b3eda51@group-7E32184879DE-LeaderElection261] INFO  impl.RoleInfo (RoleInfo.java:shutdownLeaderElection(134)) - f535bb4a-cba0-4f9b-9e3e-e4a48b3eda51: shutdown LeaderElection
2019-10-18 11:24:54,221 [f535bb4a-cba0-4f9b-9e3e-e4a48b3eda51@group-7E32184879DE-LeaderElection261] INFO  impl.RoleInfo (RoleInfo.java:updateAndGet(143)) - f535bb4a-cba0-4f9b-9e3e-e4a48b3eda51: start FollowerState
2019-10-18 11:24:54,279 [Thread-1879] INFO  impl.FollowerState (FollowerState.java:run(108)) - f535bb4a-cba0-4f9b-9e3e-e4a48b3eda51@group-7E32184879DE-FollowerState: change to CANDIDATE, lastRpcTime:58ms, electionTimeout:58ms
2019-10-18 11:24:54,279 [Thread-1879] INFO  impl.RoleInfo (RoleInfo.java:shutdownFollowerState(121)) - f535bb4a-cba0-4f9b-9e3e-e4a48b3eda51: shutdown FollowerState
2019-10-18 11:24:54,280 [Thread-1879] INFO  impl.RaftServerImpl (RaftServerImpl.java:setRole(184)) - f535bb4a-cba0-4f9b-9e3e-e4a48b3eda51@group-7E32184879DE: changes role from  FOLLOWER to CANDIDATE at term 310 for changeToCandidate
2019-10-18 11:24:54,280 [Thread-1879] INFO  impl.RoleInfo (RoleInfo.java:updateAndGet(143)) - f535bb4a-cba0-4f9b-9e3e-e4a48b3eda51: start LeaderElection
2019-10-18 11:24:54,303 [f535bb4a-cba0-4f9b-9e3e-e4a48b3eda51@group-7E32184879DE-LeaderElection262] INFO  impl.LeaderElection (LeaderElection.java:askForVotes(178)) - f535bb4a-cba0-4f9b-9e3e-e4a48b3eda51@group-7E32184879DE-LeaderElection262: begin an election at term 311 for -1: [f535bb4a-cba0-4f9b-9e3e-e4a48b3eda51:0.0.0.0:44706, 54aabb14-4a7d-4ab3-adbe-2e67760b87f4:0.0.0.0:43074, c652e2ee-3322-4406-8db6-1ea643cb3197:0.0.0.0:42129], old=null
2019-10-18 11:24:54,304 [grpc-default-executor-1] INFO  impl.RaftServerImpl (RaftServerImpl.java:setRole(184)) - 54aabb14-4a7d-4ab3-adbe-2e67760b87f4@group-7E32184879DE: changes role from  FOLLOWER to FOLLOWER at term 311 for recognizeCandidate:f535bb4a-cba0-4f9b-9e3e-e4a48b3eda51
2019-10-18 11:24:54,304 [grpc-default-executor-3] INFO  impl.RaftServerImpl (RaftServerImpl.java:setRole(184)) - c652e2ee-3322-4406-8db6-1ea643cb3197@group-7E32184879DE: changes role from  FOLLOWER to FOLLOWER at term 311 for recognizeCandidate:f535bb4a-cba0-4f9b-9e3e-e4a48b3eda51
2019-10-18 11:24:54,304 [grpc-default-executor-1] INFO  impl.RoleInfo (RoleInfo.java:shutdownFollowerState(121)) - 54aabb14-4a7d-4ab3-adbe-2e67760b87f4: shutdown FollowerState
2019-10-18 11:24:54,305 [grpc-default-executor-3] INFO  impl.RoleInfo (RoleInfo.java:shutdownFollowerState(121)) - c652e2ee-3322-4406-8db6-1ea643cb3197: shutdown FollowerState
2019-10-18 11:24:54,305 [Thread-1877] INFO  impl.FollowerState (FollowerState.java:run(117)) - 54aabb14-4a7d-4ab3-adbe-2e67760b87f4@group-7E32184879DE-FollowerState was interrupted: java.lang.InterruptedException: sleep interrupted
2019-10-18 11:24:54,305 [grpc-default-executor-1] INFO  impl.RoleInfo (RoleInfo.java:updateAndGet(143)) - 54aabb14-4a7d-4ab3-adbe-2e67760b87f4: start FollowerState
2019-10-18 11:24:54,305 [Thread-1878] INFO  impl.FollowerState (FollowerState.java:run(117)) - c652e2ee-3322-4406-8db6-1ea643cb3197@group-7E32184879DE-FollowerState was interrupted: java.lang.InterruptedException: sleep interrupted
2019-10-18 11:24:54,305 [grpc-default-executor-3] INFO  impl.RoleInfo (RoleInfo.java:updateAndGet(143)) - c652e2ee-3322-4406-8db6-1ea643cb3197: start FollowerState
2019-10-18 11:24:54,329 [f535bb4a-cba0-4f9b-9e3e-e4a48b3eda51@group-7E32184879DE-LeaderElection262] INFO  impl.LeaderElection (LeaderElection.java:logAndReturn(56)) - f535bb4a-cba0-4f9b-9e3e-e4a48b3eda51@group-7E32184879DE-LeaderElection262: Election REJECTED; received 2 response(s) [f535bb4a-cba0-4f9b-9e3e-e4a48b3eda51<-54aabb14-4a7d-4ab3-adbe-2e67760b87f4#0:FAIL-t311, f535bb4a-cba0-4f9b-9e3e-e4a48b3eda51<-c652e2ee-3322-4406-8db6-1ea643cb3197#0:FAIL-t311] and 0 exception(s); f535bb4a-cba0-4f9b-9e3e-e4a48b3eda51@group-7E32184879DE:t311, leader=null, voted=f535bb4a-cba0-4f9b-9e3e-e4a48b3eda51, raftlog=f535bb4a-cba0-4f9b-9e3e-e4a48b3eda51@group-7E32184879DE-SegmentedRaftLog:OPENED:c-1,f-1,i0, conf=-1: [f535bb4a-cba0-4f9b-9e3e-e4a48b3eda51:0.0.0.0:44706, 54aabb14-4a7d-4ab3-adbe-2e67760b87f4:0.0.0.0:43074, c652e2ee-3322-4406-8db6-1ea643cb3197:0.0.0.0:42129], old=null
2019-10-18 11:24:54,329 [f535bb4a-cba0-4f9b-9e3e-e4a48b3eda51@group-7E32184879DE-LeaderElection262] INFO  impl.RaftServerImpl (RaftServerImpl.java:setRole(184)) - f535bb4a-cba0-4f9b-9e3e-e4a48b3eda51@group-7E32184879DE: changes role from CANDIDATE to FOLLOWER at term 311 for DISCOVERED_A_NEW_TERM
2019-10-18 11:24:54,329 [f535bb4a-cba0-4f9b-9e3e-e4a48b3eda51@group-7E32184879DE-LeaderElection262] INFO  impl.RoleInfo (RoleInfo.java:shutdownLeaderElection(134)) - f535bb4a-cba0-4f9b-9e3e-e4a48b3eda51: shutdown LeaderElection
2019-10-18 11:24:54,329 [f535bb4a-cba0-4f9b-9e3e-e4a48b3eda51@group-7E32184879DE-LeaderElection262] INFO  impl.RoleInfo (RoleInfo.java:updateAndGet(143)) - f535bb4a-cba0-4f9b-9e3e-e4a48b3eda51: start FollowerState
2019-10-18 11:24:54,416 [Thread-1885] INFO  impl.FollowerState (FollowerState.java:run(108)) - f535bb4a-cba0-4f9b-9e3e-e4a48b3eda51@group-7E32184879DE-FollowerState: change to CANDIDATE, lastRpcTime:86ms, electionTimeout:86ms
2019-10-18 11:24:54,416 [Thread-1885] INFO  impl.RoleInfo (RoleInfo.java:shutdownFollowerState(121)) - f535bb4a-cba0-4f9b-9e3e-e4a48b3eda51: shutdown FollowerState
2019-10-18 11:24:54,416 [Thread-1885] INFO  impl.RaftServerImpl (RaftServerImpl.java:setRole(184)) - f535bb4a-cba0-4f9b-9e3e-e4a48b3eda51@group-7E32184879DE: changes role from  FOLLOWER to CANDIDATE at term 311 for changeToCandidate
2019-10-18 11:24:54,416 [Thread-1885] INFO  impl.RoleInfo (RoleInfo.java:updateAndGet(143)) - f535bb4a-cba0-4f9b-9e3e-e4a48b3eda51: start LeaderElection
2019-10-18 11:24:54,445 [f535bb4a-cba0-4f9b-9e3e-e4a48b3eda51@group-7E32184879DE-LeaderElection263] INFO  impl.LeaderElection (LeaderElection.java:askForVotes(178)) - f535bb4a-cba0-4f9b-9e3e-e4a48b3eda51@group-7E32184879DE-LeaderElection263: begin an election at term 312 for -1: [f535bb4a-cba0-4f9b-9e3e-e4a48b3eda51:0.0.0.0:44706, 54aabb14-4a7d-4ab3-adbe-2e67760b87f4:0.0.0.0:43074, c652e2ee-3322-4406-8db6-1ea643cb3197:0.0.0.0:42129], old=null
2019-10-18 11:24:54,447 [f535bb4a-cba0-4f9b-9e3e-e4a48b3eda51@group-7E32184879DE-LeaderElection263] INFO  impl.LeaderElection (LeaderElection.java:logAndReturn(56)) - f535bb4a-cba0-4f9b-9e3e-e4a48b3eda51@group-7E32184879DE-LeaderElection263: Election TIMEOUT; received 0 response(s) [] and 0 exception(s); f535bb4a-cba0-4f9b-9e3e-e4a48b3eda51@group-7E32184879DE:t312, leader=null, voted=f535bb4a-cba0-4f9b-9e3e-e4a48b3eda51, raftlog=f535bb4a-cba0-4f9b-9e3e-e4a48b3eda51@group-7E32184879DE-SegmentedRaftLog:OPENED:c-1,f-1,i0, conf=-1: [f535bb4a-cba0-4f9b-9e3e-e4a48b3eda51:0.0.0.0:44706, 54aabb14-4a7d-4ab3-adbe-2e67760b87f4:0.0.0.0:43074, c652e2ee-3322-4406-8db6-1ea643cb3197:0.0.0.0:42129], old=null
2019-10-18 11:24:54,448 [grpc-default-executor-3] INFO  impl.RaftServerImpl (RaftServerImpl.java:setRole(184)) - 54aabb14-4a7d-4ab3-adbe-2e67760b87f4@group-7E32184879DE: changes role from  FOLLOWER to FOLLOWER at term 312 for recognizeCandidate:f535bb4a-cba0-4f9b-9e3e-e4a48b3eda51
2019-10-18 11:24:54,448 [grpc-default-executor-1] INFO  impl.RaftServerImpl (RaftServerImpl.java:setRole(184)) - c652e2ee-3322-4406-8db6-1ea643cb3197@group-7E32184879DE: changes role from  FOLLOWER to FOLLOWER at term 312 for recognizeCandidate:f535bb4a-cba0-4f9b-9e3e-e4a48b3eda51
2019-10-18 11:24:54,448 [grpc-default-executor-3] INFO  impl.RoleInfo (RoleInfo.java:shutdownFollowerState(121)) - 54aabb14-4a7d-4ab3-adbe-2e67760b87f4: shutdown FollowerState
2019-10-18 11:24:54,448 [grpc-default-executor-1] INFO  impl.RoleInfo (RoleInfo.java:shutdownFollowerState(121)) - c652e2ee-3322-4406-8db6-1ea643cb3197: shutdown FollowerState
2019-10-18 11:24:54,448 [Thread-1883] INFO  impl.FollowerState (FollowerState.java:run(117)) - 54aabb14-4a7d-4ab3-adbe-2e67760b87f4@group-7E32184879DE-FollowerState was interrupted: java.lang.InterruptedException: sleep interrupted
2019-10-18 11:24:54,448 [grpc-default-executor-3] INFO  impl.RoleInfo (RoleInfo.java:updateAndGet(143)) - 54aabb14-4a7d-4ab3-adbe-2e67760b87f4: start FollowerState
2019-10-18 11:24:54,449 [Thread-1884] INFO  impl.FollowerState (FollowerState.java:run(117)) - c652e2ee-3322-4406-8db6-1ea643cb3197@group-7E32184879DE-FollowerState was interrupted: java.lang.InterruptedException: sleep interrupted
2019-10-18 11:24:54,449 [grpc-default-executor-1] INFO  impl.RoleInfo (RoleInfo.java:updateAndGet(143)) - c652e2ee-3322-4406-8db6-1ea643cb3197: start FollowerState
2019-10-18 11:24:54,471 [f535bb4a-cba0-4f9b-9e3e-e4a48b3eda51@group-7E32184879DE-LeaderElection263] INFO  impl.LeaderElection (LeaderElection.java:askForVotes(178)) - f535bb4a-cba0-4f9b-9e3e-e4a48b3eda51@group-7E32184879DE-LeaderElection263: begin an election at term 313 for -1: [f535bb4a-cba0-4f9b-9e3e-e4a48b3eda51:0.0.0.0:44706, 54aabb14-4a7d-4ab3-adbe-2e67760b87f4:0.0.0.0:43074, c652e2ee-3322-4406-8db6-1ea643cb3197:0.0.0.0:42129], old=null
2019-10-18 11:24:54,472 [grpc-default-executor-3] INFO  impl.RaftServerImpl (RaftServerImpl.java:setRole(184)) - c652e2ee-3322-4406-8db6-1ea643cb3197@group-7E32184879DE: changes role from  FOLLOWER to FOLLOWER at term 313 for recognizeCandidate:f535bb4a-cba0-4f9b-9e3e-e4a48b3eda51
2019-10-18 11:24:54,473 [grpc-default-executor-3] INFO  impl.RoleInfo (RoleInfo.java:shutdownFollowerState(121)) - c652e2ee-3322-4406-8db6-1ea643cb3197: shutdown FollowerState
2019-10-18 11:24:54,473 [grpc-default-executor-1] INFO  impl.RaftServerImpl (RaftServerImpl.java:setRole(184)) - 54aabb14-4a7d-4ab3-adbe-2e67760b87f4@group-7E32184879DE: changes role from  FOLLOWER to FOLLOWER at term 313 for recognizeCandidate:f535bb4a-cba0-4f9b-9e3e-e4a48b3eda51
2019-10-18 11:24:54,473 [Thread-1892] INFO  impl.FollowerState (FollowerState.java:run(117)) - c652e2ee-3322-4406-8db6-1ea643cb3197@group-7E32184879DE-FollowerState was interrupted: java.lang.InterruptedException: sleep interrupted
2019-10-18 11:24:54,473 [grpc-default-executor-3] INFO  impl.RoleInfo (RoleInfo.java:updateAndGet(143)) - c652e2ee-3322-4406-8db6-1ea643cb3197: start FollowerState
2019-10-18 11:24:54,473 [grpc-default-executor-1] INFO  impl.RoleInfo (RoleInfo.java:shutdownFollowerState(121)) - 54aabb14-4a7d-4ab3-adbe-2e67760b87f4: shutdown FollowerState
2019-10-18 11:24:54,473 [grpc-default-executor-1] INFO  impl.RoleInfo (RoleInfo.java:updateAndGet(143)) - 54aabb14-4a7d-4ab3-adbe-2e67760b87f4: start FollowerState
2019-10-18 11:24:54,473 [Thread-1891] INFO  impl.FollowerState (FollowerState.java:run(117)) - 54aabb14-4a7d-4ab3-adbe-2e67760b87f4@group-7E32184879DE-FollowerState was interrupted: java.lang.InterruptedException: sleep interrupted
2019-10-18 11:24:54,497 [f535bb4a-cba0-4f9b-9e3e-e4a48b3eda51@group-7E32184879DE-LeaderElection263] INFO  impl.LeaderElection (LeaderElection.java:logAndReturn(56)) - f535bb4a-cba0-4f9b-9e3e-e4a48b3eda51@group-7E32184879DE-LeaderElection263: Election REJECTED; received 2 response(s) [f535bb4a-cba0-4f9b-9e3e-e4a48b3eda51<-54aabb14-4a7d-4ab3-adbe-2e67760b87f4#0:FAIL-t313, f535bb4a-cba0-4f9b-9e3e-e4a48b3eda51<-c652e2ee-3322-4406-8db6-1ea643cb3197#0:FAIL-t313] and 0 exception(s); f535bb4a-cba0-4f9b-9e3e-e4a48b3eda51@group-7E32184879DE:t313, leader=null, voted=f535bb4a-cba0-4f9b-9e3e-e4a48b3eda51, raftlog=f535bb4a-cba0-4f9b-9e3e-e4a48b3eda51@group-7E32184879DE-SegmentedRaftLog:OPENED:c-1,f-1,i0, conf=-1: [f535bb4a-cba0-4f9b-9e3e-e4a48b3eda51:0.0.0.0:44706, 54aabb14-4a7d-4ab3-adbe-2e67760b87f4:0.0.0.0:43074, c652e2ee-3322-4406-8db6-1ea643cb3197:0.0.0.0:42129], old=null
2019-10-18 11:24:54,497 [f535bb4a-cba0-4f9b-9e3e-e4a48b3eda51@group-7E32184879DE-LeaderElection263] INFO  impl.RaftServerImpl (RaftServerImpl.java:setRole(184)) - f535bb4a-cba0-4f9b-9e3e-e4a48b3eda51@group-7E32184879DE: changes role from CANDIDATE to FOLLOWER at term 313 for DISCOVERED_A_NEW_TERM
2019-10-18 11:24:54,497 [f535bb4a-cba0-4f9b-9e3e-e4a48b3eda51@group-7E32184879DE-LeaderElection263] INFO  impl.RoleInfo (RoleInfo.java:shutdownLeaderElection(134)) - f535bb4a-cba0-4f9b-9e3e-e4a48b3eda51: shutdown LeaderElection
2019-10-18 11:24:54,497 [f535bb4a-cba0-4f9b-9e3e-e4a48b3eda51@group-7E32184879DE-LeaderElection263] INFO  impl.RoleInfo (RoleInfo.java:updateAndGet(143)) - f535bb4a-cba0-4f9b-9e3e-e4a48b3eda51: start FollowerState
2019-10-18 11:24:54,591 [Thread-1897] INFO  impl.FollowerState (FollowerState.java:run(108)) - f535bb4a-cba0-4f9b-9e3e-e4a48b3eda51@group-7E32184879DE-FollowerState: change to CANDIDATE, lastRpcTime:94ms, electionTimeout:94ms
2019-10-18 11:24:54,592 [Thread-1897] INFO  impl.RoleInfo (RoleInfo.java:shutdownFollowerState(121)) - f535bb4a-cba0-4f9b-9e3e-e4a48b3eda51: shutdown FollowerState
2019-10-18 11:24:54,592 [Thread-1897] INFO  impl.RaftServerImpl (RaftServerImpl.java:setRole(184)) - f535bb4a-cba0-4f9b-9e3e-e4a48b3eda51@group-7E32184879DE: changes role from  FOLLOWER to CANDIDATE at term 313 for changeToCandidate
2019-10-18 11:24:54,592 [Thread-1897] INFO  impl.RoleInfo (RoleInfo.java:updateAndGet(143)) - f535bb4a-cba0-4f9b-9e3e-e4a48b3eda51: start LeaderElection
2019-10-18 11:24:54,621 [f535bb4a-cba0-4f9b-9e3e-e4a48b3eda51@group-7E32184879DE-LeaderElection264] INFO  impl.LeaderElection (LeaderElection.java:askForVotes(178)) - f535bb4a-cba0-4f9b-9e3e-e4a48b3eda51@group-7E32184879DE-LeaderElection264: begin an election at term 314 for -1: [f535bb4a-cba0-4f9b-9e3e-e4a48b3eda51:0.0.0.0:44706, 54aabb14-4a7d-4ab3-adbe-2e67760b87f4:0.0.0.0:43074, c652e2ee-3322-4406-8db6-1ea643cb3197:0.0.0.0:42129], old=null
2019-10-18 11:24:54,624 [grpc-default-executor-3] INFO  impl.RaftServerImpl (RaftServerImpl.java:setRole(184)) - 54aabb14-4a7d-4ab3-adbe-2e67760b87f4@group-7E32184879DE: changes role from  FOLLOWER to FOLLOWER at term 314 for recognizeCandidate:f535bb4a-cba0-4f9b-9e3e-e4a48b3eda51
2019-10-18 11:24:54,624 [grpc-default-executor-1] INFO  impl.RaftServerImpl (RaftServerImpl.java:setRole(184)) - c652e2ee-3322-4406-8db6-1ea643cb3197@group-7E32184879DE: changes role from  FOLLOWER to FOLLOWER at term 314 for recognizeCandidate:f535bb4a-cba0-4f9b-9e3e-e4a48b3eda51
2019-10-18 11:24:54,624 [grpc-default-executor-3] INFO  impl.RoleInfo (RoleInfo.java:shutdownFollowerState(121)) - 54aabb14-4a7d-4ab3-adbe-2e67760b87f4: shutdown FollowerState
2019-10-18 11:24:54,624 [grpc-default-executor-1] INFO  impl.RoleInfo (RoleInfo.java:shutdownFollowerState(121)) - c652e2ee-3322-4406-8db6-1ea643cb3197: shutdown FollowerState
2019-10-18 11:24:54,624 [Thread-1896] INFO  impl.FollowerState (FollowerState.java:run(117)) - 54aabb14-4a7d-4ab3-adbe-2e67760b87f4@group-7E32184879DE-FollowerState was interrupted: java.lang.InterruptedException: sleep interrupted
2019-10-18 11:24:54,624 [grpc-default-executor-3] INFO  impl.RoleInfo (RoleInfo.java:updateAndGet(143)) - 54aabb14-4a7d-4ab3-adbe-2e67760b87f4: start FollowerState
2019-10-18 11:24:54,624 [Thread-1895] INFO  impl.FollowerState (FollowerState.java:run(117)) - c652e2ee-3322-4406-8db6-1ea643cb3197@group-7E32184879DE-FollowerState was interrupted: java.lang.InterruptedException: sleep interrupted
2019-10-18 11:24:54,624 [grpc-default-executor-1] INFO  impl.RoleInfo (RoleInfo.java:updateAndGet(143)) - c652e2ee-3322-4406-8db6-1ea643cb3197: start FollowerState
2019-10-18 11:24:54,647 [f535bb4a-cba0-4f9b-9e3e-e4a48b3eda51@group-7E32184879DE-LeaderElection264] INFO  impl.LeaderElection (LeaderElection.java:logAndReturn(56)) - f535bb4a-cba0-4f9b-9e3e-e4a48b3eda51@group-7E32184879DE-LeaderElection264: Election REJECTED; received 2 response(s) [f535bb4a-cba0-4f9b-9e3e-e4a48b3eda51<-54aabb14-4a7d-4ab3-adbe-2e67760b87f4#0:FAIL-t314, f535bb4a-cba0-4f9b-9e3e-e4a48b3eda51<-c652e2ee-3322-4406-8db6-1ea643cb3197#0:FAIL-t314] and 0 exception(s); f535bb4a-cba0-4f9b-9e3e-e4a48b3eda51@group-7E32184879DE:t314, leader=null, voted=f535bb4a-cba0-4f9b-9e3e-e4a48b3eda51, raftlog=f535bb4a-cba0-4f9b-9e3e-e4a48b3eda51@group-7E32184879DE-SegmentedRaftLog:OPENED:c-1,f-1,i0, conf=-1: [f535bb4a-cba0-4f9b-9e3e-e4a48b3eda51:0.0.0.0:44706, 54aabb14-4a7d-4ab3-adbe-2e67760b87f4:0.0.0.0:43074, c652e2ee-3322-4406-8db6-1ea643cb3197:0.0.0.0:42129], old=null
2019-10-18 11:24:54,648 [f535bb4a-cba0-4f9b-9e3e-e4a48b3eda51@group-7E32184879DE-LeaderElection264] INFO  impl.RaftServerImpl (RaftServerImpl.java:setRole(184)) - f535bb4a-cba0-4f9b-9e3e-e4a48b3eda51@group-7E32184879DE: changes role from CANDIDATE to FOLLOWER at term 314 for DISCOVERED_A_NEW_TERM
2019-10-18 11:24:54,648 [f535bb4a-cba0-4f9b-9e3e-e4a48b3eda51@group-7E32184879DE-LeaderElection264] INFO  impl.RoleInfo (RoleInfo.java:shutdownLeaderElection(134)) - f535bb4a-cba0-4f9b-9e3e-e4a48b3eda51: shutdown LeaderElection
2019-10-18 11:24:54,648 [f535bb4a-cba0-4f9b-9e3e-e4a48b3eda51@group-7E32184879DE-LeaderElection264] INFO  impl.RoleInfo (RoleInfo.java:updateAndGet(143)) - f535bb4a-cba0-4f9b-9e3e-e4a48b3eda51: start FollowerState
2019-10-18 11:24:54,715 [Thread-1903] INFO  impl.FollowerState (FollowerState.java:run(108)) - f535bb4a-cba0-4f9b-9e3e-e4a48b3eda51@group-7E32184879DE-FollowerState: change to CANDIDATE, lastRpcTime:67ms, electionTimeout:67ms
2019-10-18 11:24:54,715 [Thread-1903] INFO  impl.RoleInfo (RoleInfo.java:shutdownFollowerState(121)) - f535bb4a-cba0-4f9b-9e3e-e4a48b3eda51: shutdown FollowerState
2019-10-18 11:24:54,716 [Thread-1903] INFO  impl.RaftServerImpl (RaftServerImpl.java:setRole(184)) - f535bb4a-cba0-4f9b-9e3e-e4a48b3eda51@group-7E32184879DE: changes role from  FOLLOWER to CANDIDATE at term 314 for changeToCandidate
2019-10-18 11:24:54,716 [Thread-1903] INFO  impl.RoleInfo (RoleInfo.java:updateAndGet(143)) - f535bb4a-cba0-4f9b-9e3e-e4a48b3eda51: start LeaderElection
2019-10-18 11:24:54,739 [f535bb4a-cba0-4f9b-9e3e-e4a48b3eda51@group-7E32184879DE-LeaderElection265] INFO  impl.LeaderElection (LeaderElection.java:askForVotes(178)) - f535bb4a-cba0-4f9b-9e3e-e4a48b3eda51@group-7E32184879DE-LeaderElection265: begin an election at term 315 for -1: [f535bb4a-cba0-4f9b-9e3e-e4a48b3eda51:0.0.0.0:44706, 54aabb14-4a7d-4ab3-adbe-2e67760b87f4:0.0.0.0:43074, c652e2ee-3322-4406-8db6-1ea643cb3197:0.0.0.0:42129], old=null
2019-10-18 11:24:54,740 [grpc-default-executor-1] INFO  impl.RaftServerImpl (RaftServerImpl.java:setRole(184)) - 54aabb14-4a7d-4ab3-adbe-2e67760b87f4@group-7E32184879DE: changes role from  FOLLOWER to FOLLOWER at term 315 for recognizeCandidate:f535bb4a-cba0-4f9b-9e3e-e4a48b3eda51
2019-10-18 11:24:54,741 [grpc-default-executor-1] INFO  impl.RoleInfo (RoleInfo.java:shutdownFollowerState(121)) - 54aabb14-4a7d-4ab3-adbe-2e67760b87f4: shutdown FollowerState
2019-10-18 11:24:54,741 [grpc-default-executor-1] INFO  impl.RoleInfo (RoleInfo.java:updateAndGet(143)) - 54aabb14-4a7d-4ab3-adbe-2e67760b87f4: start FollowerState
2019-10-18 11:24:54,741 [Thread-1901] INFO  impl.FollowerState (FollowerState.java:run(117)) - 54aabb14-4a7d-4ab3-adbe-2e67760b87f4@group-7E32184879DE-FollowerState was interrupted: java.lang.InterruptedException: sleep interrupted
2019-10-18 11:24:54,741 [grpc-default-executor-3] INFO  impl.RaftServerImpl (RaftServerImpl.java:setRole(184)) - c652e2ee-3322-4406-8db6-1ea643cb3197@group-7E32184879DE: changes role from  FOLLOWER to FOLLOWER at term 315 for recognizeCandidate:f535bb4a-cba0-4f9b-9e3e-e4a48b3eda51
2019-10-18 11:24:54,741 [grpc-default-executor-3] INFO  impl.RoleInfo (RoleInfo.java:shutdownFollowerState(121)) - c652e2ee-3322-4406-8db6-1ea643cb3197: shutdown FollowerState
2019-10-18 11:24:54,741 [grpc-default-executor-3] INFO  impl.RoleInfo (RoleInfo.java:updateAndGet(143)) - c652e2ee-3322-4406-8db6-1ea643cb3197: start FollowerState
2019-10-18 11:24:54,741 [Thread-1902] INFO  impl.FollowerState (FollowerState.java:run(117)) - c652e2ee-3322-4406-8db6-1ea643cb3197@group-7E32184879DE-FollowerState was interrupted: java.lang.InterruptedException: sleep interrupted
2019-10-18 11:24:54,765 [f535bb4a-cba0-4f9b-9e3e-e4a48b3eda51@group-7E32184879DE-LeaderElection265] INFO  impl.LeaderElection (LeaderElection.java:logAndReturn(56)) - f535bb4a-cba0-4f9b-9e3e-e4a48b3eda51@group-7E32184879DE-LeaderElection265: Election REJECTED; received 2 response(s) [f535bb4a-cba0-4f9b-9e3e-e4a48b3eda51<-54aabb14-4a7d-4ab3-adbe-2e67760b87f4#0:FAIL-t315, f535bb4a-cba0-4f9b-9e3e-e4a48b3eda51<-c652e2ee-3322-4406-8db6-1ea643cb3197#0:FAIL-t315] and 0 exception(s); f535bb4a-cba0-4f9b-9e3e-e4a48b3eda51@group-7E32184879DE:t315, leader=null, voted=f535bb4a-cba0-4f9b-9e3e-e4a48b3eda51, raftlog=f535bb4a-cba0-4f9b-9e3e-e4a48b3eda51@group-7E32184879DE-SegmentedRaftLog:OPENED:c-1,f-1,i0, conf=-1: [f535bb4a-cba0-4f9b-9e3e-e4a48b3eda51:0.0.0.0:44706, 54aabb14-4a7d-4ab3-adbe-2e67760b87f4:0.0.0.0:43074, c652e2ee-3322-4406-8db6-1ea643cb3197:0.0.0.0:42129], old=null
2019-10-18 11:24:54,765 [f535bb4a-cba0-4f9b-9e3e-e4a48b3eda51@group-7E32184879DE-LeaderElection265] INFO  impl.RaftServerImpl (RaftServerImpl.java:setRole(184)) - f535bb4a-cba0-4f9b-9e3e-e4a48b3eda51@group-7E32184879DE: changes role from CANDIDATE to FOLLOWER at term 315 for DISCOVERED_A_NEW_TERM
2019-10-18 11:24:54,765 [f535bb4a-cba0-4f9b-9e3e-e4a48b3eda51@group-7E32184879DE-LeaderElection265] INFO  impl.RoleInfo (RoleInfo.java:shutdownLeaderElection(134)) - f535bb4a-cba0-4f9b-9e3e-e4a48b3eda51: shutdown LeaderElection
2019-10-18 11:24:54,765 [f535bb4a-cba0-4f9b-9e3e-e4a48b3eda51@group-7E32184879DE-LeaderElection265] INFO  impl.RoleInfo (RoleInfo.java:updateAndGet(143)) - f535bb4a-cba0-4f9b-9e3e-e4a48b3eda51: start FollowerState
2019-10-18 11:24:54,933 [Thread-1909] INFO  impl.FollowerState (FollowerState.java:run(108)) - f535bb4a-cba0-4f9b-9e3e-e4a48b3eda51@group-7E32184879DE-FollowerState: change to CANDIDATE, lastRpcTime:167ms, electionTimeout:167ms
2019-10-18 11:24:54,933 [Thread-1909] INFO  impl.RoleInfo (RoleInfo.java:shutdownFollowerState(121)) - f535bb4a-cba0-4f9b-9e3e-e4a48b3eda51: shutdown FollowerState
2019-10-18 11:24:54,933 [Thread-1909] INFO  impl.RaftServerImpl (RaftServerImpl.java:setRole(184)) - f535bb4a-cba0-4f9b-9e3e-e4a48b3eda51@group-7E32184879DE: changes role from  FOLLOWER to CANDIDATE at term 315 for changeToCandidate
2019-10-18 11:24:54,933 [Thread-1909] INFO  impl.RoleInfo (RoleInfo.java:updateAndGet(143)) - f535bb4a-cba0-4f9b-9e3e-e4a48b3eda51: start LeaderElection
2019-10-18 11:24:54,957 [f535bb4a-cba0-4f9b-9e3e-e4a48b3eda51@group-7E32184879DE-LeaderElection266] INFO  impl.LeaderElection (LeaderElection.java:askForVotes(178)) - f535bb4a-cba0-4f9b-9e3e-e4a48b3eda51@group-7E32184879DE-LeaderElection266: begin an election at term 316 for -1: [f535bb4a-cba0-4f9b-9e3e-e4a48b3eda51:0.0.0.0:44706, 54aabb14-4a7d-4ab3-adbe-2e67760b87f4:0.0.0.0:43074, c652e2ee-3322-4406-8db6-1ea643cb3197:0.0.0.0:42129], old=null
2019-10-18 11:24:54,959 [grpc-default-executor-3] INFO  impl.RaftServerImpl (RaftServerImpl.java:setRole(184)) - 54aabb14-4a7d-4ab3-adbe-2e67760b87f4@group-7E32184879DE: changes role from  FOLLOWER to FOLLOWER at term 316 for recognizeCandidate:f535bb4a-cba0-4f9b-9e3e-e4a48b3eda51
2019-10-18 11:24:54,959 [grpc-default-executor-3] INFO  impl.RoleInfo (RoleInfo.java:shutdownFollowerState(121)) - 54aabb14-4a7d-4ab3-adbe-2e67760b87f4: shutdown FollowerState
2019-10-18 11:24:54,959 [grpc-default-executor-3] INFO  impl.RoleInfo (RoleInfo.java:updateAndGet(143)) - 54aabb14-4a7d-4ab3-adbe-2e67760b87f4: start FollowerState
2019-10-18 11:24:54,959 [Thread-1907] INFO  impl.FollowerState (FollowerState.java:run(117)) - 54aabb14-4a7d-4ab3-adbe-2e67760b87f4@group-7E32184879DE-FollowerState was interrupted: java.lang.InterruptedException: sleep interrupted
2019-10-18 11:24:54,959 [grpc-default-executor-1] INFO  impl.RaftServerImpl (RaftServerImpl.java:setRole(184)) - c652e2ee-3322-4406-8db6-1ea643cb3197@group-7E32184879DE: changes role from  FOLLOWER to FOLLOWER at term 316 for recognizeCandidate:f535bb4a-cba0-4f9b-9e3e-e4a48b3eda51
2019-10-18 11:24:54,960 [grpc-default-executor-1] INFO  impl.RoleInfo (RoleInfo.java:shutdownFollowerState(121)) - c652e2ee-3322-4406-8db6-1ea643cb3197: shutdown FollowerState
2019-10-18 11:24:54,960 [grpc-default-executor-1] INFO  impl.RoleInfo (RoleInfo.java:updateAndGet(143)) - c652e2ee-3322-4406-8db6-1ea643cb3197: start FollowerState
2019-10-18 11:24:54,960 [Thread-1908] INFO  impl.FollowerState (FollowerState.java:run(117)) - c652e2ee-3322-4406-8db6-1ea643cb3197@group-7E32184879DE-FollowerState was interrupted: java.lang.InterruptedException: sleep interrupted
2019-10-18 11:24:54,983 [f535bb4a-cba0-4f9b-9e3e-e4a48b3eda51@group-7E32184879DE-LeaderElection266] INFO  impl.LeaderElection (LeaderElection.java:logAndReturn(56)) - f535bb4a-cba0-4f9b-9e3e-e4a48b3eda51@group-7E32184879DE-LeaderElection266: Election REJECTED; received 2 response(s) [f535bb4a-cba0-4f9b-9e3e-e4a48b3eda51<-54aabb14-4a7d-4ab3-adbe-2e67760b87f4#0:FAIL-t316, f535bb4a-cba0-4f9b-9e3e-e4a48b3eda51<-c652e2ee-3322-4406-8db6-1ea643cb3197#0:FAIL-t316] and 0 exception(s); f535bb4a-cba0-4f9b-9e3e-e4a48b3eda51@group-7E32184879DE:t316, leader=null, voted=f535bb4a-cba0-4f9b-9e3e-e4a48b3eda51, raftlog=f535bb4a-cba0-4f9b-9e3e-e4a48b3eda51@group-7E32184879DE-SegmentedRaftLog:OPENED:c-1,f-1,i0, conf=-1: [f535bb4a-cba0-4f9b-9e3e-e4a48b3eda51:0.0.0.0:44706, 54aabb14-4a7d-4ab3-adbe-2e67760b87f4:0.0.0.0:43074, c652e2ee-3322-4406-8db6-1ea643cb3197:0.0.0.0:42129], old=null
2019-10-18 11:24:54,983 [f535bb4a-cba0-4f9b-9e3e-e4a48b3eda51@group-7E32184879DE-LeaderElection266] INFO  impl.RaftServerImpl (RaftServerImpl.java:setRole(184)) - f535bb4a-cba0-4f9b-9e3e-e4a48b3eda51@group-7E32184879DE: changes role from CANDIDATE to FOLLOWER at term 316 for DISCOVERED_A_NEW_TERM
2019-10-18 11:24:54,983 [f535bb4a-cba0-4f9b-9e3e-e4a48b3eda51@group-7E32184879DE-LeaderElection266] INFO  impl.RoleInfo (RoleInfo.java:shutdownLeaderElection(134)) - f535bb4a-cba0-4f9b-9e3e-e4a48b3eda51: shutdown LeaderElection
2019-10-18 11:24:54,983 [f535bb4a-cba0-4f9b-9e3e-e4a48b3eda51@group-7E32184879DE-LeaderElection266] INFO  impl.RoleInfo (RoleInfo.java:updateAndGet(143)) - f535bb4a-cba0-4f9b-9e3e-e4a48b3eda51: start FollowerState
2019-10-18 11:24:54,988 [Thread-1915] INFO  impl.FollowerState (FollowerState.java:run(108)) - f535bb4a-cba0-4f9b-9e3e-e4a48b3eda51@group-7E32184879DE-FollowerState: change to CANDIDATE, lastRpcTime:4ms, electionTimeout:4ms
2019-10-18 11:24:54,988 [Thread-1915] INFO  impl.RoleInfo (RoleInfo.java:shutdownFollowerState(121)) - f535bb4a-cba0-4f9b-9e3e-e4a48b3eda51: shutdown FollowerState
2019-10-18 11:24:54,988 [Thread-1915] INFO  impl.RaftServerImpl (RaftServerImpl.java:setRole(184)) - f535bb4a-cba0-4f9b-9e3e-e4a48b3eda51@group-7E32184879DE: changes role from  FOLLOWER to CANDIDATE at term 316 for changeToCandidate
2019-10-18 11:24:54,988 [Thread-1915] INFO  impl.RoleInfo (RoleInfo.java:updateAndGet(143)) - f535bb4a-cba0-4f9b-9e3e-e4a48b3eda51: start LeaderElection
2019-10-18 11:24:55,012 [f535bb4a-cba0-4f9b-9e3e-e4a48b3eda51@group-7E32184879DE-LeaderElection267] INFO  impl.LeaderElection (LeaderElection.java:askForVotes(178)) - f535bb4a-cba0-4f9b-9e3e-e4a48b3eda51@group-7E32184879DE-LeaderElection267: begin an election at term 317 for -1: [f535bb4a-cba0-4f9b-9e3e-e4a48b3eda51:0.0.0.0:44706, 54aabb14-4a7d-4ab3-adbe-2e67760b87f4:0.0.0.0:43074, c652e2ee-3322-4406-8db6-1ea643cb3197:0.0.0.0:42129], old=null
2019-10-18 11:24:55,013 [grpc-default-executor-1] INFO  impl.RaftServerImpl (RaftServerImpl.java:setRole(184)) - 54aabb14-4a7d-4ab3-adbe-2e67760b87f4@group-7E32184879DE: changes role from  FOLLOWER to FOLLOWER at term 317 for recognizeCandidate:f535bb4a-cba0-4f9b-9e3e-e4a48b3eda51
2019-10-18 11:24:55,013 [grpc-default-executor-1] INFO  impl.RoleInfo (RoleInfo.java:shutdownFollowerState(121)) - 54aabb14-4a7d-4ab3-adbe-2e67760b87f4: shutdown FollowerState
2019-10-18 11:24:55,013 [grpc-default-executor-3] INFO  impl.RaftServerImpl (RaftServerImpl.java:setRole(184)) - c652e2ee-3322-4406-8db6-1ea643cb3197@group-7E32184879DE: changes role from  FOLLOWER to FOLLOWER at term 317 for recognizeCandidate:f535bb4a-cba0-4f9b-9e3e-e4a48b3eda51
2019-10-18 11:24:55,014 [Thread-1913] INFO  impl.FollowerState (FollowerState.java:run(117)) - 54aabb14-4a7d-4ab3-adbe-2e67760b87f4@group-7E32184879DE-FollowerState was interrupted: java.lang.InterruptedException: sleep interrupted
2019-10-18 11:24:55,014 [grpc-default-executor-1] INFO  impl.RoleInfo (RoleInfo.java:updateAndGet(143)) - 54aabb14-4a7d-4ab3-adbe-2e67760b87f4: start FollowerState
2019-10-18 11:24:55,014 [grpc-default-executor-3] INFO  impl.RoleInfo (RoleInfo.java:shutdownFollowerState(121)) - c652e2ee-3322-4406-8db6-1ea643cb3197: shutdown FollowerState
2019-10-18 11:24:55,014 [grpc-default-executor-3] INFO  impl.RoleInfo (RoleInfo.java:updateAndGet(143)) - c652e2ee-3322-4406-8db6-1ea643cb3197: start FollowerState
2019-10-18 11:24:55,014 [Thread-1914] INFO  impl.FollowerState (FollowerState.java:run(117)) - c652e2ee-3322-4406-8db6-1ea643cb3197@group-7E32184879DE-FollowerState was interrupted: java.lang.InterruptedException: sleep interrupted
2019-10-18 11:24:55,038 [f535bb4a-cba0-4f9b-9e3e-e4a48b3eda51@group-7E32184879DE-LeaderElection267] INFO  impl.LeaderElection (LeaderElection.java:logAndReturn(56)) - f535bb4a-cba0-4f9b-9e3e-e4a48b3eda51@group-7E32184879DE-LeaderElection267: Election REJECTED; received 2 response(s) [f535bb4a-cba0-4f9b-9e3e-e4a48b3eda51<-54aabb14-4a7d-4ab3-adbe-2e67760b87f4#0:FAIL-t317, f535bb4a-cba0-4f9b-9e3e-e4a48b3eda51<-c652e2ee-3322-4406-8db6-1ea643cb3197#0:FAIL-t317] and 0 exception(s); f535bb4a-cba0-4f9b-9e3e-e4a48b3eda51@group-7E32184879DE:t317, leader=null, voted=f535bb4a-cba0-4f9b-9e3e-e4a48b3eda51, raftlog=f535bb4a-cba0-4f9b-9e3e-e4a48b3eda51@group-7E32184879DE-SegmentedRaftLog:OPENED:c-1,f-1,i0, conf=-1: [f535bb4a-cba0-4f9b-9e3e-e4a48b3eda51:0.0.0.0:44706, 54aabb14-4a7d-4ab3-adbe-2e67760b87f4:0.0.0.0:43074, c652e2ee-3322-4406-8db6-1ea643cb3197:0.0.0.0:42129], old=null
2019-10-18 11:24:55,038 [f535bb4a-cba0-4f9b-9e3e-e4a48b3eda51@group-7E32184879DE-LeaderElection267] INFO  impl.RaftServerImpl (RaftServerImpl.java:setRole(184)) - f535bb4a-cba0-4f9b-9e3e-e4a48b3eda51@group-7E32184879DE: changes role from CANDIDATE to FOLLOWER at term 317 for DISCOVERED_A_NEW_TERM
2019-10-18 11:24:55,038 [f535bb4a-cba0-4f9b-9e3e-e4a48b3eda51@group-7E32184879DE-LeaderElection267] INFO  impl.RoleInfo (RoleInfo.java:shutdownLeaderElection(134)) - f535bb4a-cba0-4f9b-9e3e-e4a48b3eda51: shutdown LeaderElection
2019-10-18 11:24:55,038 [f535bb4a-cba0-4f9b-9e3e-e4a48b3eda51@group-7E32184879DE-LeaderElection267] INFO  impl.RoleInfo (RoleInfo.java:updateAndGet(143)) - f535bb4a-cba0-4f9b-9e3e-e4a48b3eda51: start FollowerState
2019-10-18 11:24:55,100 [Thread-1921] INFO  impl.FollowerState (FollowerState.java:run(108)) - f535bb4a-cba0-4f9b-9e3e-e4a48b3eda51@group-7E32184879DE-FollowerState: change to CANDIDATE, lastRpcTime:62ms, electionTimeout:62ms
2019-10-18 11:24:55,101 [Thread-1921] INFO  impl.RoleInfo (RoleInfo.java:shutdownFollowerState(121)) - f535bb4a-cba0-4f9b-9e3e-e4a48b3eda51: shutdown FollowerState
2019-10-18 11:24:55,101 [Thread-1921] INFO  impl.RaftServerImpl (RaftServerImpl.java:setRole(184)) - f535bb4a-cba0-4f9b-9e3e-e4a48b3eda51@group-7E32184879DE: changes role from  FOLLOWER to CANDIDATE at term 317 for changeToCandidate
2019-10-18 11:24:55,101 [Thread-1921] INFO  impl.RoleInfo (RoleInfo.java:updateAndGet(143)) - f535bb4a-cba0-4f9b-9e3e-e4a48b3eda51: start LeaderElection
2019-10-18 11:24:55,125 [f535bb4a-cba0-4f9b-9e3e-e4a48b3eda51@group-7E32184879DE-LeaderElection268] INFO  impl.LeaderElection (LeaderElection.java:askForVotes(178)) - f535bb4a-cba0-4f9b-9e3e-e4a48b3eda51@group-7E32184879DE-LeaderElection268: begin an election at term 318 for -1: [f535bb4a-cba0-4f9b-9e3e-e4a48b3eda51:0.0.0.0:44706, 54aabb14-4a7d-4ab3-adbe-2e67760b87f4:0.0.0.0:43074, c652e2ee-3322-4406-8db6-1ea643cb3197:0.0.0.0:42129], old=null
2019-10-18 11:24:55,127 [grpc-default-executor-1] INFO  impl.RaftServerImpl (RaftServerImpl.java:setRole(184)) - 54aabb14-4a7d-4ab3-adbe-2e67760b87f4@group-7E32184879DE: changes role from  FOLLOWER to FOLLOWER at term 318 for recognizeCandidate:f535bb4a-cba0-4f9b-9e3e-e4a48b3eda51
2019-10-18 11:24:55,127 [grpc-default-executor-3] INFO  impl.RaftServerImpl (RaftServerImpl.java:setRole(184)) - c652e2ee-3322-4406-8db6-1ea643cb3197@group-7E32184879DE: changes role from  FOLLOWER to FOLLOWER at term 318 for recognizeCandidate:f535bb4a-cba0-4f9b-9e3e-e4a48b3eda51
2019-10-18 11:24:55,127 [grpc-default-executor-1] INFO  impl.RoleInfo (RoleInfo.java:shutdownFollowerState(121)) - 54aabb14-4a7d-4ab3-adbe-2e67760b87f4: shutdown FollowerState
2019-10-18 11:24:55,127 [grpc-default-executor-3] INFO  impl.RoleInfo (RoleInfo.java:shutdownFollowerState(121)) - c652e2ee-3322-4406-8db6-1ea643cb3197: shutdown FollowerState
2019-10-18 11:24:55,128 [Thread-1919] INFO  impl.FollowerState (FollowerState.java:run(117)) - 54aabb14-4a7d-4ab3-adbe-2e67760b87f4@group-7E32184879DE-FollowerState was interrupted: java.lang.InterruptedException: sleep interrupted
2019-10-18 11:24:55,127 [grpc-default-executor-1] INFO  impl.RoleInfo (RoleInfo.java:updateAndGet(143)) - 54aabb14-4a7d-4ab3-adbe-2e67760b87f4: start FollowerState
2019-10-18 11:24:55,128 [Thread-1920] INFO  impl.FollowerState (FollowerState.java:run(117)) - c652e2ee-3322-4406-8db6-1ea643cb3197@group-7E32184879DE-FollowerState was interrupted: java.lang.InterruptedException: sleep interrupted
2019-10-18 11:24:55,128 [grpc-default-executor-3] INFO  impl.RoleInfo (RoleInfo.java:updateAndGet(143)) - c652e2ee-3322-4406-8db6-1ea643cb3197: start FollowerState
2019-10-18 11:24:55,144 [f535bb4a-cba0-4f9b-9e3e-e4a48b3eda51@group-7E32184879DE-LeaderElection268] INFO  impl.LeaderElection (LeaderElection.java:logAndReturn(56)) - f535bb4a-cba0-4f9b-9e3e-e4a48b3eda51@group-7E32184879DE-LeaderElection268: Election TIMEOUT; received 0 response(s) [] and 0 exception(s); f535bb4a-cba0-4f9b-9e3e-e4a48b3eda51@group-7E32184879DE:t318, leader=null, voted=f535bb4a-cba0-4f9b-9e3e-e4a48b3eda51, raftlog=f535bb4a-cba0-4f9b-9e3e-e4a48b3eda51@group-7E32184879DE-SegmentedRaftLog:OPENED:c-1,f-1,i0, conf=-1: [f535bb4a-cba0-4f9b-9e3e-e4a48b3eda51:0.0.0.0:44706, 54aabb14-4a7d-4ab3-adbe-2e67760b87f4:0.0.0.0:43074, c652e2ee-3322-4406-8db6-1ea643cb3197:0.0.0.0:42129], old=null
2019-10-18 11:24:55,167 [f535bb4a-cba0-4f9b-9e3e-e4a48b3eda51@group-7E32184879DE-LeaderElection268] INFO  impl.LeaderElection (LeaderElection.java:askForVotes(178)) - f535bb4a-cba0-4f9b-9e3e-e4a48b3eda51@group-7E32184879DE-LeaderElection268: begin an election at term 319 for -1: [f535bb4a-cba0-4f9b-9e3e-e4a48b3eda51:0.0.0.0:44706, 54aabb14-4a7d-4ab3-adbe-2e67760b87f4:0.0.0.0:43074, c652e2ee-3322-4406-8db6-1ea643cb3197:0.0.0.0:42129], old=null
2019-10-18 11:24:55,169 [grpc-default-executor-3] INFO  impl.RaftServerImpl (RaftServerImpl.java:setRole(184)) - 54aabb14-4a7d-4ab3-adbe-2e67760b87f4@group-7E32184879DE: changes role from  FOLLOWER to FOLLOWER at term 319 for recognizeCandidate:f535bb4a-cba0-4f9b-9e3e-e4a48b3eda51
2019-10-18 11:24:55,169 [grpc-default-executor-3] INFO  impl.RoleInfo (RoleInfo.java:shutdownFollowerState(121)) - 54aabb14-4a7d-4ab3-adbe-2e67760b87f4: shutdown FollowerState
2019-10-18 11:24:55,170 [grpc-default-executor-3] INFO  impl.RoleInfo (RoleInfo.java:updateAndGet(143)) - 54aabb14-4a7d-4ab3-adbe-2e67760b87f4: start FollowerState
2019-10-18 11:24:55,170 [Thread-1925] INFO  impl.FollowerState (FollowerState.java:run(117)) - 54aabb14-4a7d-4ab3-adbe-2e67760b87f4@group-7E32184879DE-FollowerState was interrupted: java.lang.InterruptedException: sleep interrupted
2019-10-18 11:24:55,170 [grpc-default-executor-1] INFO  impl.RaftServerImpl (RaftServerImpl.java:setRole(184)) - c652e2ee-3322-4406-8db6-1ea643cb3197@group-7E32184879DE: changes role from  FOLLOWER to FOLLOWER at term 319 for recognizeCandidate:f535bb4a-cba0-4f9b-9e3e-e4a48b3eda51
2019-10-18 11:24:55,170 [grpc-default-executor-1] INFO  impl.RoleInfo (RoleInfo.java:shutdownFollowerState(121)) - c652e2ee-3322-4406-8db6-1ea643cb3197: shutdown FollowerState
2019-10-18 11:24:55,170 [grpc-default-executor-1] INFO  impl.RoleInfo (RoleInfo.java:updateAndGet(143)) - c652e2ee-3322-4406-8db6-1ea643cb3197: start FollowerState
2019-10-18 11:24:55,170 [Thread-1926] INFO  impl.FollowerState (FollowerState.java:run(117)) - c652e2ee-3322-4406-8db6-1ea643cb3197@group-7E32184879DE-FollowerState was interrupted: java.lang.InterruptedException: sleep interrupted
2019-10-18 11:24:55,211 [f535bb4a-cba0-4f9b-9e3e-e4a48b3eda51@group-7E32184879DE-LeaderElection268] INFO  impl.LeaderElection (LeaderElection.java:logAndReturn(56)) - f535bb4a-cba0-4f9b-9e3e-e4a48b3eda51@group-7E32184879DE-LeaderElection268: Election REJECTED; received 2 response(s) [f535bb4a-cba0-4f9b-9e3e-e4a48b3eda51<-54aabb14-4a7d-4ab3-adbe-2e67760b87f4#0:FAIL-t319, f535bb4a-cba0-4f9b-9e3e-e4a48b3eda51<-c652e2ee-3322-4406-8db6-1ea643cb3197#0:FAIL-t319] and 0 exception(s); f535bb4a-cba0-4f9b-9e3e-e4a48b3eda51@group-7E32184879DE:t319, leader=null, voted=f535bb4a-cba0-4f9b-9e3e-e4a48b3eda51, raftlog=f535bb4a-cba0-4f9b-9e3e-e4a48b3eda51@group-7E32184879DE-SegmentedRaftLog:OPENED:c-1,f-1,i0, conf=-1: [f535bb4a-cba0-4f9b-9e3e-e4a48b3eda51:0.0.0.0:44706, 54aabb14-4a7d-4ab3-adbe-2e67760b87f4:0.0.0.0:43074, c652e2ee-3322-4406-8db6-1ea643cb3197:0.0.0.0:42129], old=null
2019-10-18 11:24:55,211 [f535bb4a-cba0-4f9b-9e3e-e4a48b3eda51@group-7E32184879DE-LeaderElection268] INFO  impl.RaftServerImpl (RaftServerImpl.java:setRole(184)) - f535bb4a-cba0-4f9b-9e3e-e4a48b3eda51@group-7E32184879DE: changes role from CANDIDATE to FOLLOWER at term 319 for DISCOVERED_A_NEW_TERM
2019-10-18 11:24:55,211 [f535bb4a-cba0-4f9b-9e3e-e4a48b3eda51@group-7E32184879DE-LeaderElection268] INFO  impl.RoleInfo (RoleInfo.java:shutdownLeaderElection(134)) - f535bb4a-cba0-4f9b-9e3e-e4a48b3eda51: shutdown LeaderElection
2019-10-18 11:24:55,211 [f535bb4a-cba0-4f9b-9e3e-e4a48b3eda51@group-7E32184879DE-LeaderElection268] INFO  impl.RoleInfo (RoleInfo.java:updateAndGet(143)) - f535bb4a-cba0-4f9b-9e3e-e4a48b3eda51: start FollowerState
2019-10-18 11:24:55,398 [Thread-1931] INFO  impl.FollowerState (FollowerState.java:run(108)) - f535bb4a-cba0-4f9b-9e3e-e4a48b3eda51@group-7E32184879DE-FollowerState: change to CANDIDATE, lastRpcTime:186ms, electionTimeout:186ms
2019-10-18 11:24:55,398 [Thread-1931] INFO  impl.RoleInfo (RoleInfo.java:shutdownFollowerState(121)) - f535bb4a-cba0-4f9b-9e3e-e4a48b3eda51: shutdown FollowerState
2019-10-18 11:24:55,398 [Thread-1931] INFO  impl.RaftServerImpl (RaftServerImpl.java:setRole(184)) - f535bb4a-cba0-4f9b-9e3e-e4a48b3eda51@group-7E32184879DE: changes role from  FOLLOWER to CANDIDATE at term 319 for changeToCandidate
2019-10-18 11:24:55,398 [Thread-1931] INFO  impl.RoleInfo (RoleInfo.java:updateAndGet(143)) - f535bb4a-cba0-4f9b-9e3e-e4a48b3eda51: start LeaderElection
2019-10-18 11:24:55,435 [f535bb4a-cba0-4f9b-9e3e-e4a48b3eda51@group-7E32184879DE-LeaderElection269] INFO  impl.LeaderElection (LeaderElection.java:askForVotes(178)) - f535bb4a-cba0-4f9b-9e3e-e4a48b3eda51@group-7E32184879DE-LeaderElection269: begin an election at term 320 for -1: [f535bb4a-cba0-4f9b-9e3e-e4a48b3eda51:0.0.0.0:44706, 54aabb14-4a7d-4ab3-adbe-2e67760b87f4:0.0.0.0:43074, c652e2ee-3322-4406-8db6-1ea643cb3197:0.0.0.0:42129], old=null
2019-10-18 11:24:55,437 [grpc-default-executor-3] INFO  impl.RaftServerImpl (RaftServerImpl.java:setRole(184)) - 54aabb14-4a7d-4ab3-adbe-2e67760b87f4@group-7E32184879DE: changes role from  FOLLOWER to FOLLOWER at term 320 for recognizeCandidate:f535bb4a-cba0-4f9b-9e3e-e4a48b3eda51
2019-10-18 11:24:55,438 [grpc-default-executor-1] INFO  impl.RaftServerImpl (RaftServerImpl.java:setRole(184)) - c652e2ee-3322-4406-8db6-1ea643cb3197@group-7E32184879DE: changes role from  FOLLOWER to FOLLOWER at term 320 for recognizeCandidate:f535bb4a-cba0-4f9b-9e3e-e4a48b3eda51
2019-10-18 11:24:55,438 [grpc-default-executor-3] INFO  impl.RoleInfo (RoleInfo.java:shutdownFollowerState(121)) - 54aabb14-4a7d-4ab3-adbe-2e67760b87f4: shutdown FollowerState
2019-10-18 11:24:55,438 [grpc-default-executor-1] INFO  impl.RoleInfo (RoleInfo.java:shutdownFollowerState(121)) - c652e2ee-3322-4406-8db6-1ea643cb3197: shutdown FollowerState
2019-10-18 11:24:55,438 [grpc-default-executor-3] INFO  impl.RoleInfo (RoleInfo.java:updateAndGet(143)) - 54aabb14-4a7d-4ab3-adbe-2e67760b87f4: start FollowerState
2019-10-18 11:24:55,438 [Thread-1929] INFO  impl.FollowerState (FollowerState.java:run(117)) - 54aabb14-4a7d-4ab3-adbe-2e67760b87f4@group-7E32184879DE-FollowerState was interrupted: java.lang.InterruptedException: sleep interrupted
2019-10-18 11:24:55,438 [Thread-1930] INFO  impl.FollowerState (FollowerState.java:run(117)) - c652e2ee-3322-4406-8db6-1ea643cb3197@group-7E32184879DE-FollowerState was interrupted: java.lang.InterruptedException: sleep interrupted
2019-10-18 11:24:55,438 [grpc-default-executor-1] INFO  impl.RoleInfo (RoleInfo.java:updateAndGet(143)) - c652e2ee-3322-4406-8db6-1ea643cb3197: start FollowerState
2019-10-18 11:24:55,461 [f535bb4a-cba0-4f9b-9e3e-e4a48b3eda51@group-7E32184879DE-LeaderElection269] INFO  impl.LeaderElection (LeaderElection.java:logAndReturn(56)) - f535bb4a-cba0-4f9b-9e3e-e4a48b3eda51@group-7E32184879DE-LeaderElection269: Election REJECTED; received 2 response(s) [f535bb4a-cba0-4f9b-9e3e-e4a48b3eda51<-54aabb14-4a7d-4ab3-adbe-2e67760b87f4#0:FAIL-t320, f535bb4a-cba0-4f9b-9e3e-e4a48b3eda51<-c652e2ee-3322-4406-8db6-1ea643cb3197#0:FAIL-t320] and 0 exception(s); f535bb4a-cba0-4f9b-9e3e-e4a48b3eda51@group-7E32184879DE:t320, leader=null, voted=f535bb4a-cba0-4f9b-9e3e-e4a48b3eda51, raftlog=f535bb4a-cba0-4f9b-9e3e-e4a48b3eda51@group-7E32184879DE-SegmentedRaftLog:OPENED:c-1,f-1,i0, conf=-1: [f535bb4a-cba0-4f9b-9e3e-e4a48b3eda51:0.0.0.0:44706, 54aabb14-4a7d-4ab3-adbe-2e67760b87f4:0.0.0.0:43074, c652e2ee-3322-4406-8db6-1ea643cb3197:0.0.0.0:42129], old=null
2019-10-18 11:24:55,462 [f535bb4a-cba0-4f9b-9e3e-e4a48b3eda51@group-7E32184879DE-LeaderElection269] INFO  impl.RaftServerImpl (RaftServerImpl.java:setRole(184)) - f535bb4a-cba0-4f9b-9e3e-e4a48b3eda51@group-7E32184879DE: changes role from CANDIDATE to FOLLOWER at term 320 for DISCOVERED_A_NEW_TERM
2019-10-18 11:24:55,462 [f535bb4a-cba0-4f9b-9e3e-e4a48b3eda51@group-7E32184879DE-LeaderElection269] INFO  impl.RoleInfo (RoleInfo.java:shutdownLeaderElection(134)) - f535bb4a-cba0-4f9b-9e3e-e4a48b3eda51: shutdown LeaderElection
2019-10-18 11:24:55,462 [f535bb4a-cba0-4f9b-9e3e-e4a48b3eda51@group-7E32184879DE-LeaderElection269] INFO  impl.RoleInfo (RoleInfo.java:updateAndGet(143)) - f535bb4a-cba0-4f9b-9e3e-e4a48b3eda51: start FollowerState
2019-10-18 11:24:55,567 [Thread-1939] INFO  impl.FollowerState (FollowerState.java:run(108)) - f535bb4a-cba0-4f9b-9e3e-e4a48b3eda51@group-7E32184879DE-FollowerState: change to CANDIDATE, lastRpcTime:105ms, electionTimeout:105ms
2019-10-18 11:24:55,567 [Thread-1939] INFO  impl.RoleInfo (RoleInfo.java:shutdownFollowerState(121)) - f535bb4a-cba0-4f9b-9e3e-e4a48b3eda51: shutdown FollowerState
2019-10-18 11:24:55,567 [Thread-1939] INFO  impl.RaftServerImpl (RaftServerImpl.java:setRole(184)) - f535bb4a-cba0-4f9b-9e3e-e4a48b3eda51@group-7E32184879DE: changes role from  FOLLOWER to CANDIDATE at term 320 for changeToCandidate
2019-10-18 11:24:55,568 [Thread-1939] INFO  impl.RoleInfo (RoleInfo.java:updateAndGet(143)) - f535bb4a-cba0-4f9b-9e3e-e4a48b3eda51: start LeaderElection
2019-10-18 11:24:55,594 [f535bb4a-cba0-4f9b-9e3e-e4a48b3eda51@group-7E32184879DE-LeaderElection270] INFO  impl.LeaderElection (LeaderElection.java:askForVotes(178)) - f535bb4a-cba0-4f9b-9e3e-e4a48b3eda51@group-7E32184879DE-LeaderElection270: begin an election at term 321 for -1: [f535bb4a-cba0-4f9b-9e3e-e4a48b3eda51:0.0.0.0:44706, 54aabb14-4a7d-4ab3-adbe-2e67760b87f4:0.0.0.0:43074, c652e2ee-3322-4406-8db6-1ea643cb3197:0.0.0.0:42129], old=null
2019-10-18 11:24:55,597 [grpc-default-executor-1] INFO  impl.RaftServerImpl (RaftServerImpl.java:setRole(184)) - c652e2ee-3322-4406-8db6-1ea643cb3197@group-7E32184879DE: changes role from  FOLLOWER to FOLLOWER at term 321 for recognizeCandidate:f535bb4a-cba0-4f9b-9e3e-e4a48b3eda51
2019-10-18 11:24:55,597 [grpc-default-executor-3] INFO  impl.RaftServerImpl (RaftServerImpl.java:setRole(184)) - 54aabb14-4a7d-4ab3-adbe-2e67760b87f4@group-7E32184879DE: changes role from  FOLLOWER to FOLLOWER at term 321 for recognizeCandidate:f535bb4a-cba0-4f9b-9e3e-e4a48b3eda51
2019-10-18 11:24:55,597 [grpc-default-executor-3] INFO  impl.RoleInfo (RoleInfo.java:shutdownFollowerState(121)) - 54aabb14-4a7d-4ab3-adbe-2e67760b87f4: shutdown FollowerState
2019-10-18 11:24:55,597 [grpc-default-executor-1] INFO  impl.RoleInfo (RoleInfo.java:shutdownFollowerState(121)) - c652e2ee-3322-4406-8db6-1ea643cb3197: shutdown FollowerState
2019-10-18 11:24:55,597 [Thread-1937] INFO  impl.FollowerState (FollowerState.java:run(117)) - 54aabb14-4a7d-4ab3-adbe-2e67760b87f4@group-7E32184879DE-FollowerState was interrupted: java.lang.InterruptedException: sleep interrupted
2019-10-18 11:24:55,597 [grpc-default-executor-3] INFO  impl.RoleInfo (RoleInfo.java:updateAndGet(143)) - 54aabb14-4a7d-4ab3-adbe-2e67760b87f4: start FollowerState
2019-10-18 11:24:55,597 [Thread-1938] INFO  impl.FollowerState (FollowerState.java:run(117)) - c652e2ee-3322-4406-8db6-1ea643cb3197@group-7E32184879DE-FollowerState was interrupted: java.lang.InterruptedException: sleep interrupted
2019-10-18 11:24:55,597 [grpc-default-executor-1] INFO  impl.RoleInfo (RoleInfo.java:updateAndGet(143)) - c652e2ee-3322-4406-8db6-1ea643cb3197: start FollowerState
2019-10-18 11:24:55,620 [f535bb4a-cba0-4f9b-9e3e-e4a48b3eda51@group-7E32184879DE-LeaderElection270] INFO  impl.LeaderElection (LeaderElection.java:logAndReturn(56)) - f535bb4a-cba0-4f9b-9e3e-e4a48b3eda51@group-7E32184879DE-LeaderElection270: Election REJECTED; received 2 response(s) [f535bb4a-cba0-4f9b-9e3e-e4a48b3eda51<-54aabb14-4a7d-4ab3-adbe-2e67760b87f4#0:FAIL-t321, f535bb4a-cba0-4f9b-9e3e-e4a48b3eda51<-c652e2ee-3322-4406-8db6-1ea643cb3197#0:FAIL-t321] and 0 exception(s); f535bb4a-cba0-4f9b-9e3e-e4a48b3eda51@group-7E32184879DE:t321, leader=null, voted=f535bb4a-cba0-4f9b-9e3e-e4a48b3eda51, raftlog=f535bb4a-cba0-4f9b-9e3e-e4a48b3eda51@group-7E32184879DE-SegmentedRaftLog:OPENED:c-1,f-1,i0, conf=-1: [f535bb4a-cba0-4f9b-9e3e-e4a48b3eda51:0.0.0.0:44706, 54aabb14-4a7d-4ab3-adbe-2e67760b87f4:0.0.0.0:43074, c652e2ee-3322-4406-8db6-1ea643cb3197:0.0.0.0:42129], old=null
2019-10-18 11:24:55,620 [f535bb4a-cba0-4f9b-9e3e-e4a48b3eda51@group-7E32184879DE-LeaderElection270] INFO  impl.RaftServerImpl (RaftServerImpl.java:setRole(184)) - f535bb4a-cba0-4f9b-9e3e-e4a48b3eda51@group-7E32184879DE: changes role from CANDIDATE to FOLLOWER at term 321 for DISCOVERED_A_NEW_TERM
2019-10-18 11:24:55,621 [f535bb4a-cba0-4f9b-9e3e-e4a48b3eda51@group-7E32184879DE-LeaderElection270] INFO  impl.RoleInfo (RoleInfo.java:shutdownLeaderElection(134)) - f535bb4a-cba0-4f9b-9e3e-e4a48b3eda51: shutdown LeaderElection
2019-10-18 11:24:55,621 [f535bb4a-cba0-4f9b-9e3e-e4a48b3eda51@group-7E32184879DE-LeaderElection270] INFO  impl.RoleInfo (RoleInfo.java:updateAndGet(143)) - f535bb4a-cba0-4f9b-9e3e-e4a48b3eda51: start FollowerState
2019-10-18 11:24:55,790 [Thread-1945] INFO  impl.FollowerState (FollowerState.java:run(108)) - f535bb4a-cba0-4f9b-9e3e-e4a48b3eda51@group-7E32184879DE-FollowerState: change to CANDIDATE, lastRpcTime:169ms, electionTimeout:169ms
2019-10-18 11:24:55,790 [Thread-1945] INFO  impl.RoleInfo (RoleInfo.java:shutdownFollowerState(121)) - f535bb4a-cba0-4f9b-9e3e-e4a48b3eda51: shutdown FollowerState
2019-10-18 11:24:55,790 [Thread-1945] INFO  impl.RaftServerImpl (RaftServerImpl.java:setRole(184)) - f535bb4a-cba0-4f9b-9e3e-e4a48b3eda51@group-7E32184879DE: changes role from  FOLLOWER to CANDIDATE at term 321 for changeToCandidate
2019-10-18 11:24:55,791 [Thread-1945] INFO  impl.RoleInfo (RoleInfo.java:updateAndGet(143)) - f535bb4a-cba0-4f9b-9e3e-e4a48b3eda51: start LeaderElection
2019-10-18 11:24:55,820 [f535bb4a-cba0-4f9b-9e3e-e4a48b3eda51@group-7E32184879DE-LeaderElection271] INFO  impl.LeaderElection (LeaderElection.java:askForVotes(178)) - f535bb4a-cba0-4f9b-9e3e-e4a48b3eda51@group-7E32184879DE-LeaderElection271: begin an election at term 322 for -1: [f535bb4a-cba0-4f9b-9e3e-e4a48b3eda51:0.0.0.0:44706, 54aabb14-4a7d-4ab3-adbe-2e67760b87f4:0.0.0.0:43074, c652e2ee-3322-4406-8db6-1ea643cb3197:0.0.0.0:42129], old=null
2019-10-18 11:24:55,822 [grpc-default-executor-1] INFO  impl.RaftServerImpl (RaftServerImpl.java:setRole(184)) - 54aabb14-4a7d-4ab3-adbe-2e67760b87f4@group-7E32184879DE: changes role from  FOLLOWER to FOLLOWER at term 322 for recognizeCandidate:f535bb4a-cba0-4f9b-9e3e-e4a48b3eda51
2019-10-18 11:24:55,822 [grpc-default-executor-3] INFO  impl.RaftServerImpl (RaftServerImpl.java:setRole(184)) - c652e2ee-3322-4406-8db6-1ea643cb3197@group-7E32184879DE: changes role from  FOLLOWER to FOLLOWER at term 322 for recognizeCandidate:f535bb4a-cba0-4f9b-9e3e-e4a48b3eda51
2019-10-18 11:24:55,822 [grpc-default-executor-1] INFO  impl.RoleInfo (RoleInfo.java:shutdownFollowerState(121)) - 54aabb14-4a7d-4ab3-adbe-2e67760b87f4: shutdown FollowerState
2019-10-18 11:24:55,822 [grpc-default-executor-3] INFO  impl.RoleInfo (RoleInfo.java:shutdownFollowerState(121)) - c652e2ee-3322-4406-8db6-1ea643cb3197: shutdown FollowerState
2019-10-18 11:24:55,823 [Thread-1943] INFO  impl.FollowerState (FollowerState.java:run(117)) - 54aabb14-4a7d-4ab3-adbe-2e67760b87f4@group-7E32184879DE-FollowerState was interrupted: java.lang.InterruptedException: sleep interrupted
2019-10-18 11:24:55,823 [grpc-default-executor-1] INFO  impl.RoleInfo (RoleInfo.java:updateAndGet(143)) - 54aabb14-4a7d-4ab3-adbe-2e67760b87f4: start FollowerState
2019-10-18 11:24:55,823 [grpc-default-executor-3] INFO  impl.RoleInfo (RoleInfo.java:updateAndGet(143)) - c652e2ee-3322-4406-8db6-1ea643cb3197: start FollowerState
2019-10-18 11:24:55,823 [Thread-1944] INFO  impl.FollowerState (FollowerState.java:run(117)) - c652e2ee-3322-4406-8db6-1ea643cb3197@group-7E32184879DE-FollowerState was interrupted: java.lang.InterruptedException: sleep interrupted
2019-10-18 11:24:55,846 [f535bb4a-cba0-4f9b-9e3e-e4a48b3eda51@group-7E32184879DE-LeaderElection271] INFO  impl.LeaderElection (LeaderElection.java:logAndReturn(56)) - f535bb4a-cba0-4f9b-9e3e-e4a48b3eda51@group-7E32184879DE-LeaderElection271: Election REJECTED; received 2 response(s) [f535bb4a-cba0-4f9b-9e3e-e4a48b3eda51<-54aabb14-4a7d-4ab3-adbe-2e67760b87f4#0:FAIL-t322, f535bb4a-cba0-4f9b-9e3e-e4a48b3eda51<-c652e2ee-3322-4406-8db6-1ea643cb3197#0:FAIL-t322] and 0 exception(s); f535bb4a-cba0-4f9b-9e3e-e4a48b3eda51@group-7E32184879DE:t322, leader=null, voted=f535bb4a-cba0-4f9b-9e3e-e4a48b3eda51, raftlog=f535bb4a-cba0-4f9b-9e3e-e4a48b3eda51@group-7E32184879DE-SegmentedRaftLog:OPENED:c-1,f-1,i0, conf=-1: [f535bb4a-cba0-4f9b-9e3e-e4a48b3eda51:0.0.0.0:44706, 54aabb14-4a7d-4ab3-adbe-2e67760b87f4:0.0.0.0:43074, c652e2ee-3322-4406-8db6-1ea643cb3197:0.0.0.0:42129], old=null
2019-10-18 11:24:55,846 [f535bb4a-cba0-4f9b-9e3e-e4a48b3eda51@group-7E32184879DE-LeaderElection271] INFO  impl.RaftServerImpl (RaftServerImpl.java:setRole(184)) - f535bb4a-cba0-4f9b-9e3e-e4a48b3eda51@group-7E32184879DE: changes role from CANDIDATE to FOLLOWER at term 322 for DISCOVERED_A_NEW_TERM
2019-10-18 11:24:55,846 [f535bb4a-cba0-4f9b-9e3e-e4a48b3eda51@group-7E32184879DE-LeaderElection271] INFO  impl.RoleInfo (RoleInfo.java:shutdownLeaderElection(134)) - f535bb4a-cba0-4f9b-9e3e-e4a48b3eda51: shutdown LeaderElection
2019-10-18 11:24:55,847 [f535bb4a-cba0-4f9b-9e3e-e4a48b3eda51@group-7E32184879DE-LeaderElection271] INFO  impl.RoleInfo (RoleInfo.java:updateAndGet(143)) - f535bb4a-cba0-4f9b-9e3e-e4a48b3eda51: start FollowerState
2019-10-18 11:24:55,934 [Thread-1951] INFO  impl.FollowerState (FollowerState.java:run(108)) - f535bb4a-cba0-4f9b-9e3e-e4a48b3eda51@group-7E32184879DE-FollowerState: change to CANDIDATE, lastRpcTime:87ms, electionTimeout:87ms
2019-10-18 11:24:55,934 [Thread-1951] INFO  impl.RoleInfo (RoleInfo.java:shutdownFollowerState(121)) - f535bb4a-cba0-4f9b-9e3e-e4a48b3eda51: shutdown FollowerState
2019-10-18 11:24:55,934 [Thread-1951] INFO  impl.RaftServerImpl (RaftServerImpl.java:setRole(184)) - f535bb4a-cba0-4f9b-9e3e-e4a48b3eda51@group-7E32184879DE: changes role from  FOLLOWER to CANDIDATE at term 322 for changeToCandidate
2019-10-18 11:24:55,934 [Thread-1951] INFO  impl.RoleInfo (RoleInfo.java:updateAndGet(143)) - f535bb4a-cba0-4f9b-9e3e-e4a48b3eda51: start LeaderElection
2019-10-18 11:24:55,963 [f535bb4a-cba0-4f9b-9e3e-e4a48b3eda51@group-7E32184879DE-LeaderElection272] INFO  impl.LeaderElection (LeaderElection.java:askForVotes(178)) - f535bb4a-cba0-4f9b-9e3e-e4a48b3eda51@group-7E32184879DE-LeaderElection272: begin an election at term 323 for -1: [f535bb4a-cba0-4f9b-9e3e-e4a48b3eda51:0.0.0.0:44706, 54aabb14-4a7d-4ab3-adbe-2e67760b87f4:0.0.0.0:43074, c652e2ee-3322-4406-8db6-1ea643cb3197:0.0.0.0:42129], old=null
2019-10-18 11:24:55,964 [grpc-default-executor-1] INFO  impl.RaftServerImpl (RaftServerImpl.java:setRole(184)) - 54aabb14-4a7d-4ab3-adbe-2e67760b87f4@group-7E32184879DE: changes role from  FOLLOWER to FOLLOWER at term 323 for recognizeCandidate:f535bb4a-cba0-4f9b-9e3e-e4a48b3eda51
2019-10-18 11:24:55,965 [grpc-default-executor-3] INFO  impl.RaftServerImpl (RaftServerImpl.java:setRole(184)) - c652e2ee-3322-4406-8db6-1ea643cb3197@group-7E32184879DE: changes role from  FOLLOWER to FOLLOWER at term 323 for recognizeCandidate:f535bb4a-cba0-4f9b-9e3e-e4a48b3eda51
2019-10-18 11:24:55,965 [grpc-default-executor-1] INFO  impl.RoleInfo (RoleInfo.java:shutdownFollowerState(121)) - 54aabb14-4a7d-4ab3-adbe-2e67760b87f4: shutdown FollowerState
2019-10-18 11:24:55,965 [grpc-default-executor-3] INFO  impl.RoleInfo (RoleInfo.java:shutdownFollowerState(121)) - c652e2ee-3322-4406-8db6-1ea643cb3197: shutdown FollowerState
2019-10-18 11:24:55,965 [Thread-1949] INFO  impl.FollowerState (FollowerState.java:run(117)) - 54aabb14-4a7d-4ab3-adbe-2e67760b87f4@group-7E32184879DE-FollowerState was interrupted: java.lang.InterruptedException: sleep interrupted
2019-10-18 11:24:55,965 [Thread-1950] INFO  impl.FollowerState (FollowerState.java:run(117)) - c652e2ee-3322-4406-8db6-1ea643cb3197@group-7E32184879DE-FollowerState was interrupted: java.lang.InterruptedException: sleep interrupted
2019-10-18 11:24:55,965 [grpc-default-executor-1] INFO  impl.RoleInfo (RoleInfo.java:updateAndGet(143)) - 54aabb14-4a7d-4ab3-adbe-2e67760b87f4: start FollowerState
2019-10-18 11:24:55,965 [grpc-default-executor-3] INFO  impl.RoleInfo (RoleInfo.java:updateAndGet(143)) - c652e2ee-3322-4406-8db6-1ea643cb3197: start FollowerState
2019-10-18 11:24:55,989 [f535bb4a-cba0-4f9b-9e3e-e4a48b3eda51@group-7E32184879DE-LeaderElection272] INFO  impl.LeaderElection (LeaderElection.java:logAndReturn(56)) - f535bb4a-cba0-4f9b-9e3e-e4a48b3eda51@group-7E32184879DE-LeaderElection272: Election REJECTED; received 2 response(s) [f535bb4a-cba0-4f9b-9e3e-e4a48b3eda51<-54aabb14-4a7d-4ab3-adbe-2e67760b87f4#0:FAIL-t323, f535bb4a-cba0-4f9b-9e3e-e4a48b3eda51<-c652e2ee-3322-4406-8db6-1ea643cb3197#0:FAIL-t323] and 0 exception(s); f535bb4a-cba0-4f9b-9e3e-e4a48b3eda51@group-7E32184879DE:t323, leader=null, voted=f535bb4a-cba0-4f9b-9e3e-e4a48b3eda51, raftlog=f535bb4a-cba0-4f9b-9e3e-e4a48b3eda51@group-7E32184879DE-SegmentedRaftLog:OPENED:c-1,f-1,i0, conf=-1: [f535bb4a-cba0-4f9b-9e3e-e4a48b3eda51:0.0.0.0:44706, 54aabb14-4a7d-4ab3-adbe-2e67760b87f4:0.0.0.0:43074, c652e2ee-3322-4406-8db6-1ea643cb3197:0.0.0.0:42129], old=null
2019-10-18 11:24:55,989 [f535bb4a-cba0-4f9b-9e3e-e4a48b3eda51@group-7E32184879DE-LeaderElection272] INFO  impl.RaftServerImpl (RaftServerImpl.java:setRole(184)) - f535bb4a-cba0-4f9b-9e3e-e4a48b3eda51@group-7E32184879DE: changes role from CANDIDATE to FOLLOWER at term 323 for DISCOVERED_A_NEW_TERM
2019-10-18 11:24:55,989 [f535bb4a-cba0-4f9b-9e3e-e4a48b3eda51@group-7E32184879DE-LeaderElection272] INFO  impl.RoleInfo (RoleInfo.java:shutdownLeaderElection(134)) - f535bb4a-cba0-4f9b-9e3e-e4a48b3eda51: shutdown LeaderElection
2019-10-18 11:24:55,989 [f535bb4a-cba0-4f9b-9e3e-e4a48b3eda51@group-7E32184879DE-LeaderElection272] INFO  impl.RoleInfo (RoleInfo.java:updateAndGet(143)) - f535bb4a-cba0-4f9b-9e3e-e4a48b3eda51: start FollowerState
2019-10-18 11:24:56,141 [Thread-1957] INFO  impl.FollowerState (FollowerState.java:run(108)) - f535bb4a-cba0-4f9b-9e3e-e4a48b3eda51@group-7E32184879DE-FollowerState: change to CANDIDATE, lastRpcTime:151ms, electionTimeout:151ms
2019-10-18 11:24:56,141 [Thread-1957] INFO  impl.RoleInfo (RoleInfo.java:shutdownFollowerState(121)) - f535bb4a-cba0-4f9b-9e3e-e4a48b3eda51: shutdown FollowerState
2019-10-18 11:24:56,141 [Thread-1957] INFO  impl.RaftServerImpl (RaftServerImpl.java:setRole(184)) - f535bb4a-cba0-4f9b-9e3e-e4a48b3eda51@group-7E32184879DE: changes role from  FOLLOWER to CANDIDATE at term 323 for changeToCandidate
2019-10-18 11:24:56,141 [Thread-1957] INFO  impl.RoleInfo (RoleInfo.java:updateAndGet(143)) - f535bb4a-cba0-4f9b-9e3e-e4a48b3eda51: start LeaderElection
2019-10-18 11:24:56,172 [f535bb4a-cba0-4f9b-9e3e-e4a48b3eda51@group-7E32184879DE-LeaderElection273] INFO  impl.LeaderElection (LeaderElection.java:askForVotes(178)) - f535bb4a-cba0-4f9b-9e3e-e4a48b3eda51@group-7E32184879DE-LeaderElection273: begin an election at term 324 for -1: [f535bb4a-cba0-4f9b-9e3e-e4a48b3eda51:0.0.0.0:44706, 54aabb14-4a7d-4ab3-adbe-2e67760b87f4:0.0.0.0:43074, c652e2ee-3322-4406-8db6-1ea643cb3197:0.0.0.0:42129], old=null
2019-10-18 11:24:56,174 [grpc-default-executor-1] INFO  impl.RaftServerImpl (RaftServerImpl.java:setRole(184)) - 54aabb14-4a7d-4ab3-adbe-2e67760b87f4@group-7E32184879DE: changes role from  FOLLOWER to FOLLOWER at term 324 for recognizeCandidate:f535bb4a-cba0-4f9b-9e3e-e4a48b3eda51
2019-10-18 11:24:56,174 [grpc-default-executor-3] INFO  impl.RaftServerImpl (RaftServerImpl.java:setRole(184)) - c652e2ee-3322-4406-8db6-1ea643cb3197@group-7E32184879DE: changes role from  FOLLOWER to FOLLOWER at term 324 for recognizeCandidate:f535bb4a-cba0-4f9b-9e3e-e4a48b3eda51
2019-10-18 11:24:56,175 [grpc-default-executor-1] INFO  impl.RoleInfo (RoleInfo.java:shutdownFollowerState(121)) - 54aabb14-4a7d-4ab3-adbe-2e67760b87f4: shutdown FollowerState
2019-10-18 11:24:56,175 [grpc-default-executor-3] INFO  impl.RoleInfo (RoleInfo.java:shutdownFollowerState(121)) - c652e2ee-3322-4406-8db6-1ea643cb3197: shutdown FollowerState
2019-10-18 11:24:56,175 [grpc-default-executor-1] INFO  impl.RoleInfo (RoleInfo.java:updateAndGet(143)) - 54aabb14-4a7d-4ab3-adbe-2e67760b87f4: start FollowerState
2019-10-18 11:24:56,175 [grpc-default-executor-3] INFO  impl.RoleInfo (RoleInfo.java:updateAndGet(143)) - c652e2ee-3322-4406-8db6-1ea643cb3197: start FollowerState
2019-10-18 11:24:56,175 [Thread-1955] INFO  impl.FollowerState (FollowerState.java:run(117)) - 54aabb14-4a7d-4ab3-adbe-2e67760b87f4@group-7E32184879DE-FollowerState was interrupted: java.lang.InterruptedException: sleep interrupted
2019-10-18 11:24:56,175 [Thread-1956] INFO  impl.FollowerState (FollowerState.java:run(117)) - c652e2ee-3322-4406-8db6-1ea643cb3197@group-7E32184879DE-FollowerState was interrupted: java.lang.InterruptedException: sleep interrupted
2019-10-18 11:24:56,198 [f535bb4a-cba0-4f9b-9e3e-e4a48b3eda51@group-7E32184879DE-LeaderElection273] INFO  impl.LeaderElection (LeaderElection.java:logAndReturn(56)) - f535bb4a-cba0-4f9b-9e3e-e4a48b3eda51@group-7E32184879DE-LeaderElection273: Election REJECTED; received 2 response(s) [f535bb4a-cba0-4f9b-9e3e-e4a48b3eda51<-54aabb14-4a7d-4ab3-adbe-2e67760b87f4#0:FAIL-t324, f535bb4a-cba0-4f9b-9e3e-e4a48b3eda51<-c652e2ee-3322-4406-8db6-1ea643cb3197#0:FAIL-t324] and 0 exception(s); f535bb4a-cba0-4f9b-9e3e-e4a48b3eda51@group-7E32184879DE:t324, leader=null, voted=f535bb4a-cba0-4f9b-9e3e-e4a48b3eda51, raftlog=f535bb4a-cba0-4f9b-9e3e-e4a48b3eda51@group-7E32184879DE-SegmentedRaftLog:OPENED:c-1,f-1,i0, conf=-1: [f535bb4a-cba0-4f9b-9e3e-e4a48b3eda51:0.0.0.0:44706, 54aabb14-4a7d-4ab3-adbe-2e67760b87f4:0.0.0.0:43074, c652e2ee-3322-4406-8db6-1ea643cb3197:0.0.0.0:42129], old=null
2019-10-18 11:24:56,198 [f535bb4a-cba0-4f9b-9e3e-e4a48b3eda51@group-7E32184879DE-LeaderElection273] INFO  impl.RaftServerImpl (RaftServerImpl.java:setRole(184)) - f535bb4a-cba0-4f9b-9e3e-e4a48b3eda51@group-7E32184879DE: changes role from CANDIDATE to FOLLOWER at term 324 for DISCOVERED_A_NEW_TERM
2019-10-18 11:24:56,198 [f535bb4a-cba0-4f9b-9e3e-e4a48b3eda51@group-7E32184879DE-LeaderElection273] INFO  impl.RoleInfo (RoleInfo.java:shutdownLeaderElection(134)) - f535bb4a-cba0-4f9b-9e3e-e4a48b3eda51: shutdown LeaderElection
2019-10-18 11:24:56,198 [f535bb4a-cba0-4f9b-9e3e-e4a48b3eda51@group-7E32184879DE-LeaderElection273] INFO  impl.RoleInfo (RoleInfo.java:updateAndGet(143)) - f535bb4a-cba0-4f9b-9e3e-e4a48b3eda51: start FollowerState
2019-10-18 11:24:56,321 [Thread-1963] INFO  impl.FollowerState (FollowerState.java:run(108)) - f535bb4a-cba0-4f9b-9e3e-e4a48b3eda51@group-7E32184879DE-FollowerState: change to CANDIDATE, lastRpcTime:122ms, electionTimeout:122ms
2019-10-18 11:24:56,321 [Thread-1963] INFO  impl.RoleInfo (RoleInfo.java:shutdownFollowerState(121)) - f535bb4a-cba0-4f9b-9e3e-e4a48b3eda51: shutdown FollowerState
2019-10-18 11:24:56,321 [Thread-1963] INFO  impl.RaftServerImpl (RaftServerImpl.java:setRole(184)) - f535bb4a-cba0-4f9b-9e3e-e4a48b3eda51@group-7E32184879DE: changes role from  FOLLOWER to CANDIDATE at term 324 for changeToCandidate
2019-10-18 11:24:56,321 [Thread-1963] INFO  impl.RoleInfo (RoleInfo.java:updateAndGet(143)) - f535bb4a-cba0-4f9b-9e3e-e4a48b3eda51: start LeaderElection
2019-10-18 11:24:56,347 [f535bb4a-cba0-4f9b-9e3e-e4a48b3eda51@group-7E32184879DE-LeaderElection274] INFO  impl.LeaderElection (LeaderElection.java:askForVotes(178)) - f535bb4a-cba0-4f9b-9e3e-e4a48b3eda51@group-7E32184879DE-LeaderElection274: begin an election at term 325 for -1: [f535bb4a-cba0-4f9b-9e3e-e4a48b3eda51:0.0.0.0:44706, 54aabb14-4a7d-4ab3-adbe-2e67760b87f4:0.0.0.0:43074, c652e2ee-3322-4406-8db6-1ea643cb3197:0.0.0.0:42129], old=null
2019-10-18 11:24:56,349 [grpc-default-executor-1] INFO  impl.RaftServerImpl (RaftServerImpl.java:setRole(184)) - c652e2ee-3322-4406-8db6-1ea643cb3197@group-7E32184879DE: changes role from  FOLLOWER to FOLLOWER at term 325 for recognizeCandidate:f535bb4a-cba0-4f9b-9e3e-e4a48b3eda51
2019-10-18 11:24:56,349 [grpc-default-executor-0] INFO  impl.RaftServerImpl (RaftServerImpl.java:setRole(184)) - 54aabb14-4a7d-4ab3-adbe-2e67760b87f4@group-7E32184879DE: changes role from  FOLLOWER to FOLLOWER at term 325 for recognizeCandidate:f535bb4a-cba0-4f9b-9e3e-e4a48b3eda51
2019-10-18 11:24:56,350 [grpc-default-executor-0] INFO  impl.RoleInfo (RoleInfo.java:shutdownFollowerState(121)) - 54aabb14-4a7d-4ab3-adbe-2e67760b87f4: shutdown FollowerState
2019-10-18 11:24:56,350 [grpc-default-executor-1] INFO  impl.RoleInfo (RoleInfo.java:shutdownFollowerState(121)) - c652e2ee-3322-4406-8db6-1ea643cb3197: shutdown FollowerState
2019-10-18 11:24:56,350 [Thread-1961] INFO  impl.FollowerState (FollowerState.java:run(117)) - 54aabb14-4a7d-4ab3-adbe-2e67760b87f4@group-7E32184879DE-FollowerState was interrupted: java.lang.InterruptedException: sleep interrupted
2019-10-18 11:24:56,350 [grpc-default-executor-0] INFO  impl.RoleInfo (RoleInfo.java:updateAndGet(143)) - 54aabb14-4a7d-4ab3-adbe-2e67760b87f4: start FollowerState
2019-10-18 11:24:56,350 [Thread-1962] INFO  impl.FollowerState (FollowerState.java:run(117)) - c652e2ee-3322-4406-8db6-1ea643cb3197@group-7E32184879DE-FollowerState was interrupted: java.lang.InterruptedException: sleep interrupted
2019-10-18 11:24:56,350 [grpc-default-executor-1] INFO  impl.RoleInfo (RoleInfo.java:updateAndGet(143)) - c652e2ee-3322-4406-8db6-1ea643cb3197: start FollowerState
2019-10-18 11:24:56,373 [f535bb4a-cba0-4f9b-9e3e-e4a48b3eda51@group-7E32184879DE-LeaderElection274] INFO  impl.LeaderElection (LeaderElection.java:logAndReturn(56)) - f535bb4a-cba0-4f9b-9e3e-e4a48b3eda51@group-7E32184879DE-LeaderElection274: Election REJECTED; received 2 response(s) [f535bb4a-cba0-4f9b-9e3e-e4a48b3eda51<-54aabb14-4a7d-4ab3-adbe-2e67760b87f4#0:FAIL-t325, f535bb4a-cba0-4f9b-9e3e-e4a48b3eda51<-c652e2ee-3322-4406-8db6-1ea643cb3197#0:FAIL-t325] and 0 exception(s); f535bb4a-cba0-4f9b-9e3e-e4a48b3eda51@group-7E32184879DE:t325, leader=null, voted=f535bb4a-cba0-4f9b-9e3e-e4a48b3eda51, raftlog=f535bb4a-cba0-4f9b-9e3e-e4a48b3eda51@group-7E32184879DE-SegmentedRaftLog:OPENED:c-1,f-1,i0, conf=-1: [f535bb4a-cba0-4f9b-9e3e-e4a48b3eda51:0.0.0.0:44706, 54aabb14-4a7d-4ab3-adbe-2e67760b87f4:0.0.0.0:43074, c652e2ee-3322-4406-8db6-1ea643cb3197:0.0.0.0:42129], old=null
2019-10-18 11:24:56,374 [f535bb4a-cba0-4f9b-9e3e-e4a48b3eda51@group-7E32184879DE-LeaderElection274] INFO  impl.RaftServerImpl (RaftServerImpl.java:setRole(184)) - f535bb4a-cba0-4f9b-9e3e-e4a48b3eda51@group-7E32184879DE: changes role from CANDIDATE to FOLLOWER at term 325 for DISCOVERED_A_NEW_TERM
2019-10-18 11:24:56,374 [f535bb4a-cba0-4f9b-9e3e-e4a48b3eda51@group-7E32184879DE-LeaderElection274] INFO  impl.RoleInfo (RoleInfo.java:shutdownLeaderElection(134)) - f535bb4a-cba0-4f9b-9e3e-e4a48b3eda51: shutdown LeaderElection
2019-10-18 11:24:56,374 [f535bb4a-cba0-4f9b-9e3e-e4a48b3eda51@group-7E32184879DE-LeaderElection274] INFO  impl.RoleInfo (RoleInfo.java:updateAndGet(143)) - f535bb4a-cba0-4f9b-9e3e-e4a48b3eda51: start FollowerState
2019-10-18 11:24:56,495 [Thread-1971] INFO  impl.FollowerState (FollowerState.java:run(108)) - f535bb4a-cba0-4f9b-9e3e-e4a48b3eda51@group-7E32184879DE-FollowerState: change to CANDIDATE, lastRpcTime:121ms, electionTimeout:121ms
2019-10-18 11:24:56,495 [Thread-1971] INFO  impl.RoleInfo (RoleInfo.java:shutdownFollowerState(121)) - f535bb4a-cba0-4f9b-9e3e-e4a48b3eda51: shutdown FollowerState
2019-10-18 11:24:56,496 [Thread-1971] INFO  impl.RaftServerImpl (RaftServerImpl.java:setRole(184)) - f535bb4a-cba0-4f9b-9e3e-e4a48b3eda51@group-7E32184879DE: changes role from  FOLLOWER to CANDIDATE at term 325 for changeToCandidate
2019-10-18 11:24:56,496 [Thread-1971] INFO  impl.RoleInfo (RoleInfo.java:updateAndGet(143)) - f535bb4a-cba0-4f9b-9e3e-e4a48b3eda51: start LeaderElection
2019-10-18 11:24:56,523 [f535bb4a-cba0-4f9b-9e3e-e4a48b3eda51@group-7E32184879DE-LeaderElection275] INFO  impl.LeaderElection (LeaderElection.java:askForVotes(178)) - f535bb4a-cba0-4f9b-9e3e-e4a48b3eda51@group-7E32184879DE-LeaderElection275: begin an election at term 326 for -1: [f535bb4a-cba0-4f9b-9e3e-e4a48b3eda51:0.0.0.0:44706, 54aabb14-4a7d-4ab3-adbe-2e67760b87f4:0.0.0.0:43074, c652e2ee-3322-4406-8db6-1ea643cb3197:0.0.0.0:42129], old=null
2019-10-18 11:24:56,525 [grpc-default-executor-1] INFO  impl.RaftServerImpl (RaftServerImpl.java:setRole(184)) - 54aabb14-4a7d-4ab3-adbe-2e67760b87f4@group-7E32184879DE: changes role from  FOLLOWER to FOLLOWER at term 326 for recognizeCandidate:f535bb4a-cba0-4f9b-9e3e-e4a48b3eda51
2019-10-18 11:24:56,525 [grpc-default-executor-0] INFO  impl.RaftServerImpl (RaftServerImpl.java:setRole(184)) - c652e2ee-3322-4406-8db6-1ea643cb3197@group-7E32184879DE: changes role from  FOLLOWER to FOLLOWER at term 326 for recognizeCandidate:f535bb4a-cba0-4f9b-9e3e-e4a48b3eda51
2019-10-18 11:24:56,525 [grpc-default-executor-1] INFO  impl.RoleInfo (RoleInfo.java:shutdownFollowerState(121)) - 54aabb14-4a7d-4ab3-adbe-2e67760b87f4: shutdown FollowerState
2019-10-18 11:24:56,525 [grpc-default-executor-0] INFO  impl.RoleInfo (RoleInfo.java:shutdownFollowerState(121)) - c652e2ee-3322-4406-8db6-1ea643cb3197: shutdown FollowerState
2019-10-18 11:24:56,526 [Thread-1968] INFO  impl.FollowerState (FollowerState.java:run(117)) - 54aabb14-4a7d-4ab3-adbe-2e67760b87f4@group-7E32184879DE-FollowerState was interrupted: java.lang.InterruptedException: sleep interrupted
2019-10-18 11:24:56,526 [grpc-default-executor-1] INFO  impl.RoleInfo (RoleInfo.java:updateAndGet(143)) - 54aabb14-4a7d-4ab3-adbe-2e67760b87f4: start FollowerState
2019-10-18 11:24:56,526 [Thread-1969] INFO  impl.FollowerState (FollowerState.java:run(117)) - c652e2ee-3322-4406-8db6-1ea643cb3197@group-7E32184879DE-FollowerState was interrupted: java.lang.InterruptedException: sleep interrupted
2019-10-18 11:24:56,526 [grpc-default-executor-0] INFO  impl.RoleInfo (RoleInfo.java:updateAndGet(143)) - c652e2ee-3322-4406-8db6-1ea643cb3197: start FollowerState
2019-10-18 11:24:56,549 [f535bb4a-cba0-4f9b-9e3e-e4a48b3eda51@group-7E32184879DE-LeaderElection275] INFO  impl.LeaderElection (LeaderElection.java:logAndReturn(56)) - f535bb4a-cba0-4f9b-9e3e-e4a48b3eda51@group-7E32184879DE-LeaderElection275: Election REJECTED; received 2 response(s) [f535bb4a-cba0-4f9b-9e3e-e4a48b3eda51<-54aabb14-4a7d-4ab3-adbe-2e67760b87f4#0:FAIL-t326, f535bb4a-cba0-4f9b-9e3e-e4a48b3eda51<-c652e2ee-3322-4406-8db6-1ea643cb3197#0:FAIL-t326] and 0 exception(s); f535bb4a-cba0-4f9b-9e3e-e4a48b3eda51@group-7E32184879DE:t326, leader=null, voted=f535bb4a-cba0-4f9b-9e3e-e4a48b3eda51, raftlog=f535bb4a-cba0-4f9b-9e3e-e4a48b3eda51@group-7E32184879DE-SegmentedRaftLog:OPENED:c-1,f-1,i0, conf=-1: [f535bb4a-cba0-4f9b-9e3e-e4a48b3eda51:0.0.0.0:44706, 54aabb14-4a7d-4ab3-adbe-2e67760b87f4:0.0.0.0:43074, c652e2ee-3322-4406-8db6-1ea643cb3197:0.0.0.0:42129], old=null
2019-10-18 11:24:56,549 [f535bb4a-cba0-4f9b-9e3e-e4a48b3eda51@group-7E32184879DE-LeaderElection275] INFO  impl.RaftServerImpl (RaftServerImpl.java:setRole(184)) - f535bb4a-cba0-4f9b-9e3e-e4a48b3eda51@group-7E32184879DE: changes role from CANDIDATE to FOLLOWER at term 326 for DISCOVERED_A_NEW_TERM
2019-10-18 11:24:56,550 [f535bb4a-cba0-4f9b-9e3e-e4a48b3eda51@group-7E32184879DE-LeaderElection275] INFO  impl.RoleInfo (RoleInfo.java:shutdownLeaderElection(134)) - f535bb4a-cba0-4f9b-9e3e-e4a48b3eda51: shutdown LeaderElection
2019-10-18 11:24:56,550 [f535bb4a-cba0-4f9b-9e3e-e4a48b3eda51@group-7E32184879DE-LeaderElection275] INFO  impl.RoleInfo (RoleInfo.java:updateAndGet(143)) - f535bb4a-cba0-4f9b-9e3e-e4a48b3eda51: start FollowerState
2019-10-18 11:24:56,738 [Thread-1977] INFO  impl.FollowerState (FollowerState.java:run(108)) - f535bb4a-cba0-4f9b-9e3e-e4a48b3eda51@group-7E32184879DE-FollowerState: change to CANDIDATE, lastRpcTime:188ms, electionTimeout:188ms
2019-10-18 11:24:56,738 [Thread-1977] INFO  impl.RoleInfo (RoleInfo.java:shutdownFollowerState(121)) - f535bb4a-cba0-4f9b-9e3e-e4a48b3eda51: shutdown FollowerState
2019-10-18 11:24:56,738 [Thread-1977] INFO  impl.RaftServerImpl (RaftServerImpl.java:setRole(184)) - f535bb4a-cba0-4f9b-9e3e-e4a48b3eda51@group-7E32184879DE: changes role from  FOLLOWER to CANDIDATE at term 326 for changeToCandidate
2019-10-18 11:24:56,739 [Thread-1977] INFO  impl.RoleInfo (RoleInfo.java:updateAndGet(143)) - f535bb4a-cba0-4f9b-9e3e-e4a48b3eda51: start LeaderElection
2019-10-18 11:24:56,766 [f535bb4a-cba0-4f9b-9e3e-e4a48b3eda51@group-7E32184879DE-LeaderElection276] INFO  impl.LeaderElection (LeaderElection.java:askForVotes(178)) - f535bb4a-cba0-4f9b-9e3e-e4a48b3eda51@group-7E32184879DE-LeaderElection276: begin an election at term 327 for -1: [f535bb4a-cba0-4f9b-9e3e-e4a48b3eda51:0.0.0.0:44706, 54aabb14-4a7d-4ab3-adbe-2e67760b87f4:0.0.0.0:43074, c652e2ee-3322-4406-8db6-1ea643cb3197:0.0.0.0:42129], old=null
2019-10-18 11:24:56,768 [grpc-default-executor-1] INFO  impl.RaftServerImpl (RaftServerImpl.java:setRole(184)) - 54aabb14-4a7d-4ab3-adbe-2e67760b87f4@group-7E32184879DE: changes role from  FOLLOWER to FOLLOWER at term 327 for recognizeCandidate:f535bb4a-cba0-4f9b-9e3e-e4a48b3eda51
2019-10-18 11:24:56,768 [grpc-default-executor-1] INFO  impl.RoleInfo (RoleInfo.java:shutdownFollowerState(121)) - 54aabb14-4a7d-4ab3-adbe-2e67760b87f4: shutdown FollowerState
2019-10-18 11:24:56,768 [grpc-default-executor-1] INFO  impl.RoleInfo (RoleInfo.java:updateAndGet(143)) - 54aabb14-4a7d-4ab3-adbe-2e67760b87f4: start FollowerState
2019-10-18 11:24:56,768 [Thread-1975] INFO  impl.FollowerState (FollowerState.java:run(117)) - 54aabb14-4a7d-4ab3-adbe-2e67760b87f4@group-7E32184879DE-FollowerState was interrupted: java.lang.InterruptedException: sleep interrupted
2019-10-18 11:24:56,768 [grpc-default-executor-0] INFO  impl.RaftServerImpl (RaftServerImpl.java:setRole(184)) - c652e2ee-3322-4406-8db6-1ea643cb3197@group-7E32184879DE: changes role from  FOLLOWER to FOLLOWER at term 327 for recognizeCandidate:f535bb4a-cba0-4f9b-9e3e-e4a48b3eda51
2019-10-18 11:24:56,769 [grpc-default-executor-0] INFO  impl.RoleInfo (RoleInfo.java:shutdownFollowerState(121)) - c652e2ee-3322-4406-8db6-1ea643cb3197: shutdown FollowerState
2019-10-18 11:24:56,769 [grpc-default-executor-0] INFO  impl.RoleInfo (RoleInfo.java:updateAndGet(143)) - c652e2ee-3322-4406-8db6-1ea643cb3197: start FollowerState
2019-10-18 11:24:56,769 [Thread-1976] INFO  impl.FollowerState (FollowerState.java:run(117)) - c652e2ee-3322-4406-8db6-1ea643cb3197@group-7E32184879DE-FollowerState was interrupted: java.lang.InterruptedException: sleep interrupted
2019-10-18 11:24:56,792 [f535bb4a-cba0-4f9b-9e3e-e4a48b3eda51@group-7E32184879DE-LeaderElection276] INFO  impl.LeaderElection (LeaderElection.java:logAndReturn(56)) - f535bb4a-cba0-4f9b-9e3e-e4a48b3eda51@group-7E32184879DE-LeaderElection276: Election REJECTED; received 2 response(s) [f535bb4a-cba0-4f9b-9e3e-e4a48b3eda51<-54aabb14-4a7d-4ab3-adbe-2e67760b87f4#0:FAIL-t327, f535bb4a-cba0-4f9b-9e3e-e4a48b3eda51<-c652e2ee-3322-4406-8db6-1ea643cb3197#0:FAIL-t327] and 0 exception(s); f535bb4a-cba0-4f9b-9e3e-e4a48b3eda51@group-7E32184879DE:t327, leader=null, voted=f535bb4a-cba0-4f9b-9e3e-e4a48b3eda51, raftlog=f535bb4a-cba0-4f9b-9e3e-e4a48b3eda51@group-7E32184879DE-SegmentedRaftLog:OPENED:c-1,f-1,i0, conf=-1: [f535bb4a-cba0-4f9b-9e3e-e4a48b3eda51:0.0.0.0:44706, 54aabb14-4a7d-4ab3-adbe-2e67760b87f4:0.0.0.0:43074, c652e2ee-3322-4406-8db6-1ea643cb3197:0.0.0.0:42129], old=null
2019-10-18 11:24:56,792 [f535bb4a-cba0-4f9b-9e3e-e4a48b3eda51@group-7E32184879DE-LeaderElection276] INFO  impl.RaftServerImpl (RaftServerImpl.java:setRole(184)) - f535bb4a-cba0-4f9b-9e3e-e4a48b3eda51@group-7E32184879DE: changes role from CANDIDATE to FOLLOWER at term 327 for DISCOVERED_A_NEW_TERM
2019-10-18 11:24:56,792 [f535bb4a-cba0-4f9b-9e3e-e4a48b3eda51@group-7E32184879DE-LeaderElection276] INFO  impl.RoleInfo (RoleInfo.java:shutdownLeaderElection(134)) - f535bb4a-cba0-4f9b-9e3e-e4a48b3eda51: shutdown LeaderElection
2019-10-18 11:24:56,792 [f535bb4a-cba0-4f9b-9e3e-e4a48b3eda51@group-7E32184879DE-LeaderElection276] INFO  impl.RoleInfo (RoleInfo.java:updateAndGet(143)) - f535bb4a-cba0-4f9b-9e3e-e4a48b3eda51: start FollowerState
2019-10-18 11:24:56,938 [Thread-1983] INFO  impl.FollowerState (FollowerState.java:run(108)) - f535bb4a-cba0-4f9b-9e3e-e4a48b3eda51@group-7E32184879DE-FollowerState: change to CANDIDATE, lastRpcTime:146ms, electionTimeout:146ms
2019-10-18 11:24:56,939 [Thread-1983] INFO  impl.RoleInfo (RoleInfo.java:shutdownFollowerState(121)) - f535bb4a-cba0-4f9b-9e3e-e4a48b3eda51: shutdown FollowerState
2019-10-18 11:24:56,939 [Thread-1983] INFO  impl.RaftServerImpl (RaftServerImpl.java:setRole(184)) - f535bb4a-cba0-4f9b-9e3e-e4a48b3eda51@group-7E32184879DE: changes role from  FOLLOWER to CANDIDATE at term 327 for changeToCandidate
2019-10-18 11:24:56,939 [Thread-1983] INFO  impl.RoleInfo (RoleInfo.java:updateAndGet(143)) - f535bb4a-cba0-4f9b-9e3e-e4a48b3eda51: start LeaderElection
2019-10-18 11:24:56,966 [f535bb4a-cba0-4f9b-9e3e-e4a48b3eda51@group-7E32184879DE-LeaderElection277] INFO  impl.LeaderElection (LeaderElection.java:askForVotes(178)) - f535bb4a-cba0-4f9b-9e3e-e4a48b3eda51@group-7E32184879DE-LeaderElection277: begin an election at term 328 for -1: [f535bb4a-cba0-4f9b-9e3e-e4a48b3eda51:0.0.0.0:44706, 54aabb14-4a7d-4ab3-adbe-2e67760b87f4:0.0.0.0:43074, c652e2ee-3322-4406-8db6-1ea643cb3197:0.0.0.0:42129], old=null
2019-10-18 11:24:56,968 [grpc-default-executor-0] INFO  impl.RaftServerImpl (RaftServerImpl.java:setRole(184)) - 54aabb14-4a7d-4ab3-adbe-2e67760b87f4@group-7E32184879DE: changes role from  FOLLOWER to FOLLOWER at term 328 for recognizeCandidate:f535bb4a-cba0-4f9b-9e3e-e4a48b3eda51
2019-10-18 11:24:56,968 [grpc-default-executor-1] INFO  impl.RaftServerImpl (RaftServerImpl.java:setRole(184)) - c652e2ee-3322-4406-8db6-1ea643cb3197@group-7E32184879DE: changes role from  FOLLOWER to FOLLOWER at term 328 for recognizeCandidate:f535bb4a-cba0-4f9b-9e3e-e4a48b3eda51
2019-10-18 11:24:56,968 [grpc-default-executor-0] INFO  impl.RoleInfo (RoleInfo.java:shutdownFollowerState(121)) - 54aabb14-4a7d-4ab3-adbe-2e67760b87f4: shutdown FollowerState
2019-10-18 11:24:56,969 [grpc-default-executor-1] INFO  impl.RoleInfo (RoleInfo.java:shutdownFollowerState(121)) - c652e2ee-3322-4406-8db6-1ea643cb3197: shutdown FollowerState
2019-10-18 11:24:56,969 [Thread-1981] INFO  impl.FollowerState (FollowerState.java:run(117)) - 54aabb14-4a7d-4ab3-adbe-2e67760b87f4@group-7E32184879DE-FollowerState was interrupted: java.lang.InterruptedException: sleep interrupted
2019-10-18 11:24:56,969 [Thread-1982] INFO  impl.FollowerState (FollowerState.java:run(117)) - c652e2ee-3322-4406-8db6-1ea643cb3197@group-7E32184879DE-FollowerState was interrupted: java.lang.InterruptedException: sleep interrupted
2019-10-18 11:24:56,969 [grpc-default-executor-0] INFO  impl.RoleInfo (RoleInfo.java:updateAndGet(143)) - 54aabb14-4a7d-4ab3-adbe-2e67760b87f4: start FollowerState
2019-10-18 11:24:56,969 [grpc-default-executor-1] INFO  impl.RoleInfo (RoleInfo.java:updateAndGet(143)) - c652e2ee-3322-4406-8db6-1ea643cb3197: start FollowerState
2019-10-18 11:24:56,992 [f535bb4a-cba0-4f9b-9e3e-e4a48b3eda51@group-7E32184879DE-LeaderElection277] INFO  impl.LeaderElection (LeaderElection.java:logAndReturn(56)) - f535bb4a-cba0-4f9b-9e3e-e4a48b3eda51@group-7E32184879DE-LeaderElection277: Election REJECTED; received 2 response(s) [f535bb4a-cba0-4f9b-9e3e-e4a48b3eda51<-54aabb14-4a7d-4ab3-adbe-2e67760b87f4#0:FAIL-t328, f535bb4a-cba0-4f9b-9e3e-e4a48b3eda51<-c652e2ee-3322-4406-8db6-1ea643cb3197#0:FAIL-t328] and 0 exception(s); f535bb4a-cba0-4f9b-9e3e-e4a48b3eda51@group-7E32184879DE:t328, leader=null, voted=f535bb4a-cba0-4f9b-9e3e-e4a48b3eda51, raftlog=f535bb4a-cba0-4f9b-9e3e-e4a48b3eda51@group-7E32184879DE-SegmentedRaftLog:OPENED:c-1,f-1,i0, conf=-1: [f535bb4a-cba0-4f9b-9e3e-e4a48b3eda51:0.0.0.0:44706, 54aabb14-4a7d-4ab3-adbe-2e67760b87f4:0.0.0.0:43074, c652e2ee-3322-4406-8db6-1ea643cb3197:0.0.0.0:42129], old=null
2019-10-18 11:24:56,993 [f535bb4a-cba0-4f9b-9e3e-e4a48b3eda51@group-7E32184879DE-LeaderElection277] INFO  impl.RaftServerImpl (RaftServerImpl.java:setRole(184)) - f535bb4a-cba0-4f9b-9e3e-e4a48b3eda51@group-7E32184879DE: changes role from CANDIDATE to FOLLOWER at term 328 for DISCOVERED_A_NEW_TERM
2019-10-18 11:24:56,993 [f535bb4a-cba0-4f9b-9e3e-e4a48b3eda51@group-7E32184879DE-LeaderElection277] INFO  impl.RoleInfo (RoleInfo.java:shutdownLeaderElection(134)) - f535bb4a-cba0-4f9b-9e3e-e4a48b3eda51: shutdown LeaderElection
2019-10-18 11:24:56,993 [f535bb4a-cba0-4f9b-9e3e-e4a48b3eda51@group-7E32184879DE-LeaderElection277] INFO  impl.RoleInfo (RoleInfo.java:updateAndGet(143)) - f535bb4a-cba0-4f9b-9e3e-e4a48b3eda51: start FollowerState
2019-10-18 11:24:57,051 [Thread-1989] INFO  impl.FollowerState (FollowerState.java:run(108)) - f535bb4a-cba0-4f9b-9e3e-e4a48b3eda51@group-7E32184879DE-FollowerState: change to CANDIDATE, lastRpcTime:58ms, electionTimeout:58ms
2019-10-18 11:24:57,051 [Thread-1989] INFO  impl.RoleInfo (RoleInfo.java:shutdownFollowerState(121)) - f535bb4a-cba0-4f9b-9e3e-e4a48b3eda51: shutdown FollowerState
2019-10-18 11:24:57,051 [Thread-1989] INFO  impl.RaftServerImpl (RaftServerImpl.java:setRole(184)) - f535bb4a-cba0-4f9b-9e3e-e4a48b3eda51@group-7E32184879DE: changes role from  FOLLOWER to CANDIDATE at term 328 for changeToCandidate
2019-10-18 11:24:57,052 [Thread-1989] INFO  impl.RoleInfo (RoleInfo.java:updateAndGet(143)) - f535bb4a-cba0-4f9b-9e3e-e4a48b3eda51: start LeaderElection
2019-10-18 11:24:57,075 [f535bb4a-cba0-4f9b-9e3e-e4a48b3eda51@group-7E32184879DE-LeaderElection278] INFO  impl.LeaderElection (LeaderElection.java:askForVotes(178)) - f535bb4a-cba0-4f9b-9e3e-e4a48b3eda51@group-7E32184879DE-LeaderElection278: begin an election at term 329 for -1: [f535bb4a-cba0-4f9b-9e3e-e4a48b3eda51:0.0.0.0:44706, 54aabb14-4a7d-4ab3-adbe-2e67760b87f4:0.0.0.0:43074, c652e2ee-3322-4406-8db6-1ea643cb3197:0.0.0.0:42129], old=null
2019-10-18 11:24:57,077 [grpc-default-executor-0] INFO  impl.RaftServerImpl (RaftServerImpl.java:setRole(184)) - 54aabb14-4a7d-4ab3-adbe-2e67760b87f4@group-7E32184879DE: changes role from  FOLLOWER to FOLLOWER at term 329 for recognizeCandidate:f535bb4a-cba0-4f9b-9e3e-e4a48b3eda51
2019-10-18 11:24:57,077 [grpc-default-executor-1] INFO  impl.RaftServerImpl (RaftServerImpl.java:setRole(184)) - c652e2ee-3322-4406-8db6-1ea643cb3197@group-7E32184879DE: changes role from  FOLLOWER to FOLLOWER at term 329 for recognizeCandidate:f535bb4a-cba0-4f9b-9e3e-e4a48b3eda51
2019-10-18 11:24:57,077 [grpc-default-executor-0] INFO  impl.RoleInfo (RoleInfo.java:shutdownFollowerState(121)) - 54aabb14-4a7d-4ab3-adbe-2e67760b87f4: shutdown FollowerState
2019-10-18 11:24:57,077 [grpc-default-executor-1] INFO  impl.RoleInfo (RoleInfo.java:shutdownFollowerState(121)) - c652e2ee-3322-4406-8db6-1ea643cb3197: shutdown FollowerState
2019-10-18 11:24:57,078 [Thread-1987] INFO  impl.FollowerState (FollowerState.java:run(117)) - 54aabb14-4a7d-4ab3-adbe-2e67760b87f4@group-7E32184879DE-FollowerState was interrupted: java.lang.InterruptedException: sleep interrupted
2019-10-18 11:24:57,078 [Thread-1988] INFO  impl.FollowerState (FollowerState.java:run(117)) - c652e2ee-3322-4406-8db6-1ea643cb3197@group-7E32184879DE-FollowerState was interrupted: java.lang.InterruptedException: sleep interrupted
2019-10-18 11:24:57,078 [grpc-default-executor-0] INFO  impl.RoleInfo (RoleInfo.java:updateAndGet(143)) - 54aabb14-4a7d-4ab3-adbe-2e67760b87f4: start FollowerState
2019-10-18 11:24:57,078 [grpc-default-executor-1] INFO  impl.RoleInfo (RoleInfo.java:updateAndGet(143)) - c652e2ee-3322-4406-8db6-1ea643cb3197: start FollowerState
2019-10-18 11:24:57,101 [f535bb4a-cba0-4f9b-9e3e-e4a48b3eda51@group-7E32184879DE-LeaderElection278] INFO  impl.LeaderElection (LeaderElection.java:logAndReturn(56)) - f535bb4a-cba0-4f9b-9e3e-e4a48b3eda51@group-7E32184879DE-LeaderElection278: Election REJECTED; received 2 response(s) [f535bb4a-cba0-4f9b-9e3e-e4a48b3eda51<-54aabb14-4a7d-4ab3-adbe-2e67760b87f4#0:FAIL-t329, f535bb4a-cba0-4f9b-9e3e-e4a48b3eda51<-c652e2ee-3322-4406-8db6-1ea643cb3197#0:FAIL-t329] and 0 exception(s); f535bb4a-cba0-4f9b-9e3e-e4a48b3eda51@group-7E32184879DE:t329, leader=null, voted=f535bb4a-cba0-4f9b-9e3e-e4a48b3eda51, raftlog=f535bb4a-cba0-4f9b-9e3e-e4a48b3eda51@group-7E32184879DE-SegmentedRaftLog:OPENED:c-1,f-1,i0, conf=-1: [f535bb4a-cba0-4f9b-9e3e-e4a48b3eda51:0.0.0.0:44706, 54aabb14-4a7d-4ab3-adbe-2e67760b87f4:0.0.0.0:43074, c652e2ee-3322-4406-8db6-1ea643cb3197:0.0.0.0:42129], old=null
2019-10-18 11:24:57,101 [f535bb4a-cba0-4f9b-9e3e-e4a48b3eda51@group-7E32184879DE-LeaderElection278] INFO  impl.RaftServerImpl (RaftServerImpl.java:setRole(184)) - f535bb4a-cba0-4f9b-9e3e-e4a48b3eda51@group-7E32184879DE: changes role from CANDIDATE to FOLLOWER at term 329 for DISCOVERED_A_NEW_TERM
2019-10-18 11:24:57,102 [f535bb4a-cba0-4f9b-9e3e-e4a48b3eda51@group-7E32184879DE-LeaderElection278] INFO  impl.RoleInfo (RoleInfo.java:shutdownLeaderElection(134)) - f535bb4a-cba0-4f9b-9e3e-e4a48b3eda51: shutdown LeaderElection
2019-10-18 11:24:57,102 [f535bb4a-cba0-4f9b-9e3e-e4a48b3eda51@group-7E32184879DE-LeaderElection278] INFO  impl.RoleInfo (RoleInfo.java:updateAndGet(143)) - f535bb4a-cba0-4f9b-9e3e-e4a48b3eda51: start FollowerState
2019-10-18 11:24:57,168 [Thread-1995] INFO  impl.FollowerState (FollowerState.java:run(108)) - f535bb4a-cba0-4f9b-9e3e-e4a48b3eda51@group-7E32184879DE-FollowerState: change to CANDIDATE, lastRpcTime:66ms, electionTimeout:66ms
2019-10-18 11:24:57,168 [Thread-1995] INFO  impl.RoleInfo (RoleInfo.java:shutdownFollowerState(121)) - f535bb4a-cba0-4f9b-9e3e-e4a48b3eda51: shutdown FollowerState
2019-10-18 11:24:57,168 [Thread-1995] INFO  impl.RaftServerImpl (RaftServerImpl.java:setRole(184)) - f535bb4a-cba0-4f9b-9e3e-e4a48b3eda51@group-7E32184879DE: changes role from  FOLLOWER to CANDIDATE at term 329 for changeToCandidate
2019-10-18 11:24:57,169 [Thread-1995] INFO  impl.RoleInfo (RoleInfo.java:updateAndGet(143)) - f535bb4a-cba0-4f9b-9e3e-e4a48b3eda51: start LeaderElection
2019-10-18 11:24:57,194 [f535bb4a-cba0-4f9b-9e3e-e4a48b3eda51@group-7E32184879DE-LeaderElection279] INFO  impl.LeaderElection (LeaderElection.java:askForVotes(178)) - f535bb4a-cba0-4f9b-9e3e-e4a48b3eda51@group-7E32184879DE-LeaderElection279: begin an election at term 330 for -1: [f535bb4a-cba0-4f9b-9e3e-e4a48b3eda51:0.0.0.0:44706, 54aabb14-4a7d-4ab3-adbe-2e67760b87f4:0.0.0.0:43074, c652e2ee-3322-4406-8db6-1ea643cb3197:0.0.0.0:42129], old=null
2019-10-18 11:24:57,196 [grpc-default-executor-1] INFO  impl.RaftServerImpl (RaftServerImpl.java:setRole(184)) - 54aabb14-4a7d-4ab3-adbe-2e67760b87f4@group-7E32184879DE: changes role from  FOLLOWER to FOLLOWER at term 330 for recognizeCandidate:f535bb4a-cba0-4f9b-9e3e-e4a48b3eda51
2019-10-18 11:24:57,196 [grpc-default-executor-0] INFO  impl.RaftServerImpl (RaftServerImpl.java:setRole(184)) - c652e2ee-3322-4406-8db6-1ea643cb3197@group-7E32184879DE: changes role from  FOLLOWER to FOLLOWER at term 330 for recognizeCandidate:f535bb4a-cba0-4f9b-9e3e-e4a48b3eda51
2019-10-18 11:24:57,196 [grpc-default-executor-1] INFO  impl.RoleInfo (RoleInfo.java:shutdownFollowerState(121)) - 54aabb14-4a7d-4ab3-adbe-2e67760b87f4: shutdown FollowerState
2019-10-18 11:24:57,196 [grpc-default-executor-0] INFO  impl.RoleInfo (RoleInfo.java:shutdownFollowerState(121)) - c652e2ee-3322-4406-8db6-1ea643cb3197: shutdown FollowerState
2019-10-18 11:24:57,196 [Thread-1993] INFO  impl.FollowerState (FollowerState.java:run(117)) - 54aabb14-4a7d-4ab3-adbe-2e67760b87f4@group-7E32184879DE-FollowerState was interrupted: java.lang.InterruptedException: sleep interrupted
2019-10-18 11:24:57,196 [grpc-default-executor-1] INFO  impl.RoleInfo (RoleInfo.java:updateAndGet(143)) - 54aabb14-4a7d-4ab3-adbe-2e67760b87f4: start FollowerState
2019-10-18 11:24:57,196 [Thread-1994] INFO  impl.FollowerState (FollowerState.java:run(117)) - c652e2ee-3322-4406-8db6-1ea643cb3197@group-7E32184879DE-FollowerState was interrupted: java.lang.InterruptedException: sleep interrupted
2019-10-18 11:24:57,196 [grpc-default-executor-0] INFO  impl.RoleInfo (RoleInfo.java:updateAndGet(143)) - c652e2ee-3322-4406-8db6-1ea643cb3197: start FollowerState
2019-10-18 11:24:57,220 [f535bb4a-cba0-4f9b-9e3e-e4a48b3eda51@group-7E32184879DE-LeaderElection279] INFO  impl.LeaderElection (LeaderElection.java:logAndReturn(56)) - f535bb4a-cba0-4f9b-9e3e-e4a48b3eda51@group-7E32184879DE-LeaderElection279: Election REJECTED; received 2 response(s) [f535bb4a-cba0-4f9b-9e3e-e4a48b3eda51<-54aabb14-4a7d-4ab3-adbe-2e67760b87f4#0:FAIL-t330, f535bb4a-cba0-4f9b-9e3e-e4a48b3eda51<-c652e2ee-3322-4406-8db6-1ea643cb3197#0:FAIL-t330] and 0 exception(s); f535bb4a-cba0-4f9b-9e3e-e4a48b3eda51@group-7E32184879DE:t330, leader=null, voted=f535bb4a-cba0-4f9b-9e3e-e4a48b3eda51, raftlog=f535bb4a-cba0-4f9b-9e3e-e4a48b3eda51@group-7E32184879DE-SegmentedRaftLog:OPENED:c-1,f-1,i0, conf=-1: [f535bb4a-cba0-4f9b-9e3e-e4a48b3eda51:0.0.0.0:44706, 54aabb14-4a7d-4ab3-adbe-2e67760b87f4:0.0.0.0:43074, c652e2ee-3322-4406-8db6-1ea643cb3197:0.0.0.0:42129], old=null
2019-10-18 11:24:57,220 [f535bb4a-cba0-4f9b-9e3e-e4a48b3eda51@group-7E32184879DE-LeaderElection279] INFO  impl.RaftServerImpl (RaftServerImpl.java:setRole(184)) - f535bb4a-cba0-4f9b-9e3e-e4a48b3eda51@group-7E32184879DE: changes role from CANDIDATE to FOLLOWER at term 330 for DISCOVERED_A_NEW_TERM
2019-10-18 11:24:57,220 [f535bb4a-cba0-4f9b-9e3e-e4a48b3eda51@group-7E32184879DE-LeaderElection279] INFO  impl.RoleInfo (RoleInfo.java:shutdownLeaderElection(134)) - f535bb4a-cba0-4f9b-9e3e-e4a48b3eda51: shutdown LeaderElection
2019-10-18 11:24:57,220 [f535bb4a-cba0-4f9b-9e3e-e4a48b3eda51@group-7E32184879DE-LeaderElection279] INFO  impl.RoleInfo (RoleInfo.java:updateAndGet(143)) - f535bb4a-cba0-4f9b-9e3e-e4a48b3eda51: start FollowerState
2019-10-18 11:24:57,263 [Thread-2001] INFO  impl.FollowerState (FollowerState.java:run(108)) - f535bb4a-cba0-4f9b-9e3e-e4a48b3eda51@group-7E32184879DE-FollowerState: change to CANDIDATE, lastRpcTime:43ms, electionTimeout:43ms
2019-10-18 11:24:57,264 [Thread-2001] INFO  impl.RoleInfo (RoleInfo.java:shutdownFollowerState(121)) - f535bb4a-cba0-4f9b-9e3e-e4a48b3eda51: shutdown FollowerState
2019-10-18 11:24:57,264 [Thread-2001] INFO  impl.RaftServerImpl (RaftServerImpl.java:setRole(184)) - f535bb4a-cba0-4f9b-9e3e-e4a48b3eda51@group-7E32184879DE: changes role from  FOLLOWER to CANDIDATE at term 330 for changeToCandidate
2019-10-18 11:24:57,264 [Thread-2001] INFO  impl.RoleInfo (RoleInfo.java:updateAndGet(143)) - f535bb4a-cba0-4f9b-9e3e-e4a48b3eda51: start LeaderElection
2019-10-18 11:24:57,286 [f535bb4a-cba0-4f9b-9e3e-e4a48b3eda51@group-7E32184879DE-LeaderElection280] INFO  impl.LeaderElection (LeaderElection.java:askForVotes(178)) - f535bb4a-cba0-4f9b-9e3e-e4a48b3eda51@group-7E32184879DE-LeaderElection280: begin an election at term 331 for -1: [f535bb4a-cba0-4f9b-9e3e-e4a48b3eda51:0.0.0.0:44706, 54aabb14-4a7d-4ab3-adbe-2e67760b87f4:0.0.0.0:43074, c652e2ee-3322-4406-8db6-1ea643cb3197:0.0.0.0:42129], old=null
2019-10-18 11:24:57,287 [f535bb4a-cba0-4f9b-9e3e-e4a48b3eda51@group-7E32184879DE-LeaderElection280] INFO  impl.LeaderElection (LeaderElection.java:logAndReturn(56)) - f535bb4a-cba0-4f9b-9e3e-e4a48b3eda51@group-7E32184879DE-LeaderElection280: Election TIMEOUT; received 0 response(s) [] and 0 exception(s); f535bb4a-cba0-4f9b-9e3e-e4a48b3eda51@group-7E32184879DE:t331, leader=null, voted=f535bb4a-cba0-4f9b-9e3e-e4a48b3eda51, raftlog=f535bb4a-cba0-4f9b-9e3e-e4a48b3eda51@group-7E32184879DE-SegmentedRaftLog:OPENED:c-1,f-1,i0, conf=-1: [f535bb4a-cba0-4f9b-9e3e-e4a48b3eda51:0.0.0.0:44706, 54aabb14-4a7d-4ab3-adbe-2e67760b87f4:0.0.0.0:43074, c652e2ee-3322-4406-8db6-1ea643cb3197:0.0.0.0:42129], old=null
2019-10-18 11:24:57,288 [grpc-default-executor-0] INFO  impl.RaftServerImpl (RaftServerImpl.java:setRole(184)) - 54aabb14-4a7d-4ab3-adbe-2e67760b87f4@group-7E32184879DE: changes role from  FOLLOWER to FOLLOWER at term 331 for recognizeCandidate:f535bb4a-cba0-4f9b-9e3e-e4a48b3eda51
2019-10-18 11:24:57,288 [grpc-default-executor-0] INFO  impl.RoleInfo (RoleInfo.java:shutdownFollowerState(121)) - 54aabb14-4a7d-4ab3-adbe-2e67760b87f4: shutdown FollowerState
2019-10-18 11:24:57,288 [grpc-default-executor-0] INFO  impl.RoleInfo (RoleInfo.java:updateAndGet(143)) - 54aabb14-4a7d-4ab3-adbe-2e67760b87f4: start FollowerState
2019-10-18 11:24:57,288 [Thread-1999] INFO  impl.FollowerState (FollowerState.java:run(117)) - 54aabb14-4a7d-4ab3-adbe-2e67760b87f4@group-7E32184879DE-FollowerState was interrupted: java.lang.InterruptedException: sleep interrupted
2019-10-18 11:24:57,288 [grpc-default-executor-1] INFO  impl.RaftServerImpl (RaftServerImpl.java:setRole(184)) - c652e2ee-3322-4406-8db6-1ea643cb3197@group-7E32184879DE: changes role from  FOLLOWER to FOLLOWER at term 331 for recognizeCandidate:f535bb4a-cba0-4f9b-9e3e-e4a48b3eda51
2019-10-18 11:24:57,288 [grpc-default-executor-1] INFO  impl.RoleInfo (RoleInfo.java:shutdownFollowerState(121)) - c652e2ee-3322-4406-8db6-1ea643cb3197: shutdown FollowerState
2019-10-18 11:24:57,288 [grpc-default-executor-1] INFO  impl.RoleInfo (RoleInfo.java:updateAndGet(143)) - c652e2ee-3322-4406-8db6-1ea643cb3197: start FollowerState
2019-10-18 11:24:57,288 [Thread-2000] INFO  impl.FollowerState (FollowerState.java:run(117)) - c652e2ee-3322-4406-8db6-1ea643cb3197@group-7E32184879DE-FollowerState was interrupted: java.lang.InterruptedException: sleep interrupted
2019-10-18 11:24:57,311 [f535bb4a-cba0-4f9b-9e3e-e4a48b3eda51@group-7E32184879DE-LeaderElection280] INFO  impl.LeaderElection (LeaderElection.java:askForVotes(178)) - f535bb4a-cba0-4f9b-9e3e-e4a48b3eda51@group-7E32184879DE-LeaderElection280: begin an election at term 332 for -1: [f535bb4a-cba0-4f9b-9e3e-e4a48b3eda51:0.0.0.0:44706, 54aabb14-4a7d-4ab3-adbe-2e67760b87f4:0.0.0.0:43074, c652e2ee-3322-4406-8db6-1ea643cb3197:0.0.0.0:42129], old=null
2019-10-18 11:24:57,313 [grpc-default-executor-1] INFO  impl.RaftServerImpl (RaftServerImpl.java:setRole(184)) - 54aabb14-4a7d-4ab3-adbe-2e67760b87f4@group-7E32184879DE: changes role from  FOLLOWER to FOLLOWER at term 332 for recognizeCandidate:f535bb4a-cba0-4f9b-9e3e-e4a48b3eda51
2019-10-18 11:24:57,313 [grpc-default-executor-0] INFO  impl.RaftServerImpl (RaftServerImpl.java:setRole(184)) - c652e2ee-3322-4406-8db6-1ea643cb3197@group-7E32184879DE: changes role from  FOLLOWER to FOLLOWER at term 332 for recognizeCandidate:f535bb4a-cba0-4f9b-9e3e-e4a48b3eda51
2019-10-18 11:24:57,313 [grpc-default-executor-1] INFO  impl.RoleInfo (RoleInfo.java:shutdownFollowerState(121)) - 54aabb14-4a7d-4ab3-adbe-2e67760b87f4: shutdown FollowerState
2019-10-18 11:24:57,313 [grpc-default-executor-0] INFO  impl.RoleInfo (RoleInfo.java:shutdownFollowerState(121)) - c652e2ee-3322-4406-8db6-1ea643cb3197: shutdown FollowerState
2019-10-18 11:24:57,313 [Thread-2005] INFO  impl.FollowerState (FollowerState.java:run(117)) - 54aabb14-4a7d-4ab3-adbe-2e67760b87f4@group-7E32184879DE-FollowerState was interrupted: java.lang.InterruptedException: sleep interrupted
2019-10-18 11:24:57,313 [grpc-default-executor-1] INFO  impl.RoleInfo (RoleInfo.java:updateAndGet(143)) - 54aabb14-4a7d-4ab3-adbe-2e67760b87f4: start FollowerState
2019-10-18 11:24:57,314 [Thread-2006] INFO  impl.FollowerState (FollowerState.java:run(117)) - c652e2ee-3322-4406-8db6-1ea643cb3197@group-7E32184879DE-FollowerState was interrupted: java.lang.InterruptedException: sleep interrupted
2019-10-18 11:24:57,314 [grpc-default-executor-0] INFO  impl.RoleInfo (RoleInfo.java:updateAndGet(143)) - c652e2ee-3322-4406-8db6-1ea643cb3197: start FollowerState
2019-10-18 11:24:57,329 [f535bb4a-cba0-4f9b-9e3e-e4a48b3eda51@group-7E32184879DE-LeaderElection280] INFO  impl.LeaderElection (LeaderElection.java:logAndReturn(56)) - f535bb4a-cba0-4f9b-9e3e-e4a48b3eda51@group-7E32184879DE-LeaderElection280: Election REJECTED; received 2 response(s) [f535bb4a-cba0-4f9b-9e3e-e4a48b3eda51<-54aabb14-4a7d-4ab3-adbe-2e67760b87f4#0:FAIL-t332, f535bb4a-cba0-4f9b-9e3e-e4a48b3eda51<-c652e2ee-3322-4406-8db6-1ea643cb3197#0:FAIL-t332] and 0 exception(s); f535bb4a-cba0-4f9b-9e3e-e4a48b3eda51@group-7E32184879DE:t332, leader=null, voted=f535bb4a-cba0-4f9b-9e3e-e4a48b3eda51, raftlog=f535bb4a-cba0-4f9b-9e3e-e4a48b3eda51@group-7E32184879DE-SegmentedRaftLog:OPENED:c-1,f-1,i0, conf=-1: [f535bb4a-cba0-4f9b-9e3e-e4a48b3eda51:0.0.0.0:44706, 54aabb14-4a7d-4ab3-adbe-2e67760b87f4:0.0.0.0:43074, c652e2ee-3322-4406-8db6-1ea643cb3197:0.0.0.0:42129], old=null
2019-10-18 11:24:57,329 [f535bb4a-cba0-4f9b-9e3e-e4a48b3eda51@group-7E32184879DE-LeaderElection280] INFO  impl.RaftServerImpl (RaftServerImpl.java:setRole(184)) - f535bb4a-cba0-4f9b-9e3e-e4a48b3eda51@group-7E32184879DE: changes role from CANDIDATE to FOLLOWER at term 332 for DISCOVERED_A_NEW_TERM
2019-10-18 11:24:57,329 [f535bb4a-cba0-4f9b-9e3e-e4a48b3eda51@group-7E32184879DE-LeaderElection280] INFO  impl.RoleInfo (RoleInfo.java:shutdownLeaderElection(134)) - f535bb4a-cba0-4f9b-9e3e-e4a48b3eda51: shutdown LeaderElection
2019-10-18 11:24:57,329 [f535bb4a-cba0-4f9b-9e3e-e4a48b3eda51@group-7E32184879DE-LeaderElection280] INFO  impl.RoleInfo (RoleInfo.java:updateAndGet(143)) - f535bb4a-cba0-4f9b-9e3e-e4a48b3eda51: start FollowerState
2019-10-18 11:24:57,514 [Thread-2011] INFO  impl.FollowerState (FollowerState.java:run(108)) - f535bb4a-cba0-4f9b-9e3e-e4a48b3eda51@group-7E32184879DE-FollowerState: change to CANDIDATE, lastRpcTime:184ms, electionTimeout:184ms
2019-10-18 11:24:57,514 [Thread-2011] INFO  impl.RoleInfo (RoleInfo.java:shutdownFollowerState(121)) - f535bb4a-cba0-4f9b-9e3e-e4a48b3eda51: shutdown FollowerState
2019-10-18 11:24:57,514 [Thread-2011] INFO  impl.RaftServerImpl (RaftServerImpl.java:setRole(184)) - f535bb4a-cba0-4f9b-9e3e-e4a48b3eda51@group-7E32184879DE: changes role from  FOLLOWER to CANDIDATE at term 332 for changeToCandidate
2019-10-18 11:24:57,514 [Thread-2011] INFO  impl.RoleInfo (RoleInfo.java:updateAndGet(143)) - f535bb4a-cba0-4f9b-9e3e-e4a48b3eda51: start LeaderElection
2019-10-18 11:24:57,546 [f535bb4a-cba0-4f9b-9e3e-e4a48b3eda51@group-7E32184879DE-LeaderElection281] INFO  impl.LeaderElection (LeaderElection.java:askForVotes(178)) - f535bb4a-cba0-4f9b-9e3e-e4a48b3eda51@group-7E32184879DE-LeaderElection281: begin an election at term 333 for -1: [f535bb4a-cba0-4f9b-9e3e-e4a48b3eda51:0.0.0.0:44706, 54aabb14-4a7d-4ab3-adbe-2e67760b87f4:0.0.0.0:43074, c652e2ee-3322-4406-8db6-1ea643cb3197:0.0.0.0:42129], old=null
2019-10-18 11:24:57,548 [grpc-default-executor-0] INFO  impl.RaftServerImpl (RaftServerImpl.java:setRole(184)) - c652e2ee-3322-4406-8db6-1ea643cb3197@group-7E32184879DE: changes role from  FOLLOWER to FOLLOWER at term 333 for recognizeCandidate:f535bb4a-cba0-4f9b-9e3e-e4a48b3eda51
2019-10-18 11:24:57,548 [grpc-default-executor-1] INFO  impl.RaftServerImpl (RaftServerImpl.java:setRole(184)) - 54aabb14-4a7d-4ab3-adbe-2e67760b87f4@group-7E32184879DE: changes role from  FOLLOWER to FOLLOWER at term 333 for recognizeCandidate:f535bb4a-cba0-4f9b-9e3e-e4a48b3eda51
2019-10-18 11:24:57,548 [grpc-default-executor-0] INFO  impl.RoleInfo (RoleInfo.java:shutdownFollowerState(121)) - c652e2ee-3322-4406-8db6-1ea643cb3197: shutdown FollowerState
2019-10-18 11:24:57,548 [grpc-default-executor-1] INFO  impl.RoleInfo (RoleInfo.java:shutdownFollowerState(121)) - 54aabb14-4a7d-4ab3-adbe-2e67760b87f4: shutdown FollowerState
2019-10-18 11:24:57,548 [Thread-2010] INFO  impl.FollowerState (FollowerState.java:run(117)) - c652e2ee-3322-4406-8db6-1ea643cb3197@group-7E32184879DE-FollowerState was interrupted: java.lang.InterruptedException: sleep interrupted
2019-10-18 11:24:57,548 [grpc-default-executor-0] INFO  impl.RoleInfo (RoleInfo.java:updateAndGet(143)) - c652e2ee-3322-4406-8db6-1ea643cb3197: start FollowerState
2019-10-18 11:24:57,549 [Thread-2009] INFO  impl.FollowerState (FollowerState.java:run(117)) - 54aabb14-4a7d-4ab3-adbe-2e67760b87f4@group-7E32184879DE-FollowerState was interrupted: java.lang.InterruptedException: sleep interrupted
2019-10-18 11:24:57,549 [grpc-default-executor-1] INFO  impl.RoleInfo (RoleInfo.java:updateAndGet(143)) - 54aabb14-4a7d-4ab3-adbe-2e67760b87f4: start FollowerState
2019-10-18 11:24:57,572 [f535bb4a-cba0-4f9b-9e3e-e4a48b3eda51@group-7E32184879DE-LeaderElection281] INFO  impl.LeaderElection (LeaderElection.java:logAndReturn(56)) - f535bb4a-cba0-4f9b-9e3e-e4a48b3eda51@group-7E32184879DE-LeaderElection281: Election REJECTED; received 2 response(s) [f535bb4a-cba0-4f9b-9e3e-e4a48b3eda51<-54aabb14-4a7d-4ab3-adbe-2e67760b87f4#0:FAIL-t333, f535bb4a-cba0-4f9b-9e3e-e4a48b3eda51<-c652e2ee-3322-4406-8db6-1ea643cb3197#0:FAIL-t333] and 0 exception(s); f535bb4a-cba0-4f9b-9e3e-e4a48b3eda51@group-7E32184879DE:t333, leader=null, voted=f535bb4a-cba0-4f9b-9e3e-e4a48b3eda51, raftlog=f535bb4a-cba0-4f9b-9e3e-e4a48b3eda51@group-7E32184879DE-SegmentedRaftLog:OPENED:c-1,f-1,i0, conf=-1: [f535bb4a-cba0-4f9b-9e3e-e4a48b3eda51:0.0.0.0:44706, 54aabb14-4a7d-4ab3-adbe-2e67760b87f4:0.0.0.0:43074, c652e2ee-3322-4406-8db6-1ea643cb3197:0.0.0.0:42129], old=null
2019-10-18 11:24:57,572 [f535bb4a-cba0-4f9b-9e3e-e4a48b3eda51@group-7E32184879DE-LeaderElection281] INFO  impl.RaftServerImpl (RaftServerImpl.java:setRole(184)) - f535bb4a-cba0-4f9b-9e3e-e4a48b3eda51@group-7E32184879DE: changes role from CANDIDATE to FOLLOWER at term 333 for DISCOVERED_A_NEW_TERM
2019-10-18 11:24:57,572 [f535bb4a-cba0-4f9b-9e3e-e4a48b3eda51@group-7E32184879DE-LeaderElection281] INFO  impl.RoleInfo (RoleInfo.java:shutdownLeaderElection(134)) - f535bb4a-cba0-4f9b-9e3e-e4a48b3eda51: shutdown LeaderElection
2019-10-18 11:24:57,572 [f535bb4a-cba0-4f9b-9e3e-e4a48b3eda51@group-7E32184879DE-LeaderElection281] INFO  impl.RoleInfo (RoleInfo.java:updateAndGet(143)) - f535bb4a-cba0-4f9b-9e3e-e4a48b3eda51: start FollowerState
2019-10-18 11:24:57,735 [Thread-2019] INFO  impl.FollowerState (FollowerState.java:run(108)) - f535bb4a-cba0-4f9b-9e3e-e4a48b3eda51@group-7E32184879DE-FollowerState: change to CANDIDATE, lastRpcTime:162ms, electionTimeout:162ms
2019-10-18 11:24:57,735 [Thread-2019] INFO  impl.RoleInfo (RoleInfo.java:shutdownFollowerState(121)) - f535bb4a-cba0-4f9b-9e3e-e4a48b3eda51: shutdown FollowerState
2019-10-18 11:24:57,735 [Thread-2019] INFO  impl.RaftServerImpl (RaftServerImpl.java:setRole(184)) - f535bb4a-cba0-4f9b-9e3e-e4a48b3eda51@group-7E32184879DE: changes role from  FOLLOWER to CANDIDATE at term 333 for changeToCandidate
2019-10-18 11:24:57,735 [Thread-2019] INFO  impl.RoleInfo (RoleInfo.java:updateAndGet(143)) - f535bb4a-cba0-4f9b-9e3e-e4a48b3eda51: start LeaderElection
2019-10-18 11:24:57,763 [f535bb4a-cba0-4f9b-9e3e-e4a48b3eda51@group-7E32184879DE-LeaderElection282] INFO  impl.LeaderElection (LeaderElection.java:askForVotes(178)) - f535bb4a-cba0-4f9b-9e3e-e4a48b3eda51@group-7E32184879DE-LeaderElection282: begin an election at term 334 for -1: [f535bb4a-cba0-4f9b-9e3e-e4a48b3eda51:0.0.0.0:44706, 54aabb14-4a7d-4ab3-adbe-2e67760b87f4:0.0.0.0:43074, c652e2ee-3322-4406-8db6-1ea643cb3197:0.0.0.0:42129], old=null
2019-10-18 11:24:57,765 [grpc-default-executor-0] INFO  impl.RaftServerImpl (RaftServerImpl.java:setRole(184)) - 54aabb14-4a7d-4ab3-adbe-2e67760b87f4@group-7E32184879DE: changes role from  FOLLOWER to FOLLOWER at term 334 for recognizeCandidate:f535bb4a-cba0-4f9b-9e3e-e4a48b3eda51
2019-10-18 11:24:57,765 [grpc-default-executor-0] INFO  impl.RoleInfo (RoleInfo.java:shutdownFollowerState(121)) - 54aabb14-4a7d-4ab3-adbe-2e67760b87f4: shutdown FollowerState
2019-10-18 11:24:57,765 [grpc-default-executor-1] INFO  impl.RaftServerImpl (RaftServerImpl.java:setRole(184)) - c652e2ee-3322-4406-8db6-1ea643cb3197@group-7E32184879DE: changes role from  FOLLOWER to FOLLOWER at term 334 for recognizeCandidate:f535bb4a-cba0-4f9b-9e3e-e4a48b3eda51
2019-10-18 11:24:57,765 [Thread-2018] INFO  impl.FollowerState (FollowerState.java:run(117)) - 54aabb14-4a7d-4ab3-adbe-2e67760b87f4@group-7E32184879DE-FollowerState was interrupted: java.lang.InterruptedException: sleep interrupted
2019-10-18 11:24:57,765 [grpc-default-executor-0] INFO  impl.RoleInfo (RoleInfo.java:updateAndGet(143)) - 54aabb14-4a7d-4ab3-adbe-2e67760b87f4: start FollowerState
2019-10-18 11:24:57,766 [grpc-default-executor-1] INFO  impl.RoleInfo (RoleInfo.java:shutdownFollowerState(121)) - c652e2ee-3322-4406-8db6-1ea643cb3197: shutdown FollowerState
2019-10-18 11:24:57,766 [grpc-default-executor-1] INFO  impl.RoleInfo (RoleInfo.java:updateAndGet(143)) - c652e2ee-3322-4406-8db6-1ea643cb3197: start FollowerState
2019-10-18 11:24:57,766 [Thread-2017] INFO  impl.FollowerState (FollowerState.java:run(117)) - c652e2ee-3322-4406-8db6-1ea643cb3197@group-7E32184879DE-FollowerState was interrupted: java.lang.InterruptedException: sleep interrupted
2019-10-18 11:24:57,789 [f535bb4a-cba0-4f9b-9e3e-e4a48b3eda51@group-7E32184879DE-LeaderElection282] INFO  impl.LeaderElection (LeaderElection.java:logAndReturn(56)) - f535bb4a-cba0-4f9b-9e3e-e4a48b3eda51@group-7E32184879DE-LeaderElection282: Election REJECTED; received 2 response(s) [f535bb4a-cba0-4f9b-9e3e-e4a48b3eda51<-54aabb14-4a7d-4ab3-adbe-2e67760b87f4#0:FAIL-t334, f535bb4a-cba0-4f9b-9e3e-e4a48b3eda51<-c652e2ee-3322-4406-8db6-1ea643cb3197#0:FAIL-t334] and 0 exception(s); f535bb4a-cba0-4f9b-9e3e-e4a48b3eda51@group-7E32184879DE:t334, leader=null, voted=f535bb4a-cba0-4f9b-9e3e-e4a48b3eda51, raftlog=f535bb4a-cba0-4f9b-9e3e-e4a48b3eda51@group-7E32184879DE-SegmentedRaftLog:OPENED:c-1,f-1,i0, conf=-1: [f535bb4a-cba0-4f9b-9e3e-e4a48b3eda51:0.0.0.0:44706, 54aabb14-4a7d-4ab3-adbe-2e67760b87f4:0.0.0.0:43074, c652e2ee-3322-4406-8db6-1ea643cb3197:0.0.0.0:42129], old=null
2019-10-18 11:24:57,789 [f535bb4a-cba0-4f9b-9e3e-e4a48b3eda51@group-7E32184879DE-LeaderElection282] INFO  impl.RaftServerImpl (RaftServerImpl.java:setRole(184)) - f535bb4a-cba0-4f9b-9e3e-e4a48b3eda51@group-7E32184879DE: changes role from CANDIDATE to FOLLOWER at term 334 for DISCOVERED_A_NEW_TERM
2019-10-18 11:24:57,790 [f535bb4a-cba0-4f9b-9e3e-e4a48b3eda51@group-7E32184879DE-LeaderElection282] INFO  impl.RoleInfo (RoleInfo.java:shutdownLeaderElection(134)) - f535bb4a-cba0-4f9b-9e3e-e4a48b3eda51: shutdown LeaderElection
2019-10-18 11:24:57,790 [f535bb4a-cba0-4f9b-9e3e-e4a48b3eda51@group-7E32184879DE-LeaderElection282] INFO  impl.RoleInfo (RoleInfo.java:updateAndGet(143)) - f535bb4a-cba0-4f9b-9e3e-e4a48b3eda51: start FollowerState
2019-10-18 11:24:57,961 [Thread-2025] INFO  impl.FollowerState (FollowerState.java:run(108)) - f535bb4a-cba0-4f9b-9e3e-e4a48b3eda51@group-7E32184879DE-FollowerState: change to CANDIDATE, lastRpcTime:171ms, electionTimeout:171ms
2019-10-18 11:24:57,961 [Thread-2025] INFO  impl.RoleInfo (RoleInfo.java:shutdownFollowerState(121)) - f535bb4a-cba0-4f9b-9e3e-e4a48b3eda51: shutdown FollowerState
2019-10-18 11:24:57,962 [Thread-2025] INFO  impl.RaftServerImpl (RaftServerImpl.java:setRole(184)) - f535bb4a-cba0-4f9b-9e3e-e4a48b3eda51@group-7E32184879DE: changes role from  FOLLOWER to CANDIDATE at term 334 for changeToCandidate
2019-10-18 11:24:57,962 [Thread-2025] INFO  impl.RoleInfo (RoleInfo.java:updateAndGet(143)) - f535bb4a-cba0-4f9b-9e3e-e4a48b3eda51: start LeaderElection
2019-10-18 11:24:57,997 [f535bb4a-cba0-4f9b-9e3e-e4a48b3eda51@group-7E32184879DE-LeaderElection283] INFO  impl.LeaderElection (LeaderElection.java:askForVotes(178)) - f535bb4a-cba0-4f9b-9e3e-e4a48b3eda51@group-7E32184879DE-LeaderElection283: begin an election at term 335 for -1: [f535bb4a-cba0-4f9b-9e3e-e4a48b3eda51:0.0.0.0:44706, 54aabb14-4a7d-4ab3-adbe-2e67760b87f4:0.0.0.0:43074, c652e2ee-3322-4406-8db6-1ea643cb3197:0.0.0.0:42129], old=null
2019-10-18 11:24:57,999 [grpc-default-executor-1] INFO  impl.RaftServerImpl (RaftServerImpl.java:setRole(184)) - c652e2ee-3322-4406-8db6-1ea643cb3197@group-7E32184879DE: changes role from  FOLLOWER to FOLLOWER at term 335 for recognizeCandidate:f535bb4a-cba0-4f9b-9e3e-e4a48b3eda51
2019-10-18 11:24:57,999 [grpc-default-executor-0] INFO  impl.RaftServerImpl (RaftServerImpl.java:setRole(184)) - 54aabb14-4a7d-4ab3-adbe-2e67760b87f4@group-7E32184879DE: changes role from  FOLLOWER to FOLLOWER at term 335 for recognizeCandidate:f535bb4a-cba0-4f9b-9e3e-e4a48b3eda51
2019-10-18 11:24:57,999 [grpc-default-executor-1] INFO  impl.RoleInfo (RoleInfo.java:shutdownFollowerState(121)) - c652e2ee-3322-4406-8db6-1ea643cb3197: shutdown FollowerState
2019-10-18 11:24:58,000 [grpc-default-executor-0] INFO  impl.RoleInfo (RoleInfo.java:shutdownFollowerState(121)) - 54aabb14-4a7d-4ab3-adbe-2e67760b87f4: shutdown FollowerState
2019-10-18 11:24:58,000 [Thread-2024] INFO  impl.FollowerState (FollowerState.java:run(117)) - c652e2ee-3322-4406-8db6-1ea643cb3197@group-7E32184879DE-FollowerState was interrupted: java.lang.InterruptedException: sleep interrupted
2019-10-18 11:24:58,000 [grpc-default-executor-1] INFO  impl.RoleInfo (RoleInfo.java:updateAndGet(143)) - c652e2ee-3322-4406-8db6-1ea643cb3197: start FollowerState
2019-10-18 11:24:58,000 [Thread-2023] INFO  impl.FollowerState (FollowerState.java:run(117)) - 54aabb14-4a7d-4ab3-adbe-2e67760b87f4@group-7E32184879DE-FollowerState was interrupted: java.lang.InterruptedException: sleep interrupted
2019-10-18 11:24:58,000 [grpc-default-executor-0] INFO  impl.RoleInfo (RoleInfo.java:updateAndGet(143)) - 54aabb14-4a7d-4ab3-adbe-2e67760b87f4: start FollowerState
2019-10-18 11:24:58,023 [f535bb4a-cba0-4f9b-9e3e-e4a48b3eda51@group-7E32184879DE-LeaderElection283] INFO  impl.LeaderElection (LeaderElection.java:logAndReturn(56)) - f535bb4a-cba0-4f9b-9e3e-e4a48b3eda51@group-7E32184879DE-LeaderElection283: Election REJECTED; received 2 response(s) [f535bb4a-cba0-4f9b-9e3e-e4a48b3eda51<-54aabb14-4a7d-4ab3-adbe-2e67760b87f4#0:FAIL-t335, f535bb4a-cba0-4f9b-9e3e-e4a48b3eda51<-c652e2ee-3322-4406-8db6-1ea643cb3197#0:FAIL-t335] and 0 exception(s); f535bb4a-cba0-4f9b-9e3e-e4a48b3eda51@group-7E32184879DE:t335, leader=null, voted=f535bb4a-cba0-4f9b-9e3e-e4a48b3eda51, raftlog=f535bb4a-cba0-4f9b-9e3e-e4a48b3eda51@group-7E32184879DE-SegmentedRaftLog:OPENED:c-1,f-1,i0, conf=-1: [f535bb4a-cba0-4f9b-9e3e-e4a48b3eda51:0.0.0.0:44706, 54aabb14-4a7d-4ab3-adbe-2e67760b87f4:0.0.0.0:43074, c652e2ee-3322-4406-8db6-1ea643cb3197:0.0.0.0:42129], old=null
2019-10-18 11:24:58,024 [f535bb4a-cba0-4f9b-9e3e-e4a48b3eda51@group-7E32184879DE-LeaderElection283] INFO  impl.RaftServerImpl (RaftServerImpl.java:setRole(184)) - f535bb4a-cba0-4f9b-9e3e-e4a48b3eda51@group-7E32184879DE: changes role from CANDIDATE to FOLLOWER at term 335 for DISCOVERED_A_NEW_TERM
2019-10-18 11:24:58,024 [f535bb4a-cba0-4f9b-9e3e-e4a48b3eda51@group-7E32184879DE-LeaderElection283] INFO  impl.RoleInfo (RoleInfo.java:shutdownLeaderElection(134)) - f535bb4a-cba0-4f9b-9e3e-e4a48b3eda51: shutdown LeaderElection
2019-10-18 11:24:58,024 [f535bb4a-cba0-4f9b-9e3e-e4a48b3eda51@group-7E32184879DE-LeaderElection283] INFO  impl.RoleInfo (RoleInfo.java:updateAndGet(143)) - f535bb4a-cba0-4f9b-9e3e-e4a48b3eda51: start FollowerState
2019-10-18 11:24:58,126 [Thread-2031] INFO  impl.FollowerState (FollowerState.java:run(108)) - f535bb4a-cba0-4f9b-9e3e-e4a48b3eda51@group-7E32184879DE-FollowerState: change to CANDIDATE, lastRpcTime:102ms, electionTimeout:102ms
2019-10-18 11:24:58,127 [Thread-2031] INFO  impl.RoleInfo (RoleInfo.java:shutdownFollowerState(121)) - f535bb4a-cba0-4f9b-9e3e-e4a48b3eda51: shutdown FollowerState
2019-10-18 11:24:58,127 [Thread-2031] INFO  impl.RaftServerImpl (RaftServerImpl.java:setRole(184)) - f535bb4a-cba0-4f9b-9e3e-e4a48b3eda51@group-7E32184879DE: changes role from  FOLLOWER to CANDIDATE at term 335 for changeToCandidate
2019-10-18 11:24:58,127 [Thread-2031] INFO  impl.RoleInfo (RoleInfo.java:updateAndGet(143)) - f535bb4a-cba0-4f9b-9e3e-e4a48b3eda51: start LeaderElection
2019-10-18 11:24:58,157 [f535bb4a-cba0-4f9b-9e3e-e4a48b3eda51@group-7E32184879DE-LeaderElection284] INFO  impl.LeaderElection (LeaderElection.java:askForVotes(178)) - f535bb4a-cba0-4f9b-9e3e-e4a48b3eda51@group-7E32184879DE-LeaderElection284: begin an election at term 336 for -1: [f535bb4a-cba0-4f9b-9e3e-e4a48b3eda51:0.0.0.0:44706, 54aabb14-4a7d-4ab3-adbe-2e67760b87f4:0.0.0.0:43074, c652e2ee-3322-4406-8db6-1ea643cb3197:0.0.0.0:42129], old=null
2019-10-18 11:24:58,161 [grpc-default-executor-0] INFO  impl.RaftServerImpl (RaftServerImpl.java:setRole(184)) - c652e2ee-3322-4406-8db6-1ea643cb3197@group-7E32184879DE: changes role from  FOLLOWER to FOLLOWER at term 336 for recognizeCandidate:f535bb4a-cba0-4f9b-9e3e-e4a48b3eda51
2019-10-18 11:24:58,161 [grpc-default-executor-1] INFO  impl.RaftServerImpl (RaftServerImpl.java:setRole(184)) - 54aabb14-4a7d-4ab3-adbe-2e67760b87f4@group-7E32184879DE: changes role from  FOLLOWER to FOLLOWER at term 336 for recognizeCandidate:f535bb4a-cba0-4f9b-9e3e-e4a48b3eda51
2019-10-18 11:24:58,161 [grpc-default-executor-0] INFO  impl.RoleInfo (RoleInfo.java:shutdownFollowerState(121)) - c652e2ee-3322-4406-8db6-1ea643cb3197: shutdown FollowerState
2019-10-18 11:24:58,161 [grpc-default-executor-1] INFO  impl.RoleInfo (RoleInfo.java:shutdownFollowerState(121)) - 54aabb14-4a7d-4ab3-adbe-2e67760b87f4: shutdown FollowerState
2019-10-18 11:24:58,161 [Thread-2029] INFO  impl.FollowerState (FollowerState.java:run(117)) - c652e2ee-3322-4406-8db6-1ea643cb3197@group-7E32184879DE-FollowerState was interrupted: java.lang.InterruptedException: sleep interrupted
2019-10-18 11:24:58,161 [grpc-default-executor-0] INFO  impl.RoleInfo (RoleInfo.java:updateAndGet(143)) - c652e2ee-3322-4406-8db6-1ea643cb3197: start FollowerState
2019-10-18 11:24:58,162 [Thread-2030] INFO  impl.FollowerState (FollowerState.java:run(117)) - 54aabb14-4a7d-4ab3-adbe-2e67760b87f4@group-7E32184879DE-FollowerState was interrupted: java.lang.InterruptedException: sleep interrupted
2019-10-18 11:24:58,162 [grpc-default-executor-1] INFO  impl.RoleInfo (RoleInfo.java:updateAndGet(143)) - 54aabb14-4a7d-4ab3-adbe-2e67760b87f4: start FollowerState
2019-10-18 11:24:58,191 [f535bb4a-cba0-4f9b-9e3e-e4a48b3eda51@group-7E32184879DE-LeaderElection284] INFO  impl.LeaderElection (LeaderElection.java:logAndReturn(56)) - f535bb4a-cba0-4f9b-9e3e-e4a48b3eda51@group-7E32184879DE-LeaderElection284: Election REJECTED; received 2 response(s) [f535bb4a-cba0-4f9b-9e3e-e4a48b3eda51<-54aabb14-4a7d-4ab3-adbe-2e67760b87f4#0:FAIL-t336, f535bb4a-cba0-4f9b-9e3e-e4a48b3eda51<-c652e2ee-3322-4406-8db6-1ea643cb3197#0:FAIL-t336] and 0 exception(s); f535bb4a-cba0-4f9b-9e3e-e4a48b3eda51@group-7E32184879DE:t336, leader=null, voted=f535bb4a-cba0-4f9b-9e3e-e4a48b3eda51, raftlog=f535bb4a-cba0-4f9b-9e3e-e4a48b3eda51@group-7E32184879DE-SegmentedRaftLog:OPENED:c-1,f-1,i0, conf=-1: [f535bb4a-cba0-4f9b-9e3e-e4a48b3eda51:0.0.0.0:44706, 54aabb14-4a7d-4ab3-adbe-2e67760b87f4:0.0.0.0:43074, c652e2ee-3322-4406-8db6-1ea643cb3197:0.0.0.0:42129], old=null
2019-10-18 11:24:58,191 [f535bb4a-cba0-4f9b-9e3e-e4a48b3eda51@group-7E32184879DE-LeaderElection284] INFO  impl.RaftServerImpl (RaftServerImpl.java:setRole(184)) - f535bb4a-cba0-4f9b-9e3e-e4a48b3eda51@group-7E32184879DE: changes role from CANDIDATE to FOLLOWER at term 336 for DISCOVERED_A_NEW_TERM
2019-10-18 11:24:58,191 [f535bb4a-cba0-4f9b-9e3e-e4a48b3eda51@group-7E32184879DE-LeaderElection284] INFO  impl.RoleInfo (RoleInfo.java:shutdownLeaderElection(134)) - f535bb4a-cba0-4f9b-9e3e-e4a48b3eda51: shutdown LeaderElection
2019-10-18 11:24:58,191 [f535bb4a-cba0-4f9b-9e3e-e4a48b3eda51@group-7E32184879DE-LeaderElection284] INFO  impl.RoleInfo (RoleInfo.java:updateAndGet(143)) - f535bb4a-cba0-4f9b-9e3e-e4a48b3eda51: start FollowerState
2019-10-18 11:24:58,238 [Thread-2037] INFO  impl.FollowerState (FollowerState.java:run(108)) - f535bb4a-cba0-4f9b-9e3e-e4a48b3eda51@group-7E32184879DE-FollowerState: change to CANDIDATE, lastRpcTime:46ms, electionTimeout:45ms
2019-10-18 11:24:58,238 [Thread-2037] INFO  impl.RoleInfo (RoleInfo.java:shutdownFollowerState(121)) - f535bb4a-cba0-4f9b-9e3e-e4a48b3eda51: shutdown FollowerState
2019-10-18 11:24:58,238 [Thread-2037] INFO  impl.RaftServerImpl (RaftServerImpl.java:setRole(184)) - f535bb4a-cba0-4f9b-9e3e-e4a48b3eda51@group-7E32184879DE: changes role from  FOLLOWER to CANDIDATE at term 336 for changeToCandidate
2019-10-18 11:24:58,238 [Thread-2037] INFO  impl.RoleInfo (RoleInfo.java:updateAndGet(143)) - f535bb4a-cba0-4f9b-9e3e-e4a48b3eda51: start LeaderElection
2019-10-18 11:24:58,265 [f535bb4a-cba0-4f9b-9e3e-e4a48b3eda51@group-7E32184879DE-LeaderElection285] INFO  impl.LeaderElection (LeaderElection.java:askForVotes(178)) - f535bb4a-cba0-4f9b-9e3e-e4a48b3eda51@group-7E32184879DE-LeaderElection285: begin an election at term 337 for -1: [f535bb4a-cba0-4f9b-9e3e-e4a48b3eda51:0.0.0.0:44706, 54aabb14-4a7d-4ab3-adbe-2e67760b87f4:0.0.0.0:43074, c652e2ee-3322-4406-8db6-1ea643cb3197:0.0.0.0:42129], old=null
2019-10-18 11:24:58,267 [grpc-default-executor-1] INFO  impl.RaftServerImpl (RaftServerImpl.java:setRole(184)) - 54aabb14-4a7d-4ab3-adbe-2e67760b87f4@group-7E32184879DE: changes role from  FOLLOWER to FOLLOWER at term 337 for recognizeCandidate:f535bb4a-cba0-4f9b-9e3e-e4a48b3eda51
2019-10-18 11:24:58,267 [grpc-default-executor-1] INFO  impl.RoleInfo (RoleInfo.java:shutdownFollowerState(121)) - 54aabb14-4a7d-4ab3-adbe-2e67760b87f4: shutdown FollowerState
2019-10-18 11:24:58,267 [grpc-default-executor-0] INFO  impl.RaftServerImpl (RaftServerImpl.java:setRole(184)) - c652e2ee-3322-4406-8db6-1ea643cb3197@group-7E32184879DE: changes role from  FOLLOWER to FOLLOWER at term 337 for recognizeCandidate:f535bb4a-cba0-4f9b-9e3e-e4a48b3eda51
2019-10-18 11:24:58,267 [Thread-2036] INFO  impl.FollowerState (FollowerState.java:run(117)) - 54aabb14-4a7d-4ab3-adbe-2e67760b87f4@group-7E32184879DE-FollowerState was interrupted: java.lang.InterruptedException: sleep interrupted
2019-10-18 11:24:58,267 [grpc-default-executor-1] INFO  impl.RoleInfo (RoleInfo.java:updateAndGet(143)) - 54aabb14-4a7d-4ab3-adbe-2e67760b87f4: start FollowerState
2019-10-18 11:24:58,267 [grpc-default-executor-0] INFO  impl.RoleInfo (RoleInfo.java:shutdownFollowerState(121)) - c652e2ee-3322-4406-8db6-1ea643cb3197: shutdown FollowerState
2019-10-18 11:24:58,267 [grpc-default-executor-0] INFO  impl.RoleInfo (RoleInfo.java:updateAndGet(143)) - c652e2ee-3322-4406-8db6-1ea643cb3197: start FollowerState
2019-10-18 11:24:58,267 [Thread-2035] INFO  impl.FollowerState (FollowerState.java:run(117)) - c652e2ee-3322-4406-8db6-1ea643cb3197@group-7E32184879DE-FollowerState was interrupted: java.lang.InterruptedException: sleep interrupted
2019-10-18 11:24:58,291 [f535bb4a-cba0-4f9b-9e3e-e4a48b3eda51@group-7E32184879DE-LeaderElection285] INFO  impl.LeaderElection (LeaderElection.java:logAndReturn(56)) - f535bb4a-cba0-4f9b-9e3e-e4a48b3eda51@group-7E32184879DE-LeaderElection285: Election REJECTED; received 2 response(s) [f535bb4a-cba0-4f9b-9e3e-e4a48b3eda51<-54aabb14-4a7d-4ab3-adbe-2e67760b87f4#0:FAIL-t337, f535bb4a-cba0-4f9b-9e3e-e4a48b3eda51<-c652e2ee-3322-4406-8db6-1ea643cb3197#0:FAIL-t337] and 0 exception(s); f535bb4a-cba0-4f9b-9e3e-e4a48b3eda51@group-7E32184879DE:t337, leader=null, voted=f535bb4a-cba0-4f9b-9e3e-e4a48b3eda51, raftlog=f535bb4a-cba0-4f9b-9e3e-e4a48b3eda51@group-7E32184879DE-SegmentedRaftLog:OPENED:c-1,f-1,i0, conf=-1: [f535bb4a-cba0-4f9b-9e3e-e4a48b3eda51:0.0.0.0:44706, 54aabb14-4a7d-4ab3-adbe-2e67760b87f4:0.0.0.0:43074, c652e2ee-3322-4406-8db6-1ea643cb3197:0.0.0.0:42129], old=null
2019-10-18 11:24:58,291 [f535bb4a-cba0-4f9b-9e3e-e4a48b3eda51@group-7E32184879DE-LeaderElection285] INFO  impl.RaftServerImpl (RaftServerImpl.java:setRole(184)) - f535bb4a-cba0-4f9b-9e3e-e4a48b3eda51@group-7E32184879DE: changes role from CANDIDATE to FOLLOWER at term 337 for DISCOVERED_A_NEW_TERM
2019-10-18 11:24:58,292 [f535bb4a-cba0-4f9b-9e3e-e4a48b3eda51@group-7E32184879DE-LeaderElection285] INFO  impl.RoleInfo (RoleInfo.java:shutdownLeaderElection(134)) - f535bb4a-cba0-4f9b-9e3e-e4a48b3eda51: shutdown LeaderElection
2019-10-18 11:24:58,292 [f535bb4a-cba0-4f9b-9e3e-e4a48b3eda51@group-7E32184879DE-LeaderElection285] INFO  impl.RoleInfo (RoleInfo.java:updateAndGet(143)) - f535bb4a-cba0-4f9b-9e3e-e4a48b3eda51: start FollowerState
2019-10-18 11:24:58,410 [Thread-2043] INFO  impl.FollowerState (FollowerState.java:run(108)) - f535bb4a-cba0-4f9b-9e3e-e4a48b3eda51@group-7E32184879DE-FollowerState: change to CANDIDATE, lastRpcTime:118ms, electionTimeout:118ms
2019-10-18 11:24:58,410 [Thread-2043] INFO  impl.RoleInfo (RoleInfo.java:shutdownFollowerState(121)) - f535bb4a-cba0-4f9b-9e3e-e4a48b3eda51: shutdown FollowerState
2019-10-18 11:24:58,410 [Thread-2043] INFO  impl.RaftServerImpl (RaftServerImpl.java:setRole(184)) - f535bb4a-cba0-4f9b-9e3e-e4a48b3eda51@group-7E32184879DE: changes role from  FOLLOWER to CANDIDATE at term 337 for changeToCandidate
2019-10-18 11:24:58,411 [Thread-2043] INFO  impl.RoleInfo (RoleInfo.java:updateAndGet(143)) - f535bb4a-cba0-4f9b-9e3e-e4a48b3eda51: start LeaderElection
2019-10-18 11:24:58,433 [f535bb4a-cba0-4f9b-9e3e-e4a48b3eda51@group-7E32184879DE-LeaderElection286] INFO  impl.LeaderElection (LeaderElection.java:askForVotes(178)) - f535bb4a-cba0-4f9b-9e3e-e4a48b3eda51@group-7E32184879DE-LeaderElection286: begin an election at term 338 for -1: [f535bb4a-cba0-4f9b-9e3e-e4a48b3eda51:0.0.0.0:44706, 54aabb14-4a7d-4ab3-adbe-2e67760b87f4:0.0.0.0:43074, c652e2ee-3322-4406-8db6-1ea643cb3197:0.0.0.0:42129], old=null
2019-10-18 11:24:58,435 [grpc-default-executor-0] INFO  impl.RaftServerImpl (RaftServerImpl.java:setRole(184)) - 54aabb14-4a7d-4ab3-adbe-2e67760b87f4@group-7E32184879DE: changes role from  FOLLOWER to FOLLOWER at term 338 for recognizeCandidate:f535bb4a-cba0-4f9b-9e3e-e4a48b3eda51
2019-10-18 11:24:58,435 [grpc-default-executor-1] INFO  impl.RaftServerImpl (RaftServerImpl.java:setRole(184)) - c652e2ee-3322-4406-8db6-1ea643cb3197@group-7E32184879DE: changes role from  FOLLOWER to FOLLOWER at term 338 for recognizeCandidate:f535bb4a-cba0-4f9b-9e3e-e4a48b3eda51
2019-10-18 11:24:58,435 [grpc-default-executor-0] INFO  impl.RoleInfo (RoleInfo.java:shutdownFollowerState(121)) - 54aabb14-4a7d-4ab3-adbe-2e67760b87f4: shutdown FollowerState
2019-10-18 11:24:58,435 [grpc-default-executor-1] INFO  impl.RoleInfo (RoleInfo.java:shutdownFollowerState(121)) - c652e2ee-3322-4406-8db6-1ea643cb3197: shutdown FollowerState
2019-10-18 11:24:58,435 [Thread-2041] INFO  impl.FollowerState (FollowerState.java:run(117)) - 54aabb14-4a7d-4ab3-adbe-2e67760b87f4@group-7E32184879DE-FollowerState was interrupted: java.lang.InterruptedException: sleep interrupted
2019-10-18 11:24:58,435 [grpc-default-executor-0] INFO  impl.RoleInfo (RoleInfo.java:updateAndGet(143)) - 54aabb14-4a7d-4ab3-adbe-2e67760b87f4: start FollowerState
2019-10-18 11:24:58,436 [Thread-2042] INFO  impl.FollowerState (FollowerState.java:run(117)) - c652e2ee-3322-4406-8db6-1ea643cb3197@group-7E32184879DE-FollowerState was interrupted: java.lang.InterruptedException: sleep interrupted
2019-10-18 11:24:58,435 [grpc-default-executor-1] INFO  impl.RoleInfo (RoleInfo.java:updateAndGet(143)) - c652e2ee-3322-4406-8db6-1ea643cb3197: start FollowerState
2019-10-18 11:24:58,458 [f535bb4a-cba0-4f9b-9e3e-e4a48b3eda51@group-7E32184879DE-LeaderElection286] INFO  impl.LeaderElection (LeaderElection.java:logAndReturn(56)) - f535bb4a-cba0-4f9b-9e3e-e4a48b3eda51@group-7E32184879DE-LeaderElection286: Election REJECTED; received 2 response(s) [f535bb4a-cba0-4f9b-9e3e-e4a48b3eda51<-54aabb14-4a7d-4ab3-adbe-2e67760b87f4#0:FAIL-t338, f535bb4a-cba0-4f9b-9e3e-e4a48b3eda51<-c652e2ee-3322-4406-8db6-1ea643cb3197#0:FAIL-t338] and 0 exception(s); f535bb4a-cba0-4f9b-9e3e-e4a48b3eda51@group-7E32184879DE:t338, leader=null, voted=f535bb4a-cba0-4f9b-9e3e-e4a48b3eda51, raftlog=f535bb4a-cba0-4f9b-9e3e-e4a48b3eda51@group-7E32184879DE-SegmentedRaftLog:OPENED:c-1,f-1,i0, conf=-1: [f535bb4a-cba0-4f9b-9e3e-e4a48b3eda51:0.0.0.0:44706, 54aabb14-4a7d-4ab3-adbe-2e67760b87f4:0.0.0.0:43074, c652e2ee-3322-4406-8db6-1ea643cb3197:0.0.0.0:42129], old=null
2019-10-18 11:24:58,459 [f535bb4a-cba0-4f9b-9e3e-e4a48b3eda51@group-7E32184879DE-LeaderElection286] INFO  impl.RaftServerImpl (RaftServerImpl.java:setRole(184)) - f535bb4a-cba0-4f9b-9e3e-e4a48b3eda51@group-7E32184879DE: changes role from CANDIDATE to FOLLOWER at term 338 for DISCOVERED_A_NEW_TERM
2019-10-18 11:24:58,459 [f535bb4a-cba0-4f9b-9e3e-e4a48b3eda51@group-7E32184879DE-LeaderElection286] INFO  impl.RoleInfo (RoleInfo.java:shutdownLeaderElection(134)) - f535bb4a-cba0-4f9b-9e3e-e4a48b3eda51: shutdown LeaderElection
2019-10-18 11:24:58,459 [f535bb4a-cba0-4f9b-9e3e-e4a48b3eda51@group-7E32184879DE-LeaderElection286] INFO  impl.RoleInfo (RoleInfo.java:updateAndGet(143)) - f535bb4a-cba0-4f9b-9e3e-e4a48b3eda51: start FollowerState
2019-10-18 11:24:58,500 [Thread-2051] INFO  impl.FollowerState (FollowerState.java:run(108)) - f535bb4a-cba0-4f9b-9e3e-e4a48b3eda51@group-7E32184879DE-FollowerState: change to CANDIDATE, lastRpcTime:41ms, electionTimeout:41ms
2019-10-18 11:24:58,500 [Thread-2051] INFO  impl.RoleInfo (RoleInfo.java:shutdownFollowerState(121)) - f535bb4a-cba0-4f9b-9e3e-e4a48b3eda51: shutdown FollowerState
2019-10-18 11:24:58,500 [Thread-2051] INFO  impl.RaftServerImpl (RaftServerImpl.java:setRole(184)) - f535bb4a-cba0-4f9b-9e3e-e4a48b3eda51@group-7E32184879DE: changes role from  FOLLOWER to CANDIDATE at term 338 for changeToCandidate
2019-10-18 11:24:58,500 [Thread-2051] INFO  impl.RoleInfo (RoleInfo.java:updateAndGet(143)) - f535bb4a-cba0-4f9b-9e3e-e4a48b3eda51: start LeaderElection
2019-10-18 11:24:58,525 [f535bb4a-cba0-4f9b-9e3e-e4a48b3eda51@group-7E32184879DE-LeaderElection287] INFO  impl.LeaderElection (LeaderElection.java:askForVotes(178)) - f535bb4a-cba0-4f9b-9e3e-e4a48b3eda51@group-7E32184879DE-LeaderElection287: begin an election at term 339 for -1: [f535bb4a-cba0-4f9b-9e3e-e4a48b3eda51:0.0.0.0:44706, 54aabb14-4a7d-4ab3-adbe-2e67760b87f4:0.0.0.0:43074, c652e2ee-3322-4406-8db6-1ea643cb3197:0.0.0.0:42129], old=null
2019-10-18 11:24:58,527 [grpc-default-executor-0] INFO  impl.RaftServerImpl (RaftServerImpl.java:setRole(184)) - 54aabb14-4a7d-4ab3-adbe-2e67760b87f4@group-7E32184879DE: changes role from  FOLLOWER to FOLLOWER at term 339 for recognizeCandidate:f535bb4a-cba0-4f9b-9e3e-e4a48b3eda51
2019-10-18 11:24:58,527 [grpc-default-executor-1] INFO  impl.RaftServerImpl (RaftServerImpl.java:setRole(184)) - c652e2ee-3322-4406-8db6-1ea643cb3197@group-7E32184879DE: changes role from  FOLLOWER to FOLLOWER at term 339 for recognizeCandidate:f535bb4a-cba0-4f9b-9e3e-e4a48b3eda51
2019-10-18 11:24:58,527 [grpc-default-executor-0] INFO  impl.RoleInfo (RoleInfo.java:shutdownFollowerState(121)) - 54aabb14-4a7d-4ab3-adbe-2e67760b87f4: shutdown FollowerState
2019-10-18 11:24:58,528 [grpc-default-executor-1] INFO  impl.RoleInfo (RoleInfo.java:shutdownFollowerState(121)) - c652e2ee-3322-4406-8db6-1ea643cb3197: shutdown FollowerState
2019-10-18 11:24:58,528 [Thread-2049] INFO  impl.FollowerState (FollowerState.java:run(117)) - 54aabb14-4a7d-4ab3-adbe-2e67760b87f4@group-7E32184879DE-FollowerState was interrupted: java.lang.InterruptedException: sleep interrupted
2019-10-18 11:24:58,528 [grpc-default-executor-0] INFO  impl.RoleInfo (RoleInfo.java:updateAndGet(143)) - 54aabb14-4a7d-4ab3-adbe-2e67760b87f4: start FollowerState
2019-10-18 11:24:58,528 [Thread-2050] INFO  impl.FollowerState (FollowerState.java:run(117)) - c652e2ee-3322-4406-8db6-1ea643cb3197@group-7E32184879DE-FollowerState was interrupted: java.lang.InterruptedException: sleep interrupted
2019-10-18 11:24:58,528 [grpc-default-executor-1] INFO  impl.RoleInfo (RoleInfo.java:updateAndGet(143)) - c652e2ee-3322-4406-8db6-1ea643cb3197: start FollowerState
2019-10-18 11:24:58,551 [f535bb4a-cba0-4f9b-9e3e-e4a48b3eda51@group-7E32184879DE-LeaderElection287] INFO  impl.LeaderElection (LeaderElection.java:logAndReturn(56)) - f535bb4a-cba0-4f9b-9e3e-e4a48b3eda51@group-7E32184879DE-LeaderElection287: Election REJECTED; received 2 response(s) [f535bb4a-cba0-4f9b-9e3e-e4a48b3eda51<-54aabb14-4a7d-4ab3-adbe-2e67760b87f4#0:FAIL-t339, f535bb4a-cba0-4f9b-9e3e-e4a48b3eda51<-c652e2ee-3322-4406-8db6-1ea643cb3197#0:FAIL-t339] and 0 exception(s); f535bb4a-cba0-4f9b-9e3e-e4a48b3eda51@group-7E32184879DE:t339, leader=null, voted=f535bb4a-cba0-4f9b-9e3e-e4a48b3eda51, raftlog=f535bb4a-cba0-4f9b-9e3e-e4a48b3eda51@group-7E32184879DE-SegmentedRaftLog:OPENED:c-1,f-1,i0, conf=-1: [f535bb4a-cba0-4f9b-9e3e-e4a48b3eda51:0.0.0.0:44706, 54aabb14-4a7d-4ab3-adbe-2e67760b87f4:0.0.0.0:43074, c652e2ee-3322-4406-8db6-1ea643cb3197:0.0.0.0:42129], old=null
2019-10-18 11:24:58,551 [f535bb4a-cba0-4f9b-9e3e-e4a48b3eda51@group-7E32184879DE-LeaderElection287] INFO  impl.RaftServerImpl (RaftServerImpl.java:setRole(184)) - f535bb4a-cba0-4f9b-9e3e-e4a48b3eda51@group-7E32184879DE: changes role from CANDIDATE to FOLLOWER at term 339 for DISCOVERED_A_NEW_TERM
2019-10-18 11:24:58,552 [f535bb4a-cba0-4f9b-9e3e-e4a48b3eda51@group-7E32184879DE-LeaderElection287] INFO  impl.RoleInfo (RoleInfo.java:shutdownLeaderElection(134)) - f535bb4a-cba0-4f9b-9e3e-e4a48b3eda51: shutdown LeaderElection
2019-10-18 11:24:58,552 [f535bb4a-cba0-4f9b-9e3e-e4a48b3eda51@group-7E32184879DE-LeaderElection287] INFO  impl.RoleInfo (RoleInfo.java:updateAndGet(143)) - f535bb4a-cba0-4f9b-9e3e-e4a48b3eda51: start FollowerState
2019-10-18 11:24:58,704 [Thread-2057] INFO  impl.FollowerState (FollowerState.java:run(108)) - f535bb4a-cba0-4f9b-9e3e-e4a48b3eda51@group-7E32184879DE-FollowerState: change to CANDIDATE, lastRpcTime:152ms, electionTimeout:152ms
2019-10-18 11:24:58,705 [Thread-2057] INFO  impl.RoleInfo (RoleInfo.java:shutdownFollowerState(121)) - f535bb4a-cba0-4f9b-9e3e-e4a48b3eda51: shutdown FollowerState
2019-10-18 11:24:58,706 [Thread-2057] INFO  impl.RaftServerImpl (RaftServerImpl.java:setRole(184)) - f535bb4a-cba0-4f9b-9e3e-e4a48b3eda51@group-7E32184879DE: changes role from  FOLLOWER to CANDIDATE at term 339 for changeToCandidate
2019-10-18 11:24:58,706 [Thread-2057] INFO  impl.RoleInfo (RoleInfo.java:updateAndGet(143)) - f535bb4a-cba0-4f9b-9e3e-e4a48b3eda51: start LeaderElection
2019-10-18 11:24:58,734 [f535bb4a-cba0-4f9b-9e3e-e4a48b3eda51@group-7E32184879DE-LeaderElection288] INFO  impl.LeaderElection (LeaderElection.java:askForVotes(178)) - f535bb4a-cba0-4f9b-9e3e-e4a48b3eda51@group-7E32184879DE-LeaderElection288: begin an election at term 340 for -1: [f535bb4a-cba0-4f9b-9e3e-e4a48b3eda51:0.0.0.0:44706, 54aabb14-4a7d-4ab3-adbe-2e67760b87f4:0.0.0.0:43074, c652e2ee-3322-4406-8db6-1ea643cb3197:0.0.0.0:42129], old=null
2019-10-18 11:24:58,740 [grpc-default-executor-0] INFO  impl.RaftServerImpl (RaftServerImpl.java:setRole(184)) - 54aabb14-4a7d-4ab3-adbe-2e67760b87f4@group-7E32184879DE: changes role from  FOLLOWER to FOLLOWER at term 340 for recognizeCandidate:f535bb4a-cba0-4f9b-9e3e-e4a48b3eda51
2019-10-18 11:24:58,740 [grpc-default-executor-0] INFO  impl.RoleInfo (RoleInfo.java:shutdownFollowerState(121)) - 54aabb14-4a7d-4ab3-adbe-2e67760b87f4: shutdown FollowerState
2019-10-18 11:24:58,740 [grpc-default-executor-1] INFO  impl.RaftServerImpl (RaftServerImpl.java:setRole(184)) - c652e2ee-3322-4406-8db6-1ea643cb3197@group-7E32184879DE: changes role from  FOLLOWER to FOLLOWER at term 340 for recognizeCandidate:f535bb4a-cba0-4f9b-9e3e-e4a48b3eda51
2019-10-18 11:24:58,740 [grpc-default-executor-0] INFO  impl.RoleInfo (RoleInfo.java:updateAndGet(143)) - 54aabb14-4a7d-4ab3-adbe-2e67760b87f4: start FollowerState
2019-10-18 11:24:58,741 [grpc-default-executor-1] INFO  impl.RoleInfo (RoleInfo.java:shutdownFollowerState(121)) - c652e2ee-3322-4406-8db6-1ea643cb3197: shutdown FollowerState
2019-10-18 11:24:58,741 [Thread-2055] INFO  impl.FollowerState (FollowerState.java:run(117)) - 54aabb14-4a7d-4ab3-adbe-2e67760b87f4@group-7E32184879DE-FollowerState was interrupted: java.lang.InterruptedException: sleep interrupted
2019-10-18 11:24:58,741 [grpc-default-executor-1] INFO  impl.RoleInfo (RoleInfo.java:updateAndGet(143)) - c652e2ee-3322-4406-8db6-1ea643cb3197: start FollowerState
2019-10-18 11:24:58,741 [Thread-2056] INFO  impl.FollowerState (FollowerState.java:run(117)) - c652e2ee-3322-4406-8db6-1ea643cb3197@group-7E32184879DE-FollowerState was interrupted: java.lang.InterruptedException: sleep interrupted
2019-10-18 11:24:58,769 [f535bb4a-cba0-4f9b-9e3e-e4a48b3eda51@group-7E32184879DE-LeaderElection288] INFO  impl.LeaderElection (LeaderElection.java:logAndReturn(56)) - f535bb4a-cba0-4f9b-9e3e-e4a48b3eda51@group-7E32184879DE-LeaderElection288: Election REJECTED; received 2 response(s) [f535bb4a-cba0-4f9b-9e3e-e4a48b3eda51<-54aabb14-4a7d-4ab3-adbe-2e67760b87f4#0:FAIL-t340, f535bb4a-cba0-4f9b-9e3e-e4a48b3eda51<-c652e2ee-3322-4406-8db6-1ea643cb3197#0:FAIL-t340] and 0 exception(s); f535bb4a-cba0-4f9b-9e3e-e4a48b3eda51@group-7E32184879DE:t340, leader=null, voted=f535bb4a-cba0-4f9b-9e3e-e4a48b3eda51, raftlog=f535bb4a-cba0-4f9b-9e3e-e4a48b3eda51@group-7E32184879DE-SegmentedRaftLog:OPENED:c-1,f-1,i0, conf=-1: [f535bb4a-cba0-4f9b-9e3e-e4a48b3eda51:0.0.0.0:44706, 54aabb14-4a7d-4ab3-adbe-2e67760b87f4:0.0.0.0:43074, c652e2ee-3322-4406-8db6-1ea643cb3197:0.0.0.0:42129], old=null
2019-10-18 11:24:58,769 [f535bb4a-cba0-4f9b-9e3e-e4a48b3eda51@group-7E32184879DE-LeaderElection288] INFO  impl.RaftServerImpl (RaftServerImpl.java:setRole(184)) - f535bb4a-cba0-4f9b-9e3e-e4a48b3eda51@group-7E32184879DE: changes role from CANDIDATE to FOLLOWER at term 340 for DISCOVERED_A_NEW_TERM
2019-10-18 11:24:58,770 [f535bb4a-cba0-4f9b-9e3e-e4a48b3eda51@group-7E32184879DE-LeaderElection288] INFO  impl.RoleInfo (RoleInfo.java:shutdownLeaderElection(134)) - f535bb4a-cba0-4f9b-9e3e-e4a48b3eda51: shutdown LeaderElection
2019-10-18 11:24:58,770 [f535bb4a-cba0-4f9b-9e3e-e4a48b3eda51@group-7E32184879DE-LeaderElection288] INFO  impl.RoleInfo (RoleInfo.java:updateAndGet(143)) - f535bb4a-cba0-4f9b-9e3e-e4a48b3eda51: start FollowerState
2019-10-18 11:24:58,772 [Thread-2063] INFO  impl.FollowerState (FollowerState.java:run(108)) - f535bb4a-cba0-4f9b-9e3e-e4a48b3eda51@group-7E32184879DE-FollowerState: change to CANDIDATE, lastRpcTime:2ms, electionTimeout:2ms
2019-10-18 11:24:58,772 [Thread-2063] INFO  impl.RoleInfo (RoleInfo.java:shutdownFollowerState(121)) - f535bb4a-cba0-4f9b-9e3e-e4a48b3eda51: shutdown FollowerState
2019-10-18 11:24:58,772 [Thread-2063] INFO  impl.RaftServerImpl (RaftServerImpl.java:setRole(184)) - f535bb4a-cba0-4f9b-9e3e-e4a48b3eda51@group-7E32184879DE: changes role from  FOLLOWER to CANDIDATE at term 340 for changeToCandidate
2019-10-18 11:24:58,772 [Thread-2063] INFO  impl.RoleInfo (RoleInfo.java:updateAndGet(143)) - f535bb4a-cba0-4f9b-9e3e-e4a48b3eda51: start LeaderElection
2019-10-18 11:24:58,802 [f535bb4a-cba0-4f9b-9e3e-e4a48b3eda51@group-7E32184879DE-LeaderElection289] INFO  impl.LeaderElection (LeaderElection.java:askForVotes(178)) - f535bb4a-cba0-4f9b-9e3e-e4a48b3eda51@group-7E32184879DE-LeaderElection289: begin an election at term 341 for -1: [f535bb4a-cba0-4f9b-9e3e-e4a48b3eda51:0.0.0.0:44706, 54aabb14-4a7d-4ab3-adbe-2e67760b87f4:0.0.0.0:43074, c652e2ee-3322-4406-8db6-1ea643cb3197:0.0.0.0:42129], old=null
2019-10-18 11:24:58,803 [grpc-default-executor-1] INFO  impl.RaftServerImpl (RaftServerImpl.java:setRole(184)) - 54aabb14-4a7d-4ab3-adbe-2e67760b87f4@group-7E32184879DE: changes role from  FOLLOWER to FOLLOWER at term 341 for recognizeCandidate:f535bb4a-cba0-4f9b-9e3e-e4a48b3eda51
2019-10-18 11:24:58,803 [grpc-default-executor-1] INFO  impl.RoleInfo (RoleInfo.java:shutdownFollowerState(121)) - 54aabb14-4a7d-4ab3-adbe-2e67760b87f4: shutdown FollowerState
2019-10-18 11:24:58,804 [grpc-default-executor-0] INFO  impl.RaftServerImpl (RaftServerImpl.java:setRole(184)) - c652e2ee-3322-4406-8db6-1ea643cb3197@group-7E32184879DE: changes role from  FOLLOWER to FOLLOWER at term 341 for recognizeCandidate:f535bb4a-cba0-4f9b-9e3e-e4a48b3eda51
2019-10-18 11:24:58,804 [Thread-2061] INFO  impl.FollowerState (FollowerState.java:run(117)) - 54aabb14-4a7d-4ab3-adbe-2e67760b87f4@group-7E32184879DE-FollowerState was interrupted: java.lang.InterruptedException: sleep interrupted
2019-10-18 11:24:58,804 [grpc-default-executor-1] INFO  impl.RoleInfo (RoleInfo.java:updateAndGet(143)) - 54aabb14-4a7d-4ab3-adbe-2e67760b87f4: start FollowerState
2019-10-18 11:24:58,804 [grpc-default-executor-0] INFO  impl.RoleInfo (RoleInfo.java:shutdownFollowerState(121)) - c652e2ee-3322-4406-8db6-1ea643cb3197: shutdown FollowerState
2019-10-18 11:24:58,804 [grpc-default-executor-0] INFO  impl.RoleInfo (RoleInfo.java:updateAndGet(143)) - c652e2ee-3322-4406-8db6-1ea643cb3197: start FollowerState
2019-10-18 11:24:58,804 [Thread-2062] INFO  impl.FollowerState (FollowerState.java:run(117)) - c652e2ee-3322-4406-8db6-1ea643cb3197@group-7E32184879DE-FollowerState was interrupted: java.lang.InterruptedException: sleep interrupted
2019-10-18 11:24:58,823 [f535bb4a-cba0-4f9b-9e3e-e4a48b3eda51@group-7E32184879DE-LeaderElection289] INFO  impl.LeaderElection (LeaderElection.java:logAndReturn(56)) - f535bb4a-cba0-4f9b-9e3e-e4a48b3eda51@group-7E32184879DE-LeaderElection289: Election TIMEOUT; received 0 response(s) [] and 0 exception(s); f535bb4a-cba0-4f9b-9e3e-e4a48b3eda51@group-7E32184879DE:t341, leader=null, voted=f535bb4a-cba0-4f9b-9e3e-e4a48b3eda51, raftlog=f535bb4a-cba0-4f9b-9e3e-e4a48b3eda51@group-7E32184879DE-SegmentedRaftLog:OPENED:c-1,f-1,i0, conf=-1: [f535bb4a-cba0-4f9b-9e3e-e4a48b3eda51:0.0.0.0:44706, 54aabb14-4a7d-4ab3-adbe-2e67760b87f4:0.0.0.0:43074, c652e2ee-3322-4406-8db6-1ea643cb3197:0.0.0.0:42129], old=null
2019-10-18 11:24:58,853 [f535bb4a-cba0-4f9b-9e3e-e4a48b3eda51@group-7E32184879DE-LeaderElection289] INFO  impl.LeaderElection (LeaderElection.java:askForVotes(178)) - f535bb4a-cba0-4f9b-9e3e-e4a48b3eda51@group-7E32184879DE-LeaderElection289: begin an election at term 342 for -1: [f535bb4a-cba0-4f9b-9e3e-e4a48b3eda51:0.0.0.0:44706, 54aabb14-4a7d-4ab3-adbe-2e67760b87f4:0.0.0.0:43074, c652e2ee-3322-4406-8db6-1ea643cb3197:0.0.0.0:42129], old=null
2019-10-18 11:24:58,855 [grpc-default-executor-1] INFO  impl.RaftServerImpl (RaftServerImpl.java:setRole(184)) - 54aabb14-4a7d-4ab3-adbe-2e67760b87f4@group-7E32184879DE: changes role from  FOLLOWER to FOLLOWER at term 342 for recognizeCandidate:f535bb4a-cba0-4f9b-9e3e-e4a48b3eda51
2019-10-18 11:24:58,855 [grpc-default-executor-1] INFO  impl.RoleInfo (RoleInfo.java:shutdownFollowerState(121)) - 54aabb14-4a7d-4ab3-adbe-2e67760b87f4: shutdown FollowerState
2019-10-18 11:24:58,855 [grpc-default-executor-0] INFO  impl.RaftServerImpl (RaftServerImpl.java:setRole(184)) - c652e2ee-3322-4406-8db6-1ea643cb3197@group-7E32184879DE: changes role from  FOLLOWER to FOLLOWER at term 342 for recognizeCandidate:f535bb4a-cba0-4f9b-9e3e-e4a48b3eda51
2019-10-18 11:24:58,856 [grpc-default-executor-0] INFO  impl.RoleInfo (RoleInfo.java:shutdownFollowerState(121)) - c652e2ee-3322-4406-8db6-1ea643cb3197: shutdown FollowerState
2019-10-18 11:24:58,855 [Thread-2067] INFO  impl.FollowerState (FollowerState.java:run(117)) - 54aabb14-4a7d-4ab3-adbe-2e67760b87f4@group-7E32184879DE-FollowerState was interrupted: java.lang.InterruptedException: sleep interrupted
2019-10-18 11:24:58,855 [grpc-default-executor-1] INFO  impl.RoleInfo (RoleInfo.java:updateAndGet(143)) - 54aabb14-4a7d-4ab3-adbe-2e67760b87f4: start FollowerState
2019-10-18 11:24:58,856 [Thread-2068] INFO  impl.FollowerState (FollowerState.java:run(117)) - c652e2ee-3322-4406-8db6-1ea643cb3197@group-7E32184879DE-FollowerState was interrupted: java.lang.InterruptedException: sleep interrupted
2019-10-18 11:24:58,856 [grpc-default-executor-0] INFO  impl.RoleInfo (RoleInfo.java:updateAndGet(143)) - c652e2ee-3322-4406-8db6-1ea643cb3197: start FollowerState
2019-10-18 11:24:58,879 [f535bb4a-cba0-4f9b-9e3e-e4a48b3eda51@group-7E32184879DE-LeaderElection289] INFO  impl.LeaderElection (LeaderElection.java:logAndReturn(56)) - f535bb4a-cba0-4f9b-9e3e-e4a48b3eda51@group-7E32184879DE-LeaderElection289: Election REJECTED; received 2 response(s) [f535bb4a-cba0-4f9b-9e3e-e4a48b3eda51<-54aabb14-4a7d-4ab3-adbe-2e67760b87f4#0:FAIL-t342, f535bb4a-cba0-4f9b-9e3e-e4a48b3eda51<-c652e2ee-3322-4406-8db6-1ea643cb3197#0:FAIL-t342] and 0 exception(s); f535bb4a-cba0-4f9b-9e3e-e4a48b3eda51@group-7E32184879DE:t342, leader=null, voted=f535bb4a-cba0-4f9b-9e3e-e4a48b3eda51, raftlog=f535bb4a-cba0-4f9b-9e3e-e4a48b3eda51@group-7E32184879DE-SegmentedRaftLog:OPENED:c-1,f-1,i0, conf=-1: [f535bb4a-cba0-4f9b-9e3e-e4a48b3eda51:0.0.0.0:44706, 54aabb14-4a7d-4ab3-adbe-2e67760b87f4:0.0.0.0:43074, c652e2ee-3322-4406-8db6-1ea643cb3197:0.0.0.0:42129], old=null
2019-10-18 11:24:58,880 [f535bb4a-cba0-4f9b-9e3e-e4a48b3eda51@group-7E32184879DE-LeaderElection289] INFO  impl.RaftServerImpl (RaftServerImpl.java:setRole(184)) - f535bb4a-cba0-4f9b-9e3e-e4a48b3eda51@group-7E32184879DE: changes role from CANDIDATE to FOLLOWER at term 342 for DISCOVERED_A_NEW_TERM
2019-10-18 11:24:58,880 [f535bb4a-cba0-4f9b-9e3e-e4a48b3eda51@group-7E32184879DE-LeaderElection289] INFO  impl.RoleInfo (RoleInfo.java:shutdownLeaderElection(134)) - f535bb4a-cba0-4f9b-9e3e-e4a48b3eda51: shutdown LeaderElection
2019-10-18 11:24:58,880 [f535bb4a-cba0-4f9b-9e3e-e4a48b3eda51@group-7E32184879DE-LeaderElection289] INFO  impl.RoleInfo (RoleInfo.java:updateAndGet(143)) - f535bb4a-cba0-4f9b-9e3e-e4a48b3eda51: start FollowerState
2019-10-18 11:24:58,912 [Thread-2073] INFO  impl.FollowerState (FollowerState.java:run(108)) - f535bb4a-cba0-4f9b-9e3e-e4a48b3eda51@group-7E32184879DE-FollowerState: change to CANDIDATE, lastRpcTime:32ms, electionTimeout:32ms
2019-10-18 11:24:58,912 [Thread-2073] INFO  impl.RoleInfo (RoleInfo.java:shutdownFollowerState(121)) - f535bb4a-cba0-4f9b-9e3e-e4a48b3eda51: shutdown FollowerState
2019-10-18 11:24:58,912 [Thread-2073] INFO  impl.RaftServerImpl (RaftServerImpl.java:setRole(184)) - f535bb4a-cba0-4f9b-9e3e-e4a48b3eda51@group-7E32184879DE: changes role from  FOLLOWER to CANDIDATE at term 342 for changeToCandidate
2019-10-18 11:24:58,913 [Thread-2073] INFO  impl.RoleInfo (RoleInfo.java:updateAndGet(143)) - f535bb4a-cba0-4f9b-9e3e-e4a48b3eda51: start LeaderElection
2019-10-18 11:24:58,937 [f535bb4a-cba0-4f9b-9e3e-e4a48b3eda51@group-7E32184879DE-LeaderElection290] INFO  impl.LeaderElection (LeaderElection.java:askForVotes(178)) - f535bb4a-cba0-4f9b-9e3e-e4a48b3eda51@group-7E32184879DE-LeaderElection290: begin an election at term 343 for -1: [f535bb4a-cba0-4f9b-9e3e-e4a48b3eda51:0.0.0.0:44706, 54aabb14-4a7d-4ab3-adbe-2e67760b87f4:0.0.0.0:43074, c652e2ee-3322-4406-8db6-1ea643cb3197:0.0.0.0:42129], old=null
2019-10-18 11:24:58,940 [grpc-default-executor-0] INFO  impl.RaftServerImpl (RaftServerImpl.java:setRole(184)) - 54aabb14-4a7d-4ab3-adbe-2e67760b87f4@group-7E32184879DE: changes role from  FOLLOWER to FOLLOWER at term 343 for recognizeCandidate:f535bb4a-cba0-4f9b-9e3e-e4a48b3eda51
2019-10-18 11:24:58,940 [grpc-default-executor-0] INFO  impl.RoleInfo (RoleInfo.java:shutdownFollowerState(121)) - 54aabb14-4a7d-4ab3-adbe-2e67760b87f4: shutdown FollowerState
2019-10-18 11:24:58,940 [grpc-default-executor-0] INFO  impl.RoleInfo (RoleInfo.java:updateAndGet(143)) - 54aabb14-4a7d-4ab3-adbe-2e67760b87f4: start FollowerState
2019-10-18 11:24:58,940 [Thread-2071] INFO  impl.FollowerState (FollowerState.java:run(117)) - 54aabb14-4a7d-4ab3-adbe-2e67760b87f4@group-7E32184879DE-FollowerState was interrupted: java.lang.InterruptedException: sleep interrupted
2019-10-18 11:24:58,940 [grpc-default-executor-1] INFO  impl.RaftServerImpl (RaftServerImpl.java:setRole(184)) - c652e2ee-3322-4406-8db6-1ea643cb3197@group-7E32184879DE: changes role from  FOLLOWER to FOLLOWER at term 343 for recognizeCandidate:f535bb4a-cba0-4f9b-9e3e-e4a48b3eda51
2019-10-18 11:24:58,940 [grpc-default-executor-1] INFO  impl.RoleInfo (RoleInfo.java:shutdownFollowerState(121)) - c652e2ee-3322-4406-8db6-1ea643cb3197: shutdown FollowerState
2019-10-18 11:24:58,940 [grpc-default-executor-1] INFO  impl.RoleInfo (RoleInfo.java:updateAndGet(143)) - c652e2ee-3322-4406-8db6-1ea643cb3197: start FollowerState
2019-10-18 11:24:58,940 [Thread-2072] INFO  impl.FollowerState (FollowerState.java:run(117)) - c652e2ee-3322-4406-8db6-1ea643cb3197@group-7E32184879DE-FollowerState was interrupted: java.lang.InterruptedException: sleep interrupted
2019-10-18 11:24:58,963 [f535bb4a-cba0-4f9b-9e3e-e4a48b3eda51@group-7E32184879DE-LeaderElection290] INFO  impl.LeaderElection (LeaderElection.java:logAndReturn(56)) - f535bb4a-cba0-4f9b-9e3e-e4a48b3eda51@group-7E32184879DE-LeaderElection290: Election REJECTED; received 2 response(s) [f535bb4a-cba0-4f9b-9e3e-e4a48b3eda51<-54aabb14-4a7d-4ab3-adbe-2e67760b87f4#0:FAIL-t343, f535bb4a-cba0-4f9b-9e3e-e4a48b3eda51<-c652e2ee-3322-4406-8db6-1ea643cb3197#0:FAIL-t343] and 0 exception(s); f535bb4a-cba0-4f9b-9e3e-e4a48b3eda51@group-7E32184879DE:t343, leader=null, voted=f535bb4a-cba0-4f9b-9e3e-e4a48b3eda51, raftlog=f535bb4a-cba0-4f9b-9e3e-e4a48b3eda51@group-7E32184879DE-SegmentedRaftLog:OPENED:c-1,f-1,i0, conf=-1: [f535bb4a-cba0-4f9b-9e3e-e4a48b3eda51:0.0.0.0:44706, 54aabb14-4a7d-4ab3-adbe-2e67760b87f4:0.0.0.0:43074, c652e2ee-3322-4406-8db6-1ea643cb3197:0.0.0.0:42129], old=null
2019-10-18 11:24:58,964 [f535bb4a-cba0-4f9b-9e3e-e4a48b3eda51@group-7E32184879DE-LeaderElection290] INFO  impl.RaftServerImpl (RaftServerImpl.java:setRole(184)) - f535bb4a-cba0-4f9b-9e3e-e4a48b3eda51@group-7E32184879DE: changes role from CANDIDATE to FOLLOWER at term 343 for DISCOVERED_A_NEW_TERM
2019-10-18 11:24:58,964 [f535bb4a-cba0-4f9b-9e3e-e4a48b3eda51@group-7E32184879DE-LeaderElection290] INFO  impl.RoleInfo (RoleInfo.java:shutdownLeaderElection(134)) - f535bb4a-cba0-4f9b-9e3e-e4a48b3eda51: shutdown LeaderElection
2019-10-18 11:24:58,964 [f535bb4a-cba0-4f9b-9e3e-e4a48b3eda51@group-7E32184879DE-LeaderElection290] INFO  impl.RoleInfo (RoleInfo.java:updateAndGet(143)) - f535bb4a-cba0-4f9b-9e3e-e4a48b3eda51: start FollowerState
2019-10-18 11:24:59,001 [Thread-2079] INFO  impl.FollowerState (FollowerState.java:run(108)) - f535bb4a-cba0-4f9b-9e3e-e4a48b3eda51@group-7E32184879DE-FollowerState: change to CANDIDATE, lastRpcTime:37ms, electionTimeout:37ms
2019-10-18 11:24:59,002 [Thread-2079] INFO  impl.RoleInfo (RoleInfo.java:shutdownFollowerState(121)) - f535bb4a-cba0-4f9b-9e3e-e4a48b3eda51: shutdown FollowerState
2019-10-18 11:24:59,002 [Thread-2079] INFO  impl.RaftServerImpl (RaftServerImpl.java:setRole(184)) - f535bb4a-cba0-4f9b-9e3e-e4a48b3eda51@group-7E32184879DE: changes role from  FOLLOWER to CANDIDATE at term 343 for changeToCandidate
2019-10-18 11:24:59,002 [Thread-2079] INFO  impl.RoleInfo (RoleInfo.java:updateAndGet(143)) - f535bb4a-cba0-4f9b-9e3e-e4a48b3eda51: start LeaderElection
2019-10-18 11:24:59,030 [f535bb4a-cba0-4f9b-9e3e-e4a48b3eda51@group-7E32184879DE-LeaderElection291] INFO  impl.LeaderElection (LeaderElection.java:askForVotes(178)) - f535bb4a-cba0-4f9b-9e3e-e4a48b3eda51@group-7E32184879DE-LeaderElection291: begin an election at term 344 for -1: [f535bb4a-cba0-4f9b-9e3e-e4a48b3eda51:0.0.0.0:44706, 54aabb14-4a7d-4ab3-adbe-2e67760b87f4:0.0.0.0:43074, c652e2ee-3322-4406-8db6-1ea643cb3197:0.0.0.0:42129], old=null
2019-10-18 11:24:59,031 [grpc-default-executor-1] INFO  impl.RaftServerImpl (RaftServerImpl.java:setRole(184)) - 54aabb14-4a7d-4ab3-adbe-2e67760b87f4@group-7E32184879DE: changes role from  FOLLOWER to FOLLOWER at term 344 for recognizeCandidate:f535bb4a-cba0-4f9b-9e3e-e4a48b3eda51
2019-10-18 11:24:59,032 [grpc-default-executor-0] INFO  impl.RaftServerImpl (RaftServerImpl.java:setRole(184)) - c652e2ee-3322-4406-8db6-1ea643cb3197@group-7E32184879DE: changes role from  FOLLOWER to FOLLOWER at term 344 for recognizeCandidate:f535bb4a-cba0-4f9b-9e3e-e4a48b3eda51
2019-10-18 11:24:59,032 [grpc-default-executor-1] INFO  impl.RoleInfo (RoleInfo.java:shutdownFollowerState(121)) - 54aabb14-4a7d-4ab3-adbe-2e67760b87f4: shutdown FollowerState
2019-10-18 11:24:59,032 [grpc-default-executor-0] INFO  impl.RoleInfo (RoleInfo.java:shutdownFollowerState(121)) - c652e2ee-3322-4406-8db6-1ea643cb3197: shutdown FollowerState
2019-10-18 11:24:59,032 [Thread-2077] INFO  impl.FollowerState (FollowerState.java:run(117)) - 54aabb14-4a7d-4ab3-adbe-2e67760b87f4@group-7E32184879DE-FollowerState was interrupted: java.lang.InterruptedException: sleep interrupted
2019-10-18 11:24:59,032 [Thread-2078] INFO  impl.FollowerState (FollowerState.java:run(117)) - c652e2ee-3322-4406-8db6-1ea643cb3197@group-7E32184879DE-FollowerState was interrupted: java.lang.InterruptedException: sleep interrupted
2019-10-18 11:24:59,032 [grpc-default-executor-1] INFO  impl.RoleInfo (RoleInfo.java:updateAndGet(143)) - 54aabb14-4a7d-4ab3-adbe-2e67760b87f4: start FollowerState
2019-10-18 11:24:59,032 [grpc-default-executor-0] INFO  impl.RoleInfo (RoleInfo.java:updateAndGet(143)) - c652e2ee-3322-4406-8db6-1ea643cb3197: start FollowerState
2019-10-18 11:24:59,048 [f535bb4a-cba0-4f9b-9e3e-e4a48b3eda51@group-7E32184879DE-LeaderElection291] INFO  impl.LeaderElection (LeaderElection.java:logAndReturn(56)) - f535bb4a-cba0-4f9b-9e3e-e4a48b3eda51@group-7E32184879DE-LeaderElection291: Election TIMEOUT; received 0 response(s) [] and 0 exception(s); f535bb4a-cba0-4f9b-9e3e-e4a48b3eda51@group-7E32184879DE:t344, leader=null, voted=f535bb4a-cba0-4f9b-9e3e-e4a48b3eda51, raftlog=f535bb4a-cba0-4f9b-9e3e-e4a48b3eda51@group-7E32184879DE-SegmentedRaftLog:OPENED:c-1,f-1,i0, conf=-1: [f535bb4a-cba0-4f9b-9e3e-e4a48b3eda51:0.0.0.0:44706, 54aabb14-4a7d-4ab3-adbe-2e67760b87f4:0.0.0.0:43074, c652e2ee-3322-4406-8db6-1ea643cb3197:0.0.0.0:42129], old=null
2019-10-18 11:24:59,072 [f535bb4a-cba0-4f9b-9e3e-e4a48b3eda51@group-7E32184879DE-LeaderElection291] INFO  impl.LeaderElection (LeaderElection.java:askForVotes(178)) - f535bb4a-cba0-4f9b-9e3e-e4a48b3eda51@group-7E32184879DE-LeaderElection291: begin an election at term 345 for -1: [f535bb4a-cba0-4f9b-9e3e-e4a48b3eda51:0.0.0.0:44706, 54aabb14-4a7d-4ab3-adbe-2e67760b87f4:0.0.0.0:43074, c652e2ee-3322-4406-8db6-1ea643cb3197:0.0.0.0:42129], old=null
2019-10-18 11:24:59,074 [grpc-default-executor-1] INFO  impl.RaftServerImpl (RaftServerImpl.java:setRole(184)) - c652e2ee-3322-4406-8db6-1ea643cb3197@group-7E32184879DE: changes role from  FOLLOWER to FOLLOWER at term 345 for recognizeCandidate:f535bb4a-cba0-4f9b-9e3e-e4a48b3eda51
2019-10-18 11:24:59,074 [grpc-default-executor-0] INFO  impl.RaftServerImpl (RaftServerImpl.java:setRole(184)) - 54aabb14-4a7d-4ab3-adbe-2e67760b87f4@group-7E32184879DE: changes role from  FOLLOWER to FOLLOWER at term 345 for recognizeCandidate:f535bb4a-cba0-4f9b-9e3e-e4a48b3eda51
2019-10-18 11:24:59,074 [grpc-default-executor-1] INFO  impl.RoleInfo (RoleInfo.java:shutdownFollowerState(121)) - c652e2ee-3322-4406-8db6-1ea643cb3197: shutdown FollowerState
2019-10-18 11:24:59,074 [grpc-default-executor-0] INFO  impl.RoleInfo (RoleInfo.java:shutdownFollowerState(121)) - 54aabb14-4a7d-4ab3-adbe-2e67760b87f4: shutdown FollowerState
2019-10-18 11:24:59,075 [Thread-2084] INFO  impl.FollowerState (FollowerState.java:run(117)) - c652e2ee-3322-4406-8db6-1ea643cb3197@group-7E32184879DE-FollowerState was interrupted: java.lang.InterruptedException: sleep interrupted
2019-10-18 11:24:59,075 [grpc-default-executor-1] INFO  impl.RoleInfo (RoleInfo.java:updateAndGet(143)) - c652e2ee-3322-4406-8db6-1ea643cb3197: start FollowerState
2019-10-18 11:24:59,075 [Thread-2083] INFO  impl.FollowerState (FollowerState.java:run(117)) - 54aabb14-4a7d-4ab3-adbe-2e67760b87f4@group-7E32184879DE-FollowerState was interrupted: java.lang.InterruptedException: sleep interrupted
2019-10-18 11:24:59,075 [grpc-default-executor-0] INFO  impl.RoleInfo (RoleInfo.java:updateAndGet(143)) - 54aabb14-4a7d-4ab3-adbe-2e67760b87f4: start FollowerState
2019-10-18 11:24:59,098 [f535bb4a-cba0-4f9b-9e3e-e4a48b3eda51@group-7E32184879DE-LeaderElection291] INFO  impl.LeaderElection (LeaderElection.java:logAndReturn(56)) - f535bb4a-cba0-4f9b-9e3e-e4a48b3eda51@group-7E32184879DE-LeaderElection291: Election REJECTED; received 2 response(s) [f535bb4a-cba0-4f9b-9e3e-e4a48b3eda51<-54aabb14-4a7d-4ab3-adbe-2e67760b87f4#0:FAIL-t345, f535bb4a-cba0-4f9b-9e3e-e4a48b3eda51<-c652e2ee-3322-4406-8db6-1ea643cb3197#0:FAIL-t345] and 0 exception(s); f535bb4a-cba0-4f9b-9e3e-e4a48b3eda51@group-7E32184879DE:t345, leader=null, voted=f535bb4a-cba0-4f9b-9e3e-e4a48b3eda51, raftlog=f535bb4a-cba0-4f9b-9e3e-e4a48b3eda51@group-7E32184879DE-SegmentedRaftLog:OPENED:c-1,f-1,i0, conf=-1: [f535bb4a-cba0-4f9b-9e3e-e4a48b3eda51:0.0.0.0:44706, 54aabb14-4a7d-4ab3-adbe-2e67760b87f4:0.0.0.0:43074, c652e2ee-3322-4406-8db6-1ea643cb3197:0.0.0.0:42129], old=null
2019-10-18 11:24:59,098 [f535bb4a-cba0-4f9b-9e3e-e4a48b3eda51@group-7E32184879DE-LeaderElection291] INFO  impl.RaftServerImpl (RaftServerImpl.java:setRole(184)) - f535bb4a-cba0-4f9b-9e3e-e4a48b3eda51@group-7E32184879DE: changes role from CANDIDATE to FOLLOWER at term 345 for DISCOVERED_A_NEW_TERM
2019-10-18 11:24:59,098 [f535bb4a-cba0-4f9b-9e3e-e4a48b3eda51@group-7E32184879DE-LeaderElection291] INFO  impl.RoleInfo (RoleInfo.java:shutdownLeaderElection(134)) - f535bb4a-cba0-4f9b-9e3e-e4a48b3eda51: shutdown LeaderElection
2019-10-18 11:24:59,099 [f535bb4a-cba0-4f9b-9e3e-e4a48b3eda51@group-7E32184879DE-LeaderElection291] INFO  impl.RoleInfo (RoleInfo.java:updateAndGet(143)) - f535bb4a-cba0-4f9b-9e3e-e4a48b3eda51: start FollowerState
2019-10-18 11:24:59,297 [Thread-2089] INFO  impl.FollowerState (FollowerState.java:run(108)) - f535bb4a-cba0-4f9b-9e3e-e4a48b3eda51@group-7E32184879DE-FollowerState: change to CANDIDATE, lastRpcTime:198ms, electionTimeout:198ms
2019-10-18 11:24:59,298 [Thread-2089] INFO  impl.RoleInfo (RoleInfo.java:shutdownFollowerState(121)) - f535bb4a-cba0-4f9b-9e3e-e4a48b3eda51: shutdown FollowerState
2019-10-18 11:24:59,298 [Thread-2089] INFO  impl.RaftServerImpl (RaftServerImpl.java:setRole(184)) - f535bb4a-cba0-4f9b-9e3e-e4a48b3eda51@group-7E32184879DE: changes role from  FOLLOWER to CANDIDATE at term 345 for changeToCandidate
2019-10-18 11:24:59,298 [Thread-2089] INFO  impl.RoleInfo (RoleInfo.java:updateAndGet(143)) - f535bb4a-cba0-4f9b-9e3e-e4a48b3eda51: start LeaderElection
2019-10-18 11:24:59,323 [f535bb4a-cba0-4f9b-9e3e-e4a48b3eda51@group-7E32184879DE-LeaderElection292] INFO  impl.LeaderElection (LeaderElection.java:askForVotes(178)) - f535bb4a-cba0-4f9b-9e3e-e4a48b3eda51@group-7E32184879DE-LeaderElection292: begin an election at term 346 for -1: [f535bb4a-cba0-4f9b-9e3e-e4a48b3eda51:0.0.0.0:44706, 54aabb14-4a7d-4ab3-adbe-2e67760b87f4:0.0.0.0:43074, c652e2ee-3322-4406-8db6-1ea643cb3197:0.0.0.0:42129], old=null
2019-10-18 11:24:59,325 [grpc-default-executor-0] INFO  impl.RaftServerImpl (RaftServerImpl.java:setRole(184)) - 54aabb14-4a7d-4ab3-adbe-2e67760b87f4@group-7E32184879DE: changes role from  FOLLOWER to FOLLOWER at term 346 for recognizeCandidate:f535bb4a-cba0-4f9b-9e3e-e4a48b3eda51
2019-10-18 11:24:59,325 [grpc-default-executor-0] INFO  impl.RoleInfo (RoleInfo.java:shutdownFollowerState(121)) - 54aabb14-4a7d-4ab3-adbe-2e67760b87f4: shutdown FollowerState
2019-10-18 11:24:59,325 [grpc-default-executor-0] INFO  impl.RoleInfo (RoleInfo.java:updateAndGet(143)) - 54aabb14-4a7d-4ab3-adbe-2e67760b87f4: start FollowerState
2019-10-18 11:24:59,325 [Thread-2088] INFO  impl.FollowerState (FollowerState.java:run(117)) - 54aabb14-4a7d-4ab3-adbe-2e67760b87f4@group-7E32184879DE-FollowerState was interrupted: java.lang.InterruptedException: sleep interrupted
2019-10-18 11:24:59,325 [grpc-default-executor-1] INFO  impl.RaftServerImpl (RaftServerImpl.java:setRole(184)) - c652e2ee-3322-4406-8db6-1ea643cb3197@group-7E32184879DE: changes role from  FOLLOWER to FOLLOWER at term 346 for recognizeCandidate:f535bb4a-cba0-4f9b-9e3e-e4a48b3eda51
2019-10-18 11:24:59,325 [grpc-default-executor-1] INFO  impl.RoleInfo (RoleInfo.java:shutdownFollowerState(121)) - c652e2ee-3322-4406-8db6-1ea643cb3197: shutdown FollowerState
2019-10-18 11:24:59,325 [grpc-default-executor-1] INFO  impl.RoleInfo (RoleInfo.java:updateAndGet(143)) - c652e2ee-3322-4406-8db6-1ea643cb3197: start FollowerState
2019-10-18 11:24:59,325 [Thread-2087] INFO  impl.FollowerState (FollowerState.java:run(117)) - c652e2ee-3322-4406-8db6-1ea643cb3197@group-7E32184879DE-FollowerState was interrupted: java.lang.InterruptedException: sleep interrupted
2019-10-18 11:24:59,349 [f535bb4a-cba0-4f9b-9e3e-e4a48b3eda51@group-7E32184879DE-LeaderElection292] INFO  impl.LeaderElection (LeaderElection.java:logAndReturn(56)) - f535bb4a-cba0-4f9b-9e3e-e4a48b3eda51@group-7E32184879DE-LeaderElection292: Election REJECTED; received 2 response(s) [f535bb4a-cba0-4f9b-9e3e-e4a48b3eda51<-54aabb14-4a7d-4ab3-adbe-2e67760b87f4#0:FAIL-t346, f535bb4a-cba0-4f9b-9e3e-e4a48b3eda51<-c652e2ee-3322-4406-8db6-1ea643cb3197#0:FAIL-t346] and 0 exception(s); f535bb4a-cba0-4f9b-9e3e-e4a48b3eda51@group-7E32184879DE:t346, leader=null, voted=f535bb4a-cba0-4f9b-9e3e-e4a48b3eda51, raftlog=f535bb4a-cba0-4f9b-9e3e-e4a48b3eda51@group-7E32184879DE-SegmentedRaftLog:OPENED:c-1,f-1,i0, conf=-1: [f535bb4a-cba0-4f9b-9e3e-e4a48b3eda51:0.0.0.0:44706, 54aabb14-4a7d-4ab3-adbe-2e67760b87f4:0.0.0.0:43074, c652e2ee-3322-4406-8db6-1ea643cb3197:0.0.0.0:42129], old=null
2019-10-18 11:24:59,349 [f535bb4a-cba0-4f9b-9e3e-e4a48b3eda51@group-7E32184879DE-LeaderElection292] INFO  impl.RaftServerImpl (RaftServerImpl.java:setRole(184)) - f535bb4a-cba0-4f9b-9e3e-e4a48b3eda51@group-7E32184879DE: changes role from CANDIDATE to FOLLOWER at term 346 for DISCOVERED_A_NEW_TERM
2019-10-18 11:24:59,350 [f535bb4a-cba0-4f9b-9e3e-e4a48b3eda51@group-7E32184879DE-LeaderElection292] INFO  impl.RoleInfo (RoleInfo.java:shutdownLeaderElection(134)) - f535bb4a-cba0-4f9b-9e3e-e4a48b3eda51: shutdown LeaderElection
2019-10-18 11:24:59,350 [f535bb4a-cba0-4f9b-9e3e-e4a48b3eda51@group-7E32184879DE-LeaderElection292] INFO  impl.RoleInfo (RoleInfo.java:updateAndGet(143)) - f535bb4a-cba0-4f9b-9e3e-e4a48b3eda51: start FollowerState
2019-10-18 11:24:59,512 [Thread-2095] INFO  impl.FollowerState (FollowerState.java:run(108)) - f535bb4a-cba0-4f9b-9e3e-e4a48b3eda51@group-7E32184879DE-FollowerState: change to CANDIDATE, lastRpcTime:162ms, electionTimeout:162ms
2019-10-18 11:24:59,512 [Thread-2095] INFO  impl.RoleInfo (RoleInfo.java:shutdownFollowerState(121)) - f535bb4a-cba0-4f9b-9e3e-e4a48b3eda51: shutdown FollowerState
2019-10-18 11:24:59,512 [Thread-2095] INFO  impl.RaftServerImpl (RaftServerImpl.java:setRole(184)) - f535bb4a-cba0-4f9b-9e3e-e4a48b3eda51@group-7E32184879DE: changes role from  FOLLOWER to CANDIDATE at term 346 for changeToCandidate
2019-10-18 11:24:59,513 [Thread-2095] INFO  impl.RoleInfo (RoleInfo.java:updateAndGet(143)) - f535bb4a-cba0-4f9b-9e3e-e4a48b3eda51: start LeaderElection
2019-10-18 11:24:59,540 [f535bb4a-cba0-4f9b-9e3e-e4a48b3eda51@group-7E32184879DE-LeaderElection293] INFO  impl.LeaderElection (LeaderElection.java:askForVotes(178)) - f535bb4a-cba0-4f9b-9e3e-e4a48b3eda51@group-7E32184879DE-LeaderElection293: begin an election at term 347 for -1: [f535bb4a-cba0-4f9b-9e3e-e4a48b3eda51:0.0.0.0:44706, 54aabb14-4a7d-4ab3-adbe-2e67760b87f4:0.0.0.0:43074, c652e2ee-3322-4406-8db6-1ea643cb3197:0.0.0.0:42129], old=null
2019-10-18 11:24:59,542 [grpc-default-executor-1] INFO  impl.RaftServerImpl (RaftServerImpl.java:setRole(184)) - c652e2ee-3322-4406-8db6-1ea643cb3197@group-7E32184879DE: changes role from  FOLLOWER to FOLLOWER at term 347 for recognizeCandidate:f535bb4a-cba0-4f9b-9e3e-e4a48b3eda51
2019-10-18 11:24:59,542 [grpc-default-executor-0] INFO  impl.RaftServerImpl (RaftServerImpl.java:setRole(184)) - 54aabb14-4a7d-4ab3-adbe-2e67760b87f4@group-7E32184879DE: changes role from  FOLLOWER to FOLLOWER at term 347 for recognizeCandidate:f535bb4a-cba0-4f9b-9e3e-e4a48b3eda51
2019-10-18 11:24:59,542 [grpc-default-executor-1] INFO  impl.RoleInfo (RoleInfo.java:shutdownFollowerState(121)) - c652e2ee-3322-4406-8db6-1ea643cb3197: shutdown FollowerState
2019-10-18 11:24:59,543 [grpc-default-executor-0] INFO  impl.RoleInfo (RoleInfo.java:shutdownFollowerState(121)) - 54aabb14-4a7d-4ab3-adbe-2e67760b87f4: shutdown FollowerState
2019-10-18 11:24:59,543 [grpc-default-executor-1] INFO  impl.RoleInfo (RoleInfo.java:updateAndGet(143)) - c652e2ee-3322-4406-8db6-1ea643cb3197: start FollowerState
2019-10-18 11:24:59,543 [Thread-2094] INFO  impl.FollowerState (FollowerState.java:run(117)) - c652e2ee-3322-4406-8db6-1ea643cb3197@group-7E32184879DE-FollowerState was interrupted: java.lang.InterruptedException: sleep interrupted
2019-10-18 11:24:59,543 [grpc-default-executor-0] INFO  impl.RoleInfo (RoleInfo.java:updateAndGet(143)) - 54aabb14-4a7d-4ab3-adbe-2e67760b87f4: start FollowerState
2019-10-18 11:24:59,543 [Thread-2093] INFO  impl.FollowerState (FollowerState.java:run(117)) - 54aabb14-4a7d-4ab3-adbe-2e67760b87f4@group-7E32184879DE-FollowerState was interrupted: java.lang.InterruptedException: sleep interrupted
2019-10-18 11:24:59,567 [f535bb4a-cba0-4f9b-9e3e-e4a48b3eda51@group-7E32184879DE-LeaderElection293] INFO  impl.LeaderElection (LeaderElection.java:logAndReturn(56)) - f535bb4a-cba0-4f9b-9e3e-e4a48b3eda51@group-7E32184879DE-LeaderElection293: Election REJECTED; received 2 response(s) [f535bb4a-cba0-4f9b-9e3e-e4a48b3eda51<-54aabb14-4a7d-4ab3-adbe-2e67760b87f4#0:FAIL-t347, f535bb4a-cba0-4f9b-9e3e-e4a48b3eda51<-c652e2ee-3322-4406-8db6-1ea643cb3197#0:FAIL-t347] and 0 exception(s); f535bb4a-cba0-4f9b-9e3e-e4a48b3eda51@group-7E32184879DE:t347, leader=null, voted=f535bb4a-cba0-4f9b-9e3e-e4a48b3eda51, raftlog=f535bb4a-cba0-4f9b-9e3e-e4a48b3eda51@group-7E32184879DE-SegmentedRaftLog:OPENED:c-1,f-1,i0, conf=-1: [f535bb4a-cba0-4f9b-9e3e-e4a48b3eda51:0.0.0.0:44706, 54aabb14-4a7d-4ab3-adbe-2e67760b87f4:0.0.0.0:43074, c652e2ee-3322-4406-8db6-1ea643cb3197:0.0.0.0:42129], old=null
2019-10-18 11:24:59,567 [f535bb4a-cba0-4f9b-9e3e-e4a48b3eda51@group-7E32184879DE-LeaderElection293] INFO  impl.RaftServerImpl (RaftServerImpl.java:setRole(184)) - f535bb4a-cba0-4f9b-9e3e-e4a48b3eda51@group-7E32184879DE: changes role from CANDIDATE to FOLLOWER at term 347 for DISCOVERED_A_NEW_TERM
2019-10-18 11:24:59,567 [f535bb4a-cba0-4f9b-9e3e-e4a48b3eda51@group-7E32184879DE-LeaderElection293] INFO  impl.RoleInfo (RoleInfo.java:shutdownLeaderElection(134)) - f535bb4a-cba0-4f9b-9e3e-e4a48b3eda51: shutdown LeaderElection
2019-10-18 11:24:59,567 [f535bb4a-cba0-4f9b-9e3e-e4a48b3eda51@group-7E32184879DE-LeaderElection293] INFO  impl.RoleInfo (RoleInfo.java:updateAndGet(143)) - f535bb4a-cba0-4f9b-9e3e-e4a48b3eda51: start FollowerState
2019-10-18 11:24:59,572 [Thread-2103] INFO  impl.FollowerState (FollowerState.java:run(108)) - f535bb4a-cba0-4f9b-9e3e-e4a48b3eda51@group-7E32184879DE-FollowerState: change to CANDIDATE, lastRpcTime:5ms, electionTimeout:5ms
2019-10-18 11:24:59,572 [Thread-2103] INFO  impl.RoleInfo (RoleInfo.java:shutdownFollowerState(121)) - f535bb4a-cba0-4f9b-9e3e-e4a48b3eda51: shutdown FollowerState
2019-10-18 11:24:59,572 [Thread-2103] INFO  impl.RaftServerImpl (RaftServerImpl.java:setRole(184)) - f535bb4a-cba0-4f9b-9e3e-e4a48b3eda51@group-7E32184879DE: changes role from  FOLLOWER to CANDIDATE at term 347 for changeToCandidate
2019-10-18 11:24:59,572 [Thread-2103] INFO  impl.RoleInfo (RoleInfo.java:updateAndGet(143)) - f535bb4a-cba0-4f9b-9e3e-e4a48b3eda51: start LeaderElection
2019-10-18 11:24:59,600 [f535bb4a-cba0-4f9b-9e3e-e4a48b3eda51@group-7E32184879DE-LeaderElection294] INFO  impl.LeaderElection (LeaderElection.java:askForVotes(178)) - f535bb4a-cba0-4f9b-9e3e-e4a48b3eda51@group-7E32184879DE-LeaderElection294: begin an election at term 348 for -1: [f535bb4a-cba0-4f9b-9e3e-e4a48b3eda51:0.0.0.0:44706, 54aabb14-4a7d-4ab3-adbe-2e67760b87f4:0.0.0.0:43074, c652e2ee-3322-4406-8db6-1ea643cb3197:0.0.0.0:42129], old=null
2019-10-18 11:24:59,601 [grpc-default-executor-1] INFO  impl.RaftServerImpl (RaftServerImpl.java:setRole(184)) - 54aabb14-4a7d-4ab3-adbe-2e67760b87f4@group-7E32184879DE: changes role from  FOLLOWER to FOLLOWER at term 348 for recognizeCandidate:f535bb4a-cba0-4f9b-9e3e-e4a48b3eda51
2019-10-18 11:24:59,601 [grpc-default-executor-0] INFO  impl.RaftServerImpl (RaftServerImpl.java:setRole(184)) - c652e2ee-3322-4406-8db6-1ea643cb3197@group-7E32184879DE: changes role from  FOLLOWER to FOLLOWER at term 348 for recognizeCandidate:f535bb4a-cba0-4f9b-9e3e-e4a48b3eda51
2019-10-18 11:24:59,601 [grpc-default-executor-1] INFO  impl.RoleInfo (RoleInfo.java:shutdownFollowerState(121)) - 54aabb14-4a7d-4ab3-adbe-2e67760b87f4: shutdown FollowerState
2019-10-18 11:24:59,602 [grpc-default-executor-0] INFO  impl.RoleInfo (RoleInfo.java:shutdownFollowerState(121)) - c652e2ee-3322-4406-8db6-1ea643cb3197: shutdown FollowerState
2019-10-18 11:24:59,602 [Thread-2102] INFO  impl.FollowerState (FollowerState.java:run(117)) - 54aabb14-4a7d-4ab3-adbe-2e67760b87f4@group-7E32184879DE-FollowerState was interrupted: java.lang.InterruptedException: sleep interrupted
2019-10-18 11:24:59,602 [Thread-2101] INFO  impl.FollowerState (FollowerState.java:run(117)) - c652e2ee-3322-4406-8db6-1ea643cb3197@group-7E32184879DE-FollowerState was interrupted: java.lang.InterruptedException: sleep interrupted
2019-10-18 11:24:59,602 [grpc-default-executor-1] INFO  impl.RoleInfo (RoleInfo.java:updateAndGet(143)) - 54aabb14-4a7d-4ab3-adbe-2e67760b87f4: start FollowerState
2019-10-18 11:24:59,602 [grpc-default-executor-0] INFO  impl.RoleInfo (RoleInfo.java:updateAndGet(143)) - c652e2ee-3322-4406-8db6-1ea643cb3197: start FollowerState
2019-10-18 11:24:59,626 [f535bb4a-cba0-4f9b-9e3e-e4a48b3eda51@group-7E32184879DE-LeaderElection294] INFO  impl.LeaderElection (LeaderElection.java:logAndReturn(56)) - f535bb4a-cba0-4f9b-9e3e-e4a48b3eda51@group-7E32184879DE-LeaderElection294: Election REJECTED; received 2 response(s) [f535bb4a-cba0-4f9b-9e3e-e4a48b3eda51<-54aabb14-4a7d-4ab3-adbe-2e67760b87f4#0:FAIL-t348, f535bb4a-cba0-4f9b-9e3e-e4a48b3eda51<-c652e2ee-3322-4406-8db6-1ea643cb3197#0:FAIL-t348] and 0 exception(s); f535bb4a-cba0-4f9b-9e3e-e4a48b3eda51@group-7E32184879DE:t348, leader=null, voted=f535bb4a-cba0-4f9b-9e3e-e4a48b3eda51, raftlog=f535bb4a-cba0-4f9b-9e3e-e4a48b3eda51@group-7E32184879DE-SegmentedRaftLog:OPENED:c-1,f-1,i0, conf=-1: [f535bb4a-cba0-4f9b-9e3e-e4a48b3eda51:0.0.0.0:44706, 54aabb14-4a7d-4ab3-adbe-2e67760b87f4:0.0.0.0:43074, c652e2ee-3322-4406-8db6-1ea643cb3197:0.0.0.0:42129], old=null
2019-10-18 11:24:59,626 [f535bb4a-cba0-4f9b-9e3e-e4a48b3eda51@group-7E32184879DE-LeaderElection294] INFO  impl.RaftServerImpl (RaftServerImpl.java:setRole(184)) - f535bb4a-cba0-4f9b-9e3e-e4a48b3eda51@group-7E32184879DE: changes role from CANDIDATE to FOLLOWER at term 348 for DISCOVERED_A_NEW_TERM
2019-10-18 11:24:59,626 [f535bb4a-cba0-4f9b-9e3e-e4a48b3eda51@group-7E32184879DE-LeaderElection294] INFO  impl.RoleInfo (RoleInfo.java:shutdownLeaderElection(134)) - f535bb4a-cba0-4f9b-9e3e-e4a48b3eda51: shutdown LeaderElection
2019-10-18 11:24:59,626 [f535bb4a-cba0-4f9b-9e3e-e4a48b3eda51@group-7E32184879DE-LeaderElection294] INFO  impl.RoleInfo (RoleInfo.java:updateAndGet(143)) - f535bb4a-cba0-4f9b-9e3e-e4a48b3eda51: start FollowerState
2019-10-18 11:24:59,649 [Thread-2109] INFO  impl.FollowerState (FollowerState.java:run(108)) - f535bb4a-cba0-4f9b-9e3e-e4a48b3eda51@group-7E32184879DE-FollowerState: change to CANDIDATE, lastRpcTime:23ms, electionTimeout:23ms
2019-10-18 11:24:59,650 [Thread-2109] INFO  impl.RoleInfo (RoleInfo.java:shutdownFollowerState(121)) - f535bb4a-cba0-4f9b-9e3e-e4a48b3eda51: shutdown FollowerState
2019-10-18 11:24:59,650 [Thread-2109] INFO  impl.RaftServerImpl (RaftServerImpl.java:setRole(184)) - f535bb4a-cba0-4f9b-9e3e-e4a48b3eda51@group-7E32184879DE: changes role from  FOLLOWER to CANDIDATE at term 348 for changeToCandidate
2019-10-18 11:24:59,650 [Thread-2109] INFO  impl.RoleInfo (RoleInfo.java:updateAndGet(143)) - f535bb4a-cba0-4f9b-9e3e-e4a48b3eda51: start LeaderElection
2019-10-18 11:24:59,675 [f535bb4a-cba0-4f9b-9e3e-e4a48b3eda51@group-7E32184879DE-LeaderElection295] INFO  impl.LeaderElection (LeaderElection.java:askForVotes(178)) - f535bb4a-cba0-4f9b-9e3e-e4a48b3eda51@group-7E32184879DE-LeaderElection295: begin an election at term 349 for -1: [f535bb4a-cba0-4f9b-9e3e-e4a48b3eda51:0.0.0.0:44706, 54aabb14-4a7d-4ab3-adbe-2e67760b87f4:0.0.0.0:43074, c652e2ee-3322-4406-8db6-1ea643cb3197:0.0.0.0:42129], old=null
2019-10-18 11:24:59,677 [grpc-default-executor-1] INFO  impl.RaftServerImpl (RaftServerImpl.java:setRole(184)) - 54aabb14-4a7d-4ab3-adbe-2e67760b87f4@group-7E32184879DE: changes role from  FOLLOWER to FOLLOWER at term 349 for recognizeCandidate:f535bb4a-cba0-4f9b-9e3e-e4a48b3eda51
2019-10-18 11:24:59,677 [grpc-default-executor-0] INFO  impl.RaftServerImpl (RaftServerImpl.java:setRole(184)) - c652e2ee-3322-4406-8db6-1ea643cb3197@group-7E32184879DE: changes role from  FOLLOWER to FOLLOWER at term 349 for recognizeCandidate:f535bb4a-cba0-4f9b-9e3e-e4a48b3eda51
2019-10-18 11:24:59,677 [grpc-default-executor-1] INFO  impl.RoleInfo (RoleInfo.java:shutdownFollowerState(121)) - 54aabb14-4a7d-4ab3-adbe-2e67760b87f4: shutdown FollowerState
2019-10-18 11:24:59,677 [grpc-default-executor-0] INFO  impl.RoleInfo (RoleInfo.java:shutdownFollowerState(121)) - c652e2ee-3322-4406-8db6-1ea643cb3197: shutdown FollowerState
2019-10-18 11:24:59,678 [Thread-2107] INFO  impl.FollowerState (FollowerState.java:run(117)) - 54aabb14-4a7d-4ab3-adbe-2e67760b87f4@group-7E32184879DE-FollowerState was interrupted: java.lang.InterruptedException: sleep interrupted
2019-10-18 11:24:59,678 [grpc-default-executor-1] INFO  impl.RoleInfo (RoleInfo.java:updateAndGet(143)) - 54aabb14-4a7d-4ab3-adbe-2e67760b87f4: start FollowerState
2019-10-18 11:24:59,678 [Thread-2108] INFO  impl.FollowerState (FollowerState.java:run(117)) - c652e2ee-3322-4406-8db6-1ea643cb3197@group-7E32184879DE-FollowerState was interrupted: java.lang.InterruptedException: sleep interrupted
2019-10-18 11:24:59,678 [grpc-default-executor-0] INFO  impl.RoleInfo (RoleInfo.java:updateAndGet(143)) - c652e2ee-3322-4406-8db6-1ea643cb3197: start FollowerState
2019-10-18 11:24:59,701 [f535bb4a-cba0-4f9b-9e3e-e4a48b3eda51@group-7E32184879DE-LeaderElection295] INFO  impl.LeaderElection (LeaderElection.java:logAndReturn(56)) - f535bb4a-cba0-4f9b-9e3e-e4a48b3eda51@group-7E32184879DE-LeaderElection295: Election REJECTED; received 2 response(s) [f535bb4a-cba0-4f9b-9e3e-e4a48b3eda51<-54aabb14-4a7d-4ab3-adbe-2e67760b87f4#0:FAIL-t349, f535bb4a-cba0-4f9b-9e3e-e4a48b3eda51<-c652e2ee-3322-4406-8db6-1ea643cb3197#0:FAIL-t349] and 0 exception(s); f535bb4a-cba0-4f9b-9e3e-e4a48b3eda51@group-7E32184879DE:t349, leader=null, voted=f535bb4a-cba0-4f9b-9e3e-e4a48b3eda51, raftlog=f535bb4a-cba0-4f9b-9e3e-e4a48b3eda51@group-7E32184879DE-SegmentedRaftLog:OPENED:c-1,f-1,i0, conf=-1: [f535bb4a-cba0-4f9b-9e3e-e4a48b3eda51:0.0.0.0:44706, 54aabb14-4a7d-4ab3-adbe-2e67760b87f4:0.0.0.0:43074, c652e2ee-3322-4406-8db6-1ea643cb3197:0.0.0.0:42129], old=null
2019-10-18 11:24:59,701 [f535bb4a-cba0-4f9b-9e3e-e4a48b3eda51@group-7E32184879DE-LeaderElection295] INFO  impl.RaftServerImpl (RaftServerImpl.java:setRole(184)) - f535bb4a-cba0-4f9b-9e3e-e4a48b3eda51@group-7E32184879DE: changes role from CANDIDATE to FOLLOWER at term 349 for DISCOVERED_A_NEW_TERM
2019-10-18 11:24:59,702 [f535bb4a-cba0-4f9b-9e3e-e4a48b3eda51@group-7E32184879DE-LeaderElection295] INFO  impl.RoleInfo (RoleInfo.java:shutdownLeaderElection(134)) - f535bb4a-cba0-4f9b-9e3e-e4a48b3eda51: shutdown LeaderElection
2019-10-18 11:24:59,702 [f535bb4a-cba0-4f9b-9e3e-e4a48b3eda51@group-7E32184879DE-LeaderElection295] INFO  impl.RoleInfo (RoleInfo.java:updateAndGet(143)) - f535bb4a-cba0-4f9b-9e3e-e4a48b3eda51: start FollowerState
2019-10-18 11:24:59,745 [Thread-2115] INFO  impl.FollowerState (FollowerState.java:run(108)) - f535bb4a-cba0-4f9b-9e3e-e4a48b3eda51@group-7E32184879DE-FollowerState: change to CANDIDATE, lastRpcTime:43ms, electionTimeout:43ms
2019-10-18 11:24:59,745 [Thread-2115] INFO  impl.RoleInfo (RoleInfo.java:shutdownFollowerState(121)) - f535bb4a-cba0-4f9b-9e3e-e4a48b3eda51: shutdown FollowerState
2019-10-18 11:24:59,745 [Thread-2115] INFO  impl.RaftServerImpl (RaftServerImpl.java:setRole(184)) - f535bb4a-cba0-4f9b-9e3e-e4a48b3eda51@group-7E32184879DE: changes role from  FOLLOWER to CANDIDATE at term 349 for changeToCandidate
2019-10-18 11:24:59,746 [Thread-2115] INFO  impl.RoleInfo (RoleInfo.java:updateAndGet(143)) - f535bb4a-cba0-4f9b-9e3e-e4a48b3eda51: start LeaderElection
2019-10-18 11:24:59,776 [f535bb4a-cba0-4f9b-9e3e-e4a48b3eda51@group-7E32184879DE-LeaderElection296] INFO  impl.LeaderElection (LeaderElection.java:askForVotes(178)) - f535bb4a-cba0-4f9b-9e3e-e4a48b3eda51@group-7E32184879DE-LeaderElection296: begin an election at term 350 for -1: [f535bb4a-cba0-4f9b-9e3e-e4a48b3eda51:0.0.0.0:44706, 54aabb14-4a7d-4ab3-adbe-2e67760b87f4:0.0.0.0:43074, c652e2ee-3322-4406-8db6-1ea643cb3197:0.0.0.0:42129], old=null
2019-10-18 11:24:59,778 [grpc-default-executor-0] INFO  impl.RaftServerImpl (RaftServerImpl.java:setRole(184)) - 54aabb14-4a7d-4ab3-adbe-2e67760b87f4@group-7E32184879DE: changes role from  FOLLOWER to FOLLOWER at term 350 for recognizeCandidate:f535bb4a-cba0-4f9b-9e3e-e4a48b3eda51
2019-10-18 11:24:59,778 [grpc-default-executor-0] INFO  impl.RoleInfo (RoleInfo.java:shutdownFollowerState(121)) - 54aabb14-4a7d-4ab3-adbe-2e67760b87f4: shutdown FollowerState
2019-10-18 11:24:59,778 [grpc-default-executor-1] INFO  impl.RaftServerImpl (RaftServerImpl.java:setRole(184)) - c652e2ee-3322-4406-8db6-1ea643cb3197@group-7E32184879DE: changes role from  FOLLOWER to FOLLOWER at term 350 for recognizeCandidate:f535bb4a-cba0-4f9b-9e3e-e4a48b3eda51
2019-10-18 11:24:59,778 [Thread-2113] INFO  impl.FollowerState (FollowerState.java:run(117)) - 54aabb14-4a7d-4ab3-adbe-2e67760b87f4@group-7E32184879DE-FollowerState was interrupted: java.lang.InterruptedException: sleep interrupted
2019-10-18 11:24:59,778 [grpc-default-executor-0] INFO  impl.RoleInfo (RoleInfo.java:updateAndGet(143)) - 54aabb14-4a7d-4ab3-adbe-2e67760b87f4: start FollowerState
2019-10-18 11:24:59,778 [grpc-default-executor-1] INFO  impl.RoleInfo (RoleInfo.java:shutdownFollowerState(121)) - c652e2ee-3322-4406-8db6-1ea643cb3197: shutdown FollowerState
2019-10-18 11:24:59,779 [grpc-default-executor-1] INFO  impl.RoleInfo (RoleInfo.java:updateAndGet(143)) - c652e2ee-3322-4406-8db6-1ea643cb3197: start FollowerState
2019-10-18 11:24:59,779 [Thread-2114] INFO  impl.FollowerState (FollowerState.java:run(117)) - c652e2ee-3322-4406-8db6-1ea643cb3197@group-7E32184879DE-FollowerState was interrupted: java.lang.InterruptedException: sleep interrupted
2019-10-18 11:24:59,802 [f535bb4a-cba0-4f9b-9e3e-e4a48b3eda51@group-7E32184879DE-LeaderElection296] INFO  impl.LeaderElection (LeaderElection.java:logAndReturn(56)) - f535bb4a-cba0-4f9b-9e3e-e4a48b3eda51@group-7E32184879DE-LeaderElection296: Election REJECTED; received 2 response(s) [f535bb4a-cba0-4f9b-9e3e-e4a48b3eda51<-54aabb14-4a7d-4ab3-adbe-2e67760b87f4#0:FAIL-t350, f535bb4a-cba0-4f9b-9e3e-e4a48b3eda51<-c652e2ee-3322-4406-8db6-1ea643cb3197#0:FAIL-t350] and 0 exception(s); f535bb4a-cba0-4f9b-9e3e-e4a48b3eda51@group-7E32184879DE:t350, leader=null, voted=f535bb4a-cba0-4f9b-9e3e-e4a48b3eda51, raftlog=f535bb4a-cba0-4f9b-9e3e-e4a48b3eda51@group-7E32184879DE-SegmentedRaftLog:OPENED:c-1,f-1,i0, conf=-1: [f535bb4a-cba0-4f9b-9e3e-e4a48b3eda51:0.0.0.0:44706, 54aabb14-4a7d-4ab3-adbe-2e67760b87f4:0.0.0.0:43074, c652e2ee-3322-4406-8db6-1ea643cb3197:0.0.0.0:42129], old=null
2019-10-18 11:24:59,802 [f535bb4a-cba0-4f9b-9e3e-e4a48b3eda51@group-7E32184879DE-LeaderElection296] INFO  impl.RaftServerImpl (RaftServerImpl.java:setRole(184)) - f535bb4a-cba0-4f9b-9e3e-e4a48b3eda51@group-7E32184879DE: changes role from CANDIDATE to FOLLOWER at term 350 for DISCOVERED_A_NEW_TERM
2019-10-18 11:24:59,802 [f535bb4a-cba0-4f9b-9e3e-e4a48b3eda51@group-7E32184879DE-LeaderElection296] INFO  impl.RoleInfo (RoleInfo.java:shutdownLeaderElection(134)) - f535bb4a-cba0-4f9b-9e3e-e4a48b3eda51: shutdown LeaderElection
2019-10-18 11:24:59,803 [f535bb4a-cba0-4f9b-9e3e-e4a48b3eda51@group-7E32184879DE-LeaderElection296] INFO  impl.RoleInfo (RoleInfo.java:updateAndGet(143)) - f535bb4a-cba0-4f9b-9e3e-e4a48b3eda51: start FollowerState
2019-10-18 11:24:59,922 [Thread-2121] INFO  impl.FollowerState (FollowerState.java:run(108)) - f535bb4a-cba0-4f9b-9e3e-e4a48b3eda51@group-7E32184879DE-FollowerState: change to CANDIDATE, lastRpcTime:119ms, electionTimeout:119ms
2019-10-18 11:24:59,922 [Thread-2121] INFO  impl.RoleInfo (RoleInfo.java:shutdownFollowerState(121)) - f535bb4a-cba0-4f9b-9e3e-e4a48b3eda51: shutdown FollowerState
2019-10-18 11:24:59,922 [Thread-2121] INFO  impl.RaftServerImpl (RaftServerImpl.java:setRole(184)) - f535bb4a-cba0-4f9b-9e3e-e4a48b3eda51@group-7E32184879DE: changes role from  FOLLOWER to CANDIDATE at term 350 for changeToCandidate
2019-10-18 11:24:59,922 [Thread-2121] INFO  impl.RoleInfo (RoleInfo.java:updateAndGet(143)) - f535bb4a-cba0-4f9b-9e3e-e4a48b3eda51: start LeaderElection
2019-10-18 11:24:59,952 [f535bb4a-cba0-4f9b-9e3e-e4a48b3eda51@group-7E32184879DE-LeaderElection297] INFO  impl.LeaderElection (LeaderElection.java:askForVotes(178)) - f535bb4a-cba0-4f9b-9e3e-e4a48b3eda51@group-7E32184879DE-LeaderElection297: begin an election at term 351 for -1: [f535bb4a-cba0-4f9b-9e3e-e4a48b3eda51:0.0.0.0:44706, 54aabb14-4a7d-4ab3-adbe-2e67760b87f4:0.0.0.0:43074, c652e2ee-3322-4406-8db6-1ea643cb3197:0.0.0.0:42129], old=null
2019-10-18 11:24:59,954 [grpc-default-executor-1] INFO  impl.RaftServerImpl (RaftServerImpl.java:setRole(184)) - c652e2ee-3322-4406-8db6-1ea643cb3197@group-7E32184879DE: changes role from  FOLLOWER to FOLLOWER at term 351 for recognizeCandidate:f535bb4a-cba0-4f9b-9e3e-e4a48b3eda51
2019-10-18 11:24:59,954 [grpc-default-executor-0] INFO  impl.RaftServerImpl (RaftServerImpl.java:setRole(184)) - 54aabb14-4a7d-4ab3-adbe-2e67760b87f4@group-7E32184879DE: changes role from  FOLLOWER to FOLLOWER at term 351 for recognizeCandidate:f535bb4a-cba0-4f9b-9e3e-e4a48b3eda51
2019-10-18 11:24:59,954 [grpc-default-executor-1] INFO  impl.RoleInfo (RoleInfo.java:shutdownFollowerState(121)) - c652e2ee-3322-4406-8db6-1ea643cb3197: shutdown FollowerState
2019-10-18 11:24:59,954 [grpc-default-executor-0] INFO  impl.RoleInfo (RoleInfo.java:shutdownFollowerState(121)) - 54aabb14-4a7d-4ab3-adbe-2e67760b87f4: shutdown FollowerState
2019-10-18 11:24:59,954 [Thread-2120] INFO  impl.FollowerState (FollowerState.java:run(117)) - c652e2ee-3322-4406-8db6-1ea643cb3197@group-7E32184879DE-FollowerState was interrupted: java.lang.InterruptedException: sleep interrupted
2019-10-18 11:24:59,954 [grpc-default-executor-1] INFO  impl.RoleInfo (RoleInfo.java:updateAndGet(143)) - c652e2ee-3322-4406-8db6-1ea643cb3197: start FollowerState
2019-10-18 11:24:59,954 [Thread-2119] INFO  impl.FollowerState (FollowerState.java:run(117)) - 54aabb14-4a7d-4ab3-adbe-2e67760b87f4@group-7E32184879DE-FollowerState was interrupted: java.lang.InterruptedException: sleep interrupted
2019-10-18 11:24:59,954 [grpc-default-executor-0] INFO  impl.RoleInfo (RoleInfo.java:updateAndGet(143)) - 54aabb14-4a7d-4ab3-adbe-2e67760b87f4: start FollowerState
2019-10-18 11:24:59,978 [f535bb4a-cba0-4f9b-9e3e-e4a48b3eda51@group-7E32184879DE-LeaderElection297] INFO  impl.LeaderElection (LeaderElection.java:logAndReturn(56)) - f535bb4a-cba0-4f9b-9e3e-e4a48b3eda51@group-7E32184879DE-LeaderElection297: Election REJECTED; received 2 response(s) [f535bb4a-cba0-4f9b-9e3e-e4a48b3eda51<-54aabb14-4a7d-4ab3-adbe-2e67760b87f4#0:FAIL-t351, f535bb4a-cba0-4f9b-9e3e-e4a48b3eda51<-c652e2ee-3322-4406-8db6-1ea643cb3197#0:FAIL-t351] and 0 exception(s); f535bb4a-cba0-4f9b-9e3e-e4a48b3eda51@group-7E32184879DE:t351, leader=null, voted=f535bb4a-cba0-4f9b-9e3e-e4a48b3eda51, raftlog=f535bb4a-cba0-4f9b-9e3e-e4a48b3eda51@group-7E32184879DE-SegmentedRaftLog:OPENED:c-1,f-1,i0, conf=-1: [f535bb4a-cba0-4f9b-9e3e-e4a48b3eda51:0.0.0.0:44706, 54aabb14-4a7d-4ab3-adbe-2e67760b87f4:0.0.0.0:43074, c652e2ee-3322-4406-8db6-1ea643cb3197:0.0.0.0:42129], old=null
2019-10-18 11:24:59,978 [f535bb4a-cba0-4f9b-9e3e-e4a48b3eda51@group-7E32184879DE-LeaderElection297] INFO  impl.RaftServerImpl (RaftServerImpl.java:setRole(184)) - f535bb4a-cba0-4f9b-9e3e-e4a48b3eda51@group-7E32184879DE: changes role from CANDIDATE to FOLLOWER at term 351 for DISCOVERED_A_NEW_TERM
2019-10-18 11:24:59,978 [f535bb4a-cba0-4f9b-9e3e-e4a48b3eda51@group-7E32184879DE-LeaderElection297] INFO  impl.RoleInfo (RoleInfo.java:shutdownLeaderElection(134)) - f535bb4a-cba0-4f9b-9e3e-e4a48b3eda51: shutdown LeaderElection
2019-10-18 11:24:59,978 [f535bb4a-cba0-4f9b-9e3e-e4a48b3eda51@group-7E32184879DE-LeaderElection297] INFO  impl.RoleInfo (RoleInfo.java:updateAndGet(143)) - f535bb4a-cba0-4f9b-9e3e-e4a48b3eda51: start FollowerState
2019-10-18 11:25:00,028 [Thread-2127] INFO  impl.FollowerState (FollowerState.java:run(108)) - f535bb4a-cba0-4f9b-9e3e-e4a48b3eda51@group-7E32184879DE-FollowerState: change to CANDIDATE, lastRpcTime:50ms, electionTimeout:50ms
2019-10-18 11:25:00,029 [Thread-2127] INFO  impl.RoleInfo (RoleInfo.java:shutdownFollowerState(121)) - f535bb4a-cba0-4f9b-9e3e-e4a48b3eda51: shutdown FollowerState
2019-10-18 11:25:00,029 [Thread-2127] INFO  impl.RaftServerImpl (RaftServerImpl.java:setRole(184)) - f535bb4a-cba0-4f9b-9e3e-e4a48b3eda51@group-7E32184879DE: changes role from  FOLLOWER to CANDIDATE at term 351 for changeToCandidate
2019-10-18 11:25:00,029 [Thread-2127] INFO  impl.RoleInfo (RoleInfo.java:updateAndGet(143)) - f535bb4a-cba0-4f9b-9e3e-e4a48b3eda51: start LeaderElection
2019-10-18 11:25:00,053 [f535bb4a-cba0-4f9b-9e3e-e4a48b3eda51@group-7E32184879DE-LeaderElection298] INFO  impl.LeaderElection (LeaderElection.java:askForVotes(178)) - f535bb4a-cba0-4f9b-9e3e-e4a48b3eda51@group-7E32184879DE-LeaderElection298: begin an election at term 352 for -1: [f535bb4a-cba0-4f9b-9e3e-e4a48b3eda51:0.0.0.0:44706, 54aabb14-4a7d-4ab3-adbe-2e67760b87f4:0.0.0.0:43074, c652e2ee-3322-4406-8db6-1ea643cb3197:0.0.0.0:42129], old=null
2019-10-18 11:25:00,055 [grpc-default-executor-0] INFO  impl.RaftServerImpl (RaftServerImpl.java:setRole(184)) - c652e2ee-3322-4406-8db6-1ea643cb3197@group-7E32184879DE: changes role from  FOLLOWER to FOLLOWER at term 352 for recognizeCandidate:f535bb4a-cba0-4f9b-9e3e-e4a48b3eda51
2019-10-18 11:25:00,055 [grpc-default-executor-1] INFO  impl.RaftServerImpl (RaftServerImpl.java:setRole(184)) - 54aabb14-4a7d-4ab3-adbe-2e67760b87f4@group-7E32184879DE: changes role from  FOLLOWER to FOLLOWER at term 352 for recognizeCandidate:f535bb4a-cba0-4f9b-9e3e-e4a48b3eda51
2019-10-18 11:25:00,055 [grpc-default-executor-1] INFO  impl.RoleInfo (RoleInfo.java:shutdownFollowerState(121)) - 54aabb14-4a7d-4ab3-adbe-2e67760b87f4: shutdown FollowerState
2019-10-18 11:25:00,055 [grpc-default-executor-0] INFO  impl.RoleInfo (RoleInfo.java:shutdownFollowerState(121)) - c652e2ee-3322-4406-8db6-1ea643cb3197: shutdown FollowerState
2019-10-18 11:25:00,055 [Thread-2126] INFO  impl.FollowerState (FollowerState.java:run(117)) - 54aabb14-4a7d-4ab3-adbe-2e67760b87f4@group-7E32184879DE-FollowerState was interrupted: java.lang.InterruptedException: sleep interrupted
2019-10-18 11:25:00,055 [grpc-default-executor-1] INFO  impl.RoleInfo (RoleInfo.java:updateAndGet(143)) - 54aabb14-4a7d-4ab3-adbe-2e67760b87f4: start FollowerState
2019-10-18 11:25:00,055 [Thread-2125] INFO  impl.FollowerState (FollowerState.java:run(117)) - c652e2ee-3322-4406-8db6-1ea643cb3197@group-7E32184879DE-FollowerState was interrupted: java.lang.InterruptedException: sleep interrupted
2019-10-18 11:25:00,055 [grpc-default-executor-0] INFO  impl.RoleInfo (RoleInfo.java:updateAndGet(143)) - c652e2ee-3322-4406-8db6-1ea643cb3197: start FollowerState
2019-10-18 11:25:00,079 [f535bb4a-cba0-4f9b-9e3e-e4a48b3eda51@group-7E32184879DE-LeaderElection298] INFO  impl.LeaderElection (LeaderElection.java:logAndReturn(56)) - f535bb4a-cba0-4f9b-9e3e-e4a48b3eda51@group-7E32184879DE-LeaderElection298: Election REJECTED; received 2 response(s) [f535bb4a-cba0-4f9b-9e3e-e4a48b3eda51<-54aabb14-4a7d-4ab3-adbe-2e67760b87f4#0:FAIL-t352, f535bb4a-cba0-4f9b-9e3e-e4a48b3eda51<-c652e2ee-3322-4406-8db6-1ea643cb3197#0:FAIL-t352] and 0 exception(s); f535bb4a-cba0-4f9b-9e3e-e4a48b3eda51@group-7E32184879DE:t352, leader=null, voted=f535bb4a-cba0-4f9b-9e3e-e4a48b3eda51, raftlog=f535bb4a-cba0-4f9b-9e3e-e4a48b3eda51@group-7E32184879DE-SegmentedRaftLog:OPENED:c-1,f-1,i0, conf=-1: [f535bb4a-cba0-4f9b-9e3e-e4a48b3eda51:0.0.0.0:44706, 54aabb14-4a7d-4ab3-adbe-2e67760b87f4:0.0.0.0:43074, c652e2ee-3322-4406-8db6-1ea643cb3197:0.0.0.0:42129], old=null
2019-10-18 11:25:00,079 [f535bb4a-cba0-4f9b-9e3e-e4a48b3eda51@group-7E32184879DE-LeaderElection298] INFO  impl.RaftServerImpl (RaftServerImpl.java:setRole(184)) - f535bb4a-cba0-4f9b-9e3e-e4a48b3eda51@group-7E32184879DE: changes role from CANDIDATE to FOLLOWER at term 352 for DISCOVERED_A_NEW_TERM
2019-10-18 11:25:00,079 [f535bb4a-cba0-4f9b-9e3e-e4a48b3eda51@group-7E32184879DE-LeaderElection298] INFO  impl.RoleInfo (RoleInfo.java:shutdownLeaderElection(134)) - f535bb4a-cba0-4f9b-9e3e-e4a48b3eda51: shutdown LeaderElection
2019-10-18 11:25:00,079 [f535bb4a-cba0-4f9b-9e3e-e4a48b3eda51@group-7E32184879DE-LeaderElection298] INFO  impl.RoleInfo (RoleInfo.java:updateAndGet(143)) - f535bb4a-cba0-4f9b-9e3e-e4a48b3eda51: start FollowerState
2019-10-18 11:25:00,165 [Thread-2133] INFO  impl.FollowerState (FollowerState.java:run(108)) - f535bb4a-cba0-4f9b-9e3e-e4a48b3eda51@group-7E32184879DE-FollowerState: change to CANDIDATE, lastRpcTime:85ms, electionTimeout:85ms
2019-10-18 11:25:00,165 [Thread-2133] INFO  impl.RoleInfo (RoleInfo.java:shutdownFollowerState(121)) - f535bb4a-cba0-4f9b-9e3e-e4a48b3eda51: shutdown FollowerState
2019-10-18 11:25:00,165 [Thread-2133] INFO  impl.RaftServerImpl (RaftServerImpl.java:setRole(184)) - f535bb4a-cba0-4f9b-9e3e-e4a48b3eda51@group-7E32184879DE: changes role from  FOLLOWER to CANDIDATE at term 352 for changeToCandidate
2019-10-18 11:25:00,165 [Thread-2133] INFO  impl.RoleInfo (RoleInfo.java:updateAndGet(143)) - f535bb4a-cba0-4f9b-9e3e-e4a48b3eda51: start LeaderElection
2019-10-18 11:25:00,196 [f535bb4a-cba0-4f9b-9e3e-e4a48b3eda51@group-7E32184879DE-LeaderElection299] INFO  impl.LeaderElection (LeaderElection.java:askForVotes(178)) - f535bb4a-cba0-4f9b-9e3e-e4a48b3eda51@group-7E32184879DE-LeaderElection299: begin an election at term 353 for -1: [f535bb4a-cba0-4f9b-9e3e-e4a48b3eda51:0.0.0.0:44706, 54aabb14-4a7d-4ab3-adbe-2e67760b87f4:0.0.0.0:43074, c652e2ee-3322-4406-8db6-1ea643cb3197:0.0.0.0:42129], old=null
2019-10-18 11:25:00,198 [grpc-default-executor-0] INFO  impl.RaftServerImpl (RaftServerImpl.java:setRole(184)) - 54aabb14-4a7d-4ab3-adbe-2e67760b87f4@group-7E32184879DE: changes role from  FOLLOWER to FOLLOWER at term 353 for recognizeCandidate:f535bb4a-cba0-4f9b-9e3e-e4a48b3eda51
2019-10-18 11:25:00,198 [grpc-default-executor-1] INFO  impl.RaftServerImpl (RaftServerImpl.java:setRole(184)) - c652e2ee-3322-4406-8db6-1ea643cb3197@group-7E32184879DE: changes role from  FOLLOWER to FOLLOWER at term 353 for recognizeCandidate:f535bb4a-cba0-4f9b-9e3e-e4a48b3eda51
2019-10-18 11:25:00,199 [grpc-default-executor-0] INFO  impl.RoleInfo (RoleInfo.java:shutdownFollowerState(121)) - 54aabb14-4a7d-4ab3-adbe-2e67760b87f4: shutdown FollowerState
2019-10-18 11:25:00,199 [grpc-default-executor-1] INFO  impl.RoleInfo (RoleInfo.java:shutdownFollowerState(121)) - c652e2ee-3322-4406-8db6-1ea643cb3197: shutdown FollowerState
2019-10-18 11:25:00,199 [Thread-2131] INFO  impl.FollowerState (FollowerState.java:run(117)) - 54aabb14-4a7d-4ab3-adbe-2e67760b87f4@group-7E32184879DE-FollowerState was interrupted: java.lang.InterruptedException: sleep interrupted
2019-10-18 11:25:00,199 [Thread-2132] INFO  impl.FollowerState (FollowerState.java:run(117)) - c652e2ee-3322-4406-8db6-1ea643cb3197@group-7E32184879DE-FollowerState was interrupted: java.lang.InterruptedException: sleep interrupted
2019-10-18 11:25:00,199 [grpc-default-executor-0] INFO  impl.RoleInfo (RoleInfo.java:updateAndGet(143)) - 54aabb14-4a7d-4ab3-adbe-2e67760b87f4: start FollowerState
2019-10-18 11:25:00,199 [grpc-default-executor-1] INFO  impl.RoleInfo (RoleInfo.java:updateAndGet(143)) - c652e2ee-3322-4406-8db6-1ea643cb3197: start FollowerState
2019-10-18 11:25:00,222 [f535bb4a-cba0-4f9b-9e3e-e4a48b3eda51@group-7E32184879DE-LeaderElection299] INFO  impl.LeaderElection (LeaderElection.java:logAndReturn(56)) - f535bb4a-cba0-4f9b-9e3e-e4a48b3eda51@group-7E32184879DE-LeaderElection299: Election REJECTED; received 2 response(s) [f535bb4a-cba0-4f9b-9e3e-e4a48b3eda51<-54aabb14-4a7d-4ab3-adbe-2e67760b87f4#0:FAIL-t353, f535bb4a-cba0-4f9b-9e3e-e4a48b3eda51<-c652e2ee-3322-4406-8db6-1ea643cb3197#0:FAIL-t353] and 0 exception(s); f535bb4a-cba0-4f9b-9e3e-e4a48b3eda51@group-7E32184879DE:t353, leader=null, voted=f535bb4a-cba0-4f9b-9e3e-e4a48b3eda51, raftlog=f535bb4a-cba0-4f9b-9e3e-e4a48b3eda51@group-7E32184879DE-SegmentedRaftLog:OPENED:c-1,f-1,i0, conf=-1: [f535bb4a-cba0-4f9b-9e3e-e4a48b3eda51:0.0.0.0:44706, 54aabb14-4a7d-4ab3-adbe-2e67760b87f4:0.0.0.0:43074, c652e2ee-3322-4406-8db6-1ea643cb3197:0.0.0.0:42129], old=null
2019-10-18 11:25:00,222 [f535bb4a-cba0-4f9b-9e3e-e4a48b3eda51@group-7E32184879DE-LeaderElection299] INFO  impl.RaftServerImpl (RaftServerImpl.java:setRole(184)) - f535bb4a-cba0-4f9b-9e3e-e4a48b3eda51@group-7E32184879DE: changes role from CANDIDATE to FOLLOWER at term 353 for DISCOVERED_A_NEW_TERM
2019-10-18 11:25:00,223 [f535bb4a-cba0-4f9b-9e3e-e4a48b3eda51@group-7E32184879DE-LeaderElection299] INFO  impl.RoleInfo (RoleInfo.java:shutdownLeaderElection(134)) - f535bb4a-cba0-4f9b-9e3e-e4a48b3eda51: shutdown LeaderElection
2019-10-18 11:25:00,223 [f535bb4a-cba0-4f9b-9e3e-e4a48b3eda51@group-7E32184879DE-LeaderElection299] INFO  impl.RoleInfo (RoleInfo.java:updateAndGet(143)) - f535bb4a-cba0-4f9b-9e3e-e4a48b3eda51: start FollowerState
2019-10-18 11:25:00,352 [Thread-2139] INFO  impl.FollowerState (FollowerState.java:run(108)) - f535bb4a-cba0-4f9b-9e3e-e4a48b3eda51@group-7E32184879DE-FollowerState: change to CANDIDATE, lastRpcTime:129ms, electionTimeout:129ms
2019-10-18 11:25:00,352 [Thread-2139] INFO  impl.RoleInfo (RoleInfo.java:shutdownFollowerState(121)) - f535bb4a-cba0-4f9b-9e3e-e4a48b3eda51: shutdown FollowerState
2019-10-18 11:25:00,352 [Thread-2139] INFO  impl.RaftServerImpl (RaftServerImpl.java:setRole(184)) - f535bb4a-cba0-4f9b-9e3e-e4a48b3eda51@group-7E32184879DE: changes role from  FOLLOWER to CANDIDATE at term 353 for changeToCandidate
2019-10-18 11:25:00,353 [Thread-2139] INFO  impl.RoleInfo (RoleInfo.java:updateAndGet(143)) - f535bb4a-cba0-4f9b-9e3e-e4a48b3eda51: start LeaderElection
2019-10-18 11:25:00,380 [f535bb4a-cba0-4f9b-9e3e-e4a48b3eda51@group-7E32184879DE-LeaderElection300] INFO  impl.LeaderElection (LeaderElection.java:askForVotes(178)) - f535bb4a-cba0-4f9b-9e3e-e4a48b3eda51@group-7E32184879DE-LeaderElection300: begin an election at term 354 for -1: [f535bb4a-cba0-4f9b-9e3e-e4a48b3eda51:0.0.0.0:44706, 54aabb14-4a7d-4ab3-adbe-2e67760b87f4:0.0.0.0:43074, c652e2ee-3322-4406-8db6-1ea643cb3197:0.0.0.0:42129], old=null
2019-10-18 11:25:00,382 [grpc-default-executor-0] INFO  impl.RaftServerImpl (RaftServerImpl.java:setRole(184)) - 54aabb14-4a7d-4ab3-adbe-2e67760b87f4@group-7E32184879DE: changes role from  FOLLOWER to FOLLOWER at term 354 for recognizeCandidate:f535bb4a-cba0-4f9b-9e3e-e4a48b3eda51
2019-10-18 11:25:00,382 [grpc-default-executor-0] INFO  impl.RoleInfo (RoleInfo.java:shutdownFollowerState(121)) - 54aabb14-4a7d-4ab3-adbe-2e67760b87f4: shutdown FollowerState
2019-10-18 11:25:00,383 [grpc-default-executor-0] INFO  impl.RoleInfo (RoleInfo.java:updateAndGet(143)) - 54aabb14-4a7d-4ab3-adbe-2e67760b87f4: start FollowerState
2019-10-18 11:25:00,383 [Thread-2137] INFO  impl.FollowerState (FollowerState.java:run(117)) - 54aabb14-4a7d-4ab3-adbe-2e67760b87f4@group-7E32184879DE-FollowerState was interrupted: java.lang.InterruptedException: sleep interrupted
2019-10-18 11:25:00,383 [grpc-default-executor-1] INFO  impl.RaftServerImpl (RaftServerImpl.java:setRole(184)) - c652e2ee-3322-4406-8db6-1ea643cb3197@group-7E32184879DE: changes role from  FOLLOWER to FOLLOWER at term 354 for recognizeCandidate:f535bb4a-cba0-4f9b-9e3e-e4a48b3eda51
2019-10-18 11:25:00,383 [grpc-default-executor-1] INFO  impl.RoleInfo (RoleInfo.java:shutdownFollowerState(121)) - c652e2ee-3322-4406-8db6-1ea643cb3197: shutdown FollowerState
2019-10-18 11:25:00,384 [grpc-default-executor-1] INFO  impl.RoleInfo (RoleInfo.java:updateAndGet(143)) - c652e2ee-3322-4406-8db6-1ea643cb3197: start FollowerState
2019-10-18 11:25:00,384 [Thread-2138] INFO  impl.FollowerState (FollowerState.java:run(117)) - c652e2ee-3322-4406-8db6-1ea643cb3197@group-7E32184879DE-FollowerState was interrupted: java.lang.InterruptedException: sleep interrupted
2019-10-18 11:25:00,406 [f535bb4a-cba0-4f9b-9e3e-e4a48b3eda51@group-7E32184879DE-LeaderElection300] INFO  impl.LeaderElection (LeaderElection.java:logAndReturn(56)) - f535bb4a-cba0-4f9b-9e3e-e4a48b3eda51@group-7E32184879DE-LeaderElection300: Election REJECTED; received 2 response(s) [f535bb4a-cba0-4f9b-9e3e-e4a48b3eda51<-54aabb14-4a7d-4ab3-adbe-2e67760b87f4#0:FAIL-t354, f535bb4a-cba0-4f9b-9e3e-e4a48b3eda51<-c652e2ee-3322-4406-8db6-1ea643cb3197#0:FAIL-t354] and 0 exception(s); f535bb4a-cba0-4f9b-9e3e-e4a48b3eda51@group-7E32184879DE:t354, leader=null, voted=f535bb4a-cba0-4f9b-9e3e-e4a48b3eda51, raftlog=f535bb4a-cba0-4f9b-9e3e-e4a48b3eda51@group-7E32184879DE-SegmentedRaftLog:OPENED:c-1,f-1,i0, conf=-1: [f535bb4a-cba0-4f9b-9e3e-e4a48b3eda51:0.0.0.0:44706, 54aabb14-4a7d-4ab3-adbe-2e67760b87f4:0.0.0.0:43074, c652e2ee-3322-4406-8db6-1ea643cb3197:0.0.0.0:42129], old=null
2019-10-18 11:25:00,407 [f535bb4a-cba0-4f9b-9e3e-e4a48b3eda51@group-7E32184879DE-LeaderElection300] INFO  impl.RaftServerImpl (RaftServerImpl.java:setRole(184)) - f535bb4a-cba0-4f9b-9e3e-e4a48b3eda51@group-7E32184879DE: changes role from CANDIDATE to FOLLOWER at term 354 for DISCOVERED_A_NEW_TERM
2019-10-18 11:25:00,407 [f535bb4a-cba0-4f9b-9e3e-e4a48b3eda51@group-7E32184879DE-LeaderElection300] INFO  impl.RoleInfo (RoleInfo.java:shutdownLeaderElection(134)) - f535bb4a-cba0-4f9b-9e3e-e4a48b3eda51: shutdown LeaderElection
2019-10-18 11:25:00,407 [f535bb4a-cba0-4f9b-9e3e-e4a48b3eda51@group-7E32184879DE-LeaderElection300] INFO  impl.RoleInfo (RoleInfo.java:updateAndGet(143)) - f535bb4a-cba0-4f9b-9e3e-e4a48b3eda51: start FollowerState
2019-10-18 11:25:00,520 [Thread-2147] INFO  impl.FollowerState (FollowerState.java:run(108)) - f535bb4a-cba0-4f9b-9e3e-e4a48b3eda51@group-7E32184879DE-FollowerState: change to CANDIDATE, lastRpcTime:113ms, electionTimeout:113ms
2019-10-18 11:25:00,521 [Thread-2147] INFO  impl.RoleInfo (RoleInfo.java:shutdownFollowerState(121)) - f535bb4a-cba0-4f9b-9e3e-e4a48b3eda51: shutdown FollowerState
2019-10-18 11:25:00,521 [Thread-2147] INFO  impl.RaftServerImpl (RaftServerImpl.java:setRole(184)) - f535bb4a-cba0-4f9b-9e3e-e4a48b3eda51@group-7E32184879DE: changes role from  FOLLOWER to CANDIDATE at term 354 for changeToCandidate
2019-10-18 11:25:00,521 [Thread-2147] INFO  impl.RoleInfo (RoleInfo.java:updateAndGet(143)) - f535bb4a-cba0-4f9b-9e3e-e4a48b3eda51: start LeaderElection
2019-10-18 11:25:00,548 [f535bb4a-cba0-4f9b-9e3e-e4a48b3eda51@group-7E32184879DE-LeaderElection301] INFO  impl.LeaderElection (LeaderElection.java:askForVotes(178)) - f535bb4a-cba0-4f9b-9e3e-e4a48b3eda51@group-7E32184879DE-LeaderElection301: begin an election at term 355 for -1: [f535bb4a-cba0-4f9b-9e3e-e4a48b3eda51:0.0.0.0:44706, 54aabb14-4a7d-4ab3-adbe-2e67760b87f4:0.0.0.0:43074, c652e2ee-3322-4406-8db6-1ea643cb3197:0.0.0.0:42129], old=null
2019-10-18 11:25:00,550 [grpc-default-executor-0] INFO  impl.RaftServerImpl (RaftServerImpl.java:setRole(184)) - c652e2ee-3322-4406-8db6-1ea643cb3197@group-7E32184879DE: changes role from  FOLLOWER to FOLLOWER at term 355 for recognizeCandidate:f535bb4a-cba0-4f9b-9e3e-e4a48b3eda51
2019-10-18 11:25:00,550 [grpc-default-executor-1] INFO  impl.RaftServerImpl (RaftServerImpl.java:setRole(184)) - 54aabb14-4a7d-4ab3-adbe-2e67760b87f4@group-7E32184879DE: changes role from  FOLLOWER to FOLLOWER at term 355 for recognizeCandidate:f535bb4a-cba0-4f9b-9e3e-e4a48b3eda51
2019-10-18 11:25:00,550 [grpc-default-executor-0] INFO  impl.RoleInfo (RoleInfo.java:shutdownFollowerState(121)) - c652e2ee-3322-4406-8db6-1ea643cb3197: shutdown FollowerState
2019-10-18 11:25:00,550 [grpc-default-executor-1] INFO  impl.RoleInfo (RoleInfo.java:shutdownFollowerState(121)) - 54aabb14-4a7d-4ab3-adbe-2e67760b87f4: shutdown FollowerState
2019-10-18 11:25:00,551 [Thread-2145] INFO  impl.FollowerState (FollowerState.java:run(117)) - c652e2ee-3322-4406-8db6-1ea643cb3197@group-7E32184879DE-FollowerState was interrupted: java.lang.InterruptedException: sleep interrupted
2019-10-18 11:25:00,551 [grpc-default-executor-0] INFO  impl.RoleInfo (RoleInfo.java:updateAndGet(143)) - c652e2ee-3322-4406-8db6-1ea643cb3197: start FollowerState
2019-10-18 11:25:00,551 [Thread-2144] INFO  impl.FollowerState (FollowerState.java:run(117)) - 54aabb14-4a7d-4ab3-adbe-2e67760b87f4@group-7E32184879DE-FollowerState was interrupted: java.lang.InterruptedException: sleep interrupted
2019-10-18 11:25:00,551 [grpc-default-executor-1] INFO  impl.RoleInfo (RoleInfo.java:updateAndGet(143)) - 54aabb14-4a7d-4ab3-adbe-2e67760b87f4: start FollowerState
2019-10-18 11:25:00,574 [f535bb4a-cba0-4f9b-9e3e-e4a48b3eda51@group-7E32184879DE-LeaderElection301] INFO  impl.LeaderElection (LeaderElection.java:logAndReturn(56)) - f535bb4a-cba0-4f9b-9e3e-e4a48b3eda51@group-7E32184879DE-LeaderElection301: Election REJECTED; received 2 response(s) [f535bb4a-cba0-4f9b-9e3e-e4a48b3eda51<-54aabb14-4a7d-4ab3-adbe-2e67760b87f4#0:FAIL-t355, f535bb4a-cba0-4f9b-9e3e-e4a48b3eda51<-c652e2ee-3322-4406-8db6-1ea643cb3197#0:FAIL-t355] and 0 exception(s); f535bb4a-cba0-4f9b-9e3e-e4a48b3eda51@group-7E32184879DE:t355, leader=null, voted=f535bb4a-cba0-4f9b-9e3e-e4a48b3eda51, raftlog=f535bb4a-cba0-4f9b-9e3e-e4a48b3eda51@group-7E32184879DE-SegmentedRaftLog:OPENED:c-1,f-1,i0, conf=-1: [f535bb4a-cba0-4f9b-9e3e-e4a48b3eda51:0.0.0.0:44706, 54aabb14-4a7d-4ab3-adbe-2e67760b87f4:0.0.0.0:43074, c652e2ee-3322-4406-8db6-1ea643cb3197:0.0.0.0:42129], old=null
2019-10-18 11:25:00,574 [f535bb4a-cba0-4f9b-9e3e-e4a48b3eda51@group-7E32184879DE-LeaderElection301] INFO  impl.RaftServerImpl (RaftServerImpl.java:setRole(184)) - f535bb4a-cba0-4f9b-9e3e-e4a48b3eda51@group-7E32184879DE: changes role from CANDIDATE to FOLLOWER at term 355 for DISCOVERED_A_NEW_TERM
2019-10-18 11:25:00,574 [f535bb4a-cba0-4f9b-9e3e-e4a48b3eda51@group-7E32184879DE-LeaderElection301] INFO  impl.RoleInfo (RoleInfo.java:shutdownLeaderElection(134)) - f535bb4a-cba0-4f9b-9e3e-e4a48b3eda51: shutdown LeaderElection
2019-10-18 11:25:00,574 [f535bb4a-cba0-4f9b-9e3e-e4a48b3eda51@group-7E32184879DE-LeaderElection301] INFO  impl.RoleInfo (RoleInfo.java:updateAndGet(143)) - f535bb4a-cba0-4f9b-9e3e-e4a48b3eda51: start FollowerState
2019-10-18 11:25:00,654 [Thread-2153] INFO  impl.FollowerState (FollowerState.java:run(108)) - f535bb4a-cba0-4f9b-9e3e-e4a48b3eda51@group-7E32184879DE-FollowerState: change to CANDIDATE, lastRpcTime:79ms, electionTimeout:79ms
2019-10-18 11:25:00,654 [Thread-2153] INFO  impl.RoleInfo (RoleInfo.java:shutdownFollowerState(121)) - f535bb4a-cba0-4f9b-9e3e-e4a48b3eda51: shutdown FollowerState
2019-10-18 11:25:00,654 [Thread-2153] INFO  impl.RaftServerImpl (RaftServerImpl.java:setRole(184)) - f535bb4a-cba0-4f9b-9e3e-e4a48b3eda51@group-7E32184879DE: changes role from  FOLLOWER to CANDIDATE at term 355 for changeToCandidate
2019-10-18 11:25:00,654 [Thread-2153] INFO  impl.RoleInfo (RoleInfo.java:updateAndGet(143)) - f535bb4a-cba0-4f9b-9e3e-e4a48b3eda51: start LeaderElection
2019-10-18 11:25:00,682 [f535bb4a-cba0-4f9b-9e3e-e4a48b3eda51@group-7E32184879DE-LeaderElection302] INFO  impl.LeaderElection (LeaderElection.java:askForVotes(178)) - f535bb4a-cba0-4f9b-9e3e-e4a48b3eda51@group-7E32184879DE-LeaderElection302: begin an election at term 356 for -1: [f535bb4a-cba0-4f9b-9e3e-e4a48b3eda51:0.0.0.0:44706, 54aabb14-4a7d-4ab3-adbe-2e67760b87f4:0.0.0.0:43074, c652e2ee-3322-4406-8db6-1ea643cb3197:0.0.0.0:42129], old=null
2019-10-18 11:25:00,683 [grpc-default-executor-1] INFO  impl.RaftServerImpl (RaftServerImpl.java:setRole(184)) - 54aabb14-4a7d-4ab3-adbe-2e67760b87f4@group-7E32184879DE: changes role from  FOLLOWER to FOLLOWER at term 356 for recognizeCandidate:f535bb4a-cba0-4f9b-9e3e-e4a48b3eda51
2019-10-18 11:25:00,683 [grpc-default-executor-1] INFO  impl.RoleInfo (RoleInfo.java:shutdownFollowerState(121)) - 54aabb14-4a7d-4ab3-adbe-2e67760b87f4: shutdown FollowerState
2019-10-18 11:25:00,683 [grpc-default-executor-1] INFO  impl.RoleInfo (RoleInfo.java:updateAndGet(143)) - 54aabb14-4a7d-4ab3-adbe-2e67760b87f4: start FollowerState
2019-10-18 11:25:00,684 [Thread-2152] INFO  impl.FollowerState (FollowerState.java:run(117)) - 54aabb14-4a7d-4ab3-adbe-2e67760b87f4@group-7E32184879DE-FollowerState was interrupted: java.lang.InterruptedException: sleep interrupted
2019-10-18 11:25:00,684 [grpc-default-executor-0] INFO  impl.RaftServerImpl (RaftServerImpl.java:setRole(184)) - c652e2ee-3322-4406-8db6-1ea643cb3197@group-7E32184879DE: changes role from  FOLLOWER to FOLLOWER at term 356 for recognizeCandidate:f535bb4a-cba0-4f9b-9e3e-e4a48b3eda51
2019-10-18 11:25:00,684 [grpc-default-executor-0] INFO  impl.RoleInfo (RoleInfo.java:shutdownFollowerState(121)) - c652e2ee-3322-4406-8db6-1ea643cb3197: shutdown FollowerState
2019-10-18 11:25:00,684 [grpc-default-executor-0] INFO  impl.RoleInfo (RoleInfo.java:updateAndGet(143)) - c652e2ee-3322-4406-8db6-1ea643cb3197: start FollowerState
2019-10-18 11:25:00,684 [Thread-2151] INFO  impl.FollowerState (FollowerState.java:run(117)) - c652e2ee-3322-4406-8db6-1ea643cb3197@group-7E32184879DE-FollowerState was interrupted: java.lang.InterruptedException: sleep interrupted
2019-10-18 11:25:00,708 [f535bb4a-cba0-4f9b-9e3e-e4a48b3eda51@group-7E32184879DE-LeaderElection302] INFO  impl.LeaderElection (LeaderElection.java:logAndReturn(56)) - f535bb4a-cba0-4f9b-9e3e-e4a48b3eda51@group-7E32184879DE-LeaderElection302: Election REJECTED; received 2 response(s) [f535bb4a-cba0-4f9b-9e3e-e4a48b3eda51<-54aabb14-4a7d-4ab3-adbe-2e67760b87f4#0:FAIL-t356, f535bb4a-cba0-4f9b-9e3e-e4a48b3eda51<-c652e2ee-3322-4406-8db6-1ea643cb3197#0:FAIL-t356] and 0 exception(s); f535bb4a-cba0-4f9b-9e3e-e4a48b3eda51@group-7E32184879DE:t356, leader=null, voted=f535bb4a-cba0-4f9b-9e3e-e4a48b3eda51, raftlog=f535bb4a-cba0-4f9b-9e3e-e4a48b3eda51@group-7E32184879DE-SegmentedRaftLog:OPENED:c-1,f-1,i0, conf=-1: [f535bb4a-cba0-4f9b-9e3e-e4a48b3eda51:0.0.0.0:44706, 54aabb14-4a7d-4ab3-adbe-2e67760b87f4:0.0.0.0:43074, c652e2ee-3322-4406-8db6-1ea643cb3197:0.0.0.0:42129], old=null
2019-10-18 11:25:00,708 [f535bb4a-cba0-4f9b-9e3e-e4a48b3eda51@group-7E32184879DE-LeaderElection302] INFO  impl.RaftServerImpl (RaftServerImpl.java:setRole(184)) - f535bb4a-cba0-4f9b-9e3e-e4a48b3eda51@group-7E32184879DE: changes role from CANDIDATE to FOLLOWER at term 356 for DISCOVERED_A_NEW_TERM
2019-10-18 11:25:00,708 [f535bb4a-cba0-4f9b-9e3e-e4a48b3eda51@group-7E32184879DE-LeaderElection302] INFO  impl.RoleInfo (RoleInfo.java:shutdownLeaderElection(134)) - f535bb4a-cba0-4f9b-9e3e-e4a48b3eda51: shutdown LeaderElection
2019-10-18 11:25:00,708 [f535bb4a-cba0-4f9b-9e3e-e4a48b3eda51@group-7E32184879DE-LeaderElection302] INFO  impl.RoleInfo (RoleInfo.java:updateAndGet(143)) - f535bb4a-cba0-4f9b-9e3e-e4a48b3eda51: start FollowerState
2019-10-18 11:25:00,771 [Thread-2159] INFO  impl.FollowerState (FollowerState.java:run(108)) - f535bb4a-cba0-4f9b-9e3e-e4a48b3eda51@group-7E32184879DE-FollowerState: change to CANDIDATE, lastRpcTime:63ms, electionTimeout:63ms
2019-10-18 11:25:00,772 [Thread-2159] INFO  impl.RoleInfo (RoleInfo.java:shutdownFollowerState(121)) - f535bb4a-cba0-4f9b-9e3e-e4a48b3eda51: shutdown FollowerState
2019-10-18 11:25:00,772 [Thread-2159] INFO  impl.RaftServerImpl (RaftServerImpl.java:setRole(184)) - f535bb4a-cba0-4f9b-9e3e-e4a48b3eda51@group-7E32184879DE: changes role from  FOLLOWER to CANDIDATE at term 356 for changeToCandidate
2019-10-18 11:25:00,772 [Thread-2159] INFO  impl.RoleInfo (RoleInfo.java:updateAndGet(143)) - f535bb4a-cba0-4f9b-9e3e-e4a48b3eda51: start LeaderElection
2019-10-18 11:25:00,799 [f535bb4a-cba0-4f9b-9e3e-e4a48b3eda51@group-7E32184879DE-LeaderElection303] INFO  impl.LeaderElection (LeaderElection.java:askForVotes(178)) - f535bb4a-cba0-4f9b-9e3e-e4a48b3eda51@group-7E32184879DE-LeaderElection303: begin an election at term 357 for -1: [f535bb4a-cba0-4f9b-9e3e-e4a48b3eda51:0.0.0.0:44706, 54aabb14-4a7d-4ab3-adbe-2e67760b87f4:0.0.0.0:43074, c652e2ee-3322-4406-8db6-1ea643cb3197:0.0.0.0:42129], old=null
2019-10-18 11:25:00,801 [grpc-default-executor-0] INFO  impl.RaftServerImpl (RaftServerImpl.java:setRole(184)) - 54aabb14-4a7d-4ab3-adbe-2e67760b87f4@group-7E32184879DE: changes role from  FOLLOWER to FOLLOWER at term 357 for recognizeCandidate:f535bb4a-cba0-4f9b-9e3e-e4a48b3eda51
2019-10-18 11:25:00,801 [grpc-default-executor-0] INFO  impl.RoleInfo (RoleInfo.java:shutdownFollowerState(121)) - 54aabb14-4a7d-4ab3-adbe-2e67760b87f4: shutdown FollowerState
2019-10-18 11:25:00,801 [grpc-default-executor-0] INFO  impl.RoleInfo (RoleInfo.java:updateAndGet(143)) - 54aabb14-4a7d-4ab3-adbe-2e67760b87f4: start FollowerState
2019-10-18 11:25:00,801 [Thread-2157] INFO  impl.FollowerState (FollowerState.java:run(117)) - 54aabb14-4a7d-4ab3-adbe-2e67760b87f4@group-7E32184879DE-FollowerState was interrupted: java.lang.InterruptedException: sleep interrupted
2019-10-18 11:25:00,801 [grpc-default-executor-1] INFO  impl.RaftServerImpl (RaftServerImpl.java:setRole(184)) - c652e2ee-3322-4406-8db6-1ea643cb3197@group-7E32184879DE: changes role from  FOLLOWER to FOLLOWER at term 357 for recognizeCandidate:f535bb4a-cba0-4f9b-9e3e-e4a48b3eda51
2019-10-18 11:25:00,801 [grpc-default-executor-1] INFO  impl.RoleInfo (RoleInfo.java:shutdownFollowerState(121)) - c652e2ee-3322-4406-8db6-1ea643cb3197: shutdown FollowerState
2019-10-18 11:25:00,801 [grpc-default-executor-1] INFO  impl.RoleInfo (RoleInfo.java:updateAndGet(143)) - c652e2ee-3322-4406-8db6-1ea643cb3197: start FollowerState
2019-10-18 11:25:00,801 [Thread-2158] INFO  impl.FollowerState (FollowerState.java:run(117)) - c652e2ee-3322-4406-8db6-1ea643cb3197@group-7E32184879DE-FollowerState was interrupted: java.lang.InterruptedException: sleep interrupted
2019-10-18 11:25:00,825 [f535bb4a-cba0-4f9b-9e3e-e4a48b3eda51@group-7E32184879DE-LeaderElection303] INFO  impl.LeaderElection (LeaderElection.java:logAndReturn(56)) - f535bb4a-cba0-4f9b-9e3e-e4a48b3eda51@group-7E32184879DE-LeaderElection303: Election REJECTED; received 2 response(s) [f535bb4a-cba0-4f9b-9e3e-e4a48b3eda51<-54aabb14-4a7d-4ab3-adbe-2e67760b87f4#0:FAIL-t357, f535bb4a-cba0-4f9b-9e3e-e4a48b3eda51<-c652e2ee-3322-4406-8db6-1ea643cb3197#0:FAIL-t357] and 0 exception(s); f535bb4a-cba0-4f9b-9e3e-e4a48b3eda51@group-7E32184879DE:t357, leader=null, voted=f535bb4a-cba0-4f9b-9e3e-e4a48b3eda51, raftlog=f535bb4a-cba0-4f9b-9e3e-e4a48b3eda51@group-7E32184879DE-SegmentedRaftLog:OPENED:c-1,f-1,i0, conf=-1: [f535bb4a-cba0-4f9b-9e3e-e4a48b3eda51:0.0.0.0:44706, 54aabb14-4a7d-4ab3-adbe-2e67760b87f4:0.0.0.0:43074, c652e2ee-3322-4406-8db6-1ea643cb3197:0.0.0.0:42129], old=null
2019-10-18 11:25:00,825 [f535bb4a-cba0-4f9b-9e3e-e4a48b3eda51@group-7E32184879DE-LeaderElection303] INFO  impl.RaftServerImpl (RaftServerImpl.java:setRole(184)) - f535bb4a-cba0-4f9b-9e3e-e4a48b3eda51@group-7E32184879DE: changes role from CANDIDATE to FOLLOWER at term 357 for DISCOVERED_A_NEW_TERM
2019-10-18 11:25:00,825 [f535bb4a-cba0-4f9b-9e3e-e4a48b3eda51@group-7E32184879DE-LeaderElection303] INFO  impl.RoleInfo (RoleInfo.java:shutdownLeaderElection(134)) - f535bb4a-cba0-4f9b-9e3e-e4a48b3eda51: shutdown LeaderElection
2019-10-18 11:25:00,825 [f535bb4a-cba0-4f9b-9e3e-e4a48b3eda51@group-7E32184879DE-LeaderElection303] INFO  impl.RoleInfo (RoleInfo.java:updateAndGet(143)) - f535bb4a-cba0-4f9b-9e3e-e4a48b3eda51: start FollowerState
2019-10-18 11:25:00,948 [Thread-2165] INFO  impl.FollowerState (FollowerState.java:run(108)) - f535bb4a-cba0-4f9b-9e3e-e4a48b3eda51@group-7E32184879DE-FollowerState: change to CANDIDATE, lastRpcTime:122ms, electionTimeout:122ms
2019-10-18 11:25:00,948 [Thread-2165] INFO  impl.RoleInfo (RoleInfo.java:shutdownFollowerState(121)) - f535bb4a-cba0-4f9b-9e3e-e4a48b3eda51: shutdown FollowerState
2019-10-18 11:25:00,948 [Thread-2165] INFO  impl.RaftServerImpl (RaftServerImpl.java:setRole(184)) - f535bb4a-cba0-4f9b-9e3e-e4a48b3eda51@group-7E32184879DE: changes role from  FOLLOWER to CANDIDATE at term 357 for changeToCandidate
2019-10-18 11:25:00,948 [Thread-2165] INFO  impl.RoleInfo (RoleInfo.java:updateAndGet(143)) - f535bb4a-cba0-4f9b-9e3e-e4a48b3eda51: start LeaderElection
2019-10-18 11:25:00,975 [f535bb4a-cba0-4f9b-9e3e-e4a48b3eda51@group-7E32184879DE-LeaderElection304] INFO  impl.LeaderElection (LeaderElection.java:askForVotes(178)) - f535bb4a-cba0-4f9b-9e3e-e4a48b3eda51@group-7E32184879DE-LeaderElection304: begin an election at term 358 for -1: [f535bb4a-cba0-4f9b-9e3e-e4a48b3eda51:0.0.0.0:44706, 54aabb14-4a7d-4ab3-adbe-2e67760b87f4:0.0.0.0:43074, c652e2ee-3322-4406-8db6-1ea643cb3197:0.0.0.0:42129], old=null
2019-10-18 11:25:00,977 [grpc-default-executor-1] INFO  impl.RaftServerImpl (RaftServerImpl.java:setRole(184)) - 54aabb14-4a7d-4ab3-adbe-2e67760b87f4@group-7E32184879DE: changes role from  FOLLOWER to FOLLOWER at term 358 for recognizeCandidate:f535bb4a-cba0-4f9b-9e3e-e4a48b3eda51
2019-10-18 11:25:00,977 [grpc-default-executor-0] INFO  impl.RaftServerImpl (RaftServerImpl.java:setRole(184)) - c652e2ee-3322-4406-8db6-1ea643cb3197@group-7E32184879DE: changes role from  FOLLOWER to FOLLOWER at term 358 for recognizeCandidate:f535bb4a-cba0-4f9b-9e3e-e4a48b3eda51
2019-10-18 11:25:00,977 [grpc-default-executor-1] INFO  impl.RoleInfo (RoleInfo.java:shutdownFollowerState(121)) - 54aabb14-4a7d-4ab3-adbe-2e67760b87f4: shutdown FollowerState
2019-10-18 11:25:00,977 [grpc-default-executor-0] INFO  impl.RoleInfo (RoleInfo.java:shutdownFollowerState(121)) - c652e2ee-3322-4406-8db6-1ea643cb3197: shutdown FollowerState
2019-10-18 11:25:00,978 [Thread-2163] INFO  impl.FollowerState (FollowerState.java:run(117)) - 54aabb14-4a7d-4ab3-adbe-2e67760b87f4@group-7E32184879DE-FollowerState was interrupted: java.lang.InterruptedException: sleep interrupted
2019-10-18 11:25:00,978 [grpc-default-executor-1] INFO  impl.RoleInfo (RoleInfo.java:updateAndGet(143)) - 54aabb14-4a7d-4ab3-adbe-2e67760b87f4: start FollowerState
2019-10-18 11:25:00,978 [Thread-2164] INFO  impl.FollowerState (FollowerState.java:run(117)) - c652e2ee-3322-4406-8db6-1ea643cb3197@group-7E32184879DE-FollowerState was interrupted: java.lang.InterruptedException: sleep interrupted
2019-10-18 11:25:00,978 [grpc-default-executor-0] INFO  impl.RoleInfo (RoleInfo.java:updateAndGet(143)) - c652e2ee-3322-4406-8db6-1ea643cb3197: start FollowerState
2019-10-18 11:25:01,001 [f535bb4a-cba0-4f9b-9e3e-e4a48b3eda51@group-7E32184879DE-LeaderElection304] INFO  impl.LeaderElection (LeaderElection.java:logAndReturn(56)) - f535bb4a-cba0-4f9b-9e3e-e4a48b3eda51@group-7E32184879DE-LeaderElection304: Election REJECTED; received 2 response(s) [f535bb4a-cba0-4f9b-9e3e-e4a48b3eda51<-54aabb14-4a7d-4ab3-adbe-2e67760b87f4#0:FAIL-t358, f535bb4a-cba0-4f9b-9e3e-e4a48b3eda51<-c652e2ee-3322-4406-8db6-1ea643cb3197#0:FAIL-t358] and 0 exception(s); f535bb4a-cba0-4f9b-9e3e-e4a48b3eda51@group-7E32184879DE:t358, leader=null, voted=f535bb4a-cba0-4f9b-9e3e-e4a48b3eda51, raftlog=f535bb4a-cba0-4f9b-9e3e-e4a48b3eda51@group-7E32184879DE-SegmentedRaftLog:OPENED:c-1,f-1,i0, conf=-1: [f535bb4a-cba0-4f9b-9e3e-e4a48b3eda51:0.0.0.0:44706, 54aabb14-4a7d-4ab3-adbe-2e67760b87f4:0.0.0.0:43074, c652e2ee-3322-4406-8db6-1ea643cb3197:0.0.0.0:42129], old=null
2019-10-18 11:25:01,001 [f535bb4a-cba0-4f9b-9e3e-e4a48b3eda51@group-7E32184879DE-LeaderElection304] INFO  impl.RaftServerImpl (RaftServerImpl.java:setRole(184)) - f535bb4a-cba0-4f9b-9e3e-e4a48b3eda51@group-7E32184879DE: changes role from CANDIDATE to FOLLOWER at term 358 for DISCOVERED_A_NEW_TERM
2019-10-18 11:25:01,001 [f535bb4a-cba0-4f9b-9e3e-e4a48b3eda51@group-7E32184879DE-LeaderElection304] INFO  impl.RoleInfo (RoleInfo.java:shutdownLeaderElection(134)) - f535bb4a-cba0-4f9b-9e3e-e4a48b3eda51: shutdown LeaderElection
2019-10-18 11:25:01,001 [f535bb4a-cba0-4f9b-9e3e-e4a48b3eda51@group-7E32184879DE-LeaderElection304] INFO  impl.RoleInfo (RoleInfo.java:updateAndGet(143)) - f535bb4a-cba0-4f9b-9e3e-e4a48b3eda51: start FollowerState
2019-10-18 11:25:01,173 [Thread-2171] INFO  impl.FollowerState (FollowerState.java:run(108)) - f535bb4a-cba0-4f9b-9e3e-e4a48b3eda51@group-7E32184879DE-FollowerState: change to CANDIDATE, lastRpcTime:171ms, electionTimeout:171ms
2019-10-18 11:25:01,173 [Thread-2171] INFO  impl.RoleInfo (RoleInfo.java:shutdownFollowerState(121)) - f535bb4a-cba0-4f9b-9e3e-e4a48b3eda51: shutdown FollowerState
2019-10-18 11:25:01,173 [Thread-2171] INFO  impl.RaftServerImpl (RaftServerImpl.java:setRole(184)) - f535bb4a-cba0-4f9b-9e3e-e4a48b3eda51@group-7E32184879DE: changes role from  FOLLOWER to CANDIDATE at term 358 for changeToCandidate
2019-10-18 11:25:01,173 [Thread-2171] INFO  impl.RoleInfo (RoleInfo.java:updateAndGet(143)) - f535bb4a-cba0-4f9b-9e3e-e4a48b3eda51: start LeaderElection
2019-10-18 11:25:01,201 [f535bb4a-cba0-4f9b-9e3e-e4a48b3eda51@group-7E32184879DE-LeaderElection305] INFO  impl.LeaderElection (LeaderElection.java:askForVotes(178)) - f535bb4a-cba0-4f9b-9e3e-e4a48b3eda51@group-7E32184879DE-LeaderElection305: begin an election at term 359 for -1: [f535bb4a-cba0-4f9b-9e3e-e4a48b3eda51:0.0.0.0:44706, 54aabb14-4a7d-4ab3-adbe-2e67760b87f4:0.0.0.0:43074, c652e2ee-3322-4406-8db6-1ea643cb3197:0.0.0.0:42129], old=null
2019-10-18 11:25:01,202 [grpc-default-executor-0] INFO  impl.RaftServerImpl (RaftServerImpl.java:setRole(184)) - 54aabb14-4a7d-4ab3-adbe-2e67760b87f4@group-7E32184879DE: changes role from  FOLLOWER to FOLLOWER at term 359 for recognizeCandidate:f535bb4a-cba0-4f9b-9e3e-e4a48b3eda51
2019-10-18 11:25:01,202 [grpc-default-executor-0] INFO  impl.RoleInfo (RoleInfo.java:shutdownFollowerState(121)) - 54aabb14-4a7d-4ab3-adbe-2e67760b87f4: shutdown FollowerState
2019-10-18 11:25:01,202 [grpc-default-executor-0] INFO  impl.RoleInfo (RoleInfo.java:updateAndGet(143)) - 54aabb14-4a7d-4ab3-adbe-2e67760b87f4: start FollowerState
2019-10-18 11:25:01,202 [Thread-2169] INFO  impl.FollowerState (FollowerState.java:run(117)) - 54aabb14-4a7d-4ab3-adbe-2e67760b87f4@group-7E32184879DE-FollowerState was interrupted: java.lang.InterruptedException: sleep interrupted
2019-10-18 11:25:01,202 [grpc-default-executor-1] INFO  impl.RaftServerImpl (RaftServerImpl.java:setRole(184)) - c652e2ee-3322-4406-8db6-1ea643cb3197@group-7E32184879DE: changes role from  FOLLOWER to FOLLOWER at term 359 for recognizeCandidate:f535bb4a-cba0-4f9b-9e3e-e4a48b3eda51
2019-10-18 11:25:01,202 [grpc-default-executor-1] INFO  impl.RoleInfo (RoleInfo.java:shutdownFollowerState(121)) - c652e2ee-3322-4406-8db6-1ea643cb3197: shutdown FollowerState
2019-10-18 11:25:01,203 [grpc-default-executor-1] INFO  impl.RoleInfo (RoleInfo.java:updateAndGet(143)) - c652e2ee-3322-4406-8db6-1ea643cb3197: start FollowerState
2019-10-18 11:25:01,203 [Thread-2170] INFO  impl.FollowerState (FollowerState.java:run(117)) - c652e2ee-3322-4406-8db6-1ea643cb3197@group-7E32184879DE-FollowerState was interrupted: java.lang.InterruptedException: sleep interrupted
2019-10-18 11:25:01,227 [f535bb4a-cba0-4f9b-9e3e-e4a48b3eda51@group-7E32184879DE-LeaderElection305] INFO  impl.LeaderElection (LeaderElection.java:logAndReturn(56)) - f535bb4a-cba0-4f9b-9e3e-e4a48b3eda51@group-7E32184879DE-LeaderElection305: Election REJECTED; received 2 response(s) [f535bb4a-cba0-4f9b-9e3e-e4a48b3eda51<-54aabb14-4a7d-4ab3-adbe-2e67760b87f4#0:FAIL-t359, f535bb4a-cba0-4f9b-9e3e-e4a48b3eda51<-c652e2ee-3322-4406-8db6-1ea643cb3197#0:FAIL-t359] and 0 exception(s); f535bb4a-cba0-4f9b-9e3e-e4a48b3eda51@group-7E32184879DE:t359, leader=null, voted=f535bb4a-cba0-4f9b-9e3e-e4a48b3eda51, raftlog=f535bb4a-cba0-4f9b-9e3e-e4a48b3eda51@group-7E32184879DE-SegmentedRaftLog:OPENED:c-1,f-1,i0, conf=-1: [f535bb4a-cba0-4f9b-9e3e-e4a48b3eda51:0.0.0.0:44706, 54aabb14-4a7d-4ab3-adbe-2e67760b87f4:0.0.0.0:43074, c652e2ee-3322-4406-8db6-1ea643cb3197:0.0.0.0:42129], old=null
2019-10-18 11:25:01,227 [f535bb4a-cba0-4f9b-9e3e-e4a48b3eda51@group-7E32184879DE-LeaderElection305] INFO  impl.RaftServerImpl (RaftServerImpl.java:setRole(184)) - f535bb4a-cba0-4f9b-9e3e-e4a48b3eda51@group-7E32184879DE: changes role from CANDIDATE to FOLLOWER at term 359 for DISCOVERED_A_NEW_TERM
2019-10-18 11:25:01,227 [f535bb4a-cba0-4f9b-9e3e-e4a48b3eda51@group-7E32184879DE-LeaderElection305] INFO  impl.RoleInfo (RoleInfo.java:shutdownLeaderElection(134)) - f535bb4a-cba0-4f9b-9e3e-e4a48b3eda51: shutdown LeaderElection
2019-10-18 11:25:01,227 [f535bb4a-cba0-4f9b-9e3e-e4a48b3eda51@group-7E32184879DE-LeaderElection305] INFO  impl.RoleInfo (RoleInfo.java:updateAndGet(143)) - f535bb4a-cba0-4f9b-9e3e-e4a48b3eda51: start FollowerState
2019-10-18 11:25:01,288 [Thread-2177] INFO  impl.FollowerState (FollowerState.java:run(108)) - f535bb4a-cba0-4f9b-9e3e-e4a48b3eda51@group-7E32184879DE-FollowerState: change to CANDIDATE, lastRpcTime:61ms, electionTimeout:61ms
2019-10-18 11:25:01,288 [Thread-2177] INFO  impl.RoleInfo (RoleInfo.java:shutdownFollowerState(121)) - f535bb4a-cba0-4f9b-9e3e-e4a48b3eda51: shutdown FollowerState
2019-10-18 11:25:01,289 [Thread-2177] INFO  impl.RaftServerImpl (RaftServerImpl.java:setRole(184)) - f535bb4a-cba0-4f9b-9e3e-e4a48b3eda51@group-7E32184879DE: changes role from  FOLLOWER to CANDIDATE at term 359 for changeToCandidate
2019-10-18 11:25:01,289 [Thread-2177] INFO  impl.RoleInfo (RoleInfo.java:updateAndGet(143)) - f535bb4a-cba0-4f9b-9e3e-e4a48b3eda51: start LeaderElection
2019-10-18 11:25:01,318 [f535bb4a-cba0-4f9b-9e3e-e4a48b3eda51@group-7E32184879DE-LeaderElection306] INFO  impl.LeaderElection (LeaderElection.java:askForVotes(178)) - f535bb4a-cba0-4f9b-9e3e-e4a48b3eda51@group-7E32184879DE-LeaderElection306: begin an election at term 360 for -1: [f535bb4a-cba0-4f9b-9e3e-e4a48b3eda51:0.0.0.0:44706, 54aabb14-4a7d-4ab3-adbe-2e67760b87f4:0.0.0.0:43074, c652e2ee-3322-4406-8db6-1ea643cb3197:0.0.0.0:42129], old=null
2019-10-18 11:25:01,319 [grpc-default-executor-1] INFO  impl.RaftServerImpl (RaftServerImpl.java:setRole(184)) - 54aabb14-4a7d-4ab3-adbe-2e67760b87f4@group-7E32184879DE: changes role from  FOLLOWER to FOLLOWER at term 360 for recognizeCandidate:f535bb4a-cba0-4f9b-9e3e-e4a48b3eda51
2019-10-18 11:25:01,320 [grpc-default-executor-1] INFO  impl.RoleInfo (RoleInfo.java:shutdownFollowerState(121)) - 54aabb14-4a7d-4ab3-adbe-2e67760b87f4: shutdown FollowerState
2019-10-18 11:25:01,320 [grpc-default-executor-0] INFO  impl.RaftServerImpl (RaftServerImpl.java:setRole(184)) - c652e2ee-3322-4406-8db6-1ea643cb3197@group-7E32184879DE: changes role from  FOLLOWER to FOLLOWER at term 360 for recognizeCandidate:f535bb4a-cba0-4f9b-9e3e-e4a48b3eda51
2019-10-18 11:25:01,320 [grpc-default-executor-0] INFO  impl.RoleInfo (RoleInfo.java:shutdownFollowerState(121)) - c652e2ee-3322-4406-8db6-1ea643cb3197: shutdown FollowerState
2019-10-18 11:25:01,320 [Thread-2175] INFO  impl.FollowerState (FollowerState.java:run(117)) - 54aabb14-4a7d-4ab3-adbe-2e67760b87f4@group-7E32184879DE-FollowerState was interrupted: java.lang.InterruptedException: sleep interrupted
2019-10-18 11:25:01,320 [grpc-default-executor-1] INFO  impl.RoleInfo (RoleInfo.java:updateAndGet(143)) - 54aabb14-4a7d-4ab3-adbe-2e67760b87f4: start FollowerState
2019-10-18 11:25:01,320 [Thread-2176] INFO  impl.FollowerState (FollowerState.java:run(117)) - c652e2ee-3322-4406-8db6-1ea643cb3197@group-7E32184879DE-FollowerState was interrupted: java.lang.InterruptedException: sleep interrupted
2019-10-18 11:25:01,320 [grpc-default-executor-0] INFO  impl.RoleInfo (RoleInfo.java:updateAndGet(143)) - c652e2ee-3322-4406-8db6-1ea643cb3197: start FollowerState
2019-10-18 11:25:01,344 [f535bb4a-cba0-4f9b-9e3e-e4a48b3eda51@group-7E32184879DE-LeaderElection306] INFO  impl.LeaderElection (LeaderElection.java:logAndReturn(56)) - f535bb4a-cba0-4f9b-9e3e-e4a48b3eda51@group-7E32184879DE-LeaderElection306: Election REJECTED; received 2 response(s) [f535bb4a-cba0-4f9b-9e3e-e4a48b3eda51<-54aabb14-4a7d-4ab3-adbe-2e67760b87f4#0:FAIL-t360, f535bb4a-cba0-4f9b-9e3e-e4a48b3eda51<-c652e2ee-3322-4406-8db6-1ea643cb3197#0:FAIL-t360] and 0 exception(s); f535bb4a-cba0-4f9b-9e3e-e4a48b3eda51@group-7E32184879DE:t360, leader=null, voted=f535bb4a-cba0-4f9b-9e3e-e4a48b3eda51, raftlog=f535bb4a-cba0-4f9b-9e3e-e4a48b3eda51@group-7E32184879DE-SegmentedRaftLog:OPENED:c-1,f-1,i0, conf=-1: [f535bb4a-cba0-4f9b-9e3e-e4a48b3eda51:0.0.0.0:44706, 54aabb14-4a7d-4ab3-adbe-2e67760b87f4:0.0.0.0:43074, c652e2ee-3322-4406-8db6-1ea643cb3197:0.0.0.0:42129], old=null
2019-10-18 11:25:01,344 [f535bb4a-cba0-4f9b-9e3e-e4a48b3eda51@group-7E32184879DE-LeaderElection306] INFO  impl.RaftServerImpl (RaftServerImpl.java:setRole(184)) - f535bb4a-cba0-4f9b-9e3e-e4a48b3eda51@group-7E32184879DE: changes role from CANDIDATE to FOLLOWER at term 360 for DISCOVERED_A_NEW_TERM
2019-10-18 11:25:01,344 [f535bb4a-cba0-4f9b-9e3e-e4a48b3eda51@group-7E32184879DE-LeaderElection306] INFO  impl.RoleInfo (RoleInfo.java:shutdownLeaderElection(134)) - f535bb4a-cba0-4f9b-9e3e-e4a48b3eda51: shutdown LeaderElection
2019-10-18 11:25:01,344 [f535bb4a-cba0-4f9b-9e3e-e4a48b3eda51@group-7E32184879DE-LeaderElection306] INFO  impl.RoleInfo (RoleInfo.java:updateAndGet(143)) - f535bb4a-cba0-4f9b-9e3e-e4a48b3eda51: start FollowerState
2019-10-18 11:25:01,360 [Thread-2183] INFO  impl.FollowerState (FollowerState.java:run(108)) - f535bb4a-cba0-4f9b-9e3e-e4a48b3eda51@group-7E32184879DE-FollowerState: change to CANDIDATE, lastRpcTime:15ms, electionTimeout:15ms
2019-10-18 11:25:01,360 [Thread-2183] INFO  impl.RoleInfo (RoleInfo.java:shutdownFollowerState(121)) - f535bb4a-cba0-4f9b-9e3e-e4a48b3eda51: shutdown FollowerState
2019-10-18 11:25:01,360 [Thread-2183] INFO  impl.RaftServerImpl (RaftServerImpl.java:setRole(184)) - f535bb4a-cba0-4f9b-9e3e-e4a48b3eda51@group-7E32184879DE: changes role from  FOLLOWER to CANDIDATE at term 360 for changeToCandidate
2019-10-18 11:25:01,360 [Thread-2183] INFO  impl.RoleInfo (RoleInfo.java:updateAndGet(143)) - f535bb4a-cba0-4f9b-9e3e-e4a48b3eda51: start LeaderElection
2019-10-18 11:25:01,385 [f535bb4a-cba0-4f9b-9e3e-e4a48b3eda51@group-7E32184879DE-LeaderElection307] INFO  impl.LeaderElection (LeaderElection.java:askForVotes(178)) - f535bb4a-cba0-4f9b-9e3e-e4a48b3eda51@group-7E32184879DE-LeaderElection307: begin an election at term 361 for -1: [f535bb4a-cba0-4f9b-9e3e-e4a48b3eda51:0.0.0.0:44706, 54aabb14-4a7d-4ab3-adbe-2e67760b87f4:0.0.0.0:43074, c652e2ee-3322-4406-8db6-1ea643cb3197:0.0.0.0:42129], old=null
2019-10-18 11:25:01,387 [grpc-default-executor-1] INFO  impl.RaftServerImpl (RaftServerImpl.java:setRole(184)) - 54aabb14-4a7d-4ab3-adbe-2e67760b87f4@group-7E32184879DE: changes role from  FOLLOWER to FOLLOWER at term 361 for recognizeCandidate:f535bb4a-cba0-4f9b-9e3e-e4a48b3eda51
2019-10-18 11:25:01,387 [grpc-default-executor-1] INFO  impl.RoleInfo (RoleInfo.java:shutdownFollowerState(121)) - 54aabb14-4a7d-4ab3-adbe-2e67760b87f4: shutdown FollowerState
2019-10-18 11:25:01,387 [grpc-default-executor-1] INFO  impl.RoleInfo (RoleInfo.java:updateAndGet(143)) - 54aabb14-4a7d-4ab3-adbe-2e67760b87f4: start FollowerState
2019-10-18 11:25:01,387 [Thread-2181] INFO  impl.FollowerState (FollowerState.java:run(117)) - 54aabb14-4a7d-4ab3-adbe-2e67760b87f4@group-7E32184879DE-FollowerState was interrupted: java.lang.InterruptedException: sleep interrupted
2019-10-18 11:25:01,387 [grpc-default-executor-0] INFO  impl.RaftServerImpl (RaftServerImpl.java:setRole(184)) - c652e2ee-3322-4406-8db6-1ea643cb3197@group-7E32184879DE: changes role from  FOLLOWER to FOLLOWER at term 361 for recognizeCandidate:f535bb4a-cba0-4f9b-9e3e-e4a48b3eda51
2019-10-18 11:25:01,387 [grpc-default-executor-0] INFO  impl.RoleInfo (RoleInfo.java:shutdownFollowerState(121)) - c652e2ee-3322-4406-8db6-1ea643cb3197: shutdown FollowerState
2019-10-18 11:25:01,388 [grpc-default-executor-0] INFO  impl.RoleInfo (RoleInfo.java:updateAndGet(143)) - c652e2ee-3322-4406-8db6-1ea643cb3197: start FollowerState
2019-10-18 11:25:01,388 [Thread-2182] INFO  impl.FollowerState (FollowerState.java:run(117)) - c652e2ee-3322-4406-8db6-1ea643cb3197@group-7E32184879DE-FollowerState was interrupted: java.lang.InterruptedException: sleep interrupted
2019-10-18 11:25:01,411 [f535bb4a-cba0-4f9b-9e3e-e4a48b3eda51@group-7E32184879DE-LeaderElection307] INFO  impl.LeaderElection (LeaderElection.java:logAndReturn(56)) - f535bb4a-cba0-4f9b-9e3e-e4a48b3eda51@group-7E32184879DE-LeaderElection307: Election REJECTED; received 2 response(s) [f535bb4a-cba0-4f9b-9e3e-e4a48b3eda51<-54aabb14-4a7d-4ab3-adbe-2e67760b87f4#0:FAIL-t361, f535bb4a-cba0-4f9b-9e3e-e4a48b3eda51<-c652e2ee-3322-4406-8db6-1ea643cb3197#0:FAIL-t361] and 0 exception(s); f535bb4a-cba0-4f9b-9e3e-e4a48b3eda51@group-7E32184879DE:t361, leader=null, voted=f535bb4a-cba0-4f9b-9e3e-e4a48b3eda51, raftlog=f535bb4a-cba0-4f9b-9e3e-e4a48b3eda51@group-7E32184879DE-SegmentedRaftLog:OPENED:c-1,f-1,i0, conf=-1: [f535bb4a-cba0-4f9b-9e3e-e4a48b3eda51:0.0.0.0:44706, 54aabb14-4a7d-4ab3-adbe-2e67760b87f4:0.0.0.0:43074, c652e2ee-3322-4406-8db6-1ea643cb3197:0.0.0.0:42129], old=null
2019-10-18 11:25:01,411 [f535bb4a-cba0-4f9b-9e3e-e4a48b3eda51@group-7E32184879DE-LeaderElection307] INFO  impl.RaftServerImpl (RaftServerImpl.java:setRole(184)) - f535bb4a-cba0-4f9b-9e3e-e4a48b3eda51@group-7E32184879DE: changes role from CANDIDATE to FOLLOWER at term 361 for DISCOVERED_A_NEW_TERM
2019-10-18 11:25:01,412 [f535bb4a-cba0-4f9b-9e3e-e4a48b3eda51@group-7E32184879DE-LeaderElection307] INFO  impl.RoleInfo (RoleInfo.java:shutdownLeaderElection(134)) - f535bb4a-cba0-4f9b-9e3e-e4a48b3eda51: shutdown LeaderElection
2019-10-18 11:25:01,412 [f535bb4a-cba0-4f9b-9e3e-e4a48b3eda51@group-7E32184879DE-LeaderElection307] INFO  impl.RoleInfo (RoleInfo.java:updateAndGet(143)) - f535bb4a-cba0-4f9b-9e3e-e4a48b3eda51: start FollowerState
2019-10-18 11:25:01,450 [Thread-2191] INFO  impl.FollowerState (FollowerState.java:run(108)) - f535bb4a-cba0-4f9b-9e3e-e4a48b3eda51@group-7E32184879DE-FollowerState: change to CANDIDATE, lastRpcTime:38ms, electionTimeout:38ms
2019-10-18 11:25:01,450 [Thread-2191] INFO  impl.RoleInfo (RoleInfo.java:shutdownFollowerState(121)) - f535bb4a-cba0-4f9b-9e3e-e4a48b3eda51: shutdown FollowerState
2019-10-18 11:25:01,450 [Thread-2191] INFO  impl.RaftServerImpl (RaftServerImpl.java:setRole(184)) - f535bb4a-cba0-4f9b-9e3e-e4a48b3eda51@group-7E32184879DE: changes role from  FOLLOWER to CANDIDATE at term 361 for changeToCandidate
2019-10-18 11:25:01,451 [Thread-2191] INFO  impl.RoleInfo (RoleInfo.java:updateAndGet(143)) - f535bb4a-cba0-4f9b-9e3e-e4a48b3eda51: start LeaderElection
2019-10-18 11:25:01,478 [f535bb4a-cba0-4f9b-9e3e-e4a48b3eda51@group-7E32184879DE-LeaderElection308] INFO  impl.LeaderElection (LeaderElection.java:askForVotes(178)) - f535bb4a-cba0-4f9b-9e3e-e4a48b3eda51@group-7E32184879DE-LeaderElection308: begin an election at term 362 for -1: [f535bb4a-cba0-4f9b-9e3e-e4a48b3eda51:0.0.0.0:44706, 54aabb14-4a7d-4ab3-adbe-2e67760b87f4:0.0.0.0:43074, c652e2ee-3322-4406-8db6-1ea643cb3197:0.0.0.0:42129], old=null
2019-10-18 11:25:01,480 [grpc-default-executor-1] INFO  impl.RaftServerImpl (RaftServerImpl.java:setRole(184)) - c652e2ee-3322-4406-8db6-1ea643cb3197@group-7E32184879DE: changes role from  FOLLOWER to FOLLOWER at term 362 for recognizeCandidate:f535bb4a-cba0-4f9b-9e3e-e4a48b3eda51
2019-10-18 11:25:01,480 [grpc-default-executor-0] INFO  impl.RaftServerImpl (RaftServerImpl.java:setRole(184)) - 54aabb14-4a7d-4ab3-adbe-2e67760b87f4@group-7E32184879DE: changes role from  FOLLOWER to FOLLOWER at term 362 for recognizeCandidate:f535bb4a-cba0-4f9b-9e3e-e4a48b3eda51
2019-10-18 11:25:01,480 [grpc-default-executor-1] INFO  impl.RoleInfo (RoleInfo.java:shutdownFollowerState(121)) - c652e2ee-3322-4406-8db6-1ea643cb3197: shutdown FollowerState
2019-10-18 11:25:01,480 [grpc-default-executor-0] INFO  impl.RoleInfo (RoleInfo.java:shutdownFollowerState(121)) - 54aabb14-4a7d-4ab3-adbe-2e67760b87f4: shutdown FollowerState
2019-10-18 11:25:01,480 [Thread-2188] INFO  impl.FollowerState (FollowerState.java:run(117)) - c652e2ee-3322-4406-8db6-1ea643cb3197@group-7E32184879DE-FollowerState was interrupted: java.lang.InterruptedException: sleep interrupted
2019-10-18 11:25:01,480 [grpc-default-executor-1] INFO  impl.RoleInfo (RoleInfo.java:updateAndGet(143)) - c652e2ee-3322-4406-8db6-1ea643cb3197: start FollowerState
2019-10-18 11:25:01,481 [Thread-2187] INFO  impl.FollowerState (FollowerState.java:run(117)) - 54aabb14-4a7d-4ab3-adbe-2e67760b87f4@group-7E32184879DE-FollowerState was interrupted: java.lang.InterruptedException: sleep interrupted
2019-10-18 11:25:01,481 [grpc-default-executor-0] INFO  impl.RoleInfo (RoleInfo.java:updateAndGet(143)) - 54aabb14-4a7d-4ab3-adbe-2e67760b87f4: start FollowerState
2019-10-18 11:25:01,504 [f535bb4a-cba0-4f9b-9e3e-e4a48b3eda51@group-7E32184879DE-LeaderElection308] INFO  impl.LeaderElection (LeaderElection.java:logAndReturn(56)) - f535bb4a-cba0-4f9b-9e3e-e4a48b3eda51@group-7E32184879DE-LeaderElection308: Election REJECTED; received 2 response(s) [f535bb4a-cba0-4f9b-9e3e-e4a48b3eda51<-54aabb14-4a7d-4ab3-adbe-2e67760b87f4#0:FAIL-t362, f535bb4a-cba0-4f9b-9e3e-e4a48b3eda51<-c652e2ee-3322-4406-8db6-1ea643cb3197#0:FAIL-t362] and 0 exception(s); f535bb4a-cba0-4f9b-9e3e-e4a48b3eda51@group-7E32184879DE:t362, leader=null, voted=f535bb4a-cba0-4f9b-9e3e-e4a48b3eda51, raftlog=f535bb4a-cba0-4f9b-9e3e-e4a48b3eda51@group-7E32184879DE-SegmentedRaftLog:OPENED:c-1,f-1,i0, conf=-1: [f535bb4a-cba0-4f9b-9e3e-e4a48b3eda51:0.0.0.0:44706, 54aabb14-4a7d-4ab3-adbe-2e67760b87f4:0.0.0.0:43074, c652e2ee-3322-4406-8db6-1ea643cb3197:0.0.0.0:42129], old=null
2019-10-18 11:25:01,504 [f535bb4a-cba0-4f9b-9e3e-e4a48b3eda51@group-7E32184879DE-LeaderElection308] INFO  impl.RaftServerImpl (RaftServerImpl.java:setRole(184)) - f535bb4a-cba0-4f9b-9e3e-e4a48b3eda51@group-7E32184879DE: changes role from CANDIDATE to FOLLOWER at term 362 for DISCOVERED_A_NEW_TERM
2019-10-18 11:25:01,504 [f535bb4a-cba0-4f9b-9e3e-e4a48b3eda51@group-7E32184879DE-LeaderElection308] INFO  impl.RoleInfo (RoleInfo.java:shutdownLeaderElection(134)) - f535bb4a-cba0-4f9b-9e3e-e4a48b3eda51: shutdown LeaderElection
2019-10-18 11:25:01,504 [f535bb4a-cba0-4f9b-9e3e-e4a48b3eda51@group-7E32184879DE-LeaderElection308] INFO  impl.RoleInfo (RoleInfo.java:updateAndGet(143)) - f535bb4a-cba0-4f9b-9e3e-e4a48b3eda51: start FollowerState
2019-10-18 11:25:01,698 [Thread-2197] INFO  impl.FollowerState (FollowerState.java:run(108)) - f535bb4a-cba0-4f9b-9e3e-e4a48b3eda51@group-7E32184879DE-FollowerState: change to CANDIDATE, lastRpcTime:193ms, electionTimeout:193ms
2019-10-18 11:25:01,698 [Thread-2197] INFO  impl.RoleInfo (RoleInfo.java:shutdownFollowerState(121)) - f535bb4a-cba0-4f9b-9e3e-e4a48b3eda51: shutdown FollowerState
2019-10-18 11:25:01,698 [Thread-2197] INFO  impl.RaftServerImpl (RaftServerImpl.java:setRole(184)) - f535bb4a-cba0-4f9b-9e3e-e4a48b3eda51@group-7E32184879DE: changes role from  FOLLOWER to CANDIDATE at term 362 for changeToCandidate
2019-10-18 11:25:01,698 [Thread-2197] INFO  impl.RoleInfo (RoleInfo.java:updateAndGet(143)) - f535bb4a-cba0-4f9b-9e3e-e4a48b3eda51: start LeaderElection
2019-10-18 11:25:01,729 [f535bb4a-cba0-4f9b-9e3e-e4a48b3eda51@group-7E32184879DE-LeaderElection309] INFO  impl.LeaderElection (LeaderElection.java:askForVotes(178)) - f535bb4a-cba0-4f9b-9e3e-e4a48b3eda51@group-7E32184879DE-LeaderElection309: begin an election at term 363 for -1: [f535bb4a-cba0-4f9b-9e3e-e4a48b3eda51:0.0.0.0:44706, 54aabb14-4a7d-4ab3-adbe-2e67760b87f4:0.0.0.0:43074, c652e2ee-3322-4406-8db6-1ea643cb3197:0.0.0.0:42129], old=null
2019-10-18 11:25:01,730 [grpc-default-executor-1] INFO  impl.RaftServerImpl (RaftServerImpl.java:setRole(184)) - 54aabb14-4a7d-4ab3-adbe-2e67760b87f4@group-7E32184879DE: changes role from  FOLLOWER to FOLLOWER at term 363 for recognizeCandidate:f535bb4a-cba0-4f9b-9e3e-e4a48b3eda51
2019-10-18 11:25:01,730 [grpc-default-executor-0] INFO  impl.RaftServerImpl (RaftServerImpl.java:setRole(184)) - c652e2ee-3322-4406-8db6-1ea643cb3197@group-7E32184879DE: changes role from  FOLLOWER to FOLLOWER at term 363 for recognizeCandidate:f535bb4a-cba0-4f9b-9e3e-e4a48b3eda51
2019-10-18 11:25:01,730 [grpc-default-executor-1] INFO  impl.RoleInfo (RoleInfo.java:shutdownFollowerState(121)) - 54aabb14-4a7d-4ab3-adbe-2e67760b87f4: shutdown FollowerState
2019-10-18 11:25:01,730 [grpc-default-executor-0] INFO  impl.RoleInfo (RoleInfo.java:shutdownFollowerState(121)) - c652e2ee-3322-4406-8db6-1ea643cb3197: shutdown FollowerState
2019-10-18 11:25:01,731 [Thread-2196] INFO  impl.FollowerState (FollowerState.java:run(117)) - 54aabb14-4a7d-4ab3-adbe-2e67760b87f4@group-7E32184879DE-FollowerState was interrupted: java.lang.InterruptedException: sleep interrupted
2019-10-18 11:25:01,731 [Thread-2195] INFO  impl.FollowerState (FollowerState.java:run(117)) - c652e2ee-3322-4406-8db6-1ea643cb3197@group-7E32184879DE-FollowerState was interrupted: java.lang.InterruptedException: sleep interrupted
2019-10-18 11:25:01,731 [grpc-default-executor-1] INFO  impl.RoleInfo (RoleInfo.java:updateAndGet(143)) - 54aabb14-4a7d-4ab3-adbe-2e67760b87f4: start FollowerState
2019-10-18 11:25:01,731 [grpc-default-executor-0] INFO  impl.RoleInfo (RoleInfo.java:updateAndGet(143)) - c652e2ee-3322-4406-8db6-1ea643cb3197: start FollowerState
2019-10-18 11:25:01,755 [f535bb4a-cba0-4f9b-9e3e-e4a48b3eda51@group-7E32184879DE-LeaderElection309] INFO  impl.LeaderElection (LeaderElection.java:logAndReturn(56)) - f535bb4a-cba0-4f9b-9e3e-e4a48b3eda51@group-7E32184879DE-LeaderElection309: Election REJECTED; received 2 response(s) [f535bb4a-cba0-4f9b-9e3e-e4a48b3eda51<-54aabb14-4a7d-4ab3-adbe-2e67760b87f4#0:FAIL-t363, f535bb4a-cba0-4f9b-9e3e-e4a48b3eda51<-c652e2ee-3322-4406-8db6-1ea643cb3197#0:FAIL-t363] and 0 exception(s); f535bb4a-cba0-4f9b-9e3e-e4a48b3eda51@group-7E32184879DE:t363, leader=null, voted=f535bb4a-cba0-4f9b-9e3e-e4a48b3eda51, raftlog=f535bb4a-cba0-4f9b-9e3e-e4a48b3eda51@group-7E32184879DE-SegmentedRaftLog:OPENED:c-1,f-1,i0, conf=-1: [f535bb4a-cba0-4f9b-9e3e-e4a48b3eda51:0.0.0.0:44706, 54aabb14-4a7d-4ab3-adbe-2e67760b87f4:0.0.0.0:43074, c652e2ee-3322-4406-8db6-1ea643cb3197:0.0.0.0:42129], old=null
2019-10-18 11:25:01,755 [f535bb4a-cba0-4f9b-9e3e-e4a48b3eda51@group-7E32184879DE-LeaderElection309] INFO  impl.RaftServerImpl (RaftServerImpl.java:setRole(184)) - f535bb4a-cba0-4f9b-9e3e-e4a48b3eda51@group-7E32184879DE: changes role from CANDIDATE to FOLLOWER at term 363 for DISCOVERED_A_NEW_TERM
2019-10-18 11:25:01,755 [f535bb4a-cba0-4f9b-9e3e-e4a48b3eda51@group-7E32184879DE-LeaderElection309] INFO  impl.RoleInfo (RoleInfo.java:shutdownLeaderElection(134)) - f535bb4a-cba0-4f9b-9e3e-e4a48b3eda51: shutdown LeaderElection
2019-10-18 11:25:01,755 [f535bb4a-cba0-4f9b-9e3e-e4a48b3eda51@group-7E32184879DE-LeaderElection309] INFO  impl.RoleInfo (RoleInfo.java:updateAndGet(143)) - f535bb4a-cba0-4f9b-9e3e-e4a48b3eda51: start FollowerState
2019-10-18 11:25:01,896 [Thread-2203] INFO  impl.FollowerState (FollowerState.java:run(108)) - f535bb4a-cba0-4f9b-9e3e-e4a48b3eda51@group-7E32184879DE-FollowerState: change to CANDIDATE, lastRpcTime:140ms, electionTimeout:140ms
2019-10-18 11:25:01,896 [Thread-2203] INFO  impl.RoleInfo (RoleInfo.java:shutdownFollowerState(121)) - f535bb4a-cba0-4f9b-9e3e-e4a48b3eda51: shutdown FollowerState
2019-10-18 11:25:01,896 [Thread-2203] INFO  impl.RaftServerImpl (RaftServerImpl.java:setRole(184)) - f535bb4a-cba0-4f9b-9e3e-e4a48b3eda51@group-7E32184879DE: changes role from  FOLLOWER to CANDIDATE at term 363 for changeToCandidate
2019-10-18 11:25:01,896 [Thread-2203] INFO  impl.RoleInfo (RoleInfo.java:updateAndGet(143)) - f535bb4a-cba0-4f9b-9e3e-e4a48b3eda51: start LeaderElection
2019-10-18 11:25:01,921 [f535bb4a-cba0-4f9b-9e3e-e4a48b3eda51@group-7E32184879DE-LeaderElection310] INFO  impl.LeaderElection (LeaderElection.java:askForVotes(178)) - f535bb4a-cba0-4f9b-9e3e-e4a48b3eda51@group-7E32184879DE-LeaderElection310: begin an election at term 364 for -1: [f535bb4a-cba0-4f9b-9e3e-e4a48b3eda51:0.0.0.0:44706, 54aabb14-4a7d-4ab3-adbe-2e67760b87f4:0.0.0.0:43074, c652e2ee-3322-4406-8db6-1ea643cb3197:0.0.0.0:42129], old=null
2019-10-18 11:25:01,923 [grpc-default-executor-0] INFO  impl.RaftServerImpl (RaftServerImpl.java:setRole(184)) - c652e2ee-3322-4406-8db6-1ea643cb3197@group-7E32184879DE: changes role from  FOLLOWER to FOLLOWER at term 364 for recognizeCandidate:f535bb4a-cba0-4f9b-9e3e-e4a48b3eda51
2019-10-18 11:25:01,923 [grpc-default-executor-0] INFO  impl.RoleInfo (RoleInfo.java:shutdownFollowerState(121)) - c652e2ee-3322-4406-8db6-1ea643cb3197: shutdown FollowerState
2019-10-18 11:25:01,923 [grpc-default-executor-1] INFO  impl.RaftServerImpl (RaftServerImpl.java:setRole(184)) - 54aabb14-4a7d-4ab3-adbe-2e67760b87f4@group-7E32184879DE: changes role from  FOLLOWER to FOLLOWER at term 364 for recognizeCandidate:f535bb4a-cba0-4f9b-9e3e-e4a48b3eda51
2019-10-18 11:25:01,924 [Thread-2202] INFO  impl.FollowerState (FollowerState.java:run(117)) - c652e2ee-3322-4406-8db6-1ea643cb3197@group-7E32184879DE-FollowerState was interrupted: java.lang.InterruptedException: sleep interrupted
2019-10-18 11:25:01,924 [grpc-default-executor-0] INFO  impl.RoleInfo (RoleInfo.java:updateAndGet(143)) - c652e2ee-3322-4406-8db6-1ea643cb3197: start FollowerState
2019-10-18 11:25:01,924 [grpc-default-executor-1] INFO  impl.RoleInfo (RoleInfo.java:shutdownFollowerState(121)) - 54aabb14-4a7d-4ab3-adbe-2e67760b87f4: shutdown FollowerState
2019-10-18 11:25:01,924 [grpc-default-executor-1] INFO  impl.RoleInfo (RoleInfo.java:updateAndGet(143)) - 54aabb14-4a7d-4ab3-adbe-2e67760b87f4: start FollowerState
2019-10-18 11:25:01,924 [Thread-2201] INFO  impl.FollowerState (FollowerState.java:run(117)) - 54aabb14-4a7d-4ab3-adbe-2e67760b87f4@group-7E32184879DE-FollowerState was interrupted: java.lang.InterruptedException: sleep interrupted
2019-10-18 11:25:01,948 [f535bb4a-cba0-4f9b-9e3e-e4a48b3eda51@group-7E32184879DE-LeaderElection310] INFO  impl.LeaderElection (LeaderElection.java:logAndReturn(56)) - f535bb4a-cba0-4f9b-9e3e-e4a48b3eda51@group-7E32184879DE-LeaderElection310: Election REJECTED; received 2 response(s) [f535bb4a-cba0-4f9b-9e3e-e4a48b3eda51<-54aabb14-4a7d-4ab3-adbe-2e67760b87f4#0:FAIL-t364, f535bb4a-cba0-4f9b-9e3e-e4a48b3eda51<-c652e2ee-3322-4406-8db6-1ea643cb3197#0:FAIL-t364] and 0 exception(s); f535bb4a-cba0-4f9b-9e3e-e4a48b3eda51@group-7E32184879DE:t364, leader=null, voted=f535bb4a-cba0-4f9b-9e3e-e4a48b3eda51, raftlog=f535bb4a-cba0-4f9b-9e3e-e4a48b3eda51@group-7E32184879DE-SegmentedRaftLog:OPENED:c-1,f-1,i0, conf=-1: [f535bb4a-cba0-4f9b-9e3e-e4a48b3eda51:0.0.0.0:44706, 54aabb14-4a7d-4ab3-adbe-2e67760b87f4:0.0.0.0:43074, c652e2ee-3322-4406-8db6-1ea643cb3197:0.0.0.0:42129], old=null
2019-10-18 11:25:01,948 [f535bb4a-cba0-4f9b-9e3e-e4a48b3eda51@group-7E32184879DE-LeaderElection310] INFO  impl.RaftServerImpl (RaftServerImpl.java:setRole(184)) - f535bb4a-cba0-4f9b-9e3e-e4a48b3eda51@group-7E32184879DE: changes role from CANDIDATE to FOLLOWER at term 364 for DISCOVERED_A_NEW_TERM
2019-10-18 11:25:01,948 [f535bb4a-cba0-4f9b-9e3e-e4a48b3eda51@group-7E32184879DE-LeaderElection310] INFO  impl.RoleInfo (RoleInfo.java:shutdownLeaderElection(134)) - f535bb4a-cba0-4f9b-9e3e-e4a48b3eda51: shutdown LeaderElection
2019-10-18 11:25:01,949 [f535bb4a-cba0-4f9b-9e3e-e4a48b3eda51@group-7E32184879DE-LeaderElection310] INFO  impl.RoleInfo (RoleInfo.java:updateAndGet(143)) - f535bb4a-cba0-4f9b-9e3e-e4a48b3eda51: start FollowerState
2019-10-18 11:25:02,060 [Thread-2209] INFO  impl.FollowerState (FollowerState.java:run(108)) - f535bb4a-cba0-4f9b-9e3e-e4a48b3eda51@group-7E32184879DE-FollowerState: change to CANDIDATE, lastRpcTime:111ms, electionTimeout:111ms
2019-10-18 11:25:02,060 [Thread-2209] INFO  impl.RoleInfo (RoleInfo.java:shutdownFollowerState(121)) - f535bb4a-cba0-4f9b-9e3e-e4a48b3eda51: shutdown FollowerState
2019-10-18 11:25:02,060 [Thread-2209] INFO  impl.RaftServerImpl (RaftServerImpl.java:setRole(184)) - f535bb4a-cba0-4f9b-9e3e-e4a48b3eda51@group-7E32184879DE: changes role from  FOLLOWER to CANDIDATE at term 364 for changeToCandidate
2019-10-18 11:25:02,060 [Thread-2209] INFO  impl.RoleInfo (RoleInfo.java:updateAndGet(143)) - f535bb4a-cba0-4f9b-9e3e-e4a48b3eda51: start LeaderElection
2019-10-18 11:25:02,089 [f535bb4a-cba0-4f9b-9e3e-e4a48b3eda51@group-7E32184879DE-LeaderElection311] INFO  impl.LeaderElection (LeaderElection.java:askForVotes(178)) - f535bb4a-cba0-4f9b-9e3e-e4a48b3eda51@group-7E32184879DE-LeaderElection311: begin an election at term 365 for -1: [f535bb4a-cba0-4f9b-9e3e-e4a48b3eda51:0.0.0.0:44706, 54aabb14-4a7d-4ab3-adbe-2e67760b87f4:0.0.0.0:43074, c652e2ee-3322-4406-8db6-1ea643cb3197:0.0.0.0:42129], old=null
2019-10-18 11:25:02,091 [grpc-default-executor-0] INFO  impl.RaftServerImpl (RaftServerImpl.java:setRole(184)) - c652e2ee-3322-4406-8db6-1ea643cb3197@group-7E32184879DE: changes role from  FOLLOWER to FOLLOWER at term 365 for recognizeCandidate:f535bb4a-cba0-4f9b-9e3e-e4a48b3eda51
2019-10-18 11:25:02,091 [grpc-default-executor-0] INFO  impl.RoleInfo (RoleInfo.java:shutdownFollowerState(121)) - c652e2ee-3322-4406-8db6-1ea643cb3197: shutdown FollowerState
2019-10-18 11:25:02,091 [grpc-default-executor-1] INFO  impl.RaftServerImpl (RaftServerImpl.java:setRole(184)) - 54aabb14-4a7d-4ab3-adbe-2e67760b87f4@group-7E32184879DE: changes role from  FOLLOWER to FOLLOWER at term 365 for recognizeCandidate:f535bb4a-cba0-4f9b-9e3e-e4a48b3eda51
2019-10-18 11:25:02,092 [grpc-default-executor-1] INFO  impl.RoleInfo (RoleInfo.java:shutdownFollowerState(121)) - 54aabb14-4a7d-4ab3-adbe-2e67760b87f4: shutdown FollowerState
2019-10-18 11:25:02,092 [Thread-2207] INFO  impl.FollowerState (FollowerState.java:run(117)) - c652e2ee-3322-4406-8db6-1ea643cb3197@group-7E32184879DE-FollowerState was interrupted: java.lang.InterruptedException: sleep interrupted
2019-10-18 11:25:02,092 [grpc-default-executor-0] INFO  impl.RoleInfo (RoleInfo.java:updateAndGet(143)) - c652e2ee-3322-4406-8db6-1ea643cb3197: start FollowerState
2019-10-18 11:25:02,092 [Thread-2208] INFO  impl.FollowerState (FollowerState.java:run(117)) - 54aabb14-4a7d-4ab3-adbe-2e67760b87f4@group-7E32184879DE-FollowerState was interrupted: java.lang.InterruptedException: sleep interrupted
2019-10-18 11:25:02,092 [grpc-default-executor-1] INFO  impl.RoleInfo (RoleInfo.java:updateAndGet(143)) - 54aabb14-4a7d-4ab3-adbe-2e67760b87f4: start FollowerState
2019-10-18 11:25:02,115 [f535bb4a-cba0-4f9b-9e3e-e4a48b3eda51@group-7E32184879DE-LeaderElection311] INFO  impl.LeaderElection (LeaderElection.java:logAndReturn(56)) - f535bb4a-cba0-4f9b-9e3e-e4a48b3eda51@group-7E32184879DE-LeaderElection311: Election REJECTED; received 2 response(s) [f535bb4a-cba0-4f9b-9e3e-e4a48b3eda51<-54aabb14-4a7d-4ab3-adbe-2e67760b87f4#0:FAIL-t365, f535bb4a-cba0-4f9b-9e3e-e4a48b3eda51<-c652e2ee-3322-4406-8db6-1ea643cb3197#0:FAIL-t365] and 0 exception(s); f535bb4a-cba0-4f9b-9e3e-e4a48b3eda51@group-7E32184879DE:t365, leader=null, voted=f535bb4a-cba0-4f9b-9e3e-e4a48b3eda51, raftlog=f535bb4a-cba0-4f9b-9e3e-e4a48b3eda51@group-7E32184879DE-SegmentedRaftLog:OPENED:c-1,f-1,i0, conf=-1: [f535bb4a-cba0-4f9b-9e3e-e4a48b3eda51:0.0.0.0:44706, 54aabb14-4a7d-4ab3-adbe-2e67760b87f4:0.0.0.0:43074, c652e2ee-3322-4406-8db6-1ea643cb3197:0.0.0.0:42129], old=null
2019-10-18 11:25:02,115 [f535bb4a-cba0-4f9b-9e3e-e4a48b3eda51@group-7E32184879DE-LeaderElection311] INFO  impl.RaftServerImpl (RaftServerImpl.java:setRole(184)) - f535bb4a-cba0-4f9b-9e3e-e4a48b3eda51@group-7E32184879DE: changes role from CANDIDATE to FOLLOWER at term 365 for DISCOVERED_A_NEW_TERM
2019-10-18 11:25:02,116 [f535bb4a-cba0-4f9b-9e3e-e4a48b3eda51@group-7E32184879DE-LeaderElection311] INFO  impl.RoleInfo (RoleInfo.java:shutdownLeaderElection(134)) - f535bb4a-cba0-4f9b-9e3e-e4a48b3eda51: shutdown LeaderElection
2019-10-18 11:25:02,116 [f535bb4a-cba0-4f9b-9e3e-e4a48b3eda51@group-7E32184879DE-LeaderElection311] INFO  impl.RoleInfo (RoleInfo.java:updateAndGet(143)) - f535bb4a-cba0-4f9b-9e3e-e4a48b3eda51: start FollowerState
2019-10-18 11:25:02,273 [Thread-2215] INFO  impl.FollowerState (FollowerState.java:run(108)) - f535bb4a-cba0-4f9b-9e3e-e4a48b3eda51@group-7E32184879DE-FollowerState: change to CANDIDATE, lastRpcTime:157ms, electionTimeout:157ms
2019-10-18 11:25:02,273 [Thread-2215] INFO  impl.RoleInfo (RoleInfo.java:shutdownFollowerState(121)) - f535bb4a-cba0-4f9b-9e3e-e4a48b3eda51: shutdown FollowerState
2019-10-18 11:25:02,273 [Thread-2215] INFO  impl.RaftServerImpl (RaftServerImpl.java:setRole(184)) - f535bb4a-cba0-4f9b-9e3e-e4a48b3eda51@group-7E32184879DE: changes role from  FOLLOWER to CANDIDATE at term 365 for changeToCandidate
2019-10-18 11:25:02,273 [Thread-2215] INFO  impl.RoleInfo (RoleInfo.java:updateAndGet(143)) - f535bb4a-cba0-4f9b-9e3e-e4a48b3eda51: start LeaderElection
2019-10-18 11:25:02,298 [f535bb4a-cba0-4f9b-9e3e-e4a48b3eda51@group-7E32184879DE-LeaderElection312] INFO  impl.LeaderElection (LeaderElection.java:askForVotes(178)) - f535bb4a-cba0-4f9b-9e3e-e4a48b3eda51@group-7E32184879DE-LeaderElection312: begin an election at term 366 for -1: [f535bb4a-cba0-4f9b-9e3e-e4a48b3eda51:0.0.0.0:44706, 54aabb14-4a7d-4ab3-adbe-2e67760b87f4:0.0.0.0:43074, c652e2ee-3322-4406-8db6-1ea643cb3197:0.0.0.0:42129], old=null
2019-10-18 11:25:02,301 [grpc-default-executor-0] INFO  impl.RaftServerImpl (RaftServerImpl.java:setRole(184)) - 54aabb14-4a7d-4ab3-adbe-2e67760b87f4@group-7E32184879DE: changes role from  FOLLOWER to FOLLOWER at term 366 for recognizeCandidate:f535bb4a-cba0-4f9b-9e3e-e4a48b3eda51
2019-10-18 11:25:02,301 [grpc-default-executor-1] INFO  impl.RaftServerImpl (RaftServerImpl.java:setRole(184)) - c652e2ee-3322-4406-8db6-1ea643cb3197@group-7E32184879DE: changes role from  FOLLOWER to FOLLOWER at term 366 for recognizeCandidate:f535bb4a-cba0-4f9b-9e3e-e4a48b3eda51
2019-10-18 11:25:02,301 [grpc-default-executor-0] INFO  impl.RoleInfo (RoleInfo.java:shutdownFollowerState(121)) - 54aabb14-4a7d-4ab3-adbe-2e67760b87f4: shutdown FollowerState
2019-10-18 11:25:02,301 [grpc-default-executor-1] INFO  impl.RoleInfo (RoleInfo.java:shutdownFollowerState(121)) - c652e2ee-3322-4406-8db6-1ea643cb3197: shutdown FollowerState
2019-10-18 11:25:02,301 [Thread-2214] INFO  impl.FollowerState (FollowerState.java:run(117)) - 54aabb14-4a7d-4ab3-adbe-2e67760b87f4@group-7E32184879DE-FollowerState was interrupted: java.lang.InterruptedException: sleep interrupted
2019-10-18 11:25:02,301 [grpc-default-executor-0] INFO  impl.RoleInfo (RoleInfo.java:updateAndGet(143)) - 54aabb14-4a7d-4ab3-adbe-2e67760b87f4: start FollowerState
2019-10-18 11:25:02,301 [Thread-2213] INFO  impl.FollowerState (FollowerState.java:run(117)) - c652e2ee-3322-4406-8db6-1ea643cb3197@group-7E32184879DE-FollowerState was interrupted: java.lang.InterruptedException: sleep interrupted
2019-10-18 11:25:02,301 [grpc-default-executor-1] INFO  impl.RoleInfo (RoleInfo.java:updateAndGet(143)) - c652e2ee-3322-4406-8db6-1ea643cb3197: start FollowerState
2019-10-18 11:25:02,324 [f535bb4a-cba0-4f9b-9e3e-e4a48b3eda51@group-7E32184879DE-LeaderElection312] INFO  impl.LeaderElection (LeaderElection.java:logAndReturn(56)) - f535bb4a-cba0-4f9b-9e3e-e4a48b3eda51@group-7E32184879DE-LeaderElection312: Election REJECTED; received 2 response(s) [f535bb4a-cba0-4f9b-9e3e-e4a48b3eda51<-54aabb14-4a7d-4ab3-adbe-2e67760b87f4#0:FAIL-t366, f535bb4a-cba0-4f9b-9e3e-e4a48b3eda51<-c652e2ee-3322-4406-8db6-1ea643cb3197#0:FAIL-t366] and 0 exception(s); f535bb4a-cba0-4f9b-9e3e-e4a48b3eda51@group-7E32184879DE:t366, leader=null, voted=f535bb4a-cba0-4f9b-9e3e-e4a48b3eda51, raftlog=f535bb4a-cba0-4f9b-9e3e-e4a48b3eda51@group-7E32184879DE-SegmentedRaftLog:OPENED:c-1,f-1,i0, conf=-1: [f535bb4a-cba0-4f9b-9e3e-e4a48b3eda51:0.0.0.0:44706, 54aabb14-4a7d-4ab3-adbe-2e67760b87f4:0.0.0.0:43074, c652e2ee-3322-4406-8db6-1ea643cb3197:0.0.0.0:42129], old=null
2019-10-18 11:25:02,325 [f535bb4a-cba0-4f9b-9e3e-e4a48b3eda51@group-7E32184879DE-LeaderElection312] INFO  impl.RaftServerImpl (RaftServerImpl.java:setRole(184)) - f535bb4a-cba0-4f9b-9e3e-e4a48b3eda51@group-7E32184879DE: changes role from CANDIDATE to FOLLOWER at term 366 for DISCOVERED_A_NEW_TERM
2019-10-18 11:25:02,325 [f535bb4a-cba0-4f9b-9e3e-e4a48b3eda51@group-7E32184879DE-LeaderElection312] INFO  impl.RoleInfo (RoleInfo.java:shutdownLeaderElection(134)) - f535bb4a-cba0-4f9b-9e3e-e4a48b3eda51: shutdown LeaderElection
2019-10-18 11:25:02,325 [f535bb4a-cba0-4f9b-9e3e-e4a48b3eda51@group-7E32184879DE-LeaderElection312] INFO  impl.RoleInfo (RoleInfo.java:updateAndGet(143)) - f535bb4a-cba0-4f9b-9e3e-e4a48b3eda51: start FollowerState
2019-10-18 11:25:02,448 [Thread-2221] INFO  impl.FollowerState (FollowerState.java:run(108)) - f535bb4a-cba0-4f9b-9e3e-e4a48b3eda51@group-7E32184879DE-FollowerState: change to CANDIDATE, lastRpcTime:123ms, electionTimeout:123ms
2019-10-18 11:25:02,448 [Thread-2221] INFO  impl.RoleInfo (RoleInfo.java:shutdownFollowerState(121)) - f535bb4a-cba0-4f9b-9e3e-e4a48b3eda51: shutdown FollowerState
2019-10-18 11:25:02,448 [Thread-2221] INFO  impl.RaftServerImpl (RaftServerImpl.java:setRole(184)) - f535bb4a-cba0-4f9b-9e3e-e4a48b3eda51@group-7E32184879DE: changes role from  FOLLOWER to CANDIDATE at term 366 for changeToCandidate
2019-10-18 11:25:02,448 [Thread-2221] INFO  impl.RoleInfo (RoleInfo.java:updateAndGet(143)) - f535bb4a-cba0-4f9b-9e3e-e4a48b3eda51: start LeaderElection
2019-10-18 11:25:02,474 [f535bb4a-cba0-4f9b-9e3e-e4a48b3eda51@group-7E32184879DE-LeaderElection313] INFO  impl.LeaderElection (LeaderElection.java:askForVotes(178)) - f535bb4a-cba0-4f9b-9e3e-e4a48b3eda51@group-7E32184879DE-LeaderElection313: begin an election at term 367 for -1: [f535bb4a-cba0-4f9b-9e3e-e4a48b3eda51:0.0.0.0:44706, 54aabb14-4a7d-4ab3-adbe-2e67760b87f4:0.0.0.0:43074, c652e2ee-3322-4406-8db6-1ea643cb3197:0.0.0.0:42129], old=null
2019-10-18 11:25:02,476 [grpc-default-executor-1] INFO  impl.RaftServerImpl (RaftServerImpl.java:setRole(184)) - c652e2ee-3322-4406-8db6-1ea643cb3197@group-7E32184879DE: changes role from  FOLLOWER to FOLLOWER at term 367 for recognizeCandidate:f535bb4a-cba0-4f9b-9e3e-e4a48b3eda51
2019-10-18 11:25:02,477 [grpc-default-executor-0] INFO  impl.RaftServerImpl (RaftServerImpl.java:setRole(184)) - 54aabb14-4a7d-4ab3-adbe-2e67760b87f4@group-7E32184879DE: changes role from  FOLLOWER to FOLLOWER at term 367 for recognizeCandidate:f535bb4a-cba0-4f9b-9e3e-e4a48b3eda51
2019-10-18 11:25:02,477 [grpc-default-executor-1] INFO  impl.RoleInfo (RoleInfo.java:shutdownFollowerState(121)) - c652e2ee-3322-4406-8db6-1ea643cb3197: shutdown FollowerState
2019-10-18 11:25:02,477 [grpc-default-executor-0] INFO  impl.RoleInfo (RoleInfo.java:shutdownFollowerState(121)) - 54aabb14-4a7d-4ab3-adbe-2e67760b87f4: shutdown FollowerState
2019-10-18 11:25:02,477 [Thread-2220] INFO  impl.FollowerState (FollowerState.java:run(117)) - c652e2ee-3322-4406-8db6-1ea643cb3197@group-7E32184879DE-FollowerState was interrupted: java.lang.InterruptedException: sleep interrupted
2019-10-18 11:25:02,477 [grpc-default-executor-1] INFO  impl.RoleInfo (RoleInfo.java:updateAndGet(143)) - c652e2ee-3322-4406-8db6-1ea643cb3197: start FollowerState
2019-10-18 11:25:02,477 [Thread-2219] INFO  impl.FollowerState (FollowerState.java:run(117)) - 54aabb14-4a7d-4ab3-adbe-2e67760b87f4@group-7E32184879DE-FollowerState was interrupted: java.lang.InterruptedException: sleep interrupted
2019-10-18 11:25:02,477 [grpc-default-executor-0] INFO  impl.RoleInfo (RoleInfo.java:updateAndGet(143)) - 54aabb14-4a7d-4ab3-adbe-2e67760b87f4: start FollowerState
2019-10-18 11:25:02,500 [f535bb4a-cba0-4f9b-9e3e-e4a48b3eda51@group-7E32184879DE-LeaderElection313] INFO  impl.LeaderElection (LeaderElection.java:logAndReturn(56)) - f535bb4a-cba0-4f9b-9e3e-e4a48b3eda51@group-7E32184879DE-LeaderElection313: Election REJECTED; received 2 response(s) [f535bb4a-cba0-4f9b-9e3e-e4a48b3eda51<-54aabb14-4a7d-4ab3-adbe-2e67760b87f4#0:FAIL-t367, f535bb4a-cba0-4f9b-9e3e-e4a48b3eda51<-c652e2ee-3322-4406-8db6-1ea643cb3197#0:FAIL-t367] and 0 exception(s); f535bb4a-cba0-4f9b-9e3e-e4a48b3eda51@group-7E32184879DE:t367, leader=null, voted=f535bb4a-cba0-4f9b-9e3e-e4a48b3eda51, raftlog=f535bb4a-cba0-4f9b-9e3e-e4a48b3eda51@group-7E32184879DE-SegmentedRaftLog:OPENED:c-1,f-1,i0, conf=-1: [f535bb4a-cba0-4f9b-9e3e-e4a48b3eda51:0.0.0.0:44706, 54aabb14-4a7d-4ab3-adbe-2e67760b87f4:0.0.0.0:43074, c652e2ee-3322-4406-8db6-1ea643cb3197:0.0.0.0:42129], old=null
2019-10-18 11:25:02,500 [f535bb4a-cba0-4f9b-9e3e-e4a48b3eda51@group-7E32184879DE-LeaderElection313] INFO  impl.RaftServerImpl (RaftServerImpl.java:setRole(184)) - f535bb4a-cba0-4f9b-9e3e-e4a48b3eda51@group-7E32184879DE: changes role from CANDIDATE to FOLLOWER at term 367 for DISCOVERED_A_NEW_TERM
2019-10-18 11:25:02,501 [f535bb4a-cba0-4f9b-9e3e-e4a48b3eda51@group-7E32184879DE-LeaderElection313] INFO  impl.RoleInfo (RoleInfo.java:shutdownLeaderElection(134)) - f535bb4a-cba0-4f9b-9e3e-e4a48b3eda51: shutdown LeaderElection
2019-10-18 11:25:02,501 [f535bb4a-cba0-4f9b-9e3e-e4a48b3eda51@group-7E32184879DE-LeaderElection313] INFO  impl.RoleInfo (RoleInfo.java:updateAndGet(143)) - f535bb4a-cba0-4f9b-9e3e-e4a48b3eda51: start FollowerState
2019-10-18 11:25:02,564 [Thread-2229] INFO  impl.FollowerState (FollowerState.java:run(108)) - f535bb4a-cba0-4f9b-9e3e-e4a48b3eda51@group-7E32184879DE-FollowerState: change to CANDIDATE, lastRpcTime:63ms, electionTimeout:63ms
2019-10-18 11:25:02,564 [Thread-2229] INFO  impl.RoleInfo (RoleInfo.java:shutdownFollowerState(121)) - f535bb4a-cba0-4f9b-9e3e-e4a48b3eda51: shutdown FollowerState
2019-10-18 11:25:02,564 [Thread-2229] INFO  impl.RaftServerImpl (RaftServerImpl.java:setRole(184)) - f535bb4a-cba0-4f9b-9e3e-e4a48b3eda51@group-7E32184879DE: changes role from  FOLLOWER to CANDIDATE at term 367 for changeToCandidate
2019-10-18 11:25:02,565 [Thread-2229] INFO  impl.RoleInfo (RoleInfo.java:updateAndGet(143)) - f535bb4a-cba0-4f9b-9e3e-e4a48b3eda51: start LeaderElection
2019-10-18 11:25:02,592 [f535bb4a-cba0-4f9b-9e3e-e4a48b3eda51@group-7E32184879DE-LeaderElection314] INFO  impl.LeaderElection (LeaderElection.java:askForVotes(178)) - f535bb4a-cba0-4f9b-9e3e-e4a48b3eda51@group-7E32184879DE-LeaderElection314: begin an election at term 368 for -1: [f535bb4a-cba0-4f9b-9e3e-e4a48b3eda51:0.0.0.0:44706, 54aabb14-4a7d-4ab3-adbe-2e67760b87f4:0.0.0.0:43074, c652e2ee-3322-4406-8db6-1ea643cb3197:0.0.0.0:42129], old=null
2019-10-18 11:25:02,594 [grpc-default-executor-0] INFO  impl.RaftServerImpl (RaftServerImpl.java:setRole(184)) - 54aabb14-4a7d-4ab3-adbe-2e67760b87f4@group-7E32184879DE: changes role from  FOLLOWER to FOLLOWER at term 368 for recognizeCandidate:f535bb4a-cba0-4f9b-9e3e-e4a48b3eda51
2019-10-18 11:25:02,594 [grpc-default-executor-0] INFO  impl.RoleInfo (RoleInfo.java:shutdownFollowerState(121)) - 54aabb14-4a7d-4ab3-adbe-2e67760b87f4: shutdown FollowerState
2019-10-18 11:25:02,594 [grpc-default-executor-1] INFO  impl.RaftServerImpl (RaftServerImpl.java:setRole(184)) - c652e2ee-3322-4406-8db6-1ea643cb3197@group-7E32184879DE: changes role from  FOLLOWER to FOLLOWER at term 368 for recognizeCandidate:f535bb4a-cba0-4f9b-9e3e-e4a48b3eda51
2019-10-18 11:25:02,594 [Thread-2228] INFO  impl.FollowerState (FollowerState.java:run(117)) - 54aabb14-4a7d-4ab3-adbe-2e67760b87f4@group-7E32184879DE-FollowerState was interrupted: java.lang.InterruptedException: sleep interrupted
2019-10-18 11:25:02,594 [grpc-default-executor-0] INFO  impl.RoleInfo (RoleInfo.java:updateAndGet(143)) - 54aabb14-4a7d-4ab3-adbe-2e67760b87f4: start FollowerState
2019-10-18 11:25:02,594 [grpc-default-executor-1] INFO  impl.RoleInfo (RoleInfo.java:shutdownFollowerState(121)) - c652e2ee-3322-4406-8db6-1ea643cb3197: shutdown FollowerState
2019-10-18 11:25:02,595 [grpc-default-executor-1] INFO  impl.RoleInfo (RoleInfo.java:updateAndGet(143)) - c652e2ee-3322-4406-8db6-1ea643cb3197: start FollowerState
2019-10-18 11:25:02,595 [Thread-2227] INFO  impl.FollowerState (FollowerState.java:run(117)) - c652e2ee-3322-4406-8db6-1ea643cb3197@group-7E32184879DE-FollowerState was interrupted: java.lang.InterruptedException: sleep interrupted
2019-10-18 11:25:02,618 [f535bb4a-cba0-4f9b-9e3e-e4a48b3eda51@group-7E32184879DE-LeaderElection314] INFO  impl.LeaderElection (LeaderElection.java:logAndReturn(56)) - f535bb4a-cba0-4f9b-9e3e-e4a48b3eda51@group-7E32184879DE-LeaderElection314: Election REJECTED; received 2 response(s) [f535bb4a-cba0-4f9b-9e3e-e4a48b3eda51<-54aabb14-4a7d-4ab3-adbe-2e67760b87f4#0:FAIL-t368, f535bb4a-cba0-4f9b-9e3e-e4a48b3eda51<-c652e2ee-3322-4406-8db6-1ea643cb3197#0:FAIL-t368] and 0 exception(s); f535bb4a-cba0-4f9b-9e3e-e4a48b3eda51@group-7E32184879DE:t368, leader=null, voted=f535bb4a-cba0-4f9b-9e3e-e4a48b3eda51, raftlog=f535bb4a-cba0-4f9b-9e3e-e4a48b3eda51@group-7E32184879DE-SegmentedRaftLog:OPENED:c-1,f-1,i0, conf=-1: [f535bb4a-cba0-4f9b-9e3e-e4a48b3eda51:0.0.0.0:44706, 54aabb14-4a7d-4ab3-adbe-2e67760b87f4:0.0.0.0:43074, c652e2ee-3322-4406-8db6-1ea643cb3197:0.0.0.0:42129], old=null
2019-10-18 11:25:02,618 [f535bb4a-cba0-4f9b-9e3e-e4a48b3eda51@group-7E32184879DE-LeaderElection314] INFO  impl.RaftServerImpl (RaftServerImpl.java:setRole(184)) - f535bb4a-cba0-4f9b-9e3e-e4a48b3eda51@group-7E32184879DE: changes role from CANDIDATE to FOLLOWER at term 368 for DISCOVERED_A_NEW_TERM
2019-10-18 11:25:02,618 [f535bb4a-cba0-4f9b-9e3e-e4a48b3eda51@group-7E32184879DE-LeaderElection314] INFO  impl.RoleInfo (RoleInfo.java:shutdownLeaderElection(134)) - f535bb4a-cba0-4f9b-9e3e-e4a48b3eda51: shutdown LeaderElection
2019-10-18 11:25:02,618 [f535bb4a-cba0-4f9b-9e3e-e4a48b3eda51@group-7E32184879DE-LeaderElection314] INFO  impl.RoleInfo (RoleInfo.java:updateAndGet(143)) - f535bb4a-cba0-4f9b-9e3e-e4a48b3eda51: start FollowerState
2019-10-18 11:25:02,803 [Thread-2235] INFO  impl.FollowerState (FollowerState.java:run(108)) - f535bb4a-cba0-4f9b-9e3e-e4a48b3eda51@group-7E32184879DE-FollowerState: change to CANDIDATE, lastRpcTime:184ms, electionTimeout:184ms
2019-10-18 11:25:02,803 [Thread-2235] INFO  impl.RoleInfo (RoleInfo.java:shutdownFollowerState(121)) - f535bb4a-cba0-4f9b-9e3e-e4a48b3eda51: shutdown FollowerState
2019-10-18 11:25:02,803 [Thread-2235] INFO  impl.RaftServerImpl (RaftServerImpl.java:setRole(184)) - f535bb4a-cba0-4f9b-9e3e-e4a48b3eda51@group-7E32184879DE: changes role from  FOLLOWER to CANDIDATE at term 368 for changeToCandidate
2019-10-18 11:25:02,803 [Thread-2235] INFO  impl.RoleInfo (RoleInfo.java:updateAndGet(143)) - f535bb4a-cba0-4f9b-9e3e-e4a48b3eda51: start LeaderElection
2019-10-18 11:25:02,834 [f535bb4a-cba0-4f9b-9e3e-e4a48b3eda51@group-7E32184879DE-LeaderElection315] INFO  impl.LeaderElection (LeaderElection.java:askForVotes(178)) - f535bb4a-cba0-4f9b-9e3e-e4a48b3eda51@group-7E32184879DE-LeaderElection315: begin an election at term 369 for -1: [f535bb4a-cba0-4f9b-9e3e-e4a48b3eda51:0.0.0.0:44706, 54aabb14-4a7d-4ab3-adbe-2e67760b87f4:0.0.0.0:43074, c652e2ee-3322-4406-8db6-1ea643cb3197:0.0.0.0:42129], old=null
2019-10-18 11:25:02,836 [grpc-default-executor-1] INFO  impl.RaftServerImpl (RaftServerImpl.java:setRole(184)) - c652e2ee-3322-4406-8db6-1ea643cb3197@group-7E32184879DE: changes role from  FOLLOWER to FOLLOWER at term 369 for recognizeCandidate:f535bb4a-cba0-4f9b-9e3e-e4a48b3eda51
2019-10-18 11:25:02,836 [grpc-default-executor-1] INFO  impl.RoleInfo (RoleInfo.java:shutdownFollowerState(121)) - c652e2ee-3322-4406-8db6-1ea643cb3197: shutdown FollowerState
2019-10-18 11:25:02,836 [grpc-default-executor-1] INFO  impl.RoleInfo (RoleInfo.java:updateAndGet(143)) - c652e2ee-3322-4406-8db6-1ea643cb3197: start FollowerState
2019-10-18 11:25:02,836 [Thread-2234] INFO  impl.FollowerState (FollowerState.java:run(117)) - c652e2ee-3322-4406-8db6-1ea643cb3197@group-7E32184879DE-FollowerState was interrupted: java.lang.InterruptedException: sleep interrupted
2019-10-18 11:25:02,838 [grpc-default-executor-0] INFO  impl.RaftServerImpl (RaftServerImpl.java:setRole(184)) - 54aabb14-4a7d-4ab3-adbe-2e67760b87f4@group-7E32184879DE: changes role from  FOLLOWER to FOLLOWER at term 369 for recognizeCandidate:f535bb4a-cba0-4f9b-9e3e-e4a48b3eda51
2019-10-18 11:25:02,838 [grpc-default-executor-0] INFO  impl.RoleInfo (RoleInfo.java:shutdownFollowerState(121)) - 54aabb14-4a7d-4ab3-adbe-2e67760b87f4: shutdown FollowerState
2019-10-18 11:25:02,838 [grpc-default-executor-0] INFO  impl.RoleInfo (RoleInfo.java:updateAndGet(143)) - 54aabb14-4a7d-4ab3-adbe-2e67760b87f4: start FollowerState
2019-10-18 11:25:02,838 [Thread-2233] INFO  impl.FollowerState (FollowerState.java:run(117)) - 54aabb14-4a7d-4ab3-adbe-2e67760b87f4@group-7E32184879DE-FollowerState was interrupted: java.lang.InterruptedException: sleep interrupted
2019-10-18 11:25:02,840 [f535bb4a-cba0-4f9b-9e3e-e4a48b3eda51@group-7E32184879DE-LeaderElection315] INFO  impl.LeaderElection (LeaderElection.java:logAndReturn(56)) - f535bb4a-cba0-4f9b-9e3e-e4a48b3eda51@group-7E32184879DE-LeaderElection315: Election TIMEOUT; received 0 response(s) [] and 0 exception(s); f535bb4a-cba0-4f9b-9e3e-e4a48b3eda51@group-7E32184879DE:t369, leader=null, voted=f535bb4a-cba0-4f9b-9e3e-e4a48b3eda51, raftlog=f535bb4a-cba0-4f9b-9e3e-e4a48b3eda51@group-7E32184879DE-SegmentedRaftLog:OPENED:c-1,f-1,i0, conf=-1: [f535bb4a-cba0-4f9b-9e3e-e4a48b3eda51:0.0.0.0:44706, 54aabb14-4a7d-4ab3-adbe-2e67760b87f4:0.0.0.0:43074, c652e2ee-3322-4406-8db6-1ea643cb3197:0.0.0.0:42129], old=null
2019-10-18 11:25:02,868 [f535bb4a-cba0-4f9b-9e3e-e4a48b3eda51@group-7E32184879DE-LeaderElection315] INFO  impl.LeaderElection (LeaderElection.java:askForVotes(178)) - f535bb4a-cba0-4f9b-9e3e-e4a48b3eda51@group-7E32184879DE-LeaderElection315: begin an election at term 370 for -1: [f535bb4a-cba0-4f9b-9e3e-e4a48b3eda51:0.0.0.0:44706, 54aabb14-4a7d-4ab3-adbe-2e67760b87f4:0.0.0.0:43074, c652e2ee-3322-4406-8db6-1ea643cb3197:0.0.0.0:42129], old=null
2019-10-18 11:25:02,869 [grpc-default-executor-1] INFO  impl.RaftServerImpl (RaftServerImpl.java:setRole(184)) - c652e2ee-3322-4406-8db6-1ea643cb3197@group-7E32184879DE: changes role from  FOLLOWER to FOLLOWER at term 370 for recognizeCandidate:f535bb4a-cba0-4f9b-9e3e-e4a48b3eda51
2019-10-18 11:25:02,869 [grpc-default-executor-1] INFO  impl.RoleInfo (RoleInfo.java:shutdownFollowerState(121)) - c652e2ee-3322-4406-8db6-1ea643cb3197: shutdown FollowerState
2019-10-18 11:25:02,869 [grpc-default-executor-1] INFO  impl.RoleInfo (RoleInfo.java:updateAndGet(143)) - c652e2ee-3322-4406-8db6-1ea643cb3197: start FollowerState
2019-10-18 11:25:02,869 [Thread-2239] INFO  impl.FollowerState (FollowerState.java:run(117)) - c652e2ee-3322-4406-8db6-1ea643cb3197@group-7E32184879DE-FollowerState was interrupted: java.lang.InterruptedException: sleep interrupted
2019-10-18 11:25:02,869 [grpc-default-executor-0] INFO  impl.RaftServerImpl (RaftServerImpl.java:setRole(184)) - 54aabb14-4a7d-4ab3-adbe-2e67760b87f4@group-7E32184879DE: changes role from  FOLLOWER to FOLLOWER at term 370 for recognizeCandidate:f535bb4a-cba0-4f9b-9e3e-e4a48b3eda51
2019-10-18 11:25:02,870 [grpc-default-executor-0] INFO  impl.RoleInfo (RoleInfo.java:shutdownFollowerState(121)) - 54aabb14-4a7d-4ab3-adbe-2e67760b87f4: shutdown FollowerState
2019-10-18 11:25:02,870 [grpc-default-executor-0] INFO  impl.RoleInfo (RoleInfo.java:updateAndGet(143)) - 54aabb14-4a7d-4ab3-adbe-2e67760b87f4: start FollowerState
2019-10-18 11:25:02,870 [Thread-2240] INFO  impl.FollowerState (FollowerState.java:run(117)) - 54aabb14-4a7d-4ab3-adbe-2e67760b87f4@group-7E32184879DE-FollowerState was interrupted: java.lang.InterruptedException: sleep interrupted
2019-10-18 11:25:02,894 [f535bb4a-cba0-4f9b-9e3e-e4a48b3eda51@group-7E32184879DE-LeaderElection315] INFO  impl.LeaderElection (LeaderElection.java:logAndReturn(56)) - f535bb4a-cba0-4f9b-9e3e-e4a48b3eda51@group-7E32184879DE-LeaderElection315: Election REJECTED; received 2 response(s) [f535bb4a-cba0-4f9b-9e3e-e4a48b3eda51<-54aabb14-4a7d-4ab3-adbe-2e67760b87f4#0:FAIL-t370, f535bb4a-cba0-4f9b-9e3e-e4a48b3eda51<-c652e2ee-3322-4406-8db6-1ea643cb3197#0:FAIL-t370] and 0 exception(s); f535bb4a-cba0-4f9b-9e3e-e4a48b3eda51@group-7E32184879DE:t370, leader=null, voted=f535bb4a-cba0-4f9b-9e3e-e4a48b3eda51, raftlog=f535bb4a-cba0-4f9b-9e3e-e4a48b3eda51@group-7E32184879DE-SegmentedRaftLog:OPENED:c-1,f-1,i0, conf=-1: [f535bb4a-cba0-4f9b-9e3e-e4a48b3eda51:0.0.0.0:44706, 54aabb14-4a7d-4ab3-adbe-2e67760b87f4:0.0.0.0:43074, c652e2ee-3322-4406-8db6-1ea643cb3197:0.0.0.0:42129], old=null
2019-10-18 11:25:02,894 [f535bb4a-cba0-4f9b-9e3e-e4a48b3eda51@group-7E32184879DE-LeaderElection315] INFO  impl.RaftServerImpl (RaftServerImpl.java:setRole(184)) - f535bb4a-cba0-4f9b-9e3e-e4a48b3eda51@group-7E32184879DE: changes role from CANDIDATE to FOLLOWER at term 370 for DISCOVERED_A_NEW_TERM
2019-10-18 11:25:02,894 [f535bb4a-cba0-4f9b-9e3e-e4a48b3eda51@group-7E32184879DE-LeaderElection315] INFO  impl.RoleInfo (RoleInfo.java:shutdownLeaderElection(134)) - f535bb4a-cba0-4f9b-9e3e-e4a48b3eda51: shutdown LeaderElection
2019-10-18 11:25:02,894 [f535bb4a-cba0-4f9b-9e3e-e4a48b3eda51@group-7E32184879DE-LeaderElection315] INFO  impl.RoleInfo (RoleInfo.java:updateAndGet(143)) - f535bb4a-cba0-4f9b-9e3e-e4a48b3eda51: start FollowerState
2019-10-18 11:25:03,070 [Thread-2245] INFO  impl.FollowerState (FollowerState.java:run(108)) - f535bb4a-cba0-4f9b-9e3e-e4a48b3eda51@group-7E32184879DE-FollowerState: change to CANDIDATE, lastRpcTime:175ms, electionTimeout:175ms
2019-10-18 11:25:03,070 [Thread-2245] INFO  impl.RoleInfo (RoleInfo.java:shutdownFollowerState(121)) - f535bb4a-cba0-4f9b-9e3e-e4a48b3eda51: shutdown FollowerState
2019-10-18 11:25:03,070 [Thread-2245] INFO  impl.RaftServerImpl (RaftServerImpl.java:setRole(184)) - f535bb4a-cba0-4f9b-9e3e-e4a48b3eda51@group-7E32184879DE: changes role from  FOLLOWER to CANDIDATE at term 370 for changeToCandidate
2019-10-18 11:25:03,070 [Thread-2245] INFO  impl.RoleInfo (RoleInfo.java:updateAndGet(143)) - f535bb4a-cba0-4f9b-9e3e-e4a48b3eda51: start LeaderElection
2019-10-18 11:25:03,093 [f535bb4a-cba0-4f9b-9e3e-e4a48b3eda51@group-7E32184879DE-LeaderElection316] INFO  impl.LeaderElection (LeaderElection.java:askForVotes(178)) - f535bb4a-cba0-4f9b-9e3e-e4a48b3eda51@group-7E32184879DE-LeaderElection316: begin an election at term 371 for -1: [f535bb4a-cba0-4f9b-9e3e-e4a48b3eda51:0.0.0.0:44706, 54aabb14-4a7d-4ab3-adbe-2e67760b87f4:0.0.0.0:43074, c652e2ee-3322-4406-8db6-1ea643cb3197:0.0.0.0:42129], old=null
2019-10-18 11:25:03,095 [grpc-default-executor-0] INFO  impl.RaftServerImpl (RaftServerImpl.java:setRole(184)) - 54aabb14-4a7d-4ab3-adbe-2e67760b87f4@group-7E32184879DE: changes role from  FOLLOWER to FOLLOWER at term 371 for recognizeCandidate:f535bb4a-cba0-4f9b-9e3e-e4a48b3eda51
2019-10-18 11:25:03,095 [grpc-default-executor-0] INFO  impl.RoleInfo (RoleInfo.java:shutdownFollowerState(121)) - 54aabb14-4a7d-4ab3-adbe-2e67760b87f4: shutdown FollowerState
2019-10-18 11:25:03,095 [grpc-default-executor-0] INFO  impl.RoleInfo (RoleInfo.java:updateAndGet(143)) - 54aabb14-4a7d-4ab3-adbe-2e67760b87f4: start FollowerState
2019-10-18 11:25:03,095 [Thread-2244] INFO  impl.FollowerState (FollowerState.java:run(117)) - 54aabb14-4a7d-4ab3-adbe-2e67760b87f4@group-7E32184879DE-FollowerState was interrupted: java.lang.InterruptedException: sleep interrupted
2019-10-18 11:25:03,095 [grpc-default-executor-1] INFO  impl.RaftServerImpl (RaftServerImpl.java:setRole(184)) - c652e2ee-3322-4406-8db6-1ea643cb3197@group-7E32184879DE: changes role from  FOLLOWER to FOLLOWER at term 371 for recognizeCandidate:f535bb4a-cba0-4f9b-9e3e-e4a48b3eda51
2019-10-18 11:25:03,096 [grpc-default-executor-1] INFO  impl.RoleInfo (RoleInfo.java:shutdownFollowerState(121)) - c652e2ee-3322-4406-8db6-1ea643cb3197: shutdown FollowerState
2019-10-18 11:25:03,096 [grpc-default-executor-1] INFO  impl.RoleInfo (RoleInfo.java:updateAndGet(143)) - c652e2ee-3322-4406-8db6-1ea643cb3197: start FollowerState
2019-10-18 11:25:03,096 [Thread-2243] INFO  impl.FollowerState (FollowerState.java:run(117)) - c652e2ee-3322-4406-8db6-1ea643cb3197@group-7E32184879DE-FollowerState was interrupted: java.lang.InterruptedException: sleep interrupted
2019-10-18 11:25:03,119 [f535bb4a-cba0-4f9b-9e3e-e4a48b3eda51@group-7E32184879DE-LeaderElection316] INFO  impl.LeaderElection (LeaderElection.java:logAndReturn(56)) - f535bb4a-cba0-4f9b-9e3e-e4a48b3eda51@group-7E32184879DE-LeaderElection316: Election REJECTED; received 2 response(s) [f535bb4a-cba0-4f9b-9e3e-e4a48b3eda51<-54aabb14-4a7d-4ab3-adbe-2e67760b87f4#0:FAIL-t371, f535bb4a-cba0-4f9b-9e3e-e4a48b3eda51<-c652e2ee-3322-4406-8db6-1ea643cb3197#0:FAIL-t371] and 0 exception(s); f535bb4a-cba0-4f9b-9e3e-e4a48b3eda51@group-7E32184879DE:t371, leader=null, voted=f535bb4a-cba0-4f9b-9e3e-e4a48b3eda51, raftlog=f535bb4a-cba0-4f9b-9e3e-e4a48b3eda51@group-7E32184879DE-SegmentedRaftLog:OPENED:c-1,f-1,i0, conf=-1: [f535bb4a-cba0-4f9b-9e3e-e4a48b3eda51:0.0.0.0:44706, 54aabb14-4a7d-4ab3-adbe-2e67760b87f4:0.0.0.0:43074, c652e2ee-3322-4406-8db6-1ea643cb3197:0.0.0.0:42129], old=null
2019-10-18 11:25:03,120 [f535bb4a-cba0-4f9b-9e3e-e4a48b3eda51@group-7E32184879DE-LeaderElection316] INFO  impl.RaftServerImpl (RaftServerImpl.java:setRole(184)) - f535bb4a-cba0-4f9b-9e3e-e4a48b3eda51@group-7E32184879DE: changes role from CANDIDATE to FOLLOWER at term 371 for DISCOVERED_A_NEW_TERM
2019-10-18 11:25:03,120 [f535bb4a-cba0-4f9b-9e3e-e4a48b3eda51@group-7E32184879DE-LeaderElection316] INFO  impl.RoleInfo (RoleInfo.java:shutdownLeaderElection(134)) - f535bb4a-cba0-4f9b-9e3e-e4a48b3eda51: shutdown LeaderElection
2019-10-18 11:25:03,120 [f535bb4a-cba0-4f9b-9e3e-e4a48b3eda51@group-7E32184879DE-LeaderElection316] INFO  impl.RoleInfo (RoleInfo.java:updateAndGet(143)) - f535bb4a-cba0-4f9b-9e3e-e4a48b3eda51: start FollowerState
2019-10-18 11:25:03,132 [Thread-2251] INFO  impl.FollowerState (FollowerState.java:run(108)) - f535bb4a-cba0-4f9b-9e3e-e4a48b3eda51@group-7E32184879DE-FollowerState: change to CANDIDATE, lastRpcTime:12ms, electionTimeout:12ms
2019-10-18 11:25:03,132 [Thread-2251] INFO  impl.RoleInfo (RoleInfo.java:shutdownFollowerState(121)) - f535bb4a-cba0-4f9b-9e3e-e4a48b3eda51: shutdown FollowerState
2019-10-18 11:25:03,132 [Thread-2251] INFO  impl.RaftServerImpl (RaftServerImpl.java:setRole(184)) - f535bb4a-cba0-4f9b-9e3e-e4a48b3eda51@group-7E32184879DE: changes role from  FOLLOWER to CANDIDATE at term 371 for changeToCandidate
2019-10-18 11:25:03,133 [Thread-2251] INFO  impl.RoleInfo (RoleInfo.java:updateAndGet(143)) - f535bb4a-cba0-4f9b-9e3e-e4a48b3eda51: start LeaderElection
2019-10-18 11:25:03,161 [f535bb4a-cba0-4f9b-9e3e-e4a48b3eda51@group-7E32184879DE-LeaderElection317] INFO  impl.LeaderElection (LeaderElection.java:askForVotes(178)) - f535bb4a-cba0-4f9b-9e3e-e4a48b3eda51@group-7E32184879DE-LeaderElection317: begin an election at term 372 for -1: [f535bb4a-cba0-4f9b-9e3e-e4a48b3eda51:0.0.0.0:44706, 54aabb14-4a7d-4ab3-adbe-2e67760b87f4:0.0.0.0:43074, c652e2ee-3322-4406-8db6-1ea643cb3197:0.0.0.0:42129], old=null
2019-10-18 11:25:03,162 [grpc-default-executor-1] INFO  impl.RaftServerImpl (RaftServerImpl.java:setRole(184)) - 54aabb14-4a7d-4ab3-adbe-2e67760b87f4@group-7E32184879DE: changes role from  FOLLOWER to FOLLOWER at term 372 for recognizeCandidate:f535bb4a-cba0-4f9b-9e3e-e4a48b3eda51
2019-10-18 11:25:03,162 [grpc-default-executor-1] INFO  impl.RoleInfo (RoleInfo.java:shutdownFollowerState(121)) - 54aabb14-4a7d-4ab3-adbe-2e67760b87f4: shutdown FollowerState
2019-10-18 11:25:03,162 [grpc-default-executor-0] INFO  impl.RaftServerImpl (RaftServerImpl.java:setRole(184)) - c652e2ee-3322-4406-8db6-1ea643cb3197@group-7E32184879DE: changes role from  FOLLOWER to FOLLOWER at term 372 for recognizeCandidate:f535bb4a-cba0-4f9b-9e3e-e4a48b3eda51
2019-10-18 11:25:03,162 [grpc-default-executor-0] INFO  impl.RoleInfo (RoleInfo.java:shutdownFollowerState(121)) - c652e2ee-3322-4406-8db6-1ea643cb3197: shutdown FollowerState
2019-10-18 11:25:03,162 [Thread-2249] INFO  impl.FollowerState (FollowerState.java:run(117)) - 54aabb14-4a7d-4ab3-adbe-2e67760b87f4@group-7E32184879DE-FollowerState was interrupted: java.lang.InterruptedException: sleep interrupted
2019-10-18 11:25:03,162 [grpc-default-executor-1] INFO  impl.RoleInfo (RoleInfo.java:updateAndGet(143)) - 54aabb14-4a7d-4ab3-adbe-2e67760b87f4: start FollowerState
2019-10-18 11:25:03,163 [Thread-2250] INFO  impl.FollowerState (FollowerState.java:run(117)) - c652e2ee-3322-4406-8db6-1ea643cb3197@group-7E32184879DE-FollowerState was interrupted: java.lang.InterruptedException: sleep interrupted
2019-10-18 11:25:03,162 [grpc-default-executor-0] INFO  impl.RoleInfo (RoleInfo.java:updateAndGet(143)) - c652e2ee-3322-4406-8db6-1ea643cb3197: start FollowerState
2019-10-18 11:25:03,187 [f535bb4a-cba0-4f9b-9e3e-e4a48b3eda51@group-7E32184879DE-LeaderElection317] INFO  impl.LeaderElection (LeaderElection.java:logAndReturn(56)) - f535bb4a-cba0-4f9b-9e3e-e4a48b3eda51@group-7E32184879DE-LeaderElection317: Election REJECTED; received 2 response(s) [f535bb4a-cba0-4f9b-9e3e-e4a48b3eda51<-54aabb14-4a7d-4ab3-adbe-2e67760b87f4#0:FAIL-t372, f535bb4a-cba0-4f9b-9e3e-e4a48b3eda51<-c652e2ee-3322-4406-8db6-1ea643cb3197#0:FAIL-t372] and 0 exception(s); f535bb4a-cba0-4f9b-9e3e-e4a48b3eda51@group-7E32184879DE:t372, leader=null, voted=f535bb4a-cba0-4f9b-9e3e-e4a48b3eda51, raftlog=f535bb4a-cba0-4f9b-9e3e-e4a48b3eda51@group-7E32184879DE-SegmentedRaftLog:OPENED:c-1,f-1,i0, conf=-1: [f535bb4a-cba0-4f9b-9e3e-e4a48b3eda51:0.0.0.0:44706, 54aabb14-4a7d-4ab3-adbe-2e67760b87f4:0.0.0.0:43074, c652e2ee-3322-4406-8db6-1ea643cb3197:0.0.0.0:42129], old=null
2019-10-18 11:25:03,187 [f535bb4a-cba0-4f9b-9e3e-e4a48b3eda51@group-7E32184879DE-LeaderElection317] INFO  impl.RaftServerImpl (RaftServerImpl.java:setRole(184)) - f535bb4a-cba0-4f9b-9e3e-e4a48b3eda51@group-7E32184879DE: changes role from CANDIDATE to FOLLOWER at term 372 for DISCOVERED_A_NEW_TERM
2019-10-18 11:25:03,187 [f535bb4a-cba0-4f9b-9e3e-e4a48b3eda51@group-7E32184879DE-LeaderElection317] INFO  impl.RoleInfo (RoleInfo.java:shutdownLeaderElection(134)) - f535bb4a-cba0-4f9b-9e3e-e4a48b3eda51: shutdown LeaderElection
2019-10-18 11:25:03,187 [f535bb4a-cba0-4f9b-9e3e-e4a48b3eda51@group-7E32184879DE-LeaderElection317] INFO  impl.RoleInfo (RoleInfo.java:updateAndGet(143)) - f535bb4a-cba0-4f9b-9e3e-e4a48b3eda51: start FollowerState
2019-10-18 11:25:03,311 [Thread-2257] INFO  impl.FollowerState (FollowerState.java:run(108)) - f535bb4a-cba0-4f9b-9e3e-e4a48b3eda51@group-7E32184879DE-FollowerState: change to CANDIDATE, lastRpcTime:124ms, electionTimeout:124ms
2019-10-18 11:25:03,311 [Thread-2257] INFO  impl.RoleInfo (RoleInfo.java:shutdownFollowerState(121)) - f535bb4a-cba0-4f9b-9e3e-e4a48b3eda51: shutdown FollowerState
2019-10-18 11:25:03,311 [Thread-2257] INFO  impl.RaftServerImpl (RaftServerImpl.java:setRole(184)) - f535bb4a-cba0-4f9b-9e3e-e4a48b3eda51@group-7E32184879DE: changes role from  FOLLOWER to CANDIDATE at term 372 for changeToCandidate
2019-10-18 11:25:03,312 [Thread-2257] INFO  impl.RoleInfo (RoleInfo.java:updateAndGet(143)) - f535bb4a-cba0-4f9b-9e3e-e4a48b3eda51: start LeaderElection
2019-10-18 11:25:03,336 [f535bb4a-cba0-4f9b-9e3e-e4a48b3eda51@group-7E32184879DE-LeaderElection318] INFO  impl.LeaderElection (LeaderElection.java:askForVotes(178)) - f535bb4a-cba0-4f9b-9e3e-e4a48b3eda51@group-7E32184879DE-LeaderElection318: begin an election at term 373 for -1: [f535bb4a-cba0-4f9b-9e3e-e4a48b3eda51:0.0.0.0:44706, 54aabb14-4a7d-4ab3-adbe-2e67760b87f4:0.0.0.0:43074, c652e2ee-3322-4406-8db6-1ea643cb3197:0.0.0.0:42129], old=null
2019-10-18 11:25:03,338 [grpc-default-executor-1] INFO  impl.RaftServerImpl (RaftServerImpl.java:setRole(184)) - 54aabb14-4a7d-4ab3-adbe-2e67760b87f4@group-7E32184879DE: changes role from  FOLLOWER to FOLLOWER at term 373 for recognizeCandidate:f535bb4a-cba0-4f9b-9e3e-e4a48b3eda51
2019-10-18 11:25:03,338 [grpc-default-executor-1] INFO  impl.RoleInfo (RoleInfo.java:shutdownFollowerState(121)) - 54aabb14-4a7d-4ab3-adbe-2e67760b87f4: shutdown FollowerState
2019-10-18 11:25:03,338 [grpc-default-executor-1] INFO  impl.RoleInfo (RoleInfo.java:updateAndGet(143)) - 54aabb14-4a7d-4ab3-adbe-2e67760b87f4: start FollowerState
2019-10-18 11:25:03,338 [Thread-2255] INFO  impl.FollowerState (FollowerState.java:run(117)) - 54aabb14-4a7d-4ab3-adbe-2e67760b87f4@group-7E32184879DE-FollowerState was interrupted: java.lang.InterruptedException: sleep interrupted
2019-10-18 11:25:03,339 [grpc-default-executor-0] INFO  impl.RaftServerImpl (RaftServerImpl.java:setRole(184)) - c652e2ee-3322-4406-8db6-1ea643cb3197@group-7E32184879DE: changes role from  FOLLOWER to FOLLOWER at term 373 for recognizeCandidate:f535bb4a-cba0-4f9b-9e3e-e4a48b3eda51
2019-10-18 11:25:03,339 [grpc-default-executor-0] INFO  impl.RoleInfo (RoleInfo.java:shutdownFollowerState(121)) - c652e2ee-3322-4406-8db6-1ea643cb3197: shutdown FollowerState
2019-10-18 11:25:03,339 [grpc-default-executor-0] INFO  impl.RoleInfo (RoleInfo.java:updateAndGet(143)) - c652e2ee-3322-4406-8db6-1ea643cb3197: start FollowerState
2019-10-18 11:25:03,339 [Thread-2256] INFO  impl.FollowerState (FollowerState.java:run(117)) - c652e2ee-3322-4406-8db6-1ea643cb3197@group-7E32184879DE-FollowerState was interrupted: java.lang.InterruptedException: sleep interrupted
2019-10-18 11:25:03,354 [f535bb4a-cba0-4f9b-9e3e-e4a48b3eda51@group-7E32184879DE-LeaderElection318] INFO  impl.LeaderElection (LeaderElection.java:logAndReturn(56)) - f535bb4a-cba0-4f9b-9e3e-e4a48b3eda51@group-7E32184879DE-LeaderElection318: Election REJECTED; received 2 response(s) [f535bb4a-cba0-4f9b-9e3e-e4a48b3eda51<-54aabb14-4a7d-4ab3-adbe-2e67760b87f4#0:FAIL-t373, f535bb4a-cba0-4f9b-9e3e-e4a48b3eda51<-c652e2ee-3322-4406-8db6-1ea643cb3197#0:FAIL-t373] and 0 exception(s); f535bb4a-cba0-4f9b-9e3e-e4a48b3eda51@group-7E32184879DE:t373, leader=null, voted=f535bb4a-cba0-4f9b-9e3e-e4a48b3eda51, raftlog=f535bb4a-cba0-4f9b-9e3e-e4a48b3eda51@group-7E32184879DE-SegmentedRaftLog:OPENED:c-1,f-1,i0, conf=-1: [f535bb4a-cba0-4f9b-9e3e-e4a48b3eda51:0.0.0.0:44706, 54aabb14-4a7d-4ab3-adbe-2e67760b87f4:0.0.0.0:43074, c652e2ee-3322-4406-8db6-1ea643cb3197:0.0.0.0:42129], old=null
2019-10-18 11:25:03,354 [f535bb4a-cba0-4f9b-9e3e-e4a48b3eda51@group-7E32184879DE-LeaderElection318] INFO  impl.RaftServerImpl (RaftServerImpl.java:setRole(184)) - f535bb4a-cba0-4f9b-9e3e-e4a48b3eda51@group-7E32184879DE: changes role from CANDIDATE to FOLLOWER at term 373 for DISCOVERED_A_NEW_TERM
2019-10-18 11:25:03,354 [f535bb4a-cba0-4f9b-9e3e-e4a48b3eda51@group-7E32184879DE-LeaderElection318] INFO  impl.RoleInfo (RoleInfo.java:shutdownLeaderElection(134)) - f535bb4a-cba0-4f9b-9e3e-e4a48b3eda51: shutdown LeaderElection
2019-10-18 11:25:03,355 [f535bb4a-cba0-4f9b-9e3e-e4a48b3eda51@group-7E32184879DE-LeaderElection318] INFO  impl.RoleInfo (RoleInfo.java:updateAndGet(143)) - f535bb4a-cba0-4f9b-9e3e-e4a48b3eda51: start FollowerState
2019-10-18 11:25:03,389 [Thread-2263] INFO  impl.FollowerState (FollowerState.java:run(108)) - f535bb4a-cba0-4f9b-9e3e-e4a48b3eda51@group-7E32184879DE-FollowerState: change to CANDIDATE, lastRpcTime:34ms, electionTimeout:34ms
2019-10-18 11:25:03,389 [Thread-2263] INFO  impl.RoleInfo (RoleInfo.java:shutdownFollowerState(121)) - f535bb4a-cba0-4f9b-9e3e-e4a48b3eda51: shutdown FollowerState
2019-10-18 11:25:03,389 [Thread-2263] INFO  impl.RaftServerImpl (RaftServerImpl.java:setRole(184)) - f535bb4a-cba0-4f9b-9e3e-e4a48b3eda51@group-7E32184879DE: changes role from  FOLLOWER to CANDIDATE at term 373 for changeToCandidate
2019-10-18 11:25:03,389 [Thread-2263] INFO  impl.RoleInfo (RoleInfo.java:updateAndGet(143)) - f535bb4a-cba0-4f9b-9e3e-e4a48b3eda51: start LeaderElection
2019-10-18 11:25:03,412 [f535bb4a-cba0-4f9b-9e3e-e4a48b3eda51@group-7E32184879DE-LeaderElection319] INFO  impl.LeaderElection (LeaderElection.java:askForVotes(178)) - f535bb4a-cba0-4f9b-9e3e-e4a48b3eda51@group-7E32184879DE-LeaderElection319: begin an election at term 374 for -1: [f535bb4a-cba0-4f9b-9e3e-e4a48b3eda51:0.0.0.0:44706, 54aabb14-4a7d-4ab3-adbe-2e67760b87f4:0.0.0.0:43074, c652e2ee-3322-4406-8db6-1ea643cb3197:0.0.0.0:42129], old=null
2019-10-18 11:25:03,414 [grpc-default-executor-1] INFO  impl.RaftServerImpl (RaftServerImpl.java:setRole(184)) - 54aabb14-4a7d-4ab3-adbe-2e67760b87f4@group-7E32184879DE: changes role from  FOLLOWER to FOLLOWER at term 374 for recognizeCandidate:f535bb4a-cba0-4f9b-9e3e-e4a48b3eda51
2019-10-18 11:25:03,414 [grpc-default-executor-1] INFO  impl.RoleInfo (RoleInfo.java:shutdownFollowerState(121)) - 54aabb14-4a7d-4ab3-adbe-2e67760b87f4: shutdown FollowerState
2019-10-18 11:25:03,414 [grpc-default-executor-0] INFO  impl.RaftServerImpl (RaftServerImpl.java:setRole(184)) - c652e2ee-3322-4406-8db6-1ea643cb3197@group-7E32184879DE: changes role from  FOLLOWER to FOLLOWER at term 374 for recognizeCandidate:f535bb4a-cba0-4f9b-9e3e-e4a48b3eda51
2019-10-18 11:25:03,414 [Thread-2261] INFO  impl.FollowerState (FollowerState.java:run(117)) - 54aabb14-4a7d-4ab3-adbe-2e67760b87f4@group-7E32184879DE-FollowerState was interrupted: java.lang.InterruptedException: sleep interrupted
2019-10-18 11:25:03,414 [grpc-default-executor-1] INFO  impl.RoleInfo (RoleInfo.java:updateAndGet(143)) - 54aabb14-4a7d-4ab3-adbe-2e67760b87f4: start FollowerState
2019-10-18 11:25:03,414 [grpc-default-executor-0] INFO  impl.RoleInfo (RoleInfo.java:shutdownFollowerState(121)) - c652e2ee-3322-4406-8db6-1ea643cb3197: shutdown FollowerState
2019-10-18 11:25:03,415 [grpc-default-executor-0] INFO  impl.RoleInfo (RoleInfo.java:updateAndGet(143)) - c652e2ee-3322-4406-8db6-1ea643cb3197: start FollowerState
2019-10-18 11:25:03,415 [Thread-2262] INFO  impl.FollowerState (FollowerState.java:run(117)) - c652e2ee-3322-4406-8db6-1ea643cb3197@group-7E32184879DE-FollowerState was interrupted: java.lang.InterruptedException: sleep interrupted
2019-10-18 11:25:03,419 [f535bb4a-cba0-4f9b-9e3e-e4a48b3eda51@group-7E32184879DE-LeaderElection319] INFO  impl.LeaderElection (LeaderElection.java:logAndReturn(56)) - f535bb4a-cba0-4f9b-9e3e-e4a48b3eda51@group-7E32184879DE-LeaderElection319: Election TIMEOUT; received 0 response(s) [] and 0 exception(s); f535bb4a-cba0-4f9b-9e3e-e4a48b3eda51@group-7E32184879DE:t374, leader=null, voted=f535bb4a-cba0-4f9b-9e3e-e4a48b3eda51, raftlog=f535bb4a-cba0-4f9b-9e3e-e4a48b3eda51@group-7E32184879DE-SegmentedRaftLog:OPENED:c-1,f-1,i0, conf=-1: [f535bb4a-cba0-4f9b-9e3e-e4a48b3eda51:0.0.0.0:44706, 54aabb14-4a7d-4ab3-adbe-2e67760b87f4:0.0.0.0:43074, c652e2ee-3322-4406-8db6-1ea643cb3197:0.0.0.0:42129], old=null
2019-10-18 11:25:03,438 [f535bb4a-cba0-4f9b-9e3e-e4a48b3eda51@group-7E32184879DE-LeaderElection319] INFO  impl.LeaderElection (LeaderElection.java:askForVotes(178)) - f535bb4a-cba0-4f9b-9e3e-e4a48b3eda51@group-7E32184879DE-LeaderElection319: begin an election at term 375 for -1: [f535bb4a-cba0-4f9b-9e3e-e4a48b3eda51:0.0.0.0:44706, 54aabb14-4a7d-4ab3-adbe-2e67760b87f4:0.0.0.0:43074, c652e2ee-3322-4406-8db6-1ea643cb3197:0.0.0.0:42129], old=null
2019-10-18 11:25:03,440 [grpc-default-executor-0] INFO  impl.RaftServerImpl (RaftServerImpl.java:setRole(184)) - c652e2ee-3322-4406-8db6-1ea643cb3197@group-7E32184879DE: changes role from  FOLLOWER to FOLLOWER at term 375 for recognizeCandidate:f535bb4a-cba0-4f9b-9e3e-e4a48b3eda51
2019-10-18 11:25:03,440 [grpc-default-executor-1] INFO  impl.RaftServerImpl (RaftServerImpl.java:setRole(184)) - 54aabb14-4a7d-4ab3-adbe-2e67760b87f4@group-7E32184879DE: changes role from  FOLLOWER to FOLLOWER at term 375 for recognizeCandidate:f535bb4a-cba0-4f9b-9e3e-e4a48b3eda51
2019-10-18 11:25:03,440 [grpc-default-executor-0] INFO  impl.RoleInfo (RoleInfo.java:shutdownFollowerState(121)) - c652e2ee-3322-4406-8db6-1ea643cb3197: shutdown FollowerState
2019-10-18 11:25:03,440 [grpc-default-executor-1] INFO  impl.RoleInfo (RoleInfo.java:shutdownFollowerState(121)) - 54aabb14-4a7d-4ab3-adbe-2e67760b87f4: shutdown FollowerState
2019-10-18 11:25:03,441 [Thread-2270] INFO  impl.FollowerState (FollowerState.java:run(117)) - c652e2ee-3322-4406-8db6-1ea643cb3197@group-7E32184879DE-FollowerState was interrupted: java.lang.InterruptedException: sleep interrupted
2019-10-18 11:25:03,441 [grpc-default-executor-0] INFO  impl.RoleInfo (RoleInfo.java:updateAndGet(143)) - c652e2ee-3322-4406-8db6-1ea643cb3197: start FollowerState
2019-10-18 11:25:03,441 [Thread-2269] INFO  impl.FollowerState (FollowerState.java:run(117)) - 54aabb14-4a7d-4ab3-adbe-2e67760b87f4@group-7E32184879DE-FollowerState was interrupted: java.lang.InterruptedException: sleep interrupted
2019-10-18 11:25:03,441 [grpc-default-executor-1] INFO  impl.RoleInfo (RoleInfo.java:updateAndGet(143)) - 54aabb14-4a7d-4ab3-adbe-2e67760b87f4: start FollowerState
2019-10-18 11:25:03,464 [f535bb4a-cba0-4f9b-9e3e-e4a48b3eda51@group-7E32184879DE-LeaderElection319] INFO  impl.LeaderElection (LeaderElection.java:logAndReturn(56)) - f535bb4a-cba0-4f9b-9e3e-e4a48b3eda51@group-7E32184879DE-LeaderElection319: Election REJECTED; received 2 response(s) [f535bb4a-cba0-4f9b-9e3e-e4a48b3eda51<-54aabb14-4a7d-4ab3-adbe-2e67760b87f4#0:FAIL-t375, f535bb4a-cba0-4f9b-9e3e-e4a48b3eda51<-c652e2ee-3322-4406-8db6-1ea643cb3197#0:FAIL-t375] and 0 exception(s); f535bb4a-cba0-4f9b-9e3e-e4a48b3eda51@group-7E32184879DE:t375, leader=null, voted=f535bb4a-cba0-4f9b-9e3e-e4a48b3eda51, raftlog=f535bb4a-cba0-4f9b-9e3e-e4a48b3eda51@group-7E32184879DE-SegmentedRaftLog:OPENED:c-1,f-1,i0, conf=-1: [f535bb4a-cba0-4f9b-9e3e-e4a48b3eda51:0.0.0.0:44706, 54aabb14-4a7d-4ab3-adbe-2e67760b87f4:0.0.0.0:43074, c652e2ee-3322-4406-8db6-1ea643cb3197:0.0.0.0:42129], old=null
2019-10-18 11:25:03,464 [f535bb4a-cba0-4f9b-9e3e-e4a48b3eda51@group-7E32184879DE-LeaderElection319] INFO  impl.RaftServerImpl (RaftServerImpl.java:setRole(184)) - f535bb4a-cba0-4f9b-9e3e-e4a48b3eda51@group-7E32184879DE: changes role from CANDIDATE to FOLLOWER at term 375 for DISCOVERED_A_NEW_TERM
2019-10-18 11:25:03,464 [f535bb4a-cba0-4f9b-9e3e-e4a48b3eda51@group-7E32184879DE-LeaderElection319] INFO  impl.RoleInfo (RoleInfo.java:shutdownLeaderElection(134)) - f535bb4a-cba0-4f9b-9e3e-e4a48b3eda51: shutdown LeaderElection
2019-10-18 11:25:03,464 [f535bb4a-cba0-4f9b-9e3e-e4a48b3eda51@group-7E32184879DE-LeaderElection319] INFO  impl.RoleInfo (RoleInfo.java:updateAndGet(143)) - f535bb4a-cba0-4f9b-9e3e-e4a48b3eda51: start FollowerState
2019-10-18 11:25:03,513 [Thread-2275] INFO  impl.FollowerState (FollowerState.java:run(108)) - f535bb4a-cba0-4f9b-9e3e-e4a48b3eda51@group-7E32184879DE-FollowerState: change to CANDIDATE, lastRpcTime:48ms, electionTimeout:48ms
2019-10-18 11:25:03,513 [Thread-2275] INFO  impl.RoleInfo (RoleInfo.java:shutdownFollowerState(121)) - f535bb4a-cba0-4f9b-9e3e-e4a48b3eda51: shutdown FollowerState
2019-10-18 11:25:03,513 [Thread-2275] INFO  impl.RaftServerImpl (RaftServerImpl.java:setRole(184)) - f535bb4a-cba0-4f9b-9e3e-e4a48b3eda51@group-7E32184879DE: changes role from  FOLLOWER to CANDIDATE at term 375 for changeToCandidate
2019-10-18 11:25:03,513 [Thread-2275] INFO  impl.RoleInfo (RoleInfo.java:updateAndGet(143)) - f535bb4a-cba0-4f9b-9e3e-e4a48b3eda51: start LeaderElection
2019-10-18 11:25:03,538 [f535bb4a-cba0-4f9b-9e3e-e4a48b3eda51@group-7E32184879DE-LeaderElection320] INFO  impl.LeaderElection (LeaderElection.java:askForVotes(178)) - f535bb4a-cba0-4f9b-9e3e-e4a48b3eda51@group-7E32184879DE-LeaderElection320: begin an election at term 376 for -1: [f535bb4a-cba0-4f9b-9e3e-e4a48b3eda51:0.0.0.0:44706, 54aabb14-4a7d-4ab3-adbe-2e67760b87f4:0.0.0.0:43074, c652e2ee-3322-4406-8db6-1ea643cb3197:0.0.0.0:42129], old=null
2019-10-18 11:25:03,540 [grpc-default-executor-1] INFO  impl.RaftServerImpl (RaftServerImpl.java:setRole(184)) - 54aabb14-4a7d-4ab3-adbe-2e67760b87f4@group-7E32184879DE: changes role from  FOLLOWER to FOLLOWER at term 376 for recognizeCandidate:f535bb4a-cba0-4f9b-9e3e-e4a48b3eda51
2019-10-18 11:25:03,540 [grpc-default-executor-0] INFO  impl.RaftServerImpl (RaftServerImpl.java:setRole(184)) - c652e2ee-3322-4406-8db6-1ea643cb3197@group-7E32184879DE: changes role from  FOLLOWER to FOLLOWER at term 376 for recognizeCandidate:f535bb4a-cba0-4f9b-9e3e-e4a48b3eda51
2019-10-18 11:25:03,540 [grpc-default-executor-1] INFO  impl.RoleInfo (RoleInfo.java:shutdownFollowerState(121)) - 54aabb14-4a7d-4ab3-adbe-2e67760b87f4: shutdown FollowerState
2019-10-18 11:25:03,540 [grpc-default-executor-0] INFO  impl.RoleInfo (RoleInfo.java:shutdownFollowerState(121)) - c652e2ee-3322-4406-8db6-1ea643cb3197: shutdown FollowerState
2019-10-18 11:25:03,541 [Thread-2274] INFO  impl.FollowerState (FollowerState.java:run(117)) - 54aabb14-4a7d-4ab3-adbe-2e67760b87f4@group-7E32184879DE-FollowerState was interrupted: java.lang.InterruptedException: sleep interrupted
2019-10-18 11:25:03,541 [Thread-2273] INFO  impl.FollowerState (FollowerState.java:run(117)) - c652e2ee-3322-4406-8db6-1ea643cb3197@group-7E32184879DE-FollowerState was interrupted: java.lang.InterruptedException: sleep interrupted
2019-10-18 11:25:03,540 [grpc-default-executor-1] INFO  impl.RoleInfo (RoleInfo.java:updateAndGet(143)) - 54aabb14-4a7d-4ab3-adbe-2e67760b87f4: start FollowerState
2019-10-18 11:25:03,541 [grpc-default-executor-0] INFO  impl.RoleInfo (RoleInfo.java:updateAndGet(143)) - c652e2ee-3322-4406-8db6-1ea643cb3197: start FollowerState
2019-10-18 11:25:03,564 [f535bb4a-cba0-4f9b-9e3e-e4a48b3eda51@group-7E32184879DE-LeaderElection320] INFO  impl.LeaderElection (LeaderElection.java:logAndReturn(56)) - f535bb4a-cba0-4f9b-9e3e-e4a48b3eda51@group-7E32184879DE-LeaderElection320: Election REJECTED; received 2 response(s) [f535bb4a-cba0-4f9b-9e3e-e4a48b3eda51<-54aabb14-4a7d-4ab3-adbe-2e67760b87f4#0:FAIL-t376, f535bb4a-cba0-4f9b-9e3e-e4a48b3eda51<-c652e2ee-3322-4406-8db6-1ea643cb3197#0:FAIL-t376] and 0 exception(s); f535bb4a-cba0-4f9b-9e3e-e4a48b3eda51@group-7E32184879DE:t376, leader=null, voted=f535bb4a-cba0-4f9b-9e3e-e4a48b3eda51, raftlog=f535bb4a-cba0-4f9b-9e3e-e4a48b3eda51@group-7E32184879DE-SegmentedRaftLog:OPENED:c-1,f-1,i0, conf=-1: [f535bb4a-cba0-4f9b-9e3e-e4a48b3eda51:0.0.0.0:44706, 54aabb14-4a7d-4ab3-adbe-2e67760b87f4:0.0.0.0:43074, c652e2ee-3322-4406-8db6-1ea643cb3197:0.0.0.0:42129], old=null
2019-10-18 11:25:03,564 [f535bb4a-cba0-4f9b-9e3e-e4a48b3eda51@group-7E32184879DE-LeaderElection320] INFO  impl.RaftServerImpl (RaftServerImpl.java:setRole(184)) - f535bb4a-cba0-4f9b-9e3e-e4a48b3eda51@group-7E32184879DE: changes role from CANDIDATE to FOLLOWER at term 376 for DISCOVERED_A_NEW_TERM
2019-10-18 11:25:03,564 [f535bb4a-cba0-4f9b-9e3e-e4a48b3eda51@group-7E32184879DE-LeaderElection320] INFO  impl.RoleInfo (RoleInfo.java:shutdownLeaderElection(134)) - f535bb4a-cba0-4f9b-9e3e-e4a48b3eda51: shutdown LeaderElection
2019-10-18 11:25:03,565 [f535bb4a-cba0-4f9b-9e3e-e4a48b3eda51@group-7E32184879DE-LeaderElection320] INFO  impl.RoleInfo (RoleInfo.java:updateAndGet(143)) - f535bb4a-cba0-4f9b-9e3e-e4a48b3eda51: start FollowerState
2019-10-18 11:25:03,665 [Thread-2281] INFO  impl.FollowerState (FollowerState.java:run(108)) - f535bb4a-cba0-4f9b-9e3e-e4a48b3eda51@group-7E32184879DE-FollowerState: change to CANDIDATE, lastRpcTime:100ms, electionTimeout:100ms
2019-10-18 11:25:03,665 [Thread-2281] INFO  impl.RoleInfo (RoleInfo.java:shutdownFollowerState(121)) - f535bb4a-cba0-4f9b-9e3e-e4a48b3eda51: shutdown FollowerState
2019-10-18 11:25:03,665 [Thread-2281] INFO  impl.RaftServerImpl (RaftServerImpl.java:setRole(184)) - f535bb4a-cba0-4f9b-9e3e-e4a48b3eda51@group-7E32184879DE: changes role from  FOLLOWER to CANDIDATE at term 376 for changeToCandidate
2019-10-18 11:25:03,665 [Thread-2281] INFO  impl.RoleInfo (RoleInfo.java:updateAndGet(143)) - f535bb4a-cba0-4f9b-9e3e-e4a48b3eda51: start LeaderElection
2019-10-18 11:25:03,690 [f535bb4a-cba0-4f9b-9e3e-e4a48b3eda51@group-7E32184879DE-LeaderElection321] INFO  impl.LeaderElection (LeaderElection.java:askForVotes(178)) - f535bb4a-cba0-4f9b-9e3e-e4a48b3eda51@group-7E32184879DE-LeaderElection321: begin an election at term 377 for -1: [f535bb4a-cba0-4f9b-9e3e-e4a48b3eda51:0.0.0.0:44706, 54aabb14-4a7d-4ab3-adbe-2e67760b87f4:0.0.0.0:43074, c652e2ee-3322-4406-8db6-1ea643cb3197:0.0.0.0:42129], old=null
2019-10-18 11:25:03,692 [grpc-default-executor-1] INFO  impl.RaftServerImpl (RaftServerImpl.java:setRole(184)) - 54aabb14-4a7d-4ab3-adbe-2e67760b87f4@group-7E32184879DE: changes role from  FOLLOWER to FOLLOWER at term 377 for recognizeCandidate:f535bb4a-cba0-4f9b-9e3e-e4a48b3eda51
2019-10-18 11:25:03,692 [grpc-default-executor-1] INFO  impl.RoleInfo (RoleInfo.java:shutdownFollowerState(121)) - 54aabb14-4a7d-4ab3-adbe-2e67760b87f4: shutdown FollowerState
2019-10-18 11:25:03,692 [grpc-default-executor-0] INFO  impl.RaftServerImpl (RaftServerImpl.java:setRole(184)) - c652e2ee-3322-4406-8db6-1ea643cb3197@group-7E32184879DE: changes role from  FOLLOWER to FOLLOWER at term 377 for recognizeCandidate:f535bb4a-cba0-4f9b-9e3e-e4a48b3eda51
2019-10-18 11:25:03,692 [grpc-default-executor-0] INFO  impl.RoleInfo (RoleInfo.java:shutdownFollowerState(121)) - c652e2ee-3322-4406-8db6-1ea643cb3197: shutdown FollowerState
2019-10-18 11:25:03,692 [Thread-2279] INFO  impl.FollowerState (FollowerState.java:run(117)) - 54aabb14-4a7d-4ab3-adbe-2e67760b87f4@group-7E32184879DE-FollowerState was interrupted: java.lang.InterruptedException: sleep interrupted
2019-10-18 11:25:03,692 [grpc-default-executor-1] INFO  impl.RoleInfo (RoleInfo.java:updateAndGet(143)) - 54aabb14-4a7d-4ab3-adbe-2e67760b87f4: start FollowerState
2019-10-18 11:25:03,692 [Thread-2280] INFO  impl.FollowerState (FollowerState.java:run(117)) - c652e2ee-3322-4406-8db6-1ea643cb3197@group-7E32184879DE-FollowerState was interrupted: java.lang.InterruptedException: sleep interrupted
2019-10-18 11:25:03,692 [grpc-default-executor-0] INFO  impl.RoleInfo (RoleInfo.java:updateAndGet(143)) - c652e2ee-3322-4406-8db6-1ea643cb3197: start FollowerState
2019-10-18 11:25:03,910 [f535bb4a-cba0-4f9b-9e3e-e4a48b3eda51@group-7E32184879DE-LeaderElection321] INFO  impl.LeaderElection (LeaderElection.java:logAndReturn(56)) - f535bb4a-cba0-4f9b-9e3e-e4a48b3eda51@group-7E32184879DE-LeaderElection321: Election TIMEOUT; received 0 response(s) [] and 0 exception(s); f535bb4a-cba0-4f9b-9e3e-e4a48b3eda51@group-7E32184879DE:t377, leader=null, voted=f535bb4a-cba0-4f9b-9e3e-e4a48b3eda51, raftlog=f535bb4a-cba0-4f9b-9e3e-e4a48b3eda51@group-7E32184879DE-SegmentedRaftLog:OPENED:c-1,f-1,i0, conf=-1: [f535bb4a-cba0-4f9b-9e3e-e4a48b3eda51:0.0.0.0:44706, 54aabb14-4a7d-4ab3-adbe-2e67760b87f4:0.0.0.0:43074, c652e2ee-3322-4406-8db6-1ea643cb3197:0.0.0.0:42129], old=null
2019-10-18 11:25:03,932 [f535bb4a-cba0-4f9b-9e3e-e4a48b3eda51@group-7E32184879DE-LeaderElection321] INFO  impl.LeaderElection (LeaderElection.java:askForVotes(178)) - f535bb4a-cba0-4f9b-9e3e-e4a48b3eda51@group-7E32184879DE-LeaderElection321: begin an election at term 378 for -1: [f535bb4a-cba0-4f9b-9e3e-e4a48b3eda51:0.0.0.0:44706, 54aabb14-4a7d-4ab3-adbe-2e67760b87f4:0.0.0.0:43074, c652e2ee-3322-4406-8db6-1ea643cb3197:0.0.0.0:42129], old=null
2019-10-18 11:25:03,934 [grpc-default-executor-0] INFO  impl.RaftServerImpl (RaftServerImpl.java:setRole(184)) - 54aabb14-4a7d-4ab3-adbe-2e67760b87f4@group-7E32184879DE: changes role from  FOLLOWER to FOLLOWER at term 378 for recognizeCandidate:f535bb4a-cba0-4f9b-9e3e-e4a48b3eda51
2019-10-18 11:25:03,934 [grpc-default-executor-1] INFO  impl.RaftServerImpl (RaftServerImpl.java:setRole(184)) - c652e2ee-3322-4406-8db6-1ea643cb3197@group-7E32184879DE: changes role from  FOLLOWER to FOLLOWER at term 378 for recognizeCandidate:f535bb4a-cba0-4f9b-9e3e-e4a48b3eda51
2019-10-18 11:25:03,934 [grpc-default-executor-0] INFO  impl.RoleInfo (RoleInfo.java:shutdownFollowerState(121)) - 54aabb14-4a7d-4ab3-adbe-2e67760b87f4: shutdown FollowerState
2019-10-18 11:25:03,934 [grpc-default-executor-1] INFO  impl.RoleInfo (RoleInfo.java:shutdownFollowerState(121)) - c652e2ee-3322-4406-8db6-1ea643cb3197: shutdown FollowerState
2019-10-18 11:25:03,935 [Thread-2285] INFO  impl.FollowerState (FollowerState.java:run(117)) - 54aabb14-4a7d-4ab3-adbe-2e67760b87f4@group-7E32184879DE-FollowerState was interrupted: java.lang.InterruptedException: sleep interrupted
2019-10-18 11:25:03,935 [Thread-2286] INFO  impl.FollowerState (FollowerState.java:run(117)) - c652e2ee-3322-4406-8db6-1ea643cb3197@group-7E32184879DE-FollowerState was interrupted: java.lang.InterruptedException: sleep interrupted
2019-10-18 11:25:03,935 [grpc-default-executor-0] INFO  impl.RoleInfo (RoleInfo.java:updateAndGet(143)) - 54aabb14-4a7d-4ab3-adbe-2e67760b87f4: start FollowerState
2019-10-18 11:25:03,935 [grpc-default-executor-1] INFO  impl.RoleInfo (RoleInfo.java:updateAndGet(143)) - c652e2ee-3322-4406-8db6-1ea643cb3197: start FollowerState
2019-10-18 11:25:03,959 [f535bb4a-cba0-4f9b-9e3e-e4a48b3eda51@group-7E32184879DE-LeaderElection321] INFO  impl.LeaderElection (LeaderElection.java:logAndReturn(56)) - f535bb4a-cba0-4f9b-9e3e-e4a48b3eda51@group-7E32184879DE-LeaderElection321: Election REJECTED; received 2 response(s) [f535bb4a-cba0-4f9b-9e3e-e4a48b3eda51<-54aabb14-4a7d-4ab3-adbe-2e67760b87f4#0:FAIL-t378, f535bb4a-cba0-4f9b-9e3e-e4a48b3eda51<-c652e2ee-3322-4406-8db6-1ea643cb3197#0:FAIL-t378] and 0 exception(s); f535bb4a-cba0-4f9b-9e3e-e4a48b3eda51@group-7E32184879DE:t378, leader=null, voted=f535bb4a-cba0-4f9b-9e3e-e4a48b3eda51, raftlog=f535bb4a-cba0-4f9b-9e3e-e4a48b3eda51@group-7E32184879DE-SegmentedRaftLog:OPENED:c-1,f-1,i0, conf=-1: [f535bb4a-cba0-4f9b-9e3e-e4a48b3eda51:0.0.0.0:44706, 54aabb14-4a7d-4ab3-adbe-2e67760b87f4:0.0.0.0:43074, c652e2ee-3322-4406-8db6-1ea643cb3197:0.0.0.0:42129], old=null
2019-10-18 11:25:03,959 [f535bb4a-cba0-4f9b-9e3e-e4a48b3eda51@group-7E32184879DE-LeaderElection321] INFO  impl.RaftServerImpl (RaftServerImpl.java:setRole(184)) - f535bb4a-cba0-4f9b-9e3e-e4a48b3eda51@group-7E32184879DE: changes role from CANDIDATE to FOLLOWER at term 378 for DISCOVERED_A_NEW_TERM
2019-10-18 11:25:03,959 [f535bb4a-cba0-4f9b-9e3e-e4a48b3eda51@group-7E32184879DE-LeaderElection321] INFO  impl.RoleInfo (RoleInfo.java:shutdownLeaderElection(134)) - f535bb4a-cba0-4f9b-9e3e-e4a48b3eda51: shutdown LeaderElection
2019-10-18 11:25:03,959 [f535bb4a-cba0-4f9b-9e3e-e4a48b3eda51@group-7E32184879DE-LeaderElection321] INFO  impl.RoleInfo (RoleInfo.java:updateAndGet(143)) - f535bb4a-cba0-4f9b-9e3e-e4a48b3eda51: start FollowerState
2019-10-18 11:25:04,045 [Thread-2291] INFO  impl.FollowerState (FollowerState.java:run(108)) - f535bb4a-cba0-4f9b-9e3e-e4a48b3eda51@group-7E32184879DE-FollowerState: change to CANDIDATE, lastRpcTime:85ms, electionTimeout:85ms
2019-10-18 11:25:04,045 [Thread-2291] INFO  impl.RoleInfo (RoleInfo.java:shutdownFollowerState(121)) - f535bb4a-cba0-4f9b-9e3e-e4a48b3eda51: shutdown FollowerState
2019-10-18 11:25:04,045 [Thread-2291] INFO  impl.RaftServerImpl (RaftServerImpl.java:setRole(184)) - f535bb4a-cba0-4f9b-9e3e-e4a48b3eda51@group-7E32184879DE: changes role from  FOLLOWER to CANDIDATE at term 378 for changeToCandidate
2019-10-18 11:25:04,045 [Thread-2291] INFO  impl.RoleInfo (RoleInfo.java:updateAndGet(143)) - f535bb4a-cba0-4f9b-9e3e-e4a48b3eda51: start LeaderElection
2019-10-18 11:25:04,075 [f535bb4a-cba0-4f9b-9e3e-e4a48b3eda51@group-7E32184879DE-LeaderElection322] INFO  impl.LeaderElection (LeaderElection.java:askForVotes(178)) - f535bb4a-cba0-4f9b-9e3e-e4a48b3eda51@group-7E32184879DE-LeaderElection322: begin an election at term 379 for -1: [f535bb4a-cba0-4f9b-9e3e-e4a48b3eda51:0.0.0.0:44706, 54aabb14-4a7d-4ab3-adbe-2e67760b87f4:0.0.0.0:43074, c652e2ee-3322-4406-8db6-1ea643cb3197:0.0.0.0:42129], old=null
2019-10-18 11:25:04,076 [grpc-default-executor-1] INFO  impl.RaftServerImpl (RaftServerImpl.java:setRole(184)) - c652e2ee-3322-4406-8db6-1ea643cb3197@group-7E32184879DE: changes role from  FOLLOWER to FOLLOWER at term 379 for recognizeCandidate:f535bb4a-cba0-4f9b-9e3e-e4a48b3eda51
2019-10-18 11:25:04,076 [grpc-default-executor-0] INFO  impl.RaftServerImpl (RaftServerImpl.java:setRole(184)) - 54aabb14-4a7d-4ab3-adbe-2e67760b87f4@group-7E32184879DE: changes role from  FOLLOWER to FOLLOWER at term 379 for recognizeCandidate:f535bb4a-cba0-4f9b-9e3e-e4a48b3eda51
2019-10-18 11:25:04,077 [grpc-default-executor-1] INFO  impl.RoleInfo (RoleInfo.java:shutdownFollowerState(121)) - c652e2ee-3322-4406-8db6-1ea643cb3197: shutdown FollowerState
2019-10-18 11:25:04,077 [grpc-default-executor-0] INFO  impl.RoleInfo (RoleInfo.java:shutdownFollowerState(121)) - 54aabb14-4a7d-4ab3-adbe-2e67760b87f4: shutdown FollowerState
2019-10-18 11:25:04,077 [Thread-2290] INFO  impl.FollowerState (FollowerState.java:run(117)) - c652e2ee-3322-4406-8db6-1ea643cb3197@group-7E32184879DE-FollowerState was interrupted: java.lang.InterruptedException: sleep interrupted
2019-10-18 11:25:04,077 [grpc-default-executor-1] INFO  impl.RoleInfo (RoleInfo.java:updateAndGet(143)) - c652e2ee-3322-4406-8db6-1ea643cb3197: start FollowerState
2019-10-18 11:25:04,077 [Thread-2289] INFO  impl.FollowerState (FollowerState.java:run(117)) - 54aabb14-4a7d-4ab3-adbe-2e67760b87f4@group-7E32184879DE-FollowerState was interrupted: java.lang.InterruptedException: sleep interrupted
2019-10-18 11:25:04,077 [grpc-default-executor-0] INFO  impl.RoleInfo (RoleInfo.java:updateAndGet(143)) - 54aabb14-4a7d-4ab3-adbe-2e67760b87f4: start FollowerState
2019-10-18 11:25:04,101 [f535bb4a-cba0-4f9b-9e3e-e4a48b3eda51@group-7E32184879DE-LeaderElection322] INFO  impl.LeaderElection (LeaderElection.java:logAndReturn(56)) - f535bb4a-cba0-4f9b-9e3e-e4a48b3eda51@group-7E32184879DE-LeaderElection322: Election REJECTED; received 2 response(s) [f535bb4a-cba0-4f9b-9e3e-e4a48b3eda51<-54aabb14-4a7d-4ab3-adbe-2e67760b87f4#0:FAIL-t379, f535bb4a-cba0-4f9b-9e3e-e4a48b3eda51<-c652e2ee-3322-4406-8db6-1ea643cb3197#0:FAIL-t379] and 0 exception(s); f535bb4a-cba0-4f9b-9e3e-e4a48b3eda51@group-7E32184879DE:t379, leader=null, voted=f535bb4a-cba0-4f9b-9e3e-e4a48b3eda51, raftlog=f535bb4a-cba0-4f9b-9e3e-e4a48b3eda51@group-7E32184879DE-SegmentedRaftLog:OPENED:c-1,f-1,i0, conf=-1: [f535bb4a-cba0-4f9b-9e3e-e4a48b3eda51:0.0.0.0:44706, 54aabb14-4a7d-4ab3-adbe-2e67760b87f4:0.0.0.0:43074, c652e2ee-3322-4406-8db6-1ea643cb3197:0.0.0.0:42129], old=null
2019-10-18 11:25:04,101 [f535bb4a-cba0-4f9b-9e3e-e4a48b3eda51@group-7E32184879DE-LeaderElection322] INFO  impl.RaftServerImpl (RaftServerImpl.java:setRole(184)) - f535bb4a-cba0-4f9b-9e3e-e4a48b3eda51@group-7E32184879DE: changes role from CANDIDATE to FOLLOWER at term 379 for DISCOVERED_A_NEW_TERM
2019-10-18 11:25:04,101 [f535bb4a-cba0-4f9b-9e3e-e4a48b3eda51@group-7E32184879DE-LeaderElection322] INFO  impl.RoleInfo (RoleInfo.java:shutdownLeaderElection(134)) - f535bb4a-cba0-4f9b-9e3e-e4a48b3eda51: shutdown LeaderElection
2019-10-18 11:25:04,101 [f535bb4a-cba0-4f9b-9e3e-e4a48b3eda51@group-7E32184879DE-LeaderElection322] INFO  impl.RoleInfo (RoleInfo.java:updateAndGet(143)) - f535bb4a-cba0-4f9b-9e3e-e4a48b3eda51: start FollowerState
2019-10-18 11:25:04,152 [Thread-2297] INFO  impl.FollowerState (FollowerState.java:run(108)) - f535bb4a-cba0-4f9b-9e3e-e4a48b3eda51@group-7E32184879DE-FollowerState: change to CANDIDATE, lastRpcTime:51ms, electionTimeout:51ms
2019-10-18 11:25:04,153 [Thread-2297] INFO  impl.RoleInfo (RoleInfo.java:shutdownFollowerState(121)) - f535bb4a-cba0-4f9b-9e3e-e4a48b3eda51: shutdown FollowerState
2019-10-18 11:25:04,153 [Thread-2297] INFO  impl.RaftServerImpl (RaftServerImpl.java:setRole(184)) - f535bb4a-cba0-4f9b-9e3e-e4a48b3eda51@group-7E32184879DE: changes role from  FOLLOWER to CANDIDATE at term 379 for changeToCandidate
2019-10-18 11:25:04,153 [Thread-2297] INFO  impl.RoleInfo (RoleInfo.java:updateAndGet(143)) - f535bb4a-cba0-4f9b-9e3e-e4a48b3eda51: start LeaderElection
2019-10-18 11:25:04,184 [f535bb4a-cba0-4f9b-9e3e-e4a48b3eda51@group-7E32184879DE-LeaderElection323] INFO  impl.LeaderElection (LeaderElection.java:askForVotes(178)) - f535bb4a-cba0-4f9b-9e3e-e4a48b3eda51@group-7E32184879DE-LeaderElection323: begin an election at term 380 for -1: [f535bb4a-cba0-4f9b-9e3e-e4a48b3eda51:0.0.0.0:44706, 54aabb14-4a7d-4ab3-adbe-2e67760b87f4:0.0.0.0:43074, c652e2ee-3322-4406-8db6-1ea643cb3197:0.0.0.0:42129], old=null
2019-10-18 11:25:04,185 [grpc-default-executor-0] INFO  impl.RaftServerImpl (RaftServerImpl.java:setRole(184)) - 54aabb14-4a7d-4ab3-adbe-2e67760b87f4@group-7E32184879DE: changes role from  FOLLOWER to FOLLOWER at term 380 for recognizeCandidate:f535bb4a-cba0-4f9b-9e3e-e4a48b3eda51
2019-10-18 11:25:04,185 [grpc-default-executor-1] INFO  impl.RaftServerImpl (RaftServerImpl.java:setRole(184)) - c652e2ee-3322-4406-8db6-1ea643cb3197@group-7E32184879DE: changes role from  FOLLOWER to FOLLOWER at term 380 for recognizeCandidate:f535bb4a-cba0-4f9b-9e3e-e4a48b3eda51
2019-10-18 11:25:04,186 [grpc-default-executor-1] INFO  impl.RoleInfo (RoleInfo.java:shutdownFollowerState(121)) - c652e2ee-3322-4406-8db6-1ea643cb3197: shutdown FollowerState
2019-10-18 11:25:04,186 [grpc-default-executor-0] INFO  impl.RoleInfo (RoleInfo.java:shutdownFollowerState(121)) - 54aabb14-4a7d-4ab3-adbe-2e67760b87f4: shutdown FollowerState
2019-10-18 11:25:04,186 [Thread-2295] INFO  impl.FollowerState (FollowerState.java:run(117)) - c652e2ee-3322-4406-8db6-1ea643cb3197@group-7E32184879DE-FollowerState was interrupted: java.lang.InterruptedException: sleep interrupted
2019-10-18 11:25:04,186 [grpc-default-executor-1] INFO  impl.RoleInfo (RoleInfo.java:updateAndGet(143)) - c652e2ee-3322-4406-8db6-1ea643cb3197: start FollowerState
2019-10-18 11:25:04,186 [Thread-2296] INFO  impl.FollowerState (FollowerState.java:run(117)) - 54aabb14-4a7d-4ab3-adbe-2e67760b87f4@group-7E32184879DE-FollowerState was interrupted: java.lang.InterruptedException: sleep interrupted
2019-10-18 11:25:04,186 [grpc-default-executor-0] INFO  impl.RoleInfo (RoleInfo.java:updateAndGet(143)) - 54aabb14-4a7d-4ab3-adbe-2e67760b87f4: start FollowerState
2019-10-18 11:25:04,186 [f535bb4a-cba0-4f9b-9e3e-e4a48b3eda51@group-7E32184879DE-LeaderElection323] INFO  impl.LeaderElection (LeaderElection.java:logAndReturn(56)) - f535bb4a-cba0-4f9b-9e3e-e4a48b3eda51@group-7E32184879DE-LeaderElection323: Election TIMEOUT; received 0 response(s) [] and 0 exception(s); f535bb4a-cba0-4f9b-9e3e-e4a48b3eda51@group-7E32184879DE:t380, leader=null, voted=f535bb4a-cba0-4f9b-9e3e-e4a48b3eda51, raftlog=f535bb4a-cba0-4f9b-9e3e-e4a48b3eda51@group-7E32184879DE-SegmentedRaftLog:OPENED:c-1,f-1,i0, conf=-1: [f535bb4a-cba0-4f9b-9e3e-e4a48b3eda51:0.0.0.0:44706, 54aabb14-4a7d-4ab3-adbe-2e67760b87f4:0.0.0.0:43074, c652e2ee-3322-4406-8db6-1ea643cb3197:0.0.0.0:42129], old=null
2019-10-18 11:25:04,209 [f535bb4a-cba0-4f9b-9e3e-e4a48b3eda51@group-7E32184879DE-LeaderElection323] INFO  impl.LeaderElection (LeaderElection.java:askForVotes(178)) - f535bb4a-cba0-4f9b-9e3e-e4a48b3eda51@group-7E32184879DE-LeaderElection323: begin an election at term 381 for -1: [f535bb4a-cba0-4f9b-9e3e-e4a48b3eda51:0.0.0.0:44706, 54aabb14-4a7d-4ab3-adbe-2e67760b87f4:0.0.0.0:43074, c652e2ee-3322-4406-8db6-1ea643cb3197:0.0.0.0:42129], old=null
2019-10-18 11:25:04,210 [grpc-default-executor-1] INFO  impl.RaftServerImpl (RaftServerImpl.java:setRole(184)) - 54aabb14-4a7d-4ab3-adbe-2e67760b87f4@group-7E32184879DE: changes role from  FOLLOWER to FOLLOWER at term 381 for recognizeCandidate:f535bb4a-cba0-4f9b-9e3e-e4a48b3eda51
2019-10-18 11:25:04,210 [grpc-default-executor-1] INFO  impl.RoleInfo (RoleInfo.java:shutdownFollowerState(121)) - 54aabb14-4a7d-4ab3-adbe-2e67760b87f4: shutdown FollowerState
2019-10-18 11:25:04,210 [grpc-default-executor-0] INFO  impl.RaftServerImpl (RaftServerImpl.java:setRole(184)) - c652e2ee-3322-4406-8db6-1ea643cb3197@group-7E32184879DE: changes role from  FOLLOWER to FOLLOWER at term 381 for recognizeCandidate:f535bb4a-cba0-4f9b-9e3e-e4a48b3eda51
2019-10-18 11:25:04,211 [grpc-default-executor-0] INFO  impl.RoleInfo (RoleInfo.java:shutdownFollowerState(121)) - c652e2ee-3322-4406-8db6-1ea643cb3197: shutdown FollowerState
2019-10-18 11:25:04,211 [Thread-2302] INFO  impl.FollowerState (FollowerState.java:run(117)) - 54aabb14-4a7d-4ab3-adbe-2e67760b87f4@group-7E32184879DE-FollowerState was interrupted: java.lang.InterruptedException: sleep interrupted
2019-10-18 11:25:04,211 [grpc-default-executor-1] INFO  impl.RoleInfo (RoleInfo.java:updateAndGet(143)) - 54aabb14-4a7d-4ab3-adbe-2e67760b87f4: start FollowerState
2019-10-18 11:25:04,211 [Thread-2301] INFO  impl.FollowerState (FollowerState.java:run(117)) - c652e2ee-3322-4406-8db6-1ea643cb3197@group-7E32184879DE-FollowerState was interrupted: java.lang.InterruptedException: sleep interrupted
2019-10-18 11:25:04,211 [grpc-default-executor-0] INFO  impl.RoleInfo (RoleInfo.java:updateAndGet(143)) - c652e2ee-3322-4406-8db6-1ea643cb3197: start FollowerState
2019-10-18 11:25:04,235 [f535bb4a-cba0-4f9b-9e3e-e4a48b3eda51@group-7E32184879DE-LeaderElection323] INFO  impl.LeaderElection (LeaderElection.java:logAndReturn(56)) - f535bb4a-cba0-4f9b-9e3e-e4a48b3eda51@group-7E32184879DE-LeaderElection323: Election REJECTED; received 2 response(s) [f535bb4a-cba0-4f9b-9e3e-e4a48b3eda51<-54aabb14-4a7d-4ab3-adbe-2e67760b87f4#0:FAIL-t381, f535bb4a-cba0-4f9b-9e3e-e4a48b3eda51<-c652e2ee-3322-4406-8db6-1ea643cb3197#0:FAIL-t381] and 0 exception(s); f535bb4a-cba0-4f9b-9e3e-e4a48b3eda51@group-7E32184879DE:t381, leader=null, voted=f535bb4a-cba0-4f9b-9e3e-e4a48b3eda51, raftlog=f535bb4a-cba0-4f9b-9e3e-e4a48b3eda51@group-7E32184879DE-SegmentedRaftLog:OPENED:c-1,f-1,i0, conf=-1: [f535bb4a-cba0-4f9b-9e3e-e4a48b3eda51:0.0.0.0:44706, 54aabb14-4a7d-4ab3-adbe-2e67760b87f4:0.0.0.0:43074, c652e2ee-3322-4406-8db6-1ea643cb3197:0.0.0.0:42129], old=null
2019-10-18 11:25:04,235 [f535bb4a-cba0-4f9b-9e3e-e4a48b3eda51@group-7E32184879DE-LeaderElection323] INFO  impl.RaftServerImpl (RaftServerImpl.java:setRole(184)) - f535bb4a-cba0-4f9b-9e3e-e4a48b3eda51@group-7E32184879DE: changes role from CANDIDATE to FOLLOWER at term 381 for DISCOVERED_A_NEW_TERM
2019-10-18 11:25:04,235 [f535bb4a-cba0-4f9b-9e3e-e4a48b3eda51@group-7E32184879DE-LeaderElection323] INFO  impl.RoleInfo (RoleInfo.java:shutdownLeaderElection(134)) - f535bb4a-cba0-4f9b-9e3e-e4a48b3eda51: shutdown LeaderElection
2019-10-18 11:25:04,235 [f535bb4a-cba0-4f9b-9e3e-e4a48b3eda51@group-7E32184879DE-LeaderElection323] INFO  impl.RoleInfo (RoleInfo.java:updateAndGet(143)) - f535bb4a-cba0-4f9b-9e3e-e4a48b3eda51: start FollowerState
2019-10-18 11:25:04,261 [Thread-2307] INFO  impl.FollowerState (FollowerState.java:run(108)) - f535bb4a-cba0-4f9b-9e3e-e4a48b3eda51@group-7E32184879DE-FollowerState: change to CANDIDATE, lastRpcTime:25ms, electionTimeout:25ms
2019-10-18 11:25:04,261 [Thread-2307] INFO  impl.RoleInfo (RoleInfo.java:shutdownFollowerState(121)) - f535bb4a-cba0-4f9b-9e3e-e4a48b3eda51: shutdown FollowerState
2019-10-18 11:25:04,261 [Thread-2307] INFO  impl.RaftServerImpl (RaftServerImpl.java:setRole(184)) - f535bb4a-cba0-4f9b-9e3e-e4a48b3eda51@group-7E32184879DE: changes role from  FOLLOWER to CANDIDATE at term 381 for changeToCandidate
2019-10-18 11:25:04,261 [Thread-2307] INFO  impl.RoleInfo (RoleInfo.java:updateAndGet(143)) - f535bb4a-cba0-4f9b-9e3e-e4a48b3eda51: start LeaderElection
2019-10-18 11:25:04,285 [f535bb4a-cba0-4f9b-9e3e-e4a48b3eda51@group-7E32184879DE-LeaderElection324] INFO  impl.LeaderElection (LeaderElection.java:askForVotes(178)) - f535bb4a-cba0-4f9b-9e3e-e4a48b3eda51@group-7E32184879DE-LeaderElection324: begin an election at term 382 for -1: [f535bb4a-cba0-4f9b-9e3e-e4a48b3eda51:0.0.0.0:44706, 54aabb14-4a7d-4ab3-adbe-2e67760b87f4:0.0.0.0:43074, c652e2ee-3322-4406-8db6-1ea643cb3197:0.0.0.0:42129], old=null
2019-10-18 11:25:04,286 [grpc-default-executor-0] INFO  impl.RaftServerImpl (RaftServerImpl.java:setRole(184)) - c652e2ee-3322-4406-8db6-1ea643cb3197@group-7E32184879DE: changes role from  FOLLOWER to FOLLOWER at term 382 for recognizeCandidate:f535bb4a-cba0-4f9b-9e3e-e4a48b3eda51
2019-10-18 11:25:04,286 [grpc-default-executor-0] INFO  impl.RoleInfo (RoleInfo.java:shutdownFollowerState(121)) - c652e2ee-3322-4406-8db6-1ea643cb3197: shutdown FollowerState
2019-10-18 11:25:04,286 [grpc-default-executor-0] INFO  impl.RoleInfo (RoleInfo.java:updateAndGet(143)) - c652e2ee-3322-4406-8db6-1ea643cb3197: start FollowerState
2019-10-18 11:25:04,286 [Thread-2306] INFO  impl.FollowerState (FollowerState.java:run(117)) - c652e2ee-3322-4406-8db6-1ea643cb3197@group-7E32184879DE-FollowerState was interrupted: java.lang.InterruptedException: sleep interrupted
2019-10-18 11:25:04,286 [grpc-default-executor-1] INFO  impl.RaftServerImpl (RaftServerImpl.java:setRole(184)) - 54aabb14-4a7d-4ab3-adbe-2e67760b87f4@group-7E32184879DE: changes role from  FOLLOWER to FOLLOWER at term 382 for recognizeCandidate:f535bb4a-cba0-4f9b-9e3e-e4a48b3eda51
2019-10-18 11:25:04,287 [grpc-default-executor-1] INFO  impl.RoleInfo (RoleInfo.java:shutdownFollowerState(121)) - 54aabb14-4a7d-4ab3-adbe-2e67760b87f4: shutdown FollowerState
2019-10-18 11:25:04,287 [grpc-default-executor-1] INFO  impl.RoleInfo (RoleInfo.java:updateAndGet(143)) - 54aabb14-4a7d-4ab3-adbe-2e67760b87f4: start FollowerState
2019-10-18 11:25:04,287 [Thread-2305] INFO  impl.FollowerState (FollowerState.java:run(117)) - 54aabb14-4a7d-4ab3-adbe-2e67760b87f4@group-7E32184879DE-FollowerState was interrupted: java.lang.InterruptedException: sleep interrupted
2019-10-18 11:25:04,310 [f535bb4a-cba0-4f9b-9e3e-e4a48b3eda51@group-7E32184879DE-LeaderElection324] INFO  impl.LeaderElection (LeaderElection.java:logAndReturn(56)) - f535bb4a-cba0-4f9b-9e3e-e4a48b3eda51@group-7E32184879DE-LeaderElection324: Election REJECTED; received 2 response(s) [f535bb4a-cba0-4f9b-9e3e-e4a48b3eda51<-54aabb14-4a7d-4ab3-adbe-2e67760b87f4#0:FAIL-t382, f535bb4a-cba0-4f9b-9e3e-e4a48b3eda51<-c652e2ee-3322-4406-8db6-1ea643cb3197#0:FAIL-t382] and 0 exception(s); f535bb4a-cba0-4f9b-9e3e-e4a48b3eda51@group-7E32184879DE:t382, leader=null, voted=f535bb4a-cba0-4f9b-9e3e-e4a48b3eda51, raftlog=f535bb4a-cba0-4f9b-9e3e-e4a48b3eda51@group-7E32184879DE-SegmentedRaftLog:OPENED:c-1,f-1,i0, conf=-1: [f535bb4a-cba0-4f9b-9e3e-e4a48b3eda51:0.0.0.0:44706, 54aabb14-4a7d-4ab3-adbe-2e67760b87f4:0.0.0.0:43074, c652e2ee-3322-4406-8db6-1ea643cb3197:0.0.0.0:42129], old=null
2019-10-18 11:25:04,311 [f535bb4a-cba0-4f9b-9e3e-e4a48b3eda51@group-7E32184879DE-LeaderElection324] INFO  impl.RaftServerImpl (RaftServerImpl.java:setRole(184)) - f535bb4a-cba0-4f9b-9e3e-e4a48b3eda51@group-7E32184879DE: changes role from CANDIDATE to FOLLOWER at term 382 for DISCOVERED_A_NEW_TERM
2019-10-18 11:25:04,311 [f535bb4a-cba0-4f9b-9e3e-e4a48b3eda51@group-7E32184879DE-LeaderElection324] INFO  impl.RoleInfo (RoleInfo.java:shutdownLeaderElection(134)) - f535bb4a-cba0-4f9b-9e3e-e4a48b3eda51: shutdown LeaderElection
2019-10-18 11:25:04,311 [f535bb4a-cba0-4f9b-9e3e-e4a48b3eda51@group-7E32184879DE-LeaderElection324] INFO  impl.RoleInfo (RoleInfo.java:updateAndGet(143)) - f535bb4a-cba0-4f9b-9e3e-e4a48b3eda51: start FollowerState
2019-10-18 11:25:04,464 [Thread-2313] INFO  impl.FollowerState (FollowerState.java:run(108)) - f535bb4a-cba0-4f9b-9e3e-e4a48b3eda51@group-7E32184879DE-FollowerState: change to CANDIDATE, lastRpcTime:153ms, electionTimeout:153ms
2019-10-18 11:25:04,464 [Thread-2313] INFO  impl.RoleInfo (RoleInfo.java:shutdownFollowerState(121)) - f535bb4a-cba0-4f9b-9e3e-e4a48b3eda51: shutdown FollowerState
2019-10-18 11:25:04,464 [Thread-2313] INFO  impl.RaftServerImpl (RaftServerImpl.java:setRole(184)) - f535bb4a-cba0-4f9b-9e3e-e4a48b3eda51@group-7E32184879DE: changes role from  FOLLOWER to CANDIDATE at term 382 for changeToCandidate
2019-10-18 11:25:04,465 [Thread-2313] INFO  impl.RoleInfo (RoleInfo.java:updateAndGet(143)) - f535bb4a-cba0-4f9b-9e3e-e4a48b3eda51: start LeaderElection
2019-10-18 11:25:04,486 [f535bb4a-cba0-4f9b-9e3e-e4a48b3eda51@group-7E32184879DE-LeaderElection325] INFO  impl.LeaderElection (LeaderElection.java:askForVotes(178)) - f535bb4a-cba0-4f9b-9e3e-e4a48b3eda51@group-7E32184879DE-LeaderElection325: begin an election at term 383 for -1: [f535bb4a-cba0-4f9b-9e3e-e4a48b3eda51:0.0.0.0:44706, 54aabb14-4a7d-4ab3-adbe-2e67760b87f4:0.0.0.0:43074, c652e2ee-3322-4406-8db6-1ea643cb3197:0.0.0.0:42129], old=null
2019-10-18 11:25:04,491 [grpc-default-executor-1] INFO  impl.RaftServerImpl (RaftServerImpl.java:setRole(184)) - 54aabb14-4a7d-4ab3-adbe-2e67760b87f4@group-7E32184879DE: changes role from  FOLLOWER to FOLLOWER at term 383 for recognizeCandidate:f535bb4a-cba0-4f9b-9e3e-e4a48b3eda51
2019-10-18 11:25:04,491 [grpc-default-executor-0] INFO  impl.RaftServerImpl (RaftServerImpl.java:setRole(184)) - c652e2ee-3322-4406-8db6-1ea643cb3197@group-7E32184879DE: changes role from  FOLLOWER to FOLLOWER at term 383 for recognizeCandidate:f535bb4a-cba0-4f9b-9e3e-e4a48b3eda51
2019-10-18 11:25:04,492 [grpc-default-executor-1] INFO  impl.RoleInfo (RoleInfo.java:shutdownFollowerState(121)) - 54aabb14-4a7d-4ab3-adbe-2e67760b87f4: shutdown FollowerState
2019-10-18 11:25:04,492 [grpc-default-executor-0] INFO  impl.RoleInfo (RoleInfo.java:shutdownFollowerState(121)) - c652e2ee-3322-4406-8db6-1ea643cb3197: shutdown FollowerState
2019-10-18 11:25:04,492 [grpc-default-executor-1] INFO  impl.RoleInfo (RoleInfo.java:updateAndGet(143)) - 54aabb14-4a7d-4ab3-adbe-2e67760b87f4: start FollowerState
2019-10-18 11:25:04,492 [Thread-2312] INFO  impl.FollowerState (FollowerState.java:run(117)) - 54aabb14-4a7d-4ab3-adbe-2e67760b87f4@group-7E32184879DE-FollowerState was interrupted: java.lang.InterruptedException: sleep interrupted
2019-10-18 11:25:04,492 [Thread-2311] INFO  impl.FollowerState (FollowerState.java:run(117)) - c652e2ee-3322-4406-8db6-1ea643cb3197@group-7E32184879DE-FollowerState was interrupted: java.lang.InterruptedException: sleep interrupted
2019-10-18 11:25:04,492 [grpc-default-executor-0] INFO  impl.RoleInfo (RoleInfo.java:updateAndGet(143)) - c652e2ee-3322-4406-8db6-1ea643cb3197: start FollowerState
2019-10-18 11:25:04,520 [f535bb4a-cba0-4f9b-9e3e-e4a48b3eda51@group-7E32184879DE-LeaderElection325] INFO  impl.LeaderElection (LeaderElection.java:logAndReturn(56)) - f535bb4a-cba0-4f9b-9e3e-e4a48b3eda51@group-7E32184879DE-LeaderElection325: Election REJECTED; received 2 response(s) [f535bb4a-cba0-4f9b-9e3e-e4a48b3eda51<-54aabb14-4a7d-4ab3-adbe-2e67760b87f4#0:FAIL-t383, f535bb4a-cba0-4f9b-9e3e-e4a48b3eda51<-c652e2ee-3322-4406-8db6-1ea643cb3197#0:FAIL-t383] and 0 exception(s); f535bb4a-cba0-4f9b-9e3e-e4a48b3eda51@group-7E32184879DE:t383, leader=null, voted=f535bb4a-cba0-4f9b-9e3e-e4a48b3eda51, raftlog=f535bb4a-cba0-4f9b-9e3e-e4a48b3eda51@group-7E32184879DE-SegmentedRaftLog:OPENED:c-1,f-1,i0, conf=-1: [f535bb4a-cba0-4f9b-9e3e-e4a48b3eda51:0.0.0.0:44706, 54aabb14-4a7d-4ab3-adbe-2e67760b87f4:0.0.0.0:43074, c652e2ee-3322-4406-8db6-1ea643cb3197:0.0.0.0:42129], old=null
2019-10-18 11:25:04,520 [f535bb4a-cba0-4f9b-9e3e-e4a48b3eda51@group-7E32184879DE-LeaderElection325] INFO  impl.RaftServerImpl (RaftServerImpl.java:setRole(184)) - f535bb4a-cba0-4f9b-9e3e-e4a48b3eda51@group-7E32184879DE: changes role from CANDIDATE to FOLLOWER at term 383 for DISCOVERED_A_NEW_TERM
2019-10-18 11:25:04,521 [f535bb4a-cba0-4f9b-9e3e-e4a48b3eda51@group-7E32184879DE-LeaderElection325] INFO  impl.RoleInfo (RoleInfo.java:shutdownLeaderElection(134)) - f535bb4a-cba0-4f9b-9e3e-e4a48b3eda51: shutdown LeaderElection
2019-10-18 11:25:04,521 [f535bb4a-cba0-4f9b-9e3e-e4a48b3eda51@group-7E32184879DE-LeaderElection325] INFO  impl.RoleInfo (RoleInfo.java:updateAndGet(143)) - f535bb4a-cba0-4f9b-9e3e-e4a48b3eda51: start FollowerState
2019-10-18 11:25:04,654 [Thread-2321] INFO  impl.FollowerState (FollowerState.java:run(108)) - f535bb4a-cba0-4f9b-9e3e-e4a48b3eda51@group-7E32184879DE-FollowerState: change to CANDIDATE, lastRpcTime:133ms, electionTimeout:133ms
2019-10-18 11:25:04,654 [Thread-2321] INFO  impl.RoleInfo (RoleInfo.java:shutdownFollowerState(121)) - f535bb4a-cba0-4f9b-9e3e-e4a48b3eda51: shutdown FollowerState
2019-10-18 11:25:04,654 [Thread-2321] INFO  impl.RaftServerImpl (RaftServerImpl.java:setRole(184)) - f535bb4a-cba0-4f9b-9e3e-e4a48b3eda51@group-7E32184879DE: changes role from  FOLLOWER to CANDIDATE at term 383 for changeToCandidate
2019-10-18 11:25:04,654 [Thread-2321] INFO  impl.RoleInfo (RoleInfo.java:updateAndGet(143)) - f535bb4a-cba0-4f9b-9e3e-e4a48b3eda51: start LeaderElection
2019-10-18 11:25:04,678 [f535bb4a-cba0-4f9b-9e3e-e4a48b3eda51@group-7E32184879DE-LeaderElection326] INFO  impl.LeaderElection (LeaderElection.java:askForVotes(178)) - f535bb4a-cba0-4f9b-9e3e-e4a48b3eda51@group-7E32184879DE-LeaderElection326: begin an election at term 384 for -1: [f535bb4a-cba0-4f9b-9e3e-e4a48b3eda51:0.0.0.0:44706, 54aabb14-4a7d-4ab3-adbe-2e67760b87f4:0.0.0.0:43074, c652e2ee-3322-4406-8db6-1ea643cb3197:0.0.0.0:42129], old=null
2019-10-18 11:25:04,679 [grpc-default-executor-1] INFO  impl.RaftServerImpl (RaftServerImpl.java:setRole(184)) - 54aabb14-4a7d-4ab3-adbe-2e67760b87f4@group-7E32184879DE: changes role from  FOLLOWER to FOLLOWER at term 384 for recognizeCandidate:f535bb4a-cba0-4f9b-9e3e-e4a48b3eda51
2019-10-18 11:25:04,679 [grpc-default-executor-0] INFO  impl.RaftServerImpl (RaftServerImpl.java:setRole(184)) - c652e2ee-3322-4406-8db6-1ea643cb3197@group-7E32184879DE: changes role from  FOLLOWER to FOLLOWER at term 384 for recognizeCandidate:f535bb4a-cba0-4f9b-9e3e-e4a48b3eda51
2019-10-18 11:25:04,679 [grpc-default-executor-1] INFO  impl.RoleInfo (RoleInfo.java:shutdownFollowerState(121)) - 54aabb14-4a7d-4ab3-adbe-2e67760b87f4: shutdown FollowerState
2019-10-18 11:25:04,680 [grpc-default-executor-0] INFO  impl.RoleInfo (RoleInfo.java:shutdownFollowerState(121)) - c652e2ee-3322-4406-8db6-1ea643cb3197: shutdown FollowerState
2019-10-18 11:25:04,680 [Thread-2319] INFO  impl.FollowerState (FollowerState.java:run(117)) - 54aabb14-4a7d-4ab3-adbe-2e67760b87f4@group-7E32184879DE-FollowerState was interrupted: java.lang.InterruptedException: sleep interrupted
2019-10-18 11:25:04,680 [grpc-default-executor-1] INFO  impl.RoleInfo (RoleInfo.java:updateAndGet(143)) - 54aabb14-4a7d-4ab3-adbe-2e67760b87f4: start FollowerState
2019-10-18 11:25:04,680 [Thread-2320] INFO  impl.FollowerState (FollowerState.java:run(117)) - c652e2ee-3322-4406-8db6-1ea643cb3197@group-7E32184879DE-FollowerState was interrupted: java.lang.InterruptedException: sleep interrupted
2019-10-18 11:25:04,680 [grpc-default-executor-0] INFO  impl.RoleInfo (RoleInfo.java:updateAndGet(143)) - c652e2ee-3322-4406-8db6-1ea643cb3197: start FollowerState
2019-10-18 11:25:04,704 [f535bb4a-cba0-4f9b-9e3e-e4a48b3eda51@group-7E32184879DE-LeaderElection326] INFO  impl.LeaderElection (LeaderElection.java:logAndReturn(56)) - f535bb4a-cba0-4f9b-9e3e-e4a48b3eda51@group-7E32184879DE-LeaderElection326: Election REJECTED; received 2 response(s) [f535bb4a-cba0-4f9b-9e3e-e4a48b3eda51<-54aabb14-4a7d-4ab3-adbe-2e67760b87f4#0:FAIL-t384, f535bb4a-cba0-4f9b-9e3e-e4a48b3eda51<-c652e2ee-3322-4406-8db6-1ea643cb3197#0:FAIL-t384] and 0 exception(s); f535bb4a-cba0-4f9b-9e3e-e4a48b3eda51@group-7E32184879DE:t384, leader=null, voted=f535bb4a-cba0-4f9b-9e3e-e4a48b3eda51, raftlog=f535bb4a-cba0-4f9b-9e3e-e4a48b3eda51@group-7E32184879DE-SegmentedRaftLog:OPENED:c-1,f-1,i0, conf=-1: [f535bb4a-cba0-4f9b-9e3e-e4a48b3eda51:0.0.0.0:44706, 54aabb14-4a7d-4ab3-adbe-2e67760b87f4:0.0.0.0:43074, c652e2ee-3322-4406-8db6-1ea643cb3197:0.0.0.0:42129], old=null
2019-10-18 11:25:04,704 [f535bb4a-cba0-4f9b-9e3e-e4a48b3eda51@group-7E32184879DE-LeaderElection326] INFO  impl.RaftServerImpl (RaftServerImpl.java:setRole(184)) - f535bb4a-cba0-4f9b-9e3e-e4a48b3eda51@group-7E32184879DE: changes role from CANDIDATE to FOLLOWER at term 384 for DISCOVERED_A_NEW_TERM
2019-10-18 11:25:04,704 [f535bb4a-cba0-4f9b-9e3e-e4a48b3eda51@group-7E32184879DE-LeaderElection326] INFO  impl.RoleInfo (RoleInfo.java:shutdownLeaderElection(134)) - f535bb4a-cba0-4f9b-9e3e-e4a48b3eda51: shutdown LeaderElection
2019-10-18 11:25:04,704 [f535bb4a-cba0-4f9b-9e3e-e4a48b3eda51@group-7E32184879DE-LeaderElection326] INFO  impl.RoleInfo (RoleInfo.java:updateAndGet(143)) - f535bb4a-cba0-4f9b-9e3e-e4a48b3eda51: start FollowerState
2019-10-18 11:25:04,815 [Thread-2327] INFO  impl.FollowerState (FollowerState.java:run(108)) - f535bb4a-cba0-4f9b-9e3e-e4a48b3eda51@group-7E32184879DE-FollowerState: change to CANDIDATE, lastRpcTime:110ms, electionTimeout:110ms
2019-10-18 11:25:04,815 [Thread-2327] INFO  impl.RoleInfo (RoleInfo.java:shutdownFollowerState(121)) - f535bb4a-cba0-4f9b-9e3e-e4a48b3eda51: shutdown FollowerState
2019-10-18 11:25:04,815 [Thread-2327] INFO  impl.RaftServerImpl (RaftServerImpl.java:setRole(184)) - f535bb4a-cba0-4f9b-9e3e-e4a48b3eda51@group-7E32184879DE: changes role from  FOLLOWER to CANDIDATE at term 384 for changeToCandidate
2019-10-18 11:25:04,815 [Thread-2327] INFO  impl.RoleInfo (RoleInfo.java:updateAndGet(143)) - f535bb4a-cba0-4f9b-9e3e-e4a48b3eda51: start LeaderElection
2019-10-18 11:25:04,831 [f535bb4a-cba0-4f9b-9e3e-e4a48b3eda51@group-7E32184879DE-LeaderElection327] INFO  impl.LeaderElection (LeaderElection.java:askForVotes(178)) - f535bb4a-cba0-4f9b-9e3e-e4a48b3eda51@group-7E32184879DE-LeaderElection327: begin an election at term 385 for -1: [f535bb4a-cba0-4f9b-9e3e-e4a48b3eda51:0.0.0.0:44706, 54aabb14-4a7d-4ab3-adbe-2e67760b87f4:0.0.0.0:43074, c652e2ee-3322-4406-8db6-1ea643cb3197:0.0.0.0:42129], old=null
2019-10-18 11:25:04,833 [grpc-default-executor-1] INFO  impl.RaftServerImpl (RaftServerImpl.java:setRole(184)) - c652e2ee-3322-4406-8db6-1ea643cb3197@group-7E32184879DE: changes role from  FOLLOWER to FOLLOWER at term 385 for recognizeCandidate:f535bb4a-cba0-4f9b-9e3e-e4a48b3eda51
2019-10-18 11:25:04,833 [grpc-default-executor-0] INFO  impl.RaftServerImpl (RaftServerImpl.java:setRole(184)) - 54aabb14-4a7d-4ab3-adbe-2e67760b87f4@group-7E32184879DE: changes role from  FOLLOWER to FOLLOWER at term 385 for recognizeCandidate:f535bb4a-cba0-4f9b-9e3e-e4a48b3eda51
2019-10-18 11:25:04,833 [grpc-default-executor-0] INFO  impl.RoleInfo (RoleInfo.java:shutdownFollowerState(121)) - 54aabb14-4a7d-4ab3-adbe-2e67760b87f4: shutdown FollowerState
2019-10-18 11:25:04,833 [grpc-default-executor-1] INFO  impl.RoleInfo (RoleInfo.java:shutdownFollowerState(121)) - c652e2ee-3322-4406-8db6-1ea643cb3197: shutdown FollowerState
2019-10-18 11:25:04,833 [Thread-2325] INFO  impl.FollowerState (FollowerState.java:run(117)) - 54aabb14-4a7d-4ab3-adbe-2e67760b87f4@group-7E32184879DE-FollowerState was interrupted: java.lang.InterruptedException: sleep interrupted
2019-10-18 11:25:04,833 [grpc-default-executor-0] INFO  impl.RoleInfo (RoleInfo.java:updateAndGet(143)) - 54aabb14-4a7d-4ab3-adbe-2e67760b87f4: start FollowerState
2019-10-18 11:25:04,834 [Thread-2326] INFO  impl.FollowerState (FollowerState.java:run(117)) - c652e2ee-3322-4406-8db6-1ea643cb3197@group-7E32184879DE-FollowerState was interrupted: java.lang.InterruptedException: sleep interrupted
2019-10-18 11:25:04,834 [grpc-default-executor-1] INFO  impl.RoleInfo (RoleInfo.java:updateAndGet(143)) - c652e2ee-3322-4406-8db6-1ea643cb3197: start FollowerState
2019-10-18 11:25:04,858 [f535bb4a-cba0-4f9b-9e3e-e4a48b3eda51@group-7E32184879DE-LeaderElection327] INFO  impl.LeaderElection (LeaderElection.java:logAndReturn(56)) - f535bb4a-cba0-4f9b-9e3e-e4a48b3eda51@group-7E32184879DE-LeaderElection327: Election REJECTED; received 2 response(s) [f535bb4a-cba0-4f9b-9e3e-e4a48b3eda51<-54aabb14-4a7d-4ab3-adbe-2e67760b87f4#0:FAIL-t385, f535bb4a-cba0-4f9b-9e3e-e4a48b3eda51<-c652e2ee-3322-4406-8db6-1ea643cb3197#0:FAIL-t385] and 0 exception(s); f535bb4a-cba0-4f9b-9e3e-e4a48b3eda51@group-7E32184879DE:t385, leader=null, voted=f535bb4a-cba0-4f9b-9e3e-e4a48b3eda51, raftlog=f535bb4a-cba0-4f9b-9e3e-e4a48b3eda51@group-7E32184879DE-SegmentedRaftLog:OPENED:c-1,f-1,i0, conf=-1: [f535bb4a-cba0-4f9b-9e3e-e4a48b3eda51:0.0.0.0:44706, 54aabb14-4a7d-4ab3-adbe-2e67760b87f4:0.0.0.0:43074, c652e2ee-3322-4406-8db6-1ea643cb3197:0.0.0.0:42129], old=null
2019-10-18 11:25:04,858 [f535bb4a-cba0-4f9b-9e3e-e4a48b3eda51@group-7E32184879DE-LeaderElection327] INFO  impl.RaftServerImpl (RaftServerImpl.java:setRole(184)) - f535bb4a-cba0-4f9b-9e3e-e4a48b3eda51@group-7E32184879DE: changes role from CANDIDATE to FOLLOWER at term 385 for DISCOVERED_A_NEW_TERM
2019-10-18 11:25:04,858 [f535bb4a-cba0-4f9b-9e3e-e4a48b3eda51@group-7E32184879DE-LeaderElection327] INFO  impl.RoleInfo (RoleInfo.java:shutdownLeaderElection(134)) - f535bb4a-cba0-4f9b-9e3e-e4a48b3eda51: shutdown LeaderElection
2019-10-18 11:25:04,858 [f535bb4a-cba0-4f9b-9e3e-e4a48b3eda51@group-7E32184879DE-LeaderElection327] INFO  impl.RoleInfo (RoleInfo.java:updateAndGet(143)) - f535bb4a-cba0-4f9b-9e3e-e4a48b3eda51: start FollowerState
2019-10-18 11:25:04,906 [Thread-2333] INFO  impl.FollowerState (FollowerState.java:run(108)) - f535bb4a-cba0-4f9b-9e3e-e4a48b3eda51@group-7E32184879DE-FollowerState: change to CANDIDATE, lastRpcTime:47ms, electionTimeout:47ms
2019-10-18 11:25:04,906 [Thread-2333] INFO  impl.RoleInfo (RoleInfo.java:shutdownFollowerState(121)) - f535bb4a-cba0-4f9b-9e3e-e4a48b3eda51: shutdown FollowerState
2019-10-18 11:25:04,906 [Thread-2333] INFO  impl.RaftServerImpl (RaftServerImpl.java:setRole(184)) - f535bb4a-cba0-4f9b-9e3e-e4a48b3eda51@group-7E32184879DE: changes role from  FOLLOWER to CANDIDATE at term 385 for changeToCandidate
2019-10-18 11:25:04,906 [Thread-2333] INFO  impl.RoleInfo (RoleInfo.java:updateAndGet(143)) - f535bb4a-cba0-4f9b-9e3e-e4a48b3eda51: start LeaderElection
2019-10-18 11:25:04,934 [f535bb4a-cba0-4f9b-9e3e-e4a48b3eda51@group-7E32184879DE-LeaderElection328] INFO  impl.LeaderElection (LeaderElection.java:askForVotes(178)) - f535bb4a-cba0-4f9b-9e3e-e4a48b3eda51@group-7E32184879DE-LeaderElection328: begin an election at term 386 for -1: [f535bb4a-cba0-4f9b-9e3e-e4a48b3eda51:0.0.0.0:44706, 54aabb14-4a7d-4ab3-adbe-2e67760b87f4:0.0.0.0:43074, c652e2ee-3322-4406-8db6-1ea643cb3197:0.0.0.0:42129], old=null
2019-10-18 11:25:04,936 [grpc-default-executor-1] INFO  impl.RaftServerImpl (RaftServerImpl.java:setRole(184)) - 54aabb14-4a7d-4ab3-adbe-2e67760b87f4@group-7E32184879DE: changes role from  FOLLOWER to FOLLOWER at term 386 for recognizeCandidate:f535bb4a-cba0-4f9b-9e3e-e4a48b3eda51
2019-10-18 11:25:04,936 [grpc-default-executor-0] INFO  impl.RaftServerImpl (RaftServerImpl.java:setRole(184)) - c652e2ee-3322-4406-8db6-1ea643cb3197@group-7E32184879DE: changes role from  FOLLOWER to FOLLOWER at term 386 for recognizeCandidate:f535bb4a-cba0-4f9b-9e3e-e4a48b3eda51
2019-10-18 11:25:04,936 [grpc-default-executor-1] INFO  impl.RoleInfo (RoleInfo.java:shutdownFollowerState(121)) - 54aabb14-4a7d-4ab3-adbe-2e67760b87f4: shutdown FollowerState
2019-10-18 11:25:04,936 [grpc-default-executor-0] INFO  impl.RoleInfo (RoleInfo.java:shutdownFollowerState(121)) - c652e2ee-3322-4406-8db6-1ea643cb3197: shutdown FollowerState
2019-10-18 11:25:04,936 [Thread-2331] INFO  impl.FollowerState (FollowerState.java:run(117)) - 54aabb14-4a7d-4ab3-adbe-2e67760b87f4@group-7E32184879DE-FollowerState was interrupted: java.lang.InterruptedException: sleep interrupted
2019-10-18 11:25:04,936 [grpc-default-executor-1] INFO  impl.RoleInfo (RoleInfo.java:updateAndGet(143)) - 54aabb14-4a7d-4ab3-adbe-2e67760b87f4: start FollowerState
2019-10-18 11:25:04,936 [Thread-2332] INFO  impl.FollowerState (FollowerState.java:run(117)) - c652e2ee-3322-4406-8db6-1ea643cb3197@group-7E32184879DE-FollowerState was interrupted: java.lang.InterruptedException: sleep interrupted
2019-10-18 11:25:04,936 [grpc-default-executor-0] INFO  impl.RoleInfo (RoleInfo.java:updateAndGet(143)) - c652e2ee-3322-4406-8db6-1ea643cb3197: start FollowerState
2019-10-18 11:25:04,961 [f535bb4a-cba0-4f9b-9e3e-e4a48b3eda51@group-7E32184879DE-LeaderElection328] INFO  impl.LeaderElection (LeaderElection.java:logAndReturn(56)) - f535bb4a-cba0-4f9b-9e3e-e4a48b3eda51@group-7E32184879DE-LeaderElection328: Election REJECTED; received 2 response(s) [f535bb4a-cba0-4f9b-9e3e-e4a48b3eda51<-54aabb14-4a7d-4ab3-adbe-2e67760b87f4#0:FAIL-t386, f535bb4a-cba0-4f9b-9e3e-e4a48b3eda51<-c652e2ee-3322-4406-8db6-1ea643cb3197#0:FAIL-t386] and 0 exception(s); f535bb4a-cba0-4f9b-9e3e-e4a48b3eda51@group-7E32184879DE:t386, leader=null, voted=f535bb4a-cba0-4f9b-9e3e-e4a48b3eda51, raftlog=f535bb4a-cba0-4f9b-9e3e-e4a48b3eda51@group-7E32184879DE-SegmentedRaftLog:OPENED:c-1,f-1,i0, conf=-1: [f535bb4a-cba0-4f9b-9e3e-e4a48b3eda51:0.0.0.0:44706, 54aabb14-4a7d-4ab3-adbe-2e67760b87f4:0.0.0.0:43074, c652e2ee-3322-4406-8db6-1ea643cb3197:0.0.0.0:42129], old=null
2019-10-18 11:25:04,961 [f535bb4a-cba0-4f9b-9e3e-e4a48b3eda51@group-7E32184879DE-LeaderElection328] INFO  impl.RaftServerImpl (RaftServerImpl.java:setRole(184)) - f535bb4a-cba0-4f9b-9e3e-e4a48b3eda51@group-7E32184879DE: changes role from CANDIDATE to FOLLOWER at term 386 for DISCOVERED_A_NEW_TERM
2019-10-18 11:25:04,961 [f535bb4a-cba0-4f9b-9e3e-e4a48b3eda51@group-7E32184879DE-LeaderElection328] INFO  impl.RoleInfo (RoleInfo.java:shutdownLeaderElection(134)) - f535bb4a-cba0-4f9b-9e3e-e4a48b3eda51: shutdown LeaderElection
2019-10-18 11:25:04,961 [f535bb4a-cba0-4f9b-9e3e-e4a48b3eda51@group-7E32184879DE-LeaderElection328] INFO  impl.RoleInfo (RoleInfo.java:updateAndGet(143)) - f535bb4a-cba0-4f9b-9e3e-e4a48b3eda51: start FollowerState
2019-10-18 11:25:05,029 [Thread-2339] INFO  impl.FollowerState (FollowerState.java:run(108)) - f535bb4a-cba0-4f9b-9e3e-e4a48b3eda51@group-7E32184879DE-FollowerState: change to CANDIDATE, lastRpcTime:67ms, electionTimeout:67ms
2019-10-18 11:25:05,029 [Thread-2339] INFO  impl.RoleInfo (RoleInfo.java:shutdownFollowerState(121)) - f535bb4a-cba0-4f9b-9e3e-e4a48b3eda51: shutdown FollowerState
2019-10-18 11:25:05,029 [Thread-2339] INFO  impl.RaftServerImpl (RaftServerImpl.java:setRole(184)) - f535bb4a-cba0-4f9b-9e3e-e4a48b3eda51@group-7E32184879DE: changes role from  FOLLOWER to CANDIDATE at term 386 for changeToCandidate
2019-10-18 11:25:05,030 [Thread-2339] INFO  impl.RoleInfo (RoleInfo.java:updateAndGet(143)) - f535bb4a-cba0-4f9b-9e3e-e4a48b3eda51: start LeaderElection
2019-10-18 11:25:05,053 [f535bb4a-cba0-4f9b-9e3e-e4a48b3eda51@group-7E32184879DE-LeaderElection329] INFO  impl.LeaderElection (LeaderElection.java:askForVotes(178)) - f535bb4a-cba0-4f9b-9e3e-e4a48b3eda51@group-7E32184879DE-LeaderElection329: begin an election at term 387 for -1: [f535bb4a-cba0-4f9b-9e3e-e4a48b3eda51:0.0.0.0:44706, 54aabb14-4a7d-4ab3-adbe-2e67760b87f4:0.0.0.0:43074, c652e2ee-3322-4406-8db6-1ea643cb3197:0.0.0.0:42129], old=null
2019-10-18 11:25:05,055 [grpc-default-executor-0] INFO  impl.RaftServerImpl (RaftServerImpl.java:setRole(184)) - 54aabb14-4a7d-4ab3-adbe-2e67760b87f4@group-7E32184879DE: changes role from  FOLLOWER to FOLLOWER at term 387 for recognizeCandidate:f535bb4a-cba0-4f9b-9e3e-e4a48b3eda51
2019-10-18 11:25:05,055 [grpc-default-executor-0] INFO  impl.RoleInfo (RoleInfo.java:shutdownFollowerState(121)) - 54aabb14-4a7d-4ab3-adbe-2e67760b87f4: shutdown FollowerState
2019-10-18 11:25:05,055 [grpc-default-executor-1] INFO  impl.RaftServerImpl (RaftServerImpl.java:setRole(184)) - c652e2ee-3322-4406-8db6-1ea643cb3197@group-7E32184879DE: changes role from  FOLLOWER to FOLLOWER at term 387 for recognizeCandidate:f535bb4a-cba0-4f9b-9e3e-e4a48b3eda51
2019-10-18 11:25:05,055 [grpc-default-executor-1] INFO  impl.RoleInfo (RoleInfo.java:shutdownFollowerState(121)) - c652e2ee-3322-4406-8db6-1ea643cb3197: shutdown FollowerState
2019-10-18 11:25:05,055 [Thread-2337] INFO  impl.FollowerState (FollowerState.java:run(117)) - 54aabb14-4a7d-4ab3-adbe-2e67760b87f4@group-7E32184879DE-FollowerState was interrupted: java.lang.InterruptedException: sleep interrupted
2019-10-18 11:25:05,055 [grpc-default-executor-0] INFO  impl.RoleInfo (RoleInfo.java:updateAndGet(143)) - 54aabb14-4a7d-4ab3-adbe-2e67760b87f4: start FollowerState
2019-10-18 11:25:05,056 [Thread-2338] INFO  impl.FollowerState (FollowerState.java:run(117)) - c652e2ee-3322-4406-8db6-1ea643cb3197@group-7E32184879DE-FollowerState was interrupted: java.lang.InterruptedException: sleep interrupted
2019-10-18 11:25:05,055 [grpc-default-executor-1] INFO  impl.RoleInfo (RoleInfo.java:updateAndGet(143)) - c652e2ee-3322-4406-8db6-1ea643cb3197: start FollowerState
2019-10-18 11:25:05,077 [f535bb4a-cba0-4f9b-9e3e-e4a48b3eda51@group-7E32184879DE-LeaderElection329] INFO  impl.LeaderElection (LeaderElection.java:logAndReturn(56)) - f535bb4a-cba0-4f9b-9e3e-e4a48b3eda51@group-7E32184879DE-LeaderElection329: Election REJECTED; received 2 response(s) [f535bb4a-cba0-4f9b-9e3e-e4a48b3eda51<-54aabb14-4a7d-4ab3-adbe-2e67760b87f4#0:FAIL-t387, f535bb4a-cba0-4f9b-9e3e-e4a48b3eda51<-c652e2ee-3322-4406-8db6-1ea643cb3197#0:FAIL-t387] and 0 exception(s); f535bb4a-cba0-4f9b-9e3e-e4a48b3eda51@group-7E32184879DE:t387, leader=null, voted=f535bb4a-cba0-4f9b-9e3e-e4a48b3eda51, raftlog=f535bb4a-cba0-4f9b-9e3e-e4a48b3eda51@group-7E32184879DE-SegmentedRaftLog:OPENED:c-1,f-1,i0, conf=-1: [f535bb4a-cba0-4f9b-9e3e-e4a48b3eda51:0.0.0.0:44706, 54aabb14-4a7d-4ab3-adbe-2e67760b87f4:0.0.0.0:43074, c652e2ee-3322-4406-8db6-1ea643cb3197:0.0.0.0:42129], old=null
2019-10-18 11:25:05,077 [f535bb4a-cba0-4f9b-9e3e-e4a48b3eda51@group-7E32184879DE-LeaderElection329] INFO  impl.RaftServerImpl (RaftServerImpl.java:setRole(184)) - f535bb4a-cba0-4f9b-9e3e-e4a48b3eda51@group-7E32184879DE: changes role from CANDIDATE to FOLLOWER at term 387 for DISCOVERED_A_NEW_TERM
2019-10-18 11:25:05,077 [f535bb4a-cba0-4f9b-9e3e-e4a48b3eda51@group-7E32184879DE-LeaderElection329] INFO  impl.RoleInfo (RoleInfo.java:shutdownLeaderElection(134)) - f535bb4a-cba0-4f9b-9e3e-e4a48b3eda51: shutdown LeaderElection
2019-10-18 11:25:05,077 [f535bb4a-cba0-4f9b-9e3e-e4a48b3eda51@group-7E32184879DE-LeaderElection329] INFO  impl.RoleInfo (RoleInfo.java:updateAndGet(143)) - f535bb4a-cba0-4f9b-9e3e-e4a48b3eda51: start FollowerState
2019-10-18 11:25:05,228 [Thread-2345] INFO  impl.FollowerState (FollowerState.java:run(108)) - f535bb4a-cba0-4f9b-9e3e-e4a48b3eda51@group-7E32184879DE-FollowerState: change to CANDIDATE, lastRpcTime:150ms, electionTimeout:150ms
2019-10-18 11:25:05,228 [Thread-2345] INFO  impl.RoleInfo (RoleInfo.java:shutdownFollowerState(121)) - f535bb4a-cba0-4f9b-9e3e-e4a48b3eda51: shutdown FollowerState
2019-10-18 11:25:05,228 [Thread-2345] INFO  impl.RaftServerImpl (RaftServerImpl.java:setRole(184)) - f535bb4a-cba0-4f9b-9e3e-e4a48b3eda51@group-7E32184879DE: changes role from  FOLLOWER to CANDIDATE at term 387 for changeToCandidate
2019-10-18 11:25:05,228 [Thread-2345] INFO  impl.RoleInfo (RoleInfo.java:updateAndGet(143)) - f535bb4a-cba0-4f9b-9e3e-e4a48b3eda51: start LeaderElection
2019-10-18 11:25:05,252 [f535bb4a-cba0-4f9b-9e3e-e4a48b3eda51@group-7E32184879DE-LeaderElection330] INFO  impl.LeaderElection (LeaderElection.java:askForVotes(178)) - f535bb4a-cba0-4f9b-9e3e-e4a48b3eda51@group-7E32184879DE-LeaderElection330: begin an election at term 388 for -1: [f535bb4a-cba0-4f9b-9e3e-e4a48b3eda51:0.0.0.0:44706, 54aabb14-4a7d-4ab3-adbe-2e67760b87f4:0.0.0.0:43074, c652e2ee-3322-4406-8db6-1ea643cb3197:0.0.0.0:42129], old=null
2019-10-18 11:25:05,254 [grpc-default-executor-0] INFO  impl.RaftServerImpl (RaftServerImpl.java:setRole(184)) - 54aabb14-4a7d-4ab3-adbe-2e67760b87f4@group-7E32184879DE: changes role from  FOLLOWER to FOLLOWER at term 388 for recognizeCandidate:f535bb4a-cba0-4f9b-9e3e-e4a48b3eda51
2019-10-18 11:25:05,254 [grpc-default-executor-0] INFO  impl.RoleInfo (RoleInfo.java:shutdownFollowerState(121)) - 54aabb14-4a7d-4ab3-adbe-2e67760b87f4: shutdown FollowerState
2019-10-18 11:25:05,254 [grpc-default-executor-0] INFO  impl.RoleInfo (RoleInfo.java:updateAndGet(143)) - 54aabb14-4a7d-4ab3-adbe-2e67760b87f4: start FollowerState
2019-10-18 11:25:05,254 [Thread-2343] INFO  impl.FollowerState (FollowerState.java:run(117)) - 54aabb14-4a7d-4ab3-adbe-2e67760b87f4@group-7E32184879DE-FollowerState was interrupted: java.lang.InterruptedException: sleep interrupted
2019-10-18 11:25:05,254 [grpc-default-executor-1] INFO  impl.RaftServerImpl (RaftServerImpl.java:setRole(184)) - c652e2ee-3322-4406-8db6-1ea643cb3197@group-7E32184879DE: changes role from  FOLLOWER to FOLLOWER at term 388 for recognizeCandidate:f535bb4a-cba0-4f9b-9e3e-e4a48b3eda51
2019-10-18 11:25:05,254 [grpc-default-executor-1] INFO  impl.RoleInfo (RoleInfo.java:shutdownFollowerState(121)) - c652e2ee-3322-4406-8db6-1ea643cb3197: shutdown FollowerState
2019-10-18 11:25:05,254 [grpc-default-executor-1] INFO  impl.RoleInfo (RoleInfo.java:updateAndGet(143)) - c652e2ee-3322-4406-8db6-1ea643cb3197: start FollowerState
2019-10-18 11:25:05,254 [Thread-2344] INFO  impl.FollowerState (FollowerState.java:run(117)) - c652e2ee-3322-4406-8db6-1ea643cb3197@group-7E32184879DE-FollowerState was interrupted: java.lang.InterruptedException: sleep interrupted
2019-10-18 11:25:05,290 [f535bb4a-cba0-4f9b-9e3e-e4a48b3eda51@group-7E32184879DE-LeaderElection330] INFO  impl.LeaderElection (LeaderElection.java:logAndReturn(56)) - f535bb4a-cba0-4f9b-9e3e-e4a48b3eda51@group-7E32184879DE-LeaderElection330: Election REJECTED; received 2 response(s) [f535bb4a-cba0-4f9b-9e3e-e4a48b3eda51<-54aabb14-4a7d-4ab3-adbe-2e67760b87f4#0:FAIL-t388, f535bb4a-cba0-4f9b-9e3e-e4a48b3eda51<-c652e2ee-3322-4406-8db6-1ea643cb3197#0:FAIL-t388] and 0 exception(s); f535bb4a-cba0-4f9b-9e3e-e4a48b3eda51@group-7E32184879DE:t388, leader=null, voted=f535bb4a-cba0-4f9b-9e3e-e4a48b3eda51, raftlog=f535bb4a-cba0-4f9b-9e3e-e4a48b3eda51@group-7E32184879DE-SegmentedRaftLog:OPENED:c-1,f-1,i0, conf=-1: [f535bb4a-cba0-4f9b-9e3e-e4a48b3eda51:0.0.0.0:44706, 54aabb14-4a7d-4ab3-adbe-2e67760b87f4:0.0.0.0:43074, c652e2ee-3322-4406-8db6-1ea643cb3197:0.0.0.0:42129], old=null
2019-10-18 11:25:05,290 [f535bb4a-cba0-4f9b-9e3e-e4a48b3eda51@group-7E32184879DE-LeaderElection330] INFO  impl.RaftServerImpl (RaftServerImpl.java:setRole(184)) - f535bb4a-cba0-4f9b-9e3e-e4a48b3eda51@group-7E32184879DE: changes role from CANDIDATE to FOLLOWER at term 388 for DISCOVERED_A_NEW_TERM
2019-10-18 11:25:05,291 [f535bb4a-cba0-4f9b-9e3e-e4a48b3eda51@group-7E32184879DE-LeaderElection330] INFO  impl.RoleInfo (RoleInfo.java:shutdownLeaderElection(134)) - f535bb4a-cba0-4f9b-9e3e-e4a48b3eda51: shutdown LeaderElection
2019-10-18 11:25:05,291 [f535bb4a-cba0-4f9b-9e3e-e4a48b3eda51@group-7E32184879DE-LeaderElection330] INFO  impl.RoleInfo (RoleInfo.java:updateAndGet(143)) - f535bb4a-cba0-4f9b-9e3e-e4a48b3eda51: start FollowerState
2019-10-18 11:25:05,366 [Thread-2351] INFO  impl.FollowerState (FollowerState.java:run(108)) - f535bb4a-cba0-4f9b-9e3e-e4a48b3eda51@group-7E32184879DE-FollowerState: change to CANDIDATE, lastRpcTime:75ms, electionTimeout:75ms
2019-10-18 11:25:05,366 [Thread-2351] INFO  impl.RoleInfo (RoleInfo.java:shutdownFollowerState(121)) - f535bb4a-cba0-4f9b-9e3e-e4a48b3eda51: shutdown FollowerState
2019-10-18 11:25:05,367 [Thread-2351] INFO  impl.RaftServerImpl (RaftServerImpl.java:setRole(184)) - f535bb4a-cba0-4f9b-9e3e-e4a48b3eda51@group-7E32184879DE: changes role from  FOLLOWER to CANDIDATE at term 388 for changeToCandidate
2019-10-18 11:25:05,367 [Thread-2351] INFO  impl.RoleInfo (RoleInfo.java:updateAndGet(143)) - f535bb4a-cba0-4f9b-9e3e-e4a48b3eda51: start LeaderElection
2019-10-18 11:25:05,391 [f535bb4a-cba0-4f9b-9e3e-e4a48b3eda51@group-7E32184879DE-LeaderElection331] INFO  impl.LeaderElection (LeaderElection.java:askForVotes(178)) - f535bb4a-cba0-4f9b-9e3e-e4a48b3eda51@group-7E32184879DE-LeaderElection331: begin an election at term 389 for -1: [f535bb4a-cba0-4f9b-9e3e-e4a48b3eda51:0.0.0.0:44706, 54aabb14-4a7d-4ab3-adbe-2e67760b87f4:0.0.0.0:43074, c652e2ee-3322-4406-8db6-1ea643cb3197:0.0.0.0:42129], old=null
2019-10-18 11:25:05,393 [grpc-default-executor-1] INFO  impl.RaftServerImpl (RaftServerImpl.java:setRole(184)) - 54aabb14-4a7d-4ab3-adbe-2e67760b87f4@group-7E32184879DE: changes role from  FOLLOWER to FOLLOWER at term 389 for recognizeCandidate:f535bb4a-cba0-4f9b-9e3e-e4a48b3eda51
2019-10-18 11:25:05,393 [grpc-default-executor-0] INFO  impl.RaftServerImpl (RaftServerImpl.java:setRole(184)) - c652e2ee-3322-4406-8db6-1ea643cb3197@group-7E32184879DE: changes role from  FOLLOWER to FOLLOWER at term 389 for recognizeCandidate:f535bb4a-cba0-4f9b-9e3e-e4a48b3eda51
2019-10-18 11:25:05,393 [grpc-default-executor-1] INFO  impl.RoleInfo (RoleInfo.java:shutdownFollowerState(121)) - 54aabb14-4a7d-4ab3-adbe-2e67760b87f4: shutdown FollowerState
2019-10-18 11:25:05,393 [grpc-default-executor-0] INFO  impl.RoleInfo (RoleInfo.java:shutdownFollowerState(121)) - c652e2ee-3322-4406-8db6-1ea643cb3197: shutdown FollowerState
2019-10-18 11:25:05,393 [grpc-default-executor-1] INFO  impl.RoleInfo (RoleInfo.java:updateAndGet(143)) - 54aabb14-4a7d-4ab3-adbe-2e67760b87f4: start FollowerState
2019-10-18 11:25:05,393 [Thread-2350] INFO  impl.FollowerState (FollowerState.java:run(117)) - c652e2ee-3322-4406-8db6-1ea643cb3197@group-7E32184879DE-FollowerState was interrupted: java.lang.InterruptedException: sleep interrupted
2019-10-18 11:25:05,393 [grpc-default-executor-0] INFO  impl.RoleInfo (RoleInfo.java:updateAndGet(143)) - c652e2ee-3322-4406-8db6-1ea643cb3197: start FollowerState
2019-10-18 11:25:05,393 [Thread-2349] INFO  impl.FollowerState (FollowerState.java:run(117)) - 54aabb14-4a7d-4ab3-adbe-2e67760b87f4@group-7E32184879DE-FollowerState was interrupted: java.lang.InterruptedException: sleep interrupted
2019-10-18 11:25:05,417 [f535bb4a-cba0-4f9b-9e3e-e4a48b3eda51@group-7E32184879DE-LeaderElection331] INFO  impl.LeaderElection (LeaderElection.java:logAndReturn(56)) - f535bb4a-cba0-4f9b-9e3e-e4a48b3eda51@group-7E32184879DE-LeaderElection331: Election REJECTED; received 2 response(s) [f535bb4a-cba0-4f9b-9e3e-e4a48b3eda51<-54aabb14-4a7d-4ab3-adbe-2e67760b87f4#0:FAIL-t389, f535bb4a-cba0-4f9b-9e3e-e4a48b3eda51<-c652e2ee-3322-4406-8db6-1ea643cb3197#0:FAIL-t389] and 0 exception(s); f535bb4a-cba0-4f9b-9e3e-e4a48b3eda51@group-7E32184879DE:t389, leader=null, voted=f535bb4a-cba0-4f9b-9e3e-e4a48b3eda51, raftlog=f535bb4a-cba0-4f9b-9e3e-e4a48b3eda51@group-7E32184879DE-SegmentedRaftLog:OPENED:c-1,f-1,i0, conf=-1: [f535bb4a-cba0-4f9b-9e3e-e4a48b3eda51:0.0.0.0:44706, 54aabb14-4a7d-4ab3-adbe-2e67760b87f4:0.0.0.0:43074, c652e2ee-3322-4406-8db6-1ea643cb3197:0.0.0.0:42129], old=null
2019-10-18 11:25:05,418 [f535bb4a-cba0-4f9b-9e3e-e4a48b3eda51@group-7E32184879DE-LeaderElection331] INFO  impl.RaftServerImpl (RaftServerImpl.java:setRole(184)) - f535bb4a-cba0-4f9b-9e3e-e4a48b3eda51@group-7E32184879DE: changes role from CANDIDATE to FOLLOWER at term 389 for DISCOVERED_A_NEW_TERM
2019-10-18 11:25:05,418 [f535bb4a-cba0-4f9b-9e3e-e4a48b3eda51@group-7E32184879DE-LeaderElection331] INFO  impl.RoleInfo (RoleInfo.java:shutdownLeaderElection(134)) - f535bb4a-cba0-4f9b-9e3e-e4a48b3eda51: shutdown LeaderElection
2019-10-18 11:25:05,418 [f535bb4a-cba0-4f9b-9e3e-e4a48b3eda51@group-7E32184879DE-LeaderElection331] INFO  impl.RoleInfo (RoleInfo.java:updateAndGet(143)) - f535bb4a-cba0-4f9b-9e3e-e4a48b3eda51: start FollowerState
2019-10-18 11:25:05,453 [Thread-2358] INFO  impl.FollowerState (FollowerState.java:run(108)) - f535bb4a-cba0-4f9b-9e3e-e4a48b3eda51@group-7E32184879DE-FollowerState: change to CANDIDATE, lastRpcTime:35ms, electionTimeout:35ms
2019-10-18 11:25:05,453 [Thread-2358] INFO  impl.RoleInfo (RoleInfo.java:shutdownFollowerState(121)) - f535bb4a-cba0-4f9b-9e3e-e4a48b3eda51: shutdown FollowerState
2019-10-18 11:25:05,453 [Thread-2358] INFO  impl.RaftServerImpl (RaftServerImpl.java:setRole(184)) - f535bb4a-cba0-4f9b-9e3e-e4a48b3eda51@group-7E32184879DE: changes role from  FOLLOWER to CANDIDATE at term 389 for changeToCandidate
2019-10-18 11:25:05,454 [Thread-2358] INFO  impl.RoleInfo (RoleInfo.java:updateAndGet(143)) - f535bb4a-cba0-4f9b-9e3e-e4a48b3eda51: start LeaderElection
2019-10-18 11:25:05,484 [f535bb4a-cba0-4f9b-9e3e-e4a48b3eda51@group-7E32184879DE-LeaderElection332] INFO  impl.LeaderElection (LeaderElection.java:askForVotes(178)) - f535bb4a-cba0-4f9b-9e3e-e4a48b3eda51@group-7E32184879DE-LeaderElection332: begin an election at term 390 for -1: [f535bb4a-cba0-4f9b-9e3e-e4a48b3eda51:0.0.0.0:44706, 54aabb14-4a7d-4ab3-adbe-2e67760b87f4:0.0.0.0:43074, c652e2ee-3322-4406-8db6-1ea643cb3197:0.0.0.0:42129], old=null
2019-10-18 11:25:05,485 [grpc-default-executor-3] INFO  impl.RaftServerImpl (RaftServerImpl.java:setRole(184)) - 54aabb14-4a7d-4ab3-adbe-2e67760b87f4@group-7E32184879DE: changes role from  FOLLOWER to FOLLOWER at term 390 for recognizeCandidate:f535bb4a-cba0-4f9b-9e3e-e4a48b3eda51
2019-10-18 11:25:05,485 [grpc-default-executor-3] INFO  impl.RoleInfo (RoleInfo.java:shutdownFollowerState(121)) - 54aabb14-4a7d-4ab3-adbe-2e67760b87f4: shutdown FollowerState
2019-10-18 11:25:05,486 [grpc-default-executor-3] INFO  impl.RoleInfo (RoleInfo.java:updateAndGet(143)) - 54aabb14-4a7d-4ab3-adbe-2e67760b87f4: start FollowerState
2019-10-18 11:25:05,486 [Thread-2355] INFO  impl.FollowerState (FollowerState.java:run(117)) - 54aabb14-4a7d-4ab3-adbe-2e67760b87f4@group-7E32184879DE-FollowerState was interrupted: java.lang.InterruptedException: sleep interrupted
2019-10-18 11:25:05,486 [grpc-default-executor-0] INFO  impl.RaftServerImpl (RaftServerImpl.java:setRole(184)) - c652e2ee-3322-4406-8db6-1ea643cb3197@group-7E32184879DE: changes role from  FOLLOWER to FOLLOWER at term 390 for recognizeCandidate:f535bb4a-cba0-4f9b-9e3e-e4a48b3eda51
2019-10-18 11:25:05,486 [grpc-default-executor-0] INFO  impl.RoleInfo (RoleInfo.java:shutdownFollowerState(121)) - c652e2ee-3322-4406-8db6-1ea643cb3197: shutdown FollowerState
2019-10-18 11:25:05,486 [grpc-default-executor-0] INFO  impl.RoleInfo (RoleInfo.java:updateAndGet(143)) - c652e2ee-3322-4406-8db6-1ea643cb3197: start FollowerState
2019-10-18 11:25:05,486 [Thread-2356] INFO  impl.FollowerState (FollowerState.java:run(117)) - c652e2ee-3322-4406-8db6-1ea643cb3197@group-7E32184879DE-FollowerState was interrupted: java.lang.InterruptedException: sleep interrupted
2019-10-18 11:25:05,509 [f535bb4a-cba0-4f9b-9e3e-e4a48b3eda51@group-7E32184879DE-LeaderElection332] INFO  impl.LeaderElection (LeaderElection.java:logAndReturn(56)) - f535bb4a-cba0-4f9b-9e3e-e4a48b3eda51@group-7E32184879DE-LeaderElection332: Election REJECTED; received 2 response(s) [f535bb4a-cba0-4f9b-9e3e-e4a48b3eda51<-54aabb14-4a7d-4ab3-adbe-2e67760b87f4#0:FAIL-t390, f535bb4a-cba0-4f9b-9e3e-e4a48b3eda51<-c652e2ee-3322-4406-8db6-1ea643cb3197#0:FAIL-t390] and 0 exception(s); f535bb4a-cba0-4f9b-9e3e-e4a48b3eda51@group-7E32184879DE:t390, leader=null, voted=f535bb4a-cba0-4f9b-9e3e-e4a48b3eda51, raftlog=f535bb4a-cba0-4f9b-9e3e-e4a48b3eda51@group-7E32184879DE-SegmentedRaftLog:OPENED:c-1,f-1,i0, conf=-1: [f535bb4a-cba0-4f9b-9e3e-e4a48b3eda51:0.0.0.0:44706, 54aabb14-4a7d-4ab3-adbe-2e67760b87f4:0.0.0.0:43074, c652e2ee-3322-4406-8db6-1ea643cb3197:0.0.0.0:42129], old=null
2019-10-18 11:25:05,510 [f535bb4a-cba0-4f9b-9e3e-e4a48b3eda51@group-7E32184879DE-LeaderElection332] INFO  impl.RaftServerImpl (RaftServerImpl.java:setRole(184)) - f535bb4a-cba0-4f9b-9e3e-e4a48b3eda51@group-7E32184879DE: changes role from CANDIDATE to FOLLOWER at term 390 for DISCOVERED_A_NEW_TERM
2019-10-18 11:25:05,510 [f535bb4a-cba0-4f9b-9e3e-e4a48b3eda51@group-7E32184879DE-LeaderElection332] INFO  impl.RoleInfo (RoleInfo.java:shutdownLeaderElection(134)) - f535bb4a-cba0-4f9b-9e3e-e4a48b3eda51: shutdown LeaderElection
2019-10-18 11:25:05,510 [f535bb4a-cba0-4f9b-9e3e-e4a48b3eda51@group-7E32184879DE-LeaderElection332] INFO  impl.RoleInfo (RoleInfo.java:updateAndGet(143)) - f535bb4a-cba0-4f9b-9e3e-e4a48b3eda51: start FollowerState
2019-10-18 11:25:05,613 [Thread-2365] INFO  impl.FollowerState (FollowerState.java:run(108)) - f535bb4a-cba0-4f9b-9e3e-e4a48b3eda51@group-7E32184879DE-FollowerState: change to CANDIDATE, lastRpcTime:103ms, electionTimeout:103ms
2019-10-18 11:25:05,613 [Thread-2365] INFO  impl.RoleInfo (RoleInfo.java:shutdownFollowerState(121)) - f535bb4a-cba0-4f9b-9e3e-e4a48b3eda51: shutdown FollowerState
2019-10-18 11:25:05,614 [Thread-2365] INFO  impl.RaftServerImpl (RaftServerImpl.java:setRole(184)) - f535bb4a-cba0-4f9b-9e3e-e4a48b3eda51@group-7E32184879DE: changes role from  FOLLOWER to CANDIDATE at term 390 for changeToCandidate
2019-10-18 11:25:05,614 [Thread-2365] INFO  impl.RoleInfo (RoleInfo.java:updateAndGet(143)) - f535bb4a-cba0-4f9b-9e3e-e4a48b3eda51: start LeaderElection
2019-10-18 11:25:05,634 [f535bb4a-cba0-4f9b-9e3e-e4a48b3eda51@group-7E32184879DE-LeaderElection333] INFO  impl.LeaderElection (LeaderElection.java:askForVotes(178)) - f535bb4a-cba0-4f9b-9e3e-e4a48b3eda51@group-7E32184879DE-LeaderElection333: begin an election at term 391 for -1: [f535bb4a-cba0-4f9b-9e3e-e4a48b3eda51:0.0.0.0:44706, 54aabb14-4a7d-4ab3-adbe-2e67760b87f4:0.0.0.0:43074, c652e2ee-3322-4406-8db6-1ea643cb3197:0.0.0.0:42129], old=null
2019-10-18 11:25:05,636 [grpc-default-executor-3] INFO  impl.RaftServerImpl (RaftServerImpl.java:setRole(184)) - 54aabb14-4a7d-4ab3-adbe-2e67760b87f4@group-7E32184879DE: changes role from  FOLLOWER to FOLLOWER at term 391 for recognizeCandidate:f535bb4a-cba0-4f9b-9e3e-e4a48b3eda51
2019-10-18 11:25:05,636 [grpc-default-executor-3] INFO  impl.RoleInfo (RoleInfo.java:shutdownFollowerState(121)) - 54aabb14-4a7d-4ab3-adbe-2e67760b87f4: shutdown FollowerState
2019-10-18 11:25:05,636 [grpc-default-executor-0] INFO  impl.RaftServerImpl (RaftServerImpl.java:setRole(184)) - c652e2ee-3322-4406-8db6-1ea643cb3197@group-7E32184879DE: changes role from  FOLLOWER to FOLLOWER at term 391 for recognizeCandidate:f535bb4a-cba0-4f9b-9e3e-e4a48b3eda51
2019-10-18 11:25:05,636 [grpc-default-executor-0] INFO  impl.RoleInfo (RoleInfo.java:shutdownFollowerState(121)) - c652e2ee-3322-4406-8db6-1ea643cb3197: shutdown FollowerState
2019-10-18 11:25:05,636 [Thread-2363] INFO  impl.FollowerState (FollowerState.java:run(117)) - 54aabb14-4a7d-4ab3-adbe-2e67760b87f4@group-7E32184879DE-FollowerState was interrupted: java.lang.InterruptedException: sleep interrupted
2019-10-18 11:25:05,636 [grpc-default-executor-3] INFO  impl.RoleInfo (RoleInfo.java:updateAndGet(143)) - 54aabb14-4a7d-4ab3-adbe-2e67760b87f4: start FollowerState
2019-10-18 11:25:05,637 [Thread-2364] INFO  impl.FollowerState (FollowerState.java:run(117)) - c652e2ee-3322-4406-8db6-1ea643cb3197@group-7E32184879DE-FollowerState was interrupted: java.lang.InterruptedException: sleep interrupted
2019-10-18 11:25:05,637 [grpc-default-executor-0] INFO  impl.RoleInfo (RoleInfo.java:updateAndGet(143)) - c652e2ee-3322-4406-8db6-1ea643cb3197: start FollowerState
2019-10-18 11:25:05,660 [f535bb4a-cba0-4f9b-9e3e-e4a48b3eda51@group-7E32184879DE-LeaderElection333] INFO  impl.LeaderElection (LeaderElection.java:logAndReturn(56)) - f535bb4a-cba0-4f9b-9e3e-e4a48b3eda51@group-7E32184879DE-LeaderElection333: Election REJECTED; received 2 response(s) [f535bb4a-cba0-4f9b-9e3e-e4a48b3eda51<-54aabb14-4a7d-4ab3-adbe-2e67760b87f4#0:FAIL-t391, f535bb4a-cba0-4f9b-9e3e-e4a48b3eda51<-c652e2ee-3322-4406-8db6-1ea643cb3197#0:FAIL-t391] and 0 exception(s); f535bb4a-cba0-4f9b-9e3e-e4a48b3eda51@group-7E32184879DE:t391, leader=null, voted=f535bb4a-cba0-4f9b-9e3e-e4a48b3eda51, raftlog=f535bb4a-cba0-4f9b-9e3e-e4a48b3eda51@group-7E32184879DE-SegmentedRaftLog:OPENED:c-1,f-1,i0, conf=-1: [f535bb4a-cba0-4f9b-9e3e-e4a48b3eda51:0.0.0.0:44706, 54aabb14-4a7d-4ab3-adbe-2e67760b87f4:0.0.0.0:43074, c652e2ee-3322-4406-8db6-1ea643cb3197:0.0.0.0:42129], old=null
2019-10-18 11:25:05,660 [f535bb4a-cba0-4f9b-9e3e-e4a48b3eda51@group-7E32184879DE-LeaderElection333] INFO  impl.RaftServerImpl (RaftServerImpl.java:setRole(184)) - f535bb4a-cba0-4f9b-9e3e-e4a48b3eda51@group-7E32184879DE: changes role from CANDIDATE to FOLLOWER at term 391 for DISCOVERED_A_NEW_TERM
2019-10-18 11:25:05,661 [f535bb4a-cba0-4f9b-9e3e-e4a48b3eda51@group-7E32184879DE-LeaderElection333] INFO  impl.RoleInfo (RoleInfo.java:shutdownLeaderElection(134)) - f535bb4a-cba0-4f9b-9e3e-e4a48b3eda51: shutdown LeaderElection
2019-10-18 11:25:05,661 [f535bb4a-cba0-4f9b-9e3e-e4a48b3eda51@group-7E32184879DE-LeaderElection333] INFO  impl.RoleInfo (RoleInfo.java:updateAndGet(143)) - f535bb4a-cba0-4f9b-9e3e-e4a48b3eda51: start FollowerState
2019-10-18 11:25:05,841 [Thread-2371] INFO  impl.FollowerState (FollowerState.java:run(108)) - f535bb4a-cba0-4f9b-9e3e-e4a48b3eda51@group-7E32184879DE-FollowerState: change to CANDIDATE, lastRpcTime:180ms, electionTimeout:180ms
2019-10-18 11:25:05,841 [Thread-2371] INFO  impl.RoleInfo (RoleInfo.java:shutdownFollowerState(121)) - f535bb4a-cba0-4f9b-9e3e-e4a48b3eda51: shutdown FollowerState
2019-10-18 11:25:05,841 [Thread-2371] INFO  impl.RaftServerImpl (RaftServerImpl.java:setRole(184)) - f535bb4a-cba0-4f9b-9e3e-e4a48b3eda51@group-7E32184879DE: changes role from  FOLLOWER to CANDIDATE at term 391 for changeToCandidate
2019-10-18 11:25:05,842 [Thread-2371] INFO  impl.RoleInfo (RoleInfo.java:updateAndGet(143)) - f535bb4a-cba0-4f9b-9e3e-e4a48b3eda51: start LeaderElection
2019-10-18 11:25:05,868 [f535bb4a-cba0-4f9b-9e3e-e4a48b3eda51@group-7E32184879DE-LeaderElection334] INFO  impl.LeaderElection (LeaderElection.java:askForVotes(178)) - f535bb4a-cba0-4f9b-9e3e-e4a48b3eda51@group-7E32184879DE-LeaderElection334: begin an election at term 392 for -1: [f535bb4a-cba0-4f9b-9e3e-e4a48b3eda51:0.0.0.0:44706, 54aabb14-4a7d-4ab3-adbe-2e67760b87f4:0.0.0.0:43074, c652e2ee-3322-4406-8db6-1ea643cb3197:0.0.0.0:42129], old=null
2019-10-18 11:25:05,870 [grpc-default-executor-0] INFO  impl.RaftServerImpl (RaftServerImpl.java:setRole(184)) - 54aabb14-4a7d-4ab3-adbe-2e67760b87f4@group-7E32184879DE: changes role from  FOLLOWER to FOLLOWER at term 392 for recognizeCandidate:f535bb4a-cba0-4f9b-9e3e-e4a48b3eda51
2019-10-18 11:25:05,871 [grpc-default-executor-3] INFO  impl.RaftServerImpl (RaftServerImpl.java:setRole(184)) - c652e2ee-3322-4406-8db6-1ea643cb3197@group-7E32184879DE: changes role from  FOLLOWER to FOLLOWER at term 392 for recognizeCandidate:f535bb4a-cba0-4f9b-9e3e-e4a48b3eda51
2019-10-18 11:25:05,871 [grpc-default-executor-0] INFO  impl.RoleInfo (RoleInfo.java:shutdownFollowerState(121)) - 54aabb14-4a7d-4ab3-adbe-2e67760b87f4: shutdown FollowerState
2019-10-18 11:25:05,871 [grpc-default-executor-3] INFO  impl.RoleInfo (RoleInfo.java:shutdownFollowerState(121)) - c652e2ee-3322-4406-8db6-1ea643cb3197: shutdown FollowerState
2019-10-18 11:25:05,871 [grpc-default-executor-0] INFO  impl.RoleInfo (RoleInfo.java:updateAndGet(143)) - 54aabb14-4a7d-4ab3-adbe-2e67760b87f4: start FollowerState
2019-10-18 11:25:05,871 [Thread-2370] INFO  impl.FollowerState (FollowerState.java:run(117)) - c652e2ee-3322-4406-8db6-1ea643cb3197@group-7E32184879DE-FollowerState was interrupted: java.lang.InterruptedException: sleep interrupted
2019-10-18 11:25:05,871 [grpc-default-executor-3] INFO  impl.RoleInfo (RoleInfo.java:updateAndGet(143)) - c652e2ee-3322-4406-8db6-1ea643cb3197: start FollowerState
2019-10-18 11:25:05,871 [Thread-2369] INFO  impl.FollowerState (FollowerState.java:run(117)) - 54aabb14-4a7d-4ab3-adbe-2e67760b87f4@group-7E32184879DE-FollowerState was interrupted: java.lang.InterruptedException: sleep interrupted
2019-10-18 11:25:05,894 [f535bb4a-cba0-4f9b-9e3e-e4a48b3eda51@group-7E32184879DE-LeaderElection334] INFO  impl.LeaderElection (LeaderElection.java:logAndReturn(56)) - f535bb4a-cba0-4f9b-9e3e-e4a48b3eda51@group-7E32184879DE-LeaderElection334: Election REJECTED; received 2 response(s) [f535bb4a-cba0-4f9b-9e3e-e4a48b3eda51<-54aabb14-4a7d-4ab3-adbe-2e67760b87f4#0:FAIL-t392, f535bb4a-cba0-4f9b-9e3e-e4a48b3eda51<-c652e2ee-3322-4406-8db6-1ea643cb3197#0:FAIL-t392] and 0 exception(s); f535bb4a-cba0-4f9b-9e3e-e4a48b3eda51@group-7E32184879DE:t392, leader=null, voted=f535bb4a-cba0-4f9b-9e3e-e4a48b3eda51, raftlog=f535bb4a-cba0-4f9b-9e3e-e4a48b3eda51@group-7E32184879DE-SegmentedRaftLog:OPENED:c-1,f-1,i0, conf=-1: [f535bb4a-cba0-4f9b-9e3e-e4a48b3eda51:0.0.0.0:44706, 54aabb14-4a7d-4ab3-adbe-2e67760b87f4:0.0.0.0:43074, c652e2ee-3322-4406-8db6-1ea643cb3197:0.0.0.0:42129], old=null
2019-10-18 11:25:05,895 [f535bb4a-cba0-4f9b-9e3e-e4a48b3eda51@group-7E32184879DE-LeaderElection334] INFO  impl.RaftServerImpl (RaftServerImpl.java:setRole(184)) - f535bb4a-cba0-4f9b-9e3e-e4a48b3eda51@group-7E32184879DE: changes role from CANDIDATE to FOLLOWER at term 392 for DISCOVERED_A_NEW_TERM
2019-10-18 11:25:05,895 [f535bb4a-cba0-4f9b-9e3e-e4a48b3eda51@group-7E32184879DE-LeaderElection334] INFO  impl.RoleInfo (RoleInfo.java:shutdownLeaderElection(134)) - f535bb4a-cba0-4f9b-9e3e-e4a48b3eda51: shutdown LeaderElection
2019-10-18 11:25:05,895 [f535bb4a-cba0-4f9b-9e3e-e4a48b3eda51@group-7E32184879DE-LeaderElection334] INFO  impl.RoleInfo (RoleInfo.java:updateAndGet(143)) - f535bb4a-cba0-4f9b-9e3e-e4a48b3eda51: start FollowerState
2019-10-18 11:25:06,023 [Thread-2377] INFO  impl.FollowerState (FollowerState.java:run(108)) - f535bb4a-cba0-4f9b-9e3e-e4a48b3eda51@group-7E32184879DE-FollowerState: change to CANDIDATE, lastRpcTime:128ms, electionTimeout:128ms
2019-10-18 11:25:06,024 [Thread-2377] INFO  impl.RoleInfo (RoleInfo.java:shutdownFollowerState(121)) - f535bb4a-cba0-4f9b-9e3e-e4a48b3eda51: shutdown FollowerState
2019-10-18 11:25:06,024 [Thread-2377] INFO  impl.RaftServerImpl (RaftServerImpl.java:setRole(184)) - f535bb4a-cba0-4f9b-9e3e-e4a48b3eda51@group-7E32184879DE: changes role from  FOLLOWER to CANDIDATE at term 392 for changeToCandidate
2019-10-18 11:25:06,024 [Thread-2377] INFO  impl.RoleInfo (RoleInfo.java:updateAndGet(143)) - f535bb4a-cba0-4f9b-9e3e-e4a48b3eda51: start LeaderElection
2019-10-18 11:25:06,052 [f535bb4a-cba0-4f9b-9e3e-e4a48b3eda51@group-7E32184879DE-LeaderElection335] INFO  impl.LeaderElection (LeaderElection.java:askForVotes(178)) - f535bb4a-cba0-4f9b-9e3e-e4a48b3eda51@group-7E32184879DE-LeaderElection335: begin an election at term 393 for -1: [f535bb4a-cba0-4f9b-9e3e-e4a48b3eda51:0.0.0.0:44706, 54aabb14-4a7d-4ab3-adbe-2e67760b87f4:0.0.0.0:43074, c652e2ee-3322-4406-8db6-1ea643cb3197:0.0.0.0:42129], old=null
2019-10-18 11:25:06,054 [grpc-default-executor-0] INFO  impl.RaftServerImpl (RaftServerImpl.java:setRole(184)) - 54aabb14-4a7d-4ab3-adbe-2e67760b87f4@group-7E32184879DE: changes role from  FOLLOWER to FOLLOWER at term 393 for recognizeCandidate:f535bb4a-cba0-4f9b-9e3e-e4a48b3eda51
2019-10-18 11:25:06,055 [grpc-default-executor-0] INFO  impl.RoleInfo (RoleInfo.java:shutdownFollowerState(121)) - 54aabb14-4a7d-4ab3-adbe-2e67760b87f4: shutdown FollowerState
2019-10-18 11:25:06,055 [grpc-default-executor-3] INFO  impl.RaftServerImpl (RaftServerImpl.java:setRole(184)) - c652e2ee-3322-4406-8db6-1ea643cb3197@group-7E32184879DE: changes role from  FOLLOWER to FOLLOWER at term 393 for recognizeCandidate:f535bb4a-cba0-4f9b-9e3e-e4a48b3eda51
2019-10-18 11:25:06,055 [Thread-2375] INFO  impl.FollowerState (FollowerState.java:run(117)) - 54aabb14-4a7d-4ab3-adbe-2e67760b87f4@group-7E32184879DE-FollowerState was interrupted: java.lang.InterruptedException: sleep interrupted
2019-10-18 11:25:06,055 [grpc-default-executor-0] INFO  impl.RoleInfo (RoleInfo.java:updateAndGet(143)) - 54aabb14-4a7d-4ab3-adbe-2e67760b87f4: start FollowerState
2019-10-18 11:25:06,055 [grpc-default-executor-3] INFO  impl.RoleInfo (RoleInfo.java:shutdownFollowerState(121)) - c652e2ee-3322-4406-8db6-1ea643cb3197: shutdown FollowerState
2019-10-18 11:25:06,055 [grpc-default-executor-3] INFO  impl.RoleInfo (RoleInfo.java:updateAndGet(143)) - c652e2ee-3322-4406-8db6-1ea643cb3197: start FollowerState
2019-10-18 11:25:06,055 [Thread-2376] INFO  impl.FollowerState (FollowerState.java:run(117)) - c652e2ee-3322-4406-8db6-1ea643cb3197@group-7E32184879DE-FollowerState was interrupted: java.lang.InterruptedException: sleep interrupted
2019-10-18 11:25:06,079 [f535bb4a-cba0-4f9b-9e3e-e4a48b3eda51@group-7E32184879DE-LeaderElection335] INFO  impl.LeaderElection (LeaderElection.java:logAndReturn(56)) - f535bb4a-cba0-4f9b-9e3e-e4a48b3eda51@group-7E32184879DE-LeaderElection335: Election REJECTED; received 2 response(s) [f535bb4a-cba0-4f9b-9e3e-e4a48b3eda51<-54aabb14-4a7d-4ab3-adbe-2e67760b87f4#0:FAIL-t393, f535bb4a-cba0-4f9b-9e3e-e4a48b3eda51<-c652e2ee-3322-4406-8db6-1ea643cb3197#0:FAIL-t393] and 0 exception(s); f535bb4a-cba0-4f9b-9e3e-e4a48b3eda51@group-7E32184879DE:t393, leader=null, voted=f535bb4a-cba0-4f9b-9e3e-e4a48b3eda51, raftlog=f535bb4a-cba0-4f9b-9e3e-e4a48b3eda51@group-7E32184879DE-SegmentedRaftLog:OPENED:c-1,f-1,i0, conf=-1: [f535bb4a-cba0-4f9b-9e3e-e4a48b3eda51:0.0.0.0:44706, 54aabb14-4a7d-4ab3-adbe-2e67760b87f4:0.0.0.0:43074, c652e2ee-3322-4406-8db6-1ea643cb3197:0.0.0.0:42129], old=null
2019-10-18 11:25:06,079 [f535bb4a-cba0-4f9b-9e3e-e4a48b3eda51@group-7E32184879DE-LeaderElection335] INFO  impl.RaftServerImpl (RaftServerImpl.java:setRole(184)) - f535bb4a-cba0-4f9b-9e3e-e4a48b3eda51@group-7E32184879DE: changes role from CANDIDATE to FOLLOWER at term 393 for DISCOVERED_A_NEW_TERM
2019-10-18 11:25:06,079 [f535bb4a-cba0-4f9b-9e3e-e4a48b3eda51@group-7E32184879DE-LeaderElection335] INFO  impl.RoleInfo (RoleInfo.java:shutdownLeaderElection(134)) - f535bb4a-cba0-4f9b-9e3e-e4a48b3eda51: shutdown LeaderElection
2019-10-18 11:25:06,079 [f535bb4a-cba0-4f9b-9e3e-e4a48b3eda51@group-7E32184879DE-LeaderElection335] INFO  impl.RoleInfo (RoleInfo.java:updateAndGet(143)) - f535bb4a-cba0-4f9b-9e3e-e4a48b3eda51: start FollowerState
2019-10-18 11:25:06,099 [Thread-2383] INFO  impl.FollowerState (FollowerState.java:run(108)) - f535bb4a-cba0-4f9b-9e3e-e4a48b3eda51@group-7E32184879DE-FollowerState: change to CANDIDATE, lastRpcTime:20ms, electionTimeout:20ms
2019-10-18 11:25:06,099 [Thread-2383] INFO  impl.RoleInfo (RoleInfo.java:shutdownFollowerState(121)) - f535bb4a-cba0-4f9b-9e3e-e4a48b3eda51: shutdown FollowerState
2019-10-18 11:25:06,100 [Thread-2383] INFO  impl.RaftServerImpl (RaftServerImpl.java:setRole(184)) - f535bb4a-cba0-4f9b-9e3e-e4a48b3eda51@group-7E32184879DE: changes role from  FOLLOWER to CANDIDATE at term 393 for changeToCandidate
2019-10-18 11:25:06,100 [Thread-2383] INFO  impl.RoleInfo (RoleInfo.java:updateAndGet(143)) - f535bb4a-cba0-4f9b-9e3e-e4a48b3eda51: start LeaderElection
2019-10-18 11:25:06,128 [f535bb4a-cba0-4f9b-9e3e-e4a48b3eda51@group-7E32184879DE-LeaderElection336] INFO  impl.LeaderElection (LeaderElection.java:askForVotes(178)) - f535bb4a-cba0-4f9b-9e3e-e4a48b3eda51@group-7E32184879DE-LeaderElection336: begin an election at term 394 for -1: [f535bb4a-cba0-4f9b-9e3e-e4a48b3eda51:0.0.0.0:44706, 54aabb14-4a7d-4ab3-adbe-2e67760b87f4:0.0.0.0:43074, c652e2ee-3322-4406-8db6-1ea643cb3197:0.0.0.0:42129], old=null
2019-10-18 11:25:06,130 [grpc-default-executor-0] INFO  impl.RaftServerImpl (RaftServerImpl.java:setRole(184)) - 54aabb14-4a7d-4ab3-adbe-2e67760b87f4@group-7E32184879DE: changes role from  FOLLOWER to FOLLOWER at term 394 for recognizeCandidate:f535bb4a-cba0-4f9b-9e3e-e4a48b3eda51
2019-10-18 11:25:06,130 [grpc-default-executor-3] INFO  impl.RaftServerImpl (RaftServerImpl.java:setRole(184)) - c652e2ee-3322-4406-8db6-1ea643cb3197@group-7E32184879DE: changes role from  FOLLOWER to FOLLOWER at term 394 for recognizeCandidate:f535bb4a-cba0-4f9b-9e3e-e4a48b3eda51
2019-10-18 11:25:06,130 [grpc-default-executor-0] INFO  impl.RoleInfo (RoleInfo.java:shutdownFollowerState(121)) - 54aabb14-4a7d-4ab3-adbe-2e67760b87f4: shutdown FollowerState
2019-10-18 11:25:06,130 [grpc-default-executor-3] INFO  impl.RoleInfo (RoleInfo.java:shutdownFollowerState(121)) - c652e2ee-3322-4406-8db6-1ea643cb3197: shutdown FollowerState
2019-10-18 11:25:06,130 [Thread-2381] INFO  impl.FollowerState (FollowerState.java:run(117)) - 54aabb14-4a7d-4ab3-adbe-2e67760b87f4@group-7E32184879DE-FollowerState was interrupted: java.lang.InterruptedException: sleep interrupted
2019-10-18 11:25:06,130 [grpc-default-executor-0] INFO  impl.RoleInfo (RoleInfo.java:updateAndGet(143)) - 54aabb14-4a7d-4ab3-adbe-2e67760b87f4: start FollowerState
2019-10-18 11:25:06,130 [Thread-2382] INFO  impl.FollowerState (FollowerState.java:run(117)) - c652e2ee-3322-4406-8db6-1ea643cb3197@group-7E32184879DE-FollowerState was interrupted: java.lang.InterruptedException: sleep interrupted
2019-10-18 11:25:06,130 [grpc-default-executor-3] INFO  impl.RoleInfo (RoleInfo.java:updateAndGet(143)) - c652e2ee-3322-4406-8db6-1ea643cb3197: start FollowerState
2019-10-18 11:25:06,154 [f535bb4a-cba0-4f9b-9e3e-e4a48b3eda51@group-7E32184879DE-LeaderElection336] INFO  impl.LeaderElection (LeaderElection.java:logAndReturn(56)) - f535bb4a-cba0-4f9b-9e3e-e4a48b3eda51@group-7E32184879DE-LeaderElection336: Election REJECTED; received 2 response(s) [f535bb4a-cba0-4f9b-9e3e-e4a48b3eda51<-54aabb14-4a7d-4ab3-adbe-2e67760b87f4#0:FAIL-t394, f535bb4a-cba0-4f9b-9e3e-e4a48b3eda51<-c652e2ee-3322-4406-8db6-1ea643cb3197#0:FAIL-t394] and 0 exception(s); f535bb4a-cba0-4f9b-9e3e-e4a48b3eda51@group-7E32184879DE:t394, leader=null, voted=f535bb4a-cba0-4f9b-9e3e-e4a48b3eda51, raftlog=f535bb4a-cba0-4f9b-9e3e-e4a48b3eda51@group-7E32184879DE-SegmentedRaftLog:OPENED:c-1,f-1,i0, conf=-1: [f535bb4a-cba0-4f9b-9e3e-e4a48b3eda51:0.0.0.0:44706, 54aabb14-4a7d-4ab3-adbe-2e67760b87f4:0.0.0.0:43074, c652e2ee-3322-4406-8db6-1ea643cb3197:0.0.0.0:42129], old=null
2019-10-18 11:25:06,154 [f535bb4a-cba0-4f9b-9e3e-e4a48b3eda51@group-7E32184879DE-LeaderElection336] INFO  impl.RaftServerImpl (RaftServerImpl.java:setRole(184)) - f535bb4a-cba0-4f9b-9e3e-e4a48b3eda51@group-7E32184879DE: changes role from CANDIDATE to FOLLOWER at term 394 for DISCOVERED_A_NEW_TERM
2019-10-18 11:25:06,155 [f535bb4a-cba0-4f9b-9e3e-e4a48b3eda51@group-7E32184879DE-LeaderElection336] INFO  impl.RoleInfo (RoleInfo.java:shutdownLeaderElection(134)) - f535bb4a-cba0-4f9b-9e3e-e4a48b3eda51: shutdown LeaderElection
2019-10-18 11:25:06,155 [f535bb4a-cba0-4f9b-9e3e-e4a48b3eda51@group-7E32184879DE-LeaderElection336] INFO  impl.RoleInfo (RoleInfo.java:updateAndGet(143)) - f535bb4a-cba0-4f9b-9e3e-e4a48b3eda51: start FollowerState
2019-10-18 11:25:06,319 [Thread-2389] INFO  impl.FollowerState (FollowerState.java:run(108)) - f535bb4a-cba0-4f9b-9e3e-e4a48b3eda51@group-7E32184879DE-FollowerState: change to CANDIDATE, lastRpcTime:164ms, electionTimeout:164ms
2019-10-18 11:25:06,319 [Thread-2389] INFO  impl.RoleInfo (RoleInfo.java:shutdownFollowerState(121)) - f535bb4a-cba0-4f9b-9e3e-e4a48b3eda51: shutdown FollowerState
2019-10-18 11:25:06,319 [Thread-2389] INFO  impl.RaftServerImpl (RaftServerImpl.java:setRole(184)) - f535bb4a-cba0-4f9b-9e3e-e4a48b3eda51@group-7E32184879DE: changes role from  FOLLOWER to CANDIDATE at term 394 for changeToCandidate
2019-10-18 11:25:06,320 [Thread-2389] INFO  impl.RoleInfo (RoleInfo.java:updateAndGet(143)) - f535bb4a-cba0-4f9b-9e3e-e4a48b3eda51: start LeaderElection
2019-10-18 11:25:06,346 [f535bb4a-cba0-4f9b-9e3e-e4a48b3eda51@group-7E32184879DE-LeaderElection337] INFO  impl.LeaderElection (LeaderElection.java:askForVotes(178)) - f535bb4a-cba0-4f9b-9e3e-e4a48b3eda51@group-7E32184879DE-LeaderElection337: begin an election at term 395 for -1: [f535bb4a-cba0-4f9b-9e3e-e4a48b3eda51:0.0.0.0:44706, 54aabb14-4a7d-4ab3-adbe-2e67760b87f4:0.0.0.0:43074, c652e2ee-3322-4406-8db6-1ea643cb3197:0.0.0.0:42129], old=null
2019-10-18 11:25:06,347 [grpc-default-executor-3] INFO  impl.RaftServerImpl (RaftServerImpl.java:setRole(184)) - c652e2ee-3322-4406-8db6-1ea643cb3197@group-7E32184879DE: changes role from  FOLLOWER to FOLLOWER at term 395 for recognizeCandidate:f535bb4a-cba0-4f9b-9e3e-e4a48b3eda51
2019-10-18 11:25:06,347 [grpc-default-executor-0] INFO  impl.RaftServerImpl (RaftServerImpl.java:setRole(184)) - 54aabb14-4a7d-4ab3-adbe-2e67760b87f4@group-7E32184879DE: changes role from  FOLLOWER to FOLLOWER at term 395 for recognizeCandidate:f535bb4a-cba0-4f9b-9e3e-e4a48b3eda51
2019-10-18 11:25:06,347 [grpc-default-executor-3] INFO  impl.RoleInfo (RoleInfo.java:shutdownFollowerState(121)) - c652e2ee-3322-4406-8db6-1ea643cb3197: shutdown FollowerState
2019-10-18 11:25:06,347 [grpc-default-executor-0] INFO  impl.RoleInfo (RoleInfo.java:shutdownFollowerState(121)) - 54aabb14-4a7d-4ab3-adbe-2e67760b87f4: shutdown FollowerState
2019-10-18 11:25:06,347 [grpc-default-executor-3] INFO  impl.RoleInfo (RoleInfo.java:updateAndGet(143)) - c652e2ee-3322-4406-8db6-1ea643cb3197: start FollowerState
2019-10-18 11:25:06,348 [Thread-2387] INFO  impl.FollowerState (FollowerState.java:run(117)) - 54aabb14-4a7d-4ab3-adbe-2e67760b87f4@group-7E32184879DE-FollowerState was interrupted: java.lang.InterruptedException: sleep interrupted
2019-10-18 11:25:06,347 [grpc-default-executor-0] INFO  impl.RoleInfo (RoleInfo.java:updateAndGet(143)) - 54aabb14-4a7d-4ab3-adbe-2e67760b87f4: start FollowerState
2019-10-18 11:25:06,347 [Thread-2388] INFO  impl.FollowerState (FollowerState.java:run(117)) - c652e2ee-3322-4406-8db6-1ea643cb3197@group-7E32184879DE-FollowerState was interrupted: java.lang.InterruptedException: sleep interrupted
2019-10-18 11:25:06,371 [f535bb4a-cba0-4f9b-9e3e-e4a48b3eda51@group-7E32184879DE-LeaderElection337] INFO  impl.LeaderElection (LeaderElection.java:logAndReturn(56)) - f535bb4a-cba0-4f9b-9e3e-e4a48b3eda51@group-7E32184879DE-LeaderElection337: Election REJECTED; received 2 response(s) [f535bb4a-cba0-4f9b-9e3e-e4a48b3eda51<-54aabb14-4a7d-4ab3-adbe-2e67760b87f4#0:FAIL-t395, f535bb4a-cba0-4f9b-9e3e-e4a48b3eda51<-c652e2ee-3322-4406-8db6-1ea643cb3197#0:FAIL-t395] and 0 exception(s); f535bb4a-cba0-4f9b-9e3e-e4a48b3eda51@group-7E32184879DE:t395, leader=null, voted=f535bb4a-cba0-4f9b-9e3e-e4a48b3eda51, raftlog=f535bb4a-cba0-4f9b-9e3e-e4a48b3eda51@group-7E32184879DE-SegmentedRaftLog:OPENED:c-1,f-1,i0, conf=-1: [f535bb4a-cba0-4f9b-9e3e-e4a48b3eda51:0.0.0.0:44706, 54aabb14-4a7d-4ab3-adbe-2e67760b87f4:0.0.0.0:43074, c652e2ee-3322-4406-8db6-1ea643cb3197:0.0.0.0:42129], old=null
2019-10-18 11:25:06,372 [f535bb4a-cba0-4f9b-9e3e-e4a48b3eda51@group-7E32184879DE-LeaderElection337] INFO  impl.RaftServerImpl (RaftServerImpl.java:setRole(184)) - f535bb4a-cba0-4f9b-9e3e-e4a48b3eda51@group-7E32184879DE: changes role from CANDIDATE to FOLLOWER at term 395 for DISCOVERED_A_NEW_TERM
2019-10-18 11:25:06,372 [f535bb4a-cba0-4f9b-9e3e-e4a48b3eda51@group-7E32184879DE-LeaderElection337] INFO  impl.RoleInfo (RoleInfo.java:shutdownLeaderElection(134)) - f535bb4a-cba0-4f9b-9e3e-e4a48b3eda51: shutdown LeaderElection
2019-10-18 11:25:06,372 [f535bb4a-cba0-4f9b-9e3e-e4a48b3eda51@group-7E32184879DE-LeaderElection337] INFO  impl.RoleInfo (RoleInfo.java:updateAndGet(143)) - f535bb4a-cba0-4f9b-9e3e-e4a48b3eda51: start FollowerState
2019-10-18 11:25:06,472 [Thread-2395] INFO  impl.FollowerState (FollowerState.java:run(108)) - f535bb4a-cba0-4f9b-9e3e-e4a48b3eda51@group-7E32184879DE-FollowerState: change to CANDIDATE, lastRpcTime:100ms, electionTimeout:100ms
2019-10-18 11:25:06,472 [Thread-2395] INFO  impl.RoleInfo (RoleInfo.java:shutdownFollowerState(121)) - f535bb4a-cba0-4f9b-9e3e-e4a48b3eda51: shutdown FollowerState
2019-10-18 11:25:06,472 [Thread-2395] INFO  impl.RaftServerImpl (RaftServerImpl.java:setRole(184)) - f535bb4a-cba0-4f9b-9e3e-e4a48b3eda51@group-7E32184879DE: changes role from  FOLLOWER to CANDIDATE at term 395 for changeToCandidate
2019-10-18 11:25:06,472 [Thread-2395] INFO  impl.RoleInfo (RoleInfo.java:updateAndGet(143)) - f535bb4a-cba0-4f9b-9e3e-e4a48b3eda51: start LeaderElection
2019-10-18 11:25:06,496 [f535bb4a-cba0-4f9b-9e3e-e4a48b3eda51@group-7E32184879DE-LeaderElection338] INFO  impl.LeaderElection (LeaderElection.java:askForVotes(178)) - f535bb4a-cba0-4f9b-9e3e-e4a48b3eda51@group-7E32184879DE-LeaderElection338: begin an election at term 396 for -1: [f535bb4a-cba0-4f9b-9e3e-e4a48b3eda51:0.0.0.0:44706, 54aabb14-4a7d-4ab3-adbe-2e67760b87f4:0.0.0.0:43074, c652e2ee-3322-4406-8db6-1ea643cb3197:0.0.0.0:42129], old=null
2019-10-18 11:25:06,498 [grpc-default-executor-0] INFO  impl.RaftServerImpl (RaftServerImpl.java:setRole(184)) - 54aabb14-4a7d-4ab3-adbe-2e67760b87f4@group-7E32184879DE: changes role from  FOLLOWER to FOLLOWER at term 396 for recognizeCandidate:f535bb4a-cba0-4f9b-9e3e-e4a48b3eda51
2019-10-18 11:25:06,498 [grpc-default-executor-3] INFO  impl.RaftServerImpl (RaftServerImpl.java:setRole(184)) - c652e2ee-3322-4406-8db6-1ea643cb3197@group-7E32184879DE: changes role from  FOLLOWER to FOLLOWER at term 396 for recognizeCandidate:f535bb4a-cba0-4f9b-9e3e-e4a48b3eda51
2019-10-18 11:25:06,498 [grpc-default-executor-0] INFO  impl.RoleInfo (RoleInfo.java:shutdownFollowerState(121)) - 54aabb14-4a7d-4ab3-adbe-2e67760b87f4: shutdown FollowerState
2019-10-18 11:25:06,498 [grpc-default-executor-3] INFO  impl.RoleInfo (RoleInfo.java:shutdownFollowerState(121)) - c652e2ee-3322-4406-8db6-1ea643cb3197: shutdown FollowerState
2019-10-18 11:25:06,498 [Thread-2394] INFO  impl.FollowerState (FollowerState.java:run(117)) - 54aabb14-4a7d-4ab3-adbe-2e67760b87f4@group-7E32184879DE-FollowerState was interrupted: java.lang.InterruptedException: sleep interrupted
2019-10-18 11:25:06,498 [Thread-2393] INFO  impl.FollowerState (FollowerState.java:run(117)) - c652e2ee-3322-4406-8db6-1ea643cb3197@group-7E32184879DE-FollowerState was interrupted: java.lang.InterruptedException: sleep interrupted
2019-10-18 11:25:06,498 [grpc-default-executor-0] INFO  impl.RoleInfo (RoleInfo.java:updateAndGet(143)) - 54aabb14-4a7d-4ab3-adbe-2e67760b87f4: start FollowerState
2019-10-18 11:25:06,498 [grpc-default-executor-3] INFO  impl.RoleInfo (RoleInfo.java:updateAndGet(143)) - c652e2ee-3322-4406-8db6-1ea643cb3197: start FollowerState
2019-10-18 11:25:06,516 [f535bb4a-cba0-4f9b-9e3e-e4a48b3eda51@group-7E32184879DE-LeaderElection338] INFO  impl.LeaderElection (LeaderElection.java:logAndReturn(56)) - f535bb4a-cba0-4f9b-9e3e-e4a48b3eda51@group-7E32184879DE-LeaderElection338: Election TIMEOUT; received 0 response(s) [] and 0 exception(s); f535bb4a-cba0-4f9b-9e3e-e4a48b3eda51@group-7E32184879DE:t396, leader=null, voted=f535bb4a-cba0-4f9b-9e3e-e4a48b3eda51, raftlog=f535bb4a-cba0-4f9b-9e3e-e4a48b3eda51@group-7E32184879DE-SegmentedRaftLog:OPENED:c-1,f-1,i0, conf=-1: [f535bb4a-cba0-4f9b-9e3e-e4a48b3eda51:0.0.0.0:44706, 54aabb14-4a7d-4ab3-adbe-2e67760b87f4:0.0.0.0:43074, c652e2ee-3322-4406-8db6-1ea643cb3197:0.0.0.0:42129], old=null
2019-10-18 11:25:06,539 [f535bb4a-cba0-4f9b-9e3e-e4a48b3eda51@group-7E32184879DE-LeaderElection338] INFO  impl.LeaderElection (LeaderElection.java:askForVotes(178)) - f535bb4a-cba0-4f9b-9e3e-e4a48b3eda51@group-7E32184879DE-LeaderElection338: begin an election at term 397 for -1: [f535bb4a-cba0-4f9b-9e3e-e4a48b3eda51:0.0.0.0:44706, 54aabb14-4a7d-4ab3-adbe-2e67760b87f4:0.0.0.0:43074, c652e2ee-3322-4406-8db6-1ea643cb3197:0.0.0.0:42129], old=null
2019-10-18 11:25:06,540 [grpc-default-executor-3] INFO  impl.RaftServerImpl (RaftServerImpl.java:setRole(184)) - 54aabb14-4a7d-4ab3-adbe-2e67760b87f4@group-7E32184879DE: changes role from  FOLLOWER to FOLLOWER at term 397 for recognizeCandidate:f535bb4a-cba0-4f9b-9e3e-e4a48b3eda51
2019-10-18 11:25:06,540 [grpc-default-executor-3] INFO  impl.RoleInfo (RoleInfo.java:shutdownFollowerState(121)) - 54aabb14-4a7d-4ab3-adbe-2e67760b87f4: shutdown FollowerState
2019-10-18 11:25:06,540 [grpc-default-executor-3] INFO  impl.RoleInfo (RoleInfo.java:updateAndGet(143)) - 54aabb14-4a7d-4ab3-adbe-2e67760b87f4: start FollowerState
2019-10-18 11:25:06,540 [Thread-2401] INFO  impl.FollowerState (FollowerState.java:run(117)) - 54aabb14-4a7d-4ab3-adbe-2e67760b87f4@group-7E32184879DE-FollowerState was interrupted: java.lang.InterruptedException: sleep interrupted
2019-10-18 11:25:06,541 [grpc-default-executor-0] INFO  impl.RaftServerImpl (RaftServerImpl.java:setRole(184)) - c652e2ee-3322-4406-8db6-1ea643cb3197@group-7E32184879DE: changes role from  FOLLOWER to FOLLOWER at term 397 for recognizeCandidate:f535bb4a-cba0-4f9b-9e3e-e4a48b3eda51
2019-10-18 11:25:06,541 [grpc-default-executor-0] INFO  impl.RoleInfo (RoleInfo.java:shutdownFollowerState(121)) - c652e2ee-3322-4406-8db6-1ea643cb3197: shutdown FollowerState
2019-10-18 11:25:06,541 [grpc-default-executor-0] INFO  impl.RoleInfo (RoleInfo.java:updateAndGet(143)) - c652e2ee-3322-4406-8db6-1ea643cb3197: start FollowerState
2019-10-18 11:25:06,541 [Thread-2402] INFO  impl.FollowerState (FollowerState.java:run(117)) - c652e2ee-3322-4406-8db6-1ea643cb3197@group-7E32184879DE-FollowerState was interrupted: java.lang.InterruptedException: sleep interrupted
2019-10-18 11:25:06,565 [f535bb4a-cba0-4f9b-9e3e-e4a48b3eda51@group-7E32184879DE-LeaderElection338] INFO  impl.LeaderElection (LeaderElection.java:logAndReturn(56)) - f535bb4a-cba0-4f9b-9e3e-e4a48b3eda51@group-7E32184879DE-LeaderElection338: Election REJECTED; received 2 response(s) [f535bb4a-cba0-4f9b-9e3e-e4a48b3eda51<-54aabb14-4a7d-4ab3-adbe-2e67760b87f4#0:FAIL-t397, f535bb4a-cba0-4f9b-9e3e-e4a48b3eda51<-c652e2ee-3322-4406-8db6-1ea643cb3197#0:FAIL-t397] and 0 exception(s); f535bb4a-cba0-4f9b-9e3e-e4a48b3eda51@group-7E32184879DE:t397, leader=null, voted=f535bb4a-cba0-4f9b-9e3e-e4a48b3eda51, raftlog=f535bb4a-cba0-4f9b-9e3e-e4a48b3eda51@group-7E32184879DE-SegmentedRaftLog:OPENED:c-1,f-1,i0, conf=-1: [f535bb4a-cba0-4f9b-9e3e-e4a48b3eda51:0.0.0.0:44706, 54aabb14-4a7d-4ab3-adbe-2e67760b87f4:0.0.0.0:43074, c652e2ee-3322-4406-8db6-1ea643cb3197:0.0.0.0:42129], old=null
2019-10-18 11:25:06,565 [f535bb4a-cba0-4f9b-9e3e-e4a48b3eda51@group-7E32184879DE-LeaderElection338] INFO  impl.RaftServerImpl (RaftServerImpl.java:setRole(184)) - f535bb4a-cba0-4f9b-9e3e-e4a48b3eda51@group-7E32184879DE: changes role from CANDIDATE to FOLLOWER at term 397 for DISCOVERED_A_NEW_TERM
2019-10-18 11:25:06,565 [f535bb4a-cba0-4f9b-9e3e-e4a48b3eda51@group-7E32184879DE-LeaderElection338] INFO  impl.RoleInfo (RoleInfo.java:shutdownLeaderElection(134)) - f535bb4a-cba0-4f9b-9e3e-e4a48b3eda51: shutdown LeaderElection
2019-10-18 11:25:06,565 [f535bb4a-cba0-4f9b-9e3e-e4a48b3eda51@group-7E32184879DE-LeaderElection338] INFO  impl.RoleInfo (RoleInfo.java:updateAndGet(143)) - f535bb4a-cba0-4f9b-9e3e-e4a48b3eda51: start FollowerState
2019-10-18 11:25:06,752 [Thread-2407] INFO  impl.FollowerState (FollowerState.java:run(108)) - f535bb4a-cba0-4f9b-9e3e-e4a48b3eda51@group-7E32184879DE-FollowerState: change to CANDIDATE, lastRpcTime:187ms, electionTimeout:187ms
2019-10-18 11:25:06,753 [Thread-2407] INFO  impl.RoleInfo (RoleInfo.java:shutdownFollowerState(121)) - f535bb4a-cba0-4f9b-9e3e-e4a48b3eda51: shutdown FollowerState
2019-10-18 11:25:06,753 [Thread-2407] INFO  impl.RaftServerImpl (RaftServerImpl.java:setRole(184)) - f535bb4a-cba0-4f9b-9e3e-e4a48b3eda51@group-7E32184879DE: changes role from  FOLLOWER to CANDIDATE at term 397 for changeToCandidate
2019-10-18 11:25:06,753 [Thread-2407] INFO  impl.RoleInfo (RoleInfo.java:updateAndGet(143)) - f535bb4a-cba0-4f9b-9e3e-e4a48b3eda51: start LeaderElection
2019-10-18 11:25:06,781 [f535bb4a-cba0-4f9b-9e3e-e4a48b3eda51@group-7E32184879DE-LeaderElection339] INFO  impl.LeaderElection (LeaderElection.java:askForVotes(178)) - f535bb4a-cba0-4f9b-9e3e-e4a48b3eda51@group-7E32184879DE-LeaderElection339: begin an election at term 398 for -1: [f535bb4a-cba0-4f9b-9e3e-e4a48b3eda51:0.0.0.0:44706, 54aabb14-4a7d-4ab3-adbe-2e67760b87f4:0.0.0.0:43074, c652e2ee-3322-4406-8db6-1ea643cb3197:0.0.0.0:42129], old=null
2019-10-18 11:25:06,783 [grpc-default-executor-0] INFO  impl.RaftServerImpl (RaftServerImpl.java:setRole(184)) - 54aabb14-4a7d-4ab3-adbe-2e67760b87f4@group-7E32184879DE: changes role from  FOLLOWER to FOLLOWER at term 398 for recognizeCandidate:f535bb4a-cba0-4f9b-9e3e-e4a48b3eda51
2019-10-18 11:25:06,783 [grpc-default-executor-0] INFO  impl.RoleInfo (RoleInfo.java:shutdownFollowerState(121)) - 54aabb14-4a7d-4ab3-adbe-2e67760b87f4: shutdown FollowerState
2019-10-18 11:25:06,783 [grpc-default-executor-3] INFO  impl.RaftServerImpl (RaftServerImpl.java:setRole(184)) - c652e2ee-3322-4406-8db6-1ea643cb3197@group-7E32184879DE: changes role from  FOLLOWER to FOLLOWER at term 398 for recognizeCandidate:f535bb4a-cba0-4f9b-9e3e-e4a48b3eda51
2019-10-18 11:25:06,783 [Thread-2405] INFO  impl.FollowerState (FollowerState.java:run(117)) - 54aabb14-4a7d-4ab3-adbe-2e67760b87f4@group-7E32184879DE-FollowerState was interrupted: java.lang.InterruptedException: sleep interrupted
2019-10-18 11:25:06,783 [grpc-default-executor-0] INFO  impl.RoleInfo (RoleInfo.java:updateAndGet(143)) - 54aabb14-4a7d-4ab3-adbe-2e67760b87f4: start FollowerState
2019-10-18 11:25:06,783 [grpc-default-executor-3] INFO  impl.RoleInfo (RoleInfo.java:shutdownFollowerState(121)) - c652e2ee-3322-4406-8db6-1ea643cb3197: shutdown FollowerState
2019-10-18 11:25:06,784 [grpc-default-executor-3] INFO  impl.RoleInfo (RoleInfo.java:updateAndGet(143)) - c652e2ee-3322-4406-8db6-1ea643cb3197: start FollowerState
2019-10-18 11:25:06,784 [Thread-2406] INFO  impl.FollowerState (FollowerState.java:run(117)) - c652e2ee-3322-4406-8db6-1ea643cb3197@group-7E32184879DE-FollowerState was interrupted: java.lang.InterruptedException: sleep interrupted
2019-10-18 11:25:06,793 [f535bb4a-cba0-4f9b-9e3e-e4a48b3eda51@group-7E32184879DE-LeaderElection339] INFO  impl.LeaderElection (LeaderElection.java:logAndReturn(56)) - f535bb4a-cba0-4f9b-9e3e-e4a48b3eda51@group-7E32184879DE-LeaderElection339: Election TIMEOUT; received 0 response(s) [] and 0 exception(s); f535bb4a-cba0-4f9b-9e3e-e4a48b3eda51@group-7E32184879DE:t398, leader=null, voted=f535bb4a-cba0-4f9b-9e3e-e4a48b3eda51, raftlog=f535bb4a-cba0-4f9b-9e3e-e4a48b3eda51@group-7E32184879DE-SegmentedRaftLog:OPENED:c-1,f-1,i0, conf=-1: [f535bb4a-cba0-4f9b-9e3e-e4a48b3eda51:0.0.0.0:44706, 54aabb14-4a7d-4ab3-adbe-2e67760b87f4:0.0.0.0:43074, c652e2ee-3322-4406-8db6-1ea643cb3197:0.0.0.0:42129], old=null
2019-10-18 11:25:06,806 [f535bb4a-cba0-4f9b-9e3e-e4a48b3eda51@group-7E32184879DE-LeaderElection339] INFO  impl.LeaderElection (LeaderElection.java:askForVotes(178)) - f535bb4a-cba0-4f9b-9e3e-e4a48b3eda51@group-7E32184879DE-LeaderElection339: begin an election at term 399 for -1: [f535bb4a-cba0-4f9b-9e3e-e4a48b3eda51:0.0.0.0:44706, 54aabb14-4a7d-4ab3-adbe-2e67760b87f4:0.0.0.0:43074, c652e2ee-3322-4406-8db6-1ea643cb3197:0.0.0.0:42129], old=null
2019-10-18 11:25:06,808 [grpc-default-executor-3] INFO  impl.RaftServerImpl (RaftServerImpl.java:setRole(184)) - 54aabb14-4a7d-4ab3-adbe-2e67760b87f4@group-7E32184879DE: changes role from  FOLLOWER to FOLLOWER at term 399 for recognizeCandidate:f535bb4a-cba0-4f9b-9e3e-e4a48b3eda51
2019-10-18 11:25:06,808 [grpc-default-executor-0] INFO  impl.RaftServerImpl (RaftServerImpl.java:setRole(184)) - c652e2ee-3322-4406-8db6-1ea643cb3197@group-7E32184879DE: changes role from  FOLLOWER to FOLLOWER at term 399 for recognizeCandidate:f535bb4a-cba0-4f9b-9e3e-e4a48b3eda51
2019-10-18 11:25:06,808 [grpc-default-executor-3] INFO  impl.RoleInfo (RoleInfo.java:shutdownFollowerState(121)) - 54aabb14-4a7d-4ab3-adbe-2e67760b87f4: shutdown FollowerState
2019-10-18 11:25:06,808 [grpc-default-executor-0] INFO  impl.RoleInfo (RoleInfo.java:shutdownFollowerState(121)) - c652e2ee-3322-4406-8db6-1ea643cb3197: shutdown FollowerState
2019-10-18 11:25:06,808 [grpc-default-executor-3] INFO  impl.RoleInfo (RoleInfo.java:updateAndGet(143)) - 54aabb14-4a7d-4ab3-adbe-2e67760b87f4: start FollowerState
2019-10-18 11:25:06,808 [Thread-2411] INFO  impl.FollowerState (FollowerState.java:run(117)) - 54aabb14-4a7d-4ab3-adbe-2e67760b87f4@group-7E32184879DE-FollowerState was interrupted: java.lang.InterruptedException: sleep interrupted
2019-10-18 11:25:06,809 [Thread-2412] INFO  impl.FollowerState (FollowerState.java:run(117)) - c652e2ee-3322-4406-8db6-1ea643cb3197@group-7E32184879DE-FollowerState was interrupted: java.lang.InterruptedException: sleep interrupted
2019-10-18 11:25:06,809 [grpc-default-executor-0] INFO  impl.RoleInfo (RoleInfo.java:updateAndGet(143)) - c652e2ee-3322-4406-8db6-1ea643cb3197: start FollowerState
2019-10-18 11:25:06,832 [f535bb4a-cba0-4f9b-9e3e-e4a48b3eda51@group-7E32184879DE-LeaderElection339] INFO  impl.LeaderElection (LeaderElection.java:logAndReturn(56)) - f535bb4a-cba0-4f9b-9e3e-e4a48b3eda51@group-7E32184879DE-LeaderElection339: Election REJECTED; received 2 response(s) [f535bb4a-cba0-4f9b-9e3e-e4a48b3eda51<-54aabb14-4a7d-4ab3-adbe-2e67760b87f4#0:FAIL-t399, f535bb4a-cba0-4f9b-9e3e-e4a48b3eda51<-c652e2ee-3322-4406-8db6-1ea643cb3197#0:FAIL-t399] and 0 exception(s); f535bb4a-cba0-4f9b-9e3e-e4a48b3eda51@group-7E32184879DE:t399, leader=null, voted=f535bb4a-cba0-4f9b-9e3e-e4a48b3eda51, raftlog=f535bb4a-cba0-4f9b-9e3e-e4a48b3eda51@group-7E32184879DE-SegmentedRaftLog:OPENED:c-1,f-1,i0, conf=-1: [f535bb4a-cba0-4f9b-9e3e-e4a48b3eda51:0.0.0.0:44706, 54aabb14-4a7d-4ab3-adbe-2e67760b87f4:0.0.0.0:43074, c652e2ee-3322-4406-8db6-1ea643cb3197:0.0.0.0:42129], old=null
2019-10-18 11:25:06,833 [f535bb4a-cba0-4f9b-9e3e-e4a48b3eda51@group-7E32184879DE-LeaderElection339] INFO  impl.RaftServerImpl (RaftServerImpl.java:setRole(184)) - f535bb4a-cba0-4f9b-9e3e-e4a48b3eda51@group-7E32184879DE: changes role from CANDIDATE to FOLLOWER at term 399 for DISCOVERED_A_NEW_TERM
2019-10-18 11:25:06,833 [f535bb4a-cba0-4f9b-9e3e-e4a48b3eda51@group-7E32184879DE-LeaderElection339] INFO  impl.RoleInfo (RoleInfo.java:shutdownLeaderElection(134)) - f535bb4a-cba0-4f9b-9e3e-e4a48b3eda51: shutdown LeaderElection
2019-10-18 11:25:06,833 [f535bb4a-cba0-4f9b-9e3e-e4a48b3eda51@group-7E32184879DE-LeaderElection339] INFO  impl.RoleInfo (RoleInfo.java:updateAndGet(143)) - f535bb4a-cba0-4f9b-9e3e-e4a48b3eda51: start FollowerState
2019-10-18 11:25:07,029 [Thread-2417] INFO  impl.FollowerState (FollowerState.java:run(108)) - f535bb4a-cba0-4f9b-9e3e-e4a48b3eda51@group-7E32184879DE-FollowerState: change to CANDIDATE, lastRpcTime:196ms, electionTimeout:196ms
2019-10-18 11:25:07,030 [Thread-2417] INFO  impl.RoleInfo (RoleInfo.java:shutdownFollowerState(121)) - f535bb4a-cba0-4f9b-9e3e-e4a48b3eda51: shutdown FollowerState
2019-10-18 11:25:07,030 [Thread-2417] INFO  impl.RaftServerImpl (RaftServerImpl.java:setRole(184)) - f535bb4a-cba0-4f9b-9e3e-e4a48b3eda51@group-7E32184879DE: changes role from  FOLLOWER to CANDIDATE at term 399 for changeToCandidate
2019-10-18 11:25:07,030 [Thread-2417] INFO  impl.RoleInfo (RoleInfo.java:updateAndGet(143)) - f535bb4a-cba0-4f9b-9e3e-e4a48b3eda51: start LeaderElection
2019-10-18 11:25:07,057 [f535bb4a-cba0-4f9b-9e3e-e4a48b3eda51@group-7E32184879DE-LeaderElection340] INFO  impl.LeaderElection (LeaderElection.java:askForVotes(178)) - f535bb4a-cba0-4f9b-9e3e-e4a48b3eda51@group-7E32184879DE-LeaderElection340: begin an election at term 400 for -1: [f535bb4a-cba0-4f9b-9e3e-e4a48b3eda51:0.0.0.0:44706, 54aabb14-4a7d-4ab3-adbe-2e67760b87f4:0.0.0.0:43074, c652e2ee-3322-4406-8db6-1ea643cb3197:0.0.0.0:42129], old=null
2019-10-18 11:25:07,059 [grpc-default-executor-0] INFO  impl.RaftServerImpl (RaftServerImpl.java:setRole(184)) - 54aabb14-4a7d-4ab3-adbe-2e67760b87f4@group-7E32184879DE: changes role from  FOLLOWER to FOLLOWER at term 400 for recognizeCandidate:f535bb4a-cba0-4f9b-9e3e-e4a48b3eda51
2019-10-18 11:25:07,059 [grpc-default-executor-0] INFO  impl.RoleInfo (RoleInfo.java:shutdownFollowerState(121)) - 54aabb14-4a7d-4ab3-adbe-2e67760b87f4: shutdown FollowerState
2019-10-18 11:25:07,059 [grpc-default-executor-0] INFO  impl.RoleInfo (RoleInfo.java:updateAndGet(143)) - 54aabb14-4a7d-4ab3-adbe-2e67760b87f4: start FollowerState
2019-10-18 11:25:07,059 [Thread-2415] INFO  impl.FollowerState (FollowerState.java:run(117)) - 54aabb14-4a7d-4ab3-adbe-2e67760b87f4@group-7E32184879DE-FollowerState was interrupted: java.lang.InterruptedException: sleep interrupted
2019-10-18 11:25:07,059 [grpc-default-executor-3] INFO  impl.RaftServerImpl (RaftServerImpl.java:setRole(184)) - c652e2ee-3322-4406-8db6-1ea643cb3197@group-7E32184879DE: changes role from  FOLLOWER to FOLLOWER at term 400 for recognizeCandidate:f535bb4a-cba0-4f9b-9e3e-e4a48b3eda51
2019-10-18 11:25:07,060 [grpc-default-executor-3] INFO  impl.RoleInfo (RoleInfo.java:shutdownFollowerState(121)) - c652e2ee-3322-4406-8db6-1ea643cb3197: shutdown FollowerState
2019-10-18 11:25:07,060 [grpc-default-executor-3] INFO  impl.RoleInfo (RoleInfo.java:updateAndGet(143)) - c652e2ee-3322-4406-8db6-1ea643cb3197: start FollowerState
2019-10-18 11:25:07,060 [Thread-2416] INFO  impl.FollowerState (FollowerState.java:run(117)) - c652e2ee-3322-4406-8db6-1ea643cb3197@group-7E32184879DE-FollowerState was interrupted: java.lang.InterruptedException: sleep interrupted
2019-10-18 11:25:07,067 [f535bb4a-cba0-4f9b-9e3e-e4a48b3eda51@group-7E32184879DE-LeaderElection340] INFO  impl.LeaderElection (LeaderElection.java:logAndReturn(56)) - f535bb4a-cba0-4f9b-9e3e-e4a48b3eda51@group-7E32184879DE-LeaderElection340: Election TIMEOUT; received 0 response(s) [] and 0 exception(s); f535bb4a-cba0-4f9b-9e3e-e4a48b3eda51@group-7E32184879DE:t400, leader=null, voted=f535bb4a-cba0-4f9b-9e3e-e4a48b3eda51, raftlog=f535bb4a-cba0-4f9b-9e3e-e4a48b3eda51@group-7E32184879DE-SegmentedRaftLog:OPENED:c-1,f-1,i0, conf=-1: [f535bb4a-cba0-4f9b-9e3e-e4a48b3eda51:0.0.0.0:44706, 54aabb14-4a7d-4ab3-adbe-2e67760b87f4:0.0.0.0:43074, c652e2ee-3322-4406-8db6-1ea643cb3197:0.0.0.0:42129], old=null
2019-10-18 11:25:07,082 [f535bb4a-cba0-4f9b-9e3e-e4a48b3eda51@group-7E32184879DE-LeaderElection340] INFO  impl.LeaderElection (LeaderElection.java:askForVotes(178)) - f535bb4a-cba0-4f9b-9e3e-e4a48b3eda51@group-7E32184879DE-LeaderElection340: begin an election at term 401 for -1: [f535bb4a-cba0-4f9b-9e3e-e4a48b3eda51:0.0.0.0:44706, 54aabb14-4a7d-4ab3-adbe-2e67760b87f4:0.0.0.0:43074, c652e2ee-3322-4406-8db6-1ea643cb3197:0.0.0.0:42129], old=null
2019-10-18 11:25:07,084 [grpc-default-executor-0] INFO  impl.RaftServerImpl (RaftServerImpl.java:setRole(184)) - 54aabb14-4a7d-4ab3-adbe-2e67760b87f4@group-7E32184879DE: changes role from  FOLLOWER to FOLLOWER at term 401 for recognizeCandidate:f535bb4a-cba0-4f9b-9e3e-e4a48b3eda51
2019-10-18 11:25:07,084 [grpc-default-executor-0] INFO  impl.RoleInfo (RoleInfo.java:shutdownFollowerState(121)) - 54aabb14-4a7d-4ab3-adbe-2e67760b87f4: shutdown FollowerState
2019-10-18 11:25:07,084 [grpc-default-executor-3] INFO  impl.RaftServerImpl (RaftServerImpl.java:setRole(184)) - c652e2ee-3322-4406-8db6-1ea643cb3197@group-7E32184879DE: changes role from  FOLLOWER to FOLLOWER at term 401 for recognizeCandidate:f535bb4a-cba0-4f9b-9e3e-e4a48b3eda51
2019-10-18 11:25:07,085 [Thread-2421] INFO  impl.FollowerState (FollowerState.java:run(117)) - 54aabb14-4a7d-4ab3-adbe-2e67760b87f4@group-7E32184879DE-FollowerState was interrupted: java.lang.InterruptedException: sleep interrupted
2019-10-18 11:25:07,084 [grpc-default-executor-0] INFO  impl.RoleInfo (RoleInfo.java:updateAndGet(143)) - 54aabb14-4a7d-4ab3-adbe-2e67760b87f4: start FollowerState
2019-10-18 11:25:07,085 [grpc-default-executor-3] INFO  impl.RoleInfo (RoleInfo.java:shutdownFollowerState(121)) - c652e2ee-3322-4406-8db6-1ea643cb3197: shutdown FollowerState
2019-10-18 11:25:07,085 [grpc-default-executor-3] INFO  impl.RoleInfo (RoleInfo.java:updateAndGet(143)) - c652e2ee-3322-4406-8db6-1ea643cb3197: start FollowerState
2019-10-18 11:25:07,085 [Thread-2422] INFO  impl.FollowerState (FollowerState.java:run(117)) - c652e2ee-3322-4406-8db6-1ea643cb3197@group-7E32184879DE-FollowerState was interrupted: java.lang.InterruptedException: sleep interrupted
2019-10-18 11:25:07,101 [f535bb4a-cba0-4f9b-9e3e-e4a48b3eda51@group-7E32184879DE-LeaderElection340] INFO  impl.LeaderElection (LeaderElection.java:logAndReturn(56)) - f535bb4a-cba0-4f9b-9e3e-e4a48b3eda51@group-7E32184879DE-LeaderElection340: Election REJECTED; received 2 response(s) [f535bb4a-cba0-4f9b-9e3e-e4a48b3eda51<-54aabb14-4a7d-4ab3-adbe-2e67760b87f4#0:FAIL-t401, f535bb4a-cba0-4f9b-9e3e-e4a48b3eda51<-c652e2ee-3322-4406-8db6-1ea643cb3197#0:FAIL-t401] and 0 exception(s); f535bb4a-cba0-4f9b-9e3e-e4a48b3eda51@group-7E32184879DE:t401, leader=null, voted=f535bb4a-cba0-4f9b-9e3e-e4a48b3eda51, raftlog=f535bb4a-cba0-4f9b-9e3e-e4a48b3eda51@group-7E32184879DE-SegmentedRaftLog:OPENED:c-1,f-1,i0, conf=-1: [f535bb4a-cba0-4f9b-9e3e-e4a48b3eda51:0.0.0.0:44706, 54aabb14-4a7d-4ab3-adbe-2e67760b87f4:0.0.0.0:43074, c652e2ee-3322-4406-8db6-1ea643cb3197:0.0.0.0:42129], old=null
2019-10-18 11:25:07,101 [f535bb4a-cba0-4f9b-9e3e-e4a48b3eda51@group-7E32184879DE-LeaderElection340] INFO  impl.RaftServerImpl (RaftServerImpl.java:setRole(184)) - f535bb4a-cba0-4f9b-9e3e-e4a48b3eda51@group-7E32184879DE: changes role from CANDIDATE to FOLLOWER at term 401 for DISCOVERED_A_NEW_TERM
2019-10-18 11:25:07,102 [f535bb4a-cba0-4f9b-9e3e-e4a48b3eda51@group-7E32184879DE-LeaderElection340] INFO  impl.RoleInfo (RoleInfo.java:shutdownLeaderElection(134)) - f535bb4a-cba0-4f9b-9e3e-e4a48b3eda51: shutdown LeaderElection
2019-10-18 11:25:07,102 [f535bb4a-cba0-4f9b-9e3e-e4a48b3eda51@group-7E32184879DE-LeaderElection340] INFO  impl.RoleInfo (RoleInfo.java:updateAndGet(143)) - f535bb4a-cba0-4f9b-9e3e-e4a48b3eda51: start FollowerState
2019-10-18 11:25:07,240 [Thread-2427] INFO  impl.FollowerState (FollowerState.java:run(108)) - f535bb4a-cba0-4f9b-9e3e-e4a48b3eda51@group-7E32184879DE-FollowerState: change to CANDIDATE, lastRpcTime:138ms, electionTimeout:138ms
2019-10-18 11:25:07,240 [Thread-2427] INFO  impl.RoleInfo (RoleInfo.java:shutdownFollowerState(121)) - f535bb4a-cba0-4f9b-9e3e-e4a48b3eda51: shutdown FollowerState
2019-10-18 11:25:07,240 [Thread-2427] INFO  impl.RaftServerImpl (RaftServerImpl.java:setRole(184)) - f535bb4a-cba0-4f9b-9e3e-e4a48b3eda51@group-7E32184879DE: changes role from  FOLLOWER to CANDIDATE at term 401 for changeToCandidate
2019-10-18 11:25:07,241 [Thread-2427] INFO  impl.RoleInfo (RoleInfo.java:updateAndGet(143)) - f535bb4a-cba0-4f9b-9e3e-e4a48b3eda51: start LeaderElection
2019-10-18 11:25:07,268 [f535bb4a-cba0-4f9b-9e3e-e4a48b3eda51@group-7E32184879DE-LeaderElection341] INFO  impl.LeaderElection (LeaderElection.java:askForVotes(178)) - f535bb4a-cba0-4f9b-9e3e-e4a48b3eda51@group-7E32184879DE-LeaderElection341: begin an election at term 402 for -1: [f535bb4a-cba0-4f9b-9e3e-e4a48b3eda51:0.0.0.0:44706, 54aabb14-4a7d-4ab3-adbe-2e67760b87f4:0.0.0.0:43074, c652e2ee-3322-4406-8db6-1ea643cb3197:0.0.0.0:42129], old=null
2019-10-18 11:25:07,269 [grpc-default-executor-0] INFO  impl.RaftServerImpl (RaftServerImpl.java:setRole(184)) - 54aabb14-4a7d-4ab3-adbe-2e67760b87f4@group-7E32184879DE: changes role from  FOLLOWER to FOLLOWER at term 402 for recognizeCandidate:f535bb4a-cba0-4f9b-9e3e-e4a48b3eda51
2019-10-18 11:25:07,269 [grpc-default-executor-0] INFO  impl.RoleInfo (RoleInfo.java:shutdownFollowerState(121)) - 54aabb14-4a7d-4ab3-adbe-2e67760b87f4: shutdown FollowerState
2019-10-18 11:25:07,269 [grpc-default-executor-3] INFO  impl.RaftServerImpl (RaftServerImpl.java:setRole(184)) - c652e2ee-3322-4406-8db6-1ea643cb3197@group-7E32184879DE: changes role from  FOLLOWER to FOLLOWER at term 402 for recognizeCandidate:f535bb4a-cba0-4f9b-9e3e-e4a48b3eda51
2019-10-18 11:25:07,269 [Thread-2425] INFO  impl.FollowerState (FollowerState.java:run(117)) - 54aabb14-4a7d-4ab3-adbe-2e67760b87f4@group-7E32184879DE-FollowerState was interrupted: java.lang.InterruptedException: sleep interrupted
2019-10-18 11:25:07,269 [grpc-default-executor-0] INFO  impl.RoleInfo (RoleInfo.java:updateAndGet(143)) - 54aabb14-4a7d-4ab3-adbe-2e67760b87f4: start FollowerState
2019-10-18 11:25:07,269 [grpc-default-executor-3] INFO  impl.RoleInfo (RoleInfo.java:shutdownFollowerState(121)) - c652e2ee-3322-4406-8db6-1ea643cb3197: shutdown FollowerState
2019-10-18 11:25:07,270 [grpc-default-executor-3] INFO  impl.RoleInfo (RoleInfo.java:updateAndGet(143)) - c652e2ee-3322-4406-8db6-1ea643cb3197: start FollowerState
2019-10-18 11:25:07,270 [Thread-2426] INFO  impl.FollowerState (FollowerState.java:run(117)) - c652e2ee-3322-4406-8db6-1ea643cb3197@group-7E32184879DE-FollowerState was interrupted: java.lang.InterruptedException: sleep interrupted
2019-10-18 11:25:07,294 [f535bb4a-cba0-4f9b-9e3e-e4a48b3eda51@group-7E32184879DE-LeaderElection341] INFO  impl.LeaderElection (LeaderElection.java:logAndReturn(56)) - f535bb4a-cba0-4f9b-9e3e-e4a48b3eda51@group-7E32184879DE-LeaderElection341: Election REJECTED; received 2 response(s) [f535bb4a-cba0-4f9b-9e3e-e4a48b3eda51<-54aabb14-4a7d-4ab3-adbe-2e67760b87f4#0:FAIL-t402, f535bb4a-cba0-4f9b-9e3e-e4a48b3eda51<-c652e2ee-3322-4406-8db6-1ea643cb3197#0:FAIL-t402] and 0 exception(s); f535bb4a-cba0-4f9b-9e3e-e4a48b3eda51@group-7E32184879DE:t402, leader=null, voted=f535bb4a-cba0-4f9b-9e3e-e4a48b3eda51, raftlog=f535bb4a-cba0-4f9b-9e3e-e4a48b3eda51@group-7E32184879DE-SegmentedRaftLog:OPENED:c-1,f-1,i0, conf=-1: [f535bb4a-cba0-4f9b-9e3e-e4a48b3eda51:0.0.0.0:44706, 54aabb14-4a7d-4ab3-adbe-2e67760b87f4:0.0.0.0:43074, c652e2ee-3322-4406-8db6-1ea643cb3197:0.0.0.0:42129], old=null
2019-10-18 11:25:07,294 [f535bb4a-cba0-4f9b-9e3e-e4a48b3eda51@group-7E32184879DE-LeaderElection341] INFO  impl.RaftServerImpl (RaftServerImpl.java:setRole(184)) - f535bb4a-cba0-4f9b-9e3e-e4a48b3eda51@group-7E32184879DE: changes role from CANDIDATE to FOLLOWER at term 402 for DISCOVERED_A_NEW_TERM
2019-10-18 11:25:07,294 [f535bb4a-cba0-4f9b-9e3e-e4a48b3eda51@group-7E32184879DE-LeaderElection341] INFO  impl.RoleInfo (RoleInfo.java:shutdownLeaderElection(134)) - f535bb4a-cba0-4f9b-9e3e-e4a48b3eda51: shutdown LeaderElection
2019-10-18 11:25:07,294 [f535bb4a-cba0-4f9b-9e3e-e4a48b3eda51@group-7E32184879DE-LeaderElection341] INFO  impl.RoleInfo (RoleInfo.java:updateAndGet(143)) - f535bb4a-cba0-4f9b-9e3e-e4a48b3eda51: start FollowerState
2019-10-18 11:25:07,400 [Thread-2433] INFO  impl.FollowerState (FollowerState.java:run(108)) - f535bb4a-cba0-4f9b-9e3e-e4a48b3eda51@group-7E32184879DE-FollowerState: change to CANDIDATE, lastRpcTime:105ms, electionTimeout:105ms
2019-10-18 11:25:07,400 [Thread-2433] INFO  impl.RoleInfo (RoleInfo.java:shutdownFollowerState(121)) - f535bb4a-cba0-4f9b-9e3e-e4a48b3eda51: shutdown FollowerState
2019-10-18 11:25:07,400 [Thread-2433] INFO  impl.RaftServerImpl (RaftServerImpl.java:setRole(184)) - f535bb4a-cba0-4f9b-9e3e-e4a48b3eda51@group-7E32184879DE: changes role from  FOLLOWER to CANDIDATE at term 402 for changeToCandidate
2019-10-18 11:25:07,400 [Thread-2433] INFO  impl.RoleInfo (RoleInfo.java:updateAndGet(143)) - f535bb4a-cba0-4f9b-9e3e-e4a48b3eda51: start LeaderElection
2019-10-18 11:25:07,427 [f535bb4a-cba0-4f9b-9e3e-e4a48b3eda51@group-7E32184879DE-LeaderElection342] INFO  impl.LeaderElection (LeaderElection.java:askForVotes(178)) - f535bb4a-cba0-4f9b-9e3e-e4a48b3eda51@group-7E32184879DE-LeaderElection342: begin an election at term 403 for -1: [f535bb4a-cba0-4f9b-9e3e-e4a48b3eda51:0.0.0.0:44706, 54aabb14-4a7d-4ab3-adbe-2e67760b87f4:0.0.0.0:43074, c652e2ee-3322-4406-8db6-1ea643cb3197:0.0.0.0:42129], old=null
2019-10-18 11:25:07,428 [grpc-default-executor-0] INFO  impl.RaftServerImpl (RaftServerImpl.java:setRole(184)) - 54aabb14-4a7d-4ab3-adbe-2e67760b87f4@group-7E32184879DE: changes role from  FOLLOWER to FOLLOWER at term 403 for recognizeCandidate:f535bb4a-cba0-4f9b-9e3e-e4a48b3eda51
2019-10-18 11:25:07,428 [grpc-default-executor-0] INFO  impl.RoleInfo (RoleInfo.java:shutdownFollowerState(121)) - 54aabb14-4a7d-4ab3-adbe-2e67760b87f4: shutdown FollowerState
2019-10-18 11:25:07,428 [grpc-default-executor-3] INFO  impl.RaftServerImpl (RaftServerImpl.java:setRole(184)) - c652e2ee-3322-4406-8db6-1ea643cb3197@group-7E32184879DE: changes role from  FOLLOWER to FOLLOWER at term 403 for recognizeCandidate:f535bb4a-cba0-4f9b-9e3e-e4a48b3eda51
2019-10-18 11:25:07,428 [Thread-2431] INFO  impl.FollowerState (FollowerState.java:run(117)) - 54aabb14-4a7d-4ab3-adbe-2e67760b87f4@group-7E32184879DE-FollowerState was interrupted: java.lang.InterruptedException: sleep interrupted
2019-10-18 11:25:07,428 [grpc-default-executor-0] INFO  impl.RoleInfo (RoleInfo.java:updateAndGet(143)) - 54aabb14-4a7d-4ab3-adbe-2e67760b87f4: start FollowerState
2019-10-18 11:25:07,428 [grpc-default-executor-3] INFO  impl.RoleInfo (RoleInfo.java:shutdownFollowerState(121)) - c652e2ee-3322-4406-8db6-1ea643cb3197: shutdown FollowerState
2019-10-18 11:25:07,429 [grpc-default-executor-3] INFO  impl.RoleInfo (RoleInfo.java:updateAndGet(143)) - c652e2ee-3322-4406-8db6-1ea643cb3197: start FollowerState
2019-10-18 11:25:07,429 [Thread-2432] INFO  impl.FollowerState (FollowerState.java:run(117)) - c652e2ee-3322-4406-8db6-1ea643cb3197@group-7E32184879DE-FollowerState was interrupted: java.lang.InterruptedException: sleep interrupted
2019-10-18 11:25:07,453 [f535bb4a-cba0-4f9b-9e3e-e4a48b3eda51@group-7E32184879DE-LeaderElection342] INFO  impl.LeaderElection (LeaderElection.java:logAndReturn(56)) - f535bb4a-cba0-4f9b-9e3e-e4a48b3eda51@group-7E32184879DE-LeaderElection342: Election REJECTED; received 2 response(s) [f535bb4a-cba0-4f9b-9e3e-e4a48b3eda51<-54aabb14-4a7d-4ab3-adbe-2e67760b87f4#0:FAIL-t403, f535bb4a-cba0-4f9b-9e3e-e4a48b3eda51<-c652e2ee-3322-4406-8db6-1ea643cb3197#0:FAIL-t403] and 0 exception(s); f535bb4a-cba0-4f9b-9e3e-e4a48b3eda51@group-7E32184879DE:t403, leader=null, voted=f535bb4a-cba0-4f9b-9e3e-e4a48b3eda51, raftlog=f535bb4a-cba0-4f9b-9e3e-e4a48b3eda51@group-7E32184879DE-SegmentedRaftLog:OPENED:c-1,f-1,i0, conf=-1: [f535bb4a-cba0-4f9b-9e3e-e4a48b3eda51:0.0.0.0:44706, 54aabb14-4a7d-4ab3-adbe-2e67760b87f4:0.0.0.0:43074, c652e2ee-3322-4406-8db6-1ea643cb3197:0.0.0.0:42129], old=null
2019-10-18 11:25:07,453 [f535bb4a-cba0-4f9b-9e3e-e4a48b3eda51@group-7E32184879DE-LeaderElection342] INFO  impl.RaftServerImpl (RaftServerImpl.java:setRole(184)) - f535bb4a-cba0-4f9b-9e3e-e4a48b3eda51@group-7E32184879DE: changes role from CANDIDATE to FOLLOWER at term 403 for DISCOVERED_A_NEW_TERM
2019-10-18 11:25:07,453 [f535bb4a-cba0-4f9b-9e3e-e4a48b3eda51@group-7E32184879DE-LeaderElection342] INFO  impl.RoleInfo (RoleInfo.java:shutdownLeaderElection(134)) - f535bb4a-cba0-4f9b-9e3e-e4a48b3eda51: shutdown LeaderElection
2019-10-18 11:25:07,453 [f535bb4a-cba0-4f9b-9e3e-e4a48b3eda51@group-7E32184879DE-LeaderElection342] INFO  impl.RoleInfo (RoleInfo.java:updateAndGet(143)) - f535bb4a-cba0-4f9b-9e3e-e4a48b3eda51: start FollowerState
2019-10-18 11:25:07,522 [Thread-2441] INFO  impl.FollowerState (FollowerState.java:run(108)) - f535bb4a-cba0-4f9b-9e3e-e4a48b3eda51@group-7E32184879DE-FollowerState: change to CANDIDATE, lastRpcTime:69ms, electionTimeout:69ms
2019-10-18 11:25:07,522 [Thread-2441] INFO  impl.RoleInfo (RoleInfo.java:shutdownFollowerState(121)) - f535bb4a-cba0-4f9b-9e3e-e4a48b3eda51: shutdown FollowerState
2019-10-18 11:25:07,523 [Thread-2441] INFO  impl.RaftServerImpl (RaftServerImpl.java:setRole(184)) - f535bb4a-cba0-4f9b-9e3e-e4a48b3eda51@group-7E32184879DE: changes role from  FOLLOWER to CANDIDATE at term 403 for changeToCandidate
2019-10-18 11:25:07,523 [Thread-2441] INFO  impl.RoleInfo (RoleInfo.java:updateAndGet(143)) - f535bb4a-cba0-4f9b-9e3e-e4a48b3eda51: start LeaderElection
2019-10-18 11:25:07,552 [f535bb4a-cba0-4f9b-9e3e-e4a48b3eda51@group-7E32184879DE-LeaderElection343] INFO  impl.LeaderElection (LeaderElection.java:askForVotes(178)) - f535bb4a-cba0-4f9b-9e3e-e4a48b3eda51@group-7E32184879DE-LeaderElection343: begin an election at term 404 for -1: [f535bb4a-cba0-4f9b-9e3e-e4a48b3eda51:0.0.0.0:44706, 54aabb14-4a7d-4ab3-adbe-2e67760b87f4:0.0.0.0:43074, c652e2ee-3322-4406-8db6-1ea643cb3197:0.0.0.0:42129], old=null
2019-10-18 11:25:07,554 [grpc-default-executor-0] INFO  impl.RaftServerImpl (RaftServerImpl.java:setRole(184)) - 54aabb14-4a7d-4ab3-adbe-2e67760b87f4@group-7E32184879DE: changes role from  FOLLOWER to FOLLOWER at term 404 for recognizeCandidate:f535bb4a-cba0-4f9b-9e3e-e4a48b3eda51
2019-10-18 11:25:07,554 [grpc-default-executor-3] INFO  impl.RaftServerImpl (RaftServerImpl.java:setRole(184)) - c652e2ee-3322-4406-8db6-1ea643cb3197@group-7E32184879DE: changes role from  FOLLOWER to FOLLOWER at term 404 for recognizeCandidate:f535bb4a-cba0-4f9b-9e3e-e4a48b3eda51
2019-10-18 11:25:07,554 [grpc-default-executor-0] INFO  impl.RoleInfo (RoleInfo.java:shutdownFollowerState(121)) - 54aabb14-4a7d-4ab3-adbe-2e67760b87f4: shutdown FollowerState
2019-10-18 11:25:07,555 [grpc-default-executor-3] INFO  impl.RoleInfo (RoleInfo.java:shutdownFollowerState(121)) - c652e2ee-3322-4406-8db6-1ea643cb3197: shutdown FollowerState
2019-10-18 11:25:07,555 [Thread-2437] INFO  impl.FollowerState (FollowerState.java:run(117)) - 54aabb14-4a7d-4ab3-adbe-2e67760b87f4@group-7E32184879DE-FollowerState was interrupted: java.lang.InterruptedException: sleep interrupted
2019-10-18 11:25:07,555 [grpc-default-executor-0] INFO  impl.RoleInfo (RoleInfo.java:updateAndGet(143)) - 54aabb14-4a7d-4ab3-adbe-2e67760b87f4: start FollowerState
2019-10-18 11:25:07,555 [grpc-default-executor-3] INFO  impl.RoleInfo (RoleInfo.java:updateAndGet(143)) - c652e2ee-3322-4406-8db6-1ea643cb3197: start FollowerState
2019-10-18 11:25:07,555 [Thread-2438] INFO  impl.FollowerState (FollowerState.java:run(117)) - c652e2ee-3322-4406-8db6-1ea643cb3197@group-7E32184879DE-FollowerState was interrupted: java.lang.InterruptedException: sleep interrupted
2019-10-18 11:25:07,564 [f535bb4a-cba0-4f9b-9e3e-e4a48b3eda51@group-7E32184879DE-LeaderElection343] INFO  impl.LeaderElection (LeaderElection.java:logAndReturn(56)) - f535bb4a-cba0-4f9b-9e3e-e4a48b3eda51@group-7E32184879DE-LeaderElection343: Election TIMEOUT; received 0 response(s) [] and 0 exception(s); f535bb4a-cba0-4f9b-9e3e-e4a48b3eda51@group-7E32184879DE:t404, leader=null, voted=f535bb4a-cba0-4f9b-9e3e-e4a48b3eda51, raftlog=f535bb4a-cba0-4f9b-9e3e-e4a48b3eda51@group-7E32184879DE-SegmentedRaftLog:OPENED:c-1,f-1,i0, conf=-1: [f535bb4a-cba0-4f9b-9e3e-e4a48b3eda51:0.0.0.0:44706, 54aabb14-4a7d-4ab3-adbe-2e67760b87f4:0.0.0.0:43074, c652e2ee-3322-4406-8db6-1ea643cb3197:0.0.0.0:42129], old=null
2019-10-18 11:25:07,578 [f535bb4a-cba0-4f9b-9e3e-e4a48b3eda51@group-7E32184879DE-LeaderElection343] INFO  impl.LeaderElection (LeaderElection.java:askForVotes(178)) - f535bb4a-cba0-4f9b-9e3e-e4a48b3eda51@group-7E32184879DE-LeaderElection343: begin an election at term 405 for -1: [f535bb4a-cba0-4f9b-9e3e-e4a48b3eda51:0.0.0.0:44706, 54aabb14-4a7d-4ab3-adbe-2e67760b87f4:0.0.0.0:43074, c652e2ee-3322-4406-8db6-1ea643cb3197:0.0.0.0:42129], old=null
2019-10-18 11:25:07,579 [grpc-default-executor-0] INFO  impl.RaftServerImpl (RaftServerImpl.java:setRole(184)) - 54aabb14-4a7d-4ab3-adbe-2e67760b87f4@group-7E32184879DE: changes role from  FOLLOWER to FOLLOWER at term 405 for recognizeCandidate:f535bb4a-cba0-4f9b-9e3e-e4a48b3eda51
2019-10-18 11:25:07,579 [grpc-default-executor-0] INFO  impl.RoleInfo (RoleInfo.java:shutdownFollowerState(121)) - 54aabb14-4a7d-4ab3-adbe-2e67760b87f4: shutdown FollowerState
2019-10-18 11:25:07,579 [grpc-default-executor-0] INFO  impl.RoleInfo (RoleInfo.java:updateAndGet(143)) - 54aabb14-4a7d-4ab3-adbe-2e67760b87f4: start FollowerState
2019-10-18 11:25:07,579 [grpc-default-executor-3] INFO  impl.RaftServerImpl (RaftServerImpl.java:setRole(184)) - c652e2ee-3322-4406-8db6-1ea643cb3197@group-7E32184879DE: changes role from  FOLLOWER to FOLLOWER at term 405 for recognizeCandidate:f535bb4a-cba0-4f9b-9e3e-e4a48b3eda51
2019-10-18 11:25:07,579 [Thread-2445] INFO  impl.FollowerState (FollowerState.java:run(117)) - 54aabb14-4a7d-4ab3-adbe-2e67760b87f4@group-7E32184879DE-FollowerState was interrupted: java.lang.InterruptedException: sleep interrupted
2019-10-18 11:25:07,580 [grpc-default-executor-3] INFO  impl.RoleInfo (RoleInfo.java:shutdownFollowerState(121)) - c652e2ee-3322-4406-8db6-1ea643cb3197: shutdown FollowerState
2019-10-18 11:25:07,580 [grpc-default-executor-3] INFO  impl.RoleInfo (RoleInfo.java:updateAndGet(143)) - c652e2ee-3322-4406-8db6-1ea643cb3197: start FollowerState
2019-10-18 11:25:07,580 [Thread-2446] INFO  impl.FollowerState (FollowerState.java:run(117)) - c652e2ee-3322-4406-8db6-1ea643cb3197@group-7E32184879DE-FollowerState was interrupted: java.lang.InterruptedException: sleep interrupted
2019-10-18 11:25:07,604 [f535bb4a-cba0-4f9b-9e3e-e4a48b3eda51@group-7E32184879DE-LeaderElection343] INFO  impl.LeaderElection (LeaderElection.java:logAndReturn(56)) - f535bb4a-cba0-4f9b-9e3e-e4a48b3eda51@group-7E32184879DE-LeaderElection343: Election REJECTED; received 2 response(s) [f535bb4a-cba0-4f9b-9e3e-e4a48b3eda51<-54aabb14-4a7d-4ab3-adbe-2e67760b87f4#0:FAIL-t405, f535bb4a-cba0-4f9b-9e3e-e4a48b3eda51<-c652e2ee-3322-4406-8db6-1ea643cb3197#0:FAIL-t405] and 0 exception(s); f535bb4a-cba0-4f9b-9e3e-e4a48b3eda51@group-7E32184879DE:t405, leader=null, voted=f535bb4a-cba0-4f9b-9e3e-e4a48b3eda51, raftlog=f535bb4a-cba0-4f9b-9e3e-e4a48b3eda51@group-7E32184879DE-SegmentedRaftLog:OPENED:c-1,f-1,i0, conf=-1: [f535bb4a-cba0-4f9b-9e3e-e4a48b3eda51:0.0.0.0:44706, 54aabb14-4a7d-4ab3-adbe-2e67760b87f4:0.0.0.0:43074, c652e2ee-3322-4406-8db6-1ea643cb3197:0.0.0.0:42129], old=null
2019-10-18 11:25:07,604 [f535bb4a-cba0-4f9b-9e3e-e4a48b3eda51@group-7E32184879DE-LeaderElection343] INFO  impl.RaftServerImpl (RaftServerImpl.java:setRole(184)) - f535bb4a-cba0-4f9b-9e3e-e4a48b3eda51@group-7E32184879DE: changes role from CANDIDATE to FOLLOWER at term 405 for DISCOVERED_A_NEW_TERM
2019-10-18 11:25:07,604 [f535bb4a-cba0-4f9b-9e3e-e4a48b3eda51@group-7E32184879DE-LeaderElection343] INFO  impl.RoleInfo (RoleInfo.java:shutdownLeaderElection(134)) - f535bb4a-cba0-4f9b-9e3e-e4a48b3eda51: shutdown LeaderElection
2019-10-18 11:25:07,604 [f535bb4a-cba0-4f9b-9e3e-e4a48b3eda51@group-7E32184879DE-LeaderElection343] INFO  impl.RoleInfo (RoleInfo.java:updateAndGet(143)) - f535bb4a-cba0-4f9b-9e3e-e4a48b3eda51: start FollowerState
2019-10-18 11:25:07,766 [Thread-2451] INFO  impl.FollowerState (FollowerState.java:run(108)) - f535bb4a-cba0-4f9b-9e3e-e4a48b3eda51@group-7E32184879DE-FollowerState: change to CANDIDATE, lastRpcTime:161ms, electionTimeout:161ms
2019-10-18 11:25:07,766 [Thread-2451] INFO  impl.RoleInfo (RoleInfo.java:shutdownFollowerState(121)) - f535bb4a-cba0-4f9b-9e3e-e4a48b3eda51: shutdown FollowerState
2019-10-18 11:25:07,766 [Thread-2451] INFO  impl.RaftServerImpl (RaftServerImpl.java:setRole(184)) - f535bb4a-cba0-4f9b-9e3e-e4a48b3eda51@group-7E32184879DE: changes role from  FOLLOWER to CANDIDATE at term 405 for changeToCandidate
2019-10-18 11:25:07,766 [Thread-2451] INFO  impl.RoleInfo (RoleInfo.java:updateAndGet(143)) - f535bb4a-cba0-4f9b-9e3e-e4a48b3eda51: start LeaderElection
2019-10-18 11:25:07,795 [f535bb4a-cba0-4f9b-9e3e-e4a48b3eda51@group-7E32184879DE-LeaderElection344] INFO  impl.LeaderElection (LeaderElection.java:askForVotes(178)) - f535bb4a-cba0-4f9b-9e3e-e4a48b3eda51@group-7E32184879DE-LeaderElection344: begin an election at term 406 for -1: [f535bb4a-cba0-4f9b-9e3e-e4a48b3eda51:0.0.0.0:44706, 54aabb14-4a7d-4ab3-adbe-2e67760b87f4:0.0.0.0:43074, c652e2ee-3322-4406-8db6-1ea643cb3197:0.0.0.0:42129], old=null
2019-10-18 11:25:07,797 [grpc-default-executor-0] INFO  impl.RaftServerImpl (RaftServerImpl.java:setRole(184)) - c652e2ee-3322-4406-8db6-1ea643cb3197@group-7E32184879DE: changes role from  FOLLOWER to FOLLOWER at term 406 for recognizeCandidate:f535bb4a-cba0-4f9b-9e3e-e4a48b3eda51
2019-10-18 11:25:07,797 [grpc-default-executor-3] INFO  impl.RaftServerImpl (RaftServerImpl.java:setRole(184)) - 54aabb14-4a7d-4ab3-adbe-2e67760b87f4@group-7E32184879DE: changes role from  FOLLOWER to FOLLOWER at term 406 for recognizeCandidate:f535bb4a-cba0-4f9b-9e3e-e4a48b3eda51
2019-10-18 11:25:07,797 [grpc-default-executor-0] INFO  impl.RoleInfo (RoleInfo.java:shutdownFollowerState(121)) - c652e2ee-3322-4406-8db6-1ea643cb3197: shutdown FollowerState
2019-10-18 11:25:07,797 [grpc-default-executor-3] INFO  impl.RoleInfo (RoleInfo.java:shutdownFollowerState(121)) - 54aabb14-4a7d-4ab3-adbe-2e67760b87f4: shutdown FollowerState
2019-10-18 11:25:07,798 [Thread-2450] INFO  impl.FollowerState (FollowerState.java:run(117)) - c652e2ee-3322-4406-8db6-1ea643cb3197@group-7E32184879DE-FollowerState was interrupted: java.lang.InterruptedException: sleep interrupted
2019-10-18 11:25:07,798 [grpc-default-executor-0] INFO  impl.RoleInfo (RoleInfo.java:updateAndGet(143)) - c652e2ee-3322-4406-8db6-1ea643cb3197: start FollowerState
2019-10-18 11:25:07,798 [Thread-2449] INFO  impl.FollowerState (FollowerState.java:run(117)) - 54aabb14-4a7d-4ab3-adbe-2e67760b87f4@group-7E32184879DE-FollowerState was interrupted: java.lang.InterruptedException: sleep interrupted
2019-10-18 11:25:07,798 [grpc-default-executor-3] INFO  impl.RoleInfo (RoleInfo.java:updateAndGet(143)) - 54aabb14-4a7d-4ab3-adbe-2e67760b87f4: start FollowerState
2019-10-18 11:25:07,821 [f535bb4a-cba0-4f9b-9e3e-e4a48b3eda51@group-7E32184879DE-LeaderElection344] INFO  impl.LeaderElection (LeaderElection.java:logAndReturn(56)) - f535bb4a-cba0-4f9b-9e3e-e4a48b3eda51@group-7E32184879DE-LeaderElection344: Election REJECTED; received 2 response(s) [f535bb4a-cba0-4f9b-9e3e-e4a48b3eda51<-54aabb14-4a7d-4ab3-adbe-2e67760b87f4#0:FAIL-t406, f535bb4a-cba0-4f9b-9e3e-e4a48b3eda51<-c652e2ee-3322-4406-8db6-1ea643cb3197#0:FAIL-t406] and 0 exception(s); f535bb4a-cba0-4f9b-9e3e-e4a48b3eda51@group-7E32184879DE:t406, leader=null, voted=f535bb4a-cba0-4f9b-9e3e-e4a48b3eda51, raftlog=f535bb4a-cba0-4f9b-9e3e-e4a48b3eda51@group-7E32184879DE-SegmentedRaftLog:OPENED:c-1,f-1,i0, conf=-1: [f535bb4a-cba0-4f9b-9e3e-e4a48b3eda51:0.0.0.0:44706, 54aabb14-4a7d-4ab3-adbe-2e67760b87f4:0.0.0.0:43074, c652e2ee-3322-4406-8db6-1ea643cb3197:0.0.0.0:42129], old=null
2019-10-18 11:25:07,821 [f535bb4a-cba0-4f9b-9e3e-e4a48b3eda51@group-7E32184879DE-LeaderElection344] INFO  impl.RaftServerImpl (RaftServerImpl.java:setRole(184)) - f535bb4a-cba0-4f9b-9e3e-e4a48b3eda51@group-7E32184879DE: changes role from CANDIDATE to FOLLOWER at term 406 for DISCOVERED_A_NEW_TERM
2019-10-18 11:25:07,822 [f535bb4a-cba0-4f9b-9e3e-e4a48b3eda51@group-7E32184879DE-LeaderElection344] INFO  impl.RoleInfo (RoleInfo.java:shutdownLeaderElection(134)) - f535bb4a-cba0-4f9b-9e3e-e4a48b3eda51: shutdown LeaderElection
2019-10-18 11:25:07,822 [f535bb4a-cba0-4f9b-9e3e-e4a48b3eda51@group-7E32184879DE-LeaderElection344] INFO  impl.RoleInfo (RoleInfo.java:updateAndGet(143)) - f535bb4a-cba0-4f9b-9e3e-e4a48b3eda51: start FollowerState
2019-10-18 11:25:07,957 [Thread-2457] INFO  impl.FollowerState (FollowerState.java:run(108)) - f535bb4a-cba0-4f9b-9e3e-e4a48b3eda51@group-7E32184879DE-FollowerState: change to CANDIDATE, lastRpcTime:135ms, electionTimeout:135ms
2019-10-18 11:25:07,957 [Thread-2457] INFO  impl.RoleInfo (RoleInfo.java:shutdownFollowerState(121)) - f535bb4a-cba0-4f9b-9e3e-e4a48b3eda51: shutdown FollowerState
2019-10-18 11:25:07,958 [Thread-2457] INFO  impl.RaftServerImpl (RaftServerImpl.java:setRole(184)) - f535bb4a-cba0-4f9b-9e3e-e4a48b3eda51@group-7E32184879DE: changes role from  FOLLOWER to CANDIDATE at term 406 for changeToCandidate
2019-10-18 11:25:07,958 [Thread-2457] INFO  impl.RoleInfo (RoleInfo.java:updateAndGet(143)) - f535bb4a-cba0-4f9b-9e3e-e4a48b3eda51: start LeaderElection
2019-10-18 11:25:07,996 [f535bb4a-cba0-4f9b-9e3e-e4a48b3eda51@group-7E32184879DE-LeaderElection345] INFO  impl.LeaderElection (LeaderElection.java:askForVotes(178)) - f535bb4a-cba0-4f9b-9e3e-e4a48b3eda51@group-7E32184879DE-LeaderElection345: begin an election at term 407 for -1: [f535bb4a-cba0-4f9b-9e3e-e4a48b3eda51:0.0.0.0:44706, 54aabb14-4a7d-4ab3-adbe-2e67760b87f4:0.0.0.0:43074, c652e2ee-3322-4406-8db6-1ea643cb3197:0.0.0.0:42129], old=null
2019-10-18 11:25:07,998 [grpc-default-executor-3] INFO  impl.RaftServerImpl (RaftServerImpl.java:setRole(184)) - c652e2ee-3322-4406-8db6-1ea643cb3197@group-7E32184879DE: changes role from  FOLLOWER to FOLLOWER at term 407 for recognizeCandidate:f535bb4a-cba0-4f9b-9e3e-e4a48b3eda51
2019-10-18 11:25:07,998 [grpc-default-executor-0] INFO  impl.RaftServerImpl (RaftServerImpl.java:setRole(184)) - 54aabb14-4a7d-4ab3-adbe-2e67760b87f4@group-7E32184879DE: changes role from  FOLLOWER to FOLLOWER at term 407 for recognizeCandidate:f535bb4a-cba0-4f9b-9e3e-e4a48b3eda51
2019-10-18 11:25:07,999 [grpc-default-executor-3] INFO  impl.RoleInfo (RoleInfo.java:shutdownFollowerState(121)) - c652e2ee-3322-4406-8db6-1ea643cb3197: shutdown FollowerState
2019-10-18 11:25:07,999 [grpc-default-executor-0] INFO  impl.RoleInfo (RoleInfo.java:shutdownFollowerState(121)) - 54aabb14-4a7d-4ab3-adbe-2e67760b87f4: shutdown FollowerState
2019-10-18 11:25:07,999 [Thread-2455] INFO  impl.FollowerState (FollowerState.java:run(117)) - c652e2ee-3322-4406-8db6-1ea643cb3197@group-7E32184879DE-FollowerState was interrupted: java.lang.InterruptedException: sleep interrupted
2019-10-18 11:25:07,999 [Thread-2456] INFO  impl.FollowerState (FollowerState.java:run(117)) - 54aabb14-4a7d-4ab3-adbe-2e67760b87f4@group-7E32184879DE-FollowerState was interrupted: java.lang.InterruptedException: sleep interrupted
2019-10-18 11:25:07,999 [grpc-default-executor-3] INFO  impl.RoleInfo (RoleInfo.java:updateAndGet(143)) - c652e2ee-3322-4406-8db6-1ea643cb3197: start FollowerState
2019-10-18 11:25:07,999 [grpc-default-executor-0] INFO  impl.RoleInfo (RoleInfo.java:updateAndGet(143)) - 54aabb14-4a7d-4ab3-adbe-2e67760b87f4: start FollowerState
2019-10-18 11:25:08,012 [f535bb4a-cba0-4f9b-9e3e-e4a48b3eda51@group-7E32184879DE-LeaderElection345] INFO  impl.LeaderElection (LeaderElection.java:logAndReturn(56)) - f535bb4a-cba0-4f9b-9e3e-e4a48b3eda51@group-7E32184879DE-LeaderElection345: Election TIMEOUT; received 0 response(s) [] and 0 exception(s); f535bb4a-cba0-4f9b-9e3e-e4a48b3eda51@group-7E32184879DE:t407, leader=null, voted=f535bb4a-cba0-4f9b-9e3e-e4a48b3eda51, raftlog=f535bb4a-cba0-4f9b-9e3e-e4a48b3eda51@group-7E32184879DE-SegmentedRaftLog:OPENED:c-1,f-1,i0, conf=-1: [f535bb4a-cba0-4f9b-9e3e-e4a48b3eda51:0.0.0.0:44706, 54aabb14-4a7d-4ab3-adbe-2e67760b87f4:0.0.0.0:43074, c652e2ee-3322-4406-8db6-1ea643cb3197:0.0.0.0:42129], old=null
2019-10-18 11:25:08,038 [f535bb4a-cba0-4f9b-9e3e-e4a48b3eda51@group-7E32184879DE-LeaderElection345] INFO  impl.LeaderElection (LeaderElection.java:askForVotes(178)) - f535bb4a-cba0-4f9b-9e3e-e4a48b3eda51@group-7E32184879DE-LeaderElection345: begin an election at term 408 for -1: [f535bb4a-cba0-4f9b-9e3e-e4a48b3eda51:0.0.0.0:44706, 54aabb14-4a7d-4ab3-adbe-2e67760b87f4:0.0.0.0:43074, c652e2ee-3322-4406-8db6-1ea643cb3197:0.0.0.0:42129], old=null
2019-10-18 11:25:08,040 [grpc-default-executor-0] INFO  impl.RaftServerImpl (RaftServerImpl.java:setRole(184)) - 54aabb14-4a7d-4ab3-adbe-2e67760b87f4@group-7E32184879DE: changes role from  FOLLOWER to FOLLOWER at term 408 for recognizeCandidate:f535bb4a-cba0-4f9b-9e3e-e4a48b3eda51
2019-10-18 11:25:08,040 [grpc-default-executor-0] INFO  impl.RoleInfo (RoleInfo.java:shutdownFollowerState(121)) - 54aabb14-4a7d-4ab3-adbe-2e67760b87f4: shutdown FollowerState
2019-10-18 11:25:08,040 [grpc-default-executor-0] INFO  impl.RoleInfo (RoleInfo.java:updateAndGet(143)) - 54aabb14-4a7d-4ab3-adbe-2e67760b87f4: start FollowerState
2019-10-18 11:25:08,041 [Thread-2462] INFO  impl.FollowerState (FollowerState.java:run(117)) - 54aabb14-4a7d-4ab3-adbe-2e67760b87f4@group-7E32184879DE-FollowerState was interrupted: java.lang.InterruptedException: sleep interrupted
2019-10-18 11:25:08,041 [grpc-default-executor-3] INFO  impl.RaftServerImpl (RaftServerImpl.java:setRole(184)) - c652e2ee-3322-4406-8db6-1ea643cb3197@group-7E32184879DE: changes role from  FOLLOWER to FOLLOWER at term 408 for recognizeCandidate:f535bb4a-cba0-4f9b-9e3e-e4a48b3eda51
2019-10-18 11:25:08,041 [grpc-default-executor-3] INFO  impl.RoleInfo (RoleInfo.java:shutdownFollowerState(121)) - c652e2ee-3322-4406-8db6-1ea643cb3197: shutdown FollowerState
2019-10-18 11:25:08,041 [grpc-default-executor-3] INFO  impl.RoleInfo (RoleInfo.java:updateAndGet(143)) - c652e2ee-3322-4406-8db6-1ea643cb3197: start FollowerState
2019-10-18 11:25:08,041 [Thread-2461] INFO  impl.FollowerState (FollowerState.java:run(117)) - c652e2ee-3322-4406-8db6-1ea643cb3197@group-7E32184879DE-FollowerState was interrupted: java.lang.InterruptedException: sleep interrupted
2019-10-18 11:25:08,064 [f535bb4a-cba0-4f9b-9e3e-e4a48b3eda51@group-7E32184879DE-LeaderElection345] INFO  impl.LeaderElection (LeaderElection.java:logAndReturn(56)) - f535bb4a-cba0-4f9b-9e3e-e4a48b3eda51@group-7E32184879DE-LeaderElection345: Election REJECTED; received 2 response(s) [f535bb4a-cba0-4f9b-9e3e-e4a48b3eda51<-54aabb14-4a7d-4ab3-adbe-2e67760b87f4#0:FAIL-t408, f535bb4a-cba0-4f9b-9e3e-e4a48b3eda51<-c652e2ee-3322-4406-8db6-1ea643cb3197#0:FAIL-t408] and 0 exception(s); f535bb4a-cba0-4f9b-9e3e-e4a48b3eda51@group-7E32184879DE:t408, leader=null, voted=f535bb4a-cba0-4f9b-9e3e-e4a48b3eda51, raftlog=f535bb4a-cba0-4f9b-9e3e-e4a48b3eda51@group-7E32184879DE-SegmentedRaftLog:OPENED:c-1,f-1,i0, conf=-1: [f535bb4a-cba0-4f9b-9e3e-e4a48b3eda51:0.0.0.0:44706, 54aabb14-4a7d-4ab3-adbe-2e67760b87f4:0.0.0.0:43074, c652e2ee-3322-4406-8db6-1ea643cb3197:0.0.0.0:42129], old=null
2019-10-18 11:25:08,064 [f535bb4a-cba0-4f9b-9e3e-e4a48b3eda51@group-7E32184879DE-LeaderElection345] INFO  impl.RaftServerImpl (RaftServerImpl.java:setRole(184)) - f535bb4a-cba0-4f9b-9e3e-e4a48b3eda51@group-7E32184879DE: changes role from CANDIDATE to FOLLOWER at term 408 for DISCOVERED_A_NEW_TERM
2019-10-18 11:25:08,065 [f535bb4a-cba0-4f9b-9e3e-e4a48b3eda51@group-7E32184879DE-LeaderElection345] INFO  impl.RoleInfo (RoleInfo.java:shutdownLeaderElection(134)) - f535bb4a-cba0-4f9b-9e3e-e4a48b3eda51: shutdown LeaderElection
2019-10-18 11:25:08,065 [f535bb4a-cba0-4f9b-9e3e-e4a48b3eda51@group-7E32184879DE-LeaderElection345] INFO  impl.RoleInfo (RoleInfo.java:updateAndGet(143)) - f535bb4a-cba0-4f9b-9e3e-e4a48b3eda51: start FollowerState
2019-10-18 11:25:08,133 [Thread-2467] INFO  impl.FollowerState (FollowerState.java:run(108)) - f535bb4a-cba0-4f9b-9e3e-e4a48b3eda51@group-7E32184879DE-FollowerState: change to CANDIDATE, lastRpcTime:68ms, electionTimeout:68ms
2019-10-18 11:25:08,133 [Thread-2467] INFO  impl.RoleInfo (RoleInfo.java:shutdownFollowerState(121)) - f535bb4a-cba0-4f9b-9e3e-e4a48b3eda51: shutdown FollowerState
2019-10-18 11:25:08,133 [Thread-2467] INFO  impl.RaftServerImpl (RaftServerImpl.java:setRole(184)) - f535bb4a-cba0-4f9b-9e3e-e4a48b3eda51@group-7E32184879DE: changes role from  FOLLOWER to CANDIDATE at term 408 for changeToCandidate
2019-10-18 11:25:08,134 [Thread-2467] INFO  impl.RoleInfo (RoleInfo.java:updateAndGet(143)) - f535bb4a-cba0-4f9b-9e3e-e4a48b3eda51: start LeaderElection
2019-10-18 11:25:08,164 [f535bb4a-cba0-4f9b-9e3e-e4a48b3eda51@group-7E32184879DE-LeaderElection346] INFO  impl.LeaderElection (LeaderElection.java:askForVotes(178)) - f535bb4a-cba0-4f9b-9e3e-e4a48b3eda51@group-7E32184879DE-LeaderElection346: begin an election at term 409 for -1: [f535bb4a-cba0-4f9b-9e3e-e4a48b3eda51:0.0.0.0:44706, 54aabb14-4a7d-4ab3-adbe-2e67760b87f4:0.0.0.0:43074, c652e2ee-3322-4406-8db6-1ea643cb3197:0.0.0.0:42129], old=null
2019-10-18 11:25:08,166 [grpc-default-executor-3] INFO  impl.RaftServerImpl (RaftServerImpl.java:setRole(184)) - c652e2ee-3322-4406-8db6-1ea643cb3197@group-7E32184879DE: changes role from  FOLLOWER to FOLLOWER at term 409 for recognizeCandidate:f535bb4a-cba0-4f9b-9e3e-e4a48b3eda51
2019-10-18 11:25:08,166 [grpc-default-executor-3] INFO  impl.RoleInfo (RoleInfo.java:shutdownFollowerState(121)) - c652e2ee-3322-4406-8db6-1ea643cb3197: shutdown FollowerState
2019-10-18 11:25:08,166 [grpc-default-executor-3] INFO  impl.RoleInfo (RoleInfo.java:updateAndGet(143)) - c652e2ee-3322-4406-8db6-1ea643cb3197: start FollowerState
2019-10-18 11:25:08,166 [Thread-2466] INFO  impl.FollowerState (FollowerState.java:run(117)) - c652e2ee-3322-4406-8db6-1ea643cb3197@group-7E32184879DE-FollowerState was interrupted: java.lang.InterruptedException: sleep interrupted
2019-10-18 11:25:08,167 [grpc-default-executor-0] INFO  impl.RaftServerImpl (RaftServerImpl.java:setRole(184)) - 54aabb14-4a7d-4ab3-adbe-2e67760b87f4@group-7E32184879DE: changes role from  FOLLOWER to FOLLOWER at term 409 for recognizeCandidate:f535bb4a-cba0-4f9b-9e3e-e4a48b3eda51
2019-10-18 11:25:08,168 [grpc-default-executor-0] INFO  impl.RoleInfo (RoleInfo.java:shutdownFollowerState(121)) - 54aabb14-4a7d-4ab3-adbe-2e67760b87f4: shutdown FollowerState
2019-10-18 11:25:08,168 [grpc-default-executor-0] INFO  impl.RoleInfo (RoleInfo.java:updateAndGet(143)) - 54aabb14-4a7d-4ab3-adbe-2e67760b87f4: start FollowerState
2019-10-18 11:25:08,168 [Thread-2465] INFO  impl.FollowerState (FollowerState.java:run(117)) - 54aabb14-4a7d-4ab3-adbe-2e67760b87f4@group-7E32184879DE-FollowerState was interrupted: java.lang.InterruptedException: sleep interrupted
2019-10-18 11:25:08,177 [f535bb4a-cba0-4f9b-9e3e-e4a48b3eda51@group-7E32184879DE-LeaderElection346] INFO  impl.LeaderElection (LeaderElection.java:logAndReturn(56)) - f535bb4a-cba0-4f9b-9e3e-e4a48b3eda51@group-7E32184879DE-LeaderElection346: Election REJECTED; received 2 response(s) [f535bb4a-cba0-4f9b-9e3e-e4a48b3eda51<-54aabb14-4a7d-4ab3-adbe-2e67760b87f4#0:FAIL-t409, f535bb4a-cba0-4f9b-9e3e-e4a48b3eda51<-c652e2ee-3322-4406-8db6-1ea643cb3197#0:FAIL-t409] and 0 exception(s); f535bb4a-cba0-4f9b-9e3e-e4a48b3eda51@group-7E32184879DE:t409, leader=null, voted=f535bb4a-cba0-4f9b-9e3e-e4a48b3eda51, raftlog=f535bb4a-cba0-4f9b-9e3e-e4a48b3eda51@group-7E32184879DE-SegmentedRaftLog:OPENED:c-1,f-1,i0, conf=-1: [f535bb4a-cba0-4f9b-9e3e-e4a48b3eda51:0.0.0.0:44706, 54aabb14-4a7d-4ab3-adbe-2e67760b87f4:0.0.0.0:43074, c652e2ee-3322-4406-8db6-1ea643cb3197:0.0.0.0:42129], old=null
2019-10-18 11:25:08,178 [f535bb4a-cba0-4f9b-9e3e-e4a48b3eda51@group-7E32184879DE-LeaderElection346] INFO  impl.RaftServerImpl (RaftServerImpl.java:setRole(184)) - f535bb4a-cba0-4f9b-9e3e-e4a48b3eda51@group-7E32184879DE: changes role from CANDIDATE to FOLLOWER at term 409 for DISCOVERED_A_NEW_TERM
2019-10-18 11:25:08,178 [f535bb4a-cba0-4f9b-9e3e-e4a48b3eda51@group-7E32184879DE-LeaderElection346] INFO  impl.RoleInfo (RoleInfo.java:shutdownLeaderElection(134)) - f535bb4a-cba0-4f9b-9e3e-e4a48b3eda51: shutdown LeaderElection
2019-10-18 11:25:08,178 [f535bb4a-cba0-4f9b-9e3e-e4a48b3eda51@group-7E32184879DE-LeaderElection346] INFO  impl.RoleInfo (RoleInfo.java:updateAndGet(143)) - f535bb4a-cba0-4f9b-9e3e-e4a48b3eda51: start FollowerState
2019-10-18 11:25:08,287 [Thread-2473] INFO  impl.FollowerState (FollowerState.java:run(108)) - f535bb4a-cba0-4f9b-9e3e-e4a48b3eda51@group-7E32184879DE-FollowerState: change to CANDIDATE, lastRpcTime:109ms, electionTimeout:109ms
2019-10-18 11:25:08,287 [Thread-2473] INFO  impl.RoleInfo (RoleInfo.java:shutdownFollowerState(121)) - f535bb4a-cba0-4f9b-9e3e-e4a48b3eda51: shutdown FollowerState
2019-10-18 11:25:08,288 [Thread-2473] INFO  impl.RaftServerImpl (RaftServerImpl.java:setRole(184)) - f535bb4a-cba0-4f9b-9e3e-e4a48b3eda51@group-7E32184879DE: changes role from  FOLLOWER to CANDIDATE at term 409 for changeToCandidate
2019-10-18 11:25:08,288 [Thread-2473] INFO  impl.RoleInfo (RoleInfo.java:updateAndGet(143)) - f535bb4a-cba0-4f9b-9e3e-e4a48b3eda51: start LeaderElection
2019-10-18 11:25:08,312 [f535bb4a-cba0-4f9b-9e3e-e4a48b3eda51@group-7E32184879DE-LeaderElection347] INFO  impl.LeaderElection (LeaderElection.java:askForVotes(178)) - f535bb4a-cba0-4f9b-9e3e-e4a48b3eda51@group-7E32184879DE-LeaderElection347: begin an election at term 410 for -1: [f535bb4a-cba0-4f9b-9e3e-e4a48b3eda51:0.0.0.0:44706, 54aabb14-4a7d-4ab3-adbe-2e67760b87f4:0.0.0.0:43074, c652e2ee-3322-4406-8db6-1ea643cb3197:0.0.0.0:42129], old=null
2019-10-18 11:25:08,313 [grpc-default-executor-0] INFO  impl.RaftServerImpl (RaftServerImpl.java:setRole(184)) - c652e2ee-3322-4406-8db6-1ea643cb3197@group-7E32184879DE: changes role from  FOLLOWER to FOLLOWER at term 410 for recognizeCandidate:f535bb4a-cba0-4f9b-9e3e-e4a48b3eda51
2019-10-18 11:25:08,313 [grpc-default-executor-0] INFO  impl.RoleInfo (RoleInfo.java:shutdownFollowerState(121)) - c652e2ee-3322-4406-8db6-1ea643cb3197: shutdown FollowerState
2019-10-18 11:25:08,313 [grpc-default-executor-3] INFO  impl.RaftServerImpl (RaftServerImpl.java:setRole(184)) - 54aabb14-4a7d-4ab3-adbe-2e67760b87f4@group-7E32184879DE: changes role from  FOLLOWER to FOLLOWER at term 410 for recognizeCandidate:f535bb4a-cba0-4f9b-9e3e-e4a48b3eda51
2019-10-18 11:25:08,313 [Thread-2471] INFO  impl.FollowerState (FollowerState.java:run(117)) - c652e2ee-3322-4406-8db6-1ea643cb3197@group-7E32184879DE-FollowerState was interrupted: java.lang.InterruptedException: sleep interrupted
2019-10-18 11:25:08,313 [grpc-default-executor-0] INFO  impl.RoleInfo (RoleInfo.java:updateAndGet(143)) - c652e2ee-3322-4406-8db6-1ea643cb3197: start FollowerState
2019-10-18 11:25:08,314 [grpc-default-executor-3] INFO  impl.RoleInfo (RoleInfo.java:shutdownFollowerState(121)) - 54aabb14-4a7d-4ab3-adbe-2e67760b87f4: shutdown FollowerState
2019-10-18 11:25:08,314 [Thread-2472] INFO  impl.FollowerState (FollowerState.java:run(117)) - 54aabb14-4a7d-4ab3-adbe-2e67760b87f4@group-7E32184879DE-FollowerState was interrupted: java.lang.InterruptedException: sleep interrupted
2019-10-18 11:25:08,314 [grpc-default-executor-3] INFO  impl.RoleInfo (RoleInfo.java:updateAndGet(143)) - 54aabb14-4a7d-4ab3-adbe-2e67760b87f4: start FollowerState
2019-10-18 11:25:08,330 [f535bb4a-cba0-4f9b-9e3e-e4a48b3eda51@group-7E32184879DE-LeaderElection347] INFO  impl.LeaderElection (LeaderElection.java:logAndReturn(56)) - f535bb4a-cba0-4f9b-9e3e-e4a48b3eda51@group-7E32184879DE-LeaderElection347: Election REJECTED; received 2 response(s) [f535bb4a-cba0-4f9b-9e3e-e4a48b3eda51<-54aabb14-4a7d-4ab3-adbe-2e67760b87f4#0:FAIL-t410, f535bb4a-cba0-4f9b-9e3e-e4a48b3eda51<-c652e2ee-3322-4406-8db6-1ea643cb3197#0:FAIL-t410] and 0 exception(s); f535bb4a-cba0-4f9b-9e3e-e4a48b3eda51@group-7E32184879DE:t410, leader=null, voted=f535bb4a-cba0-4f9b-9e3e-e4a48b3eda51, raftlog=f535bb4a-cba0-4f9b-9e3e-e4a48b3eda51@group-7E32184879DE-SegmentedRaftLog:OPENED:c-1,f-1,i0, conf=-1: [f535bb4a-cba0-4f9b-9e3e-e4a48b3eda51:0.0.0.0:44706, 54aabb14-4a7d-4ab3-adbe-2e67760b87f4:0.0.0.0:43074, c652e2ee-3322-4406-8db6-1ea643cb3197:0.0.0.0:42129], old=null
2019-10-18 11:25:08,330 [f535bb4a-cba0-4f9b-9e3e-e4a48b3eda51@group-7E32184879DE-LeaderElection347] INFO  impl.RaftServerImpl (RaftServerImpl.java:setRole(184)) - f535bb4a-cba0-4f9b-9e3e-e4a48b3eda51@group-7E32184879DE: changes role from CANDIDATE to FOLLOWER at term 410 for DISCOVERED_A_NEW_TERM
2019-10-18 11:25:08,330 [f535bb4a-cba0-4f9b-9e3e-e4a48b3eda51@group-7E32184879DE-LeaderElection347] INFO  impl.RoleInfo (RoleInfo.java:shutdownLeaderElection(134)) - f535bb4a-cba0-4f9b-9e3e-e4a48b3eda51: shutdown LeaderElection
2019-10-18 11:25:08,330 [f535bb4a-cba0-4f9b-9e3e-e4a48b3eda51@group-7E32184879DE-LeaderElection347] INFO  impl.RoleInfo (RoleInfo.java:updateAndGet(143)) - f535bb4a-cba0-4f9b-9e3e-e4a48b3eda51: start FollowerState
2019-10-18 11:25:08,359 [Thread-2479] INFO  impl.FollowerState (FollowerState.java:run(108)) - f535bb4a-cba0-4f9b-9e3e-e4a48b3eda51@group-7E32184879DE-FollowerState: change to CANDIDATE, lastRpcTime:29ms, electionTimeout:29ms
2019-10-18 11:25:08,359 [Thread-2479] INFO  impl.RoleInfo (RoleInfo.java:shutdownFollowerState(121)) - f535bb4a-cba0-4f9b-9e3e-e4a48b3eda51: shutdown FollowerState
2019-10-18 11:25:08,359 [Thread-2479] INFO  impl.RaftServerImpl (RaftServerImpl.java:setRole(184)) - f535bb4a-cba0-4f9b-9e3e-e4a48b3eda51@group-7E32184879DE: changes role from  FOLLOWER to CANDIDATE at term 410 for changeToCandidate
2019-10-18 11:25:08,360 [Thread-2479] INFO  impl.RoleInfo (RoleInfo.java:updateAndGet(143)) - f535bb4a-cba0-4f9b-9e3e-e4a48b3eda51: start LeaderElection
2019-10-18 11:25:08,383 [f535bb4a-cba0-4f9b-9e3e-e4a48b3eda51@group-7E32184879DE-LeaderElection348] INFO  impl.LeaderElection (LeaderElection.java:askForVotes(178)) - f535bb4a-cba0-4f9b-9e3e-e4a48b3eda51@group-7E32184879DE-LeaderElection348: begin an election at term 411 for -1: [f535bb4a-cba0-4f9b-9e3e-e4a48b3eda51:0.0.0.0:44706, 54aabb14-4a7d-4ab3-adbe-2e67760b87f4:0.0.0.0:43074, c652e2ee-3322-4406-8db6-1ea643cb3197:0.0.0.0:42129], old=null
2019-10-18 11:25:08,385 [grpc-default-executor-0] INFO  impl.RaftServerImpl (RaftServerImpl.java:setRole(184)) - 54aabb14-4a7d-4ab3-adbe-2e67760b87f4@group-7E32184879DE: changes role from  FOLLOWER to FOLLOWER at term 411 for recognizeCandidate:f535bb4a-cba0-4f9b-9e3e-e4a48b3eda51
2019-10-18 11:25:08,385 [grpc-default-executor-3] INFO  impl.RaftServerImpl (RaftServerImpl.java:setRole(184)) - c652e2ee-3322-4406-8db6-1ea643cb3197@group-7E32184879DE: changes role from  FOLLOWER to FOLLOWER at term 411 for recognizeCandidate:f535bb4a-cba0-4f9b-9e3e-e4a48b3eda51
2019-10-18 11:25:08,385 [grpc-default-executor-0] INFO  impl.RoleInfo (RoleInfo.java:shutdownFollowerState(121)) - 54aabb14-4a7d-4ab3-adbe-2e67760b87f4: shutdown FollowerState
2019-10-18 11:25:08,385 [grpc-default-executor-3] INFO  impl.RoleInfo (RoleInfo.java:shutdownFollowerState(121)) - c652e2ee-3322-4406-8db6-1ea643cb3197: shutdown FollowerState
2019-10-18 11:25:08,385 [Thread-2478] INFO  impl.FollowerState (FollowerState.java:run(117)) - 54aabb14-4a7d-4ab3-adbe-2e67760b87f4@group-7E32184879DE-FollowerState was interrupted: java.lang.InterruptedException: sleep interrupted
2019-10-18 11:25:08,385 [grpc-default-executor-0] INFO  impl.RoleInfo (RoleInfo.java:updateAndGet(143)) - 54aabb14-4a7d-4ab3-adbe-2e67760b87f4: start FollowerState
2019-10-18 11:25:08,386 [grpc-default-executor-3] INFO  impl.RoleInfo (RoleInfo.java:updateAndGet(143)) - c652e2ee-3322-4406-8db6-1ea643cb3197: start FollowerState
2019-10-18 11:25:08,386 [Thread-2477] INFO  impl.FollowerState (FollowerState.java:run(117)) - c652e2ee-3322-4406-8db6-1ea643cb3197@group-7E32184879DE-FollowerState was interrupted: java.lang.InterruptedException: sleep interrupted
2019-10-18 11:25:08,409 [f535bb4a-cba0-4f9b-9e3e-e4a48b3eda51@group-7E32184879DE-LeaderElection348] INFO  impl.LeaderElection (LeaderElection.java:logAndReturn(56)) - f535bb4a-cba0-4f9b-9e3e-e4a48b3eda51@group-7E32184879DE-LeaderElection348: Election REJECTED; received 2 response(s) [f535bb4a-cba0-4f9b-9e3e-e4a48b3eda51<-54aabb14-4a7d-4ab3-adbe-2e67760b87f4#0:FAIL-t411, f535bb4a-cba0-4f9b-9e3e-e4a48b3eda51<-c652e2ee-3322-4406-8db6-1ea643cb3197#0:FAIL-t411] and 0 exception(s); f535bb4a-cba0-4f9b-9e3e-e4a48b3eda51@group-7E32184879DE:t411, leader=null, voted=f535bb4a-cba0-4f9b-9e3e-e4a48b3eda51, raftlog=f535bb4a-cba0-4f9b-9e3e-e4a48b3eda51@group-7E32184879DE-SegmentedRaftLog:OPENED:c-1,f-1,i0, conf=-1: [f535bb4a-cba0-4f9b-9e3e-e4a48b3eda51:0.0.0.0:44706, 54aabb14-4a7d-4ab3-adbe-2e67760b87f4:0.0.0.0:43074, c652e2ee-3322-4406-8db6-1ea643cb3197:0.0.0.0:42129], old=null
2019-10-18 11:25:08,409 [f535bb4a-cba0-4f9b-9e3e-e4a48b3eda51@group-7E32184879DE-LeaderElection348] INFO  impl.RaftServerImpl (RaftServerImpl.java:setRole(184)) - f535bb4a-cba0-4f9b-9e3e-e4a48b3eda51@group-7E32184879DE: changes role from CANDIDATE to FOLLOWER at term 411 for DISCOVERED_A_NEW_TERM
2019-10-18 11:25:08,409 [f535bb4a-cba0-4f9b-9e3e-e4a48b3eda51@group-7E32184879DE-LeaderElection348] INFO  impl.RoleInfo (RoleInfo.java:shutdownLeaderElection(134)) - f535bb4a-cba0-4f9b-9e3e-e4a48b3eda51: shutdown LeaderElection
2019-10-18 11:25:08,410 [f535bb4a-cba0-4f9b-9e3e-e4a48b3eda51@group-7E32184879DE-LeaderElection348] INFO  impl.RoleInfo (RoleInfo.java:updateAndGet(143)) - f535bb4a-cba0-4f9b-9e3e-e4a48b3eda51: start FollowerState
2019-10-18 11:25:08,594 [Thread-2485] INFO  impl.FollowerState (FollowerState.java:run(108)) - f535bb4a-cba0-4f9b-9e3e-e4a48b3eda51@group-7E32184879DE-FollowerState: change to CANDIDATE, lastRpcTime:184ms, electionTimeout:184ms
2019-10-18 11:25:08,594 [Thread-2485] INFO  impl.RoleInfo (RoleInfo.java:shutdownFollowerState(121)) - f535bb4a-cba0-4f9b-9e3e-e4a48b3eda51: shutdown FollowerState
2019-10-18 11:25:08,594 [Thread-2485] INFO  impl.RaftServerImpl (RaftServerImpl.java:setRole(184)) - f535bb4a-cba0-4f9b-9e3e-e4a48b3eda51@group-7E32184879DE: changes role from  FOLLOWER to CANDIDATE at term 411 for changeToCandidate
2019-10-18 11:25:08,594 [Thread-2485] INFO  impl.RoleInfo (RoleInfo.java:updateAndGet(143)) - f535bb4a-cba0-4f9b-9e3e-e4a48b3eda51: start LeaderElection
2019-10-18 11:25:08,633 [f535bb4a-cba0-4f9b-9e3e-e4a48b3eda51@group-7E32184879DE-LeaderElection349] INFO  impl.LeaderElection (LeaderElection.java:askForVotes(178)) - f535bb4a-cba0-4f9b-9e3e-e4a48b3eda51@group-7E32184879DE-LeaderElection349: begin an election at term 412 for -1: [f535bb4a-cba0-4f9b-9e3e-e4a48b3eda51:0.0.0.0:44706, 54aabb14-4a7d-4ab3-adbe-2e67760b87f4:0.0.0.0:43074, c652e2ee-3322-4406-8db6-1ea643cb3197:0.0.0.0:42129], old=null
2019-10-18 11:25:08,635 [grpc-default-executor-3] INFO  impl.RaftServerImpl (RaftServerImpl.java:setRole(184)) - c652e2ee-3322-4406-8db6-1ea643cb3197@group-7E32184879DE: changes role from  FOLLOWER to FOLLOWER at term 412 for recognizeCandidate:f535bb4a-cba0-4f9b-9e3e-e4a48b3eda51
2019-10-18 11:25:08,635 [grpc-default-executor-0] INFO  impl.RaftServerImpl (RaftServerImpl.java:setRole(184)) - 54aabb14-4a7d-4ab3-adbe-2e67760b87f4@group-7E32184879DE: changes role from  FOLLOWER to FOLLOWER at term 412 for recognizeCandidate:f535bb4a-cba0-4f9b-9e3e-e4a48b3eda51
2019-10-18 11:25:08,636 [grpc-default-executor-3] INFO  impl.RoleInfo (RoleInfo.java:shutdownFollowerState(121)) - c652e2ee-3322-4406-8db6-1ea643cb3197: shutdown FollowerState
2019-10-18 11:25:08,636 [grpc-default-executor-0] INFO  impl.RoleInfo (RoleInfo.java:shutdownFollowerState(121)) - 54aabb14-4a7d-4ab3-adbe-2e67760b87f4: shutdown FollowerState
2019-10-18 11:25:08,636 [Thread-2484] INFO  impl.FollowerState (FollowerState.java:run(117)) - c652e2ee-3322-4406-8db6-1ea643cb3197@group-7E32184879DE-FollowerState was interrupted: java.lang.InterruptedException: sleep interrupted
2019-10-18 11:25:08,636 [grpc-default-executor-3] INFO  impl.RoleInfo (RoleInfo.java:updateAndGet(143)) - c652e2ee-3322-4406-8db6-1ea643cb3197: start FollowerState
2019-10-18 11:25:08,636 [Thread-2483] INFO  impl.FollowerState (FollowerState.java:run(117)) - 54aabb14-4a7d-4ab3-adbe-2e67760b87f4@group-7E32184879DE-FollowerState was interrupted: java.lang.InterruptedException: sleep interrupted
2019-10-18 11:25:08,636 [grpc-default-executor-0] INFO  impl.RoleInfo (RoleInfo.java:updateAndGet(143)) - 54aabb14-4a7d-4ab3-adbe-2e67760b87f4: start FollowerState
2019-10-18 11:25:08,660 [f535bb4a-cba0-4f9b-9e3e-e4a48b3eda51@group-7E32184879DE-LeaderElection349] INFO  impl.LeaderElection (LeaderElection.java:logAndReturn(56)) - f535bb4a-cba0-4f9b-9e3e-e4a48b3eda51@group-7E32184879DE-LeaderElection349: Election REJECTED; received 2 response(s) [f535bb4a-cba0-4f9b-9e3e-e4a48b3eda51<-54aabb14-4a7d-4ab3-adbe-2e67760b87f4#0:FAIL-t412, f535bb4a-cba0-4f9b-9e3e-e4a48b3eda51<-c652e2ee-3322-4406-8db6-1ea643cb3197#0:FAIL-t412] and 0 exception(s); f535bb4a-cba0-4f9b-9e3e-e4a48b3eda51@group-7E32184879DE:t412, leader=null, voted=f535bb4a-cba0-4f9b-9e3e-e4a48b3eda51, raftlog=f535bb4a-cba0-4f9b-9e3e-e4a48b3eda51@group-7E32184879DE-SegmentedRaftLog:OPENED:c-1,f-1,i0, conf=-1: [f535bb4a-cba0-4f9b-9e3e-e4a48b3eda51:0.0.0.0:44706, 54aabb14-4a7d-4ab3-adbe-2e67760b87f4:0.0.0.0:43074, c652e2ee-3322-4406-8db6-1ea643cb3197:0.0.0.0:42129], old=null
2019-10-18 11:25:08,661 [f535bb4a-cba0-4f9b-9e3e-e4a48b3eda51@group-7E32184879DE-LeaderElection349] INFO  impl.RaftServerImpl (RaftServerImpl.java:setRole(184)) - f535bb4a-cba0-4f9b-9e3e-e4a48b3eda51@group-7E32184879DE: changes role from CANDIDATE to FOLLOWER at term 412 for DISCOVERED_A_NEW_TERM
2019-10-18 11:25:08,661 [f535bb4a-cba0-4f9b-9e3e-e4a48b3eda51@group-7E32184879DE-LeaderElection349] INFO  impl.RoleInfo (RoleInfo.java:shutdownLeaderElection(134)) - f535bb4a-cba0-4f9b-9e3e-e4a48b3eda51: shutdown LeaderElection
2019-10-18 11:25:08,661 [f535bb4a-cba0-4f9b-9e3e-e4a48b3eda51@group-7E32184879DE-LeaderElection349] INFO  impl.RoleInfo (RoleInfo.java:updateAndGet(143)) - f535bb4a-cba0-4f9b-9e3e-e4a48b3eda51: start FollowerState
2019-10-18 11:25:08,857 [Thread-2493] INFO  impl.FollowerState (FollowerState.java:run(108)) - f535bb4a-cba0-4f9b-9e3e-e4a48b3eda51@group-7E32184879DE-FollowerState: change to CANDIDATE, lastRpcTime:196ms, electionTimeout:196ms
2019-10-18 11:25:08,857 [Thread-2493] INFO  impl.RoleInfo (RoleInfo.java:shutdownFollowerState(121)) - f535bb4a-cba0-4f9b-9e3e-e4a48b3eda51: shutdown FollowerState
2019-10-18 11:25:08,857 [Thread-2493] INFO  impl.RaftServerImpl (RaftServerImpl.java:setRole(184)) - f535bb4a-cba0-4f9b-9e3e-e4a48b3eda51@group-7E32184879DE: changes role from  FOLLOWER to CANDIDATE at term 412 for changeToCandidate
2019-10-18 11:25:08,858 [Thread-2493] INFO  impl.RoleInfo (RoleInfo.java:updateAndGet(143)) - f535bb4a-cba0-4f9b-9e3e-e4a48b3eda51: start LeaderElection
2019-10-18 11:25:08,881 [f535bb4a-cba0-4f9b-9e3e-e4a48b3eda51@group-7E32184879DE-LeaderElection350] INFO  impl.LeaderElection (LeaderElection.java:askForVotes(178)) - f535bb4a-cba0-4f9b-9e3e-e4a48b3eda51@group-7E32184879DE-LeaderElection350: begin an election at term 413 for -1: [f535bb4a-cba0-4f9b-9e3e-e4a48b3eda51:0.0.0.0:44706, 54aabb14-4a7d-4ab3-adbe-2e67760b87f4:0.0.0.0:43074, c652e2ee-3322-4406-8db6-1ea643cb3197:0.0.0.0:42129], old=null
2019-10-18 11:25:08,883 [grpc-default-executor-0] INFO  impl.RaftServerImpl (RaftServerImpl.java:setRole(184)) - 54aabb14-4a7d-4ab3-adbe-2e67760b87f4@group-7E32184879DE: changes role from  FOLLOWER to FOLLOWER at term 413 for recognizeCandidate:f535bb4a-cba0-4f9b-9e3e-e4a48b3eda51
2019-10-18 11:25:08,883 [grpc-default-executor-0] INFO  impl.RoleInfo (RoleInfo.java:shutdownFollowerState(121)) - 54aabb14-4a7d-4ab3-adbe-2e67760b87f4: shutdown FollowerState
2019-10-18 11:25:08,883 [grpc-default-executor-3] INFO  impl.RaftServerImpl (RaftServerImpl.java:setRole(184)) - c652e2ee-3322-4406-8db6-1ea643cb3197@group-7E32184879DE: changes role from  FOLLOWER to FOLLOWER at term 413 for recognizeCandidate:f535bb4a-cba0-4f9b-9e3e-e4a48b3eda51
2019-10-18 11:25:08,883 [grpc-default-executor-3] INFO  impl.RoleInfo (RoleInfo.java:shutdownFollowerState(121)) - c652e2ee-3322-4406-8db6-1ea643cb3197: shutdown FollowerState
2019-10-18 11:25:08,883 [Thread-2492] INFO  impl.FollowerState (FollowerState.java:run(117)) - 54aabb14-4a7d-4ab3-adbe-2e67760b87f4@group-7E32184879DE-FollowerState was interrupted: java.lang.InterruptedException: sleep interrupted
2019-10-18 11:25:08,884 [Thread-2491] INFO  impl.FollowerState (FollowerState.java:run(117)) - c652e2ee-3322-4406-8db6-1ea643cb3197@group-7E32184879DE-FollowerState was interrupted: java.lang.InterruptedException: sleep interrupted
2019-10-18 11:25:08,883 [grpc-default-executor-0] INFO  impl.RoleInfo (RoleInfo.java:updateAndGet(143)) - 54aabb14-4a7d-4ab3-adbe-2e67760b87f4: start FollowerState
2019-10-18 11:25:08,884 [grpc-default-executor-3] INFO  impl.RoleInfo (RoleInfo.java:updateAndGet(143)) - c652e2ee-3322-4406-8db6-1ea643cb3197: start FollowerState
2019-10-18 11:25:08,900 [f535bb4a-cba0-4f9b-9e3e-e4a48b3eda51@group-7E32184879DE-LeaderElection350] INFO  impl.LeaderElection (LeaderElection.java:logAndReturn(56)) - f535bb4a-cba0-4f9b-9e3e-e4a48b3eda51@group-7E32184879DE-LeaderElection350: Election REJECTED; received 2 response(s) [f535bb4a-cba0-4f9b-9e3e-e4a48b3eda51<-54aabb14-4a7d-4ab3-adbe-2e67760b87f4#0:FAIL-t413, f535bb4a-cba0-4f9b-9e3e-e4a48b3eda51<-c652e2ee-3322-4406-8db6-1ea643cb3197#0:FAIL-t413] and 0 exception(s); f535bb4a-cba0-4f9b-9e3e-e4a48b3eda51@group-7E32184879DE:t413, leader=null, voted=f535bb4a-cba0-4f9b-9e3e-e4a48b3eda51, raftlog=f535bb4a-cba0-4f9b-9e3e-e4a48b3eda51@group-7E32184879DE-SegmentedRaftLog:OPENED:c-1,f-1,i0, conf=-1: [f535bb4a-cba0-4f9b-9e3e-e4a48b3eda51:0.0.0.0:44706, 54aabb14-4a7d-4ab3-adbe-2e67760b87f4:0.0.0.0:43074, c652e2ee-3322-4406-8db6-1ea643cb3197:0.0.0.0:42129], old=null
2019-10-18 11:25:08,901 [f535bb4a-cba0-4f9b-9e3e-e4a48b3eda51@group-7E32184879DE-LeaderElection350] INFO  impl.RaftServerImpl (RaftServerImpl.java:setRole(184)) - f535bb4a-cba0-4f9b-9e3e-e4a48b3eda51@group-7E32184879DE: changes role from CANDIDATE to FOLLOWER at term 413 for DISCOVERED_A_NEW_TERM
2019-10-18 11:25:08,901 [f535bb4a-cba0-4f9b-9e3e-e4a48b3eda51@group-7E32184879DE-LeaderElection350] INFO  impl.RoleInfo (RoleInfo.java:shutdownLeaderElection(134)) - f535bb4a-cba0-4f9b-9e3e-e4a48b3eda51: shutdown LeaderElection
2019-10-18 11:25:08,901 [f535bb4a-cba0-4f9b-9e3e-e4a48b3eda51@group-7E32184879DE-LeaderElection350] INFO  impl.RoleInfo (RoleInfo.java:updateAndGet(143)) - f535bb4a-cba0-4f9b-9e3e-e4a48b3eda51: start FollowerState
2019-10-18 11:25:09,042 [Thread-2499] INFO  impl.FollowerState (FollowerState.java:run(108)) - f535bb4a-cba0-4f9b-9e3e-e4a48b3eda51@group-7E32184879DE-FollowerState: change to CANDIDATE, lastRpcTime:141ms, electionTimeout:141ms
2019-10-18 11:25:09,043 [Thread-2499] INFO  impl.RoleInfo (RoleInfo.java:shutdownFollowerState(121)) - f535bb4a-cba0-4f9b-9e3e-e4a48b3eda51: shutdown FollowerState
2019-10-18 11:25:09,043 [Thread-2499] INFO  impl.RaftServerImpl (RaftServerImpl.java:setRole(184)) - f535bb4a-cba0-4f9b-9e3e-e4a48b3eda51@group-7E32184879DE: changes role from  FOLLOWER to CANDIDATE at term 413 for changeToCandidate
2019-10-18 11:25:09,043 [Thread-2499] INFO  impl.RoleInfo (RoleInfo.java:updateAndGet(143)) - f535bb4a-cba0-4f9b-9e3e-e4a48b3eda51: start LeaderElection
2019-10-18 11:25:09,077 [f535bb4a-cba0-4f9b-9e3e-e4a48b3eda51@group-7E32184879DE-LeaderElection351] INFO  impl.LeaderElection (LeaderElection.java:askForVotes(178)) - f535bb4a-cba0-4f9b-9e3e-e4a48b3eda51@group-7E32184879DE-LeaderElection351: begin an election at term 414 for -1: [f535bb4a-cba0-4f9b-9e3e-e4a48b3eda51:0.0.0.0:44706, 54aabb14-4a7d-4ab3-adbe-2e67760b87f4:0.0.0.0:43074, c652e2ee-3322-4406-8db6-1ea643cb3197:0.0.0.0:42129], old=null
2019-10-18 11:25:09,079 [grpc-default-executor-0] INFO  impl.RaftServerImpl (RaftServerImpl.java:setRole(184)) - c652e2ee-3322-4406-8db6-1ea643cb3197@group-7E32184879DE: changes role from  FOLLOWER to FOLLOWER at term 414 for recognizeCandidate:f535bb4a-cba0-4f9b-9e3e-e4a48b3eda51
2019-10-18 11:25:09,079 [grpc-default-executor-0] INFO  impl.RoleInfo (RoleInfo.java:shutdownFollowerState(121)) - c652e2ee-3322-4406-8db6-1ea643cb3197: shutdown FollowerState
2019-10-18 11:25:09,079 [grpc-default-executor-3] INFO  impl.RaftServerImpl (RaftServerImpl.java:setRole(184)) - 54aabb14-4a7d-4ab3-adbe-2e67760b87f4@group-7E32184879DE: changes role from  FOLLOWER to FOLLOWER at term 414 for recognizeCandidate:f535bb4a-cba0-4f9b-9e3e-e4a48b3eda51
2019-10-18 11:25:09,079 [grpc-default-executor-3] INFO  impl.RoleInfo (RoleInfo.java:shutdownFollowerState(121)) - 54aabb14-4a7d-4ab3-adbe-2e67760b87f4: shutdown FollowerState
2019-10-18 11:25:09,079 [Thread-2498] INFO  impl.FollowerState (FollowerState.java:run(117)) - c652e2ee-3322-4406-8db6-1ea643cb3197@group-7E32184879DE-FollowerState was interrupted: java.lang.InterruptedException: sleep interrupted
2019-10-18 11:25:09,079 [grpc-default-executor-0] INFO  impl.RoleInfo (RoleInfo.java:updateAndGet(143)) - c652e2ee-3322-4406-8db6-1ea643cb3197: start FollowerState
2019-10-18 11:25:09,080 [Thread-2497] INFO  impl.FollowerState (FollowerState.java:run(117)) - 54aabb14-4a7d-4ab3-adbe-2e67760b87f4@group-7E32184879DE-FollowerState was interrupted: java.lang.InterruptedException: sleep interrupted
2019-10-18 11:25:09,079 [grpc-default-executor-3] INFO  impl.RoleInfo (RoleInfo.java:updateAndGet(143)) - 54aabb14-4a7d-4ab3-adbe-2e67760b87f4: start FollowerState
2019-10-18 11:25:09,103 [f535bb4a-cba0-4f9b-9e3e-e4a48b3eda51@group-7E32184879DE-LeaderElection351] INFO  impl.LeaderElection (LeaderElection.java:logAndReturn(56)) - f535bb4a-cba0-4f9b-9e3e-e4a48b3eda51@group-7E32184879DE-LeaderElection351: Election REJECTED; received 2 response(s) [f535bb4a-cba0-4f9b-9e3e-e4a48b3eda51<-54aabb14-4a7d-4ab3-adbe-2e67760b87f4#0:FAIL-t414, f535bb4a-cba0-4f9b-9e3e-e4a48b3eda51<-c652e2ee-3322-4406-8db6-1ea643cb3197#0:FAIL-t414] and 0 exception(s); f535bb4a-cba0-4f9b-9e3e-e4a48b3eda51@group-7E32184879DE:t414, leader=null, voted=f535bb4a-cba0-4f9b-9e3e-e4a48b3eda51, raftlog=f535bb4a-cba0-4f9b-9e3e-e4a48b3eda51@group-7E32184879DE-SegmentedRaftLog:OPENED:c-1,f-1,i0, conf=-1: [f535bb4a-cba0-4f9b-9e3e-e4a48b3eda51:0.0.0.0:44706, 54aabb14-4a7d-4ab3-adbe-2e67760b87f4:0.0.0.0:43074, c652e2ee-3322-4406-8db6-1ea643cb3197:0.0.0.0:42129], old=null
2019-10-18 11:25:09,103 [f535bb4a-cba0-4f9b-9e3e-e4a48b3eda51@group-7E32184879DE-LeaderElection351] INFO  impl.RaftServerImpl (RaftServerImpl.java:setRole(184)) - f535bb4a-cba0-4f9b-9e3e-e4a48b3eda51@group-7E32184879DE: changes role from CANDIDATE to FOLLOWER at term 414 for DISCOVERED_A_NEW_TERM
2019-10-18 11:25:09,104 [f535bb4a-cba0-4f9b-9e3e-e4a48b3eda51@group-7E32184879DE-LeaderElection351] INFO  impl.RoleInfo (RoleInfo.java:shutdownLeaderElection(134)) - f535bb4a-cba0-4f9b-9e3e-e4a48b3eda51: shutdown LeaderElection
2019-10-18 11:25:09,104 [f535bb4a-cba0-4f9b-9e3e-e4a48b3eda51@group-7E32184879DE-LeaderElection351] INFO  impl.RoleInfo (RoleInfo.java:updateAndGet(143)) - f535bb4a-cba0-4f9b-9e3e-e4a48b3eda51: start FollowerState
2019-10-18 11:25:09,288 [Thread-2505] INFO  impl.FollowerState (FollowerState.java:run(108)) - f535bb4a-cba0-4f9b-9e3e-e4a48b3eda51@group-7E32184879DE-FollowerState: change to CANDIDATE, lastRpcTime:184ms, electionTimeout:184ms
2019-10-18 11:25:09,288 [Thread-2505] INFO  impl.RoleInfo (RoleInfo.java:shutdownFollowerState(121)) - f535bb4a-cba0-4f9b-9e3e-e4a48b3eda51: shutdown FollowerState
2019-10-18 11:25:09,288 [Thread-2505] INFO  impl.RaftServerImpl (RaftServerImpl.java:setRole(184)) - f535bb4a-cba0-4f9b-9e3e-e4a48b3eda51@group-7E32184879DE: changes role from  FOLLOWER to CANDIDATE at term 414 for changeToCandidate
2019-10-18 11:25:09,288 [Thread-2505] INFO  impl.RoleInfo (RoleInfo.java:updateAndGet(143)) - f535bb4a-cba0-4f9b-9e3e-e4a48b3eda51: start LeaderElection
2019-10-18 11:25:09,319 [f535bb4a-cba0-4f9b-9e3e-e4a48b3eda51@group-7E32184879DE-LeaderElection352] INFO  impl.LeaderElection (LeaderElection.java:askForVotes(178)) - f535bb4a-cba0-4f9b-9e3e-e4a48b3eda51@group-7E32184879DE-LeaderElection352: begin an election at term 415 for -1: [f535bb4a-cba0-4f9b-9e3e-e4a48b3eda51:0.0.0.0:44706, 54aabb14-4a7d-4ab3-adbe-2e67760b87f4:0.0.0.0:43074, c652e2ee-3322-4406-8db6-1ea643cb3197:0.0.0.0:42129], old=null
2019-10-18 11:25:09,321 [grpc-default-executor-0] INFO  impl.RaftServerImpl (RaftServerImpl.java:setRole(184)) - c652e2ee-3322-4406-8db6-1ea643cb3197@group-7E32184879DE: changes role from  FOLLOWER to FOLLOWER at term 415 for recognizeCandidate:f535bb4a-cba0-4f9b-9e3e-e4a48b3eda51
2019-10-18 11:25:09,321 [grpc-default-executor-3] INFO  impl.RaftServerImpl (RaftServerImpl.java:setRole(184)) - 54aabb14-4a7d-4ab3-adbe-2e67760b87f4@group-7E32184879DE: changes role from  FOLLOWER to FOLLOWER at term 415 for recognizeCandidate:f535bb4a-cba0-4f9b-9e3e-e4a48b3eda51
2019-10-18 11:25:09,321 [grpc-default-executor-0] INFO  impl.RoleInfo (RoleInfo.java:shutdownFollowerState(121)) - c652e2ee-3322-4406-8db6-1ea643cb3197: shutdown FollowerState
2019-10-18 11:25:09,321 [grpc-default-executor-3] INFO  impl.RoleInfo (RoleInfo.java:shutdownFollowerState(121)) - 54aabb14-4a7d-4ab3-adbe-2e67760b87f4: shutdown FollowerState
2019-10-18 11:25:09,322 [Thread-2503] INFO  impl.FollowerState (FollowerState.java:run(117)) - c652e2ee-3322-4406-8db6-1ea643cb3197@group-7E32184879DE-FollowerState was interrupted: java.lang.InterruptedException: sleep interrupted
2019-10-18 11:25:09,322 [Thread-2504] INFO  impl.FollowerState (FollowerState.java:run(117)) - 54aabb14-4a7d-4ab3-adbe-2e67760b87f4@group-7E32184879DE-FollowerState was interrupted: java.lang.InterruptedException: sleep interrupted
2019-10-18 11:25:09,322 [grpc-default-executor-0] INFO  impl.RoleInfo (RoleInfo.java:updateAndGet(143)) - c652e2ee-3322-4406-8db6-1ea643cb3197: start FollowerState
2019-10-18 11:25:09,322 [grpc-default-executor-3] INFO  impl.RoleInfo (RoleInfo.java:updateAndGet(143)) - 54aabb14-4a7d-4ab3-adbe-2e67760b87f4: start FollowerState
2019-10-18 11:25:09,346 [f535bb4a-cba0-4f9b-9e3e-e4a48b3eda51@group-7E32184879DE-LeaderElection352] INFO  impl.LeaderElection (LeaderElection.java:logAndReturn(56)) - f535bb4a-cba0-4f9b-9e3e-e4a48b3eda51@group-7E32184879DE-LeaderElection352: Election REJECTED; received 2 response(s) [f535bb4a-cba0-4f9b-9e3e-e4a48b3eda51<-54aabb14-4a7d-4ab3-adbe-2e67760b87f4#0:FAIL-t415, f535bb4a-cba0-4f9b-9e3e-e4a48b3eda51<-c652e2ee-3322-4406-8db6-1ea643cb3197#0:FAIL-t415] and 0 exception(s); f535bb4a-cba0-4f9b-9e3e-e4a48b3eda51@group-7E32184879DE:t415, leader=null, voted=f535bb4a-cba0-4f9b-9e3e-e4a48b3eda51, raftlog=f535bb4a-cba0-4f9b-9e3e-e4a48b3eda51@group-7E32184879DE-SegmentedRaftLog:OPENED:c-1,f-1,i0, conf=-1: [f535bb4a-cba0-4f9b-9e3e-e4a48b3eda51:0.0.0.0:44706, 54aabb14-4a7d-4ab3-adbe-2e67760b87f4:0.0.0.0:43074, c652e2ee-3322-4406-8db6-1ea643cb3197:0.0.0.0:42129], old=null
2019-10-18 11:25:09,346 [f535bb4a-cba0-4f9b-9e3e-e4a48b3eda51@group-7E32184879DE-LeaderElection352] INFO  impl.RaftServerImpl (RaftServerImpl.java:setRole(184)) - f535bb4a-cba0-4f9b-9e3e-e4a48b3eda51@group-7E32184879DE: changes role from CANDIDATE to FOLLOWER at term 415 for DISCOVERED_A_NEW_TERM
2019-10-18 11:25:09,346 [f535bb4a-cba0-4f9b-9e3e-e4a48b3eda51@group-7E32184879DE-LeaderElection352] INFO  impl.RoleInfo (RoleInfo.java:shutdownLeaderElection(134)) - f535bb4a-cba0-4f9b-9e3e-e4a48b3eda51: shutdown LeaderElection
2019-10-18 11:25:09,346 [f535bb4a-cba0-4f9b-9e3e-e4a48b3eda51@group-7E32184879DE-LeaderElection352] INFO  impl.RoleInfo (RoleInfo.java:updateAndGet(143)) - f535bb4a-cba0-4f9b-9e3e-e4a48b3eda51: start FollowerState
2019-10-18 11:25:09,507 [Thread-2511] INFO  impl.FollowerState (FollowerState.java:run(108)) - f535bb4a-cba0-4f9b-9e3e-e4a48b3eda51@group-7E32184879DE-FollowerState: change to CANDIDATE, lastRpcTime:161ms, electionTimeout:161ms
2019-10-18 11:25:09,507 [Thread-2511] INFO  impl.RoleInfo (RoleInfo.java:shutdownFollowerState(121)) - f535bb4a-cba0-4f9b-9e3e-e4a48b3eda51: shutdown FollowerState
2019-10-18 11:25:09,508 [Thread-2511] INFO  impl.RaftServerImpl (RaftServerImpl.java:setRole(184)) - f535bb4a-cba0-4f9b-9e3e-e4a48b3eda51@group-7E32184879DE: changes role from  FOLLOWER to CANDIDATE at term 415 for changeToCandidate
2019-10-18 11:25:09,508 [Thread-2511] INFO  impl.RoleInfo (RoleInfo.java:updateAndGet(143)) - f535bb4a-cba0-4f9b-9e3e-e4a48b3eda51: start LeaderElection
2019-10-18 11:25:09,537 [f535bb4a-cba0-4f9b-9e3e-e4a48b3eda51@group-7E32184879DE-LeaderElection353] INFO  impl.LeaderElection (LeaderElection.java:askForVotes(178)) - f535bb4a-cba0-4f9b-9e3e-e4a48b3eda51@group-7E32184879DE-LeaderElection353: begin an election at term 416 for -1: [f535bb4a-cba0-4f9b-9e3e-e4a48b3eda51:0.0.0.0:44706, 54aabb14-4a7d-4ab3-adbe-2e67760b87f4:0.0.0.0:43074, c652e2ee-3322-4406-8db6-1ea643cb3197:0.0.0.0:42129], old=null
2019-10-18 11:25:09,539 [grpc-default-executor-0] INFO  impl.RaftServerImpl (RaftServerImpl.java:setRole(184)) - c652e2ee-3322-4406-8db6-1ea643cb3197@group-7E32184879DE: changes role from  FOLLOWER to FOLLOWER at term 416 for recognizeCandidate:f535bb4a-cba0-4f9b-9e3e-e4a48b3eda51
2019-10-18 11:25:09,539 [grpc-default-executor-3] INFO  impl.RaftServerImpl (RaftServerImpl.java:setRole(184)) - 54aabb14-4a7d-4ab3-adbe-2e67760b87f4@group-7E32184879DE: changes role from  FOLLOWER to FOLLOWER at term 416 for recognizeCandidate:f535bb4a-cba0-4f9b-9e3e-e4a48b3eda51
2019-10-18 11:25:09,539 [grpc-default-executor-0] INFO  impl.RoleInfo (RoleInfo.java:shutdownFollowerState(121)) - c652e2ee-3322-4406-8db6-1ea643cb3197: shutdown FollowerState
2019-10-18 11:25:09,539 [grpc-default-executor-3] INFO  impl.RoleInfo (RoleInfo.java:shutdownFollowerState(121)) - 54aabb14-4a7d-4ab3-adbe-2e67760b87f4: shutdown FollowerState
2019-10-18 11:25:09,540 [Thread-2509] INFO  impl.FollowerState (FollowerState.java:run(117)) - c652e2ee-3322-4406-8db6-1ea643cb3197@group-7E32184879DE-FollowerState was interrupted: java.lang.InterruptedException: sleep interrupted
2019-10-18 11:25:09,540 [grpc-default-executor-0] INFO  impl.RoleInfo (RoleInfo.java:updateAndGet(143)) - c652e2ee-3322-4406-8db6-1ea643cb3197: start FollowerState
2019-10-18 11:25:09,540 [Thread-2510] INFO  impl.FollowerState (FollowerState.java:run(117)) - 54aabb14-4a7d-4ab3-adbe-2e67760b87f4@group-7E32184879DE-FollowerState was interrupted: java.lang.InterruptedException: sleep interrupted
2019-10-18 11:25:09,540 [grpc-default-executor-3] INFO  impl.RoleInfo (RoleInfo.java:updateAndGet(143)) - 54aabb14-4a7d-4ab3-adbe-2e67760b87f4: start FollowerState
2019-10-18 11:25:09,563 [f535bb4a-cba0-4f9b-9e3e-e4a48b3eda51@group-7E32184879DE-LeaderElection353] INFO  impl.LeaderElection (LeaderElection.java:logAndReturn(56)) - f535bb4a-cba0-4f9b-9e3e-e4a48b3eda51@group-7E32184879DE-LeaderElection353: Election REJECTED; received 2 response(s) [f535bb4a-cba0-4f9b-9e3e-e4a48b3eda51<-54aabb14-4a7d-4ab3-adbe-2e67760b87f4#0:FAIL-t416, f535bb4a-cba0-4f9b-9e3e-e4a48b3eda51<-c652e2ee-3322-4406-8db6-1ea643cb3197#0:FAIL-t416] and 0 exception(s); f535bb4a-cba0-4f9b-9e3e-e4a48b3eda51@group-7E32184879DE:t416, leader=null, voted=f535bb4a-cba0-4f9b-9e3e-e4a48b3eda51, raftlog=f535bb4a-cba0-4f9b-9e3e-e4a48b3eda51@group-7E32184879DE-SegmentedRaftLog:OPENED:c-1,f-1,i0, conf=-1: [f535bb4a-cba0-4f9b-9e3e-e4a48b3eda51:0.0.0.0:44706, 54aabb14-4a7d-4ab3-adbe-2e67760b87f4:0.0.0.0:43074, c652e2ee-3322-4406-8db6-1ea643cb3197:0.0.0.0:42129], old=null
2019-10-18 11:25:09,563 [f535bb4a-cba0-4f9b-9e3e-e4a48b3eda51@group-7E32184879DE-LeaderElection353] INFO  impl.RaftServerImpl (RaftServerImpl.java:setRole(184)) - f535bb4a-cba0-4f9b-9e3e-e4a48b3eda51@group-7E32184879DE: changes role from CANDIDATE to FOLLOWER at term 416 for DISCOVERED_A_NEW_TERM
2019-10-18 11:25:09,563 [f535bb4a-cba0-4f9b-9e3e-e4a48b3eda51@group-7E32184879DE-LeaderElection353] INFO  impl.RoleInfo (RoleInfo.java:shutdownLeaderElection(134)) - f535bb4a-cba0-4f9b-9e3e-e4a48b3eda51: shutdown LeaderElection
2019-10-18 11:25:09,563 [f535bb4a-cba0-4f9b-9e3e-e4a48b3eda51@group-7E32184879DE-LeaderElection353] INFO  impl.RoleInfo (RoleInfo.java:updateAndGet(143)) - f535bb4a-cba0-4f9b-9e3e-e4a48b3eda51: start FollowerState
2019-10-18 11:25:09,595 [Thread-2519] INFO  impl.FollowerState (FollowerState.java:run(108)) - f535bb4a-cba0-4f9b-9e3e-e4a48b3eda51@group-7E32184879DE-FollowerState: change to CANDIDATE, lastRpcTime:31ms, electionTimeout:31ms
2019-10-18 11:25:09,595 [Thread-2519] INFO  impl.RoleInfo (RoleInfo.java:shutdownFollowerState(121)) - f535bb4a-cba0-4f9b-9e3e-e4a48b3eda51: shutdown FollowerState
2019-10-18 11:25:09,595 [Thread-2519] INFO  impl.RaftServerImpl (RaftServerImpl.java:setRole(184)) - f535bb4a-cba0-4f9b-9e3e-e4a48b3eda51@group-7E32184879DE: changes role from  FOLLOWER to CANDIDATE at term 416 for changeToCandidate
2019-10-18 11:25:09,595 [Thread-2519] INFO  impl.RoleInfo (RoleInfo.java:updateAndGet(143)) - f535bb4a-cba0-4f9b-9e3e-e4a48b3eda51: start LeaderElection
2019-10-18 11:25:09,621 [f535bb4a-cba0-4f9b-9e3e-e4a48b3eda51@group-7E32184879DE-LeaderElection354] INFO  impl.LeaderElection (LeaderElection.java:askForVotes(178)) - f535bb4a-cba0-4f9b-9e3e-e4a48b3eda51@group-7E32184879DE-LeaderElection354: begin an election at term 417 for -1: [f535bb4a-cba0-4f9b-9e3e-e4a48b3eda51:0.0.0.0:44706, 54aabb14-4a7d-4ab3-adbe-2e67760b87f4:0.0.0.0:43074, c652e2ee-3322-4406-8db6-1ea643cb3197:0.0.0.0:42129], old=null
2019-10-18 11:25:09,623 [grpc-default-executor-3] INFO  impl.RaftServerImpl (RaftServerImpl.java:setRole(184)) - 54aabb14-4a7d-4ab3-adbe-2e67760b87f4@group-7E32184879DE: changes role from  FOLLOWER to FOLLOWER at term 417 for recognizeCandidate:f535bb4a-cba0-4f9b-9e3e-e4a48b3eda51
2019-10-18 11:25:09,623 [grpc-default-executor-3] INFO  impl.RoleInfo (RoleInfo.java:shutdownFollowerState(121)) - 54aabb14-4a7d-4ab3-adbe-2e67760b87f4: shutdown FollowerState
2019-10-18 11:25:09,623 [grpc-default-executor-0] INFO  impl.RaftServerImpl (RaftServerImpl.java:setRole(184)) - c652e2ee-3322-4406-8db6-1ea643cb3197@group-7E32184879DE: changes role from  FOLLOWER to FOLLOWER at term 417 for recognizeCandidate:f535bb4a-cba0-4f9b-9e3e-e4a48b3eda51
2019-10-18 11:25:09,623 [grpc-default-executor-0] INFO  impl.RoleInfo (RoleInfo.java:shutdownFollowerState(121)) - c652e2ee-3322-4406-8db6-1ea643cb3197: shutdown FollowerState
2019-10-18 11:25:09,623 [Thread-2518] INFO  impl.FollowerState (FollowerState.java:run(117)) - 54aabb14-4a7d-4ab3-adbe-2e67760b87f4@group-7E32184879DE-FollowerState was interrupted: java.lang.InterruptedException: sleep interrupted
2019-10-18 11:25:09,623 [Thread-2517] INFO  impl.FollowerState (FollowerState.java:run(117)) - c652e2ee-3322-4406-8db6-1ea643cb3197@group-7E32184879DE-FollowerState was interrupted: java.lang.InterruptedException: sleep interrupted
2019-10-18 11:25:09,623 [grpc-default-executor-3] INFO  impl.RoleInfo (RoleInfo.java:updateAndGet(143)) - 54aabb14-4a7d-4ab3-adbe-2e67760b87f4: start FollowerState
2019-10-18 11:25:09,623 [grpc-default-executor-0] INFO  impl.RoleInfo (RoleInfo.java:updateAndGet(143)) - c652e2ee-3322-4406-8db6-1ea643cb3197: start FollowerState
2019-10-18 11:25:09,647 [f535bb4a-cba0-4f9b-9e3e-e4a48b3eda51@group-7E32184879DE-LeaderElection354] INFO  impl.LeaderElection (LeaderElection.java:logAndReturn(56)) - f535bb4a-cba0-4f9b-9e3e-e4a48b3eda51@group-7E32184879DE-LeaderElection354: Election REJECTED; received 2 response(s) [f535bb4a-cba0-4f9b-9e3e-e4a48b3eda51<-54aabb14-4a7d-4ab3-adbe-2e67760b87f4#0:FAIL-t417, f535bb4a-cba0-4f9b-9e3e-e4a48b3eda51<-c652e2ee-3322-4406-8db6-1ea643cb3197#0:FAIL-t417] and 0 exception(s); f535bb4a-cba0-4f9b-9e3e-e4a48b3eda51@group-7E32184879DE:t417, leader=null, voted=f535bb4a-cba0-4f9b-9e3e-e4a48b3eda51, raftlog=f535bb4a-cba0-4f9b-9e3e-e4a48b3eda51@group-7E32184879DE-SegmentedRaftLog:OPENED:c-1,f-1,i0, conf=-1: [f535bb4a-cba0-4f9b-9e3e-e4a48b3eda51:0.0.0.0:44706, 54aabb14-4a7d-4ab3-adbe-2e67760b87f4:0.0.0.0:43074, c652e2ee-3322-4406-8db6-1ea643cb3197:0.0.0.0:42129], old=null
2019-10-18 11:25:09,647 [f535bb4a-cba0-4f9b-9e3e-e4a48b3eda51@group-7E32184879DE-LeaderElection354] INFO  impl.RaftServerImpl (RaftServerImpl.java:setRole(184)) - f535bb4a-cba0-4f9b-9e3e-e4a48b3eda51@group-7E32184879DE: changes role from CANDIDATE to FOLLOWER at term 417 for DISCOVERED_A_NEW_TERM
2019-10-18 11:25:09,647 [f535bb4a-cba0-4f9b-9e3e-e4a48b3eda51@group-7E32184879DE-LeaderElection354] INFO  impl.RoleInfo (RoleInfo.java:shutdownLeaderElection(134)) - f535bb4a-cba0-4f9b-9e3e-e4a48b3eda51: shutdown LeaderElection
2019-10-18 11:25:09,647 [f535bb4a-cba0-4f9b-9e3e-e4a48b3eda51@group-7E32184879DE-LeaderElection354] INFO  impl.RoleInfo (RoleInfo.java:updateAndGet(143)) - f535bb4a-cba0-4f9b-9e3e-e4a48b3eda51: start FollowerState
2019-10-18 11:25:09,708 [Thread-2525] INFO  impl.FollowerState (FollowerState.java:run(108)) - f535bb4a-cba0-4f9b-9e3e-e4a48b3eda51@group-7E32184879DE-FollowerState: change to CANDIDATE, lastRpcTime:60ms, electionTimeout:60ms
2019-10-18 11:25:09,708 [Thread-2525] INFO  impl.RoleInfo (RoleInfo.java:shutdownFollowerState(121)) - f535bb4a-cba0-4f9b-9e3e-e4a48b3eda51: shutdown FollowerState
2019-10-18 11:25:09,708 [Thread-2525] INFO  impl.RaftServerImpl (RaftServerImpl.java:setRole(184)) - f535bb4a-cba0-4f9b-9e3e-e4a48b3eda51@group-7E32184879DE: changes role from  FOLLOWER to CANDIDATE at term 417 for changeToCandidate
2019-10-18 11:25:09,708 [Thread-2525] INFO  impl.RoleInfo (RoleInfo.java:updateAndGet(143)) - f535bb4a-cba0-4f9b-9e3e-e4a48b3eda51: start LeaderElection
2019-10-18 11:25:09,738 [f535bb4a-cba0-4f9b-9e3e-e4a48b3eda51@group-7E32184879DE-LeaderElection355] INFO  impl.LeaderElection (LeaderElection.java:askForVotes(178)) - f535bb4a-cba0-4f9b-9e3e-e4a48b3eda51@group-7E32184879DE-LeaderElection355: begin an election at term 418 for -1: [f535bb4a-cba0-4f9b-9e3e-e4a48b3eda51:0.0.0.0:44706, 54aabb14-4a7d-4ab3-adbe-2e67760b87f4:0.0.0.0:43074, c652e2ee-3322-4406-8db6-1ea643cb3197:0.0.0.0:42129], old=null
2019-10-18 11:25:09,740 [grpc-default-executor-0] INFO  impl.RaftServerImpl (RaftServerImpl.java:setRole(184)) - 54aabb14-4a7d-4ab3-adbe-2e67760b87f4@group-7E32184879DE: changes role from  FOLLOWER to FOLLOWER at term 418 for recognizeCandidate:f535bb4a-cba0-4f9b-9e3e-e4a48b3eda51
2019-10-18 11:25:09,740 [grpc-default-executor-0] INFO  impl.RoleInfo (RoleInfo.java:shutdownFollowerState(121)) - 54aabb14-4a7d-4ab3-adbe-2e67760b87f4: shutdown FollowerState
2019-10-18 11:25:09,740 [grpc-default-executor-0] INFO  impl.RoleInfo (RoleInfo.java:updateAndGet(143)) - 54aabb14-4a7d-4ab3-adbe-2e67760b87f4: start FollowerState
2019-10-18 11:25:09,740 [Thread-2523] INFO  impl.FollowerState (FollowerState.java:run(117)) - 54aabb14-4a7d-4ab3-adbe-2e67760b87f4@group-7E32184879DE-FollowerState was interrupted: java.lang.InterruptedException: sleep interrupted
2019-10-18 11:25:09,740 [grpc-default-executor-3] INFO  impl.RaftServerImpl (RaftServerImpl.java:setRole(184)) - c652e2ee-3322-4406-8db6-1ea643cb3197@group-7E32184879DE: changes role from  FOLLOWER to FOLLOWER at term 418 for recognizeCandidate:f535bb4a-cba0-4f9b-9e3e-e4a48b3eda51
2019-10-18 11:25:09,741 [grpc-default-executor-3] INFO  impl.RoleInfo (RoleInfo.java:shutdownFollowerState(121)) - c652e2ee-3322-4406-8db6-1ea643cb3197: shutdown FollowerState
2019-10-18 11:25:09,741 [grpc-default-executor-3] INFO  impl.RoleInfo (RoleInfo.java:updateAndGet(143)) - c652e2ee-3322-4406-8db6-1ea643cb3197: start FollowerState
2019-10-18 11:25:09,741 [Thread-2524] INFO  impl.FollowerState (FollowerState.java:run(117)) - c652e2ee-3322-4406-8db6-1ea643cb3197@group-7E32184879DE-FollowerState was interrupted: java.lang.InterruptedException: sleep interrupted
2019-10-18 11:25:09,764 [f535bb4a-cba0-4f9b-9e3e-e4a48b3eda51@group-7E32184879DE-LeaderElection355] INFO  impl.LeaderElection (LeaderElection.java:logAndReturn(56)) - f535bb4a-cba0-4f9b-9e3e-e4a48b3eda51@group-7E32184879DE-LeaderElection355: Election REJECTED; received 2 response(s) [f535bb4a-cba0-4f9b-9e3e-e4a48b3eda51<-54aabb14-4a7d-4ab3-adbe-2e67760b87f4#0:FAIL-t418, f535bb4a-cba0-4f9b-9e3e-e4a48b3eda51<-c652e2ee-3322-4406-8db6-1ea643cb3197#0:FAIL-t418] and 0 exception(s); f535bb4a-cba0-4f9b-9e3e-e4a48b3eda51@group-7E32184879DE:t418, leader=null, voted=f535bb4a-cba0-4f9b-9e3e-e4a48b3eda51, raftlog=f535bb4a-cba0-4f9b-9e3e-e4a48b3eda51@group-7E32184879DE-SegmentedRaftLog:OPENED:c-1,f-1,i0, conf=-1: [f535bb4a-cba0-4f9b-9e3e-e4a48b3eda51:0.0.0.0:44706, 54aabb14-4a7d-4ab3-adbe-2e67760b87f4:0.0.0.0:43074, c652e2ee-3322-4406-8db6-1ea643cb3197:0.0.0.0:42129], old=null
2019-10-18 11:25:09,764 [f535bb4a-cba0-4f9b-9e3e-e4a48b3eda51@group-7E32184879DE-LeaderElection355] INFO  impl.RaftServerImpl (RaftServerImpl.java:setRole(184)) - f535bb4a-cba0-4f9b-9e3e-e4a48b3eda51@group-7E32184879DE: changes role from CANDIDATE to FOLLOWER at term 418 for DISCOVERED_A_NEW_TERM
2019-10-18 11:25:09,765 [f535bb4a-cba0-4f9b-9e3e-e4a48b3eda51@group-7E32184879DE-LeaderElection355] INFO  impl.RoleInfo (RoleInfo.java:shutdownLeaderElection(134)) - f535bb4a-cba0-4f9b-9e3e-e4a48b3eda51: shutdown LeaderElection
2019-10-18 11:25:09,765 [f535bb4a-cba0-4f9b-9e3e-e4a48b3eda51@group-7E32184879DE-LeaderElection355] INFO  impl.RoleInfo (RoleInfo.java:updateAndGet(143)) - f535bb4a-cba0-4f9b-9e3e-e4a48b3eda51: start FollowerState
2019-10-18 11:25:09,821 [Thread-2531] INFO  impl.FollowerState (FollowerState.java:run(108)) - f535bb4a-cba0-4f9b-9e3e-e4a48b3eda51@group-7E32184879DE-FollowerState: change to CANDIDATE, lastRpcTime:56ms, electionTimeout:56ms
2019-10-18 11:25:09,821 [Thread-2531] INFO  impl.RoleInfo (RoleInfo.java:shutdownFollowerState(121)) - f535bb4a-cba0-4f9b-9e3e-e4a48b3eda51: shutdown FollowerState
2019-10-18 11:25:09,821 [Thread-2531] INFO  impl.RaftServerImpl (RaftServerImpl.java:setRole(184)) - f535bb4a-cba0-4f9b-9e3e-e4a48b3eda51@group-7E32184879DE: changes role from  FOLLOWER to CANDIDATE at term 418 for changeToCandidate
2019-10-18 11:25:09,822 [Thread-2531] INFO  impl.RoleInfo (RoleInfo.java:updateAndGet(143)) - f535bb4a-cba0-4f9b-9e3e-e4a48b3eda51: start LeaderElection
2019-10-18 11:25:09,838 [f535bb4a-cba0-4f9b-9e3e-e4a48b3eda51@group-7E32184879DE-LeaderElection356] INFO  impl.LeaderElection (LeaderElection.java:askForVotes(178)) - f535bb4a-cba0-4f9b-9e3e-e4a48b3eda51@group-7E32184879DE-LeaderElection356: begin an election at term 419 for -1: [f535bb4a-cba0-4f9b-9e3e-e4a48b3eda51:0.0.0.0:44706, 54aabb14-4a7d-4ab3-adbe-2e67760b87f4:0.0.0.0:43074, c652e2ee-3322-4406-8db6-1ea643cb3197:0.0.0.0:42129], old=null
2019-10-18 11:25:09,839 [f535bb4a-cba0-4f9b-9e3e-e4a48b3eda51@group-7E32184879DE-LeaderElection356] INFO  impl.LeaderElection (LeaderElection.java:logAndReturn(56)) - f535bb4a-cba0-4f9b-9e3e-e4a48b3eda51@group-7E32184879DE-LeaderElection356: Election TIMEOUT; received 0 response(s) [] and 0 exception(s); f535bb4a-cba0-4f9b-9e3e-e4a48b3eda51@group-7E32184879DE:t419, leader=null, voted=f535bb4a-cba0-4f9b-9e3e-e4a48b3eda51, raftlog=f535bb4a-cba0-4f9b-9e3e-e4a48b3eda51@group-7E32184879DE-SegmentedRaftLog:OPENED:c-1,f-1,i0, conf=-1: [f535bb4a-cba0-4f9b-9e3e-e4a48b3eda51:0.0.0.0:44706, 54aabb14-4a7d-4ab3-adbe-2e67760b87f4:0.0.0.0:43074, c652e2ee-3322-4406-8db6-1ea643cb3197:0.0.0.0:42129], old=null
2019-10-18 11:25:09,840 [grpc-default-executor-3] INFO  impl.RaftServerImpl (RaftServerImpl.java:setRole(184)) - 54aabb14-4a7d-4ab3-adbe-2e67760b87f4@group-7E32184879DE: changes role from  FOLLOWER to FOLLOWER at term 419 for recognizeCandidate:f535bb4a-cba0-4f9b-9e3e-e4a48b3eda51
2019-10-18 11:25:09,840 [grpc-default-executor-0] INFO  impl.RaftServerImpl (RaftServerImpl.java:setRole(184)) - c652e2ee-3322-4406-8db6-1ea643cb3197@group-7E32184879DE: changes role from  FOLLOWER to FOLLOWER at term 419 for recognizeCandidate:f535bb4a-cba0-4f9b-9e3e-e4a48b3eda51
2019-10-18 11:25:09,840 [grpc-default-executor-3] INFO  impl.RoleInfo (RoleInfo.java:shutdownFollowerState(121)) - 54aabb14-4a7d-4ab3-adbe-2e67760b87f4: shutdown FollowerState
2019-10-18 11:25:09,840 [grpc-default-executor-0] INFO  impl.RoleInfo (RoleInfo.java:shutdownFollowerState(121)) - c652e2ee-3322-4406-8db6-1ea643cb3197: shutdown FollowerState
2019-10-18 11:25:09,841 [Thread-2529] INFO  impl.FollowerState (FollowerState.java:run(117)) - 54aabb14-4a7d-4ab3-adbe-2e67760b87f4@group-7E32184879DE-FollowerState was interrupted: java.lang.InterruptedException: sleep interrupted
2019-10-18 11:25:09,841 [grpc-default-executor-3] INFO  impl.RoleInfo (RoleInfo.java:updateAndGet(143)) - 54aabb14-4a7d-4ab3-adbe-2e67760b87f4: start FollowerState
2019-10-18 11:25:09,841 [grpc-default-executor-0] INFO  impl.RoleInfo (RoleInfo.java:updateAndGet(143)) - c652e2ee-3322-4406-8db6-1ea643cb3197: start FollowerState
2019-10-18 11:25:09,841 [Thread-2530] INFO  impl.FollowerState (FollowerState.java:run(117)) - c652e2ee-3322-4406-8db6-1ea643cb3197@group-7E32184879DE-FollowerState was interrupted: java.lang.InterruptedException: sleep interrupted
2019-10-18 11:25:09,862 [f535bb4a-cba0-4f9b-9e3e-e4a48b3eda51@group-7E32184879DE-LeaderElection356] INFO  impl.LeaderElection (LeaderElection.java:askForVotes(178)) - f535bb4a-cba0-4f9b-9e3e-e4a48b3eda51@group-7E32184879DE-LeaderElection356: begin an election at term 420 for -1: [f535bb4a-cba0-4f9b-9e3e-e4a48b3eda51:0.0.0.0:44706, 54aabb14-4a7d-4ab3-adbe-2e67760b87f4:0.0.0.0:43074, c652e2ee-3322-4406-8db6-1ea643cb3197:0.0.0.0:42129], old=null
2019-10-18 11:25:09,863 [grpc-default-executor-3] INFO  impl.RaftServerImpl (RaftServerImpl.java:setRole(184)) - c652e2ee-3322-4406-8db6-1ea643cb3197@group-7E32184879DE: changes role from  FOLLOWER to FOLLOWER at term 420 for recognizeCandidate:f535bb4a-cba0-4f9b-9e3e-e4a48b3eda51
2019-10-18 11:25:09,863 [grpc-default-executor-3] INFO  impl.RoleInfo (RoleInfo.java:shutdownFollowerState(121)) - c652e2ee-3322-4406-8db6-1ea643cb3197: shutdown FollowerState
2019-10-18 11:25:09,863 [grpc-default-executor-3] INFO  impl.RoleInfo (RoleInfo.java:updateAndGet(143)) - c652e2ee-3322-4406-8db6-1ea643cb3197: start FollowerState
2019-10-18 11:25:09,863 [Thread-2536] INFO  impl.FollowerState (FollowerState.java:run(117)) - c652e2ee-3322-4406-8db6-1ea643cb3197@group-7E32184879DE-FollowerState was interrupted: java.lang.InterruptedException: sleep interrupted
2019-10-18 11:25:09,863 [grpc-default-executor-1] INFO  impl.RaftServerImpl (RaftServerImpl.java:setRole(184)) - 54aabb14-4a7d-4ab3-adbe-2e67760b87f4@group-7E32184879DE: changes role from  FOLLOWER to FOLLOWER at term 420 for recognizeCandidate:f535bb4a-cba0-4f9b-9e3e-e4a48b3eda51
2019-10-18 11:25:09,863 [grpc-default-executor-1] INFO  impl.RoleInfo (RoleInfo.java:shutdownFollowerState(121)) - 54aabb14-4a7d-4ab3-adbe-2e67760b87f4: shutdown FollowerState
2019-10-18 11:25:09,863 [grpc-default-executor-1] INFO  impl.RoleInfo (RoleInfo.java:updateAndGet(143)) - 54aabb14-4a7d-4ab3-adbe-2e67760b87f4: start FollowerState
2019-10-18 11:25:09,863 [Thread-2535] INFO  impl.FollowerState (FollowerState.java:run(117)) - 54aabb14-4a7d-4ab3-adbe-2e67760b87f4@group-7E32184879DE-FollowerState was interrupted: java.lang.InterruptedException: sleep interrupted
2019-10-18 11:25:09,886 [f535bb4a-cba0-4f9b-9e3e-e4a48b3eda51@group-7E32184879DE-LeaderElection356] INFO  impl.LeaderElection (LeaderElection.java:logAndReturn(56)) - f535bb4a-cba0-4f9b-9e3e-e4a48b3eda51@group-7E32184879DE-LeaderElection356: Election REJECTED; received 2 response(s) [f535bb4a-cba0-4f9b-9e3e-e4a48b3eda51<-54aabb14-4a7d-4ab3-adbe-2e67760b87f4#0:FAIL-t420, f535bb4a-cba0-4f9b-9e3e-e4a48b3eda51<-c652e2ee-3322-4406-8db6-1ea643cb3197#0:FAIL-t420] and 0 exception(s); f535bb4a-cba0-4f9b-9e3e-e4a48b3eda51@group-7E32184879DE:t420, leader=null, voted=f535bb4a-cba0-4f9b-9e3e-e4a48b3eda51, raftlog=f535bb4a-cba0-4f9b-9e3e-e4a48b3eda51@group-7E32184879DE-SegmentedRaftLog:OPENED:c-1,f-1,i0, conf=-1: [f535bb4a-cba0-4f9b-9e3e-e4a48b3eda51:0.0.0.0:44706, 54aabb14-4a7d-4ab3-adbe-2e67760b87f4:0.0.0.0:43074, c652e2ee-3322-4406-8db6-1ea643cb3197:0.0.0.0:42129], old=null
2019-10-18 11:25:09,887 [f535bb4a-cba0-4f9b-9e3e-e4a48b3eda51@group-7E32184879DE-LeaderElection356] INFO  impl.RaftServerImpl (RaftServerImpl.java:setRole(184)) - f535bb4a-cba0-4f9b-9e3e-e4a48b3eda51@group-7E32184879DE: changes role from CANDIDATE to FOLLOWER at term 420 for DISCOVERED_A_NEW_TERM
2019-10-18 11:25:09,887 [f535bb4a-cba0-4f9b-9e3e-e4a48b3eda51@group-7E32184879DE-LeaderElection356] INFO  impl.RoleInfo (RoleInfo.java:shutdownLeaderElection(134)) - f535bb4a-cba0-4f9b-9e3e-e4a48b3eda51: shutdown LeaderElection
2019-10-18 11:25:09,887 [f535bb4a-cba0-4f9b-9e3e-e4a48b3eda51@group-7E32184879DE-LeaderElection356] INFO  impl.RoleInfo (RoleInfo.java:updateAndGet(143)) - f535bb4a-cba0-4f9b-9e3e-e4a48b3eda51: start FollowerState
2019-10-18 11:25:09,924 [Thread-2541] INFO  impl.FollowerState (FollowerState.java:run(108)) - f535bb4a-cba0-4f9b-9e3e-e4a48b3eda51@group-7E32184879DE-FollowerState: change to CANDIDATE, lastRpcTime:37ms, electionTimeout:37ms
2019-10-18 11:25:09,924 [Thread-2541] INFO  impl.RoleInfo (RoleInfo.java:shutdownFollowerState(121)) - f535bb4a-cba0-4f9b-9e3e-e4a48b3eda51: shutdown FollowerState
2019-10-18 11:25:09,924 [Thread-2541] INFO  impl.RaftServerImpl (RaftServerImpl.java:setRole(184)) - f535bb4a-cba0-4f9b-9e3e-e4a48b3eda51@group-7E32184879DE: changes role from  FOLLOWER to CANDIDATE at term 420 for changeToCandidate
2019-10-18 11:25:09,924 [Thread-2541] INFO  impl.RoleInfo (RoleInfo.java:updateAndGet(143)) - f535bb4a-cba0-4f9b-9e3e-e4a48b3eda51: start LeaderElection
2019-10-18 11:25:09,950 [f535bb4a-cba0-4f9b-9e3e-e4a48b3eda51@group-7E32184879DE-LeaderElection357] INFO  impl.LeaderElection (LeaderElection.java:askForVotes(178)) - f535bb4a-cba0-4f9b-9e3e-e4a48b3eda51@group-7E32184879DE-LeaderElection357: begin an election at term 421 for -1: [f535bb4a-cba0-4f9b-9e3e-e4a48b3eda51:0.0.0.0:44706, 54aabb14-4a7d-4ab3-adbe-2e67760b87f4:0.0.0.0:43074, c652e2ee-3322-4406-8db6-1ea643cb3197:0.0.0.0:42129], old=null
2019-10-18 11:25:09,952 [grpc-default-executor-3] INFO  impl.RaftServerImpl (RaftServerImpl.java:setRole(184)) - 54aabb14-4a7d-4ab3-adbe-2e67760b87f4@group-7E32184879DE: changes role from  FOLLOWER to FOLLOWER at term 421 for recognizeCandidate:f535bb4a-cba0-4f9b-9e3e-e4a48b3eda51
2019-10-18 11:25:09,952 [grpc-default-executor-1] INFO  impl.RaftServerImpl (RaftServerImpl.java:setRole(184)) - c652e2ee-3322-4406-8db6-1ea643cb3197@group-7E32184879DE: changes role from  FOLLOWER to FOLLOWER at term 421 for recognizeCandidate:f535bb4a-cba0-4f9b-9e3e-e4a48b3eda51
2019-10-18 11:25:09,952 [grpc-default-executor-3] INFO  impl.RoleInfo (RoleInfo.java:shutdownFollowerState(121)) - 54aabb14-4a7d-4ab3-adbe-2e67760b87f4: shutdown FollowerState
2019-10-18 11:25:09,952 [grpc-default-executor-1] INFO  impl.RoleInfo (RoleInfo.java:shutdownFollowerState(121)) - c652e2ee-3322-4406-8db6-1ea643cb3197: shutdown FollowerState
2019-10-18 11:25:09,952 [Thread-2540] INFO  impl.FollowerState (FollowerState.java:run(117)) - 54aabb14-4a7d-4ab3-adbe-2e67760b87f4@group-7E32184879DE-FollowerState was interrupted: java.lang.InterruptedException: sleep interrupted
2019-10-18 11:25:09,952 [grpc-default-executor-3] INFO  impl.RoleInfo (RoleInfo.java:updateAndGet(143)) - 54aabb14-4a7d-4ab3-adbe-2e67760b87f4: start FollowerState
2019-10-18 11:25:09,952 [Thread-2539] INFO  impl.FollowerState (FollowerState.java:run(117)) - c652e2ee-3322-4406-8db6-1ea643cb3197@group-7E32184879DE-FollowerState was interrupted: java.lang.InterruptedException: sleep interrupted
2019-10-18 11:25:09,952 [grpc-default-executor-1] INFO  impl.RoleInfo (RoleInfo.java:updateAndGet(143)) - c652e2ee-3322-4406-8db6-1ea643cb3197: start FollowerState
2019-10-18 11:25:09,976 [f535bb4a-cba0-4f9b-9e3e-e4a48b3eda51@group-7E32184879DE-LeaderElection357] INFO  impl.LeaderElection (LeaderElection.java:logAndReturn(56)) - f535bb4a-cba0-4f9b-9e3e-e4a48b3eda51@group-7E32184879DE-LeaderElection357: Election REJECTED; received 2 response(s) [f535bb4a-cba0-4f9b-9e3e-e4a48b3eda51<-54aabb14-4a7d-4ab3-adbe-2e67760b87f4#0:FAIL-t421, f535bb4a-cba0-4f9b-9e3e-e4a48b3eda51<-c652e2ee-3322-4406-8db6-1ea643cb3197#0:FAIL-t421] and 0 exception(s); f535bb4a-cba0-4f9b-9e3e-e4a48b3eda51@group-7E32184879DE:t421, leader=null, voted=f535bb4a-cba0-4f9b-9e3e-e4a48b3eda51, raftlog=f535bb4a-cba0-4f9b-9e3e-e4a48b3eda51@group-7E32184879DE-SegmentedRaftLog:OPENED:c-1,f-1,i0, conf=-1: [f535bb4a-cba0-4f9b-9e3e-e4a48b3eda51:0.0.0.0:44706, 54aabb14-4a7d-4ab3-adbe-2e67760b87f4:0.0.0.0:43074, c652e2ee-3322-4406-8db6-1ea643cb3197:0.0.0.0:42129], old=null
2019-10-18 11:25:09,977 [f535bb4a-cba0-4f9b-9e3e-e4a48b3eda51@group-7E32184879DE-LeaderElection357] INFO  impl.RaftServerImpl (RaftServerImpl.java:setRole(184)) - f535bb4a-cba0-4f9b-9e3e-e4a48b3eda51@group-7E32184879DE: changes role from CANDIDATE to FOLLOWER at term 421 for DISCOVERED_A_NEW_TERM
2019-10-18 11:25:09,977 [f535bb4a-cba0-4f9b-9e3e-e4a48b3eda51@group-7E32184879DE-LeaderElection357] INFO  impl.RoleInfo (RoleInfo.java:shutdownLeaderElection(134)) - f535bb4a-cba0-4f9b-9e3e-e4a48b3eda51: shutdown LeaderElection
2019-10-18 11:25:09,977 [f535bb4a-cba0-4f9b-9e3e-e4a48b3eda51@group-7E32184879DE-LeaderElection357] INFO  impl.RoleInfo (RoleInfo.java:updateAndGet(143)) - f535bb4a-cba0-4f9b-9e3e-e4a48b3eda51: start FollowerState
2019-10-18 11:25:10,160 [Thread-2547] INFO  impl.FollowerState (FollowerState.java:run(108)) - f535bb4a-cba0-4f9b-9e3e-e4a48b3eda51@group-7E32184879DE-FollowerState: change to CANDIDATE, lastRpcTime:183ms, electionTimeout:183ms
2019-10-18 11:25:10,160 [Thread-2547] INFO  impl.RoleInfo (RoleInfo.java:shutdownFollowerState(121)) - f535bb4a-cba0-4f9b-9e3e-e4a48b3eda51: shutdown FollowerState
2019-10-18 11:25:10,161 [Thread-2547] INFO  impl.RaftServerImpl (RaftServerImpl.java:setRole(184)) - f535bb4a-cba0-4f9b-9e3e-e4a48b3eda51@group-7E32184879DE: changes role from  FOLLOWER to CANDIDATE at term 421 for changeToCandidate
2019-10-18 11:25:10,161 [Thread-2547] INFO  impl.RoleInfo (RoleInfo.java:updateAndGet(143)) - f535bb4a-cba0-4f9b-9e3e-e4a48b3eda51: start LeaderElection
2019-10-18 11:25:10,184 [f535bb4a-cba0-4f9b-9e3e-e4a48b3eda51@group-7E32184879DE-LeaderElection358] INFO  impl.LeaderElection (LeaderElection.java:askForVotes(178)) - f535bb4a-cba0-4f9b-9e3e-e4a48b3eda51@group-7E32184879DE-LeaderElection358: begin an election at term 422 for -1: [f535bb4a-cba0-4f9b-9e3e-e4a48b3eda51:0.0.0.0:44706, 54aabb14-4a7d-4ab3-adbe-2e67760b87f4:0.0.0.0:43074, c652e2ee-3322-4406-8db6-1ea643cb3197:0.0.0.0:42129], old=null
2019-10-18 11:25:10,186 [grpc-default-executor-1] INFO  impl.RaftServerImpl (RaftServerImpl.java:setRole(184)) - c652e2ee-3322-4406-8db6-1ea643cb3197@group-7E32184879DE: changes role from  FOLLOWER to FOLLOWER at term 422 for recognizeCandidate:f535bb4a-cba0-4f9b-9e3e-e4a48b3eda51
2019-10-18 11:25:10,186 [grpc-default-executor-1] INFO  impl.RoleInfo (RoleInfo.java:shutdownFollowerState(121)) - c652e2ee-3322-4406-8db6-1ea643cb3197: shutdown FollowerState
2019-10-18 11:25:10,186 [grpc-default-executor-3] INFO  impl.RaftServerImpl (RaftServerImpl.java:setRole(184)) - 54aabb14-4a7d-4ab3-adbe-2e67760b87f4@group-7E32184879DE: changes role from  FOLLOWER to FOLLOWER at term 422 for recognizeCandidate:f535bb4a-cba0-4f9b-9e3e-e4a48b3eda51
2019-10-18 11:25:10,187 [Thread-2546] INFO  impl.FollowerState (FollowerState.java:run(117)) - c652e2ee-3322-4406-8db6-1ea643cb3197@group-7E32184879DE-FollowerState was interrupted: java.lang.InterruptedException: sleep interrupted
2019-10-18 11:25:10,186 [grpc-default-executor-1] INFO  impl.RoleInfo (RoleInfo.java:updateAndGet(143)) - c652e2ee-3322-4406-8db6-1ea643cb3197: start FollowerState
2019-10-18 11:25:10,187 [grpc-default-executor-3] INFO  impl.RoleInfo (RoleInfo.java:shutdownFollowerState(121)) - 54aabb14-4a7d-4ab3-adbe-2e67760b87f4: shutdown FollowerState
2019-10-18 11:25:10,187 [grpc-default-executor-3] INFO  impl.RoleInfo (RoleInfo.java:updateAndGet(143)) - 54aabb14-4a7d-4ab3-adbe-2e67760b87f4: start FollowerState
2019-10-18 11:25:10,187 [Thread-2545] INFO  impl.FollowerState (FollowerState.java:run(117)) - 54aabb14-4a7d-4ab3-adbe-2e67760b87f4@group-7E32184879DE-FollowerState was interrupted: java.lang.InterruptedException: sleep interrupted
2019-10-18 11:25:10,210 [f535bb4a-cba0-4f9b-9e3e-e4a48b3eda51@group-7E32184879DE-LeaderElection358] INFO  impl.LeaderElection (LeaderElection.java:logAndReturn(56)) - f535bb4a-cba0-4f9b-9e3e-e4a48b3eda51@group-7E32184879DE-LeaderElection358: Election REJECTED; received 2 response(s) [f535bb4a-cba0-4f9b-9e3e-e4a48b3eda51<-54aabb14-4a7d-4ab3-adbe-2e67760b87f4#0:FAIL-t422, f535bb4a-cba0-4f9b-9e3e-e4a48b3eda51<-c652e2ee-3322-4406-8db6-1ea643cb3197#0:FAIL-t422] and 0 exception(s); f535bb4a-cba0-4f9b-9e3e-e4a48b3eda51@group-7E32184879DE:t422, leader=null, voted=f535bb4a-cba0-4f9b-9e3e-e4a48b3eda51, raftlog=f535bb4a-cba0-4f9b-9e3e-e4a48b3eda51@group-7E32184879DE-SegmentedRaftLog:OPENED:c-1,f-1,i0, conf=-1: [f535bb4a-cba0-4f9b-9e3e-e4a48b3eda51:0.0.0.0:44706, 54aabb14-4a7d-4ab3-adbe-2e67760b87f4:0.0.0.0:43074, c652e2ee-3322-4406-8db6-1ea643cb3197:0.0.0.0:42129], old=null
2019-10-18 11:25:10,210 [f535bb4a-cba0-4f9b-9e3e-e4a48b3eda51@group-7E32184879DE-LeaderElection358] INFO  impl.RaftServerImpl (RaftServerImpl.java:setRole(184)) - f535bb4a-cba0-4f9b-9e3e-e4a48b3eda51@group-7E32184879DE: changes role from CANDIDATE to FOLLOWER at term 422 for DISCOVERED_A_NEW_TERM
2019-10-18 11:25:10,210 [f535bb4a-cba0-4f9b-9e3e-e4a48b3eda51@group-7E32184879DE-LeaderElection358] INFO  impl.RoleInfo (RoleInfo.java:shutdownLeaderElection(134)) - f535bb4a-cba0-4f9b-9e3e-e4a48b3eda51: shutdown LeaderElection
2019-10-18 11:25:10,210 [f535bb4a-cba0-4f9b-9e3e-e4a48b3eda51@group-7E32184879DE-LeaderElection358] INFO  impl.RoleInfo (RoleInfo.java:updateAndGet(143)) - f535bb4a-cba0-4f9b-9e3e-e4a48b3eda51: start FollowerState
2019-10-18 11:25:10,225 [Thread-2553] INFO  impl.FollowerState (FollowerState.java:run(108)) - f535bb4a-cba0-4f9b-9e3e-e4a48b3eda51@group-7E32184879DE-FollowerState: change to CANDIDATE, lastRpcTime:14ms, electionTimeout:14ms
2019-10-18 11:25:10,225 [Thread-2553] INFO  impl.RoleInfo (RoleInfo.java:shutdownFollowerState(121)) - f535bb4a-cba0-4f9b-9e3e-e4a48b3eda51: shutdown FollowerState
2019-10-18 11:25:10,225 [Thread-2553] INFO  impl.RaftServerImpl (RaftServerImpl.java:setRole(184)) - f535bb4a-cba0-4f9b-9e3e-e4a48b3eda51@group-7E32184879DE: changes role from  FOLLOWER to CANDIDATE at term 422 for changeToCandidate
2019-10-18 11:25:10,225 [Thread-2553] INFO  impl.RoleInfo (RoleInfo.java:updateAndGet(143)) - f535bb4a-cba0-4f9b-9e3e-e4a48b3eda51: start LeaderElection
2019-10-18 11:25:10,258 [f535bb4a-cba0-4f9b-9e3e-e4a48b3eda51@group-7E32184879DE-LeaderElection359] INFO  impl.LeaderElection (LeaderElection.java:askForVotes(178)) - f535bb4a-cba0-4f9b-9e3e-e4a48b3eda51@group-7E32184879DE-LeaderElection359: begin an election at term 423 for -1: [f535bb4a-cba0-4f9b-9e3e-e4a48b3eda51:0.0.0.0:44706, 54aabb14-4a7d-4ab3-adbe-2e67760b87f4:0.0.0.0:43074, c652e2ee-3322-4406-8db6-1ea643cb3197:0.0.0.0:42129], old=null
2019-10-18 11:25:10,260 [grpc-default-executor-3] INFO  impl.RaftServerImpl (RaftServerImpl.java:setRole(184)) - 54aabb14-4a7d-4ab3-adbe-2e67760b87f4@group-7E32184879DE: changes role from  FOLLOWER to FOLLOWER at term 423 for recognizeCandidate:f535bb4a-cba0-4f9b-9e3e-e4a48b3eda51
2019-10-18 11:25:10,260 [grpc-default-executor-1] INFO  impl.RaftServerImpl (RaftServerImpl.java:setRole(184)) - c652e2ee-3322-4406-8db6-1ea643cb3197@group-7E32184879DE: changes role from  FOLLOWER to FOLLOWER at term 423 for recognizeCandidate:f535bb4a-cba0-4f9b-9e3e-e4a48b3eda51
2019-10-18 11:25:10,260 [grpc-default-executor-1] INFO  impl.RoleInfo (RoleInfo.java:shutdownFollowerState(121)) - c652e2ee-3322-4406-8db6-1ea643cb3197: shutdown FollowerState
2019-10-18 11:25:10,260 [grpc-default-executor-3] INFO  impl.RoleInfo (RoleInfo.java:shutdownFollowerState(121)) - 54aabb14-4a7d-4ab3-adbe-2e67760b87f4: shutdown FollowerState
2019-10-18 11:25:10,260 [grpc-default-executor-1] INFO  impl.RoleInfo (RoleInfo.java:updateAndGet(143)) - c652e2ee-3322-4406-8db6-1ea643cb3197: start FollowerState
2019-10-18 11:25:10,260 [Thread-2552] INFO  impl.FollowerState (FollowerState.java:run(117)) - 54aabb14-4a7d-4ab3-adbe-2e67760b87f4@group-7E32184879DE-FollowerState was interrupted: java.lang.InterruptedException: sleep interrupted
2019-10-18 11:25:10,260 [grpc-default-executor-3] INFO  impl.RoleInfo (RoleInfo.java:updateAndGet(143)) - 54aabb14-4a7d-4ab3-adbe-2e67760b87f4: start FollowerState
2019-10-18 11:25:10,260 [Thread-2551] INFO  impl.FollowerState (FollowerState.java:run(117)) - c652e2ee-3322-4406-8db6-1ea643cb3197@group-7E32184879DE-FollowerState was interrupted: java.lang.InterruptedException: sleep interrupted
2019-10-18 11:25:10,274 [f535bb4a-cba0-4f9b-9e3e-e4a48b3eda51@group-7E32184879DE-LeaderElection359] INFO  impl.LeaderElection (LeaderElection.java:logAndReturn(56)) - f535bb4a-cba0-4f9b-9e3e-e4a48b3eda51@group-7E32184879DE-LeaderElection359: Election TIMEOUT; received 0 response(s) [] and 0 exception(s); f535bb4a-cba0-4f9b-9e3e-e4a48b3eda51@group-7E32184879DE:t423, leader=null, voted=f535bb4a-cba0-4f9b-9e3e-e4a48b3eda51, raftlog=f535bb4a-cba0-4f9b-9e3e-e4a48b3eda51@group-7E32184879DE-SegmentedRaftLog:OPENED:c-1,f-1,i0, conf=-1: [f535bb4a-cba0-4f9b-9e3e-e4a48b3eda51:0.0.0.0:44706, 54aabb14-4a7d-4ab3-adbe-2e67760b87f4:0.0.0.0:43074, c652e2ee-3322-4406-8db6-1ea643cb3197:0.0.0.0:42129], old=null
2019-10-18 11:25:10,300 [f535bb4a-cba0-4f9b-9e3e-e4a48b3eda51@group-7E32184879DE-LeaderElection359] INFO  impl.LeaderElection (LeaderElection.java:askForVotes(178)) - f535bb4a-cba0-4f9b-9e3e-e4a48b3eda51@group-7E32184879DE-LeaderElection359: begin an election at term 424 for -1: [f535bb4a-cba0-4f9b-9e3e-e4a48b3eda51:0.0.0.0:44706, 54aabb14-4a7d-4ab3-adbe-2e67760b87f4:0.0.0.0:43074, c652e2ee-3322-4406-8db6-1ea643cb3197:0.0.0.0:42129], old=null
2019-10-18 11:25:10,302 [grpc-default-executor-1] INFO  impl.RaftServerImpl (RaftServerImpl.java:setRole(184)) - 54aabb14-4a7d-4ab3-adbe-2e67760b87f4@group-7E32184879DE: changes role from  FOLLOWER to FOLLOWER at term 424 for recognizeCandidate:f535bb4a-cba0-4f9b-9e3e-e4a48b3eda51
2019-10-18 11:25:10,302 [grpc-default-executor-1] INFO  impl.RoleInfo (RoleInfo.java:shutdownFollowerState(121)) - 54aabb14-4a7d-4ab3-adbe-2e67760b87f4: shutdown FollowerState
2019-10-18 11:25:10,302 [grpc-default-executor-3] INFO  impl.RaftServerImpl (RaftServerImpl.java:setRole(184)) - c652e2ee-3322-4406-8db6-1ea643cb3197@group-7E32184879DE: changes role from  FOLLOWER to FOLLOWER at term 424 for recognizeCandidate:f535bb4a-cba0-4f9b-9e3e-e4a48b3eda51
2019-10-18 11:25:10,302 [Thread-2558] INFO  impl.FollowerState (FollowerState.java:run(117)) - 54aabb14-4a7d-4ab3-adbe-2e67760b87f4@group-7E32184879DE-FollowerState was interrupted: java.lang.InterruptedException: sleep interrupted
2019-10-18 11:25:10,302 [grpc-default-executor-1] INFO  impl.RoleInfo (RoleInfo.java:updateAndGet(143)) - 54aabb14-4a7d-4ab3-adbe-2e67760b87f4: start FollowerState
2019-10-18 11:25:10,302 [grpc-default-executor-3] INFO  impl.RoleInfo (RoleInfo.java:shutdownFollowerState(121)) - c652e2ee-3322-4406-8db6-1ea643cb3197: shutdown FollowerState
2019-10-18 11:25:10,302 [grpc-default-executor-3] INFO  impl.RoleInfo (RoleInfo.java:updateAndGet(143)) - c652e2ee-3322-4406-8db6-1ea643cb3197: start FollowerState
2019-10-18 11:25:10,302 [Thread-2557] INFO  impl.FollowerState (FollowerState.java:run(117)) - c652e2ee-3322-4406-8db6-1ea643cb3197@group-7E32184879DE-FollowerState was interrupted: java.lang.InterruptedException: sleep interrupted
2019-10-18 11:25:10,326 [f535bb4a-cba0-4f9b-9e3e-e4a48b3eda51@group-7E32184879DE-LeaderElection359] INFO  impl.LeaderElection (LeaderElection.java:logAndReturn(56)) - f535bb4a-cba0-4f9b-9e3e-e4a48b3eda51@group-7E32184879DE-LeaderElection359: Election REJECTED; received 2 response(s) [f535bb4a-cba0-4f9b-9e3e-e4a48b3eda51<-54aabb14-4a7d-4ab3-adbe-2e67760b87f4#0:FAIL-t424, f535bb4a-cba0-4f9b-9e3e-e4a48b3eda51<-c652e2ee-3322-4406-8db6-1ea643cb3197#0:FAIL-t424] and 0 exception(s); f535bb4a-cba0-4f9b-9e3e-e4a48b3eda51@group-7E32184879DE:t424, leader=null, voted=f535bb4a-cba0-4f9b-9e3e-e4a48b3eda51, raftlog=f535bb4a-cba0-4f9b-9e3e-e4a48b3eda51@group-7E32184879DE-SegmentedRaftLog:OPENED:c-1,f-1,i0, conf=-1: [f535bb4a-cba0-4f9b-9e3e-e4a48b3eda51:0.0.0.0:44706, 54aabb14-4a7d-4ab3-adbe-2e67760b87f4:0.0.0.0:43074, c652e2ee-3322-4406-8db6-1ea643cb3197:0.0.0.0:42129], old=null
2019-10-18 11:25:10,326 [f535bb4a-cba0-4f9b-9e3e-e4a48b3eda51@group-7E32184879DE-LeaderElection359] INFO  impl.RaftServerImpl (RaftServerImpl.java:setRole(184)) - f535bb4a-cba0-4f9b-9e3e-e4a48b3eda51@group-7E32184879DE: changes role from CANDIDATE to FOLLOWER at term 424 for DISCOVERED_A_NEW_TERM
2019-10-18 11:25:10,326 [f535bb4a-cba0-4f9b-9e3e-e4a48b3eda51@group-7E32184879DE-LeaderElection359] INFO  impl.RoleInfo (RoleInfo.java:shutdownLeaderElection(134)) - f535bb4a-cba0-4f9b-9e3e-e4a48b3eda51: shutdown LeaderElection
2019-10-18 11:25:10,327 [f535bb4a-cba0-4f9b-9e3e-e4a48b3eda51@group-7E32184879DE-LeaderElection359] INFO  impl.RoleInfo (RoleInfo.java:updateAndGet(143)) - f535bb4a-cba0-4f9b-9e3e-e4a48b3eda51: start FollowerState
2019-10-18 11:25:10,513 [Thread-2563] INFO  impl.FollowerState (FollowerState.java:run(108)) - f535bb4a-cba0-4f9b-9e3e-e4a48b3eda51@group-7E32184879DE-FollowerState: change to CANDIDATE, lastRpcTime:186ms, electionTimeout:186ms
2019-10-18 11:25:10,513 [Thread-2563] INFO  impl.RoleInfo (RoleInfo.java:shutdownFollowerState(121)) - f535bb4a-cba0-4f9b-9e3e-e4a48b3eda51: shutdown FollowerState
2019-10-18 11:25:10,513 [Thread-2563] INFO  impl.RaftServerImpl (RaftServerImpl.java:setRole(184)) - f535bb4a-cba0-4f9b-9e3e-e4a48b3eda51@group-7E32184879DE: changes role from  FOLLOWER to CANDIDATE at term 424 for changeToCandidate
2019-10-18 11:25:10,513 [Thread-2563] INFO  impl.RoleInfo (RoleInfo.java:updateAndGet(143)) - f535bb4a-cba0-4f9b-9e3e-e4a48b3eda51: start LeaderElection
2019-10-18 11:25:10,543 [f535bb4a-cba0-4f9b-9e3e-e4a48b3eda51@group-7E32184879DE-LeaderElection360] INFO  impl.LeaderElection (LeaderElection.java:askForVotes(178)) - f535bb4a-cba0-4f9b-9e3e-e4a48b3eda51@group-7E32184879DE-LeaderElection360: begin an election at term 425 for -1: [f535bb4a-cba0-4f9b-9e3e-e4a48b3eda51:0.0.0.0:44706, 54aabb14-4a7d-4ab3-adbe-2e67760b87f4:0.0.0.0:43074, c652e2ee-3322-4406-8db6-1ea643cb3197:0.0.0.0:42129], old=null
2019-10-18 11:25:10,545 [grpc-default-executor-3] INFO  impl.RaftServerImpl (RaftServerImpl.java:setRole(184)) - 54aabb14-4a7d-4ab3-adbe-2e67760b87f4@group-7E32184879DE: changes role from  FOLLOWER to FOLLOWER at term 425 for recognizeCandidate:f535bb4a-cba0-4f9b-9e3e-e4a48b3eda51
2019-10-18 11:25:10,545 [grpc-default-executor-1] INFO  impl.RaftServerImpl (RaftServerImpl.java:setRole(184)) - c652e2ee-3322-4406-8db6-1ea643cb3197@group-7E32184879DE: changes role from  FOLLOWER to FOLLOWER at term 425 for recognizeCandidate:f535bb4a-cba0-4f9b-9e3e-e4a48b3eda51
2019-10-18 11:25:10,545 [grpc-default-executor-1] INFO  impl.RoleInfo (RoleInfo.java:shutdownFollowerState(121)) - c652e2ee-3322-4406-8db6-1ea643cb3197: shutdown FollowerState
2019-10-18 11:25:10,545 [grpc-default-executor-3] INFO  impl.RoleInfo (RoleInfo.java:shutdownFollowerState(121)) - 54aabb14-4a7d-4ab3-adbe-2e67760b87f4: shutdown FollowerState
2019-10-18 11:25:10,545 [grpc-default-executor-1] INFO  impl.RoleInfo (RoleInfo.java:updateAndGet(143)) - c652e2ee-3322-4406-8db6-1ea643cb3197: start FollowerState
2019-10-18 11:25:10,545 [Thread-2562] INFO  impl.FollowerState (FollowerState.java:run(117)) - c652e2ee-3322-4406-8db6-1ea643cb3197@group-7E32184879DE-FollowerState was interrupted: java.lang.InterruptedException: sleep interrupted
2019-10-18 11:25:10,545 [grpc-default-executor-3] INFO  impl.RoleInfo (RoleInfo.java:updateAndGet(143)) - 54aabb14-4a7d-4ab3-adbe-2e67760b87f4: start FollowerState
2019-10-18 11:25:10,545 [Thread-2561] INFO  impl.FollowerState (FollowerState.java:run(117)) - 54aabb14-4a7d-4ab3-adbe-2e67760b87f4@group-7E32184879DE-FollowerState was interrupted: java.lang.InterruptedException: sleep interrupted
2019-10-18 11:25:10,569 [f535bb4a-cba0-4f9b-9e3e-e4a48b3eda51@group-7E32184879DE-LeaderElection360] INFO  impl.LeaderElection (LeaderElection.java:logAndReturn(56)) - f535bb4a-cba0-4f9b-9e3e-e4a48b3eda51@group-7E32184879DE-LeaderElection360: Election REJECTED; received 2 response(s) [f535bb4a-cba0-4f9b-9e3e-e4a48b3eda51<-54aabb14-4a7d-4ab3-adbe-2e67760b87f4#0:FAIL-t425, f535bb4a-cba0-4f9b-9e3e-e4a48b3eda51<-c652e2ee-3322-4406-8db6-1ea643cb3197#0:FAIL-t425] and 0 exception(s); f535bb4a-cba0-4f9b-9e3e-e4a48b3eda51@group-7E32184879DE:t425, leader=null, voted=f535bb4a-cba0-4f9b-9e3e-e4a48b3eda51, raftlog=f535bb4a-cba0-4f9b-9e3e-e4a48b3eda51@group-7E32184879DE-SegmentedRaftLog:OPENED:c-1,f-1,i0, conf=-1: [f535bb4a-cba0-4f9b-9e3e-e4a48b3eda51:0.0.0.0:44706, 54aabb14-4a7d-4ab3-adbe-2e67760b87f4:0.0.0.0:43074, c652e2ee-3322-4406-8db6-1ea643cb3197:0.0.0.0:42129], old=null
2019-10-18 11:25:10,569 [f535bb4a-cba0-4f9b-9e3e-e4a48b3eda51@group-7E32184879DE-LeaderElection360] INFO  impl.RaftServerImpl (RaftServerImpl.java:setRole(184)) - f535bb4a-cba0-4f9b-9e3e-e4a48b3eda51@group-7E32184879DE: changes role from CANDIDATE to FOLLOWER at term 425 for DISCOVERED_A_NEW_TERM
2019-10-18 11:25:10,569 [f535bb4a-cba0-4f9b-9e3e-e4a48b3eda51@group-7E32184879DE-LeaderElection360] INFO  impl.RoleInfo (RoleInfo.java:shutdownLeaderElection(134)) - f535bb4a-cba0-4f9b-9e3e-e4a48b3eda51: shutdown LeaderElection
2019-10-18 11:25:10,569 [f535bb4a-cba0-4f9b-9e3e-e4a48b3eda51@group-7E32184879DE-LeaderElection360] INFO  impl.RoleInfo (RoleInfo.java:updateAndGet(143)) - f535bb4a-cba0-4f9b-9e3e-e4a48b3eda51: start FollowerState
2019-10-18 11:25:10,704 [Thread-2571] INFO  impl.FollowerState (FollowerState.java:run(108)) - f535bb4a-cba0-4f9b-9e3e-e4a48b3eda51@group-7E32184879DE-FollowerState: change to CANDIDATE, lastRpcTime:134ms, electionTimeout:134ms
2019-10-18 11:25:10,704 [Thread-2571] INFO  impl.RoleInfo (RoleInfo.java:shutdownFollowerState(121)) - f535bb4a-cba0-4f9b-9e3e-e4a48b3eda51: shutdown FollowerState
2019-10-18 11:25:10,704 [Thread-2571] INFO  impl.RaftServerImpl (RaftServerImpl.java:setRole(184)) - f535bb4a-cba0-4f9b-9e3e-e4a48b3eda51@group-7E32184879DE: changes role from  FOLLOWER to CANDIDATE at term 425 for changeToCandidate
2019-10-18 11:25:10,704 [Thread-2571] INFO  impl.RoleInfo (RoleInfo.java:updateAndGet(143)) - f535bb4a-cba0-4f9b-9e3e-e4a48b3eda51: start LeaderElection
2019-10-18 11:25:10,736 [f535bb4a-cba0-4f9b-9e3e-e4a48b3eda51@group-7E32184879DE-LeaderElection361] INFO  impl.LeaderElection (LeaderElection.java:askForVotes(178)) - f535bb4a-cba0-4f9b-9e3e-e4a48b3eda51@group-7E32184879DE-LeaderElection361: begin an election at term 426 for -1: [f535bb4a-cba0-4f9b-9e3e-e4a48b3eda51:0.0.0.0:44706, 54aabb14-4a7d-4ab3-adbe-2e67760b87f4:0.0.0.0:43074, c652e2ee-3322-4406-8db6-1ea643cb3197:0.0.0.0:42129], old=null
2019-10-18 11:25:10,740 [grpc-default-executor-3] INFO  impl.RaftServerImpl (RaftServerImpl.java:setRole(184)) - 54aabb14-4a7d-4ab3-adbe-2e67760b87f4@group-7E32184879DE: changes role from  FOLLOWER to FOLLOWER at term 426 for recognizeCandidate:f535bb4a-cba0-4f9b-9e3e-e4a48b3eda51
2019-10-18 11:25:10,740 [grpc-default-executor-3] INFO  impl.RoleInfo (RoleInfo.java:shutdownFollowerState(121)) - 54aabb14-4a7d-4ab3-adbe-2e67760b87f4: shutdown FollowerState
2019-10-18 11:25:10,740 [grpc-default-executor-1] INFO  impl.RaftServerImpl (RaftServerImpl.java:setRole(184)) - c652e2ee-3322-4406-8db6-1ea643cb3197@group-7E32184879DE: changes role from  FOLLOWER to FOLLOWER at term 426 for recognizeCandidate:f535bb4a-cba0-4f9b-9e3e-e4a48b3eda51
2019-10-18 11:25:10,740 [Thread-2570] INFO  impl.FollowerState (FollowerState.java:run(117)) - 54aabb14-4a7d-4ab3-adbe-2e67760b87f4@group-7E32184879DE-FollowerState was interrupted: java.lang.InterruptedException: sleep interrupted
2019-10-18 11:25:10,740 [grpc-default-executor-3] INFO  impl.RoleInfo (RoleInfo.java:updateAndGet(143)) - 54aabb14-4a7d-4ab3-adbe-2e67760b87f4: start FollowerState
2019-10-18 11:25:10,740 [grpc-default-executor-1] INFO  impl.RoleInfo (RoleInfo.java:shutdownFollowerState(121)) - c652e2ee-3322-4406-8db6-1ea643cb3197: shutdown FollowerState
2019-10-18 11:25:10,741 [grpc-default-executor-1] INFO  impl.RoleInfo (RoleInfo.java:updateAndGet(143)) - c652e2ee-3322-4406-8db6-1ea643cb3197: start FollowerState
2019-10-18 11:25:10,741 [Thread-2569] INFO  impl.FollowerState (FollowerState.java:run(117)) - c652e2ee-3322-4406-8db6-1ea643cb3197@group-7E32184879DE-FollowerState was interrupted: java.lang.InterruptedException: sleep interrupted
2019-10-18 11:25:10,771 [f535bb4a-cba0-4f9b-9e3e-e4a48b3eda51@group-7E32184879DE-LeaderElection361] INFO  impl.LeaderElection (LeaderElection.java:logAndReturn(56)) - f535bb4a-cba0-4f9b-9e3e-e4a48b3eda51@group-7E32184879DE-LeaderElection361: Election REJECTED; received 2 response(s) [f535bb4a-cba0-4f9b-9e3e-e4a48b3eda51<-54aabb14-4a7d-4ab3-adbe-2e67760b87f4#0:FAIL-t426, f535bb4a-cba0-4f9b-9e3e-e4a48b3eda51<-c652e2ee-3322-4406-8db6-1ea643cb3197#0:FAIL-t426] and 0 exception(s); f535bb4a-cba0-4f9b-9e3e-e4a48b3eda51@group-7E32184879DE:t426, leader=null, voted=f535bb4a-cba0-4f9b-9e3e-e4a48b3eda51, raftlog=f535bb4a-cba0-4f9b-9e3e-e4a48b3eda51@group-7E32184879DE-SegmentedRaftLog:OPENED:c-1,f-1,i0, conf=-1: [f535bb4a-cba0-4f9b-9e3e-e4a48b3eda51:0.0.0.0:44706, 54aabb14-4a7d-4ab3-adbe-2e67760b87f4:0.0.0.0:43074, c652e2ee-3322-4406-8db6-1ea643cb3197:0.0.0.0:42129], old=null
2019-10-18 11:25:10,771 [f535bb4a-cba0-4f9b-9e3e-e4a48b3eda51@group-7E32184879DE-LeaderElection361] INFO  impl.RaftServerImpl (RaftServerImpl.java:setRole(184)) - f535bb4a-cba0-4f9b-9e3e-e4a48b3eda51@group-7E32184879DE: changes role from CANDIDATE to FOLLOWER at term 426 for DISCOVERED_A_NEW_TERM
2019-10-18 11:25:10,771 [f535bb4a-cba0-4f9b-9e3e-e4a48b3eda51@group-7E32184879DE-LeaderElection361] INFO  impl.RoleInfo (RoleInfo.java:shutdownLeaderElection(134)) - f535bb4a-cba0-4f9b-9e3e-e4a48b3eda51: shutdown LeaderElection
2019-10-18 11:25:10,772 [f535bb4a-cba0-4f9b-9e3e-e4a48b3eda51@group-7E32184879DE-LeaderElection361] INFO  impl.RoleInfo (RoleInfo.java:updateAndGet(143)) - f535bb4a-cba0-4f9b-9e3e-e4a48b3eda51: start FollowerState
2019-10-18 11:25:10,840 [Thread-2577] INFO  impl.FollowerState (FollowerState.java:run(108)) - f535bb4a-cba0-4f9b-9e3e-e4a48b3eda51@group-7E32184879DE-FollowerState: change to CANDIDATE, lastRpcTime:68ms, electionTimeout:68ms
2019-10-18 11:25:10,840 [Thread-2577] INFO  impl.RoleInfo (RoleInfo.java:shutdownFollowerState(121)) - f535bb4a-cba0-4f9b-9e3e-e4a48b3eda51: shutdown FollowerState
2019-10-18 11:25:10,840 [Thread-2577] INFO  impl.RaftServerImpl (RaftServerImpl.java:setRole(184)) - f535bb4a-cba0-4f9b-9e3e-e4a48b3eda51@group-7E32184879DE: changes role from  FOLLOWER to CANDIDATE at term 426 for changeToCandidate
2019-10-18 11:25:10,840 [Thread-2577] INFO  impl.RoleInfo (RoleInfo.java:updateAndGet(143)) - f535bb4a-cba0-4f9b-9e3e-e4a48b3eda51: start LeaderElection
2019-10-18 11:25:10,870 [f535bb4a-cba0-4f9b-9e3e-e4a48b3eda51@group-7E32184879DE-LeaderElection362] INFO  impl.LeaderElection (LeaderElection.java:askForVotes(178)) - f535bb4a-cba0-4f9b-9e3e-e4a48b3eda51@group-7E32184879DE-LeaderElection362: begin an election at term 427 for -1: [f535bb4a-cba0-4f9b-9e3e-e4a48b3eda51:0.0.0.0:44706, 54aabb14-4a7d-4ab3-adbe-2e67760b87f4:0.0.0.0:43074, c652e2ee-3322-4406-8db6-1ea643cb3197:0.0.0.0:42129], old=null
2019-10-18 11:25:10,872 [grpc-default-executor-1] INFO  impl.RaftServerImpl (RaftServerImpl.java:setRole(184)) - 54aabb14-4a7d-4ab3-adbe-2e67760b87f4@group-7E32184879DE: changes role from  FOLLOWER to FOLLOWER at term 427 for recognizeCandidate:f535bb4a-cba0-4f9b-9e3e-e4a48b3eda51
2019-10-18 11:25:10,872 [grpc-default-executor-1] INFO  impl.RoleInfo (RoleInfo.java:shutdownFollowerState(121)) - 54aabb14-4a7d-4ab3-adbe-2e67760b87f4: shutdown FollowerState
2019-10-18 11:25:10,872 [grpc-default-executor-0] INFO  impl.RaftServerImpl (RaftServerImpl.java:setRole(184)) - c652e2ee-3322-4406-8db6-1ea643cb3197@group-7E32184879DE: changes role from  FOLLOWER to FOLLOWER at term 427 for recognizeCandidate:f535bb4a-cba0-4f9b-9e3e-e4a48b3eda51
2019-10-18 11:25:10,872 [grpc-default-executor-0] INFO  impl.RoleInfo (RoleInfo.java:shutdownFollowerState(121)) - c652e2ee-3322-4406-8db6-1ea643cb3197: shutdown FollowerState
2019-10-18 11:25:10,872 [Thread-2575] INFO  impl.FollowerState (FollowerState.java:run(117)) - 54aabb14-4a7d-4ab3-adbe-2e67760b87f4@group-7E32184879DE-FollowerState was interrupted: java.lang.InterruptedException: sleep interrupted
2019-10-18 11:25:10,872 [grpc-default-executor-1] INFO  impl.RoleInfo (RoleInfo.java:updateAndGet(143)) - 54aabb14-4a7d-4ab3-adbe-2e67760b87f4: start FollowerState
2019-10-18 11:25:10,873 [Thread-2576] INFO  impl.FollowerState (FollowerState.java:run(117)) - c652e2ee-3322-4406-8db6-1ea643cb3197@group-7E32184879DE-FollowerState was interrupted: java.lang.InterruptedException: sleep interrupted
2019-10-18 11:25:10,873 [grpc-default-executor-0] INFO  impl.RoleInfo (RoleInfo.java:updateAndGet(143)) - c652e2ee-3322-4406-8db6-1ea643cb3197: start FollowerState
2019-10-18 11:25:10,896 [f535bb4a-cba0-4f9b-9e3e-e4a48b3eda51@group-7E32184879DE-LeaderElection362] INFO  impl.LeaderElection (LeaderElection.java:logAndReturn(56)) - f535bb4a-cba0-4f9b-9e3e-e4a48b3eda51@group-7E32184879DE-LeaderElection362: Election REJECTED; received 2 response(s) [f535bb4a-cba0-4f9b-9e3e-e4a48b3eda51<-54aabb14-4a7d-4ab3-adbe-2e67760b87f4#0:FAIL-t427, f535bb4a-cba0-4f9b-9e3e-e4a48b3eda51<-c652e2ee-3322-4406-8db6-1ea643cb3197#0:FAIL-t427] and 0 exception(s); f535bb4a-cba0-4f9b-9e3e-e4a48b3eda51@group-7E32184879DE:t427, leader=null, voted=f535bb4a-cba0-4f9b-9e3e-e4a48b3eda51, raftlog=f535bb4a-cba0-4f9b-9e3e-e4a48b3eda51@group-7E32184879DE-SegmentedRaftLog:OPENED:c-1,f-1,i0, conf=-1: [f535bb4a-cba0-4f9b-9e3e-e4a48b3eda51:0.0.0.0:44706, 54aabb14-4a7d-4ab3-adbe-2e67760b87f4:0.0.0.0:43074, c652e2ee-3322-4406-8db6-1ea643cb3197:0.0.0.0:42129], old=null
2019-10-18 11:25:10,897 [f535bb4a-cba0-4f9b-9e3e-e4a48b3eda51@group-7E32184879DE-LeaderElection362] INFO  impl.RaftServerImpl (RaftServerImpl.java:setRole(184)) - f535bb4a-cba0-4f9b-9e3e-e4a48b3eda51@group-7E32184879DE: changes role from CANDIDATE to FOLLOWER at term 427 for DISCOVERED_A_NEW_TERM
2019-10-18 11:25:10,897 [f535bb4a-cba0-4f9b-9e3e-e4a48b3eda51@group-7E32184879DE-LeaderElection362] INFO  impl.RoleInfo (RoleInfo.java:shutdownLeaderElection(134)) - f535bb4a-cba0-4f9b-9e3e-e4a48b3eda51: shutdown LeaderElection
2019-10-18 11:25:10,897 [f535bb4a-cba0-4f9b-9e3e-e4a48b3eda51@group-7E32184879DE-LeaderElection362] INFO  impl.RoleInfo (RoleInfo.java:updateAndGet(143)) - f535bb4a-cba0-4f9b-9e3e-e4a48b3eda51: start FollowerState
2019-10-18 11:25:11,088 [Thread-2583] INFO  impl.FollowerState (FollowerState.java:run(108)) - f535bb4a-cba0-4f9b-9e3e-e4a48b3eda51@group-7E32184879DE-FollowerState: change to CANDIDATE, lastRpcTime:191ms, electionTimeout:191ms
2019-10-18 11:25:11,088 [Thread-2583] INFO  impl.RoleInfo (RoleInfo.java:shutdownFollowerState(121)) - f535bb4a-cba0-4f9b-9e3e-e4a48b3eda51: shutdown FollowerState
2019-10-18 11:25:11,088 [Thread-2583] INFO  impl.RaftServerImpl (RaftServerImpl.java:setRole(184)) - f535bb4a-cba0-4f9b-9e3e-e4a48b3eda51@group-7E32184879DE: changes role from  FOLLOWER to CANDIDATE at term 427 for changeToCandidate
2019-10-18 11:25:11,089 [Thread-2583] INFO  impl.RoleInfo (RoleInfo.java:updateAndGet(143)) - f535bb4a-cba0-4f9b-9e3e-e4a48b3eda51: start LeaderElection
2019-10-18 11:25:11,113 [f535bb4a-cba0-4f9b-9e3e-e4a48b3eda51@group-7E32184879DE-LeaderElection363] INFO  impl.LeaderElection (LeaderElection.java:askForVotes(178)) - f535bb4a-cba0-4f9b-9e3e-e4a48b3eda51@group-7E32184879DE-LeaderElection363: begin an election at term 428 for -1: [f535bb4a-cba0-4f9b-9e3e-e4a48b3eda51:0.0.0.0:44706, 54aabb14-4a7d-4ab3-adbe-2e67760b87f4:0.0.0.0:43074, c652e2ee-3322-4406-8db6-1ea643cb3197:0.0.0.0:42129], old=null
2019-10-18 11:25:11,114 [grpc-default-executor-1] INFO  impl.RaftServerImpl (RaftServerImpl.java:setRole(184)) - 54aabb14-4a7d-4ab3-adbe-2e67760b87f4@group-7E32184879DE: changes role from  FOLLOWER to FOLLOWER at term 428 for recognizeCandidate:f535bb4a-cba0-4f9b-9e3e-e4a48b3eda51
2019-10-18 11:25:11,114 [grpc-default-executor-1] INFO  impl.RoleInfo (RoleInfo.java:shutdownFollowerState(121)) - 54aabb14-4a7d-4ab3-adbe-2e67760b87f4: shutdown FollowerState
2019-10-18 11:25:11,115 [grpc-default-executor-1] INFO  impl.RoleInfo (RoleInfo.java:updateAndGet(143)) - 54aabb14-4a7d-4ab3-adbe-2e67760b87f4: start FollowerState
2019-10-18 11:25:11,115 [Thread-2581] INFO  impl.FollowerState (FollowerState.java:run(117)) - 54aabb14-4a7d-4ab3-adbe-2e67760b87f4@group-7E32184879DE-FollowerState was interrupted: java.lang.InterruptedException: sleep interrupted
2019-10-18 11:25:11,115 [grpc-default-executor-0] INFO  impl.RaftServerImpl (RaftServerImpl.java:setRole(184)) - c652e2ee-3322-4406-8db6-1ea643cb3197@group-7E32184879DE: changes role from  FOLLOWER to FOLLOWER at term 428 for recognizeCandidate:f535bb4a-cba0-4f9b-9e3e-e4a48b3eda51
2019-10-18 11:25:11,115 [grpc-default-executor-0] INFO  impl.RoleInfo (RoleInfo.java:shutdownFollowerState(121)) - c652e2ee-3322-4406-8db6-1ea643cb3197: shutdown FollowerState
2019-10-18 11:25:11,115 [grpc-default-executor-0] INFO  impl.RoleInfo (RoleInfo.java:updateAndGet(143)) - c652e2ee-3322-4406-8db6-1ea643cb3197: start FollowerState
2019-10-18 11:25:11,115 [Thread-2582] INFO  impl.FollowerState (FollowerState.java:run(117)) - c652e2ee-3322-4406-8db6-1ea643cb3197@group-7E32184879DE-FollowerState was interrupted: java.lang.InterruptedException: sleep interrupted
2019-10-18 11:25:11,139 [f535bb4a-cba0-4f9b-9e3e-e4a48b3eda51@group-7E32184879DE-LeaderElection363] INFO  impl.LeaderElection (LeaderElection.java:logAndReturn(56)) - f535bb4a-cba0-4f9b-9e3e-e4a48b3eda51@group-7E32184879DE-LeaderElection363: Election REJECTED; received 2 response(s) [f535bb4a-cba0-4f9b-9e3e-e4a48b3eda51<-54aabb14-4a7d-4ab3-adbe-2e67760b87f4#0:FAIL-t428, f535bb4a-cba0-4f9b-9e3e-e4a48b3eda51<-c652e2ee-3322-4406-8db6-1ea643cb3197#0:FAIL-t428] and 0 exception(s); f535bb4a-cba0-4f9b-9e3e-e4a48b3eda51@group-7E32184879DE:t428, leader=null, voted=f535bb4a-cba0-4f9b-9e3e-e4a48b3eda51, raftlog=f535bb4a-cba0-4f9b-9e3e-e4a48b3eda51@group-7E32184879DE-SegmentedRaftLog:OPENED:c-1,f-1,i0, conf=-1: [f535bb4a-cba0-4f9b-9e3e-e4a48b3eda51:0.0.0.0:44706, 54aabb14-4a7d-4ab3-adbe-2e67760b87f4:0.0.0.0:43074, c652e2ee-3322-4406-8db6-1ea643cb3197:0.0.0.0:42129], old=null
2019-10-18 11:25:11,139 [f535bb4a-cba0-4f9b-9e3e-e4a48b3eda51@group-7E32184879DE-LeaderElection363] INFO  impl.RaftServerImpl (RaftServerImpl.java:setRole(184)) - f535bb4a-cba0-4f9b-9e3e-e4a48b3eda51@group-7E32184879DE: changes role from CANDIDATE to FOLLOWER at term 428 for DISCOVERED_A_NEW_TERM
2019-10-18 11:25:11,139 [f535bb4a-cba0-4f9b-9e3e-e4a48b3eda51@group-7E32184879DE-LeaderElection363] INFO  impl.RoleInfo (RoleInfo.java:shutdownLeaderElection(134)) - f535bb4a-cba0-4f9b-9e3e-e4a48b3eda51: shutdown LeaderElection
2019-10-18 11:25:11,139 [f535bb4a-cba0-4f9b-9e3e-e4a48b3eda51@group-7E32184879DE-LeaderElection363] INFO  impl.RoleInfo (RoleInfo.java:updateAndGet(143)) - f535bb4a-cba0-4f9b-9e3e-e4a48b3eda51: start FollowerState
2019-10-18 11:25:11,167 [Thread-2589] INFO  impl.FollowerState (FollowerState.java:run(108)) - f535bb4a-cba0-4f9b-9e3e-e4a48b3eda51@group-7E32184879DE-FollowerState: change to CANDIDATE, lastRpcTime:27ms, electionTimeout:27ms
2019-10-18 11:25:11,167 [Thread-2589] INFO  impl.RoleInfo (RoleInfo.java:shutdownFollowerState(121)) - f535bb4a-cba0-4f9b-9e3e-e4a48b3eda51: shutdown FollowerState
2019-10-18 11:25:11,167 [Thread-2589] INFO  impl.RaftServerImpl (RaftServerImpl.java:setRole(184)) - f535bb4a-cba0-4f9b-9e3e-e4a48b3eda51@group-7E32184879DE: changes role from  FOLLOWER to CANDIDATE at term 428 for changeToCandidate
2019-10-18 11:25:11,167 [Thread-2589] INFO  impl.RoleInfo (RoleInfo.java:updateAndGet(143)) - f535bb4a-cba0-4f9b-9e3e-e4a48b3eda51: start LeaderElection
2019-10-18 11:25:11,197 [f535bb4a-cba0-4f9b-9e3e-e4a48b3eda51@group-7E32184879DE-LeaderElection364] INFO  impl.LeaderElection (LeaderElection.java:askForVotes(178)) - f535bb4a-cba0-4f9b-9e3e-e4a48b3eda51@group-7E32184879DE-LeaderElection364: begin an election at term 429 for -1: [f535bb4a-cba0-4f9b-9e3e-e4a48b3eda51:0.0.0.0:44706, 54aabb14-4a7d-4ab3-adbe-2e67760b87f4:0.0.0.0:43074, c652e2ee-3322-4406-8db6-1ea643cb3197:0.0.0.0:42129], old=null
2019-10-18 11:25:11,198 [grpc-default-executor-1] INFO  impl.RaftServerImpl (RaftServerImpl.java:setRole(184)) - 54aabb14-4a7d-4ab3-adbe-2e67760b87f4@group-7E32184879DE: changes role from  FOLLOWER to FOLLOWER at term 429 for recognizeCandidate:f535bb4a-cba0-4f9b-9e3e-e4a48b3eda51
2019-10-18 11:25:11,198 [grpc-default-executor-0] INFO  impl.RaftServerImpl (RaftServerImpl.java:setRole(184)) - c652e2ee-3322-4406-8db6-1ea643cb3197@group-7E32184879DE: changes role from  FOLLOWER to FOLLOWER at term 429 for recognizeCandidate:f535bb4a-cba0-4f9b-9e3e-e4a48b3eda51
2019-10-18 11:25:11,199 [grpc-default-executor-0] INFO  impl.RoleInfo (RoleInfo.java:shutdownFollowerState(121)) - c652e2ee-3322-4406-8db6-1ea643cb3197: shutdown FollowerState
2019-10-18 11:25:11,199 [grpc-default-executor-1] INFO  impl.RoleInfo (RoleInfo.java:shutdownFollowerState(121)) - 54aabb14-4a7d-4ab3-adbe-2e67760b87f4: shutdown FollowerState
2019-10-18 11:25:11,199 [Thread-2588] INFO  impl.FollowerState (FollowerState.java:run(117)) - c652e2ee-3322-4406-8db6-1ea643cb3197@group-7E32184879DE-FollowerState was interrupted: java.lang.InterruptedException: sleep interrupted
2019-10-18 11:25:11,199 [grpc-default-executor-0] INFO  impl.RoleInfo (RoleInfo.java:updateAndGet(143)) - c652e2ee-3322-4406-8db6-1ea643cb3197: start FollowerState
2019-10-18 11:25:11,199 [Thread-2587] INFO  impl.FollowerState (FollowerState.java:run(117)) - 54aabb14-4a7d-4ab3-adbe-2e67760b87f4@group-7E32184879DE-FollowerState was interrupted: java.lang.InterruptedException: sleep interrupted
2019-10-18 11:25:11,199 [grpc-default-executor-1] INFO  impl.RoleInfo (RoleInfo.java:updateAndGet(143)) - 54aabb14-4a7d-4ab3-adbe-2e67760b87f4: start FollowerState
2019-10-18 11:25:11,223 [f535bb4a-cba0-4f9b-9e3e-e4a48b3eda51@group-7E32184879DE-LeaderElection364] INFO  impl.LeaderElection (LeaderElection.java:logAndReturn(56)) - f535bb4a-cba0-4f9b-9e3e-e4a48b3eda51@group-7E32184879DE-LeaderElection364: Election REJECTED; received 2 response(s) [f535bb4a-cba0-4f9b-9e3e-e4a48b3eda51<-54aabb14-4a7d-4ab3-adbe-2e67760b87f4#0:FAIL-t429, f535bb4a-cba0-4f9b-9e3e-e4a48b3eda51<-c652e2ee-3322-4406-8db6-1ea643cb3197#0:FAIL-t429] and 0 exception(s); f535bb4a-cba0-4f9b-9e3e-e4a48b3eda51@group-7E32184879DE:t429, leader=null, voted=f535bb4a-cba0-4f9b-9e3e-e4a48b3eda51, raftlog=f535bb4a-cba0-4f9b-9e3e-e4a48b3eda51@group-7E32184879DE-SegmentedRaftLog:OPENED:c-1,f-1,i0, conf=-1: [f535bb4a-cba0-4f9b-9e3e-e4a48b3eda51:0.0.0.0:44706, 54aabb14-4a7d-4ab3-adbe-2e67760b87f4:0.0.0.0:43074, c652e2ee-3322-4406-8db6-1ea643cb3197:0.0.0.0:42129], old=null
2019-10-18 11:25:11,223 [f535bb4a-cba0-4f9b-9e3e-e4a48b3eda51@group-7E32184879DE-LeaderElection364] INFO  impl.RaftServerImpl (RaftServerImpl.java:setRole(184)) - f535bb4a-cba0-4f9b-9e3e-e4a48b3eda51@group-7E32184879DE: changes role from CANDIDATE to FOLLOWER at term 429 for DISCOVERED_A_NEW_TERM
2019-10-18 11:25:11,223 [f535bb4a-cba0-4f9b-9e3e-e4a48b3eda51@group-7E32184879DE-LeaderElection364] INFO  impl.RoleInfo (RoleInfo.java:shutdownLeaderElection(134)) - f535bb4a-cba0-4f9b-9e3e-e4a48b3eda51: shutdown LeaderElection
2019-10-18 11:25:11,223 [f535bb4a-cba0-4f9b-9e3e-e4a48b3eda51@group-7E32184879DE-LeaderElection364] INFO  impl.RoleInfo (RoleInfo.java:updateAndGet(143)) - f535bb4a-cba0-4f9b-9e3e-e4a48b3eda51: start FollowerState
2019-10-18 11:25:11,396 [Thread-2595] INFO  impl.FollowerState (FollowerState.java:run(108)) - f535bb4a-cba0-4f9b-9e3e-e4a48b3eda51@group-7E32184879DE-FollowerState: change to CANDIDATE, lastRpcTime:173ms, electionTimeout:173ms
2019-10-18 11:25:11,396 [Thread-2595] INFO  impl.RoleInfo (RoleInfo.java:shutdownFollowerState(121)) - f535bb4a-cba0-4f9b-9e3e-e4a48b3eda51: shutdown FollowerState
2019-10-18 11:25:11,397 [Thread-2595] INFO  impl.RaftServerImpl (RaftServerImpl.java:setRole(184)) - f535bb4a-cba0-4f9b-9e3e-e4a48b3eda51@group-7E32184879DE: changes role from  FOLLOWER to CANDIDATE at term 429 for changeToCandidate
2019-10-18 11:25:11,397 [Thread-2595] INFO  impl.RoleInfo (RoleInfo.java:updateAndGet(143)) - f535bb4a-cba0-4f9b-9e3e-e4a48b3eda51: start LeaderElection
2019-10-18 11:25:11,423 [f535bb4a-cba0-4f9b-9e3e-e4a48b3eda51@group-7E32184879DE-LeaderElection365] INFO  impl.LeaderElection (LeaderElection.java:askForVotes(178)) - f535bb4a-cba0-4f9b-9e3e-e4a48b3eda51@group-7E32184879DE-LeaderElection365: begin an election at term 430 for -1: [f535bb4a-cba0-4f9b-9e3e-e4a48b3eda51:0.0.0.0:44706, 54aabb14-4a7d-4ab3-adbe-2e67760b87f4:0.0.0.0:43074, c652e2ee-3322-4406-8db6-1ea643cb3197:0.0.0.0:42129], old=null
2019-10-18 11:25:11,424 [grpc-default-executor-1] INFO  impl.RaftServerImpl (RaftServerImpl.java:setRole(184)) - 54aabb14-4a7d-4ab3-adbe-2e67760b87f4@group-7E32184879DE: changes role from  FOLLOWER to FOLLOWER at term 430 for recognizeCandidate:f535bb4a-cba0-4f9b-9e3e-e4a48b3eda51
2019-10-18 11:25:11,424 [grpc-default-executor-1] INFO  impl.RoleInfo (RoleInfo.java:shutdownFollowerState(121)) - 54aabb14-4a7d-4ab3-adbe-2e67760b87f4: shutdown FollowerState
2019-10-18 11:25:11,425 [grpc-default-executor-0] INFO  impl.RaftServerImpl (RaftServerImpl.java:setRole(184)) - c652e2ee-3322-4406-8db6-1ea643cb3197@group-7E32184879DE: changes role from  FOLLOWER to FOLLOWER at term 430 for recognizeCandidate:f535bb4a-cba0-4f9b-9e3e-e4a48b3eda51
2019-10-18 11:25:11,425 [grpc-default-executor-0] INFO  impl.RoleInfo (RoleInfo.java:shutdownFollowerState(121)) - c652e2ee-3322-4406-8db6-1ea643cb3197: shutdown FollowerState
2019-10-18 11:25:11,425 [Thread-2594] INFO  impl.FollowerState (FollowerState.java:run(117)) - 54aabb14-4a7d-4ab3-adbe-2e67760b87f4@group-7E32184879DE-FollowerState was interrupted: java.lang.InterruptedException: sleep interrupted
2019-10-18 11:25:11,425 [grpc-default-executor-1] INFO  impl.RoleInfo (RoleInfo.java:updateAndGet(143)) - 54aabb14-4a7d-4ab3-adbe-2e67760b87f4: start FollowerState
2019-10-18 11:25:11,425 [grpc-default-executor-0] INFO  impl.RoleInfo (RoleInfo.java:updateAndGet(143)) - c652e2ee-3322-4406-8db6-1ea643cb3197: start FollowerState
2019-10-18 11:25:11,425 [Thread-2593] INFO  impl.FollowerState (FollowerState.java:run(117)) - c652e2ee-3322-4406-8db6-1ea643cb3197@group-7E32184879DE-FollowerState was interrupted: java.lang.InterruptedException: sleep interrupted
2019-10-18 11:25:11,449 [f535bb4a-cba0-4f9b-9e3e-e4a48b3eda51@group-7E32184879DE-LeaderElection365] INFO  impl.LeaderElection (LeaderElection.java:logAndReturn(56)) - f535bb4a-cba0-4f9b-9e3e-e4a48b3eda51@group-7E32184879DE-LeaderElection365: Election REJECTED; received 2 response(s) [f535bb4a-cba0-4f9b-9e3e-e4a48b3eda51<-54aabb14-4a7d-4ab3-adbe-2e67760b87f4#0:FAIL-t430, f535bb4a-cba0-4f9b-9e3e-e4a48b3eda51<-c652e2ee-3322-4406-8db6-1ea643cb3197#0:FAIL-t430] and 0 exception(s); f535bb4a-cba0-4f9b-9e3e-e4a48b3eda51@group-7E32184879DE:t430, leader=null, voted=f535bb4a-cba0-4f9b-9e3e-e4a48b3eda51, raftlog=f535bb4a-cba0-4f9b-9e3e-e4a48b3eda51@group-7E32184879DE-SegmentedRaftLog:OPENED:c-1,f-1,i0, conf=-1: [f535bb4a-cba0-4f9b-9e3e-e4a48b3eda51:0.0.0.0:44706, 54aabb14-4a7d-4ab3-adbe-2e67760b87f4:0.0.0.0:43074, c652e2ee-3322-4406-8db6-1ea643cb3197:0.0.0.0:42129], old=null
2019-10-18 11:25:11,449 [f535bb4a-cba0-4f9b-9e3e-e4a48b3eda51@group-7E32184879DE-LeaderElection365] INFO  impl.RaftServerImpl (RaftServerImpl.java:setRole(184)) - f535bb4a-cba0-4f9b-9e3e-e4a48b3eda51@group-7E32184879DE: changes role from CANDIDATE to FOLLOWER at term 430 for DISCOVERED_A_NEW_TERM
2019-10-18 11:25:11,449 [f535bb4a-cba0-4f9b-9e3e-e4a48b3eda51@group-7E32184879DE-LeaderElection365] INFO  impl.RoleInfo (RoleInfo.java:shutdownLeaderElection(134)) - f535bb4a-cba0-4f9b-9e3e-e4a48b3eda51: shutdown LeaderElection
2019-10-18 11:25:11,449 [f535bb4a-cba0-4f9b-9e3e-e4a48b3eda51@group-7E32184879DE-LeaderElection365] INFO  impl.RoleInfo (RoleInfo.java:updateAndGet(143)) - f535bb4a-cba0-4f9b-9e3e-e4a48b3eda51: start FollowerState
2019-10-18 11:25:11,578 [Thread-2601] INFO  impl.FollowerState (FollowerState.java:run(108)) - f535bb4a-cba0-4f9b-9e3e-e4a48b3eda51@group-7E32184879DE-FollowerState: change to CANDIDATE, lastRpcTime:129ms, electionTimeout:129ms
2019-10-18 11:25:11,579 [Thread-2601] INFO  impl.RoleInfo (RoleInfo.java:shutdownFollowerState(121)) - f535bb4a-cba0-4f9b-9e3e-e4a48b3eda51: shutdown FollowerState
2019-10-18 11:25:11,579 [Thread-2601] INFO  impl.RaftServerImpl (RaftServerImpl.java:setRole(184)) - f535bb4a-cba0-4f9b-9e3e-e4a48b3eda51@group-7E32184879DE: changes role from  FOLLOWER to CANDIDATE at term 430 for changeToCandidate
2019-10-18 11:25:11,579 [Thread-2601] INFO  impl.RoleInfo (RoleInfo.java:updateAndGet(143)) - f535bb4a-cba0-4f9b-9e3e-e4a48b3eda51: start LeaderElection
2019-10-18 11:25:11,607 [f535bb4a-cba0-4f9b-9e3e-e4a48b3eda51@group-7E32184879DE-LeaderElection366] INFO  impl.LeaderElection (LeaderElection.java:askForVotes(178)) - f535bb4a-cba0-4f9b-9e3e-e4a48b3eda51@group-7E32184879DE-LeaderElection366: begin an election at term 431 for -1: [f535bb4a-cba0-4f9b-9e3e-e4a48b3eda51:0.0.0.0:44706, 54aabb14-4a7d-4ab3-adbe-2e67760b87f4:0.0.0.0:43074, c652e2ee-3322-4406-8db6-1ea643cb3197:0.0.0.0:42129], old=null
2019-10-18 11:25:11,609 [grpc-default-executor-0] INFO  impl.RaftServerImpl (RaftServerImpl.java:setRole(184)) - 54aabb14-4a7d-4ab3-adbe-2e67760b87f4@group-7E32184879DE: changes role from  FOLLOWER to FOLLOWER at term 431 for recognizeCandidate:f535bb4a-cba0-4f9b-9e3e-e4a48b3eda51
2019-10-18 11:25:11,609 [grpc-default-executor-0] INFO  impl.RoleInfo (RoleInfo.java:shutdownFollowerState(121)) - 54aabb14-4a7d-4ab3-adbe-2e67760b87f4: shutdown FollowerState
2019-10-18 11:25:11,609 [grpc-default-executor-3] INFO  impl.RaftServerImpl (RaftServerImpl.java:setRole(184)) - c652e2ee-3322-4406-8db6-1ea643cb3197@group-7E32184879DE: changes role from  FOLLOWER to FOLLOWER at term 431 for recognizeCandidate:f535bb4a-cba0-4f9b-9e3e-e4a48b3eda51
2019-10-18 11:25:11,609 [Thread-2599] INFO  impl.FollowerState (FollowerState.java:run(117)) - 54aabb14-4a7d-4ab3-adbe-2e67760b87f4@group-7E32184879DE-FollowerState was interrupted: java.lang.InterruptedException: sleep interrupted
2019-10-18 11:25:11,609 [grpc-default-executor-0] INFO  impl.RoleInfo (RoleInfo.java:updateAndGet(143)) - 54aabb14-4a7d-4ab3-adbe-2e67760b87f4: start FollowerState
2019-10-18 11:25:11,609 [grpc-default-executor-3] INFO  impl.RoleInfo (RoleInfo.java:shutdownFollowerState(121)) - c652e2ee-3322-4406-8db6-1ea643cb3197: shutdown FollowerState
2019-10-18 11:25:11,610 [grpc-default-executor-3] INFO  impl.RoleInfo (RoleInfo.java:updateAndGet(143)) - c652e2ee-3322-4406-8db6-1ea643cb3197: start FollowerState
2019-10-18 11:25:11,610 [Thread-2600] INFO  impl.FollowerState (FollowerState.java:run(117)) - c652e2ee-3322-4406-8db6-1ea643cb3197@group-7E32184879DE-FollowerState was interrupted: java.lang.InterruptedException: sleep interrupted
2019-10-18 11:25:11,616 [f535bb4a-cba0-4f9b-9e3e-e4a48b3eda51@group-7E32184879DE-LeaderElection366] INFO  impl.LeaderElection (LeaderElection.java:logAndReturn(56)) - f535bb4a-cba0-4f9b-9e3e-e4a48b3eda51@group-7E32184879DE-LeaderElection366: Election TIMEOUT; received 0 response(s) [] and 0 exception(s); f535bb4a-cba0-4f9b-9e3e-e4a48b3eda51@group-7E32184879DE:t431, leader=null, voted=f535bb4a-cba0-4f9b-9e3e-e4a48b3eda51, raftlog=f535bb4a-cba0-4f9b-9e3e-e4a48b3eda51@group-7E32184879DE-SegmentedRaftLog:OPENED:c-1,f-1,i0, conf=-1: [f535bb4a-cba0-4f9b-9e3e-e4a48b3eda51:0.0.0.0:44706, 54aabb14-4a7d-4ab3-adbe-2e67760b87f4:0.0.0.0:43074, c652e2ee-3322-4406-8db6-1ea643cb3197:0.0.0.0:42129], old=null
2019-10-18 11:25:11,632 [f535bb4a-cba0-4f9b-9e3e-e4a48b3eda51@group-7E32184879DE-LeaderElection366] INFO  impl.LeaderElection (LeaderElection.java:askForVotes(178)) - f535bb4a-cba0-4f9b-9e3e-e4a48b3eda51@group-7E32184879DE-LeaderElection366: begin an election at term 432 for -1: [f535bb4a-cba0-4f9b-9e3e-e4a48b3eda51:0.0.0.0:44706, 54aabb14-4a7d-4ab3-adbe-2e67760b87f4:0.0.0.0:43074, c652e2ee-3322-4406-8db6-1ea643cb3197:0.0.0.0:42129], old=null
2019-10-18 11:25:11,633 [grpc-default-executor-3] INFO  impl.RaftServerImpl (RaftServerImpl.java:setRole(184)) - 54aabb14-4a7d-4ab3-adbe-2e67760b87f4@group-7E32184879DE: changes role from  FOLLOWER to FOLLOWER at term 432 for recognizeCandidate:f535bb4a-cba0-4f9b-9e3e-e4a48b3eda51
2019-10-18 11:25:11,633 [grpc-default-executor-3] INFO  impl.RoleInfo (RoleInfo.java:shutdownFollowerState(121)) - 54aabb14-4a7d-4ab3-adbe-2e67760b87f4: shutdown FollowerState
2019-10-18 11:25:11,633 [grpc-default-executor-3] INFO  impl.RoleInfo (RoleInfo.java:updateAndGet(143)) - 54aabb14-4a7d-4ab3-adbe-2e67760b87f4: start FollowerState
2019-10-18 11:25:11,633 [Thread-2607] INFO  impl.FollowerState (FollowerState.java:run(117)) - 54aabb14-4a7d-4ab3-adbe-2e67760b87f4@group-7E32184879DE-FollowerState was interrupted: java.lang.InterruptedException: sleep interrupted
2019-10-18 11:25:11,634 [grpc-default-executor-0] INFO  impl.RaftServerImpl (RaftServerImpl.java:setRole(184)) - c652e2ee-3322-4406-8db6-1ea643cb3197@group-7E32184879DE: changes role from  FOLLOWER to FOLLOWER at term 432 for recognizeCandidate:f535bb4a-cba0-4f9b-9e3e-e4a48b3eda51
2019-10-18 11:25:11,634 [grpc-default-executor-0] INFO  impl.RoleInfo (RoleInfo.java:shutdownFollowerState(121)) - c652e2ee-3322-4406-8db6-1ea643cb3197: shutdown FollowerState
2019-10-18 11:25:11,634 [grpc-default-executor-0] INFO  impl.RoleInfo (RoleInfo.java:updateAndGet(143)) - c652e2ee-3322-4406-8db6-1ea643cb3197: start FollowerState
2019-10-18 11:25:11,634 [Thread-2608] INFO  impl.FollowerState (FollowerState.java:run(117)) - c652e2ee-3322-4406-8db6-1ea643cb3197@group-7E32184879DE-FollowerState was interrupted: java.lang.InterruptedException: sleep interrupted
2019-10-18 11:25:11,650 [f535bb4a-cba0-4f9b-9e3e-e4a48b3eda51@group-7E32184879DE-LeaderElection366] INFO  impl.LeaderElection (LeaderElection.java:logAndReturn(56)) - f535bb4a-cba0-4f9b-9e3e-e4a48b3eda51@group-7E32184879DE-LeaderElection366: Election REJECTED; received 2 response(s) [f535bb4a-cba0-4f9b-9e3e-e4a48b3eda51<-54aabb14-4a7d-4ab3-adbe-2e67760b87f4#0:FAIL-t432, f535bb4a-cba0-4f9b-9e3e-e4a48b3eda51<-c652e2ee-3322-4406-8db6-1ea643cb3197#0:FAIL-t432] and 0 exception(s); f535bb4a-cba0-4f9b-9e3e-e4a48b3eda51@group-7E32184879DE:t432, leader=null, voted=f535bb4a-cba0-4f9b-9e3e-e4a48b3eda51, raftlog=f535bb4a-cba0-4f9b-9e3e-e4a48b3eda51@group-7E32184879DE-SegmentedRaftLog:OPENED:c-1,f-1,i0, conf=-1: [f535bb4a-cba0-4f9b-9e3e-e4a48b3eda51:0.0.0.0:44706, 54aabb14-4a7d-4ab3-adbe-2e67760b87f4:0.0.0.0:43074, c652e2ee-3322-4406-8db6-1ea643cb3197:0.0.0.0:42129], old=null
2019-10-18 11:25:11,650 [f535bb4a-cba0-4f9b-9e3e-e4a48b3eda51@group-7E32184879DE-LeaderElection366] INFO  impl.RaftServerImpl (RaftServerImpl.java:setRole(184)) - f535bb4a-cba0-4f9b-9e3e-e4a48b3eda51@group-7E32184879DE: changes role from CANDIDATE to FOLLOWER at term 432 for DISCOVERED_A_NEW_TERM
2019-10-18 11:25:11,650 [f535bb4a-cba0-4f9b-9e3e-e4a48b3eda51@group-7E32184879DE-LeaderElection366] INFO  impl.RoleInfo (RoleInfo.java:shutdownLeaderElection(134)) - f535bb4a-cba0-4f9b-9e3e-e4a48b3eda51: shutdown LeaderElection
2019-10-18 11:25:11,650 [f535bb4a-cba0-4f9b-9e3e-e4a48b3eda51@group-7E32184879DE-LeaderElection366] INFO  impl.RoleInfo (RoleInfo.java:updateAndGet(143)) - f535bb4a-cba0-4f9b-9e3e-e4a48b3eda51: start FollowerState
2019-10-18 11:25:11,667 [Thread-2613] INFO  impl.FollowerState (FollowerState.java:run(108)) - f535bb4a-cba0-4f9b-9e3e-e4a48b3eda51@group-7E32184879DE-FollowerState: change to CANDIDATE, lastRpcTime:17ms, electionTimeout:17ms
2019-10-18 11:25:11,667 [Thread-2613] INFO  impl.RoleInfo (RoleInfo.java:shutdownFollowerState(121)) - f535bb4a-cba0-4f9b-9e3e-e4a48b3eda51: shutdown FollowerState
2019-10-18 11:25:11,668 [Thread-2613] INFO  impl.RaftServerImpl (RaftServerImpl.java:setRole(184)) - f535bb4a-cba0-4f9b-9e3e-e4a48b3eda51@group-7E32184879DE: changes role from  FOLLOWER to CANDIDATE at term 432 for changeToCandidate
2019-10-18 11:25:11,668 [Thread-2613] INFO  impl.RoleInfo (RoleInfo.java:updateAndGet(143)) - f535bb4a-cba0-4f9b-9e3e-e4a48b3eda51: start LeaderElection
2019-10-18 11:25:11,691 [f535bb4a-cba0-4f9b-9e3e-e4a48b3eda51@group-7E32184879DE-LeaderElection367] INFO  impl.LeaderElection (LeaderElection.java:askForVotes(178)) - f535bb4a-cba0-4f9b-9e3e-e4a48b3eda51@group-7E32184879DE-LeaderElection367: begin an election at term 433 for -1: [f535bb4a-cba0-4f9b-9e3e-e4a48b3eda51:0.0.0.0:44706, 54aabb14-4a7d-4ab3-adbe-2e67760b87f4:0.0.0.0:43074, c652e2ee-3322-4406-8db6-1ea643cb3197:0.0.0.0:42129], old=null
2019-10-18 11:25:11,692 [grpc-default-executor-0] INFO  impl.RaftServerImpl (RaftServerImpl.java:setRole(184)) - 54aabb14-4a7d-4ab3-adbe-2e67760b87f4@group-7E32184879DE: changes role from  FOLLOWER to FOLLOWER at term 433 for recognizeCandidate:f535bb4a-cba0-4f9b-9e3e-e4a48b3eda51
2019-10-18 11:25:11,693 [grpc-default-executor-3] INFO  impl.RaftServerImpl (RaftServerImpl.java:setRole(184)) - c652e2ee-3322-4406-8db6-1ea643cb3197@group-7E32184879DE: changes role from  FOLLOWER to FOLLOWER at term 433 for recognizeCandidate:f535bb4a-cba0-4f9b-9e3e-e4a48b3eda51
2019-10-18 11:25:11,693 [grpc-default-executor-0] INFO  impl.RoleInfo (RoleInfo.java:shutdownFollowerState(121)) - 54aabb14-4a7d-4ab3-adbe-2e67760b87f4: shutdown FollowerState
2019-10-18 11:25:11,693 [grpc-default-executor-3] INFO  impl.RoleInfo (RoleInfo.java:shutdownFollowerState(121)) - c652e2ee-3322-4406-8db6-1ea643cb3197: shutdown FollowerState
2019-10-18 11:25:11,693 [Thread-2611] INFO  impl.FollowerState (FollowerState.java:run(117)) - 54aabb14-4a7d-4ab3-adbe-2e67760b87f4@group-7E32184879DE-FollowerState was interrupted: java.lang.InterruptedException: sleep interrupted
2019-10-18 11:25:11,693 [grpc-default-executor-0] INFO  impl.RoleInfo (RoleInfo.java:updateAndGet(143)) - 54aabb14-4a7d-4ab3-adbe-2e67760b87f4: start FollowerState
2019-10-18 11:25:11,693 [Thread-2612] INFO  impl.FollowerState (FollowerState.java:run(117)) - c652e2ee-3322-4406-8db6-1ea643cb3197@group-7E32184879DE-FollowerState was interrupted: java.lang.InterruptedException: sleep interrupted
2019-10-18 11:25:11,693 [grpc-default-executor-3] INFO  impl.RoleInfo (RoleInfo.java:updateAndGet(143)) - c652e2ee-3322-4406-8db6-1ea643cb3197: start FollowerState
2019-10-18 11:25:11,717 [f535bb4a-cba0-4f9b-9e3e-e4a48b3eda51@group-7E32184879DE-LeaderElection367] INFO  impl.LeaderElection (LeaderElection.java:logAndReturn(56)) - f535bb4a-cba0-4f9b-9e3e-e4a48b3eda51@group-7E32184879DE-LeaderElection367: Election REJECTED; received 2 response(s) [f535bb4a-cba0-4f9b-9e3e-e4a48b3eda51<-54aabb14-4a7d-4ab3-adbe-2e67760b87f4#0:FAIL-t433, f535bb4a-cba0-4f9b-9e3e-e4a48b3eda51<-c652e2ee-3322-4406-8db6-1ea643cb3197#0:FAIL-t433] and 0 exception(s); f535bb4a-cba0-4f9b-9e3e-e4a48b3eda51@group-7E32184879DE:t433, leader=null, voted=f535bb4a-cba0-4f9b-9e3e-e4a48b3eda51, raftlog=f535bb4a-cba0-4f9b-9e3e-e4a48b3eda51@group-7E32184879DE-SegmentedRaftLog:OPENED:c-1,f-1,i0, conf=-1: [f535bb4a-cba0-4f9b-9e3e-e4a48b3eda51:0.0.0.0:44706, 54aabb14-4a7d-4ab3-adbe-2e67760b87f4:0.0.0.0:43074, c652e2ee-3322-4406-8db6-1ea643cb3197:0.0.0.0:42129], old=null
2019-10-18 11:25:11,717 [f535bb4a-cba0-4f9b-9e3e-e4a48b3eda51@group-7E32184879DE-LeaderElection367] INFO  impl.RaftServerImpl (RaftServerImpl.java:setRole(184)) - f535bb4a-cba0-4f9b-9e3e-e4a48b3eda51@group-7E32184879DE: changes role from CANDIDATE to FOLLOWER at term 433 for DISCOVERED_A_NEW_TERM
2019-10-18 11:25:11,717 [f535bb4a-cba0-4f9b-9e3e-e4a48b3eda51@group-7E32184879DE-LeaderElection367] INFO  impl.RoleInfo (RoleInfo.java:shutdownLeaderElection(134)) - f535bb4a-cba0-4f9b-9e3e-e4a48b3eda51: shutdown LeaderElection
2019-10-18 11:25:11,717 [f535bb4a-cba0-4f9b-9e3e-e4a48b3eda51@group-7E32184879DE-LeaderElection367] INFO  impl.RoleInfo (RoleInfo.java:updateAndGet(143)) - f535bb4a-cba0-4f9b-9e3e-e4a48b3eda51: start FollowerState
2019-10-18 11:25:11,717 [Thread-2619] INFO  impl.FollowerState (FollowerState.java:run(108)) - f535bb4a-cba0-4f9b-9e3e-e4a48b3eda51@group-7E32184879DE-FollowerState: change to CANDIDATE, lastRpcTime:0ms, electionTimeout:0ms
2019-10-18 11:25:11,717 [Thread-2619] INFO  impl.RoleInfo (RoleInfo.java:shutdownFollowerState(121)) - f535bb4a-cba0-4f9b-9e3e-e4a48b3eda51: shutdown FollowerState
2019-10-18 11:25:11,718 [Thread-2619] INFO  impl.RaftServerImpl (RaftServerImpl.java:setRole(184)) - f535bb4a-cba0-4f9b-9e3e-e4a48b3eda51@group-7E32184879DE: changes role from  FOLLOWER to CANDIDATE at term 433 for changeToCandidate
2019-10-18 11:25:11,718 [Thread-2619] INFO  impl.RoleInfo (RoleInfo.java:updateAndGet(143)) - f535bb4a-cba0-4f9b-9e3e-e4a48b3eda51: start LeaderElection
2019-10-18 11:25:11,742 [f535bb4a-cba0-4f9b-9e3e-e4a48b3eda51@group-7E32184879DE-LeaderElection368] INFO  impl.LeaderElection (LeaderElection.java:askForVotes(178)) - f535bb4a-cba0-4f9b-9e3e-e4a48b3eda51@group-7E32184879DE-LeaderElection368: begin an election at term 434 for -1: [f535bb4a-cba0-4f9b-9e3e-e4a48b3eda51:0.0.0.0:44706, 54aabb14-4a7d-4ab3-adbe-2e67760b87f4:0.0.0.0:43074, c652e2ee-3322-4406-8db6-1ea643cb3197:0.0.0.0:42129], old=null
2019-10-18 11:25:11,743 [grpc-default-executor-0] INFO  impl.RaftServerImpl (RaftServerImpl.java:setRole(184)) - 54aabb14-4a7d-4ab3-adbe-2e67760b87f4@group-7E32184879DE: changes role from  FOLLOWER to FOLLOWER at term 434 for recognizeCandidate:f535bb4a-cba0-4f9b-9e3e-e4a48b3eda51
2019-10-18 11:25:11,743 [grpc-default-executor-3] INFO  impl.RaftServerImpl (RaftServerImpl.java:setRole(184)) - c652e2ee-3322-4406-8db6-1ea643cb3197@group-7E32184879DE: changes role from  FOLLOWER to FOLLOWER at term 434 for recognizeCandidate:f535bb4a-cba0-4f9b-9e3e-e4a48b3eda51
2019-10-18 11:25:11,743 [grpc-default-executor-3] INFO  impl.RoleInfo (RoleInfo.java:shutdownFollowerState(121)) - c652e2ee-3322-4406-8db6-1ea643cb3197: shutdown FollowerState
2019-10-18 11:25:11,743 [grpc-default-executor-0] INFO  impl.RoleInfo (RoleInfo.java:shutdownFollowerState(121)) - 54aabb14-4a7d-4ab3-adbe-2e67760b87f4: shutdown FollowerState
2019-10-18 11:25:11,744 [Thread-2618] INFO  impl.FollowerState (FollowerState.java:run(117)) - c652e2ee-3322-4406-8db6-1ea643cb3197@group-7E32184879DE-FollowerState was interrupted: java.lang.InterruptedException: sleep interrupted
2019-10-18 11:25:11,744 [grpc-default-executor-3] INFO  impl.RoleInfo (RoleInfo.java:updateAndGet(143)) - c652e2ee-3322-4406-8db6-1ea643cb3197: start FollowerState
2019-10-18 11:25:11,744 [Thread-2617] INFO  impl.FollowerState (FollowerState.java:run(117)) - 54aabb14-4a7d-4ab3-adbe-2e67760b87f4@group-7E32184879DE-FollowerState was interrupted: java.lang.InterruptedException: sleep interrupted
2019-10-18 11:25:11,744 [grpc-default-executor-0] INFO  impl.RoleInfo (RoleInfo.java:updateAndGet(143)) - 54aabb14-4a7d-4ab3-adbe-2e67760b87f4: start FollowerState
2019-10-18 11:25:11,768 [f535bb4a-cba0-4f9b-9e3e-e4a48b3eda51@group-7E32184879DE-LeaderElection368] INFO  impl.LeaderElection (LeaderElection.java:logAndReturn(56)) - f535bb4a-cba0-4f9b-9e3e-e4a48b3eda51@group-7E32184879DE-LeaderElection368: Election REJECTED; received 2 response(s) [f535bb4a-cba0-4f9b-9e3e-e4a48b3eda51<-54aabb14-4a7d-4ab3-adbe-2e67760b87f4#0:FAIL-t434, f535bb4a-cba0-4f9b-9e3e-e4a48b3eda51<-c652e2ee-3322-4406-8db6-1ea643cb3197#0:FAIL-t434] and 0 exception(s); f535bb4a-cba0-4f9b-9e3e-e4a48b3eda51@group-7E32184879DE:t434, leader=null, voted=f535bb4a-cba0-4f9b-9e3e-e4a48b3eda51, raftlog=f535bb4a-cba0-4f9b-9e3e-e4a48b3eda51@group-7E32184879DE-SegmentedRaftLog:OPENED:c-1,f-1,i0, conf=-1: [f535bb4a-cba0-4f9b-9e3e-e4a48b3eda51:0.0.0.0:44706, 54aabb14-4a7d-4ab3-adbe-2e67760b87f4:0.0.0.0:43074, c652e2ee-3322-4406-8db6-1ea643cb3197:0.0.0.0:42129], old=null
2019-10-18 11:25:11,768 [f535bb4a-cba0-4f9b-9e3e-e4a48b3eda51@group-7E32184879DE-LeaderElection368] INFO  impl.RaftServerImpl (RaftServerImpl.java:setRole(184)) - f535bb4a-cba0-4f9b-9e3e-e4a48b3eda51@group-7E32184879DE: changes role from CANDIDATE to FOLLOWER at term 434 for DISCOVERED_A_NEW_TERM
2019-10-18 11:25:11,768 [f535bb4a-cba0-4f9b-9e3e-e4a48b3eda51@group-7E32184879DE-LeaderElection368] INFO  impl.RoleInfo (RoleInfo.java:shutdownLeaderElection(134)) - f535bb4a-cba0-4f9b-9e3e-e4a48b3eda51: shutdown LeaderElection
2019-10-18 11:25:11,768 [f535bb4a-cba0-4f9b-9e3e-e4a48b3eda51@group-7E32184879DE-LeaderElection368] INFO  impl.RoleInfo (RoleInfo.java:updateAndGet(143)) - f535bb4a-cba0-4f9b-9e3e-e4a48b3eda51: start FollowerState
2019-10-18 11:25:11,855 [Thread-2625] INFO  impl.FollowerState (FollowerState.java:run(108)) - f535bb4a-cba0-4f9b-9e3e-e4a48b3eda51@group-7E32184879DE-FollowerState: change to CANDIDATE, lastRpcTime:87ms, electionTimeout:87ms
2019-10-18 11:25:11,855 [Thread-2625] INFO  impl.RoleInfo (RoleInfo.java:shutdownFollowerState(121)) - f535bb4a-cba0-4f9b-9e3e-e4a48b3eda51: shutdown FollowerState
2019-10-18 11:25:11,856 [Thread-2625] INFO  impl.RaftServerImpl (RaftServerImpl.java:setRole(184)) - f535bb4a-cba0-4f9b-9e3e-e4a48b3eda51@group-7E32184879DE: changes role from  FOLLOWER to CANDIDATE at term 434 for changeToCandidate
2019-10-18 11:25:11,856 [Thread-2625] INFO  impl.RoleInfo (RoleInfo.java:updateAndGet(143)) - f535bb4a-cba0-4f9b-9e3e-e4a48b3eda51: start LeaderElection
2019-10-18 11:25:11,884 [f535bb4a-cba0-4f9b-9e3e-e4a48b3eda51@group-7E32184879DE-LeaderElection369] INFO  impl.LeaderElection (LeaderElection.java:askForVotes(178)) - f535bb4a-cba0-4f9b-9e3e-e4a48b3eda51@group-7E32184879DE-LeaderElection369: begin an election at term 435 for -1: [f535bb4a-cba0-4f9b-9e3e-e4a48b3eda51:0.0.0.0:44706, 54aabb14-4a7d-4ab3-adbe-2e67760b87f4:0.0.0.0:43074, c652e2ee-3322-4406-8db6-1ea643cb3197:0.0.0.0:42129], old=null
2019-10-18 11:25:11,886 [grpc-default-executor-0] INFO  impl.RaftServerImpl (RaftServerImpl.java:setRole(184)) - 54aabb14-4a7d-4ab3-adbe-2e67760b87f4@group-7E32184879DE: changes role from  FOLLOWER to FOLLOWER at term 435 for recognizeCandidate:f535bb4a-cba0-4f9b-9e3e-e4a48b3eda51
2019-10-18 11:25:11,886 [grpc-default-executor-0] INFO  impl.RoleInfo (RoleInfo.java:shutdownFollowerState(121)) - 54aabb14-4a7d-4ab3-adbe-2e67760b87f4: shutdown FollowerState
2019-10-18 11:25:11,886 [grpc-default-executor-3] INFO  impl.RaftServerImpl (RaftServerImpl.java:setRole(184)) - c652e2ee-3322-4406-8db6-1ea643cb3197@group-7E32184879DE: changes role from  FOLLOWER to FOLLOWER at term 435 for recognizeCandidate:f535bb4a-cba0-4f9b-9e3e-e4a48b3eda51
2019-10-18 11:25:11,887 [grpc-default-executor-3] INFO  impl.RoleInfo (RoleInfo.java:shutdownFollowerState(121)) - c652e2ee-3322-4406-8db6-1ea643cb3197: shutdown FollowerState
2019-10-18 11:25:11,886 [Thread-2624] INFO  impl.FollowerState (FollowerState.java:run(117)) - 54aabb14-4a7d-4ab3-adbe-2e67760b87f4@group-7E32184879DE-FollowerState was interrupted: java.lang.InterruptedException: sleep interrupted
2019-10-18 11:25:11,886 [grpc-default-executor-0] INFO  impl.RoleInfo (RoleInfo.java:updateAndGet(143)) - 54aabb14-4a7d-4ab3-adbe-2e67760b87f4: start FollowerState
2019-10-18 11:25:11,887 [Thread-2623] INFO  impl.FollowerState (FollowerState.java:run(117)) - c652e2ee-3322-4406-8db6-1ea643cb3197@group-7E32184879DE-FollowerState was interrupted: java.lang.InterruptedException: sleep interrupted
2019-10-18 11:25:11,887 [grpc-default-executor-3] INFO  impl.RoleInfo (RoleInfo.java:updateAndGet(143)) - c652e2ee-3322-4406-8db6-1ea643cb3197: start FollowerState
2019-10-18 11:25:11,910 [f535bb4a-cba0-4f9b-9e3e-e4a48b3eda51@group-7E32184879DE-LeaderElection369] INFO  impl.LeaderElection (LeaderElection.java:logAndReturn(56)) - f535bb4a-cba0-4f9b-9e3e-e4a48b3eda51@group-7E32184879DE-LeaderElection369: Election REJECTED; received 2 response(s) [f535bb4a-cba0-4f9b-9e3e-e4a48b3eda51<-54aabb14-4a7d-4ab3-adbe-2e67760b87f4#0:FAIL-t435, f535bb4a-cba0-4f9b-9e3e-e4a48b3eda51<-c652e2ee-3322-4406-8db6-1ea643cb3197#0:FAIL-t435] and 0 exception(s); f535bb4a-cba0-4f9b-9e3e-e4a48b3eda51@group-7E32184879DE:t435, leader=null, voted=f535bb4a-cba0-4f9b-9e3e-e4a48b3eda51, raftlog=f535bb4a-cba0-4f9b-9e3e-e4a48b3eda51@group-7E32184879DE-SegmentedRaftLog:OPENED:c-1,f-1,i0, conf=-1: [f535bb4a-cba0-4f9b-9e3e-e4a48b3eda51:0.0.0.0:44706, 54aabb14-4a7d-4ab3-adbe-2e67760b87f4:0.0.0.0:43074, c652e2ee-3322-4406-8db6-1ea643cb3197:0.0.0.0:42129], old=null
2019-10-18 11:25:11,910 [f535bb4a-cba0-4f9b-9e3e-e4a48b3eda51@group-7E32184879DE-LeaderElection369] INFO  impl.RaftServerImpl (RaftServerImpl.java:setRole(184)) - f535bb4a-cba0-4f9b-9e3e-e4a48b3eda51@group-7E32184879DE: changes role from CANDIDATE to FOLLOWER at term 435 for DISCOVERED_A_NEW_TERM
2019-10-18 11:25:11,911 [f535bb4a-cba0-4f9b-9e3e-e4a48b3eda51@group-7E32184879DE-LeaderElection369] INFO  impl.RoleInfo (RoleInfo.java:shutdownLeaderElection(134)) - f535bb4a-cba0-4f9b-9e3e-e4a48b3eda51: shutdown LeaderElection
2019-10-18 11:25:11,911 [f535bb4a-cba0-4f9b-9e3e-e4a48b3eda51@group-7E32184879DE-LeaderElection369] INFO  impl.RoleInfo (RoleInfo.java:updateAndGet(143)) - f535bb4a-cba0-4f9b-9e3e-e4a48b3eda51: start FollowerState
2019-10-18 11:25:12,029 [Thread-2631] INFO  impl.FollowerState (FollowerState.java:run(108)) - f535bb4a-cba0-4f9b-9e3e-e4a48b3eda51@group-7E32184879DE-FollowerState: change to CANDIDATE, lastRpcTime:118ms, electionTimeout:118ms
2019-10-18 11:25:12,030 [Thread-2631] INFO  impl.RoleInfo (RoleInfo.java:shutdownFollowerState(121)) - f535bb4a-cba0-4f9b-9e3e-e4a48b3eda51: shutdown FollowerState
2019-10-18 11:25:12,030 [Thread-2631] INFO  impl.RaftServerImpl (RaftServerImpl.java:setRole(184)) - f535bb4a-cba0-4f9b-9e3e-e4a48b3eda51@group-7E32184879DE: changes role from  FOLLOWER to CANDIDATE at term 435 for changeToCandidate
2019-10-18 11:25:12,030 [Thread-2631] INFO  impl.RoleInfo (RoleInfo.java:updateAndGet(143)) - f535bb4a-cba0-4f9b-9e3e-e4a48b3eda51: start LeaderElection
2019-10-18 11:25:12,060 [f535bb4a-cba0-4f9b-9e3e-e4a48b3eda51@group-7E32184879DE-LeaderElection370] INFO  impl.LeaderElection (LeaderElection.java:askForVotes(178)) - f535bb4a-cba0-4f9b-9e3e-e4a48b3eda51@group-7E32184879DE-LeaderElection370: begin an election at term 436 for -1: [f535bb4a-cba0-4f9b-9e3e-e4a48b3eda51:0.0.0.0:44706, 54aabb14-4a7d-4ab3-adbe-2e67760b87f4:0.0.0.0:43074, c652e2ee-3322-4406-8db6-1ea643cb3197:0.0.0.0:42129], old=null
2019-10-18 11:25:12,061 [grpc-default-executor-0] INFO  impl.RaftServerImpl (RaftServerImpl.java:setRole(184)) - 54aabb14-4a7d-4ab3-adbe-2e67760b87f4@group-7E32184879DE: changes role from  FOLLOWER to FOLLOWER at term 436 for recognizeCandidate:f535bb4a-cba0-4f9b-9e3e-e4a48b3eda51
2019-10-18 11:25:12,061 [grpc-default-executor-3] INFO  impl.RaftServerImpl (RaftServerImpl.java:setRole(184)) - c652e2ee-3322-4406-8db6-1ea643cb3197@group-7E32184879DE: changes role from  FOLLOWER to FOLLOWER at term 436 for recognizeCandidate:f535bb4a-cba0-4f9b-9e3e-e4a48b3eda51
2019-10-18 11:25:12,062 [grpc-default-executor-3] INFO  impl.RoleInfo (RoleInfo.java:shutdownFollowerState(121)) - c652e2ee-3322-4406-8db6-1ea643cb3197: shutdown FollowerState
2019-10-18 11:25:12,061 [grpc-default-executor-0] INFO  impl.RoleInfo (RoleInfo.java:shutdownFollowerState(121)) - 54aabb14-4a7d-4ab3-adbe-2e67760b87f4: shutdown FollowerState
2019-10-18 11:25:12,062 [Thread-2630] INFO  impl.FollowerState (FollowerState.java:run(117)) - c652e2ee-3322-4406-8db6-1ea643cb3197@group-7E32184879DE-FollowerState was interrupted: java.lang.InterruptedException: sleep interrupted
2019-10-18 11:25:12,062 [grpc-default-executor-3] INFO  impl.RoleInfo (RoleInfo.java:updateAndGet(143)) - c652e2ee-3322-4406-8db6-1ea643cb3197: start FollowerState
2019-10-18 11:25:12,062 [Thread-2629] INFO  impl.FollowerState (FollowerState.java:run(117)) - 54aabb14-4a7d-4ab3-adbe-2e67760b87f4@group-7E32184879DE-FollowerState was interrupted: java.lang.InterruptedException: sleep interrupted
2019-10-18 11:25:12,062 [grpc-default-executor-0] INFO  impl.RoleInfo (RoleInfo.java:updateAndGet(143)) - 54aabb14-4a7d-4ab3-adbe-2e67760b87f4: start FollowerState
2019-10-18 11:25:12,086 [f535bb4a-cba0-4f9b-9e3e-e4a48b3eda51@group-7E32184879DE-LeaderElection370] INFO  impl.LeaderElection (LeaderElection.java:logAndReturn(56)) - f535bb4a-cba0-4f9b-9e3e-e4a48b3eda51@group-7E32184879DE-LeaderElection370: Election REJECTED; received 2 response(s) [f535bb4a-cba0-4f9b-9e3e-e4a48b3eda51<-54aabb14-4a7d-4ab3-adbe-2e67760b87f4#0:FAIL-t436, f535bb4a-cba0-4f9b-9e3e-e4a48b3eda51<-c652e2ee-3322-4406-8db6-1ea643cb3197#0:FAIL-t436] and 0 exception(s); f535bb4a-cba0-4f9b-9e3e-e4a48b3eda51@group-7E32184879DE:t436, leader=null, voted=f535bb4a-cba0-4f9b-9e3e-e4a48b3eda51, raftlog=f535bb4a-cba0-4f9b-9e3e-e4a48b3eda51@group-7E32184879DE-SegmentedRaftLog:OPENED:c-1,f-1,i0, conf=-1: [f535bb4a-cba0-4f9b-9e3e-e4a48b3eda51:0.0.0.0:44706, 54aabb14-4a7d-4ab3-adbe-2e67760b87f4:0.0.0.0:43074, c652e2ee-3322-4406-8db6-1ea643cb3197:0.0.0.0:42129], old=null
2019-10-18 11:25:12,086 [f535bb4a-cba0-4f9b-9e3e-e4a48b3eda51@group-7E32184879DE-LeaderElection370] INFO  impl.RaftServerImpl (RaftServerImpl.java:setRole(184)) - f535bb4a-cba0-4f9b-9e3e-e4a48b3eda51@group-7E32184879DE: changes role from CANDIDATE to FOLLOWER at term 436 for DISCOVERED_A_NEW_TERM
2019-10-18 11:25:12,086 [f535bb4a-cba0-4f9b-9e3e-e4a48b3eda51@group-7E32184879DE-LeaderElection370] INFO  impl.RoleInfo (RoleInfo.java:shutdownLeaderElection(134)) - f535bb4a-cba0-4f9b-9e3e-e4a48b3eda51: shutdown LeaderElection
2019-10-18 11:25:12,086 [f535bb4a-cba0-4f9b-9e3e-e4a48b3eda51@group-7E32184879DE-LeaderElection370] INFO  impl.RoleInfo (RoleInfo.java:updateAndGet(143)) - f535bb4a-cba0-4f9b-9e3e-e4a48b3eda51: start FollowerState
2019-10-18 11:25:12,219 [Thread-2637] INFO  impl.FollowerState (FollowerState.java:run(108)) - f535bb4a-cba0-4f9b-9e3e-e4a48b3eda51@group-7E32184879DE-FollowerState: change to CANDIDATE, lastRpcTime:133ms, electionTimeout:133ms
2019-10-18 11:25:12,220 [Thread-2637] INFO  impl.RoleInfo (RoleInfo.java:shutdownFollowerState(121)) - f535bb4a-cba0-4f9b-9e3e-e4a48b3eda51: shutdown FollowerState
2019-10-18 11:25:12,220 [Thread-2637] INFO  impl.RaftServerImpl (RaftServerImpl.java:setRole(184)) - f535bb4a-cba0-4f9b-9e3e-e4a48b3eda51@group-7E32184879DE: changes role from  FOLLOWER to CANDIDATE at term 436 for changeToCandidate
2019-10-18 11:25:12,220 [Thread-2637] INFO  impl.RoleInfo (RoleInfo.java:updateAndGet(143)) - f535bb4a-cba0-4f9b-9e3e-e4a48b3eda51: start LeaderElection
2019-10-18 11:25:12,244 [f535bb4a-cba0-4f9b-9e3e-e4a48b3eda51@group-7E32184879DE-LeaderElection371] INFO  impl.LeaderElection (LeaderElection.java:askForVotes(178)) - f535bb4a-cba0-4f9b-9e3e-e4a48b3eda51@group-7E32184879DE-LeaderElection371: begin an election at term 437 for -1: [f535bb4a-cba0-4f9b-9e3e-e4a48b3eda51:0.0.0.0:44706, 54aabb14-4a7d-4ab3-adbe-2e67760b87f4:0.0.0.0:43074, c652e2ee-3322-4406-8db6-1ea643cb3197:0.0.0.0:42129], old=null
2019-10-18 11:25:12,245 [grpc-default-executor-3] INFO  impl.RaftServerImpl (RaftServerImpl.java:setRole(184)) - 54aabb14-4a7d-4ab3-adbe-2e67760b87f4@group-7E32184879DE: changes role from  FOLLOWER to FOLLOWER at term 437 for recognizeCandidate:f535bb4a-cba0-4f9b-9e3e-e4a48b3eda51
2019-10-18 11:25:12,245 [grpc-default-executor-0] INFO  impl.RaftServerImpl (RaftServerImpl.java:setRole(184)) - c652e2ee-3322-4406-8db6-1ea643cb3197@group-7E32184879DE: changes role from  FOLLOWER to FOLLOWER at term 437 for recognizeCandidate:f535bb4a-cba0-4f9b-9e3e-e4a48b3eda51
2019-10-18 11:25:12,245 [grpc-default-executor-3] INFO  impl.RoleInfo (RoleInfo.java:shutdownFollowerState(121)) - 54aabb14-4a7d-4ab3-adbe-2e67760b87f4: shutdown FollowerState
2019-10-18 11:25:12,246 [grpc-default-executor-0] INFO  impl.RoleInfo (RoleInfo.java:shutdownFollowerState(121)) - c652e2ee-3322-4406-8db6-1ea643cb3197: shutdown FollowerState
2019-10-18 11:25:12,246 [Thread-2636] INFO  impl.FollowerState (FollowerState.java:run(117)) - 54aabb14-4a7d-4ab3-adbe-2e67760b87f4@group-7E32184879DE-FollowerState was interrupted: java.lang.InterruptedException: sleep interrupted
2019-10-18 11:25:12,246 [Thread-2635] INFO  impl.FollowerState (FollowerState.java:run(117)) - c652e2ee-3322-4406-8db6-1ea643cb3197@group-7E32184879DE-FollowerState was interrupted: java.lang.InterruptedException: sleep interrupted
2019-10-18 11:25:12,246 [grpc-default-executor-3] INFO  impl.RoleInfo (RoleInfo.java:updateAndGet(143)) - 54aabb14-4a7d-4ab3-adbe-2e67760b87f4: start FollowerState
2019-10-18 11:25:12,246 [grpc-default-executor-0] INFO  impl.RoleInfo (RoleInfo.java:updateAndGet(143)) - c652e2ee-3322-4406-8db6-1ea643cb3197: start FollowerState
2019-10-18 11:25:12,270 [f535bb4a-cba0-4f9b-9e3e-e4a48b3eda51@group-7E32184879DE-LeaderElection371] INFO  impl.LeaderElection (LeaderElection.java:logAndReturn(56)) - f535bb4a-cba0-4f9b-9e3e-e4a48b3eda51@group-7E32184879DE-LeaderElection371: Election REJECTED; received 2 response(s) [f535bb4a-cba0-4f9b-9e3e-e4a48b3eda51<-54aabb14-4a7d-4ab3-adbe-2e67760b87f4#0:FAIL-t437, f535bb4a-cba0-4f9b-9e3e-e4a48b3eda51<-c652e2ee-3322-4406-8db6-1ea643cb3197#0:FAIL-t437] and 0 exception(s); f535bb4a-cba0-4f9b-9e3e-e4a48b3eda51@group-7E32184879DE:t437, leader=null, voted=f535bb4a-cba0-4f9b-9e3e-e4a48b3eda51, raftlog=f535bb4a-cba0-4f9b-9e3e-e4a48b3eda51@group-7E32184879DE-SegmentedRaftLog:OPENED:c-1,f-1,i0, conf=-1: [f535bb4a-cba0-4f9b-9e3e-e4a48b3eda51:0.0.0.0:44706, 54aabb14-4a7d-4ab3-adbe-2e67760b87f4:0.0.0.0:43074, c652e2ee-3322-4406-8db6-1ea643cb3197:0.0.0.0:42129], old=null
2019-10-18 11:25:12,270 [f535bb4a-cba0-4f9b-9e3e-e4a48b3eda51@group-7E32184879DE-LeaderElection371] INFO  impl.RaftServerImpl (RaftServerImpl.java:setRole(184)) - f535bb4a-cba0-4f9b-9e3e-e4a48b3eda51@group-7E32184879DE: changes role from CANDIDATE to FOLLOWER at term 437 for DISCOVERED_A_NEW_TERM
2019-10-18 11:25:12,271 [f535bb4a-cba0-4f9b-9e3e-e4a48b3eda51@group-7E32184879DE-LeaderElection371] INFO  impl.RoleInfo (RoleInfo.java:shutdownLeaderElection(134)) - f535bb4a-cba0-4f9b-9e3e-e4a48b3eda51: shutdown LeaderElection
2019-10-18 11:25:12,271 [f535bb4a-cba0-4f9b-9e3e-e4a48b3eda51@group-7E32184879DE-LeaderElection371] INFO  impl.RoleInfo (RoleInfo.java:updateAndGet(143)) - f535bb4a-cba0-4f9b-9e3e-e4a48b3eda51: start FollowerState
2019-10-18 11:25:12,447 [Thread-2643] INFO  impl.FollowerState (FollowerState.java:run(108)) - f535bb4a-cba0-4f9b-9e3e-e4a48b3eda51@group-7E32184879DE-FollowerState: change to CANDIDATE, lastRpcTime:176ms, electionTimeout:176ms
2019-10-18 11:25:12,447 [Thread-2643] INFO  impl.RoleInfo (RoleInfo.java:shutdownFollowerState(121)) - f535bb4a-cba0-4f9b-9e3e-e4a48b3eda51: shutdown FollowerState
2019-10-18 11:25:12,447 [Thread-2643] INFO  impl.RaftServerImpl (RaftServerImpl.java:setRole(184)) - f535bb4a-cba0-4f9b-9e3e-e4a48b3eda51@group-7E32184879DE: changes role from  FOLLOWER to CANDIDATE at term 437 for changeToCandidate
2019-10-18 11:25:12,448 [Thread-2643] INFO  impl.RoleInfo (RoleInfo.java:updateAndGet(143)) - f535bb4a-cba0-4f9b-9e3e-e4a48b3eda51: start LeaderElection
2019-10-18 11:25:12,478 [f535bb4a-cba0-4f9b-9e3e-e4a48b3eda51@group-7E32184879DE-LeaderElection372] INFO  impl.LeaderElection (LeaderElection.java:askForVotes(178)) - f535bb4a-cba0-4f9b-9e3e-e4a48b3eda51@group-7E32184879DE-LeaderElection372: begin an election at term 438 for -1: [f535bb4a-cba0-4f9b-9e3e-e4a48b3eda51:0.0.0.0:44706, 54aabb14-4a7d-4ab3-adbe-2e67760b87f4:0.0.0.0:43074, c652e2ee-3322-4406-8db6-1ea643cb3197:0.0.0.0:42129], old=null
2019-10-18 11:25:12,479 [grpc-default-executor-0] INFO  impl.RaftServerImpl (RaftServerImpl.java:setRole(184)) - 54aabb14-4a7d-4ab3-adbe-2e67760b87f4@group-7E32184879DE: changes role from  FOLLOWER to FOLLOWER at term 438 for recognizeCandidate:f535bb4a-cba0-4f9b-9e3e-e4a48b3eda51
2019-10-18 11:25:12,479 [grpc-default-executor-0] INFO  impl.RoleInfo (RoleInfo.java:shutdownFollowerState(121)) - 54aabb14-4a7d-4ab3-adbe-2e67760b87f4: shutdown FollowerState
2019-10-18 11:25:12,480 [grpc-default-executor-0] INFO  impl.RoleInfo (RoleInfo.java:updateAndGet(143)) - 54aabb14-4a7d-4ab3-adbe-2e67760b87f4: start FollowerState
2019-10-18 11:25:12,480 [Thread-2641] INFO  impl.FollowerState (FollowerState.java:run(117)) - 54aabb14-4a7d-4ab3-adbe-2e67760b87f4@group-7E32184879DE-FollowerState was interrupted: java.lang.InterruptedException: sleep interrupted
2019-10-18 11:25:12,480 [grpc-default-executor-3] INFO  impl.RaftServerImpl (RaftServerImpl.java:setRole(184)) - c652e2ee-3322-4406-8db6-1ea643cb3197@group-7E32184879DE: changes role from  FOLLOWER to FOLLOWER at term 438 for recognizeCandidate:f535bb4a-cba0-4f9b-9e3e-e4a48b3eda51
2019-10-18 11:25:12,480 [grpc-default-executor-3] INFO  impl.RoleInfo (RoleInfo.java:shutdownFollowerState(121)) - c652e2ee-3322-4406-8db6-1ea643cb3197: shutdown FollowerState
2019-10-18 11:25:12,480 [grpc-default-executor-3] INFO  impl.RoleInfo (RoleInfo.java:updateAndGet(143)) - c652e2ee-3322-4406-8db6-1ea643cb3197: start FollowerState
2019-10-18 11:25:12,480 [Thread-2642] INFO  impl.FollowerState (FollowerState.java:run(117)) - c652e2ee-3322-4406-8db6-1ea643cb3197@group-7E32184879DE-FollowerState was interrupted: java.lang.InterruptedException: sleep interrupted
2019-10-18 11:25:12,505 [f535bb4a-cba0-4f9b-9e3e-e4a48b3eda51@group-7E32184879DE-LeaderElection372] INFO  impl.LeaderElection (LeaderElection.java:logAndReturn(56)) - f535bb4a-cba0-4f9b-9e3e-e4a48b3eda51@group-7E32184879DE-LeaderElection372: Election REJECTED; received 2 response(s) [f535bb4a-cba0-4f9b-9e3e-e4a48b3eda51<-54aabb14-4a7d-4ab3-adbe-2e67760b87f4#0:FAIL-t438, f535bb4a-cba0-4f9b-9e3e-e4a48b3eda51<-c652e2ee-3322-4406-8db6-1ea643cb3197#0:FAIL-t438] and 0 exception(s); f535bb4a-cba0-4f9b-9e3e-e4a48b3eda51@group-7E32184879DE:t438, leader=null, voted=f535bb4a-cba0-4f9b-9e3e-e4a48b3eda51, raftlog=f535bb4a-cba0-4f9b-9e3e-e4a48b3eda51@group-7E32184879DE-SegmentedRaftLog:OPENED:c-1,f-1,i0, conf=-1: [f535bb4a-cba0-4f9b-9e3e-e4a48b3eda51:0.0.0.0:44706, 54aabb14-4a7d-4ab3-adbe-2e67760b87f4:0.0.0.0:43074, c652e2ee-3322-4406-8db6-1ea643cb3197:0.0.0.0:42129], old=null
2019-10-18 11:25:12,505 [f535bb4a-cba0-4f9b-9e3e-e4a48b3eda51@group-7E32184879DE-LeaderElection372] INFO  impl.RaftServerImpl (RaftServerImpl.java:setRole(184)) - f535bb4a-cba0-4f9b-9e3e-e4a48b3eda51@group-7E32184879DE: changes role from CANDIDATE to FOLLOWER at term 438 for DISCOVERED_A_NEW_TERM
2019-10-18 11:25:12,505 [f535bb4a-cba0-4f9b-9e3e-e4a48b3eda51@group-7E32184879DE-LeaderElection372] INFO  impl.RoleInfo (RoleInfo.java:shutdownLeaderElection(134)) - f535bb4a-cba0-4f9b-9e3e-e4a48b3eda51: shutdown LeaderElection
2019-10-18 11:25:12,505 [f535bb4a-cba0-4f9b-9e3e-e4a48b3eda51@group-7E32184879DE-LeaderElection372] INFO  impl.RoleInfo (RoleInfo.java:updateAndGet(143)) - f535bb4a-cba0-4f9b-9e3e-e4a48b3eda51: start FollowerState
2019-10-18 11:25:12,585 [Thread-2651] INFO  impl.FollowerState (FollowerState.java:run(108)) - f535bb4a-cba0-4f9b-9e3e-e4a48b3eda51@group-7E32184879DE-FollowerState: change to CANDIDATE, lastRpcTime:79ms, electionTimeout:79ms
2019-10-18 11:25:12,585 [Thread-2651] INFO  impl.RoleInfo (RoleInfo.java:shutdownFollowerState(121)) - f535bb4a-cba0-4f9b-9e3e-e4a48b3eda51: shutdown FollowerState
2019-10-18 11:25:12,585 [Thread-2651] INFO  impl.RaftServerImpl (RaftServerImpl.java:setRole(184)) - f535bb4a-cba0-4f9b-9e3e-e4a48b3eda51@group-7E32184879DE: changes role from  FOLLOWER to CANDIDATE at term 438 for changeToCandidate
2019-10-18 11:25:12,585 [Thread-2651] INFO  impl.RoleInfo (RoleInfo.java:updateAndGet(143)) - f535bb4a-cba0-4f9b-9e3e-e4a48b3eda51: start LeaderElection
2019-10-18 11:25:12,613 [f535bb4a-cba0-4f9b-9e3e-e4a48b3eda51@group-7E32184879DE-LeaderElection373] INFO  impl.LeaderElection (LeaderElection.java:askForVotes(178)) - f535bb4a-cba0-4f9b-9e3e-e4a48b3eda51@group-7E32184879DE-LeaderElection373: begin an election at term 439 for -1: [f535bb4a-cba0-4f9b-9e3e-e4a48b3eda51:0.0.0.0:44706, 54aabb14-4a7d-4ab3-adbe-2e67760b87f4:0.0.0.0:43074, c652e2ee-3322-4406-8db6-1ea643cb3197:0.0.0.0:42129], old=null
2019-10-18 11:25:12,615 [grpc-default-executor-3] INFO  impl.RaftServerImpl (RaftServerImpl.java:setRole(184)) - c652e2ee-3322-4406-8db6-1ea643cb3197@group-7E32184879DE: changes role from  FOLLOWER to FOLLOWER at term 439 for recognizeCandidate:f535bb4a-cba0-4f9b-9e3e-e4a48b3eda51
2019-10-18 11:25:12,615 [grpc-default-executor-3] INFO  impl.RoleInfo (RoleInfo.java:shutdownFollowerState(121)) - c652e2ee-3322-4406-8db6-1ea643cb3197: shutdown FollowerState
2019-10-18 11:25:12,615 [grpc-default-executor-0] INFO  impl.RaftServerImpl (RaftServerImpl.java:setRole(184)) - 54aabb14-4a7d-4ab3-adbe-2e67760b87f4@group-7E32184879DE: changes role from  FOLLOWER to FOLLOWER at term 439 for recognizeCandidate:f535bb4a-cba0-4f9b-9e3e-e4a48b3eda51
2019-10-18 11:25:12,616 [Thread-2650] INFO  impl.FollowerState (FollowerState.java:run(117)) - c652e2ee-3322-4406-8db6-1ea643cb3197@group-7E32184879DE-FollowerState was interrupted: java.lang.InterruptedException: sleep interrupted
2019-10-18 11:25:12,615 [grpc-default-executor-3] INFO  impl.RoleInfo (RoleInfo.java:updateAndGet(143)) - c652e2ee-3322-4406-8db6-1ea643cb3197: start FollowerState
2019-10-18 11:25:12,616 [grpc-default-executor-0] INFO  impl.RoleInfo (RoleInfo.java:shutdownFollowerState(121)) - 54aabb14-4a7d-4ab3-adbe-2e67760b87f4: shutdown FollowerState
2019-10-18 11:25:12,616 [grpc-default-executor-0] INFO  impl.RoleInfo (RoleInfo.java:updateAndGet(143)) - 54aabb14-4a7d-4ab3-adbe-2e67760b87f4: start FollowerState
2019-10-18 11:25:12,616 [Thread-2649] INFO  impl.FollowerState (FollowerState.java:run(117)) - 54aabb14-4a7d-4ab3-adbe-2e67760b87f4@group-7E32184879DE-FollowerState was interrupted: java.lang.InterruptedException: sleep interrupted
2019-10-18 11:25:12,639 [f535bb4a-cba0-4f9b-9e3e-e4a48b3eda51@group-7E32184879DE-LeaderElection373] INFO  impl.LeaderElection (LeaderElection.java:logAndReturn(56)) - f535bb4a-cba0-4f9b-9e3e-e4a48b3eda51@group-7E32184879DE-LeaderElection373: Election REJECTED; received 2 response(s) [f535bb4a-cba0-4f9b-9e3e-e4a48b3eda51<-54aabb14-4a7d-4ab3-adbe-2e67760b87f4#0:FAIL-t439, f535bb4a-cba0-4f9b-9e3e-e4a48b3eda51<-c652e2ee-3322-4406-8db6-1ea643cb3197#0:FAIL-t439] and 0 exception(s); f535bb4a-cba0-4f9b-9e3e-e4a48b3eda51@group-7E32184879DE:t439, leader=null, voted=f535bb4a-cba0-4f9b-9e3e-e4a48b3eda51, raftlog=f535bb4a-cba0-4f9b-9e3e-e4a48b3eda51@group-7E32184879DE-SegmentedRaftLog:OPENED:c-1,f-1,i0, conf=-1: [f535bb4a-cba0-4f9b-9e3e-e4a48b3eda51:0.0.0.0:44706, 54aabb14-4a7d-4ab3-adbe-2e67760b87f4:0.0.0.0:43074, c652e2ee-3322-4406-8db6-1ea643cb3197:0.0.0.0:42129], old=null
2019-10-18 11:25:12,639 [f535bb4a-cba0-4f9b-9e3e-e4a48b3eda51@group-7E32184879DE-LeaderElection373] INFO  impl.RaftServerImpl (RaftServerImpl.java:setRole(184)) - f535bb4a-cba0-4f9b-9e3e-e4a48b3eda51@group-7E32184879DE: changes role from CANDIDATE to FOLLOWER at term 439 for DISCOVERED_A_NEW_TERM
2019-10-18 11:25:12,640 [f535bb4a-cba0-4f9b-9e3e-e4a48b3eda51@group-7E32184879DE-LeaderElection373] INFO  impl.RoleInfo (RoleInfo.java:shutdownLeaderElection(134)) - f535bb4a-cba0-4f9b-9e3e-e4a48b3eda51: shutdown LeaderElection
2019-10-18 11:25:12,640 [f535bb4a-cba0-4f9b-9e3e-e4a48b3eda51@group-7E32184879DE-LeaderElection373] INFO  impl.RoleInfo (RoleInfo.java:updateAndGet(143)) - f535bb4a-cba0-4f9b-9e3e-e4a48b3eda51: start FollowerState
2019-10-18 11:25:12,733 [Thread-2657] INFO  impl.FollowerState (FollowerState.java:run(108)) - f535bb4a-cba0-4f9b-9e3e-e4a48b3eda51@group-7E32184879DE-FollowerState: change to CANDIDATE, lastRpcTime:93ms, electionTimeout:93ms
2019-10-18 11:25:12,733 [Thread-2657] INFO  impl.RoleInfo (RoleInfo.java:shutdownFollowerState(121)) - f535bb4a-cba0-4f9b-9e3e-e4a48b3eda51: shutdown FollowerState
2019-10-18 11:25:12,733 [Thread-2657] INFO  impl.RaftServerImpl (RaftServerImpl.java:setRole(184)) - f535bb4a-cba0-4f9b-9e3e-e4a48b3eda51@group-7E32184879DE: changes role from  FOLLOWER to CANDIDATE at term 439 for changeToCandidate
2019-10-18 11:25:12,733 [Thread-2657] INFO  impl.RoleInfo (RoleInfo.java:updateAndGet(143)) - f535bb4a-cba0-4f9b-9e3e-e4a48b3eda51: start LeaderElection
2019-10-18 11:25:12,755 [f535bb4a-cba0-4f9b-9e3e-e4a48b3eda51@group-7E32184879DE-LeaderElection374] INFO  impl.LeaderElection (LeaderElection.java:askForVotes(178)) - f535bb4a-cba0-4f9b-9e3e-e4a48b3eda51@group-7E32184879DE-LeaderElection374: begin an election at term 440 for -1: [f535bb4a-cba0-4f9b-9e3e-e4a48b3eda51:0.0.0.0:44706, 54aabb14-4a7d-4ab3-adbe-2e67760b87f4:0.0.0.0:43074, c652e2ee-3322-4406-8db6-1ea643cb3197:0.0.0.0:42129], old=null
2019-10-18 11:25:12,757 [grpc-default-executor-0] INFO  impl.RaftServerImpl (RaftServerImpl.java:setRole(184)) - 54aabb14-4a7d-4ab3-adbe-2e67760b87f4@group-7E32184879DE: changes role from  FOLLOWER to FOLLOWER at term 440 for recognizeCandidate:f535bb4a-cba0-4f9b-9e3e-e4a48b3eda51
2019-10-18 11:25:12,757 [grpc-default-executor-0] INFO  impl.RoleInfo (RoleInfo.java:shutdownFollowerState(121)) - 54aabb14-4a7d-4ab3-adbe-2e67760b87f4: shutdown FollowerState
2019-10-18 11:25:12,757 [grpc-default-executor-3] INFO  impl.RaftServerImpl (RaftServerImpl.java:setRole(184)) - c652e2ee-3322-4406-8db6-1ea643cb3197@group-7E32184879DE: changes role from  FOLLOWER to FOLLOWER at term 440 for recognizeCandidate:f535bb4a-cba0-4f9b-9e3e-e4a48b3eda51
2019-10-18 11:25:12,757 [grpc-default-executor-3] INFO  impl.RoleInfo (RoleInfo.java:shutdownFollowerState(121)) - c652e2ee-3322-4406-8db6-1ea643cb3197: shutdown FollowerState
2019-10-18 11:25:12,757 [f535bb4a-cba0-4f9b-9e3e-e4a48b3eda51@group-7E32184879DE-LeaderElection374] INFO  impl.LeaderElection (LeaderElection.java:logAndReturn(56)) - f535bb4a-cba0-4f9b-9e3e-e4a48b3eda51@group-7E32184879DE-LeaderElection374: Election TIMEOUT; received 0 response(s) [] and 0 exception(s); f535bb4a-cba0-4f9b-9e3e-e4a48b3eda51@group-7E32184879DE:t440, leader=null, voted=f535bb4a-cba0-4f9b-9e3e-e4a48b3eda51, raftlog=f535bb4a-cba0-4f9b-9e3e-e4a48b3eda51@group-7E32184879DE-SegmentedRaftLog:OPENED:c-1,f-1,i0, conf=-1: [f535bb4a-cba0-4f9b-9e3e-e4a48b3eda51:0.0.0.0:44706, 54aabb14-4a7d-4ab3-adbe-2e67760b87f4:0.0.0.0:43074, c652e2ee-3322-4406-8db6-1ea643cb3197:0.0.0.0:42129], old=null
2019-10-18 11:25:12,757 [Thread-2656] INFO  impl.FollowerState (FollowerState.java:run(117)) - 54aabb14-4a7d-4ab3-adbe-2e67760b87f4@group-7E32184879DE-FollowerState was interrupted: java.lang.InterruptedException: sleep interrupted
2019-10-18 11:25:12,757 [grpc-default-executor-0] INFO  impl.RoleInfo (RoleInfo.java:updateAndGet(143)) - 54aabb14-4a7d-4ab3-adbe-2e67760b87f4: start FollowerState
2019-10-18 11:25:12,757 [Thread-2655] INFO  impl.FollowerState (FollowerState.java:run(117)) - c652e2ee-3322-4406-8db6-1ea643cb3197@group-7E32184879DE-FollowerState was interrupted: java.lang.InterruptedException: sleep interrupted
2019-10-18 11:25:12,757 [grpc-default-executor-3] INFO  impl.RoleInfo (RoleInfo.java:updateAndGet(143)) - c652e2ee-3322-4406-8db6-1ea643cb3197: start FollowerState
2019-10-18 11:25:12,781 [f535bb4a-cba0-4f9b-9e3e-e4a48b3eda51@group-7E32184879DE-LeaderElection374] INFO  impl.LeaderElection (LeaderElection.java:askForVotes(178)) - f535bb4a-cba0-4f9b-9e3e-e4a48b3eda51@group-7E32184879DE-LeaderElection374: begin an election at term 441 for -1: [f535bb4a-cba0-4f9b-9e3e-e4a48b3eda51:0.0.0.0:44706, 54aabb14-4a7d-4ab3-adbe-2e67760b87f4:0.0.0.0:43074, c652e2ee-3322-4406-8db6-1ea643cb3197:0.0.0.0:42129], old=null
2019-10-18 11:25:12,782 [grpc-default-executor-3] INFO  impl.RaftServerImpl (RaftServerImpl.java:setRole(184)) - 54aabb14-4a7d-4ab3-adbe-2e67760b87f4@group-7E32184879DE: changes role from  FOLLOWER to FOLLOWER at term 441 for recognizeCandidate:f535bb4a-cba0-4f9b-9e3e-e4a48b3eda51
2019-10-18 11:25:12,782 [grpc-default-executor-3] INFO  impl.RoleInfo (RoleInfo.java:shutdownFollowerState(121)) - 54aabb14-4a7d-4ab3-adbe-2e67760b87f4: shutdown FollowerState
2019-10-18 11:25:12,782 [grpc-default-executor-0] INFO  impl.RaftServerImpl (RaftServerImpl.java:setRole(184)) - c652e2ee-3322-4406-8db6-1ea643cb3197@group-7E32184879DE: changes role from  FOLLOWER to FOLLOWER at term 441 for recognizeCandidate:f535bb4a-cba0-4f9b-9e3e-e4a48b3eda51
2019-10-18 11:25:12,782 [grpc-default-executor-3] INFO  impl.RoleInfo (RoleInfo.java:updateAndGet(143)) - 54aabb14-4a7d-4ab3-adbe-2e67760b87f4: start FollowerState
2019-10-18 11:25:12,783 [Thread-2661] INFO  impl.FollowerState (FollowerState.java:run(117)) - 54aabb14-4a7d-4ab3-adbe-2e67760b87f4@group-7E32184879DE-FollowerState was interrupted: java.lang.InterruptedException: sleep interrupted
2019-10-18 11:25:12,783 [grpc-default-executor-0] INFO  impl.RoleInfo (RoleInfo.java:shutdownFollowerState(121)) - c652e2ee-3322-4406-8db6-1ea643cb3197: shutdown FollowerState
2019-10-18 11:25:12,783 [grpc-default-executor-0] INFO  impl.RoleInfo (RoleInfo.java:updateAndGet(143)) - c652e2ee-3322-4406-8db6-1ea643cb3197: start FollowerState
2019-10-18 11:25:12,783 [Thread-2662] INFO  impl.FollowerState (FollowerState.java:run(117)) - c652e2ee-3322-4406-8db6-1ea643cb3197@group-7E32184879DE-FollowerState was interrupted: java.lang.InterruptedException: sleep interrupted
2019-10-18 11:25:12,807 [f535bb4a-cba0-4f9b-9e3e-e4a48b3eda51@group-7E32184879DE-LeaderElection374] INFO  impl.LeaderElection (LeaderElection.java:logAndReturn(56)) - f535bb4a-cba0-4f9b-9e3e-e4a48b3eda51@group-7E32184879DE-LeaderElection374: Election REJECTED; received 2 response(s) [f535bb4a-cba0-4f9b-9e3e-e4a48b3eda51<-54aabb14-4a7d-4ab3-adbe-2e67760b87f4#0:FAIL-t441, f535bb4a-cba0-4f9b-9e3e-e4a48b3eda51<-c652e2ee-3322-4406-8db6-1ea643cb3197#0:FAIL-t441] and 0 exception(s); f535bb4a-cba0-4f9b-9e3e-e4a48b3eda51@group-7E32184879DE:t441, leader=null, voted=f535bb4a-cba0-4f9b-9e3e-e4a48b3eda51, raftlog=f535bb4a-cba0-4f9b-9e3e-e4a48b3eda51@group-7E32184879DE-SegmentedRaftLog:OPENED:c-1,f-1,i0, conf=-1: [f535bb4a-cba0-4f9b-9e3e-e4a48b3eda51:0.0.0.0:44706, 54aabb14-4a7d-4ab3-adbe-2e67760b87f4:0.0.0.0:43074, c652e2ee-3322-4406-8db6-1ea643cb3197:0.0.0.0:42129], old=null
2019-10-18 11:25:12,807 [f535bb4a-cba0-4f9b-9e3e-e4a48b3eda51@group-7E32184879DE-LeaderElection374] INFO  impl.RaftServerImpl (RaftServerImpl.java:setRole(184)) - f535bb4a-cba0-4f9b-9e3e-e4a48b3eda51@group-7E32184879DE: changes role from CANDIDATE to FOLLOWER at term 441 for DISCOVERED_A_NEW_TERM
2019-10-18 11:25:12,807 [f535bb4a-cba0-4f9b-9e3e-e4a48b3eda51@group-7E32184879DE-LeaderElection374] INFO  impl.RoleInfo (RoleInfo.java:shutdownLeaderElection(134)) - f535bb4a-cba0-4f9b-9e3e-e4a48b3eda51: shutdown LeaderElection
2019-10-18 11:25:12,807 [f535bb4a-cba0-4f9b-9e3e-e4a48b3eda51@group-7E32184879DE-LeaderElection374] INFO  impl.RoleInfo (RoleInfo.java:updateAndGet(143)) - f535bb4a-cba0-4f9b-9e3e-e4a48b3eda51: start FollowerState
2019-10-18 11:25:12,910 [Thread-2667] INFO  impl.FollowerState (FollowerState.java:run(108)) - f535bb4a-cba0-4f9b-9e3e-e4a48b3eda51@group-7E32184879DE-FollowerState: change to CANDIDATE, lastRpcTime:102ms, electionTimeout:102ms
2019-10-18 11:25:12,910 [Thread-2667] INFO  impl.RoleInfo (RoleInfo.java:shutdownFollowerState(121)) - f535bb4a-cba0-4f9b-9e3e-e4a48b3eda51: shutdown FollowerState
2019-10-18 11:25:12,910 [Thread-2667] INFO  impl.RaftServerImpl (RaftServerImpl.java:setRole(184)) - f535bb4a-cba0-4f9b-9e3e-e4a48b3eda51@group-7E32184879DE: changes role from  FOLLOWER to CANDIDATE at term 441 for changeToCandidate
2019-10-18 11:25:12,910 [Thread-2667] INFO  impl.RoleInfo (RoleInfo.java:updateAndGet(143)) - f535bb4a-cba0-4f9b-9e3e-e4a48b3eda51: start LeaderElection
2019-10-18 11:25:12,948 [f535bb4a-cba0-4f9b-9e3e-e4a48b3eda51@group-7E32184879DE-LeaderElection375] INFO  impl.LeaderElection (LeaderElection.java:askForVotes(178)) - f535bb4a-cba0-4f9b-9e3e-e4a48b3eda51@group-7E32184879DE-LeaderElection375: begin an election at term 442 for -1: [f535bb4a-cba0-4f9b-9e3e-e4a48b3eda51:0.0.0.0:44706, 54aabb14-4a7d-4ab3-adbe-2e67760b87f4:0.0.0.0:43074, c652e2ee-3322-4406-8db6-1ea643cb3197:0.0.0.0:42129], old=null
2019-10-18 11:25:12,950 [grpc-default-executor-0] INFO  impl.RaftServerImpl (RaftServerImpl.java:setRole(184)) - 54aabb14-4a7d-4ab3-adbe-2e67760b87f4@group-7E32184879DE: changes role from  FOLLOWER to FOLLOWER at term 442 for recognizeCandidate:f535bb4a-cba0-4f9b-9e3e-e4a48b3eda51
2019-10-18 11:25:12,950 [grpc-default-executor-0] INFO  impl.RoleInfo (RoleInfo.java:shutdownFollowerState(121)) - 54aabb14-4a7d-4ab3-adbe-2e67760b87f4: shutdown FollowerState
2019-10-18 11:25:12,950 [grpc-default-executor-3] INFO  impl.RaftServerImpl (RaftServerImpl.java:setRole(184)) - c652e2ee-3322-4406-8db6-1ea643cb3197@group-7E32184879DE: changes role from  FOLLOWER to FOLLOWER at term 442 for recognizeCandidate:f535bb4a-cba0-4f9b-9e3e-e4a48b3eda51
2019-10-18 11:25:12,950 [Thread-2665] INFO  impl.FollowerState (FollowerState.java:run(117)) - 54aabb14-4a7d-4ab3-adbe-2e67760b87f4@group-7E32184879DE-FollowerState was interrupted: java.lang.InterruptedException: sleep interrupted
2019-10-18 11:25:12,950 [grpc-default-executor-3] INFO  impl.RoleInfo (RoleInfo.java:shutdownFollowerState(121)) - c652e2ee-3322-4406-8db6-1ea643cb3197: shutdown FollowerState
2019-10-18 11:25:12,951 [grpc-default-executor-3] INFO  impl.RoleInfo (RoleInfo.java:updateAndGet(143)) - c652e2ee-3322-4406-8db6-1ea643cb3197: start FollowerState
2019-10-18 11:25:12,950 [grpc-default-executor-0] INFO  impl.RoleInfo (RoleInfo.java:updateAndGet(143)) - 54aabb14-4a7d-4ab3-adbe-2e67760b87f4: start FollowerState
2019-10-18 11:25:12,951 [Thread-2666] INFO  impl.FollowerState (FollowerState.java:run(117)) - c652e2ee-3322-4406-8db6-1ea643cb3197@group-7E32184879DE-FollowerState was interrupted: java.lang.InterruptedException: sleep interrupted
2019-10-18 11:25:12,974 [f535bb4a-cba0-4f9b-9e3e-e4a48b3eda51@group-7E32184879DE-LeaderElection375] INFO  impl.LeaderElection (LeaderElection.java:logAndReturn(56)) - f535bb4a-cba0-4f9b-9e3e-e4a48b3eda51@group-7E32184879DE-LeaderElection375: Election REJECTED; received 2 response(s) [f535bb4a-cba0-4f9b-9e3e-e4a48b3eda51<-54aabb14-4a7d-4ab3-adbe-2e67760b87f4#0:FAIL-t442, f535bb4a-cba0-4f9b-9e3e-e4a48b3eda51<-c652e2ee-3322-4406-8db6-1ea643cb3197#0:FAIL-t442] and 0 exception(s); f535bb4a-cba0-4f9b-9e3e-e4a48b3eda51@group-7E32184879DE:t442, leader=null, voted=f535bb4a-cba0-4f9b-9e3e-e4a48b3eda51, raftlog=f535bb4a-cba0-4f9b-9e3e-e4a48b3eda51@group-7E32184879DE-SegmentedRaftLog:OPENED:c-1,f-1,i0, conf=-1: [f535bb4a-cba0-4f9b-9e3e-e4a48b3eda51:0.0.0.0:44706, 54aabb14-4a7d-4ab3-adbe-2e67760b87f4:0.0.0.0:43074, c652e2ee-3322-4406-8db6-1ea643cb3197:0.0.0.0:42129], old=null
2019-10-18 11:25:12,974 [f535bb4a-cba0-4f9b-9e3e-e4a48b3eda51@group-7E32184879DE-LeaderElection375] INFO  impl.RaftServerImpl (RaftServerImpl.java:setRole(184)) - f535bb4a-cba0-4f9b-9e3e-e4a48b3eda51@group-7E32184879DE: changes role from CANDIDATE to FOLLOWER at term 442 for DISCOVERED_A_NEW_TERM
2019-10-18 11:25:12,975 [f535bb4a-cba0-4f9b-9e3e-e4a48b3eda51@group-7E32184879DE-LeaderElection375] INFO  impl.RoleInfo (RoleInfo.java:shutdownLeaderElection(134)) - f535bb4a-cba0-4f9b-9e3e-e4a48b3eda51: shutdown LeaderElection
2019-10-18 11:25:12,975 [f535bb4a-cba0-4f9b-9e3e-e4a48b3eda51@group-7E32184879DE-LeaderElection375] INFO  impl.RoleInfo (RoleInfo.java:updateAndGet(143)) - f535bb4a-cba0-4f9b-9e3e-e4a48b3eda51: start FollowerState
2019-10-18 11:25:13,164 [Thread-2673] INFO  impl.FollowerState (FollowerState.java:run(108)) - f535bb4a-cba0-4f9b-9e3e-e4a48b3eda51@group-7E32184879DE-FollowerState: change to CANDIDATE, lastRpcTime:189ms, electionTimeout:189ms
2019-10-18 11:25:13,164 [Thread-2673] INFO  impl.RoleInfo (RoleInfo.java:shutdownFollowerState(121)) - f535bb4a-cba0-4f9b-9e3e-e4a48b3eda51: shutdown FollowerState
2019-10-18 11:25:13,164 [Thread-2673] INFO  impl.RaftServerImpl (RaftServerImpl.java:setRole(184)) - f535bb4a-cba0-4f9b-9e3e-e4a48b3eda51@group-7E32184879DE: changes role from  FOLLOWER to CANDIDATE at term 442 for changeToCandidate
2019-10-18 11:25:13,165 [Thread-2673] INFO  impl.RoleInfo (RoleInfo.java:updateAndGet(143)) - f535bb4a-cba0-4f9b-9e3e-e4a48b3eda51: start LeaderElection
2019-10-18 11:25:13,199 [f535bb4a-cba0-4f9b-9e3e-e4a48b3eda51@group-7E32184879DE-LeaderElection376] INFO  impl.LeaderElection (LeaderElection.java:askForVotes(178)) - f535bb4a-cba0-4f9b-9e3e-e4a48b3eda51@group-7E32184879DE-LeaderElection376: begin an election at term 443 for -1: [f535bb4a-cba0-4f9b-9e3e-e4a48b3eda51:0.0.0.0:44706, 54aabb14-4a7d-4ab3-adbe-2e67760b87f4:0.0.0.0:43074, c652e2ee-3322-4406-8db6-1ea643cb3197:0.0.0.0:42129], old=null
2019-10-18 11:25:13,200 [grpc-default-executor-3] INFO  impl.RaftServerImpl (RaftServerImpl.java:setRole(184)) - 54aabb14-4a7d-4ab3-adbe-2e67760b87f4@group-7E32184879DE: changes role from  FOLLOWER to FOLLOWER at term 443 for recognizeCandidate:f535bb4a-cba0-4f9b-9e3e-e4a48b3eda51
2019-10-18 11:25:13,200 [grpc-default-executor-0] INFO  impl.RaftServerImpl (RaftServerImpl.java:setRole(184)) - c652e2ee-3322-4406-8db6-1ea643cb3197@group-7E32184879DE: changes role from  FOLLOWER to FOLLOWER at term 443 for recognizeCandidate:f535bb4a-cba0-4f9b-9e3e-e4a48b3eda51
2019-10-18 11:25:13,200 [grpc-default-executor-3] INFO  impl.RoleInfo (RoleInfo.java:shutdownFollowerState(121)) - 54aabb14-4a7d-4ab3-adbe-2e67760b87f4: shutdown FollowerState
2019-10-18 11:25:13,201 [grpc-default-executor-0] INFO  impl.RoleInfo (RoleInfo.java:shutdownFollowerState(121)) - c652e2ee-3322-4406-8db6-1ea643cb3197: shutdown FollowerState
2019-10-18 11:25:13,201 [Thread-2671] INFO  impl.FollowerState (FollowerState.java:run(117)) - 54aabb14-4a7d-4ab3-adbe-2e67760b87f4@group-7E32184879DE-FollowerState was interrupted: java.lang.InterruptedException: sleep interrupted
2019-10-18 11:25:13,201 [Thread-2672] INFO  impl.FollowerState (FollowerState.java:run(117)) - c652e2ee-3322-4406-8db6-1ea643cb3197@group-7E32184879DE-FollowerState was interrupted: java.lang.InterruptedException: sleep interrupted
2019-10-18 11:25:13,201 [grpc-default-executor-0] INFO  impl.RoleInfo (RoleInfo.java:updateAndGet(143)) - c652e2ee-3322-4406-8db6-1ea643cb3197: start FollowerState
2019-10-18 11:25:13,201 [grpc-default-executor-3] INFO  impl.RoleInfo (RoleInfo.java:updateAndGet(143)) - 54aabb14-4a7d-4ab3-adbe-2e67760b87f4: start FollowerState
2019-10-18 11:25:13,225 [f535bb4a-cba0-4f9b-9e3e-e4a48b3eda51@group-7E32184879DE-LeaderElection376] INFO  impl.LeaderElection (LeaderElection.java:logAndReturn(56)) - f535bb4a-cba0-4f9b-9e3e-e4a48b3eda51@group-7E32184879DE-LeaderElection376: Election REJECTED; received 2 response(s) [f535bb4a-cba0-4f9b-9e3e-e4a48b3eda51<-54aabb14-4a7d-4ab3-adbe-2e67760b87f4#0:FAIL-t443, f535bb4a-cba0-4f9b-9e3e-e4a48b3eda51<-c652e2ee-3322-4406-8db6-1ea643cb3197#0:FAIL-t443] and 0 exception(s); f535bb4a-cba0-4f9b-9e3e-e4a48b3eda51@group-7E32184879DE:t443, leader=null, voted=f535bb4a-cba0-4f9b-9e3e-e4a48b3eda51, raftlog=f535bb4a-cba0-4f9b-9e3e-e4a48b3eda51@group-7E32184879DE-SegmentedRaftLog:OPENED:c-1,f-1,i0, conf=-1: [f535bb4a-cba0-4f9b-9e3e-e4a48b3eda51:0.0.0.0:44706, 54aabb14-4a7d-4ab3-adbe-2e67760b87f4:0.0.0.0:43074, c652e2ee-3322-4406-8db6-1ea643cb3197:0.0.0.0:42129], old=null
2019-10-18 11:25:13,225 [f535bb4a-cba0-4f9b-9e3e-e4a48b3eda51@group-7E32184879DE-LeaderElection376] INFO  impl.RaftServerImpl (RaftServerImpl.java:setRole(184)) - f535bb4a-cba0-4f9b-9e3e-e4a48b3eda51@group-7E32184879DE: changes role from CANDIDATE to FOLLOWER at term 443 for DISCOVERED_A_NEW_TERM
2019-10-18 11:25:13,226 [f535bb4a-cba0-4f9b-9e3e-e4a48b3eda51@group-7E32184879DE-LeaderElection376] INFO  impl.RoleInfo (RoleInfo.java:shutdownLeaderElection(134)) - f535bb4a-cba0-4f9b-9e3e-e4a48b3eda51: shutdown LeaderElection
2019-10-18 11:25:13,226 [f535bb4a-cba0-4f9b-9e3e-e4a48b3eda51@group-7E32184879DE-LeaderElection376] INFO  impl.RoleInfo (RoleInfo.java:updateAndGet(143)) - f535bb4a-cba0-4f9b-9e3e-e4a48b3eda51: start FollowerState
2019-10-18 11:25:13,273 [Thread-2679] INFO  impl.FollowerState (FollowerState.java:run(108)) - f535bb4a-cba0-4f9b-9e3e-e4a48b3eda51@group-7E32184879DE-FollowerState: change to CANDIDATE, lastRpcTime:47ms, electionTimeout:47ms
2019-10-18 11:25:13,274 [Thread-2679] INFO  impl.RoleInfo (RoleInfo.java:shutdownFollowerState(121)) - f535bb4a-cba0-4f9b-9e3e-e4a48b3eda51: shutdown FollowerState
2019-10-18 11:25:13,274 [Thread-2679] INFO  impl.RaftServerImpl (RaftServerImpl.java:setRole(184)) - f535bb4a-cba0-4f9b-9e3e-e4a48b3eda51@group-7E32184879DE: changes role from  FOLLOWER to CANDIDATE at term 443 for changeToCandidate
2019-10-18 11:25:13,275 [Thread-2679] INFO  impl.RoleInfo (RoleInfo.java:updateAndGet(143)) - f535bb4a-cba0-4f9b-9e3e-e4a48b3eda51: start LeaderElection
2019-10-18 11:25:13,300 [f535bb4a-cba0-4f9b-9e3e-e4a48b3eda51@group-7E32184879DE-LeaderElection377] INFO  impl.LeaderElection (LeaderElection.java:askForVotes(178)) - f535bb4a-cba0-4f9b-9e3e-e4a48b3eda51@group-7E32184879DE-LeaderElection377: begin an election at term 444 for -1: [f535bb4a-cba0-4f9b-9e3e-e4a48b3eda51:0.0.0.0:44706, 54aabb14-4a7d-4ab3-adbe-2e67760b87f4:0.0.0.0:43074, c652e2ee-3322-4406-8db6-1ea643cb3197:0.0.0.0:42129], old=null
2019-10-18 11:25:13,305 [grpc-default-executor-3] INFO  impl.RaftServerImpl (RaftServerImpl.java:setRole(184)) - c652e2ee-3322-4406-8db6-1ea643cb3197@group-7E32184879DE: changes role from  FOLLOWER to FOLLOWER at term 444 for recognizeCandidate:f535bb4a-cba0-4f9b-9e3e-e4a48b3eda51
2019-10-18 11:25:13,305 [grpc-default-executor-0] INFO  impl.RaftServerImpl (RaftServerImpl.java:setRole(184)) - 54aabb14-4a7d-4ab3-adbe-2e67760b87f4@group-7E32184879DE: changes role from  FOLLOWER to FOLLOWER at term 444 for recognizeCandidate:f535bb4a-cba0-4f9b-9e3e-e4a48b3eda51
2019-10-18 11:25:13,305 [grpc-default-executor-3] INFO  impl.RoleInfo (RoleInfo.java:shutdownFollowerState(121)) - c652e2ee-3322-4406-8db6-1ea643cb3197: shutdown FollowerState
2019-10-18 11:25:13,305 [grpc-default-executor-0] INFO  impl.RoleInfo (RoleInfo.java:shutdownFollowerState(121)) - 54aabb14-4a7d-4ab3-adbe-2e67760b87f4: shutdown FollowerState
2019-10-18 11:25:13,305 [grpc-default-executor-3] INFO  impl.RoleInfo (RoleInfo.java:updateAndGet(143)) - c652e2ee-3322-4406-8db6-1ea643cb3197: start FollowerState
2019-10-18 11:25:13,306 [Thread-2677] INFO  impl.FollowerState (FollowerState.java:run(117)) - 54aabb14-4a7d-4ab3-adbe-2e67760b87f4@group-7E32184879DE-FollowerState was interrupted: java.lang.InterruptedException: sleep interrupted
2019-10-18 11:25:13,306 [grpc-default-executor-0] INFO  impl.RoleInfo (RoleInfo.java:updateAndGet(143)) - 54aabb14-4a7d-4ab3-adbe-2e67760b87f4: start FollowerState
2019-10-18 11:25:13,306 [Thread-2678] INFO  impl.FollowerState (FollowerState.java:run(117)) - c652e2ee-3322-4406-8db6-1ea643cb3197@group-7E32184879DE-FollowerState was interrupted: java.lang.InterruptedException: sleep interrupted
2019-10-18 11:25:13,327 [f535bb4a-cba0-4f9b-9e3e-e4a48b3eda51@group-7E32184879DE-LeaderElection377] INFO  impl.LeaderElection (LeaderElection.java:logAndReturn(56)) - f535bb4a-cba0-4f9b-9e3e-e4a48b3eda51@group-7E32184879DE-LeaderElection377: Election REJECTED; received 2 response(s) [f535bb4a-cba0-4f9b-9e3e-e4a48b3eda51<-54aabb14-4a7d-4ab3-adbe-2e67760b87f4#0:FAIL-t444, f535bb4a-cba0-4f9b-9e3e-e4a48b3eda51<-c652e2ee-3322-4406-8db6-1ea643cb3197#0:FAIL-t444] and 0 exception(s); f535bb4a-cba0-4f9b-9e3e-e4a48b3eda51@group-7E32184879DE:t444, leader=null, voted=f535bb4a-cba0-4f9b-9e3e-e4a48b3eda51, raftlog=f535bb4a-cba0-4f9b-9e3e-e4a48b3eda51@group-7E32184879DE-SegmentedRaftLog:OPENED:c-1,f-1,i0, conf=-1: [f535bb4a-cba0-4f9b-9e3e-e4a48b3eda51:0.0.0.0:44706, 54aabb14-4a7d-4ab3-adbe-2e67760b87f4:0.0.0.0:43074, c652e2ee-3322-4406-8db6-1ea643cb3197:0.0.0.0:42129], old=null
2019-10-18 11:25:13,327 [f535bb4a-cba0-4f9b-9e3e-e4a48b3eda51@group-7E32184879DE-LeaderElection377] INFO  impl.RaftServerImpl (RaftServerImpl.java:setRole(184)) - f535bb4a-cba0-4f9b-9e3e-e4a48b3eda51@group-7E32184879DE: changes role from CANDIDATE to FOLLOWER at term 444 for DISCOVERED_A_NEW_TERM
2019-10-18 11:25:13,327 [f535bb4a-cba0-4f9b-9e3e-e4a48b3eda51@group-7E32184879DE-LeaderElection377] INFO  impl.RoleInfo (RoleInfo.java:shutdownLeaderElection(134)) - f535bb4a-cba0-4f9b-9e3e-e4a48b3eda51: shutdown LeaderElection
2019-10-18 11:25:13,327 [f535bb4a-cba0-4f9b-9e3e-e4a48b3eda51@group-7E32184879DE-LeaderElection377] INFO  impl.RoleInfo (RoleInfo.java:updateAndGet(143)) - f535bb4a-cba0-4f9b-9e3e-e4a48b3eda51: start FollowerState
2019-10-18 11:25:13,357 [Thread-2685] INFO  impl.FollowerState (FollowerState.java:run(108)) - f535bb4a-cba0-4f9b-9e3e-e4a48b3eda51@group-7E32184879DE-FollowerState: change to CANDIDATE, lastRpcTime:29ms, electionTimeout:29ms
2019-10-18 11:25:13,357 [Thread-2685] INFO  impl.RoleInfo (RoleInfo.java:shutdownFollowerState(121)) - f535bb4a-cba0-4f9b-9e3e-e4a48b3eda51: shutdown FollowerState
2019-10-18 11:25:13,357 [Thread-2685] INFO  impl.RaftServerImpl (RaftServerImpl.java:setRole(184)) - f535bb4a-cba0-4f9b-9e3e-e4a48b3eda51@group-7E32184879DE: changes role from  FOLLOWER to CANDIDATE at term 444 for changeToCandidate
2019-10-18 11:25:13,357 [Thread-2685] INFO  impl.RoleInfo (RoleInfo.java:updateAndGet(143)) - f535bb4a-cba0-4f9b-9e3e-e4a48b3eda51: start LeaderElection
2019-10-18 11:25:13,384 [f535bb4a-cba0-4f9b-9e3e-e4a48b3eda51@group-7E32184879DE-LeaderElection378] INFO  impl.LeaderElection (LeaderElection.java:askForVotes(178)) - f535bb4a-cba0-4f9b-9e3e-e4a48b3eda51@group-7E32184879DE-LeaderElection378: begin an election at term 445 for -1: [f535bb4a-cba0-4f9b-9e3e-e4a48b3eda51:0.0.0.0:44706, 54aabb14-4a7d-4ab3-adbe-2e67760b87f4:0.0.0.0:43074, c652e2ee-3322-4406-8db6-1ea643cb3197:0.0.0.0:42129], old=null
2019-10-18 11:25:13,386 [grpc-default-executor-0] INFO  impl.RaftServerImpl (RaftServerImpl.java:setRole(184)) - 54aabb14-4a7d-4ab3-adbe-2e67760b87f4@group-7E32184879DE: changes role from  FOLLOWER to FOLLOWER at term 445 for recognizeCandidate:f535bb4a-cba0-4f9b-9e3e-e4a48b3eda51
2019-10-18 11:25:13,386 [grpc-default-executor-0] INFO  impl.RoleInfo (RoleInfo.java:shutdownFollowerState(121)) - 54aabb14-4a7d-4ab3-adbe-2e67760b87f4: shutdown FollowerState
2019-10-18 11:25:13,386 [grpc-default-executor-3] INFO  impl.RaftServerImpl (RaftServerImpl.java:setRole(184)) - c652e2ee-3322-4406-8db6-1ea643cb3197@group-7E32184879DE: changes role from  FOLLOWER to FOLLOWER at term 445 for recognizeCandidate:f535bb4a-cba0-4f9b-9e3e-e4a48b3eda51
2019-10-18 11:25:13,386 [grpc-default-executor-3] INFO  impl.RoleInfo (RoleInfo.java:shutdownFollowerState(121)) - c652e2ee-3322-4406-8db6-1ea643cb3197: shutdown FollowerState
2019-10-18 11:25:13,386 [Thread-2684] INFO  impl.FollowerState (FollowerState.java:run(117)) - 54aabb14-4a7d-4ab3-adbe-2e67760b87f4@group-7E32184879DE-FollowerState was interrupted: java.lang.InterruptedException: sleep interrupted
2019-10-18 11:25:13,386 [grpc-default-executor-0] INFO  impl.RoleInfo (RoleInfo.java:updateAndGet(143)) - 54aabb14-4a7d-4ab3-adbe-2e67760b87f4: start FollowerState
2019-10-18 11:25:13,386 [Thread-2683] INFO  impl.FollowerState (FollowerState.java:run(117)) - c652e2ee-3322-4406-8db6-1ea643cb3197@group-7E32184879DE-FollowerState was interrupted: java.lang.InterruptedException: sleep interrupted
2019-10-18 11:25:13,386 [grpc-default-executor-3] INFO  impl.RoleInfo (RoleInfo.java:updateAndGet(143)) - c652e2ee-3322-4406-8db6-1ea643cb3197: start FollowerState
2019-10-18 11:25:13,410 [f535bb4a-cba0-4f9b-9e3e-e4a48b3eda51@group-7E32184879DE-LeaderElection378] INFO  impl.LeaderElection (LeaderElection.java:logAndReturn(56)) - f535bb4a-cba0-4f9b-9e3e-e4a48b3eda51@group-7E32184879DE-LeaderElection378: Election REJECTED; received 2 response(s) [f535bb4a-cba0-4f9b-9e3e-e4a48b3eda51<-54aabb14-4a7d-4ab3-adbe-2e67760b87f4#0:FAIL-t445, f535bb4a-cba0-4f9b-9e3e-e4a48b3eda51<-c652e2ee-3322-4406-8db6-1ea643cb3197#0:FAIL-t445] and 0 exception(s); f535bb4a-cba0-4f9b-9e3e-e4a48b3eda51@group-7E32184879DE:t445, leader=null, voted=f535bb4a-cba0-4f9b-9e3e-e4a48b3eda51, raftlog=f535bb4a-cba0-4f9b-9e3e-e4a48b3eda51@group-7E32184879DE-SegmentedRaftLog:OPENED:c-1,f-1,i0, conf=-1: [f535bb4a-cba0-4f9b-9e3e-e4a48b3eda51:0.0.0.0:44706, 54aabb14-4a7d-4ab3-adbe-2e67760b87f4:0.0.0.0:43074, c652e2ee-3322-4406-8db6-1ea643cb3197:0.0.0.0:42129], old=null
2019-10-18 11:25:13,410 [f535bb4a-cba0-4f9b-9e3e-e4a48b3eda51@group-7E32184879DE-LeaderElection378] INFO  impl.RaftServerImpl (RaftServerImpl.java:setRole(184)) - f535bb4a-cba0-4f9b-9e3e-e4a48b3eda51@group-7E32184879DE: changes role from CANDIDATE to FOLLOWER at term 445 for DISCOVERED_A_NEW_TERM
2019-10-18 11:25:13,410 [f535bb4a-cba0-4f9b-9e3e-e4a48b3eda51@group-7E32184879DE-LeaderElection378] INFO  impl.RoleInfo (RoleInfo.java:shutdownLeaderElection(134)) - f535bb4a-cba0-4f9b-9e3e-e4a48b3eda51: shutdown LeaderElection
2019-10-18 11:25:13,410 [f535bb4a-cba0-4f9b-9e3e-e4a48b3eda51@group-7E32184879DE-LeaderElection378] INFO  impl.RoleInfo (RoleInfo.java:updateAndGet(143)) - f535bb4a-cba0-4f9b-9e3e-e4a48b3eda51: start FollowerState
2019-10-18 11:25:13,460 [Thread-2691] INFO  impl.FollowerState (FollowerState.java:run(108)) - f535bb4a-cba0-4f9b-9e3e-e4a48b3eda51@group-7E32184879DE-FollowerState: change to CANDIDATE, lastRpcTime:49ms, electionTimeout:49ms
2019-10-18 11:25:13,460 [Thread-2691] INFO  impl.RoleInfo (RoleInfo.java:shutdownFollowerState(121)) - f535bb4a-cba0-4f9b-9e3e-e4a48b3eda51: shutdown FollowerState
2019-10-18 11:25:13,460 [Thread-2691] INFO  impl.RaftServerImpl (RaftServerImpl.java:setRole(184)) - f535bb4a-cba0-4f9b-9e3e-e4a48b3eda51@group-7E32184879DE: changes role from  FOLLOWER to CANDIDATE at term 445 for changeToCandidate
2019-10-18 11:25:13,460 [Thread-2691] INFO  impl.RoleInfo (RoleInfo.java:updateAndGet(143)) - f535bb4a-cba0-4f9b-9e3e-e4a48b3eda51: start LeaderElection
2019-10-18 11:25:13,485 [f535bb4a-cba0-4f9b-9e3e-e4a48b3eda51@group-7E32184879DE-LeaderElection379] INFO  impl.LeaderElection (LeaderElection.java:askForVotes(178)) - f535bb4a-cba0-4f9b-9e3e-e4a48b3eda51@group-7E32184879DE-LeaderElection379: begin an election at term 446 for -1: [f535bb4a-cba0-4f9b-9e3e-e4a48b3eda51:0.0.0.0:44706, 54aabb14-4a7d-4ab3-adbe-2e67760b87f4:0.0.0.0:43074, c652e2ee-3322-4406-8db6-1ea643cb3197:0.0.0.0:42129], old=null
2019-10-18 11:25:13,486 [grpc-default-executor-3] INFO  impl.RaftServerImpl (RaftServerImpl.java:setRole(184)) - 54aabb14-4a7d-4ab3-adbe-2e67760b87f4@group-7E32184879DE: changes role from  FOLLOWER to FOLLOWER at term 446 for recognizeCandidate:f535bb4a-cba0-4f9b-9e3e-e4a48b3eda51
2019-10-18 11:25:13,486 [grpc-default-executor-3] INFO  impl.RoleInfo (RoleInfo.java:shutdownFollowerState(121)) - 54aabb14-4a7d-4ab3-adbe-2e67760b87f4: shutdown FollowerState
2019-10-18 11:25:13,486 [grpc-default-executor-3] INFO  impl.RoleInfo (RoleInfo.java:updateAndGet(143)) - 54aabb14-4a7d-4ab3-adbe-2e67760b87f4: start FollowerState
2019-10-18 11:25:13,486 [Thread-2689] INFO  impl.FollowerState (FollowerState.java:run(117)) - 54aabb14-4a7d-4ab3-adbe-2e67760b87f4@group-7E32184879DE-FollowerState was interrupted: java.lang.InterruptedException: sleep interrupted
2019-10-18 11:25:13,486 [grpc-default-executor-0] INFO  impl.RaftServerImpl (RaftServerImpl.java:setRole(184)) - c652e2ee-3322-4406-8db6-1ea643cb3197@group-7E32184879DE: changes role from  FOLLOWER to FOLLOWER at term 446 for recognizeCandidate:f535bb4a-cba0-4f9b-9e3e-e4a48b3eda51
2019-10-18 11:25:13,487 [grpc-default-executor-0] INFO  impl.RoleInfo (RoleInfo.java:shutdownFollowerState(121)) - c652e2ee-3322-4406-8db6-1ea643cb3197: shutdown FollowerState
2019-10-18 11:25:13,487 [grpc-default-executor-0] INFO  impl.RoleInfo (RoleInfo.java:updateAndGet(143)) - c652e2ee-3322-4406-8db6-1ea643cb3197: start FollowerState
2019-10-18 11:25:13,487 [Thread-2690] INFO  impl.FollowerState (FollowerState.java:run(117)) - c652e2ee-3322-4406-8db6-1ea643cb3197@group-7E32184879DE-FollowerState was interrupted: java.lang.InterruptedException: sleep interrupted
2019-10-18 11:25:13,511 [f535bb4a-cba0-4f9b-9e3e-e4a48b3eda51@group-7E32184879DE-LeaderElection379] INFO  impl.LeaderElection (LeaderElection.java:logAndReturn(56)) - f535bb4a-cba0-4f9b-9e3e-e4a48b3eda51@group-7E32184879DE-LeaderElection379: Election REJECTED; received 2 response(s) [f535bb4a-cba0-4f9b-9e3e-e4a48b3eda51<-54aabb14-4a7d-4ab3-adbe-2e67760b87f4#0:FAIL-t446, f535bb4a-cba0-4f9b-9e3e-e4a48b3eda51<-c652e2ee-3322-4406-8db6-1ea643cb3197#0:FAIL-t446] and 0 exception(s); f535bb4a-cba0-4f9b-9e3e-e4a48b3eda51@group-7E32184879DE:t446, leader=null, voted=f535bb4a-cba0-4f9b-9e3e-e4a48b3eda51, raftlog=f535bb4a-cba0-4f9b-9e3e-e4a48b3eda51@group-7E32184879DE-SegmentedRaftLog:OPENED:c-1,f-1,i0, conf=-1: [f535bb4a-cba0-4f9b-9e3e-e4a48b3eda51:0.0.0.0:44706, 54aabb14-4a7d-4ab3-adbe-2e67760b87f4:0.0.0.0:43074, c652e2ee-3322-4406-8db6-1ea643cb3197:0.0.0.0:42129], old=null
2019-10-18 11:25:13,511 [f535bb4a-cba0-4f9b-9e3e-e4a48b3eda51@group-7E32184879DE-LeaderElection379] INFO  impl.RaftServerImpl (RaftServerImpl.java:setRole(184)) - f535bb4a-cba0-4f9b-9e3e-e4a48b3eda51@group-7E32184879DE: changes role from CANDIDATE to FOLLOWER at term 446 for DISCOVERED_A_NEW_TERM
2019-10-18 11:25:13,511 [f535bb4a-cba0-4f9b-9e3e-e4a48b3eda51@group-7E32184879DE-LeaderElection379] INFO  impl.RoleInfo (RoleInfo.java:shutdownLeaderElection(134)) - f535bb4a-cba0-4f9b-9e3e-e4a48b3eda51: shutdown LeaderElection
2019-10-18 11:25:13,511 [f535bb4a-cba0-4f9b-9e3e-e4a48b3eda51@group-7E32184879DE-LeaderElection379] INFO  impl.RoleInfo (RoleInfo.java:updateAndGet(143)) - f535bb4a-cba0-4f9b-9e3e-e4a48b3eda51: start FollowerState
2019-10-18 11:25:13,538 [Thread-2699] INFO  impl.FollowerState (FollowerState.java:run(108)) - f535bb4a-cba0-4f9b-9e3e-e4a48b3eda51@group-7E32184879DE-FollowerState: change to CANDIDATE, lastRpcTime:26ms, electionTimeout:26ms
2019-10-18 11:25:13,538 [Thread-2699] INFO  impl.RoleInfo (RoleInfo.java:shutdownFollowerState(121)) - f535bb4a-cba0-4f9b-9e3e-e4a48b3eda51: shutdown FollowerState
2019-10-18 11:25:13,538 [Thread-2699] INFO  impl.RaftServerImpl (RaftServerImpl.java:setRole(184)) - f535bb4a-cba0-4f9b-9e3e-e4a48b3eda51@group-7E32184879DE: changes role from  FOLLOWER to CANDIDATE at term 446 for changeToCandidate
2019-10-18 11:25:13,538 [Thread-2699] INFO  impl.RoleInfo (RoleInfo.java:updateAndGet(143)) - f535bb4a-cba0-4f9b-9e3e-e4a48b3eda51: start LeaderElection
2019-10-18 11:25:13,560 [f535bb4a-cba0-4f9b-9e3e-e4a48b3eda51@group-7E32184879DE-LeaderElection380] INFO  impl.LeaderElection (LeaderElection.java:askForVotes(178)) - f535bb4a-cba0-4f9b-9e3e-e4a48b3eda51@group-7E32184879DE-LeaderElection380: begin an election at term 447 for -1: [f535bb4a-cba0-4f9b-9e3e-e4a48b3eda51:0.0.0.0:44706, 54aabb14-4a7d-4ab3-adbe-2e67760b87f4:0.0.0.0:43074, c652e2ee-3322-4406-8db6-1ea643cb3197:0.0.0.0:42129], old=null
2019-10-18 11:25:13,563 [grpc-default-executor-3] INFO  impl.RaftServerImpl (RaftServerImpl.java:setRole(184)) - 54aabb14-4a7d-4ab3-adbe-2e67760b87f4@group-7E32184879DE: changes role from  FOLLOWER to FOLLOWER at term 447 for recognizeCandidate:f535bb4a-cba0-4f9b-9e3e-e4a48b3eda51
2019-10-18 11:25:13,563 [grpc-default-executor-3] INFO  impl.RoleInfo (RoleInfo.java:shutdownFollowerState(121)) - 54aabb14-4a7d-4ab3-adbe-2e67760b87f4: shutdown FollowerState
2019-10-18 11:25:13,563 [grpc-default-executor-0] INFO  impl.RaftServerImpl (RaftServerImpl.java:setRole(184)) - c652e2ee-3322-4406-8db6-1ea643cb3197@group-7E32184879DE: changes role from  FOLLOWER to FOLLOWER at term 447 for recognizeCandidate:f535bb4a-cba0-4f9b-9e3e-e4a48b3eda51
2019-10-18 11:25:13,563 [grpc-default-executor-0] INFO  impl.RoleInfo (RoleInfo.java:shutdownFollowerState(121)) - c652e2ee-3322-4406-8db6-1ea643cb3197: shutdown FollowerState
2019-10-18 11:25:13,563 [Thread-2697] INFO  impl.FollowerState (FollowerState.java:run(117)) - 54aabb14-4a7d-4ab3-adbe-2e67760b87f4@group-7E32184879DE-FollowerState was interrupted: java.lang.InterruptedException: sleep interrupted
2019-10-18 11:25:13,563 [grpc-default-executor-3] INFO  impl.RoleInfo (RoleInfo.java:updateAndGet(143)) - 54aabb14-4a7d-4ab3-adbe-2e67760b87f4: start FollowerState
2019-10-18 11:25:13,563 [Thread-2698] INFO  impl.FollowerState (FollowerState.java:run(117)) - c652e2ee-3322-4406-8db6-1ea643cb3197@group-7E32184879DE-FollowerState was interrupted: java.lang.InterruptedException: sleep interrupted
2019-10-18 11:25:13,563 [grpc-default-executor-0] INFO  impl.RoleInfo (RoleInfo.java:updateAndGet(143)) - c652e2ee-3322-4406-8db6-1ea643cb3197: start FollowerState
2019-10-18 11:25:13,578 [f535bb4a-cba0-4f9b-9e3e-e4a48b3eda51@group-7E32184879DE-LeaderElection380] INFO  impl.LeaderElection (LeaderElection.java:logAndReturn(56)) - f535bb4a-cba0-4f9b-9e3e-e4a48b3eda51@group-7E32184879DE-LeaderElection380: Election REJECTED; received 2 response(s) [f535bb4a-cba0-4f9b-9e3e-e4a48b3eda51<-54aabb14-4a7d-4ab3-adbe-2e67760b87f4#0:FAIL-t447, f535bb4a-cba0-4f9b-9e3e-e4a48b3eda51<-c652e2ee-3322-4406-8db6-1ea643cb3197#0:FAIL-t447] and 0 exception(s); f535bb4a-cba0-4f9b-9e3e-e4a48b3eda51@group-7E32184879DE:t447, leader=null, voted=f535bb4a-cba0-4f9b-9e3e-e4a48b3eda51, raftlog=f535bb4a-cba0-4f9b-9e3e-e4a48b3eda51@group-7E32184879DE-SegmentedRaftLog:OPENED:c-1,f-1,i0, conf=-1: [f535bb4a-cba0-4f9b-9e3e-e4a48b3eda51:0.0.0.0:44706, 54aabb14-4a7d-4ab3-adbe-2e67760b87f4:0.0.0.0:43074, c652e2ee-3322-4406-8db6-1ea643cb3197:0.0.0.0:42129], old=null
2019-10-18 11:25:13,578 [f535bb4a-cba0-4f9b-9e3e-e4a48b3eda51@group-7E32184879DE-LeaderElection380] INFO  impl.RaftServerImpl (RaftServerImpl.java:setRole(184)) - f535bb4a-cba0-4f9b-9e3e-e4a48b3eda51@group-7E32184879DE: changes role from CANDIDATE to FOLLOWER at term 447 for DISCOVERED_A_NEW_TERM
2019-10-18 11:25:13,579 [f535bb4a-cba0-4f9b-9e3e-e4a48b3eda51@group-7E32184879DE-LeaderElection380] INFO  impl.RoleInfo (RoleInfo.java:shutdownLeaderElection(134)) - f535bb4a-cba0-4f9b-9e3e-e4a48b3eda51: shutdown LeaderElection
2019-10-18 11:25:13,579 [f535bb4a-cba0-4f9b-9e3e-e4a48b3eda51@group-7E32184879DE-LeaderElection380] INFO  impl.RoleInfo (RoleInfo.java:updateAndGet(143)) - f535bb4a-cba0-4f9b-9e3e-e4a48b3eda51: start FollowerState
2019-10-18 11:25:13,688 [Thread-2705] INFO  impl.FollowerState (FollowerState.java:run(108)) - f535bb4a-cba0-4f9b-9e3e-e4a48b3eda51@group-7E32184879DE-FollowerState: change to CANDIDATE, lastRpcTime:109ms, electionTimeout:109ms
2019-10-18 11:25:13,688 [Thread-2705] INFO  impl.RoleInfo (RoleInfo.java:shutdownFollowerState(121)) - f535bb4a-cba0-4f9b-9e3e-e4a48b3eda51: shutdown FollowerState
2019-10-18 11:25:13,688 [Thread-2705] INFO  impl.RaftServerImpl (RaftServerImpl.java:setRole(184)) - f535bb4a-cba0-4f9b-9e3e-e4a48b3eda51@group-7E32184879DE: changes role from  FOLLOWER to CANDIDATE at term 447 for changeToCandidate
2019-10-18 11:25:13,688 [Thread-2705] INFO  impl.RoleInfo (RoleInfo.java:updateAndGet(143)) - f535bb4a-cba0-4f9b-9e3e-e4a48b3eda51: start LeaderElection
2019-10-18 11:25:13,711 [f535bb4a-cba0-4f9b-9e3e-e4a48b3eda51@group-7E32184879DE-LeaderElection381] INFO  impl.LeaderElection (LeaderElection.java:askForVotes(178)) - f535bb4a-cba0-4f9b-9e3e-e4a48b3eda51@group-7E32184879DE-LeaderElection381: begin an election at term 448 for -1: [f535bb4a-cba0-4f9b-9e3e-e4a48b3eda51:0.0.0.0:44706, 54aabb14-4a7d-4ab3-adbe-2e67760b87f4:0.0.0.0:43074, c652e2ee-3322-4406-8db6-1ea643cb3197:0.0.0.0:42129], old=null
2019-10-18 11:25:13,713 [grpc-default-executor-0] INFO  impl.RaftServerImpl (RaftServerImpl.java:setRole(184)) - 54aabb14-4a7d-4ab3-adbe-2e67760b87f4@group-7E32184879DE: changes role from  FOLLOWER to FOLLOWER at term 448 for recognizeCandidate:f535bb4a-cba0-4f9b-9e3e-e4a48b3eda51
2019-10-18 11:25:13,713 [grpc-default-executor-0] INFO  impl.RoleInfo (RoleInfo.java:shutdownFollowerState(121)) - 54aabb14-4a7d-4ab3-adbe-2e67760b87f4: shutdown FollowerState
2019-10-18 11:25:13,713 [grpc-default-executor-3] INFO  impl.RaftServerImpl (RaftServerImpl.java:setRole(184)) - c652e2ee-3322-4406-8db6-1ea643cb3197@group-7E32184879DE: changes role from  FOLLOWER to FOLLOWER at term 448 for recognizeCandidate:f535bb4a-cba0-4f9b-9e3e-e4a48b3eda51
2019-10-18 11:25:13,713 [Thread-2703] INFO  impl.FollowerState (FollowerState.java:run(117)) - 54aabb14-4a7d-4ab3-adbe-2e67760b87f4@group-7E32184879DE-FollowerState was interrupted: java.lang.InterruptedException: sleep interrupted
2019-10-18 11:25:13,713 [grpc-default-executor-0] INFO  impl.RoleInfo (RoleInfo.java:updateAndGet(143)) - 54aabb14-4a7d-4ab3-adbe-2e67760b87f4: start FollowerState
2019-10-18 11:25:13,713 [grpc-default-executor-3] INFO  impl.RoleInfo (RoleInfo.java:shutdownFollowerState(121)) - c652e2ee-3322-4406-8db6-1ea643cb3197: shutdown FollowerState
2019-10-18 11:25:13,713 [grpc-default-executor-3] INFO  impl.RoleInfo (RoleInfo.java:updateAndGet(143)) - c652e2ee-3322-4406-8db6-1ea643cb3197: start FollowerState
2019-10-18 11:25:13,714 [Thread-2704] INFO  impl.FollowerState (FollowerState.java:run(117)) - c652e2ee-3322-4406-8db6-1ea643cb3197@group-7E32184879DE-FollowerState was interrupted: java.lang.InterruptedException: sleep interrupted
2019-10-18 11:25:13,737 [f535bb4a-cba0-4f9b-9e3e-e4a48b3eda51@group-7E32184879DE-LeaderElection381] INFO  impl.LeaderElection (LeaderElection.java:logAndReturn(56)) - f535bb4a-cba0-4f9b-9e3e-e4a48b3eda51@group-7E32184879DE-LeaderElection381: Election REJECTED; received 2 response(s) [f535bb4a-cba0-4f9b-9e3e-e4a48b3eda51<-54aabb14-4a7d-4ab3-adbe-2e67760b87f4#0:FAIL-t448, f535bb4a-cba0-4f9b-9e3e-e4a48b3eda51<-c652e2ee-3322-4406-8db6-1ea643cb3197#0:FAIL-t448] and 0 exception(s); f535bb4a-cba0-4f9b-9e3e-e4a48b3eda51@group-7E32184879DE:t448, leader=null, voted=f535bb4a-cba0-4f9b-9e3e-e4a48b3eda51, raftlog=f535bb4a-cba0-4f9b-9e3e-e4a48b3eda51@group-7E32184879DE-SegmentedRaftLog:OPENED:c-1,f-1,i0, conf=-1: [f535bb4a-cba0-4f9b-9e3e-e4a48b3eda51:0.0.0.0:44706, 54aabb14-4a7d-4ab3-adbe-2e67760b87f4:0.0.0.0:43074, c652e2ee-3322-4406-8db6-1ea643cb3197:0.0.0.0:42129], old=null
2019-10-18 11:25:13,738 [f535bb4a-cba0-4f9b-9e3e-e4a48b3eda51@group-7E32184879DE-LeaderElection381] INFO  impl.RaftServerImpl (RaftServerImpl.java:setRole(184)) - f535bb4a-cba0-4f9b-9e3e-e4a48b3eda51@group-7E32184879DE: changes role from CANDIDATE to FOLLOWER at term 448 for DISCOVERED_A_NEW_TERM
2019-10-18 11:25:13,738 [f535bb4a-cba0-4f9b-9e3e-e4a48b3eda51@group-7E32184879DE-LeaderElection381] INFO  impl.RoleInfo (RoleInfo.java:shutdownLeaderElection(134)) - f535bb4a-cba0-4f9b-9e3e-e4a48b3eda51: shutdown LeaderElection
2019-10-18 11:25:13,738 [f535bb4a-cba0-4f9b-9e3e-e4a48b3eda51@group-7E32184879DE-LeaderElection381] INFO  impl.RoleInfo (RoleInfo.java:updateAndGet(143)) - f535bb4a-cba0-4f9b-9e3e-e4a48b3eda51: start FollowerState
2019-10-18 11:25:13,777 [Thread-2711] INFO  impl.FollowerState (FollowerState.java:run(108)) - f535bb4a-cba0-4f9b-9e3e-e4a48b3eda51@group-7E32184879DE-FollowerState: change to CANDIDATE, lastRpcTime:39ms, electionTimeout:39ms
2019-10-18 11:25:13,777 [Thread-2711] INFO  impl.RoleInfo (RoleInfo.java:shutdownFollowerState(121)) - f535bb4a-cba0-4f9b-9e3e-e4a48b3eda51: shutdown FollowerState
2019-10-18 11:25:13,778 [Thread-2711] INFO  impl.RaftServerImpl (RaftServerImpl.java:setRole(184)) - f535bb4a-cba0-4f9b-9e3e-e4a48b3eda51@group-7E32184879DE: changes role from  FOLLOWER to CANDIDATE at term 448 for changeToCandidate
2019-10-18 11:25:13,778 [Thread-2711] INFO  impl.RoleInfo (RoleInfo.java:updateAndGet(143)) - f535bb4a-cba0-4f9b-9e3e-e4a48b3eda51: start LeaderElection
2019-10-18 11:25:13,804 [f535bb4a-cba0-4f9b-9e3e-e4a48b3eda51@group-7E32184879DE-LeaderElection382] INFO  impl.LeaderElection (LeaderElection.java:askForVotes(178)) - f535bb4a-cba0-4f9b-9e3e-e4a48b3eda51@group-7E32184879DE-LeaderElection382: begin an election at term 449 for -1: [f535bb4a-cba0-4f9b-9e3e-e4a48b3eda51:0.0.0.0:44706, 54aabb14-4a7d-4ab3-adbe-2e67760b87f4:0.0.0.0:43074, c652e2ee-3322-4406-8db6-1ea643cb3197:0.0.0.0:42129], old=null
2019-10-18 11:25:13,806 [grpc-default-executor-0] INFO  impl.RaftServerImpl (RaftServerImpl.java:setRole(184)) - 54aabb14-4a7d-4ab3-adbe-2e67760b87f4@group-7E32184879DE: changes role from  FOLLOWER to FOLLOWER at term 449 for recognizeCandidate:f535bb4a-cba0-4f9b-9e3e-e4a48b3eda51
2019-10-18 11:25:13,806 [grpc-default-executor-0] INFO  impl.RoleInfo (RoleInfo.java:shutdownFollowerState(121)) - 54aabb14-4a7d-4ab3-adbe-2e67760b87f4: shutdown FollowerState
2019-10-18 11:25:13,806 [grpc-default-executor-3] INFO  impl.RaftServerImpl (RaftServerImpl.java:setRole(184)) - c652e2ee-3322-4406-8db6-1ea643cb3197@group-7E32184879DE: changes role from  FOLLOWER to FOLLOWER at term 449 for recognizeCandidate:f535bb4a-cba0-4f9b-9e3e-e4a48b3eda51
2019-10-18 11:25:13,806 [grpc-default-executor-3] INFO  impl.RoleInfo (RoleInfo.java:shutdownFollowerState(121)) - c652e2ee-3322-4406-8db6-1ea643cb3197: shutdown FollowerState
2019-10-18 11:25:13,806 [Thread-2709] INFO  impl.FollowerState (FollowerState.java:run(117)) - 54aabb14-4a7d-4ab3-adbe-2e67760b87f4@group-7E32184879DE-FollowerState was interrupted: java.lang.InterruptedException: sleep interrupted
2019-10-18 11:25:13,806 [grpc-default-executor-0] INFO  impl.RoleInfo (RoleInfo.java:updateAndGet(143)) - 54aabb14-4a7d-4ab3-adbe-2e67760b87f4: start FollowerState
2019-10-18 11:25:13,807 [Thread-2710] INFO  impl.FollowerState (FollowerState.java:run(117)) - c652e2ee-3322-4406-8db6-1ea643cb3197@group-7E32184879DE-FollowerState was interrupted: java.lang.InterruptedException: sleep interrupted
2019-10-18 11:25:13,807 [grpc-default-executor-3] INFO  impl.RoleInfo (RoleInfo.java:updateAndGet(143)) - c652e2ee-3322-4406-8db6-1ea643cb3197: start FollowerState
2019-10-18 11:25:13,838 [f535bb4a-cba0-4f9b-9e3e-e4a48b3eda51@group-7E32184879DE-LeaderElection382] INFO  impl.LeaderElection (LeaderElection.java:logAndReturn(56)) - f535bb4a-cba0-4f9b-9e3e-e4a48b3eda51@group-7E32184879DE-LeaderElection382: Election REJECTED; received 2 response(s) [f535bb4a-cba0-4f9b-9e3e-e4a48b3eda51<-54aabb14-4a7d-4ab3-adbe-2e67760b87f4#0:FAIL-t449, f535bb4a-cba0-4f9b-9e3e-e4a48b3eda51<-c652e2ee-3322-4406-8db6-1ea643cb3197#0:FAIL-t449] and 0 exception(s); f535bb4a-cba0-4f9b-9e3e-e4a48b3eda51@group-7E32184879DE:t449, leader=null, voted=f535bb4a-cba0-4f9b-9e3e-e4a48b3eda51, raftlog=f535bb4a-cba0-4f9b-9e3e-e4a48b3eda51@group-7E32184879DE-SegmentedRaftLog:OPENED:c-1,f-1,i0, conf=-1: [f535bb4a-cba0-4f9b-9e3e-e4a48b3eda51:0.0.0.0:44706, 54aabb14-4a7d-4ab3-adbe-2e67760b87f4:0.0.0.0:43074, c652e2ee-3322-4406-8db6-1ea643cb3197:0.0.0.0:42129], old=null
2019-10-18 11:25:13,838 [f535bb4a-cba0-4f9b-9e3e-e4a48b3eda51@group-7E32184879DE-LeaderElection382] INFO  impl.RaftServerImpl (RaftServerImpl.java:setRole(184)) - f535bb4a-cba0-4f9b-9e3e-e4a48b3eda51@group-7E32184879DE: changes role from CANDIDATE to FOLLOWER at term 449 for DISCOVERED_A_NEW_TERM
2019-10-18 11:25:13,838 [f535bb4a-cba0-4f9b-9e3e-e4a48b3eda51@group-7E32184879DE-LeaderElection382] INFO  impl.RoleInfo (RoleInfo.java:shutdownLeaderElection(134)) - f535bb4a-cba0-4f9b-9e3e-e4a48b3eda51: shutdown LeaderElection
2019-10-18 11:25:13,838 [f535bb4a-cba0-4f9b-9e3e-e4a48b3eda51@group-7E32184879DE-LeaderElection382] INFO  impl.RoleInfo (RoleInfo.java:updateAndGet(143)) - f535bb4a-cba0-4f9b-9e3e-e4a48b3eda51: start FollowerState
2019-10-18 11:25:13,894 [Thread-2717] INFO  impl.FollowerState (FollowerState.java:run(108)) - f535bb4a-cba0-4f9b-9e3e-e4a48b3eda51@group-7E32184879DE-FollowerState: change to CANDIDATE, lastRpcTime:55ms, electionTimeout:55ms
2019-10-18 11:25:13,894 [Thread-2717] INFO  impl.RoleInfo (RoleInfo.java:shutdownFollowerState(121)) - f535bb4a-cba0-4f9b-9e3e-e4a48b3eda51: shutdown FollowerState
2019-10-18 11:25:13,894 [Thread-2717] INFO  impl.RaftServerImpl (RaftServerImpl.java:setRole(184)) - f535bb4a-cba0-4f9b-9e3e-e4a48b3eda51@group-7E32184879DE: changes role from  FOLLOWER to CANDIDATE at term 449 for changeToCandidate
2019-10-18 11:25:13,894 [Thread-2717] INFO  impl.RoleInfo (RoleInfo.java:updateAndGet(143)) - f535bb4a-cba0-4f9b-9e3e-e4a48b3eda51: start LeaderElection
2019-10-18 11:25:13,922 [f535bb4a-cba0-4f9b-9e3e-e4a48b3eda51@group-7E32184879DE-LeaderElection383] INFO  impl.LeaderElection (LeaderElection.java:askForVotes(178)) - f535bb4a-cba0-4f9b-9e3e-e4a48b3eda51@group-7E32184879DE-LeaderElection383: begin an election at term 450 for -1: [f535bb4a-cba0-4f9b-9e3e-e4a48b3eda51:0.0.0.0:44706, 54aabb14-4a7d-4ab3-adbe-2e67760b87f4:0.0.0.0:43074, c652e2ee-3322-4406-8db6-1ea643cb3197:0.0.0.0:42129], old=null
2019-10-18 11:25:13,924 [grpc-default-executor-0] INFO  impl.RaftServerImpl (RaftServerImpl.java:setRole(184)) - c652e2ee-3322-4406-8db6-1ea643cb3197@group-7E32184879DE: changes role from  FOLLOWER to FOLLOWER at term 450 for recognizeCandidate:f535bb4a-cba0-4f9b-9e3e-e4a48b3eda51
2019-10-18 11:25:13,924 [grpc-default-executor-0] INFO  impl.RoleInfo (RoleInfo.java:shutdownFollowerState(121)) - c652e2ee-3322-4406-8db6-1ea643cb3197: shutdown FollowerState
2019-10-18 11:25:13,924 [grpc-default-executor-0] INFO  impl.RoleInfo (RoleInfo.java:updateAndGet(143)) - c652e2ee-3322-4406-8db6-1ea643cb3197: start FollowerState
2019-10-18 11:25:13,924 [Thread-2716] INFO  impl.FollowerState (FollowerState.java:run(117)) - c652e2ee-3322-4406-8db6-1ea643cb3197@group-7E32184879DE-FollowerState was interrupted: java.lang.InterruptedException: sleep interrupted
2019-10-18 11:25:13,925 [grpc-default-executor-1] INFO  impl.RaftServerImpl (RaftServerImpl.java:setRole(184)) - 54aabb14-4a7d-4ab3-adbe-2e67760b87f4@group-7E32184879DE: changes role from  FOLLOWER to FOLLOWER at term 450 for recognizeCandidate:f535bb4a-cba0-4f9b-9e3e-e4a48b3eda51
2019-10-18 11:25:13,925 [grpc-default-executor-1] INFO  impl.RoleInfo (RoleInfo.java:shutdownFollowerState(121)) - 54aabb14-4a7d-4ab3-adbe-2e67760b87f4: shutdown FollowerState
2019-10-18 11:25:13,925 [grpc-default-executor-1] INFO  impl.RoleInfo (RoleInfo.java:updateAndGet(143)) - 54aabb14-4a7d-4ab3-adbe-2e67760b87f4: start FollowerState
2019-10-18 11:25:13,925 [Thread-2715] INFO  impl.FollowerState (FollowerState.java:run(117)) - 54aabb14-4a7d-4ab3-adbe-2e67760b87f4@group-7E32184879DE-FollowerState was interrupted: java.lang.InterruptedException: sleep interrupted
2019-10-18 11:25:13,948 [f535bb4a-cba0-4f9b-9e3e-e4a48b3eda51@group-7E32184879DE-LeaderElection383] INFO  impl.LeaderElection (LeaderElection.java:logAndReturn(56)) - f535bb4a-cba0-4f9b-9e3e-e4a48b3eda51@group-7E32184879DE-LeaderElection383: Election REJECTED; received 2 response(s) [f535bb4a-cba0-4f9b-9e3e-e4a48b3eda51<-54aabb14-4a7d-4ab3-adbe-2e67760b87f4#0:FAIL-t450, f535bb4a-cba0-4f9b-9e3e-e4a48b3eda51<-c652e2ee-3322-4406-8db6-1ea643cb3197#0:FAIL-t450] and 0 exception(s); f535bb4a-cba0-4f9b-9e3e-e4a48b3eda51@group-7E32184879DE:t450, leader=null, voted=f535bb4a-cba0-4f9b-9e3e-e4a48b3eda51, raftlog=f535bb4a-cba0-4f9b-9e3e-e4a48b3eda51@group-7E32184879DE-SegmentedRaftLog:OPENED:c-1,f-1,i0, conf=-1: [f535bb4a-cba0-4f9b-9e3e-e4a48b3eda51:0.0.0.0:44706, 54aabb14-4a7d-4ab3-adbe-2e67760b87f4:0.0.0.0:43074, c652e2ee-3322-4406-8db6-1ea643cb3197:0.0.0.0:42129], old=null
2019-10-18 11:25:13,949 [f535bb4a-cba0-4f9b-9e3e-e4a48b3eda51@group-7E32184879DE-LeaderElection383] INFO  impl.RaftServerImpl (RaftServerImpl.java:setRole(184)) - f535bb4a-cba0-4f9b-9e3e-e4a48b3eda51@group-7E32184879DE: changes role from CANDIDATE to FOLLOWER at term 450 for DISCOVERED_A_NEW_TERM
2019-10-18 11:25:13,949 [f535bb4a-cba0-4f9b-9e3e-e4a48b3eda51@group-7E32184879DE-LeaderElection383] INFO  impl.RoleInfo (RoleInfo.java:shutdownLeaderElection(134)) - f535bb4a-cba0-4f9b-9e3e-e4a48b3eda51: shutdown LeaderElection
2019-10-18 11:25:13,949 [f535bb4a-cba0-4f9b-9e3e-e4a48b3eda51@group-7E32184879DE-LeaderElection383] INFO  impl.RoleInfo (RoleInfo.java:updateAndGet(143)) - f535bb4a-cba0-4f9b-9e3e-e4a48b3eda51: start FollowerState
2019-10-18 11:25:14,136 [Thread-2723] INFO  impl.FollowerState (FollowerState.java:run(108)) - f535bb4a-cba0-4f9b-9e3e-e4a48b3eda51@group-7E32184879DE-FollowerState: change to CANDIDATE, lastRpcTime:187ms, electionTimeout:187ms
2019-10-18 11:25:14,137 [Thread-2723] INFO  impl.RoleInfo (RoleInfo.java:shutdownFollowerState(121)) - f535bb4a-cba0-4f9b-9e3e-e4a48b3eda51: shutdown FollowerState
2019-10-18 11:25:14,137 [Thread-2723] INFO  impl.RaftServerImpl (RaftServerImpl.java:setRole(184)) - f535bb4a-cba0-4f9b-9e3e-e4a48b3eda51@group-7E32184879DE: changes role from  FOLLOWER to CANDIDATE at term 450 for changeToCandidate
2019-10-18 11:25:14,137 [Thread-2723] INFO  impl.RoleInfo (RoleInfo.java:updateAndGet(143)) - f535bb4a-cba0-4f9b-9e3e-e4a48b3eda51: start LeaderElection
2019-10-18 11:25:14,164 [f535bb4a-cba0-4f9b-9e3e-e4a48b3eda51@group-7E32184879DE-LeaderElection384] INFO  impl.LeaderElection (LeaderElection.java:askForVotes(178)) - f535bb4a-cba0-4f9b-9e3e-e4a48b3eda51@group-7E32184879DE-LeaderElection384: begin an election at term 451 for -1: [f535bb4a-cba0-4f9b-9e3e-e4a48b3eda51:0.0.0.0:44706, 54aabb14-4a7d-4ab3-adbe-2e67760b87f4:0.0.0.0:43074, c652e2ee-3322-4406-8db6-1ea643cb3197:0.0.0.0:42129], old=null
2019-10-18 11:25:14,166 [grpc-default-executor-0] INFO  impl.RaftServerImpl (RaftServerImpl.java:setRole(184)) - c652e2ee-3322-4406-8db6-1ea643cb3197@group-7E32184879DE: changes role from  FOLLOWER to FOLLOWER at term 451 for recognizeCandidate:f535bb4a-cba0-4f9b-9e3e-e4a48b3eda51
2019-10-18 11:25:14,166 [grpc-default-executor-1] INFO  impl.RaftServerImpl (RaftServerImpl.java:setRole(184)) - 54aabb14-4a7d-4ab3-adbe-2e67760b87f4@group-7E32184879DE: changes role from  FOLLOWER to FOLLOWER at term 451 for recognizeCandidate:f535bb4a-cba0-4f9b-9e3e-e4a48b3eda51
2019-10-18 11:25:14,166 [grpc-default-executor-0] INFO  impl.RoleInfo (RoleInfo.java:shutdownFollowerState(121)) - c652e2ee-3322-4406-8db6-1ea643cb3197: shutdown FollowerState
2019-10-18 11:25:14,166 [grpc-default-executor-1] INFO  impl.RoleInfo (RoleInfo.java:shutdownFollowerState(121)) - 54aabb14-4a7d-4ab3-adbe-2e67760b87f4: shutdown FollowerState
2019-10-18 11:25:14,167 [grpc-default-executor-0] INFO  impl.RoleInfo (RoleInfo.java:updateAndGet(143)) - c652e2ee-3322-4406-8db6-1ea643cb3197: start FollowerState
2019-10-18 11:25:14,167 [Thread-2722] INFO  impl.FollowerState (FollowerState.java:run(117)) - 54aabb14-4a7d-4ab3-adbe-2e67760b87f4@group-7E32184879DE-FollowerState was interrupted: java.lang.InterruptedException: sleep interrupted
2019-10-18 11:25:14,167 [Thread-2721] INFO  impl.FollowerState (FollowerState.java:run(117)) - c652e2ee-3322-4406-8db6-1ea643cb3197@group-7E32184879DE-FollowerState was interrupted: java.lang.InterruptedException: sleep interrupted
2019-10-18 11:25:14,167 [grpc-default-executor-1] INFO  impl.RoleInfo (RoleInfo.java:updateAndGet(143)) - 54aabb14-4a7d-4ab3-adbe-2e67760b87f4: start FollowerState
2019-10-18 11:25:14,190 [f535bb4a-cba0-4f9b-9e3e-e4a48b3eda51@group-7E32184879DE-LeaderElection384] INFO  impl.LeaderElection (LeaderElection.java:logAndReturn(56)) - f535bb4a-cba0-4f9b-9e3e-e4a48b3eda51@group-7E32184879DE-LeaderElection384: Election REJECTED; received 2 response(s) [f535bb4a-cba0-4f9b-9e3e-e4a48b3eda51<-54aabb14-4a7d-4ab3-adbe-2e67760b87f4#0:FAIL-t451, f535bb4a-cba0-4f9b-9e3e-e4a48b3eda51<-c652e2ee-3322-4406-8db6-1ea643cb3197#0:FAIL-t451] and 0 exception(s); f535bb4a-cba0-4f9b-9e3e-e4a48b3eda51@group-7E32184879DE:t451, leader=null, voted=f535bb4a-cba0-4f9b-9e3e-e4a48b3eda51, raftlog=f535bb4a-cba0-4f9b-9e3e-e4a48b3eda51@group-7E32184879DE-SegmentedRaftLog:OPENED:c-1,f-1,i0, conf=-1: [f535bb4a-cba0-4f9b-9e3e-e4a48b3eda51:0.0.0.0:44706, 54aabb14-4a7d-4ab3-adbe-2e67760b87f4:0.0.0.0:43074, c652e2ee-3322-4406-8db6-1ea643cb3197:0.0.0.0:42129], old=null
2019-10-18 11:25:14,191 [f535bb4a-cba0-4f9b-9e3e-e4a48b3eda51@group-7E32184879DE-LeaderElection384] INFO  impl.RaftServerImpl (RaftServerImpl.java:setRole(184)) - f535bb4a-cba0-4f9b-9e3e-e4a48b3eda51@group-7E32184879DE: changes role from CANDIDATE to FOLLOWER at term 451 for DISCOVERED_A_NEW_TERM
2019-10-18 11:25:14,191 [f535bb4a-cba0-4f9b-9e3e-e4a48b3eda51@group-7E32184879DE-LeaderElection384] INFO  impl.RoleInfo (RoleInfo.java:shutdownLeaderElection(134)) - f535bb4a-cba0-4f9b-9e3e-e4a48b3eda51: shutdown LeaderElection
2019-10-18 11:25:14,191 [f535bb4a-cba0-4f9b-9e3e-e4a48b3eda51@group-7E32184879DE-LeaderElection384] INFO  impl.RoleInfo (RoleInfo.java:updateAndGet(143)) - f535bb4a-cba0-4f9b-9e3e-e4a48b3eda51: start FollowerState
2019-10-18 11:25:14,357 [Thread-2729] INFO  impl.FollowerState (FollowerState.java:run(108)) - f535bb4a-cba0-4f9b-9e3e-e4a48b3eda51@group-7E32184879DE-FollowerState: change to CANDIDATE, lastRpcTime:166ms, electionTimeout:166ms
2019-10-18 11:25:14,357 [Thread-2729] INFO  impl.RoleInfo (RoleInfo.java:shutdownFollowerState(121)) - f535bb4a-cba0-4f9b-9e3e-e4a48b3eda51: shutdown FollowerState
2019-10-18 11:25:14,358 [Thread-2729] INFO  impl.RaftServerImpl (RaftServerImpl.java:setRole(184)) - f535bb4a-cba0-4f9b-9e3e-e4a48b3eda51@group-7E32184879DE: changes role from  FOLLOWER to CANDIDATE at term 451 for changeToCandidate
2019-10-18 11:25:14,358 [Thread-2729] INFO  impl.RoleInfo (RoleInfo.java:updateAndGet(143)) - f535bb4a-cba0-4f9b-9e3e-e4a48b3eda51: start LeaderElection
2019-10-18 11:25:14,382 [f535bb4a-cba0-4f9b-9e3e-e4a48b3eda51@group-7E32184879DE-LeaderElection385] INFO  impl.LeaderElection (LeaderElection.java:askForVotes(178)) - f535bb4a-cba0-4f9b-9e3e-e4a48b3eda51@group-7E32184879DE-LeaderElection385: begin an election at term 452 for -1: [f535bb4a-cba0-4f9b-9e3e-e4a48b3eda51:0.0.0.0:44706, 54aabb14-4a7d-4ab3-adbe-2e67760b87f4:0.0.0.0:43074, c652e2ee-3322-4406-8db6-1ea643cb3197:0.0.0.0:42129], old=null
2019-10-18 11:25:14,384 [grpc-default-executor-0] INFO  impl.RaftServerImpl (RaftServerImpl.java:setRole(184)) - c652e2ee-3322-4406-8db6-1ea643cb3197@group-7E32184879DE: changes role from  FOLLOWER to FOLLOWER at term 452 for recognizeCandidate:f535bb4a-cba0-4f9b-9e3e-e4a48b3eda51
2019-10-18 11:25:14,384 [grpc-default-executor-1] INFO  impl.RaftServerImpl (RaftServerImpl.java:setRole(184)) - 54aabb14-4a7d-4ab3-adbe-2e67760b87f4@group-7E32184879DE: changes role from  FOLLOWER to FOLLOWER at term 452 for recognizeCandidate:f535bb4a-cba0-4f9b-9e3e-e4a48b3eda51
2019-10-18 11:25:14,384 [grpc-default-executor-0] INFO  impl.RoleInfo (RoleInfo.java:shutdownFollowerState(121)) - c652e2ee-3322-4406-8db6-1ea643cb3197: shutdown FollowerState
2019-10-18 11:25:14,384 [grpc-default-executor-1] INFO  impl.RoleInfo (RoleInfo.java:shutdownFollowerState(121)) - 54aabb14-4a7d-4ab3-adbe-2e67760b87f4: shutdown FollowerState
2019-10-18 11:25:14,385 [grpc-default-executor-0] INFO  impl.RoleInfo (RoleInfo.java:updateAndGet(143)) - c652e2ee-3322-4406-8db6-1ea643cb3197: start FollowerState
2019-10-18 11:25:14,385 [Thread-2727] INFO  impl.FollowerState (FollowerState.java:run(117)) - c652e2ee-3322-4406-8db6-1ea643cb3197@group-7E32184879DE-FollowerState was interrupted: java.lang.InterruptedException: sleep interrupted
2019-10-18 11:25:14,385 [Thread-2728] INFO  impl.FollowerState (FollowerState.java:run(117)) - 54aabb14-4a7d-4ab3-adbe-2e67760b87f4@group-7E32184879DE-FollowerState was interrupted: java.lang.InterruptedException: sleep interrupted
2019-10-18 11:25:14,385 [grpc-default-executor-1] INFO  impl.RoleInfo (RoleInfo.java:updateAndGet(143)) - 54aabb14-4a7d-4ab3-adbe-2e67760b87f4: start FollowerState
2019-10-18 11:25:14,408 [f535bb4a-cba0-4f9b-9e3e-e4a48b3eda51@group-7E32184879DE-LeaderElection385] INFO  impl.LeaderElection (LeaderElection.java:logAndReturn(56)) - f535bb4a-cba0-4f9b-9e3e-e4a48b3eda51@group-7E32184879DE-LeaderElection385: Election REJECTED; received 2 response(s) [f535bb4a-cba0-4f9b-9e3e-e4a48b3eda51<-54aabb14-4a7d-4ab3-adbe-2e67760b87f4#0:FAIL-t452, f535bb4a-cba0-4f9b-9e3e-e4a48b3eda51<-c652e2ee-3322-4406-8db6-1ea643cb3197#0:FAIL-t452] and 0 exception(s); f535bb4a-cba0-4f9b-9e3e-e4a48b3eda51@group-7E32184879DE:t452, leader=null, voted=f535bb4a-cba0-4f9b-9e3e-e4a48b3eda51, raftlog=f535bb4a-cba0-4f9b-9e3e-e4a48b3eda51@group-7E32184879DE-SegmentedRaftLog:OPENED:c-1,f-1,i0, conf=-1: [f535bb4a-cba0-4f9b-9e3e-e4a48b3eda51:0.0.0.0:44706, 54aabb14-4a7d-4ab3-adbe-2e67760b87f4:0.0.0.0:43074, c652e2ee-3322-4406-8db6-1ea643cb3197:0.0.0.0:42129], old=null
2019-10-18 11:25:14,408 [f535bb4a-cba0-4f9b-9e3e-e4a48b3eda51@group-7E32184879DE-LeaderElection385] INFO  impl.RaftServerImpl (RaftServerImpl.java:setRole(184)) - f535bb4a-cba0-4f9b-9e3e-e4a48b3eda51@group-7E32184879DE: changes role from CANDIDATE to FOLLOWER at term 452 for DISCOVERED_A_NEW_TERM
2019-10-18 11:25:14,408 [f535bb4a-cba0-4f9b-9e3e-e4a48b3eda51@group-7E32184879DE-LeaderElection385] INFO  impl.RoleInfo (RoleInfo.java:shutdownLeaderElection(134)) - f535bb4a-cba0-4f9b-9e3e-e4a48b3eda51: shutdown LeaderElection
2019-10-18 11:25:14,409 [f535bb4a-cba0-4f9b-9e3e-e4a48b3eda51@group-7E32184879DE-LeaderElection385] INFO  impl.RoleInfo (RoleInfo.java:updateAndGet(143)) - f535bb4a-cba0-4f9b-9e3e-e4a48b3eda51: start FollowerState
2019-10-18 11:25:14,507 [Thread-2735] INFO  impl.FollowerState (FollowerState.java:run(108)) - f535bb4a-cba0-4f9b-9e3e-e4a48b3eda51@group-7E32184879DE-FollowerState: change to CANDIDATE, lastRpcTime:98ms, electionTimeout:98ms
2019-10-18 11:25:14,507 [Thread-2735] INFO  impl.RoleInfo (RoleInfo.java:shutdownFollowerState(121)) - f535bb4a-cba0-4f9b-9e3e-e4a48b3eda51: shutdown FollowerState
2019-10-18 11:25:14,507 [Thread-2735] INFO  impl.RaftServerImpl (RaftServerImpl.java:setRole(184)) - f535bb4a-cba0-4f9b-9e3e-e4a48b3eda51@group-7E32184879DE: changes role from  FOLLOWER to CANDIDATE at term 452 for changeToCandidate
2019-10-18 11:25:14,507 [Thread-2735] INFO  impl.RoleInfo (RoleInfo.java:updateAndGet(143)) - f535bb4a-cba0-4f9b-9e3e-e4a48b3eda51: start LeaderElection
2019-10-18 11:25:14,533 [f535bb4a-cba0-4f9b-9e3e-e4a48b3eda51@group-7E32184879DE-LeaderElection386] INFO  impl.LeaderElection (LeaderElection.java:askForVotes(178)) - f535bb4a-cba0-4f9b-9e3e-e4a48b3eda51@group-7E32184879DE-LeaderElection386: begin an election at term 453 for -1: [f535bb4a-cba0-4f9b-9e3e-e4a48b3eda51:0.0.0.0:44706, 54aabb14-4a7d-4ab3-adbe-2e67760b87f4:0.0.0.0:43074, c652e2ee-3322-4406-8db6-1ea643cb3197:0.0.0.0:42129], old=null
2019-10-18 11:25:14,535 [grpc-default-executor-1] INFO  impl.RaftServerImpl (RaftServerImpl.java:setRole(184)) - 54aabb14-4a7d-4ab3-adbe-2e67760b87f4@group-7E32184879DE: changes role from  FOLLOWER to FOLLOWER at term 453 for recognizeCandidate:f535bb4a-cba0-4f9b-9e3e-e4a48b3eda51
2019-10-18 11:25:14,535 [grpc-default-executor-0] INFO  impl.RaftServerImpl (RaftServerImpl.java:setRole(184)) - c652e2ee-3322-4406-8db6-1ea643cb3197@group-7E32184879DE: changes role from  FOLLOWER to FOLLOWER at term 453 for recognizeCandidate:f535bb4a-cba0-4f9b-9e3e-e4a48b3eda51
2019-10-18 11:25:14,535 [grpc-default-executor-0] INFO  impl.RoleInfo (RoleInfo.java:shutdownFollowerState(121)) - c652e2ee-3322-4406-8db6-1ea643cb3197: shutdown FollowerState
2019-10-18 11:25:14,535 [grpc-default-executor-1] INFO  impl.RoleInfo (RoleInfo.java:shutdownFollowerState(121)) - 54aabb14-4a7d-4ab3-adbe-2e67760b87f4: shutdown FollowerState
2019-10-18 11:25:14,535 [Thread-2733] INFO  impl.FollowerState (FollowerState.java:run(117)) - c652e2ee-3322-4406-8db6-1ea643cb3197@group-7E32184879DE-FollowerState was interrupted: java.lang.InterruptedException: sleep interrupted
2019-10-18 11:25:14,535 [grpc-default-executor-0] INFO  impl.RoleInfo (RoleInfo.java:updateAndGet(143)) - c652e2ee-3322-4406-8db6-1ea643cb3197: start FollowerState
2019-10-18 11:25:14,535 [Thread-2734] INFO  impl.FollowerState (FollowerState.java:run(117)) - 54aabb14-4a7d-4ab3-adbe-2e67760b87f4@group-7E32184879DE-FollowerState was interrupted: java.lang.InterruptedException: sleep interrupted
2019-10-18 11:25:14,535 [grpc-default-executor-1] INFO  impl.RoleInfo (RoleInfo.java:updateAndGet(143)) - 54aabb14-4a7d-4ab3-adbe-2e67760b87f4: start FollowerState
2019-10-18 11:25:14,559 [f535bb4a-cba0-4f9b-9e3e-e4a48b3eda51@group-7E32184879DE-LeaderElection386] INFO  impl.LeaderElection (LeaderElection.java:logAndReturn(56)) - f535bb4a-cba0-4f9b-9e3e-e4a48b3eda51@group-7E32184879DE-LeaderElection386: Election REJECTED; received 2 response(s) [f535bb4a-cba0-4f9b-9e3e-e4a48b3eda51<-54aabb14-4a7d-4ab3-adbe-2e67760b87f4#0:FAIL-t453, f535bb4a-cba0-4f9b-9e3e-e4a48b3eda51<-c652e2ee-3322-4406-8db6-1ea643cb3197#0:FAIL-t453] and 0 exception(s); f535bb4a-cba0-4f9b-9e3e-e4a48b3eda51@group-7E32184879DE:t453, leader=null, voted=f535bb4a-cba0-4f9b-9e3e-e4a48b3eda51, raftlog=f535bb4a-cba0-4f9b-9e3e-e4a48b3eda51@group-7E32184879DE-SegmentedRaftLog:OPENED:c-1,f-1,i0, conf=-1: [f535bb4a-cba0-4f9b-9e3e-e4a48b3eda51:0.0.0.0:44706, 54aabb14-4a7d-4ab3-adbe-2e67760b87f4:0.0.0.0:43074, c652e2ee-3322-4406-8db6-1ea643cb3197:0.0.0.0:42129], old=null
2019-10-18 11:25:14,559 [f535bb4a-cba0-4f9b-9e3e-e4a48b3eda51@group-7E32184879DE-LeaderElection386] INFO  impl.RaftServerImpl (RaftServerImpl.java:setRole(184)) - f535bb4a-cba0-4f9b-9e3e-e4a48b3eda51@group-7E32184879DE: changes role from CANDIDATE to FOLLOWER at term 453 for DISCOVERED_A_NEW_TERM
2019-10-18 11:25:14,559 [f535bb4a-cba0-4f9b-9e3e-e4a48b3eda51@group-7E32184879DE-LeaderElection386] INFO  impl.RoleInfo (RoleInfo.java:shutdownLeaderElection(134)) - f535bb4a-cba0-4f9b-9e3e-e4a48b3eda51: shutdown LeaderElection
2019-10-18 11:25:14,559 [f535bb4a-cba0-4f9b-9e3e-e4a48b3eda51@group-7E32184879DE-LeaderElection386] INFO  impl.RoleInfo (RoleInfo.java:updateAndGet(143)) - f535bb4a-cba0-4f9b-9e3e-e4a48b3eda51: start FollowerState
2019-10-18 11:25:14,750 [Thread-2743] INFO  impl.FollowerState (FollowerState.java:run(108)) - f535bb4a-cba0-4f9b-9e3e-e4a48b3eda51@group-7E32184879DE-FollowerState: change to CANDIDATE, lastRpcTime:190ms, electionTimeout:190ms
2019-10-18 11:25:14,750 [Thread-2743] INFO  impl.RoleInfo (RoleInfo.java:shutdownFollowerState(121)) - f535bb4a-cba0-4f9b-9e3e-e4a48b3eda51: shutdown FollowerState
2019-10-18 11:25:14,750 [Thread-2743] INFO  impl.RaftServerImpl (RaftServerImpl.java:setRole(184)) - f535bb4a-cba0-4f9b-9e3e-e4a48b3eda51@group-7E32184879DE: changes role from  FOLLOWER to CANDIDATE at term 453 for changeToCandidate
2019-10-18 11:25:14,750 [Thread-2743] INFO  impl.RoleInfo (RoleInfo.java:updateAndGet(143)) - f535bb4a-cba0-4f9b-9e3e-e4a48b3eda51: start LeaderElection
2019-10-18 11:25:14,775 [f535bb4a-cba0-4f9b-9e3e-e4a48b3eda51@group-7E32184879DE-LeaderElection387] INFO  impl.LeaderElection (LeaderElection.java:askForVotes(178)) - f535bb4a-cba0-4f9b-9e3e-e4a48b3eda51@group-7E32184879DE-LeaderElection387: begin an election at term 454 for -1: [f535bb4a-cba0-4f9b-9e3e-e4a48b3eda51:0.0.0.0:44706, 54aabb14-4a7d-4ab3-adbe-2e67760b87f4:0.0.0.0:43074, c652e2ee-3322-4406-8db6-1ea643cb3197:0.0.0.0:42129], old=null
2019-10-18 11:25:14,777 [grpc-default-executor-1] INFO  impl.RaftServerImpl (RaftServerImpl.java:setRole(184)) - c652e2ee-3322-4406-8db6-1ea643cb3197@group-7E32184879DE: changes role from  FOLLOWER to FOLLOWER at term 454 for recognizeCandidate:f535bb4a-cba0-4f9b-9e3e-e4a48b3eda51
2019-10-18 11:25:14,777 [grpc-default-executor-0] INFO  impl.RaftServerImpl (RaftServerImpl.java:setRole(184)) - 54aabb14-4a7d-4ab3-adbe-2e67760b87f4@group-7E32184879DE: changes role from  FOLLOWER to FOLLOWER at term 454 for recognizeCandidate:f535bb4a-cba0-4f9b-9e3e-e4a48b3eda51
2019-10-18 11:25:14,777 [grpc-default-executor-0] INFO  impl.RoleInfo (RoleInfo.java:shutdownFollowerState(121)) - 54aabb14-4a7d-4ab3-adbe-2e67760b87f4: shutdown FollowerState
2019-10-18 11:25:14,777 [grpc-default-executor-1] INFO  impl.RoleInfo (RoleInfo.java:shutdownFollowerState(121)) - c652e2ee-3322-4406-8db6-1ea643cb3197: shutdown FollowerState
2019-10-18 11:25:14,778 [Thread-2742] INFO  impl.FollowerState (FollowerState.java:run(117)) - 54aabb14-4a7d-4ab3-adbe-2e67760b87f4@group-7E32184879DE-FollowerState was interrupted: java.lang.InterruptedException: sleep interrupted
2019-10-18 11:25:14,777 [grpc-default-executor-0] INFO  impl.RoleInfo (RoleInfo.java:updateAndGet(143)) - 54aabb14-4a7d-4ab3-adbe-2e67760b87f4: start FollowerState
2019-10-18 11:25:14,778 [Thread-2741] INFO  impl.FollowerState (FollowerState.java:run(117)) - c652e2ee-3322-4406-8db6-1ea643cb3197@group-7E32184879DE-FollowerState was interrupted: java.lang.InterruptedException: sleep interrupted
2019-10-18 11:25:14,778 [grpc-default-executor-1] INFO  impl.RoleInfo (RoleInfo.java:updateAndGet(143)) - c652e2ee-3322-4406-8db6-1ea643cb3197: start FollowerState
2019-10-18 11:25:14,801 [f535bb4a-cba0-4f9b-9e3e-e4a48b3eda51@group-7E32184879DE-LeaderElection387] INFO  impl.LeaderElection (LeaderElection.java:logAndReturn(56)) - f535bb4a-cba0-4f9b-9e3e-e4a48b3eda51@group-7E32184879DE-LeaderElection387: Election REJECTED; received 2 response(s) [f535bb4a-cba0-4f9b-9e3e-e4a48b3eda51<-54aabb14-4a7d-4ab3-adbe-2e67760b87f4#0:FAIL-t454, f535bb4a-cba0-4f9b-9e3e-e4a48b3eda51<-c652e2ee-3322-4406-8db6-1ea643cb3197#0:FAIL-t454] and 0 exception(s); f535bb4a-cba0-4f9b-9e3e-e4a48b3eda51@group-7E32184879DE:t454, leader=null, voted=f535bb4a-cba0-4f9b-9e3e-e4a48b3eda51, raftlog=f535bb4a-cba0-4f9b-9e3e-e4a48b3eda51@group-7E32184879DE-SegmentedRaftLog:OPENED:c-1,f-1,i0, conf=-1: [f535bb4a-cba0-4f9b-9e3e-e4a48b3eda51:0.0.0.0:44706, 54aabb14-4a7d-4ab3-adbe-2e67760b87f4:0.0.0.0:43074, c652e2ee-3322-4406-8db6-1ea643cb3197:0.0.0.0:42129], old=null
2019-10-18 11:25:14,801 [f535bb4a-cba0-4f9b-9e3e-e4a48b3eda51@group-7E32184879DE-LeaderElection387] INFO  impl.RaftServerImpl (RaftServerImpl.java:setRole(184)) - f535bb4a-cba0-4f9b-9e3e-e4a48b3eda51@group-7E32184879DE: changes role from CANDIDATE to FOLLOWER at term 454 for DISCOVERED_A_NEW_TERM
2019-10-18 11:25:14,801 [f535bb4a-cba0-4f9b-9e3e-e4a48b3eda51@group-7E32184879DE-LeaderElection387] INFO  impl.RoleInfo (RoleInfo.java:shutdownLeaderElection(134)) - f535bb4a-cba0-4f9b-9e3e-e4a48b3eda51: shutdown LeaderElection
2019-10-18 11:25:14,802 [f535bb4a-cba0-4f9b-9e3e-e4a48b3eda51@group-7E32184879DE-LeaderElection387] INFO  impl.RoleInfo (RoleInfo.java:updateAndGet(143)) - f535bb4a-cba0-4f9b-9e3e-e4a48b3eda51: start FollowerState
2019-10-18 11:25:14,955 [Thread-2749] INFO  impl.FollowerState (FollowerState.java:run(108)) - f535bb4a-cba0-4f9b-9e3e-e4a48b3eda51@group-7E32184879DE-FollowerState: change to CANDIDATE, lastRpcTime:153ms, electionTimeout:153ms
2019-10-18 11:25:14,955 [Thread-2749] INFO  impl.RoleInfo (RoleInfo.java:shutdownFollowerState(121)) - f535bb4a-cba0-4f9b-9e3e-e4a48b3eda51: shutdown FollowerState
2019-10-18 11:25:14,955 [Thread-2749] INFO  impl.RaftServerImpl (RaftServerImpl.java:setRole(184)) - f535bb4a-cba0-4f9b-9e3e-e4a48b3eda51@group-7E32184879DE: changes role from  FOLLOWER to CANDIDATE at term 454 for changeToCandidate
2019-10-18 11:25:14,955 [Thread-2749] INFO  impl.RoleInfo (RoleInfo.java:updateAndGet(143)) - f535bb4a-cba0-4f9b-9e3e-e4a48b3eda51: start LeaderElection
2019-10-18 11:25:14,983 [f535bb4a-cba0-4f9b-9e3e-e4a48b3eda51@group-7E32184879DE-LeaderElection388] INFO  impl.LeaderElection (LeaderElection.java:askForVotes(178)) - f535bb4a-cba0-4f9b-9e3e-e4a48b3eda51@group-7E32184879DE-LeaderElection388: begin an election at term 455 for -1: [f535bb4a-cba0-4f9b-9e3e-e4a48b3eda51:0.0.0.0:44706, 54aabb14-4a7d-4ab3-adbe-2e67760b87f4:0.0.0.0:43074, c652e2ee-3322-4406-8db6-1ea643cb3197:0.0.0.0:42129], old=null
2019-10-18 11:25:14,984 [grpc-default-executor-1] INFO  impl.RaftServerImpl (RaftServerImpl.java:setRole(184)) - 54aabb14-4a7d-4ab3-adbe-2e67760b87f4@group-7E32184879DE: changes role from  FOLLOWER to FOLLOWER at term 455 for recognizeCandidate:f535bb4a-cba0-4f9b-9e3e-e4a48b3eda51
2019-10-18 11:25:14,984 [grpc-default-executor-0] INFO  impl.RaftServerImpl (RaftServerImpl.java:setRole(184)) - c652e2ee-3322-4406-8db6-1ea643cb3197@group-7E32184879DE: changes role from  FOLLOWER to FOLLOWER at term 455 for recognizeCandidate:f535bb4a-cba0-4f9b-9e3e-e4a48b3eda51
2019-10-18 11:25:14,985 [grpc-default-executor-1] INFO  impl.RoleInfo (RoleInfo.java:shutdownFollowerState(121)) - 54aabb14-4a7d-4ab3-adbe-2e67760b87f4: shutdown FollowerState
2019-10-18 11:25:14,985 [grpc-default-executor-0] INFO  impl.RoleInfo (RoleInfo.java:shutdownFollowerState(121)) - c652e2ee-3322-4406-8db6-1ea643cb3197: shutdown FollowerState
2019-10-18 11:25:14,985 [Thread-2747] INFO  impl.FollowerState (FollowerState.java:run(117)) - 54aabb14-4a7d-4ab3-adbe-2e67760b87f4@group-7E32184879DE-FollowerState was interrupted: java.lang.InterruptedException: sleep interrupted
2019-10-18 11:25:14,985 [grpc-default-executor-1] INFO  impl.RoleInfo (RoleInfo.java:updateAndGet(143)) - 54aabb14-4a7d-4ab3-adbe-2e67760b87f4: start FollowerState
2019-10-18 11:25:14,985 [Thread-2748] INFO  impl.FollowerState (FollowerState.java:run(117)) - c652e2ee-3322-4406-8db6-1ea643cb3197@group-7E32184879DE-FollowerState was interrupted: java.lang.InterruptedException: sleep interrupted
2019-10-18 11:25:14,985 [grpc-default-executor-0] INFO  impl.RoleInfo (RoleInfo.java:updateAndGet(143)) - c652e2ee-3322-4406-8db6-1ea643cb3197: start FollowerState
2019-10-18 11:25:15,009 [f535bb4a-cba0-4f9b-9e3e-e4a48b3eda51@group-7E32184879DE-LeaderElection388] INFO  impl.LeaderElection (LeaderElection.java:logAndReturn(56)) - f535bb4a-cba0-4f9b-9e3e-e4a48b3eda51@group-7E32184879DE-LeaderElection388: Election REJECTED; received 2 response(s) [f535bb4a-cba0-4f9b-9e3e-e4a48b3eda51<-54aabb14-4a7d-4ab3-adbe-2e67760b87f4#0:FAIL-t455, f535bb4a-cba0-4f9b-9e3e-e4a48b3eda51<-c652e2ee-3322-4406-8db6-1ea643cb3197#0:FAIL-t455] and 0 exception(s); f535bb4a-cba0-4f9b-9e3e-e4a48b3eda51@group-7E32184879DE:t455, leader=null, voted=f535bb4a-cba0-4f9b-9e3e-e4a48b3eda51, raftlog=f535bb4a-cba0-4f9b-9e3e-e4a48b3eda51@group-7E32184879DE-SegmentedRaftLog:OPENED:c-1,f-1,i0, conf=-1: [f535bb4a-cba0-4f9b-9e3e-e4a48b3eda51:0.0.0.0:44706, 54aabb14-4a7d-4ab3-adbe-2e67760b87f4:0.0.0.0:43074, c652e2ee-3322-4406-8db6-1ea643cb3197:0.0.0.0:42129], old=null
2019-10-18 11:25:15,010 [f535bb4a-cba0-4f9b-9e3e-e4a48b3eda51@group-7E32184879DE-LeaderElection388] INFO  impl.RaftServerImpl (RaftServerImpl.java:setRole(184)) - f535bb4a-cba0-4f9b-9e3e-e4a48b3eda51@group-7E32184879DE: changes role from CANDIDATE to FOLLOWER at term 455 for DISCOVERED_A_NEW_TERM
2019-10-18 11:25:15,010 [f535bb4a-cba0-4f9b-9e3e-e4a48b3eda51@group-7E32184879DE-LeaderElection388] INFO  impl.RoleInfo (RoleInfo.java:shutdownLeaderElection(134)) - f535bb4a-cba0-4f9b-9e3e-e4a48b3eda51: shutdown LeaderElection
2019-10-18 11:25:15,010 [f535bb4a-cba0-4f9b-9e3e-e4a48b3eda51@group-7E32184879DE-LeaderElection388] INFO  impl.RoleInfo (RoleInfo.java:updateAndGet(143)) - f535bb4a-cba0-4f9b-9e3e-e4a48b3eda51: start FollowerState
2019-10-18 11:25:15,185 [Thread-2755] INFO  impl.FollowerState (FollowerState.java:run(108)) - f535bb4a-cba0-4f9b-9e3e-e4a48b3eda51@group-7E32184879DE-FollowerState: change to CANDIDATE, lastRpcTime:174ms, electionTimeout:174ms
2019-10-18 11:25:15,185 [Thread-2755] INFO  impl.RoleInfo (RoleInfo.java:shutdownFollowerState(121)) - f535bb4a-cba0-4f9b-9e3e-e4a48b3eda51: shutdown FollowerState
2019-10-18 11:25:15,185 [Thread-2755] INFO  impl.RaftServerImpl (RaftServerImpl.java:setRole(184)) - f535bb4a-cba0-4f9b-9e3e-e4a48b3eda51@group-7E32184879DE: changes role from  FOLLOWER to CANDIDATE at term 455 for changeToCandidate
2019-10-18 11:25:15,185 [Thread-2755] INFO  impl.RoleInfo (RoleInfo.java:updateAndGet(143)) - f535bb4a-cba0-4f9b-9e3e-e4a48b3eda51: start LeaderElection
2019-10-18 11:25:15,209 [f535bb4a-cba0-4f9b-9e3e-e4a48b3eda51@group-7E32184879DE-LeaderElection389] INFO  impl.LeaderElection (LeaderElection.java:askForVotes(178)) - f535bb4a-cba0-4f9b-9e3e-e4a48b3eda51@group-7E32184879DE-LeaderElection389: begin an election at term 456 for -1: [f535bb4a-cba0-4f9b-9e3e-e4a48b3eda51:0.0.0.0:44706, 54aabb14-4a7d-4ab3-adbe-2e67760b87f4:0.0.0.0:43074, c652e2ee-3322-4406-8db6-1ea643cb3197:0.0.0.0:42129], old=null
2019-10-18 11:25:15,211 [grpc-default-executor-1] INFO  impl.RaftServerImpl (RaftServerImpl.java:setRole(184)) - c652e2ee-3322-4406-8db6-1ea643cb3197@group-7E32184879DE: changes role from  FOLLOWER to FOLLOWER at term 456 for recognizeCandidate:f535bb4a-cba0-4f9b-9e3e-e4a48b3eda51
2019-10-18 11:25:15,211 [grpc-default-executor-1] INFO  impl.RoleInfo (RoleInfo.java:shutdownFollowerState(121)) - c652e2ee-3322-4406-8db6-1ea643cb3197: shutdown FollowerState
2019-10-18 11:25:15,211 [grpc-default-executor-0] INFO  impl.RaftServerImpl (RaftServerImpl.java:setRole(184)) - 54aabb14-4a7d-4ab3-adbe-2e67760b87f4@group-7E32184879DE: changes role from  FOLLOWER to FOLLOWER at term 456 for recognizeCandidate:f535bb4a-cba0-4f9b-9e3e-e4a48b3eda51
2019-10-18 11:25:15,211 [grpc-default-executor-0] INFO  impl.RoleInfo (RoleInfo.java:shutdownFollowerState(121)) - 54aabb14-4a7d-4ab3-adbe-2e67760b87f4: shutdown FollowerState
2019-10-18 11:25:15,211 [grpc-default-executor-0] INFO  impl.RoleInfo (RoleInfo.java:updateAndGet(143)) - 54aabb14-4a7d-4ab3-adbe-2e67760b87f4: start FollowerState
2019-10-18 11:25:15,211 [Thread-2754] INFO  impl.FollowerState (FollowerState.java:run(117)) - c652e2ee-3322-4406-8db6-1ea643cb3197@group-7E32184879DE-FollowerState was interrupted: java.lang.InterruptedException: sleep interrupted
2019-10-18 11:25:15,211 [grpc-default-executor-1] INFO  impl.RoleInfo (RoleInfo.java:updateAndGet(143)) - c652e2ee-3322-4406-8db6-1ea643cb3197: start FollowerState
2019-10-18 11:25:15,211 [Thread-2753] INFO  impl.FollowerState (FollowerState.java:run(117)) - 54aabb14-4a7d-4ab3-adbe-2e67760b87f4@group-7E32184879DE-FollowerState was interrupted: java.lang.InterruptedException: sleep interrupted
2019-10-18 11:25:15,238 [f535bb4a-cba0-4f9b-9e3e-e4a48b3eda51@group-7E32184879DE-LeaderElection389] INFO  impl.LeaderElection (LeaderElection.java:logAndReturn(56)) - f535bb4a-cba0-4f9b-9e3e-e4a48b3eda51@group-7E32184879DE-LeaderElection389: Election REJECTED; received 2 response(s) [f535bb4a-cba0-4f9b-9e3e-e4a48b3eda51<-54aabb14-4a7d-4ab3-adbe-2e67760b87f4#0:FAIL-t456, f535bb4a-cba0-4f9b-9e3e-e4a48b3eda51<-c652e2ee-3322-4406-8db6-1ea643cb3197#0:FAIL-t456] and 0 exception(s); f535bb4a-cba0-4f9b-9e3e-e4a48b3eda51@group-7E32184879DE:t456, leader=null, voted=f535bb4a-cba0-4f9b-9e3e-e4a48b3eda51, raftlog=f535bb4a-cba0-4f9b-9e3e-e4a48b3eda51@group-7E32184879DE-SegmentedRaftLog:OPENED:c-1,f-1,i0, conf=-1: [f535bb4a-cba0-4f9b-9e3e-e4a48b3eda51:0.0.0.0:44706, 54aabb14-4a7d-4ab3-adbe-2e67760b87f4:0.0.0.0:43074, c652e2ee-3322-4406-8db6-1ea643cb3197:0.0.0.0:42129], old=null
2019-10-18 11:25:15,238 [f535bb4a-cba0-4f9b-9e3e-e4a48b3eda51@group-7E32184879DE-LeaderElection389] INFO  impl.RaftServerImpl (RaftServerImpl.java:setRole(184)) - f535bb4a-cba0-4f9b-9e3e-e4a48b3eda51@group-7E32184879DE: changes role from CANDIDATE to FOLLOWER at term 456 for DISCOVERED_A_NEW_TERM
2019-10-18 11:25:15,238 [f535bb4a-cba0-4f9b-9e3e-e4a48b3eda51@group-7E32184879DE-LeaderElection389] INFO  impl.RoleInfo (RoleInfo.java:shutdownLeaderElection(134)) - f535bb4a-cba0-4f9b-9e3e-e4a48b3eda51: shutdown LeaderElection
2019-10-18 11:25:15,238 [f535bb4a-cba0-4f9b-9e3e-e4a48b3eda51@group-7E32184879DE-LeaderElection389] INFO  impl.RoleInfo (RoleInfo.java:updateAndGet(143)) - f535bb4a-cba0-4f9b-9e3e-e4a48b3eda51: start FollowerState
2019-10-18 11:25:15,350 [Thread-2761] INFO  impl.FollowerState (FollowerState.java:run(108)) - f535bb4a-cba0-4f9b-9e3e-e4a48b3eda51@group-7E32184879DE-FollowerState: change to CANDIDATE, lastRpcTime:111ms, electionTimeout:111ms
2019-10-18 11:25:15,350 [Thread-2761] INFO  impl.RoleInfo (RoleInfo.java:shutdownFollowerState(121)) - f535bb4a-cba0-4f9b-9e3e-e4a48b3eda51: shutdown FollowerState
2019-10-18 11:25:15,350 [Thread-2761] INFO  impl.RaftServerImpl (RaftServerImpl.java:setRole(184)) - f535bb4a-cba0-4f9b-9e3e-e4a48b3eda51@group-7E32184879DE: changes role from  FOLLOWER to CANDIDATE at term 456 for changeToCandidate
2019-10-18 11:25:15,350 [Thread-2761] INFO  impl.RoleInfo (RoleInfo.java:updateAndGet(143)) - f535bb4a-cba0-4f9b-9e3e-e4a48b3eda51: start LeaderElection
2019-10-18 11:25:15,375 [f535bb4a-cba0-4f9b-9e3e-e4a48b3eda51@group-7E32184879DE-LeaderElection390] INFO  impl.LeaderElection (LeaderElection.java:askForVotes(178)) - f535bb4a-cba0-4f9b-9e3e-e4a48b3eda51@group-7E32184879DE-LeaderElection390: begin an election at term 457 for -1: [f535bb4a-cba0-4f9b-9e3e-e4a48b3eda51:0.0.0.0:44706, 54aabb14-4a7d-4ab3-adbe-2e67760b87f4:0.0.0.0:43074, c652e2ee-3322-4406-8db6-1ea643cb3197:0.0.0.0:42129], old=null
2019-10-18 11:25:15,377 [grpc-default-executor-1] INFO  impl.RaftServerImpl (RaftServerImpl.java:setRole(184)) - 54aabb14-4a7d-4ab3-adbe-2e67760b87f4@group-7E32184879DE: changes role from  FOLLOWER to FOLLOWER at term 457 for recognizeCandidate:f535bb4a-cba0-4f9b-9e3e-e4a48b3eda51
2019-10-18 11:25:15,377 [grpc-default-executor-1] INFO  impl.RoleInfo (RoleInfo.java:shutdownFollowerState(121)) - 54aabb14-4a7d-4ab3-adbe-2e67760b87f4: shutdown FollowerState
2019-10-18 11:25:15,377 [grpc-default-executor-0] INFO  impl.RaftServerImpl (RaftServerImpl.java:setRole(184)) - c652e2ee-3322-4406-8db6-1ea643cb3197@group-7E32184879DE: changes role from  FOLLOWER to FOLLOWER at term 457 for recognizeCandidate:f535bb4a-cba0-4f9b-9e3e-e4a48b3eda51
2019-10-18 11:25:15,377 [grpc-default-executor-0] INFO  impl.RoleInfo (RoleInfo.java:shutdownFollowerState(121)) - c652e2ee-3322-4406-8db6-1ea643cb3197: shutdown FollowerState
2019-10-18 11:25:15,377 [Thread-2760] INFO  impl.FollowerState (FollowerState.java:run(117)) - 54aabb14-4a7d-4ab3-adbe-2e67760b87f4@group-7E32184879DE-FollowerState was interrupted: java.lang.InterruptedException: sleep interrupted
2019-10-18 11:25:15,377 [grpc-default-executor-1] INFO  impl.RoleInfo (RoleInfo.java:updateAndGet(143)) - 54aabb14-4a7d-4ab3-adbe-2e67760b87f4: start FollowerState
2019-10-18 11:25:15,378 [Thread-2759] INFO  impl.FollowerState (FollowerState.java:run(117)) - c652e2ee-3322-4406-8db6-1ea643cb3197@group-7E32184879DE-FollowerState was interrupted: java.lang.InterruptedException: sleep interrupted
2019-10-18 11:25:15,377 [grpc-default-executor-0] INFO  impl.RoleInfo (RoleInfo.java:updateAndGet(143)) - c652e2ee-3322-4406-8db6-1ea643cb3197: start FollowerState
2019-10-18 11:25:15,401 [f535bb4a-cba0-4f9b-9e3e-e4a48b3eda51@group-7E32184879DE-LeaderElection390] INFO  impl.LeaderElection (LeaderElection.java:logAndReturn(56)) - f535bb4a-cba0-4f9b-9e3e-e4a48b3eda51@group-7E32184879DE-LeaderElection390: Election REJECTED; received 2 response(s) [f535bb4a-cba0-4f9b-9e3e-e4a48b3eda51<-54aabb14-4a7d-4ab3-adbe-2e67760b87f4#0:FAIL-t457, f535bb4a-cba0-4f9b-9e3e-e4a48b3eda51<-c652e2ee-3322-4406-8db6-1ea643cb3197#0:FAIL-t457] and 0 exception(s); f535bb4a-cba0-4f9b-9e3e-e4a48b3eda51@group-7E32184879DE:t457, leader=null, voted=f535bb4a-cba0-4f9b-9e3e-e4a48b3eda51, raftlog=f535bb4a-cba0-4f9b-9e3e-e4a48b3eda51@group-7E32184879DE-SegmentedRaftLog:OPENED:c-1,f-1,i0, conf=-1: [f535bb4a-cba0-4f9b-9e3e-e4a48b3eda51:0.0.0.0:44706, 54aabb14-4a7d-4ab3-adbe-2e67760b87f4:0.0.0.0:43074, c652e2ee-3322-4406-8db6-1ea643cb3197:0.0.0.0:42129], old=null
2019-10-18 11:25:15,401 [f535bb4a-cba0-4f9b-9e3e-e4a48b3eda51@group-7E32184879DE-LeaderElection390] INFO  impl.RaftServerImpl (RaftServerImpl.java:setRole(184)) - f535bb4a-cba0-4f9b-9e3e-e4a48b3eda51@group-7E32184879DE: changes role from CANDIDATE to FOLLOWER at term 457 for DISCOVERED_A_NEW_TERM
2019-10-18 11:25:15,401 [f535bb4a-cba0-4f9b-9e3e-e4a48b3eda51@group-7E32184879DE-LeaderElection390] INFO  impl.RoleInfo (RoleInfo.java:shutdownLeaderElection(134)) - f535bb4a-cba0-4f9b-9e3e-e4a48b3eda51: shutdown LeaderElection
2019-10-18 11:25:15,402 [f535bb4a-cba0-4f9b-9e3e-e4a48b3eda51@group-7E32184879DE-LeaderElection390] INFO  impl.RoleInfo (RoleInfo.java:updateAndGet(143)) - f535bb4a-cba0-4f9b-9e3e-e4a48b3eda51: start FollowerState
2019-10-18 11:25:15,422 [Thread-2767] INFO  impl.FollowerState (FollowerState.java:run(108)) - f535bb4a-cba0-4f9b-9e3e-e4a48b3eda51@group-7E32184879DE-FollowerState: change to CANDIDATE, lastRpcTime:20ms, electionTimeout:20ms
2019-10-18 11:25:15,422 [Thread-2767] INFO  impl.RoleInfo (RoleInfo.java:shutdownFollowerState(121)) - f535bb4a-cba0-4f9b-9e3e-e4a48b3eda51: shutdown FollowerState
2019-10-18 11:25:15,422 [Thread-2767] INFO  impl.RaftServerImpl (RaftServerImpl.java:setRole(184)) - f535bb4a-cba0-4f9b-9e3e-e4a48b3eda51@group-7E32184879DE: changes role from  FOLLOWER to CANDIDATE at term 457 for changeToCandidate
2019-10-18 11:25:15,422 [Thread-2767] INFO  impl.RoleInfo (RoleInfo.java:updateAndGet(143)) - f535bb4a-cba0-4f9b-9e3e-e4a48b3eda51: start LeaderElection
2019-10-18 11:25:15,445 [f535bb4a-cba0-4f9b-9e3e-e4a48b3eda51@group-7E32184879DE-LeaderElection391] INFO  impl.LeaderElection (LeaderElection.java:askForVotes(178)) - f535bb4a-cba0-4f9b-9e3e-e4a48b3eda51@group-7E32184879DE-LeaderElection391: begin an election at term 458 for -1: [f535bb4a-cba0-4f9b-9e3e-e4a48b3eda51:0.0.0.0:44706, 54aabb14-4a7d-4ab3-adbe-2e67760b87f4:0.0.0.0:43074, c652e2ee-3322-4406-8db6-1ea643cb3197:0.0.0.0:42129], old=null
2019-10-18 11:25:15,447 [grpc-default-executor-0] INFO  impl.RaftServerImpl (RaftServerImpl.java:setRole(184)) - 54aabb14-4a7d-4ab3-adbe-2e67760b87f4@group-7E32184879DE: changes role from  FOLLOWER to FOLLOWER at term 458 for recognizeCandidate:f535bb4a-cba0-4f9b-9e3e-e4a48b3eda51
2019-10-18 11:25:15,447 [grpc-default-executor-1] INFO  impl.RaftServerImpl (RaftServerImpl.java:setRole(184)) - c652e2ee-3322-4406-8db6-1ea643cb3197@group-7E32184879DE: changes role from  FOLLOWER to FOLLOWER at term 458 for recognizeCandidate:f535bb4a-cba0-4f9b-9e3e-e4a48b3eda51
2019-10-18 11:25:15,447 [grpc-default-executor-0] INFO  impl.RoleInfo (RoleInfo.java:shutdownFollowerState(121)) - 54aabb14-4a7d-4ab3-adbe-2e67760b87f4: shutdown FollowerState
2019-10-18 11:25:15,448 [grpc-default-executor-1] INFO  impl.RoleInfo (RoleInfo.java:shutdownFollowerState(121)) - c652e2ee-3322-4406-8db6-1ea643cb3197: shutdown FollowerState
2019-10-18 11:25:15,448 [grpc-default-executor-1] INFO  impl.RoleInfo (RoleInfo.java:updateAndGet(143)) - c652e2ee-3322-4406-8db6-1ea643cb3197: start FollowerState
2019-10-18 11:25:15,448 [Thread-2765] INFO  impl.FollowerState (FollowerState.java:run(117)) - 54aabb14-4a7d-4ab3-adbe-2e67760b87f4@group-7E32184879DE-FollowerState was interrupted: java.lang.InterruptedException: sleep interrupted
2019-10-18 11:25:15,448 [grpc-default-executor-0] INFO  impl.RoleInfo (RoleInfo.java:updateAndGet(143)) - 54aabb14-4a7d-4ab3-adbe-2e67760b87f4: start FollowerState
2019-10-18 11:25:15,448 [Thread-2766] INFO  impl.FollowerState (FollowerState.java:run(117)) - c652e2ee-3322-4406-8db6-1ea643cb3197@group-7E32184879DE-FollowerState was interrupted: java.lang.InterruptedException: sleep interrupted
2019-10-18 11:25:15,459 [f535bb4a-cba0-4f9b-9e3e-e4a48b3eda51@group-7E32184879DE-LeaderElection391] INFO  impl.LeaderElection (LeaderElection.java:logAndReturn(56)) - f535bb4a-cba0-4f9b-9e3e-e4a48b3eda51@group-7E32184879DE-LeaderElection391: Election TIMEOUT; received 0 response(s) [] and 0 exception(s); f535bb4a-cba0-4f9b-9e3e-e4a48b3eda51@group-7E32184879DE:t458, leader=null, voted=f535bb4a-cba0-4f9b-9e3e-e4a48b3eda51, raftlog=f535bb4a-cba0-4f9b-9e3e-e4a48b3eda51@group-7E32184879DE-SegmentedRaftLog:OPENED:c-1,f-1,i0, conf=-1: [f535bb4a-cba0-4f9b-9e3e-e4a48b3eda51:0.0.0.0:44706, 54aabb14-4a7d-4ab3-adbe-2e67760b87f4:0.0.0.0:43074, c652e2ee-3322-4406-8db6-1ea643cb3197:0.0.0.0:42129], old=null
2019-10-18 11:25:15,503 [f535bb4a-cba0-4f9b-9e3e-e4a48b3eda51@group-7E32184879DE-LeaderElection391] INFO  impl.LeaderElection (LeaderElection.java:askForVotes(178)) - f535bb4a-cba0-4f9b-9e3e-e4a48b3eda51@group-7E32184879DE-LeaderElection391: begin an election at term 459 for -1: [f535bb4a-cba0-4f9b-9e3e-e4a48b3eda51:0.0.0.0:44706, 54aabb14-4a7d-4ab3-adbe-2e67760b87f4:0.0.0.0:43074, c652e2ee-3322-4406-8db6-1ea643cb3197:0.0.0.0:42129], old=null
2019-10-18 11:25:15,505 [grpc-default-executor-1] INFO  impl.RaftServerImpl (RaftServerImpl.java:setRole(184)) - 54aabb14-4a7d-4ab3-adbe-2e67760b87f4@group-7E32184879DE: changes role from  FOLLOWER to FOLLOWER at term 459 for recognizeCandidate:f535bb4a-cba0-4f9b-9e3e-e4a48b3eda51
2019-10-18 11:25:15,505 [grpc-default-executor-0] INFO  impl.RaftServerImpl (RaftServerImpl.java:setRole(184)) - c652e2ee-3322-4406-8db6-1ea643cb3197@group-7E32184879DE: changes role from  FOLLOWER to FOLLOWER at term 459 for recognizeCandidate:f535bb4a-cba0-4f9b-9e3e-e4a48b3eda51
2019-10-18 11:25:15,505 [grpc-default-executor-0] INFO  impl.RoleInfo (RoleInfo.java:shutdownFollowerState(121)) - c652e2ee-3322-4406-8db6-1ea643cb3197: shutdown FollowerState
2019-10-18 11:25:15,505 [grpc-default-executor-1] INFO  impl.RoleInfo (RoleInfo.java:shutdownFollowerState(121)) - 54aabb14-4a7d-4ab3-adbe-2e67760b87f4: shutdown FollowerState
2019-10-18 11:25:15,505 [Thread-2772] INFO  impl.FollowerState (FollowerState.java:run(117)) - c652e2ee-3322-4406-8db6-1ea643cb3197@group-7E32184879DE-FollowerState was interrupted: java.lang.InterruptedException: sleep interrupted
2019-10-18 11:25:15,506 [Thread-2771] INFO  impl.FollowerState (FollowerState.java:run(117)) - 54aabb14-4a7d-4ab3-adbe-2e67760b87f4@group-7E32184879DE-FollowerState was interrupted: java.lang.InterruptedException: sleep interrupted
2019-10-18 11:25:15,505 [grpc-default-executor-0] INFO  impl.RoleInfo (RoleInfo.java:updateAndGet(143)) - c652e2ee-3322-4406-8db6-1ea643cb3197: start FollowerState
2019-10-18 11:25:15,506 [grpc-default-executor-1] INFO  impl.RoleInfo (RoleInfo.java:updateAndGet(143)) - 54aabb14-4a7d-4ab3-adbe-2e67760b87f4: start FollowerState
2019-10-18 11:25:15,530 [f535bb4a-cba0-4f9b-9e3e-e4a48b3eda51@group-7E32184879DE-LeaderElection391] INFO  impl.LeaderElection (LeaderElection.java:logAndReturn(56)) - f535bb4a-cba0-4f9b-9e3e-e4a48b3eda51@group-7E32184879DE-LeaderElection391: Election REJECTED; received 2 response(s) [f535bb4a-cba0-4f9b-9e3e-e4a48b3eda51<-54aabb14-4a7d-4ab3-adbe-2e67760b87f4#0:FAIL-t459, f535bb4a-cba0-4f9b-9e3e-e4a48b3eda51<-c652e2ee-3322-4406-8db6-1ea643cb3197#0:FAIL-t459] and 0 exception(s); f535bb4a-cba0-4f9b-9e3e-e4a48b3eda51@group-7E32184879DE:t459, leader=null, voted=f535bb4a-cba0-4f9b-9e3e-e4a48b3eda51, raftlog=f535bb4a-cba0-4f9b-9e3e-e4a48b3eda51@group-7E32184879DE-SegmentedRaftLog:OPENED:c-1,f-1,i0, conf=-1: [f535bb4a-cba0-4f9b-9e3e-e4a48b3eda51:0.0.0.0:44706, 54aabb14-4a7d-4ab3-adbe-2e67760b87f4:0.0.0.0:43074, c652e2ee-3322-4406-8db6-1ea643cb3197:0.0.0.0:42129], old=null
2019-10-18 11:25:15,530 [f535bb4a-cba0-4f9b-9e3e-e4a48b3eda51@group-7E32184879DE-LeaderElection391] INFO  impl.RaftServerImpl (RaftServerImpl.java:setRole(184)) - f535bb4a-cba0-4f9b-9e3e-e4a48b3eda51@group-7E32184879DE: changes role from CANDIDATE to FOLLOWER at term 459 for DISCOVERED_A_NEW_TERM
2019-10-18 11:25:15,530 [f535bb4a-cba0-4f9b-9e3e-e4a48b3eda51@group-7E32184879DE-LeaderElection391] INFO  impl.RoleInfo (RoleInfo.java:shutdownLeaderElection(134)) - f535bb4a-cba0-4f9b-9e3e-e4a48b3eda51: shutdown LeaderElection
2019-10-18 11:25:15,530 [f535bb4a-cba0-4f9b-9e3e-e4a48b3eda51@group-7E32184879DE-LeaderElection391] INFO  impl.RoleInfo (RoleInfo.java:updateAndGet(143)) - f535bb4a-cba0-4f9b-9e3e-e4a48b3eda51: start FollowerState
2019-10-18 11:25:15,631 [Thread-2779] INFO  impl.FollowerState (FollowerState.java:run(108)) - f535bb4a-cba0-4f9b-9e3e-e4a48b3eda51@group-7E32184879DE-FollowerState: change to CANDIDATE, lastRpcTime:100ms, electionTimeout:100ms
2019-10-18 11:25:15,631 [Thread-2779] INFO  impl.RoleInfo (RoleInfo.java:shutdownFollowerState(121)) - f535bb4a-cba0-4f9b-9e3e-e4a48b3eda51: shutdown FollowerState
2019-10-18 11:25:15,631 [Thread-2779] INFO  impl.RaftServerImpl (RaftServerImpl.java:setRole(184)) - f535bb4a-cba0-4f9b-9e3e-e4a48b3eda51@group-7E32184879DE: changes role from  FOLLOWER to CANDIDATE at term 459 for changeToCandidate
2019-10-18 11:25:15,631 [Thread-2779] INFO  impl.RoleInfo (RoleInfo.java:updateAndGet(143)) - f535bb4a-cba0-4f9b-9e3e-e4a48b3eda51: start LeaderElection
2019-10-18 11:25:15,654 [f535bb4a-cba0-4f9b-9e3e-e4a48b3eda51@group-7E32184879DE-LeaderElection392] INFO  impl.LeaderElection (LeaderElection.java:askForVotes(178)) - f535bb4a-cba0-4f9b-9e3e-e4a48b3eda51@group-7E32184879DE-LeaderElection392: begin an election at term 460 for -1: [f535bb4a-cba0-4f9b-9e3e-e4a48b3eda51:0.0.0.0:44706, 54aabb14-4a7d-4ab3-adbe-2e67760b87f4:0.0.0.0:43074, c652e2ee-3322-4406-8db6-1ea643cb3197:0.0.0.0:42129], old=null
2019-10-18 11:25:15,656 [grpc-default-executor-0] INFO  impl.RaftServerImpl (RaftServerImpl.java:setRole(184)) - c652e2ee-3322-4406-8db6-1ea643cb3197@group-7E32184879DE: changes role from  FOLLOWER to FOLLOWER at term 460 for recognizeCandidate:f535bb4a-cba0-4f9b-9e3e-e4a48b3eda51
2019-10-18 11:25:15,656 [grpc-default-executor-0] INFO  impl.RoleInfo (RoleInfo.java:shutdownFollowerState(121)) - c652e2ee-3322-4406-8db6-1ea643cb3197: shutdown FollowerState
2019-10-18 11:25:15,656 [grpc-default-executor-1] INFO  impl.RaftServerImpl (RaftServerImpl.java:setRole(184)) - 54aabb14-4a7d-4ab3-adbe-2e67760b87f4@group-7E32184879DE: changes role from  FOLLOWER to FOLLOWER at term 460 for recognizeCandidate:f535bb4a-cba0-4f9b-9e3e-e4a48b3eda51
2019-10-18 11:25:15,656 [grpc-default-executor-1] INFO  impl.RoleInfo (RoleInfo.java:shutdownFollowerState(121)) - 54aabb14-4a7d-4ab3-adbe-2e67760b87f4: shutdown FollowerState
2019-10-18 11:25:15,656 [Thread-2777] INFO  impl.FollowerState (FollowerState.java:run(117)) - c652e2ee-3322-4406-8db6-1ea643cb3197@group-7E32184879DE-FollowerState was interrupted: java.lang.InterruptedException: sleep interrupted
2019-10-18 11:25:15,656 [grpc-default-executor-0] INFO  impl.RoleInfo (RoleInfo.java:updateAndGet(143)) - c652e2ee-3322-4406-8db6-1ea643cb3197: start FollowerState
2019-10-18 11:25:15,656 [Thread-2778] INFO  impl.FollowerState (FollowerState.java:run(117)) - 54aabb14-4a7d-4ab3-adbe-2e67760b87f4@group-7E32184879DE-FollowerState was interrupted: java.lang.InterruptedException: sleep interrupted
2019-10-18 11:25:15,656 [grpc-default-executor-1] INFO  impl.RoleInfo (RoleInfo.java:updateAndGet(143)) - 54aabb14-4a7d-4ab3-adbe-2e67760b87f4: start FollowerState
2019-10-18 11:25:15,697 [f535bb4a-cba0-4f9b-9e3e-e4a48b3eda51@group-7E32184879DE-LeaderElection392] INFO  impl.LeaderElection (LeaderElection.java:logAndReturn(56)) - f535bb4a-cba0-4f9b-9e3e-e4a48b3eda51@group-7E32184879DE-LeaderElection392: Election REJECTED; received 2 response(s) [f535bb4a-cba0-4f9b-9e3e-e4a48b3eda51<-54aabb14-4a7d-4ab3-adbe-2e67760b87f4#0:FAIL-t460, f535bb4a-cba0-4f9b-9e3e-e4a48b3eda51<-c652e2ee-3322-4406-8db6-1ea643cb3197#0:FAIL-t460] and 0 exception(s); f535bb4a-cba0-4f9b-9e3e-e4a48b3eda51@group-7E32184879DE:t460, leader=null, voted=f535bb4a-cba0-4f9b-9e3e-e4a48b3eda51, raftlog=f535bb4a-cba0-4f9b-9e3e-e4a48b3eda51@group-7E32184879DE-SegmentedRaftLog:OPENED:c-1,f-1,i0, conf=-1: [f535bb4a-cba0-4f9b-9e3e-e4a48b3eda51:0.0.0.0:44706, 54aabb14-4a7d-4ab3-adbe-2e67760b87f4:0.0.0.0:43074, c652e2ee-3322-4406-8db6-1ea643cb3197:0.0.0.0:42129], old=null
2019-10-18 11:25:15,697 [f535bb4a-cba0-4f9b-9e3e-e4a48b3eda51@group-7E32184879DE-LeaderElection392] INFO  impl.RaftServerImpl (RaftServerImpl.java:setRole(184)) - f535bb4a-cba0-4f9b-9e3e-e4a48b3eda51@group-7E32184879DE: changes role from CANDIDATE to FOLLOWER at term 460 for DISCOVERED_A_NEW_TERM
2019-10-18 11:25:15,697 [f535bb4a-cba0-4f9b-9e3e-e4a48b3eda51@group-7E32184879DE-LeaderElection392] INFO  impl.RoleInfo (RoleInfo.java:shutdownLeaderElection(134)) - f535bb4a-cba0-4f9b-9e3e-e4a48b3eda51: shutdown LeaderElection
2019-10-18 11:25:15,697 [f535bb4a-cba0-4f9b-9e3e-e4a48b3eda51@group-7E32184879DE-LeaderElection392] INFO  impl.RoleInfo (RoleInfo.java:updateAndGet(143)) - f535bb4a-cba0-4f9b-9e3e-e4a48b3eda51: start FollowerState
2019-10-18 11:25:15,890 [Thread-2785] INFO  impl.FollowerState (FollowerState.java:run(108)) - f535bb4a-cba0-4f9b-9e3e-e4a48b3eda51@group-7E32184879DE-FollowerState: change to CANDIDATE, lastRpcTime:192ms, electionTimeout:192ms
2019-10-18 11:25:15,890 [Thread-2785] INFO  impl.RoleInfo (RoleInfo.java:shutdownFollowerState(121)) - f535bb4a-cba0-4f9b-9e3e-e4a48b3eda51: shutdown FollowerState
2019-10-18 11:25:15,890 [Thread-2785] INFO  impl.RaftServerImpl (RaftServerImpl.java:setRole(184)) - f535bb4a-cba0-4f9b-9e3e-e4a48b3eda51@group-7E32184879DE: changes role from  FOLLOWER to CANDIDATE at term 460 for changeToCandidate
2019-10-18 11:25:15,890 [Thread-2785] INFO  impl.RoleInfo (RoleInfo.java:updateAndGet(143)) - f535bb4a-cba0-4f9b-9e3e-e4a48b3eda51: start LeaderElection
2019-10-18 11:25:15,913 [f535bb4a-cba0-4f9b-9e3e-e4a48b3eda51@group-7E32184879DE-LeaderElection393] INFO  impl.LeaderElection (LeaderElection.java:askForVotes(178)) - f535bb4a-cba0-4f9b-9e3e-e4a48b3eda51@group-7E32184879DE-LeaderElection393: begin an election at term 461 for -1: [f535bb4a-cba0-4f9b-9e3e-e4a48b3eda51:0.0.0.0:44706, 54aabb14-4a7d-4ab3-adbe-2e67760b87f4:0.0.0.0:43074, c652e2ee-3322-4406-8db6-1ea643cb3197:0.0.0.0:42129], old=null
2019-10-18 11:25:15,915 [grpc-default-executor-0] INFO  impl.RaftServerImpl (RaftServerImpl.java:setRole(184)) - 54aabb14-4a7d-4ab3-adbe-2e67760b87f4@group-7E32184879DE: changes role from  FOLLOWER to FOLLOWER at term 461 for recognizeCandidate:f535bb4a-cba0-4f9b-9e3e-e4a48b3eda51
2019-10-18 11:25:15,915 [grpc-default-executor-0] INFO  impl.RoleInfo (RoleInfo.java:shutdownFollowerState(121)) - 54aabb14-4a7d-4ab3-adbe-2e67760b87f4: shutdown FollowerState
2019-10-18 11:25:15,915 [grpc-default-executor-1] INFO  impl.RaftServerImpl (RaftServerImpl.java:setRole(184)) - c652e2ee-3322-4406-8db6-1ea643cb3197@group-7E32184879DE: changes role from  FOLLOWER to FOLLOWER at term 461 for recognizeCandidate:f535bb4a-cba0-4f9b-9e3e-e4a48b3eda51
2019-10-18 11:25:15,915 [Thread-2784] INFO  impl.FollowerState (FollowerState.java:run(117)) - 54aabb14-4a7d-4ab3-adbe-2e67760b87f4@group-7E32184879DE-FollowerState was interrupted: java.lang.InterruptedException: sleep interrupted
2019-10-18 11:25:15,915 [grpc-default-executor-0] INFO  impl.RoleInfo (RoleInfo.java:updateAndGet(143)) - 54aabb14-4a7d-4ab3-adbe-2e67760b87f4: start FollowerState
2019-10-18 11:25:15,915 [grpc-default-executor-1] INFO  impl.RoleInfo (RoleInfo.java:shutdownFollowerState(121)) - c652e2ee-3322-4406-8db6-1ea643cb3197: shutdown FollowerState
2019-10-18 11:25:15,916 [grpc-default-executor-1] INFO  impl.RoleInfo (RoleInfo.java:updateAndGet(143)) - c652e2ee-3322-4406-8db6-1ea643cb3197: start FollowerState
2019-10-18 11:25:15,916 [Thread-2783] INFO  impl.FollowerState (FollowerState.java:run(117)) - c652e2ee-3322-4406-8db6-1ea643cb3197@group-7E32184879DE-FollowerState was interrupted: java.lang.InterruptedException: sleep interrupted
2019-10-18 11:25:15,921 [f535bb4a-cba0-4f9b-9e3e-e4a48b3eda51@group-7E32184879DE-LeaderElection393] INFO  impl.LeaderElection (LeaderElection.java:logAndReturn(56)) - f535bb4a-cba0-4f9b-9e3e-e4a48b3eda51@group-7E32184879DE-LeaderElection393: Election TIMEOUT; received 0 response(s) [] and 0 exception(s); f535bb4a-cba0-4f9b-9e3e-e4a48b3eda51@group-7E32184879DE:t461, leader=null, voted=f535bb4a-cba0-4f9b-9e3e-e4a48b3eda51, raftlog=f535bb4a-cba0-4f9b-9e3e-e4a48b3eda51@group-7E32184879DE-SegmentedRaftLog:OPENED:c-1,f-1,i0, conf=-1: [f535bb4a-cba0-4f9b-9e3e-e4a48b3eda51:0.0.0.0:44706, 54aabb14-4a7d-4ab3-adbe-2e67760b87f4:0.0.0.0:43074, c652e2ee-3322-4406-8db6-1ea643cb3197:0.0.0.0:42129], old=null
2019-10-18 11:25:15,948 [f535bb4a-cba0-4f9b-9e3e-e4a48b3eda51@group-7E32184879DE-LeaderElection393] INFO  impl.LeaderElection (LeaderElection.java:askForVotes(178)) - f535bb4a-cba0-4f9b-9e3e-e4a48b3eda51@group-7E32184879DE-LeaderElection393: begin an election at term 462 for -1: [f535bb4a-cba0-4f9b-9e3e-e4a48b3eda51:0.0.0.0:44706, 54aabb14-4a7d-4ab3-adbe-2e67760b87f4:0.0.0.0:43074, c652e2ee-3322-4406-8db6-1ea643cb3197:0.0.0.0:42129], old=null
2019-10-18 11:25:15,950 [grpc-default-executor-1] INFO  impl.RaftServerImpl (RaftServerImpl.java:setRole(184)) - 54aabb14-4a7d-4ab3-adbe-2e67760b87f4@group-7E32184879DE: changes role from  FOLLOWER to FOLLOWER at term 462 for recognizeCandidate:f535bb4a-cba0-4f9b-9e3e-e4a48b3eda51
2019-10-18 11:25:15,950 [grpc-default-executor-0] INFO  impl.RaftServerImpl (RaftServerImpl.java:setRole(184)) - c652e2ee-3322-4406-8db6-1ea643cb3197@group-7E32184879DE: changes role from  FOLLOWER to FOLLOWER at term 462 for recognizeCandidate:f535bb4a-cba0-4f9b-9e3e-e4a48b3eda51
2019-10-18 11:25:15,950 [grpc-default-executor-0] INFO  impl.RoleInfo (RoleInfo.java:shutdownFollowerState(121)) - c652e2ee-3322-4406-8db6-1ea643cb3197: shutdown FollowerState
2019-10-18 11:25:15,950 [grpc-default-executor-1] INFO  impl.RoleInfo (RoleInfo.java:shutdownFollowerState(121)) - 54aabb14-4a7d-4ab3-adbe-2e67760b87f4: shutdown FollowerState
2019-10-18 11:25:15,950 [Thread-2790] INFO  impl.FollowerState (FollowerState.java:run(117)) - c652e2ee-3322-4406-8db6-1ea643cb3197@group-7E32184879DE-FollowerState was interrupted: java.lang.InterruptedException: sleep interrupted
2019-10-18 11:25:15,950 [Thread-2789] INFO  impl.FollowerState (FollowerState.java:run(117)) - 54aabb14-4a7d-4ab3-adbe-2e67760b87f4@group-7E32184879DE-FollowerState was interrupted: java.lang.InterruptedException: sleep interrupted
2019-10-18 11:25:15,950 [grpc-default-executor-0] INFO  impl.RoleInfo (RoleInfo.java:updateAndGet(143)) - c652e2ee-3322-4406-8db6-1ea643cb3197: start FollowerState
2019-10-18 11:25:15,950 [grpc-default-executor-1] INFO  impl.RoleInfo (RoleInfo.java:updateAndGet(143)) - 54aabb14-4a7d-4ab3-adbe-2e67760b87f4: start FollowerState
2019-10-18 11:25:15,974 [f535bb4a-cba0-4f9b-9e3e-e4a48b3eda51@group-7E32184879DE-LeaderElection393] INFO  impl.LeaderElection (LeaderElection.java:logAndReturn(56)) - f535bb4a-cba0-4f9b-9e3e-e4a48b3eda51@group-7E32184879DE-LeaderElection393: Election REJECTED; received 2 response(s) [f535bb4a-cba0-4f9b-9e3e-e4a48b3eda51<-54aabb14-4a7d-4ab3-adbe-2e67760b87f4#0:FAIL-t462, f535bb4a-cba0-4f9b-9e3e-e4a48b3eda51<-c652e2ee-3322-4406-8db6-1ea643cb3197#0:FAIL-t462] and 0 exception(s); f535bb4a-cba0-4f9b-9e3e-e4a48b3eda51@group-7E32184879DE:t462, leader=null, voted=f535bb4a-cba0-4f9b-9e3e-e4a48b3eda51, raftlog=f535bb4a-cba0-4f9b-9e3e-e4a48b3eda51@group-7E32184879DE-SegmentedRaftLog:OPENED:c-1,f-1,i0, conf=-1: [f535bb4a-cba0-4f9b-9e3e-e4a48b3eda51:0.0.0.0:44706, 54aabb14-4a7d-4ab3-adbe-2e67760b87f4:0.0.0.0:43074, c652e2ee-3322-4406-8db6-1ea643cb3197:0.0.0.0:42129], old=null
2019-10-18 11:25:15,974 [f535bb4a-cba0-4f9b-9e3e-e4a48b3eda51@group-7E32184879DE-LeaderElection393] INFO  impl.RaftServerImpl (RaftServerImpl.java:setRole(184)) - f535bb4a-cba0-4f9b-9e3e-e4a48b3eda51@group-7E32184879DE: changes role from CANDIDATE to FOLLOWER at term 462 for DISCOVERED_A_NEW_TERM
2019-10-18 11:25:15,975 [f535bb4a-cba0-4f9b-9e3e-e4a48b3eda51@group-7E32184879DE-LeaderElection393] INFO  impl.RoleInfo (RoleInfo.java:shutdownLeaderElection(134)) - f535bb4a-cba0-4f9b-9e3e-e4a48b3eda51: shutdown LeaderElection
2019-10-18 11:25:15,975 [f535bb4a-cba0-4f9b-9e3e-e4a48b3eda51@group-7E32184879DE-LeaderElection393] INFO  impl.RoleInfo (RoleInfo.java:updateAndGet(143)) - f535bb4a-cba0-4f9b-9e3e-e4a48b3eda51: start FollowerState
2019-10-18 11:25:16,131 [Thread-2795] INFO  impl.FollowerState (FollowerState.java:run(108)) - f535bb4a-cba0-4f9b-9e3e-e4a48b3eda51@group-7E32184879DE-FollowerState: change to CANDIDATE, lastRpcTime:156ms, electionTimeout:156ms
2019-10-18 11:25:16,131 [Thread-2795] INFO  impl.RoleInfo (RoleInfo.java:shutdownFollowerState(121)) - f535bb4a-cba0-4f9b-9e3e-e4a48b3eda51: shutdown FollowerState
2019-10-18 11:25:16,131 [Thread-2795] INFO  impl.RaftServerImpl (RaftServerImpl.java:setRole(184)) - f535bb4a-cba0-4f9b-9e3e-e4a48b3eda51@group-7E32184879DE: changes role from  FOLLOWER to CANDIDATE at term 462 for changeToCandidate
2019-10-18 11:25:16,132 [Thread-2795] INFO  impl.RoleInfo (RoleInfo.java:updateAndGet(143)) - f535bb4a-cba0-4f9b-9e3e-e4a48b3eda51: start LeaderElection
2019-10-18 11:25:16,157 [f535bb4a-cba0-4f9b-9e3e-e4a48b3eda51@group-7E32184879DE-LeaderElection394] INFO  impl.LeaderElection (LeaderElection.java:askForVotes(178)) - f535bb4a-cba0-4f9b-9e3e-e4a48b3eda51@group-7E32184879DE-LeaderElection394: begin an election at term 463 for -1: [f535bb4a-cba0-4f9b-9e3e-e4a48b3eda51:0.0.0.0:44706, 54aabb14-4a7d-4ab3-adbe-2e67760b87f4:0.0.0.0:43074, c652e2ee-3322-4406-8db6-1ea643cb3197:0.0.0.0:42129], old=null
2019-10-18 11:25:16,159 [grpc-default-executor-0] INFO  impl.RaftServerImpl (RaftServerImpl.java:setRole(184)) - 54aabb14-4a7d-4ab3-adbe-2e67760b87f4@group-7E32184879DE: changes role from  FOLLOWER to FOLLOWER at term 463 for recognizeCandidate:f535bb4a-cba0-4f9b-9e3e-e4a48b3eda51
2019-10-18 11:25:16,159 [grpc-default-executor-1] INFO  impl.RaftServerImpl (RaftServerImpl.java:setRole(184)) - c652e2ee-3322-4406-8db6-1ea643cb3197@group-7E32184879DE: changes role from  FOLLOWER to FOLLOWER at term 463 for recognizeCandidate:f535bb4a-cba0-4f9b-9e3e-e4a48b3eda51
2019-10-18 11:25:16,159 [grpc-default-executor-1] INFO  impl.RoleInfo (RoleInfo.java:shutdownFollowerState(121)) - c652e2ee-3322-4406-8db6-1ea643cb3197: shutdown FollowerState
2019-10-18 11:25:16,159 [grpc-default-executor-0] INFO  impl.RoleInfo (RoleInfo.java:shutdownFollowerState(121)) - 54aabb14-4a7d-4ab3-adbe-2e67760b87f4: shutdown FollowerState
2019-10-18 11:25:16,159 [grpc-default-executor-0] INFO  impl.RoleInfo (RoleInfo.java:updateAndGet(143)) - 54aabb14-4a7d-4ab3-adbe-2e67760b87f4: start FollowerState
2019-10-18 11:25:16,159 [Thread-2793] INFO  impl.FollowerState (FollowerState.java:run(117)) - c652e2ee-3322-4406-8db6-1ea643cb3197@group-7E32184879DE-FollowerState was interrupted: java.lang.InterruptedException: sleep interrupted
2019-10-18 11:25:16,159 [grpc-default-executor-1] INFO  impl.RoleInfo (RoleInfo.java:updateAndGet(143)) - c652e2ee-3322-4406-8db6-1ea643cb3197: start FollowerState
2019-10-18 11:25:16,159 [Thread-2794] INFO  impl.FollowerState (FollowerState.java:run(117)) - 54aabb14-4a7d-4ab3-adbe-2e67760b87f4@group-7E32184879DE-FollowerState was interrupted: java.lang.InterruptedException: sleep interrupted
2019-10-18 11:25:16,183 [f535bb4a-cba0-4f9b-9e3e-e4a48b3eda51@group-7E32184879DE-LeaderElection394] INFO  impl.LeaderElection (LeaderElection.java:logAndReturn(56)) - f535bb4a-cba0-4f9b-9e3e-e4a48b3eda51@group-7E32184879DE-LeaderElection394: Election REJECTED; received 2 response(s) [f535bb4a-cba0-4f9b-9e3e-e4a48b3eda51<-54aabb14-4a7d-4ab3-adbe-2e67760b87f4#0:FAIL-t463, f535bb4a-cba0-4f9b-9e3e-e4a48b3eda51<-c652e2ee-3322-4406-8db6-1ea643cb3197#0:FAIL-t463] and 0 exception(s); f535bb4a-cba0-4f9b-9e3e-e4a48b3eda51@group-7E32184879DE:t463, leader=null, voted=f535bb4a-cba0-4f9b-9e3e-e4a48b3eda51, raftlog=f535bb4a-cba0-4f9b-9e3e-e4a48b3eda51@group-7E32184879DE-SegmentedRaftLog:OPENED:c-1,f-1,i0, conf=-1: [f535bb4a-cba0-4f9b-9e3e-e4a48b3eda51:0.0.0.0:44706, 54aabb14-4a7d-4ab3-adbe-2e67760b87f4:0.0.0.0:43074, c652e2ee-3322-4406-8db6-1ea643cb3197:0.0.0.0:42129], old=null
2019-10-18 11:25:16,183 [f535bb4a-cba0-4f9b-9e3e-e4a48b3eda51@group-7E32184879DE-LeaderElection394] INFO  impl.RaftServerImpl (RaftServerImpl.java:setRole(184)) - f535bb4a-cba0-4f9b-9e3e-e4a48b3eda51@group-7E32184879DE: changes role from CANDIDATE to FOLLOWER at term 463 for DISCOVERED_A_NEW_TERM
2019-10-18 11:25:16,183 [f535bb4a-cba0-4f9b-9e3e-e4a48b3eda51@group-7E32184879DE-LeaderElection394] INFO  impl.RoleInfo (RoleInfo.java:shutdownLeaderElection(134)) - f535bb4a-cba0-4f9b-9e3e-e4a48b3eda51: shutdown LeaderElection
2019-10-18 11:25:16,183 [f535bb4a-cba0-4f9b-9e3e-e4a48b3eda51@group-7E32184879DE-LeaderElection394] INFO  impl.RoleInfo (RoleInfo.java:updateAndGet(143)) - f535bb4a-cba0-4f9b-9e3e-e4a48b3eda51: start FollowerState
2019-10-18 11:25:16,256 [Thread-2801] INFO  impl.FollowerState (FollowerState.java:run(108)) - f535bb4a-cba0-4f9b-9e3e-e4a48b3eda51@group-7E32184879DE-FollowerState: change to CANDIDATE, lastRpcTime:72ms, electionTimeout:72ms
2019-10-18 11:25:16,256 [Thread-2801] INFO  impl.RoleInfo (RoleInfo.java:shutdownFollowerState(121)) - f535bb4a-cba0-4f9b-9e3e-e4a48b3eda51: shutdown FollowerState
2019-10-18 11:25:16,256 [Thread-2801] INFO  impl.RaftServerImpl (RaftServerImpl.java:setRole(184)) - f535bb4a-cba0-4f9b-9e3e-e4a48b3eda51@group-7E32184879DE: changes role from  FOLLOWER to CANDIDATE at term 463 for changeToCandidate
2019-10-18 11:25:16,256 [Thread-2801] INFO  impl.RoleInfo (RoleInfo.java:updateAndGet(143)) - f535bb4a-cba0-4f9b-9e3e-e4a48b3eda51: start LeaderElection
2019-10-18 11:25:16,283 [f535bb4a-cba0-4f9b-9e3e-e4a48b3eda51@group-7E32184879DE-LeaderElection395] INFO  impl.LeaderElection (LeaderElection.java:askForVotes(178)) - f535bb4a-cba0-4f9b-9e3e-e4a48b3eda51@group-7E32184879DE-LeaderElection395: begin an election at term 464 for -1: [f535bb4a-cba0-4f9b-9e3e-e4a48b3eda51:0.0.0.0:44706, 54aabb14-4a7d-4ab3-adbe-2e67760b87f4:0.0.0.0:43074, c652e2ee-3322-4406-8db6-1ea643cb3197:0.0.0.0:42129], old=null
2019-10-18 11:25:16,285 [grpc-default-executor-1] INFO  impl.RaftServerImpl (RaftServerImpl.java:setRole(184)) - c652e2ee-3322-4406-8db6-1ea643cb3197@group-7E32184879DE: changes role from  FOLLOWER to FOLLOWER at term 464 for recognizeCandidate:f535bb4a-cba0-4f9b-9e3e-e4a48b3eda51
2019-10-18 11:25:16,285 [grpc-default-executor-0] INFO  impl.RaftServerImpl (RaftServerImpl.java:setRole(184)) - 54aabb14-4a7d-4ab3-adbe-2e67760b87f4@group-7E32184879DE: changes role from  FOLLOWER to FOLLOWER at term 464 for recognizeCandidate:f535bb4a-cba0-4f9b-9e3e-e4a48b3eda51
2019-10-18 11:25:16,285 [grpc-default-executor-0] INFO  impl.RoleInfo (RoleInfo.java:shutdownFollowerState(121)) - 54aabb14-4a7d-4ab3-adbe-2e67760b87f4: shutdown FollowerState
2019-10-18 11:25:16,285 [grpc-default-executor-1] INFO  impl.RoleInfo (RoleInfo.java:shutdownFollowerState(121)) - c652e2ee-3322-4406-8db6-1ea643cb3197: shutdown FollowerState
2019-10-18 11:25:16,285 [Thread-2800] INFO  impl.FollowerState (FollowerState.java:run(117)) - 54aabb14-4a7d-4ab3-adbe-2e67760b87f4@group-7E32184879DE-FollowerState was interrupted: java.lang.InterruptedException: sleep interrupted
2019-10-18 11:25:16,285 [grpc-default-executor-0] INFO  impl.RoleInfo (RoleInfo.java:updateAndGet(143)) - 54aabb14-4a7d-4ab3-adbe-2e67760b87f4: start FollowerState
2019-10-18 11:25:16,285 [Thread-2799] INFO  impl.FollowerState (FollowerState.java:run(117)) - c652e2ee-3322-4406-8db6-1ea643cb3197@group-7E32184879DE-FollowerState was interrupted: java.lang.InterruptedException: sleep interrupted
2019-10-18 11:25:16,285 [grpc-default-executor-1] INFO  impl.RoleInfo (RoleInfo.java:updateAndGet(143)) - c652e2ee-3322-4406-8db6-1ea643cb3197: start FollowerState
2019-10-18 11:25:16,309 [f535bb4a-cba0-4f9b-9e3e-e4a48b3eda51@group-7E32184879DE-LeaderElection395] INFO  impl.LeaderElection (LeaderElection.java:logAndReturn(56)) - f535bb4a-cba0-4f9b-9e3e-e4a48b3eda51@group-7E32184879DE-LeaderElection395: Election REJECTED; received 2 response(s) [f535bb4a-cba0-4f9b-9e3e-e4a48b3eda51<-54aabb14-4a7d-4ab3-adbe-2e67760b87f4#0:FAIL-t464, f535bb4a-cba0-4f9b-9e3e-e4a48b3eda51<-c652e2ee-3322-4406-8db6-1ea643cb3197#0:FAIL-t464] and 0 exception(s); f535bb4a-cba0-4f9b-9e3e-e4a48b3eda51@group-7E32184879DE:t464, leader=null, voted=f535bb4a-cba0-4f9b-9e3e-e4a48b3eda51, raftlog=f535bb4a-cba0-4f9b-9e3e-e4a48b3eda51@group-7E32184879DE-SegmentedRaftLog:OPENED:c-1,f-1,i0, conf=-1: [f535bb4a-cba0-4f9b-9e3e-e4a48b3eda51:0.0.0.0:44706, 54aabb14-4a7d-4ab3-adbe-2e67760b87f4:0.0.0.0:43074, c652e2ee-3322-4406-8db6-1ea643cb3197:0.0.0.0:42129], old=null
2019-10-18 11:25:16,309 [f535bb4a-cba0-4f9b-9e3e-e4a48b3eda51@group-7E32184879DE-LeaderElection395] INFO  impl.RaftServerImpl (RaftServerImpl.java:setRole(184)) - f535bb4a-cba0-4f9b-9e3e-e4a48b3eda51@group-7E32184879DE: changes role from CANDIDATE to FOLLOWER at term 464 for DISCOVERED_A_NEW_TERM
2019-10-18 11:25:16,309 [f535bb4a-cba0-4f9b-9e3e-e4a48b3eda51@group-7E32184879DE-LeaderElection395] INFO  impl.RoleInfo (RoleInfo.java:shutdownLeaderElection(134)) - f535bb4a-cba0-4f9b-9e3e-e4a48b3eda51: shutdown LeaderElection
2019-10-18 11:25:16,309 [f535bb4a-cba0-4f9b-9e3e-e4a48b3eda51@group-7E32184879DE-LeaderElection395] INFO  impl.RoleInfo (RoleInfo.java:updateAndGet(143)) - f535bb4a-cba0-4f9b-9e3e-e4a48b3eda51: start FollowerState
2019-10-18 11:25:16,470 [Thread-2807] INFO  impl.FollowerState (FollowerState.java:run(108)) - f535bb4a-cba0-4f9b-9e3e-e4a48b3eda51@group-7E32184879DE-FollowerState: change to CANDIDATE, lastRpcTime:160ms, electionTimeout:160ms
2019-10-18 11:25:16,470 [Thread-2807] INFO  impl.RoleInfo (RoleInfo.java:shutdownFollowerState(121)) - f535bb4a-cba0-4f9b-9e3e-e4a48b3eda51: shutdown FollowerState
2019-10-18 11:25:16,470 [Thread-2807] INFO  impl.RaftServerImpl (RaftServerImpl.java:setRole(184)) - f535bb4a-cba0-4f9b-9e3e-e4a48b3eda51@group-7E32184879DE: changes role from  FOLLOWER to CANDIDATE at term 464 for changeToCandidate
2019-10-18 11:25:16,470 [Thread-2807] INFO  impl.RoleInfo (RoleInfo.java:updateAndGet(143)) - f535bb4a-cba0-4f9b-9e3e-e4a48b3eda51: start LeaderElection
2019-10-18 11:25:16,500 [f535bb4a-cba0-4f9b-9e3e-e4a48b3eda51@group-7E32184879DE-LeaderElection396] INFO  impl.LeaderElection (LeaderElection.java:askForVotes(178)) - f535bb4a-cba0-4f9b-9e3e-e4a48b3eda51@group-7E32184879DE-LeaderElection396: begin an election at term 465 for -1: [f535bb4a-cba0-4f9b-9e3e-e4a48b3eda51:0.0.0.0:44706, 54aabb14-4a7d-4ab3-adbe-2e67760b87f4:0.0.0.0:43074, c652e2ee-3322-4406-8db6-1ea643cb3197:0.0.0.0:42129], old=null
2019-10-18 11:25:16,502 [grpc-default-executor-1] INFO  impl.RaftServerImpl (RaftServerImpl.java:setRole(184)) - 54aabb14-4a7d-4ab3-adbe-2e67760b87f4@group-7E32184879DE: changes role from  FOLLOWER to FOLLOWER at term 465 for recognizeCandidate:f535bb4a-cba0-4f9b-9e3e-e4a48b3eda51
2019-10-18 11:25:16,502 [grpc-default-executor-1] INFO  impl.RoleInfo (RoleInfo.java:shutdownFollowerState(121)) - 54aabb14-4a7d-4ab3-adbe-2e67760b87f4: shutdown FollowerState
2019-10-18 11:25:16,502 [grpc-default-executor-1] INFO  impl.RoleInfo (RoleInfo.java:updateAndGet(143)) - 54aabb14-4a7d-4ab3-adbe-2e67760b87f4: start FollowerState
2019-10-18 11:25:16,502 [Thread-2805] INFO  impl.FollowerState (FollowerState.java:run(117)) - 54aabb14-4a7d-4ab3-adbe-2e67760b87f4@group-7E32184879DE-FollowerState was interrupted: java.lang.InterruptedException: sleep interrupted
2019-10-18 11:25:16,502 [grpc-default-executor-0] INFO  impl.RaftServerImpl (RaftServerImpl.java:setRole(184)) - c652e2ee-3322-4406-8db6-1ea643cb3197@group-7E32184879DE: changes role from  FOLLOWER to FOLLOWER at term 465 for recognizeCandidate:f535bb4a-cba0-4f9b-9e3e-e4a48b3eda51
2019-10-18 11:25:16,503 [grpc-default-executor-0] INFO  impl.RoleInfo (RoleInfo.java:shutdownFollowerState(121)) - c652e2ee-3322-4406-8db6-1ea643cb3197: shutdown FollowerState
2019-10-18 11:25:16,503 [grpc-default-executor-0] INFO  impl.RoleInfo (RoleInfo.java:updateAndGet(143)) - c652e2ee-3322-4406-8db6-1ea643cb3197: start FollowerState
2019-10-18 11:25:16,503 [Thread-2806] INFO  impl.FollowerState (FollowerState.java:run(117)) - c652e2ee-3322-4406-8db6-1ea643cb3197@group-7E32184879DE-FollowerState was interrupted: java.lang.InterruptedException: sleep interrupted
2019-10-18 11:25:16,526 [f535bb4a-cba0-4f9b-9e3e-e4a48b3eda51@group-7E32184879DE-LeaderElection396] INFO  impl.LeaderElection (LeaderElection.java:logAndReturn(56)) - f535bb4a-cba0-4f9b-9e3e-e4a48b3eda51@group-7E32184879DE-LeaderElection396: Election REJECTED; received 2 response(s) [f535bb4a-cba0-4f9b-9e3e-e4a48b3eda51<-54aabb14-4a7d-4ab3-adbe-2e67760b87f4#0:FAIL-t465, f535bb4a-cba0-4f9b-9e3e-e4a48b3eda51<-c652e2ee-3322-4406-8db6-1ea643cb3197#0:FAIL-t465] and 0 exception(s); f535bb4a-cba0-4f9b-9e3e-e4a48b3eda51@group-7E32184879DE:t465, leader=null, voted=f535bb4a-cba0-4f9b-9e3e-e4a48b3eda51, raftlog=f535bb4a-cba0-4f9b-9e3e-e4a48b3eda51@group-7E32184879DE-SegmentedRaftLog:OPENED:c-1,f-1,i0, conf=-1: [f535bb4a-cba0-4f9b-9e3e-e4a48b3eda51:0.0.0.0:44706, 54aabb14-4a7d-4ab3-adbe-2e67760b87f4:0.0.0.0:43074, c652e2ee-3322-4406-8db6-1ea643cb3197:0.0.0.0:42129], old=null
2019-10-18 11:25:16,527 [f535bb4a-cba0-4f9b-9e3e-e4a48b3eda51@group-7E32184879DE-LeaderElection396] INFO  impl.RaftServerImpl (RaftServerImpl.java:setRole(184)) - f535bb4a-cba0-4f9b-9e3e-e4a48b3eda51@group-7E32184879DE: changes role from CANDIDATE to FOLLOWER at term 465 for DISCOVERED_A_NEW_TERM
2019-10-18 11:25:16,527 [f535bb4a-cba0-4f9b-9e3e-e4a48b3eda51@group-7E32184879DE-LeaderElection396] INFO  impl.RoleInfo (RoleInfo.java:shutdownLeaderElection(134)) - f535bb4a-cba0-4f9b-9e3e-e4a48b3eda51: shutdown LeaderElection
2019-10-18 11:25:16,527 [f535bb4a-cba0-4f9b-9e3e-e4a48b3eda51@group-7E32184879DE-LeaderElection396] INFO  impl.RoleInfo (RoleInfo.java:updateAndGet(143)) - f535bb4a-cba0-4f9b-9e3e-e4a48b3eda51: start FollowerState
2019-10-18 11:25:16,695 [Thread-2815] INFO  impl.FollowerState (FollowerState.java:run(108)) - f535bb4a-cba0-4f9b-9e3e-e4a48b3eda51@group-7E32184879DE-FollowerState: change to CANDIDATE, lastRpcTime:168ms, electionTimeout:168ms
2019-10-18 11:25:16,695 [Thread-2815] INFO  impl.RoleInfo (RoleInfo.java:shutdownFollowerState(121)) - f535bb4a-cba0-4f9b-9e3e-e4a48b3eda51: shutdown FollowerState
2019-10-18 11:25:16,696 [Thread-2815] INFO  impl.RaftServerImpl (RaftServerImpl.java:setRole(184)) - f535bb4a-cba0-4f9b-9e3e-e4a48b3eda51@group-7E32184879DE: changes role from  FOLLOWER to CANDIDATE at term 465 for changeToCandidate
2019-10-18 11:25:16,696 [Thread-2815] INFO  impl.RoleInfo (RoleInfo.java:updateAndGet(143)) - f535bb4a-cba0-4f9b-9e3e-e4a48b3eda51: start LeaderElection
2019-10-18 11:25:16,726 [f535bb4a-cba0-4f9b-9e3e-e4a48b3eda51@group-7E32184879DE-LeaderElection397] INFO  impl.LeaderElection (LeaderElection.java:askForVotes(178)) - f535bb4a-cba0-4f9b-9e3e-e4a48b3eda51@group-7E32184879DE-LeaderElection397: begin an election at term 466 for -1: [f535bb4a-cba0-4f9b-9e3e-e4a48b3eda51:0.0.0.0:44706, 54aabb14-4a7d-4ab3-adbe-2e67760b87f4:0.0.0.0:43074, c652e2ee-3322-4406-8db6-1ea643cb3197:0.0.0.0:42129], old=null
2019-10-18 11:25:16,728 [grpc-default-executor-0] INFO  impl.RaftServerImpl (RaftServerImpl.java:setRole(184)) - 54aabb14-4a7d-4ab3-adbe-2e67760b87f4@group-7E32184879DE: changes role from  FOLLOWER to FOLLOWER at term 466 for recognizeCandidate:f535bb4a-cba0-4f9b-9e3e-e4a48b3eda51
2019-10-18 11:25:16,728 [grpc-default-executor-1] INFO  impl.RaftServerImpl (RaftServerImpl.java:setRole(184)) - c652e2ee-3322-4406-8db6-1ea643cb3197@group-7E32184879DE: changes role from  FOLLOWER to FOLLOWER at term 466 for recognizeCandidate:f535bb4a-cba0-4f9b-9e3e-e4a48b3eda51
2019-10-18 11:25:16,728 [grpc-default-executor-0] INFO  impl.RoleInfo (RoleInfo.java:shutdownFollowerState(121)) - 54aabb14-4a7d-4ab3-adbe-2e67760b87f4: shutdown FollowerState
2019-10-18 11:25:16,729 [grpc-default-executor-1] INFO  impl.RoleInfo (RoleInfo.java:shutdownFollowerState(121)) - c652e2ee-3322-4406-8db6-1ea643cb3197: shutdown FollowerState
2019-10-18 11:25:16,729 [Thread-2813] INFO  impl.FollowerState (FollowerState.java:run(117)) - 54aabb14-4a7d-4ab3-adbe-2e67760b87f4@group-7E32184879DE-FollowerState was interrupted: java.lang.InterruptedException: sleep interrupted
2019-10-18 11:25:16,729 [grpc-default-executor-0] INFO  impl.RoleInfo (RoleInfo.java:updateAndGet(143)) - 54aabb14-4a7d-4ab3-adbe-2e67760b87f4: start FollowerState
2019-10-18 11:25:16,729 [Thread-2814] INFO  impl.FollowerState (FollowerState.java:run(117)) - c652e2ee-3322-4406-8db6-1ea643cb3197@group-7E32184879DE-FollowerState was interrupted: java.lang.InterruptedException: sleep interrupted
2019-10-18 11:25:16,729 [grpc-default-executor-1] INFO  impl.RoleInfo (RoleInfo.java:updateAndGet(143)) - c652e2ee-3322-4406-8db6-1ea643cb3197: start FollowerState
2019-10-18 11:25:16,752 [f535bb4a-cba0-4f9b-9e3e-e4a48b3eda51@group-7E32184879DE-LeaderElection397] INFO  impl.LeaderElection (LeaderElection.java:logAndReturn(56)) - f535bb4a-cba0-4f9b-9e3e-e4a48b3eda51@group-7E32184879DE-LeaderElection397: Election REJECTED; received 2 response(s) [f535bb4a-cba0-4f9b-9e3e-e4a48b3eda51<-54aabb14-4a7d-4ab3-adbe-2e67760b87f4#0:FAIL-t466, f535bb4a-cba0-4f9b-9e3e-e4a48b3eda51<-c652e2ee-3322-4406-8db6-1ea643cb3197#0:FAIL-t466] and 0 exception(s); f535bb4a-cba0-4f9b-9e3e-e4a48b3eda51@group-7E32184879DE:t466, leader=null, voted=f535bb4a-cba0-4f9b-9e3e-e4a48b3eda51, raftlog=f535bb4a-cba0-4f9b-9e3e-e4a48b3eda51@group-7E32184879DE-SegmentedRaftLog:OPENED:c-1,f-1,i0, conf=-1: [f535bb4a-cba0-4f9b-9e3e-e4a48b3eda51:0.0.0.0:44706, 54aabb14-4a7d-4ab3-adbe-2e67760b87f4:0.0.0.0:43074, c652e2ee-3322-4406-8db6-1ea643cb3197:0.0.0.0:42129], old=null
2019-10-18 11:25:16,752 [f535bb4a-cba0-4f9b-9e3e-e4a48b3eda51@group-7E32184879DE-LeaderElection397] INFO  impl.RaftServerImpl (RaftServerImpl.java:setRole(184)) - f535bb4a-cba0-4f9b-9e3e-e4a48b3eda51@group-7E32184879DE: changes role from CANDIDATE to FOLLOWER at term 466 for DISCOVERED_A_NEW_TERM
2019-10-18 11:25:16,752 [f535bb4a-cba0-4f9b-9e3e-e4a48b3eda51@group-7E32184879DE-LeaderElection397] INFO  impl.RoleInfo (RoleInfo.java:shutdownLeaderElection(134)) - f535bb4a-cba0-4f9b-9e3e-e4a48b3eda51: shutdown LeaderElection
2019-10-18 11:25:16,753 [f535bb4a-cba0-4f9b-9e3e-e4a48b3eda51@group-7E32184879DE-LeaderElection397] INFO  impl.RoleInfo (RoleInfo.java:updateAndGet(143)) - f535bb4a-cba0-4f9b-9e3e-e4a48b3eda51: start FollowerState
2019-10-18 11:25:16,770 [Thread-2821] INFO  impl.FollowerState (FollowerState.java:run(108)) - f535bb4a-cba0-4f9b-9e3e-e4a48b3eda51@group-7E32184879DE-FollowerState: change to CANDIDATE, lastRpcTime:17ms, electionTimeout:17ms
2019-10-18 11:25:16,770 [Thread-2821] INFO  impl.RoleInfo (RoleInfo.java:shutdownFollowerState(121)) - f535bb4a-cba0-4f9b-9e3e-e4a48b3eda51: shutdown FollowerState
2019-10-18 11:25:16,770 [Thread-2821] INFO  impl.RaftServerImpl (RaftServerImpl.java:setRole(184)) - f535bb4a-cba0-4f9b-9e3e-e4a48b3eda51@group-7E32184879DE: changes role from  FOLLOWER to CANDIDATE at term 466 for changeToCandidate
2019-10-18 11:25:16,770 [Thread-2821] INFO  impl.RoleInfo (RoleInfo.java:updateAndGet(143)) - f535bb4a-cba0-4f9b-9e3e-e4a48b3eda51: start LeaderElection
2019-10-18 11:25:16,794 [f535bb4a-cba0-4f9b-9e3e-e4a48b3eda51@group-7E32184879DE-LeaderElection398] INFO  impl.LeaderElection (LeaderElection.java:askForVotes(178)) - f535bb4a-cba0-4f9b-9e3e-e4a48b3eda51@group-7E32184879DE-LeaderElection398: begin an election at term 467 for -1: [f535bb4a-cba0-4f9b-9e3e-e4a48b3eda51:0.0.0.0:44706, 54aabb14-4a7d-4ab3-adbe-2e67760b87f4:0.0.0.0:43074, c652e2ee-3322-4406-8db6-1ea643cb3197:0.0.0.0:42129], old=null
2019-10-18 11:25:16,796 [grpc-default-executor-1] INFO  impl.RaftServerImpl (RaftServerImpl.java:setRole(184)) - 54aabb14-4a7d-4ab3-adbe-2e67760b87f4@group-7E32184879DE: changes role from  FOLLOWER to FOLLOWER at term 467 for recognizeCandidate:f535bb4a-cba0-4f9b-9e3e-e4a48b3eda51
2019-10-18 11:25:16,796 [grpc-default-executor-0] INFO  impl.RaftServerImpl (RaftServerImpl.java:setRole(184)) - c652e2ee-3322-4406-8db6-1ea643cb3197@group-7E32184879DE: changes role from  FOLLOWER to FOLLOWER at term 467 for recognizeCandidate:f535bb4a-cba0-4f9b-9e3e-e4a48b3eda51
2019-10-18 11:25:16,796 [grpc-default-executor-1] INFO  impl.RoleInfo (RoleInfo.java:shutdownFollowerState(121)) - 54aabb14-4a7d-4ab3-adbe-2e67760b87f4: shutdown FollowerState
2019-10-18 11:25:16,796 [grpc-default-executor-0] INFO  impl.RoleInfo (RoleInfo.java:shutdownFollowerState(121)) - c652e2ee-3322-4406-8db6-1ea643cb3197: shutdown FollowerState
2019-10-18 11:25:16,796 [Thread-2819] INFO  impl.FollowerState (FollowerState.java:run(117)) - 54aabb14-4a7d-4ab3-adbe-2e67760b87f4@group-7E32184879DE-FollowerState was interrupted: java.lang.InterruptedException: sleep interrupted
2019-10-18 11:25:16,796 [grpc-default-executor-1] INFO  impl.RoleInfo (RoleInfo.java:updateAndGet(143)) - 54aabb14-4a7d-4ab3-adbe-2e67760b87f4: start FollowerState
2019-10-18 11:25:16,796 [Thread-2820] INFO  impl.FollowerState (FollowerState.java:run(117)) - c652e2ee-3322-4406-8db6-1ea643cb3197@group-7E32184879DE-FollowerState was interrupted: java.lang.InterruptedException: sleep interrupted
2019-10-18 11:25:16,796 [grpc-default-executor-0] INFO  impl.RoleInfo (RoleInfo.java:updateAndGet(143)) - c652e2ee-3322-4406-8db6-1ea643cb3197: start FollowerState
2019-10-18 11:25:16,820 [f535bb4a-cba0-4f9b-9e3e-e4a48b3eda51@group-7E32184879DE-LeaderElection398] INFO  impl.LeaderElection (LeaderElection.java:logAndReturn(56)) - f535bb4a-cba0-4f9b-9e3e-e4a48b3eda51@group-7E32184879DE-LeaderElection398: Election REJECTED; received 2 response(s) [f535bb4a-cba0-4f9b-9e3e-e4a48b3eda51<-54aabb14-4a7d-4ab3-adbe-2e67760b87f4#0:FAIL-t467, f535bb4a-cba0-4f9b-9e3e-e4a48b3eda51<-c652e2ee-3322-4406-8db6-1ea643cb3197#0:FAIL-t467] and 0 exception(s); f535bb4a-cba0-4f9b-9e3e-e4a48b3eda51@group-7E32184879DE:t467, leader=null, voted=f535bb4a-cba0-4f9b-9e3e-e4a48b3eda51, raftlog=f535bb4a-cba0-4f9b-9e3e-e4a48b3eda51@group-7E32184879DE-SegmentedRaftLog:OPENED:c-1,f-1,i0, conf=-1: [f535bb4a-cba0-4f9b-9e3e-e4a48b3eda51:0.0.0.0:44706, 54aabb14-4a7d-4ab3-adbe-2e67760b87f4:0.0.0.0:43074, c652e2ee-3322-4406-8db6-1ea643cb3197:0.0.0.0:42129], old=null
2019-10-18 11:25:16,820 [f535bb4a-cba0-4f9b-9e3e-e4a48b3eda51@group-7E32184879DE-LeaderElection398] INFO  impl.RaftServerImpl (RaftServerImpl.java:setRole(184)) - f535bb4a-cba0-4f9b-9e3e-e4a48b3eda51@group-7E32184879DE: changes role from CANDIDATE to FOLLOWER at term 467 for DISCOVERED_A_NEW_TERM
2019-10-18 11:25:16,820 [f535bb4a-cba0-4f9b-9e3e-e4a48b3eda51@group-7E32184879DE-LeaderElection398] INFO  impl.RoleInfo (RoleInfo.java:shutdownLeaderElection(134)) - f535bb4a-cba0-4f9b-9e3e-e4a48b3eda51: shutdown LeaderElection
2019-10-18 11:25:16,820 [f535bb4a-cba0-4f9b-9e3e-e4a48b3eda51@group-7E32184879DE-LeaderElection398] INFO  impl.RoleInfo (RoleInfo.java:updateAndGet(143)) - f535bb4a-cba0-4f9b-9e3e-e4a48b3eda51: start FollowerState
2019-10-18 11:25:16,906 [Thread-2827] INFO  impl.FollowerState (FollowerState.java:run(108)) - f535bb4a-cba0-4f9b-9e3e-e4a48b3eda51@group-7E32184879DE-FollowerState: change to CANDIDATE, lastRpcTime:85ms, electionTimeout:85ms
2019-10-18 11:25:16,906 [Thread-2827] INFO  impl.RoleInfo (RoleInfo.java:shutdownFollowerState(121)) - f535bb4a-cba0-4f9b-9e3e-e4a48b3eda51: shutdown FollowerState
2019-10-18 11:25:16,906 [Thread-2827] INFO  impl.RaftServerImpl (RaftServerImpl.java:setRole(184)) - f535bb4a-cba0-4f9b-9e3e-e4a48b3eda51@group-7E32184879DE: changes role from  FOLLOWER to CANDIDATE at term 467 for changeToCandidate
2019-10-18 11:25:16,906 [Thread-2827] INFO  impl.RoleInfo (RoleInfo.java:updateAndGet(143)) - f535bb4a-cba0-4f9b-9e3e-e4a48b3eda51: start LeaderElection
2019-10-18 11:25:16,936 [f535bb4a-cba0-4f9b-9e3e-e4a48b3eda51@group-7E32184879DE-LeaderElection399] INFO  impl.LeaderElection (LeaderElection.java:askForVotes(178)) - f535bb4a-cba0-4f9b-9e3e-e4a48b3eda51@group-7E32184879DE-LeaderElection399: begin an election at term 468 for -1: [f535bb4a-cba0-4f9b-9e3e-e4a48b3eda51:0.0.0.0:44706, 54aabb14-4a7d-4ab3-adbe-2e67760b87f4:0.0.0.0:43074, c652e2ee-3322-4406-8db6-1ea643cb3197:0.0.0.0:42129], old=null
2019-10-18 11:25:16,938 [grpc-default-executor-1] INFO  impl.RaftServerImpl (RaftServerImpl.java:setRole(184)) - 54aabb14-4a7d-4ab3-adbe-2e67760b87f4@group-7E32184879DE: changes role from  FOLLOWER to FOLLOWER at term 468 for recognizeCandidate:f535bb4a-cba0-4f9b-9e3e-e4a48b3eda51
2019-10-18 11:25:16,938 [grpc-default-executor-0] INFO  impl.RaftServerImpl (RaftServerImpl.java:setRole(184)) - c652e2ee-3322-4406-8db6-1ea643cb3197@group-7E32184879DE: changes role from  FOLLOWER to FOLLOWER at term 468 for recognizeCandidate:f535bb4a-cba0-4f9b-9e3e-e4a48b3eda51
2019-10-18 11:25:16,938 [grpc-default-executor-0] INFO  impl.RoleInfo (RoleInfo.java:shutdownFollowerState(121)) - c652e2ee-3322-4406-8db6-1ea643cb3197: shutdown FollowerState
2019-10-18 11:25:16,938 [grpc-default-executor-1] INFO  impl.RoleInfo (RoleInfo.java:shutdownFollowerState(121)) - 54aabb14-4a7d-4ab3-adbe-2e67760b87f4: shutdown FollowerState
2019-10-18 11:25:16,938 [Thread-2826] INFO  impl.FollowerState (FollowerState.java:run(117)) - c652e2ee-3322-4406-8db6-1ea643cb3197@group-7E32184879DE-FollowerState was interrupted: java.lang.InterruptedException: sleep interrupted
2019-10-18 11:25:16,938 [Thread-2825] INFO  impl.FollowerState (FollowerState.java:run(117)) - 54aabb14-4a7d-4ab3-adbe-2e67760b87f4@group-7E32184879DE-FollowerState was interrupted: java.lang.InterruptedException: sleep interrupted
2019-10-18 11:25:16,938 [grpc-default-executor-0] INFO  impl.RoleInfo (RoleInfo.java:updateAndGet(143)) - c652e2ee-3322-4406-8db6-1ea643cb3197: start FollowerState
2019-10-18 11:25:16,938 [grpc-default-executor-1] INFO  impl.RoleInfo (RoleInfo.java:updateAndGet(143)) - 54aabb14-4a7d-4ab3-adbe-2e67760b87f4: start FollowerState
2019-10-18 11:25:16,962 [f535bb4a-cba0-4f9b-9e3e-e4a48b3eda51@group-7E32184879DE-LeaderElection399] INFO  impl.LeaderElection (LeaderElection.java:logAndReturn(56)) - f535bb4a-cba0-4f9b-9e3e-e4a48b3eda51@group-7E32184879DE-LeaderElection399: Election REJECTED; received 2 response(s) [f535bb4a-cba0-4f9b-9e3e-e4a48b3eda51<-54aabb14-4a7d-4ab3-adbe-2e67760b87f4#0:FAIL-t468, f535bb4a-cba0-4f9b-9e3e-e4a48b3eda51<-c652e2ee-3322-4406-8db6-1ea643cb3197#0:FAIL-t468] and 0 exception(s); f535bb4a-cba0-4f9b-9e3e-e4a48b3eda51@group-7E32184879DE:t468, leader=null, voted=f535bb4a-cba0-4f9b-9e3e-e4a48b3eda51, raftlog=f535bb4a-cba0-4f9b-9e3e-e4a48b3eda51@group-7E32184879DE-SegmentedRaftLog:OPENED:c-1,f-1,i0, conf=-1: [f535bb4a-cba0-4f9b-9e3e-e4a48b3eda51:0.0.0.0:44706, 54aabb14-4a7d-4ab3-adbe-2e67760b87f4:0.0.0.0:43074, c652e2ee-3322-4406-8db6-1ea643cb3197:0.0.0.0:42129], old=null
2019-10-18 11:25:16,962 [f535bb4a-cba0-4f9b-9e3e-e4a48b3eda51@group-7E32184879DE-LeaderElection399] INFO  impl.RaftServerImpl (RaftServerImpl.java:setRole(184)) - f535bb4a-cba0-4f9b-9e3e-e4a48b3eda51@group-7E32184879DE: changes role from CANDIDATE to FOLLOWER at term 468 for DISCOVERED_A_NEW_TERM
2019-10-18 11:25:16,963 [f535bb4a-cba0-4f9b-9e3e-e4a48b3eda51@group-7E32184879DE-LeaderElection399] INFO  impl.RoleInfo (RoleInfo.java:shutdownLeaderElection(134)) - f535bb4a-cba0-4f9b-9e3e-e4a48b3eda51: shutdown LeaderElection
2019-10-18 11:25:16,963 [f535bb4a-cba0-4f9b-9e3e-e4a48b3eda51@group-7E32184879DE-LeaderElection399] INFO  impl.RoleInfo (RoleInfo.java:updateAndGet(143)) - f535bb4a-cba0-4f9b-9e3e-e4a48b3eda51: start FollowerState
2019-10-18 11:25:17,127 [Thread-2833] INFO  impl.FollowerState (FollowerState.java:run(108)) - f535bb4a-cba0-4f9b-9e3e-e4a48b3eda51@group-7E32184879DE-FollowerState: change to CANDIDATE, lastRpcTime:164ms, electionTimeout:164ms
2019-10-18 11:25:17,127 [Thread-2833] INFO  impl.RoleInfo (RoleInfo.java:shutdownFollowerState(121)) - f535bb4a-cba0-4f9b-9e3e-e4a48b3eda51: shutdown FollowerState
2019-10-18 11:25:17,127 [Thread-2833] INFO  impl.RaftServerImpl (RaftServerImpl.java:setRole(184)) - f535bb4a-cba0-4f9b-9e3e-e4a48b3eda51@group-7E32184879DE: changes role from  FOLLOWER to CANDIDATE at term 468 for changeToCandidate
2019-10-18 11:25:17,128 [Thread-2833] INFO  impl.RoleInfo (RoleInfo.java:updateAndGet(143)) - f535bb4a-cba0-4f9b-9e3e-e4a48b3eda51: start LeaderElection
2019-10-18 11:25:17,153 [f535bb4a-cba0-4f9b-9e3e-e4a48b3eda51@group-7E32184879DE-LeaderElection400] INFO  impl.LeaderElection (LeaderElection.java:askForVotes(178)) - f535bb4a-cba0-4f9b-9e3e-e4a48b3eda51@group-7E32184879DE-LeaderElection400: begin an election at term 469 for -1: [f535bb4a-cba0-4f9b-9e3e-e4a48b3eda51:0.0.0.0:44706, 54aabb14-4a7d-4ab3-adbe-2e67760b87f4:0.0.0.0:43074, c652e2ee-3322-4406-8db6-1ea643cb3197:0.0.0.0:42129], old=null
2019-10-18 11:25:17,155 [grpc-default-executor-1] INFO  impl.RaftServerImpl (RaftServerImpl.java:setRole(184)) - c652e2ee-3322-4406-8db6-1ea643cb3197@group-7E32184879DE: changes role from  FOLLOWER to FOLLOWER at term 469 for recognizeCandidate:f535bb4a-cba0-4f9b-9e3e-e4a48b3eda51
2019-10-18 11:25:17,155 [grpc-default-executor-0] INFO  impl.RaftServerImpl (RaftServerImpl.java:setRole(184)) - 54aabb14-4a7d-4ab3-adbe-2e67760b87f4@group-7E32184879DE: changes role from  FOLLOWER to FOLLOWER at term 469 for recognizeCandidate:f535bb4a-cba0-4f9b-9e3e-e4a48b3eda51
2019-10-18 11:25:17,155 [grpc-default-executor-1] INFO  impl.RoleInfo (RoleInfo.java:shutdownFollowerState(121)) - c652e2ee-3322-4406-8db6-1ea643cb3197: shutdown FollowerState
2019-10-18 11:25:17,156 [grpc-default-executor-0] INFO  impl.RoleInfo (RoleInfo.java:shutdownFollowerState(121)) - 54aabb14-4a7d-4ab3-adbe-2e67760b87f4: shutdown FollowerState
2019-10-18 11:25:17,156 [Thread-2831] INFO  impl.FollowerState (FollowerState.java:run(117)) - c652e2ee-3322-4406-8db6-1ea643cb3197@group-7E32184879DE-FollowerState was interrupted: java.lang.InterruptedException: sleep interrupted
2019-10-18 11:25:17,156 [Thread-2832] INFO  impl.FollowerState (FollowerState.java:run(117)) - 54aabb14-4a7d-4ab3-adbe-2e67760b87f4@group-7E32184879DE-FollowerState was interrupted: java.lang.InterruptedException: sleep interrupted
2019-10-18 11:25:17,156 [grpc-default-executor-1] INFO  impl.RoleInfo (RoleInfo.java:updateAndGet(143)) - c652e2ee-3322-4406-8db6-1ea643cb3197: start FollowerState
2019-10-18 11:25:17,156 [grpc-default-executor-0] INFO  impl.RoleInfo (RoleInfo.java:updateAndGet(143)) - 54aabb14-4a7d-4ab3-adbe-2e67760b87f4: start FollowerState
2019-10-18 11:25:17,179 [f535bb4a-cba0-4f9b-9e3e-e4a48b3eda51@group-7E32184879DE-LeaderElection400] INFO  impl.LeaderElection (LeaderElection.java:logAndReturn(56)) - f535bb4a-cba0-4f9b-9e3e-e4a48b3eda51@group-7E32184879DE-LeaderElection400: Election REJECTED; received 2 response(s) [f535bb4a-cba0-4f9b-9e3e-e4a48b3eda51<-54aabb14-4a7d-4ab3-adbe-2e67760b87f4#0:FAIL-t469, f535bb4a-cba0-4f9b-9e3e-e4a48b3eda51<-c652e2ee-3322-4406-8db6-1ea643cb3197#0:FAIL-t469] and 0 exception(s); f535bb4a-cba0-4f9b-9e3e-e4a48b3eda51@group-7E32184879DE:t469, leader=null, voted=f535bb4a-cba0-4f9b-9e3e-e4a48b3eda51, raftlog=f535bb4a-cba0-4f9b-9e3e-e4a48b3eda51@group-7E32184879DE-SegmentedRaftLog:OPENED:c-1,f-1,i0, conf=-1: [f535bb4a-cba0-4f9b-9e3e-e4a48b3eda51:0.0.0.0:44706, 54aabb14-4a7d-4ab3-adbe-2e67760b87f4:0.0.0.0:43074, c652e2ee-3322-4406-8db6-1ea643cb3197:0.0.0.0:42129], old=null
2019-10-18 11:25:17,180 [f535bb4a-cba0-4f9b-9e3e-e4a48b3eda51@group-7E32184879DE-LeaderElection400] INFO  impl.RaftServerImpl (RaftServerImpl.java:setRole(184)) - f535bb4a-cba0-4f9b-9e3e-e4a48b3eda51@group-7E32184879DE: changes role from CANDIDATE to FOLLOWER at term 469 for DISCOVERED_A_NEW_TERM
2019-10-18 11:25:17,180 [f535bb4a-cba0-4f9b-9e3e-e4a48b3eda51@group-7E32184879DE-LeaderElection400] INFO  impl.RoleInfo (RoleInfo.java:shutdownLeaderElection(134)) - f535bb4a-cba0-4f9b-9e3e-e4a48b3eda51: shutdown LeaderElection
2019-10-18 11:25:17,180 [f535bb4a-cba0-4f9b-9e3e-e4a48b3eda51@group-7E32184879DE-LeaderElection400] INFO  impl.RoleInfo (RoleInfo.java:updateAndGet(143)) - f535bb4a-cba0-4f9b-9e3e-e4a48b3eda51: start FollowerState
2019-10-18 11:25:17,331 [Thread-2839] INFO  impl.FollowerState (FollowerState.java:run(108)) - f535bb4a-cba0-4f9b-9e3e-e4a48b3eda51@group-7E32184879DE-FollowerState: change to CANDIDATE, lastRpcTime:151ms, electionTimeout:151ms
2019-10-18 11:25:17,331 [Thread-2839] INFO  impl.RoleInfo (RoleInfo.java:shutdownFollowerState(121)) - f535bb4a-cba0-4f9b-9e3e-e4a48b3eda51: shutdown FollowerState
2019-10-18 11:25:17,332 [Thread-2839] INFO  impl.RaftServerImpl (RaftServerImpl.java:setRole(184)) - f535bb4a-cba0-4f9b-9e3e-e4a48b3eda51@group-7E32184879DE: changes role from  FOLLOWER to CANDIDATE at term 469 for changeToCandidate
2019-10-18 11:25:17,332 [Thread-2839] INFO  impl.RoleInfo (RoleInfo.java:updateAndGet(143)) - f535bb4a-cba0-4f9b-9e3e-e4a48b3eda51: start LeaderElection
2019-10-18 11:25:17,354 [f535bb4a-cba0-4f9b-9e3e-e4a48b3eda51@group-7E32184879DE-LeaderElection401] INFO  impl.LeaderElection (LeaderElection.java:askForVotes(178)) - f535bb4a-cba0-4f9b-9e3e-e4a48b3eda51@group-7E32184879DE-LeaderElection401: begin an election at term 470 for -1: [f535bb4a-cba0-4f9b-9e3e-e4a48b3eda51:0.0.0.0:44706, 54aabb14-4a7d-4ab3-adbe-2e67760b87f4:0.0.0.0:43074, c652e2ee-3322-4406-8db6-1ea643cb3197:0.0.0.0:42129], old=null
2019-10-18 11:25:17,356 [grpc-default-executor-1] INFO  impl.RaftServerImpl (RaftServerImpl.java:setRole(184)) - 54aabb14-4a7d-4ab3-adbe-2e67760b87f4@group-7E32184879DE: changes role from  FOLLOWER to FOLLOWER at term 470 for recognizeCandidate:f535bb4a-cba0-4f9b-9e3e-e4a48b3eda51
2019-10-18 11:25:17,356 [grpc-default-executor-0] INFO  impl.RaftServerImpl (RaftServerImpl.java:setRole(184)) - c652e2ee-3322-4406-8db6-1ea643cb3197@group-7E32184879DE: changes role from  FOLLOWER to FOLLOWER at term 470 for recognizeCandidate:f535bb4a-cba0-4f9b-9e3e-e4a48b3eda51
2019-10-18 11:25:17,356 [grpc-default-executor-0] INFO  impl.RoleInfo (RoleInfo.java:shutdownFollowerState(121)) - c652e2ee-3322-4406-8db6-1ea643cb3197: shutdown FollowerState
2019-10-18 11:25:17,356 [grpc-default-executor-1] INFO  impl.RoleInfo (RoleInfo.java:shutdownFollowerState(121)) - 54aabb14-4a7d-4ab3-adbe-2e67760b87f4: shutdown FollowerState
2019-10-18 11:25:17,356 [Thread-2837] INFO  impl.FollowerState (FollowerState.java:run(117)) - c652e2ee-3322-4406-8db6-1ea643cb3197@group-7E32184879DE-FollowerState was interrupted: java.lang.InterruptedException: sleep interrupted
2019-10-18 11:25:17,356 [grpc-default-executor-0] INFO  impl.RoleInfo (RoleInfo.java:updateAndGet(143)) - c652e2ee-3322-4406-8db6-1ea643cb3197: start FollowerState
2019-10-18 11:25:17,356 [Thread-2838] INFO  impl.FollowerState (FollowerState.java:run(117)) - 54aabb14-4a7d-4ab3-adbe-2e67760b87f4@group-7E32184879DE-FollowerState was interrupted: java.lang.InterruptedException: sleep interrupted
2019-10-18 11:25:17,356 [grpc-default-executor-1] INFO  impl.RoleInfo (RoleInfo.java:updateAndGet(143)) - 54aabb14-4a7d-4ab3-adbe-2e67760b87f4: start FollowerState
2019-10-18 11:25:17,380 [f535bb4a-cba0-4f9b-9e3e-e4a48b3eda51@group-7E32184879DE-LeaderElection401] INFO  impl.LeaderElection (LeaderElection.java:logAndReturn(56)) - f535bb4a-cba0-4f9b-9e3e-e4a48b3eda51@group-7E32184879DE-LeaderElection401: Election REJECTED; received 2 response(s) [f535bb4a-cba0-4f9b-9e3e-e4a48b3eda51<-54aabb14-4a7d-4ab3-adbe-2e67760b87f4#0:FAIL-t470, f535bb4a-cba0-4f9b-9e3e-e4a48b3eda51<-c652e2ee-3322-4406-8db6-1ea643cb3197#0:FAIL-t470] and 0 exception(s); f535bb4a-cba0-4f9b-9e3e-e4a48b3eda51@group-7E32184879DE:t470, leader=null, voted=f535bb4a-cba0-4f9b-9e3e-e4a48b3eda51, raftlog=f535bb4a-cba0-4f9b-9e3e-e4a48b3eda51@group-7E32184879DE-SegmentedRaftLog:OPENED:c-1,f-1,i0, conf=-1: [f535bb4a-cba0-4f9b-9e3e-e4a48b3eda51:0.0.0.0:44706, 54aabb14-4a7d-4ab3-adbe-2e67760b87f4:0.0.0.0:43074, c652e2ee-3322-4406-8db6-1ea643cb3197:0.0.0.0:42129], old=null
2019-10-18 11:25:17,380 [f535bb4a-cba0-4f9b-9e3e-e4a48b3eda51@group-7E32184879DE-LeaderElection401] INFO  impl.RaftServerImpl (RaftServerImpl.java:setRole(184)) - f535bb4a-cba0-4f9b-9e3e-e4a48b3eda51@group-7E32184879DE: changes role from CANDIDATE to FOLLOWER at term 470 for DISCOVERED_A_NEW_TERM
2019-10-18 11:25:17,380 [f535bb4a-cba0-4f9b-9e3e-e4a48b3eda51@group-7E32184879DE-LeaderElection401] INFO  impl.RoleInfo (RoleInfo.java:shutdownLeaderElection(134)) - f535bb4a-cba0-4f9b-9e3e-e4a48b3eda51: shutdown LeaderElection
2019-10-18 11:25:17,380 [f535bb4a-cba0-4f9b-9e3e-e4a48b3eda51@group-7E32184879DE-LeaderElection401] INFO  impl.RoleInfo (RoleInfo.java:updateAndGet(143)) - f535bb4a-cba0-4f9b-9e3e-e4a48b3eda51: start FollowerState
2019-10-18 11:25:17,394 [Thread-2845] INFO  impl.FollowerState (FollowerState.java:run(108)) - f535bb4a-cba0-4f9b-9e3e-e4a48b3eda51@group-7E32184879DE-FollowerState: change to CANDIDATE, lastRpcTime:13ms, electionTimeout:13ms
2019-10-18 11:25:17,394 [Thread-2845] INFO  impl.RoleInfo (RoleInfo.java:shutdownFollowerState(121)) - f535bb4a-cba0-4f9b-9e3e-e4a48b3eda51: shutdown FollowerState
2019-10-18 11:25:17,394 [Thread-2845] INFO  impl.RaftServerImpl (RaftServerImpl.java:setRole(184)) - f535bb4a-cba0-4f9b-9e3e-e4a48b3eda51@group-7E32184879DE: changes role from  FOLLOWER to CANDIDATE at term 470 for changeToCandidate
2019-10-18 11:25:17,394 [Thread-2845] INFO  impl.RoleInfo (RoleInfo.java:updateAndGet(143)) - f535bb4a-cba0-4f9b-9e3e-e4a48b3eda51: start LeaderElection
2019-10-18 11:25:17,422 [f535bb4a-cba0-4f9b-9e3e-e4a48b3eda51@group-7E32184879DE-LeaderElection402] INFO  impl.LeaderElection (LeaderElection.java:askForVotes(178)) - f535bb4a-cba0-4f9b-9e3e-e4a48b3eda51@group-7E32184879DE-LeaderElection402: begin an election at term 471 for -1: [f535bb4a-cba0-4f9b-9e3e-e4a48b3eda51:0.0.0.0:44706, 54aabb14-4a7d-4ab3-adbe-2e67760b87f4:0.0.0.0:43074, c652e2ee-3322-4406-8db6-1ea643cb3197:0.0.0.0:42129], old=null
2019-10-18 11:25:17,423 [grpc-default-executor-1] INFO  impl.RaftServerImpl (RaftServerImpl.java:setRole(184)) - 54aabb14-4a7d-4ab3-adbe-2e67760b87f4@group-7E32184879DE: changes role from  FOLLOWER to FOLLOWER at term 471 for recognizeCandidate:f535bb4a-cba0-4f9b-9e3e-e4a48b3eda51
2019-10-18 11:25:17,423 [grpc-default-executor-1] INFO  impl.RoleInfo (RoleInfo.java:shutdownFollowerState(121)) - 54aabb14-4a7d-4ab3-adbe-2e67760b87f4: shutdown FollowerState
2019-10-18 11:25:17,423 [grpc-default-executor-0] INFO  impl.RaftServerImpl (RaftServerImpl.java:setRole(184)) - c652e2ee-3322-4406-8db6-1ea643cb3197@group-7E32184879DE: changes role from  FOLLOWER to FOLLOWER at term 471 for recognizeCandidate:f535bb4a-cba0-4f9b-9e3e-e4a48b3eda51
2019-10-18 11:25:17,423 [grpc-default-executor-0] INFO  impl.RoleInfo (RoleInfo.java:shutdownFollowerState(121)) - c652e2ee-3322-4406-8db6-1ea643cb3197: shutdown FollowerState
2019-10-18 11:25:17,423 [grpc-default-executor-1] INFO  impl.RoleInfo (RoleInfo.java:updateAndGet(143)) - 54aabb14-4a7d-4ab3-adbe-2e67760b87f4: start FollowerState
2019-10-18 11:25:17,423 [Thread-2843] INFO  impl.FollowerState (FollowerState.java:run(117)) - c652e2ee-3322-4406-8db6-1ea643cb3197@group-7E32184879DE-FollowerState was interrupted: java.lang.InterruptedException: sleep interrupted
2019-10-18 11:25:17,423 [grpc-default-executor-0] INFO  impl.RoleInfo (RoleInfo.java:updateAndGet(143)) - c652e2ee-3322-4406-8db6-1ea643cb3197: start FollowerState
2019-10-18 11:25:17,423 [Thread-2844] INFO  impl.FollowerState (FollowerState.java:run(117)) - 54aabb14-4a7d-4ab3-adbe-2e67760b87f4@group-7E32184879DE-FollowerState was interrupted: java.lang.InterruptedException: sleep interrupted
2019-10-18 11:25:17,448 [f535bb4a-cba0-4f9b-9e3e-e4a48b3eda51@group-7E32184879DE-LeaderElection402] INFO  impl.LeaderElection (LeaderElection.java:logAndReturn(56)) - f535bb4a-cba0-4f9b-9e3e-e4a48b3eda51@group-7E32184879DE-LeaderElection402: Election REJECTED; received 2 response(s) [f535bb4a-cba0-4f9b-9e3e-e4a48b3eda51<-54aabb14-4a7d-4ab3-adbe-2e67760b87f4#0:FAIL-t471, f535bb4a-cba0-4f9b-9e3e-e4a48b3eda51<-c652e2ee-3322-4406-8db6-1ea643cb3197#0:FAIL-t471] and 0 exception(s); f535bb4a-cba0-4f9b-9e3e-e4a48b3eda51@group-7E32184879DE:t471, leader=null, voted=f535bb4a-cba0-4f9b-9e3e-e4a48b3eda51, raftlog=f535bb4a-cba0-4f9b-9e3e-e4a48b3eda51@group-7E32184879DE-SegmentedRaftLog:OPENED:c-1,f-1,i0, conf=-1: [f535bb4a-cba0-4f9b-9e3e-e4a48b3eda51:0.0.0.0:44706, 54aabb14-4a7d-4ab3-adbe-2e67760b87f4:0.0.0.0:43074, c652e2ee-3322-4406-8db6-1ea643cb3197:0.0.0.0:42129], old=null
2019-10-18 11:25:17,448 [f535bb4a-cba0-4f9b-9e3e-e4a48b3eda51@group-7E32184879DE-LeaderElection402] INFO  impl.RaftServerImpl (RaftServerImpl.java:setRole(184)) - f535bb4a-cba0-4f9b-9e3e-e4a48b3eda51@group-7E32184879DE: changes role from CANDIDATE to FOLLOWER at term 471 for DISCOVERED_A_NEW_TERM
2019-10-18 11:25:17,448 [f535bb4a-cba0-4f9b-9e3e-e4a48b3eda51@group-7E32184879DE-LeaderElection402] INFO  impl.RoleInfo (RoleInfo.java:shutdownLeaderElection(134)) - f535bb4a-cba0-4f9b-9e3e-e4a48b3eda51: shutdown LeaderElection
2019-10-18 11:25:17,448 [f535bb4a-cba0-4f9b-9e3e-e4a48b3eda51@group-7E32184879DE-LeaderElection402] INFO  impl.RoleInfo (RoleInfo.java:updateAndGet(143)) - f535bb4a-cba0-4f9b-9e3e-e4a48b3eda51: start FollowerState
2019-10-18 11:25:17,451 [Thread-2851] INFO  impl.FollowerState (FollowerState.java:run(108)) - f535bb4a-cba0-4f9b-9e3e-e4a48b3eda51@group-7E32184879DE-FollowerState: change to CANDIDATE, lastRpcTime:3ms, electionTimeout:3ms
2019-10-18 11:25:17,451 [Thread-2851] INFO  impl.RoleInfo (RoleInfo.java:shutdownFollowerState(121)) - f535bb4a-cba0-4f9b-9e3e-e4a48b3eda51: shutdown FollowerState
2019-10-18 11:25:17,452 [Thread-2851] INFO  impl.RaftServerImpl (RaftServerImpl.java:setRole(184)) - f535bb4a-cba0-4f9b-9e3e-e4a48b3eda51@group-7E32184879DE: changes role from  FOLLOWER to CANDIDATE at term 471 for changeToCandidate
2019-10-18 11:25:17,452 [Thread-2851] INFO  impl.RoleInfo (RoleInfo.java:updateAndGet(143)) - f535bb4a-cba0-4f9b-9e3e-e4a48b3eda51: start LeaderElection
2019-10-18 11:25:17,481 [f535bb4a-cba0-4f9b-9e3e-e4a48b3eda51@group-7E32184879DE-LeaderElection403] INFO  impl.LeaderElection (LeaderElection.java:askForVotes(178)) - f535bb4a-cba0-4f9b-9e3e-e4a48b3eda51@group-7E32184879DE-LeaderElection403: begin an election at term 472 for -1: [f535bb4a-cba0-4f9b-9e3e-e4a48b3eda51:0.0.0.0:44706, 54aabb14-4a7d-4ab3-adbe-2e67760b87f4:0.0.0.0:43074, c652e2ee-3322-4406-8db6-1ea643cb3197:0.0.0.0:42129], old=null
2019-10-18 11:25:17,482 [grpc-default-executor-1] INFO  impl.RaftServerImpl (RaftServerImpl.java:setRole(184)) - 54aabb14-4a7d-4ab3-adbe-2e67760b87f4@group-7E32184879DE: changes role from  FOLLOWER to FOLLOWER at term 472 for recognizeCandidate:f535bb4a-cba0-4f9b-9e3e-e4a48b3eda51
2019-10-18 11:25:17,482 [grpc-default-executor-1] INFO  impl.RoleInfo (RoleInfo.java:shutdownFollowerState(121)) - 54aabb14-4a7d-4ab3-adbe-2e67760b87f4: shutdown FollowerState
2019-10-18 11:25:17,482 [grpc-default-executor-0] INFO  impl.RaftServerImpl (RaftServerImpl.java:setRole(184)) - c652e2ee-3322-4406-8db6-1ea643cb3197@group-7E32184879DE: changes role from  FOLLOWER to FOLLOWER at term 472 for recognizeCandidate:f535bb4a-cba0-4f9b-9e3e-e4a48b3eda51
2019-10-18 11:25:17,482 [grpc-default-executor-0] INFO  impl.RoleInfo (RoleInfo.java:shutdownFollowerState(121)) - c652e2ee-3322-4406-8db6-1ea643cb3197: shutdown FollowerState
2019-10-18 11:25:17,483 [grpc-default-executor-0] INFO  impl.RoleInfo (RoleInfo.java:updateAndGet(143)) - c652e2ee-3322-4406-8db6-1ea643cb3197: start FollowerState
2019-10-18 11:25:17,482 [Thread-2849] INFO  impl.FollowerState (FollowerState.java:run(117)) - 54aabb14-4a7d-4ab3-adbe-2e67760b87f4@group-7E32184879DE-FollowerState was interrupted: java.lang.InterruptedException: sleep interrupted
2019-10-18 11:25:17,482 [grpc-default-executor-1] INFO  impl.RoleInfo (RoleInfo.java:updateAndGet(143)) - 54aabb14-4a7d-4ab3-adbe-2e67760b87f4: start FollowerState
2019-10-18 11:25:17,483 [Thread-2850] INFO  impl.FollowerState (FollowerState.java:run(117)) - c652e2ee-3322-4406-8db6-1ea643cb3197@group-7E32184879DE-FollowerState was interrupted: java.lang.InterruptedException: sleep interrupted
2019-10-18 11:25:17,507 [f535bb4a-cba0-4f9b-9e3e-e4a48b3eda51@group-7E32184879DE-LeaderElection403] INFO  impl.LeaderElection (LeaderElection.java:logAndReturn(56)) - f535bb4a-cba0-4f9b-9e3e-e4a48b3eda51@group-7E32184879DE-LeaderElection403: Election REJECTED; received 2 response(s) [f535bb4a-cba0-4f9b-9e3e-e4a48b3eda51<-54aabb14-4a7d-4ab3-adbe-2e67760b87f4#0:FAIL-t472, f535bb4a-cba0-4f9b-9e3e-e4a48b3eda51<-c652e2ee-3322-4406-8db6-1ea643cb3197#0:FAIL-t472] and 0 exception(s); f535bb4a-cba0-4f9b-9e3e-e4a48b3eda51@group-7E32184879DE:t472, leader=null, voted=f535bb4a-cba0-4f9b-9e3e-e4a48b3eda51, raftlog=f535bb4a-cba0-4f9b-9e3e-e4a48b3eda51@group-7E32184879DE-SegmentedRaftLog:OPENED:c-1,f-1,i0, conf=-1: [f535bb4a-cba0-4f9b-9e3e-e4a48b3eda51:0.0.0.0:44706, 54aabb14-4a7d-4ab3-adbe-2e67760b87f4:0.0.0.0:43074, c652e2ee-3322-4406-8db6-1ea643cb3197:0.0.0.0:42129], old=null
2019-10-18 11:25:17,507 [f535bb4a-cba0-4f9b-9e3e-e4a48b3eda51@group-7E32184879DE-LeaderElection403] INFO  impl.RaftServerImpl (RaftServerImpl.java:setRole(184)) - f535bb4a-cba0-4f9b-9e3e-e4a48b3eda51@group-7E32184879DE: changes role from CANDIDATE to FOLLOWER at term 472 for DISCOVERED_A_NEW_TERM
2019-10-18 11:25:17,507 [f535bb4a-cba0-4f9b-9e3e-e4a48b3eda51@group-7E32184879DE-LeaderElection403] INFO  impl.RoleInfo (RoleInfo.java:shutdownLeaderElection(134)) - f535bb4a-cba0-4f9b-9e3e-e4a48b3eda51: shutdown LeaderElection
2019-10-18 11:25:17,507 [f535bb4a-cba0-4f9b-9e3e-e4a48b3eda51@group-7E32184879DE-LeaderElection403] INFO  impl.RoleInfo (RoleInfo.java:updateAndGet(143)) - f535bb4a-cba0-4f9b-9e3e-e4a48b3eda51: start FollowerState
2019-10-18 11:25:17,664 [Thread-2859] INFO  impl.FollowerState (FollowerState.java:run(108)) - f535bb4a-cba0-4f9b-9e3e-e4a48b3eda51@group-7E32184879DE-FollowerState: change to CANDIDATE, lastRpcTime:157ms, electionTimeout:157ms
2019-10-18 11:25:17,665 [Thread-2859] INFO  impl.RoleInfo (RoleInfo.java:shutdownFollowerState(121)) - f535bb4a-cba0-4f9b-9e3e-e4a48b3eda51: shutdown FollowerState
2019-10-18 11:25:17,665 [Thread-2859] INFO  impl.RaftServerImpl (RaftServerImpl.java:setRole(184)) - f535bb4a-cba0-4f9b-9e3e-e4a48b3eda51@group-7E32184879DE: changes role from  FOLLOWER to CANDIDATE at term 472 for changeToCandidate
2019-10-18 11:25:17,665 [Thread-2859] INFO  impl.RoleInfo (RoleInfo.java:updateAndGet(143)) - f535bb4a-cba0-4f9b-9e3e-e4a48b3eda51: start LeaderElection
2019-10-18 11:25:17,691 [f535bb4a-cba0-4f9b-9e3e-e4a48b3eda51@group-7E32184879DE-LeaderElection404] INFO  impl.LeaderElection (LeaderElection.java:askForVotes(178)) - f535bb4a-cba0-4f9b-9e3e-e4a48b3eda51@group-7E32184879DE-LeaderElection404: begin an election at term 473 for -1: [f535bb4a-cba0-4f9b-9e3e-e4a48b3eda51:0.0.0.0:44706, 54aabb14-4a7d-4ab3-adbe-2e67760b87f4:0.0.0.0:43074, c652e2ee-3322-4406-8db6-1ea643cb3197:0.0.0.0:42129], old=null
2019-10-18 11:25:17,692 [grpc-default-executor-0] INFO  impl.RaftServerImpl (RaftServerImpl.java:setRole(184)) - c652e2ee-3322-4406-8db6-1ea643cb3197@group-7E32184879DE: changes role from  FOLLOWER to FOLLOWER at term 473 for recognizeCandidate:f535bb4a-cba0-4f9b-9e3e-e4a48b3eda51
2019-10-18 11:25:17,693 [grpc-default-executor-0] INFO  impl.RoleInfo (RoleInfo.java:shutdownFollowerState(121)) - c652e2ee-3322-4406-8db6-1ea643cb3197: shutdown FollowerState
2019-10-18 11:25:17,692 [grpc-default-executor-1] INFO  impl.RaftServerImpl (RaftServerImpl.java:setRole(184)) - 54aabb14-4a7d-4ab3-adbe-2e67760b87f4@group-7E32184879DE: changes role from  FOLLOWER to FOLLOWER at term 473 for recognizeCandidate:f535bb4a-cba0-4f9b-9e3e-e4a48b3eda51
2019-10-18 11:25:17,693 [grpc-default-executor-1] INFO  impl.RoleInfo (RoleInfo.java:shutdownFollowerState(121)) - 54aabb14-4a7d-4ab3-adbe-2e67760b87f4: shutdown FollowerState
2019-10-18 11:25:17,693 [Thread-2856] INFO  impl.FollowerState (FollowerState.java:run(117)) - c652e2ee-3322-4406-8db6-1ea643cb3197@group-7E32184879DE-FollowerState was interrupted: java.lang.InterruptedException: sleep interrupted
2019-10-18 11:25:17,693 [grpc-default-executor-0] INFO  impl.RoleInfo (RoleInfo.java:updateAndGet(143)) - c652e2ee-3322-4406-8db6-1ea643cb3197: start FollowerState
2019-10-18 11:25:17,693 [Thread-2855] INFO  impl.FollowerState (FollowerState.java:run(117)) - 54aabb14-4a7d-4ab3-adbe-2e67760b87f4@group-7E32184879DE-FollowerState was interrupted: java.lang.InterruptedException: sleep interrupted
2019-10-18 11:25:17,693 [grpc-default-executor-1] INFO  impl.RoleInfo (RoleInfo.java:updateAndGet(143)) - 54aabb14-4a7d-4ab3-adbe-2e67760b87f4: start FollowerState
2019-10-18 11:25:17,704 [f535bb4a-cba0-4f9b-9e3e-e4a48b3eda51@group-7E32184879DE-LeaderElection404] INFO  impl.LeaderElection (LeaderElection.java:logAndReturn(56)) - f535bb4a-cba0-4f9b-9e3e-e4a48b3eda51@group-7E32184879DE-LeaderElection404: Election TIMEOUT; received 0 response(s) [] and 0 exception(s); f535bb4a-cba0-4f9b-9e3e-e4a48b3eda51@group-7E32184879DE:t473, leader=null, voted=f535bb4a-cba0-4f9b-9e3e-e4a48b3eda51, raftlog=f535bb4a-cba0-4f9b-9e3e-e4a48b3eda51@group-7E32184879DE-SegmentedRaftLog:OPENED:c-1,f-1,i0, conf=-1: [f535bb4a-cba0-4f9b-9e3e-e4a48b3eda51:0.0.0.0:44706, 54aabb14-4a7d-4ab3-adbe-2e67760b87f4:0.0.0.0:43074, c652e2ee-3322-4406-8db6-1ea643cb3197:0.0.0.0:42129], old=null
2019-10-18 11:25:17,733 [f535bb4a-cba0-4f9b-9e3e-e4a48b3eda51@group-7E32184879DE-LeaderElection404] INFO  impl.LeaderElection (LeaderElection.java:askForVotes(178)) - f535bb4a-cba0-4f9b-9e3e-e4a48b3eda51@group-7E32184879DE-LeaderElection404: begin an election at term 474 for -1: [f535bb4a-cba0-4f9b-9e3e-e4a48b3eda51:0.0.0.0:44706, 54aabb14-4a7d-4ab3-adbe-2e67760b87f4:0.0.0.0:43074, c652e2ee-3322-4406-8db6-1ea643cb3197:0.0.0.0:42129], old=null
2019-10-18 11:25:17,734 [grpc-default-executor-1] INFO  impl.RaftServerImpl (RaftServerImpl.java:setRole(184)) - 54aabb14-4a7d-4ab3-adbe-2e67760b87f4@group-7E32184879DE: changes role from  FOLLOWER to FOLLOWER at term 474 for recognizeCandidate:f535bb4a-cba0-4f9b-9e3e-e4a48b3eda51
2019-10-18 11:25:17,735 [grpc-default-executor-1] INFO  impl.RoleInfo (RoleInfo.java:shutdownFollowerState(121)) - 54aabb14-4a7d-4ab3-adbe-2e67760b87f4: shutdown FollowerState
2019-10-18 11:25:17,735 [grpc-default-executor-0] INFO  impl.RaftServerImpl (RaftServerImpl.java:setRole(184)) - c652e2ee-3322-4406-8db6-1ea643cb3197@group-7E32184879DE: changes role from  FOLLOWER to FOLLOWER at term 474 for recognizeCandidate:f535bb4a-cba0-4f9b-9e3e-e4a48b3eda51
2019-10-18 11:25:17,735 [grpc-default-executor-0] INFO  impl.RoleInfo (RoleInfo.java:shutdownFollowerState(121)) - c652e2ee-3322-4406-8db6-1ea643cb3197: shutdown FollowerState
2019-10-18 11:25:17,735 [Thread-2864] INFO  impl.FollowerState (FollowerState.java:run(117)) - 54aabb14-4a7d-4ab3-adbe-2e67760b87f4@group-7E32184879DE-FollowerState was interrupted: java.lang.InterruptedException: sleep interrupted
2019-10-18 11:25:17,735 [grpc-default-executor-1] INFO  impl.RoleInfo (RoleInfo.java:updateAndGet(143)) - 54aabb14-4a7d-4ab3-adbe-2e67760b87f4: start FollowerState
2019-10-18 11:25:17,735 [Thread-2863] INFO  impl.FollowerState (FollowerState.java:run(117)) - c652e2ee-3322-4406-8db6-1ea643cb3197@group-7E32184879DE-FollowerState was interrupted: java.lang.InterruptedException: sleep interrupted
2019-10-18 11:25:17,735 [grpc-default-executor-0] INFO  impl.RoleInfo (RoleInfo.java:updateAndGet(143)) - c652e2ee-3322-4406-8db6-1ea643cb3197: start FollowerState
2019-10-18 11:25:17,759 [f535bb4a-cba0-4f9b-9e3e-e4a48b3eda51@group-7E32184879DE-LeaderElection404] INFO  impl.LeaderElection (LeaderElection.java:logAndReturn(56)) - f535bb4a-cba0-4f9b-9e3e-e4a48b3eda51@group-7E32184879DE-LeaderElection404: Election REJECTED; received 2 response(s) [f535bb4a-cba0-4f9b-9e3e-e4a48b3eda51<-54aabb14-4a7d-4ab3-adbe-2e67760b87f4#0:FAIL-t474, f535bb4a-cba0-4f9b-9e3e-e4a48b3eda51<-c652e2ee-3322-4406-8db6-1ea643cb3197#0:FAIL-t474] and 0 exception(s); f535bb4a-cba0-4f9b-9e3e-e4a48b3eda51@group-7E32184879DE:t474, leader=null, voted=f535bb4a-cba0-4f9b-9e3e-e4a48b3eda51, raftlog=f535bb4a-cba0-4f9b-9e3e-e4a48b3eda51@group-7E32184879DE-SegmentedRaftLog:OPENED:c-1,f-1,i0, conf=-1: [f535bb4a-cba0-4f9b-9e3e-e4a48b3eda51:0.0.0.0:44706, 54aabb14-4a7d-4ab3-adbe-2e67760b87f4:0.0.0.0:43074, c652e2ee-3322-4406-8db6-1ea643cb3197:0.0.0.0:42129], old=null
2019-10-18 11:25:17,759 [f535bb4a-cba0-4f9b-9e3e-e4a48b3eda51@group-7E32184879DE-LeaderElection404] INFO  impl.RaftServerImpl (RaftServerImpl.java:setRole(184)) - f535bb4a-cba0-4f9b-9e3e-e4a48b3eda51@group-7E32184879DE: changes role from CANDIDATE to FOLLOWER at term 474 for DISCOVERED_A_NEW_TERM
2019-10-18 11:25:17,760 [f535bb4a-cba0-4f9b-9e3e-e4a48b3eda51@group-7E32184879DE-LeaderElection404] INFO  impl.RoleInfo (RoleInfo.java:shutdownLeaderElection(134)) - f535bb4a-cba0-4f9b-9e3e-e4a48b3eda51: shutdown LeaderElection
2019-10-18 11:25:17,760 [f535bb4a-cba0-4f9b-9e3e-e4a48b3eda51@group-7E32184879DE-LeaderElection404] INFO  impl.RoleInfo (RoleInfo.java:updateAndGet(143)) - f535bb4a-cba0-4f9b-9e3e-e4a48b3eda51: start FollowerState
2019-10-18 11:25:17,807 [Thread-2869] INFO  impl.FollowerState (FollowerState.java:run(108)) - f535bb4a-cba0-4f9b-9e3e-e4a48b3eda51@group-7E32184879DE-FollowerState: change to CANDIDATE, lastRpcTime:47ms, electionTimeout:47ms
2019-10-18 11:25:17,807 [Thread-2869] INFO  impl.RoleInfo (RoleInfo.java:shutdownFollowerState(121)) - f535bb4a-cba0-4f9b-9e3e-e4a48b3eda51: shutdown FollowerState
2019-10-18 11:25:17,807 [Thread-2869] INFO  impl.RaftServerImpl (RaftServerImpl.java:setRole(184)) - f535bb4a-cba0-4f9b-9e3e-e4a48b3eda51@group-7E32184879DE: changes role from  FOLLOWER to CANDIDATE at term 474 for changeToCandidate
2019-10-18 11:25:17,807 [Thread-2869] INFO  impl.RoleInfo (RoleInfo.java:updateAndGet(143)) - f535bb4a-cba0-4f9b-9e3e-e4a48b3eda51: start LeaderElection
2019-10-18 11:25:17,834 [f535bb4a-cba0-4f9b-9e3e-e4a48b3eda51@group-7E32184879DE-LeaderElection405] INFO  impl.LeaderElection (LeaderElection.java:askForVotes(178)) - f535bb4a-cba0-4f9b-9e3e-e4a48b3eda51@group-7E32184879DE-LeaderElection405: begin an election at term 475 for -1: [f535bb4a-cba0-4f9b-9e3e-e4a48b3eda51:0.0.0.0:44706, 54aabb14-4a7d-4ab3-adbe-2e67760b87f4:0.0.0.0:43074, c652e2ee-3322-4406-8db6-1ea643cb3197:0.0.0.0:42129], old=null
2019-10-18 11:25:17,836 [grpc-default-executor-0] INFO  impl.RaftServerImpl (RaftServerImpl.java:setRole(184)) - 54aabb14-4a7d-4ab3-adbe-2e67760b87f4@group-7E32184879DE: changes role from  FOLLOWER to FOLLOWER at term 475 for recognizeCandidate:f535bb4a-cba0-4f9b-9e3e-e4a48b3eda51
2019-10-18 11:25:17,836 [grpc-default-executor-1] INFO  impl.RaftServerImpl (RaftServerImpl.java:setRole(184)) - c652e2ee-3322-4406-8db6-1ea643cb3197@group-7E32184879DE: changes role from  FOLLOWER to FOLLOWER at term 475 for recognizeCandidate:f535bb4a-cba0-4f9b-9e3e-e4a48b3eda51
2019-10-18 11:25:17,836 [grpc-default-executor-1] INFO  impl.RoleInfo (RoleInfo.java:shutdownFollowerState(121)) - c652e2ee-3322-4406-8db6-1ea643cb3197: shutdown FollowerState
2019-10-18 11:25:17,836 [grpc-default-executor-0] INFO  impl.RoleInfo (RoleInfo.java:shutdownFollowerState(121)) - 54aabb14-4a7d-4ab3-adbe-2e67760b87f4: shutdown FollowerState
2019-10-18 11:25:17,836 [Thread-2868] INFO  impl.FollowerState (FollowerState.java:run(117)) - c652e2ee-3322-4406-8db6-1ea643cb3197@group-7E32184879DE-FollowerState was interrupted: java.lang.InterruptedException: sleep interrupted
2019-10-18 11:25:17,836 [Thread-2867] INFO  impl.FollowerState (FollowerState.java:run(117)) - 54aabb14-4a7d-4ab3-adbe-2e67760b87f4@group-7E32184879DE-FollowerState was interrupted: java.lang.InterruptedException: sleep interrupted
2019-10-18 11:25:17,836 [grpc-default-executor-1] INFO  impl.RoleInfo (RoleInfo.java:updateAndGet(143)) - c652e2ee-3322-4406-8db6-1ea643cb3197: start FollowerState
2019-10-18 11:25:17,836 [grpc-default-executor-0] INFO  impl.RoleInfo (RoleInfo.java:updateAndGet(143)) - 54aabb14-4a7d-4ab3-adbe-2e67760b87f4: start FollowerState
2019-10-18 11:25:17,877 [f535bb4a-cba0-4f9b-9e3e-e4a48b3eda51@group-7E32184879DE-LeaderElection405] INFO  impl.LeaderElection (LeaderElection.java:logAndReturn(56)) - f535bb4a-cba0-4f9b-9e3e-e4a48b3eda51@group-7E32184879DE-LeaderElection405: Election REJECTED; received 2 response(s) [f535bb4a-cba0-4f9b-9e3e-e4a48b3eda51<-54aabb14-4a7d-4ab3-adbe-2e67760b87f4#0:FAIL-t475, f535bb4a-cba0-4f9b-9e3e-e4a48b3eda51<-c652e2ee-3322-4406-8db6-1ea643cb3197#0:FAIL-t475] and 0 exception(s); f535bb4a-cba0-4f9b-9e3e-e4a48b3eda51@group-7E32184879DE:t475, leader=null, voted=f535bb4a-cba0-4f9b-9e3e-e4a48b3eda51, raftlog=f535bb4a-cba0-4f9b-9e3e-e4a48b3eda51@group-7E32184879DE-SegmentedRaftLog:OPENED:c-1,f-1,i0, conf=-1: [f535bb4a-cba0-4f9b-9e3e-e4a48b3eda51:0.0.0.0:44706, 54aabb14-4a7d-4ab3-adbe-2e67760b87f4:0.0.0.0:43074, c652e2ee-3322-4406-8db6-1ea643cb3197:0.0.0.0:42129], old=null
2019-10-18 11:25:17,877 [f535bb4a-cba0-4f9b-9e3e-e4a48b3eda51@group-7E32184879DE-LeaderElection405] INFO  impl.RaftServerImpl (RaftServerImpl.java:setRole(184)) - f535bb4a-cba0-4f9b-9e3e-e4a48b3eda51@group-7E32184879DE: changes role from CANDIDATE to FOLLOWER at term 475 for DISCOVERED_A_NEW_TERM
2019-10-18 11:25:17,877 [f535bb4a-cba0-4f9b-9e3e-e4a48b3eda51@group-7E32184879DE-LeaderElection405] INFO  impl.RoleInfo (RoleInfo.java:shutdownLeaderElection(134)) - f535bb4a-cba0-4f9b-9e3e-e4a48b3eda51: shutdown LeaderElection
2019-10-18 11:25:17,877 [f535bb4a-cba0-4f9b-9e3e-e4a48b3eda51@group-7E32184879DE-LeaderElection405] INFO  impl.RoleInfo (RoleInfo.java:updateAndGet(143)) - f535bb4a-cba0-4f9b-9e3e-e4a48b3eda51: start FollowerState
2019-10-18 11:25:17,894 [Thread-2875] INFO  impl.FollowerState (FollowerState.java:run(108)) - f535bb4a-cba0-4f9b-9e3e-e4a48b3eda51@group-7E32184879DE-FollowerState: change to CANDIDATE, lastRpcTime:16ms, electionTimeout:16ms
2019-10-18 11:25:17,894 [Thread-2875] INFO  impl.RoleInfo (RoleInfo.java:shutdownFollowerState(121)) - f535bb4a-cba0-4f9b-9e3e-e4a48b3eda51: shutdown FollowerState
2019-10-18 11:25:17,894 [Thread-2875] INFO  impl.RaftServerImpl (RaftServerImpl.java:setRole(184)) - f535bb4a-cba0-4f9b-9e3e-e4a48b3eda51@group-7E32184879DE: changes role from  FOLLOWER to CANDIDATE at term 475 for changeToCandidate
2019-10-18 11:25:17,894 [Thread-2875] INFO  impl.RoleInfo (RoleInfo.java:updateAndGet(143)) - f535bb4a-cba0-4f9b-9e3e-e4a48b3eda51: start LeaderElection
2019-10-18 11:25:17,918 [f535bb4a-cba0-4f9b-9e3e-e4a48b3eda51@group-7E32184879DE-LeaderElection406] INFO  impl.LeaderElection (LeaderElection.java:askForVotes(178)) - f535bb4a-cba0-4f9b-9e3e-e4a48b3eda51@group-7E32184879DE-LeaderElection406: begin an election at term 476 for -1: [f535bb4a-cba0-4f9b-9e3e-e4a48b3eda51:0.0.0.0:44706, 54aabb14-4a7d-4ab3-adbe-2e67760b87f4:0.0.0.0:43074, c652e2ee-3322-4406-8db6-1ea643cb3197:0.0.0.0:42129], old=null
2019-10-18 11:25:17,921 [grpc-default-executor-1] INFO  impl.RaftServerImpl (RaftServerImpl.java:setRole(184)) - 54aabb14-4a7d-4ab3-adbe-2e67760b87f4@group-7E32184879DE: changes role from  FOLLOWER to FOLLOWER at term 476 for recognizeCandidate:f535bb4a-cba0-4f9b-9e3e-e4a48b3eda51
2019-10-18 11:25:17,921 [grpc-default-executor-1] INFO  impl.RoleInfo (RoleInfo.java:shutdownFollowerState(121)) - 54aabb14-4a7d-4ab3-adbe-2e67760b87f4: shutdown FollowerState
2019-10-18 11:25:17,921 [grpc-default-executor-1] INFO  impl.RoleInfo (RoleInfo.java:updateAndGet(143)) - 54aabb14-4a7d-4ab3-adbe-2e67760b87f4: start FollowerState
2019-10-18 11:25:17,921 [Thread-2874] INFO  impl.FollowerState (FollowerState.java:run(117)) - 54aabb14-4a7d-4ab3-adbe-2e67760b87f4@group-7E32184879DE-FollowerState was interrupted: java.lang.InterruptedException: sleep interrupted
2019-10-18 11:25:17,921 [grpc-default-executor-0] INFO  impl.RaftServerImpl (RaftServerImpl.java:setRole(184)) - c652e2ee-3322-4406-8db6-1ea643cb3197@group-7E32184879DE: changes role from  FOLLOWER to FOLLOWER at term 476 for recognizeCandidate:f535bb4a-cba0-4f9b-9e3e-e4a48b3eda51
2019-10-18 11:25:17,921 [grpc-default-executor-0] INFO  impl.RoleInfo (RoleInfo.java:shutdownFollowerState(121)) - c652e2ee-3322-4406-8db6-1ea643cb3197: shutdown FollowerState
2019-10-18 11:25:17,922 [grpc-default-executor-0] INFO  impl.RoleInfo (RoleInfo.java:updateAndGet(143)) - c652e2ee-3322-4406-8db6-1ea643cb3197: start FollowerState
2019-10-18 11:25:17,922 [Thread-2873] INFO  impl.FollowerState (FollowerState.java:run(117)) - c652e2ee-3322-4406-8db6-1ea643cb3197@group-7E32184879DE-FollowerState was interrupted: java.lang.InterruptedException: sleep interrupted
2019-10-18 11:25:17,944 [f535bb4a-cba0-4f9b-9e3e-e4a48b3eda51@group-7E32184879DE-LeaderElection406] INFO  impl.LeaderElection (LeaderElection.java:logAndReturn(56)) - f535bb4a-cba0-4f9b-9e3e-e4a48b3eda51@group-7E32184879DE-LeaderElection406: Election REJECTED; received 2 response(s) [f535bb4a-cba0-4f9b-9e3e-e4a48b3eda51<-54aabb14-4a7d-4ab3-adbe-2e67760b87f4#0:FAIL-t476, f535bb4a-cba0-4f9b-9e3e-e4a48b3eda51<-c652e2ee-3322-4406-8db6-1ea643cb3197#0:FAIL-t476] and 0 exception(s); f535bb4a-cba0-4f9b-9e3e-e4a48b3eda51@group-7E32184879DE:t476, leader=null, voted=f535bb4a-cba0-4f9b-9e3e-e4a48b3eda51, raftlog=f535bb4a-cba0-4f9b-9e3e-e4a48b3eda51@group-7E32184879DE-SegmentedRaftLog:OPENED:c-1,f-1,i0, conf=-1: [f535bb4a-cba0-4f9b-9e3e-e4a48b3eda51:0.0.0.0:44706, 54aabb14-4a7d-4ab3-adbe-2e67760b87f4:0.0.0.0:43074, c652e2ee-3322-4406-8db6-1ea643cb3197:0.0.0.0:42129], old=null
2019-10-18 11:25:17,945 [f535bb4a-cba0-4f9b-9e3e-e4a48b3eda51@group-7E32184879DE-LeaderElection406] INFO  impl.RaftServerImpl (RaftServerImpl.java:setRole(184)) - f535bb4a-cba0-4f9b-9e3e-e4a48b3eda51@group-7E32184879DE: changes role from CANDIDATE to FOLLOWER at term 476 for DISCOVERED_A_NEW_TERM
2019-10-18 11:25:17,945 [f535bb4a-cba0-4f9b-9e3e-e4a48b3eda51@group-7E32184879DE-LeaderElection406] INFO  impl.RoleInfo (RoleInfo.java:shutdownLeaderElection(134)) - f535bb4a-cba0-4f9b-9e3e-e4a48b3eda51: shutdown LeaderElection
2019-10-18 11:25:17,945 [f535bb4a-cba0-4f9b-9e3e-e4a48b3eda51@group-7E32184879DE-LeaderElection406] INFO  impl.RoleInfo (RoleInfo.java:updateAndGet(143)) - f535bb4a-cba0-4f9b-9e3e-e4a48b3eda51: start FollowerState
2019-10-18 11:25:17,991 [Thread-2881] INFO  impl.FollowerState (FollowerState.java:run(108)) - f535bb4a-cba0-4f9b-9e3e-e4a48b3eda51@group-7E32184879DE-FollowerState: change to CANDIDATE, lastRpcTime:45ms, electionTimeout:45ms
2019-10-18 11:25:17,991 [Thread-2881] INFO  impl.RoleInfo (RoleInfo.java:shutdownFollowerState(121)) - f535bb4a-cba0-4f9b-9e3e-e4a48b3eda51: shutdown FollowerState
2019-10-18 11:25:17,991 [Thread-2881] INFO  impl.RaftServerImpl (RaftServerImpl.java:setRole(184)) - f535bb4a-cba0-4f9b-9e3e-e4a48b3eda51@group-7E32184879DE: changes role from  FOLLOWER to CANDIDATE at term 476 for changeToCandidate
2019-10-18 11:25:17,991 [Thread-2881] INFO  impl.RoleInfo (RoleInfo.java:updateAndGet(143)) - f535bb4a-cba0-4f9b-9e3e-e4a48b3eda51: start LeaderElection
2019-10-18 11:25:18,019 [f535bb4a-cba0-4f9b-9e3e-e4a48b3eda51@group-7E32184879DE-LeaderElection407] INFO  impl.LeaderElection (LeaderElection.java:askForVotes(178)) - f535bb4a-cba0-4f9b-9e3e-e4a48b3eda51@group-7E32184879DE-LeaderElection407: begin an election at term 477 for -1: [f535bb4a-cba0-4f9b-9e3e-e4a48b3eda51:0.0.0.0:44706, 54aabb14-4a7d-4ab3-adbe-2e67760b87f4:0.0.0.0:43074, c652e2ee-3322-4406-8db6-1ea643cb3197:0.0.0.0:42129], old=null
2019-10-18 11:25:18,020 [grpc-default-executor-1] INFO  impl.RaftServerImpl (RaftServerImpl.java:setRole(184)) - 54aabb14-4a7d-4ab3-adbe-2e67760b87f4@group-7E32184879DE: changes role from  FOLLOWER to FOLLOWER at term 477 for recognizeCandidate:f535bb4a-cba0-4f9b-9e3e-e4a48b3eda51
2019-10-18 11:25:18,020 [grpc-default-executor-0] INFO  impl.RaftServerImpl (RaftServerImpl.java:setRole(184)) - c652e2ee-3322-4406-8db6-1ea643cb3197@group-7E32184879DE: changes role from  FOLLOWER to FOLLOWER at term 477 for recognizeCandidate:f535bb4a-cba0-4f9b-9e3e-e4a48b3eda51
2019-10-18 11:25:18,021 [grpc-default-executor-1] INFO  impl.RoleInfo (RoleInfo.java:shutdownFollowerState(121)) - 54aabb14-4a7d-4ab3-adbe-2e67760b87f4: shutdown FollowerState
2019-10-18 11:25:18,021 [grpc-default-executor-0] INFO  impl.RoleInfo (RoleInfo.java:shutdownFollowerState(121)) - c652e2ee-3322-4406-8db6-1ea643cb3197: shutdown FollowerState
2019-10-18 11:25:18,021 [Thread-2879] INFO  impl.FollowerState (FollowerState.java:run(117)) - 54aabb14-4a7d-4ab3-adbe-2e67760b87f4@group-7E32184879DE-FollowerState was interrupted: java.lang.InterruptedException: sleep interrupted
2019-10-18 11:25:18,021 [grpc-default-executor-1] INFO  impl.RoleInfo (RoleInfo.java:updateAndGet(143)) - 54aabb14-4a7d-4ab3-adbe-2e67760b87f4: start FollowerState
2019-10-18 11:25:18,021 [Thread-2880] INFO  impl.FollowerState (FollowerState.java:run(117)) - c652e2ee-3322-4406-8db6-1ea643cb3197@group-7E32184879DE-FollowerState was interrupted: java.lang.InterruptedException: sleep interrupted
2019-10-18 11:25:18,021 [grpc-default-executor-0] INFO  impl.RoleInfo (RoleInfo.java:updateAndGet(143)) - c652e2ee-3322-4406-8db6-1ea643cb3197: start FollowerState
2019-10-18 11:25:18,045 [f535bb4a-cba0-4f9b-9e3e-e4a48b3eda51@group-7E32184879DE-LeaderElection407] INFO  impl.LeaderElection (LeaderElection.java:logAndReturn(56)) - f535bb4a-cba0-4f9b-9e3e-e4a48b3eda51@group-7E32184879DE-LeaderElection407: Election REJECTED; received 2 response(s) [f535bb4a-cba0-4f9b-9e3e-e4a48b3eda51<-54aabb14-4a7d-4ab3-adbe-2e67760b87f4#0:FAIL-t477, f535bb4a-cba0-4f9b-9e3e-e4a48b3eda51<-c652e2ee-3322-4406-8db6-1ea643cb3197#0:FAIL-t477] and 0 exception(s); f535bb4a-cba0-4f9b-9e3e-e4a48b3eda51@group-7E32184879DE:t477, leader=null, voted=f535bb4a-cba0-4f9b-9e3e-e4a48b3eda51, raftlog=f535bb4a-cba0-4f9b-9e3e-e4a48b3eda51@group-7E32184879DE-SegmentedRaftLog:OPENED:c-1,f-1,i0, conf=-1: [f535bb4a-cba0-4f9b-9e3e-e4a48b3eda51:0.0.0.0:44706, 54aabb14-4a7d-4ab3-adbe-2e67760b87f4:0.0.0.0:43074, c652e2ee-3322-4406-8db6-1ea643cb3197:0.0.0.0:42129], old=null
2019-10-18 11:25:18,045 [f535bb4a-cba0-4f9b-9e3e-e4a48b3eda51@group-7E32184879DE-LeaderElection407] INFO  impl.RaftServerImpl (RaftServerImpl.java:setRole(184)) - f535bb4a-cba0-4f9b-9e3e-e4a48b3eda51@group-7E32184879DE: changes role from CANDIDATE to FOLLOWER at term 477 for DISCOVERED_A_NEW_TERM
2019-10-18 11:25:18,045 [f535bb4a-cba0-4f9b-9e3e-e4a48b3eda51@group-7E32184879DE-LeaderElection407] INFO  impl.RoleInfo (RoleInfo.java:shutdownLeaderElection(134)) - f535bb4a-cba0-4f9b-9e3e-e4a48b3eda51: shutdown LeaderElection
2019-10-18 11:25:18,045 [f535bb4a-cba0-4f9b-9e3e-e4a48b3eda51@group-7E32184879DE-LeaderElection407] INFO  impl.RoleInfo (RoleInfo.java:updateAndGet(143)) - f535bb4a-cba0-4f9b-9e3e-e4a48b3eda51: start FollowerState
2019-10-18 11:25:18,108 [Thread-2887] INFO  impl.FollowerState (FollowerState.java:run(108)) - f535bb4a-cba0-4f9b-9e3e-e4a48b3eda51@group-7E32184879DE-FollowerState: change to CANDIDATE, lastRpcTime:62ms, electionTimeout:62ms
2019-10-18 11:25:18,108 [Thread-2887] INFO  impl.RoleInfo (RoleInfo.java:shutdownFollowerState(121)) - f535bb4a-cba0-4f9b-9e3e-e4a48b3eda51: shutdown FollowerState
2019-10-18 11:25:18,108 [Thread-2887] INFO  impl.RaftServerImpl (RaftServerImpl.java:setRole(184)) - f535bb4a-cba0-4f9b-9e3e-e4a48b3eda51@group-7E32184879DE: changes role from  FOLLOWER to CANDIDATE at term 477 for changeToCandidate
2019-10-18 11:25:18,108 [Thread-2887] INFO  impl.RoleInfo (RoleInfo.java:updateAndGet(143)) - f535bb4a-cba0-4f9b-9e3e-e4a48b3eda51: start LeaderElection
2019-10-18 11:25:18,136 [f535bb4a-cba0-4f9b-9e3e-e4a48b3eda51@group-7E32184879DE-LeaderElection408] INFO  impl.LeaderElection (LeaderElection.java:askForVotes(178)) - f535bb4a-cba0-4f9b-9e3e-e4a48b3eda51@group-7E32184879DE-LeaderElection408: begin an election at term 478 for -1: [f535bb4a-cba0-4f9b-9e3e-e4a48b3eda51:0.0.0.0:44706, 54aabb14-4a7d-4ab3-adbe-2e67760b87f4:0.0.0.0:43074, c652e2ee-3322-4406-8db6-1ea643cb3197:0.0.0.0:42129], old=null
2019-10-18 11:25:18,138 [grpc-default-executor-1] INFO  impl.RaftServerImpl (RaftServerImpl.java:setRole(184)) - 54aabb14-4a7d-4ab3-adbe-2e67760b87f4@group-7E32184879DE: changes role from  FOLLOWER to FOLLOWER at term 478 for recognizeCandidate:f535bb4a-cba0-4f9b-9e3e-e4a48b3eda51
2019-10-18 11:25:18,138 [grpc-default-executor-1] INFO  impl.RoleInfo (RoleInfo.java:shutdownFollowerState(121)) - 54aabb14-4a7d-4ab3-adbe-2e67760b87f4: shutdown FollowerState
2019-10-18 11:25:18,138 [grpc-default-executor-0] INFO  impl.RaftServerImpl (RaftServerImpl.java:setRole(184)) - c652e2ee-3322-4406-8db6-1ea643cb3197@group-7E32184879DE: changes role from  FOLLOWER to FOLLOWER at term 478 for recognizeCandidate:f535bb4a-cba0-4f9b-9e3e-e4a48b3eda51
2019-10-18 11:25:18,138 [grpc-default-executor-0] INFO  impl.RoleInfo (RoleInfo.java:shutdownFollowerState(121)) - c652e2ee-3322-4406-8db6-1ea643cb3197: shutdown FollowerState
2019-10-18 11:25:18,138 [Thread-2885] INFO  impl.FollowerState (FollowerState.java:run(117)) - 54aabb14-4a7d-4ab3-adbe-2e67760b87f4@group-7E32184879DE-FollowerState was interrupted: java.lang.InterruptedException: sleep interrupted
2019-10-18 11:25:18,138 [grpc-default-executor-1] INFO  impl.RoleInfo (RoleInfo.java:updateAndGet(143)) - 54aabb14-4a7d-4ab3-adbe-2e67760b87f4: start FollowerState
2019-10-18 11:25:18,139 [Thread-2886] INFO  impl.FollowerState (FollowerState.java:run(117)) - c652e2ee-3322-4406-8db6-1ea643cb3197@group-7E32184879DE-FollowerState was interrupted: java.lang.InterruptedException: sleep interrupted
2019-10-18 11:25:18,138 [grpc-default-executor-0] INFO  impl.RoleInfo (RoleInfo.java:updateAndGet(143)) - c652e2ee-3322-4406-8db6-1ea643cb3197: start FollowerState
2019-10-18 11:25:18,146 [f535bb4a-cba0-4f9b-9e3e-e4a48b3eda51@group-7E32184879DE-LeaderElection408] INFO  impl.LeaderElection (LeaderElection.java:logAndReturn(56)) - f535bb4a-cba0-4f9b-9e3e-e4a48b3eda51@group-7E32184879DE-LeaderElection408: Election TIMEOUT; received 0 response(s) [] and 0 exception(s); f535bb4a-cba0-4f9b-9e3e-e4a48b3eda51@group-7E32184879DE:t478, leader=null, voted=f535bb4a-cba0-4f9b-9e3e-e4a48b3eda51, raftlog=f535bb4a-cba0-4f9b-9e3e-e4a48b3eda51@group-7E32184879DE-SegmentedRaftLog:OPENED:c-1,f-1,i0, conf=-1: [f535bb4a-cba0-4f9b-9e3e-e4a48b3eda51:0.0.0.0:44706, 54aabb14-4a7d-4ab3-adbe-2e67760b87f4:0.0.0.0:43074, c652e2ee-3322-4406-8db6-1ea643cb3197:0.0.0.0:42129], old=null
2019-10-18 11:25:18,162 [f535bb4a-cba0-4f9b-9e3e-e4a48b3eda51@group-7E32184879DE-LeaderElection408] INFO  impl.LeaderElection (LeaderElection.java:askForVotes(178)) - f535bb4a-cba0-4f9b-9e3e-e4a48b3eda51@group-7E32184879DE-LeaderElection408: begin an election at term 479 for -1: [f535bb4a-cba0-4f9b-9e3e-e4a48b3eda51:0.0.0.0:44706, 54aabb14-4a7d-4ab3-adbe-2e67760b87f4:0.0.0.0:43074, c652e2ee-3322-4406-8db6-1ea643cb3197:0.0.0.0:42129], old=null
2019-10-18 11:25:18,163 [grpc-default-executor-1] INFO  impl.RaftServerImpl (RaftServerImpl.java:setRole(184)) - 54aabb14-4a7d-4ab3-adbe-2e67760b87f4@group-7E32184879DE: changes role from  FOLLOWER to FOLLOWER at term 479 for recognizeCandidate:f535bb4a-cba0-4f9b-9e3e-e4a48b3eda51
2019-10-18 11:25:18,163 [grpc-default-executor-1] INFO  impl.RoleInfo (RoleInfo.java:shutdownFollowerState(121)) - 54aabb14-4a7d-4ab3-adbe-2e67760b87f4: shutdown FollowerState
2019-10-18 11:25:18,163 [grpc-default-executor-0] INFO  impl.RaftServerImpl (RaftServerImpl.java:setRole(184)) - c652e2ee-3322-4406-8db6-1ea643cb3197@group-7E32184879DE: changes role from  FOLLOWER to FOLLOWER at term 479 for recognizeCandidate:f535bb4a-cba0-4f9b-9e3e-e4a48b3eda51
2019-10-18 11:25:18,163 [grpc-default-executor-0] INFO  impl.RoleInfo (RoleInfo.java:shutdownFollowerState(121)) - c652e2ee-3322-4406-8db6-1ea643cb3197: shutdown FollowerState
2019-10-18 11:25:18,163 [Thread-2891] INFO  impl.FollowerState (FollowerState.java:run(117)) - 54aabb14-4a7d-4ab3-adbe-2e67760b87f4@group-7E32184879DE-FollowerState was interrupted: java.lang.InterruptedException: sleep interrupted
2019-10-18 11:25:18,163 [grpc-default-executor-1] INFO  impl.RoleInfo (RoleInfo.java:updateAndGet(143)) - 54aabb14-4a7d-4ab3-adbe-2e67760b87f4: start FollowerState
2019-10-18 11:25:18,163 [Thread-2892] INFO  impl.FollowerState (FollowerState.java:run(117)) - c652e2ee-3322-4406-8db6-1ea643cb3197@group-7E32184879DE-FollowerState was interrupted: java.lang.InterruptedException: sleep interrupted
2019-10-18 11:25:18,163 [grpc-default-executor-0] INFO  impl.RoleInfo (RoleInfo.java:updateAndGet(143)) - c652e2ee-3322-4406-8db6-1ea643cb3197: start FollowerState
2019-10-18 11:25:18,187 [f535bb4a-cba0-4f9b-9e3e-e4a48b3eda51@group-7E32184879DE-LeaderElection408] INFO  impl.LeaderElection (LeaderElection.java:logAndReturn(56)) - f535bb4a-cba0-4f9b-9e3e-e4a48b3eda51@group-7E32184879DE-LeaderElection408: Election REJECTED; received 2 response(s) [f535bb4a-cba0-4f9b-9e3e-e4a48b3eda51<-54aabb14-4a7d-4ab3-adbe-2e67760b87f4#0:FAIL-t479, f535bb4a-cba0-4f9b-9e3e-e4a48b3eda51<-c652e2ee-3322-4406-8db6-1ea643cb3197#0:FAIL-t479] and 0 exception(s); f535bb4a-cba0-4f9b-9e3e-e4a48b3eda51@group-7E32184879DE:t479, leader=null, voted=f535bb4a-cba0-4f9b-9e3e-e4a48b3eda51, raftlog=f535bb4a-cba0-4f9b-9e3e-e4a48b3eda51@group-7E32184879DE-SegmentedRaftLog:OPENED:c-1,f-1,i0, conf=-1: [f535bb4a-cba0-4f9b-9e3e-e4a48b3eda51:0.0.0.0:44706, 54aabb14-4a7d-4ab3-adbe-2e67760b87f4:0.0.0.0:43074, c652e2ee-3322-4406-8db6-1ea643cb3197:0.0.0.0:42129], old=null
2019-10-18 11:25:18,188 [f535bb4a-cba0-4f9b-9e3e-e4a48b3eda51@group-7E32184879DE-LeaderElection408] INFO  impl.RaftServerImpl (RaftServerImpl.java:setRole(184)) - f535bb4a-cba0-4f9b-9e3e-e4a48b3eda51@group-7E32184879DE: changes role from CANDIDATE to FOLLOWER at term 479 for DISCOVERED_A_NEW_TERM
2019-10-18 11:25:18,188 [f535bb4a-cba0-4f9b-9e3e-e4a48b3eda51@group-7E32184879DE-LeaderElection408] INFO  impl.RoleInfo (RoleInfo.java:shutdownLeaderElection(134)) - f535bb4a-cba0-4f9b-9e3e-e4a48b3eda51: shutdown LeaderElection
2019-10-18 11:25:18,188 [f535bb4a-cba0-4f9b-9e3e-e4a48b3eda51@group-7E32184879DE-LeaderElection408] INFO  impl.RoleInfo (RoleInfo.java:updateAndGet(143)) - f535bb4a-cba0-4f9b-9e3e-e4a48b3eda51: start FollowerState
2019-10-18 11:25:18,320 [Thread-2897] INFO  impl.FollowerState (FollowerState.java:run(108)) - f535bb4a-cba0-4f9b-9e3e-e4a48b3eda51@group-7E32184879DE-FollowerState: change to CANDIDATE, lastRpcTime:132ms, electionTimeout:132ms
2019-10-18 11:25:18,320 [Thread-2897] INFO  impl.RoleInfo (RoleInfo.java:shutdownFollowerState(121)) - f535bb4a-cba0-4f9b-9e3e-e4a48b3eda51: shutdown FollowerState
2019-10-18 11:25:18,321 [Thread-2897] INFO  impl.RaftServerImpl (RaftServerImpl.java:setRole(184)) - f535bb4a-cba0-4f9b-9e3e-e4a48b3eda51@group-7E32184879DE: changes role from  FOLLOWER to CANDIDATE at term 479 for changeToCandidate
2019-10-18 11:25:18,321 [Thread-2897] INFO  impl.RoleInfo (RoleInfo.java:updateAndGet(143)) - f535bb4a-cba0-4f9b-9e3e-e4a48b3eda51: start LeaderElection
2019-10-18 11:25:18,346 [f535bb4a-cba0-4f9b-9e3e-e4a48b3eda51@group-7E32184879DE-LeaderElection409] INFO  impl.LeaderElection (LeaderElection.java:askForVotes(178)) - f535bb4a-cba0-4f9b-9e3e-e4a48b3eda51@group-7E32184879DE-LeaderElection409: begin an election at term 480 for -1: [f535bb4a-cba0-4f9b-9e3e-e4a48b3eda51:0.0.0.0:44706, 54aabb14-4a7d-4ab3-adbe-2e67760b87f4:0.0.0.0:43074, c652e2ee-3322-4406-8db6-1ea643cb3197:0.0.0.0:42129], old=null
2019-10-18 11:25:18,348 [grpc-default-executor-0] INFO  impl.RaftServerImpl (RaftServerImpl.java:setRole(184)) - c652e2ee-3322-4406-8db6-1ea643cb3197@group-7E32184879DE: changes role from  FOLLOWER to FOLLOWER at term 480 for recognizeCandidate:f535bb4a-cba0-4f9b-9e3e-e4a48b3eda51
2019-10-18 11:25:18,348 [grpc-default-executor-1] INFO  impl.RaftServerImpl (RaftServerImpl.java:setRole(184)) - 54aabb14-4a7d-4ab3-adbe-2e67760b87f4@group-7E32184879DE: changes role from  FOLLOWER to FOLLOWER at term 480 for recognizeCandidate:f535bb4a-cba0-4f9b-9e3e-e4a48b3eda51
2019-10-18 11:25:18,348 [grpc-default-executor-1] INFO  impl.RoleInfo (RoleInfo.java:shutdownFollowerState(121)) - 54aabb14-4a7d-4ab3-adbe-2e67760b87f4: shutdown FollowerState
2019-10-18 11:25:18,348 [grpc-default-executor-0] INFO  impl.RoleInfo (RoleInfo.java:shutdownFollowerState(121)) - c652e2ee-3322-4406-8db6-1ea643cb3197: shutdown FollowerState
2019-10-18 11:25:18,348 [Thread-2895] INFO  impl.FollowerState (FollowerState.java:run(117)) - 54aabb14-4a7d-4ab3-adbe-2e67760b87f4@group-7E32184879DE-FollowerState was interrupted: java.lang.InterruptedException: sleep interrupted
2019-10-18 11:25:18,348 [grpc-default-executor-1] INFO  impl.RoleInfo (RoleInfo.java:updateAndGet(143)) - 54aabb14-4a7d-4ab3-adbe-2e67760b87f4: start FollowerState
2019-10-18 11:25:18,348 [Thread-2896] INFO  impl.FollowerState (FollowerState.java:run(117)) - c652e2ee-3322-4406-8db6-1ea643cb3197@group-7E32184879DE-FollowerState was interrupted: java.lang.InterruptedException: sleep interrupted
2019-10-18 11:25:18,348 [grpc-default-executor-0] INFO  impl.RoleInfo (RoleInfo.java:updateAndGet(143)) - c652e2ee-3322-4406-8db6-1ea643cb3197: start FollowerState
2019-10-18 11:25:18,371 [f535bb4a-cba0-4f9b-9e3e-e4a48b3eda51@group-7E32184879DE-LeaderElection409] INFO  impl.LeaderElection (LeaderElection.java:logAndReturn(56)) - f535bb4a-cba0-4f9b-9e3e-e4a48b3eda51@group-7E32184879DE-LeaderElection409: Election TIMEOUT; received 1 response(s) [f535bb4a-cba0-4f9b-9e3e-e4a48b3eda51<-c652e2ee-3322-4406-8db6-1ea643cb3197#0:FAIL-t480] and 0 exception(s); f535bb4a-cba0-4f9b-9e3e-e4a48b3eda51@group-7E32184879DE:t480, leader=null, voted=f535bb4a-cba0-4f9b-9e3e-e4a48b3eda51, raftlog=f535bb4a-cba0-4f9b-9e3e-e4a48b3eda51@group-7E32184879DE-SegmentedRaftLog:OPENED:c-1,f-1,i0, conf=-1: [f535bb4a-cba0-4f9b-9e3e-e4a48b3eda51:0.0.0.0:44706, 54aabb14-4a7d-4ab3-adbe-2e67760b87f4:0.0.0.0:43074, c652e2ee-3322-4406-8db6-1ea643cb3197:0.0.0.0:42129], old=null
2019-10-18 11:25:18,396 [f535bb4a-cba0-4f9b-9e3e-e4a48b3eda51@group-7E32184879DE-LeaderElection409] INFO  impl.LeaderElection (LeaderElection.java:askForVotes(178)) - f535bb4a-cba0-4f9b-9e3e-e4a48b3eda51@group-7E32184879DE-LeaderElection409: begin an election at term 481 for -1: [f535bb4a-cba0-4f9b-9e3e-e4a48b3eda51:0.0.0.0:44706, 54aabb14-4a7d-4ab3-adbe-2e67760b87f4:0.0.0.0:43074, c652e2ee-3322-4406-8db6-1ea643cb3197:0.0.0.0:42129], old=null
2019-10-18 11:25:18,397 [grpc-default-executor-0] INFO  impl.RaftServerImpl (RaftServerImpl.java:setRole(184)) - c652e2ee-3322-4406-8db6-1ea643cb3197@group-7E32184879DE: changes role from  FOLLOWER to FOLLOWER at term 481 for recognizeCandidate:f535bb4a-cba0-4f9b-9e3e-e4a48b3eda51
2019-10-18 11:25:18,398 [grpc-default-executor-0] INFO  impl.RoleInfo (RoleInfo.java:shutdownFollowerState(121)) - c652e2ee-3322-4406-8db6-1ea643cb3197: shutdown FollowerState
2019-10-18 11:25:18,398 [grpc-default-executor-1] INFO  impl.RaftServerImpl (RaftServerImpl.java:setRole(184)) - 54aabb14-4a7d-4ab3-adbe-2e67760b87f4@group-7E32184879DE: changes role from  FOLLOWER to FOLLOWER at term 481 for recognizeCandidate:f535bb4a-cba0-4f9b-9e3e-e4a48b3eda51
2019-10-18 11:25:18,398 [grpc-default-executor-1] INFO  impl.RoleInfo (RoleInfo.java:shutdownFollowerState(121)) - 54aabb14-4a7d-4ab3-adbe-2e67760b87f4: shutdown FollowerState
2019-10-18 11:25:18,398 [Thread-2902] INFO  impl.FollowerState (FollowerState.java:run(117)) - c652e2ee-3322-4406-8db6-1ea643cb3197@group-7E32184879DE-FollowerState was interrupted: java.lang.InterruptedException: sleep interrupted
2019-10-18 11:25:18,398 [grpc-default-executor-0] INFO  impl.RoleInfo (RoleInfo.java:updateAndGet(143)) - c652e2ee-3322-4406-8db6-1ea643cb3197: start FollowerState
2019-10-18 11:25:18,398 [Thread-2901] INFO  impl.FollowerState (FollowerState.java:run(117)) - 54aabb14-4a7d-4ab3-adbe-2e67760b87f4@group-7E32184879DE-FollowerState was interrupted: java.lang.InterruptedException: sleep interrupted
2019-10-18 11:25:18,398 [grpc-default-executor-1] INFO  impl.RoleInfo (RoleInfo.java:updateAndGet(143)) - 54aabb14-4a7d-4ab3-adbe-2e67760b87f4: start FollowerState
2019-10-18 11:25:18,422 [f535bb4a-cba0-4f9b-9e3e-e4a48b3eda51@group-7E32184879DE-LeaderElection409] INFO  impl.LeaderElection (LeaderElection.java:logAndReturn(56)) - f535bb4a-cba0-4f9b-9e3e-e4a48b3eda51@group-7E32184879DE-LeaderElection409: Election REJECTED; received 2 response(s) [f535bb4a-cba0-4f9b-9e3e-e4a48b3eda51<-54aabb14-4a7d-4ab3-adbe-2e67760b87f4#0:FAIL-t481, f535bb4a-cba0-4f9b-9e3e-e4a48b3eda51<-c652e2ee-3322-4406-8db6-1ea643cb3197#0:FAIL-t481] and 0 exception(s); f535bb4a-cba0-4f9b-9e3e-e4a48b3eda51@group-7E32184879DE:t481, leader=null, voted=f535bb4a-cba0-4f9b-9e3e-e4a48b3eda51, raftlog=f535bb4a-cba0-4f9b-9e3e-e4a48b3eda51@group-7E32184879DE-SegmentedRaftLog:OPENED:c-1,f-1,i0, conf=-1: [f535bb4a-cba0-4f9b-9e3e-e4a48b3eda51:0.0.0.0:44706, 54aabb14-4a7d-4ab3-adbe-2e67760b87f4:0.0.0.0:43074, c652e2ee-3322-4406-8db6-1ea643cb3197:0.0.0.0:42129], old=null
2019-10-18 11:25:18,423 [f535bb4a-cba0-4f9b-9e3e-e4a48b3eda51@group-7E32184879DE-LeaderElection409] INFO  impl.RaftServerImpl (RaftServerImpl.java:setRole(184)) - f535bb4a-cba0-4f9b-9e3e-e4a48b3eda51@group-7E32184879DE: changes role from CANDIDATE to FOLLOWER at term 481 for DISCOVERED_A_NEW_TERM
2019-10-18 11:25:18,423 [f535bb4a-cba0-4f9b-9e3e-e4a48b3eda51@group-7E32184879DE-LeaderElection409] INFO  impl.RoleInfo (RoleInfo.java:shutdownLeaderElection(134)) - f535bb4a-cba0-4f9b-9e3e-e4a48b3eda51: shutdown LeaderElection
2019-10-18 11:25:18,423 [f535bb4a-cba0-4f9b-9e3e-e4a48b3eda51@group-7E32184879DE-LeaderElection409] INFO  impl.RoleInfo (RoleInfo.java:updateAndGet(143)) - f535bb4a-cba0-4f9b-9e3e-e4a48b3eda51: start FollowerState
2019-10-18 11:25:18,478 [Thread-2907] INFO  impl.FollowerState (FollowerState.java:run(108)) - f535bb4a-cba0-4f9b-9e3e-e4a48b3eda51@group-7E32184879DE-FollowerState: change to CANDIDATE, lastRpcTime:55ms, electionTimeout:55ms
2019-10-18 11:25:18,478 [Thread-2907] INFO  impl.RoleInfo (RoleInfo.java:shutdownFollowerState(121)) - f535bb4a-cba0-4f9b-9e3e-e4a48b3eda51: shutdown FollowerState
2019-10-18 11:25:18,478 [Thread-2907] INFO  impl.RaftServerImpl (RaftServerImpl.java:setRole(184)) - f535bb4a-cba0-4f9b-9e3e-e4a48b3eda51@group-7E32184879DE: changes role from  FOLLOWER to CANDIDATE at term 481 for changeToCandidate
2019-10-18 11:25:18,478 [Thread-2907] INFO  impl.RoleInfo (RoleInfo.java:updateAndGet(143)) - f535bb4a-cba0-4f9b-9e3e-e4a48b3eda51: start LeaderElection
2019-10-18 11:25:18,505 [f535bb4a-cba0-4f9b-9e3e-e4a48b3eda51@group-7E32184879DE-LeaderElection410] INFO  impl.LeaderElection (LeaderElection.java:askForVotes(178)) - f535bb4a-cba0-4f9b-9e3e-e4a48b3eda51@group-7E32184879DE-LeaderElection410: begin an election at term 482 for -1: [f535bb4a-cba0-4f9b-9e3e-e4a48b3eda51:0.0.0.0:44706, 54aabb14-4a7d-4ab3-adbe-2e67760b87f4:0.0.0.0:43074, c652e2ee-3322-4406-8db6-1ea643cb3197:0.0.0.0:42129], old=null
2019-10-18 11:25:18,507 [grpc-default-executor-0] INFO  impl.RaftServerImpl (RaftServerImpl.java:setRole(184)) - 54aabb14-4a7d-4ab3-adbe-2e67760b87f4@group-7E32184879DE: changes role from  FOLLOWER to FOLLOWER at term 482 for recognizeCandidate:f535bb4a-cba0-4f9b-9e3e-e4a48b3eda51
2019-10-18 11:25:18,507 [grpc-default-executor-0] INFO  impl.RoleInfo (RoleInfo.java:shutdownFollowerState(121)) - 54aabb14-4a7d-4ab3-adbe-2e67760b87f4: shutdown FollowerState
2019-10-18 11:25:18,507 [grpc-default-executor-0] INFO  impl.RoleInfo (RoleInfo.java:updateAndGet(143)) - 54aabb14-4a7d-4ab3-adbe-2e67760b87f4: start FollowerState
2019-10-18 11:25:18,507 [grpc-default-executor-1] INFO  impl.RaftServerImpl (RaftServerImpl.java:setRole(184)) - c652e2ee-3322-4406-8db6-1ea643cb3197@group-7E32184879DE: changes role from  FOLLOWER to FOLLOWER at term 482 for recognizeCandidate:f535bb4a-cba0-4f9b-9e3e-e4a48b3eda51
2019-10-18 11:25:18,508 [grpc-default-executor-1] INFO  impl.RoleInfo (RoleInfo.java:shutdownFollowerState(121)) - c652e2ee-3322-4406-8db6-1ea643cb3197: shutdown FollowerState
2019-10-18 11:25:18,507 [Thread-2906] INFO  impl.FollowerState (FollowerState.java:run(117)) - 54aabb14-4a7d-4ab3-adbe-2e67760b87f4@group-7E32184879DE-FollowerState was interrupted: java.lang.InterruptedException: sleep interrupted
2019-10-18 11:25:18,508 [Thread-2905] INFO  impl.FollowerState (FollowerState.java:run(117)) - c652e2ee-3322-4406-8db6-1ea643cb3197@group-7E32184879DE-FollowerState was interrupted: java.lang.InterruptedException: sleep interrupted
2019-10-18 11:25:18,508 [grpc-default-executor-1] INFO  impl.RoleInfo (RoleInfo.java:updateAndGet(143)) - c652e2ee-3322-4406-8db6-1ea643cb3197: start FollowerState
2019-10-18 11:25:18,532 [f535bb4a-cba0-4f9b-9e3e-e4a48b3eda51@group-7E32184879DE-LeaderElection410] INFO  impl.LeaderElection (LeaderElection.java:logAndReturn(56)) - f535bb4a-cba0-4f9b-9e3e-e4a48b3eda51@group-7E32184879DE-LeaderElection410: Election REJECTED; received 2 response(s) [f535bb4a-cba0-4f9b-9e3e-e4a48b3eda51<-54aabb14-4a7d-4ab3-adbe-2e67760b87f4#0:FAIL-t482, f535bb4a-cba0-4f9b-9e3e-e4a48b3eda51<-c652e2ee-3322-4406-8db6-1ea643cb3197#0:FAIL-t482] and 0 exception(s); f535bb4a-cba0-4f9b-9e3e-e4a48b3eda51@group-7E32184879DE:t482, leader=null, voted=f535bb4a-cba0-4f9b-9e3e-e4a48b3eda51, raftlog=f535bb4a-cba0-4f9b-9e3e-e4a48b3eda51@group-7E32184879DE-SegmentedRaftLog:OPENED:c-1,f-1,i0, conf=-1: [f535bb4a-cba0-4f9b-9e3e-e4a48b3eda51:0.0.0.0:44706, 54aabb14-4a7d-4ab3-adbe-2e67760b87f4:0.0.0.0:43074, c652e2ee-3322-4406-8db6-1ea643cb3197:0.0.0.0:42129], old=null
2019-10-18 11:25:18,532 [f535bb4a-cba0-4f9b-9e3e-e4a48b3eda51@group-7E32184879DE-LeaderElection410] INFO  impl.RaftServerImpl (RaftServerImpl.java:setRole(184)) - f535bb4a-cba0-4f9b-9e3e-e4a48b3eda51@group-7E32184879DE: changes role from CANDIDATE to FOLLOWER at term 482 for DISCOVERED_A_NEW_TERM
2019-10-18 11:25:18,532 [f535bb4a-cba0-4f9b-9e3e-e4a48b3eda51@group-7E32184879DE-LeaderElection410] INFO  impl.RoleInfo (RoleInfo.java:shutdownLeaderElection(134)) - f535bb4a-cba0-4f9b-9e3e-e4a48b3eda51: shutdown LeaderElection
2019-10-18 11:25:18,532 [f535bb4a-cba0-4f9b-9e3e-e4a48b3eda51@group-7E32184879DE-LeaderElection410] INFO  impl.RoleInfo (RoleInfo.java:updateAndGet(143)) - f535bb4a-cba0-4f9b-9e3e-e4a48b3eda51: start FollowerState
2019-10-18 11:25:18,694 [Thread-2915] INFO  impl.FollowerState (FollowerState.java:run(108)) - f535bb4a-cba0-4f9b-9e3e-e4a48b3eda51@group-7E32184879DE-FollowerState: change to CANDIDATE, lastRpcTime:162ms, electionTimeout:162ms
2019-10-18 11:25:18,695 [Thread-2915] INFO  impl.RoleInfo (RoleInfo.java:shutdownFollowerState(121)) - f535bb4a-cba0-4f9b-9e3e-e4a48b3eda51: shutdown FollowerState
2019-10-18 11:25:18,695 [Thread-2915] INFO  impl.RaftServerImpl (RaftServerImpl.java:setRole(184)) - f535bb4a-cba0-4f9b-9e3e-e4a48b3eda51@group-7E32184879DE: changes role from  FOLLOWER to CANDIDATE at term 482 for changeToCandidate
2019-10-18 11:25:18,695 [Thread-2915] INFO  impl.RoleInfo (RoleInfo.java:updateAndGet(143)) - f535bb4a-cba0-4f9b-9e3e-e4a48b3eda51: start LeaderElection
2019-10-18 11:25:18,723 [f535bb4a-cba0-4f9b-9e3e-e4a48b3eda51@group-7E32184879DE-LeaderElection411] INFO  impl.LeaderElection (LeaderElection.java:askForVotes(178)) - f535bb4a-cba0-4f9b-9e3e-e4a48b3eda51@group-7E32184879DE-LeaderElection411: begin an election at term 483 for -1: [f535bb4a-cba0-4f9b-9e3e-e4a48b3eda51:0.0.0.0:44706, 54aabb14-4a7d-4ab3-adbe-2e67760b87f4:0.0.0.0:43074, c652e2ee-3322-4406-8db6-1ea643cb3197:0.0.0.0:42129], old=null
2019-10-18 11:25:18,725 [grpc-default-executor-0] INFO  impl.RaftServerImpl (RaftServerImpl.java:setRole(184)) - 54aabb14-4a7d-4ab3-adbe-2e67760b87f4@group-7E32184879DE: changes role from  FOLLOWER to FOLLOWER at term 483 for recognizeCandidate:f535bb4a-cba0-4f9b-9e3e-e4a48b3eda51
2019-10-18 11:25:18,725 [grpc-default-executor-0] INFO  impl.RoleInfo (RoleInfo.java:shutdownFollowerState(121)) - 54aabb14-4a7d-4ab3-adbe-2e67760b87f4: shutdown FollowerState
2019-10-18 11:25:18,725 [grpc-default-executor-1] INFO  impl.RaftServerImpl (RaftServerImpl.java:setRole(184)) - c652e2ee-3322-4406-8db6-1ea643cb3197@group-7E32184879DE: changes role from  FOLLOWER to FOLLOWER at term 483 for recognizeCandidate:f535bb4a-cba0-4f9b-9e3e-e4a48b3eda51
2019-10-18 11:25:18,725 [Thread-2913] INFO  impl.FollowerState (FollowerState.java:run(117)) - 54aabb14-4a7d-4ab3-adbe-2e67760b87f4@group-7E32184879DE-FollowerState was interrupted: java.lang.InterruptedException: sleep interrupted
2019-10-18 11:25:18,725 [grpc-default-executor-0] INFO  impl.RoleInfo (RoleInfo.java:updateAndGet(143)) - 54aabb14-4a7d-4ab3-adbe-2e67760b87f4: start FollowerState
2019-10-18 11:25:18,725 [grpc-default-executor-1] INFO  impl.RoleInfo (RoleInfo.java:shutdownFollowerState(121)) - c652e2ee-3322-4406-8db6-1ea643cb3197: shutdown FollowerState
2019-10-18 11:25:18,726 [grpc-default-executor-1] INFO  impl.RoleInfo (RoleInfo.java:updateAndGet(143)) - c652e2ee-3322-4406-8db6-1ea643cb3197: start FollowerState
2019-10-18 11:25:18,726 [Thread-2914] INFO  impl.FollowerState (FollowerState.java:run(117)) - c652e2ee-3322-4406-8db6-1ea643cb3197@group-7E32184879DE-FollowerState was interrupted: java.lang.InterruptedException: sleep interrupted
2019-10-18 11:25:18,749 [f535bb4a-cba0-4f9b-9e3e-e4a48b3eda51@group-7E32184879DE-LeaderElection411] INFO  impl.LeaderElection (LeaderElection.java:logAndReturn(56)) - f535bb4a-cba0-4f9b-9e3e-e4a48b3eda51@group-7E32184879DE-LeaderElection411: Election REJECTED; received 2 response(s) [f535bb4a-cba0-4f9b-9e3e-e4a48b3eda51<-54aabb14-4a7d-4ab3-adbe-2e67760b87f4#0:FAIL-t483, f535bb4a-cba0-4f9b-9e3e-e4a48b3eda51<-c652e2ee-3322-4406-8db6-1ea643cb3197#0:FAIL-t483] and 0 exception(s); f535bb4a-cba0-4f9b-9e3e-e4a48b3eda51@group-7E32184879DE:t483, leader=null, voted=f535bb4a-cba0-4f9b-9e3e-e4a48b3eda51, raftlog=f535bb4a-cba0-4f9b-9e3e-e4a48b3eda51@group-7E32184879DE-SegmentedRaftLog:OPENED:c-1,f-1,i0, conf=-1: [f535bb4a-cba0-4f9b-9e3e-e4a48b3eda51:0.0.0.0:44706, 54aabb14-4a7d-4ab3-adbe-2e67760b87f4:0.0.0.0:43074, c652e2ee-3322-4406-8db6-1ea643cb3197:0.0.0.0:42129], old=null
2019-10-18 11:25:18,749 [f535bb4a-cba0-4f9b-9e3e-e4a48b3eda51@group-7E32184879DE-LeaderElection411] INFO  impl.RaftServerImpl (RaftServerImpl.java:setRole(184)) - f535bb4a-cba0-4f9b-9e3e-e4a48b3eda51@group-7E32184879DE: changes role from CANDIDATE to FOLLOWER at term 483 for DISCOVERED_A_NEW_TERM
2019-10-18 11:25:18,749 [f535bb4a-cba0-4f9b-9e3e-e4a48b3eda51@group-7E32184879DE-LeaderElection411] INFO  impl.RoleInfo (RoleInfo.java:shutdownLeaderElection(134)) - f535bb4a-cba0-4f9b-9e3e-e4a48b3eda51: shutdown LeaderElection
2019-10-18 11:25:18,750 [f535bb4a-cba0-4f9b-9e3e-e4a48b3eda51@group-7E32184879DE-LeaderElection411] INFO  impl.RoleInfo (RoleInfo.java:updateAndGet(143)) - f535bb4a-cba0-4f9b-9e3e-e4a48b3eda51: start FollowerState
2019-10-18 11:25:18,809 [Thread-2921] INFO  impl.FollowerState (FollowerState.java:run(108)) - f535bb4a-cba0-4f9b-9e3e-e4a48b3eda51@group-7E32184879DE-FollowerState: change to CANDIDATE, lastRpcTime:60ms, electionTimeout:59ms
2019-10-18 11:25:18,810 [Thread-2921] INFO  impl.RoleInfo (RoleInfo.java:shutdownFollowerState(121)) - f535bb4a-cba0-4f9b-9e3e-e4a48b3eda51: shutdown FollowerState
2019-10-18 11:25:18,810 [Thread-2921] INFO  impl.RaftServerImpl (RaftServerImpl.java:setRole(184)) - f535bb4a-cba0-4f9b-9e3e-e4a48b3eda51@group-7E32184879DE: changes role from  FOLLOWER to CANDIDATE at term 483 for changeToCandidate
2019-10-18 11:25:18,810 [Thread-2921] INFO  impl.RoleInfo (RoleInfo.java:updateAndGet(143)) - f535bb4a-cba0-4f9b-9e3e-e4a48b3eda51: start LeaderElection
2019-10-18 11:25:18,840 [f535bb4a-cba0-4f9b-9e3e-e4a48b3eda51@group-7E32184879DE-LeaderElection412] INFO  impl.LeaderElection (LeaderElection.java:askForVotes(178)) - f535bb4a-cba0-4f9b-9e3e-e4a48b3eda51@group-7E32184879DE-LeaderElection412: begin an election at term 484 for -1: [f535bb4a-cba0-4f9b-9e3e-e4a48b3eda51:0.0.0.0:44706, 54aabb14-4a7d-4ab3-adbe-2e67760b87f4:0.0.0.0:43074, c652e2ee-3322-4406-8db6-1ea643cb3197:0.0.0.0:42129], old=null
2019-10-18 11:25:18,842 [grpc-default-executor-1] INFO  impl.RaftServerImpl (RaftServerImpl.java:setRole(184)) - c652e2ee-3322-4406-8db6-1ea643cb3197@group-7E32184879DE: changes role from  FOLLOWER to FOLLOWER at term 484 for recognizeCandidate:f535bb4a-cba0-4f9b-9e3e-e4a48b3eda51
2019-10-18 11:25:18,842 [grpc-default-executor-0] INFO  impl.RaftServerImpl (RaftServerImpl.java:setRole(184)) - 54aabb14-4a7d-4ab3-adbe-2e67760b87f4@group-7E32184879DE: changes role from  FOLLOWER to FOLLOWER at term 484 for recognizeCandidate:f535bb4a-cba0-4f9b-9e3e-e4a48b3eda51
2019-10-18 11:25:18,842 [grpc-default-executor-0] INFO  impl.RoleInfo (RoleInfo.java:shutdownFollowerState(121)) - 54aabb14-4a7d-4ab3-adbe-2e67760b87f4: shutdown FollowerState
2019-10-18 11:25:18,842 [grpc-default-executor-1] INFO  impl.RoleInfo (RoleInfo.java:shutdownFollowerState(121)) - c652e2ee-3322-4406-8db6-1ea643cb3197: shutdown FollowerState
2019-10-18 11:25:18,842 [Thread-2919] INFO  impl.FollowerState (FollowerState.java:run(117)) - 54aabb14-4a7d-4ab3-adbe-2e67760b87f4@group-7E32184879DE-FollowerState was interrupted: java.lang.InterruptedException: sleep interrupted
2019-10-18 11:25:18,842 [grpc-default-executor-0] INFO  impl.RoleInfo (RoleInfo.java:updateAndGet(143)) - 54aabb14-4a7d-4ab3-adbe-2e67760b87f4: start FollowerState
2019-10-18 11:25:18,843 [Thread-2920] INFO  impl.FollowerState (FollowerState.java:run(117)) - c652e2ee-3322-4406-8db6-1ea643cb3197@group-7E32184879DE-FollowerState was interrupted: java.lang.InterruptedException: sleep interrupted
2019-10-18 11:25:18,842 [grpc-default-executor-1] INFO  impl.RoleInfo (RoleInfo.java:updateAndGet(143)) - c652e2ee-3322-4406-8db6-1ea643cb3197: start FollowerState
2019-10-18 11:25:18,866 [f535bb4a-cba0-4f9b-9e3e-e4a48b3eda51@group-7E32184879DE-LeaderElection412] INFO  impl.LeaderElection (LeaderElection.java:logAndReturn(56)) - f535bb4a-cba0-4f9b-9e3e-e4a48b3eda51@group-7E32184879DE-LeaderElection412: Election REJECTED; received 2 response(s) [f535bb4a-cba0-4f9b-9e3e-e4a48b3eda51<-54aabb14-4a7d-4ab3-adbe-2e67760b87f4#0:FAIL-t484, f535bb4a-cba0-4f9b-9e3e-e4a48b3eda51<-c652e2ee-3322-4406-8db6-1ea643cb3197#0:FAIL-t484] and 0 exception(s); f535bb4a-cba0-4f9b-9e3e-e4a48b3eda51@group-7E32184879DE:t484, leader=null, voted=f535bb4a-cba0-4f9b-9e3e-e4a48b3eda51, raftlog=f535bb4a-cba0-4f9b-9e3e-e4a48b3eda51@group-7E32184879DE-SegmentedRaftLog:OPENED:c-1,f-1,i0, conf=-1: [f535bb4a-cba0-4f9b-9e3e-e4a48b3eda51:0.0.0.0:44706, 54aabb14-4a7d-4ab3-adbe-2e67760b87f4:0.0.0.0:43074, c652e2ee-3322-4406-8db6-1ea643cb3197:0.0.0.0:42129], old=null
2019-10-18 11:25:18,867 [f535bb4a-cba0-4f9b-9e3e-e4a48b3eda51@group-7E32184879DE-LeaderElection412] INFO  impl.RaftServerImpl (RaftServerImpl.java:setRole(184)) - f535bb4a-cba0-4f9b-9e3e-e4a48b3eda51@group-7E32184879DE: changes role from CANDIDATE to FOLLOWER at term 484 for DISCOVERED_A_NEW_TERM
2019-10-18 11:25:18,867 [f535bb4a-cba0-4f9b-9e3e-e4a48b3eda51@group-7E32184879DE-LeaderElection412] INFO  impl.RoleInfo (RoleInfo.java:shutdownLeaderElection(134)) - f535bb4a-cba0-4f9b-9e3e-e4a48b3eda51: shutdown LeaderElection
2019-10-18 11:25:18,867 [f535bb4a-cba0-4f9b-9e3e-e4a48b3eda51@group-7E32184879DE-LeaderElection412] INFO  impl.RoleInfo (RoleInfo.java:updateAndGet(143)) - f535bb4a-cba0-4f9b-9e3e-e4a48b3eda51: start FollowerState
2019-10-18 11:25:19,009 [Thread-2927] INFO  impl.FollowerState (FollowerState.java:run(108)) - f535bb4a-cba0-4f9b-9e3e-e4a48b3eda51@group-7E32184879DE-FollowerState: change to CANDIDATE, lastRpcTime:142ms, electionTimeout:142ms
2019-10-18 11:25:19,009 [Thread-2927] INFO  impl.RoleInfo (RoleInfo.java:shutdownFollowerState(121)) - f535bb4a-cba0-4f9b-9e3e-e4a48b3eda51: shutdown FollowerState
2019-10-18 11:25:19,010 [Thread-2927] INFO  impl.RaftServerImpl (RaftServerImpl.java:setRole(184)) - f535bb4a-cba0-4f9b-9e3e-e4a48b3eda51@group-7E32184879DE: changes role from  FOLLOWER to CANDIDATE at term 484 for changeToCandidate
2019-10-18 11:25:19,010 [Thread-2927] INFO  impl.RoleInfo (RoleInfo.java:updateAndGet(143)) - f535bb4a-cba0-4f9b-9e3e-e4a48b3eda51: start LeaderElection
2019-10-18 11:25:19,042 [f535bb4a-cba0-4f9b-9e3e-e4a48b3eda51@group-7E32184879DE-LeaderElection413] INFO  impl.LeaderElection (LeaderElection.java:askForVotes(178)) - f535bb4a-cba0-4f9b-9e3e-e4a48b3eda51@group-7E32184879DE-LeaderElection413: begin an election at term 485 for -1: [f535bb4a-cba0-4f9b-9e3e-e4a48b3eda51:0.0.0.0:44706, 54aabb14-4a7d-4ab3-adbe-2e67760b87f4:0.0.0.0:43074, c652e2ee-3322-4406-8db6-1ea643cb3197:0.0.0.0:42129], old=null
2019-10-18 11:25:19,044 [grpc-default-executor-0] INFO  impl.RaftServerImpl (RaftServerImpl.java:setRole(184)) - c652e2ee-3322-4406-8db6-1ea643cb3197@group-7E32184879DE: changes role from  FOLLOWER to FOLLOWER at term 485 for recognizeCandidate:f535bb4a-cba0-4f9b-9e3e-e4a48b3eda51
2019-10-18 11:25:19,044 [grpc-default-executor-1] INFO  impl.RaftServerImpl (RaftServerImpl.java:setRole(184)) - 54aabb14-4a7d-4ab3-adbe-2e67760b87f4@group-7E32184879DE: changes role from  FOLLOWER to FOLLOWER at term 485 for recognizeCandidate:f535bb4a-cba0-4f9b-9e3e-e4a48b3eda51
2019-10-18 11:25:19,044 [grpc-default-executor-1] INFO  impl.RoleInfo (RoleInfo.java:shutdownFollowerState(121)) - 54aabb14-4a7d-4ab3-adbe-2e67760b87f4: shutdown FollowerState
2019-10-18 11:25:19,044 [grpc-default-executor-0] INFO  impl.RoleInfo (RoleInfo.java:shutdownFollowerState(121)) - c652e2ee-3322-4406-8db6-1ea643cb3197: shutdown FollowerState
2019-10-18 11:25:19,045 [Thread-2925] INFO  impl.FollowerState (FollowerState.java:run(117)) - 54aabb14-4a7d-4ab3-adbe-2e67760b87f4@group-7E32184879DE-FollowerState was interrupted: java.lang.InterruptedException: sleep interrupted
2019-10-18 11:25:19,045 [grpc-default-executor-1] INFO  impl.RoleInfo (RoleInfo.java:updateAndGet(143)) - 54aabb14-4a7d-4ab3-adbe-2e67760b87f4: start FollowerState
2019-10-18 11:25:19,045 [Thread-2926] INFO  impl.FollowerState (FollowerState.java:run(117)) - c652e2ee-3322-4406-8db6-1ea643cb3197@group-7E32184879DE-FollowerState was interrupted: java.lang.InterruptedException: sleep interrupted
2019-10-18 11:25:19,045 [grpc-default-executor-0] INFO  impl.RoleInfo (RoleInfo.java:updateAndGet(143)) - c652e2ee-3322-4406-8db6-1ea643cb3197: start FollowerState
2019-10-18 11:25:19,068 [f535bb4a-cba0-4f9b-9e3e-e4a48b3eda51@group-7E32184879DE-LeaderElection413] INFO  impl.LeaderElection (LeaderElection.java:logAndReturn(56)) - f535bb4a-cba0-4f9b-9e3e-e4a48b3eda51@group-7E32184879DE-LeaderElection413: Election REJECTED; received 2 response(s) [f535bb4a-cba0-4f9b-9e3e-e4a48b3eda51<-54aabb14-4a7d-4ab3-adbe-2e67760b87f4#0:FAIL-t485, f535bb4a-cba0-4f9b-9e3e-e4a48b3eda51<-c652e2ee-3322-4406-8db6-1ea643cb3197#0:FAIL-t485] and 0 exception(s); f535bb4a-cba0-4f9b-9e3e-e4a48b3eda51@group-7E32184879DE:t485, leader=null, voted=f535bb4a-cba0-4f9b-9e3e-e4a48b3eda51, raftlog=f535bb4a-cba0-4f9b-9e3e-e4a48b3eda51@group-7E32184879DE-SegmentedRaftLog:OPENED:c-1,f-1,i0, conf=-1: [f535bb4a-cba0-4f9b-9e3e-e4a48b3eda51:0.0.0.0:44706, 54aabb14-4a7d-4ab3-adbe-2e67760b87f4:0.0.0.0:43074, c652e2ee-3322-4406-8db6-1ea643cb3197:0.0.0.0:42129], old=null
2019-10-18 11:25:19,068 [f535bb4a-cba0-4f9b-9e3e-e4a48b3eda51@group-7E32184879DE-LeaderElection413] INFO  impl.RaftServerImpl (RaftServerImpl.java:setRole(184)) - f535bb4a-cba0-4f9b-9e3e-e4a48b3eda51@group-7E32184879DE: changes role from CANDIDATE to FOLLOWER at term 485 for DISCOVERED_A_NEW_TERM
2019-10-18 11:25:19,069 [f535bb4a-cba0-4f9b-9e3e-e4a48b3eda51@group-7E32184879DE-LeaderElection413] INFO  impl.RoleInfo (RoleInfo.java:shutdownLeaderElection(134)) - f535bb4a-cba0-4f9b-9e3e-e4a48b3eda51: shutdown LeaderElection
2019-10-18 11:25:19,069 [f535bb4a-cba0-4f9b-9e3e-e4a48b3eda51@group-7E32184879DE-LeaderElection413] INFO  impl.RoleInfo (RoleInfo.java:updateAndGet(143)) - f535bb4a-cba0-4f9b-9e3e-e4a48b3eda51: start FollowerState
2019-10-18 11:25:19,199 [Thread-2933] INFO  impl.FollowerState (FollowerState.java:run(108)) - f535bb4a-cba0-4f9b-9e3e-e4a48b3eda51@group-7E32184879DE-FollowerState: change to CANDIDATE, lastRpcTime:130ms, electionTimeout:130ms
2019-10-18 11:25:19,199 [Thread-2933] INFO  impl.RoleInfo (RoleInfo.java:shutdownFollowerState(121)) - f535bb4a-cba0-4f9b-9e3e-e4a48b3eda51: shutdown FollowerState
2019-10-18 11:25:19,199 [Thread-2933] INFO  impl.RaftServerImpl (RaftServerImpl.java:setRole(184)) - f535bb4a-cba0-4f9b-9e3e-e4a48b3eda51@group-7E32184879DE: changes role from  FOLLOWER to CANDIDATE at term 485 for changeToCandidate
2019-10-18 11:25:19,199 [Thread-2933] INFO  impl.RoleInfo (RoleInfo.java:updateAndGet(143)) - f535bb4a-cba0-4f9b-9e3e-e4a48b3eda51: start LeaderElection
2019-10-18 11:25:19,235 [f535bb4a-cba0-4f9b-9e3e-e4a48b3eda51@group-7E32184879DE-LeaderElection414] INFO  impl.LeaderElection (LeaderElection.java:askForVotes(178)) - f535bb4a-cba0-4f9b-9e3e-e4a48b3eda51@group-7E32184879DE-LeaderElection414: begin an election at term 486 for -1: [f535bb4a-cba0-4f9b-9e3e-e4a48b3eda51:0.0.0.0:44706, 54aabb14-4a7d-4ab3-adbe-2e67760b87f4:0.0.0.0:43074, c652e2ee-3322-4406-8db6-1ea643cb3197:0.0.0.0:42129], old=null
2019-10-18 11:25:19,236 [grpc-default-executor-0] INFO  impl.RaftServerImpl (RaftServerImpl.java:setRole(184)) - c652e2ee-3322-4406-8db6-1ea643cb3197@group-7E32184879DE: changes role from  FOLLOWER to FOLLOWER at term 486 for recognizeCandidate:f535bb4a-cba0-4f9b-9e3e-e4a48b3eda51
2019-10-18 11:25:19,236 [grpc-default-executor-0] INFO  impl.RoleInfo (RoleInfo.java:shutdownFollowerState(121)) - c652e2ee-3322-4406-8db6-1ea643cb3197: shutdown FollowerState
2019-10-18 11:25:19,236 [grpc-default-executor-1] INFO  impl.RaftServerImpl (RaftServerImpl.java:setRole(184)) - 54aabb14-4a7d-4ab3-adbe-2e67760b87f4@group-7E32184879DE: changes role from  FOLLOWER to FOLLOWER at term 486 for recognizeCandidate:f535bb4a-cba0-4f9b-9e3e-e4a48b3eda51
2019-10-18 11:25:19,236 [Thread-2932] INFO  impl.FollowerState (FollowerState.java:run(117)) - c652e2ee-3322-4406-8db6-1ea643cb3197@group-7E32184879DE-FollowerState was interrupted: java.lang.InterruptedException: sleep interrupted
2019-10-18 11:25:19,236 [grpc-default-executor-0] INFO  impl.RoleInfo (RoleInfo.java:updateAndGet(143)) - c652e2ee-3322-4406-8db6-1ea643cb3197: start FollowerState
2019-10-18 11:25:19,236 [grpc-default-executor-1] INFO  impl.RoleInfo (RoleInfo.java:shutdownFollowerState(121)) - 54aabb14-4a7d-4ab3-adbe-2e67760b87f4: shutdown FollowerState
2019-10-18 11:25:19,237 [grpc-default-executor-1] INFO  impl.RoleInfo (RoleInfo.java:updateAndGet(143)) - 54aabb14-4a7d-4ab3-adbe-2e67760b87f4: start FollowerState
2019-10-18 11:25:19,237 [Thread-2931] INFO  impl.FollowerState (FollowerState.java:run(117)) - 54aabb14-4a7d-4ab3-adbe-2e67760b87f4@group-7E32184879DE-FollowerState was interrupted: java.lang.InterruptedException: sleep interrupted
2019-10-18 11:25:19,252 [f535bb4a-cba0-4f9b-9e3e-e4a48b3eda51@group-7E32184879DE-LeaderElection414] INFO  impl.LeaderElection (LeaderElection.java:logAndReturn(56)) - f535bb4a-cba0-4f9b-9e3e-e4a48b3eda51@group-7E32184879DE-LeaderElection414: Election REJECTED; received 2 response(s) [f535bb4a-cba0-4f9b-9e3e-e4a48b3eda51<-54aabb14-4a7d-4ab3-adbe-2e67760b87f4#0:FAIL-t486, f535bb4a-cba0-4f9b-9e3e-e4a48b3eda51<-c652e2ee-3322-4406-8db6-1ea643cb3197#0:FAIL-t486] and 0 exception(s); f535bb4a-cba0-4f9b-9e3e-e4a48b3eda51@group-7E32184879DE:t486, leader=null, voted=f535bb4a-cba0-4f9b-9e3e-e4a48b3eda51, raftlog=f535bb4a-cba0-4f9b-9e3e-e4a48b3eda51@group-7E32184879DE-SegmentedRaftLog:OPENED:c-1,f-1,i0, conf=-1: [f535bb4a-cba0-4f9b-9e3e-e4a48b3eda51:0.0.0.0:44706, 54aabb14-4a7d-4ab3-adbe-2e67760b87f4:0.0.0.0:43074, c652e2ee-3322-4406-8db6-1ea643cb3197:0.0.0.0:42129], old=null
2019-10-18 11:25:19,252 [f535bb4a-cba0-4f9b-9e3e-e4a48b3eda51@group-7E32184879DE-LeaderElection414] INFO  impl.RaftServerImpl (RaftServerImpl.java:setRole(184)) - f535bb4a-cba0-4f9b-9e3e-e4a48b3eda51@group-7E32184879DE: changes role from CANDIDATE to FOLLOWER at term 486 for DISCOVERED_A_NEW_TERM
2019-10-18 11:25:19,252 [f535bb4a-cba0-4f9b-9e3e-e4a48b3eda51@group-7E32184879DE-LeaderElection414] INFO  impl.RoleInfo (RoleInfo.java:shutdownLeaderElection(134)) - f535bb4a-cba0-4f9b-9e3e-e4a48b3eda51: shutdown LeaderElection
2019-10-18 11:25:19,252 [f535bb4a-cba0-4f9b-9e3e-e4a48b3eda51@group-7E32184879DE-LeaderElection414] INFO  impl.RoleInfo (RoleInfo.java:updateAndGet(143)) - f535bb4a-cba0-4f9b-9e3e-e4a48b3eda51: start FollowerState
2019-10-18 11:25:19,325 [Thread-2939] INFO  impl.FollowerState (FollowerState.java:run(108)) - f535bb4a-cba0-4f9b-9e3e-e4a48b3eda51@group-7E32184879DE-FollowerState: change to CANDIDATE, lastRpcTime:72ms, electionTimeout:72ms
2019-10-18 11:25:19,325 [Thread-2939] INFO  impl.RoleInfo (RoleInfo.java:shutdownFollowerState(121)) - f535bb4a-cba0-4f9b-9e3e-e4a48b3eda51: shutdown FollowerState
2019-10-18 11:25:19,325 [Thread-2939] INFO  impl.RaftServerImpl (RaftServerImpl.java:setRole(184)) - f535bb4a-cba0-4f9b-9e3e-e4a48b3eda51@group-7E32184879DE: changes role from  FOLLOWER to CANDIDATE at term 486 for changeToCandidate
2019-10-18 11:25:19,325 [Thread-2939] INFO  impl.RoleInfo (RoleInfo.java:updateAndGet(143)) - f535bb4a-cba0-4f9b-9e3e-e4a48b3eda51: start LeaderElection
2019-10-18 11:25:19,385 [f535bb4a-cba0-4f9b-9e3e-e4a48b3eda51@group-7E32184879DE-LeaderElection415] INFO  impl.LeaderElection (LeaderElection.java:askForVotes(178)) - f535bb4a-cba0-4f9b-9e3e-e4a48b3eda51@group-7E32184879DE-LeaderElection415: begin an election at term 487 for -1: [f535bb4a-cba0-4f9b-9e3e-e4a48b3eda51:0.0.0.0:44706, 54aabb14-4a7d-4ab3-adbe-2e67760b87f4:0.0.0.0:43074, c652e2ee-3322-4406-8db6-1ea643cb3197:0.0.0.0:42129], old=null
2019-10-18 11:25:19,387 [grpc-default-executor-0] INFO  impl.RaftServerImpl (RaftServerImpl.java:setRole(184)) - 54aabb14-4a7d-4ab3-adbe-2e67760b87f4@group-7E32184879DE: changes role from  FOLLOWER to FOLLOWER at term 487 for recognizeCandidate:f535bb4a-cba0-4f9b-9e3e-e4a48b3eda51
2019-10-18 11:25:19,387 [grpc-default-executor-0] INFO  impl.RoleInfo (RoleInfo.java:shutdownFollowerState(121)) - 54aabb14-4a7d-4ab3-adbe-2e67760b87f4: shutdown FollowerState
2019-10-18 11:25:19,387 [grpc-default-executor-0] INFO  impl.RoleInfo (RoleInfo.java:updateAndGet(143)) - 54aabb14-4a7d-4ab3-adbe-2e67760b87f4: start FollowerState
2019-10-18 11:25:19,387 [Thread-2938] INFO  impl.FollowerState (FollowerState.java:run(117)) - 54aabb14-4a7d-4ab3-adbe-2e67760b87f4@group-7E32184879DE-FollowerState was interrupted: java.lang.InterruptedException: sleep interrupted
2019-10-18 11:25:19,387 [grpc-default-executor-1] INFO  impl.RaftServerImpl (RaftServerImpl.java:setRole(184)) - c652e2ee-3322-4406-8db6-1ea643cb3197@group-7E32184879DE: changes role from  FOLLOWER to FOLLOWER at term 487 for recognizeCandidate:f535bb4a-cba0-4f9b-9e3e-e4a48b3eda51
2019-10-18 11:25:19,387 [grpc-default-executor-1] INFO  impl.RoleInfo (RoleInfo.java:shutdownFollowerState(121)) - c652e2ee-3322-4406-8db6-1ea643cb3197: shutdown FollowerState
2019-10-18 11:25:19,388 [grpc-default-executor-1] INFO  impl.RoleInfo (RoleInfo.java:updateAndGet(143)) - c652e2ee-3322-4406-8db6-1ea643cb3197: start FollowerState
2019-10-18 11:25:19,388 [Thread-2937] INFO  impl.FollowerState (FollowerState.java:run(117)) - c652e2ee-3322-4406-8db6-1ea643cb3197@group-7E32184879DE-FollowerState was interrupted: java.lang.InterruptedException: sleep interrupted
2019-10-18 11:25:19,412 [f535bb4a-cba0-4f9b-9e3e-e4a48b3eda51@group-7E32184879DE-LeaderElection415] INFO  impl.LeaderElection (LeaderElection.java:logAndReturn(56)) - f535bb4a-cba0-4f9b-9e3e-e4a48b3eda51@group-7E32184879DE-LeaderElection415: Election REJECTED; received 2 response(s) [f535bb4a-cba0-4f9b-9e3e-e4a48b3eda51<-54aabb14-4a7d-4ab3-adbe-2e67760b87f4#0:FAIL-t487, f535bb4a-cba0-4f9b-9e3e-e4a48b3eda51<-c652e2ee-3322-4406-8db6-1ea643cb3197#0:FAIL-t487] and 0 exception(s); f535bb4a-cba0-4f9b-9e3e-e4a48b3eda51@group-7E32184879DE:t487, leader=null, voted=f535bb4a-cba0-4f9b-9e3e-e4a48b3eda51, raftlog=f535bb4a-cba0-4f9b-9e3e-e4a48b3eda51@group-7E32184879DE-SegmentedRaftLog:OPENED:c-1,f-1,i0, conf=-1: [f535bb4a-cba0-4f9b-9e3e-e4a48b3eda51:0.0.0.0:44706, 54aabb14-4a7d-4ab3-adbe-2e67760b87f4:0.0.0.0:43074, c652e2ee-3322-4406-8db6-1ea643cb3197:0.0.0.0:42129], old=null
2019-10-18 11:25:19,412 [f535bb4a-cba0-4f9b-9e3e-e4a48b3eda51@group-7E32184879DE-LeaderElection415] INFO  impl.RaftServerImpl (RaftServerImpl.java:setRole(184)) - f535bb4a-cba0-4f9b-9e3e-e4a48b3eda51@group-7E32184879DE: changes role from CANDIDATE to FOLLOWER at term 487 for DISCOVERED_A_NEW_TERM
2019-10-18 11:25:19,412 [f535bb4a-cba0-4f9b-9e3e-e4a48b3eda51@group-7E32184879DE-LeaderElection415] INFO  impl.RoleInfo (RoleInfo.java:shutdownLeaderElection(134)) - f535bb4a-cba0-4f9b-9e3e-e4a48b3eda51: shutdown LeaderElection
2019-10-18 11:25:19,412 [f535bb4a-cba0-4f9b-9e3e-e4a48b3eda51@group-7E32184879DE-LeaderElection415] INFO  impl.RoleInfo (RoleInfo.java:updateAndGet(143)) - f535bb4a-cba0-4f9b-9e3e-e4a48b3eda51: start FollowerState
2019-10-18 11:25:19,492 [Thread-2945] INFO  impl.FollowerState (FollowerState.java:run(108)) - f535bb4a-cba0-4f9b-9e3e-e4a48b3eda51@group-7E32184879DE-FollowerState: change to CANDIDATE, lastRpcTime:79ms, electionTimeout:79ms
2019-10-18 11:25:19,492 [Thread-2945] INFO  impl.RoleInfo (RoleInfo.java:shutdownFollowerState(121)) - f535bb4a-cba0-4f9b-9e3e-e4a48b3eda51: shutdown FollowerState
2019-10-18 11:25:19,492 [Thread-2945] INFO  impl.RaftServerImpl (RaftServerImpl.java:setRole(184)) - f535bb4a-cba0-4f9b-9e3e-e4a48b3eda51@group-7E32184879DE: changes role from  FOLLOWER to CANDIDATE at term 487 for changeToCandidate
2019-10-18 11:25:19,492 [Thread-2945] INFO  impl.RoleInfo (RoleInfo.java:updateAndGet(143)) - f535bb4a-cba0-4f9b-9e3e-e4a48b3eda51: start LeaderElection
2019-10-18 11:25:19,519 [f535bb4a-cba0-4f9b-9e3e-e4a48b3eda51@group-7E32184879DE-LeaderElection416] INFO  impl.LeaderElection (LeaderElection.java:askForVotes(178)) - f535bb4a-cba0-4f9b-9e3e-e4a48b3eda51@group-7E32184879DE-LeaderElection416: begin an election at term 488 for -1: [f535bb4a-cba0-4f9b-9e3e-e4a48b3eda51:0.0.0.0:44706, 54aabb14-4a7d-4ab3-adbe-2e67760b87f4:0.0.0.0:43074, c652e2ee-3322-4406-8db6-1ea643cb3197:0.0.0.0:42129], old=null
2019-10-18 11:25:19,521 [grpc-default-executor-0] INFO  impl.RaftServerImpl (RaftServerImpl.java:setRole(184)) - 54aabb14-4a7d-4ab3-adbe-2e67760b87f4@group-7E32184879DE: changes role from  FOLLOWER to FOLLOWER at term 488 for recognizeCandidate:f535bb4a-cba0-4f9b-9e3e-e4a48b3eda51
2019-10-18 11:25:19,521 [grpc-default-executor-0] INFO  impl.RoleInfo (RoleInfo.java:shutdownFollowerState(121)) - 54aabb14-4a7d-4ab3-adbe-2e67760b87f4: shutdown FollowerState
2019-10-18 11:25:19,521 [grpc-default-executor-1] INFO  impl.RaftServerImpl (RaftServerImpl.java:setRole(184)) - c652e2ee-3322-4406-8db6-1ea643cb3197@group-7E32184879DE: changes role from  FOLLOWER to FOLLOWER at term 488 for recognizeCandidate:f535bb4a-cba0-4f9b-9e3e-e4a48b3eda51
2019-10-18 11:25:19,521 [Thread-2943] INFO  impl.FollowerState (FollowerState.java:run(117)) - 54aabb14-4a7d-4ab3-adbe-2e67760b87f4@group-7E32184879DE-FollowerState was interrupted: java.lang.InterruptedException: sleep interrupted
2019-10-18 11:25:19,521 [grpc-default-executor-0] INFO  impl.RoleInfo (RoleInfo.java:updateAndGet(143)) - 54aabb14-4a7d-4ab3-adbe-2e67760b87f4: start FollowerState
2019-10-18 11:25:19,521 [grpc-default-executor-1] INFO  impl.RoleInfo (RoleInfo.java:shutdownFollowerState(121)) - c652e2ee-3322-4406-8db6-1ea643cb3197: shutdown FollowerState
2019-10-18 11:25:19,522 [grpc-default-executor-1] INFO  impl.RoleInfo (RoleInfo.java:updateAndGet(143)) - c652e2ee-3322-4406-8db6-1ea643cb3197: start FollowerState
2019-10-18 11:25:19,522 [Thread-2944] INFO  impl.FollowerState (FollowerState.java:run(117)) - c652e2ee-3322-4406-8db6-1ea643cb3197@group-7E32184879DE-FollowerState was interrupted: java.lang.InterruptedException: sleep interrupted
2019-10-18 11:25:19,546 [f535bb4a-cba0-4f9b-9e3e-e4a48b3eda51@group-7E32184879DE-LeaderElection416] INFO  impl.LeaderElection (LeaderElection.java:logAndReturn(56)) - f535bb4a-cba0-4f9b-9e3e-e4a48b3eda51@group-7E32184879DE-LeaderElection416: Election REJECTED; received 2 response(s) [f535bb4a-cba0-4f9b-9e3e-e4a48b3eda51<-54aabb14-4a7d-4ab3-adbe-2e67760b87f4#0:FAIL-t488, f535bb4a-cba0-4f9b-9e3e-e4a48b3eda51<-c652e2ee-3322-4406-8db6-1ea643cb3197#0:FAIL-t488] and 0 exception(s); f535bb4a-cba0-4f9b-9e3e-e4a48b3eda51@group-7E32184879DE:t488, leader=null, voted=f535bb4a-cba0-4f9b-9e3e-e4a48b3eda51, raftlog=f535bb4a-cba0-4f9b-9e3e-e4a48b3eda51@group-7E32184879DE-SegmentedRaftLog:OPENED:c-1,f-1,i0, conf=-1: [f535bb4a-cba0-4f9b-9e3e-e4a48b3eda51:0.0.0.0:44706, 54aabb14-4a7d-4ab3-adbe-2e67760b87f4:0.0.0.0:43074, c652e2ee-3322-4406-8db6-1ea643cb3197:0.0.0.0:42129], old=null
2019-10-18 11:25:19,546 [f535bb4a-cba0-4f9b-9e3e-e4a48b3eda51@group-7E32184879DE-LeaderElection416] INFO  impl.RaftServerImpl (RaftServerImpl.java:setRole(184)) - f535bb4a-cba0-4f9b-9e3e-e4a48b3eda51@group-7E32184879DE: changes role from CANDIDATE to FOLLOWER at term 488 for DISCOVERED_A_NEW_TERM
2019-10-18 11:25:19,546 [f535bb4a-cba0-4f9b-9e3e-e4a48b3eda51@group-7E32184879DE-LeaderElection416] INFO  impl.RoleInfo (RoleInfo.java:shutdownLeaderElection(134)) - f535bb4a-cba0-4f9b-9e3e-e4a48b3eda51: shutdown LeaderElection
2019-10-18 11:25:19,546 [f535bb4a-cba0-4f9b-9e3e-e4a48b3eda51@group-7E32184879DE-LeaderElection416] INFO  impl.RoleInfo (RoleInfo.java:updateAndGet(143)) - f535bb4a-cba0-4f9b-9e3e-e4a48b3eda51: start FollowerState
2019-10-18 11:25:19,631 [Thread-2953] INFO  impl.FollowerState (FollowerState.java:run(108)) - f535bb4a-cba0-4f9b-9e3e-e4a48b3eda51@group-7E32184879DE-FollowerState: change to CANDIDATE, lastRpcTime:84ms, electionTimeout:84ms
2019-10-18 11:25:19,631 [Thread-2953] INFO  impl.RoleInfo (RoleInfo.java:shutdownFollowerState(121)) - f535bb4a-cba0-4f9b-9e3e-e4a48b3eda51: shutdown FollowerState
2019-10-18 11:25:19,631 [Thread-2953] INFO  impl.RaftServerImpl (RaftServerImpl.java:setRole(184)) - f535bb4a-cba0-4f9b-9e3e-e4a48b3eda51@group-7E32184879DE: changes role from  FOLLOWER to CANDIDATE at term 488 for changeToCandidate
2019-10-18 11:25:19,631 [Thread-2953] INFO  impl.RoleInfo (RoleInfo.java:updateAndGet(143)) - f535bb4a-cba0-4f9b-9e3e-e4a48b3eda51: start LeaderElection
2019-10-18 11:25:19,662 [f535bb4a-cba0-4f9b-9e3e-e4a48b3eda51@group-7E32184879DE-LeaderElection417] INFO  impl.LeaderElection (LeaderElection.java:askForVotes(178)) - f535bb4a-cba0-4f9b-9e3e-e4a48b3eda51@group-7E32184879DE-LeaderElection417: begin an election at term 489 for -1: [f535bb4a-cba0-4f9b-9e3e-e4a48b3eda51:0.0.0.0:44706, 54aabb14-4a7d-4ab3-adbe-2e67760b87f4:0.0.0.0:43074, c652e2ee-3322-4406-8db6-1ea643cb3197:0.0.0.0:42129], old=null
2019-10-18 11:25:19,664 [grpc-default-executor-0] INFO  impl.RaftServerImpl (RaftServerImpl.java:setRole(184)) - 54aabb14-4a7d-4ab3-adbe-2e67760b87f4@group-7E32184879DE: changes role from  FOLLOWER to FOLLOWER at term 489 for recognizeCandidate:f535bb4a-cba0-4f9b-9e3e-e4a48b3eda51
2019-10-18 11:25:19,664 [grpc-default-executor-0] INFO  impl.RoleInfo (RoleInfo.java:shutdownFollowerState(121)) - 54aabb14-4a7d-4ab3-adbe-2e67760b87f4: shutdown FollowerState
2019-10-18 11:25:19,664 [grpc-default-executor-0] INFO  impl.RoleInfo (RoleInfo.java:updateAndGet(143)) - 54aabb14-4a7d-4ab3-adbe-2e67760b87f4: start FollowerState
2019-10-18 11:25:19,664 [Thread-2951] INFO  impl.FollowerState (FollowerState.java:run(117)) - 54aabb14-4a7d-4ab3-adbe-2e67760b87f4@group-7E32184879DE-FollowerState was interrupted: java.lang.InterruptedException: sleep interrupted
2019-10-18 11:25:19,664 [grpc-default-executor-1] INFO  impl.RaftServerImpl (RaftServerImpl.java:setRole(184)) - c652e2ee-3322-4406-8db6-1ea643cb3197@group-7E32184879DE: changes role from  FOLLOWER to FOLLOWER at term 489 for recognizeCandidate:f535bb4a-cba0-4f9b-9e3e-e4a48b3eda51
2019-10-18 11:25:19,665 [grpc-default-executor-1] INFO  impl.RoleInfo (RoleInfo.java:shutdownFollowerState(121)) - c652e2ee-3322-4406-8db6-1ea643cb3197: shutdown FollowerState
2019-10-18 11:25:19,665 [grpc-default-executor-1] INFO  impl.RoleInfo (RoleInfo.java:updateAndGet(143)) - c652e2ee-3322-4406-8db6-1ea643cb3197: start FollowerState
2019-10-18 11:25:19,665 [Thread-2952] INFO  impl.FollowerState (FollowerState.java:run(117)) - c652e2ee-3322-4406-8db6-1ea643cb3197@group-7E32184879DE-FollowerState was interrupted: java.lang.InterruptedException: sleep interrupted
2019-10-18 11:25:19,679 [f535bb4a-cba0-4f9b-9e3e-e4a48b3eda51@group-7E32184879DE-LeaderElection417] INFO  impl.LeaderElection (LeaderElection.java:logAndReturn(56)) - f535bb4a-cba0-4f9b-9e3e-e4a48b3eda51@group-7E32184879DE-LeaderElection417: Election TIMEOUT; received 0 response(s) [] and 0 exception(s); f535bb4a-cba0-4f9b-9e3e-e4a48b3eda51@group-7E32184879DE:t489, leader=null, voted=f535bb4a-cba0-4f9b-9e3e-e4a48b3eda51, raftlog=f535bb4a-cba0-4f9b-9e3e-e4a48b3eda51@group-7E32184879DE-SegmentedRaftLog:OPENED:c-1,f-1,i0, conf=-1: [f535bb4a-cba0-4f9b-9e3e-e4a48b3eda51:0.0.0.0:44706, 54aabb14-4a7d-4ab3-adbe-2e67760b87f4:0.0.0.0:43074, c652e2ee-3322-4406-8db6-1ea643cb3197:0.0.0.0:42129], old=null
2019-10-18 11:25:19,704 [f535bb4a-cba0-4f9b-9e3e-e4a48b3eda51@group-7E32184879DE-LeaderElection417] INFO  impl.LeaderElection (LeaderElection.java:askForVotes(178)) - f535bb4a-cba0-4f9b-9e3e-e4a48b3eda51@group-7E32184879DE-LeaderElection417: begin an election at term 490 for -1: [f535bb4a-cba0-4f9b-9e3e-e4a48b3eda51:0.0.0.0:44706, 54aabb14-4a7d-4ab3-adbe-2e67760b87f4:0.0.0.0:43074, c652e2ee-3322-4406-8db6-1ea643cb3197:0.0.0.0:42129], old=null
2019-10-18 11:25:19,705 [grpc-default-executor-1] INFO  impl.RaftServerImpl (RaftServerImpl.java:setRole(184)) - 54aabb14-4a7d-4ab3-adbe-2e67760b87f4@group-7E32184879DE: changes role from  FOLLOWER to FOLLOWER at term 490 for recognizeCandidate:f535bb4a-cba0-4f9b-9e3e-e4a48b3eda51
2019-10-18 11:25:19,706 [grpc-default-executor-1] INFO  impl.RoleInfo (RoleInfo.java:shutdownFollowerState(121)) - 54aabb14-4a7d-4ab3-adbe-2e67760b87f4: shutdown FollowerState
2019-10-18 11:25:19,706 [grpc-default-executor-0] INFO  impl.RaftServerImpl (RaftServerImpl.java:setRole(184)) - c652e2ee-3322-4406-8db6-1ea643cb3197@group-7E32184879DE: changes role from  FOLLOWER to FOLLOWER at term 490 for recognizeCandidate:f535bb4a-cba0-4f9b-9e3e-e4a48b3eda51
2019-10-18 11:25:19,706 [grpc-default-executor-0] INFO  impl.RoleInfo (RoleInfo.java:shutdownFollowerState(121)) - c652e2ee-3322-4406-8db6-1ea643cb3197: shutdown FollowerState
2019-10-18 11:25:19,706 [Thread-2957] INFO  impl.FollowerState (FollowerState.java:run(117)) - 54aabb14-4a7d-4ab3-adbe-2e67760b87f4@group-7E32184879DE-FollowerState was interrupted: java.lang.InterruptedException: sleep interrupted
2019-10-18 11:25:19,706 [Thread-2958] INFO  impl.FollowerState (FollowerState.java:run(117)) - c652e2ee-3322-4406-8db6-1ea643cb3197@group-7E32184879DE-FollowerState was interrupted: java.lang.InterruptedException: sleep interrupted
2019-10-18 11:25:19,706 [grpc-default-executor-1] INFO  impl.RoleInfo (RoleInfo.java:updateAndGet(143)) - 54aabb14-4a7d-4ab3-adbe-2e67760b87f4: start FollowerState
2019-10-18 11:25:19,706 [grpc-default-executor-0] INFO  impl.RoleInfo (RoleInfo.java:updateAndGet(143)) - c652e2ee-3322-4406-8db6-1ea643cb3197: start FollowerState
2019-10-18 11:25:19,730 [f535bb4a-cba0-4f9b-9e3e-e4a48b3eda51@group-7E32184879DE-LeaderElection417] INFO  impl.LeaderElection (LeaderElection.java:logAndReturn(56)) - f535bb4a-cba0-4f9b-9e3e-e4a48b3eda51@group-7E32184879DE-LeaderElection417: Election REJECTED; received 2 response(s) [f535bb4a-cba0-4f9b-9e3e-e4a48b3eda51<-54aabb14-4a7d-4ab3-adbe-2e67760b87f4#0:FAIL-t490, f535bb4a-cba0-4f9b-9e3e-e4a48b3eda51<-c652e2ee-3322-4406-8db6-1ea643cb3197#0:FAIL-t490] and 0 exception(s); f535bb4a-cba0-4f9b-9e3e-e4a48b3eda51@group-7E32184879DE:t490, leader=null, voted=f535bb4a-cba0-4f9b-9e3e-e4a48b3eda51, raftlog=f535bb4a-cba0-4f9b-9e3e-e4a48b3eda51@group-7E32184879DE-SegmentedRaftLog:OPENED:c-1,f-1,i0, conf=-1: [f535bb4a-cba0-4f9b-9e3e-e4a48b3eda51:0.0.0.0:44706, 54aabb14-4a7d-4ab3-adbe-2e67760b87f4:0.0.0.0:43074, c652e2ee-3322-4406-8db6-1ea643cb3197:0.0.0.0:42129], old=null
2019-10-18 11:25:19,730 [f535bb4a-cba0-4f9b-9e3e-e4a48b3eda51@group-7E32184879DE-LeaderElection417] INFO  impl.RaftServerImpl (RaftServerImpl.java:setRole(184)) - f535bb4a-cba0-4f9b-9e3e-e4a48b3eda51@group-7E32184879DE: changes role from CANDIDATE to FOLLOWER at term 490 for DISCOVERED_A_NEW_TERM
2019-10-18 11:25:19,731 [f535bb4a-cba0-4f9b-9e3e-e4a48b3eda51@group-7E32184879DE-LeaderElection417] INFO  impl.RoleInfo (RoleInfo.java:shutdownLeaderElection(134)) - f535bb4a-cba0-4f9b-9e3e-e4a48b3eda51: shutdown LeaderElection
2019-10-18 11:25:19,731 [f535bb4a-cba0-4f9b-9e3e-e4a48b3eda51@group-7E32184879DE-LeaderElection417] INFO  impl.RoleInfo (RoleInfo.java:updateAndGet(143)) - f535bb4a-cba0-4f9b-9e3e-e4a48b3eda51: start FollowerState
2019-10-18 11:25:19,905 [Thread-2963] INFO  impl.FollowerState (FollowerState.java:run(108)) - f535bb4a-cba0-4f9b-9e3e-e4a48b3eda51@group-7E32184879DE-FollowerState: change to CANDIDATE, lastRpcTime:174ms, electionTimeout:174ms
2019-10-18 11:25:19,905 [Thread-2963] INFO  impl.RoleInfo (RoleInfo.java:shutdownFollowerState(121)) - f535bb4a-cba0-4f9b-9e3e-e4a48b3eda51: shutdown FollowerState
2019-10-18 11:25:19,905 [Thread-2963] INFO  impl.RaftServerImpl (RaftServerImpl.java:setRole(184)) - f535bb4a-cba0-4f9b-9e3e-e4a48b3eda51@group-7E32184879DE: changes role from  FOLLOWER to CANDIDATE at term 490 for changeToCandidate
2019-10-18 11:25:19,906 [Thread-2963] INFO  impl.RoleInfo (RoleInfo.java:updateAndGet(143)) - f535bb4a-cba0-4f9b-9e3e-e4a48b3eda51: start LeaderElection
2019-10-18 11:25:19,938 [f535bb4a-cba0-4f9b-9e3e-e4a48b3eda51@group-7E32184879DE-LeaderElection418] INFO  impl.LeaderElection (LeaderElection.java:askForVotes(178)) - f535bb4a-cba0-4f9b-9e3e-e4a48b3eda51@group-7E32184879DE-LeaderElection418: begin an election at term 491 for -1: [f535bb4a-cba0-4f9b-9e3e-e4a48b3eda51:0.0.0.0:44706, 54aabb14-4a7d-4ab3-adbe-2e67760b87f4:0.0.0.0:43074, c652e2ee-3322-4406-8db6-1ea643cb3197:0.0.0.0:42129], old=null
2019-10-18 11:25:19,940 [grpc-default-executor-1] INFO  impl.RaftServerImpl (RaftServerImpl.java:setRole(184)) - 54aabb14-4a7d-4ab3-adbe-2e67760b87f4@group-7E32184879DE: changes role from  FOLLOWER to FOLLOWER at term 491 for recognizeCandidate:f535bb4a-cba0-4f9b-9e3e-e4a48b3eda51
2019-10-18 11:25:19,941 [grpc-default-executor-0] INFO  impl.RaftServerImpl (RaftServerImpl.java:setRole(184)) - c652e2ee-3322-4406-8db6-1ea643cb3197@group-7E32184879DE: changes role from  FOLLOWER to FOLLOWER at term 491 for recognizeCandidate:f535bb4a-cba0-4f9b-9e3e-e4a48b3eda51
2019-10-18 11:25:19,941 [grpc-default-executor-0] INFO  impl.RoleInfo (RoleInfo.java:shutdownFollowerState(121)) - c652e2ee-3322-4406-8db6-1ea643cb3197: shutdown FollowerState
2019-10-18 11:25:19,941 [grpc-default-executor-1] INFO  impl.RoleInfo (RoleInfo.java:shutdownFollowerState(121)) - 54aabb14-4a7d-4ab3-adbe-2e67760b87f4: shutdown FollowerState
2019-10-18 11:25:19,941 [grpc-default-executor-1] INFO  impl.RoleInfo (RoleInfo.java:updateAndGet(143)) - 54aabb14-4a7d-4ab3-adbe-2e67760b87f4: start FollowerState
2019-10-18 11:25:19,941 [Thread-2962] INFO  impl.FollowerState (FollowerState.java:run(117)) - c652e2ee-3322-4406-8db6-1ea643cb3197@group-7E32184879DE-FollowerState was interrupted: java.lang.InterruptedException: sleep interrupted
2019-10-18 11:25:19,941 [grpc-default-executor-0] INFO  impl.RoleInfo (RoleInfo.java:updateAndGet(143)) - c652e2ee-3322-4406-8db6-1ea643cb3197: start FollowerState
2019-10-18 11:25:19,941 [Thread-2961] INFO  impl.FollowerState (FollowerState.java:run(117)) - 54aabb14-4a7d-4ab3-adbe-2e67760b87f4@group-7E32184879DE-FollowerState was interrupted: java.lang.InterruptedException: sleep interrupted
2019-10-18 11:25:19,964 [f535bb4a-cba0-4f9b-9e3e-e4a48b3eda51@group-7E32184879DE-LeaderElection418] INFO  impl.LeaderElection (LeaderElection.java:logAndReturn(56)) - f535bb4a-cba0-4f9b-9e3e-e4a48b3eda51@group-7E32184879DE-LeaderElection418: Election REJECTED; received 2 response(s) [f535bb4a-cba0-4f9b-9e3e-e4a48b3eda51<-54aabb14-4a7d-4ab3-adbe-2e67760b87f4#0:FAIL-t491, f535bb4a-cba0-4f9b-9e3e-e4a48b3eda51<-c652e2ee-3322-4406-8db6-1ea643cb3197#0:FAIL-t491] and 0 exception(s); f535bb4a-cba0-4f9b-9e3e-e4a48b3eda51@group-7E32184879DE:t491, leader=null, voted=f535bb4a-cba0-4f9b-9e3e-e4a48b3eda51, raftlog=f535bb4a-cba0-4f9b-9e3e-e4a48b3eda51@group-7E32184879DE-SegmentedRaftLog:OPENED:c-1,f-1,i0, conf=-1: [f535bb4a-cba0-4f9b-9e3e-e4a48b3eda51:0.0.0.0:44706, 54aabb14-4a7d-4ab3-adbe-2e67760b87f4:0.0.0.0:43074, c652e2ee-3322-4406-8db6-1ea643cb3197:0.0.0.0:42129], old=null
2019-10-18 11:25:19,965 [f535bb4a-cba0-4f9b-9e3e-e4a48b3eda51@group-7E32184879DE-LeaderElection418] INFO  impl.RaftServerImpl (RaftServerImpl.java:setRole(184)) - f535bb4a-cba0-4f9b-9e3e-e4a48b3eda51@group-7E32184879DE: changes role from CANDIDATE to FOLLOWER at term 491 for DISCOVERED_A_NEW_TERM
2019-10-18 11:25:19,965 [f535bb4a-cba0-4f9b-9e3e-e4a48b3eda51@group-7E32184879DE-LeaderElection418] INFO  impl.RoleInfo (RoleInfo.java:shutdownLeaderElection(134)) - f535bb4a-cba0-4f9b-9e3e-e4a48b3eda51: shutdown LeaderElection
2019-10-18 11:25:19,965 [f535bb4a-cba0-4f9b-9e3e-e4a48b3eda51@group-7E32184879DE-LeaderElection418] INFO  impl.RoleInfo (RoleInfo.java:updateAndGet(143)) - f535bb4a-cba0-4f9b-9e3e-e4a48b3eda51: start FollowerState
2019-10-18 11:25:20,061 [Thread-2969] INFO  impl.FollowerState (FollowerState.java:run(108)) - f535bb4a-cba0-4f9b-9e3e-e4a48b3eda51@group-7E32184879DE-FollowerState: change to CANDIDATE, lastRpcTime:96ms, electionTimeout:96ms
2019-10-18 11:25:20,062 [Thread-2969] INFO  impl.RoleInfo (RoleInfo.java:shutdownFollowerState(121)) - f535bb4a-cba0-4f9b-9e3e-e4a48b3eda51: shutdown FollowerState
2019-10-18 11:25:20,062 [Thread-2969] INFO  impl.RaftServerImpl (RaftServerImpl.java:setRole(184)) - f535bb4a-cba0-4f9b-9e3e-e4a48b3eda51@group-7E32184879DE: changes role from  FOLLOWER to CANDIDATE at term 491 for changeToCandidate
2019-10-18 11:25:20,062 [Thread-2969] INFO  impl.RoleInfo (RoleInfo.java:updateAndGet(143)) - f535bb4a-cba0-4f9b-9e3e-e4a48b3eda51: start LeaderElection
2019-10-18 11:25:20,089 [f535bb4a-cba0-4f9b-9e3e-e4a48b3eda51@group-7E32184879DE-LeaderElection419] INFO  impl.LeaderElection (LeaderElection.java:askForVotes(178)) - f535bb4a-cba0-4f9b-9e3e-e4a48b3eda51@group-7E32184879DE-LeaderElection419: begin an election at term 492 for -1: [f535bb4a-cba0-4f9b-9e3e-e4a48b3eda51:0.0.0.0:44706, 54aabb14-4a7d-4ab3-adbe-2e67760b87f4:0.0.0.0:43074, c652e2ee-3322-4406-8db6-1ea643cb3197:0.0.0.0:42129], old=null
2019-10-18 11:25:20,091 [grpc-default-executor-1] INFO  impl.RaftServerImpl (RaftServerImpl.java:setRole(184)) - c652e2ee-3322-4406-8db6-1ea643cb3197@group-7E32184879DE: changes role from  FOLLOWER to FOLLOWER at term 492 for recognizeCandidate:f535bb4a-cba0-4f9b-9e3e-e4a48b3eda51
2019-10-18 11:25:20,091 [grpc-default-executor-0] INFO  impl.RaftServerImpl (RaftServerImpl.java:setRole(184)) - 54aabb14-4a7d-4ab3-adbe-2e67760b87f4@group-7E32184879DE: changes role from  FOLLOWER to FOLLOWER at term 492 for recognizeCandidate:f535bb4a-cba0-4f9b-9e3e-e4a48b3eda51
2019-10-18 11:25:20,092 [grpc-default-executor-0] INFO  impl.RoleInfo (RoleInfo.java:shutdownFollowerState(121)) - 54aabb14-4a7d-4ab3-adbe-2e67760b87f4: shutdown FollowerState
2019-10-18 11:25:20,091 [grpc-default-executor-1] INFO  impl.RoleInfo (RoleInfo.java:shutdownFollowerState(121)) - c652e2ee-3322-4406-8db6-1ea643cb3197: shutdown FollowerState
2019-10-18 11:25:20,092 [Thread-2968] INFO  impl.FollowerState (FollowerState.java:run(117)) - 54aabb14-4a7d-4ab3-adbe-2e67760b87f4@group-7E32184879DE-FollowerState was interrupted: java.lang.InterruptedException: sleep interrupted
2019-10-18 11:25:20,092 [Thread-2967] INFO  impl.FollowerState (FollowerState.java:run(117)) - c652e2ee-3322-4406-8db6-1ea643cb3197@group-7E32184879DE-FollowerState was interrupted: java.lang.InterruptedException: sleep interrupted
2019-10-18 11:25:20,092 [grpc-default-executor-0] INFO  impl.RoleInfo (RoleInfo.java:updateAndGet(143)) - 54aabb14-4a7d-4ab3-adbe-2e67760b87f4: start FollowerState
2019-10-18 11:25:20,092 [grpc-default-executor-1] INFO  impl.RoleInfo (RoleInfo.java:updateAndGet(143)) - c652e2ee-3322-4406-8db6-1ea643cb3197: start FollowerState
2019-10-18 11:25:20,115 [f535bb4a-cba0-4f9b-9e3e-e4a48b3eda51@group-7E32184879DE-LeaderElection419] INFO  impl.LeaderElection (LeaderElection.java:logAndReturn(56)) - f535bb4a-cba0-4f9b-9e3e-e4a48b3eda51@group-7E32184879DE-LeaderElection419: Election REJECTED; received 2 response(s) [f535bb4a-cba0-4f9b-9e3e-e4a48b3eda51<-54aabb14-4a7d-4ab3-adbe-2e67760b87f4#0:FAIL-t492, f535bb4a-cba0-4f9b-9e3e-e4a48b3eda51<-c652e2ee-3322-4406-8db6-1ea643cb3197#0:FAIL-t492] and 0 exception(s); f535bb4a-cba0-4f9b-9e3e-e4a48b3eda51@group-7E32184879DE:t492, leader=null, voted=f535bb4a-cba0-4f9b-9e3e-e4a48b3eda51, raftlog=f535bb4a-cba0-4f9b-9e3e-e4a48b3eda51@group-7E32184879DE-SegmentedRaftLog:OPENED:c-1,f-1,i0, conf=-1: [f535bb4a-cba0-4f9b-9e3e-e4a48b3eda51:0.0.0.0:44706, 54aabb14-4a7d-4ab3-adbe-2e67760b87f4:0.0.0.0:43074, c652e2ee-3322-4406-8db6-1ea643cb3197:0.0.0.0:42129], old=null
2019-10-18 11:25:20,115 [f535bb4a-cba0-4f9b-9e3e-e4a48b3eda51@group-7E32184879DE-LeaderElection419] INFO  impl.RaftServerImpl (RaftServerImpl.java:setRole(184)) - f535bb4a-cba0-4f9b-9e3e-e4a48b3eda51@group-7E32184879DE: changes role from CANDIDATE to FOLLOWER at term 492 for DISCOVERED_A_NEW_TERM
2019-10-18 11:25:20,116 [f535bb4a-cba0-4f9b-9e3e-e4a48b3eda51@group-7E32184879DE-LeaderElection419] INFO  impl.RoleInfo (RoleInfo.java:shutdownLeaderElection(134)) - f535bb4a-cba0-4f9b-9e3e-e4a48b3eda51: shutdown LeaderElection
2019-10-18 11:25:20,116 [f535bb4a-cba0-4f9b-9e3e-e4a48b3eda51@group-7E32184879DE-LeaderElection419] INFO  impl.RoleInfo (RoleInfo.java:updateAndGet(143)) - f535bb4a-cba0-4f9b-9e3e-e4a48b3eda51: start FollowerState
2019-10-18 11:25:20,202 [Thread-2975] INFO  impl.FollowerState (FollowerState.java:run(108)) - f535bb4a-cba0-4f9b-9e3e-e4a48b3eda51@group-7E32184879DE-FollowerState: change to CANDIDATE, lastRpcTime:86ms, electionTimeout:86ms
2019-10-18 11:25:20,202 [Thread-2975] INFO  impl.RoleInfo (RoleInfo.java:shutdownFollowerState(121)) - f535bb4a-cba0-4f9b-9e3e-e4a48b3eda51: shutdown FollowerState
2019-10-18 11:25:20,202 [Thread-2975] INFO  impl.RaftServerImpl (RaftServerImpl.java:setRole(184)) - f535bb4a-cba0-4f9b-9e3e-e4a48b3eda51@group-7E32184879DE: changes role from  FOLLOWER to CANDIDATE at term 492 for changeToCandidate
2019-10-18 11:25:20,203 [Thread-2975] INFO  impl.RoleInfo (RoleInfo.java:updateAndGet(143)) - f535bb4a-cba0-4f9b-9e3e-e4a48b3eda51: start LeaderElection
2019-10-18 11:25:20,231 [f535bb4a-cba0-4f9b-9e3e-e4a48b3eda51@group-7E32184879DE-LeaderElection420] INFO  impl.LeaderElection (LeaderElection.java:askForVotes(178)) - f535bb4a-cba0-4f9b-9e3e-e4a48b3eda51@group-7E32184879DE-LeaderElection420: begin an election at term 493 for -1: [f535bb4a-cba0-4f9b-9e3e-e4a48b3eda51:0.0.0.0:44706, 54aabb14-4a7d-4ab3-adbe-2e67760b87f4:0.0.0.0:43074, c652e2ee-3322-4406-8db6-1ea643cb3197:0.0.0.0:42129], old=null
2019-10-18 11:25:20,233 [grpc-default-executor-1] INFO  impl.RaftServerImpl (RaftServerImpl.java:setRole(184)) - 54aabb14-4a7d-4ab3-adbe-2e67760b87f4@group-7E32184879DE: changes role from  FOLLOWER to FOLLOWER at term 493 for recognizeCandidate:f535bb4a-cba0-4f9b-9e3e-e4a48b3eda51
2019-10-18 11:25:20,233 [grpc-default-executor-0] INFO  impl.RaftServerImpl (RaftServerImpl.java:setRole(184)) - c652e2ee-3322-4406-8db6-1ea643cb3197@group-7E32184879DE: changes role from  FOLLOWER to FOLLOWER at term 493 for recognizeCandidate:f535bb4a-cba0-4f9b-9e3e-e4a48b3eda51
2019-10-18 11:25:20,234 [grpc-default-executor-0] INFO  impl.RoleInfo (RoleInfo.java:shutdownFollowerState(121)) - c652e2ee-3322-4406-8db6-1ea643cb3197: shutdown FollowerState
2019-10-18 11:25:20,233 [grpc-default-executor-1] INFO  impl.RoleInfo (RoleInfo.java:shutdownFollowerState(121)) - 54aabb14-4a7d-4ab3-adbe-2e67760b87f4: shutdown FollowerState
2019-10-18 11:25:20,234 [Thread-2974] INFO  impl.FollowerState (FollowerState.java:run(117)) - c652e2ee-3322-4406-8db6-1ea643cb3197@group-7E32184879DE-FollowerState was interrupted: java.lang.InterruptedException: sleep interrupted
2019-10-18 11:25:20,234 [grpc-default-executor-0] INFO  impl.RoleInfo (RoleInfo.java:updateAndGet(143)) - c652e2ee-3322-4406-8db6-1ea643cb3197: start FollowerState
2019-10-18 11:25:20,234 [Thread-2973] INFO  impl.FollowerState (FollowerState.java:run(117)) - 54aabb14-4a7d-4ab3-adbe-2e67760b87f4@group-7E32184879DE-FollowerState was interrupted: java.lang.InterruptedException: sleep interrupted
2019-10-18 11:25:20,234 [grpc-default-executor-1] INFO  impl.RoleInfo (RoleInfo.java:updateAndGet(143)) - 54aabb14-4a7d-4ab3-adbe-2e67760b87f4: start FollowerState
2019-10-18 11:25:20,257 [f535bb4a-cba0-4f9b-9e3e-e4a48b3eda51@group-7E32184879DE-LeaderElection420] INFO  impl.LeaderElection (LeaderElection.java:logAndReturn(56)) - f535bb4a-cba0-4f9b-9e3e-e4a48b3eda51@group-7E32184879DE-LeaderElection420: Election REJECTED; received 2 response(s) [f535bb4a-cba0-4f9b-9e3e-e4a48b3eda51<-54aabb14-4a7d-4ab3-adbe-2e67760b87f4#0:FAIL-t493, f535bb4a-cba0-4f9b-9e3e-e4a48b3eda51<-c652e2ee-3322-4406-8db6-1ea643cb3197#0:FAIL-t493] and 0 exception(s); f535bb4a-cba0-4f9b-9e3e-e4a48b3eda51@group-7E32184879DE:t493, leader=null, voted=f535bb4a-cba0-4f9b-9e3e-e4a48b3eda51, raftlog=f535bb4a-cba0-4f9b-9e3e-e4a48b3eda51@group-7E32184879DE-SegmentedRaftLog:OPENED:c-1,f-1,i0, conf=-1: [f535bb4a-cba0-4f9b-9e3e-e4a48b3eda51:0.0.0.0:44706, 54aabb14-4a7d-4ab3-adbe-2e67760b87f4:0.0.0.0:43074, c652e2ee-3322-4406-8db6-1ea643cb3197:0.0.0.0:42129], old=null
2019-10-18 11:25:20,258 [f535bb4a-cba0-4f9b-9e3e-e4a48b3eda51@group-7E32184879DE-LeaderElection420] INFO  impl.RaftServerImpl (RaftServerImpl.java:setRole(184)) - f535bb4a-cba0-4f9b-9e3e-e4a48b3eda51@group-7E32184879DE: changes role from CANDIDATE to FOLLOWER at term 493 for DISCOVERED_A_NEW_TERM
2019-10-18 11:25:20,258 [f535bb4a-cba0-4f9b-9e3e-e4a48b3eda51@group-7E32184879DE-LeaderElection420] INFO  impl.RoleInfo (RoleInfo.java:shutdownLeaderElection(134)) - f535bb4a-cba0-4f9b-9e3e-e4a48b3eda51: shutdown LeaderElection
2019-10-18 11:25:20,258 [f535bb4a-cba0-4f9b-9e3e-e4a48b3eda51@group-7E32184879DE-LeaderElection420] INFO  impl.RoleInfo (RoleInfo.java:updateAndGet(143)) - f535bb4a-cba0-4f9b-9e3e-e4a48b3eda51: start FollowerState
2019-10-18 11:25:20,393 [Thread-2981] INFO  impl.FollowerState (FollowerState.java:run(108)) - f535bb4a-cba0-4f9b-9e3e-e4a48b3eda51@group-7E32184879DE-FollowerState: change to CANDIDATE, lastRpcTime:135ms, electionTimeout:135ms
2019-10-18 11:25:20,393 [Thread-2981] INFO  impl.RoleInfo (RoleInfo.java:shutdownFollowerState(121)) - f535bb4a-cba0-4f9b-9e3e-e4a48b3eda51: shutdown FollowerState
2019-10-18 11:25:20,393 [Thread-2981] INFO  impl.RaftServerImpl (RaftServerImpl.java:setRole(184)) - f535bb4a-cba0-4f9b-9e3e-e4a48b3eda51@group-7E32184879DE: changes role from  FOLLOWER to CANDIDATE at term 493 for changeToCandidate
2019-10-18 11:25:20,393 [Thread-2981] INFO  impl.RoleInfo (RoleInfo.java:updateAndGet(143)) - f535bb4a-cba0-4f9b-9e3e-e4a48b3eda51: start LeaderElection
2019-10-18 11:25:20,424 [f535bb4a-cba0-4f9b-9e3e-e4a48b3eda51@group-7E32184879DE-LeaderElection421] INFO  impl.LeaderElection (LeaderElection.java:askForVotes(178)) - f535bb4a-cba0-4f9b-9e3e-e4a48b3eda51@group-7E32184879DE-LeaderElection421: begin an election at term 494 for -1: [f535bb4a-cba0-4f9b-9e3e-e4a48b3eda51:0.0.0.0:44706, 54aabb14-4a7d-4ab3-adbe-2e67760b87f4:0.0.0.0:43074, c652e2ee-3322-4406-8db6-1ea643cb3197:0.0.0.0:42129], old=null
2019-10-18 11:25:20,425 [grpc-default-executor-1] INFO  impl.RaftServerImpl (RaftServerImpl.java:setRole(184)) - 54aabb14-4a7d-4ab3-adbe-2e67760b87f4@group-7E32184879DE: changes role from  FOLLOWER to FOLLOWER at term 494 for recognizeCandidate:f535bb4a-cba0-4f9b-9e3e-e4a48b3eda51
2019-10-18 11:25:20,425 [grpc-default-executor-1] INFO  impl.RoleInfo (RoleInfo.java:shutdownFollowerState(121)) - 54aabb14-4a7d-4ab3-adbe-2e67760b87f4: shutdown FollowerState
2019-10-18 11:25:20,425 [grpc-default-executor-1] INFO  impl.RoleInfo (RoleInfo.java:updateAndGet(143)) - 54aabb14-4a7d-4ab3-adbe-2e67760b87f4: start FollowerState
2019-10-18 11:25:20,425 [Thread-2980] INFO  impl.FollowerState (FollowerState.java:run(117)) - 54aabb14-4a7d-4ab3-adbe-2e67760b87f4@group-7E32184879DE-FollowerState was interrupted: java.lang.InterruptedException: sleep interrupted
2019-10-18 11:25:20,426 [grpc-default-executor-0] INFO  impl.RaftServerImpl (RaftServerImpl.java:setRole(184)) - c652e2ee-3322-4406-8db6-1ea643cb3197@group-7E32184879DE: changes role from  FOLLOWER to FOLLOWER at term 494 for recognizeCandidate:f535bb4a-cba0-4f9b-9e3e-e4a48b3eda51
2019-10-18 11:25:20,426 [grpc-default-executor-0] INFO  impl.RoleInfo (RoleInfo.java:shutdownFollowerState(121)) - c652e2ee-3322-4406-8db6-1ea643cb3197: shutdown FollowerState
2019-10-18 11:25:20,426 [grpc-default-executor-0] INFO  impl.RoleInfo (RoleInfo.java:updateAndGet(143)) - c652e2ee-3322-4406-8db6-1ea643cb3197: start FollowerState
2019-10-18 11:25:20,426 [Thread-2979] INFO  impl.FollowerState (FollowerState.java:run(117)) - c652e2ee-3322-4406-8db6-1ea643cb3197@group-7E32184879DE-FollowerState was interrupted: java.lang.InterruptedException: sleep interrupted
2019-10-18 11:25:20,450 [f535bb4a-cba0-4f9b-9e3e-e4a48b3eda51@group-7E32184879DE-LeaderElection421] INFO  impl.LeaderElection (LeaderElection.java:logAndReturn(56)) - f535bb4a-cba0-4f9b-9e3e-e4a48b3eda51@group-7E32184879DE-LeaderElection421: Election REJECTED; received 2 response(s) [f535bb4a-cba0-4f9b-9e3e-e4a48b3eda51<-54aabb14-4a7d-4ab3-adbe-2e67760b87f4#0:FAIL-t494, f535bb4a-cba0-4f9b-9e3e-e4a48b3eda51<-c652e2ee-3322-4406-8db6-1ea643cb3197#0:FAIL-t494] and 0 exception(s); f535bb4a-cba0-4f9b-9e3e-e4a48b3eda51@group-7E32184879DE:t494, leader=null, voted=f535bb4a-cba0-4f9b-9e3e-e4a48b3eda51, raftlog=f535bb4a-cba0-4f9b-9e3e-e4a48b3eda51@group-7E32184879DE-SegmentedRaftLog:OPENED:c-1,f-1,i0, conf=-1: [f535bb4a-cba0-4f9b-9e3e-e4a48b3eda51:0.0.0.0:44706, 54aabb14-4a7d-4ab3-adbe-2e67760b87f4:0.0.0.0:43074, c652e2ee-3322-4406-8db6-1ea643cb3197:0.0.0.0:42129], old=null
2019-10-18 11:25:20,450 [f535bb4a-cba0-4f9b-9e3e-e4a48b3eda51@group-7E32184879DE-LeaderElection421] INFO  impl.RaftServerImpl (RaftServerImpl.java:setRole(184)) - f535bb4a-cba0-4f9b-9e3e-e4a48b3eda51@group-7E32184879DE: changes role from CANDIDATE to FOLLOWER at term 494 for DISCOVERED_A_NEW_TERM
2019-10-18 11:25:20,450 [f535bb4a-cba0-4f9b-9e3e-e4a48b3eda51@group-7E32184879DE-LeaderElection421] INFO  impl.RoleInfo (RoleInfo.java:shutdownLeaderElection(134)) - f535bb4a-cba0-4f9b-9e3e-e4a48b3eda51: shutdown LeaderElection
2019-10-18 11:25:20,450 [f535bb4a-cba0-4f9b-9e3e-e4a48b3eda51@group-7E32184879DE-LeaderElection421] INFO  impl.RoleInfo (RoleInfo.java:updateAndGet(143)) - f535bb4a-cba0-4f9b-9e3e-e4a48b3eda51: start FollowerState
2019-10-18 11:25:20,556 [Thread-2987] INFO  impl.FollowerState (FollowerState.java:run(108)) - f535bb4a-cba0-4f9b-9e3e-e4a48b3eda51@group-7E32184879DE-FollowerState: change to CANDIDATE, lastRpcTime:105ms, electionTimeout:105ms
2019-10-18 11:25:20,556 [Thread-2987] INFO  impl.RoleInfo (RoleInfo.java:shutdownFollowerState(121)) - f535bb4a-cba0-4f9b-9e3e-e4a48b3eda51: shutdown FollowerState
2019-10-18 11:25:20,556 [Thread-2987] INFO  impl.RaftServerImpl (RaftServerImpl.java:setRole(184)) - f535bb4a-cba0-4f9b-9e3e-e4a48b3eda51@group-7E32184879DE: changes role from  FOLLOWER to CANDIDATE at term 494 for changeToCandidate
2019-10-18 11:25:20,556 [Thread-2987] INFO  impl.RoleInfo (RoleInfo.java:updateAndGet(143)) - f535bb4a-cba0-4f9b-9e3e-e4a48b3eda51: start LeaderElection
2019-10-18 11:25:20,583 [f535bb4a-cba0-4f9b-9e3e-e4a48b3eda51@group-7E32184879DE-LeaderElection422] INFO  impl.LeaderElection (LeaderElection.java:askForVotes(178)) - f535bb4a-cba0-4f9b-9e3e-e4a48b3eda51@group-7E32184879DE-LeaderElection422: begin an election at term 495 for -1: [f535bb4a-cba0-4f9b-9e3e-e4a48b3eda51:0.0.0.0:44706, 54aabb14-4a7d-4ab3-adbe-2e67760b87f4:0.0.0.0:43074, c652e2ee-3322-4406-8db6-1ea643cb3197:0.0.0.0:42129], old=null
2019-10-18 11:25:20,585 [grpc-default-executor-1] INFO  impl.RaftServerImpl (RaftServerImpl.java:setRole(184)) - 54aabb14-4a7d-4ab3-adbe-2e67760b87f4@group-7E32184879DE: changes role from  FOLLOWER to FOLLOWER at term 495 for recognizeCandidate:f535bb4a-cba0-4f9b-9e3e-e4a48b3eda51
2019-10-18 11:25:20,585 [grpc-default-executor-0] INFO  impl.RaftServerImpl (RaftServerImpl.java:setRole(184)) - c652e2ee-3322-4406-8db6-1ea643cb3197@group-7E32184879DE: changes role from  FOLLOWER to FOLLOWER at term 495 for recognizeCandidate:f535bb4a-cba0-4f9b-9e3e-e4a48b3eda51
2019-10-18 11:25:20,585 [grpc-default-executor-1] INFO  impl.RoleInfo (RoleInfo.java:shutdownFollowerState(121)) - 54aabb14-4a7d-4ab3-adbe-2e67760b87f4: shutdown FollowerState
2019-10-18 11:25:20,585 [grpc-default-executor-0] INFO  impl.RoleInfo (RoleInfo.java:shutdownFollowerState(121)) - c652e2ee-3322-4406-8db6-1ea643cb3197: shutdown FollowerState
2019-10-18 11:25:20,585 [Thread-2985] INFO  impl.FollowerState (FollowerState.java:run(117)) - 54aabb14-4a7d-4ab3-adbe-2e67760b87f4@group-7E32184879DE-FollowerState was interrupted: java.lang.InterruptedException: sleep interrupted
2019-10-18 11:25:20,585 [Thread-2986] INFO  impl.FollowerState (FollowerState.java:run(117)) - c652e2ee-3322-4406-8db6-1ea643cb3197@group-7E32184879DE-FollowerState was interrupted: java.lang.InterruptedException: sleep interrupted
2019-10-18 11:25:20,585 [grpc-default-executor-1] INFO  impl.RoleInfo (RoleInfo.java:updateAndGet(143)) - 54aabb14-4a7d-4ab3-adbe-2e67760b87f4: start FollowerState
2019-10-18 11:25:20,585 [grpc-default-executor-0] INFO  impl.RoleInfo (RoleInfo.java:updateAndGet(143)) - c652e2ee-3322-4406-8db6-1ea643cb3197: start FollowerState
2019-10-18 11:25:20,609 [f535bb4a-cba0-4f9b-9e3e-e4a48b3eda51@group-7E32184879DE-LeaderElection422] INFO  impl.LeaderElection (LeaderElection.java:logAndReturn(56)) - f535bb4a-cba0-4f9b-9e3e-e4a48b3eda51@group-7E32184879DE-LeaderElection422: Election REJECTED; received 2 response(s) [f535bb4a-cba0-4f9b-9e3e-e4a48b3eda51<-54aabb14-4a7d-4ab3-adbe-2e67760b87f4#0:FAIL-t495, f535bb4a-cba0-4f9b-9e3e-e4a48b3eda51<-c652e2ee-3322-4406-8db6-1ea643cb3197#0:FAIL-t495] and 0 exception(s); f535bb4a-cba0-4f9b-9e3e-e4a48b3eda51@group-7E32184879DE:t495, leader=null, voted=f535bb4a-cba0-4f9b-9e3e-e4a48b3eda51, raftlog=f535bb4a-cba0-4f9b-9e3e-e4a48b3eda51@group-7E32184879DE-SegmentedRaftLog:OPENED:c-1,f-1,i0, conf=-1: [f535bb4a-cba0-4f9b-9e3e-e4a48b3eda51:0.0.0.0:44706, 54aabb14-4a7d-4ab3-adbe-2e67760b87f4:0.0.0.0:43074, c652e2ee-3322-4406-8db6-1ea643cb3197:0.0.0.0:42129], old=null
2019-10-18 11:25:20,609 [f535bb4a-cba0-4f9b-9e3e-e4a48b3eda51@group-7E32184879DE-LeaderElection422] INFO  impl.RaftServerImpl (RaftServerImpl.java:setRole(184)) - f535bb4a-cba0-4f9b-9e3e-e4a48b3eda51@group-7E32184879DE: changes role from CANDIDATE to FOLLOWER at term 495 for DISCOVERED_A_NEW_TERM
2019-10-18 11:25:20,609 [f535bb4a-cba0-4f9b-9e3e-e4a48b3eda51@group-7E32184879DE-LeaderElection422] INFO  impl.RoleInfo (RoleInfo.java:shutdownLeaderElection(134)) - f535bb4a-cba0-4f9b-9e3e-e4a48b3eda51: shutdown LeaderElection
2019-10-18 11:25:20,609 [f535bb4a-cba0-4f9b-9e3e-e4a48b3eda51@group-7E32184879DE-LeaderElection422] INFO  impl.RoleInfo (RoleInfo.java:updateAndGet(143)) - f535bb4a-cba0-4f9b-9e3e-e4a48b3eda51: start FollowerState
2019-10-18 11:25:20,800 [Thread-2995] INFO  impl.FollowerState (FollowerState.java:run(108)) - f535bb4a-cba0-4f9b-9e3e-e4a48b3eda51@group-7E32184879DE-FollowerState: change to CANDIDATE, lastRpcTime:190ms, electionTimeout:190ms
2019-10-18 11:25:20,800 [Thread-2995] INFO  impl.RoleInfo (RoleInfo.java:shutdownFollowerState(121)) - f535bb4a-cba0-4f9b-9e3e-e4a48b3eda51: shutdown FollowerState
2019-10-18 11:25:20,800 [Thread-2995] INFO  impl.RaftServerImpl (RaftServerImpl.java:setRole(184)) - f535bb4a-cba0-4f9b-9e3e-e4a48b3eda51@group-7E32184879DE: changes role from  FOLLOWER to CANDIDATE at term 495 for changeToCandidate
2019-10-18 11:25:20,800 [Thread-2995] INFO  impl.RoleInfo (RoleInfo.java:updateAndGet(143)) - f535bb4a-cba0-4f9b-9e3e-e4a48b3eda51: start LeaderElection
2019-10-18 11:25:20,835 [f535bb4a-cba0-4f9b-9e3e-e4a48b3eda51@group-7E32184879DE-LeaderElection423] INFO  impl.LeaderElection (LeaderElection.java:askForVotes(178)) - f535bb4a-cba0-4f9b-9e3e-e4a48b3eda51@group-7E32184879DE-LeaderElection423: begin an election at term 496 for -1: [f535bb4a-cba0-4f9b-9e3e-e4a48b3eda51:0.0.0.0:44706, 54aabb14-4a7d-4ab3-adbe-2e67760b87f4:0.0.0.0:43074, c652e2ee-3322-4406-8db6-1ea643cb3197:0.0.0.0:42129], old=null
2019-10-18 11:25:20,837 [grpc-default-executor-1] INFO  impl.RaftServerImpl (RaftServerImpl.java:setRole(184)) - 54aabb14-4a7d-4ab3-adbe-2e67760b87f4@group-7E32184879DE: changes role from  FOLLOWER to FOLLOWER at term 496 for recognizeCandidate:f535bb4a-cba0-4f9b-9e3e-e4a48b3eda51
2019-10-18 11:25:20,837 [grpc-default-executor-0] INFO  impl.RaftServerImpl (RaftServerImpl.java:setRole(184)) - c652e2ee-3322-4406-8db6-1ea643cb3197@group-7E32184879DE: changes role from  FOLLOWER to FOLLOWER at term 496 for recognizeCandidate:f535bb4a-cba0-4f9b-9e3e-e4a48b3eda51
2019-10-18 11:25:20,837 [grpc-default-executor-0] INFO  impl.RoleInfo (RoleInfo.java:shutdownFollowerState(121)) - c652e2ee-3322-4406-8db6-1ea643cb3197: shutdown FollowerState
2019-10-18 11:25:20,837 [grpc-default-executor-1] INFO  impl.RoleInfo (RoleInfo.java:shutdownFollowerState(121)) - 54aabb14-4a7d-4ab3-adbe-2e67760b87f4: shutdown FollowerState
2019-10-18 11:25:20,837 [Thread-2994] INFO  impl.FollowerState (FollowerState.java:run(117)) - c652e2ee-3322-4406-8db6-1ea643cb3197@group-7E32184879DE-FollowerState was interrupted: java.lang.InterruptedException: sleep interrupted
2019-10-18 11:25:20,837 [grpc-default-executor-0] INFO  impl.RoleInfo (RoleInfo.java:updateAndGet(143)) - c652e2ee-3322-4406-8db6-1ea643cb3197: start FollowerState
2019-10-18 11:25:20,837 [Thread-2993] INFO  impl.FollowerState (FollowerState.java:run(117)) - 54aabb14-4a7d-4ab3-adbe-2e67760b87f4@group-7E32184879DE-FollowerState was interrupted: java.lang.InterruptedException: sleep interrupted
2019-10-18 11:25:20,837 [grpc-default-executor-1] INFO  impl.RoleInfo (RoleInfo.java:updateAndGet(143)) - 54aabb14-4a7d-4ab3-adbe-2e67760b87f4: start FollowerState
2019-10-18 11:25:20,861 [f535bb4a-cba0-4f9b-9e3e-e4a48b3eda51@group-7E32184879DE-LeaderElection423] INFO  impl.LeaderElection (LeaderElection.java:logAndReturn(56)) - f535bb4a-cba0-4f9b-9e3e-e4a48b3eda51@group-7E32184879DE-LeaderElection423: Election REJECTED; received 2 response(s) [f535bb4a-cba0-4f9b-9e3e-e4a48b3eda51<-54aabb14-4a7d-4ab3-adbe-2e67760b87f4#0:FAIL-t496, f535bb4a-cba0-4f9b-9e3e-e4a48b3eda51<-c652e2ee-3322-4406-8db6-1ea643cb3197#0:FAIL-t496] and 0 exception(s); f535bb4a-cba0-4f9b-9e3e-e4a48b3eda51@group-7E32184879DE:t496, leader=null, voted=f535bb4a-cba0-4f9b-9e3e-e4a48b3eda51, raftlog=f535bb4a-cba0-4f9b-9e3e-e4a48b3eda51@group-7E32184879DE-SegmentedRaftLog:OPENED:c-1,f-1,i0, conf=-1: [f535bb4a-cba0-4f9b-9e3e-e4a48b3eda51:0.0.0.0:44706, 54aabb14-4a7d-4ab3-adbe-2e67760b87f4:0.0.0.0:43074, c652e2ee-3322-4406-8db6-1ea643cb3197:0.0.0.0:42129], old=null
2019-10-18 11:25:20,861 [f535bb4a-cba0-4f9b-9e3e-e4a48b3eda51@group-7E32184879DE-LeaderElection423] INFO  impl.RaftServerImpl (RaftServerImpl.java:setRole(184)) - f535bb4a-cba0-4f9b-9e3e-e4a48b3eda51@group-7E32184879DE: changes role from CANDIDATE to FOLLOWER at term 496 for DISCOVERED_A_NEW_TERM
2019-10-18 11:25:20,861 [f535bb4a-cba0-4f9b-9e3e-e4a48b3eda51@group-7E32184879DE-LeaderElection423] INFO  impl.RoleInfo (RoleInfo.java:shutdownLeaderElection(134)) - f535bb4a-cba0-4f9b-9e3e-e4a48b3eda51: shutdown LeaderElection
2019-10-18 11:25:20,861 [f535bb4a-cba0-4f9b-9e3e-e4a48b3eda51@group-7E32184879DE-LeaderElection423] INFO  impl.RoleInfo (RoleInfo.java:updateAndGet(143)) - f535bb4a-cba0-4f9b-9e3e-e4a48b3eda51: start FollowerState
2019-10-18 11:25:20,896 [Thread-3001] INFO  impl.FollowerState (FollowerState.java:run(108)) - f535bb4a-cba0-4f9b-9e3e-e4a48b3eda51@group-7E32184879DE-FollowerState: change to CANDIDATE, lastRpcTime:34ms, electionTimeout:34ms
2019-10-18 11:25:20,896 [Thread-3001] INFO  impl.RoleInfo (RoleInfo.java:shutdownFollowerState(121)) - f535bb4a-cba0-4f9b-9e3e-e4a48b3eda51: shutdown FollowerState
2019-10-18 11:25:20,896 [Thread-3001] INFO  impl.RaftServerImpl (RaftServerImpl.java:setRole(184)) - f535bb4a-cba0-4f9b-9e3e-e4a48b3eda51@group-7E32184879DE: changes role from  FOLLOWER to CANDIDATE at term 496 for changeToCandidate
2019-10-18 11:25:20,896 [Thread-3001] INFO  impl.RoleInfo (RoleInfo.java:updateAndGet(143)) - f535bb4a-cba0-4f9b-9e3e-e4a48b3eda51: start LeaderElection
2019-10-18 11:25:20,919 [f535bb4a-cba0-4f9b-9e3e-e4a48b3eda51@group-7E32184879DE-LeaderElection424] INFO  impl.LeaderElection (LeaderElection.java:askForVotes(178)) - f535bb4a-cba0-4f9b-9e3e-e4a48b3eda51@group-7E32184879DE-LeaderElection424: begin an election at term 497 for -1: [f535bb4a-cba0-4f9b-9e3e-e4a48b3eda51:0.0.0.0:44706, 54aabb14-4a7d-4ab3-adbe-2e67760b87f4:0.0.0.0:43074, c652e2ee-3322-4406-8db6-1ea643cb3197:0.0.0.0:42129], old=null
2019-10-18 11:25:20,921 [grpc-default-executor-1] INFO  impl.RaftServerImpl (RaftServerImpl.java:setRole(184)) - 54aabb14-4a7d-4ab3-adbe-2e67760b87f4@group-7E32184879DE: changes role from  FOLLOWER to FOLLOWER at term 497 for recognizeCandidate:f535bb4a-cba0-4f9b-9e3e-e4a48b3eda51
2019-10-18 11:25:20,921 [grpc-default-executor-1] INFO  impl.RoleInfo (RoleInfo.java:shutdownFollowerState(121)) - 54aabb14-4a7d-4ab3-adbe-2e67760b87f4: shutdown FollowerState
2019-10-18 11:25:20,921 [grpc-default-executor-0] INFO  impl.RaftServerImpl (RaftServerImpl.java:setRole(184)) - c652e2ee-3322-4406-8db6-1ea643cb3197@group-7E32184879DE: changes role from  FOLLOWER to FOLLOWER at term 497 for recognizeCandidate:f535bb4a-cba0-4f9b-9e3e-e4a48b3eda51
2019-10-18 11:25:20,921 [Thread-3000] INFO  impl.FollowerState (FollowerState.java:run(117)) - 54aabb14-4a7d-4ab3-adbe-2e67760b87f4@group-7E32184879DE-FollowerState was interrupted: java.lang.InterruptedException: sleep interrupted
2019-10-18 11:25:20,921 [grpc-default-executor-1] INFO  impl.RoleInfo (RoleInfo.java:updateAndGet(143)) - 54aabb14-4a7d-4ab3-adbe-2e67760b87f4: start FollowerState
2019-10-18 11:25:20,921 [grpc-default-executor-0] INFO  impl.RoleInfo (RoleInfo.java:shutdownFollowerState(121)) - c652e2ee-3322-4406-8db6-1ea643cb3197: shutdown FollowerState
2019-10-18 11:25:20,921 [grpc-default-executor-0] INFO  impl.RoleInfo (RoleInfo.java:updateAndGet(143)) - c652e2ee-3322-4406-8db6-1ea643cb3197: start FollowerState
2019-10-18 11:25:20,922 [Thread-2999] INFO  impl.FollowerState (FollowerState.java:run(117)) - c652e2ee-3322-4406-8db6-1ea643cb3197@group-7E32184879DE-FollowerState was interrupted: java.lang.InterruptedException: sleep interrupted
2019-10-18 11:25:20,945 [f535bb4a-cba0-4f9b-9e3e-e4a48b3eda51@group-7E32184879DE-LeaderElection424] INFO  impl.LeaderElection (LeaderElection.java:logAndReturn(56)) - f535bb4a-cba0-4f9b-9e3e-e4a48b3eda51@group-7E32184879DE-LeaderElection424: Election REJECTED; received 2 response(s) [f535bb4a-cba0-4f9b-9e3e-e4a48b3eda51<-54aabb14-4a7d-4ab3-adbe-2e67760b87f4#0:FAIL-t497, f535bb4a-cba0-4f9b-9e3e-e4a48b3eda51<-c652e2ee-3322-4406-8db6-1ea643cb3197#0:FAIL-t497] and 0 exception(s); f535bb4a-cba0-4f9b-9e3e-e4a48b3eda51@group-7E32184879DE:t497, leader=null, voted=f535bb4a-cba0-4f9b-9e3e-e4a48b3eda51, raftlog=f535bb4a-cba0-4f9b-9e3e-e4a48b3eda51@group-7E32184879DE-SegmentedRaftLog:OPENED:c-1,f-1,i0, conf=-1: [f535bb4a-cba0-4f9b-9e3e-e4a48b3eda51:0.0.0.0:44706, 54aabb14-4a7d-4ab3-adbe-2e67760b87f4:0.0.0.0:43074, c652e2ee-3322-4406-8db6-1ea643cb3197:0.0.0.0:42129], old=null
2019-10-18 11:25:20,945 [f535bb4a-cba0-4f9b-9e3e-e4a48b3eda51@group-7E32184879DE-LeaderElection424] INFO  impl.RaftServerImpl (RaftServerImpl.java:setRole(184)) - f535bb4a-cba0-4f9b-9e3e-e4a48b3eda51@group-7E32184879DE: changes role from CANDIDATE to FOLLOWER at term 497 for DISCOVERED_A_NEW_TERM
2019-10-18 11:25:20,945 [f535bb4a-cba0-4f9b-9e3e-e4a48b3eda51@group-7E32184879DE-LeaderElection424] INFO  impl.RoleInfo (RoleInfo.java:shutdownLeaderElection(134)) - f535bb4a-cba0-4f9b-9e3e-e4a48b3eda51: shutdown LeaderElection
2019-10-18 11:25:20,945 [f535bb4a-cba0-4f9b-9e3e-e4a48b3eda51@group-7E32184879DE-LeaderElection424] INFO  impl.RoleInfo (RoleInfo.java:updateAndGet(143)) - f535bb4a-cba0-4f9b-9e3e-e4a48b3eda51: start FollowerState
2019-10-18 11:25:20,961 [Thread-3007] INFO  impl.FollowerState (FollowerState.java:run(108)) - f535bb4a-cba0-4f9b-9e3e-e4a48b3eda51@group-7E32184879DE-FollowerState: change to CANDIDATE, lastRpcTime:15ms, electionTimeout:15ms
2019-10-18 11:25:20,961 [Thread-3007] INFO  impl.RoleInfo (RoleInfo.java:shutdownFollowerState(121)) - f535bb4a-cba0-4f9b-9e3e-e4a48b3eda51: shutdown FollowerState
2019-10-18 11:25:20,961 [Thread-3007] INFO  impl.RaftServerImpl (RaftServerImpl.java:setRole(184)) - f535bb4a-cba0-4f9b-9e3e-e4a48b3eda51@group-7E32184879DE: changes role from  FOLLOWER to CANDIDATE at term 497 for changeToCandidate
2019-10-18 11:25:20,961 [Thread-3007] INFO  impl.RoleInfo (RoleInfo.java:updateAndGet(143)) - f535bb4a-cba0-4f9b-9e3e-e4a48b3eda51: start LeaderElection
2019-10-18 11:25:20,987 [f535bb4a-cba0-4f9b-9e3e-e4a48b3eda51@group-7E32184879DE-LeaderElection425] INFO  impl.LeaderElection (LeaderElection.java:askForVotes(178)) - f535bb4a-cba0-4f9b-9e3e-e4a48b3eda51@group-7E32184879DE-LeaderElection425: begin an election at term 498 for -1: [f535bb4a-cba0-4f9b-9e3e-e4a48b3eda51:0.0.0.0:44706, 54aabb14-4a7d-4ab3-adbe-2e67760b87f4:0.0.0.0:43074, c652e2ee-3322-4406-8db6-1ea643cb3197:0.0.0.0:42129], old=null
2019-10-18 11:25:20,988 [grpc-default-executor-1] INFO  impl.RaftServerImpl (RaftServerImpl.java:setRole(184)) - 54aabb14-4a7d-4ab3-adbe-2e67760b87f4@group-7E32184879DE: changes role from  FOLLOWER to FOLLOWER at term 498 for recognizeCandidate:f535bb4a-cba0-4f9b-9e3e-e4a48b3eda51
2019-10-18 11:25:20,988 [grpc-default-executor-1] INFO  impl.RoleInfo (RoleInfo.java:shutdownFollowerState(121)) - 54aabb14-4a7d-4ab3-adbe-2e67760b87f4: shutdown FollowerState
2019-10-18 11:25:20,988 [grpc-default-executor-0] INFO  impl.RaftServerImpl (RaftServerImpl.java:setRole(184)) - c652e2ee-3322-4406-8db6-1ea643cb3197@group-7E32184879DE: changes role from  FOLLOWER to FOLLOWER at term 498 for recognizeCandidate:f535bb4a-cba0-4f9b-9e3e-e4a48b3eda51
2019-10-18 11:25:20,988 [grpc-default-executor-0] INFO  impl.RoleInfo (RoleInfo.java:shutdownFollowerState(121)) - c652e2ee-3322-4406-8db6-1ea643cb3197: shutdown FollowerState
2019-10-18 11:25:20,988 [Thread-3005] INFO  impl.FollowerState (FollowerState.java:run(117)) - 54aabb14-4a7d-4ab3-adbe-2e67760b87f4@group-7E32184879DE-FollowerState was interrupted: java.lang.InterruptedException: sleep interrupted
2019-10-18 11:25:20,988 [grpc-default-executor-1] INFO  impl.RoleInfo (RoleInfo.java:updateAndGet(143)) - 54aabb14-4a7d-4ab3-adbe-2e67760b87f4: start FollowerState
2019-10-18 11:25:20,989 [Thread-3006] INFO  impl.FollowerState (FollowerState.java:run(117)) - c652e2ee-3322-4406-8db6-1ea643cb3197@group-7E32184879DE-FollowerState was interrupted: java.lang.InterruptedException: sleep interrupted
2019-10-18 11:25:20,989 [grpc-default-executor-0] INFO  impl.RoleInfo (RoleInfo.java:updateAndGet(143)) - c652e2ee-3322-4406-8db6-1ea643cb3197: start FollowerState
2019-10-18 11:25:21,013 [f535bb4a-cba0-4f9b-9e3e-e4a48b3eda51@group-7E32184879DE-LeaderElection425] INFO  impl.LeaderElection (LeaderElection.java:logAndReturn(56)) - f535bb4a-cba0-4f9b-9e3e-e4a48b3eda51@group-7E32184879DE-LeaderElection425: Election REJECTED; received 2 response(s) [f535bb4a-cba0-4f9b-9e3e-e4a48b3eda51<-54aabb14-4a7d-4ab3-adbe-2e67760b87f4#0:FAIL-t498, f535bb4a-cba0-4f9b-9e3e-e4a48b3eda51<-c652e2ee-3322-4406-8db6-1ea643cb3197#0:FAIL-t498] and 0 exception(s); f535bb4a-cba0-4f9b-9e3e-e4a48b3eda51@group-7E32184879DE:t498, leader=null, voted=f535bb4a-cba0-4f9b-9e3e-e4a48b3eda51, raftlog=f535bb4a-cba0-4f9b-9e3e-e4a48b3eda51@group-7E32184879DE-SegmentedRaftLog:OPENED:c-1,f-1,i0, conf=-1: [f535bb4a-cba0-4f9b-9e3e-e4a48b3eda51:0.0.0.0:44706, 54aabb14-4a7d-4ab3-adbe-2e67760b87f4:0.0.0.0:43074, c652e2ee-3322-4406-8db6-1ea643cb3197:0.0.0.0:42129], old=null
2019-10-18 11:25:21,013 [f535bb4a-cba0-4f9b-9e3e-e4a48b3eda51@group-7E32184879DE-LeaderElection425] INFO  impl.RaftServerImpl (RaftServerImpl.java:setRole(184)) - f535bb4a-cba0-4f9b-9e3e-e4a48b3eda51@group-7E32184879DE: changes role from CANDIDATE to FOLLOWER at term 498 for DISCOVERED_A_NEW_TERM
2019-10-18 11:25:21,013 [f535bb4a-cba0-4f9b-9e3e-e4a48b3eda51@group-7E32184879DE-LeaderElection425] INFO  impl.RoleInfo (RoleInfo.java:shutdownLeaderElection(134)) - f535bb4a-cba0-4f9b-9e3e-e4a48b3eda51: shutdown LeaderElection
2019-10-18 11:25:21,013 [f535bb4a-cba0-4f9b-9e3e-e4a48b3eda51@group-7E32184879DE-LeaderElection425] INFO  impl.RoleInfo (RoleInfo.java:updateAndGet(143)) - f535bb4a-cba0-4f9b-9e3e-e4a48b3eda51: start FollowerState
2019-10-18 11:25:21,017 [Thread-3013] INFO  impl.FollowerState (FollowerState.java:run(108)) - f535bb4a-cba0-4f9b-9e3e-e4a48b3eda51@group-7E32184879DE-FollowerState: change to CANDIDATE, lastRpcTime:4ms, electionTimeout:4ms
2019-10-18 11:25:21,018 [Thread-3013] INFO  impl.RoleInfo (RoleInfo.java:shutdownFollowerState(121)) - f535bb4a-cba0-4f9b-9e3e-e4a48b3eda51: shutdown FollowerState
2019-10-18 11:25:21,018 [Thread-3013] INFO  impl.RaftServerImpl (RaftServerImpl.java:setRole(184)) - f535bb4a-cba0-4f9b-9e3e-e4a48b3eda51@group-7E32184879DE: changes role from  FOLLOWER to CANDIDATE at term 498 for changeToCandidate
2019-10-18 11:25:21,018 [Thread-3013] INFO  impl.RoleInfo (RoleInfo.java:updateAndGet(143)) - f535bb4a-cba0-4f9b-9e3e-e4a48b3eda51: start LeaderElection
2019-10-18 11:25:21,046 [f535bb4a-cba0-4f9b-9e3e-e4a48b3eda51@group-7E32184879DE-LeaderElection426] INFO  impl.LeaderElection (LeaderElection.java:askForVotes(178)) - f535bb4a-cba0-4f9b-9e3e-e4a48b3eda51@group-7E32184879DE-LeaderElection426: begin an election at term 499 for -1: [f535bb4a-cba0-4f9b-9e3e-e4a48b3eda51:0.0.0.0:44706, 54aabb14-4a7d-4ab3-adbe-2e67760b87f4:0.0.0.0:43074, c652e2ee-3322-4406-8db6-1ea643cb3197:0.0.0.0:42129], old=null
2019-10-18 11:25:21,047 [grpc-default-executor-1] INFO  impl.RaftServerImpl (RaftServerImpl.java:setRole(184)) - 54aabb14-4a7d-4ab3-adbe-2e67760b87f4@group-7E32184879DE: changes role from  FOLLOWER to FOLLOWER at term 499 for recognizeCandidate:f535bb4a-cba0-4f9b-9e3e-e4a48b3eda51
2019-10-18 11:25:21,047 [grpc-default-executor-1] INFO  impl.RoleInfo (RoleInfo.java:shutdownFollowerState(121)) - 54aabb14-4a7d-4ab3-adbe-2e67760b87f4: shutdown FollowerState
2019-10-18 11:25:21,047 [grpc-default-executor-1] INFO  impl.RoleInfo (RoleInfo.java:updateAndGet(143)) - 54aabb14-4a7d-4ab3-adbe-2e67760b87f4: start FollowerState
2019-10-18 11:25:21,047 [grpc-default-executor-0] INFO  impl.RaftServerImpl (RaftServerImpl.java:setRole(184)) - c652e2ee-3322-4406-8db6-1ea643cb3197@group-7E32184879DE: changes role from  FOLLOWER to FOLLOWER at term 499 for recognizeCandidate:f535bb4a-cba0-4f9b-9e3e-e4a48b3eda51
2019-10-18 11:25:21,047 [Thread-3011] INFO  impl.FollowerState (FollowerState.java:run(117)) - 54aabb14-4a7d-4ab3-adbe-2e67760b87f4@group-7E32184879DE-FollowerState was interrupted: java.lang.InterruptedException: sleep interrupted
2019-10-18 11:25:21,048 [grpc-default-executor-0] INFO  impl.RoleInfo (RoleInfo.java:shutdownFollowerState(121)) - c652e2ee-3322-4406-8db6-1ea643cb3197: shutdown FollowerState
2019-10-18 11:25:21,048 [grpc-default-executor-0] INFO  impl.RoleInfo (RoleInfo.java:updateAndGet(143)) - c652e2ee-3322-4406-8db6-1ea643cb3197: start FollowerState
2019-10-18 11:25:21,048 [Thread-3012] INFO  impl.FollowerState (FollowerState.java:run(117)) - c652e2ee-3322-4406-8db6-1ea643cb3197@group-7E32184879DE-FollowerState was interrupted: java.lang.InterruptedException: sleep interrupted
2019-10-18 11:25:21,072 [f535bb4a-cba0-4f9b-9e3e-e4a48b3eda51@group-7E32184879DE-LeaderElection426] INFO  impl.LeaderElection (LeaderElection.java:logAndReturn(56)) - f535bb4a-cba0-4f9b-9e3e-e4a48b3eda51@group-7E32184879DE-LeaderElection426: Election REJECTED; received 2 response(s) [f535bb4a-cba0-4f9b-9e3e-e4a48b3eda51<-54aabb14-4a7d-4ab3-adbe-2e67760b87f4#0:FAIL-t499, f535bb4a-cba0-4f9b-9e3e-e4a48b3eda51<-c652e2ee-3322-4406-8db6-1ea643cb3197#0:FAIL-t499] and 0 exception(s); f535bb4a-cba0-4f9b-9e3e-e4a48b3eda51@group-7E32184879DE:t499, leader=null, voted=f535bb4a-cba0-4f9b-9e3e-e4a48b3eda51, raftlog=f535bb4a-cba0-4f9b-9e3e-e4a48b3eda51@group-7E32184879DE-SegmentedRaftLog:OPENED:c-1,f-1,i0, conf=-1: [f535bb4a-cba0-4f9b-9e3e-e4a48b3eda51:0.0.0.0:44706, 54aabb14-4a7d-4ab3-adbe-2e67760b87f4:0.0.0.0:43074, c652e2ee-3322-4406-8db6-1ea643cb3197:0.0.0.0:42129], old=null
2019-10-18 11:25:21,072 [f535bb4a-cba0-4f9b-9e3e-e4a48b3eda51@group-7E32184879DE-LeaderElection426] INFO  impl.RaftServerImpl (RaftServerImpl.java:setRole(184)) - f535bb4a-cba0-4f9b-9e3e-e4a48b3eda51@group-7E32184879DE: changes role from CANDIDATE to FOLLOWER at term 499 for DISCOVERED_A_NEW_TERM
2019-10-18 11:25:21,072 [f535bb4a-cba0-4f9b-9e3e-e4a48b3eda51@group-7E32184879DE-LeaderElection426] INFO  impl.RoleInfo (RoleInfo.java:shutdownLeaderElection(134)) - f535bb4a-cba0-4f9b-9e3e-e4a48b3eda51: shutdown LeaderElection
2019-10-18 11:25:21,072 [f535bb4a-cba0-4f9b-9e3e-e4a48b3eda51@group-7E32184879DE-LeaderElection426] INFO  impl.RoleInfo (RoleInfo.java:updateAndGet(143)) - f535bb4a-cba0-4f9b-9e3e-e4a48b3eda51: start FollowerState
2019-10-18 11:25:21,090 [Thread-3019] INFO  impl.FollowerState (FollowerState.java:run(108)) - f535bb4a-cba0-4f9b-9e3e-e4a48b3eda51@group-7E32184879DE-FollowerState: change to CANDIDATE, lastRpcTime:18ms, electionTimeout:18ms
2019-10-18 11:25:21,090 [Thread-3019] INFO  impl.RoleInfo (RoleInfo.java:shutdownFollowerState(121)) - f535bb4a-cba0-4f9b-9e3e-e4a48b3eda51: shutdown FollowerState
2019-10-18 11:25:21,091 [Thread-3019] INFO  impl.RaftServerImpl (RaftServerImpl.java:setRole(184)) - f535bb4a-cba0-4f9b-9e3e-e4a48b3eda51@group-7E32184879DE: changes role from  FOLLOWER to CANDIDATE at term 499 for changeToCandidate
2019-10-18 11:25:21,091 [Thread-3019] INFO  impl.RoleInfo (RoleInfo.java:updateAndGet(143)) - f535bb4a-cba0-4f9b-9e3e-e4a48b3eda51: start LeaderElection
2019-10-18 11:25:21,113 [f535bb4a-cba0-4f9b-9e3e-e4a48b3eda51@group-7E32184879DE-LeaderElection427] INFO  impl.LeaderElection (LeaderElection.java:askForVotes(178)) - f535bb4a-cba0-4f9b-9e3e-e4a48b3eda51@group-7E32184879DE-LeaderElection427: begin an election at term 500 for -1: [f535bb4a-cba0-4f9b-9e3e-e4a48b3eda51:0.0.0.0:44706, 54aabb14-4a7d-4ab3-adbe-2e67760b87f4:0.0.0.0:43074, c652e2ee-3322-4406-8db6-1ea643cb3197:0.0.0.0:42129], old=null
2019-10-18 11:25:21,114 [grpc-default-executor-0] INFO  impl.RaftServerImpl (RaftServerImpl.java:setRole(184)) - 54aabb14-4a7d-4ab3-adbe-2e67760b87f4@group-7E32184879DE: changes role from  FOLLOWER to FOLLOWER at term 500 for recognizeCandidate:f535bb4a-cba0-4f9b-9e3e-e4a48b3eda51
2019-10-18 11:25:21,115 [grpc-default-executor-0] INFO  impl.RoleInfo (RoleInfo.java:shutdownFollowerState(121)) - 54aabb14-4a7d-4ab3-adbe-2e67760b87f4: shutdown FollowerState
2019-10-18 11:25:21,115 [grpc-default-executor-1] INFO  impl.RaftServerImpl (RaftServerImpl.java:setRole(184)) - c652e2ee-3322-4406-8db6-1ea643cb3197@group-7E32184879DE: changes role from  FOLLOWER to FOLLOWER at term 500 for recognizeCandidate:f535bb4a-cba0-4f9b-9e3e-e4a48b3eda51
2019-10-18 11:25:21,115 [grpc-default-executor-1] INFO  impl.RoleInfo (RoleInfo.java:shutdownFollowerState(121)) - c652e2ee-3322-4406-8db6-1ea643cb3197: shutdown FollowerState
2019-10-18 11:25:21,115 [Thread-3017] INFO  impl.FollowerState (FollowerState.java:run(117)) - 54aabb14-4a7d-4ab3-adbe-2e67760b87f4@group-7E32184879DE-FollowerState was interrupted: java.lang.InterruptedException: sleep interrupted
2019-10-18 11:25:21,115 [grpc-default-executor-0] INFO  impl.RoleInfo (RoleInfo.java:updateAndGet(143)) - 54aabb14-4a7d-4ab3-adbe-2e67760b87f4: start FollowerState
2019-10-18 11:25:21,115 [Thread-3018] INFO  impl.FollowerState (FollowerState.java:run(117)) - c652e2ee-3322-4406-8db6-1ea643cb3197@group-7E32184879DE-FollowerState was interrupted: java.lang.InterruptedException: sleep interrupted
2019-10-18 11:25:21,115 [grpc-default-executor-1] INFO  impl.RoleInfo (RoleInfo.java:updateAndGet(143)) - c652e2ee-3322-4406-8db6-1ea643cb3197: start FollowerState
2019-10-18 11:25:21,139 [f535bb4a-cba0-4f9b-9e3e-e4a48b3eda51@group-7E32184879DE-LeaderElection427] INFO  impl.LeaderElection (LeaderElection.java:logAndReturn(56)) - f535bb4a-cba0-4f9b-9e3e-e4a48b3eda51@group-7E32184879DE-LeaderElection427: Election REJECTED; received 2 response(s) [f535bb4a-cba0-4f9b-9e3e-e4a48b3eda51<-54aabb14-4a7d-4ab3-adbe-2e67760b87f4#0:FAIL-t500, f535bb4a-cba0-4f9b-9e3e-e4a48b3eda51<-c652e2ee-3322-4406-8db6-1ea643cb3197#0:FAIL-t500] and 0 exception(s); f535bb4a-cba0-4f9b-9e3e-e4a48b3eda51@group-7E32184879DE:t500, leader=null, voted=f535bb4a-cba0-4f9b-9e3e-e4a48b3eda51, raftlog=f535bb4a-cba0-4f9b-9e3e-e4a48b3eda51@group-7E32184879DE-SegmentedRaftLog:OPENED:c-1,f-1,i0, conf=-1: [f535bb4a-cba0-4f9b-9e3e-e4a48b3eda51:0.0.0.0:44706, 54aabb14-4a7d-4ab3-adbe-2e67760b87f4:0.0.0.0:43074, c652e2ee-3322-4406-8db6-1ea643cb3197:0.0.0.0:42129], old=null
2019-10-18 11:25:21,139 [f535bb4a-cba0-4f9b-9e3e-e4a48b3eda51@group-7E32184879DE-LeaderElection427] INFO  impl.RaftServerImpl (RaftServerImpl.java:setRole(184)) - f535bb4a-cba0-4f9b-9e3e-e4a48b3eda51@group-7E32184879DE: changes role from CANDIDATE to FOLLOWER at term 500 for DISCOVERED_A_NEW_TERM
2019-10-18 11:25:21,139 [f535bb4a-cba0-4f9b-9e3e-e4a48b3eda51@group-7E32184879DE-LeaderElection427] INFO  impl.RoleInfo (RoleInfo.java:shutdownLeaderElection(134)) - f535bb4a-cba0-4f9b-9e3e-e4a48b3eda51: shutdown LeaderElection
2019-10-18 11:25:21,139 [f535bb4a-cba0-4f9b-9e3e-e4a48b3eda51@group-7E32184879DE-LeaderElection427] INFO  impl.RoleInfo (RoleInfo.java:updateAndGet(143)) - f535bb4a-cba0-4f9b-9e3e-e4a48b3eda51: start FollowerState
2019-10-18 11:25:21,191 [Thread-3025] INFO  impl.FollowerState (FollowerState.java:run(108)) - f535bb4a-cba0-4f9b-9e3e-e4a48b3eda51@group-7E32184879DE-FollowerState: change to CANDIDATE, lastRpcTime:51ms, electionTimeout:51ms
2019-10-18 11:25:21,191 [Thread-3025] INFO  impl.RoleInfo (RoleInfo.java:shutdownFollowerState(121)) - f535bb4a-cba0-4f9b-9e3e-e4a48b3eda51: shutdown FollowerState
2019-10-18 11:25:21,191 [Thread-3025] INFO  impl.RaftServerImpl (RaftServerImpl.java:setRole(184)) - f535bb4a-cba0-4f9b-9e3e-e4a48b3eda51@group-7E32184879DE: changes role from  FOLLOWER to CANDIDATE at term 500 for changeToCandidate
2019-10-18 11:25:21,191 [Thread-3025] INFO  impl.RoleInfo (RoleInfo.java:updateAndGet(143)) - f535bb4a-cba0-4f9b-9e3e-e4a48b3eda51: start LeaderElection
2019-10-18 11:25:21,214 [f535bb4a-cba0-4f9b-9e3e-e4a48b3eda51@group-7E32184879DE-LeaderElection428] INFO  impl.LeaderElection (LeaderElection.java:askForVotes(178)) - f535bb4a-cba0-4f9b-9e3e-e4a48b3eda51@group-7E32184879DE-LeaderElection428: begin an election at term 501 for -1: [f535bb4a-cba0-4f9b-9e3e-e4a48b3eda51:0.0.0.0:44706, 54aabb14-4a7d-4ab3-adbe-2e67760b87f4:0.0.0.0:43074, c652e2ee-3322-4406-8db6-1ea643cb3197:0.0.0.0:42129], old=null
2019-10-18 11:25:21,215 [grpc-default-executor-0] INFO  impl.RaftServerImpl (RaftServerImpl.java:setRole(184)) - 54aabb14-4a7d-4ab3-adbe-2e67760b87f4@group-7E32184879DE: changes role from  FOLLOWER to FOLLOWER at term 501 for recognizeCandidate:f535bb4a-cba0-4f9b-9e3e-e4a48b3eda51
2019-10-18 11:25:21,215 [grpc-default-executor-1] INFO  impl.RaftServerImpl (RaftServerImpl.java:setRole(184)) - c652e2ee-3322-4406-8db6-1ea643cb3197@group-7E32184879DE: changes role from  FOLLOWER to FOLLOWER at term 501 for recognizeCandidate:f535bb4a-cba0-4f9b-9e3e-e4a48b3eda51
2019-10-18 11:25:21,216 [grpc-default-executor-0] INFO  impl.RoleInfo (RoleInfo.java:shutdownFollowerState(121)) - 54aabb14-4a7d-4ab3-adbe-2e67760b87f4: shutdown FollowerState
2019-10-18 11:25:21,216 [grpc-default-executor-1] INFO  impl.RoleInfo (RoleInfo.java:shutdownFollowerState(121)) - c652e2ee-3322-4406-8db6-1ea643cb3197: shutdown FollowerState
2019-10-18 11:25:21,216 [grpc-default-executor-1] INFO  impl.RoleInfo (RoleInfo.java:updateAndGet(143)) - c652e2ee-3322-4406-8db6-1ea643cb3197: start FollowerState
2019-10-18 11:25:21,216 [Thread-3023] INFO  impl.FollowerState (FollowerState.java:run(117)) - 54aabb14-4a7d-4ab3-adbe-2e67760b87f4@group-7E32184879DE-FollowerState was interrupted: java.lang.InterruptedException: sleep interrupted
2019-10-18 11:25:21,216 [grpc-default-executor-0] INFO  impl.RoleInfo (RoleInfo.java:updateAndGet(143)) - 54aabb14-4a7d-4ab3-adbe-2e67760b87f4: start FollowerState
2019-10-18 11:25:21,216 [Thread-3024] INFO  impl.FollowerState (FollowerState.java:run(117)) - c652e2ee-3322-4406-8db6-1ea643cb3197@group-7E32184879DE-FollowerState was interrupted: java.lang.InterruptedException: sleep interrupted
2019-10-18 11:25:21,240 [f535bb4a-cba0-4f9b-9e3e-e4a48b3eda51@group-7E32184879DE-LeaderElection428] INFO  impl.LeaderElection (LeaderElection.java:logAndReturn(56)) - f535bb4a-cba0-4f9b-9e3e-e4a48b3eda51@group-7E32184879DE-LeaderElection428: Election REJECTED; received 2 response(s) [f535bb4a-cba0-4f9b-9e3e-e4a48b3eda51<-54aabb14-4a7d-4ab3-adbe-2e67760b87f4#0:FAIL-t501, f535bb4a-cba0-4f9b-9e3e-e4a48b3eda51<-c652e2ee-3322-4406-8db6-1ea643cb3197#0:FAIL-t501] and 0 exception(s); f535bb4a-cba0-4f9b-9e3e-e4a48b3eda51@group-7E32184879DE:t501, leader=null, voted=f535bb4a-cba0-4f9b-9e3e-e4a48b3eda51, raftlog=f535bb4a-cba0-4f9b-9e3e-e4a48b3eda51@group-7E32184879DE-SegmentedRaftLog:OPENED:c-1,f-1,i0, conf=-1: [f535bb4a-cba0-4f9b-9e3e-e4a48b3eda51:0.0.0.0:44706, 54aabb14-4a7d-4ab3-adbe-2e67760b87f4:0.0.0.0:43074, c652e2ee-3322-4406-8db6-1ea643cb3197:0.0.0.0:42129], old=null
2019-10-18 11:25:21,240 [f535bb4a-cba0-4f9b-9e3e-e4a48b3eda51@group-7E32184879DE-LeaderElection428] INFO  impl.RaftServerImpl (RaftServerImpl.java:setRole(184)) - f535bb4a-cba0-4f9b-9e3e-e4a48b3eda51@group-7E32184879DE: changes role from CANDIDATE to FOLLOWER at term 501 for DISCOVERED_A_NEW_TERM
2019-10-18 11:25:21,240 [f535bb4a-cba0-4f9b-9e3e-e4a48b3eda51@group-7E32184879DE-LeaderElection428] INFO  impl.RoleInfo (RoleInfo.java:shutdownLeaderElection(134)) - f535bb4a-cba0-4f9b-9e3e-e4a48b3eda51: shutdown LeaderElection
2019-10-18 11:25:21,240 [f535bb4a-cba0-4f9b-9e3e-e4a48b3eda51@group-7E32184879DE-LeaderElection428] INFO  impl.RoleInfo (RoleInfo.java:updateAndGet(143)) - f535bb4a-cba0-4f9b-9e3e-e4a48b3eda51: start FollowerState
2019-10-18 11:25:21,283 [Thread-3031] INFO  impl.FollowerState (FollowerState.java:run(108)) - f535bb4a-cba0-4f9b-9e3e-e4a48b3eda51@group-7E32184879DE-FollowerState: change to CANDIDATE, lastRpcTime:43ms, electionTimeout:43ms
2019-10-18 11:25:21,283 [Thread-3031] INFO  impl.RoleInfo (RoleInfo.java:shutdownFollowerState(121)) - f535bb4a-cba0-4f9b-9e3e-e4a48b3eda51: shutdown FollowerState
2019-10-18 11:25:21,284 [Thread-3031] INFO  impl.RaftServerImpl (RaftServerImpl.java:setRole(184)) - f535bb4a-cba0-4f9b-9e3e-e4a48b3eda51@group-7E32184879DE: changes role from  FOLLOWER to CANDIDATE at term 501 for changeToCandidate
2019-10-18 11:25:21,284 [Thread-3031] INFO  impl.RoleInfo (RoleInfo.java:updateAndGet(143)) - f535bb4a-cba0-4f9b-9e3e-e4a48b3eda51: start LeaderElection
2019-10-18 11:25:21,306 [f535bb4a-cba0-4f9b-9e3e-e4a48b3eda51@group-7E32184879DE-LeaderElection429] INFO  impl.LeaderElection (LeaderElection.java:askForVotes(178)) - f535bb4a-cba0-4f9b-9e3e-e4a48b3eda51@group-7E32184879DE-LeaderElection429: begin an election at term 502 for -1: [f535bb4a-cba0-4f9b-9e3e-e4a48b3eda51:0.0.0.0:44706, 54aabb14-4a7d-4ab3-adbe-2e67760b87f4:0.0.0.0:43074, c652e2ee-3322-4406-8db6-1ea643cb3197:0.0.0.0:42129], old=null
2019-10-18 11:25:21,308 [grpc-default-executor-1] INFO  impl.RaftServerImpl (RaftServerImpl.java:setRole(184)) - 54aabb14-4a7d-4ab3-adbe-2e67760b87f4@group-7E32184879DE: changes role from  FOLLOWER to FOLLOWER at term 502 for recognizeCandidate:f535bb4a-cba0-4f9b-9e3e-e4a48b3eda51
2019-10-18 11:25:21,308 [grpc-default-executor-1] INFO  impl.RoleInfo (RoleInfo.java:shutdownFollowerState(121)) - 54aabb14-4a7d-4ab3-adbe-2e67760b87f4: shutdown FollowerState
2019-10-18 11:25:21,308 [grpc-default-executor-0] INFO  impl.RaftServerImpl (RaftServerImpl.java:setRole(184)) - c652e2ee-3322-4406-8db6-1ea643cb3197@group-7E32184879DE: changes role from  FOLLOWER to FOLLOWER at term 502 for recognizeCandidate:f535bb4a-cba0-4f9b-9e3e-e4a48b3eda51
2019-10-18 11:25:21,308 [grpc-default-executor-0] INFO  impl.RoleInfo (RoleInfo.java:shutdownFollowerState(121)) - c652e2ee-3322-4406-8db6-1ea643cb3197: shutdown FollowerState
2019-10-18 11:25:21,308 [Thread-3029] INFO  impl.FollowerState (FollowerState.java:run(117)) - 54aabb14-4a7d-4ab3-adbe-2e67760b87f4@group-7E32184879DE-FollowerState was interrupted: java.lang.InterruptedException: sleep interrupted
2019-10-18 11:25:21,309 [Thread-3030] INFO  impl.FollowerState (FollowerState.java:run(117)) - c652e2ee-3322-4406-8db6-1ea643cb3197@group-7E32184879DE-FollowerState was interrupted: java.lang.InterruptedException: sleep interrupted
2019-10-18 11:25:21,308 [grpc-default-executor-1] INFO  impl.RoleInfo (RoleInfo.java:updateAndGet(143)) - 54aabb14-4a7d-4ab3-adbe-2e67760b87f4: start FollowerState
2019-10-18 11:25:21,308 [grpc-default-executor-0] INFO  impl.RoleInfo (RoleInfo.java:updateAndGet(143)) - c652e2ee-3322-4406-8db6-1ea643cb3197: start FollowerState
2019-10-18 11:25:21,332 [f535bb4a-cba0-4f9b-9e3e-e4a48b3eda51@group-7E32184879DE-LeaderElection429] INFO  impl.LeaderElection (LeaderElection.java:logAndReturn(56)) - f535bb4a-cba0-4f9b-9e3e-e4a48b3eda51@group-7E32184879DE-LeaderElection429: Election REJECTED; received 2 response(s) [f535bb4a-cba0-4f9b-9e3e-e4a48b3eda51<-54aabb14-4a7d-4ab3-adbe-2e67760b87f4#0:FAIL-t502, f535bb4a-cba0-4f9b-9e3e-e4a48b3eda51<-c652e2ee-3322-4406-8db6-1ea643cb3197#0:FAIL-t502] and 0 exception(s); f535bb4a-cba0-4f9b-9e3e-e4a48b3eda51@group-7E32184879DE:t502, leader=null, voted=f535bb4a-cba0-4f9b-9e3e-e4a48b3eda51, raftlog=f535bb4a-cba0-4f9b-9e3e-e4a48b3eda51@group-7E32184879DE-SegmentedRaftLog:OPENED:c-1,f-1,i0, conf=-1: [f535bb4a-cba0-4f9b-9e3e-e4a48b3eda51:0.0.0.0:44706, 54aabb14-4a7d-4ab3-adbe-2e67760b87f4:0.0.0.0:43074, c652e2ee-3322-4406-8db6-1ea643cb3197:0.0.0.0:42129], old=null
2019-10-18 11:25:21,332 [f535bb4a-cba0-4f9b-9e3e-e4a48b3eda51@group-7E32184879DE-LeaderElection429] INFO  impl.RaftServerImpl (RaftServerImpl.java:setRole(184)) - f535bb4a-cba0-4f9b-9e3e-e4a48b3eda51@group-7E32184879DE: changes role from CANDIDATE to FOLLOWER at term 502 for DISCOVERED_A_NEW_TERM
2019-10-18 11:25:21,332 [f535bb4a-cba0-4f9b-9e3e-e4a48b3eda51@group-7E32184879DE-LeaderElection429] INFO  impl.RoleInfo (RoleInfo.java:shutdownLeaderElection(134)) - f535bb4a-cba0-4f9b-9e3e-e4a48b3eda51: shutdown LeaderElection
2019-10-18 11:25:21,332 [f535bb4a-cba0-4f9b-9e3e-e4a48b3eda51@group-7E32184879DE-LeaderElection429] INFO  impl.RoleInfo (RoleInfo.java:updateAndGet(143)) - f535bb4a-cba0-4f9b-9e3e-e4a48b3eda51: start FollowerState
2019-10-18 11:25:21,406 [Thread-3037] INFO  impl.FollowerState (FollowerState.java:run(108)) - f535bb4a-cba0-4f9b-9e3e-e4a48b3eda51@group-7E32184879DE-FollowerState: change to CANDIDATE, lastRpcTime:73ms, electionTimeout:73ms
2019-10-18 11:25:21,406 [Thread-3037] INFO  impl.RoleInfo (RoleInfo.java:shutdownFollowerState(121)) - f535bb4a-cba0-4f9b-9e3e-e4a48b3eda51: shutdown FollowerState
2019-10-18 11:25:21,406 [Thread-3037] INFO  impl.RaftServerImpl (RaftServerImpl.java:setRole(184)) - f535bb4a-cba0-4f9b-9e3e-e4a48b3eda51@group-7E32184879DE: changes role from  FOLLOWER to CANDIDATE at term 502 for changeToCandidate
2019-10-18 11:25:21,406 [Thread-3037] INFO  impl.RoleInfo (RoleInfo.java:updateAndGet(143)) - f535bb4a-cba0-4f9b-9e3e-e4a48b3eda51: start LeaderElection
2019-10-18 11:25:21,432 [f535bb4a-cba0-4f9b-9e3e-e4a48b3eda51@group-7E32184879DE-LeaderElection430] INFO  impl.LeaderElection (LeaderElection.java:askForVotes(178)) - f535bb4a-cba0-4f9b-9e3e-e4a48b3eda51@group-7E32184879DE-LeaderElection430: begin an election at term 503 for -1: [f535bb4a-cba0-4f9b-9e3e-e4a48b3eda51:0.0.0.0:44706, 54aabb14-4a7d-4ab3-adbe-2e67760b87f4:0.0.0.0:43074, c652e2ee-3322-4406-8db6-1ea643cb3197:0.0.0.0:42129], old=null
2019-10-18 11:25:21,433 [grpc-default-executor-1] INFO  impl.RaftServerImpl (RaftServerImpl.java:setRole(184)) - 54aabb14-4a7d-4ab3-adbe-2e67760b87f4@group-7E32184879DE: changes role from  FOLLOWER to FOLLOWER at term 503 for recognizeCandidate:f535bb4a-cba0-4f9b-9e3e-e4a48b3eda51
2019-10-18 11:25:21,433 [grpc-default-executor-1] INFO  impl.RoleInfo (RoleInfo.java:shutdownFollowerState(121)) - 54aabb14-4a7d-4ab3-adbe-2e67760b87f4: shutdown FollowerState
2019-10-18 11:25:21,433 [grpc-default-executor-1] INFO  impl.RoleInfo (RoleInfo.java:updateAndGet(143)) - 54aabb14-4a7d-4ab3-adbe-2e67760b87f4: start FollowerState
2019-10-18 11:25:21,434 [Thread-3035] INFO  impl.FollowerState (FollowerState.java:run(117)) - 54aabb14-4a7d-4ab3-adbe-2e67760b87f4@group-7E32184879DE-FollowerState was interrupted: java.lang.InterruptedException: sleep interrupted
2019-10-18 11:25:21,434 [grpc-default-executor-0] INFO  impl.RaftServerImpl (RaftServerImpl.java:setRole(184)) - c652e2ee-3322-4406-8db6-1ea643cb3197@group-7E32184879DE: changes role from  FOLLOWER to FOLLOWER at term 503 for recognizeCandidate:f535bb4a-cba0-4f9b-9e3e-e4a48b3eda51
2019-10-18 11:25:21,434 [grpc-default-executor-0] INFO  impl.RoleInfo (RoleInfo.java:shutdownFollowerState(121)) - c652e2ee-3322-4406-8db6-1ea643cb3197: shutdown FollowerState
2019-10-18 11:25:21,434 [grpc-default-executor-0] INFO  impl.RoleInfo (RoleInfo.java:updateAndGet(143)) - c652e2ee-3322-4406-8db6-1ea643cb3197: start FollowerState
2019-10-18 11:25:21,434 [Thread-3036] INFO  impl.FollowerState (FollowerState.java:run(117)) - c652e2ee-3322-4406-8db6-1ea643cb3197@group-7E32184879DE-FollowerState was interrupted: java.lang.InterruptedException: sleep interrupted
2019-10-18 11:25:21,443 [f535bb4a-cba0-4f9b-9e3e-e4a48b3eda51@group-7E32184879DE-LeaderElection430] INFO  impl.LeaderElection (LeaderElection.java:logAndReturn(56)) - f535bb4a-cba0-4f9b-9e3e-e4a48b3eda51@group-7E32184879DE-LeaderElection430: Election TIMEOUT; received 0 response(s) [] and 0 exception(s); f535bb4a-cba0-4f9b-9e3e-e4a48b3eda51@group-7E32184879DE:t503, leader=null, voted=f535bb4a-cba0-4f9b-9e3e-e4a48b3eda51, raftlog=f535bb4a-cba0-4f9b-9e3e-e4a48b3eda51@group-7E32184879DE-SegmentedRaftLog:OPENED:c-1,f-1,i0, conf=-1: [f535bb4a-cba0-4f9b-9e3e-e4a48b3eda51:0.0.0.0:44706, 54aabb14-4a7d-4ab3-adbe-2e67760b87f4:0.0.0.0:43074, c652e2ee-3322-4406-8db6-1ea643cb3197:0.0.0.0:42129], old=null
2019-10-18 11:25:21,457 [f535bb4a-cba0-4f9b-9e3e-e4a48b3eda51@group-7E32184879DE-LeaderElection430] INFO  impl.LeaderElection (LeaderElection.java:askForVotes(178)) - f535bb4a-cba0-4f9b-9e3e-e4a48b3eda51@group-7E32184879DE-LeaderElection430: begin an election at term 504 for -1: [f535bb4a-cba0-4f9b-9e3e-e4a48b3eda51:0.0.0.0:44706, 54aabb14-4a7d-4ab3-adbe-2e67760b87f4:0.0.0.0:43074, c652e2ee-3322-4406-8db6-1ea643cb3197:0.0.0.0:42129], old=null
2019-10-18 11:25:21,459 [grpc-default-executor-1] INFO  impl.RaftServerImpl (RaftServerImpl.java:setRole(184)) - 54aabb14-4a7d-4ab3-adbe-2e67760b87f4@group-7E32184879DE: changes role from  FOLLOWER to FOLLOWER at term 504 for recognizeCandidate:f535bb4a-cba0-4f9b-9e3e-e4a48b3eda51
2019-10-18 11:25:21,459 [grpc-default-executor-1] INFO  impl.RoleInfo (RoleInfo.java:shutdownFollowerState(121)) - 54aabb14-4a7d-4ab3-adbe-2e67760b87f4: shutdown FollowerState
2019-10-18 11:25:21,459 [grpc-default-executor-0] INFO  impl.RaftServerImpl (RaftServerImpl.java:setRole(184)) - c652e2ee-3322-4406-8db6-1ea643cb3197@group-7E32184879DE: changes role from  FOLLOWER to FOLLOWER at term 504 for recognizeCandidate:f535bb4a-cba0-4f9b-9e3e-e4a48b3eda51
2019-10-18 11:25:21,459 [grpc-default-executor-0] INFO  impl.RoleInfo (RoleInfo.java:shutdownFollowerState(121)) - c652e2ee-3322-4406-8db6-1ea643cb3197: shutdown FollowerState
2019-10-18 11:25:21,459 [Thread-3041] INFO  impl.FollowerState (FollowerState.java:run(117)) - 54aabb14-4a7d-4ab3-adbe-2e67760b87f4@group-7E32184879DE-FollowerState was interrupted: java.lang.InterruptedException: sleep interrupted
2019-10-18 11:25:21,459 [grpc-default-executor-1] INFO  impl.RoleInfo (RoleInfo.java:updateAndGet(143)) - 54aabb14-4a7d-4ab3-adbe-2e67760b87f4: start FollowerState
2019-10-18 11:25:21,459 [Thread-3042] INFO  impl.FollowerState (FollowerState.java:run(117)) - c652e2ee-3322-4406-8db6-1ea643cb3197@group-7E32184879DE-FollowerState was interrupted: java.lang.InterruptedException: sleep interrupted
2019-10-18 11:25:21,459 [grpc-default-executor-0] INFO  impl.RoleInfo (RoleInfo.java:updateAndGet(143)) - c652e2ee-3322-4406-8db6-1ea643cb3197: start FollowerState
2019-10-18 11:25:21,484 [f535bb4a-cba0-4f9b-9e3e-e4a48b3eda51@group-7E32184879DE-LeaderElection430] INFO  impl.LeaderElection (LeaderElection.java:logAndReturn(56)) - f535bb4a-cba0-4f9b-9e3e-e4a48b3eda51@group-7E32184879DE-LeaderElection430: Election REJECTED; received 2 response(s) [f535bb4a-cba0-4f9b-9e3e-e4a48b3eda51<-54aabb14-4a7d-4ab3-adbe-2e67760b87f4#0:FAIL-t504, f535bb4a-cba0-4f9b-9e3e-e4a48b3eda51<-c652e2ee-3322-4406-8db6-1ea643cb3197#0:FAIL-t504] and 0 exception(s); f535bb4a-cba0-4f9b-9e3e-e4a48b3eda51@group-7E32184879DE:t504, leader=null, voted=f535bb4a-cba0-4f9b-9e3e-e4a48b3eda51, raftlog=f535bb4a-cba0-4f9b-9e3e-e4a48b3eda51@group-7E32184879DE-SegmentedRaftLog:OPENED:c-1,f-1,i0, conf=-1: [f535bb4a-cba0-4f9b-9e3e-e4a48b3eda51:0.0.0.0:44706, 54aabb14-4a7d-4ab3-adbe-2e67760b87f4:0.0.0.0:43074, c652e2ee-3322-4406-8db6-1ea643cb3197:0.0.0.0:42129], old=null
2019-10-18 11:25:21,485 [f535bb4a-cba0-4f9b-9e3e-e4a48b3eda51@group-7E32184879DE-LeaderElection430] INFO  impl.RaftServerImpl (RaftServerImpl.java:setRole(184)) - f535bb4a-cba0-4f9b-9e3e-e4a48b3eda51@group-7E32184879DE: changes role from CANDIDATE to FOLLOWER at term 504 for DISCOVERED_A_NEW_TERM
2019-10-18 11:25:21,485 [f535bb4a-cba0-4f9b-9e3e-e4a48b3eda51@group-7E32184879DE-LeaderElection430] INFO  impl.RoleInfo (RoleInfo.java:shutdownLeaderElection(134)) - f535bb4a-cba0-4f9b-9e3e-e4a48b3eda51: shutdown LeaderElection
2019-10-18 11:25:21,485 [f535bb4a-cba0-4f9b-9e3e-e4a48b3eda51@group-7E32184879DE-LeaderElection430] INFO  impl.RoleInfo (RoleInfo.java:updateAndGet(143)) - f535bb4a-cba0-4f9b-9e3e-e4a48b3eda51: start FollowerState
2019-10-18 11:25:21,557 [Thread-3047] INFO  impl.FollowerState (FollowerState.java:run(108)) - f535bb4a-cba0-4f9b-9e3e-e4a48b3eda51@group-7E32184879DE-FollowerState: change to CANDIDATE, lastRpcTime:72ms, electionTimeout:72ms
2019-10-18 11:25:21,557 [Thread-3047] INFO  impl.RoleInfo (RoleInfo.java:shutdownFollowerState(121)) - f535bb4a-cba0-4f9b-9e3e-e4a48b3eda51: shutdown FollowerState
2019-10-18 11:25:21,558 [Thread-3047] INFO  impl.RaftServerImpl (RaftServerImpl.java:setRole(184)) - f535bb4a-cba0-4f9b-9e3e-e4a48b3eda51@group-7E32184879DE: changes role from  FOLLOWER to CANDIDATE at term 504 for changeToCandidate
2019-10-18 11:25:21,558 [Thread-3047] INFO  impl.RoleInfo (RoleInfo.java:updateAndGet(143)) - f535bb4a-cba0-4f9b-9e3e-e4a48b3eda51: start LeaderElection
2019-10-18 11:25:21,583 [f535bb4a-cba0-4f9b-9e3e-e4a48b3eda51@group-7E32184879DE-LeaderElection431] INFO  impl.LeaderElection (LeaderElection.java:askForVotes(178)) - f535bb4a-cba0-4f9b-9e3e-e4a48b3eda51@group-7E32184879DE-LeaderElection431: begin an election at term 505 for -1: [f535bb4a-cba0-4f9b-9e3e-e4a48b3eda51:0.0.0.0:44706, 54aabb14-4a7d-4ab3-adbe-2e67760b87f4:0.0.0.0:43074, c652e2ee-3322-4406-8db6-1ea643cb3197:0.0.0.0:42129], old=null
2019-10-18 11:25:21,585 [grpc-default-executor-1] INFO  impl.RaftServerImpl (RaftServerImpl.java:setRole(184)) - c652e2ee-3322-4406-8db6-1ea643cb3197@group-7E32184879DE: changes role from  FOLLOWER to FOLLOWER at term 505 for recognizeCandidate:f535bb4a-cba0-4f9b-9e3e-e4a48b3eda51
2019-10-18 11:25:21,585 [grpc-default-executor-1] INFO  impl.RoleInfo (RoleInfo.java:shutdownFollowerState(121)) - c652e2ee-3322-4406-8db6-1ea643cb3197: shutdown FollowerState
2019-10-18 11:25:21,585 [grpc-default-executor-0] INFO  impl.RaftServerImpl (RaftServerImpl.java:setRole(184)) - 54aabb14-4a7d-4ab3-adbe-2e67760b87f4@group-7E32184879DE: changes role from  FOLLOWER to FOLLOWER at term 505 for recognizeCandidate:f535bb4a-cba0-4f9b-9e3e-e4a48b3eda51
2019-10-18 11:25:21,585 [grpc-default-executor-0] INFO  impl.RoleInfo (RoleInfo.java:shutdownFollowerState(121)) - 54aabb14-4a7d-4ab3-adbe-2e67760b87f4: shutdown FollowerState
2019-10-18 11:25:21,585 [Thread-3046] INFO  impl.FollowerState (FollowerState.java:run(117)) - c652e2ee-3322-4406-8db6-1ea643cb3197@group-7E32184879DE-FollowerState was interrupted: java.lang.InterruptedException: sleep interrupted
2019-10-18 11:25:21,585 [grpc-default-executor-1] INFO  impl.RoleInfo (RoleInfo.java:updateAndGet(143)) - c652e2ee-3322-4406-8db6-1ea643cb3197: start FollowerState
2019-10-18 11:25:21,586 [Thread-3045] INFO  impl.FollowerState (FollowerState.java:run(117)) - 54aabb14-4a7d-4ab3-adbe-2e67760b87f4@group-7E32184879DE-FollowerState was interrupted: java.lang.InterruptedException: sleep interrupted
2019-10-18 11:25:21,586 [grpc-default-executor-0] INFO  impl.RoleInfo (RoleInfo.java:updateAndGet(143)) - 54aabb14-4a7d-4ab3-adbe-2e67760b87f4: start FollowerState
2019-10-18 11:25:21,587 [f535bb4a-cba0-4f9b-9e3e-e4a48b3eda51@group-7E32184879DE-LeaderElection431] INFO  impl.LeaderElection (LeaderElection.java:logAndReturn(56)) - f535bb4a-cba0-4f9b-9e3e-e4a48b3eda51@group-7E32184879DE-LeaderElection431: Election TIMEOUT; received 0 response(s) [] and 0 exception(s); f535bb4a-cba0-4f9b-9e3e-e4a48b3eda51@group-7E32184879DE:t505, leader=null, voted=f535bb4a-cba0-4f9b-9e3e-e4a48b3eda51, raftlog=f535bb4a-cba0-4f9b-9e3e-e4a48b3eda51@group-7E32184879DE-SegmentedRaftLog:OPENED:c-1,f-1,i0, conf=-1: [f535bb4a-cba0-4f9b-9e3e-e4a48b3eda51:0.0.0.0:44706, 54aabb14-4a7d-4ab3-adbe-2e67760b87f4:0.0.0.0:43074, c652e2ee-3322-4406-8db6-1ea643cb3197:0.0.0.0:42129], old=null
2019-10-18 11:25:21,608 [f535bb4a-cba0-4f9b-9e3e-e4a48b3eda51@group-7E32184879DE-LeaderElection431] INFO  impl.LeaderElection (LeaderElection.java:askForVotes(178)) - f535bb4a-cba0-4f9b-9e3e-e4a48b3eda51@group-7E32184879DE-LeaderElection431: begin an election at term 506 for -1: [f535bb4a-cba0-4f9b-9e3e-e4a48b3eda51:0.0.0.0:44706, 54aabb14-4a7d-4ab3-adbe-2e67760b87f4:0.0.0.0:43074, c652e2ee-3322-4406-8db6-1ea643cb3197:0.0.0.0:42129], old=null
2019-10-18 11:25:21,610 [grpc-default-executor-0] INFO  impl.RaftServerImpl (RaftServerImpl.java:setRole(184)) - 54aabb14-4a7d-4ab3-adbe-2e67760b87f4@group-7E32184879DE: changes role from  FOLLOWER to FOLLOWER at term 506 for recognizeCandidate:f535bb4a-cba0-4f9b-9e3e-e4a48b3eda51
2019-10-18 11:25:21,610 [grpc-default-executor-0] INFO  impl.RoleInfo (RoleInfo.java:shutdownFollowerState(121)) - 54aabb14-4a7d-4ab3-adbe-2e67760b87f4: shutdown FollowerState
2019-10-18 11:25:21,610 [grpc-default-executor-0] INFO  impl.RoleInfo (RoleInfo.java:updateAndGet(143)) - 54aabb14-4a7d-4ab3-adbe-2e67760b87f4: start FollowerState
2019-10-18 11:25:21,610 [grpc-default-executor-1] INFO  impl.RaftServerImpl (RaftServerImpl.java:setRole(184)) - c652e2ee-3322-4406-8db6-1ea643cb3197@group-7E32184879DE: changes role from  FOLLOWER to FOLLOWER at term 506 for recognizeCandidate:f535bb4a-cba0-4f9b-9e3e-e4a48b3eda51
2019-10-18 11:25:21,611 [grpc-default-executor-1] INFO  impl.RoleInfo (RoleInfo.java:shutdownFollowerState(121)) - c652e2ee-3322-4406-8db6-1ea643cb3197: shutdown FollowerState
2019-10-18 11:25:21,610 [Thread-3054] INFO  impl.FollowerState (FollowerState.java:run(117)) - 54aabb14-4a7d-4ab3-adbe-2e67760b87f4@group-7E32184879DE-FollowerState was interrupted: java.lang.InterruptedException: sleep interrupted
2019-10-18 11:25:21,611 [grpc-default-executor-1] INFO  impl.RoleInfo (RoleInfo.java:updateAndGet(143)) - c652e2ee-3322-4406-8db6-1ea643cb3197: start FollowerState
2019-10-18 11:25:21,611 [Thread-3053] INFO  impl.FollowerState (FollowerState.java:run(117)) - c652e2ee-3322-4406-8db6-1ea643cb3197@group-7E32184879DE-FollowerState was interrupted: java.lang.InterruptedException: sleep interrupted
2019-10-18 11:25:21,635 [f535bb4a-cba0-4f9b-9e3e-e4a48b3eda51@group-7E32184879DE-LeaderElection431] INFO  impl.LeaderElection (LeaderElection.java:logAndReturn(56)) - f535bb4a-cba0-4f9b-9e3e-e4a48b3eda51@group-7E32184879DE-LeaderElection431: Election REJECTED; received 2 response(s) [f535bb4a-cba0-4f9b-9e3e-e4a48b3eda51<-54aabb14-4a7d-4ab3-adbe-2e67760b87f4#0:FAIL-t506, f535bb4a-cba0-4f9b-9e3e-e4a48b3eda51<-c652e2ee-3322-4406-8db6-1ea643cb3197#0:FAIL-t506] and 0 exception(s); f535bb4a-cba0-4f9b-9e3e-e4a48b3eda51@group-7E32184879DE:t506, leader=null, voted=f535bb4a-cba0-4f9b-9e3e-e4a48b3eda51, raftlog=f535bb4a-cba0-4f9b-9e3e-e4a48b3eda51@group-7E32184879DE-SegmentedRaftLog:OPENED:c-1,f-1,i0, conf=-1: [f535bb4a-cba0-4f9b-9e3e-e4a48b3eda51:0.0.0.0:44706, 54aabb14-4a7d-4ab3-adbe-2e67760b87f4:0.0.0.0:43074, c652e2ee-3322-4406-8db6-1ea643cb3197:0.0.0.0:42129], old=null
2019-10-18 11:25:21,635 [f535bb4a-cba0-4f9b-9e3e-e4a48b3eda51@group-7E32184879DE-LeaderElection431] INFO  impl.RaftServerImpl (RaftServerImpl.java:setRole(184)) - f535bb4a-cba0-4f9b-9e3e-e4a48b3eda51@group-7E32184879DE: changes role from CANDIDATE to FOLLOWER at term 506 for DISCOVERED_A_NEW_TERM
2019-10-18 11:25:21,635 [f535bb4a-cba0-4f9b-9e3e-e4a48b3eda51@group-7E32184879DE-LeaderElection431] INFO  impl.RoleInfo (RoleInfo.java:shutdownLeaderElection(134)) - f535bb4a-cba0-4f9b-9e3e-e4a48b3eda51: shutdown LeaderElection
2019-10-18 11:25:21,635 [f535bb4a-cba0-4f9b-9e3e-e4a48b3eda51@group-7E32184879DE-LeaderElection431] INFO  impl.RoleInfo (RoleInfo.java:updateAndGet(143)) - f535bb4a-cba0-4f9b-9e3e-e4a48b3eda51: start FollowerState
2019-10-18 11:25:21,688 [Thread-3059] INFO  impl.FollowerState (FollowerState.java:run(108)) - f535bb4a-cba0-4f9b-9e3e-e4a48b3eda51@group-7E32184879DE-FollowerState: change to CANDIDATE, lastRpcTime:53ms, electionTimeout:53ms
2019-10-18 11:25:21,688 [Thread-3059] INFO  impl.RoleInfo (RoleInfo.java:shutdownFollowerState(121)) - f535bb4a-cba0-4f9b-9e3e-e4a48b3eda51: shutdown FollowerState
2019-10-18 11:25:21,689 [Thread-3059] INFO  impl.RaftServerImpl (RaftServerImpl.java:setRole(184)) - f535bb4a-cba0-4f9b-9e3e-e4a48b3eda51@group-7E32184879DE: changes role from  FOLLOWER to CANDIDATE at term 506 for changeToCandidate
2019-10-18 11:25:21,689 [Thread-3059] INFO  impl.RoleInfo (RoleInfo.java:updateAndGet(143)) - f535bb4a-cba0-4f9b-9e3e-e4a48b3eda51: start LeaderElection
2019-10-18 11:25:21,718 [f535bb4a-cba0-4f9b-9e3e-e4a48b3eda51@group-7E32184879DE-LeaderElection432] INFO  impl.LeaderElection (LeaderElection.java:askForVotes(178)) - f535bb4a-cba0-4f9b-9e3e-e4a48b3eda51@group-7E32184879DE-LeaderElection432: begin an election at term 507 for -1: [f535bb4a-cba0-4f9b-9e3e-e4a48b3eda51:0.0.0.0:44706, 54aabb14-4a7d-4ab3-adbe-2e67760b87f4:0.0.0.0:43074, c652e2ee-3322-4406-8db6-1ea643cb3197:0.0.0.0:42129], old=null
2019-10-18 11:25:21,719 [grpc-default-executor-1] INFO  impl.RaftServerImpl (RaftServerImpl.java:setRole(184)) - 54aabb14-4a7d-4ab3-adbe-2e67760b87f4@group-7E32184879DE: changes role from  FOLLOWER to FOLLOWER at term 507 for recognizeCandidate:f535bb4a-cba0-4f9b-9e3e-e4a48b3eda51
2019-10-18 11:25:21,719 [grpc-default-executor-1] INFO  impl.RoleInfo (RoleInfo.java:shutdownFollowerState(121)) - 54aabb14-4a7d-4ab3-adbe-2e67760b87f4: shutdown FollowerState
2019-10-18 11:25:21,719 [grpc-default-executor-1] INFO  impl.RoleInfo (RoleInfo.java:updateAndGet(143)) - 54aabb14-4a7d-4ab3-adbe-2e67760b87f4: start FollowerState
2019-10-18 11:25:21,719 [Thread-3057] INFO  impl.FollowerState (FollowerState.java:run(117)) - 54aabb14-4a7d-4ab3-adbe-2e67760b87f4@group-7E32184879DE-FollowerState was interrupted: java.lang.InterruptedException: sleep interrupted
2019-10-18 11:25:21,719 [grpc-default-executor-0] INFO  impl.RaftServerImpl (RaftServerImpl.java:setRole(184)) - c652e2ee-3322-4406-8db6-1ea643cb3197@group-7E32184879DE: changes role from  FOLLOWER to FOLLOWER at term 507 for recognizeCandidate:f535bb4a-cba0-4f9b-9e3e-e4a48b3eda51
2019-10-18 11:25:21,719 [grpc-default-executor-0] INFO  impl.RoleInfo (RoleInfo.java:shutdownFollowerState(121)) - c652e2ee-3322-4406-8db6-1ea643cb3197: shutdown FollowerState
2019-10-18 11:25:21,720 [grpc-default-executor-0] INFO  impl.RoleInfo (RoleInfo.java:updateAndGet(143)) - c652e2ee-3322-4406-8db6-1ea643cb3197: start FollowerState
2019-10-18 11:25:21,720 [Thread-3058] INFO  impl.FollowerState (FollowerState.java:run(117)) - c652e2ee-3322-4406-8db6-1ea643cb3197@group-7E32184879DE-FollowerState was interrupted: java.lang.InterruptedException: sleep interrupted
2019-10-18 11:25:21,735 [f535bb4a-cba0-4f9b-9e3e-e4a48b3eda51@group-7E32184879DE-LeaderElection432] INFO  impl.LeaderElection (LeaderElection.java:logAndReturn(56)) - f535bb4a-cba0-4f9b-9e3e-e4a48b3eda51@group-7E32184879DE-LeaderElection432: Election TIMEOUT; received 0 response(s) [] and 0 exception(s); f535bb4a-cba0-4f9b-9e3e-e4a48b3eda51@group-7E32184879DE:t507, leader=null, voted=f535bb4a-cba0-4f9b-9e3e-e4a48b3eda51, raftlog=f535bb4a-cba0-4f9b-9e3e-e4a48b3eda51@group-7E32184879DE-SegmentedRaftLog:OPENED:c-1,f-1,i0, conf=-1: [f535bb4a-cba0-4f9b-9e3e-e4a48b3eda51:0.0.0.0:44706, 54aabb14-4a7d-4ab3-adbe-2e67760b87f4:0.0.0.0:43074, c652e2ee-3322-4406-8db6-1ea643cb3197:0.0.0.0:42129], old=null
2019-10-18 11:25:21,761 [f535bb4a-cba0-4f9b-9e3e-e4a48b3eda51@group-7E32184879DE-LeaderElection432] INFO  impl.LeaderElection (LeaderElection.java:askForVotes(178)) - f535bb4a-cba0-4f9b-9e3e-e4a48b3eda51@group-7E32184879DE-LeaderElection432: begin an election at term 508 for -1: [f535bb4a-cba0-4f9b-9e3e-e4a48b3eda51:0.0.0.0:44706, 54aabb14-4a7d-4ab3-adbe-2e67760b87f4:0.0.0.0:43074, c652e2ee-3322-4406-8db6-1ea643cb3197:0.0.0.0:42129], old=null
2019-10-18 11:25:21,763 [grpc-default-executor-0] INFO  impl.RaftServerImpl (RaftServerImpl.java:setRole(184)) - 54aabb14-4a7d-4ab3-adbe-2e67760b87f4@group-7E32184879DE: changes role from  FOLLOWER to FOLLOWER at term 508 for recognizeCandidate:f535bb4a-cba0-4f9b-9e3e-e4a48b3eda51
2019-10-18 11:25:21,763 [grpc-default-executor-0] INFO  impl.RoleInfo (RoleInfo.java:shutdownFollowerState(121)) - 54aabb14-4a7d-4ab3-adbe-2e67760b87f4: shutdown FollowerState
2019-10-18 11:25:21,763 [grpc-default-executor-1] INFO  impl.RaftServerImpl (RaftServerImpl.java:setRole(184)) - c652e2ee-3322-4406-8db6-1ea643cb3197@group-7E32184879DE: changes role from  FOLLOWER to FOLLOWER at term 508 for recognizeCandidate:f535bb4a-cba0-4f9b-9e3e-e4a48b3eda51
2019-10-18 11:25:21,763 [Thread-3063] INFO  impl.FollowerState (FollowerState.java:run(117)) - 54aabb14-4a7d-4ab3-adbe-2e67760b87f4@group-7E32184879DE-FollowerState was interrupted: java.lang.InterruptedException: sleep interrupted
2019-10-18 11:25:21,763 [grpc-default-executor-0] INFO  impl.RoleInfo (RoleInfo.java:updateAndGet(143)) - 54aabb14-4a7d-4ab3-adbe-2e67760b87f4: start FollowerState
2019-10-18 11:25:21,763 [grpc-default-executor-1] INFO  impl.RoleInfo (RoleInfo.java:shutdownFollowerState(121)) - c652e2ee-3322-4406-8db6-1ea643cb3197: shutdown FollowerState
2019-10-18 11:25:21,763 [grpc-default-executor-1] INFO  impl.RoleInfo (RoleInfo.java:updateAndGet(143)) - c652e2ee-3322-4406-8db6-1ea643cb3197: start FollowerState
2019-10-18 11:25:21,763 [Thread-3064] INFO  impl.FollowerState (FollowerState.java:run(117)) - c652e2ee-3322-4406-8db6-1ea643cb3197@group-7E32184879DE-FollowerState was interrupted: java.lang.InterruptedException: sleep interrupted
2019-10-18 11:25:21,787 [f535bb4a-cba0-4f9b-9e3e-e4a48b3eda51@group-7E32184879DE-LeaderElection432] INFO  impl.LeaderElection (LeaderElection.java:logAndReturn(56)) - f535bb4a-cba0-4f9b-9e3e-e4a48b3eda51@group-7E32184879DE-LeaderElection432: Election REJECTED; received 2 response(s) [f535bb4a-cba0-4f9b-9e3e-e4a48b3eda51<-54aabb14-4a7d-4ab3-adbe-2e67760b87f4#0:FAIL-t508, f535bb4a-cba0-4f9b-9e3e-e4a48b3eda51<-c652e2ee-3322-4406-8db6-1ea643cb3197#0:FAIL-t508] and 0 exception(s); f535bb4a-cba0-4f9b-9e3e-e4a48b3eda51@group-7E32184879DE:t508, leader=null, voted=f535bb4a-cba0-4f9b-9e3e-e4a48b3eda51, raftlog=f535bb4a-cba0-4f9b-9e3e-e4a48b3eda51@group-7E32184879DE-SegmentedRaftLog:OPENED:c-1,f-1,i0, conf=-1: [f535bb4a-cba0-4f9b-9e3e-e4a48b3eda51:0.0.0.0:44706, 54aabb14-4a7d-4ab3-adbe-2e67760b87f4:0.0.0.0:43074, c652e2ee-3322-4406-8db6-1ea643cb3197:0.0.0.0:42129], old=null
2019-10-18 11:25:21,787 [f535bb4a-cba0-4f9b-9e3e-e4a48b3eda51@group-7E32184879DE-LeaderElection432] INFO  impl.RaftServerImpl (RaftServerImpl.java:setRole(184)) - f535bb4a-cba0-4f9b-9e3e-e4a48b3eda51@group-7E32184879DE: changes role from CANDIDATE to FOLLOWER at term 508 for DISCOVERED_A_NEW_TERM
2019-10-18 11:25:21,787 [f535bb4a-cba0-4f9b-9e3e-e4a48b3eda51@group-7E32184879DE-LeaderElection432] INFO  impl.RoleInfo (RoleInfo.java:shutdownLeaderElection(134)) - f535bb4a-cba0-4f9b-9e3e-e4a48b3eda51: shutdown LeaderElection
2019-10-18 11:25:21,787 [f535bb4a-cba0-4f9b-9e3e-e4a48b3eda51@group-7E32184879DE-LeaderElection432] INFO  impl.RoleInfo (RoleInfo.java:updateAndGet(143)) - f535bb4a-cba0-4f9b-9e3e-e4a48b3eda51: start FollowerState
2019-10-18 11:25:21,950 [Thread-3069] INFO  impl.FollowerState (FollowerState.java:run(108)) - f535bb4a-cba0-4f9b-9e3e-e4a48b3eda51@group-7E32184879DE-FollowerState: change to CANDIDATE, lastRpcTime:162ms, electionTimeout:162ms
2019-10-18 11:25:21,950 [Thread-3069] INFO  impl.RoleInfo (RoleInfo.java:shutdownFollowerState(121)) - f535bb4a-cba0-4f9b-9e3e-e4a48b3eda51: shutdown FollowerState
2019-10-18 11:25:21,950 [Thread-3069] INFO  impl.RaftServerImpl (RaftServerImpl.java:setRole(184)) - f535bb4a-cba0-4f9b-9e3e-e4a48b3eda51@group-7E32184879DE: changes role from  FOLLOWER to CANDIDATE at term 508 for changeToCandidate
2019-10-18 11:25:21,950 [Thread-3069] INFO  impl.RoleInfo (RoleInfo.java:updateAndGet(143)) - f535bb4a-cba0-4f9b-9e3e-e4a48b3eda51: start LeaderElection
2019-10-18 11:25:21,979 [f535bb4a-cba0-4f9b-9e3e-e4a48b3eda51@group-7E32184879DE-LeaderElection433] INFO  impl.LeaderElection (LeaderElection.java:askForVotes(178)) - f535bb4a-cba0-4f9b-9e3e-e4a48b3eda51@group-7E32184879DE-LeaderElection433: begin an election at term 509 for -1: [f535bb4a-cba0-4f9b-9e3e-e4a48b3eda51:0.0.0.0:44706, 54aabb14-4a7d-4ab3-adbe-2e67760b87f4:0.0.0.0:43074, c652e2ee-3322-4406-8db6-1ea643cb3197:0.0.0.0:42129], old=null
2019-10-18 11:25:21,980 [grpc-default-executor-1] INFO  impl.RaftServerImpl (RaftServerImpl.java:setRole(184)) - c652e2ee-3322-4406-8db6-1ea643cb3197@group-7E32184879DE: changes role from  FOLLOWER to FOLLOWER at term 509 for recognizeCandidate:f535bb4a-cba0-4f9b-9e3e-e4a48b3eda51
2019-10-18 11:25:21,980 [grpc-default-executor-0] INFO  impl.RaftServerImpl (RaftServerImpl.java:setRole(184)) - 54aabb14-4a7d-4ab3-adbe-2e67760b87f4@group-7E32184879DE: changes role from  FOLLOWER to FOLLOWER at term 509 for recognizeCandidate:f535bb4a-cba0-4f9b-9e3e-e4a48b3eda51
2019-10-18 11:25:21,980 [grpc-default-executor-1] INFO  impl.RoleInfo (RoleInfo.java:shutdownFollowerState(121)) - c652e2ee-3322-4406-8db6-1ea643cb3197: shutdown FollowerState
2019-10-18 11:25:21,981 [grpc-default-executor-0] INFO  impl.RoleInfo (RoleInfo.java:shutdownFollowerState(121)) - 54aabb14-4a7d-4ab3-adbe-2e67760b87f4: shutdown FollowerState
2019-10-18 11:25:21,981 [Thread-3068] INFO  impl.FollowerState (FollowerState.java:run(117)) - c652e2ee-3322-4406-8db6-1ea643cb3197@group-7E32184879DE-FollowerState was interrupted: java.lang.InterruptedException: sleep interrupted
2019-10-18 11:25:21,981 [grpc-default-executor-1] INFO  impl.RoleInfo (RoleInfo.java:updateAndGet(143)) - c652e2ee-3322-4406-8db6-1ea643cb3197: start FollowerState
2019-10-18 11:25:21,981 [Thread-3067] INFO  impl.FollowerState (FollowerState.java:run(117)) - 54aabb14-4a7d-4ab3-adbe-2e67760b87f4@group-7E32184879DE-FollowerState was interrupted: java.lang.InterruptedException: sleep interrupted
2019-10-18 11:25:21,981 [grpc-default-executor-0] INFO  impl.RoleInfo (RoleInfo.java:updateAndGet(143)) - 54aabb14-4a7d-4ab3-adbe-2e67760b87f4: start FollowerState
2019-10-18 11:25:22,005 [f535bb4a-cba0-4f9b-9e3e-e4a48b3eda51@group-7E32184879DE-LeaderElection433] INFO  impl.LeaderElection (LeaderElection.java:logAndReturn(56)) - f535bb4a-cba0-4f9b-9e3e-e4a48b3eda51@group-7E32184879DE-LeaderElection433: Election REJECTED; received 2 response(s) [f535bb4a-cba0-4f9b-9e3e-e4a48b3eda51<-54aabb14-4a7d-4ab3-adbe-2e67760b87f4#0:FAIL-t509, f535bb4a-cba0-4f9b-9e3e-e4a48b3eda51<-c652e2ee-3322-4406-8db6-1ea643cb3197#0:FAIL-t509] and 0 exception(s); f535bb4a-cba0-4f9b-9e3e-e4a48b3eda51@group-7E32184879DE:t509, leader=null, voted=f535bb4a-cba0-4f9b-9e3e-e4a48b3eda51, raftlog=f535bb4a-cba0-4f9b-9e3e-e4a48b3eda51@group-7E32184879DE-SegmentedRaftLog:OPENED:c-1,f-1,i0, conf=-1: [f535bb4a-cba0-4f9b-9e3e-e4a48b3eda51:0.0.0.0:44706, 54aabb14-4a7d-4ab3-adbe-2e67760b87f4:0.0.0.0:43074, c652e2ee-3322-4406-8db6-1ea643cb3197:0.0.0.0:42129], old=null
2019-10-18 11:25:22,005 [f535bb4a-cba0-4f9b-9e3e-e4a48b3eda51@group-7E32184879DE-LeaderElection433] INFO  impl.RaftServerImpl (RaftServerImpl.java:setRole(184)) - f535bb4a-cba0-4f9b-9e3e-e4a48b3eda51@group-7E32184879DE: changes role from CANDIDATE to FOLLOWER at term 509 for DISCOVERED_A_NEW_TERM
2019-10-18 11:25:22,005 [f535bb4a-cba0-4f9b-9e3e-e4a48b3eda51@group-7E32184879DE-LeaderElection433] INFO  impl.RoleInfo (RoleInfo.java:shutdownLeaderElection(134)) - f535bb4a-cba0-4f9b-9e3e-e4a48b3eda51: shutdown LeaderElection
2019-10-18 11:25:22,005 [f535bb4a-cba0-4f9b-9e3e-e4a48b3eda51@group-7E32184879DE-LeaderElection433] INFO  impl.RoleInfo (RoleInfo.java:updateAndGet(143)) - f535bb4a-cba0-4f9b-9e3e-e4a48b3eda51: start FollowerState
2019-10-18 11:25:22,157 [Thread-3075] INFO  impl.FollowerState (FollowerState.java:run(108)) - f535bb4a-cba0-4f9b-9e3e-e4a48b3eda51@group-7E32184879DE-FollowerState: change to CANDIDATE, lastRpcTime:151ms, electionTimeout:151ms
2019-10-18 11:25:22,157 [Thread-3075] INFO  impl.RoleInfo (RoleInfo.java:shutdownFollowerState(121)) - f535bb4a-cba0-4f9b-9e3e-e4a48b3eda51: shutdown FollowerState
2019-10-18 11:25:22,157 [Thread-3075] INFO  impl.RaftServerImpl (RaftServerImpl.java:setRole(184)) - f535bb4a-cba0-4f9b-9e3e-e4a48b3eda51@group-7E32184879DE: changes role from  FOLLOWER to CANDIDATE at term 509 for changeToCandidate
2019-10-18 11:25:22,157 [Thread-3075] INFO  impl.RoleInfo (RoleInfo.java:updateAndGet(143)) - f535bb4a-cba0-4f9b-9e3e-e4a48b3eda51: start LeaderElection
2019-10-18 11:25:22,179 [f535bb4a-cba0-4f9b-9e3e-e4a48b3eda51@group-7E32184879DE-LeaderElection434] INFO  impl.LeaderElection (LeaderElection.java:askForVotes(178)) - f535bb4a-cba0-4f9b-9e3e-e4a48b3eda51@group-7E32184879DE-LeaderElection434: begin an election at term 510 for -1: [f535bb4a-cba0-4f9b-9e3e-e4a48b3eda51:0.0.0.0:44706, 54aabb14-4a7d-4ab3-adbe-2e67760b87f4:0.0.0.0:43074, c652e2ee-3322-4406-8db6-1ea643cb3197:0.0.0.0:42129], old=null
2019-10-18 11:25:22,181 [grpc-default-executor-0] INFO  impl.RaftServerImpl (RaftServerImpl.java:setRole(184)) - c652e2ee-3322-4406-8db6-1ea643cb3197@group-7E32184879DE: changes role from  FOLLOWER to FOLLOWER at term 510 for recognizeCandidate:f535bb4a-cba0-4f9b-9e3e-e4a48b3eda51
2019-10-18 11:25:22,181 [grpc-default-executor-1] INFO  impl.RaftServerImpl (RaftServerImpl.java:setRole(184)) - 54aabb14-4a7d-4ab3-adbe-2e67760b87f4@group-7E32184879DE: changes role from  FOLLOWER to FOLLOWER at term 510 for recognizeCandidate:f535bb4a-cba0-4f9b-9e3e-e4a48b3eda51
2019-10-18 11:25:22,181 [grpc-default-executor-0] INFO  impl.RoleInfo (RoleInfo.java:shutdownFollowerState(121)) - c652e2ee-3322-4406-8db6-1ea643cb3197: shutdown FollowerState
2019-10-18 11:25:22,182 [grpc-default-executor-1] INFO  impl.RoleInfo (RoleInfo.java:shutdownFollowerState(121)) - 54aabb14-4a7d-4ab3-adbe-2e67760b87f4: shutdown FollowerState
2019-10-18 11:25:22,182 [Thread-3073] INFO  impl.FollowerState (FollowerState.java:run(117)) - c652e2ee-3322-4406-8db6-1ea643cb3197@group-7E32184879DE-FollowerState was interrupted: java.lang.InterruptedException: sleep interrupted
2019-10-18 11:25:22,182 [grpc-default-executor-0] INFO  impl.RoleInfo (RoleInfo.java:updateAndGet(143)) - c652e2ee-3322-4406-8db6-1ea643cb3197: start FollowerState
2019-10-18 11:25:22,182 [Thread-3074] INFO  impl.FollowerState (FollowerState.java:run(117)) - 54aabb14-4a7d-4ab3-adbe-2e67760b87f4@group-7E32184879DE-FollowerState was interrupted: java.lang.InterruptedException: sleep interrupted
2019-10-18 11:25:22,182 [grpc-default-executor-1] INFO  impl.RoleInfo (RoleInfo.java:updateAndGet(143)) - 54aabb14-4a7d-4ab3-adbe-2e67760b87f4: start FollowerState
2019-10-18 11:25:22,205 [f535bb4a-cba0-4f9b-9e3e-e4a48b3eda51@group-7E32184879DE-LeaderElection434] INFO  impl.LeaderElection (LeaderElection.java:logAndReturn(56)) - f535bb4a-cba0-4f9b-9e3e-e4a48b3eda51@group-7E32184879DE-LeaderElection434: Election REJECTED; received 2 response(s) [f535bb4a-cba0-4f9b-9e3e-e4a48b3eda51<-54aabb14-4a7d-4ab3-adbe-2e67760b87f4#0:FAIL-t510, f535bb4a-cba0-4f9b-9e3e-e4a48b3eda51<-c652e2ee-3322-4406-8db6-1ea643cb3197#0:FAIL-t510] and 0 exception(s); f535bb4a-cba0-4f9b-9e3e-e4a48b3eda51@group-7E32184879DE:t510, leader=null, voted=f535bb4a-cba0-4f9b-9e3e-e4a48b3eda51, raftlog=f535bb4a-cba0-4f9b-9e3e-e4a48b3eda51@group-7E32184879DE-SegmentedRaftLog:OPENED:c-1,f-1,i0, conf=-1: [f535bb4a-cba0-4f9b-9e3e-e4a48b3eda51:0.0.0.0:44706, 54aabb14-4a7d-4ab3-adbe-2e67760b87f4:0.0.0.0:43074, c652e2ee-3322-4406-8db6-1ea643cb3197:0.0.0.0:42129], old=null
2019-10-18 11:25:22,206 [f535bb4a-cba0-4f9b-9e3e-e4a48b3eda51@group-7E32184879DE-LeaderElection434] INFO  impl.RaftServerImpl (RaftServerImpl.java:setRole(184)) - f535bb4a-cba0-4f9b-9e3e-e4a48b3eda51@group-7E32184879DE: changes role from CANDIDATE to FOLLOWER at term 510 for DISCOVERED_A_NEW_TERM
2019-10-18 11:25:22,206 [f535bb4a-cba0-4f9b-9e3e-e4a48b3eda51@group-7E32184879DE-LeaderElection434] INFO  impl.RoleInfo (RoleInfo.java:shutdownLeaderElection(134)) - f535bb4a-cba0-4f9b-9e3e-e4a48b3eda51: shutdown LeaderElection
2019-10-18 11:25:22,206 [f535bb4a-cba0-4f9b-9e3e-e4a48b3eda51@group-7E32184879DE-LeaderElection434] INFO  impl.RoleInfo (RoleInfo.java:updateAndGet(143)) - f535bb4a-cba0-4f9b-9e3e-e4a48b3eda51: start FollowerState
2019-10-18 11:25:22,387 [Thread-3081] INFO  impl.FollowerState (FollowerState.java:run(108)) - f535bb4a-cba0-4f9b-9e3e-e4a48b3eda51@group-7E32184879DE-FollowerState: change to CANDIDATE, lastRpcTime:180ms, electionTimeout:180ms
2019-10-18 11:25:22,387 [Thread-3081] INFO  impl.RoleInfo (RoleInfo.java:shutdownFollowerState(121)) - f535bb4a-cba0-4f9b-9e3e-e4a48b3eda51: shutdown FollowerState
2019-10-18 11:25:22,388 [Thread-3081] INFO  impl.RaftServerImpl (RaftServerImpl.java:setRole(184)) - f535bb4a-cba0-4f9b-9e3e-e4a48b3eda51@group-7E32184879DE: changes role from  FOLLOWER to CANDIDATE at term 510 for changeToCandidate
2019-10-18 11:25:22,388 [Thread-3081] INFO  impl.RoleInfo (RoleInfo.java:updateAndGet(143)) - f535bb4a-cba0-4f9b-9e3e-e4a48b3eda51: start LeaderElection
2019-10-18 11:25:22,414 [f535bb4a-cba0-4f9b-9e3e-e4a48b3eda51@group-7E32184879DE-LeaderElection435] INFO  impl.LeaderElection (LeaderElection.java:askForVotes(178)) - f535bb4a-cba0-4f9b-9e3e-e4a48b3eda51@group-7E32184879DE-LeaderElection435: begin an election at term 511 for -1: [f535bb4a-cba0-4f9b-9e3e-e4a48b3eda51:0.0.0.0:44706, 54aabb14-4a7d-4ab3-adbe-2e67760b87f4:0.0.0.0:43074, c652e2ee-3322-4406-8db6-1ea643cb3197:0.0.0.0:42129], old=null
2019-10-18 11:25:22,418 [grpc-default-executor-1] INFO  impl.RaftServerImpl (RaftServerImpl.java:setRole(184)) - c652e2ee-3322-4406-8db6-1ea643cb3197@group-7E32184879DE: changes role from  FOLLOWER to FOLLOWER at term 511 for recognizeCandidate:f535bb4a-cba0-4f9b-9e3e-e4a48b3eda51
2019-10-18 11:25:22,418 [grpc-default-executor-0] INFO  impl.RaftServerImpl (RaftServerImpl.java:setRole(184)) - 54aabb14-4a7d-4ab3-adbe-2e67760b87f4@group-7E32184879DE: changes role from  FOLLOWER to FOLLOWER at term 511 for recognizeCandidate:f535bb4a-cba0-4f9b-9e3e-e4a48b3eda51
2019-10-18 11:25:22,419 [grpc-default-executor-0] INFO  impl.RoleInfo (RoleInfo.java:shutdownFollowerState(121)) - 54aabb14-4a7d-4ab3-adbe-2e67760b87f4: shutdown FollowerState
2019-10-18 11:25:22,419 [grpc-default-executor-1] INFO  impl.RoleInfo (RoleInfo.java:shutdownFollowerState(121)) - c652e2ee-3322-4406-8db6-1ea643cb3197: shutdown FollowerState
2019-10-18 11:25:22,419 [Thread-3080] INFO  impl.FollowerState (FollowerState.java:run(117)) - 54aabb14-4a7d-4ab3-adbe-2e67760b87f4@group-7E32184879DE-FollowerState was interrupted: java.lang.InterruptedException: sleep interrupted
2019-10-18 11:25:22,419 [grpc-default-executor-0] INFO  impl.RoleInfo (RoleInfo.java:updateAndGet(143)) - 54aabb14-4a7d-4ab3-adbe-2e67760b87f4: start FollowerState
2019-10-18 11:25:22,419 [Thread-3079] INFO  impl.FollowerState (FollowerState.java:run(117)) - c652e2ee-3322-4406-8db6-1ea643cb3197@group-7E32184879DE-FollowerState was interrupted: java.lang.InterruptedException: sleep interrupted
2019-10-18 11:25:22,419 [grpc-default-executor-1] INFO  impl.RoleInfo (RoleInfo.java:updateAndGet(143)) - c652e2ee-3322-4406-8db6-1ea643cb3197: start FollowerState
2019-10-18 11:25:22,448 [f535bb4a-cba0-4f9b-9e3e-e4a48b3eda51@group-7E32184879DE-LeaderElection435] INFO  impl.LeaderElection (LeaderElection.java:logAndReturn(56)) - f535bb4a-cba0-4f9b-9e3e-e4a48b3eda51@group-7E32184879DE-LeaderElection435: Election REJECTED; received 2 response(s) [f535bb4a-cba0-4f9b-9e3e-e4a48b3eda51<-54aabb14-4a7d-4ab3-adbe-2e67760b87f4#0:FAIL-t511, f535bb4a-cba0-4f9b-9e3e-e4a48b3eda51<-c652e2ee-3322-4406-8db6-1ea643cb3197#0:FAIL-t511] and 0 exception(s); f535bb4a-cba0-4f9b-9e3e-e4a48b3eda51@group-7E32184879DE:t511, leader=null, voted=f535bb4a-cba0-4f9b-9e3e-e4a48b3eda51, raftlog=f535bb4a-cba0-4f9b-9e3e-e4a48b3eda51@group-7E32184879DE-SegmentedRaftLog:OPENED:c-1,f-1,i0, conf=-1: [f535bb4a-cba0-4f9b-9e3e-e4a48b3eda51:0.0.0.0:44706, 54aabb14-4a7d-4ab3-adbe-2e67760b87f4:0.0.0.0:43074, c652e2ee-3322-4406-8db6-1ea643cb3197:0.0.0.0:42129], old=null
2019-10-18 11:25:22,449 [f535bb4a-cba0-4f9b-9e3e-e4a48b3eda51@group-7E32184879DE-LeaderElection435] INFO  impl.RaftServerImpl (RaftServerImpl.java:setRole(184)) - f535bb4a-cba0-4f9b-9e3e-e4a48b3eda51@group-7E32184879DE: changes role from CANDIDATE to FOLLOWER at term 511 for DISCOVERED_A_NEW_TERM
2019-10-18 11:25:22,449 [f535bb4a-cba0-4f9b-9e3e-e4a48b3eda51@group-7E32184879DE-LeaderElection435] INFO  impl.RoleInfo (RoleInfo.java:shutdownLeaderElection(134)) - f535bb4a-cba0-4f9b-9e3e-e4a48b3eda51: shutdown LeaderElection
2019-10-18 11:25:22,449 [f535bb4a-cba0-4f9b-9e3e-e4a48b3eda51@group-7E32184879DE-LeaderElection435] INFO  impl.RoleInfo (RoleInfo.java:updateAndGet(143)) - f535bb4a-cba0-4f9b-9e3e-e4a48b3eda51: start FollowerState
2019-10-18 11:25:22,523 [Thread-3087] INFO  impl.FollowerState (FollowerState.java:run(108)) - f535bb4a-cba0-4f9b-9e3e-e4a48b3eda51@group-7E32184879DE-FollowerState: change to CANDIDATE, lastRpcTime:74ms, electionTimeout:74ms
2019-10-18 11:25:22,524 [Thread-3087] INFO  impl.RoleInfo (RoleInfo.java:shutdownFollowerState(121)) - f535bb4a-cba0-4f9b-9e3e-e4a48b3eda51: shutdown FollowerState
2019-10-18 11:25:22,524 [Thread-3087] INFO  impl.RaftServerImpl (RaftServerImpl.java:setRole(184)) - f535bb4a-cba0-4f9b-9e3e-e4a48b3eda51@group-7E32184879DE: changes role from  FOLLOWER to CANDIDATE at term 511 for changeToCandidate
2019-10-18 11:25:22,524 [Thread-3087] INFO  impl.RoleInfo (RoleInfo.java:updateAndGet(143)) - f535bb4a-cba0-4f9b-9e3e-e4a48b3eda51: start LeaderElection
2019-10-18 11:25:22,547 [f535bb4a-cba0-4f9b-9e3e-e4a48b3eda51@group-7E32184879DE-LeaderElection436] INFO  impl.LeaderElection (LeaderElection.java:askForVotes(178)) - f535bb4a-cba0-4f9b-9e3e-e4a48b3eda51@group-7E32184879DE-LeaderElection436: begin an election at term 512 for -1: [f535bb4a-cba0-4f9b-9e3e-e4a48b3eda51:0.0.0.0:44706, 54aabb14-4a7d-4ab3-adbe-2e67760b87f4:0.0.0.0:43074, c652e2ee-3322-4406-8db6-1ea643cb3197:0.0.0.0:42129], old=null
2019-10-18 11:25:22,549 [grpc-default-executor-1] INFO  impl.RaftServerImpl (RaftServerImpl.java:setRole(184)) - 54aabb14-4a7d-4ab3-adbe-2e67760b87f4@group-7E32184879DE: changes role from  FOLLOWER to FOLLOWER at term 512 for recognizeCandidate:f535bb4a-cba0-4f9b-9e3e-e4a48b3eda51
2019-10-18 11:25:22,549 [grpc-default-executor-1] INFO  impl.RoleInfo (RoleInfo.java:shutdownFollowerState(121)) - 54aabb14-4a7d-4ab3-adbe-2e67760b87f4: shutdown FollowerState
2019-10-18 11:25:22,549 [grpc-default-executor-1] INFO  impl.RoleInfo (RoleInfo.java:updateAndGet(143)) - 54aabb14-4a7d-4ab3-adbe-2e67760b87f4: start FollowerState
2019-10-18 11:25:22,549 [Thread-3085] INFO  impl.FollowerState (FollowerState.java:run(117)) - 54aabb14-4a7d-4ab3-adbe-2e67760b87f4@group-7E32184879DE-FollowerState was interrupted: java.lang.InterruptedException: sleep interrupted
2019-10-18 11:25:22,549 [grpc-default-executor-0] INFO  impl.RaftServerImpl (RaftServerImpl.java:setRole(184)) - c652e2ee-3322-4406-8db6-1ea643cb3197@group-7E32184879DE: changes role from  FOLLOWER to FOLLOWER at term 512 for recognizeCandidate:f535bb4a-cba0-4f9b-9e3e-e4a48b3eda51
2019-10-18 11:25:22,550 [grpc-default-executor-0] INFO  impl.RoleInfo (RoleInfo.java:shutdownFollowerState(121)) - c652e2ee-3322-4406-8db6-1ea643cb3197: shutdown FollowerState
2019-10-18 11:25:22,550 [grpc-default-executor-0] INFO  impl.RoleInfo (RoleInfo.java:updateAndGet(143)) - c652e2ee-3322-4406-8db6-1ea643cb3197: start FollowerState
2019-10-18 11:25:22,550 [Thread-3086] INFO  impl.FollowerState (FollowerState.java:run(117)) - c652e2ee-3322-4406-8db6-1ea643cb3197@group-7E32184879DE-FollowerState was interrupted: java.lang.InterruptedException: sleep interrupted
2019-10-18 11:25:22,574 [f535bb4a-cba0-4f9b-9e3e-e4a48b3eda51@group-7E32184879DE-LeaderElection436] INFO  impl.LeaderElection (LeaderElection.java:logAndReturn(56)) - f535bb4a-cba0-4f9b-9e3e-e4a48b3eda51@group-7E32184879DE-LeaderElection436: Election REJECTED; received 2 response(s) [f535bb4a-cba0-4f9b-9e3e-e4a48b3eda51<-54aabb14-4a7d-4ab3-adbe-2e67760b87f4#0:FAIL-t512, f535bb4a-cba0-4f9b-9e3e-e4a48b3eda51<-c652e2ee-3322-4406-8db6-1ea643cb3197#0:FAIL-t512] and 0 exception(s); f535bb4a-cba0-4f9b-9e3e-e4a48b3eda51@group-7E32184879DE:t512, leader=null, voted=f535bb4a-cba0-4f9b-9e3e-e4a48b3eda51, raftlog=f535bb4a-cba0-4f9b-9e3e-e4a48b3eda51@group-7E32184879DE-SegmentedRaftLog:OPENED:c-1,f-1,i0, conf=-1: [f535bb4a-cba0-4f9b-9e3e-e4a48b3eda51:0.0.0.0:44706, 54aabb14-4a7d-4ab3-adbe-2e67760b87f4:0.0.0.0:43074, c652e2ee-3322-4406-8db6-1ea643cb3197:0.0.0.0:42129], old=null
2019-10-18 11:25:22,574 [f535bb4a-cba0-4f9b-9e3e-e4a48b3eda51@group-7E32184879DE-LeaderElection436] INFO  impl.RaftServerImpl (RaftServerImpl.java:setRole(184)) - f535bb4a-cba0-4f9b-9e3e-e4a48b3eda51@group-7E32184879DE: changes role from CANDIDATE to FOLLOWER at term 512 for DISCOVERED_A_NEW_TERM
2019-10-18 11:25:22,574 [f535bb4a-cba0-4f9b-9e3e-e4a48b3eda51@group-7E32184879DE-LeaderElection436] INFO  impl.RoleInfo (RoleInfo.java:shutdownLeaderElection(134)) - f535bb4a-cba0-4f9b-9e3e-e4a48b3eda51: shutdown LeaderElection
2019-10-18 11:25:22,574 [f535bb4a-cba0-4f9b-9e3e-e4a48b3eda51@group-7E32184879DE-LeaderElection436] INFO  impl.RoleInfo (RoleInfo.java:updateAndGet(143)) - f535bb4a-cba0-4f9b-9e3e-e4a48b3eda51: start FollowerState
2019-10-18 11:25:22,740 [Thread-3095] INFO  impl.FollowerState (FollowerState.java:run(108)) - f535bb4a-cba0-4f9b-9e3e-e4a48b3eda51@group-7E32184879DE-FollowerState: change to CANDIDATE, lastRpcTime:165ms, electionTimeout:165ms
2019-10-18 11:25:22,740 [Thread-3095] INFO  impl.RoleInfo (RoleInfo.java:shutdownFollowerState(121)) - f535bb4a-cba0-4f9b-9e3e-e4a48b3eda51: shutdown FollowerState
2019-10-18 11:25:22,740 [Thread-3095] INFO  impl.RaftServerImpl (RaftServerImpl.java:setRole(184)) - f535bb4a-cba0-4f9b-9e3e-e4a48b3eda51@group-7E32184879DE: changes role from  FOLLOWER to CANDIDATE at term 512 for changeToCandidate
2019-10-18 11:25:22,740 [Thread-3095] INFO  impl.RoleInfo (RoleInfo.java:updateAndGet(143)) - f535bb4a-cba0-4f9b-9e3e-e4a48b3eda51: start LeaderElection
2019-10-18 11:25:22,765 [f535bb4a-cba0-4f9b-9e3e-e4a48b3eda51@group-7E32184879DE-LeaderElection437] INFO  impl.LeaderElection (LeaderElection.java:askForVotes(178)) - f535bb4a-cba0-4f9b-9e3e-e4a48b3eda51@group-7E32184879DE-LeaderElection437: begin an election at term 513 for -1: [f535bb4a-cba0-4f9b-9e3e-e4a48b3eda51:0.0.0.0:44706, 54aabb14-4a7d-4ab3-adbe-2e67760b87f4:0.0.0.0:43074, c652e2ee-3322-4406-8db6-1ea643cb3197:0.0.0.0:42129], old=null
2019-10-18 11:25:22,767 [grpc-default-executor-0] INFO  impl.RaftServerImpl (RaftServerImpl.java:setRole(184)) - 54aabb14-4a7d-4ab3-adbe-2e67760b87f4@group-7E32184879DE: changes role from  FOLLOWER to FOLLOWER at term 513 for recognizeCandidate:f535bb4a-cba0-4f9b-9e3e-e4a48b3eda51
2019-10-18 11:25:22,767 [grpc-default-executor-0] INFO  impl.RoleInfo (RoleInfo.java:shutdownFollowerState(121)) - 54aabb14-4a7d-4ab3-adbe-2e67760b87f4: shutdown FollowerState
2019-10-18 11:25:22,767 [grpc-default-executor-0] INFO  impl.RoleInfo (RoleInfo.java:updateAndGet(143)) - 54aabb14-4a7d-4ab3-adbe-2e67760b87f4: start FollowerState
2019-10-18 11:25:22,767 [grpc-default-executor-1] INFO  impl.RaftServerImpl (RaftServerImpl.java:setRole(184)) - c652e2ee-3322-4406-8db6-1ea643cb3197@group-7E32184879DE: changes role from  FOLLOWER to FOLLOWER at term 513 for recognizeCandidate:f535bb4a-cba0-4f9b-9e3e-e4a48b3eda51
2019-10-18 11:25:22,767 [grpc-default-executor-1] INFO  impl.RoleInfo (RoleInfo.java:shutdownFollowerState(121)) - c652e2ee-3322-4406-8db6-1ea643cb3197: shutdown FollowerState
2019-10-18 11:25:22,767 [Thread-3093] INFO  impl.FollowerState (FollowerState.java:run(117)) - 54aabb14-4a7d-4ab3-adbe-2e67760b87f4@group-7E32184879DE-FollowerState was interrupted: java.lang.InterruptedException: sleep interrupted
2019-10-18 11:25:22,767 [Thread-3094] INFO  impl.FollowerState (FollowerState.java:run(117)) - c652e2ee-3322-4406-8db6-1ea643cb3197@group-7E32184879DE-FollowerState was interrupted: java.lang.InterruptedException: sleep interrupted
2019-10-18 11:25:22,767 [grpc-default-executor-1] INFO  impl.RoleInfo (RoleInfo.java:updateAndGet(143)) - c652e2ee-3322-4406-8db6-1ea643cb3197: start FollowerState
2019-10-18 11:25:22,791 [f535bb4a-cba0-4f9b-9e3e-e4a48b3eda51@group-7E32184879DE-LeaderElection437] INFO  impl.LeaderElection (LeaderElection.java:logAndReturn(56)) - f535bb4a-cba0-4f9b-9e3e-e4a48b3eda51@group-7E32184879DE-LeaderElection437: Election REJECTED; received 2 response(s) [f535bb4a-cba0-4f9b-9e3e-e4a48b3eda51<-54aabb14-4a7d-4ab3-adbe-2e67760b87f4#0:FAIL-t513, f535bb4a-cba0-4f9b-9e3e-e4a48b3eda51<-c652e2ee-3322-4406-8db6-1ea643cb3197#0:FAIL-t513] and 0 exception(s); f535bb4a-cba0-4f9b-9e3e-e4a48b3eda51@group-7E32184879DE:t513, leader=null, voted=f535bb4a-cba0-4f9b-9e3e-e4a48b3eda51, raftlog=f535bb4a-cba0-4f9b-9e3e-e4a48b3eda51@group-7E32184879DE-SegmentedRaftLog:OPENED:c-1,f-1,i0, conf=-1: [f535bb4a-cba0-4f9b-9e3e-e4a48b3eda51:0.0.0.0:44706, 54aabb14-4a7d-4ab3-adbe-2e67760b87f4:0.0.0.0:43074, c652e2ee-3322-4406-8db6-1ea643cb3197:0.0.0.0:42129], old=null
2019-10-18 11:25:22,791 [f535bb4a-cba0-4f9b-9e3e-e4a48b3eda51@group-7E32184879DE-LeaderElection437] INFO  impl.RaftServerImpl (RaftServerImpl.java:setRole(184)) - f535bb4a-cba0-4f9b-9e3e-e4a48b3eda51@group-7E32184879DE: changes role from CANDIDATE to FOLLOWER at term 513 for DISCOVERED_A_NEW_TERM
2019-10-18 11:25:22,792 [f535bb4a-cba0-4f9b-9e3e-e4a48b3eda51@group-7E32184879DE-LeaderElection437] INFO  impl.RoleInfo (RoleInfo.java:shutdownLeaderElection(134)) - f535bb4a-cba0-4f9b-9e3e-e4a48b3eda51: shutdown LeaderElection
2019-10-18 11:25:22,792 [f535bb4a-cba0-4f9b-9e3e-e4a48b3eda51@group-7E32184879DE-LeaderElection437] INFO  impl.RoleInfo (RoleInfo.java:updateAndGet(143)) - f535bb4a-cba0-4f9b-9e3e-e4a48b3eda51: start FollowerState
2019-10-18 11:25:22,888 [Thread-3101] INFO  impl.FollowerState (FollowerState.java:run(108)) - f535bb4a-cba0-4f9b-9e3e-e4a48b3eda51@group-7E32184879DE-FollowerState: change to CANDIDATE, lastRpcTime:96ms, electionTimeout:96ms
2019-10-18 11:25:22,888 [Thread-3101] INFO  impl.RoleInfo (RoleInfo.java:shutdownFollowerState(121)) - f535bb4a-cba0-4f9b-9e3e-e4a48b3eda51: shutdown FollowerState
2019-10-18 11:25:22,889 [Thread-3101] INFO  impl.RaftServerImpl (RaftServerImpl.java:setRole(184)) - f535bb4a-cba0-4f9b-9e3e-e4a48b3eda51@group-7E32184879DE: changes role from  FOLLOWER to CANDIDATE at term 513 for changeToCandidate
2019-10-18 11:25:22,889 [Thread-3101] INFO  impl.RoleInfo (RoleInfo.java:updateAndGet(143)) - f535bb4a-cba0-4f9b-9e3e-e4a48b3eda51: start LeaderElection
2019-10-18 11:25:22,925 [f535bb4a-cba0-4f9b-9e3e-e4a48b3eda51@group-7E32184879DE-LeaderElection438] INFO  impl.LeaderElection (LeaderElection.java:askForVotes(178)) - f535bb4a-cba0-4f9b-9e3e-e4a48b3eda51@group-7E32184879DE-LeaderElection438: begin an election at term 514 for -1: [f535bb4a-cba0-4f9b-9e3e-e4a48b3eda51:0.0.0.0:44706, 54aabb14-4a7d-4ab3-adbe-2e67760b87f4:0.0.0.0:43074, c652e2ee-3322-4406-8db6-1ea643cb3197:0.0.0.0:42129], old=null
2019-10-18 11:25:22,927 [grpc-default-executor-1] INFO  impl.RaftServerImpl (RaftServerImpl.java:setRole(184)) - c652e2ee-3322-4406-8db6-1ea643cb3197@group-7E32184879DE: changes role from  FOLLOWER to FOLLOWER at term 514 for recognizeCandidate:f535bb4a-cba0-4f9b-9e3e-e4a48b3eda51
2019-10-18 11:25:22,927 [grpc-default-executor-1] INFO  impl.RoleInfo (RoleInfo.java:shutdownFollowerState(121)) - c652e2ee-3322-4406-8db6-1ea643cb3197: shutdown FollowerState
2019-10-18 11:25:22,927 [grpc-default-executor-0] INFO  impl.RaftServerImpl (RaftServerImpl.java:setRole(184)) - 54aabb14-4a7d-4ab3-adbe-2e67760b87f4@group-7E32184879DE: changes role from  FOLLOWER to FOLLOWER at term 514 for recognizeCandidate:f535bb4a-cba0-4f9b-9e3e-e4a48b3eda51
2019-10-18 11:25:22,927 [Thread-3100] INFO  impl.FollowerState (FollowerState.java:run(117)) - c652e2ee-3322-4406-8db6-1ea643cb3197@group-7E32184879DE-FollowerState was interrupted: java.lang.InterruptedException: sleep interrupted
2019-10-18 11:25:22,927 [grpc-default-executor-1] INFO  impl.RoleInfo (RoleInfo.java:updateAndGet(143)) - c652e2ee-3322-4406-8db6-1ea643cb3197: start FollowerState
2019-10-18 11:25:22,927 [grpc-default-executor-0] INFO  impl.RoleInfo (RoleInfo.java:shutdownFollowerState(121)) - 54aabb14-4a7d-4ab3-adbe-2e67760b87f4: shutdown FollowerState
2019-10-18 11:25:22,928 [grpc-default-executor-0] INFO  impl.RoleInfo (RoleInfo.java:updateAndGet(143)) - 54aabb14-4a7d-4ab3-adbe-2e67760b87f4: start FollowerState
2019-10-18 11:25:22,928 [Thread-3099] INFO  impl.FollowerState (FollowerState.java:run(117)) - 54aabb14-4a7d-4ab3-adbe-2e67760b87f4@group-7E32184879DE-FollowerState was interrupted: java.lang.InterruptedException: sleep interrupted
2019-10-18 11:25:22,950 [f535bb4a-cba0-4f9b-9e3e-e4a48b3eda51@group-7E32184879DE-LeaderElection438] INFO  impl.LeaderElection (LeaderElection.java:logAndReturn(56)) - f535bb4a-cba0-4f9b-9e3e-e4a48b3eda51@group-7E32184879DE-LeaderElection438: Election REJECTED; received 2 response(s) [f535bb4a-cba0-4f9b-9e3e-e4a48b3eda51<-54aabb14-4a7d-4ab3-adbe-2e67760b87f4#0:FAIL-t514, f535bb4a-cba0-4f9b-9e3e-e4a48b3eda51<-c652e2ee-3322-4406-8db6-1ea643cb3197#0:FAIL-t514] and 0 exception(s); f535bb4a-cba0-4f9b-9e3e-e4a48b3eda51@group-7E32184879DE:t514, leader=null, voted=f535bb4a-cba0-4f9b-9e3e-e4a48b3eda51, raftlog=f535bb4a-cba0-4f9b-9e3e-e4a48b3eda51@group-7E32184879DE-SegmentedRaftLog:OPENED:c-1,f-1,i0, conf=-1: [f535bb4a-cba0-4f9b-9e3e-e4a48b3eda51:0.0.0.0:44706, 54aabb14-4a7d-4ab3-adbe-2e67760b87f4:0.0.0.0:43074, c652e2ee-3322-4406-8db6-1ea643cb3197:0.0.0.0:42129], old=null
2019-10-18 11:25:22,950 [f535bb4a-cba0-4f9b-9e3e-e4a48b3eda51@group-7E32184879DE-LeaderElection438] INFO  impl.RaftServerImpl (RaftServerImpl.java:setRole(184)) - f535bb4a-cba0-4f9b-9e3e-e4a48b3eda51@group-7E32184879DE: changes role from CANDIDATE to FOLLOWER at term 514 for DISCOVERED_A_NEW_TERM
2019-10-18 11:25:22,950 [f535bb4a-cba0-4f9b-9e3e-e4a48b3eda51@group-7E32184879DE-LeaderElection438] INFO  impl.RoleInfo (RoleInfo.java:shutdownLeaderElection(134)) - f535bb4a-cba0-4f9b-9e3e-e4a48b3eda51: shutdown LeaderElection
2019-10-18 11:25:22,950 [f535bb4a-cba0-4f9b-9e3e-e4a48b3eda51@group-7E32184879DE-LeaderElection438] INFO  impl.RoleInfo (RoleInfo.java:updateAndGet(143)) - f535bb4a-cba0-4f9b-9e3e-e4a48b3eda51: start FollowerState
2019-10-18 11:25:23,030 [Thread-3107] INFO  impl.FollowerState (FollowerState.java:run(108)) - f535bb4a-cba0-4f9b-9e3e-e4a48b3eda51@group-7E32184879DE-FollowerState: change to CANDIDATE, lastRpcTime:79ms, electionTimeout:79ms
2019-10-18 11:25:23,030 [Thread-3107] INFO  impl.RoleInfo (RoleInfo.java:shutdownFollowerState(121)) - f535bb4a-cba0-4f9b-9e3e-e4a48b3eda51: shutdown FollowerState
2019-10-18 11:25:23,030 [Thread-3107] INFO  impl.RaftServerImpl (RaftServerImpl.java:setRole(184)) - f535bb4a-cba0-4f9b-9e3e-e4a48b3eda51@group-7E32184879DE: changes role from  FOLLOWER to CANDIDATE at term 514 for changeToCandidate
2019-10-18 11:25:23,030 [Thread-3107] INFO  impl.RoleInfo (RoleInfo.java:updateAndGet(143)) - f535bb4a-cba0-4f9b-9e3e-e4a48b3eda51: start LeaderElection
2019-10-18 11:25:23,058 [f535bb4a-cba0-4f9b-9e3e-e4a48b3eda51@group-7E32184879DE-LeaderElection439] INFO  impl.LeaderElection (LeaderElection.java:askForVotes(178)) - f535bb4a-cba0-4f9b-9e3e-e4a48b3eda51@group-7E32184879DE-LeaderElection439: begin an election at term 515 for -1: [f535bb4a-cba0-4f9b-9e3e-e4a48b3eda51:0.0.0.0:44706, 54aabb14-4a7d-4ab3-adbe-2e67760b87f4:0.0.0.0:43074, c652e2ee-3322-4406-8db6-1ea643cb3197:0.0.0.0:42129], old=null
2019-10-18 11:25:23,059 [grpc-default-executor-1] INFO  impl.RaftServerImpl (RaftServerImpl.java:setRole(184)) - 54aabb14-4a7d-4ab3-adbe-2e67760b87f4@group-7E32184879DE: changes role from  FOLLOWER to FOLLOWER at term 515 for recognizeCandidate:f535bb4a-cba0-4f9b-9e3e-e4a48b3eda51
2019-10-18 11:25:23,060 [grpc-default-executor-1] INFO  impl.RoleInfo (RoleInfo.java:shutdownFollowerState(121)) - 54aabb14-4a7d-4ab3-adbe-2e67760b87f4: shutdown FollowerState
2019-10-18 11:25:23,060 [grpc-default-executor-1] INFO  impl.RoleInfo (RoleInfo.java:updateAndGet(143)) - 54aabb14-4a7d-4ab3-adbe-2e67760b87f4: start FollowerState
2019-10-18 11:25:23,060 [Thread-3106] INFO  impl.FollowerState (FollowerState.java:run(117)) - 54aabb14-4a7d-4ab3-adbe-2e67760b87f4@group-7E32184879DE-FollowerState was interrupted: java.lang.InterruptedException: sleep interrupted
2019-10-18 11:25:23,060 [grpc-default-executor-0] INFO  impl.RaftServerImpl (RaftServerImpl.java:setRole(184)) - c652e2ee-3322-4406-8db6-1ea643cb3197@group-7E32184879DE: changes role from  FOLLOWER to FOLLOWER at term 515 for recognizeCandidate:f535bb4a-cba0-4f9b-9e3e-e4a48b3eda51
2019-10-18 11:25:23,060 [grpc-default-executor-0] INFO  impl.RoleInfo (RoleInfo.java:shutdownFollowerState(121)) - c652e2ee-3322-4406-8db6-1ea643cb3197: shutdown FollowerState
2019-10-18 11:25:23,060 [grpc-default-executor-0] INFO  impl.RoleInfo (RoleInfo.java:updateAndGet(143)) - c652e2ee-3322-4406-8db6-1ea643cb3197: start FollowerState
2019-10-18 11:25:23,060 [Thread-3105] INFO  impl.FollowerState (FollowerState.java:run(117)) - c652e2ee-3322-4406-8db6-1ea643cb3197@group-7E32184879DE-FollowerState was interrupted: java.lang.InterruptedException: sleep interrupted
2019-10-18 11:25:23,084 [f535bb4a-cba0-4f9b-9e3e-e4a48b3eda51@group-7E32184879DE-LeaderElection439] INFO  impl.LeaderElection (LeaderElection.java:logAndReturn(56)) - f535bb4a-cba0-4f9b-9e3e-e4a48b3eda51@group-7E32184879DE-LeaderElection439: Election REJECTED; received 2 response(s) [f535bb4a-cba0-4f9b-9e3e-e4a48b3eda51<-54aabb14-4a7d-4ab3-adbe-2e67760b87f4#0:FAIL-t515, f535bb4a-cba0-4f9b-9e3e-e4a48b3eda51<-c652e2ee-3322-4406-8db6-1ea643cb3197#0:FAIL-t515] and 0 exception(s); f535bb4a-cba0-4f9b-9e3e-e4a48b3eda51@group-7E32184879DE:t515, leader=null, voted=f535bb4a-cba0-4f9b-9e3e-e4a48b3eda51, raftlog=f535bb4a-cba0-4f9b-9e3e-e4a48b3eda51@group-7E32184879DE-SegmentedRaftLog:OPENED:c-1,f-1,i0, conf=-1: [f535bb4a-cba0-4f9b-9e3e-e4a48b3eda51:0.0.0.0:44706, 54aabb14-4a7d-4ab3-adbe-2e67760b87f4:0.0.0.0:43074, c652e2ee-3322-4406-8db6-1ea643cb3197:0.0.0.0:42129], old=null
2019-10-18 11:25:23,084 [f535bb4a-cba0-4f9b-9e3e-e4a48b3eda51@group-7E32184879DE-LeaderElection439] INFO  impl.RaftServerImpl (RaftServerImpl.java:setRole(184)) - f535bb4a-cba0-4f9b-9e3e-e4a48b3eda51@group-7E32184879DE: changes role from CANDIDATE to FOLLOWER at term 515 for DISCOVERED_A_NEW_TERM
2019-10-18 11:25:23,084 [f535bb4a-cba0-4f9b-9e3e-e4a48b3eda51@group-7E32184879DE-LeaderElection439] INFO  impl.RoleInfo (RoleInfo.java:shutdownLeaderElection(134)) - f535bb4a-cba0-4f9b-9e3e-e4a48b3eda51: shutdown LeaderElection
2019-10-18 11:25:23,084 [f535bb4a-cba0-4f9b-9e3e-e4a48b3eda51@group-7E32184879DE-LeaderElection439] INFO  impl.RoleInfo (RoleInfo.java:updateAndGet(143)) - f535bb4a-cba0-4f9b-9e3e-e4a48b3eda51: start FollowerState
2019-10-18 11:25:23,267 [Thread-3113] INFO  impl.FollowerState (FollowerState.java:run(108)) - f535bb4a-cba0-4f9b-9e3e-e4a48b3eda51@group-7E32184879DE-FollowerState: change to CANDIDATE, lastRpcTime:182ms, electionTimeout:182ms
2019-10-18 11:25:23,267 [Thread-3113] INFO  impl.RoleInfo (RoleInfo.java:shutdownFollowerState(121)) - f535bb4a-cba0-4f9b-9e3e-e4a48b3eda51: shutdown FollowerState
2019-10-18 11:25:23,267 [Thread-3113] INFO  impl.RaftServerImpl (RaftServerImpl.java:setRole(184)) - f535bb4a-cba0-4f9b-9e3e-e4a48b3eda51@group-7E32184879DE: changes role from  FOLLOWER to CANDIDATE at term 515 for changeToCandidate
2019-10-18 11:25:23,267 [Thread-3113] INFO  impl.RoleInfo (RoleInfo.java:updateAndGet(143)) - f535bb4a-cba0-4f9b-9e3e-e4a48b3eda51: start LeaderElection
2019-10-18 11:25:23,292 [f535bb4a-cba0-4f9b-9e3e-e4a48b3eda51@group-7E32184879DE-LeaderElection440] INFO  impl.LeaderElection (LeaderElection.java:askForVotes(178)) - f535bb4a-cba0-4f9b-9e3e-e4a48b3eda51@group-7E32184879DE-LeaderElection440: begin an election at term 516 for -1: [f535bb4a-cba0-4f9b-9e3e-e4a48b3eda51:0.0.0.0:44706, 54aabb14-4a7d-4ab3-adbe-2e67760b87f4:0.0.0.0:43074, c652e2ee-3322-4406-8db6-1ea643cb3197:0.0.0.0:42129], old=null
2019-10-18 11:25:23,293 [grpc-default-executor-0] INFO  impl.RaftServerImpl (RaftServerImpl.java:setRole(184)) - 54aabb14-4a7d-4ab3-adbe-2e67760b87f4@group-7E32184879DE: changes role from  FOLLOWER to FOLLOWER at term 516 for recognizeCandidate:f535bb4a-cba0-4f9b-9e3e-e4a48b3eda51
2019-10-18 11:25:23,293 [grpc-default-executor-1] INFO  impl.RaftServerImpl (RaftServerImpl.java:setRole(184)) - c652e2ee-3322-4406-8db6-1ea643cb3197@group-7E32184879DE: changes role from  FOLLOWER to FOLLOWER at term 516 for recognizeCandidate:f535bb4a-cba0-4f9b-9e3e-e4a48b3eda51
2019-10-18 11:25:23,294 [grpc-default-executor-1] INFO  impl.RoleInfo (RoleInfo.java:shutdownFollowerState(121)) - c652e2ee-3322-4406-8db6-1ea643cb3197: shutdown FollowerState
2019-10-18 11:25:23,294 [grpc-default-executor-0] INFO  impl.RoleInfo (RoleInfo.java:shutdownFollowerState(121)) - 54aabb14-4a7d-4ab3-adbe-2e67760b87f4: shutdown FollowerState
2019-10-18 11:25:23,294 [Thread-3112] INFO  impl.FollowerState (FollowerState.java:run(117)) - c652e2ee-3322-4406-8db6-1ea643cb3197@group-7E32184879DE-FollowerState was interrupted: java.lang.InterruptedException: sleep interrupted
2019-10-18 11:25:23,294 [grpc-default-executor-1] INFO  impl.RoleInfo (RoleInfo.java:updateAndGet(143)) - c652e2ee-3322-4406-8db6-1ea643cb3197: start FollowerState
2019-10-18 11:25:23,294 [Thread-3111] INFO  impl.FollowerState (FollowerState.java:run(117)) - 54aabb14-4a7d-4ab3-adbe-2e67760b87f4@group-7E32184879DE-FollowerState was interrupted: java.lang.InterruptedException: sleep interrupted
2019-10-18 11:25:23,294 [grpc-default-executor-0] INFO  impl.RoleInfo (RoleInfo.java:updateAndGet(143)) - 54aabb14-4a7d-4ab3-adbe-2e67760b87f4: start FollowerState
2019-10-18 11:25:23,318 [f535bb4a-cba0-4f9b-9e3e-e4a48b3eda51@group-7E32184879DE-LeaderElection440] INFO  impl.LeaderElection (LeaderElection.java:logAndReturn(56)) - f535bb4a-cba0-4f9b-9e3e-e4a48b3eda51@group-7E32184879DE-LeaderElection440: Election REJECTED; received 2 response(s) [f535bb4a-cba0-4f9b-9e3e-e4a48b3eda51<-54aabb14-4a7d-4ab3-adbe-2e67760b87f4#0:FAIL-t516, f535bb4a-cba0-4f9b-9e3e-e4a48b3eda51<-c652e2ee-3322-4406-8db6-1ea643cb3197#0:FAIL-t516] and 0 exception(s); f535bb4a-cba0-4f9b-9e3e-e4a48b3eda51@group-7E32184879DE:t516, leader=null, voted=f535bb4a-cba0-4f9b-9e3e-e4a48b3eda51, raftlog=f535bb4a-cba0-4f9b-9e3e-e4a48b3eda51@group-7E32184879DE-SegmentedRaftLog:OPENED:c-1,f-1,i0, conf=-1: [f535bb4a-cba0-4f9b-9e3e-e4a48b3eda51:0.0.0.0:44706, 54aabb14-4a7d-4ab3-adbe-2e67760b87f4:0.0.0.0:43074, c652e2ee-3322-4406-8db6-1ea643cb3197:0.0.0.0:42129], old=null
2019-10-18 11:25:23,318 [f535bb4a-cba0-4f9b-9e3e-e4a48b3eda51@group-7E32184879DE-LeaderElection440] INFO  impl.RaftServerImpl (RaftServerImpl.java:setRole(184)) - f535bb4a-cba0-4f9b-9e3e-e4a48b3eda51@group-7E32184879DE: changes role from CANDIDATE to FOLLOWER at term 516 for DISCOVERED_A_NEW_TERM
2019-10-18 11:25:23,318 [f535bb4a-cba0-4f9b-9e3e-e4a48b3eda51@group-7E32184879DE-LeaderElection440] INFO  impl.RoleInfo (RoleInfo.java:shutdownLeaderElection(134)) - f535bb4a-cba0-4f9b-9e3e-e4a48b3eda51: shutdown LeaderElection
2019-10-18 11:25:23,318 [f535bb4a-cba0-4f9b-9e3e-e4a48b3eda51@group-7E32184879DE-LeaderElection440] INFO  impl.RoleInfo (RoleInfo.java:updateAndGet(143)) - f535bb4a-cba0-4f9b-9e3e-e4a48b3eda51: start FollowerState
2019-10-18 11:25:23,394 [Thread-3119] INFO  impl.FollowerState (FollowerState.java:run(108)) - f535bb4a-cba0-4f9b-9e3e-e4a48b3eda51@group-7E32184879DE-FollowerState: change to CANDIDATE, lastRpcTime:75ms, electionTimeout:75ms
2019-10-18 11:25:23,394 [Thread-3119] INFO  impl.RoleInfo (RoleInfo.java:shutdownFollowerState(121)) - f535bb4a-cba0-4f9b-9e3e-e4a48b3eda51: shutdown FollowerState
2019-10-18 11:25:23,394 [Thread-3119] INFO  impl.RaftServerImpl (RaftServerImpl.java:setRole(184)) - f535bb4a-cba0-4f9b-9e3e-e4a48b3eda51@group-7E32184879DE: changes role from  FOLLOWER to CANDIDATE at term 516 for changeToCandidate
2019-10-18 11:25:23,394 [Thread-3119] INFO  impl.RoleInfo (RoleInfo.java:updateAndGet(143)) - f535bb4a-cba0-4f9b-9e3e-e4a48b3eda51: start LeaderElection
2019-10-18 11:25:23,418 [f535bb4a-cba0-4f9b-9e3e-e4a48b3eda51@group-7E32184879DE-LeaderElection441] INFO  impl.LeaderElection (LeaderElection.java:askForVotes(178)) - f535bb4a-cba0-4f9b-9e3e-e4a48b3eda51@group-7E32184879DE-LeaderElection441: begin an election at term 517 for -1: [f535bb4a-cba0-4f9b-9e3e-e4a48b3eda51:0.0.0.0:44706, 54aabb14-4a7d-4ab3-adbe-2e67760b87f4:0.0.0.0:43074, c652e2ee-3322-4406-8db6-1ea643cb3197:0.0.0.0:42129], old=null
2019-10-18 11:25:23,419 [grpc-default-executor-0] INFO  impl.RaftServerImpl (RaftServerImpl.java:setRole(184)) - 54aabb14-4a7d-4ab3-adbe-2e67760b87f4@group-7E32184879DE: changes role from  FOLLOWER to FOLLOWER at term 517 for recognizeCandidate:f535bb4a-cba0-4f9b-9e3e-e4a48b3eda51
2019-10-18 11:25:23,419 [grpc-default-executor-0] INFO  impl.RoleInfo (RoleInfo.java:shutdownFollowerState(121)) - 54aabb14-4a7d-4ab3-adbe-2e67760b87f4: shutdown FollowerState
2019-10-18 11:25:23,419 [grpc-default-executor-1] INFO  impl.RaftServerImpl (RaftServerImpl.java:setRole(184)) - c652e2ee-3322-4406-8db6-1ea643cb3197@group-7E32184879DE: changes role from  FOLLOWER to FOLLOWER at term 517 for recognizeCandidate:f535bb4a-cba0-4f9b-9e3e-e4a48b3eda51
2019-10-18 11:25:23,420 [grpc-default-executor-1] INFO  impl.RoleInfo (RoleInfo.java:shutdownFollowerState(121)) - c652e2ee-3322-4406-8db6-1ea643cb3197: shutdown FollowerState
2019-10-18 11:25:23,420 [Thread-3118] INFO  impl.FollowerState (FollowerState.java:run(117)) - 54aabb14-4a7d-4ab3-adbe-2e67760b87f4@group-7E32184879DE-FollowerState was interrupted: java.lang.InterruptedException: sleep interrupted
2019-10-18 11:25:23,420 [grpc-default-executor-0] INFO  impl.RoleInfo (RoleInfo.java:updateAndGet(143)) - 54aabb14-4a7d-4ab3-adbe-2e67760b87f4: start FollowerState
2019-10-18 11:25:23,420 [Thread-3117] INFO  impl.FollowerState (FollowerState.java:run(117)) - c652e2ee-3322-4406-8db6-1ea643cb3197@group-7E32184879DE-FollowerState was interrupted: java.lang.InterruptedException: sleep interrupted
2019-10-18 11:25:23,420 [grpc-default-executor-1] INFO  impl.RoleInfo (RoleInfo.java:updateAndGet(143)) - c652e2ee-3322-4406-8db6-1ea643cb3197: start FollowerState
2019-10-18 11:25:23,444 [f535bb4a-cba0-4f9b-9e3e-e4a48b3eda51@group-7E32184879DE-LeaderElection441] INFO  impl.LeaderElection (LeaderElection.java:logAndReturn(56)) - f535bb4a-cba0-4f9b-9e3e-e4a48b3eda51@group-7E32184879DE-LeaderElection441: Election REJECTED; received 2 response(s) [f535bb4a-cba0-4f9b-9e3e-e4a48b3eda51<-54aabb14-4a7d-4ab3-adbe-2e67760b87f4#0:FAIL-t517, f535bb4a-cba0-4f9b-9e3e-e4a48b3eda51<-c652e2ee-3322-4406-8db6-1ea643cb3197#0:FAIL-t517] and 0 exception(s); f535bb4a-cba0-4f9b-9e3e-e4a48b3eda51@group-7E32184879DE:t517, leader=null, voted=f535bb4a-cba0-4f9b-9e3e-e4a48b3eda51, raftlog=f535bb4a-cba0-4f9b-9e3e-e4a48b3eda51@group-7E32184879DE-SegmentedRaftLog:OPENED:c-1,f-1,i0, conf=-1: [f535bb4a-cba0-4f9b-9e3e-e4a48b3eda51:0.0.0.0:44706, 54aabb14-4a7d-4ab3-adbe-2e67760b87f4:0.0.0.0:43074, c652e2ee-3322-4406-8db6-1ea643cb3197:0.0.0.0:42129], old=null
2019-10-18 11:25:23,444 [f535bb4a-cba0-4f9b-9e3e-e4a48b3eda51@group-7E32184879DE-LeaderElection441] INFO  impl.RaftServerImpl (RaftServerImpl.java:setRole(184)) - f535bb4a-cba0-4f9b-9e3e-e4a48b3eda51@group-7E32184879DE: changes role from CANDIDATE to FOLLOWER at term 517 for DISCOVERED_A_NEW_TERM
2019-10-18 11:25:23,444 [f535bb4a-cba0-4f9b-9e3e-e4a48b3eda51@group-7E32184879DE-LeaderElection441] INFO  impl.RoleInfo (RoleInfo.java:shutdownLeaderElection(134)) - f535bb4a-cba0-4f9b-9e3e-e4a48b3eda51: shutdown LeaderElection
2019-10-18 11:25:23,444 [f535bb4a-cba0-4f9b-9e3e-e4a48b3eda51@group-7E32184879DE-LeaderElection441] INFO  impl.RoleInfo (RoleInfo.java:updateAndGet(143)) - f535bb4a-cba0-4f9b-9e3e-e4a48b3eda51: start FollowerState
2019-10-18 11:25:23,556 [Thread-3125] INFO  impl.FollowerState (FollowerState.java:run(108)) - f535bb4a-cba0-4f9b-9e3e-e4a48b3eda51@group-7E32184879DE-FollowerState: change to CANDIDATE, lastRpcTime:111ms, electionTimeout:111ms
2019-10-18 11:25:23,556 [Thread-3125] INFO  impl.RoleInfo (RoleInfo.java:shutdownFollowerState(121)) - f535bb4a-cba0-4f9b-9e3e-e4a48b3eda51: shutdown FollowerState
2019-10-18 11:25:23,556 [Thread-3125] INFO  impl.RaftServerImpl (RaftServerImpl.java:setRole(184)) - f535bb4a-cba0-4f9b-9e3e-e4a48b3eda51@group-7E32184879DE: changes role from  FOLLOWER to CANDIDATE at term 517 for changeToCandidate
2019-10-18 11:25:23,556 [Thread-3125] INFO  impl.RoleInfo (RoleInfo.java:updateAndGet(143)) - f535bb4a-cba0-4f9b-9e3e-e4a48b3eda51: start LeaderElection
2019-10-18 11:25:23,585 [f535bb4a-cba0-4f9b-9e3e-e4a48b3eda51@group-7E32184879DE-LeaderElection442] INFO  impl.LeaderElection (LeaderElection.java:askForVotes(178)) - f535bb4a-cba0-4f9b-9e3e-e4a48b3eda51@group-7E32184879DE-LeaderElection442: begin an election at term 518 for -1: [f535bb4a-cba0-4f9b-9e3e-e4a48b3eda51:0.0.0.0:44706, 54aabb14-4a7d-4ab3-adbe-2e67760b87f4:0.0.0.0:43074, c652e2ee-3322-4406-8db6-1ea643cb3197:0.0.0.0:42129], old=null
2019-10-18 11:25:23,587 [grpc-default-executor-1] INFO  impl.RaftServerImpl (RaftServerImpl.java:setRole(184)) - 54aabb14-4a7d-4ab3-adbe-2e67760b87f4@group-7E32184879DE: changes role from  FOLLOWER to FOLLOWER at term 518 for recognizeCandidate:f535bb4a-cba0-4f9b-9e3e-e4a48b3eda51
2019-10-18 11:25:23,587 [grpc-default-executor-0] INFO  impl.RaftServerImpl (RaftServerImpl.java:setRole(184)) - c652e2ee-3322-4406-8db6-1ea643cb3197@group-7E32184879DE: changes role from  FOLLOWER to FOLLOWER at term 518 for recognizeCandidate:f535bb4a-cba0-4f9b-9e3e-e4a48b3eda51
2019-10-18 11:25:23,587 [grpc-default-executor-0] INFO  impl.RoleInfo (RoleInfo.java:shutdownFollowerState(121)) - c652e2ee-3322-4406-8db6-1ea643cb3197: shutdown FollowerState
2019-10-18 11:25:23,587 [grpc-default-executor-1] INFO  impl.RoleInfo (RoleInfo.java:shutdownFollowerState(121)) - 54aabb14-4a7d-4ab3-adbe-2e67760b87f4: shutdown FollowerState
2019-10-18 11:25:23,588 [grpc-default-executor-0] INFO  impl.RoleInfo (RoleInfo.java:updateAndGet(143)) - c652e2ee-3322-4406-8db6-1ea643cb3197: start FollowerState
2019-10-18 11:25:23,588 [Thread-3124] INFO  impl.FollowerState (FollowerState.java:run(117)) - c652e2ee-3322-4406-8db6-1ea643cb3197@group-7E32184879DE-FollowerState was interrupted: java.lang.InterruptedException: sleep interrupted
2019-10-18 11:25:23,588 [grpc-default-executor-1] INFO  impl.RoleInfo (RoleInfo.java:updateAndGet(143)) - 54aabb14-4a7d-4ab3-adbe-2e67760b87f4: start FollowerState
2019-10-18 11:25:23,588 [Thread-3123] INFO  impl.FollowerState (FollowerState.java:run(117)) - 54aabb14-4a7d-4ab3-adbe-2e67760b87f4@group-7E32184879DE-FollowerState was interrupted: java.lang.InterruptedException: sleep interrupted
2019-10-18 11:25:23,611 [f535bb4a-cba0-4f9b-9e3e-e4a48b3eda51@group-7E32184879DE-LeaderElection442] INFO  impl.LeaderElection (LeaderElection.java:logAndReturn(56)) - f535bb4a-cba0-4f9b-9e3e-e4a48b3eda51@group-7E32184879DE-LeaderElection442: Election REJECTED; received 2 response(s) [f535bb4a-cba0-4f9b-9e3e-e4a48b3eda51<-54aabb14-4a7d-4ab3-adbe-2e67760b87f4#0:FAIL-t518, f535bb4a-cba0-4f9b-9e3e-e4a48b3eda51<-c652e2ee-3322-4406-8db6-1ea643cb3197#0:FAIL-t518] and 0 exception(s); f535bb4a-cba0-4f9b-9e3e-e4a48b3eda51@group-7E32184879DE:t518, leader=null, voted=f535bb4a-cba0-4f9b-9e3e-e4a48b3eda51, raftlog=f535bb4a-cba0-4f9b-9e3e-e4a48b3eda51@group-7E32184879DE-SegmentedRaftLog:OPENED:c-1,f-1,i0, conf=-1: [f535bb4a-cba0-4f9b-9e3e-e4a48b3eda51:0.0.0.0:44706, 54aabb14-4a7d-4ab3-adbe-2e67760b87f4:0.0.0.0:43074, c652e2ee-3322-4406-8db6-1ea643cb3197:0.0.0.0:42129], old=null
2019-10-18 11:25:23,611 [f535bb4a-cba0-4f9b-9e3e-e4a48b3eda51@group-7E32184879DE-LeaderElection442] INFO  impl.RaftServerImpl (RaftServerImpl.java:setRole(184)) - f535bb4a-cba0-4f9b-9e3e-e4a48b3eda51@group-7E32184879DE: changes role from CANDIDATE to FOLLOWER at term 518 for DISCOVERED_A_NEW_TERM
2019-10-18 11:25:23,612 [f535bb4a-cba0-4f9b-9e3e-e4a48b3eda51@group-7E32184879DE-LeaderElection442] INFO  impl.RoleInfo (RoleInfo.java:shutdownLeaderElection(134)) - f535bb4a-cba0-4f9b-9e3e-e4a48b3eda51: shutdown LeaderElection
2019-10-18 11:25:23,612 [f535bb4a-cba0-4f9b-9e3e-e4a48b3eda51@group-7E32184879DE-LeaderElection442] INFO  impl.RoleInfo (RoleInfo.java:updateAndGet(143)) - f535bb4a-cba0-4f9b-9e3e-e4a48b3eda51: start FollowerState
2019-10-18 11:25:23,694 [Thread-3133] INFO  impl.FollowerState (FollowerState.java:run(108)) - f535bb4a-cba0-4f9b-9e3e-e4a48b3eda51@group-7E32184879DE-FollowerState: change to CANDIDATE, lastRpcTime:82ms, electionTimeout:82ms
2019-10-18 11:25:23,694 [Thread-3133] INFO  impl.RoleInfo (RoleInfo.java:shutdownFollowerState(121)) - f535bb4a-cba0-4f9b-9e3e-e4a48b3eda51: shutdown FollowerState
2019-10-18 11:25:23,694 [Thread-3133] INFO  impl.RaftServerImpl (RaftServerImpl.java:setRole(184)) - f535bb4a-cba0-4f9b-9e3e-e4a48b3eda51@group-7E32184879DE: changes role from  FOLLOWER to CANDIDATE at term 518 for changeToCandidate
2019-10-18 11:25:23,694 [Thread-3133] INFO  impl.RoleInfo (RoleInfo.java:updateAndGet(143)) - f535bb4a-cba0-4f9b-9e3e-e4a48b3eda51: start LeaderElection
2019-10-18 11:25:23,720 [f535bb4a-cba0-4f9b-9e3e-e4a48b3eda51@group-7E32184879DE-LeaderElection443] INFO  impl.LeaderElection (LeaderElection.java:askForVotes(178)) - f535bb4a-cba0-4f9b-9e3e-e4a48b3eda51@group-7E32184879DE-LeaderElection443: begin an election at term 519 for -1: [f535bb4a-cba0-4f9b-9e3e-e4a48b3eda51:0.0.0.0:44706, 54aabb14-4a7d-4ab3-adbe-2e67760b87f4:0.0.0.0:43074, c652e2ee-3322-4406-8db6-1ea643cb3197:0.0.0.0:42129], old=null
2019-10-18 11:25:23,722 [grpc-default-executor-1] INFO  impl.RaftServerImpl (RaftServerImpl.java:setRole(184)) - 54aabb14-4a7d-4ab3-adbe-2e67760b87f4@group-7E32184879DE: changes role from  FOLLOWER to FOLLOWER at term 519 for recognizeCandidate:f535bb4a-cba0-4f9b-9e3e-e4a48b3eda51
2019-10-18 11:25:23,722 [grpc-default-executor-1] INFO  impl.RoleInfo (RoleInfo.java:shutdownFollowerState(121)) - 54aabb14-4a7d-4ab3-adbe-2e67760b87f4: shutdown FollowerState
2019-10-18 11:25:23,722 [grpc-default-executor-0] INFO  impl.RaftServerImpl (RaftServerImpl.java:setRole(184)) - c652e2ee-3322-4406-8db6-1ea643cb3197@group-7E32184879DE: changes role from  FOLLOWER to FOLLOWER at term 519 for recognizeCandidate:f535bb4a-cba0-4f9b-9e3e-e4a48b3eda51
2019-10-18 11:25:23,723 [grpc-default-executor-0] INFO  impl.RoleInfo (RoleInfo.java:shutdownFollowerState(121)) - c652e2ee-3322-4406-8db6-1ea643cb3197: shutdown FollowerState
2019-10-18 11:25:23,722 [grpc-default-executor-1] INFO  impl.RoleInfo (RoleInfo.java:updateAndGet(143)) - 54aabb14-4a7d-4ab3-adbe-2e67760b87f4: start FollowerState
2019-10-18 11:25:23,722 [Thread-3132] INFO  impl.FollowerState (FollowerState.java:run(117)) - 54aabb14-4a7d-4ab3-adbe-2e67760b87f4@group-7E32184879DE-FollowerState was interrupted: java.lang.InterruptedException: sleep interrupted
2019-10-18 11:25:23,723 [Thread-3131] INFO  impl.FollowerState (FollowerState.java:run(117)) - c652e2ee-3322-4406-8db6-1ea643cb3197@group-7E32184879DE-FollowerState was interrupted: java.lang.InterruptedException: sleep interrupted
2019-10-18 11:25:23,723 [grpc-default-executor-0] INFO  impl.RoleInfo (RoleInfo.java:updateAndGet(143)) - c652e2ee-3322-4406-8db6-1ea643cb3197: start FollowerState
2019-10-18 11:25:23,746 [f535bb4a-cba0-4f9b-9e3e-e4a48b3eda51@group-7E32184879DE-LeaderElection443] INFO  impl.LeaderElection (LeaderElection.java:logAndReturn(56)) - f535bb4a-cba0-4f9b-9e3e-e4a48b3eda51@group-7E32184879DE-LeaderElection443: Election REJECTED; received 2 response(s) [f535bb4a-cba0-4f9b-9e3e-e4a48b3eda51<-54aabb14-4a7d-4ab3-adbe-2e67760b87f4#0:FAIL-t519, f535bb4a-cba0-4f9b-9e3e-e4a48b3eda51<-c652e2ee-3322-4406-8db6-1ea643cb3197#0:FAIL-t519] and 0 exception(s); f535bb4a-cba0-4f9b-9e3e-e4a48b3eda51@group-7E32184879DE:t519, leader=null, voted=f535bb4a-cba0-4f9b-9e3e-e4a48b3eda51, raftlog=f535bb4a-cba0-4f9b-9e3e-e4a48b3eda51@group-7E32184879DE-SegmentedRaftLog:OPENED:c-1,f-1,i0, conf=-1: [f535bb4a-cba0-4f9b-9e3e-e4a48b3eda51:0.0.0.0:44706, 54aabb14-4a7d-4ab3-adbe-2e67760b87f4:0.0.0.0:43074, c652e2ee-3322-4406-8db6-1ea643cb3197:0.0.0.0:42129], old=null
2019-10-18 11:25:23,747 [f535bb4a-cba0-4f9b-9e3e-e4a48b3eda51@group-7E32184879DE-LeaderElection443] INFO  impl.RaftServerImpl (RaftServerImpl.java:setRole(184)) - f535bb4a-cba0-4f9b-9e3e-e4a48b3eda51@group-7E32184879DE: changes role from CANDIDATE to FOLLOWER at term 519 for DISCOVERED_A_NEW_TERM
2019-10-18 11:25:23,747 [f535bb4a-cba0-4f9b-9e3e-e4a48b3eda51@group-7E32184879DE-LeaderElection443] INFO  impl.RoleInfo (RoleInfo.java:shutdownLeaderElection(134)) - f535bb4a-cba0-4f9b-9e3e-e4a48b3eda51: shutdown LeaderElection
2019-10-18 11:25:23,747 [f535bb4a-cba0-4f9b-9e3e-e4a48b3eda51@group-7E32184879DE-LeaderElection443] INFO  impl.RoleInfo (RoleInfo.java:updateAndGet(143)) - f535bb4a-cba0-4f9b-9e3e-e4a48b3eda51: start FollowerState
2019-10-18 11:25:23,761 [Thread-3139] INFO  impl.FollowerState (FollowerState.java:run(108)) - f535bb4a-cba0-4f9b-9e3e-e4a48b3eda51@group-7E32184879DE-FollowerState: change to CANDIDATE, lastRpcTime:14ms, electionTimeout:14ms
2019-10-18 11:25:23,761 [Thread-3139] INFO  impl.RoleInfo (RoleInfo.java:shutdownFollowerState(121)) - f535bb4a-cba0-4f9b-9e3e-e4a48b3eda51: shutdown FollowerState
2019-10-18 11:25:23,762 [Thread-3139] INFO  impl.RaftServerImpl (RaftServerImpl.java:setRole(184)) - f535bb4a-cba0-4f9b-9e3e-e4a48b3eda51@group-7E32184879DE: changes role from  FOLLOWER to CANDIDATE at term 519 for changeToCandidate
2019-10-18 11:25:23,762 [Thread-3139] INFO  impl.RoleInfo (RoleInfo.java:updateAndGet(143)) - f535bb4a-cba0-4f9b-9e3e-e4a48b3eda51: start LeaderElection
2019-10-18 11:25:23,788 [f535bb4a-cba0-4f9b-9e3e-e4a48b3eda51@group-7E32184879DE-LeaderElection444] INFO  impl.LeaderElection (LeaderElection.java:askForVotes(178)) - f535bb4a-cba0-4f9b-9e3e-e4a48b3eda51@group-7E32184879DE-LeaderElection444: begin an election at term 520 for -1: [f535bb4a-cba0-4f9b-9e3e-e4a48b3eda51:0.0.0.0:44706, 54aabb14-4a7d-4ab3-adbe-2e67760b87f4:0.0.0.0:43074, c652e2ee-3322-4406-8db6-1ea643cb3197:0.0.0.0:42129], old=null
2019-10-18 11:25:23,789 [grpc-default-executor-1] INFO  impl.RaftServerImpl (RaftServerImpl.java:setRole(184)) - 54aabb14-4a7d-4ab3-adbe-2e67760b87f4@group-7E32184879DE: changes role from  FOLLOWER to FOLLOWER at term 520 for recognizeCandidate:f535bb4a-cba0-4f9b-9e3e-e4a48b3eda51
2019-10-18 11:25:23,789 [grpc-default-executor-1] INFO  impl.RoleInfo (RoleInfo.java:shutdownFollowerState(121)) - 54aabb14-4a7d-4ab3-adbe-2e67760b87f4: shutdown FollowerState
2019-10-18 11:25:23,790 [grpc-default-executor-1] INFO  impl.RoleInfo (RoleInfo.java:updateAndGet(143)) - 54aabb14-4a7d-4ab3-adbe-2e67760b87f4: start FollowerState
2019-10-18 11:25:23,790 [Thread-3137] INFO  impl.FollowerState (FollowerState.java:run(117)) - 54aabb14-4a7d-4ab3-adbe-2e67760b87f4@group-7E32184879DE-FollowerState was interrupted: java.lang.InterruptedException: sleep interrupted
2019-10-18 11:25:23,790 [grpc-default-executor-0] INFO  impl.RaftServerImpl (RaftServerImpl.java:setRole(184)) - c652e2ee-3322-4406-8db6-1ea643cb3197@group-7E32184879DE: changes role from  FOLLOWER to FOLLOWER at term 520 for recognizeCandidate:f535bb4a-cba0-4f9b-9e3e-e4a48b3eda51
2019-10-18 11:25:23,790 [grpc-default-executor-0] INFO  impl.RoleInfo (RoleInfo.java:shutdownFollowerState(121)) - c652e2ee-3322-4406-8db6-1ea643cb3197: shutdown FollowerState
2019-10-18 11:25:23,790 [grpc-default-executor-0] INFO  impl.RoleInfo (RoleInfo.java:updateAndGet(143)) - c652e2ee-3322-4406-8db6-1ea643cb3197: start FollowerState
2019-10-18 11:25:23,790 [Thread-3138] INFO  impl.FollowerState (FollowerState.java:run(117)) - c652e2ee-3322-4406-8db6-1ea643cb3197@group-7E32184879DE-FollowerState was interrupted: java.lang.InterruptedException: sleep interrupted
2019-10-18 11:25:23,814 [f535bb4a-cba0-4f9b-9e3e-e4a48b3eda51@group-7E32184879DE-LeaderElection444] INFO  impl.LeaderElection (LeaderElection.java:logAndReturn(56)) - f535bb4a-cba0-4f9b-9e3e-e4a48b3eda51@group-7E32184879DE-LeaderElection444: Election REJECTED; received 2 response(s) [f535bb4a-cba0-4f9b-9e3e-e4a48b3eda51<-54aabb14-4a7d-4ab3-adbe-2e67760b87f4#0:FAIL-t520, f535bb4a-cba0-4f9b-9e3e-e4a48b3eda51<-c652e2ee-3322-4406-8db6-1ea643cb3197#0:FAIL-t520] and 0 exception(s); f535bb4a-cba0-4f9b-9e3e-e4a48b3eda51@group-7E32184879DE:t520, leader=null, voted=f535bb4a-cba0-4f9b-9e3e-e4a48b3eda51, raftlog=f535bb4a-cba0-4f9b-9e3e-e4a48b3eda51@group-7E32184879DE-SegmentedRaftLog:OPENED:c-1,f-1,i0, conf=-1: [f535bb4a-cba0-4f9b-9e3e-e4a48b3eda51:0.0.0.0:44706, 54aabb14-4a7d-4ab3-adbe-2e67760b87f4:0.0.0.0:43074, c652e2ee-3322-4406-8db6-1ea643cb3197:0.0.0.0:42129], old=null
2019-10-18 11:25:23,814 [f535bb4a-cba0-4f9b-9e3e-e4a48b3eda51@group-7E32184879DE-LeaderElection444] INFO  impl.RaftServerImpl (RaftServerImpl.java:setRole(184)) - f535bb4a-cba0-4f9b-9e3e-e4a48b3eda51@group-7E32184879DE: changes role from CANDIDATE to FOLLOWER at term 520 for DISCOVERED_A_NEW_TERM
2019-10-18 11:25:23,814 [f535bb4a-cba0-4f9b-9e3e-e4a48b3eda51@group-7E32184879DE-LeaderElection444] INFO  impl.RoleInfo (RoleInfo.java:shutdownLeaderElection(134)) - f535bb4a-cba0-4f9b-9e3e-e4a48b3eda51: shutdown LeaderElection
2019-10-18 11:25:23,814 [f535bb4a-cba0-4f9b-9e3e-e4a48b3eda51@group-7E32184879DE-LeaderElection444] INFO  impl.RoleInfo (RoleInfo.java:updateAndGet(143)) - f535bb4a-cba0-4f9b-9e3e-e4a48b3eda51: start FollowerState
2019-10-18 11:25:23,959 [Thread-3145] INFO  impl.FollowerState (FollowerState.java:run(108)) - f535bb4a-cba0-4f9b-9e3e-e4a48b3eda51@group-7E32184879DE-FollowerState: change to CANDIDATE, lastRpcTime:144ms, electionTimeout:144ms
2019-10-18 11:25:23,959 [Thread-3145] INFO  impl.RoleInfo (RoleInfo.java:shutdownFollowerState(121)) - f535bb4a-cba0-4f9b-9e3e-e4a48b3eda51: shutdown FollowerState
2019-10-18 11:25:23,959 [Thread-3145] INFO  impl.RaftServerImpl (RaftServerImpl.java:setRole(184)) - f535bb4a-cba0-4f9b-9e3e-e4a48b3eda51@group-7E32184879DE: changes role from  FOLLOWER to CANDIDATE at term 520 for changeToCandidate
2019-10-18 11:25:23,959 [Thread-3145] INFO  impl.RoleInfo (RoleInfo.java:updateAndGet(143)) - f535bb4a-cba0-4f9b-9e3e-e4a48b3eda51: start LeaderElection
2019-10-18 11:25:23,989 [f535bb4a-cba0-4f9b-9e3e-e4a48b3eda51@group-7E32184879DE-LeaderElection445] INFO  impl.LeaderElection (LeaderElection.java:askForVotes(178)) - f535bb4a-cba0-4f9b-9e3e-e4a48b3eda51@group-7E32184879DE-LeaderElection445: begin an election at term 521 for -1: [f535bb4a-cba0-4f9b-9e3e-e4a48b3eda51:0.0.0.0:44706, 54aabb14-4a7d-4ab3-adbe-2e67760b87f4:0.0.0.0:43074, c652e2ee-3322-4406-8db6-1ea643cb3197:0.0.0.0:42129], old=null
2019-10-18 11:25:23,991 [grpc-default-executor-0] INFO  impl.RaftServerImpl (RaftServerImpl.java:setRole(184)) - 54aabb14-4a7d-4ab3-adbe-2e67760b87f4@group-7E32184879DE: changes role from  FOLLOWER to FOLLOWER at term 521 for recognizeCandidate:f535bb4a-cba0-4f9b-9e3e-e4a48b3eda51
2019-10-18 11:25:23,991 [grpc-default-executor-1] INFO  impl.RaftServerImpl (RaftServerImpl.java:setRole(184)) - c652e2ee-3322-4406-8db6-1ea643cb3197@group-7E32184879DE: changes role from  FOLLOWER to FOLLOWER at term 521 for recognizeCandidate:f535bb4a-cba0-4f9b-9e3e-e4a48b3eda51
2019-10-18 11:25:23,991 [grpc-default-executor-1] INFO  impl.RoleInfo (RoleInfo.java:shutdownFollowerState(121)) - c652e2ee-3322-4406-8db6-1ea643cb3197: shutdown FollowerState
2019-10-18 11:25:23,991 [grpc-default-executor-0] INFO  impl.RoleInfo (RoleInfo.java:shutdownFollowerState(121)) - 54aabb14-4a7d-4ab3-adbe-2e67760b87f4: shutdown FollowerState
2019-10-18 11:25:23,992 [Thread-3144] INFO  impl.FollowerState (FollowerState.java:run(117)) - c652e2ee-3322-4406-8db6-1ea643cb3197@group-7E32184879DE-FollowerState was interrupted: java.lang.InterruptedException: sleep interrupted
2019-10-18 11:25:23,992 [Thread-3143] INFO  impl.FollowerState (FollowerState.java:run(117)) - 54aabb14-4a7d-4ab3-adbe-2e67760b87f4@group-7E32184879DE-FollowerState was interrupted: java.lang.InterruptedException: sleep interrupted
2019-10-18 11:25:23,991 [grpc-default-executor-1] INFO  impl.RoleInfo (RoleInfo.java:updateAndGet(143)) - c652e2ee-3322-4406-8db6-1ea643cb3197: start FollowerState
2019-10-18 11:25:23,992 [grpc-default-executor-0] INFO  impl.RoleInfo (RoleInfo.java:updateAndGet(143)) - 54aabb14-4a7d-4ab3-adbe-2e67760b87f4: start FollowerState
2019-10-18 11:25:24,015 [f535bb4a-cba0-4f9b-9e3e-e4a48b3eda51@group-7E32184879DE-LeaderElection445] INFO  impl.LeaderElection (LeaderElection.java:logAndReturn(56)) - f535bb4a-cba0-4f9b-9e3e-e4a48b3eda51@group-7E32184879DE-LeaderElection445: Election REJECTED; received 2 response(s) [f535bb4a-cba0-4f9b-9e3e-e4a48b3eda51<-54aabb14-4a7d-4ab3-adbe-2e67760b87f4#0:FAIL-t521, f535bb4a-cba0-4f9b-9e3e-e4a48b3eda51<-c652e2ee-3322-4406-8db6-1ea643cb3197#0:FAIL-t521] and 0 exception(s); f535bb4a-cba0-4f9b-9e3e-e4a48b3eda51@group-7E32184879DE:t521, leader=null, voted=f535bb4a-cba0-4f9b-9e3e-e4a48b3eda51, raftlog=f535bb4a-cba0-4f9b-9e3e-e4a48b3eda51@group-7E32184879DE-SegmentedRaftLog:OPENED:c-1,f-1,i0, conf=-1: [f535bb4a-cba0-4f9b-9e3e-e4a48b3eda51:0.0.0.0:44706, 54aabb14-4a7d-4ab3-adbe-2e67760b87f4:0.0.0.0:43074, c652e2ee-3322-4406-8db6-1ea643cb3197:0.0.0.0:42129], old=null
2019-10-18 11:25:24,015 [f535bb4a-cba0-4f9b-9e3e-e4a48b3eda51@group-7E32184879DE-LeaderElection445] INFO  impl.RaftServerImpl (RaftServerImpl.java:setRole(184)) - f535bb4a-cba0-4f9b-9e3e-e4a48b3eda51@group-7E32184879DE: changes role from CANDIDATE to FOLLOWER at term 521 for DISCOVERED_A_NEW_TERM
2019-10-18 11:25:24,016 [f535bb4a-cba0-4f9b-9e3e-e4a48b3eda51@group-7E32184879DE-LeaderElection445] INFO  impl.RoleInfo (RoleInfo.java:shutdownLeaderElection(134)) - f535bb4a-cba0-4f9b-9e3e-e4a48b3eda51: shutdown LeaderElection
2019-10-18 11:25:24,016 [f535bb4a-cba0-4f9b-9e3e-e4a48b3eda51@group-7E32184879DE-LeaderElection445] INFO  impl.RoleInfo (RoleInfo.java:updateAndGet(143)) - f535bb4a-cba0-4f9b-9e3e-e4a48b3eda51: start FollowerState
2019-10-18 11:25:24,195 [Thread-3151] INFO  impl.FollowerState (FollowerState.java:run(108)) - f535bb4a-cba0-4f9b-9e3e-e4a48b3eda51@group-7E32184879DE-FollowerState: change to CANDIDATE, lastRpcTime:179ms, electionTimeout:179ms
2019-10-18 11:25:24,195 [Thread-3151] INFO  impl.RoleInfo (RoleInfo.java:shutdownFollowerState(121)) - f535bb4a-cba0-4f9b-9e3e-e4a48b3eda51: shutdown FollowerState
2019-10-18 11:25:24,196 [Thread-3151] INFO  impl.RaftServerImpl (RaftServerImpl.java:setRole(184)) - f535bb4a-cba0-4f9b-9e3e-e4a48b3eda51@group-7E32184879DE: changes role from  FOLLOWER to CANDIDATE at term 521 for changeToCandidate
2019-10-18 11:25:24,196 [Thread-3151] INFO  impl.RoleInfo (RoleInfo.java:updateAndGet(143)) - f535bb4a-cba0-4f9b-9e3e-e4a48b3eda51: start LeaderElection
2019-10-18 11:25:24,223 [f535bb4a-cba0-4f9b-9e3e-e4a48b3eda51@group-7E32184879DE-LeaderElection446] INFO  impl.LeaderElection (LeaderElection.java:askForVotes(178)) - f535bb4a-cba0-4f9b-9e3e-e4a48b3eda51@group-7E32184879DE-LeaderElection446: begin an election at term 522 for -1: [f535bb4a-cba0-4f9b-9e3e-e4a48b3eda51:0.0.0.0:44706, 54aabb14-4a7d-4ab3-adbe-2e67760b87f4:0.0.0.0:43074, c652e2ee-3322-4406-8db6-1ea643cb3197:0.0.0.0:42129], old=null
2019-10-18 11:25:24,225 [grpc-default-executor-0] INFO  impl.RaftServerImpl (RaftServerImpl.java:setRole(184)) - c652e2ee-3322-4406-8db6-1ea643cb3197@group-7E32184879DE: changes role from  FOLLOWER to FOLLOWER at term 522 for recognizeCandidate:f535bb4a-cba0-4f9b-9e3e-e4a48b3eda51
2019-10-18 11:25:24,225 [grpc-default-executor-1] INFO  impl.RaftServerImpl (RaftServerImpl.java:setRole(184)) - 54aabb14-4a7d-4ab3-adbe-2e67760b87f4@group-7E32184879DE: changes role from  FOLLOWER to FOLLOWER at term 522 for recognizeCandidate:f535bb4a-cba0-4f9b-9e3e-e4a48b3eda51
2019-10-18 11:25:24,225 [grpc-default-executor-1] INFO  impl.RoleInfo (RoleInfo.java:shutdownFollowerState(121)) - 54aabb14-4a7d-4ab3-adbe-2e67760b87f4: shutdown FollowerState
2019-10-18 11:25:24,225 [grpc-default-executor-0] INFO  impl.RoleInfo (RoleInfo.java:shutdownFollowerState(121)) - c652e2ee-3322-4406-8db6-1ea643cb3197: shutdown FollowerState
2019-10-18 11:25:24,225 [grpc-default-executor-1] INFO  impl.RoleInfo (RoleInfo.java:updateAndGet(143)) - 54aabb14-4a7d-4ab3-adbe-2e67760b87f4: start FollowerState
2019-10-18 11:25:24,225 [Thread-3150] INFO  impl.FollowerState (FollowerState.java:run(117)) - 54aabb14-4a7d-4ab3-adbe-2e67760b87f4@group-7E32184879DE-FollowerState was interrupted: java.lang.InterruptedException: sleep interrupted
2019-10-18 11:25:24,225 [Thread-3149] INFO  impl.FollowerState (FollowerState.java:run(117)) - c652e2ee-3322-4406-8db6-1ea643cb3197@group-7E32184879DE-FollowerState was interrupted: java.lang.InterruptedException: sleep interrupted
2019-10-18 11:25:24,225 [grpc-default-executor-0] INFO  impl.RoleInfo (RoleInfo.java:updateAndGet(143)) - c652e2ee-3322-4406-8db6-1ea643cb3197: start FollowerState
2019-10-18 11:25:24,249 [f535bb4a-cba0-4f9b-9e3e-e4a48b3eda51@group-7E32184879DE-LeaderElection446] INFO  impl.LeaderElection (LeaderElection.java:logAndReturn(56)) - f535bb4a-cba0-4f9b-9e3e-e4a48b3eda51@group-7E32184879DE-LeaderElection446: Election REJECTED; received 2 response(s) [f535bb4a-cba0-4f9b-9e3e-e4a48b3eda51<-54aabb14-4a7d-4ab3-adbe-2e67760b87f4#0:FAIL-t522, f535bb4a-cba0-4f9b-9e3e-e4a48b3eda51<-c652e2ee-3322-4406-8db6-1ea643cb3197#0:FAIL-t522] and 0 exception(s); f535bb4a-cba0-4f9b-9e3e-e4a48b3eda51@group-7E32184879DE:t522, leader=null, voted=f535bb4a-cba0-4f9b-9e3e-e4a48b3eda51, raftlog=f535bb4a-cba0-4f9b-9e3e-e4a48b3eda51@group-7E32184879DE-SegmentedRaftLog:OPENED:c-1,f-1,i0, conf=-1: [f535bb4a-cba0-4f9b-9e3e-e4a48b3eda51:0.0.0.0:44706, 54aabb14-4a7d-4ab3-adbe-2e67760b87f4:0.0.0.0:43074, c652e2ee-3322-4406-8db6-1ea643cb3197:0.0.0.0:42129], old=null
2019-10-18 11:25:24,249 [f535bb4a-cba0-4f9b-9e3e-e4a48b3eda51@group-7E32184879DE-LeaderElection446] INFO  impl.RaftServerImpl (RaftServerImpl.java:setRole(184)) - f535bb4a-cba0-4f9b-9e3e-e4a48b3eda51@group-7E32184879DE: changes role from CANDIDATE to FOLLOWER at term 522 for DISCOVERED_A_NEW_TERM
2019-10-18 11:25:24,249 [f535bb4a-cba0-4f9b-9e3e-e4a48b3eda51@group-7E32184879DE-LeaderElection446] INFO  impl.RoleInfo (RoleInfo.java:shutdownLeaderElection(134)) - f535bb4a-cba0-4f9b-9e3e-e4a48b3eda51: shutdown LeaderElection
2019-10-18 11:25:24,249 [f535bb4a-cba0-4f9b-9e3e-e4a48b3eda51@group-7E32184879DE-LeaderElection446] INFO  impl.RoleInfo (RoleInfo.java:updateAndGet(143)) - f535bb4a-cba0-4f9b-9e3e-e4a48b3eda51: start FollowerState
2019-10-18 11:25:24,294 [Thread-3157] INFO  impl.FollowerState (FollowerState.java:run(108)) - f535bb4a-cba0-4f9b-9e3e-e4a48b3eda51@group-7E32184879DE-FollowerState: change to CANDIDATE, lastRpcTime:44ms, electionTimeout:44ms
2019-10-18 11:25:24,294 [Thread-3157] INFO  impl.RoleInfo (RoleInfo.java:shutdownFollowerState(121)) - f535bb4a-cba0-4f9b-9e3e-e4a48b3eda51: shutdown FollowerState
2019-10-18 11:25:24,294 [Thread-3157] INFO  impl.RaftServerImpl (RaftServerImpl.java:setRole(184)) - f535bb4a-cba0-4f9b-9e3e-e4a48b3eda51@group-7E32184879DE: changes role from  FOLLOWER to CANDIDATE at term 522 for changeToCandidate
2019-10-18 11:25:24,294 [Thread-3157] INFO  impl.RoleInfo (RoleInfo.java:updateAndGet(143)) - f535bb4a-cba0-4f9b-9e3e-e4a48b3eda51: start LeaderElection
2019-10-18 11:25:24,323 [f535bb4a-cba0-4f9b-9e3e-e4a48b3eda51@group-7E32184879DE-LeaderElection447] INFO  impl.LeaderElection (LeaderElection.java:askForVotes(178)) - f535bb4a-cba0-4f9b-9e3e-e4a48b3eda51@group-7E32184879DE-LeaderElection447: begin an election at term 523 for -1: [f535bb4a-cba0-4f9b-9e3e-e4a48b3eda51:0.0.0.0:44706, 54aabb14-4a7d-4ab3-adbe-2e67760b87f4:0.0.0.0:43074, c652e2ee-3322-4406-8db6-1ea643cb3197:0.0.0.0:42129], old=null
2019-10-18 11:25:24,325 [grpc-default-executor-1] INFO  impl.RaftServerImpl (RaftServerImpl.java:setRole(184)) - 54aabb14-4a7d-4ab3-adbe-2e67760b87f4@group-7E32184879DE: changes role from  FOLLOWER to FOLLOWER at term 523 for recognizeCandidate:f535bb4a-cba0-4f9b-9e3e-e4a48b3eda51
2019-10-18 11:25:24,325 [grpc-default-executor-1] INFO  impl.RoleInfo (RoleInfo.java:shutdownFollowerState(121)) - 54aabb14-4a7d-4ab3-adbe-2e67760b87f4: shutdown FollowerState
2019-10-18 11:25:24,325 [grpc-default-executor-0] INFO  impl.RaftServerImpl (RaftServerImpl.java:setRole(184)) - c652e2ee-3322-4406-8db6-1ea643cb3197@group-7E32184879DE: changes role from  FOLLOWER to FOLLOWER at term 523 for recognizeCandidate:f535bb4a-cba0-4f9b-9e3e-e4a48b3eda51
2019-10-18 11:25:24,325 [Thread-3155] INFO  impl.FollowerState (FollowerState.java:run(117)) - 54aabb14-4a7d-4ab3-adbe-2e67760b87f4@group-7E32184879DE-FollowerState was interrupted: java.lang.InterruptedException: sleep interrupted
2019-10-18 11:25:24,325 [grpc-default-executor-1] INFO  impl.RoleInfo (RoleInfo.java:updateAndGet(143)) - 54aabb14-4a7d-4ab3-adbe-2e67760b87f4: start FollowerState
2019-10-18 11:25:24,325 [grpc-default-executor-0] INFO  impl.RoleInfo (RoleInfo.java:shutdownFollowerState(121)) - c652e2ee-3322-4406-8db6-1ea643cb3197: shutdown FollowerState
2019-10-18 11:25:24,326 [grpc-default-executor-0] INFO  impl.RoleInfo (RoleInfo.java:updateAndGet(143)) - c652e2ee-3322-4406-8db6-1ea643cb3197: start FollowerState
2019-10-18 11:25:24,326 [Thread-3156] INFO  impl.FollowerState (FollowerState.java:run(117)) - c652e2ee-3322-4406-8db6-1ea643cb3197@group-7E32184879DE-FollowerState was interrupted: java.lang.InterruptedException: sleep interrupted
2019-10-18 11:25:24,349 [f535bb4a-cba0-4f9b-9e3e-e4a48b3eda51@group-7E32184879DE-LeaderElection447] INFO  impl.LeaderElection (LeaderElection.java:logAndReturn(56)) - f535bb4a-cba0-4f9b-9e3e-e4a48b3eda51@group-7E32184879DE-LeaderElection447: Election REJECTED; received 2 response(s) [f535bb4a-cba0-4f9b-9e3e-e4a48b3eda51<-54aabb14-4a7d-4ab3-adbe-2e67760b87f4#0:FAIL-t523, f535bb4a-cba0-4f9b-9e3e-e4a48b3eda51<-c652e2ee-3322-4406-8db6-1ea643cb3197#0:FAIL-t523] and 0 exception(s); f535bb4a-cba0-4f9b-9e3e-e4a48b3eda51@group-7E32184879DE:t523, leader=null, voted=f535bb4a-cba0-4f9b-9e3e-e4a48b3eda51, raftlog=f535bb4a-cba0-4f9b-9e3e-e4a48b3eda51@group-7E32184879DE-SegmentedRaftLog:OPENED:c-1,f-1,i0, conf=-1: [f535bb4a-cba0-4f9b-9e3e-e4a48b3eda51:0.0.0.0:44706, 54aabb14-4a7d-4ab3-adbe-2e67760b87f4:0.0.0.0:43074, c652e2ee-3322-4406-8db6-1ea643cb3197:0.0.0.0:42129], old=null
2019-10-18 11:25:24,349 [f535bb4a-cba0-4f9b-9e3e-e4a48b3eda51@group-7E32184879DE-LeaderElection447] INFO  impl.RaftServerImpl (RaftServerImpl.java:setRole(184)) - f535bb4a-cba0-4f9b-9e3e-e4a48b3eda51@group-7E32184879DE: changes role from CANDIDATE to FOLLOWER at term 523 for DISCOVERED_A_NEW_TERM
2019-10-18 11:25:24,350 [f535bb4a-cba0-4f9b-9e3e-e4a48b3eda51@group-7E32184879DE-LeaderElection447] INFO  impl.RoleInfo (RoleInfo.java:shutdownLeaderElection(134)) - f535bb4a-cba0-4f9b-9e3e-e4a48b3eda51: shutdown LeaderElection
2019-10-18 11:25:24,350 [f535bb4a-cba0-4f9b-9e3e-e4a48b3eda51@group-7E32184879DE-LeaderElection447] INFO  impl.RoleInfo (RoleInfo.java:updateAndGet(143)) - f535bb4a-cba0-4f9b-9e3e-e4a48b3eda51: start FollowerState
2019-10-18 11:25:24,537 [Thread-3163] INFO  impl.FollowerState (FollowerState.java:run(108)) - f535bb4a-cba0-4f9b-9e3e-e4a48b3eda51@group-7E32184879DE-FollowerState: change to CANDIDATE, lastRpcTime:187ms, electionTimeout:187ms
2019-10-18 11:25:24,537 [Thread-3163] INFO  impl.RoleInfo (RoleInfo.java:shutdownFollowerState(121)) - f535bb4a-cba0-4f9b-9e3e-e4a48b3eda51: shutdown FollowerState
2019-10-18 11:25:24,537 [Thread-3163] INFO  impl.RaftServerImpl (RaftServerImpl.java:setRole(184)) - f535bb4a-cba0-4f9b-9e3e-e4a48b3eda51@group-7E32184879DE: changes role from  FOLLOWER to CANDIDATE at term 523 for changeToCandidate
2019-10-18 11:25:24,537 [Thread-3163] INFO  impl.RoleInfo (RoleInfo.java:updateAndGet(143)) - f535bb4a-cba0-4f9b-9e3e-e4a48b3eda51: start LeaderElection
2019-10-18 11:25:24,566 [f535bb4a-cba0-4f9b-9e3e-e4a48b3eda51@group-7E32184879DE-LeaderElection448] INFO  impl.LeaderElection (LeaderElection.java:askForVotes(178)) - f535bb4a-cba0-4f9b-9e3e-e4a48b3eda51@group-7E32184879DE-LeaderElection448: begin an election at term 524 for -1: [f535bb4a-cba0-4f9b-9e3e-e4a48b3eda51:0.0.0.0:44706, 54aabb14-4a7d-4ab3-adbe-2e67760b87f4:0.0.0.0:43074, c652e2ee-3322-4406-8db6-1ea643cb3197:0.0.0.0:42129], old=null
2019-10-18 11:25:24,567 [grpc-default-executor-0] INFO  impl.RaftServerImpl (RaftServerImpl.java:setRole(184)) - 54aabb14-4a7d-4ab3-adbe-2e67760b87f4@group-7E32184879DE: changes role from  FOLLOWER to FOLLOWER at term 524 for recognizeCandidate:f535bb4a-cba0-4f9b-9e3e-e4a48b3eda51
2019-10-18 11:25:24,567 [grpc-default-executor-0] INFO  impl.RoleInfo (RoleInfo.java:shutdownFollowerState(121)) - 54aabb14-4a7d-4ab3-adbe-2e67760b87f4: shutdown FollowerState
2019-10-18 11:25:24,568 [grpc-default-executor-1] INFO  impl.RaftServerImpl (RaftServerImpl.java:setRole(184)) - c652e2ee-3322-4406-8db6-1ea643cb3197@group-7E32184879DE: changes role from  FOLLOWER to FOLLOWER at term 524 for recognizeCandidate:f535bb4a-cba0-4f9b-9e3e-e4a48b3eda51
2019-10-18 11:25:24,568 [grpc-default-executor-1] INFO  impl.RoleInfo (RoleInfo.java:shutdownFollowerState(121)) - c652e2ee-3322-4406-8db6-1ea643cb3197: shutdown FollowerState
2019-10-18 11:25:24,568 [Thread-3161] INFO  impl.FollowerState (FollowerState.java:run(117)) - 54aabb14-4a7d-4ab3-adbe-2e67760b87f4@group-7E32184879DE-FollowerState was interrupted: java.lang.InterruptedException: sleep interrupted
2019-10-18 11:25:24,568 [grpc-default-executor-0] INFO  impl.RoleInfo (RoleInfo.java:updateAndGet(143)) - 54aabb14-4a7d-4ab3-adbe-2e67760b87f4: start FollowerState
2019-10-18 11:25:24,568 [Thread-3162] INFO  impl.FollowerState (FollowerState.java:run(117)) - c652e2ee-3322-4406-8db6-1ea643cb3197@group-7E32184879DE-FollowerState was interrupted: java.lang.InterruptedException: sleep interrupted
2019-10-18 11:25:24,568 [grpc-default-executor-1] INFO  impl.RoleInfo (RoleInfo.java:updateAndGet(143)) - c652e2ee-3322-4406-8db6-1ea643cb3197: start FollowerState
2019-10-18 11:25:24,592 [f535bb4a-cba0-4f9b-9e3e-e4a48b3eda51@group-7E32184879DE-LeaderElection448] INFO  impl.LeaderElection (LeaderElection.java:logAndReturn(56)) - f535bb4a-cba0-4f9b-9e3e-e4a48b3eda51@group-7E32184879DE-LeaderElection448: Election REJECTED; received 2 response(s) [f535bb4a-cba0-4f9b-9e3e-e4a48b3eda51<-54aabb14-4a7d-4ab3-adbe-2e67760b87f4#0:FAIL-t524, f535bb4a-cba0-4f9b-9e3e-e4a48b3eda51<-c652e2ee-3322-4406-8db6-1ea643cb3197#0:FAIL-t524] and 0 exception(s); f535bb4a-cba0-4f9b-9e3e-e4a48b3eda51@group-7E32184879DE:t524, leader=null, voted=f535bb4a-cba0-4f9b-9e3e-e4a48b3eda51, raftlog=f535bb4a-cba0-4f9b-9e3e-e4a48b3eda51@group-7E32184879DE-SegmentedRaftLog:OPENED:c-1,f-1,i0, conf=-1: [f535bb4a-cba0-4f9b-9e3e-e4a48b3eda51:0.0.0.0:44706, 54aabb14-4a7d-4ab3-adbe-2e67760b87f4:0.0.0.0:43074, c652e2ee-3322-4406-8db6-1ea643cb3197:0.0.0.0:42129], old=null
2019-10-18 11:25:24,592 [f535bb4a-cba0-4f9b-9e3e-e4a48b3eda51@group-7E32184879DE-LeaderElection448] INFO  impl.RaftServerImpl (RaftServerImpl.java:setRole(184)) - f535bb4a-cba0-4f9b-9e3e-e4a48b3eda51@group-7E32184879DE: changes role from CANDIDATE to FOLLOWER at term 524 for DISCOVERED_A_NEW_TERM
2019-10-18 11:25:24,592 [f535bb4a-cba0-4f9b-9e3e-e4a48b3eda51@group-7E32184879DE-LeaderElection448] INFO  impl.RoleInfo (RoleInfo.java:shutdownLeaderElection(134)) - f535bb4a-cba0-4f9b-9e3e-e4a48b3eda51: shutdown LeaderElection
2019-10-18 11:25:24,592 [f535bb4a-cba0-4f9b-9e3e-e4a48b3eda51@group-7E32184879DE-LeaderElection448] INFO  impl.RoleInfo (RoleInfo.java:updateAndGet(143)) - f535bb4a-cba0-4f9b-9e3e-e4a48b3eda51: start FollowerState
2019-10-18 11:25:24,793 [Thread-3171] INFO  impl.FollowerState (FollowerState.java:run(108)) - f535bb4a-cba0-4f9b-9e3e-e4a48b3eda51@group-7E32184879DE-FollowerState: change to CANDIDATE, lastRpcTime:200ms, electionTimeout:200ms
2019-10-18 11:25:24,793 [Thread-3171] INFO  impl.RoleInfo (RoleInfo.java:shutdownFollowerState(121)) - f535bb4a-cba0-4f9b-9e3e-e4a48b3eda51: shutdown FollowerState
2019-10-18 11:25:24,793 [Thread-3171] INFO  impl.RaftServerImpl (RaftServerImpl.java:setRole(184)) - f535bb4a-cba0-4f9b-9e3e-e4a48b3eda51@group-7E32184879DE: changes role from  FOLLOWER to CANDIDATE at term 524 for changeToCandidate
2019-10-18 11:25:24,793 [Thread-3171] INFO  impl.RoleInfo (RoleInfo.java:updateAndGet(143)) - f535bb4a-cba0-4f9b-9e3e-e4a48b3eda51: start LeaderElection
2019-10-18 11:25:24,817 [f535bb4a-cba0-4f9b-9e3e-e4a48b3eda51@group-7E32184879DE-LeaderElection449] INFO  impl.LeaderElection (LeaderElection.java:askForVotes(178)) - f535bb4a-cba0-4f9b-9e3e-e4a48b3eda51@group-7E32184879DE-LeaderElection449: begin an election at term 525 for -1: [f535bb4a-cba0-4f9b-9e3e-e4a48b3eda51:0.0.0.0:44706, 54aabb14-4a7d-4ab3-adbe-2e67760b87f4:0.0.0.0:43074, c652e2ee-3322-4406-8db6-1ea643cb3197:0.0.0.0:42129], old=null
2019-10-18 11:25:24,819 [grpc-default-executor-1] INFO  impl.RaftServerImpl (RaftServerImpl.java:setRole(184)) - 54aabb14-4a7d-4ab3-adbe-2e67760b87f4@group-7E32184879DE: changes role from  FOLLOWER to FOLLOWER at term 525 for recognizeCandidate:f535bb4a-cba0-4f9b-9e3e-e4a48b3eda51
2019-10-18 11:25:24,819 [grpc-default-executor-1] INFO  impl.RoleInfo (RoleInfo.java:shutdownFollowerState(121)) - 54aabb14-4a7d-4ab3-adbe-2e67760b87f4: shutdown FollowerState
2019-10-18 11:25:24,819 [grpc-default-executor-0] INFO  impl.RaftServerImpl (RaftServerImpl.java:setRole(184)) - c652e2ee-3322-4406-8db6-1ea643cb3197@group-7E32184879DE: changes role from  FOLLOWER to FOLLOWER at term 525 for recognizeCandidate:f535bb4a-cba0-4f9b-9e3e-e4a48b3eda51
2019-10-18 11:25:24,819 [grpc-default-executor-1] INFO  impl.RoleInfo (RoleInfo.java:updateAndGet(143)) - 54aabb14-4a7d-4ab3-adbe-2e67760b87f4: start FollowerState
2019-10-18 11:25:24,819 [Thread-3169] INFO  impl.FollowerState (FollowerState.java:run(117)) - 54aabb14-4a7d-4ab3-adbe-2e67760b87f4@group-7E32184879DE-FollowerState was interrupted: java.lang.InterruptedException: sleep interrupted
2019-10-18 11:25:24,819 [grpc-default-executor-0] INFO  impl.RoleInfo (RoleInfo.java:shutdownFollowerState(121)) - c652e2ee-3322-4406-8db6-1ea643cb3197: shutdown FollowerState
2019-10-18 11:25:24,820 [grpc-default-executor-0] INFO  impl.RoleInfo (RoleInfo.java:updateAndGet(143)) - c652e2ee-3322-4406-8db6-1ea643cb3197: start FollowerState
2019-10-18 11:25:24,820 [Thread-3170] INFO  impl.FollowerState (FollowerState.java:run(117)) - c652e2ee-3322-4406-8db6-1ea643cb3197@group-7E32184879DE-FollowerState was interrupted: java.lang.InterruptedException: sleep interrupted
2019-10-18 11:25:24,843 [f535bb4a-cba0-4f9b-9e3e-e4a48b3eda51@group-7E32184879DE-LeaderElection449] INFO  impl.LeaderElection (LeaderElection.java:logAndReturn(56)) - f535bb4a-cba0-4f9b-9e3e-e4a48b3eda51@group-7E32184879DE-LeaderElection449: Election REJECTED; received 2 response(s) [f535bb4a-cba0-4f9b-9e3e-e4a48b3eda51<-54aabb14-4a7d-4ab3-adbe-2e67760b87f4#0:FAIL-t525, f535bb4a-cba0-4f9b-9e3e-e4a48b3eda51<-c652e2ee-3322-4406-8db6-1ea643cb3197#0:FAIL-t525] and 0 exception(s); f535bb4a-cba0-4f9b-9e3e-e4a48b3eda51@group-7E32184879DE:t525, leader=null, voted=f535bb4a-cba0-4f9b-9e3e-e4a48b3eda51, raftlog=f535bb4a-cba0-4f9b-9e3e-e4a48b3eda51@group-7E32184879DE-SegmentedRaftLog:OPENED:c-1,f-1,i0, conf=-1: [f535bb4a-cba0-4f9b-9e3e-e4a48b3eda51:0.0.0.0:44706, 54aabb14-4a7d-4ab3-adbe-2e67760b87f4:0.0.0.0:43074, c652e2ee-3322-4406-8db6-1ea643cb3197:0.0.0.0:42129], old=null
2019-10-18 11:25:24,843 [f535bb4a-cba0-4f9b-9e3e-e4a48b3eda51@group-7E32184879DE-LeaderElection449] INFO  impl.RaftServerImpl (RaftServerImpl.java:setRole(184)) - f535bb4a-cba0-4f9b-9e3e-e4a48b3eda51@group-7E32184879DE: changes role from CANDIDATE to FOLLOWER at term 525 for DISCOVERED_A_NEW_TERM
2019-10-18 11:25:24,843 [f535bb4a-cba0-4f9b-9e3e-e4a48b3eda51@group-7E32184879DE-LeaderElection449] INFO  impl.RoleInfo (RoleInfo.java:shutdownLeaderElection(134)) - f535bb4a-cba0-4f9b-9e3e-e4a48b3eda51: shutdown LeaderElection
2019-10-18 11:25:24,843 [f535bb4a-cba0-4f9b-9e3e-e4a48b3eda51@group-7E32184879DE-LeaderElection449] INFO  impl.RoleInfo (RoleInfo.java:updateAndGet(143)) - f535bb4a-cba0-4f9b-9e3e-e4a48b3eda51: start FollowerState
2019-10-18 11:25:25,028 [Thread-3177] INFO  impl.FollowerState (FollowerState.java:run(108)) - f535bb4a-cba0-4f9b-9e3e-e4a48b3eda51@group-7E32184879DE-FollowerState: change to CANDIDATE, lastRpcTime:184ms, electionTimeout:184ms
2019-10-18 11:25:25,028 [Thread-3177] INFO  impl.RoleInfo (RoleInfo.java:shutdownFollowerState(121)) - f535bb4a-cba0-4f9b-9e3e-e4a48b3eda51: shutdown FollowerState
2019-10-18 11:25:25,028 [Thread-3177] INFO  impl.RaftServerImpl (RaftServerImpl.java:setRole(184)) - f535bb4a-cba0-4f9b-9e3e-e4a48b3eda51@group-7E32184879DE: changes role from  FOLLOWER to CANDIDATE at term 525 for changeToCandidate
2019-10-18 11:25:25,028 [Thread-3177] INFO  impl.RoleInfo (RoleInfo.java:updateAndGet(143)) - f535bb4a-cba0-4f9b-9e3e-e4a48b3eda51: start LeaderElection
2019-10-18 11:25:25,059 [f535bb4a-cba0-4f9b-9e3e-e4a48b3eda51@group-7E32184879DE-LeaderElection450] INFO  impl.LeaderElection (LeaderElection.java:askForVotes(178)) - f535bb4a-cba0-4f9b-9e3e-e4a48b3eda51@group-7E32184879DE-LeaderElection450: begin an election at term 526 for -1: [f535bb4a-cba0-4f9b-9e3e-e4a48b3eda51:0.0.0.0:44706, 54aabb14-4a7d-4ab3-adbe-2e67760b87f4:0.0.0.0:43074, c652e2ee-3322-4406-8db6-1ea643cb3197:0.0.0.0:42129], old=null
2019-10-18 11:25:25,061 [grpc-default-executor-1] INFO  impl.RaftServerImpl (RaftServerImpl.java:setRole(184)) - 54aabb14-4a7d-4ab3-adbe-2e67760b87f4@group-7E32184879DE: changes role from  FOLLOWER to FOLLOWER at term 526 for recognizeCandidate:f535bb4a-cba0-4f9b-9e3e-e4a48b3eda51
2019-10-18 11:25:25,061 [grpc-default-executor-0] INFO  impl.RaftServerImpl (RaftServerImpl.java:setRole(184)) - c652e2ee-3322-4406-8db6-1ea643cb3197@group-7E32184879DE: changes role from  FOLLOWER to FOLLOWER at term 526 for recognizeCandidate:f535bb4a-cba0-4f9b-9e3e-e4a48b3eda51
2019-10-18 11:25:25,061 [grpc-default-executor-0] INFO  impl.RoleInfo (RoleInfo.java:shutdownFollowerState(121)) - c652e2ee-3322-4406-8db6-1ea643cb3197: shutdown FollowerState
2019-10-18 11:25:25,061 [grpc-default-executor-1] INFO  impl.RoleInfo (RoleInfo.java:shutdownFollowerState(121)) - 54aabb14-4a7d-4ab3-adbe-2e67760b87f4: shutdown FollowerState
2019-10-18 11:25:25,061 [Thread-3176] INFO  impl.FollowerState (FollowerState.java:run(117)) - c652e2ee-3322-4406-8db6-1ea643cb3197@group-7E32184879DE-FollowerState was interrupted: java.lang.InterruptedException: sleep interrupted
2019-10-18 11:25:25,061 [Thread-3175] INFO  impl.FollowerState (FollowerState.java:run(117)) - 54aabb14-4a7d-4ab3-adbe-2e67760b87f4@group-7E32184879DE-FollowerState was interrupted: java.lang.InterruptedException: sleep interrupted
2019-10-18 11:25:25,061 [grpc-default-executor-0] INFO  impl.RoleInfo (RoleInfo.java:updateAndGet(143)) - c652e2ee-3322-4406-8db6-1ea643cb3197: start FollowerState
2019-10-18 11:25:25,061 [grpc-default-executor-1] INFO  impl.RoleInfo (RoleInfo.java:updateAndGet(143)) - 54aabb14-4a7d-4ab3-adbe-2e67760b87f4: start FollowerState
2019-10-18 11:25:25,068 [f535bb4a-cba0-4f9b-9e3e-e4a48b3eda51@group-7E32184879DE-LeaderElection450] INFO  impl.LeaderElection (LeaderElection.java:logAndReturn(56)) - f535bb4a-cba0-4f9b-9e3e-e4a48b3eda51@group-7E32184879DE-LeaderElection450: Election TIMEOUT; received 0 response(s) [] and 0 exception(s); f535bb4a-cba0-4f9b-9e3e-e4a48b3eda51@group-7E32184879DE:t526, leader=null, voted=f535bb4a-cba0-4f9b-9e3e-e4a48b3eda51, raftlog=f535bb4a-cba0-4f9b-9e3e-e4a48b3eda51@group-7E32184879DE-SegmentedRaftLog:OPENED:c-1,f-1,i0, conf=-1: [f535bb4a-cba0-4f9b-9e3e-e4a48b3eda51:0.0.0.0:44706, 54aabb14-4a7d-4ab3-adbe-2e67760b87f4:0.0.0.0:43074, c652e2ee-3322-4406-8db6-1ea643cb3197:0.0.0.0:42129], old=null
2019-10-18 11:25:25,085 [f535bb4a-cba0-4f9b-9e3e-e4a48b3eda51@group-7E32184879DE-LeaderElection450] INFO  impl.LeaderElection (LeaderElection.java:askForVotes(178)) - f535bb4a-cba0-4f9b-9e3e-e4a48b3eda51@group-7E32184879DE-LeaderElection450: begin an election at term 527 for -1: [f535bb4a-cba0-4f9b-9e3e-e4a48b3eda51:0.0.0.0:44706, 54aabb14-4a7d-4ab3-adbe-2e67760b87f4:0.0.0.0:43074, c652e2ee-3322-4406-8db6-1ea643cb3197:0.0.0.0:42129], old=null
2019-10-18 11:25:25,086 [grpc-default-executor-0] INFO  impl.RaftServerImpl (RaftServerImpl.java:setRole(184)) - 54aabb14-4a7d-4ab3-adbe-2e67760b87f4@group-7E32184879DE: changes role from  FOLLOWER to FOLLOWER at term 527 for recognizeCandidate:f535bb4a-cba0-4f9b-9e3e-e4a48b3eda51
2019-10-18 11:25:25,086 [grpc-default-executor-0] INFO  impl.RoleInfo (RoleInfo.java:shutdownFollowerState(121)) - 54aabb14-4a7d-4ab3-adbe-2e67760b87f4: shutdown FollowerState
2019-10-18 11:25:25,086 [grpc-default-executor-0] INFO  impl.RoleInfo (RoleInfo.java:updateAndGet(143)) - 54aabb14-4a7d-4ab3-adbe-2e67760b87f4: start FollowerState
2019-10-18 11:25:25,086 [grpc-default-executor-1] INFO  impl.RaftServerImpl (RaftServerImpl.java:setRole(184)) - c652e2ee-3322-4406-8db6-1ea643cb3197@group-7E32184879DE: changes role from  FOLLOWER to FOLLOWER at term 527 for recognizeCandidate:f535bb4a-cba0-4f9b-9e3e-e4a48b3eda51
2019-10-18 11:25:25,086 [grpc-default-executor-1] INFO  impl.RoleInfo (RoleInfo.java:shutdownFollowerState(121)) - c652e2ee-3322-4406-8db6-1ea643cb3197: shutdown FollowerState
2019-10-18 11:25:25,086 [Thread-3182] INFO  impl.FollowerState (FollowerState.java:run(117)) - 54aabb14-4a7d-4ab3-adbe-2e67760b87f4@group-7E32184879DE-FollowerState was interrupted: java.lang.InterruptedException: sleep interrupted
2019-10-18 11:25:25,087 [Thread-3181] INFO  impl.FollowerState (FollowerState.java:run(117)) - c652e2ee-3322-4406-8db6-1ea643cb3197@group-7E32184879DE-FollowerState was interrupted: java.lang.InterruptedException: sleep interrupted
2019-10-18 11:25:25,087 [grpc-default-executor-1] INFO  impl.RoleInfo (RoleInfo.java:updateAndGet(143)) - c652e2ee-3322-4406-8db6-1ea643cb3197: start FollowerState
2019-10-18 11:25:25,110 [f535bb4a-cba0-4f9b-9e3e-e4a48b3eda51@group-7E32184879DE-LeaderElection450] INFO  impl.LeaderElection (LeaderElection.java:logAndReturn(56)) - f535bb4a-cba0-4f9b-9e3e-e4a48b3eda51@group-7E32184879DE-LeaderElection450: Election REJECTED; received 2 response(s) [f535bb4a-cba0-4f9b-9e3e-e4a48b3eda51<-54aabb14-4a7d-4ab3-adbe-2e67760b87f4#0:FAIL-t527, f535bb4a-cba0-4f9b-9e3e-e4a48b3eda51<-c652e2ee-3322-4406-8db6-1ea643cb3197#0:FAIL-t527] and 0 exception(s); f535bb4a-cba0-4f9b-9e3e-e4a48b3eda51@group-7E32184879DE:t527, leader=null, voted=f535bb4a-cba0-4f9b-9e3e-e4a48b3eda51, raftlog=f535bb4a-cba0-4f9b-9e3e-e4a48b3eda51@group-7E32184879DE-SegmentedRaftLog:OPENED:c-1,f-1,i0, conf=-1: [f535bb4a-cba0-4f9b-9e3e-e4a48b3eda51:0.0.0.0:44706, 54aabb14-4a7d-4ab3-adbe-2e67760b87f4:0.0.0.0:43074, c652e2ee-3322-4406-8db6-1ea643cb3197:0.0.0.0:42129], old=null
2019-10-18 11:25:25,111 [f535bb4a-cba0-4f9b-9e3e-e4a48b3eda51@group-7E32184879DE-LeaderElection450] INFO  impl.RaftServerImpl (RaftServerImpl.java:setRole(184)) - f535bb4a-cba0-4f9b-9e3e-e4a48b3eda51@group-7E32184879DE: changes role from CANDIDATE to FOLLOWER at term 527 for DISCOVERED_A_NEW_TERM
2019-10-18 11:25:25,111 [f535bb4a-cba0-4f9b-9e3e-e4a48b3eda51@group-7E32184879DE-LeaderElection450] INFO  impl.RoleInfo (RoleInfo.java:shutdownLeaderElection(134)) - f535bb4a-cba0-4f9b-9e3e-e4a48b3eda51: shutdown LeaderElection
2019-10-18 11:25:25,111 [f535bb4a-cba0-4f9b-9e3e-e4a48b3eda51@group-7E32184879DE-LeaderElection450] INFO  impl.RoleInfo (RoleInfo.java:updateAndGet(143)) - f535bb4a-cba0-4f9b-9e3e-e4a48b3eda51: start FollowerState
2019-10-18 11:25:25,186 [Thread-3187] INFO  impl.FollowerState (FollowerState.java:run(108)) - f535bb4a-cba0-4f9b-9e3e-e4a48b3eda51@group-7E32184879DE-FollowerState: change to CANDIDATE, lastRpcTime:75ms, electionTimeout:75ms
2019-10-18 11:25:25,186 [Thread-3187] INFO  impl.RoleInfo (RoleInfo.java:shutdownFollowerState(121)) - f535bb4a-cba0-4f9b-9e3e-e4a48b3eda51: shutdown FollowerState
2019-10-18 11:25:25,186 [Thread-3187] INFO  impl.RaftServerImpl (RaftServerImpl.java:setRole(184)) - f535bb4a-cba0-4f9b-9e3e-e4a48b3eda51@group-7E32184879DE: changes role from  FOLLOWER to CANDIDATE at term 527 for changeToCandidate
2019-10-18 11:25:25,187 [Thread-3187] INFO  impl.RoleInfo (RoleInfo.java:updateAndGet(143)) - f535bb4a-cba0-4f9b-9e3e-e4a48b3eda51: start LeaderElection
2019-10-18 11:25:25,210 [f535bb4a-cba0-4f9b-9e3e-e4a48b3eda51@group-7E32184879DE-LeaderElection451] INFO  impl.LeaderElection (LeaderElection.java:askForVotes(178)) - f535bb4a-cba0-4f9b-9e3e-e4a48b3eda51@group-7E32184879DE-LeaderElection451: begin an election at term 528 for -1: [f535bb4a-cba0-4f9b-9e3e-e4a48b3eda51:0.0.0.0:44706, 54aabb14-4a7d-4ab3-adbe-2e67760b87f4:0.0.0.0:43074, c652e2ee-3322-4406-8db6-1ea643cb3197:0.0.0.0:42129], old=null
2019-10-18 11:25:25,211 [grpc-default-executor-0] INFO  impl.RaftServerImpl (RaftServerImpl.java:setRole(184)) - 54aabb14-4a7d-4ab3-adbe-2e67760b87f4@group-7E32184879DE: changes role from  FOLLOWER to FOLLOWER at term 528 for recognizeCandidate:f535bb4a-cba0-4f9b-9e3e-e4a48b3eda51
2019-10-18 11:25:25,211 [grpc-default-executor-0] INFO  impl.RoleInfo (RoleInfo.java:shutdownFollowerState(121)) - 54aabb14-4a7d-4ab3-adbe-2e67760b87f4: shutdown FollowerState
2019-10-18 11:25:25,212 [grpc-default-executor-1] INFO  impl.RaftServerImpl (RaftServerImpl.java:setRole(184)) - c652e2ee-3322-4406-8db6-1ea643cb3197@group-7E32184879DE: changes role from  FOLLOWER to FOLLOWER at term 528 for recognizeCandidate:f535bb4a-cba0-4f9b-9e3e-e4a48b3eda51
2019-10-18 11:25:25,212 [grpc-default-executor-1] INFO  impl.RoleInfo (RoleInfo.java:shutdownFollowerState(121)) - c652e2ee-3322-4406-8db6-1ea643cb3197: shutdown FollowerState
2019-10-18 11:25:25,212 [Thread-3185] INFO  impl.FollowerState (FollowerState.java:run(117)) - 54aabb14-4a7d-4ab3-adbe-2e67760b87f4@group-7E32184879DE-FollowerState was interrupted: java.lang.InterruptedException: sleep interrupted
2019-10-18 11:25:25,212 [Thread-3186] INFO  impl.FollowerState (FollowerState.java:run(117)) - c652e2ee-3322-4406-8db6-1ea643cb3197@group-7E32184879DE-FollowerState was interrupted: java.lang.InterruptedException: sleep interrupted
2019-10-18 11:25:25,212 [grpc-default-executor-0] INFO  impl.RoleInfo (RoleInfo.java:updateAndGet(143)) - 54aabb14-4a7d-4ab3-adbe-2e67760b87f4: start FollowerState
2019-10-18 11:25:25,212 [grpc-default-executor-1] INFO  impl.RoleInfo (RoleInfo.java:updateAndGet(143)) - c652e2ee-3322-4406-8db6-1ea643cb3197: start FollowerState
2019-10-18 11:25:25,236 [f535bb4a-cba0-4f9b-9e3e-e4a48b3eda51@group-7E32184879DE-LeaderElection451] INFO  impl.LeaderElection (LeaderElection.java:logAndReturn(56)) - f535bb4a-cba0-4f9b-9e3e-e4a48b3eda51@group-7E32184879DE-LeaderElection451: Election REJECTED; received 2 response(s) [f535bb4a-cba0-4f9b-9e3e-e4a48b3eda51<-54aabb14-4a7d-4ab3-adbe-2e67760b87f4#0:FAIL-t528, f535bb4a-cba0-4f9b-9e3e-e4a48b3eda51<-c652e2ee-3322-4406-8db6-1ea643cb3197#0:FAIL-t528] and 0 exception(s); f535bb4a-cba0-4f9b-9e3e-e4a48b3eda51@group-7E32184879DE:t528, leader=null, voted=f535bb4a-cba0-4f9b-9e3e-e4a48b3eda51, raftlog=f535bb4a-cba0-4f9b-9e3e-e4a48b3eda51@group-7E32184879DE-SegmentedRaftLog:OPENED:c-1,f-1,i0, conf=-1: [f535bb4a-cba0-4f9b-9e3e-e4a48b3eda51:0.0.0.0:44706, 54aabb14-4a7d-4ab3-adbe-2e67760b87f4:0.0.0.0:43074, c652e2ee-3322-4406-8db6-1ea643cb3197:0.0.0.0:42129], old=null
2019-10-18 11:25:25,236 [f535bb4a-cba0-4f9b-9e3e-e4a48b3eda51@group-7E32184879DE-LeaderElection451] INFO  impl.RaftServerImpl (RaftServerImpl.java:setRole(184)) - f535bb4a-cba0-4f9b-9e3e-e4a48b3eda51@group-7E32184879DE: changes role from CANDIDATE to FOLLOWER at term 528 for DISCOVERED_A_NEW_TERM
2019-10-18 11:25:25,236 [f535bb4a-cba0-4f9b-9e3e-e4a48b3eda51@group-7E32184879DE-LeaderElection451] INFO  impl.RoleInfo (RoleInfo.java:shutdownLeaderElection(134)) - f535bb4a-cba0-4f9b-9e3e-e4a48b3eda51: shutdown LeaderElection
2019-10-18 11:25:25,236 [f535bb4a-cba0-4f9b-9e3e-e4a48b3eda51@group-7E32184879DE-LeaderElection451] INFO  impl.RoleInfo (RoleInfo.java:updateAndGet(143)) - f535bb4a-cba0-4f9b-9e3e-e4a48b3eda51: start FollowerState
2019-10-18 11:25:25,414 [Thread-3193] INFO  impl.FollowerState (FollowerState.java:run(108)) - f535bb4a-cba0-4f9b-9e3e-e4a48b3eda51@group-7E32184879DE-FollowerState: change to CANDIDATE, lastRpcTime:177ms, electionTimeout:177ms
2019-10-18 11:25:25,414 [Thread-3193] INFO  impl.RoleInfo (RoleInfo.java:shutdownFollowerState(121)) - f535bb4a-cba0-4f9b-9e3e-e4a48b3eda51: shutdown FollowerState
2019-10-18 11:25:25,414 [Thread-3193] INFO  impl.RaftServerImpl (RaftServerImpl.java:setRole(184)) - f535bb4a-cba0-4f9b-9e3e-e4a48b3eda51@group-7E32184879DE: changes role from  FOLLOWER to CANDIDATE at term 528 for changeToCandidate
2019-10-18 11:25:25,414 [Thread-3193] INFO  impl.RoleInfo (RoleInfo.java:updateAndGet(143)) - f535bb4a-cba0-4f9b-9e3e-e4a48b3eda51: start LeaderElection
2019-10-18 11:25:25,444 [f535bb4a-cba0-4f9b-9e3e-e4a48b3eda51@group-7E32184879DE-LeaderElection452] INFO  impl.LeaderElection (LeaderElection.java:askForVotes(178)) - f535bb4a-cba0-4f9b-9e3e-e4a48b3eda51@group-7E32184879DE-LeaderElection452: begin an election at term 529 for -1: [f535bb4a-cba0-4f9b-9e3e-e4a48b3eda51:0.0.0.0:44706, 54aabb14-4a7d-4ab3-adbe-2e67760b87f4:0.0.0.0:43074, c652e2ee-3322-4406-8db6-1ea643cb3197:0.0.0.0:42129], old=null
2019-10-18 11:25:25,446 [grpc-default-executor-0] INFO  impl.RaftServerImpl (RaftServerImpl.java:setRole(184)) - 54aabb14-4a7d-4ab3-adbe-2e67760b87f4@group-7E32184879DE: changes role from  FOLLOWER to FOLLOWER at term 529 for recognizeCandidate:f535bb4a-cba0-4f9b-9e3e-e4a48b3eda51
2019-10-18 11:25:25,446 [grpc-default-executor-1] INFO  impl.RaftServerImpl (RaftServerImpl.java:setRole(184)) - c652e2ee-3322-4406-8db6-1ea643cb3197@group-7E32184879DE: changes role from  FOLLOWER to FOLLOWER at term 529 for recognizeCandidate:f535bb4a-cba0-4f9b-9e3e-e4a48b3eda51
2019-10-18 11:25:25,446 [grpc-default-executor-1] INFO  impl.RoleInfo (RoleInfo.java:shutdownFollowerState(121)) - c652e2ee-3322-4406-8db6-1ea643cb3197: shutdown FollowerState
2019-10-18 11:25:25,446 [grpc-default-executor-0] INFO  impl.RoleInfo (RoleInfo.java:shutdownFollowerState(121)) - 54aabb14-4a7d-4ab3-adbe-2e67760b87f4: shutdown FollowerState
2019-10-18 11:25:25,446 [Thread-3192] INFO  impl.FollowerState (FollowerState.java:run(117)) - c652e2ee-3322-4406-8db6-1ea643cb3197@group-7E32184879DE-FollowerState was interrupted: java.lang.InterruptedException: sleep interrupted
2019-10-18 11:25:25,446 [grpc-default-executor-1] INFO  impl.RoleInfo (RoleInfo.java:updateAndGet(143)) - c652e2ee-3322-4406-8db6-1ea643cb3197: start FollowerState
2019-10-18 11:25:25,446 [Thread-3191] INFO  impl.FollowerState (FollowerState.java:run(117)) - 54aabb14-4a7d-4ab3-adbe-2e67760b87f4@group-7E32184879DE-FollowerState was interrupted: java.lang.InterruptedException: sleep interrupted
2019-10-18 11:25:25,446 [grpc-default-executor-0] INFO  impl.RoleInfo (RoleInfo.java:updateAndGet(143)) - 54aabb14-4a7d-4ab3-adbe-2e67760b87f4: start FollowerState
2019-10-18 11:25:25,470 [f535bb4a-cba0-4f9b-9e3e-e4a48b3eda51@group-7E32184879DE-LeaderElection452] INFO  impl.LeaderElection (LeaderElection.java:logAndReturn(56)) - f535bb4a-cba0-4f9b-9e3e-e4a48b3eda51@group-7E32184879DE-LeaderElection452: Election REJECTED; received 2 response(s) [f535bb4a-cba0-4f9b-9e3e-e4a48b3eda51<-54aabb14-4a7d-4ab3-adbe-2e67760b87f4#0:FAIL-t529, f535bb4a-cba0-4f9b-9e3e-e4a48b3eda51<-c652e2ee-3322-4406-8db6-1ea643cb3197#0:FAIL-t529] and 0 exception(s); f535bb4a-cba0-4f9b-9e3e-e4a48b3eda51@group-7E32184879DE:t529, leader=null, voted=f535bb4a-cba0-4f9b-9e3e-e4a48b3eda51, raftlog=f535bb4a-cba0-4f9b-9e3e-e4a48b3eda51@group-7E32184879DE-SegmentedRaftLog:OPENED:c-1,f-1,i0, conf=-1: [f535bb4a-cba0-4f9b-9e3e-e4a48b3eda51:0.0.0.0:44706, 54aabb14-4a7d-4ab3-adbe-2e67760b87f4:0.0.0.0:43074, c652e2ee-3322-4406-8db6-1ea643cb3197:0.0.0.0:42129], old=null
2019-10-18 11:25:25,470 [f535bb4a-cba0-4f9b-9e3e-e4a48b3eda51@group-7E32184879DE-LeaderElection452] INFO  impl.RaftServerImpl (RaftServerImpl.java:setRole(184)) - f535bb4a-cba0-4f9b-9e3e-e4a48b3eda51@group-7E32184879DE: changes role from CANDIDATE to FOLLOWER at term 529 for DISCOVERED_A_NEW_TERM
2019-10-18 11:25:25,470 [f535bb4a-cba0-4f9b-9e3e-e4a48b3eda51@group-7E32184879DE-LeaderElection452] INFO  impl.RoleInfo (RoleInfo.java:shutdownLeaderElection(134)) - f535bb4a-cba0-4f9b-9e3e-e4a48b3eda51: shutdown LeaderElection
2019-10-18 11:25:25,471 [f535bb4a-cba0-4f9b-9e3e-e4a48b3eda51@group-7E32184879DE-LeaderElection452] INFO  impl.RoleInfo (RoleInfo.java:updateAndGet(143)) - f535bb4a-cba0-4f9b-9e3e-e4a48b3eda51: start FollowerState
2019-10-18 11:25:25,654 [Thread-3199] INFO  impl.FollowerState (FollowerState.java:run(108)) - f535bb4a-cba0-4f9b-9e3e-e4a48b3eda51@group-7E32184879DE-FollowerState: change to CANDIDATE, lastRpcTime:183ms, electionTimeout:183ms
2019-10-18 11:25:25,654 [Thread-3199] INFO  impl.RoleInfo (RoleInfo.java:shutdownFollowerState(121)) - f535bb4a-cba0-4f9b-9e3e-e4a48b3eda51: shutdown FollowerState
2019-10-18 11:25:25,654 [Thread-3199] INFO  impl.RaftServerImpl (RaftServerImpl.java:setRole(184)) - f535bb4a-cba0-4f9b-9e3e-e4a48b3eda51@group-7E32184879DE: changes role from  FOLLOWER to CANDIDATE at term 529 for changeToCandidate
2019-10-18 11:25:25,654 [Thread-3199] INFO  impl.RoleInfo (RoleInfo.java:updateAndGet(143)) - f535bb4a-cba0-4f9b-9e3e-e4a48b3eda51: start LeaderElection
2019-10-18 11:25:25,678 [f535bb4a-cba0-4f9b-9e3e-e4a48b3eda51@group-7E32184879DE-LeaderElection453] INFO  impl.LeaderElection (LeaderElection.java:askForVotes(178)) - f535bb4a-cba0-4f9b-9e3e-e4a48b3eda51@group-7E32184879DE-LeaderElection453: begin an election at term 530 for -1: [f535bb4a-cba0-4f9b-9e3e-e4a48b3eda51:0.0.0.0:44706, 54aabb14-4a7d-4ab3-adbe-2e67760b87f4:0.0.0.0:43074, c652e2ee-3322-4406-8db6-1ea643cb3197:0.0.0.0:42129], old=null
2019-10-18 11:25:25,680 [grpc-default-executor-1] INFO  impl.RaftServerImpl (RaftServerImpl.java:setRole(184)) - 54aabb14-4a7d-4ab3-adbe-2e67760b87f4@group-7E32184879DE: changes role from  FOLLOWER to FOLLOWER at term 530 for recognizeCandidate:f535bb4a-cba0-4f9b-9e3e-e4a48b3eda51
2019-10-18 11:25:25,680 [grpc-default-executor-0] INFO  impl.RaftServerImpl (RaftServerImpl.java:setRole(184)) - c652e2ee-3322-4406-8db6-1ea643cb3197@group-7E32184879DE: changes role from  FOLLOWER to FOLLOWER at term 530 for recognizeCandidate:f535bb4a-cba0-4f9b-9e3e-e4a48b3eda51
2019-10-18 11:25:25,680 [grpc-default-executor-0] INFO  impl.RoleInfo (RoleInfo.java:shutdownFollowerState(121)) - c652e2ee-3322-4406-8db6-1ea643cb3197: shutdown FollowerState
2019-10-18 11:25:25,680 [grpc-default-executor-1] INFO  impl.RoleInfo (RoleInfo.java:shutdownFollowerState(121)) - 54aabb14-4a7d-4ab3-adbe-2e67760b87f4: shutdown FollowerState
2019-10-18 11:25:25,680 [Thread-3197] INFO  impl.FollowerState (FollowerState.java:run(117)) - c652e2ee-3322-4406-8db6-1ea643cb3197@group-7E32184879DE-FollowerState was interrupted: java.lang.InterruptedException: sleep interrupted
2019-10-18 11:25:25,680 [grpc-default-executor-0] INFO  impl.RoleInfo (RoleInfo.java:updateAndGet(143)) - c652e2ee-3322-4406-8db6-1ea643cb3197: start FollowerState
2019-10-18 11:25:25,681 [Thread-3198] INFO  impl.FollowerState (FollowerState.java:run(117)) - 54aabb14-4a7d-4ab3-adbe-2e67760b87f4@group-7E32184879DE-FollowerState was interrupted: java.lang.InterruptedException: sleep interrupted
2019-10-18 11:25:25,681 [grpc-default-executor-1] INFO  impl.RoleInfo (RoleInfo.java:updateAndGet(143)) - 54aabb14-4a7d-4ab3-adbe-2e67760b87f4: start FollowerState
2019-10-18 11:25:25,706 [f535bb4a-cba0-4f9b-9e3e-e4a48b3eda51@group-7E32184879DE-LeaderElection453] INFO  impl.LeaderElection (LeaderElection.java:logAndReturn(56)) - f535bb4a-cba0-4f9b-9e3e-e4a48b3eda51@group-7E32184879DE-LeaderElection453: Election REJECTED; received 2 response(s) [f535bb4a-cba0-4f9b-9e3e-e4a48b3eda51<-54aabb14-4a7d-4ab3-adbe-2e67760b87f4#0:FAIL-t530, f535bb4a-cba0-4f9b-9e3e-e4a48b3eda51<-c652e2ee-3322-4406-8db6-1ea643cb3197#0:FAIL-t530] and 0 exception(s); f535bb4a-cba0-4f9b-9e3e-e4a48b3eda51@group-7E32184879DE:t530, leader=null, voted=f535bb4a-cba0-4f9b-9e3e-e4a48b3eda51, raftlog=f535bb4a-cba0-4f9b-9e3e-e4a48b3eda51@group-7E32184879DE-SegmentedRaftLog:OPENED:c-1,f-1,i0, conf=-1: [f535bb4a-cba0-4f9b-9e3e-e4a48b3eda51:0.0.0.0:44706, 54aabb14-4a7d-4ab3-adbe-2e67760b87f4:0.0.0.0:43074, c652e2ee-3322-4406-8db6-1ea643cb3197:0.0.0.0:42129], old=null
2019-10-18 11:25:25,706 [f535bb4a-cba0-4f9b-9e3e-e4a48b3eda51@group-7E32184879DE-LeaderElection453] INFO  impl.RaftServerImpl (RaftServerImpl.java:setRole(184)) - f535bb4a-cba0-4f9b-9e3e-e4a48b3eda51@group-7E32184879DE: changes role from CANDIDATE to FOLLOWER at term 530 for DISCOVERED_A_NEW_TERM
2019-10-18 11:25:25,706 [f535bb4a-cba0-4f9b-9e3e-e4a48b3eda51@group-7E32184879DE-LeaderElection453] INFO  impl.RoleInfo (RoleInfo.java:shutdownLeaderElection(134)) - f535bb4a-cba0-4f9b-9e3e-e4a48b3eda51: shutdown LeaderElection
2019-10-18 11:25:25,706 [f535bb4a-cba0-4f9b-9e3e-e4a48b3eda51@group-7E32184879DE-LeaderElection453] INFO  impl.RoleInfo (RoleInfo.java:updateAndGet(143)) - f535bb4a-cba0-4f9b-9e3e-e4a48b3eda51: start FollowerState
2019-10-18 11:25:25,789 [Thread-3207] INFO  impl.FollowerState (FollowerState.java:run(108)) - f535bb4a-cba0-4f9b-9e3e-e4a48b3eda51@group-7E32184879DE-FollowerState: change to CANDIDATE, lastRpcTime:83ms, electionTimeout:83ms
2019-10-18 11:25:25,789 [Thread-3207] INFO  impl.RoleInfo (RoleInfo.java:shutdownFollowerState(121)) - f535bb4a-cba0-4f9b-9e3e-e4a48b3eda51: shutdown FollowerState
2019-10-18 11:25:25,789 [Thread-3207] INFO  impl.RaftServerImpl (RaftServerImpl.java:setRole(184)) - f535bb4a-cba0-4f9b-9e3e-e4a48b3eda51@group-7E32184879DE: changes role from  FOLLOWER to CANDIDATE at term 530 for changeToCandidate
2019-10-18 11:25:25,790 [Thread-3207] INFO  impl.RoleInfo (RoleInfo.java:updateAndGet(143)) - f535bb4a-cba0-4f9b-9e3e-e4a48b3eda51: start LeaderElection
2019-10-18 11:25:25,813 [f535bb4a-cba0-4f9b-9e3e-e4a48b3eda51@group-7E32184879DE-LeaderElection454] INFO  impl.LeaderElection (LeaderElection.java:askForVotes(178)) - f535bb4a-cba0-4f9b-9e3e-e4a48b3eda51@group-7E32184879DE-LeaderElection454: begin an election at term 531 for -1: [f535bb4a-cba0-4f9b-9e3e-e4a48b3eda51:0.0.0.0:44706, 54aabb14-4a7d-4ab3-adbe-2e67760b87f4:0.0.0.0:43074, c652e2ee-3322-4406-8db6-1ea643cb3197:0.0.0.0:42129], old=null
2019-10-18 11:25:25,815 [grpc-default-executor-1] INFO  impl.RaftServerImpl (RaftServerImpl.java:setRole(184)) - 54aabb14-4a7d-4ab3-adbe-2e67760b87f4@group-7E32184879DE: changes role from  FOLLOWER to FOLLOWER at term 531 for recognizeCandidate:f535bb4a-cba0-4f9b-9e3e-e4a48b3eda51
2019-10-18 11:25:25,815 [grpc-default-executor-1] INFO  impl.RoleInfo (RoleInfo.java:shutdownFollowerState(121)) - 54aabb14-4a7d-4ab3-adbe-2e67760b87f4: shutdown FollowerState
2019-10-18 11:25:25,815 [grpc-default-executor-0] INFO  impl.RaftServerImpl (RaftServerImpl.java:setRole(184)) - c652e2ee-3322-4406-8db6-1ea643cb3197@group-7E32184879DE: changes role from  FOLLOWER to FOLLOWER at term 531 for recognizeCandidate:f535bb4a-cba0-4f9b-9e3e-e4a48b3eda51
2019-10-18 11:25:25,815 [grpc-default-executor-0] INFO  impl.RoleInfo (RoleInfo.java:shutdownFollowerState(121)) - c652e2ee-3322-4406-8db6-1ea643cb3197: shutdown FollowerState
2019-10-18 11:25:25,815 [Thread-3206] INFO  impl.FollowerState (FollowerState.java:run(117)) - 54aabb14-4a7d-4ab3-adbe-2e67760b87f4@group-7E32184879DE-FollowerState was interrupted: java.lang.InterruptedException: sleep interrupted
2019-10-18 11:25:25,815 [Thread-3205] INFO  impl.FollowerState (FollowerState.java:run(117)) - c652e2ee-3322-4406-8db6-1ea643cb3197@group-7E32184879DE-FollowerState was interrupted: java.lang.InterruptedException: sleep interrupted
2019-10-18 11:25:25,815 [grpc-default-executor-1] INFO  impl.RoleInfo (RoleInfo.java:updateAndGet(143)) - 54aabb14-4a7d-4ab3-adbe-2e67760b87f4: start FollowerState
2019-10-18 11:25:25,815 [grpc-default-executor-0] INFO  impl.RoleInfo (RoleInfo.java:updateAndGet(143)) - c652e2ee-3322-4406-8db6-1ea643cb3197: start FollowerState
2019-10-18 11:25:25,839 [f535bb4a-cba0-4f9b-9e3e-e4a48b3eda51@group-7E32184879DE-LeaderElection454] INFO  impl.LeaderElection (LeaderElection.java:logAndReturn(56)) - f535bb4a-cba0-4f9b-9e3e-e4a48b3eda51@group-7E32184879DE-LeaderElection454: Election REJECTED; received 2 response(s) [f535bb4a-cba0-4f9b-9e3e-e4a48b3eda51<-54aabb14-4a7d-4ab3-adbe-2e67760b87f4#0:FAIL-t531, f535bb4a-cba0-4f9b-9e3e-e4a48b3eda51<-c652e2ee-3322-4406-8db6-1ea643cb3197#0:FAIL-t531] and 0 exception(s); f535bb4a-cba0-4f9b-9e3e-e4a48b3eda51@group-7E32184879DE:t531, leader=null, voted=f535bb4a-cba0-4f9b-9e3e-e4a48b3eda51, raftlog=f535bb4a-cba0-4f9b-9e3e-e4a48b3eda51@group-7E32184879DE-SegmentedRaftLog:OPENED:c-1,f-1,i0, conf=-1: [f535bb4a-cba0-4f9b-9e3e-e4a48b3eda51:0.0.0.0:44706, 54aabb14-4a7d-4ab3-adbe-2e67760b87f4:0.0.0.0:43074, c652e2ee-3322-4406-8db6-1ea643cb3197:0.0.0.0:42129], old=null
2019-10-18 11:25:25,840 [f535bb4a-cba0-4f9b-9e3e-e4a48b3eda51@group-7E32184879DE-LeaderElection454] INFO  impl.RaftServerImpl (RaftServerImpl.java:setRole(184)) - f535bb4a-cba0-4f9b-9e3e-e4a48b3eda51@group-7E32184879DE: changes role from CANDIDATE to FOLLOWER at term 531 for DISCOVERED_A_NEW_TERM
2019-10-18 11:25:25,840 [f535bb4a-cba0-4f9b-9e3e-e4a48b3eda51@group-7E32184879DE-LeaderElection454] INFO  impl.RoleInfo (RoleInfo.java:shutdownLeaderElection(134)) - f535bb4a-cba0-4f9b-9e3e-e4a48b3eda51: shutdown LeaderElection
2019-10-18 11:25:25,840 [f535bb4a-cba0-4f9b-9e3e-e4a48b3eda51@group-7E32184879DE-LeaderElection454] INFO  impl.RoleInfo (RoleInfo.java:updateAndGet(143)) - f535bb4a-cba0-4f9b-9e3e-e4a48b3eda51: start FollowerState
2019-10-18 11:25:25,994 [Thread-3213] INFO  impl.FollowerState (FollowerState.java:run(108)) - f535bb4a-cba0-4f9b-9e3e-e4a48b3eda51@group-7E32184879DE-FollowerState: change to CANDIDATE, lastRpcTime:154ms, electionTimeout:154ms
2019-10-18 11:25:25,994 [Thread-3213] INFO  impl.RoleInfo (RoleInfo.java:shutdownFollowerState(121)) - f535bb4a-cba0-4f9b-9e3e-e4a48b3eda51: shutdown FollowerState
2019-10-18 11:25:25,995 [Thread-3213] INFO  impl.RaftServerImpl (RaftServerImpl.java:setRole(184)) - f535bb4a-cba0-4f9b-9e3e-e4a48b3eda51@group-7E32184879DE: changes role from  FOLLOWER to CANDIDATE at term 531 for changeToCandidate
2019-10-18 11:25:25,995 [Thread-3213] INFO  impl.RoleInfo (RoleInfo.java:updateAndGet(143)) - f535bb4a-cba0-4f9b-9e3e-e4a48b3eda51: start LeaderElection
2019-10-18 11:25:26,023 [f535bb4a-cba0-4f9b-9e3e-e4a48b3eda51@group-7E32184879DE-LeaderElection455] INFO  impl.LeaderElection (LeaderElection.java:askForVotes(178)) - f535bb4a-cba0-4f9b-9e3e-e4a48b3eda51@group-7E32184879DE-LeaderElection455: begin an election at term 532 for -1: [f535bb4a-cba0-4f9b-9e3e-e4a48b3eda51:0.0.0.0:44706, 54aabb14-4a7d-4ab3-adbe-2e67760b87f4:0.0.0.0:43074, c652e2ee-3322-4406-8db6-1ea643cb3197:0.0.0.0:42129], old=null
2019-10-18 11:25:26,025 [grpc-default-executor-1] INFO  impl.RaftServerImpl (RaftServerImpl.java:setRole(184)) - c652e2ee-3322-4406-8db6-1ea643cb3197@group-7E32184879DE: changes role from  FOLLOWER to FOLLOWER at term 532 for recognizeCandidate:f535bb4a-cba0-4f9b-9e3e-e4a48b3eda51
2019-10-18 11:25:26,025 [grpc-default-executor-0] INFO  impl.RaftServerImpl (RaftServerImpl.java:setRole(184)) - 54aabb14-4a7d-4ab3-adbe-2e67760b87f4@group-7E32184879DE: changes role from  FOLLOWER to FOLLOWER at term 532 for recognizeCandidate:f535bb4a-cba0-4f9b-9e3e-e4a48b3eda51
2019-10-18 11:25:26,025 [grpc-default-executor-1] INFO  impl.RoleInfo (RoleInfo.java:shutdownFollowerState(121)) - c652e2ee-3322-4406-8db6-1ea643cb3197: shutdown FollowerState
2019-10-18 11:25:26,025 [grpc-default-executor-0] INFO  impl.RoleInfo (RoleInfo.java:shutdownFollowerState(121)) - 54aabb14-4a7d-4ab3-adbe-2e67760b87f4: shutdown FollowerState
2019-10-18 11:25:26,025 [Thread-3212] INFO  impl.FollowerState (FollowerState.java:run(117)) - c652e2ee-3322-4406-8db6-1ea643cb3197@group-7E32184879DE-FollowerState was interrupted: java.lang.InterruptedException: sleep interrupted
2019-10-18 11:25:26,025 [Thread-3211] INFO  impl.FollowerState (FollowerState.java:run(117)) - 54aabb14-4a7d-4ab3-adbe-2e67760b87f4@group-7E32184879DE-FollowerState was interrupted: java.lang.InterruptedException: sleep interrupted
2019-10-18 11:25:26,025 [grpc-default-executor-1] INFO  impl.RoleInfo (RoleInfo.java:updateAndGet(143)) - c652e2ee-3322-4406-8db6-1ea643cb3197: start FollowerState
2019-10-18 11:25:26,025 [grpc-default-executor-0] INFO  impl.RoleInfo (RoleInfo.java:updateAndGet(143)) - 54aabb14-4a7d-4ab3-adbe-2e67760b87f4: start FollowerState
2019-10-18 11:25:26,049 [f535bb4a-cba0-4f9b-9e3e-e4a48b3eda51@group-7E32184879DE-LeaderElection455] INFO  impl.LeaderElection (LeaderElection.java:logAndReturn(56)) - f535bb4a-cba0-4f9b-9e3e-e4a48b3eda51@group-7E32184879DE-LeaderElection455: Election REJECTED; received 2 response(s) [f535bb4a-cba0-4f9b-9e3e-e4a48b3eda51<-54aabb14-4a7d-4ab3-adbe-2e67760b87f4#0:FAIL-t532, f535bb4a-cba0-4f9b-9e3e-e4a48b3eda51<-c652e2ee-3322-4406-8db6-1ea643cb3197#0:FAIL-t532] and 0 exception(s); f535bb4a-cba0-4f9b-9e3e-e4a48b3eda51@group-7E32184879DE:t532, leader=null, voted=f535bb4a-cba0-4f9b-9e3e-e4a48b3eda51, raftlog=f535bb4a-cba0-4f9b-9e3e-e4a48b3eda51@group-7E32184879DE-SegmentedRaftLog:OPENED:c-1,f-1,i0, conf=-1: [f535bb4a-cba0-4f9b-9e3e-e4a48b3eda51:0.0.0.0:44706, 54aabb14-4a7d-4ab3-adbe-2e67760b87f4:0.0.0.0:43074, c652e2ee-3322-4406-8db6-1ea643cb3197:0.0.0.0:42129], old=null
2019-10-18 11:25:26,049 [f535bb4a-cba0-4f9b-9e3e-e4a48b3eda51@group-7E32184879DE-LeaderElection455] INFO  impl.RaftServerImpl (RaftServerImpl.java:setRole(184)) - f535bb4a-cba0-4f9b-9e3e-e4a48b3eda51@group-7E32184879DE: changes role from CANDIDATE to FOLLOWER at term 532 for DISCOVERED_A_NEW_TERM
2019-10-18 11:25:26,049 [f535bb4a-cba0-4f9b-9e3e-e4a48b3eda51@group-7E32184879DE-LeaderElection455] INFO  impl.RoleInfo (RoleInfo.java:shutdownLeaderElection(134)) - f535bb4a-cba0-4f9b-9e3e-e4a48b3eda51: shutdown LeaderElection
2019-10-18 11:25:26,049 [f535bb4a-cba0-4f9b-9e3e-e4a48b3eda51@group-7E32184879DE-LeaderElection455] INFO  impl.RoleInfo (RoleInfo.java:updateAndGet(143)) - f535bb4a-cba0-4f9b-9e3e-e4a48b3eda51: start FollowerState
2019-10-18 11:25:26,126 [Thread-3219] INFO  impl.FollowerState (FollowerState.java:run(108)) - f535bb4a-cba0-4f9b-9e3e-e4a48b3eda51@group-7E32184879DE-FollowerState: change to CANDIDATE, lastRpcTime:76ms, electionTimeout:76ms
2019-10-18 11:25:26,126 [Thread-3219] INFO  impl.RoleInfo (RoleInfo.java:shutdownFollowerState(121)) - f535bb4a-cba0-4f9b-9e3e-e4a48b3eda51: shutdown FollowerState
2019-10-18 11:25:26,126 [Thread-3219] INFO  impl.RaftServerImpl (RaftServerImpl.java:setRole(184)) - f535bb4a-cba0-4f9b-9e3e-e4a48b3eda51@group-7E32184879DE: changes role from  FOLLOWER to CANDIDATE at term 532 for changeToCandidate
2019-10-18 11:25:26,126 [Thread-3219] INFO  impl.RoleInfo (RoleInfo.java:updateAndGet(143)) - f535bb4a-cba0-4f9b-9e3e-e4a48b3eda51: start LeaderElection
2019-10-18 11:25:26,148 [f535bb4a-cba0-4f9b-9e3e-e4a48b3eda51@group-7E32184879DE-LeaderElection456] INFO  impl.LeaderElection (LeaderElection.java:askForVotes(178)) - f535bb4a-cba0-4f9b-9e3e-e4a48b3eda51@group-7E32184879DE-LeaderElection456: begin an election at term 533 for -1: [f535bb4a-cba0-4f9b-9e3e-e4a48b3eda51:0.0.0.0:44706, 54aabb14-4a7d-4ab3-adbe-2e67760b87f4:0.0.0.0:43074, c652e2ee-3322-4406-8db6-1ea643cb3197:0.0.0.0:42129], old=null
2019-10-18 11:25:26,150 [grpc-default-executor-0] INFO  impl.RaftServerImpl (RaftServerImpl.java:setRole(184)) - 54aabb14-4a7d-4ab3-adbe-2e67760b87f4@group-7E32184879DE: changes role from  FOLLOWER to FOLLOWER at term 533 for recognizeCandidate:f535bb4a-cba0-4f9b-9e3e-e4a48b3eda51
2019-10-18 11:25:26,150 [grpc-default-executor-1] INFO  impl.RaftServerImpl (RaftServerImpl.java:setRole(184)) - c652e2ee-3322-4406-8db6-1ea643cb3197@group-7E32184879DE: changes role from  FOLLOWER to FOLLOWER at term 533 for recognizeCandidate:f535bb4a-cba0-4f9b-9e3e-e4a48b3eda51
2019-10-18 11:25:26,150 [grpc-default-executor-0] INFO  impl.RoleInfo (RoleInfo.java:shutdownFollowerState(121)) - 54aabb14-4a7d-4ab3-adbe-2e67760b87f4: shutdown FollowerState
2019-10-18 11:25:26,150 [grpc-default-executor-1] INFO  impl.RoleInfo (RoleInfo.java:shutdownFollowerState(121)) - c652e2ee-3322-4406-8db6-1ea643cb3197: shutdown FollowerState
2019-10-18 11:25:26,151 [Thread-3218] INFO  impl.FollowerState (FollowerState.java:run(117)) - 54aabb14-4a7d-4ab3-adbe-2e67760b87f4@group-7E32184879DE-FollowerState was interrupted: java.lang.InterruptedException: sleep interrupted
2019-10-18 11:25:26,151 [grpc-default-executor-0] INFO  impl.RoleInfo (RoleInfo.java:updateAndGet(143)) - 54aabb14-4a7d-4ab3-adbe-2e67760b87f4: start FollowerState
2019-10-18 11:25:26,151 [Thread-3217] INFO  impl.FollowerState (FollowerState.java:run(117)) - c652e2ee-3322-4406-8db6-1ea643cb3197@group-7E32184879DE-FollowerState was interrupted: java.lang.InterruptedException: sleep interrupted
2019-10-18 11:25:26,151 [grpc-default-executor-1] INFO  impl.RoleInfo (RoleInfo.java:updateAndGet(143)) - c652e2ee-3322-4406-8db6-1ea643cb3197: start FollowerState
2019-10-18 11:25:26,174 [f535bb4a-cba0-4f9b-9e3e-e4a48b3eda51@group-7E32184879DE-LeaderElection456] INFO  impl.LeaderElection (LeaderElection.java:logAndReturn(56)) - f535bb4a-cba0-4f9b-9e3e-e4a48b3eda51@group-7E32184879DE-LeaderElection456: Election REJECTED; received 2 response(s) [f535bb4a-cba0-4f9b-9e3e-e4a48b3eda51<-54aabb14-4a7d-4ab3-adbe-2e67760b87f4#0:FAIL-t533, f535bb4a-cba0-4f9b-9e3e-e4a48b3eda51<-c652e2ee-3322-4406-8db6-1ea643cb3197#0:FAIL-t533] and 0 exception(s); f535bb4a-cba0-4f9b-9e3e-e4a48b3eda51@group-7E32184879DE:t533, leader=null, voted=f535bb4a-cba0-4f9b-9e3e-e4a48b3eda51, raftlog=f535bb4a-cba0-4f9b-9e3e-e4a48b3eda51@group-7E32184879DE-SegmentedRaftLog:OPENED:c-1,f-1,i0, conf=-1: [f535bb4a-cba0-4f9b-9e3e-e4a48b3eda51:0.0.0.0:44706, 54aabb14-4a7d-4ab3-adbe-2e67760b87f4:0.0.0.0:43074, c652e2ee-3322-4406-8db6-1ea643cb3197:0.0.0.0:42129], old=null
2019-10-18 11:25:26,175 [f535bb4a-cba0-4f9b-9e3e-e4a48b3eda51@group-7E32184879DE-LeaderElection456] INFO  impl.RaftServerImpl (RaftServerImpl.java:setRole(184)) - f535bb4a-cba0-4f9b-9e3e-e4a48b3eda51@group-7E32184879DE: changes role from CANDIDATE to FOLLOWER at term 533 for DISCOVERED_A_NEW_TERM
2019-10-18 11:25:26,175 [f535bb4a-cba0-4f9b-9e3e-e4a48b3eda51@group-7E32184879DE-LeaderElection456] INFO  impl.RoleInfo (RoleInfo.java:shutdownLeaderElection(134)) - f535bb4a-cba0-4f9b-9e3e-e4a48b3eda51: shutdown LeaderElection
2019-10-18 11:25:26,175 [f535bb4a-cba0-4f9b-9e3e-e4a48b3eda51@group-7E32184879DE-LeaderElection456] INFO  impl.RoleInfo (RoleInfo.java:updateAndGet(143)) - f535bb4a-cba0-4f9b-9e3e-e4a48b3eda51: start FollowerState
2019-10-18 11:25:26,176 [Thread-3225] INFO  impl.FollowerState (FollowerState.java:run(108)) - f535bb4a-cba0-4f9b-9e3e-e4a48b3eda51@group-7E32184879DE-FollowerState: change to CANDIDATE, lastRpcTime:1ms, electionTimeout:1ms
2019-10-18 11:25:26,176 [Thread-3225] INFO  impl.RoleInfo (RoleInfo.java:shutdownFollowerState(121)) - f535bb4a-cba0-4f9b-9e3e-e4a48b3eda51: shutdown FollowerState
2019-10-18 11:25:26,176 [Thread-3225] INFO  impl.RaftServerImpl (RaftServerImpl.java:setRole(184)) - f535bb4a-cba0-4f9b-9e3e-e4a48b3eda51@group-7E32184879DE: changes role from  FOLLOWER to CANDIDATE at term 533 for changeToCandidate
2019-10-18 11:25:26,177 [Thread-3225] INFO  impl.RoleInfo (RoleInfo.java:updateAndGet(143)) - f535bb4a-cba0-4f9b-9e3e-e4a48b3eda51: start LeaderElection
2019-10-18 11:25:26,199 [f535bb4a-cba0-4f9b-9e3e-e4a48b3eda51@group-7E32184879DE-LeaderElection457] INFO  impl.LeaderElection (LeaderElection.java:askForVotes(178)) - f535bb4a-cba0-4f9b-9e3e-e4a48b3eda51@group-7E32184879DE-LeaderElection457: begin an election at term 534 for -1: [f535bb4a-cba0-4f9b-9e3e-e4a48b3eda51:0.0.0.0:44706, 54aabb14-4a7d-4ab3-adbe-2e67760b87f4:0.0.0.0:43074, c652e2ee-3322-4406-8db6-1ea643cb3197:0.0.0.0:42129], old=null
2019-10-18 11:25:26,201 [grpc-default-executor-0] INFO  impl.RaftServerImpl (RaftServerImpl.java:setRole(184)) - 54aabb14-4a7d-4ab3-adbe-2e67760b87f4@group-7E32184879DE: changes role from  FOLLOWER to FOLLOWER at term 534 for recognizeCandidate:f535bb4a-cba0-4f9b-9e3e-e4a48b3eda51
2019-10-18 11:25:26,201 [grpc-default-executor-1] INFO  impl.RaftServerImpl (RaftServerImpl.java:setRole(184)) - c652e2ee-3322-4406-8db6-1ea643cb3197@group-7E32184879DE: changes role from  FOLLOWER to FOLLOWER at term 534 for recognizeCandidate:f535bb4a-cba0-4f9b-9e3e-e4a48b3eda51
2019-10-18 11:25:26,201 [grpc-default-executor-1] INFO  impl.RoleInfo (RoleInfo.java:shutdownFollowerState(121)) - c652e2ee-3322-4406-8db6-1ea643cb3197: shutdown FollowerState
2019-10-18 11:25:26,201 [grpc-default-executor-0] INFO  impl.RoleInfo (RoleInfo.java:shutdownFollowerState(121)) - 54aabb14-4a7d-4ab3-adbe-2e67760b87f4: shutdown FollowerState
2019-10-18 11:25:26,201 [Thread-3224] INFO  impl.FollowerState (FollowerState.java:run(117)) - c652e2ee-3322-4406-8db6-1ea643cb3197@group-7E32184879DE-FollowerState was interrupted: java.lang.InterruptedException: sleep interrupted
2019-10-18 11:25:26,201 [grpc-default-executor-1] INFO  impl.RoleInfo (RoleInfo.java:updateAndGet(143)) - c652e2ee-3322-4406-8db6-1ea643cb3197: start FollowerState
2019-10-18 11:25:26,201 [Thread-3223] INFO  impl.FollowerState (FollowerState.java:run(117)) - 54aabb14-4a7d-4ab3-adbe-2e67760b87f4@group-7E32184879DE-FollowerState was interrupted: java.lang.InterruptedException: sleep interrupted
2019-10-18 11:25:26,201 [grpc-default-executor-0] INFO  impl.RoleInfo (RoleInfo.java:updateAndGet(143)) - 54aabb14-4a7d-4ab3-adbe-2e67760b87f4: start FollowerState
2019-10-18 11:25:26,225 [f535bb4a-cba0-4f9b-9e3e-e4a48b3eda51@group-7E32184879DE-LeaderElection457] INFO  impl.LeaderElection (LeaderElection.java:logAndReturn(56)) - f535bb4a-cba0-4f9b-9e3e-e4a48b3eda51@group-7E32184879DE-LeaderElection457: Election REJECTED; received 2 response(s) [f535bb4a-cba0-4f9b-9e3e-e4a48b3eda51<-54aabb14-4a7d-4ab3-adbe-2e67760b87f4#0:FAIL-t534, f535bb4a-cba0-4f9b-9e3e-e4a48b3eda51<-c652e2ee-3322-4406-8db6-1ea643cb3197#0:FAIL-t534] and 0 exception(s); f535bb4a-cba0-4f9b-9e3e-e4a48b3eda51@group-7E32184879DE:t534, leader=null, voted=f535bb4a-cba0-4f9b-9e3e-e4a48b3eda51, raftlog=f535bb4a-cba0-4f9b-9e3e-e4a48b3eda51@group-7E32184879DE-SegmentedRaftLog:OPENED:c-1,f-1,i0, conf=-1: [f535bb4a-cba0-4f9b-9e3e-e4a48b3eda51:0.0.0.0:44706, 54aabb14-4a7d-4ab3-adbe-2e67760b87f4:0.0.0.0:43074, c652e2ee-3322-4406-8db6-1ea643cb3197:0.0.0.0:42129], old=null
2019-10-18 11:25:26,225 [f535bb4a-cba0-4f9b-9e3e-e4a48b3eda51@group-7E32184879DE-LeaderElection457] INFO  impl.RaftServerImpl (RaftServerImpl.java:setRole(184)) - f535bb4a-cba0-4f9b-9e3e-e4a48b3eda51@group-7E32184879DE: changes role from CANDIDATE to FOLLOWER at term 534 for DISCOVERED_A_NEW_TERM
2019-10-18 11:25:26,225 [f535bb4a-cba0-4f9b-9e3e-e4a48b3eda51@group-7E32184879DE-LeaderElection457] INFO  impl.RoleInfo (RoleInfo.java:shutdownLeaderElection(134)) - f535bb4a-cba0-4f9b-9e3e-e4a48b3eda51: shutdown LeaderElection
2019-10-18 11:25:26,225 [f535bb4a-cba0-4f9b-9e3e-e4a48b3eda51@group-7E32184879DE-LeaderElection457] INFO  impl.RoleInfo (RoleInfo.java:updateAndGet(143)) - f535bb4a-cba0-4f9b-9e3e-e4a48b3eda51: start FollowerState
2019-10-18 11:25:26,232 [Thread-3231] INFO  impl.FollowerState (FollowerState.java:run(108)) - f535bb4a-cba0-4f9b-9e3e-e4a48b3eda51@group-7E32184879DE-FollowerState: change to CANDIDATE, lastRpcTime:6ms, electionTimeout:6ms
2019-10-18 11:25:26,232 [Thread-3231] INFO  impl.RoleInfo (RoleInfo.java:shutdownFollowerState(121)) - f535bb4a-cba0-4f9b-9e3e-e4a48b3eda51: shutdown FollowerState
2019-10-18 11:25:26,232 [Thread-3231] INFO  impl.RaftServerImpl (RaftServerImpl.java:setRole(184)) - f535bb4a-cba0-4f9b-9e3e-e4a48b3eda51@group-7E32184879DE: changes role from  FOLLOWER to CANDIDATE at term 534 for changeToCandidate
2019-10-18 11:25:26,232 [Thread-3231] INFO  impl.RoleInfo (RoleInfo.java:updateAndGet(143)) - f535bb4a-cba0-4f9b-9e3e-e4a48b3eda51: start LeaderElection
2019-10-18 11:25:26,258 [f535bb4a-cba0-4f9b-9e3e-e4a48b3eda51@group-7E32184879DE-LeaderElection458] INFO  impl.LeaderElection (LeaderElection.java:askForVotes(178)) - f535bb4a-cba0-4f9b-9e3e-e4a48b3eda51@group-7E32184879DE-LeaderElection458: begin an election at term 535 for -1: [f535bb4a-cba0-4f9b-9e3e-e4a48b3eda51:0.0.0.0:44706, 54aabb14-4a7d-4ab3-adbe-2e67760b87f4:0.0.0.0:43074, c652e2ee-3322-4406-8db6-1ea643cb3197:0.0.0.0:42129], old=null
2019-10-18 11:25:26,260 [grpc-default-executor-0] INFO  impl.RaftServerImpl (RaftServerImpl.java:setRole(184)) - 54aabb14-4a7d-4ab3-adbe-2e67760b87f4@group-7E32184879DE: changes role from  FOLLOWER to FOLLOWER at term 535 for recognizeCandidate:f535bb4a-cba0-4f9b-9e3e-e4a48b3eda51
2019-10-18 11:25:26,260 [grpc-default-executor-0] INFO  impl.RoleInfo (RoleInfo.java:shutdownFollowerState(121)) - 54aabb14-4a7d-4ab3-adbe-2e67760b87f4: shutdown FollowerState
2019-10-18 11:25:26,260 [grpc-default-executor-1] INFO  impl.RaftServerImpl (RaftServerImpl.java:setRole(184)) - c652e2ee-3322-4406-8db6-1ea643cb3197@group-7E32184879DE: changes role from  FOLLOWER to FOLLOWER at term 535 for recognizeCandidate:f535bb4a-cba0-4f9b-9e3e-e4a48b3eda51
2019-10-18 11:25:26,260 [grpc-default-executor-1] INFO  impl.RoleInfo (RoleInfo.java:shutdownFollowerState(121)) - c652e2ee-3322-4406-8db6-1ea643cb3197: shutdown FollowerState
2019-10-18 11:25:26,260 [Thread-3230] INFO  impl.FollowerState (FollowerState.java:run(117)) - 54aabb14-4a7d-4ab3-adbe-2e67760b87f4@group-7E32184879DE-FollowerState was interrupted: java.lang.InterruptedException: sleep interrupted
2019-10-18 11:25:26,260 [grpc-default-executor-0] INFO  impl.RoleInfo (RoleInfo.java:updateAndGet(143)) - 54aabb14-4a7d-4ab3-adbe-2e67760b87f4: start FollowerState
2019-10-18 11:25:26,260 [Thread-3229] INFO  impl.FollowerState (FollowerState.java:run(117)) - c652e2ee-3322-4406-8db6-1ea643cb3197@group-7E32184879DE-FollowerState was interrupted: java.lang.InterruptedException: sleep interrupted
2019-10-18 11:25:26,260 [grpc-default-executor-1] INFO  impl.RoleInfo (RoleInfo.java:updateAndGet(143)) - c652e2ee-3322-4406-8db6-1ea643cb3197: start FollowerState
2019-10-18 11:25:26,268 [f535bb4a-cba0-4f9b-9e3e-e4a48b3eda51@group-7E32184879DE-LeaderElection458] INFO  impl.LeaderElection (LeaderElection.java:logAndReturn(56)) - f535bb4a-cba0-4f9b-9e3e-e4a48b3eda51@group-7E32184879DE-LeaderElection458: Election TIMEOUT; received 0 response(s) [] and 0 exception(s); f535bb4a-cba0-4f9b-9e3e-e4a48b3eda51@group-7E32184879DE:t535, leader=null, voted=f535bb4a-cba0-4f9b-9e3e-e4a48b3eda51, raftlog=f535bb4a-cba0-4f9b-9e3e-e4a48b3eda51@group-7E32184879DE-SegmentedRaftLog:OPENED:c-1,f-1,i0, conf=-1: [f535bb4a-cba0-4f9b-9e3e-e4a48b3eda51:0.0.0.0:44706, 54aabb14-4a7d-4ab3-adbe-2e67760b87f4:0.0.0.0:43074, c652e2ee-3322-4406-8db6-1ea643cb3197:0.0.0.0:42129], old=null
2019-10-18 11:25:26,283 [f535bb4a-cba0-4f9b-9e3e-e4a48b3eda51@group-7E32184879DE-LeaderElection458] INFO  impl.LeaderElection (LeaderElection.java:askForVotes(178)) - f535bb4a-cba0-4f9b-9e3e-e4a48b3eda51@group-7E32184879DE-LeaderElection458: begin an election at term 536 for -1: [f535bb4a-cba0-4f9b-9e3e-e4a48b3eda51:0.0.0.0:44706, 54aabb14-4a7d-4ab3-adbe-2e67760b87f4:0.0.0.0:43074, c652e2ee-3322-4406-8db6-1ea643cb3197:0.0.0.0:42129], old=null
2019-10-18 11:25:26,285 [grpc-default-executor-0] INFO  impl.RaftServerImpl (RaftServerImpl.java:setRole(184)) - 54aabb14-4a7d-4ab3-adbe-2e67760b87f4@group-7E32184879DE: changes role from  FOLLOWER to FOLLOWER at term 536 for recognizeCandidate:f535bb4a-cba0-4f9b-9e3e-e4a48b3eda51
2019-10-18 11:25:26,285 [grpc-default-executor-1] INFO  impl.RaftServerImpl (RaftServerImpl.java:setRole(184)) - c652e2ee-3322-4406-8db6-1ea643cb3197@group-7E32184879DE: changes role from  FOLLOWER to FOLLOWER at term 536 for recognizeCandidate:f535bb4a-cba0-4f9b-9e3e-e4a48b3eda51
2019-10-18 11:25:26,285 [grpc-default-executor-1] INFO  impl.RoleInfo (RoleInfo.java:shutdownFollowerState(121)) - c652e2ee-3322-4406-8db6-1ea643cb3197: shutdown FollowerState
2019-10-18 11:25:26,285 [grpc-default-executor-0] INFO  impl.RoleInfo (RoleInfo.java:shutdownFollowerState(121)) - 54aabb14-4a7d-4ab3-adbe-2e67760b87f4: shutdown FollowerState
2019-10-18 11:25:26,285 [Thread-3236] INFO  impl.FollowerState (FollowerState.java:run(117)) - c652e2ee-3322-4406-8db6-1ea643cb3197@group-7E32184879DE-FollowerState was interrupted: java.lang.InterruptedException: sleep interrupted
2019-10-18 11:25:26,285 [grpc-default-executor-1] INFO  impl.RoleInfo (RoleInfo.java:updateAndGet(143)) - c652e2ee-3322-4406-8db6-1ea643cb3197: start FollowerState
2019-10-18 11:25:26,285 [Thread-3235] INFO  impl.FollowerState (FollowerState.java:run(117)) - 54aabb14-4a7d-4ab3-adbe-2e67760b87f4@group-7E32184879DE-FollowerState was interrupted: java.lang.InterruptedException: sleep interrupted
2019-10-18 11:25:26,285 [grpc-default-executor-0] INFO  impl.RoleInfo (RoleInfo.java:updateAndGet(143)) - 54aabb14-4a7d-4ab3-adbe-2e67760b87f4: start FollowerState
2019-10-18 11:25:26,309 [f535bb4a-cba0-4f9b-9e3e-e4a48b3eda51@group-7E32184879DE-LeaderElection458] INFO  impl.LeaderElection (LeaderElection.java:logAndReturn(56)) - f535bb4a-cba0-4f9b-9e3e-e4a48b3eda51@group-7E32184879DE-LeaderElection458: Election REJECTED; received 2 response(s) [f535bb4a-cba0-4f9b-9e3e-e4a48b3eda51<-54aabb14-4a7d-4ab3-adbe-2e67760b87f4#0:FAIL-t536, f535bb4a-cba0-4f9b-9e3e-e4a48b3eda51<-c652e2ee-3322-4406-8db6-1ea643cb3197#0:FAIL-t536] and 0 exception(s); f535bb4a-cba0-4f9b-9e3e-e4a48b3eda51@group-7E32184879DE:t536, leader=null, voted=f535bb4a-cba0-4f9b-9e3e-e4a48b3eda51, raftlog=f535bb4a-cba0-4f9b-9e3e-e4a48b3eda51@group-7E32184879DE-SegmentedRaftLog:OPENED:c-1,f-1,i0, conf=-1: [f535bb4a-cba0-4f9b-9e3e-e4a48b3eda51:0.0.0.0:44706, 54aabb14-4a7d-4ab3-adbe-2e67760b87f4:0.0.0.0:43074, c652e2ee-3322-4406-8db6-1ea643cb3197:0.0.0.0:42129], old=null
2019-10-18 11:25:26,309 [f535bb4a-cba0-4f9b-9e3e-e4a48b3eda51@group-7E32184879DE-LeaderElection458] INFO  impl.RaftServerImpl (RaftServerImpl.java:setRole(184)) - f535bb4a-cba0-4f9b-9e3e-e4a48b3eda51@group-7E32184879DE: changes role from CANDIDATE to FOLLOWER at term 536 for DISCOVERED_A_NEW_TERM
2019-10-18 11:25:26,309 [f535bb4a-cba0-4f9b-9e3e-e4a48b3eda51@group-7E32184879DE-LeaderElection458] INFO  impl.RoleInfo (RoleInfo.java:shutdownLeaderElection(134)) - f535bb4a-cba0-4f9b-9e3e-e4a48b3eda51: shutdown LeaderElection
2019-10-18 11:25:26,310 [f535bb4a-cba0-4f9b-9e3e-e4a48b3eda51@group-7E32184879DE-LeaderElection458] INFO  impl.RoleInfo (RoleInfo.java:updateAndGet(143)) - f535bb4a-cba0-4f9b-9e3e-e4a48b3eda51: start FollowerState
2019-10-18 11:25:26,415 [Thread-3241] INFO  impl.FollowerState (FollowerState.java:run(108)) - f535bb4a-cba0-4f9b-9e3e-e4a48b3eda51@group-7E32184879DE-FollowerState: change to CANDIDATE, lastRpcTime:105ms, electionTimeout:105ms
2019-10-18 11:25:26,415 [Thread-3241] INFO  impl.RoleInfo (RoleInfo.java:shutdownFollowerState(121)) - f535bb4a-cba0-4f9b-9e3e-e4a48b3eda51: shutdown FollowerState
2019-10-18 11:25:26,415 [Thread-3241] INFO  impl.RaftServerImpl (RaftServerImpl.java:setRole(184)) - f535bb4a-cba0-4f9b-9e3e-e4a48b3eda51@group-7E32184879DE: changes role from  FOLLOWER to CANDIDATE at term 536 for changeToCandidate
2019-10-18 11:25:26,415 [Thread-3241] INFO  impl.RoleInfo (RoleInfo.java:updateAndGet(143)) - f535bb4a-cba0-4f9b-9e3e-e4a48b3eda51: start LeaderElection
2019-10-18 11:25:26,442 [f535bb4a-cba0-4f9b-9e3e-e4a48b3eda51@group-7E32184879DE-LeaderElection459] INFO  impl.LeaderElection (LeaderElection.java:askForVotes(178)) - f535bb4a-cba0-4f9b-9e3e-e4a48b3eda51@group-7E32184879DE-LeaderElection459: begin an election at term 537 for -1: [f535bb4a-cba0-4f9b-9e3e-e4a48b3eda51:0.0.0.0:44706, 54aabb14-4a7d-4ab3-adbe-2e67760b87f4:0.0.0.0:43074, c652e2ee-3322-4406-8db6-1ea643cb3197:0.0.0.0:42129], old=null
2019-10-18 11:25:26,444 [grpc-default-executor-1] INFO  impl.RaftServerImpl (RaftServerImpl.java:setRole(184)) - 54aabb14-4a7d-4ab3-adbe-2e67760b87f4@group-7E32184879DE: changes role from  FOLLOWER to FOLLOWER at term 537 for recognizeCandidate:f535bb4a-cba0-4f9b-9e3e-e4a48b3eda51
2019-10-18 11:25:26,444 [grpc-default-executor-1] INFO  impl.RoleInfo (RoleInfo.java:shutdownFollowerState(121)) - 54aabb14-4a7d-4ab3-adbe-2e67760b87f4: shutdown FollowerState
2019-10-18 11:25:26,444 [grpc-default-executor-0] INFO  impl.RaftServerImpl (RaftServerImpl.java:setRole(184)) - c652e2ee-3322-4406-8db6-1ea643cb3197@group-7E32184879DE: changes role from  FOLLOWER to FOLLOWER at term 537 for recognizeCandidate:f535bb4a-cba0-4f9b-9e3e-e4a48b3eda51
2019-10-18 11:25:26,444 [Thread-3240] INFO  impl.FollowerState (FollowerState.java:run(117)) - 54aabb14-4a7d-4ab3-adbe-2e67760b87f4@group-7E32184879DE-FollowerState was interrupted: java.lang.InterruptedException: sleep interrupted
2019-10-18 11:25:26,444 [grpc-default-executor-1] INFO  impl.RoleInfo (RoleInfo.java:updateAndGet(143)) - 54aabb14-4a7d-4ab3-adbe-2e67760b87f4: start FollowerState
2019-10-18 11:25:26,444 [grpc-default-executor-0] INFO  impl.RoleInfo (RoleInfo.java:shutdownFollowerState(121)) - c652e2ee-3322-4406-8db6-1ea643cb3197: shutdown FollowerState
2019-10-18 11:25:26,445 [grpc-default-executor-0] INFO  impl.RoleInfo (RoleInfo.java:updateAndGet(143)) - c652e2ee-3322-4406-8db6-1ea643cb3197: start FollowerState
2019-10-18 11:25:26,445 [Thread-3239] INFO  impl.FollowerState (FollowerState.java:run(117)) - c652e2ee-3322-4406-8db6-1ea643cb3197@group-7E32184879DE-FollowerState was interrupted: java.lang.InterruptedException: sleep interrupted
2019-10-18 11:25:26,468 [f535bb4a-cba0-4f9b-9e3e-e4a48b3eda51@group-7E32184879DE-LeaderElection459] INFO  impl.LeaderElection (LeaderElection.java:logAndReturn(56)) - f535bb4a-cba0-4f9b-9e3e-e4a48b3eda51@group-7E32184879DE-LeaderElection459: Election REJECTED; received 2 response(s) [f535bb4a-cba0-4f9b-9e3e-e4a48b3eda51<-54aabb14-4a7d-4ab3-adbe-2e67760b87f4#0:FAIL-t537, f535bb4a-cba0-4f9b-9e3e-e4a48b3eda51<-c652e2ee-3322-4406-8db6-1ea643cb3197#0:FAIL-t537] and 0 exception(s); f535bb4a-cba0-4f9b-9e3e-e4a48b3eda51@group-7E32184879DE:t537, leader=null, voted=f535bb4a-cba0-4f9b-9e3e-e4a48b3eda51, raftlog=f535bb4a-cba0-4f9b-9e3e-e4a48b3eda51@group-7E32184879DE-SegmentedRaftLog:OPENED:c-1,f-1,i0, conf=-1: [f535bb4a-cba0-4f9b-9e3e-e4a48b3eda51:0.0.0.0:44706, 54aabb14-4a7d-4ab3-adbe-2e67760b87f4:0.0.0.0:43074, c652e2ee-3322-4406-8db6-1ea643cb3197:0.0.0.0:42129], old=null
2019-10-18 11:25:26,469 [f535bb4a-cba0-4f9b-9e3e-e4a48b3eda51@group-7E32184879DE-LeaderElection459] INFO  impl.RaftServerImpl (RaftServerImpl.java:setRole(184)) - f535bb4a-cba0-4f9b-9e3e-e4a48b3eda51@group-7E32184879DE: changes role from CANDIDATE to FOLLOWER at term 537 for DISCOVERED_A_NEW_TERM
2019-10-18 11:25:26,469 [f535bb4a-cba0-4f9b-9e3e-e4a48b3eda51@group-7E32184879DE-LeaderElection459] INFO  impl.RoleInfo (RoleInfo.java:shutdownLeaderElection(134)) - f535bb4a-cba0-4f9b-9e3e-e4a48b3eda51: shutdown LeaderElection
2019-10-18 11:25:26,469 [f535bb4a-cba0-4f9b-9e3e-e4a48b3eda51@group-7E32184879DE-LeaderElection459] INFO  impl.RoleInfo (RoleInfo.java:updateAndGet(143)) - f535bb4a-cba0-4f9b-9e3e-e4a48b3eda51: start FollowerState
2019-10-18 11:25:26,525 [Thread-3247] INFO  impl.FollowerState (FollowerState.java:run(108)) - f535bb4a-cba0-4f9b-9e3e-e4a48b3eda51@group-7E32184879DE-FollowerState: change to CANDIDATE, lastRpcTime:56ms, electionTimeout:56ms
2019-10-18 11:25:26,525 [Thread-3247] INFO  impl.RoleInfo (RoleInfo.java:shutdownFollowerState(121)) - f535bb4a-cba0-4f9b-9e3e-e4a48b3eda51: shutdown FollowerState
2019-10-18 11:25:26,525 [Thread-3247] INFO  impl.RaftServerImpl (RaftServerImpl.java:setRole(184)) - f535bb4a-cba0-4f9b-9e3e-e4a48b3eda51@group-7E32184879DE: changes role from  FOLLOWER to CANDIDATE at term 537 for changeToCandidate
2019-10-18 11:25:26,526 [Thread-3247] INFO  impl.RoleInfo (RoleInfo.java:updateAndGet(143)) - f535bb4a-cba0-4f9b-9e3e-e4a48b3eda51: start LeaderElection
2019-10-18 11:25:26,552 [f535bb4a-cba0-4f9b-9e3e-e4a48b3eda51@group-7E32184879DE-LeaderElection460] INFO  impl.LeaderElection (LeaderElection.java:askForVotes(178)) - f535bb4a-cba0-4f9b-9e3e-e4a48b3eda51@group-7E32184879DE-LeaderElection460: begin an election at term 538 for -1: [f535bb4a-cba0-4f9b-9e3e-e4a48b3eda51:0.0.0.0:44706, 54aabb14-4a7d-4ab3-adbe-2e67760b87f4:0.0.0.0:43074, c652e2ee-3322-4406-8db6-1ea643cb3197:0.0.0.0:42129], old=null
2019-10-18 11:25:26,553 [grpc-default-executor-1] INFO  impl.RaftServerImpl (RaftServerImpl.java:setRole(184)) - 54aabb14-4a7d-4ab3-adbe-2e67760b87f4@group-7E32184879DE: changes role from  FOLLOWER to FOLLOWER at term 538 for recognizeCandidate:f535bb4a-cba0-4f9b-9e3e-e4a48b3eda51
2019-10-18 11:25:26,553 [grpc-default-executor-1] INFO  impl.RoleInfo (RoleInfo.java:shutdownFollowerState(121)) - 54aabb14-4a7d-4ab3-adbe-2e67760b87f4: shutdown FollowerState
2019-10-18 11:25:26,553 [grpc-default-executor-0] INFO  impl.RaftServerImpl (RaftServerImpl.java:setRole(184)) - c652e2ee-3322-4406-8db6-1ea643cb3197@group-7E32184879DE: changes role from  FOLLOWER to FOLLOWER at term 538 for recognizeCandidate:f535bb4a-cba0-4f9b-9e3e-e4a48b3eda51
2019-10-18 11:25:26,553 [Thread-3245] INFO  impl.FollowerState (FollowerState.java:run(117)) - 54aabb14-4a7d-4ab3-adbe-2e67760b87f4@group-7E32184879DE-FollowerState was interrupted: java.lang.InterruptedException: sleep interrupted
2019-10-18 11:25:26,553 [grpc-default-executor-1] INFO  impl.RoleInfo (RoleInfo.java:updateAndGet(143)) - 54aabb14-4a7d-4ab3-adbe-2e67760b87f4: start FollowerState
2019-10-18 11:25:26,553 [grpc-default-executor-0] INFO  impl.RoleInfo (RoleInfo.java:shutdownFollowerState(121)) - c652e2ee-3322-4406-8db6-1ea643cb3197: shutdown FollowerState
2019-10-18 11:25:26,554 [grpc-default-executor-0] INFO  impl.RoleInfo (RoleInfo.java:updateAndGet(143)) - c652e2ee-3322-4406-8db6-1ea643cb3197: start FollowerState
2019-10-18 11:25:26,554 [Thread-3246] INFO  impl.FollowerState (FollowerState.java:run(117)) - c652e2ee-3322-4406-8db6-1ea643cb3197@group-7E32184879DE-FollowerState was interrupted: java.lang.InterruptedException: sleep interrupted
2019-10-18 11:25:26,566 [f535bb4a-cba0-4f9b-9e3e-e4a48b3eda51@group-7E32184879DE-LeaderElection460] INFO  impl.LeaderElection (LeaderElection.java:logAndReturn(56)) - f535bb4a-cba0-4f9b-9e3e-e4a48b3eda51@group-7E32184879DE-LeaderElection460: Election TIMEOUT; received 0 response(s) [] and 0 exception(s); f535bb4a-cba0-4f9b-9e3e-e4a48b3eda51@group-7E32184879DE:t538, leader=null, voted=f535bb4a-cba0-4f9b-9e3e-e4a48b3eda51, raftlog=f535bb4a-cba0-4f9b-9e3e-e4a48b3eda51@group-7E32184879DE-SegmentedRaftLog:OPENED:c-1,f-1,i0, conf=-1: [f535bb4a-cba0-4f9b-9e3e-e4a48b3eda51:0.0.0.0:44706, 54aabb14-4a7d-4ab3-adbe-2e67760b87f4:0.0.0.0:43074, c652e2ee-3322-4406-8db6-1ea643cb3197:0.0.0.0:42129], old=null
2019-10-18 11:25:26,594 [f535bb4a-cba0-4f9b-9e3e-e4a48b3eda51@group-7E32184879DE-LeaderElection460] INFO  impl.LeaderElection (LeaderElection.java:askForVotes(178)) - f535bb4a-cba0-4f9b-9e3e-e4a48b3eda51@group-7E32184879DE-LeaderElection460: begin an election at term 539 for -1: [f535bb4a-cba0-4f9b-9e3e-e4a48b3eda51:0.0.0.0:44706, 54aabb14-4a7d-4ab3-adbe-2e67760b87f4:0.0.0.0:43074, c652e2ee-3322-4406-8db6-1ea643cb3197:0.0.0.0:42129], old=null
2019-10-18 11:25:26,596 [grpc-default-executor-0] INFO  impl.RaftServerImpl (RaftServerImpl.java:setRole(184)) - 54aabb14-4a7d-4ab3-adbe-2e67760b87f4@group-7E32184879DE: changes role from  FOLLOWER to FOLLOWER at term 539 for recognizeCandidate:f535bb4a-cba0-4f9b-9e3e-e4a48b3eda51
2019-10-18 11:25:26,596 [grpc-default-executor-1] INFO  impl.RaftServerImpl (RaftServerImpl.java:setRole(184)) - c652e2ee-3322-4406-8db6-1ea643cb3197@group-7E32184879DE: changes role from  FOLLOWER to FOLLOWER at term 539 for recognizeCandidate:f535bb4a-cba0-4f9b-9e3e-e4a48b3eda51
2019-10-18 11:25:26,596 [grpc-default-executor-0] INFO  impl.RoleInfo (RoleInfo.java:shutdownFollowerState(121)) - 54aabb14-4a7d-4ab3-adbe-2e67760b87f4: shutdown FollowerState
2019-10-18 11:25:26,596 [grpc-default-executor-1] INFO  impl.RoleInfo (RoleInfo.java:shutdownFollowerState(121)) - c652e2ee-3322-4406-8db6-1ea643cb3197: shutdown FollowerState
2019-10-18 11:25:26,596 [Thread-3251] INFO  impl.FollowerState (FollowerState.java:run(117)) - 54aabb14-4a7d-4ab3-adbe-2e67760b87f4@group-7E32184879DE-FollowerState was interrupted: java.lang.InterruptedException: sleep interrupted
2019-10-18 11:25:26,596 [Thread-3252] INFO  impl.FollowerState (FollowerState.java:run(117)) - c652e2ee-3322-4406-8db6-1ea643cb3197@group-7E32184879DE-FollowerState was interrupted: java.lang.InterruptedException: sleep interrupted
2019-10-18 11:25:26,596 [grpc-default-executor-1] INFO  impl.RoleInfo (RoleInfo.java:updateAndGet(143)) - c652e2ee-3322-4406-8db6-1ea643cb3197: start FollowerState
2019-10-18 11:25:26,596 [grpc-default-executor-0] INFO  impl.RoleInfo (RoleInfo.java:updateAndGet(143)) - 54aabb14-4a7d-4ab3-adbe-2e67760b87f4: start FollowerState
2019-10-18 11:25:26,628 [f535bb4a-cba0-4f9b-9e3e-e4a48b3eda51@group-7E32184879DE-LeaderElection460] INFO  impl.LeaderElection (LeaderElection.java:logAndReturn(56)) - f535bb4a-cba0-4f9b-9e3e-e4a48b3eda51@group-7E32184879DE-LeaderElection460: Election REJECTED; received 2 response(s) [f535bb4a-cba0-4f9b-9e3e-e4a48b3eda51<-54aabb14-4a7d-4ab3-adbe-2e67760b87f4#0:FAIL-t539, f535bb4a-cba0-4f9b-9e3e-e4a48b3eda51<-c652e2ee-3322-4406-8db6-1ea643cb3197#0:FAIL-t539] and 0 exception(s); f535bb4a-cba0-4f9b-9e3e-e4a48b3eda51@group-7E32184879DE:t539, leader=null, voted=f535bb4a-cba0-4f9b-9e3e-e4a48b3eda51, raftlog=f535bb4a-cba0-4f9b-9e3e-e4a48b3eda51@group-7E32184879DE-SegmentedRaftLog:OPENED:c-1,f-1,i0, conf=-1: [f535bb4a-cba0-4f9b-9e3e-e4a48b3eda51:0.0.0.0:44706, 54aabb14-4a7d-4ab3-adbe-2e67760b87f4:0.0.0.0:43074, c652e2ee-3322-4406-8db6-1ea643cb3197:0.0.0.0:42129], old=null
2019-10-18 11:25:26,628 [f535bb4a-cba0-4f9b-9e3e-e4a48b3eda51@group-7E32184879DE-LeaderElection460] INFO  impl.RaftServerImpl (RaftServerImpl.java:setRole(184)) - f535bb4a-cba0-4f9b-9e3e-e4a48b3eda51@group-7E32184879DE: changes role from CANDIDATE to FOLLOWER at term 539 for DISCOVERED_A_NEW_TERM
2019-10-18 11:25:26,628 [f535bb4a-cba0-4f9b-9e3e-e4a48b3eda51@group-7E32184879DE-LeaderElection460] INFO  impl.RoleInfo (RoleInfo.java:shutdownLeaderElection(134)) - f535bb4a-cba0-4f9b-9e3e-e4a48b3eda51: shutdown LeaderElection
2019-10-18 11:25:26,628 [f535bb4a-cba0-4f9b-9e3e-e4a48b3eda51@group-7E32184879DE-LeaderElection460] INFO  impl.RoleInfo (RoleInfo.java:updateAndGet(143)) - f535bb4a-cba0-4f9b-9e3e-e4a48b3eda51: start FollowerState
2019-10-18 11:25:26,720 [Thread-3259] INFO  impl.FollowerState (FollowerState.java:run(108)) - f535bb4a-cba0-4f9b-9e3e-e4a48b3eda51@group-7E32184879DE-FollowerState: change to CANDIDATE, lastRpcTime:91ms, electionTimeout:91ms
2019-10-18 11:25:26,720 [Thread-3259] INFO  impl.RoleInfo (RoleInfo.java:shutdownFollowerState(121)) - f535bb4a-cba0-4f9b-9e3e-e4a48b3eda51: shutdown FollowerState
2019-10-18 11:25:26,720 [Thread-3259] INFO  impl.RaftServerImpl (RaftServerImpl.java:setRole(184)) - f535bb4a-cba0-4f9b-9e3e-e4a48b3eda51@group-7E32184879DE: changes role from  FOLLOWER to CANDIDATE at term 539 for changeToCandidate
2019-10-18 11:25:26,720 [Thread-3259] INFO  impl.RoleInfo (RoleInfo.java:updateAndGet(143)) - f535bb4a-cba0-4f9b-9e3e-e4a48b3eda51: start LeaderElection
2019-10-18 11:25:26,745 [f535bb4a-cba0-4f9b-9e3e-e4a48b3eda51@group-7E32184879DE-LeaderElection461] INFO  impl.LeaderElection (LeaderElection.java:askForVotes(178)) - f535bb4a-cba0-4f9b-9e3e-e4a48b3eda51@group-7E32184879DE-LeaderElection461: begin an election at term 540 for -1: [f535bb4a-cba0-4f9b-9e3e-e4a48b3eda51:0.0.0.0:44706, 54aabb14-4a7d-4ab3-adbe-2e67760b87f4:0.0.0.0:43074, c652e2ee-3322-4406-8db6-1ea643cb3197:0.0.0.0:42129], old=null
2019-10-18 11:25:26,746 [grpc-default-executor-0] INFO  impl.RaftServerImpl (RaftServerImpl.java:setRole(184)) - 54aabb14-4a7d-4ab3-adbe-2e67760b87f4@group-7E32184879DE: changes role from  FOLLOWER to FOLLOWER at term 540 for recognizeCandidate:f535bb4a-cba0-4f9b-9e3e-e4a48b3eda51
2019-10-18 11:25:26,746 [grpc-default-executor-1] INFO  impl.RaftServerImpl (RaftServerImpl.java:setRole(184)) - c652e2ee-3322-4406-8db6-1ea643cb3197@group-7E32184879DE: changes role from  FOLLOWER to FOLLOWER at term 540 for recognizeCandidate:f535bb4a-cba0-4f9b-9e3e-e4a48b3eda51
2019-10-18 11:25:26,747 [grpc-default-executor-0] INFO  impl.RoleInfo (RoleInfo.java:shutdownFollowerState(121)) - 54aabb14-4a7d-4ab3-adbe-2e67760b87f4: shutdown FollowerState
2019-10-18 11:25:26,747 [grpc-default-executor-1] INFO  impl.RoleInfo (RoleInfo.java:shutdownFollowerState(121)) - c652e2ee-3322-4406-8db6-1ea643cb3197: shutdown FollowerState
2019-10-18 11:25:26,747 [grpc-default-executor-1] INFO  impl.RoleInfo (RoleInfo.java:updateAndGet(143)) - c652e2ee-3322-4406-8db6-1ea643cb3197: start FollowerState
2019-10-18 11:25:26,747 [Thread-3257] INFO  impl.FollowerState (FollowerState.java:run(117)) - 54aabb14-4a7d-4ab3-adbe-2e67760b87f4@group-7E32184879DE-FollowerState was interrupted: java.lang.InterruptedException: sleep interrupted
2019-10-18 11:25:26,747 [grpc-default-executor-0] INFO  impl.RoleInfo (RoleInfo.java:updateAndGet(143)) - 54aabb14-4a7d-4ab3-adbe-2e67760b87f4: start FollowerState
2019-10-18 11:25:26,747 [Thread-3258] INFO  impl.FollowerState (FollowerState.java:run(117)) - c652e2ee-3322-4406-8db6-1ea643cb3197@group-7E32184879DE-FollowerState was interrupted: java.lang.InterruptedException: sleep interrupted
2019-10-18 11:25:26,771 [f535bb4a-cba0-4f9b-9e3e-e4a48b3eda51@group-7E32184879DE-LeaderElection461] INFO  impl.LeaderElection (LeaderElection.java:logAndReturn(56)) - f535bb4a-cba0-4f9b-9e3e-e4a48b3eda51@group-7E32184879DE-LeaderElection461: Election REJECTED; received 2 response(s) [f535bb4a-cba0-4f9b-9e3e-e4a48b3eda51<-54aabb14-4a7d-4ab3-adbe-2e67760b87f4#0:FAIL-t540, f535bb4a-cba0-4f9b-9e3e-e4a48b3eda51<-c652e2ee-3322-4406-8db6-1ea643cb3197#0:FAIL-t540] and 0 exception(s); f535bb4a-cba0-4f9b-9e3e-e4a48b3eda51@group-7E32184879DE:t540, leader=null, voted=f535bb4a-cba0-4f9b-9e3e-e4a48b3eda51, raftlog=f535bb4a-cba0-4f9b-9e3e-e4a48b3eda51@group-7E32184879DE-SegmentedRaftLog:OPENED:c-1,f-1,i0, conf=-1: [f535bb4a-cba0-4f9b-9e3e-e4a48b3eda51:0.0.0.0:44706, 54aabb14-4a7d-4ab3-adbe-2e67760b87f4:0.0.0.0:43074, c652e2ee-3322-4406-8db6-1ea643cb3197:0.0.0.0:42129], old=null
2019-10-18 11:25:26,771 [f535bb4a-cba0-4f9b-9e3e-e4a48b3eda51@group-7E32184879DE-LeaderElection461] INFO  impl.RaftServerImpl (RaftServerImpl.java:setRole(184)) - f535bb4a-cba0-4f9b-9e3e-e4a48b3eda51@group-7E32184879DE: changes role from CANDIDATE to FOLLOWER at term 540 for DISCOVERED_A_NEW_TERM
2019-10-18 11:25:26,771 [f535bb4a-cba0-4f9b-9e3e-e4a48b3eda51@group-7E32184879DE-LeaderElection461] INFO  impl.RoleInfo (RoleInfo.java:shutdownLeaderElection(134)) - f535bb4a-cba0-4f9b-9e3e-e4a48b3eda51: shutdown LeaderElection
2019-10-18 11:25:26,771 [f535bb4a-cba0-4f9b-9e3e-e4a48b3eda51@group-7E32184879DE-LeaderElection461] INFO  impl.RoleInfo (RoleInfo.java:updateAndGet(143)) - f535bb4a-cba0-4f9b-9e3e-e4a48b3eda51: start FollowerState
2019-10-18 11:25:26,820 [Thread-3265] INFO  impl.FollowerState (FollowerState.java:run(108)) - f535bb4a-cba0-4f9b-9e3e-e4a48b3eda51@group-7E32184879DE-FollowerState: change to CANDIDATE, lastRpcTime:48ms, electionTimeout:48ms
2019-10-18 11:25:26,820 [Thread-3265] INFO  impl.RoleInfo (RoleInfo.java:shutdownFollowerState(121)) - f535bb4a-cba0-4f9b-9e3e-e4a48b3eda51: shutdown FollowerState
2019-10-18 11:25:26,820 [Thread-3265] INFO  impl.RaftServerImpl (RaftServerImpl.java:setRole(184)) - f535bb4a-cba0-4f9b-9e3e-e4a48b3eda51@group-7E32184879DE: changes role from  FOLLOWER to CANDIDATE at term 540 for changeToCandidate
2019-10-18 11:25:26,820 [Thread-3265] INFO  impl.RoleInfo (RoleInfo.java:updateAndGet(143)) - f535bb4a-cba0-4f9b-9e3e-e4a48b3eda51: start LeaderElection
2019-10-18 11:25:26,846 [f535bb4a-cba0-4f9b-9e3e-e4a48b3eda51@group-7E32184879DE-LeaderElection462] INFO  impl.LeaderElection (LeaderElection.java:askForVotes(178)) - f535bb4a-cba0-4f9b-9e3e-e4a48b3eda51@group-7E32184879DE-LeaderElection462: begin an election at term 541 for -1: [f535bb4a-cba0-4f9b-9e3e-e4a48b3eda51:0.0.0.0:44706, 54aabb14-4a7d-4ab3-adbe-2e67760b87f4:0.0.0.0:43074, c652e2ee-3322-4406-8db6-1ea643cb3197:0.0.0.0:42129], old=null
2019-10-18 11:25:26,847 [grpc-default-executor-0] INFO  impl.RaftServerImpl (RaftServerImpl.java:setRole(184)) - 54aabb14-4a7d-4ab3-adbe-2e67760b87f4@group-7E32184879DE: changes role from  FOLLOWER to FOLLOWER at term 541 for recognizeCandidate:f535bb4a-cba0-4f9b-9e3e-e4a48b3eda51
2019-10-18 11:25:26,847 [grpc-default-executor-0] INFO  impl.RoleInfo (RoleInfo.java:shutdownFollowerState(121)) - 54aabb14-4a7d-4ab3-adbe-2e67760b87f4: shutdown FollowerState
2019-10-18 11:25:26,847 [grpc-default-executor-1] INFO  impl.RaftServerImpl (RaftServerImpl.java:setRole(184)) - c652e2ee-3322-4406-8db6-1ea643cb3197@group-7E32184879DE: changes role from  FOLLOWER to FOLLOWER at term 541 for recognizeCandidate:f535bb4a-cba0-4f9b-9e3e-e4a48b3eda51
2019-10-18 11:25:26,847 [Thread-3263] INFO  impl.FollowerState (FollowerState.java:run(117)) - 54aabb14-4a7d-4ab3-adbe-2e67760b87f4@group-7E32184879DE-FollowerState was interrupted: java.lang.InterruptedException: sleep interrupted
2019-10-18 11:25:26,848 [grpc-default-executor-1] INFO  impl.RoleInfo (RoleInfo.java:shutdownFollowerState(121)) - c652e2ee-3322-4406-8db6-1ea643cb3197: shutdown FollowerState
2019-10-18 11:25:26,847 [grpc-default-executor-0] INFO  impl.RoleInfo (RoleInfo.java:updateAndGet(143)) - 54aabb14-4a7d-4ab3-adbe-2e67760b87f4: start FollowerState
2019-10-18 11:25:26,848 [Thread-3264] INFO  impl.FollowerState (FollowerState.java:run(117)) - c652e2ee-3322-4406-8db6-1ea643cb3197@group-7E32184879DE-FollowerState was interrupted: java.lang.InterruptedException: sleep interrupted
2019-10-18 11:25:26,848 [grpc-default-executor-1] INFO  impl.RoleInfo (RoleInfo.java:updateAndGet(143)) - c652e2ee-3322-4406-8db6-1ea643cb3197: start FollowerState
2019-10-18 11:25:26,871 [f535bb4a-cba0-4f9b-9e3e-e4a48b3eda51@group-7E32184879DE-LeaderElection462] INFO  impl.LeaderElection (LeaderElection.java:logAndReturn(56)) - f535bb4a-cba0-4f9b-9e3e-e4a48b3eda51@group-7E32184879DE-LeaderElection462: Election REJECTED; received 2 response(s) [f535bb4a-cba0-4f9b-9e3e-e4a48b3eda51<-54aabb14-4a7d-4ab3-adbe-2e67760b87f4#0:FAIL-t541, f535bb4a-cba0-4f9b-9e3e-e4a48b3eda51<-c652e2ee-3322-4406-8db6-1ea643cb3197#0:FAIL-t541] and 0 exception(s); f535bb4a-cba0-4f9b-9e3e-e4a48b3eda51@group-7E32184879DE:t541, leader=null, voted=f535bb4a-cba0-4f9b-9e3e-e4a48b3eda51, raftlog=f535bb4a-cba0-4f9b-9e3e-e4a48b3eda51@group-7E32184879DE-SegmentedRaftLog:OPENED:c-1,f-1,i0, conf=-1: [f535bb4a-cba0-4f9b-9e3e-e4a48b3eda51:0.0.0.0:44706, 54aabb14-4a7d-4ab3-adbe-2e67760b87f4:0.0.0.0:43074, c652e2ee-3322-4406-8db6-1ea643cb3197:0.0.0.0:42129], old=null
2019-10-18 11:25:26,872 [f535bb4a-cba0-4f9b-9e3e-e4a48b3eda51@group-7E32184879DE-LeaderElection462] INFO  impl.RaftServerImpl (RaftServerImpl.java:setRole(184)) - f535bb4a-cba0-4f9b-9e3e-e4a48b3eda51@group-7E32184879DE: changes role from CANDIDATE to FOLLOWER at term 541 for DISCOVERED_A_NEW_TERM
2019-10-18 11:25:26,872 [f535bb4a-cba0-4f9b-9e3e-e4a48b3eda51@group-7E32184879DE-LeaderElection462] INFO  impl.RoleInfo (RoleInfo.java:shutdownLeaderElection(134)) - f535bb4a-cba0-4f9b-9e3e-e4a48b3eda51: shutdown LeaderElection
2019-10-18 11:25:26,872 [f535bb4a-cba0-4f9b-9e3e-e4a48b3eda51@group-7E32184879DE-LeaderElection462] INFO  impl.RoleInfo (RoleInfo.java:updateAndGet(143)) - f535bb4a-cba0-4f9b-9e3e-e4a48b3eda51: start FollowerState
2019-10-18 11:25:27,002 [Thread-3271] INFO  impl.FollowerState (FollowerState.java:run(108)) - f535bb4a-cba0-4f9b-9e3e-e4a48b3eda51@group-7E32184879DE-FollowerState: change to CANDIDATE, lastRpcTime:130ms, electionTimeout:130ms
2019-10-18 11:25:27,002 [Thread-3271] INFO  impl.RoleInfo (RoleInfo.java:shutdownFollowerState(121)) - f535bb4a-cba0-4f9b-9e3e-e4a48b3eda51: shutdown FollowerState
2019-10-18 11:25:27,003 [Thread-3271] INFO  impl.RaftServerImpl (RaftServerImpl.java:setRole(184)) - f535bb4a-cba0-4f9b-9e3e-e4a48b3eda51@group-7E32184879DE: changes role from  FOLLOWER to CANDIDATE at term 541 for changeToCandidate
2019-10-18 11:25:27,003 [Thread-3271] INFO  impl.RoleInfo (RoleInfo.java:updateAndGet(143)) - f535bb4a-cba0-4f9b-9e3e-e4a48b3eda51: start LeaderElection
2019-10-18 11:25:27,029 [f535bb4a-cba0-4f9b-9e3e-e4a48b3eda51@group-7E32184879DE-LeaderElection463] INFO  impl.LeaderElection (LeaderElection.java:askForVotes(178)) - f535bb4a-cba0-4f9b-9e3e-e4a48b3eda51@group-7E32184879DE-LeaderElection463: begin an election at term 542 for -1: [f535bb4a-cba0-4f9b-9e3e-e4a48b3eda51:0.0.0.0:44706, 54aabb14-4a7d-4ab3-adbe-2e67760b87f4:0.0.0.0:43074, c652e2ee-3322-4406-8db6-1ea643cb3197:0.0.0.0:42129], old=null
2019-10-18 11:25:27,031 [grpc-default-executor-0] INFO  impl.RaftServerImpl (RaftServerImpl.java:setRole(184)) - 54aabb14-4a7d-4ab3-adbe-2e67760b87f4@group-7E32184879DE: changes role from  FOLLOWER to FOLLOWER at term 542 for recognizeCandidate:f535bb4a-cba0-4f9b-9e3e-e4a48b3eda51
2019-10-18 11:25:27,031 [grpc-default-executor-1] INFO  impl.RaftServerImpl (RaftServerImpl.java:setRole(184)) - c652e2ee-3322-4406-8db6-1ea643cb3197@group-7E32184879DE: changes role from  FOLLOWER to FOLLOWER at term 542 for recognizeCandidate:f535bb4a-cba0-4f9b-9e3e-e4a48b3eda51
2019-10-18 11:25:27,032 [grpc-default-executor-1] INFO  impl.RoleInfo (RoleInfo.java:shutdownFollowerState(121)) - c652e2ee-3322-4406-8db6-1ea643cb3197: shutdown FollowerState
2019-10-18 11:25:27,031 [grpc-default-executor-0] INFO  impl.RoleInfo (RoleInfo.java:shutdownFollowerState(121)) - 54aabb14-4a7d-4ab3-adbe-2e67760b87f4: shutdown FollowerState
2019-10-18 11:25:27,032 [Thread-3270] INFO  impl.FollowerState (FollowerState.java:run(117)) - c652e2ee-3322-4406-8db6-1ea643cb3197@group-7E32184879DE-FollowerState was interrupted: java.lang.InterruptedException: sleep interrupted
2019-10-18 11:25:27,032 [grpc-default-executor-1] INFO  impl.RoleInfo (RoleInfo.java:updateAndGet(143)) - c652e2ee-3322-4406-8db6-1ea643cb3197: start FollowerState
2019-10-18 11:25:27,032 [Thread-3269] INFO  impl.FollowerState (FollowerState.java:run(117)) - 54aabb14-4a7d-4ab3-adbe-2e67760b87f4@group-7E32184879DE-FollowerState was interrupted: java.lang.InterruptedException: sleep interrupted
2019-10-18 11:25:27,032 [grpc-default-executor-0] INFO  impl.RoleInfo (RoleInfo.java:updateAndGet(143)) - 54aabb14-4a7d-4ab3-adbe-2e67760b87f4: start FollowerState
2019-10-18 11:25:27,057 [f535bb4a-cba0-4f9b-9e3e-e4a48b3eda51@group-7E32184879DE-LeaderElection463] INFO  impl.LeaderElection (LeaderElection.java:logAndReturn(56)) - f535bb4a-cba0-4f9b-9e3e-e4a48b3eda51@group-7E32184879DE-LeaderElection463: Election REJECTED; received 2 response(s) [f535bb4a-cba0-4f9b-9e3e-e4a48b3eda51<-54aabb14-4a7d-4ab3-adbe-2e67760b87f4#0:FAIL-t542, f535bb4a-cba0-4f9b-9e3e-e4a48b3eda51<-c652e2ee-3322-4406-8db6-1ea643cb3197#0:FAIL-t542] and 0 exception(s); f535bb4a-cba0-4f9b-9e3e-e4a48b3eda51@group-7E32184879DE:t542, leader=null, voted=f535bb4a-cba0-4f9b-9e3e-e4a48b3eda51, raftlog=f535bb4a-cba0-4f9b-9e3e-e4a48b3eda51@group-7E32184879DE-SegmentedRaftLog:OPENED:c-1,f-1,i0, conf=-1: [f535bb4a-cba0-4f9b-9e3e-e4a48b3eda51:0.0.0.0:44706, 54aabb14-4a7d-4ab3-adbe-2e67760b87f4:0.0.0.0:43074, c652e2ee-3322-4406-8db6-1ea643cb3197:0.0.0.0:42129], old=null
2019-10-18 11:25:27,057 [f535bb4a-cba0-4f9b-9e3e-e4a48b3eda51@group-7E32184879DE-LeaderElection463] INFO  impl.RaftServerImpl (RaftServerImpl.java:setRole(184)) - f535bb4a-cba0-4f9b-9e3e-e4a48b3eda51@group-7E32184879DE: changes role from CANDIDATE to FOLLOWER at term 542 for DISCOVERED_A_NEW_TERM
2019-10-18 11:25:27,057 [f535bb4a-cba0-4f9b-9e3e-e4a48b3eda51@group-7E32184879DE-LeaderElection463] INFO  impl.RoleInfo (RoleInfo.java:shutdownLeaderElection(134)) - f535bb4a-cba0-4f9b-9e3e-e4a48b3eda51: shutdown LeaderElection
2019-10-18 11:25:27,057 [f535bb4a-cba0-4f9b-9e3e-e4a48b3eda51@group-7E32184879DE-LeaderElection463] INFO  impl.RoleInfo (RoleInfo.java:updateAndGet(143)) - f535bb4a-cba0-4f9b-9e3e-e4a48b3eda51: start FollowerState
2019-10-18 11:25:27,064 [Thread-3277] INFO  impl.FollowerState (FollowerState.java:run(108)) - f535bb4a-cba0-4f9b-9e3e-e4a48b3eda51@group-7E32184879DE-FollowerState: change to CANDIDATE, lastRpcTime:7ms, electionTimeout:7ms
2019-10-18 11:25:27,064 [Thread-3277] INFO  impl.RoleInfo (RoleInfo.java:shutdownFollowerState(121)) - f535bb4a-cba0-4f9b-9e3e-e4a48b3eda51: shutdown FollowerState
2019-10-18 11:25:27,064 [Thread-3277] INFO  impl.RaftServerImpl (RaftServerImpl.java:setRole(184)) - f535bb4a-cba0-4f9b-9e3e-e4a48b3eda51@group-7E32184879DE: changes role from  FOLLOWER to CANDIDATE at term 542 for changeToCandidate
2019-10-18 11:25:27,064 [Thread-3277] INFO  impl.RoleInfo (RoleInfo.java:updateAndGet(143)) - f535bb4a-cba0-4f9b-9e3e-e4a48b3eda51: start LeaderElection
2019-10-18 11:25:27,090 [f535bb4a-cba0-4f9b-9e3e-e4a48b3eda51@group-7E32184879DE-LeaderElection464] INFO  impl.LeaderElection (LeaderElection.java:askForVotes(178)) - f535bb4a-cba0-4f9b-9e3e-e4a48b3eda51@group-7E32184879DE-LeaderElection464: begin an election at term 543 for -1: [f535bb4a-cba0-4f9b-9e3e-e4a48b3eda51:0.0.0.0:44706, 54aabb14-4a7d-4ab3-adbe-2e67760b87f4:0.0.0.0:43074, c652e2ee-3322-4406-8db6-1ea643cb3197:0.0.0.0:42129], old=null
2019-10-18 11:25:27,091 [grpc-default-executor-1] INFO  impl.RaftServerImpl (RaftServerImpl.java:setRole(184)) - 54aabb14-4a7d-4ab3-adbe-2e67760b87f4@group-7E32184879DE: changes role from  FOLLOWER to FOLLOWER at term 543 for recognizeCandidate:f535bb4a-cba0-4f9b-9e3e-e4a48b3eda51
2019-10-18 11:25:27,092 [grpc-default-executor-1] INFO  impl.RoleInfo (RoleInfo.java:shutdownFollowerState(121)) - 54aabb14-4a7d-4ab3-adbe-2e67760b87f4: shutdown FollowerState
2019-10-18 11:25:27,092 [grpc-default-executor-1] INFO  impl.RoleInfo (RoleInfo.java:updateAndGet(143)) - 54aabb14-4a7d-4ab3-adbe-2e67760b87f4: start FollowerState
2019-10-18 11:25:27,092 [grpc-default-executor-0] INFO  impl.RaftServerImpl (RaftServerImpl.java:setRole(184)) - c652e2ee-3322-4406-8db6-1ea643cb3197@group-7E32184879DE: changes role from  FOLLOWER to FOLLOWER at term 543 for recognizeCandidate:f535bb4a-cba0-4f9b-9e3e-e4a48b3eda51
2019-10-18 11:25:27,092 [grpc-default-executor-0] INFO  impl.RoleInfo (RoleInfo.java:shutdownFollowerState(121)) - c652e2ee-3322-4406-8db6-1ea643cb3197: shutdown FollowerState
2019-10-18 11:25:27,092 [Thread-3276] INFO  impl.FollowerState (FollowerState.java:run(117)) - 54aabb14-4a7d-4ab3-adbe-2e67760b87f4@group-7E32184879DE-FollowerState was interrupted: java.lang.InterruptedException: sleep interrupted
2019-10-18 11:25:27,092 [Thread-3275] INFO  impl.FollowerState (FollowerState.java:run(117)) - c652e2ee-3322-4406-8db6-1ea643cb3197@group-7E32184879DE-FollowerState was interrupted: java.lang.InterruptedException: sleep interrupted
2019-10-18 11:25:27,092 [grpc-default-executor-0] INFO  impl.RoleInfo (RoleInfo.java:updateAndGet(143)) - c652e2ee-3322-4406-8db6-1ea643cb3197: start FollowerState
2019-10-18 11:25:27,097 [f535bb4a-cba0-4f9b-9e3e-e4a48b3eda51@group-7E32184879DE-LeaderElection464] INFO  impl.LeaderElection (LeaderElection.java:logAndReturn(56)) - f535bb4a-cba0-4f9b-9e3e-e4a48b3eda51@group-7E32184879DE-LeaderElection464: Election TIMEOUT; received 0 response(s) [] and 0 exception(s); f535bb4a-cba0-4f9b-9e3e-e4a48b3eda51@group-7E32184879DE:t543, leader=null, voted=f535bb4a-cba0-4f9b-9e3e-e4a48b3eda51, raftlog=f535bb4a-cba0-4f9b-9e3e-e4a48b3eda51@group-7E32184879DE-SegmentedRaftLog:OPENED:c-1,f-1,i0, conf=-1: [f535bb4a-cba0-4f9b-9e3e-e4a48b3eda51:0.0.0.0:44706, 54aabb14-4a7d-4ab3-adbe-2e67760b87f4:0.0.0.0:43074, c652e2ee-3322-4406-8db6-1ea643cb3197:0.0.0.0:42129], old=null
2019-10-18 11:25:27,115 [f535bb4a-cba0-4f9b-9e3e-e4a48b3eda51@group-7E32184879DE-LeaderElection464] INFO  impl.LeaderElection (LeaderElection.java:askForVotes(178)) - f535bb4a-cba0-4f9b-9e3e-e4a48b3eda51@group-7E32184879DE-LeaderElection464: begin an election at term 544 for -1: [f535bb4a-cba0-4f9b-9e3e-e4a48b3eda51:0.0.0.0:44706, 54aabb14-4a7d-4ab3-adbe-2e67760b87f4:0.0.0.0:43074, c652e2ee-3322-4406-8db6-1ea643cb3197:0.0.0.0:42129], old=null
2019-10-18 11:25:27,117 [grpc-default-executor-0] INFO  impl.RaftServerImpl (RaftServerImpl.java:setRole(184)) - 54aabb14-4a7d-4ab3-adbe-2e67760b87f4@group-7E32184879DE: changes role from  FOLLOWER to FOLLOWER at term 544 for recognizeCandidate:f535bb4a-cba0-4f9b-9e3e-e4a48b3eda51
2019-10-18 11:25:27,117 [grpc-default-executor-0] INFO  impl.RoleInfo (RoleInfo.java:shutdownFollowerState(121)) - 54aabb14-4a7d-4ab3-adbe-2e67760b87f4: shutdown FollowerState
2019-10-18 11:25:27,117 [grpc-default-executor-0] INFO  impl.RoleInfo (RoleInfo.java:updateAndGet(143)) - 54aabb14-4a7d-4ab3-adbe-2e67760b87f4: start FollowerState
2019-10-18 11:25:27,117 [grpc-default-executor-1] INFO  impl.RaftServerImpl (RaftServerImpl.java:setRole(184)) - c652e2ee-3322-4406-8db6-1ea643cb3197@group-7E32184879DE: changes role from  FOLLOWER to FOLLOWER at term 544 for recognizeCandidate:f535bb4a-cba0-4f9b-9e3e-e4a48b3eda51
2019-10-18 11:25:27,117 [grpc-default-executor-1] INFO  impl.RoleInfo (RoleInfo.java:shutdownFollowerState(121)) - c652e2ee-3322-4406-8db6-1ea643cb3197: shutdown FollowerState
2019-10-18 11:25:27,117 [Thread-3281] INFO  impl.FollowerState (FollowerState.java:run(117)) - 54aabb14-4a7d-4ab3-adbe-2e67760b87f4@group-7E32184879DE-FollowerState was interrupted: java.lang.InterruptedException: sleep interrupted
2019-10-18 11:25:27,118 [Thread-3282] INFO  impl.FollowerState (FollowerState.java:run(117)) - c652e2ee-3322-4406-8db6-1ea643cb3197@group-7E32184879DE-FollowerState was interrupted: java.lang.InterruptedException: sleep interrupted
2019-10-18 11:25:27,118 [grpc-default-executor-1] INFO  impl.RoleInfo (RoleInfo.java:updateAndGet(143)) - c652e2ee-3322-4406-8db6-1ea643cb3197: start FollowerState
2019-10-18 11:25:27,141 [f535bb4a-cba0-4f9b-9e3e-e4a48b3eda51@group-7E32184879DE-LeaderElection464] INFO  impl.LeaderElection (LeaderElection.java:logAndReturn(56)) - f535bb4a-cba0-4f9b-9e3e-e4a48b3eda51@group-7E32184879DE-LeaderElection464: Election REJECTED; received 2 response(s) [f535bb4a-cba0-4f9b-9e3e-e4a48b3eda51<-54aabb14-4a7d-4ab3-adbe-2e67760b87f4#0:FAIL-t544, f535bb4a-cba0-4f9b-9e3e-e4a48b3eda51<-c652e2ee-3322-4406-8db6-1ea643cb3197#0:FAIL-t544] and 0 exception(s); f535bb4a-cba0-4f9b-9e3e-e4a48b3eda51@group-7E32184879DE:t544, leader=null, voted=f535bb4a-cba0-4f9b-9e3e-e4a48b3eda51, raftlog=f535bb4a-cba0-4f9b-9e3e-e4a48b3eda51@group-7E32184879DE-SegmentedRaftLog:OPENED:c-1,f-1,i0, conf=-1: [f535bb4a-cba0-4f9b-9e3e-e4a48b3eda51:0.0.0.0:44706, 54aabb14-4a7d-4ab3-adbe-2e67760b87f4:0.0.0.0:43074, c652e2ee-3322-4406-8db6-1ea643cb3197:0.0.0.0:42129], old=null
2019-10-18 11:25:27,141 [f535bb4a-cba0-4f9b-9e3e-e4a48b3eda51@group-7E32184879DE-LeaderElection464] INFO  impl.RaftServerImpl (RaftServerImpl.java:setRole(184)) - f535bb4a-cba0-4f9b-9e3e-e4a48b3eda51@group-7E32184879DE: changes role from CANDIDATE to FOLLOWER at term 544 for DISCOVERED_A_NEW_TERM
2019-10-18 11:25:27,141 [f535bb4a-cba0-4f9b-9e3e-e4a48b3eda51@group-7E32184879DE-LeaderElection464] INFO  impl.RoleInfo (RoleInfo.java:shutdownLeaderElection(134)) - f535bb4a-cba0-4f9b-9e3e-e4a48b3eda51: shutdown LeaderElection
2019-10-18 11:25:27,141 [f535bb4a-cba0-4f9b-9e3e-e4a48b3eda51@group-7E32184879DE-LeaderElection464] INFO  impl.RoleInfo (RoleInfo.java:updateAndGet(143)) - f535bb4a-cba0-4f9b-9e3e-e4a48b3eda51: start FollowerState
2019-10-18 11:25:27,242 [Thread-3287] INFO  impl.FollowerState (FollowerState.java:run(108)) - f535bb4a-cba0-4f9b-9e3e-e4a48b3eda51@group-7E32184879DE-FollowerState: change to CANDIDATE, lastRpcTime:100ms, electionTimeout:100ms
2019-10-18 11:25:27,242 [Thread-3287] INFO  impl.RoleInfo (RoleInfo.java:shutdownFollowerState(121)) - f535bb4a-cba0-4f9b-9e3e-e4a48b3eda51: shutdown FollowerState
2019-10-18 11:25:27,242 [Thread-3287] INFO  impl.RaftServerImpl (RaftServerImpl.java:setRole(184)) - f535bb4a-cba0-4f9b-9e3e-e4a48b3eda51@group-7E32184879DE: changes role from  FOLLOWER to CANDIDATE at term 544 for changeToCandidate
2019-10-18 11:25:27,242 [Thread-3287] INFO  impl.RoleInfo (RoleInfo.java:updateAndGet(143)) - f535bb4a-cba0-4f9b-9e3e-e4a48b3eda51: start LeaderElection
2019-10-18 11:25:27,266 [f535bb4a-cba0-4f9b-9e3e-e4a48b3eda51@group-7E32184879DE-LeaderElection465] INFO  impl.LeaderElection (LeaderElection.java:askForVotes(178)) - f535bb4a-cba0-4f9b-9e3e-e4a48b3eda51@group-7E32184879DE-LeaderElection465: begin an election at term 545 for -1: [f535bb4a-cba0-4f9b-9e3e-e4a48b3eda51:0.0.0.0:44706, 54aabb14-4a7d-4ab3-adbe-2e67760b87f4:0.0.0.0:43074, c652e2ee-3322-4406-8db6-1ea643cb3197:0.0.0.0:42129], old=null
2019-10-18 11:25:27,267 [grpc-default-executor-0] INFO  impl.RaftServerImpl (RaftServerImpl.java:setRole(184)) - 54aabb14-4a7d-4ab3-adbe-2e67760b87f4@group-7E32184879DE: changes role from  FOLLOWER to FOLLOWER at term 545 for recognizeCandidate:f535bb4a-cba0-4f9b-9e3e-e4a48b3eda51
2019-10-18 11:25:27,267 [grpc-default-executor-0] INFO  impl.RoleInfo (RoleInfo.java:shutdownFollowerState(121)) - 54aabb14-4a7d-4ab3-adbe-2e67760b87f4: shutdown FollowerState
2019-10-18 11:25:27,268 [grpc-default-executor-0] INFO  impl.RoleInfo (RoleInfo.java:updateAndGet(143)) - 54aabb14-4a7d-4ab3-adbe-2e67760b87f4: start FollowerState
2019-10-18 11:25:27,268 [Thread-3285] INFO  impl.FollowerState (FollowerState.java:run(117)) - 54aabb14-4a7d-4ab3-adbe-2e67760b87f4@group-7E32184879DE-FollowerState was interrupted: java.lang.InterruptedException: sleep interrupted
2019-10-18 11:25:27,268 [grpc-default-executor-1] INFO  impl.RaftServerImpl (RaftServerImpl.java:setRole(184)) - c652e2ee-3322-4406-8db6-1ea643cb3197@group-7E32184879DE: changes role from  FOLLOWER to FOLLOWER at term 545 for recognizeCandidate:f535bb4a-cba0-4f9b-9e3e-e4a48b3eda51
2019-10-18 11:25:27,268 [grpc-default-executor-1] INFO  impl.RoleInfo (RoleInfo.java:shutdownFollowerState(121)) - c652e2ee-3322-4406-8db6-1ea643cb3197: shutdown FollowerState
2019-10-18 11:25:27,268 [grpc-default-executor-1] INFO  impl.RoleInfo (RoleInfo.java:updateAndGet(143)) - c652e2ee-3322-4406-8db6-1ea643cb3197: start FollowerState
2019-10-18 11:25:27,268 [Thread-3286] INFO  impl.FollowerState (FollowerState.java:run(117)) - c652e2ee-3322-4406-8db6-1ea643cb3197@group-7E32184879DE-FollowerState was interrupted: java.lang.InterruptedException: sleep interrupted
2019-10-18 11:25:27,292 [f535bb4a-cba0-4f9b-9e3e-e4a48b3eda51@group-7E32184879DE-LeaderElection465] INFO  impl.LeaderElection (LeaderElection.java:logAndReturn(56)) - f535bb4a-cba0-4f9b-9e3e-e4a48b3eda51@group-7E32184879DE-LeaderElection465: Election REJECTED; received 2 response(s) [f535bb4a-cba0-4f9b-9e3e-e4a48b3eda51<-54aabb14-4a7d-4ab3-adbe-2e67760b87f4#0:FAIL-t545, f535bb4a-cba0-4f9b-9e3e-e4a48b3eda51<-c652e2ee-3322-4406-8db6-1ea643cb3197#0:FAIL-t545] and 0 exception(s); f535bb4a-cba0-4f9b-9e3e-e4a48b3eda51@group-7E32184879DE:t545, leader=null, voted=f535bb4a-cba0-4f9b-9e3e-e4a48b3eda51, raftlog=f535bb4a-cba0-4f9b-9e3e-e4a48b3eda51@group-7E32184879DE-SegmentedRaftLog:OPENED:c-1,f-1,i0, conf=-1: [f535bb4a-cba0-4f9b-9e3e-e4a48b3eda51:0.0.0.0:44706, 54aabb14-4a7d-4ab3-adbe-2e67760b87f4:0.0.0.0:43074, c652e2ee-3322-4406-8db6-1ea643cb3197:0.0.0.0:42129], old=null
2019-10-18 11:25:27,292 [f535bb4a-cba0-4f9b-9e3e-e4a48b3eda51@group-7E32184879DE-LeaderElection465] INFO  impl.RaftServerImpl (RaftServerImpl.java:setRole(184)) - f535bb4a-cba0-4f9b-9e3e-e4a48b3eda51@group-7E32184879DE: changes role from CANDIDATE to FOLLOWER at term 545 for DISCOVERED_A_NEW_TERM
2019-10-18 11:25:27,292 [f535bb4a-cba0-4f9b-9e3e-e4a48b3eda51@group-7E32184879DE-LeaderElection465] INFO  impl.RoleInfo (RoleInfo.java:shutdownLeaderElection(134)) - f535bb4a-cba0-4f9b-9e3e-e4a48b3eda51: shutdown LeaderElection
2019-10-18 11:25:27,292 [f535bb4a-cba0-4f9b-9e3e-e4a48b3eda51@group-7E32184879DE-LeaderElection465] INFO  impl.RoleInfo (RoleInfo.java:updateAndGet(143)) - f535bb4a-cba0-4f9b-9e3e-e4a48b3eda51: start FollowerState
2019-10-18 11:25:27,330 [Thread-3293] INFO  impl.FollowerState (FollowerState.java:run(108)) - f535bb4a-cba0-4f9b-9e3e-e4a48b3eda51@group-7E32184879DE-FollowerState: change to CANDIDATE, lastRpcTime:37ms, electionTimeout:37ms
2019-10-18 11:25:27,330 [Thread-3293] INFO  impl.RoleInfo (RoleInfo.java:shutdownFollowerState(121)) - f535bb4a-cba0-4f9b-9e3e-e4a48b3eda51: shutdown FollowerState
2019-10-18 11:25:27,330 [Thread-3293] INFO  impl.RaftServerImpl (RaftServerImpl.java:setRole(184)) - f535bb4a-cba0-4f9b-9e3e-e4a48b3eda51@group-7E32184879DE: changes role from  FOLLOWER to CANDIDATE at term 545 for changeToCandidate
2019-10-18 11:25:27,330 [Thread-3293] INFO  impl.RoleInfo (RoleInfo.java:updateAndGet(143)) - f535bb4a-cba0-4f9b-9e3e-e4a48b3eda51: start LeaderElection
2019-10-18 11:25:27,358 [f535bb4a-cba0-4f9b-9e3e-e4a48b3eda51@group-7E32184879DE-LeaderElection466] INFO  impl.LeaderElection (LeaderElection.java:askForVotes(178)) - f535bb4a-cba0-4f9b-9e3e-e4a48b3eda51@group-7E32184879DE-LeaderElection466: begin an election at term 546 for -1: [f535bb4a-cba0-4f9b-9e3e-e4a48b3eda51:0.0.0.0:44706, 54aabb14-4a7d-4ab3-adbe-2e67760b87f4:0.0.0.0:43074, c652e2ee-3322-4406-8db6-1ea643cb3197:0.0.0.0:42129], old=null
2019-10-18 11:25:27,360 [grpc-default-executor-0] INFO  impl.RaftServerImpl (RaftServerImpl.java:setRole(184)) - 54aabb14-4a7d-4ab3-adbe-2e67760b87f4@group-7E32184879DE: changes role from  FOLLOWER to FOLLOWER at term 546 for recognizeCandidate:f535bb4a-cba0-4f9b-9e3e-e4a48b3eda51
2019-10-18 11:25:27,360 [grpc-default-executor-0] INFO  impl.RoleInfo (RoleInfo.java:shutdownFollowerState(121)) - 54aabb14-4a7d-4ab3-adbe-2e67760b87f4: shutdown FollowerState
2019-10-18 11:25:27,360 [grpc-default-executor-1] INFO  impl.RaftServerImpl (RaftServerImpl.java:setRole(184)) - c652e2ee-3322-4406-8db6-1ea643cb3197@group-7E32184879DE: changes role from  FOLLOWER to FOLLOWER at term 546 for recognizeCandidate:f535bb4a-cba0-4f9b-9e3e-e4a48b3eda51
2019-10-18 11:25:27,360 [grpc-default-executor-1] INFO  impl.RoleInfo (RoleInfo.java:shutdownFollowerState(121)) - c652e2ee-3322-4406-8db6-1ea643cb3197: shutdown FollowerState
2019-10-18 11:25:27,360 [Thread-3291] INFO  impl.FollowerState (FollowerState.java:run(117)) - 54aabb14-4a7d-4ab3-adbe-2e67760b87f4@group-7E32184879DE-FollowerState was interrupted: java.lang.InterruptedException: sleep interrupted
2019-10-18 11:25:27,360 [grpc-default-executor-0] INFO  impl.RoleInfo (RoleInfo.java:updateAndGet(143)) - 54aabb14-4a7d-4ab3-adbe-2e67760b87f4: start FollowerState
2019-10-18 11:25:27,360 [Thread-3292] INFO  impl.FollowerState (FollowerState.java:run(117)) - c652e2ee-3322-4406-8db6-1ea643cb3197@group-7E32184879DE-FollowerState was interrupted: java.lang.InterruptedException: sleep interrupted
2019-10-18 11:25:27,360 [grpc-default-executor-1] INFO  impl.RoleInfo (RoleInfo.java:updateAndGet(143)) - c652e2ee-3322-4406-8db6-1ea643cb3197: start FollowerState
2019-10-18 11:25:27,362 [f535bb4a-cba0-4f9b-9e3e-e4a48b3eda51@group-7E32184879DE-LeaderElection466] INFO  impl.LeaderElection (LeaderElection.java:logAndReturn(56)) - f535bb4a-cba0-4f9b-9e3e-e4a48b3eda51@group-7E32184879DE-LeaderElection466: Election TIMEOUT; received 0 response(s) [] and 0 exception(s); f535bb4a-cba0-4f9b-9e3e-e4a48b3eda51@group-7E32184879DE:t546, leader=null, voted=f535bb4a-cba0-4f9b-9e3e-e4a48b3eda51, raftlog=f535bb4a-cba0-4f9b-9e3e-e4a48b3eda51@group-7E32184879DE-SegmentedRaftLog:OPENED:c-1,f-1,i0, conf=-1: [f535bb4a-cba0-4f9b-9e3e-e4a48b3eda51:0.0.0.0:44706, 54aabb14-4a7d-4ab3-adbe-2e67760b87f4:0.0.0.0:43074, c652e2ee-3322-4406-8db6-1ea643cb3197:0.0.0.0:42129], old=null
2019-10-18 11:25:27,384 [f535bb4a-cba0-4f9b-9e3e-e4a48b3eda51@group-7E32184879DE-LeaderElection466] INFO  impl.LeaderElection (LeaderElection.java:askForVotes(178)) - f535bb4a-cba0-4f9b-9e3e-e4a48b3eda51@group-7E32184879DE-LeaderElection466: begin an election at term 547 for -1: [f535bb4a-cba0-4f9b-9e3e-e4a48b3eda51:0.0.0.0:44706, 54aabb14-4a7d-4ab3-adbe-2e67760b87f4:0.0.0.0:43074, c652e2ee-3322-4406-8db6-1ea643cb3197:0.0.0.0:42129], old=null
2019-10-18 11:25:27,386 [grpc-default-executor-1] INFO  impl.RaftServerImpl (RaftServerImpl.java:setRole(184)) - 54aabb14-4a7d-4ab3-adbe-2e67760b87f4@group-7E32184879DE: changes role from  FOLLOWER to FOLLOWER at term 547 for recognizeCandidate:f535bb4a-cba0-4f9b-9e3e-e4a48b3eda51
2019-10-18 11:25:27,386 [grpc-default-executor-0] INFO  impl.RaftServerImpl (RaftServerImpl.java:setRole(184)) - c652e2ee-3322-4406-8db6-1ea643cb3197@group-7E32184879DE: changes role from  FOLLOWER to FOLLOWER at term 547 for recognizeCandidate:f535bb4a-cba0-4f9b-9e3e-e4a48b3eda51
2019-10-18 11:25:27,386 [grpc-default-executor-1] INFO  impl.RoleInfo (RoleInfo.java:shutdownFollowerState(121)) - 54aabb14-4a7d-4ab3-adbe-2e67760b87f4: shutdown FollowerState
2019-10-18 11:25:27,386 [grpc-default-executor-0] INFO  impl.RoleInfo (RoleInfo.java:shutdownFollowerState(121)) - c652e2ee-3322-4406-8db6-1ea643cb3197: shutdown FollowerState
2019-10-18 11:25:27,386 [Thread-3297] INFO  impl.FollowerState (FollowerState.java:run(117)) - 54aabb14-4a7d-4ab3-adbe-2e67760b87f4@group-7E32184879DE-FollowerState was interrupted: java.lang.InterruptedException: sleep interrupted
2019-10-18 11:25:27,386 [grpc-default-executor-1] INFO  impl.RoleInfo (RoleInfo.java:updateAndGet(143)) - 54aabb14-4a7d-4ab3-adbe-2e67760b87f4: start FollowerState
2019-10-18 11:25:27,386 [Thread-3298] INFO  impl.FollowerState (FollowerState.java:run(117)) - c652e2ee-3322-4406-8db6-1ea643cb3197@group-7E32184879DE-FollowerState was interrupted: java.lang.InterruptedException: sleep interrupted
2019-10-18 11:25:27,386 [grpc-default-executor-0] INFO  impl.RoleInfo (RoleInfo.java:updateAndGet(143)) - c652e2ee-3322-4406-8db6-1ea643cb3197: start FollowerState
2019-10-18 11:25:27,410 [f535bb4a-cba0-4f9b-9e3e-e4a48b3eda51@group-7E32184879DE-LeaderElection466] INFO  impl.LeaderElection (LeaderElection.java:logAndReturn(56)) - f535bb4a-cba0-4f9b-9e3e-e4a48b3eda51@group-7E32184879DE-LeaderElection466: Election REJECTED; received 2 response(s) [f535bb4a-cba0-4f9b-9e3e-e4a48b3eda51<-54aabb14-4a7d-4ab3-adbe-2e67760b87f4#0:FAIL-t547, f535bb4a-cba0-4f9b-9e3e-e4a48b3eda51<-c652e2ee-3322-4406-8db6-1ea643cb3197#0:FAIL-t547] and 0 exception(s); f535bb4a-cba0-4f9b-9e3e-e4a48b3eda51@group-7E32184879DE:t547, leader=null, voted=f535bb4a-cba0-4f9b-9e3e-e4a48b3eda51, raftlog=f535bb4a-cba0-4f9b-9e3e-e4a48b3eda51@group-7E32184879DE-SegmentedRaftLog:OPENED:c-1,f-1,i0, conf=-1: [f535bb4a-cba0-4f9b-9e3e-e4a48b3eda51:0.0.0.0:44706, 54aabb14-4a7d-4ab3-adbe-2e67760b87f4:0.0.0.0:43074, c652e2ee-3322-4406-8db6-1ea643cb3197:0.0.0.0:42129], old=null
2019-10-18 11:25:27,410 [f535bb4a-cba0-4f9b-9e3e-e4a48b3eda51@group-7E32184879DE-LeaderElection466] INFO  impl.RaftServerImpl (RaftServerImpl.java:setRole(184)) - f535bb4a-cba0-4f9b-9e3e-e4a48b3eda51@group-7E32184879DE: changes role from CANDIDATE to FOLLOWER at term 547 for DISCOVERED_A_NEW_TERM
2019-10-18 11:25:27,410 [f535bb4a-cba0-4f9b-9e3e-e4a48b3eda51@group-7E32184879DE-LeaderElection466] INFO  impl.RoleInfo (RoleInfo.java:shutdownLeaderElection(134)) - f535bb4a-cba0-4f9b-9e3e-e4a48b3eda51: shutdown LeaderElection
2019-10-18 11:25:27,410 [f535bb4a-cba0-4f9b-9e3e-e4a48b3eda51@group-7E32184879DE-LeaderElection466] INFO  impl.RoleInfo (RoleInfo.java:updateAndGet(143)) - f535bb4a-cba0-4f9b-9e3e-e4a48b3eda51: start FollowerState
2019-10-18 11:25:27,570 [Thread-3303] INFO  impl.FollowerState (FollowerState.java:run(108)) - f535bb4a-cba0-4f9b-9e3e-e4a48b3eda51@group-7E32184879DE-FollowerState: change to CANDIDATE, lastRpcTime:160ms, electionTimeout:160ms
2019-10-18 11:25:27,570 [Thread-3303] INFO  impl.RoleInfo (RoleInfo.java:shutdownFollowerState(121)) - f535bb4a-cba0-4f9b-9e3e-e4a48b3eda51: shutdown FollowerState
2019-10-18 11:25:27,571 [Thread-3303] INFO  impl.RaftServerImpl (RaftServerImpl.java:setRole(184)) - f535bb4a-cba0-4f9b-9e3e-e4a48b3eda51@group-7E32184879DE: changes role from  FOLLOWER to CANDIDATE at term 547 for changeToCandidate
2019-10-18 11:25:27,571 [Thread-3303] INFO  impl.RoleInfo (RoleInfo.java:updateAndGet(143)) - f535bb4a-cba0-4f9b-9e3e-e4a48b3eda51: start LeaderElection
2019-10-18 11:25:27,601 [f535bb4a-cba0-4f9b-9e3e-e4a48b3eda51@group-7E32184879DE-LeaderElection467] INFO  impl.LeaderElection (LeaderElection.java:askForVotes(178)) - f535bb4a-cba0-4f9b-9e3e-e4a48b3eda51@group-7E32184879DE-LeaderElection467: begin an election at term 548 for -1: [f535bb4a-cba0-4f9b-9e3e-e4a48b3eda51:0.0.0.0:44706, 54aabb14-4a7d-4ab3-adbe-2e67760b87f4:0.0.0.0:43074, c652e2ee-3322-4406-8db6-1ea643cb3197:0.0.0.0:42129], old=null
2019-10-18 11:25:27,603 [grpc-default-executor-1] INFO  impl.RaftServerImpl (RaftServerImpl.java:setRole(184)) - 54aabb14-4a7d-4ab3-adbe-2e67760b87f4@group-7E32184879DE: changes role from  FOLLOWER to FOLLOWER at term 548 for recognizeCandidate:f535bb4a-cba0-4f9b-9e3e-e4a48b3eda51
2019-10-18 11:25:27,603 [grpc-default-executor-1] INFO  impl.RoleInfo (RoleInfo.java:shutdownFollowerState(121)) - 54aabb14-4a7d-4ab3-adbe-2e67760b87f4: shutdown FollowerState
2019-10-18 11:25:27,603 [grpc-default-executor-0] INFO  impl.RaftServerImpl (RaftServerImpl.java:setRole(184)) - c652e2ee-3322-4406-8db6-1ea643cb3197@group-7E32184879DE: changes role from  FOLLOWER to FOLLOWER at term 548 for recognizeCandidate:f535bb4a-cba0-4f9b-9e3e-e4a48b3eda51
2019-10-18 11:25:27,603 [grpc-default-executor-0] INFO  impl.RoleInfo (RoleInfo.java:shutdownFollowerState(121)) - c652e2ee-3322-4406-8db6-1ea643cb3197: shutdown FollowerState
2019-10-18 11:25:27,603 [Thread-3301] INFO  impl.FollowerState (FollowerState.java:run(117)) - 54aabb14-4a7d-4ab3-adbe-2e67760b87f4@group-7E32184879DE-FollowerState was interrupted: java.lang.InterruptedException: sleep interrupted
2019-10-18 11:25:27,603 [grpc-default-executor-1] INFO  impl.RoleInfo (RoleInfo.java:updateAndGet(143)) - 54aabb14-4a7d-4ab3-adbe-2e67760b87f4: start FollowerState
2019-10-18 11:25:27,603 [Thread-3302] INFO  impl.FollowerState (FollowerState.java:run(117)) - c652e2ee-3322-4406-8db6-1ea643cb3197@group-7E32184879DE-FollowerState was interrupted: java.lang.InterruptedException: sleep interrupted
2019-10-18 11:25:27,603 [grpc-default-executor-0] INFO  impl.RoleInfo (RoleInfo.java:updateAndGet(143)) - c652e2ee-3322-4406-8db6-1ea643cb3197: start FollowerState
2019-10-18 11:25:27,607 [f535bb4a-cba0-4f9b-9e3e-e4a48b3eda51@group-7E32184879DE-LeaderElection467] INFO  impl.LeaderElection (LeaderElection.java:logAndReturn(56)) - f535bb4a-cba0-4f9b-9e3e-e4a48b3eda51@group-7E32184879DE-LeaderElection467: Election TIMEOUT; received 0 response(s) [] and 0 exception(s); f535bb4a-cba0-4f9b-9e3e-e4a48b3eda51@group-7E32184879DE:t548, leader=null, voted=f535bb4a-cba0-4f9b-9e3e-e4a48b3eda51, raftlog=f535bb4a-cba0-4f9b-9e3e-e4a48b3eda51@group-7E32184879DE-SegmentedRaftLog:OPENED:c-1,f-1,i0, conf=-1: [f535bb4a-cba0-4f9b-9e3e-e4a48b3eda51:0.0.0.0:44706, 54aabb14-4a7d-4ab3-adbe-2e67760b87f4:0.0.0.0:43074, c652e2ee-3322-4406-8db6-1ea643cb3197:0.0.0.0:42129], old=null
2019-10-18 11:25:27,626 [f535bb4a-cba0-4f9b-9e3e-e4a48b3eda51@group-7E32184879DE-LeaderElection467] INFO  impl.LeaderElection (LeaderElection.java:askForVotes(178)) - f535bb4a-cba0-4f9b-9e3e-e4a48b3eda51@group-7E32184879DE-LeaderElection467: begin an election at term 549 for -1: [f535bb4a-cba0-4f9b-9e3e-e4a48b3eda51:0.0.0.0:44706, 54aabb14-4a7d-4ab3-adbe-2e67760b87f4:0.0.0.0:43074, c652e2ee-3322-4406-8db6-1ea643cb3197:0.0.0.0:42129], old=null
2019-10-18 11:25:27,628 [grpc-default-executor-1] INFO  impl.RaftServerImpl (RaftServerImpl.java:setRole(184)) - 54aabb14-4a7d-4ab3-adbe-2e67760b87f4@group-7E32184879DE: changes role from  FOLLOWER to FOLLOWER at term 549 for recognizeCandidate:f535bb4a-cba0-4f9b-9e3e-e4a48b3eda51
2019-10-18 11:25:27,628 [grpc-default-executor-1] INFO  impl.RoleInfo (RoleInfo.java:shutdownFollowerState(121)) - 54aabb14-4a7d-4ab3-adbe-2e67760b87f4: shutdown FollowerState
2019-10-18 11:25:27,628 [grpc-default-executor-1] INFO  impl.RoleInfo (RoleInfo.java:updateAndGet(143)) - 54aabb14-4a7d-4ab3-adbe-2e67760b87f4: start FollowerState
2019-10-18 11:25:27,628 [Thread-3309] INFO  impl.FollowerState (FollowerState.java:run(117)) - 54aabb14-4a7d-4ab3-adbe-2e67760b87f4@group-7E32184879DE-FollowerState was interrupted: java.lang.InterruptedException: sleep interrupted
2019-10-18 11:25:27,628 [grpc-default-executor-0] INFO  impl.RaftServerImpl (RaftServerImpl.java:setRole(184)) - c652e2ee-3322-4406-8db6-1ea643cb3197@group-7E32184879DE: changes role from  FOLLOWER to FOLLOWER at term 549 for recognizeCandidate:f535bb4a-cba0-4f9b-9e3e-e4a48b3eda51
2019-10-18 11:25:27,628 [grpc-default-executor-0] INFO  impl.RoleInfo (RoleInfo.java:shutdownFollowerState(121)) - c652e2ee-3322-4406-8db6-1ea643cb3197: shutdown FollowerState
2019-10-18 11:25:27,629 [grpc-default-executor-0] INFO  impl.RoleInfo (RoleInfo.java:updateAndGet(143)) - c652e2ee-3322-4406-8db6-1ea643cb3197: start FollowerState
2019-10-18 11:25:27,629 [Thread-3310] INFO  impl.FollowerState (FollowerState.java:run(117)) - c652e2ee-3322-4406-8db6-1ea643cb3197@group-7E32184879DE-FollowerState was interrupted: java.lang.InterruptedException: sleep interrupted
2019-10-18 11:25:27,652 [f535bb4a-cba0-4f9b-9e3e-e4a48b3eda51@group-7E32184879DE-LeaderElection467] INFO  impl.LeaderElection (LeaderElection.java:logAndReturn(56)) - f535bb4a-cba0-4f9b-9e3e-e4a48b3eda51@group-7E32184879DE-LeaderElection467: Election REJECTED; received 2 response(s) [f535bb4a-cba0-4f9b-9e3e-e4a48b3eda51<-54aabb14-4a7d-4ab3-adbe-2e67760b87f4#0:FAIL-t549, f535bb4a-cba0-4f9b-9e3e-e4a48b3eda51<-c652e2ee-3322-4406-8db6-1ea643cb3197#0:FAIL-t549] and 0 exception(s); f535bb4a-cba0-4f9b-9e3e-e4a48b3eda51@group-7E32184879DE:t549, leader=null, voted=f535bb4a-cba0-4f9b-9e3e-e4a48b3eda51, raftlog=f535bb4a-cba0-4f9b-9e3e-e4a48b3eda51@group-7E32184879DE-SegmentedRaftLog:OPENED:c-1,f-1,i0, conf=-1: [f535bb4a-cba0-4f9b-9e3e-e4a48b3eda51:0.0.0.0:44706, 54aabb14-4a7d-4ab3-adbe-2e67760b87f4:0.0.0.0:43074, c652e2ee-3322-4406-8db6-1ea643cb3197:0.0.0.0:42129], old=null
2019-10-18 11:25:27,652 [f535bb4a-cba0-4f9b-9e3e-e4a48b3eda51@group-7E32184879DE-LeaderElection467] INFO  impl.RaftServerImpl (RaftServerImpl.java:setRole(184)) - f535bb4a-cba0-4f9b-9e3e-e4a48b3eda51@group-7E32184879DE: changes role from CANDIDATE to FOLLOWER at term 549 for DISCOVERED_A_NEW_TERM
2019-10-18 11:25:27,653 [f535bb4a-cba0-4f9b-9e3e-e4a48b3eda51@group-7E32184879DE-LeaderElection467] INFO  impl.RoleInfo (RoleInfo.java:shutdownLeaderElection(134)) - f535bb4a-cba0-4f9b-9e3e-e4a48b3eda51: shutdown LeaderElection
2019-10-18 11:25:27,653 [f535bb4a-cba0-4f9b-9e3e-e4a48b3eda51@group-7E32184879DE-LeaderElection467] INFO  impl.RoleInfo (RoleInfo.java:updateAndGet(143)) - f535bb4a-cba0-4f9b-9e3e-e4a48b3eda51: start FollowerState
2019-10-18 11:25:27,831 [Thread-3315] INFO  impl.FollowerState (FollowerState.java:run(108)) - f535bb4a-cba0-4f9b-9e3e-e4a48b3eda51@group-7E32184879DE-FollowerState: change to CANDIDATE, lastRpcTime:178ms, electionTimeout:178ms
2019-10-18 11:25:27,831 [Thread-3315] INFO  impl.RoleInfo (RoleInfo.java:shutdownFollowerState(121)) - f535bb4a-cba0-4f9b-9e3e-e4a48b3eda51: shutdown FollowerState
2019-10-18 11:25:27,831 [Thread-3315] INFO  impl.RaftServerImpl (RaftServerImpl.java:setRole(184)) - f535bb4a-cba0-4f9b-9e3e-e4a48b3eda51@group-7E32184879DE: changes role from  FOLLOWER to CANDIDATE at term 549 for changeToCandidate
2019-10-18 11:25:27,832 [Thread-3315] INFO  impl.RoleInfo (RoleInfo.java:updateAndGet(143)) - f535bb4a-cba0-4f9b-9e3e-e4a48b3eda51: start LeaderElection
2019-10-18 11:25:27,869 [f535bb4a-cba0-4f9b-9e3e-e4a48b3eda51@group-7E32184879DE-LeaderElection468] INFO  impl.LeaderElection (LeaderElection.java:askForVotes(178)) - f535bb4a-cba0-4f9b-9e3e-e4a48b3eda51@group-7E32184879DE-LeaderElection468: begin an election at term 550 for -1: [f535bb4a-cba0-4f9b-9e3e-e4a48b3eda51:0.0.0.0:44706, 54aabb14-4a7d-4ab3-adbe-2e67760b87f4:0.0.0.0:43074, c652e2ee-3322-4406-8db6-1ea643cb3197:0.0.0.0:42129], old=null
2019-10-18 11:25:27,871 [grpc-default-executor-1] INFO  impl.RaftServerImpl (RaftServerImpl.java:setRole(184)) - c652e2ee-3322-4406-8db6-1ea643cb3197@group-7E32184879DE: changes role from  FOLLOWER to FOLLOWER at term 550 for recognizeCandidate:f535bb4a-cba0-4f9b-9e3e-e4a48b3eda51
2019-10-18 11:25:27,871 [grpc-default-executor-1] INFO  impl.RoleInfo (RoleInfo.java:shutdownFollowerState(121)) - c652e2ee-3322-4406-8db6-1ea643cb3197: shutdown FollowerState
2019-10-18 11:25:27,871 [grpc-default-executor-0] INFO  impl.RaftServerImpl (RaftServerImpl.java:setRole(184)) - 54aabb14-4a7d-4ab3-adbe-2e67760b87f4@group-7E32184879DE: changes role from  FOLLOWER to FOLLOWER at term 550 for recognizeCandidate:f535bb4a-cba0-4f9b-9e3e-e4a48b3eda51
2019-10-18 11:25:27,871 [grpc-default-executor-0] INFO  impl.RoleInfo (RoleInfo.java:shutdownFollowerState(121)) - 54aabb14-4a7d-4ab3-adbe-2e67760b87f4: shutdown FollowerState
2019-10-18 11:25:27,871 [Thread-3314] INFO  impl.FollowerState (FollowerState.java:run(117)) - c652e2ee-3322-4406-8db6-1ea643cb3197@group-7E32184879DE-FollowerState was interrupted: java.lang.InterruptedException: sleep interrupted
2019-10-18 11:25:27,871 [grpc-default-executor-1] INFO  impl.RoleInfo (RoleInfo.java:updateAndGet(143)) - c652e2ee-3322-4406-8db6-1ea643cb3197: start FollowerState
2019-10-18 11:25:27,872 [Thread-3313] INFO  impl.FollowerState (FollowerState.java:run(117)) - 54aabb14-4a7d-4ab3-adbe-2e67760b87f4@group-7E32184879DE-FollowerState was interrupted: java.lang.InterruptedException: sleep interrupted
2019-10-18 11:25:27,872 [grpc-default-executor-0] INFO  impl.RoleInfo (RoleInfo.java:updateAndGet(143)) - 54aabb14-4a7d-4ab3-adbe-2e67760b87f4: start FollowerState
2019-10-18 11:25:27,895 [f535bb4a-cba0-4f9b-9e3e-e4a48b3eda51@group-7E32184879DE-LeaderElection468] INFO  impl.LeaderElection (LeaderElection.java:logAndReturn(56)) - f535bb4a-cba0-4f9b-9e3e-e4a48b3eda51@group-7E32184879DE-LeaderElection468: Election REJECTED; received 2 response(s) [f535bb4a-cba0-4f9b-9e3e-e4a48b3eda51<-54aabb14-4a7d-4ab3-adbe-2e67760b87f4#0:FAIL-t550, f535bb4a-cba0-4f9b-9e3e-e4a48b3eda51<-c652e2ee-3322-4406-8db6-1ea643cb3197#0:FAIL-t550] and 0 exception(s); f535bb4a-cba0-4f9b-9e3e-e4a48b3eda51@group-7E32184879DE:t550, leader=null, voted=f535bb4a-cba0-4f9b-9e3e-e4a48b3eda51, raftlog=f535bb4a-cba0-4f9b-9e3e-e4a48b3eda51@group-7E32184879DE-SegmentedRaftLog:OPENED:c-1,f-1,i0, conf=-1: [f535bb4a-cba0-4f9b-9e3e-e4a48b3eda51:0.0.0.0:44706, 54aabb14-4a7d-4ab3-adbe-2e67760b87f4:0.0.0.0:43074, c652e2ee-3322-4406-8db6-1ea643cb3197:0.0.0.0:42129], old=null
2019-10-18 11:25:27,895 [f535bb4a-cba0-4f9b-9e3e-e4a48b3eda51@group-7E32184879DE-LeaderElection468] INFO  impl.RaftServerImpl (RaftServerImpl.java:setRole(184)) - f535bb4a-cba0-4f9b-9e3e-e4a48b3eda51@group-7E32184879DE: changes role from CANDIDATE to FOLLOWER at term 550 for DISCOVERED_A_NEW_TERM
2019-10-18 11:25:27,895 [f535bb4a-cba0-4f9b-9e3e-e4a48b3eda51@group-7E32184879DE-LeaderElection468] INFO  impl.RoleInfo (RoleInfo.java:shutdownLeaderElection(134)) - f535bb4a-cba0-4f9b-9e3e-e4a48b3eda51: shutdown LeaderElection
2019-10-18 11:25:27,895 [f535bb4a-cba0-4f9b-9e3e-e4a48b3eda51@group-7E32184879DE-LeaderElection468] INFO  impl.RoleInfo (RoleInfo.java:updateAndGet(143)) - f535bb4a-cba0-4f9b-9e3e-e4a48b3eda51: start FollowerState
2019-10-18 11:25:27,981 [Thread-3321] INFO  impl.FollowerState (FollowerState.java:run(108)) - f535bb4a-cba0-4f9b-9e3e-e4a48b3eda51@group-7E32184879DE-FollowerState: change to CANDIDATE, lastRpcTime:85ms, electionTimeout:85ms
2019-10-18 11:25:27,981 [Thread-3321] INFO  impl.RoleInfo (RoleInfo.java:shutdownFollowerState(121)) - f535bb4a-cba0-4f9b-9e3e-e4a48b3eda51: shutdown FollowerState
2019-10-18 11:25:27,981 [Thread-3321] INFO  impl.RaftServerImpl (RaftServerImpl.java:setRole(184)) - f535bb4a-cba0-4f9b-9e3e-e4a48b3eda51@group-7E32184879DE: changes role from  FOLLOWER to CANDIDATE at term 550 for changeToCandidate
2019-10-18 11:25:27,981 [Thread-3321] INFO  impl.RoleInfo (RoleInfo.java:updateAndGet(143)) - f535bb4a-cba0-4f9b-9e3e-e4a48b3eda51: start LeaderElection
2019-10-18 11:25:28,011 [f535bb4a-cba0-4f9b-9e3e-e4a48b3eda51@group-7E32184879DE-LeaderElection469] INFO  impl.LeaderElection (LeaderElection.java:askForVotes(178)) - f535bb4a-cba0-4f9b-9e3e-e4a48b3eda51@group-7E32184879DE-LeaderElection469: begin an election at term 551 for -1: [f535bb4a-cba0-4f9b-9e3e-e4a48b3eda51:0.0.0.0:44706, 54aabb14-4a7d-4ab3-adbe-2e67760b87f4:0.0.0.0:43074, c652e2ee-3322-4406-8db6-1ea643cb3197:0.0.0.0:42129], old=null
2019-10-18 11:25:28,013 [grpc-default-executor-0] INFO  impl.RaftServerImpl (RaftServerImpl.java:setRole(184)) - c652e2ee-3322-4406-8db6-1ea643cb3197@group-7E32184879DE: changes role from  FOLLOWER to FOLLOWER at term 551 for recognizeCandidate:f535bb4a-cba0-4f9b-9e3e-e4a48b3eda51
2019-10-18 11:25:28,013 [grpc-default-executor-1] INFO  impl.RaftServerImpl (RaftServerImpl.java:setRole(184)) - 54aabb14-4a7d-4ab3-adbe-2e67760b87f4@group-7E32184879DE: changes role from  FOLLOWER to FOLLOWER at term 551 for recognizeCandidate:f535bb4a-cba0-4f9b-9e3e-e4a48b3eda51
2019-10-18 11:25:28,013 [grpc-default-executor-0] INFO  impl.RoleInfo (RoleInfo.java:shutdownFollowerState(121)) - c652e2ee-3322-4406-8db6-1ea643cb3197: shutdown FollowerState
2019-10-18 11:25:28,014 [grpc-default-executor-1] INFO  impl.RoleInfo (RoleInfo.java:shutdownFollowerState(121)) - 54aabb14-4a7d-4ab3-adbe-2e67760b87f4: shutdown FollowerState
2019-10-18 11:25:28,014 [Thread-3319] INFO  impl.FollowerState (FollowerState.java:run(117)) - c652e2ee-3322-4406-8db6-1ea643cb3197@group-7E32184879DE-FollowerState was interrupted: java.lang.InterruptedException: sleep interrupted
2019-10-18 11:25:28,014 [grpc-default-executor-0] INFO  impl.RoleInfo (RoleInfo.java:updateAndGet(143)) - c652e2ee-3322-4406-8db6-1ea643cb3197: start FollowerState
2019-10-18 11:25:28,014 [Thread-3320] INFO  impl.FollowerState (FollowerState.java:run(117)) - 54aabb14-4a7d-4ab3-adbe-2e67760b87f4@group-7E32184879DE-FollowerState was interrupted: java.lang.InterruptedException: sleep interrupted
2019-10-18 11:25:28,014 [grpc-default-executor-1] INFO  impl.RoleInfo (RoleInfo.java:updateAndGet(143)) - 54aabb14-4a7d-4ab3-adbe-2e67760b87f4: start FollowerState
2019-10-18 11:25:28,037 [f535bb4a-cba0-4f9b-9e3e-e4a48b3eda51@group-7E32184879DE-LeaderElection469] INFO  impl.LeaderElection (LeaderElection.java:logAndReturn(56)) - f535bb4a-cba0-4f9b-9e3e-e4a48b3eda51@group-7E32184879DE-LeaderElection469: Election REJECTED; received 2 response(s) [f535bb4a-cba0-4f9b-9e3e-e4a48b3eda51<-54aabb14-4a7d-4ab3-adbe-2e67760b87f4#0:FAIL-t551, f535bb4a-cba0-4f9b-9e3e-e4a48b3eda51<-c652e2ee-3322-4406-8db6-1ea643cb3197#0:FAIL-t551] and 0 exception(s); f535bb4a-cba0-4f9b-9e3e-e4a48b3eda51@group-7E32184879DE:t551, leader=null, voted=f535bb4a-cba0-4f9b-9e3e-e4a48b3eda51, raftlog=f535bb4a-cba0-4f9b-9e3e-e4a48b3eda51@group-7E32184879DE-SegmentedRaftLog:OPENED:c-1,f-1,i0, conf=-1: [f535bb4a-cba0-4f9b-9e3e-e4a48b3eda51:0.0.0.0:44706, 54aabb14-4a7d-4ab3-adbe-2e67760b87f4:0.0.0.0:43074, c652e2ee-3322-4406-8db6-1ea643cb3197:0.0.0.0:42129], old=null
2019-10-18 11:25:28,037 [f535bb4a-cba0-4f9b-9e3e-e4a48b3eda51@group-7E32184879DE-LeaderElection469] INFO  impl.RaftServerImpl (RaftServerImpl.java:setRole(184)) - f535bb4a-cba0-4f9b-9e3e-e4a48b3eda51@group-7E32184879DE: changes role from CANDIDATE to FOLLOWER at term 551 for DISCOVERED_A_NEW_TERM
2019-10-18 11:25:28,038 [f535bb4a-cba0-4f9b-9e3e-e4a48b3eda51@group-7E32184879DE-LeaderElection469] INFO  impl.RoleInfo (RoleInfo.java:shutdownLeaderElection(134)) - f535bb4a-cba0-4f9b-9e3e-e4a48b3eda51: shutdown LeaderElection
2019-10-18 11:25:28,038 [f535bb4a-cba0-4f9b-9e3e-e4a48b3eda51@group-7E32184879DE-LeaderElection469] INFO  impl.RoleInfo (RoleInfo.java:updateAndGet(143)) - f535bb4a-cba0-4f9b-9e3e-e4a48b3eda51: start FollowerState
2019-10-18 11:25:28,089 [Thread-3327] INFO  impl.FollowerState (FollowerState.java:run(108)) - f535bb4a-cba0-4f9b-9e3e-e4a48b3eda51@group-7E32184879DE-FollowerState: change to CANDIDATE, lastRpcTime:51ms, electionTimeout:51ms
2019-10-18 11:25:28,089 [Thread-3327] INFO  impl.RoleInfo (RoleInfo.java:shutdownFollowerState(121)) - f535bb4a-cba0-4f9b-9e3e-e4a48b3eda51: shutdown FollowerState
2019-10-18 11:25:28,089 [Thread-3327] INFO  impl.RaftServerImpl (RaftServerImpl.java:setRole(184)) - f535bb4a-cba0-4f9b-9e3e-e4a48b3eda51@group-7E32184879DE: changes role from  FOLLOWER to CANDIDATE at term 551 for changeToCandidate
2019-10-18 11:25:28,089 [Thread-3327] INFO  impl.RoleInfo (RoleInfo.java:updateAndGet(143)) - f535bb4a-cba0-4f9b-9e3e-e4a48b3eda51: start LeaderElection
2019-10-18 11:25:28,120 [f535bb4a-cba0-4f9b-9e3e-e4a48b3eda51@group-7E32184879DE-LeaderElection470] INFO  impl.LeaderElection (LeaderElection.java:askForVotes(178)) - f535bb4a-cba0-4f9b-9e3e-e4a48b3eda51@group-7E32184879DE-LeaderElection470: begin an election at term 552 for -1: [f535bb4a-cba0-4f9b-9e3e-e4a48b3eda51:0.0.0.0:44706, 54aabb14-4a7d-4ab3-adbe-2e67760b87f4:0.0.0.0:43074, c652e2ee-3322-4406-8db6-1ea643cb3197:0.0.0.0:42129], old=null
2019-10-18 11:25:28,122 [grpc-default-executor-0] INFO  impl.RaftServerImpl (RaftServerImpl.java:setRole(184)) - 54aabb14-4a7d-4ab3-adbe-2e67760b87f4@group-7E32184879DE: changes role from  FOLLOWER to FOLLOWER at term 552 for recognizeCandidate:f535bb4a-cba0-4f9b-9e3e-e4a48b3eda51
2019-10-18 11:25:28,122 [grpc-default-executor-1] INFO  impl.RaftServerImpl (RaftServerImpl.java:setRole(184)) - c652e2ee-3322-4406-8db6-1ea643cb3197@group-7E32184879DE: changes role from  FOLLOWER to FOLLOWER at term 552 for recognizeCandidate:f535bb4a-cba0-4f9b-9e3e-e4a48b3eda51
2019-10-18 11:25:28,122 [grpc-default-executor-0] INFO  impl.RoleInfo (RoleInfo.java:shutdownFollowerState(121)) - 54aabb14-4a7d-4ab3-adbe-2e67760b87f4: shutdown FollowerState
2019-10-18 11:25:28,122 [grpc-default-executor-1] INFO  impl.RoleInfo (RoleInfo.java:shutdownFollowerState(121)) - c652e2ee-3322-4406-8db6-1ea643cb3197: shutdown FollowerState
2019-10-18 11:25:28,123 [Thread-3326] INFO  impl.FollowerState (FollowerState.java:run(117)) - 54aabb14-4a7d-4ab3-adbe-2e67760b87f4@group-7E32184879DE-FollowerState was interrupted: java.lang.InterruptedException: sleep interrupted
2019-10-18 11:25:28,122 [grpc-default-executor-0] INFO  impl.RoleInfo (RoleInfo.java:updateAndGet(143)) - 54aabb14-4a7d-4ab3-adbe-2e67760b87f4: start FollowerState
2019-10-18 11:25:28,123 [Thread-3325] INFO  impl.FollowerState (FollowerState.java:run(117)) - c652e2ee-3322-4406-8db6-1ea643cb3197@group-7E32184879DE-FollowerState was interrupted: java.lang.InterruptedException: sleep interrupted
2019-10-18 11:25:28,123 [grpc-default-executor-1] INFO  impl.RoleInfo (RoleInfo.java:updateAndGet(143)) - c652e2ee-3322-4406-8db6-1ea643cb3197: start FollowerState
2019-10-18 11:25:28,138 [f535bb4a-cba0-4f9b-9e3e-e4a48b3eda51@group-7E32184879DE-LeaderElection470] INFO  impl.LeaderElection (LeaderElection.java:logAndReturn(56)) - f535bb4a-cba0-4f9b-9e3e-e4a48b3eda51@group-7E32184879DE-LeaderElection470: Election REJECTED; received 2 response(s) [f535bb4a-cba0-4f9b-9e3e-e4a48b3eda51<-54aabb14-4a7d-4ab3-adbe-2e67760b87f4#0:FAIL-t552, f535bb4a-cba0-4f9b-9e3e-e4a48b3eda51<-c652e2ee-3322-4406-8db6-1ea643cb3197#0:FAIL-t552] and 0 exception(s); f535bb4a-cba0-4f9b-9e3e-e4a48b3eda51@group-7E32184879DE:t552, leader=null, voted=f535bb4a-cba0-4f9b-9e3e-e4a48b3eda51, raftlog=f535bb4a-cba0-4f9b-9e3e-e4a48b3eda51@group-7E32184879DE-SegmentedRaftLog:OPENED:c-1,f-1,i0, conf=-1: [f535bb4a-cba0-4f9b-9e3e-e4a48b3eda51:0.0.0.0:44706, 54aabb14-4a7d-4ab3-adbe-2e67760b87f4:0.0.0.0:43074, c652e2ee-3322-4406-8db6-1ea643cb3197:0.0.0.0:42129], old=null
2019-10-18 11:25:28,138 [f535bb4a-cba0-4f9b-9e3e-e4a48b3eda51@group-7E32184879DE-LeaderElection470] INFO  impl.RaftServerImpl (RaftServerImpl.java:setRole(184)) - f535bb4a-cba0-4f9b-9e3e-e4a48b3eda51@group-7E32184879DE: changes role from CANDIDATE to FOLLOWER at term 552 for DISCOVERED_A_NEW_TERM
2019-10-18 11:25:28,138 [f535bb4a-cba0-4f9b-9e3e-e4a48b3eda51@group-7E32184879DE-LeaderElection470] INFO  impl.RoleInfo (RoleInfo.java:shutdownLeaderElection(134)) - f535bb4a-cba0-4f9b-9e3e-e4a48b3eda51: shutdown LeaderElection
2019-10-18 11:25:28,138 [f535bb4a-cba0-4f9b-9e3e-e4a48b3eda51@group-7E32184879DE-LeaderElection470] INFO  impl.RoleInfo (RoleInfo.java:updateAndGet(143)) - f535bb4a-cba0-4f9b-9e3e-e4a48b3eda51: start FollowerState
2019-10-18 11:25:28,250 [Thread-3333] INFO  impl.FollowerState (FollowerState.java:run(108)) - f535bb4a-cba0-4f9b-9e3e-e4a48b3eda51@group-7E32184879DE-FollowerState: change to CANDIDATE, lastRpcTime:112ms, electionTimeout:112ms
2019-10-18 11:25:28,250 [Thread-3333] INFO  impl.RoleInfo (RoleInfo.java:shutdownFollowerState(121)) - f535bb4a-cba0-4f9b-9e3e-e4a48b3eda51: shutdown FollowerState
2019-10-18 11:25:28,251 [Thread-3333] INFO  impl.RaftServerImpl (RaftServerImpl.java:setRole(184)) - f535bb4a-cba0-4f9b-9e3e-e4a48b3eda51@group-7E32184879DE: changes role from  FOLLOWER to CANDIDATE at term 552 for changeToCandidate
2019-10-18 11:25:28,251 [Thread-3333] INFO  impl.RoleInfo (RoleInfo.java:updateAndGet(143)) - f535bb4a-cba0-4f9b-9e3e-e4a48b3eda51: start LeaderElection
2019-10-18 11:25:28,279 [f535bb4a-cba0-4f9b-9e3e-e4a48b3eda51@group-7E32184879DE-LeaderElection471] INFO  impl.LeaderElection (LeaderElection.java:askForVotes(178)) - f535bb4a-cba0-4f9b-9e3e-e4a48b3eda51@group-7E32184879DE-LeaderElection471: begin an election at term 553 for -1: [f535bb4a-cba0-4f9b-9e3e-e4a48b3eda51:0.0.0.0:44706, 54aabb14-4a7d-4ab3-adbe-2e67760b87f4:0.0.0.0:43074, c652e2ee-3322-4406-8db6-1ea643cb3197:0.0.0.0:42129], old=null
2019-10-18 11:25:28,281 [grpc-default-executor-0] INFO  impl.RaftServerImpl (RaftServerImpl.java:setRole(184)) - c652e2ee-3322-4406-8db6-1ea643cb3197@group-7E32184879DE: changes role from  FOLLOWER to FOLLOWER at term 553 for recognizeCandidate:f535bb4a-cba0-4f9b-9e3e-e4a48b3eda51
2019-10-18 11:25:28,281 [grpc-default-executor-1] INFO  impl.RaftServerImpl (RaftServerImpl.java:setRole(184)) - 54aabb14-4a7d-4ab3-adbe-2e67760b87f4@group-7E32184879DE: changes role from  FOLLOWER to FOLLOWER at term 553 for recognizeCandidate:f535bb4a-cba0-4f9b-9e3e-e4a48b3eda51
2019-10-18 11:25:28,281 [grpc-default-executor-0] INFO  impl.RoleInfo (RoleInfo.java:shutdownFollowerState(121)) - c652e2ee-3322-4406-8db6-1ea643cb3197: shutdown FollowerState
2019-10-18 11:25:28,281 [grpc-default-executor-1] INFO  impl.RoleInfo (RoleInfo.java:shutdownFollowerState(121)) - 54aabb14-4a7d-4ab3-adbe-2e67760b87f4: shutdown FollowerState
2019-10-18 11:25:28,281 [grpc-default-executor-0] INFO  impl.RoleInfo (RoleInfo.java:updateAndGet(143)) - c652e2ee-3322-4406-8db6-1ea643cb3197: start FollowerState
2019-10-18 11:25:28,281 [Thread-3331] INFO  impl.FollowerState (FollowerState.java:run(117)) - 54aabb14-4a7d-4ab3-adbe-2e67760b87f4@group-7E32184879DE-FollowerState was interrupted: java.lang.InterruptedException: sleep interrupted
2019-10-18 11:25:28,281 [grpc-default-executor-1] INFO  impl.RoleInfo (RoleInfo.java:updateAndGet(143)) - 54aabb14-4a7d-4ab3-adbe-2e67760b87f4: start FollowerState
2019-10-18 11:25:28,281 [Thread-3332] INFO  impl.FollowerState (FollowerState.java:run(117)) - c652e2ee-3322-4406-8db6-1ea643cb3197@group-7E32184879DE-FollowerState was interrupted: java.lang.InterruptedException: sleep interrupted
2019-10-18 11:25:28,305 [f535bb4a-cba0-4f9b-9e3e-e4a48b3eda51@group-7E32184879DE-LeaderElection471] INFO  impl.LeaderElection (LeaderElection.java:logAndReturn(56)) - f535bb4a-cba0-4f9b-9e3e-e4a48b3eda51@group-7E32184879DE-LeaderElection471: Election REJECTED; received 2 response(s) [f535bb4a-cba0-4f9b-9e3e-e4a48b3eda51<-54aabb14-4a7d-4ab3-adbe-2e67760b87f4#0:FAIL-t553, f535bb4a-cba0-4f9b-9e3e-e4a48b3eda51<-c652e2ee-3322-4406-8db6-1ea643cb3197#0:FAIL-t553] and 0 exception(s); f535bb4a-cba0-4f9b-9e3e-e4a48b3eda51@group-7E32184879DE:t553, leader=null, voted=f535bb4a-cba0-4f9b-9e3e-e4a48b3eda51, raftlog=f535bb4a-cba0-4f9b-9e3e-e4a48b3eda51@group-7E32184879DE-SegmentedRaftLog:OPENED:c-1,f-1,i0, conf=-1: [f535bb4a-cba0-4f9b-9e3e-e4a48b3eda51:0.0.0.0:44706, 54aabb14-4a7d-4ab3-adbe-2e67760b87f4:0.0.0.0:43074, c652e2ee-3322-4406-8db6-1ea643cb3197:0.0.0.0:42129], old=null
2019-10-18 11:25:28,305 [f535bb4a-cba0-4f9b-9e3e-e4a48b3eda51@group-7E32184879DE-LeaderElection471] INFO  impl.RaftServerImpl (RaftServerImpl.java:setRole(184)) - f535bb4a-cba0-4f9b-9e3e-e4a48b3eda51@group-7E32184879DE: changes role from CANDIDATE to FOLLOWER at term 553 for DISCOVERED_A_NEW_TERM
2019-10-18 11:25:28,305 [f535bb4a-cba0-4f9b-9e3e-e4a48b3eda51@group-7E32184879DE-LeaderElection471] INFO  impl.RoleInfo (RoleInfo.java:shutdownLeaderElection(134)) - f535bb4a-cba0-4f9b-9e3e-e4a48b3eda51: shutdown LeaderElection
2019-10-18 11:25:28,305 [f535bb4a-cba0-4f9b-9e3e-e4a48b3eda51@group-7E32184879DE-LeaderElection471] INFO  impl.RoleInfo (RoleInfo.java:updateAndGet(143)) - f535bb4a-cba0-4f9b-9e3e-e4a48b3eda51: start FollowerState
2019-10-18 11:25:28,371 [Thread-3339] INFO  impl.FollowerState (FollowerState.java:run(108)) - f535bb4a-cba0-4f9b-9e3e-e4a48b3eda51@group-7E32184879DE-FollowerState: change to CANDIDATE, lastRpcTime:65ms, electionTimeout:65ms
2019-10-18 11:25:28,371 [Thread-3339] INFO  impl.RoleInfo (RoleInfo.java:shutdownFollowerState(121)) - f535bb4a-cba0-4f9b-9e3e-e4a48b3eda51: shutdown FollowerState
2019-10-18 11:25:28,371 [Thread-3339] INFO  impl.RaftServerImpl (RaftServerImpl.java:setRole(184)) - f535bb4a-cba0-4f9b-9e3e-e4a48b3eda51@group-7E32184879DE: changes role from  FOLLOWER to CANDIDATE at term 553 for changeToCandidate
2019-10-18 11:25:28,371 [Thread-3339] INFO  impl.RoleInfo (RoleInfo.java:updateAndGet(143)) - f535bb4a-cba0-4f9b-9e3e-e4a48b3eda51: start LeaderElection
2019-10-18 11:25:28,397 [f535bb4a-cba0-4f9b-9e3e-e4a48b3eda51@group-7E32184879DE-LeaderElection472] INFO  impl.LeaderElection (LeaderElection.java:askForVotes(178)) - f535bb4a-cba0-4f9b-9e3e-e4a48b3eda51@group-7E32184879DE-LeaderElection472: begin an election at term 554 for -1: [f535bb4a-cba0-4f9b-9e3e-e4a48b3eda51:0.0.0.0:44706, 54aabb14-4a7d-4ab3-adbe-2e67760b87f4:0.0.0.0:43074, c652e2ee-3322-4406-8db6-1ea643cb3197:0.0.0.0:42129], old=null
2019-10-18 11:25:28,398 [grpc-default-executor-1] INFO  impl.RaftServerImpl (RaftServerImpl.java:setRole(184)) - 54aabb14-4a7d-4ab3-adbe-2e67760b87f4@group-7E32184879DE: changes role from  FOLLOWER to FOLLOWER at term 554 for recognizeCandidate:f535bb4a-cba0-4f9b-9e3e-e4a48b3eda51
2019-10-18 11:25:28,398 [grpc-default-executor-1] INFO  impl.RoleInfo (RoleInfo.java:shutdownFollowerState(121)) - 54aabb14-4a7d-4ab3-adbe-2e67760b87f4: shutdown FollowerState
2019-10-18 11:25:28,398 [grpc-default-executor-1] INFO  impl.RoleInfo (RoleInfo.java:updateAndGet(143)) - 54aabb14-4a7d-4ab3-adbe-2e67760b87f4: start FollowerState
2019-10-18 11:25:28,398 [Thread-3338] INFO  impl.FollowerState (FollowerState.java:run(117)) - 54aabb14-4a7d-4ab3-adbe-2e67760b87f4@group-7E32184879DE-FollowerState was interrupted: java.lang.InterruptedException: sleep interrupted
2019-10-18 11:25:28,398 [grpc-default-executor-0] INFO  impl.RaftServerImpl (RaftServerImpl.java:setRole(184)) - c652e2ee-3322-4406-8db6-1ea643cb3197@group-7E32184879DE: changes role from  FOLLOWER to FOLLOWER at term 554 for recognizeCandidate:f535bb4a-cba0-4f9b-9e3e-e4a48b3eda51
2019-10-18 11:25:28,399 [grpc-default-executor-0] INFO  impl.RoleInfo (RoleInfo.java:shutdownFollowerState(121)) - c652e2ee-3322-4406-8db6-1ea643cb3197: shutdown FollowerState
2019-10-18 11:25:28,399 [grpc-default-executor-0] INFO  impl.RoleInfo (RoleInfo.java:updateAndGet(143)) - c652e2ee-3322-4406-8db6-1ea643cb3197: start FollowerState
2019-10-18 11:25:28,399 [Thread-3337] INFO  impl.FollowerState (FollowerState.java:run(117)) - c652e2ee-3322-4406-8db6-1ea643cb3197@group-7E32184879DE-FollowerState was interrupted: java.lang.InterruptedException: sleep interrupted
2019-10-18 11:25:28,423 [f535bb4a-cba0-4f9b-9e3e-e4a48b3eda51@group-7E32184879DE-LeaderElection472] INFO  impl.LeaderElection (LeaderElection.java:logAndReturn(56)) - f535bb4a-cba0-4f9b-9e3e-e4a48b3eda51@group-7E32184879DE-LeaderElection472: Election REJECTED; received 2 response(s) [f535bb4a-cba0-4f9b-9e3e-e4a48b3eda51<-54aabb14-4a7d-4ab3-adbe-2e67760b87f4#0:FAIL-t554, f535bb4a-cba0-4f9b-9e3e-e4a48b3eda51<-c652e2ee-3322-4406-8db6-1ea643cb3197#0:FAIL-t554] and 0 exception(s); f535bb4a-cba0-4f9b-9e3e-e4a48b3eda51@group-7E32184879DE:t554, leader=null, voted=f535bb4a-cba0-4f9b-9e3e-e4a48b3eda51, raftlog=f535bb4a-cba0-4f9b-9e3e-e4a48b3eda51@group-7E32184879DE-SegmentedRaftLog:OPENED:c-1,f-1,i0, conf=-1: [f535bb4a-cba0-4f9b-9e3e-e4a48b3eda51:0.0.0.0:44706, 54aabb14-4a7d-4ab3-adbe-2e67760b87f4:0.0.0.0:43074, c652e2ee-3322-4406-8db6-1ea643cb3197:0.0.0.0:42129], old=null
2019-10-18 11:25:28,423 [f535bb4a-cba0-4f9b-9e3e-e4a48b3eda51@group-7E32184879DE-LeaderElection472] INFO  impl.RaftServerImpl (RaftServerImpl.java:setRole(184)) - f535bb4a-cba0-4f9b-9e3e-e4a48b3eda51@group-7E32184879DE: changes role from CANDIDATE to FOLLOWER at term 554 for DISCOVERED_A_NEW_TERM
2019-10-18 11:25:28,423 [f535bb4a-cba0-4f9b-9e3e-e4a48b3eda51@group-7E32184879DE-LeaderElection472] INFO  impl.RoleInfo (RoleInfo.java:shutdownLeaderElection(134)) - f535bb4a-cba0-4f9b-9e3e-e4a48b3eda51: shutdown LeaderElection
2019-10-18 11:25:28,423 [f535bb4a-cba0-4f9b-9e3e-e4a48b3eda51@group-7E32184879DE-LeaderElection472] INFO  impl.RoleInfo (RoleInfo.java:updateAndGet(143)) - f535bb4a-cba0-4f9b-9e3e-e4a48b3eda51: start FollowerState
2019-10-18 11:25:28,593 [Thread-3345] INFO  impl.FollowerState (FollowerState.java:run(108)) - f535bb4a-cba0-4f9b-9e3e-e4a48b3eda51@group-7E32184879DE-FollowerState: change to CANDIDATE, lastRpcTime:170ms, electionTimeout:170ms
2019-10-18 11:25:28,593 [Thread-3345] INFO  impl.RoleInfo (RoleInfo.java:shutdownFollowerState(121)) - f535bb4a-cba0-4f9b-9e3e-e4a48b3eda51: shutdown FollowerState
2019-10-18 11:25:28,594 [Thread-3345] INFO  impl.RaftServerImpl (RaftServerImpl.java:setRole(184)) - f535bb4a-cba0-4f9b-9e3e-e4a48b3eda51@group-7E32184879DE: changes role from  FOLLOWER to CANDIDATE at term 554 for changeToCandidate
2019-10-18 11:25:28,594 [Thread-3345] INFO  impl.RoleInfo (RoleInfo.java:updateAndGet(143)) - f535bb4a-cba0-4f9b-9e3e-e4a48b3eda51: start LeaderElection
2019-10-18 11:25:28,622 [f535bb4a-cba0-4f9b-9e3e-e4a48b3eda51@group-7E32184879DE-LeaderElection473] INFO  impl.LeaderElection (LeaderElection.java:askForVotes(178)) - f535bb4a-cba0-4f9b-9e3e-e4a48b3eda51@group-7E32184879DE-LeaderElection473: begin an election at term 555 for -1: [f535bb4a-cba0-4f9b-9e3e-e4a48b3eda51:0.0.0.0:44706, 54aabb14-4a7d-4ab3-adbe-2e67760b87f4:0.0.0.0:43074, c652e2ee-3322-4406-8db6-1ea643cb3197:0.0.0.0:42129], old=null
2019-10-18 11:25:28,624 [grpc-default-executor-0] INFO  impl.RaftServerImpl (RaftServerImpl.java:setRole(184)) - c652e2ee-3322-4406-8db6-1ea643cb3197@group-7E32184879DE: changes role from  FOLLOWER to FOLLOWER at term 555 for recognizeCandidate:f535bb4a-cba0-4f9b-9e3e-e4a48b3eda51
2019-10-18 11:25:28,624 [grpc-default-executor-0] INFO  impl.RoleInfo (RoleInfo.java:shutdownFollowerState(121)) - c652e2ee-3322-4406-8db6-1ea643cb3197: shutdown FollowerState
2019-10-18 11:25:28,624 [grpc-default-executor-1] INFO  impl.RaftServerImpl (RaftServerImpl.java:setRole(184)) - 54aabb14-4a7d-4ab3-adbe-2e67760b87f4@group-7E32184879DE: changes role from  FOLLOWER to FOLLOWER at term 555 for recognizeCandidate:f535bb4a-cba0-4f9b-9e3e-e4a48b3eda51
2019-10-18 11:25:28,625 [Thread-3344] INFO  impl.FollowerState (FollowerState.java:run(117)) - c652e2ee-3322-4406-8db6-1ea643cb3197@group-7E32184879DE-FollowerState was interrupted: java.lang.InterruptedException: sleep interrupted
2019-10-18 11:25:28,625 [grpc-default-executor-0] INFO  impl.RoleInfo (RoleInfo.java:updateAndGet(143)) - c652e2ee-3322-4406-8db6-1ea643cb3197: start FollowerState
2019-10-18 11:25:28,625 [grpc-default-executor-1] INFO  impl.RoleInfo (RoleInfo.java:shutdownFollowerState(121)) - 54aabb14-4a7d-4ab3-adbe-2e67760b87f4: shutdown FollowerState
2019-10-18 11:25:28,625 [grpc-default-executor-1] INFO  impl.RoleInfo (RoleInfo.java:updateAndGet(143)) - 54aabb14-4a7d-4ab3-adbe-2e67760b87f4: start FollowerState
2019-10-18 11:25:28,625 [Thread-3343] INFO  impl.FollowerState (FollowerState.java:run(117)) - 54aabb14-4a7d-4ab3-adbe-2e67760b87f4@group-7E32184879DE-FollowerState was interrupted: java.lang.InterruptedException: sleep interrupted
2019-10-18 11:25:28,650 [f535bb4a-cba0-4f9b-9e3e-e4a48b3eda51@group-7E32184879DE-LeaderElection473] INFO  impl.LeaderElection (LeaderElection.java:logAndReturn(56)) - f535bb4a-cba0-4f9b-9e3e-e4a48b3eda51@group-7E32184879DE-LeaderElection473: Election REJECTED; received 2 response(s) [f535bb4a-cba0-4f9b-9e3e-e4a48b3eda51<-54aabb14-4a7d-4ab3-adbe-2e67760b87f4#0:FAIL-t555, f535bb4a-cba0-4f9b-9e3e-e4a48b3eda51<-c652e2ee-3322-4406-8db6-1ea643cb3197#0:FAIL-t555] and 0 exception(s); f535bb4a-cba0-4f9b-9e3e-e4a48b3eda51@group-7E32184879DE:t555, leader=null, voted=f535bb4a-cba0-4f9b-9e3e-e4a48b3eda51, raftlog=f535bb4a-cba0-4f9b-9e3e-e4a48b3eda51@group-7E32184879DE-SegmentedRaftLog:OPENED:c-1,f-1,i0, conf=-1: [f535bb4a-cba0-4f9b-9e3e-e4a48b3eda51:0.0.0.0:44706, 54aabb14-4a7d-4ab3-adbe-2e67760b87f4:0.0.0.0:43074, c652e2ee-3322-4406-8db6-1ea643cb3197:0.0.0.0:42129], old=null
2019-10-18 11:25:28,650 [f535bb4a-cba0-4f9b-9e3e-e4a48b3eda51@group-7E32184879DE-LeaderElection473] INFO  impl.RaftServerImpl (RaftServerImpl.java:setRole(184)) - f535bb4a-cba0-4f9b-9e3e-e4a48b3eda51@group-7E32184879DE: changes role from CANDIDATE to FOLLOWER at term 555 for DISCOVERED_A_NEW_TERM
2019-10-18 11:25:28,650 [f535bb4a-cba0-4f9b-9e3e-e4a48b3eda51@group-7E32184879DE-LeaderElection473] INFO  impl.RoleInfo (RoleInfo.java:shutdownLeaderElection(134)) - f535bb4a-cba0-4f9b-9e3e-e4a48b3eda51: shutdown LeaderElection
2019-10-18 11:25:28,650 [f535bb4a-cba0-4f9b-9e3e-e4a48b3eda51@group-7E32184879DE-LeaderElection473] INFO  impl.RoleInfo (RoleInfo.java:updateAndGet(143)) - f535bb4a-cba0-4f9b-9e3e-e4a48b3eda51: start FollowerState
2019-10-18 11:25:28,823 [Thread-3353] INFO  impl.FollowerState (FollowerState.java:run(108)) - f535bb4a-cba0-4f9b-9e3e-e4a48b3eda51@group-7E32184879DE-FollowerState: change to CANDIDATE, lastRpcTime:173ms, electionTimeout:173ms
2019-10-18 11:25:28,823 [Thread-3353] INFO  impl.RoleInfo (RoleInfo.java:shutdownFollowerState(121)) - f535bb4a-cba0-4f9b-9e3e-e4a48b3eda51: shutdown FollowerState
2019-10-18 11:25:28,823 [Thread-3353] INFO  impl.RaftServerImpl (RaftServerImpl.java:setRole(184)) - f535bb4a-cba0-4f9b-9e3e-e4a48b3eda51@group-7E32184879DE: changes role from  FOLLOWER to CANDIDATE at term 555 for changeToCandidate
2019-10-18 11:25:28,824 [Thread-3353] INFO  impl.RoleInfo (RoleInfo.java:updateAndGet(143)) - f535bb4a-cba0-4f9b-9e3e-e4a48b3eda51: start LeaderElection
2019-10-18 11:25:28,849 [f535bb4a-cba0-4f9b-9e3e-e4a48b3eda51@group-7E32184879DE-LeaderElection474] INFO  impl.LeaderElection (LeaderElection.java:askForVotes(178)) - f535bb4a-cba0-4f9b-9e3e-e4a48b3eda51@group-7E32184879DE-LeaderElection474: begin an election at term 556 for -1: [f535bb4a-cba0-4f9b-9e3e-e4a48b3eda51:0.0.0.0:44706, 54aabb14-4a7d-4ab3-adbe-2e67760b87f4:0.0.0.0:43074, c652e2ee-3322-4406-8db6-1ea643cb3197:0.0.0.0:42129], old=null
2019-10-18 11:25:28,851 [grpc-default-executor-0] INFO  impl.RaftServerImpl (RaftServerImpl.java:setRole(184)) - c652e2ee-3322-4406-8db6-1ea643cb3197@group-7E32184879DE: changes role from  FOLLOWER to FOLLOWER at term 556 for recognizeCandidate:f535bb4a-cba0-4f9b-9e3e-e4a48b3eda51
2019-10-18 11:25:28,851 [grpc-default-executor-1] INFO  impl.RaftServerImpl (RaftServerImpl.java:setRole(184)) - 54aabb14-4a7d-4ab3-adbe-2e67760b87f4@group-7E32184879DE: changes role from  FOLLOWER to FOLLOWER at term 556 for recognizeCandidate:f535bb4a-cba0-4f9b-9e3e-e4a48b3eda51
2019-10-18 11:25:28,851 [grpc-default-executor-1] INFO  impl.RoleInfo (RoleInfo.java:shutdownFollowerState(121)) - 54aabb14-4a7d-4ab3-adbe-2e67760b87f4: shutdown FollowerState
2019-10-18 11:25:28,851 [grpc-default-executor-0] INFO  impl.RoleInfo (RoleInfo.java:shutdownFollowerState(121)) - c652e2ee-3322-4406-8db6-1ea643cb3197: shutdown FollowerState
2019-10-18 11:25:28,852 [Thread-3352] INFO  impl.FollowerState (FollowerState.java:run(117)) - 54aabb14-4a7d-4ab3-adbe-2e67760b87f4@group-7E32184879DE-FollowerState was interrupted: java.lang.InterruptedException: sleep interrupted
2019-10-18 11:25:28,851 [grpc-default-executor-1] INFO  impl.RoleInfo (RoleInfo.java:updateAndGet(143)) - 54aabb14-4a7d-4ab3-adbe-2e67760b87f4: start FollowerState
2019-10-18 11:25:28,852 [grpc-default-executor-0] INFO  impl.RoleInfo (RoleInfo.java:updateAndGet(143)) - c652e2ee-3322-4406-8db6-1ea643cb3197: start FollowerState
2019-10-18 11:25:28,852 [Thread-3351] INFO  impl.FollowerState (FollowerState.java:run(117)) - c652e2ee-3322-4406-8db6-1ea643cb3197@group-7E32184879DE-FollowerState was interrupted: java.lang.InterruptedException: sleep interrupted
2019-10-18 11:25:28,874 [f535bb4a-cba0-4f9b-9e3e-e4a48b3eda51@group-7E32184879DE-LeaderElection474] INFO  impl.LeaderElection (LeaderElection.java:logAndReturn(56)) - f535bb4a-cba0-4f9b-9e3e-e4a48b3eda51@group-7E32184879DE-LeaderElection474: Election TIMEOUT; received 0 response(s) [] and 0 exception(s); f535bb4a-cba0-4f9b-9e3e-e4a48b3eda51@group-7E32184879DE:t556, leader=null, voted=f535bb4a-cba0-4f9b-9e3e-e4a48b3eda51, raftlog=f535bb4a-cba0-4f9b-9e3e-e4a48b3eda51@group-7E32184879DE-SegmentedRaftLog:OPENED:c-1,f-1,i0, conf=-1: [f535bb4a-cba0-4f9b-9e3e-e4a48b3eda51:0.0.0.0:44706, 54aabb14-4a7d-4ab3-adbe-2e67760b87f4:0.0.0.0:43074, c652e2ee-3322-4406-8db6-1ea643cb3197:0.0.0.0:42129], old=null
2019-10-18 11:25:28,892 [f535bb4a-cba0-4f9b-9e3e-e4a48b3eda51@group-7E32184879DE-LeaderElection474] INFO  impl.LeaderElection (LeaderElection.java:askForVotes(178)) - f535bb4a-cba0-4f9b-9e3e-e4a48b3eda51@group-7E32184879DE-LeaderElection474: begin an election at term 557 for -1: [f535bb4a-cba0-4f9b-9e3e-e4a48b3eda51:0.0.0.0:44706, 54aabb14-4a7d-4ab3-adbe-2e67760b87f4:0.0.0.0:43074, c652e2ee-3322-4406-8db6-1ea643cb3197:0.0.0.0:42129], old=null
2019-10-18 11:25:28,895 [grpc-default-executor-1] INFO  impl.RaftServerImpl (RaftServerImpl.java:setRole(184)) - c652e2ee-3322-4406-8db6-1ea643cb3197@group-7E32184879DE: changes role from  FOLLOWER to FOLLOWER at term 557 for recognizeCandidate:f535bb4a-cba0-4f9b-9e3e-e4a48b3eda51
2019-10-18 11:25:28,895 [grpc-default-executor-0] INFO  impl.RaftServerImpl (RaftServerImpl.java:setRole(184)) - 54aabb14-4a7d-4ab3-adbe-2e67760b87f4@group-7E32184879DE: changes role from  FOLLOWER to FOLLOWER at term 557 for recognizeCandidate:f535bb4a-cba0-4f9b-9e3e-e4a48b3eda51
2019-10-18 11:25:28,895 [grpc-default-executor-0] INFO  impl.RoleInfo (RoleInfo.java:shutdownFollowerState(121)) - 54aabb14-4a7d-4ab3-adbe-2e67760b87f4: shutdown FollowerState
2019-10-18 11:25:28,895 [grpc-default-executor-1] INFO  impl.RoleInfo (RoleInfo.java:shutdownFollowerState(121)) - c652e2ee-3322-4406-8db6-1ea643cb3197: shutdown FollowerState
2019-10-18 11:25:28,895 [Thread-3357] INFO  impl.FollowerState (FollowerState.java:run(117)) - 54aabb14-4a7d-4ab3-adbe-2e67760b87f4@group-7E32184879DE-FollowerState was interrupted: java.lang.InterruptedException: sleep interrupted
2019-10-18 11:25:28,895 [grpc-default-executor-0] INFO  impl.RoleInfo (RoleInfo.java:updateAndGet(143)) - 54aabb14-4a7d-4ab3-adbe-2e67760b87f4: start FollowerState
2019-10-18 11:25:28,895 [Thread-3358] INFO  impl.FollowerState (FollowerState.java:run(117)) - c652e2ee-3322-4406-8db6-1ea643cb3197@group-7E32184879DE-FollowerState was interrupted: java.lang.InterruptedException: sleep interrupted
2019-10-18 11:25:28,895 [grpc-default-executor-1] INFO  impl.RoleInfo (RoleInfo.java:updateAndGet(143)) - c652e2ee-3322-4406-8db6-1ea643cb3197: start FollowerState
2019-10-18 11:25:28,918 [f535bb4a-cba0-4f9b-9e3e-e4a48b3eda51@group-7E32184879DE-LeaderElection474] INFO  impl.LeaderElection (LeaderElection.java:logAndReturn(56)) - f535bb4a-cba0-4f9b-9e3e-e4a48b3eda51@group-7E32184879DE-LeaderElection474: Election REJECTED; received 2 response(s) [f535bb4a-cba0-4f9b-9e3e-e4a48b3eda51<-54aabb14-4a7d-4ab3-adbe-2e67760b87f4#0:FAIL-t557, f535bb4a-cba0-4f9b-9e3e-e4a48b3eda51<-c652e2ee-3322-4406-8db6-1ea643cb3197#0:FAIL-t557] and 0 exception(s); f535bb4a-cba0-4f9b-9e3e-e4a48b3eda51@group-7E32184879DE:t557, leader=null, voted=f535bb4a-cba0-4f9b-9e3e-e4a48b3eda51, raftlog=f535bb4a-cba0-4f9b-9e3e-e4a48b3eda51@group-7E32184879DE-SegmentedRaftLog:OPENED:c-1,f-1,i0, conf=-1: [f535bb4a-cba0-4f9b-9e3e-e4a48b3eda51:0.0.0.0:44706, 54aabb14-4a7d-4ab3-adbe-2e67760b87f4:0.0.0.0:43074, c652e2ee-3322-4406-8db6-1ea643cb3197:0.0.0.0:42129], old=null
2019-10-18 11:25:28,918 [f535bb4a-cba0-4f9b-9e3e-e4a48b3eda51@group-7E32184879DE-LeaderElection474] INFO  impl.RaftServerImpl (RaftServerImpl.java:setRole(184)) - f535bb4a-cba0-4f9b-9e3e-e4a48b3eda51@group-7E32184879DE: changes role from CANDIDATE to FOLLOWER at term 557 for DISCOVERED_A_NEW_TERM
2019-10-18 11:25:28,918 [f535bb4a-cba0-4f9b-9e3e-e4a48b3eda51@group-7E32184879DE-LeaderElection474] INFO  impl.RoleInfo (RoleInfo.java:shutdownLeaderElection(134)) - f535bb4a-cba0-4f9b-9e3e-e4a48b3eda51: shutdown LeaderElection
2019-10-18 11:25:28,918 [f535bb4a-cba0-4f9b-9e3e-e4a48b3eda51@group-7E32184879DE-LeaderElection474] INFO  impl.RoleInfo (RoleInfo.java:updateAndGet(143)) - f535bb4a-cba0-4f9b-9e3e-e4a48b3eda51: start FollowerState
2019-10-18 11:25:29,057 [Thread-3363] INFO  impl.FollowerState (FollowerState.java:run(108)) - f535bb4a-cba0-4f9b-9e3e-e4a48b3eda51@group-7E32184879DE-FollowerState: change to CANDIDATE, lastRpcTime:138ms, electionTimeout:138ms
2019-10-18 11:25:29,057 [Thread-3363] INFO  impl.RoleInfo (RoleInfo.java:shutdownFollowerState(121)) - f535bb4a-cba0-4f9b-9e3e-e4a48b3eda51: shutdown FollowerState
2019-10-18 11:25:29,057 [Thread-3363] INFO  impl.RaftServerImpl (RaftServerImpl.java:setRole(184)) - f535bb4a-cba0-4f9b-9e3e-e4a48b3eda51@group-7E32184879DE: changes role from  FOLLOWER to CANDIDATE at term 557 for changeToCandidate
2019-10-18 11:25:29,057 [Thread-3363] INFO  impl.RoleInfo (RoleInfo.java:updateAndGet(143)) - f535bb4a-cba0-4f9b-9e3e-e4a48b3eda51: start LeaderElection
2019-10-18 11:25:29,084 [f535bb4a-cba0-4f9b-9e3e-e4a48b3eda51@group-7E32184879DE-LeaderElection475] INFO  impl.LeaderElection (LeaderElection.java:askForVotes(178)) - f535bb4a-cba0-4f9b-9e3e-e4a48b3eda51@group-7E32184879DE-LeaderElection475: begin an election at term 558 for -1: [f535bb4a-cba0-4f9b-9e3e-e4a48b3eda51:0.0.0.0:44706, 54aabb14-4a7d-4ab3-adbe-2e67760b87f4:0.0.0.0:43074, c652e2ee-3322-4406-8db6-1ea643cb3197:0.0.0.0:42129], old=null
2019-10-18 11:25:29,086 [grpc-default-executor-1] INFO  impl.RaftServerImpl (RaftServerImpl.java:setRole(184)) - 54aabb14-4a7d-4ab3-adbe-2e67760b87f4@group-7E32184879DE: changes role from  FOLLOWER to FOLLOWER at term 558 for recognizeCandidate:f535bb4a-cba0-4f9b-9e3e-e4a48b3eda51
2019-10-18 11:25:29,086 [grpc-default-executor-1] INFO  impl.RoleInfo (RoleInfo.java:shutdownFollowerState(121)) - 54aabb14-4a7d-4ab3-adbe-2e67760b87f4: shutdown FollowerState
2019-10-18 11:25:29,086 [grpc-default-executor-1] INFO  impl.RoleInfo (RoleInfo.java:updateAndGet(143)) - 54aabb14-4a7d-4ab3-adbe-2e67760b87f4: start FollowerState
2019-10-18 11:25:29,086 [Thread-3361] INFO  impl.FollowerState (FollowerState.java:run(117)) - 54aabb14-4a7d-4ab3-adbe-2e67760b87f4@group-7E32184879DE-FollowerState was interrupted: java.lang.InterruptedException: sleep interrupted
2019-10-18 11:25:29,086 [grpc-default-executor-0] INFO  impl.RaftServerImpl (RaftServerImpl.java:setRole(184)) - c652e2ee-3322-4406-8db6-1ea643cb3197@group-7E32184879DE: changes role from  FOLLOWER to FOLLOWER at term 558 for recognizeCandidate:f535bb4a-cba0-4f9b-9e3e-e4a48b3eda51
2019-10-18 11:25:29,086 [grpc-default-executor-0] INFO  impl.RoleInfo (RoleInfo.java:shutdownFollowerState(121)) - c652e2ee-3322-4406-8db6-1ea643cb3197: shutdown FollowerState
2019-10-18 11:25:29,086 [grpc-default-executor-0] INFO  impl.RoleInfo (RoleInfo.java:updateAndGet(143)) - c652e2ee-3322-4406-8db6-1ea643cb3197: start FollowerState
2019-10-18 11:25:29,087 [Thread-3362] INFO  impl.FollowerState (FollowerState.java:run(117)) - c652e2ee-3322-4406-8db6-1ea643cb3197@group-7E32184879DE-FollowerState was interrupted: java.lang.InterruptedException: sleep interrupted
2019-10-18 11:25:29,110 [f535bb4a-cba0-4f9b-9e3e-e4a48b3eda51@group-7E32184879DE-LeaderElection475] INFO  impl.LeaderElection (LeaderElection.java:logAndReturn(56)) - f535bb4a-cba0-4f9b-9e3e-e4a48b3eda51@group-7E32184879DE-LeaderElection475: Election REJECTED; received 2 response(s) [f535bb4a-cba0-4f9b-9e3e-e4a48b3eda51<-54aabb14-4a7d-4ab3-adbe-2e67760b87f4#0:FAIL-t558, f535bb4a-cba0-4f9b-9e3e-e4a48b3eda51<-c652e2ee-3322-4406-8db6-1ea643cb3197#0:FAIL-t558] and 0 exception(s); f535bb4a-cba0-4f9b-9e3e-e4a48b3eda51@group-7E32184879DE:t558, leader=null, voted=f535bb4a-cba0-4f9b-9e3e-e4a48b3eda51, raftlog=f535bb4a-cba0-4f9b-9e3e-e4a48b3eda51@group-7E32184879DE-SegmentedRaftLog:OPENED:c-1,f-1,i0, conf=-1: [f535bb4a-cba0-4f9b-9e3e-e4a48b3eda51:0.0.0.0:44706, 54aabb14-4a7d-4ab3-adbe-2e67760b87f4:0.0.0.0:43074, c652e2ee-3322-4406-8db6-1ea643cb3197:0.0.0.0:42129], old=null
2019-10-18 11:25:29,110 [f535bb4a-cba0-4f9b-9e3e-e4a48b3eda51@group-7E32184879DE-LeaderElection475] INFO  impl.RaftServerImpl (RaftServerImpl.java:setRole(184)) - f535bb4a-cba0-4f9b-9e3e-e4a48b3eda51@group-7E32184879DE: changes role from CANDIDATE to FOLLOWER at term 558 for DISCOVERED_A_NEW_TERM
2019-10-18 11:25:29,110 [f535bb4a-cba0-4f9b-9e3e-e4a48b3eda51@group-7E32184879DE-LeaderElection475] INFO  impl.RoleInfo (RoleInfo.java:shutdownLeaderElection(134)) - f535bb4a-cba0-4f9b-9e3e-e4a48b3eda51: shutdown LeaderElection
2019-10-18 11:25:29,111 [f535bb4a-cba0-4f9b-9e3e-e4a48b3eda51@group-7E32184879DE-LeaderElection475] INFO  impl.RoleInfo (RoleInfo.java:updateAndGet(143)) - f535bb4a-cba0-4f9b-9e3e-e4a48b3eda51: start FollowerState
2019-10-18 11:25:29,116 [Thread-3369] INFO  impl.FollowerState (FollowerState.java:run(108)) - f535bb4a-cba0-4f9b-9e3e-e4a48b3eda51@group-7E32184879DE-FollowerState: change to CANDIDATE, lastRpcTime:5ms, electionTimeout:5ms
2019-10-18 11:25:29,116 [Thread-3369] INFO  impl.RoleInfo (RoleInfo.java:shutdownFollowerState(121)) - f535bb4a-cba0-4f9b-9e3e-e4a48b3eda51: shutdown FollowerState
2019-10-18 11:25:29,116 [Thread-3369] INFO  impl.RaftServerImpl (RaftServerImpl.java:setRole(184)) - f535bb4a-cba0-4f9b-9e3e-e4a48b3eda51@group-7E32184879DE: changes role from  FOLLOWER to CANDIDATE at term 558 for changeToCandidate
2019-10-18 11:25:29,116 [Thread-3369] INFO  impl.RoleInfo (RoleInfo.java:updateAndGet(143)) - f535bb4a-cba0-4f9b-9e3e-e4a48b3eda51: start LeaderElection
2019-10-18 11:25:29,143 [f535bb4a-cba0-4f9b-9e3e-e4a48b3eda51@group-7E32184879DE-LeaderElection476] INFO  impl.LeaderElection (LeaderElection.java:askForVotes(178)) - f535bb4a-cba0-4f9b-9e3e-e4a48b3eda51@group-7E32184879DE-LeaderElection476: begin an election at term 559 for -1: [f535bb4a-cba0-4f9b-9e3e-e4a48b3eda51:0.0.0.0:44706, 54aabb14-4a7d-4ab3-adbe-2e67760b87f4:0.0.0.0:43074, c652e2ee-3322-4406-8db6-1ea643cb3197:0.0.0.0:42129], old=null
2019-10-18 11:25:29,144 [grpc-default-executor-1] INFO  impl.RaftServerImpl (RaftServerImpl.java:setRole(184)) - 54aabb14-4a7d-4ab3-adbe-2e67760b87f4@group-7E32184879DE: changes role from  FOLLOWER to FOLLOWER at term 559 for recognizeCandidate:f535bb4a-cba0-4f9b-9e3e-e4a48b3eda51
2019-10-18 11:25:29,145 [grpc-default-executor-1] INFO  impl.RoleInfo (RoleInfo.java:shutdownFollowerState(121)) - 54aabb14-4a7d-4ab3-adbe-2e67760b87f4: shutdown FollowerState
2019-10-18 11:25:29,145 [grpc-default-executor-0] INFO  impl.RaftServerImpl (RaftServerImpl.java:setRole(184)) - c652e2ee-3322-4406-8db6-1ea643cb3197@group-7E32184879DE: changes role from  FOLLOWER to FOLLOWER at term 559 for recognizeCandidate:f535bb4a-cba0-4f9b-9e3e-e4a48b3eda51
2019-10-18 11:25:29,145 [grpc-default-executor-0] INFO  impl.RoleInfo (RoleInfo.java:shutdownFollowerState(121)) - c652e2ee-3322-4406-8db6-1ea643cb3197: shutdown FollowerState
2019-10-18 11:25:29,145 [Thread-3367] INFO  impl.FollowerState (FollowerState.java:run(117)) - 54aabb14-4a7d-4ab3-adbe-2e67760b87f4@group-7E32184879DE-FollowerState was interrupted: java.lang.InterruptedException: sleep interrupted
2019-10-18 11:25:29,145 [grpc-default-executor-1] INFO  impl.RoleInfo (RoleInfo.java:updateAndGet(143)) - 54aabb14-4a7d-4ab3-adbe-2e67760b87f4: start FollowerState
2019-10-18 11:25:29,145 [Thread-3368] INFO  impl.FollowerState (FollowerState.java:run(117)) - c652e2ee-3322-4406-8db6-1ea643cb3197@group-7E32184879DE-FollowerState was interrupted: java.lang.InterruptedException: sleep interrupted
2019-10-18 11:25:29,145 [grpc-default-executor-0] INFO  impl.RoleInfo (RoleInfo.java:updateAndGet(143)) - c652e2ee-3322-4406-8db6-1ea643cb3197: start FollowerState
2019-10-18 11:25:29,161 [f535bb4a-cba0-4f9b-9e3e-e4a48b3eda51@group-7E32184879DE-LeaderElection476] INFO  impl.LeaderElection (LeaderElection.java:logAndReturn(56)) - f535bb4a-cba0-4f9b-9e3e-e4a48b3eda51@group-7E32184879DE-LeaderElection476: Election REJECTED; received 2 response(s) [f535bb4a-cba0-4f9b-9e3e-e4a48b3eda51<-54aabb14-4a7d-4ab3-adbe-2e67760b87f4#0:FAIL-t559, f535bb4a-cba0-4f9b-9e3e-e4a48b3eda51<-c652e2ee-3322-4406-8db6-1ea643cb3197#0:FAIL-t559] and 0 exception(s); f535bb4a-cba0-4f9b-9e3e-e4a48b3eda51@group-7E32184879DE:t559, leader=null, voted=f535bb4a-cba0-4f9b-9e3e-e4a48b3eda51, raftlog=f535bb4a-cba0-4f9b-9e3e-e4a48b3eda51@group-7E32184879DE-SegmentedRaftLog:OPENED:c-1,f-1,i0, conf=-1: [f535bb4a-cba0-4f9b-9e3e-e4a48b3eda51:0.0.0.0:44706, 54aabb14-4a7d-4ab3-adbe-2e67760b87f4:0.0.0.0:43074, c652e2ee-3322-4406-8db6-1ea643cb3197:0.0.0.0:42129], old=null
2019-10-18 11:25:29,161 [f535bb4a-cba0-4f9b-9e3e-e4a48b3eda51@group-7E32184879DE-LeaderElection476] INFO  impl.RaftServerImpl (RaftServerImpl.java:setRole(184)) - f535bb4a-cba0-4f9b-9e3e-e4a48b3eda51@group-7E32184879DE: changes role from CANDIDATE to FOLLOWER at term 559 for DISCOVERED_A_NEW_TERM
2019-10-18 11:25:29,161 [f535bb4a-cba0-4f9b-9e3e-e4a48b3eda51@group-7E32184879DE-LeaderElection476] INFO  impl.RoleInfo (RoleInfo.java:shutdownLeaderElection(134)) - f535bb4a-cba0-4f9b-9e3e-e4a48b3eda51: shutdown LeaderElection
2019-10-18 11:25:29,161 [f535bb4a-cba0-4f9b-9e3e-e4a48b3eda51@group-7E32184879DE-LeaderElection476] INFO  impl.RoleInfo (RoleInfo.java:updateAndGet(143)) - f535bb4a-cba0-4f9b-9e3e-e4a48b3eda51: start FollowerState
2019-10-18 11:25:29,202 [Thread-3375] INFO  impl.FollowerState (FollowerState.java:run(108)) - f535bb4a-cba0-4f9b-9e3e-e4a48b3eda51@group-7E32184879DE-FollowerState: change to CANDIDATE, lastRpcTime:41ms, electionTimeout:41ms
2019-10-18 11:25:29,202 [Thread-3375] INFO  impl.RoleInfo (RoleInfo.java:shutdownFollowerState(121)) - f535bb4a-cba0-4f9b-9e3e-e4a48b3eda51: shutdown FollowerState
2019-10-18 11:25:29,203 [Thread-3375] INFO  impl.RaftServerImpl (RaftServerImpl.java:setRole(184)) - f535bb4a-cba0-4f9b-9e3e-e4a48b3eda51@group-7E32184879DE: changes role from  FOLLOWER to CANDIDATE at term 559 for changeToCandidate
2019-10-18 11:25:29,203 [Thread-3375] INFO  impl.RoleInfo (RoleInfo.java:updateAndGet(143)) - f535bb4a-cba0-4f9b-9e3e-e4a48b3eda51: start LeaderElection
2019-10-18 11:25:29,227 [f535bb4a-cba0-4f9b-9e3e-e4a48b3eda51@group-7E32184879DE-LeaderElection477] INFO  impl.LeaderElection (LeaderElection.java:askForVotes(178)) - f535bb4a-cba0-4f9b-9e3e-e4a48b3eda51@group-7E32184879DE-LeaderElection477: begin an election at term 560 for -1: [f535bb4a-cba0-4f9b-9e3e-e4a48b3eda51:0.0.0.0:44706, 54aabb14-4a7d-4ab3-adbe-2e67760b87f4:0.0.0.0:43074, c652e2ee-3322-4406-8db6-1ea643cb3197:0.0.0.0:42129], old=null
2019-10-18 11:25:29,229 [grpc-default-executor-0] INFO  impl.RaftServerImpl (RaftServerImpl.java:setRole(184)) - 54aabb14-4a7d-4ab3-adbe-2e67760b87f4@group-7E32184879DE: changes role from  FOLLOWER to FOLLOWER at term 560 for recognizeCandidate:f535bb4a-cba0-4f9b-9e3e-e4a48b3eda51
2019-10-18 11:25:29,229 [grpc-default-executor-1] INFO  impl.RaftServerImpl (RaftServerImpl.java:setRole(184)) - c652e2ee-3322-4406-8db6-1ea643cb3197@group-7E32184879DE: changes role from  FOLLOWER to FOLLOWER at term 560 for recognizeCandidate:f535bb4a-cba0-4f9b-9e3e-e4a48b3eda51
2019-10-18 11:25:29,229 [grpc-default-executor-1] INFO  impl.RoleInfo (RoleInfo.java:shutdownFollowerState(121)) - c652e2ee-3322-4406-8db6-1ea643cb3197: shutdown FollowerState
2019-10-18 11:25:29,229 [grpc-default-executor-1] INFO  impl.RoleInfo (RoleInfo.java:updateAndGet(143)) - c652e2ee-3322-4406-8db6-1ea643cb3197: start FollowerState
2019-10-18 11:25:29,229 [grpc-default-executor-0] INFO  impl.RoleInfo (RoleInfo.java:shutdownFollowerState(121)) - 54aabb14-4a7d-4ab3-adbe-2e67760b87f4: shutdown FollowerState
2019-10-18 11:25:29,230 [grpc-default-executor-0] INFO  impl.RoleInfo (RoleInfo.java:updateAndGet(143)) - 54aabb14-4a7d-4ab3-adbe-2e67760b87f4: start FollowerState
2019-10-18 11:25:29,229 [Thread-3374] INFO  impl.FollowerState (FollowerState.java:run(117)) - c652e2ee-3322-4406-8db6-1ea643cb3197@group-7E32184879DE-FollowerState was interrupted: java.lang.InterruptedException: sleep interrupted
2019-10-18 11:25:29,230 [Thread-3373] INFO  impl.FollowerState (FollowerState.java:run(117)) - 54aabb14-4a7d-4ab3-adbe-2e67760b87f4@group-7E32184879DE-FollowerState was interrupted: java.lang.InterruptedException: sleep interrupted
2019-10-18 11:25:29,253 [f535bb4a-cba0-4f9b-9e3e-e4a48b3eda51@group-7E32184879DE-LeaderElection477] INFO  impl.LeaderElection (LeaderElection.java:logAndReturn(56)) - f535bb4a-cba0-4f9b-9e3e-e4a48b3eda51@group-7E32184879DE-LeaderElection477: Election REJECTED; received 2 response(s) [f535bb4a-cba0-4f9b-9e3e-e4a48b3eda51<-54aabb14-4a7d-4ab3-adbe-2e67760b87f4#0:FAIL-t560, f535bb4a-cba0-4f9b-9e3e-e4a48b3eda51<-c652e2ee-3322-4406-8db6-1ea643cb3197#0:FAIL-t560] and 0 exception(s); f535bb4a-cba0-4f9b-9e3e-e4a48b3eda51@group-7E32184879DE:t560, leader=null, voted=f535bb4a-cba0-4f9b-9e3e-e4a48b3eda51, raftlog=f535bb4a-cba0-4f9b-9e3e-e4a48b3eda51@group-7E32184879DE-SegmentedRaftLog:OPENED:c-1,f-1,i0, conf=-1: [f535bb4a-cba0-4f9b-9e3e-e4a48b3eda51:0.0.0.0:44706, 54aabb14-4a7d-4ab3-adbe-2e67760b87f4:0.0.0.0:43074, c652e2ee-3322-4406-8db6-1ea643cb3197:0.0.0.0:42129], old=null
2019-10-18 11:25:29,254 [f535bb4a-cba0-4f9b-9e3e-e4a48b3eda51@group-7E32184879DE-LeaderElection477] INFO  impl.RaftServerImpl (RaftServerImpl.java:setRole(184)) - f535bb4a-cba0-4f9b-9e3e-e4a48b3eda51@group-7E32184879DE: changes role from CANDIDATE to FOLLOWER at term 560 for DISCOVERED_A_NEW_TERM
2019-10-18 11:25:29,254 [f535bb4a-cba0-4f9b-9e3e-e4a48b3eda51@group-7E32184879DE-LeaderElection477] INFO  impl.RoleInfo (RoleInfo.java:shutdownLeaderElection(134)) - f535bb4a-cba0-4f9b-9e3e-e4a48b3eda51: shutdown LeaderElection
2019-10-18 11:25:29,254 [f535bb4a-cba0-4f9b-9e3e-e4a48b3eda51@group-7E32184879DE-LeaderElection477] INFO  impl.RoleInfo (RoleInfo.java:updateAndGet(143)) - f535bb4a-cba0-4f9b-9e3e-e4a48b3eda51: start FollowerState
2019-10-18 11:25:29,421 [Thread-3381] INFO  impl.FollowerState (FollowerState.java:run(108)) - f535bb4a-cba0-4f9b-9e3e-e4a48b3eda51@group-7E32184879DE-FollowerState: change to CANDIDATE, lastRpcTime:167ms, electionTimeout:167ms
2019-10-18 11:25:29,421 [Thread-3381] INFO  impl.RoleInfo (RoleInfo.java:shutdownFollowerState(121)) - f535bb4a-cba0-4f9b-9e3e-e4a48b3eda51: shutdown FollowerState
2019-10-18 11:25:29,422 [Thread-3381] INFO  impl.RaftServerImpl (RaftServerImpl.java:setRole(184)) - f535bb4a-cba0-4f9b-9e3e-e4a48b3eda51@group-7E32184879DE: changes role from  FOLLOWER to CANDIDATE at term 560 for changeToCandidate
2019-10-18 11:25:29,422 [Thread-3381] INFO  impl.RoleInfo (RoleInfo.java:updateAndGet(143)) - f535bb4a-cba0-4f9b-9e3e-e4a48b3eda51: start LeaderElection
2019-10-18 11:25:29,444 [f535bb4a-cba0-4f9b-9e3e-e4a48b3eda51@group-7E32184879DE-LeaderElection478] INFO  impl.LeaderElection (LeaderElection.java:askForVotes(178)) - f535bb4a-cba0-4f9b-9e3e-e4a48b3eda51@group-7E32184879DE-LeaderElection478: begin an election at term 561 for -1: [f535bb4a-cba0-4f9b-9e3e-e4a48b3eda51:0.0.0.0:44706, 54aabb14-4a7d-4ab3-adbe-2e67760b87f4:0.0.0.0:43074, c652e2ee-3322-4406-8db6-1ea643cb3197:0.0.0.0:42129], old=null
2019-10-18 11:25:29,446 [grpc-default-executor-0] INFO  impl.RaftServerImpl (RaftServerImpl.java:setRole(184)) - c652e2ee-3322-4406-8db6-1ea643cb3197@group-7E32184879DE: changes role from  FOLLOWER to FOLLOWER at term 561 for recognizeCandidate:f535bb4a-cba0-4f9b-9e3e-e4a48b3eda51
2019-10-18 11:25:29,446 [grpc-default-executor-1] INFO  impl.RaftServerImpl (RaftServerImpl.java:setRole(184)) - 54aabb14-4a7d-4ab3-adbe-2e67760b87f4@group-7E32184879DE: changes role from  FOLLOWER to FOLLOWER at term 561 for recognizeCandidate:f535bb4a-cba0-4f9b-9e3e-e4a48b3eda51
2019-10-18 11:25:29,447 [grpc-default-executor-0] INFO  impl.RoleInfo (RoleInfo.java:shutdownFollowerState(121)) - c652e2ee-3322-4406-8db6-1ea643cb3197: shutdown FollowerState
2019-10-18 11:25:29,447 [grpc-default-executor-1] INFO  impl.RoleInfo (RoleInfo.java:shutdownFollowerState(121)) - 54aabb14-4a7d-4ab3-adbe-2e67760b87f4: shutdown FollowerState
2019-10-18 11:25:29,447 [Thread-3379] INFO  impl.FollowerState (FollowerState.java:run(117)) - c652e2ee-3322-4406-8db6-1ea643cb3197@group-7E32184879DE-FollowerState was interrupted: java.lang.InterruptedException: sleep interrupted
2019-10-18 11:25:29,447 [grpc-default-executor-0] INFO  impl.RoleInfo (RoleInfo.java:updateAndGet(143)) - c652e2ee-3322-4406-8db6-1ea643cb3197: start FollowerState
2019-10-18 11:25:29,447 [Thread-3380] INFO  impl.FollowerState (FollowerState.java:run(117)) - 54aabb14-4a7d-4ab3-adbe-2e67760b87f4@group-7E32184879DE-FollowerState was interrupted: java.lang.InterruptedException: sleep interrupted
2019-10-18 11:25:29,447 [grpc-default-executor-1] INFO  impl.RoleInfo (RoleInfo.java:updateAndGet(143)) - 54aabb14-4a7d-4ab3-adbe-2e67760b87f4: start FollowerState
2019-10-18 11:25:29,470 [f535bb4a-cba0-4f9b-9e3e-e4a48b3eda51@group-7E32184879DE-LeaderElection478] INFO  impl.LeaderElection (LeaderElection.java:logAndReturn(56)) - f535bb4a-cba0-4f9b-9e3e-e4a48b3eda51@group-7E32184879DE-LeaderElection478: Election REJECTED; received 2 response(s) [f535bb4a-cba0-4f9b-9e3e-e4a48b3eda51<-54aabb14-4a7d-4ab3-adbe-2e67760b87f4#0:FAIL-t561, f535bb4a-cba0-4f9b-9e3e-e4a48b3eda51<-c652e2ee-3322-4406-8db6-1ea643cb3197#0:FAIL-t561] and 0 exception(s); f535bb4a-cba0-4f9b-9e3e-e4a48b3eda51@group-7E32184879DE:t561, leader=null, voted=f535bb4a-cba0-4f9b-9e3e-e4a48b3eda51, raftlog=f535bb4a-cba0-4f9b-9e3e-e4a48b3eda51@group-7E32184879DE-SegmentedRaftLog:OPENED:c-1,f-1,i0, conf=-1: [f535bb4a-cba0-4f9b-9e3e-e4a48b3eda51:0.0.0.0:44706, 54aabb14-4a7d-4ab3-adbe-2e67760b87f4:0.0.0.0:43074, c652e2ee-3322-4406-8db6-1ea643cb3197:0.0.0.0:42129], old=null
2019-10-18 11:25:29,471 [f535bb4a-cba0-4f9b-9e3e-e4a48b3eda51@group-7E32184879DE-LeaderElection478] INFO  impl.RaftServerImpl (RaftServerImpl.java:setRole(184)) - f535bb4a-cba0-4f9b-9e3e-e4a48b3eda51@group-7E32184879DE: changes role from CANDIDATE to FOLLOWER at term 561 for DISCOVERED_A_NEW_TERM
2019-10-18 11:25:29,471 [f535bb4a-cba0-4f9b-9e3e-e4a48b3eda51@group-7E32184879DE-LeaderElection478] INFO  impl.RoleInfo (RoleInfo.java:shutdownLeaderElection(134)) - f535bb4a-cba0-4f9b-9e3e-e4a48b3eda51: shutdown LeaderElection
2019-10-18 11:25:29,471 [f535bb4a-cba0-4f9b-9e3e-e4a48b3eda51@group-7E32184879DE-LeaderElection478] INFO  impl.RoleInfo (RoleInfo.java:updateAndGet(143)) - f535bb4a-cba0-4f9b-9e3e-e4a48b3eda51: start FollowerState
2019-10-18 11:25:29,503 [Thread-3387] INFO  impl.FollowerState (FollowerState.java:run(108)) - f535bb4a-cba0-4f9b-9e3e-e4a48b3eda51@group-7E32184879DE-FollowerState: change to CANDIDATE, lastRpcTime:32ms, electionTimeout:32ms
2019-10-18 11:25:29,503 [Thread-3387] INFO  impl.RoleInfo (RoleInfo.java:shutdownFollowerState(121)) - f535bb4a-cba0-4f9b-9e3e-e4a48b3eda51: shutdown FollowerState
2019-10-18 11:25:29,503 [Thread-3387] INFO  impl.RaftServerImpl (RaftServerImpl.java:setRole(184)) - f535bb4a-cba0-4f9b-9e3e-e4a48b3eda51@group-7E32184879DE: changes role from  FOLLOWER to CANDIDATE at term 561 for changeToCandidate
2019-10-18 11:25:29,504 [Thread-3387] INFO  impl.RoleInfo (RoleInfo.java:updateAndGet(143)) - f535bb4a-cba0-4f9b-9e3e-e4a48b3eda51: start LeaderElection
2019-10-18 11:25:29,529 [f535bb4a-cba0-4f9b-9e3e-e4a48b3eda51@group-7E32184879DE-LeaderElection479] INFO  impl.LeaderElection (LeaderElection.java:askForVotes(178)) - f535bb4a-cba0-4f9b-9e3e-e4a48b3eda51@group-7E32184879DE-LeaderElection479: begin an election at term 562 for -1: [f535bb4a-cba0-4f9b-9e3e-e4a48b3eda51:0.0.0.0:44706, 54aabb14-4a7d-4ab3-adbe-2e67760b87f4:0.0.0.0:43074, c652e2ee-3322-4406-8db6-1ea643cb3197:0.0.0.0:42129], old=null
2019-10-18 11:25:29,530 [grpc-default-executor-1] INFO  impl.RaftServerImpl (RaftServerImpl.java:setRole(184)) - 54aabb14-4a7d-4ab3-adbe-2e67760b87f4@group-7E32184879DE: changes role from  FOLLOWER to FOLLOWER at term 562 for recognizeCandidate:f535bb4a-cba0-4f9b-9e3e-e4a48b3eda51
2019-10-18 11:25:29,530 [grpc-default-executor-0] INFO  impl.RaftServerImpl (RaftServerImpl.java:setRole(184)) - c652e2ee-3322-4406-8db6-1ea643cb3197@group-7E32184879DE: changes role from  FOLLOWER to FOLLOWER at term 562 for recognizeCandidate:f535bb4a-cba0-4f9b-9e3e-e4a48b3eda51
2019-10-18 11:25:29,530 [grpc-default-executor-0] INFO  impl.RoleInfo (RoleInfo.java:shutdownFollowerState(121)) - c652e2ee-3322-4406-8db6-1ea643cb3197: shutdown FollowerState
2019-10-18 11:25:29,530 [grpc-default-executor-1] INFO  impl.RoleInfo (RoleInfo.java:shutdownFollowerState(121)) - 54aabb14-4a7d-4ab3-adbe-2e67760b87f4: shutdown FollowerState
2019-10-18 11:25:29,530 [Thread-3385] INFO  impl.FollowerState (FollowerState.java:run(117)) - c652e2ee-3322-4406-8db6-1ea643cb3197@group-7E32184879DE-FollowerState was interrupted: java.lang.InterruptedException: sleep interrupted
2019-10-18 11:25:29,530 [grpc-default-executor-0] INFO  impl.RoleInfo (RoleInfo.java:updateAndGet(143)) - c652e2ee-3322-4406-8db6-1ea643cb3197: start FollowerState
2019-10-18 11:25:29,531 [Thread-3386] INFO  impl.FollowerState (FollowerState.java:run(117)) - 54aabb14-4a7d-4ab3-adbe-2e67760b87f4@group-7E32184879DE-FollowerState was interrupted: java.lang.InterruptedException: sleep interrupted
2019-10-18 11:25:29,530 [grpc-default-executor-1] INFO  impl.RoleInfo (RoleInfo.java:updateAndGet(143)) - 54aabb14-4a7d-4ab3-adbe-2e67760b87f4: start FollowerState
2019-10-18 11:25:29,555 [f535bb4a-cba0-4f9b-9e3e-e4a48b3eda51@group-7E32184879DE-LeaderElection479] INFO  impl.LeaderElection (LeaderElection.java:logAndReturn(56)) - f535bb4a-cba0-4f9b-9e3e-e4a48b3eda51@group-7E32184879DE-LeaderElection479: Election REJECTED; received 2 response(s) [f535bb4a-cba0-4f9b-9e3e-e4a48b3eda51<-54aabb14-4a7d-4ab3-adbe-2e67760b87f4#0:FAIL-t562, f535bb4a-cba0-4f9b-9e3e-e4a48b3eda51<-c652e2ee-3322-4406-8db6-1ea643cb3197#0:FAIL-t562] and 0 exception(s); f535bb4a-cba0-4f9b-9e3e-e4a48b3eda51@group-7E32184879DE:t562, leader=null, voted=f535bb4a-cba0-4f9b-9e3e-e4a48b3eda51, raftlog=f535bb4a-cba0-4f9b-9e3e-e4a48b3eda51@group-7E32184879DE-SegmentedRaftLog:OPENED:c-1,f-1,i0, conf=-1: [f535bb4a-cba0-4f9b-9e3e-e4a48b3eda51:0.0.0.0:44706, 54aabb14-4a7d-4ab3-adbe-2e67760b87f4:0.0.0.0:43074, c652e2ee-3322-4406-8db6-1ea643cb3197:0.0.0.0:42129], old=null
2019-10-18 11:25:29,555 [f535bb4a-cba0-4f9b-9e3e-e4a48b3eda51@group-7E32184879DE-LeaderElection479] INFO  impl.RaftServerImpl (RaftServerImpl.java:setRole(184)) - f535bb4a-cba0-4f9b-9e3e-e4a48b3eda51@group-7E32184879DE: changes role from CANDIDATE to FOLLOWER at term 562 for DISCOVERED_A_NEW_TERM
2019-10-18 11:25:29,555 [f535bb4a-cba0-4f9b-9e3e-e4a48b3eda51@group-7E32184879DE-LeaderElection479] INFO  impl.RoleInfo (RoleInfo.java:shutdownLeaderElection(134)) - f535bb4a-cba0-4f9b-9e3e-e4a48b3eda51: shutdown LeaderElection
2019-10-18 11:25:29,555 [f535bb4a-cba0-4f9b-9e3e-e4a48b3eda51@group-7E32184879DE-LeaderElection479] INFO  impl.RoleInfo (RoleInfo.java:updateAndGet(143)) - f535bb4a-cba0-4f9b-9e3e-e4a48b3eda51: start FollowerState
2019-10-18 11:25:29,725 [Thread-3393] INFO  impl.FollowerState (FollowerState.java:run(108)) - f535bb4a-cba0-4f9b-9e3e-e4a48b3eda51@group-7E32184879DE-FollowerState: change to CANDIDATE, lastRpcTime:170ms, electionTimeout:170ms
2019-10-18 11:25:29,726 [Thread-3393] INFO  impl.RoleInfo (RoleInfo.java:shutdownFollowerState(121)) - f535bb4a-cba0-4f9b-9e3e-e4a48b3eda51: shutdown FollowerState
2019-10-18 11:25:29,726 [Thread-3393] INFO  impl.RaftServerImpl (RaftServerImpl.java:setRole(184)) - f535bb4a-cba0-4f9b-9e3e-e4a48b3eda51@group-7E32184879DE: changes role from  FOLLOWER to CANDIDATE at term 562 for changeToCandidate
2019-10-18 11:25:29,727 [Thread-3393] INFO  impl.RoleInfo (RoleInfo.java:updateAndGet(143)) - f535bb4a-cba0-4f9b-9e3e-e4a48b3eda51: start LeaderElection
2019-10-18 11:25:29,755 [f535bb4a-cba0-4f9b-9e3e-e4a48b3eda51@group-7E32184879DE-LeaderElection480] INFO  impl.LeaderElection (LeaderElection.java:askForVotes(178)) - f535bb4a-cba0-4f9b-9e3e-e4a48b3eda51@group-7E32184879DE-LeaderElection480: begin an election at term 563 for -1: [f535bb4a-cba0-4f9b-9e3e-e4a48b3eda51:0.0.0.0:44706, 54aabb14-4a7d-4ab3-adbe-2e67760b87f4:0.0.0.0:43074, c652e2ee-3322-4406-8db6-1ea643cb3197:0.0.0.0:42129], old=null
2019-10-18 11:25:29,760 [grpc-default-executor-0] INFO  impl.RaftServerImpl (RaftServerImpl.java:setRole(184)) - 54aabb14-4a7d-4ab3-adbe-2e67760b87f4@group-7E32184879DE: changes role from  FOLLOWER to FOLLOWER at term 563 for recognizeCandidate:f535bb4a-cba0-4f9b-9e3e-e4a48b3eda51
2019-10-18 11:25:29,761 [grpc-default-executor-0] INFO  impl.RoleInfo (RoleInfo.java:shutdownFollowerState(121)) - 54aabb14-4a7d-4ab3-adbe-2e67760b87f4: shutdown FollowerState
2019-10-18 11:25:29,760 [grpc-default-executor-1] INFO  impl.RaftServerImpl (RaftServerImpl.java:setRole(184)) - c652e2ee-3322-4406-8db6-1ea643cb3197@group-7E32184879DE: changes role from  FOLLOWER to FOLLOWER at term 563 for recognizeCandidate:f535bb4a-cba0-4f9b-9e3e-e4a48b3eda51
2019-10-18 11:25:29,761 [grpc-default-executor-1] INFO  impl.RoleInfo (RoleInfo.java:shutdownFollowerState(121)) - c652e2ee-3322-4406-8db6-1ea643cb3197: shutdown FollowerState
2019-10-18 11:25:29,761 [grpc-default-executor-0] INFO  impl.RoleInfo (RoleInfo.java:updateAndGet(143)) - 54aabb14-4a7d-4ab3-adbe-2e67760b87f4: start FollowerState
2019-10-18 11:25:29,761 [Thread-3391] INFO  impl.FollowerState (FollowerState.java:run(117)) - c652e2ee-3322-4406-8db6-1ea643cb3197@group-7E32184879DE-FollowerState was interrupted: java.lang.InterruptedException: sleep interrupted
2019-10-18 11:25:29,761 [Thread-3392] INFO  impl.FollowerState (FollowerState.java:run(117)) - 54aabb14-4a7d-4ab3-adbe-2e67760b87f4@group-7E32184879DE-FollowerState was interrupted: java.lang.InterruptedException: sleep interrupted
2019-10-18 11:25:29,761 [grpc-default-executor-1] INFO  impl.RoleInfo (RoleInfo.java:updateAndGet(143)) - c652e2ee-3322-4406-8db6-1ea643cb3197: start FollowerState
2019-10-18 11:25:29,789 [f535bb4a-cba0-4f9b-9e3e-e4a48b3eda51@group-7E32184879DE-LeaderElection480] INFO  impl.LeaderElection (LeaderElection.java:logAndReturn(56)) - f535bb4a-cba0-4f9b-9e3e-e4a48b3eda51@group-7E32184879DE-LeaderElection480: Election REJECTED; received 2 response(s) [f535bb4a-cba0-4f9b-9e3e-e4a48b3eda51<-54aabb14-4a7d-4ab3-adbe-2e67760b87f4#0:FAIL-t563, f535bb4a-cba0-4f9b-9e3e-e4a48b3eda51<-c652e2ee-3322-4406-8db6-1ea643cb3197#0:FAIL-t563] and 0 exception(s); f535bb4a-cba0-4f9b-9e3e-e4a48b3eda51@group-7E32184879DE:t563, leader=null, voted=f535bb4a-cba0-4f9b-9e3e-e4a48b3eda51, raftlog=f535bb4a-cba0-4f9b-9e3e-e4a48b3eda51@group-7E32184879DE-SegmentedRaftLog:OPENED:c-1,f-1,i0, conf=-1: [f535bb4a-cba0-4f9b-9e3e-e4a48b3eda51:0.0.0.0:44706, 54aabb14-4a7d-4ab3-adbe-2e67760b87f4:0.0.0.0:43074, c652e2ee-3322-4406-8db6-1ea643cb3197:0.0.0.0:42129], old=null
2019-10-18 11:25:29,790 [f535bb4a-cba0-4f9b-9e3e-e4a48b3eda51@group-7E32184879DE-LeaderElection480] INFO  impl.RaftServerImpl (RaftServerImpl.java:setRole(184)) - f535bb4a-cba0-4f9b-9e3e-e4a48b3eda51@group-7E32184879DE: changes role from CANDIDATE to FOLLOWER at term 563 for DISCOVERED_A_NEW_TERM
2019-10-18 11:25:29,790 [f535bb4a-cba0-4f9b-9e3e-e4a48b3eda51@group-7E32184879DE-LeaderElection480] INFO  impl.RoleInfo (RoleInfo.java:shutdownLeaderElection(134)) - f535bb4a-cba0-4f9b-9e3e-e4a48b3eda51: shutdown LeaderElection
2019-10-18 11:25:29,790 [f535bb4a-cba0-4f9b-9e3e-e4a48b3eda51@group-7E32184879DE-LeaderElection480] INFO  impl.RoleInfo (RoleInfo.java:updateAndGet(143)) - f535bb4a-cba0-4f9b-9e3e-e4a48b3eda51: start FollowerState
2019-10-18 11:25:29,938 [Thread-3401] INFO  impl.FollowerState (FollowerState.java:run(108)) - f535bb4a-cba0-4f9b-9e3e-e4a48b3eda51@group-7E32184879DE-FollowerState: change to CANDIDATE, lastRpcTime:148ms, electionTimeout:148ms
2019-10-18 11:25:29,939 [Thread-3401] INFO  impl.RoleInfo (RoleInfo.java:shutdownFollowerState(121)) - f535bb4a-cba0-4f9b-9e3e-e4a48b3eda51: shutdown FollowerState
2019-10-18 11:25:29,939 [Thread-3401] INFO  impl.RaftServerImpl (RaftServerImpl.java:setRole(184)) - f535bb4a-cba0-4f9b-9e3e-e4a48b3eda51@group-7E32184879DE: changes role from  FOLLOWER to CANDIDATE at term 563 for changeToCandidate
2019-10-18 11:25:29,939 [Thread-3401] INFO  impl.RoleInfo (RoleInfo.java:updateAndGet(143)) - f535bb4a-cba0-4f9b-9e3e-e4a48b3eda51: start LeaderElection
2019-10-18 11:25:29,964 [f535bb4a-cba0-4f9b-9e3e-e4a48b3eda51@group-7E32184879DE-LeaderElection481] INFO  impl.LeaderElection (LeaderElection.java:askForVotes(178)) - f535bb4a-cba0-4f9b-9e3e-e4a48b3eda51@group-7E32184879DE-LeaderElection481: begin an election at term 564 for -1: [f535bb4a-cba0-4f9b-9e3e-e4a48b3eda51:0.0.0.0:44706, 54aabb14-4a7d-4ab3-adbe-2e67760b87f4:0.0.0.0:43074, c652e2ee-3322-4406-8db6-1ea643cb3197:0.0.0.0:42129], old=null
2019-10-18 11:25:29,965 [grpc-default-executor-1] INFO  impl.RaftServerImpl (RaftServerImpl.java:setRole(184)) - 54aabb14-4a7d-4ab3-adbe-2e67760b87f4@group-7E32184879DE: changes role from  FOLLOWER to FOLLOWER at term 564 for recognizeCandidate:f535bb4a-cba0-4f9b-9e3e-e4a48b3eda51
2019-10-18 11:25:29,965 [grpc-default-executor-0] INFO  impl.RaftServerImpl (RaftServerImpl.java:setRole(184)) - c652e2ee-3322-4406-8db6-1ea643cb3197@group-7E32184879DE: changes role from  FOLLOWER to FOLLOWER at term 564 for recognizeCandidate:f535bb4a-cba0-4f9b-9e3e-e4a48b3eda51
2019-10-18 11:25:29,966 [grpc-default-executor-0] INFO  impl.RoleInfo (RoleInfo.java:shutdownFollowerState(121)) - c652e2ee-3322-4406-8db6-1ea643cb3197: shutdown FollowerState
2019-10-18 11:25:29,966 [grpc-default-executor-1] INFO  impl.RoleInfo (RoleInfo.java:shutdownFollowerState(121)) - 54aabb14-4a7d-4ab3-adbe-2e67760b87f4: shutdown FollowerState
2019-10-18 11:25:29,966 [grpc-default-executor-1] INFO  impl.RoleInfo (RoleInfo.java:updateAndGet(143)) - 54aabb14-4a7d-4ab3-adbe-2e67760b87f4: start FollowerState
2019-10-18 11:25:29,966 [Thread-3400] INFO  impl.FollowerState (FollowerState.java:run(117)) - c652e2ee-3322-4406-8db6-1ea643cb3197@group-7E32184879DE-FollowerState was interrupted: java.lang.InterruptedException: sleep interrupted
2019-10-18 11:25:29,966 [grpc-default-executor-0] INFO  impl.RoleInfo (RoleInfo.java:updateAndGet(143)) - c652e2ee-3322-4406-8db6-1ea643cb3197: start FollowerState
2019-10-18 11:25:29,966 [Thread-3399] INFO  impl.FollowerState (FollowerState.java:run(117)) - 54aabb14-4a7d-4ab3-adbe-2e67760b87f4@group-7E32184879DE-FollowerState was interrupted: java.lang.InterruptedException: sleep interrupted
2019-10-18 11:25:29,990 [f535bb4a-cba0-4f9b-9e3e-e4a48b3eda51@group-7E32184879DE-LeaderElection481] INFO  impl.LeaderElection (LeaderElection.java:logAndReturn(56)) - f535bb4a-cba0-4f9b-9e3e-e4a48b3eda51@group-7E32184879DE-LeaderElection481: Election REJECTED; received 2 response(s) [f535bb4a-cba0-4f9b-9e3e-e4a48b3eda51<-54aabb14-4a7d-4ab3-adbe-2e67760b87f4#0:FAIL-t564, f535bb4a-cba0-4f9b-9e3e-e4a48b3eda51<-c652e2ee-3322-4406-8db6-1ea643cb3197#0:FAIL-t564] and 0 exception(s); f535bb4a-cba0-4f9b-9e3e-e4a48b3eda51@group-7E32184879DE:t564, leader=null, voted=f535bb4a-cba0-4f9b-9e3e-e4a48b3eda51, raftlog=f535bb4a-cba0-4f9b-9e3e-e4a48b3eda51@group-7E32184879DE-SegmentedRaftLog:OPENED:c-1,f-1,i0, conf=-1: [f535bb4a-cba0-4f9b-9e3e-e4a48b3eda51:0.0.0.0:44706, 54aabb14-4a7d-4ab3-adbe-2e67760b87f4:0.0.0.0:43074, c652e2ee-3322-4406-8db6-1ea643cb3197:0.0.0.0:42129], old=null
2019-10-18 11:25:29,990 [f535bb4a-cba0-4f9b-9e3e-e4a48b3eda51@group-7E32184879DE-LeaderElection481] INFO  impl.RaftServerImpl (RaftServerImpl.java:setRole(184)) - f535bb4a-cba0-4f9b-9e3e-e4a48b3eda51@group-7E32184879DE: changes role from CANDIDATE to FOLLOWER at term 564 for DISCOVERED_A_NEW_TERM
2019-10-18 11:25:29,990 [f535bb4a-cba0-4f9b-9e3e-e4a48b3eda51@group-7E32184879DE-LeaderElection481] INFO  impl.RoleInfo (RoleInfo.java:shutdownLeaderElection(134)) - f535bb4a-cba0-4f9b-9e3e-e4a48b3eda51: shutdown LeaderElection
2019-10-18 11:25:29,990 [f535bb4a-cba0-4f9b-9e3e-e4a48b3eda51@group-7E32184879DE-LeaderElection481] INFO  impl.RoleInfo (RoleInfo.java:updateAndGet(143)) - f535bb4a-cba0-4f9b-9e3e-e4a48b3eda51: start FollowerState
2019-10-18 11:25:30,122 [Thread-3407] INFO  impl.FollowerState (FollowerState.java:run(108)) - f535bb4a-cba0-4f9b-9e3e-e4a48b3eda51@group-7E32184879DE-FollowerState: change to CANDIDATE, lastRpcTime:131ms, electionTimeout:131ms
2019-10-18 11:25:30,122 [Thread-3407] INFO  impl.RoleInfo (RoleInfo.java:shutdownFollowerState(121)) - f535bb4a-cba0-4f9b-9e3e-e4a48b3eda51: shutdown FollowerState
2019-10-18 11:25:30,122 [Thread-3407] INFO  impl.RaftServerImpl (RaftServerImpl.java:setRole(184)) - f535bb4a-cba0-4f9b-9e3e-e4a48b3eda51@group-7E32184879DE: changes role from  FOLLOWER to CANDIDATE at term 564 for changeToCandidate
2019-10-18 11:25:30,122 [Thread-3407] INFO  impl.RoleInfo (RoleInfo.java:updateAndGet(143)) - f535bb4a-cba0-4f9b-9e3e-e4a48b3eda51: start LeaderElection
2019-10-18 11:25:30,147 [f535bb4a-cba0-4f9b-9e3e-e4a48b3eda51@group-7E32184879DE-LeaderElection482] INFO  impl.LeaderElection (LeaderElection.java:askForVotes(178)) - f535bb4a-cba0-4f9b-9e3e-e4a48b3eda51@group-7E32184879DE-LeaderElection482: begin an election at term 565 for -1: [f535bb4a-cba0-4f9b-9e3e-e4a48b3eda51:0.0.0.0:44706, 54aabb14-4a7d-4ab3-adbe-2e67760b87f4:0.0.0.0:43074, c652e2ee-3322-4406-8db6-1ea643cb3197:0.0.0.0:42129], old=null
2019-10-18 11:25:30,149 [grpc-default-executor-0] INFO  impl.RaftServerImpl (RaftServerImpl.java:setRole(184)) - 54aabb14-4a7d-4ab3-adbe-2e67760b87f4@group-7E32184879DE: changes role from  FOLLOWER to FOLLOWER at term 565 for recognizeCandidate:f535bb4a-cba0-4f9b-9e3e-e4a48b3eda51
2019-10-18 11:25:30,150 [grpc-default-executor-1] INFO  impl.RaftServerImpl (RaftServerImpl.java:setRole(184)) - c652e2ee-3322-4406-8db6-1ea643cb3197@group-7E32184879DE: changes role from  FOLLOWER to FOLLOWER at term 565 for recognizeCandidate:f535bb4a-cba0-4f9b-9e3e-e4a48b3eda51
2019-10-18 11:25:30,150 [grpc-default-executor-1] INFO  impl.RoleInfo (RoleInfo.java:shutdownFollowerState(121)) - c652e2ee-3322-4406-8db6-1ea643cb3197: shutdown FollowerState
2019-10-18 11:25:30,150 [grpc-default-executor-0] INFO  impl.RoleInfo (RoleInfo.java:shutdownFollowerState(121)) - 54aabb14-4a7d-4ab3-adbe-2e67760b87f4: shutdown FollowerState
2019-10-18 11:25:30,150 [grpc-default-executor-0] INFO  impl.RoleInfo (RoleInfo.java:updateAndGet(143)) - 54aabb14-4a7d-4ab3-adbe-2e67760b87f4: start FollowerState
2019-10-18 11:25:30,150 [Thread-3405] INFO  impl.FollowerState (FollowerState.java:run(117)) - c652e2ee-3322-4406-8db6-1ea643cb3197@group-7E32184879DE-FollowerState was interrupted: java.lang.InterruptedException: sleep interrupted
2019-10-18 11:25:30,150 [grpc-default-executor-1] INFO  impl.RoleInfo (RoleInfo.java:updateAndGet(143)) - c652e2ee-3322-4406-8db6-1ea643cb3197: start FollowerState
2019-10-18 11:25:30,150 [Thread-3406] INFO  impl.FollowerState (FollowerState.java:run(117)) - 54aabb14-4a7d-4ab3-adbe-2e67760b87f4@group-7E32184879DE-FollowerState was interrupted: java.lang.InterruptedException: sleep interrupted
2019-10-18 11:25:30,174 [f535bb4a-cba0-4f9b-9e3e-e4a48b3eda51@group-7E32184879DE-LeaderElection482] INFO  impl.LeaderElection (LeaderElection.java:logAndReturn(56)) - f535bb4a-cba0-4f9b-9e3e-e4a48b3eda51@group-7E32184879DE-LeaderElection482: Election REJECTED; received 2 response(s) [f535bb4a-cba0-4f9b-9e3e-e4a48b3eda51<-54aabb14-4a7d-4ab3-adbe-2e67760b87f4#0:FAIL-t565, f535bb4a-cba0-4f9b-9e3e-e4a48b3eda51<-c652e2ee-3322-4406-8db6-1ea643cb3197#0:FAIL-t565] and 0 exception(s); f535bb4a-cba0-4f9b-9e3e-e4a48b3eda51@group-7E32184879DE:t565, leader=null, voted=f535bb4a-cba0-4f9b-9e3e-e4a48b3eda51, raftlog=f535bb4a-cba0-4f9b-9e3e-e4a48b3eda51@group-7E32184879DE-SegmentedRaftLog:OPENED:c-1,f-1,i0, conf=-1: [f535bb4a-cba0-4f9b-9e3e-e4a48b3eda51:0.0.0.0:44706, 54aabb14-4a7d-4ab3-adbe-2e67760b87f4:0.0.0.0:43074, c652e2ee-3322-4406-8db6-1ea643cb3197:0.0.0.0:42129], old=null
2019-10-18 11:25:30,174 [f535bb4a-cba0-4f9b-9e3e-e4a48b3eda51@group-7E32184879DE-LeaderElection482] INFO  impl.RaftServerImpl (RaftServerImpl.java:setRole(184)) - f535bb4a-cba0-4f9b-9e3e-e4a48b3eda51@group-7E32184879DE: changes role from CANDIDATE to FOLLOWER at term 565 for DISCOVERED_A_NEW_TERM
2019-10-18 11:25:30,174 [f535bb4a-cba0-4f9b-9e3e-e4a48b3eda51@group-7E32184879DE-LeaderElection482] INFO  impl.RoleInfo (RoleInfo.java:shutdownLeaderElection(134)) - f535bb4a-cba0-4f9b-9e3e-e4a48b3eda51: shutdown LeaderElection
2019-10-18 11:25:30,174 [f535bb4a-cba0-4f9b-9e3e-e4a48b3eda51@group-7E32184879DE-LeaderElection482] INFO  impl.RoleInfo (RoleInfo.java:updateAndGet(143)) - f535bb4a-cba0-4f9b-9e3e-e4a48b3eda51: start FollowerState
2019-10-18 11:25:30,349 [Thread-3413] INFO  impl.FollowerState (FollowerState.java:run(108)) - f535bb4a-cba0-4f9b-9e3e-e4a48b3eda51@group-7E32184879DE-FollowerState: change to CANDIDATE, lastRpcTime:174ms, electionTimeout:174ms
2019-10-18 11:25:30,349 [Thread-3413] INFO  impl.RoleInfo (RoleInfo.java:shutdownFollowerState(121)) - f535bb4a-cba0-4f9b-9e3e-e4a48b3eda51: shutdown FollowerState
2019-10-18 11:25:30,349 [Thread-3413] INFO  impl.RaftServerImpl (RaftServerImpl.java:setRole(184)) - f535bb4a-cba0-4f9b-9e3e-e4a48b3eda51@group-7E32184879DE: changes role from  FOLLOWER to CANDIDATE at term 565 for changeToCandidate
2019-10-18 11:25:30,349 [Thread-3413] INFO  impl.RoleInfo (RoleInfo.java:updateAndGet(143)) - f535bb4a-cba0-4f9b-9e3e-e4a48b3eda51: start LeaderElection
2019-10-18 11:25:30,373 [f535bb4a-cba0-4f9b-9e3e-e4a48b3eda51@group-7E32184879DE-LeaderElection483] INFO  impl.LeaderElection (LeaderElection.java:askForVotes(178)) - f535bb4a-cba0-4f9b-9e3e-e4a48b3eda51@group-7E32184879DE-LeaderElection483: begin an election at term 566 for -1: [f535bb4a-cba0-4f9b-9e3e-e4a48b3eda51:0.0.0.0:44706, 54aabb14-4a7d-4ab3-adbe-2e67760b87f4:0.0.0.0:43074, c652e2ee-3322-4406-8db6-1ea643cb3197:0.0.0.0:42129], old=null
2019-10-18 11:25:30,375 [grpc-default-executor-1] INFO  impl.RaftServerImpl (RaftServerImpl.java:setRole(184)) - 54aabb14-4a7d-4ab3-adbe-2e67760b87f4@group-7E32184879DE: changes role from  FOLLOWER to FOLLOWER at term 566 for recognizeCandidate:f535bb4a-cba0-4f9b-9e3e-e4a48b3eda51
2019-10-18 11:25:30,375 [grpc-default-executor-1] INFO  impl.RoleInfo (RoleInfo.java:shutdownFollowerState(121)) - 54aabb14-4a7d-4ab3-adbe-2e67760b87f4: shutdown FollowerState
2019-10-18 11:25:30,375 [grpc-default-executor-1] INFO  impl.RoleInfo (RoleInfo.java:updateAndGet(143)) - 54aabb14-4a7d-4ab3-adbe-2e67760b87f4: start FollowerState
2019-10-18 11:25:30,375 [Thread-3412] INFO  impl.FollowerState (FollowerState.java:run(117)) - 54aabb14-4a7d-4ab3-adbe-2e67760b87f4@group-7E32184879DE-FollowerState was interrupted: java.lang.InterruptedException: sleep interrupted
2019-10-18 11:25:30,375 [grpc-default-executor-0] INFO  impl.RaftServerImpl (RaftServerImpl.java:setRole(184)) - c652e2ee-3322-4406-8db6-1ea643cb3197@group-7E32184879DE: changes role from  FOLLOWER to FOLLOWER at term 566 for recognizeCandidate:f535bb4a-cba0-4f9b-9e3e-e4a48b3eda51
2019-10-18 11:25:30,375 [grpc-default-executor-0] INFO  impl.RoleInfo (RoleInfo.java:shutdownFollowerState(121)) - c652e2ee-3322-4406-8db6-1ea643cb3197: shutdown FollowerState
2019-10-18 11:25:30,376 [grpc-default-executor-0] INFO  impl.RoleInfo (RoleInfo.java:updateAndGet(143)) - c652e2ee-3322-4406-8db6-1ea643cb3197: start FollowerState
2019-10-18 11:25:30,376 [Thread-3411] INFO  impl.FollowerState (FollowerState.java:run(117)) - c652e2ee-3322-4406-8db6-1ea643cb3197@group-7E32184879DE-FollowerState was interrupted: java.lang.InterruptedException: sleep interrupted
2019-10-18 11:25:30,385 [f535bb4a-cba0-4f9b-9e3e-e4a48b3eda51@group-7E32184879DE-LeaderElection483] INFO  impl.LeaderElection (LeaderElection.java:logAndReturn(56)) - f535bb4a-cba0-4f9b-9e3e-e4a48b3eda51@group-7E32184879DE-LeaderElection483: Election TIMEOUT; received 0 response(s) [] and 0 exception(s); f535bb4a-cba0-4f9b-9e3e-e4a48b3eda51@group-7E32184879DE:t566, leader=null, voted=f535bb4a-cba0-4f9b-9e3e-e4a48b3eda51, raftlog=f535bb4a-cba0-4f9b-9e3e-e4a48b3eda51@group-7E32184879DE-SegmentedRaftLog:OPENED:c-1,f-1,i0, conf=-1: [f535bb4a-cba0-4f9b-9e3e-e4a48b3eda51:0.0.0.0:44706, 54aabb14-4a7d-4ab3-adbe-2e67760b87f4:0.0.0.0:43074, c652e2ee-3322-4406-8db6-1ea643cb3197:0.0.0.0:42129], old=null
2019-10-18 11:25:30,399 [f535bb4a-cba0-4f9b-9e3e-e4a48b3eda51@group-7E32184879DE-LeaderElection483] INFO  impl.LeaderElection (LeaderElection.java:askForVotes(178)) - f535bb4a-cba0-4f9b-9e3e-e4a48b3eda51@group-7E32184879DE-LeaderElection483: begin an election at term 567 for -1: [f535bb4a-cba0-4f9b-9e3e-e4a48b3eda51:0.0.0.0:44706, 54aabb14-4a7d-4ab3-adbe-2e67760b87f4:0.0.0.0:43074, c652e2ee-3322-4406-8db6-1ea643cb3197:0.0.0.0:42129], old=null
2019-10-18 11:25:30,400 [grpc-default-executor-0] INFO  impl.RaftServerImpl (RaftServerImpl.java:setRole(184)) - 54aabb14-4a7d-4ab3-adbe-2e67760b87f4@group-7E32184879DE: changes role from  FOLLOWER to FOLLOWER at term 567 for recognizeCandidate:f535bb4a-cba0-4f9b-9e3e-e4a48b3eda51
2019-10-18 11:25:30,400 [grpc-default-executor-0] INFO  impl.RoleInfo (RoleInfo.java:shutdownFollowerState(121)) - 54aabb14-4a7d-4ab3-adbe-2e67760b87f4: shutdown FollowerState
2019-10-18 11:25:30,400 [grpc-default-executor-0] INFO  impl.RoleInfo (RoleInfo.java:updateAndGet(143)) - 54aabb14-4a7d-4ab3-adbe-2e67760b87f4: start FollowerState
2019-10-18 11:25:30,400 [Thread-3417] INFO  impl.FollowerState (FollowerState.java:run(117)) - 54aabb14-4a7d-4ab3-adbe-2e67760b87f4@group-7E32184879DE-FollowerState was interrupted: java.lang.InterruptedException: sleep interrupted
2019-10-18 11:25:30,400 [grpc-default-executor-1] INFO  impl.RaftServerImpl (RaftServerImpl.java:setRole(184)) - c652e2ee-3322-4406-8db6-1ea643cb3197@group-7E32184879DE: changes role from  FOLLOWER to FOLLOWER at term 567 for recognizeCandidate:f535bb4a-cba0-4f9b-9e3e-e4a48b3eda51
2019-10-18 11:25:30,400 [grpc-default-executor-1] INFO  impl.RoleInfo (RoleInfo.java:shutdownFollowerState(121)) - c652e2ee-3322-4406-8db6-1ea643cb3197: shutdown FollowerState
2019-10-18 11:25:30,401 [grpc-default-executor-1] INFO  impl.RoleInfo (RoleInfo.java:updateAndGet(143)) - c652e2ee-3322-4406-8db6-1ea643cb3197: start FollowerState
2019-10-18 11:25:30,401 [Thread-3418] INFO  impl.FollowerState (FollowerState.java:run(117)) - c652e2ee-3322-4406-8db6-1ea643cb3197@group-7E32184879DE-FollowerState was interrupted: java.lang.InterruptedException: sleep interrupted
2019-10-18 11:25:30,421 [f535bb4a-cba0-4f9b-9e3e-e4a48b3eda51@group-7E32184879DE-LeaderElection483] INFO  impl.LeaderElection (LeaderElection.java:logAndReturn(56)) - f535bb4a-cba0-4f9b-9e3e-e4a48b3eda51@group-7E32184879DE-LeaderElection483: Election TIMEOUT; received 0 response(s) [] and 0 exception(s); f535bb4a-cba0-4f9b-9e3e-e4a48b3eda51@group-7E32184879DE:t567, leader=null, voted=f535bb4a-cba0-4f9b-9e3e-e4a48b3eda51, raftlog=f535bb4a-cba0-4f9b-9e3e-e4a48b3eda51@group-7E32184879DE-SegmentedRaftLog:OPENED:c-1,f-1,i0, conf=-1: [f535bb4a-cba0-4f9b-9e3e-e4a48b3eda51:0.0.0.0:44706, 54aabb14-4a7d-4ab3-adbe-2e67760b87f4:0.0.0.0:43074, c652e2ee-3322-4406-8db6-1ea643cb3197:0.0.0.0:42129], old=null
2019-10-18 11:25:30,450 [f535bb4a-cba0-4f9b-9e3e-e4a48b3eda51@group-7E32184879DE-LeaderElection483] INFO  impl.LeaderElection (LeaderElection.java:askForVotes(178)) - f535bb4a-cba0-4f9b-9e3e-e4a48b3eda51@group-7E32184879DE-LeaderElection483: begin an election at term 568 for -1: [f535bb4a-cba0-4f9b-9e3e-e4a48b3eda51:0.0.0.0:44706, 54aabb14-4a7d-4ab3-adbe-2e67760b87f4:0.0.0.0:43074, c652e2ee-3322-4406-8db6-1ea643cb3197:0.0.0.0:42129], old=null
2019-10-18 11:25:30,452 [grpc-default-executor-1] INFO  impl.RaftServerImpl (RaftServerImpl.java:setRole(184)) - c652e2ee-3322-4406-8db6-1ea643cb3197@group-7E32184879DE: changes role from  FOLLOWER to FOLLOWER at term 568 for recognizeCandidate:f535bb4a-cba0-4f9b-9e3e-e4a48b3eda51
2019-10-18 11:25:30,453 [grpc-default-executor-0] INFO  impl.RaftServerImpl (RaftServerImpl.java:setRole(184)) - 54aabb14-4a7d-4ab3-adbe-2e67760b87f4@group-7E32184879DE: changes role from  FOLLOWER to FOLLOWER at term 568 for recognizeCandidate:f535bb4a-cba0-4f9b-9e3e-e4a48b3eda51
2019-10-18 11:25:30,453 [grpc-default-executor-1] INFO  impl.RoleInfo (RoleInfo.java:shutdownFollowerState(121)) - c652e2ee-3322-4406-8db6-1ea643cb3197: shutdown FollowerState
2019-10-18 11:25:30,453 [grpc-default-executor-0] INFO  impl.RoleInfo (RoleInfo.java:shutdownFollowerState(121)) - 54aabb14-4a7d-4ab3-adbe-2e67760b87f4: shutdown FollowerState
2019-10-18 11:25:30,453 [Thread-3422] INFO  impl.FollowerState (FollowerState.java:run(117)) - c652e2ee-3322-4406-8db6-1ea643cb3197@group-7E32184879DE-FollowerState was interrupted: java.lang.InterruptedException: sleep interrupted
2019-10-18 11:25:30,453 [grpc-default-executor-1] INFO  impl.RoleInfo (RoleInfo.java:updateAndGet(143)) - c652e2ee-3322-4406-8db6-1ea643cb3197: start FollowerState
2019-10-18 11:25:30,453 [grpc-default-executor-0] INFO  impl.RoleInfo (RoleInfo.java:updateAndGet(143)) - 54aabb14-4a7d-4ab3-adbe-2e67760b87f4: start FollowerState
2019-10-18 11:25:30,453 [Thread-3421] INFO  impl.FollowerState (FollowerState.java:run(117)) - 54aabb14-4a7d-4ab3-adbe-2e67760b87f4@group-7E32184879DE-FollowerState was interrupted: java.lang.InterruptedException: sleep interrupted
2019-10-18 11:25:30,476 [f535bb4a-cba0-4f9b-9e3e-e4a48b3eda51@group-7E32184879DE-LeaderElection483] INFO  impl.LeaderElection (LeaderElection.java:logAndReturn(56)) - f535bb4a-cba0-4f9b-9e3e-e4a48b3eda51@group-7E32184879DE-LeaderElection483: Election REJECTED; received 2 response(s) [f535bb4a-cba0-4f9b-9e3e-e4a48b3eda51<-54aabb14-4a7d-4ab3-adbe-2e67760b87f4#0:FAIL-t568, f535bb4a-cba0-4f9b-9e3e-e4a48b3eda51<-c652e2ee-3322-4406-8db6-1ea643cb3197#0:FAIL-t568] and 0 exception(s); f535bb4a-cba0-4f9b-9e3e-e4a48b3eda51@group-7E32184879DE:t568, leader=null, voted=f535bb4a-cba0-4f9b-9e3e-e4a48b3eda51, raftlog=f535bb4a-cba0-4f9b-9e3e-e4a48b3eda51@group-7E32184879DE-SegmentedRaftLog:OPENED:c-1,f-1,i0, conf=-1: [f535bb4a-cba0-4f9b-9e3e-e4a48b3eda51:0.0.0.0:44706, 54aabb14-4a7d-4ab3-adbe-2e67760b87f4:0.0.0.0:43074, c652e2ee-3322-4406-8db6-1ea643cb3197:0.0.0.0:42129], old=null
2019-10-18 11:25:30,476 [f535bb4a-cba0-4f9b-9e3e-e4a48b3eda51@group-7E32184879DE-LeaderElection483] INFO  impl.RaftServerImpl (RaftServerImpl.java:setRole(184)) - f535bb4a-cba0-4f9b-9e3e-e4a48b3eda51@group-7E32184879DE: changes role from CANDIDATE to FOLLOWER at term 568 for DISCOVERED_A_NEW_TERM
2019-10-18 11:25:30,477 [f535bb4a-cba0-4f9b-9e3e-e4a48b3eda51@group-7E32184879DE-LeaderElection483] INFO  impl.RoleInfo (RoleInfo.java:shutdownLeaderElection(134)) - f535bb4a-cba0-4f9b-9e3e-e4a48b3eda51: shutdown LeaderElection
2019-10-18 11:25:30,477 [f535bb4a-cba0-4f9b-9e3e-e4a48b3eda51@group-7E32184879DE-LeaderElection483] INFO  impl.RoleInfo (RoleInfo.java:updateAndGet(143)) - f535bb4a-cba0-4f9b-9e3e-e4a48b3eda51: start FollowerState
2019-10-18 11:25:30,629 [Thread-3427] INFO  impl.FollowerState (FollowerState.java:run(108)) - f535bb4a-cba0-4f9b-9e3e-e4a48b3eda51@group-7E32184879DE-FollowerState: change to CANDIDATE, lastRpcTime:152ms, electionTimeout:152ms
2019-10-18 11:25:30,629 [Thread-3427] INFO  impl.RoleInfo (RoleInfo.java:shutdownFollowerState(121)) - f535bb4a-cba0-4f9b-9e3e-e4a48b3eda51: shutdown FollowerState
2019-10-18 11:25:30,629 [Thread-3427] INFO  impl.RaftServerImpl (RaftServerImpl.java:setRole(184)) - f535bb4a-cba0-4f9b-9e3e-e4a48b3eda51@group-7E32184879DE: changes role from  FOLLOWER to CANDIDATE at term 568 for changeToCandidate
2019-10-18 11:25:30,630 [Thread-3427] INFO  impl.RoleInfo (RoleInfo.java:updateAndGet(143)) - f535bb4a-cba0-4f9b-9e3e-e4a48b3eda51: start LeaderElection
2019-10-18 11:25:30,659 [f535bb4a-cba0-4f9b-9e3e-e4a48b3eda51@group-7E32184879DE-LeaderElection484] INFO  impl.LeaderElection (LeaderElection.java:askForVotes(178)) - f535bb4a-cba0-4f9b-9e3e-e4a48b3eda51@group-7E32184879DE-LeaderElection484: begin an election at term 569 for -1: [f535bb4a-cba0-4f9b-9e3e-e4a48b3eda51:0.0.0.0:44706, 54aabb14-4a7d-4ab3-adbe-2e67760b87f4:0.0.0.0:43074, c652e2ee-3322-4406-8db6-1ea643cb3197:0.0.0.0:42129], old=null
2019-10-18 11:25:30,661 [grpc-default-executor-1] INFO  impl.RaftServerImpl (RaftServerImpl.java:setRole(184)) - 54aabb14-4a7d-4ab3-adbe-2e67760b87f4@group-7E32184879DE: changes role from  FOLLOWER to FOLLOWER at term 569 for recognizeCandidate:f535bb4a-cba0-4f9b-9e3e-e4a48b3eda51
2019-10-18 11:25:30,661 [grpc-default-executor-0] INFO  impl.RaftServerImpl (RaftServerImpl.java:setRole(184)) - c652e2ee-3322-4406-8db6-1ea643cb3197@group-7E32184879DE: changes role from  FOLLOWER to FOLLOWER at term 569 for recognizeCandidate:f535bb4a-cba0-4f9b-9e3e-e4a48b3eda51
2019-10-18 11:25:30,662 [grpc-default-executor-1] INFO  impl.RoleInfo (RoleInfo.java:shutdownFollowerState(121)) - 54aabb14-4a7d-4ab3-adbe-2e67760b87f4: shutdown FollowerState
2019-10-18 11:25:30,662 [grpc-default-executor-0] INFO  impl.RoleInfo (RoleInfo.java:shutdownFollowerState(121)) - c652e2ee-3322-4406-8db6-1ea643cb3197: shutdown FollowerState
2019-10-18 11:25:30,662 [Thread-3426] INFO  impl.FollowerState (FollowerState.java:run(117)) - 54aabb14-4a7d-4ab3-adbe-2e67760b87f4@group-7E32184879DE-FollowerState was interrupted: java.lang.InterruptedException: sleep interrupted
2019-10-18 11:25:30,662 [Thread-3425] INFO  impl.FollowerState (FollowerState.java:run(117)) - c652e2ee-3322-4406-8db6-1ea643cb3197@group-7E32184879DE-FollowerState was interrupted: java.lang.InterruptedException: sleep interrupted
2019-10-18 11:25:30,662 [grpc-default-executor-1] INFO  impl.RoleInfo (RoleInfo.java:updateAndGet(143)) - 54aabb14-4a7d-4ab3-adbe-2e67760b87f4: start FollowerState
2019-10-18 11:25:30,662 [grpc-default-executor-0] INFO  impl.RoleInfo (RoleInfo.java:updateAndGet(143)) - c652e2ee-3322-4406-8db6-1ea643cb3197: start FollowerState
2019-10-18 11:25:30,686 [f535bb4a-cba0-4f9b-9e3e-e4a48b3eda51@group-7E32184879DE-LeaderElection484] INFO  impl.LeaderElection (LeaderElection.java:logAndReturn(56)) - f535bb4a-cba0-4f9b-9e3e-e4a48b3eda51@group-7E32184879DE-LeaderElection484: Election REJECTED; received 2 response(s) [f535bb4a-cba0-4f9b-9e3e-e4a48b3eda51<-54aabb14-4a7d-4ab3-adbe-2e67760b87f4#0:FAIL-t569, f535bb4a-cba0-4f9b-9e3e-e4a48b3eda51<-c652e2ee-3322-4406-8db6-1ea643cb3197#0:FAIL-t569] and 0 exception(s); f535bb4a-cba0-4f9b-9e3e-e4a48b3eda51@group-7E32184879DE:t569, leader=null, voted=f535bb4a-cba0-4f9b-9e3e-e4a48b3eda51, raftlog=f535bb4a-cba0-4f9b-9e3e-e4a48b3eda51@group-7E32184879DE-SegmentedRaftLog:OPENED:c-1,f-1,i0, conf=-1: [f535bb4a-cba0-4f9b-9e3e-e4a48b3eda51:0.0.0.0:44706, 54aabb14-4a7d-4ab3-adbe-2e67760b87f4:0.0.0.0:43074, c652e2ee-3322-4406-8db6-1ea643cb3197:0.0.0.0:42129], old=null
2019-10-18 11:25:30,686 [f535bb4a-cba0-4f9b-9e3e-e4a48b3eda51@group-7E32184879DE-LeaderElection484] INFO  impl.RaftServerImpl (RaftServerImpl.java:setRole(184)) - f535bb4a-cba0-4f9b-9e3e-e4a48b3eda51@group-7E32184879DE: changes role from CANDIDATE to FOLLOWER at term 569 for DISCOVERED_A_NEW_TERM
2019-10-18 11:25:30,686 [f535bb4a-cba0-4f9b-9e3e-e4a48b3eda51@group-7E32184879DE-LeaderElection484] INFO  impl.RoleInfo (RoleInfo.java:shutdownLeaderElection(134)) - f535bb4a-cba0-4f9b-9e3e-e4a48b3eda51: shutdown LeaderElection
2019-10-18 11:25:30,686 [f535bb4a-cba0-4f9b-9e3e-e4a48b3eda51@group-7E32184879DE-LeaderElection484] INFO  impl.RoleInfo (RoleInfo.java:updateAndGet(143)) - f535bb4a-cba0-4f9b-9e3e-e4a48b3eda51: start FollowerState
2019-10-18 11:25:30,852 [Thread-3435] INFO  impl.FollowerState (FollowerState.java:run(108)) - f535bb4a-cba0-4f9b-9e3e-e4a48b3eda51@group-7E32184879DE-FollowerState: change to CANDIDATE, lastRpcTime:166ms, electionTimeout:166ms
2019-10-18 11:25:30,852 [Thread-3435] INFO  impl.RoleInfo (RoleInfo.java:shutdownFollowerState(121)) - f535bb4a-cba0-4f9b-9e3e-e4a48b3eda51: shutdown FollowerState
2019-10-18 11:25:30,853 [Thread-3435] INFO  impl.RaftServerImpl (RaftServerImpl.java:setRole(184)) - f535bb4a-cba0-4f9b-9e3e-e4a48b3eda51@group-7E32184879DE: changes role from  FOLLOWER to CANDIDATE at term 569 for changeToCandidate
2019-10-18 11:25:30,853 [Thread-3435] INFO  impl.RoleInfo (RoleInfo.java:updateAndGet(143)) - f535bb4a-cba0-4f9b-9e3e-e4a48b3eda51: start LeaderElection
2019-10-18 11:25:30,893 [f535bb4a-cba0-4f9b-9e3e-e4a48b3eda51@group-7E32184879DE-LeaderElection485] INFO  impl.LeaderElection (LeaderElection.java:askForVotes(178)) - f535bb4a-cba0-4f9b-9e3e-e4a48b3eda51@group-7E32184879DE-LeaderElection485: begin an election at term 570 for -1: [f535bb4a-cba0-4f9b-9e3e-e4a48b3eda51:0.0.0.0:44706, 54aabb14-4a7d-4ab3-adbe-2e67760b87f4:0.0.0.0:43074, c652e2ee-3322-4406-8db6-1ea643cb3197:0.0.0.0:42129], old=null
2019-10-18 11:25:30,895 [grpc-default-executor-0] INFO  impl.RaftServerImpl (RaftServerImpl.java:setRole(184)) - 54aabb14-4a7d-4ab3-adbe-2e67760b87f4@group-7E32184879DE: changes role from  FOLLOWER to FOLLOWER at term 570 for recognizeCandidate:f535bb4a-cba0-4f9b-9e3e-e4a48b3eda51
2019-10-18 11:25:30,896 [grpc-default-executor-1] INFO  impl.RaftServerImpl (RaftServerImpl.java:setRole(184)) - c652e2ee-3322-4406-8db6-1ea643cb3197@group-7E32184879DE: changes role from  FOLLOWER to FOLLOWER at term 570 for recognizeCandidate:f535bb4a-cba0-4f9b-9e3e-e4a48b3eda51
2019-10-18 11:25:30,896 [grpc-default-executor-1] INFO  impl.RoleInfo (RoleInfo.java:shutdownFollowerState(121)) - c652e2ee-3322-4406-8db6-1ea643cb3197: shutdown FollowerState
2019-10-18 11:25:30,896 [grpc-default-executor-0] INFO  impl.RoleInfo (RoleInfo.java:shutdownFollowerState(121)) - 54aabb14-4a7d-4ab3-adbe-2e67760b87f4: shutdown FollowerState
2019-10-18 11:25:30,896 [Thread-3434] INFO  impl.FollowerState (FollowerState.java:run(117)) - c652e2ee-3322-4406-8db6-1ea643cb3197@group-7E32184879DE-FollowerState was interrupted: java.lang.InterruptedException: sleep interrupted
2019-10-18 11:25:30,896 [Thread-3433] INFO  impl.FollowerState (FollowerState.java:run(117)) - 54aabb14-4a7d-4ab3-adbe-2e67760b87f4@group-7E32184879DE-FollowerState was interrupted: java.lang.InterruptedException: sleep interrupted
2019-10-18 11:25:30,896 [grpc-default-executor-1] INFO  impl.RoleInfo (RoleInfo.java:updateAndGet(143)) - c652e2ee-3322-4406-8db6-1ea643cb3197: start FollowerState
2019-10-18 11:25:30,896 [grpc-default-executor-0] INFO  impl.RoleInfo (RoleInfo.java:updateAndGet(143)) - 54aabb14-4a7d-4ab3-adbe-2e67760b87f4: start FollowerState
2019-10-18 11:25:30,920 [f535bb4a-cba0-4f9b-9e3e-e4a48b3eda51@group-7E32184879DE-LeaderElection485] INFO  impl.LeaderElection (LeaderElection.java:logAndReturn(56)) - f535bb4a-cba0-4f9b-9e3e-e4a48b3eda51@group-7E32184879DE-LeaderElection485: Election REJECTED; received 2 response(s) [f535bb4a-cba0-4f9b-9e3e-e4a48b3eda51<-54aabb14-4a7d-4ab3-adbe-2e67760b87f4#0:FAIL-t570, f535bb4a-cba0-4f9b-9e3e-e4a48b3eda51<-c652e2ee-3322-4406-8db6-1ea643cb3197#0:FAIL-t570] and 0 exception(s); f535bb4a-cba0-4f9b-9e3e-e4a48b3eda51@group-7E32184879DE:t570, leader=null, voted=f535bb4a-cba0-4f9b-9e3e-e4a48b3eda51, raftlog=f535bb4a-cba0-4f9b-9e3e-e4a48b3eda51@group-7E32184879DE-SegmentedRaftLog:OPENED:c-1,f-1,i0, conf=-1: [f535bb4a-cba0-4f9b-9e3e-e4a48b3eda51:0.0.0.0:44706, 54aabb14-4a7d-4ab3-adbe-2e67760b87f4:0.0.0.0:43074, c652e2ee-3322-4406-8db6-1ea643cb3197:0.0.0.0:42129], old=null
2019-10-18 11:25:30,920 [f535bb4a-cba0-4f9b-9e3e-e4a48b3eda51@group-7E32184879DE-LeaderElection485] INFO  impl.RaftServerImpl (RaftServerImpl.java:setRole(184)) - f535bb4a-cba0-4f9b-9e3e-e4a48b3eda51@group-7E32184879DE: changes role from CANDIDATE to FOLLOWER at term 570 for DISCOVERED_A_NEW_TERM
2019-10-18 11:25:30,920 [f535bb4a-cba0-4f9b-9e3e-e4a48b3eda51@group-7E32184879DE-LeaderElection485] INFO  impl.RoleInfo (RoleInfo.java:shutdownLeaderElection(134)) - f535bb4a-cba0-4f9b-9e3e-e4a48b3eda51: shutdown LeaderElection
2019-10-18 11:25:30,920 [f535bb4a-cba0-4f9b-9e3e-e4a48b3eda51@group-7E32184879DE-LeaderElection485] INFO  impl.RoleInfo (RoleInfo.java:updateAndGet(143)) - f535bb4a-cba0-4f9b-9e3e-e4a48b3eda51: start FollowerState
2019-10-18 11:25:31,116 [Thread-3441] INFO  impl.FollowerState (FollowerState.java:run(108)) - f535bb4a-cba0-4f9b-9e3e-e4a48b3eda51@group-7E32184879DE-FollowerState: change to CANDIDATE, lastRpcTime:196ms, electionTimeout:196ms
2019-10-18 11:25:31,117 [Thread-3441] INFO  impl.RoleInfo (RoleInfo.java:shutdownFollowerState(121)) - f535bb4a-cba0-4f9b-9e3e-e4a48b3eda51: shutdown FollowerState
2019-10-18 11:25:31,117 [Thread-3441] INFO  impl.RaftServerImpl (RaftServerImpl.java:setRole(184)) - f535bb4a-cba0-4f9b-9e3e-e4a48b3eda51@group-7E32184879DE: changes role from  FOLLOWER to CANDIDATE at term 570 for changeToCandidate
2019-10-18 11:25:31,117 [Thread-3441] INFO  impl.RoleInfo (RoleInfo.java:updateAndGet(143)) - f535bb4a-cba0-4f9b-9e3e-e4a48b3eda51: start LeaderElection
2019-10-18 11:25:31,144 [f535bb4a-cba0-4f9b-9e3e-e4a48b3eda51@group-7E32184879DE-LeaderElection486] INFO  impl.LeaderElection (LeaderElection.java:askForVotes(178)) - f535bb4a-cba0-4f9b-9e3e-e4a48b3eda51@group-7E32184879DE-LeaderElection486: begin an election at term 571 for -1: [f535bb4a-cba0-4f9b-9e3e-e4a48b3eda51:0.0.0.0:44706, 54aabb14-4a7d-4ab3-adbe-2e67760b87f4:0.0.0.0:43074, c652e2ee-3322-4406-8db6-1ea643cb3197:0.0.0.0:42129], old=null
2019-10-18 11:25:31,146 [grpc-default-executor-0] INFO  impl.RaftServerImpl (RaftServerImpl.java:setRole(184)) - 54aabb14-4a7d-4ab3-adbe-2e67760b87f4@group-7E32184879DE: changes role from  FOLLOWER to FOLLOWER at term 571 for recognizeCandidate:f535bb4a-cba0-4f9b-9e3e-e4a48b3eda51
2019-10-18 11:25:31,146 [grpc-default-executor-1] INFO  impl.RaftServerImpl (RaftServerImpl.java:setRole(184)) - c652e2ee-3322-4406-8db6-1ea643cb3197@group-7E32184879DE: changes role from  FOLLOWER to FOLLOWER at term 571 for recognizeCandidate:f535bb4a-cba0-4f9b-9e3e-e4a48b3eda51
2019-10-18 11:25:31,146 [grpc-default-executor-0] INFO  impl.RoleInfo (RoleInfo.java:shutdownFollowerState(121)) - 54aabb14-4a7d-4ab3-adbe-2e67760b87f4: shutdown FollowerState
2019-10-18 11:25:31,147 [grpc-default-executor-1] INFO  impl.RoleInfo (RoleInfo.java:shutdownFollowerState(121)) - c652e2ee-3322-4406-8db6-1ea643cb3197: shutdown FollowerState
2019-10-18 11:25:31,147 [grpc-default-executor-0] INFO  impl.RoleInfo (RoleInfo.java:updateAndGet(143)) - 54aabb14-4a7d-4ab3-adbe-2e67760b87f4: start FollowerState
2019-10-18 11:25:31,147 [Thread-3439] INFO  impl.FollowerState (FollowerState.java:run(117)) - c652e2ee-3322-4406-8db6-1ea643cb3197@group-7E32184879DE-FollowerState was interrupted: java.lang.InterruptedException: sleep interrupted
2019-10-18 11:25:31,147 [grpc-default-executor-1] INFO  impl.RoleInfo (RoleInfo.java:updateAndGet(143)) - c652e2ee-3322-4406-8db6-1ea643cb3197: start FollowerState
2019-10-18 11:25:31,147 [Thread-3440] INFO  impl.FollowerState (FollowerState.java:run(117)) - 54aabb14-4a7d-4ab3-adbe-2e67760b87f4@group-7E32184879DE-FollowerState was interrupted: java.lang.InterruptedException: sleep interrupted
2019-10-18 11:25:31,170 [f535bb4a-cba0-4f9b-9e3e-e4a48b3eda51@group-7E32184879DE-LeaderElection486] INFO  impl.LeaderElection (LeaderElection.java:logAndReturn(56)) - f535bb4a-cba0-4f9b-9e3e-e4a48b3eda51@group-7E32184879DE-LeaderElection486: Election REJECTED; received 2 response(s) [f535bb4a-cba0-4f9b-9e3e-e4a48b3eda51<-54aabb14-4a7d-4ab3-adbe-2e67760b87f4#0:FAIL-t571, f535bb4a-cba0-4f9b-9e3e-e4a48b3eda51<-c652e2ee-3322-4406-8db6-1ea643cb3197#0:FAIL-t571] and 0 exception(s); f535bb4a-cba0-4f9b-9e3e-e4a48b3eda51@group-7E32184879DE:t571, leader=null, voted=f535bb4a-cba0-4f9b-9e3e-e4a48b3eda51, raftlog=f535bb4a-cba0-4f9b-9e3e-e4a48b3eda51@group-7E32184879DE-SegmentedRaftLog:OPENED:c-1,f-1,i0, conf=-1: [f535bb4a-cba0-4f9b-9e3e-e4a48b3eda51:0.0.0.0:44706, 54aabb14-4a7d-4ab3-adbe-2e67760b87f4:0.0.0.0:43074, c652e2ee-3322-4406-8db6-1ea643cb3197:0.0.0.0:42129], old=null
2019-10-18 11:25:31,171 [f535bb4a-cba0-4f9b-9e3e-e4a48b3eda51@group-7E32184879DE-LeaderElection486] INFO  impl.RaftServerImpl (RaftServerImpl.java:setRole(184)) - f535bb4a-cba0-4f9b-9e3e-e4a48b3eda51@group-7E32184879DE: changes role from CANDIDATE to FOLLOWER at term 571 for DISCOVERED_A_NEW_TERM
2019-10-18 11:25:31,171 [f535bb4a-cba0-4f9b-9e3e-e4a48b3eda51@group-7E32184879DE-LeaderElection486] INFO  impl.RoleInfo (RoleInfo.java:shutdownLeaderElection(134)) - f535bb4a-cba0-4f9b-9e3e-e4a48b3eda51: shutdown LeaderElection
2019-10-18 11:25:31,171 [f535bb4a-cba0-4f9b-9e3e-e4a48b3eda51@group-7E32184879DE-LeaderElection486] INFO  impl.RoleInfo (RoleInfo.java:updateAndGet(143)) - f535bb4a-cba0-4f9b-9e3e-e4a48b3eda51: start FollowerState
2019-10-18 11:25:31,321 [Thread-3447] INFO  impl.FollowerState (FollowerState.java:run(108)) - f535bb4a-cba0-4f9b-9e3e-e4a48b3eda51@group-7E32184879DE-FollowerState: change to CANDIDATE, lastRpcTime:150ms, electionTimeout:150ms
2019-10-18 11:25:31,321 [Thread-3447] INFO  impl.RoleInfo (RoleInfo.java:shutdownFollowerState(121)) - f535bb4a-cba0-4f9b-9e3e-e4a48b3eda51: shutdown FollowerState
2019-10-18 11:25:31,322 [Thread-3447] INFO  impl.RaftServerImpl (RaftServerImpl.java:setRole(184)) - f535bb4a-cba0-4f9b-9e3e-e4a48b3eda51@group-7E32184879DE: changes role from  FOLLOWER to CANDIDATE at term 571 for changeToCandidate
2019-10-18 11:25:31,322 [Thread-3447] INFO  impl.RoleInfo (RoleInfo.java:updateAndGet(143)) - f535bb4a-cba0-4f9b-9e3e-e4a48b3eda51: start LeaderElection
2019-10-18 11:25:31,345 [f535bb4a-cba0-4f9b-9e3e-e4a48b3eda51@group-7E32184879DE-LeaderElection487] INFO  impl.LeaderElection (LeaderElection.java:askForVotes(178)) - f535bb4a-cba0-4f9b-9e3e-e4a48b3eda51@group-7E32184879DE-LeaderElection487: begin an election at term 572 for -1: [f535bb4a-cba0-4f9b-9e3e-e4a48b3eda51:0.0.0.0:44706, 54aabb14-4a7d-4ab3-adbe-2e67760b87f4:0.0.0.0:43074, c652e2ee-3322-4406-8db6-1ea643cb3197:0.0.0.0:42129], old=null
2019-10-18 11:25:31,346 [grpc-default-executor-0] INFO  impl.RaftServerImpl (RaftServerImpl.java:setRole(184)) - 54aabb14-4a7d-4ab3-adbe-2e67760b87f4@group-7E32184879DE: changes role from  FOLLOWER to FOLLOWER at term 572 for recognizeCandidate:f535bb4a-cba0-4f9b-9e3e-e4a48b3eda51
2019-10-18 11:25:31,346 [grpc-default-executor-1] INFO  impl.RaftServerImpl (RaftServerImpl.java:setRole(184)) - c652e2ee-3322-4406-8db6-1ea643cb3197@group-7E32184879DE: changes role from  FOLLOWER to FOLLOWER at term 572 for recognizeCandidate:f535bb4a-cba0-4f9b-9e3e-e4a48b3eda51
2019-10-18 11:25:31,347 [grpc-default-executor-0] INFO  impl.RoleInfo (RoleInfo.java:shutdownFollowerState(121)) - 54aabb14-4a7d-4ab3-adbe-2e67760b87f4: shutdown FollowerState
2019-10-18 11:25:31,347 [grpc-default-executor-1] INFO  impl.RoleInfo (RoleInfo.java:shutdownFollowerState(121)) - c652e2ee-3322-4406-8db6-1ea643cb3197: shutdown FollowerState
2019-10-18 11:25:31,347 [Thread-3445] INFO  impl.FollowerState (FollowerState.java:run(117)) - 54aabb14-4a7d-4ab3-adbe-2e67760b87f4@group-7E32184879DE-FollowerState was interrupted: java.lang.InterruptedException: sleep interrupted
2019-10-18 11:25:31,347 [Thread-3446] INFO  impl.FollowerState (FollowerState.java:run(117)) - c652e2ee-3322-4406-8db6-1ea643cb3197@group-7E32184879DE-FollowerState was interrupted: java.lang.InterruptedException: sleep interrupted
2019-10-18 11:25:31,347 [grpc-default-executor-0] INFO  impl.RoleInfo (RoleInfo.java:updateAndGet(143)) - 54aabb14-4a7d-4ab3-adbe-2e67760b87f4: start FollowerState
2019-10-18 11:25:31,347 [grpc-default-executor-1] INFO  impl.RoleInfo (RoleInfo.java:updateAndGet(143)) - c652e2ee-3322-4406-8db6-1ea643cb3197: start FollowerState
2019-10-18 11:25:31,371 [f535bb4a-cba0-4f9b-9e3e-e4a48b3eda51@group-7E32184879DE-LeaderElection487] INFO  impl.LeaderElection (LeaderElection.java:logAndReturn(56)) - f535bb4a-cba0-4f9b-9e3e-e4a48b3eda51@group-7E32184879DE-LeaderElection487: Election REJECTED; received 2 response(s) [f535bb4a-cba0-4f9b-9e3e-e4a48b3eda51<-54aabb14-4a7d-4ab3-adbe-2e67760b87f4#0:FAIL-t572, f535bb4a-cba0-4f9b-9e3e-e4a48b3eda51<-c652e2ee-3322-4406-8db6-1ea643cb3197#0:FAIL-t572] and 0 exception(s); f535bb4a-cba0-4f9b-9e3e-e4a48b3eda51@group-7E32184879DE:t572, leader=null, voted=f535bb4a-cba0-4f9b-9e3e-e4a48b3eda51, raftlog=f535bb4a-cba0-4f9b-9e3e-e4a48b3eda51@group-7E32184879DE-SegmentedRaftLog:OPENED:c-1,f-1,i0, conf=-1: [f535bb4a-cba0-4f9b-9e3e-e4a48b3eda51:0.0.0.0:44706, 54aabb14-4a7d-4ab3-adbe-2e67760b87f4:0.0.0.0:43074, c652e2ee-3322-4406-8db6-1ea643cb3197:0.0.0.0:42129], old=null
2019-10-18 11:25:31,371 [f535bb4a-cba0-4f9b-9e3e-e4a48b3eda51@group-7E32184879DE-LeaderElection487] INFO  impl.RaftServerImpl (RaftServerImpl.java:setRole(184)) - f535bb4a-cba0-4f9b-9e3e-e4a48b3eda51@group-7E32184879DE: changes role from CANDIDATE to FOLLOWER at term 572 for DISCOVERED_A_NEW_TERM
2019-10-18 11:25:31,371 [f535bb4a-cba0-4f9b-9e3e-e4a48b3eda51@group-7E32184879DE-LeaderElection487] INFO  impl.RoleInfo (RoleInfo.java:shutdownLeaderElection(134)) - f535bb4a-cba0-4f9b-9e3e-e4a48b3eda51: shutdown LeaderElection
2019-10-18 11:25:31,371 [f535bb4a-cba0-4f9b-9e3e-e4a48b3eda51@group-7E32184879DE-LeaderElection487] INFO  impl.RoleInfo (RoleInfo.java:updateAndGet(143)) - f535bb4a-cba0-4f9b-9e3e-e4a48b3eda51: start FollowerState
2019-10-18 11:25:31,457 [Thread-3453] INFO  impl.FollowerState (FollowerState.java:run(108)) - f535bb4a-cba0-4f9b-9e3e-e4a48b3eda51@group-7E32184879DE-FollowerState: change to CANDIDATE, lastRpcTime:85ms, electionTimeout:85ms
2019-10-18 11:25:31,457 [Thread-3453] INFO  impl.RoleInfo (RoleInfo.java:shutdownFollowerState(121)) - f535bb4a-cba0-4f9b-9e3e-e4a48b3eda51: shutdown FollowerState
2019-10-18 11:25:31,457 [Thread-3453] INFO  impl.RaftServerImpl (RaftServerImpl.java:setRole(184)) - f535bb4a-cba0-4f9b-9e3e-e4a48b3eda51@group-7E32184879DE: changes role from  FOLLOWER to CANDIDATE at term 572 for changeToCandidate
2019-10-18 11:25:31,457 [Thread-3453] INFO  impl.RoleInfo (RoleInfo.java:updateAndGet(143)) - f535bb4a-cba0-4f9b-9e3e-e4a48b3eda51: start LeaderElection
2019-10-18 11:25:31,487 [f535bb4a-cba0-4f9b-9e3e-e4a48b3eda51@group-7E32184879DE-LeaderElection488] INFO  impl.LeaderElection (LeaderElection.java:askForVotes(178)) - f535bb4a-cba0-4f9b-9e3e-e4a48b3eda51@group-7E32184879DE-LeaderElection488: begin an election at term 573 for -1: [f535bb4a-cba0-4f9b-9e3e-e4a48b3eda51:0.0.0.0:44706, 54aabb14-4a7d-4ab3-adbe-2e67760b87f4:0.0.0.0:43074, c652e2ee-3322-4406-8db6-1ea643cb3197:0.0.0.0:42129], old=null
2019-10-18 11:25:31,489 [grpc-default-executor-1] INFO  impl.RaftServerImpl (RaftServerImpl.java:setRole(184)) - 54aabb14-4a7d-4ab3-adbe-2e67760b87f4@group-7E32184879DE: changes role from  FOLLOWER to FOLLOWER at term 573 for recognizeCandidate:f535bb4a-cba0-4f9b-9e3e-e4a48b3eda51
2019-10-18 11:25:31,489 [grpc-default-executor-1] INFO  impl.RoleInfo (RoleInfo.java:shutdownFollowerState(121)) - 54aabb14-4a7d-4ab3-adbe-2e67760b87f4: shutdown FollowerState
2019-10-18 11:25:31,489 [grpc-default-executor-0] INFO  impl.RaftServerImpl (RaftServerImpl.java:setRole(184)) - c652e2ee-3322-4406-8db6-1ea643cb3197@group-7E32184879DE: changes role from  FOLLOWER to FOLLOWER at term 573 for recognizeCandidate:f535bb4a-cba0-4f9b-9e3e-e4a48b3eda51
2019-10-18 11:25:31,489 [grpc-default-executor-0] INFO  impl.RoleInfo (RoleInfo.java:shutdownFollowerState(121)) - c652e2ee-3322-4406-8db6-1ea643cb3197: shutdown FollowerState
2019-10-18 11:25:31,489 [Thread-3451] INFO  impl.FollowerState (FollowerState.java:run(117)) - 54aabb14-4a7d-4ab3-adbe-2e67760b87f4@group-7E32184879DE-FollowerState was interrupted: java.lang.InterruptedException: sleep interrupted
2019-10-18 11:25:31,490 [Thread-3452] INFO  impl.FollowerState (FollowerState.java:run(117)) - c652e2ee-3322-4406-8db6-1ea643cb3197@group-7E32184879DE-FollowerState was interrupted: java.lang.InterruptedException: sleep interrupted
2019-10-18 11:25:31,489 [grpc-default-executor-1] INFO  impl.RoleInfo (RoleInfo.java:updateAndGet(143)) - 54aabb14-4a7d-4ab3-adbe-2e67760b87f4: start FollowerState
2019-10-18 11:25:31,490 [grpc-default-executor-0] INFO  impl.RoleInfo (RoleInfo.java:updateAndGet(143)) - c652e2ee-3322-4406-8db6-1ea643cb3197: start FollowerState
2019-10-18 11:25:31,513 [f535bb4a-cba0-4f9b-9e3e-e4a48b3eda51@group-7E32184879DE-LeaderElection488] INFO  impl.LeaderElection (LeaderElection.java:logAndReturn(56)) - f535bb4a-cba0-4f9b-9e3e-e4a48b3eda51@group-7E32184879DE-LeaderElection488: Election REJECTED; received 2 response(s) [f535bb4a-cba0-4f9b-9e3e-e4a48b3eda51<-54aabb14-4a7d-4ab3-adbe-2e67760b87f4#0:FAIL-t573, f535bb4a-cba0-4f9b-9e3e-e4a48b3eda51<-c652e2ee-3322-4406-8db6-1ea643cb3197#0:FAIL-t573] and 0 exception(s); f535bb4a-cba0-4f9b-9e3e-e4a48b3eda51@group-7E32184879DE:t573, leader=null, voted=f535bb4a-cba0-4f9b-9e3e-e4a48b3eda51, raftlog=f535bb4a-cba0-4f9b-9e3e-e4a48b3eda51@group-7E32184879DE-SegmentedRaftLog:OPENED:c-1,f-1,i0, conf=-1: [f535bb4a-cba0-4f9b-9e3e-e4a48b3eda51:0.0.0.0:44706, 54aabb14-4a7d-4ab3-adbe-2e67760b87f4:0.0.0.0:43074, c652e2ee-3322-4406-8db6-1ea643cb3197:0.0.0.0:42129], old=null
2019-10-18 11:25:31,514 [f535bb4a-cba0-4f9b-9e3e-e4a48b3eda51@group-7E32184879DE-LeaderElection488] INFO  impl.RaftServerImpl (RaftServerImpl.java:setRole(184)) - f535bb4a-cba0-4f9b-9e3e-e4a48b3eda51@group-7E32184879DE: changes role from CANDIDATE to FOLLOWER at term 573 for DISCOVERED_A_NEW_TERM
2019-10-18 11:25:31,514 [f535bb4a-cba0-4f9b-9e3e-e4a48b3eda51@group-7E32184879DE-LeaderElection488] INFO  impl.RoleInfo (RoleInfo.java:shutdownLeaderElection(134)) - f535bb4a-cba0-4f9b-9e3e-e4a48b3eda51: shutdown LeaderElection
2019-10-18 11:25:31,514 [f535bb4a-cba0-4f9b-9e3e-e4a48b3eda51@group-7E32184879DE-LeaderElection488] INFO  impl.RoleInfo (RoleInfo.java:updateAndGet(143)) - f535bb4a-cba0-4f9b-9e3e-e4a48b3eda51: start FollowerState
2019-10-18 11:25:31,634 [Thread-3459] INFO  impl.FollowerState (FollowerState.java:run(108)) - f535bb4a-cba0-4f9b-9e3e-e4a48b3eda51@group-7E32184879DE-FollowerState: change to CANDIDATE, lastRpcTime:120ms, electionTimeout:120ms
2019-10-18 11:25:31,634 [Thread-3459] INFO  impl.RoleInfo (RoleInfo.java:shutdownFollowerState(121)) - f535bb4a-cba0-4f9b-9e3e-e4a48b3eda51: shutdown FollowerState
2019-10-18 11:25:31,635 [Thread-3459] INFO  impl.RaftServerImpl (RaftServerImpl.java:setRole(184)) - f535bb4a-cba0-4f9b-9e3e-e4a48b3eda51@group-7E32184879DE: changes role from  FOLLOWER to CANDIDATE at term 573 for changeToCandidate
2019-10-18 11:25:31,635 [Thread-3459] INFO  impl.RoleInfo (RoleInfo.java:updateAndGet(143)) - f535bb4a-cba0-4f9b-9e3e-e4a48b3eda51: start LeaderElection
2019-10-18 11:25:31,663 [f535bb4a-cba0-4f9b-9e3e-e4a48b3eda51@group-7E32184879DE-LeaderElection489] INFO  impl.LeaderElection (LeaderElection.java:askForVotes(178)) - f535bb4a-cba0-4f9b-9e3e-e4a48b3eda51@group-7E32184879DE-LeaderElection489: begin an election at term 574 for -1: [f535bb4a-cba0-4f9b-9e3e-e4a48b3eda51:0.0.0.0:44706, 54aabb14-4a7d-4ab3-adbe-2e67760b87f4:0.0.0.0:43074, c652e2ee-3322-4406-8db6-1ea643cb3197:0.0.0.0:42129], old=null
2019-10-18 11:25:31,665 [grpc-default-executor-0] INFO  impl.RaftServerImpl (RaftServerImpl.java:setRole(184)) - c652e2ee-3322-4406-8db6-1ea643cb3197@group-7E32184879DE: changes role from  FOLLOWER to FOLLOWER at term 574 for recognizeCandidate:f535bb4a-cba0-4f9b-9e3e-e4a48b3eda51
2019-10-18 11:25:31,665 [grpc-default-executor-1] INFO  impl.RaftServerImpl (RaftServerImpl.java:setRole(184)) - 54aabb14-4a7d-4ab3-adbe-2e67760b87f4@group-7E32184879DE: changes role from  FOLLOWER to FOLLOWER at term 574 for recognizeCandidate:f535bb4a-cba0-4f9b-9e3e-e4a48b3eda51
2019-10-18 11:25:31,665 [grpc-default-executor-0] INFO  impl.RoleInfo (RoleInfo.java:shutdownFollowerState(121)) - c652e2ee-3322-4406-8db6-1ea643cb3197: shutdown FollowerState
2019-10-18 11:25:31,665 [grpc-default-executor-1] INFO  impl.RoleInfo (RoleInfo.java:shutdownFollowerState(121)) - 54aabb14-4a7d-4ab3-adbe-2e67760b87f4: shutdown FollowerState
2019-10-18 11:25:31,665 [grpc-default-executor-0] INFO  impl.RoleInfo (RoleInfo.java:updateAndGet(143)) - c652e2ee-3322-4406-8db6-1ea643cb3197: start FollowerState
2019-10-18 11:25:31,665 [grpc-default-executor-1] INFO  impl.RoleInfo (RoleInfo.java:updateAndGet(143)) - 54aabb14-4a7d-4ab3-adbe-2e67760b87f4: start FollowerState
2019-10-18 11:25:31,665 [Thread-3458] INFO  impl.FollowerState (FollowerState.java:run(117)) - c652e2ee-3322-4406-8db6-1ea643cb3197@group-7E32184879DE-FollowerState was interrupted: java.lang.InterruptedException: sleep interrupted
2019-10-18 11:25:31,666 [Thread-3457] INFO  impl.FollowerState (FollowerState.java:run(117)) - 54aabb14-4a7d-4ab3-adbe-2e67760b87f4@group-7E32184879DE-FollowerState was interrupted: java.lang.InterruptedException: sleep interrupted
2019-10-18 11:25:31,689 [f535bb4a-cba0-4f9b-9e3e-e4a48b3eda51@group-7E32184879DE-LeaderElection489] INFO  impl.LeaderElection (LeaderElection.java:logAndReturn(56)) - f535bb4a-cba0-4f9b-9e3e-e4a48b3eda51@group-7E32184879DE-LeaderElection489: Election REJECTED; received 2 response(s) [f535bb4a-cba0-4f9b-9e3e-e4a48b3eda51<-54aabb14-4a7d-4ab3-adbe-2e67760b87f4#0:FAIL-t574, f535bb4a-cba0-4f9b-9e3e-e4a48b3eda51<-c652e2ee-3322-4406-8db6-1ea643cb3197#0:FAIL-t574] and 0 exception(s); f535bb4a-cba0-4f9b-9e3e-e4a48b3eda51@group-7E32184879DE:t574, leader=null, voted=f535bb4a-cba0-4f9b-9e3e-e4a48b3eda51, raftlog=f535bb4a-cba0-4f9b-9e3e-e4a48b3eda51@group-7E32184879DE-SegmentedRaftLog:OPENED:c-1,f-1,i0, conf=-1: [f535bb4a-cba0-4f9b-9e3e-e4a48b3eda51:0.0.0.0:44706, 54aabb14-4a7d-4ab3-adbe-2e67760b87f4:0.0.0.0:43074, c652e2ee-3322-4406-8db6-1ea643cb3197:0.0.0.0:42129], old=null
2019-10-18 11:25:31,689 [f535bb4a-cba0-4f9b-9e3e-e4a48b3eda51@group-7E32184879DE-LeaderElection489] INFO  impl.RaftServerImpl (RaftServerImpl.java:setRole(184)) - f535bb4a-cba0-4f9b-9e3e-e4a48b3eda51@group-7E32184879DE: changes role from CANDIDATE to FOLLOWER at term 574 for DISCOVERED_A_NEW_TERM
2019-10-18 11:25:31,689 [f535bb4a-cba0-4f9b-9e3e-e4a48b3eda51@group-7E32184879DE-LeaderElection489] INFO  impl.RoleInfo (RoleInfo.java:shutdownLeaderElection(134)) - f535bb4a-cba0-4f9b-9e3e-e4a48b3eda51: shutdown LeaderElection
2019-10-18 11:25:31,690 [f535bb4a-cba0-4f9b-9e3e-e4a48b3eda51@group-7E32184879DE-LeaderElection489] INFO  impl.RoleInfo (RoleInfo.java:updateAndGet(143)) - f535bb4a-cba0-4f9b-9e3e-e4a48b3eda51: start FollowerState
2019-10-18 11:25:31,738 [Thread-3467] INFO  impl.FollowerState (FollowerState.java:run(108)) - f535bb4a-cba0-4f9b-9e3e-e4a48b3eda51@group-7E32184879DE-FollowerState: change to CANDIDATE, lastRpcTime:48ms, electionTimeout:48ms
2019-10-18 11:25:31,738 [Thread-3467] INFO  impl.RoleInfo (RoleInfo.java:shutdownFollowerState(121)) - f535bb4a-cba0-4f9b-9e3e-e4a48b3eda51: shutdown FollowerState
2019-10-18 11:25:31,738 [Thread-3467] INFO  impl.RaftServerImpl (RaftServerImpl.java:setRole(184)) - f535bb4a-cba0-4f9b-9e3e-e4a48b3eda51@group-7E32184879DE: changes role from  FOLLOWER to CANDIDATE at term 574 for changeToCandidate
2019-10-18 11:25:31,738 [Thread-3467] INFO  impl.RoleInfo (RoleInfo.java:updateAndGet(143)) - f535bb4a-cba0-4f9b-9e3e-e4a48b3eda51: start LeaderElection
2019-10-18 11:25:31,764 [f535bb4a-cba0-4f9b-9e3e-e4a48b3eda51@group-7E32184879DE-LeaderElection490] INFO  impl.LeaderElection (LeaderElection.java:askForVotes(178)) - f535bb4a-cba0-4f9b-9e3e-e4a48b3eda51@group-7E32184879DE-LeaderElection490: begin an election at term 575 for -1: [f535bb4a-cba0-4f9b-9e3e-e4a48b3eda51:0.0.0.0:44706, 54aabb14-4a7d-4ab3-adbe-2e67760b87f4:0.0.0.0:43074, c652e2ee-3322-4406-8db6-1ea643cb3197:0.0.0.0:42129], old=null
2019-10-18 11:25:31,765 [grpc-default-executor-0] INFO  impl.RaftServerImpl (RaftServerImpl.java:setRole(184)) - 54aabb14-4a7d-4ab3-adbe-2e67760b87f4@group-7E32184879DE: changes role from  FOLLOWER to FOLLOWER at term 575 for recognizeCandidate:f535bb4a-cba0-4f9b-9e3e-e4a48b3eda51
2019-10-18 11:25:31,765 [grpc-default-executor-0] INFO  impl.RoleInfo (RoleInfo.java:shutdownFollowerState(121)) - 54aabb14-4a7d-4ab3-adbe-2e67760b87f4: shutdown FollowerState
2019-10-18 11:25:31,766 [grpc-default-executor-0] INFO  impl.RoleInfo (RoleInfo.java:updateAndGet(143)) - 54aabb14-4a7d-4ab3-adbe-2e67760b87f4: start FollowerState
2019-10-18 11:25:31,766 [Thread-3466] INFO  impl.FollowerState (FollowerState.java:run(117)) - 54aabb14-4a7d-4ab3-adbe-2e67760b87f4@group-7E32184879DE-FollowerState was interrupted: java.lang.InterruptedException: sleep interrupted
2019-10-18 11:25:31,766 [grpc-default-executor-1] INFO  impl.RaftServerImpl (RaftServerImpl.java:setRole(184)) - c652e2ee-3322-4406-8db6-1ea643cb3197@group-7E32184879DE: changes role from  FOLLOWER to FOLLOWER at term 575 for recognizeCandidate:f535bb4a-cba0-4f9b-9e3e-e4a48b3eda51
2019-10-18 11:25:31,766 [grpc-default-executor-1] INFO  impl.RoleInfo (RoleInfo.java:shutdownFollowerState(121)) - c652e2ee-3322-4406-8db6-1ea643cb3197: shutdown FollowerState
2019-10-18 11:25:31,766 [grpc-default-executor-1] INFO  impl.RoleInfo (RoleInfo.java:updateAndGet(143)) - c652e2ee-3322-4406-8db6-1ea643cb3197: start FollowerState
2019-10-18 11:25:31,766 [Thread-3465] INFO  impl.FollowerState (FollowerState.java:run(117)) - c652e2ee-3322-4406-8db6-1ea643cb3197@group-7E32184879DE-FollowerState was interrupted: java.lang.InterruptedException: sleep interrupted
2019-10-18 11:25:31,790 [f535bb4a-cba0-4f9b-9e3e-e4a48b3eda51@group-7E32184879DE-LeaderElection490] INFO  impl.LeaderElection (LeaderElection.java:logAndReturn(56)) - f535bb4a-cba0-4f9b-9e3e-e4a48b3eda51@group-7E32184879DE-LeaderElection490: Election REJECTED; received 2 response(s) [f535bb4a-cba0-4f9b-9e3e-e4a48b3eda51<-54aabb14-4a7d-4ab3-adbe-2e67760b87f4#0:FAIL-t575, f535bb4a-cba0-4f9b-9e3e-e4a48b3eda51<-c652e2ee-3322-4406-8db6-1ea643cb3197#0:FAIL-t575] and 0 exception(s); f535bb4a-cba0-4f9b-9e3e-e4a48b3eda51@group-7E32184879DE:t575, leader=null, voted=f535bb4a-cba0-4f9b-9e3e-e4a48b3eda51, raftlog=f535bb4a-cba0-4f9b-9e3e-e4a48b3eda51@group-7E32184879DE-SegmentedRaftLog:OPENED:c-1,f-1,i0, conf=-1: [f535bb4a-cba0-4f9b-9e3e-e4a48b3eda51:0.0.0.0:44706, 54aabb14-4a7d-4ab3-adbe-2e67760b87f4:0.0.0.0:43074, c652e2ee-3322-4406-8db6-1ea643cb3197:0.0.0.0:42129], old=null
2019-10-18 11:25:31,790 [f535bb4a-cba0-4f9b-9e3e-e4a48b3eda51@group-7E32184879DE-LeaderElection490] INFO  impl.RaftServerImpl (RaftServerImpl.java:setRole(184)) - f535bb4a-cba0-4f9b-9e3e-e4a48b3eda51@group-7E32184879DE: changes role from CANDIDATE to FOLLOWER at term 575 for DISCOVERED_A_NEW_TERM
2019-10-18 11:25:31,790 [f535bb4a-cba0-4f9b-9e3e-e4a48b3eda51@group-7E32184879DE-LeaderElection490] INFO  impl.RoleInfo (RoleInfo.java:shutdownLeaderElection(134)) - f535bb4a-cba0-4f9b-9e3e-e4a48b3eda51: shutdown LeaderElection
2019-10-18 11:25:31,790 [f535bb4a-cba0-4f9b-9e3e-e4a48b3eda51@group-7E32184879DE-LeaderElection490] INFO  impl.RoleInfo (RoleInfo.java:updateAndGet(143)) - f535bb4a-cba0-4f9b-9e3e-e4a48b3eda51: start FollowerState
2019-10-18 11:25:31,835 [Thread-3473] INFO  impl.FollowerState (FollowerState.java:run(108)) - f535bb4a-cba0-4f9b-9e3e-e4a48b3eda51@group-7E32184879DE-FollowerState: change to CANDIDATE, lastRpcTime:44ms, electionTimeout:44ms
2019-10-18 11:25:31,835 [Thread-3473] INFO  impl.RoleInfo (RoleInfo.java:shutdownFollowerState(121)) - f535bb4a-cba0-4f9b-9e3e-e4a48b3eda51: shutdown FollowerState
2019-10-18 11:25:31,835 [Thread-3473] INFO  impl.RaftServerImpl (RaftServerImpl.java:setRole(184)) - f535bb4a-cba0-4f9b-9e3e-e4a48b3eda51@group-7E32184879DE: changes role from  FOLLOWER to CANDIDATE at term 575 for changeToCandidate
2019-10-18 11:25:31,835 [Thread-3473] INFO  impl.RoleInfo (RoleInfo.java:updateAndGet(143)) - f535bb4a-cba0-4f9b-9e3e-e4a48b3eda51: start LeaderElection
2019-10-18 11:25:31,865 [f535bb4a-cba0-4f9b-9e3e-e4a48b3eda51@group-7E32184879DE-LeaderElection491] INFO  impl.LeaderElection (LeaderElection.java:askForVotes(178)) - f535bb4a-cba0-4f9b-9e3e-e4a48b3eda51@group-7E32184879DE-LeaderElection491: begin an election at term 576 for -1: [f535bb4a-cba0-4f9b-9e3e-e4a48b3eda51:0.0.0.0:44706, 54aabb14-4a7d-4ab3-adbe-2e67760b87f4:0.0.0.0:43074, c652e2ee-3322-4406-8db6-1ea643cb3197:0.0.0.0:42129], old=null
2019-10-18 11:25:31,866 [grpc-default-executor-1] INFO  impl.RaftServerImpl (RaftServerImpl.java:setRole(184)) - c652e2ee-3322-4406-8db6-1ea643cb3197@group-7E32184879DE: changes role from  FOLLOWER to FOLLOWER at term 576 for recognizeCandidate:f535bb4a-cba0-4f9b-9e3e-e4a48b3eda51
2019-10-18 11:25:31,866 [grpc-default-executor-0] INFO  impl.RaftServerImpl (RaftServerImpl.java:setRole(184)) - 54aabb14-4a7d-4ab3-adbe-2e67760b87f4@group-7E32184879DE: changes role from  FOLLOWER to FOLLOWER at term 576 for recognizeCandidate:f535bb4a-cba0-4f9b-9e3e-e4a48b3eda51
2019-10-18 11:25:31,866 [grpc-default-executor-1] INFO  impl.RoleInfo (RoleInfo.java:shutdownFollowerState(121)) - c652e2ee-3322-4406-8db6-1ea643cb3197: shutdown FollowerState
2019-10-18 11:25:31,867 [grpc-default-executor-0] INFO  impl.RoleInfo (RoleInfo.java:shutdownFollowerState(121)) - 54aabb14-4a7d-4ab3-adbe-2e67760b87f4: shutdown FollowerState
2019-10-18 11:25:31,867 [Thread-3472] INFO  impl.FollowerState (FollowerState.java:run(117)) - c652e2ee-3322-4406-8db6-1ea643cb3197@group-7E32184879DE-FollowerState was interrupted: java.lang.InterruptedException: sleep interrupted
2019-10-18 11:25:31,867 [grpc-default-executor-1] INFO  impl.RoleInfo (RoleInfo.java:updateAndGet(143)) - c652e2ee-3322-4406-8db6-1ea643cb3197: start FollowerState
2019-10-18 11:25:31,867 [Thread-3471] INFO  impl.FollowerState (FollowerState.java:run(117)) - 54aabb14-4a7d-4ab3-adbe-2e67760b87f4@group-7E32184879DE-FollowerState was interrupted: java.lang.InterruptedException: sleep interrupted
2019-10-18 11:25:31,867 [grpc-default-executor-0] INFO  impl.RoleInfo (RoleInfo.java:updateAndGet(143)) - 54aabb14-4a7d-4ab3-adbe-2e67760b87f4: start FollowerState
2019-10-18 11:25:31,891 [f535bb4a-cba0-4f9b-9e3e-e4a48b3eda51@group-7E32184879DE-LeaderElection491] INFO  impl.LeaderElection (LeaderElection.java:logAndReturn(56)) - f535bb4a-cba0-4f9b-9e3e-e4a48b3eda51@group-7E32184879DE-LeaderElection491: Election REJECTED; received 2 response(s) [f535bb4a-cba0-4f9b-9e3e-e4a48b3eda51<-54aabb14-4a7d-4ab3-adbe-2e67760b87f4#0:FAIL-t576, f535bb4a-cba0-4f9b-9e3e-e4a48b3eda51<-c652e2ee-3322-4406-8db6-1ea643cb3197#0:FAIL-t576] and 0 exception(s); f535bb4a-cba0-4f9b-9e3e-e4a48b3eda51@group-7E32184879DE:t576, leader=null, voted=f535bb4a-cba0-4f9b-9e3e-e4a48b3eda51, raftlog=f535bb4a-cba0-4f9b-9e3e-e4a48b3eda51@group-7E32184879DE-SegmentedRaftLog:OPENED:c-1,f-1,i0, conf=-1: [f535bb4a-cba0-4f9b-9e3e-e4a48b3eda51:0.0.0.0:44706, 54aabb14-4a7d-4ab3-adbe-2e67760b87f4:0.0.0.0:43074, c652e2ee-3322-4406-8db6-1ea643cb3197:0.0.0.0:42129], old=null
2019-10-18 11:25:31,891 [f535bb4a-cba0-4f9b-9e3e-e4a48b3eda51@group-7E32184879DE-LeaderElection491] INFO  impl.RaftServerImpl (RaftServerImpl.java:setRole(184)) - f535bb4a-cba0-4f9b-9e3e-e4a48b3eda51@group-7E32184879DE: changes role from CANDIDATE to FOLLOWER at term 576 for DISCOVERED_A_NEW_TERM
2019-10-18 11:25:31,891 [f535bb4a-cba0-4f9b-9e3e-e4a48b3eda51@group-7E32184879DE-LeaderElection491] INFO  impl.RoleInfo (RoleInfo.java:shutdownLeaderElection(134)) - f535bb4a-cba0-4f9b-9e3e-e4a48b3eda51: shutdown LeaderElection
2019-10-18 11:25:31,891 [f535bb4a-cba0-4f9b-9e3e-e4a48b3eda51@group-7E32184879DE-LeaderElection491] INFO  impl.RoleInfo (RoleInfo.java:updateAndGet(143)) - f535bb4a-cba0-4f9b-9e3e-e4a48b3eda51: start FollowerState
2019-10-18 11:25:32,007 [Thread-3479] INFO  impl.FollowerState (FollowerState.java:run(108)) - f535bb4a-cba0-4f9b-9e3e-e4a48b3eda51@group-7E32184879DE-FollowerState: change to CANDIDATE, lastRpcTime:115ms, electionTimeout:115ms
2019-10-18 11:25:32,007 [Thread-3479] INFO  impl.RoleInfo (RoleInfo.java:shutdownFollowerState(121)) - f535bb4a-cba0-4f9b-9e3e-e4a48b3eda51: shutdown FollowerState
2019-10-18 11:25:32,007 [Thread-3479] INFO  impl.RaftServerImpl (RaftServerImpl.java:setRole(184)) - f535bb4a-cba0-4f9b-9e3e-e4a48b3eda51@group-7E32184879DE: changes role from  FOLLOWER to CANDIDATE at term 576 for changeToCandidate
2019-10-18 11:25:32,007 [Thread-3479] INFO  impl.RoleInfo (RoleInfo.java:updateAndGet(143)) - f535bb4a-cba0-4f9b-9e3e-e4a48b3eda51: start LeaderElection
2019-10-18 11:25:32,032 [f535bb4a-cba0-4f9b-9e3e-e4a48b3eda51@group-7E32184879DE-LeaderElection492] INFO  impl.LeaderElection (LeaderElection.java:askForVotes(178)) - f535bb4a-cba0-4f9b-9e3e-e4a48b3eda51@group-7E32184879DE-LeaderElection492: begin an election at term 577 for -1: [f535bb4a-cba0-4f9b-9e3e-e4a48b3eda51:0.0.0.0:44706, 54aabb14-4a7d-4ab3-adbe-2e67760b87f4:0.0.0.0:43074, c652e2ee-3322-4406-8db6-1ea643cb3197:0.0.0.0:42129], old=null
2019-10-18 11:25:32,037 [grpc-default-executor-0] INFO  impl.RaftServerImpl (RaftServerImpl.java:setRole(184)) - c652e2ee-3322-4406-8db6-1ea643cb3197@group-7E32184879DE: changes role from  FOLLOWER to FOLLOWER at term 577 for recognizeCandidate:f535bb4a-cba0-4f9b-9e3e-e4a48b3eda51
2019-10-18 11:25:32,037 [grpc-default-executor-1] INFO  impl.RaftServerImpl (RaftServerImpl.java:setRole(184)) - 54aabb14-4a7d-4ab3-adbe-2e67760b87f4@group-7E32184879DE: changes role from  FOLLOWER to FOLLOWER at term 577 for recognizeCandidate:f535bb4a-cba0-4f9b-9e3e-e4a48b3eda51
2019-10-18 11:25:32,037 [grpc-default-executor-1] INFO  impl.RoleInfo (RoleInfo.java:shutdownFollowerState(121)) - 54aabb14-4a7d-4ab3-adbe-2e67760b87f4: shutdown FollowerState
2019-10-18 11:25:32,037 [grpc-default-executor-0] INFO  impl.RoleInfo (RoleInfo.java:shutdownFollowerState(121)) - c652e2ee-3322-4406-8db6-1ea643cb3197: shutdown FollowerState
2019-10-18 11:25:32,038 [Thread-3478] INFO  impl.FollowerState (FollowerState.java:run(117)) - 54aabb14-4a7d-4ab3-adbe-2e67760b87f4@group-7E32184879DE-FollowerState was interrupted: java.lang.InterruptedException: sleep interrupted
2019-10-18 11:25:32,038 [grpc-default-executor-1] INFO  impl.RoleInfo (RoleInfo.java:updateAndGet(143)) - 54aabb14-4a7d-4ab3-adbe-2e67760b87f4: start FollowerState
2019-10-18 11:25:32,038 [Thread-3477] INFO  impl.FollowerState (FollowerState.java:run(117)) - c652e2ee-3322-4406-8db6-1ea643cb3197@group-7E32184879DE-FollowerState was interrupted: java.lang.InterruptedException: sleep interrupted
2019-10-18 11:25:32,038 [grpc-default-executor-0] INFO  impl.RoleInfo (RoleInfo.java:updateAndGet(143)) - c652e2ee-3322-4406-8db6-1ea643cb3197: start FollowerState
2019-10-18 11:25:32,067 [f535bb4a-cba0-4f9b-9e3e-e4a48b3eda51@group-7E32184879DE-LeaderElection492] INFO  impl.LeaderElection (LeaderElection.java:logAndReturn(56)) - f535bb4a-cba0-4f9b-9e3e-e4a48b3eda51@group-7E32184879DE-LeaderElection492: Election REJECTED; received 2 response(s) [f535bb4a-cba0-4f9b-9e3e-e4a48b3eda51<-54aabb14-4a7d-4ab3-adbe-2e67760b87f4#0:FAIL-t577, f535bb4a-cba0-4f9b-9e3e-e4a48b3eda51<-c652e2ee-3322-4406-8db6-1ea643cb3197#0:FAIL-t577] and 0 exception(s); f535bb4a-cba0-4f9b-9e3e-e4a48b3eda51@group-7E32184879DE:t577, leader=null, voted=f535bb4a-cba0-4f9b-9e3e-e4a48b3eda51, raftlog=f535bb4a-cba0-4f9b-9e3e-e4a48b3eda51@group-7E32184879DE-SegmentedRaftLog:OPENED:c-1,f-1,i0, conf=-1: [f535bb4a-cba0-4f9b-9e3e-e4a48b3eda51:0.0.0.0:44706, 54aabb14-4a7d-4ab3-adbe-2e67760b87f4:0.0.0.0:43074, c652e2ee-3322-4406-8db6-1ea643cb3197:0.0.0.0:42129], old=null
2019-10-18 11:25:32,067 [f535bb4a-cba0-4f9b-9e3e-e4a48b3eda51@group-7E32184879DE-LeaderElection492] INFO  impl.RaftServerImpl (RaftServerImpl.java:setRole(184)) - f535bb4a-cba0-4f9b-9e3e-e4a48b3eda51@group-7E32184879DE: changes role from CANDIDATE to FOLLOWER at term 577 for DISCOVERED_A_NEW_TERM
2019-10-18 11:25:32,067 [f535bb4a-cba0-4f9b-9e3e-e4a48b3eda51@group-7E32184879DE-LeaderElection492] INFO  impl.RoleInfo (RoleInfo.java:shutdownLeaderElection(134)) - f535bb4a-cba0-4f9b-9e3e-e4a48b3eda51: shutdown LeaderElection
2019-10-18 11:25:32,067 [f535bb4a-cba0-4f9b-9e3e-e4a48b3eda51@group-7E32184879DE-LeaderElection492] INFO  impl.RoleInfo (RoleInfo.java:updateAndGet(143)) - f535bb4a-cba0-4f9b-9e3e-e4a48b3eda51: start FollowerState
2019-10-18 11:25:32,073 [Thread-3485] INFO  impl.FollowerState (FollowerState.java:run(108)) - f535bb4a-cba0-4f9b-9e3e-e4a48b3eda51@group-7E32184879DE-FollowerState: change to CANDIDATE, lastRpcTime:6ms, electionTimeout:6ms
2019-10-18 11:25:32,074 [Thread-3485] INFO  impl.RoleInfo (RoleInfo.java:shutdownFollowerState(121)) - f535bb4a-cba0-4f9b-9e3e-e4a48b3eda51: shutdown FollowerState
2019-10-18 11:25:32,074 [Thread-3485] INFO  impl.RaftServerImpl (RaftServerImpl.java:setRole(184)) - f535bb4a-cba0-4f9b-9e3e-e4a48b3eda51@group-7E32184879DE: changes role from  FOLLOWER to CANDIDATE at term 577 for changeToCandidate
2019-10-18 11:25:32,074 [Thread-3485] INFO  impl.RoleInfo (RoleInfo.java:updateAndGet(143)) - f535bb4a-cba0-4f9b-9e3e-e4a48b3eda51: start LeaderElection
2019-10-18 11:25:32,100 [f535bb4a-cba0-4f9b-9e3e-e4a48b3eda51@group-7E32184879DE-LeaderElection493] INFO  impl.LeaderElection (LeaderElection.java:askForVotes(178)) - f535bb4a-cba0-4f9b-9e3e-e4a48b3eda51@group-7E32184879DE-LeaderElection493: begin an election at term 578 for -1: [f535bb4a-cba0-4f9b-9e3e-e4a48b3eda51:0.0.0.0:44706, 54aabb14-4a7d-4ab3-adbe-2e67760b87f4:0.0.0.0:43074, c652e2ee-3322-4406-8db6-1ea643cb3197:0.0.0.0:42129], old=null
2019-10-18 11:25:32,101 [grpc-default-executor-0] INFO  impl.RaftServerImpl (RaftServerImpl.java:setRole(184)) - 54aabb14-4a7d-4ab3-adbe-2e67760b87f4@group-7E32184879DE: changes role from  FOLLOWER to FOLLOWER at term 578 for recognizeCandidate:f535bb4a-cba0-4f9b-9e3e-e4a48b3eda51
2019-10-18 11:25:32,101 [grpc-default-executor-1] INFO  impl.RaftServerImpl (RaftServerImpl.java:setRole(184)) - c652e2ee-3322-4406-8db6-1ea643cb3197@group-7E32184879DE: changes role from  FOLLOWER to FOLLOWER at term 578 for recognizeCandidate:f535bb4a-cba0-4f9b-9e3e-e4a48b3eda51
2019-10-18 11:25:32,101 [grpc-default-executor-0] INFO  impl.RoleInfo (RoleInfo.java:shutdownFollowerState(121)) - 54aabb14-4a7d-4ab3-adbe-2e67760b87f4: shutdown FollowerState
2019-10-18 11:25:32,102 [grpc-default-executor-1] INFO  impl.RoleInfo (RoleInfo.java:shutdownFollowerState(121)) - c652e2ee-3322-4406-8db6-1ea643cb3197: shutdown FollowerState
2019-10-18 11:25:32,102 [Thread-3483] INFO  impl.FollowerState (FollowerState.java:run(117)) - 54aabb14-4a7d-4ab3-adbe-2e67760b87f4@group-7E32184879DE-FollowerState was interrupted: java.lang.InterruptedException: sleep interrupted
2019-10-18 11:25:32,102 [Thread-3484] INFO  impl.FollowerState (FollowerState.java:run(117)) - c652e2ee-3322-4406-8db6-1ea643cb3197@group-7E32184879DE-FollowerState was interrupted: java.lang.InterruptedException: sleep interrupted
2019-10-18 11:25:32,102 [grpc-default-executor-0] INFO  impl.RoleInfo (RoleInfo.java:updateAndGet(143)) - 54aabb14-4a7d-4ab3-adbe-2e67760b87f4: start FollowerState
2019-10-18 11:25:32,102 [grpc-default-executor-1] INFO  impl.RoleInfo (RoleInfo.java:updateAndGet(143)) - c652e2ee-3322-4406-8db6-1ea643cb3197: start FollowerState
2019-10-18 11:25:32,127 [f535bb4a-cba0-4f9b-9e3e-e4a48b3eda51@group-7E32184879DE-LeaderElection493] INFO  impl.LeaderElection (LeaderElection.java:logAndReturn(56)) - f535bb4a-cba0-4f9b-9e3e-e4a48b3eda51@group-7E32184879DE-LeaderElection493: Election REJECTED; received 2 response(s) [f535bb4a-cba0-4f9b-9e3e-e4a48b3eda51<-54aabb14-4a7d-4ab3-adbe-2e67760b87f4#0:FAIL-t578, f535bb4a-cba0-4f9b-9e3e-e4a48b3eda51<-c652e2ee-3322-4406-8db6-1ea643cb3197#0:FAIL-t578] and 0 exception(s); f535bb4a-cba0-4f9b-9e3e-e4a48b3eda51@group-7E32184879DE:t578, leader=null, voted=f535bb4a-cba0-4f9b-9e3e-e4a48b3eda51, raftlog=f535bb4a-cba0-4f9b-9e3e-e4a48b3eda51@group-7E32184879DE-SegmentedRaftLog:OPENED:c-1,f-1,i0, conf=-1: [f535bb4a-cba0-4f9b-9e3e-e4a48b3eda51:0.0.0.0:44706, 54aabb14-4a7d-4ab3-adbe-2e67760b87f4:0.0.0.0:43074, c652e2ee-3322-4406-8db6-1ea643cb3197:0.0.0.0:42129], old=null
2019-10-18 11:25:32,127 [f535bb4a-cba0-4f9b-9e3e-e4a48b3eda51@group-7E32184879DE-LeaderElection493] INFO  impl.RaftServerImpl (RaftServerImpl.java:setRole(184)) - f535bb4a-cba0-4f9b-9e3e-e4a48b3eda51@group-7E32184879DE: changes role from CANDIDATE to FOLLOWER at term 578 for DISCOVERED_A_NEW_TERM
2019-10-18 11:25:32,127 [f535bb4a-cba0-4f9b-9e3e-e4a48b3eda51@group-7E32184879DE-LeaderElection493] INFO  impl.RoleInfo (RoleInfo.java:shutdownLeaderElection(134)) - f535bb4a-cba0-4f9b-9e3e-e4a48b3eda51: shutdown LeaderElection
2019-10-18 11:25:32,127 [f535bb4a-cba0-4f9b-9e3e-e4a48b3eda51@group-7E32184879DE-LeaderElection493] INFO  impl.RoleInfo (RoleInfo.java:updateAndGet(143)) - f535bb4a-cba0-4f9b-9e3e-e4a48b3eda51: start FollowerState
2019-10-18 11:25:32,247 [Thread-3491] INFO  impl.FollowerState (FollowerState.java:run(108)) - f535bb4a-cba0-4f9b-9e3e-e4a48b3eda51@group-7E32184879DE-FollowerState: change to CANDIDATE, lastRpcTime:119ms, electionTimeout:119ms
2019-10-18 11:25:32,247 [Thread-3491] INFO  impl.RoleInfo (RoleInfo.java:shutdownFollowerState(121)) - f535bb4a-cba0-4f9b-9e3e-e4a48b3eda51: shutdown FollowerState
2019-10-18 11:25:32,247 [Thread-3491] INFO  impl.RaftServerImpl (RaftServerImpl.java:setRole(184)) - f535bb4a-cba0-4f9b-9e3e-e4a48b3eda51@group-7E32184879DE: changes role from  FOLLOWER to CANDIDATE at term 578 for changeToCandidate
2019-10-18 11:25:32,247 [Thread-3491] INFO  impl.RoleInfo (RoleInfo.java:updateAndGet(143)) - f535bb4a-cba0-4f9b-9e3e-e4a48b3eda51: start LeaderElection
2019-10-18 11:25:32,276 [f535bb4a-cba0-4f9b-9e3e-e4a48b3eda51@group-7E32184879DE-LeaderElection494] INFO  impl.LeaderElection (LeaderElection.java:askForVotes(178)) - f535bb4a-cba0-4f9b-9e3e-e4a48b3eda51@group-7E32184879DE-LeaderElection494: begin an election at term 579 for -1: [f535bb4a-cba0-4f9b-9e3e-e4a48b3eda51:0.0.0.0:44706, 54aabb14-4a7d-4ab3-adbe-2e67760b87f4:0.0.0.0:43074, c652e2ee-3322-4406-8db6-1ea643cb3197:0.0.0.0:42129], old=null
2019-10-18 11:25:32,278 [grpc-default-executor-0] INFO  impl.RaftServerImpl (RaftServerImpl.java:setRole(184)) - 54aabb14-4a7d-4ab3-adbe-2e67760b87f4@group-7E32184879DE: changes role from  FOLLOWER to FOLLOWER at term 579 for recognizeCandidate:f535bb4a-cba0-4f9b-9e3e-e4a48b3eda51
2019-10-18 11:25:32,278 [grpc-default-executor-0] INFO  impl.RoleInfo (RoleInfo.java:shutdownFollowerState(121)) - 54aabb14-4a7d-4ab3-adbe-2e67760b87f4: shutdown FollowerState
2019-10-18 11:25:32,278 [grpc-default-executor-1] INFO  impl.RaftServerImpl (RaftServerImpl.java:setRole(184)) - c652e2ee-3322-4406-8db6-1ea643cb3197@group-7E32184879DE: changes role from  FOLLOWER to FOLLOWER at term 579 for recognizeCandidate:f535bb4a-cba0-4f9b-9e3e-e4a48b3eda51
2019-10-18 11:25:32,279 [grpc-default-executor-1] INFO  impl.RoleInfo (RoleInfo.java:shutdownFollowerState(121)) - c652e2ee-3322-4406-8db6-1ea643cb3197: shutdown FollowerState
2019-10-18 11:25:32,278 [grpc-default-executor-0] INFO  impl.RoleInfo (RoleInfo.java:updateAndGet(143)) - 54aabb14-4a7d-4ab3-adbe-2e67760b87f4: start FollowerState
2019-10-18 11:25:32,279 [Thread-3490] INFO  impl.FollowerState (FollowerState.java:run(117)) - c652e2ee-3322-4406-8db6-1ea643cb3197@group-7E32184879DE-FollowerState was interrupted: java.lang.InterruptedException: sleep interrupted
2019-10-18 11:25:32,279 [grpc-default-executor-1] INFO  impl.RoleInfo (RoleInfo.java:updateAndGet(143)) - c652e2ee-3322-4406-8db6-1ea643cb3197: start FollowerState
2019-10-18 11:25:32,279 [Thread-3489] INFO  impl.FollowerState (FollowerState.java:run(117)) - 54aabb14-4a7d-4ab3-adbe-2e67760b87f4@group-7E32184879DE-FollowerState was interrupted: java.lang.InterruptedException: sleep interrupted
2019-10-18 11:25:32,302 [f535bb4a-cba0-4f9b-9e3e-e4a48b3eda51@group-7E32184879DE-LeaderElection494] INFO  impl.LeaderElection (LeaderElection.java:logAndReturn(56)) - f535bb4a-cba0-4f9b-9e3e-e4a48b3eda51@group-7E32184879DE-LeaderElection494: Election REJECTED; received 2 response(s) [f535bb4a-cba0-4f9b-9e3e-e4a48b3eda51<-54aabb14-4a7d-4ab3-adbe-2e67760b87f4#0:FAIL-t579, f535bb4a-cba0-4f9b-9e3e-e4a48b3eda51<-c652e2ee-3322-4406-8db6-1ea643cb3197#0:FAIL-t579] and 0 exception(s); f535bb4a-cba0-4f9b-9e3e-e4a48b3eda51@group-7E32184879DE:t579, leader=null, voted=f535bb4a-cba0-4f9b-9e3e-e4a48b3eda51, raftlog=f535bb4a-cba0-4f9b-9e3e-e4a48b3eda51@group-7E32184879DE-SegmentedRaftLog:OPENED:c-1,f-1,i0, conf=-1: [f535bb4a-cba0-4f9b-9e3e-e4a48b3eda51:0.0.0.0:44706, 54aabb14-4a7d-4ab3-adbe-2e67760b87f4:0.0.0.0:43074, c652e2ee-3322-4406-8db6-1ea643cb3197:0.0.0.0:42129], old=null
2019-10-18 11:25:32,302 [f535bb4a-cba0-4f9b-9e3e-e4a48b3eda51@group-7E32184879DE-LeaderElection494] INFO  impl.RaftServerImpl (RaftServerImpl.java:setRole(184)) - f535bb4a-cba0-4f9b-9e3e-e4a48b3eda51@group-7E32184879DE: changes role from CANDIDATE to FOLLOWER at term 579 for DISCOVERED_A_NEW_TERM
2019-10-18 11:25:32,303 [f535bb4a-cba0-4f9b-9e3e-e4a48b3eda51@group-7E32184879DE-LeaderElection494] INFO  impl.RoleInfo (RoleInfo.java:shutdownLeaderElection(134)) - f535bb4a-cba0-4f9b-9e3e-e4a48b3eda51: shutdown LeaderElection
2019-10-18 11:25:32,303 [f535bb4a-cba0-4f9b-9e3e-e4a48b3eda51@group-7E32184879DE-LeaderElection494] INFO  impl.RoleInfo (RoleInfo.java:updateAndGet(143)) - f535bb4a-cba0-4f9b-9e3e-e4a48b3eda51: start FollowerState
2019-10-18 11:25:32,494 [Thread-3497] INFO  impl.FollowerState (FollowerState.java:run(108)) - f535bb4a-cba0-4f9b-9e3e-e4a48b3eda51@group-7E32184879DE-FollowerState: change to CANDIDATE, lastRpcTime:191ms, electionTimeout:191ms
2019-10-18 11:25:32,494 [Thread-3497] INFO  impl.RoleInfo (RoleInfo.java:shutdownFollowerState(121)) - f535bb4a-cba0-4f9b-9e3e-e4a48b3eda51: shutdown FollowerState
2019-10-18 11:25:32,494 [Thread-3497] INFO  impl.RaftServerImpl (RaftServerImpl.java:setRole(184)) - f535bb4a-cba0-4f9b-9e3e-e4a48b3eda51@group-7E32184879DE: changes role from  FOLLOWER to CANDIDATE at term 579 for changeToCandidate
2019-10-18 11:25:32,494 [Thread-3497] INFO  impl.RoleInfo (RoleInfo.java:updateAndGet(143)) - f535bb4a-cba0-4f9b-9e3e-e4a48b3eda51: start LeaderElection
2019-10-18 11:25:32,519 [f535bb4a-cba0-4f9b-9e3e-e4a48b3eda51@group-7E32184879DE-LeaderElection495] INFO  impl.LeaderElection (LeaderElection.java:askForVotes(178)) - f535bb4a-cba0-4f9b-9e3e-e4a48b3eda51@group-7E32184879DE-LeaderElection495: begin an election at term 580 for -1: [f535bb4a-cba0-4f9b-9e3e-e4a48b3eda51:0.0.0.0:44706, 54aabb14-4a7d-4ab3-adbe-2e67760b87f4:0.0.0.0:43074, c652e2ee-3322-4406-8db6-1ea643cb3197:0.0.0.0:42129], old=null
2019-10-18 11:25:32,520 [grpc-default-executor-1] INFO  impl.RaftServerImpl (RaftServerImpl.java:setRole(184)) - 54aabb14-4a7d-4ab3-adbe-2e67760b87f4@group-7E32184879DE: changes role from  FOLLOWER to FOLLOWER at term 580 for recognizeCandidate:f535bb4a-cba0-4f9b-9e3e-e4a48b3eda51
2019-10-18 11:25:32,520 [grpc-default-executor-1] INFO  impl.RoleInfo (RoleInfo.java:shutdownFollowerState(121)) - 54aabb14-4a7d-4ab3-adbe-2e67760b87f4: shutdown FollowerState
2019-10-18 11:25:32,520 [grpc-default-executor-0] INFO  impl.RaftServerImpl (RaftServerImpl.java:setRole(184)) - c652e2ee-3322-4406-8db6-1ea643cb3197@group-7E32184879DE: changes role from  FOLLOWER to FOLLOWER at term 580 for recognizeCandidate:f535bb4a-cba0-4f9b-9e3e-e4a48b3eda51
2019-10-18 11:25:32,521 [Thread-3495] INFO  impl.FollowerState (FollowerState.java:run(117)) - 54aabb14-4a7d-4ab3-adbe-2e67760b87f4@group-7E32184879DE-FollowerState was interrupted: java.lang.InterruptedException: sleep interrupted
2019-10-18 11:25:32,520 [grpc-default-executor-1] INFO  impl.RoleInfo (RoleInfo.java:updateAndGet(143)) - 54aabb14-4a7d-4ab3-adbe-2e67760b87f4: start FollowerState
2019-10-18 11:25:32,521 [grpc-default-executor-0] INFO  impl.RoleInfo (RoleInfo.java:shutdownFollowerState(121)) - c652e2ee-3322-4406-8db6-1ea643cb3197: shutdown FollowerState
2019-10-18 11:25:32,521 [grpc-default-executor-0] INFO  impl.RoleInfo (RoleInfo.java:updateAndGet(143)) - c652e2ee-3322-4406-8db6-1ea643cb3197: start FollowerState
2019-10-18 11:25:32,521 [Thread-3496] INFO  impl.FollowerState (FollowerState.java:run(117)) - c652e2ee-3322-4406-8db6-1ea643cb3197@group-7E32184879DE-FollowerState was interrupted: java.lang.InterruptedException: sleep interrupted
2019-10-18 11:25:32,545 [f535bb4a-cba0-4f9b-9e3e-e4a48b3eda51@group-7E32184879DE-LeaderElection495] INFO  impl.LeaderElection (LeaderElection.java:logAndReturn(56)) - f535bb4a-cba0-4f9b-9e3e-e4a48b3eda51@group-7E32184879DE-LeaderElection495: Election REJECTED; received 2 response(s) [f535bb4a-cba0-4f9b-9e3e-e4a48b3eda51<-54aabb14-4a7d-4ab3-adbe-2e67760b87f4#0:FAIL-t580, f535bb4a-cba0-4f9b-9e3e-e4a48b3eda51<-c652e2ee-3322-4406-8db6-1ea643cb3197#0:FAIL-t580] and 0 exception(s); f535bb4a-cba0-4f9b-9e3e-e4a48b3eda51@group-7E32184879DE:t580, leader=null, voted=f535bb4a-cba0-4f9b-9e3e-e4a48b3eda51, raftlog=f535bb4a-cba0-4f9b-9e3e-e4a48b3eda51@group-7E32184879DE-SegmentedRaftLog:OPENED:c-1,f-1,i0, conf=-1: [f535bb4a-cba0-4f9b-9e3e-e4a48b3eda51:0.0.0.0:44706, 54aabb14-4a7d-4ab3-adbe-2e67760b87f4:0.0.0.0:43074, c652e2ee-3322-4406-8db6-1ea643cb3197:0.0.0.0:42129], old=null
2019-10-18 11:25:32,545 [f535bb4a-cba0-4f9b-9e3e-e4a48b3eda51@group-7E32184879DE-LeaderElection495] INFO  impl.RaftServerImpl (RaftServerImpl.java:setRole(184)) - f535bb4a-cba0-4f9b-9e3e-e4a48b3eda51@group-7E32184879DE: changes role from CANDIDATE to FOLLOWER at term 580 for DISCOVERED_A_NEW_TERM
2019-10-18 11:25:32,545 [f535bb4a-cba0-4f9b-9e3e-e4a48b3eda51@group-7E32184879DE-LeaderElection495] INFO  impl.RoleInfo (RoleInfo.java:shutdownLeaderElection(134)) - f535bb4a-cba0-4f9b-9e3e-e4a48b3eda51: shutdown LeaderElection
2019-10-18 11:25:32,545 [f535bb4a-cba0-4f9b-9e3e-e4a48b3eda51@group-7E32184879DE-LeaderElection495] INFO  impl.RoleInfo (RoleInfo.java:updateAndGet(143)) - f535bb4a-cba0-4f9b-9e3e-e4a48b3eda51: start FollowerState
2019-10-18 11:25:32,615 [Thread-3503] INFO  impl.FollowerState (FollowerState.java:run(108)) - f535bb4a-cba0-4f9b-9e3e-e4a48b3eda51@group-7E32184879DE-FollowerState: change to CANDIDATE, lastRpcTime:69ms, electionTimeout:69ms
2019-10-18 11:25:32,615 [Thread-3503] INFO  impl.RoleInfo (RoleInfo.java:shutdownFollowerState(121)) - f535bb4a-cba0-4f9b-9e3e-e4a48b3eda51: shutdown FollowerState
2019-10-18 11:25:32,615 [Thread-3503] INFO  impl.RaftServerImpl (RaftServerImpl.java:setRole(184)) - f535bb4a-cba0-4f9b-9e3e-e4a48b3eda51@group-7E32184879DE: changes role from  FOLLOWER to CANDIDATE at term 580 for changeToCandidate
2019-10-18 11:25:32,615 [Thread-3503] INFO  impl.RoleInfo (RoleInfo.java:updateAndGet(143)) - f535bb4a-cba0-4f9b-9e3e-e4a48b3eda51: start LeaderElection
2019-10-18 11:25:32,645 [f535bb4a-cba0-4f9b-9e3e-e4a48b3eda51@group-7E32184879DE-LeaderElection496] INFO  impl.LeaderElection (LeaderElection.java:askForVotes(178)) - f535bb4a-cba0-4f9b-9e3e-e4a48b3eda51@group-7E32184879DE-LeaderElection496: begin an election at term 581 for -1: [f535bb4a-cba0-4f9b-9e3e-e4a48b3eda51:0.0.0.0:44706, 54aabb14-4a7d-4ab3-adbe-2e67760b87f4:0.0.0.0:43074, c652e2ee-3322-4406-8db6-1ea643cb3197:0.0.0.0:42129], old=null
2019-10-18 11:25:32,646 [grpc-default-executor-1] INFO  impl.RaftServerImpl (RaftServerImpl.java:setRole(184)) - 54aabb14-4a7d-4ab3-adbe-2e67760b87f4@group-7E32184879DE: changes role from  FOLLOWER to FOLLOWER at term 581 for recognizeCandidate:f535bb4a-cba0-4f9b-9e3e-e4a48b3eda51
2019-10-18 11:25:32,647 [grpc-default-executor-1] INFO  impl.RoleInfo (RoleInfo.java:shutdownFollowerState(121)) - 54aabb14-4a7d-4ab3-adbe-2e67760b87f4: shutdown FollowerState
2019-10-18 11:25:32,647 [grpc-default-executor-0] INFO  impl.RaftServerImpl (RaftServerImpl.java:setRole(184)) - c652e2ee-3322-4406-8db6-1ea643cb3197@group-7E32184879DE: changes role from  FOLLOWER to FOLLOWER at term 581 for recognizeCandidate:f535bb4a-cba0-4f9b-9e3e-e4a48b3eda51
2019-10-18 11:25:32,647 [grpc-default-executor-0] INFO  impl.RoleInfo (RoleInfo.java:shutdownFollowerState(121)) - c652e2ee-3322-4406-8db6-1ea643cb3197: shutdown FollowerState
2019-10-18 11:25:32,647 [Thread-3501] INFO  impl.FollowerState (FollowerState.java:run(117)) - 54aabb14-4a7d-4ab3-adbe-2e67760b87f4@group-7E32184879DE-FollowerState was interrupted: java.lang.InterruptedException: sleep interrupted
2019-10-18 11:25:32,647 [grpc-default-executor-1] INFO  impl.RoleInfo (RoleInfo.java:updateAndGet(143)) - 54aabb14-4a7d-4ab3-adbe-2e67760b87f4: start FollowerState
2019-10-18 11:25:32,647 [Thread-3502] INFO  impl.FollowerState (FollowerState.java:run(117)) - c652e2ee-3322-4406-8db6-1ea643cb3197@group-7E32184879DE-FollowerState was interrupted: java.lang.InterruptedException: sleep interrupted
2019-10-18 11:25:32,647 [grpc-default-executor-0] INFO  impl.RoleInfo (RoleInfo.java:updateAndGet(143)) - c652e2ee-3322-4406-8db6-1ea643cb3197: start FollowerState
2019-10-18 11:25:32,670 [f535bb4a-cba0-4f9b-9e3e-e4a48b3eda51@group-7E32184879DE-LeaderElection496] INFO  impl.LeaderElection (LeaderElection.java:logAndReturn(56)) - f535bb4a-cba0-4f9b-9e3e-e4a48b3eda51@group-7E32184879DE-LeaderElection496: Election REJECTED; received 2 response(s) [f535bb4a-cba0-4f9b-9e3e-e4a48b3eda51<-54aabb14-4a7d-4ab3-adbe-2e67760b87f4#0:FAIL-t581, f535bb4a-cba0-4f9b-9e3e-e4a48b3eda51<-c652e2ee-3322-4406-8db6-1ea643cb3197#0:FAIL-t581] and 0 exception(s); f535bb4a-cba0-4f9b-9e3e-e4a48b3eda51@group-7E32184879DE:t581, leader=null, voted=f535bb4a-cba0-4f9b-9e3e-e4a48b3eda51, raftlog=f535bb4a-cba0-4f9b-9e3e-e4a48b3eda51@group-7E32184879DE-SegmentedRaftLog:OPENED:c-1,f-1,i0, conf=-1: [f535bb4a-cba0-4f9b-9e3e-e4a48b3eda51:0.0.0.0:44706, 54aabb14-4a7d-4ab3-adbe-2e67760b87f4:0.0.0.0:43074, c652e2ee-3322-4406-8db6-1ea643cb3197:0.0.0.0:42129], old=null
2019-10-18 11:25:32,671 [f535bb4a-cba0-4f9b-9e3e-e4a48b3eda51@group-7E32184879DE-LeaderElection496] INFO  impl.RaftServerImpl (RaftServerImpl.java:setRole(184)) - f535bb4a-cba0-4f9b-9e3e-e4a48b3eda51@group-7E32184879DE: changes role from CANDIDATE to FOLLOWER at term 581 for DISCOVERED_A_NEW_TERM
2019-10-18 11:25:32,671 [f535bb4a-cba0-4f9b-9e3e-e4a48b3eda51@group-7E32184879DE-LeaderElection496] INFO  impl.RoleInfo (RoleInfo.java:shutdownLeaderElection(134)) - f535bb4a-cba0-4f9b-9e3e-e4a48b3eda51: shutdown LeaderElection
2019-10-18 11:25:32,671 [f535bb4a-cba0-4f9b-9e3e-e4a48b3eda51@group-7E32184879DE-LeaderElection496] INFO  impl.RoleInfo (RoleInfo.java:updateAndGet(143)) - f535bb4a-cba0-4f9b-9e3e-e4a48b3eda51: start FollowerState
2019-10-18 11:25:32,711 [Thread-3511] INFO  impl.FollowerState (FollowerState.java:run(108)) - f535bb4a-cba0-4f9b-9e3e-e4a48b3eda51@group-7E32184879DE-FollowerState: change to CANDIDATE, lastRpcTime:40ms, electionTimeout:40ms
2019-10-18 11:25:32,711 [Thread-3511] INFO  impl.RoleInfo (RoleInfo.java:shutdownFollowerState(121)) - f535bb4a-cba0-4f9b-9e3e-e4a48b3eda51: shutdown FollowerState
2019-10-18 11:25:32,712 [Thread-3511] INFO  impl.RaftServerImpl (RaftServerImpl.java:setRole(184)) - f535bb4a-cba0-4f9b-9e3e-e4a48b3eda51@group-7E32184879DE: changes role from  FOLLOWER to CANDIDATE at term 581 for changeToCandidate
2019-10-18 11:25:32,712 [Thread-3511] INFO  impl.RoleInfo (RoleInfo.java:updateAndGet(143)) - f535bb4a-cba0-4f9b-9e3e-e4a48b3eda51: start LeaderElection
2019-10-18 11:25:32,737 [f535bb4a-cba0-4f9b-9e3e-e4a48b3eda51@group-7E32184879DE-LeaderElection497] INFO  impl.LeaderElection (LeaderElection.java:askForVotes(178)) - f535bb4a-cba0-4f9b-9e3e-e4a48b3eda51@group-7E32184879DE-LeaderElection497: begin an election at term 582 for -1: [f535bb4a-cba0-4f9b-9e3e-e4a48b3eda51:0.0.0.0:44706, 54aabb14-4a7d-4ab3-adbe-2e67760b87f4:0.0.0.0:43074, c652e2ee-3322-4406-8db6-1ea643cb3197:0.0.0.0:42129], old=null
2019-10-18 11:25:32,739 [grpc-default-executor-1] INFO  impl.RaftServerImpl (RaftServerImpl.java:setRole(184)) - 54aabb14-4a7d-4ab3-adbe-2e67760b87f4@group-7E32184879DE: changes role from  FOLLOWER to FOLLOWER at term 582 for recognizeCandidate:f535bb4a-cba0-4f9b-9e3e-e4a48b3eda51
2019-10-18 11:25:32,739 [grpc-default-executor-0] INFO  impl.RaftServerImpl (RaftServerImpl.java:setRole(184)) - c652e2ee-3322-4406-8db6-1ea643cb3197@group-7E32184879DE: changes role from  FOLLOWER to FOLLOWER at term 582 for recognizeCandidate:f535bb4a-cba0-4f9b-9e3e-e4a48b3eda51
2019-10-18 11:25:32,739 [grpc-default-executor-0] INFO  impl.RoleInfo (RoleInfo.java:shutdownFollowerState(121)) - c652e2ee-3322-4406-8db6-1ea643cb3197: shutdown FollowerState
2019-10-18 11:25:32,739 [grpc-default-executor-1] INFO  impl.RoleInfo (RoleInfo.java:shutdownFollowerState(121)) - 54aabb14-4a7d-4ab3-adbe-2e67760b87f4: shutdown FollowerState
2019-10-18 11:25:32,740 [grpc-default-executor-1] INFO  impl.RoleInfo (RoleInfo.java:updateAndGet(143)) - 54aabb14-4a7d-4ab3-adbe-2e67760b87f4: start FollowerState
2019-10-18 11:25:32,740 [Thread-3510] INFO  impl.FollowerState (FollowerState.java:run(117)) - c652e2ee-3322-4406-8db6-1ea643cb3197@group-7E32184879DE-FollowerState was interrupted: java.lang.InterruptedException: sleep interrupted
2019-10-18 11:25:32,739 [grpc-default-executor-0] INFO  impl.RoleInfo (RoleInfo.java:updateAndGet(143)) - c652e2ee-3322-4406-8db6-1ea643cb3197: start FollowerState
2019-10-18 11:25:32,740 [Thread-3509] INFO  impl.FollowerState (FollowerState.java:run(117)) - 54aabb14-4a7d-4ab3-adbe-2e67760b87f4@group-7E32184879DE-FollowerState was interrupted: java.lang.InterruptedException: sleep interrupted
2019-10-18 11:25:32,763 [f535bb4a-cba0-4f9b-9e3e-e4a48b3eda51@group-7E32184879DE-LeaderElection497] INFO  impl.LeaderElection (LeaderElection.java:logAndReturn(56)) - f535bb4a-cba0-4f9b-9e3e-e4a48b3eda51@group-7E32184879DE-LeaderElection497: Election REJECTED; received 2 response(s) [f535bb4a-cba0-4f9b-9e3e-e4a48b3eda51<-54aabb14-4a7d-4ab3-adbe-2e67760b87f4#0:FAIL-t582, f535bb4a-cba0-4f9b-9e3e-e4a48b3eda51<-c652e2ee-3322-4406-8db6-1ea643cb3197#0:FAIL-t582] and 0 exception(s); f535bb4a-cba0-4f9b-9e3e-e4a48b3eda51@group-7E32184879DE:t582, leader=null, voted=f535bb4a-cba0-4f9b-9e3e-e4a48b3eda51, raftlog=f535bb4a-cba0-4f9b-9e3e-e4a48b3eda51@group-7E32184879DE-SegmentedRaftLog:OPENED:c-1,f-1,i0, conf=-1: [f535bb4a-cba0-4f9b-9e3e-e4a48b3eda51:0.0.0.0:44706, 54aabb14-4a7d-4ab3-adbe-2e67760b87f4:0.0.0.0:43074, c652e2ee-3322-4406-8db6-1ea643cb3197:0.0.0.0:42129], old=null
2019-10-18 11:25:32,763 [f535bb4a-cba0-4f9b-9e3e-e4a48b3eda51@group-7E32184879DE-LeaderElection497] INFO  impl.RaftServerImpl (RaftServerImpl.java:setRole(184)) - f535bb4a-cba0-4f9b-9e3e-e4a48b3eda51@group-7E32184879DE: changes role from CANDIDATE to FOLLOWER at term 582 for DISCOVERED_A_NEW_TERM
2019-10-18 11:25:32,763 [f535bb4a-cba0-4f9b-9e3e-e4a48b3eda51@group-7E32184879DE-LeaderElection497] INFO  impl.RoleInfo (RoleInfo.java:shutdownLeaderElection(134)) - f535bb4a-cba0-4f9b-9e3e-e4a48b3eda51: shutdown LeaderElection
2019-10-18 11:25:32,763 [f535bb4a-cba0-4f9b-9e3e-e4a48b3eda51@group-7E32184879DE-LeaderElection497] INFO  impl.RoleInfo (RoleInfo.java:updateAndGet(143)) - f535bb4a-cba0-4f9b-9e3e-e4a48b3eda51: start FollowerState
2019-10-18 11:25:32,877 [Thread-3517] INFO  impl.FollowerState (FollowerState.java:run(108)) - f535bb4a-cba0-4f9b-9e3e-e4a48b3eda51@group-7E32184879DE-FollowerState: change to CANDIDATE, lastRpcTime:113ms, electionTimeout:113ms
2019-10-18 11:25:32,877 [Thread-3517] INFO  impl.RoleInfo (RoleInfo.java:shutdownFollowerState(121)) - f535bb4a-cba0-4f9b-9e3e-e4a48b3eda51: shutdown FollowerState
2019-10-18 11:25:32,877 [Thread-3517] INFO  impl.RaftServerImpl (RaftServerImpl.java:setRole(184)) - f535bb4a-cba0-4f9b-9e3e-e4a48b3eda51@group-7E32184879DE: changes role from  FOLLOWER to CANDIDATE at term 582 for changeToCandidate
2019-10-18 11:25:32,877 [Thread-3517] INFO  impl.RoleInfo (RoleInfo.java:updateAndGet(143)) - f535bb4a-cba0-4f9b-9e3e-e4a48b3eda51: start LeaderElection
2019-10-18 11:25:32,913 [f535bb4a-cba0-4f9b-9e3e-e4a48b3eda51@group-7E32184879DE-LeaderElection498] INFO  impl.LeaderElection (LeaderElection.java:askForVotes(178)) - f535bb4a-cba0-4f9b-9e3e-e4a48b3eda51@group-7E32184879DE-LeaderElection498: begin an election at term 583 for -1: [f535bb4a-cba0-4f9b-9e3e-e4a48b3eda51:0.0.0.0:44706, 54aabb14-4a7d-4ab3-adbe-2e67760b87f4:0.0.0.0:43074, c652e2ee-3322-4406-8db6-1ea643cb3197:0.0.0.0:42129], old=null
2019-10-18 11:25:32,914 [grpc-default-executor-0] INFO  impl.RaftServerImpl (RaftServerImpl.java:setRole(184)) - 54aabb14-4a7d-4ab3-adbe-2e67760b87f4@group-7E32184879DE: changes role from  FOLLOWER to FOLLOWER at term 583 for recognizeCandidate:f535bb4a-cba0-4f9b-9e3e-e4a48b3eda51
2019-10-18 11:25:32,914 [grpc-default-executor-0] INFO  impl.RoleInfo (RoleInfo.java:shutdownFollowerState(121)) - 54aabb14-4a7d-4ab3-adbe-2e67760b87f4: shutdown FollowerState
2019-10-18 11:25:32,914 [grpc-default-executor-1] INFO  impl.RaftServerImpl (RaftServerImpl.java:setRole(184)) - c652e2ee-3322-4406-8db6-1ea643cb3197@group-7E32184879DE: changes role from  FOLLOWER to FOLLOWER at term 583 for recognizeCandidate:f535bb4a-cba0-4f9b-9e3e-e4a48b3eda51
2019-10-18 11:25:32,915 [grpc-default-executor-1] INFO  impl.RoleInfo (RoleInfo.java:shutdownFollowerState(121)) - c652e2ee-3322-4406-8db6-1ea643cb3197: shutdown FollowerState
2019-10-18 11:25:32,914 [Thread-3516] INFO  impl.FollowerState (FollowerState.java:run(117)) - 54aabb14-4a7d-4ab3-adbe-2e67760b87f4@group-7E32184879DE-FollowerState was interrupted: java.lang.InterruptedException: sleep interrupted
2019-10-18 11:25:32,914 [grpc-default-executor-0] INFO  impl.RoleInfo (RoleInfo.java:updateAndGet(143)) - 54aabb14-4a7d-4ab3-adbe-2e67760b87f4: start FollowerState
2019-10-18 11:25:32,915 [Thread-3515] INFO  impl.FollowerState (FollowerState.java:run(117)) - c652e2ee-3322-4406-8db6-1ea643cb3197@group-7E32184879DE-FollowerState was interrupted: java.lang.InterruptedException: sleep interrupted
2019-10-18 11:25:32,915 [grpc-default-executor-1] INFO  impl.RoleInfo (RoleInfo.java:updateAndGet(143)) - c652e2ee-3322-4406-8db6-1ea643cb3197: start FollowerState
2019-10-18 11:25:32,939 [f535bb4a-cba0-4f9b-9e3e-e4a48b3eda51@group-7E32184879DE-LeaderElection498] INFO  impl.LeaderElection (LeaderElection.java:logAndReturn(56)) - f535bb4a-cba0-4f9b-9e3e-e4a48b3eda51@group-7E32184879DE-LeaderElection498: Election REJECTED; received 2 response(s) [f535bb4a-cba0-4f9b-9e3e-e4a48b3eda51<-54aabb14-4a7d-4ab3-adbe-2e67760b87f4#0:FAIL-t583, f535bb4a-cba0-4f9b-9e3e-e4a48b3eda51<-c652e2ee-3322-4406-8db6-1ea643cb3197#0:FAIL-t583] and 0 exception(s); f535bb4a-cba0-4f9b-9e3e-e4a48b3eda51@group-7E32184879DE:t583, leader=null, voted=f535bb4a-cba0-4f9b-9e3e-e4a48b3eda51, raftlog=f535bb4a-cba0-4f9b-9e3e-e4a48b3eda51@group-7E32184879DE-SegmentedRaftLog:OPENED:c-1,f-1,i0, conf=-1: [f535bb4a-cba0-4f9b-9e3e-e4a48b3eda51:0.0.0.0:44706, 54aabb14-4a7d-4ab3-adbe-2e67760b87f4:0.0.0.0:43074, c652e2ee-3322-4406-8db6-1ea643cb3197:0.0.0.0:42129], old=null
2019-10-18 11:25:32,939 [f535bb4a-cba0-4f9b-9e3e-e4a48b3eda51@group-7E32184879DE-LeaderElection498] INFO  impl.RaftServerImpl (RaftServerImpl.java:setRole(184)) - f535bb4a-cba0-4f9b-9e3e-e4a48b3eda51@group-7E32184879DE: changes role from CANDIDATE to FOLLOWER at term 583 for DISCOVERED_A_NEW_TERM
2019-10-18 11:25:32,939 [f535bb4a-cba0-4f9b-9e3e-e4a48b3eda51@group-7E32184879DE-LeaderElection498] INFO  impl.RoleInfo (RoleInfo.java:shutdownLeaderElection(134)) - f535bb4a-cba0-4f9b-9e3e-e4a48b3eda51: shutdown LeaderElection
2019-10-18 11:25:32,939 [f535bb4a-cba0-4f9b-9e3e-e4a48b3eda51@group-7E32184879DE-LeaderElection498] INFO  impl.RoleInfo (RoleInfo.java:updateAndGet(143)) - f535bb4a-cba0-4f9b-9e3e-e4a48b3eda51: start FollowerState
2019-10-18 11:25:32,968 [Thread-3523] INFO  impl.FollowerState (FollowerState.java:run(108)) - f535bb4a-cba0-4f9b-9e3e-e4a48b3eda51@group-7E32184879DE-FollowerState: change to CANDIDATE, lastRpcTime:29ms, electionTimeout:29ms
2019-10-18 11:25:32,968 [Thread-3523] INFO  impl.RoleInfo (RoleInfo.java:shutdownFollowerState(121)) - f535bb4a-cba0-4f9b-9e3e-e4a48b3eda51: shutdown FollowerState
2019-10-18 11:25:32,968 [Thread-3523] INFO  impl.RaftServerImpl (RaftServerImpl.java:setRole(184)) - f535bb4a-cba0-4f9b-9e3e-e4a48b3eda51@group-7E32184879DE: changes role from  FOLLOWER to CANDIDATE at term 583 for changeToCandidate
2019-10-18 11:25:32,969 [Thread-3523] INFO  impl.RoleInfo (RoleInfo.java:updateAndGet(143)) - f535bb4a-cba0-4f9b-9e3e-e4a48b3eda51: start LeaderElection
2019-10-18 11:25:32,997 [f535bb4a-cba0-4f9b-9e3e-e4a48b3eda51@group-7E32184879DE-LeaderElection499] INFO  impl.LeaderElection (LeaderElection.java:askForVotes(178)) - f535bb4a-cba0-4f9b-9e3e-e4a48b3eda51@group-7E32184879DE-LeaderElection499: begin an election at term 584 for -1: [f535bb4a-cba0-4f9b-9e3e-e4a48b3eda51:0.0.0.0:44706, 54aabb14-4a7d-4ab3-adbe-2e67760b87f4:0.0.0.0:43074, c652e2ee-3322-4406-8db6-1ea643cb3197:0.0.0.0:42129], old=null
2019-10-18 11:25:32,998 [grpc-default-executor-0] INFO  impl.RaftServerImpl (RaftServerImpl.java:setRole(184)) - 54aabb14-4a7d-4ab3-adbe-2e67760b87f4@group-7E32184879DE: changes role from  FOLLOWER to FOLLOWER at term 584 for recognizeCandidate:f535bb4a-cba0-4f9b-9e3e-e4a48b3eda51
2019-10-18 11:25:32,998 [grpc-default-executor-0] INFO  impl.RoleInfo (RoleInfo.java:shutdownFollowerState(121)) - 54aabb14-4a7d-4ab3-adbe-2e67760b87f4: shutdown FollowerState
2019-10-18 11:25:32,998 [grpc-default-executor-1] INFO  impl.RaftServerImpl (RaftServerImpl.java:setRole(184)) - c652e2ee-3322-4406-8db6-1ea643cb3197@group-7E32184879DE: changes role from  FOLLOWER to FOLLOWER at term 584 for recognizeCandidate:f535bb4a-cba0-4f9b-9e3e-e4a48b3eda51
2019-10-18 11:25:32,999 [Thread-3521] INFO  impl.FollowerState (FollowerState.java:run(117)) - 54aabb14-4a7d-4ab3-adbe-2e67760b87f4@group-7E32184879DE-FollowerState was interrupted: java.lang.InterruptedException: sleep interrupted
2019-10-18 11:25:32,998 [grpc-default-executor-0] INFO  impl.RoleInfo (RoleInfo.java:updateAndGet(143)) - 54aabb14-4a7d-4ab3-adbe-2e67760b87f4: start FollowerState
2019-10-18 11:25:32,999 [grpc-default-executor-1] INFO  impl.RoleInfo (RoleInfo.java:shutdownFollowerState(121)) - c652e2ee-3322-4406-8db6-1ea643cb3197: shutdown FollowerState
2019-10-18 11:25:32,999 [grpc-default-executor-1] INFO  impl.RoleInfo (RoleInfo.java:updateAndGet(143)) - c652e2ee-3322-4406-8db6-1ea643cb3197: start FollowerState
2019-10-18 11:25:32,999 [Thread-3522] INFO  impl.FollowerState (FollowerState.java:run(117)) - c652e2ee-3322-4406-8db6-1ea643cb3197@group-7E32184879DE-FollowerState was interrupted: java.lang.InterruptedException: sleep interrupted
2019-10-18 11:25:33,023 [f535bb4a-cba0-4f9b-9e3e-e4a48b3eda51@group-7E32184879DE-LeaderElection499] INFO  impl.LeaderElection (LeaderElection.java:logAndReturn(56)) - f535bb4a-cba0-4f9b-9e3e-e4a48b3eda51@group-7E32184879DE-LeaderElection499: Election REJECTED; received 2 response(s) [f535bb4a-cba0-4f9b-9e3e-e4a48b3eda51<-54aabb14-4a7d-4ab3-adbe-2e67760b87f4#0:FAIL-t584, f535bb4a-cba0-4f9b-9e3e-e4a48b3eda51<-c652e2ee-3322-4406-8db6-1ea643cb3197#0:FAIL-t584] and 0 exception(s); f535bb4a-cba0-4f9b-9e3e-e4a48b3eda51@group-7E32184879DE:t584, leader=null, voted=f535bb4a-cba0-4f9b-9e3e-e4a48b3eda51, raftlog=f535bb4a-cba0-4f9b-9e3e-e4a48b3eda51@group-7E32184879DE-SegmentedRaftLog:OPENED:c-1,f-1,i0, conf=-1: [f535bb4a-cba0-4f9b-9e3e-e4a48b3eda51:0.0.0.0:44706, 54aabb14-4a7d-4ab3-adbe-2e67760b87f4:0.0.0.0:43074, c652e2ee-3322-4406-8db6-1ea643cb3197:0.0.0.0:42129], old=null
2019-10-18 11:25:33,023 [f535bb4a-cba0-4f9b-9e3e-e4a48b3eda51@group-7E32184879DE-LeaderElection499] INFO  impl.RaftServerImpl (RaftServerImpl.java:setRole(184)) - f535bb4a-cba0-4f9b-9e3e-e4a48b3eda51@group-7E32184879DE: changes role from CANDIDATE to FOLLOWER at term 584 for DISCOVERED_A_NEW_TERM
2019-10-18 11:25:33,023 [f535bb4a-cba0-4f9b-9e3e-e4a48b3eda51@group-7E32184879DE-LeaderElection499] INFO  impl.RoleInfo (RoleInfo.java:shutdownLeaderElection(134)) - f535bb4a-cba0-4f9b-9e3e-e4a48b3eda51: shutdown LeaderElection
2019-10-18 11:25:33,023 [f535bb4a-cba0-4f9b-9e3e-e4a48b3eda51@group-7E32184879DE-LeaderElection499] INFO  impl.RoleInfo (RoleInfo.java:updateAndGet(143)) - f535bb4a-cba0-4f9b-9e3e-e4a48b3eda51: start FollowerState
2019-10-18 11:25:33,151 [Thread-3529] INFO  impl.FollowerState (FollowerState.java:run(108)) - f535bb4a-cba0-4f9b-9e3e-e4a48b3eda51@group-7E32184879DE-FollowerState: change to CANDIDATE, lastRpcTime:127ms, electionTimeout:127ms
2019-10-18 11:25:33,151 [Thread-3529] INFO  impl.RoleInfo (RoleInfo.java:shutdownFollowerState(121)) - f535bb4a-cba0-4f9b-9e3e-e4a48b3eda51: shutdown FollowerState
2019-10-18 11:25:33,151 [Thread-3529] INFO  impl.RaftServerImpl (RaftServerImpl.java:setRole(184)) - f535bb4a-cba0-4f9b-9e3e-e4a48b3eda51@group-7E32184879DE: changes role from  FOLLOWER to CANDIDATE at term 584 for changeToCandidate
2019-10-18 11:25:33,151 [Thread-3529] INFO  impl.RoleInfo (RoleInfo.java:updateAndGet(143)) - f535bb4a-cba0-4f9b-9e3e-e4a48b3eda51: start LeaderElection
2019-10-18 11:25:33,181 [f535bb4a-cba0-4f9b-9e3e-e4a48b3eda51@group-7E32184879DE-LeaderElection500] INFO  impl.LeaderElection (LeaderElection.java:askForVotes(178)) - f535bb4a-cba0-4f9b-9e3e-e4a48b3eda51@group-7E32184879DE-LeaderElection500: begin an election at term 585 for -1: [f535bb4a-cba0-4f9b-9e3e-e4a48b3eda51:0.0.0.0:44706, 54aabb14-4a7d-4ab3-adbe-2e67760b87f4:0.0.0.0:43074, c652e2ee-3322-4406-8db6-1ea643cb3197:0.0.0.0:42129], old=null
2019-10-18 11:25:33,183 [grpc-default-executor-1] INFO  impl.RaftServerImpl (RaftServerImpl.java:setRole(184)) - 54aabb14-4a7d-4ab3-adbe-2e67760b87f4@group-7E32184879DE: changes role from  FOLLOWER to FOLLOWER at term 585 for recognizeCandidate:f535bb4a-cba0-4f9b-9e3e-e4a48b3eda51
2019-10-18 11:25:33,183 [grpc-default-executor-0] INFO  impl.RaftServerImpl (RaftServerImpl.java:setRole(184)) - c652e2ee-3322-4406-8db6-1ea643cb3197@group-7E32184879DE: changes role from  FOLLOWER to FOLLOWER at term 585 for recognizeCandidate:f535bb4a-cba0-4f9b-9e3e-e4a48b3eda51
2019-10-18 11:25:33,183 [grpc-default-executor-1] INFO  impl.RoleInfo (RoleInfo.java:shutdownFollowerState(121)) - 54aabb14-4a7d-4ab3-adbe-2e67760b87f4: shutdown FollowerState
2019-10-18 11:25:33,183 [grpc-default-executor-0] INFO  impl.RoleInfo (RoleInfo.java:shutdownFollowerState(121)) - c652e2ee-3322-4406-8db6-1ea643cb3197: shutdown FollowerState
2019-10-18 11:25:33,183 [grpc-default-executor-0] INFO  impl.RoleInfo (RoleInfo.java:updateAndGet(143)) - c652e2ee-3322-4406-8db6-1ea643cb3197: start FollowerState
2019-10-18 11:25:33,184 [Thread-3528] INFO  impl.FollowerState (FollowerState.java:run(117)) - c652e2ee-3322-4406-8db6-1ea643cb3197@group-7E32184879DE-FollowerState was interrupted: java.lang.InterruptedException: sleep interrupted
2019-10-18 11:25:33,183 [grpc-default-executor-1] INFO  impl.RoleInfo (RoleInfo.java:updateAndGet(143)) - 54aabb14-4a7d-4ab3-adbe-2e67760b87f4: start FollowerState
2019-10-18 11:25:33,183 [Thread-3527] INFO  impl.FollowerState (FollowerState.java:run(117)) - 54aabb14-4a7d-4ab3-adbe-2e67760b87f4@group-7E32184879DE-FollowerState was interrupted: java.lang.InterruptedException: sleep interrupted
2019-10-18 11:25:33,207 [f535bb4a-cba0-4f9b-9e3e-e4a48b3eda51@group-7E32184879DE-LeaderElection500] INFO  impl.LeaderElection (LeaderElection.java:logAndReturn(56)) - f535bb4a-cba0-4f9b-9e3e-e4a48b3eda51@group-7E32184879DE-LeaderElection500: Election REJECTED; received 2 response(s) [f535bb4a-cba0-4f9b-9e3e-e4a48b3eda51<-54aabb14-4a7d-4ab3-adbe-2e67760b87f4#0:FAIL-t585, f535bb4a-cba0-4f9b-9e3e-e4a48b3eda51<-c652e2ee-3322-4406-8db6-1ea643cb3197#0:FAIL-t585] and 0 exception(s); f535bb4a-cba0-4f9b-9e3e-e4a48b3eda51@group-7E32184879DE:t585, leader=null, voted=f535bb4a-cba0-4f9b-9e3e-e4a48b3eda51, raftlog=f535bb4a-cba0-4f9b-9e3e-e4a48b3eda51@group-7E32184879DE-SegmentedRaftLog:OPENED:c-1,f-1,i0, conf=-1: [f535bb4a-cba0-4f9b-9e3e-e4a48b3eda51:0.0.0.0:44706, 54aabb14-4a7d-4ab3-adbe-2e67760b87f4:0.0.0.0:43074, c652e2ee-3322-4406-8db6-1ea643cb3197:0.0.0.0:42129], old=null
2019-10-18 11:25:33,207 [f535bb4a-cba0-4f9b-9e3e-e4a48b3eda51@group-7E32184879DE-LeaderElection500] INFO  impl.RaftServerImpl (RaftServerImpl.java:setRole(184)) - f535bb4a-cba0-4f9b-9e3e-e4a48b3eda51@group-7E32184879DE: changes role from CANDIDATE to FOLLOWER at term 585 for DISCOVERED_A_NEW_TERM
2019-10-18 11:25:33,207 [f535bb4a-cba0-4f9b-9e3e-e4a48b3eda51@group-7E32184879DE-LeaderElection500] INFO  impl.RoleInfo (RoleInfo.java:shutdownLeaderElection(134)) - f535bb4a-cba0-4f9b-9e3e-e4a48b3eda51: shutdown LeaderElection
2019-10-18 11:25:33,207 [f535bb4a-cba0-4f9b-9e3e-e4a48b3eda51@group-7E32184879DE-LeaderElection500] INFO  impl.RoleInfo (RoleInfo.java:updateAndGet(143)) - f535bb4a-cba0-4f9b-9e3e-e4a48b3eda51: start FollowerState
2019-10-18 11:25:33,251 [Thread-3535] INFO  impl.FollowerState (FollowerState.java:run(108)) - f535bb4a-cba0-4f9b-9e3e-e4a48b3eda51@group-7E32184879DE-FollowerState: change to CANDIDATE, lastRpcTime:43ms, electionTimeout:43ms
2019-10-18 11:25:33,251 [Thread-3535] INFO  impl.RoleInfo (RoleInfo.java:shutdownFollowerState(121)) - f535bb4a-cba0-4f9b-9e3e-e4a48b3eda51: shutdown FollowerState
2019-10-18 11:25:33,251 [Thread-3535] INFO  impl.RaftServerImpl (RaftServerImpl.java:setRole(184)) - f535bb4a-cba0-4f9b-9e3e-e4a48b3eda51@group-7E32184879DE: changes role from  FOLLOWER to CANDIDATE at term 585 for changeToCandidate
2019-10-18 11:25:33,251 [Thread-3535] INFO  impl.RoleInfo (RoleInfo.java:updateAndGet(143)) - f535bb4a-cba0-4f9b-9e3e-e4a48b3eda51: start LeaderElection
2019-10-18 11:25:33,273 [f535bb4a-cba0-4f9b-9e3e-e4a48b3eda51@group-7E32184879DE-LeaderElection501] INFO  impl.LeaderElection (LeaderElection.java:askForVotes(178)) - f535bb4a-cba0-4f9b-9e3e-e4a48b3eda51@group-7E32184879DE-LeaderElection501: begin an election at term 586 for -1: [f535bb4a-cba0-4f9b-9e3e-e4a48b3eda51:0.0.0.0:44706, 54aabb14-4a7d-4ab3-adbe-2e67760b87f4:0.0.0.0:43074, c652e2ee-3322-4406-8db6-1ea643cb3197:0.0.0.0:42129], old=null
2019-10-18 11:25:33,275 [grpc-default-executor-0] INFO  impl.RaftServerImpl (RaftServerImpl.java:setRole(184)) - 54aabb14-4a7d-4ab3-adbe-2e67760b87f4@group-7E32184879DE: changes role from  FOLLOWER to FOLLOWER at term 586 for recognizeCandidate:f535bb4a-cba0-4f9b-9e3e-e4a48b3eda51
2019-10-18 11:25:33,275 [grpc-default-executor-1] INFO  impl.RaftServerImpl (RaftServerImpl.java:setRole(184)) - c652e2ee-3322-4406-8db6-1ea643cb3197@group-7E32184879DE: changes role from  FOLLOWER to FOLLOWER at term 586 for recognizeCandidate:f535bb4a-cba0-4f9b-9e3e-e4a48b3eda51
2019-10-18 11:25:33,275 [grpc-default-executor-0] INFO  impl.RoleInfo (RoleInfo.java:shutdownFollowerState(121)) - 54aabb14-4a7d-4ab3-adbe-2e67760b87f4: shutdown FollowerState
2019-10-18 11:25:33,275 [grpc-default-executor-1] INFO  impl.RoleInfo (RoleInfo.java:shutdownFollowerState(121)) - c652e2ee-3322-4406-8db6-1ea643cb3197: shutdown FollowerState
2019-10-18 11:25:33,275 [grpc-default-executor-0] INFO  impl.RoleInfo (RoleInfo.java:updateAndGet(143)) - 54aabb14-4a7d-4ab3-adbe-2e67760b87f4: start FollowerState
2019-10-18 11:25:33,276 [Thread-3534] INFO  impl.FollowerState (FollowerState.java:run(117)) - c652e2ee-3322-4406-8db6-1ea643cb3197@group-7E32184879DE-FollowerState was interrupted: java.lang.InterruptedException: sleep interrupted
2019-10-18 11:25:33,276 [Thread-3533] INFO  impl.FollowerState (FollowerState.java:run(117)) - 54aabb14-4a7d-4ab3-adbe-2e67760b87f4@group-7E32184879DE-FollowerState was interrupted: java.lang.InterruptedException: sleep interrupted
2019-10-18 11:25:33,276 [grpc-default-executor-1] INFO  impl.RoleInfo (RoleInfo.java:updateAndGet(143)) - c652e2ee-3322-4406-8db6-1ea643cb3197: start FollowerState
2019-10-18 11:25:33,299 [f535bb4a-cba0-4f9b-9e3e-e4a48b3eda51@group-7E32184879DE-LeaderElection501] INFO  impl.LeaderElection (LeaderElection.java:logAndReturn(56)) - f535bb4a-cba0-4f9b-9e3e-e4a48b3eda51@group-7E32184879DE-LeaderElection501: Election REJECTED; received 2 response(s) [f535bb4a-cba0-4f9b-9e3e-e4a48b3eda51<-54aabb14-4a7d-4ab3-adbe-2e67760b87f4#0:FAIL-t586, f535bb4a-cba0-4f9b-9e3e-e4a48b3eda51<-c652e2ee-3322-4406-8db6-1ea643cb3197#0:FAIL-t586] and 0 exception(s); f535bb4a-cba0-4f9b-9e3e-e4a48b3eda51@group-7E32184879DE:t586, leader=null, voted=f535bb4a-cba0-4f9b-9e3e-e4a48b3eda51, raftlog=f535bb4a-cba0-4f9b-9e3e-e4a48b3eda51@group-7E32184879DE-SegmentedRaftLog:OPENED:c-1,f-1,i0, conf=-1: [f535bb4a-cba0-4f9b-9e3e-e4a48b3eda51:0.0.0.0:44706, 54aabb14-4a7d-4ab3-adbe-2e67760b87f4:0.0.0.0:43074, c652e2ee-3322-4406-8db6-1ea643cb3197:0.0.0.0:42129], old=null
2019-10-18 11:25:33,300 [f535bb4a-cba0-4f9b-9e3e-e4a48b3eda51@group-7E32184879DE-LeaderElection501] INFO  impl.RaftServerImpl (RaftServerImpl.java:setRole(184)) - f535bb4a-cba0-4f9b-9e3e-e4a48b3eda51@group-7E32184879DE: changes role from CANDIDATE to FOLLOWER at term 586 for DISCOVERED_A_NEW_TERM
2019-10-18 11:25:33,300 [f535bb4a-cba0-4f9b-9e3e-e4a48b3eda51@group-7E32184879DE-LeaderElection501] INFO  impl.RoleInfo (RoleInfo.java:shutdownLeaderElection(134)) - f535bb4a-cba0-4f9b-9e3e-e4a48b3eda51: shutdown LeaderElection
2019-10-18 11:25:33,300 [f535bb4a-cba0-4f9b-9e3e-e4a48b3eda51@group-7E32184879DE-LeaderElection501] INFO  impl.RoleInfo (RoleInfo.java:updateAndGet(143)) - f535bb4a-cba0-4f9b-9e3e-e4a48b3eda51: start FollowerState
2019-10-18 11:25:33,416 [Thread-3541] INFO  impl.FollowerState (FollowerState.java:run(108)) - f535bb4a-cba0-4f9b-9e3e-e4a48b3eda51@group-7E32184879DE-FollowerState: change to CANDIDATE, lastRpcTime:116ms, electionTimeout:116ms
2019-10-18 11:25:33,416 [Thread-3541] INFO  impl.RoleInfo (RoleInfo.java:shutdownFollowerState(121)) - f535bb4a-cba0-4f9b-9e3e-e4a48b3eda51: shutdown FollowerState
2019-10-18 11:25:33,416 [Thread-3541] INFO  impl.RaftServerImpl (RaftServerImpl.java:setRole(184)) - f535bb4a-cba0-4f9b-9e3e-e4a48b3eda51@group-7E32184879DE: changes role from  FOLLOWER to CANDIDATE at term 586 for changeToCandidate
2019-10-18 11:25:33,417 [Thread-3541] INFO  impl.RoleInfo (RoleInfo.java:updateAndGet(143)) - f535bb4a-cba0-4f9b-9e3e-e4a48b3eda51: start LeaderElection
2019-10-18 11:25:33,441 [f535bb4a-cba0-4f9b-9e3e-e4a48b3eda51@group-7E32184879DE-LeaderElection502] INFO  impl.LeaderElection (LeaderElection.java:askForVotes(178)) - f535bb4a-cba0-4f9b-9e3e-e4a48b3eda51@group-7E32184879DE-LeaderElection502: begin an election at term 587 for -1: [f535bb4a-cba0-4f9b-9e3e-e4a48b3eda51:0.0.0.0:44706, 54aabb14-4a7d-4ab3-adbe-2e67760b87f4:0.0.0.0:43074, c652e2ee-3322-4406-8db6-1ea643cb3197:0.0.0.0:42129], old=null
2019-10-18 11:25:33,442 [grpc-default-executor-1] INFO  impl.RaftServerImpl (RaftServerImpl.java:setRole(184)) - 54aabb14-4a7d-4ab3-adbe-2e67760b87f4@group-7E32184879DE: changes role from  FOLLOWER to FOLLOWER at term 587 for recognizeCandidate:f535bb4a-cba0-4f9b-9e3e-e4a48b3eda51
2019-10-18 11:25:33,442 [grpc-default-executor-0] INFO  impl.RaftServerImpl (RaftServerImpl.java:setRole(184)) - c652e2ee-3322-4406-8db6-1ea643cb3197@group-7E32184879DE: changes role from  FOLLOWER to FOLLOWER at term 587 for recognizeCandidate:f535bb4a-cba0-4f9b-9e3e-e4a48b3eda51
2019-10-18 11:25:33,443 [grpc-default-executor-0] INFO  impl.RoleInfo (RoleInfo.java:shutdownFollowerState(121)) - c652e2ee-3322-4406-8db6-1ea643cb3197: shutdown FollowerState
2019-10-18 11:25:33,442 [grpc-default-executor-1] INFO  impl.RoleInfo (RoleInfo.java:shutdownFollowerState(121)) - 54aabb14-4a7d-4ab3-adbe-2e67760b87f4: shutdown FollowerState
2019-10-18 11:25:33,443 [Thread-3540] INFO  impl.FollowerState (FollowerState.java:run(117)) - c652e2ee-3322-4406-8db6-1ea643cb3197@group-7E32184879DE-FollowerState was interrupted: java.lang.InterruptedException: sleep interrupted
2019-10-18 11:25:33,443 [grpc-default-executor-0] INFO  impl.RoleInfo (RoleInfo.java:updateAndGet(143)) - c652e2ee-3322-4406-8db6-1ea643cb3197: start FollowerState
2019-10-18 11:25:33,443 [Thread-3539] INFO  impl.FollowerState (FollowerState.java:run(117)) - 54aabb14-4a7d-4ab3-adbe-2e67760b87f4@group-7E32184879DE-FollowerState was interrupted: java.lang.InterruptedException: sleep interrupted
2019-10-18 11:25:33,443 [grpc-default-executor-1] INFO  impl.RoleInfo (RoleInfo.java:updateAndGet(143)) - 54aabb14-4a7d-4ab3-adbe-2e67760b87f4: start FollowerState
2019-10-18 11:25:33,456 [f535bb4a-cba0-4f9b-9e3e-e4a48b3eda51@group-7E32184879DE-LeaderElection502] INFO  impl.LeaderElection (LeaderElection.java:logAndReturn(56)) - f535bb4a-cba0-4f9b-9e3e-e4a48b3eda51@group-7E32184879DE-LeaderElection502: Election TIMEOUT; received 0 response(s) [] and 0 exception(s); f535bb4a-cba0-4f9b-9e3e-e4a48b3eda51@group-7E32184879DE:t587, leader=null, voted=f535bb4a-cba0-4f9b-9e3e-e4a48b3eda51, raftlog=f535bb4a-cba0-4f9b-9e3e-e4a48b3eda51@group-7E32184879DE-SegmentedRaftLog:OPENED:c-1,f-1,i0, conf=-1: [f535bb4a-cba0-4f9b-9e3e-e4a48b3eda51:0.0.0.0:44706, 54aabb14-4a7d-4ab3-adbe-2e67760b87f4:0.0.0.0:43074, c652e2ee-3322-4406-8db6-1ea643cb3197:0.0.0.0:42129], old=null
2019-10-18 11:25:33,483 [f535bb4a-cba0-4f9b-9e3e-e4a48b3eda51@group-7E32184879DE-LeaderElection502] INFO  impl.LeaderElection (LeaderElection.java:askForVotes(178)) - f535bb4a-cba0-4f9b-9e3e-e4a48b3eda51@group-7E32184879DE-LeaderElection502: begin an election at term 588 for -1: [f535bb4a-cba0-4f9b-9e3e-e4a48b3eda51:0.0.0.0:44706, 54aabb14-4a7d-4ab3-adbe-2e67760b87f4:0.0.0.0:43074, c652e2ee-3322-4406-8db6-1ea643cb3197:0.0.0.0:42129], old=null
2019-10-18 11:25:33,484 [grpc-default-executor-0] INFO  impl.RaftServerImpl (RaftServerImpl.java:setRole(184)) - 54aabb14-4a7d-4ab3-adbe-2e67760b87f4@group-7E32184879DE: changes role from  FOLLOWER to FOLLOWER at term 588 for recognizeCandidate:f535bb4a-cba0-4f9b-9e3e-e4a48b3eda51
2019-10-18 11:25:33,484 [grpc-default-executor-0] INFO  impl.RoleInfo (RoleInfo.java:shutdownFollowerState(121)) - 54aabb14-4a7d-4ab3-adbe-2e67760b87f4: shutdown FollowerState
2019-10-18 11:25:33,484 [grpc-default-executor-0] INFO  impl.RoleInfo (RoleInfo.java:updateAndGet(143)) - 54aabb14-4a7d-4ab3-adbe-2e67760b87f4: start FollowerState
2019-10-18 11:25:33,485 [Thread-3546] INFO  impl.FollowerState (FollowerState.java:run(117)) - 54aabb14-4a7d-4ab3-adbe-2e67760b87f4@group-7E32184879DE-FollowerState was interrupted: java.lang.InterruptedException: sleep interrupted
2019-10-18 11:25:33,485 [grpc-default-executor-1] INFO  impl.RaftServerImpl (RaftServerImpl.java:setRole(184)) - c652e2ee-3322-4406-8db6-1ea643cb3197@group-7E32184879DE: changes role from  FOLLOWER to FOLLOWER at term 588 for recognizeCandidate:f535bb4a-cba0-4f9b-9e3e-e4a48b3eda51
2019-10-18 11:25:33,485 [grpc-default-executor-1] INFO  impl.RoleInfo (RoleInfo.java:shutdownFollowerState(121)) - c652e2ee-3322-4406-8db6-1ea643cb3197: shutdown FollowerState
2019-10-18 11:25:33,485 [grpc-default-executor-1] INFO  impl.RoleInfo (RoleInfo.java:updateAndGet(143)) - c652e2ee-3322-4406-8db6-1ea643cb3197: start FollowerState
2019-10-18 11:25:33,485 [Thread-3545] INFO  impl.FollowerState (FollowerState.java:run(117)) - c652e2ee-3322-4406-8db6-1ea643cb3197@group-7E32184879DE-FollowerState was interrupted: java.lang.InterruptedException: sleep interrupted
2019-10-18 11:25:33,494 [f535bb4a-cba0-4f9b-9e3e-e4a48b3eda51@group-7E32184879DE-LeaderElection502] INFO  impl.LeaderElection (LeaderElection.java:logAndReturn(56)) - f535bb4a-cba0-4f9b-9e3e-e4a48b3eda51@group-7E32184879DE-LeaderElection502: Election TIMEOUT; received 0 response(s) [] and 0 exception(s); f535bb4a-cba0-4f9b-9e3e-e4a48b3eda51@group-7E32184879DE:t588, leader=null, voted=f535bb4a-cba0-4f9b-9e3e-e4a48b3eda51, raftlog=f535bb4a-cba0-4f9b-9e3e-e4a48b3eda51@group-7E32184879DE-SegmentedRaftLog:OPENED:c-1,f-1,i0, conf=-1: [f535bb4a-cba0-4f9b-9e3e-e4a48b3eda51:0.0.0.0:44706, 54aabb14-4a7d-4ab3-adbe-2e67760b87f4:0.0.0.0:43074, c652e2ee-3322-4406-8db6-1ea643cb3197:0.0.0.0:42129], old=null
2019-10-18 11:25:33,508 [f535bb4a-cba0-4f9b-9e3e-e4a48b3eda51@group-7E32184879DE-LeaderElection502] INFO  impl.LeaderElection (LeaderElection.java:askForVotes(178)) - f535bb4a-cba0-4f9b-9e3e-e4a48b3eda51@group-7E32184879DE-LeaderElection502: begin an election at term 589 for -1: [f535bb4a-cba0-4f9b-9e3e-e4a48b3eda51:0.0.0.0:44706, 54aabb14-4a7d-4ab3-adbe-2e67760b87f4:0.0.0.0:43074, c652e2ee-3322-4406-8db6-1ea643cb3197:0.0.0.0:42129], old=null
2019-10-18 11:25:33,510 [grpc-default-executor-1] INFO  impl.RaftServerImpl (RaftServerImpl.java:setRole(184)) - 54aabb14-4a7d-4ab3-adbe-2e67760b87f4@group-7E32184879DE: changes role from  FOLLOWER to FOLLOWER at term 589 for recognizeCandidate:f535bb4a-cba0-4f9b-9e3e-e4a48b3eda51
2019-10-18 11:25:33,510 [grpc-default-executor-1] INFO  impl.RoleInfo (RoleInfo.java:shutdownFollowerState(121)) - 54aabb14-4a7d-4ab3-adbe-2e67760b87f4: shutdown FollowerState
2019-10-18 11:25:33,510 [grpc-default-executor-1] INFO  impl.RoleInfo (RoleInfo.java:updateAndGet(143)) - 54aabb14-4a7d-4ab3-adbe-2e67760b87f4: start FollowerState
2019-10-18 11:25:33,510 [Thread-3549] INFO  impl.FollowerState (FollowerState.java:run(117)) - 54aabb14-4a7d-4ab3-adbe-2e67760b87f4@group-7E32184879DE-FollowerState was interrupted: java.lang.InterruptedException: sleep interrupted
2019-10-18 11:25:33,510 [grpc-default-executor-0] INFO  impl.RaftServerImpl (RaftServerImpl.java:setRole(184)) - c652e2ee-3322-4406-8db6-1ea643cb3197@group-7E32184879DE: changes role from  FOLLOWER to FOLLOWER at term 589 for recognizeCandidate:f535bb4a-cba0-4f9b-9e3e-e4a48b3eda51
2019-10-18 11:25:33,510 [grpc-default-executor-0] INFO  impl.RoleInfo (RoleInfo.java:shutdownFollowerState(121)) - c652e2ee-3322-4406-8db6-1ea643cb3197: shutdown FollowerState
2019-10-18 11:25:33,511 [grpc-default-executor-0] INFO  impl.RoleInfo (RoleInfo.java:updateAndGet(143)) - c652e2ee-3322-4406-8db6-1ea643cb3197: start FollowerState
2019-10-18 11:25:33,511 [Thread-3550] INFO  impl.FollowerState (FollowerState.java:run(117)) - c652e2ee-3322-4406-8db6-1ea643cb3197@group-7E32184879DE-FollowerState was interrupted: java.lang.InterruptedException: sleep interrupted
2019-10-18 11:25:33,534 [f535bb4a-cba0-4f9b-9e3e-e4a48b3eda51@group-7E32184879DE-LeaderElection502] INFO  impl.LeaderElection (LeaderElection.java:logAndReturn(56)) - f535bb4a-cba0-4f9b-9e3e-e4a48b3eda51@group-7E32184879DE-LeaderElection502: Election REJECTED; received 2 response(s) [f535bb4a-cba0-4f9b-9e3e-e4a48b3eda51<-54aabb14-4a7d-4ab3-adbe-2e67760b87f4#0:FAIL-t589, f535bb4a-cba0-4f9b-9e3e-e4a48b3eda51<-c652e2ee-3322-4406-8db6-1ea643cb3197#0:FAIL-t589] and 0 exception(s); f535bb4a-cba0-4f9b-9e3e-e4a48b3eda51@group-7E32184879DE:t589, leader=null, voted=f535bb4a-cba0-4f9b-9e3e-e4a48b3eda51, raftlog=f535bb4a-cba0-4f9b-9e3e-e4a48b3eda51@group-7E32184879DE-SegmentedRaftLog:OPENED:c-1,f-1,i0, conf=-1: [f535bb4a-cba0-4f9b-9e3e-e4a48b3eda51:0.0.0.0:44706, 54aabb14-4a7d-4ab3-adbe-2e67760b87f4:0.0.0.0:43074, c652e2ee-3322-4406-8db6-1ea643cb3197:0.0.0.0:42129], old=null
2019-10-18 11:25:33,535 [f535bb4a-cba0-4f9b-9e3e-e4a48b3eda51@group-7E32184879DE-LeaderElection502] INFO  impl.RaftServerImpl (RaftServerImpl.java:setRole(184)) - f535bb4a-cba0-4f9b-9e3e-e4a48b3eda51@group-7E32184879DE: changes role from CANDIDATE to FOLLOWER at term 589 for DISCOVERED_A_NEW_TERM
2019-10-18 11:25:33,535 [f535bb4a-cba0-4f9b-9e3e-e4a48b3eda51@group-7E32184879DE-LeaderElection502] INFO  impl.RoleInfo (RoleInfo.java:shutdownLeaderElection(134)) - f535bb4a-cba0-4f9b-9e3e-e4a48b3eda51: shutdown LeaderElection
2019-10-18 11:25:33,535 [f535bb4a-cba0-4f9b-9e3e-e4a48b3eda51@group-7E32184879DE-LeaderElection502] INFO  impl.RoleInfo (RoleInfo.java:updateAndGet(143)) - f535bb4a-cba0-4f9b-9e3e-e4a48b3eda51: start FollowerState
2019-10-18 11:25:33,717 [Thread-3555] INFO  impl.FollowerState (FollowerState.java:run(108)) - f535bb4a-cba0-4f9b-9e3e-e4a48b3eda51@group-7E32184879DE-FollowerState: change to CANDIDATE, lastRpcTime:182ms, electionTimeout:182ms
2019-10-18 11:25:33,717 [Thread-3555] INFO  impl.RoleInfo (RoleInfo.java:shutdownFollowerState(121)) - f535bb4a-cba0-4f9b-9e3e-e4a48b3eda51: shutdown FollowerState
2019-10-18 11:25:33,717 [Thread-3555] INFO  impl.RaftServerImpl (RaftServerImpl.java:setRole(184)) - f535bb4a-cba0-4f9b-9e3e-e4a48b3eda51@group-7E32184879DE: changes role from  FOLLOWER to CANDIDATE at term 589 for changeToCandidate
2019-10-18 11:25:33,718 [Thread-3555] INFO  impl.RoleInfo (RoleInfo.java:updateAndGet(143)) - f535bb4a-cba0-4f9b-9e3e-e4a48b3eda51: start LeaderElection
2019-10-18 11:25:33,743 [f535bb4a-cba0-4f9b-9e3e-e4a48b3eda51@group-7E32184879DE-LeaderElection503] INFO  impl.LeaderElection (LeaderElection.java:askForVotes(178)) - f535bb4a-cba0-4f9b-9e3e-e4a48b3eda51@group-7E32184879DE-LeaderElection503: begin an election at term 590 for -1: [f535bb4a-cba0-4f9b-9e3e-e4a48b3eda51:0.0.0.0:44706, 54aabb14-4a7d-4ab3-adbe-2e67760b87f4:0.0.0.0:43074, c652e2ee-3322-4406-8db6-1ea643cb3197:0.0.0.0:42129], old=null
2019-10-18 11:25:33,744 [grpc-default-executor-0] INFO  impl.RaftServerImpl (RaftServerImpl.java:setRole(184)) - 54aabb14-4a7d-4ab3-adbe-2e67760b87f4@group-7E32184879DE: changes role from  FOLLOWER to FOLLOWER at term 590 for recognizeCandidate:f535bb4a-cba0-4f9b-9e3e-e4a48b3eda51
2019-10-18 11:25:33,744 [grpc-default-executor-1] INFO  impl.RaftServerImpl (RaftServerImpl.java:setRole(184)) - c652e2ee-3322-4406-8db6-1ea643cb3197@group-7E32184879DE: changes role from  FOLLOWER to FOLLOWER at term 590 for recognizeCandidate:f535bb4a-cba0-4f9b-9e3e-e4a48b3eda51
2019-10-18 11:25:33,745 [grpc-default-executor-1] INFO  impl.RoleInfo (RoleInfo.java:shutdownFollowerState(121)) - c652e2ee-3322-4406-8db6-1ea643cb3197: shutdown FollowerState
2019-10-18 11:25:33,744 [grpc-default-executor-0] INFO  impl.RoleInfo (RoleInfo.java:shutdownFollowerState(121)) - 54aabb14-4a7d-4ab3-adbe-2e67760b87f4: shutdown FollowerState
2019-10-18 11:25:33,745 [Thread-3554] INFO  impl.FollowerState (FollowerState.java:run(117)) - c652e2ee-3322-4406-8db6-1ea643cb3197@group-7E32184879DE-FollowerState was interrupted: java.lang.InterruptedException: sleep interrupted
2019-10-18 11:25:33,745 [grpc-default-executor-1] INFO  impl.RoleInfo (RoleInfo.java:updateAndGet(143)) - c652e2ee-3322-4406-8db6-1ea643cb3197: start FollowerState
2019-10-18 11:25:33,745 [Thread-3553] INFO  impl.FollowerState (FollowerState.java:run(117)) - 54aabb14-4a7d-4ab3-adbe-2e67760b87f4@group-7E32184879DE-FollowerState was interrupted: java.lang.InterruptedException: sleep interrupted
2019-10-18 11:25:33,745 [grpc-default-executor-0] INFO  impl.RoleInfo (RoleInfo.java:updateAndGet(143)) - 54aabb14-4a7d-4ab3-adbe-2e67760b87f4: start FollowerState
2019-10-18 11:25:33,770 [f535bb4a-cba0-4f9b-9e3e-e4a48b3eda51@group-7E32184879DE-LeaderElection503] INFO  impl.LeaderElection (LeaderElection.java:logAndReturn(56)) - f535bb4a-cba0-4f9b-9e3e-e4a48b3eda51@group-7E32184879DE-LeaderElection503: Election REJECTED; received 2 response(s) [f535bb4a-cba0-4f9b-9e3e-e4a48b3eda51<-54aabb14-4a7d-4ab3-adbe-2e67760b87f4#0:FAIL-t590, f535bb4a-cba0-4f9b-9e3e-e4a48b3eda51<-c652e2ee-3322-4406-8db6-1ea643cb3197#0:FAIL-t590] and 0 exception(s); f535bb4a-cba0-4f9b-9e3e-e4a48b3eda51@group-7E32184879DE:t590, leader=null, voted=f535bb4a-cba0-4f9b-9e3e-e4a48b3eda51, raftlog=f535bb4a-cba0-4f9b-9e3e-e4a48b3eda51@group-7E32184879DE-SegmentedRaftLog:OPENED:c-1,f-1,i0, conf=-1: [f535bb4a-cba0-4f9b-9e3e-e4a48b3eda51:0.0.0.0:44706, 54aabb14-4a7d-4ab3-adbe-2e67760b87f4:0.0.0.0:43074, c652e2ee-3322-4406-8db6-1ea643cb3197:0.0.0.0:42129], old=null
2019-10-18 11:25:33,770 [f535bb4a-cba0-4f9b-9e3e-e4a48b3eda51@group-7E32184879DE-LeaderElection503] INFO  impl.RaftServerImpl (RaftServerImpl.java:setRole(184)) - f535bb4a-cba0-4f9b-9e3e-e4a48b3eda51@group-7E32184879DE: changes role from CANDIDATE to FOLLOWER at term 590 for DISCOVERED_A_NEW_TERM
2019-10-18 11:25:33,770 [f535bb4a-cba0-4f9b-9e3e-e4a48b3eda51@group-7E32184879DE-LeaderElection503] INFO  impl.RoleInfo (RoleInfo.java:shutdownLeaderElection(134)) - f535bb4a-cba0-4f9b-9e3e-e4a48b3eda51: shutdown LeaderElection
2019-10-18 11:25:33,770 [f535bb4a-cba0-4f9b-9e3e-e4a48b3eda51@group-7E32184879DE-LeaderElection503] INFO  impl.RoleInfo (RoleInfo.java:updateAndGet(143)) - f535bb4a-cba0-4f9b-9e3e-e4a48b3eda51: start FollowerState
2019-10-18 11:25:33,949 [Thread-3563] INFO  impl.FollowerState (FollowerState.java:run(108)) - f535bb4a-cba0-4f9b-9e3e-e4a48b3eda51@group-7E32184879DE-FollowerState: change to CANDIDATE, lastRpcTime:179ms, electionTimeout:179ms
2019-10-18 11:25:33,950 [Thread-3563] INFO  impl.RoleInfo (RoleInfo.java:shutdownFollowerState(121)) - f535bb4a-cba0-4f9b-9e3e-e4a48b3eda51: shutdown FollowerState
2019-10-18 11:25:33,950 [Thread-3563] INFO  impl.RaftServerImpl (RaftServerImpl.java:setRole(184)) - f535bb4a-cba0-4f9b-9e3e-e4a48b3eda51@group-7E32184879DE: changes role from  FOLLOWER to CANDIDATE at term 590 for changeToCandidate
2019-10-18 11:25:33,950 [Thread-3563] INFO  impl.RoleInfo (RoleInfo.java:updateAndGet(143)) - f535bb4a-cba0-4f9b-9e3e-e4a48b3eda51: start LeaderElection
2019-10-18 11:25:33,978 [f535bb4a-cba0-4f9b-9e3e-e4a48b3eda51@group-7E32184879DE-LeaderElection504] INFO  impl.LeaderElection (LeaderElection.java:askForVotes(178)) - f535bb4a-cba0-4f9b-9e3e-e4a48b3eda51@group-7E32184879DE-LeaderElection504: begin an election at term 591 for -1: [f535bb4a-cba0-4f9b-9e3e-e4a48b3eda51:0.0.0.0:44706, 54aabb14-4a7d-4ab3-adbe-2e67760b87f4:0.0.0.0:43074, c652e2ee-3322-4406-8db6-1ea643cb3197:0.0.0.0:42129], old=null
2019-10-18 11:25:33,979 [grpc-default-executor-3] INFO  impl.RaftServerImpl (RaftServerImpl.java:setRole(184)) - 54aabb14-4a7d-4ab3-adbe-2e67760b87f4@group-7E32184879DE: changes role from  FOLLOWER to FOLLOWER at term 591 for recognizeCandidate:f535bb4a-cba0-4f9b-9e3e-e4a48b3eda51
2019-10-18 11:25:33,979 [grpc-default-executor-0] INFO  impl.RaftServerImpl (RaftServerImpl.java:setRole(184)) - c652e2ee-3322-4406-8db6-1ea643cb3197@group-7E32184879DE: changes role from  FOLLOWER to FOLLOWER at term 591 for recognizeCandidate:f535bb4a-cba0-4f9b-9e3e-e4a48b3eda51
2019-10-18 11:25:33,980 [grpc-default-executor-3] INFO  impl.RoleInfo (RoleInfo.java:shutdownFollowerState(121)) - 54aabb14-4a7d-4ab3-adbe-2e67760b87f4: shutdown FollowerState
2019-10-18 11:25:33,980 [grpc-default-executor-0] INFO  impl.RoleInfo (RoleInfo.java:shutdownFollowerState(121)) - c652e2ee-3322-4406-8db6-1ea643cb3197: shutdown FollowerState
2019-10-18 11:25:33,980 [Thread-3562] INFO  impl.FollowerState (FollowerState.java:run(117)) - 54aabb14-4a7d-4ab3-adbe-2e67760b87f4@group-7E32184879DE-FollowerState was interrupted: java.lang.InterruptedException: sleep interrupted
2019-10-18 11:25:33,980 [Thread-3561] INFO  impl.FollowerState (FollowerState.java:run(117)) - c652e2ee-3322-4406-8db6-1ea643cb3197@group-7E32184879DE-FollowerState was interrupted: java.lang.InterruptedException: sleep interrupted
2019-10-18 11:25:33,980 [grpc-default-executor-3] INFO  impl.RoleInfo (RoleInfo.java:updateAndGet(143)) - 54aabb14-4a7d-4ab3-adbe-2e67760b87f4: start FollowerState
2019-10-18 11:25:33,980 [grpc-default-executor-0] INFO  impl.RoleInfo (RoleInfo.java:updateAndGet(143)) - c652e2ee-3322-4406-8db6-1ea643cb3197: start FollowerState
2019-10-18 11:25:34,004 [f535bb4a-cba0-4f9b-9e3e-e4a48b3eda51@group-7E32184879DE-LeaderElection504] INFO  impl.LeaderElection (LeaderElection.java:logAndReturn(56)) - f535bb4a-cba0-4f9b-9e3e-e4a48b3eda51@group-7E32184879DE-LeaderElection504: Election REJECTED; received 2 response(s) [f535bb4a-cba0-4f9b-9e3e-e4a48b3eda51<-54aabb14-4a7d-4ab3-adbe-2e67760b87f4#0:FAIL-t591, f535bb4a-cba0-4f9b-9e3e-e4a48b3eda51<-c652e2ee-3322-4406-8db6-1ea643cb3197#0:FAIL-t591] and 0 exception(s); f535bb4a-cba0-4f9b-9e3e-e4a48b3eda51@group-7E32184879DE:t591, leader=null, voted=f535bb4a-cba0-4f9b-9e3e-e4a48b3eda51, raftlog=f535bb4a-cba0-4f9b-9e3e-e4a48b3eda51@group-7E32184879DE-SegmentedRaftLog:OPENED:c-1,f-1,i0, conf=-1: [f535bb4a-cba0-4f9b-9e3e-e4a48b3eda51:0.0.0.0:44706, 54aabb14-4a7d-4ab3-adbe-2e67760b87f4:0.0.0.0:43074, c652e2ee-3322-4406-8db6-1ea643cb3197:0.0.0.0:42129], old=null
2019-10-18 11:25:34,004 [f535bb4a-cba0-4f9b-9e3e-e4a48b3eda51@group-7E32184879DE-LeaderElection504] INFO  impl.RaftServerImpl (RaftServerImpl.java:setRole(184)) - f535bb4a-cba0-4f9b-9e3e-e4a48b3eda51@group-7E32184879DE: changes role from CANDIDATE to FOLLOWER at term 591 for DISCOVERED_A_NEW_TERM
2019-10-18 11:25:34,004 [f535bb4a-cba0-4f9b-9e3e-e4a48b3eda51@group-7E32184879DE-LeaderElection504] INFO  impl.RoleInfo (RoleInfo.java:shutdownLeaderElection(134)) - f535bb4a-cba0-4f9b-9e3e-e4a48b3eda51: shutdown LeaderElection
2019-10-18 11:25:34,004 [f535bb4a-cba0-4f9b-9e3e-e4a48b3eda51@group-7E32184879DE-LeaderElection504] INFO  impl.RoleInfo (RoleInfo.java:updateAndGet(143)) - f535bb4a-cba0-4f9b-9e3e-e4a48b3eda51: start FollowerState
2019-10-18 11:25:34,148 [Thread-3569] INFO  impl.FollowerState (FollowerState.java:run(108)) - f535bb4a-cba0-4f9b-9e3e-e4a48b3eda51@group-7E32184879DE-FollowerState: change to CANDIDATE, lastRpcTime:143ms, electionTimeout:143ms
2019-10-18 11:25:34,148 [Thread-3569] INFO  impl.RoleInfo (RoleInfo.java:shutdownFollowerState(121)) - f535bb4a-cba0-4f9b-9e3e-e4a48b3eda51: shutdown FollowerState
2019-10-18 11:25:34,148 [Thread-3569] INFO  impl.RaftServerImpl (RaftServerImpl.java:setRole(184)) - f535bb4a-cba0-4f9b-9e3e-e4a48b3eda51@group-7E32184879DE: changes role from  FOLLOWER to CANDIDATE at term 591 for changeToCandidate
2019-10-18 11:25:34,148 [Thread-3569] INFO  impl.RoleInfo (RoleInfo.java:updateAndGet(143)) - f535bb4a-cba0-4f9b-9e3e-e4a48b3eda51: start LeaderElection
2019-10-18 11:25:34,179 [f535bb4a-cba0-4f9b-9e3e-e4a48b3eda51@group-7E32184879DE-LeaderElection505] INFO  impl.LeaderElection (LeaderElection.java:askForVotes(178)) - f535bb4a-cba0-4f9b-9e3e-e4a48b3eda51@group-7E32184879DE-LeaderElection505: begin an election at term 592 for -1: [f535bb4a-cba0-4f9b-9e3e-e4a48b3eda51:0.0.0.0:44706, 54aabb14-4a7d-4ab3-adbe-2e67760b87f4:0.0.0.0:43074, c652e2ee-3322-4406-8db6-1ea643cb3197:0.0.0.0:42129], old=null
2019-10-18 11:25:34,181 [grpc-default-executor-0] INFO  impl.RaftServerImpl (RaftServerImpl.java:setRole(184)) - c652e2ee-3322-4406-8db6-1ea643cb3197@group-7E32184879DE: changes role from  FOLLOWER to FOLLOWER at term 592 for recognizeCandidate:f535bb4a-cba0-4f9b-9e3e-e4a48b3eda51
2019-10-18 11:25:34,181 [grpc-default-executor-3] INFO  impl.RaftServerImpl (RaftServerImpl.java:setRole(184)) - 54aabb14-4a7d-4ab3-adbe-2e67760b87f4@group-7E32184879DE: changes role from  FOLLOWER to FOLLOWER at term 592 for recognizeCandidate:f535bb4a-cba0-4f9b-9e3e-e4a48b3eda51
2019-10-18 11:25:34,181 [grpc-default-executor-3] INFO  impl.RoleInfo (RoleInfo.java:shutdownFollowerState(121)) - 54aabb14-4a7d-4ab3-adbe-2e67760b87f4: shutdown FollowerState
2019-10-18 11:25:34,181 [grpc-default-executor-0] INFO  impl.RoleInfo (RoleInfo.java:shutdownFollowerState(121)) - c652e2ee-3322-4406-8db6-1ea643cb3197: shutdown FollowerState
2019-10-18 11:25:34,181 [Thread-3567] INFO  impl.FollowerState (FollowerState.java:run(117)) - 54aabb14-4a7d-4ab3-adbe-2e67760b87f4@group-7E32184879DE-FollowerState was interrupted: java.lang.InterruptedException: sleep interrupted
2019-10-18 11:25:34,181 [grpc-default-executor-3] INFO  impl.RoleInfo (RoleInfo.java:updateAndGet(143)) - 54aabb14-4a7d-4ab3-adbe-2e67760b87f4: start FollowerState
2019-10-18 11:25:34,182 [Thread-3568] INFO  impl.FollowerState (FollowerState.java:run(117)) - c652e2ee-3322-4406-8db6-1ea643cb3197@group-7E32184879DE-FollowerState was interrupted: java.lang.InterruptedException: sleep interrupted
2019-10-18 11:25:34,182 [grpc-default-executor-0] INFO  impl.RoleInfo (RoleInfo.java:updateAndGet(143)) - c652e2ee-3322-4406-8db6-1ea643cb3197: start FollowerState
2019-10-18 11:25:34,204 [f535bb4a-cba0-4f9b-9e3e-e4a48b3eda51@group-7E32184879DE-LeaderElection505] INFO  impl.LeaderElection (LeaderElection.java:logAndReturn(56)) - f535bb4a-cba0-4f9b-9e3e-e4a48b3eda51@group-7E32184879DE-LeaderElection505: Election REJECTED; received 2 response(s) [f535bb4a-cba0-4f9b-9e3e-e4a48b3eda51<-54aabb14-4a7d-4ab3-adbe-2e67760b87f4#0:FAIL-t592, f535bb4a-cba0-4f9b-9e3e-e4a48b3eda51<-c652e2ee-3322-4406-8db6-1ea643cb3197#0:FAIL-t592] and 0 exception(s); f535bb4a-cba0-4f9b-9e3e-e4a48b3eda51@group-7E32184879DE:t592, leader=null, voted=f535bb4a-cba0-4f9b-9e3e-e4a48b3eda51, raftlog=f535bb4a-cba0-4f9b-9e3e-e4a48b3eda51@group-7E32184879DE-SegmentedRaftLog:OPENED:c-1,f-1,i0, conf=-1: [f535bb4a-cba0-4f9b-9e3e-e4a48b3eda51:0.0.0.0:44706, 54aabb14-4a7d-4ab3-adbe-2e67760b87f4:0.0.0.0:43074, c652e2ee-3322-4406-8db6-1ea643cb3197:0.0.0.0:42129], old=null
2019-10-18 11:25:34,205 [f535bb4a-cba0-4f9b-9e3e-e4a48b3eda51@group-7E32184879DE-LeaderElection505] INFO  impl.RaftServerImpl (RaftServerImpl.java:setRole(184)) - f535bb4a-cba0-4f9b-9e3e-e4a48b3eda51@group-7E32184879DE: changes role from CANDIDATE to FOLLOWER at term 592 for DISCOVERED_A_NEW_TERM
2019-10-18 11:25:34,205 [f535bb4a-cba0-4f9b-9e3e-e4a48b3eda51@group-7E32184879DE-LeaderElection505] INFO  impl.RoleInfo (RoleInfo.java:shutdownLeaderElection(134)) - f535bb4a-cba0-4f9b-9e3e-e4a48b3eda51: shutdown LeaderElection
2019-10-18 11:25:34,205 [f535bb4a-cba0-4f9b-9e3e-e4a48b3eda51@group-7E32184879DE-LeaderElection505] INFO  impl.RoleInfo (RoleInfo.java:updateAndGet(143)) - f535bb4a-cba0-4f9b-9e3e-e4a48b3eda51: start FollowerState
2019-10-18 11:25:34,269 [Thread-3575] INFO  impl.FollowerState (FollowerState.java:run(108)) - f535bb4a-cba0-4f9b-9e3e-e4a48b3eda51@group-7E32184879DE-FollowerState: change to CANDIDATE, lastRpcTime:64ms, electionTimeout:64ms
2019-10-18 11:25:34,269 [Thread-3575] INFO  impl.RoleInfo (RoleInfo.java:shutdownFollowerState(121)) - f535bb4a-cba0-4f9b-9e3e-e4a48b3eda51: shutdown FollowerState
2019-10-18 11:25:34,269 [Thread-3575] INFO  impl.RaftServerImpl (RaftServerImpl.java:setRole(184)) - f535bb4a-cba0-4f9b-9e3e-e4a48b3eda51@group-7E32184879DE: changes role from  FOLLOWER to CANDIDATE at term 592 for changeToCandidate
2019-10-18 11:25:34,270 [Thread-3575] INFO  impl.RoleInfo (RoleInfo.java:updateAndGet(143)) - f535bb4a-cba0-4f9b-9e3e-e4a48b3eda51: start LeaderElection
2019-10-18 11:25:34,296 [f535bb4a-cba0-4f9b-9e3e-e4a48b3eda51@group-7E32184879DE-LeaderElection506] INFO  impl.LeaderElection (LeaderElection.java:askForVotes(178)) - f535bb4a-cba0-4f9b-9e3e-e4a48b3eda51@group-7E32184879DE-LeaderElection506: begin an election at term 593 for -1: [f535bb4a-cba0-4f9b-9e3e-e4a48b3eda51:0.0.0.0:44706, 54aabb14-4a7d-4ab3-adbe-2e67760b87f4:0.0.0.0:43074, c652e2ee-3322-4406-8db6-1ea643cb3197:0.0.0.0:42129], old=null
2019-10-18 11:25:34,297 [grpc-default-executor-0] INFO  impl.RaftServerImpl (RaftServerImpl.java:setRole(184)) - 54aabb14-4a7d-4ab3-adbe-2e67760b87f4@group-7E32184879DE: changes role from  FOLLOWER to FOLLOWER at term 593 for recognizeCandidate:f535bb4a-cba0-4f9b-9e3e-e4a48b3eda51
2019-10-18 11:25:34,297 [grpc-default-executor-3] INFO  impl.RaftServerImpl (RaftServerImpl.java:setRole(184)) - c652e2ee-3322-4406-8db6-1ea643cb3197@group-7E32184879DE: changes role from  FOLLOWER to FOLLOWER at term 593 for recognizeCandidate:f535bb4a-cba0-4f9b-9e3e-e4a48b3eda51
2019-10-18 11:25:34,298 [grpc-default-executor-3] INFO  impl.RoleInfo (RoleInfo.java:shutdownFollowerState(121)) - c652e2ee-3322-4406-8db6-1ea643cb3197: shutdown FollowerState
2019-10-18 11:25:34,298 [grpc-default-executor-0] INFO  impl.RoleInfo (RoleInfo.java:shutdownFollowerState(121)) - 54aabb14-4a7d-4ab3-adbe-2e67760b87f4: shutdown FollowerState
2019-10-18 11:25:34,298 [Thread-3574] INFO  impl.FollowerState (FollowerState.java:run(117)) - c652e2ee-3322-4406-8db6-1ea643cb3197@group-7E32184879DE-FollowerState was interrupted: java.lang.InterruptedException: sleep interrupted
2019-10-18 11:25:34,298 [grpc-default-executor-3] INFO  impl.RoleInfo (RoleInfo.java:updateAndGet(143)) - c652e2ee-3322-4406-8db6-1ea643cb3197: start FollowerState
2019-10-18 11:25:34,298 [Thread-3573] INFO  impl.FollowerState (FollowerState.java:run(117)) - 54aabb14-4a7d-4ab3-adbe-2e67760b87f4@group-7E32184879DE-FollowerState was interrupted: java.lang.InterruptedException: sleep interrupted
2019-10-18 11:25:34,298 [grpc-default-executor-0] INFO  impl.RoleInfo (RoleInfo.java:updateAndGet(143)) - 54aabb14-4a7d-4ab3-adbe-2e67760b87f4: start FollowerState
2019-10-18 11:25:34,322 [f535bb4a-cba0-4f9b-9e3e-e4a48b3eda51@group-7E32184879DE-LeaderElection506] INFO  impl.LeaderElection (LeaderElection.java:logAndReturn(56)) - f535bb4a-cba0-4f9b-9e3e-e4a48b3eda51@group-7E32184879DE-LeaderElection506: Election REJECTED; received 2 response(s) [f535bb4a-cba0-4f9b-9e3e-e4a48b3eda51<-54aabb14-4a7d-4ab3-adbe-2e67760b87f4#0:FAIL-t593, f535bb4a-cba0-4f9b-9e3e-e4a48b3eda51<-c652e2ee-3322-4406-8db6-1ea643cb3197#0:FAIL-t593] and 0 exception(s); f535bb4a-cba0-4f9b-9e3e-e4a48b3eda51@group-7E32184879DE:t593, leader=null, voted=f535bb4a-cba0-4f9b-9e3e-e4a48b3eda51, raftlog=f535bb4a-cba0-4f9b-9e3e-e4a48b3eda51@group-7E32184879DE-SegmentedRaftLog:OPENED:c-1,f-1,i0, conf=-1: [f535bb4a-cba0-4f9b-9e3e-e4a48b3eda51:0.0.0.0:44706, 54aabb14-4a7d-4ab3-adbe-2e67760b87f4:0.0.0.0:43074, c652e2ee-3322-4406-8db6-1ea643cb3197:0.0.0.0:42129], old=null
2019-10-18 11:25:34,322 [f535bb4a-cba0-4f9b-9e3e-e4a48b3eda51@group-7E32184879DE-LeaderElection506] INFO  impl.RaftServerImpl (RaftServerImpl.java:setRole(184)) - f535bb4a-cba0-4f9b-9e3e-e4a48b3eda51@group-7E32184879DE: changes role from CANDIDATE to FOLLOWER at term 593 for DISCOVERED_A_NEW_TERM
2019-10-18 11:25:34,322 [f535bb4a-cba0-4f9b-9e3e-e4a48b3eda51@group-7E32184879DE-LeaderElection506] INFO  impl.RoleInfo (RoleInfo.java:shutdownLeaderElection(134)) - f535bb4a-cba0-4f9b-9e3e-e4a48b3eda51: shutdown LeaderElection
2019-10-18 11:25:34,322 [f535bb4a-cba0-4f9b-9e3e-e4a48b3eda51@group-7E32184879DE-LeaderElection506] INFO  impl.RoleInfo (RoleInfo.java:updateAndGet(143)) - f535bb4a-cba0-4f9b-9e3e-e4a48b3eda51: start FollowerState
2019-10-18 11:25:34,373 [Thread-3581] INFO  impl.FollowerState (FollowerState.java:run(108)) - f535bb4a-cba0-4f9b-9e3e-e4a48b3eda51@group-7E32184879DE-FollowerState: change to CANDIDATE, lastRpcTime:50ms, electionTimeout:50ms
2019-10-18 11:25:34,373 [Thread-3581] INFO  impl.RoleInfo (RoleInfo.java:shutdownFollowerState(121)) - f535bb4a-cba0-4f9b-9e3e-e4a48b3eda51: shutdown FollowerState
2019-10-18 11:25:34,373 [Thread-3581] INFO  impl.RaftServerImpl (RaftServerImpl.java:setRole(184)) - f535bb4a-cba0-4f9b-9e3e-e4a48b3eda51@group-7E32184879DE: changes role from  FOLLOWER to CANDIDATE at term 593 for changeToCandidate
2019-10-18 11:25:34,373 [Thread-3581] INFO  impl.RoleInfo (RoleInfo.java:updateAndGet(143)) - f535bb4a-cba0-4f9b-9e3e-e4a48b3eda51: start LeaderElection
2019-10-18 11:25:34,396 [f535bb4a-cba0-4f9b-9e3e-e4a48b3eda51@group-7E32184879DE-LeaderElection507] INFO  impl.LeaderElection (LeaderElection.java:askForVotes(178)) - f535bb4a-cba0-4f9b-9e3e-e4a48b3eda51@group-7E32184879DE-LeaderElection507: begin an election at term 594 for -1: [f535bb4a-cba0-4f9b-9e3e-e4a48b3eda51:0.0.0.0:44706, 54aabb14-4a7d-4ab3-adbe-2e67760b87f4:0.0.0.0:43074, c652e2ee-3322-4406-8db6-1ea643cb3197:0.0.0.0:42129], old=null
2019-10-18 11:25:34,398 [grpc-default-executor-1] INFO  impl.RaftServerImpl (RaftServerImpl.java:setRole(184)) - 54aabb14-4a7d-4ab3-adbe-2e67760b87f4@group-7E32184879DE: changes role from  FOLLOWER to FOLLOWER at term 594 for recognizeCandidate:f535bb4a-cba0-4f9b-9e3e-e4a48b3eda51
2019-10-18 11:25:34,398 [grpc-default-executor-3] INFO  impl.RaftServerImpl (RaftServerImpl.java:setRole(184)) - c652e2ee-3322-4406-8db6-1ea643cb3197@group-7E32184879DE: changes role from  FOLLOWER to FOLLOWER at term 594 for recognizeCandidate:f535bb4a-cba0-4f9b-9e3e-e4a48b3eda51
2019-10-18 11:25:34,399 [grpc-default-executor-3] INFO  impl.RoleInfo (RoleInfo.java:shutdownFollowerState(121)) - c652e2ee-3322-4406-8db6-1ea643cb3197: shutdown FollowerState
2019-10-18 11:25:34,399 [grpc-default-executor-1] INFO  impl.RoleInfo (RoleInfo.java:shutdownFollowerState(121)) - 54aabb14-4a7d-4ab3-adbe-2e67760b87f4: shutdown FollowerState
2019-10-18 11:25:34,399 [Thread-3579] INFO  impl.FollowerState (FollowerState.java:run(117)) - c652e2ee-3322-4406-8db6-1ea643cb3197@group-7E32184879DE-FollowerState was interrupted: java.lang.InterruptedException: sleep interrupted
2019-10-18 11:25:34,399 [Thread-3580] INFO  impl.FollowerState (FollowerState.java:run(117)) - 54aabb14-4a7d-4ab3-adbe-2e67760b87f4@group-7E32184879DE-FollowerState was interrupted: java.lang.InterruptedException: sleep interrupted
2019-10-18 11:25:34,399 [grpc-default-executor-3] INFO  impl.RoleInfo (RoleInfo.java:updateAndGet(143)) - c652e2ee-3322-4406-8db6-1ea643cb3197: start FollowerState
2019-10-18 11:25:34,399 [grpc-default-executor-1] INFO  impl.RoleInfo (RoleInfo.java:updateAndGet(143)) - 54aabb14-4a7d-4ab3-adbe-2e67760b87f4: start FollowerState
2019-10-18 11:25:34,422 [f535bb4a-cba0-4f9b-9e3e-e4a48b3eda51@group-7E32184879DE-LeaderElection507] INFO  impl.LeaderElection (LeaderElection.java:logAndReturn(56)) - f535bb4a-cba0-4f9b-9e3e-e4a48b3eda51@group-7E32184879DE-LeaderElection507: Election REJECTED; received 2 response(s) [f535bb4a-cba0-4f9b-9e3e-e4a48b3eda51<-54aabb14-4a7d-4ab3-adbe-2e67760b87f4#0:FAIL-t594, f535bb4a-cba0-4f9b-9e3e-e4a48b3eda51<-c652e2ee-3322-4406-8db6-1ea643cb3197#0:FAIL-t594] and 0 exception(s); f535bb4a-cba0-4f9b-9e3e-e4a48b3eda51@group-7E32184879DE:t594, leader=null, voted=f535bb4a-cba0-4f9b-9e3e-e4a48b3eda51, raftlog=f535bb4a-cba0-4f9b-9e3e-e4a48b3eda51@group-7E32184879DE-SegmentedRaftLog:OPENED:c-1,f-1,i0, conf=-1: [f535bb4a-cba0-4f9b-9e3e-e4a48b3eda51:0.0.0.0:44706, 54aabb14-4a7d-4ab3-adbe-2e67760b87f4:0.0.0.0:43074, c652e2ee-3322-4406-8db6-1ea643cb3197:0.0.0.0:42129], old=null
2019-10-18 11:25:34,422 [f535bb4a-cba0-4f9b-9e3e-e4a48b3eda51@group-7E32184879DE-LeaderElection507] INFO  impl.RaftServerImpl (RaftServerImpl.java:setRole(184)) - f535bb4a-cba0-4f9b-9e3e-e4a48b3eda51@group-7E32184879DE: changes role from CANDIDATE to FOLLOWER at term 594 for DISCOVERED_A_NEW_TERM
2019-10-18 11:25:34,423 [f535bb4a-cba0-4f9b-9e3e-e4a48b3eda51@group-7E32184879DE-LeaderElection507] INFO  impl.RoleInfo (RoleInfo.java:shutdownLeaderElection(134)) - f535bb4a-cba0-4f9b-9e3e-e4a48b3eda51: shutdown LeaderElection
2019-10-18 11:25:34,423 [f535bb4a-cba0-4f9b-9e3e-e4a48b3eda51@group-7E32184879DE-LeaderElection507] INFO  impl.RoleInfo (RoleInfo.java:updateAndGet(143)) - f535bb4a-cba0-4f9b-9e3e-e4a48b3eda51: start FollowerState
2019-10-18 11:25:34,455 [Thread-3587] INFO  impl.FollowerState (FollowerState.java:run(108)) - f535bb4a-cba0-4f9b-9e3e-e4a48b3eda51@group-7E32184879DE-FollowerState: change to CANDIDATE, lastRpcTime:32ms, electionTimeout:32ms
2019-10-18 11:25:34,455 [Thread-3587] INFO  impl.RoleInfo (RoleInfo.java:shutdownFollowerState(121)) - f535bb4a-cba0-4f9b-9e3e-e4a48b3eda51: shutdown FollowerState
2019-10-18 11:25:34,455 [Thread-3587] INFO  impl.RaftServerImpl (RaftServerImpl.java:setRole(184)) - f535bb4a-cba0-4f9b-9e3e-e4a48b3eda51@group-7E32184879DE: changes role from  FOLLOWER to CANDIDATE at term 594 for changeToCandidate
2019-10-18 11:25:34,455 [Thread-3587] INFO  impl.RoleInfo (RoleInfo.java:updateAndGet(143)) - f535bb4a-cba0-4f9b-9e3e-e4a48b3eda51: start LeaderElection
2019-10-18 11:25:34,480 [f535bb4a-cba0-4f9b-9e3e-e4a48b3eda51@group-7E32184879DE-LeaderElection508] INFO  impl.LeaderElection (LeaderElection.java:askForVotes(178)) - f535bb4a-cba0-4f9b-9e3e-e4a48b3eda51@group-7E32184879DE-LeaderElection508: begin an election at term 595 for -1: [f535bb4a-cba0-4f9b-9e3e-e4a48b3eda51:0.0.0.0:44706, 54aabb14-4a7d-4ab3-adbe-2e67760b87f4:0.0.0.0:43074, c652e2ee-3322-4406-8db6-1ea643cb3197:0.0.0.0:42129], old=null
2019-10-18 11:25:34,482 [grpc-default-executor-1] INFO  impl.RaftServerImpl (RaftServerImpl.java:setRole(184)) - 54aabb14-4a7d-4ab3-adbe-2e67760b87f4@group-7E32184879DE: changes role from  FOLLOWER to FOLLOWER at term 595 for recognizeCandidate:f535bb4a-cba0-4f9b-9e3e-e4a48b3eda51
2019-10-18 11:25:34,482 [grpc-default-executor-1] INFO  impl.RoleInfo (RoleInfo.java:shutdownFollowerState(121)) - 54aabb14-4a7d-4ab3-adbe-2e67760b87f4: shutdown FollowerState
2019-10-18 11:25:34,482 [grpc-default-executor-1] INFO  impl.RoleInfo (RoleInfo.java:updateAndGet(143)) - 54aabb14-4a7d-4ab3-adbe-2e67760b87f4: start FollowerState
2019-10-18 11:25:34,482 [grpc-default-executor-3] INFO  impl.RaftServerImpl (RaftServerImpl.java:setRole(184)) - c652e2ee-3322-4406-8db6-1ea643cb3197@group-7E32184879DE: changes role from  FOLLOWER to FOLLOWER at term 595 for recognizeCandidate:f535bb4a-cba0-4f9b-9e3e-e4a48b3eda51
2019-10-18 11:25:34,482 [Thread-3586] INFO  impl.FollowerState (FollowerState.java:run(117)) - 54aabb14-4a7d-4ab3-adbe-2e67760b87f4@group-7E32184879DE-FollowerState was interrupted: java.lang.InterruptedException: sleep interrupted
2019-10-18 11:25:34,483 [grpc-default-executor-3] INFO  impl.RoleInfo (RoleInfo.java:shutdownFollowerState(121)) - c652e2ee-3322-4406-8db6-1ea643cb3197: shutdown FollowerState
2019-10-18 11:25:34,483 [grpc-default-executor-3] INFO  impl.RoleInfo (RoleInfo.java:updateAndGet(143)) - c652e2ee-3322-4406-8db6-1ea643cb3197: start FollowerState
2019-10-18 11:25:34,483 [Thread-3585] INFO  impl.FollowerState (FollowerState.java:run(117)) - c652e2ee-3322-4406-8db6-1ea643cb3197@group-7E32184879DE-FollowerState was interrupted: java.lang.InterruptedException: sleep interrupted
2019-10-18 11:25:34,492 [f535bb4a-cba0-4f9b-9e3e-e4a48b3eda51@group-7E32184879DE-LeaderElection508] INFO  impl.LeaderElection (LeaderElection.java:logAndReturn(56)) - f535bb4a-cba0-4f9b-9e3e-e4a48b3eda51@group-7E32184879DE-LeaderElection508: Election TIMEOUT; received 0 response(s) [] and 0 exception(s); f535bb4a-cba0-4f9b-9e3e-e4a48b3eda51@group-7E32184879DE:t595, leader=null, voted=f535bb4a-cba0-4f9b-9e3e-e4a48b3eda51, raftlog=f535bb4a-cba0-4f9b-9e3e-e4a48b3eda51@group-7E32184879DE-SegmentedRaftLog:OPENED:c-1,f-1,i0, conf=-1: [f535bb4a-cba0-4f9b-9e3e-e4a48b3eda51:0.0.0.0:44706, 54aabb14-4a7d-4ab3-adbe-2e67760b87f4:0.0.0.0:43074, c652e2ee-3322-4406-8db6-1ea643cb3197:0.0.0.0:42129], old=null
2019-10-18 11:25:34,506 [f535bb4a-cba0-4f9b-9e3e-e4a48b3eda51@group-7E32184879DE-LeaderElection508] INFO  impl.LeaderElection (LeaderElection.java:askForVotes(178)) - f535bb4a-cba0-4f9b-9e3e-e4a48b3eda51@group-7E32184879DE-LeaderElection508: begin an election at term 596 for -1: [f535bb4a-cba0-4f9b-9e3e-e4a48b3eda51:0.0.0.0:44706, 54aabb14-4a7d-4ab3-adbe-2e67760b87f4:0.0.0.0:43074, c652e2ee-3322-4406-8db6-1ea643cb3197:0.0.0.0:42129], old=null
2019-10-18 11:25:34,507 [grpc-default-executor-3] INFO  impl.RaftServerImpl (RaftServerImpl.java:setRole(184)) - 54aabb14-4a7d-4ab3-adbe-2e67760b87f4@group-7E32184879DE: changes role from  FOLLOWER to FOLLOWER at term 596 for recognizeCandidate:f535bb4a-cba0-4f9b-9e3e-e4a48b3eda51
2019-10-18 11:25:34,507 [grpc-default-executor-3] INFO  impl.RoleInfo (RoleInfo.java:shutdownFollowerState(121)) - 54aabb14-4a7d-4ab3-adbe-2e67760b87f4: shutdown FollowerState
2019-10-18 11:25:34,507 [grpc-default-executor-3] INFO  impl.RoleInfo (RoleInfo.java:updateAndGet(143)) - 54aabb14-4a7d-4ab3-adbe-2e67760b87f4: start FollowerState
2019-10-18 11:25:34,507 [Thread-3591] INFO  impl.FollowerState (FollowerState.java:run(117)) - 54aabb14-4a7d-4ab3-adbe-2e67760b87f4@group-7E32184879DE-FollowerState was interrupted: java.lang.InterruptedException: sleep interrupted
2019-10-18 11:25:34,507 [grpc-default-executor-1] INFO  impl.RaftServerImpl (RaftServerImpl.java:setRole(184)) - c652e2ee-3322-4406-8db6-1ea643cb3197@group-7E32184879DE: changes role from  FOLLOWER to FOLLOWER at term 596 for recognizeCandidate:f535bb4a-cba0-4f9b-9e3e-e4a48b3eda51
2019-10-18 11:25:34,507 [grpc-default-executor-1] INFO  impl.RoleInfo (RoleInfo.java:shutdownFollowerState(121)) - c652e2ee-3322-4406-8db6-1ea643cb3197: shutdown FollowerState
2019-10-18 11:25:34,507 [grpc-default-executor-1] INFO  impl.RoleInfo (RoleInfo.java:updateAndGet(143)) - c652e2ee-3322-4406-8db6-1ea643cb3197: start FollowerState
2019-10-18 11:25:34,508 [Thread-3592] INFO  impl.FollowerState (FollowerState.java:run(117)) - c652e2ee-3322-4406-8db6-1ea643cb3197@group-7E32184879DE-FollowerState was interrupted: java.lang.InterruptedException: sleep interrupted
2019-10-18 11:25:34,532 [f535bb4a-cba0-4f9b-9e3e-e4a48b3eda51@group-7E32184879DE-LeaderElection508] INFO  impl.LeaderElection (LeaderElection.java:logAndReturn(56)) - f535bb4a-cba0-4f9b-9e3e-e4a48b3eda51@group-7E32184879DE-LeaderElection508: Election REJECTED; received 2 response(s) [f535bb4a-cba0-4f9b-9e3e-e4a48b3eda51<-54aabb14-4a7d-4ab3-adbe-2e67760b87f4#0:FAIL-t596, f535bb4a-cba0-4f9b-9e3e-e4a48b3eda51<-c652e2ee-3322-4406-8db6-1ea643cb3197#0:FAIL-t596] and 0 exception(s); f535bb4a-cba0-4f9b-9e3e-e4a48b3eda51@group-7E32184879DE:t596, leader=null, voted=f535bb4a-cba0-4f9b-9e3e-e4a48b3eda51, raftlog=f535bb4a-cba0-4f9b-9e3e-e4a48b3eda51@group-7E32184879DE-SegmentedRaftLog:OPENED:c-1,f-1,i0, conf=-1: [f535bb4a-cba0-4f9b-9e3e-e4a48b3eda51:0.0.0.0:44706, 54aabb14-4a7d-4ab3-adbe-2e67760b87f4:0.0.0.0:43074, c652e2ee-3322-4406-8db6-1ea643cb3197:0.0.0.0:42129], old=null
2019-10-18 11:25:34,532 [f535bb4a-cba0-4f9b-9e3e-e4a48b3eda51@group-7E32184879DE-LeaderElection508] INFO  impl.RaftServerImpl (RaftServerImpl.java:setRole(184)) - f535bb4a-cba0-4f9b-9e3e-e4a48b3eda51@group-7E32184879DE: changes role from CANDIDATE to FOLLOWER at term 596 for DISCOVERED_A_NEW_TERM
2019-10-18 11:25:34,532 [f535bb4a-cba0-4f9b-9e3e-e4a48b3eda51@group-7E32184879DE-LeaderElection508] INFO  impl.RoleInfo (RoleInfo.java:shutdownLeaderElection(134)) - f535bb4a-cba0-4f9b-9e3e-e4a48b3eda51: shutdown LeaderElection
2019-10-18 11:25:34,532 [f535bb4a-cba0-4f9b-9e3e-e4a48b3eda51@group-7E32184879DE-LeaderElection508] INFO  impl.RoleInfo (RoleInfo.java:updateAndGet(143)) - f535bb4a-cba0-4f9b-9e3e-e4a48b3eda51: start FollowerState
2019-10-18 11:25:34,731 [Thread-3597] INFO  impl.FollowerState (FollowerState.java:run(108)) - f535bb4a-cba0-4f9b-9e3e-e4a48b3eda51@group-7E32184879DE-FollowerState: change to CANDIDATE, lastRpcTime:198ms, electionTimeout:198ms
2019-10-18 11:25:34,731 [Thread-3597] INFO  impl.RoleInfo (RoleInfo.java:shutdownFollowerState(121)) - f535bb4a-cba0-4f9b-9e3e-e4a48b3eda51: shutdown FollowerState
2019-10-18 11:25:34,731 [Thread-3597] INFO  impl.RaftServerImpl (RaftServerImpl.java:setRole(184)) - f535bb4a-cba0-4f9b-9e3e-e4a48b3eda51@group-7E32184879DE: changes role from  FOLLOWER to CANDIDATE at term 596 for changeToCandidate
2019-10-18 11:25:34,731 [Thread-3597] INFO  impl.RoleInfo (RoleInfo.java:updateAndGet(143)) - f535bb4a-cba0-4f9b-9e3e-e4a48b3eda51: start LeaderElection
2019-10-18 11:25:34,757 [f535bb4a-cba0-4f9b-9e3e-e4a48b3eda51@group-7E32184879DE-LeaderElection509] INFO  impl.LeaderElection (LeaderElection.java:askForVotes(178)) - f535bb4a-cba0-4f9b-9e3e-e4a48b3eda51@group-7E32184879DE-LeaderElection509: begin an election at term 597 for -1: [f535bb4a-cba0-4f9b-9e3e-e4a48b3eda51:0.0.0.0:44706, 54aabb14-4a7d-4ab3-adbe-2e67760b87f4:0.0.0.0:43074, c652e2ee-3322-4406-8db6-1ea643cb3197:0.0.0.0:42129], old=null
2019-10-18 11:25:34,759 [grpc-default-executor-1] INFO  impl.RaftServerImpl (RaftServerImpl.java:setRole(184)) - 54aabb14-4a7d-4ab3-adbe-2e67760b87f4@group-7E32184879DE: changes role from  FOLLOWER to FOLLOWER at term 597 for recognizeCandidate:f535bb4a-cba0-4f9b-9e3e-e4a48b3eda51
2019-10-18 11:25:34,759 [grpc-default-executor-1] INFO  impl.RoleInfo (RoleInfo.java:shutdownFollowerState(121)) - 54aabb14-4a7d-4ab3-adbe-2e67760b87f4: shutdown FollowerState
2019-10-18 11:25:34,759 [grpc-default-executor-3] INFO  impl.RaftServerImpl (RaftServerImpl.java:setRole(184)) - c652e2ee-3322-4406-8db6-1ea643cb3197@group-7E32184879DE: changes role from  FOLLOWER to FOLLOWER at term 597 for recognizeCandidate:f535bb4a-cba0-4f9b-9e3e-e4a48b3eda51
2019-10-18 11:25:34,759 [grpc-default-executor-3] INFO  impl.RoleInfo (RoleInfo.java:shutdownFollowerState(121)) - c652e2ee-3322-4406-8db6-1ea643cb3197: shutdown FollowerState
2019-10-18 11:25:34,759 [Thread-3595] INFO  impl.FollowerState (FollowerState.java:run(117)) - 54aabb14-4a7d-4ab3-adbe-2e67760b87f4@group-7E32184879DE-FollowerState was interrupted: java.lang.InterruptedException: sleep interrupted
2019-10-18 11:25:34,759 [grpc-default-executor-1] INFO  impl.RoleInfo (RoleInfo.java:updateAndGet(143)) - 54aabb14-4a7d-4ab3-adbe-2e67760b87f4: start FollowerState
2019-10-18 11:25:34,760 [Thread-3596] INFO  impl.FollowerState (FollowerState.java:run(117)) - c652e2ee-3322-4406-8db6-1ea643cb3197@group-7E32184879DE-FollowerState was interrupted: java.lang.InterruptedException: sleep interrupted
2019-10-18 11:25:34,760 [grpc-default-executor-3] INFO  impl.RoleInfo (RoleInfo.java:updateAndGet(143)) - c652e2ee-3322-4406-8db6-1ea643cb3197: start FollowerState
2019-10-18 11:25:34,783 [f535bb4a-cba0-4f9b-9e3e-e4a48b3eda51@group-7E32184879DE-LeaderElection509] INFO  impl.LeaderElection (LeaderElection.java:logAndReturn(56)) - f535bb4a-cba0-4f9b-9e3e-e4a48b3eda51@group-7E32184879DE-LeaderElection509: Election REJECTED; received 2 response(s) [f535bb4a-cba0-4f9b-9e3e-e4a48b3eda51<-54aabb14-4a7d-4ab3-adbe-2e67760b87f4#0:FAIL-t597, f535bb4a-cba0-4f9b-9e3e-e4a48b3eda51<-c652e2ee-3322-4406-8db6-1ea643cb3197#0:FAIL-t597] and 0 exception(s); f535bb4a-cba0-4f9b-9e3e-e4a48b3eda51@group-7E32184879DE:t597, leader=null, voted=f535bb4a-cba0-4f9b-9e3e-e4a48b3eda51, raftlog=f535bb4a-cba0-4f9b-9e3e-e4a48b3eda51@group-7E32184879DE-SegmentedRaftLog:OPENED:c-1,f-1,i0, conf=-1: [f535bb4a-cba0-4f9b-9e3e-e4a48b3eda51:0.0.0.0:44706, 54aabb14-4a7d-4ab3-adbe-2e67760b87f4:0.0.0.0:43074, c652e2ee-3322-4406-8db6-1ea643cb3197:0.0.0.0:42129], old=null
2019-10-18 11:25:34,783 [f535bb4a-cba0-4f9b-9e3e-e4a48b3eda51@group-7E32184879DE-LeaderElection509] INFO  impl.RaftServerImpl (RaftServerImpl.java:setRole(184)) - f535bb4a-cba0-4f9b-9e3e-e4a48b3eda51@group-7E32184879DE: changes role from CANDIDATE to FOLLOWER at term 597 for DISCOVERED_A_NEW_TERM
2019-10-18 11:25:34,783 [f535bb4a-cba0-4f9b-9e3e-e4a48b3eda51@group-7E32184879DE-LeaderElection509] INFO  impl.RoleInfo (RoleInfo.java:shutdownLeaderElection(134)) - f535bb4a-cba0-4f9b-9e3e-e4a48b3eda51: shutdown LeaderElection
2019-10-18 11:25:34,783 [f535bb4a-cba0-4f9b-9e3e-e4a48b3eda51@group-7E32184879DE-LeaderElection509] INFO  impl.RoleInfo (RoleInfo.java:updateAndGet(143)) - f535bb4a-cba0-4f9b-9e3e-e4a48b3eda51: start FollowerState
2019-10-18 11:25:34,848 [Thread-3605] INFO  impl.FollowerState (FollowerState.java:run(108)) - f535bb4a-cba0-4f9b-9e3e-e4a48b3eda51@group-7E32184879DE-FollowerState: change to CANDIDATE, lastRpcTime:65ms, electionTimeout:65ms
2019-10-18 11:25:34,849 [Thread-3605] INFO  impl.RoleInfo (RoleInfo.java:shutdownFollowerState(121)) - f535bb4a-cba0-4f9b-9e3e-e4a48b3eda51: shutdown FollowerState
2019-10-18 11:25:34,849 [Thread-3605] INFO  impl.RaftServerImpl (RaftServerImpl.java:setRole(184)) - f535bb4a-cba0-4f9b-9e3e-e4a48b3eda51@group-7E32184879DE: changes role from  FOLLOWER to CANDIDATE at term 597 for changeToCandidate
2019-10-18 11:25:34,849 [Thread-3605] INFO  impl.RoleInfo (RoleInfo.java:updateAndGet(143)) - f535bb4a-cba0-4f9b-9e3e-e4a48b3eda51: start LeaderElection
2019-10-18 11:25:34,877 [f535bb4a-cba0-4f9b-9e3e-e4a48b3eda51@group-7E32184879DE-LeaderElection510] INFO  impl.LeaderElection (LeaderElection.java:askForVotes(178)) - f535bb4a-cba0-4f9b-9e3e-e4a48b3eda51@group-7E32184879DE-LeaderElection510: begin an election at term 598 for -1: [f535bb4a-cba0-4f9b-9e3e-e4a48b3eda51:0.0.0.0:44706, 54aabb14-4a7d-4ab3-adbe-2e67760b87f4:0.0.0.0:43074, c652e2ee-3322-4406-8db6-1ea643cb3197:0.0.0.0:42129], old=null
2019-10-18 11:25:34,879 [grpc-default-executor-1] INFO  impl.RaftServerImpl (RaftServerImpl.java:setRole(184)) - 54aabb14-4a7d-4ab3-adbe-2e67760b87f4@group-7E32184879DE: changes role from  FOLLOWER to FOLLOWER at term 598 for recognizeCandidate:f535bb4a-cba0-4f9b-9e3e-e4a48b3eda51
2019-10-18 11:25:34,879 [grpc-default-executor-1] INFO  impl.RoleInfo (RoleInfo.java:shutdownFollowerState(121)) - 54aabb14-4a7d-4ab3-adbe-2e67760b87f4: shutdown FollowerState
2019-10-18 11:25:34,879 [grpc-default-executor-3] INFO  impl.RaftServerImpl (RaftServerImpl.java:setRole(184)) - c652e2ee-3322-4406-8db6-1ea643cb3197@group-7E32184879DE: changes role from  FOLLOWER to FOLLOWER at term 598 for recognizeCandidate:f535bb4a-cba0-4f9b-9e3e-e4a48b3eda51
2019-10-18 11:25:34,879 [grpc-default-executor-3] INFO  impl.RoleInfo (RoleInfo.java:shutdownFollowerState(121)) - c652e2ee-3322-4406-8db6-1ea643cb3197: shutdown FollowerState
2019-10-18 11:25:34,879 [Thread-3603] INFO  impl.FollowerState (FollowerState.java:run(117)) - 54aabb14-4a7d-4ab3-adbe-2e67760b87f4@group-7E32184879DE-FollowerState was interrupted: java.lang.InterruptedException: sleep interrupted
2019-10-18 11:25:34,879 [grpc-default-executor-1] INFO  impl.RoleInfo (RoleInfo.java:updateAndGet(143)) - 54aabb14-4a7d-4ab3-adbe-2e67760b87f4: start FollowerState
2019-10-18 11:25:34,879 [Thread-3604] INFO  impl.FollowerState (FollowerState.java:run(117)) - c652e2ee-3322-4406-8db6-1ea643cb3197@group-7E32184879DE-FollowerState was interrupted: java.lang.InterruptedException: sleep interrupted
2019-10-18 11:25:34,879 [grpc-default-executor-3] INFO  impl.RoleInfo (RoleInfo.java:updateAndGet(143)) - c652e2ee-3322-4406-8db6-1ea643cb3197: start FollowerState
2019-10-18 11:25:34,905 [f535bb4a-cba0-4f9b-9e3e-e4a48b3eda51@group-7E32184879DE-LeaderElection510] INFO  impl.LeaderElection (LeaderElection.java:logAndReturn(56)) - f535bb4a-cba0-4f9b-9e3e-e4a48b3eda51@group-7E32184879DE-LeaderElection510: Election REJECTED; received 2 response(s) [f535bb4a-cba0-4f9b-9e3e-e4a48b3eda51<-54aabb14-4a7d-4ab3-adbe-2e67760b87f4#0:FAIL-t598, f535bb4a-cba0-4f9b-9e3e-e4a48b3eda51<-c652e2ee-3322-4406-8db6-1ea643cb3197#0:FAIL-t598] and 0 exception(s); f535bb4a-cba0-4f9b-9e3e-e4a48b3eda51@group-7E32184879DE:t598, leader=null, voted=f535bb4a-cba0-4f9b-9e3e-e4a48b3eda51, raftlog=f535bb4a-cba0-4f9b-9e3e-e4a48b3eda51@group-7E32184879DE-SegmentedRaftLog:OPENED:c-1,f-1,i0, conf=-1: [f535bb4a-cba0-4f9b-9e3e-e4a48b3eda51:0.0.0.0:44706, 54aabb14-4a7d-4ab3-adbe-2e67760b87f4:0.0.0.0:43074, c652e2ee-3322-4406-8db6-1ea643cb3197:0.0.0.0:42129], old=null
2019-10-18 11:25:34,905 [f535bb4a-cba0-4f9b-9e3e-e4a48b3eda51@group-7E32184879DE-LeaderElection510] INFO  impl.RaftServerImpl (RaftServerImpl.java:setRole(184)) - f535bb4a-cba0-4f9b-9e3e-e4a48b3eda51@group-7E32184879DE: changes role from CANDIDATE to FOLLOWER at term 598 for DISCOVERED_A_NEW_TERM
2019-10-18 11:25:34,905 [f535bb4a-cba0-4f9b-9e3e-e4a48b3eda51@group-7E32184879DE-LeaderElection510] INFO  impl.RoleInfo (RoleInfo.java:shutdownLeaderElection(134)) - f535bb4a-cba0-4f9b-9e3e-e4a48b3eda51: shutdown LeaderElection
2019-10-18 11:25:34,905 [f535bb4a-cba0-4f9b-9e3e-e4a48b3eda51@group-7E32184879DE-LeaderElection510] INFO  impl.RoleInfo (RoleInfo.java:updateAndGet(143)) - f535bb4a-cba0-4f9b-9e3e-e4a48b3eda51: start FollowerState
2019-10-18 11:25:35,036 [Thread-3611] INFO  impl.FollowerState (FollowerState.java:run(108)) - f535bb4a-cba0-4f9b-9e3e-e4a48b3eda51@group-7E32184879DE-FollowerState: change to CANDIDATE, lastRpcTime:131ms, electionTimeout:131ms
2019-10-18 11:25:35,037 [Thread-3611] INFO  impl.RoleInfo (RoleInfo.java:shutdownFollowerState(121)) - f535bb4a-cba0-4f9b-9e3e-e4a48b3eda51: shutdown FollowerState
2019-10-18 11:25:35,037 [Thread-3611] INFO  impl.RaftServerImpl (RaftServerImpl.java:setRole(184)) - f535bb4a-cba0-4f9b-9e3e-e4a48b3eda51@group-7E32184879DE: changes role from  FOLLOWER to CANDIDATE at term 598 for changeToCandidate
2019-10-18 11:25:35,037 [Thread-3611] INFO  impl.RoleInfo (RoleInfo.java:updateAndGet(143)) - f535bb4a-cba0-4f9b-9e3e-e4a48b3eda51: start LeaderElection
2019-10-18 11:25:35,061 [f535bb4a-cba0-4f9b-9e3e-e4a48b3eda51@group-7E32184879DE-LeaderElection511] INFO  impl.LeaderElection (LeaderElection.java:askForVotes(178)) - f535bb4a-cba0-4f9b-9e3e-e4a48b3eda51@group-7E32184879DE-LeaderElection511: begin an election at term 599 for -1: [f535bb4a-cba0-4f9b-9e3e-e4a48b3eda51:0.0.0.0:44706, 54aabb14-4a7d-4ab3-adbe-2e67760b87f4:0.0.0.0:43074, c652e2ee-3322-4406-8db6-1ea643cb3197:0.0.0.0:42129], old=null
2019-10-18 11:25:35,063 [grpc-default-executor-3] INFO  impl.RaftServerImpl (RaftServerImpl.java:setRole(184)) - c652e2ee-3322-4406-8db6-1ea643cb3197@group-7E32184879DE: changes role from  FOLLOWER to FOLLOWER at term 599 for recognizeCandidate:f535bb4a-cba0-4f9b-9e3e-e4a48b3eda51
2019-10-18 11:25:35,063 [grpc-default-executor-3] INFO  impl.RoleInfo (RoleInfo.java:shutdownFollowerState(121)) - c652e2ee-3322-4406-8db6-1ea643cb3197: shutdown FollowerState
2019-10-18 11:25:35,063 [grpc-default-executor-1] INFO  impl.RaftServerImpl (RaftServerImpl.java:setRole(184)) - 54aabb14-4a7d-4ab3-adbe-2e67760b87f4@group-7E32184879DE: changes role from  FOLLOWER to FOLLOWER at term 599 for recognizeCandidate:f535bb4a-cba0-4f9b-9e3e-e4a48b3eda51
2019-10-18 11:25:35,063 [Thread-3610] INFO  impl.FollowerState (FollowerState.java:run(117)) - c652e2ee-3322-4406-8db6-1ea643cb3197@group-7E32184879DE-FollowerState was interrupted: java.lang.InterruptedException: sleep interrupted
2019-10-18 11:25:35,063 [grpc-default-executor-3] INFO  impl.RoleInfo (RoleInfo.java:updateAndGet(143)) - c652e2ee-3322-4406-8db6-1ea643cb3197: start FollowerState
2019-10-18 11:25:35,064 [grpc-default-executor-1] INFO  impl.RoleInfo (RoleInfo.java:shutdownFollowerState(121)) - 54aabb14-4a7d-4ab3-adbe-2e67760b87f4: shutdown FollowerState
2019-10-18 11:25:35,064 [grpc-default-executor-1] INFO  impl.RoleInfo (RoleInfo.java:updateAndGet(143)) - 54aabb14-4a7d-4ab3-adbe-2e67760b87f4: start FollowerState
2019-10-18 11:25:35,064 [Thread-3609] INFO  impl.FollowerState (FollowerState.java:run(117)) - 54aabb14-4a7d-4ab3-adbe-2e67760b87f4@group-7E32184879DE-FollowerState was interrupted: java.lang.InterruptedException: sleep interrupted
2019-10-18 11:25:35,088 [f535bb4a-cba0-4f9b-9e3e-e4a48b3eda51@group-7E32184879DE-LeaderElection511] INFO  impl.LeaderElection (LeaderElection.java:logAndReturn(56)) - f535bb4a-cba0-4f9b-9e3e-e4a48b3eda51@group-7E32184879DE-LeaderElection511: Election REJECTED; received 2 response(s) [f535bb4a-cba0-4f9b-9e3e-e4a48b3eda51<-54aabb14-4a7d-4ab3-adbe-2e67760b87f4#0:FAIL-t599, f535bb4a-cba0-4f9b-9e3e-e4a48b3eda51<-c652e2ee-3322-4406-8db6-1ea643cb3197#0:FAIL-t599] and 0 exception(s); f535bb4a-cba0-4f9b-9e3e-e4a48b3eda51@group-7E32184879DE:t599, leader=null, voted=f535bb4a-cba0-4f9b-9e3e-e4a48b3eda51, raftlog=f535bb4a-cba0-4f9b-9e3e-e4a48b3eda51@group-7E32184879DE-SegmentedRaftLog:OPENED:c-1,f-1,i0, conf=-1: [f535bb4a-cba0-4f9b-9e3e-e4a48b3eda51:0.0.0.0:44706, 54aabb14-4a7d-4ab3-adbe-2e67760b87f4:0.0.0.0:43074, c652e2ee-3322-4406-8db6-1ea643cb3197:0.0.0.0:42129], old=null
2019-10-18 11:25:35,088 [f535bb4a-cba0-4f9b-9e3e-e4a48b3eda51@group-7E32184879DE-LeaderElection511] INFO  impl.RaftServerImpl (RaftServerImpl.java:setRole(184)) - f535bb4a-cba0-4f9b-9e3e-e4a48b3eda51@group-7E32184879DE: changes role from CANDIDATE to FOLLOWER at term 599 for DISCOVERED_A_NEW_TERM
2019-10-18 11:25:35,088 [f535bb4a-cba0-4f9b-9e3e-e4a48b3eda51@group-7E32184879DE-LeaderElection511] INFO  impl.RoleInfo (RoleInfo.java:shutdownLeaderElection(134)) - f535bb4a-cba0-4f9b-9e3e-e4a48b3eda51: shutdown LeaderElection
2019-10-18 11:25:35,089 [f535bb4a-cba0-4f9b-9e3e-e4a48b3eda51@group-7E32184879DE-LeaderElection511] INFO  impl.RoleInfo (RoleInfo.java:updateAndGet(143)) - f535bb4a-cba0-4f9b-9e3e-e4a48b3eda51: start FollowerState
2019-10-18 11:25:35,284 [Thread-3617] INFO  impl.FollowerState (FollowerState.java:run(108)) - f535bb4a-cba0-4f9b-9e3e-e4a48b3eda51@group-7E32184879DE-FollowerState: change to CANDIDATE, lastRpcTime:195ms, electionTimeout:195ms
2019-10-18 11:25:35,284 [Thread-3617] INFO  impl.RoleInfo (RoleInfo.java:shutdownFollowerState(121)) - f535bb4a-cba0-4f9b-9e3e-e4a48b3eda51: shutdown FollowerState
2019-10-18 11:25:35,284 [Thread-3617] INFO  impl.RaftServerImpl (RaftServerImpl.java:setRole(184)) - f535bb4a-cba0-4f9b-9e3e-e4a48b3eda51@group-7E32184879DE: changes role from  FOLLOWER to CANDIDATE at term 599 for changeToCandidate
2019-10-18 11:25:35,284 [Thread-3617] INFO  impl.RoleInfo (RoleInfo.java:updateAndGet(143)) - f535bb4a-cba0-4f9b-9e3e-e4a48b3eda51: start LeaderElection
2019-10-18 11:25:35,308 [f535bb4a-cba0-4f9b-9e3e-e4a48b3eda51@group-7E32184879DE-LeaderElection512] INFO  impl.LeaderElection (LeaderElection.java:askForVotes(178)) - f535bb4a-cba0-4f9b-9e3e-e4a48b3eda51@group-7E32184879DE-LeaderElection512: begin an election at term 600 for -1: [f535bb4a-cba0-4f9b-9e3e-e4a48b3eda51:0.0.0.0:44706, 54aabb14-4a7d-4ab3-adbe-2e67760b87f4:0.0.0.0:43074, c652e2ee-3322-4406-8db6-1ea643cb3197:0.0.0.0:42129], old=null
2019-10-18 11:25:35,310 [grpc-default-executor-1] INFO  impl.RaftServerImpl (RaftServerImpl.java:setRole(184)) - 54aabb14-4a7d-4ab3-adbe-2e67760b87f4@group-7E32184879DE: changes role from  FOLLOWER to FOLLOWER at term 600 for recognizeCandidate:f535bb4a-cba0-4f9b-9e3e-e4a48b3eda51
2019-10-18 11:25:35,310 [grpc-default-executor-1] INFO  impl.RoleInfo (RoleInfo.java:shutdownFollowerState(121)) - 54aabb14-4a7d-4ab3-adbe-2e67760b87f4: shutdown FollowerState
2019-10-18 11:25:35,310 [grpc-default-executor-3] INFO  impl.RaftServerImpl (RaftServerImpl.java:setRole(184)) - c652e2ee-3322-4406-8db6-1ea643cb3197@group-7E32184879DE: changes role from  FOLLOWER to FOLLOWER at term 600 for recognizeCandidate:f535bb4a-cba0-4f9b-9e3e-e4a48b3eda51
2019-10-18 11:25:35,310 [grpc-default-executor-3] INFO  impl.RoleInfo (RoleInfo.java:shutdownFollowerState(121)) - c652e2ee-3322-4406-8db6-1ea643cb3197: shutdown FollowerState
2019-10-18 11:25:35,310 [grpc-default-executor-1] INFO  impl.RoleInfo (RoleInfo.java:updateAndGet(143)) - 54aabb14-4a7d-4ab3-adbe-2e67760b87f4: start FollowerState
2019-10-18 11:25:35,310 [Thread-3615] INFO  impl.FollowerState (FollowerState.java:run(117)) - c652e2ee-3322-4406-8db6-1ea643cb3197@group-7E32184879DE-FollowerState was interrupted: java.lang.InterruptedException: sleep interrupted
2019-10-18 11:25:35,310 [grpc-default-executor-3] INFO  impl.RoleInfo (RoleInfo.java:updateAndGet(143)) - c652e2ee-3322-4406-8db6-1ea643cb3197: start FollowerState
2019-10-18 11:25:35,310 [Thread-3616] INFO  impl.FollowerState (FollowerState.java:run(117)) - 54aabb14-4a7d-4ab3-adbe-2e67760b87f4@group-7E32184879DE-FollowerState was interrupted: java.lang.InterruptedException: sleep interrupted
2019-10-18 11:25:35,334 [f535bb4a-cba0-4f9b-9e3e-e4a48b3eda51@group-7E32184879DE-LeaderElection512] INFO  impl.LeaderElection (LeaderElection.java:logAndReturn(56)) - f535bb4a-cba0-4f9b-9e3e-e4a48b3eda51@group-7E32184879DE-LeaderElection512: Election REJECTED; received 2 response(s) [f535bb4a-cba0-4f9b-9e3e-e4a48b3eda51<-54aabb14-4a7d-4ab3-adbe-2e67760b87f4#0:FAIL-t600, f535bb4a-cba0-4f9b-9e3e-e4a48b3eda51<-c652e2ee-3322-4406-8db6-1ea643cb3197#0:FAIL-t600] and 0 exception(s); f535bb4a-cba0-4f9b-9e3e-e4a48b3eda51@group-7E32184879DE:t600, leader=null, voted=f535bb4a-cba0-4f9b-9e3e-e4a48b3eda51, raftlog=f535bb4a-cba0-4f9b-9e3e-e4a48b3eda51@group-7E32184879DE-SegmentedRaftLog:OPENED:c-1,f-1,i0, conf=-1: [f535bb4a-cba0-4f9b-9e3e-e4a48b3eda51:0.0.0.0:44706, 54aabb14-4a7d-4ab3-adbe-2e67760b87f4:0.0.0.0:43074, c652e2ee-3322-4406-8db6-1ea643cb3197:0.0.0.0:42129], old=null
2019-10-18 11:25:35,335 [f535bb4a-cba0-4f9b-9e3e-e4a48b3eda51@group-7E32184879DE-LeaderElection512] INFO  impl.RaftServerImpl (RaftServerImpl.java:setRole(184)) - f535bb4a-cba0-4f9b-9e3e-e4a48b3eda51@group-7E32184879DE: changes role from CANDIDATE to FOLLOWER at term 600 for DISCOVERED_A_NEW_TERM
2019-10-18 11:25:35,335 [f535bb4a-cba0-4f9b-9e3e-e4a48b3eda51@group-7E32184879DE-LeaderElection512] INFO  impl.RoleInfo (RoleInfo.java:shutdownLeaderElection(134)) - f535bb4a-cba0-4f9b-9e3e-e4a48b3eda51: shutdown LeaderElection
2019-10-18 11:25:35,335 [f535bb4a-cba0-4f9b-9e3e-e4a48b3eda51@group-7E32184879DE-LeaderElection512] INFO  impl.RoleInfo (RoleInfo.java:updateAndGet(143)) - f535bb4a-cba0-4f9b-9e3e-e4a48b3eda51: start FollowerState
2019-10-18 11:25:35,352 [Thread-3623] INFO  impl.FollowerState (FollowerState.java:run(108)) - f535bb4a-cba0-4f9b-9e3e-e4a48b3eda51@group-7E32184879DE-FollowerState: change to CANDIDATE, lastRpcTime:17ms, electionTimeout:17ms
2019-10-18 11:25:35,352 [Thread-3623] INFO  impl.RoleInfo (RoleInfo.java:shutdownFollowerState(121)) - f535bb4a-cba0-4f9b-9e3e-e4a48b3eda51: shutdown FollowerState
2019-10-18 11:25:35,352 [Thread-3623] INFO  impl.RaftServerImpl (RaftServerImpl.java:setRole(184)) - f535bb4a-cba0-4f9b-9e3e-e4a48b3eda51@group-7E32184879DE: changes role from  FOLLOWER to CANDIDATE at term 600 for changeToCandidate
2019-10-18 11:25:35,352 [Thread-3623] INFO  impl.RoleInfo (RoleInfo.java:updateAndGet(143)) - f535bb4a-cba0-4f9b-9e3e-e4a48b3eda51: start LeaderElection
2019-10-18 11:25:35,376 [f535bb4a-cba0-4f9b-9e3e-e4a48b3eda51@group-7E32184879DE-LeaderElection513] INFO  impl.LeaderElection (LeaderElection.java:askForVotes(178)) - f535bb4a-cba0-4f9b-9e3e-e4a48b3eda51@group-7E32184879DE-LeaderElection513: begin an election at term 601 for -1: [f535bb4a-cba0-4f9b-9e3e-e4a48b3eda51:0.0.0.0:44706, 54aabb14-4a7d-4ab3-adbe-2e67760b87f4:0.0.0.0:43074, c652e2ee-3322-4406-8db6-1ea643cb3197:0.0.0.0:42129], old=null
2019-10-18 11:25:35,378 [grpc-default-executor-3] INFO  impl.RaftServerImpl (RaftServerImpl.java:setRole(184)) - 54aabb14-4a7d-4ab3-adbe-2e67760b87f4@group-7E32184879DE: changes role from  FOLLOWER to FOLLOWER at term 601 for recognizeCandidate:f535bb4a-cba0-4f9b-9e3e-e4a48b3eda51
2019-10-18 11:25:35,378 [grpc-default-executor-3] INFO  impl.RoleInfo (RoleInfo.java:shutdownFollowerState(121)) - 54aabb14-4a7d-4ab3-adbe-2e67760b87f4: shutdown FollowerState
2019-10-18 11:25:35,378 [grpc-default-executor-3] INFO  impl.RoleInfo (RoleInfo.java:updateAndGet(143)) - 54aabb14-4a7d-4ab3-adbe-2e67760b87f4: start FollowerState
2019-10-18 11:25:35,378 [Thread-3621] INFO  impl.FollowerState (FollowerState.java:run(117)) - 54aabb14-4a7d-4ab3-adbe-2e67760b87f4@group-7E32184879DE-FollowerState was interrupted: java.lang.InterruptedException: sleep interrupted
2019-10-18 11:25:35,378 [grpc-default-executor-1] INFO  impl.RaftServerImpl (RaftServerImpl.java:setRole(184)) - c652e2ee-3322-4406-8db6-1ea643cb3197@group-7E32184879DE: changes role from  FOLLOWER to FOLLOWER at term 601 for recognizeCandidate:f535bb4a-cba0-4f9b-9e3e-e4a48b3eda51
2019-10-18 11:25:35,378 [grpc-default-executor-1] INFO  impl.RoleInfo (RoleInfo.java:shutdownFollowerState(121)) - c652e2ee-3322-4406-8db6-1ea643cb3197: shutdown FollowerState
2019-10-18 11:25:35,379 [grpc-default-executor-1] INFO  impl.RoleInfo (RoleInfo.java:updateAndGet(143)) - c652e2ee-3322-4406-8db6-1ea643cb3197: start FollowerState
2019-10-18 11:25:35,379 [Thread-3622] INFO  impl.FollowerState (FollowerState.java:run(117)) - c652e2ee-3322-4406-8db6-1ea643cb3197@group-7E32184879DE-FollowerState was interrupted: java.lang.InterruptedException: sleep interrupted
2019-10-18 11:25:35,403 [f535bb4a-cba0-4f9b-9e3e-e4a48b3eda51@group-7E32184879DE-LeaderElection513] INFO  impl.LeaderElection (LeaderElection.java:logAndReturn(56)) - f535bb4a-cba0-4f9b-9e3e-e4a48b3eda51@group-7E32184879DE-LeaderElection513: Election REJECTED; received 2 response(s) [f535bb4a-cba0-4f9b-9e3e-e4a48b3eda51<-54aabb14-4a7d-4ab3-adbe-2e67760b87f4#0:FAIL-t601, f535bb4a-cba0-4f9b-9e3e-e4a48b3eda51<-c652e2ee-3322-4406-8db6-1ea643cb3197#0:FAIL-t601] and 0 exception(s); f535bb4a-cba0-4f9b-9e3e-e4a48b3eda51@group-7E32184879DE:t601, leader=null, voted=f535bb4a-cba0-4f9b-9e3e-e4a48b3eda51, raftlog=f535bb4a-cba0-4f9b-9e3e-e4a48b3eda51@group-7E32184879DE-SegmentedRaftLog:OPENED:c-1,f-1,i0, conf=-1: [f535bb4a-cba0-4f9b-9e3e-e4a48b3eda51:0.0.0.0:44706, 54aabb14-4a7d-4ab3-adbe-2e67760b87f4:0.0.0.0:43074, c652e2ee-3322-4406-8db6-1ea643cb3197:0.0.0.0:42129], old=null
2019-10-18 11:25:35,403 [f535bb4a-cba0-4f9b-9e3e-e4a48b3eda51@group-7E32184879DE-LeaderElection513] INFO  impl.RaftServerImpl (RaftServerImpl.java:setRole(184)) - f535bb4a-cba0-4f9b-9e3e-e4a48b3eda51@group-7E32184879DE: changes role from CANDIDATE to FOLLOWER at term 601 for DISCOVERED_A_NEW_TERM
2019-10-18 11:25:35,403 [f535bb4a-cba0-4f9b-9e3e-e4a48b3eda51@group-7E32184879DE-LeaderElection513] INFO  impl.RoleInfo (RoleInfo.java:shutdownLeaderElection(134)) - f535bb4a-cba0-4f9b-9e3e-e4a48b3eda51: shutdown LeaderElection
2019-10-18 11:25:35,403 [f535bb4a-cba0-4f9b-9e3e-e4a48b3eda51@group-7E32184879DE-LeaderElection513] INFO  impl.RoleInfo (RoleInfo.java:updateAndGet(143)) - f535bb4a-cba0-4f9b-9e3e-e4a48b3eda51: start FollowerState
2019-10-18 11:25:35,598 [Thread-3629] INFO  impl.FollowerState (FollowerState.java:run(108)) - f535bb4a-cba0-4f9b-9e3e-e4a48b3eda51@group-7E32184879DE-FollowerState: change to CANDIDATE, lastRpcTime:195ms, electionTimeout:195ms
2019-10-18 11:25:35,598 [Thread-3629] INFO  impl.RoleInfo (RoleInfo.java:shutdownFollowerState(121)) - f535bb4a-cba0-4f9b-9e3e-e4a48b3eda51: shutdown FollowerState
2019-10-18 11:25:35,599 [Thread-3629] INFO  impl.RaftServerImpl (RaftServerImpl.java:setRole(184)) - f535bb4a-cba0-4f9b-9e3e-e4a48b3eda51@group-7E32184879DE: changes role from  FOLLOWER to CANDIDATE at term 601 for changeToCandidate
2019-10-18 11:25:35,599 [Thread-3629] INFO  impl.RoleInfo (RoleInfo.java:updateAndGet(143)) - f535bb4a-cba0-4f9b-9e3e-e4a48b3eda51: start LeaderElection
2019-10-18 11:25:35,635 [f535bb4a-cba0-4f9b-9e3e-e4a48b3eda51@group-7E32184879DE-LeaderElection514] INFO  impl.LeaderElection (LeaderElection.java:askForVotes(178)) - f535bb4a-cba0-4f9b-9e3e-e4a48b3eda51@group-7E32184879DE-LeaderElection514: begin an election at term 602 for -1: [f535bb4a-cba0-4f9b-9e3e-e4a48b3eda51:0.0.0.0:44706, 54aabb14-4a7d-4ab3-adbe-2e67760b87f4:0.0.0.0:43074, c652e2ee-3322-4406-8db6-1ea643cb3197:0.0.0.0:42129], old=null
2019-10-18 11:25:35,637 [grpc-default-executor-1] INFO  impl.RaftServerImpl (RaftServerImpl.java:setRole(184)) - 54aabb14-4a7d-4ab3-adbe-2e67760b87f4@group-7E32184879DE: changes role from  FOLLOWER to FOLLOWER at term 602 for recognizeCandidate:f535bb4a-cba0-4f9b-9e3e-e4a48b3eda51
2019-10-18 11:25:35,637 [grpc-default-executor-3] INFO  impl.RaftServerImpl (RaftServerImpl.java:setRole(184)) - c652e2ee-3322-4406-8db6-1ea643cb3197@group-7E32184879DE: changes role from  FOLLOWER to FOLLOWER at term 602 for recognizeCandidate:f535bb4a-cba0-4f9b-9e3e-e4a48b3eda51
2019-10-18 11:25:35,637 [grpc-default-executor-1] INFO  impl.RoleInfo (RoleInfo.java:shutdownFollowerState(121)) - 54aabb14-4a7d-4ab3-adbe-2e67760b87f4: shutdown FollowerState
2019-10-18 11:25:35,637 [grpc-default-executor-3] INFO  impl.RoleInfo (RoleInfo.java:shutdownFollowerState(121)) - c652e2ee-3322-4406-8db6-1ea643cb3197: shutdown FollowerState
2019-10-18 11:25:35,638 [Thread-3627] INFO  impl.FollowerState (FollowerState.java:run(117)) - 54aabb14-4a7d-4ab3-adbe-2e67760b87f4@group-7E32184879DE-FollowerState was interrupted: java.lang.InterruptedException: sleep interrupted
2019-10-18 11:25:35,638 [grpc-default-executor-1] INFO  impl.RoleInfo (RoleInfo.java:updateAndGet(143)) - 54aabb14-4a7d-4ab3-adbe-2e67760b87f4: start FollowerState
2019-10-18 11:25:35,638 [Thread-3628] INFO  impl.FollowerState (FollowerState.java:run(117)) - c652e2ee-3322-4406-8db6-1ea643cb3197@group-7E32184879DE-FollowerState was interrupted: java.lang.InterruptedException: sleep interrupted
2019-10-18 11:25:35,638 [grpc-default-executor-3] INFO  impl.RoleInfo (RoleInfo.java:updateAndGet(143)) - c652e2ee-3322-4406-8db6-1ea643cb3197: start FollowerState
2019-10-18 11:25:35,662 [f535bb4a-cba0-4f9b-9e3e-e4a48b3eda51@group-7E32184879DE-LeaderElection514] INFO  impl.LeaderElection (LeaderElection.java:logAndReturn(56)) - f535bb4a-cba0-4f9b-9e3e-e4a48b3eda51@group-7E32184879DE-LeaderElection514: Election REJECTED; received 2 response(s) [f535bb4a-cba0-4f9b-9e3e-e4a48b3eda51<-54aabb14-4a7d-4ab3-adbe-2e67760b87f4#0:FAIL-t602, f535bb4a-cba0-4f9b-9e3e-e4a48b3eda51<-c652e2ee-3322-4406-8db6-1ea643cb3197#0:FAIL-t602] and 0 exception(s); f535bb4a-cba0-4f9b-9e3e-e4a48b3eda51@group-7E32184879DE:t602, leader=null, voted=f535bb4a-cba0-4f9b-9e3e-e4a48b3eda51, raftlog=f535bb4a-cba0-4f9b-9e3e-e4a48b3eda51@group-7E32184879DE-SegmentedRaftLog:OPENED:c-1,f-1,i0, conf=-1: [f535bb4a-cba0-4f9b-9e3e-e4a48b3eda51:0.0.0.0:44706, 54aabb14-4a7d-4ab3-adbe-2e67760b87f4:0.0.0.0:43074, c652e2ee-3322-4406-8db6-1ea643cb3197:0.0.0.0:42129], old=null
2019-10-18 11:25:35,663 [f535bb4a-cba0-4f9b-9e3e-e4a48b3eda51@group-7E32184879DE-LeaderElection514] INFO  impl.RaftServerImpl (RaftServerImpl.java:setRole(184)) - f535bb4a-cba0-4f9b-9e3e-e4a48b3eda51@group-7E32184879DE: changes role from CANDIDATE to FOLLOWER at term 602 for DISCOVERED_A_NEW_TERM
2019-10-18 11:25:35,663 [f535bb4a-cba0-4f9b-9e3e-e4a48b3eda51@group-7E32184879DE-LeaderElection514] INFO  impl.RoleInfo (RoleInfo.java:shutdownLeaderElection(134)) - f535bb4a-cba0-4f9b-9e3e-e4a48b3eda51: shutdown LeaderElection
2019-10-18 11:25:35,663 [f535bb4a-cba0-4f9b-9e3e-e4a48b3eda51@group-7E32184879DE-LeaderElection514] INFO  impl.RoleInfo (RoleInfo.java:updateAndGet(143)) - f535bb4a-cba0-4f9b-9e3e-e4a48b3eda51: start FollowerState
2019-10-18 11:25:35,697 [Thread-3637] INFO  impl.FollowerState (FollowerState.java:run(108)) - f535bb4a-cba0-4f9b-9e3e-e4a48b3eda51@group-7E32184879DE-FollowerState: change to CANDIDATE, lastRpcTime:34ms, electionTimeout:34ms
2019-10-18 11:25:35,697 [Thread-3637] INFO  impl.RoleInfo (RoleInfo.java:shutdownFollowerState(121)) - f535bb4a-cba0-4f9b-9e3e-e4a48b3eda51: shutdown FollowerState
2019-10-18 11:25:35,697 [Thread-3637] INFO  impl.RaftServerImpl (RaftServerImpl.java:setRole(184)) - f535bb4a-cba0-4f9b-9e3e-e4a48b3eda51@group-7E32184879DE: changes role from  FOLLOWER to CANDIDATE at term 602 for changeToCandidate
2019-10-18 11:25:35,697 [Thread-3637] INFO  impl.RoleInfo (RoleInfo.java:updateAndGet(143)) - f535bb4a-cba0-4f9b-9e3e-e4a48b3eda51: start LeaderElection
2019-10-18 11:25:35,720 [f535bb4a-cba0-4f9b-9e3e-e4a48b3eda51@group-7E32184879DE-LeaderElection515] INFO  impl.LeaderElection (LeaderElection.java:askForVotes(178)) - f535bb4a-cba0-4f9b-9e3e-e4a48b3eda51@group-7E32184879DE-LeaderElection515: begin an election at term 603 for -1: [f535bb4a-cba0-4f9b-9e3e-e4a48b3eda51:0.0.0.0:44706, 54aabb14-4a7d-4ab3-adbe-2e67760b87f4:0.0.0.0:43074, c652e2ee-3322-4406-8db6-1ea643cb3197:0.0.0.0:42129], old=null
2019-10-18 11:25:35,722 [grpc-default-executor-1] INFO  impl.RaftServerImpl (RaftServerImpl.java:setRole(184)) - 54aabb14-4a7d-4ab3-adbe-2e67760b87f4@group-7E32184879DE: changes role from  FOLLOWER to FOLLOWER at term 603 for recognizeCandidate:f535bb4a-cba0-4f9b-9e3e-e4a48b3eda51
2019-10-18 11:25:35,722 [grpc-default-executor-1] INFO  impl.RoleInfo (RoleInfo.java:shutdownFollowerState(121)) - 54aabb14-4a7d-4ab3-adbe-2e67760b87f4: shutdown FollowerState
2019-10-18 11:25:35,722 [grpc-default-executor-3] INFO  impl.RaftServerImpl (RaftServerImpl.java:setRole(184)) - c652e2ee-3322-4406-8db6-1ea643cb3197@group-7E32184879DE: changes role from  FOLLOWER to FOLLOWER at term 603 for recognizeCandidate:f535bb4a-cba0-4f9b-9e3e-e4a48b3eda51
2019-10-18 11:25:35,722 [grpc-default-executor-3] INFO  impl.RoleInfo (RoleInfo.java:shutdownFollowerState(121)) - c652e2ee-3322-4406-8db6-1ea643cb3197: shutdown FollowerState
2019-10-18 11:25:35,722 [Thread-3635] INFO  impl.FollowerState (FollowerState.java:run(117)) - 54aabb14-4a7d-4ab3-adbe-2e67760b87f4@group-7E32184879DE-FollowerState was interrupted: java.lang.InterruptedException: sleep interrupted
2019-10-18 11:25:35,722 [grpc-default-executor-1] INFO  impl.RoleInfo (RoleInfo.java:updateAndGet(143)) - 54aabb14-4a7d-4ab3-adbe-2e67760b87f4: start FollowerState
2019-10-18 11:25:35,722 [grpc-default-executor-3] INFO  impl.RoleInfo (RoleInfo.java:updateAndGet(143)) - c652e2ee-3322-4406-8db6-1ea643cb3197: start FollowerState
2019-10-18 11:25:35,722 [Thread-3636] INFO  impl.FollowerState (FollowerState.java:run(117)) - c652e2ee-3322-4406-8db6-1ea643cb3197@group-7E32184879DE-FollowerState was interrupted: java.lang.InterruptedException: sleep interrupted
2019-10-18 11:25:35,747 [f535bb4a-cba0-4f9b-9e3e-e4a48b3eda51@group-7E32184879DE-LeaderElection515] INFO  impl.LeaderElection (LeaderElection.java:logAndReturn(56)) - f535bb4a-cba0-4f9b-9e3e-e4a48b3eda51@group-7E32184879DE-LeaderElection515: Election REJECTED; received 2 response(s) [f535bb4a-cba0-4f9b-9e3e-e4a48b3eda51<-54aabb14-4a7d-4ab3-adbe-2e67760b87f4#0:FAIL-t603, f535bb4a-cba0-4f9b-9e3e-e4a48b3eda51<-c652e2ee-3322-4406-8db6-1ea643cb3197#0:FAIL-t603] and 0 exception(s); f535bb4a-cba0-4f9b-9e3e-e4a48b3eda51@group-7E32184879DE:t603, leader=null, voted=f535bb4a-cba0-4f9b-9e3e-e4a48b3eda51, raftlog=f535bb4a-cba0-4f9b-9e3e-e4a48b3eda51@group-7E32184879DE-SegmentedRaftLog:OPENED:c-1,f-1,i0, conf=-1: [f535bb4a-cba0-4f9b-9e3e-e4a48b3eda51:0.0.0.0:44706, 54aabb14-4a7d-4ab3-adbe-2e67760b87f4:0.0.0.0:43074, c652e2ee-3322-4406-8db6-1ea643cb3197:0.0.0.0:42129], old=null
2019-10-18 11:25:35,747 [f535bb4a-cba0-4f9b-9e3e-e4a48b3eda51@group-7E32184879DE-LeaderElection515] INFO  impl.RaftServerImpl (RaftServerImpl.java:setRole(184)) - f535bb4a-cba0-4f9b-9e3e-e4a48b3eda51@group-7E32184879DE: changes role from CANDIDATE to FOLLOWER at term 603 for DISCOVERED_A_NEW_TERM
2019-10-18 11:25:35,747 [f535bb4a-cba0-4f9b-9e3e-e4a48b3eda51@group-7E32184879DE-LeaderElection515] INFO  impl.RoleInfo (RoleInfo.java:shutdownLeaderElection(134)) - f535bb4a-cba0-4f9b-9e3e-e4a48b3eda51: shutdown LeaderElection
2019-10-18 11:25:35,747 [f535bb4a-cba0-4f9b-9e3e-e4a48b3eda51@group-7E32184879DE-LeaderElection515] INFO  impl.RoleInfo (RoleInfo.java:updateAndGet(143)) - f535bb4a-cba0-4f9b-9e3e-e4a48b3eda51: start FollowerState
2019-10-18 11:25:35,944 [Thread-3643] INFO  impl.FollowerState (FollowerState.java:run(108)) - f535bb4a-cba0-4f9b-9e3e-e4a48b3eda51@group-7E32184879DE-FollowerState: change to CANDIDATE, lastRpcTime:197ms, electionTimeout:197ms
2019-10-18 11:25:35,945 [Thread-3643] INFO  impl.RoleInfo (RoleInfo.java:shutdownFollowerState(121)) - f535bb4a-cba0-4f9b-9e3e-e4a48b3eda51: shutdown FollowerState
2019-10-18 11:25:35,945 [Thread-3643] INFO  impl.RaftServerImpl (RaftServerImpl.java:setRole(184)) - f535bb4a-cba0-4f9b-9e3e-e4a48b3eda51@group-7E32184879DE: changes role from  FOLLOWER to CANDIDATE at term 603 for changeToCandidate
2019-10-18 11:25:35,945 [Thread-3643] INFO  impl.RoleInfo (RoleInfo.java:updateAndGet(143)) - f535bb4a-cba0-4f9b-9e3e-e4a48b3eda51: start LeaderElection
2019-10-18 11:25:35,971 [f535bb4a-cba0-4f9b-9e3e-e4a48b3eda51@group-7E32184879DE-LeaderElection516] INFO  impl.LeaderElection (LeaderElection.java:askForVotes(178)) - f535bb4a-cba0-4f9b-9e3e-e4a48b3eda51@group-7E32184879DE-LeaderElection516: begin an election at term 604 for -1: [f535bb4a-cba0-4f9b-9e3e-e4a48b3eda51:0.0.0.0:44706, 54aabb14-4a7d-4ab3-adbe-2e67760b87f4:0.0.0.0:43074, c652e2ee-3322-4406-8db6-1ea643cb3197:0.0.0.0:42129], old=null
2019-10-18 11:25:35,973 [grpc-default-executor-1] INFO  impl.RaftServerImpl (RaftServerImpl.java:setRole(184)) - 54aabb14-4a7d-4ab3-adbe-2e67760b87f4@group-7E32184879DE: changes role from  FOLLOWER to FOLLOWER at term 604 for recognizeCandidate:f535bb4a-cba0-4f9b-9e3e-e4a48b3eda51
2019-10-18 11:25:35,973 [grpc-default-executor-3] INFO  impl.RaftServerImpl (RaftServerImpl.java:setRole(184)) - c652e2ee-3322-4406-8db6-1ea643cb3197@group-7E32184879DE: changes role from  FOLLOWER to FOLLOWER at term 604 for recognizeCandidate:f535bb4a-cba0-4f9b-9e3e-e4a48b3eda51
2019-10-18 11:25:35,973 [grpc-default-executor-1] INFO  impl.RoleInfo (RoleInfo.java:shutdownFollowerState(121)) - 54aabb14-4a7d-4ab3-adbe-2e67760b87f4: shutdown FollowerState
2019-10-18 11:25:35,974 [grpc-default-executor-3] INFO  impl.RoleInfo (RoleInfo.java:shutdownFollowerState(121)) - c652e2ee-3322-4406-8db6-1ea643cb3197: shutdown FollowerState
2019-10-18 11:25:35,974 [Thread-3641] INFO  impl.FollowerState (FollowerState.java:run(117)) - 54aabb14-4a7d-4ab3-adbe-2e67760b87f4@group-7E32184879DE-FollowerState was interrupted: java.lang.InterruptedException: sleep interrupted
2019-10-18 11:25:35,974 [Thread-3642] INFO  impl.FollowerState (FollowerState.java:run(117)) - c652e2ee-3322-4406-8db6-1ea643cb3197@group-7E32184879DE-FollowerState was interrupted: java.lang.InterruptedException: sleep interrupted
2019-10-18 11:25:35,974 [grpc-default-executor-3] INFO  impl.RoleInfo (RoleInfo.java:updateAndGet(143)) - c652e2ee-3322-4406-8db6-1ea643cb3197: start FollowerState
2019-10-18 11:25:35,974 [grpc-default-executor-1] INFO  impl.RoleInfo (RoleInfo.java:updateAndGet(143)) - 54aabb14-4a7d-4ab3-adbe-2e67760b87f4: start FollowerState
2019-10-18 11:25:35,997 [f535bb4a-cba0-4f9b-9e3e-e4a48b3eda51@group-7E32184879DE-LeaderElection516] INFO  impl.LeaderElection (LeaderElection.java:logAndReturn(56)) - f535bb4a-cba0-4f9b-9e3e-e4a48b3eda51@group-7E32184879DE-LeaderElection516: Election REJECTED; received 2 response(s) [f535bb4a-cba0-4f9b-9e3e-e4a48b3eda51<-54aabb14-4a7d-4ab3-adbe-2e67760b87f4#0:FAIL-t604, f535bb4a-cba0-4f9b-9e3e-e4a48b3eda51<-c652e2ee-3322-4406-8db6-1ea643cb3197#0:FAIL-t604] and 0 exception(s); f535bb4a-cba0-4f9b-9e3e-e4a48b3eda51@group-7E32184879DE:t604, leader=null, voted=f535bb4a-cba0-4f9b-9e3e-e4a48b3eda51, raftlog=f535bb4a-cba0-4f9b-9e3e-e4a48b3eda51@group-7E32184879DE-SegmentedRaftLog:OPENED:c-1,f-1,i0, conf=-1: [f535bb4a-cba0-4f9b-9e3e-e4a48b3eda51:0.0.0.0:44706, 54aabb14-4a7d-4ab3-adbe-2e67760b87f4:0.0.0.0:43074, c652e2ee-3322-4406-8db6-1ea643cb3197:0.0.0.0:42129], old=null
2019-10-18 11:25:35,998 [f535bb4a-cba0-4f9b-9e3e-e4a48b3eda51@group-7E32184879DE-LeaderElection516] INFO  impl.RaftServerImpl (RaftServerImpl.java:setRole(184)) - f535bb4a-cba0-4f9b-9e3e-e4a48b3eda51@group-7E32184879DE: changes role from CANDIDATE to FOLLOWER at term 604 for DISCOVERED_A_NEW_TERM
2019-10-18 11:25:35,998 [f535bb4a-cba0-4f9b-9e3e-e4a48b3eda51@group-7E32184879DE-LeaderElection516] INFO  impl.RoleInfo (RoleInfo.java:shutdownLeaderElection(134)) - f535bb4a-cba0-4f9b-9e3e-e4a48b3eda51: shutdown LeaderElection
2019-10-18 11:25:35,998 [f535bb4a-cba0-4f9b-9e3e-e4a48b3eda51@group-7E32184879DE-LeaderElection516] INFO  impl.RoleInfo (RoleInfo.java:updateAndGet(143)) - f535bb4a-cba0-4f9b-9e3e-e4a48b3eda51: start FollowerState
2019-10-18 11:25:36,064 [Thread-3649] INFO  impl.FollowerState (FollowerState.java:run(108)) - f535bb4a-cba0-4f9b-9e3e-e4a48b3eda51@group-7E32184879DE-FollowerState: change to CANDIDATE, lastRpcTime:66ms, electionTimeout:66ms
2019-10-18 11:25:36,065 [Thread-3649] INFO  impl.RoleInfo (RoleInfo.java:shutdownFollowerState(121)) - f535bb4a-cba0-4f9b-9e3e-e4a48b3eda51: shutdown FollowerState
2019-10-18 11:25:36,065 [Thread-3649] INFO  impl.RaftServerImpl (RaftServerImpl.java:setRole(184)) - f535bb4a-cba0-4f9b-9e3e-e4a48b3eda51@group-7E32184879DE: changes role from  FOLLOWER to CANDIDATE at term 604 for changeToCandidate
2019-10-18 11:25:36,065 [Thread-3649] INFO  impl.RoleInfo (RoleInfo.java:updateAndGet(143)) - f535bb4a-cba0-4f9b-9e3e-e4a48b3eda51: start LeaderElection
2019-10-18 11:25:36,089 [f535bb4a-cba0-4f9b-9e3e-e4a48b3eda51@group-7E32184879DE-LeaderElection517] INFO  impl.LeaderElection (LeaderElection.java:askForVotes(178)) - f535bb4a-cba0-4f9b-9e3e-e4a48b3eda51@group-7E32184879DE-LeaderElection517: begin an election at term 605 for -1: [f535bb4a-cba0-4f9b-9e3e-e4a48b3eda51:0.0.0.0:44706, 54aabb14-4a7d-4ab3-adbe-2e67760b87f4:0.0.0.0:43074, c652e2ee-3322-4406-8db6-1ea643cb3197:0.0.0.0:42129], old=null
2019-10-18 11:25:36,092 [grpc-default-executor-3] INFO  impl.RaftServerImpl (RaftServerImpl.java:setRole(184)) - 54aabb14-4a7d-4ab3-adbe-2e67760b87f4@group-7E32184879DE: changes role from  FOLLOWER to FOLLOWER at term 605 for recognizeCandidate:f535bb4a-cba0-4f9b-9e3e-e4a48b3eda51
2019-10-18 11:25:36,092 [grpc-default-executor-1] INFO  impl.RaftServerImpl (RaftServerImpl.java:setRole(184)) - c652e2ee-3322-4406-8db6-1ea643cb3197@group-7E32184879DE: changes role from  FOLLOWER to FOLLOWER at term 605 for recognizeCandidate:f535bb4a-cba0-4f9b-9e3e-e4a48b3eda51
2019-10-18 11:25:36,092 [grpc-default-executor-1] INFO  impl.RoleInfo (RoleInfo.java:shutdownFollowerState(121)) - c652e2ee-3322-4406-8db6-1ea643cb3197: shutdown FollowerState
2019-10-18 11:25:36,092 [grpc-default-executor-3] INFO  impl.RoleInfo (RoleInfo.java:shutdownFollowerState(121)) - 54aabb14-4a7d-4ab3-adbe-2e67760b87f4: shutdown FollowerState
2019-10-18 11:25:36,092 [Thread-3648] INFO  impl.FollowerState (FollowerState.java:run(117)) - c652e2ee-3322-4406-8db6-1ea643cb3197@group-7E32184879DE-FollowerState was interrupted: java.lang.InterruptedException: sleep interrupted
2019-10-18 11:25:36,092 [grpc-default-executor-1] INFO  impl.RoleInfo (RoleInfo.java:updateAndGet(143)) - c652e2ee-3322-4406-8db6-1ea643cb3197: start FollowerState
2019-10-18 11:25:36,092 [Thread-3647] INFO  impl.FollowerState (FollowerState.java:run(117)) - 54aabb14-4a7d-4ab3-adbe-2e67760b87f4@group-7E32184879DE-FollowerState was interrupted: java.lang.InterruptedException: sleep interrupted
2019-10-18 11:25:36,092 [grpc-default-executor-3] INFO  impl.RoleInfo (RoleInfo.java:updateAndGet(143)) - 54aabb14-4a7d-4ab3-adbe-2e67760b87f4: start FollowerState
2019-10-18 11:25:36,115 [f535bb4a-cba0-4f9b-9e3e-e4a48b3eda51@group-7E32184879DE-LeaderElection517] INFO  impl.LeaderElection (LeaderElection.java:logAndReturn(56)) - f535bb4a-cba0-4f9b-9e3e-e4a48b3eda51@group-7E32184879DE-LeaderElection517: Election REJECTED; received 2 response(s) [f535bb4a-cba0-4f9b-9e3e-e4a48b3eda51<-54aabb14-4a7d-4ab3-adbe-2e67760b87f4#0:FAIL-t605, f535bb4a-cba0-4f9b-9e3e-e4a48b3eda51<-c652e2ee-3322-4406-8db6-1ea643cb3197#0:FAIL-t605] and 0 exception(s); f535bb4a-cba0-4f9b-9e3e-e4a48b3eda51@group-7E32184879DE:t605, leader=null, voted=f535bb4a-cba0-4f9b-9e3e-e4a48b3eda51, raftlog=f535bb4a-cba0-4f9b-9e3e-e4a48b3eda51@group-7E32184879DE-SegmentedRaftLog:OPENED:c-1,f-1,i0, conf=-1: [f535bb4a-cba0-4f9b-9e3e-e4a48b3eda51:0.0.0.0:44706, 54aabb14-4a7d-4ab3-adbe-2e67760b87f4:0.0.0.0:43074, c652e2ee-3322-4406-8db6-1ea643cb3197:0.0.0.0:42129], old=null
2019-10-18 11:25:36,115 [f535bb4a-cba0-4f9b-9e3e-e4a48b3eda51@group-7E32184879DE-LeaderElection517] INFO  impl.RaftServerImpl (RaftServerImpl.java:setRole(184)) - f535bb4a-cba0-4f9b-9e3e-e4a48b3eda51@group-7E32184879DE: changes role from CANDIDATE to FOLLOWER at term 605 for DISCOVERED_A_NEW_TERM
2019-10-18 11:25:36,115 [f535bb4a-cba0-4f9b-9e3e-e4a48b3eda51@group-7E32184879DE-LeaderElection517] INFO  impl.RoleInfo (RoleInfo.java:shutdownLeaderElection(134)) - f535bb4a-cba0-4f9b-9e3e-e4a48b3eda51: shutdown LeaderElection
2019-10-18 11:25:36,115 [f535bb4a-cba0-4f9b-9e3e-e4a48b3eda51@group-7E32184879DE-LeaderElection517] INFO  impl.RoleInfo (RoleInfo.java:updateAndGet(143)) - f535bb4a-cba0-4f9b-9e3e-e4a48b3eda51: start FollowerState
2019-10-18 11:25:36,125 [Thread-3655] INFO  impl.FollowerState (FollowerState.java:run(108)) - f535bb4a-cba0-4f9b-9e3e-e4a48b3eda51@group-7E32184879DE-FollowerState: change to CANDIDATE, lastRpcTime:10ms, electionTimeout:10ms
2019-10-18 11:25:36,126 [Thread-3655] INFO  impl.RoleInfo (RoleInfo.java:shutdownFollowerState(121)) - f535bb4a-cba0-4f9b-9e3e-e4a48b3eda51: shutdown FollowerState
2019-10-18 11:25:36,126 [Thread-3655] INFO  impl.RaftServerImpl (RaftServerImpl.java:setRole(184)) - f535bb4a-cba0-4f9b-9e3e-e4a48b3eda51@group-7E32184879DE: changes role from  FOLLOWER to CANDIDATE at term 605 for changeToCandidate
2019-10-18 11:25:36,126 [Thread-3655] INFO  impl.RoleInfo (RoleInfo.java:updateAndGet(143)) - f535bb4a-cba0-4f9b-9e3e-e4a48b3eda51: start LeaderElection
2019-10-18 11:25:36,148 [f535bb4a-cba0-4f9b-9e3e-e4a48b3eda51@group-7E32184879DE-LeaderElection518] INFO  impl.LeaderElection (LeaderElection.java:askForVotes(178)) - f535bb4a-cba0-4f9b-9e3e-e4a48b3eda51@group-7E32184879DE-LeaderElection518: begin an election at term 606 for -1: [f535bb4a-cba0-4f9b-9e3e-e4a48b3eda51:0.0.0.0:44706, 54aabb14-4a7d-4ab3-adbe-2e67760b87f4:0.0.0.0:43074, c652e2ee-3322-4406-8db6-1ea643cb3197:0.0.0.0:42129], old=null
2019-10-18 11:25:36,149 [grpc-default-executor-3] INFO  impl.RaftServerImpl (RaftServerImpl.java:setRole(184)) - 54aabb14-4a7d-4ab3-adbe-2e67760b87f4@group-7E32184879DE: changes role from  FOLLOWER to FOLLOWER at term 606 for recognizeCandidate:f535bb4a-cba0-4f9b-9e3e-e4a48b3eda51
2019-10-18 11:25:36,150 [grpc-default-executor-3] INFO  impl.RoleInfo (RoleInfo.java:shutdownFollowerState(121)) - 54aabb14-4a7d-4ab3-adbe-2e67760b87f4: shutdown FollowerState
2019-10-18 11:25:36,149 [grpc-default-executor-1] INFO  impl.RaftServerImpl (RaftServerImpl.java:setRole(184)) - c652e2ee-3322-4406-8db6-1ea643cb3197@group-7E32184879DE: changes role from  FOLLOWER to FOLLOWER at term 606 for recognizeCandidate:f535bb4a-cba0-4f9b-9e3e-e4a48b3eda51
2019-10-18 11:25:36,150 [Thread-3654] INFO  impl.FollowerState (FollowerState.java:run(117)) - 54aabb14-4a7d-4ab3-adbe-2e67760b87f4@group-7E32184879DE-FollowerState was interrupted: java.lang.InterruptedException: sleep interrupted
2019-10-18 11:25:36,150 [grpc-default-executor-3] INFO  impl.RoleInfo (RoleInfo.java:updateAndGet(143)) - 54aabb14-4a7d-4ab3-adbe-2e67760b87f4: start FollowerState
2019-10-18 11:25:36,150 [grpc-default-executor-1] INFO  impl.RoleInfo (RoleInfo.java:shutdownFollowerState(121)) - c652e2ee-3322-4406-8db6-1ea643cb3197: shutdown FollowerState
2019-10-18 11:25:36,150 [grpc-default-executor-1] INFO  impl.RoleInfo (RoleInfo.java:updateAndGet(143)) - c652e2ee-3322-4406-8db6-1ea643cb3197: start FollowerState
2019-10-18 11:25:36,150 [Thread-3653] INFO  impl.FollowerState (FollowerState.java:run(117)) - c652e2ee-3322-4406-8db6-1ea643cb3197@group-7E32184879DE-FollowerState was interrupted: java.lang.InterruptedException: sleep interrupted
2019-10-18 11:25:36,174 [f535bb4a-cba0-4f9b-9e3e-e4a48b3eda51@group-7E32184879DE-LeaderElection518] INFO  impl.LeaderElection (LeaderElection.java:logAndReturn(56)) - f535bb4a-cba0-4f9b-9e3e-e4a48b3eda51@group-7E32184879DE-LeaderElection518: Election REJECTED; received 2 response(s) [f535bb4a-cba0-4f9b-9e3e-e4a48b3eda51<-54aabb14-4a7d-4ab3-adbe-2e67760b87f4#0:FAIL-t606, f535bb4a-cba0-4f9b-9e3e-e4a48b3eda51<-c652e2ee-3322-4406-8db6-1ea643cb3197#0:FAIL-t606] and 0 exception(s); f535bb4a-cba0-4f9b-9e3e-e4a48b3eda51@group-7E32184879DE:t606, leader=null, voted=f535bb4a-cba0-4f9b-9e3e-e4a48b3eda51, raftlog=f535bb4a-cba0-4f9b-9e3e-e4a48b3eda51@group-7E32184879DE-SegmentedRaftLog:OPENED:c-1,f-1,i0, conf=-1: [f535bb4a-cba0-4f9b-9e3e-e4a48b3eda51:0.0.0.0:44706, 54aabb14-4a7d-4ab3-adbe-2e67760b87f4:0.0.0.0:43074, c652e2ee-3322-4406-8db6-1ea643cb3197:0.0.0.0:42129], old=null
2019-10-18 11:25:36,174 [f535bb4a-cba0-4f9b-9e3e-e4a48b3eda51@group-7E32184879DE-LeaderElection518] INFO  impl.RaftServerImpl (RaftServerImpl.java:setRole(184)) - f535bb4a-cba0-4f9b-9e3e-e4a48b3eda51@group-7E32184879DE: changes role from CANDIDATE to FOLLOWER at term 606 for DISCOVERED_A_NEW_TERM
2019-10-18 11:25:36,174 [f535bb4a-cba0-4f9b-9e3e-e4a48b3eda51@group-7E32184879DE-LeaderElection518] INFO  impl.RoleInfo (RoleInfo.java:shutdownLeaderElection(134)) - f535bb4a-cba0-4f9b-9e3e-e4a48b3eda51: shutdown LeaderElection
2019-10-18 11:25:36,174 [f535bb4a-cba0-4f9b-9e3e-e4a48b3eda51@group-7E32184879DE-LeaderElection518] INFO  impl.RoleInfo (RoleInfo.java:updateAndGet(143)) - f535bb4a-cba0-4f9b-9e3e-e4a48b3eda51: start FollowerState
2019-10-18 11:25:36,301 [Thread-3661] INFO  impl.FollowerState (FollowerState.java:run(108)) - f535bb4a-cba0-4f9b-9e3e-e4a48b3eda51@group-7E32184879DE-FollowerState: change to CANDIDATE, lastRpcTime:127ms, electionTimeout:127ms
2019-10-18 11:25:36,302 [Thread-3661] INFO  impl.RoleInfo (RoleInfo.java:shutdownFollowerState(121)) - f535bb4a-cba0-4f9b-9e3e-e4a48b3eda51: shutdown FollowerState
2019-10-18 11:25:36,302 [Thread-3661] INFO  impl.RaftServerImpl (RaftServerImpl.java:setRole(184)) - f535bb4a-cba0-4f9b-9e3e-e4a48b3eda51@group-7E32184879DE: changes role from  FOLLOWER to CANDIDATE at term 606 for changeToCandidate
2019-10-18 11:25:36,302 [Thread-3661] INFO  impl.RoleInfo (RoleInfo.java:updateAndGet(143)) - f535bb4a-cba0-4f9b-9e3e-e4a48b3eda51: start LeaderElection
2019-10-18 11:25:36,332 [f535bb4a-cba0-4f9b-9e3e-e4a48b3eda51@group-7E32184879DE-LeaderElection519] INFO  impl.LeaderElection (LeaderElection.java:askForVotes(178)) - f535bb4a-cba0-4f9b-9e3e-e4a48b3eda51@group-7E32184879DE-LeaderElection519: begin an election at term 607 for -1: [f535bb4a-cba0-4f9b-9e3e-e4a48b3eda51:0.0.0.0:44706, 54aabb14-4a7d-4ab3-adbe-2e67760b87f4:0.0.0.0:43074, c652e2ee-3322-4406-8db6-1ea643cb3197:0.0.0.0:42129], old=null
2019-10-18 11:25:36,334 [grpc-default-executor-3] INFO  impl.RaftServerImpl (RaftServerImpl.java:setRole(184)) - c652e2ee-3322-4406-8db6-1ea643cb3197@group-7E32184879DE: changes role from  FOLLOWER to FOLLOWER at term 607 for recognizeCandidate:f535bb4a-cba0-4f9b-9e3e-e4a48b3eda51
2019-10-18 11:25:36,334 [grpc-default-executor-1] INFO  impl.RaftServerImpl (RaftServerImpl.java:setRole(184)) - 54aabb14-4a7d-4ab3-adbe-2e67760b87f4@group-7E32184879DE: changes role from  FOLLOWER to FOLLOWER at term 607 for recognizeCandidate:f535bb4a-cba0-4f9b-9e3e-e4a48b3eda51
2019-10-18 11:25:36,334 [grpc-default-executor-1] INFO  impl.RoleInfo (RoleInfo.java:shutdownFollowerState(121)) - 54aabb14-4a7d-4ab3-adbe-2e67760b87f4: shutdown FollowerState
2019-10-18 11:25:36,334 [grpc-default-executor-3] INFO  impl.RoleInfo (RoleInfo.java:shutdownFollowerState(121)) - c652e2ee-3322-4406-8db6-1ea643cb3197: shutdown FollowerState
2019-10-18 11:25:36,334 [Thread-3659] INFO  impl.FollowerState (FollowerState.java:run(117)) - 54aabb14-4a7d-4ab3-adbe-2e67760b87f4@group-7E32184879DE-FollowerState was interrupted: java.lang.InterruptedException: sleep interrupted
2019-10-18 11:25:36,334 [grpc-default-executor-1] INFO  impl.RoleInfo (RoleInfo.java:updateAndGet(143)) - 54aabb14-4a7d-4ab3-adbe-2e67760b87f4: start FollowerState
2019-10-18 11:25:36,334 [Thread-3660] INFO  impl.FollowerState (FollowerState.java:run(117)) - c652e2ee-3322-4406-8db6-1ea643cb3197@group-7E32184879DE-FollowerState was interrupted: java.lang.InterruptedException: sleep interrupted
2019-10-18 11:25:36,334 [grpc-default-executor-3] INFO  impl.RoleInfo (RoleInfo.java:updateAndGet(143)) - c652e2ee-3322-4406-8db6-1ea643cb3197: start FollowerState
2019-10-18 11:25:36,358 [f535bb4a-cba0-4f9b-9e3e-e4a48b3eda51@group-7E32184879DE-LeaderElection519] INFO  impl.LeaderElection (LeaderElection.java:logAndReturn(56)) - f535bb4a-cba0-4f9b-9e3e-e4a48b3eda51@group-7E32184879DE-LeaderElection519: Election REJECTED; received 2 response(s) [f535bb4a-cba0-4f9b-9e3e-e4a48b3eda51<-54aabb14-4a7d-4ab3-adbe-2e67760b87f4#0:FAIL-t607, f535bb4a-cba0-4f9b-9e3e-e4a48b3eda51<-c652e2ee-3322-4406-8db6-1ea643cb3197#0:FAIL-t607] and 0 exception(s); f535bb4a-cba0-4f9b-9e3e-e4a48b3eda51@group-7E32184879DE:t607, leader=null, voted=f535bb4a-cba0-4f9b-9e3e-e4a48b3eda51, raftlog=f535bb4a-cba0-4f9b-9e3e-e4a48b3eda51@group-7E32184879DE-SegmentedRaftLog:OPENED:c-1,f-1,i0, conf=-1: [f535bb4a-cba0-4f9b-9e3e-e4a48b3eda51:0.0.0.0:44706, 54aabb14-4a7d-4ab3-adbe-2e67760b87f4:0.0.0.0:43074, c652e2ee-3322-4406-8db6-1ea643cb3197:0.0.0.0:42129], old=null
2019-10-18 11:25:36,358 [f535bb4a-cba0-4f9b-9e3e-e4a48b3eda51@group-7E32184879DE-LeaderElection519] INFO  impl.RaftServerImpl (RaftServerImpl.java:setRole(184)) - f535bb4a-cba0-4f9b-9e3e-e4a48b3eda51@group-7E32184879DE: changes role from CANDIDATE to FOLLOWER at term 607 for DISCOVERED_A_NEW_TERM
2019-10-18 11:25:36,358 [f535bb4a-cba0-4f9b-9e3e-e4a48b3eda51@group-7E32184879DE-LeaderElection519] INFO  impl.RoleInfo (RoleInfo.java:shutdownLeaderElection(134)) - f535bb4a-cba0-4f9b-9e3e-e4a48b3eda51: shutdown LeaderElection
2019-10-18 11:25:36,358 [f535bb4a-cba0-4f9b-9e3e-e4a48b3eda51@group-7E32184879DE-LeaderElection519] INFO  impl.RoleInfo (RoleInfo.java:updateAndGet(143)) - f535bb4a-cba0-4f9b-9e3e-e4a48b3eda51: start FollowerState
2019-10-18 11:25:36,528 [Thread-3667] INFO  impl.FollowerState (FollowerState.java:run(108)) - f535bb4a-cba0-4f9b-9e3e-e4a48b3eda51@group-7E32184879DE-FollowerState: change to CANDIDATE, lastRpcTime:169ms, electionTimeout:169ms
2019-10-18 11:25:36,528 [Thread-3667] INFO  impl.RoleInfo (RoleInfo.java:shutdownFollowerState(121)) - f535bb4a-cba0-4f9b-9e3e-e4a48b3eda51: shutdown FollowerState
2019-10-18 11:25:36,528 [Thread-3667] INFO  impl.RaftServerImpl (RaftServerImpl.java:setRole(184)) - f535bb4a-cba0-4f9b-9e3e-e4a48b3eda51@group-7E32184879DE: changes role from  FOLLOWER to CANDIDATE at term 607 for changeToCandidate
2019-10-18 11:25:36,528 [Thread-3667] INFO  impl.RoleInfo (RoleInfo.java:updateAndGet(143)) - f535bb4a-cba0-4f9b-9e3e-e4a48b3eda51: start LeaderElection
2019-10-18 11:25:36,557 [f535bb4a-cba0-4f9b-9e3e-e4a48b3eda51@group-7E32184879DE-LeaderElection520] INFO  impl.LeaderElection (LeaderElection.java:askForVotes(178)) - f535bb4a-cba0-4f9b-9e3e-e4a48b3eda51@group-7E32184879DE-LeaderElection520: begin an election at term 608 for -1: [f535bb4a-cba0-4f9b-9e3e-e4a48b3eda51:0.0.0.0:44706, 54aabb14-4a7d-4ab3-adbe-2e67760b87f4:0.0.0.0:43074, c652e2ee-3322-4406-8db6-1ea643cb3197:0.0.0.0:42129], old=null
2019-10-18 11:25:36,559 [grpc-default-executor-3] INFO  impl.RaftServerImpl (RaftServerImpl.java:setRole(184)) - 54aabb14-4a7d-4ab3-adbe-2e67760b87f4@group-7E32184879DE: changes role from  FOLLOWER to FOLLOWER at term 608 for recognizeCandidate:f535bb4a-cba0-4f9b-9e3e-e4a48b3eda51
2019-10-18 11:25:36,559 [grpc-default-executor-3] INFO  impl.RoleInfo (RoleInfo.java:shutdownFollowerState(121)) - 54aabb14-4a7d-4ab3-adbe-2e67760b87f4: shutdown FollowerState
2019-10-18 11:25:36,559 [grpc-default-executor-1] INFO  impl.RaftServerImpl (RaftServerImpl.java:setRole(184)) - c652e2ee-3322-4406-8db6-1ea643cb3197@group-7E32184879DE: changes role from  FOLLOWER to FOLLOWER at term 608 for recognizeCandidate:f535bb4a-cba0-4f9b-9e3e-e4a48b3eda51
2019-10-18 11:25:36,560 [grpc-default-executor-1] INFO  impl.RoleInfo (RoleInfo.java:shutdownFollowerState(121)) - c652e2ee-3322-4406-8db6-1ea643cb3197: shutdown FollowerState
2019-10-18 11:25:36,560 [Thread-3665] INFO  impl.FollowerState (FollowerState.java:run(117)) - 54aabb14-4a7d-4ab3-adbe-2e67760b87f4@group-7E32184879DE-FollowerState was interrupted: java.lang.InterruptedException: sleep interrupted
2019-10-18 11:25:36,559 [grpc-default-executor-3] INFO  impl.RoleInfo (RoleInfo.java:updateAndGet(143)) - 54aabb14-4a7d-4ab3-adbe-2e67760b87f4: start FollowerState
2019-10-18 11:25:36,560 [Thread-3666] INFO  impl.FollowerState (FollowerState.java:run(117)) - c652e2ee-3322-4406-8db6-1ea643cb3197@group-7E32184879DE-FollowerState was interrupted: java.lang.InterruptedException: sleep interrupted
2019-10-18 11:25:36,560 [grpc-default-executor-1] INFO  impl.RoleInfo (RoleInfo.java:updateAndGet(143)) - c652e2ee-3322-4406-8db6-1ea643cb3197: start FollowerState
2019-10-18 11:25:36,584 [f535bb4a-cba0-4f9b-9e3e-e4a48b3eda51@group-7E32184879DE-LeaderElection520] INFO  impl.LeaderElection (LeaderElection.java:logAndReturn(56)) - f535bb4a-cba0-4f9b-9e3e-e4a48b3eda51@group-7E32184879DE-LeaderElection520: Election REJECTED; received 2 response(s) [f535bb4a-cba0-4f9b-9e3e-e4a48b3eda51<-54aabb14-4a7d-4ab3-adbe-2e67760b87f4#0:FAIL-t608, f535bb4a-cba0-4f9b-9e3e-e4a48b3eda51<-c652e2ee-3322-4406-8db6-1ea643cb3197#0:FAIL-t608] and 0 exception(s); f535bb4a-cba0-4f9b-9e3e-e4a48b3eda51@group-7E32184879DE:t608, leader=null, voted=f535bb4a-cba0-4f9b-9e3e-e4a48b3eda51, raftlog=f535bb4a-cba0-4f9b-9e3e-e4a48b3eda51@group-7E32184879DE-SegmentedRaftLog:OPENED:c-1,f-1,i0, conf=-1: [f535bb4a-cba0-4f9b-9e3e-e4a48b3eda51:0.0.0.0:44706, 54aabb14-4a7d-4ab3-adbe-2e67760b87f4:0.0.0.0:43074, c652e2ee-3322-4406-8db6-1ea643cb3197:0.0.0.0:42129], old=null
2019-10-18 11:25:36,584 [f535bb4a-cba0-4f9b-9e3e-e4a48b3eda51@group-7E32184879DE-LeaderElection520] INFO  impl.RaftServerImpl (RaftServerImpl.java:setRole(184)) - f535bb4a-cba0-4f9b-9e3e-e4a48b3eda51@group-7E32184879DE: changes role from CANDIDATE to FOLLOWER at term 608 for DISCOVERED_A_NEW_TERM
2019-10-18 11:25:36,584 [f535bb4a-cba0-4f9b-9e3e-e4a48b3eda51@group-7E32184879DE-LeaderElection520] INFO  impl.RoleInfo (RoleInfo.java:shutdownLeaderElection(134)) - f535bb4a-cba0-4f9b-9e3e-e4a48b3eda51: shutdown LeaderElection
2019-10-18 11:25:36,584 [f535bb4a-cba0-4f9b-9e3e-e4a48b3eda51@group-7E32184879DE-LeaderElection520] INFO  impl.RoleInfo (RoleInfo.java:updateAndGet(143)) - f535bb4a-cba0-4f9b-9e3e-e4a48b3eda51: start FollowerState
2019-10-18 11:25:36,749 [Thread-3673] INFO  impl.FollowerState (FollowerState.java:run(108)) - f535bb4a-cba0-4f9b-9e3e-e4a48b3eda51@group-7E32184879DE-FollowerState: change to CANDIDATE, lastRpcTime:164ms, electionTimeout:164ms
2019-10-18 11:25:36,749 [Thread-3673] INFO  impl.RoleInfo (RoleInfo.java:shutdownFollowerState(121)) - f535bb4a-cba0-4f9b-9e3e-e4a48b3eda51: shutdown FollowerState
2019-10-18 11:25:36,749 [Thread-3673] INFO  impl.RaftServerImpl (RaftServerImpl.java:setRole(184)) - f535bb4a-cba0-4f9b-9e3e-e4a48b3eda51@group-7E32184879DE: changes role from  FOLLOWER to CANDIDATE at term 608 for changeToCandidate
2019-10-18 11:25:36,749 [Thread-3673] INFO  impl.RoleInfo (RoleInfo.java:updateAndGet(143)) - f535bb4a-cba0-4f9b-9e3e-e4a48b3eda51: start LeaderElection
2019-10-18 11:25:36,775 [f535bb4a-cba0-4f9b-9e3e-e4a48b3eda51@group-7E32184879DE-LeaderElection521] INFO  impl.LeaderElection (LeaderElection.java:askForVotes(178)) - f535bb4a-cba0-4f9b-9e3e-e4a48b3eda51@group-7E32184879DE-LeaderElection521: begin an election at term 609 for -1: [f535bb4a-cba0-4f9b-9e3e-e4a48b3eda51:0.0.0.0:44706, 54aabb14-4a7d-4ab3-adbe-2e67760b87f4:0.0.0.0:43074, c652e2ee-3322-4406-8db6-1ea643cb3197:0.0.0.0:42129], old=null
2019-10-18 11:25:36,777 [grpc-default-executor-1] INFO  impl.RaftServerImpl (RaftServerImpl.java:setRole(184)) - c652e2ee-3322-4406-8db6-1ea643cb3197@group-7E32184879DE: changes role from  FOLLOWER to FOLLOWER at term 609 for recognizeCandidate:f535bb4a-cba0-4f9b-9e3e-e4a48b3eda51
2019-10-18 11:25:36,777 [grpc-default-executor-1] INFO  impl.RoleInfo (RoleInfo.java:shutdownFollowerState(121)) - c652e2ee-3322-4406-8db6-1ea643cb3197: shutdown FollowerState
2019-10-18 11:25:36,777 [grpc-default-executor-3] INFO  impl.RaftServerImpl (RaftServerImpl.java:setRole(184)) - 54aabb14-4a7d-4ab3-adbe-2e67760b87f4@group-7E32184879DE: changes role from  FOLLOWER to FOLLOWER at term 609 for recognizeCandidate:f535bb4a-cba0-4f9b-9e3e-e4a48b3eda51
2019-10-18 11:25:36,777 [grpc-default-executor-3] INFO  impl.RoleInfo (RoleInfo.java:shutdownFollowerState(121)) - 54aabb14-4a7d-4ab3-adbe-2e67760b87f4: shutdown FollowerState
2019-10-18 11:25:36,777 [Thread-3672] INFO  impl.FollowerState (FollowerState.java:run(117)) - c652e2ee-3322-4406-8db6-1ea643cb3197@group-7E32184879DE-FollowerState was interrupted: java.lang.InterruptedException: sleep interrupted
2019-10-18 11:25:36,777 [grpc-default-executor-1] INFO  impl.RoleInfo (RoleInfo.java:updateAndGet(143)) - c652e2ee-3322-4406-8db6-1ea643cb3197: start FollowerState
2019-10-18 11:25:36,778 [Thread-3671] INFO  impl.FollowerState (FollowerState.java:run(117)) - 54aabb14-4a7d-4ab3-adbe-2e67760b87f4@group-7E32184879DE-FollowerState was interrupted: java.lang.InterruptedException: sleep interrupted
2019-10-18 11:25:36,778 [grpc-default-executor-3] INFO  impl.RoleInfo (RoleInfo.java:updateAndGet(143)) - 54aabb14-4a7d-4ab3-adbe-2e67760b87f4: start FollowerState
2019-10-18 11:25:36,801 [f535bb4a-cba0-4f9b-9e3e-e4a48b3eda51@group-7E32184879DE-LeaderElection521] INFO  impl.LeaderElection (LeaderElection.java:logAndReturn(56)) - f535bb4a-cba0-4f9b-9e3e-e4a48b3eda51@group-7E32184879DE-LeaderElection521: Election REJECTED; received 2 response(s) [f535bb4a-cba0-4f9b-9e3e-e4a48b3eda51<-54aabb14-4a7d-4ab3-adbe-2e67760b87f4#0:FAIL-t609, f535bb4a-cba0-4f9b-9e3e-e4a48b3eda51<-c652e2ee-3322-4406-8db6-1ea643cb3197#0:FAIL-t609] and 0 exception(s); f535bb4a-cba0-4f9b-9e3e-e4a48b3eda51@group-7E32184879DE:t609, leader=null, voted=f535bb4a-cba0-4f9b-9e3e-e4a48b3eda51, raftlog=f535bb4a-cba0-4f9b-9e3e-e4a48b3eda51@group-7E32184879DE-SegmentedRaftLog:OPENED:c-1,f-1,i0, conf=-1: [f535bb4a-cba0-4f9b-9e3e-e4a48b3eda51:0.0.0.0:44706, 54aabb14-4a7d-4ab3-adbe-2e67760b87f4:0.0.0.0:43074, c652e2ee-3322-4406-8db6-1ea643cb3197:0.0.0.0:42129], old=null
2019-10-18 11:25:36,801 [f535bb4a-cba0-4f9b-9e3e-e4a48b3eda51@group-7E32184879DE-LeaderElection521] INFO  impl.RaftServerImpl (RaftServerImpl.java:setRole(184)) - f535bb4a-cba0-4f9b-9e3e-e4a48b3eda51@group-7E32184879DE: changes role from CANDIDATE to FOLLOWER at term 609 for DISCOVERED_A_NEW_TERM
2019-10-18 11:25:36,801 [f535bb4a-cba0-4f9b-9e3e-e4a48b3eda51@group-7E32184879DE-LeaderElection521] INFO  impl.RoleInfo (RoleInfo.java:shutdownLeaderElection(134)) - f535bb4a-cba0-4f9b-9e3e-e4a48b3eda51: shutdown LeaderElection
2019-10-18 11:25:36,801 [f535bb4a-cba0-4f9b-9e3e-e4a48b3eda51@group-7E32184879DE-LeaderElection521] INFO  impl.RoleInfo (RoleInfo.java:updateAndGet(143)) - f535bb4a-cba0-4f9b-9e3e-e4a48b3eda51: start FollowerState
2019-10-18 11:25:36,902 [Thread-3681] INFO  impl.FollowerState (FollowerState.java:run(108)) - f535bb4a-cba0-4f9b-9e3e-e4a48b3eda51@group-7E32184879DE-FollowerState: change to CANDIDATE, lastRpcTime:100ms, electionTimeout:100ms
2019-10-18 11:25:36,902 [Thread-3681] INFO  impl.RoleInfo (RoleInfo.java:shutdownFollowerState(121)) - f535bb4a-cba0-4f9b-9e3e-e4a48b3eda51: shutdown FollowerState
2019-10-18 11:25:36,903 [Thread-3681] INFO  impl.RaftServerImpl (RaftServerImpl.java:setRole(184)) - f535bb4a-cba0-4f9b-9e3e-e4a48b3eda51@group-7E32184879DE: changes role from  FOLLOWER to CANDIDATE at term 609 for changeToCandidate
2019-10-18 11:25:36,903 [Thread-3681] INFO  impl.RoleInfo (RoleInfo.java:updateAndGet(143)) - f535bb4a-cba0-4f9b-9e3e-e4a48b3eda51: start LeaderElection
2019-10-18 11:25:36,934 [f535bb4a-cba0-4f9b-9e3e-e4a48b3eda51@group-7E32184879DE-LeaderElection522] INFO  impl.LeaderElection (LeaderElection.java:askForVotes(178)) - f535bb4a-cba0-4f9b-9e3e-e4a48b3eda51@group-7E32184879DE-LeaderElection522: begin an election at term 610 for -1: [f535bb4a-cba0-4f9b-9e3e-e4a48b3eda51:0.0.0.0:44706, 54aabb14-4a7d-4ab3-adbe-2e67760b87f4:0.0.0.0:43074, c652e2ee-3322-4406-8db6-1ea643cb3197:0.0.0.0:42129], old=null
2019-10-18 11:25:36,942 [grpc-default-executor-1] INFO  impl.RaftServerImpl (RaftServerImpl.java:setRole(184)) - c652e2ee-3322-4406-8db6-1ea643cb3197@group-7E32184879DE: changes role from  FOLLOWER to FOLLOWER at term 610 for recognizeCandidate:f535bb4a-cba0-4f9b-9e3e-e4a48b3eda51
2019-10-18 11:25:36,942 [grpc-default-executor-3] INFO  impl.RaftServerImpl (RaftServerImpl.java:setRole(184)) - 54aabb14-4a7d-4ab3-adbe-2e67760b87f4@group-7E32184879DE: changes role from  FOLLOWER to FOLLOWER at term 610 for recognizeCandidate:f535bb4a-cba0-4f9b-9e3e-e4a48b3eda51
2019-10-18 11:25:36,942 [grpc-default-executor-1] INFO  impl.RoleInfo (RoleInfo.java:shutdownFollowerState(121)) - c652e2ee-3322-4406-8db6-1ea643cb3197: shutdown FollowerState
2019-10-18 11:25:36,943 [grpc-default-executor-3] INFO  impl.RoleInfo (RoleInfo.java:shutdownFollowerState(121)) - 54aabb14-4a7d-4ab3-adbe-2e67760b87f4: shutdown FollowerState
2019-10-18 11:25:36,943 [grpc-default-executor-1] INFO  impl.RoleInfo (RoleInfo.java:updateAndGet(143)) - c652e2ee-3322-4406-8db6-1ea643cb3197: start FollowerState
2019-10-18 11:25:36,943 [Thread-3680] INFO  impl.FollowerState (FollowerState.java:run(117)) - 54aabb14-4a7d-4ab3-adbe-2e67760b87f4@group-7E32184879DE-FollowerState was interrupted: java.lang.InterruptedException: sleep interrupted
2019-10-18 11:25:36,943 [Thread-3679] INFO  impl.FollowerState (FollowerState.java:run(117)) - c652e2ee-3322-4406-8db6-1ea643cb3197@group-7E32184879DE-FollowerState was interrupted: java.lang.InterruptedException: sleep interrupted
2019-10-18 11:25:36,943 [grpc-default-executor-3] INFO  impl.RoleInfo (RoleInfo.java:updateAndGet(143)) - 54aabb14-4a7d-4ab3-adbe-2e67760b87f4: start FollowerState
2019-10-18 11:25:36,969 [f535bb4a-cba0-4f9b-9e3e-e4a48b3eda51@group-7E32184879DE-LeaderElection522] INFO  impl.LeaderElection (LeaderElection.java:logAndReturn(56)) - f535bb4a-cba0-4f9b-9e3e-e4a48b3eda51@group-7E32184879DE-LeaderElection522: Election REJECTED; received 2 response(s) [f535bb4a-cba0-4f9b-9e3e-e4a48b3eda51<-54aabb14-4a7d-4ab3-adbe-2e67760b87f4#0:FAIL-t610, f535bb4a-cba0-4f9b-9e3e-e4a48b3eda51<-c652e2ee-3322-4406-8db6-1ea643cb3197#0:FAIL-t610] and 0 exception(s); f535bb4a-cba0-4f9b-9e3e-e4a48b3eda51@group-7E32184879DE:t610, leader=null, voted=f535bb4a-cba0-4f9b-9e3e-e4a48b3eda51, raftlog=f535bb4a-cba0-4f9b-9e3e-e4a48b3eda51@group-7E32184879DE-SegmentedRaftLog:OPENED:c-1,f-1,i0, conf=-1: [f535bb4a-cba0-4f9b-9e3e-e4a48b3eda51:0.0.0.0:44706, 54aabb14-4a7d-4ab3-adbe-2e67760b87f4:0.0.0.0:43074, c652e2ee-3322-4406-8db6-1ea643cb3197:0.0.0.0:42129], old=null
2019-10-18 11:25:36,969 [f535bb4a-cba0-4f9b-9e3e-e4a48b3eda51@group-7E32184879DE-LeaderElection522] INFO  impl.RaftServerImpl (RaftServerImpl.java:setRole(184)) - f535bb4a-cba0-4f9b-9e3e-e4a48b3eda51@group-7E32184879DE: changes role from CANDIDATE to FOLLOWER at term 610 for DISCOVERED_A_NEW_TERM
2019-10-18 11:25:36,969 [f535bb4a-cba0-4f9b-9e3e-e4a48b3eda51@group-7E32184879DE-LeaderElection522] INFO  impl.RoleInfo (RoleInfo.java:shutdownLeaderElection(134)) - f535bb4a-cba0-4f9b-9e3e-e4a48b3eda51: shutdown LeaderElection
2019-10-18 11:25:36,969 [f535bb4a-cba0-4f9b-9e3e-e4a48b3eda51@group-7E32184879DE-LeaderElection522] INFO  impl.RoleInfo (RoleInfo.java:updateAndGet(143)) - f535bb4a-cba0-4f9b-9e3e-e4a48b3eda51: start FollowerState
2019-10-18 11:25:37,039 [Thread-3687] INFO  impl.FollowerState (FollowerState.java:run(108)) - f535bb4a-cba0-4f9b-9e3e-e4a48b3eda51@group-7E32184879DE-FollowerState: change to CANDIDATE, lastRpcTime:69ms, electionTimeout:69ms
2019-10-18 11:25:37,039 [Thread-3687] INFO  impl.RoleInfo (RoleInfo.java:shutdownFollowerState(121)) - f535bb4a-cba0-4f9b-9e3e-e4a48b3eda51: shutdown FollowerState
2019-10-18 11:25:37,039 [Thread-3687] INFO  impl.RaftServerImpl (RaftServerImpl.java:setRole(184)) - f535bb4a-cba0-4f9b-9e3e-e4a48b3eda51@group-7E32184879DE: changes role from  FOLLOWER to CANDIDATE at term 610 for changeToCandidate
2019-10-18 11:25:37,039 [Thread-3687] INFO  impl.RoleInfo (RoleInfo.java:updateAndGet(143)) - f535bb4a-cba0-4f9b-9e3e-e4a48b3eda51: start LeaderElection
2019-10-18 11:25:37,068 [f535bb4a-cba0-4f9b-9e3e-e4a48b3eda51@group-7E32184879DE-LeaderElection523] INFO  impl.LeaderElection (LeaderElection.java:askForVotes(178)) - f535bb4a-cba0-4f9b-9e3e-e4a48b3eda51@group-7E32184879DE-LeaderElection523: begin an election at term 611 for -1: [f535bb4a-cba0-4f9b-9e3e-e4a48b3eda51:0.0.0.0:44706, 54aabb14-4a7d-4ab3-adbe-2e67760b87f4:0.0.0.0:43074, c652e2ee-3322-4406-8db6-1ea643cb3197:0.0.0.0:42129], old=null
2019-10-18 11:25:37,070 [grpc-default-executor-1] INFO  impl.RaftServerImpl (RaftServerImpl.java:setRole(184)) - 54aabb14-4a7d-4ab3-adbe-2e67760b87f4@group-7E32184879DE: changes role from  FOLLOWER to FOLLOWER at term 611 for recognizeCandidate:f535bb4a-cba0-4f9b-9e3e-e4a48b3eda51
2019-10-18 11:25:37,070 [grpc-default-executor-1] INFO  impl.RoleInfo (RoleInfo.java:shutdownFollowerState(121)) - 54aabb14-4a7d-4ab3-adbe-2e67760b87f4: shutdown FollowerState
2019-10-18 11:25:37,070 [grpc-default-executor-3] INFO  impl.RaftServerImpl (RaftServerImpl.java:setRole(184)) - c652e2ee-3322-4406-8db6-1ea643cb3197@group-7E32184879DE: changes role from  FOLLOWER to FOLLOWER at term 611 for recognizeCandidate:f535bb4a-cba0-4f9b-9e3e-e4a48b3eda51
2019-10-18 11:25:37,070 [grpc-default-executor-3] INFO  impl.RoleInfo (RoleInfo.java:shutdownFollowerState(121)) - c652e2ee-3322-4406-8db6-1ea643cb3197: shutdown FollowerState
2019-10-18 11:25:37,070 [Thread-3686] INFO  impl.FollowerState (FollowerState.java:run(117)) - 54aabb14-4a7d-4ab3-adbe-2e67760b87f4@group-7E32184879DE-FollowerState was interrupted: java.lang.InterruptedException: sleep interrupted
2019-10-18 11:25:37,070 [Thread-3685] INFO  impl.FollowerState (FollowerState.java:run(117)) - c652e2ee-3322-4406-8db6-1ea643cb3197@group-7E32184879DE-FollowerState was interrupted: java.lang.InterruptedException: sleep interrupted
2019-10-18 11:25:37,070 [grpc-default-executor-1] INFO  impl.RoleInfo (RoleInfo.java:updateAndGet(143)) - 54aabb14-4a7d-4ab3-adbe-2e67760b87f4: start FollowerState
2019-10-18 11:25:37,070 [grpc-default-executor-3] INFO  impl.RoleInfo (RoleInfo.java:updateAndGet(143)) - c652e2ee-3322-4406-8db6-1ea643cb3197: start FollowerState
2019-10-18 11:25:37,094 [f535bb4a-cba0-4f9b-9e3e-e4a48b3eda51@group-7E32184879DE-LeaderElection523] INFO  impl.LeaderElection (LeaderElection.java:logAndReturn(56)) - f535bb4a-cba0-4f9b-9e3e-e4a48b3eda51@group-7E32184879DE-LeaderElection523: Election REJECTED; received 2 response(s) [f535bb4a-cba0-4f9b-9e3e-e4a48b3eda51<-54aabb14-4a7d-4ab3-adbe-2e67760b87f4#0:FAIL-t611, f535bb4a-cba0-4f9b-9e3e-e4a48b3eda51<-c652e2ee-3322-4406-8db6-1ea643cb3197#0:FAIL-t611] and 0 exception(s); f535bb4a-cba0-4f9b-9e3e-e4a48b3eda51@group-7E32184879DE:t611, leader=null, voted=f535bb4a-cba0-4f9b-9e3e-e4a48b3eda51, raftlog=f535bb4a-cba0-4f9b-9e3e-e4a48b3eda51@group-7E32184879DE-SegmentedRaftLog:OPENED:c-1,f-1,i0, conf=-1: [f535bb4a-cba0-4f9b-9e3e-e4a48b3eda51:0.0.0.0:44706, 54aabb14-4a7d-4ab3-adbe-2e67760b87f4:0.0.0.0:43074, c652e2ee-3322-4406-8db6-1ea643cb3197:0.0.0.0:42129], old=null
2019-10-18 11:25:37,094 [f535bb4a-cba0-4f9b-9e3e-e4a48b3eda51@group-7E32184879DE-LeaderElection523] INFO  impl.RaftServerImpl (RaftServerImpl.java:setRole(184)) - f535bb4a-cba0-4f9b-9e3e-e4a48b3eda51@group-7E32184879DE: changes role from CANDIDATE to FOLLOWER at term 611 for DISCOVERED_A_NEW_TERM
2019-10-18 11:25:37,094 [f535bb4a-cba0-4f9b-9e3e-e4a48b3eda51@group-7E32184879DE-LeaderElection523] INFO  impl.RoleInfo (RoleInfo.java:shutdownLeaderElection(134)) - f535bb4a-cba0-4f9b-9e3e-e4a48b3eda51: shutdown LeaderElection
2019-10-18 11:25:37,094 [f535bb4a-cba0-4f9b-9e3e-e4a48b3eda51@group-7E32184879DE-LeaderElection523] INFO  impl.RoleInfo (RoleInfo.java:updateAndGet(143)) - f535bb4a-cba0-4f9b-9e3e-e4a48b3eda51: start FollowerState
2019-10-18 11:25:37,277 [Thread-3693] INFO  impl.FollowerState (FollowerState.java:run(108)) - f535bb4a-cba0-4f9b-9e3e-e4a48b3eda51@group-7E32184879DE-FollowerState: change to CANDIDATE, lastRpcTime:182ms, electionTimeout:182ms
2019-10-18 11:25:37,277 [Thread-3693] INFO  impl.RoleInfo (RoleInfo.java:shutdownFollowerState(121)) - f535bb4a-cba0-4f9b-9e3e-e4a48b3eda51: shutdown FollowerState
2019-10-18 11:25:37,277 [Thread-3693] INFO  impl.RaftServerImpl (RaftServerImpl.java:setRole(184)) - f535bb4a-cba0-4f9b-9e3e-e4a48b3eda51@group-7E32184879DE: changes role from  FOLLOWER to CANDIDATE at term 611 for changeToCandidate
2019-10-18 11:25:37,277 [Thread-3693] INFO  impl.RoleInfo (RoleInfo.java:updateAndGet(143)) - f535bb4a-cba0-4f9b-9e3e-e4a48b3eda51: start LeaderElection
2019-10-18 11:25:37,302 [f535bb4a-cba0-4f9b-9e3e-e4a48b3eda51@group-7E32184879DE-LeaderElection524] INFO  impl.LeaderElection (LeaderElection.java:askForVotes(178)) - f535bb4a-cba0-4f9b-9e3e-e4a48b3eda51@group-7E32184879DE-LeaderElection524: begin an election at term 612 for -1: [f535bb4a-cba0-4f9b-9e3e-e4a48b3eda51:0.0.0.0:44706, 54aabb14-4a7d-4ab3-adbe-2e67760b87f4:0.0.0.0:43074, c652e2ee-3322-4406-8db6-1ea643cb3197:0.0.0.0:42129], old=null
2019-10-18 11:25:37,304 [grpc-default-executor-1] INFO  impl.RaftServerImpl (RaftServerImpl.java:setRole(184)) - 54aabb14-4a7d-4ab3-adbe-2e67760b87f4@group-7E32184879DE: changes role from  FOLLOWER to FOLLOWER at term 612 for recognizeCandidate:f535bb4a-cba0-4f9b-9e3e-e4a48b3eda51
2019-10-18 11:25:37,304 [grpc-default-executor-3] INFO  impl.RaftServerImpl (RaftServerImpl.java:setRole(184)) - c652e2ee-3322-4406-8db6-1ea643cb3197@group-7E32184879DE: changes role from  FOLLOWER to FOLLOWER at term 612 for recognizeCandidate:f535bb4a-cba0-4f9b-9e3e-e4a48b3eda51
2019-10-18 11:25:37,304 [grpc-default-executor-3] INFO  impl.RoleInfo (RoleInfo.java:shutdownFollowerState(121)) - c652e2ee-3322-4406-8db6-1ea643cb3197: shutdown FollowerState
2019-10-18 11:25:37,304 [grpc-default-executor-1] INFO  impl.RoleInfo (RoleInfo.java:shutdownFollowerState(121)) - 54aabb14-4a7d-4ab3-adbe-2e67760b87f4: shutdown FollowerState
2019-10-18 11:25:37,304 [Thread-3692] INFO  impl.FollowerState (FollowerState.java:run(117)) - c652e2ee-3322-4406-8db6-1ea643cb3197@group-7E32184879DE-FollowerState was interrupted: java.lang.InterruptedException: sleep interrupted
2019-10-18 11:25:37,304 [Thread-3691] INFO  impl.FollowerState (FollowerState.java:run(117)) - 54aabb14-4a7d-4ab3-adbe-2e67760b87f4@group-7E32184879DE-FollowerState was interrupted: java.lang.InterruptedException: sleep interrupted
2019-10-18 11:25:37,304 [grpc-default-executor-3] INFO  impl.RoleInfo (RoleInfo.java:updateAndGet(143)) - c652e2ee-3322-4406-8db6-1ea643cb3197: start FollowerState
2019-10-18 11:25:37,304 [grpc-default-executor-1] INFO  impl.RoleInfo (RoleInfo.java:updateAndGet(143)) - 54aabb14-4a7d-4ab3-adbe-2e67760b87f4: start FollowerState
2019-10-18 11:25:37,328 [f535bb4a-cba0-4f9b-9e3e-e4a48b3eda51@group-7E32184879DE-LeaderElection524] INFO  impl.LeaderElection (LeaderElection.java:logAndReturn(56)) - f535bb4a-cba0-4f9b-9e3e-e4a48b3eda51@group-7E32184879DE-LeaderElection524: Election REJECTED; received 2 response(s) [f535bb4a-cba0-4f9b-9e3e-e4a48b3eda51<-54aabb14-4a7d-4ab3-adbe-2e67760b87f4#0:FAIL-t612, f535bb4a-cba0-4f9b-9e3e-e4a48b3eda51<-c652e2ee-3322-4406-8db6-1ea643cb3197#0:FAIL-t612] and 0 exception(s); f535bb4a-cba0-4f9b-9e3e-e4a48b3eda51@group-7E32184879DE:t612, leader=null, voted=f535bb4a-cba0-4f9b-9e3e-e4a48b3eda51, raftlog=f535bb4a-cba0-4f9b-9e3e-e4a48b3eda51@group-7E32184879DE-SegmentedRaftLog:OPENED:c-1,f-1,i0, conf=-1: [f535bb4a-cba0-4f9b-9e3e-e4a48b3eda51:0.0.0.0:44706, 54aabb14-4a7d-4ab3-adbe-2e67760b87f4:0.0.0.0:43074, c652e2ee-3322-4406-8db6-1ea643cb3197:0.0.0.0:42129], old=null
2019-10-18 11:25:37,328 [f535bb4a-cba0-4f9b-9e3e-e4a48b3eda51@group-7E32184879DE-LeaderElection524] INFO  impl.RaftServerImpl (RaftServerImpl.java:setRole(184)) - f535bb4a-cba0-4f9b-9e3e-e4a48b3eda51@group-7E32184879DE: changes role from CANDIDATE to FOLLOWER at term 612 for DISCOVERED_A_NEW_TERM
2019-10-18 11:25:37,328 [f535bb4a-cba0-4f9b-9e3e-e4a48b3eda51@group-7E32184879DE-LeaderElection524] INFO  impl.RoleInfo (RoleInfo.java:shutdownLeaderElection(134)) - f535bb4a-cba0-4f9b-9e3e-e4a48b3eda51: shutdown LeaderElection
2019-10-18 11:25:37,329 [f535bb4a-cba0-4f9b-9e3e-e4a48b3eda51@group-7E32184879DE-LeaderElection524] INFO  impl.RoleInfo (RoleInfo.java:updateAndGet(143)) - f535bb4a-cba0-4f9b-9e3e-e4a48b3eda51: start FollowerState
2019-10-18 11:25:37,509 [Thread-3699] INFO  impl.FollowerState (FollowerState.java:run(108)) - f535bb4a-cba0-4f9b-9e3e-e4a48b3eda51@group-7E32184879DE-FollowerState: change to CANDIDATE, lastRpcTime:180ms, electionTimeout:180ms
2019-10-18 11:25:37,509 [Thread-3699] INFO  impl.RoleInfo (RoleInfo.java:shutdownFollowerState(121)) - f535bb4a-cba0-4f9b-9e3e-e4a48b3eda51: shutdown FollowerState
2019-10-18 11:25:37,509 [Thread-3699] INFO  impl.RaftServerImpl (RaftServerImpl.java:setRole(184)) - f535bb4a-cba0-4f9b-9e3e-e4a48b3eda51@group-7E32184879DE: changes role from  FOLLOWER to CANDIDATE at term 612 for changeToCandidate
2019-10-18 11:25:37,510 [Thread-3699] INFO  impl.RoleInfo (RoleInfo.java:updateAndGet(143)) - f535bb4a-cba0-4f9b-9e3e-e4a48b3eda51: start LeaderElection
2019-10-18 11:25:37,536 [f535bb4a-cba0-4f9b-9e3e-e4a48b3eda51@group-7E32184879DE-LeaderElection525] INFO  impl.LeaderElection (LeaderElection.java:askForVotes(178)) - f535bb4a-cba0-4f9b-9e3e-e4a48b3eda51@group-7E32184879DE-LeaderElection525: begin an election at term 613 for -1: [f535bb4a-cba0-4f9b-9e3e-e4a48b3eda51:0.0.0.0:44706, 54aabb14-4a7d-4ab3-adbe-2e67760b87f4:0.0.0.0:43074, c652e2ee-3322-4406-8db6-1ea643cb3197:0.0.0.0:42129], old=null
2019-10-18 11:25:37,538 [grpc-default-executor-3] INFO  impl.RaftServerImpl (RaftServerImpl.java:setRole(184)) - 54aabb14-4a7d-4ab3-adbe-2e67760b87f4@group-7E32184879DE: changes role from  FOLLOWER to FOLLOWER at term 613 for recognizeCandidate:f535bb4a-cba0-4f9b-9e3e-e4a48b3eda51
2019-10-18 11:25:37,538 [grpc-default-executor-0] INFO  impl.RaftServerImpl (RaftServerImpl.java:setRole(184)) - c652e2ee-3322-4406-8db6-1ea643cb3197@group-7E32184879DE: changes role from  FOLLOWER to FOLLOWER at term 613 for recognizeCandidate:f535bb4a-cba0-4f9b-9e3e-e4a48b3eda51
2019-10-18 11:25:37,538 [grpc-default-executor-3] INFO  impl.RoleInfo (RoleInfo.java:shutdownFollowerState(121)) - 54aabb14-4a7d-4ab3-adbe-2e67760b87f4: shutdown FollowerState
2019-10-18 11:25:37,538 [grpc-default-executor-0] INFO  impl.RoleInfo (RoleInfo.java:shutdownFollowerState(121)) - c652e2ee-3322-4406-8db6-1ea643cb3197: shutdown FollowerState
2019-10-18 11:25:37,539 [Thread-3698] INFO  impl.FollowerState (FollowerState.java:run(117)) - 54aabb14-4a7d-4ab3-adbe-2e67760b87f4@group-7E32184879DE-FollowerState was interrupted: java.lang.InterruptedException: sleep interrupted
2019-10-18 11:25:37,539 [grpc-default-executor-3] INFO  impl.RoleInfo (RoleInfo.java:updateAndGet(143)) - 54aabb14-4a7d-4ab3-adbe-2e67760b87f4: start FollowerState
2019-10-18 11:25:37,539 [Thread-3697] INFO  impl.FollowerState (FollowerState.java:run(117)) - c652e2ee-3322-4406-8db6-1ea643cb3197@group-7E32184879DE-FollowerState was interrupted: java.lang.InterruptedException: sleep interrupted
2019-10-18 11:25:37,539 [grpc-default-executor-0] INFO  impl.RoleInfo (RoleInfo.java:updateAndGet(143)) - c652e2ee-3322-4406-8db6-1ea643cb3197: start FollowerState
2019-10-18 11:25:37,555 [f535bb4a-cba0-4f9b-9e3e-e4a48b3eda51@group-7E32184879DE-LeaderElection525] INFO  impl.LeaderElection (LeaderElection.java:logAndReturn(56)) - f535bb4a-cba0-4f9b-9e3e-e4a48b3eda51@group-7E32184879DE-LeaderElection525: Election TIMEOUT; received 0 response(s) [] and 0 exception(s); f535bb4a-cba0-4f9b-9e3e-e4a48b3eda51@group-7E32184879DE:t613, leader=null, voted=f535bb4a-cba0-4f9b-9e3e-e4a48b3eda51, raftlog=f535bb4a-cba0-4f9b-9e3e-e4a48b3eda51@group-7E32184879DE-SegmentedRaftLog:OPENED:c-1,f-1,i0, conf=-1: [f535bb4a-cba0-4f9b-9e3e-e4a48b3eda51:0.0.0.0:44706, 54aabb14-4a7d-4ab3-adbe-2e67760b87f4:0.0.0.0:43074, c652e2ee-3322-4406-8db6-1ea643cb3197:0.0.0.0:42129], old=null
2019-10-18 11:25:37,580 [f535bb4a-cba0-4f9b-9e3e-e4a48b3eda51@group-7E32184879DE-LeaderElection525] INFO  impl.LeaderElection (LeaderElection.java:askForVotes(178)) - f535bb4a-cba0-4f9b-9e3e-e4a48b3eda51@group-7E32184879DE-LeaderElection525: begin an election at term 614 for -1: [f535bb4a-cba0-4f9b-9e3e-e4a48b3eda51:0.0.0.0:44706, 54aabb14-4a7d-4ab3-adbe-2e67760b87f4:0.0.0.0:43074, c652e2ee-3322-4406-8db6-1ea643cb3197:0.0.0.0:42129], old=null
2019-10-18 11:25:37,581 [grpc-default-executor-3] INFO  impl.RaftServerImpl (RaftServerImpl.java:setRole(184)) - 54aabb14-4a7d-4ab3-adbe-2e67760b87f4@group-7E32184879DE: changes role from  FOLLOWER to FOLLOWER at term 614 for recognizeCandidate:f535bb4a-cba0-4f9b-9e3e-e4a48b3eda51
2019-10-18 11:25:37,581 [grpc-default-executor-3] INFO  impl.RoleInfo (RoleInfo.java:shutdownFollowerState(121)) - 54aabb14-4a7d-4ab3-adbe-2e67760b87f4: shutdown FollowerState
2019-10-18 11:25:37,581 [grpc-default-executor-0] INFO  impl.RaftServerImpl (RaftServerImpl.java:setRole(184)) - c652e2ee-3322-4406-8db6-1ea643cb3197@group-7E32184879DE: changes role from  FOLLOWER to FOLLOWER at term 614 for recognizeCandidate:f535bb4a-cba0-4f9b-9e3e-e4a48b3eda51
2019-10-18 11:25:37,582 [grpc-default-executor-0] INFO  impl.RoleInfo (RoleInfo.java:shutdownFollowerState(121)) - c652e2ee-3322-4406-8db6-1ea643cb3197: shutdown FollowerState
2019-10-18 11:25:37,581 [Thread-3703] INFO  impl.FollowerState (FollowerState.java:run(117)) - 54aabb14-4a7d-4ab3-adbe-2e67760b87f4@group-7E32184879DE-FollowerState was interrupted: java.lang.InterruptedException: sleep interrupted
2019-10-18 11:25:37,581 [grpc-default-executor-3] INFO  impl.RoleInfo (RoleInfo.java:updateAndGet(143)) - 54aabb14-4a7d-4ab3-adbe-2e67760b87f4: start FollowerState
2019-10-18 11:25:37,582 [Thread-3704] INFO  impl.FollowerState (FollowerState.java:run(117)) - c652e2ee-3322-4406-8db6-1ea643cb3197@group-7E32184879DE-FollowerState was interrupted: java.lang.InterruptedException: sleep interrupted
2019-10-18 11:25:37,582 [grpc-default-executor-0] INFO  impl.RoleInfo (RoleInfo.java:updateAndGet(143)) - c652e2ee-3322-4406-8db6-1ea643cb3197: start FollowerState
2019-10-18 11:25:37,606 [f535bb4a-cba0-4f9b-9e3e-e4a48b3eda51@group-7E32184879DE-LeaderElection525] INFO  impl.LeaderElection (LeaderElection.java:logAndReturn(56)) - f535bb4a-cba0-4f9b-9e3e-e4a48b3eda51@group-7E32184879DE-LeaderElection525: Election REJECTED; received 2 response(s) [f535bb4a-cba0-4f9b-9e3e-e4a48b3eda51<-54aabb14-4a7d-4ab3-adbe-2e67760b87f4#0:FAIL-t614, f535bb4a-cba0-4f9b-9e3e-e4a48b3eda51<-c652e2ee-3322-4406-8db6-1ea643cb3197#0:FAIL-t614] and 0 exception(s); f535bb4a-cba0-4f9b-9e3e-e4a48b3eda51@group-7E32184879DE:t614, leader=null, voted=f535bb4a-cba0-4f9b-9e3e-e4a48b3eda51, raftlog=f535bb4a-cba0-4f9b-9e3e-e4a48b3eda51@group-7E32184879DE-SegmentedRaftLog:OPENED:c-1,f-1,i0, conf=-1: [f535bb4a-cba0-4f9b-9e3e-e4a48b3eda51:0.0.0.0:44706, 54aabb14-4a7d-4ab3-adbe-2e67760b87f4:0.0.0.0:43074, c652e2ee-3322-4406-8db6-1ea643cb3197:0.0.0.0:42129], old=null
2019-10-18 11:25:37,606 [f535bb4a-cba0-4f9b-9e3e-e4a48b3eda51@group-7E32184879DE-LeaderElection525] INFO  impl.RaftServerImpl (RaftServerImpl.java:setRole(184)) - f535bb4a-cba0-4f9b-9e3e-e4a48b3eda51@group-7E32184879DE: changes role from CANDIDATE to FOLLOWER at term 614 for DISCOVERED_A_NEW_TERM
2019-10-18 11:25:37,606 [f535bb4a-cba0-4f9b-9e3e-e4a48b3eda51@group-7E32184879DE-LeaderElection525] INFO  impl.RoleInfo (RoleInfo.java:shutdownLeaderElection(134)) - f535bb4a-cba0-4f9b-9e3e-e4a48b3eda51: shutdown LeaderElection
2019-10-18 11:25:37,606 [f535bb4a-cba0-4f9b-9e3e-e4a48b3eda51@group-7E32184879DE-LeaderElection525] INFO  impl.RoleInfo (RoleInfo.java:updateAndGet(143)) - f535bb4a-cba0-4f9b-9e3e-e4a48b3eda51: start FollowerState
2019-10-18 11:25:37,777 [Thread-3709] INFO  impl.FollowerState (FollowerState.java:run(108)) - f535bb4a-cba0-4f9b-9e3e-e4a48b3eda51@group-7E32184879DE-FollowerState: change to CANDIDATE, lastRpcTime:171ms, electionTimeout:171ms
2019-10-18 11:25:37,778 [Thread-3709] INFO  impl.RoleInfo (RoleInfo.java:shutdownFollowerState(121)) - f535bb4a-cba0-4f9b-9e3e-e4a48b3eda51: shutdown FollowerState
2019-10-18 11:25:37,778 [Thread-3709] INFO  impl.RaftServerImpl (RaftServerImpl.java:setRole(184)) - f535bb4a-cba0-4f9b-9e3e-e4a48b3eda51@group-7E32184879DE: changes role from  FOLLOWER to CANDIDATE at term 614 for changeToCandidate
2019-10-18 11:25:37,778 [Thread-3709] INFO  impl.RoleInfo (RoleInfo.java:updateAndGet(143)) - f535bb4a-cba0-4f9b-9e3e-e4a48b3eda51: start LeaderElection
2019-10-18 11:25:37,805 [f535bb4a-cba0-4f9b-9e3e-e4a48b3eda51@group-7E32184879DE-LeaderElection526] INFO  impl.LeaderElection (LeaderElection.java:askForVotes(178)) - f535bb4a-cba0-4f9b-9e3e-e4a48b3eda51@group-7E32184879DE-LeaderElection526: begin an election at term 615 for -1: [f535bb4a-cba0-4f9b-9e3e-e4a48b3eda51:0.0.0.0:44706, 54aabb14-4a7d-4ab3-adbe-2e67760b87f4:0.0.0.0:43074, c652e2ee-3322-4406-8db6-1ea643cb3197:0.0.0.0:42129], old=null
2019-10-18 11:25:37,808 [grpc-default-executor-0] INFO  impl.RaftServerImpl (RaftServerImpl.java:setRole(184)) - c652e2ee-3322-4406-8db6-1ea643cb3197@group-7E32184879DE: changes role from  FOLLOWER to FOLLOWER at term 615 for recognizeCandidate:f535bb4a-cba0-4f9b-9e3e-e4a48b3eda51
2019-10-18 11:25:37,808 [grpc-default-executor-0] INFO  impl.RoleInfo (RoleInfo.java:shutdownFollowerState(121)) - c652e2ee-3322-4406-8db6-1ea643cb3197: shutdown FollowerState
2019-10-18 11:25:37,808 [grpc-default-executor-3] INFO  impl.RaftServerImpl (RaftServerImpl.java:setRole(184)) - 54aabb14-4a7d-4ab3-adbe-2e67760b87f4@group-7E32184879DE: changes role from  FOLLOWER to FOLLOWER at term 615 for recognizeCandidate:f535bb4a-cba0-4f9b-9e3e-e4a48b3eda51
2019-10-18 11:25:37,808 [grpc-default-executor-3] INFO  impl.RoleInfo (RoleInfo.java:shutdownFollowerState(121)) - 54aabb14-4a7d-4ab3-adbe-2e67760b87f4: shutdown FollowerState
2019-10-18 11:25:37,808 [Thread-3708] INFO  impl.FollowerState (FollowerState.java:run(117)) - c652e2ee-3322-4406-8db6-1ea643cb3197@group-7E32184879DE-FollowerState was interrupted: java.lang.InterruptedException: sleep interrupted
2019-10-18 11:25:37,808 [grpc-default-executor-0] INFO  impl.RoleInfo (RoleInfo.java:updateAndGet(143)) - c652e2ee-3322-4406-8db6-1ea643cb3197: start FollowerState
2019-10-18 11:25:37,809 [Thread-3707] INFO  impl.FollowerState (FollowerState.java:run(117)) - 54aabb14-4a7d-4ab3-adbe-2e67760b87f4@group-7E32184879DE-FollowerState was interrupted: java.lang.InterruptedException: sleep interrupted
2019-10-18 11:25:37,809 [grpc-default-executor-3] INFO  impl.RoleInfo (RoleInfo.java:updateAndGet(143)) - 54aabb14-4a7d-4ab3-adbe-2e67760b87f4: start FollowerState
2019-10-18 11:25:37,832 [f535bb4a-cba0-4f9b-9e3e-e4a48b3eda51@group-7E32184879DE-LeaderElection526] INFO  impl.LeaderElection (LeaderElection.java:logAndReturn(56)) - f535bb4a-cba0-4f9b-9e3e-e4a48b3eda51@group-7E32184879DE-LeaderElection526: Election REJECTED; received 2 response(s) [f535bb4a-cba0-4f9b-9e3e-e4a48b3eda51<-54aabb14-4a7d-4ab3-adbe-2e67760b87f4#0:FAIL-t615, f535bb4a-cba0-4f9b-9e3e-e4a48b3eda51<-c652e2ee-3322-4406-8db6-1ea643cb3197#0:FAIL-t615] and 0 exception(s); f535bb4a-cba0-4f9b-9e3e-e4a48b3eda51@group-7E32184879DE:t615, leader=null, voted=f535bb4a-cba0-4f9b-9e3e-e4a48b3eda51, raftlog=f535bb4a-cba0-4f9b-9e3e-e4a48b3eda51@group-7E32184879DE-SegmentedRaftLog:OPENED:c-1,f-1,i0, conf=-1: [f535bb4a-cba0-4f9b-9e3e-e4a48b3eda51:0.0.0.0:44706, 54aabb14-4a7d-4ab3-adbe-2e67760b87f4:0.0.0.0:43074, c652e2ee-3322-4406-8db6-1ea643cb3197:0.0.0.0:42129], old=null
2019-10-18 11:25:37,832 [f535bb4a-cba0-4f9b-9e3e-e4a48b3eda51@group-7E32184879DE-LeaderElection526] INFO  impl.RaftServerImpl (RaftServerImpl.java:setRole(184)) - f535bb4a-cba0-4f9b-9e3e-e4a48b3eda51@group-7E32184879DE: changes role from CANDIDATE to FOLLOWER at term 615 for DISCOVERED_A_NEW_TERM
2019-10-18 11:25:37,832 [f535bb4a-cba0-4f9b-9e3e-e4a48b3eda51@group-7E32184879DE-LeaderElection526] INFO  impl.RoleInfo (RoleInfo.java:shutdownLeaderElection(134)) - f535bb4a-cba0-4f9b-9e3e-e4a48b3eda51: shutdown LeaderElection
2019-10-18 11:25:37,832 [f535bb4a-cba0-4f9b-9e3e-e4a48b3eda51@group-7E32184879DE-LeaderElection526] INFO  impl.RoleInfo (RoleInfo.java:updateAndGet(143)) - f535bb4a-cba0-4f9b-9e3e-e4a48b3eda51: start FollowerState
2019-10-18 11:25:38,033 [Thread-3717] INFO  impl.FollowerState (FollowerState.java:run(108)) - f535bb4a-cba0-4f9b-9e3e-e4a48b3eda51@group-7E32184879DE-FollowerState: change to CANDIDATE, lastRpcTime:200ms, electionTimeout:200ms
2019-10-18 11:25:38,033 [Thread-3717] INFO  impl.RoleInfo (RoleInfo.java:shutdownFollowerState(121)) - f535bb4a-cba0-4f9b-9e3e-e4a48b3eda51: shutdown FollowerState
2019-10-18 11:25:38,033 [Thread-3717] INFO  impl.RaftServerImpl (RaftServerImpl.java:setRole(184)) - f535bb4a-cba0-4f9b-9e3e-e4a48b3eda51@group-7E32184879DE: changes role from  FOLLOWER to CANDIDATE at term 615 for changeToCandidate
2019-10-18 11:25:38,033 [Thread-3717] INFO  impl.RoleInfo (RoleInfo.java:updateAndGet(143)) - f535bb4a-cba0-4f9b-9e3e-e4a48b3eda51: start LeaderElection
2019-10-18 11:25:38,073 [f535bb4a-cba0-4f9b-9e3e-e4a48b3eda51@group-7E32184879DE-LeaderElection527] INFO  impl.LeaderElection (LeaderElection.java:askForVotes(178)) - f535bb4a-cba0-4f9b-9e3e-e4a48b3eda51@group-7E32184879DE-LeaderElection527: begin an election at term 616 for -1: [f535bb4a-cba0-4f9b-9e3e-e4a48b3eda51:0.0.0.0:44706, 54aabb14-4a7d-4ab3-adbe-2e67760b87f4:0.0.0.0:43074, c652e2ee-3322-4406-8db6-1ea643cb3197:0.0.0.0:42129], old=null
2019-10-18 11:25:38,074 [grpc-default-executor-0] INFO  impl.RaftServerImpl (RaftServerImpl.java:setRole(184)) - 54aabb14-4a7d-4ab3-adbe-2e67760b87f4@group-7E32184879DE: changes role from  FOLLOWER to FOLLOWER at term 616 for recognizeCandidate:f535bb4a-cba0-4f9b-9e3e-e4a48b3eda51
2019-10-18 11:25:38,074 [grpc-default-executor-3] INFO  impl.RaftServerImpl (RaftServerImpl.java:setRole(184)) - c652e2ee-3322-4406-8db6-1ea643cb3197@group-7E32184879DE: changes role from  FOLLOWER to FOLLOWER at term 616 for recognizeCandidate:f535bb4a-cba0-4f9b-9e3e-e4a48b3eda51
2019-10-18 11:25:38,075 [grpc-default-executor-3] INFO  impl.RoleInfo (RoleInfo.java:shutdownFollowerState(121)) - c652e2ee-3322-4406-8db6-1ea643cb3197: shutdown FollowerState
2019-10-18 11:25:38,075 [grpc-default-executor-0] INFO  impl.RoleInfo (RoleInfo.java:shutdownFollowerState(121)) - 54aabb14-4a7d-4ab3-adbe-2e67760b87f4: shutdown FollowerState
2019-10-18 11:25:38,075 [Thread-3715] INFO  impl.FollowerState (FollowerState.java:run(117)) - c652e2ee-3322-4406-8db6-1ea643cb3197@group-7E32184879DE-FollowerState was interrupted: java.lang.InterruptedException: sleep interrupted
2019-10-18 11:25:38,075 [grpc-default-executor-3] INFO  impl.RoleInfo (RoleInfo.java:updateAndGet(143)) - c652e2ee-3322-4406-8db6-1ea643cb3197: start FollowerState
2019-10-18 11:25:38,075 [Thread-3716] INFO  impl.FollowerState (FollowerState.java:run(117)) - 54aabb14-4a7d-4ab3-adbe-2e67760b87f4@group-7E32184879DE-FollowerState was interrupted: java.lang.InterruptedException: sleep interrupted
2019-10-18 11:25:38,075 [grpc-default-executor-0] INFO  impl.RoleInfo (RoleInfo.java:updateAndGet(143)) - 54aabb14-4a7d-4ab3-adbe-2e67760b87f4: start FollowerState
2019-10-18 11:25:38,081 [f535bb4a-cba0-4f9b-9e3e-e4a48b3eda51@group-7E32184879DE-LeaderElection527] INFO  impl.LeaderElection (LeaderElection.java:logAndReturn(56)) - f535bb4a-cba0-4f9b-9e3e-e4a48b3eda51@group-7E32184879DE-LeaderElection527: Election TIMEOUT; received 0 response(s) [] and 0 exception(s); f535bb4a-cba0-4f9b-9e3e-e4a48b3eda51@group-7E32184879DE:t616, leader=null, voted=f535bb4a-cba0-4f9b-9e3e-e4a48b3eda51, raftlog=f535bb4a-cba0-4f9b-9e3e-e4a48b3eda51@group-7E32184879DE-SegmentedRaftLog:OPENED:c-1,f-1,i0, conf=-1: [f535bb4a-cba0-4f9b-9e3e-e4a48b3eda51:0.0.0.0:44706, 54aabb14-4a7d-4ab3-adbe-2e67760b87f4:0.0.0.0:43074, c652e2ee-3322-4406-8db6-1ea643cb3197:0.0.0.0:42129], old=null
2019-10-18 11:25:38,098 [f535bb4a-cba0-4f9b-9e3e-e4a48b3eda51@group-7E32184879DE-LeaderElection527] INFO  impl.LeaderElection (LeaderElection.java:askForVotes(178)) - f535bb4a-cba0-4f9b-9e3e-e4a48b3eda51@group-7E32184879DE-LeaderElection527: begin an election at term 617 for -1: [f535bb4a-cba0-4f9b-9e3e-e4a48b3eda51:0.0.0.0:44706, 54aabb14-4a7d-4ab3-adbe-2e67760b87f4:0.0.0.0:43074, c652e2ee-3322-4406-8db6-1ea643cb3197:0.0.0.0:42129], old=null
2019-10-18 11:25:38,100 [grpc-default-executor-3] INFO  impl.RaftServerImpl (RaftServerImpl.java:setRole(184)) - 54aabb14-4a7d-4ab3-adbe-2e67760b87f4@group-7E32184879DE: changes role from  FOLLOWER to FOLLOWER at term 617 for recognizeCandidate:f535bb4a-cba0-4f9b-9e3e-e4a48b3eda51
2019-10-18 11:25:38,100 [grpc-default-executor-3] INFO  impl.RoleInfo (RoleInfo.java:shutdownFollowerState(121)) - 54aabb14-4a7d-4ab3-adbe-2e67760b87f4: shutdown FollowerState
2019-10-18 11:25:38,100 [grpc-default-executor-3] INFO  impl.RoleInfo (RoleInfo.java:updateAndGet(143)) - 54aabb14-4a7d-4ab3-adbe-2e67760b87f4: start FollowerState
2019-10-18 11:25:38,100 [Thread-3722] INFO  impl.FollowerState (FollowerState.java:run(117)) - 54aabb14-4a7d-4ab3-adbe-2e67760b87f4@group-7E32184879DE-FollowerState was interrupted: java.lang.InterruptedException: sleep interrupted
2019-10-18 11:25:38,101 [grpc-default-executor-0] INFO  impl.RaftServerImpl (RaftServerImpl.java:setRole(184)) - c652e2ee-3322-4406-8db6-1ea643cb3197@group-7E32184879DE: changes role from  FOLLOWER to FOLLOWER at term 617 for recognizeCandidate:f535bb4a-cba0-4f9b-9e3e-e4a48b3eda51
2019-10-18 11:25:38,101 [grpc-default-executor-0] INFO  impl.RoleInfo (RoleInfo.java:shutdownFollowerState(121)) - c652e2ee-3322-4406-8db6-1ea643cb3197: shutdown FollowerState
2019-10-18 11:25:38,101 [grpc-default-executor-0] INFO  impl.RoleInfo (RoleInfo.java:updateAndGet(143)) - c652e2ee-3322-4406-8db6-1ea643cb3197: start FollowerState
2019-10-18 11:25:38,101 [Thread-3721] INFO  impl.FollowerState (FollowerState.java:run(117)) - c652e2ee-3322-4406-8db6-1ea643cb3197@group-7E32184879DE-FollowerState was interrupted: java.lang.InterruptedException: sleep interrupted
2019-10-18 11:25:38,124 [f535bb4a-cba0-4f9b-9e3e-e4a48b3eda51@group-7E32184879DE-LeaderElection527] INFO  impl.LeaderElection (LeaderElection.java:logAndReturn(56)) - f535bb4a-cba0-4f9b-9e3e-e4a48b3eda51@group-7E32184879DE-LeaderElection527: Election REJECTED; received 2 response(s) [f535bb4a-cba0-4f9b-9e3e-e4a48b3eda51<-54aabb14-4a7d-4ab3-adbe-2e67760b87f4#0:FAIL-t617, f535bb4a-cba0-4f9b-9e3e-e4a48b3eda51<-c652e2ee-3322-4406-8db6-1ea643cb3197#0:FAIL-t617] and 0 exception(s); f535bb4a-cba0-4f9b-9e3e-e4a48b3eda51@group-7E32184879DE:t617, leader=null, voted=f535bb4a-cba0-4f9b-9e3e-e4a48b3eda51, raftlog=f535bb4a-cba0-4f9b-9e3e-e4a48b3eda51@group-7E32184879DE-SegmentedRaftLog:OPENED:c-1,f-1,i0, conf=-1: [f535bb4a-cba0-4f9b-9e3e-e4a48b3eda51:0.0.0.0:44706, 54aabb14-4a7d-4ab3-adbe-2e67760b87f4:0.0.0.0:43074, c652e2ee-3322-4406-8db6-1ea643cb3197:0.0.0.0:42129], old=null
2019-10-18 11:25:38,124 [f535bb4a-cba0-4f9b-9e3e-e4a48b3eda51@group-7E32184879DE-LeaderElection527] INFO  impl.RaftServerImpl (RaftServerImpl.java:setRole(184)) - f535bb4a-cba0-4f9b-9e3e-e4a48b3eda51@group-7E32184879DE: changes role from CANDIDATE to FOLLOWER at term 617 for DISCOVERED_A_NEW_TERM
2019-10-18 11:25:38,124 [f535bb4a-cba0-4f9b-9e3e-e4a48b3eda51@group-7E32184879DE-LeaderElection527] INFO  impl.RoleInfo (RoleInfo.java:shutdownLeaderElection(134)) - f535bb4a-cba0-4f9b-9e3e-e4a48b3eda51: shutdown LeaderElection
2019-10-18 11:25:38,124 [f535bb4a-cba0-4f9b-9e3e-e4a48b3eda51@group-7E32184879DE-LeaderElection527] INFO  impl.RoleInfo (RoleInfo.java:updateAndGet(143)) - f535bb4a-cba0-4f9b-9e3e-e4a48b3eda51: start FollowerState
2019-10-18 11:25:38,245 [Thread-3727] INFO  impl.FollowerState (FollowerState.java:run(108)) - f535bb4a-cba0-4f9b-9e3e-e4a48b3eda51@group-7E32184879DE-FollowerState: change to CANDIDATE, lastRpcTime:120ms, electionTimeout:120ms
2019-10-18 11:25:38,245 [Thread-3727] INFO  impl.RoleInfo (RoleInfo.java:shutdownFollowerState(121)) - f535bb4a-cba0-4f9b-9e3e-e4a48b3eda51: shutdown FollowerState
2019-10-18 11:25:38,245 [Thread-3727] INFO  impl.RaftServerImpl (RaftServerImpl.java:setRole(184)) - f535bb4a-cba0-4f9b-9e3e-e4a48b3eda51@group-7E32184879DE: changes role from  FOLLOWER to CANDIDATE at term 617 for changeToCandidate
2019-10-18 11:25:38,245 [Thread-3727] INFO  impl.RoleInfo (RoleInfo.java:updateAndGet(143)) - f535bb4a-cba0-4f9b-9e3e-e4a48b3eda51: start LeaderElection
2019-10-18 11:25:38,268 [f535bb4a-cba0-4f9b-9e3e-e4a48b3eda51@group-7E32184879DE-LeaderElection528] INFO  impl.LeaderElection (LeaderElection.java:askForVotes(178)) - f535bb4a-cba0-4f9b-9e3e-e4a48b3eda51@group-7E32184879DE-LeaderElection528: begin an election at term 618 for -1: [f535bb4a-cba0-4f9b-9e3e-e4a48b3eda51:0.0.0.0:44706, 54aabb14-4a7d-4ab3-adbe-2e67760b87f4:0.0.0.0:43074, c652e2ee-3322-4406-8db6-1ea643cb3197:0.0.0.0:42129], old=null
2019-10-18 11:25:38,269 [grpc-default-executor-0] INFO  impl.RaftServerImpl (RaftServerImpl.java:setRole(184)) - 54aabb14-4a7d-4ab3-adbe-2e67760b87f4@group-7E32184879DE: changes role from  FOLLOWER to FOLLOWER at term 618 for recognizeCandidate:f535bb4a-cba0-4f9b-9e3e-e4a48b3eda51
2019-10-18 11:25:38,269 [grpc-default-executor-0] INFO  impl.RoleInfo (RoleInfo.java:shutdownFollowerState(121)) - 54aabb14-4a7d-4ab3-adbe-2e67760b87f4: shutdown FollowerState
2019-10-18 11:25:38,269 [grpc-default-executor-3] INFO  impl.RaftServerImpl (RaftServerImpl.java:setRole(184)) - c652e2ee-3322-4406-8db6-1ea643cb3197@group-7E32184879DE: changes role from  FOLLOWER to FOLLOWER at term 618 for recognizeCandidate:f535bb4a-cba0-4f9b-9e3e-e4a48b3eda51
2019-10-18 11:25:38,269 [grpc-default-executor-3] INFO  impl.RoleInfo (RoleInfo.java:shutdownFollowerState(121)) - c652e2ee-3322-4406-8db6-1ea643cb3197: shutdown FollowerState
2019-10-18 11:25:38,269 [Thread-3725] INFO  impl.FollowerState (FollowerState.java:run(117)) - 54aabb14-4a7d-4ab3-adbe-2e67760b87f4@group-7E32184879DE-FollowerState was interrupted: java.lang.InterruptedException: sleep interrupted
2019-10-18 11:25:38,269 [grpc-default-executor-0] INFO  impl.RoleInfo (RoleInfo.java:updateAndGet(143)) - 54aabb14-4a7d-4ab3-adbe-2e67760b87f4: start FollowerState
2019-10-18 11:25:38,270 [Thread-3726] INFO  impl.FollowerState (FollowerState.java:run(117)) - c652e2ee-3322-4406-8db6-1ea643cb3197@group-7E32184879DE-FollowerState was interrupted: java.lang.InterruptedException: sleep interrupted
2019-10-18 11:25:38,270 [grpc-default-executor-3] INFO  impl.RoleInfo (RoleInfo.java:updateAndGet(143)) - c652e2ee-3322-4406-8db6-1ea643cb3197: start FollowerState
2019-10-18 11:25:38,294 [f535bb4a-cba0-4f9b-9e3e-e4a48b3eda51@group-7E32184879DE-LeaderElection528] INFO  impl.LeaderElection (LeaderElection.java:logAndReturn(56)) - f535bb4a-cba0-4f9b-9e3e-e4a48b3eda51@group-7E32184879DE-LeaderElection528: Election REJECTED; received 2 response(s) [f535bb4a-cba0-4f9b-9e3e-e4a48b3eda51<-54aabb14-4a7d-4ab3-adbe-2e67760b87f4#0:FAIL-t618, f535bb4a-cba0-4f9b-9e3e-e4a48b3eda51<-c652e2ee-3322-4406-8db6-1ea643cb3197#0:FAIL-t618] and 0 exception(s); f535bb4a-cba0-4f9b-9e3e-e4a48b3eda51@group-7E32184879DE:t618, leader=null, voted=f535bb4a-cba0-4f9b-9e3e-e4a48b3eda51, raftlog=f535bb4a-cba0-4f9b-9e3e-e4a48b3eda51@group-7E32184879DE-SegmentedRaftLog:OPENED:c-1,f-1,i0, conf=-1: [f535bb4a-cba0-4f9b-9e3e-e4a48b3eda51:0.0.0.0:44706, 54aabb14-4a7d-4ab3-adbe-2e67760b87f4:0.0.0.0:43074, c652e2ee-3322-4406-8db6-1ea643cb3197:0.0.0.0:42129], old=null
2019-10-18 11:25:38,294 [f535bb4a-cba0-4f9b-9e3e-e4a48b3eda51@group-7E32184879DE-LeaderElection528] INFO  impl.RaftServerImpl (RaftServerImpl.java:setRole(184)) - f535bb4a-cba0-4f9b-9e3e-e4a48b3eda51@group-7E32184879DE: changes role from CANDIDATE to FOLLOWER at term 618 for DISCOVERED_A_NEW_TERM
2019-10-18 11:25:38,294 [f535bb4a-cba0-4f9b-9e3e-e4a48b3eda51@group-7E32184879DE-LeaderElection528] INFO  impl.RoleInfo (RoleInfo.java:shutdownLeaderElection(134)) - f535bb4a-cba0-4f9b-9e3e-e4a48b3eda51: shutdown LeaderElection
2019-10-18 11:25:38,294 [f535bb4a-cba0-4f9b-9e3e-e4a48b3eda51@group-7E32184879DE-LeaderElection528] INFO  impl.RoleInfo (RoleInfo.java:updateAndGet(143)) - f535bb4a-cba0-4f9b-9e3e-e4a48b3eda51: start FollowerState
2019-10-18 11:25:38,355 [Thread-3733] INFO  impl.FollowerState (FollowerState.java:run(108)) - f535bb4a-cba0-4f9b-9e3e-e4a48b3eda51@group-7E32184879DE-FollowerState: change to CANDIDATE, lastRpcTime:61ms, electionTimeout:61ms
2019-10-18 11:25:38,355 [Thread-3733] INFO  impl.RoleInfo (RoleInfo.java:shutdownFollowerState(121)) - f535bb4a-cba0-4f9b-9e3e-e4a48b3eda51: shutdown FollowerState
2019-10-18 11:25:38,355 [Thread-3733] INFO  impl.RaftServerImpl (RaftServerImpl.java:setRole(184)) - f535bb4a-cba0-4f9b-9e3e-e4a48b3eda51@group-7E32184879DE: changes role from  FOLLOWER to CANDIDATE at term 618 for changeToCandidate
2019-10-18 11:25:38,356 [Thread-3733] INFO  impl.RoleInfo (RoleInfo.java:updateAndGet(143)) - f535bb4a-cba0-4f9b-9e3e-e4a48b3eda51: start LeaderElection
2019-10-18 11:25:38,380 [f535bb4a-cba0-4f9b-9e3e-e4a48b3eda51@group-7E32184879DE-LeaderElection529] INFO  impl.LeaderElection (LeaderElection.java:askForVotes(178)) - f535bb4a-cba0-4f9b-9e3e-e4a48b3eda51@group-7E32184879DE-LeaderElection529: begin an election at term 619 for -1: [f535bb4a-cba0-4f9b-9e3e-e4a48b3eda51:0.0.0.0:44706, 54aabb14-4a7d-4ab3-adbe-2e67760b87f4:0.0.0.0:43074, c652e2ee-3322-4406-8db6-1ea643cb3197:0.0.0.0:42129], old=null
2019-10-18 11:25:38,381 [grpc-default-executor-3] INFO  impl.RaftServerImpl (RaftServerImpl.java:setRole(184)) - 54aabb14-4a7d-4ab3-adbe-2e67760b87f4@group-7E32184879DE: changes role from  FOLLOWER to FOLLOWER at term 619 for recognizeCandidate:f535bb4a-cba0-4f9b-9e3e-e4a48b3eda51
2019-10-18 11:25:38,382 [grpc-default-executor-0] INFO  impl.RaftServerImpl (RaftServerImpl.java:setRole(184)) - c652e2ee-3322-4406-8db6-1ea643cb3197@group-7E32184879DE: changes role from  FOLLOWER to FOLLOWER at term 619 for recognizeCandidate:f535bb4a-cba0-4f9b-9e3e-e4a48b3eda51
2019-10-18 11:25:38,382 [grpc-default-executor-0] INFO  impl.RoleInfo (RoleInfo.java:shutdownFollowerState(121)) - c652e2ee-3322-4406-8db6-1ea643cb3197: shutdown FollowerState
2019-10-18 11:25:38,382 [grpc-default-executor-3] INFO  impl.RoleInfo (RoleInfo.java:shutdownFollowerState(121)) - 54aabb14-4a7d-4ab3-adbe-2e67760b87f4: shutdown FollowerState
2019-10-18 11:25:38,382 [grpc-default-executor-0] INFO  impl.RoleInfo (RoleInfo.java:updateAndGet(143)) - c652e2ee-3322-4406-8db6-1ea643cb3197: start FollowerState
2019-10-18 11:25:38,382 [Thread-3731] INFO  impl.FollowerState (FollowerState.java:run(117)) - 54aabb14-4a7d-4ab3-adbe-2e67760b87f4@group-7E32184879DE-FollowerState was interrupted: java.lang.InterruptedException: sleep interrupted
2019-10-18 11:25:38,382 [grpc-default-executor-3] INFO  impl.RoleInfo (RoleInfo.java:updateAndGet(143)) - 54aabb14-4a7d-4ab3-adbe-2e67760b87f4: start FollowerState
2019-10-18 11:25:38,382 [Thread-3732] INFO  impl.FollowerState (FollowerState.java:run(117)) - c652e2ee-3322-4406-8db6-1ea643cb3197@group-7E32184879DE-FollowerState was interrupted: java.lang.InterruptedException: sleep interrupted
2019-10-18 11:25:38,406 [f535bb4a-cba0-4f9b-9e3e-e4a48b3eda51@group-7E32184879DE-LeaderElection529] INFO  impl.LeaderElection (LeaderElection.java:logAndReturn(56)) - f535bb4a-cba0-4f9b-9e3e-e4a48b3eda51@group-7E32184879DE-LeaderElection529: Election REJECTED; received 2 response(s) [f535bb4a-cba0-4f9b-9e3e-e4a48b3eda51<-54aabb14-4a7d-4ab3-adbe-2e67760b87f4#0:FAIL-t619, f535bb4a-cba0-4f9b-9e3e-e4a48b3eda51<-c652e2ee-3322-4406-8db6-1ea643cb3197#0:FAIL-t619] and 0 exception(s); f535bb4a-cba0-4f9b-9e3e-e4a48b3eda51@group-7E32184879DE:t619, leader=null, voted=f535bb4a-cba0-4f9b-9e3e-e4a48b3eda51, raftlog=f535bb4a-cba0-4f9b-9e3e-e4a48b3eda51@group-7E32184879DE-SegmentedRaftLog:OPENED:c-1,f-1,i0, conf=-1: [f535bb4a-cba0-4f9b-9e3e-e4a48b3eda51:0.0.0.0:44706, 54aabb14-4a7d-4ab3-adbe-2e67760b87f4:0.0.0.0:43074, c652e2ee-3322-4406-8db6-1ea643cb3197:0.0.0.0:42129], old=null
2019-10-18 11:25:38,406 [f535bb4a-cba0-4f9b-9e3e-e4a48b3eda51@group-7E32184879DE-LeaderElection529] INFO  impl.RaftServerImpl (RaftServerImpl.java:setRole(184)) - f535bb4a-cba0-4f9b-9e3e-e4a48b3eda51@group-7E32184879DE: changes role from CANDIDATE to FOLLOWER at term 619 for DISCOVERED_A_NEW_TERM
2019-10-18 11:25:38,406 [f535bb4a-cba0-4f9b-9e3e-e4a48b3eda51@group-7E32184879DE-LeaderElection529] INFO  impl.RoleInfo (RoleInfo.java:shutdownLeaderElection(134)) - f535bb4a-cba0-4f9b-9e3e-e4a48b3eda51: shutdown LeaderElection
2019-10-18 11:25:38,406 [f535bb4a-cba0-4f9b-9e3e-e4a48b3eda51@group-7E32184879DE-LeaderElection529] INFO  impl.RoleInfo (RoleInfo.java:updateAndGet(143)) - f535bb4a-cba0-4f9b-9e3e-e4a48b3eda51: start FollowerState
2019-10-18 11:25:38,419 [Thread-3739] INFO  impl.FollowerState (FollowerState.java:run(108)) - f535bb4a-cba0-4f9b-9e3e-e4a48b3eda51@group-7E32184879DE-FollowerState: change to CANDIDATE, lastRpcTime:13ms, electionTimeout:13ms
2019-10-18 11:25:38,420 [Thread-3739] INFO  impl.RoleInfo (RoleInfo.java:shutdownFollowerState(121)) - f535bb4a-cba0-4f9b-9e3e-e4a48b3eda51: shutdown FollowerState
2019-10-18 11:25:38,420 [Thread-3739] INFO  impl.RaftServerImpl (RaftServerImpl.java:setRole(184)) - f535bb4a-cba0-4f9b-9e3e-e4a48b3eda51@group-7E32184879DE: changes role from  FOLLOWER to CANDIDATE at term 619 for changeToCandidate
2019-10-18 11:25:38,420 [Thread-3739] INFO  impl.RoleInfo (RoleInfo.java:updateAndGet(143)) - f535bb4a-cba0-4f9b-9e3e-e4a48b3eda51: start LeaderElection
2019-10-18 11:25:38,444 [f535bb4a-cba0-4f9b-9e3e-e4a48b3eda51@group-7E32184879DE-LeaderElection530] INFO  impl.LeaderElection (LeaderElection.java:askForVotes(178)) - f535bb4a-cba0-4f9b-9e3e-e4a48b3eda51@group-7E32184879DE-LeaderElection530: begin an election at term 620 for -1: [f535bb4a-cba0-4f9b-9e3e-e4a48b3eda51:0.0.0.0:44706, 54aabb14-4a7d-4ab3-adbe-2e67760b87f4:0.0.0.0:43074, c652e2ee-3322-4406-8db6-1ea643cb3197:0.0.0.0:42129], old=null
2019-10-18 11:25:38,445 [grpc-default-executor-0] INFO  impl.RaftServerImpl (RaftServerImpl.java:setRole(184)) - 54aabb14-4a7d-4ab3-adbe-2e67760b87f4@group-7E32184879DE: changes role from  FOLLOWER to FOLLOWER at term 620 for recognizeCandidate:f535bb4a-cba0-4f9b-9e3e-e4a48b3eda51
2019-10-18 11:25:38,445 [grpc-default-executor-0] INFO  impl.RoleInfo (RoleInfo.java:shutdownFollowerState(121)) - 54aabb14-4a7d-4ab3-adbe-2e67760b87f4: shutdown FollowerState
2019-10-18 11:25:38,445 [grpc-default-executor-3] INFO  impl.RaftServerImpl (RaftServerImpl.java:setRole(184)) - c652e2ee-3322-4406-8db6-1ea643cb3197@group-7E32184879DE: changes role from  FOLLOWER to FOLLOWER at term 620 for recognizeCandidate:f535bb4a-cba0-4f9b-9e3e-e4a48b3eda51
2019-10-18 11:25:38,445 [Thread-3738] INFO  impl.FollowerState (FollowerState.java:run(117)) - 54aabb14-4a7d-4ab3-adbe-2e67760b87f4@group-7E32184879DE-FollowerState was interrupted: java.lang.InterruptedException: sleep interrupted
2019-10-18 11:25:38,445 [grpc-default-executor-0] INFO  impl.RoleInfo (RoleInfo.java:updateAndGet(143)) - 54aabb14-4a7d-4ab3-adbe-2e67760b87f4: start FollowerState
2019-10-18 11:25:38,445 [grpc-default-executor-3] INFO  impl.RoleInfo (RoleInfo.java:shutdownFollowerState(121)) - c652e2ee-3322-4406-8db6-1ea643cb3197: shutdown FollowerState
2019-10-18 11:25:38,446 [grpc-default-executor-3] INFO  impl.RoleInfo (RoleInfo.java:updateAndGet(143)) - c652e2ee-3322-4406-8db6-1ea643cb3197: start FollowerState
2019-10-18 11:25:38,446 [Thread-3737] INFO  impl.FollowerState (FollowerState.java:run(117)) - c652e2ee-3322-4406-8db6-1ea643cb3197@group-7E32184879DE-FollowerState was interrupted: java.lang.InterruptedException: sleep interrupted
2019-10-18 11:25:38,454 [f535bb4a-cba0-4f9b-9e3e-e4a48b3eda51@group-7E32184879DE-LeaderElection530] INFO  impl.LeaderElection (LeaderElection.java:logAndReturn(56)) - f535bb4a-cba0-4f9b-9e3e-e4a48b3eda51@group-7E32184879DE-LeaderElection530: Election TIMEOUT; received 0 response(s) [] and 0 exception(s); f535bb4a-cba0-4f9b-9e3e-e4a48b3eda51@group-7E32184879DE:t620, leader=null, voted=f535bb4a-cba0-4f9b-9e3e-e4a48b3eda51, raftlog=f535bb4a-cba0-4f9b-9e3e-e4a48b3eda51@group-7E32184879DE-SegmentedRaftLog:OPENED:c-1,f-1,i0, conf=-1: [f535bb4a-cba0-4f9b-9e3e-e4a48b3eda51:0.0.0.0:44706, 54aabb14-4a7d-4ab3-adbe-2e67760b87f4:0.0.0.0:43074, c652e2ee-3322-4406-8db6-1ea643cb3197:0.0.0.0:42129], old=null
2019-10-18 11:25:38,469 [f535bb4a-cba0-4f9b-9e3e-e4a48b3eda51@group-7E32184879DE-LeaderElection530] INFO  impl.LeaderElection (LeaderElection.java:askForVotes(178)) - f535bb4a-cba0-4f9b-9e3e-e4a48b3eda51@group-7E32184879DE-LeaderElection530: begin an election at term 621 for -1: [f535bb4a-cba0-4f9b-9e3e-e4a48b3eda51:0.0.0.0:44706, 54aabb14-4a7d-4ab3-adbe-2e67760b87f4:0.0.0.0:43074, c652e2ee-3322-4406-8db6-1ea643cb3197:0.0.0.0:42129], old=null
2019-10-18 11:25:38,470 [grpc-default-executor-0] INFO  impl.RaftServerImpl (RaftServerImpl.java:setRole(184)) - 54aabb14-4a7d-4ab3-adbe-2e67760b87f4@group-7E32184879DE: changes role from  FOLLOWER to FOLLOWER at term 621 for recognizeCandidate:f535bb4a-cba0-4f9b-9e3e-e4a48b3eda51
2019-10-18 11:25:38,470 [grpc-default-executor-0] INFO  impl.RoleInfo (RoleInfo.java:shutdownFollowerState(121)) - 54aabb14-4a7d-4ab3-adbe-2e67760b87f4: shutdown FollowerState
2019-10-18 11:25:38,470 [grpc-default-executor-0] INFO  impl.RoleInfo (RoleInfo.java:updateAndGet(143)) - 54aabb14-4a7d-4ab3-adbe-2e67760b87f4: start FollowerState
2019-10-18 11:25:38,470 [grpc-default-executor-3] INFO  impl.RaftServerImpl (RaftServerImpl.java:setRole(184)) - c652e2ee-3322-4406-8db6-1ea643cb3197@group-7E32184879DE: changes role from  FOLLOWER to FOLLOWER at term 621 for recognizeCandidate:f535bb4a-cba0-4f9b-9e3e-e4a48b3eda51
2019-10-18 11:25:38,470 [Thread-3743] INFO  impl.FollowerState (FollowerState.java:run(117)) - 54aabb14-4a7d-4ab3-adbe-2e67760b87f4@group-7E32184879DE-FollowerState was interrupted: java.lang.InterruptedException: sleep interrupted
2019-10-18 11:25:38,470 [grpc-default-executor-3] INFO  impl.RoleInfo (RoleInfo.java:shutdownFollowerState(121)) - c652e2ee-3322-4406-8db6-1ea643cb3197: shutdown FollowerState
2019-10-18 11:25:38,471 [grpc-default-executor-3] INFO  impl.RoleInfo (RoleInfo.java:updateAndGet(143)) - c652e2ee-3322-4406-8db6-1ea643cb3197: start FollowerState
2019-10-18 11:25:38,471 [Thread-3744] INFO  impl.FollowerState (FollowerState.java:run(117)) - c652e2ee-3322-4406-8db6-1ea643cb3197@group-7E32184879DE-FollowerState was interrupted: java.lang.InterruptedException: sleep interrupted
2019-10-18 11:25:38,494 [f535bb4a-cba0-4f9b-9e3e-e4a48b3eda51@group-7E32184879DE-LeaderElection530] INFO  impl.LeaderElection (LeaderElection.java:logAndReturn(56)) - f535bb4a-cba0-4f9b-9e3e-e4a48b3eda51@group-7E32184879DE-LeaderElection530: Election REJECTED; received 2 response(s) [f535bb4a-cba0-4f9b-9e3e-e4a48b3eda51<-54aabb14-4a7d-4ab3-adbe-2e67760b87f4#0:FAIL-t621, f535bb4a-cba0-4f9b-9e3e-e4a48b3eda51<-c652e2ee-3322-4406-8db6-1ea643cb3197#0:FAIL-t621] and 0 exception(s); f535bb4a-cba0-4f9b-9e3e-e4a48b3eda51@group-7E32184879DE:t621, leader=null, voted=f535bb4a-cba0-4f9b-9e3e-e4a48b3eda51, raftlog=f535bb4a-cba0-4f9b-9e3e-e4a48b3eda51@group-7E32184879DE-SegmentedRaftLog:OPENED:c-1,f-1,i0, conf=-1: [f535bb4a-cba0-4f9b-9e3e-e4a48b3eda51:0.0.0.0:44706, 54aabb14-4a7d-4ab3-adbe-2e67760b87f4:0.0.0.0:43074, c652e2ee-3322-4406-8db6-1ea643cb3197:0.0.0.0:42129], old=null
2019-10-18 11:25:38,494 [f535bb4a-cba0-4f9b-9e3e-e4a48b3eda51@group-7E32184879DE-LeaderElection530] INFO  impl.RaftServerImpl (RaftServerImpl.java:setRole(184)) - f535bb4a-cba0-4f9b-9e3e-e4a48b3eda51@group-7E32184879DE: changes role from CANDIDATE to FOLLOWER at term 621 for DISCOVERED_A_NEW_TERM
2019-10-18 11:25:38,494 [f535bb4a-cba0-4f9b-9e3e-e4a48b3eda51@group-7E32184879DE-LeaderElection530] INFO  impl.RoleInfo (RoleInfo.java:shutdownLeaderElection(134)) - f535bb4a-cba0-4f9b-9e3e-e4a48b3eda51: shutdown LeaderElection
2019-10-18 11:25:38,494 [f535bb4a-cba0-4f9b-9e3e-e4a48b3eda51@group-7E32184879DE-LeaderElection530] INFO  impl.RoleInfo (RoleInfo.java:updateAndGet(143)) - f535bb4a-cba0-4f9b-9e3e-e4a48b3eda51: start FollowerState
2019-10-18 11:25:38,586 [Thread-3749] INFO  impl.FollowerState (FollowerState.java:run(108)) - f535bb4a-cba0-4f9b-9e3e-e4a48b3eda51@group-7E32184879DE-FollowerState: change to CANDIDATE, lastRpcTime:91ms, electionTimeout:91ms
2019-10-18 11:25:38,586 [Thread-3749] INFO  impl.RoleInfo (RoleInfo.java:shutdownFollowerState(121)) - f535bb4a-cba0-4f9b-9e3e-e4a48b3eda51: shutdown FollowerState
2019-10-18 11:25:38,586 [Thread-3749] INFO  impl.RaftServerImpl (RaftServerImpl.java:setRole(184)) - f535bb4a-cba0-4f9b-9e3e-e4a48b3eda51@group-7E32184879DE: changes role from  FOLLOWER to CANDIDATE at term 621 for changeToCandidate
2019-10-18 11:25:38,586 [Thread-3749] INFO  impl.RoleInfo (RoleInfo.java:updateAndGet(143)) - f535bb4a-cba0-4f9b-9e3e-e4a48b3eda51: start LeaderElection
2019-10-18 11:25:38,618 [f535bb4a-cba0-4f9b-9e3e-e4a48b3eda51@group-7E32184879DE-LeaderElection531] INFO  impl.LeaderElection (LeaderElection.java:askForVotes(178)) - f535bb4a-cba0-4f9b-9e3e-e4a48b3eda51@group-7E32184879DE-LeaderElection531: begin an election at term 622 for -1: [f535bb4a-cba0-4f9b-9e3e-e4a48b3eda51:0.0.0.0:44706, 54aabb14-4a7d-4ab3-adbe-2e67760b87f4:0.0.0.0:43074, c652e2ee-3322-4406-8db6-1ea643cb3197:0.0.0.0:42129], old=null
2019-10-18 11:25:38,620 [grpc-default-executor-3] INFO  impl.RaftServerImpl (RaftServerImpl.java:setRole(184)) - c652e2ee-3322-4406-8db6-1ea643cb3197@group-7E32184879DE: changes role from  FOLLOWER to FOLLOWER at term 622 for recognizeCandidate:f535bb4a-cba0-4f9b-9e3e-e4a48b3eda51
2019-10-18 11:25:38,620 [grpc-default-executor-3] INFO  impl.RoleInfo (RoleInfo.java:shutdownFollowerState(121)) - c652e2ee-3322-4406-8db6-1ea643cb3197: shutdown FollowerState
2019-10-18 11:25:38,620 [grpc-default-executor-0] INFO  impl.RaftServerImpl (RaftServerImpl.java:setRole(184)) - 54aabb14-4a7d-4ab3-adbe-2e67760b87f4@group-7E32184879DE: changes role from  FOLLOWER to FOLLOWER at term 622 for recognizeCandidate:f535bb4a-cba0-4f9b-9e3e-e4a48b3eda51
2019-10-18 11:25:38,620 [Thread-3748] INFO  impl.FollowerState (FollowerState.java:run(117)) - c652e2ee-3322-4406-8db6-1ea643cb3197@group-7E32184879DE-FollowerState was interrupted: java.lang.InterruptedException: sleep interrupted
2019-10-18 11:25:38,620 [grpc-default-executor-3] INFO  impl.RoleInfo (RoleInfo.java:updateAndGet(143)) - c652e2ee-3322-4406-8db6-1ea643cb3197: start FollowerState
2019-10-18 11:25:38,620 [grpc-default-executor-0] INFO  impl.RoleInfo (RoleInfo.java:shutdownFollowerState(121)) - 54aabb14-4a7d-4ab3-adbe-2e67760b87f4: shutdown FollowerState
2019-10-18 11:25:38,621 [grpc-default-executor-0] INFO  impl.RoleInfo (RoleInfo.java:updateAndGet(143)) - 54aabb14-4a7d-4ab3-adbe-2e67760b87f4: start FollowerState
2019-10-18 11:25:38,621 [Thread-3747] INFO  impl.FollowerState (FollowerState.java:run(117)) - 54aabb14-4a7d-4ab3-adbe-2e67760b87f4@group-7E32184879DE-FollowerState was interrupted: java.lang.InterruptedException: sleep interrupted
2019-10-18 11:25:38,644 [f535bb4a-cba0-4f9b-9e3e-e4a48b3eda51@group-7E32184879DE-LeaderElection531] INFO  impl.LeaderElection (LeaderElection.java:logAndReturn(56)) - f535bb4a-cba0-4f9b-9e3e-e4a48b3eda51@group-7E32184879DE-LeaderElection531: Election REJECTED; received 2 response(s) [f535bb4a-cba0-4f9b-9e3e-e4a48b3eda51<-54aabb14-4a7d-4ab3-adbe-2e67760b87f4#0:FAIL-t622, f535bb4a-cba0-4f9b-9e3e-e4a48b3eda51<-c652e2ee-3322-4406-8db6-1ea643cb3197#0:FAIL-t622] and 0 exception(s); f535bb4a-cba0-4f9b-9e3e-e4a48b3eda51@group-7E32184879DE:t622, leader=null, voted=f535bb4a-cba0-4f9b-9e3e-e4a48b3eda51, raftlog=f535bb4a-cba0-4f9b-9e3e-e4a48b3eda51@group-7E32184879DE-SegmentedRaftLog:OPENED:c-1,f-1,i0, conf=-1: [f535bb4a-cba0-4f9b-9e3e-e4a48b3eda51:0.0.0.0:44706, 54aabb14-4a7d-4ab3-adbe-2e67760b87f4:0.0.0.0:43074, c652e2ee-3322-4406-8db6-1ea643cb3197:0.0.0.0:42129], old=null
2019-10-18 11:25:38,644 [f535bb4a-cba0-4f9b-9e3e-e4a48b3eda51@group-7E32184879DE-LeaderElection531] INFO  impl.RaftServerImpl (RaftServerImpl.java:setRole(184)) - f535bb4a-cba0-4f9b-9e3e-e4a48b3eda51@group-7E32184879DE: changes role from CANDIDATE to FOLLOWER at term 622 for DISCOVERED_A_NEW_TERM
2019-10-18 11:25:38,644 [f535bb4a-cba0-4f9b-9e3e-e4a48b3eda51@group-7E32184879DE-LeaderElection531] INFO  impl.RoleInfo (RoleInfo.java:shutdownLeaderElection(134)) - f535bb4a-cba0-4f9b-9e3e-e4a48b3eda51: shutdown LeaderElection
2019-10-18 11:25:38,644 [f535bb4a-cba0-4f9b-9e3e-e4a48b3eda51@group-7E32184879DE-LeaderElection531] INFO  impl.RoleInfo (RoleInfo.java:updateAndGet(143)) - f535bb4a-cba0-4f9b-9e3e-e4a48b3eda51: start FollowerState
2019-10-18 11:25:38,703 [Thread-3757] INFO  impl.FollowerState (FollowerState.java:run(108)) - f535bb4a-cba0-4f9b-9e3e-e4a48b3eda51@group-7E32184879DE-FollowerState: change to CANDIDATE, lastRpcTime:58ms, electionTimeout:58ms
2019-10-18 11:25:38,703 [Thread-3757] INFO  impl.RoleInfo (RoleInfo.java:shutdownFollowerState(121)) - f535bb4a-cba0-4f9b-9e3e-e4a48b3eda51: shutdown FollowerState
2019-10-18 11:25:38,703 [Thread-3757] INFO  impl.RaftServerImpl (RaftServerImpl.java:setRole(184)) - f535bb4a-cba0-4f9b-9e3e-e4a48b3eda51@group-7E32184879DE: changes role from  FOLLOWER to CANDIDATE at term 622 for changeToCandidate
2019-10-18 11:25:38,703 [Thread-3757] INFO  impl.RoleInfo (RoleInfo.java:updateAndGet(143)) - f535bb4a-cba0-4f9b-9e3e-e4a48b3eda51: start LeaderElection
2019-10-18 11:25:38,727 [f535bb4a-cba0-4f9b-9e3e-e4a48b3eda51@group-7E32184879DE-LeaderElection532] INFO  impl.LeaderElection (LeaderElection.java:askForVotes(178)) - f535bb4a-cba0-4f9b-9e3e-e4a48b3eda51@group-7E32184879DE-LeaderElection532: begin an election at term 623 for -1: [f535bb4a-cba0-4f9b-9e3e-e4a48b3eda51:0.0.0.0:44706, 54aabb14-4a7d-4ab3-adbe-2e67760b87f4:0.0.0.0:43074, c652e2ee-3322-4406-8db6-1ea643cb3197:0.0.0.0:42129], old=null
2019-10-18 11:25:38,729 [grpc-default-executor-0] INFO  impl.RaftServerImpl (RaftServerImpl.java:setRole(184)) - c652e2ee-3322-4406-8db6-1ea643cb3197@group-7E32184879DE: changes role from  FOLLOWER to FOLLOWER at term 623 for recognizeCandidate:f535bb4a-cba0-4f9b-9e3e-e4a48b3eda51
2019-10-18 11:25:38,729 [grpc-default-executor-0] INFO  impl.RoleInfo (RoleInfo.java:shutdownFollowerState(121)) - c652e2ee-3322-4406-8db6-1ea643cb3197: shutdown FollowerState
2019-10-18 11:25:38,729 [grpc-default-executor-3] INFO  impl.RaftServerImpl (RaftServerImpl.java:setRole(184)) - 54aabb14-4a7d-4ab3-adbe-2e67760b87f4@group-7E32184879DE: changes role from  FOLLOWER to FOLLOWER at term 623 for recognizeCandidate:f535bb4a-cba0-4f9b-9e3e-e4a48b3eda51
2019-10-18 11:25:38,729 [Thread-3753] INFO  impl.FollowerState (FollowerState.java:run(117)) - c652e2ee-3322-4406-8db6-1ea643cb3197@group-7E32184879DE-FollowerState was interrupted: java.lang.InterruptedException: sleep interrupted
2019-10-18 11:25:38,729 [grpc-default-executor-0] INFO  impl.RoleInfo (RoleInfo.java:updateAndGet(143)) - c652e2ee-3322-4406-8db6-1ea643cb3197: start FollowerState
2019-10-18 11:25:38,729 [grpc-default-executor-3] INFO  impl.RoleInfo (RoleInfo.java:shutdownFollowerState(121)) - 54aabb14-4a7d-4ab3-adbe-2e67760b87f4: shutdown FollowerState
2019-10-18 11:25:38,730 [grpc-default-executor-3] INFO  impl.RoleInfo (RoleInfo.java:updateAndGet(143)) - 54aabb14-4a7d-4ab3-adbe-2e67760b87f4: start FollowerState
2019-10-18 11:25:38,730 [Thread-3754] INFO  impl.FollowerState (FollowerState.java:run(117)) - 54aabb14-4a7d-4ab3-adbe-2e67760b87f4@group-7E32184879DE-FollowerState was interrupted: java.lang.InterruptedException: sleep interrupted
2019-10-18 11:25:38,753 [f535bb4a-cba0-4f9b-9e3e-e4a48b3eda51@group-7E32184879DE-LeaderElection532] INFO  impl.LeaderElection (LeaderElection.java:logAndReturn(56)) - f535bb4a-cba0-4f9b-9e3e-e4a48b3eda51@group-7E32184879DE-LeaderElection532: Election REJECTED; received 2 response(s) [f535bb4a-cba0-4f9b-9e3e-e4a48b3eda51<-54aabb14-4a7d-4ab3-adbe-2e67760b87f4#0:FAIL-t623, f535bb4a-cba0-4f9b-9e3e-e4a48b3eda51<-c652e2ee-3322-4406-8db6-1ea643cb3197#0:FAIL-t623] and 0 exception(s); f535bb4a-cba0-4f9b-9e3e-e4a48b3eda51@group-7E32184879DE:t623, leader=null, voted=f535bb4a-cba0-4f9b-9e3e-e4a48b3eda51, raftlog=f535bb4a-cba0-4f9b-9e3e-e4a48b3eda51@group-7E32184879DE-SegmentedRaftLog:OPENED:c-1,f-1,i0, conf=-1: [f535bb4a-cba0-4f9b-9e3e-e4a48b3eda51:0.0.0.0:44706, 54aabb14-4a7d-4ab3-adbe-2e67760b87f4:0.0.0.0:43074, c652e2ee-3322-4406-8db6-1ea643cb3197:0.0.0.0:42129], old=null
2019-10-18 11:25:38,753 [f535bb4a-cba0-4f9b-9e3e-e4a48b3eda51@group-7E32184879DE-LeaderElection532] INFO  impl.RaftServerImpl (RaftServerImpl.java:setRole(184)) - f535bb4a-cba0-4f9b-9e3e-e4a48b3eda51@group-7E32184879DE: changes role from CANDIDATE to FOLLOWER at term 623 for DISCOVERED_A_NEW_TERM
2019-10-18 11:25:38,754 [f535bb4a-cba0-4f9b-9e3e-e4a48b3eda51@group-7E32184879DE-LeaderElection532] INFO  impl.RoleInfo (RoleInfo.java:shutdownLeaderElection(134)) - f535bb4a-cba0-4f9b-9e3e-e4a48b3eda51: shutdown LeaderElection
2019-10-18 11:25:38,754 [f535bb4a-cba0-4f9b-9e3e-e4a48b3eda51@group-7E32184879DE-LeaderElection532] INFO  impl.RoleInfo (RoleInfo.java:updateAndGet(143)) - f535bb4a-cba0-4f9b-9e3e-e4a48b3eda51: start FollowerState
2019-10-18 11:25:38,867 [Thread-3763] INFO  impl.FollowerState (FollowerState.java:run(108)) - f535bb4a-cba0-4f9b-9e3e-e4a48b3eda51@group-7E32184879DE-FollowerState: change to CANDIDATE, lastRpcTime:113ms, electionTimeout:113ms
2019-10-18 11:25:38,867 [Thread-3763] INFO  impl.RoleInfo (RoleInfo.java:shutdownFollowerState(121)) - f535bb4a-cba0-4f9b-9e3e-e4a48b3eda51: shutdown FollowerState
2019-10-18 11:25:38,867 [Thread-3763] INFO  impl.RaftServerImpl (RaftServerImpl.java:setRole(184)) - f535bb4a-cba0-4f9b-9e3e-e4a48b3eda51@group-7E32184879DE: changes role from  FOLLOWER to CANDIDATE at term 623 for changeToCandidate
2019-10-18 11:25:38,867 [Thread-3763] INFO  impl.RoleInfo (RoleInfo.java:updateAndGet(143)) - f535bb4a-cba0-4f9b-9e3e-e4a48b3eda51: start LeaderElection
2019-10-18 11:25:38,895 [f535bb4a-cba0-4f9b-9e3e-e4a48b3eda51@group-7E32184879DE-LeaderElection533] INFO  impl.LeaderElection (LeaderElection.java:askForVotes(178)) - f535bb4a-cba0-4f9b-9e3e-e4a48b3eda51@group-7E32184879DE-LeaderElection533: begin an election at term 624 for -1: [f535bb4a-cba0-4f9b-9e3e-e4a48b3eda51:0.0.0.0:44706, 54aabb14-4a7d-4ab3-adbe-2e67760b87f4:0.0.0.0:43074, c652e2ee-3322-4406-8db6-1ea643cb3197:0.0.0.0:42129], old=null
2019-10-18 11:25:38,896 [grpc-default-executor-0] INFO  impl.RaftServerImpl (RaftServerImpl.java:setRole(184)) - c652e2ee-3322-4406-8db6-1ea643cb3197@group-7E32184879DE: changes role from  FOLLOWER to FOLLOWER at term 624 for recognizeCandidate:f535bb4a-cba0-4f9b-9e3e-e4a48b3eda51
2019-10-18 11:25:38,896 [grpc-default-executor-0] INFO  impl.RoleInfo (RoleInfo.java:shutdownFollowerState(121)) - c652e2ee-3322-4406-8db6-1ea643cb3197: shutdown FollowerState
2019-10-18 11:25:38,896 [grpc-default-executor-3] INFO  impl.RaftServerImpl (RaftServerImpl.java:setRole(184)) - 54aabb14-4a7d-4ab3-adbe-2e67760b87f4@group-7E32184879DE: changes role from  FOLLOWER to FOLLOWER at term 624 for recognizeCandidate:f535bb4a-cba0-4f9b-9e3e-e4a48b3eda51
2019-10-18 11:25:38,897 [grpc-default-executor-3] INFO  impl.RoleInfo (RoleInfo.java:shutdownFollowerState(121)) - 54aabb14-4a7d-4ab3-adbe-2e67760b87f4: shutdown FollowerState
2019-10-18 11:25:38,897 [Thread-3761] INFO  impl.FollowerState (FollowerState.java:run(117)) - c652e2ee-3322-4406-8db6-1ea643cb3197@group-7E32184879DE-FollowerState was interrupted: java.lang.InterruptedException: sleep interrupted
2019-10-18 11:25:38,897 [grpc-default-executor-0] INFO  impl.RoleInfo (RoleInfo.java:updateAndGet(143)) - c652e2ee-3322-4406-8db6-1ea643cb3197: start FollowerState
2019-10-18 11:25:38,897 [Thread-3762] INFO  impl.FollowerState (FollowerState.java:run(117)) - 54aabb14-4a7d-4ab3-adbe-2e67760b87f4@group-7E32184879DE-FollowerState was interrupted: java.lang.InterruptedException: sleep interrupted
2019-10-18 11:25:38,897 [grpc-default-executor-3] INFO  impl.RoleInfo (RoleInfo.java:updateAndGet(143)) - 54aabb14-4a7d-4ab3-adbe-2e67760b87f4: start FollowerState
2019-10-18 11:25:38,921 [f535bb4a-cba0-4f9b-9e3e-e4a48b3eda51@group-7E32184879DE-LeaderElection533] INFO  impl.LeaderElection (LeaderElection.java:logAndReturn(56)) - f535bb4a-cba0-4f9b-9e3e-e4a48b3eda51@group-7E32184879DE-LeaderElection533: Election REJECTED; received 2 response(s) [f535bb4a-cba0-4f9b-9e3e-e4a48b3eda51<-54aabb14-4a7d-4ab3-adbe-2e67760b87f4#0:FAIL-t624, f535bb4a-cba0-4f9b-9e3e-e4a48b3eda51<-c652e2ee-3322-4406-8db6-1ea643cb3197#0:FAIL-t624] and 0 exception(s); f535bb4a-cba0-4f9b-9e3e-e4a48b3eda51@group-7E32184879DE:t624, leader=null, voted=f535bb4a-cba0-4f9b-9e3e-e4a48b3eda51, raftlog=f535bb4a-cba0-4f9b-9e3e-e4a48b3eda51@group-7E32184879DE-SegmentedRaftLog:OPENED:c-1,f-1,i0, conf=-1: [f535bb4a-cba0-4f9b-9e3e-e4a48b3eda51:0.0.0.0:44706, 54aabb14-4a7d-4ab3-adbe-2e67760b87f4:0.0.0.0:43074, c652e2ee-3322-4406-8db6-1ea643cb3197:0.0.0.0:42129], old=null
2019-10-18 11:25:38,921 [f535bb4a-cba0-4f9b-9e3e-e4a48b3eda51@group-7E32184879DE-LeaderElection533] INFO  impl.RaftServerImpl (RaftServerImpl.java:setRole(184)) - f535bb4a-cba0-4f9b-9e3e-e4a48b3eda51@group-7E32184879DE: changes role from CANDIDATE to FOLLOWER at term 624 for DISCOVERED_A_NEW_TERM
2019-10-18 11:25:38,921 [f535bb4a-cba0-4f9b-9e3e-e4a48b3eda51@group-7E32184879DE-LeaderElection533] INFO  impl.RoleInfo (RoleInfo.java:shutdownLeaderElection(134)) - f535bb4a-cba0-4f9b-9e3e-e4a48b3eda51: shutdown LeaderElection
2019-10-18 11:25:38,921 [f535bb4a-cba0-4f9b-9e3e-e4a48b3eda51@group-7E32184879DE-LeaderElection533] INFO  impl.RoleInfo (RoleInfo.java:updateAndGet(143)) - f535bb4a-cba0-4f9b-9e3e-e4a48b3eda51: start FollowerState
2019-10-18 11:25:38,945 [Thread-3769] INFO  impl.FollowerState (FollowerState.java:run(108)) - f535bb4a-cba0-4f9b-9e3e-e4a48b3eda51@group-7E32184879DE-FollowerState: change to CANDIDATE, lastRpcTime:24ms, electionTimeout:24ms
2019-10-18 11:25:38,945 [Thread-3769] INFO  impl.RoleInfo (RoleInfo.java:shutdownFollowerState(121)) - f535bb4a-cba0-4f9b-9e3e-e4a48b3eda51: shutdown FollowerState
2019-10-18 11:25:38,945 [Thread-3769] INFO  impl.RaftServerImpl (RaftServerImpl.java:setRole(184)) - f535bb4a-cba0-4f9b-9e3e-e4a48b3eda51@group-7E32184879DE: changes role from  FOLLOWER to CANDIDATE at term 624 for changeToCandidate
2019-10-18 11:25:38,945 [Thread-3769] INFO  impl.RoleInfo (RoleInfo.java:updateAndGet(143)) - f535bb4a-cba0-4f9b-9e3e-e4a48b3eda51: start LeaderElection
2019-10-18 11:25:38,970 [f535bb4a-cba0-4f9b-9e3e-e4a48b3eda51@group-7E32184879DE-LeaderElection534] INFO  impl.LeaderElection (LeaderElection.java:askForVotes(178)) - f535bb4a-cba0-4f9b-9e3e-e4a48b3eda51@group-7E32184879DE-LeaderElection534: begin an election at term 625 for -1: [f535bb4a-cba0-4f9b-9e3e-e4a48b3eda51:0.0.0.0:44706, 54aabb14-4a7d-4ab3-adbe-2e67760b87f4:0.0.0.0:43074, c652e2ee-3322-4406-8db6-1ea643cb3197:0.0.0.0:42129], old=null
2019-10-18 11:25:38,972 [grpc-default-executor-3] INFO  impl.RaftServerImpl (RaftServerImpl.java:setRole(184)) - 54aabb14-4a7d-4ab3-adbe-2e67760b87f4@group-7E32184879DE: changes role from  FOLLOWER to FOLLOWER at term 625 for recognizeCandidate:f535bb4a-cba0-4f9b-9e3e-e4a48b3eda51
2019-10-18 11:25:38,972 [grpc-default-executor-0] INFO  impl.RaftServerImpl (RaftServerImpl.java:setRole(184)) - c652e2ee-3322-4406-8db6-1ea643cb3197@group-7E32184879DE: changes role from  FOLLOWER to FOLLOWER at term 625 for recognizeCandidate:f535bb4a-cba0-4f9b-9e3e-e4a48b3eda51
2019-10-18 11:25:38,972 [grpc-default-executor-0] INFO  impl.RoleInfo (RoleInfo.java:shutdownFollowerState(121)) - c652e2ee-3322-4406-8db6-1ea643cb3197: shutdown FollowerState
2019-10-18 11:25:38,972 [grpc-default-executor-3] INFO  impl.RoleInfo (RoleInfo.java:shutdownFollowerState(121)) - 54aabb14-4a7d-4ab3-adbe-2e67760b87f4: shutdown FollowerState
2019-10-18 11:25:38,972 [grpc-default-executor-0] INFO  impl.RoleInfo (RoleInfo.java:updateAndGet(143)) - c652e2ee-3322-4406-8db6-1ea643cb3197: start FollowerState
2019-10-18 11:25:38,972 [Thread-3767] INFO  impl.FollowerState (FollowerState.java:run(117)) - c652e2ee-3322-4406-8db6-1ea643cb3197@group-7E32184879DE-FollowerState was interrupted: java.lang.InterruptedException: sleep interrupted
2019-10-18 11:25:38,973 [Thread-3768] INFO  impl.FollowerState (FollowerState.java:run(117)) - 54aabb14-4a7d-4ab3-adbe-2e67760b87f4@group-7E32184879DE-FollowerState was interrupted: java.lang.InterruptedException: sleep interrupted
2019-10-18 11:25:38,973 [grpc-default-executor-3] INFO  impl.RoleInfo (RoleInfo.java:updateAndGet(143)) - 54aabb14-4a7d-4ab3-adbe-2e67760b87f4: start FollowerState
2019-10-18 11:25:38,977 [f535bb4a-cba0-4f9b-9e3e-e4a48b3eda51@group-7E32184879DE-LeaderElection534] INFO  impl.LeaderElection (LeaderElection.java:logAndReturn(56)) - f535bb4a-cba0-4f9b-9e3e-e4a48b3eda51@group-7E32184879DE-LeaderElection534: Election TIMEOUT; received 0 response(s) [] and 0 exception(s); f535bb4a-cba0-4f9b-9e3e-e4a48b3eda51@group-7E32184879DE:t625, leader=null, voted=f535bb4a-cba0-4f9b-9e3e-e4a48b3eda51, raftlog=f535bb4a-cba0-4f9b-9e3e-e4a48b3eda51@group-7E32184879DE-SegmentedRaftLog:OPENED:c-1,f-1,i0, conf=-1: [f535bb4a-cba0-4f9b-9e3e-e4a48b3eda51:0.0.0.0:44706, 54aabb14-4a7d-4ab3-adbe-2e67760b87f4:0.0.0.0:43074, c652e2ee-3322-4406-8db6-1ea643cb3197:0.0.0.0:42129], old=null
2019-10-18 11:25:38,996 [f535bb4a-cba0-4f9b-9e3e-e4a48b3eda51@group-7E32184879DE-LeaderElection534] INFO  impl.LeaderElection (LeaderElection.java:askForVotes(178)) - f535bb4a-cba0-4f9b-9e3e-e4a48b3eda51@group-7E32184879DE-LeaderElection534: begin an election at term 626 for -1: [f535bb4a-cba0-4f9b-9e3e-e4a48b3eda51:0.0.0.0:44706, 54aabb14-4a7d-4ab3-adbe-2e67760b87f4:0.0.0.0:43074, c652e2ee-3322-4406-8db6-1ea643cb3197:0.0.0.0:42129], old=null
2019-10-18 11:25:38,997 [grpc-default-executor-3] INFO  impl.RaftServerImpl (RaftServerImpl.java:setRole(184)) - 54aabb14-4a7d-4ab3-adbe-2e67760b87f4@group-7E32184879DE: changes role from  FOLLOWER to FOLLOWER at term 626 for recognizeCandidate:f535bb4a-cba0-4f9b-9e3e-e4a48b3eda51
2019-10-18 11:25:38,997 [grpc-default-executor-3] INFO  impl.RoleInfo (RoleInfo.java:shutdownFollowerState(121)) - 54aabb14-4a7d-4ab3-adbe-2e67760b87f4: shutdown FollowerState
2019-10-18 11:25:38,997 [grpc-default-executor-3] INFO  impl.RoleInfo (RoleInfo.java:updateAndGet(143)) - 54aabb14-4a7d-4ab3-adbe-2e67760b87f4: start FollowerState
2019-10-18 11:25:38,998 [Thread-3774] INFO  impl.FollowerState (FollowerState.java:run(117)) - 54aabb14-4a7d-4ab3-adbe-2e67760b87f4@group-7E32184879DE-FollowerState was interrupted: java.lang.InterruptedException: sleep interrupted
2019-10-18 11:25:38,997 [grpc-default-executor-0] INFO  impl.RaftServerImpl (RaftServerImpl.java:setRole(184)) - c652e2ee-3322-4406-8db6-1ea643cb3197@group-7E32184879DE: changes role from  FOLLOWER to FOLLOWER at term 626 for recognizeCandidate:f535bb4a-cba0-4f9b-9e3e-e4a48b3eda51
2019-10-18 11:25:38,998 [grpc-default-executor-0] INFO  impl.RoleInfo (RoleInfo.java:shutdownFollowerState(121)) - c652e2ee-3322-4406-8db6-1ea643cb3197: shutdown FollowerState
2019-10-18 11:25:38,998 [grpc-default-executor-0] INFO  impl.RoleInfo (RoleInfo.java:updateAndGet(143)) - c652e2ee-3322-4406-8db6-1ea643cb3197: start FollowerState
2019-10-18 11:25:38,998 [Thread-3773] INFO  impl.FollowerState (FollowerState.java:run(117)) - c652e2ee-3322-4406-8db6-1ea643cb3197@group-7E32184879DE-FollowerState was interrupted: java.lang.InterruptedException: sleep interrupted
2019-10-18 11:25:39,004 [f535bb4a-cba0-4f9b-9e3e-e4a48b3eda51@group-7E32184879DE-LeaderElection534] INFO  impl.LeaderElection (LeaderElection.java:logAndReturn(56)) - f535bb4a-cba0-4f9b-9e3e-e4a48b3eda51@group-7E32184879DE-LeaderElection534: Election TIMEOUT; received 0 response(s) [] and 0 exception(s); f535bb4a-cba0-4f9b-9e3e-e4a48b3eda51@group-7E32184879DE:t626, leader=null, voted=f535bb4a-cba0-4f9b-9e3e-e4a48b3eda51, raftlog=f535bb4a-cba0-4f9b-9e3e-e4a48b3eda51@group-7E32184879DE-SegmentedRaftLog:OPENED:c-1,f-1,i0, conf=-1: [f535bb4a-cba0-4f9b-9e3e-e4a48b3eda51:0.0.0.0:44706, 54aabb14-4a7d-4ab3-adbe-2e67760b87f4:0.0.0.0:43074, c652e2ee-3322-4406-8db6-1ea643cb3197:0.0.0.0:42129], old=null
2019-10-18 11:25:39,023 [f535bb4a-cba0-4f9b-9e3e-e4a48b3eda51@group-7E32184879DE-LeaderElection534] INFO  impl.LeaderElection (LeaderElection.java:askForVotes(178)) - f535bb4a-cba0-4f9b-9e3e-e4a48b3eda51@group-7E32184879DE-LeaderElection534: begin an election at term 627 for -1: [f535bb4a-cba0-4f9b-9e3e-e4a48b3eda51:0.0.0.0:44706, 54aabb14-4a7d-4ab3-adbe-2e67760b87f4:0.0.0.0:43074, c652e2ee-3322-4406-8db6-1ea643cb3197:0.0.0.0:42129], old=null
2019-10-18 11:25:39,025 [grpc-default-executor-3] INFO  impl.RaftServerImpl (RaftServerImpl.java:setRole(184)) - 54aabb14-4a7d-4ab3-adbe-2e67760b87f4@group-7E32184879DE: changes role from  FOLLOWER to FOLLOWER at term 627 for recognizeCandidate:f535bb4a-cba0-4f9b-9e3e-e4a48b3eda51
2019-10-18 11:25:39,025 [grpc-default-executor-0] INFO  impl.RaftServerImpl (RaftServerImpl.java:setRole(184)) - c652e2ee-3322-4406-8db6-1ea643cb3197@group-7E32184879DE: changes role from  FOLLOWER to FOLLOWER at term 627 for recognizeCandidate:f535bb4a-cba0-4f9b-9e3e-e4a48b3eda51
2019-10-18 11:25:39,025 [grpc-default-executor-0] INFO  impl.RoleInfo (RoleInfo.java:shutdownFollowerState(121)) - c652e2ee-3322-4406-8db6-1ea643cb3197: shutdown FollowerState
2019-10-18 11:25:39,025 [grpc-default-executor-3] INFO  impl.RoleInfo (RoleInfo.java:shutdownFollowerState(121)) - 54aabb14-4a7d-4ab3-adbe-2e67760b87f4: shutdown FollowerState
2019-10-18 11:25:39,025 [grpc-default-executor-0] INFO  impl.RoleInfo (RoleInfo.java:updateAndGet(143)) - c652e2ee-3322-4406-8db6-1ea643cb3197: start FollowerState
2019-10-18 11:25:39,025 [Thread-3778] INFO  impl.FollowerState (FollowerState.java:run(117)) - c652e2ee-3322-4406-8db6-1ea643cb3197@group-7E32184879DE-FollowerState was interrupted: java.lang.InterruptedException: sleep interrupted
2019-10-18 11:25:39,025 [Thread-3777] INFO  impl.FollowerState (FollowerState.java:run(117)) - 54aabb14-4a7d-4ab3-adbe-2e67760b87f4@group-7E32184879DE-FollowerState was interrupted: java.lang.InterruptedException: sleep interrupted
2019-10-18 11:25:39,025 [grpc-default-executor-3] INFO  impl.RoleInfo (RoleInfo.java:updateAndGet(143)) - 54aabb14-4a7d-4ab3-adbe-2e67760b87f4: start FollowerState
2019-10-18 11:25:39,048 [f535bb4a-cba0-4f9b-9e3e-e4a48b3eda51@group-7E32184879DE-LeaderElection534] INFO  impl.LeaderElection (LeaderElection.java:logAndReturn(56)) - f535bb4a-cba0-4f9b-9e3e-e4a48b3eda51@group-7E32184879DE-LeaderElection534: Election REJECTED; received 2 response(s) [f535bb4a-cba0-4f9b-9e3e-e4a48b3eda51<-54aabb14-4a7d-4ab3-adbe-2e67760b87f4#0:FAIL-t627, f535bb4a-cba0-4f9b-9e3e-e4a48b3eda51<-c652e2ee-3322-4406-8db6-1ea643cb3197#0:FAIL-t627] and 0 exception(s); f535bb4a-cba0-4f9b-9e3e-e4a48b3eda51@group-7E32184879DE:t627, leader=null, voted=f535bb4a-cba0-4f9b-9e3e-e4a48b3eda51, raftlog=f535bb4a-cba0-4f9b-9e3e-e4a48b3eda51@group-7E32184879DE-SegmentedRaftLog:OPENED:c-1,f-1,i0, conf=-1: [f535bb4a-cba0-4f9b-9e3e-e4a48b3eda51:0.0.0.0:44706, 54aabb14-4a7d-4ab3-adbe-2e67760b87f4:0.0.0.0:43074, c652e2ee-3322-4406-8db6-1ea643cb3197:0.0.0.0:42129], old=null
2019-10-18 11:25:39,048 [f535bb4a-cba0-4f9b-9e3e-e4a48b3eda51@group-7E32184879DE-LeaderElection534] INFO  impl.RaftServerImpl (RaftServerImpl.java:setRole(184)) - f535bb4a-cba0-4f9b-9e3e-e4a48b3eda51@group-7E32184879DE: changes role from CANDIDATE to FOLLOWER at term 627 for DISCOVERED_A_NEW_TERM
2019-10-18 11:25:39,049 [f535bb4a-cba0-4f9b-9e3e-e4a48b3eda51@group-7E32184879DE-LeaderElection534] INFO  impl.RoleInfo (RoleInfo.java:shutdownLeaderElection(134)) - f535bb4a-cba0-4f9b-9e3e-e4a48b3eda51: shutdown LeaderElection
2019-10-18 11:25:39,049 [f535bb4a-cba0-4f9b-9e3e-e4a48b3eda51@group-7E32184879DE-LeaderElection534] INFO  impl.RoleInfo (RoleInfo.java:updateAndGet(143)) - f535bb4a-cba0-4f9b-9e3e-e4a48b3eda51: start FollowerState
2019-10-18 11:25:39,174 [Thread-3783] INFO  impl.FollowerState (FollowerState.java:run(108)) - f535bb4a-cba0-4f9b-9e3e-e4a48b3eda51@group-7E32184879DE-FollowerState: change to CANDIDATE, lastRpcTime:125ms, electionTimeout:125ms
2019-10-18 11:25:39,174 [Thread-3783] INFO  impl.RoleInfo (RoleInfo.java:shutdownFollowerState(121)) - f535bb4a-cba0-4f9b-9e3e-e4a48b3eda51: shutdown FollowerState
2019-10-18 11:25:39,174 [Thread-3783] INFO  impl.RaftServerImpl (RaftServerImpl.java:setRole(184)) - f535bb4a-cba0-4f9b-9e3e-e4a48b3eda51@group-7E32184879DE: changes role from  FOLLOWER to CANDIDATE at term 627 for changeToCandidate
2019-10-18 11:25:39,175 [Thread-3783] INFO  impl.RoleInfo (RoleInfo.java:updateAndGet(143)) - f535bb4a-cba0-4f9b-9e3e-e4a48b3eda51: start LeaderElection
2019-10-18 11:25:39,198 [f535bb4a-cba0-4f9b-9e3e-e4a48b3eda51@group-7E32184879DE-LeaderElection535] INFO  impl.LeaderElection (LeaderElection.java:askForVotes(178)) - f535bb4a-cba0-4f9b-9e3e-e4a48b3eda51@group-7E32184879DE-LeaderElection535: begin an election at term 628 for -1: [f535bb4a-cba0-4f9b-9e3e-e4a48b3eda51:0.0.0.0:44706, 54aabb14-4a7d-4ab3-adbe-2e67760b87f4:0.0.0.0:43074, c652e2ee-3322-4406-8db6-1ea643cb3197:0.0.0.0:42129], old=null
2019-10-18 11:25:39,200 [grpc-default-executor-3] INFO  impl.RaftServerImpl (RaftServerImpl.java:setRole(184)) - 54aabb14-4a7d-4ab3-adbe-2e67760b87f4@group-7E32184879DE: changes role from  FOLLOWER to FOLLOWER at term 628 for recognizeCandidate:f535bb4a-cba0-4f9b-9e3e-e4a48b3eda51
2019-10-18 11:25:39,200 [grpc-default-executor-3] INFO  impl.RoleInfo (RoleInfo.java:shutdownFollowerState(121)) - 54aabb14-4a7d-4ab3-adbe-2e67760b87f4: shutdown FollowerState
2019-10-18 11:25:39,200 [grpc-default-executor-0] INFO  impl.RaftServerImpl (RaftServerImpl.java:setRole(184)) - c652e2ee-3322-4406-8db6-1ea643cb3197@group-7E32184879DE: changes role from  FOLLOWER to FOLLOWER at term 628 for recognizeCandidate:f535bb4a-cba0-4f9b-9e3e-e4a48b3eda51
2019-10-18 11:25:39,200 [grpc-default-executor-0] INFO  impl.RoleInfo (RoleInfo.java:shutdownFollowerState(121)) - c652e2ee-3322-4406-8db6-1ea643cb3197: shutdown FollowerState
2019-10-18 11:25:39,200 [Thread-3782] INFO  impl.FollowerState (FollowerState.java:run(117)) - 54aabb14-4a7d-4ab3-adbe-2e67760b87f4@group-7E32184879DE-FollowerState was interrupted: java.lang.InterruptedException: sleep interrupted
2019-10-18 11:25:39,200 [grpc-default-executor-3] INFO  impl.RoleInfo (RoleInfo.java:updateAndGet(143)) - 54aabb14-4a7d-4ab3-adbe-2e67760b87f4: start FollowerState
2019-10-18 11:25:39,201 [grpc-default-executor-0] INFO  impl.RoleInfo (RoleInfo.java:updateAndGet(143)) - c652e2ee-3322-4406-8db6-1ea643cb3197: start FollowerState
2019-10-18 11:25:39,201 [Thread-3781] INFO  impl.FollowerState (FollowerState.java:run(117)) - c652e2ee-3322-4406-8db6-1ea643cb3197@group-7E32184879DE-FollowerState was interrupted: java.lang.InterruptedException: sleep interrupted
2019-10-18 11:25:39,224 [f535bb4a-cba0-4f9b-9e3e-e4a48b3eda51@group-7E32184879DE-LeaderElection535] INFO  impl.LeaderElection (LeaderElection.java:logAndReturn(56)) - f535bb4a-cba0-4f9b-9e3e-e4a48b3eda51@group-7E32184879DE-LeaderElection535: Election REJECTED; received 2 response(s) [f535bb4a-cba0-4f9b-9e3e-e4a48b3eda51<-54aabb14-4a7d-4ab3-adbe-2e67760b87f4#0:FAIL-t628, f535bb4a-cba0-4f9b-9e3e-e4a48b3eda51<-c652e2ee-3322-4406-8db6-1ea643cb3197#0:FAIL-t628] and 0 exception(s); f535bb4a-cba0-4f9b-9e3e-e4a48b3eda51@group-7E32184879DE:t628, leader=null, voted=f535bb4a-cba0-4f9b-9e3e-e4a48b3eda51, raftlog=f535bb4a-cba0-4f9b-9e3e-e4a48b3eda51@group-7E32184879DE-SegmentedRaftLog:OPENED:c-1,f-1,i0, conf=-1: [f535bb4a-cba0-4f9b-9e3e-e4a48b3eda51:0.0.0.0:44706, 54aabb14-4a7d-4ab3-adbe-2e67760b87f4:0.0.0.0:43074, c652e2ee-3322-4406-8db6-1ea643cb3197:0.0.0.0:42129], old=null
2019-10-18 11:25:39,224 [f535bb4a-cba0-4f9b-9e3e-e4a48b3eda51@group-7E32184879DE-LeaderElection535] INFO  impl.RaftServerImpl (RaftServerImpl.java:setRole(184)) - f535bb4a-cba0-4f9b-9e3e-e4a48b3eda51@group-7E32184879DE: changes role from CANDIDATE to FOLLOWER at term 628 for DISCOVERED_A_NEW_TERM
2019-10-18 11:25:39,224 [f535bb4a-cba0-4f9b-9e3e-e4a48b3eda51@group-7E32184879DE-LeaderElection535] INFO  impl.RoleInfo (RoleInfo.java:shutdownLeaderElection(134)) - f535bb4a-cba0-4f9b-9e3e-e4a48b3eda51: shutdown LeaderElection
2019-10-18 11:25:39,225 [f535bb4a-cba0-4f9b-9e3e-e4a48b3eda51@group-7E32184879DE-LeaderElection535] INFO  impl.RoleInfo (RoleInfo.java:updateAndGet(143)) - f535bb4a-cba0-4f9b-9e3e-e4a48b3eda51: start FollowerState
2019-10-18 11:25:39,247 [Thread-3789] INFO  impl.FollowerState (FollowerState.java:run(108)) - f535bb4a-cba0-4f9b-9e3e-e4a48b3eda51@group-7E32184879DE-FollowerState: change to CANDIDATE, lastRpcTime:22ms, electionTimeout:22ms
2019-10-18 11:25:39,247 [Thread-3789] INFO  impl.RoleInfo (RoleInfo.java:shutdownFollowerState(121)) - f535bb4a-cba0-4f9b-9e3e-e4a48b3eda51: shutdown FollowerState
2019-10-18 11:25:39,247 [Thread-3789] INFO  impl.RaftServerImpl (RaftServerImpl.java:setRole(184)) - f535bb4a-cba0-4f9b-9e3e-e4a48b3eda51@group-7E32184879DE: changes role from  FOLLOWER to CANDIDATE at term 628 for changeToCandidate
2019-10-18 11:25:39,247 [Thread-3789] INFO  impl.RoleInfo (RoleInfo.java:updateAndGet(143)) - f535bb4a-cba0-4f9b-9e3e-e4a48b3eda51: start LeaderElection
2019-10-18 11:25:39,274 [f535bb4a-cba0-4f9b-9e3e-e4a48b3eda51@group-7E32184879DE-LeaderElection536] INFO  impl.LeaderElection (LeaderElection.java:askForVotes(178)) - f535bb4a-cba0-4f9b-9e3e-e4a48b3eda51@group-7E32184879DE-LeaderElection536: begin an election at term 629 for -1: [f535bb4a-cba0-4f9b-9e3e-e4a48b3eda51:0.0.0.0:44706, 54aabb14-4a7d-4ab3-adbe-2e67760b87f4:0.0.0.0:43074, c652e2ee-3322-4406-8db6-1ea643cb3197:0.0.0.0:42129], old=null
2019-10-18 11:25:39,276 [grpc-default-executor-0] INFO  impl.RaftServerImpl (RaftServerImpl.java:setRole(184)) - c652e2ee-3322-4406-8db6-1ea643cb3197@group-7E32184879DE: changes role from  FOLLOWER to FOLLOWER at term 629 for recognizeCandidate:f535bb4a-cba0-4f9b-9e3e-e4a48b3eda51
2019-10-18 11:25:39,276 [grpc-default-executor-0] INFO  impl.RoleInfo (RoleInfo.java:shutdownFollowerState(121)) - c652e2ee-3322-4406-8db6-1ea643cb3197: shutdown FollowerState
2019-10-18 11:25:39,276 [grpc-default-executor-3] INFO  impl.RaftServerImpl (RaftServerImpl.java:setRole(184)) - 54aabb14-4a7d-4ab3-adbe-2e67760b87f4@group-7E32184879DE: changes role from  FOLLOWER to FOLLOWER at term 629 for recognizeCandidate:f535bb4a-cba0-4f9b-9e3e-e4a48b3eda51
2019-10-18 11:25:39,276 [grpc-default-executor-3] INFO  impl.RoleInfo (RoleInfo.java:shutdownFollowerState(121)) - 54aabb14-4a7d-4ab3-adbe-2e67760b87f4: shutdown FollowerState
2019-10-18 11:25:39,276 [Thread-3788] INFO  impl.FollowerState (FollowerState.java:run(117)) - c652e2ee-3322-4406-8db6-1ea643cb3197@group-7E32184879DE-FollowerState was interrupted: java.lang.InterruptedException: sleep interrupted
2019-10-18 11:25:39,276 [grpc-default-executor-0] INFO  impl.RoleInfo (RoleInfo.java:updateAndGet(143)) - c652e2ee-3322-4406-8db6-1ea643cb3197: start FollowerState
2019-10-18 11:25:39,276 [Thread-3787] INFO  impl.FollowerState (FollowerState.java:run(117)) - 54aabb14-4a7d-4ab3-adbe-2e67760b87f4@group-7E32184879DE-FollowerState was interrupted: java.lang.InterruptedException: sleep interrupted
2019-10-18 11:25:39,276 [grpc-default-executor-3] INFO  impl.RoleInfo (RoleInfo.java:updateAndGet(143)) - 54aabb14-4a7d-4ab3-adbe-2e67760b87f4: start FollowerState
2019-10-18 11:25:39,300 [f535bb4a-cba0-4f9b-9e3e-e4a48b3eda51@group-7E32184879DE-LeaderElection536] INFO  impl.LeaderElection (LeaderElection.java:logAndReturn(56)) - f535bb4a-cba0-4f9b-9e3e-e4a48b3eda51@group-7E32184879DE-LeaderElection536: Election REJECTED; received 2 response(s) [f535bb4a-cba0-4f9b-9e3e-e4a48b3eda51<-54aabb14-4a7d-4ab3-adbe-2e67760b87f4#0:FAIL-t629, f535bb4a-cba0-4f9b-9e3e-e4a48b3eda51<-c652e2ee-3322-4406-8db6-1ea643cb3197#0:FAIL-t629] and 0 exception(s); f535bb4a-cba0-4f9b-9e3e-e4a48b3eda51@group-7E32184879DE:t629, leader=null, voted=f535bb4a-cba0-4f9b-9e3e-e4a48b3eda51, raftlog=f535bb4a-cba0-4f9b-9e3e-e4a48b3eda51@group-7E32184879DE-SegmentedRaftLog:OPENED:c-1,f-1,i0, conf=-1: [f535bb4a-cba0-4f9b-9e3e-e4a48b3eda51:0.0.0.0:44706, 54aabb14-4a7d-4ab3-adbe-2e67760b87f4:0.0.0.0:43074, c652e2ee-3322-4406-8db6-1ea643cb3197:0.0.0.0:42129], old=null
2019-10-18 11:25:39,300 [f535bb4a-cba0-4f9b-9e3e-e4a48b3eda51@group-7E32184879DE-LeaderElection536] INFO  impl.RaftServerImpl (RaftServerImpl.java:setRole(184)) - f535bb4a-cba0-4f9b-9e3e-e4a48b3eda51@group-7E32184879DE: changes role from CANDIDATE to FOLLOWER at term 629 for DISCOVERED_A_NEW_TERM
2019-10-18 11:25:39,300 [f535bb4a-cba0-4f9b-9e3e-e4a48b3eda51@group-7E32184879DE-LeaderElection536] INFO  impl.RoleInfo (RoleInfo.java:shutdownLeaderElection(134)) - f535bb4a-cba0-4f9b-9e3e-e4a48b3eda51: shutdown LeaderElection
2019-10-18 11:25:39,300 [f535bb4a-cba0-4f9b-9e3e-e4a48b3eda51@group-7E32184879DE-LeaderElection536] INFO  impl.RoleInfo (RoleInfo.java:updateAndGet(143)) - f535bb4a-cba0-4f9b-9e3e-e4a48b3eda51: start FollowerState
2019-10-18 11:25:39,397 [Thread-3795] INFO  impl.FollowerState (FollowerState.java:run(108)) - f535bb4a-cba0-4f9b-9e3e-e4a48b3eda51@group-7E32184879DE-FollowerState: change to CANDIDATE, lastRpcTime:96ms, electionTimeout:96ms
2019-10-18 11:25:39,397 [Thread-3795] INFO  impl.RoleInfo (RoleInfo.java:shutdownFollowerState(121)) - f535bb4a-cba0-4f9b-9e3e-e4a48b3eda51: shutdown FollowerState
2019-10-18 11:25:39,397 [Thread-3795] INFO  impl.RaftServerImpl (RaftServerImpl.java:setRole(184)) - f535bb4a-cba0-4f9b-9e3e-e4a48b3eda51@group-7E32184879DE: changes role from  FOLLOWER to CANDIDATE at term 629 for changeToCandidate
2019-10-18 11:25:39,397 [Thread-3795] INFO  impl.RoleInfo (RoleInfo.java:updateAndGet(143)) - f535bb4a-cba0-4f9b-9e3e-e4a48b3eda51: start LeaderElection
2019-10-18 11:25:39,425 [f535bb4a-cba0-4f9b-9e3e-e4a48b3eda51@group-7E32184879DE-LeaderElection537] INFO  impl.LeaderElection (LeaderElection.java:askForVotes(178)) - f535bb4a-cba0-4f9b-9e3e-e4a48b3eda51@group-7E32184879DE-LeaderElection537: begin an election at term 630 for -1: [f535bb4a-cba0-4f9b-9e3e-e4a48b3eda51:0.0.0.0:44706, 54aabb14-4a7d-4ab3-adbe-2e67760b87f4:0.0.0.0:43074, c652e2ee-3322-4406-8db6-1ea643cb3197:0.0.0.0:42129], old=null
2019-10-18 11:25:39,426 [grpc-default-executor-0] INFO  impl.RaftServerImpl (RaftServerImpl.java:setRole(184)) - 54aabb14-4a7d-4ab3-adbe-2e67760b87f4@group-7E32184879DE: changes role from  FOLLOWER to FOLLOWER at term 630 for recognizeCandidate:f535bb4a-cba0-4f9b-9e3e-e4a48b3eda51
2019-10-18 11:25:39,426 [grpc-default-executor-3] INFO  impl.RaftServerImpl (RaftServerImpl.java:setRole(184)) - c652e2ee-3322-4406-8db6-1ea643cb3197@group-7E32184879DE: changes role from  FOLLOWER to FOLLOWER at term 630 for recognizeCandidate:f535bb4a-cba0-4f9b-9e3e-e4a48b3eda51
2019-10-18 11:25:39,427 [grpc-default-executor-3] INFO  impl.RoleInfo (RoleInfo.java:shutdownFollowerState(121)) - c652e2ee-3322-4406-8db6-1ea643cb3197: shutdown FollowerState
2019-10-18 11:25:39,426 [grpc-default-executor-0] INFO  impl.RoleInfo (RoleInfo.java:shutdownFollowerState(121)) - 54aabb14-4a7d-4ab3-adbe-2e67760b87f4: shutdown FollowerState
2019-10-18 11:25:39,427 [Thread-3793] INFO  impl.FollowerState (FollowerState.java:run(117)) - c652e2ee-3322-4406-8db6-1ea643cb3197@group-7E32184879DE-FollowerState was interrupted: java.lang.InterruptedException: sleep interrupted
2019-10-18 11:25:39,427 [Thread-3794] INFO  impl.FollowerState (FollowerState.java:run(117)) - 54aabb14-4a7d-4ab3-adbe-2e67760b87f4@group-7E32184879DE-FollowerState was interrupted: java.lang.InterruptedException: sleep interrupted
2019-10-18 11:25:39,427 [grpc-default-executor-3] INFO  impl.RoleInfo (RoleInfo.java:updateAndGet(143)) - c652e2ee-3322-4406-8db6-1ea643cb3197: start FollowerState
2019-10-18 11:25:39,427 [grpc-default-executor-0] INFO  impl.RoleInfo (RoleInfo.java:updateAndGet(143)) - 54aabb14-4a7d-4ab3-adbe-2e67760b87f4: start FollowerState
2019-10-18 11:25:39,451 [f535bb4a-cba0-4f9b-9e3e-e4a48b3eda51@group-7E32184879DE-LeaderElection537] INFO  impl.LeaderElection (LeaderElection.java:logAndReturn(56)) - f535bb4a-cba0-4f9b-9e3e-e4a48b3eda51@group-7E32184879DE-LeaderElection537: Election REJECTED; received 2 response(s) [f535bb4a-cba0-4f9b-9e3e-e4a48b3eda51<-54aabb14-4a7d-4ab3-adbe-2e67760b87f4#0:FAIL-t630, f535bb4a-cba0-4f9b-9e3e-e4a48b3eda51<-c652e2ee-3322-4406-8db6-1ea643cb3197#0:FAIL-t630] and 0 exception(s); f535bb4a-cba0-4f9b-9e3e-e4a48b3eda51@group-7E32184879DE:t630, leader=null, voted=f535bb4a-cba0-4f9b-9e3e-e4a48b3eda51, raftlog=f535bb4a-cba0-4f9b-9e3e-e4a48b3eda51@group-7E32184879DE-SegmentedRaftLog:OPENED:c-1,f-1,i0, conf=-1: [f535bb4a-cba0-4f9b-9e3e-e4a48b3eda51:0.0.0.0:44706, 54aabb14-4a7d-4ab3-adbe-2e67760b87f4:0.0.0.0:43074, c652e2ee-3322-4406-8db6-1ea643cb3197:0.0.0.0:42129], old=null
2019-10-18 11:25:39,451 [f535bb4a-cba0-4f9b-9e3e-e4a48b3eda51@group-7E32184879DE-LeaderElection537] INFO  impl.RaftServerImpl (RaftServerImpl.java:setRole(184)) - f535bb4a-cba0-4f9b-9e3e-e4a48b3eda51@group-7E32184879DE: changes role from CANDIDATE to FOLLOWER at term 630 for DISCOVERED_A_NEW_TERM
2019-10-18 11:25:39,451 [f535bb4a-cba0-4f9b-9e3e-e4a48b3eda51@group-7E32184879DE-LeaderElection537] INFO  impl.RoleInfo (RoleInfo.java:shutdownLeaderElection(134)) - f535bb4a-cba0-4f9b-9e3e-e4a48b3eda51: shutdown LeaderElection
2019-10-18 11:25:39,451 [f535bb4a-cba0-4f9b-9e3e-e4a48b3eda51@group-7E32184879DE-LeaderElection537] INFO  impl.RoleInfo (RoleInfo.java:updateAndGet(143)) - f535bb4a-cba0-4f9b-9e3e-e4a48b3eda51: start FollowerState
2019-10-18 11:25:39,452 [Thread-3801] INFO  impl.FollowerState (FollowerState.java:run(108)) - f535bb4a-cba0-4f9b-9e3e-e4a48b3eda51@group-7E32184879DE-FollowerState: change to CANDIDATE, lastRpcTime:1ms, electionTimeout:1ms
2019-10-18 11:25:39,453 [Thread-3801] INFO  impl.RoleInfo (RoleInfo.java:shutdownFollowerState(121)) - f535bb4a-cba0-4f9b-9e3e-e4a48b3eda51: shutdown FollowerState
2019-10-18 11:25:39,453 [Thread-3801] INFO  impl.RaftServerImpl (RaftServerImpl.java:setRole(184)) - f535bb4a-cba0-4f9b-9e3e-e4a48b3eda51@group-7E32184879DE: changes role from  FOLLOWER to CANDIDATE at term 630 for changeToCandidate
2019-10-18 11:25:39,453 [Thread-3801] INFO  impl.RoleInfo (RoleInfo.java:updateAndGet(143)) - f535bb4a-cba0-4f9b-9e3e-e4a48b3eda51: start LeaderElection
2019-10-18 11:25:39,475 [f535bb4a-cba0-4f9b-9e3e-e4a48b3eda51@group-7E32184879DE-LeaderElection538] INFO  impl.LeaderElection (LeaderElection.java:askForVotes(178)) - f535bb4a-cba0-4f9b-9e3e-e4a48b3eda51@group-7E32184879DE-LeaderElection538: begin an election at term 631 for -1: [f535bb4a-cba0-4f9b-9e3e-e4a48b3eda51:0.0.0.0:44706, 54aabb14-4a7d-4ab3-adbe-2e67760b87f4:0.0.0.0:43074, c652e2ee-3322-4406-8db6-1ea643cb3197:0.0.0.0:42129], old=null
2019-10-18 11:25:39,477 [grpc-default-executor-0] INFO  impl.RaftServerImpl (RaftServerImpl.java:setRole(184)) - 54aabb14-4a7d-4ab3-adbe-2e67760b87f4@group-7E32184879DE: changes role from  FOLLOWER to FOLLOWER at term 631 for recognizeCandidate:f535bb4a-cba0-4f9b-9e3e-e4a48b3eda51
2019-10-18 11:25:39,477 [grpc-default-executor-0] INFO  impl.RoleInfo (RoleInfo.java:shutdownFollowerState(121)) - 54aabb14-4a7d-4ab3-adbe-2e67760b87f4: shutdown FollowerState
2019-10-18 11:25:39,477 [grpc-default-executor-0] INFO  impl.RoleInfo (RoleInfo.java:updateAndGet(143)) - 54aabb14-4a7d-4ab3-adbe-2e67760b87f4: start FollowerState
2019-10-18 11:25:39,477 [Thread-3800] INFO  impl.FollowerState (FollowerState.java:run(117)) - 54aabb14-4a7d-4ab3-adbe-2e67760b87f4@group-7E32184879DE-FollowerState was interrupted: java.lang.InterruptedException: sleep interrupted
2019-10-18 11:25:39,477 [grpc-default-executor-3] INFO  impl.RaftServerImpl (RaftServerImpl.java:setRole(184)) - c652e2ee-3322-4406-8db6-1ea643cb3197@group-7E32184879DE: changes role from  FOLLOWER to FOLLOWER at term 631 for recognizeCandidate:f535bb4a-cba0-4f9b-9e3e-e4a48b3eda51
2019-10-18 11:25:39,477 [grpc-default-executor-3] INFO  impl.RoleInfo (RoleInfo.java:shutdownFollowerState(121)) - c652e2ee-3322-4406-8db6-1ea643cb3197: shutdown FollowerState
2019-10-18 11:25:39,478 [grpc-default-executor-3] INFO  impl.RoleInfo (RoleInfo.java:updateAndGet(143)) - c652e2ee-3322-4406-8db6-1ea643cb3197: start FollowerState
2019-10-18 11:25:39,478 [Thread-3799] INFO  impl.FollowerState (FollowerState.java:run(117)) - c652e2ee-3322-4406-8db6-1ea643cb3197@group-7E32184879DE-FollowerState was interrupted: java.lang.InterruptedException: sleep interrupted
2019-10-18 11:25:39,501 [f535bb4a-cba0-4f9b-9e3e-e4a48b3eda51@group-7E32184879DE-LeaderElection538] INFO  impl.LeaderElection (LeaderElection.java:logAndReturn(56)) - f535bb4a-cba0-4f9b-9e3e-e4a48b3eda51@group-7E32184879DE-LeaderElection538: Election REJECTED; received 2 response(s) [f535bb4a-cba0-4f9b-9e3e-e4a48b3eda51<-54aabb14-4a7d-4ab3-adbe-2e67760b87f4#0:FAIL-t631, f535bb4a-cba0-4f9b-9e3e-e4a48b3eda51<-c652e2ee-3322-4406-8db6-1ea643cb3197#0:FAIL-t631] and 0 exception(s); f535bb4a-cba0-4f9b-9e3e-e4a48b3eda51@group-7E32184879DE:t631, leader=null, voted=f535bb4a-cba0-4f9b-9e3e-e4a48b3eda51, raftlog=f535bb4a-cba0-4f9b-9e3e-e4a48b3eda51@group-7E32184879DE-SegmentedRaftLog:OPENED:c-1,f-1,i0, conf=-1: [f535bb4a-cba0-4f9b-9e3e-e4a48b3eda51:0.0.0.0:44706, 54aabb14-4a7d-4ab3-adbe-2e67760b87f4:0.0.0.0:43074, c652e2ee-3322-4406-8db6-1ea643cb3197:0.0.0.0:42129], old=null
2019-10-18 11:25:39,502 [f535bb4a-cba0-4f9b-9e3e-e4a48b3eda51@group-7E32184879DE-LeaderElection538] INFO  impl.RaftServerImpl (RaftServerImpl.java:setRole(184)) - f535bb4a-cba0-4f9b-9e3e-e4a48b3eda51@group-7E32184879DE: changes role from CANDIDATE to FOLLOWER at term 631 for DISCOVERED_A_NEW_TERM
2019-10-18 11:25:39,502 [f535bb4a-cba0-4f9b-9e3e-e4a48b3eda51@group-7E32184879DE-LeaderElection538] INFO  impl.RoleInfo (RoleInfo.java:shutdownLeaderElection(134)) - f535bb4a-cba0-4f9b-9e3e-e4a48b3eda51: shutdown LeaderElection
2019-10-18 11:25:39,502 [f535bb4a-cba0-4f9b-9e3e-e4a48b3eda51@group-7E32184879DE-LeaderElection538] INFO  impl.RoleInfo (RoleInfo.java:updateAndGet(143)) - f535bb4a-cba0-4f9b-9e3e-e4a48b3eda51: start FollowerState
2019-10-18 11:25:39,661 [Thread-3807] INFO  impl.FollowerState (FollowerState.java:run(108)) - f535bb4a-cba0-4f9b-9e3e-e4a48b3eda51@group-7E32184879DE-FollowerState: change to CANDIDATE, lastRpcTime:159ms, electionTimeout:159ms
2019-10-18 11:25:39,661 [Thread-3807] INFO  impl.RoleInfo (RoleInfo.java:shutdownFollowerState(121)) - f535bb4a-cba0-4f9b-9e3e-e4a48b3eda51: shutdown FollowerState
2019-10-18 11:25:39,661 [Thread-3807] INFO  impl.RaftServerImpl (RaftServerImpl.java:setRole(184)) - f535bb4a-cba0-4f9b-9e3e-e4a48b3eda51@group-7E32184879DE: changes role from  FOLLOWER to CANDIDATE at term 631 for changeToCandidate
2019-10-18 11:25:39,661 [Thread-3807] INFO  impl.RoleInfo (RoleInfo.java:updateAndGet(143)) - f535bb4a-cba0-4f9b-9e3e-e4a48b3eda51: start LeaderElection
2019-10-18 11:25:39,684 [f535bb4a-cba0-4f9b-9e3e-e4a48b3eda51@group-7E32184879DE-LeaderElection539] INFO  impl.LeaderElection (LeaderElection.java:askForVotes(178)) - f535bb4a-cba0-4f9b-9e3e-e4a48b3eda51@group-7E32184879DE-LeaderElection539: begin an election at term 632 for -1: [f535bb4a-cba0-4f9b-9e3e-e4a48b3eda51:0.0.0.0:44706, 54aabb14-4a7d-4ab3-adbe-2e67760b87f4:0.0.0.0:43074, c652e2ee-3322-4406-8db6-1ea643cb3197:0.0.0.0:42129], old=null
2019-10-18 11:25:39,686 [grpc-default-executor-3] INFO  impl.RaftServerImpl (RaftServerImpl.java:setRole(184)) - c652e2ee-3322-4406-8db6-1ea643cb3197@group-7E32184879DE: changes role from  FOLLOWER to FOLLOWER at term 632 for recognizeCandidate:f535bb4a-cba0-4f9b-9e3e-e4a48b3eda51
2019-10-18 11:25:39,686 [grpc-default-executor-0] INFO  impl.RaftServerImpl (RaftServerImpl.java:setRole(184)) - 54aabb14-4a7d-4ab3-adbe-2e67760b87f4@group-7E32184879DE: changes role from  FOLLOWER to FOLLOWER at term 632 for recognizeCandidate:f535bb4a-cba0-4f9b-9e3e-e4a48b3eda51
2019-10-18 11:25:39,686 [grpc-default-executor-3] INFO  impl.RoleInfo (RoleInfo.java:shutdownFollowerState(121)) - c652e2ee-3322-4406-8db6-1ea643cb3197: shutdown FollowerState
2019-10-18 11:25:39,687 [grpc-default-executor-0] INFO  impl.RoleInfo (RoleInfo.java:shutdownFollowerState(121)) - 54aabb14-4a7d-4ab3-adbe-2e67760b87f4: shutdown FollowerState
2019-10-18 11:25:39,687 [grpc-default-executor-3] INFO  impl.RoleInfo (RoleInfo.java:updateAndGet(143)) - c652e2ee-3322-4406-8db6-1ea643cb3197: start FollowerState
2019-10-18 11:25:39,687 [Thread-3806] INFO  impl.FollowerState (FollowerState.java:run(117)) - c652e2ee-3322-4406-8db6-1ea643cb3197@group-7E32184879DE-FollowerState was interrupted: java.lang.InterruptedException: sleep interrupted
2019-10-18 11:25:39,687 [Thread-3805] INFO  impl.FollowerState (FollowerState.java:run(117)) - 54aabb14-4a7d-4ab3-adbe-2e67760b87f4@group-7E32184879DE-FollowerState was interrupted: java.lang.InterruptedException: sleep interrupted
2019-10-18 11:25:39,687 [grpc-default-executor-0] INFO  impl.RoleInfo (RoleInfo.java:updateAndGet(143)) - 54aabb14-4a7d-4ab3-adbe-2e67760b87f4: start FollowerState
2019-10-18 11:25:39,702 [f535bb4a-cba0-4f9b-9e3e-e4a48b3eda51@group-7E32184879DE-LeaderElection539] INFO  impl.LeaderElection (LeaderElection.java:logAndReturn(56)) - f535bb4a-cba0-4f9b-9e3e-e4a48b3eda51@group-7E32184879DE-LeaderElection539: Election REJECTED; received 2 response(s) [f535bb4a-cba0-4f9b-9e3e-e4a48b3eda51<-54aabb14-4a7d-4ab3-adbe-2e67760b87f4#0:FAIL-t632, f535bb4a-cba0-4f9b-9e3e-e4a48b3eda51<-c652e2ee-3322-4406-8db6-1ea643cb3197#0:FAIL-t632] and 0 exception(s); f535bb4a-cba0-4f9b-9e3e-e4a48b3eda51@group-7E32184879DE:t632, leader=null, voted=f535bb4a-cba0-4f9b-9e3e-e4a48b3eda51, raftlog=f535bb4a-cba0-4f9b-9e3e-e4a48b3eda51@group-7E32184879DE-SegmentedRaftLog:OPENED:c-1,f-1,i0, conf=-1: [f535bb4a-cba0-4f9b-9e3e-e4a48b3eda51:0.0.0.0:44706, 54aabb14-4a7d-4ab3-adbe-2e67760b87f4:0.0.0.0:43074, c652e2ee-3322-4406-8db6-1ea643cb3197:0.0.0.0:42129], old=null
2019-10-18 11:25:39,702 [f535bb4a-cba0-4f9b-9e3e-e4a48b3eda51@group-7E32184879DE-LeaderElection539] INFO  impl.RaftServerImpl (RaftServerImpl.java:setRole(184)) - f535bb4a-cba0-4f9b-9e3e-e4a48b3eda51@group-7E32184879DE: changes role from CANDIDATE to FOLLOWER at term 632 for DISCOVERED_A_NEW_TERM
2019-10-18 11:25:39,702 [f535bb4a-cba0-4f9b-9e3e-e4a48b3eda51@group-7E32184879DE-LeaderElection539] INFO  impl.RoleInfo (RoleInfo.java:shutdownLeaderElection(134)) - f535bb4a-cba0-4f9b-9e3e-e4a48b3eda51: shutdown LeaderElection
2019-10-18 11:25:39,702 [f535bb4a-cba0-4f9b-9e3e-e4a48b3eda51@group-7E32184879DE-LeaderElection539] INFO  impl.RoleInfo (RoleInfo.java:updateAndGet(143)) - f535bb4a-cba0-4f9b-9e3e-e4a48b3eda51: start FollowerState
2019-10-18 11:25:39,801 [Thread-3815] INFO  impl.FollowerState (FollowerState.java:run(108)) - f535bb4a-cba0-4f9b-9e3e-e4a48b3eda51@group-7E32184879DE-FollowerState: change to CANDIDATE, lastRpcTime:98ms, electionTimeout:98ms
2019-10-18 11:25:39,801 [Thread-3815] INFO  impl.RoleInfo (RoleInfo.java:shutdownFollowerState(121)) - f535bb4a-cba0-4f9b-9e3e-e4a48b3eda51: shutdown FollowerState
2019-10-18 11:25:39,801 [Thread-3815] INFO  impl.RaftServerImpl (RaftServerImpl.java:setRole(184)) - f535bb4a-cba0-4f9b-9e3e-e4a48b3eda51@group-7E32184879DE: changes role from  FOLLOWER to CANDIDATE at term 632 for changeToCandidate
2019-10-18 11:25:39,801 [Thread-3815] INFO  impl.RoleInfo (RoleInfo.java:updateAndGet(143)) - f535bb4a-cba0-4f9b-9e3e-e4a48b3eda51: start LeaderElection
2019-10-18 11:25:39,827 [f535bb4a-cba0-4f9b-9e3e-e4a48b3eda51@group-7E32184879DE-LeaderElection540] INFO  impl.LeaderElection (LeaderElection.java:askForVotes(178)) - f535bb4a-cba0-4f9b-9e3e-e4a48b3eda51@group-7E32184879DE-LeaderElection540: begin an election at term 633 for -1: [f535bb4a-cba0-4f9b-9e3e-e4a48b3eda51:0.0.0.0:44706, 54aabb14-4a7d-4ab3-adbe-2e67760b87f4:0.0.0.0:43074, c652e2ee-3322-4406-8db6-1ea643cb3197:0.0.0.0:42129], old=null
2019-10-18 11:25:39,829 [grpc-default-executor-3] INFO  impl.RaftServerImpl (RaftServerImpl.java:setRole(184)) - 54aabb14-4a7d-4ab3-adbe-2e67760b87f4@group-7E32184879DE: changes role from  FOLLOWER to FOLLOWER at term 633 for recognizeCandidate:f535bb4a-cba0-4f9b-9e3e-e4a48b3eda51
2019-10-18 11:25:39,829 [grpc-default-executor-3] INFO  impl.RoleInfo (RoleInfo.java:shutdownFollowerState(121)) - 54aabb14-4a7d-4ab3-adbe-2e67760b87f4: shutdown FollowerState
2019-10-18 11:25:39,829 [grpc-default-executor-0] INFO  impl.RaftServerImpl (RaftServerImpl.java:setRole(184)) - c652e2ee-3322-4406-8db6-1ea643cb3197@group-7E32184879DE: changes role from  FOLLOWER to FOLLOWER at term 633 for recognizeCandidate:f535bb4a-cba0-4f9b-9e3e-e4a48b3eda51
2019-10-18 11:25:39,829 [grpc-default-executor-0] INFO  impl.RoleInfo (RoleInfo.java:shutdownFollowerState(121)) - c652e2ee-3322-4406-8db6-1ea643cb3197: shutdown FollowerState
2019-10-18 11:25:39,829 [Thread-3814] INFO  impl.FollowerState (FollowerState.java:run(117)) - 54aabb14-4a7d-4ab3-adbe-2e67760b87f4@group-7E32184879DE-FollowerState was interrupted: java.lang.InterruptedException: sleep interrupted
2019-10-18 11:25:39,829 [grpc-default-executor-3] INFO  impl.RoleInfo (RoleInfo.java:updateAndGet(143)) - 54aabb14-4a7d-4ab3-adbe-2e67760b87f4: start FollowerState
2019-10-18 11:25:39,829 [Thread-3813] INFO  impl.FollowerState (FollowerState.java:run(117)) - c652e2ee-3322-4406-8db6-1ea643cb3197@group-7E32184879DE-FollowerState was interrupted: java.lang.InterruptedException: sleep interrupted
2019-10-18 11:25:39,829 [grpc-default-executor-0] INFO  impl.RoleInfo (RoleInfo.java:updateAndGet(143)) - c652e2ee-3322-4406-8db6-1ea643cb3197: start FollowerState
2019-10-18 11:25:39,853 [f535bb4a-cba0-4f9b-9e3e-e4a48b3eda51@group-7E32184879DE-LeaderElection540] INFO  impl.LeaderElection (LeaderElection.java:logAndReturn(56)) - f535bb4a-cba0-4f9b-9e3e-e4a48b3eda51@group-7E32184879DE-LeaderElection540: Election REJECTED; received 2 response(s) [f535bb4a-cba0-4f9b-9e3e-e4a48b3eda51<-54aabb14-4a7d-4ab3-adbe-2e67760b87f4#0:FAIL-t633, f535bb4a-cba0-4f9b-9e3e-e4a48b3eda51<-c652e2ee-3322-4406-8db6-1ea643cb3197#0:FAIL-t633] and 0 exception(s); f535bb4a-cba0-4f9b-9e3e-e4a48b3eda51@group-7E32184879DE:t633, leader=null, voted=f535bb4a-cba0-4f9b-9e3e-e4a48b3eda51, raftlog=f535bb4a-cba0-4f9b-9e3e-e4a48b3eda51@group-7E32184879DE-SegmentedRaftLog:OPENED:c-1,f-1,i0, conf=-1: [f535bb4a-cba0-4f9b-9e3e-e4a48b3eda51:0.0.0.0:44706, 54aabb14-4a7d-4ab3-adbe-2e67760b87f4:0.0.0.0:43074, c652e2ee-3322-4406-8db6-1ea643cb3197:0.0.0.0:42129], old=null
2019-10-18 11:25:39,853 [f535bb4a-cba0-4f9b-9e3e-e4a48b3eda51@group-7E32184879DE-LeaderElection540] INFO  impl.RaftServerImpl (RaftServerImpl.java:setRole(184)) - f535bb4a-cba0-4f9b-9e3e-e4a48b3eda51@group-7E32184879DE: changes role from CANDIDATE to FOLLOWER at term 633 for DISCOVERED_A_NEW_TERM
2019-10-18 11:25:39,854 [f535bb4a-cba0-4f9b-9e3e-e4a48b3eda51@group-7E32184879DE-LeaderElection540] INFO  impl.RoleInfo (RoleInfo.java:shutdownLeaderElection(134)) - f535bb4a-cba0-4f9b-9e3e-e4a48b3eda51: shutdown LeaderElection
2019-10-18 11:25:39,854 [f535bb4a-cba0-4f9b-9e3e-e4a48b3eda51@group-7E32184879DE-LeaderElection540] INFO  impl.RoleInfo (RoleInfo.java:updateAndGet(143)) - f535bb4a-cba0-4f9b-9e3e-e4a48b3eda51: start FollowerState
2019-10-18 11:25:39,861 [Thread-3821] INFO  impl.FollowerState (FollowerState.java:run(108)) - f535bb4a-cba0-4f9b-9e3e-e4a48b3eda51@group-7E32184879DE-FollowerState: change to CANDIDATE, lastRpcTime:7ms, electionTimeout:7ms
2019-10-18 11:25:39,861 [Thread-3821] INFO  impl.RoleInfo (RoleInfo.java:shutdownFollowerState(121)) - f535bb4a-cba0-4f9b-9e3e-e4a48b3eda51: shutdown FollowerState
2019-10-18 11:25:39,861 [Thread-3821] INFO  impl.RaftServerImpl (RaftServerImpl.java:setRole(184)) - f535bb4a-cba0-4f9b-9e3e-e4a48b3eda51@group-7E32184879DE: changes role from  FOLLOWER to CANDIDATE at term 633 for changeToCandidate
2019-10-18 11:25:39,862 [Thread-3821] INFO  impl.RoleInfo (RoleInfo.java:updateAndGet(143)) - f535bb4a-cba0-4f9b-9e3e-e4a48b3eda51: start LeaderElection
2019-10-18 11:25:39,886 [f535bb4a-cba0-4f9b-9e3e-e4a48b3eda51@group-7E32184879DE-LeaderElection541] INFO  impl.LeaderElection (LeaderElection.java:askForVotes(178)) - f535bb4a-cba0-4f9b-9e3e-e4a48b3eda51@group-7E32184879DE-LeaderElection541: begin an election at term 634 for -1: [f535bb4a-cba0-4f9b-9e3e-e4a48b3eda51:0.0.0.0:44706, 54aabb14-4a7d-4ab3-adbe-2e67760b87f4:0.0.0.0:43074, c652e2ee-3322-4406-8db6-1ea643cb3197:0.0.0.0:42129], old=null
2019-10-18 11:25:39,888 [grpc-default-executor-0] INFO  impl.RaftServerImpl (RaftServerImpl.java:setRole(184)) - c652e2ee-3322-4406-8db6-1ea643cb3197@group-7E32184879DE: changes role from  FOLLOWER to FOLLOWER at term 634 for recognizeCandidate:f535bb4a-cba0-4f9b-9e3e-e4a48b3eda51
2019-10-18 11:25:39,888 [grpc-default-executor-3] INFO  impl.RaftServerImpl (RaftServerImpl.java:setRole(184)) - 54aabb14-4a7d-4ab3-adbe-2e67760b87f4@group-7E32184879DE: changes role from  FOLLOWER to FOLLOWER at term 634 for recognizeCandidate:f535bb4a-cba0-4f9b-9e3e-e4a48b3eda51
2019-10-18 11:25:39,888 [grpc-default-executor-3] INFO  impl.RoleInfo (RoleInfo.java:shutdownFollowerState(121)) - 54aabb14-4a7d-4ab3-adbe-2e67760b87f4: shutdown FollowerState
2019-10-18 11:25:39,888 [grpc-default-executor-0] INFO  impl.RoleInfo (RoleInfo.java:shutdownFollowerState(121)) - c652e2ee-3322-4406-8db6-1ea643cb3197: shutdown FollowerState
2019-10-18 11:25:39,888 [Thread-3819] INFO  impl.FollowerState (FollowerState.java:run(117)) - 54aabb14-4a7d-4ab3-adbe-2e67760b87f4@group-7E32184879DE-FollowerState was interrupted: java.lang.InterruptedException: sleep interrupted
2019-10-18 11:25:39,889 [Thread-3820] INFO  impl.FollowerState (FollowerState.java:run(117)) - c652e2ee-3322-4406-8db6-1ea643cb3197@group-7E32184879DE-FollowerState was interrupted: java.lang.InterruptedException: sleep interrupted
2019-10-18 11:25:39,888 [grpc-default-executor-3] INFO  impl.RoleInfo (RoleInfo.java:updateAndGet(143)) - 54aabb14-4a7d-4ab3-adbe-2e67760b87f4: start FollowerState
2019-10-18 11:25:39,888 [grpc-default-executor-0] INFO  impl.RoleInfo (RoleInfo.java:updateAndGet(143)) - c652e2ee-3322-4406-8db6-1ea643cb3197: start FollowerState
2019-10-18 11:25:39,912 [f535bb4a-cba0-4f9b-9e3e-e4a48b3eda51@group-7E32184879DE-LeaderElection541] INFO  impl.LeaderElection (LeaderElection.java:logAndReturn(56)) - f535bb4a-cba0-4f9b-9e3e-e4a48b3eda51@group-7E32184879DE-LeaderElection541: Election REJECTED; received 2 response(s) [f535bb4a-cba0-4f9b-9e3e-e4a48b3eda51<-54aabb14-4a7d-4ab3-adbe-2e67760b87f4#0:FAIL-t634, f535bb4a-cba0-4f9b-9e3e-e4a48b3eda51<-c652e2ee-3322-4406-8db6-1ea643cb3197#0:FAIL-t634] and 0 exception(s); f535bb4a-cba0-4f9b-9e3e-e4a48b3eda51@group-7E32184879DE:t634, leader=null, voted=f535bb4a-cba0-4f9b-9e3e-e4a48b3eda51, raftlog=f535bb4a-cba0-4f9b-9e3e-e4a48b3eda51@group-7E32184879DE-SegmentedRaftLog:OPENED:c-1,f-1,i0, conf=-1: [f535bb4a-cba0-4f9b-9e3e-e4a48b3eda51:0.0.0.0:44706, 54aabb14-4a7d-4ab3-adbe-2e67760b87f4:0.0.0.0:43074, c652e2ee-3322-4406-8db6-1ea643cb3197:0.0.0.0:42129], old=null
2019-10-18 11:25:39,913 [f535bb4a-cba0-4f9b-9e3e-e4a48b3eda51@group-7E32184879DE-LeaderElection541] INFO  impl.RaftServerImpl (RaftServerImpl.java:setRole(184)) - f535bb4a-cba0-4f9b-9e3e-e4a48b3eda51@group-7E32184879DE: changes role from CANDIDATE to FOLLOWER at term 634 for DISCOVERED_A_NEW_TERM
2019-10-18 11:25:39,913 [f535bb4a-cba0-4f9b-9e3e-e4a48b3eda51@group-7E32184879DE-LeaderElection541] INFO  impl.RoleInfo (RoleInfo.java:shutdownLeaderElection(134)) - f535bb4a-cba0-4f9b-9e3e-e4a48b3eda51: shutdown LeaderElection
2019-10-18 11:25:39,913 [f535bb4a-cba0-4f9b-9e3e-e4a48b3eda51@group-7E32184879DE-LeaderElection541] INFO  impl.RoleInfo (RoleInfo.java:updateAndGet(143)) - f535bb4a-cba0-4f9b-9e3e-e4a48b3eda51: start FollowerState
2019-10-18 11:25:39,996 [Thread-3827] INFO  impl.FollowerState (FollowerState.java:run(108)) - f535bb4a-cba0-4f9b-9e3e-e4a48b3eda51@group-7E32184879DE-FollowerState: change to CANDIDATE, lastRpcTime:83ms, electionTimeout:83ms
2019-10-18 11:25:39,997 [Thread-3827] INFO  impl.RoleInfo (RoleInfo.java:shutdownFollowerState(121)) - f535bb4a-cba0-4f9b-9e3e-e4a48b3eda51: shutdown FollowerState
2019-10-18 11:25:39,997 [Thread-3827] INFO  impl.RaftServerImpl (RaftServerImpl.java:setRole(184)) - f535bb4a-cba0-4f9b-9e3e-e4a48b3eda51@group-7E32184879DE: changes role from  FOLLOWER to CANDIDATE at term 634 for changeToCandidate
2019-10-18 11:25:39,997 [Thread-3827] INFO  impl.RoleInfo (RoleInfo.java:updateAndGet(143)) - f535bb4a-cba0-4f9b-9e3e-e4a48b3eda51: start LeaderElection
2019-10-18 11:25:40,021 [f535bb4a-cba0-4f9b-9e3e-e4a48b3eda51@group-7E32184879DE-LeaderElection542] INFO  impl.LeaderElection (LeaderElection.java:askForVotes(178)) - f535bb4a-cba0-4f9b-9e3e-e4a48b3eda51@group-7E32184879DE-LeaderElection542: begin an election at term 635 for -1: [f535bb4a-cba0-4f9b-9e3e-e4a48b3eda51:0.0.0.0:44706, 54aabb14-4a7d-4ab3-adbe-2e67760b87f4:0.0.0.0:43074, c652e2ee-3322-4406-8db6-1ea643cb3197:0.0.0.0:42129], old=null
2019-10-18 11:25:40,023 [grpc-default-executor-3] INFO  impl.RaftServerImpl (RaftServerImpl.java:setRole(184)) - 54aabb14-4a7d-4ab3-adbe-2e67760b87f4@group-7E32184879DE: changes role from  FOLLOWER to FOLLOWER at term 635 for recognizeCandidate:f535bb4a-cba0-4f9b-9e3e-e4a48b3eda51
2019-10-18 11:25:40,023 [grpc-default-executor-3] INFO  impl.RoleInfo (RoleInfo.java:shutdownFollowerState(121)) - 54aabb14-4a7d-4ab3-adbe-2e67760b87f4: shutdown FollowerState
2019-10-18 11:25:40,023 [grpc-default-executor-0] INFO  impl.RaftServerImpl (RaftServerImpl.java:setRole(184)) - c652e2ee-3322-4406-8db6-1ea643cb3197@group-7E32184879DE: changes role from  FOLLOWER to FOLLOWER at term 635 for recognizeCandidate:f535bb4a-cba0-4f9b-9e3e-e4a48b3eda51
2019-10-18 11:25:40,023 [grpc-default-executor-0] INFO  impl.RoleInfo (RoleInfo.java:shutdownFollowerState(121)) - c652e2ee-3322-4406-8db6-1ea643cb3197: shutdown FollowerState
2019-10-18 11:25:40,023 [Thread-3825] INFO  impl.FollowerState (FollowerState.java:run(117)) - 54aabb14-4a7d-4ab3-adbe-2e67760b87f4@group-7E32184879DE-FollowerState was interrupted: java.lang.InterruptedException: sleep interrupted
2019-10-18 11:25:40,023 [grpc-default-executor-3] INFO  impl.RoleInfo (RoleInfo.java:updateAndGet(143)) - 54aabb14-4a7d-4ab3-adbe-2e67760b87f4: start FollowerState
2019-10-18 11:25:40,023 [Thread-3826] INFO  impl.FollowerState (FollowerState.java:run(117)) - c652e2ee-3322-4406-8db6-1ea643cb3197@group-7E32184879DE-FollowerState was interrupted: java.lang.InterruptedException: sleep interrupted
2019-10-18 11:25:40,023 [grpc-default-executor-0] INFO  impl.RoleInfo (RoleInfo.java:updateAndGet(143)) - c652e2ee-3322-4406-8db6-1ea643cb3197: start FollowerState
2019-10-18 11:25:40,048 [f535bb4a-cba0-4f9b-9e3e-e4a48b3eda51@group-7E32184879DE-LeaderElection542] INFO  impl.LeaderElection (LeaderElection.java:logAndReturn(56)) - f535bb4a-cba0-4f9b-9e3e-e4a48b3eda51@group-7E32184879DE-LeaderElection542: Election REJECTED; received 2 response(s) [f535bb4a-cba0-4f9b-9e3e-e4a48b3eda51<-54aabb14-4a7d-4ab3-adbe-2e67760b87f4#0:FAIL-t635, f535bb4a-cba0-4f9b-9e3e-e4a48b3eda51<-c652e2ee-3322-4406-8db6-1ea643cb3197#0:FAIL-t635] and 0 exception(s); f535bb4a-cba0-4f9b-9e3e-e4a48b3eda51@group-7E32184879DE:t635, leader=null, voted=f535bb4a-cba0-4f9b-9e3e-e4a48b3eda51, raftlog=f535bb4a-cba0-4f9b-9e3e-e4a48b3eda51@group-7E32184879DE-SegmentedRaftLog:OPENED:c-1,f-1,i0, conf=-1: [f535bb4a-cba0-4f9b-9e3e-e4a48b3eda51:0.0.0.0:44706, 54aabb14-4a7d-4ab3-adbe-2e67760b87f4:0.0.0.0:43074, c652e2ee-3322-4406-8db6-1ea643cb3197:0.0.0.0:42129], old=null
2019-10-18 11:25:40,048 [f535bb4a-cba0-4f9b-9e3e-e4a48b3eda51@group-7E32184879DE-LeaderElection542] INFO  impl.RaftServerImpl (RaftServerImpl.java:setRole(184)) - f535bb4a-cba0-4f9b-9e3e-e4a48b3eda51@group-7E32184879DE: changes role from CANDIDATE to FOLLOWER at term 635 for DISCOVERED_A_NEW_TERM
2019-10-18 11:25:40,048 [f535bb4a-cba0-4f9b-9e3e-e4a48b3eda51@group-7E32184879DE-LeaderElection542] INFO  impl.RoleInfo (RoleInfo.java:shutdownLeaderElection(134)) - f535bb4a-cba0-4f9b-9e3e-e4a48b3eda51: shutdown LeaderElection
2019-10-18 11:25:40,048 [f535bb4a-cba0-4f9b-9e3e-e4a48b3eda51@group-7E32184879DE-LeaderElection542] INFO  impl.RoleInfo (RoleInfo.java:updateAndGet(143)) - f535bb4a-cba0-4f9b-9e3e-e4a48b3eda51: start FollowerState
2019-10-18 11:25:40,125 [Thread-3833] INFO  impl.FollowerState (FollowerState.java:run(108)) - f535bb4a-cba0-4f9b-9e3e-e4a48b3eda51@group-7E32184879DE-FollowerState: change to CANDIDATE, lastRpcTime:76ms, electionTimeout:76ms
2019-10-18 11:25:40,125 [Thread-3833] INFO  impl.RoleInfo (RoleInfo.java:shutdownFollowerState(121)) - f535bb4a-cba0-4f9b-9e3e-e4a48b3eda51: shutdown FollowerState
2019-10-18 11:25:40,125 [Thread-3833] INFO  impl.RaftServerImpl (RaftServerImpl.java:setRole(184)) - f535bb4a-cba0-4f9b-9e3e-e4a48b3eda51@group-7E32184879DE: changes role from  FOLLOWER to CANDIDATE at term 635 for changeToCandidate
2019-10-18 11:25:40,125 [Thread-3833] INFO  impl.RoleInfo (RoleInfo.java:updateAndGet(143)) - f535bb4a-cba0-4f9b-9e3e-e4a48b3eda51: start LeaderElection
2019-10-18 11:25:40,148 [f535bb4a-cba0-4f9b-9e3e-e4a48b3eda51@group-7E32184879DE-LeaderElection543] INFO  impl.LeaderElection (LeaderElection.java:askForVotes(178)) - f535bb4a-cba0-4f9b-9e3e-e4a48b3eda51@group-7E32184879DE-LeaderElection543: begin an election at term 636 for -1: [f535bb4a-cba0-4f9b-9e3e-e4a48b3eda51:0.0.0.0:44706, 54aabb14-4a7d-4ab3-adbe-2e67760b87f4:0.0.0.0:43074, c652e2ee-3322-4406-8db6-1ea643cb3197:0.0.0.0:42129], old=null
2019-10-18 11:25:40,373 [f535bb4a-cba0-4f9b-9e3e-e4a48b3eda51@group-7E32184879DE-LeaderElection543] INFO  impl.LeaderElection (LeaderElection.java:logAndReturn(56)) - f535bb4a-cba0-4f9b-9e3e-e4a48b3eda51@group-7E32184879DE-LeaderElection543: Election TIMEOUT; received 0 response(s) [] and 0 exception(s); f535bb4a-cba0-4f9b-9e3e-e4a48b3eda51@group-7E32184879DE:t636, leader=null, voted=f535bb4a-cba0-4f9b-9e3e-e4a48b3eda51, raftlog=f535bb4a-cba0-4f9b-9e3e-e4a48b3eda51@group-7E32184879DE-SegmentedRaftLog:OPENED:c-1,f-1,i0, conf=-1: [f535bb4a-cba0-4f9b-9e3e-e4a48b3eda51:0.0.0.0:44706, 54aabb14-4a7d-4ab3-adbe-2e67760b87f4:0.0.0.0:43074, c652e2ee-3322-4406-8db6-1ea643cb3197:0.0.0.0:42129], old=null
2019-10-18 11:25:40,375 [grpc-default-executor-3] INFO  impl.RaftServerImpl (RaftServerImpl.java:setRole(184)) - c652e2ee-3322-4406-8db6-1ea643cb3197@group-7E32184879DE: changes role from  FOLLOWER to FOLLOWER at term 636 for recognizeCandidate:f535bb4a-cba0-4f9b-9e3e-e4a48b3eda51
2019-10-18 11:25:40,375 [grpc-default-executor-0] INFO  impl.RaftServerImpl (RaftServerImpl.java:setRole(184)) - 54aabb14-4a7d-4ab3-adbe-2e67760b87f4@group-7E32184879DE: changes role from  FOLLOWER to FOLLOWER at term 636 for recognizeCandidate:f535bb4a-cba0-4f9b-9e3e-e4a48b3eda51
2019-10-18 11:25:40,375 [grpc-default-executor-0] INFO  impl.RoleInfo (RoleInfo.java:shutdownFollowerState(121)) - 54aabb14-4a7d-4ab3-adbe-2e67760b87f4: shutdown FollowerState
2019-10-18 11:25:40,375 [grpc-default-executor-3] INFO  impl.RoleInfo (RoleInfo.java:shutdownFollowerState(121)) - c652e2ee-3322-4406-8db6-1ea643cb3197: shutdown FollowerState
2019-10-18 11:25:40,375 [Thread-3831] INFO  impl.FollowerState (FollowerState.java:run(117)) - 54aabb14-4a7d-4ab3-adbe-2e67760b87f4@group-7E32184879DE-FollowerState was interrupted: java.lang.InterruptedException: sleep interrupted
2019-10-18 11:25:40,375 [grpc-default-executor-0] INFO  impl.RoleInfo (RoleInfo.java:updateAndGet(143)) - 54aabb14-4a7d-4ab3-adbe-2e67760b87f4: start FollowerState
2019-10-18 11:25:40,376 [Thread-3832] INFO  impl.FollowerState (FollowerState.java:run(117)) - c652e2ee-3322-4406-8db6-1ea643cb3197@group-7E32184879DE-FollowerState was interrupted: java.lang.InterruptedException: sleep interrupted
2019-10-18 11:25:40,375 [grpc-default-executor-3] INFO  impl.RoleInfo (RoleInfo.java:updateAndGet(143)) - c652e2ee-3322-4406-8db6-1ea643cb3197: start FollowerState
2019-10-18 11:25:40,398 [f535bb4a-cba0-4f9b-9e3e-e4a48b3eda51@group-7E32184879DE-LeaderElection543] INFO  impl.LeaderElection (LeaderElection.java:askForVotes(178)) - f535bb4a-cba0-4f9b-9e3e-e4a48b3eda51@group-7E32184879DE-LeaderElection543: begin an election at term 637 for -1: [f535bb4a-cba0-4f9b-9e3e-e4a48b3eda51:0.0.0.0:44706, 54aabb14-4a7d-4ab3-adbe-2e67760b87f4:0.0.0.0:43074, c652e2ee-3322-4406-8db6-1ea643cb3197:0.0.0.0:42129], old=null
2019-10-18 11:25:40,400 [grpc-default-executor-0] INFO  impl.RaftServerImpl (RaftServerImpl.java:setRole(184)) - 54aabb14-4a7d-4ab3-adbe-2e67760b87f4@group-7E32184879DE: changes role from  FOLLOWER to FOLLOWER at term 637 for recognizeCandidate:f535bb4a-cba0-4f9b-9e3e-e4a48b3eda51
2019-10-18 11:25:40,400 [grpc-default-executor-0] INFO  impl.RoleInfo (RoleInfo.java:shutdownFollowerState(121)) - 54aabb14-4a7d-4ab3-adbe-2e67760b87f4: shutdown FollowerState
2019-10-18 11:25:40,400 [grpc-default-executor-0] INFO  impl.RoleInfo (RoleInfo.java:updateAndGet(143)) - 54aabb14-4a7d-4ab3-adbe-2e67760b87f4: start FollowerState
2019-10-18 11:25:40,400 [Thread-3837] INFO  impl.FollowerState (FollowerState.java:run(117)) - 54aabb14-4a7d-4ab3-adbe-2e67760b87f4@group-7E32184879DE-FollowerState was interrupted: java.lang.InterruptedException: sleep interrupted
2019-10-18 11:25:40,400 [grpc-default-executor-3] INFO  impl.RaftServerImpl (RaftServerImpl.java:setRole(184)) - c652e2ee-3322-4406-8db6-1ea643cb3197@group-7E32184879DE: changes role from  FOLLOWER to FOLLOWER at term 637 for recognizeCandidate:f535bb4a-cba0-4f9b-9e3e-e4a48b3eda51
2019-10-18 11:25:40,400 [grpc-default-executor-3] INFO  impl.RoleInfo (RoleInfo.java:shutdownFollowerState(121)) - c652e2ee-3322-4406-8db6-1ea643cb3197: shutdown FollowerState
2019-10-18 11:25:40,401 [grpc-default-executor-3] INFO  impl.RoleInfo (RoleInfo.java:updateAndGet(143)) - c652e2ee-3322-4406-8db6-1ea643cb3197: start FollowerState
2019-10-18 11:25:40,401 [Thread-3838] INFO  impl.FollowerState (FollowerState.java:run(117)) - c652e2ee-3322-4406-8db6-1ea643cb3197@group-7E32184879DE-FollowerState was interrupted: java.lang.InterruptedException: sleep interrupted
2019-10-18 11:25:40,423 [f535bb4a-cba0-4f9b-9e3e-e4a48b3eda51@group-7E32184879DE-LeaderElection543] INFO  impl.LeaderElection (LeaderElection.java:logAndReturn(56)) - f535bb4a-cba0-4f9b-9e3e-e4a48b3eda51@group-7E32184879DE-LeaderElection543: Election REJECTED; received 2 response(s) [f535bb4a-cba0-4f9b-9e3e-e4a48b3eda51<-54aabb14-4a7d-4ab3-adbe-2e67760b87f4#0:FAIL-t637, f535bb4a-cba0-4f9b-9e3e-e4a48b3eda51<-c652e2ee-3322-4406-8db6-1ea643cb3197#0:FAIL-t637] and 0 exception(s); f535bb4a-cba0-4f9b-9e3e-e4a48b3eda51@group-7E32184879DE:t637, leader=null, voted=f535bb4a-cba0-4f9b-9e3e-e4a48b3eda51, raftlog=f535bb4a-cba0-4f9b-9e3e-e4a48b3eda51@group-7E32184879DE-SegmentedRaftLog:OPENED:c-1,f-1,i0, conf=-1: [f535bb4a-cba0-4f9b-9e3e-e4a48b3eda51:0.0.0.0:44706, 54aabb14-4a7d-4ab3-adbe-2e67760b87f4:0.0.0.0:43074, c652e2ee-3322-4406-8db6-1ea643cb3197:0.0.0.0:42129], old=null
2019-10-18 11:25:40,424 [f535bb4a-cba0-4f9b-9e3e-e4a48b3eda51@group-7E32184879DE-LeaderElection543] INFO  impl.RaftServerImpl (RaftServerImpl.java:setRole(184)) - f535bb4a-cba0-4f9b-9e3e-e4a48b3eda51@group-7E32184879DE: changes role from CANDIDATE to FOLLOWER at term 637 for DISCOVERED_A_NEW_TERM
2019-10-18 11:25:40,424 [f535bb4a-cba0-4f9b-9e3e-e4a48b3eda51@group-7E32184879DE-LeaderElection543] INFO  impl.RoleInfo (RoleInfo.java:shutdownLeaderElection(134)) - f535bb4a-cba0-4f9b-9e3e-e4a48b3eda51: shutdown LeaderElection
2019-10-18 11:25:40,424 [f535bb4a-cba0-4f9b-9e3e-e4a48b3eda51@group-7E32184879DE-LeaderElection543] INFO  impl.RoleInfo (RoleInfo.java:updateAndGet(143)) - f535bb4a-cba0-4f9b-9e3e-e4a48b3eda51: start FollowerState
2019-10-18 11:25:40,536 [Thread-3843] INFO  impl.FollowerState (FollowerState.java:run(108)) - f535bb4a-cba0-4f9b-9e3e-e4a48b3eda51@group-7E32184879DE-FollowerState: change to CANDIDATE, lastRpcTime:112ms, electionTimeout:112ms
2019-10-18 11:25:40,536 [Thread-3843] INFO  impl.RoleInfo (RoleInfo.java:shutdownFollowerState(121)) - f535bb4a-cba0-4f9b-9e3e-e4a48b3eda51: shutdown FollowerState
2019-10-18 11:25:40,536 [Thread-3843] INFO  impl.RaftServerImpl (RaftServerImpl.java:setRole(184)) - f535bb4a-cba0-4f9b-9e3e-e4a48b3eda51@group-7E32184879DE: changes role from  FOLLOWER to CANDIDATE at term 637 for changeToCandidate
2019-10-18 11:25:40,537 [Thread-3843] INFO  impl.RoleInfo (RoleInfo.java:updateAndGet(143)) - f535bb4a-cba0-4f9b-9e3e-e4a48b3eda51: start LeaderElection
2019-10-18 11:25:40,572 [f535bb4a-cba0-4f9b-9e3e-e4a48b3eda51@group-7E32184879DE-LeaderElection544] INFO  impl.LeaderElection (LeaderElection.java:askForVotes(178)) - f535bb4a-cba0-4f9b-9e3e-e4a48b3eda51@group-7E32184879DE-LeaderElection544: begin an election at term 638 for -1: [f535bb4a-cba0-4f9b-9e3e-e4a48b3eda51:0.0.0.0:44706, 54aabb14-4a7d-4ab3-adbe-2e67760b87f4:0.0.0.0:43074, c652e2ee-3322-4406-8db6-1ea643cb3197:0.0.0.0:42129], old=null
2019-10-18 11:25:40,574 [grpc-default-executor-0] INFO  impl.RaftServerImpl (RaftServerImpl.java:setRole(184)) - 54aabb14-4a7d-4ab3-adbe-2e67760b87f4@group-7E32184879DE: changes role from  FOLLOWER to FOLLOWER at term 638 for recognizeCandidate:f535bb4a-cba0-4f9b-9e3e-e4a48b3eda51
2019-10-18 11:25:40,574 [grpc-default-executor-0] INFO  impl.RoleInfo (RoleInfo.java:shutdownFollowerState(121)) - 54aabb14-4a7d-4ab3-adbe-2e67760b87f4: shutdown FollowerState
2019-10-18 11:25:40,574 [grpc-default-executor-0] INFO  impl.RoleInfo (RoleInfo.java:updateAndGet(143)) - 54aabb14-4a7d-4ab3-adbe-2e67760b87f4: start FollowerState
2019-10-18 11:25:40,574 [Thread-3841] INFO  impl.FollowerState (FollowerState.java:run(117)) - 54aabb14-4a7d-4ab3-adbe-2e67760b87f4@group-7E32184879DE-FollowerState was interrupted: java.lang.InterruptedException: sleep interrupted
2019-10-18 11:25:40,574 [grpc-default-executor-3] INFO  impl.RaftServerImpl (RaftServerImpl.java:setRole(184)) - c652e2ee-3322-4406-8db6-1ea643cb3197@group-7E32184879DE: changes role from  FOLLOWER to FOLLOWER at term 638 for recognizeCandidate:f535bb4a-cba0-4f9b-9e3e-e4a48b3eda51
2019-10-18 11:25:40,574 [grpc-default-executor-3] INFO  impl.RoleInfo (RoleInfo.java:shutdownFollowerState(121)) - c652e2ee-3322-4406-8db6-1ea643cb3197: shutdown FollowerState
2019-10-18 11:25:40,575 [grpc-default-executor-3] INFO  impl.RoleInfo (RoleInfo.java:updateAndGet(143)) - c652e2ee-3322-4406-8db6-1ea643cb3197: start FollowerState
2019-10-18 11:25:40,575 [Thread-3842] INFO  impl.FollowerState (FollowerState.java:run(117)) - c652e2ee-3322-4406-8db6-1ea643cb3197@group-7E32184879DE-FollowerState was interrupted: java.lang.InterruptedException: sleep interrupted
2019-10-18 11:25:40,586 [f535bb4a-cba0-4f9b-9e3e-e4a48b3eda51@group-7E32184879DE-LeaderElection544] INFO  impl.LeaderElection (LeaderElection.java:logAndReturn(56)) - f535bb4a-cba0-4f9b-9e3e-e4a48b3eda51@group-7E32184879DE-LeaderElection544: Election TIMEOUT; received 0 response(s) [] and 0 exception(s); f535bb4a-cba0-4f9b-9e3e-e4a48b3eda51@group-7E32184879DE:t638, leader=null, voted=f535bb4a-cba0-4f9b-9e3e-e4a48b3eda51, raftlog=f535bb4a-cba0-4f9b-9e3e-e4a48b3eda51@group-7E32184879DE-SegmentedRaftLog:OPENED:c-1,f-1,i0, conf=-1: [f535bb4a-cba0-4f9b-9e3e-e4a48b3eda51:0.0.0.0:44706, 54aabb14-4a7d-4ab3-adbe-2e67760b87f4:0.0.0.0:43074, c652e2ee-3322-4406-8db6-1ea643cb3197:0.0.0.0:42129], old=null
2019-10-18 11:25:40,598 [f535bb4a-cba0-4f9b-9e3e-e4a48b3eda51@group-7E32184879DE-LeaderElection544] INFO  impl.LeaderElection (LeaderElection.java:askForVotes(178)) - f535bb4a-cba0-4f9b-9e3e-e4a48b3eda51@group-7E32184879DE-LeaderElection544: begin an election at term 639 for -1: [f535bb4a-cba0-4f9b-9e3e-e4a48b3eda51:0.0.0.0:44706, 54aabb14-4a7d-4ab3-adbe-2e67760b87f4:0.0.0.0:43074, c652e2ee-3322-4406-8db6-1ea643cb3197:0.0.0.0:42129], old=null
2019-10-18 11:25:40,600 [grpc-default-executor-3] INFO  impl.RaftServerImpl (RaftServerImpl.java:setRole(184)) - 54aabb14-4a7d-4ab3-adbe-2e67760b87f4@group-7E32184879DE: changes role from  FOLLOWER to FOLLOWER at term 639 for recognizeCandidate:f535bb4a-cba0-4f9b-9e3e-e4a48b3eda51
2019-10-18 11:25:40,600 [grpc-default-executor-3] INFO  impl.RoleInfo (RoleInfo.java:shutdownFollowerState(121)) - 54aabb14-4a7d-4ab3-adbe-2e67760b87f4: shutdown FollowerState
2019-10-18 11:25:40,600 [grpc-default-executor-3] INFO  impl.RoleInfo (RoleInfo.java:updateAndGet(143)) - 54aabb14-4a7d-4ab3-adbe-2e67760b87f4: start FollowerState
2019-10-18 11:25:40,600 [Thread-3847] INFO  impl.FollowerState (FollowerState.java:run(117)) - 54aabb14-4a7d-4ab3-adbe-2e67760b87f4@group-7E32184879DE-FollowerState was interrupted: java.lang.InterruptedException: sleep interrupted
2019-10-18 11:25:40,600 [grpc-default-executor-0] INFO  impl.RaftServerImpl (RaftServerImpl.java:setRole(184)) - c652e2ee-3322-4406-8db6-1ea643cb3197@group-7E32184879DE: changes role from  FOLLOWER to FOLLOWER at term 639 for recognizeCandidate:f535bb4a-cba0-4f9b-9e3e-e4a48b3eda51
2019-10-18 11:25:40,600 [grpc-default-executor-0] INFO  impl.RoleInfo (RoleInfo.java:shutdownFollowerState(121)) - c652e2ee-3322-4406-8db6-1ea643cb3197: shutdown FollowerState
2019-10-18 11:25:40,600 [grpc-default-executor-0] INFO  impl.RoleInfo (RoleInfo.java:updateAndGet(143)) - c652e2ee-3322-4406-8db6-1ea643cb3197: start FollowerState
2019-10-18 11:25:40,600 [Thread-3848] INFO  impl.FollowerState (FollowerState.java:run(117)) - c652e2ee-3322-4406-8db6-1ea643cb3197@group-7E32184879DE-FollowerState was interrupted: java.lang.InterruptedException: sleep interrupted
2019-10-18 11:25:40,624 [f535bb4a-cba0-4f9b-9e3e-e4a48b3eda51@group-7E32184879DE-LeaderElection544] INFO  impl.LeaderElection (LeaderElection.java:logAndReturn(56)) - f535bb4a-cba0-4f9b-9e3e-e4a48b3eda51@group-7E32184879DE-LeaderElection544: Election REJECTED; received 2 response(s) [f535bb4a-cba0-4f9b-9e3e-e4a48b3eda51<-54aabb14-4a7d-4ab3-adbe-2e67760b87f4#0:FAIL-t639, f535bb4a-cba0-4f9b-9e3e-e4a48b3eda51<-c652e2ee-3322-4406-8db6-1ea643cb3197#0:FAIL-t639] and 0 exception(s); f535bb4a-cba0-4f9b-9e3e-e4a48b3eda51@group-7E32184879DE:t639, leader=null, voted=f535bb4a-cba0-4f9b-9e3e-e4a48b3eda51, raftlog=f535bb4a-cba0-4f9b-9e3e-e4a48b3eda51@group-7E32184879DE-SegmentedRaftLog:OPENED:c-1,f-1,i0, conf=-1: [f535bb4a-cba0-4f9b-9e3e-e4a48b3eda51:0.0.0.0:44706, 54aabb14-4a7d-4ab3-adbe-2e67760b87f4:0.0.0.0:43074, c652e2ee-3322-4406-8db6-1ea643cb3197:0.0.0.0:42129], old=null
2019-10-18 11:25:40,624 [f535bb4a-cba0-4f9b-9e3e-e4a48b3eda51@group-7E32184879DE-LeaderElection544] INFO  impl.RaftServerImpl (RaftServerImpl.java:setRole(184)) - f535bb4a-cba0-4f9b-9e3e-e4a48b3eda51@group-7E32184879DE: changes role from CANDIDATE to FOLLOWER at term 639 for DISCOVERED_A_NEW_TERM
2019-10-18 11:25:40,625 [f535bb4a-cba0-4f9b-9e3e-e4a48b3eda51@group-7E32184879DE-LeaderElection544] INFO  impl.RoleInfo (RoleInfo.java:shutdownLeaderElection(134)) - f535bb4a-cba0-4f9b-9e3e-e4a48b3eda51: shutdown LeaderElection
2019-10-18 11:25:40,625 [f535bb4a-cba0-4f9b-9e3e-e4a48b3eda51@group-7E32184879DE-LeaderElection544] INFO  impl.RoleInfo (RoleInfo.java:updateAndGet(143)) - f535bb4a-cba0-4f9b-9e3e-e4a48b3eda51: start FollowerState
2019-10-18 11:25:40,719 [Thread-3853] INFO  impl.FollowerState (FollowerState.java:run(108)) - f535bb4a-cba0-4f9b-9e3e-e4a48b3eda51@group-7E32184879DE-FollowerState: change to CANDIDATE, lastRpcTime:94ms, electionTimeout:94ms
2019-10-18 11:25:40,719 [Thread-3853] INFO  impl.RoleInfo (RoleInfo.java:shutdownFollowerState(121)) - f535bb4a-cba0-4f9b-9e3e-e4a48b3eda51: shutdown FollowerState
2019-10-18 11:25:40,720 [Thread-3853] INFO  impl.RaftServerImpl (RaftServerImpl.java:setRole(184)) - f535bb4a-cba0-4f9b-9e3e-e4a48b3eda51@group-7E32184879DE: changes role from  FOLLOWER to CANDIDATE at term 639 for changeToCandidate
2019-10-18 11:25:40,720 [Thread-3853] INFO  impl.RoleInfo (RoleInfo.java:updateAndGet(143)) - f535bb4a-cba0-4f9b-9e3e-e4a48b3eda51: start LeaderElection
2019-10-18 11:25:40,749 [f535bb4a-cba0-4f9b-9e3e-e4a48b3eda51@group-7E32184879DE-LeaderElection545] INFO  impl.LeaderElection (LeaderElection.java:askForVotes(178)) - f535bb4a-cba0-4f9b-9e3e-e4a48b3eda51@group-7E32184879DE-LeaderElection545: begin an election at term 640 for -1: [f535bb4a-cba0-4f9b-9e3e-e4a48b3eda51:0.0.0.0:44706, 54aabb14-4a7d-4ab3-adbe-2e67760b87f4:0.0.0.0:43074, c652e2ee-3322-4406-8db6-1ea643cb3197:0.0.0.0:42129], old=null
2019-10-18 11:25:40,751 [grpc-default-executor-0] INFO  impl.RaftServerImpl (RaftServerImpl.java:setRole(184)) - 54aabb14-4a7d-4ab3-adbe-2e67760b87f4@group-7E32184879DE: changes role from  FOLLOWER to FOLLOWER at term 640 for recognizeCandidate:f535bb4a-cba0-4f9b-9e3e-e4a48b3eda51
2019-10-18 11:25:40,752 [grpc-default-executor-0] INFO  impl.RoleInfo (RoleInfo.java:shutdownFollowerState(121)) - 54aabb14-4a7d-4ab3-adbe-2e67760b87f4: shutdown FollowerState
2019-10-18 11:25:40,752 [grpc-default-executor-3] INFO  impl.RaftServerImpl (RaftServerImpl.java:setRole(184)) - c652e2ee-3322-4406-8db6-1ea643cb3197@group-7E32184879DE: changes role from  FOLLOWER to FOLLOWER at term 640 for recognizeCandidate:f535bb4a-cba0-4f9b-9e3e-e4a48b3eda51
2019-10-18 11:25:40,752 [Thread-3851] INFO  impl.FollowerState (FollowerState.java:run(117)) - 54aabb14-4a7d-4ab3-adbe-2e67760b87f4@group-7E32184879DE-FollowerState was interrupted: java.lang.InterruptedException: sleep interrupted
2019-10-18 11:25:40,752 [grpc-default-executor-0] INFO  impl.RoleInfo (RoleInfo.java:updateAndGet(143)) - 54aabb14-4a7d-4ab3-adbe-2e67760b87f4: start FollowerState
2019-10-18 11:25:40,752 [grpc-default-executor-3] INFO  impl.RoleInfo (RoleInfo.java:shutdownFollowerState(121)) - c652e2ee-3322-4406-8db6-1ea643cb3197: shutdown FollowerState
2019-10-18 11:25:40,752 [grpc-default-executor-3] INFO  impl.RoleInfo (RoleInfo.java:updateAndGet(143)) - c652e2ee-3322-4406-8db6-1ea643cb3197: start FollowerState
2019-10-18 11:25:40,752 [Thread-3852] INFO  impl.FollowerState (FollowerState.java:run(117)) - c652e2ee-3322-4406-8db6-1ea643cb3197@group-7E32184879DE-FollowerState was interrupted: java.lang.InterruptedException: sleep interrupted
2019-10-18 11:25:40,775 [f535bb4a-cba0-4f9b-9e3e-e4a48b3eda51@group-7E32184879DE-LeaderElection545] INFO  impl.LeaderElection (LeaderElection.java:logAndReturn(56)) - f535bb4a-cba0-4f9b-9e3e-e4a48b3eda51@group-7E32184879DE-LeaderElection545: Election REJECTED; received 2 response(s) [f535bb4a-cba0-4f9b-9e3e-e4a48b3eda51<-54aabb14-4a7d-4ab3-adbe-2e67760b87f4#0:FAIL-t640, f535bb4a-cba0-4f9b-9e3e-e4a48b3eda51<-c652e2ee-3322-4406-8db6-1ea643cb3197#0:FAIL-t640] and 0 exception(s); f535bb4a-cba0-4f9b-9e3e-e4a48b3eda51@group-7E32184879DE:t640, leader=null, voted=f535bb4a-cba0-4f9b-9e3e-e4a48b3eda51, raftlog=f535bb4a-cba0-4f9b-9e3e-e4a48b3eda51@group-7E32184879DE-SegmentedRaftLog:OPENED:c-1,f-1,i0, conf=-1: [f535bb4a-cba0-4f9b-9e3e-e4a48b3eda51:0.0.0.0:44706, 54aabb14-4a7d-4ab3-adbe-2e67760b87f4:0.0.0.0:43074, c652e2ee-3322-4406-8db6-1ea643cb3197:0.0.0.0:42129], old=null
2019-10-18 11:25:40,775 [f535bb4a-cba0-4f9b-9e3e-e4a48b3eda51@group-7E32184879DE-LeaderElection545] INFO  impl.RaftServerImpl (RaftServerImpl.java:setRole(184)) - f535bb4a-cba0-4f9b-9e3e-e4a48b3eda51@group-7E32184879DE: changes role from CANDIDATE to FOLLOWER at term 640 for DISCOVERED_A_NEW_TERM
2019-10-18 11:25:40,775 [f535bb4a-cba0-4f9b-9e3e-e4a48b3eda51@group-7E32184879DE-LeaderElection545] INFO  impl.RoleInfo (RoleInfo.java:shutdownLeaderElection(134)) - f535bb4a-cba0-4f9b-9e3e-e4a48b3eda51: shutdown LeaderElection
2019-10-18 11:25:40,776 [f535bb4a-cba0-4f9b-9e3e-e4a48b3eda51@group-7E32184879DE-LeaderElection545] INFO  impl.RoleInfo (RoleInfo.java:updateAndGet(143)) - f535bb4a-cba0-4f9b-9e3e-e4a48b3eda51: start FollowerState
2019-10-18 11:25:40,957 [Thread-3861] INFO  impl.FollowerState (FollowerState.java:run(108)) - f535bb4a-cba0-4f9b-9e3e-e4a48b3eda51@group-7E32184879DE-FollowerState: change to CANDIDATE, lastRpcTime:181ms, electionTimeout:181ms
2019-10-18 11:25:40,957 [Thread-3861] INFO  impl.RoleInfo (RoleInfo.java:shutdownFollowerState(121)) - f535bb4a-cba0-4f9b-9e3e-e4a48b3eda51: shutdown FollowerState
2019-10-18 11:25:40,957 [Thread-3861] INFO  impl.RaftServerImpl (RaftServerImpl.java:setRole(184)) - f535bb4a-cba0-4f9b-9e3e-e4a48b3eda51@group-7E32184879DE: changes role from  FOLLOWER to CANDIDATE at term 640 for changeToCandidate
2019-10-18 11:25:40,957 [Thread-3861] INFO  impl.RoleInfo (RoleInfo.java:updateAndGet(143)) - f535bb4a-cba0-4f9b-9e3e-e4a48b3eda51: start LeaderElection
2019-10-18 11:25:40,983 [f535bb4a-cba0-4f9b-9e3e-e4a48b3eda51@group-7E32184879DE-LeaderElection546] INFO  impl.LeaderElection (LeaderElection.java:askForVotes(178)) - f535bb4a-cba0-4f9b-9e3e-e4a48b3eda51@group-7E32184879DE-LeaderElection546: begin an election at term 641 for -1: [f535bb4a-cba0-4f9b-9e3e-e4a48b3eda51:0.0.0.0:44706, 54aabb14-4a7d-4ab3-adbe-2e67760b87f4:0.0.0.0:43074, c652e2ee-3322-4406-8db6-1ea643cb3197:0.0.0.0:42129], old=null
2019-10-18 11:25:40,984 [grpc-default-executor-0] INFO  impl.RaftServerImpl (RaftServerImpl.java:setRole(184)) - 54aabb14-4a7d-4ab3-adbe-2e67760b87f4@group-7E32184879DE: changes role from  FOLLOWER to FOLLOWER at term 641 for recognizeCandidate:f535bb4a-cba0-4f9b-9e3e-e4a48b3eda51
2019-10-18 11:25:40,985 [grpc-default-executor-0] INFO  impl.RoleInfo (RoleInfo.java:shutdownFollowerState(121)) - 54aabb14-4a7d-4ab3-adbe-2e67760b87f4: shutdown FollowerState
2019-10-18 11:25:40,985 [grpc-default-executor-3] INFO  impl.RaftServerImpl (RaftServerImpl.java:setRole(184)) - c652e2ee-3322-4406-8db6-1ea643cb3197@group-7E32184879DE: changes role from  FOLLOWER to FOLLOWER at term 641 for recognizeCandidate:f535bb4a-cba0-4f9b-9e3e-e4a48b3eda51
2019-10-18 11:25:40,985 [Thread-3859] INFO  impl.FollowerState (FollowerState.java:run(117)) - 54aabb14-4a7d-4ab3-adbe-2e67760b87f4@group-7E32184879DE-FollowerState was interrupted: java.lang.InterruptedException: sleep interrupted
2019-10-18 11:25:40,985 [grpc-default-executor-0] INFO  impl.RoleInfo (RoleInfo.java:updateAndGet(143)) - 54aabb14-4a7d-4ab3-adbe-2e67760b87f4: start FollowerState
2019-10-18 11:25:40,985 [grpc-default-executor-3] INFO  impl.RoleInfo (RoleInfo.java:shutdownFollowerState(121)) - c652e2ee-3322-4406-8db6-1ea643cb3197: shutdown FollowerState
2019-10-18 11:25:40,988 [grpc-default-executor-3] INFO  impl.RoleInfo (RoleInfo.java:updateAndGet(143)) - c652e2ee-3322-4406-8db6-1ea643cb3197: start FollowerState
2019-10-18 11:25:40,988 [Thread-3860] INFO  impl.FollowerState (FollowerState.java:run(117)) - c652e2ee-3322-4406-8db6-1ea643cb3197@group-7E32184879DE-FollowerState was interrupted: java.lang.InterruptedException: sleep interrupted
2019-10-18 11:25:41,009 [f535bb4a-cba0-4f9b-9e3e-e4a48b3eda51@group-7E32184879DE-LeaderElection546] INFO  impl.LeaderElection (LeaderElection.java:logAndReturn(56)) - f535bb4a-cba0-4f9b-9e3e-e4a48b3eda51@group-7E32184879DE-LeaderElection546: Election REJECTED; received 2 response(s) [f535bb4a-cba0-4f9b-9e3e-e4a48b3eda51<-54aabb14-4a7d-4ab3-adbe-2e67760b87f4#0:FAIL-t641, f535bb4a-cba0-4f9b-9e3e-e4a48b3eda51<-c652e2ee-3322-4406-8db6-1ea643cb3197#0:FAIL-t641] and 0 exception(s); f535bb4a-cba0-4f9b-9e3e-e4a48b3eda51@group-7E32184879DE:t641, leader=null, voted=f535bb4a-cba0-4f9b-9e3e-e4a48b3eda51, raftlog=f535bb4a-cba0-4f9b-9e3e-e4a48b3eda51@group-7E32184879DE-SegmentedRaftLog:OPENED:c-1,f-1,i0, conf=-1: [f535bb4a-cba0-4f9b-9e3e-e4a48b3eda51:0.0.0.0:44706, 54aabb14-4a7d-4ab3-adbe-2e67760b87f4:0.0.0.0:43074, c652e2ee-3322-4406-8db6-1ea643cb3197:0.0.0.0:42129], old=null
2019-10-18 11:25:41,010 [f535bb4a-cba0-4f9b-9e3e-e4a48b3eda51@group-7E32184879DE-LeaderElection546] INFO  impl.RaftServerImpl (RaftServerImpl.java:setRole(184)) - f535bb4a-cba0-4f9b-9e3e-e4a48b3eda51@group-7E32184879DE: changes role from CANDIDATE to FOLLOWER at term 641 for DISCOVERED_A_NEW_TERM
2019-10-18 11:25:41,010 [f535bb4a-cba0-4f9b-9e3e-e4a48b3eda51@group-7E32184879DE-LeaderElection546] INFO  impl.RoleInfo (RoleInfo.java:shutdownLeaderElection(134)) - f535bb4a-cba0-4f9b-9e3e-e4a48b3eda51: shutdown LeaderElection
2019-10-18 11:25:41,010 [f535bb4a-cba0-4f9b-9e3e-e4a48b3eda51@group-7E32184879DE-LeaderElection546] INFO  impl.RoleInfo (RoleInfo.java:updateAndGet(143)) - f535bb4a-cba0-4f9b-9e3e-e4a48b3eda51: start FollowerState
2019-10-18 11:25:41,187 [Thread-3867] INFO  impl.FollowerState (FollowerState.java:run(108)) - f535bb4a-cba0-4f9b-9e3e-e4a48b3eda51@group-7E32184879DE-FollowerState: change to CANDIDATE, lastRpcTime:177ms, electionTimeout:177ms
2019-10-18 11:25:41,187 [Thread-3867] INFO  impl.RoleInfo (RoleInfo.java:shutdownFollowerState(121)) - f535bb4a-cba0-4f9b-9e3e-e4a48b3eda51: shutdown FollowerState
2019-10-18 11:25:41,187 [Thread-3867] INFO  impl.RaftServerImpl (RaftServerImpl.java:setRole(184)) - f535bb4a-cba0-4f9b-9e3e-e4a48b3eda51@group-7E32184879DE: changes role from  FOLLOWER to CANDIDATE at term 641 for changeToCandidate
2019-10-18 11:25:41,188 [Thread-3867] INFO  impl.RoleInfo (RoleInfo.java:updateAndGet(143)) - f535bb4a-cba0-4f9b-9e3e-e4a48b3eda51: start LeaderElection
2019-10-18 11:25:41,217 [f535bb4a-cba0-4f9b-9e3e-e4a48b3eda51@group-7E32184879DE-LeaderElection547] INFO  impl.LeaderElection (LeaderElection.java:askForVotes(178)) - f535bb4a-cba0-4f9b-9e3e-e4a48b3eda51@group-7E32184879DE-LeaderElection547: begin an election at term 642 for -1: [f535bb4a-cba0-4f9b-9e3e-e4a48b3eda51:0.0.0.0:44706, 54aabb14-4a7d-4ab3-adbe-2e67760b87f4:0.0.0.0:43074, c652e2ee-3322-4406-8db6-1ea643cb3197:0.0.0.0:42129], old=null
2019-10-18 11:25:41,219 [grpc-default-executor-3] INFO  impl.RaftServerImpl (RaftServerImpl.java:setRole(184)) - 54aabb14-4a7d-4ab3-adbe-2e67760b87f4@group-7E32184879DE: changes role from  FOLLOWER to FOLLOWER at term 642 for recognizeCandidate:f535bb4a-cba0-4f9b-9e3e-e4a48b3eda51
2019-10-18 11:25:41,219 [grpc-default-executor-3] INFO  impl.RoleInfo (RoleInfo.java:shutdownFollowerState(121)) - 54aabb14-4a7d-4ab3-adbe-2e67760b87f4: shutdown FollowerState
2019-10-18 11:25:41,219 [grpc-default-executor-3] INFO  impl.RoleInfo (RoleInfo.java:updateAndGet(143)) - 54aabb14-4a7d-4ab3-adbe-2e67760b87f4: start FollowerState
2019-10-18 11:25:41,219 [Thread-3865] INFO  impl.FollowerState (FollowerState.java:run(117)) - 54aabb14-4a7d-4ab3-adbe-2e67760b87f4@group-7E32184879DE-FollowerState was interrupted: java.lang.InterruptedException: sleep interrupted
2019-10-18 11:25:41,219 [grpc-default-executor-0] INFO  impl.RaftServerImpl (RaftServerImpl.java:setRole(184)) - c652e2ee-3322-4406-8db6-1ea643cb3197@group-7E32184879DE: changes role from  FOLLOWER to FOLLOWER at term 642 for recognizeCandidate:f535bb4a-cba0-4f9b-9e3e-e4a48b3eda51
2019-10-18 11:25:41,220 [grpc-default-executor-0] INFO  impl.RoleInfo (RoleInfo.java:shutdownFollowerState(121)) - c652e2ee-3322-4406-8db6-1ea643cb3197: shutdown FollowerState
2019-10-18 11:25:41,220 [grpc-default-executor-0] INFO  impl.RoleInfo (RoleInfo.java:updateAndGet(143)) - c652e2ee-3322-4406-8db6-1ea643cb3197: start FollowerState
2019-10-18 11:25:41,220 [Thread-3866] INFO  impl.FollowerState (FollowerState.java:run(117)) - c652e2ee-3322-4406-8db6-1ea643cb3197@group-7E32184879DE-FollowerState was interrupted: java.lang.InterruptedException: sleep interrupted
2019-10-18 11:25:41,243 [f535bb4a-cba0-4f9b-9e3e-e4a48b3eda51@group-7E32184879DE-LeaderElection547] INFO  impl.LeaderElection (LeaderElection.java:logAndReturn(56)) - f535bb4a-cba0-4f9b-9e3e-e4a48b3eda51@group-7E32184879DE-LeaderElection547: Election REJECTED; received 2 response(s) [f535bb4a-cba0-4f9b-9e3e-e4a48b3eda51<-54aabb14-4a7d-4ab3-adbe-2e67760b87f4#0:FAIL-t642, f535bb4a-cba0-4f9b-9e3e-e4a48b3eda51<-c652e2ee-3322-4406-8db6-1ea643cb3197#0:FAIL-t642] and 0 exception(s); f535bb4a-cba0-4f9b-9e3e-e4a48b3eda51@group-7E32184879DE:t642, leader=null, voted=f535bb4a-cba0-4f9b-9e3e-e4a48b3eda51, raftlog=f535bb4a-cba0-4f9b-9e3e-e4a48b3eda51@group-7E32184879DE-SegmentedRaftLog:OPENED:c-1,f-1,i0, conf=-1: [f535bb4a-cba0-4f9b-9e3e-e4a48b3eda51:0.0.0.0:44706, 54aabb14-4a7d-4ab3-adbe-2e67760b87f4:0.0.0.0:43074, c652e2ee-3322-4406-8db6-1ea643cb3197:0.0.0.0:42129], old=null
2019-10-18 11:25:41,243 [f535bb4a-cba0-4f9b-9e3e-e4a48b3eda51@group-7E32184879DE-LeaderElection547] INFO  impl.RaftServerImpl (RaftServerImpl.java:setRole(184)) - f535bb4a-cba0-4f9b-9e3e-e4a48b3eda51@group-7E32184879DE: changes role from CANDIDATE to FOLLOWER at term 642 for DISCOVERED_A_NEW_TERM
2019-10-18 11:25:41,243 [f535bb4a-cba0-4f9b-9e3e-e4a48b3eda51@group-7E32184879DE-LeaderElection547] INFO  impl.RoleInfo (RoleInfo.java:shutdownLeaderElection(134)) - f535bb4a-cba0-4f9b-9e3e-e4a48b3eda51: shutdown LeaderElection
2019-10-18 11:25:41,244 [f535bb4a-cba0-4f9b-9e3e-e4a48b3eda51@group-7E32184879DE-LeaderElection547] INFO  impl.RoleInfo (RoleInfo.java:updateAndGet(143)) - f535bb4a-cba0-4f9b-9e3e-e4a48b3eda51: start FollowerState
2019-10-18 11:25:41,346 [Thread-3873] INFO  impl.FollowerState (FollowerState.java:run(108)) - f535bb4a-cba0-4f9b-9e3e-e4a48b3eda51@group-7E32184879DE-FollowerState: change to CANDIDATE, lastRpcTime:102ms, electionTimeout:102ms
2019-10-18 11:25:41,346 [Thread-3873] INFO  impl.RoleInfo (RoleInfo.java:shutdownFollowerState(121)) - f535bb4a-cba0-4f9b-9e3e-e4a48b3eda51: shutdown FollowerState
2019-10-18 11:25:41,346 [Thread-3873] INFO  impl.RaftServerImpl (RaftServerImpl.java:setRole(184)) - f535bb4a-cba0-4f9b-9e3e-e4a48b3eda51@group-7E32184879DE: changes role from  FOLLOWER to CANDIDATE at term 642 for changeToCandidate
2019-10-18 11:25:41,346 [Thread-3873] INFO  impl.RoleInfo (RoleInfo.java:updateAndGet(143)) - f535bb4a-cba0-4f9b-9e3e-e4a48b3eda51: start LeaderElection
2019-10-18 11:25:41,376 [f535bb4a-cba0-4f9b-9e3e-e4a48b3eda51@group-7E32184879DE-LeaderElection548] INFO  impl.LeaderElection (LeaderElection.java:askForVotes(178)) - f535bb4a-cba0-4f9b-9e3e-e4a48b3eda51@group-7E32184879DE-LeaderElection548: begin an election at term 643 for -1: [f535bb4a-cba0-4f9b-9e3e-e4a48b3eda51:0.0.0.0:44706, 54aabb14-4a7d-4ab3-adbe-2e67760b87f4:0.0.0.0:43074, c652e2ee-3322-4406-8db6-1ea643cb3197:0.0.0.0:42129], old=null
2019-10-18 11:25:41,378 [grpc-default-executor-0] INFO  impl.RaftServerImpl (RaftServerImpl.java:setRole(184)) - 54aabb14-4a7d-4ab3-adbe-2e67760b87f4@group-7E32184879DE: changes role from  FOLLOWER to FOLLOWER at term 643 for recognizeCandidate:f535bb4a-cba0-4f9b-9e3e-e4a48b3eda51
2019-10-18 11:25:41,378 [grpc-default-executor-0] INFO  impl.RoleInfo (RoleInfo.java:shutdownFollowerState(121)) - 54aabb14-4a7d-4ab3-adbe-2e67760b87f4: shutdown FollowerState
2019-10-18 11:25:41,378 [grpc-default-executor-3] INFO  impl.RaftServerImpl (RaftServerImpl.java:setRole(184)) - c652e2ee-3322-4406-8db6-1ea643cb3197@group-7E32184879DE: changes role from  FOLLOWER to FOLLOWER at term 643 for recognizeCandidate:f535bb4a-cba0-4f9b-9e3e-e4a48b3eda51
2019-10-18 11:25:41,378 [Thread-3871] INFO  impl.FollowerState (FollowerState.java:run(117)) - 54aabb14-4a7d-4ab3-adbe-2e67760b87f4@group-7E32184879DE-FollowerState was interrupted: java.lang.InterruptedException: sleep interrupted
2019-10-18 11:25:41,378 [grpc-default-executor-0] INFO  impl.RoleInfo (RoleInfo.java:updateAndGet(143)) - 54aabb14-4a7d-4ab3-adbe-2e67760b87f4: start FollowerState
2019-10-18 11:25:41,378 [grpc-default-executor-3] INFO  impl.RoleInfo (RoleInfo.java:shutdownFollowerState(121)) - c652e2ee-3322-4406-8db6-1ea643cb3197: shutdown FollowerState
2019-10-18 11:25:41,379 [grpc-default-executor-3] INFO  impl.RoleInfo (RoleInfo.java:updateAndGet(143)) - c652e2ee-3322-4406-8db6-1ea643cb3197: start FollowerState
2019-10-18 11:25:41,379 [Thread-3872] INFO  impl.FollowerState (FollowerState.java:run(117)) - c652e2ee-3322-4406-8db6-1ea643cb3197@group-7E32184879DE-FollowerState was interrupted: java.lang.InterruptedException: sleep interrupted
2019-10-18 11:25:41,390 [f535bb4a-cba0-4f9b-9e3e-e4a48b3eda51@group-7E32184879DE-LeaderElection548] INFO  impl.LeaderElection (LeaderElection.java:logAndReturn(56)) - f535bb4a-cba0-4f9b-9e3e-e4a48b3eda51@group-7E32184879DE-LeaderElection548: Election TIMEOUT; received 0 response(s) [] and 0 exception(s); f535bb4a-cba0-4f9b-9e3e-e4a48b3eda51@group-7E32184879DE:t643, leader=null, voted=f535bb4a-cba0-4f9b-9e3e-e4a48b3eda51, raftlog=f535bb4a-cba0-4f9b-9e3e-e4a48b3eda51@group-7E32184879DE-SegmentedRaftLog:OPENED:c-1,f-1,i0, conf=-1: [f535bb4a-cba0-4f9b-9e3e-e4a48b3eda51:0.0.0.0:44706, 54aabb14-4a7d-4ab3-adbe-2e67760b87f4:0.0.0.0:43074, c652e2ee-3322-4406-8db6-1ea643cb3197:0.0.0.0:42129], old=null
2019-10-18 11:25:41,402 [f535bb4a-cba0-4f9b-9e3e-e4a48b3eda51@group-7E32184879DE-LeaderElection548] INFO  impl.LeaderElection (LeaderElection.java:askForVotes(178)) - f535bb4a-cba0-4f9b-9e3e-e4a48b3eda51@group-7E32184879DE-LeaderElection548: begin an election at term 644 for -1: [f535bb4a-cba0-4f9b-9e3e-e4a48b3eda51:0.0.0.0:44706, 54aabb14-4a7d-4ab3-adbe-2e67760b87f4:0.0.0.0:43074, c652e2ee-3322-4406-8db6-1ea643cb3197:0.0.0.0:42129], old=null
2019-10-18 11:25:41,403 [grpc-default-executor-3] INFO  impl.RaftServerImpl (RaftServerImpl.java:setRole(184)) - 54aabb14-4a7d-4ab3-adbe-2e67760b87f4@group-7E32184879DE: changes role from  FOLLOWER to FOLLOWER at term 644 for recognizeCandidate:f535bb4a-cba0-4f9b-9e3e-e4a48b3eda51
2019-10-18 11:25:41,404 [grpc-default-executor-3] INFO  impl.RoleInfo (RoleInfo.java:shutdownFollowerState(121)) - 54aabb14-4a7d-4ab3-adbe-2e67760b87f4: shutdown FollowerState
2019-10-18 11:25:41,404 [grpc-default-executor-3] INFO  impl.RoleInfo (RoleInfo.java:updateAndGet(143)) - 54aabb14-4a7d-4ab3-adbe-2e67760b87f4: start FollowerState
2019-10-18 11:25:41,404 [Thread-3877] INFO  impl.FollowerState (FollowerState.java:run(117)) - 54aabb14-4a7d-4ab3-adbe-2e67760b87f4@group-7E32184879DE-FollowerState was interrupted: java.lang.InterruptedException: sleep interrupted
2019-10-18 11:25:41,404 [grpc-default-executor-0] INFO  impl.RaftServerImpl (RaftServerImpl.java:setRole(184)) - c652e2ee-3322-4406-8db6-1ea643cb3197@group-7E32184879DE: changes role from  FOLLOWER to FOLLOWER at term 644 for recognizeCandidate:f535bb4a-cba0-4f9b-9e3e-e4a48b3eda51
2019-10-18 11:25:41,404 [grpc-default-executor-0] INFO  impl.RoleInfo (RoleInfo.java:shutdownFollowerState(121)) - c652e2ee-3322-4406-8db6-1ea643cb3197: shutdown FollowerState
2019-10-18 11:25:41,404 [grpc-default-executor-0] INFO  impl.RoleInfo (RoleInfo.java:updateAndGet(143)) - c652e2ee-3322-4406-8db6-1ea643cb3197: start FollowerState
2019-10-18 11:25:41,404 [Thread-3878] INFO  impl.FollowerState (FollowerState.java:run(117)) - c652e2ee-3322-4406-8db6-1ea643cb3197@group-7E32184879DE-FollowerState was interrupted: java.lang.InterruptedException: sleep interrupted
2019-10-18 11:25:41,428 [f535bb4a-cba0-4f9b-9e3e-e4a48b3eda51@group-7E32184879DE-LeaderElection548] INFO  impl.LeaderElection (LeaderElection.java:logAndReturn(56)) - f535bb4a-cba0-4f9b-9e3e-e4a48b3eda51@group-7E32184879DE-LeaderElection548: Election REJECTED; received 2 response(s) [f535bb4a-cba0-4f9b-9e3e-e4a48b3eda51<-54aabb14-4a7d-4ab3-adbe-2e67760b87f4#0:FAIL-t644, f535bb4a-cba0-4f9b-9e3e-e4a48b3eda51<-c652e2ee-3322-4406-8db6-1ea643cb3197#0:FAIL-t644] and 0 exception(s); f535bb4a-cba0-4f9b-9e3e-e4a48b3eda51@group-7E32184879DE:t644, leader=null, voted=f535bb4a-cba0-4f9b-9e3e-e4a48b3eda51, raftlog=f535bb4a-cba0-4f9b-9e3e-e4a48b3eda51@group-7E32184879DE-SegmentedRaftLog:OPENED:c-1,f-1,i0, conf=-1: [f535bb4a-cba0-4f9b-9e3e-e4a48b3eda51:0.0.0.0:44706, 54aabb14-4a7d-4ab3-adbe-2e67760b87f4:0.0.0.0:43074, c652e2ee-3322-4406-8db6-1ea643cb3197:0.0.0.0:42129], old=null
2019-10-18 11:25:41,428 [f535bb4a-cba0-4f9b-9e3e-e4a48b3eda51@group-7E32184879DE-LeaderElection548] INFO  impl.RaftServerImpl (RaftServerImpl.java:setRole(184)) - f535bb4a-cba0-4f9b-9e3e-e4a48b3eda51@group-7E32184879DE: changes role from CANDIDATE to FOLLOWER at term 644 for DISCOVERED_A_NEW_TERM
2019-10-18 11:25:41,428 [f535bb4a-cba0-4f9b-9e3e-e4a48b3eda51@group-7E32184879DE-LeaderElection548] INFO  impl.RoleInfo (RoleInfo.java:shutdownLeaderElection(134)) - f535bb4a-cba0-4f9b-9e3e-e4a48b3eda51: shutdown LeaderElection
2019-10-18 11:25:41,428 [f535bb4a-cba0-4f9b-9e3e-e4a48b3eda51@group-7E32184879DE-LeaderElection548] INFO  impl.RoleInfo (RoleInfo.java:updateAndGet(143)) - f535bb4a-cba0-4f9b-9e3e-e4a48b3eda51: start FollowerState
2019-10-18 11:25:41,440 [Thread-3883] INFO  impl.FollowerState (FollowerState.java:run(108)) - f535bb4a-cba0-4f9b-9e3e-e4a48b3eda51@group-7E32184879DE-FollowerState: change to CANDIDATE, lastRpcTime:11ms, electionTimeout:11ms
2019-10-18 11:25:41,440 [Thread-3883] INFO  impl.RoleInfo (RoleInfo.java:shutdownFollowerState(121)) - f535bb4a-cba0-4f9b-9e3e-e4a48b3eda51: shutdown FollowerState
2019-10-18 11:25:41,440 [Thread-3883] INFO  impl.RaftServerImpl (RaftServerImpl.java:setRole(184)) - f535bb4a-cba0-4f9b-9e3e-e4a48b3eda51@group-7E32184879DE: changes role from  FOLLOWER to CANDIDATE at term 644 for changeToCandidate
2019-10-18 11:25:41,440 [Thread-3883] INFO  impl.RoleInfo (RoleInfo.java:updateAndGet(143)) - f535bb4a-cba0-4f9b-9e3e-e4a48b3eda51: start LeaderElection
2019-10-18 11:25:41,469 [f535bb4a-cba0-4f9b-9e3e-e4a48b3eda51@group-7E32184879DE-LeaderElection549] INFO  impl.LeaderElection (LeaderElection.java:askForVotes(178)) - f535bb4a-cba0-4f9b-9e3e-e4a48b3eda51@group-7E32184879DE-LeaderElection549: begin an election at term 645 for -1: [f535bb4a-cba0-4f9b-9e3e-e4a48b3eda51:0.0.0.0:44706, 54aabb14-4a7d-4ab3-adbe-2e67760b87f4:0.0.0.0:43074, c652e2ee-3322-4406-8db6-1ea643cb3197:0.0.0.0:42129], old=null
2019-10-18 11:25:41,471 [grpc-default-executor-0] INFO  impl.RaftServerImpl (RaftServerImpl.java:setRole(184)) - 54aabb14-4a7d-4ab3-adbe-2e67760b87f4@group-7E32184879DE: changes role from  FOLLOWER to FOLLOWER at term 645 for recognizeCandidate:f535bb4a-cba0-4f9b-9e3e-e4a48b3eda51
2019-10-18 11:25:41,471 [grpc-default-executor-0] INFO  impl.RoleInfo (RoleInfo.java:shutdownFollowerState(121)) - 54aabb14-4a7d-4ab3-adbe-2e67760b87f4: shutdown FollowerState
2019-10-18 11:25:41,471 [grpc-default-executor-0] INFO  impl.RoleInfo (RoleInfo.java:updateAndGet(143)) - 54aabb14-4a7d-4ab3-adbe-2e67760b87f4: start FollowerState
2019-10-18 11:25:41,471 [Thread-3881] INFO  impl.FollowerState (FollowerState.java:run(117)) - 54aabb14-4a7d-4ab3-adbe-2e67760b87f4@group-7E32184879DE-FollowerState was interrupted: java.lang.InterruptedException: sleep interrupted
2019-10-18 11:25:41,471 [grpc-default-executor-3] INFO  impl.RaftServerImpl (RaftServerImpl.java:setRole(184)) - c652e2ee-3322-4406-8db6-1ea643cb3197@group-7E32184879DE: changes role from  FOLLOWER to FOLLOWER at term 645 for recognizeCandidate:f535bb4a-cba0-4f9b-9e3e-e4a48b3eda51
2019-10-18 11:25:41,471 [grpc-default-executor-3] INFO  impl.RoleInfo (RoleInfo.java:shutdownFollowerState(121)) - c652e2ee-3322-4406-8db6-1ea643cb3197: shutdown FollowerState
2019-10-18 11:25:41,472 [grpc-default-executor-3] INFO  impl.RoleInfo (RoleInfo.java:updateAndGet(143)) - c652e2ee-3322-4406-8db6-1ea643cb3197: start FollowerState
2019-10-18 11:25:41,472 [Thread-3882] INFO  impl.FollowerState (FollowerState.java:run(117)) - c652e2ee-3322-4406-8db6-1ea643cb3197@group-7E32184879DE-FollowerState was interrupted: java.lang.InterruptedException: sleep interrupted
2019-10-18 11:25:41,495 [f535bb4a-cba0-4f9b-9e3e-e4a48b3eda51@group-7E32184879DE-LeaderElection549] INFO  impl.LeaderElection (LeaderElection.java:logAndReturn(56)) - f535bb4a-cba0-4f9b-9e3e-e4a48b3eda51@group-7E32184879DE-LeaderElection549: Election REJECTED; received 2 response(s) [f535bb4a-cba0-4f9b-9e3e-e4a48b3eda51<-54aabb14-4a7d-4ab3-adbe-2e67760b87f4#0:FAIL-t645, f535bb4a-cba0-4f9b-9e3e-e4a48b3eda51<-c652e2ee-3322-4406-8db6-1ea643cb3197#0:FAIL-t645] and 0 exception(s); f535bb4a-cba0-4f9b-9e3e-e4a48b3eda51@group-7E32184879DE:t645, leader=null, voted=f535bb4a-cba0-4f9b-9e3e-e4a48b3eda51, raftlog=f535bb4a-cba0-4f9b-9e3e-e4a48b3eda51@group-7E32184879DE-SegmentedRaftLog:OPENED:c-1,f-1,i0, conf=-1: [f535bb4a-cba0-4f9b-9e3e-e4a48b3eda51:0.0.0.0:44706, 54aabb14-4a7d-4ab3-adbe-2e67760b87f4:0.0.0.0:43074, c652e2ee-3322-4406-8db6-1ea643cb3197:0.0.0.0:42129], old=null
2019-10-18 11:25:41,495 [f535bb4a-cba0-4f9b-9e3e-e4a48b3eda51@group-7E32184879DE-LeaderElection549] INFO  impl.RaftServerImpl (RaftServerImpl.java:setRole(184)) - f535bb4a-cba0-4f9b-9e3e-e4a48b3eda51@group-7E32184879DE: changes role from CANDIDATE to FOLLOWER at term 645 for DISCOVERED_A_NEW_TERM
2019-10-18 11:25:41,495 [f535bb4a-cba0-4f9b-9e3e-e4a48b3eda51@group-7E32184879DE-LeaderElection549] INFO  impl.RoleInfo (RoleInfo.java:shutdownLeaderElection(134)) - f535bb4a-cba0-4f9b-9e3e-e4a48b3eda51: shutdown LeaderElection
2019-10-18 11:25:41,495 [f535bb4a-cba0-4f9b-9e3e-e4a48b3eda51@group-7E32184879DE-LeaderElection549] INFO  impl.RoleInfo (RoleInfo.java:updateAndGet(143)) - f535bb4a-cba0-4f9b-9e3e-e4a48b3eda51: start FollowerState
2019-10-18 11:25:41,604 [Thread-3889] INFO  impl.FollowerState (FollowerState.java:run(108)) - f535bb4a-cba0-4f9b-9e3e-e4a48b3eda51@group-7E32184879DE-FollowerState: change to CANDIDATE, lastRpcTime:108ms, electionTimeout:108ms
2019-10-18 11:25:41,604 [Thread-3889] INFO  impl.RoleInfo (RoleInfo.java:shutdownFollowerState(121)) - f535bb4a-cba0-4f9b-9e3e-e4a48b3eda51: shutdown FollowerState
2019-10-18 11:25:41,604 [Thread-3889] INFO  impl.RaftServerImpl (RaftServerImpl.java:setRole(184)) - f535bb4a-cba0-4f9b-9e3e-e4a48b3eda51@group-7E32184879DE: changes role from  FOLLOWER to CANDIDATE at term 645 for changeToCandidate
2019-10-18 11:25:41,604 [Thread-3889] INFO  impl.RoleInfo (RoleInfo.java:updateAndGet(143)) - f535bb4a-cba0-4f9b-9e3e-e4a48b3eda51: start LeaderElection
2019-10-18 11:25:41,628 [f535bb4a-cba0-4f9b-9e3e-e4a48b3eda51@group-7E32184879DE-LeaderElection550] INFO  impl.LeaderElection (LeaderElection.java:askForVotes(178)) - f535bb4a-cba0-4f9b-9e3e-e4a48b3eda51@group-7E32184879DE-LeaderElection550: begin an election at term 646 for -1: [f535bb4a-cba0-4f9b-9e3e-e4a48b3eda51:0.0.0.0:44706, 54aabb14-4a7d-4ab3-adbe-2e67760b87f4:0.0.0.0:43074, c652e2ee-3322-4406-8db6-1ea643cb3197:0.0.0.0:42129], old=null
2019-10-18 11:25:41,630 [grpc-default-executor-0] INFO  impl.RaftServerImpl (RaftServerImpl.java:setRole(184)) - c652e2ee-3322-4406-8db6-1ea643cb3197@group-7E32184879DE: changes role from  FOLLOWER to FOLLOWER at term 646 for recognizeCandidate:f535bb4a-cba0-4f9b-9e3e-e4a48b3eda51
2019-10-18 11:25:41,630 [grpc-default-executor-0] INFO  impl.RoleInfo (RoleInfo.java:shutdownFollowerState(121)) - c652e2ee-3322-4406-8db6-1ea643cb3197: shutdown FollowerState
2019-10-18 11:25:41,630 [grpc-default-executor-3] INFO  impl.RaftServerImpl (RaftServerImpl.java:setRole(184)) - 54aabb14-4a7d-4ab3-adbe-2e67760b87f4@group-7E32184879DE: changes role from  FOLLOWER to FOLLOWER at term 646 for recognizeCandidate:f535bb4a-cba0-4f9b-9e3e-e4a48b3eda51
2019-10-18 11:25:41,630 [Thread-3888] INFO  impl.FollowerState (FollowerState.java:run(117)) - c652e2ee-3322-4406-8db6-1ea643cb3197@group-7E32184879DE-FollowerState was interrupted: java.lang.InterruptedException: sleep interrupted
2019-10-18 11:25:41,630 [grpc-default-executor-0] INFO  impl.RoleInfo (RoleInfo.java:updateAndGet(143)) - c652e2ee-3322-4406-8db6-1ea643cb3197: start FollowerState
2019-10-18 11:25:41,631 [grpc-default-executor-3] INFO  impl.RoleInfo (RoleInfo.java:shutdownFollowerState(121)) - 54aabb14-4a7d-4ab3-adbe-2e67760b87f4: shutdown FollowerState
2019-10-18 11:25:41,631 [grpc-default-executor-3] INFO  impl.RoleInfo (RoleInfo.java:updateAndGet(143)) - 54aabb14-4a7d-4ab3-adbe-2e67760b87f4: start FollowerState
2019-10-18 11:25:41,631 [Thread-3887] INFO  impl.FollowerState (FollowerState.java:run(117)) - 54aabb14-4a7d-4ab3-adbe-2e67760b87f4@group-7E32184879DE-FollowerState was interrupted: java.lang.InterruptedException: sleep interrupted
2019-10-18 11:25:41,646 [f535bb4a-cba0-4f9b-9e3e-e4a48b3eda51@group-7E32184879DE-LeaderElection550] INFO  impl.LeaderElection (LeaderElection.java:logAndReturn(56)) - f535bb4a-cba0-4f9b-9e3e-e4a48b3eda51@group-7E32184879DE-LeaderElection550: Election REJECTED; received 2 response(s) [f535bb4a-cba0-4f9b-9e3e-e4a48b3eda51<-54aabb14-4a7d-4ab3-adbe-2e67760b87f4#0:FAIL-t646, f535bb4a-cba0-4f9b-9e3e-e4a48b3eda51<-c652e2ee-3322-4406-8db6-1ea643cb3197#0:FAIL-t646] and 0 exception(s); f535bb4a-cba0-4f9b-9e3e-e4a48b3eda51@group-7E32184879DE:t646, leader=null, voted=f535bb4a-cba0-4f9b-9e3e-e4a48b3eda51, raftlog=f535bb4a-cba0-4f9b-9e3e-e4a48b3eda51@group-7E32184879DE-SegmentedRaftLog:OPENED:c-1,f-1,i0, conf=-1: [f535bb4a-cba0-4f9b-9e3e-e4a48b3eda51:0.0.0.0:44706, 54aabb14-4a7d-4ab3-adbe-2e67760b87f4:0.0.0.0:43074, c652e2ee-3322-4406-8db6-1ea643cb3197:0.0.0.0:42129], old=null
2019-10-18 11:25:41,646 [f535bb4a-cba0-4f9b-9e3e-e4a48b3eda51@group-7E32184879DE-LeaderElection550] INFO  impl.RaftServerImpl (RaftServerImpl.java:setRole(184)) - f535bb4a-cba0-4f9b-9e3e-e4a48b3eda51@group-7E32184879DE: changes role from CANDIDATE to FOLLOWER at term 646 for DISCOVERED_A_NEW_TERM
2019-10-18 11:25:41,646 [f535bb4a-cba0-4f9b-9e3e-e4a48b3eda51@group-7E32184879DE-LeaderElection550] INFO  impl.RoleInfo (RoleInfo.java:shutdownLeaderElection(134)) - f535bb4a-cba0-4f9b-9e3e-e4a48b3eda51: shutdown LeaderElection
2019-10-18 11:25:41,646 [f535bb4a-cba0-4f9b-9e3e-e4a48b3eda51@group-7E32184879DE-LeaderElection550] INFO  impl.RoleInfo (RoleInfo.java:updateAndGet(143)) - f535bb4a-cba0-4f9b-9e3e-e4a48b3eda51: start FollowerState
2019-10-18 11:25:41,759 [Thread-3895] INFO  impl.FollowerState (FollowerState.java:run(108)) - f535bb4a-cba0-4f9b-9e3e-e4a48b3eda51@group-7E32184879DE-FollowerState: change to CANDIDATE, lastRpcTime:112ms, electionTimeout:112ms
2019-10-18 11:25:41,759 [Thread-3895] INFO  impl.RoleInfo (RoleInfo.java:shutdownFollowerState(121)) - f535bb4a-cba0-4f9b-9e3e-e4a48b3eda51: shutdown FollowerState
2019-10-18 11:25:41,759 [Thread-3895] INFO  impl.RaftServerImpl (RaftServerImpl.java:setRole(184)) - f535bb4a-cba0-4f9b-9e3e-e4a48b3eda51@group-7E32184879DE: changes role from  FOLLOWER to CANDIDATE at term 646 for changeToCandidate
2019-10-18 11:25:41,759 [Thread-3895] INFO  impl.RoleInfo (RoleInfo.java:updateAndGet(143)) - f535bb4a-cba0-4f9b-9e3e-e4a48b3eda51: start LeaderElection
2019-10-18 11:25:41,787 [f535bb4a-cba0-4f9b-9e3e-e4a48b3eda51@group-7E32184879DE-LeaderElection551] INFO  impl.LeaderElection (LeaderElection.java:askForVotes(178)) - f535bb4a-cba0-4f9b-9e3e-e4a48b3eda51@group-7E32184879DE-LeaderElection551: begin an election at term 647 for -1: [f535bb4a-cba0-4f9b-9e3e-e4a48b3eda51:0.0.0.0:44706, 54aabb14-4a7d-4ab3-adbe-2e67760b87f4:0.0.0.0:43074, c652e2ee-3322-4406-8db6-1ea643cb3197:0.0.0.0:42129], old=null
2019-10-18 11:25:41,789 [grpc-default-executor-3] INFO  impl.RaftServerImpl (RaftServerImpl.java:setRole(184)) - c652e2ee-3322-4406-8db6-1ea643cb3197@group-7E32184879DE: changes role from  FOLLOWER to FOLLOWER at term 647 for recognizeCandidate:f535bb4a-cba0-4f9b-9e3e-e4a48b3eda51
2019-10-18 11:25:41,789 [grpc-default-executor-0] INFO  impl.RaftServerImpl (RaftServerImpl.java:setRole(184)) - 54aabb14-4a7d-4ab3-adbe-2e67760b87f4@group-7E32184879DE: changes role from  FOLLOWER to FOLLOWER at term 647 for recognizeCandidate:f535bb4a-cba0-4f9b-9e3e-e4a48b3eda51
2019-10-18 11:25:41,789 [grpc-default-executor-0] INFO  impl.RoleInfo (RoleInfo.java:shutdownFollowerState(121)) - 54aabb14-4a7d-4ab3-adbe-2e67760b87f4: shutdown FollowerState
2019-10-18 11:25:41,789 [grpc-default-executor-3] INFO  impl.RoleInfo (RoleInfo.java:shutdownFollowerState(121)) - c652e2ee-3322-4406-8db6-1ea643cb3197: shutdown FollowerState
2019-10-18 11:25:41,790 [Thread-3894] INFO  impl.FollowerState (FollowerState.java:run(117)) - 54aabb14-4a7d-4ab3-adbe-2e67760b87f4@group-7E32184879DE-FollowerState was interrupted: java.lang.InterruptedException: sleep interrupted
2019-10-18 11:25:41,789 [grpc-default-executor-0] INFO  impl.RoleInfo (RoleInfo.java:updateAndGet(143)) - 54aabb14-4a7d-4ab3-adbe-2e67760b87f4: start FollowerState
2019-10-18 11:25:41,790 [Thread-3893] INFO  impl.FollowerState (FollowerState.java:run(117)) - c652e2ee-3322-4406-8db6-1ea643cb3197@group-7E32184879DE-FollowerState was interrupted: java.lang.InterruptedException: sleep interrupted
2019-10-18 11:25:41,790 [grpc-default-executor-3] INFO  impl.RoleInfo (RoleInfo.java:updateAndGet(143)) - c652e2ee-3322-4406-8db6-1ea643cb3197: start FollowerState
2019-10-18 11:25:41,813 [f535bb4a-cba0-4f9b-9e3e-e4a48b3eda51@group-7E32184879DE-LeaderElection551] INFO  impl.LeaderElection (LeaderElection.java:logAndReturn(56)) - f535bb4a-cba0-4f9b-9e3e-e4a48b3eda51@group-7E32184879DE-LeaderElection551: Election REJECTED; received 2 response(s) [f535bb4a-cba0-4f9b-9e3e-e4a48b3eda51<-54aabb14-4a7d-4ab3-adbe-2e67760b87f4#0:FAIL-t647, f535bb4a-cba0-4f9b-9e3e-e4a48b3eda51<-c652e2ee-3322-4406-8db6-1ea643cb3197#0:FAIL-t647] and 0 exception(s); f535bb4a-cba0-4f9b-9e3e-e4a48b3eda51@group-7E32184879DE:t647, leader=null, voted=f535bb4a-cba0-4f9b-9e3e-e4a48b3eda51, raftlog=f535bb4a-cba0-4f9b-9e3e-e4a48b3eda51@group-7E32184879DE-SegmentedRaftLog:OPENED:c-1,f-1,i0, conf=-1: [f535bb4a-cba0-4f9b-9e3e-e4a48b3eda51:0.0.0.0:44706, 54aabb14-4a7d-4ab3-adbe-2e67760b87f4:0.0.0.0:43074, c652e2ee-3322-4406-8db6-1ea643cb3197:0.0.0.0:42129], old=null
2019-10-18 11:25:41,813 [f535bb4a-cba0-4f9b-9e3e-e4a48b3eda51@group-7E32184879DE-LeaderElection551] INFO  impl.RaftServerImpl (RaftServerImpl.java:setRole(184)) - f535bb4a-cba0-4f9b-9e3e-e4a48b3eda51@group-7E32184879DE: changes role from CANDIDATE to FOLLOWER at term 647 for DISCOVERED_A_NEW_TERM
2019-10-18 11:25:41,814 [f535bb4a-cba0-4f9b-9e3e-e4a48b3eda51@group-7E32184879DE-LeaderElection551] INFO  impl.RoleInfo (RoleInfo.java:shutdownLeaderElection(134)) - f535bb4a-cba0-4f9b-9e3e-e4a48b3eda51: shutdown LeaderElection
2019-10-18 11:25:41,814 [f535bb4a-cba0-4f9b-9e3e-e4a48b3eda51@group-7E32184879DE-LeaderElection551] INFO  impl.RoleInfo (RoleInfo.java:updateAndGet(143)) - f535bb4a-cba0-4f9b-9e3e-e4a48b3eda51: start FollowerState
2019-10-18 11:25:41,968 [Thread-3903] INFO  impl.FollowerState (FollowerState.java:run(108)) - f535bb4a-cba0-4f9b-9e3e-e4a48b3eda51@group-7E32184879DE-FollowerState: change to CANDIDATE, lastRpcTime:154ms, electionTimeout:154ms
2019-10-18 11:25:41,968 [Thread-3903] INFO  impl.RoleInfo (RoleInfo.java:shutdownFollowerState(121)) - f535bb4a-cba0-4f9b-9e3e-e4a48b3eda51: shutdown FollowerState
2019-10-18 11:25:41,968 [Thread-3903] INFO  impl.RaftServerImpl (RaftServerImpl.java:setRole(184)) - f535bb4a-cba0-4f9b-9e3e-e4a48b3eda51@group-7E32184879DE: changes role from  FOLLOWER to CANDIDATE at term 647 for changeToCandidate
2019-10-18 11:25:41,969 [Thread-3903] INFO  impl.RoleInfo (RoleInfo.java:updateAndGet(143)) - f535bb4a-cba0-4f9b-9e3e-e4a48b3eda51: start LeaderElection
2019-10-18 11:25:41,997 [f535bb4a-cba0-4f9b-9e3e-e4a48b3eda51@group-7E32184879DE-LeaderElection552] INFO  impl.LeaderElection (LeaderElection.java:askForVotes(178)) - f535bb4a-cba0-4f9b-9e3e-e4a48b3eda51@group-7E32184879DE-LeaderElection552: begin an election at term 648 for -1: [f535bb4a-cba0-4f9b-9e3e-e4a48b3eda51:0.0.0.0:44706, 54aabb14-4a7d-4ab3-adbe-2e67760b87f4:0.0.0.0:43074, c652e2ee-3322-4406-8db6-1ea643cb3197:0.0.0.0:42129], old=null
2019-10-18 11:25:41,999 [grpc-default-executor-0] INFO  impl.RaftServerImpl (RaftServerImpl.java:setRole(184)) - 54aabb14-4a7d-4ab3-adbe-2e67760b87f4@group-7E32184879DE: changes role from  FOLLOWER to FOLLOWER at term 648 for recognizeCandidate:f535bb4a-cba0-4f9b-9e3e-e4a48b3eda51
2019-10-18 11:25:41,999 [grpc-default-executor-0] INFO  impl.RoleInfo (RoleInfo.java:shutdownFollowerState(121)) - 54aabb14-4a7d-4ab3-adbe-2e67760b87f4: shutdown FollowerState
2019-10-18 11:25:41,999 [grpc-default-executor-3] INFO  impl.RaftServerImpl (RaftServerImpl.java:setRole(184)) - c652e2ee-3322-4406-8db6-1ea643cb3197@group-7E32184879DE: changes role from  FOLLOWER to FOLLOWER at term 648 for recognizeCandidate:f535bb4a-cba0-4f9b-9e3e-e4a48b3eda51
2019-10-18 11:25:41,999 [Thread-3901] INFO  impl.FollowerState (FollowerState.java:run(117)) - 54aabb14-4a7d-4ab3-adbe-2e67760b87f4@group-7E32184879DE-FollowerState was interrupted: java.lang.InterruptedException: sleep interrupted
2019-10-18 11:25:41,999 [grpc-default-executor-0] INFO  impl.RoleInfo (RoleInfo.java:updateAndGet(143)) - 54aabb14-4a7d-4ab3-adbe-2e67760b87f4: start FollowerState
2019-10-18 11:25:41,999 [grpc-default-executor-3] INFO  impl.RoleInfo (RoleInfo.java:shutdownFollowerState(121)) - c652e2ee-3322-4406-8db6-1ea643cb3197: shutdown FollowerState
2019-10-18 11:25:41,999 [grpc-default-executor-3] INFO  impl.RoleInfo (RoleInfo.java:updateAndGet(143)) - c652e2ee-3322-4406-8db6-1ea643cb3197: start FollowerState
2019-10-18 11:25:41,999 [Thread-3902] INFO  impl.FollowerState (FollowerState.java:run(117)) - c652e2ee-3322-4406-8db6-1ea643cb3197@group-7E32184879DE-FollowerState was interrupted: java.lang.InterruptedException: sleep interrupted
2019-10-18 11:25:42,022 [f535bb4a-cba0-4f9b-9e3e-e4a48b3eda51@group-7E32184879DE-LeaderElection552] INFO  impl.LeaderElection (LeaderElection.java:logAndReturn(56)) - f535bb4a-cba0-4f9b-9e3e-e4a48b3eda51@group-7E32184879DE-LeaderElection552: Election REJECTED; received 2 response(s) [f535bb4a-cba0-4f9b-9e3e-e4a48b3eda51<-54aabb14-4a7d-4ab3-adbe-2e67760b87f4#0:FAIL-t648, f535bb4a-cba0-4f9b-9e3e-e4a48b3eda51<-c652e2ee-3322-4406-8db6-1ea643cb3197#0:FAIL-t648] and 0 exception(s); f535bb4a-cba0-4f9b-9e3e-e4a48b3eda51@group-7E32184879DE:t648, leader=null, voted=f535bb4a-cba0-4f9b-9e3e-e4a48b3eda51, raftlog=f535bb4a-cba0-4f9b-9e3e-e4a48b3eda51@group-7E32184879DE-SegmentedRaftLog:OPENED:c-1,f-1,i0, conf=-1: [f535bb4a-cba0-4f9b-9e3e-e4a48b3eda51:0.0.0.0:44706, 54aabb14-4a7d-4ab3-adbe-2e67760b87f4:0.0.0.0:43074, c652e2ee-3322-4406-8db6-1ea643cb3197:0.0.0.0:42129], old=null
2019-10-18 11:25:42,023 [f535bb4a-cba0-4f9b-9e3e-e4a48b3eda51@group-7E32184879DE-LeaderElection552] INFO  impl.RaftServerImpl (RaftServerImpl.java:setRole(184)) - f535bb4a-cba0-4f9b-9e3e-e4a48b3eda51@group-7E32184879DE: changes role from CANDIDATE to FOLLOWER at term 648 for DISCOVERED_A_NEW_TERM
2019-10-18 11:25:42,023 [f535bb4a-cba0-4f9b-9e3e-e4a48b3eda51@group-7E32184879DE-LeaderElection552] INFO  impl.RoleInfo (RoleInfo.java:shutdownLeaderElection(134)) - f535bb4a-cba0-4f9b-9e3e-e4a48b3eda51: shutdown LeaderElection
2019-10-18 11:25:42,023 [f535bb4a-cba0-4f9b-9e3e-e4a48b3eda51@group-7E32184879DE-LeaderElection552] INFO  impl.RoleInfo (RoleInfo.java:updateAndGet(143)) - f535bb4a-cba0-4f9b-9e3e-e4a48b3eda51: start FollowerState
2019-10-18 11:25:42,184 [Thread-3909] INFO  impl.FollowerState (FollowerState.java:run(108)) - f535bb4a-cba0-4f9b-9e3e-e4a48b3eda51@group-7E32184879DE-FollowerState: change to CANDIDATE, lastRpcTime:161ms, electionTimeout:161ms
2019-10-18 11:25:42,185 [Thread-3909] INFO  impl.RoleInfo (RoleInfo.java:shutdownFollowerState(121)) - f535bb4a-cba0-4f9b-9e3e-e4a48b3eda51: shutdown FollowerState
2019-10-18 11:25:42,185 [Thread-3909] INFO  impl.RaftServerImpl (RaftServerImpl.java:setRole(184)) - f535bb4a-cba0-4f9b-9e3e-e4a48b3eda51@group-7E32184879DE: changes role from  FOLLOWER to CANDIDATE at term 648 for changeToCandidate
2019-10-18 11:25:42,185 [Thread-3909] INFO  impl.RoleInfo (RoleInfo.java:updateAndGet(143)) - f535bb4a-cba0-4f9b-9e3e-e4a48b3eda51: start LeaderElection
2019-10-18 11:25:42,214 [f535bb4a-cba0-4f9b-9e3e-e4a48b3eda51@group-7E32184879DE-LeaderElection553] INFO  impl.LeaderElection (LeaderElection.java:askForVotes(178)) - f535bb4a-cba0-4f9b-9e3e-e4a48b3eda51@group-7E32184879DE-LeaderElection553: begin an election at term 649 for -1: [f535bb4a-cba0-4f9b-9e3e-e4a48b3eda51:0.0.0.0:44706, 54aabb14-4a7d-4ab3-adbe-2e67760b87f4:0.0.0.0:43074, c652e2ee-3322-4406-8db6-1ea643cb3197:0.0.0.0:42129], old=null
2019-10-18 11:25:42,215 [grpc-default-executor-3] INFO  impl.RaftServerImpl (RaftServerImpl.java:setRole(184)) - c652e2ee-3322-4406-8db6-1ea643cb3197@group-7E32184879DE: changes role from  FOLLOWER to FOLLOWER at term 649 for recognizeCandidate:f535bb4a-cba0-4f9b-9e3e-e4a48b3eda51
2019-10-18 11:25:42,216 [grpc-default-executor-3] INFO  impl.RoleInfo (RoleInfo.java:shutdownFollowerState(121)) - c652e2ee-3322-4406-8db6-1ea643cb3197: shutdown FollowerState
2019-10-18 11:25:42,215 [grpc-default-executor-0] INFO  impl.RaftServerImpl (RaftServerImpl.java:setRole(184)) - 54aabb14-4a7d-4ab3-adbe-2e67760b87f4@group-7E32184879DE: changes role from  FOLLOWER to FOLLOWER at term 649 for recognizeCandidate:f535bb4a-cba0-4f9b-9e3e-e4a48b3eda51
2019-10-18 11:25:42,216 [Thread-3908] INFO  impl.FollowerState (FollowerState.java:run(117)) - c652e2ee-3322-4406-8db6-1ea643cb3197@group-7E32184879DE-FollowerState was interrupted: java.lang.InterruptedException: sleep interrupted
2019-10-18 11:25:42,216 [grpc-default-executor-3] INFO  impl.RoleInfo (RoleInfo.java:updateAndGet(143)) - c652e2ee-3322-4406-8db6-1ea643cb3197: start FollowerState
2019-10-18 11:25:42,216 [grpc-default-executor-0] INFO  impl.RoleInfo (RoleInfo.java:shutdownFollowerState(121)) - 54aabb14-4a7d-4ab3-adbe-2e67760b87f4: shutdown FollowerState
2019-10-18 11:25:42,216 [grpc-default-executor-0] INFO  impl.RoleInfo (RoleInfo.java:updateAndGet(143)) - 54aabb14-4a7d-4ab3-adbe-2e67760b87f4: start FollowerState
2019-10-18 11:25:42,216 [Thread-3907] INFO  impl.FollowerState (FollowerState.java:run(117)) - 54aabb14-4a7d-4ab3-adbe-2e67760b87f4@group-7E32184879DE-FollowerState was interrupted: java.lang.InterruptedException: sleep interrupted
2019-10-18 11:25:42,239 [f535bb4a-cba0-4f9b-9e3e-e4a48b3eda51@group-7E32184879DE-LeaderElection553] INFO  impl.LeaderElection (LeaderElection.java:logAndReturn(56)) - f535bb4a-cba0-4f9b-9e3e-e4a48b3eda51@group-7E32184879DE-LeaderElection553: Election REJECTED; received 2 response(s) [f535bb4a-cba0-4f9b-9e3e-e4a48b3eda51<-54aabb14-4a7d-4ab3-adbe-2e67760b87f4#0:FAIL-t649, f535bb4a-cba0-4f9b-9e3e-e4a48b3eda51<-c652e2ee-3322-4406-8db6-1ea643cb3197#0:FAIL-t649] and 0 exception(s); f535bb4a-cba0-4f9b-9e3e-e4a48b3eda51@group-7E32184879DE:t649, leader=null, voted=f535bb4a-cba0-4f9b-9e3e-e4a48b3eda51, raftlog=f535bb4a-cba0-4f9b-9e3e-e4a48b3eda51@group-7E32184879DE-SegmentedRaftLog:OPENED:c-1,f-1,i0, conf=-1: [f535bb4a-cba0-4f9b-9e3e-e4a48b3eda51:0.0.0.0:44706, 54aabb14-4a7d-4ab3-adbe-2e67760b87f4:0.0.0.0:43074, c652e2ee-3322-4406-8db6-1ea643cb3197:0.0.0.0:42129], old=null
2019-10-18 11:25:42,240 [f535bb4a-cba0-4f9b-9e3e-e4a48b3eda51@group-7E32184879DE-LeaderElection553] INFO  impl.RaftServerImpl (RaftServerImpl.java:setRole(184)) - f535bb4a-cba0-4f9b-9e3e-e4a48b3eda51@group-7E32184879DE: changes role from CANDIDATE to FOLLOWER at term 649 for DISCOVERED_A_NEW_TERM
2019-10-18 11:25:42,240 [f535bb4a-cba0-4f9b-9e3e-e4a48b3eda51@group-7E32184879DE-LeaderElection553] INFO  impl.RoleInfo (RoleInfo.java:shutdownLeaderElection(134)) - f535bb4a-cba0-4f9b-9e3e-e4a48b3eda51: shutdown LeaderElection
2019-10-18 11:25:42,240 [f535bb4a-cba0-4f9b-9e3e-e4a48b3eda51@group-7E32184879DE-LeaderElection553] INFO  impl.RoleInfo (RoleInfo.java:updateAndGet(143)) - f535bb4a-cba0-4f9b-9e3e-e4a48b3eda51: start FollowerState
2019-10-18 11:25:42,358 [Thread-3915] INFO  impl.FollowerState (FollowerState.java:run(108)) - f535bb4a-cba0-4f9b-9e3e-e4a48b3eda51@group-7E32184879DE-FollowerState: change to CANDIDATE, lastRpcTime:118ms, electionTimeout:118ms
2019-10-18 11:25:42,358 [Thread-3915] INFO  impl.RoleInfo (RoleInfo.java:shutdownFollowerState(121)) - f535bb4a-cba0-4f9b-9e3e-e4a48b3eda51: shutdown FollowerState
2019-10-18 11:25:42,359 [Thread-3915] INFO  impl.RaftServerImpl (RaftServerImpl.java:setRole(184)) - f535bb4a-cba0-4f9b-9e3e-e4a48b3eda51@group-7E32184879DE: changes role from  FOLLOWER to CANDIDATE at term 649 for changeToCandidate
2019-10-18 11:25:42,359 [Thread-3915] INFO  impl.RoleInfo (RoleInfo.java:updateAndGet(143)) - f535bb4a-cba0-4f9b-9e3e-e4a48b3eda51: start LeaderElection
2019-10-18 11:25:42,389 [f535bb4a-cba0-4f9b-9e3e-e4a48b3eda51@group-7E32184879DE-LeaderElection554] INFO  impl.LeaderElection (LeaderElection.java:askForVotes(178)) - f535bb4a-cba0-4f9b-9e3e-e4a48b3eda51@group-7E32184879DE-LeaderElection554: begin an election at term 650 for -1: [f535bb4a-cba0-4f9b-9e3e-e4a48b3eda51:0.0.0.0:44706, 54aabb14-4a7d-4ab3-adbe-2e67760b87f4:0.0.0.0:43074, c652e2ee-3322-4406-8db6-1ea643cb3197:0.0.0.0:42129], old=null
2019-10-18 11:25:42,392 [grpc-default-executor-3] INFO  impl.RaftServerImpl (RaftServerImpl.java:setRole(184)) - 54aabb14-4a7d-4ab3-adbe-2e67760b87f4@group-7E32184879DE: changes role from  FOLLOWER to FOLLOWER at term 650 for recognizeCandidate:f535bb4a-cba0-4f9b-9e3e-e4a48b3eda51
2019-10-18 11:25:42,392 [grpc-default-executor-0] INFO  impl.RaftServerImpl (RaftServerImpl.java:setRole(184)) - c652e2ee-3322-4406-8db6-1ea643cb3197@group-7E32184879DE: changes role from  FOLLOWER to FOLLOWER at term 650 for recognizeCandidate:f535bb4a-cba0-4f9b-9e3e-e4a48b3eda51
2019-10-18 11:25:42,392 [grpc-default-executor-0] INFO  impl.RoleInfo (RoleInfo.java:shutdownFollowerState(121)) - c652e2ee-3322-4406-8db6-1ea643cb3197: shutdown FollowerState
2019-10-18 11:25:42,392 [grpc-default-executor-3] INFO  impl.RoleInfo (RoleInfo.java:shutdownFollowerState(121)) - 54aabb14-4a7d-4ab3-adbe-2e67760b87f4: shutdown FollowerState
2019-10-18 11:25:42,392 [Thread-3913] INFO  impl.FollowerState (FollowerState.java:run(117)) - c652e2ee-3322-4406-8db6-1ea643cb3197@group-7E32184879DE-FollowerState was interrupted: java.lang.InterruptedException: sleep interrupted
2019-10-18 11:25:42,392 [grpc-default-executor-0] INFO  impl.RoleInfo (RoleInfo.java:updateAndGet(143)) - c652e2ee-3322-4406-8db6-1ea643cb3197: start FollowerState
2019-10-18 11:25:42,393 [grpc-default-executor-3] INFO  impl.RoleInfo (RoleInfo.java:updateAndGet(143)) - 54aabb14-4a7d-4ab3-adbe-2e67760b87f4: start FollowerState
2019-10-18 11:25:42,393 [Thread-3914] INFO  impl.FollowerState (FollowerState.java:run(117)) - 54aabb14-4a7d-4ab3-adbe-2e67760b87f4@group-7E32184879DE-FollowerState was interrupted: java.lang.InterruptedException: sleep interrupted
2019-10-18 11:25:42,416 [f535bb4a-cba0-4f9b-9e3e-e4a48b3eda51@group-7E32184879DE-LeaderElection554] INFO  impl.LeaderElection (LeaderElection.java:logAndReturn(56)) - f535bb4a-cba0-4f9b-9e3e-e4a48b3eda51@group-7E32184879DE-LeaderElection554: Election REJECTED; received 2 response(s) [f535bb4a-cba0-4f9b-9e3e-e4a48b3eda51<-54aabb14-4a7d-4ab3-adbe-2e67760b87f4#0:FAIL-t650, f535bb4a-cba0-4f9b-9e3e-e4a48b3eda51<-c652e2ee-3322-4406-8db6-1ea643cb3197#0:FAIL-t650] and 0 exception(s); f535bb4a-cba0-4f9b-9e3e-e4a48b3eda51@group-7E32184879DE:t650, leader=null, voted=f535bb4a-cba0-4f9b-9e3e-e4a48b3eda51, raftlog=f535bb4a-cba0-4f9b-9e3e-e4a48b3eda51@group-7E32184879DE-SegmentedRaftLog:OPENED:c-1,f-1,i0, conf=-1: [f535bb4a-cba0-4f9b-9e3e-e4a48b3eda51:0.0.0.0:44706, 54aabb14-4a7d-4ab3-adbe-2e67760b87f4:0.0.0.0:43074, c652e2ee-3322-4406-8db6-1ea643cb3197:0.0.0.0:42129], old=null
2019-10-18 11:25:42,416 [f535bb4a-cba0-4f9b-9e3e-e4a48b3eda51@group-7E32184879DE-LeaderElection554] INFO  impl.RaftServerImpl (RaftServerImpl.java:setRole(184)) - f535bb4a-cba0-4f9b-9e3e-e4a48b3eda51@group-7E32184879DE: changes role from CANDIDATE to FOLLOWER at term 650 for DISCOVERED_A_NEW_TERM
2019-10-18 11:25:42,416 [f535bb4a-cba0-4f9b-9e3e-e4a48b3eda51@group-7E32184879DE-LeaderElection554] INFO  impl.RoleInfo (RoleInfo.java:shutdownLeaderElection(134)) - f535bb4a-cba0-4f9b-9e3e-e4a48b3eda51: shutdown LeaderElection
2019-10-18 11:25:42,416 [f535bb4a-cba0-4f9b-9e3e-e4a48b3eda51@group-7E32184879DE-LeaderElection554] INFO  impl.RoleInfo (RoleInfo.java:updateAndGet(143)) - f535bb4a-cba0-4f9b-9e3e-e4a48b3eda51: start FollowerState
2019-10-18 11:25:42,534 [Thread-3921] INFO  impl.FollowerState (FollowerState.java:run(108)) - f535bb4a-cba0-4f9b-9e3e-e4a48b3eda51@group-7E32184879DE-FollowerState: change to CANDIDATE, lastRpcTime:118ms, electionTimeout:118ms
2019-10-18 11:25:42,534 [Thread-3921] INFO  impl.RoleInfo (RoleInfo.java:shutdownFollowerState(121)) - f535bb4a-cba0-4f9b-9e3e-e4a48b3eda51: shutdown FollowerState
2019-10-18 11:25:42,535 [Thread-3921] INFO  impl.RaftServerImpl (RaftServerImpl.java:setRole(184)) - f535bb4a-cba0-4f9b-9e3e-e4a48b3eda51@group-7E32184879DE: changes role from  FOLLOWER to CANDIDATE at term 650 for changeToCandidate
2019-10-18 11:25:42,535 [Thread-3921] INFO  impl.RoleInfo (RoleInfo.java:updateAndGet(143)) - f535bb4a-cba0-4f9b-9e3e-e4a48b3eda51: start LeaderElection
2019-10-18 11:25:42,566 [f535bb4a-cba0-4f9b-9e3e-e4a48b3eda51@group-7E32184879DE-LeaderElection555] INFO  impl.LeaderElection (LeaderElection.java:askForVotes(178)) - f535bb4a-cba0-4f9b-9e3e-e4a48b3eda51@group-7E32184879DE-LeaderElection555: begin an election at term 651 for -1: [f535bb4a-cba0-4f9b-9e3e-e4a48b3eda51:0.0.0.0:44706, 54aabb14-4a7d-4ab3-adbe-2e67760b87f4:0.0.0.0:43074, c652e2ee-3322-4406-8db6-1ea643cb3197:0.0.0.0:42129], old=null
2019-10-18 11:25:42,568 [grpc-default-executor-0] INFO  impl.RaftServerImpl (RaftServerImpl.java:setRole(184)) - 54aabb14-4a7d-4ab3-adbe-2e67760b87f4@group-7E32184879DE: changes role from  FOLLOWER to FOLLOWER at term 651 for recognizeCandidate:f535bb4a-cba0-4f9b-9e3e-e4a48b3eda51
2019-10-18 11:25:42,568 [grpc-default-executor-0] INFO  impl.RoleInfo (RoleInfo.java:shutdownFollowerState(121)) - 54aabb14-4a7d-4ab3-adbe-2e67760b87f4: shutdown FollowerState
2019-10-18 11:25:42,568 [grpc-default-executor-3] INFO  impl.RaftServerImpl (RaftServerImpl.java:setRole(184)) - c652e2ee-3322-4406-8db6-1ea643cb3197@group-7E32184879DE: changes role from  FOLLOWER to FOLLOWER at term 651 for recognizeCandidate:f535bb4a-cba0-4f9b-9e3e-e4a48b3eda51
2019-10-18 11:25:42,569 [grpc-default-executor-3] INFO  impl.RoleInfo (RoleInfo.java:shutdownFollowerState(121)) - c652e2ee-3322-4406-8db6-1ea643cb3197: shutdown FollowerState
2019-10-18 11:25:42,569 [grpc-default-executor-3] INFO  impl.RoleInfo (RoleInfo.java:updateAndGet(143)) - c652e2ee-3322-4406-8db6-1ea643cb3197: start FollowerState
2019-10-18 11:25:42,569 [Thread-3920] INFO  impl.FollowerState (FollowerState.java:run(117)) - 54aabb14-4a7d-4ab3-adbe-2e67760b87f4@group-7E32184879DE-FollowerState was interrupted: java.lang.InterruptedException: sleep interrupted
2019-10-18 11:25:42,568 [grpc-default-executor-0] INFO  impl.RoleInfo (RoleInfo.java:updateAndGet(143)) - 54aabb14-4a7d-4ab3-adbe-2e67760b87f4: start FollowerState
2019-10-18 11:25:42,569 [Thread-3919] INFO  impl.FollowerState (FollowerState.java:run(117)) - c652e2ee-3322-4406-8db6-1ea643cb3197@group-7E32184879DE-FollowerState was interrupted: java.lang.InterruptedException: sleep interrupted
2019-10-18 11:25:42,595 [f535bb4a-cba0-4f9b-9e3e-e4a48b3eda51@group-7E32184879DE-LeaderElection555] INFO  impl.LeaderElection (LeaderElection.java:logAndReturn(56)) - f535bb4a-cba0-4f9b-9e3e-e4a48b3eda51@group-7E32184879DE-LeaderElection555: Election REJECTED; received 2 response(s) [f535bb4a-cba0-4f9b-9e3e-e4a48b3eda51<-54aabb14-4a7d-4ab3-adbe-2e67760b87f4#0:FAIL-t651, f535bb4a-cba0-4f9b-9e3e-e4a48b3eda51<-c652e2ee-3322-4406-8db6-1ea643cb3197#0:FAIL-t651] and 0 exception(s); f535bb4a-cba0-4f9b-9e3e-e4a48b3eda51@group-7E32184879DE:t651, leader=null, voted=f535bb4a-cba0-4f9b-9e3e-e4a48b3eda51, raftlog=f535bb4a-cba0-4f9b-9e3e-e4a48b3eda51@group-7E32184879DE-SegmentedRaftLog:OPENED:c-1,f-1,i0, conf=-1: [f535bb4a-cba0-4f9b-9e3e-e4a48b3eda51:0.0.0.0:44706, 54aabb14-4a7d-4ab3-adbe-2e67760b87f4:0.0.0.0:43074, c652e2ee-3322-4406-8db6-1ea643cb3197:0.0.0.0:42129], old=null
2019-10-18 11:25:42,595 [f535bb4a-cba0-4f9b-9e3e-e4a48b3eda51@group-7E32184879DE-LeaderElection555] INFO  impl.RaftServerImpl (RaftServerImpl.java:setRole(184)) - f535bb4a-cba0-4f9b-9e3e-e4a48b3eda51@group-7E32184879DE: changes role from CANDIDATE to FOLLOWER at term 651 for DISCOVERED_A_NEW_TERM
2019-10-18 11:25:42,595 [f535bb4a-cba0-4f9b-9e3e-e4a48b3eda51@group-7E32184879DE-LeaderElection555] INFO  impl.RoleInfo (RoleInfo.java:shutdownLeaderElection(134)) - f535bb4a-cba0-4f9b-9e3e-e4a48b3eda51: shutdown LeaderElection
2019-10-18 11:25:42,596 [f535bb4a-cba0-4f9b-9e3e-e4a48b3eda51@group-7E32184879DE-LeaderElection555] INFO  impl.RoleInfo (RoleInfo.java:updateAndGet(143)) - f535bb4a-cba0-4f9b-9e3e-e4a48b3eda51: start FollowerState
2019-10-18 11:25:42,790 [Thread-3927] INFO  impl.FollowerState (FollowerState.java:run(108)) - f535bb4a-cba0-4f9b-9e3e-e4a48b3eda51@group-7E32184879DE-FollowerState: change to CANDIDATE, lastRpcTime:194ms, electionTimeout:194ms
2019-10-18 11:25:42,790 [Thread-3927] INFO  impl.RoleInfo (RoleInfo.java:shutdownFollowerState(121)) - f535bb4a-cba0-4f9b-9e3e-e4a48b3eda51: shutdown FollowerState
2019-10-18 11:25:42,791 [Thread-3927] INFO  impl.RaftServerImpl (RaftServerImpl.java:setRole(184)) - f535bb4a-cba0-4f9b-9e3e-e4a48b3eda51@group-7E32184879DE: changes role from  FOLLOWER to CANDIDATE at term 651 for changeToCandidate
2019-10-18 11:25:42,791 [Thread-3927] INFO  impl.RoleInfo (RoleInfo.java:updateAndGet(143)) - f535bb4a-cba0-4f9b-9e3e-e4a48b3eda51: start LeaderElection
2019-10-18 11:25:42,817 [f535bb4a-cba0-4f9b-9e3e-e4a48b3eda51@group-7E32184879DE-LeaderElection556] INFO  impl.LeaderElection (LeaderElection.java:askForVotes(178)) - f535bb4a-cba0-4f9b-9e3e-e4a48b3eda51@group-7E32184879DE-LeaderElection556: begin an election at term 652 for -1: [f535bb4a-cba0-4f9b-9e3e-e4a48b3eda51:0.0.0.0:44706, 54aabb14-4a7d-4ab3-adbe-2e67760b87f4:0.0.0.0:43074, c652e2ee-3322-4406-8db6-1ea643cb3197:0.0.0.0:42129], old=null
2019-10-18 11:25:42,819 [grpc-default-executor-0] INFO  impl.RaftServerImpl (RaftServerImpl.java:setRole(184)) - c652e2ee-3322-4406-8db6-1ea643cb3197@group-7E32184879DE: changes role from  FOLLOWER to FOLLOWER at term 652 for recognizeCandidate:f535bb4a-cba0-4f9b-9e3e-e4a48b3eda51
2019-10-18 11:25:42,820 [grpc-default-executor-0] INFO  impl.RoleInfo (RoleInfo.java:shutdownFollowerState(121)) - c652e2ee-3322-4406-8db6-1ea643cb3197: shutdown FollowerState
2019-10-18 11:25:42,819 [grpc-default-executor-3] INFO  impl.RaftServerImpl (RaftServerImpl.java:setRole(184)) - 54aabb14-4a7d-4ab3-adbe-2e67760b87f4@group-7E32184879DE: changes role from  FOLLOWER to FOLLOWER at term 652 for recognizeCandidate:f535bb4a-cba0-4f9b-9e3e-e4a48b3eda51
2019-10-18 11:25:42,820 [Thread-3926] INFO  impl.FollowerState (FollowerState.java:run(117)) - c652e2ee-3322-4406-8db6-1ea643cb3197@group-7E32184879DE-FollowerState was interrupted: java.lang.InterruptedException: sleep interrupted
2019-10-18 11:25:42,820 [grpc-default-executor-0] INFO  impl.RoleInfo (RoleInfo.java:updateAndGet(143)) - c652e2ee-3322-4406-8db6-1ea643cb3197: start FollowerState
2019-10-18 11:25:42,820 [grpc-default-executor-3] INFO  impl.RoleInfo (RoleInfo.java:shutdownFollowerState(121)) - 54aabb14-4a7d-4ab3-adbe-2e67760b87f4: shutdown FollowerState
2019-10-18 11:25:42,821 [grpc-default-executor-3] INFO  impl.RoleInfo (RoleInfo.java:updateAndGet(143)) - 54aabb14-4a7d-4ab3-adbe-2e67760b87f4: start FollowerState
2019-10-18 11:25:42,821 [Thread-3925] INFO  impl.FollowerState (FollowerState.java:run(117)) - 54aabb14-4a7d-4ab3-adbe-2e67760b87f4@group-7E32184879DE-FollowerState was interrupted: java.lang.InterruptedException: sleep interrupted
2019-10-18 11:25:42,843 [f535bb4a-cba0-4f9b-9e3e-e4a48b3eda51@group-7E32184879DE-LeaderElection556] INFO  impl.LeaderElection (LeaderElection.java:logAndReturn(56)) - f535bb4a-cba0-4f9b-9e3e-e4a48b3eda51@group-7E32184879DE-LeaderElection556: Election REJECTED; received 2 response(s) [f535bb4a-cba0-4f9b-9e3e-e4a48b3eda51<-54aabb14-4a7d-4ab3-adbe-2e67760b87f4#0:FAIL-t652, f535bb4a-cba0-4f9b-9e3e-e4a48b3eda51<-c652e2ee-3322-4406-8db6-1ea643cb3197#0:FAIL-t652] and 0 exception(s); f535bb4a-cba0-4f9b-9e3e-e4a48b3eda51@group-7E32184879DE:t652, leader=null, voted=f535bb4a-cba0-4f9b-9e3e-e4a48b3eda51, raftlog=f535bb4a-cba0-4f9b-9e3e-e4a48b3eda51@group-7E32184879DE-SegmentedRaftLog:OPENED:c-1,f-1,i0, conf=-1: [f535bb4a-cba0-4f9b-9e3e-e4a48b3eda51:0.0.0.0:44706, 54aabb14-4a7d-4ab3-adbe-2e67760b87f4:0.0.0.0:43074, c652e2ee-3322-4406-8db6-1ea643cb3197:0.0.0.0:42129], old=null
2019-10-18 11:25:42,843 [f535bb4a-cba0-4f9b-9e3e-e4a48b3eda51@group-7E32184879DE-LeaderElection556] INFO  impl.RaftServerImpl (RaftServerImpl.java:setRole(184)) - f535bb4a-cba0-4f9b-9e3e-e4a48b3eda51@group-7E32184879DE: changes role from CANDIDATE to FOLLOWER at term 652 for DISCOVERED_A_NEW_TERM
2019-10-18 11:25:42,844 [f535bb4a-cba0-4f9b-9e3e-e4a48b3eda51@group-7E32184879DE-LeaderElection556] INFO  impl.RoleInfo (RoleInfo.java:shutdownLeaderElection(134)) - f535bb4a-cba0-4f9b-9e3e-e4a48b3eda51: shutdown LeaderElection
2019-10-18 11:25:42,844 [f535bb4a-cba0-4f9b-9e3e-e4a48b3eda51@group-7E32184879DE-LeaderElection556] INFO  impl.RoleInfo (RoleInfo.java:updateAndGet(143)) - f535bb4a-cba0-4f9b-9e3e-e4a48b3eda51: start FollowerState
2019-10-18 11:25:42,952 [Thread-3935] INFO  impl.FollowerState (FollowerState.java:run(108)) - f535bb4a-cba0-4f9b-9e3e-e4a48b3eda51@group-7E32184879DE-FollowerState: change to CANDIDATE, lastRpcTime:108ms, electionTimeout:108ms
2019-10-18 11:25:42,952 [Thread-3935] INFO  impl.RoleInfo (RoleInfo.java:shutdownFollowerState(121)) - f535bb4a-cba0-4f9b-9e3e-e4a48b3eda51: shutdown FollowerState
2019-10-18 11:25:42,953 [Thread-3935] INFO  impl.RaftServerImpl (RaftServerImpl.java:setRole(184)) - f535bb4a-cba0-4f9b-9e3e-e4a48b3eda51@group-7E32184879DE: changes role from  FOLLOWER to CANDIDATE at term 652 for changeToCandidate
2019-10-18 11:25:42,953 [Thread-3935] INFO  impl.RoleInfo (RoleInfo.java:updateAndGet(143)) - f535bb4a-cba0-4f9b-9e3e-e4a48b3eda51: start LeaderElection
2019-10-18 11:25:42,985 [f535bb4a-cba0-4f9b-9e3e-e4a48b3eda51@group-7E32184879DE-LeaderElection557] INFO  impl.LeaderElection (LeaderElection.java:askForVotes(178)) - f535bb4a-cba0-4f9b-9e3e-e4a48b3eda51@group-7E32184879DE-LeaderElection557: begin an election at term 653 for -1: [f535bb4a-cba0-4f9b-9e3e-e4a48b3eda51:0.0.0.0:44706, 54aabb14-4a7d-4ab3-adbe-2e67760b87f4:0.0.0.0:43074, c652e2ee-3322-4406-8db6-1ea643cb3197:0.0.0.0:42129], old=null
2019-10-18 11:25:42,987 [grpc-default-executor-3] INFO  impl.RaftServerImpl (RaftServerImpl.java:setRole(184)) - 54aabb14-4a7d-4ab3-adbe-2e67760b87f4@group-7E32184879DE: changes role from  FOLLOWER to FOLLOWER at term 653 for recognizeCandidate:f535bb4a-cba0-4f9b-9e3e-e4a48b3eda51
2019-10-18 11:25:42,987 [grpc-default-executor-3] INFO  impl.RoleInfo (RoleInfo.java:shutdownFollowerState(121)) - 54aabb14-4a7d-4ab3-adbe-2e67760b87f4: shutdown FollowerState
2019-10-18 11:25:42,987 [grpc-default-executor-3] INFO  impl.RoleInfo (RoleInfo.java:updateAndGet(143)) - 54aabb14-4a7d-4ab3-adbe-2e67760b87f4: start FollowerState
2019-10-18 11:25:42,987 [Thread-3934] INFO  impl.FollowerState (FollowerState.java:run(117)) - 54aabb14-4a7d-4ab3-adbe-2e67760b87f4@group-7E32184879DE-FollowerState was interrupted: java.lang.InterruptedException: sleep interrupted
2019-10-18 11:25:42,987 [grpc-default-executor-0] INFO  impl.RaftServerImpl (RaftServerImpl.java:setRole(184)) - c652e2ee-3322-4406-8db6-1ea643cb3197@group-7E32184879DE: changes role from  FOLLOWER to FOLLOWER at term 653 for recognizeCandidate:f535bb4a-cba0-4f9b-9e3e-e4a48b3eda51
2019-10-18 11:25:42,988 [grpc-default-executor-0] INFO  impl.RoleInfo (RoleInfo.java:shutdownFollowerState(121)) - c652e2ee-3322-4406-8db6-1ea643cb3197: shutdown FollowerState
2019-10-18 11:25:42,988 [grpc-default-executor-0] INFO  impl.RoleInfo (RoleInfo.java:updateAndGet(143)) - c652e2ee-3322-4406-8db6-1ea643cb3197: start FollowerState
2019-10-18 11:25:42,988 [Thread-3933] INFO  impl.FollowerState (FollowerState.java:run(117)) - c652e2ee-3322-4406-8db6-1ea643cb3197@group-7E32184879DE-FollowerState was interrupted: java.lang.InterruptedException: sleep interrupted
2019-10-18 11:25:43,011 [f535bb4a-cba0-4f9b-9e3e-e4a48b3eda51@group-7E32184879DE-LeaderElection557] INFO  impl.LeaderElection (LeaderElection.java:logAndReturn(56)) - f535bb4a-cba0-4f9b-9e3e-e4a48b3eda51@group-7E32184879DE-LeaderElection557: Election REJECTED; received 2 response(s) [f535bb4a-cba0-4f9b-9e3e-e4a48b3eda51<-54aabb14-4a7d-4ab3-adbe-2e67760b87f4#0:FAIL-t653, f535bb4a-cba0-4f9b-9e3e-e4a48b3eda51<-c652e2ee-3322-4406-8db6-1ea643cb3197#0:FAIL-t653] and 0 exception(s); f535bb4a-cba0-4f9b-9e3e-e4a48b3eda51@group-7E32184879DE:t653, leader=null, voted=f535bb4a-cba0-4f9b-9e3e-e4a48b3eda51, raftlog=f535bb4a-cba0-4f9b-9e3e-e4a48b3eda51@group-7E32184879DE-SegmentedRaftLog:OPENED:c-1,f-1,i0, conf=-1: [f535bb4a-cba0-4f9b-9e3e-e4a48b3eda51:0.0.0.0:44706, 54aabb14-4a7d-4ab3-adbe-2e67760b87f4:0.0.0.0:43074, c652e2ee-3322-4406-8db6-1ea643cb3197:0.0.0.0:42129], old=null
2019-10-18 11:25:43,011 [f535bb4a-cba0-4f9b-9e3e-e4a48b3eda51@group-7E32184879DE-LeaderElection557] INFO  impl.RaftServerImpl (RaftServerImpl.java:setRole(184)) - f535bb4a-cba0-4f9b-9e3e-e4a48b3eda51@group-7E32184879DE: changes role from CANDIDATE to FOLLOWER at term 653 for DISCOVERED_A_NEW_TERM
2019-10-18 11:25:43,012 [f535bb4a-cba0-4f9b-9e3e-e4a48b3eda51@group-7E32184879DE-LeaderElection557] INFO  impl.RoleInfo (RoleInfo.java:shutdownLeaderElection(134)) - f535bb4a-cba0-4f9b-9e3e-e4a48b3eda51: shutdown LeaderElection
2019-10-18 11:25:43,012 [f535bb4a-cba0-4f9b-9e3e-e4a48b3eda51@group-7E32184879DE-LeaderElection557] INFO  impl.RoleInfo (RoleInfo.java:updateAndGet(143)) - f535bb4a-cba0-4f9b-9e3e-e4a48b3eda51: start FollowerState
2019-10-18 11:25:43,168 [Thread-3941] INFO  impl.FollowerState (FollowerState.java:run(108)) - f535bb4a-cba0-4f9b-9e3e-e4a48b3eda51@group-7E32184879DE-FollowerState: change to CANDIDATE, lastRpcTime:156ms, electionTimeout:156ms
2019-10-18 11:25:43,168 [Thread-3941] INFO  impl.RoleInfo (RoleInfo.java:shutdownFollowerState(121)) - f535bb4a-cba0-4f9b-9e3e-e4a48b3eda51: shutdown FollowerState
2019-10-18 11:25:43,168 [Thread-3941] INFO  impl.RaftServerImpl (RaftServerImpl.java:setRole(184)) - f535bb4a-cba0-4f9b-9e3e-e4a48b3eda51@group-7E32184879DE: changes role from  FOLLOWER to CANDIDATE at term 653 for changeToCandidate
2019-10-18 11:25:43,168 [Thread-3941] INFO  impl.RoleInfo (RoleInfo.java:updateAndGet(143)) - f535bb4a-cba0-4f9b-9e3e-e4a48b3eda51: start LeaderElection
2019-10-18 11:25:43,193 [f535bb4a-cba0-4f9b-9e3e-e4a48b3eda51@group-7E32184879DE-LeaderElection558] INFO  impl.LeaderElection (LeaderElection.java:askForVotes(178)) - f535bb4a-cba0-4f9b-9e3e-e4a48b3eda51@group-7E32184879DE-LeaderElection558: begin an election at term 654 for -1: [f535bb4a-cba0-4f9b-9e3e-e4a48b3eda51:0.0.0.0:44706, 54aabb14-4a7d-4ab3-adbe-2e67760b87f4:0.0.0.0:43074, c652e2ee-3322-4406-8db6-1ea643cb3197:0.0.0.0:42129], old=null
2019-10-18 11:25:43,195 [grpc-default-executor-3] INFO  impl.RaftServerImpl (RaftServerImpl.java:setRole(184)) - 54aabb14-4a7d-4ab3-adbe-2e67760b87f4@group-7E32184879DE: changes role from  FOLLOWER to FOLLOWER at term 654 for recognizeCandidate:f535bb4a-cba0-4f9b-9e3e-e4a48b3eda51
2019-10-18 11:25:43,196 [grpc-default-executor-3] INFO  impl.RoleInfo (RoleInfo.java:shutdownFollowerState(121)) - 54aabb14-4a7d-4ab3-adbe-2e67760b87f4: shutdown FollowerState
2019-10-18 11:25:43,196 [grpc-default-executor-3] INFO  impl.RoleInfo (RoleInfo.java:updateAndGet(143)) - 54aabb14-4a7d-4ab3-adbe-2e67760b87f4: start FollowerState
2019-10-18 11:25:43,196 [Thread-3939] INFO  impl.FollowerState (FollowerState.java:run(117)) - 54aabb14-4a7d-4ab3-adbe-2e67760b87f4@group-7E32184879DE-FollowerState was interrupted: java.lang.InterruptedException: sleep interrupted
2019-10-18 11:25:43,196 [grpc-default-executor-0] INFO  impl.RaftServerImpl (RaftServerImpl.java:setRole(184)) - c652e2ee-3322-4406-8db6-1ea643cb3197@group-7E32184879DE: changes role from  FOLLOWER to FOLLOWER at term 654 for recognizeCandidate:f535bb4a-cba0-4f9b-9e3e-e4a48b3eda51
2019-10-18 11:25:43,196 [grpc-default-executor-0] INFO  impl.RoleInfo (RoleInfo.java:shutdownFollowerState(121)) - c652e2ee-3322-4406-8db6-1ea643cb3197: shutdown FollowerState
2019-10-18 11:25:43,196 [grpc-default-executor-0] INFO  impl.RoleInfo (RoleInfo.java:updateAndGet(143)) - c652e2ee-3322-4406-8db6-1ea643cb3197: start FollowerState
2019-10-18 11:25:43,196 [Thread-3940] INFO  impl.FollowerState (FollowerState.java:run(117)) - c652e2ee-3322-4406-8db6-1ea643cb3197@group-7E32184879DE-FollowerState was interrupted: java.lang.InterruptedException: sleep interrupted
2019-10-18 11:25:43,199 [f535bb4a-cba0-4f9b-9e3e-e4a48b3eda51@group-7E32184879DE-LeaderElection558] INFO  impl.LeaderElection (LeaderElection.java:logAndReturn(56)) - f535bb4a-cba0-4f9b-9e3e-e4a48b3eda51@group-7E32184879DE-LeaderElection558: Election TIMEOUT; received 0 response(s) [] and 0 exception(s); f535bb4a-cba0-4f9b-9e3e-e4a48b3eda51@group-7E32184879DE:t654, leader=null, voted=f535bb4a-cba0-4f9b-9e3e-e4a48b3eda51, raftlog=f535bb4a-cba0-4f9b-9e3e-e4a48b3eda51@group-7E32184879DE-SegmentedRaftLog:OPENED:c-1,f-1,i0, conf=-1: [f535bb4a-cba0-4f9b-9e3e-e4a48b3eda51:0.0.0.0:44706, 54aabb14-4a7d-4ab3-adbe-2e67760b87f4:0.0.0.0:43074, c652e2ee-3322-4406-8db6-1ea643cb3197:0.0.0.0:42129], old=null
2019-10-18 11:25:43,219 [f535bb4a-cba0-4f9b-9e3e-e4a48b3eda51@group-7E32184879DE-LeaderElection558] INFO  impl.LeaderElection (LeaderElection.java:askForVotes(178)) - f535bb4a-cba0-4f9b-9e3e-e4a48b3eda51@group-7E32184879DE-LeaderElection558: begin an election at term 655 for -1: [f535bb4a-cba0-4f9b-9e3e-e4a48b3eda51:0.0.0.0:44706, 54aabb14-4a7d-4ab3-adbe-2e67760b87f4:0.0.0.0:43074, c652e2ee-3322-4406-8db6-1ea643cb3197:0.0.0.0:42129], old=null
2019-10-18 11:25:43,221 [grpc-default-executor-0] INFO  impl.RaftServerImpl (RaftServerImpl.java:setRole(184)) - 54aabb14-4a7d-4ab3-adbe-2e67760b87f4@group-7E32184879DE: changes role from  FOLLOWER to FOLLOWER at term 655 for recognizeCandidate:f535bb4a-cba0-4f9b-9e3e-e4a48b3eda51
2019-10-18 11:25:43,221 [grpc-default-executor-0] INFO  impl.RoleInfo (RoleInfo.java:shutdownFollowerState(121)) - 54aabb14-4a7d-4ab3-adbe-2e67760b87f4: shutdown FollowerState
2019-10-18 11:25:43,221 [grpc-default-executor-0] INFO  impl.RoleInfo (RoleInfo.java:updateAndGet(143)) - 54aabb14-4a7d-4ab3-adbe-2e67760b87f4: start FollowerState
2019-10-18 11:25:43,221 [Thread-3945] INFO  impl.FollowerState (FollowerState.java:run(117)) - 54aabb14-4a7d-4ab3-adbe-2e67760b87f4@group-7E32184879DE-FollowerState was interrupted: java.lang.InterruptedException: sleep interrupted
2019-10-18 11:25:43,221 [grpc-default-executor-3] INFO  impl.RaftServerImpl (RaftServerImpl.java:setRole(184)) - c652e2ee-3322-4406-8db6-1ea643cb3197@group-7E32184879DE: changes role from  FOLLOWER to FOLLOWER at term 655 for recognizeCandidate:f535bb4a-cba0-4f9b-9e3e-e4a48b3eda51
2019-10-18 11:25:43,222 [grpc-default-executor-3] INFO  impl.RoleInfo (RoleInfo.java:shutdownFollowerState(121)) - c652e2ee-3322-4406-8db6-1ea643cb3197: shutdown FollowerState
2019-10-18 11:25:43,222 [grpc-default-executor-3] INFO  impl.RoleInfo (RoleInfo.java:updateAndGet(143)) - c652e2ee-3322-4406-8db6-1ea643cb3197: start FollowerState
2019-10-18 11:25:43,222 [Thread-3946] INFO  impl.FollowerState (FollowerState.java:run(117)) - c652e2ee-3322-4406-8db6-1ea643cb3197@group-7E32184879DE-FollowerState was interrupted: java.lang.InterruptedException: sleep interrupted
2019-10-18 11:25:43,245 [f535bb4a-cba0-4f9b-9e3e-e4a48b3eda51@group-7E32184879DE-LeaderElection558] INFO  impl.LeaderElection (LeaderElection.java:logAndReturn(56)) - f535bb4a-cba0-4f9b-9e3e-e4a48b3eda51@group-7E32184879DE-LeaderElection558: Election REJECTED; received 2 response(s) [f535bb4a-cba0-4f9b-9e3e-e4a48b3eda51<-54aabb14-4a7d-4ab3-adbe-2e67760b87f4#0:FAIL-t655, f535bb4a-cba0-4f9b-9e3e-e4a48b3eda51<-c652e2ee-3322-4406-8db6-1ea643cb3197#0:FAIL-t655] and 0 exception(s); f535bb4a-cba0-4f9b-9e3e-e4a48b3eda51@group-7E32184879DE:t655, leader=null, voted=f535bb4a-cba0-4f9b-9e3e-e4a48b3eda51, raftlog=f535bb4a-cba0-4f9b-9e3e-e4a48b3eda51@group-7E32184879DE-SegmentedRaftLog:OPENED:c-1,f-1,i0, conf=-1: [f535bb4a-cba0-4f9b-9e3e-e4a48b3eda51:0.0.0.0:44706, 54aabb14-4a7d-4ab3-adbe-2e67760b87f4:0.0.0.0:43074, c652e2ee-3322-4406-8db6-1ea643cb3197:0.0.0.0:42129], old=null
2019-10-18 11:25:43,245 [f535bb4a-cba0-4f9b-9e3e-e4a48b3eda51@group-7E32184879DE-LeaderElection558] INFO  impl.RaftServerImpl (RaftServerImpl.java:setRole(184)) - f535bb4a-cba0-4f9b-9e3e-e4a48b3eda51@group-7E32184879DE: changes role from CANDIDATE to FOLLOWER at term 655 for DISCOVERED_A_NEW_TERM
2019-10-18 11:25:43,245 [f535bb4a-cba0-4f9b-9e3e-e4a48b3eda51@group-7E32184879DE-LeaderElection558] INFO  impl.RoleInfo (RoleInfo.java:shutdownLeaderElection(134)) - f535bb4a-cba0-4f9b-9e3e-e4a48b3eda51: shutdown LeaderElection
2019-10-18 11:25:43,245 [f535bb4a-cba0-4f9b-9e3e-e4a48b3eda51@group-7E32184879DE-LeaderElection558] INFO  impl.RoleInfo (RoleInfo.java:updateAndGet(143)) - f535bb4a-cba0-4f9b-9e3e-e4a48b3eda51: start FollowerState
2019-10-18 11:25:43,379 [Thread-3951] INFO  impl.FollowerState (FollowerState.java:run(108)) - f535bb4a-cba0-4f9b-9e3e-e4a48b3eda51@group-7E32184879DE-FollowerState: change to CANDIDATE, lastRpcTime:134ms, electionTimeout:134ms
2019-10-18 11:25:43,380 [Thread-3951] INFO  impl.RoleInfo (RoleInfo.java:shutdownFollowerState(121)) - f535bb4a-cba0-4f9b-9e3e-e4a48b3eda51: shutdown FollowerState
2019-10-18 11:25:43,380 [Thread-3951] INFO  impl.RaftServerImpl (RaftServerImpl.java:setRole(184)) - f535bb4a-cba0-4f9b-9e3e-e4a48b3eda51@group-7E32184879DE: changes role from  FOLLOWER to CANDIDATE at term 655 for changeToCandidate
2019-10-18 11:25:43,380 [Thread-3951] INFO  impl.RoleInfo (RoleInfo.java:updateAndGet(143)) - f535bb4a-cba0-4f9b-9e3e-e4a48b3eda51: start LeaderElection
2019-10-18 11:25:43,411 [f535bb4a-cba0-4f9b-9e3e-e4a48b3eda51@group-7E32184879DE-LeaderElection559] INFO  impl.LeaderElection (LeaderElection.java:askForVotes(178)) - f535bb4a-cba0-4f9b-9e3e-e4a48b3eda51@group-7E32184879DE-LeaderElection559: begin an election at term 656 for -1: [f535bb4a-cba0-4f9b-9e3e-e4a48b3eda51:0.0.0.0:44706, 54aabb14-4a7d-4ab3-adbe-2e67760b87f4:0.0.0.0:43074, c652e2ee-3322-4406-8db6-1ea643cb3197:0.0.0.0:42129], old=null
2019-10-18 11:25:43,413 [grpc-default-executor-0] INFO  impl.RaftServerImpl (RaftServerImpl.java:setRole(184)) - 54aabb14-4a7d-4ab3-adbe-2e67760b87f4@group-7E32184879DE: changes role from  FOLLOWER to FOLLOWER at term 656 for recognizeCandidate:f535bb4a-cba0-4f9b-9e3e-e4a48b3eda51
2019-10-18 11:25:43,413 [grpc-default-executor-0] INFO  impl.RoleInfo (RoleInfo.java:shutdownFollowerState(121)) - 54aabb14-4a7d-4ab3-adbe-2e67760b87f4: shutdown FollowerState
2019-10-18 11:25:43,413 [grpc-default-executor-3] INFO  impl.RaftServerImpl (RaftServerImpl.java:setRole(184)) - c652e2ee-3322-4406-8db6-1ea643cb3197@group-7E32184879DE: changes role from  FOLLOWER to FOLLOWER at term 656 for recognizeCandidate:f535bb4a-cba0-4f9b-9e3e-e4a48b3eda51
2019-10-18 11:25:43,413 [Thread-3949] INFO  impl.FollowerState (FollowerState.java:run(117)) - 54aabb14-4a7d-4ab3-adbe-2e67760b87f4@group-7E32184879DE-FollowerState was interrupted: java.lang.InterruptedException: sleep interrupted
2019-10-18 11:25:43,413 [grpc-default-executor-3] INFO  impl.RoleInfo (RoleInfo.java:shutdownFollowerState(121)) - c652e2ee-3322-4406-8db6-1ea643cb3197: shutdown FollowerState
2019-10-18 11:25:43,413 [grpc-default-executor-0] INFO  impl.RoleInfo (RoleInfo.java:updateAndGet(143)) - 54aabb14-4a7d-4ab3-adbe-2e67760b87f4: start FollowerState
2019-10-18 11:25:43,414 [Thread-3950] INFO  impl.FollowerState (FollowerState.java:run(117)) - c652e2ee-3322-4406-8db6-1ea643cb3197@group-7E32184879DE-FollowerState was interrupted: java.lang.InterruptedException: sleep interrupted
2019-10-18 11:25:43,414 [grpc-default-executor-3] INFO  impl.RoleInfo (RoleInfo.java:updateAndGet(143)) - c652e2ee-3322-4406-8db6-1ea643cb3197: start FollowerState
2019-10-18 11:25:43,438 [f535bb4a-cba0-4f9b-9e3e-e4a48b3eda51@group-7E32184879DE-LeaderElection559] INFO  impl.LeaderElection (LeaderElection.java:logAndReturn(56)) - f535bb4a-cba0-4f9b-9e3e-e4a48b3eda51@group-7E32184879DE-LeaderElection559: Election REJECTED; received 2 response(s) [f535bb4a-cba0-4f9b-9e3e-e4a48b3eda51<-54aabb14-4a7d-4ab3-adbe-2e67760b87f4#0:FAIL-t656, f535bb4a-cba0-4f9b-9e3e-e4a48b3eda51<-c652e2ee-3322-4406-8db6-1ea643cb3197#0:FAIL-t656] and 0 exception(s); f535bb4a-cba0-4f9b-9e3e-e4a48b3eda51@group-7E32184879DE:t656, leader=null, voted=f535bb4a-cba0-4f9b-9e3e-e4a48b3eda51, raftlog=f535bb4a-cba0-4f9b-9e3e-e4a48b3eda51@group-7E32184879DE-SegmentedRaftLog:OPENED:c-1,f-1,i0, conf=-1: [f535bb4a-cba0-4f9b-9e3e-e4a48b3eda51:0.0.0.0:44706, 54aabb14-4a7d-4ab3-adbe-2e67760b87f4:0.0.0.0:43074, c652e2ee-3322-4406-8db6-1ea643cb3197:0.0.0.0:42129], old=null
2019-10-18 11:25:43,438 [f535bb4a-cba0-4f9b-9e3e-e4a48b3eda51@group-7E32184879DE-LeaderElection559] INFO  impl.RaftServerImpl (RaftServerImpl.java:setRole(184)) - f535bb4a-cba0-4f9b-9e3e-e4a48b3eda51@group-7E32184879DE: changes role from CANDIDATE to FOLLOWER at term 656 for DISCOVERED_A_NEW_TERM
2019-10-18 11:25:43,438 [f535bb4a-cba0-4f9b-9e3e-e4a48b3eda51@group-7E32184879DE-LeaderElection559] INFO  impl.RoleInfo (RoleInfo.java:shutdownLeaderElection(134)) - f535bb4a-cba0-4f9b-9e3e-e4a48b3eda51: shutdown LeaderElection
2019-10-18 11:25:43,438 [f535bb4a-cba0-4f9b-9e3e-e4a48b3eda51@group-7E32184879DE-LeaderElection559] INFO  impl.RoleInfo (RoleInfo.java:updateAndGet(143)) - f535bb4a-cba0-4f9b-9e3e-e4a48b3eda51: start FollowerState
2019-10-18 11:25:43,588 [Thread-3957] INFO  impl.FollowerState (FollowerState.java:run(108)) - f535bb4a-cba0-4f9b-9e3e-e4a48b3eda51@group-7E32184879DE-FollowerState: change to CANDIDATE, lastRpcTime:150ms, electionTimeout:150ms
2019-10-18 11:25:43,589 [Thread-3957] INFO  impl.RoleInfo (RoleInfo.java:shutdownFollowerState(121)) - f535bb4a-cba0-4f9b-9e3e-e4a48b3eda51: shutdown FollowerState
2019-10-18 11:25:43,589 [Thread-3957] INFO  impl.RaftServerImpl (RaftServerImpl.java:setRole(184)) - f535bb4a-cba0-4f9b-9e3e-e4a48b3eda51@group-7E32184879DE: changes role from  FOLLOWER to CANDIDATE at term 656 for changeToCandidate
2019-10-18 11:25:43,589 [Thread-3957] INFO  impl.RoleInfo (RoleInfo.java:updateAndGet(143)) - f535bb4a-cba0-4f9b-9e3e-e4a48b3eda51: start LeaderElection
2019-10-18 11:25:43,612 [f535bb4a-cba0-4f9b-9e3e-e4a48b3eda51@group-7E32184879DE-LeaderElection560] INFO  impl.LeaderElection (LeaderElection.java:askForVotes(178)) - f535bb4a-cba0-4f9b-9e3e-e4a48b3eda51@group-7E32184879DE-LeaderElection560: begin an election at term 657 for -1: [f535bb4a-cba0-4f9b-9e3e-e4a48b3eda51:0.0.0.0:44706, 54aabb14-4a7d-4ab3-adbe-2e67760b87f4:0.0.0.0:43074, c652e2ee-3322-4406-8db6-1ea643cb3197:0.0.0.0:42129], old=null
2019-10-18 11:25:43,614 [grpc-default-executor-3] INFO  impl.RaftServerImpl (RaftServerImpl.java:setRole(184)) - 54aabb14-4a7d-4ab3-adbe-2e67760b87f4@group-7E32184879DE: changes role from  FOLLOWER to FOLLOWER at term 657 for recognizeCandidate:f535bb4a-cba0-4f9b-9e3e-e4a48b3eda51
2019-10-18 11:25:43,614 [grpc-default-executor-3] INFO  impl.RoleInfo (RoleInfo.java:shutdownFollowerState(121)) - 54aabb14-4a7d-4ab3-adbe-2e67760b87f4: shutdown FollowerState
2019-10-18 11:25:43,614 [grpc-default-executor-0] INFO  impl.RaftServerImpl (RaftServerImpl.java:setRole(184)) - c652e2ee-3322-4406-8db6-1ea643cb3197@group-7E32184879DE: changes role from  FOLLOWER to FOLLOWER at term 657 for recognizeCandidate:f535bb4a-cba0-4f9b-9e3e-e4a48b3eda51
2019-10-18 11:25:43,614 [Thread-3955] INFO  impl.FollowerState (FollowerState.java:run(117)) - 54aabb14-4a7d-4ab3-adbe-2e67760b87f4@group-7E32184879DE-FollowerState was interrupted: java.lang.InterruptedException: sleep interrupted
2019-10-18 11:25:43,614 [grpc-default-executor-3] INFO  impl.RoleInfo (RoleInfo.java:updateAndGet(143)) - 54aabb14-4a7d-4ab3-adbe-2e67760b87f4: start FollowerState
2019-10-18 11:25:43,614 [grpc-default-executor-0] INFO  impl.RoleInfo (RoleInfo.java:shutdownFollowerState(121)) - c652e2ee-3322-4406-8db6-1ea643cb3197: shutdown FollowerState
2019-10-18 11:25:43,614 [grpc-default-executor-0] INFO  impl.RoleInfo (RoleInfo.java:updateAndGet(143)) - c652e2ee-3322-4406-8db6-1ea643cb3197: start FollowerState
2019-10-18 11:25:43,614 [Thread-3956] INFO  impl.FollowerState (FollowerState.java:run(117)) - c652e2ee-3322-4406-8db6-1ea643cb3197@group-7E32184879DE-FollowerState was interrupted: java.lang.InterruptedException: sleep interrupted
2019-10-18 11:25:43,638 [f535bb4a-cba0-4f9b-9e3e-e4a48b3eda51@group-7E32184879DE-LeaderElection560] INFO  impl.LeaderElection (LeaderElection.java:logAndReturn(56)) - f535bb4a-cba0-4f9b-9e3e-e4a48b3eda51@group-7E32184879DE-LeaderElection560: Election REJECTED; received 2 response(s) [f535bb4a-cba0-4f9b-9e3e-e4a48b3eda51<-54aabb14-4a7d-4ab3-adbe-2e67760b87f4#0:FAIL-t657, f535bb4a-cba0-4f9b-9e3e-e4a48b3eda51<-c652e2ee-3322-4406-8db6-1ea643cb3197#0:FAIL-t657] and 0 exception(s); f535bb4a-cba0-4f9b-9e3e-e4a48b3eda51@group-7E32184879DE:t657, leader=null, voted=f535bb4a-cba0-4f9b-9e3e-e4a48b3eda51, raftlog=f535bb4a-cba0-4f9b-9e3e-e4a48b3eda51@group-7E32184879DE-SegmentedRaftLog:OPENED:c-1,f-1,i0, conf=-1: [f535bb4a-cba0-4f9b-9e3e-e4a48b3eda51:0.0.0.0:44706, 54aabb14-4a7d-4ab3-adbe-2e67760b87f4:0.0.0.0:43074, c652e2ee-3322-4406-8db6-1ea643cb3197:0.0.0.0:42129], old=null
2019-10-18 11:25:43,638 [f535bb4a-cba0-4f9b-9e3e-e4a48b3eda51@group-7E32184879DE-LeaderElection560] INFO  impl.RaftServerImpl (RaftServerImpl.java:setRole(184)) - f535bb4a-cba0-4f9b-9e3e-e4a48b3eda51@group-7E32184879DE: changes role from CANDIDATE to FOLLOWER at term 657 for DISCOVERED_A_NEW_TERM
2019-10-18 11:25:43,638 [f535bb4a-cba0-4f9b-9e3e-e4a48b3eda51@group-7E32184879DE-LeaderElection560] INFO  impl.RoleInfo (RoleInfo.java:shutdownLeaderElection(134)) - f535bb4a-cba0-4f9b-9e3e-e4a48b3eda51: shutdown LeaderElection
2019-10-18 11:25:43,639 [f535bb4a-cba0-4f9b-9e3e-e4a48b3eda51@group-7E32184879DE-LeaderElection560] INFO  impl.RoleInfo (RoleInfo.java:updateAndGet(143)) - f535bb4a-cba0-4f9b-9e3e-e4a48b3eda51: start FollowerState
2019-10-18 11:25:43,828 [Thread-3963] INFO  impl.FollowerState (FollowerState.java:run(108)) - f535bb4a-cba0-4f9b-9e3e-e4a48b3eda51@group-7E32184879DE-FollowerState: change to CANDIDATE, lastRpcTime:189ms, electionTimeout:189ms
2019-10-18 11:25:43,828 [Thread-3963] INFO  impl.RoleInfo (RoleInfo.java:shutdownFollowerState(121)) - f535bb4a-cba0-4f9b-9e3e-e4a48b3eda51: shutdown FollowerState
2019-10-18 11:25:43,828 [Thread-3963] INFO  impl.RaftServerImpl (RaftServerImpl.java:setRole(184)) - f535bb4a-cba0-4f9b-9e3e-e4a48b3eda51@group-7E32184879DE: changes role from  FOLLOWER to CANDIDATE at term 657 for changeToCandidate
2019-10-18 11:25:43,829 [Thread-3963] INFO  impl.RoleInfo (RoleInfo.java:updateAndGet(143)) - f535bb4a-cba0-4f9b-9e3e-e4a48b3eda51: start LeaderElection
2019-10-18 11:25:43,854 [f535bb4a-cba0-4f9b-9e3e-e4a48b3eda51@group-7E32184879DE-LeaderElection561] INFO  impl.LeaderElection (LeaderElection.java:askForVotes(178)) - f535bb4a-cba0-4f9b-9e3e-e4a48b3eda51@group-7E32184879DE-LeaderElection561: begin an election at term 658 for -1: [f535bb4a-cba0-4f9b-9e3e-e4a48b3eda51:0.0.0.0:44706, 54aabb14-4a7d-4ab3-adbe-2e67760b87f4:0.0.0.0:43074, c652e2ee-3322-4406-8db6-1ea643cb3197:0.0.0.0:42129], old=null
2019-10-18 11:25:43,856 [grpc-default-executor-0] INFO  impl.RaftServerImpl (RaftServerImpl.java:setRole(184)) - 54aabb14-4a7d-4ab3-adbe-2e67760b87f4@group-7E32184879DE: changes role from  FOLLOWER to FOLLOWER at term 658 for recognizeCandidate:f535bb4a-cba0-4f9b-9e3e-e4a48b3eda51
2019-10-18 11:25:43,856 [grpc-default-executor-3] INFO  impl.RaftServerImpl (RaftServerImpl.java:setRole(184)) - c652e2ee-3322-4406-8db6-1ea643cb3197@group-7E32184879DE: changes role from  FOLLOWER to FOLLOWER at term 658 for recognizeCandidate:f535bb4a-cba0-4f9b-9e3e-e4a48b3eda51
2019-10-18 11:25:43,856 [grpc-default-executor-0] INFO  impl.RoleInfo (RoleInfo.java:shutdownFollowerState(121)) - 54aabb14-4a7d-4ab3-adbe-2e67760b87f4: shutdown FollowerState
2019-10-18 11:25:43,856 [grpc-default-executor-3] INFO  impl.RoleInfo (RoleInfo.java:shutdownFollowerState(121)) - c652e2ee-3322-4406-8db6-1ea643cb3197: shutdown FollowerState
2019-10-18 11:25:43,857 [grpc-default-executor-0] INFO  impl.RoleInfo (RoleInfo.java:updateAndGet(143)) - 54aabb14-4a7d-4ab3-adbe-2e67760b87f4: start FollowerState
2019-10-18 11:25:43,857 [Thread-3962] INFO  impl.FollowerState (FollowerState.java:run(117)) - c652e2ee-3322-4406-8db6-1ea643cb3197@group-7E32184879DE-FollowerState was interrupted: java.lang.InterruptedException: sleep interrupted
2019-10-18 11:25:43,857 [grpc-default-executor-3] INFO  impl.RoleInfo (RoleInfo.java:updateAndGet(143)) - c652e2ee-3322-4406-8db6-1ea643cb3197: start FollowerState
2019-10-18 11:25:43,857 [Thread-3961] INFO  impl.FollowerState (FollowerState.java:run(117)) - 54aabb14-4a7d-4ab3-adbe-2e67760b87f4@group-7E32184879DE-FollowerState was interrupted: java.lang.InterruptedException: sleep interrupted
2019-10-18 11:25:43,880 [f535bb4a-cba0-4f9b-9e3e-e4a48b3eda51@group-7E32184879DE-LeaderElection561] INFO  impl.LeaderElection (LeaderElection.java:logAndReturn(56)) - f535bb4a-cba0-4f9b-9e3e-e4a48b3eda51@group-7E32184879DE-LeaderElection561: Election REJECTED; received 2 response(s) [f535bb4a-cba0-4f9b-9e3e-e4a48b3eda51<-54aabb14-4a7d-4ab3-adbe-2e67760b87f4#0:FAIL-t658, f535bb4a-cba0-4f9b-9e3e-e4a48b3eda51<-c652e2ee-3322-4406-8db6-1ea643cb3197#0:FAIL-t658] and 0 exception(s); f535bb4a-cba0-4f9b-9e3e-e4a48b3eda51@group-7E32184879DE:t658, leader=null, voted=f535bb4a-cba0-4f9b-9e3e-e4a48b3eda51, raftlog=f535bb4a-cba0-4f9b-9e3e-e4a48b3eda51@group-7E32184879DE-SegmentedRaftLog:OPENED:c-1,f-1,i0, conf=-1: [f535bb4a-cba0-4f9b-9e3e-e4a48b3eda51:0.0.0.0:44706, 54aabb14-4a7d-4ab3-adbe-2e67760b87f4:0.0.0.0:43074, c652e2ee-3322-4406-8db6-1ea643cb3197:0.0.0.0:42129], old=null
2019-10-18 11:25:43,881 [f535bb4a-cba0-4f9b-9e3e-e4a48b3eda51@group-7E32184879DE-LeaderElection561] INFO  impl.RaftServerImpl (RaftServerImpl.java:setRole(184)) - f535bb4a-cba0-4f9b-9e3e-e4a48b3eda51@group-7E32184879DE: changes role from CANDIDATE to FOLLOWER at term 658 for DISCOVERED_A_NEW_TERM
2019-10-18 11:25:43,881 [f535bb4a-cba0-4f9b-9e3e-e4a48b3eda51@group-7E32184879DE-LeaderElection561] INFO  impl.RoleInfo (RoleInfo.java:shutdownLeaderElection(134)) - f535bb4a-cba0-4f9b-9e3e-e4a48b3eda51: shutdown LeaderElection
2019-10-18 11:25:43,881 [f535bb4a-cba0-4f9b-9e3e-e4a48b3eda51@group-7E32184879DE-LeaderElection561] INFO  impl.RoleInfo (RoleInfo.java:updateAndGet(143)) - f535bb4a-cba0-4f9b-9e3e-e4a48b3eda51: start FollowerState
2019-10-18 11:25:43,953 [Thread-3971] INFO  impl.FollowerState (FollowerState.java:run(108)) - f535bb4a-cba0-4f9b-9e3e-e4a48b3eda51@group-7E32184879DE-FollowerState: change to CANDIDATE, lastRpcTime:72ms, electionTimeout:72ms
2019-10-18 11:25:43,953 [Thread-3971] INFO  impl.RoleInfo (RoleInfo.java:shutdownFollowerState(121)) - f535bb4a-cba0-4f9b-9e3e-e4a48b3eda51: shutdown FollowerState
2019-10-18 11:25:43,954 [Thread-3971] INFO  impl.RaftServerImpl (RaftServerImpl.java:setRole(184)) - f535bb4a-cba0-4f9b-9e3e-e4a48b3eda51@group-7E32184879DE: changes role from  FOLLOWER to CANDIDATE at term 658 for changeToCandidate
2019-10-18 11:25:43,954 [Thread-3971] INFO  impl.RoleInfo (RoleInfo.java:updateAndGet(143)) - f535bb4a-cba0-4f9b-9e3e-e4a48b3eda51: start LeaderElection
2019-10-18 11:25:43,983 [f535bb4a-cba0-4f9b-9e3e-e4a48b3eda51@group-7E32184879DE-LeaderElection562] INFO  impl.LeaderElection (LeaderElection.java:askForVotes(178)) - f535bb4a-cba0-4f9b-9e3e-e4a48b3eda51@group-7E32184879DE-LeaderElection562: begin an election at term 659 for -1: [f535bb4a-cba0-4f9b-9e3e-e4a48b3eda51:0.0.0.0:44706, 54aabb14-4a7d-4ab3-adbe-2e67760b87f4:0.0.0.0:43074, c652e2ee-3322-4406-8db6-1ea643cb3197:0.0.0.0:42129], old=null
2019-10-18 11:25:43,985 [grpc-default-executor-0] INFO  impl.RaftServerImpl (RaftServerImpl.java:setRole(184)) - c652e2ee-3322-4406-8db6-1ea643cb3197@group-7E32184879DE: changes role from  FOLLOWER to FOLLOWER at term 659 for recognizeCandidate:f535bb4a-cba0-4f9b-9e3e-e4a48b3eda51
2019-10-18 11:25:43,985 [grpc-default-executor-0] INFO  impl.RoleInfo (RoleInfo.java:shutdownFollowerState(121)) - c652e2ee-3322-4406-8db6-1ea643cb3197: shutdown FollowerState
2019-10-18 11:25:43,985 [grpc-default-executor-3] INFO  impl.RaftServerImpl (RaftServerImpl.java:setRole(184)) - 54aabb14-4a7d-4ab3-adbe-2e67760b87f4@group-7E32184879DE: changes role from  FOLLOWER to FOLLOWER at term 659 for recognizeCandidate:f535bb4a-cba0-4f9b-9e3e-e4a48b3eda51
2019-10-18 11:25:43,985 [grpc-default-executor-3] INFO  impl.RoleInfo (RoleInfo.java:shutdownFollowerState(121)) - 54aabb14-4a7d-4ab3-adbe-2e67760b87f4: shutdown FollowerState
2019-10-18 11:25:43,985 [Thread-3970] INFO  impl.FollowerState (FollowerState.java:run(117)) - c652e2ee-3322-4406-8db6-1ea643cb3197@group-7E32184879DE-FollowerState was interrupted: java.lang.InterruptedException: sleep interrupted
2019-10-18 11:25:43,985 [grpc-default-executor-0] INFO  impl.RoleInfo (RoleInfo.java:updateAndGet(143)) - c652e2ee-3322-4406-8db6-1ea643cb3197: start FollowerState
2019-10-18 11:25:43,986 [Thread-3969] INFO  impl.FollowerState (FollowerState.java:run(117)) - 54aabb14-4a7d-4ab3-adbe-2e67760b87f4@group-7E32184879DE-FollowerState was interrupted: java.lang.InterruptedException: sleep interrupted
2019-10-18 11:25:43,986 [grpc-default-executor-3] INFO  impl.RoleInfo (RoleInfo.java:updateAndGet(143)) - 54aabb14-4a7d-4ab3-adbe-2e67760b87f4: start FollowerState
2019-10-18 11:25:44,015 [f535bb4a-cba0-4f9b-9e3e-e4a48b3eda51@group-7E32184879DE-LeaderElection562] INFO  impl.LeaderElection (LeaderElection.java:logAndReturn(56)) - f535bb4a-cba0-4f9b-9e3e-e4a48b3eda51@group-7E32184879DE-LeaderElection562: Election REJECTED; received 2 response(s) [f535bb4a-cba0-4f9b-9e3e-e4a48b3eda51<-54aabb14-4a7d-4ab3-adbe-2e67760b87f4#0:FAIL-t659, f535bb4a-cba0-4f9b-9e3e-e4a48b3eda51<-c652e2ee-3322-4406-8db6-1ea643cb3197#0:FAIL-t659] and 0 exception(s); f535bb4a-cba0-4f9b-9e3e-e4a48b3eda51@group-7E32184879DE:t659, leader=null, voted=f535bb4a-cba0-4f9b-9e3e-e4a48b3eda51, raftlog=f535bb4a-cba0-4f9b-9e3e-e4a48b3eda51@group-7E32184879DE-SegmentedRaftLog:OPENED:c-1,f-1,i0, conf=-1: [f535bb4a-cba0-4f9b-9e3e-e4a48b3eda51:0.0.0.0:44706, 54aabb14-4a7d-4ab3-adbe-2e67760b87f4:0.0.0.0:43074, c652e2ee-3322-4406-8db6-1ea643cb3197:0.0.0.0:42129], old=null
2019-10-18 11:25:44,015 [f535bb4a-cba0-4f9b-9e3e-e4a48b3eda51@group-7E32184879DE-LeaderElection562] INFO  impl.RaftServerImpl (RaftServerImpl.java:setRole(184)) - f535bb4a-cba0-4f9b-9e3e-e4a48b3eda51@group-7E32184879DE: changes role from CANDIDATE to FOLLOWER at term 659 for DISCOVERED_A_NEW_TERM
2019-10-18 11:25:44,015 [f535bb4a-cba0-4f9b-9e3e-e4a48b3eda51@group-7E32184879DE-LeaderElection562] INFO  impl.RoleInfo (RoleInfo.java:shutdownLeaderElection(134)) - f535bb4a-cba0-4f9b-9e3e-e4a48b3eda51: shutdown LeaderElection
2019-10-18 11:25:44,015 [f535bb4a-cba0-4f9b-9e3e-e4a48b3eda51@group-7E32184879DE-LeaderElection562] INFO  impl.RoleInfo (RoleInfo.java:updateAndGet(143)) - f535bb4a-cba0-4f9b-9e3e-e4a48b3eda51: start FollowerState
2019-10-18 11:25:44,197 [Thread-3977] INFO  impl.FollowerState (FollowerState.java:run(108)) - f535bb4a-cba0-4f9b-9e3e-e4a48b3eda51@group-7E32184879DE-FollowerState: change to CANDIDATE, lastRpcTime:181ms, electionTimeout:181ms
2019-10-18 11:25:44,197 [Thread-3977] INFO  impl.RoleInfo (RoleInfo.java:shutdownFollowerState(121)) - f535bb4a-cba0-4f9b-9e3e-e4a48b3eda51: shutdown FollowerState
2019-10-18 11:25:44,197 [Thread-3977] INFO  impl.RaftServerImpl (RaftServerImpl.java:setRole(184)) - f535bb4a-cba0-4f9b-9e3e-e4a48b3eda51@group-7E32184879DE: changes role from  FOLLOWER to CANDIDATE at term 659 for changeToCandidate
2019-10-18 11:25:44,197 [Thread-3977] INFO  impl.RoleInfo (RoleInfo.java:updateAndGet(143)) - f535bb4a-cba0-4f9b-9e3e-e4a48b3eda51: start LeaderElection
2019-10-18 11:25:44,223 [f535bb4a-cba0-4f9b-9e3e-e4a48b3eda51@group-7E32184879DE-LeaderElection563] INFO  impl.LeaderElection (LeaderElection.java:askForVotes(178)) - f535bb4a-cba0-4f9b-9e3e-e4a48b3eda51@group-7E32184879DE-LeaderElection563: begin an election at term 660 for -1: [f535bb4a-cba0-4f9b-9e3e-e4a48b3eda51:0.0.0.0:44706, 54aabb14-4a7d-4ab3-adbe-2e67760b87f4:0.0.0.0:43074, c652e2ee-3322-4406-8db6-1ea643cb3197:0.0.0.0:42129], old=null
2019-10-18 11:25:44,224 [grpc-default-executor-3] INFO  impl.RaftServerImpl (RaftServerImpl.java:setRole(184)) - c652e2ee-3322-4406-8db6-1ea643cb3197@group-7E32184879DE: changes role from  FOLLOWER to FOLLOWER at term 660 for recognizeCandidate:f535bb4a-cba0-4f9b-9e3e-e4a48b3eda51
2019-10-18 11:25:44,224 [grpc-default-executor-0] INFO  impl.RaftServerImpl (RaftServerImpl.java:setRole(184)) - 54aabb14-4a7d-4ab3-adbe-2e67760b87f4@group-7E32184879DE: changes role from  FOLLOWER to FOLLOWER at term 660 for recognizeCandidate:f535bb4a-cba0-4f9b-9e3e-e4a48b3eda51
2019-10-18 11:25:44,224 [grpc-default-executor-3] INFO  impl.RoleInfo (RoleInfo.java:shutdownFollowerState(121)) - c652e2ee-3322-4406-8db6-1ea643cb3197: shutdown FollowerState
2019-10-18 11:25:44,225 [grpc-default-executor-0] INFO  impl.RoleInfo (RoleInfo.java:shutdownFollowerState(121)) - 54aabb14-4a7d-4ab3-adbe-2e67760b87f4: shutdown FollowerState
2019-10-18 11:25:44,225 [Thread-3975] INFO  impl.FollowerState (FollowerState.java:run(117)) - c652e2ee-3322-4406-8db6-1ea643cb3197@group-7E32184879DE-FollowerState was interrupted: java.lang.InterruptedException: sleep interrupted
2019-10-18 11:25:44,225 [grpc-default-executor-3] INFO  impl.RoleInfo (RoleInfo.java:updateAndGet(143)) - c652e2ee-3322-4406-8db6-1ea643cb3197: start FollowerState
2019-10-18 11:25:44,225 [Thread-3976] INFO  impl.FollowerState (FollowerState.java:run(117)) - 54aabb14-4a7d-4ab3-adbe-2e67760b87f4@group-7E32184879DE-FollowerState was interrupted: java.lang.InterruptedException: sleep interrupted
2019-10-18 11:25:44,225 [grpc-default-executor-0] INFO  impl.RoleInfo (RoleInfo.java:updateAndGet(143)) - 54aabb14-4a7d-4ab3-adbe-2e67760b87f4: start FollowerState
2019-10-18 11:25:44,248 [f535bb4a-cba0-4f9b-9e3e-e4a48b3eda51@group-7E32184879DE-LeaderElection563] INFO  impl.LeaderElection (LeaderElection.java:logAndReturn(56)) - f535bb4a-cba0-4f9b-9e3e-e4a48b3eda51@group-7E32184879DE-LeaderElection563: Election REJECTED; received 2 response(s) [f535bb4a-cba0-4f9b-9e3e-e4a48b3eda51<-54aabb14-4a7d-4ab3-adbe-2e67760b87f4#0:FAIL-t660, f535bb4a-cba0-4f9b-9e3e-e4a48b3eda51<-c652e2ee-3322-4406-8db6-1ea643cb3197#0:FAIL-t660] and 0 exception(s); f535bb4a-cba0-4f9b-9e3e-e4a48b3eda51@group-7E32184879DE:t660, leader=null, voted=f535bb4a-cba0-4f9b-9e3e-e4a48b3eda51, raftlog=f535bb4a-cba0-4f9b-9e3e-e4a48b3eda51@group-7E32184879DE-SegmentedRaftLog:OPENED:c-1,f-1,i0, conf=-1: [f535bb4a-cba0-4f9b-9e3e-e4a48b3eda51:0.0.0.0:44706, 54aabb14-4a7d-4ab3-adbe-2e67760b87f4:0.0.0.0:43074, c652e2ee-3322-4406-8db6-1ea643cb3197:0.0.0.0:42129], old=null
2019-10-18 11:25:44,249 [f535bb4a-cba0-4f9b-9e3e-e4a48b3eda51@group-7E32184879DE-LeaderElection563] INFO  impl.RaftServerImpl (RaftServerImpl.java:setRole(184)) - f535bb4a-cba0-4f9b-9e3e-e4a48b3eda51@group-7E32184879DE: changes role from CANDIDATE to FOLLOWER at term 660 for DISCOVERED_A_NEW_TERM
2019-10-18 11:25:44,249 [f535bb4a-cba0-4f9b-9e3e-e4a48b3eda51@group-7E32184879DE-LeaderElection563] INFO  impl.RoleInfo (RoleInfo.java:shutdownLeaderElection(134)) - f535bb4a-cba0-4f9b-9e3e-e4a48b3eda51: shutdown LeaderElection
2019-10-18 11:25:44,249 [f535bb4a-cba0-4f9b-9e3e-e4a48b3eda51@group-7E32184879DE-LeaderElection563] INFO  impl.RoleInfo (RoleInfo.java:updateAndGet(143)) - f535bb4a-cba0-4f9b-9e3e-e4a48b3eda51: start FollowerState
2019-10-18 11:25:44,291 [Thread-3983] INFO  impl.FollowerState (FollowerState.java:run(108)) - f535bb4a-cba0-4f9b-9e3e-e4a48b3eda51@group-7E32184879DE-FollowerState: change to CANDIDATE, lastRpcTime:42ms, electionTimeout:42ms
2019-10-18 11:25:44,291 [Thread-3983] INFO  impl.RoleInfo (RoleInfo.java:shutdownFollowerState(121)) - f535bb4a-cba0-4f9b-9e3e-e4a48b3eda51: shutdown FollowerState
2019-10-18 11:25:44,291 [Thread-3983] INFO  impl.RaftServerImpl (RaftServerImpl.java:setRole(184)) - f535bb4a-cba0-4f9b-9e3e-e4a48b3eda51@group-7E32184879DE: changes role from  FOLLOWER to CANDIDATE at term 660 for changeToCandidate
2019-10-18 11:25:44,292 [Thread-3983] INFO  impl.RoleInfo (RoleInfo.java:updateAndGet(143)) - f535bb4a-cba0-4f9b-9e3e-e4a48b3eda51: start LeaderElection
2019-10-18 11:25:44,315 [f535bb4a-cba0-4f9b-9e3e-e4a48b3eda51@group-7E32184879DE-LeaderElection564] INFO  impl.LeaderElection (LeaderElection.java:askForVotes(178)) - f535bb4a-cba0-4f9b-9e3e-e4a48b3eda51@group-7E32184879DE-LeaderElection564: begin an election at term 661 for -1: [f535bb4a-cba0-4f9b-9e3e-e4a48b3eda51:0.0.0.0:44706, 54aabb14-4a7d-4ab3-adbe-2e67760b87f4:0.0.0.0:43074, c652e2ee-3322-4406-8db6-1ea643cb3197:0.0.0.0:42129], old=null
2019-10-18 11:25:44,316 [grpc-default-executor-3] INFO  impl.RaftServerImpl (RaftServerImpl.java:setRole(184)) - c652e2ee-3322-4406-8db6-1ea643cb3197@group-7E32184879DE: changes role from  FOLLOWER to FOLLOWER at term 661 for recognizeCandidate:f535bb4a-cba0-4f9b-9e3e-e4a48b3eda51
2019-10-18 11:25:44,316 [grpc-default-executor-0] INFO  impl.RaftServerImpl (RaftServerImpl.java:setRole(184)) - 54aabb14-4a7d-4ab3-adbe-2e67760b87f4@group-7E32184879DE: changes role from  FOLLOWER to FOLLOWER at term 661 for recognizeCandidate:f535bb4a-cba0-4f9b-9e3e-e4a48b3eda51
2019-10-18 11:25:44,316 [grpc-default-executor-0] INFO  impl.RoleInfo (RoleInfo.java:shutdownFollowerState(121)) - 54aabb14-4a7d-4ab3-adbe-2e67760b87f4: shutdown FollowerState
2019-10-18 11:25:44,316 [grpc-default-executor-3] INFO  impl.RoleInfo (RoleInfo.java:shutdownFollowerState(121)) - c652e2ee-3322-4406-8db6-1ea643cb3197: shutdown FollowerState
2019-10-18 11:25:44,316 [Thread-3982] INFO  impl.FollowerState (FollowerState.java:run(117)) - 54aabb14-4a7d-4ab3-adbe-2e67760b87f4@group-7E32184879DE-FollowerState was interrupted: java.lang.InterruptedException: sleep interrupted
2019-10-18 11:25:44,316 [grpc-default-executor-0] INFO  impl.RoleInfo (RoleInfo.java:updateAndGet(143)) - 54aabb14-4a7d-4ab3-adbe-2e67760b87f4: start FollowerState
2019-10-18 11:25:44,317 [Thread-3981] INFO  impl.FollowerState (FollowerState.java:run(117)) - c652e2ee-3322-4406-8db6-1ea643cb3197@group-7E32184879DE-FollowerState was interrupted: java.lang.InterruptedException: sleep interrupted
2019-10-18 11:25:44,317 [grpc-default-executor-3] INFO  impl.RoleInfo (RoleInfo.java:updateAndGet(143)) - c652e2ee-3322-4406-8db6-1ea643cb3197: start FollowerState
2019-10-18 11:25:44,330 [f535bb4a-cba0-4f9b-9e3e-e4a48b3eda51@group-7E32184879DE-LeaderElection564] INFO  impl.LeaderElection (LeaderElection.java:logAndReturn(56)) - f535bb4a-cba0-4f9b-9e3e-e4a48b3eda51@group-7E32184879DE-LeaderElection564: Election TIMEOUT; received 0 response(s) [] and 0 exception(s); f535bb4a-cba0-4f9b-9e3e-e4a48b3eda51@group-7E32184879DE:t661, leader=null, voted=f535bb4a-cba0-4f9b-9e3e-e4a48b3eda51, raftlog=f535bb4a-cba0-4f9b-9e3e-e4a48b3eda51@group-7E32184879DE-SegmentedRaftLog:OPENED:c-1,f-1,i0, conf=-1: [f535bb4a-cba0-4f9b-9e3e-e4a48b3eda51:0.0.0.0:44706, 54aabb14-4a7d-4ab3-adbe-2e67760b87f4:0.0.0.0:43074, c652e2ee-3322-4406-8db6-1ea643cb3197:0.0.0.0:42129], old=null
2019-10-18 11:25:44,357 [f535bb4a-cba0-4f9b-9e3e-e4a48b3eda51@group-7E32184879DE-LeaderElection564] INFO  impl.LeaderElection (LeaderElection.java:askForVotes(178)) - f535bb4a-cba0-4f9b-9e3e-e4a48b3eda51@group-7E32184879DE-LeaderElection564: begin an election at term 662 for -1: [f535bb4a-cba0-4f9b-9e3e-e4a48b3eda51:0.0.0.0:44706, 54aabb14-4a7d-4ab3-adbe-2e67760b87f4:0.0.0.0:43074, c652e2ee-3322-4406-8db6-1ea643cb3197:0.0.0.0:42129], old=null
2019-10-18 11:25:44,359 [grpc-default-executor-0] INFO  impl.RaftServerImpl (RaftServerImpl.java:setRole(184)) - c652e2ee-3322-4406-8db6-1ea643cb3197@group-7E32184879DE: changes role from  FOLLOWER to FOLLOWER at term 662 for recognizeCandidate:f535bb4a-cba0-4f9b-9e3e-e4a48b3eda51
2019-10-18 11:25:44,359 [grpc-default-executor-3] INFO  impl.RaftServerImpl (RaftServerImpl.java:setRole(184)) - 54aabb14-4a7d-4ab3-adbe-2e67760b87f4@group-7E32184879DE: changes role from  FOLLOWER to FOLLOWER at term 662 for recognizeCandidate:f535bb4a-cba0-4f9b-9e3e-e4a48b3eda51
2019-10-18 11:25:44,359 [grpc-default-executor-3] INFO  impl.RoleInfo (RoleInfo.java:shutdownFollowerState(121)) - 54aabb14-4a7d-4ab3-adbe-2e67760b87f4: shutdown FollowerState
2019-10-18 11:25:44,359 [grpc-default-executor-0] INFO  impl.RoleInfo (RoleInfo.java:shutdownFollowerState(121)) - c652e2ee-3322-4406-8db6-1ea643cb3197: shutdown FollowerState
2019-10-18 11:25:44,359 [Thread-3987] INFO  impl.FollowerState (FollowerState.java:run(117)) - 54aabb14-4a7d-4ab3-adbe-2e67760b87f4@group-7E32184879DE-FollowerState was interrupted: java.lang.InterruptedException: sleep interrupted
2019-10-18 11:25:44,359 [grpc-default-executor-3] INFO  impl.RoleInfo (RoleInfo.java:updateAndGet(143)) - 54aabb14-4a7d-4ab3-adbe-2e67760b87f4: start FollowerState
2019-10-18 11:25:44,359 [grpc-default-executor-0] INFO  impl.RoleInfo (RoleInfo.java:updateAndGet(143)) - c652e2ee-3322-4406-8db6-1ea643cb3197: start FollowerState
2019-10-18 11:25:44,359 [Thread-3988] INFO  impl.FollowerState (FollowerState.java:run(117)) - c652e2ee-3322-4406-8db6-1ea643cb3197@group-7E32184879DE-FollowerState was interrupted: java.lang.InterruptedException: sleep interrupted
2019-10-18 11:25:44,361 [f535bb4a-cba0-4f9b-9e3e-e4a48b3eda51@group-7E32184879DE-LeaderElection564] INFO  impl.LeaderElection (LeaderElection.java:logAndReturn(56)) - f535bb4a-cba0-4f9b-9e3e-e4a48b3eda51@group-7E32184879DE-LeaderElection564: Election TIMEOUT; received 0 response(s) [] and 0 exception(s); f535bb4a-cba0-4f9b-9e3e-e4a48b3eda51@group-7E32184879DE:t662, leader=null, voted=f535bb4a-cba0-4f9b-9e3e-e4a48b3eda51, raftlog=f535bb4a-cba0-4f9b-9e3e-e4a48b3eda51@group-7E32184879DE-SegmentedRaftLog:OPENED:c-1,f-1,i0, conf=-1: [f535bb4a-cba0-4f9b-9e3e-e4a48b3eda51:0.0.0.0:44706, 54aabb14-4a7d-4ab3-adbe-2e67760b87f4:0.0.0.0:43074, c652e2ee-3322-4406-8db6-1ea643cb3197:0.0.0.0:42129], old=null
2019-10-18 11:25:44,383 [f535bb4a-cba0-4f9b-9e3e-e4a48b3eda51@group-7E32184879DE-LeaderElection564] INFO  impl.LeaderElection (LeaderElection.java:askForVotes(178)) - f535bb4a-cba0-4f9b-9e3e-e4a48b3eda51@group-7E32184879DE-LeaderElection564: begin an election at term 663 for -1: [f535bb4a-cba0-4f9b-9e3e-e4a48b3eda51:0.0.0.0:44706, 54aabb14-4a7d-4ab3-adbe-2e67760b87f4:0.0.0.0:43074, c652e2ee-3322-4406-8db6-1ea643cb3197:0.0.0.0:42129], old=null
2019-10-18 11:25:44,384 [grpc-default-executor-0] INFO  impl.RaftServerImpl (RaftServerImpl.java:setRole(184)) - 54aabb14-4a7d-4ab3-adbe-2e67760b87f4@group-7E32184879DE: changes role from  FOLLOWER to FOLLOWER at term 663 for recognizeCandidate:f535bb4a-cba0-4f9b-9e3e-e4a48b3eda51
2019-10-18 11:25:44,384 [grpc-default-executor-0] INFO  impl.RoleInfo (RoleInfo.java:shutdownFollowerState(121)) - 54aabb14-4a7d-4ab3-adbe-2e67760b87f4: shutdown FollowerState
2019-10-18 11:25:44,384 [grpc-default-executor-0] INFO  impl.RoleInfo (RoleInfo.java:updateAndGet(143)) - 54aabb14-4a7d-4ab3-adbe-2e67760b87f4: start FollowerState
2019-10-18 11:25:44,384 [Thread-3991] INFO  impl.FollowerState (FollowerState.java:run(117)) - 54aabb14-4a7d-4ab3-adbe-2e67760b87f4@group-7E32184879DE-FollowerState was interrupted: java.lang.InterruptedException: sleep interrupted
2019-10-18 11:25:44,384 [grpc-default-executor-3] INFO  impl.RaftServerImpl (RaftServerImpl.java:setRole(184)) - c652e2ee-3322-4406-8db6-1ea643cb3197@group-7E32184879DE: changes role from  FOLLOWER to FOLLOWER at term 663 for recognizeCandidate:f535bb4a-cba0-4f9b-9e3e-e4a48b3eda51
2019-10-18 11:25:44,384 [grpc-default-executor-3] INFO  impl.RoleInfo (RoleInfo.java:shutdownFollowerState(121)) - c652e2ee-3322-4406-8db6-1ea643cb3197: shutdown FollowerState
2019-10-18 11:25:44,384 [grpc-default-executor-3] INFO  impl.RoleInfo (RoleInfo.java:updateAndGet(143)) - c652e2ee-3322-4406-8db6-1ea643cb3197: start FollowerState
2019-10-18 11:25:44,384 [Thread-3992] INFO  impl.FollowerState (FollowerState.java:run(117)) - c652e2ee-3322-4406-8db6-1ea643cb3197@group-7E32184879DE-FollowerState was interrupted: java.lang.InterruptedException: sleep interrupted
2019-10-18 11:25:44,401 [f535bb4a-cba0-4f9b-9e3e-e4a48b3eda51@group-7E32184879DE-LeaderElection564] INFO  impl.LeaderElection (LeaderElection.java:logAndReturn(56)) - f535bb4a-cba0-4f9b-9e3e-e4a48b3eda51@group-7E32184879DE-LeaderElection564: Election REJECTED; received 2 response(s) [f535bb4a-cba0-4f9b-9e3e-e4a48b3eda51<-54aabb14-4a7d-4ab3-adbe-2e67760b87f4#0:FAIL-t663, f535bb4a-cba0-4f9b-9e3e-e4a48b3eda51<-c652e2ee-3322-4406-8db6-1ea643cb3197#0:FAIL-t663] and 0 exception(s); f535bb4a-cba0-4f9b-9e3e-e4a48b3eda51@group-7E32184879DE:t663, leader=null, voted=f535bb4a-cba0-4f9b-9e3e-e4a48b3eda51, raftlog=f535bb4a-cba0-4f9b-9e3e-e4a48b3eda51@group-7E32184879DE-SegmentedRaftLog:OPENED:c-1,f-1,i0, conf=-1: [f535bb4a-cba0-4f9b-9e3e-e4a48b3eda51:0.0.0.0:44706, 54aabb14-4a7d-4ab3-adbe-2e67760b87f4:0.0.0.0:43074, c652e2ee-3322-4406-8db6-1ea643cb3197:0.0.0.0:42129], old=null
2019-10-18 11:25:44,401 [f535bb4a-cba0-4f9b-9e3e-e4a48b3eda51@group-7E32184879DE-LeaderElection564] INFO  impl.RaftServerImpl (RaftServerImpl.java:setRole(184)) - f535bb4a-cba0-4f9b-9e3e-e4a48b3eda51@group-7E32184879DE: changes role from CANDIDATE to FOLLOWER at term 663 for DISCOVERED_A_NEW_TERM
2019-10-18 11:25:44,401 [f535bb4a-cba0-4f9b-9e3e-e4a48b3eda51@group-7E32184879DE-LeaderElection564] INFO  impl.RoleInfo (RoleInfo.java:shutdownLeaderElection(134)) - f535bb4a-cba0-4f9b-9e3e-e4a48b3eda51: shutdown LeaderElection
2019-10-18 11:25:44,402 [f535bb4a-cba0-4f9b-9e3e-e4a48b3eda51@group-7E32184879DE-LeaderElection564] INFO  impl.RoleInfo (RoleInfo.java:updateAndGet(143)) - f535bb4a-cba0-4f9b-9e3e-e4a48b3eda51: start FollowerState
2019-10-18 11:25:44,592 [Thread-3997] INFO  impl.FollowerState (FollowerState.java:run(108)) - f535bb4a-cba0-4f9b-9e3e-e4a48b3eda51@group-7E32184879DE-FollowerState: change to CANDIDATE, lastRpcTime:190ms, electionTimeout:190ms
2019-10-18 11:25:44,592 [Thread-3997] INFO  impl.RoleInfo (RoleInfo.java:shutdownFollowerState(121)) - f535bb4a-cba0-4f9b-9e3e-e4a48b3eda51: shutdown FollowerState
2019-10-18 11:25:44,592 [Thread-3997] INFO  impl.RaftServerImpl (RaftServerImpl.java:setRole(184)) - f535bb4a-cba0-4f9b-9e3e-e4a48b3eda51@group-7E32184879DE: changes role from  FOLLOWER to CANDIDATE at term 663 for changeToCandidate
2019-10-18 11:25:44,592 [Thread-3997] INFO  impl.RoleInfo (RoleInfo.java:updateAndGet(143)) - f535bb4a-cba0-4f9b-9e3e-e4a48b3eda51: start LeaderElection
2019-10-18 11:25:44,618 [f535bb4a-cba0-4f9b-9e3e-e4a48b3eda51@group-7E32184879DE-LeaderElection565] INFO  impl.LeaderElection (LeaderElection.java:askForVotes(178)) - f535bb4a-cba0-4f9b-9e3e-e4a48b3eda51@group-7E32184879DE-LeaderElection565: begin an election at term 664 for -1: [f535bb4a-cba0-4f9b-9e3e-e4a48b3eda51:0.0.0.0:44706, 54aabb14-4a7d-4ab3-adbe-2e67760b87f4:0.0.0.0:43074, c652e2ee-3322-4406-8db6-1ea643cb3197:0.0.0.0:42129], old=null
2019-10-18 11:25:44,619 [grpc-default-executor-0] INFO  impl.RaftServerImpl (RaftServerImpl.java:setRole(184)) - 54aabb14-4a7d-4ab3-adbe-2e67760b87f4@group-7E32184879DE: changes role from  FOLLOWER to FOLLOWER at term 664 for recognizeCandidate:f535bb4a-cba0-4f9b-9e3e-e4a48b3eda51
2019-10-18 11:25:44,619 [grpc-default-executor-0] INFO  impl.RoleInfo (RoleInfo.java:shutdownFollowerState(121)) - 54aabb14-4a7d-4ab3-adbe-2e67760b87f4: shutdown FollowerState
2019-10-18 11:25:44,620 [grpc-default-executor-0] INFO  impl.RoleInfo (RoleInfo.java:updateAndGet(143)) - 54aabb14-4a7d-4ab3-adbe-2e67760b87f4: start FollowerState
2019-10-18 11:25:44,620 [Thread-3995] INFO  impl.FollowerState (FollowerState.java:run(117)) - 54aabb14-4a7d-4ab3-adbe-2e67760b87f4@group-7E32184879DE-FollowerState was interrupted: java.lang.InterruptedException: sleep interrupted
2019-10-18 11:25:44,620 [grpc-default-executor-3] INFO  impl.RaftServerImpl (RaftServerImpl.java:setRole(184)) - c652e2ee-3322-4406-8db6-1ea643cb3197@group-7E32184879DE: changes role from  FOLLOWER to FOLLOWER at term 664 for recognizeCandidate:f535bb4a-cba0-4f9b-9e3e-e4a48b3eda51
2019-10-18 11:25:44,620 [grpc-default-executor-3] INFO  impl.RoleInfo (RoleInfo.java:shutdownFollowerState(121)) - c652e2ee-3322-4406-8db6-1ea643cb3197: shutdown FollowerState
2019-10-18 11:25:44,620 [grpc-default-executor-3] INFO  impl.RoleInfo (RoleInfo.java:updateAndGet(143)) - c652e2ee-3322-4406-8db6-1ea643cb3197: start FollowerState
2019-10-18 11:25:44,620 [Thread-3996] INFO  impl.FollowerState (FollowerState.java:run(117)) - c652e2ee-3322-4406-8db6-1ea643cb3197@group-7E32184879DE-FollowerState was interrupted: java.lang.InterruptedException: sleep interrupted
2019-10-18 11:25:44,644 [f535bb4a-cba0-4f9b-9e3e-e4a48b3eda51@group-7E32184879DE-LeaderElection565] INFO  impl.LeaderElection (LeaderElection.java:logAndReturn(56)) - f535bb4a-cba0-4f9b-9e3e-e4a48b3eda51@group-7E32184879DE-LeaderElection565: Election REJECTED; received 2 response(s) [f535bb4a-cba0-4f9b-9e3e-e4a48b3eda51<-54aabb14-4a7d-4ab3-adbe-2e67760b87f4#0:FAIL-t664, f535bb4a-cba0-4f9b-9e3e-e4a48b3eda51<-c652e2ee-3322-4406-8db6-1ea643cb3197#0:FAIL-t664] and 0 exception(s); f535bb4a-cba0-4f9b-9e3e-e4a48b3eda51@group-7E32184879DE:t664, leader=null, voted=f535bb4a-cba0-4f9b-9e3e-e4a48b3eda51, raftlog=f535bb4a-cba0-4f9b-9e3e-e4a48b3eda51@group-7E32184879DE-SegmentedRaftLog:OPENED:c-1,f-1,i0, conf=-1: [f535bb4a-cba0-4f9b-9e3e-e4a48b3eda51:0.0.0.0:44706, 54aabb14-4a7d-4ab3-adbe-2e67760b87f4:0.0.0.0:43074, c652e2ee-3322-4406-8db6-1ea643cb3197:0.0.0.0:42129], old=null
2019-10-18 11:25:44,644 [f535bb4a-cba0-4f9b-9e3e-e4a48b3eda51@group-7E32184879DE-LeaderElection565] INFO  impl.RaftServerImpl (RaftServerImpl.java:setRole(184)) - f535bb4a-cba0-4f9b-9e3e-e4a48b3eda51@group-7E32184879DE: changes role from CANDIDATE to FOLLOWER at term 664 for DISCOVERED_A_NEW_TERM
2019-10-18 11:25:44,644 [f535bb4a-cba0-4f9b-9e3e-e4a48b3eda51@group-7E32184879DE-LeaderElection565] INFO  impl.RoleInfo (RoleInfo.java:shutdownLeaderElection(134)) - f535bb4a-cba0-4f9b-9e3e-e4a48b3eda51: shutdown LeaderElection
2019-10-18 11:25:44,644 [f535bb4a-cba0-4f9b-9e3e-e4a48b3eda51@group-7E32184879DE-LeaderElection565] INFO  impl.RoleInfo (RoleInfo.java:updateAndGet(143)) - f535bb4a-cba0-4f9b-9e3e-e4a48b3eda51: start FollowerState
2019-10-18 11:25:44,680 [Thread-4003] INFO  impl.FollowerState (FollowerState.java:run(108)) - f535bb4a-cba0-4f9b-9e3e-e4a48b3eda51@group-7E32184879DE-FollowerState: change to CANDIDATE, lastRpcTime:35ms, electionTimeout:35ms
2019-10-18 11:25:44,680 [Thread-4003] INFO  impl.RoleInfo (RoleInfo.java:shutdownFollowerState(121)) - f535bb4a-cba0-4f9b-9e3e-e4a48b3eda51: shutdown FollowerState
2019-10-18 11:25:44,680 [Thread-4003] INFO  impl.RaftServerImpl (RaftServerImpl.java:setRole(184)) - f535bb4a-cba0-4f9b-9e3e-e4a48b3eda51@group-7E32184879DE: changes role from  FOLLOWER to CANDIDATE at term 664 for changeToCandidate
2019-10-18 11:25:44,680 [Thread-4003] INFO  impl.RoleInfo (RoleInfo.java:updateAndGet(143)) - f535bb4a-cba0-4f9b-9e3e-e4a48b3eda51: start LeaderElection
2019-10-18 11:25:44,710 [f535bb4a-cba0-4f9b-9e3e-e4a48b3eda51@group-7E32184879DE-LeaderElection566] INFO  impl.LeaderElection (LeaderElection.java:askForVotes(178)) - f535bb4a-cba0-4f9b-9e3e-e4a48b3eda51@group-7E32184879DE-LeaderElection566: begin an election at term 665 for -1: [f535bb4a-cba0-4f9b-9e3e-e4a48b3eda51:0.0.0.0:44706, 54aabb14-4a7d-4ab3-adbe-2e67760b87f4:0.0.0.0:43074, c652e2ee-3322-4406-8db6-1ea643cb3197:0.0.0.0:42129], old=null
2019-10-18 11:25:44,712 [grpc-default-executor-0] INFO  impl.RaftServerImpl (RaftServerImpl.java:setRole(184)) - c652e2ee-3322-4406-8db6-1ea643cb3197@group-7E32184879DE: changes role from  FOLLOWER to FOLLOWER at term 665 for recognizeCandidate:f535bb4a-cba0-4f9b-9e3e-e4a48b3eda51
2019-10-18 11:25:44,712 [grpc-default-executor-3] INFO  impl.RaftServerImpl (RaftServerImpl.java:setRole(184)) - 54aabb14-4a7d-4ab3-adbe-2e67760b87f4@group-7E32184879DE: changes role from  FOLLOWER to FOLLOWER at term 665 for recognizeCandidate:f535bb4a-cba0-4f9b-9e3e-e4a48b3eda51
2019-10-18 11:25:44,712 [grpc-default-executor-0] INFO  impl.RoleInfo (RoleInfo.java:shutdownFollowerState(121)) - c652e2ee-3322-4406-8db6-1ea643cb3197: shutdown FollowerState
2019-10-18 11:25:44,712 [grpc-default-executor-3] INFO  impl.RoleInfo (RoleInfo.java:shutdownFollowerState(121)) - 54aabb14-4a7d-4ab3-adbe-2e67760b87f4: shutdown FollowerState
2019-10-18 11:25:44,713 [grpc-default-executor-0] INFO  impl.RoleInfo (RoleInfo.java:updateAndGet(143)) - c652e2ee-3322-4406-8db6-1ea643cb3197: start FollowerState
2019-10-18 11:25:44,713 [Thread-4002] INFO  impl.FollowerState (FollowerState.java:run(117)) - c652e2ee-3322-4406-8db6-1ea643cb3197@group-7E32184879DE-FollowerState was interrupted: java.lang.InterruptedException: sleep interrupted
2019-10-18 11:25:44,713 [Thread-4001] INFO  impl.FollowerState (FollowerState.java:run(117)) - 54aabb14-4a7d-4ab3-adbe-2e67760b87f4@group-7E32184879DE-FollowerState was interrupted: java.lang.InterruptedException: sleep interrupted
2019-10-18 11:25:44,713 [grpc-default-executor-3] INFO  impl.RoleInfo (RoleInfo.java:updateAndGet(143)) - 54aabb14-4a7d-4ab3-adbe-2e67760b87f4: start FollowerState
2019-10-18 11:25:44,729 [f535bb4a-cba0-4f9b-9e3e-e4a48b3eda51@group-7E32184879DE-LeaderElection566] INFO  impl.LeaderElection (LeaderElection.java:logAndReturn(56)) - f535bb4a-cba0-4f9b-9e3e-e4a48b3eda51@group-7E32184879DE-LeaderElection566: Election TIMEOUT; received 0 response(s) [] and 0 exception(s); f535bb4a-cba0-4f9b-9e3e-e4a48b3eda51@group-7E32184879DE:t665, leader=null, voted=f535bb4a-cba0-4f9b-9e3e-e4a48b3eda51, raftlog=f535bb4a-cba0-4f9b-9e3e-e4a48b3eda51@group-7E32184879DE-SegmentedRaftLog:OPENED:c-1,f-1,i0, conf=-1: [f535bb4a-cba0-4f9b-9e3e-e4a48b3eda51:0.0.0.0:44706, 54aabb14-4a7d-4ab3-adbe-2e67760b87f4:0.0.0.0:43074, c652e2ee-3322-4406-8db6-1ea643cb3197:0.0.0.0:42129], old=null
2019-10-18 11:25:44,753 [f535bb4a-cba0-4f9b-9e3e-e4a48b3eda51@group-7E32184879DE-LeaderElection566] INFO  impl.LeaderElection (LeaderElection.java:askForVotes(178)) - f535bb4a-cba0-4f9b-9e3e-e4a48b3eda51@group-7E32184879DE-LeaderElection566: begin an election at term 666 for -1: [f535bb4a-cba0-4f9b-9e3e-e4a48b3eda51:0.0.0.0:44706, 54aabb14-4a7d-4ab3-adbe-2e67760b87f4:0.0.0.0:43074, c652e2ee-3322-4406-8db6-1ea643cb3197:0.0.0.0:42129], old=null
2019-10-18 11:25:44,754 [grpc-default-executor-3] INFO  impl.RaftServerImpl (RaftServerImpl.java:setRole(184)) - 54aabb14-4a7d-4ab3-adbe-2e67760b87f4@group-7E32184879DE: changes role from  FOLLOWER to FOLLOWER at term 666 for recognizeCandidate:f535bb4a-cba0-4f9b-9e3e-e4a48b3eda51
2019-10-18 11:25:44,754 [grpc-default-executor-3] INFO  impl.RoleInfo (RoleInfo.java:shutdownFollowerState(121)) - 54aabb14-4a7d-4ab3-adbe-2e67760b87f4: shutdown FollowerState
2019-10-18 11:25:44,755 [grpc-default-executor-0] INFO  impl.RaftServerImpl (RaftServerImpl.java:setRole(184)) - c652e2ee-3322-4406-8db6-1ea643cb3197@group-7E32184879DE: changes role from  FOLLOWER to FOLLOWER at term 666 for recognizeCandidate:f535bb4a-cba0-4f9b-9e3e-e4a48b3eda51
2019-10-18 11:25:44,755 [grpc-default-executor-0] INFO  impl.RoleInfo (RoleInfo.java:shutdownFollowerState(121)) - c652e2ee-3322-4406-8db6-1ea643cb3197: shutdown FollowerState
2019-10-18 11:25:44,755 [grpc-default-executor-0] INFO  impl.RoleInfo (RoleInfo.java:updateAndGet(143)) - c652e2ee-3322-4406-8db6-1ea643cb3197: start FollowerState
2019-10-18 11:25:44,755 [Thread-4010] INFO  impl.FollowerState (FollowerState.java:run(117)) - 54aabb14-4a7d-4ab3-adbe-2e67760b87f4@group-7E32184879DE-FollowerState was interrupted: java.lang.InterruptedException: sleep interrupted
2019-10-18 11:25:44,755 [grpc-default-executor-3] INFO  impl.RoleInfo (RoleInfo.java:updateAndGet(143)) - 54aabb14-4a7d-4ab3-adbe-2e67760b87f4: start FollowerState
2019-10-18 11:25:44,755 [Thread-4009] INFO  impl.FollowerState (FollowerState.java:run(117)) - c652e2ee-3322-4406-8db6-1ea643cb3197@group-7E32184879DE-FollowerState was interrupted: java.lang.InterruptedException: sleep interrupted
2019-10-18 11:25:44,757 [f535bb4a-cba0-4f9b-9e3e-e4a48b3eda51@group-7E32184879DE-LeaderElection566] INFO  impl.LeaderElection (LeaderElection.java:logAndReturn(56)) - f535bb4a-cba0-4f9b-9e3e-e4a48b3eda51@group-7E32184879DE-LeaderElection566: Election TIMEOUT; received 0 response(s) [] and 0 exception(s); f535bb4a-cba0-4f9b-9e3e-e4a48b3eda51@group-7E32184879DE:t666, leader=null, voted=f535bb4a-cba0-4f9b-9e3e-e4a48b3eda51, raftlog=f535bb4a-cba0-4f9b-9e3e-e4a48b3eda51@group-7E32184879DE-SegmentedRaftLog:OPENED:c-1,f-1,i0, conf=-1: [f535bb4a-cba0-4f9b-9e3e-e4a48b3eda51:0.0.0.0:44706, 54aabb14-4a7d-4ab3-adbe-2e67760b87f4:0.0.0.0:43074, c652e2ee-3322-4406-8db6-1ea643cb3197:0.0.0.0:42129], old=null
2019-10-18 11:25:44,778 [f535bb4a-cba0-4f9b-9e3e-e4a48b3eda51@group-7E32184879DE-LeaderElection566] INFO  impl.LeaderElection (LeaderElection.java:askForVotes(178)) - f535bb4a-cba0-4f9b-9e3e-e4a48b3eda51@group-7E32184879DE-LeaderElection566: begin an election at term 667 for -1: [f535bb4a-cba0-4f9b-9e3e-e4a48b3eda51:0.0.0.0:44706, 54aabb14-4a7d-4ab3-adbe-2e67760b87f4:0.0.0.0:43074, c652e2ee-3322-4406-8db6-1ea643cb3197:0.0.0.0:42129], old=null
2019-10-18 11:25:44,780 [grpc-default-executor-3] INFO  impl.RaftServerImpl (RaftServerImpl.java:setRole(184)) - 54aabb14-4a7d-4ab3-adbe-2e67760b87f4@group-7E32184879DE: changes role from  FOLLOWER to FOLLOWER at term 667 for recognizeCandidate:f535bb4a-cba0-4f9b-9e3e-e4a48b3eda51
2019-10-18 11:25:44,780 [grpc-default-executor-3] INFO  impl.RoleInfo (RoleInfo.java:shutdownFollowerState(121)) - 54aabb14-4a7d-4ab3-adbe-2e67760b87f4: shutdown FollowerState
2019-10-18 11:25:44,780 [grpc-default-executor-3] INFO  impl.RoleInfo (RoleInfo.java:updateAndGet(143)) - 54aabb14-4a7d-4ab3-adbe-2e67760b87f4: start FollowerState
2019-10-18 11:25:44,780 [Thread-4013] INFO  impl.FollowerState (FollowerState.java:run(117)) - 54aabb14-4a7d-4ab3-adbe-2e67760b87f4@group-7E32184879DE-FollowerState was interrupted: java.lang.InterruptedException: sleep interrupted
2019-10-18 11:25:44,780 [grpc-default-executor-0] INFO  impl.RaftServerImpl (RaftServerImpl.java:setRole(184)) - c652e2ee-3322-4406-8db6-1ea643cb3197@group-7E32184879DE: changes role from  FOLLOWER to FOLLOWER at term 667 for recognizeCandidate:f535bb4a-cba0-4f9b-9e3e-e4a48b3eda51
2019-10-18 11:25:44,781 [grpc-default-executor-0] INFO  impl.RoleInfo (RoleInfo.java:shutdownFollowerState(121)) - c652e2ee-3322-4406-8db6-1ea643cb3197: shutdown FollowerState
2019-10-18 11:25:44,781 [grpc-default-executor-0] INFO  impl.RoleInfo (RoleInfo.java:updateAndGet(143)) - c652e2ee-3322-4406-8db6-1ea643cb3197: start FollowerState
2019-10-18 11:25:44,781 [Thread-4014] INFO  impl.FollowerState (FollowerState.java:run(117)) - c652e2ee-3322-4406-8db6-1ea643cb3197@group-7E32184879DE-FollowerState was interrupted: java.lang.InterruptedException: sleep interrupted
2019-10-18 11:25:44,804 [f535bb4a-cba0-4f9b-9e3e-e4a48b3eda51@group-7E32184879DE-LeaderElection566] INFO  impl.LeaderElection (LeaderElection.java:logAndReturn(56)) - f535bb4a-cba0-4f9b-9e3e-e4a48b3eda51@group-7E32184879DE-LeaderElection566: Election REJECTED; received 2 response(s) [f535bb4a-cba0-4f9b-9e3e-e4a48b3eda51<-54aabb14-4a7d-4ab3-adbe-2e67760b87f4#0:FAIL-t667, f535bb4a-cba0-4f9b-9e3e-e4a48b3eda51<-c652e2ee-3322-4406-8db6-1ea643cb3197#0:FAIL-t667] and 0 exception(s); f535bb4a-cba0-4f9b-9e3e-e4a48b3eda51@group-7E32184879DE:t667, leader=null, voted=f535bb4a-cba0-4f9b-9e3e-e4a48b3eda51, raftlog=f535bb4a-cba0-4f9b-9e3e-e4a48b3eda51@group-7E32184879DE-SegmentedRaftLog:OPENED:c-1,f-1,i0, conf=-1: [f535bb4a-cba0-4f9b-9e3e-e4a48b3eda51:0.0.0.0:44706, 54aabb14-4a7d-4ab3-adbe-2e67760b87f4:0.0.0.0:43074, c652e2ee-3322-4406-8db6-1ea643cb3197:0.0.0.0:42129], old=null
2019-10-18 11:25:44,804 [f535bb4a-cba0-4f9b-9e3e-e4a48b3eda51@group-7E32184879DE-LeaderElection566] INFO  impl.RaftServerImpl (RaftServerImpl.java:setRole(184)) - f535bb4a-cba0-4f9b-9e3e-e4a48b3eda51@group-7E32184879DE: changes role from CANDIDATE to FOLLOWER at term 667 for DISCOVERED_A_NEW_TERM
2019-10-18 11:25:44,804 [f535bb4a-cba0-4f9b-9e3e-e4a48b3eda51@group-7E32184879DE-LeaderElection566] INFO  impl.RoleInfo (RoleInfo.java:shutdownLeaderElection(134)) - f535bb4a-cba0-4f9b-9e3e-e4a48b3eda51: shutdown LeaderElection
2019-10-18 11:25:44,804 [f535bb4a-cba0-4f9b-9e3e-e4a48b3eda51@group-7E32184879DE-LeaderElection566] INFO  impl.RoleInfo (RoleInfo.java:updateAndGet(143)) - f535bb4a-cba0-4f9b-9e3e-e4a48b3eda51: start FollowerState
2019-10-18 11:25:44,835 [Thread-4019] INFO  impl.FollowerState (FollowerState.java:run(108)) - f535bb4a-cba0-4f9b-9e3e-e4a48b3eda51@group-7E32184879DE-FollowerState: change to CANDIDATE, lastRpcTime:30ms, electionTimeout:30ms
2019-10-18 11:25:44,835 [Thread-4019] INFO  impl.RoleInfo (RoleInfo.java:shutdownFollowerState(121)) - f535bb4a-cba0-4f9b-9e3e-e4a48b3eda51: shutdown FollowerState
2019-10-18 11:25:44,835 [Thread-4019] INFO  impl.RaftServerImpl (RaftServerImpl.java:setRole(184)) - f535bb4a-cba0-4f9b-9e3e-e4a48b3eda51@group-7E32184879DE: changes role from  FOLLOWER to CANDIDATE at term 667 for changeToCandidate
2019-10-18 11:25:44,835 [Thread-4019] INFO  impl.RoleInfo (RoleInfo.java:updateAndGet(143)) - f535bb4a-cba0-4f9b-9e3e-e4a48b3eda51: start LeaderElection
2019-10-18 11:25:44,862 [f535bb4a-cba0-4f9b-9e3e-e4a48b3eda51@group-7E32184879DE-LeaderElection567] INFO  impl.LeaderElection (LeaderElection.java:askForVotes(178)) - f535bb4a-cba0-4f9b-9e3e-e4a48b3eda51@group-7E32184879DE-LeaderElection567: begin an election at term 668 for -1: [f535bb4a-cba0-4f9b-9e3e-e4a48b3eda51:0.0.0.0:44706, 54aabb14-4a7d-4ab3-adbe-2e67760b87f4:0.0.0.0:43074, c652e2ee-3322-4406-8db6-1ea643cb3197:0.0.0.0:42129], old=null
2019-10-18 11:25:44,864 [grpc-default-executor-3] INFO  impl.RaftServerImpl (RaftServerImpl.java:setRole(184)) - 54aabb14-4a7d-4ab3-adbe-2e67760b87f4@group-7E32184879DE: changes role from  FOLLOWER to FOLLOWER at term 668 for recognizeCandidate:f535bb4a-cba0-4f9b-9e3e-e4a48b3eda51
2019-10-18 11:25:44,864 [grpc-default-executor-0] INFO  impl.RaftServerImpl (RaftServerImpl.java:setRole(184)) - c652e2ee-3322-4406-8db6-1ea643cb3197@group-7E32184879DE: changes role from  FOLLOWER to FOLLOWER at term 668 for recognizeCandidate:f535bb4a-cba0-4f9b-9e3e-e4a48b3eda51
2019-10-18 11:25:44,864 [grpc-default-executor-0] INFO  impl.RoleInfo (RoleInfo.java:shutdownFollowerState(121)) - c652e2ee-3322-4406-8db6-1ea643cb3197: shutdown FollowerState
2019-10-18 11:25:44,864 [grpc-default-executor-3] INFO  impl.RoleInfo (RoleInfo.java:shutdownFollowerState(121)) - 54aabb14-4a7d-4ab3-adbe-2e67760b87f4: shutdown FollowerState
2019-10-18 11:25:44,864 [grpc-default-executor-3] INFO  impl.RoleInfo (RoleInfo.java:updateAndGet(143)) - 54aabb14-4a7d-4ab3-adbe-2e67760b87f4: start FollowerState
2019-10-18 11:25:44,864 [Thread-4018] INFO  impl.FollowerState (FollowerState.java:run(117)) - c652e2ee-3322-4406-8db6-1ea643cb3197@group-7E32184879DE-FollowerState was interrupted: java.lang.InterruptedException: sleep interrupted
2019-10-18 11:25:44,864 [grpc-default-executor-0] INFO  impl.RoleInfo (RoleInfo.java:updateAndGet(143)) - c652e2ee-3322-4406-8db6-1ea643cb3197: start FollowerState
2019-10-18 11:25:44,864 [Thread-4017] INFO  impl.FollowerState (FollowerState.java:run(117)) - 54aabb14-4a7d-4ab3-adbe-2e67760b87f4@group-7E32184879DE-FollowerState was interrupted: java.lang.InterruptedException: sleep interrupted
2019-10-18 11:25:44,888 [f535bb4a-cba0-4f9b-9e3e-e4a48b3eda51@group-7E32184879DE-LeaderElection567] INFO  impl.LeaderElection (LeaderElection.java:logAndReturn(56)) - f535bb4a-cba0-4f9b-9e3e-e4a48b3eda51@group-7E32184879DE-LeaderElection567: Election REJECTED; received 2 response(s) [f535bb4a-cba0-4f9b-9e3e-e4a48b3eda51<-54aabb14-4a7d-4ab3-adbe-2e67760b87f4#0:FAIL-t668, f535bb4a-cba0-4f9b-9e3e-e4a48b3eda51<-c652e2ee-3322-4406-8db6-1ea643cb3197#0:FAIL-t668] and 0 exception(s); f535bb4a-cba0-4f9b-9e3e-e4a48b3eda51@group-7E32184879DE:t668, leader=null, voted=f535bb4a-cba0-4f9b-9e3e-e4a48b3eda51, raftlog=f535bb4a-cba0-4f9b-9e3e-e4a48b3eda51@group-7E32184879DE-SegmentedRaftLog:OPENED:c-1,f-1,i0, conf=-1: [f535bb4a-cba0-4f9b-9e3e-e4a48b3eda51:0.0.0.0:44706, 54aabb14-4a7d-4ab3-adbe-2e67760b87f4:0.0.0.0:43074, c652e2ee-3322-4406-8db6-1ea643cb3197:0.0.0.0:42129], old=null
2019-10-18 11:25:44,888 [f535bb4a-cba0-4f9b-9e3e-e4a48b3eda51@group-7E32184879DE-LeaderElection567] INFO  impl.RaftServerImpl (RaftServerImpl.java:setRole(184)) - f535bb4a-cba0-4f9b-9e3e-e4a48b3eda51@group-7E32184879DE: changes role from CANDIDATE to FOLLOWER at term 668 for DISCOVERED_A_NEW_TERM
2019-10-18 11:25:44,888 [f535bb4a-cba0-4f9b-9e3e-e4a48b3eda51@group-7E32184879DE-LeaderElection567] INFO  impl.RoleInfo (RoleInfo.java:shutdownLeaderElection(134)) - f535bb4a-cba0-4f9b-9e3e-e4a48b3eda51: shutdown LeaderElection
2019-10-18 11:25:44,889 [f535bb4a-cba0-4f9b-9e3e-e4a48b3eda51@group-7E32184879DE-LeaderElection567] INFO  impl.RoleInfo (RoleInfo.java:updateAndGet(143)) - f535bb4a-cba0-4f9b-9e3e-e4a48b3eda51: start FollowerState
2019-10-18 11:25:44,953 [Thread-4025] INFO  impl.FollowerState (FollowerState.java:run(108)) - f535bb4a-cba0-4f9b-9e3e-e4a48b3eda51@group-7E32184879DE-FollowerState: change to CANDIDATE, lastRpcTime:64ms, electionTimeout:64ms
2019-10-18 11:25:44,953 [Thread-4025] INFO  impl.RoleInfo (RoleInfo.java:shutdownFollowerState(121)) - f535bb4a-cba0-4f9b-9e3e-e4a48b3eda51: shutdown FollowerState
2019-10-18 11:25:44,953 [Thread-4025] INFO  impl.RaftServerImpl (RaftServerImpl.java:setRole(184)) - f535bb4a-cba0-4f9b-9e3e-e4a48b3eda51@group-7E32184879DE: changes role from  FOLLOWER to CANDIDATE at term 668 for changeToCandidate
2019-10-18 11:25:44,953 [Thread-4025] INFO  impl.RoleInfo (RoleInfo.java:updateAndGet(143)) - f535bb4a-cba0-4f9b-9e3e-e4a48b3eda51: start LeaderElection
2019-10-18 11:25:44,977 [f535bb4a-cba0-4f9b-9e3e-e4a48b3eda51@group-7E32184879DE-LeaderElection568] INFO  impl.LeaderElection (LeaderElection.java:askForVotes(178)) - f535bb4a-cba0-4f9b-9e3e-e4a48b3eda51@group-7E32184879DE-LeaderElection568: begin an election at term 669 for -1: [f535bb4a-cba0-4f9b-9e3e-e4a48b3eda51:0.0.0.0:44706, 54aabb14-4a7d-4ab3-adbe-2e67760b87f4:0.0.0.0:43074, c652e2ee-3322-4406-8db6-1ea643cb3197:0.0.0.0:42129], old=null
2019-10-18 11:25:44,978 [grpc-default-executor-3] INFO  impl.RaftServerImpl (RaftServerImpl.java:setRole(184)) - 54aabb14-4a7d-4ab3-adbe-2e67760b87f4@group-7E32184879DE: changes role from  FOLLOWER to FOLLOWER at term 669 for recognizeCandidate:f535bb4a-cba0-4f9b-9e3e-e4a48b3eda51
2019-10-18 11:25:44,978 [grpc-default-executor-3] INFO  impl.RoleInfo (RoleInfo.java:shutdownFollowerState(121)) - 54aabb14-4a7d-4ab3-adbe-2e67760b87f4: shutdown FollowerState
2019-10-18 11:25:44,978 [grpc-default-executor-3] INFO  impl.RoleInfo (RoleInfo.java:updateAndGet(143)) - 54aabb14-4a7d-4ab3-adbe-2e67760b87f4: start FollowerState
2019-10-18 11:25:44,978 [Thread-4024] INFO  impl.FollowerState (FollowerState.java:run(117)) - 54aabb14-4a7d-4ab3-adbe-2e67760b87f4@group-7E32184879DE-FollowerState was interrupted: java.lang.InterruptedException: sleep interrupted
2019-10-18 11:25:44,978 [grpc-default-executor-0] INFO  impl.RaftServerImpl (RaftServerImpl.java:setRole(184)) - c652e2ee-3322-4406-8db6-1ea643cb3197@group-7E32184879DE: changes role from  FOLLOWER to FOLLOWER at term 669 for recognizeCandidate:f535bb4a-cba0-4f9b-9e3e-e4a48b3eda51
2019-10-18 11:25:44,978 [grpc-default-executor-0] INFO  impl.RoleInfo (RoleInfo.java:shutdownFollowerState(121)) - c652e2ee-3322-4406-8db6-1ea643cb3197: shutdown FollowerState
2019-10-18 11:25:44,979 [grpc-default-executor-0] INFO  impl.RoleInfo (RoleInfo.java:updateAndGet(143)) - c652e2ee-3322-4406-8db6-1ea643cb3197: start FollowerState
2019-10-18 11:25:44,979 [Thread-4023] INFO  impl.FollowerState (FollowerState.java:run(117)) - c652e2ee-3322-4406-8db6-1ea643cb3197@group-7E32184879DE-FollowerState was interrupted: java.lang.InterruptedException: sleep interrupted
2019-10-18 11:25:45,002 [f535bb4a-cba0-4f9b-9e3e-e4a48b3eda51@group-7E32184879DE-LeaderElection568] INFO  impl.LeaderElection (LeaderElection.java:logAndReturn(56)) - f535bb4a-cba0-4f9b-9e3e-e4a48b3eda51@group-7E32184879DE-LeaderElection568: Election REJECTED; received 2 response(s) [f535bb4a-cba0-4f9b-9e3e-e4a48b3eda51<-54aabb14-4a7d-4ab3-adbe-2e67760b87f4#0:FAIL-t669, f535bb4a-cba0-4f9b-9e3e-e4a48b3eda51<-c652e2ee-3322-4406-8db6-1ea643cb3197#0:FAIL-t669] and 0 exception(s); f535bb4a-cba0-4f9b-9e3e-e4a48b3eda51@group-7E32184879DE:t669, leader=null, voted=f535bb4a-cba0-4f9b-9e3e-e4a48b3eda51, raftlog=f535bb4a-cba0-4f9b-9e3e-e4a48b3eda51@group-7E32184879DE-SegmentedRaftLog:OPENED:c-1,f-1,i0, conf=-1: [f535bb4a-cba0-4f9b-9e3e-e4a48b3eda51:0.0.0.0:44706, 54aabb14-4a7d-4ab3-adbe-2e67760b87f4:0.0.0.0:43074, c652e2ee-3322-4406-8db6-1ea643cb3197:0.0.0.0:42129], old=null
2019-10-18 11:25:45,002 [f535bb4a-cba0-4f9b-9e3e-e4a48b3eda51@group-7E32184879DE-LeaderElection568] INFO  impl.RaftServerImpl (RaftServerImpl.java:setRole(184)) - f535bb4a-cba0-4f9b-9e3e-e4a48b3eda51@group-7E32184879DE: changes role from CANDIDATE to FOLLOWER at term 669 for DISCOVERED_A_NEW_TERM
2019-10-18 11:25:45,002 [f535bb4a-cba0-4f9b-9e3e-e4a48b3eda51@group-7E32184879DE-LeaderElection568] INFO  impl.RoleInfo (RoleInfo.java:shutdownLeaderElection(134)) - f535bb4a-cba0-4f9b-9e3e-e4a48b3eda51: shutdown LeaderElection
2019-10-18 11:25:45,002 [f535bb4a-cba0-4f9b-9e3e-e4a48b3eda51@group-7E32184879DE-LeaderElection568] INFO  impl.RoleInfo (RoleInfo.java:updateAndGet(143)) - f535bb4a-cba0-4f9b-9e3e-e4a48b3eda51: start FollowerState
2019-10-18 11:25:45,107 [Thread-4031] INFO  impl.FollowerState (FollowerState.java:run(108)) - f535bb4a-cba0-4f9b-9e3e-e4a48b3eda51@group-7E32184879DE-FollowerState: change to CANDIDATE, lastRpcTime:105ms, electionTimeout:105ms
2019-10-18 11:25:45,108 [Thread-4031] INFO  impl.RoleInfo (RoleInfo.java:shutdownFollowerState(121)) - f535bb4a-cba0-4f9b-9e3e-e4a48b3eda51: shutdown FollowerState
2019-10-18 11:25:45,108 [Thread-4031] INFO  impl.RaftServerImpl (RaftServerImpl.java:setRole(184)) - f535bb4a-cba0-4f9b-9e3e-e4a48b3eda51@group-7E32184879DE: changes role from  FOLLOWER to CANDIDATE at term 669 for changeToCandidate
2019-10-18 11:25:45,108 [Thread-4031] INFO  impl.RoleInfo (RoleInfo.java:updateAndGet(143)) - f535bb4a-cba0-4f9b-9e3e-e4a48b3eda51: start LeaderElection
2019-10-18 11:25:45,131 [f535bb4a-cba0-4f9b-9e3e-e4a48b3eda51@group-7E32184879DE-LeaderElection569] INFO  impl.LeaderElection (LeaderElection.java:askForVotes(178)) - f535bb4a-cba0-4f9b-9e3e-e4a48b3eda51@group-7E32184879DE-LeaderElection569: begin an election at term 670 for -1: [f535bb4a-cba0-4f9b-9e3e-e4a48b3eda51:0.0.0.0:44706, 54aabb14-4a7d-4ab3-adbe-2e67760b87f4:0.0.0.0:43074, c652e2ee-3322-4406-8db6-1ea643cb3197:0.0.0.0:42129], old=null
2019-10-18 11:25:45,134 [grpc-default-executor-0] INFO  impl.RaftServerImpl (RaftServerImpl.java:setRole(184)) - c652e2ee-3322-4406-8db6-1ea643cb3197@group-7E32184879DE: changes role from  FOLLOWER to FOLLOWER at term 670 for recognizeCandidate:f535bb4a-cba0-4f9b-9e3e-e4a48b3eda51
2019-10-18 11:25:45,134 [grpc-default-executor-0] INFO  impl.RoleInfo (RoleInfo.java:shutdownFollowerState(121)) - c652e2ee-3322-4406-8db6-1ea643cb3197: shutdown FollowerState
2019-10-18 11:25:45,134 [grpc-default-executor-3] INFO  impl.RaftServerImpl (RaftServerImpl.java:setRole(184)) - 54aabb14-4a7d-4ab3-adbe-2e67760b87f4@group-7E32184879DE: changes role from  FOLLOWER to FOLLOWER at term 670 for recognizeCandidate:f535bb4a-cba0-4f9b-9e3e-e4a48b3eda51
2019-10-18 11:25:45,134 [grpc-default-executor-3] INFO  impl.RoleInfo (RoleInfo.java:shutdownFollowerState(121)) - 54aabb14-4a7d-4ab3-adbe-2e67760b87f4: shutdown FollowerState
2019-10-18 11:25:45,134 [Thread-4030] INFO  impl.FollowerState (FollowerState.java:run(117)) - c652e2ee-3322-4406-8db6-1ea643cb3197@group-7E32184879DE-FollowerState was interrupted: java.lang.InterruptedException: sleep interrupted
2019-10-18 11:25:45,134 [grpc-default-executor-0] INFO  impl.RoleInfo (RoleInfo.java:updateAndGet(143)) - c652e2ee-3322-4406-8db6-1ea643cb3197: start FollowerState
2019-10-18 11:25:45,134 [Thread-4029] INFO  impl.FollowerState (FollowerState.java:run(117)) - 54aabb14-4a7d-4ab3-adbe-2e67760b87f4@group-7E32184879DE-FollowerState was interrupted: java.lang.InterruptedException: sleep interrupted
2019-10-18 11:25:45,134 [grpc-default-executor-3] INFO  impl.RoleInfo (RoleInfo.java:updateAndGet(143)) - 54aabb14-4a7d-4ab3-adbe-2e67760b87f4: start FollowerState
2019-10-18 11:25:45,158 [f535bb4a-cba0-4f9b-9e3e-e4a48b3eda51@group-7E32184879DE-LeaderElection569] INFO  impl.LeaderElection (LeaderElection.java:logAndReturn(56)) - f535bb4a-cba0-4f9b-9e3e-e4a48b3eda51@group-7E32184879DE-LeaderElection569: Election REJECTED; received 2 response(s) [f535bb4a-cba0-4f9b-9e3e-e4a48b3eda51<-54aabb14-4a7d-4ab3-adbe-2e67760b87f4#0:FAIL-t670, f535bb4a-cba0-4f9b-9e3e-e4a48b3eda51<-c652e2ee-3322-4406-8db6-1ea643cb3197#0:FAIL-t670] and 0 exception(s); f535bb4a-cba0-4f9b-9e3e-e4a48b3eda51@group-7E32184879DE:t670, leader=null, voted=f535bb4a-cba0-4f9b-9e3e-e4a48b3eda51, raftlog=f535bb4a-cba0-4f9b-9e3e-e4a48b3eda51@group-7E32184879DE-SegmentedRaftLog:OPENED:c-1,f-1,i0, conf=-1: [f535bb4a-cba0-4f9b-9e3e-e4a48b3eda51:0.0.0.0:44706, 54aabb14-4a7d-4ab3-adbe-2e67760b87f4:0.0.0.0:43074, c652e2ee-3322-4406-8db6-1ea643cb3197:0.0.0.0:42129], old=null
2019-10-18 11:25:45,159 [f535bb4a-cba0-4f9b-9e3e-e4a48b3eda51@group-7E32184879DE-LeaderElection569] INFO  impl.RaftServerImpl (RaftServerImpl.java:setRole(184)) - f535bb4a-cba0-4f9b-9e3e-e4a48b3eda51@group-7E32184879DE: changes role from CANDIDATE to FOLLOWER at term 670 for DISCOVERED_A_NEW_TERM
2019-10-18 11:25:45,159 [f535bb4a-cba0-4f9b-9e3e-e4a48b3eda51@group-7E32184879DE-LeaderElection569] INFO  impl.RoleInfo (RoleInfo.java:shutdownLeaderElection(134)) - f535bb4a-cba0-4f9b-9e3e-e4a48b3eda51: shutdown LeaderElection
2019-10-18 11:25:45,159 [f535bb4a-cba0-4f9b-9e3e-e4a48b3eda51@group-7E32184879DE-LeaderElection569] INFO  impl.RoleInfo (RoleInfo.java:updateAndGet(143)) - f535bb4a-cba0-4f9b-9e3e-e4a48b3eda51: start FollowerState
2019-10-18 11:25:45,259 [Thread-4037] INFO  impl.FollowerState (FollowerState.java:run(108)) - f535bb4a-cba0-4f9b-9e3e-e4a48b3eda51@group-7E32184879DE-FollowerState: change to CANDIDATE, lastRpcTime:100ms, electionTimeout:100ms
2019-10-18 11:25:45,259 [Thread-4037] INFO  impl.RoleInfo (RoleInfo.java:shutdownFollowerState(121)) - f535bb4a-cba0-4f9b-9e3e-e4a48b3eda51: shutdown FollowerState
2019-10-18 11:25:45,259 [Thread-4037] INFO  impl.RaftServerImpl (RaftServerImpl.java:setRole(184)) - f535bb4a-cba0-4f9b-9e3e-e4a48b3eda51@group-7E32184879DE: changes role from  FOLLOWER to CANDIDATE at term 670 for changeToCandidate
2019-10-18 11:25:45,259 [Thread-4037] INFO  impl.RoleInfo (RoleInfo.java:updateAndGet(143)) - f535bb4a-cba0-4f9b-9e3e-e4a48b3eda51: start LeaderElection
2019-10-18 11:25:45,283 [f535bb4a-cba0-4f9b-9e3e-e4a48b3eda51@group-7E32184879DE-LeaderElection570] INFO  impl.LeaderElection (LeaderElection.java:askForVotes(178)) - f535bb4a-cba0-4f9b-9e3e-e4a48b3eda51@group-7E32184879DE-LeaderElection570: begin an election at term 671 for -1: [f535bb4a-cba0-4f9b-9e3e-e4a48b3eda51:0.0.0.0:44706, 54aabb14-4a7d-4ab3-adbe-2e67760b87f4:0.0.0.0:43074, c652e2ee-3322-4406-8db6-1ea643cb3197:0.0.0.0:42129], old=null
2019-10-18 11:25:45,284 [grpc-default-executor-3] INFO  impl.RaftServerImpl (RaftServerImpl.java:setRole(184)) - 54aabb14-4a7d-4ab3-adbe-2e67760b87f4@group-7E32184879DE: changes role from  FOLLOWER to FOLLOWER at term 671 for recognizeCandidate:f535bb4a-cba0-4f9b-9e3e-e4a48b3eda51
2019-10-18 11:25:45,285 [grpc-default-executor-3] INFO  impl.RoleInfo (RoleInfo.java:shutdownFollowerState(121)) - 54aabb14-4a7d-4ab3-adbe-2e67760b87f4: shutdown FollowerState
2019-10-18 11:25:45,285 [grpc-default-executor-1] INFO  impl.RaftServerImpl (RaftServerImpl.java:setRole(184)) - c652e2ee-3322-4406-8db6-1ea643cb3197@group-7E32184879DE: changes role from  FOLLOWER to FOLLOWER at term 671 for recognizeCandidate:f535bb4a-cba0-4f9b-9e3e-e4a48b3eda51
2019-10-18 11:25:45,285 [Thread-4036] INFO  impl.FollowerState (FollowerState.java:run(117)) - 54aabb14-4a7d-4ab3-adbe-2e67760b87f4@group-7E32184879DE-FollowerState was interrupted: java.lang.InterruptedException: sleep interrupted
2019-10-18 11:25:45,285 [grpc-default-executor-3] INFO  impl.RoleInfo (RoleInfo.java:updateAndGet(143)) - 54aabb14-4a7d-4ab3-adbe-2e67760b87f4: start FollowerState
2019-10-18 11:25:45,285 [grpc-default-executor-1] INFO  impl.RoleInfo (RoleInfo.java:shutdownFollowerState(121)) - c652e2ee-3322-4406-8db6-1ea643cb3197: shutdown FollowerState
2019-10-18 11:25:45,285 [grpc-default-executor-1] INFO  impl.RoleInfo (RoleInfo.java:updateAndGet(143)) - c652e2ee-3322-4406-8db6-1ea643cb3197: start FollowerState
2019-10-18 11:25:45,285 [Thread-4035] INFO  impl.FollowerState (FollowerState.java:run(117)) - c652e2ee-3322-4406-8db6-1ea643cb3197@group-7E32184879DE-FollowerState was interrupted: java.lang.InterruptedException: sleep interrupted
2019-10-18 11:25:45,309 [f535bb4a-cba0-4f9b-9e3e-e4a48b3eda51@group-7E32184879DE-LeaderElection570] INFO  impl.LeaderElection (LeaderElection.java:logAndReturn(56)) - f535bb4a-cba0-4f9b-9e3e-e4a48b3eda51@group-7E32184879DE-LeaderElection570: Election REJECTED; received 2 response(s) [f535bb4a-cba0-4f9b-9e3e-e4a48b3eda51<-54aabb14-4a7d-4ab3-adbe-2e67760b87f4#0:FAIL-t671, f535bb4a-cba0-4f9b-9e3e-e4a48b3eda51<-c652e2ee-3322-4406-8db6-1ea643cb3197#0:FAIL-t671] and 0 exception(s); f535bb4a-cba0-4f9b-9e3e-e4a48b3eda51@group-7E32184879DE:t671, leader=null, voted=f535bb4a-cba0-4f9b-9e3e-e4a48b3eda51, raftlog=f535bb4a-cba0-4f9b-9e3e-e4a48b3eda51@group-7E32184879DE-SegmentedRaftLog:OPENED:c-1,f-1,i0, conf=-1: [f535bb4a-cba0-4f9b-9e3e-e4a48b3eda51:0.0.0.0:44706, 54aabb14-4a7d-4ab3-adbe-2e67760b87f4:0.0.0.0:43074, c652e2ee-3322-4406-8db6-1ea643cb3197:0.0.0.0:42129], old=null
2019-10-18 11:25:45,309 [f535bb4a-cba0-4f9b-9e3e-e4a48b3eda51@group-7E32184879DE-LeaderElection570] INFO  impl.RaftServerImpl (RaftServerImpl.java:setRole(184)) - f535bb4a-cba0-4f9b-9e3e-e4a48b3eda51@group-7E32184879DE: changes role from CANDIDATE to FOLLOWER at term 671 for DISCOVERED_A_NEW_TERM
2019-10-18 11:25:45,309 [f535bb4a-cba0-4f9b-9e3e-e4a48b3eda51@group-7E32184879DE-LeaderElection570] INFO  impl.RoleInfo (RoleInfo.java:shutdownLeaderElection(134)) - f535bb4a-cba0-4f9b-9e3e-e4a48b3eda51: shutdown LeaderElection
2019-10-18 11:25:45,309 [f535bb4a-cba0-4f9b-9e3e-e4a48b3eda51@group-7E32184879DE-LeaderElection570] INFO  impl.RoleInfo (RoleInfo.java:updateAndGet(143)) - f535bb4a-cba0-4f9b-9e3e-e4a48b3eda51: start FollowerState
2019-10-18 11:25:45,485 [Thread-4043] INFO  impl.FollowerState (FollowerState.java:run(108)) - f535bb4a-cba0-4f9b-9e3e-e4a48b3eda51@group-7E32184879DE-FollowerState: change to CANDIDATE, lastRpcTime:176ms, electionTimeout:176ms
2019-10-18 11:25:45,486 [Thread-4043] INFO  impl.RoleInfo (RoleInfo.java:shutdownFollowerState(121)) - f535bb4a-cba0-4f9b-9e3e-e4a48b3eda51: shutdown FollowerState
2019-10-18 11:25:45,486 [Thread-4043] INFO  impl.RaftServerImpl (RaftServerImpl.java:setRole(184)) - f535bb4a-cba0-4f9b-9e3e-e4a48b3eda51@group-7E32184879DE: changes role from  FOLLOWER to CANDIDATE at term 671 for changeToCandidate
2019-10-18 11:25:45,486 [Thread-4043] INFO  impl.RoleInfo (RoleInfo.java:updateAndGet(143)) - f535bb4a-cba0-4f9b-9e3e-e4a48b3eda51: start LeaderElection
2019-10-18 11:25:45,510 [f535bb4a-cba0-4f9b-9e3e-e4a48b3eda51@group-7E32184879DE-LeaderElection571] INFO  impl.LeaderElection (LeaderElection.java:askForVotes(178)) - f535bb4a-cba0-4f9b-9e3e-e4a48b3eda51@group-7E32184879DE-LeaderElection571: begin an election at term 672 for -1: [f535bb4a-cba0-4f9b-9e3e-e4a48b3eda51:0.0.0.0:44706, 54aabb14-4a7d-4ab3-adbe-2e67760b87f4:0.0.0.0:43074, c652e2ee-3322-4406-8db6-1ea643cb3197:0.0.0.0:42129], old=null
2019-10-18 11:25:45,511 [grpc-default-executor-3] INFO  impl.RaftServerImpl (RaftServerImpl.java:setRole(184)) - 54aabb14-4a7d-4ab3-adbe-2e67760b87f4@group-7E32184879DE: changes role from  FOLLOWER to FOLLOWER at term 672 for recognizeCandidate:f535bb4a-cba0-4f9b-9e3e-e4a48b3eda51
2019-10-18 11:25:45,512 [grpc-default-executor-3] INFO  impl.RoleInfo (RoleInfo.java:shutdownFollowerState(121)) - 54aabb14-4a7d-4ab3-adbe-2e67760b87f4: shutdown FollowerState
2019-10-18 11:25:45,512 [grpc-default-executor-3] INFO  impl.RoleInfo (RoleInfo.java:updateAndGet(143)) - 54aabb14-4a7d-4ab3-adbe-2e67760b87f4: start FollowerState
2019-10-18 11:25:45,512 [Thread-4041] INFO  impl.FollowerState (FollowerState.java:run(117)) - 54aabb14-4a7d-4ab3-adbe-2e67760b87f4@group-7E32184879DE-FollowerState was interrupted: java.lang.InterruptedException: sleep interrupted
2019-10-18 11:25:45,512 [grpc-default-executor-1] INFO  impl.RaftServerImpl (RaftServerImpl.java:setRole(184)) - c652e2ee-3322-4406-8db6-1ea643cb3197@group-7E32184879DE: changes role from  FOLLOWER to FOLLOWER at term 672 for recognizeCandidate:f535bb4a-cba0-4f9b-9e3e-e4a48b3eda51
2019-10-18 11:25:45,512 [grpc-default-executor-1] INFO  impl.RoleInfo (RoleInfo.java:shutdownFollowerState(121)) - c652e2ee-3322-4406-8db6-1ea643cb3197: shutdown FollowerState
2019-10-18 11:25:45,512 [grpc-default-executor-1] INFO  impl.RoleInfo (RoleInfo.java:updateAndGet(143)) - c652e2ee-3322-4406-8db6-1ea643cb3197: start FollowerState
2019-10-18 11:25:45,512 [Thread-4042] INFO  impl.FollowerState (FollowerState.java:run(117)) - c652e2ee-3322-4406-8db6-1ea643cb3197@group-7E32184879DE-FollowerState was interrupted: java.lang.InterruptedException: sleep interrupted
2019-10-18 11:25:45,550 [f535bb4a-cba0-4f9b-9e3e-e4a48b3eda51@group-7E32184879DE-LeaderElection571] INFO  impl.LeaderElection (LeaderElection.java:logAndReturn(56)) - f535bb4a-cba0-4f9b-9e3e-e4a48b3eda51@group-7E32184879DE-LeaderElection571: Election REJECTED; received 2 response(s) [f535bb4a-cba0-4f9b-9e3e-e4a48b3eda51<-54aabb14-4a7d-4ab3-adbe-2e67760b87f4#0:FAIL-t672, f535bb4a-cba0-4f9b-9e3e-e4a48b3eda51<-c652e2ee-3322-4406-8db6-1ea643cb3197#0:FAIL-t672] and 0 exception(s); f535bb4a-cba0-4f9b-9e3e-e4a48b3eda51@group-7E32184879DE:t672, leader=null, voted=f535bb4a-cba0-4f9b-9e3e-e4a48b3eda51, raftlog=f535bb4a-cba0-4f9b-9e3e-e4a48b3eda51@group-7E32184879DE-SegmentedRaftLog:OPENED:c-1,f-1,i0, conf=-1: [f535bb4a-cba0-4f9b-9e3e-e4a48b3eda51:0.0.0.0:44706, 54aabb14-4a7d-4ab3-adbe-2e67760b87f4:0.0.0.0:43074, c652e2ee-3322-4406-8db6-1ea643cb3197:0.0.0.0:42129], old=null
2019-10-18 11:25:45,550 [f535bb4a-cba0-4f9b-9e3e-e4a48b3eda51@group-7E32184879DE-LeaderElection571] INFO  impl.RaftServerImpl (RaftServerImpl.java:setRole(184)) - f535bb4a-cba0-4f9b-9e3e-e4a48b3eda51@group-7E32184879DE: changes role from CANDIDATE to FOLLOWER at term 672 for DISCOVERED_A_NEW_TERM
2019-10-18 11:25:45,550 [f535bb4a-cba0-4f9b-9e3e-e4a48b3eda51@group-7E32184879DE-LeaderElection571] INFO  impl.RoleInfo (RoleInfo.java:shutdownLeaderElection(134)) - f535bb4a-cba0-4f9b-9e3e-e4a48b3eda51: shutdown LeaderElection
2019-10-18 11:25:45,550 [f535bb4a-cba0-4f9b-9e3e-e4a48b3eda51@group-7E32184879DE-LeaderElection571] INFO  impl.RoleInfo (RoleInfo.java:updateAndGet(143)) - f535bb4a-cba0-4f9b-9e3e-e4a48b3eda51: start FollowerState
2019-10-18 11:25:45,682 [Thread-4049] INFO  impl.FollowerState (FollowerState.java:run(108)) - f535bb4a-cba0-4f9b-9e3e-e4a48b3eda51@group-7E32184879DE-FollowerState: change to CANDIDATE, lastRpcTime:131ms, electionTimeout:131ms
2019-10-18 11:25:45,682 [Thread-4049] INFO  impl.RoleInfo (RoleInfo.java:shutdownFollowerState(121)) - f535bb4a-cba0-4f9b-9e3e-e4a48b3eda51: shutdown FollowerState
2019-10-18 11:25:45,682 [Thread-4049] INFO  impl.RaftServerImpl (RaftServerImpl.java:setRole(184)) - f535bb4a-cba0-4f9b-9e3e-e4a48b3eda51@group-7E32184879DE: changes role from  FOLLOWER to CANDIDATE at term 672 for changeToCandidate
2019-10-18 11:25:45,682 [Thread-4049] INFO  impl.RoleInfo (RoleInfo.java:updateAndGet(143)) - f535bb4a-cba0-4f9b-9e3e-e4a48b3eda51: start LeaderElection
2019-10-18 11:25:45,716 [f535bb4a-cba0-4f9b-9e3e-e4a48b3eda51@group-7E32184879DE-LeaderElection572] INFO  impl.LeaderElection (LeaderElection.java:askForVotes(178)) - f535bb4a-cba0-4f9b-9e3e-e4a48b3eda51@group-7E32184879DE-LeaderElection572: begin an election at term 673 for -1: [f535bb4a-cba0-4f9b-9e3e-e4a48b3eda51:0.0.0.0:44706, 54aabb14-4a7d-4ab3-adbe-2e67760b87f4:0.0.0.0:43074, c652e2ee-3322-4406-8db6-1ea643cb3197:0.0.0.0:42129], old=null
2019-10-18 11:25:45,717 [grpc-default-executor-1] INFO  impl.RaftServerImpl (RaftServerImpl.java:setRole(184)) - 54aabb14-4a7d-4ab3-adbe-2e67760b87f4@group-7E32184879DE: changes role from  FOLLOWER to FOLLOWER at term 673 for recognizeCandidate:f535bb4a-cba0-4f9b-9e3e-e4a48b3eda51
2019-10-18 11:25:45,718 [grpc-default-executor-3] INFO  impl.RaftServerImpl (RaftServerImpl.java:setRole(184)) - c652e2ee-3322-4406-8db6-1ea643cb3197@group-7E32184879DE: changes role from  FOLLOWER to FOLLOWER at term 673 for recognizeCandidate:f535bb4a-cba0-4f9b-9e3e-e4a48b3eda51
2019-10-18 11:25:45,718 [grpc-default-executor-3] INFO  impl.RoleInfo (RoleInfo.java:shutdownFollowerState(121)) - c652e2ee-3322-4406-8db6-1ea643cb3197: shutdown FollowerState
2019-10-18 11:25:45,718 [grpc-default-executor-1] INFO  impl.RoleInfo (RoleInfo.java:shutdownFollowerState(121)) - 54aabb14-4a7d-4ab3-adbe-2e67760b87f4: shutdown FollowerState
2019-10-18 11:25:45,718 [Thread-4048] INFO  impl.FollowerState (FollowerState.java:run(117)) - c652e2ee-3322-4406-8db6-1ea643cb3197@group-7E32184879DE-FollowerState was interrupted: java.lang.InterruptedException: sleep interrupted
2019-10-18 11:25:45,718 [grpc-default-executor-3] INFO  impl.RoleInfo (RoleInfo.java:updateAndGet(143)) - c652e2ee-3322-4406-8db6-1ea643cb3197: start FollowerState
2019-10-18 11:25:45,718 [Thread-4047] INFO  impl.FollowerState (FollowerState.java:run(117)) - 54aabb14-4a7d-4ab3-adbe-2e67760b87f4@group-7E32184879DE-FollowerState was interrupted: java.lang.InterruptedException: sleep interrupted
2019-10-18 11:25:45,718 [grpc-default-executor-1] INFO  impl.RoleInfo (RoleInfo.java:updateAndGet(143)) - 54aabb14-4a7d-4ab3-adbe-2e67760b87f4: start FollowerState
2019-10-18 11:25:45,767 [f535bb4a-cba0-4f9b-9e3e-e4a48b3eda51@group-7E32184879DE-LeaderElection572] INFO  impl.LeaderElection (LeaderElection.java:logAndReturn(56)) - f535bb4a-cba0-4f9b-9e3e-e4a48b3eda51@group-7E32184879DE-LeaderElection572: Election REJECTED; received 2 response(s) [f535bb4a-cba0-4f9b-9e3e-e4a48b3eda51<-54aabb14-4a7d-4ab3-adbe-2e67760b87f4#0:FAIL-t673, f535bb4a-cba0-4f9b-9e3e-e4a48b3eda51<-c652e2ee-3322-4406-8db6-1ea643cb3197#0:FAIL-t673] and 0 exception(s); f535bb4a-cba0-4f9b-9e3e-e4a48b3eda51@group-7E32184879DE:t673, leader=null, voted=f535bb4a-cba0-4f9b-9e3e-e4a48b3eda51, raftlog=f535bb4a-cba0-4f9b-9e3e-e4a48b3eda51@group-7E32184879DE-SegmentedRaftLog:OPENED:c-1,f-1,i0, conf=-1: [f535bb4a-cba0-4f9b-9e3e-e4a48b3eda51:0.0.0.0:44706, 54aabb14-4a7d-4ab3-adbe-2e67760b87f4:0.0.0.0:43074, c652e2ee-3322-4406-8db6-1ea643cb3197:0.0.0.0:42129], old=null
2019-10-18 11:25:45,767 [f535bb4a-cba0-4f9b-9e3e-e4a48b3eda51@group-7E32184879DE-LeaderElection572] INFO  impl.RaftServerImpl (RaftServerImpl.java:setRole(184)) - f535bb4a-cba0-4f9b-9e3e-e4a48b3eda51@group-7E32184879DE: changes role from CANDIDATE to FOLLOWER at term 673 for DISCOVERED_A_NEW_TERM
2019-10-18 11:25:45,767 [f535bb4a-cba0-4f9b-9e3e-e4a48b3eda51@group-7E32184879DE-LeaderElection572] INFO  impl.RoleInfo (RoleInfo.java:shutdownLeaderElection(134)) - f535bb4a-cba0-4f9b-9e3e-e4a48b3eda51: shutdown LeaderElection
2019-10-18 11:25:45,767 [f535bb4a-cba0-4f9b-9e3e-e4a48b3eda51@group-7E32184879DE-LeaderElection572] INFO  impl.RoleInfo (RoleInfo.java:updateAndGet(143)) - f535bb4a-cba0-4f9b-9e3e-e4a48b3eda51: start FollowerState
2019-10-18 11:25:45,869 [Thread-4057] INFO  impl.FollowerState (FollowerState.java:run(108)) - f535bb4a-cba0-4f9b-9e3e-e4a48b3eda51@group-7E32184879DE-FollowerState: change to CANDIDATE, lastRpcTime:101ms, electionTimeout:101ms
2019-10-18 11:25:45,869 [Thread-4057] INFO  impl.RoleInfo (RoleInfo.java:shutdownFollowerState(121)) - f535bb4a-cba0-4f9b-9e3e-e4a48b3eda51: shutdown FollowerState
2019-10-18 11:25:45,869 [Thread-4057] INFO  impl.RaftServerImpl (RaftServerImpl.java:setRole(184)) - f535bb4a-cba0-4f9b-9e3e-e4a48b3eda51@group-7E32184879DE: changes role from  FOLLOWER to CANDIDATE at term 673 for changeToCandidate
2019-10-18 11:25:45,869 [Thread-4057] INFO  impl.RoleInfo (RoleInfo.java:updateAndGet(143)) - f535bb4a-cba0-4f9b-9e3e-e4a48b3eda51: start LeaderElection
2019-10-18 11:25:45,900 [f535bb4a-cba0-4f9b-9e3e-e4a48b3eda51@group-7E32184879DE-LeaderElection573] INFO  impl.LeaderElection (LeaderElection.java:askForVotes(178)) - f535bb4a-cba0-4f9b-9e3e-e4a48b3eda51@group-7E32184879DE-LeaderElection573: begin an election at term 674 for -1: [f535bb4a-cba0-4f9b-9e3e-e4a48b3eda51:0.0.0.0:44706, 54aabb14-4a7d-4ab3-adbe-2e67760b87f4:0.0.0.0:43074, c652e2ee-3322-4406-8db6-1ea643cb3197:0.0.0.0:42129], old=null
2019-10-18 11:25:45,902 [grpc-default-executor-3] INFO  impl.RaftServerImpl (RaftServerImpl.java:setRole(184)) - 54aabb14-4a7d-4ab3-adbe-2e67760b87f4@group-7E32184879DE: changes role from  FOLLOWER to FOLLOWER at term 674 for recognizeCandidate:f535bb4a-cba0-4f9b-9e3e-e4a48b3eda51
2019-10-18 11:25:45,902 [grpc-default-executor-1] INFO  impl.RaftServerImpl (RaftServerImpl.java:setRole(184)) - c652e2ee-3322-4406-8db6-1ea643cb3197@group-7E32184879DE: changes role from  FOLLOWER to FOLLOWER at term 674 for recognizeCandidate:f535bb4a-cba0-4f9b-9e3e-e4a48b3eda51
2019-10-18 11:25:45,902 [grpc-default-executor-1] INFO  impl.RoleInfo (RoleInfo.java:shutdownFollowerState(121)) - c652e2ee-3322-4406-8db6-1ea643cb3197: shutdown FollowerState
2019-10-18 11:25:45,902 [grpc-default-executor-3] INFO  impl.RoleInfo (RoleInfo.java:shutdownFollowerState(121)) - 54aabb14-4a7d-4ab3-adbe-2e67760b87f4: shutdown FollowerState
2019-10-18 11:25:45,903 [Thread-4055] INFO  impl.FollowerState (FollowerState.java:run(117)) - c652e2ee-3322-4406-8db6-1ea643cb3197@group-7E32184879DE-FollowerState was interrupted: java.lang.InterruptedException: sleep interrupted
2019-10-18 11:25:45,903 [grpc-default-executor-1] INFO  impl.RoleInfo (RoleInfo.java:updateAndGet(143)) - c652e2ee-3322-4406-8db6-1ea643cb3197: start FollowerState
2019-10-18 11:25:45,903 [Thread-4056] INFO  impl.FollowerState (FollowerState.java:run(117)) - 54aabb14-4a7d-4ab3-adbe-2e67760b87f4@group-7E32184879DE-FollowerState was interrupted: java.lang.InterruptedException: sleep interrupted
2019-10-18 11:25:45,903 [grpc-default-executor-3] INFO  impl.RoleInfo (RoleInfo.java:updateAndGet(143)) - 54aabb14-4a7d-4ab3-adbe-2e67760b87f4: start FollowerState
2019-10-18 11:25:45,926 [f535bb4a-cba0-4f9b-9e3e-e4a48b3eda51@group-7E32184879DE-LeaderElection573] INFO  impl.LeaderElection (LeaderElection.java:logAndReturn(56)) - f535bb4a-cba0-4f9b-9e3e-e4a48b3eda51@group-7E32184879DE-LeaderElection573: Election REJECTED; received 2 response(s) [f535bb4a-cba0-4f9b-9e3e-e4a48b3eda51<-54aabb14-4a7d-4ab3-adbe-2e67760b87f4#0:FAIL-t674, f535bb4a-cba0-4f9b-9e3e-e4a48b3eda51<-c652e2ee-3322-4406-8db6-1ea643cb3197#0:FAIL-t674] and 0 exception(s); f535bb4a-cba0-4f9b-9e3e-e4a48b3eda51@group-7E32184879DE:t674, leader=null, voted=f535bb4a-cba0-4f9b-9e3e-e4a48b3eda51, raftlog=f535bb4a-cba0-4f9b-9e3e-e4a48b3eda51@group-7E32184879DE-SegmentedRaftLog:OPENED:c-1,f-1,i0, conf=-1: [f535bb4a-cba0-4f9b-9e3e-e4a48b3eda51:0.0.0.0:44706, 54aabb14-4a7d-4ab3-adbe-2e67760b87f4:0.0.0.0:43074, c652e2ee-3322-4406-8db6-1ea643cb3197:0.0.0.0:42129], old=null
2019-10-18 11:25:45,926 [f535bb4a-cba0-4f9b-9e3e-e4a48b3eda51@group-7E32184879DE-LeaderElection573] INFO  impl.RaftServerImpl (RaftServerImpl.java:setRole(184)) - f535bb4a-cba0-4f9b-9e3e-e4a48b3eda51@group-7E32184879DE: changes role from CANDIDATE to FOLLOWER at term 674 for DISCOVERED_A_NEW_TERM
2019-10-18 11:25:45,926 [f535bb4a-cba0-4f9b-9e3e-e4a48b3eda51@group-7E32184879DE-LeaderElection573] INFO  impl.RoleInfo (RoleInfo.java:shutdownLeaderElection(134)) - f535bb4a-cba0-4f9b-9e3e-e4a48b3eda51: shutdown LeaderElection
2019-10-18 11:25:45,926 [f535bb4a-cba0-4f9b-9e3e-e4a48b3eda51@group-7E32184879DE-LeaderElection573] INFO  impl.RoleInfo (RoleInfo.java:updateAndGet(143)) - f535bb4a-cba0-4f9b-9e3e-e4a48b3eda51: start FollowerState
2019-10-18 11:25:45,951 [Thread-4063] INFO  impl.FollowerState (FollowerState.java:run(108)) - f535bb4a-cba0-4f9b-9e3e-e4a48b3eda51@group-7E32184879DE-FollowerState: change to CANDIDATE, lastRpcTime:24ms, electionTimeout:24ms
2019-10-18 11:25:45,951 [Thread-4063] INFO  impl.RoleInfo (RoleInfo.java:shutdownFollowerState(121)) - f535bb4a-cba0-4f9b-9e3e-e4a48b3eda51: shutdown FollowerState
2019-10-18 11:25:45,951 [Thread-4063] INFO  impl.RaftServerImpl (RaftServerImpl.java:setRole(184)) - f535bb4a-cba0-4f9b-9e3e-e4a48b3eda51@group-7E32184879DE: changes role from  FOLLOWER to CANDIDATE at term 674 for changeToCandidate
2019-10-18 11:25:45,951 [Thread-4063] INFO  impl.RoleInfo (RoleInfo.java:updateAndGet(143)) - f535bb4a-cba0-4f9b-9e3e-e4a48b3eda51: start LeaderElection
2019-10-18 11:25:45,984 [f535bb4a-cba0-4f9b-9e3e-e4a48b3eda51@group-7E32184879DE-LeaderElection574] INFO  impl.LeaderElection (LeaderElection.java:askForVotes(178)) - f535bb4a-cba0-4f9b-9e3e-e4a48b3eda51@group-7E32184879DE-LeaderElection574: begin an election at term 675 for -1: [f535bb4a-cba0-4f9b-9e3e-e4a48b3eda51:0.0.0.0:44706, 54aabb14-4a7d-4ab3-adbe-2e67760b87f4:0.0.0.0:43074, c652e2ee-3322-4406-8db6-1ea643cb3197:0.0.0.0:42129], old=null
2019-10-18 11:25:45,985 [grpc-default-executor-1] INFO  impl.RaftServerImpl (RaftServerImpl.java:setRole(184)) - 54aabb14-4a7d-4ab3-adbe-2e67760b87f4@group-7E32184879DE: changes role from  FOLLOWER to FOLLOWER at term 675 for recognizeCandidate:f535bb4a-cba0-4f9b-9e3e-e4a48b3eda51
2019-10-18 11:25:45,986 [grpc-default-executor-1] INFO  impl.RoleInfo (RoleInfo.java:shutdownFollowerState(121)) - 54aabb14-4a7d-4ab3-adbe-2e67760b87f4: shutdown FollowerState
2019-10-18 11:25:45,986 [grpc-default-executor-1] INFO  impl.RoleInfo (RoleInfo.java:updateAndGet(143)) - 54aabb14-4a7d-4ab3-adbe-2e67760b87f4: start FollowerState
2019-10-18 11:25:45,986 [Thread-4062] INFO  impl.FollowerState (FollowerState.java:run(117)) - 54aabb14-4a7d-4ab3-adbe-2e67760b87f4@group-7E32184879DE-FollowerState was interrupted: java.lang.InterruptedException: sleep interrupted
2019-10-18 11:25:45,986 [grpc-default-executor-3] INFO  impl.RaftServerImpl (RaftServerImpl.java:setRole(184)) - c652e2ee-3322-4406-8db6-1ea643cb3197@group-7E32184879DE: changes role from  FOLLOWER to FOLLOWER at term 675 for recognizeCandidate:f535bb4a-cba0-4f9b-9e3e-e4a48b3eda51
2019-10-18 11:25:45,986 [grpc-default-executor-3] INFO  impl.RoleInfo (RoleInfo.java:shutdownFollowerState(121)) - c652e2ee-3322-4406-8db6-1ea643cb3197: shutdown FollowerState
2019-10-18 11:25:45,986 [grpc-default-executor-3] INFO  impl.RoleInfo (RoleInfo.java:updateAndGet(143)) - c652e2ee-3322-4406-8db6-1ea643cb3197: start FollowerState
2019-10-18 11:25:45,987 [Thread-4061] INFO  impl.FollowerState (FollowerState.java:run(117)) - c652e2ee-3322-4406-8db6-1ea643cb3197@group-7E32184879DE-FollowerState was interrupted: java.lang.InterruptedException: sleep interrupted
2019-10-18 11:25:46,028 [f535bb4a-cba0-4f9b-9e3e-e4a48b3eda51@group-7E32184879DE-LeaderElection574] INFO  impl.LeaderElection (LeaderElection.java:logAndReturn(56)) - f535bb4a-cba0-4f9b-9e3e-e4a48b3eda51@group-7E32184879DE-LeaderElection574: Election REJECTED; received 2 response(s) [f535bb4a-cba0-4f9b-9e3e-e4a48b3eda51<-54aabb14-4a7d-4ab3-adbe-2e67760b87f4#0:FAIL-t675, f535bb4a-cba0-4f9b-9e3e-e4a48b3eda51<-c652e2ee-3322-4406-8db6-1ea643cb3197#0:FAIL-t675] and 0 exception(s); f535bb4a-cba0-4f9b-9e3e-e4a48b3eda51@group-7E32184879DE:t675, leader=null, voted=f535bb4a-cba0-4f9b-9e3e-e4a48b3eda51, raftlog=f535bb4a-cba0-4f9b-9e3e-e4a48b3eda51@group-7E32184879DE-SegmentedRaftLog:OPENED:c-1,f-1,i0, conf=-1: [f535bb4a-cba0-4f9b-9e3e-e4a48b3eda51:0.0.0.0:44706, 54aabb14-4a7d-4ab3-adbe-2e67760b87f4:0.0.0.0:43074, c652e2ee-3322-4406-8db6-1ea643cb3197:0.0.0.0:42129], old=null
2019-10-18 11:25:46,028 [f535bb4a-cba0-4f9b-9e3e-e4a48b3eda51@group-7E32184879DE-LeaderElection574] INFO  impl.RaftServerImpl (RaftServerImpl.java:setRole(184)) - f535bb4a-cba0-4f9b-9e3e-e4a48b3eda51@group-7E32184879DE: changes role from CANDIDATE to FOLLOWER at term 675 for DISCOVERED_A_NEW_TERM
2019-10-18 11:25:46,028 [f535bb4a-cba0-4f9b-9e3e-e4a48b3eda51@group-7E32184879DE-LeaderElection574] INFO  impl.RoleInfo (RoleInfo.java:shutdownLeaderElection(134)) - f535bb4a-cba0-4f9b-9e3e-e4a48b3eda51: shutdown LeaderElection
2019-10-18 11:25:46,029 [f535bb4a-cba0-4f9b-9e3e-e4a48b3eda51@group-7E32184879DE-LeaderElection574] INFO  impl.RoleInfo (RoleInfo.java:updateAndGet(143)) - f535bb4a-cba0-4f9b-9e3e-e4a48b3eda51: start FollowerState
2019-10-18 11:25:46,153 [Thread-4069] INFO  impl.FollowerState (FollowerState.java:run(108)) - f535bb4a-cba0-4f9b-9e3e-e4a48b3eda51@group-7E32184879DE-FollowerState: change to CANDIDATE, lastRpcTime:124ms, electionTimeout:124ms
2019-10-18 11:25:46,153 [Thread-4069] INFO  impl.RoleInfo (RoleInfo.java:shutdownFollowerState(121)) - f535bb4a-cba0-4f9b-9e3e-e4a48b3eda51: shutdown FollowerState
2019-10-18 11:25:46,154 [Thread-4069] INFO  impl.RaftServerImpl (RaftServerImpl.java:setRole(184)) - f535bb4a-cba0-4f9b-9e3e-e4a48b3eda51@group-7E32184879DE: changes role from  FOLLOWER to CANDIDATE at term 675 for changeToCandidate
2019-10-18 11:25:46,154 [Thread-4069] INFO  impl.RoleInfo (RoleInfo.java:updateAndGet(143)) - f535bb4a-cba0-4f9b-9e3e-e4a48b3eda51: start LeaderElection
2019-10-18 11:25:46,177 [f535bb4a-cba0-4f9b-9e3e-e4a48b3eda51@group-7E32184879DE-LeaderElection575] INFO  impl.LeaderElection (LeaderElection.java:askForVotes(178)) - f535bb4a-cba0-4f9b-9e3e-e4a48b3eda51@group-7E32184879DE-LeaderElection575: begin an election at term 676 for -1: [f535bb4a-cba0-4f9b-9e3e-e4a48b3eda51:0.0.0.0:44706, 54aabb14-4a7d-4ab3-adbe-2e67760b87f4:0.0.0.0:43074, c652e2ee-3322-4406-8db6-1ea643cb3197:0.0.0.0:42129], old=null
2019-10-18 11:25:46,180 [grpc-default-executor-1] INFO  impl.RaftServerImpl (RaftServerImpl.java:setRole(184)) - c652e2ee-3322-4406-8db6-1ea643cb3197@group-7E32184879DE: changes role from  FOLLOWER to FOLLOWER at term 676 for recognizeCandidate:f535bb4a-cba0-4f9b-9e3e-e4a48b3eda51
2019-10-18 11:25:46,180 [grpc-default-executor-1] INFO  impl.RoleInfo (RoleInfo.java:shutdownFollowerState(121)) - c652e2ee-3322-4406-8db6-1ea643cb3197: shutdown FollowerState
2019-10-18 11:25:46,181 [grpc-default-executor-1] INFO  impl.RoleInfo (RoleInfo.java:updateAndGet(143)) - c652e2ee-3322-4406-8db6-1ea643cb3197: start FollowerState
2019-10-18 11:25:46,181 [Thread-4068] INFO  impl.FollowerState (FollowerState.java:run(117)) - c652e2ee-3322-4406-8db6-1ea643cb3197@group-7E32184879DE-FollowerState was interrupted: java.lang.InterruptedException: sleep interrupted
2019-10-18 11:25:46,181 [grpc-default-executor-3] INFO  impl.RaftServerImpl (RaftServerImpl.java:setRole(184)) - 54aabb14-4a7d-4ab3-adbe-2e67760b87f4@group-7E32184879DE: changes role from  FOLLOWER to FOLLOWER at term 676 for recognizeCandidate:f535bb4a-cba0-4f9b-9e3e-e4a48b3eda51
2019-10-18 11:25:46,181 [grpc-default-executor-3] INFO  impl.RoleInfo (RoleInfo.java:shutdownFollowerState(121)) - 54aabb14-4a7d-4ab3-adbe-2e67760b87f4: shutdown FollowerState
2019-10-18 11:25:46,181 [grpc-default-executor-3] INFO  impl.RoleInfo (RoleInfo.java:updateAndGet(143)) - 54aabb14-4a7d-4ab3-adbe-2e67760b87f4: start FollowerState
2019-10-18 11:25:46,181 [Thread-4067] INFO  impl.FollowerState (FollowerState.java:run(117)) - 54aabb14-4a7d-4ab3-adbe-2e67760b87f4@group-7E32184879DE-FollowerState was interrupted: java.lang.InterruptedException: sleep interrupted
2019-10-18 11:25:46,203 [f535bb4a-cba0-4f9b-9e3e-e4a48b3eda51@group-7E32184879DE-LeaderElection575] INFO  impl.LeaderElection (LeaderElection.java:logAndReturn(56)) - f535bb4a-cba0-4f9b-9e3e-e4a48b3eda51@group-7E32184879DE-LeaderElection575: Election REJECTED; received 2 response(s) [f535bb4a-cba0-4f9b-9e3e-e4a48b3eda51<-54aabb14-4a7d-4ab3-adbe-2e67760b87f4#0:FAIL-t676, f535bb4a-cba0-4f9b-9e3e-e4a48b3eda51<-c652e2ee-3322-4406-8db6-1ea643cb3197#0:FAIL-t676] and 0 exception(s); f535bb4a-cba0-4f9b-9e3e-e4a48b3eda51@group-7E32184879DE:t676, leader=null, voted=f535bb4a-cba0-4f9b-9e3e-e4a48b3eda51, raftlog=f535bb4a-cba0-4f9b-9e3e-e4a48b3eda51@group-7E32184879DE-SegmentedRaftLog:OPENED:c-1,f-1,i0, conf=-1: [f535bb4a-cba0-4f9b-9e3e-e4a48b3eda51:0.0.0.0:44706, 54aabb14-4a7d-4ab3-adbe-2e67760b87f4:0.0.0.0:43074, c652e2ee-3322-4406-8db6-1ea643cb3197:0.0.0.0:42129], old=null
2019-10-18 11:25:46,203 [f535bb4a-cba0-4f9b-9e3e-e4a48b3eda51@group-7E32184879DE-LeaderElection575] INFO  impl.RaftServerImpl (RaftServerImpl.java:setRole(184)) - f535bb4a-cba0-4f9b-9e3e-e4a48b3eda51@group-7E32184879DE: changes role from CANDIDATE to FOLLOWER at term 676 for DISCOVERED_A_NEW_TERM
2019-10-18 11:25:46,204 [f535bb4a-cba0-4f9b-9e3e-e4a48b3eda51@group-7E32184879DE-LeaderElection575] INFO  impl.RoleInfo (RoleInfo.java:shutdownLeaderElection(134)) - f535bb4a-cba0-4f9b-9e3e-e4a48b3eda51: shutdown LeaderElection
2019-10-18 11:25:46,204 [f535bb4a-cba0-4f9b-9e3e-e4a48b3eda51@group-7E32184879DE-LeaderElection575] INFO  impl.RoleInfo (RoleInfo.java:updateAndGet(143)) - f535bb4a-cba0-4f9b-9e3e-e4a48b3eda51: start FollowerState
2019-10-18 11:25:46,208 [Thread-4075] INFO  impl.FollowerState (FollowerState.java:run(108)) - f535bb4a-cba0-4f9b-9e3e-e4a48b3eda51@group-7E32184879DE-FollowerState: change to CANDIDATE, lastRpcTime:4ms, electionTimeout:4ms
2019-10-18 11:25:46,208 [Thread-4075] INFO  impl.RoleInfo (RoleInfo.java:shutdownFollowerState(121)) - f535bb4a-cba0-4f9b-9e3e-e4a48b3eda51: shutdown FollowerState
2019-10-18 11:25:46,208 [Thread-4075] INFO  impl.RaftServerImpl (RaftServerImpl.java:setRole(184)) - f535bb4a-cba0-4f9b-9e3e-e4a48b3eda51@group-7E32184879DE: changes role from  FOLLOWER to CANDIDATE at term 676 for changeToCandidate
2019-10-18 11:25:46,209 [Thread-4075] INFO  impl.RoleInfo (RoleInfo.java:updateAndGet(143)) - f535bb4a-cba0-4f9b-9e3e-e4a48b3eda51: start LeaderElection
2019-10-18 11:25:46,237 [f535bb4a-cba0-4f9b-9e3e-e4a48b3eda51@group-7E32184879DE-LeaderElection576] INFO  impl.LeaderElection (LeaderElection.java:askForVotes(178)) - f535bb4a-cba0-4f9b-9e3e-e4a48b3eda51@group-7E32184879DE-LeaderElection576: begin an election at term 677 for -1: [f535bb4a-cba0-4f9b-9e3e-e4a48b3eda51:0.0.0.0:44706, 54aabb14-4a7d-4ab3-adbe-2e67760b87f4:0.0.0.0:43074, c652e2ee-3322-4406-8db6-1ea643cb3197:0.0.0.0:42129], old=null
2019-10-18 11:25:46,238 [grpc-default-executor-1] INFO  impl.RaftServerImpl (RaftServerImpl.java:setRole(184)) - c652e2ee-3322-4406-8db6-1ea643cb3197@group-7E32184879DE: changes role from  FOLLOWER to FOLLOWER at term 677 for recognizeCandidate:f535bb4a-cba0-4f9b-9e3e-e4a48b3eda51
2019-10-18 11:25:46,239 [grpc-default-executor-1] INFO  impl.RoleInfo (RoleInfo.java:shutdownFollowerState(121)) - c652e2ee-3322-4406-8db6-1ea643cb3197: shutdown FollowerState
2019-10-18 11:25:46,238 [grpc-default-executor-3] INFO  impl.RaftServerImpl (RaftServerImpl.java:setRole(184)) - 54aabb14-4a7d-4ab3-adbe-2e67760b87f4@group-7E32184879DE: changes role from  FOLLOWER to FOLLOWER at term 677 for recognizeCandidate:f535bb4a-cba0-4f9b-9e3e-e4a48b3eda51
2019-10-18 11:25:46,239 [grpc-default-executor-1] INFO  impl.RoleInfo (RoleInfo.java:updateAndGet(143)) - c652e2ee-3322-4406-8db6-1ea643cb3197: start FollowerState
2019-10-18 11:25:46,239 [Thread-4073] INFO  impl.FollowerState (FollowerState.java:run(117)) - c652e2ee-3322-4406-8db6-1ea643cb3197@group-7E32184879DE-FollowerState was interrupted: java.lang.InterruptedException: sleep interrupted
2019-10-18 11:25:46,239 [grpc-default-executor-3] INFO  impl.RoleInfo (RoleInfo.java:shutdownFollowerState(121)) - 54aabb14-4a7d-4ab3-adbe-2e67760b87f4: shutdown FollowerState
2019-10-18 11:25:46,239 [grpc-default-executor-3] INFO  impl.RoleInfo (RoleInfo.java:updateAndGet(143)) - 54aabb14-4a7d-4ab3-adbe-2e67760b87f4: start FollowerState
2019-10-18 11:25:46,239 [Thread-4074] INFO  impl.FollowerState (FollowerState.java:run(117)) - 54aabb14-4a7d-4ab3-adbe-2e67760b87f4@group-7E32184879DE-FollowerState was interrupted: java.lang.InterruptedException: sleep interrupted
2019-10-18 11:25:46,262 [f535bb4a-cba0-4f9b-9e3e-e4a48b3eda51@group-7E32184879DE-LeaderElection576] INFO  impl.LeaderElection (LeaderElection.java:logAndReturn(56)) - f535bb4a-cba0-4f9b-9e3e-e4a48b3eda51@group-7E32184879DE-LeaderElection576: Election REJECTED; received 2 response(s) [f535bb4a-cba0-4f9b-9e3e-e4a48b3eda51<-54aabb14-4a7d-4ab3-adbe-2e67760b87f4#0:FAIL-t677, f535bb4a-cba0-4f9b-9e3e-e4a48b3eda51<-c652e2ee-3322-4406-8db6-1ea643cb3197#0:FAIL-t677] and 0 exception(s); f535bb4a-cba0-4f9b-9e3e-e4a48b3eda51@group-7E32184879DE:t677, leader=null, voted=f535bb4a-cba0-4f9b-9e3e-e4a48b3eda51, raftlog=f535bb4a-cba0-4f9b-9e3e-e4a48b3eda51@group-7E32184879DE-SegmentedRaftLog:OPENED:c-1,f-1,i0, conf=-1: [f535bb4a-cba0-4f9b-9e3e-e4a48b3eda51:0.0.0.0:44706, 54aabb14-4a7d-4ab3-adbe-2e67760b87f4:0.0.0.0:43074, c652e2ee-3322-4406-8db6-1ea643cb3197:0.0.0.0:42129], old=null
2019-10-18 11:25:46,262 [f535bb4a-cba0-4f9b-9e3e-e4a48b3eda51@group-7E32184879DE-LeaderElection576] INFO  impl.RaftServerImpl (RaftServerImpl.java:setRole(184)) - f535bb4a-cba0-4f9b-9e3e-e4a48b3eda51@group-7E32184879DE: changes role from CANDIDATE to FOLLOWER at term 677 for DISCOVERED_A_NEW_TERM
2019-10-18 11:25:46,262 [f535bb4a-cba0-4f9b-9e3e-e4a48b3eda51@group-7E32184879DE-LeaderElection576] INFO  impl.RoleInfo (RoleInfo.java:shutdownLeaderElection(134)) - f535bb4a-cba0-4f9b-9e3e-e4a48b3eda51: shutdown LeaderElection
2019-10-18 11:25:46,263 [f535bb4a-cba0-4f9b-9e3e-e4a48b3eda51@group-7E32184879DE-LeaderElection576] INFO  impl.RoleInfo (RoleInfo.java:updateAndGet(143)) - f535bb4a-cba0-4f9b-9e3e-e4a48b3eda51: start FollowerState
2019-10-18 11:25:46,399 [Thread-4081] INFO  impl.FollowerState (FollowerState.java:run(108)) - f535bb4a-cba0-4f9b-9e3e-e4a48b3eda51@group-7E32184879DE-FollowerState: change to CANDIDATE, lastRpcTime:136ms, electionTimeout:136ms
2019-10-18 11:25:46,400 [Thread-4081] INFO  impl.RoleInfo (RoleInfo.java:shutdownFollowerState(121)) - f535bb4a-cba0-4f9b-9e3e-e4a48b3eda51: shutdown FollowerState
2019-10-18 11:25:46,400 [Thread-4081] INFO  impl.RaftServerImpl (RaftServerImpl.java:setRole(184)) - f535bb4a-cba0-4f9b-9e3e-e4a48b3eda51@group-7E32184879DE: changes role from  FOLLOWER to CANDIDATE at term 677 for changeToCandidate
2019-10-18 11:25:46,400 [Thread-4081] INFO  impl.RoleInfo (RoleInfo.java:updateAndGet(143)) - f535bb4a-cba0-4f9b-9e3e-e4a48b3eda51: start LeaderElection
2019-10-18 11:25:46,429 [f535bb4a-cba0-4f9b-9e3e-e4a48b3eda51@group-7E32184879DE-LeaderElection577] INFO  impl.LeaderElection (LeaderElection.java:askForVotes(178)) - f535bb4a-cba0-4f9b-9e3e-e4a48b3eda51@group-7E32184879DE-LeaderElection577: begin an election at term 678 for -1: [f535bb4a-cba0-4f9b-9e3e-e4a48b3eda51:0.0.0.0:44706, 54aabb14-4a7d-4ab3-adbe-2e67760b87f4:0.0.0.0:43074, c652e2ee-3322-4406-8db6-1ea643cb3197:0.0.0.0:42129], old=null
2019-10-18 11:25:46,434 [grpc-default-executor-3] INFO  impl.RaftServerImpl (RaftServerImpl.java:setRole(184)) - c652e2ee-3322-4406-8db6-1ea643cb3197@group-7E32184879DE: changes role from  FOLLOWER to FOLLOWER at term 678 for recognizeCandidate:f535bb4a-cba0-4f9b-9e3e-e4a48b3eda51
2019-10-18 11:25:46,434 [grpc-default-executor-1] INFO  impl.RaftServerImpl (RaftServerImpl.java:setRole(184)) - 54aabb14-4a7d-4ab3-adbe-2e67760b87f4@group-7E32184879DE: changes role from  FOLLOWER to FOLLOWER at term 678 for recognizeCandidate:f535bb4a-cba0-4f9b-9e3e-e4a48b3eda51
2019-10-18 11:25:46,435 [grpc-default-executor-3] INFO  impl.RoleInfo (RoleInfo.java:shutdownFollowerState(121)) - c652e2ee-3322-4406-8db6-1ea643cb3197: shutdown FollowerState
2019-10-18 11:25:46,435 [grpc-default-executor-1] INFO  impl.RoleInfo (RoleInfo.java:shutdownFollowerState(121)) - 54aabb14-4a7d-4ab3-adbe-2e67760b87f4: shutdown FollowerState
2019-10-18 11:25:46,435 [grpc-default-executor-3] INFO  impl.RoleInfo (RoleInfo.java:updateAndGet(143)) - c652e2ee-3322-4406-8db6-1ea643cb3197: start FollowerState
2019-10-18 11:25:46,435 [Thread-4080] INFO  impl.FollowerState (FollowerState.java:run(117)) - 54aabb14-4a7d-4ab3-adbe-2e67760b87f4@group-7E32184879DE-FollowerState was interrupted: java.lang.InterruptedException: sleep interrupted
2019-10-18 11:25:46,435 [Thread-4079] INFO  impl.FollowerState (FollowerState.java:run(117)) - c652e2ee-3322-4406-8db6-1ea643cb3197@group-7E32184879DE-FollowerState was interrupted: java.lang.InterruptedException: sleep interrupted
2019-10-18 11:25:46,435 [grpc-default-executor-1] INFO  impl.RoleInfo (RoleInfo.java:updateAndGet(143)) - 54aabb14-4a7d-4ab3-adbe-2e67760b87f4: start FollowerState
2019-10-18 11:25:46,464 [f535bb4a-cba0-4f9b-9e3e-e4a48b3eda51@group-7E32184879DE-LeaderElection577] INFO  impl.LeaderElection (LeaderElection.java:logAndReturn(56)) - f535bb4a-cba0-4f9b-9e3e-e4a48b3eda51@group-7E32184879DE-LeaderElection577: Election REJECTED; received 2 response(s) [f535bb4a-cba0-4f9b-9e3e-e4a48b3eda51<-54aabb14-4a7d-4ab3-adbe-2e67760b87f4#0:FAIL-t678, f535bb4a-cba0-4f9b-9e3e-e4a48b3eda51<-c652e2ee-3322-4406-8db6-1ea643cb3197#0:FAIL-t678] and 0 exception(s); f535bb4a-cba0-4f9b-9e3e-e4a48b3eda51@group-7E32184879DE:t678, leader=null, voted=f535bb4a-cba0-4f9b-9e3e-e4a48b3eda51, raftlog=f535bb4a-cba0-4f9b-9e3e-e4a48b3eda51@group-7E32184879DE-SegmentedRaftLog:OPENED:c-1,f-1,i0, conf=-1: [f535bb4a-cba0-4f9b-9e3e-e4a48b3eda51:0.0.0.0:44706, 54aabb14-4a7d-4ab3-adbe-2e67760b87f4:0.0.0.0:43074, c652e2ee-3322-4406-8db6-1ea643cb3197:0.0.0.0:42129], old=null
2019-10-18 11:25:46,464 [f535bb4a-cba0-4f9b-9e3e-e4a48b3eda51@group-7E32184879DE-LeaderElection577] INFO  impl.RaftServerImpl (RaftServerImpl.java:setRole(184)) - f535bb4a-cba0-4f9b-9e3e-e4a48b3eda51@group-7E32184879DE: changes role from CANDIDATE to FOLLOWER at term 678 for DISCOVERED_A_NEW_TERM
2019-10-18 11:25:46,464 [f535bb4a-cba0-4f9b-9e3e-e4a48b3eda51@group-7E32184879DE-LeaderElection577] INFO  impl.RoleInfo (RoleInfo.java:shutdownLeaderElection(134)) - f535bb4a-cba0-4f9b-9e3e-e4a48b3eda51: shutdown LeaderElection
2019-10-18 11:25:46,464 [f535bb4a-cba0-4f9b-9e3e-e4a48b3eda51@group-7E32184879DE-LeaderElection577] INFO  impl.RoleInfo (RoleInfo.java:updateAndGet(143)) - f535bb4a-cba0-4f9b-9e3e-e4a48b3eda51: start FollowerState
2019-10-18 11:25:46,519 [Thread-4087] INFO  impl.FollowerState (FollowerState.java:run(108)) - f535bb4a-cba0-4f9b-9e3e-e4a48b3eda51@group-7E32184879DE-FollowerState: change to CANDIDATE, lastRpcTime:54ms, electionTimeout:54ms
2019-10-18 11:25:46,519 [Thread-4087] INFO  impl.RoleInfo (RoleInfo.java:shutdownFollowerState(121)) - f535bb4a-cba0-4f9b-9e3e-e4a48b3eda51: shutdown FollowerState
2019-10-18 11:25:46,519 [Thread-4087] INFO  impl.RaftServerImpl (RaftServerImpl.java:setRole(184)) - f535bb4a-cba0-4f9b-9e3e-e4a48b3eda51@group-7E32184879DE: changes role from  FOLLOWER to CANDIDATE at term 678 for changeToCandidate
2019-10-18 11:25:46,519 [Thread-4087] INFO  impl.RoleInfo (RoleInfo.java:updateAndGet(143)) - f535bb4a-cba0-4f9b-9e3e-e4a48b3eda51: start LeaderElection
2019-10-18 11:25:46,538 [f535bb4a-cba0-4f9b-9e3e-e4a48b3eda51@group-7E32184879DE-LeaderElection578] INFO  impl.LeaderElection (LeaderElection.java:askForVotes(178)) - f535bb4a-cba0-4f9b-9e3e-e4a48b3eda51@group-7E32184879DE-LeaderElection578: begin an election at term 679 for -1: [f535bb4a-cba0-4f9b-9e3e-e4a48b3eda51:0.0.0.0:44706, 54aabb14-4a7d-4ab3-adbe-2e67760b87f4:0.0.0.0:43074, c652e2ee-3322-4406-8db6-1ea643cb3197:0.0.0.0:42129], old=null
2019-10-18 11:25:46,539 [grpc-default-executor-3] INFO  impl.RaftServerImpl (RaftServerImpl.java:setRole(184)) - 54aabb14-4a7d-4ab3-adbe-2e67760b87f4@group-7E32184879DE: changes role from  FOLLOWER to FOLLOWER at term 679 for recognizeCandidate:f535bb4a-cba0-4f9b-9e3e-e4a48b3eda51
2019-10-18 11:25:46,540 [grpc-default-executor-1] INFO  impl.RaftServerImpl (RaftServerImpl.java:setRole(184)) - c652e2ee-3322-4406-8db6-1ea643cb3197@group-7E32184879DE: changes role from  FOLLOWER to FOLLOWER at term 679 for recognizeCandidate:f535bb4a-cba0-4f9b-9e3e-e4a48b3eda51
2019-10-18 11:25:46,540 [grpc-default-executor-1] INFO  impl.RoleInfo (RoleInfo.java:shutdownFollowerState(121)) - c652e2ee-3322-4406-8db6-1ea643cb3197: shutdown FollowerState
2019-10-18 11:25:46,540 [grpc-default-executor-3] INFO  impl.RoleInfo (RoleInfo.java:shutdownFollowerState(121)) - 54aabb14-4a7d-4ab3-adbe-2e67760b87f4: shutdown FollowerState
2019-10-18 11:25:46,540 [Thread-4085] INFO  impl.FollowerState (FollowerState.java:run(117)) - c652e2ee-3322-4406-8db6-1ea643cb3197@group-7E32184879DE-FollowerState was interrupted: java.lang.InterruptedException: sleep interrupted
2019-10-18 11:25:46,540 [Thread-4086] INFO  impl.FollowerState (FollowerState.java:run(117)) - 54aabb14-4a7d-4ab3-adbe-2e67760b87f4@group-7E32184879DE-FollowerState was interrupted: java.lang.InterruptedException: sleep interrupted
2019-10-18 11:25:46,540 [grpc-default-executor-1] INFO  impl.RoleInfo (RoleInfo.java:updateAndGet(143)) - c652e2ee-3322-4406-8db6-1ea643cb3197: start FollowerState
2019-10-18 11:25:46,540 [grpc-default-executor-3] INFO  impl.RoleInfo (RoleInfo.java:updateAndGet(143)) - 54aabb14-4a7d-4ab3-adbe-2e67760b87f4: start FollowerState
2019-10-18 11:25:46,564 [f535bb4a-cba0-4f9b-9e3e-e4a48b3eda51@group-7E32184879DE-LeaderElection578] INFO  impl.LeaderElection (LeaderElection.java:logAndReturn(56)) - f535bb4a-cba0-4f9b-9e3e-e4a48b3eda51@group-7E32184879DE-LeaderElection578: Election REJECTED; received 2 response(s) [f535bb4a-cba0-4f9b-9e3e-e4a48b3eda51<-54aabb14-4a7d-4ab3-adbe-2e67760b87f4#0:FAIL-t679, f535bb4a-cba0-4f9b-9e3e-e4a48b3eda51<-c652e2ee-3322-4406-8db6-1ea643cb3197#0:FAIL-t679] and 0 exception(s); f535bb4a-cba0-4f9b-9e3e-e4a48b3eda51@group-7E32184879DE:t679, leader=null, voted=f535bb4a-cba0-4f9b-9e3e-e4a48b3eda51, raftlog=f535bb4a-cba0-4f9b-9e3e-e4a48b3eda51@group-7E32184879DE-SegmentedRaftLog:OPENED:c-1,f-1,i0, conf=-1: [f535bb4a-cba0-4f9b-9e3e-e4a48b3eda51:0.0.0.0:44706, 54aabb14-4a7d-4ab3-adbe-2e67760b87f4:0.0.0.0:43074, c652e2ee-3322-4406-8db6-1ea643cb3197:0.0.0.0:42129], old=null
2019-10-18 11:25:46,564 [f535bb4a-cba0-4f9b-9e3e-e4a48b3eda51@group-7E32184879DE-LeaderElection578] INFO  impl.RaftServerImpl (RaftServerImpl.java:setRole(184)) - f535bb4a-cba0-4f9b-9e3e-e4a48b3eda51@group-7E32184879DE: changes role from CANDIDATE to FOLLOWER at term 679 for DISCOVERED_A_NEW_TERM
2019-10-18 11:25:46,564 [f535bb4a-cba0-4f9b-9e3e-e4a48b3eda51@group-7E32184879DE-LeaderElection578] INFO  impl.RoleInfo (RoleInfo.java:shutdownLeaderElection(134)) - f535bb4a-cba0-4f9b-9e3e-e4a48b3eda51: shutdown LeaderElection
2019-10-18 11:25:46,564 [f535bb4a-cba0-4f9b-9e3e-e4a48b3eda51@group-7E32184879DE-LeaderElection578] INFO  impl.RoleInfo (RoleInfo.java:updateAndGet(143)) - f535bb4a-cba0-4f9b-9e3e-e4a48b3eda51: start FollowerState
2019-10-18 11:25:46,656 [Thread-4093] INFO  impl.FollowerState (FollowerState.java:run(108)) - f535bb4a-cba0-4f9b-9e3e-e4a48b3eda51@group-7E32184879DE-FollowerState: change to CANDIDATE, lastRpcTime:91ms, electionTimeout:91ms
2019-10-18 11:25:46,656 [Thread-4093] INFO  impl.RoleInfo (RoleInfo.java:shutdownFollowerState(121)) - f535bb4a-cba0-4f9b-9e3e-e4a48b3eda51: shutdown FollowerState
2019-10-18 11:25:46,656 [Thread-4093] INFO  impl.RaftServerImpl (RaftServerImpl.java:setRole(184)) - f535bb4a-cba0-4f9b-9e3e-e4a48b3eda51@group-7E32184879DE: changes role from  FOLLOWER to CANDIDATE at term 679 for changeToCandidate
2019-10-18 11:25:46,656 [Thread-4093] INFO  impl.RoleInfo (RoleInfo.java:updateAndGet(143)) - f535bb4a-cba0-4f9b-9e3e-e4a48b3eda51: start LeaderElection
2019-10-18 11:25:46,680 [f535bb4a-cba0-4f9b-9e3e-e4a48b3eda51@group-7E32184879DE-LeaderElection579] INFO  impl.LeaderElection (LeaderElection.java:askForVotes(178)) - f535bb4a-cba0-4f9b-9e3e-e4a48b3eda51@group-7E32184879DE-LeaderElection579: begin an election at term 680 for -1: [f535bb4a-cba0-4f9b-9e3e-e4a48b3eda51:0.0.0.0:44706, 54aabb14-4a7d-4ab3-adbe-2e67760b87f4:0.0.0.0:43074, c652e2ee-3322-4406-8db6-1ea643cb3197:0.0.0.0:42129], old=null
2019-10-18 11:25:46,682 [grpc-default-executor-3] INFO  impl.RaftServerImpl (RaftServerImpl.java:setRole(184)) - 54aabb14-4a7d-4ab3-adbe-2e67760b87f4@group-7E32184879DE: changes role from  FOLLOWER to FOLLOWER at term 680 for recognizeCandidate:f535bb4a-cba0-4f9b-9e3e-e4a48b3eda51
2019-10-18 11:25:46,682 [grpc-default-executor-3] INFO  impl.RoleInfo (RoleInfo.java:shutdownFollowerState(121)) - 54aabb14-4a7d-4ab3-adbe-2e67760b87f4: shutdown FollowerState
2019-10-18 11:25:46,682 [grpc-default-executor-1] INFO  impl.RaftServerImpl (RaftServerImpl.java:setRole(184)) - c652e2ee-3322-4406-8db6-1ea643cb3197@group-7E32184879DE: changes role from  FOLLOWER to FOLLOWER at term 680 for recognizeCandidate:f535bb4a-cba0-4f9b-9e3e-e4a48b3eda51
2019-10-18 11:25:46,682 [grpc-default-executor-1] INFO  impl.RoleInfo (RoleInfo.java:shutdownFollowerState(121)) - c652e2ee-3322-4406-8db6-1ea643cb3197: shutdown FollowerState
2019-10-18 11:25:46,682 [Thread-4092] INFO  impl.FollowerState (FollowerState.java:run(117)) - 54aabb14-4a7d-4ab3-adbe-2e67760b87f4@group-7E32184879DE-FollowerState was interrupted: java.lang.InterruptedException: sleep interrupted
2019-10-18 11:25:46,682 [grpc-default-executor-3] INFO  impl.RoleInfo (RoleInfo.java:updateAndGet(143)) - 54aabb14-4a7d-4ab3-adbe-2e67760b87f4: start FollowerState
2019-10-18 11:25:46,683 [Thread-4091] INFO  impl.FollowerState (FollowerState.java:run(117)) - c652e2ee-3322-4406-8db6-1ea643cb3197@group-7E32184879DE-FollowerState was interrupted: java.lang.InterruptedException: sleep interrupted
2019-10-18 11:25:46,683 [grpc-default-executor-1] INFO  impl.RoleInfo (RoleInfo.java:updateAndGet(143)) - c652e2ee-3322-4406-8db6-1ea643cb3197: start FollowerState
2019-10-18 11:25:46,706 [f535bb4a-cba0-4f9b-9e3e-e4a48b3eda51@group-7E32184879DE-LeaderElection579] INFO  impl.LeaderElection (LeaderElection.java:logAndReturn(56)) - f535bb4a-cba0-4f9b-9e3e-e4a48b3eda51@group-7E32184879DE-LeaderElection579: Election REJECTED; received 2 response(s) [f535bb4a-cba0-4f9b-9e3e-e4a48b3eda51<-54aabb14-4a7d-4ab3-adbe-2e67760b87f4#0:FAIL-t680, f535bb4a-cba0-4f9b-9e3e-e4a48b3eda51<-c652e2ee-3322-4406-8db6-1ea643cb3197#0:FAIL-t680] and 0 exception(s); f535bb4a-cba0-4f9b-9e3e-e4a48b3eda51@group-7E32184879DE:t680, leader=null, voted=f535bb4a-cba0-4f9b-9e3e-e4a48b3eda51, raftlog=f535bb4a-cba0-4f9b-9e3e-e4a48b3eda51@group-7E32184879DE-SegmentedRaftLog:OPENED:c-1,f-1,i0, conf=-1: [f535bb4a-cba0-4f9b-9e3e-e4a48b3eda51:0.0.0.0:44706, 54aabb14-4a7d-4ab3-adbe-2e67760b87f4:0.0.0.0:43074, c652e2ee-3322-4406-8db6-1ea643cb3197:0.0.0.0:42129], old=null
2019-10-18 11:25:46,707 [f535bb4a-cba0-4f9b-9e3e-e4a48b3eda51@group-7E32184879DE-LeaderElection579] INFO  impl.RaftServerImpl (RaftServerImpl.java:setRole(184)) - f535bb4a-cba0-4f9b-9e3e-e4a48b3eda51@group-7E32184879DE: changes role from CANDIDATE to FOLLOWER at term 680 for DISCOVERED_A_NEW_TERM
2019-10-18 11:25:46,707 [f535bb4a-cba0-4f9b-9e3e-e4a48b3eda51@group-7E32184879DE-LeaderElection579] INFO  impl.RoleInfo (RoleInfo.java:shutdownLeaderElection(134)) - f535bb4a-cba0-4f9b-9e3e-e4a48b3eda51: shutdown LeaderElection
2019-10-18 11:25:46,707 [f535bb4a-cba0-4f9b-9e3e-e4a48b3eda51@group-7E32184879DE-LeaderElection579] INFO  impl.RoleInfo (RoleInfo.java:updateAndGet(143)) - f535bb4a-cba0-4f9b-9e3e-e4a48b3eda51: start FollowerState
2019-10-18 11:25:46,711 [Thread-4100] INFO  impl.FollowerState (FollowerState.java:run(108)) - f535bb4a-cba0-4f9b-9e3e-e4a48b3eda51@group-7E32184879DE-FollowerState: change to CANDIDATE, lastRpcTime:4ms, electionTimeout:4ms
2019-10-18 11:25:46,711 [Thread-4100] INFO  impl.RoleInfo (RoleInfo.java:shutdownFollowerState(121)) - f535bb4a-cba0-4f9b-9e3e-e4a48b3eda51: shutdown FollowerState
2019-10-18 11:25:46,711 [Thread-4100] INFO  impl.RaftServerImpl (RaftServerImpl.java:setRole(184)) - f535bb4a-cba0-4f9b-9e3e-e4a48b3eda51@group-7E32184879DE: changes role from  FOLLOWER to CANDIDATE at term 680 for changeToCandidate
2019-10-18 11:25:46,712 [Thread-4100] INFO  impl.RoleInfo (RoleInfo.java:updateAndGet(143)) - f535bb4a-cba0-4f9b-9e3e-e4a48b3eda51: start LeaderElection
2019-10-18 11:25:46,739 [f535bb4a-cba0-4f9b-9e3e-e4a48b3eda51@group-7E32184879DE-LeaderElection580] INFO  impl.LeaderElection (LeaderElection.java:askForVotes(178)) - f535bb4a-cba0-4f9b-9e3e-e4a48b3eda51@group-7E32184879DE-LeaderElection580: begin an election at term 681 for -1: [f535bb4a-cba0-4f9b-9e3e-e4a48b3eda51:0.0.0.0:44706, 54aabb14-4a7d-4ab3-adbe-2e67760b87f4:0.0.0.0:43074, c652e2ee-3322-4406-8db6-1ea643cb3197:0.0.0.0:42129], old=null
2019-10-18 11:25:46,741 [grpc-default-executor-1] INFO  impl.RaftServerImpl (RaftServerImpl.java:setRole(184)) - 54aabb14-4a7d-4ab3-adbe-2e67760b87f4@group-7E32184879DE: changes role from  FOLLOWER to FOLLOWER at term 681 for recognizeCandidate:f535bb4a-cba0-4f9b-9e3e-e4a48b3eda51
2019-10-18 11:25:46,741 [grpc-default-executor-1] INFO  impl.RoleInfo (RoleInfo.java:shutdownFollowerState(121)) - 54aabb14-4a7d-4ab3-adbe-2e67760b87f4: shutdown FollowerState
2019-10-18 11:25:46,741 [grpc-default-executor-3] INFO  impl.RaftServerImpl (RaftServerImpl.java:setRole(184)) - c652e2ee-3322-4406-8db6-1ea643cb3197@group-7E32184879DE: changes role from  FOLLOWER to FOLLOWER at term 681 for recognizeCandidate:f535bb4a-cba0-4f9b-9e3e-e4a48b3eda51
2019-10-18 11:25:46,741 [grpc-default-executor-3] INFO  impl.RoleInfo (RoleInfo.java:shutdownFollowerState(121)) - c652e2ee-3322-4406-8db6-1ea643cb3197: shutdown FollowerState
2019-10-18 11:25:46,741 [Thread-4097] INFO  impl.FollowerState (FollowerState.java:run(117)) - 54aabb14-4a7d-4ab3-adbe-2e67760b87f4@group-7E32184879DE-FollowerState was interrupted: java.lang.InterruptedException: sleep interrupted
2019-10-18 11:25:46,742 [Thread-4098] INFO  impl.FollowerState (FollowerState.java:run(117)) - c652e2ee-3322-4406-8db6-1ea643cb3197@group-7E32184879DE-FollowerState was interrupted: java.lang.InterruptedException: sleep interrupted
2019-10-18 11:25:46,741 [grpc-default-executor-1] INFO  impl.RoleInfo (RoleInfo.java:updateAndGet(143)) - 54aabb14-4a7d-4ab3-adbe-2e67760b87f4: start FollowerState
2019-10-18 11:25:46,741 [grpc-default-executor-3] INFO  impl.RoleInfo (RoleInfo.java:updateAndGet(143)) - c652e2ee-3322-4406-8db6-1ea643cb3197: start FollowerState
2019-10-18 11:25:46,766 [f535bb4a-cba0-4f9b-9e3e-e4a48b3eda51@group-7E32184879DE-LeaderElection580] INFO  impl.LeaderElection (LeaderElection.java:logAndReturn(56)) - f535bb4a-cba0-4f9b-9e3e-e4a48b3eda51@group-7E32184879DE-LeaderElection580: Election REJECTED; received 2 response(s) [f535bb4a-cba0-4f9b-9e3e-e4a48b3eda51<-54aabb14-4a7d-4ab3-adbe-2e67760b87f4#0:FAIL-t681, f535bb4a-cba0-4f9b-9e3e-e4a48b3eda51<-c652e2ee-3322-4406-8db6-1ea643cb3197#0:FAIL-t681] and 0 exception(s); f535bb4a-cba0-4f9b-9e3e-e4a48b3eda51@group-7E32184879DE:t681, leader=null, voted=f535bb4a-cba0-4f9b-9e3e-e4a48b3eda51, raftlog=f535bb4a-cba0-4f9b-9e3e-e4a48b3eda51@group-7E32184879DE-SegmentedRaftLog:OPENED:c-1,f-1,i0, conf=-1: [f535bb4a-cba0-4f9b-9e3e-e4a48b3eda51:0.0.0.0:44706, 54aabb14-4a7d-4ab3-adbe-2e67760b87f4:0.0.0.0:43074, c652e2ee-3322-4406-8db6-1ea643cb3197:0.0.0.0:42129], old=null
2019-10-18 11:25:46,766 [f535bb4a-cba0-4f9b-9e3e-e4a48b3eda51@group-7E32184879DE-LeaderElection580] INFO  impl.RaftServerImpl (RaftServerImpl.java:setRole(184)) - f535bb4a-cba0-4f9b-9e3e-e4a48b3eda51@group-7E32184879DE: changes role from CANDIDATE to FOLLOWER at term 681 for DISCOVERED_A_NEW_TERM
2019-10-18 11:25:46,766 [f535bb4a-cba0-4f9b-9e3e-e4a48b3eda51@group-7E32184879DE-LeaderElection580] INFO  impl.RoleInfo (RoleInfo.java:shutdownLeaderElection(134)) - f535bb4a-cba0-4f9b-9e3e-e4a48b3eda51: shutdown LeaderElection
2019-10-18 11:25:46,766 [f535bb4a-cba0-4f9b-9e3e-e4a48b3eda51@group-7E32184879DE-LeaderElection580] INFO  impl.RoleInfo (RoleInfo.java:updateAndGet(143)) - f535bb4a-cba0-4f9b-9e3e-e4a48b3eda51: start FollowerState
2019-10-18 11:25:46,834 [Thread-4107] INFO  impl.FollowerState (FollowerState.java:run(108)) - f535bb4a-cba0-4f9b-9e3e-e4a48b3eda51@group-7E32184879DE-FollowerState: change to CANDIDATE, lastRpcTime:68ms, electionTimeout:68ms
2019-10-18 11:25:46,834 [Thread-4107] INFO  impl.RoleInfo (RoleInfo.java:shutdownFollowerState(121)) - f535bb4a-cba0-4f9b-9e3e-e4a48b3eda51: shutdown FollowerState
2019-10-18 11:25:46,835 [Thread-4107] INFO  impl.RaftServerImpl (RaftServerImpl.java:setRole(184)) - f535bb4a-cba0-4f9b-9e3e-e4a48b3eda51@group-7E32184879DE: changes role from  FOLLOWER to CANDIDATE at term 681 for changeToCandidate
2019-10-18 11:25:46,835 [Thread-4107] INFO  impl.RoleInfo (RoleInfo.java:updateAndGet(143)) - f535bb4a-cba0-4f9b-9e3e-e4a48b3eda51: start LeaderElection
2019-10-18 11:25:46,865 [f535bb4a-cba0-4f9b-9e3e-e4a48b3eda51@group-7E32184879DE-LeaderElection581] INFO  impl.LeaderElection (LeaderElection.java:askForVotes(178)) - f535bb4a-cba0-4f9b-9e3e-e4a48b3eda51@group-7E32184879DE-LeaderElection581: begin an election at term 682 for -1: [f535bb4a-cba0-4f9b-9e3e-e4a48b3eda51:0.0.0.0:44706, 54aabb14-4a7d-4ab3-adbe-2e67760b87f4:0.0.0.0:43074, c652e2ee-3322-4406-8db6-1ea643cb3197:0.0.0.0:42129], old=null
2019-10-18 11:25:46,867 [grpc-default-executor-3] INFO  impl.RaftServerImpl (RaftServerImpl.java:setRole(184)) - 54aabb14-4a7d-4ab3-adbe-2e67760b87f4@group-7E32184879DE: changes role from  FOLLOWER to FOLLOWER at term 682 for recognizeCandidate:f535bb4a-cba0-4f9b-9e3e-e4a48b3eda51
2019-10-18 11:25:46,868 [grpc-default-executor-3] INFO  impl.RoleInfo (RoleInfo.java:shutdownFollowerState(121)) - 54aabb14-4a7d-4ab3-adbe-2e67760b87f4: shutdown FollowerState
2019-10-18 11:25:46,868 [grpc-default-executor-1] INFO  impl.RaftServerImpl (RaftServerImpl.java:setRole(184)) - c652e2ee-3322-4406-8db6-1ea643cb3197@group-7E32184879DE: changes role from  FOLLOWER to FOLLOWER at term 682 for recognizeCandidate:f535bb4a-cba0-4f9b-9e3e-e4a48b3eda51
2019-10-18 11:25:46,868 [grpc-default-executor-1] INFO  impl.RoleInfo (RoleInfo.java:shutdownFollowerState(121)) - c652e2ee-3322-4406-8db6-1ea643cb3197: shutdown FollowerState
2019-10-18 11:25:46,868 [Thread-4105] INFO  impl.FollowerState (FollowerState.java:run(117)) - 54aabb14-4a7d-4ab3-adbe-2e67760b87f4@group-7E32184879DE-FollowerState was interrupted: java.lang.InterruptedException: sleep interrupted
2019-10-18 11:25:46,868 [grpc-default-executor-3] INFO  impl.RoleInfo (RoleInfo.java:updateAndGet(143)) - 54aabb14-4a7d-4ab3-adbe-2e67760b87f4: start FollowerState
2019-10-18 11:25:46,868 [Thread-4106] INFO  impl.FollowerState (FollowerState.java:run(117)) - c652e2ee-3322-4406-8db6-1ea643cb3197@group-7E32184879DE-FollowerState was interrupted: java.lang.InterruptedException: sleep interrupted
2019-10-18 11:25:46,868 [grpc-default-executor-1] INFO  impl.RoleInfo (RoleInfo.java:updateAndGet(143)) - c652e2ee-3322-4406-8db6-1ea643cb3197: start FollowerState
2019-10-18 11:25:46,891 [f535bb4a-cba0-4f9b-9e3e-e4a48b3eda51@group-7E32184879DE-LeaderElection581] INFO  impl.LeaderElection (LeaderElection.java:logAndReturn(56)) - f535bb4a-cba0-4f9b-9e3e-e4a48b3eda51@group-7E32184879DE-LeaderElection581: Election REJECTED; received 2 response(s) [f535bb4a-cba0-4f9b-9e3e-e4a48b3eda51<-54aabb14-4a7d-4ab3-adbe-2e67760b87f4#0:FAIL-t682, f535bb4a-cba0-4f9b-9e3e-e4a48b3eda51<-c652e2ee-3322-4406-8db6-1ea643cb3197#0:FAIL-t682] and 0 exception(s); f535bb4a-cba0-4f9b-9e3e-e4a48b3eda51@group-7E32184879DE:t682, leader=null, voted=f535bb4a-cba0-4f9b-9e3e-e4a48b3eda51, raftlog=f535bb4a-cba0-4f9b-9e3e-e4a48b3eda51@group-7E32184879DE-SegmentedRaftLog:OPENED:c-1,f-1,i0, conf=-1: [f535bb4a-cba0-4f9b-9e3e-e4a48b3eda51:0.0.0.0:44706, 54aabb14-4a7d-4ab3-adbe-2e67760b87f4:0.0.0.0:43074, c652e2ee-3322-4406-8db6-1ea643cb3197:0.0.0.0:42129], old=null
2019-10-18 11:25:46,892 [f535bb4a-cba0-4f9b-9e3e-e4a48b3eda51@group-7E32184879DE-LeaderElection581] INFO  impl.RaftServerImpl (RaftServerImpl.java:setRole(184)) - f535bb4a-cba0-4f9b-9e3e-e4a48b3eda51@group-7E32184879DE: changes role from CANDIDATE to FOLLOWER at term 682 for DISCOVERED_A_NEW_TERM
2019-10-18 11:25:46,892 [f535bb4a-cba0-4f9b-9e3e-e4a48b3eda51@group-7E32184879DE-LeaderElection581] INFO  impl.RoleInfo (RoleInfo.java:shutdownLeaderElection(134)) - f535bb4a-cba0-4f9b-9e3e-e4a48b3eda51: shutdown LeaderElection
2019-10-18 11:25:46,892 [f535bb4a-cba0-4f9b-9e3e-e4a48b3eda51@group-7E32184879DE-LeaderElection581] INFO  impl.RoleInfo (RoleInfo.java:updateAndGet(143)) - f535bb4a-cba0-4f9b-9e3e-e4a48b3eda51: start FollowerState
2019-10-18 11:25:47,017 [Thread-4113] INFO  impl.FollowerState (FollowerState.java:run(108)) - f535bb4a-cba0-4f9b-9e3e-e4a48b3eda51@group-7E32184879DE-FollowerState: change to CANDIDATE, lastRpcTime:124ms, electionTimeout:124ms
2019-10-18 11:25:47,017 [Thread-4113] INFO  impl.RoleInfo (RoleInfo.java:shutdownFollowerState(121)) - f535bb4a-cba0-4f9b-9e3e-e4a48b3eda51: shutdown FollowerState
2019-10-18 11:25:47,017 [Thread-4113] INFO  impl.RaftServerImpl (RaftServerImpl.java:setRole(184)) - f535bb4a-cba0-4f9b-9e3e-e4a48b3eda51@group-7E32184879DE: changes role from  FOLLOWER to CANDIDATE at term 682 for changeToCandidate
2019-10-18 11:25:47,017 [Thread-4113] INFO  impl.RoleInfo (RoleInfo.java:updateAndGet(143)) - f535bb4a-cba0-4f9b-9e3e-e4a48b3eda51: start LeaderElection
2019-10-18 11:25:47,041 [f535bb4a-cba0-4f9b-9e3e-e4a48b3eda51@group-7E32184879DE-LeaderElection582] INFO  impl.LeaderElection (LeaderElection.java:askForVotes(178)) - f535bb4a-cba0-4f9b-9e3e-e4a48b3eda51@group-7E32184879DE-LeaderElection582: begin an election at term 683 for -1: [f535bb4a-cba0-4f9b-9e3e-e4a48b3eda51:0.0.0.0:44706, 54aabb14-4a7d-4ab3-adbe-2e67760b87f4:0.0.0.0:43074, c652e2ee-3322-4406-8db6-1ea643cb3197:0.0.0.0:42129], old=null
2019-10-18 11:25:47,043 [grpc-default-executor-3] INFO  impl.RaftServerImpl (RaftServerImpl.java:setRole(184)) - c652e2ee-3322-4406-8db6-1ea643cb3197@group-7E32184879DE: changes role from  FOLLOWER to FOLLOWER at term 683 for recognizeCandidate:f535bb4a-cba0-4f9b-9e3e-e4a48b3eda51
2019-10-18 11:25:47,043 [grpc-default-executor-1] INFO  impl.RaftServerImpl (RaftServerImpl.java:setRole(184)) - 54aabb14-4a7d-4ab3-adbe-2e67760b87f4@group-7E32184879DE: changes role from  FOLLOWER to FOLLOWER at term 683 for recognizeCandidate:f535bb4a-cba0-4f9b-9e3e-e4a48b3eda51
2019-10-18 11:25:47,043 [grpc-default-executor-3] INFO  impl.RoleInfo (RoleInfo.java:shutdownFollowerState(121)) - c652e2ee-3322-4406-8db6-1ea643cb3197: shutdown FollowerState
2019-10-18 11:25:47,043 [grpc-default-executor-1] INFO  impl.RoleInfo (RoleInfo.java:shutdownFollowerState(121)) - 54aabb14-4a7d-4ab3-adbe-2e67760b87f4: shutdown FollowerState
2019-10-18 11:25:47,044 [Thread-4112] INFO  impl.FollowerState (FollowerState.java:run(117)) - c652e2ee-3322-4406-8db6-1ea643cb3197@group-7E32184879DE-FollowerState was interrupted: java.lang.InterruptedException: sleep interrupted
2019-10-18 11:25:47,043 [grpc-default-executor-3] INFO  impl.RoleInfo (RoleInfo.java:updateAndGet(143)) - c652e2ee-3322-4406-8db6-1ea643cb3197: start FollowerState
2019-10-18 11:25:47,044 [Thread-4111] INFO  impl.FollowerState (FollowerState.java:run(117)) - 54aabb14-4a7d-4ab3-adbe-2e67760b87f4@group-7E32184879DE-FollowerState was interrupted: java.lang.InterruptedException: sleep interrupted
2019-10-18 11:25:47,044 [grpc-default-executor-1] INFO  impl.RoleInfo (RoleInfo.java:updateAndGet(143)) - 54aabb14-4a7d-4ab3-adbe-2e67760b87f4: start FollowerState
2019-10-18 11:25:47,060 [f535bb4a-cba0-4f9b-9e3e-e4a48b3eda51@group-7E32184879DE-LeaderElection582] INFO  impl.LeaderElection (LeaderElection.java:logAndReturn(56)) - f535bb4a-cba0-4f9b-9e3e-e4a48b3eda51@group-7E32184879DE-LeaderElection582: Election TIMEOUT; received 0 response(s) [] and 0 exception(s); f535bb4a-cba0-4f9b-9e3e-e4a48b3eda51@group-7E32184879DE:t683, leader=null, voted=f535bb4a-cba0-4f9b-9e3e-e4a48b3eda51, raftlog=f535bb4a-cba0-4f9b-9e3e-e4a48b3eda51@group-7E32184879DE-SegmentedRaftLog:OPENED:c-1,f-1,i0, conf=-1: [f535bb4a-cba0-4f9b-9e3e-e4a48b3eda51:0.0.0.0:44706, 54aabb14-4a7d-4ab3-adbe-2e67760b87f4:0.0.0.0:43074, c652e2ee-3322-4406-8db6-1ea643cb3197:0.0.0.0:42129], old=null
2019-10-18 11:25:47,083 [f535bb4a-cba0-4f9b-9e3e-e4a48b3eda51@group-7E32184879DE-LeaderElection582] INFO  impl.LeaderElection (LeaderElection.java:askForVotes(178)) - f535bb4a-cba0-4f9b-9e3e-e4a48b3eda51@group-7E32184879DE-LeaderElection582: begin an election at term 684 for -1: [f535bb4a-cba0-4f9b-9e3e-e4a48b3eda51:0.0.0.0:44706, 54aabb14-4a7d-4ab3-adbe-2e67760b87f4:0.0.0.0:43074, c652e2ee-3322-4406-8db6-1ea643cb3197:0.0.0.0:42129], old=null
2019-10-18 11:25:47,084 [grpc-default-executor-1] INFO  impl.RaftServerImpl (RaftServerImpl.java:setRole(184)) - 54aabb14-4a7d-4ab3-adbe-2e67760b87f4@group-7E32184879DE: changes role from  FOLLOWER to FOLLOWER at term 684 for recognizeCandidate:f535bb4a-cba0-4f9b-9e3e-e4a48b3eda51
2019-10-18 11:25:47,085 [grpc-default-executor-1] INFO  impl.RoleInfo (RoleInfo.java:shutdownFollowerState(121)) - 54aabb14-4a7d-4ab3-adbe-2e67760b87f4: shutdown FollowerState
2019-10-18 11:25:47,085 [grpc-default-executor-3] INFO  impl.RaftServerImpl (RaftServerImpl.java:setRole(184)) - c652e2ee-3322-4406-8db6-1ea643cb3197@group-7E32184879DE: changes role from  FOLLOWER to FOLLOWER at term 684 for recognizeCandidate:f535bb4a-cba0-4f9b-9e3e-e4a48b3eda51
2019-10-18 11:25:47,085 [Thread-4118] INFO  impl.FollowerState (FollowerState.java:run(117)) - 54aabb14-4a7d-4ab3-adbe-2e67760b87f4@group-7E32184879DE-FollowerState was interrupted: java.lang.InterruptedException: sleep interrupted
2019-10-18 11:25:47,085 [grpc-default-executor-1] INFO  impl.RoleInfo (RoleInfo.java:updateAndGet(143)) - 54aabb14-4a7d-4ab3-adbe-2e67760b87f4: start FollowerState
2019-10-18 11:25:47,085 [grpc-default-executor-3] INFO  impl.RoleInfo (RoleInfo.java:shutdownFollowerState(121)) - c652e2ee-3322-4406-8db6-1ea643cb3197: shutdown FollowerState
2019-10-18 11:25:47,085 [grpc-default-executor-3] INFO  impl.RoleInfo (RoleInfo.java:updateAndGet(143)) - c652e2ee-3322-4406-8db6-1ea643cb3197: start FollowerState
2019-10-18 11:25:47,085 [Thread-4117] INFO  impl.FollowerState (FollowerState.java:run(117)) - c652e2ee-3322-4406-8db6-1ea643cb3197@group-7E32184879DE-FollowerState was interrupted: java.lang.InterruptedException: sleep interrupted
2019-10-18 11:25:47,109 [f535bb4a-cba0-4f9b-9e3e-e4a48b3eda51@group-7E32184879DE-LeaderElection582] INFO  impl.LeaderElection (LeaderElection.java:logAndReturn(56)) - f535bb4a-cba0-4f9b-9e3e-e4a48b3eda51@group-7E32184879DE-LeaderElection582: Election REJECTED; received 2 response(s) [f535bb4a-cba0-4f9b-9e3e-e4a48b3eda51<-54aabb14-4a7d-4ab3-adbe-2e67760b87f4#0:FAIL-t684, f535bb4a-cba0-4f9b-9e3e-e4a48b3eda51<-c652e2ee-3322-4406-8db6-1ea643cb3197#0:FAIL-t684] and 0 exception(s); f535bb4a-cba0-4f9b-9e3e-e4a48b3eda51@group-7E32184879DE:t684, leader=null, voted=f535bb4a-cba0-4f9b-9e3e-e4a48b3eda51, raftlog=f535bb4a-cba0-4f9b-9e3e-e4a48b3eda51@group-7E32184879DE-SegmentedRaftLog:OPENED:c-1,f-1,i0, conf=-1: [f535bb4a-cba0-4f9b-9e3e-e4a48b3eda51:0.0.0.0:44706, 54aabb14-4a7d-4ab3-adbe-2e67760b87f4:0.0.0.0:43074, c652e2ee-3322-4406-8db6-1ea643cb3197:0.0.0.0:42129], old=null
2019-10-18 11:25:47,109 [f535bb4a-cba0-4f9b-9e3e-e4a48b3eda51@group-7E32184879DE-LeaderElection582] INFO  impl.RaftServerImpl (RaftServerImpl.java:setRole(184)) - f535bb4a-cba0-4f9b-9e3e-e4a48b3eda51@group-7E32184879DE: changes role from CANDIDATE to FOLLOWER at term 684 for DISCOVERED_A_NEW_TERM
2019-10-18 11:25:47,109 [f535bb4a-cba0-4f9b-9e3e-e4a48b3eda51@group-7E32184879DE-LeaderElection582] INFO  impl.RoleInfo (RoleInfo.java:shutdownLeaderElection(134)) - f535bb4a-cba0-4f9b-9e3e-e4a48b3eda51: shutdown LeaderElection
2019-10-18 11:25:47,109 [f535bb4a-cba0-4f9b-9e3e-e4a48b3eda51@group-7E32184879DE-LeaderElection582] INFO  impl.RoleInfo (RoleInfo.java:updateAndGet(143)) - f535bb4a-cba0-4f9b-9e3e-e4a48b3eda51: start FollowerState
2019-10-18 11:25:47,199 [Thread-4123] INFO  impl.FollowerState (FollowerState.java:run(108)) - f535bb4a-cba0-4f9b-9e3e-e4a48b3eda51@group-7E32184879DE-FollowerState: change to CANDIDATE, lastRpcTime:89ms, electionTimeout:89ms
2019-10-18 11:25:47,199 [Thread-4123] INFO  impl.RoleInfo (RoleInfo.java:shutdownFollowerState(121)) - f535bb4a-cba0-4f9b-9e3e-e4a48b3eda51: shutdown FollowerState
2019-10-18 11:25:47,199 [Thread-4123] INFO  impl.RaftServerImpl (RaftServerImpl.java:setRole(184)) - f535bb4a-cba0-4f9b-9e3e-e4a48b3eda51@group-7E32184879DE: changes role from  FOLLOWER to CANDIDATE at term 684 for changeToCandidate
2019-10-18 11:25:47,199 [Thread-4123] INFO  impl.RoleInfo (RoleInfo.java:updateAndGet(143)) - f535bb4a-cba0-4f9b-9e3e-e4a48b3eda51: start LeaderElection
2019-10-18 11:25:47,226 [f535bb4a-cba0-4f9b-9e3e-e4a48b3eda51@group-7E32184879DE-LeaderElection583] INFO  impl.LeaderElection (LeaderElection.java:askForVotes(178)) - f535bb4a-cba0-4f9b-9e3e-e4a48b3eda51@group-7E32184879DE-LeaderElection583: begin an election at term 685 for -1: [f535bb4a-cba0-4f9b-9e3e-e4a48b3eda51:0.0.0.0:44706, 54aabb14-4a7d-4ab3-adbe-2e67760b87f4:0.0.0.0:43074, c652e2ee-3322-4406-8db6-1ea643cb3197:0.0.0.0:42129], old=null
2019-10-18 11:25:47,228 [grpc-default-executor-3] INFO  impl.RaftServerImpl (RaftServerImpl.java:setRole(184)) - 54aabb14-4a7d-4ab3-adbe-2e67760b87f4@group-7E32184879DE: changes role from  FOLLOWER to FOLLOWER at term 685 for recognizeCandidate:f535bb4a-cba0-4f9b-9e3e-e4a48b3eda51
2019-10-18 11:25:47,228 [grpc-default-executor-3] INFO  impl.RoleInfo (RoleInfo.java:shutdownFollowerState(121)) - 54aabb14-4a7d-4ab3-adbe-2e67760b87f4: shutdown FollowerState
2019-10-18 11:25:47,228 [grpc-default-executor-1] INFO  impl.RaftServerImpl (RaftServerImpl.java:setRole(184)) - c652e2ee-3322-4406-8db6-1ea643cb3197@group-7E32184879DE: changes role from  FOLLOWER to FOLLOWER at term 685 for recognizeCandidate:f535bb4a-cba0-4f9b-9e3e-e4a48b3eda51
2019-10-18 11:25:47,228 [grpc-default-executor-1] INFO  impl.RoleInfo (RoleInfo.java:shutdownFollowerState(121)) - c652e2ee-3322-4406-8db6-1ea643cb3197: shutdown FollowerState
2019-10-18 11:25:47,228 [grpc-default-executor-1] INFO  impl.RoleInfo (RoleInfo.java:updateAndGet(143)) - c652e2ee-3322-4406-8db6-1ea643cb3197: start FollowerState
2019-10-18 11:25:47,228 [Thread-4121] INFO  impl.FollowerState (FollowerState.java:run(117)) - 54aabb14-4a7d-4ab3-adbe-2e67760b87f4@group-7E32184879DE-FollowerState was interrupted: java.lang.InterruptedException: sleep interrupted
2019-10-18 11:25:47,228 [grpc-default-executor-3] INFO  impl.RoleInfo (RoleInfo.java:updateAndGet(143)) - 54aabb14-4a7d-4ab3-adbe-2e67760b87f4: start FollowerState
2019-10-18 11:25:47,228 [Thread-4122] INFO  impl.FollowerState (FollowerState.java:run(117)) - c652e2ee-3322-4406-8db6-1ea643cb3197@group-7E32184879DE-FollowerState was interrupted: java.lang.InterruptedException: sleep interrupted
2019-10-18 11:25:47,252 [f535bb4a-cba0-4f9b-9e3e-e4a48b3eda51@group-7E32184879DE-LeaderElection583] INFO  impl.LeaderElection (LeaderElection.java:logAndReturn(56)) - f535bb4a-cba0-4f9b-9e3e-e4a48b3eda51@group-7E32184879DE-LeaderElection583: Election REJECTED; received 2 response(s) [f535bb4a-cba0-4f9b-9e3e-e4a48b3eda51<-54aabb14-4a7d-4ab3-adbe-2e67760b87f4#0:FAIL-t685, f535bb4a-cba0-4f9b-9e3e-e4a48b3eda51<-c652e2ee-3322-4406-8db6-1ea643cb3197#0:FAIL-t685] and 0 exception(s); f535bb4a-cba0-4f9b-9e3e-e4a48b3eda51@group-7E32184879DE:t685, leader=null, voted=f535bb4a-cba0-4f9b-9e3e-e4a48b3eda51, raftlog=f535bb4a-cba0-4f9b-9e3e-e4a48b3eda51@group-7E32184879DE-SegmentedRaftLog:OPENED:c-1,f-1,i0, conf=-1: [f535bb4a-cba0-4f9b-9e3e-e4a48b3eda51:0.0.0.0:44706, 54aabb14-4a7d-4ab3-adbe-2e67760b87f4:0.0.0.0:43074, c652e2ee-3322-4406-8db6-1ea643cb3197:0.0.0.0:42129], old=null
2019-10-18 11:25:47,252 [f535bb4a-cba0-4f9b-9e3e-e4a48b3eda51@group-7E32184879DE-LeaderElection583] INFO  impl.RaftServerImpl (RaftServerImpl.java:setRole(184)) - f535bb4a-cba0-4f9b-9e3e-e4a48b3eda51@group-7E32184879DE: changes role from CANDIDATE to FOLLOWER at term 685 for DISCOVERED_A_NEW_TERM
2019-10-18 11:25:47,252 [f535bb4a-cba0-4f9b-9e3e-e4a48b3eda51@group-7E32184879DE-LeaderElection583] INFO  impl.RoleInfo (RoleInfo.java:shutdownLeaderElection(134)) - f535bb4a-cba0-4f9b-9e3e-e4a48b3eda51: shutdown LeaderElection
2019-10-18 11:25:47,252 [f535bb4a-cba0-4f9b-9e3e-e4a48b3eda51@group-7E32184879DE-LeaderElection583] INFO  impl.RoleInfo (RoleInfo.java:updateAndGet(143)) - f535bb4a-cba0-4f9b-9e3e-e4a48b3eda51: start FollowerState
2019-10-18 11:25:47,367 [Thread-4129] INFO  impl.FollowerState (FollowerState.java:run(108)) - f535bb4a-cba0-4f9b-9e3e-e4a48b3eda51@group-7E32184879DE-FollowerState: change to CANDIDATE, lastRpcTime:114ms, electionTimeout:114ms
2019-10-18 11:25:47,367 [Thread-4129] INFO  impl.RoleInfo (RoleInfo.java:shutdownFollowerState(121)) - f535bb4a-cba0-4f9b-9e3e-e4a48b3eda51: shutdown FollowerState
2019-10-18 11:25:47,367 [Thread-4129] INFO  impl.RaftServerImpl (RaftServerImpl.java:setRole(184)) - f535bb4a-cba0-4f9b-9e3e-e4a48b3eda51@group-7E32184879DE: changes role from  FOLLOWER to CANDIDATE at term 685 for changeToCandidate
2019-10-18 11:25:47,367 [Thread-4129] INFO  impl.RoleInfo (RoleInfo.java:updateAndGet(143)) - f535bb4a-cba0-4f9b-9e3e-e4a48b3eda51: start LeaderElection
2019-10-18 11:25:47,393 [f535bb4a-cba0-4f9b-9e3e-e4a48b3eda51@group-7E32184879DE-LeaderElection584] INFO  impl.LeaderElection (LeaderElection.java:askForVotes(178)) - f535bb4a-cba0-4f9b-9e3e-e4a48b3eda51@group-7E32184879DE-LeaderElection584: begin an election at term 686 for -1: [f535bb4a-cba0-4f9b-9e3e-e4a48b3eda51:0.0.0.0:44706, 54aabb14-4a7d-4ab3-adbe-2e67760b87f4:0.0.0.0:43074, c652e2ee-3322-4406-8db6-1ea643cb3197:0.0.0.0:42129], old=null
2019-10-18 11:25:47,395 [grpc-default-executor-3] INFO  impl.RaftServerImpl (RaftServerImpl.java:setRole(184)) - 54aabb14-4a7d-4ab3-adbe-2e67760b87f4@group-7E32184879DE: changes role from  FOLLOWER to FOLLOWER at term 686 for recognizeCandidate:f535bb4a-cba0-4f9b-9e3e-e4a48b3eda51
2019-10-18 11:25:47,395 [grpc-default-executor-1] INFO  impl.RaftServerImpl (RaftServerImpl.java:setRole(184)) - c652e2ee-3322-4406-8db6-1ea643cb3197@group-7E32184879DE: changes role from  FOLLOWER to FOLLOWER at term 686 for recognizeCandidate:f535bb4a-cba0-4f9b-9e3e-e4a48b3eda51
2019-10-18 11:25:47,395 [grpc-default-executor-3] INFO  impl.RoleInfo (RoleInfo.java:shutdownFollowerState(121)) - 54aabb14-4a7d-4ab3-adbe-2e67760b87f4: shutdown FollowerState
2019-10-18 11:25:47,395 [grpc-default-executor-1] INFO  impl.RoleInfo (RoleInfo.java:shutdownFollowerState(121)) - c652e2ee-3322-4406-8db6-1ea643cb3197: shutdown FollowerState
2019-10-18 11:25:47,395 [Thread-4127] INFO  impl.FollowerState (FollowerState.java:run(117)) - 54aabb14-4a7d-4ab3-adbe-2e67760b87f4@group-7E32184879DE-FollowerState was interrupted: java.lang.InterruptedException: sleep interrupted
2019-10-18 11:25:47,395 [grpc-default-executor-3] INFO  impl.RoleInfo (RoleInfo.java:updateAndGet(143)) - 54aabb14-4a7d-4ab3-adbe-2e67760b87f4: start FollowerState
2019-10-18 11:25:47,396 [Thread-4128] INFO  impl.FollowerState (FollowerState.java:run(117)) - c652e2ee-3322-4406-8db6-1ea643cb3197@group-7E32184879DE-FollowerState was interrupted: java.lang.InterruptedException: sleep interrupted
2019-10-18 11:25:47,396 [grpc-default-executor-1] INFO  impl.RoleInfo (RoleInfo.java:updateAndGet(143)) - c652e2ee-3322-4406-8db6-1ea643cb3197: start FollowerState
2019-10-18 11:25:47,419 [f535bb4a-cba0-4f9b-9e3e-e4a48b3eda51@group-7E32184879DE-LeaderElection584] INFO  impl.LeaderElection (LeaderElection.java:logAndReturn(56)) - f535bb4a-cba0-4f9b-9e3e-e4a48b3eda51@group-7E32184879DE-LeaderElection584: Election REJECTED; received 2 response(s) [f535bb4a-cba0-4f9b-9e3e-e4a48b3eda51<-54aabb14-4a7d-4ab3-adbe-2e67760b87f4#0:FAIL-t686, f535bb4a-cba0-4f9b-9e3e-e4a48b3eda51<-c652e2ee-3322-4406-8db6-1ea643cb3197#0:FAIL-t686] and 0 exception(s); f535bb4a-cba0-4f9b-9e3e-e4a48b3eda51@group-7E32184879DE:t686, leader=null, voted=f535bb4a-cba0-4f9b-9e3e-e4a48b3eda51, raftlog=f535bb4a-cba0-4f9b-9e3e-e4a48b3eda51@group-7E32184879DE-SegmentedRaftLog:OPENED:c-1,f-1,i0, conf=-1: [f535bb4a-cba0-4f9b-9e3e-e4a48b3eda51:0.0.0.0:44706, 54aabb14-4a7d-4ab3-adbe-2e67760b87f4:0.0.0.0:43074, c652e2ee-3322-4406-8db6-1ea643cb3197:0.0.0.0:42129], old=null
2019-10-18 11:25:47,419 [f535bb4a-cba0-4f9b-9e3e-e4a48b3eda51@group-7E32184879DE-LeaderElection584] INFO  impl.RaftServerImpl (RaftServerImpl.java:setRole(184)) - f535bb4a-cba0-4f9b-9e3e-e4a48b3eda51@group-7E32184879DE: changes role from CANDIDATE to FOLLOWER at term 686 for DISCOVERED_A_NEW_TERM
2019-10-18 11:25:47,419 [f535bb4a-cba0-4f9b-9e3e-e4a48b3eda51@group-7E32184879DE-LeaderElection584] INFO  impl.RoleInfo (RoleInfo.java:shutdownLeaderElection(134)) - f535bb4a-cba0-4f9b-9e3e-e4a48b3eda51: shutdown LeaderElection
2019-10-18 11:25:47,423 [f535bb4a-cba0-4f9b-9e3e-e4a48b3eda51@group-7E32184879DE-LeaderElection584] INFO  impl.RoleInfo (RoleInfo.java:updateAndGet(143)) - f535bb4a-cba0-4f9b-9e3e-e4a48b3eda51: start FollowerState
2019-10-18 11:25:47,449 [Thread-4135] INFO  impl.FollowerState (FollowerState.java:run(108)) - f535bb4a-cba0-4f9b-9e3e-e4a48b3eda51@group-7E32184879DE-FollowerState: change to CANDIDATE, lastRpcTime:26ms, electionTimeout:26ms
2019-10-18 11:25:47,449 [Thread-4135] INFO  impl.RoleInfo (RoleInfo.java:shutdownFollowerState(121)) - f535bb4a-cba0-4f9b-9e3e-e4a48b3eda51: shutdown FollowerState
2019-10-18 11:25:47,449 [Thread-4135] INFO  impl.RaftServerImpl (RaftServerImpl.java:setRole(184)) - f535bb4a-cba0-4f9b-9e3e-e4a48b3eda51@group-7E32184879DE: changes role from  FOLLOWER to CANDIDATE at term 686 for changeToCandidate
2019-10-18 11:25:47,450 [Thread-4135] INFO  impl.RoleInfo (RoleInfo.java:updateAndGet(143)) - f535bb4a-cba0-4f9b-9e3e-e4a48b3eda51: start LeaderElection
2019-10-18 11:25:47,478 [f535bb4a-cba0-4f9b-9e3e-e4a48b3eda51@group-7E32184879DE-LeaderElection585] INFO  impl.LeaderElection (LeaderElection.java:askForVotes(178)) - f535bb4a-cba0-4f9b-9e3e-e4a48b3eda51@group-7E32184879DE-LeaderElection585: begin an election at term 687 for -1: [f535bb4a-cba0-4f9b-9e3e-e4a48b3eda51:0.0.0.0:44706, 54aabb14-4a7d-4ab3-adbe-2e67760b87f4:0.0.0.0:43074, c652e2ee-3322-4406-8db6-1ea643cb3197:0.0.0.0:42129], old=null
2019-10-18 11:25:47,480 [grpc-default-executor-3] INFO  impl.RaftServerImpl (RaftServerImpl.java:setRole(184)) - 54aabb14-4a7d-4ab3-adbe-2e67760b87f4@group-7E32184879DE: changes role from  FOLLOWER to FOLLOWER at term 687 for recognizeCandidate:f535bb4a-cba0-4f9b-9e3e-e4a48b3eda51
2019-10-18 11:25:47,480 [grpc-default-executor-1] INFO  impl.RaftServerImpl (RaftServerImpl.java:setRole(184)) - c652e2ee-3322-4406-8db6-1ea643cb3197@group-7E32184879DE: changes role from  FOLLOWER to FOLLOWER at term 687 for recognizeCandidate:f535bb4a-cba0-4f9b-9e3e-e4a48b3eda51
2019-10-18 11:25:47,480 [grpc-default-executor-3] INFO  impl.RoleInfo (RoleInfo.java:shutdownFollowerState(121)) - 54aabb14-4a7d-4ab3-adbe-2e67760b87f4: shutdown FollowerState
2019-10-18 11:25:47,480 [grpc-default-executor-3] INFO  impl.RoleInfo (RoleInfo.java:updateAndGet(143)) - 54aabb14-4a7d-4ab3-adbe-2e67760b87f4: start FollowerState
2019-10-18 11:25:47,480 [Thread-4133] INFO  impl.FollowerState (FollowerState.java:run(117)) - 54aabb14-4a7d-4ab3-adbe-2e67760b87f4@group-7E32184879DE-FollowerState was interrupted: java.lang.InterruptedException: sleep interrupted
2019-10-18 11:25:47,480 [grpc-default-executor-1] INFO  impl.RoleInfo (RoleInfo.java:shutdownFollowerState(121)) - c652e2ee-3322-4406-8db6-1ea643cb3197: shutdown FollowerState
2019-10-18 11:25:47,481 [grpc-default-executor-1] INFO  impl.RoleInfo (RoleInfo.java:updateAndGet(143)) - c652e2ee-3322-4406-8db6-1ea643cb3197: start FollowerState
2019-10-18 11:25:47,481 [Thread-4134] INFO  impl.FollowerState (FollowerState.java:run(117)) - c652e2ee-3322-4406-8db6-1ea643cb3197@group-7E32184879DE-FollowerState was interrupted: java.lang.InterruptedException: sleep interrupted
2019-10-18 11:25:47,504 [f535bb4a-cba0-4f9b-9e3e-e4a48b3eda51@group-7E32184879DE-LeaderElection585] INFO  impl.LeaderElection (LeaderElection.java:logAndReturn(56)) - f535bb4a-cba0-4f9b-9e3e-e4a48b3eda51@group-7E32184879DE-LeaderElection585: Election REJECTED; received 2 response(s) [f535bb4a-cba0-4f9b-9e3e-e4a48b3eda51<-54aabb14-4a7d-4ab3-adbe-2e67760b87f4#0:FAIL-t687, f535bb4a-cba0-4f9b-9e3e-e4a48b3eda51<-c652e2ee-3322-4406-8db6-1ea643cb3197#0:FAIL-t687] and 0 exception(s); f535bb4a-cba0-4f9b-9e3e-e4a48b3eda51@group-7E32184879DE:t687, leader=null, voted=f535bb4a-cba0-4f9b-9e3e-e4a48b3eda51, raftlog=f535bb4a-cba0-4f9b-9e3e-e4a48b3eda51@group-7E32184879DE-SegmentedRaftLog:OPENED:c-1,f-1,i0, conf=-1: [f535bb4a-cba0-4f9b-9e3e-e4a48b3eda51:0.0.0.0:44706, 54aabb14-4a7d-4ab3-adbe-2e67760b87f4:0.0.0.0:43074, c652e2ee-3322-4406-8db6-1ea643cb3197:0.0.0.0:42129], old=null
2019-10-18 11:25:47,504 [f535bb4a-cba0-4f9b-9e3e-e4a48b3eda51@group-7E32184879DE-LeaderElection585] INFO  impl.RaftServerImpl (RaftServerImpl.java:setRole(184)) - f535bb4a-cba0-4f9b-9e3e-e4a48b3eda51@group-7E32184879DE: changes role from CANDIDATE to FOLLOWER at term 687 for DISCOVERED_A_NEW_TERM
2019-10-18 11:25:47,504 [f535bb4a-cba0-4f9b-9e3e-e4a48b3eda51@group-7E32184879DE-LeaderElection585] INFO  impl.RoleInfo (RoleInfo.java:shutdownLeaderElection(134)) - f535bb4a-cba0-4f9b-9e3e-e4a48b3eda51: shutdown LeaderElection
2019-10-18 11:25:47,505 [f535bb4a-cba0-4f9b-9e3e-e4a48b3eda51@group-7E32184879DE-LeaderElection585] INFO  impl.RoleInfo (RoleInfo.java:updateAndGet(143)) - f535bb4a-cba0-4f9b-9e3e-e4a48b3eda51: start FollowerState
2019-10-18 11:25:47,625 [Thread-4141] INFO  impl.FollowerState (FollowerState.java:run(108)) - f535bb4a-cba0-4f9b-9e3e-e4a48b3eda51@group-7E32184879DE-FollowerState: change to CANDIDATE, lastRpcTime:120ms, electionTimeout:120ms
2019-10-18 11:25:47,625 [Thread-4141] INFO  impl.RoleInfo (RoleInfo.java:shutdownFollowerState(121)) - f535bb4a-cba0-4f9b-9e3e-e4a48b3eda51: shutdown FollowerState
2019-10-18 11:25:47,625 [Thread-4141] INFO  impl.RaftServerImpl (RaftServerImpl.java:setRole(184)) - f535bb4a-cba0-4f9b-9e3e-e4a48b3eda51@group-7E32184879DE: changes role from  FOLLOWER to CANDIDATE at term 687 for changeToCandidate
2019-10-18 11:25:47,625 [Thread-4141] INFO  impl.RoleInfo (RoleInfo.java:updateAndGet(143)) - f535bb4a-cba0-4f9b-9e3e-e4a48b3eda51: start LeaderElection
2019-10-18 11:25:47,654 [f535bb4a-cba0-4f9b-9e3e-e4a48b3eda51@group-7E32184879DE-LeaderElection586] INFO  impl.LeaderElection (LeaderElection.java:askForVotes(178)) - f535bb4a-cba0-4f9b-9e3e-e4a48b3eda51@group-7E32184879DE-LeaderElection586: begin an election at term 688 for -1: [f535bb4a-cba0-4f9b-9e3e-e4a48b3eda51:0.0.0.0:44706, 54aabb14-4a7d-4ab3-adbe-2e67760b87f4:0.0.0.0:43074, c652e2ee-3322-4406-8db6-1ea643cb3197:0.0.0.0:42129], old=null
2019-10-18 11:25:47,655 [grpc-default-executor-3] INFO  impl.RaftServerImpl (RaftServerImpl.java:setRole(184)) - 54aabb14-4a7d-4ab3-adbe-2e67760b87f4@group-7E32184879DE: changes role from  FOLLOWER to FOLLOWER at term 688 for recognizeCandidate:f535bb4a-cba0-4f9b-9e3e-e4a48b3eda51
2019-10-18 11:25:47,655 [grpc-default-executor-3] INFO  impl.RoleInfo (RoleInfo.java:shutdownFollowerState(121)) - 54aabb14-4a7d-4ab3-adbe-2e67760b87f4: shutdown FollowerState
2019-10-18 11:25:47,655 [grpc-default-executor-1] INFO  impl.RaftServerImpl (RaftServerImpl.java:setRole(184)) - c652e2ee-3322-4406-8db6-1ea643cb3197@group-7E32184879DE: changes role from  FOLLOWER to FOLLOWER at term 688 for recognizeCandidate:f535bb4a-cba0-4f9b-9e3e-e4a48b3eda51
2019-10-18 11:25:47,656 [grpc-default-executor-1] INFO  impl.RoleInfo (RoleInfo.java:shutdownFollowerState(121)) - c652e2ee-3322-4406-8db6-1ea643cb3197: shutdown FollowerState
2019-10-18 11:25:47,656 [Thread-4139] INFO  impl.FollowerState (FollowerState.java:run(117)) - 54aabb14-4a7d-4ab3-adbe-2e67760b87f4@group-7E32184879DE-FollowerState was interrupted: java.lang.InterruptedException: sleep interrupted
2019-10-18 11:25:47,656 [grpc-default-executor-3] INFO  impl.RoleInfo (RoleInfo.java:updateAndGet(143)) - 54aabb14-4a7d-4ab3-adbe-2e67760b87f4: start FollowerState
2019-10-18 11:25:47,656 [Thread-4140] INFO  impl.FollowerState (FollowerState.java:run(117)) - c652e2ee-3322-4406-8db6-1ea643cb3197@group-7E32184879DE-FollowerState was interrupted: java.lang.InterruptedException: sleep interrupted
2019-10-18 11:25:47,656 [grpc-default-executor-1] INFO  impl.RoleInfo (RoleInfo.java:updateAndGet(143)) - c652e2ee-3322-4406-8db6-1ea643cb3197: start FollowerState
2019-10-18 11:25:47,680 [f535bb4a-cba0-4f9b-9e3e-e4a48b3eda51@group-7E32184879DE-LeaderElection586] INFO  impl.LeaderElection (LeaderElection.java:logAndReturn(56)) - f535bb4a-cba0-4f9b-9e3e-e4a48b3eda51@group-7E32184879DE-LeaderElection586: Election REJECTED; received 2 response(s) [f535bb4a-cba0-4f9b-9e3e-e4a48b3eda51<-54aabb14-4a7d-4ab3-adbe-2e67760b87f4#0:FAIL-t688, f535bb4a-cba0-4f9b-9e3e-e4a48b3eda51<-c652e2ee-3322-4406-8db6-1ea643cb3197#0:FAIL-t688] and 0 exception(s); f535bb4a-cba0-4f9b-9e3e-e4a48b3eda51@group-7E32184879DE:t688, leader=null, voted=f535bb4a-cba0-4f9b-9e3e-e4a48b3eda51, raftlog=f535bb4a-cba0-4f9b-9e3e-e4a48b3eda51@group-7E32184879DE-SegmentedRaftLog:OPENED:c-1,f-1,i0, conf=-1: [f535bb4a-cba0-4f9b-9e3e-e4a48b3eda51:0.0.0.0:44706, 54aabb14-4a7d-4ab3-adbe-2e67760b87f4:0.0.0.0:43074, c652e2ee-3322-4406-8db6-1ea643cb3197:0.0.0.0:42129], old=null
2019-10-18 11:25:47,680 [f535bb4a-cba0-4f9b-9e3e-e4a48b3eda51@group-7E32184879DE-LeaderElection586] INFO  impl.RaftServerImpl (RaftServerImpl.java:setRole(184)) - f535bb4a-cba0-4f9b-9e3e-e4a48b3eda51@group-7E32184879DE: changes role from CANDIDATE to FOLLOWER at term 688 for DISCOVERED_A_NEW_TERM
2019-10-18 11:25:47,680 [f535bb4a-cba0-4f9b-9e3e-e4a48b3eda51@group-7E32184879DE-LeaderElection586] INFO  impl.RoleInfo (RoleInfo.java:shutdownLeaderElection(134)) - f535bb4a-cba0-4f9b-9e3e-e4a48b3eda51: shutdown LeaderElection
2019-10-18 11:25:47,680 [f535bb4a-cba0-4f9b-9e3e-e4a48b3eda51@group-7E32184879DE-LeaderElection586] INFO  impl.RoleInfo (RoleInfo.java:updateAndGet(143)) - f535bb4a-cba0-4f9b-9e3e-e4a48b3eda51: start FollowerState
2019-10-18 11:25:47,814 [Thread-4147] INFO  impl.FollowerState (FollowerState.java:run(108)) - f535bb4a-cba0-4f9b-9e3e-e4a48b3eda51@group-7E32184879DE-FollowerState: change to CANDIDATE, lastRpcTime:133ms, electionTimeout:133ms
2019-10-18 11:25:47,814 [Thread-4147] INFO  impl.RoleInfo (RoleInfo.java:shutdownFollowerState(121)) - f535bb4a-cba0-4f9b-9e3e-e4a48b3eda51: shutdown FollowerState
2019-10-18 11:25:47,814 [Thread-4147] INFO  impl.RaftServerImpl (RaftServerImpl.java:setRole(184)) - f535bb4a-cba0-4f9b-9e3e-e4a48b3eda51@group-7E32184879DE: changes role from  FOLLOWER to CANDIDATE at term 688 for changeToCandidate
2019-10-18 11:25:47,815 [Thread-4147] INFO  impl.RoleInfo (RoleInfo.java:updateAndGet(143)) - f535bb4a-cba0-4f9b-9e3e-e4a48b3eda51: start LeaderElection
2019-10-18 11:25:47,838 [f535bb4a-cba0-4f9b-9e3e-e4a48b3eda51@group-7E32184879DE-LeaderElection587] INFO  impl.LeaderElection (LeaderElection.java:askForVotes(178)) - f535bb4a-cba0-4f9b-9e3e-e4a48b3eda51@group-7E32184879DE-LeaderElection587: begin an election at term 689 for -1: [f535bb4a-cba0-4f9b-9e3e-e4a48b3eda51:0.0.0.0:44706, 54aabb14-4a7d-4ab3-adbe-2e67760b87f4:0.0.0.0:43074, c652e2ee-3322-4406-8db6-1ea643cb3197:0.0.0.0:42129], old=null
2019-10-18 11:25:47,841 [grpc-default-executor-1] INFO  impl.RaftServerImpl (RaftServerImpl.java:setRole(184)) - c652e2ee-3322-4406-8db6-1ea643cb3197@group-7E32184879DE: changes role from  FOLLOWER to FOLLOWER at term 689 for recognizeCandidate:f535bb4a-cba0-4f9b-9e3e-e4a48b3eda51
2019-10-18 11:25:47,841 [grpc-default-executor-1] INFO  impl.RoleInfo (RoleInfo.java:shutdownFollowerState(121)) - c652e2ee-3322-4406-8db6-1ea643cb3197: shutdown FollowerState
2019-10-18 11:25:47,841 [grpc-default-executor-3] INFO  impl.RaftServerImpl (RaftServerImpl.java:setRole(184)) - 54aabb14-4a7d-4ab3-adbe-2e67760b87f4@group-7E32184879DE: changes role from  FOLLOWER to FOLLOWER at term 689 for recognizeCandidate:f535bb4a-cba0-4f9b-9e3e-e4a48b3eda51
2019-10-18 11:25:47,841 [grpc-default-executor-3] INFO  impl.RoleInfo (RoleInfo.java:shutdownFollowerState(121)) - 54aabb14-4a7d-4ab3-adbe-2e67760b87f4: shutdown FollowerState
2019-10-18 11:25:47,841 [Thread-4146] INFO  impl.FollowerState (FollowerState.java:run(117)) - c652e2ee-3322-4406-8db6-1ea643cb3197@group-7E32184879DE-FollowerState was interrupted: java.lang.InterruptedException: sleep interrupted
2019-10-18 11:25:47,841 [grpc-default-executor-1] INFO  impl.RoleInfo (RoleInfo.java:updateAndGet(143)) - c652e2ee-3322-4406-8db6-1ea643cb3197: start FollowerState
2019-10-18 11:25:47,842 [Thread-4145] INFO  impl.FollowerState (FollowerState.java:run(117)) - 54aabb14-4a7d-4ab3-adbe-2e67760b87f4@group-7E32184879DE-FollowerState was interrupted: java.lang.InterruptedException: sleep interrupted
2019-10-18 11:25:47,842 [grpc-default-executor-3] INFO  impl.RoleInfo (RoleInfo.java:updateAndGet(143)) - 54aabb14-4a7d-4ab3-adbe-2e67760b87f4: start FollowerState
2019-10-18 11:25:47,872 [f535bb4a-cba0-4f9b-9e3e-e4a48b3eda51@group-7E32184879DE-LeaderElection587] INFO  impl.LeaderElection (LeaderElection.java:logAndReturn(56)) - f535bb4a-cba0-4f9b-9e3e-e4a48b3eda51@group-7E32184879DE-LeaderElection587: Election REJECTED; received 2 response(s) [f535bb4a-cba0-4f9b-9e3e-e4a48b3eda51<-54aabb14-4a7d-4ab3-adbe-2e67760b87f4#0:FAIL-t689, f535bb4a-cba0-4f9b-9e3e-e4a48b3eda51<-c652e2ee-3322-4406-8db6-1ea643cb3197#0:FAIL-t689] and 0 exception(s); f535bb4a-cba0-4f9b-9e3e-e4a48b3eda51@group-7E32184879DE:t689, leader=null, voted=f535bb4a-cba0-4f9b-9e3e-e4a48b3eda51, raftlog=f535bb4a-cba0-4f9b-9e3e-e4a48b3eda51@group-7E32184879DE-SegmentedRaftLog:OPENED:c-1,f-1,i0, conf=-1: [f535bb4a-cba0-4f9b-9e3e-e4a48b3eda51:0.0.0.0:44706, 54aabb14-4a7d-4ab3-adbe-2e67760b87f4:0.0.0.0:43074, c652e2ee-3322-4406-8db6-1ea643cb3197:0.0.0.0:42129], old=null
2019-10-18 11:25:47,873 [f535bb4a-cba0-4f9b-9e3e-e4a48b3eda51@group-7E32184879DE-LeaderElection587] INFO  impl.RaftServerImpl (RaftServerImpl.java:setRole(184)) - f535bb4a-cba0-4f9b-9e3e-e4a48b3eda51@group-7E32184879DE: changes role from CANDIDATE to FOLLOWER at term 689 for DISCOVERED_A_NEW_TERM
2019-10-18 11:25:47,873 [f535bb4a-cba0-4f9b-9e3e-e4a48b3eda51@group-7E32184879DE-LeaderElection587] INFO  impl.RoleInfo (RoleInfo.java:shutdownLeaderElection(134)) - f535bb4a-cba0-4f9b-9e3e-e4a48b3eda51: shutdown LeaderElection
2019-10-18 11:25:47,873 [f535bb4a-cba0-4f9b-9e3e-e4a48b3eda51@group-7E32184879DE-LeaderElection587] INFO  impl.RoleInfo (RoleInfo.java:updateAndGet(143)) - f535bb4a-cba0-4f9b-9e3e-e4a48b3eda51: start FollowerState
2019-10-18 11:25:48,028 [Thread-4155] INFO  impl.FollowerState (FollowerState.java:run(108)) - f535bb4a-cba0-4f9b-9e3e-e4a48b3eda51@group-7E32184879DE-FollowerState: change to CANDIDATE, lastRpcTime:155ms, electionTimeout:155ms
2019-10-18 11:25:48,029 [Thread-4155] INFO  impl.RoleInfo (RoleInfo.java:shutdownFollowerState(121)) - f535bb4a-cba0-4f9b-9e3e-e4a48b3eda51: shutdown FollowerState
2019-10-18 11:25:48,029 [Thread-4155] INFO  impl.RaftServerImpl (RaftServerImpl.java:setRole(184)) - f535bb4a-cba0-4f9b-9e3e-e4a48b3eda51@group-7E32184879DE: changes role from  FOLLOWER to CANDIDATE at term 689 for changeToCandidate
2019-10-18 11:25:48,029 [Thread-4155] INFO  impl.RoleInfo (RoleInfo.java:updateAndGet(143)) - f535bb4a-cba0-4f9b-9e3e-e4a48b3eda51: start LeaderElection
2019-10-18 11:25:48,056 [f535bb4a-cba0-4f9b-9e3e-e4a48b3eda51@group-7E32184879DE-LeaderElection588] INFO  impl.LeaderElection (LeaderElection.java:askForVotes(178)) - f535bb4a-cba0-4f9b-9e3e-e4a48b3eda51@group-7E32184879DE-LeaderElection588: begin an election at term 690 for -1: [f535bb4a-cba0-4f9b-9e3e-e4a48b3eda51:0.0.0.0:44706, 54aabb14-4a7d-4ab3-adbe-2e67760b87f4:0.0.0.0:43074, c652e2ee-3322-4406-8db6-1ea643cb3197:0.0.0.0:42129], old=null
2019-10-18 11:25:48,057 [grpc-default-executor-3] INFO  impl.RaftServerImpl (RaftServerImpl.java:setRole(184)) - 54aabb14-4a7d-4ab3-adbe-2e67760b87f4@group-7E32184879DE: changes role from  FOLLOWER to FOLLOWER at term 690 for recognizeCandidate:f535bb4a-cba0-4f9b-9e3e-e4a48b3eda51
2019-10-18 11:25:48,057 [grpc-default-executor-1] INFO  impl.RaftServerImpl (RaftServerImpl.java:setRole(184)) - c652e2ee-3322-4406-8db6-1ea643cb3197@group-7E32184879DE: changes role from  FOLLOWER to FOLLOWER at term 690 for recognizeCandidate:f535bb4a-cba0-4f9b-9e3e-e4a48b3eda51
2019-10-18 11:25:48,058 [grpc-default-executor-1] INFO  impl.RoleInfo (RoleInfo.java:shutdownFollowerState(121)) - c652e2ee-3322-4406-8db6-1ea643cb3197: shutdown FollowerState
2019-10-18 11:25:48,058 [grpc-default-executor-3] INFO  impl.RoleInfo (RoleInfo.java:shutdownFollowerState(121)) - 54aabb14-4a7d-4ab3-adbe-2e67760b87f4: shutdown FollowerState
2019-10-18 11:25:48,058 [Thread-4153] INFO  impl.FollowerState (FollowerState.java:run(117)) - c652e2ee-3322-4406-8db6-1ea643cb3197@group-7E32184879DE-FollowerState was interrupted: java.lang.InterruptedException: sleep interrupted
2019-10-18 11:25:48,058 [grpc-default-executor-1] INFO  impl.RoleInfo (RoleInfo.java:updateAndGet(143)) - c652e2ee-3322-4406-8db6-1ea643cb3197: start FollowerState
2019-10-18 11:25:48,058 [f535bb4a-cba0-4f9b-9e3e-e4a48b3eda51@group-7E32184879DE-LeaderElection588] INFO  impl.LeaderElection (LeaderElection.java:logAndReturn(56)) - f535bb4a-cba0-4f9b-9e3e-e4a48b3eda51@group-7E32184879DE-LeaderElection588: Election TIMEOUT; received 0 response(s) [] and 0 exception(s); f535bb4a-cba0-4f9b-9e3e-e4a48b3eda51@group-7E32184879DE:t690, leader=null, voted=f535bb4a-cba0-4f9b-9e3e-e4a48b3eda51, raftlog=f535bb4a-cba0-4f9b-9e3e-e4a48b3eda51@group-7E32184879DE-SegmentedRaftLog:OPENED:c-1,f-1,i0, conf=-1: [f535bb4a-cba0-4f9b-9e3e-e4a48b3eda51:0.0.0.0:44706, 54aabb14-4a7d-4ab3-adbe-2e67760b87f4:0.0.0.0:43074, c652e2ee-3322-4406-8db6-1ea643cb3197:0.0.0.0:42129], old=null
2019-10-18 11:25:48,058 [Thread-4154] INFO  impl.FollowerState (FollowerState.java:run(117)) - 54aabb14-4a7d-4ab3-adbe-2e67760b87f4@group-7E32184879DE-FollowerState was interrupted: java.lang.InterruptedException: sleep interrupted
2019-10-18 11:25:48,058 [grpc-default-executor-3] INFO  impl.RoleInfo (RoleInfo.java:updateAndGet(143)) - 54aabb14-4a7d-4ab3-adbe-2e67760b87f4: start FollowerState
2019-10-18 11:25:48,081 [f535bb4a-cba0-4f9b-9e3e-e4a48b3eda51@group-7E32184879DE-LeaderElection588] INFO  impl.LeaderElection (LeaderElection.java:askForVotes(178)) - f535bb4a-cba0-4f9b-9e3e-e4a48b3eda51@group-7E32184879DE-LeaderElection588: begin an election at term 691 for -1: [f535bb4a-cba0-4f9b-9e3e-e4a48b3eda51:0.0.0.0:44706, 54aabb14-4a7d-4ab3-adbe-2e67760b87f4:0.0.0.0:43074, c652e2ee-3322-4406-8db6-1ea643cb3197:0.0.0.0:42129], old=null
2019-10-18 11:25:48,082 [grpc-default-executor-3] INFO  impl.RaftServerImpl (RaftServerImpl.java:setRole(184)) - 54aabb14-4a7d-4ab3-adbe-2e67760b87f4@group-7E32184879DE: changes role from  FOLLOWER to FOLLOWER at term 691 for recognizeCandidate:f535bb4a-cba0-4f9b-9e3e-e4a48b3eda51
2019-10-18 11:25:48,082 [grpc-default-executor-3] INFO  impl.RoleInfo (RoleInfo.java:shutdownFollowerState(121)) - 54aabb14-4a7d-4ab3-adbe-2e67760b87f4: shutdown FollowerState
2019-10-18 11:25:48,082 [grpc-default-executor-3] INFO  impl.RoleInfo (RoleInfo.java:updateAndGet(143)) - 54aabb14-4a7d-4ab3-adbe-2e67760b87f4: start FollowerState
2019-10-18 11:25:48,082 [Thread-4160] INFO  impl.FollowerState (FollowerState.java:run(117)) - 54aabb14-4a7d-4ab3-adbe-2e67760b87f4@group-7E32184879DE-FollowerState was interrupted: java.lang.InterruptedException: sleep interrupted
2019-10-18 11:25:48,082 [grpc-default-executor-1] INFO  impl.RaftServerImpl (RaftServerImpl.java:setRole(184)) - c652e2ee-3322-4406-8db6-1ea643cb3197@group-7E32184879DE: changes role from  FOLLOWER to FOLLOWER at term 691 for recognizeCandidate:f535bb4a-cba0-4f9b-9e3e-e4a48b3eda51
2019-10-18 11:25:48,083 [grpc-default-executor-1] INFO  impl.RoleInfo (RoleInfo.java:shutdownFollowerState(121)) - c652e2ee-3322-4406-8db6-1ea643cb3197: shutdown FollowerState
2019-10-18 11:25:48,083 [grpc-default-executor-1] INFO  impl.RoleInfo (RoleInfo.java:updateAndGet(143)) - c652e2ee-3322-4406-8db6-1ea643cb3197: start FollowerState
2019-10-18 11:25:48,083 [Thread-4159] INFO  impl.FollowerState (FollowerState.java:run(117)) - c652e2ee-3322-4406-8db6-1ea643cb3197@group-7E32184879DE-FollowerState was interrupted: java.lang.InterruptedException: sleep interrupted
2019-10-18 11:25:48,108 [f535bb4a-cba0-4f9b-9e3e-e4a48b3eda51@group-7E32184879DE-LeaderElection588] INFO  impl.LeaderElection (LeaderElection.java:logAndReturn(56)) - f535bb4a-cba0-4f9b-9e3e-e4a48b3eda51@group-7E32184879DE-LeaderElection588: Election REJECTED; received 2 response(s) [f535bb4a-cba0-4f9b-9e3e-e4a48b3eda51<-54aabb14-4a7d-4ab3-adbe-2e67760b87f4#0:FAIL-t691, f535bb4a-cba0-4f9b-9e3e-e4a48b3eda51<-c652e2ee-3322-4406-8db6-1ea643cb3197#0:FAIL-t691] and 0 exception(s); f535bb4a-cba0-4f9b-9e3e-e4a48b3eda51@group-7E32184879DE:t691, leader=null, voted=f535bb4a-cba0-4f9b-9e3e-e4a48b3eda51, raftlog=f535bb4a-cba0-4f9b-9e3e-e4a48b3eda51@group-7E32184879DE-SegmentedRaftLog:OPENED:c-1,f-1,i0, conf=-1: [f535bb4a-cba0-4f9b-9e3e-e4a48b3eda51:0.0.0.0:44706, 54aabb14-4a7d-4ab3-adbe-2e67760b87f4:0.0.0.0:43074, c652e2ee-3322-4406-8db6-1ea643cb3197:0.0.0.0:42129], old=null
2019-10-18 11:25:48,109 [f535bb4a-cba0-4f9b-9e3e-e4a48b3eda51@group-7E32184879DE-LeaderElection588] INFO  impl.RaftServerImpl (RaftServerImpl.java:setRole(184)) - f535bb4a-cba0-4f9b-9e3e-e4a48b3eda51@group-7E32184879DE: changes role from CANDIDATE to FOLLOWER at term 691 for DISCOVERED_A_NEW_TERM
2019-10-18 11:25:48,109 [f535bb4a-cba0-4f9b-9e3e-e4a48b3eda51@group-7E32184879DE-LeaderElection588] INFO  impl.RoleInfo (RoleInfo.java:shutdownLeaderElection(134)) - f535bb4a-cba0-4f9b-9e3e-e4a48b3eda51: shutdown LeaderElection
2019-10-18 11:25:48,109 [f535bb4a-cba0-4f9b-9e3e-e4a48b3eda51@group-7E32184879DE-LeaderElection588] INFO  impl.RoleInfo (RoleInfo.java:updateAndGet(143)) - f535bb4a-cba0-4f9b-9e3e-e4a48b3eda51: start FollowerState
2019-10-18 11:25:48,300 [Thread-4165] INFO  impl.FollowerState (FollowerState.java:run(108)) - f535bb4a-cba0-4f9b-9e3e-e4a48b3eda51@group-7E32184879DE-FollowerState: change to CANDIDATE, lastRpcTime:190ms, electionTimeout:190ms
2019-10-18 11:25:48,300 [Thread-4165] INFO  impl.RoleInfo (RoleInfo.java:shutdownFollowerState(121)) - f535bb4a-cba0-4f9b-9e3e-e4a48b3eda51: shutdown FollowerState
2019-10-18 11:25:48,300 [Thread-4165] INFO  impl.RaftServerImpl (RaftServerImpl.java:setRole(184)) - f535bb4a-cba0-4f9b-9e3e-e4a48b3eda51@group-7E32184879DE: changes role from  FOLLOWER to CANDIDATE at term 691 for changeToCandidate
2019-10-18 11:25:48,300 [Thread-4165] INFO  impl.RoleInfo (RoleInfo.java:updateAndGet(143)) - f535bb4a-cba0-4f9b-9e3e-e4a48b3eda51: start LeaderElection
2019-10-18 11:25:48,332 [f535bb4a-cba0-4f9b-9e3e-e4a48b3eda51@group-7E32184879DE-LeaderElection589] INFO  impl.LeaderElection (LeaderElection.java:askForVotes(178)) - f535bb4a-cba0-4f9b-9e3e-e4a48b3eda51@group-7E32184879DE-LeaderElection589: begin an election at term 692 for -1: [f535bb4a-cba0-4f9b-9e3e-e4a48b3eda51:0.0.0.0:44706, 54aabb14-4a7d-4ab3-adbe-2e67760b87f4:0.0.0.0:43074, c652e2ee-3322-4406-8db6-1ea643cb3197:0.0.0.0:42129], old=null
2019-10-18 11:25:48,335 [grpc-default-executor-1] INFO  impl.RaftServerImpl (RaftServerImpl.java:setRole(184)) - c652e2ee-3322-4406-8db6-1ea643cb3197@group-7E32184879DE: changes role from  FOLLOWER to FOLLOWER at term 692 for recognizeCandidate:f535bb4a-cba0-4f9b-9e3e-e4a48b3eda51
2019-10-18 11:25:48,335 [grpc-default-executor-1] INFO  impl.RoleInfo (RoleInfo.java:shutdownFollowerState(121)) - c652e2ee-3322-4406-8db6-1ea643cb3197: shutdown FollowerState
2019-10-18 11:25:48,335 [grpc-default-executor-1] INFO  impl.RoleInfo (RoleInfo.java:updateAndGet(143)) - c652e2ee-3322-4406-8db6-1ea643cb3197: start FollowerState
2019-10-18 11:25:48,335 [grpc-default-executor-3] INFO  impl.RaftServerImpl (RaftServerImpl.java:setRole(184)) - 54aabb14-4a7d-4ab3-adbe-2e67760b87f4@group-7E32184879DE: changes role from  FOLLOWER to FOLLOWER at term 692 for recognizeCandidate:f535bb4a-cba0-4f9b-9e3e-e4a48b3eda51
2019-10-18 11:25:48,335 [Thread-4164] INFO  impl.FollowerState (FollowerState.java:run(117)) - c652e2ee-3322-4406-8db6-1ea643cb3197@group-7E32184879DE-FollowerState was interrupted: java.lang.InterruptedException: sleep interrupted
2019-10-18 11:25:48,336 [grpc-default-executor-3] INFO  impl.RoleInfo (RoleInfo.java:shutdownFollowerState(121)) - 54aabb14-4a7d-4ab3-adbe-2e67760b87f4: shutdown FollowerState
2019-10-18 11:25:48,336 [grpc-default-executor-3] INFO  impl.RoleInfo (RoleInfo.java:updateAndGet(143)) - 54aabb14-4a7d-4ab3-adbe-2e67760b87f4: start FollowerState
2019-10-18 11:25:48,336 [Thread-4163] INFO  impl.FollowerState (FollowerState.java:run(117)) - 54aabb14-4a7d-4ab3-adbe-2e67760b87f4@group-7E32184879DE-FollowerState was interrupted: java.lang.InterruptedException: sleep interrupted
2019-10-18 11:25:48,357 [f535bb4a-cba0-4f9b-9e3e-e4a48b3eda51@group-7E32184879DE-LeaderElection589] INFO  impl.LeaderElection (LeaderElection.java:logAndReturn(56)) - f535bb4a-cba0-4f9b-9e3e-e4a48b3eda51@group-7E32184879DE-LeaderElection589: Election REJECTED; received 2 response(s) [f535bb4a-cba0-4f9b-9e3e-e4a48b3eda51<-54aabb14-4a7d-4ab3-adbe-2e67760b87f4#0:FAIL-t692, f535bb4a-cba0-4f9b-9e3e-e4a48b3eda51<-c652e2ee-3322-4406-8db6-1ea643cb3197#0:FAIL-t692] and 0 exception(s); f535bb4a-cba0-4f9b-9e3e-e4a48b3eda51@group-7E32184879DE:t692, leader=null, voted=f535bb4a-cba0-4f9b-9e3e-e4a48b3eda51, raftlog=f535bb4a-cba0-4f9b-9e3e-e4a48b3eda51@group-7E32184879DE-SegmentedRaftLog:OPENED:c-1,f-1,i0, conf=-1: [f535bb4a-cba0-4f9b-9e3e-e4a48b3eda51:0.0.0.0:44706, 54aabb14-4a7d-4ab3-adbe-2e67760b87f4:0.0.0.0:43074, c652e2ee-3322-4406-8db6-1ea643cb3197:0.0.0.0:42129], old=null
2019-10-18 11:25:48,358 [f535bb4a-cba0-4f9b-9e3e-e4a48b3eda51@group-7E32184879DE-LeaderElection589] INFO  impl.RaftServerImpl (RaftServerImpl.java:setRole(184)) - f535bb4a-cba0-4f9b-9e3e-e4a48b3eda51@group-7E32184879DE: changes role from CANDIDATE to FOLLOWER at term 692 for DISCOVERED_A_NEW_TERM
2019-10-18 11:25:48,358 [f535bb4a-cba0-4f9b-9e3e-e4a48b3eda51@group-7E32184879DE-LeaderElection589] INFO  impl.RoleInfo (RoleInfo.java:shutdownLeaderElection(134)) - f535bb4a-cba0-4f9b-9e3e-e4a48b3eda51: shutdown LeaderElection
2019-10-18 11:25:48,358 [f535bb4a-cba0-4f9b-9e3e-e4a48b3eda51@group-7E32184879DE-LeaderElection589] INFO  impl.RoleInfo (RoleInfo.java:updateAndGet(143)) - f535bb4a-cba0-4f9b-9e3e-e4a48b3eda51: start FollowerState
2019-10-18 11:25:48,473 [Thread-4171] INFO  impl.FollowerState (FollowerState.java:run(108)) - f535bb4a-cba0-4f9b-9e3e-e4a48b3eda51@group-7E32184879DE-FollowerState: change to CANDIDATE, lastRpcTime:115ms, electionTimeout:115ms
2019-10-18 11:25:48,473 [Thread-4171] INFO  impl.RoleInfo (RoleInfo.java:shutdownFollowerState(121)) - f535bb4a-cba0-4f9b-9e3e-e4a48b3eda51: shutdown FollowerState
2019-10-18 11:25:48,473 [Thread-4171] INFO  impl.RaftServerImpl (RaftServerImpl.java:setRole(184)) - f535bb4a-cba0-4f9b-9e3e-e4a48b3eda51@group-7E32184879DE: changes role from  FOLLOWER to CANDIDATE at term 692 for changeToCandidate
2019-10-18 11:25:48,473 [Thread-4171] INFO  impl.RoleInfo (RoleInfo.java:updateAndGet(143)) - f535bb4a-cba0-4f9b-9e3e-e4a48b3eda51: start LeaderElection
2019-10-18 11:25:48,499 [f535bb4a-cba0-4f9b-9e3e-e4a48b3eda51@group-7E32184879DE-LeaderElection590] INFO  impl.LeaderElection (LeaderElection.java:askForVotes(178)) - f535bb4a-cba0-4f9b-9e3e-e4a48b3eda51@group-7E32184879DE-LeaderElection590: begin an election at term 693 for -1: [f535bb4a-cba0-4f9b-9e3e-e4a48b3eda51:0.0.0.0:44706, 54aabb14-4a7d-4ab3-adbe-2e67760b87f4:0.0.0.0:43074, c652e2ee-3322-4406-8db6-1ea643cb3197:0.0.0.0:42129], old=null
2019-10-18 11:25:48,501 [grpc-default-executor-1] INFO  impl.RaftServerImpl (RaftServerImpl.java:setRole(184)) - 54aabb14-4a7d-4ab3-adbe-2e67760b87f4@group-7E32184879DE: changes role from  FOLLOWER to FOLLOWER at term 693 for recognizeCandidate:f535bb4a-cba0-4f9b-9e3e-e4a48b3eda51
2019-10-18 11:25:48,501 [grpc-default-executor-3] INFO  impl.RaftServerImpl (RaftServerImpl.java:setRole(184)) - c652e2ee-3322-4406-8db6-1ea643cb3197@group-7E32184879DE: changes role from  FOLLOWER to FOLLOWER at term 693 for recognizeCandidate:f535bb4a-cba0-4f9b-9e3e-e4a48b3eda51
2019-10-18 11:25:48,501 [grpc-default-executor-3] INFO  impl.RoleInfo (RoleInfo.java:shutdownFollowerState(121)) - c652e2ee-3322-4406-8db6-1ea643cb3197: shutdown FollowerState
2019-10-18 11:25:48,501 [grpc-default-executor-1] INFO  impl.RoleInfo (RoleInfo.java:shutdownFollowerState(121)) - 54aabb14-4a7d-4ab3-adbe-2e67760b87f4: shutdown FollowerState
2019-10-18 11:25:48,501 [Thread-4169] INFO  impl.FollowerState (FollowerState.java:run(117)) - c652e2ee-3322-4406-8db6-1ea643cb3197@group-7E32184879DE-FollowerState was interrupted: java.lang.InterruptedException: sleep interrupted
2019-10-18 11:25:48,501 [grpc-default-executor-3] INFO  impl.RoleInfo (RoleInfo.java:updateAndGet(143)) - c652e2ee-3322-4406-8db6-1ea643cb3197: start FollowerState
2019-10-18 11:25:48,501 [Thread-4170] INFO  impl.FollowerState (FollowerState.java:run(117)) - 54aabb14-4a7d-4ab3-adbe-2e67760b87f4@group-7E32184879DE-FollowerState was interrupted: java.lang.InterruptedException: sleep interrupted
2019-10-18 11:25:48,501 [grpc-default-executor-1] INFO  impl.RoleInfo (RoleInfo.java:updateAndGet(143)) - 54aabb14-4a7d-4ab3-adbe-2e67760b87f4: start FollowerState
2019-10-18 11:25:48,525 [f535bb4a-cba0-4f9b-9e3e-e4a48b3eda51@group-7E32184879DE-LeaderElection590] INFO  impl.LeaderElection (LeaderElection.java:logAndReturn(56)) - f535bb4a-cba0-4f9b-9e3e-e4a48b3eda51@group-7E32184879DE-LeaderElection590: Election REJECTED; received 2 response(s) [f535bb4a-cba0-4f9b-9e3e-e4a48b3eda51<-54aabb14-4a7d-4ab3-adbe-2e67760b87f4#0:FAIL-t693, f535bb4a-cba0-4f9b-9e3e-e4a48b3eda51<-c652e2ee-3322-4406-8db6-1ea643cb3197#0:FAIL-t693] and 0 exception(s); f535bb4a-cba0-4f9b-9e3e-e4a48b3eda51@group-7E32184879DE:t693, leader=null, voted=f535bb4a-cba0-4f9b-9e3e-e4a48b3eda51, raftlog=f535bb4a-cba0-4f9b-9e3e-e4a48b3eda51@group-7E32184879DE-SegmentedRaftLog:OPENED:c-1,f-1,i0, conf=-1: [f535bb4a-cba0-4f9b-9e3e-e4a48b3eda51:0.0.0.0:44706, 54aabb14-4a7d-4ab3-adbe-2e67760b87f4:0.0.0.0:43074, c652e2ee-3322-4406-8db6-1ea643cb3197:0.0.0.0:42129], old=null
2019-10-18 11:25:48,525 [f535bb4a-cba0-4f9b-9e3e-e4a48b3eda51@group-7E32184879DE-LeaderElection590] INFO  impl.RaftServerImpl (RaftServerImpl.java:setRole(184)) - f535bb4a-cba0-4f9b-9e3e-e4a48b3eda51@group-7E32184879DE: changes role from CANDIDATE to FOLLOWER at term 693 for DISCOVERED_A_NEW_TERM
2019-10-18 11:25:48,525 [f535bb4a-cba0-4f9b-9e3e-e4a48b3eda51@group-7E32184879DE-LeaderElection590] INFO  impl.RoleInfo (RoleInfo.java:shutdownLeaderElection(134)) - f535bb4a-cba0-4f9b-9e3e-e4a48b3eda51: shutdown LeaderElection
2019-10-18 11:25:48,525 [f535bb4a-cba0-4f9b-9e3e-e4a48b3eda51@group-7E32184879DE-LeaderElection590] INFO  impl.RoleInfo (RoleInfo.java:updateAndGet(143)) - f535bb4a-cba0-4f9b-9e3e-e4a48b3eda51: start FollowerState
2019-10-18 11:25:48,586 [Thread-4177] INFO  impl.FollowerState (FollowerState.java:run(108)) - f535bb4a-cba0-4f9b-9e3e-e4a48b3eda51@group-7E32184879DE-FollowerState: change to CANDIDATE, lastRpcTime:60ms, electionTimeout:60ms
2019-10-18 11:25:48,586 [Thread-4177] INFO  impl.RoleInfo (RoleInfo.java:shutdownFollowerState(121)) - f535bb4a-cba0-4f9b-9e3e-e4a48b3eda51: shutdown FollowerState
2019-10-18 11:25:48,586 [Thread-4177] INFO  impl.RaftServerImpl (RaftServerImpl.java:setRole(184)) - f535bb4a-cba0-4f9b-9e3e-e4a48b3eda51@group-7E32184879DE: changes role from  FOLLOWER to CANDIDATE at term 693 for changeToCandidate
2019-10-18 11:25:48,586 [Thread-4177] INFO  impl.RoleInfo (RoleInfo.java:updateAndGet(143)) - f535bb4a-cba0-4f9b-9e3e-e4a48b3eda51: start LeaderElection
2019-10-18 11:25:48,608 [f535bb4a-cba0-4f9b-9e3e-e4a48b3eda51@group-7E32184879DE-LeaderElection591] INFO  impl.LeaderElection (LeaderElection.java:askForVotes(178)) - f535bb4a-cba0-4f9b-9e3e-e4a48b3eda51@group-7E32184879DE-LeaderElection591: begin an election at term 694 for -1: [f535bb4a-cba0-4f9b-9e3e-e4a48b3eda51:0.0.0.0:44706, 54aabb14-4a7d-4ab3-adbe-2e67760b87f4:0.0.0.0:43074, c652e2ee-3322-4406-8db6-1ea643cb3197:0.0.0.0:42129], old=null
2019-10-18 11:25:48,610 [grpc-default-executor-3] INFO  impl.RaftServerImpl (RaftServerImpl.java:setRole(184)) - 54aabb14-4a7d-4ab3-adbe-2e67760b87f4@group-7E32184879DE: changes role from  FOLLOWER to FOLLOWER at term 694 for recognizeCandidate:f535bb4a-cba0-4f9b-9e3e-e4a48b3eda51
2019-10-18 11:25:48,610 [grpc-default-executor-3] INFO  impl.RoleInfo (RoleInfo.java:shutdownFollowerState(121)) - 54aabb14-4a7d-4ab3-adbe-2e67760b87f4: shutdown FollowerState
2019-10-18 11:25:48,610 [grpc-default-executor-1] INFO  impl.RaftServerImpl (RaftServerImpl.java:setRole(184)) - c652e2ee-3322-4406-8db6-1ea643cb3197@group-7E32184879DE: changes role from  FOLLOWER to FOLLOWER at term 694 for recognizeCandidate:f535bb4a-cba0-4f9b-9e3e-e4a48b3eda51
2019-10-18 11:25:48,610 [Thread-4176] INFO  impl.FollowerState (FollowerState.java:run(117)) - 54aabb14-4a7d-4ab3-adbe-2e67760b87f4@group-7E32184879DE-FollowerState was interrupted: java.lang.InterruptedException: sleep interrupted
2019-10-18 11:25:48,610 [grpc-default-executor-3] INFO  impl.RoleInfo (RoleInfo.java:updateAndGet(143)) - 54aabb14-4a7d-4ab3-adbe-2e67760b87f4: start FollowerState
2019-10-18 11:25:48,610 [grpc-default-executor-1] INFO  impl.RoleInfo (RoleInfo.java:shutdownFollowerState(121)) - c652e2ee-3322-4406-8db6-1ea643cb3197: shutdown FollowerState
2019-10-18 11:25:48,611 [grpc-default-executor-1] INFO  impl.RoleInfo (RoleInfo.java:updateAndGet(143)) - c652e2ee-3322-4406-8db6-1ea643cb3197: start FollowerState
2019-10-18 11:25:48,611 [Thread-4175] INFO  impl.FollowerState (FollowerState.java:run(117)) - c652e2ee-3322-4406-8db6-1ea643cb3197@group-7E32184879DE-FollowerState was interrupted: java.lang.InterruptedException: sleep interrupted
2019-10-18 11:25:48,634 [f535bb4a-cba0-4f9b-9e3e-e4a48b3eda51@group-7E32184879DE-LeaderElection591] INFO  impl.LeaderElection (LeaderElection.java:logAndReturn(56)) - f535bb4a-cba0-4f9b-9e3e-e4a48b3eda51@group-7E32184879DE-LeaderElection591: Election REJECTED; received 2 response(s) [f535bb4a-cba0-4f9b-9e3e-e4a48b3eda51<-54aabb14-4a7d-4ab3-adbe-2e67760b87f4#0:FAIL-t694, f535bb4a-cba0-4f9b-9e3e-e4a48b3eda51<-c652e2ee-3322-4406-8db6-1ea643cb3197#0:FAIL-t694] and 0 exception(s); f535bb4a-cba0-4f9b-9e3e-e4a48b3eda51@group-7E32184879DE:t694, leader=null, voted=f535bb4a-cba0-4f9b-9e3e-e4a48b3eda51, raftlog=f535bb4a-cba0-4f9b-9e3e-e4a48b3eda51@group-7E32184879DE-SegmentedRaftLog:OPENED:c-1,f-1,i0, conf=-1: [f535bb4a-cba0-4f9b-9e3e-e4a48b3eda51:0.0.0.0:44706, 54aabb14-4a7d-4ab3-adbe-2e67760b87f4:0.0.0.0:43074, c652e2ee-3322-4406-8db6-1ea643cb3197:0.0.0.0:42129], old=null
2019-10-18 11:25:48,634 [f535bb4a-cba0-4f9b-9e3e-e4a48b3eda51@group-7E32184879DE-LeaderElection591] INFO  impl.RaftServerImpl (RaftServerImpl.java:setRole(184)) - f535bb4a-cba0-4f9b-9e3e-e4a48b3eda51@group-7E32184879DE: changes role from CANDIDATE to FOLLOWER at term 694 for DISCOVERED_A_NEW_TERM
2019-10-18 11:25:48,634 [f535bb4a-cba0-4f9b-9e3e-e4a48b3eda51@group-7E32184879DE-LeaderElection591] INFO  impl.RoleInfo (RoleInfo.java:shutdownLeaderElection(134)) - f535bb4a-cba0-4f9b-9e3e-e4a48b3eda51: shutdown LeaderElection
2019-10-18 11:25:48,635 [f535bb4a-cba0-4f9b-9e3e-e4a48b3eda51@group-7E32184879DE-LeaderElection591] INFO  impl.RoleInfo (RoleInfo.java:updateAndGet(143)) - f535bb4a-cba0-4f9b-9e3e-e4a48b3eda51: start FollowerState
2019-10-18 11:25:48,684 [Thread-4183] INFO  impl.FollowerState (FollowerState.java:run(108)) - f535bb4a-cba0-4f9b-9e3e-e4a48b3eda51@group-7E32184879DE-FollowerState: change to CANDIDATE, lastRpcTime:49ms, electionTimeout:49ms
2019-10-18 11:25:48,684 [Thread-4183] INFO  impl.RoleInfo (RoleInfo.java:shutdownFollowerState(121)) - f535bb4a-cba0-4f9b-9e3e-e4a48b3eda51: shutdown FollowerState
2019-10-18 11:25:48,684 [Thread-4183] INFO  impl.RaftServerImpl (RaftServerImpl.java:setRole(184)) - f535bb4a-cba0-4f9b-9e3e-e4a48b3eda51@group-7E32184879DE: changes role from  FOLLOWER to CANDIDATE at term 694 for changeToCandidate
2019-10-18 11:25:48,684 [Thread-4183] INFO  impl.RoleInfo (RoleInfo.java:updateAndGet(143)) - f535bb4a-cba0-4f9b-9e3e-e4a48b3eda51: start LeaderElection
2019-10-18 11:25:48,709 [f535bb4a-cba0-4f9b-9e3e-e4a48b3eda51@group-7E32184879DE-LeaderElection592] INFO  impl.LeaderElection (LeaderElection.java:askForVotes(178)) - f535bb4a-cba0-4f9b-9e3e-e4a48b3eda51@group-7E32184879DE-LeaderElection592: begin an election at term 695 for -1: [f535bb4a-cba0-4f9b-9e3e-e4a48b3eda51:0.0.0.0:44706, 54aabb14-4a7d-4ab3-adbe-2e67760b87f4:0.0.0.0:43074, c652e2ee-3322-4406-8db6-1ea643cb3197:0.0.0.0:42129], old=null
2019-10-18 11:25:48,711 [grpc-default-executor-3] INFO  impl.RaftServerImpl (RaftServerImpl.java:setRole(184)) - 54aabb14-4a7d-4ab3-adbe-2e67760b87f4@group-7E32184879DE: changes role from  FOLLOWER to FOLLOWER at term 695 for recognizeCandidate:f535bb4a-cba0-4f9b-9e3e-e4a48b3eda51
2019-10-18 11:25:48,711 [grpc-default-executor-1] INFO  impl.RaftServerImpl (RaftServerImpl.java:setRole(184)) - c652e2ee-3322-4406-8db6-1ea643cb3197@group-7E32184879DE: changes role from  FOLLOWER to FOLLOWER at term 695 for recognizeCandidate:f535bb4a-cba0-4f9b-9e3e-e4a48b3eda51
2019-10-18 11:25:48,711 [grpc-default-executor-1] INFO  impl.RoleInfo (RoleInfo.java:shutdownFollowerState(121)) - c652e2ee-3322-4406-8db6-1ea643cb3197: shutdown FollowerState
2019-10-18 11:25:48,711 [grpc-default-executor-3] INFO  impl.RoleInfo (RoleInfo.java:shutdownFollowerState(121)) - 54aabb14-4a7d-4ab3-adbe-2e67760b87f4: shutdown FollowerState
2019-10-18 11:25:48,711 [Thread-4182] INFO  impl.FollowerState (FollowerState.java:run(117)) - c652e2ee-3322-4406-8db6-1ea643cb3197@group-7E32184879DE-FollowerState was interrupted: java.lang.InterruptedException: sleep interrupted
2019-10-18 11:25:48,712 [Thread-4181] INFO  impl.FollowerState (FollowerState.java:run(117)) - 54aabb14-4a7d-4ab3-adbe-2e67760b87f4@group-7E32184879DE-FollowerState was interrupted: java.lang.InterruptedException: sleep interrupted
2019-10-18 11:25:48,712 [grpc-default-executor-3] INFO  impl.RoleInfo (RoleInfo.java:updateAndGet(143)) - 54aabb14-4a7d-4ab3-adbe-2e67760b87f4: start FollowerState
2019-10-18 11:25:48,711 [grpc-default-executor-1] INFO  impl.RoleInfo (RoleInfo.java:updateAndGet(143)) - c652e2ee-3322-4406-8db6-1ea643cb3197: start FollowerState
2019-10-18 11:25:48,735 [f535bb4a-cba0-4f9b-9e3e-e4a48b3eda51@group-7E32184879DE-LeaderElection592] INFO  impl.LeaderElection (LeaderElection.java:logAndReturn(56)) - f535bb4a-cba0-4f9b-9e3e-e4a48b3eda51@group-7E32184879DE-LeaderElection592: Election REJECTED; received 2 response(s) [f535bb4a-cba0-4f9b-9e3e-e4a48b3eda51<-54aabb14-4a7d-4ab3-adbe-2e67760b87f4#0:FAIL-t695, f535bb4a-cba0-4f9b-9e3e-e4a48b3eda51<-c652e2ee-3322-4406-8db6-1ea643cb3197#0:FAIL-t695] and 0 exception(s); f535bb4a-cba0-4f9b-9e3e-e4a48b3eda51@group-7E32184879DE:t695, leader=null, voted=f535bb4a-cba0-4f9b-9e3e-e4a48b3eda51, raftlog=f535bb4a-cba0-4f9b-9e3e-e4a48b3eda51@group-7E32184879DE-SegmentedRaftLog:OPENED:c-1,f-1,i0, conf=-1: [f535bb4a-cba0-4f9b-9e3e-e4a48b3eda51:0.0.0.0:44706, 54aabb14-4a7d-4ab3-adbe-2e67760b87f4:0.0.0.0:43074, c652e2ee-3322-4406-8db6-1ea643cb3197:0.0.0.0:42129], old=null
2019-10-18 11:25:48,735 [f535bb4a-cba0-4f9b-9e3e-e4a48b3eda51@group-7E32184879DE-LeaderElection592] INFO  impl.RaftServerImpl (RaftServerImpl.java:setRole(184)) - f535bb4a-cba0-4f9b-9e3e-e4a48b3eda51@group-7E32184879DE: changes role from CANDIDATE to FOLLOWER at term 695 for DISCOVERED_A_NEW_TERM
2019-10-18 11:25:48,735 [f535bb4a-cba0-4f9b-9e3e-e4a48b3eda51@group-7E32184879DE-LeaderElection592] INFO  impl.RoleInfo (RoleInfo.java:shutdownLeaderElection(134)) - f535bb4a-cba0-4f9b-9e3e-e4a48b3eda51: shutdown LeaderElection
2019-10-18 11:25:48,735 [f535bb4a-cba0-4f9b-9e3e-e4a48b3eda51@group-7E32184879DE-LeaderElection592] INFO  impl.RoleInfo (RoleInfo.java:updateAndGet(143)) - f535bb4a-cba0-4f9b-9e3e-e4a48b3eda51: start FollowerState
2019-10-18 11:25:48,885 [Thread-4191] INFO  impl.FollowerState (FollowerState.java:run(108)) - f535bb4a-cba0-4f9b-9e3e-e4a48b3eda51@group-7E32184879DE-FollowerState: change to CANDIDATE, lastRpcTime:149ms, electionTimeout:149ms
2019-10-18 11:25:48,885 [Thread-4191] INFO  impl.RoleInfo (RoleInfo.java:shutdownFollowerState(121)) - f535bb4a-cba0-4f9b-9e3e-e4a48b3eda51: shutdown FollowerState
2019-10-18 11:25:48,885 [Thread-4191] INFO  impl.RaftServerImpl (RaftServerImpl.java:setRole(184)) - f535bb4a-cba0-4f9b-9e3e-e4a48b3eda51@group-7E32184879DE: changes role from  FOLLOWER to CANDIDATE at term 695 for changeToCandidate
2019-10-18 11:25:48,885 [Thread-4191] INFO  impl.RoleInfo (RoleInfo.java:updateAndGet(143)) - f535bb4a-cba0-4f9b-9e3e-e4a48b3eda51: start LeaderElection
2019-10-18 11:25:48,909 [f535bb4a-cba0-4f9b-9e3e-e4a48b3eda51@group-7E32184879DE-LeaderElection593] INFO  impl.LeaderElection (LeaderElection.java:askForVotes(178)) - f535bb4a-cba0-4f9b-9e3e-e4a48b3eda51@group-7E32184879DE-LeaderElection593: begin an election at term 696 for -1: [f535bb4a-cba0-4f9b-9e3e-e4a48b3eda51:0.0.0.0:44706, 54aabb14-4a7d-4ab3-adbe-2e67760b87f4:0.0.0.0:43074, c652e2ee-3322-4406-8db6-1ea643cb3197:0.0.0.0:42129], old=null
2019-10-18 11:25:48,911 [grpc-default-executor-1] INFO  impl.RaftServerImpl (RaftServerImpl.java:setRole(184)) - 54aabb14-4a7d-4ab3-adbe-2e67760b87f4@group-7E32184879DE: changes role from  FOLLOWER to FOLLOWER at term 696 for recognizeCandidate:f535bb4a-cba0-4f9b-9e3e-e4a48b3eda51
2019-10-18 11:25:48,911 [grpc-default-executor-1] INFO  impl.RoleInfo (RoleInfo.java:shutdownFollowerState(121)) - 54aabb14-4a7d-4ab3-adbe-2e67760b87f4: shutdown FollowerState
2019-10-18 11:25:48,911 [grpc-default-executor-3] INFO  impl.RaftServerImpl (RaftServerImpl.java:setRole(184)) - c652e2ee-3322-4406-8db6-1ea643cb3197@group-7E32184879DE: changes role from  FOLLOWER to FOLLOWER at term 696 for recognizeCandidate:f535bb4a-cba0-4f9b-9e3e-e4a48b3eda51
2019-10-18 11:25:48,911 [Thread-4188] INFO  impl.FollowerState (FollowerState.java:run(117)) - 54aabb14-4a7d-4ab3-adbe-2e67760b87f4@group-7E32184879DE-FollowerState was interrupted: java.lang.InterruptedException: sleep interrupted
2019-10-18 11:25:48,911 [grpc-default-executor-1] INFO  impl.RoleInfo (RoleInfo.java:updateAndGet(143)) - 54aabb14-4a7d-4ab3-adbe-2e67760b87f4: start FollowerState
2019-10-18 11:25:48,912 [grpc-default-executor-3] INFO  impl.RoleInfo (RoleInfo.java:shutdownFollowerState(121)) - c652e2ee-3322-4406-8db6-1ea643cb3197: shutdown FollowerState
2019-10-18 11:25:48,912 [grpc-default-executor-3] INFO  impl.RoleInfo (RoleInfo.java:updateAndGet(143)) - c652e2ee-3322-4406-8db6-1ea643cb3197: start FollowerState
2019-10-18 11:25:48,912 [Thread-4187] INFO  impl.FollowerState (FollowerState.java:run(117)) - c652e2ee-3322-4406-8db6-1ea643cb3197@group-7E32184879DE-FollowerState was interrupted: java.lang.InterruptedException: sleep interrupted
2019-10-18 11:25:48,936 [f535bb4a-cba0-4f9b-9e3e-e4a48b3eda51@group-7E32184879DE-LeaderElection593] INFO  impl.LeaderElection (LeaderElection.java:logAndReturn(56)) - f535bb4a-cba0-4f9b-9e3e-e4a48b3eda51@group-7E32184879DE-LeaderElection593: Election REJECTED; received 2 response(s) [f535bb4a-cba0-4f9b-9e3e-e4a48b3eda51<-54aabb14-4a7d-4ab3-adbe-2e67760b87f4#0:FAIL-t696, f535bb4a-cba0-4f9b-9e3e-e4a48b3eda51<-c652e2ee-3322-4406-8db6-1ea643cb3197#0:FAIL-t696] and 0 exception(s); f535bb4a-cba0-4f9b-9e3e-e4a48b3eda51@group-7E32184879DE:t696, leader=null, voted=f535bb4a-cba0-4f9b-9e3e-e4a48b3eda51, raftlog=f535bb4a-cba0-4f9b-9e3e-e4a48b3eda51@group-7E32184879DE-SegmentedRaftLog:OPENED:c-1,f-1,i0, conf=-1: [f535bb4a-cba0-4f9b-9e3e-e4a48b3eda51:0.0.0.0:44706, 54aabb14-4a7d-4ab3-adbe-2e67760b87f4:0.0.0.0:43074, c652e2ee-3322-4406-8db6-1ea643cb3197:0.0.0.0:42129], old=null
2019-10-18 11:25:48,936 [f535bb4a-cba0-4f9b-9e3e-e4a48b3eda51@group-7E32184879DE-LeaderElection593] INFO  impl.RaftServerImpl (RaftServerImpl.java:setRole(184)) - f535bb4a-cba0-4f9b-9e3e-e4a48b3eda51@group-7E32184879DE: changes role from CANDIDATE to FOLLOWER at term 696 for DISCOVERED_A_NEW_TERM
2019-10-18 11:25:48,936 [f535bb4a-cba0-4f9b-9e3e-e4a48b3eda51@group-7E32184879DE-LeaderElection593] INFO  impl.RoleInfo (RoleInfo.java:shutdownLeaderElection(134)) - f535bb4a-cba0-4f9b-9e3e-e4a48b3eda51: shutdown LeaderElection
2019-10-18 11:25:48,936 [f535bb4a-cba0-4f9b-9e3e-e4a48b3eda51@group-7E32184879DE-LeaderElection593] INFO  impl.RoleInfo (RoleInfo.java:updateAndGet(143)) - f535bb4a-cba0-4f9b-9e3e-e4a48b3eda51: start FollowerState
2019-10-18 11:25:48,970 [Thread-4197] INFO  impl.FollowerState (FollowerState.java:run(108)) - f535bb4a-cba0-4f9b-9e3e-e4a48b3eda51@group-7E32184879DE-FollowerState: change to CANDIDATE, lastRpcTime:34ms, electionTimeout:34ms
2019-10-18 11:25:48,970 [Thread-4197] INFO  impl.RoleInfo (RoleInfo.java:shutdownFollowerState(121)) - f535bb4a-cba0-4f9b-9e3e-e4a48b3eda51: shutdown FollowerState
2019-10-18 11:25:48,970 [Thread-4197] INFO  impl.RaftServerImpl (RaftServerImpl.java:setRole(184)) - f535bb4a-cba0-4f9b-9e3e-e4a48b3eda51@group-7E32184879DE: changes role from  FOLLOWER to CANDIDATE at term 696 for changeToCandidate
2019-10-18 11:25:48,971 [Thread-4197] INFO  impl.RoleInfo (RoleInfo.java:updateAndGet(143)) - f535bb4a-cba0-4f9b-9e3e-e4a48b3eda51: start LeaderElection
2019-10-18 11:25:48,994 [f535bb4a-cba0-4f9b-9e3e-e4a48b3eda51@group-7E32184879DE-LeaderElection594] INFO  impl.LeaderElection (LeaderElection.java:askForVotes(178)) - f535bb4a-cba0-4f9b-9e3e-e4a48b3eda51@group-7E32184879DE-LeaderElection594: begin an election at term 697 for -1: [f535bb4a-cba0-4f9b-9e3e-e4a48b3eda51:0.0.0.0:44706, 54aabb14-4a7d-4ab3-adbe-2e67760b87f4:0.0.0.0:43074, c652e2ee-3322-4406-8db6-1ea643cb3197:0.0.0.0:42129], old=null
2019-10-18 11:25:48,995 [grpc-default-executor-3] INFO  impl.RaftServerImpl (RaftServerImpl.java:setRole(184)) - 54aabb14-4a7d-4ab3-adbe-2e67760b87f4@group-7E32184879DE: changes role from  FOLLOWER to FOLLOWER at term 697 for recognizeCandidate:f535bb4a-cba0-4f9b-9e3e-e4a48b3eda51
2019-10-18 11:25:48,995 [grpc-default-executor-3] INFO  impl.RoleInfo (RoleInfo.java:shutdownFollowerState(121)) - 54aabb14-4a7d-4ab3-adbe-2e67760b87f4: shutdown FollowerState
2019-10-18 11:25:48,995 [grpc-default-executor-1] INFO  impl.RaftServerImpl (RaftServerImpl.java:setRole(184)) - c652e2ee-3322-4406-8db6-1ea643cb3197@group-7E32184879DE: changes role from  FOLLOWER to FOLLOWER at term 697 for recognizeCandidate:f535bb4a-cba0-4f9b-9e3e-e4a48b3eda51
2019-10-18 11:25:48,995 [grpc-default-executor-1] INFO  impl.RoleInfo (RoleInfo.java:shutdownFollowerState(121)) - c652e2ee-3322-4406-8db6-1ea643cb3197: shutdown FollowerState
2019-10-18 11:25:48,995 [Thread-4195] INFO  impl.FollowerState (FollowerState.java:run(117)) - 54aabb14-4a7d-4ab3-adbe-2e67760b87f4@group-7E32184879DE-FollowerState was interrupted: java.lang.InterruptedException: sleep interrupted
2019-10-18 11:25:48,995 [grpc-default-executor-3] INFO  impl.RoleInfo (RoleInfo.java:updateAndGet(143)) - 54aabb14-4a7d-4ab3-adbe-2e67760b87f4: start FollowerState
2019-10-18 11:25:48,996 [Thread-4196] INFO  impl.FollowerState (FollowerState.java:run(117)) - c652e2ee-3322-4406-8db6-1ea643cb3197@group-7E32184879DE-FollowerState was interrupted: java.lang.InterruptedException: sleep interrupted
2019-10-18 11:25:48,996 [grpc-default-executor-1] INFO  impl.RoleInfo (RoleInfo.java:updateAndGet(143)) - c652e2ee-3322-4406-8db6-1ea643cb3197: start FollowerState
2019-10-18 11:25:49,020 [f535bb4a-cba0-4f9b-9e3e-e4a48b3eda51@group-7E32184879DE-LeaderElection594] INFO  impl.LeaderElection (LeaderElection.java:logAndReturn(56)) - f535bb4a-cba0-4f9b-9e3e-e4a48b3eda51@group-7E32184879DE-LeaderElection594: Election REJECTED; received 2 response(s) [f535bb4a-cba0-4f9b-9e3e-e4a48b3eda51<-54aabb14-4a7d-4ab3-adbe-2e67760b87f4#0:FAIL-t697, f535bb4a-cba0-4f9b-9e3e-e4a48b3eda51<-c652e2ee-3322-4406-8db6-1ea643cb3197#0:FAIL-t697] and 0 exception(s); f535bb4a-cba0-4f9b-9e3e-e4a48b3eda51@group-7E32184879DE:t697, leader=null, voted=f535bb4a-cba0-4f9b-9e3e-e4a48b3eda51, raftlog=f535bb4a-cba0-4f9b-9e3e-e4a48b3eda51@group-7E32184879DE-SegmentedRaftLog:OPENED:c-1,f-1,i0, conf=-1: [f535bb4a-cba0-4f9b-9e3e-e4a48b3eda51:0.0.0.0:44706, 54aabb14-4a7d-4ab3-adbe-2e67760b87f4:0.0.0.0:43074, c652e2ee-3322-4406-8db6-1ea643cb3197:0.0.0.0:42129], old=null
2019-10-18 11:25:49,020 [f535bb4a-cba0-4f9b-9e3e-e4a48b3eda51@group-7E32184879DE-LeaderElection594] INFO  impl.RaftServerImpl (RaftServerImpl.java:setRole(184)) - f535bb4a-cba0-4f9b-9e3e-e4a48b3eda51@group-7E32184879DE: changes role from CANDIDATE to FOLLOWER at term 697 for DISCOVERED_A_NEW_TERM
2019-10-18 11:25:49,020 [f535bb4a-cba0-4f9b-9e3e-e4a48b3eda51@group-7E32184879DE-LeaderElection594] INFO  impl.RoleInfo (RoleInfo.java:shutdownLeaderElection(134)) - f535bb4a-cba0-4f9b-9e3e-e4a48b3eda51: shutdown LeaderElection
2019-10-18 11:25:49,020 [f535bb4a-cba0-4f9b-9e3e-e4a48b3eda51@group-7E32184879DE-LeaderElection594] INFO  impl.RoleInfo (RoleInfo.java:updateAndGet(143)) - f535bb4a-cba0-4f9b-9e3e-e4a48b3eda51: start FollowerState
2019-10-18 11:25:49,101 [Thread-4203] INFO  impl.FollowerState (FollowerState.java:run(108)) - f535bb4a-cba0-4f9b-9e3e-e4a48b3eda51@group-7E32184879DE-FollowerState: change to CANDIDATE, lastRpcTime:81ms, electionTimeout:81ms
2019-10-18 11:25:49,102 [Thread-4203] INFO  impl.RoleInfo (RoleInfo.java:shutdownFollowerState(121)) - f535bb4a-cba0-4f9b-9e3e-e4a48b3eda51: shutdown FollowerState
2019-10-18 11:25:49,102 [Thread-4203] INFO  impl.RaftServerImpl (RaftServerImpl.java:setRole(184)) - f535bb4a-cba0-4f9b-9e3e-e4a48b3eda51@group-7E32184879DE: changes role from  FOLLOWER to CANDIDATE at term 697 for changeToCandidate
2019-10-18 11:25:49,102 [Thread-4203] INFO  impl.RoleInfo (RoleInfo.java:updateAndGet(143)) - f535bb4a-cba0-4f9b-9e3e-e4a48b3eda51: start LeaderElection
2019-10-18 11:25:49,153 [f535bb4a-cba0-4f9b-9e3e-e4a48b3eda51@group-7E32184879DE-LeaderElection595] INFO  impl.LeaderElection (LeaderElection.java:askForVotes(178)) - f535bb4a-cba0-4f9b-9e3e-e4a48b3eda51@group-7E32184879DE-LeaderElection595: begin an election at term 698 for -1: [f535bb4a-cba0-4f9b-9e3e-e4a48b3eda51:0.0.0.0:44706, 54aabb14-4a7d-4ab3-adbe-2e67760b87f4:0.0.0.0:43074, c652e2ee-3322-4406-8db6-1ea643cb3197:0.0.0.0:42129], old=null
2019-10-18 11:25:49,155 [grpc-default-executor-1] INFO  impl.RaftServerImpl (RaftServerImpl.java:setRole(184)) - c652e2ee-3322-4406-8db6-1ea643cb3197@group-7E32184879DE: changes role from  FOLLOWER to FOLLOWER at term 698 for recognizeCandidate:f535bb4a-cba0-4f9b-9e3e-e4a48b3eda51
2019-10-18 11:25:49,155 [grpc-default-executor-1] INFO  impl.RoleInfo (RoleInfo.java:shutdownFollowerState(121)) - c652e2ee-3322-4406-8db6-1ea643cb3197: shutdown FollowerState
2019-10-18 11:25:49,155 [grpc-default-executor-3] INFO  impl.RaftServerImpl (RaftServerImpl.java:setRole(184)) - 54aabb14-4a7d-4ab3-adbe-2e67760b87f4@group-7E32184879DE: changes role from  FOLLOWER to FOLLOWER at term 698 for recognizeCandidate:f535bb4a-cba0-4f9b-9e3e-e4a48b3eda51
2019-10-18 11:25:49,155 [grpc-default-executor-3] INFO  impl.RoleInfo (RoleInfo.java:shutdownFollowerState(121)) - 54aabb14-4a7d-4ab3-adbe-2e67760b87f4: shutdown FollowerState
2019-10-18 11:25:49,155 [Thread-4202] INFO  impl.FollowerState (FollowerState.java:run(117)) - c652e2ee-3322-4406-8db6-1ea643cb3197@group-7E32184879DE-FollowerState was interrupted: java.lang.InterruptedException: sleep interrupted
2019-10-18 11:25:49,155 [grpc-default-executor-1] INFO  impl.RoleInfo (RoleInfo.java:updateAndGet(143)) - c652e2ee-3322-4406-8db6-1ea643cb3197: start FollowerState
2019-10-18 11:25:49,155 [Thread-4201] INFO  impl.FollowerState (FollowerState.java:run(117)) - 54aabb14-4a7d-4ab3-adbe-2e67760b87f4@group-7E32184879DE-FollowerState was interrupted: java.lang.InterruptedException: sleep interrupted
2019-10-18 11:25:49,155 [grpc-default-executor-3] INFO  impl.RoleInfo (RoleInfo.java:updateAndGet(143)) - 54aabb14-4a7d-4ab3-adbe-2e67760b87f4: start FollowerState
2019-10-18 11:25:49,171 [f535bb4a-cba0-4f9b-9e3e-e4a48b3eda51@group-7E32184879DE-LeaderElection595] INFO  impl.LeaderElection (LeaderElection.java:logAndReturn(56)) - f535bb4a-cba0-4f9b-9e3e-e4a48b3eda51@group-7E32184879DE-LeaderElection595: Election REJECTED; received 2 response(s) [f535bb4a-cba0-4f9b-9e3e-e4a48b3eda51<-54aabb14-4a7d-4ab3-adbe-2e67760b87f4#0:FAIL-t698, f535bb4a-cba0-4f9b-9e3e-e4a48b3eda51<-c652e2ee-3322-4406-8db6-1ea643cb3197#0:FAIL-t698] and 0 exception(s); f535bb4a-cba0-4f9b-9e3e-e4a48b3eda51@group-7E32184879DE:t698, leader=null, voted=f535bb4a-cba0-4f9b-9e3e-e4a48b3eda51, raftlog=f535bb4a-cba0-4f9b-9e3e-e4a48b3eda51@group-7E32184879DE-SegmentedRaftLog:OPENED:c-1,f-1,i0, conf=-1: [f535bb4a-cba0-4f9b-9e3e-e4a48b3eda51:0.0.0.0:44706, 54aabb14-4a7d-4ab3-adbe-2e67760b87f4:0.0.0.0:43074, c652e2ee-3322-4406-8db6-1ea643cb3197:0.0.0.0:42129], old=null
2019-10-18 11:25:49,172 [f535bb4a-cba0-4f9b-9e3e-e4a48b3eda51@group-7E32184879DE-LeaderElection595] INFO  impl.RaftServerImpl (RaftServerImpl.java:setRole(184)) - f535bb4a-cba0-4f9b-9e3e-e4a48b3eda51@group-7E32184879DE: changes role from CANDIDATE to FOLLOWER at term 698 for DISCOVERED_A_NEW_TERM
2019-10-18 11:25:49,172 [f535bb4a-cba0-4f9b-9e3e-e4a48b3eda51@group-7E32184879DE-LeaderElection595] INFO  impl.RoleInfo (RoleInfo.java:shutdownLeaderElection(134)) - f535bb4a-cba0-4f9b-9e3e-e4a48b3eda51: shutdown LeaderElection
2019-10-18 11:25:49,172 [f535bb4a-cba0-4f9b-9e3e-e4a48b3eda51@group-7E32184879DE-LeaderElection595] INFO  impl.RoleInfo (RoleInfo.java:updateAndGet(143)) - f535bb4a-cba0-4f9b-9e3e-e4a48b3eda51: start FollowerState
2019-10-18 11:25:49,339 [Thread-4209] INFO  impl.FollowerState (FollowerState.java:run(108)) - f535bb4a-cba0-4f9b-9e3e-e4a48b3eda51@group-7E32184879DE-FollowerState: change to CANDIDATE, lastRpcTime:166ms, electionTimeout:164ms
2019-10-18 11:25:49,339 [Thread-4209] INFO  impl.RoleInfo (RoleInfo.java:shutdownFollowerState(121)) - f535bb4a-cba0-4f9b-9e3e-e4a48b3eda51: shutdown FollowerState
2019-10-18 11:25:49,339 [Thread-4209] INFO  impl.RaftServerImpl (RaftServerImpl.java:setRole(184)) - f535bb4a-cba0-4f9b-9e3e-e4a48b3eda51@group-7E32184879DE: changes role from  FOLLOWER to CANDIDATE at term 698 for changeToCandidate
2019-10-18 11:25:49,339 [Thread-4209] INFO  impl.RoleInfo (RoleInfo.java:updateAndGet(143)) - f535bb4a-cba0-4f9b-9e3e-e4a48b3eda51: start LeaderElection
2019-10-18 11:25:49,396 [f535bb4a-cba0-4f9b-9e3e-e4a48b3eda51@group-7E32184879DE-LeaderElection596] INFO  impl.LeaderElection (LeaderElection.java:askForVotes(178)) - f535bb4a-cba0-4f9b-9e3e-e4a48b3eda51@group-7E32184879DE-LeaderElection596: begin an election at term 699 for -1: [f535bb4a-cba0-4f9b-9e3e-e4a48b3eda51:0.0.0.0:44706, 54aabb14-4a7d-4ab3-adbe-2e67760b87f4:0.0.0.0:43074, c652e2ee-3322-4406-8db6-1ea643cb3197:0.0.0.0:42129], old=null
2019-10-18 11:25:49,398 [grpc-default-executor-1] INFO  impl.RaftServerImpl (RaftServerImpl.java:setRole(184)) - 54aabb14-4a7d-4ab3-adbe-2e67760b87f4@group-7E32184879DE: changes role from  FOLLOWER to FOLLOWER at term 699 for recognizeCandidate:f535bb4a-cba0-4f9b-9e3e-e4a48b3eda51
2019-10-18 11:25:49,398 [grpc-default-executor-1] INFO  impl.RoleInfo (RoleInfo.java:shutdownFollowerState(121)) - 54aabb14-4a7d-4ab3-adbe-2e67760b87f4: shutdown FollowerState
2019-10-18 11:25:49,398 [grpc-default-executor-3] INFO  impl.RaftServerImpl (RaftServerImpl.java:setRole(184)) - c652e2ee-3322-4406-8db6-1ea643cb3197@group-7E32184879DE: changes role from  FOLLOWER to FOLLOWER at term 699 for recognizeCandidate:f535bb4a-cba0-4f9b-9e3e-e4a48b3eda51
2019-10-18 11:25:49,398 [grpc-default-executor-3] INFO  impl.RoleInfo (RoleInfo.java:shutdownFollowerState(121)) - c652e2ee-3322-4406-8db6-1ea643cb3197: shutdown FollowerState
2019-10-18 11:25:49,398 [Thread-4208] INFO  impl.FollowerState (FollowerState.java:run(117)) - 54aabb14-4a7d-4ab3-adbe-2e67760b87f4@group-7E32184879DE-FollowerState was interrupted: java.lang.InterruptedException: sleep interrupted
2019-10-18 11:25:49,398 [grpc-default-executor-1] INFO  impl.RoleInfo (RoleInfo.java:updateAndGet(143)) - 54aabb14-4a7d-4ab3-adbe-2e67760b87f4: start FollowerState
2019-10-18 11:25:49,399 [Thread-4207] INFO  impl.FollowerState (FollowerState.java:run(117)) - c652e2ee-3322-4406-8db6-1ea643cb3197@group-7E32184879DE-FollowerState was interrupted: java.lang.InterruptedException: sleep interrupted
2019-10-18 11:25:49,399 [grpc-default-executor-3] INFO  impl.RoleInfo (RoleInfo.java:updateAndGet(143)) - c652e2ee-3322-4406-8db6-1ea643cb3197: start FollowerState
2019-10-18 11:25:49,422 [f535bb4a-cba0-4f9b-9e3e-e4a48b3eda51@group-7E32184879DE-LeaderElection596] INFO  impl.LeaderElection (LeaderElection.java:logAndReturn(56)) - f535bb4a-cba0-4f9b-9e3e-e4a48b3eda51@group-7E32184879DE-LeaderElection596: Election REJECTED; received 2 response(s) [f535bb4a-cba0-4f9b-9e3e-e4a48b3eda51<-54aabb14-4a7d-4ab3-adbe-2e67760b87f4#0:FAIL-t699, f535bb4a-cba0-4f9b-9e3e-e4a48b3eda51<-c652e2ee-3322-4406-8db6-1ea643cb3197#0:FAIL-t699] and 0 exception(s); f535bb4a-cba0-4f9b-9e3e-e4a48b3eda51@group-7E32184879DE:t699, leader=null, voted=f535bb4a-cba0-4f9b-9e3e-e4a48b3eda51, raftlog=f535bb4a-cba0-4f9b-9e3e-e4a48b3eda51@group-7E32184879DE-SegmentedRaftLog:OPENED:c-1,f-1,i0, conf=-1: [f535bb4a-cba0-4f9b-9e3e-e4a48b3eda51:0.0.0.0:44706, 54aabb14-4a7d-4ab3-adbe-2e67760b87f4:0.0.0.0:43074, c652e2ee-3322-4406-8db6-1ea643cb3197:0.0.0.0:42129], old=null
2019-10-18 11:25:49,422 [f535bb4a-cba0-4f9b-9e3e-e4a48b3eda51@group-7E32184879DE-LeaderElection596] INFO  impl.RaftServerImpl (RaftServerImpl.java:setRole(184)) - f535bb4a-cba0-4f9b-9e3e-e4a48b3eda51@group-7E32184879DE: changes role from CANDIDATE to FOLLOWER at term 699 for DISCOVERED_A_NEW_TERM
2019-10-18 11:25:49,422 [f535bb4a-cba0-4f9b-9e3e-e4a48b3eda51@group-7E32184879DE-LeaderElection596] INFO  impl.RoleInfo (RoleInfo.java:shutdownLeaderElection(134)) - f535bb4a-cba0-4f9b-9e3e-e4a48b3eda51: shutdown LeaderElection
2019-10-18 11:25:49,423 [f535bb4a-cba0-4f9b-9e3e-e4a48b3eda51@group-7E32184879DE-LeaderElection596] INFO  impl.RoleInfo (RoleInfo.java:updateAndGet(143)) - f535bb4a-cba0-4f9b-9e3e-e4a48b3eda51: start FollowerState
2019-10-18 11:25:49,492 [Thread-4215] INFO  impl.FollowerState (FollowerState.java:run(108)) - f535bb4a-cba0-4f9b-9e3e-e4a48b3eda51@group-7E32184879DE-FollowerState: change to CANDIDATE, lastRpcTime:69ms, electionTimeout:69ms
2019-10-18 11:25:49,492 [Thread-4215] INFO  impl.RoleInfo (RoleInfo.java:shutdownFollowerState(121)) - f535bb4a-cba0-4f9b-9e3e-e4a48b3eda51: shutdown FollowerState
2019-10-18 11:25:49,492 [Thread-4215] INFO  impl.RaftServerImpl (RaftServerImpl.java:setRole(184)) - f535bb4a-cba0-4f9b-9e3e-e4a48b3eda51@group-7E32184879DE: changes role from  FOLLOWER to CANDIDATE at term 699 for changeToCandidate
2019-10-18 11:25:49,492 [Thread-4215] INFO  impl.RoleInfo (RoleInfo.java:updateAndGet(143)) - f535bb4a-cba0-4f9b-9e3e-e4a48b3eda51: start LeaderElection
2019-10-18 11:25:49,522 [f535bb4a-cba0-4f9b-9e3e-e4a48b3eda51@group-7E32184879DE-LeaderElection597] INFO  impl.LeaderElection (LeaderElection.java:askForVotes(178)) - f535bb4a-cba0-4f9b-9e3e-e4a48b3eda51@group-7E32184879DE-LeaderElection597: begin an election at term 700 for -1: [f535bb4a-cba0-4f9b-9e3e-e4a48b3eda51:0.0.0.0:44706, 54aabb14-4a7d-4ab3-adbe-2e67760b87f4:0.0.0.0:43074, c652e2ee-3322-4406-8db6-1ea643cb3197:0.0.0.0:42129], old=null
2019-10-18 11:25:49,524 [grpc-default-executor-3] INFO  impl.RaftServerImpl (RaftServerImpl.java:setRole(184)) - 54aabb14-4a7d-4ab3-adbe-2e67760b87f4@group-7E32184879DE: changes role from  FOLLOWER to FOLLOWER at term 700 for recognizeCandidate:f535bb4a-cba0-4f9b-9e3e-e4a48b3eda51
2019-10-18 11:25:49,524 [grpc-default-executor-3] INFO  impl.RoleInfo (RoleInfo.java:shutdownFollowerState(121)) - 54aabb14-4a7d-4ab3-adbe-2e67760b87f4: shutdown FollowerState
2019-10-18 11:25:49,524 [grpc-default-executor-1] INFO  impl.RaftServerImpl (RaftServerImpl.java:setRole(184)) - c652e2ee-3322-4406-8db6-1ea643cb3197@group-7E32184879DE: changes role from  FOLLOWER to FOLLOWER at term 700 for recognizeCandidate:f535bb4a-cba0-4f9b-9e3e-e4a48b3eda51
2019-10-18 11:25:49,524 [grpc-default-executor-1] INFO  impl.RoleInfo (RoleInfo.java:shutdownFollowerState(121)) - c652e2ee-3322-4406-8db6-1ea643cb3197: shutdown FollowerState
2019-10-18 11:25:49,524 [Thread-4213] INFO  impl.FollowerState (FollowerState.java:run(117)) - 54aabb14-4a7d-4ab3-adbe-2e67760b87f4@group-7E32184879DE-FollowerState was interrupted: java.lang.InterruptedException: sleep interrupted
2019-10-18 11:25:49,524 [Thread-4214] INFO  impl.FollowerState (FollowerState.java:run(117)) - c652e2ee-3322-4406-8db6-1ea643cb3197@group-7E32184879DE-FollowerState was interrupted: java.lang.InterruptedException: sleep interrupted
2019-10-18 11:25:49,524 [grpc-default-executor-3] INFO  impl.RoleInfo (RoleInfo.java:updateAndGet(143)) - 54aabb14-4a7d-4ab3-adbe-2e67760b87f4: start FollowerState
2019-10-18 11:25:49,524 [grpc-default-executor-1] INFO  impl.RoleInfo (RoleInfo.java:updateAndGet(143)) - c652e2ee-3322-4406-8db6-1ea643cb3197: start FollowerState
2019-10-18 11:25:49,548 [f535bb4a-cba0-4f9b-9e3e-e4a48b3eda51@group-7E32184879DE-LeaderElection597] INFO  impl.LeaderElection (LeaderElection.java:logAndReturn(56)) - f535bb4a-cba0-4f9b-9e3e-e4a48b3eda51@group-7E32184879DE-LeaderElection597: Election REJECTED; received 2 response(s) [f535bb4a-cba0-4f9b-9e3e-e4a48b3eda51<-54aabb14-4a7d-4ab3-adbe-2e67760b87f4#0:FAIL-t700, f535bb4a-cba0-4f9b-9e3e-e4a48b3eda51<-c652e2ee-3322-4406-8db6-1ea643cb3197#0:FAIL-t700] and 0 exception(s); f535bb4a-cba0-4f9b-9e3e-e4a48b3eda51@group-7E32184879DE:t700, leader=null, voted=f535bb4a-cba0-4f9b-9e3e-e4a48b3eda51, raftlog=f535bb4a-cba0-4f9b-9e3e-e4a48b3eda51@group-7E32184879DE-SegmentedRaftLog:OPENED:c-1,f-1,i0, conf=-1: [f535bb4a-cba0-4f9b-9e3e-e4a48b3eda51:0.0.0.0:44706, 54aabb14-4a7d-4ab3-adbe-2e67760b87f4:0.0.0.0:43074, c652e2ee-3322-4406-8db6-1ea643cb3197:0.0.0.0:42129], old=null
2019-10-18 11:25:49,548 [f535bb4a-cba0-4f9b-9e3e-e4a48b3eda51@group-7E32184879DE-LeaderElection597] INFO  impl.RaftServerImpl (RaftServerImpl.java:setRole(184)) - f535bb4a-cba0-4f9b-9e3e-e4a48b3eda51@group-7E32184879DE: changes role from CANDIDATE to FOLLOWER at term 700 for DISCOVERED_A_NEW_TERM
2019-10-18 11:25:49,548 [f535bb4a-cba0-4f9b-9e3e-e4a48b3eda51@group-7E32184879DE-LeaderElection597] INFO  impl.RoleInfo (RoleInfo.java:shutdownLeaderElection(134)) - f535bb4a-cba0-4f9b-9e3e-e4a48b3eda51: shutdown LeaderElection
2019-10-18 11:25:49,548 [f535bb4a-cba0-4f9b-9e3e-e4a48b3eda51@group-7E32184879DE-LeaderElection597] INFO  impl.RoleInfo (RoleInfo.java:updateAndGet(143)) - f535bb4a-cba0-4f9b-9e3e-e4a48b3eda51: start FollowerState
2019-10-18 11:25:49,721 [Thread-4221] INFO  impl.FollowerState (FollowerState.java:run(108)) - f535bb4a-cba0-4f9b-9e3e-e4a48b3eda51@group-7E32184879DE-FollowerState: change to CANDIDATE, lastRpcTime:172ms, electionTimeout:172ms
2019-10-18 11:25:49,721 [Thread-4221] INFO  impl.RoleInfo (RoleInfo.java:shutdownFollowerState(121)) - f535bb4a-cba0-4f9b-9e3e-e4a48b3eda51: shutdown FollowerState
2019-10-18 11:25:49,721 [Thread-4221] INFO  impl.RaftServerImpl (RaftServerImpl.java:setRole(184)) - f535bb4a-cba0-4f9b-9e3e-e4a48b3eda51@group-7E32184879DE: changes role from  FOLLOWER to CANDIDATE at term 700 for changeToCandidate
2019-10-18 11:25:49,721 [Thread-4221] INFO  impl.RoleInfo (RoleInfo.java:updateAndGet(143)) - f535bb4a-cba0-4f9b-9e3e-e4a48b3eda51: start LeaderElection
2019-10-18 11:25:49,748 [f535bb4a-cba0-4f9b-9e3e-e4a48b3eda51@group-7E32184879DE-LeaderElection598] INFO  impl.LeaderElection (LeaderElection.java:askForVotes(178)) - f535bb4a-cba0-4f9b-9e3e-e4a48b3eda51@group-7E32184879DE-LeaderElection598: begin an election at term 701 for -1: [f535bb4a-cba0-4f9b-9e3e-e4a48b3eda51:0.0.0.0:44706, 54aabb14-4a7d-4ab3-adbe-2e67760b87f4:0.0.0.0:43074, c652e2ee-3322-4406-8db6-1ea643cb3197:0.0.0.0:42129], old=null
2019-10-18 11:25:49,749 [grpc-default-executor-3] INFO  impl.RaftServerImpl (RaftServerImpl.java:setRole(184)) - 54aabb14-4a7d-4ab3-adbe-2e67760b87f4@group-7E32184879DE: changes role from  FOLLOWER to FOLLOWER at term 701 for recognizeCandidate:f535bb4a-cba0-4f9b-9e3e-e4a48b3eda51
2019-10-18 11:25:49,750 [grpc-default-executor-1] INFO  impl.RaftServerImpl (RaftServerImpl.java:setRole(184)) - c652e2ee-3322-4406-8db6-1ea643cb3197@group-7E32184879DE: changes role from  FOLLOWER to FOLLOWER at term 701 for recognizeCandidate:f535bb4a-cba0-4f9b-9e3e-e4a48b3eda51
2019-10-18 11:25:49,750 [grpc-default-executor-3] INFO  impl.RoleInfo (RoleInfo.java:shutdownFollowerState(121)) - 54aabb14-4a7d-4ab3-adbe-2e67760b87f4: shutdown FollowerState
2019-10-18 11:25:49,750 [grpc-default-executor-1] INFO  impl.RoleInfo (RoleInfo.java:shutdownFollowerState(121)) - c652e2ee-3322-4406-8db6-1ea643cb3197: shutdown FollowerState
2019-10-18 11:25:49,750 [grpc-default-executor-3] INFO  impl.RoleInfo (RoleInfo.java:updateAndGet(143)) - 54aabb14-4a7d-4ab3-adbe-2e67760b87f4: start FollowerState
2019-10-18 11:25:49,750 [Thread-4220] INFO  impl.FollowerState (FollowerState.java:run(117)) - c652e2ee-3322-4406-8db6-1ea643cb3197@group-7E32184879DE-FollowerState was interrupted: java.lang.InterruptedException: sleep interrupted
2019-10-18 11:25:49,750 [Thread-4219] INFO  impl.FollowerState (FollowerState.java:run(117)) - 54aabb14-4a7d-4ab3-adbe-2e67760b87f4@group-7E32184879DE-FollowerState was interrupted: java.lang.InterruptedException: sleep interrupted
2019-10-18 11:25:49,750 [grpc-default-executor-1] INFO  impl.RoleInfo (RoleInfo.java:updateAndGet(143)) - c652e2ee-3322-4406-8db6-1ea643cb3197: start FollowerState
2019-10-18 11:25:49,774 [f535bb4a-cba0-4f9b-9e3e-e4a48b3eda51@group-7E32184879DE-LeaderElection598] INFO  impl.LeaderElection (LeaderElection.java:logAndReturn(56)) - f535bb4a-cba0-4f9b-9e3e-e4a48b3eda51@group-7E32184879DE-LeaderElection598: Election REJECTED; received 2 response(s) [f535bb4a-cba0-4f9b-9e3e-e4a48b3eda51<-54aabb14-4a7d-4ab3-adbe-2e67760b87f4#0:FAIL-t701, f535bb4a-cba0-4f9b-9e3e-e4a48b3eda51<-c652e2ee-3322-4406-8db6-1ea643cb3197#0:FAIL-t701] and 0 exception(s); f535bb4a-cba0-4f9b-9e3e-e4a48b3eda51@group-7E32184879DE:t701, leader=null, voted=f535bb4a-cba0-4f9b-9e3e-e4a48b3eda51, raftlog=f535bb4a-cba0-4f9b-9e3e-e4a48b3eda51@group-7E32184879DE-SegmentedRaftLog:OPENED:c-1,f-1,i0, conf=-1: [f535bb4a-cba0-4f9b-9e3e-e4a48b3eda51:0.0.0.0:44706, 54aabb14-4a7d-4ab3-adbe-2e67760b87f4:0.0.0.0:43074, c652e2ee-3322-4406-8db6-1ea643cb3197:0.0.0.0:42129], old=null
2019-10-18 11:25:49,774 [f535bb4a-cba0-4f9b-9e3e-e4a48b3eda51@group-7E32184879DE-LeaderElection598] INFO  impl.RaftServerImpl (RaftServerImpl.java:setRole(184)) - f535bb4a-cba0-4f9b-9e3e-e4a48b3eda51@group-7E32184879DE: changes role from CANDIDATE to FOLLOWER at term 701 for DISCOVERED_A_NEW_TERM
2019-10-18 11:25:49,774 [f535bb4a-cba0-4f9b-9e3e-e4a48b3eda51@group-7E32184879DE-LeaderElection598] INFO  impl.RoleInfo (RoleInfo.java:shutdownLeaderElection(134)) - f535bb4a-cba0-4f9b-9e3e-e4a48b3eda51: shutdown LeaderElection
2019-10-18 11:25:49,774 [f535bb4a-cba0-4f9b-9e3e-e4a48b3eda51@group-7E32184879DE-LeaderElection598] INFO  impl.RoleInfo (RoleInfo.java:updateAndGet(143)) - f535bb4a-cba0-4f9b-9e3e-e4a48b3eda51: start FollowerState
2019-10-18 11:25:49,864 [Thread-4229] INFO  impl.FollowerState (FollowerState.java:run(108)) - f535bb4a-cba0-4f9b-9e3e-e4a48b3eda51@group-7E32184879DE-FollowerState: change to CANDIDATE, lastRpcTime:90ms, electionTimeout:90ms
2019-10-18 11:25:49,864 [Thread-4229] INFO  impl.RoleInfo (RoleInfo.java:shutdownFollowerState(121)) - f535bb4a-cba0-4f9b-9e3e-e4a48b3eda51: shutdown FollowerState
2019-10-18 11:25:49,865 [Thread-4229] INFO  impl.RaftServerImpl (RaftServerImpl.java:setRole(184)) - f535bb4a-cba0-4f9b-9e3e-e4a48b3eda51@group-7E32184879DE: changes role from  FOLLOWER to CANDIDATE at term 701 for changeToCandidate
2019-10-18 11:25:49,865 [Thread-4229] INFO  impl.RoleInfo (RoleInfo.java:updateAndGet(143)) - f535bb4a-cba0-4f9b-9e3e-e4a48b3eda51: start LeaderElection
2019-10-18 11:25:49,890 [f535bb4a-cba0-4f9b-9e3e-e4a48b3eda51@group-7E32184879DE-LeaderElection599] INFO  impl.LeaderElection (LeaderElection.java:askForVotes(178)) - f535bb4a-cba0-4f9b-9e3e-e4a48b3eda51@group-7E32184879DE-LeaderElection599: begin an election at term 702 for -1: [f535bb4a-cba0-4f9b-9e3e-e4a48b3eda51:0.0.0.0:44706, 54aabb14-4a7d-4ab3-adbe-2e67760b87f4:0.0.0.0:43074, c652e2ee-3322-4406-8db6-1ea643cb3197:0.0.0.0:42129], old=null
2019-10-18 11:25:49,891 [grpc-default-executor-1] INFO  impl.RaftServerImpl (RaftServerImpl.java:setRole(184)) - 54aabb14-4a7d-4ab3-adbe-2e67760b87f4@group-7E32184879DE: changes role from  FOLLOWER to FOLLOWER at term 702 for recognizeCandidate:f535bb4a-cba0-4f9b-9e3e-e4a48b3eda51
2019-10-18 11:25:49,892 [grpc-default-executor-1] INFO  impl.RoleInfo (RoleInfo.java:shutdownFollowerState(121)) - 54aabb14-4a7d-4ab3-adbe-2e67760b87f4: shutdown FollowerState
2019-10-18 11:25:49,892 [grpc-default-executor-1] INFO  impl.RoleInfo (RoleInfo.java:updateAndGet(143)) - 54aabb14-4a7d-4ab3-adbe-2e67760b87f4: start FollowerState
2019-10-18 11:25:49,892 [Thread-4227] INFO  impl.FollowerState (FollowerState.java:run(117)) - 54aabb14-4a7d-4ab3-adbe-2e67760b87f4@group-7E32184879DE-FollowerState was interrupted: java.lang.InterruptedException: sleep interrupted
2019-10-18 11:25:49,892 [grpc-default-executor-3] INFO  impl.RaftServerImpl (RaftServerImpl.java:setRole(184)) - c652e2ee-3322-4406-8db6-1ea643cb3197@group-7E32184879DE: changes role from  FOLLOWER to FOLLOWER at term 702 for recognizeCandidate:f535bb4a-cba0-4f9b-9e3e-e4a48b3eda51
2019-10-18 11:25:49,892 [grpc-default-executor-3] INFO  impl.RoleInfo (RoleInfo.java:shutdownFollowerState(121)) - c652e2ee-3322-4406-8db6-1ea643cb3197: shutdown FollowerState
2019-10-18 11:25:49,892 [grpc-default-executor-3] INFO  impl.RoleInfo (RoleInfo.java:updateAndGet(143)) - c652e2ee-3322-4406-8db6-1ea643cb3197: start FollowerState
2019-10-18 11:25:49,892 [Thread-4228] INFO  impl.FollowerState (FollowerState.java:run(117)) - c652e2ee-3322-4406-8db6-1ea643cb3197@group-7E32184879DE-FollowerState was interrupted: java.lang.InterruptedException: sleep interrupted
2019-10-18 11:25:49,916 [f535bb4a-cba0-4f9b-9e3e-e4a48b3eda51@group-7E32184879DE-LeaderElection599] INFO  impl.LeaderElection (LeaderElection.java:logAndReturn(56)) - f535bb4a-cba0-4f9b-9e3e-e4a48b3eda51@group-7E32184879DE-LeaderElection599: Election REJECTED; received 2 response(s) [f535bb4a-cba0-4f9b-9e3e-e4a48b3eda51<-54aabb14-4a7d-4ab3-adbe-2e67760b87f4#0:FAIL-t702, f535bb4a-cba0-4f9b-9e3e-e4a48b3eda51<-c652e2ee-3322-4406-8db6-1ea643cb3197#0:FAIL-t702] and 0 exception(s); f535bb4a-cba0-4f9b-9e3e-e4a48b3eda51@group-7E32184879DE:t702, leader=null, voted=f535bb4a-cba0-4f9b-9e3e-e4a48b3eda51, raftlog=f535bb4a-cba0-4f9b-9e3e-e4a48b3eda51@group-7E32184879DE-SegmentedRaftLog:OPENED:c-1,f-1,i0, conf=-1: [f535bb4a-cba0-4f9b-9e3e-e4a48b3eda51:0.0.0.0:44706, 54aabb14-4a7d-4ab3-adbe-2e67760b87f4:0.0.0.0:43074, c652e2ee-3322-4406-8db6-1ea643cb3197:0.0.0.0:42129], old=null
2019-10-18 11:25:49,916 [f535bb4a-cba0-4f9b-9e3e-e4a48b3eda51@group-7E32184879DE-LeaderElection599] INFO  impl.RaftServerImpl (RaftServerImpl.java:setRole(184)) - f535bb4a-cba0-4f9b-9e3e-e4a48b3eda51@group-7E32184879DE: changes role from CANDIDATE to FOLLOWER at term 702 for DISCOVERED_A_NEW_TERM
2019-10-18 11:25:49,916 [f535bb4a-cba0-4f9b-9e3e-e4a48b3eda51@group-7E32184879DE-LeaderElection599] INFO  impl.RoleInfo (RoleInfo.java:shutdownLeaderElection(134)) - f535bb4a-cba0-4f9b-9e3e-e4a48b3eda51: shutdown LeaderElection
2019-10-18 11:25:49,916 [f535bb4a-cba0-4f9b-9e3e-e4a48b3eda51@group-7E32184879DE-LeaderElection599] INFO  impl.RoleInfo (RoleInfo.java:updateAndGet(143)) - f535bb4a-cba0-4f9b-9e3e-e4a48b3eda51: start FollowerState
2019-10-18 11:25:50,067 [Thread-4235] INFO  impl.FollowerState (FollowerState.java:run(108)) - f535bb4a-cba0-4f9b-9e3e-e4a48b3eda51@group-7E32184879DE-FollowerState: change to CANDIDATE, lastRpcTime:150ms, electionTimeout:150ms
2019-10-18 11:25:50,067 [Thread-4235] INFO  impl.RoleInfo (RoleInfo.java:shutdownFollowerState(121)) - f535bb4a-cba0-4f9b-9e3e-e4a48b3eda51: shutdown FollowerState
2019-10-18 11:25:50,067 [Thread-4235] INFO  impl.RaftServerImpl (RaftServerImpl.java:setRole(184)) - f535bb4a-cba0-4f9b-9e3e-e4a48b3eda51@group-7E32184879DE: changes role from  FOLLOWER to CANDIDATE at term 702 for changeToCandidate
2019-10-18 11:25:50,068 [Thread-4235] INFO  impl.RoleInfo (RoleInfo.java:updateAndGet(143)) - f535bb4a-cba0-4f9b-9e3e-e4a48b3eda51: start LeaderElection
2019-10-18 11:25:50,099 [f535bb4a-cba0-4f9b-9e3e-e4a48b3eda51@group-7E32184879DE-LeaderElection600] INFO  impl.LeaderElection (LeaderElection.java:askForVotes(178)) - f535bb4a-cba0-4f9b-9e3e-e4a48b3eda51@group-7E32184879DE-LeaderElection600: begin an election at term 703 for -1: [f535bb4a-cba0-4f9b-9e3e-e4a48b3eda51:0.0.0.0:44706, 54aabb14-4a7d-4ab3-adbe-2e67760b87f4:0.0.0.0:43074, c652e2ee-3322-4406-8db6-1ea643cb3197:0.0.0.0:42129], old=null
2019-10-18 11:25:50,102 [grpc-default-executor-3] INFO  impl.RaftServerImpl (RaftServerImpl.java:setRole(184)) - 54aabb14-4a7d-4ab3-adbe-2e67760b87f4@group-7E32184879DE: changes role from  FOLLOWER to FOLLOWER at term 703 for recognizeCandidate:f535bb4a-cba0-4f9b-9e3e-e4a48b3eda51
2019-10-18 11:25:50,102 [grpc-default-executor-1] INFO  impl.RaftServerImpl (RaftServerImpl.java:setRole(184)) - c652e2ee-3322-4406-8db6-1ea643cb3197@group-7E32184879DE: changes role from  FOLLOWER to FOLLOWER at term 703 for recognizeCandidate:f535bb4a-cba0-4f9b-9e3e-e4a48b3eda51
2019-10-18 11:25:50,103 [grpc-default-executor-1] INFO  impl.RoleInfo (RoleInfo.java:shutdownFollowerState(121)) - c652e2ee-3322-4406-8db6-1ea643cb3197: shutdown FollowerState
2019-10-18 11:25:50,103 [grpc-default-executor-3] INFO  impl.RoleInfo (RoleInfo.java:shutdownFollowerState(121)) - 54aabb14-4a7d-4ab3-adbe-2e67760b87f4: shutdown FollowerState
2019-10-18 11:25:50,103 [Thread-4234] INFO  impl.FollowerState (FollowerState.java:run(117)) - c652e2ee-3322-4406-8db6-1ea643cb3197@group-7E32184879DE-FollowerState was interrupted: java.lang.InterruptedException: sleep interrupted
2019-10-18 11:25:50,103 [grpc-default-executor-1] INFO  impl.RoleInfo (RoleInfo.java:updateAndGet(143)) - c652e2ee-3322-4406-8db6-1ea643cb3197: start FollowerState
2019-10-18 11:25:50,103 [grpc-default-executor-3] INFO  impl.RoleInfo (RoleInfo.java:updateAndGet(143)) - 54aabb14-4a7d-4ab3-adbe-2e67760b87f4: start FollowerState
2019-10-18 11:25:50,103 [Thread-4233] INFO  impl.FollowerState (FollowerState.java:run(117)) - 54aabb14-4a7d-4ab3-adbe-2e67760b87f4@group-7E32184879DE-FollowerState was interrupted: java.lang.InterruptedException: sleep interrupted
2019-10-18 11:25:50,114 [f535bb4a-cba0-4f9b-9e3e-e4a48b3eda51@group-7E32184879DE-LeaderElection600] INFO  impl.LeaderElection (LeaderElection.java:logAndReturn(56)) - f535bb4a-cba0-4f9b-9e3e-e4a48b3eda51@group-7E32184879DE-LeaderElection600: Election TIMEOUT; received 0 response(s) [] and 0 exception(s); f535bb4a-cba0-4f9b-9e3e-e4a48b3eda51@group-7E32184879DE:t703, leader=null, voted=f535bb4a-cba0-4f9b-9e3e-e4a48b3eda51, raftlog=f535bb4a-cba0-4f9b-9e3e-e4a48b3eda51@group-7E32184879DE-SegmentedRaftLog:OPENED:c-1,f-1,i0, conf=-1: [f535bb4a-cba0-4f9b-9e3e-e4a48b3eda51:0.0.0.0:44706, 54aabb14-4a7d-4ab3-adbe-2e67760b87f4:0.0.0.0:43074, c652e2ee-3322-4406-8db6-1ea643cb3197:0.0.0.0:42129], old=null
2019-10-18 11:25:50,133 [f535bb4a-cba0-4f9b-9e3e-e4a48b3eda51@group-7E32184879DE-LeaderElection600] INFO  impl.LeaderElection (LeaderElection.java:askForVotes(178)) - f535bb4a-cba0-4f9b-9e3e-e4a48b3eda51@group-7E32184879DE-LeaderElection600: begin an election at term 704 for -1: [f535bb4a-cba0-4f9b-9e3e-e4a48b3eda51:0.0.0.0:44706, 54aabb14-4a7d-4ab3-adbe-2e67760b87f4:0.0.0.0:43074, c652e2ee-3322-4406-8db6-1ea643cb3197:0.0.0.0:42129], old=null
2019-10-18 11:25:50,133 [f535bb4a-cba0-4f9b-9e3e-e4a48b3eda51@group-7E32184879DE-LeaderElection600] INFO  impl.LeaderElection (LeaderElection.java:logAndReturn(56)) - f535bb4a-cba0-4f9b-9e3e-e4a48b3eda51@group-7E32184879DE-LeaderElection600: Election TIMEOUT; received 0 response(s) [] and 0 exception(s); f535bb4a-cba0-4f9b-9e3e-e4a48b3eda51@group-7E32184879DE:t704, leader=null, voted=f535bb4a-cba0-4f9b-9e3e-e4a48b3eda51, raftlog=f535bb4a-cba0-4f9b-9e3e-e4a48b3eda51@group-7E32184879DE-SegmentedRaftLog:OPENED:c-1,f-1,i0, conf=-1: [f535bb4a-cba0-4f9b-9e3e-e4a48b3eda51:0.0.0.0:44706, 54aabb14-4a7d-4ab3-adbe-2e67760b87f4:0.0.0.0:43074, c652e2ee-3322-4406-8db6-1ea643cb3197:0.0.0.0:42129], old=null
2019-10-18 11:25:50,134 [grpc-default-executor-1] INFO  impl.RaftServerImpl (RaftServerImpl.java:setRole(184)) - 54aabb14-4a7d-4ab3-adbe-2e67760b87f4@group-7E32184879DE: changes role from  FOLLOWER to FOLLOWER at term 704 for recognizeCandidate:f535bb4a-cba0-4f9b-9e3e-e4a48b3eda51
2019-10-18 11:25:50,134 [grpc-default-executor-1] INFO  impl.RoleInfo (RoleInfo.java:shutdownFollowerState(121)) - 54aabb14-4a7d-4ab3-adbe-2e67760b87f4: shutdown FollowerState
2019-10-18 11:25:50,134 [grpc-default-executor-3] INFO  impl.RaftServerImpl (RaftServerImpl.java:setRole(184)) - c652e2ee-3322-4406-8db6-1ea643cb3197@group-7E32184879DE: changes role from  FOLLOWER to FOLLOWER at term 704 for recognizeCandidate:f535bb4a-cba0-4f9b-9e3e-e4a48b3eda51
2019-10-18 11:25:50,135 [grpc-default-executor-3] INFO  impl.RoleInfo (RoleInfo.java:shutdownFollowerState(121)) - c652e2ee-3322-4406-8db6-1ea643cb3197: shutdown FollowerState
2019-10-18 11:25:50,135 [Thread-4240] INFO  impl.FollowerState (FollowerState.java:run(117)) - 54aabb14-4a7d-4ab3-adbe-2e67760b87f4@group-7E32184879DE-FollowerState was interrupted: java.lang.InterruptedException: sleep interrupted
2019-10-18 11:25:50,135 [grpc-default-executor-1] INFO  impl.RoleInfo (RoleInfo.java:updateAndGet(143)) - 54aabb14-4a7d-4ab3-adbe-2e67760b87f4: start FollowerState
2019-10-18 11:25:50,135 [Thread-4239] INFO  impl.FollowerState (FollowerState.java:run(117)) - c652e2ee-3322-4406-8db6-1ea643cb3197@group-7E32184879DE-FollowerState was interrupted: java.lang.InterruptedException: sleep interrupted
2019-10-18 11:25:50,135 [grpc-default-executor-3] INFO  impl.RoleInfo (RoleInfo.java:updateAndGet(143)) - c652e2ee-3322-4406-8db6-1ea643cb3197: start FollowerState
2019-10-18 11:25:50,158 [f535bb4a-cba0-4f9b-9e3e-e4a48b3eda51@group-7E32184879DE-LeaderElection600] INFO  impl.LeaderElection (LeaderElection.java:askForVotes(178)) - f535bb4a-cba0-4f9b-9e3e-e4a48b3eda51@group-7E32184879DE-LeaderElection600: begin an election at term 705 for -1: [f535bb4a-cba0-4f9b-9e3e-e4a48b3eda51:0.0.0.0:44706, 54aabb14-4a7d-4ab3-adbe-2e67760b87f4:0.0.0.0:43074, c652e2ee-3322-4406-8db6-1ea643cb3197:0.0.0.0:42129], old=null
2019-10-18 11:25:50,159 [grpc-default-executor-1] INFO  impl.RaftServerImpl (RaftServerImpl.java:setRole(184)) - 54aabb14-4a7d-4ab3-adbe-2e67760b87f4@group-7E32184879DE: changes role from  FOLLOWER to FOLLOWER at term 705 for recognizeCandidate:f535bb4a-cba0-4f9b-9e3e-e4a48b3eda51
2019-10-18 11:25:50,159 [grpc-default-executor-1] INFO  impl.RoleInfo (RoleInfo.java:shutdownFollowerState(121)) - 54aabb14-4a7d-4ab3-adbe-2e67760b87f4: shutdown FollowerState
2019-10-18 11:25:50,160 [grpc-default-executor-1] INFO  impl.RoleInfo (RoleInfo.java:updateAndGet(143)) - 54aabb14-4a7d-4ab3-adbe-2e67760b87f4: start FollowerState
2019-10-18 11:25:50,160 [grpc-default-executor-3] INFO  impl.RaftServerImpl (RaftServerImpl.java:setRole(184)) - c652e2ee-3322-4406-8db6-1ea643cb3197@group-7E32184879DE: changes role from  FOLLOWER to FOLLOWER at term 705 for recognizeCandidate:f535bb4a-cba0-4f9b-9e3e-e4a48b3eda51
2019-10-18 11:25:50,160 [Thread-4243] INFO  impl.FollowerState (FollowerState.java:run(117)) - 54aabb14-4a7d-4ab3-adbe-2e67760b87f4@group-7E32184879DE-FollowerState was interrupted: java.lang.InterruptedException: sleep interrupted
2019-10-18 11:25:50,160 [grpc-default-executor-3] INFO  impl.RoleInfo (RoleInfo.java:shutdownFollowerState(121)) - c652e2ee-3322-4406-8db6-1ea643cb3197: shutdown FollowerState
2019-10-18 11:25:50,160 [grpc-default-executor-3] INFO  impl.RoleInfo (RoleInfo.java:updateAndGet(143)) - c652e2ee-3322-4406-8db6-1ea643cb3197: start FollowerState
2019-10-18 11:25:50,160 [Thread-4244] INFO  impl.FollowerState (FollowerState.java:run(117)) - c652e2ee-3322-4406-8db6-1ea643cb3197@group-7E32184879DE-FollowerState was interrupted: java.lang.InterruptedException: sleep interrupted
2019-10-18 11:25:50,184 [f535bb4a-cba0-4f9b-9e3e-e4a48b3eda51@group-7E32184879DE-LeaderElection600] INFO  impl.LeaderElection (LeaderElection.java:logAndReturn(56)) - f535bb4a-cba0-4f9b-9e3e-e4a48b3eda51@group-7E32184879DE-LeaderElection600: Election REJECTED; received 2 response(s) [f535bb4a-cba0-4f9b-9e3e-e4a48b3eda51<-54aabb14-4a7d-4ab3-adbe-2e67760b87f4#0:FAIL-t705, f535bb4a-cba0-4f9b-9e3e-e4a48b3eda51<-c652e2ee-3322-4406-8db6-1ea643cb3197#0:FAIL-t705] and 0 exception(s); f535bb4a-cba0-4f9b-9e3e-e4a48b3eda51@group-7E32184879DE:t705, leader=null, voted=f535bb4a-cba0-4f9b-9e3e-e4a48b3eda51, raftlog=f535bb4a-cba0-4f9b-9e3e-e4a48b3eda51@group-7E32184879DE-SegmentedRaftLog:OPENED:c-1,f-1,i0, conf=-1: [f535bb4a-cba0-4f9b-9e3e-e4a48b3eda51:0.0.0.0:44706, 54aabb14-4a7d-4ab3-adbe-2e67760b87f4:0.0.0.0:43074, c652e2ee-3322-4406-8db6-1ea643cb3197:0.0.0.0:42129], old=null
2019-10-18 11:25:50,184 [f535bb4a-cba0-4f9b-9e3e-e4a48b3eda51@group-7E32184879DE-LeaderElection600] INFO  impl.RaftServerImpl (RaftServerImpl.java:setRole(184)) - f535bb4a-cba0-4f9b-9e3e-e4a48b3eda51@group-7E32184879DE: changes role from CANDIDATE to FOLLOWER at term 705 for DISCOVERED_A_NEW_TERM
2019-10-18 11:25:50,184 [f535bb4a-cba0-4f9b-9e3e-e4a48b3eda51@group-7E32184879DE-LeaderElection600] INFO  impl.RoleInfo (RoleInfo.java:shutdownLeaderElection(134)) - f535bb4a-cba0-4f9b-9e3e-e4a48b3eda51: shutdown LeaderElection
2019-10-18 11:25:50,185 [f535bb4a-cba0-4f9b-9e3e-e4a48b3eda51@group-7E32184879DE-LeaderElection600] INFO  impl.RoleInfo (RoleInfo.java:updateAndGet(143)) - f535bb4a-cba0-4f9b-9e3e-e4a48b3eda51: start FollowerState
2019-10-18 11:25:50,314 [Thread-4249] INFO  impl.FollowerState (FollowerState.java:run(108)) - f535bb4a-cba0-4f9b-9e3e-e4a48b3eda51@group-7E32184879DE-FollowerState: change to CANDIDATE, lastRpcTime:129ms, electionTimeout:129ms
2019-10-18 11:25:50,314 [Thread-4249] INFO  impl.RoleInfo (RoleInfo.java:shutdownFollowerState(121)) - f535bb4a-cba0-4f9b-9e3e-e4a48b3eda51: shutdown FollowerState
2019-10-18 11:25:50,314 [Thread-4249] INFO  impl.RaftServerImpl (RaftServerImpl.java:setRole(184)) - f535bb4a-cba0-4f9b-9e3e-e4a48b3eda51@group-7E32184879DE: changes role from  FOLLOWER to CANDIDATE at term 705 for changeToCandidate
2019-10-18 11:25:50,314 [Thread-4249] INFO  impl.RoleInfo (RoleInfo.java:updateAndGet(143)) - f535bb4a-cba0-4f9b-9e3e-e4a48b3eda51: start LeaderElection
2019-10-18 11:25:50,343 [f535bb4a-cba0-4f9b-9e3e-e4a48b3eda51@group-7E32184879DE-LeaderElection601] INFO  impl.LeaderElection (LeaderElection.java:askForVotes(178)) - f535bb4a-cba0-4f9b-9e3e-e4a48b3eda51@group-7E32184879DE-LeaderElection601: begin an election at term 706 for -1: [f535bb4a-cba0-4f9b-9e3e-e4a48b3eda51:0.0.0.0:44706, 54aabb14-4a7d-4ab3-adbe-2e67760b87f4:0.0.0.0:43074, c652e2ee-3322-4406-8db6-1ea643cb3197:0.0.0.0:42129], old=null
2019-10-18 11:25:50,348 [grpc-default-executor-3] INFO  impl.RaftServerImpl (RaftServerImpl.java:setRole(184)) - 54aabb14-4a7d-4ab3-adbe-2e67760b87f4@group-7E32184879DE: changes role from  FOLLOWER to FOLLOWER at term 706 for recognizeCandidate:f535bb4a-cba0-4f9b-9e3e-e4a48b3eda51
2019-10-18 11:25:50,348 [grpc-default-executor-1] INFO  impl.RaftServerImpl (RaftServerImpl.java:setRole(184)) - c652e2ee-3322-4406-8db6-1ea643cb3197@group-7E32184879DE: changes role from  FOLLOWER to FOLLOWER at term 706 for recognizeCandidate:f535bb4a-cba0-4f9b-9e3e-e4a48b3eda51
2019-10-18 11:25:50,349 [grpc-default-executor-3] INFO  impl.RoleInfo (RoleInfo.java:shutdownFollowerState(121)) - 54aabb14-4a7d-4ab3-adbe-2e67760b87f4: shutdown FollowerState
2019-10-18 11:25:50,349 [grpc-default-executor-1] INFO  impl.RoleInfo (RoleInfo.java:shutdownFollowerState(121)) - c652e2ee-3322-4406-8db6-1ea643cb3197: shutdown FollowerState
2019-10-18 11:25:50,349 [grpc-default-executor-3] INFO  impl.RoleInfo (RoleInfo.java:updateAndGet(143)) - 54aabb14-4a7d-4ab3-adbe-2e67760b87f4: start FollowerState
2019-10-18 11:25:50,349 [grpc-default-executor-1] INFO  impl.RoleInfo (RoleInfo.java:updateAndGet(143)) - c652e2ee-3322-4406-8db6-1ea643cb3197: start FollowerState
2019-10-18 11:25:50,349 [Thread-4247] INFO  impl.FollowerState (FollowerState.java:run(117)) - 54aabb14-4a7d-4ab3-adbe-2e67760b87f4@group-7E32184879DE-FollowerState was interrupted: java.lang.InterruptedException: sleep interrupted
2019-10-18 11:25:50,349 [Thread-4248] INFO  impl.FollowerState (FollowerState.java:run(117)) - c652e2ee-3322-4406-8db6-1ea643cb3197@group-7E32184879DE-FollowerState was interrupted: java.lang.InterruptedException: sleep interrupted
2019-10-18 11:25:50,369 [f535bb4a-cba0-4f9b-9e3e-e4a48b3eda51@group-7E32184879DE-LeaderElection601] INFO  impl.LeaderElection (LeaderElection.java:logAndReturn(56)) - f535bb4a-cba0-4f9b-9e3e-e4a48b3eda51@group-7E32184879DE-LeaderElection601: Election REJECTED; received 2 response(s) [f535bb4a-cba0-4f9b-9e3e-e4a48b3eda51<-54aabb14-4a7d-4ab3-adbe-2e67760b87f4#0:FAIL-t706, f535bb4a-cba0-4f9b-9e3e-e4a48b3eda51<-c652e2ee-3322-4406-8db6-1ea643cb3197#0:FAIL-t706] and 0 exception(s); f535bb4a-cba0-4f9b-9e3e-e4a48b3eda51@group-7E32184879DE:t706, leader=null, voted=f535bb4a-cba0-4f9b-9e3e-e4a48b3eda51, raftlog=f535bb4a-cba0-4f9b-9e3e-e4a48b3eda51@group-7E32184879DE-SegmentedRaftLog:OPENED:c-1,f-1,i0, conf=-1: [f535bb4a-cba0-4f9b-9e3e-e4a48b3eda51:0.0.0.0:44706, 54aabb14-4a7d-4ab3-adbe-2e67760b87f4:0.0.0.0:43074, c652e2ee-3322-4406-8db6-1ea643cb3197:0.0.0.0:42129], old=null
2019-10-18 11:25:50,369 [f535bb4a-cba0-4f9b-9e3e-e4a48b3eda51@group-7E32184879DE-LeaderElection601] INFO  impl.RaftServerImpl (RaftServerImpl.java:setRole(184)) - f535bb4a-cba0-4f9b-9e3e-e4a48b3eda51@group-7E32184879DE: changes role from CANDIDATE to FOLLOWER at term 706 for DISCOVERED_A_NEW_TERM
2019-10-18 11:25:50,369 [f535bb4a-cba0-4f9b-9e3e-e4a48b3eda51@group-7E32184879DE-LeaderElection601] INFO  impl.RoleInfo (RoleInfo.java:shutdownLeaderElection(134)) - f535bb4a-cba0-4f9b-9e3e-e4a48b3eda51: shutdown LeaderElection
2019-10-18 11:25:50,369 [f535bb4a-cba0-4f9b-9e3e-e4a48b3eda51@group-7E32184879DE-LeaderElection601] INFO  impl.RoleInfo (RoleInfo.java:updateAndGet(143)) - f535bb4a-cba0-4f9b-9e3e-e4a48b3eda51: start FollowerState
2019-10-18 11:25:50,550 [Thread-4255] INFO  impl.FollowerState (FollowerState.java:run(108)) - f535bb4a-cba0-4f9b-9e3e-e4a48b3eda51@group-7E32184879DE-FollowerState: change to CANDIDATE, lastRpcTime:180ms, electionTimeout:180ms
2019-10-18 11:25:50,550 [Thread-4255] INFO  impl.RoleInfo (RoleInfo.java:shutdownFollowerState(121)) - f535bb4a-cba0-4f9b-9e3e-e4a48b3eda51: shutdown FollowerState
2019-10-18 11:25:50,550 [Thread-4255] INFO  impl.RaftServerImpl (RaftServerImpl.java:setRole(184)) - f535bb4a-cba0-4f9b-9e3e-e4a48b3eda51@group-7E32184879DE: changes role from  FOLLOWER to CANDIDATE at term 706 for changeToCandidate
2019-10-18 11:25:50,550 [Thread-4255] INFO  impl.RoleInfo (RoleInfo.java:updateAndGet(143)) - f535bb4a-cba0-4f9b-9e3e-e4a48b3eda51: start LeaderElection
2019-10-18 11:25:50,576 [f535bb4a-cba0-4f9b-9e3e-e4a48b3eda51@group-7E32184879DE-LeaderElection602] INFO  impl.LeaderElection (LeaderElection.java:askForVotes(178)) - f535bb4a-cba0-4f9b-9e3e-e4a48b3eda51@group-7E32184879DE-LeaderElection602: begin an election at term 707 for -1: [f535bb4a-cba0-4f9b-9e3e-e4a48b3eda51:0.0.0.0:44706, 54aabb14-4a7d-4ab3-adbe-2e67760b87f4:0.0.0.0:43074, c652e2ee-3322-4406-8db6-1ea643cb3197:0.0.0.0:42129], old=null
2019-10-18 11:25:50,578 [grpc-default-executor-3] INFO  impl.RaftServerImpl (RaftServerImpl.java:setRole(184)) - 54aabb14-4a7d-4ab3-adbe-2e67760b87f4@group-7E32184879DE: changes role from  FOLLOWER to FOLLOWER at term 707 for recognizeCandidate:f535bb4a-cba0-4f9b-9e3e-e4a48b3eda51
2019-10-18 11:25:50,578 [grpc-default-executor-3] INFO  impl.RoleInfo (RoleInfo.java:shutdownFollowerState(121)) - 54aabb14-4a7d-4ab3-adbe-2e67760b87f4: shutdown FollowerState
2019-10-18 11:25:50,578 [grpc-default-executor-1] INFO  impl.RaftServerImpl (RaftServerImpl.java:setRole(184)) - c652e2ee-3322-4406-8db6-1ea643cb3197@group-7E32184879DE: changes role from  FOLLOWER to FOLLOWER at term 707 for recognizeCandidate:f535bb4a-cba0-4f9b-9e3e-e4a48b3eda51
2019-10-18 11:25:50,578 [grpc-default-executor-1] INFO  impl.RoleInfo (RoleInfo.java:shutdownFollowerState(121)) - c652e2ee-3322-4406-8db6-1ea643cb3197: shutdown FollowerState
2019-10-18 11:25:50,578 [grpc-default-executor-3] INFO  impl.RoleInfo (RoleInfo.java:updateAndGet(143)) - 54aabb14-4a7d-4ab3-adbe-2e67760b87f4: start FollowerState
2019-10-18 11:25:50,578 [Thread-4254] INFO  impl.FollowerState (FollowerState.java:run(117)) - c652e2ee-3322-4406-8db6-1ea643cb3197@group-7E32184879DE-FollowerState was interrupted: java.lang.InterruptedException: sleep interrupted
2019-10-18 11:25:50,578 [grpc-default-executor-1] INFO  impl.RoleInfo (RoleInfo.java:updateAndGet(143)) - c652e2ee-3322-4406-8db6-1ea643cb3197: start FollowerState
2019-10-18 11:25:50,578 [Thread-4253] INFO  impl.FollowerState (FollowerState.java:run(117)) - 54aabb14-4a7d-4ab3-adbe-2e67760b87f4@group-7E32184879DE-FollowerState was interrupted: java.lang.InterruptedException: sleep interrupted
2019-10-18 11:25:50,602 [f535bb4a-cba0-4f9b-9e3e-e4a48b3eda51@group-7E32184879DE-LeaderElection602] INFO  impl.LeaderElection (LeaderElection.java:logAndReturn(56)) - f535bb4a-cba0-4f9b-9e3e-e4a48b3eda51@group-7E32184879DE-LeaderElection602: Election REJECTED; received 2 response(s) [f535bb4a-cba0-4f9b-9e3e-e4a48b3eda51<-54aabb14-4a7d-4ab3-adbe-2e67760b87f4#0:FAIL-t707, f535bb4a-cba0-4f9b-9e3e-e4a48b3eda51<-c652e2ee-3322-4406-8db6-1ea643cb3197#0:FAIL-t707] and 0 exception(s); f535bb4a-cba0-4f9b-9e3e-e4a48b3eda51@group-7E32184879DE:t707, leader=null, voted=f535bb4a-cba0-4f9b-9e3e-e4a48b3eda51, raftlog=f535bb4a-cba0-4f9b-9e3e-e4a48b3eda51@group-7E32184879DE-SegmentedRaftLog:OPENED:c-1,f-1,i0, conf=-1: [f535bb4a-cba0-4f9b-9e3e-e4a48b3eda51:0.0.0.0:44706, 54aabb14-4a7d-4ab3-adbe-2e67760b87f4:0.0.0.0:43074, c652e2ee-3322-4406-8db6-1ea643cb3197:0.0.0.0:42129], old=null
2019-10-18 11:25:50,602 [f535bb4a-cba0-4f9b-9e3e-e4a48b3eda51@group-7E32184879DE-LeaderElection602] INFO  impl.RaftServerImpl (RaftServerImpl.java:setRole(184)) - f535bb4a-cba0-4f9b-9e3e-e4a48b3eda51@group-7E32184879DE: changes role from CANDIDATE to FOLLOWER at term 707 for DISCOVERED_A_NEW_TERM
2019-10-18 11:25:50,603 [f535bb4a-cba0-4f9b-9e3e-e4a48b3eda51@group-7E32184879DE-LeaderElection602] INFO  impl.RoleInfo (RoleInfo.java:shutdownLeaderElection(134)) - f535bb4a-cba0-4f9b-9e3e-e4a48b3eda51: shutdown LeaderElection
2019-10-18 11:25:50,603 [f535bb4a-cba0-4f9b-9e3e-e4a48b3eda51@group-7E32184879DE-LeaderElection602] INFO  impl.RoleInfo (RoleInfo.java:updateAndGet(143)) - f535bb4a-cba0-4f9b-9e3e-e4a48b3eda51: start FollowerState
2019-10-18 11:25:50,750 [Thread-4261] INFO  impl.FollowerState (FollowerState.java:run(108)) - f535bb4a-cba0-4f9b-9e3e-e4a48b3eda51@group-7E32184879DE-FollowerState: change to CANDIDATE, lastRpcTime:147ms, electionTimeout:147ms
2019-10-18 11:25:50,750 [Thread-4261] INFO  impl.RoleInfo (RoleInfo.java:shutdownFollowerState(121)) - f535bb4a-cba0-4f9b-9e3e-e4a48b3eda51: shutdown FollowerState
2019-10-18 11:25:50,750 [Thread-4261] INFO  impl.RaftServerImpl (RaftServerImpl.java:setRole(184)) - f535bb4a-cba0-4f9b-9e3e-e4a48b3eda51@group-7E32184879DE: changes role from  FOLLOWER to CANDIDATE at term 707 for changeToCandidate
2019-10-18 11:25:50,750 [Thread-4261] INFO  impl.RoleInfo (RoleInfo.java:updateAndGet(143)) - f535bb4a-cba0-4f9b-9e3e-e4a48b3eda51: start LeaderElection
2019-10-18 11:25:50,777 [f535bb4a-cba0-4f9b-9e3e-e4a48b3eda51@group-7E32184879DE-LeaderElection603] INFO  impl.LeaderElection (LeaderElection.java:askForVotes(178)) - f535bb4a-cba0-4f9b-9e3e-e4a48b3eda51@group-7E32184879DE-LeaderElection603: begin an election at term 708 for -1: [f535bb4a-cba0-4f9b-9e3e-e4a48b3eda51:0.0.0.0:44706, 54aabb14-4a7d-4ab3-adbe-2e67760b87f4:0.0.0.0:43074, c652e2ee-3322-4406-8db6-1ea643cb3197:0.0.0.0:42129], old=null
2019-10-18 11:25:50,779 [grpc-default-executor-3] INFO  impl.RaftServerImpl (RaftServerImpl.java:setRole(184)) - 54aabb14-4a7d-4ab3-adbe-2e67760b87f4@group-7E32184879DE: changes role from  FOLLOWER to FOLLOWER at term 708 for recognizeCandidate:f535bb4a-cba0-4f9b-9e3e-e4a48b3eda51
2019-10-18 11:25:50,779 [grpc-default-executor-1] INFO  impl.RaftServerImpl (RaftServerImpl.java:setRole(184)) - c652e2ee-3322-4406-8db6-1ea643cb3197@group-7E32184879DE: changes role from  FOLLOWER to FOLLOWER at term 708 for recognizeCandidate:f535bb4a-cba0-4f9b-9e3e-e4a48b3eda51
2019-10-18 11:25:50,779 [grpc-default-executor-3] INFO  impl.RoleInfo (RoleInfo.java:shutdownFollowerState(121)) - 54aabb14-4a7d-4ab3-adbe-2e67760b87f4: shutdown FollowerState
2019-10-18 11:25:50,779 [grpc-default-executor-1] INFO  impl.RoleInfo (RoleInfo.java:shutdownFollowerState(121)) - c652e2ee-3322-4406-8db6-1ea643cb3197: shutdown FollowerState
2019-10-18 11:25:50,779 [Thread-4259] INFO  impl.FollowerState (FollowerState.java:run(117)) - 54aabb14-4a7d-4ab3-adbe-2e67760b87f4@group-7E32184879DE-FollowerState was interrupted: java.lang.InterruptedException: sleep interrupted
2019-10-18 11:25:50,779 [Thread-4260] INFO  impl.FollowerState (FollowerState.java:run(117)) - c652e2ee-3322-4406-8db6-1ea643cb3197@group-7E32184879DE-FollowerState was interrupted: java.lang.InterruptedException: sleep interrupted
2019-10-18 11:25:50,779 [grpc-default-executor-3] INFO  impl.RoleInfo (RoleInfo.java:updateAndGet(143)) - 54aabb14-4a7d-4ab3-adbe-2e67760b87f4: start FollowerState
2019-10-18 11:25:50,779 [grpc-default-executor-1] INFO  impl.RoleInfo (RoleInfo.java:updateAndGet(143)) - c652e2ee-3322-4406-8db6-1ea643cb3197: start FollowerState
2019-10-18 11:25:50,803 [f535bb4a-cba0-4f9b-9e3e-e4a48b3eda51@group-7E32184879DE-LeaderElection603] INFO  impl.LeaderElection (LeaderElection.java:logAndReturn(56)) - f535bb4a-cba0-4f9b-9e3e-e4a48b3eda51@group-7E32184879DE-LeaderElection603: Election REJECTED; received 2 response(s) [f535bb4a-cba0-4f9b-9e3e-e4a48b3eda51<-54aabb14-4a7d-4ab3-adbe-2e67760b87f4#0:FAIL-t708, f535bb4a-cba0-4f9b-9e3e-e4a48b3eda51<-c652e2ee-3322-4406-8db6-1ea643cb3197#0:FAIL-t708] and 0 exception(s); f535bb4a-cba0-4f9b-9e3e-e4a48b3eda51@group-7E32184879DE:t708, leader=null, voted=f535bb4a-cba0-4f9b-9e3e-e4a48b3eda51, raftlog=f535bb4a-cba0-4f9b-9e3e-e4a48b3eda51@group-7E32184879DE-SegmentedRaftLog:OPENED:c-1,f-1,i0, conf=-1: [f535bb4a-cba0-4f9b-9e3e-e4a48b3eda51:0.0.0.0:44706, 54aabb14-4a7d-4ab3-adbe-2e67760b87f4:0.0.0.0:43074, c652e2ee-3322-4406-8db6-1ea643cb3197:0.0.0.0:42129], old=null
2019-10-18 11:25:50,803 [f535bb4a-cba0-4f9b-9e3e-e4a48b3eda51@group-7E32184879DE-LeaderElection603] INFO  impl.RaftServerImpl (RaftServerImpl.java:setRole(184)) - f535bb4a-cba0-4f9b-9e3e-e4a48b3eda51@group-7E32184879DE: changes role from CANDIDATE to FOLLOWER at term 708 for DISCOVERED_A_NEW_TERM
2019-10-18 11:25:50,803 [f535bb4a-cba0-4f9b-9e3e-e4a48b3eda51@group-7E32184879DE-LeaderElection603] INFO  impl.RoleInfo (RoleInfo.java:shutdownLeaderElection(134)) - f535bb4a-cba0-4f9b-9e3e-e4a48b3eda51: shutdown LeaderElection
2019-10-18 11:25:50,803 [f535bb4a-cba0-4f9b-9e3e-e4a48b3eda51@group-7E32184879DE-LeaderElection603] INFO  impl.RoleInfo (RoleInfo.java:updateAndGet(143)) - f535bb4a-cba0-4f9b-9e3e-e4a48b3eda51: start FollowerState
2019-10-18 11:25:50,895 [Thread-4269] INFO  impl.FollowerState (FollowerState.java:run(108)) - f535bb4a-cba0-4f9b-9e3e-e4a48b3eda51@group-7E32184879DE-FollowerState: change to CANDIDATE, lastRpcTime:91ms, electionTimeout:91ms
2019-10-18 11:25:50,895 [Thread-4269] INFO  impl.RoleInfo (RoleInfo.java:shutdownFollowerState(121)) - f535bb4a-cba0-4f9b-9e3e-e4a48b3eda51: shutdown FollowerState
2019-10-18 11:25:50,895 [Thread-4269] INFO  impl.RaftServerImpl (RaftServerImpl.java:setRole(184)) - f535bb4a-cba0-4f9b-9e3e-e4a48b3eda51@group-7E32184879DE: changes role from  FOLLOWER to CANDIDATE at term 708 for changeToCandidate
2019-10-18 11:25:50,895 [Thread-4269] INFO  impl.RoleInfo (RoleInfo.java:updateAndGet(143)) - f535bb4a-cba0-4f9b-9e3e-e4a48b3eda51: start LeaderElection
2019-10-18 11:25:50,919 [f535bb4a-cba0-4f9b-9e3e-e4a48b3eda51@group-7E32184879DE-LeaderElection604] INFO  impl.LeaderElection (LeaderElection.java:askForVotes(178)) - f535bb4a-cba0-4f9b-9e3e-e4a48b3eda51@group-7E32184879DE-LeaderElection604: begin an election at term 709 for -1: [f535bb4a-cba0-4f9b-9e3e-e4a48b3eda51:0.0.0.0:44706, 54aabb14-4a7d-4ab3-adbe-2e67760b87f4:0.0.0.0:43074, c652e2ee-3322-4406-8db6-1ea643cb3197:0.0.0.0:42129], old=null
2019-10-18 11:25:50,921 [grpc-default-executor-3] INFO  impl.RaftServerImpl (RaftServerImpl.java:setRole(184)) - 54aabb14-4a7d-4ab3-adbe-2e67760b87f4@group-7E32184879DE: changes role from  FOLLOWER to FOLLOWER at term 709 for recognizeCandidate:f535bb4a-cba0-4f9b-9e3e-e4a48b3eda51
2019-10-18 11:25:50,921 [grpc-default-executor-3] INFO  impl.RoleInfo (RoleInfo.java:shutdownFollowerState(121)) - 54aabb14-4a7d-4ab3-adbe-2e67760b87f4: shutdown FollowerState
2019-10-18 11:25:50,921 [grpc-default-executor-1] INFO  impl.RaftServerImpl (RaftServerImpl.java:setRole(184)) - c652e2ee-3322-4406-8db6-1ea643cb3197@group-7E32184879DE: changes role from  FOLLOWER to FOLLOWER at term 709 for recognizeCandidate:f535bb4a-cba0-4f9b-9e3e-e4a48b3eda51
2019-10-18 11:25:50,921 [grpc-default-executor-1] INFO  impl.RoleInfo (RoleInfo.java:shutdownFollowerState(121)) - c652e2ee-3322-4406-8db6-1ea643cb3197: shutdown FollowerState
2019-10-18 11:25:50,921 [Thread-4267] INFO  impl.FollowerState (FollowerState.java:run(117)) - 54aabb14-4a7d-4ab3-adbe-2e67760b87f4@group-7E32184879DE-FollowerState was interrupted: java.lang.InterruptedException: sleep interrupted
2019-10-18 11:25:50,921 [grpc-default-executor-3] INFO  impl.RoleInfo (RoleInfo.java:updateAndGet(143)) - 54aabb14-4a7d-4ab3-adbe-2e67760b87f4: start FollowerState
2019-10-18 11:25:50,922 [Thread-4268] INFO  impl.FollowerState (FollowerState.java:run(117)) - c652e2ee-3322-4406-8db6-1ea643cb3197@group-7E32184879DE-FollowerState was interrupted: java.lang.InterruptedException: sleep interrupted
2019-10-18 11:25:50,922 [grpc-default-executor-1] INFO  impl.RoleInfo (RoleInfo.java:updateAndGet(143)) - c652e2ee-3322-4406-8db6-1ea643cb3197: start FollowerState
2019-10-18 11:25:50,945 [f535bb4a-cba0-4f9b-9e3e-e4a48b3eda51@group-7E32184879DE-LeaderElection604] INFO  impl.LeaderElection (LeaderElection.java:logAndReturn(56)) - f535bb4a-cba0-4f9b-9e3e-e4a48b3eda51@group-7E32184879DE-LeaderElection604: Election REJECTED; received 2 response(s) [f535bb4a-cba0-4f9b-9e3e-e4a48b3eda51<-54aabb14-4a7d-4ab3-adbe-2e67760b87f4#0:FAIL-t709, f535bb4a-cba0-4f9b-9e3e-e4a48b3eda51<-c652e2ee-3322-4406-8db6-1ea643cb3197#0:FAIL-t709] and 0 exception(s); f535bb4a-cba0-4f9b-9e3e-e4a48b3eda51@group-7E32184879DE:t709, leader=null, voted=f535bb4a-cba0-4f9b-9e3e-e4a48b3eda51, raftlog=f535bb4a-cba0-4f9b-9e3e-e4a48b3eda51@group-7E32184879DE-SegmentedRaftLog:OPENED:c-1,f-1,i0, conf=-1: [f535bb4a-cba0-4f9b-9e3e-e4a48b3eda51:0.0.0.0:44706, 54aabb14-4a7d-4ab3-adbe-2e67760b87f4:0.0.0.0:43074, c652e2ee-3322-4406-8db6-1ea643cb3197:0.0.0.0:42129], old=null
2019-10-18 11:25:50,946 [f535bb4a-cba0-4f9b-9e3e-e4a48b3eda51@group-7E32184879DE-LeaderElection604] INFO  impl.RaftServerImpl (RaftServerImpl.java:setRole(184)) - f535bb4a-cba0-4f9b-9e3e-e4a48b3eda51@group-7E32184879DE: changes role from CANDIDATE to FOLLOWER at term 709 for DISCOVERED_A_NEW_TERM
2019-10-18 11:25:50,946 [f535bb4a-cba0-4f9b-9e3e-e4a48b3eda51@group-7E32184879DE-LeaderElection604] INFO  impl.RoleInfo (RoleInfo.java:shutdownLeaderElection(134)) - f535bb4a-cba0-4f9b-9e3e-e4a48b3eda51: shutdown LeaderElection
2019-10-18 11:25:50,946 [f535bb4a-cba0-4f9b-9e3e-e4a48b3eda51@group-7E32184879DE-LeaderElection604] INFO  impl.RoleInfo (RoleInfo.java:updateAndGet(143)) - f535bb4a-cba0-4f9b-9e3e-e4a48b3eda51: start FollowerState
2019-10-18 11:25:50,994 [Thread-4275] INFO  impl.FollowerState (FollowerState.java:run(108)) - f535bb4a-cba0-4f9b-9e3e-e4a48b3eda51@group-7E32184879DE-FollowerState: change to CANDIDATE, lastRpcTime:48ms, electionTimeout:48ms
2019-10-18 11:25:50,994 [Thread-4275] INFO  impl.RoleInfo (RoleInfo.java:shutdownFollowerState(121)) - f535bb4a-cba0-4f9b-9e3e-e4a48b3eda51: shutdown FollowerState
2019-10-18 11:25:50,994 [Thread-4275] INFO  impl.RaftServerImpl (RaftServerImpl.java:setRole(184)) - f535bb4a-cba0-4f9b-9e3e-e4a48b3eda51@group-7E32184879DE: changes role from  FOLLOWER to CANDIDATE at term 709 for changeToCandidate
2019-10-18 11:25:50,995 [Thread-4275] INFO  impl.RoleInfo (RoleInfo.java:updateAndGet(143)) - f535bb4a-cba0-4f9b-9e3e-e4a48b3eda51: start LeaderElection
2019-10-18 11:25:51,020 [f535bb4a-cba0-4f9b-9e3e-e4a48b3eda51@group-7E32184879DE-LeaderElection605] INFO  impl.LeaderElection (LeaderElection.java:askForVotes(178)) - f535bb4a-cba0-4f9b-9e3e-e4a48b3eda51@group-7E32184879DE-LeaderElection605: begin an election at term 710 for -1: [f535bb4a-cba0-4f9b-9e3e-e4a48b3eda51:0.0.0.0:44706, 54aabb14-4a7d-4ab3-adbe-2e67760b87f4:0.0.0.0:43074, c652e2ee-3322-4406-8db6-1ea643cb3197:0.0.0.0:42129], old=null
2019-10-18 11:25:51,022 [grpc-default-executor-3] INFO  impl.RaftServerImpl (RaftServerImpl.java:setRole(184)) - 54aabb14-4a7d-4ab3-adbe-2e67760b87f4@group-7E32184879DE: changes role from  FOLLOWER to FOLLOWER at term 710 for recognizeCandidate:f535bb4a-cba0-4f9b-9e3e-e4a48b3eda51
2019-10-18 11:25:51,022 [grpc-default-executor-3] INFO  impl.RoleInfo (RoleInfo.java:shutdownFollowerState(121)) - 54aabb14-4a7d-4ab3-adbe-2e67760b87f4: shutdown FollowerState
2019-10-18 11:25:51,022 [grpc-default-executor-1] INFO  impl.RaftServerImpl (RaftServerImpl.java:setRole(184)) - c652e2ee-3322-4406-8db6-1ea643cb3197@group-7E32184879DE: changes role from  FOLLOWER to FOLLOWER at term 710 for recognizeCandidate:f535bb4a-cba0-4f9b-9e3e-e4a48b3eda51
2019-10-18 11:25:51,022 [grpc-default-executor-1] INFO  impl.RoleInfo (RoleInfo.java:shutdownFollowerState(121)) - c652e2ee-3322-4406-8db6-1ea643cb3197: shutdown FollowerState
2019-10-18 11:25:51,022 [Thread-4273] INFO  impl.FollowerState (FollowerState.java:run(117)) - 54aabb14-4a7d-4ab3-adbe-2e67760b87f4@group-7E32184879DE-FollowerState was interrupted: java.lang.InterruptedException: sleep interrupted
2019-10-18 11:25:51,022 [Thread-4274] INFO  impl.FollowerState (FollowerState.java:run(117)) - c652e2ee-3322-4406-8db6-1ea643cb3197@group-7E32184879DE-FollowerState was interrupted: java.lang.InterruptedException: sleep interrupted
2019-10-18 11:25:51,022 [grpc-default-executor-3] INFO  impl.RoleInfo (RoleInfo.java:updateAndGet(143)) - 54aabb14-4a7d-4ab3-adbe-2e67760b87f4: start FollowerState
2019-10-18 11:25:51,022 [grpc-default-executor-1] INFO  impl.RoleInfo (RoleInfo.java:updateAndGet(143)) - c652e2ee-3322-4406-8db6-1ea643cb3197: start FollowerState
2019-10-18 11:25:51,046 [f535bb4a-cba0-4f9b-9e3e-e4a48b3eda51@group-7E32184879DE-LeaderElection605] INFO  impl.LeaderElection (LeaderElection.java:logAndReturn(56)) - f535bb4a-cba0-4f9b-9e3e-e4a48b3eda51@group-7E32184879DE-LeaderElection605: Election REJECTED; received 2 response(s) [f535bb4a-cba0-4f9b-9e3e-e4a48b3eda51<-54aabb14-4a7d-4ab3-adbe-2e67760b87f4#0:FAIL-t710, f535bb4a-cba0-4f9b-9e3e-e4a48b3eda51<-c652e2ee-3322-4406-8db6-1ea643cb3197#0:FAIL-t710] and 0 exception(s); f535bb4a-cba0-4f9b-9e3e-e4a48b3eda51@group-7E32184879DE:t710, leader=null, voted=f535bb4a-cba0-4f9b-9e3e-e4a48b3eda51, raftlog=f535bb4a-cba0-4f9b-9e3e-e4a48b3eda51@group-7E32184879DE-SegmentedRaftLog:OPENED:c-1,f-1,i0, conf=-1: [f535bb4a-cba0-4f9b-9e3e-e4a48b3eda51:0.0.0.0:44706, 54aabb14-4a7d-4ab3-adbe-2e67760b87f4:0.0.0.0:43074, c652e2ee-3322-4406-8db6-1ea643cb3197:0.0.0.0:42129], old=null
2019-10-18 11:25:51,046 [f535bb4a-cba0-4f9b-9e3e-e4a48b3eda51@group-7E32184879DE-LeaderElection605] INFO  impl.RaftServerImpl (RaftServerImpl.java:setRole(184)) - f535bb4a-cba0-4f9b-9e3e-e4a48b3eda51@group-7E32184879DE: changes role from CANDIDATE to FOLLOWER at term 710 for DISCOVERED_A_NEW_TERM
2019-10-18 11:25:51,046 [f535bb4a-cba0-4f9b-9e3e-e4a48b3eda51@group-7E32184879DE-LeaderElection605] INFO  impl.RoleInfo (RoleInfo.java:shutdownLeaderElection(134)) - f535bb4a-cba0-4f9b-9e3e-e4a48b3eda51: shutdown LeaderElection
2019-10-18 11:25:51,046 [f535bb4a-cba0-4f9b-9e3e-e4a48b3eda51@group-7E32184879DE-LeaderElection605] INFO  impl.RoleInfo (RoleInfo.java:updateAndGet(143)) - f535bb4a-cba0-4f9b-9e3e-e4a48b3eda51: start FollowerState
2019-10-18 11:25:51,133 [Thread-4281] INFO  impl.FollowerState (FollowerState.java:run(108)) - f535bb4a-cba0-4f9b-9e3e-e4a48b3eda51@group-7E32184879DE-FollowerState: change to CANDIDATE, lastRpcTime:86ms, electionTimeout:86ms
2019-10-18 11:25:51,133 [Thread-4281] INFO  impl.RoleInfo (RoleInfo.java:shutdownFollowerState(121)) - f535bb4a-cba0-4f9b-9e3e-e4a48b3eda51: shutdown FollowerState
2019-10-18 11:25:51,133 [Thread-4281] INFO  impl.RaftServerImpl (RaftServerImpl.java:setRole(184)) - f535bb4a-cba0-4f9b-9e3e-e4a48b3eda51@group-7E32184879DE: changes role from  FOLLOWER to CANDIDATE at term 710 for changeToCandidate
2019-10-18 11:25:51,133 [Thread-4281] INFO  impl.RoleInfo (RoleInfo.java:updateAndGet(143)) - f535bb4a-cba0-4f9b-9e3e-e4a48b3eda51: start LeaderElection
2019-10-18 11:25:51,164 [f535bb4a-cba0-4f9b-9e3e-e4a48b3eda51@group-7E32184879DE-LeaderElection606] INFO  impl.LeaderElection (LeaderElection.java:askForVotes(178)) - f535bb4a-cba0-4f9b-9e3e-e4a48b3eda51@group-7E32184879DE-LeaderElection606: begin an election at term 711 for -1: [f535bb4a-cba0-4f9b-9e3e-e4a48b3eda51:0.0.0.0:44706, 54aabb14-4a7d-4ab3-adbe-2e67760b87f4:0.0.0.0:43074, c652e2ee-3322-4406-8db6-1ea643cb3197:0.0.0.0:42129], old=null
2019-10-18 11:25:51,166 [grpc-default-executor-1] INFO  impl.RaftServerImpl (RaftServerImpl.java:setRole(184)) - 54aabb14-4a7d-4ab3-adbe-2e67760b87f4@group-7E32184879DE: changes role from  FOLLOWER to FOLLOWER at term 711 for recognizeCandidate:f535bb4a-cba0-4f9b-9e3e-e4a48b3eda51
2019-10-18 11:25:51,166 [grpc-default-executor-1] INFO  impl.RoleInfo (RoleInfo.java:shutdownFollowerState(121)) - 54aabb14-4a7d-4ab3-adbe-2e67760b87f4: shutdown FollowerState
2019-10-18 11:25:51,166 [grpc-default-executor-1] INFO  impl.RoleInfo (RoleInfo.java:updateAndGet(143)) - 54aabb14-4a7d-4ab3-adbe-2e67760b87f4: start FollowerState
2019-10-18 11:25:51,167 [grpc-default-executor-3] INFO  impl.RaftServerImpl (RaftServerImpl.java:setRole(184)) - c652e2ee-3322-4406-8db6-1ea643cb3197@group-7E32184879DE: changes role from  FOLLOWER to FOLLOWER at term 711 for recognizeCandidate:f535bb4a-cba0-4f9b-9e3e-e4a48b3eda51
2019-10-18 11:25:51,167 [grpc-default-executor-3] INFO  impl.RoleInfo (RoleInfo.java:shutdownFollowerState(121)) - c652e2ee-3322-4406-8db6-1ea643cb3197: shutdown FollowerState
2019-10-18 11:25:51,167 [Thread-4279] INFO  impl.FollowerState (FollowerState.java:run(117)) - 54aabb14-4a7d-4ab3-adbe-2e67760b87f4@group-7E32184879DE-FollowerState was interrupted: java.lang.InterruptedException: sleep interrupted
2019-10-18 11:25:51,167 [Thread-4280] INFO  impl.FollowerState (FollowerState.java:run(117)) - c652e2ee-3322-4406-8db6-1ea643cb3197@group-7E32184879DE-FollowerState was interrupted: java.lang.InterruptedException: sleep interrupted
2019-10-18 11:25:51,167 [grpc-default-executor-3] INFO  impl.RoleInfo (RoleInfo.java:updateAndGet(143)) - c652e2ee-3322-4406-8db6-1ea643cb3197: start FollowerState
2019-10-18 11:25:51,171 [f535bb4a-cba0-4f9b-9e3e-e4a48b3eda51@group-7E32184879DE-LeaderElection606] INFO  impl.LeaderElection (LeaderElection.java:logAndReturn(56)) - f535bb4a-cba0-4f9b-9e3e-e4a48b3eda51@group-7E32184879DE-LeaderElection606: Election TIMEOUT; received 0 response(s) [] and 0 exception(s); f535bb4a-cba0-4f9b-9e3e-e4a48b3eda51@group-7E32184879DE:t711, leader=null, voted=f535bb4a-cba0-4f9b-9e3e-e4a48b3eda51, raftlog=f535bb4a-cba0-4f9b-9e3e-e4a48b3eda51@group-7E32184879DE-SegmentedRaftLog:OPENED:c-1,f-1,i0, conf=-1: [f535bb4a-cba0-4f9b-9e3e-e4a48b3eda51:0.0.0.0:44706, 54aabb14-4a7d-4ab3-adbe-2e67760b87f4:0.0.0.0:43074, c652e2ee-3322-4406-8db6-1ea643cb3197:0.0.0.0:42129], old=null
2019-10-18 11:25:51,189 [f535bb4a-cba0-4f9b-9e3e-e4a48b3eda51@group-7E32184879DE-LeaderElection606] INFO  impl.LeaderElection (LeaderElection.java:askForVotes(178)) - f535bb4a-cba0-4f9b-9e3e-e4a48b3eda51@group-7E32184879DE-LeaderElection606: begin an election at term 712 for -1: [f535bb4a-cba0-4f9b-9e3e-e4a48b3eda51:0.0.0.0:44706, 54aabb14-4a7d-4ab3-adbe-2e67760b87f4:0.0.0.0:43074, c652e2ee-3322-4406-8db6-1ea643cb3197:0.0.0.0:42129], old=null
2019-10-18 11:25:51,190 [grpc-default-executor-3] INFO  impl.RaftServerImpl (RaftServerImpl.java:setRole(184)) - 54aabb14-4a7d-4ab3-adbe-2e67760b87f4@group-7E32184879DE: changes role from  FOLLOWER to FOLLOWER at term 712 for recognizeCandidate:f535bb4a-cba0-4f9b-9e3e-e4a48b3eda51
2019-10-18 11:25:51,191 [grpc-default-executor-3] INFO  impl.RoleInfo (RoleInfo.java:shutdownFollowerState(121)) - 54aabb14-4a7d-4ab3-adbe-2e67760b87f4: shutdown FollowerState
2019-10-18 11:25:51,191 [grpc-default-executor-3] INFO  impl.RoleInfo (RoleInfo.java:updateAndGet(143)) - 54aabb14-4a7d-4ab3-adbe-2e67760b87f4: start FollowerState
2019-10-18 11:25:51,191 [Thread-4285] INFO  impl.FollowerState (FollowerState.java:run(117)) - 54aabb14-4a7d-4ab3-adbe-2e67760b87f4@group-7E32184879DE-FollowerState was interrupted: java.lang.InterruptedException: sleep interrupted
2019-10-18 11:25:51,191 [grpc-default-executor-2] INFO  impl.RaftServerImpl (RaftServerImpl.java:setRole(184)) - c652e2ee-3322-4406-8db6-1ea643cb3197@group-7E32184879DE: changes role from  FOLLOWER to FOLLOWER at term 712 for recognizeCandidate:f535bb4a-cba0-4f9b-9e3e-e4a48b3eda51
2019-10-18 11:25:51,191 [grpc-default-executor-2] INFO  impl.RoleInfo (RoleInfo.java:shutdownFollowerState(121)) - c652e2ee-3322-4406-8db6-1ea643cb3197: shutdown FollowerState
2019-10-18 11:25:51,191 [grpc-default-executor-2] INFO  impl.RoleInfo (RoleInfo.java:updateAndGet(143)) - c652e2ee-3322-4406-8db6-1ea643cb3197: start FollowerState
2019-10-18 11:25:51,191 [Thread-4286] INFO  impl.FollowerState (FollowerState.java:run(117)) - c652e2ee-3322-4406-8db6-1ea643cb3197@group-7E32184879DE-FollowerState was interrupted: java.lang.InterruptedException: sleep interrupted
2019-10-18 11:25:51,215 [f535bb4a-cba0-4f9b-9e3e-e4a48b3eda51@group-7E32184879DE-LeaderElection606] INFO  impl.LeaderElection (LeaderElection.java:logAndReturn(56)) - f535bb4a-cba0-4f9b-9e3e-e4a48b3eda51@group-7E32184879DE-LeaderElection606: Election REJECTED; received 2 response(s) [f535bb4a-cba0-4f9b-9e3e-e4a48b3eda51<-54aabb14-4a7d-4ab3-adbe-2e67760b87f4#0:FAIL-t712, f535bb4a-cba0-4f9b-9e3e-e4a48b3eda51<-c652e2ee-3322-4406-8db6-1ea643cb3197#0:FAIL-t712] and 0 exception(s); f535bb4a-cba0-4f9b-9e3e-e4a48b3eda51@group-7E32184879DE:t712, leader=null, voted=f535bb4a-cba0-4f9b-9e3e-e4a48b3eda51, raftlog=f535bb4a-cba0-4f9b-9e3e-e4a48b3eda51@group-7E32184879DE-SegmentedRaftLog:OPENED:c-1,f-1,i0, conf=-1: [f535bb4a-cba0-4f9b-9e3e-e4a48b3eda51:0.0.0.0:44706, 54aabb14-4a7d-4ab3-adbe-2e67760b87f4:0.0.0.0:43074, c652e2ee-3322-4406-8db6-1ea643cb3197:0.0.0.0:42129], old=null
2019-10-18 11:25:51,215 [f535bb4a-cba0-4f9b-9e3e-e4a48b3eda51@group-7E32184879DE-LeaderElection606] INFO  impl.RaftServerImpl (RaftServerImpl.java:setRole(184)) - f535bb4a-cba0-4f9b-9e3e-e4a48b3eda51@group-7E32184879DE: changes role from CANDIDATE to FOLLOWER at term 712 for DISCOVERED_A_NEW_TERM
2019-10-18 11:25:51,215 [f535bb4a-cba0-4f9b-9e3e-e4a48b3eda51@group-7E32184879DE-LeaderElection606] INFO  impl.RoleInfo (RoleInfo.java:shutdownLeaderElection(134)) - f535bb4a-cba0-4f9b-9e3e-e4a48b3eda51: shutdown LeaderElection
2019-10-18 11:25:51,216 [f535bb4a-cba0-4f9b-9e3e-e4a48b3eda51@group-7E32184879DE-LeaderElection606] INFO  impl.RoleInfo (RoleInfo.java:updateAndGet(143)) - f535bb4a-cba0-4f9b-9e3e-e4a48b3eda51: start FollowerState
2019-10-18 11:25:51,238 [Thread-4291] INFO  impl.FollowerState (FollowerState.java:run(108)) - f535bb4a-cba0-4f9b-9e3e-e4a48b3eda51@group-7E32184879DE-FollowerState: change to CANDIDATE, lastRpcTime:22ms, electionTimeout:22ms
2019-10-18 11:25:51,238 [Thread-4291] INFO  impl.RoleInfo (RoleInfo.java:shutdownFollowerState(121)) - f535bb4a-cba0-4f9b-9e3e-e4a48b3eda51: shutdown FollowerState
2019-10-18 11:25:51,238 [Thread-4291] INFO  impl.RaftServerImpl (RaftServerImpl.java:setRole(184)) - f535bb4a-cba0-4f9b-9e3e-e4a48b3eda51@group-7E32184879DE: changes role from  FOLLOWER to CANDIDATE at term 712 for changeToCandidate
2019-10-18 11:25:51,238 [Thread-4291] INFO  impl.RoleInfo (RoleInfo.java:updateAndGet(143)) - f535bb4a-cba0-4f9b-9e3e-e4a48b3eda51: start LeaderElection
2019-10-18 11:25:51,265 [f535bb4a-cba0-4f9b-9e3e-e4a48b3eda51@group-7E32184879DE-LeaderElection607] INFO  impl.LeaderElection (LeaderElection.java:askForVotes(178)) - f535bb4a-cba0-4f9b-9e3e-e4a48b3eda51@group-7E32184879DE-LeaderElection607: begin an election at term 713 for -1: [f535bb4a-cba0-4f9b-9e3e-e4a48b3eda51:0.0.0.0:44706, 54aabb14-4a7d-4ab3-adbe-2e67760b87f4:0.0.0.0:43074, c652e2ee-3322-4406-8db6-1ea643cb3197:0.0.0.0:42129], old=null
2019-10-18 11:25:51,266 [grpc-default-executor-3] INFO  impl.RaftServerImpl (RaftServerImpl.java:setRole(184)) - 54aabb14-4a7d-4ab3-adbe-2e67760b87f4@group-7E32184879DE: changes role from  FOLLOWER to FOLLOWER at term 713 for recognizeCandidate:f535bb4a-cba0-4f9b-9e3e-e4a48b3eda51
2019-10-18 11:25:51,266 [grpc-default-executor-3] INFO  impl.RoleInfo (RoleInfo.java:shutdownFollowerState(121)) - 54aabb14-4a7d-4ab3-adbe-2e67760b87f4: shutdown FollowerState
2019-10-18 11:25:51,267 [grpc-default-executor-3] INFO  impl.RoleInfo (RoleInfo.java:updateAndGet(143)) - 54aabb14-4a7d-4ab3-adbe-2e67760b87f4: start FollowerState
2019-10-18 11:25:51,267 [Thread-4289] INFO  impl.FollowerState (FollowerState.java:run(117)) - 54aabb14-4a7d-4ab3-adbe-2e67760b87f4@group-7E32184879DE-FollowerState was interrupted: java.lang.InterruptedException: sleep interrupted
2019-10-18 11:25:51,267 [grpc-default-executor-2] INFO  impl.RaftServerImpl (RaftServerImpl.java:setRole(184)) - c652e2ee-3322-4406-8db6-1ea643cb3197@group-7E32184879DE: changes role from  FOLLOWER to FOLLOWER at term 713 for recognizeCandidate:f535bb4a-cba0-4f9b-9e3e-e4a48b3eda51
2019-10-18 11:25:51,267 [grpc-default-executor-2] INFO  impl.RoleInfo (RoleInfo.java:shutdownFollowerState(121)) - c652e2ee-3322-4406-8db6-1ea643cb3197: shutdown FollowerState
2019-10-18 11:25:51,267 [grpc-default-executor-2] INFO  impl.RoleInfo (RoleInfo.java:updateAndGet(143)) - c652e2ee-3322-4406-8db6-1ea643cb3197: start FollowerState
2019-10-18 11:25:51,267 [Thread-4290] INFO  impl.FollowerState (FollowerState.java:run(117)) - c652e2ee-3322-4406-8db6-1ea643cb3197@group-7E32184879DE-FollowerState was interrupted: java.lang.InterruptedException: sleep interrupted
2019-10-18 11:25:51,290 [f535bb4a-cba0-4f9b-9e3e-e4a48b3eda51@group-7E32184879DE-LeaderElection607] INFO  impl.LeaderElection (LeaderElection.java:logAndReturn(56)) - f535bb4a-cba0-4f9b-9e3e-e4a48b3eda51@group-7E32184879DE-LeaderElection607: Election REJECTED; received 2 response(s) [f535bb4a-cba0-4f9b-9e3e-e4a48b3eda51<-54aabb14-4a7d-4ab3-adbe-2e67760b87f4#0:FAIL-t713, f535bb4a-cba0-4f9b-9e3e-e4a48b3eda51<-c652e2ee-3322-4406-8db6-1ea643cb3197#0:FAIL-t713] and 0 exception(s); f535bb4a-cba0-4f9b-9e3e-e4a48b3eda51@group-7E32184879DE:t713, leader=null, voted=f535bb4a-cba0-4f9b-9e3e-e4a48b3eda51, raftlog=f535bb4a-cba0-4f9b-9e3e-e4a48b3eda51@group-7E32184879DE-SegmentedRaftLog:OPENED:c-1,f-1,i0, conf=-1: [f535bb4a-cba0-4f9b-9e3e-e4a48b3eda51:0.0.0.0:44706, 54aabb14-4a7d-4ab3-adbe-2e67760b87f4:0.0.0.0:43074, c652e2ee-3322-4406-8db6-1ea643cb3197:0.0.0.0:42129], old=null
2019-10-18 11:25:51,291 [f535bb4a-cba0-4f9b-9e3e-e4a48b3eda51@group-7E32184879DE-LeaderElection607] INFO  impl.RaftServerImpl (RaftServerImpl.java:setRole(184)) - f535bb4a-cba0-4f9b-9e3e-e4a48b3eda51@group-7E32184879DE: changes role from CANDIDATE to FOLLOWER at term 713 for DISCOVERED_A_NEW_TERM
2019-10-18 11:25:51,291 [f535bb4a-cba0-4f9b-9e3e-e4a48b3eda51@group-7E32184879DE-LeaderElection607] INFO  impl.RoleInfo (RoleInfo.java:shutdownLeaderElection(134)) - f535bb4a-cba0-4f9b-9e3e-e4a48b3eda51: shutdown LeaderElection
2019-10-18 11:25:51,291 [f535bb4a-cba0-4f9b-9e3e-e4a48b3eda51@group-7E32184879DE-LeaderElection607] INFO  impl.RoleInfo (RoleInfo.java:updateAndGet(143)) - f535bb4a-cba0-4f9b-9e3e-e4a48b3eda51: start FollowerState
2019-10-18 11:25:51,359 [Thread-4297] INFO  impl.FollowerState (FollowerState.java:run(108)) - f535bb4a-cba0-4f9b-9e3e-e4a48b3eda51@group-7E32184879DE-FollowerState: change to CANDIDATE, lastRpcTime:68ms, electionTimeout:68ms
2019-10-18 11:25:51,359 [Thread-4297] INFO  impl.RoleInfo (RoleInfo.java:shutdownFollowerState(121)) - f535bb4a-cba0-4f9b-9e3e-e4a48b3eda51: shutdown FollowerState
2019-10-18 11:25:51,359 [Thread-4297] INFO  impl.RaftServerImpl (RaftServerImpl.java:setRole(184)) - f535bb4a-cba0-4f9b-9e3e-e4a48b3eda51@group-7E32184879DE: changes role from  FOLLOWER to CANDIDATE at term 713 for changeToCandidate
2019-10-18 11:25:51,359 [Thread-4297] INFO  impl.RoleInfo (RoleInfo.java:updateAndGet(143)) - f535bb4a-cba0-4f9b-9e3e-e4a48b3eda51: start LeaderElection
2019-10-18 11:25:51,382 [f535bb4a-cba0-4f9b-9e3e-e4a48b3eda51@group-7E32184879DE-LeaderElection608] INFO  impl.LeaderElection (LeaderElection.java:askForVotes(178)) - f535bb4a-cba0-4f9b-9e3e-e4a48b3eda51@group-7E32184879DE-LeaderElection608: begin an election at term 714 for -1: [f535bb4a-cba0-4f9b-9e3e-e4a48b3eda51:0.0.0.0:44706, 54aabb14-4a7d-4ab3-adbe-2e67760b87f4:0.0.0.0:43074, c652e2ee-3322-4406-8db6-1ea643cb3197:0.0.0.0:42129], old=null
2019-10-18 11:25:51,386 [grpc-default-executor-3] INFO  impl.RaftServerImpl (RaftServerImpl.java:setRole(184)) - 54aabb14-4a7d-4ab3-adbe-2e67760b87f4@group-7E32184879DE: changes role from  FOLLOWER to FOLLOWER at term 714 for recognizeCandidate:f535bb4a-cba0-4f9b-9e3e-e4a48b3eda51
2019-10-18 11:25:51,386 [grpc-default-executor-3] INFO  impl.RoleInfo (RoleInfo.java:shutdownFollowerState(121)) - 54aabb14-4a7d-4ab3-adbe-2e67760b87f4: shutdown FollowerState
2019-10-18 11:25:51,386 [grpc-default-executor-2] INFO  impl.RaftServerImpl (RaftServerImpl.java:setRole(184)) - c652e2ee-3322-4406-8db6-1ea643cb3197@group-7E32184879DE: changes role from  FOLLOWER to FOLLOWER at term 714 for recognizeCandidate:f535bb4a-cba0-4f9b-9e3e-e4a48b3eda51
2019-10-18 11:25:51,387 [grpc-default-executor-2] INFO  impl.RoleInfo (RoleInfo.java:shutdownFollowerState(121)) - c652e2ee-3322-4406-8db6-1ea643cb3197: shutdown FollowerState
2019-10-18 11:25:51,387 [Thread-4295] INFO  impl.FollowerState (FollowerState.java:run(117)) - 54aabb14-4a7d-4ab3-adbe-2e67760b87f4@group-7E32184879DE-FollowerState was interrupted: java.lang.InterruptedException: sleep interrupted
2019-10-18 11:25:51,387 [Thread-4296] INFO  impl.FollowerState (FollowerState.java:run(117)) - c652e2ee-3322-4406-8db6-1ea643cb3197@group-7E32184879DE-FollowerState was interrupted: java.lang.InterruptedException: sleep interrupted
2019-10-18 11:25:51,387 [grpc-default-executor-3] INFO  impl.RoleInfo (RoleInfo.java:updateAndGet(143)) - 54aabb14-4a7d-4ab3-adbe-2e67760b87f4: start FollowerState
2019-10-18 11:25:51,387 [grpc-default-executor-2] INFO  impl.RoleInfo (RoleInfo.java:updateAndGet(143)) - c652e2ee-3322-4406-8db6-1ea643cb3197: start FollowerState
2019-10-18 11:25:51,410 [f535bb4a-cba0-4f9b-9e3e-e4a48b3eda51@group-7E32184879DE-LeaderElection608] INFO  impl.LeaderElection (LeaderElection.java:logAndReturn(56)) - f535bb4a-cba0-4f9b-9e3e-e4a48b3eda51@group-7E32184879DE-LeaderElection608: Election TIMEOUT; received 0 response(s) [] and 0 exception(s); f535bb4a-cba0-4f9b-9e3e-e4a48b3eda51@group-7E32184879DE:t714, leader=null, voted=f535bb4a-cba0-4f9b-9e3e-e4a48b3eda51, raftlog=f535bb4a-cba0-4f9b-9e3e-e4a48b3eda51@group-7E32184879DE-SegmentedRaftLog:OPENED:c-1,f-1,i0, conf=-1: [f535bb4a-cba0-4f9b-9e3e-e4a48b3eda51:0.0.0.0:44706, 54aabb14-4a7d-4ab3-adbe-2e67760b87f4:0.0.0.0:43074, c652e2ee-3322-4406-8db6-1ea643cb3197:0.0.0.0:42129], old=null
2019-10-18 11:25:51,433 [f535bb4a-cba0-4f9b-9e3e-e4a48b3eda51@group-7E32184879DE-LeaderElection608] INFO  impl.LeaderElection (LeaderElection.java:askForVotes(178)) - f535bb4a-cba0-4f9b-9e3e-e4a48b3eda51@group-7E32184879DE-LeaderElection608: begin an election at term 715 for -1: [f535bb4a-cba0-4f9b-9e3e-e4a48b3eda51:0.0.0.0:44706, 54aabb14-4a7d-4ab3-adbe-2e67760b87f4:0.0.0.0:43074, c652e2ee-3322-4406-8db6-1ea643cb3197:0.0.0.0:42129], old=null
2019-10-18 11:25:51,434 [grpc-default-executor-3] INFO  impl.RaftServerImpl (RaftServerImpl.java:setRole(184)) - 54aabb14-4a7d-4ab3-adbe-2e67760b87f4@group-7E32184879DE: changes role from  FOLLOWER to FOLLOWER at term 715 for recognizeCandidate:f535bb4a-cba0-4f9b-9e3e-e4a48b3eda51
2019-10-18 11:25:51,434 [grpc-default-executor-3] INFO  impl.RoleInfo (RoleInfo.java:shutdownFollowerState(121)) - 54aabb14-4a7d-4ab3-adbe-2e67760b87f4: shutdown FollowerState
2019-10-18 11:25:51,435 [grpc-default-executor-2] INFO  impl.RaftServerImpl (RaftServerImpl.java:setRole(184)) - c652e2ee-3322-4406-8db6-1ea643cb3197@group-7E32184879DE: changes role from  FOLLOWER to FOLLOWER at term 715 for recognizeCandidate:f535bb4a-cba0-4f9b-9e3e-e4a48b3eda51
2019-10-18 11:25:51,435 [Thread-4301] INFO  impl.FollowerState (FollowerState.java:run(117)) - 54aabb14-4a7d-4ab3-adbe-2e67760b87f4@group-7E32184879DE-FollowerState was interrupted: java.lang.InterruptedException: sleep interrupted
2019-10-18 11:25:51,435 [grpc-default-executor-3] INFO  impl.RoleInfo (RoleInfo.java:updateAndGet(143)) - 54aabb14-4a7d-4ab3-adbe-2e67760b87f4: start FollowerState
2019-10-18 11:25:51,435 [grpc-default-executor-2] INFO  impl.RoleInfo (RoleInfo.java:shutdownFollowerState(121)) - c652e2ee-3322-4406-8db6-1ea643cb3197: shutdown FollowerState
2019-10-18 11:25:51,435 [grpc-default-executor-2] INFO  impl.RoleInfo (RoleInfo.java:updateAndGet(143)) - c652e2ee-3322-4406-8db6-1ea643cb3197: start FollowerState
2019-10-18 11:25:51,435 [Thread-4302] INFO  impl.FollowerState (FollowerState.java:run(117)) - c652e2ee-3322-4406-8db6-1ea643cb3197@group-7E32184879DE-FollowerState was interrupted: java.lang.InterruptedException: sleep interrupted
2019-10-18 11:25:51,459 [f535bb4a-cba0-4f9b-9e3e-e4a48b3eda51@group-7E32184879DE-LeaderElection608] INFO  impl.LeaderElection (LeaderElection.java:logAndReturn(56)) - f535bb4a-cba0-4f9b-9e3e-e4a48b3eda51@group-7E32184879DE-LeaderElection608: Election REJECTED; received 2 response(s) [f535bb4a-cba0-4f9b-9e3e-e4a48b3eda51<-54aabb14-4a7d-4ab3-adbe-2e67760b87f4#0:FAIL-t715, f535bb4a-cba0-4f9b-9e3e-e4a48b3eda51<-c652e2ee-3322-4406-8db6-1ea643cb3197#0:FAIL-t715] and 0 exception(s); f535bb4a-cba0-4f9b-9e3e-e4a48b3eda51@group-7E32184879DE:t715, leader=null, voted=f535bb4a-cba0-4f9b-9e3e-e4a48b3eda51, raftlog=f535bb4a-cba0-4f9b-9e3e-e4a48b3eda51@group-7E32184879DE-SegmentedRaftLog:OPENED:c-1,f-1,i0, conf=-1: [f535bb4a-cba0-4f9b-9e3e-e4a48b3eda51:0.0.0.0:44706, 54aabb14-4a7d-4ab3-adbe-2e67760b87f4:0.0.0.0:43074, c652e2ee-3322-4406-8db6-1ea643cb3197:0.0.0.0:42129], old=null
2019-10-18 11:25:51,459 [f535bb4a-cba0-4f9b-9e3e-e4a48b3eda51@group-7E32184879DE-LeaderElection608] INFO  impl.RaftServerImpl (RaftServerImpl.java:setRole(184)) - f535bb4a-cba0-4f9b-9e3e-e4a48b3eda51@group-7E32184879DE: changes role from CANDIDATE to FOLLOWER at term 715 for DISCOVERED_A_NEW_TERM
2019-10-18 11:25:51,459 [f535bb4a-cba0-4f9b-9e3e-e4a48b3eda51@group-7E32184879DE-LeaderElection608] INFO  impl.RoleInfo (RoleInfo.java:shutdownLeaderElection(134)) - f535bb4a-cba0-4f9b-9e3e-e4a48b3eda51: shutdown LeaderElection
2019-10-18 11:25:51,459 [f535bb4a-cba0-4f9b-9e3e-e4a48b3eda51@group-7E32184879DE-LeaderElection608] INFO  impl.RoleInfo (RoleInfo.java:updateAndGet(143)) - f535bb4a-cba0-4f9b-9e3e-e4a48b3eda51: start FollowerState
2019-10-18 11:25:51,624 [Thread-4307] INFO  impl.FollowerState (FollowerState.java:run(108)) - f535bb4a-cba0-4f9b-9e3e-e4a48b3eda51@group-7E32184879DE-FollowerState: change to CANDIDATE, lastRpcTime:165ms, electionTimeout:165ms
2019-10-18 11:25:51,624 [Thread-4307] INFO  impl.RoleInfo (RoleInfo.java:shutdownFollowerState(121)) - f535bb4a-cba0-4f9b-9e3e-e4a48b3eda51: shutdown FollowerState
2019-10-18 11:25:51,625 [Thread-4307] INFO  impl.RaftServerImpl (RaftServerImpl.java:setRole(184)) - f535bb4a-cba0-4f9b-9e3e-e4a48b3eda51@group-7E32184879DE: changes role from  FOLLOWER to CANDIDATE at term 715 for changeToCandidate
2019-10-18 11:25:51,625 [Thread-4307] INFO  impl.RoleInfo (RoleInfo.java:updateAndGet(143)) - f535bb4a-cba0-4f9b-9e3e-e4a48b3eda51: start LeaderElection
2019-10-18 11:25:51,650 [f535bb4a-cba0-4f9b-9e3e-e4a48b3eda51@group-7E32184879DE-LeaderElection609] INFO  impl.LeaderElection (LeaderElection.java:askForVotes(178)) - f535bb4a-cba0-4f9b-9e3e-e4a48b3eda51@group-7E32184879DE-LeaderElection609: begin an election at term 716 for -1: [f535bb4a-cba0-4f9b-9e3e-e4a48b3eda51:0.0.0.0:44706, 54aabb14-4a7d-4ab3-adbe-2e67760b87f4:0.0.0.0:43074, c652e2ee-3322-4406-8db6-1ea643cb3197:0.0.0.0:42129], old=null
2019-10-18 11:25:51,652 [grpc-default-executor-2] INFO  impl.RaftServerImpl (RaftServerImpl.java:setRole(184)) - 54aabb14-4a7d-4ab3-adbe-2e67760b87f4@group-7E32184879DE: changes role from  FOLLOWER to FOLLOWER at term 716 for recognizeCandidate:f535bb4a-cba0-4f9b-9e3e-e4a48b3eda51
2019-10-18 11:25:51,652 [grpc-default-executor-2] INFO  impl.RoleInfo (RoleInfo.java:shutdownFollowerState(121)) - 54aabb14-4a7d-4ab3-adbe-2e67760b87f4: shutdown FollowerState
2019-10-18 11:25:51,652 [grpc-default-executor-2] INFO  impl.RoleInfo (RoleInfo.java:updateAndGet(143)) - 54aabb14-4a7d-4ab3-adbe-2e67760b87f4: start FollowerState
2019-10-18 11:25:51,652 [Thread-4305] INFO  impl.FollowerState (FollowerState.java:run(117)) - 54aabb14-4a7d-4ab3-adbe-2e67760b87f4@group-7E32184879DE-FollowerState was interrupted: java.lang.InterruptedException: sleep interrupted
2019-10-18 11:25:51,652 [grpc-default-executor-3] INFO  impl.RaftServerImpl (RaftServerImpl.java:setRole(184)) - c652e2ee-3322-4406-8db6-1ea643cb3197@group-7E32184879DE: changes role from  FOLLOWER to FOLLOWER at term 716 for recognizeCandidate:f535bb4a-cba0-4f9b-9e3e-e4a48b3eda51
2019-10-18 11:25:51,653 [grpc-default-executor-3] INFO  impl.RoleInfo (RoleInfo.java:shutdownFollowerState(121)) - c652e2ee-3322-4406-8db6-1ea643cb3197: shutdown FollowerState
2019-10-18 11:25:51,653 [grpc-default-executor-3] INFO  impl.RoleInfo (RoleInfo.java:updateAndGet(143)) - c652e2ee-3322-4406-8db6-1ea643cb3197: start FollowerState
2019-10-18 11:25:51,653 [Thread-4306] INFO  impl.FollowerState (FollowerState.java:run(117)) - c652e2ee-3322-4406-8db6-1ea643cb3197@group-7E32184879DE-FollowerState was interrupted: java.lang.InterruptedException: sleep interrupted
2019-10-18 11:25:51,676 [f535bb4a-cba0-4f9b-9e3e-e4a48b3eda51@group-7E32184879DE-LeaderElection609] INFO  impl.LeaderElection (LeaderElection.java:logAndReturn(56)) - f535bb4a-cba0-4f9b-9e3e-e4a48b3eda51@group-7E32184879DE-LeaderElection609: Election REJECTED; received 2 response(s) [f535bb4a-cba0-4f9b-9e3e-e4a48b3eda51<-54aabb14-4a7d-4ab3-adbe-2e67760b87f4#0:FAIL-t716, f535bb4a-cba0-4f9b-9e3e-e4a48b3eda51<-c652e2ee-3322-4406-8db6-1ea643cb3197#0:FAIL-t716] and 0 exception(s); f535bb4a-cba0-4f9b-9e3e-e4a48b3eda51@group-7E32184879DE:t716, leader=null, voted=f535bb4a-cba0-4f9b-9e3e-e4a48b3eda51, raftlog=f535bb4a-cba0-4f9b-9e3e-e4a48b3eda51@group-7E32184879DE-SegmentedRaftLog:OPENED:c-1,f-1,i0, conf=-1: [f535bb4a-cba0-4f9b-9e3e-e4a48b3eda51:0.0.0.0:44706, 54aabb14-4a7d-4ab3-adbe-2e67760b87f4:0.0.0.0:43074, c652e2ee-3322-4406-8db6-1ea643cb3197:0.0.0.0:42129], old=null
2019-10-18 11:25:51,676 [f535bb4a-cba0-4f9b-9e3e-e4a48b3eda51@group-7E32184879DE-LeaderElection609] INFO  impl.RaftServerImpl (RaftServerImpl.java:setRole(184)) - f535bb4a-cba0-4f9b-9e3e-e4a48b3eda51@group-7E32184879DE: changes role from CANDIDATE to FOLLOWER at term 716 for DISCOVERED_A_NEW_TERM
2019-10-18 11:25:51,677 [f535bb4a-cba0-4f9b-9e3e-e4a48b3eda51@group-7E32184879DE-LeaderElection609] INFO  impl.RoleInfo (RoleInfo.java:shutdownLeaderElection(134)) - f535bb4a-cba0-4f9b-9e3e-e4a48b3eda51: shutdown LeaderElection
2019-10-18 11:25:51,677 [f535bb4a-cba0-4f9b-9e3e-e4a48b3eda51@group-7E32184879DE-LeaderElection609] INFO  impl.RoleInfo (RoleInfo.java:updateAndGet(143)) - f535bb4a-cba0-4f9b-9e3e-e4a48b3eda51: start FollowerState
2019-10-18 11:25:51,714 [Thread-4313] INFO  impl.FollowerState (FollowerState.java:run(108)) - f535bb4a-cba0-4f9b-9e3e-e4a48b3eda51@group-7E32184879DE-FollowerState: change to CANDIDATE, lastRpcTime:37ms, electionTimeout:37ms
2019-10-18 11:25:51,714 [Thread-4313] INFO  impl.RoleInfo (RoleInfo.java:shutdownFollowerState(121)) - f535bb4a-cba0-4f9b-9e3e-e4a48b3eda51: shutdown FollowerState
2019-10-18 11:25:51,714 [Thread-4313] INFO  impl.RaftServerImpl (RaftServerImpl.java:setRole(184)) - f535bb4a-cba0-4f9b-9e3e-e4a48b3eda51@group-7E32184879DE: changes role from  FOLLOWER to CANDIDATE at term 716 for changeToCandidate
2019-10-18 11:25:51,715 [Thread-4313] INFO  impl.RoleInfo (RoleInfo.java:updateAndGet(143)) - f535bb4a-cba0-4f9b-9e3e-e4a48b3eda51: start LeaderElection
2019-10-18 11:25:51,743 [f535bb4a-cba0-4f9b-9e3e-e4a48b3eda51@group-7E32184879DE-LeaderElection610] INFO  impl.LeaderElection (LeaderElection.java:askForVotes(178)) - f535bb4a-cba0-4f9b-9e3e-e4a48b3eda51@group-7E32184879DE-LeaderElection610: begin an election at term 717 for -1: [f535bb4a-cba0-4f9b-9e3e-e4a48b3eda51:0.0.0.0:44706, 54aabb14-4a7d-4ab3-adbe-2e67760b87f4:0.0.0.0:43074, c652e2ee-3322-4406-8db6-1ea643cb3197:0.0.0.0:42129], old=null
2019-10-18 11:25:51,745 [grpc-default-executor-3] INFO  impl.RaftServerImpl (RaftServerImpl.java:setRole(184)) - 54aabb14-4a7d-4ab3-adbe-2e67760b87f4@group-7E32184879DE: changes role from  FOLLOWER to FOLLOWER at term 717 for recognizeCandidate:f535bb4a-cba0-4f9b-9e3e-e4a48b3eda51
2019-10-18 11:25:51,745 [grpc-default-executor-3] INFO  impl.RoleInfo (RoleInfo.java:shutdownFollowerState(121)) - 54aabb14-4a7d-4ab3-adbe-2e67760b87f4: shutdown FollowerState
2019-10-18 11:25:51,745 [grpc-default-executor-1] INFO  impl.RaftServerImpl (RaftServerImpl.java:setRole(184)) - c652e2ee-3322-4406-8db6-1ea643cb3197@group-7E32184879DE: changes role from  FOLLOWER to FOLLOWER at term 717 for recognizeCandidate:f535bb4a-cba0-4f9b-9e3e-e4a48b3eda51
2019-10-18 11:25:51,746 [grpc-default-executor-3] INFO  impl.RoleInfo (RoleInfo.java:updateAndGet(143)) - 54aabb14-4a7d-4ab3-adbe-2e67760b87f4: start FollowerState
2019-10-18 11:25:51,746 [Thread-4311] INFO  impl.FollowerState (FollowerState.java:run(117)) - 54aabb14-4a7d-4ab3-adbe-2e67760b87f4@group-7E32184879DE-FollowerState was interrupted: java.lang.InterruptedException: sleep interrupted
2019-10-18 11:25:51,746 [grpc-default-executor-1] INFO  impl.RoleInfo (RoleInfo.java:shutdownFollowerState(121)) - c652e2ee-3322-4406-8db6-1ea643cb3197: shutdown FollowerState
2019-10-18 11:25:51,746 [grpc-default-executor-1] INFO  impl.RoleInfo (RoleInfo.java:updateAndGet(143)) - c652e2ee-3322-4406-8db6-1ea643cb3197: start FollowerState
2019-10-18 11:25:51,746 [Thread-4312] INFO  impl.FollowerState (FollowerState.java:run(117)) - c652e2ee-3322-4406-8db6-1ea643cb3197@group-7E32184879DE-FollowerState was interrupted: java.lang.InterruptedException: sleep interrupted
2019-10-18 11:25:51,769 [f535bb4a-cba0-4f9b-9e3e-e4a48b3eda51@group-7E32184879DE-LeaderElection610] INFO  impl.LeaderElection (LeaderElection.java:logAndReturn(56)) - f535bb4a-cba0-4f9b-9e3e-e4a48b3eda51@group-7E32184879DE-LeaderElection610: Election REJECTED; received 2 response(s) [f535bb4a-cba0-4f9b-9e3e-e4a48b3eda51<-54aabb14-4a7d-4ab3-adbe-2e67760b87f4#0:FAIL-t717, f535bb4a-cba0-4f9b-9e3e-e4a48b3eda51<-c652e2ee-3322-4406-8db6-1ea643cb3197#0:FAIL-t717] and 0 exception(s); f535bb4a-cba0-4f9b-9e3e-e4a48b3eda51@group-7E32184879DE:t717, leader=null, voted=f535bb4a-cba0-4f9b-9e3e-e4a48b3eda51, raftlog=f535bb4a-cba0-4f9b-9e3e-e4a48b3eda51@group-7E32184879DE-SegmentedRaftLog:OPENED:c-1,f-1,i0, conf=-1: [f535bb4a-cba0-4f9b-9e3e-e4a48b3eda51:0.0.0.0:44706, 54aabb14-4a7d-4ab3-adbe-2e67760b87f4:0.0.0.0:43074, c652e2ee-3322-4406-8db6-1ea643cb3197:0.0.0.0:42129], old=null
2019-10-18 11:25:51,769 [f535bb4a-cba0-4f9b-9e3e-e4a48b3eda51@group-7E32184879DE-LeaderElection610] INFO  impl.RaftServerImpl (RaftServerImpl.java:setRole(184)) - f535bb4a-cba0-4f9b-9e3e-e4a48b3eda51@group-7E32184879DE: changes role from CANDIDATE to FOLLOWER at term 717 for DISCOVERED_A_NEW_TERM
2019-10-18 11:25:51,769 [f535bb4a-cba0-4f9b-9e3e-e4a48b3eda51@group-7E32184879DE-LeaderElection610] INFO  impl.RoleInfo (RoleInfo.java:shutdownLeaderElection(134)) - f535bb4a-cba0-4f9b-9e3e-e4a48b3eda51: shutdown LeaderElection
2019-10-18 11:25:51,769 [f535bb4a-cba0-4f9b-9e3e-e4a48b3eda51@group-7E32184879DE-LeaderElection610] INFO  impl.RoleInfo (RoleInfo.java:updateAndGet(143)) - f535bb4a-cba0-4f9b-9e3e-e4a48b3eda51: start FollowerState
2019-10-18 11:25:51,925 [Thread-4321] INFO  impl.FollowerState (FollowerState.java:run(108)) - f535bb4a-cba0-4f9b-9e3e-e4a48b3eda51@group-7E32184879DE-FollowerState: change to CANDIDATE, lastRpcTime:156ms, electionTimeout:156ms
2019-10-18 11:25:51,926 [Thread-4321] INFO  impl.RoleInfo (RoleInfo.java:shutdownFollowerState(121)) - f535bb4a-cba0-4f9b-9e3e-e4a48b3eda51: shutdown FollowerState
2019-10-18 11:25:51,926 [Thread-4321] INFO  impl.RaftServerImpl (RaftServerImpl.java:setRole(184)) - f535bb4a-cba0-4f9b-9e3e-e4a48b3eda51@group-7E32184879DE: changes role from  FOLLOWER to CANDIDATE at term 717 for changeToCandidate
2019-10-18 11:25:51,926 [Thread-4321] INFO  impl.RoleInfo (RoleInfo.java:updateAndGet(143)) - f535bb4a-cba0-4f9b-9e3e-e4a48b3eda51: start LeaderElection
2019-10-18 11:25:51,952 [f535bb4a-cba0-4f9b-9e3e-e4a48b3eda51@group-7E32184879DE-LeaderElection611] INFO  impl.LeaderElection (LeaderElection.java:askForVotes(178)) - f535bb4a-cba0-4f9b-9e3e-e4a48b3eda51@group-7E32184879DE-LeaderElection611: begin an election at term 718 for -1: [f535bb4a-cba0-4f9b-9e3e-e4a48b3eda51:0.0.0.0:44706, 54aabb14-4a7d-4ab3-adbe-2e67760b87f4:0.0.0.0:43074, c652e2ee-3322-4406-8db6-1ea643cb3197:0.0.0.0:42129], old=null
2019-10-18 11:25:51,954 [grpc-default-executor-3] INFO  impl.RaftServerImpl (RaftServerImpl.java:setRole(184)) - c652e2ee-3322-4406-8db6-1ea643cb3197@group-7E32184879DE: changes role from  FOLLOWER to FOLLOWER at term 718 for recognizeCandidate:f535bb4a-cba0-4f9b-9e3e-e4a48b3eda51
2019-10-18 11:25:51,954 [grpc-default-executor-1] INFO  impl.RaftServerImpl (RaftServerImpl.java:setRole(184)) - 54aabb14-4a7d-4ab3-adbe-2e67760b87f4@group-7E32184879DE: changes role from  FOLLOWER to FOLLOWER at term 718 for recognizeCandidate:f535bb4a-cba0-4f9b-9e3e-e4a48b3eda51
2019-10-18 11:25:51,954 [grpc-default-executor-3] INFO  impl.RoleInfo (RoleInfo.java:shutdownFollowerState(121)) - c652e2ee-3322-4406-8db6-1ea643cb3197: shutdown FollowerState
2019-10-18 11:25:51,954 [grpc-default-executor-1] INFO  impl.RoleInfo (RoleInfo.java:shutdownFollowerState(121)) - 54aabb14-4a7d-4ab3-adbe-2e67760b87f4: shutdown FollowerState
2019-10-18 11:25:51,954 [Thread-4319] INFO  impl.FollowerState (FollowerState.java:run(117)) - c652e2ee-3322-4406-8db6-1ea643cb3197@group-7E32184879DE-FollowerState was interrupted: java.lang.InterruptedException: sleep interrupted
2019-10-18 11:25:51,954 [Thread-4318] INFO  impl.FollowerState (FollowerState.java:run(117)) - 54aabb14-4a7d-4ab3-adbe-2e67760b87f4@group-7E32184879DE-FollowerState was interrupted: java.lang.InterruptedException: sleep interrupted
2019-10-18 11:25:51,954 [grpc-default-executor-3] INFO  impl.RoleInfo (RoleInfo.java:updateAndGet(143)) - c652e2ee-3322-4406-8db6-1ea643cb3197: start FollowerState
2019-10-18 11:25:51,954 [grpc-default-executor-1] INFO  impl.RoleInfo (RoleInfo.java:updateAndGet(143)) - 54aabb14-4a7d-4ab3-adbe-2e67760b87f4: start FollowerState
2019-10-18 11:25:51,978 [f535bb4a-cba0-4f9b-9e3e-e4a48b3eda51@group-7E32184879DE-LeaderElection611] INFO  impl.LeaderElection (LeaderElection.java:logAndReturn(56)) - f535bb4a-cba0-4f9b-9e3e-e4a48b3eda51@group-7E32184879DE-LeaderElection611: Election REJECTED; received 2 response(s) [f535bb4a-cba0-4f9b-9e3e-e4a48b3eda51<-54aabb14-4a7d-4ab3-adbe-2e67760b87f4#0:FAIL-t718, f535bb4a-cba0-4f9b-9e3e-e4a48b3eda51<-c652e2ee-3322-4406-8db6-1ea643cb3197#0:FAIL-t718] and 0 exception(s); f535bb4a-cba0-4f9b-9e3e-e4a48b3eda51@group-7E32184879DE:t718, leader=null, voted=f535bb4a-cba0-4f9b-9e3e-e4a48b3eda51, raftlog=f535bb4a-cba0-4f9b-9e3e-e4a48b3eda51@group-7E32184879DE-SegmentedRaftLog:OPENED:c-1,f-1,i0, conf=-1: [f535bb4a-cba0-4f9b-9e3e-e4a48b3eda51:0.0.0.0:44706, 54aabb14-4a7d-4ab3-adbe-2e67760b87f4:0.0.0.0:43074, c652e2ee-3322-4406-8db6-1ea643cb3197:0.0.0.0:42129], old=null
2019-10-18 11:25:51,978 [f535bb4a-cba0-4f9b-9e3e-e4a48b3eda51@group-7E32184879DE-LeaderElection611] INFO  impl.RaftServerImpl (RaftServerImpl.java:setRole(184)) - f535bb4a-cba0-4f9b-9e3e-e4a48b3eda51@group-7E32184879DE: changes role from CANDIDATE to FOLLOWER at term 718 for DISCOVERED_A_NEW_TERM
2019-10-18 11:25:51,978 [f535bb4a-cba0-4f9b-9e3e-e4a48b3eda51@group-7E32184879DE-LeaderElection611] INFO  impl.RoleInfo (RoleInfo.java:shutdownLeaderElection(134)) - f535bb4a-cba0-4f9b-9e3e-e4a48b3eda51: shutdown LeaderElection
2019-10-18 11:25:51,978 [f535bb4a-cba0-4f9b-9e3e-e4a48b3eda51@group-7E32184879DE-LeaderElection611] INFO  impl.RoleInfo (RoleInfo.java:updateAndGet(143)) - f535bb4a-cba0-4f9b-9e3e-e4a48b3eda51: start FollowerState
2019-10-18 11:25:51,998 [Thread-4327] INFO  impl.FollowerState (FollowerState.java:run(108)) - f535bb4a-cba0-4f9b-9e3e-e4a48b3eda51@group-7E32184879DE-FollowerState: change to CANDIDATE, lastRpcTime:20ms, electionTimeout:20ms
2019-10-18 11:25:51,999 [Thread-4327] INFO  impl.RoleInfo (RoleInfo.java:shutdownFollowerState(121)) - f535bb4a-cba0-4f9b-9e3e-e4a48b3eda51: shutdown FollowerState
2019-10-18 11:25:51,999 [Thread-4327] INFO  impl.RaftServerImpl (RaftServerImpl.java:setRole(184)) - f535bb4a-cba0-4f9b-9e3e-e4a48b3eda51@group-7E32184879DE: changes role from  FOLLOWER to CANDIDATE at term 718 for changeToCandidate
2019-10-18 11:25:51,999 [Thread-4327] INFO  impl.RoleInfo (RoleInfo.java:updateAndGet(143)) - f535bb4a-cba0-4f9b-9e3e-e4a48b3eda51: start LeaderElection
2019-10-18 11:25:52,027 [f535bb4a-cba0-4f9b-9e3e-e4a48b3eda51@group-7E32184879DE-LeaderElection612] INFO  impl.LeaderElection (LeaderElection.java:askForVotes(178)) - f535bb4a-cba0-4f9b-9e3e-e4a48b3eda51@group-7E32184879DE-LeaderElection612: begin an election at term 719 for -1: [f535bb4a-cba0-4f9b-9e3e-e4a48b3eda51:0.0.0.0:44706, 54aabb14-4a7d-4ab3-adbe-2e67760b87f4:0.0.0.0:43074, c652e2ee-3322-4406-8db6-1ea643cb3197:0.0.0.0:42129], old=null
2019-10-18 11:25:52,028 [f535bb4a-cba0-4f9b-9e3e-e4a48b3eda51@group-7E32184879DE-LeaderElection612] INFO  impl.LeaderElection (LeaderElection.java:logAndReturn(56)) - f535bb4a-cba0-4f9b-9e3e-e4a48b3eda51@group-7E32184879DE-LeaderElection612: Election TIMEOUT; received 0 response(s) [] and 0 exception(s); f535bb4a-cba0-4f9b-9e3e-e4a48b3eda51@group-7E32184879DE:t719, leader=null, voted=f535bb4a-cba0-4f9b-9e3e-e4a48b3eda51, raftlog=f535bb4a-cba0-4f9b-9e3e-e4a48b3eda51@group-7E32184879DE-SegmentedRaftLog:OPENED:c-1,f-1,i0, conf=-1: [f535bb4a-cba0-4f9b-9e3e-e4a48b3eda51:0.0.0.0:44706, 54aabb14-4a7d-4ab3-adbe-2e67760b87f4:0.0.0.0:43074, c652e2ee-3322-4406-8db6-1ea643cb3197:0.0.0.0:42129], old=null
2019-10-18 11:25:52,029 [grpc-default-executor-3] INFO  impl.RaftServerImpl (RaftServerImpl.java:setRole(184)) - c652e2ee-3322-4406-8db6-1ea643cb3197@group-7E32184879DE: changes role from  FOLLOWER to FOLLOWER at term 719 for recognizeCandidate:f535bb4a-cba0-4f9b-9e3e-e4a48b3eda51
2019-10-18 11:25:52,029 [grpc-default-executor-3] INFO  impl.RoleInfo (RoleInfo.java:shutdownFollowerState(121)) - c652e2ee-3322-4406-8db6-1ea643cb3197: shutdown FollowerState
2019-10-18 11:25:52,029 [grpc-default-executor-3] INFO  impl.RoleInfo (RoleInfo.java:updateAndGet(143)) - c652e2ee-3322-4406-8db6-1ea643cb3197: start FollowerState
2019-10-18 11:25:52,030 [Thread-4325] INFO  impl.FollowerState (FollowerState.java:run(117)) - c652e2ee-3322-4406-8db6-1ea643cb3197@group-7E32184879DE-FollowerState was interrupted: java.lang.InterruptedException: sleep interrupted
2019-10-18 11:25:52,029 [grpc-default-executor-1] INFO  impl.RaftServerImpl (RaftServerImpl.java:setRole(184)) - 54aabb14-4a7d-4ab3-adbe-2e67760b87f4@group-7E32184879DE: changes role from  FOLLOWER to FOLLOWER at term 719 for recognizeCandidate:f535bb4a-cba0-4f9b-9e3e-e4a48b3eda51
2019-10-18 11:25:52,030 [grpc-default-executor-1] INFO  impl.RoleInfo (RoleInfo.java:shutdownFollowerState(121)) - 54aabb14-4a7d-4ab3-adbe-2e67760b87f4: shutdown FollowerState
2019-10-18 11:25:52,030 [grpc-default-executor-1] INFO  impl.RoleInfo (RoleInfo.java:updateAndGet(143)) - 54aabb14-4a7d-4ab3-adbe-2e67760b87f4: start FollowerState
2019-10-18 11:25:52,030 [Thread-4326] INFO  impl.FollowerState (FollowerState.java:run(117)) - 54aabb14-4a7d-4ab3-adbe-2e67760b87f4@group-7E32184879DE-FollowerState was interrupted: java.lang.InterruptedException: sleep interrupted
2019-10-18 11:25:52,053 [f535bb4a-cba0-4f9b-9e3e-e4a48b3eda51@group-7E32184879DE-LeaderElection612] INFO  impl.LeaderElection (LeaderElection.java:askForVotes(178)) - f535bb4a-cba0-4f9b-9e3e-e4a48b3eda51@group-7E32184879DE-LeaderElection612: begin an election at term 720 for -1: [f535bb4a-cba0-4f9b-9e3e-e4a48b3eda51:0.0.0.0:44706, 54aabb14-4a7d-4ab3-adbe-2e67760b87f4:0.0.0.0:43074, c652e2ee-3322-4406-8db6-1ea643cb3197:0.0.0.0:42129], old=null
2019-10-18 11:25:52,054 [grpc-default-executor-3] INFO  impl.RaftServerImpl (RaftServerImpl.java:setRole(184)) - 54aabb14-4a7d-4ab3-adbe-2e67760b87f4@group-7E32184879DE: changes role from  FOLLOWER to FOLLOWER at term 720 for recognizeCandidate:f535bb4a-cba0-4f9b-9e3e-e4a48b3eda51
2019-10-18 11:25:52,054 [grpc-default-executor-3] INFO  impl.RoleInfo (RoleInfo.java:shutdownFollowerState(121)) - 54aabb14-4a7d-4ab3-adbe-2e67760b87f4: shutdown FollowerState
2019-10-18 11:25:52,054 [grpc-default-executor-3] INFO  impl.RoleInfo (RoleInfo.java:updateAndGet(143)) - 54aabb14-4a7d-4ab3-adbe-2e67760b87f4: start FollowerState
2019-10-18 11:25:52,054 [grpc-default-executor-1] INFO  impl.RaftServerImpl (RaftServerImpl.java:setRole(184)) - c652e2ee-3322-4406-8db6-1ea643cb3197@group-7E32184879DE: changes role from  FOLLOWER to FOLLOWER at term 720 for recognizeCandidate:f535bb4a-cba0-4f9b-9e3e-e4a48b3eda51
2019-10-18 11:25:52,054 [grpc-default-executor-1] INFO  impl.RoleInfo (RoleInfo.java:shutdownFollowerState(121)) - c652e2ee-3322-4406-8db6-1ea643cb3197: shutdown FollowerState
2019-10-18 11:25:52,054 [Thread-4332] INFO  impl.FollowerState (FollowerState.java:run(117)) - 54aabb14-4a7d-4ab3-adbe-2e67760b87f4@group-7E32184879DE-FollowerState was interrupted: java.lang.InterruptedException: sleep interrupted
2019-10-18 11:25:52,054 [grpc-default-executor-1] INFO  impl.RoleInfo (RoleInfo.java:updateAndGet(143)) - c652e2ee-3322-4406-8db6-1ea643cb3197: start FollowerState
2019-10-18 11:25:52,054 [Thread-4331] INFO  impl.FollowerState (FollowerState.java:run(117)) - c652e2ee-3322-4406-8db6-1ea643cb3197@group-7E32184879DE-FollowerState was interrupted: java.lang.InterruptedException: sleep interrupted
2019-10-18 11:25:52,078 [f535bb4a-cba0-4f9b-9e3e-e4a48b3eda51@group-7E32184879DE-LeaderElection612] INFO  impl.LeaderElection (LeaderElection.java:logAndReturn(56)) - f535bb4a-cba0-4f9b-9e3e-e4a48b3eda51@group-7E32184879DE-LeaderElection612: Election REJECTED; received 2 response(s) [f535bb4a-cba0-4f9b-9e3e-e4a48b3eda51<-54aabb14-4a7d-4ab3-adbe-2e67760b87f4#0:FAIL-t720, f535bb4a-cba0-4f9b-9e3e-e4a48b3eda51<-c652e2ee-3322-4406-8db6-1ea643cb3197#0:FAIL-t720] and 0 exception(s); f535bb4a-cba0-4f9b-9e3e-e4a48b3eda51@group-7E32184879DE:t720, leader=null, voted=f535bb4a-cba0-4f9b-9e3e-e4a48b3eda51, raftlog=f535bb4a-cba0-4f9b-9e3e-e4a48b3eda51@group-7E32184879DE-SegmentedRaftLog:OPENED:c-1,f-1,i0, conf=-1: [f535bb4a-cba0-4f9b-9e3e-e4a48b3eda51:0.0.0.0:44706, 54aabb14-4a7d-4ab3-adbe-2e67760b87f4:0.0.0.0:43074, c652e2ee-3322-4406-8db6-1ea643cb3197:0.0.0.0:42129], old=null
2019-10-18 11:25:52,079 [f535bb4a-cba0-4f9b-9e3e-e4a48b3eda51@group-7E32184879DE-LeaderElection612] INFO  impl.RaftServerImpl (RaftServerImpl.java:setRole(184)) - f535bb4a-cba0-4f9b-9e3e-e4a48b3eda51@group-7E32184879DE: changes role from CANDIDATE to FOLLOWER at term 720 for DISCOVERED_A_NEW_TERM
2019-10-18 11:25:52,079 [f535bb4a-cba0-4f9b-9e3e-e4a48b3eda51@group-7E32184879DE-LeaderElection612] INFO  impl.RoleInfo (RoleInfo.java:shutdownLeaderElection(134)) - f535bb4a-cba0-4f9b-9e3e-e4a48b3eda51: shutdown LeaderElection
2019-10-18 11:25:52,079 [f535bb4a-cba0-4f9b-9e3e-e4a48b3eda51@group-7E32184879DE-LeaderElection612] INFO  impl.RoleInfo (RoleInfo.java:updateAndGet(143)) - f535bb4a-cba0-4f9b-9e3e-e4a48b3eda51: start FollowerState
2019-10-18 11:25:52,201 [Thread-4337] INFO  impl.FollowerState (FollowerState.java:run(108)) - f535bb4a-cba0-4f9b-9e3e-e4a48b3eda51@group-7E32184879DE-FollowerState: change to CANDIDATE, lastRpcTime:122ms, electionTimeout:122ms
2019-10-18 11:25:52,201 [Thread-4337] INFO  impl.RoleInfo (RoleInfo.java:shutdownFollowerState(121)) - f535bb4a-cba0-4f9b-9e3e-e4a48b3eda51: shutdown FollowerState
2019-10-18 11:25:52,201 [Thread-4337] INFO  impl.RaftServerImpl (RaftServerImpl.java:setRole(184)) - f535bb4a-cba0-4f9b-9e3e-e4a48b3eda51@group-7E32184879DE: changes role from  FOLLOWER to CANDIDATE at term 720 for changeToCandidate
2019-10-18 11:25:52,202 [Thread-4337] INFO  impl.RoleInfo (RoleInfo.java:updateAndGet(143)) - f535bb4a-cba0-4f9b-9e3e-e4a48b3eda51: start LeaderElection
2019-10-18 11:25:52,237 [f535bb4a-cba0-4f9b-9e3e-e4a48b3eda51@group-7E32184879DE-LeaderElection613] INFO  impl.LeaderElection (LeaderElection.java:askForVotes(178)) - f535bb4a-cba0-4f9b-9e3e-e4a48b3eda51@group-7E32184879DE-LeaderElection613: begin an election at term 721 for -1: [f535bb4a-cba0-4f9b-9e3e-e4a48b3eda51:0.0.0.0:44706, 54aabb14-4a7d-4ab3-adbe-2e67760b87f4:0.0.0.0:43074, c652e2ee-3322-4406-8db6-1ea643cb3197:0.0.0.0:42129], old=null
2019-10-18 11:25:52,238 [grpc-default-executor-3] INFO  impl.RaftServerImpl (RaftServerImpl.java:setRole(184)) - 54aabb14-4a7d-4ab3-adbe-2e67760b87f4@group-7E32184879DE: changes role from  FOLLOWER to FOLLOWER at term 721 for recognizeCandidate:f535bb4a-cba0-4f9b-9e3e-e4a48b3eda51
2019-10-18 11:25:52,238 [grpc-default-executor-3] INFO  impl.RoleInfo (RoleInfo.java:shutdownFollowerState(121)) - 54aabb14-4a7d-4ab3-adbe-2e67760b87f4: shutdown FollowerState
2019-10-18 11:25:52,238 [grpc-default-executor-1] INFO  impl.RaftServerImpl (RaftServerImpl.java:setRole(184)) - c652e2ee-3322-4406-8db6-1ea643cb3197@group-7E32184879DE: changes role from  FOLLOWER to FOLLOWER at term 721 for recognizeCandidate:f535bb4a-cba0-4f9b-9e3e-e4a48b3eda51
2019-10-18 11:25:52,239 [grpc-default-executor-1] INFO  impl.RoleInfo (RoleInfo.java:shutdownFollowerState(121)) - c652e2ee-3322-4406-8db6-1ea643cb3197: shutdown FollowerState
2019-10-18 11:25:52,238 [Thread-4335] INFO  impl.FollowerState (FollowerState.java:run(117)) - 54aabb14-4a7d-4ab3-adbe-2e67760b87f4@group-7E32184879DE-FollowerState was interrupted: java.lang.InterruptedException: sleep interrupted
2019-10-18 11:25:52,238 [grpc-default-executor-3] INFO  impl.RoleInfo (RoleInfo.java:updateAndGet(143)) - 54aabb14-4a7d-4ab3-adbe-2e67760b87f4: start FollowerState
2019-10-18 11:25:52,239 [grpc-default-executor-1] INFO  impl.RoleInfo (RoleInfo.java:updateAndGet(143)) - c652e2ee-3322-4406-8db6-1ea643cb3197: start FollowerState
2019-10-18 11:25:52,239 [Thread-4336] INFO  impl.FollowerState (FollowerState.java:run(117)) - c652e2ee-3322-4406-8db6-1ea643cb3197@group-7E32184879DE-FollowerState was interrupted: java.lang.InterruptedException: sleep interrupted
2019-10-18 11:25:52,263 [f535bb4a-cba0-4f9b-9e3e-e4a48b3eda51@group-7E32184879DE-LeaderElection613] INFO  impl.LeaderElection (LeaderElection.java:logAndReturn(56)) - f535bb4a-cba0-4f9b-9e3e-e4a48b3eda51@group-7E32184879DE-LeaderElection613: Election REJECTED; received 2 response(s) [f535bb4a-cba0-4f9b-9e3e-e4a48b3eda51<-54aabb14-4a7d-4ab3-adbe-2e67760b87f4#0:FAIL-t721, f535bb4a-cba0-4f9b-9e3e-e4a48b3eda51<-c652e2ee-3322-4406-8db6-1ea643cb3197#0:FAIL-t721] and 0 exception(s); f535bb4a-cba0-4f9b-9e3e-e4a48b3eda51@group-7E32184879DE:t721, leader=null, voted=f535bb4a-cba0-4f9b-9e3e-e4a48b3eda51, raftlog=f535bb4a-cba0-4f9b-9e3e-e4a48b3eda51@group-7E32184879DE-SegmentedRaftLog:OPENED:c-1,f-1,i0, conf=-1: [f535bb4a-cba0-4f9b-9e3e-e4a48b3eda51:0.0.0.0:44706, 54aabb14-4a7d-4ab3-adbe-2e67760b87f4:0.0.0.0:43074, c652e2ee-3322-4406-8db6-1ea643cb3197:0.0.0.0:42129], old=null
2019-10-18 11:25:52,263 [f535bb4a-cba0-4f9b-9e3e-e4a48b3eda51@group-7E32184879DE-LeaderElection613] INFO  impl.RaftServerImpl (RaftServerImpl.java:setRole(184)) - f535bb4a-cba0-4f9b-9e3e-e4a48b3eda51@group-7E32184879DE: changes role from CANDIDATE to FOLLOWER at term 721 for DISCOVERED_A_NEW_TERM
2019-10-18 11:25:52,263 [f535bb4a-cba0-4f9b-9e3e-e4a48b3eda51@group-7E32184879DE-LeaderElection613] INFO  impl.RoleInfo (RoleInfo.java:shutdownLeaderElection(134)) - f535bb4a-cba0-4f9b-9e3e-e4a48b3eda51: shutdown LeaderElection
2019-10-18 11:25:52,263 [f535bb4a-cba0-4f9b-9e3e-e4a48b3eda51@group-7E32184879DE-LeaderElection613] INFO  impl.RoleInfo (RoleInfo.java:updateAndGet(143)) - f535bb4a-cba0-4f9b-9e3e-e4a48b3eda51: start FollowerState
2019-10-18 11:25:52,311 [Thread-4343] INFO  impl.FollowerState (FollowerState.java:run(108)) - f535bb4a-cba0-4f9b-9e3e-e4a48b3eda51@group-7E32184879DE-FollowerState: change to CANDIDATE, lastRpcTime:48ms, electionTimeout:48ms
2019-10-18 11:25:52,311 [Thread-4343] INFO  impl.RoleInfo (RoleInfo.java:shutdownFollowerState(121)) - f535bb4a-cba0-4f9b-9e3e-e4a48b3eda51: shutdown FollowerState
2019-10-18 11:25:52,312 [Thread-4343] INFO  impl.RaftServerImpl (RaftServerImpl.java:setRole(184)) - f535bb4a-cba0-4f9b-9e3e-e4a48b3eda51@group-7E32184879DE: changes role from  FOLLOWER to CANDIDATE at term 721 for changeToCandidate
2019-10-18 11:25:52,312 [Thread-4343] INFO  impl.RoleInfo (RoleInfo.java:updateAndGet(143)) - f535bb4a-cba0-4f9b-9e3e-e4a48b3eda51: start LeaderElection
2019-10-18 11:25:52,337 [f535bb4a-cba0-4f9b-9e3e-e4a48b3eda51@group-7E32184879DE-LeaderElection614] INFO  impl.LeaderElection (LeaderElection.java:askForVotes(178)) - f535bb4a-cba0-4f9b-9e3e-e4a48b3eda51@group-7E32184879DE-LeaderElection614: begin an election at term 722 for -1: [f535bb4a-cba0-4f9b-9e3e-e4a48b3eda51:0.0.0.0:44706, 54aabb14-4a7d-4ab3-adbe-2e67760b87f4:0.0.0.0:43074, c652e2ee-3322-4406-8db6-1ea643cb3197:0.0.0.0:42129], old=null
2019-10-18 11:25:52,339 [grpc-default-executor-1] INFO  impl.RaftServerImpl (RaftServerImpl.java:setRole(184)) - 54aabb14-4a7d-4ab3-adbe-2e67760b87f4@group-7E32184879DE: changes role from  FOLLOWER to FOLLOWER at term 722 for recognizeCandidate:f535bb4a-cba0-4f9b-9e3e-e4a48b3eda51
2019-10-18 11:25:52,339 [grpc-default-executor-1] INFO  impl.RoleInfo (RoleInfo.java:shutdownFollowerState(121)) - 54aabb14-4a7d-4ab3-adbe-2e67760b87f4: shutdown FollowerState
2019-10-18 11:25:52,339 [grpc-default-executor-3] INFO  impl.RaftServerImpl (RaftServerImpl.java:setRole(184)) - c652e2ee-3322-4406-8db6-1ea643cb3197@group-7E32184879DE: changes role from  FOLLOWER to FOLLOWER at term 722 for recognizeCandidate:f535bb4a-cba0-4f9b-9e3e-e4a48b3eda51
2019-10-18 11:25:52,339 [grpc-default-executor-3] INFO  impl.RoleInfo (RoleInfo.java:shutdownFollowerState(121)) - c652e2ee-3322-4406-8db6-1ea643cb3197: shutdown FollowerState
2019-10-18 11:25:52,339 [Thread-4341] INFO  impl.FollowerState (FollowerState.java:run(117)) - 54aabb14-4a7d-4ab3-adbe-2e67760b87f4@group-7E32184879DE-FollowerState was interrupted: java.lang.InterruptedException: sleep interrupted
2019-10-18 11:25:52,339 [grpc-default-executor-1] INFO  impl.RoleInfo (RoleInfo.java:updateAndGet(143)) - 54aabb14-4a7d-4ab3-adbe-2e67760b87f4: start FollowerState
2019-10-18 11:25:52,339 [Thread-4342] INFO  impl.FollowerState (FollowerState.java:run(117)) - c652e2ee-3322-4406-8db6-1ea643cb3197@group-7E32184879DE-FollowerState was interrupted: java.lang.InterruptedException: sleep interrupted
2019-10-18 11:25:52,339 [grpc-default-executor-3] INFO  impl.RoleInfo (RoleInfo.java:updateAndGet(143)) - c652e2ee-3322-4406-8db6-1ea643cb3197: start FollowerState
2019-10-18 11:25:52,363 [f535bb4a-cba0-4f9b-9e3e-e4a48b3eda51@group-7E32184879DE-LeaderElection614] INFO  impl.LeaderElection (LeaderElection.java:logAndReturn(56)) - f535bb4a-cba0-4f9b-9e3e-e4a48b3eda51@group-7E32184879DE-LeaderElection614: Election REJECTED; received 2 response(s) [f535bb4a-cba0-4f9b-9e3e-e4a48b3eda51<-54aabb14-4a7d-4ab3-adbe-2e67760b87f4#0:FAIL-t722, f535bb4a-cba0-4f9b-9e3e-e4a48b3eda51<-c652e2ee-3322-4406-8db6-1ea643cb3197#0:FAIL-t722] and 0 exception(s); f535bb4a-cba0-4f9b-9e3e-e4a48b3eda51@group-7E32184879DE:t722, leader=null, voted=f535bb4a-cba0-4f9b-9e3e-e4a48b3eda51, raftlog=f535bb4a-cba0-4f9b-9e3e-e4a48b3eda51@group-7E32184879DE-SegmentedRaftLog:OPENED:c-1,f-1,i0, conf=-1: [f535bb4a-cba0-4f9b-9e3e-e4a48b3eda51:0.0.0.0:44706, 54aabb14-4a7d-4ab3-adbe-2e67760b87f4:0.0.0.0:43074, c652e2ee-3322-4406-8db6-1ea643cb3197:0.0.0.0:42129], old=null
2019-10-18 11:25:52,363 [f535bb4a-cba0-4f9b-9e3e-e4a48b3eda51@group-7E32184879DE-LeaderElection614] INFO  impl.RaftServerImpl (RaftServerImpl.java:setRole(184)) - f535bb4a-cba0-4f9b-9e3e-e4a48b3eda51@group-7E32184879DE: changes role from CANDIDATE to FOLLOWER at term 722 for DISCOVERED_A_NEW_TERM
2019-10-18 11:25:52,364 [f535bb4a-cba0-4f9b-9e3e-e4a48b3eda51@group-7E32184879DE-LeaderElection614] INFO  impl.RoleInfo (RoleInfo.java:shutdownLeaderElection(134)) - f535bb4a-cba0-4f9b-9e3e-e4a48b3eda51: shutdown LeaderElection
2019-10-18 11:25:52,364 [f535bb4a-cba0-4f9b-9e3e-e4a48b3eda51@group-7E32184879DE-LeaderElection614] INFO  impl.RoleInfo (RoleInfo.java:updateAndGet(143)) - f535bb4a-cba0-4f9b-9e3e-e4a48b3eda51: start FollowerState
2019-10-18 11:25:52,431 [Thread-4349] INFO  impl.FollowerState (FollowerState.java:run(108)) - f535bb4a-cba0-4f9b-9e3e-e4a48b3eda51@group-7E32184879DE-FollowerState: change to CANDIDATE, lastRpcTime:67ms, electionTimeout:67ms
2019-10-18 11:25:52,431 [Thread-4349] INFO  impl.RoleInfo (RoleInfo.java:shutdownFollowerState(121)) - f535bb4a-cba0-4f9b-9e3e-e4a48b3eda51: shutdown FollowerState
2019-10-18 11:25:52,431 [Thread-4349] INFO  impl.RaftServerImpl (RaftServerImpl.java:setRole(184)) - f535bb4a-cba0-4f9b-9e3e-e4a48b3eda51@group-7E32184879DE: changes role from  FOLLOWER to CANDIDATE at term 722 for changeToCandidate
2019-10-18 11:25:52,431 [Thread-4349] INFO  impl.RoleInfo (RoleInfo.java:updateAndGet(143)) - f535bb4a-cba0-4f9b-9e3e-e4a48b3eda51: start LeaderElection
2019-10-18 11:25:52,455 [f535bb4a-cba0-4f9b-9e3e-e4a48b3eda51@group-7E32184879DE-LeaderElection615] INFO  impl.LeaderElection (LeaderElection.java:askForVotes(178)) - f535bb4a-cba0-4f9b-9e3e-e4a48b3eda51@group-7E32184879DE-LeaderElection615: begin an election at term 723 for -1: [f535bb4a-cba0-4f9b-9e3e-e4a48b3eda51:0.0.0.0:44706, 54aabb14-4a7d-4ab3-adbe-2e67760b87f4:0.0.0.0:43074, c652e2ee-3322-4406-8db6-1ea643cb3197:0.0.0.0:42129], old=null
2019-10-18 11:25:52,458 [grpc-default-executor-1] INFO  impl.RaftServerImpl (RaftServerImpl.java:setRole(184)) - 54aabb14-4a7d-4ab3-adbe-2e67760b87f4@group-7E32184879DE: changes role from  FOLLOWER to FOLLOWER at term 723 for recognizeCandidate:f535bb4a-cba0-4f9b-9e3e-e4a48b3eda51
2019-10-18 11:25:52,458 [grpc-default-executor-3] INFO  impl.RaftServerImpl (RaftServerImpl.java:setRole(184)) - c652e2ee-3322-4406-8db6-1ea643cb3197@group-7E32184879DE: changes role from  FOLLOWER to FOLLOWER at term 723 for recognizeCandidate:f535bb4a-cba0-4f9b-9e3e-e4a48b3eda51
2019-10-18 11:25:52,458 [grpc-default-executor-3] INFO  impl.RoleInfo (RoleInfo.java:shutdownFollowerState(121)) - c652e2ee-3322-4406-8db6-1ea643cb3197: shutdown FollowerState
2019-10-18 11:25:52,458 [grpc-default-executor-1] INFO  impl.RoleInfo (RoleInfo.java:shutdownFollowerState(121)) - 54aabb14-4a7d-4ab3-adbe-2e67760b87f4: shutdown FollowerState
2019-10-18 11:25:52,458 [Thread-4348] INFO  impl.FollowerState (FollowerState.java:run(117)) - c652e2ee-3322-4406-8db6-1ea643cb3197@group-7E32184879DE-FollowerState was interrupted: java.lang.InterruptedException: sleep interrupted
2019-10-18 11:25:52,458 [grpc-default-executor-3] INFO  impl.RoleInfo (RoleInfo.java:updateAndGet(143)) - c652e2ee-3322-4406-8db6-1ea643cb3197: start FollowerState
2019-10-18 11:25:52,458 [grpc-default-executor-1] INFO  impl.RoleInfo (RoleInfo.java:updateAndGet(143)) - 54aabb14-4a7d-4ab3-adbe-2e67760b87f4: start FollowerState
2019-10-18 11:25:52,459 [Thread-4347] INFO  impl.FollowerState (FollowerState.java:run(117)) - 54aabb14-4a7d-4ab3-adbe-2e67760b87f4@group-7E32184879DE-FollowerState was interrupted: java.lang.InterruptedException: sleep interrupted
2019-10-18 11:25:52,473 [f535bb4a-cba0-4f9b-9e3e-e4a48b3eda51@group-7E32184879DE-LeaderElection615] INFO  impl.LeaderElection (LeaderElection.java:logAndReturn(56)) - f535bb4a-cba0-4f9b-9e3e-e4a48b3eda51@group-7E32184879DE-LeaderElection615: Election TIMEOUT; received 0 response(s) [] and 0 exception(s); f535bb4a-cba0-4f9b-9e3e-e4a48b3eda51@group-7E32184879DE:t723, leader=null, voted=f535bb4a-cba0-4f9b-9e3e-e4a48b3eda51, raftlog=f535bb4a-cba0-4f9b-9e3e-e4a48b3eda51@group-7E32184879DE-SegmentedRaftLog:OPENED:c-1,f-1,i0, conf=-1: [f535bb4a-cba0-4f9b-9e3e-e4a48b3eda51:0.0.0.0:44706, 54aabb14-4a7d-4ab3-adbe-2e67760b87f4:0.0.0.0:43074, c652e2ee-3322-4406-8db6-1ea643cb3197:0.0.0.0:42129], old=null
2019-10-18 11:25:52,507 [f535bb4a-cba0-4f9b-9e3e-e4a48b3eda51@group-7E32184879DE-LeaderElection615] INFO  impl.LeaderElection (LeaderElection.java:askForVotes(178)) - f535bb4a-cba0-4f9b-9e3e-e4a48b3eda51@group-7E32184879DE-LeaderElection615: begin an election at term 724 for -1: [f535bb4a-cba0-4f9b-9e3e-e4a48b3eda51:0.0.0.0:44706, 54aabb14-4a7d-4ab3-adbe-2e67760b87f4:0.0.0.0:43074, c652e2ee-3322-4406-8db6-1ea643cb3197:0.0.0.0:42129], old=null
2019-10-18 11:25:52,508 [grpc-default-executor-1] INFO  impl.RaftServerImpl (RaftServerImpl.java:setRole(184)) - 54aabb14-4a7d-4ab3-adbe-2e67760b87f4@group-7E32184879DE: changes role from  FOLLOWER to FOLLOWER at term 724 for recognizeCandidate:f535bb4a-cba0-4f9b-9e3e-e4a48b3eda51
2019-10-18 11:25:52,508 [grpc-default-executor-1] INFO  impl.RoleInfo (RoleInfo.java:shutdownFollowerState(121)) - 54aabb14-4a7d-4ab3-adbe-2e67760b87f4: shutdown FollowerState
2019-10-18 11:25:52,508 [grpc-default-executor-3] INFO  impl.RaftServerImpl (RaftServerImpl.java:setRole(184)) - c652e2ee-3322-4406-8db6-1ea643cb3197@group-7E32184879DE: changes role from  FOLLOWER to FOLLOWER at term 724 for recognizeCandidate:f535bb4a-cba0-4f9b-9e3e-e4a48b3eda51
2019-10-18 11:25:52,509 [grpc-default-executor-3] INFO  impl.RoleInfo (RoleInfo.java:shutdownFollowerState(121)) - c652e2ee-3322-4406-8db6-1ea643cb3197: shutdown FollowerState
2019-10-18 11:25:52,509 [Thread-4354] INFO  impl.FollowerState (FollowerState.java:run(117)) - 54aabb14-4a7d-4ab3-adbe-2e67760b87f4@group-7E32184879DE-FollowerState was interrupted: java.lang.InterruptedException: sleep interrupted
2019-10-18 11:25:52,509 [Thread-4353] INFO  impl.FollowerState (FollowerState.java:run(117)) - c652e2ee-3322-4406-8db6-1ea643cb3197@group-7E32184879DE-FollowerState was interrupted: java.lang.InterruptedException: sleep interrupted
2019-10-18 11:25:52,508 [grpc-default-executor-1] INFO  impl.RoleInfo (RoleInfo.java:updateAndGet(143)) - 54aabb14-4a7d-4ab3-adbe-2e67760b87f4: start FollowerState
2019-10-18 11:25:52,509 [grpc-default-executor-3] INFO  impl.RoleInfo (RoleInfo.java:updateAndGet(143)) - c652e2ee-3322-4406-8db6-1ea643cb3197: start FollowerState
2019-10-18 11:25:52,533 [f535bb4a-cba0-4f9b-9e3e-e4a48b3eda51@group-7E32184879DE-LeaderElection615] INFO  impl.LeaderElection (LeaderElection.java:logAndReturn(56)) - f535bb4a-cba0-4f9b-9e3e-e4a48b3eda51@group-7E32184879DE-LeaderElection615: Election REJECTED; received 2 response(s) [f535bb4a-cba0-4f9b-9e3e-e4a48b3eda51<-54aabb14-4a7d-4ab3-adbe-2e67760b87f4#0:FAIL-t724, f535bb4a-cba0-4f9b-9e3e-e4a48b3eda51<-c652e2ee-3322-4406-8db6-1ea643cb3197#0:FAIL-t724] and 0 exception(s); f535bb4a-cba0-4f9b-9e3e-e4a48b3eda51@group-7E32184879DE:t724, leader=null, voted=f535bb4a-cba0-4f9b-9e3e-e4a48b3eda51, raftlog=f535bb4a-cba0-4f9b-9e3e-e4a48b3eda51@group-7E32184879DE-SegmentedRaftLog:OPENED:c-1,f-1,i0, conf=-1: [f535bb4a-cba0-4f9b-9e3e-e4a48b3eda51:0.0.0.0:44706, 54aabb14-4a7d-4ab3-adbe-2e67760b87f4:0.0.0.0:43074, c652e2ee-3322-4406-8db6-1ea643cb3197:0.0.0.0:42129], old=null
2019-10-18 11:25:52,533 [f535bb4a-cba0-4f9b-9e3e-e4a48b3eda51@group-7E32184879DE-LeaderElection615] INFO  impl.RaftServerImpl (RaftServerImpl.java:setRole(184)) - f535bb4a-cba0-4f9b-9e3e-e4a48b3eda51@group-7E32184879DE: changes role from CANDIDATE to FOLLOWER at term 724 for DISCOVERED_A_NEW_TERM
2019-10-18 11:25:52,533 [f535bb4a-cba0-4f9b-9e3e-e4a48b3eda51@group-7E32184879DE-LeaderElection615] INFO  impl.RoleInfo (RoleInfo.java:shutdownLeaderElection(134)) - f535bb4a-cba0-4f9b-9e3e-e4a48b3eda51: shutdown LeaderElection
2019-10-18 11:25:52,533 [f535bb4a-cba0-4f9b-9e3e-e4a48b3eda51@group-7E32184879DE-LeaderElection615] INFO  impl.RoleInfo (RoleInfo.java:updateAndGet(143)) - f535bb4a-cba0-4f9b-9e3e-e4a48b3eda51: start FollowerState
2019-10-18 11:25:52,696 [Thread-4359] INFO  impl.FollowerState (FollowerState.java:run(108)) - f535bb4a-cba0-4f9b-9e3e-e4a48b3eda51@group-7E32184879DE-FollowerState: change to CANDIDATE, lastRpcTime:163ms, electionTimeout:163ms
2019-10-18 11:25:52,697 [Thread-4359] INFO  impl.RoleInfo (RoleInfo.java:shutdownFollowerState(121)) - f535bb4a-cba0-4f9b-9e3e-e4a48b3eda51: shutdown FollowerState
2019-10-18 11:25:52,697 [Thread-4359] INFO  impl.RaftServerImpl (RaftServerImpl.java:setRole(184)) - f535bb4a-cba0-4f9b-9e3e-e4a48b3eda51@group-7E32184879DE: changes role from  FOLLOWER to CANDIDATE at term 724 for changeToCandidate
2019-10-18 11:25:52,697 [Thread-4359] INFO  impl.RoleInfo (RoleInfo.java:updateAndGet(143)) - f535bb4a-cba0-4f9b-9e3e-e4a48b3eda51: start LeaderElection
2019-10-18 11:25:52,724 [f535bb4a-cba0-4f9b-9e3e-e4a48b3eda51@group-7E32184879DE-LeaderElection616] INFO  impl.LeaderElection (LeaderElection.java:askForVotes(178)) - f535bb4a-cba0-4f9b-9e3e-e4a48b3eda51@group-7E32184879DE-LeaderElection616: begin an election at term 725 for -1: [f535bb4a-cba0-4f9b-9e3e-e4a48b3eda51:0.0.0.0:44706, 54aabb14-4a7d-4ab3-adbe-2e67760b87f4:0.0.0.0:43074, c652e2ee-3322-4406-8db6-1ea643cb3197:0.0.0.0:42129], old=null
2019-10-18 11:25:52,726 [grpc-default-executor-1] INFO  impl.RaftServerImpl (RaftServerImpl.java:setRole(184)) - 54aabb14-4a7d-4ab3-adbe-2e67760b87f4@group-7E32184879DE: changes role from  FOLLOWER to FOLLOWER at term 725 for recognizeCandidate:f535bb4a-cba0-4f9b-9e3e-e4a48b3eda51
2019-10-18 11:25:52,726 [grpc-default-executor-1] INFO  impl.RoleInfo (RoleInfo.java:shutdownFollowerState(121)) - 54aabb14-4a7d-4ab3-adbe-2e67760b87f4: shutdown FollowerState
2019-10-18 11:25:52,726 [grpc-default-executor-1] INFO  impl.RoleInfo (RoleInfo.java:updateAndGet(143)) - 54aabb14-4a7d-4ab3-adbe-2e67760b87f4: start FollowerState
2019-10-18 11:25:52,726 [Thread-4357] INFO  impl.FollowerState (FollowerState.java:run(117)) - 54aabb14-4a7d-4ab3-adbe-2e67760b87f4@group-7E32184879DE-FollowerState was interrupted: java.lang.InterruptedException: sleep interrupted
2019-10-18 11:25:52,726 [grpc-default-executor-3] INFO  impl.RaftServerImpl (RaftServerImpl.java:setRole(184)) - c652e2ee-3322-4406-8db6-1ea643cb3197@group-7E32184879DE: changes role from  FOLLOWER to FOLLOWER at term 725 for recognizeCandidate:f535bb4a-cba0-4f9b-9e3e-e4a48b3eda51
2019-10-18 11:25:52,726 [grpc-default-executor-3] INFO  impl.RoleInfo (RoleInfo.java:shutdownFollowerState(121)) - c652e2ee-3322-4406-8db6-1ea643cb3197: shutdown FollowerState
2019-10-18 11:25:52,726 [grpc-default-executor-3] INFO  impl.RoleInfo (RoleInfo.java:updateAndGet(143)) - c652e2ee-3322-4406-8db6-1ea643cb3197: start FollowerState
2019-10-18 11:25:52,727 [Thread-4358] INFO  impl.FollowerState (FollowerState.java:run(117)) - c652e2ee-3322-4406-8db6-1ea643cb3197@group-7E32184879DE-FollowerState was interrupted: java.lang.InterruptedException: sleep interrupted
2019-10-18 11:25:52,750 [f535bb4a-cba0-4f9b-9e3e-e4a48b3eda51@group-7E32184879DE-LeaderElection616] INFO  impl.LeaderElection (LeaderElection.java:logAndReturn(56)) - f535bb4a-cba0-4f9b-9e3e-e4a48b3eda51@group-7E32184879DE-LeaderElection616: Election REJECTED; received 2 response(s) [f535bb4a-cba0-4f9b-9e3e-e4a48b3eda51<-54aabb14-4a7d-4ab3-adbe-2e67760b87f4#0:FAIL-t725, f535bb4a-cba0-4f9b-9e3e-e4a48b3eda51<-c652e2ee-3322-4406-8db6-1ea643cb3197#0:FAIL-t725] and 0 exception(s); f535bb4a-cba0-4f9b-9e3e-e4a48b3eda51@group-7E32184879DE:t725, leader=null, voted=f535bb4a-cba0-4f9b-9e3e-e4a48b3eda51, raftlog=f535bb4a-cba0-4f9b-9e3e-e4a48b3eda51@group-7E32184879DE-SegmentedRaftLog:OPENED:c-1,f-1,i0, conf=-1: [f535bb4a-cba0-4f9b-9e3e-e4a48b3eda51:0.0.0.0:44706, 54aabb14-4a7d-4ab3-adbe-2e67760b87f4:0.0.0.0:43074, c652e2ee-3322-4406-8db6-1ea643cb3197:0.0.0.0:42129], old=null
2019-10-18 11:25:52,751 [f535bb4a-cba0-4f9b-9e3e-e4a48b3eda51@group-7E32184879DE-LeaderElection616] INFO  impl.RaftServerImpl (RaftServerImpl.java:setRole(184)) - f535bb4a-cba0-4f9b-9e3e-e4a48b3eda51@group-7E32184879DE: changes role from CANDIDATE to FOLLOWER at term 725 for DISCOVERED_A_NEW_TERM
2019-10-18 11:25:52,751 [f535bb4a-cba0-4f9b-9e3e-e4a48b3eda51@group-7E32184879DE-LeaderElection616] INFO  impl.RoleInfo (RoleInfo.java:shutdownLeaderElection(134)) - f535bb4a-cba0-4f9b-9e3e-e4a48b3eda51: shutdown LeaderElection
2019-10-18 11:25:52,751 [f535bb4a-cba0-4f9b-9e3e-e4a48b3eda51@group-7E32184879DE-LeaderElection616] INFO  impl.RoleInfo (RoleInfo.java:updateAndGet(143)) - f535bb4a-cba0-4f9b-9e3e-e4a48b3eda51: start FollowerState
2019-10-18 11:25:52,857 [Thread-4365] INFO  impl.FollowerState (FollowerState.java:run(108)) - f535bb4a-cba0-4f9b-9e3e-e4a48b3eda51@group-7E32184879DE-FollowerState: change to CANDIDATE, lastRpcTime:106ms, electionTimeout:106ms
2019-10-18 11:25:52,857 [Thread-4365] INFO  impl.RoleInfo (RoleInfo.java:shutdownFollowerState(121)) - f535bb4a-cba0-4f9b-9e3e-e4a48b3eda51: shutdown FollowerState
2019-10-18 11:25:52,858 [Thread-4365] INFO  impl.RaftServerImpl (RaftServerImpl.java:setRole(184)) - f535bb4a-cba0-4f9b-9e3e-e4a48b3eda51@group-7E32184879DE: changes role from  FOLLOWER to CANDIDATE at term 725 for changeToCandidate
2019-10-18 11:25:52,858 [Thread-4365] INFO  impl.RoleInfo (RoleInfo.java:updateAndGet(143)) - f535bb4a-cba0-4f9b-9e3e-e4a48b3eda51: start LeaderElection
2019-10-18 11:25:52,883 [f535bb4a-cba0-4f9b-9e3e-e4a48b3eda51@group-7E32184879DE-LeaderElection617] INFO  impl.LeaderElection (LeaderElection.java:askForVotes(178)) - f535bb4a-cba0-4f9b-9e3e-e4a48b3eda51@group-7E32184879DE-LeaderElection617: begin an election at term 726 for -1: [f535bb4a-cba0-4f9b-9e3e-e4a48b3eda51:0.0.0.0:44706, 54aabb14-4a7d-4ab3-adbe-2e67760b87f4:0.0.0.0:43074, c652e2ee-3322-4406-8db6-1ea643cb3197:0.0.0.0:42129], old=null
2019-10-18 11:25:52,885 [grpc-default-executor-3] INFO  impl.RaftServerImpl (RaftServerImpl.java:setRole(184)) - 54aabb14-4a7d-4ab3-adbe-2e67760b87f4@group-7E32184879DE: changes role from  FOLLOWER to FOLLOWER at term 726 for recognizeCandidate:f535bb4a-cba0-4f9b-9e3e-e4a48b3eda51
2019-10-18 11:25:52,885 [grpc-default-executor-1] INFO  impl.RaftServerImpl (RaftServerImpl.java:setRole(184)) - c652e2ee-3322-4406-8db6-1ea643cb3197@group-7E32184879DE: changes role from  FOLLOWER to FOLLOWER at term 726 for recognizeCandidate:f535bb4a-cba0-4f9b-9e3e-e4a48b3eda51
2019-10-18 11:25:52,885 [grpc-default-executor-1] INFO  impl.RoleInfo (RoleInfo.java:shutdownFollowerState(121)) - c652e2ee-3322-4406-8db6-1ea643cb3197: shutdown FollowerState
2019-10-18 11:25:52,885 [grpc-default-executor-3] INFO  impl.RoleInfo (RoleInfo.java:shutdownFollowerState(121)) - 54aabb14-4a7d-4ab3-adbe-2e67760b87f4: shutdown FollowerState
2019-10-18 11:25:52,885 [Thread-4364] INFO  impl.FollowerState (FollowerState.java:run(117)) - c652e2ee-3322-4406-8db6-1ea643cb3197@group-7E32184879DE-FollowerState was interrupted: java.lang.InterruptedException: sleep interrupted
2019-10-18 11:25:52,885 [grpc-default-executor-1] INFO  impl.RoleInfo (RoleInfo.java:updateAndGet(143)) - c652e2ee-3322-4406-8db6-1ea643cb3197: start FollowerState
2019-10-18 11:25:52,885 [Thread-4363] INFO  impl.FollowerState (FollowerState.java:run(117)) - 54aabb14-4a7d-4ab3-adbe-2e67760b87f4@group-7E32184879DE-FollowerState was interrupted: java.lang.InterruptedException: sleep interrupted
2019-10-18 11:25:52,885 [grpc-default-executor-3] INFO  impl.RoleInfo (RoleInfo.java:updateAndGet(143)) - 54aabb14-4a7d-4ab3-adbe-2e67760b87f4: start FollowerState
2019-10-18 11:25:52,909 [f535bb4a-cba0-4f9b-9e3e-e4a48b3eda51@group-7E32184879DE-LeaderElection617] INFO  impl.LeaderElection (LeaderElection.java:logAndReturn(56)) - f535bb4a-cba0-4f9b-9e3e-e4a48b3eda51@group-7E32184879DE-LeaderElection617: Election REJECTED; received 2 response(s) [f535bb4a-cba0-4f9b-9e3e-e4a48b3eda51<-54aabb14-4a7d-4ab3-adbe-2e67760b87f4#0:FAIL-t726, f535bb4a-cba0-4f9b-9e3e-e4a48b3eda51<-c652e2ee-3322-4406-8db6-1ea643cb3197#0:FAIL-t726] and 0 exception(s); f535bb4a-cba0-4f9b-9e3e-e4a48b3eda51@group-7E32184879DE:t726, leader=null, voted=f535bb4a-cba0-4f9b-9e3e-e4a48b3eda51, raftlog=f535bb4a-cba0-4f9b-9e3e-e4a48b3eda51@group-7E32184879DE-SegmentedRaftLog:OPENED:c-1,f-1,i0, conf=-1: [f535bb4a-cba0-4f9b-9e3e-e4a48b3eda51:0.0.0.0:44706, 54aabb14-4a7d-4ab3-adbe-2e67760b87f4:0.0.0.0:43074, c652e2ee-3322-4406-8db6-1ea643cb3197:0.0.0.0:42129], old=null
2019-10-18 11:25:52,909 [f535bb4a-cba0-4f9b-9e3e-e4a48b3eda51@group-7E32184879DE-LeaderElection617] INFO  impl.RaftServerImpl (RaftServerImpl.java:setRole(184)) - f535bb4a-cba0-4f9b-9e3e-e4a48b3eda51@group-7E32184879DE: changes role from CANDIDATE to FOLLOWER at term 726 for DISCOVERED_A_NEW_TERM
2019-10-18 11:25:52,909 [f535bb4a-cba0-4f9b-9e3e-e4a48b3eda51@group-7E32184879DE-LeaderElection617] INFO  impl.RoleInfo (RoleInfo.java:shutdownLeaderElection(134)) - f535bb4a-cba0-4f9b-9e3e-e4a48b3eda51: shutdown LeaderElection
2019-10-18 11:25:52,909 [f535bb4a-cba0-4f9b-9e3e-e4a48b3eda51@group-7E32184879DE-LeaderElection617] INFO  impl.RoleInfo (RoleInfo.java:updateAndGet(143)) - f535bb4a-cba0-4f9b-9e3e-e4a48b3eda51: start FollowerState
2019-10-18 11:25:53,020 [Thread-4373] INFO  impl.FollowerState (FollowerState.java:run(108)) - f535bb4a-cba0-4f9b-9e3e-e4a48b3eda51@group-7E32184879DE-FollowerState: change to CANDIDATE, lastRpcTime:110ms, electionTimeout:110ms
2019-10-18 11:25:53,021 [Thread-4373] INFO  impl.RoleInfo (RoleInfo.java:shutdownFollowerState(121)) - f535bb4a-cba0-4f9b-9e3e-e4a48b3eda51: shutdown FollowerState
2019-10-18 11:25:53,021 [Thread-4373] INFO  impl.RaftServerImpl (RaftServerImpl.java:setRole(184)) - f535bb4a-cba0-4f9b-9e3e-e4a48b3eda51@group-7E32184879DE: changes role from  FOLLOWER to CANDIDATE at term 726 for changeToCandidate
2019-10-18 11:25:53,022 [Thread-4373] INFO  impl.RoleInfo (RoleInfo.java:updateAndGet(143)) - f535bb4a-cba0-4f9b-9e3e-e4a48b3eda51: start LeaderElection
2019-10-18 11:25:53,051 [f535bb4a-cba0-4f9b-9e3e-e4a48b3eda51@group-7E32184879DE-LeaderElection618] INFO  impl.LeaderElection (LeaderElection.java:askForVotes(178)) - f535bb4a-cba0-4f9b-9e3e-e4a48b3eda51@group-7E32184879DE-LeaderElection618: begin an election at term 727 for -1: [f535bb4a-cba0-4f9b-9e3e-e4a48b3eda51:0.0.0.0:44706, 54aabb14-4a7d-4ab3-adbe-2e67760b87f4:0.0.0.0:43074, c652e2ee-3322-4406-8db6-1ea643cb3197:0.0.0.0:42129], old=null
2019-10-18 11:25:53,057 [grpc-default-executor-3] INFO  impl.RaftServerImpl (RaftServerImpl.java:setRole(184)) - c652e2ee-3322-4406-8db6-1ea643cb3197@group-7E32184879DE: changes role from  FOLLOWER to FOLLOWER at term 727 for recognizeCandidate:f535bb4a-cba0-4f9b-9e3e-e4a48b3eda51
2019-10-18 11:25:53,057 [grpc-default-executor-1] INFO  impl.RaftServerImpl (RaftServerImpl.java:setRole(184)) - 54aabb14-4a7d-4ab3-adbe-2e67760b87f4@group-7E32184879DE: changes role from  FOLLOWER to FOLLOWER at term 727 for recognizeCandidate:f535bb4a-cba0-4f9b-9e3e-e4a48b3eda51
2019-10-18 11:25:53,058 [grpc-default-executor-1] INFO  impl.RoleInfo (RoleInfo.java:shutdownFollowerState(121)) - 54aabb14-4a7d-4ab3-adbe-2e67760b87f4: shutdown FollowerState
2019-10-18 11:25:53,057 [grpc-default-executor-3] INFO  impl.RoleInfo (RoleInfo.java:shutdownFollowerState(121)) - c652e2ee-3322-4406-8db6-1ea643cb3197: shutdown FollowerState
2019-10-18 11:25:53,058 [grpc-default-executor-1] INFO  impl.RoleInfo (RoleInfo.java:updateAndGet(143)) - 54aabb14-4a7d-4ab3-adbe-2e67760b87f4: start FollowerState
2019-10-18 11:25:53,058 [grpc-default-executor-3] INFO  impl.RoleInfo (RoleInfo.java:updateAndGet(143)) - c652e2ee-3322-4406-8db6-1ea643cb3197: start FollowerState
2019-10-18 11:25:53,058 [Thread-4371] INFO  impl.FollowerState (FollowerState.java:run(117)) - c652e2ee-3322-4406-8db6-1ea643cb3197@group-7E32184879DE-FollowerState was interrupted: java.lang.InterruptedException: sleep interrupted
2019-10-18 11:25:53,058 [Thread-4372] INFO  impl.FollowerState (FollowerState.java:run(117)) - 54aabb14-4a7d-4ab3-adbe-2e67760b87f4@group-7E32184879DE-FollowerState was interrupted: java.lang.InterruptedException: sleep interrupted
2019-10-18 11:25:53,085 [f535bb4a-cba0-4f9b-9e3e-e4a48b3eda51@group-7E32184879DE-LeaderElection618] INFO  impl.LeaderElection (LeaderElection.java:logAndReturn(56)) - f535bb4a-cba0-4f9b-9e3e-e4a48b3eda51@group-7E32184879DE-LeaderElection618: Election REJECTED; received 2 response(s) [f535bb4a-cba0-4f9b-9e3e-e4a48b3eda51<-54aabb14-4a7d-4ab3-adbe-2e67760b87f4#0:FAIL-t727, f535bb4a-cba0-4f9b-9e3e-e4a48b3eda51<-c652e2ee-3322-4406-8db6-1ea643cb3197#0:FAIL-t727] and 0 exception(s); f535bb4a-cba0-4f9b-9e3e-e4a48b3eda51@group-7E32184879DE:t727, leader=null, voted=f535bb4a-cba0-4f9b-9e3e-e4a48b3eda51, raftlog=f535bb4a-cba0-4f9b-9e3e-e4a48b3eda51@group-7E32184879DE-SegmentedRaftLog:OPENED:c-1,f-1,i0, conf=-1: [f535bb4a-cba0-4f9b-9e3e-e4a48b3eda51:0.0.0.0:44706, 54aabb14-4a7d-4ab3-adbe-2e67760b87f4:0.0.0.0:43074, c652e2ee-3322-4406-8db6-1ea643cb3197:0.0.0.0:42129], old=null
2019-10-18 11:25:53,086 [f535bb4a-cba0-4f9b-9e3e-e4a48b3eda51@group-7E32184879DE-LeaderElection618] INFO  impl.RaftServerImpl (RaftServerImpl.java:setRole(184)) - f535bb4a-cba0-4f9b-9e3e-e4a48b3eda51@group-7E32184879DE: changes role from CANDIDATE to FOLLOWER at term 727 for DISCOVERED_A_NEW_TERM
2019-10-18 11:25:53,086 [f535bb4a-cba0-4f9b-9e3e-e4a48b3eda51@group-7E32184879DE-LeaderElection618] INFO  impl.RoleInfo (RoleInfo.java:shutdownLeaderElection(134)) - f535bb4a-cba0-4f9b-9e3e-e4a48b3eda51: shutdown LeaderElection
2019-10-18 11:25:53,086 [f535bb4a-cba0-4f9b-9e3e-e4a48b3eda51@group-7E32184879DE-LeaderElection618] INFO  impl.RoleInfo (RoleInfo.java:updateAndGet(143)) - f535bb4a-cba0-4f9b-9e3e-e4a48b3eda51: start FollowerState
2019-10-18 11:25:53,090 [Thread-4379] INFO  impl.FollowerState (FollowerState.java:run(108)) - f535bb4a-cba0-4f9b-9e3e-e4a48b3eda51@group-7E32184879DE-FollowerState: change to CANDIDATE, lastRpcTime:4ms, electionTimeout:4ms
2019-10-18 11:25:53,090 [Thread-4379] INFO  impl.RoleInfo (RoleInfo.java:shutdownFollowerState(121)) - f535bb4a-cba0-4f9b-9e3e-e4a48b3eda51: shutdown FollowerState
2019-10-18 11:25:53,091 [Thread-4379] INFO  impl.RaftServerImpl (RaftServerImpl.java:setRole(184)) - f535bb4a-cba0-4f9b-9e3e-e4a48b3eda51@group-7E32184879DE: changes role from  FOLLOWER to CANDIDATE at term 727 for changeToCandidate
2019-10-18 11:25:53,091 [Thread-4379] INFO  impl.RoleInfo (RoleInfo.java:updateAndGet(143)) - f535bb4a-cba0-4f9b-9e3e-e4a48b3eda51: start LeaderElection
2019-10-18 11:25:53,118 [f535bb4a-cba0-4f9b-9e3e-e4a48b3eda51@group-7E32184879DE-LeaderElection619] INFO  impl.LeaderElection (LeaderElection.java:askForVotes(178)) - f535bb4a-cba0-4f9b-9e3e-e4a48b3eda51@group-7E32184879DE-LeaderElection619: begin an election at term 728 for -1: [f535bb4a-cba0-4f9b-9e3e-e4a48b3eda51:0.0.0.0:44706, 54aabb14-4a7d-4ab3-adbe-2e67760b87f4:0.0.0.0:43074, c652e2ee-3322-4406-8db6-1ea643cb3197:0.0.0.0:42129], old=null
2019-10-18 11:25:53,120 [grpc-default-executor-1] INFO  impl.RaftServerImpl (RaftServerImpl.java:setRole(184)) - 54aabb14-4a7d-4ab3-adbe-2e67760b87f4@group-7E32184879DE: changes role from  FOLLOWER to FOLLOWER at term 728 for recognizeCandidate:f535bb4a-cba0-4f9b-9e3e-e4a48b3eda51
2019-10-18 11:25:53,120 [grpc-default-executor-1] INFO  impl.RoleInfo (RoleInfo.java:shutdownFollowerState(121)) - 54aabb14-4a7d-4ab3-adbe-2e67760b87f4: shutdown FollowerState
2019-10-18 11:25:53,120 [grpc-default-executor-3] INFO  impl.RaftServerImpl (RaftServerImpl.java:setRole(184)) - c652e2ee-3322-4406-8db6-1ea643cb3197@group-7E32184879DE: changes role from  FOLLOWER to FOLLOWER at term 728 for recognizeCandidate:f535bb4a-cba0-4f9b-9e3e-e4a48b3eda51
2019-10-18 11:25:53,120 [grpc-default-executor-3] INFO  impl.RoleInfo (RoleInfo.java:shutdownFollowerState(121)) - c652e2ee-3322-4406-8db6-1ea643cb3197: shutdown FollowerState
2019-10-18 11:25:53,120 [Thread-4377] INFO  impl.FollowerState (FollowerState.java:run(117)) - 54aabb14-4a7d-4ab3-adbe-2e67760b87f4@group-7E32184879DE-FollowerState was interrupted: java.lang.InterruptedException: sleep interrupted
2019-10-18 11:25:53,120 [Thread-4378] INFO  impl.FollowerState (FollowerState.java:run(117)) - c652e2ee-3322-4406-8db6-1ea643cb3197@group-7E32184879DE-FollowerState was interrupted: java.lang.InterruptedException: sleep interrupted
2019-10-18 11:25:53,120 [grpc-default-executor-1] INFO  impl.RoleInfo (RoleInfo.java:updateAndGet(143)) - 54aabb14-4a7d-4ab3-adbe-2e67760b87f4: start FollowerState
2019-10-18 11:25:53,120 [grpc-default-executor-3] INFO  impl.RoleInfo (RoleInfo.java:updateAndGet(143)) - c652e2ee-3322-4406-8db6-1ea643cb3197: start FollowerState
2019-10-18 11:25:53,144 [f535bb4a-cba0-4f9b-9e3e-e4a48b3eda51@group-7E32184879DE-LeaderElection619] INFO  impl.LeaderElection (LeaderElection.java:logAndReturn(56)) - f535bb4a-cba0-4f9b-9e3e-e4a48b3eda51@group-7E32184879DE-LeaderElection619: Election REJECTED; received 2 response(s) [f535bb4a-cba0-4f9b-9e3e-e4a48b3eda51<-54aabb14-4a7d-4ab3-adbe-2e67760b87f4#0:FAIL-t728, f535bb4a-cba0-4f9b-9e3e-e4a48b3eda51<-c652e2ee-3322-4406-8db6-1ea643cb3197#0:FAIL-t728] and 0 exception(s); f535bb4a-cba0-4f9b-9e3e-e4a48b3eda51@group-7E32184879DE:t728, leader=null, voted=f535bb4a-cba0-4f9b-9e3e-e4a48b3eda51, raftlog=f535bb4a-cba0-4f9b-9e3e-e4a48b3eda51@group-7E32184879DE-SegmentedRaftLog:OPENED:c-1,f-1,i0, conf=-1: [f535bb4a-cba0-4f9b-9e3e-e4a48b3eda51:0.0.0.0:44706, 54aabb14-4a7d-4ab3-adbe-2e67760b87f4:0.0.0.0:43074, c652e2ee-3322-4406-8db6-1ea643cb3197:0.0.0.0:42129], old=null
2019-10-18 11:25:53,144 [f535bb4a-cba0-4f9b-9e3e-e4a48b3eda51@group-7E32184879DE-LeaderElection619] INFO  impl.RaftServerImpl (RaftServerImpl.java:setRole(184)) - f535bb4a-cba0-4f9b-9e3e-e4a48b3eda51@group-7E32184879DE: changes role from CANDIDATE to FOLLOWER at term 728 for DISCOVERED_A_NEW_TERM
2019-10-18 11:25:53,144 [f535bb4a-cba0-4f9b-9e3e-e4a48b3eda51@group-7E32184879DE-LeaderElection619] INFO  impl.RoleInfo (RoleInfo.java:shutdownLeaderElection(134)) - f535bb4a-cba0-4f9b-9e3e-e4a48b3eda51: shutdown LeaderElection
2019-10-18 11:25:53,144 [f535bb4a-cba0-4f9b-9e3e-e4a48b3eda51@group-7E32184879DE-LeaderElection619] INFO  impl.RoleInfo (RoleInfo.java:updateAndGet(143)) - f535bb4a-cba0-4f9b-9e3e-e4a48b3eda51: start FollowerState
2019-10-18 11:25:53,238 [Thread-4385] INFO  impl.FollowerState (FollowerState.java:run(108)) - f535bb4a-cba0-4f9b-9e3e-e4a48b3eda51@group-7E32184879DE-FollowerState: change to CANDIDATE, lastRpcTime:93ms, electionTimeout:93ms
2019-10-18 11:25:53,238 [Thread-4385] INFO  impl.RoleInfo (RoleInfo.java:shutdownFollowerState(121)) - f535bb4a-cba0-4f9b-9e3e-e4a48b3eda51: shutdown FollowerState
2019-10-18 11:25:53,238 [Thread-4385] INFO  impl.RaftServerImpl (RaftServerImpl.java:setRole(184)) - f535bb4a-cba0-4f9b-9e3e-e4a48b3eda51@group-7E32184879DE: changes role from  FOLLOWER to CANDIDATE at term 728 for changeToCandidate
2019-10-18 11:25:53,238 [Thread-4385] INFO  impl.RoleInfo (RoleInfo.java:updateAndGet(143)) - f535bb4a-cba0-4f9b-9e3e-e4a48b3eda51: start LeaderElection
2019-10-18 11:25:53,260 [f535bb4a-cba0-4f9b-9e3e-e4a48b3eda51@group-7E32184879DE-LeaderElection620] INFO  impl.LeaderElection (LeaderElection.java:askForVotes(178)) - f535bb4a-cba0-4f9b-9e3e-e4a48b3eda51@group-7E32184879DE-LeaderElection620: begin an election at term 729 for -1: [f535bb4a-cba0-4f9b-9e3e-e4a48b3eda51:0.0.0.0:44706, 54aabb14-4a7d-4ab3-adbe-2e67760b87f4:0.0.0.0:43074, c652e2ee-3322-4406-8db6-1ea643cb3197:0.0.0.0:42129], old=null
2019-10-18 11:25:53,264 [grpc-default-executor-3] INFO  impl.RaftServerImpl (RaftServerImpl.java:setRole(184)) - c652e2ee-3322-4406-8db6-1ea643cb3197@group-7E32184879DE: changes role from  FOLLOWER to FOLLOWER at term 729 for recognizeCandidate:f535bb4a-cba0-4f9b-9e3e-e4a48b3eda51
2019-10-18 11:25:53,264 [grpc-default-executor-1] INFO  impl.RaftServerImpl (RaftServerImpl.java:setRole(184)) - 54aabb14-4a7d-4ab3-adbe-2e67760b87f4@group-7E32184879DE: changes role from  FOLLOWER to FOLLOWER at term 729 for recognizeCandidate:f535bb4a-cba0-4f9b-9e3e-e4a48b3eda51
2019-10-18 11:25:53,264 [grpc-default-executor-1] INFO  impl.RoleInfo (RoleInfo.java:shutdownFollowerState(121)) - 54aabb14-4a7d-4ab3-adbe-2e67760b87f4: shutdown FollowerState
2019-10-18 11:25:53,264 [grpc-default-executor-3] INFO  impl.RoleInfo (RoleInfo.java:shutdownFollowerState(121)) - c652e2ee-3322-4406-8db6-1ea643cb3197: shutdown FollowerState
2019-10-18 11:25:53,264 [grpc-default-executor-3] INFO  impl.RoleInfo (RoleInfo.java:updateAndGet(143)) - c652e2ee-3322-4406-8db6-1ea643cb3197: start FollowerState
2019-10-18 11:25:53,264 [grpc-default-executor-1] INFO  impl.RoleInfo (RoleInfo.java:updateAndGet(143)) - 54aabb14-4a7d-4ab3-adbe-2e67760b87f4: start FollowerState
2019-10-18 11:25:53,264 [Thread-4383] INFO  impl.FollowerState (FollowerState.java:run(117)) - 54aabb14-4a7d-4ab3-adbe-2e67760b87f4@group-7E32184879DE-FollowerState was interrupted: java.lang.InterruptedException: sleep interrupted
2019-10-18 11:25:53,264 [Thread-4384] INFO  impl.FollowerState (FollowerState.java:run(117)) - c652e2ee-3322-4406-8db6-1ea643cb3197@group-7E32184879DE-FollowerState was interrupted: java.lang.InterruptedException: sleep interrupted
2019-10-18 11:25:53,287 [f535bb4a-cba0-4f9b-9e3e-e4a48b3eda51@group-7E32184879DE-LeaderElection620] INFO  impl.LeaderElection (LeaderElection.java:logAndReturn(56)) - f535bb4a-cba0-4f9b-9e3e-e4a48b3eda51@group-7E32184879DE-LeaderElection620: Election REJECTED; received 2 response(s) [f535bb4a-cba0-4f9b-9e3e-e4a48b3eda51<-54aabb14-4a7d-4ab3-adbe-2e67760b87f4#0:FAIL-t729, f535bb4a-cba0-4f9b-9e3e-e4a48b3eda51<-c652e2ee-3322-4406-8db6-1ea643cb3197#0:FAIL-t729] and 0 exception(s); f535bb4a-cba0-4f9b-9e3e-e4a48b3eda51@group-7E32184879DE:t729, leader=null, voted=f535bb4a-cba0-4f9b-9e3e-e4a48b3eda51, raftlog=f535bb4a-cba0-4f9b-9e3e-e4a48b3eda51@group-7E32184879DE-SegmentedRaftLog:OPENED:c-1,f-1,i0, conf=-1: [f535bb4a-cba0-4f9b-9e3e-e4a48b3eda51:0.0.0.0:44706, 54aabb14-4a7d-4ab3-adbe-2e67760b87f4:0.0.0.0:43074, c652e2ee-3322-4406-8db6-1ea643cb3197:0.0.0.0:42129], old=null
2019-10-18 11:25:53,287 [f535bb4a-cba0-4f9b-9e3e-e4a48b3eda51@group-7E32184879DE-LeaderElection620] INFO  impl.RaftServerImpl (RaftServerImpl.java:setRole(184)) - f535bb4a-cba0-4f9b-9e3e-e4a48b3eda51@group-7E32184879DE: changes role from CANDIDATE to FOLLOWER at term 729 for DISCOVERED_A_NEW_TERM
2019-10-18 11:25:53,287 [f535bb4a-cba0-4f9b-9e3e-e4a48b3eda51@group-7E32184879DE-LeaderElection620] INFO  impl.RoleInfo (RoleInfo.java:shutdownLeaderElection(134)) - f535bb4a-cba0-4f9b-9e3e-e4a48b3eda51: shutdown LeaderElection
2019-10-18 11:25:53,287 [f535bb4a-cba0-4f9b-9e3e-e4a48b3eda51@group-7E32184879DE-LeaderElection620] INFO  impl.RoleInfo (RoleInfo.java:updateAndGet(143)) - f535bb4a-cba0-4f9b-9e3e-e4a48b3eda51: start FollowerState
2019-10-18 11:25:53,334 [Thread-4391] INFO  impl.FollowerState (FollowerState.java:run(108)) - f535bb4a-cba0-4f9b-9e3e-e4a48b3eda51@group-7E32184879DE-FollowerState: change to CANDIDATE, lastRpcTime:46ms, electionTimeout:46ms
2019-10-18 11:25:53,334 [Thread-4391] INFO  impl.RoleInfo (RoleInfo.java:shutdownFollowerState(121)) - f535bb4a-cba0-4f9b-9e3e-e4a48b3eda51: shutdown FollowerState
2019-10-18 11:25:53,334 [Thread-4391] INFO  impl.RaftServerImpl (RaftServerImpl.java:setRole(184)) - f535bb4a-cba0-4f9b-9e3e-e4a48b3eda51@group-7E32184879DE: changes role from  FOLLOWER to CANDIDATE at term 729 for changeToCandidate
2019-10-18 11:25:53,334 [Thread-4391] INFO  impl.RoleInfo (RoleInfo.java:updateAndGet(143)) - f535bb4a-cba0-4f9b-9e3e-e4a48b3eda51: start LeaderElection
2019-10-18 11:25:53,361 [f535bb4a-cba0-4f9b-9e3e-e4a48b3eda51@group-7E32184879DE-LeaderElection621] INFO  impl.LeaderElection (LeaderElection.java:askForVotes(178)) - f535bb4a-cba0-4f9b-9e3e-e4a48b3eda51@group-7E32184879DE-LeaderElection621: begin an election at term 730 for -1: [f535bb4a-cba0-4f9b-9e3e-e4a48b3eda51:0.0.0.0:44706, 54aabb14-4a7d-4ab3-adbe-2e67760b87f4:0.0.0.0:43074, c652e2ee-3322-4406-8db6-1ea643cb3197:0.0.0.0:42129], old=null
2019-10-18 11:25:53,363 [grpc-default-executor-1] INFO  impl.RaftServerImpl (RaftServerImpl.java:setRole(184)) - 54aabb14-4a7d-4ab3-adbe-2e67760b87f4@group-7E32184879DE: changes role from  FOLLOWER to FOLLOWER at term 730 for recognizeCandidate:f535bb4a-cba0-4f9b-9e3e-e4a48b3eda51
2019-10-18 11:25:53,363 [grpc-default-executor-3] INFO  impl.RaftServerImpl (RaftServerImpl.java:setRole(184)) - c652e2ee-3322-4406-8db6-1ea643cb3197@group-7E32184879DE: changes role from  FOLLOWER to FOLLOWER at term 730 for recognizeCandidate:f535bb4a-cba0-4f9b-9e3e-e4a48b3eda51
2019-10-18 11:25:53,363 [grpc-default-executor-3] INFO  impl.RoleInfo (RoleInfo.java:shutdownFollowerState(121)) - c652e2ee-3322-4406-8db6-1ea643cb3197: shutdown FollowerState
2019-10-18 11:25:53,363 [grpc-default-executor-1] INFO  impl.RoleInfo (RoleInfo.java:shutdownFollowerState(121)) - 54aabb14-4a7d-4ab3-adbe-2e67760b87f4: shutdown FollowerState
2019-10-18 11:25:53,363 [grpc-default-executor-3] INFO  impl.RoleInfo (RoleInfo.java:updateAndGet(143)) - c652e2ee-3322-4406-8db6-1ea643cb3197: start FollowerState
2019-10-18 11:25:53,363 [grpc-default-executor-1] INFO  impl.RoleInfo (RoleInfo.java:updateAndGet(143)) - 54aabb14-4a7d-4ab3-adbe-2e67760b87f4: start FollowerState
2019-10-18 11:25:53,363 [Thread-4390] INFO  impl.FollowerState (FollowerState.java:run(117)) - c652e2ee-3322-4406-8db6-1ea643cb3197@group-7E32184879DE-FollowerState was interrupted: java.lang.InterruptedException: sleep interrupted
2019-10-18 11:25:53,363 [Thread-4389] INFO  impl.FollowerState (FollowerState.java:run(117)) - 54aabb14-4a7d-4ab3-adbe-2e67760b87f4@group-7E32184879DE-FollowerState was interrupted: java.lang.InterruptedException: sleep interrupted
2019-10-18 11:25:53,388 [f535bb4a-cba0-4f9b-9e3e-e4a48b3eda51@group-7E32184879DE-LeaderElection621] INFO  impl.LeaderElection (LeaderElection.java:logAndReturn(56)) - f535bb4a-cba0-4f9b-9e3e-e4a48b3eda51@group-7E32184879DE-LeaderElection621: Election REJECTED; received 2 response(s) [f535bb4a-cba0-4f9b-9e3e-e4a48b3eda51<-54aabb14-4a7d-4ab3-adbe-2e67760b87f4#0:FAIL-t730, f535bb4a-cba0-4f9b-9e3e-e4a48b3eda51<-c652e2ee-3322-4406-8db6-1ea643cb3197#0:FAIL-t730] and 0 exception(s); f535bb4a-cba0-4f9b-9e3e-e4a48b3eda51@group-7E32184879DE:t730, leader=null, voted=f535bb4a-cba0-4f9b-9e3e-e4a48b3eda51, raftlog=f535bb4a-cba0-4f9b-9e3e-e4a48b3eda51@group-7E32184879DE-SegmentedRaftLog:OPENED:c-1,f-1,i0, conf=-1: [f535bb4a-cba0-4f9b-9e3e-e4a48b3eda51:0.0.0.0:44706, 54aabb14-4a7d-4ab3-adbe-2e67760b87f4:0.0.0.0:43074, c652e2ee-3322-4406-8db6-1ea643cb3197:0.0.0.0:42129], old=null
2019-10-18 11:25:53,388 [f535bb4a-cba0-4f9b-9e3e-e4a48b3eda51@group-7E32184879DE-LeaderElection621] INFO  impl.RaftServerImpl (RaftServerImpl.java:setRole(184)) - f535bb4a-cba0-4f9b-9e3e-e4a48b3eda51@group-7E32184879DE: changes role from CANDIDATE to FOLLOWER at term 730 for DISCOVERED_A_NEW_TERM
2019-10-18 11:25:53,389 [f535bb4a-cba0-4f9b-9e3e-e4a48b3eda51@group-7E32184879DE-LeaderElection621] INFO  impl.RoleInfo (RoleInfo.java:shutdownLeaderElection(134)) - f535bb4a-cba0-4f9b-9e3e-e4a48b3eda51: shutdown LeaderElection
2019-10-18 11:25:53,389 [f535bb4a-cba0-4f9b-9e3e-e4a48b3eda51@group-7E32184879DE-LeaderElection621] INFO  impl.RoleInfo (RoleInfo.java:updateAndGet(143)) - f535bb4a-cba0-4f9b-9e3e-e4a48b3eda51: start FollowerState
2019-10-18 11:25:53,556 [Thread-4397] INFO  impl.FollowerState (FollowerState.java:run(108)) - f535bb4a-cba0-4f9b-9e3e-e4a48b3eda51@group-7E32184879DE-FollowerState: change to CANDIDATE, lastRpcTime:167ms, electionTimeout:167ms
2019-10-18 11:25:53,556 [Thread-4397] INFO  impl.RoleInfo (RoleInfo.java:shutdownFollowerState(121)) - f535bb4a-cba0-4f9b-9e3e-e4a48b3eda51: shutdown FollowerState
2019-10-18 11:25:53,556 [Thread-4397] INFO  impl.RaftServerImpl (RaftServerImpl.java:setRole(184)) - f535bb4a-cba0-4f9b-9e3e-e4a48b3eda51@group-7E32184879DE: changes role from  FOLLOWER to CANDIDATE at term 730 for changeToCandidate
2019-10-18 11:25:53,556 [Thread-4397] INFO  impl.RoleInfo (RoleInfo.java:updateAndGet(143)) - f535bb4a-cba0-4f9b-9e3e-e4a48b3eda51: start LeaderElection
2019-10-18 11:25:53,578 [f535bb4a-cba0-4f9b-9e3e-e4a48b3eda51@group-7E32184879DE-LeaderElection622] INFO  impl.LeaderElection (LeaderElection.java:askForVotes(178)) - f535bb4a-cba0-4f9b-9e3e-e4a48b3eda51@group-7E32184879DE-LeaderElection622: begin an election at term 731 for -1: [f535bb4a-cba0-4f9b-9e3e-e4a48b3eda51:0.0.0.0:44706, 54aabb14-4a7d-4ab3-adbe-2e67760b87f4:0.0.0.0:43074, c652e2ee-3322-4406-8db6-1ea643cb3197:0.0.0.0:42129], old=null
2019-10-18 11:25:53,580 [grpc-default-executor-3] INFO  impl.RaftServerImpl (RaftServerImpl.java:setRole(184)) - 54aabb14-4a7d-4ab3-adbe-2e67760b87f4@group-7E32184879DE: changes role from  FOLLOWER to FOLLOWER at term 731 for recognizeCandidate:f535bb4a-cba0-4f9b-9e3e-e4a48b3eda51
2019-10-18 11:25:53,580 [grpc-default-executor-1] INFO  impl.RaftServerImpl (RaftServerImpl.java:setRole(184)) - c652e2ee-3322-4406-8db6-1ea643cb3197@group-7E32184879DE: changes role from  FOLLOWER to FOLLOWER at term 731 for recognizeCandidate:f535bb4a-cba0-4f9b-9e3e-e4a48b3eda51
2019-10-18 11:25:53,580 [grpc-default-executor-1] INFO  impl.RoleInfo (RoleInfo.java:shutdownFollowerState(121)) - c652e2ee-3322-4406-8db6-1ea643cb3197: shutdown FollowerState
2019-10-18 11:25:53,580 [grpc-default-executor-3] INFO  impl.RoleInfo (RoleInfo.java:shutdownFollowerState(121)) - 54aabb14-4a7d-4ab3-adbe-2e67760b87f4: shutdown FollowerState
2019-10-18 11:25:53,580 [Thread-4395] INFO  impl.FollowerState (FollowerState.java:run(117)) - c652e2ee-3322-4406-8db6-1ea643cb3197@group-7E32184879DE-FollowerState was interrupted: java.lang.InterruptedException: sleep interrupted
2019-10-18 11:25:53,580 [grpc-default-executor-1] INFO  impl.RoleInfo (RoleInfo.java:updateAndGet(143)) - c652e2ee-3322-4406-8db6-1ea643cb3197: start FollowerState
2019-10-18 11:25:53,580 [Thread-4396] INFO  impl.FollowerState (FollowerState.java:run(117)) - 54aabb14-4a7d-4ab3-adbe-2e67760b87f4@group-7E32184879DE-FollowerState was interrupted: java.lang.InterruptedException: sleep interrupted
2019-10-18 11:25:53,580 [grpc-default-executor-3] INFO  impl.RoleInfo (RoleInfo.java:updateAndGet(143)) - 54aabb14-4a7d-4ab3-adbe-2e67760b87f4: start FollowerState
2019-10-18 11:25:53,605 [f535bb4a-cba0-4f9b-9e3e-e4a48b3eda51@group-7E32184879DE-LeaderElection622] INFO  impl.LeaderElection (LeaderElection.java:logAndReturn(56)) - f535bb4a-cba0-4f9b-9e3e-e4a48b3eda51@group-7E32184879DE-LeaderElection622: Election REJECTED; received 2 response(s) [f535bb4a-cba0-4f9b-9e3e-e4a48b3eda51<-54aabb14-4a7d-4ab3-adbe-2e67760b87f4#0:FAIL-t731, f535bb4a-cba0-4f9b-9e3e-e4a48b3eda51<-c652e2ee-3322-4406-8db6-1ea643cb3197#0:FAIL-t731] and 0 exception(s); f535bb4a-cba0-4f9b-9e3e-e4a48b3eda51@group-7E32184879DE:t731, leader=null, voted=f535bb4a-cba0-4f9b-9e3e-e4a48b3eda51, raftlog=f535bb4a-cba0-4f9b-9e3e-e4a48b3eda51@group-7E32184879DE-SegmentedRaftLog:OPENED:c-1,f-1,i0, conf=-1: [f535bb4a-cba0-4f9b-9e3e-e4a48b3eda51:0.0.0.0:44706, 54aabb14-4a7d-4ab3-adbe-2e67760b87f4:0.0.0.0:43074, c652e2ee-3322-4406-8db6-1ea643cb3197:0.0.0.0:42129], old=null
2019-10-18 11:25:53,605 [f535bb4a-cba0-4f9b-9e3e-e4a48b3eda51@group-7E32184879DE-LeaderElection622] INFO  impl.RaftServerImpl (RaftServerImpl.java:setRole(184)) - f535bb4a-cba0-4f9b-9e3e-e4a48b3eda51@group-7E32184879DE: changes role from CANDIDATE to FOLLOWER at term 731 for DISCOVERED_A_NEW_TERM
2019-10-18 11:25:53,605 [f535bb4a-cba0-4f9b-9e3e-e4a48b3eda51@group-7E32184879DE-LeaderElection622] INFO  impl.RoleInfo (RoleInfo.java:shutdownLeaderElection(134)) - f535bb4a-cba0-4f9b-9e3e-e4a48b3eda51: shutdown LeaderElection
2019-10-18 11:25:53,605 [f535bb4a-cba0-4f9b-9e3e-e4a48b3eda51@group-7E32184879DE-LeaderElection622] INFO  impl.RoleInfo (RoleInfo.java:updateAndGet(143)) - f535bb4a-cba0-4f9b-9e3e-e4a48b3eda51: start FollowerState
2019-10-18 11:25:53,773 [Thread-4403] INFO  impl.FollowerState (FollowerState.java:run(108)) - f535bb4a-cba0-4f9b-9e3e-e4a48b3eda51@group-7E32184879DE-FollowerState: change to CANDIDATE, lastRpcTime:167ms, electionTimeout:167ms
2019-10-18 11:25:53,773 [Thread-4403] INFO  impl.RoleInfo (RoleInfo.java:shutdownFollowerState(121)) - f535bb4a-cba0-4f9b-9e3e-e4a48b3eda51: shutdown FollowerState
2019-10-18 11:25:53,773 [Thread-4403] INFO  impl.RaftServerImpl (RaftServerImpl.java:setRole(184)) - f535bb4a-cba0-4f9b-9e3e-e4a48b3eda51@group-7E32184879DE: changes role from  FOLLOWER to CANDIDATE at term 731 for changeToCandidate
2019-10-18 11:25:53,773 [Thread-4403] INFO  impl.RoleInfo (RoleInfo.java:updateAndGet(143)) - f535bb4a-cba0-4f9b-9e3e-e4a48b3eda51: start LeaderElection
2019-10-18 11:25:53,804 [f535bb4a-cba0-4f9b-9e3e-e4a48b3eda51@group-7E32184879DE-LeaderElection623] INFO  impl.LeaderElection (LeaderElection.java:askForVotes(178)) - f535bb4a-cba0-4f9b-9e3e-e4a48b3eda51@group-7E32184879DE-LeaderElection623: begin an election at term 732 for -1: [f535bb4a-cba0-4f9b-9e3e-e4a48b3eda51:0.0.0.0:44706, 54aabb14-4a7d-4ab3-adbe-2e67760b87f4:0.0.0.0:43074, c652e2ee-3322-4406-8db6-1ea643cb3197:0.0.0.0:42129], old=null
2019-10-18 11:25:53,806 [grpc-default-executor-1] INFO  impl.RaftServerImpl (RaftServerImpl.java:setRole(184)) - c652e2ee-3322-4406-8db6-1ea643cb3197@group-7E32184879DE: changes role from  FOLLOWER to FOLLOWER at term 732 for recognizeCandidate:f535bb4a-cba0-4f9b-9e3e-e4a48b3eda51
2019-10-18 11:25:53,806 [grpc-default-executor-1] INFO  impl.RoleInfo (RoleInfo.java:shutdownFollowerState(121)) - c652e2ee-3322-4406-8db6-1ea643cb3197: shutdown FollowerState
2019-10-18 11:25:53,806 [grpc-default-executor-3] INFO  impl.RaftServerImpl (RaftServerImpl.java:setRole(184)) - 54aabb14-4a7d-4ab3-adbe-2e67760b87f4@group-7E32184879DE: changes role from  FOLLOWER to FOLLOWER at term 732 for recognizeCandidate:f535bb4a-cba0-4f9b-9e3e-e4a48b3eda51
2019-10-18 11:25:53,807 [Thread-4401] INFO  impl.FollowerState (FollowerState.java:run(117)) - c652e2ee-3322-4406-8db6-1ea643cb3197@group-7E32184879DE-FollowerState was interrupted: java.lang.InterruptedException: sleep interrupted
2019-10-18 11:25:53,806 [grpc-default-executor-1] INFO  impl.RoleInfo (RoleInfo.java:updateAndGet(143)) - c652e2ee-3322-4406-8db6-1ea643cb3197: start FollowerState
2019-10-18 11:25:53,807 [grpc-default-executor-3] INFO  impl.RoleInfo (RoleInfo.java:shutdownFollowerState(121)) - 54aabb14-4a7d-4ab3-adbe-2e67760b87f4: shutdown FollowerState
2019-10-18 11:25:53,807 [grpc-default-executor-3] INFO  impl.RoleInfo (RoleInfo.java:updateAndGet(143)) - 54aabb14-4a7d-4ab3-adbe-2e67760b87f4: start FollowerState
2019-10-18 11:25:53,807 [Thread-4402] INFO  impl.FollowerState (FollowerState.java:run(117)) - 54aabb14-4a7d-4ab3-adbe-2e67760b87f4@group-7E32184879DE-FollowerState was interrupted: java.lang.InterruptedException: sleep interrupted
2019-10-18 11:25:53,830 [f535bb4a-cba0-4f9b-9e3e-e4a48b3eda51@group-7E32184879DE-LeaderElection623] INFO  impl.LeaderElection (LeaderElection.java:logAndReturn(56)) - f535bb4a-cba0-4f9b-9e3e-e4a48b3eda51@group-7E32184879DE-LeaderElection623: Election REJECTED; received 2 response(s) [f535bb4a-cba0-4f9b-9e3e-e4a48b3eda51<-54aabb14-4a7d-4ab3-adbe-2e67760b87f4#0:FAIL-t732, f535bb4a-cba0-4f9b-9e3e-e4a48b3eda51<-c652e2ee-3322-4406-8db6-1ea643cb3197#0:FAIL-t732] and 0 exception(s); f535bb4a-cba0-4f9b-9e3e-e4a48b3eda51@group-7E32184879DE:t732, leader=null, voted=f535bb4a-cba0-4f9b-9e3e-e4a48b3eda51, raftlog=f535bb4a-cba0-4f9b-9e3e-e4a48b3eda51@group-7E32184879DE-SegmentedRaftLog:OPENED:c-1,f-1,i0, conf=-1: [f535bb4a-cba0-4f9b-9e3e-e4a48b3eda51:0.0.0.0:44706, 54aabb14-4a7d-4ab3-adbe-2e67760b87f4:0.0.0.0:43074, c652e2ee-3322-4406-8db6-1ea643cb3197:0.0.0.0:42129], old=null
2019-10-18 11:25:53,831 [f535bb4a-cba0-4f9b-9e3e-e4a48b3eda51@group-7E32184879DE-LeaderElection623] INFO  impl.RaftServerImpl (RaftServerImpl.java:setRole(184)) - f535bb4a-cba0-4f9b-9e3e-e4a48b3eda51@group-7E32184879DE: changes role from CANDIDATE to FOLLOWER at term 732 for DISCOVERED_A_NEW_TERM
2019-10-18 11:25:53,831 [f535bb4a-cba0-4f9b-9e3e-e4a48b3eda51@group-7E32184879DE-LeaderElection623] INFO  impl.RoleInfo (RoleInfo.java:shutdownLeaderElection(134)) - f535bb4a-cba0-4f9b-9e3e-e4a48b3eda51: shutdown LeaderElection
2019-10-18 11:25:53,831 [f535bb4a-cba0-4f9b-9e3e-e4a48b3eda51@group-7E32184879DE-LeaderElection623] INFO  impl.RoleInfo (RoleInfo.java:updateAndGet(143)) - f535bb4a-cba0-4f9b-9e3e-e4a48b3eda51: start FollowerState
2019-10-18 11:25:53,898 [Thread-4411] INFO  impl.FollowerState (FollowerState.java:run(108)) - f535bb4a-cba0-4f9b-9e3e-e4a48b3eda51@group-7E32184879DE-FollowerState: change to CANDIDATE, lastRpcTime:67ms, electionTimeout:67ms
2019-10-18 11:25:53,899 [Thread-4411] INFO  impl.RoleInfo (RoleInfo.java:shutdownFollowerState(121)) - f535bb4a-cba0-4f9b-9e3e-e4a48b3eda51: shutdown FollowerState
2019-10-18 11:25:53,899 [Thread-4411] INFO  impl.RaftServerImpl (RaftServerImpl.java:setRole(184)) - f535bb4a-cba0-4f9b-9e3e-e4a48b3eda51@group-7E32184879DE: changes role from  FOLLOWER to CANDIDATE at term 732 for changeToCandidate
2019-10-18 11:25:53,899 [Thread-4411] INFO  impl.RoleInfo (RoleInfo.java:updateAndGet(143)) - f535bb4a-cba0-4f9b-9e3e-e4a48b3eda51: start LeaderElection
2019-10-18 11:25:53,922 [f535bb4a-cba0-4f9b-9e3e-e4a48b3eda51@group-7E32184879DE-LeaderElection624] INFO  impl.LeaderElection (LeaderElection.java:askForVotes(178)) - f535bb4a-cba0-4f9b-9e3e-e4a48b3eda51@group-7E32184879DE-LeaderElection624: begin an election at term 733 for -1: [f535bb4a-cba0-4f9b-9e3e-e4a48b3eda51:0.0.0.0:44706, 54aabb14-4a7d-4ab3-adbe-2e67760b87f4:0.0.0.0:43074, c652e2ee-3322-4406-8db6-1ea643cb3197:0.0.0.0:42129], old=null
2019-10-18 11:25:53,924 [grpc-default-executor-3] INFO  impl.RaftServerImpl (RaftServerImpl.java:setRole(184)) - c652e2ee-3322-4406-8db6-1ea643cb3197@group-7E32184879DE: changes role from  FOLLOWER to FOLLOWER at term 733 for recognizeCandidate:f535bb4a-cba0-4f9b-9e3e-e4a48b3eda51
2019-10-18 11:25:53,924 [grpc-default-executor-1] INFO  impl.RaftServerImpl (RaftServerImpl.java:setRole(184)) - 54aabb14-4a7d-4ab3-adbe-2e67760b87f4@group-7E32184879DE: changes role from  FOLLOWER to FOLLOWER at term 733 for recognizeCandidate:f535bb4a-cba0-4f9b-9e3e-e4a48b3eda51
2019-10-18 11:25:53,924 [grpc-default-executor-1] INFO  impl.RoleInfo (RoleInfo.java:shutdownFollowerState(121)) - 54aabb14-4a7d-4ab3-adbe-2e67760b87f4: shutdown FollowerState
2019-10-18 11:25:53,924 [grpc-default-executor-3] INFO  impl.RoleInfo (RoleInfo.java:shutdownFollowerState(121)) - c652e2ee-3322-4406-8db6-1ea643cb3197: shutdown FollowerState
2019-10-18 11:25:53,925 [grpc-default-executor-3] INFO  impl.RoleInfo (RoleInfo.java:updateAndGet(143)) - c652e2ee-3322-4406-8db6-1ea643cb3197: start FollowerState
2019-10-18 11:25:53,925 [Thread-4410] INFO  impl.FollowerState (FollowerState.java:run(117)) - 54aabb14-4a7d-4ab3-adbe-2e67760b87f4@group-7E32184879DE-FollowerState was interrupted: java.lang.InterruptedException: sleep interrupted
2019-10-18 11:25:53,925 [grpc-default-executor-1] INFO  impl.RoleInfo (RoleInfo.java:updateAndGet(143)) - 54aabb14-4a7d-4ab3-adbe-2e67760b87f4: start FollowerState
2019-10-18 11:25:53,925 [Thread-4409] INFO  impl.FollowerState (FollowerState.java:run(117)) - c652e2ee-3322-4406-8db6-1ea643cb3197@group-7E32184879DE-FollowerState was interrupted: java.lang.InterruptedException: sleep interrupted
2019-10-18 11:25:53,948 [f535bb4a-cba0-4f9b-9e3e-e4a48b3eda51@group-7E32184879DE-LeaderElection624] INFO  impl.LeaderElection (LeaderElection.java:logAndReturn(56)) - f535bb4a-cba0-4f9b-9e3e-e4a48b3eda51@group-7E32184879DE-LeaderElection624: Election REJECTED; received 2 response(s) [f535bb4a-cba0-4f9b-9e3e-e4a48b3eda51<-54aabb14-4a7d-4ab3-adbe-2e67760b87f4#0:FAIL-t733, f535bb4a-cba0-4f9b-9e3e-e4a48b3eda51<-c652e2ee-3322-4406-8db6-1ea643cb3197#0:FAIL-t733] and 0 exception(s); f535bb4a-cba0-4f9b-9e3e-e4a48b3eda51@group-7E32184879DE:t733, leader=null, voted=f535bb4a-cba0-4f9b-9e3e-e4a48b3eda51, raftlog=f535bb4a-cba0-4f9b-9e3e-e4a48b3eda51@group-7E32184879DE-SegmentedRaftLog:OPENED:c-1,f-1,i0, conf=-1: [f535bb4a-cba0-4f9b-9e3e-e4a48b3eda51:0.0.0.0:44706, 54aabb14-4a7d-4ab3-adbe-2e67760b87f4:0.0.0.0:43074, c652e2ee-3322-4406-8db6-1ea643cb3197:0.0.0.0:42129], old=null
2019-10-18 11:25:53,948 [f535bb4a-cba0-4f9b-9e3e-e4a48b3eda51@group-7E32184879DE-LeaderElection624] INFO  impl.RaftServerImpl (RaftServerImpl.java:setRole(184)) - f535bb4a-cba0-4f9b-9e3e-e4a48b3eda51@group-7E32184879DE: changes role from CANDIDATE to FOLLOWER at term 733 for DISCOVERED_A_NEW_TERM
2019-10-18 11:25:53,948 [f535bb4a-cba0-4f9b-9e3e-e4a48b3eda51@group-7E32184879DE-LeaderElection624] INFO  impl.RoleInfo (RoleInfo.java:shutdownLeaderElection(134)) - f535bb4a-cba0-4f9b-9e3e-e4a48b3eda51: shutdown LeaderElection
2019-10-18 11:25:53,948 [f535bb4a-cba0-4f9b-9e3e-e4a48b3eda51@group-7E32184879DE-LeaderElection624] INFO  impl.RoleInfo (RoleInfo.java:updateAndGet(143)) - f535bb4a-cba0-4f9b-9e3e-e4a48b3eda51: start FollowerState
2019-10-18 11:25:54,120 [Thread-4417] INFO  impl.FollowerState (FollowerState.java:run(108)) - f535bb4a-cba0-4f9b-9e3e-e4a48b3eda51@group-7E32184879DE-FollowerState: change to CANDIDATE, lastRpcTime:171ms, electionTimeout:171ms
2019-10-18 11:25:54,120 [Thread-4417] INFO  impl.RoleInfo (RoleInfo.java:shutdownFollowerState(121)) - f535bb4a-cba0-4f9b-9e3e-e4a48b3eda51: shutdown FollowerState
2019-10-18 11:25:54,120 [Thread-4417] INFO  impl.RaftServerImpl (RaftServerImpl.java:setRole(184)) - f535bb4a-cba0-4f9b-9e3e-e4a48b3eda51@group-7E32184879DE: changes role from  FOLLOWER to CANDIDATE at term 733 for changeToCandidate
2019-10-18 11:25:54,120 [Thread-4417] INFO  impl.RoleInfo (RoleInfo.java:updateAndGet(143)) - f535bb4a-cba0-4f9b-9e3e-e4a48b3eda51: start LeaderElection
2019-10-18 11:25:54,147 [f535bb4a-cba0-4f9b-9e3e-e4a48b3eda51@group-7E32184879DE-LeaderElection625] INFO  impl.LeaderElection (LeaderElection.java:askForVotes(178)) - f535bb4a-cba0-4f9b-9e3e-e4a48b3eda51@group-7E32184879DE-LeaderElection625: begin an election at term 734 for -1: [f535bb4a-cba0-4f9b-9e3e-e4a48b3eda51:0.0.0.0:44706, 54aabb14-4a7d-4ab3-adbe-2e67760b87f4:0.0.0.0:43074, c652e2ee-3322-4406-8db6-1ea643cb3197:0.0.0.0:42129], old=null
2019-10-18 11:25:54,149 [grpc-default-executor-1] INFO  impl.RaftServerImpl (RaftServerImpl.java:setRole(184)) - 54aabb14-4a7d-4ab3-adbe-2e67760b87f4@group-7E32184879DE: changes role from  FOLLOWER to FOLLOWER at term 734 for recognizeCandidate:f535bb4a-cba0-4f9b-9e3e-e4a48b3eda51
2019-10-18 11:25:54,149 [grpc-default-executor-3] INFO  impl.RaftServerImpl (RaftServerImpl.java:setRole(184)) - c652e2ee-3322-4406-8db6-1ea643cb3197@group-7E32184879DE: changes role from  FOLLOWER to FOLLOWER at term 734 for recognizeCandidate:f535bb4a-cba0-4f9b-9e3e-e4a48b3eda51
2019-10-18 11:25:54,149 [grpc-default-executor-1] INFO  impl.RoleInfo (RoleInfo.java:shutdownFollowerState(121)) - 54aabb14-4a7d-4ab3-adbe-2e67760b87f4: shutdown FollowerState
2019-10-18 11:25:54,149 [grpc-default-executor-3] INFO  impl.RoleInfo (RoleInfo.java:shutdownFollowerState(121)) - c652e2ee-3322-4406-8db6-1ea643cb3197: shutdown FollowerState
2019-10-18 11:25:54,150 [Thread-4415] INFO  impl.FollowerState (FollowerState.java:run(117)) - 54aabb14-4a7d-4ab3-adbe-2e67760b87f4@group-7E32184879DE-FollowerState was interrupted: java.lang.InterruptedException: sleep interrupted
2019-10-18 11:25:54,150 [Thread-4416] INFO  impl.FollowerState (FollowerState.java:run(117)) - c652e2ee-3322-4406-8db6-1ea643cb3197@group-7E32184879DE-FollowerState was interrupted: java.lang.InterruptedException: sleep interrupted
2019-10-18 11:25:54,149 [grpc-default-executor-1] INFO  impl.RoleInfo (RoleInfo.java:updateAndGet(143)) - 54aabb14-4a7d-4ab3-adbe-2e67760b87f4: start FollowerState
2019-10-18 11:25:54,150 [grpc-default-executor-3] INFO  impl.RoleInfo (RoleInfo.java:updateAndGet(143)) - c652e2ee-3322-4406-8db6-1ea643cb3197: start FollowerState
2019-10-18 11:25:54,174 [f535bb4a-cba0-4f9b-9e3e-e4a48b3eda51@group-7E32184879DE-LeaderElection625] INFO  impl.LeaderElection (LeaderElection.java:logAndReturn(56)) - f535bb4a-cba0-4f9b-9e3e-e4a48b3eda51@group-7E32184879DE-LeaderElection625: Election REJECTED; received 2 response(s) [f535bb4a-cba0-4f9b-9e3e-e4a48b3eda51<-54aabb14-4a7d-4ab3-adbe-2e67760b87f4#0:FAIL-t734, f535bb4a-cba0-4f9b-9e3e-e4a48b3eda51<-c652e2ee-3322-4406-8db6-1ea643cb3197#0:FAIL-t734] and 0 exception(s); f535bb4a-cba0-4f9b-9e3e-e4a48b3eda51@group-7E32184879DE:t734, leader=null, voted=f535bb4a-cba0-4f9b-9e3e-e4a48b3eda51, raftlog=f535bb4a-cba0-4f9b-9e3e-e4a48b3eda51@group-7E32184879DE-SegmentedRaftLog:OPENED:c-1,f-1,i0, conf=-1: [f535bb4a-cba0-4f9b-9e3e-e4a48b3eda51:0.0.0.0:44706, 54aabb14-4a7d-4ab3-adbe-2e67760b87f4:0.0.0.0:43074, c652e2ee-3322-4406-8db6-1ea643cb3197:0.0.0.0:42129], old=null
2019-10-18 11:25:54,174 [f535bb4a-cba0-4f9b-9e3e-e4a48b3eda51@group-7E32184879DE-LeaderElection625] INFO  impl.RaftServerImpl (RaftServerImpl.java:setRole(184)) - f535bb4a-cba0-4f9b-9e3e-e4a48b3eda51@group-7E32184879DE: changes role from CANDIDATE to FOLLOWER at term 734 for DISCOVERED_A_NEW_TERM
2019-10-18 11:25:54,174 [f535bb4a-cba0-4f9b-9e3e-e4a48b3eda51@group-7E32184879DE-LeaderElection625] INFO  impl.RoleInfo (RoleInfo.java:shutdownLeaderElection(134)) - f535bb4a-cba0-4f9b-9e3e-e4a48b3eda51: shutdown LeaderElection
2019-10-18 11:25:54,174 [f535bb4a-cba0-4f9b-9e3e-e4a48b3eda51@group-7E32184879DE-LeaderElection625] INFO  impl.RoleInfo (RoleInfo.java:updateAndGet(143)) - f535bb4a-cba0-4f9b-9e3e-e4a48b3eda51: start FollowerState
2019-10-18 11:25:54,222 [Thread-4423] INFO  impl.FollowerState (FollowerState.java:run(108)) - f535bb4a-cba0-4f9b-9e3e-e4a48b3eda51@group-7E32184879DE-FollowerState: change to CANDIDATE, lastRpcTime:47ms, electionTimeout:47ms
2019-10-18 11:25:54,222 [Thread-4423] INFO  impl.RoleInfo (RoleInfo.java:shutdownFollowerState(121)) - f535bb4a-cba0-4f9b-9e3e-e4a48b3eda51: shutdown FollowerState
2019-10-18 11:25:54,222 [Thread-4423] INFO  impl.RaftServerImpl (RaftServerImpl.java:setRole(184)) - f535bb4a-cba0-4f9b-9e3e-e4a48b3eda51@group-7E32184879DE: changes role from  FOLLOWER to CANDIDATE at term 734 for changeToCandidate
2019-10-18 11:25:54,222 [Thread-4423] INFO  impl.RoleInfo (RoleInfo.java:updateAndGet(143)) - f535bb4a-cba0-4f9b-9e3e-e4a48b3eda51: start LeaderElection
2019-10-18 11:25:54,249 [f535bb4a-cba0-4f9b-9e3e-e4a48b3eda51@group-7E32184879DE-LeaderElection626] INFO  impl.LeaderElection (LeaderElection.java:askForVotes(178)) - f535bb4a-cba0-4f9b-9e3e-e4a48b3eda51@group-7E32184879DE-LeaderElection626: begin an election at term 735 for -1: [f535bb4a-cba0-4f9b-9e3e-e4a48b3eda51:0.0.0.0:44706, 54aabb14-4a7d-4ab3-adbe-2e67760b87f4:0.0.0.0:43074, c652e2ee-3322-4406-8db6-1ea643cb3197:0.0.0.0:42129], old=null
2019-10-18 11:25:54,252 [grpc-default-executor-3] INFO  impl.RaftServerImpl (RaftServerImpl.java:setRole(184)) - 54aabb14-4a7d-4ab3-adbe-2e67760b87f4@group-7E32184879DE: changes role from  FOLLOWER to FOLLOWER at term 735 for recognizeCandidate:f535bb4a-cba0-4f9b-9e3e-e4a48b3eda51
2019-10-18 11:25:54,252 [grpc-default-executor-1] INFO  impl.RaftServerImpl (RaftServerImpl.java:setRole(184)) - c652e2ee-3322-4406-8db6-1ea643cb3197@group-7E32184879DE: changes role from  FOLLOWER to FOLLOWER at term 735 for recognizeCandidate:f535bb4a-cba0-4f9b-9e3e-e4a48b3eda51
2019-10-18 11:25:54,252 [grpc-default-executor-1] INFO  impl.RoleInfo (RoleInfo.java:shutdownFollowerState(121)) - c652e2ee-3322-4406-8db6-1ea643cb3197: shutdown FollowerState
2019-10-18 11:25:54,252 [grpc-default-executor-3] INFO  impl.RoleInfo (RoleInfo.java:shutdownFollowerState(121)) - 54aabb14-4a7d-4ab3-adbe-2e67760b87f4: shutdown FollowerState
2019-10-18 11:25:54,252 [Thread-4422] INFO  impl.FollowerState (FollowerState.java:run(117)) - c652e2ee-3322-4406-8db6-1ea643cb3197@group-7E32184879DE-FollowerState was interrupted: java.lang.InterruptedException: sleep interrupted
2019-10-18 11:25:54,252 [grpc-default-executor-1] INFO  impl.RoleInfo (RoleInfo.java:updateAndGet(143)) - c652e2ee-3322-4406-8db6-1ea643cb3197: start FollowerState
2019-10-18 11:25:54,253 [Thread-4421] INFO  impl.FollowerState (FollowerState.java:run(117)) - 54aabb14-4a7d-4ab3-adbe-2e67760b87f4@group-7E32184879DE-FollowerState was interrupted: java.lang.InterruptedException: sleep interrupted
2019-10-18 11:25:54,252 [grpc-default-executor-3] INFO  impl.RoleInfo (RoleInfo.java:updateAndGet(143)) - 54aabb14-4a7d-4ab3-adbe-2e67760b87f4: start FollowerState
2019-10-18 11:25:54,275 [f535bb4a-cba0-4f9b-9e3e-e4a48b3eda51@group-7E32184879DE-LeaderElection626] INFO  impl.LeaderElection (LeaderElection.java:logAndReturn(56)) - f535bb4a-cba0-4f9b-9e3e-e4a48b3eda51@group-7E32184879DE-LeaderElection626: Election REJECTED; received 2 response(s) [f535bb4a-cba0-4f9b-9e3e-e4a48b3eda51<-54aabb14-4a7d-4ab3-adbe-2e67760b87f4#0:FAIL-t735, f535bb4a-cba0-4f9b-9e3e-e4a48b3eda51<-c652e2ee-3322-4406-8db6-1ea643cb3197#0:FAIL-t735] and 0 exception(s); f535bb4a-cba0-4f9b-9e3e-e4a48b3eda51@group-7E32184879DE:t735, leader=null, voted=f535bb4a-cba0-4f9b-9e3e-e4a48b3eda51, raftlog=f535bb4a-cba0-4f9b-9e3e-e4a48b3eda51@group-7E32184879DE-SegmentedRaftLog:OPENED:c-1,f-1,i0, conf=-1: [f535bb4a-cba0-4f9b-9e3e-e4a48b3eda51:0.0.0.0:44706, 54aabb14-4a7d-4ab3-adbe-2e67760b87f4:0.0.0.0:43074, c652e2ee-3322-4406-8db6-1ea643cb3197:0.0.0.0:42129], old=null
2019-10-18 11:25:54,275 [f535bb4a-cba0-4f9b-9e3e-e4a48b3eda51@group-7E32184879DE-LeaderElection626] INFO  impl.RaftServerImpl (RaftServerImpl.java:setRole(184)) - f535bb4a-cba0-4f9b-9e3e-e4a48b3eda51@group-7E32184879DE: changes role from CANDIDATE to FOLLOWER at term 735 for DISCOVERED_A_NEW_TERM
2019-10-18 11:25:54,275 [f535bb4a-cba0-4f9b-9e3e-e4a48b3eda51@group-7E32184879DE-LeaderElection626] INFO  impl.RoleInfo (RoleInfo.java:shutdownLeaderElection(134)) - f535bb4a-cba0-4f9b-9e3e-e4a48b3eda51: shutdown LeaderElection
2019-10-18 11:25:54,275 [f535bb4a-cba0-4f9b-9e3e-e4a48b3eda51@group-7E32184879DE-LeaderElection626] INFO  impl.RoleInfo (RoleInfo.java:updateAndGet(143)) - f535bb4a-cba0-4f9b-9e3e-e4a48b3eda51: start FollowerState
2019-10-18 11:25:54,334 [Thread-4429] INFO  impl.FollowerState (FollowerState.java:run(108)) - f535bb4a-cba0-4f9b-9e3e-e4a48b3eda51@group-7E32184879DE-FollowerState: change to CANDIDATE, lastRpcTime:58ms, electionTimeout:58ms
2019-10-18 11:25:54,334 [Thread-4429] INFO  impl.RoleInfo (RoleInfo.java:shutdownFollowerState(121)) - f535bb4a-cba0-4f9b-9e3e-e4a48b3eda51: shutdown FollowerState
2019-10-18 11:25:54,334 [Thread-4429] INFO  impl.RaftServerImpl (RaftServerImpl.java:setRole(184)) - f535bb4a-cba0-4f9b-9e3e-e4a48b3eda51@group-7E32184879DE: changes role from  FOLLOWER to CANDIDATE at term 735 for changeToCandidate
2019-10-18 11:25:54,334 [Thread-4429] INFO  impl.RoleInfo (RoleInfo.java:updateAndGet(143)) - f535bb4a-cba0-4f9b-9e3e-e4a48b3eda51: start LeaderElection
2019-10-18 11:25:54,358 [f535bb4a-cba0-4f9b-9e3e-e4a48b3eda51@group-7E32184879DE-LeaderElection627] INFO  impl.LeaderElection (LeaderElection.java:askForVotes(178)) - f535bb4a-cba0-4f9b-9e3e-e4a48b3eda51@group-7E32184879DE-LeaderElection627: begin an election at term 736 for -1: [f535bb4a-cba0-4f9b-9e3e-e4a48b3eda51:0.0.0.0:44706, 54aabb14-4a7d-4ab3-adbe-2e67760b87f4:0.0.0.0:43074, c652e2ee-3322-4406-8db6-1ea643cb3197:0.0.0.0:42129], old=null
2019-10-18 11:25:54,360 [grpc-default-executor-1] INFO  impl.RaftServerImpl (RaftServerImpl.java:setRole(184)) - 54aabb14-4a7d-4ab3-adbe-2e67760b87f4@group-7E32184879DE: changes role from  FOLLOWER to FOLLOWER at term 736 for recognizeCandidate:f535bb4a-cba0-4f9b-9e3e-e4a48b3eda51
2019-10-18 11:25:54,360 [grpc-default-executor-1] INFO  impl.RoleInfo (RoleInfo.java:shutdownFollowerState(121)) - 54aabb14-4a7d-4ab3-adbe-2e67760b87f4: shutdown FollowerState
2019-10-18 11:25:54,360 [grpc-default-executor-1] INFO  impl.RoleInfo (RoleInfo.java:updateAndGet(143)) - 54aabb14-4a7d-4ab3-adbe-2e67760b87f4: start FollowerState
2019-10-18 11:25:54,360 [Thread-4428] INFO  impl.FollowerState (FollowerState.java:run(117)) - 54aabb14-4a7d-4ab3-adbe-2e67760b87f4@group-7E32184879DE-FollowerState was interrupted: java.lang.InterruptedException: sleep interrupted
2019-10-18 11:25:54,362 [grpc-default-executor-3] INFO  impl.RaftServerImpl (RaftServerImpl.java:setRole(184)) - c652e2ee-3322-4406-8db6-1ea643cb3197@group-7E32184879DE: changes role from  FOLLOWER to FOLLOWER at term 736 for recognizeCandidate:f535bb4a-cba0-4f9b-9e3e-e4a48b3eda51
2019-10-18 11:25:54,362 [grpc-default-executor-3] INFO  impl.RoleInfo (RoleInfo.java:shutdownFollowerState(121)) - c652e2ee-3322-4406-8db6-1ea643cb3197: shutdown FollowerState
2019-10-18 11:25:54,362 [grpc-default-executor-3] INFO  impl.RoleInfo (RoleInfo.java:updateAndGet(143)) - c652e2ee-3322-4406-8db6-1ea643cb3197: start FollowerState
2019-10-18 11:25:54,362 [Thread-4427] INFO  impl.FollowerState (FollowerState.java:run(117)) - c652e2ee-3322-4406-8db6-1ea643cb3197@group-7E32184879DE-FollowerState was interrupted: java.lang.InterruptedException: sleep interrupted
2019-10-18 11:25:54,384 [f535bb4a-cba0-4f9b-9e3e-e4a48b3eda51@group-7E32184879DE-LeaderElection627] INFO  impl.LeaderElection (LeaderElection.java:logAndReturn(56)) - f535bb4a-cba0-4f9b-9e3e-e4a48b3eda51@group-7E32184879DE-LeaderElection627: Election REJECTED; received 2 response(s) [f535bb4a-cba0-4f9b-9e3e-e4a48b3eda51<-54aabb14-4a7d-4ab3-adbe-2e67760b87f4#0:FAIL-t736, f535bb4a-cba0-4f9b-9e3e-e4a48b3eda51<-c652e2ee-3322-4406-8db6-1ea643cb3197#0:FAIL-t736] and 0 exception(s); f535bb4a-cba0-4f9b-9e3e-e4a48b3eda51@group-7E32184879DE:t736, leader=null, voted=f535bb4a-cba0-4f9b-9e3e-e4a48b3eda51, raftlog=f535bb4a-cba0-4f9b-9e3e-e4a48b3eda51@group-7E32184879DE-SegmentedRaftLog:OPENED:c-1,f-1,i0, conf=-1: [f535bb4a-cba0-4f9b-9e3e-e4a48b3eda51:0.0.0.0:44706, 54aabb14-4a7d-4ab3-adbe-2e67760b87f4:0.0.0.0:43074, c652e2ee-3322-4406-8db6-1ea643cb3197:0.0.0.0:42129], old=null
2019-10-18 11:25:54,384 [f535bb4a-cba0-4f9b-9e3e-e4a48b3eda51@group-7E32184879DE-LeaderElection627] INFO  impl.RaftServerImpl (RaftServerImpl.java:setRole(184)) - f535bb4a-cba0-4f9b-9e3e-e4a48b3eda51@group-7E32184879DE: changes role from CANDIDATE to FOLLOWER at term 736 for DISCOVERED_A_NEW_TERM
2019-10-18 11:25:54,384 [f535bb4a-cba0-4f9b-9e3e-e4a48b3eda51@group-7E32184879DE-LeaderElection627] INFO  impl.RoleInfo (RoleInfo.java:shutdownLeaderElection(134)) - f535bb4a-cba0-4f9b-9e3e-e4a48b3eda51: shutdown LeaderElection
2019-10-18 11:25:54,385 [f535bb4a-cba0-4f9b-9e3e-e4a48b3eda51@group-7E32184879DE-LeaderElection627] INFO  impl.RoleInfo (RoleInfo.java:updateAndGet(143)) - f535bb4a-cba0-4f9b-9e3e-e4a48b3eda51: start FollowerState
2019-10-18 11:25:54,463 [Thread-4435] INFO  impl.FollowerState (FollowerState.java:run(108)) - f535bb4a-cba0-4f9b-9e3e-e4a48b3eda51@group-7E32184879DE-FollowerState: change to CANDIDATE, lastRpcTime:78ms, electionTimeout:78ms
2019-10-18 11:25:54,463 [Thread-4435] INFO  impl.RoleInfo (RoleInfo.java:shutdownFollowerState(121)) - f535bb4a-cba0-4f9b-9e3e-e4a48b3eda51: shutdown FollowerState
2019-10-18 11:25:54,463 [Thread-4435] INFO  impl.RaftServerImpl (RaftServerImpl.java:setRole(184)) - f535bb4a-cba0-4f9b-9e3e-e4a48b3eda51@group-7E32184879DE: changes role from  FOLLOWER to CANDIDATE at term 736 for changeToCandidate
2019-10-18 11:25:54,463 [Thread-4435] INFO  impl.RoleInfo (RoleInfo.java:updateAndGet(143)) - f535bb4a-cba0-4f9b-9e3e-e4a48b3eda51: start LeaderElection
2019-10-18 11:25:54,492 [f535bb4a-cba0-4f9b-9e3e-e4a48b3eda51@group-7E32184879DE-LeaderElection628] INFO  impl.LeaderElection (LeaderElection.java:askForVotes(178)) - f535bb4a-cba0-4f9b-9e3e-e4a48b3eda51@group-7E32184879DE-LeaderElection628: begin an election at term 737 for -1: [f535bb4a-cba0-4f9b-9e3e-e4a48b3eda51:0.0.0.0:44706, 54aabb14-4a7d-4ab3-adbe-2e67760b87f4:0.0.0.0:43074, c652e2ee-3322-4406-8db6-1ea643cb3197:0.0.0.0:42129], old=null
2019-10-18 11:25:54,494 [grpc-default-executor-3] INFO  impl.RaftServerImpl (RaftServerImpl.java:setRole(184)) - c652e2ee-3322-4406-8db6-1ea643cb3197@group-7E32184879DE: changes role from  FOLLOWER to FOLLOWER at term 737 for recognizeCandidate:f535bb4a-cba0-4f9b-9e3e-e4a48b3eda51
2019-10-18 11:25:54,494 [grpc-default-executor-1] INFO  impl.RaftServerImpl (RaftServerImpl.java:setRole(184)) - 54aabb14-4a7d-4ab3-adbe-2e67760b87f4@group-7E32184879DE: changes role from  FOLLOWER to FOLLOWER at term 737 for recognizeCandidate:f535bb4a-cba0-4f9b-9e3e-e4a48b3eda51
2019-10-18 11:25:54,494 [grpc-default-executor-1] INFO  impl.RoleInfo (RoleInfo.java:shutdownFollowerState(121)) - 54aabb14-4a7d-4ab3-adbe-2e67760b87f4: shutdown FollowerState
2019-10-18 11:25:54,494 [grpc-default-executor-3] INFO  impl.RoleInfo (RoleInfo.java:shutdownFollowerState(121)) - c652e2ee-3322-4406-8db6-1ea643cb3197: shutdown FollowerState
2019-10-18 11:25:54,494 [Thread-4433] INFO  impl.FollowerState (FollowerState.java:run(117)) - 54aabb14-4a7d-4ab3-adbe-2e67760b87f4@group-7E32184879DE-FollowerState was interrupted: java.lang.InterruptedException: sleep interrupted
2019-10-18 11:25:54,494 [grpc-default-executor-1] INFO  impl.RoleInfo (RoleInfo.java:updateAndGet(143)) - 54aabb14-4a7d-4ab3-adbe-2e67760b87f4: start FollowerState
2019-10-18 11:25:54,494 [Thread-4434] INFO  impl.FollowerState (FollowerState.java:run(117)) - c652e2ee-3322-4406-8db6-1ea643cb3197@group-7E32184879DE-FollowerState was interrupted: java.lang.InterruptedException: sleep interrupted
2019-10-18 11:25:54,494 [grpc-default-executor-3] INFO  impl.RoleInfo (RoleInfo.java:updateAndGet(143)) - c652e2ee-3322-4406-8db6-1ea643cb3197: start FollowerState
2019-10-18 11:25:54,502 [f535bb4a-cba0-4f9b-9e3e-e4a48b3eda51@group-7E32184879DE-LeaderElection628] INFO  impl.LeaderElection (LeaderElection.java:logAndReturn(56)) - f535bb4a-cba0-4f9b-9e3e-e4a48b3eda51@group-7E32184879DE-LeaderElection628: Election TIMEOUT; received 0 response(s) [] and 0 exception(s); f535bb4a-cba0-4f9b-9e3e-e4a48b3eda51@group-7E32184879DE:t737, leader=null, voted=f535bb4a-cba0-4f9b-9e3e-e4a48b3eda51, raftlog=f535bb4a-cba0-4f9b-9e3e-e4a48b3eda51@group-7E32184879DE-SegmentedRaftLog:OPENED:c-1,f-1,i0, conf=-1: [f535bb4a-cba0-4f9b-9e3e-e4a48b3eda51:0.0.0.0:44706, 54aabb14-4a7d-4ab3-adbe-2e67760b87f4:0.0.0.0:43074, c652e2ee-3322-4406-8db6-1ea643cb3197:0.0.0.0:42129], old=null
2019-10-18 11:25:54,518 [f535bb4a-cba0-4f9b-9e3e-e4a48b3eda51@group-7E32184879DE-LeaderElection628] INFO  impl.LeaderElection (LeaderElection.java:askForVotes(178)) - f535bb4a-cba0-4f9b-9e3e-e4a48b3eda51@group-7E32184879DE-LeaderElection628: begin an election at term 738 for -1: [f535bb4a-cba0-4f9b-9e3e-e4a48b3eda51:0.0.0.0:44706, 54aabb14-4a7d-4ab3-adbe-2e67760b87f4:0.0.0.0:43074, c652e2ee-3322-4406-8db6-1ea643cb3197:0.0.0.0:42129], old=null
2019-10-18 11:25:54,519 [grpc-default-executor-3] INFO  impl.RaftServerImpl (RaftServerImpl.java:setRole(184)) - 54aabb14-4a7d-4ab3-adbe-2e67760b87f4@group-7E32184879DE: changes role from  FOLLOWER to FOLLOWER at term 738 for recognizeCandidate:f535bb4a-cba0-4f9b-9e3e-e4a48b3eda51
2019-10-18 11:25:54,519 [grpc-default-executor-1] INFO  impl.RaftServerImpl (RaftServerImpl.java:setRole(184)) - c652e2ee-3322-4406-8db6-1ea643cb3197@group-7E32184879DE: changes role from  FOLLOWER to FOLLOWER at term 738 for recognizeCandidate:f535bb4a-cba0-4f9b-9e3e-e4a48b3eda51
2019-10-18 11:25:54,519 [grpc-default-executor-1] INFO  impl.RoleInfo (RoleInfo.java:shutdownFollowerState(121)) - c652e2ee-3322-4406-8db6-1ea643cb3197: shutdown FollowerState
2019-10-18 11:25:54,519 [grpc-default-executor-3] INFO  impl.RoleInfo (RoleInfo.java:shutdownFollowerState(121)) - 54aabb14-4a7d-4ab3-adbe-2e67760b87f4: shutdown FollowerState
2019-10-18 11:25:54,519 [Thread-4440] INFO  impl.FollowerState (FollowerState.java:run(117)) - c652e2ee-3322-4406-8db6-1ea643cb3197@group-7E32184879DE-FollowerState was interrupted: java.lang.InterruptedException: sleep interrupted
2019-10-18 11:25:54,519 [Thread-4439] INFO  impl.FollowerState (FollowerState.java:run(117)) - 54aabb14-4a7d-4ab3-adbe-2e67760b87f4@group-7E32184879DE-FollowerState was interrupted: java.lang.InterruptedException: sleep interrupted
2019-10-18 11:25:54,519 [grpc-default-executor-1] INFO  impl.RoleInfo (RoleInfo.java:updateAndGet(143)) - c652e2ee-3322-4406-8db6-1ea643cb3197: start FollowerState
2019-10-18 11:25:54,519 [grpc-default-executor-3] INFO  impl.RoleInfo (RoleInfo.java:updateAndGet(143)) - 54aabb14-4a7d-4ab3-adbe-2e67760b87f4: start FollowerState
2019-10-18 11:25:54,543 [f535bb4a-cba0-4f9b-9e3e-e4a48b3eda51@group-7E32184879DE-LeaderElection628] INFO  impl.LeaderElection (LeaderElection.java:logAndReturn(56)) - f535bb4a-cba0-4f9b-9e3e-e4a48b3eda51@group-7E32184879DE-LeaderElection628: Election REJECTED; received 2 response(s) [f535bb4a-cba0-4f9b-9e3e-e4a48b3eda51<-54aabb14-4a7d-4ab3-adbe-2e67760b87f4#0:FAIL-t738, f535bb4a-cba0-4f9b-9e3e-e4a48b3eda51<-c652e2ee-3322-4406-8db6-1ea643cb3197#0:FAIL-t738] and 0 exception(s); f535bb4a-cba0-4f9b-9e3e-e4a48b3eda51@group-7E32184879DE:t738, leader=null, voted=f535bb4a-cba0-4f9b-9e3e-e4a48b3eda51, raftlog=f535bb4a-cba0-4f9b-9e3e-e4a48b3eda51@group-7E32184879DE-SegmentedRaftLog:OPENED:c-1,f-1,i0, conf=-1: [f535bb4a-cba0-4f9b-9e3e-e4a48b3eda51:0.0.0.0:44706, 54aabb14-4a7d-4ab3-adbe-2e67760b87f4:0.0.0.0:43074, c652e2ee-3322-4406-8db6-1ea643cb3197:0.0.0.0:42129], old=null
2019-10-18 11:25:54,543 [f535bb4a-cba0-4f9b-9e3e-e4a48b3eda51@group-7E32184879DE-LeaderElection628] INFO  impl.RaftServerImpl (RaftServerImpl.java:setRole(184)) - f535bb4a-cba0-4f9b-9e3e-e4a48b3eda51@group-7E32184879DE: changes role from CANDIDATE to FOLLOWER at term 738 for DISCOVERED_A_NEW_TERM
2019-10-18 11:25:54,544 [f535bb4a-cba0-4f9b-9e3e-e4a48b3eda51@group-7E32184879DE-LeaderElection628] INFO  impl.RoleInfo (RoleInfo.java:shutdownLeaderElection(134)) - f535bb4a-cba0-4f9b-9e3e-e4a48b3eda51: shutdown LeaderElection
2019-10-18 11:25:54,544 [f535bb4a-cba0-4f9b-9e3e-e4a48b3eda51@group-7E32184879DE-LeaderElection628] INFO  impl.RoleInfo (RoleInfo.java:updateAndGet(143)) - f535bb4a-cba0-4f9b-9e3e-e4a48b3eda51: start FollowerState
2019-10-18 11:25:54,658 [Thread-4445] INFO  impl.FollowerState (FollowerState.java:run(108)) - f535bb4a-cba0-4f9b-9e3e-e4a48b3eda51@group-7E32184879DE-FollowerState: change to CANDIDATE, lastRpcTime:114ms, electionTimeout:114ms
2019-10-18 11:25:54,658 [Thread-4445] INFO  impl.RoleInfo (RoleInfo.java:shutdownFollowerState(121)) - f535bb4a-cba0-4f9b-9e3e-e4a48b3eda51: shutdown FollowerState
2019-10-18 11:25:54,658 [Thread-4445] INFO  impl.RaftServerImpl (RaftServerImpl.java:setRole(184)) - f535bb4a-cba0-4f9b-9e3e-e4a48b3eda51@group-7E32184879DE: changes role from  FOLLOWER to CANDIDATE at term 738 for changeToCandidate
2019-10-18 11:25:54,658 [Thread-4445] INFO  impl.RoleInfo (RoleInfo.java:updateAndGet(143)) - f535bb4a-cba0-4f9b-9e3e-e4a48b3eda51: start LeaderElection
2019-10-18 11:25:54,677 [f535bb4a-cba0-4f9b-9e3e-e4a48b3eda51@group-7E32184879DE-LeaderElection629] INFO  impl.LeaderElection (LeaderElection.java:askForVotes(178)) - f535bb4a-cba0-4f9b-9e3e-e4a48b3eda51@group-7E32184879DE-LeaderElection629: begin an election at term 739 for -1: [f535bb4a-cba0-4f9b-9e3e-e4a48b3eda51:0.0.0.0:44706, 54aabb14-4a7d-4ab3-adbe-2e67760b87f4:0.0.0.0:43074, c652e2ee-3322-4406-8db6-1ea643cb3197:0.0.0.0:42129], old=null
2019-10-18 11:25:54,678 [grpc-default-executor-3] INFO  impl.RaftServerImpl (RaftServerImpl.java:setRole(184)) - 54aabb14-4a7d-4ab3-adbe-2e67760b87f4@group-7E32184879DE: changes role from  FOLLOWER to FOLLOWER at term 739 for recognizeCandidate:f535bb4a-cba0-4f9b-9e3e-e4a48b3eda51
2019-10-18 11:25:54,678 [grpc-default-executor-1] INFO  impl.RaftServerImpl (RaftServerImpl.java:setRole(184)) - c652e2ee-3322-4406-8db6-1ea643cb3197@group-7E32184879DE: changes role from  FOLLOWER to FOLLOWER at term 739 for recognizeCandidate:f535bb4a-cba0-4f9b-9e3e-e4a48b3eda51
2019-10-18 11:25:54,679 [grpc-default-executor-1] INFO  impl.RoleInfo (RoleInfo.java:shutdownFollowerState(121)) - c652e2ee-3322-4406-8db6-1ea643cb3197: shutdown FollowerState
2019-10-18 11:25:54,678 [grpc-default-executor-3] INFO  impl.RoleInfo (RoleInfo.java:shutdownFollowerState(121)) - 54aabb14-4a7d-4ab3-adbe-2e67760b87f4: shutdown FollowerState
2019-10-18 11:25:54,679 [Thread-4443] INFO  impl.FollowerState (FollowerState.java:run(117)) - c652e2ee-3322-4406-8db6-1ea643cb3197@group-7E32184879DE-FollowerState was interrupted: java.lang.InterruptedException: sleep interrupted
2019-10-18 11:25:54,679 [grpc-default-executor-1] INFO  impl.RoleInfo (RoleInfo.java:updateAndGet(143)) - c652e2ee-3322-4406-8db6-1ea643cb3197: start FollowerState
2019-10-18 11:25:54,679 [Thread-4444] INFO  impl.FollowerState (FollowerState.java:run(117)) - 54aabb14-4a7d-4ab3-adbe-2e67760b87f4@group-7E32184879DE-FollowerState was interrupted: java.lang.InterruptedException: sleep interrupted
2019-10-18 11:25:54,679 [grpc-default-executor-3] INFO  impl.RoleInfo (RoleInfo.java:updateAndGet(143)) - 54aabb14-4a7d-4ab3-adbe-2e67760b87f4: start FollowerState
2019-10-18 11:25:54,702 [f535bb4a-cba0-4f9b-9e3e-e4a48b3eda51@group-7E32184879DE-LeaderElection629] INFO  impl.LeaderElection (LeaderElection.java:logAndReturn(56)) - f535bb4a-cba0-4f9b-9e3e-e4a48b3eda51@group-7E32184879DE-LeaderElection629: Election REJECTED; received 2 response(s) [f535bb4a-cba0-4f9b-9e3e-e4a48b3eda51<-54aabb14-4a7d-4ab3-adbe-2e67760b87f4#0:FAIL-t739, f535bb4a-cba0-4f9b-9e3e-e4a48b3eda51<-c652e2ee-3322-4406-8db6-1ea643cb3197#0:FAIL-t739] and 0 exception(s); f535bb4a-cba0-4f9b-9e3e-e4a48b3eda51@group-7E32184879DE:t739, leader=null, voted=f535bb4a-cba0-4f9b-9e3e-e4a48b3eda51, raftlog=f535bb4a-cba0-4f9b-9e3e-e4a48b3eda51@group-7E32184879DE-SegmentedRaftLog:OPENED:c-1,f-1,i0, conf=-1: [f535bb4a-cba0-4f9b-9e3e-e4a48b3eda51:0.0.0.0:44706, 54aabb14-4a7d-4ab3-adbe-2e67760b87f4:0.0.0.0:43074, c652e2ee-3322-4406-8db6-1ea643cb3197:0.0.0.0:42129], old=null
2019-10-18 11:25:54,703 [f535bb4a-cba0-4f9b-9e3e-e4a48b3eda51@group-7E32184879DE-LeaderElection629] INFO  impl.RaftServerImpl (RaftServerImpl.java:setRole(184)) - f535bb4a-cba0-4f9b-9e3e-e4a48b3eda51@group-7E32184879DE: changes role from CANDIDATE to FOLLOWER at term 739 for DISCOVERED_A_NEW_TERM
2019-10-18 11:25:54,703 [f535bb4a-cba0-4f9b-9e3e-e4a48b3eda51@group-7E32184879DE-LeaderElection629] INFO  impl.RoleInfo (RoleInfo.java:shutdownLeaderElection(134)) - f535bb4a-cba0-4f9b-9e3e-e4a48b3eda51: shutdown LeaderElection
2019-10-18 11:25:54,703 [f535bb4a-cba0-4f9b-9e3e-e4a48b3eda51@group-7E32184879DE-LeaderElection629] INFO  impl.RoleInfo (RoleInfo.java:updateAndGet(143)) - f535bb4a-cba0-4f9b-9e3e-e4a48b3eda51: start FollowerState
2019-10-18 11:25:54,839 [Thread-4451] INFO  impl.FollowerState (FollowerState.java:run(108)) - f535bb4a-cba0-4f9b-9e3e-e4a48b3eda51@group-7E32184879DE-FollowerState: change to CANDIDATE, lastRpcTime:136ms, electionTimeout:136ms
2019-10-18 11:25:54,839 [Thread-4451] INFO  impl.RoleInfo (RoleInfo.java:shutdownFollowerState(121)) - f535bb4a-cba0-4f9b-9e3e-e4a48b3eda51: shutdown FollowerState
2019-10-18 11:25:54,839 [Thread-4451] INFO  impl.RaftServerImpl (RaftServerImpl.java:setRole(184)) - f535bb4a-cba0-4f9b-9e3e-e4a48b3eda51@group-7E32184879DE: changes role from  FOLLOWER to CANDIDATE at term 739 for changeToCandidate
2019-10-18 11:25:54,840 [Thread-4451] INFO  impl.RoleInfo (RoleInfo.java:updateAndGet(143)) - f535bb4a-cba0-4f9b-9e3e-e4a48b3eda51: start LeaderElection
2019-10-18 11:25:54,869 [f535bb4a-cba0-4f9b-9e3e-e4a48b3eda51@group-7E32184879DE-LeaderElection630] INFO  impl.LeaderElection (LeaderElection.java:askForVotes(178)) - f535bb4a-cba0-4f9b-9e3e-e4a48b3eda51@group-7E32184879DE-LeaderElection630: begin an election at term 740 for -1: [f535bb4a-cba0-4f9b-9e3e-e4a48b3eda51:0.0.0.0:44706, 54aabb14-4a7d-4ab3-adbe-2e67760b87f4:0.0.0.0:43074, c652e2ee-3322-4406-8db6-1ea643cb3197:0.0.0.0:42129], old=null
2019-10-18 11:25:54,871 [grpc-default-executor-3] INFO  impl.RaftServerImpl (RaftServerImpl.java:setRole(184)) - 54aabb14-4a7d-4ab3-adbe-2e67760b87f4@group-7E32184879DE: changes role from  FOLLOWER to FOLLOWER at term 740 for recognizeCandidate:f535bb4a-cba0-4f9b-9e3e-e4a48b3eda51
2019-10-18 11:25:54,871 [grpc-default-executor-1] INFO  impl.RaftServerImpl (RaftServerImpl.java:setRole(184)) - c652e2ee-3322-4406-8db6-1ea643cb3197@group-7E32184879DE: changes role from  FOLLOWER to FOLLOWER at term 740 for recognizeCandidate:f535bb4a-cba0-4f9b-9e3e-e4a48b3eda51
2019-10-18 11:25:54,871 [grpc-default-executor-1] INFO  impl.RoleInfo (RoleInfo.java:shutdownFollowerState(121)) - c652e2ee-3322-4406-8db6-1ea643cb3197: shutdown FollowerState
2019-10-18 11:25:54,871 [grpc-default-executor-3] INFO  impl.RoleInfo (RoleInfo.java:shutdownFollowerState(121)) - 54aabb14-4a7d-4ab3-adbe-2e67760b87f4: shutdown FollowerState
2019-10-18 11:25:54,871 [Thread-4449] INFO  impl.FollowerState (FollowerState.java:run(117)) - c652e2ee-3322-4406-8db6-1ea643cb3197@group-7E32184879DE-FollowerState was interrupted: java.lang.InterruptedException: sleep interrupted
2019-10-18 11:25:54,871 [grpc-default-executor-1] INFO  impl.RoleInfo (RoleInfo.java:updateAndGet(143)) - c652e2ee-3322-4406-8db6-1ea643cb3197: start FollowerState
2019-10-18 11:25:54,871 [grpc-default-executor-3] INFO  impl.RoleInfo (RoleInfo.java:updateAndGet(143)) - 54aabb14-4a7d-4ab3-adbe-2e67760b87f4: start FollowerState
2019-10-18 11:25:54,871 [Thread-4450] INFO  impl.FollowerState (FollowerState.java:run(117)) - 54aabb14-4a7d-4ab3-adbe-2e67760b87f4@group-7E32184879DE-FollowerState was interrupted: java.lang.InterruptedException: sleep interrupted
2019-10-18 11:25:54,895 [f535bb4a-cba0-4f9b-9e3e-e4a48b3eda51@group-7E32184879DE-LeaderElection630] INFO  impl.LeaderElection (LeaderElection.java:logAndReturn(56)) - f535bb4a-cba0-4f9b-9e3e-e4a48b3eda51@group-7E32184879DE-LeaderElection630: Election REJECTED; received 2 response(s) [f535bb4a-cba0-4f9b-9e3e-e4a48b3eda51<-54aabb14-4a7d-4ab3-adbe-2e67760b87f4#0:FAIL-t740, f535bb4a-cba0-4f9b-9e3e-e4a48b3eda51<-c652e2ee-3322-4406-8db6-1ea643cb3197#0:FAIL-t740] and 0 exception(s); f535bb4a-cba0-4f9b-9e3e-e4a48b3eda51@group-7E32184879DE:t740, leader=null, voted=f535bb4a-cba0-4f9b-9e3e-e4a48b3eda51, raftlog=f535bb4a-cba0-4f9b-9e3e-e4a48b3eda51@group-7E32184879DE-SegmentedRaftLog:OPENED:c-1,f-1,i0, conf=-1: [f535bb4a-cba0-4f9b-9e3e-e4a48b3eda51:0.0.0.0:44706, 54aabb14-4a7d-4ab3-adbe-2e67760b87f4:0.0.0.0:43074, c652e2ee-3322-4406-8db6-1ea643cb3197:0.0.0.0:42129], old=null
2019-10-18 11:25:54,895 [f535bb4a-cba0-4f9b-9e3e-e4a48b3eda51@group-7E32184879DE-LeaderElection630] INFO  impl.RaftServerImpl (RaftServerImpl.java:setRole(184)) - f535bb4a-cba0-4f9b-9e3e-e4a48b3eda51@group-7E32184879DE: changes role from CANDIDATE to FOLLOWER at term 740 for DISCOVERED_A_NEW_TERM
2019-10-18 11:25:54,895 [f535bb4a-cba0-4f9b-9e3e-e4a48b3eda51@group-7E32184879DE-LeaderElection630] INFO  impl.RoleInfo (RoleInfo.java:shutdownLeaderElection(134)) - f535bb4a-cba0-4f9b-9e3e-e4a48b3eda51: shutdown LeaderElection
2019-10-18 11:25:54,895 [f535bb4a-cba0-4f9b-9e3e-e4a48b3eda51@group-7E32184879DE-LeaderElection630] INFO  impl.RoleInfo (RoleInfo.java:updateAndGet(143)) - f535bb4a-cba0-4f9b-9e3e-e4a48b3eda51: start FollowerState
2019-10-18 11:25:55,084 [Thread-4459] INFO  impl.FollowerState (FollowerState.java:run(108)) - f535bb4a-cba0-4f9b-9e3e-e4a48b3eda51@group-7E32184879DE-FollowerState: change to CANDIDATE, lastRpcTime:188ms, electionTimeout:188ms
2019-10-18 11:25:55,084 [Thread-4459] INFO  impl.RoleInfo (RoleInfo.java:shutdownFollowerState(121)) - f535bb4a-cba0-4f9b-9e3e-e4a48b3eda51: shutdown FollowerState
2019-10-18 11:25:55,084 [Thread-4459] INFO  impl.RaftServerImpl (RaftServerImpl.java:setRole(184)) - f535bb4a-cba0-4f9b-9e3e-e4a48b3eda51@group-7E32184879DE: changes role from  FOLLOWER to CANDIDATE at term 740 for changeToCandidate
2019-10-18 11:25:55,084 [Thread-4459] INFO  impl.RoleInfo (RoleInfo.java:updateAndGet(143)) - f535bb4a-cba0-4f9b-9e3e-e4a48b3eda51: start LeaderElection
2019-10-18 11:25:55,112 [f535bb4a-cba0-4f9b-9e3e-e4a48b3eda51@group-7E32184879DE-LeaderElection631] INFO  impl.LeaderElection (LeaderElection.java:askForVotes(178)) - f535bb4a-cba0-4f9b-9e3e-e4a48b3eda51@group-7E32184879DE-LeaderElection631: begin an election at term 741 for -1: [f535bb4a-cba0-4f9b-9e3e-e4a48b3eda51:0.0.0.0:44706, 54aabb14-4a7d-4ab3-adbe-2e67760b87f4:0.0.0.0:43074, c652e2ee-3322-4406-8db6-1ea643cb3197:0.0.0.0:42129], old=null
2019-10-18 11:25:55,113 [grpc-default-executor-3] INFO  impl.RaftServerImpl (RaftServerImpl.java:setRole(184)) - 54aabb14-4a7d-4ab3-adbe-2e67760b87f4@group-7E32184879DE: changes role from  FOLLOWER to FOLLOWER at term 741 for recognizeCandidate:f535bb4a-cba0-4f9b-9e3e-e4a48b3eda51
2019-10-18 11:25:55,113 [grpc-default-executor-1] INFO  impl.RaftServerImpl (RaftServerImpl.java:setRole(184)) - c652e2ee-3322-4406-8db6-1ea643cb3197@group-7E32184879DE: changes role from  FOLLOWER to FOLLOWER at term 741 for recognizeCandidate:f535bb4a-cba0-4f9b-9e3e-e4a48b3eda51
2019-10-18 11:25:55,113 [grpc-default-executor-1] INFO  impl.RoleInfo (RoleInfo.java:shutdownFollowerState(121)) - c652e2ee-3322-4406-8db6-1ea643cb3197: shutdown FollowerState
2019-10-18 11:25:55,113 [grpc-default-executor-3] INFO  impl.RoleInfo (RoleInfo.java:shutdownFollowerState(121)) - 54aabb14-4a7d-4ab3-adbe-2e67760b87f4: shutdown FollowerState
2019-10-18 11:25:55,114 [Thread-4457] INFO  impl.FollowerState (FollowerState.java:run(117)) - c652e2ee-3322-4406-8db6-1ea643cb3197@group-7E32184879DE-FollowerState was interrupted: java.lang.InterruptedException: sleep interrupted
2019-10-18 11:25:55,113 [grpc-default-executor-1] INFO  impl.RoleInfo (RoleInfo.java:updateAndGet(143)) - c652e2ee-3322-4406-8db6-1ea643cb3197: start FollowerState
2019-10-18 11:25:55,114 [Thread-4458] INFO  impl.FollowerState (FollowerState.java:run(117)) - 54aabb14-4a7d-4ab3-adbe-2e67760b87f4@group-7E32184879DE-FollowerState was interrupted: java.lang.InterruptedException: sleep interrupted
2019-10-18 11:25:55,114 [grpc-default-executor-3] INFO  impl.RoleInfo (RoleInfo.java:updateAndGet(143)) - 54aabb14-4a7d-4ab3-adbe-2e67760b87f4: start FollowerState
2019-10-18 11:25:55,137 [f535bb4a-cba0-4f9b-9e3e-e4a48b3eda51@group-7E32184879DE-LeaderElection631] INFO  impl.LeaderElection (LeaderElection.java:logAndReturn(56)) - f535bb4a-cba0-4f9b-9e3e-e4a48b3eda51@group-7E32184879DE-LeaderElection631: Election REJECTED; received 2 response(s) [f535bb4a-cba0-4f9b-9e3e-e4a48b3eda51<-54aabb14-4a7d-4ab3-adbe-2e67760b87f4#0:FAIL-t741, f535bb4a-cba0-4f9b-9e3e-e4a48b3eda51<-c652e2ee-3322-4406-8db6-1ea643cb3197#0:FAIL-t741] and 0 exception(s); f535bb4a-cba0-4f9b-9e3e-e4a48b3eda51@group-7E32184879DE:t741, leader=null, voted=f535bb4a-cba0-4f9b-9e3e-e4a48b3eda51, raftlog=f535bb4a-cba0-4f9b-9e3e-e4a48b3eda51@group-7E32184879DE-SegmentedRaftLog:OPENED:c-1,f-1,i0, conf=-1: [f535bb4a-cba0-4f9b-9e3e-e4a48b3eda51:0.0.0.0:44706, 54aabb14-4a7d-4ab3-adbe-2e67760b87f4:0.0.0.0:43074, c652e2ee-3322-4406-8db6-1ea643cb3197:0.0.0.0:42129], old=null
2019-10-18 11:25:55,137 [f535bb4a-cba0-4f9b-9e3e-e4a48b3eda51@group-7E32184879DE-LeaderElection631] INFO  impl.RaftServerImpl (RaftServerImpl.java:setRole(184)) - f535bb4a-cba0-4f9b-9e3e-e4a48b3eda51@group-7E32184879DE: changes role from CANDIDATE to FOLLOWER at term 741 for DISCOVERED_A_NEW_TERM
2019-10-18 11:25:55,137 [f535bb4a-cba0-4f9b-9e3e-e4a48b3eda51@group-7E32184879DE-LeaderElection631] INFO  impl.RoleInfo (RoleInfo.java:shutdownLeaderElection(134)) - f535bb4a-cba0-4f9b-9e3e-e4a48b3eda51: shutdown LeaderElection
2019-10-18 11:25:55,138 [f535bb4a-cba0-4f9b-9e3e-e4a48b3eda51@group-7E32184879DE-LeaderElection631] INFO  impl.RoleInfo (RoleInfo.java:updateAndGet(143)) - f535bb4a-cba0-4f9b-9e3e-e4a48b3eda51: start FollowerState
2019-10-18 11:25:55,190 [Thread-4465] INFO  impl.FollowerState (FollowerState.java:run(108)) - f535bb4a-cba0-4f9b-9e3e-e4a48b3eda51@group-7E32184879DE-FollowerState: change to CANDIDATE, lastRpcTime:52ms, electionTimeout:52ms
2019-10-18 11:25:55,190 [Thread-4465] INFO  impl.RoleInfo (RoleInfo.java:shutdownFollowerState(121)) - f535bb4a-cba0-4f9b-9e3e-e4a48b3eda51: shutdown FollowerState
2019-10-18 11:25:55,190 [Thread-4465] INFO  impl.RaftServerImpl (RaftServerImpl.java:setRole(184)) - f535bb4a-cba0-4f9b-9e3e-e4a48b3eda51@group-7E32184879DE: changes role from  FOLLOWER to CANDIDATE at term 741 for changeToCandidate
2019-10-18 11:25:55,190 [Thread-4465] INFO  impl.RoleInfo (RoleInfo.java:updateAndGet(143)) - f535bb4a-cba0-4f9b-9e3e-e4a48b3eda51: start LeaderElection
2019-10-18 11:25:55,212 [f535bb4a-cba0-4f9b-9e3e-e4a48b3eda51@group-7E32184879DE-LeaderElection632] INFO  impl.LeaderElection (LeaderElection.java:askForVotes(178)) - f535bb4a-cba0-4f9b-9e3e-e4a48b3eda51@group-7E32184879DE-LeaderElection632: begin an election at term 742 for -1: [f535bb4a-cba0-4f9b-9e3e-e4a48b3eda51:0.0.0.0:44706, 54aabb14-4a7d-4ab3-adbe-2e67760b87f4:0.0.0.0:43074, c652e2ee-3322-4406-8db6-1ea643cb3197:0.0.0.0:42129], old=null
2019-10-18 11:25:55,213 [grpc-default-executor-3] INFO  impl.RaftServerImpl (RaftServerImpl.java:setRole(184)) - 54aabb14-4a7d-4ab3-adbe-2e67760b87f4@group-7E32184879DE: changes role from  FOLLOWER to FOLLOWER at term 742 for recognizeCandidate:f535bb4a-cba0-4f9b-9e3e-e4a48b3eda51
2019-10-18 11:25:55,213 [grpc-default-executor-3] INFO  impl.RoleInfo (RoleInfo.java:shutdownFollowerState(121)) - 54aabb14-4a7d-4ab3-adbe-2e67760b87f4: shutdown FollowerState
2019-10-18 11:25:55,213 [grpc-default-executor-1] INFO  impl.RaftServerImpl (RaftServerImpl.java:setRole(184)) - c652e2ee-3322-4406-8db6-1ea643cb3197@group-7E32184879DE: changes role from  FOLLOWER to FOLLOWER at term 742 for recognizeCandidate:f535bb4a-cba0-4f9b-9e3e-e4a48b3eda51
2019-10-18 11:25:55,214 [grpc-default-executor-1] INFO  impl.RoleInfo (RoleInfo.java:shutdownFollowerState(121)) - c652e2ee-3322-4406-8db6-1ea643cb3197: shutdown FollowerState
2019-10-18 11:25:55,214 [Thread-4464] INFO  impl.FollowerState (FollowerState.java:run(117)) - 54aabb14-4a7d-4ab3-adbe-2e67760b87f4@group-7E32184879DE-FollowerState was interrupted: java.lang.InterruptedException: sleep interrupted
2019-10-18 11:25:55,213 [grpc-default-executor-3] INFO  impl.RoleInfo (RoleInfo.java:updateAndGet(143)) - 54aabb14-4a7d-4ab3-adbe-2e67760b87f4: start FollowerState
2019-10-18 11:25:55,214 [Thread-4463] INFO  impl.FollowerState (FollowerState.java:run(117)) - c652e2ee-3322-4406-8db6-1ea643cb3197@group-7E32184879DE-FollowerState was interrupted: java.lang.InterruptedException: sleep interrupted
2019-10-18 11:25:55,214 [grpc-default-executor-1] INFO  impl.RoleInfo (RoleInfo.java:updateAndGet(143)) - c652e2ee-3322-4406-8db6-1ea643cb3197: start FollowerState
2019-10-18 11:25:55,217 [f535bb4a-cba0-4f9b-9e3e-e4a48b3eda51@group-7E32184879DE-LeaderElection632] INFO  impl.LeaderElection (LeaderElection.java:logAndReturn(56)) - f535bb4a-cba0-4f9b-9e3e-e4a48b3eda51@group-7E32184879DE-LeaderElection632: Election TIMEOUT; received 0 response(s) [] and 0 exception(s); f535bb4a-cba0-4f9b-9e3e-e4a48b3eda51@group-7E32184879DE:t742, leader=null, voted=f535bb4a-cba0-4f9b-9e3e-e4a48b3eda51, raftlog=f535bb4a-cba0-4f9b-9e3e-e4a48b3eda51@group-7E32184879DE-SegmentedRaftLog:OPENED:c-1,f-1,i0, conf=-1: [f535bb4a-cba0-4f9b-9e3e-e4a48b3eda51:0.0.0.0:44706, 54aabb14-4a7d-4ab3-adbe-2e67760b87f4:0.0.0.0:43074, c652e2ee-3322-4406-8db6-1ea643cb3197:0.0.0.0:42129], old=null
2019-10-18 11:25:55,229 [f535bb4a-cba0-4f9b-9e3e-e4a48b3eda51@group-7E32184879DE-LeaderElection632] INFO  impl.LeaderElection (LeaderElection.java:askForVotes(178)) - f535bb4a-cba0-4f9b-9e3e-e4a48b3eda51@group-7E32184879DE-LeaderElection632: begin an election at term 743 for -1: [f535bb4a-cba0-4f9b-9e3e-e4a48b3eda51:0.0.0.0:44706, 54aabb14-4a7d-4ab3-adbe-2e67760b87f4:0.0.0.0:43074, c652e2ee-3322-4406-8db6-1ea643cb3197:0.0.0.0:42129], old=null
2019-10-18 11:25:55,231 [grpc-default-executor-3] INFO  impl.RaftServerImpl (RaftServerImpl.java:setRole(184)) - 54aabb14-4a7d-4ab3-adbe-2e67760b87f4@group-7E32184879DE: changes role from  FOLLOWER to FOLLOWER at term 743 for recognizeCandidate:f535bb4a-cba0-4f9b-9e3e-e4a48b3eda51
2019-10-18 11:25:55,231 [grpc-default-executor-3] INFO  impl.RoleInfo (RoleInfo.java:shutdownFollowerState(121)) - 54aabb14-4a7d-4ab3-adbe-2e67760b87f4: shutdown FollowerState
2019-10-18 11:25:55,231 [grpc-default-executor-3] INFO  impl.RoleInfo (RoleInfo.java:updateAndGet(143)) - 54aabb14-4a7d-4ab3-adbe-2e67760b87f4: start FollowerState
2019-10-18 11:25:55,231 [Thread-4469] INFO  impl.FollowerState (FollowerState.java:run(117)) - 54aabb14-4a7d-4ab3-adbe-2e67760b87f4@group-7E32184879DE-FollowerState was interrupted: java.lang.InterruptedException: sleep interrupted
2019-10-18 11:25:55,231 [grpc-default-executor-1] INFO  impl.RaftServerImpl (RaftServerImpl.java:setRole(184)) - c652e2ee-3322-4406-8db6-1ea643cb3197@group-7E32184879DE: changes role from  FOLLOWER to FOLLOWER at term 743 for recognizeCandidate:f535bb4a-cba0-4f9b-9e3e-e4a48b3eda51
2019-10-18 11:25:55,231 [grpc-default-executor-1] INFO  impl.RoleInfo (RoleInfo.java:shutdownFollowerState(121)) - c652e2ee-3322-4406-8db6-1ea643cb3197: shutdown FollowerState
2019-10-18 11:25:55,231 [grpc-default-executor-1] INFO  impl.RoleInfo (RoleInfo.java:updateAndGet(143)) - c652e2ee-3322-4406-8db6-1ea643cb3197: start FollowerState
2019-10-18 11:25:55,231 [Thread-4470] INFO  impl.FollowerState (FollowerState.java:run(117)) - c652e2ee-3322-4406-8db6-1ea643cb3197@group-7E32184879DE-FollowerState was interrupted: java.lang.InterruptedException: sleep interrupted
2019-10-18 11:25:55,255 [f535bb4a-cba0-4f9b-9e3e-e4a48b3eda51@group-7E32184879DE-LeaderElection632] INFO  impl.LeaderElection (LeaderElection.java:logAndReturn(56)) - f535bb4a-cba0-4f9b-9e3e-e4a48b3eda51@group-7E32184879DE-LeaderElection632: Election REJECTED; received 2 response(s) [f535bb4a-cba0-4f9b-9e3e-e4a48b3eda51<-54aabb14-4a7d-4ab3-adbe-2e67760b87f4#0:FAIL-t743, f535bb4a-cba0-4f9b-9e3e-e4a48b3eda51<-c652e2ee-3322-4406-8db6-1ea643cb3197#0:FAIL-t743] and 0 exception(s); f535bb4a-cba0-4f9b-9e3e-e4a48b3eda51@group-7E32184879DE:t743, leader=null, voted=f535bb4a-cba0-4f9b-9e3e-e4a48b3eda51, raftlog=f535bb4a-cba0-4f9b-9e3e-e4a48b3eda51@group-7E32184879DE-SegmentedRaftLog:OPENED:c-1,f-1,i0, conf=-1: [f535bb4a-cba0-4f9b-9e3e-e4a48b3eda51:0.0.0.0:44706, 54aabb14-4a7d-4ab3-adbe-2e67760b87f4:0.0.0.0:43074, c652e2ee-3322-4406-8db6-1ea643cb3197:0.0.0.0:42129], old=null
2019-10-18 11:25:55,255 [f535bb4a-cba0-4f9b-9e3e-e4a48b3eda51@group-7E32184879DE-LeaderElection632] INFO  impl.RaftServerImpl (RaftServerImpl.java:setRole(184)) - f535bb4a-cba0-4f9b-9e3e-e4a48b3eda51@group-7E32184879DE: changes role from CANDIDATE to FOLLOWER at term 743 for DISCOVERED_A_NEW_TERM
2019-10-18 11:25:55,255 [f535bb4a-cba0-4f9b-9e3e-e4a48b3eda51@group-7E32184879DE-LeaderElection632] INFO  impl.RoleInfo (RoleInfo.java:shutdownLeaderElection(134)) - f535bb4a-cba0-4f9b-9e3e-e4a48b3eda51: shutdown LeaderElection
2019-10-18 11:25:55,255 [f535bb4a-cba0-4f9b-9e3e-e4a48b3eda51@group-7E32184879DE-LeaderElection632] INFO  impl.RoleInfo (RoleInfo.java:updateAndGet(143)) - f535bb4a-cba0-4f9b-9e3e-e4a48b3eda51: start FollowerState
2019-10-18 11:25:55,415 [Thread-4475] INFO  impl.FollowerState (FollowerState.java:run(108)) - f535bb4a-cba0-4f9b-9e3e-e4a48b3eda51@group-7E32184879DE-FollowerState: change to CANDIDATE, lastRpcTime:159ms, electionTimeout:159ms
2019-10-18 11:25:55,415 [Thread-4475] INFO  impl.RoleInfo (RoleInfo.java:shutdownFollowerState(121)) - f535bb4a-cba0-4f9b-9e3e-e4a48b3eda51: shutdown FollowerState
2019-10-18 11:25:55,415 [Thread-4475] INFO  impl.RaftServerImpl (RaftServerImpl.java:setRole(184)) - f535bb4a-cba0-4f9b-9e3e-e4a48b3eda51@group-7E32184879DE: changes role from  FOLLOWER to CANDIDATE at term 743 for changeToCandidate
2019-10-18 11:25:55,416 [Thread-4475] INFO  impl.RoleInfo (RoleInfo.java:updateAndGet(143)) - f535bb4a-cba0-4f9b-9e3e-e4a48b3eda51: start LeaderElection
2019-10-18 11:25:55,447 [f535bb4a-cba0-4f9b-9e3e-e4a48b3eda51@group-7E32184879DE-LeaderElection633] INFO  impl.LeaderElection (LeaderElection.java:askForVotes(178)) - f535bb4a-cba0-4f9b-9e3e-e4a48b3eda51@group-7E32184879DE-LeaderElection633: begin an election at term 744 for -1: [f535bb4a-cba0-4f9b-9e3e-e4a48b3eda51:0.0.0.0:44706, 54aabb14-4a7d-4ab3-adbe-2e67760b87f4:0.0.0.0:43074, c652e2ee-3322-4406-8db6-1ea643cb3197:0.0.0.0:42129], old=null
2019-10-18 11:25:55,449 [grpc-default-executor-1] INFO  impl.RaftServerImpl (RaftServerImpl.java:setRole(184)) - c652e2ee-3322-4406-8db6-1ea643cb3197@group-7E32184879DE: changes role from  FOLLOWER to FOLLOWER at term 744 for recognizeCandidate:f535bb4a-cba0-4f9b-9e3e-e4a48b3eda51
2019-10-18 11:25:55,449 [grpc-default-executor-3] INFO  impl.RaftServerImpl (RaftServerImpl.java:setRole(184)) - 54aabb14-4a7d-4ab3-adbe-2e67760b87f4@group-7E32184879DE: changes role from  FOLLOWER to FOLLOWER at term 744 for recognizeCandidate:f535bb4a-cba0-4f9b-9e3e-e4a48b3eda51
2019-10-18 11:25:55,450 [grpc-default-executor-3] INFO  impl.RoleInfo (RoleInfo.java:shutdownFollowerState(121)) - 54aabb14-4a7d-4ab3-adbe-2e67760b87f4: shutdown FollowerState
2019-10-18 11:25:55,449 [grpc-default-executor-1] INFO  impl.RoleInfo (RoleInfo.java:shutdownFollowerState(121)) - c652e2ee-3322-4406-8db6-1ea643cb3197: shutdown FollowerState
2019-10-18 11:25:55,450 [Thread-4473] INFO  impl.FollowerState (FollowerState.java:run(117)) - 54aabb14-4a7d-4ab3-adbe-2e67760b87f4@group-7E32184879DE-FollowerState was interrupted: java.lang.InterruptedException: sleep interrupted
2019-10-18 11:25:55,450 [Thread-4474] INFO  impl.FollowerState (FollowerState.java:run(117)) - c652e2ee-3322-4406-8db6-1ea643cb3197@group-7E32184879DE-FollowerState was interrupted: java.lang.InterruptedException: sleep interrupted
2019-10-18 11:25:55,450 [grpc-default-executor-3] INFO  impl.RoleInfo (RoleInfo.java:updateAndGet(143)) - 54aabb14-4a7d-4ab3-adbe-2e67760b87f4: start FollowerState
2019-10-18 11:25:55,450 [grpc-default-executor-1] INFO  impl.RoleInfo (RoleInfo.java:updateAndGet(143)) - c652e2ee-3322-4406-8db6-1ea643cb3197: start FollowerState
2019-10-18 11:25:55,457 [f535bb4a-cba0-4f9b-9e3e-e4a48b3eda51@group-7E32184879DE-LeaderElection633] INFO  impl.LeaderElection (LeaderElection.java:logAndReturn(56)) - f535bb4a-cba0-4f9b-9e3e-e4a48b3eda51@group-7E32184879DE-LeaderElection633: Election TIMEOUT; received 0 response(s) [] and 0 exception(s); f535bb4a-cba0-4f9b-9e3e-e4a48b3eda51@group-7E32184879DE:t744, leader=null, voted=f535bb4a-cba0-4f9b-9e3e-e4a48b3eda51, raftlog=f535bb4a-cba0-4f9b-9e3e-e4a48b3eda51@group-7E32184879DE-SegmentedRaftLog:OPENED:c-1,f-1,i0, conf=-1: [f535bb4a-cba0-4f9b-9e3e-e4a48b3eda51:0.0.0.0:44706, 54aabb14-4a7d-4ab3-adbe-2e67760b87f4:0.0.0.0:43074, c652e2ee-3322-4406-8db6-1ea643cb3197:0.0.0.0:42129], old=null
2019-10-18 11:25:55,472 [f535bb4a-cba0-4f9b-9e3e-e4a48b3eda51@group-7E32184879DE-LeaderElection633] INFO  impl.LeaderElection (LeaderElection.java:askForVotes(178)) - f535bb4a-cba0-4f9b-9e3e-e4a48b3eda51@group-7E32184879DE-LeaderElection633: begin an election at term 745 for -1: [f535bb4a-cba0-4f9b-9e3e-e4a48b3eda51:0.0.0.0:44706, 54aabb14-4a7d-4ab3-adbe-2e67760b87f4:0.0.0.0:43074, c652e2ee-3322-4406-8db6-1ea643cb3197:0.0.0.0:42129], old=null
2019-10-18 11:25:55,474 [grpc-default-executor-1] INFO  impl.RaftServerImpl (RaftServerImpl.java:setRole(184)) - 54aabb14-4a7d-4ab3-adbe-2e67760b87f4@group-7E32184879DE: changes role from  FOLLOWER to FOLLOWER at term 745 for recognizeCandidate:f535bb4a-cba0-4f9b-9e3e-e4a48b3eda51
2019-10-18 11:25:55,474 [grpc-default-executor-1] INFO  impl.RoleInfo (RoleInfo.java:shutdownFollowerState(121)) - 54aabb14-4a7d-4ab3-adbe-2e67760b87f4: shutdown FollowerState
2019-10-18 11:25:55,474 [grpc-default-executor-1] INFO  impl.RoleInfo (RoleInfo.java:updateAndGet(143)) - 54aabb14-4a7d-4ab3-adbe-2e67760b87f4: start FollowerState
2019-10-18 11:25:55,474 [Thread-4479] INFO  impl.FollowerState (FollowerState.java:run(117)) - 54aabb14-4a7d-4ab3-adbe-2e67760b87f4@group-7E32184879DE-FollowerState was interrupted: java.lang.InterruptedException: sleep interrupted
2019-10-18 11:25:55,474 [grpc-default-executor-3] INFO  impl.RaftServerImpl (RaftServerImpl.java:setRole(184)) - c652e2ee-3322-4406-8db6-1ea643cb3197@group-7E32184879DE: changes role from  FOLLOWER to FOLLOWER at term 745 for recognizeCandidate:f535bb4a-cba0-4f9b-9e3e-e4a48b3eda51
2019-10-18 11:25:55,474 [grpc-default-executor-3] INFO  impl.RoleInfo (RoleInfo.java:shutdownFollowerState(121)) - c652e2ee-3322-4406-8db6-1ea643cb3197: shutdown FollowerState
2019-10-18 11:25:55,474 [grpc-default-executor-3] INFO  impl.RoleInfo (RoleInfo.java:updateAndGet(143)) - c652e2ee-3322-4406-8db6-1ea643cb3197: start FollowerState
2019-10-18 11:25:55,474 [Thread-4480] INFO  impl.FollowerState (FollowerState.java:run(117)) - c652e2ee-3322-4406-8db6-1ea643cb3197@group-7E32184879DE-FollowerState was interrupted: java.lang.InterruptedException: sleep interrupted
2019-10-18 11:25:55,490 [f535bb4a-cba0-4f9b-9e3e-e4a48b3eda51@group-7E32184879DE-LeaderElection633] INFO  impl.LeaderElection (LeaderElection.java:logAndReturn(56)) - f535bb4a-cba0-4f9b-9e3e-e4a48b3eda51@group-7E32184879DE-LeaderElection633: Election REJECTED; received 2 response(s) [f535bb4a-cba0-4f9b-9e3e-e4a48b3eda51<-54aabb14-4a7d-4ab3-adbe-2e67760b87f4#0:FAIL-t745, f535bb4a-cba0-4f9b-9e3e-e4a48b3eda51<-c652e2ee-3322-4406-8db6-1ea643cb3197#0:FAIL-t745] and 0 exception(s); f535bb4a-cba0-4f9b-9e3e-e4a48b3eda51@group-7E32184879DE:t745, leader=null, voted=f535bb4a-cba0-4f9b-9e3e-e4a48b3eda51, raftlog=f535bb4a-cba0-4f9b-9e3e-e4a48b3eda51@group-7E32184879DE-SegmentedRaftLog:OPENED:c-1,f-1,i0, conf=-1: [f535bb4a-cba0-4f9b-9e3e-e4a48b3eda51:0.0.0.0:44706, 54aabb14-4a7d-4ab3-adbe-2e67760b87f4:0.0.0.0:43074, c652e2ee-3322-4406-8db6-1ea643cb3197:0.0.0.0:42129], old=null
2019-10-18 11:25:55,490 [f535bb4a-cba0-4f9b-9e3e-e4a48b3eda51@group-7E32184879DE-LeaderElection633] INFO  impl.RaftServerImpl (RaftServerImpl.java:setRole(184)) - f535bb4a-cba0-4f9b-9e3e-e4a48b3eda51@group-7E32184879DE: changes role from CANDIDATE to FOLLOWER at term 745 for DISCOVERED_A_NEW_TERM
2019-10-18 11:25:55,490 [f535bb4a-cba0-4f9b-9e3e-e4a48b3eda51@group-7E32184879DE-LeaderElection633] INFO  impl.RoleInfo (RoleInfo.java:shutdownLeaderElection(134)) - f535bb4a-cba0-4f9b-9e3e-e4a48b3eda51: shutdown LeaderElection
2019-10-18 11:25:55,490 [f535bb4a-cba0-4f9b-9e3e-e4a48b3eda51@group-7E32184879DE-LeaderElection633] INFO  impl.RoleInfo (RoleInfo.java:updateAndGet(143)) - f535bb4a-cba0-4f9b-9e3e-e4a48b3eda51: start FollowerState
2019-10-18 11:25:55,606 [Thread-4485] INFO  impl.FollowerState (FollowerState.java:run(108)) - f535bb4a-cba0-4f9b-9e3e-e4a48b3eda51@group-7E32184879DE-FollowerState: change to CANDIDATE, lastRpcTime:116ms, electionTimeout:116ms
2019-10-18 11:25:55,606 [Thread-4485] INFO  impl.RoleInfo (RoleInfo.java:shutdownFollowerState(121)) - f535bb4a-cba0-4f9b-9e3e-e4a48b3eda51: shutdown FollowerState
2019-10-18 11:25:55,607 [Thread-4485] INFO  impl.RaftServerImpl (RaftServerImpl.java:setRole(184)) - f535bb4a-cba0-4f9b-9e3e-e4a48b3eda51@group-7E32184879DE: changes role from  FOLLOWER to CANDIDATE at term 745 for changeToCandidate
2019-10-18 11:25:55,607 [Thread-4485] INFO  impl.RoleInfo (RoleInfo.java:updateAndGet(143)) - f535bb4a-cba0-4f9b-9e3e-e4a48b3eda51: start LeaderElection
2019-10-18 11:25:55,631 [f535bb4a-cba0-4f9b-9e3e-e4a48b3eda51@group-7E32184879DE-LeaderElection634] INFO  impl.LeaderElection (LeaderElection.java:askForVotes(178)) - f535bb4a-cba0-4f9b-9e3e-e4a48b3eda51@group-7E32184879DE-LeaderElection634: begin an election at term 746 for -1: [f535bb4a-cba0-4f9b-9e3e-e4a48b3eda51:0.0.0.0:44706, 54aabb14-4a7d-4ab3-adbe-2e67760b87f4:0.0.0.0:43074, c652e2ee-3322-4406-8db6-1ea643cb3197:0.0.0.0:42129], old=null
2019-10-18 11:25:55,632 [grpc-default-executor-1] INFO  impl.RaftServerImpl (RaftServerImpl.java:setRole(184)) - 54aabb14-4a7d-4ab3-adbe-2e67760b87f4@group-7E32184879DE: changes role from  FOLLOWER to FOLLOWER at term 746 for recognizeCandidate:f535bb4a-cba0-4f9b-9e3e-e4a48b3eda51
2019-10-18 11:25:55,633 [grpc-default-executor-1] INFO  impl.RoleInfo (RoleInfo.java:shutdownFollowerState(121)) - 54aabb14-4a7d-4ab3-adbe-2e67760b87f4: shutdown FollowerState
2019-10-18 11:25:55,633 [grpc-default-executor-3] INFO  impl.RaftServerImpl (RaftServerImpl.java:setRole(184)) - c652e2ee-3322-4406-8db6-1ea643cb3197@group-7E32184879DE: changes role from  FOLLOWER to FOLLOWER at term 746 for recognizeCandidate:f535bb4a-cba0-4f9b-9e3e-e4a48b3eda51
2019-10-18 11:25:55,633 [grpc-default-executor-3] INFO  impl.RoleInfo (RoleInfo.java:shutdownFollowerState(121)) - c652e2ee-3322-4406-8db6-1ea643cb3197: shutdown FollowerState
2019-10-18 11:25:55,633 [Thread-4483] INFO  impl.FollowerState (FollowerState.java:run(117)) - 54aabb14-4a7d-4ab3-adbe-2e67760b87f4@group-7E32184879DE-FollowerState was interrupted: java.lang.InterruptedException: sleep interrupted
2019-10-18 11:25:55,633 [Thread-4484] INFO  impl.FollowerState (FollowerState.java:run(117)) - c652e2ee-3322-4406-8db6-1ea643cb3197@group-7E32184879DE-FollowerState was interrupted: java.lang.InterruptedException: sleep interrupted
2019-10-18 11:25:55,633 [grpc-default-executor-1] INFO  impl.RoleInfo (RoleInfo.java:updateAndGet(143)) - 54aabb14-4a7d-4ab3-adbe-2e67760b87f4: start FollowerState
2019-10-18 11:25:55,633 [grpc-default-executor-3] INFO  impl.RoleInfo (RoleInfo.java:updateAndGet(143)) - c652e2ee-3322-4406-8db6-1ea643cb3197: start FollowerState
2019-10-18 11:25:55,657 [f535bb4a-cba0-4f9b-9e3e-e4a48b3eda51@group-7E32184879DE-LeaderElection634] INFO  impl.LeaderElection (LeaderElection.java:logAndReturn(56)) - f535bb4a-cba0-4f9b-9e3e-e4a48b3eda51@group-7E32184879DE-LeaderElection634: Election REJECTED; received 2 response(s) [f535bb4a-cba0-4f9b-9e3e-e4a48b3eda51<-54aabb14-4a7d-4ab3-adbe-2e67760b87f4#0:FAIL-t746, f535bb4a-cba0-4f9b-9e3e-e4a48b3eda51<-c652e2ee-3322-4406-8db6-1ea643cb3197#0:FAIL-t746] and 0 exception(s); f535bb4a-cba0-4f9b-9e3e-e4a48b3eda51@group-7E32184879DE:t746, leader=null, voted=f535bb4a-cba0-4f9b-9e3e-e4a48b3eda51, raftlog=f535bb4a-cba0-4f9b-9e3e-e4a48b3eda51@group-7E32184879DE-SegmentedRaftLog:OPENED:c-1,f-1,i0, conf=-1: [f535bb4a-cba0-4f9b-9e3e-e4a48b3eda51:0.0.0.0:44706, 54aabb14-4a7d-4ab3-adbe-2e67760b87f4:0.0.0.0:43074, c652e2ee-3322-4406-8db6-1ea643cb3197:0.0.0.0:42129], old=null
2019-10-18 11:25:55,657 [f535bb4a-cba0-4f9b-9e3e-e4a48b3eda51@group-7E32184879DE-LeaderElection634] INFO  impl.RaftServerImpl (RaftServerImpl.java:setRole(184)) - f535bb4a-cba0-4f9b-9e3e-e4a48b3eda51@group-7E32184879DE: changes role from CANDIDATE to FOLLOWER at term 746 for DISCOVERED_A_NEW_TERM
2019-10-18 11:25:55,657 [f535bb4a-cba0-4f9b-9e3e-e4a48b3eda51@group-7E32184879DE-LeaderElection634] INFO  impl.RoleInfo (RoleInfo.java:shutdownLeaderElection(134)) - f535bb4a-cba0-4f9b-9e3e-e4a48b3eda51: shutdown LeaderElection
2019-10-18 11:25:55,657 [f535bb4a-cba0-4f9b-9e3e-e4a48b3eda51@group-7E32184879DE-LeaderElection634] INFO  impl.RoleInfo (RoleInfo.java:updateAndGet(143)) - f535bb4a-cba0-4f9b-9e3e-e4a48b3eda51: start FollowerState
2019-10-18 11:25:55,804 [Thread-4491] INFO  impl.FollowerState (FollowerState.java:run(108)) - f535bb4a-cba0-4f9b-9e3e-e4a48b3eda51@group-7E32184879DE-FollowerState: change to CANDIDATE, lastRpcTime:146ms, electionTimeout:146ms
2019-10-18 11:25:55,804 [Thread-4491] INFO  impl.RoleInfo (RoleInfo.java:shutdownFollowerState(121)) - f535bb4a-cba0-4f9b-9e3e-e4a48b3eda51: shutdown FollowerState
2019-10-18 11:25:55,804 [Thread-4491] INFO  impl.RaftServerImpl (RaftServerImpl.java:setRole(184)) - f535bb4a-cba0-4f9b-9e3e-e4a48b3eda51@group-7E32184879DE: changes role from  FOLLOWER to CANDIDATE at term 746 for changeToCandidate
2019-10-18 11:25:55,805 [Thread-4491] INFO  impl.RoleInfo (RoleInfo.java:updateAndGet(143)) - f535bb4a-cba0-4f9b-9e3e-e4a48b3eda51: start LeaderElection
2019-10-18 11:25:55,832 [f535bb4a-cba0-4f9b-9e3e-e4a48b3eda51@group-7E32184879DE-LeaderElection635] INFO  impl.LeaderElection (LeaderElection.java:askForVotes(178)) - f535bb4a-cba0-4f9b-9e3e-e4a48b3eda51@group-7E32184879DE-LeaderElection635: begin an election at term 747 for -1: [f535bb4a-cba0-4f9b-9e3e-e4a48b3eda51:0.0.0.0:44706, 54aabb14-4a7d-4ab3-adbe-2e67760b87f4:0.0.0.0:43074, c652e2ee-3322-4406-8db6-1ea643cb3197:0.0.0.0:42129], old=null
2019-10-18 11:25:55,834 [grpc-default-executor-3] INFO  impl.RaftServerImpl (RaftServerImpl.java:setRole(184)) - c652e2ee-3322-4406-8db6-1ea643cb3197@group-7E32184879DE: changes role from  FOLLOWER to FOLLOWER at term 747 for recognizeCandidate:f535bb4a-cba0-4f9b-9e3e-e4a48b3eda51
2019-10-18 11:25:55,834 [grpc-default-executor-3] INFO  impl.RoleInfo (RoleInfo.java:shutdownFollowerState(121)) - c652e2ee-3322-4406-8db6-1ea643cb3197: shutdown FollowerState
2019-10-18 11:25:55,834 [grpc-default-executor-1] INFO  impl.RaftServerImpl (RaftServerImpl.java:setRole(184)) - 54aabb14-4a7d-4ab3-adbe-2e67760b87f4@group-7E32184879DE: changes role from  FOLLOWER to FOLLOWER at term 747 for recognizeCandidate:f535bb4a-cba0-4f9b-9e3e-e4a48b3eda51
2019-10-18 11:25:55,835 [Thread-4490] INFO  impl.FollowerState (FollowerState.java:run(117)) - c652e2ee-3322-4406-8db6-1ea643cb3197@group-7E32184879DE-FollowerState was interrupted: java.lang.InterruptedException: sleep interrupted
2019-10-18 11:25:55,835 [grpc-default-executor-3] INFO  impl.RoleInfo (RoleInfo.java:updateAndGet(143)) - c652e2ee-3322-4406-8db6-1ea643cb3197: start FollowerState
2019-10-18 11:25:55,835 [grpc-default-executor-1] INFO  impl.RoleInfo (RoleInfo.java:shutdownFollowerState(121)) - 54aabb14-4a7d-4ab3-adbe-2e67760b87f4: shutdown FollowerState
2019-10-18 11:25:55,835 [grpc-default-executor-1] INFO  impl.RoleInfo (RoleInfo.java:updateAndGet(143)) - 54aabb14-4a7d-4ab3-adbe-2e67760b87f4: start FollowerState
2019-10-18 11:25:55,835 [Thread-4489] INFO  impl.FollowerState (FollowerState.java:run(117)) - 54aabb14-4a7d-4ab3-adbe-2e67760b87f4@group-7E32184879DE-FollowerState was interrupted: java.lang.InterruptedException: sleep interrupted
2019-10-18 11:25:55,858 [f535bb4a-cba0-4f9b-9e3e-e4a48b3eda51@group-7E32184879DE-LeaderElection635] INFO  impl.LeaderElection (LeaderElection.java:logAndReturn(56)) - f535bb4a-cba0-4f9b-9e3e-e4a48b3eda51@group-7E32184879DE-LeaderElection635: Election REJECTED; received 2 response(s) [f535bb4a-cba0-4f9b-9e3e-e4a48b3eda51<-54aabb14-4a7d-4ab3-adbe-2e67760b87f4#0:FAIL-t747, f535bb4a-cba0-4f9b-9e3e-e4a48b3eda51<-c652e2ee-3322-4406-8db6-1ea643cb3197#0:FAIL-t747] and 0 exception(s); f535bb4a-cba0-4f9b-9e3e-e4a48b3eda51@group-7E32184879DE:t747, leader=null, voted=f535bb4a-cba0-4f9b-9e3e-e4a48b3eda51, raftlog=f535bb4a-cba0-4f9b-9e3e-e4a48b3eda51@group-7E32184879DE-SegmentedRaftLog:OPENED:c-1,f-1,i0, conf=-1: [f535bb4a-cba0-4f9b-9e3e-e4a48b3eda51:0.0.0.0:44706, 54aabb14-4a7d-4ab3-adbe-2e67760b87f4:0.0.0.0:43074, c652e2ee-3322-4406-8db6-1ea643cb3197:0.0.0.0:42129], old=null
2019-10-18 11:25:55,858 [f535bb4a-cba0-4f9b-9e3e-e4a48b3eda51@group-7E32184879DE-LeaderElection635] INFO  impl.RaftServerImpl (RaftServerImpl.java:setRole(184)) - f535bb4a-cba0-4f9b-9e3e-e4a48b3eda51@group-7E32184879DE: changes role from CANDIDATE to FOLLOWER at term 747 for DISCOVERED_A_NEW_TERM
2019-10-18 11:25:55,858 [f535bb4a-cba0-4f9b-9e3e-e4a48b3eda51@group-7E32184879DE-LeaderElection635] INFO  impl.RoleInfo (RoleInfo.java:shutdownLeaderElection(134)) - f535bb4a-cba0-4f9b-9e3e-e4a48b3eda51: shutdown LeaderElection
2019-10-18 11:25:55,859 [f535bb4a-cba0-4f9b-9e3e-e4a48b3eda51@group-7E32184879DE-LeaderElection635] INFO  impl.RoleInfo (RoleInfo.java:updateAndGet(143)) - f535bb4a-cba0-4f9b-9e3e-e4a48b3eda51: start FollowerState
2019-10-18 11:25:55,965 [Thread-4499] INFO  impl.FollowerState (FollowerState.java:run(108)) - f535bb4a-cba0-4f9b-9e3e-e4a48b3eda51@group-7E32184879DE-FollowerState: change to CANDIDATE, lastRpcTime:106ms, electionTimeout:106ms
2019-10-18 11:25:55,965 [Thread-4499] INFO  impl.RoleInfo (RoleInfo.java:shutdownFollowerState(121)) - f535bb4a-cba0-4f9b-9e3e-e4a48b3eda51: shutdown FollowerState
2019-10-18 11:25:55,965 [Thread-4499] INFO  impl.RaftServerImpl (RaftServerImpl.java:setRole(184)) - f535bb4a-cba0-4f9b-9e3e-e4a48b3eda51@group-7E32184879DE: changes role from  FOLLOWER to CANDIDATE at term 747 for changeToCandidate
2019-10-18 11:25:55,965 [Thread-4499] INFO  impl.RoleInfo (RoleInfo.java:updateAndGet(143)) - f535bb4a-cba0-4f9b-9e3e-e4a48b3eda51: start LeaderElection
2019-10-18 11:25:55,992 [f535bb4a-cba0-4f9b-9e3e-e4a48b3eda51@group-7E32184879DE-LeaderElection636] INFO  impl.LeaderElection (LeaderElection.java:askForVotes(178)) - f535bb4a-cba0-4f9b-9e3e-e4a48b3eda51@group-7E32184879DE-LeaderElection636: begin an election at term 748 for -1: [f535bb4a-cba0-4f9b-9e3e-e4a48b3eda51:0.0.0.0:44706, 54aabb14-4a7d-4ab3-adbe-2e67760b87f4:0.0.0.0:43074, c652e2ee-3322-4406-8db6-1ea643cb3197:0.0.0.0:42129], old=null
2019-10-18 11:25:55,994 [grpc-default-executor-3] INFO  impl.RaftServerImpl (RaftServerImpl.java:setRole(184)) - c652e2ee-3322-4406-8db6-1ea643cb3197@group-7E32184879DE: changes role from  FOLLOWER to FOLLOWER at term 748 for recognizeCandidate:f535bb4a-cba0-4f9b-9e3e-e4a48b3eda51
2019-10-18 11:25:55,994 [grpc-default-executor-1] INFO  impl.RaftServerImpl (RaftServerImpl.java:setRole(184)) - 54aabb14-4a7d-4ab3-adbe-2e67760b87f4@group-7E32184879DE: changes role from  FOLLOWER to FOLLOWER at term 748 for recognizeCandidate:f535bb4a-cba0-4f9b-9e3e-e4a48b3eda51
2019-10-18 11:25:55,995 [grpc-default-executor-1] INFO  impl.RoleInfo (RoleInfo.java:shutdownFollowerState(121)) - 54aabb14-4a7d-4ab3-adbe-2e67760b87f4: shutdown FollowerState
2019-10-18 11:25:55,994 [grpc-default-executor-3] INFO  impl.RoleInfo (RoleInfo.java:shutdownFollowerState(121)) - c652e2ee-3322-4406-8db6-1ea643cb3197: shutdown FollowerState
2019-10-18 11:25:55,995 [Thread-4498] INFO  impl.FollowerState (FollowerState.java:run(117)) - 54aabb14-4a7d-4ab3-adbe-2e67760b87f4@group-7E32184879DE-FollowerState was interrupted: java.lang.InterruptedException: sleep interrupted
2019-10-18 11:25:55,995 [grpc-default-executor-1] INFO  impl.RoleInfo (RoleInfo.java:updateAndGet(143)) - 54aabb14-4a7d-4ab3-adbe-2e67760b87f4: start FollowerState
2019-10-18 11:25:55,995 [Thread-4497] INFO  impl.FollowerState (FollowerState.java:run(117)) - c652e2ee-3322-4406-8db6-1ea643cb3197@group-7E32184879DE-FollowerState was interrupted: java.lang.InterruptedException: sleep interrupted
2019-10-18 11:25:55,995 [grpc-default-executor-3] INFO  impl.RoleInfo (RoleInfo.java:updateAndGet(143)) - c652e2ee-3322-4406-8db6-1ea643cb3197: start FollowerState
2019-10-18 11:25:56,007 [f535bb4a-cba0-4f9b-9e3e-e4a48b3eda51@group-7E32184879DE-LeaderElection636] INFO  impl.LeaderElection (LeaderElection.java:logAndReturn(56)) - f535bb4a-cba0-4f9b-9e3e-e4a48b3eda51@group-7E32184879DE-LeaderElection636: Election TIMEOUT; received 0 response(s) [] and 0 exception(s); f535bb4a-cba0-4f9b-9e3e-e4a48b3eda51@group-7E32184879DE:t748, leader=null, voted=f535bb4a-cba0-4f9b-9e3e-e4a48b3eda51, raftlog=f535bb4a-cba0-4f9b-9e3e-e4a48b3eda51@group-7E32184879DE-SegmentedRaftLog:OPENED:c-1,f-1,i0, conf=-1: [f535bb4a-cba0-4f9b-9e3e-e4a48b3eda51:0.0.0.0:44706, 54aabb14-4a7d-4ab3-adbe-2e67760b87f4:0.0.0.0:43074, c652e2ee-3322-4406-8db6-1ea643cb3197:0.0.0.0:42129], old=null
2019-10-18 11:25:56,034 [f535bb4a-cba0-4f9b-9e3e-e4a48b3eda51@group-7E32184879DE-LeaderElection636] INFO  impl.LeaderElection (LeaderElection.java:askForVotes(178)) - f535bb4a-cba0-4f9b-9e3e-e4a48b3eda51@group-7E32184879DE-LeaderElection636: begin an election at term 749 for -1: [f535bb4a-cba0-4f9b-9e3e-e4a48b3eda51:0.0.0.0:44706, 54aabb14-4a7d-4ab3-adbe-2e67760b87f4:0.0.0.0:43074, c652e2ee-3322-4406-8db6-1ea643cb3197:0.0.0.0:42129], old=null
2019-10-18 11:25:56,037 [grpc-default-executor-1] INFO  impl.RaftServerImpl (RaftServerImpl.java:setRole(184)) - 54aabb14-4a7d-4ab3-adbe-2e67760b87f4@group-7E32184879DE: changes role from  FOLLOWER to FOLLOWER at term 749 for recognizeCandidate:f535bb4a-cba0-4f9b-9e3e-e4a48b3eda51
2019-10-18 11:25:56,037 [grpc-default-executor-1] INFO  impl.RoleInfo (RoleInfo.java:shutdownFollowerState(121)) - 54aabb14-4a7d-4ab3-adbe-2e67760b87f4: shutdown FollowerState
2019-10-18 11:25:56,037 [grpc-default-executor-3] INFO  impl.RaftServerImpl (RaftServerImpl.java:setRole(184)) - c652e2ee-3322-4406-8db6-1ea643cb3197@group-7E32184879DE: changes role from  FOLLOWER to FOLLOWER at term 749 for recognizeCandidate:f535bb4a-cba0-4f9b-9e3e-e4a48b3eda51
2019-10-18 11:25:56,037 [grpc-default-executor-3] INFO  impl.RoleInfo (RoleInfo.java:shutdownFollowerState(121)) - c652e2ee-3322-4406-8db6-1ea643cb3197: shutdown FollowerState
2019-10-18 11:25:56,037 [Thread-4503] INFO  impl.FollowerState (FollowerState.java:run(117)) - 54aabb14-4a7d-4ab3-adbe-2e67760b87f4@group-7E32184879DE-FollowerState was interrupted: java.lang.InterruptedException: sleep interrupted
2019-10-18 11:25:56,037 [grpc-default-executor-1] INFO  impl.RoleInfo (RoleInfo.java:updateAndGet(143)) - 54aabb14-4a7d-4ab3-adbe-2e67760b87f4: start FollowerState
2019-10-18 11:25:56,038 [Thread-4504] INFO  impl.FollowerState (FollowerState.java:run(117)) - c652e2ee-3322-4406-8db6-1ea643cb3197@group-7E32184879DE-FollowerState was interrupted: java.lang.InterruptedException: sleep interrupted
2019-10-18 11:25:56,038 [grpc-default-executor-3] INFO  impl.RoleInfo (RoleInfo.java:updateAndGet(143)) - c652e2ee-3322-4406-8db6-1ea643cb3197: start FollowerState
2019-10-18 11:25:56,069 [f535bb4a-cba0-4f9b-9e3e-e4a48b3eda51@group-7E32184879DE-LeaderElection636] INFO  impl.LeaderElection (LeaderElection.java:logAndReturn(56)) - f535bb4a-cba0-4f9b-9e3e-e4a48b3eda51@group-7E32184879DE-LeaderElection636: Election REJECTED; received 2 response(s) [f535bb4a-cba0-4f9b-9e3e-e4a48b3eda51<-54aabb14-4a7d-4ab3-adbe-2e67760b87f4#0:FAIL-t749, f535bb4a-cba0-4f9b-9e3e-e4a48b3eda51<-c652e2ee-3322-4406-8db6-1ea643cb3197#0:FAIL-t749] and 0 exception(s); f535bb4a-cba0-4f9b-9e3e-e4a48b3eda51@group-7E32184879DE:t749, leader=null, voted=f535bb4a-cba0-4f9b-9e3e-e4a48b3eda51, raftlog=f535bb4a-cba0-4f9b-9e3e-e4a48b3eda51@group-7E32184879DE-SegmentedRaftLog:OPENED:c-1,f-1,i0, conf=-1: [f535bb4a-cba0-4f9b-9e3e-e4a48b3eda51:0.0.0.0:44706, 54aabb14-4a7d-4ab3-adbe-2e67760b87f4:0.0.0.0:43074, c652e2ee-3322-4406-8db6-1ea643cb3197:0.0.0.0:42129], old=null
2019-10-18 11:25:56,069 [f535bb4a-cba0-4f9b-9e3e-e4a48b3eda51@group-7E32184879DE-LeaderElection636] INFO  impl.RaftServerImpl (RaftServerImpl.java:setRole(184)) - f535bb4a-cba0-4f9b-9e3e-e4a48b3eda51@group-7E32184879DE: changes role from CANDIDATE to FOLLOWER at term 749 for DISCOVERED_A_NEW_TERM
2019-10-18 11:25:56,069 [f535bb4a-cba0-4f9b-9e3e-e4a48b3eda51@group-7E32184879DE-LeaderElection636] INFO  impl.RoleInfo (RoleInfo.java:shutdownLeaderElection(134)) - f535bb4a-cba0-4f9b-9e3e-e4a48b3eda51: shutdown LeaderElection
2019-10-18 11:25:56,069 [f535bb4a-cba0-4f9b-9e3e-e4a48b3eda51@group-7E32184879DE-LeaderElection636] INFO  impl.RoleInfo (RoleInfo.java:updateAndGet(143)) - f535bb4a-cba0-4f9b-9e3e-e4a48b3eda51: start FollowerState
2019-10-18 11:25:56,248 [Thread-4509] INFO  impl.FollowerState (FollowerState.java:run(108)) - f535bb4a-cba0-4f9b-9e3e-e4a48b3eda51@group-7E32184879DE-FollowerState: change to CANDIDATE, lastRpcTime:178ms, electionTimeout:178ms
2019-10-18 11:25:56,248 [Thread-4509] INFO  impl.RoleInfo (RoleInfo.java:shutdownFollowerState(121)) - f535bb4a-cba0-4f9b-9e3e-e4a48b3eda51: shutdown FollowerState
2019-10-18 11:25:56,248 [Thread-4509] INFO  impl.RaftServerImpl (RaftServerImpl.java:setRole(184)) - f535bb4a-cba0-4f9b-9e3e-e4a48b3eda51@group-7E32184879DE: changes role from  FOLLOWER to CANDIDATE at term 749 for changeToCandidate
2019-10-18 11:25:56,248 [Thread-4509] INFO  impl.RoleInfo (RoleInfo.java:updateAndGet(143)) - f535bb4a-cba0-4f9b-9e3e-e4a48b3eda51: start LeaderElection
2019-10-18 11:25:56,277 [f535bb4a-cba0-4f9b-9e3e-e4a48b3eda51@group-7E32184879DE-LeaderElection637] INFO  impl.LeaderElection (LeaderElection.java:askForVotes(178)) - f535bb4a-cba0-4f9b-9e3e-e4a48b3eda51@group-7E32184879DE-LeaderElection637: begin an election at term 750 for -1: [f535bb4a-cba0-4f9b-9e3e-e4a48b3eda51:0.0.0.0:44706, 54aabb14-4a7d-4ab3-adbe-2e67760b87f4:0.0.0.0:43074, c652e2ee-3322-4406-8db6-1ea643cb3197:0.0.0.0:42129], old=null
2019-10-18 11:25:56,278 [grpc-default-executor-1] INFO  impl.RaftServerImpl (RaftServerImpl.java:setRole(184)) - c652e2ee-3322-4406-8db6-1ea643cb3197@group-7E32184879DE: changes role from  FOLLOWER to FOLLOWER at term 750 for recognizeCandidate:f535bb4a-cba0-4f9b-9e3e-e4a48b3eda51
2019-10-18 11:25:56,278 [grpc-default-executor-2] INFO  impl.RaftServerImpl (RaftServerImpl.java:setRole(184)) - 54aabb14-4a7d-4ab3-adbe-2e67760b87f4@group-7E32184879DE: changes role from  FOLLOWER to FOLLOWER at term 750 for recognizeCandidate:f535bb4a-cba0-4f9b-9e3e-e4a48b3eda51
2019-10-18 11:25:56,279 [grpc-default-executor-2] INFO  impl.RoleInfo (RoleInfo.java:shutdownFollowerState(121)) - 54aabb14-4a7d-4ab3-adbe-2e67760b87f4: shutdown FollowerState
2019-10-18 11:25:56,279 [grpc-default-executor-1] INFO  impl.RoleInfo (RoleInfo.java:shutdownFollowerState(121)) - c652e2ee-3322-4406-8db6-1ea643cb3197: shutdown FollowerState
2019-10-18 11:25:56,279 [Thread-4507] INFO  impl.FollowerState (FollowerState.java:run(117)) - 54aabb14-4a7d-4ab3-adbe-2e67760b87f4@group-7E32184879DE-FollowerState was interrupted: java.lang.InterruptedException: sleep interrupted
2019-10-18 11:25:56,279 [grpc-default-executor-2] INFO  impl.RoleInfo (RoleInfo.java:updateAndGet(143)) - 54aabb14-4a7d-4ab3-adbe-2e67760b87f4: start FollowerState
2019-10-18 11:25:56,279 [Thread-4508] INFO  impl.FollowerState (FollowerState.java:run(117)) - c652e2ee-3322-4406-8db6-1ea643cb3197@group-7E32184879DE-FollowerState was interrupted: java.lang.InterruptedException: sleep interrupted
2019-10-18 11:25:56,279 [grpc-default-executor-1] INFO  impl.RoleInfo (RoleInfo.java:updateAndGet(143)) - c652e2ee-3322-4406-8db6-1ea643cb3197: start FollowerState
2019-10-18 11:25:56,302 [f535bb4a-cba0-4f9b-9e3e-e4a48b3eda51@group-7E32184879DE-LeaderElection637] INFO  impl.LeaderElection (LeaderElection.java:logAndReturn(56)) - f535bb4a-cba0-4f9b-9e3e-e4a48b3eda51@group-7E32184879DE-LeaderElection637: Election REJECTED; received 2 response(s) [f535bb4a-cba0-4f9b-9e3e-e4a48b3eda51<-54aabb14-4a7d-4ab3-adbe-2e67760b87f4#0:FAIL-t750, f535bb4a-cba0-4f9b-9e3e-e4a48b3eda51<-c652e2ee-3322-4406-8db6-1ea643cb3197#0:FAIL-t750] and 0 exception(s); f535bb4a-cba0-4f9b-9e3e-e4a48b3eda51@group-7E32184879DE:t750, leader=null, voted=f535bb4a-cba0-4f9b-9e3e-e4a48b3eda51, raftlog=f535bb4a-cba0-4f9b-9e3e-e4a48b3eda51@group-7E32184879DE-SegmentedRaftLog:OPENED:c-1,f-1,i0, conf=-1: [f535bb4a-cba0-4f9b-9e3e-e4a48b3eda51:0.0.0.0:44706, 54aabb14-4a7d-4ab3-adbe-2e67760b87f4:0.0.0.0:43074, c652e2ee-3322-4406-8db6-1ea643cb3197:0.0.0.0:42129], old=null
2019-10-18 11:25:56,303 [f535bb4a-cba0-4f9b-9e3e-e4a48b3eda51@group-7E32184879DE-LeaderElection637] INFO  impl.RaftServerImpl (RaftServerImpl.java:setRole(184)) - f535bb4a-cba0-4f9b-9e3e-e4a48b3eda51@group-7E32184879DE: changes role from CANDIDATE to FOLLOWER at term 750 for DISCOVERED_A_NEW_TERM
2019-10-18 11:25:56,303 [f535bb4a-cba0-4f9b-9e3e-e4a48b3eda51@group-7E32184879DE-LeaderElection637] INFO  impl.RoleInfo (RoleInfo.java:shutdownLeaderElection(134)) - f535bb4a-cba0-4f9b-9e3e-e4a48b3eda51: shutdown LeaderElection
2019-10-18 11:25:56,303 [f535bb4a-cba0-4f9b-9e3e-e4a48b3eda51@group-7E32184879DE-LeaderElection637] INFO  impl.RoleInfo (RoleInfo.java:updateAndGet(143)) - f535bb4a-cba0-4f9b-9e3e-e4a48b3eda51: start FollowerState
2019-10-18 11:25:56,409 [Thread-4515] INFO  impl.FollowerState (FollowerState.java:run(108)) - f535bb4a-cba0-4f9b-9e3e-e4a48b3eda51@group-7E32184879DE-FollowerState: change to CANDIDATE, lastRpcTime:106ms, electionTimeout:106ms
2019-10-18 11:25:56,409 [Thread-4515] INFO  impl.RoleInfo (RoleInfo.java:shutdownFollowerState(121)) - f535bb4a-cba0-4f9b-9e3e-e4a48b3eda51: shutdown FollowerState
2019-10-18 11:25:56,409 [Thread-4515] INFO  impl.RaftServerImpl (RaftServerImpl.java:setRole(184)) - f535bb4a-cba0-4f9b-9e3e-e4a48b3eda51@group-7E32184879DE: changes role from  FOLLOWER to CANDIDATE at term 750 for changeToCandidate
2019-10-18 11:25:56,409 [Thread-4515] INFO  impl.RoleInfo (RoleInfo.java:updateAndGet(143)) - f535bb4a-cba0-4f9b-9e3e-e4a48b3eda51: start LeaderElection
2019-10-18 11:25:56,436 [f535bb4a-cba0-4f9b-9e3e-e4a48b3eda51@group-7E32184879DE-LeaderElection638] INFO  impl.LeaderElection (LeaderElection.java:askForVotes(178)) - f535bb4a-cba0-4f9b-9e3e-e4a48b3eda51@group-7E32184879DE-LeaderElection638: begin an election at term 751 for -1: [f535bb4a-cba0-4f9b-9e3e-e4a48b3eda51:0.0.0.0:44706, 54aabb14-4a7d-4ab3-adbe-2e67760b87f4:0.0.0.0:43074, c652e2ee-3322-4406-8db6-1ea643cb3197:0.0.0.0:42129], old=null
2019-10-18 11:25:56,437 [grpc-default-executor-1] INFO  impl.RaftServerImpl (RaftServerImpl.java:setRole(184)) - 54aabb14-4a7d-4ab3-adbe-2e67760b87f4@group-7E32184879DE: changes role from  FOLLOWER to FOLLOWER at term 751 for recognizeCandidate:f535bb4a-cba0-4f9b-9e3e-e4a48b3eda51
2019-10-18 11:25:56,437 [grpc-default-executor-1] INFO  impl.RoleInfo (RoleInfo.java:shutdownFollowerState(121)) - 54aabb14-4a7d-4ab3-adbe-2e67760b87f4: shutdown FollowerState
2019-10-18 11:25:56,437 [grpc-default-executor-2] INFO  impl.RaftServerImpl (RaftServerImpl.java:setRole(184)) - c652e2ee-3322-4406-8db6-1ea643cb3197@group-7E32184879DE: changes role from  FOLLOWER to FOLLOWER at term 751 for recognizeCandidate:f535bb4a-cba0-4f9b-9e3e-e4a48b3eda51
2019-10-18 11:25:56,438 [Thread-4513] INFO  impl.FollowerState (FollowerState.java:run(117)) - 54aabb14-4a7d-4ab3-adbe-2e67760b87f4@group-7E32184879DE-FollowerState was interrupted: java.lang.InterruptedException: sleep interrupted
2019-10-18 11:25:56,437 [grpc-default-executor-1] INFO  impl.RoleInfo (RoleInfo.java:updateAndGet(143)) - 54aabb14-4a7d-4ab3-adbe-2e67760b87f4: start FollowerState
2019-10-18 11:25:56,438 [grpc-default-executor-2] INFO  impl.RoleInfo (RoleInfo.java:shutdownFollowerState(121)) - c652e2ee-3322-4406-8db6-1ea643cb3197: shutdown FollowerState
2019-10-18 11:25:56,438 [grpc-default-executor-2] INFO  impl.RoleInfo (RoleInfo.java:updateAndGet(143)) - c652e2ee-3322-4406-8db6-1ea643cb3197: start FollowerState
2019-10-18 11:25:56,438 [Thread-4514] INFO  impl.FollowerState (FollowerState.java:run(117)) - c652e2ee-3322-4406-8db6-1ea643cb3197@group-7E32184879DE-FollowerState was interrupted: java.lang.InterruptedException: sleep interrupted
2019-10-18 11:25:56,462 [f535bb4a-cba0-4f9b-9e3e-e4a48b3eda51@group-7E32184879DE-LeaderElection638] INFO  impl.LeaderElection (LeaderElection.java:logAndReturn(56)) - f535bb4a-cba0-4f9b-9e3e-e4a48b3eda51@group-7E32184879DE-LeaderElection638: Election REJECTED; received 2 response(s) [f535bb4a-cba0-4f9b-9e3e-e4a48b3eda51<-54aabb14-4a7d-4ab3-adbe-2e67760b87f4#0:FAIL-t751, f535bb4a-cba0-4f9b-9e3e-e4a48b3eda51<-c652e2ee-3322-4406-8db6-1ea643cb3197#0:FAIL-t751] and 0 exception(s); f535bb4a-cba0-4f9b-9e3e-e4a48b3eda51@group-7E32184879DE:t751, leader=null, voted=f535bb4a-cba0-4f9b-9e3e-e4a48b3eda51, raftlog=f535bb4a-cba0-4f9b-9e3e-e4a48b3eda51@group-7E32184879DE-SegmentedRaftLog:OPENED:c-1,f-1,i0, conf=-1: [f535bb4a-cba0-4f9b-9e3e-e4a48b3eda51:0.0.0.0:44706, 54aabb14-4a7d-4ab3-adbe-2e67760b87f4:0.0.0.0:43074, c652e2ee-3322-4406-8db6-1ea643cb3197:0.0.0.0:42129], old=null
2019-10-18 11:25:56,462 [f535bb4a-cba0-4f9b-9e3e-e4a48b3eda51@group-7E32184879DE-LeaderElection638] INFO  impl.RaftServerImpl (RaftServerImpl.java:setRole(184)) - f535bb4a-cba0-4f9b-9e3e-e4a48b3eda51@group-7E32184879DE: changes role from CANDIDATE to FOLLOWER at term 751 for DISCOVERED_A_NEW_TERM
2019-10-18 11:25:56,462 [f535bb4a-cba0-4f9b-9e3e-e4a48b3eda51@group-7E32184879DE-LeaderElection638] INFO  impl.RoleInfo (RoleInfo.java:shutdownLeaderElection(134)) - f535bb4a-cba0-4f9b-9e3e-e4a48b3eda51: shutdown LeaderElection
2019-10-18 11:25:56,462 [f535bb4a-cba0-4f9b-9e3e-e4a48b3eda51@group-7E32184879DE-LeaderElection638] INFO  impl.RoleInfo (RoleInfo.java:updateAndGet(143)) - f535bb4a-cba0-4f9b-9e3e-e4a48b3eda51: start FollowerState
2019-10-18 11:25:56,508 [Thread-4521] INFO  impl.FollowerState (FollowerState.java:run(108)) - f535bb4a-cba0-4f9b-9e3e-e4a48b3eda51@group-7E32184879DE-FollowerState: change to CANDIDATE, lastRpcTime:46ms, electionTimeout:46ms
2019-10-18 11:25:56,508 [Thread-4521] INFO  impl.RoleInfo (RoleInfo.java:shutdownFollowerState(121)) - f535bb4a-cba0-4f9b-9e3e-e4a48b3eda51: shutdown FollowerState
2019-10-18 11:25:56,509 [Thread-4521] INFO  impl.RaftServerImpl (RaftServerImpl.java:setRole(184)) - f535bb4a-cba0-4f9b-9e3e-e4a48b3eda51@group-7E32184879DE: changes role from  FOLLOWER to CANDIDATE at term 751 for changeToCandidate
2019-10-18 11:25:56,509 [Thread-4521] INFO  impl.RoleInfo (RoleInfo.java:updateAndGet(143)) - f535bb4a-cba0-4f9b-9e3e-e4a48b3eda51: start LeaderElection
2019-10-18 11:25:56,537 [f535bb4a-cba0-4f9b-9e3e-e4a48b3eda51@group-7E32184879DE-LeaderElection639] INFO  impl.LeaderElection (LeaderElection.java:askForVotes(178)) - f535bb4a-cba0-4f9b-9e3e-e4a48b3eda51@group-7E32184879DE-LeaderElection639: begin an election at term 752 for -1: [f535bb4a-cba0-4f9b-9e3e-e4a48b3eda51:0.0.0.0:44706, 54aabb14-4a7d-4ab3-adbe-2e67760b87f4:0.0.0.0:43074, c652e2ee-3322-4406-8db6-1ea643cb3197:0.0.0.0:42129], old=null
2019-10-18 11:25:56,538 [grpc-default-executor-2] INFO  impl.RaftServerImpl (RaftServerImpl.java:setRole(184)) - 54aabb14-4a7d-4ab3-adbe-2e67760b87f4@group-7E32184879DE: changes role from  FOLLOWER to FOLLOWER at term 752 for recognizeCandidate:f535bb4a-cba0-4f9b-9e3e-e4a48b3eda51
2019-10-18 11:25:56,538 [grpc-default-executor-2] INFO  impl.RoleInfo (RoleInfo.java:shutdownFollowerState(121)) - 54aabb14-4a7d-4ab3-adbe-2e67760b87f4: shutdown FollowerState
2019-10-18 11:25:56,538 [grpc-default-executor-1] INFO  impl.RaftServerImpl (RaftServerImpl.java:setRole(184)) - c652e2ee-3322-4406-8db6-1ea643cb3197@group-7E32184879DE: changes role from  FOLLOWER to FOLLOWER at term 752 for recognizeCandidate:f535bb4a-cba0-4f9b-9e3e-e4a48b3eda51
2019-10-18 11:25:56,539 [grpc-default-executor-1] INFO  impl.RoleInfo (RoleInfo.java:shutdownFollowerState(121)) - c652e2ee-3322-4406-8db6-1ea643cb3197: shutdown FollowerState
2019-10-18 11:25:56,538 [Thread-4519] INFO  impl.FollowerState (FollowerState.java:run(117)) - 54aabb14-4a7d-4ab3-adbe-2e67760b87f4@group-7E32184879DE-FollowerState was interrupted: java.lang.InterruptedException: sleep interrupted
2019-10-18 11:25:56,538 [grpc-default-executor-2] INFO  impl.RoleInfo (RoleInfo.java:updateAndGet(143)) - 54aabb14-4a7d-4ab3-adbe-2e67760b87f4: start FollowerState
2019-10-18 11:25:56,539 [Thread-4520] INFO  impl.FollowerState (FollowerState.java:run(117)) - c652e2ee-3322-4406-8db6-1ea643cb3197@group-7E32184879DE-FollowerState was interrupted: java.lang.InterruptedException: sleep interrupted
2019-10-18 11:25:56,539 [grpc-default-executor-1] INFO  impl.RoleInfo (RoleInfo.java:updateAndGet(143)) - c652e2ee-3322-4406-8db6-1ea643cb3197: start FollowerState
2019-10-18 11:25:56,562 [f535bb4a-cba0-4f9b-9e3e-e4a48b3eda51@group-7E32184879DE-LeaderElection639] INFO  impl.LeaderElection (LeaderElection.java:logAndReturn(56)) - f535bb4a-cba0-4f9b-9e3e-e4a48b3eda51@group-7E32184879DE-LeaderElection639: Election REJECTED; received 2 response(s) [f535bb4a-cba0-4f9b-9e3e-e4a48b3eda51<-54aabb14-4a7d-4ab3-adbe-2e67760b87f4#0:FAIL-t752, f535bb4a-cba0-4f9b-9e3e-e4a48b3eda51<-c652e2ee-3322-4406-8db6-1ea643cb3197#0:FAIL-t752] and 0 exception(s); f535bb4a-cba0-4f9b-9e3e-e4a48b3eda51@group-7E32184879DE:t752, leader=null, voted=f535bb4a-cba0-4f9b-9e3e-e4a48b3eda51, raftlog=f535bb4a-cba0-4f9b-9e3e-e4a48b3eda51@group-7E32184879DE-SegmentedRaftLog:OPENED:c-1,f-1,i0, conf=-1: [f535bb4a-cba0-4f9b-9e3e-e4a48b3eda51:0.0.0.0:44706, 54aabb14-4a7d-4ab3-adbe-2e67760b87f4:0.0.0.0:43074, c652e2ee-3322-4406-8db6-1ea643cb3197:0.0.0.0:42129], old=null
2019-10-18 11:25:56,563 [f535bb4a-cba0-4f9b-9e3e-e4a48b3eda51@group-7E32184879DE-LeaderElection639] INFO  impl.RaftServerImpl (RaftServerImpl.java:setRole(184)) - f535bb4a-cba0-4f9b-9e3e-e4a48b3eda51@group-7E32184879DE: changes role from CANDIDATE to FOLLOWER at term 752 for DISCOVERED_A_NEW_TERM
2019-10-18 11:25:56,563 [f535bb4a-cba0-4f9b-9e3e-e4a48b3eda51@group-7E32184879DE-LeaderElection639] INFO  impl.RoleInfo (RoleInfo.java:shutdownLeaderElection(134)) - f535bb4a-cba0-4f9b-9e3e-e4a48b3eda51: shutdown LeaderElection
2019-10-18 11:25:56,563 [f535bb4a-cba0-4f9b-9e3e-e4a48b3eda51@group-7E32184879DE-LeaderElection639] INFO  impl.RoleInfo (RoleInfo.java:updateAndGet(143)) - f535bb4a-cba0-4f9b-9e3e-e4a48b3eda51: start FollowerState
2019-10-18 11:25:56,717 [Thread-4527] INFO  impl.FollowerState (FollowerState.java:run(108)) - f535bb4a-cba0-4f9b-9e3e-e4a48b3eda51@group-7E32184879DE-FollowerState: change to CANDIDATE, lastRpcTime:154ms, electionTimeout:154ms
2019-10-18 11:25:56,717 [Thread-4527] INFO  impl.RoleInfo (RoleInfo.java:shutdownFollowerState(121)) - f535bb4a-cba0-4f9b-9e3e-e4a48b3eda51: shutdown FollowerState
2019-10-18 11:25:56,718 [Thread-4527] INFO  impl.RaftServerImpl (RaftServerImpl.java:setRole(184)) - f535bb4a-cba0-4f9b-9e3e-e4a48b3eda51@group-7E32184879DE: changes role from  FOLLOWER to CANDIDATE at term 752 for changeToCandidate
2019-10-18 11:25:56,718 [Thread-4527] INFO  impl.RoleInfo (RoleInfo.java:updateAndGet(143)) - f535bb4a-cba0-4f9b-9e3e-e4a48b3eda51: start LeaderElection
2019-10-18 11:25:56,746 [f535bb4a-cba0-4f9b-9e3e-e4a48b3eda51@group-7E32184879DE-LeaderElection640] INFO  impl.LeaderElection (LeaderElection.java:askForVotes(178)) - f535bb4a-cba0-4f9b-9e3e-e4a48b3eda51@group-7E32184879DE-LeaderElection640: begin an election at term 753 for -1: [f535bb4a-cba0-4f9b-9e3e-e4a48b3eda51:0.0.0.0:44706, 54aabb14-4a7d-4ab3-adbe-2e67760b87f4:0.0.0.0:43074, c652e2ee-3322-4406-8db6-1ea643cb3197:0.0.0.0:42129], old=null
2019-10-18 11:25:56,748 [grpc-default-executor-2] INFO  impl.RaftServerImpl (RaftServerImpl.java:setRole(184)) - c652e2ee-3322-4406-8db6-1ea643cb3197@group-7E32184879DE: changes role from  FOLLOWER to FOLLOWER at term 753 for recognizeCandidate:f535bb4a-cba0-4f9b-9e3e-e4a48b3eda51
2019-10-18 11:25:56,748 [grpc-default-executor-2] INFO  impl.RoleInfo (RoleInfo.java:shutdownFollowerState(121)) - c652e2ee-3322-4406-8db6-1ea643cb3197: shutdown FollowerState
2019-10-18 11:25:56,748 [grpc-default-executor-1] INFO  impl.RaftServerImpl (RaftServerImpl.java:setRole(184)) - 54aabb14-4a7d-4ab3-adbe-2e67760b87f4@group-7E32184879DE: changes role from  FOLLOWER to FOLLOWER at term 753 for recognizeCandidate:f535bb4a-cba0-4f9b-9e3e-e4a48b3eda51
2019-10-18 11:25:56,748 [grpc-default-executor-1] INFO  impl.RoleInfo (RoleInfo.java:shutdownFollowerState(121)) - 54aabb14-4a7d-4ab3-adbe-2e67760b87f4: shutdown FollowerState
2019-10-18 11:25:56,748 [Thread-4526] INFO  impl.FollowerState (FollowerState.java:run(117)) - c652e2ee-3322-4406-8db6-1ea643cb3197@group-7E32184879DE-FollowerState was interrupted: java.lang.InterruptedException: sleep interrupted
2019-10-18 11:25:56,748 [grpc-default-executor-2] INFO  impl.RoleInfo (RoleInfo.java:updateAndGet(143)) - c652e2ee-3322-4406-8db6-1ea643cb3197: start FollowerState
2019-10-18 11:25:56,748 [Thread-4525] INFO  impl.FollowerState (FollowerState.java:run(117)) - 54aabb14-4a7d-4ab3-adbe-2e67760b87f4@group-7E32184879DE-FollowerState was interrupted: java.lang.InterruptedException: sleep interrupted
2019-10-18 11:25:56,748 [grpc-default-executor-1] INFO  impl.RoleInfo (RoleInfo.java:updateAndGet(143)) - 54aabb14-4a7d-4ab3-adbe-2e67760b87f4: start FollowerState
2019-10-18 11:25:56,772 [f535bb4a-cba0-4f9b-9e3e-e4a48b3eda51@group-7E32184879DE-LeaderElection640] INFO  impl.LeaderElection (LeaderElection.java:logAndReturn(56)) - f535bb4a-cba0-4f9b-9e3e-e4a48b3eda51@group-7E32184879DE-LeaderElection640: Election REJECTED; received 2 response(s) [f535bb4a-cba0-4f9b-9e3e-e4a48b3eda51<-54aabb14-4a7d-4ab3-adbe-2e67760b87f4#0:FAIL-t753, f535bb4a-cba0-4f9b-9e3e-e4a48b3eda51<-c652e2ee-3322-4406-8db6-1ea643cb3197#0:FAIL-t753] and 0 exception(s); f535bb4a-cba0-4f9b-9e3e-e4a48b3eda51@group-7E32184879DE:t753, leader=null, voted=f535bb4a-cba0-4f9b-9e3e-e4a48b3eda51, raftlog=f535bb4a-cba0-4f9b-9e3e-e4a48b3eda51@group-7E32184879DE-SegmentedRaftLog:OPENED:c-1,f-1,i0, conf=-1: [f535bb4a-cba0-4f9b-9e3e-e4a48b3eda51:0.0.0.0:44706, 54aabb14-4a7d-4ab3-adbe-2e67760b87f4:0.0.0.0:43074, c652e2ee-3322-4406-8db6-1ea643cb3197:0.0.0.0:42129], old=null
2019-10-18 11:25:56,772 [f535bb4a-cba0-4f9b-9e3e-e4a48b3eda51@group-7E32184879DE-LeaderElection640] INFO  impl.RaftServerImpl (RaftServerImpl.java:setRole(184)) - f535bb4a-cba0-4f9b-9e3e-e4a48b3eda51@group-7E32184879DE: changes role from CANDIDATE to FOLLOWER at term 753 for DISCOVERED_A_NEW_TERM
2019-10-18 11:25:56,772 [f535bb4a-cba0-4f9b-9e3e-e4a48b3eda51@group-7E32184879DE-LeaderElection640] INFO  impl.RoleInfo (RoleInfo.java:shutdownLeaderElection(134)) - f535bb4a-cba0-4f9b-9e3e-e4a48b3eda51: shutdown LeaderElection
2019-10-18 11:25:56,772 [f535bb4a-cba0-4f9b-9e3e-e4a48b3eda51@group-7E32184879DE-LeaderElection640] INFO  impl.RoleInfo (RoleInfo.java:updateAndGet(143)) - f535bb4a-cba0-4f9b-9e3e-e4a48b3eda51: start FollowerState
2019-10-18 11:25:56,845 [Thread-4533] INFO  impl.FollowerState (FollowerState.java:run(108)) - f535bb4a-cba0-4f9b-9e3e-e4a48b3eda51@group-7E32184879DE-FollowerState: change to CANDIDATE, lastRpcTime:72ms, electionTimeout:72ms
2019-10-18 11:25:56,845 [Thread-4533] INFO  impl.RoleInfo (RoleInfo.java:shutdownFollowerState(121)) - f535bb4a-cba0-4f9b-9e3e-e4a48b3eda51: shutdown FollowerState
2019-10-18 11:25:56,845 [Thread-4533] INFO  impl.RaftServerImpl (RaftServerImpl.java:setRole(184)) - f535bb4a-cba0-4f9b-9e3e-e4a48b3eda51@group-7E32184879DE: changes role from  FOLLOWER to CANDIDATE at term 753 for changeToCandidate
2019-10-18 11:25:56,845 [Thread-4533] INFO  impl.RoleInfo (RoleInfo.java:updateAndGet(143)) - f535bb4a-cba0-4f9b-9e3e-e4a48b3eda51: start LeaderElection
2019-10-18 11:25:56,871 [f535bb4a-cba0-4f9b-9e3e-e4a48b3eda51@group-7E32184879DE-LeaderElection641] INFO  impl.LeaderElection (LeaderElection.java:askForVotes(178)) - f535bb4a-cba0-4f9b-9e3e-e4a48b3eda51@group-7E32184879DE-LeaderElection641: begin an election at term 754 for -1: [f535bb4a-cba0-4f9b-9e3e-e4a48b3eda51:0.0.0.0:44706, 54aabb14-4a7d-4ab3-adbe-2e67760b87f4:0.0.0.0:43074, c652e2ee-3322-4406-8db6-1ea643cb3197:0.0.0.0:42129], old=null
2019-10-18 11:25:56,873 [grpc-default-executor-2] INFO  impl.RaftServerImpl (RaftServerImpl.java:setRole(184)) - 54aabb14-4a7d-4ab3-adbe-2e67760b87f4@group-7E32184879DE: changes role from  FOLLOWER to FOLLOWER at term 754 for recognizeCandidate:f535bb4a-cba0-4f9b-9e3e-e4a48b3eda51
2019-10-18 11:25:56,873 [grpc-default-executor-2] INFO  impl.RoleInfo (RoleInfo.java:shutdownFollowerState(121)) - 54aabb14-4a7d-4ab3-adbe-2e67760b87f4: shutdown FollowerState
2019-10-18 11:25:56,873 [grpc-default-executor-1] INFO  impl.RaftServerImpl (RaftServerImpl.java:setRole(184)) - c652e2ee-3322-4406-8db6-1ea643cb3197@group-7E32184879DE: changes role from  FOLLOWER to FOLLOWER at term 754 for recognizeCandidate:f535bb4a-cba0-4f9b-9e3e-e4a48b3eda51
2019-10-18 11:25:56,874 [grpc-default-executor-1] INFO  impl.RoleInfo (RoleInfo.java:shutdownFollowerState(121)) - c652e2ee-3322-4406-8db6-1ea643cb3197: shutdown FollowerState
2019-10-18 11:25:56,874 [Thread-4532] INFO  impl.FollowerState (FollowerState.java:run(117)) - 54aabb14-4a7d-4ab3-adbe-2e67760b87f4@group-7E32184879DE-FollowerState was interrupted: java.lang.InterruptedException: sleep interrupted
2019-10-18 11:25:56,874 [Thread-4531] INFO  impl.FollowerState (FollowerState.java:run(117)) - c652e2ee-3322-4406-8db6-1ea643cb3197@group-7E32184879DE-FollowerState was interrupted: java.lang.InterruptedException: sleep interrupted
2019-10-18 11:25:56,873 [grpc-default-executor-2] INFO  impl.RoleInfo (RoleInfo.java:updateAndGet(143)) - 54aabb14-4a7d-4ab3-adbe-2e67760b87f4: start FollowerState
2019-10-18 11:25:56,874 [grpc-default-executor-1] INFO  impl.RoleInfo (RoleInfo.java:updateAndGet(143)) - c652e2ee-3322-4406-8db6-1ea643cb3197: start FollowerState
2019-10-18 11:25:56,897 [f535bb4a-cba0-4f9b-9e3e-e4a48b3eda51@group-7E32184879DE-LeaderElection641] INFO  impl.LeaderElection (LeaderElection.java:logAndReturn(56)) - f535bb4a-cba0-4f9b-9e3e-e4a48b3eda51@group-7E32184879DE-LeaderElection641: Election REJECTED; received 2 response(s) [f535bb4a-cba0-4f9b-9e3e-e4a48b3eda51<-54aabb14-4a7d-4ab3-adbe-2e67760b87f4#0:FAIL-t754, f535bb4a-cba0-4f9b-9e3e-e4a48b3eda51<-c652e2ee-3322-4406-8db6-1ea643cb3197#0:FAIL-t754] and 0 exception(s); f535bb4a-cba0-4f9b-9e3e-e4a48b3eda51@group-7E32184879DE:t754, leader=null, voted=f535bb4a-cba0-4f9b-9e3e-e4a48b3eda51, raftlog=f535bb4a-cba0-4f9b-9e3e-e4a48b3eda51@group-7E32184879DE-SegmentedRaftLog:OPENED:c-1,f-1,i0, conf=-1: [f535bb4a-cba0-4f9b-9e3e-e4a48b3eda51:0.0.0.0:44706, 54aabb14-4a7d-4ab3-adbe-2e67760b87f4:0.0.0.0:43074, c652e2ee-3322-4406-8db6-1ea643cb3197:0.0.0.0:42129], old=null
2019-10-18 11:25:56,898 [f535bb4a-cba0-4f9b-9e3e-e4a48b3eda51@group-7E32184879DE-LeaderElection641] INFO  impl.RaftServerImpl (RaftServerImpl.java:setRole(184)) - f535bb4a-cba0-4f9b-9e3e-e4a48b3eda51@group-7E32184879DE: changes role from CANDIDATE to FOLLOWER at term 754 for DISCOVERED_A_NEW_TERM
2019-10-18 11:25:56,898 [f535bb4a-cba0-4f9b-9e3e-e4a48b3eda51@group-7E32184879DE-LeaderElection641] INFO  impl.RoleInfo (RoleInfo.java:shutdownLeaderElection(134)) - f535bb4a-cba0-4f9b-9e3e-e4a48b3eda51: shutdown LeaderElection
2019-10-18 11:25:56,898 [f535bb4a-cba0-4f9b-9e3e-e4a48b3eda51@group-7E32184879DE-LeaderElection641] INFO  impl.RoleInfo (RoleInfo.java:updateAndGet(143)) - f535bb4a-cba0-4f9b-9e3e-e4a48b3eda51: start FollowerState
2019-10-18 11:25:56,978 [Thread-4541] INFO  impl.FollowerState (FollowerState.java:run(108)) - f535bb4a-cba0-4f9b-9e3e-e4a48b3eda51@group-7E32184879DE-FollowerState: change to CANDIDATE, lastRpcTime:80ms, electionTimeout:80ms
2019-10-18 11:25:56,978 [Thread-4541] INFO  impl.RoleInfo (RoleInfo.java:shutdownFollowerState(121)) - f535bb4a-cba0-4f9b-9e3e-e4a48b3eda51: shutdown FollowerState
2019-10-18 11:25:56,979 [Thread-4541] INFO  impl.RaftServerImpl (RaftServerImpl.java:setRole(184)) - f535bb4a-cba0-4f9b-9e3e-e4a48b3eda51@group-7E32184879DE: changes role from  FOLLOWER to CANDIDATE at term 754 for changeToCandidate
2019-10-18 11:25:56,979 [Thread-4541] INFO  impl.RoleInfo (RoleInfo.java:updateAndGet(143)) - f535bb4a-cba0-4f9b-9e3e-e4a48b3eda51: start LeaderElection
2019-10-18 11:25:57,006 [f535bb4a-cba0-4f9b-9e3e-e4a48b3eda51@group-7E32184879DE-LeaderElection642] INFO  impl.LeaderElection (LeaderElection.java:askForVotes(178)) - f535bb4a-cba0-4f9b-9e3e-e4a48b3eda51@group-7E32184879DE-LeaderElection642: begin an election at term 755 for -1: [f535bb4a-cba0-4f9b-9e3e-e4a48b3eda51:0.0.0.0:44706, 54aabb14-4a7d-4ab3-adbe-2e67760b87f4:0.0.0.0:43074, c652e2ee-3322-4406-8db6-1ea643cb3197:0.0.0.0:42129], old=null
2019-10-18 11:25:57,008 [grpc-default-executor-2] INFO  impl.RaftServerImpl (RaftServerImpl.java:setRole(184)) - c652e2ee-3322-4406-8db6-1ea643cb3197@group-7E32184879DE: changes role from  FOLLOWER to FOLLOWER at term 755 for recognizeCandidate:f535bb4a-cba0-4f9b-9e3e-e4a48b3eda51
2019-10-18 11:25:57,008 [grpc-default-executor-2] INFO  impl.RoleInfo (RoleInfo.java:shutdownFollowerState(121)) - c652e2ee-3322-4406-8db6-1ea643cb3197: shutdown FollowerState
2019-10-18 11:25:57,008 [grpc-default-executor-1] INFO  impl.RaftServerImpl (RaftServerImpl.java:setRole(184)) - 54aabb14-4a7d-4ab3-adbe-2e67760b87f4@group-7E32184879DE: changes role from  FOLLOWER to FOLLOWER at term 755 for recognizeCandidate:f535bb4a-cba0-4f9b-9e3e-e4a48b3eda51
2019-10-18 11:25:57,009 [grpc-default-executor-1] INFO  impl.RoleInfo (RoleInfo.java:shutdownFollowerState(121)) - 54aabb14-4a7d-4ab3-adbe-2e67760b87f4: shutdown FollowerState
2019-10-18 11:25:57,008 [Thread-4540] INFO  impl.FollowerState (FollowerState.java:run(117)) - c652e2ee-3322-4406-8db6-1ea643cb3197@group-7E32184879DE-FollowerState was interrupted: java.lang.InterruptedException: sleep interrupted
2019-10-18 11:25:57,008 [grpc-default-executor-2] INFO  impl.RoleInfo (RoleInfo.java:updateAndGet(143)) - c652e2ee-3322-4406-8db6-1ea643cb3197: start FollowerState
2019-10-18 11:25:57,009 [Thread-4539] INFO  impl.FollowerState (FollowerState.java:run(117)) - 54aabb14-4a7d-4ab3-adbe-2e67760b87f4@group-7E32184879DE-FollowerState was interrupted: java.lang.InterruptedException: sleep interrupted
2019-10-18 11:25:57,009 [grpc-default-executor-1] INFO  impl.RoleInfo (RoleInfo.java:updateAndGet(143)) - 54aabb14-4a7d-4ab3-adbe-2e67760b87f4: start FollowerState
2019-10-18 11:25:57,032 [f535bb4a-cba0-4f9b-9e3e-e4a48b3eda51@group-7E32184879DE-LeaderElection642] INFO  impl.LeaderElection (LeaderElection.java:logAndReturn(56)) - f535bb4a-cba0-4f9b-9e3e-e4a48b3eda51@group-7E32184879DE-LeaderElection642: Election REJECTED; received 2 response(s) [f535bb4a-cba0-4f9b-9e3e-e4a48b3eda51<-54aabb14-4a7d-4ab3-adbe-2e67760b87f4#0:FAIL-t755, f535bb4a-cba0-4f9b-9e3e-e4a48b3eda51<-c652e2ee-3322-4406-8db6-1ea643cb3197#0:FAIL-t755] and 0 exception(s); f535bb4a-cba0-4f9b-9e3e-e4a48b3eda51@group-7E32184879DE:t755, leader=null, voted=f535bb4a-cba0-4f9b-9e3e-e4a48b3eda51, raftlog=f535bb4a-cba0-4f9b-9e3e-e4a48b3eda51@group-7E32184879DE-SegmentedRaftLog:OPENED:c-1,f-1,i0, conf=-1: [f535bb4a-cba0-4f9b-9e3e-e4a48b3eda51:0.0.0.0:44706, 54aabb14-4a7d-4ab3-adbe-2e67760b87f4:0.0.0.0:43074, c652e2ee-3322-4406-8db6-1ea643cb3197:0.0.0.0:42129], old=null
2019-10-18 11:25:57,032 [f535bb4a-cba0-4f9b-9e3e-e4a48b3eda51@group-7E32184879DE-LeaderElection642] INFO  impl.RaftServerImpl (RaftServerImpl.java:setRole(184)) - f535bb4a-cba0-4f9b-9e3e-e4a48b3eda51@group-7E32184879DE: changes role from CANDIDATE to FOLLOWER at term 755 for DISCOVERED_A_NEW_TERM
2019-10-18 11:25:57,032 [f535bb4a-cba0-4f9b-9e3e-e4a48b3eda51@group-7E32184879DE-LeaderElection642] INFO  impl.RoleInfo (RoleInfo.java:shutdownLeaderElection(134)) - f535bb4a-cba0-4f9b-9e3e-e4a48b3eda51: shutdown LeaderElection
2019-10-18 11:25:57,032 [f535bb4a-cba0-4f9b-9e3e-e4a48b3eda51@group-7E32184879DE-LeaderElection642] INFO  impl.RoleInfo (RoleInfo.java:updateAndGet(143)) - f535bb4a-cba0-4f9b-9e3e-e4a48b3eda51: start FollowerState
2019-10-18 11:25:57,122 [Thread-4547] INFO  impl.FollowerState (FollowerState.java:run(108)) - f535bb4a-cba0-4f9b-9e3e-e4a48b3eda51@group-7E32184879DE-FollowerState: change to CANDIDATE, lastRpcTime:89ms, electionTimeout:89ms
2019-10-18 11:25:57,122 [Thread-4547] INFO  impl.RoleInfo (RoleInfo.java:shutdownFollowerState(121)) - f535bb4a-cba0-4f9b-9e3e-e4a48b3eda51: shutdown FollowerState
2019-10-18 11:25:57,122 [Thread-4547] INFO  impl.RaftServerImpl (RaftServerImpl.java:setRole(184)) - f535bb4a-cba0-4f9b-9e3e-e4a48b3eda51@group-7E32184879DE: changes role from  FOLLOWER to CANDIDATE at term 755 for changeToCandidate
2019-10-18 11:25:57,122 [Thread-4547] INFO  impl.RoleInfo (RoleInfo.java:updateAndGet(143)) - f535bb4a-cba0-4f9b-9e3e-e4a48b3eda51: start LeaderElection
2019-10-18 11:25:57,148 [f535bb4a-cba0-4f9b-9e3e-e4a48b3eda51@group-7E32184879DE-LeaderElection643] INFO  impl.LeaderElection (LeaderElection.java:askForVotes(178)) - f535bb4a-cba0-4f9b-9e3e-e4a48b3eda51@group-7E32184879DE-LeaderElection643: begin an election at term 756 for -1: [f535bb4a-cba0-4f9b-9e3e-e4a48b3eda51:0.0.0.0:44706, 54aabb14-4a7d-4ab3-adbe-2e67760b87f4:0.0.0.0:43074, c652e2ee-3322-4406-8db6-1ea643cb3197:0.0.0.0:42129], old=null
2019-10-18 11:25:57,150 [grpc-default-executor-1] INFO  impl.RaftServerImpl (RaftServerImpl.java:setRole(184)) - 54aabb14-4a7d-4ab3-adbe-2e67760b87f4@group-7E32184879DE: changes role from  FOLLOWER to FOLLOWER at term 756 for recognizeCandidate:f535bb4a-cba0-4f9b-9e3e-e4a48b3eda51
2019-10-18 11:25:57,150 [grpc-default-executor-1] INFO  impl.RoleInfo (RoleInfo.java:shutdownFollowerState(121)) - 54aabb14-4a7d-4ab3-adbe-2e67760b87f4: shutdown FollowerState
2019-10-18 11:25:57,150 [grpc-default-executor-2] INFO  impl.RaftServerImpl (RaftServerImpl.java:setRole(184)) - c652e2ee-3322-4406-8db6-1ea643cb3197@group-7E32184879DE: changes role from  FOLLOWER to FOLLOWER at term 756 for recognizeCandidate:f535bb4a-cba0-4f9b-9e3e-e4a48b3eda51
2019-10-18 11:25:57,150 [grpc-default-executor-2] INFO  impl.RoleInfo (RoleInfo.java:shutdownFollowerState(121)) - c652e2ee-3322-4406-8db6-1ea643cb3197: shutdown FollowerState
2019-10-18 11:25:57,150 [Thread-4546] INFO  impl.FollowerState (FollowerState.java:run(117)) - 54aabb14-4a7d-4ab3-adbe-2e67760b87f4@group-7E32184879DE-FollowerState was interrupted: java.lang.InterruptedException: sleep interrupted
2019-10-18 11:25:57,150 [grpc-default-executor-1] INFO  impl.RoleInfo (RoleInfo.java:updateAndGet(143)) - 54aabb14-4a7d-4ab3-adbe-2e67760b87f4: start FollowerState
2019-10-18 11:25:57,150 [Thread-4545] INFO  impl.FollowerState (FollowerState.java:run(117)) - c652e2ee-3322-4406-8db6-1ea643cb3197@group-7E32184879DE-FollowerState was interrupted: java.lang.InterruptedException: sleep interrupted
2019-10-18 11:25:57,150 [grpc-default-executor-2] INFO  impl.RoleInfo (RoleInfo.java:updateAndGet(143)) - c652e2ee-3322-4406-8db6-1ea643cb3197: start FollowerState
2019-10-18 11:25:57,174 [f535bb4a-cba0-4f9b-9e3e-e4a48b3eda51@group-7E32184879DE-LeaderElection643] INFO  impl.LeaderElection (LeaderElection.java:logAndReturn(56)) - f535bb4a-cba0-4f9b-9e3e-e4a48b3eda51@group-7E32184879DE-LeaderElection643: Election REJECTED; received 2 response(s) [f535bb4a-cba0-4f9b-9e3e-e4a48b3eda51<-54aabb14-4a7d-4ab3-adbe-2e67760b87f4#0:FAIL-t756, f535bb4a-cba0-4f9b-9e3e-e4a48b3eda51<-c652e2ee-3322-4406-8db6-1ea643cb3197#0:FAIL-t756] and 0 exception(s); f535bb4a-cba0-4f9b-9e3e-e4a48b3eda51@group-7E32184879DE:t756, leader=null, voted=f535bb4a-cba0-4f9b-9e3e-e4a48b3eda51, raftlog=f535bb4a-cba0-4f9b-9e3e-e4a48b3eda51@group-7E32184879DE-SegmentedRaftLog:OPENED:c-1,f-1,i0, conf=-1: [f535bb4a-cba0-4f9b-9e3e-e4a48b3eda51:0.0.0.0:44706, 54aabb14-4a7d-4ab3-adbe-2e67760b87f4:0.0.0.0:43074, c652e2ee-3322-4406-8db6-1ea643cb3197:0.0.0.0:42129], old=null
2019-10-18 11:25:57,174 [f535bb4a-cba0-4f9b-9e3e-e4a48b3eda51@group-7E32184879DE-LeaderElection643] INFO  impl.RaftServerImpl (RaftServerImpl.java:setRole(184)) - f535bb4a-cba0-4f9b-9e3e-e4a48b3eda51@group-7E32184879DE: changes role from CANDIDATE to FOLLOWER at term 756 for DISCOVERED_A_NEW_TERM
2019-10-18 11:25:57,174 [f535bb4a-cba0-4f9b-9e3e-e4a48b3eda51@group-7E32184879DE-LeaderElection643] INFO  impl.RoleInfo (RoleInfo.java:shutdownLeaderElection(134)) - f535bb4a-cba0-4f9b-9e3e-e4a48b3eda51: shutdown LeaderElection
2019-10-18 11:25:57,174 [f535bb4a-cba0-4f9b-9e3e-e4a48b3eda51@group-7E32184879DE-LeaderElection643] INFO  impl.RoleInfo (RoleInfo.java:updateAndGet(143)) - f535bb4a-cba0-4f9b-9e3e-e4a48b3eda51: start FollowerState
2019-10-18 11:25:57,222 [Thread-4553] INFO  impl.FollowerState (FollowerState.java:run(108)) - f535bb4a-cba0-4f9b-9e3e-e4a48b3eda51@group-7E32184879DE-FollowerState: change to CANDIDATE, lastRpcTime:47ms, electionTimeout:47ms
2019-10-18 11:25:57,222 [Thread-4553] INFO  impl.RoleInfo (RoleInfo.java:shutdownFollowerState(121)) - f535bb4a-cba0-4f9b-9e3e-e4a48b3eda51: shutdown FollowerState
2019-10-18 11:25:57,222 [Thread-4553] INFO  impl.RaftServerImpl (RaftServerImpl.java:setRole(184)) - f535bb4a-cba0-4f9b-9e3e-e4a48b3eda51@group-7E32184879DE: changes role from  FOLLOWER to CANDIDATE at term 756 for changeToCandidate
2019-10-18 11:25:57,222 [Thread-4553] INFO  impl.RoleInfo (RoleInfo.java:updateAndGet(143)) - f535bb4a-cba0-4f9b-9e3e-e4a48b3eda51: start LeaderElection
2019-10-18 11:25:57,249 [f535bb4a-cba0-4f9b-9e3e-e4a48b3eda51@group-7E32184879DE-LeaderElection644] INFO  impl.LeaderElection (LeaderElection.java:askForVotes(178)) - f535bb4a-cba0-4f9b-9e3e-e4a48b3eda51@group-7E32184879DE-LeaderElection644: begin an election at term 757 for -1: [f535bb4a-cba0-4f9b-9e3e-e4a48b3eda51:0.0.0.0:44706, 54aabb14-4a7d-4ab3-adbe-2e67760b87f4:0.0.0.0:43074, c652e2ee-3322-4406-8db6-1ea643cb3197:0.0.0.0:42129], old=null
2019-10-18 11:25:57,250 [grpc-default-executor-1] INFO  impl.RaftServerImpl (RaftServerImpl.java:setRole(184)) - 54aabb14-4a7d-4ab3-adbe-2e67760b87f4@group-7E32184879DE: changes role from  FOLLOWER to FOLLOWER at term 757 for recognizeCandidate:f535bb4a-cba0-4f9b-9e3e-e4a48b3eda51
2019-10-18 11:25:57,250 [grpc-default-executor-1] INFO  impl.RoleInfo (RoleInfo.java:shutdownFollowerState(121)) - 54aabb14-4a7d-4ab3-adbe-2e67760b87f4: shutdown FollowerState
2019-10-18 11:25:57,250 [grpc-default-executor-2] INFO  impl.RaftServerImpl (RaftServerImpl.java:setRole(184)) - c652e2ee-3322-4406-8db6-1ea643cb3197@group-7E32184879DE: changes role from  FOLLOWER to FOLLOWER at term 757 for recognizeCandidate:f535bb4a-cba0-4f9b-9e3e-e4a48b3eda51
2019-10-18 11:25:57,250 [grpc-default-executor-2] INFO  impl.RoleInfo (RoleInfo.java:shutdownFollowerState(121)) - c652e2ee-3322-4406-8db6-1ea643cb3197: shutdown FollowerState
2019-10-18 11:25:57,250 [Thread-4551] INFO  impl.FollowerState (FollowerState.java:run(117)) - 54aabb14-4a7d-4ab3-adbe-2e67760b87f4@group-7E32184879DE-FollowerState was interrupted: java.lang.InterruptedException: sleep interrupted
2019-10-18 11:25:57,250 [grpc-default-executor-1] INFO  impl.RoleInfo (RoleInfo.java:updateAndGet(143)) - 54aabb14-4a7d-4ab3-adbe-2e67760b87f4: start FollowerState
2019-10-18 11:25:57,250 [grpc-default-executor-2] INFO  impl.RoleInfo (RoleInfo.java:updateAndGet(143)) - c652e2ee-3322-4406-8db6-1ea643cb3197: start FollowerState
2019-10-18 11:25:57,250 [Thread-4552] INFO  impl.FollowerState (FollowerState.java:run(117)) - c652e2ee-3322-4406-8db6-1ea643cb3197@group-7E32184879DE-FollowerState was interrupted: java.lang.InterruptedException: sleep interrupted
2019-10-18 11:25:57,274 [f535bb4a-cba0-4f9b-9e3e-e4a48b3eda51@group-7E32184879DE-LeaderElection644] INFO  impl.LeaderElection (LeaderElection.java:logAndReturn(56)) - f535bb4a-cba0-4f9b-9e3e-e4a48b3eda51@group-7E32184879DE-LeaderElection644: Election REJECTED; received 2 response(s) [f535bb4a-cba0-4f9b-9e3e-e4a48b3eda51<-54aabb14-4a7d-4ab3-adbe-2e67760b87f4#0:FAIL-t757, f535bb4a-cba0-4f9b-9e3e-e4a48b3eda51<-c652e2ee-3322-4406-8db6-1ea643cb3197#0:FAIL-t757] and 0 exception(s); f535bb4a-cba0-4f9b-9e3e-e4a48b3eda51@group-7E32184879DE:t757, leader=null, voted=f535bb4a-cba0-4f9b-9e3e-e4a48b3eda51, raftlog=f535bb4a-cba0-4f9b-9e3e-e4a48b3eda51@group-7E32184879DE-SegmentedRaftLog:OPENED:c-1,f-1,i0, conf=-1: [f535bb4a-cba0-4f9b-9e3e-e4a48b3eda51:0.0.0.0:44706, 54aabb14-4a7d-4ab3-adbe-2e67760b87f4:0.0.0.0:43074, c652e2ee-3322-4406-8db6-1ea643cb3197:0.0.0.0:42129], old=null
2019-10-18 11:25:57,275 [f535bb4a-cba0-4f9b-9e3e-e4a48b3eda51@group-7E32184879DE-LeaderElection644] INFO  impl.RaftServerImpl (RaftServerImpl.java:setRole(184)) - f535bb4a-cba0-4f9b-9e3e-e4a48b3eda51@group-7E32184879DE: changes role from CANDIDATE to FOLLOWER at term 757 for DISCOVERED_A_NEW_TERM
2019-10-18 11:25:57,275 [f535bb4a-cba0-4f9b-9e3e-e4a48b3eda51@group-7E32184879DE-LeaderElection644] INFO  impl.RoleInfo (RoleInfo.java:shutdownLeaderElection(134)) - f535bb4a-cba0-4f9b-9e3e-e4a48b3eda51: shutdown LeaderElection
2019-10-18 11:25:57,275 [f535bb4a-cba0-4f9b-9e3e-e4a48b3eda51@group-7E32184879DE-LeaderElection644] INFO  impl.RoleInfo (RoleInfo.java:updateAndGet(143)) - f535bb4a-cba0-4f9b-9e3e-e4a48b3eda51: start FollowerState
2019-10-18 11:25:57,317 [Thread-4559] INFO  impl.FollowerState (FollowerState.java:run(108)) - f535bb4a-cba0-4f9b-9e3e-e4a48b3eda51@group-7E32184879DE-FollowerState: change to CANDIDATE, lastRpcTime:42ms, electionTimeout:42ms
2019-10-18 11:25:57,317 [Thread-4559] INFO  impl.RoleInfo (RoleInfo.java:shutdownFollowerState(121)) - f535bb4a-cba0-4f9b-9e3e-e4a48b3eda51: shutdown FollowerState
2019-10-18 11:25:57,317 [Thread-4559] INFO  impl.RaftServerImpl (RaftServerImpl.java:setRole(184)) - f535bb4a-cba0-4f9b-9e3e-e4a48b3eda51@group-7E32184879DE: changes role from  FOLLOWER to CANDIDATE at term 757 for changeToCandidate
2019-10-18 11:25:57,317 [Thread-4559] INFO  impl.RoleInfo (RoleInfo.java:updateAndGet(143)) - f535bb4a-cba0-4f9b-9e3e-e4a48b3eda51: start LeaderElection
2019-10-18 11:25:57,341 [f535bb4a-cba0-4f9b-9e3e-e4a48b3eda51@group-7E32184879DE-LeaderElection645] INFO  impl.LeaderElection (LeaderElection.java:askForVotes(178)) - f535bb4a-cba0-4f9b-9e3e-e4a48b3eda51@group-7E32184879DE-LeaderElection645: begin an election at term 758 for -1: [f535bb4a-cba0-4f9b-9e3e-e4a48b3eda51:0.0.0.0:44706, 54aabb14-4a7d-4ab3-adbe-2e67760b87f4:0.0.0.0:43074, c652e2ee-3322-4406-8db6-1ea643cb3197:0.0.0.0:42129], old=null
2019-10-18 11:25:57,342 [grpc-default-executor-2] INFO  impl.RaftServerImpl (RaftServerImpl.java:setRole(184)) - 54aabb14-4a7d-4ab3-adbe-2e67760b87f4@group-7E32184879DE: changes role from  FOLLOWER to FOLLOWER at term 758 for recognizeCandidate:f535bb4a-cba0-4f9b-9e3e-e4a48b3eda51
2019-10-18 11:25:57,343 [grpc-default-executor-2] INFO  impl.RoleInfo (RoleInfo.java:shutdownFollowerState(121)) - 54aabb14-4a7d-4ab3-adbe-2e67760b87f4: shutdown FollowerState
2019-10-18 11:25:57,343 [grpc-default-executor-2] INFO  impl.RoleInfo (RoleInfo.java:updateAndGet(143)) - 54aabb14-4a7d-4ab3-adbe-2e67760b87f4: start FollowerState
2019-10-18 11:25:57,343 [Thread-4557] INFO  impl.FollowerState (FollowerState.java:run(117)) - 54aabb14-4a7d-4ab3-adbe-2e67760b87f4@group-7E32184879DE-FollowerState was interrupted: java.lang.InterruptedException: sleep interrupted
2019-10-18 11:25:57,343 [grpc-default-executor-1] INFO  impl.RaftServerImpl (RaftServerImpl.java:setRole(184)) - c652e2ee-3322-4406-8db6-1ea643cb3197@group-7E32184879DE: changes role from  FOLLOWER to FOLLOWER at term 758 for recognizeCandidate:f535bb4a-cba0-4f9b-9e3e-e4a48b3eda51
2019-10-18 11:25:57,344 [grpc-default-executor-1] INFO  impl.RoleInfo (RoleInfo.java:shutdownFollowerState(121)) - c652e2ee-3322-4406-8db6-1ea643cb3197: shutdown FollowerState
2019-10-18 11:25:57,345 [grpc-default-executor-1] INFO  impl.RoleInfo (RoleInfo.java:updateAndGet(143)) - c652e2ee-3322-4406-8db6-1ea643cb3197: start FollowerState
2019-10-18 11:25:57,345 [Thread-4558] INFO  impl.FollowerState (FollowerState.java:run(117)) - c652e2ee-3322-4406-8db6-1ea643cb3197@group-7E32184879DE-FollowerState was interrupted: java.lang.InterruptedException: sleep interrupted
2019-10-18 11:25:57,367 [f535bb4a-cba0-4f9b-9e3e-e4a48b3eda51@group-7E32184879DE-LeaderElection645] INFO  impl.LeaderElection (LeaderElection.java:logAndReturn(56)) - f535bb4a-cba0-4f9b-9e3e-e4a48b3eda51@group-7E32184879DE-LeaderElection645: Election REJECTED; received 2 response(s) [f535bb4a-cba0-4f9b-9e3e-e4a48b3eda51<-54aabb14-4a7d-4ab3-adbe-2e67760b87f4#0:FAIL-t758, f535bb4a-cba0-4f9b-9e3e-e4a48b3eda51<-c652e2ee-3322-4406-8db6-1ea643cb3197#0:FAIL-t758] and 0 exception(s); f535bb4a-cba0-4f9b-9e3e-e4a48b3eda51@group-7E32184879DE:t758, leader=null, voted=f535bb4a-cba0-4f9b-9e3e-e4a48b3eda51, raftlog=f535bb4a-cba0-4f9b-9e3e-e4a48b3eda51@group-7E32184879DE-SegmentedRaftLog:OPENED:c-1,f-1,i0, conf=-1: [f535bb4a-cba0-4f9b-9e3e-e4a48b3eda51:0.0.0.0:44706, 54aabb14-4a7d-4ab3-adbe-2e67760b87f4:0.0.0.0:43074, c652e2ee-3322-4406-8db6-1ea643cb3197:0.0.0.0:42129], old=null
2019-10-18 11:25:57,367 [f535bb4a-cba0-4f9b-9e3e-e4a48b3eda51@group-7E32184879DE-LeaderElection645] INFO  impl.RaftServerImpl (RaftServerImpl.java:setRole(184)) - f535bb4a-cba0-4f9b-9e3e-e4a48b3eda51@group-7E32184879DE: changes role from CANDIDATE to FOLLOWER at term 758 for DISCOVERED_A_NEW_TERM
2019-10-18 11:25:57,367 [f535bb4a-cba0-4f9b-9e3e-e4a48b3eda51@group-7E32184879DE-LeaderElection645] INFO  impl.RoleInfo (RoleInfo.java:shutdownLeaderElection(134)) - f535bb4a-cba0-4f9b-9e3e-e4a48b3eda51: shutdown LeaderElection
2019-10-18 11:25:57,367 [f535bb4a-cba0-4f9b-9e3e-e4a48b3eda51@group-7E32184879DE-LeaderElection645] INFO  impl.RoleInfo (RoleInfo.java:updateAndGet(143)) - f535bb4a-cba0-4f9b-9e3e-e4a48b3eda51: start FollowerState
2019-10-18 11:25:57,431 [Thread-4565] INFO  impl.FollowerState (FollowerState.java:run(108)) - f535bb4a-cba0-4f9b-9e3e-e4a48b3eda51@group-7E32184879DE-FollowerState: change to CANDIDATE, lastRpcTime:63ms, electionTimeout:63ms
2019-10-18 11:25:57,431 [Thread-4565] INFO  impl.RoleInfo (RoleInfo.java:shutdownFollowerState(121)) - f535bb4a-cba0-4f9b-9e3e-e4a48b3eda51: shutdown FollowerState
2019-10-18 11:25:57,431 [Thread-4565] INFO  impl.RaftServerImpl (RaftServerImpl.java:setRole(184)) - f535bb4a-cba0-4f9b-9e3e-e4a48b3eda51@group-7E32184879DE: changes role from  FOLLOWER to CANDIDATE at term 758 for changeToCandidate
2019-10-18 11:25:57,431 [Thread-4565] INFO  impl.RoleInfo (RoleInfo.java:updateAndGet(143)) - f535bb4a-cba0-4f9b-9e3e-e4a48b3eda51: start LeaderElection
2019-10-18 11:25:57,458 [f535bb4a-cba0-4f9b-9e3e-e4a48b3eda51@group-7E32184879DE-LeaderElection646] INFO  impl.LeaderElection (LeaderElection.java:askForVotes(178)) - f535bb4a-cba0-4f9b-9e3e-e4a48b3eda51@group-7E32184879DE-LeaderElection646: begin an election at term 759 for -1: [f535bb4a-cba0-4f9b-9e3e-e4a48b3eda51:0.0.0.0:44706, 54aabb14-4a7d-4ab3-adbe-2e67760b87f4:0.0.0.0:43074, c652e2ee-3322-4406-8db6-1ea643cb3197:0.0.0.0:42129], old=null
2019-10-18 11:25:57,460 [grpc-default-executor-1] INFO  impl.RaftServerImpl (RaftServerImpl.java:setRole(184)) - 54aabb14-4a7d-4ab3-adbe-2e67760b87f4@group-7E32184879DE: changes role from  FOLLOWER to FOLLOWER at term 759 for recognizeCandidate:f535bb4a-cba0-4f9b-9e3e-e4a48b3eda51
2019-10-18 11:25:57,460 [grpc-default-executor-1] INFO  impl.RoleInfo (RoleInfo.java:shutdownFollowerState(121)) - 54aabb14-4a7d-4ab3-adbe-2e67760b87f4: shutdown FollowerState
2019-10-18 11:25:57,460 [grpc-default-executor-2] INFO  impl.RaftServerImpl (RaftServerImpl.java:setRole(184)) - c652e2ee-3322-4406-8db6-1ea643cb3197@group-7E32184879DE: changes role from  FOLLOWER to FOLLOWER at term 759 for recognizeCandidate:f535bb4a-cba0-4f9b-9e3e-e4a48b3eda51
2019-10-18 11:25:57,460 [grpc-default-executor-2] INFO  impl.RoleInfo (RoleInfo.java:shutdownFollowerState(121)) - c652e2ee-3322-4406-8db6-1ea643cb3197: shutdown FollowerState
2019-10-18 11:25:57,460 [Thread-4563] INFO  impl.FollowerState (FollowerState.java:run(117)) - 54aabb14-4a7d-4ab3-adbe-2e67760b87f4@group-7E32184879DE-FollowerState was interrupted: java.lang.InterruptedException: sleep interrupted
2019-10-18 11:25:57,461 [Thread-4564] INFO  impl.FollowerState (FollowerState.java:run(117)) - c652e2ee-3322-4406-8db6-1ea643cb3197@group-7E32184879DE-FollowerState was interrupted: java.lang.InterruptedException: sleep interrupted
2019-10-18 11:25:57,460 [grpc-default-executor-1] INFO  impl.RoleInfo (RoleInfo.java:updateAndGet(143)) - 54aabb14-4a7d-4ab3-adbe-2e67760b87f4: start FollowerState
2019-10-18 11:25:57,461 [grpc-default-executor-2] INFO  impl.RoleInfo (RoleInfo.java:updateAndGet(143)) - c652e2ee-3322-4406-8db6-1ea643cb3197: start FollowerState
2019-10-18 11:25:57,486 [f535bb4a-cba0-4f9b-9e3e-e4a48b3eda51@group-7E32184879DE-LeaderElection646] INFO  impl.LeaderElection (LeaderElection.java:logAndReturn(56)) - f535bb4a-cba0-4f9b-9e3e-e4a48b3eda51@group-7E32184879DE-LeaderElection646: Election REJECTED; received 2 response(s) [f535bb4a-cba0-4f9b-9e3e-e4a48b3eda51<-54aabb14-4a7d-4ab3-adbe-2e67760b87f4#0:FAIL-t759, f535bb4a-cba0-4f9b-9e3e-e4a48b3eda51<-c652e2ee-3322-4406-8db6-1ea643cb3197#0:FAIL-t759] and 0 exception(s); f535bb4a-cba0-4f9b-9e3e-e4a48b3eda51@group-7E32184879DE:t759, leader=null, voted=f535bb4a-cba0-4f9b-9e3e-e4a48b3eda51, raftlog=f535bb4a-cba0-4f9b-9e3e-e4a48b3eda51@group-7E32184879DE-SegmentedRaftLog:OPENED:c-1,f-1,i0, conf=-1: [f535bb4a-cba0-4f9b-9e3e-e4a48b3eda51:0.0.0.0:44706, 54aabb14-4a7d-4ab3-adbe-2e67760b87f4:0.0.0.0:43074, c652e2ee-3322-4406-8db6-1ea643cb3197:0.0.0.0:42129], old=null
2019-10-18 11:25:57,486 [f535bb4a-cba0-4f9b-9e3e-e4a48b3eda51@group-7E32184879DE-LeaderElection646] INFO  impl.RaftServerImpl (RaftServerImpl.java:setRole(184)) - f535bb4a-cba0-4f9b-9e3e-e4a48b3eda51@group-7E32184879DE: changes role from CANDIDATE to FOLLOWER at term 759 for DISCOVERED_A_NEW_TERM
2019-10-18 11:25:57,486 [f535bb4a-cba0-4f9b-9e3e-e4a48b3eda51@group-7E32184879DE-LeaderElection646] INFO  impl.RoleInfo (RoleInfo.java:shutdownLeaderElection(134)) - f535bb4a-cba0-4f9b-9e3e-e4a48b3eda51: shutdown LeaderElection
2019-10-18 11:25:57,486 [f535bb4a-cba0-4f9b-9e3e-e4a48b3eda51@group-7E32184879DE-LeaderElection646] INFO  impl.RoleInfo (RoleInfo.java:updateAndGet(143)) - f535bb4a-cba0-4f9b-9e3e-e4a48b3eda51: start FollowerState
2019-10-18 11:25:57,550 [Thread-4571] INFO  impl.FollowerState (FollowerState.java:run(108)) - f535bb4a-cba0-4f9b-9e3e-e4a48b3eda51@group-7E32184879DE-FollowerState: change to CANDIDATE, lastRpcTime:64ms, electionTimeout:64ms
2019-10-18 11:25:57,550 [Thread-4571] INFO  impl.RoleInfo (RoleInfo.java:shutdownFollowerState(121)) - f535bb4a-cba0-4f9b-9e3e-e4a48b3eda51: shutdown FollowerState
2019-10-18 11:25:57,550 [Thread-4571] INFO  impl.RaftServerImpl (RaftServerImpl.java:setRole(184)) - f535bb4a-cba0-4f9b-9e3e-e4a48b3eda51@group-7E32184879DE: changes role from  FOLLOWER to CANDIDATE at term 759 for changeToCandidate
2019-10-18 11:25:57,551 [Thread-4571] INFO  impl.RoleInfo (RoleInfo.java:updateAndGet(143)) - f535bb4a-cba0-4f9b-9e3e-e4a48b3eda51: start LeaderElection
2019-10-18 11:25:57,577 [f535bb4a-cba0-4f9b-9e3e-e4a48b3eda51@group-7E32184879DE-LeaderElection647] INFO  impl.LeaderElection (LeaderElection.java:askForVotes(178)) - f535bb4a-cba0-4f9b-9e3e-e4a48b3eda51@group-7E32184879DE-LeaderElection647: begin an election at term 760 for -1: [f535bb4a-cba0-4f9b-9e3e-e4a48b3eda51:0.0.0.0:44706, 54aabb14-4a7d-4ab3-adbe-2e67760b87f4:0.0.0.0:43074, c652e2ee-3322-4406-8db6-1ea643cb3197:0.0.0.0:42129], old=null
2019-10-18 11:25:57,578 [grpc-default-executor-1] INFO  impl.RaftServerImpl (RaftServerImpl.java:setRole(184)) - 54aabb14-4a7d-4ab3-adbe-2e67760b87f4@group-7E32184879DE: changes role from  FOLLOWER to FOLLOWER at term 760 for recognizeCandidate:f535bb4a-cba0-4f9b-9e3e-e4a48b3eda51
2019-10-18 11:25:57,579 [grpc-default-executor-1] INFO  impl.RoleInfo (RoleInfo.java:shutdownFollowerState(121)) - 54aabb14-4a7d-4ab3-adbe-2e67760b87f4: shutdown FollowerState
2019-10-18 11:25:57,579 [grpc-default-executor-1] INFO  impl.RoleInfo (RoleInfo.java:updateAndGet(143)) - 54aabb14-4a7d-4ab3-adbe-2e67760b87f4: start FollowerState
2019-10-18 11:25:57,579 [grpc-default-executor-2] INFO  impl.RaftServerImpl (RaftServerImpl.java:setRole(184)) - c652e2ee-3322-4406-8db6-1ea643cb3197@group-7E32184879DE: changes role from  FOLLOWER to FOLLOWER at term 760 for recognizeCandidate:f535bb4a-cba0-4f9b-9e3e-e4a48b3eda51
2019-10-18 11:25:57,579 [grpc-default-executor-2] INFO  impl.RoleInfo (RoleInfo.java:shutdownFollowerState(121)) - c652e2ee-3322-4406-8db6-1ea643cb3197: shutdown FollowerState
2019-10-18 11:25:57,579 [Thread-4569] INFO  impl.FollowerState (FollowerState.java:run(117)) - 54aabb14-4a7d-4ab3-adbe-2e67760b87f4@group-7E32184879DE-FollowerState was interrupted: java.lang.InterruptedException: sleep interrupted
2019-10-18 11:25:57,579 [Thread-4570] INFO  impl.FollowerState (FollowerState.java:run(117)) - c652e2ee-3322-4406-8db6-1ea643cb3197@group-7E32184879DE-FollowerState was interrupted: java.lang.InterruptedException: sleep interrupted
2019-10-18 11:25:57,579 [grpc-default-executor-2] INFO  impl.RoleInfo (RoleInfo.java:updateAndGet(143)) - c652e2ee-3322-4406-8db6-1ea643cb3197: start FollowerState
2019-10-18 11:25:57,603 [f535bb4a-cba0-4f9b-9e3e-e4a48b3eda51@group-7E32184879DE-LeaderElection647] INFO  impl.LeaderElection (LeaderElection.java:logAndReturn(56)) - f535bb4a-cba0-4f9b-9e3e-e4a48b3eda51@group-7E32184879DE-LeaderElection647: Election REJECTED; received 2 response(s) [f535bb4a-cba0-4f9b-9e3e-e4a48b3eda51<-54aabb14-4a7d-4ab3-adbe-2e67760b87f4#0:FAIL-t760, f535bb4a-cba0-4f9b-9e3e-e4a48b3eda51<-c652e2ee-3322-4406-8db6-1ea643cb3197#0:FAIL-t760] and 0 exception(s); f535bb4a-cba0-4f9b-9e3e-e4a48b3eda51@group-7E32184879DE:t760, leader=null, voted=f535bb4a-cba0-4f9b-9e3e-e4a48b3eda51, raftlog=f535bb4a-cba0-4f9b-9e3e-e4a48b3eda51@group-7E32184879DE-SegmentedRaftLog:OPENED:c-1,f-1,i0, conf=-1: [f535bb4a-cba0-4f9b-9e3e-e4a48b3eda51:0.0.0.0:44706, 54aabb14-4a7d-4ab3-adbe-2e67760b87f4:0.0.0.0:43074, c652e2ee-3322-4406-8db6-1ea643cb3197:0.0.0.0:42129], old=null
2019-10-18 11:25:57,603 [f535bb4a-cba0-4f9b-9e3e-e4a48b3eda51@group-7E32184879DE-LeaderElection647] INFO  impl.RaftServerImpl (RaftServerImpl.java:setRole(184)) - f535bb4a-cba0-4f9b-9e3e-e4a48b3eda51@group-7E32184879DE: changes role from CANDIDATE to FOLLOWER at term 760 for DISCOVERED_A_NEW_TERM
2019-10-18 11:25:57,603 [f535bb4a-cba0-4f9b-9e3e-e4a48b3eda51@group-7E32184879DE-LeaderElection647] INFO  impl.RoleInfo (RoleInfo.java:shutdownLeaderElection(134)) - f535bb4a-cba0-4f9b-9e3e-e4a48b3eda51: shutdown LeaderElection
2019-10-18 11:25:57,603 [f535bb4a-cba0-4f9b-9e3e-e4a48b3eda51@group-7E32184879DE-LeaderElection647] INFO  impl.RoleInfo (RoleInfo.java:updateAndGet(143)) - f535bb4a-cba0-4f9b-9e3e-e4a48b3eda51: start FollowerState
2019-10-18 11:25:57,728 [Thread-4577] INFO  impl.FollowerState (FollowerState.java:run(108)) - f535bb4a-cba0-4f9b-9e3e-e4a48b3eda51@group-7E32184879DE-FollowerState: change to CANDIDATE, lastRpcTime:124ms, electionTimeout:124ms
2019-10-18 11:25:57,728 [Thread-4577] INFO  impl.RoleInfo (RoleInfo.java:shutdownFollowerState(121)) - f535bb4a-cba0-4f9b-9e3e-e4a48b3eda51: shutdown FollowerState
2019-10-18 11:25:57,728 [Thread-4577] INFO  impl.RaftServerImpl (RaftServerImpl.java:setRole(184)) - f535bb4a-cba0-4f9b-9e3e-e4a48b3eda51@group-7E32184879DE: changes role from  FOLLOWER to CANDIDATE at term 760 for changeToCandidate
2019-10-18 11:25:57,728 [Thread-4577] INFO  impl.RoleInfo (RoleInfo.java:updateAndGet(143)) - f535bb4a-cba0-4f9b-9e3e-e4a48b3eda51: start LeaderElection
2019-10-18 11:25:57,753 [f535bb4a-cba0-4f9b-9e3e-e4a48b3eda51@group-7E32184879DE-LeaderElection648] INFO  impl.LeaderElection (LeaderElection.java:askForVotes(178)) - f535bb4a-cba0-4f9b-9e3e-e4a48b3eda51@group-7E32184879DE-LeaderElection648: begin an election at term 761 for -1: [f535bb4a-cba0-4f9b-9e3e-e4a48b3eda51:0.0.0.0:44706, 54aabb14-4a7d-4ab3-adbe-2e67760b87f4:0.0.0.0:43074, c652e2ee-3322-4406-8db6-1ea643cb3197:0.0.0.0:42129], old=null
2019-10-18 11:25:57,754 [grpc-default-executor-2] INFO  impl.RaftServerImpl (RaftServerImpl.java:setRole(184)) - 54aabb14-4a7d-4ab3-adbe-2e67760b87f4@group-7E32184879DE: changes role from  FOLLOWER to FOLLOWER at term 761 for recognizeCandidate:f535bb4a-cba0-4f9b-9e3e-e4a48b3eda51
2019-10-18 11:25:57,754 [grpc-default-executor-2] INFO  impl.RoleInfo (RoleInfo.java:shutdownFollowerState(121)) - 54aabb14-4a7d-4ab3-adbe-2e67760b87f4: shutdown FollowerState
2019-10-18 11:25:57,754 [grpc-default-executor-1] INFO  impl.RaftServerImpl (RaftServerImpl.java:setRole(184)) - c652e2ee-3322-4406-8db6-1ea643cb3197@group-7E32184879DE: changes role from  FOLLOWER to FOLLOWER at term 761 for recognizeCandidate:f535bb4a-cba0-4f9b-9e3e-e4a48b3eda51
2019-10-18 11:25:57,755 [grpc-default-executor-1] INFO  impl.RoleInfo (RoleInfo.java:shutdownFollowerState(121)) - c652e2ee-3322-4406-8db6-1ea643cb3197: shutdown FollowerState
2019-10-18 11:25:57,754 [Thread-4575] INFO  impl.FollowerState (FollowerState.java:run(117)) - 54aabb14-4a7d-4ab3-adbe-2e67760b87f4@group-7E32184879DE-FollowerState was interrupted: java.lang.InterruptedException: sleep interrupted
2019-10-18 11:25:57,754 [grpc-default-executor-2] INFO  impl.RoleInfo (RoleInfo.java:updateAndGet(143)) - 54aabb14-4a7d-4ab3-adbe-2e67760b87f4: start FollowerState
2019-10-18 11:25:57,755 [Thread-4576] INFO  impl.FollowerState (FollowerState.java:run(117)) - c652e2ee-3322-4406-8db6-1ea643cb3197@group-7E32184879DE-FollowerState was interrupted: java.lang.InterruptedException: sleep interrupted
2019-10-18 11:25:57,755 [grpc-default-executor-1] INFO  impl.RoleInfo (RoleInfo.java:updateAndGet(143)) - c652e2ee-3322-4406-8db6-1ea643cb3197: start FollowerState
2019-10-18 11:25:57,768 [f535bb4a-cba0-4f9b-9e3e-e4a48b3eda51@group-7E32184879DE-LeaderElection648] INFO  impl.LeaderElection (LeaderElection.java:logAndReturn(56)) - f535bb4a-cba0-4f9b-9e3e-e4a48b3eda51@group-7E32184879DE-LeaderElection648: Election TIMEOUT; received 0 response(s) [] and 0 exception(s); f535bb4a-cba0-4f9b-9e3e-e4a48b3eda51@group-7E32184879DE:t761, leader=null, voted=f535bb4a-cba0-4f9b-9e3e-e4a48b3eda51, raftlog=f535bb4a-cba0-4f9b-9e3e-e4a48b3eda51@group-7E32184879DE-SegmentedRaftLog:OPENED:c-1,f-1,i0, conf=-1: [f535bb4a-cba0-4f9b-9e3e-e4a48b3eda51:0.0.0.0:44706, 54aabb14-4a7d-4ab3-adbe-2e67760b87f4:0.0.0.0:43074, c652e2ee-3322-4406-8db6-1ea643cb3197:0.0.0.0:42129], old=null
2019-10-18 11:25:57,795 [f535bb4a-cba0-4f9b-9e3e-e4a48b3eda51@group-7E32184879DE-LeaderElection648] INFO  impl.LeaderElection (LeaderElection.java:askForVotes(178)) - f535bb4a-cba0-4f9b-9e3e-e4a48b3eda51@group-7E32184879DE-LeaderElection648: begin an election at term 762 for -1: [f535bb4a-cba0-4f9b-9e3e-e4a48b3eda51:0.0.0.0:44706, 54aabb14-4a7d-4ab3-adbe-2e67760b87f4:0.0.0.0:43074, c652e2ee-3322-4406-8db6-1ea643cb3197:0.0.0.0:42129], old=null
2019-10-18 11:25:57,797 [grpc-default-executor-2] INFO  impl.RaftServerImpl (RaftServerImpl.java:setRole(184)) - 54aabb14-4a7d-4ab3-adbe-2e67760b87f4@group-7E32184879DE: changes role from  FOLLOWER to FOLLOWER at term 762 for recognizeCandidate:f535bb4a-cba0-4f9b-9e3e-e4a48b3eda51
2019-10-18 11:25:57,797 [grpc-default-executor-1] INFO  impl.RaftServerImpl (RaftServerImpl.java:setRole(184)) - c652e2ee-3322-4406-8db6-1ea643cb3197@group-7E32184879DE: changes role from  FOLLOWER to FOLLOWER at term 762 for recognizeCandidate:f535bb4a-cba0-4f9b-9e3e-e4a48b3eda51
2019-10-18 11:25:57,797 [grpc-default-executor-1] INFO  impl.RoleInfo (RoleInfo.java:shutdownFollowerState(121)) - c652e2ee-3322-4406-8db6-1ea643cb3197: shutdown FollowerState
2019-10-18 11:25:57,797 [grpc-default-executor-2] INFO  impl.RoleInfo (RoleInfo.java:shutdownFollowerState(121)) - 54aabb14-4a7d-4ab3-adbe-2e67760b87f4: shutdown FollowerState
2019-10-18 11:25:57,797 [Thread-4582] INFO  impl.FollowerState (FollowerState.java:run(117)) - c652e2ee-3322-4406-8db6-1ea643cb3197@group-7E32184879DE-FollowerState was interrupted: java.lang.InterruptedException: sleep interrupted
2019-10-18 11:25:57,797 [Thread-4581] INFO  impl.FollowerState (FollowerState.java:run(117)) - 54aabb14-4a7d-4ab3-adbe-2e67760b87f4@group-7E32184879DE-FollowerState was interrupted: java.lang.InterruptedException: sleep interrupted
2019-10-18 11:25:57,797 [grpc-default-executor-1] INFO  impl.RoleInfo (RoleInfo.java:updateAndGet(143)) - c652e2ee-3322-4406-8db6-1ea643cb3197: start FollowerState
2019-10-18 11:25:57,797 [grpc-default-executor-2] INFO  impl.RoleInfo (RoleInfo.java:updateAndGet(143)) - 54aabb14-4a7d-4ab3-adbe-2e67760b87f4: start FollowerState
2019-10-18 11:25:57,823 [f535bb4a-cba0-4f9b-9e3e-e4a48b3eda51@group-7E32184879DE-LeaderElection648] INFO  impl.LeaderElection (LeaderElection.java:logAndReturn(56)) - f535bb4a-cba0-4f9b-9e3e-e4a48b3eda51@group-7E32184879DE-LeaderElection648: Election REJECTED; received 2 response(s) [f535bb4a-cba0-4f9b-9e3e-e4a48b3eda51<-54aabb14-4a7d-4ab3-adbe-2e67760b87f4#0:FAIL-t762, f535bb4a-cba0-4f9b-9e3e-e4a48b3eda51<-c652e2ee-3322-4406-8db6-1ea643cb3197#0:FAIL-t762] and 0 exception(s); f535bb4a-cba0-4f9b-9e3e-e4a48b3eda51@group-7E32184879DE:t762, leader=null, voted=f535bb4a-cba0-4f9b-9e3e-e4a48b3eda51, raftlog=f535bb4a-cba0-4f9b-9e3e-e4a48b3eda51@group-7E32184879DE-SegmentedRaftLog:OPENED:c-1,f-1,i0, conf=-1: [f535bb4a-cba0-4f9b-9e3e-e4a48b3eda51:0.0.0.0:44706, 54aabb14-4a7d-4ab3-adbe-2e67760b87f4:0.0.0.0:43074, c652e2ee-3322-4406-8db6-1ea643cb3197:0.0.0.0:42129], old=null
2019-10-18 11:25:57,823 [f535bb4a-cba0-4f9b-9e3e-e4a48b3eda51@group-7E32184879DE-LeaderElection648] INFO  impl.RaftServerImpl (RaftServerImpl.java:setRole(184)) - f535bb4a-cba0-4f9b-9e3e-e4a48b3eda51@group-7E32184879DE: changes role from CANDIDATE to FOLLOWER at term 762 for DISCOVERED_A_NEW_TERM
2019-10-18 11:25:57,823 [f535bb4a-cba0-4f9b-9e3e-e4a48b3eda51@group-7E32184879DE-LeaderElection648] INFO  impl.RoleInfo (RoleInfo.java:shutdownLeaderElection(134)) - f535bb4a-cba0-4f9b-9e3e-e4a48b3eda51: shutdown LeaderElection
2019-10-18 11:25:57,823 [f535bb4a-cba0-4f9b-9e3e-e4a48b3eda51@group-7E32184879DE-LeaderElection648] INFO  impl.RoleInfo (RoleInfo.java:updateAndGet(143)) - f535bb4a-cba0-4f9b-9e3e-e4a48b3eda51: start FollowerState
2019-10-18 11:25:57,926 [Thread-4589] INFO  impl.FollowerState (FollowerState.java:run(108)) - f535bb4a-cba0-4f9b-9e3e-e4a48b3eda51@group-7E32184879DE-FollowerState: change to CANDIDATE, lastRpcTime:103ms, electionTimeout:103ms
2019-10-18 11:25:57,927 [Thread-4589] INFO  impl.RoleInfo (RoleInfo.java:shutdownFollowerState(121)) - f535bb4a-cba0-4f9b-9e3e-e4a48b3eda51: shutdown FollowerState
2019-10-18 11:25:57,927 [Thread-4589] INFO  impl.RaftServerImpl (RaftServerImpl.java:setRole(184)) - f535bb4a-cba0-4f9b-9e3e-e4a48b3eda51@group-7E32184879DE: changes role from  FOLLOWER to CANDIDATE at term 762 for changeToCandidate
2019-10-18 11:25:57,927 [Thread-4589] INFO  impl.RoleInfo (RoleInfo.java:updateAndGet(143)) - f535bb4a-cba0-4f9b-9e3e-e4a48b3eda51: start LeaderElection
2019-10-18 11:25:57,963 [f535bb4a-cba0-4f9b-9e3e-e4a48b3eda51@group-7E32184879DE-LeaderElection649] INFO  impl.LeaderElection (LeaderElection.java:askForVotes(178)) - f535bb4a-cba0-4f9b-9e3e-e4a48b3eda51@group-7E32184879DE-LeaderElection649: begin an election at term 763 for -1: [f535bb4a-cba0-4f9b-9e3e-e4a48b3eda51:0.0.0.0:44706, 54aabb14-4a7d-4ab3-adbe-2e67760b87f4:0.0.0.0:43074, c652e2ee-3322-4406-8db6-1ea643cb3197:0.0.0.0:42129], old=null
2019-10-18 11:25:57,965 [grpc-default-executor-1] INFO  impl.RaftServerImpl (RaftServerImpl.java:setRole(184)) - 54aabb14-4a7d-4ab3-adbe-2e67760b87f4@group-7E32184879DE: changes role from  FOLLOWER to FOLLOWER at term 763 for recognizeCandidate:f535bb4a-cba0-4f9b-9e3e-e4a48b3eda51
2019-10-18 11:25:57,965 [grpc-default-executor-2] INFO  impl.RaftServerImpl (RaftServerImpl.java:setRole(184)) - c652e2ee-3322-4406-8db6-1ea643cb3197@group-7E32184879DE: changes role from  FOLLOWER to FOLLOWER at term 763 for recognizeCandidate:f535bb4a-cba0-4f9b-9e3e-e4a48b3eda51
2019-10-18 11:25:57,965 [grpc-default-executor-2] INFO  impl.RoleInfo (RoleInfo.java:shutdownFollowerState(121)) - c652e2ee-3322-4406-8db6-1ea643cb3197: shutdown FollowerState
2019-10-18 11:25:57,965 [grpc-default-executor-1] INFO  impl.RoleInfo (RoleInfo.java:shutdownFollowerState(121)) - 54aabb14-4a7d-4ab3-adbe-2e67760b87f4: shutdown FollowerState
2019-10-18 11:25:57,965 [Thread-4585] INFO  impl.FollowerState (FollowerState.java:run(117)) - c652e2ee-3322-4406-8db6-1ea643cb3197@group-7E32184879DE-FollowerState was interrupted: java.lang.InterruptedException: sleep interrupted
2019-10-18 11:25:57,965 [Thread-4586] INFO  impl.FollowerState (FollowerState.java:run(117)) - 54aabb14-4a7d-4ab3-adbe-2e67760b87f4@group-7E32184879DE-FollowerState was interrupted: java.lang.InterruptedException: sleep interrupted
2019-10-18 11:25:57,965 [grpc-default-executor-1] INFO  impl.RoleInfo (RoleInfo.java:updateAndGet(143)) - 54aabb14-4a7d-4ab3-adbe-2e67760b87f4: start FollowerState
2019-10-18 11:25:57,965 [grpc-default-executor-2] INFO  impl.RoleInfo (RoleInfo.java:updateAndGet(143)) - c652e2ee-3322-4406-8db6-1ea643cb3197: start FollowerState
2019-10-18 11:25:57,989 [f535bb4a-cba0-4f9b-9e3e-e4a48b3eda51@group-7E32184879DE-LeaderElection649] INFO  impl.LeaderElection (LeaderElection.java:logAndReturn(56)) - f535bb4a-cba0-4f9b-9e3e-e4a48b3eda51@group-7E32184879DE-LeaderElection649: Election REJECTED; received 2 response(s) [f535bb4a-cba0-4f9b-9e3e-e4a48b3eda51<-54aabb14-4a7d-4ab3-adbe-2e67760b87f4#0:FAIL-t763, f535bb4a-cba0-4f9b-9e3e-e4a48b3eda51<-c652e2ee-3322-4406-8db6-1ea643cb3197#0:FAIL-t763] and 0 exception(s); f535bb4a-cba0-4f9b-9e3e-e4a48b3eda51@group-7E32184879DE:t763, leader=null, voted=f535bb4a-cba0-4f9b-9e3e-e4a48b3eda51, raftlog=f535bb4a-cba0-4f9b-9e3e-e4a48b3eda51@group-7E32184879DE-SegmentedRaftLog:OPENED:c-1,f-1,i0, conf=-1: [f535bb4a-cba0-4f9b-9e3e-e4a48b3eda51:0.0.0.0:44706, 54aabb14-4a7d-4ab3-adbe-2e67760b87f4:0.0.0.0:43074, c652e2ee-3322-4406-8db6-1ea643cb3197:0.0.0.0:42129], old=null
2019-10-18 11:25:57,989 [f535bb4a-cba0-4f9b-9e3e-e4a48b3eda51@group-7E32184879DE-LeaderElection649] INFO  impl.RaftServerImpl (RaftServerImpl.java:setRole(184)) - f535bb4a-cba0-4f9b-9e3e-e4a48b3eda51@group-7E32184879DE: changes role from CANDIDATE to FOLLOWER at term 763 for DISCOVERED_A_NEW_TERM
2019-10-18 11:25:57,989 [f535bb4a-cba0-4f9b-9e3e-e4a48b3eda51@group-7E32184879DE-LeaderElection649] INFO  impl.RoleInfo (RoleInfo.java:shutdownLeaderElection(134)) - f535bb4a-cba0-4f9b-9e3e-e4a48b3eda51: shutdown LeaderElection
2019-10-18 11:25:57,989 [f535bb4a-cba0-4f9b-9e3e-e4a48b3eda51@group-7E32184879DE-LeaderElection649] INFO  impl.RoleInfo (RoleInfo.java:updateAndGet(143)) - f535bb4a-cba0-4f9b-9e3e-e4a48b3eda51: start FollowerState
2019-10-18 11:25:58,093 [Thread-4595] INFO  impl.FollowerState (FollowerState.java:run(108)) - f535bb4a-cba0-4f9b-9e3e-e4a48b3eda51@group-7E32184879DE-FollowerState: change to CANDIDATE, lastRpcTime:104ms, electionTimeout:104ms
2019-10-18 11:25:58,094 [Thread-4595] INFO  impl.RoleInfo (RoleInfo.java:shutdownFollowerState(121)) - f535bb4a-cba0-4f9b-9e3e-e4a48b3eda51: shutdown FollowerState
2019-10-18 11:25:58,094 [Thread-4595] INFO  impl.RaftServerImpl (RaftServerImpl.java:setRole(184)) - f535bb4a-cba0-4f9b-9e3e-e4a48b3eda51@group-7E32184879DE: changes role from  FOLLOWER to CANDIDATE at term 763 for changeToCandidate
2019-10-18 11:25:58,094 [Thread-4595] INFO  impl.RoleInfo (RoleInfo.java:updateAndGet(143)) - f535bb4a-cba0-4f9b-9e3e-e4a48b3eda51: start LeaderElection
2019-10-18 11:25:58,122 [f535bb4a-cba0-4f9b-9e3e-e4a48b3eda51@group-7E32184879DE-LeaderElection650] INFO  impl.LeaderElection (LeaderElection.java:askForVotes(178)) - f535bb4a-cba0-4f9b-9e3e-e4a48b3eda51@group-7E32184879DE-LeaderElection650: begin an election at term 764 for -1: [f535bb4a-cba0-4f9b-9e3e-e4a48b3eda51:0.0.0.0:44706, 54aabb14-4a7d-4ab3-adbe-2e67760b87f4:0.0.0.0:43074, c652e2ee-3322-4406-8db6-1ea643cb3197:0.0.0.0:42129], old=null
2019-10-18 11:25:58,123 [grpc-default-executor-2] INFO  impl.RaftServerImpl (RaftServerImpl.java:setRole(184)) - c652e2ee-3322-4406-8db6-1ea643cb3197@group-7E32184879DE: changes role from  FOLLOWER to FOLLOWER at term 764 for recognizeCandidate:f535bb4a-cba0-4f9b-9e3e-e4a48b3eda51
2019-10-18 11:25:58,124 [grpc-default-executor-2] INFO  impl.RoleInfo (RoleInfo.java:shutdownFollowerState(121)) - c652e2ee-3322-4406-8db6-1ea643cb3197: shutdown FollowerState
2019-10-18 11:25:58,123 [grpc-default-executor-1] INFO  impl.RaftServerImpl (RaftServerImpl.java:setRole(184)) - 54aabb14-4a7d-4ab3-adbe-2e67760b87f4@group-7E32184879DE: changes role from  FOLLOWER to FOLLOWER at term 764 for recognizeCandidate:f535bb4a-cba0-4f9b-9e3e-e4a48b3eda51
2019-10-18 11:25:58,124 [grpc-default-executor-1] INFO  impl.RoleInfo (RoleInfo.java:shutdownFollowerState(121)) - 54aabb14-4a7d-4ab3-adbe-2e67760b87f4: shutdown FollowerState
2019-10-18 11:25:58,124 [Thread-4593] INFO  impl.FollowerState (FollowerState.java:run(117)) - c652e2ee-3322-4406-8db6-1ea643cb3197@group-7E32184879DE-FollowerState was interrupted: java.lang.InterruptedException: sleep interrupted
2019-10-18 11:25:58,124 [Thread-4594] INFO  impl.FollowerState (FollowerState.java:run(117)) - 54aabb14-4a7d-4ab3-adbe-2e67760b87f4@group-7E32184879DE-FollowerState was interrupted: java.lang.InterruptedException: sleep interrupted
2019-10-18 11:25:58,124 [grpc-default-executor-2] INFO  impl.RoleInfo (RoleInfo.java:updateAndGet(143)) - c652e2ee-3322-4406-8db6-1ea643cb3197: start FollowerState
2019-10-18 11:25:58,124 [grpc-default-executor-1] INFO  impl.RoleInfo (RoleInfo.java:updateAndGet(143)) - 54aabb14-4a7d-4ab3-adbe-2e67760b87f4: start FollowerState
2019-10-18 11:25:58,149 [f535bb4a-cba0-4f9b-9e3e-e4a48b3eda51@group-7E32184879DE-LeaderElection650] INFO  impl.LeaderElection (LeaderElection.java:logAndReturn(56)) - f535bb4a-cba0-4f9b-9e3e-e4a48b3eda51@group-7E32184879DE-LeaderElection650: Election REJECTED; received 2 response(s) [f535bb4a-cba0-4f9b-9e3e-e4a48b3eda51<-54aabb14-4a7d-4ab3-adbe-2e67760b87f4#0:FAIL-t764, f535bb4a-cba0-4f9b-9e3e-e4a48b3eda51<-c652e2ee-3322-4406-8db6-1ea643cb3197#0:FAIL-t764] and 0 exception(s); f535bb4a-cba0-4f9b-9e3e-e4a48b3eda51@group-7E32184879DE:t764, leader=null, voted=f535bb4a-cba0-4f9b-9e3e-e4a48b3eda51, raftlog=f535bb4a-cba0-4f9b-9e3e-e4a48b3eda51@group-7E32184879DE-SegmentedRaftLog:OPENED:c-1,f-1,i0, conf=-1: [f535bb4a-cba0-4f9b-9e3e-e4a48b3eda51:0.0.0.0:44706, 54aabb14-4a7d-4ab3-adbe-2e67760b87f4:0.0.0.0:43074, c652e2ee-3322-4406-8db6-1ea643cb3197:0.0.0.0:42129], old=null
2019-10-18 11:25:58,149 [f535bb4a-cba0-4f9b-9e3e-e4a48b3eda51@group-7E32184879DE-LeaderElection650] INFO  impl.RaftServerImpl (RaftServerImpl.java:setRole(184)) - f535bb4a-cba0-4f9b-9e3e-e4a48b3eda51@group-7E32184879DE: changes role from CANDIDATE to FOLLOWER at term 764 for DISCOVERED_A_NEW_TERM
2019-10-18 11:25:58,149 [f535bb4a-cba0-4f9b-9e3e-e4a48b3eda51@group-7E32184879DE-LeaderElection650] INFO  impl.RoleInfo (RoleInfo.java:shutdownLeaderElection(134)) - f535bb4a-cba0-4f9b-9e3e-e4a48b3eda51: shutdown LeaderElection
2019-10-18 11:25:58,149 [f535bb4a-cba0-4f9b-9e3e-e4a48b3eda51@group-7E32184879DE-LeaderElection650] INFO  impl.RoleInfo (RoleInfo.java:updateAndGet(143)) - f535bb4a-cba0-4f9b-9e3e-e4a48b3eda51: start FollowerState
2019-10-18 11:25:58,184 [Thread-4601] INFO  impl.FollowerState (FollowerState.java:run(108)) - f535bb4a-cba0-4f9b-9e3e-e4a48b3eda51@group-7E32184879DE-FollowerState: change to CANDIDATE, lastRpcTime:34ms, electionTimeout:34ms
2019-10-18 11:25:58,184 [Thread-4601] INFO  impl.RoleInfo (RoleInfo.java:shutdownFollowerState(121)) - f535bb4a-cba0-4f9b-9e3e-e4a48b3eda51: shutdown FollowerState
2019-10-18 11:25:58,184 [Thread-4601] INFO  impl.RaftServerImpl (RaftServerImpl.java:setRole(184)) - f535bb4a-cba0-4f9b-9e3e-e4a48b3eda51@group-7E32184879DE: changes role from  FOLLOWER to CANDIDATE at term 764 for changeToCandidate
2019-10-18 11:25:58,184 [Thread-4601] INFO  impl.RoleInfo (RoleInfo.java:updateAndGet(143)) - f535bb4a-cba0-4f9b-9e3e-e4a48b3eda51: start LeaderElection
2019-10-18 11:25:58,214 [f535bb4a-cba0-4f9b-9e3e-e4a48b3eda51@group-7E32184879DE-LeaderElection651] INFO  impl.LeaderElection (LeaderElection.java:askForVotes(178)) - f535bb4a-cba0-4f9b-9e3e-e4a48b3eda51@group-7E32184879DE-LeaderElection651: begin an election at term 765 for -1: [f535bb4a-cba0-4f9b-9e3e-e4a48b3eda51:0.0.0.0:44706, 54aabb14-4a7d-4ab3-adbe-2e67760b87f4:0.0.0.0:43074, c652e2ee-3322-4406-8db6-1ea643cb3197:0.0.0.0:42129], old=null
2019-10-18 11:25:58,216 [grpc-default-executor-1] INFO  impl.RaftServerImpl (RaftServerImpl.java:setRole(184)) - 54aabb14-4a7d-4ab3-adbe-2e67760b87f4@group-7E32184879DE: changes role from  FOLLOWER to FOLLOWER at term 765 for recognizeCandidate:f535bb4a-cba0-4f9b-9e3e-e4a48b3eda51
2019-10-18 11:25:58,216 [grpc-default-executor-2] INFO  impl.RaftServerImpl (RaftServerImpl.java:setRole(184)) - c652e2ee-3322-4406-8db6-1ea643cb3197@group-7E32184879DE: changes role from  FOLLOWER to FOLLOWER at term 765 for recognizeCandidate:f535bb4a-cba0-4f9b-9e3e-e4a48b3eda51
2019-10-18 11:25:58,216 [grpc-default-executor-1] INFO  impl.RoleInfo (RoleInfo.java:shutdownFollowerState(121)) - 54aabb14-4a7d-4ab3-adbe-2e67760b87f4: shutdown FollowerState
2019-10-18 11:25:58,216 [grpc-default-executor-2] INFO  impl.RoleInfo (RoleInfo.java:shutdownFollowerState(121)) - c652e2ee-3322-4406-8db6-1ea643cb3197: shutdown FollowerState
2019-10-18 11:25:58,216 [grpc-default-executor-1] INFO  impl.RoleInfo (RoleInfo.java:updateAndGet(143)) - 54aabb14-4a7d-4ab3-adbe-2e67760b87f4: start FollowerState
2019-10-18 11:25:58,216 [Thread-4600] INFO  impl.FollowerState (FollowerState.java:run(117)) - 54aabb14-4a7d-4ab3-adbe-2e67760b87f4@group-7E32184879DE-FollowerState was interrupted: java.lang.InterruptedException: sleep interrupted
2019-10-18 11:25:58,216 [Thread-4599] INFO  impl.FollowerState (FollowerState.java:run(117)) - c652e2ee-3322-4406-8db6-1ea643cb3197@group-7E32184879DE-FollowerState was interrupted: java.lang.InterruptedException: sleep interrupted
2019-10-18 11:25:58,216 [grpc-default-executor-2] INFO  impl.RoleInfo (RoleInfo.java:updateAndGet(143)) - c652e2ee-3322-4406-8db6-1ea643cb3197: start FollowerState
2019-10-18 11:25:58,240 [f535bb4a-cba0-4f9b-9e3e-e4a48b3eda51@group-7E32184879DE-LeaderElection651] INFO  impl.LeaderElection (LeaderElection.java:logAndReturn(56)) - f535bb4a-cba0-4f9b-9e3e-e4a48b3eda51@group-7E32184879DE-LeaderElection651: Election REJECTED; received 2 response(s) [f535bb4a-cba0-4f9b-9e3e-e4a48b3eda51<-54aabb14-4a7d-4ab3-adbe-2e67760b87f4#0:FAIL-t765, f535bb4a-cba0-4f9b-9e3e-e4a48b3eda51<-c652e2ee-3322-4406-8db6-1ea643cb3197#0:FAIL-t765] and 0 exception(s); f535bb4a-cba0-4f9b-9e3e-e4a48b3eda51@group-7E32184879DE:t765, leader=null, voted=f535bb4a-cba0-4f9b-9e3e-e4a48b3eda51, raftlog=f535bb4a-cba0-4f9b-9e3e-e4a48b3eda51@group-7E32184879DE-SegmentedRaftLog:OPENED:c-1,f-1,i0, conf=-1: [f535bb4a-cba0-4f9b-9e3e-e4a48b3eda51:0.0.0.0:44706, 54aabb14-4a7d-4ab3-adbe-2e67760b87f4:0.0.0.0:43074, c652e2ee-3322-4406-8db6-1ea643cb3197:0.0.0.0:42129], old=null
2019-10-18 11:25:58,240 [f535bb4a-cba0-4f9b-9e3e-e4a48b3eda51@group-7E32184879DE-LeaderElection651] INFO  impl.RaftServerImpl (RaftServerImpl.java:setRole(184)) - f535bb4a-cba0-4f9b-9e3e-e4a48b3eda51@group-7E32184879DE: changes role from CANDIDATE to FOLLOWER at term 765 for DISCOVERED_A_NEW_TERM
2019-10-18 11:25:58,240 [f535bb4a-cba0-4f9b-9e3e-e4a48b3eda51@group-7E32184879DE-LeaderElection651] INFO  impl.RoleInfo (RoleInfo.java:shutdownLeaderElection(134)) - f535bb4a-cba0-4f9b-9e3e-e4a48b3eda51: shutdown LeaderElection
2019-10-18 11:25:58,240 [f535bb4a-cba0-4f9b-9e3e-e4a48b3eda51@group-7E32184879DE-LeaderElection651] INFO  impl.RoleInfo (RoleInfo.java:updateAndGet(143)) - f535bb4a-cba0-4f9b-9e3e-e4a48b3eda51: start FollowerState
2019-10-18 11:25:58,404 [Thread-4607] INFO  impl.FollowerState (FollowerState.java:run(108)) - f535bb4a-cba0-4f9b-9e3e-e4a48b3eda51@group-7E32184879DE-FollowerState: change to CANDIDATE, lastRpcTime:163ms, electionTimeout:163ms
2019-10-18 11:25:58,404 [Thread-4607] INFO  impl.RoleInfo (RoleInfo.java:shutdownFollowerState(121)) - f535bb4a-cba0-4f9b-9e3e-e4a48b3eda51: shutdown FollowerState
2019-10-18 11:25:58,404 [Thread-4607] INFO  impl.RaftServerImpl (RaftServerImpl.java:setRole(184)) - f535bb4a-cba0-4f9b-9e3e-e4a48b3eda51@group-7E32184879DE: changes role from  FOLLOWER to CANDIDATE at term 765 for changeToCandidate
2019-10-18 11:25:58,404 [Thread-4607] INFO  impl.RoleInfo (RoleInfo.java:updateAndGet(143)) - f535bb4a-cba0-4f9b-9e3e-e4a48b3eda51: start LeaderElection
2019-10-18 11:25:58,440 [f535bb4a-cba0-4f9b-9e3e-e4a48b3eda51@group-7E32184879DE-LeaderElection652] INFO  impl.LeaderElection (LeaderElection.java:askForVotes(178)) - f535bb4a-cba0-4f9b-9e3e-e4a48b3eda51@group-7E32184879DE-LeaderElection652: begin an election at term 766 for -1: [f535bb4a-cba0-4f9b-9e3e-e4a48b3eda51:0.0.0.0:44706, 54aabb14-4a7d-4ab3-adbe-2e67760b87f4:0.0.0.0:43074, c652e2ee-3322-4406-8db6-1ea643cb3197:0.0.0.0:42129], old=null
2019-10-18 11:25:58,441 [grpc-default-executor-2] INFO  impl.RaftServerImpl (RaftServerImpl.java:setRole(184)) - 54aabb14-4a7d-4ab3-adbe-2e67760b87f4@group-7E32184879DE: changes role from  FOLLOWER to FOLLOWER at term 766 for recognizeCandidate:f535bb4a-cba0-4f9b-9e3e-e4a48b3eda51
2019-10-18 11:25:58,442 [grpc-default-executor-1] INFO  impl.RaftServerImpl (RaftServerImpl.java:setRole(184)) - c652e2ee-3322-4406-8db6-1ea643cb3197@group-7E32184879DE: changes role from  FOLLOWER to FOLLOWER at term 766 for recognizeCandidate:f535bb4a-cba0-4f9b-9e3e-e4a48b3eda51
2019-10-18 11:25:58,442 [grpc-default-executor-1] INFO  impl.RoleInfo (RoleInfo.java:shutdownFollowerState(121)) - c652e2ee-3322-4406-8db6-1ea643cb3197: shutdown FollowerState
2019-10-18 11:25:58,442 [grpc-default-executor-2] INFO  impl.RoleInfo (RoleInfo.java:shutdownFollowerState(121)) - 54aabb14-4a7d-4ab3-adbe-2e67760b87f4: shutdown FollowerState
2019-10-18 11:25:58,442 [Thread-4606] INFO  impl.FollowerState (FollowerState.java:run(117)) - c652e2ee-3322-4406-8db6-1ea643cb3197@group-7E32184879DE-FollowerState was interrupted: java.lang.InterruptedException: sleep interrupted
2019-10-18 11:25:58,442 [grpc-default-executor-1] INFO  impl.RoleInfo (RoleInfo.java:updateAndGet(143)) - c652e2ee-3322-4406-8db6-1ea643cb3197: start FollowerState
2019-10-18 11:25:58,442 [Thread-4605] INFO  impl.FollowerState (FollowerState.java:run(117)) - 54aabb14-4a7d-4ab3-adbe-2e67760b87f4@group-7E32184879DE-FollowerState was interrupted: java.lang.InterruptedException: sleep interrupted
2019-10-18 11:25:58,442 [grpc-default-executor-2] INFO  impl.RoleInfo (RoleInfo.java:updateAndGet(143)) - 54aabb14-4a7d-4ab3-adbe-2e67760b87f4: start FollowerState
2019-10-18 11:25:58,466 [f535bb4a-cba0-4f9b-9e3e-e4a48b3eda51@group-7E32184879DE-LeaderElection652] INFO  impl.LeaderElection (LeaderElection.java:logAndReturn(56)) - f535bb4a-cba0-4f9b-9e3e-e4a48b3eda51@group-7E32184879DE-LeaderElection652: Election REJECTED; received 2 response(s) [f535bb4a-cba0-4f9b-9e3e-e4a48b3eda51<-54aabb14-4a7d-4ab3-adbe-2e67760b87f4#0:FAIL-t766, f535bb4a-cba0-4f9b-9e3e-e4a48b3eda51<-c652e2ee-3322-4406-8db6-1ea643cb3197#0:FAIL-t766] and 0 exception(s); f535bb4a-cba0-4f9b-9e3e-e4a48b3eda51@group-7E32184879DE:t766, leader=null, voted=f535bb4a-cba0-4f9b-9e3e-e4a48b3eda51, raftlog=f535bb4a-cba0-4f9b-9e3e-e4a48b3eda51@group-7E32184879DE-SegmentedRaftLog:OPENED:c-1,f-1,i0, conf=-1: [f535bb4a-cba0-4f9b-9e3e-e4a48b3eda51:0.0.0.0:44706, 54aabb14-4a7d-4ab3-adbe-2e67760b87f4:0.0.0.0:43074, c652e2ee-3322-4406-8db6-1ea643cb3197:0.0.0.0:42129], old=null
2019-10-18 11:25:58,466 [f535bb4a-cba0-4f9b-9e3e-e4a48b3eda51@group-7E32184879DE-LeaderElection652] INFO  impl.RaftServerImpl (RaftServerImpl.java:setRole(184)) - f535bb4a-cba0-4f9b-9e3e-e4a48b3eda51@group-7E32184879DE: changes role from CANDIDATE to FOLLOWER at term 766 for DISCOVERED_A_NEW_TERM
2019-10-18 11:25:58,466 [f535bb4a-cba0-4f9b-9e3e-e4a48b3eda51@group-7E32184879DE-LeaderElection652] INFO  impl.RoleInfo (RoleInfo.java:shutdownLeaderElection(134)) - f535bb4a-cba0-4f9b-9e3e-e4a48b3eda51: shutdown LeaderElection
2019-10-18 11:25:58,466 [f535bb4a-cba0-4f9b-9e3e-e4a48b3eda51@group-7E32184879DE-LeaderElection652] INFO  impl.RoleInfo (RoleInfo.java:updateAndGet(143)) - f535bb4a-cba0-4f9b-9e3e-e4a48b3eda51: start FollowerState
2019-10-18 11:25:58,628 [Thread-4613] INFO  impl.FollowerState (FollowerState.java:run(108)) - f535bb4a-cba0-4f9b-9e3e-e4a48b3eda51@group-7E32184879DE-FollowerState: change to CANDIDATE, lastRpcTime:162ms, electionTimeout:162ms
2019-10-18 11:25:58,629 [Thread-4613] INFO  impl.RoleInfo (RoleInfo.java:shutdownFollowerState(121)) - f535bb4a-cba0-4f9b-9e3e-e4a48b3eda51: shutdown FollowerState
2019-10-18 11:25:58,629 [Thread-4613] INFO  impl.RaftServerImpl (RaftServerImpl.java:setRole(184)) - f535bb4a-cba0-4f9b-9e3e-e4a48b3eda51@group-7E32184879DE: changes role from  FOLLOWER to CANDIDATE at term 766 for changeToCandidate
2019-10-18 11:25:58,629 [Thread-4613] INFO  impl.RoleInfo (RoleInfo.java:updateAndGet(143)) - f535bb4a-cba0-4f9b-9e3e-e4a48b3eda51: start LeaderElection
2019-10-18 11:25:58,657 [f535bb4a-cba0-4f9b-9e3e-e4a48b3eda51@group-7E32184879DE-LeaderElection653] INFO  impl.LeaderElection (LeaderElection.java:askForVotes(178)) - f535bb4a-cba0-4f9b-9e3e-e4a48b3eda51@group-7E32184879DE-LeaderElection653: begin an election at term 767 for -1: [f535bb4a-cba0-4f9b-9e3e-e4a48b3eda51:0.0.0.0:44706, 54aabb14-4a7d-4ab3-adbe-2e67760b87f4:0.0.0.0:43074, c652e2ee-3322-4406-8db6-1ea643cb3197:0.0.0.0:42129], old=null
2019-10-18 11:25:58,662 [grpc-default-executor-1] INFO  impl.RaftServerImpl (RaftServerImpl.java:setRole(184)) - c652e2ee-3322-4406-8db6-1ea643cb3197@group-7E32184879DE: changes role from  FOLLOWER to FOLLOWER at term 767 for recognizeCandidate:f535bb4a-cba0-4f9b-9e3e-e4a48b3eda51
2019-10-18 11:25:58,662 [grpc-default-executor-2] INFO  impl.RaftServerImpl (RaftServerImpl.java:setRole(184)) - 54aabb14-4a7d-4ab3-adbe-2e67760b87f4@group-7E32184879DE: changes role from  FOLLOWER to FOLLOWER at term 767 for recognizeCandidate:f535bb4a-cba0-4f9b-9e3e-e4a48b3eda51
2019-10-18 11:25:58,662 [grpc-default-executor-1] INFO  impl.RoleInfo (RoleInfo.java:shutdownFollowerState(121)) - c652e2ee-3322-4406-8db6-1ea643cb3197: shutdown FollowerState
2019-10-18 11:25:58,663 [grpc-default-executor-2] INFO  impl.RoleInfo (RoleInfo.java:shutdownFollowerState(121)) - 54aabb14-4a7d-4ab3-adbe-2e67760b87f4: shutdown FollowerState
2019-10-18 11:25:58,663 [grpc-default-executor-1] INFO  impl.RoleInfo (RoleInfo.java:updateAndGet(143)) - c652e2ee-3322-4406-8db6-1ea643cb3197: start FollowerState
2019-10-18 11:25:58,663 [Thread-4612] INFO  impl.FollowerState (FollowerState.java:run(117)) - 54aabb14-4a7d-4ab3-adbe-2e67760b87f4@group-7E32184879DE-FollowerState was interrupted: java.lang.InterruptedException: sleep interrupted
2019-10-18 11:25:58,663 [grpc-default-executor-2] INFO  impl.RoleInfo (RoleInfo.java:updateAndGet(143)) - 54aabb14-4a7d-4ab3-adbe-2e67760b87f4: start FollowerState
2019-10-18 11:25:58,663 [Thread-4611] INFO  impl.FollowerState (FollowerState.java:run(117)) - c652e2ee-3322-4406-8db6-1ea643cb3197@group-7E32184879DE-FollowerState was interrupted: java.lang.InterruptedException: sleep interrupted
2019-10-18 11:25:58,692 [f535bb4a-cba0-4f9b-9e3e-e4a48b3eda51@group-7E32184879DE-LeaderElection653] INFO  impl.LeaderElection (LeaderElection.java:logAndReturn(56)) - f535bb4a-cba0-4f9b-9e3e-e4a48b3eda51@group-7E32184879DE-LeaderElection653: Election REJECTED; received 2 response(s) [f535bb4a-cba0-4f9b-9e3e-e4a48b3eda51<-54aabb14-4a7d-4ab3-adbe-2e67760b87f4#0:FAIL-t767, f535bb4a-cba0-4f9b-9e3e-e4a48b3eda51<-c652e2ee-3322-4406-8db6-1ea643cb3197#0:FAIL-t767] and 0 exception(s); f535bb4a-cba0-4f9b-9e3e-e4a48b3eda51@group-7E32184879DE:t767, leader=null, voted=f535bb4a-cba0-4f9b-9e3e-e4a48b3eda51, raftlog=f535bb4a-cba0-4f9b-9e3e-e4a48b3eda51@group-7E32184879DE-SegmentedRaftLog:OPENED:c-1,f-1,i0, conf=-1: [f535bb4a-cba0-4f9b-9e3e-e4a48b3eda51:0.0.0.0:44706, 54aabb14-4a7d-4ab3-adbe-2e67760b87f4:0.0.0.0:43074, c652e2ee-3322-4406-8db6-1ea643cb3197:0.0.0.0:42129], old=null
2019-10-18 11:25:58,692 [f535bb4a-cba0-4f9b-9e3e-e4a48b3eda51@group-7E32184879DE-LeaderElection653] INFO  impl.RaftServerImpl (RaftServerImpl.java:setRole(184)) - f535bb4a-cba0-4f9b-9e3e-e4a48b3eda51@group-7E32184879DE: changes role from CANDIDATE to FOLLOWER at term 767 for DISCOVERED_A_NEW_TERM
2019-10-18 11:25:58,693 [f535bb4a-cba0-4f9b-9e3e-e4a48b3eda51@group-7E32184879DE-LeaderElection653] INFO  impl.RoleInfo (RoleInfo.java:shutdownLeaderElection(134)) - f535bb4a-cba0-4f9b-9e3e-e4a48b3eda51: shutdown LeaderElection
2019-10-18 11:25:58,693 [f535bb4a-cba0-4f9b-9e3e-e4a48b3eda51@group-7E32184879DE-LeaderElection653] INFO  impl.RoleInfo (RoleInfo.java:updateAndGet(143)) - f535bb4a-cba0-4f9b-9e3e-e4a48b3eda51: start FollowerState
2019-10-18 11:25:58,754 [Thread-4619] INFO  impl.FollowerState (FollowerState.java:run(108)) - f535bb4a-cba0-4f9b-9e3e-e4a48b3eda51@group-7E32184879DE-FollowerState: change to CANDIDATE, lastRpcTime:61ms, electionTimeout:61ms
2019-10-18 11:25:58,754 [Thread-4619] INFO  impl.RoleInfo (RoleInfo.java:shutdownFollowerState(121)) - f535bb4a-cba0-4f9b-9e3e-e4a48b3eda51: shutdown FollowerState
2019-10-18 11:25:58,754 [Thread-4619] INFO  impl.RaftServerImpl (RaftServerImpl.java:setRole(184)) - f535bb4a-cba0-4f9b-9e3e-e4a48b3eda51@group-7E32184879DE: changes role from  FOLLOWER to CANDIDATE at term 767 for changeToCandidate
2019-10-18 11:25:58,755 [Thread-4619] INFO  impl.RoleInfo (RoleInfo.java:updateAndGet(143)) - f535bb4a-cba0-4f9b-9e3e-e4a48b3eda51: start LeaderElection
2019-10-18 11:25:58,783 [f535bb4a-cba0-4f9b-9e3e-e4a48b3eda51@group-7E32184879DE-LeaderElection654] INFO  impl.LeaderElection (LeaderElection.java:askForVotes(178)) - f535bb4a-cba0-4f9b-9e3e-e4a48b3eda51@group-7E32184879DE-LeaderElection654: begin an election at term 768 for -1: [f535bb4a-cba0-4f9b-9e3e-e4a48b3eda51:0.0.0.0:44706, 54aabb14-4a7d-4ab3-adbe-2e67760b87f4:0.0.0.0:43074, c652e2ee-3322-4406-8db6-1ea643cb3197:0.0.0.0:42129], old=null
2019-10-18 11:25:58,785 [grpc-default-executor-1] INFO  impl.RaftServerImpl (RaftServerImpl.java:setRole(184)) - 54aabb14-4a7d-4ab3-adbe-2e67760b87f4@group-7E32184879DE: changes role from  FOLLOWER to FOLLOWER at term 768 for recognizeCandidate:f535bb4a-cba0-4f9b-9e3e-e4a48b3eda51
2019-10-18 11:25:58,785 [grpc-default-executor-2] INFO  impl.RaftServerImpl (RaftServerImpl.java:setRole(184)) - c652e2ee-3322-4406-8db6-1ea643cb3197@group-7E32184879DE: changes role from  FOLLOWER to FOLLOWER at term 768 for recognizeCandidate:f535bb4a-cba0-4f9b-9e3e-e4a48b3eda51
2019-10-18 11:25:58,785 [grpc-default-executor-2] INFO  impl.RoleInfo (RoleInfo.java:shutdownFollowerState(121)) - c652e2ee-3322-4406-8db6-1ea643cb3197: shutdown FollowerState
2019-10-18 11:25:58,785 [grpc-default-executor-1] INFO  impl.RoleInfo (RoleInfo.java:shutdownFollowerState(121)) - 54aabb14-4a7d-4ab3-adbe-2e67760b87f4: shutdown FollowerState
2019-10-18 11:25:58,785 [Thread-4617] INFO  impl.FollowerState (FollowerState.java:run(117)) - c652e2ee-3322-4406-8db6-1ea643cb3197@group-7E32184879DE-FollowerState was interrupted: java.lang.InterruptedException: sleep interrupted
2019-10-18 11:25:58,785 [grpc-default-executor-2] INFO  impl.RoleInfo (RoleInfo.java:updateAndGet(143)) - c652e2ee-3322-4406-8db6-1ea643cb3197: start FollowerState
2019-10-18 11:25:58,786 [Thread-4618] INFO  impl.FollowerState (FollowerState.java:run(117)) - 54aabb14-4a7d-4ab3-adbe-2e67760b87f4@group-7E32184879DE-FollowerState was interrupted: java.lang.InterruptedException: sleep interrupted
2019-10-18 11:25:58,786 [grpc-default-executor-1] INFO  impl.RoleInfo (RoleInfo.java:updateAndGet(143)) - 54aabb14-4a7d-4ab3-adbe-2e67760b87f4: start FollowerState
2019-10-18 11:25:58,809 [f535bb4a-cba0-4f9b-9e3e-e4a48b3eda51@group-7E32184879DE-LeaderElection654] INFO  impl.LeaderElection (LeaderElection.java:logAndReturn(56)) - f535bb4a-cba0-4f9b-9e3e-e4a48b3eda51@group-7E32184879DE-LeaderElection654: Election REJECTED; received 2 response(s) [f535bb4a-cba0-4f9b-9e3e-e4a48b3eda51<-54aabb14-4a7d-4ab3-adbe-2e67760b87f4#0:FAIL-t768, f535bb4a-cba0-4f9b-9e3e-e4a48b3eda51<-c652e2ee-3322-4406-8db6-1ea643cb3197#0:FAIL-t768] and 0 exception(s); f535bb4a-cba0-4f9b-9e3e-e4a48b3eda51@group-7E32184879DE:t768, leader=null, voted=f535bb4a-cba0-4f9b-9e3e-e4a48b3eda51, raftlog=f535bb4a-cba0-4f9b-9e3e-e4a48b3eda51@group-7E32184879DE-SegmentedRaftLog:OPENED:c-1,f-1,i0, conf=-1: [f535bb4a-cba0-4f9b-9e3e-e4a48b3eda51:0.0.0.0:44706, 54aabb14-4a7d-4ab3-adbe-2e67760b87f4:0.0.0.0:43074, c652e2ee-3322-4406-8db6-1ea643cb3197:0.0.0.0:42129], old=null
2019-10-18 11:25:58,809 [f535bb4a-cba0-4f9b-9e3e-e4a48b3eda51@group-7E32184879DE-LeaderElection654] INFO  impl.RaftServerImpl (RaftServerImpl.java:setRole(184)) - f535bb4a-cba0-4f9b-9e3e-e4a48b3eda51@group-7E32184879DE: changes role from CANDIDATE to FOLLOWER at term 768 for DISCOVERED_A_NEW_TERM
2019-10-18 11:25:58,810 [f535bb4a-cba0-4f9b-9e3e-e4a48b3eda51@group-7E32184879DE-LeaderElection654] INFO  impl.RoleInfo (RoleInfo.java:shutdownLeaderElection(134)) - f535bb4a-cba0-4f9b-9e3e-e4a48b3eda51: shutdown LeaderElection
2019-10-18 11:25:58,810 [f535bb4a-cba0-4f9b-9e3e-e4a48b3eda51@group-7E32184879DE-LeaderElection654] INFO  impl.RoleInfo (RoleInfo.java:updateAndGet(143)) - f535bb4a-cba0-4f9b-9e3e-e4a48b3eda51: start FollowerState
2019-10-18 11:25:58,967 [Thread-4626] INFO  impl.FollowerState (FollowerState.java:run(108)) - f535bb4a-cba0-4f9b-9e3e-e4a48b3eda51@group-7E32184879DE-FollowerState: change to CANDIDATE, lastRpcTime:157ms, electionTimeout:157ms
2019-10-18 11:25:58,968 [Thread-4626] INFO  impl.RoleInfo (RoleInfo.java:shutdownFollowerState(121)) - f535bb4a-cba0-4f9b-9e3e-e4a48b3eda51: shutdown FollowerState
2019-10-18 11:25:58,968 [Thread-4626] INFO  impl.RaftServerImpl (RaftServerImpl.java:setRole(184)) - f535bb4a-cba0-4f9b-9e3e-e4a48b3eda51@group-7E32184879DE: changes role from  FOLLOWER to CANDIDATE at term 768 for changeToCandidate
2019-10-18 11:25:58,968 [Thread-4626] INFO  impl.RoleInfo (RoleInfo.java:updateAndGet(143)) - f535bb4a-cba0-4f9b-9e3e-e4a48b3eda51: start LeaderElection
2019-10-18 11:25:58,992 [f535bb4a-cba0-4f9b-9e3e-e4a48b3eda51@group-7E32184879DE-LeaderElection655] INFO  impl.LeaderElection (LeaderElection.java:askForVotes(178)) - f535bb4a-cba0-4f9b-9e3e-e4a48b3eda51@group-7E32184879DE-LeaderElection655: begin an election at term 769 for -1: [f535bb4a-cba0-4f9b-9e3e-e4a48b3eda51:0.0.0.0:44706, 54aabb14-4a7d-4ab3-adbe-2e67760b87f4:0.0.0.0:43074, c652e2ee-3322-4406-8db6-1ea643cb3197:0.0.0.0:42129], old=null
2019-10-18 11:25:58,994 [grpc-default-executor-1] INFO  impl.RaftServerImpl (RaftServerImpl.java:setRole(184)) - 54aabb14-4a7d-4ab3-adbe-2e67760b87f4@group-7E32184879DE: changes role from  FOLLOWER to FOLLOWER at term 769 for recognizeCandidate:f535bb4a-cba0-4f9b-9e3e-e4a48b3eda51
2019-10-18 11:25:58,994 [grpc-default-executor-2] INFO  impl.RaftServerImpl (RaftServerImpl.java:setRole(184)) - c652e2ee-3322-4406-8db6-1ea643cb3197@group-7E32184879DE: changes role from  FOLLOWER to FOLLOWER at term 769 for recognizeCandidate:f535bb4a-cba0-4f9b-9e3e-e4a48b3eda51
2019-10-18 11:25:58,994 [grpc-default-executor-2] INFO  impl.RoleInfo (RoleInfo.java:shutdownFollowerState(121)) - c652e2ee-3322-4406-8db6-1ea643cb3197: shutdown FollowerState
2019-10-18 11:25:58,994 [grpc-default-executor-1] INFO  impl.RoleInfo (RoleInfo.java:shutdownFollowerState(121)) - 54aabb14-4a7d-4ab3-adbe-2e67760b87f4: shutdown FollowerState
2019-10-18 11:25:58,994 [Thread-4623] INFO  impl.FollowerState (FollowerState.java:run(117)) - c652e2ee-3322-4406-8db6-1ea643cb3197@group-7E32184879DE-FollowerState was interrupted: java.lang.InterruptedException: sleep interrupted
2019-10-18 11:25:58,994 [grpc-default-executor-2] INFO  impl.RoleInfo (RoleInfo.java:updateAndGet(143)) - c652e2ee-3322-4406-8db6-1ea643cb3197: start FollowerState
2019-10-18 11:25:58,995 [Thread-4624] INFO  impl.FollowerState (FollowerState.java:run(117)) - 54aabb14-4a7d-4ab3-adbe-2e67760b87f4@group-7E32184879DE-FollowerState was interrupted: java.lang.InterruptedException: sleep interrupted
2019-10-18 11:25:58,995 [grpc-default-executor-1] INFO  impl.RoleInfo (RoleInfo.java:updateAndGet(143)) - 54aabb14-4a7d-4ab3-adbe-2e67760b87f4: start FollowerState
2019-10-18 11:25:59,018 [f535bb4a-cba0-4f9b-9e3e-e4a48b3eda51@group-7E32184879DE-LeaderElection655] INFO  impl.LeaderElection (LeaderElection.java:logAndReturn(56)) - f535bb4a-cba0-4f9b-9e3e-e4a48b3eda51@group-7E32184879DE-LeaderElection655: Election REJECTED; received 2 response(s) [f535bb4a-cba0-4f9b-9e3e-e4a48b3eda51<-54aabb14-4a7d-4ab3-adbe-2e67760b87f4#0:FAIL-t769, f535bb4a-cba0-4f9b-9e3e-e4a48b3eda51<-c652e2ee-3322-4406-8db6-1ea643cb3197#0:FAIL-t769] and 0 exception(s); f535bb4a-cba0-4f9b-9e3e-e4a48b3eda51@group-7E32184879DE:t769, leader=null, voted=f535bb4a-cba0-4f9b-9e3e-e4a48b3eda51, raftlog=f535bb4a-cba0-4f9b-9e3e-e4a48b3eda51@group-7E32184879DE-SegmentedRaftLog:OPENED:c-1,f-1,i0, conf=-1: [f535bb4a-cba0-4f9b-9e3e-e4a48b3eda51:0.0.0.0:44706, 54aabb14-4a7d-4ab3-adbe-2e67760b87f4:0.0.0.0:43074, c652e2ee-3322-4406-8db6-1ea643cb3197:0.0.0.0:42129], old=null
2019-10-18 11:25:59,018 [f535bb4a-cba0-4f9b-9e3e-e4a48b3eda51@group-7E32184879DE-LeaderElection655] INFO  impl.RaftServerImpl (RaftServerImpl.java:setRole(184)) - f535bb4a-cba0-4f9b-9e3e-e4a48b3eda51@group-7E32184879DE: changes role from CANDIDATE to FOLLOWER at term 769 for DISCOVERED_A_NEW_TERM
2019-10-18 11:25:59,018 [f535bb4a-cba0-4f9b-9e3e-e4a48b3eda51@group-7E32184879DE-LeaderElection655] INFO  impl.RoleInfo (RoleInfo.java:shutdownLeaderElection(134)) - f535bb4a-cba0-4f9b-9e3e-e4a48b3eda51: shutdown LeaderElection
2019-10-18 11:25:59,019 [f535bb4a-cba0-4f9b-9e3e-e4a48b3eda51@group-7E32184879DE-LeaderElection655] INFO  impl.RoleInfo (RoleInfo.java:updateAndGet(143)) - f535bb4a-cba0-4f9b-9e3e-e4a48b3eda51: start FollowerState
2019-10-18 11:25:59,100 [Thread-4633] INFO  impl.FollowerState (FollowerState.java:run(108)) - f535bb4a-cba0-4f9b-9e3e-e4a48b3eda51@group-7E32184879DE-FollowerState: change to CANDIDATE, lastRpcTime:81ms, electionTimeout:81ms
2019-10-18 11:25:59,100 [Thread-4633] INFO  impl.RoleInfo (RoleInfo.java:shutdownFollowerState(121)) - f535bb4a-cba0-4f9b-9e3e-e4a48b3eda51: shutdown FollowerState
2019-10-18 11:25:59,100 [Thread-4633] INFO  impl.RaftServerImpl (RaftServerImpl.java:setRole(184)) - f535bb4a-cba0-4f9b-9e3e-e4a48b3eda51@group-7E32184879DE: changes role from  FOLLOWER to CANDIDATE at term 769 for changeToCandidate
2019-10-18 11:25:59,100 [Thread-4633] INFO  impl.RoleInfo (RoleInfo.java:updateAndGet(143)) - f535bb4a-cba0-4f9b-9e3e-e4a48b3eda51: start LeaderElection
2019-10-18 11:25:59,126 [f535bb4a-cba0-4f9b-9e3e-e4a48b3eda51@group-7E32184879DE-LeaderElection656] INFO  impl.LeaderElection (LeaderElection.java:askForVotes(178)) - f535bb4a-cba0-4f9b-9e3e-e4a48b3eda51@group-7E32184879DE-LeaderElection656: begin an election at term 770 for -1: [f535bb4a-cba0-4f9b-9e3e-e4a48b3eda51:0.0.0.0:44706, 54aabb14-4a7d-4ab3-adbe-2e67760b87f4:0.0.0.0:43074, c652e2ee-3322-4406-8db6-1ea643cb3197:0.0.0.0:42129], old=null
2019-10-18 11:25:59,128 [grpc-default-executor-2] INFO  impl.RaftServerImpl (RaftServerImpl.java:setRole(184)) - 54aabb14-4a7d-4ab3-adbe-2e67760b87f4@group-7E32184879DE: changes role from  FOLLOWER to FOLLOWER at term 770 for recognizeCandidate:f535bb4a-cba0-4f9b-9e3e-e4a48b3eda51
2019-10-18 11:25:59,128 [grpc-default-executor-2] INFO  impl.RoleInfo (RoleInfo.java:shutdownFollowerState(121)) - 54aabb14-4a7d-4ab3-adbe-2e67760b87f4: shutdown FollowerState
2019-10-18 11:25:59,128 [grpc-default-executor-2] INFO  impl.RoleInfo (RoleInfo.java:updateAndGet(143)) - 54aabb14-4a7d-4ab3-adbe-2e67760b87f4: start FollowerState
2019-10-18 11:25:59,128 [Thread-4632] INFO  impl.FollowerState (FollowerState.java:run(117)) - 54aabb14-4a7d-4ab3-adbe-2e67760b87f4@group-7E32184879DE-FollowerState was interrupted: java.lang.InterruptedException: sleep interrupted
2019-10-18 11:25:59,128 [grpc-default-executor-1] INFO  impl.RaftServerImpl (RaftServerImpl.java:setRole(184)) - c652e2ee-3322-4406-8db6-1ea643cb3197@group-7E32184879DE: changes role from  FOLLOWER to FOLLOWER at term 770 for recognizeCandidate:f535bb4a-cba0-4f9b-9e3e-e4a48b3eda51
2019-10-18 11:25:59,129 [grpc-default-executor-1] INFO  impl.RoleInfo (RoleInfo.java:shutdownFollowerState(121)) - c652e2ee-3322-4406-8db6-1ea643cb3197: shutdown FollowerState
2019-10-18 11:25:59,129 [grpc-default-executor-1] INFO  impl.RoleInfo (RoleInfo.java:updateAndGet(143)) - c652e2ee-3322-4406-8db6-1ea643cb3197: start FollowerState
2019-10-18 11:25:59,129 [Thread-4631] INFO  impl.FollowerState (FollowerState.java:run(117)) - c652e2ee-3322-4406-8db6-1ea643cb3197@group-7E32184879DE-FollowerState was interrupted: java.lang.InterruptedException: sleep interrupted
2019-10-18 11:25:59,152 [f535bb4a-cba0-4f9b-9e3e-e4a48b3eda51@group-7E32184879DE-LeaderElection656] INFO  impl.LeaderElection (LeaderElection.java:logAndReturn(56)) - f535bb4a-cba0-4f9b-9e3e-e4a48b3eda51@group-7E32184879DE-LeaderElection656: Election REJECTED; received 2 response(s) [f535bb4a-cba0-4f9b-9e3e-e4a48b3eda51<-54aabb14-4a7d-4ab3-adbe-2e67760b87f4#0:FAIL-t770, f535bb4a-cba0-4f9b-9e3e-e4a48b3eda51<-c652e2ee-3322-4406-8db6-1ea643cb3197#0:FAIL-t770] and 0 exception(s); f535bb4a-cba0-4f9b-9e3e-e4a48b3eda51@group-7E32184879DE:t770, leader=null, voted=f535bb4a-cba0-4f9b-9e3e-e4a48b3eda51, raftlog=f535bb4a-cba0-4f9b-9e3e-e4a48b3eda51@group-7E32184879DE-SegmentedRaftLog:OPENED:c-1,f-1,i0, conf=-1: [f535bb4a-cba0-4f9b-9e3e-e4a48b3eda51:0.0.0.0:44706, 54aabb14-4a7d-4ab3-adbe-2e67760b87f4:0.0.0.0:43074, c652e2ee-3322-4406-8db6-1ea643cb3197:0.0.0.0:42129], old=null
2019-10-18 11:25:59,152 [f535bb4a-cba0-4f9b-9e3e-e4a48b3eda51@group-7E32184879DE-LeaderElection656] INFO  impl.RaftServerImpl (RaftServerImpl.java:setRole(184)) - f535bb4a-cba0-4f9b-9e3e-e4a48b3eda51@group-7E32184879DE: changes role from CANDIDATE to FOLLOWER at term 770 for DISCOVERED_A_NEW_TERM
2019-10-18 11:25:59,152 [f535bb4a-cba0-4f9b-9e3e-e4a48b3eda51@group-7E32184879DE-LeaderElection656] INFO  impl.RoleInfo (RoleInfo.java:shutdownLeaderElection(134)) - f535bb4a-cba0-4f9b-9e3e-e4a48b3eda51: shutdown LeaderElection
2019-10-18 11:25:59,152 [f535bb4a-cba0-4f9b-9e3e-e4a48b3eda51@group-7E32184879DE-LeaderElection656] INFO  impl.RoleInfo (RoleInfo.java:updateAndGet(143)) - f535bb4a-cba0-4f9b-9e3e-e4a48b3eda51: start FollowerState
2019-10-18 11:25:59,219 [Thread-4639] INFO  impl.FollowerState (FollowerState.java:run(108)) - f535bb4a-cba0-4f9b-9e3e-e4a48b3eda51@group-7E32184879DE-FollowerState: change to CANDIDATE, lastRpcTime:66ms, electionTimeout:66ms
2019-10-18 11:25:59,219 [Thread-4639] INFO  impl.RoleInfo (RoleInfo.java:shutdownFollowerState(121)) - f535bb4a-cba0-4f9b-9e3e-e4a48b3eda51: shutdown FollowerState
2019-10-18 11:25:59,219 [Thread-4639] INFO  impl.RaftServerImpl (RaftServerImpl.java:setRole(184)) - f535bb4a-cba0-4f9b-9e3e-e4a48b3eda51@group-7E32184879DE: changes role from  FOLLOWER to CANDIDATE at term 770 for changeToCandidate
2019-10-18 11:25:59,219 [Thread-4639] INFO  impl.RoleInfo (RoleInfo.java:updateAndGet(143)) - f535bb4a-cba0-4f9b-9e3e-e4a48b3eda51: start LeaderElection
2019-10-18 11:25:59,245 [f535bb4a-cba0-4f9b-9e3e-e4a48b3eda51@group-7E32184879DE-LeaderElection657] INFO  impl.LeaderElection (LeaderElection.java:askForVotes(178)) - f535bb4a-cba0-4f9b-9e3e-e4a48b3eda51@group-7E32184879DE-LeaderElection657: begin an election at term 771 for -1: [f535bb4a-cba0-4f9b-9e3e-e4a48b3eda51:0.0.0.0:44706, 54aabb14-4a7d-4ab3-adbe-2e67760b87f4:0.0.0.0:43074, c652e2ee-3322-4406-8db6-1ea643cb3197:0.0.0.0:42129], old=null
2019-10-18 11:25:59,246 [grpc-default-executor-2] INFO  impl.RaftServerImpl (RaftServerImpl.java:setRole(184)) - c652e2ee-3322-4406-8db6-1ea643cb3197@group-7E32184879DE: changes role from  FOLLOWER to FOLLOWER at term 771 for recognizeCandidate:f535bb4a-cba0-4f9b-9e3e-e4a48b3eda51
2019-10-18 11:25:59,246 [grpc-default-executor-1] INFO  impl.RaftServerImpl (RaftServerImpl.java:setRole(184)) - 54aabb14-4a7d-4ab3-adbe-2e67760b87f4@group-7E32184879DE: changes role from  FOLLOWER to FOLLOWER at term 771 for recognizeCandidate:f535bb4a-cba0-4f9b-9e3e-e4a48b3eda51
2019-10-18 11:25:59,246 [grpc-default-executor-2] INFO  impl.RoleInfo (RoleInfo.java:shutdownFollowerState(121)) - c652e2ee-3322-4406-8db6-1ea643cb3197: shutdown FollowerState
2019-10-18 11:25:59,247 [grpc-default-executor-1] INFO  impl.RoleInfo (RoleInfo.java:shutdownFollowerState(121)) - 54aabb14-4a7d-4ab3-adbe-2e67760b87f4: shutdown FollowerState
2019-10-18 11:25:59,247 [Thread-4638] INFO  impl.FollowerState (FollowerState.java:run(117)) - c652e2ee-3322-4406-8db6-1ea643cb3197@group-7E32184879DE-FollowerState was interrupted: java.lang.InterruptedException: sleep interrupted
2019-10-18 11:25:59,247 [grpc-default-executor-2] INFO  impl.RoleInfo (RoleInfo.java:updateAndGet(143)) - c652e2ee-3322-4406-8db6-1ea643cb3197: start FollowerState
2019-10-18 11:25:59,247 [Thread-4637] INFO  impl.FollowerState (FollowerState.java:run(117)) - 54aabb14-4a7d-4ab3-adbe-2e67760b87f4@group-7E32184879DE-FollowerState was interrupted: java.lang.InterruptedException: sleep interrupted
2019-10-18 11:25:59,247 [grpc-default-executor-1] INFO  impl.RoleInfo (RoleInfo.java:updateAndGet(143)) - 54aabb14-4a7d-4ab3-adbe-2e67760b87f4: start FollowerState
2019-10-18 11:25:59,270 [f535bb4a-cba0-4f9b-9e3e-e4a48b3eda51@group-7E32184879DE-LeaderElection657] INFO  impl.LeaderElection (LeaderElection.java:logAndReturn(56)) - f535bb4a-cba0-4f9b-9e3e-e4a48b3eda51@group-7E32184879DE-LeaderElection657: Election REJECTED; received 2 response(s) [f535bb4a-cba0-4f9b-9e3e-e4a48b3eda51<-54aabb14-4a7d-4ab3-adbe-2e67760b87f4#0:FAIL-t771, f535bb4a-cba0-4f9b-9e3e-e4a48b3eda51<-c652e2ee-3322-4406-8db6-1ea643cb3197#0:FAIL-t771] and 0 exception(s); f535bb4a-cba0-4f9b-9e3e-e4a48b3eda51@group-7E32184879DE:t771, leader=null, voted=f535bb4a-cba0-4f9b-9e3e-e4a48b3eda51, raftlog=f535bb4a-cba0-4f9b-9e3e-e4a48b3eda51@group-7E32184879DE-SegmentedRaftLog:OPENED:c-1,f-1,i0, conf=-1: [f535bb4a-cba0-4f9b-9e3e-e4a48b3eda51:0.0.0.0:44706, 54aabb14-4a7d-4ab3-adbe-2e67760b87f4:0.0.0.0:43074, c652e2ee-3322-4406-8db6-1ea643cb3197:0.0.0.0:42129], old=null
2019-10-18 11:25:59,271 [f535bb4a-cba0-4f9b-9e3e-e4a48b3eda51@group-7E32184879DE-LeaderElection657] INFO  impl.RaftServerImpl (RaftServerImpl.java:setRole(184)) - f535bb4a-cba0-4f9b-9e3e-e4a48b3eda51@group-7E32184879DE: changes role from CANDIDATE to FOLLOWER at term 771 for DISCOVERED_A_NEW_TERM
2019-10-18 11:25:59,271 [f535bb4a-cba0-4f9b-9e3e-e4a48b3eda51@group-7E32184879DE-LeaderElection657] INFO  impl.RoleInfo (RoleInfo.java:shutdownLeaderElection(134)) - f535bb4a-cba0-4f9b-9e3e-e4a48b3eda51: shutdown LeaderElection
2019-10-18 11:25:59,271 [f535bb4a-cba0-4f9b-9e3e-e4a48b3eda51@group-7E32184879DE-LeaderElection657] INFO  impl.RoleInfo (RoleInfo.java:updateAndGet(143)) - f535bb4a-cba0-4f9b-9e3e-e4a48b3eda51: start FollowerState
2019-10-18 11:25:59,416 [Thread-4645] INFO  impl.FollowerState (FollowerState.java:run(108)) - f535bb4a-cba0-4f9b-9e3e-e4a48b3eda51@group-7E32184879DE-FollowerState: change to CANDIDATE, lastRpcTime:145ms, electionTimeout:145ms
2019-10-18 11:25:59,416 [Thread-4645] INFO  impl.RoleInfo (RoleInfo.java:shutdownFollowerState(121)) - f535bb4a-cba0-4f9b-9e3e-e4a48b3eda51: shutdown FollowerState
2019-10-18 11:25:59,416 [Thread-4645] INFO  impl.RaftServerImpl (RaftServerImpl.java:setRole(184)) - f535bb4a-cba0-4f9b-9e3e-e4a48b3eda51@group-7E32184879DE: changes role from  FOLLOWER to CANDIDATE at term 771 for changeToCandidate
2019-10-18 11:25:59,417 [Thread-4645] INFO  impl.RoleInfo (RoleInfo.java:updateAndGet(143)) - f535bb4a-cba0-4f9b-9e3e-e4a48b3eda51: start LeaderElection
2019-10-18 11:25:59,445 [f535bb4a-cba0-4f9b-9e3e-e4a48b3eda51@group-7E32184879DE-LeaderElection658] INFO  impl.LeaderElection (LeaderElection.java:askForVotes(178)) - f535bb4a-cba0-4f9b-9e3e-e4a48b3eda51@group-7E32184879DE-LeaderElection658: begin an election at term 772 for -1: [f535bb4a-cba0-4f9b-9e3e-e4a48b3eda51:0.0.0.0:44706, 54aabb14-4a7d-4ab3-adbe-2e67760b87f4:0.0.0.0:43074, c652e2ee-3322-4406-8db6-1ea643cb3197:0.0.0.0:42129], old=null
2019-10-18 11:25:59,447 [grpc-default-executor-1] INFO  impl.RaftServerImpl (RaftServerImpl.java:setRole(184)) - c652e2ee-3322-4406-8db6-1ea643cb3197@group-7E32184879DE: changes role from  FOLLOWER to FOLLOWER at term 772 for recognizeCandidate:f535bb4a-cba0-4f9b-9e3e-e4a48b3eda51
2019-10-18 11:25:59,447 [grpc-default-executor-2] INFO  impl.RaftServerImpl (RaftServerImpl.java:setRole(184)) - 54aabb14-4a7d-4ab3-adbe-2e67760b87f4@group-7E32184879DE: changes role from  FOLLOWER to FOLLOWER at term 772 for recognizeCandidate:f535bb4a-cba0-4f9b-9e3e-e4a48b3eda51
2019-10-18 11:25:59,448 [grpc-default-executor-2] INFO  impl.RoleInfo (RoleInfo.java:shutdownFollowerState(121)) - 54aabb14-4a7d-4ab3-adbe-2e67760b87f4: shutdown FollowerState
2019-10-18 11:25:59,447 [grpc-default-executor-1] INFO  impl.RoleInfo (RoleInfo.java:shutdownFollowerState(121)) - c652e2ee-3322-4406-8db6-1ea643cb3197: shutdown FollowerState
2019-10-18 11:25:59,448 [Thread-4644] INFO  impl.FollowerState (FollowerState.java:run(117)) - 54aabb14-4a7d-4ab3-adbe-2e67760b87f4@group-7E32184879DE-FollowerState was interrupted: java.lang.InterruptedException: sleep interrupted
2019-10-18 11:25:59,448 [Thread-4643] INFO  impl.FollowerState (FollowerState.java:run(117)) - c652e2ee-3322-4406-8db6-1ea643cb3197@group-7E32184879DE-FollowerState was interrupted: java.lang.InterruptedException: sleep interrupted
2019-10-18 11:25:59,448 [grpc-default-executor-2] INFO  impl.RoleInfo (RoleInfo.java:updateAndGet(143)) - 54aabb14-4a7d-4ab3-adbe-2e67760b87f4: start FollowerState
2019-10-18 11:25:59,448 [grpc-default-executor-1] INFO  impl.RoleInfo (RoleInfo.java:updateAndGet(143)) - c652e2ee-3322-4406-8db6-1ea643cb3197: start FollowerState
2019-10-18 11:25:59,471 [f535bb4a-cba0-4f9b-9e3e-e4a48b3eda51@group-7E32184879DE-LeaderElection658] INFO  impl.LeaderElection (LeaderElection.java:logAndReturn(56)) - f535bb4a-cba0-4f9b-9e3e-e4a48b3eda51@group-7E32184879DE-LeaderElection658: Election REJECTED; received 2 response(s) [f535bb4a-cba0-4f9b-9e3e-e4a48b3eda51<-54aabb14-4a7d-4ab3-adbe-2e67760b87f4#0:FAIL-t772, f535bb4a-cba0-4f9b-9e3e-e4a48b3eda51<-c652e2ee-3322-4406-8db6-1ea643cb3197#0:FAIL-t772] and 0 exception(s); f535bb4a-cba0-4f9b-9e3e-e4a48b3eda51@group-7E32184879DE:t772, leader=null, voted=f535bb4a-cba0-4f9b-9e3e-e4a48b3eda51, raftlog=f535bb4a-cba0-4f9b-9e3e-e4a48b3eda51@group-7E32184879DE-SegmentedRaftLog:OPENED:c-1,f-1,i0, conf=-1: [f535bb4a-cba0-4f9b-9e3e-e4a48b3eda51:0.0.0.0:44706, 54aabb14-4a7d-4ab3-adbe-2e67760b87f4:0.0.0.0:43074, c652e2ee-3322-4406-8db6-1ea643cb3197:0.0.0.0:42129], old=null
2019-10-18 11:25:59,471 [f535bb4a-cba0-4f9b-9e3e-e4a48b3eda51@group-7E32184879DE-LeaderElection658] INFO  impl.RaftServerImpl (RaftServerImpl.java:setRole(184)) - f535bb4a-cba0-4f9b-9e3e-e4a48b3eda51@group-7E32184879DE: changes role from CANDIDATE to FOLLOWER at term 772 for DISCOVERED_A_NEW_TERM
2019-10-18 11:25:59,472 [f535bb4a-cba0-4f9b-9e3e-e4a48b3eda51@group-7E32184879DE-LeaderElection658] INFO  impl.RoleInfo (RoleInfo.java:shutdownLeaderElection(134)) - f535bb4a-cba0-4f9b-9e3e-e4a48b3eda51: shutdown LeaderElection
2019-10-18 11:25:59,472 [f535bb4a-cba0-4f9b-9e3e-e4a48b3eda51@group-7E32184879DE-LeaderElection658] INFO  impl.RoleInfo (RoleInfo.java:updateAndGet(143)) - f535bb4a-cba0-4f9b-9e3e-e4a48b3eda51: start FollowerState
2019-10-18 11:25:59,667 [Thread-4651] INFO  impl.FollowerState (FollowerState.java:run(108)) - f535bb4a-cba0-4f9b-9e3e-e4a48b3eda51@group-7E32184879DE-FollowerState: change to CANDIDATE, lastRpcTime:195ms, electionTimeout:195ms
2019-10-18 11:25:59,667 [Thread-4651] INFO  impl.RoleInfo (RoleInfo.java:shutdownFollowerState(121)) - f535bb4a-cba0-4f9b-9e3e-e4a48b3eda51: shutdown FollowerState
2019-10-18 11:25:59,668 [Thread-4651] INFO  impl.RaftServerImpl (RaftServerImpl.java:setRole(184)) - f535bb4a-cba0-4f9b-9e3e-e4a48b3eda51@group-7E32184879DE: changes role from  FOLLOWER to CANDIDATE at term 772 for changeToCandidate
2019-10-18 11:25:59,668 [Thread-4651] INFO  impl.RoleInfo (RoleInfo.java:updateAndGet(143)) - f535bb4a-cba0-4f9b-9e3e-e4a48b3eda51: start LeaderElection
2019-10-18 11:25:59,696 [f535bb4a-cba0-4f9b-9e3e-e4a48b3eda51@group-7E32184879DE-LeaderElection659] INFO  impl.LeaderElection (LeaderElection.java:askForVotes(178)) - f535bb4a-cba0-4f9b-9e3e-e4a48b3eda51@group-7E32184879DE-LeaderElection659: begin an election at term 773 for -1: [f535bb4a-cba0-4f9b-9e3e-e4a48b3eda51:0.0.0.0:44706, 54aabb14-4a7d-4ab3-adbe-2e67760b87f4:0.0.0.0:43074, c652e2ee-3322-4406-8db6-1ea643cb3197:0.0.0.0:42129], old=null
2019-10-18 11:25:59,699 [grpc-default-executor-2] INFO  impl.RaftServerImpl (RaftServerImpl.java:setRole(184)) - 54aabb14-4a7d-4ab3-adbe-2e67760b87f4@group-7E32184879DE: changes role from  FOLLOWER to FOLLOWER at term 773 for recognizeCandidate:f535bb4a-cba0-4f9b-9e3e-e4a48b3eda51
2019-10-18 11:25:59,699 [grpc-default-executor-1] INFO  impl.RaftServerImpl (RaftServerImpl.java:setRole(184)) - c652e2ee-3322-4406-8db6-1ea643cb3197@group-7E32184879DE: changes role from  FOLLOWER to FOLLOWER at term 773 for recognizeCandidate:f535bb4a-cba0-4f9b-9e3e-e4a48b3eda51
2019-10-18 11:25:59,699 [grpc-default-executor-1] INFO  impl.RoleInfo (RoleInfo.java:shutdownFollowerState(121)) - c652e2ee-3322-4406-8db6-1ea643cb3197: shutdown FollowerState
2019-10-18 11:25:59,699 [grpc-default-executor-2] INFO  impl.RoleInfo (RoleInfo.java:shutdownFollowerState(121)) - 54aabb14-4a7d-4ab3-adbe-2e67760b87f4: shutdown FollowerState
2019-10-18 11:25:59,699 [grpc-default-executor-2] INFO  impl.RoleInfo (RoleInfo.java:updateAndGet(143)) - 54aabb14-4a7d-4ab3-adbe-2e67760b87f4: start FollowerState
2019-10-18 11:25:59,699 [Thread-4650] INFO  impl.FollowerState (FollowerState.java:run(117)) - c652e2ee-3322-4406-8db6-1ea643cb3197@group-7E32184879DE-FollowerState was interrupted: java.lang.InterruptedException: sleep interrupted
2019-10-18 11:25:59,699 [grpc-default-executor-1] INFO  impl.RoleInfo (RoleInfo.java:updateAndGet(143)) - c652e2ee-3322-4406-8db6-1ea643cb3197: start FollowerState
2019-10-18 11:25:59,699 [Thread-4649] INFO  impl.FollowerState (FollowerState.java:run(117)) - 54aabb14-4a7d-4ab3-adbe-2e67760b87f4@group-7E32184879DE-FollowerState was interrupted: java.lang.InterruptedException: sleep interrupted
2019-10-18 11:25:59,722 [f535bb4a-cba0-4f9b-9e3e-e4a48b3eda51@group-7E32184879DE-LeaderElection659] INFO  impl.LeaderElection (LeaderElection.java:logAndReturn(56)) - f535bb4a-cba0-4f9b-9e3e-e4a48b3eda51@group-7E32184879DE-LeaderElection659: Election REJECTED; received 2 response(s) [f535bb4a-cba0-4f9b-9e3e-e4a48b3eda51<-54aabb14-4a7d-4ab3-adbe-2e67760b87f4#0:FAIL-t773, f535bb4a-cba0-4f9b-9e3e-e4a48b3eda51<-c652e2ee-3322-4406-8db6-1ea643cb3197#0:FAIL-t773] and 0 exception(s); f535bb4a-cba0-4f9b-9e3e-e4a48b3eda51@group-7E32184879DE:t773, leader=null, voted=f535bb4a-cba0-4f9b-9e3e-e4a48b3eda51, raftlog=f535bb4a-cba0-4f9b-9e3e-e4a48b3eda51@group-7E32184879DE-SegmentedRaftLog:OPENED:c-1,f-1,i0, conf=-1: [f535bb4a-cba0-4f9b-9e3e-e4a48b3eda51:0.0.0.0:44706, 54aabb14-4a7d-4ab3-adbe-2e67760b87f4:0.0.0.0:43074, c652e2ee-3322-4406-8db6-1ea643cb3197:0.0.0.0:42129], old=null
2019-10-18 11:25:59,722 [f535bb4a-cba0-4f9b-9e3e-e4a48b3eda51@group-7E32184879DE-LeaderElection659] INFO  impl.RaftServerImpl (RaftServerImpl.java:setRole(184)) - f535bb4a-cba0-4f9b-9e3e-e4a48b3eda51@group-7E32184879DE: changes role from CANDIDATE to FOLLOWER at term 773 for DISCOVERED_A_NEW_TERM
2019-10-18 11:25:59,722 [f535bb4a-cba0-4f9b-9e3e-e4a48b3eda51@group-7E32184879DE-LeaderElection659] INFO  impl.RoleInfo (RoleInfo.java:shutdownLeaderElection(134)) - f535bb4a-cba0-4f9b-9e3e-e4a48b3eda51: shutdown LeaderElection
2019-10-18 11:25:59,723 [f535bb4a-cba0-4f9b-9e3e-e4a48b3eda51@group-7E32184879DE-LeaderElection659] INFO  impl.RoleInfo (RoleInfo.java:updateAndGet(143)) - f535bb4a-cba0-4f9b-9e3e-e4a48b3eda51: start FollowerState
2019-10-18 11:25:59,768 [Thread-4657] INFO  impl.FollowerState (FollowerState.java:run(108)) - f535bb4a-cba0-4f9b-9e3e-e4a48b3eda51@group-7E32184879DE-FollowerState: change to CANDIDATE, lastRpcTime:45ms, electionTimeout:45ms
2019-10-18 11:25:59,768 [Thread-4657] INFO  impl.RoleInfo (RoleInfo.java:shutdownFollowerState(121)) - f535bb4a-cba0-4f9b-9e3e-e4a48b3eda51: shutdown FollowerState
2019-10-18 11:25:59,768 [Thread-4657] INFO  impl.RaftServerImpl (RaftServerImpl.java:setRole(184)) - f535bb4a-cba0-4f9b-9e3e-e4a48b3eda51@group-7E32184879DE: changes role from  FOLLOWER to CANDIDATE at term 773 for changeToCandidate
2019-10-18 11:25:59,768 [Thread-4657] INFO  impl.RoleInfo (RoleInfo.java:updateAndGet(143)) - f535bb4a-cba0-4f9b-9e3e-e4a48b3eda51: start LeaderElection
2019-10-18 11:25:59,797 [f535bb4a-cba0-4f9b-9e3e-e4a48b3eda51@group-7E32184879DE-LeaderElection660] INFO  impl.LeaderElection (LeaderElection.java:askForVotes(178)) - f535bb4a-cba0-4f9b-9e3e-e4a48b3eda51@group-7E32184879DE-LeaderElection660: begin an election at term 774 for -1: [f535bb4a-cba0-4f9b-9e3e-e4a48b3eda51:0.0.0.0:44706, 54aabb14-4a7d-4ab3-adbe-2e67760b87f4:0.0.0.0:43074, c652e2ee-3322-4406-8db6-1ea643cb3197:0.0.0.0:42129], old=null
2019-10-18 11:25:59,799 [grpc-default-executor-1] INFO  impl.RaftServerImpl (RaftServerImpl.java:setRole(184)) - 54aabb14-4a7d-4ab3-adbe-2e67760b87f4@group-7E32184879DE: changes role from  FOLLOWER to FOLLOWER at term 774 for recognizeCandidate:f535bb4a-cba0-4f9b-9e3e-e4a48b3eda51
2019-10-18 11:25:59,799 [grpc-default-executor-2] INFO  impl.RaftServerImpl (RaftServerImpl.java:setRole(184)) - c652e2ee-3322-4406-8db6-1ea643cb3197@group-7E32184879DE: changes role from  FOLLOWER to FOLLOWER at term 774 for recognizeCandidate:f535bb4a-cba0-4f9b-9e3e-e4a48b3eda51
2019-10-18 11:25:59,799 [grpc-default-executor-2] INFO  impl.RoleInfo (RoleInfo.java:shutdownFollowerState(121)) - c652e2ee-3322-4406-8db6-1ea643cb3197: shutdown FollowerState
2019-10-18 11:25:59,799 [grpc-default-executor-1] INFO  impl.RoleInfo (RoleInfo.java:shutdownFollowerState(121)) - 54aabb14-4a7d-4ab3-adbe-2e67760b87f4: shutdown FollowerState
2019-10-18 11:25:59,799 [Thread-4655] INFO  impl.FollowerState (FollowerState.java:run(117)) - c652e2ee-3322-4406-8db6-1ea643cb3197@group-7E32184879DE-FollowerState was interrupted: java.lang.InterruptedException: sleep interrupted
2019-10-18 11:25:59,799 [grpc-default-executor-2] INFO  impl.RoleInfo (RoleInfo.java:updateAndGet(143)) - c652e2ee-3322-4406-8db6-1ea643cb3197: start FollowerState
2019-10-18 11:25:59,799 [Thread-4656] INFO  impl.FollowerState (FollowerState.java:run(117)) - 54aabb14-4a7d-4ab3-adbe-2e67760b87f4@group-7E32184879DE-FollowerState was interrupted: java.lang.InterruptedException: sleep interrupted
2019-10-18 11:25:59,799 [grpc-default-executor-1] INFO  impl.RoleInfo (RoleInfo.java:updateAndGet(143)) - 54aabb14-4a7d-4ab3-adbe-2e67760b87f4: start FollowerState
2019-10-18 11:25:59,823 [f535bb4a-cba0-4f9b-9e3e-e4a48b3eda51@group-7E32184879DE-LeaderElection660] INFO  impl.LeaderElection (LeaderElection.java:logAndReturn(56)) - f535bb4a-cba0-4f9b-9e3e-e4a48b3eda51@group-7E32184879DE-LeaderElection660: Election REJECTED; received 2 response(s) [f535bb4a-cba0-4f9b-9e3e-e4a48b3eda51<-54aabb14-4a7d-4ab3-adbe-2e67760b87f4#0:FAIL-t774, f535bb4a-cba0-4f9b-9e3e-e4a48b3eda51<-c652e2ee-3322-4406-8db6-1ea643cb3197#0:FAIL-t774] and 0 exception(s); f535bb4a-cba0-4f9b-9e3e-e4a48b3eda51@group-7E32184879DE:t774, leader=null, voted=f535bb4a-cba0-4f9b-9e3e-e4a48b3eda51, raftlog=f535bb4a-cba0-4f9b-9e3e-e4a48b3eda51@group-7E32184879DE-SegmentedRaftLog:OPENED:c-1,f-1,i0, conf=-1: [f535bb4a-cba0-4f9b-9e3e-e4a48b3eda51:0.0.0.0:44706, 54aabb14-4a7d-4ab3-adbe-2e67760b87f4:0.0.0.0:43074, c652e2ee-3322-4406-8db6-1ea643cb3197:0.0.0.0:42129], old=null
2019-10-18 11:25:59,823 [f535bb4a-cba0-4f9b-9e3e-e4a48b3eda51@group-7E32184879DE-LeaderElection660] INFO  impl.RaftServerImpl (RaftServerImpl.java:setRole(184)) - f535bb4a-cba0-4f9b-9e3e-e4a48b3eda51@group-7E32184879DE: changes role from CANDIDATE to FOLLOWER at term 774 for DISCOVERED_A_NEW_TERM
2019-10-18 11:25:59,823 [f535bb4a-cba0-4f9b-9e3e-e4a48b3eda51@group-7E32184879DE-LeaderElection660] INFO  impl.RoleInfo (RoleInfo.java:shutdownLeaderElection(134)) - f535bb4a-cba0-4f9b-9e3e-e4a48b3eda51: shutdown LeaderElection
2019-10-18 11:25:59,823 [f535bb4a-cba0-4f9b-9e3e-e4a48b3eda51@group-7E32184879DE-LeaderElection660] INFO  impl.RoleInfo (RoleInfo.java:updateAndGet(143)) - f535bb4a-cba0-4f9b-9e3e-e4a48b3eda51: start FollowerState
2019-10-18 11:25:59,902 [Thread-4665] INFO  impl.FollowerState (FollowerState.java:run(108)) - f535bb4a-cba0-4f9b-9e3e-e4a48b3eda51@group-7E32184879DE-FollowerState: change to CANDIDATE, lastRpcTime:78ms, electionTimeout:78ms
2019-10-18 11:25:59,902 [Thread-4665] INFO  impl.RoleInfo (RoleInfo.java:shutdownFollowerState(121)) - f535bb4a-cba0-4f9b-9e3e-e4a48b3eda51: shutdown FollowerState
2019-10-18 11:25:59,902 [Thread-4665] INFO  impl.RaftServerImpl (RaftServerImpl.java:setRole(184)) - f535bb4a-cba0-4f9b-9e3e-e4a48b3eda51@group-7E32184879DE: changes role from  FOLLOWER to CANDIDATE at term 774 for changeToCandidate
2019-10-18 11:25:59,902 [Thread-4665] INFO  impl.RoleInfo (RoleInfo.java:updateAndGet(143)) - f535bb4a-cba0-4f9b-9e3e-e4a48b3eda51: start LeaderElection
2019-10-18 11:25:59,931 [f535bb4a-cba0-4f9b-9e3e-e4a48b3eda51@group-7E32184879DE-LeaderElection661] INFO  impl.LeaderElection (LeaderElection.java:askForVotes(178)) - f535bb4a-cba0-4f9b-9e3e-e4a48b3eda51@group-7E32184879DE-LeaderElection661: begin an election at term 775 for -1: [f535bb4a-cba0-4f9b-9e3e-e4a48b3eda51:0.0.0.0:44706, 54aabb14-4a7d-4ab3-adbe-2e67760b87f4:0.0.0.0:43074, c652e2ee-3322-4406-8db6-1ea643cb3197:0.0.0.0:42129], old=null
2019-10-18 11:25:59,933 [grpc-default-executor-1] INFO  impl.RaftServerImpl (RaftServerImpl.java:setRole(184)) - 54aabb14-4a7d-4ab3-adbe-2e67760b87f4@group-7E32184879DE: changes role from  FOLLOWER to FOLLOWER at term 775 for recognizeCandidate:f535bb4a-cba0-4f9b-9e3e-e4a48b3eda51
2019-10-18 11:25:59,933 [grpc-default-executor-1] INFO  impl.RoleInfo (RoleInfo.java:shutdownFollowerState(121)) - 54aabb14-4a7d-4ab3-adbe-2e67760b87f4: shutdown FollowerState
2019-10-18 11:25:59,933 [grpc-default-executor-2] INFO  impl.RaftServerImpl (RaftServerImpl.java:setRole(184)) - c652e2ee-3322-4406-8db6-1ea643cb3197@group-7E32184879DE: changes role from  FOLLOWER to FOLLOWER at term 775 for recognizeCandidate:f535bb4a-cba0-4f9b-9e3e-e4a48b3eda51
2019-10-18 11:25:59,933 [Thread-4662] INFO  impl.FollowerState (FollowerState.java:run(117)) - 54aabb14-4a7d-4ab3-adbe-2e67760b87f4@group-7E32184879DE-FollowerState was interrupted: java.lang.InterruptedException: sleep interrupted
2019-10-18 11:25:59,933 [grpc-default-executor-1] INFO  impl.RoleInfo (RoleInfo.java:updateAndGet(143)) - 54aabb14-4a7d-4ab3-adbe-2e67760b87f4: start FollowerState
2019-10-18 11:25:59,933 [grpc-default-executor-2] INFO  impl.RoleInfo (RoleInfo.java:shutdownFollowerState(121)) - c652e2ee-3322-4406-8db6-1ea643cb3197: shutdown FollowerState
2019-10-18 11:25:59,934 [grpc-default-executor-2] INFO  impl.RoleInfo (RoleInfo.java:updateAndGet(143)) - c652e2ee-3322-4406-8db6-1ea643cb3197: start FollowerState
2019-10-18 11:25:59,934 [Thread-4661] INFO  impl.FollowerState (FollowerState.java:run(117)) - c652e2ee-3322-4406-8db6-1ea643cb3197@group-7E32184879DE-FollowerState was interrupted: java.lang.InterruptedException: sleep interrupted
2019-10-18 11:25:59,959 [f535bb4a-cba0-4f9b-9e3e-e4a48b3eda51@group-7E32184879DE-LeaderElection661] INFO  impl.LeaderElection (LeaderElection.java:logAndReturn(56)) - f535bb4a-cba0-4f9b-9e3e-e4a48b3eda51@group-7E32184879DE-LeaderElection661: Election REJECTED; received 2 response(s) [f535bb4a-cba0-4f9b-9e3e-e4a48b3eda51<-54aabb14-4a7d-4ab3-adbe-2e67760b87f4#0:FAIL-t775, f535bb4a-cba0-4f9b-9e3e-e4a48b3eda51<-c652e2ee-3322-4406-8db6-1ea643cb3197#0:FAIL-t775] and 0 exception(s); f535bb4a-cba0-4f9b-9e3e-e4a48b3eda51@group-7E32184879DE:t775, leader=null, voted=f535bb4a-cba0-4f9b-9e3e-e4a48b3eda51, raftlog=f535bb4a-cba0-4f9b-9e3e-e4a48b3eda51@group-7E32184879DE-SegmentedRaftLog:OPENED:c-1,f-1,i0, conf=-1: [f535bb4a-cba0-4f9b-9e3e-e4a48b3eda51:0.0.0.0:44706, 54aabb14-4a7d-4ab3-adbe-2e67760b87f4:0.0.0.0:43074, c652e2ee-3322-4406-8db6-1ea643cb3197:0.0.0.0:42129], old=null
2019-10-18 11:25:59,959 [f535bb4a-cba0-4f9b-9e3e-e4a48b3eda51@group-7E32184879DE-LeaderElection661] INFO  impl.RaftServerImpl (RaftServerImpl.java:setRole(184)) - f535bb4a-cba0-4f9b-9e3e-e4a48b3eda51@group-7E32184879DE: changes role from CANDIDATE to FOLLOWER at term 775 for DISCOVERED_A_NEW_TERM
2019-10-18 11:25:59,960 [f535bb4a-cba0-4f9b-9e3e-e4a48b3eda51@group-7E32184879DE-LeaderElection661] INFO  impl.RoleInfo (RoleInfo.java:shutdownLeaderElection(134)) - f535bb4a-cba0-4f9b-9e3e-e4a48b3eda51: shutdown LeaderElection
2019-10-18 11:25:59,960 [f535bb4a-cba0-4f9b-9e3e-e4a48b3eda51@group-7E32184879DE-LeaderElection661] INFO  impl.RoleInfo (RoleInfo.java:updateAndGet(143)) - f535bb4a-cba0-4f9b-9e3e-e4a48b3eda51: start FollowerState
2019-10-18 11:25:59,988 [Thread-4671] INFO  impl.FollowerState (FollowerState.java:run(108)) - f535bb4a-cba0-4f9b-9e3e-e4a48b3eda51@group-7E32184879DE-FollowerState: change to CANDIDATE, lastRpcTime:28ms, electionTimeout:28ms
2019-10-18 11:25:59,989 [Thread-4671] INFO  impl.RoleInfo (RoleInfo.java:shutdownFollowerState(121)) - f535bb4a-cba0-4f9b-9e3e-e4a48b3eda51: shutdown FollowerState
2019-10-18 11:25:59,989 [Thread-4671] INFO  impl.RaftServerImpl (RaftServerImpl.java:setRole(184)) - f535bb4a-cba0-4f9b-9e3e-e4a48b3eda51@group-7E32184879DE: changes role from  FOLLOWER to CANDIDATE at term 775 for changeToCandidate
2019-10-18 11:25:59,989 [Thread-4671] INFO  impl.RoleInfo (RoleInfo.java:updateAndGet(143)) - f535bb4a-cba0-4f9b-9e3e-e4a48b3eda51: start LeaderElection
2019-10-18 11:26:00,015 [f535bb4a-cba0-4f9b-9e3e-e4a48b3eda51@group-7E32184879DE-LeaderElection662] INFO  impl.LeaderElection (LeaderElection.java:askForVotes(178)) - f535bb4a-cba0-4f9b-9e3e-e4a48b3eda51@group-7E32184879DE-LeaderElection662: begin an election at term 776 for -1: [f535bb4a-cba0-4f9b-9e3e-e4a48b3eda51:0.0.0.0:44706, 54aabb14-4a7d-4ab3-adbe-2e67760b87f4:0.0.0.0:43074, c652e2ee-3322-4406-8db6-1ea643cb3197:0.0.0.0:42129], old=null
2019-10-18 11:26:00,017 [grpc-default-executor-1] INFO  impl.RaftServerImpl (RaftServerImpl.java:setRole(184)) - 54aabb14-4a7d-4ab3-adbe-2e67760b87f4@group-7E32184879DE: changes role from  FOLLOWER to FOLLOWER at term 776 for recognizeCandidate:f535bb4a-cba0-4f9b-9e3e-e4a48b3eda51
2019-10-18 11:26:00,017 [grpc-default-executor-2] INFO  impl.RaftServerImpl (RaftServerImpl.java:setRole(184)) - c652e2ee-3322-4406-8db6-1ea643cb3197@group-7E32184879DE: changes role from  FOLLOWER to FOLLOWER at term 776 for recognizeCandidate:f535bb4a-cba0-4f9b-9e3e-e4a48b3eda51
2019-10-18 11:26:00,017 [grpc-default-executor-2] INFO  impl.RoleInfo (RoleInfo.java:shutdownFollowerState(121)) - c652e2ee-3322-4406-8db6-1ea643cb3197: shutdown FollowerState
2019-10-18 11:26:00,017 [grpc-default-executor-1] INFO  impl.RoleInfo (RoleInfo.java:shutdownFollowerState(121)) - 54aabb14-4a7d-4ab3-adbe-2e67760b87f4: shutdown FollowerState
2019-10-18 11:26:00,017 [Thread-4670] INFO  impl.FollowerState (FollowerState.java:run(117)) - c652e2ee-3322-4406-8db6-1ea643cb3197@group-7E32184879DE-FollowerState was interrupted: java.lang.InterruptedException: sleep interrupted
2019-10-18 11:26:00,017 [Thread-4669] INFO  impl.FollowerState (FollowerState.java:run(117)) - 54aabb14-4a7d-4ab3-adbe-2e67760b87f4@group-7E32184879DE-FollowerState was interrupted: java.lang.InterruptedException: sleep interrupted
2019-10-18 11:26:00,017 [grpc-default-executor-2] INFO  impl.RoleInfo (RoleInfo.java:updateAndGet(143)) - c652e2ee-3322-4406-8db6-1ea643cb3197: start FollowerState
2019-10-18 11:26:00,017 [grpc-default-executor-1] INFO  impl.RoleInfo (RoleInfo.java:updateAndGet(143)) - 54aabb14-4a7d-4ab3-adbe-2e67760b87f4: start FollowerState
2019-10-18 11:26:00,041 [f535bb4a-cba0-4f9b-9e3e-e4a48b3eda51@group-7E32184879DE-LeaderElection662] INFO  impl.LeaderElection (LeaderElection.java:logAndReturn(56)) - f535bb4a-cba0-4f9b-9e3e-e4a48b3eda51@group-7E32184879DE-LeaderElection662: Election REJECTED; received 2 response(s) [f535bb4a-cba0-4f9b-9e3e-e4a48b3eda51<-54aabb14-4a7d-4ab3-adbe-2e67760b87f4#0:FAIL-t776, f535bb4a-cba0-4f9b-9e3e-e4a48b3eda51<-c652e2ee-3322-4406-8db6-1ea643cb3197#0:FAIL-t776] and 0 exception(s); f535bb4a-cba0-4f9b-9e3e-e4a48b3eda51@group-7E32184879DE:t776, leader=null, voted=f535bb4a-cba0-4f9b-9e3e-e4a48b3eda51, raftlog=f535bb4a-cba0-4f9b-9e3e-e4a48b3eda51@group-7E32184879DE-SegmentedRaftLog:OPENED:c-1,f-1,i0, conf=-1: [f535bb4a-cba0-4f9b-9e3e-e4a48b3eda51:0.0.0.0:44706, 54aabb14-4a7d-4ab3-adbe-2e67760b87f4:0.0.0.0:43074, c652e2ee-3322-4406-8db6-1ea643cb3197:0.0.0.0:42129], old=null
2019-10-18 11:26:00,041 [f535bb4a-cba0-4f9b-9e3e-e4a48b3eda51@group-7E32184879DE-LeaderElection662] INFO  impl.RaftServerImpl (RaftServerImpl.java:setRole(184)) - f535bb4a-cba0-4f9b-9e3e-e4a48b3eda51@group-7E32184879DE: changes role from CANDIDATE to FOLLOWER at term 776 for DISCOVERED_A_NEW_TERM
2019-10-18 11:26:00,041 [f535bb4a-cba0-4f9b-9e3e-e4a48b3eda51@group-7E32184879DE-LeaderElection662] INFO  impl.RoleInfo (RoleInfo.java:shutdownLeaderElection(134)) - f535bb4a-cba0-4f9b-9e3e-e4a48b3eda51: shutdown LeaderElection
2019-10-18 11:26:00,042 [f535bb4a-cba0-4f9b-9e3e-e4a48b3eda51@group-7E32184879DE-LeaderElection662] INFO  impl.RoleInfo (RoleInfo.java:updateAndGet(143)) - f535bb4a-cba0-4f9b-9e3e-e4a48b3eda51: start FollowerState
2019-10-18 11:26:00,189 [Thread-4677] INFO  impl.FollowerState (FollowerState.java:run(108)) - f535bb4a-cba0-4f9b-9e3e-e4a48b3eda51@group-7E32184879DE-FollowerState: change to CANDIDATE, lastRpcTime:147ms, electionTimeout:147ms
2019-10-18 11:26:00,189 [Thread-4677] INFO  impl.RoleInfo (RoleInfo.java:shutdownFollowerState(121)) - f535bb4a-cba0-4f9b-9e3e-e4a48b3eda51: shutdown FollowerState
2019-10-18 11:26:00,189 [Thread-4677] INFO  impl.RaftServerImpl (RaftServerImpl.java:setRole(184)) - f535bb4a-cba0-4f9b-9e3e-e4a48b3eda51@group-7E32184879DE: changes role from  FOLLOWER to CANDIDATE at term 776 for changeToCandidate
2019-10-18 11:26:00,189 [Thread-4677] INFO  impl.RoleInfo (RoleInfo.java:updateAndGet(143)) - f535bb4a-cba0-4f9b-9e3e-e4a48b3eda51: start LeaderElection
2019-10-18 11:26:00,216 [f535bb4a-cba0-4f9b-9e3e-e4a48b3eda51@group-7E32184879DE-LeaderElection663] INFO  impl.LeaderElection (LeaderElection.java:askForVotes(178)) - f535bb4a-cba0-4f9b-9e3e-e4a48b3eda51@group-7E32184879DE-LeaderElection663: begin an election at term 777 for -1: [f535bb4a-cba0-4f9b-9e3e-e4a48b3eda51:0.0.0.0:44706, 54aabb14-4a7d-4ab3-adbe-2e67760b87f4:0.0.0.0:43074, c652e2ee-3322-4406-8db6-1ea643cb3197:0.0.0.0:42129], old=null
2019-10-18 11:26:00,217 [grpc-default-executor-2] INFO  impl.RaftServerImpl (RaftServerImpl.java:setRole(184)) - 54aabb14-4a7d-4ab3-adbe-2e67760b87f4@group-7E32184879DE: changes role from  FOLLOWER to FOLLOWER at term 777 for recognizeCandidate:f535bb4a-cba0-4f9b-9e3e-e4a48b3eda51
2019-10-18 11:26:00,217 [grpc-default-executor-2] INFO  impl.RoleInfo (RoleInfo.java:shutdownFollowerState(121)) - 54aabb14-4a7d-4ab3-adbe-2e67760b87f4: shutdown FollowerState
2019-10-18 11:26:00,217 [grpc-default-executor-1] INFO  impl.RaftServerImpl (RaftServerImpl.java:setRole(184)) - c652e2ee-3322-4406-8db6-1ea643cb3197@group-7E32184879DE: changes role from  FOLLOWER to FOLLOWER at term 777 for recognizeCandidate:f535bb4a-cba0-4f9b-9e3e-e4a48b3eda51
2019-10-18 11:26:00,218 [Thread-4676] INFO  impl.FollowerState (FollowerState.java:run(117)) - 54aabb14-4a7d-4ab3-adbe-2e67760b87f4@group-7E32184879DE-FollowerState was interrupted: java.lang.InterruptedException: sleep interrupted
2019-10-18 11:26:00,218 [grpc-default-executor-2] INFO  impl.RoleInfo (RoleInfo.java:updateAndGet(143)) - 54aabb14-4a7d-4ab3-adbe-2e67760b87f4: start FollowerState
2019-10-18 11:26:00,218 [grpc-default-executor-1] INFO  impl.RoleInfo (RoleInfo.java:shutdownFollowerState(121)) - c652e2ee-3322-4406-8db6-1ea643cb3197: shutdown FollowerState
2019-10-18 11:26:00,218 [grpc-default-executor-1] INFO  impl.RoleInfo (RoleInfo.java:updateAndGet(143)) - c652e2ee-3322-4406-8db6-1ea643cb3197: start FollowerState
2019-10-18 11:26:00,218 [Thread-4675] INFO  impl.FollowerState (FollowerState.java:run(117)) - c652e2ee-3322-4406-8db6-1ea643cb3197@group-7E32184879DE-FollowerState was interrupted: java.lang.InterruptedException: sleep interrupted
2019-10-18 11:26:00,241 [f535bb4a-cba0-4f9b-9e3e-e4a48b3eda51@group-7E32184879DE-LeaderElection663] INFO  impl.LeaderElection (LeaderElection.java:logAndReturn(56)) - f535bb4a-cba0-4f9b-9e3e-e4a48b3eda51@group-7E32184879DE-LeaderElection663: Election REJECTED; received 2 response(s) [f535bb4a-cba0-4f9b-9e3e-e4a48b3eda51<-54aabb14-4a7d-4ab3-adbe-2e67760b87f4#0:FAIL-t777, f535bb4a-cba0-4f9b-9e3e-e4a48b3eda51<-c652e2ee-3322-4406-8db6-1ea643cb3197#0:FAIL-t777] and 0 exception(s); f535bb4a-cba0-4f9b-9e3e-e4a48b3eda51@group-7E32184879DE:t777, leader=null, voted=f535bb4a-cba0-4f9b-9e3e-e4a48b3eda51, raftlog=f535bb4a-cba0-4f9b-9e3e-e4a48b3eda51@group-7E32184879DE-SegmentedRaftLog:OPENED:c-1,f-1,i0, conf=-1: [f535bb4a-cba0-4f9b-9e3e-e4a48b3eda51:0.0.0.0:44706, 54aabb14-4a7d-4ab3-adbe-2e67760b87f4:0.0.0.0:43074, c652e2ee-3322-4406-8db6-1ea643cb3197:0.0.0.0:42129], old=null
2019-10-18 11:26:00,242 [f535bb4a-cba0-4f9b-9e3e-e4a48b3eda51@group-7E32184879DE-LeaderElection663] INFO  impl.RaftServerImpl (RaftServerImpl.java:setRole(184)) - f535bb4a-cba0-4f9b-9e3e-e4a48b3eda51@group-7E32184879DE: changes role from CANDIDATE to FOLLOWER at term 777 for DISCOVERED_A_NEW_TERM
2019-10-18 11:26:00,242 [f535bb4a-cba0-4f9b-9e3e-e4a48b3eda51@group-7E32184879DE-LeaderElection663] INFO  impl.RoleInfo (RoleInfo.java:shutdownLeaderElection(134)) - f535bb4a-cba0-4f9b-9e3e-e4a48b3eda51: shutdown LeaderElection
2019-10-18 11:26:00,242 [f535bb4a-cba0-4f9b-9e3e-e4a48b3eda51@group-7E32184879DE-LeaderElection663] INFO  impl.RoleInfo (RoleInfo.java:updateAndGet(143)) - f535bb4a-cba0-4f9b-9e3e-e4a48b3eda51: start FollowerState
2019-10-18 11:26:00,338 [Thread-4683] INFO  impl.FollowerState (FollowerState.java:run(108)) - f535bb4a-cba0-4f9b-9e3e-e4a48b3eda51@group-7E32184879DE-FollowerState: change to CANDIDATE, lastRpcTime:96ms, electionTimeout:96ms
2019-10-18 11:26:00,338 [Thread-4683] INFO  impl.RoleInfo (RoleInfo.java:shutdownFollowerState(121)) - f535bb4a-cba0-4f9b-9e3e-e4a48b3eda51: shutdown FollowerState
2019-10-18 11:26:00,338 [Thread-4683] INFO  impl.RaftServerImpl (RaftServerImpl.java:setRole(184)) - f535bb4a-cba0-4f9b-9e3e-e4a48b3eda51@group-7E32184879DE: changes role from  FOLLOWER to CANDIDATE at term 777 for changeToCandidate
2019-10-18 11:26:00,339 [Thread-4683] INFO  impl.RoleInfo (RoleInfo.java:updateAndGet(143)) - f535bb4a-cba0-4f9b-9e3e-e4a48b3eda51: start LeaderElection
2019-10-18 11:26:00,366 [f535bb4a-cba0-4f9b-9e3e-e4a48b3eda51@group-7E32184879DE-LeaderElection664] INFO  impl.LeaderElection (LeaderElection.java:askForVotes(178)) - f535bb4a-cba0-4f9b-9e3e-e4a48b3eda51@group-7E32184879DE-LeaderElection664: begin an election at term 778 for -1: [f535bb4a-cba0-4f9b-9e3e-e4a48b3eda51:0.0.0.0:44706, 54aabb14-4a7d-4ab3-adbe-2e67760b87f4:0.0.0.0:43074, c652e2ee-3322-4406-8db6-1ea643cb3197:0.0.0.0:42129], old=null
2019-10-18 11:26:00,368 [grpc-default-executor-2] INFO  impl.RaftServerImpl (RaftServerImpl.java:setRole(184)) - 54aabb14-4a7d-4ab3-adbe-2e67760b87f4@group-7E32184879DE: changes role from  FOLLOWER to FOLLOWER at term 778 for recognizeCandidate:f535bb4a-cba0-4f9b-9e3e-e4a48b3eda51
2019-10-18 11:26:00,368 [grpc-default-executor-2] INFO  impl.RoleInfo (RoleInfo.java:shutdownFollowerState(121)) - 54aabb14-4a7d-4ab3-adbe-2e67760b87f4: shutdown FollowerState
2019-10-18 11:26:00,368 [grpc-default-executor-2] INFO  impl.RoleInfo (RoleInfo.java:updateAndGet(143)) - 54aabb14-4a7d-4ab3-adbe-2e67760b87f4: start FollowerState
2019-10-18 11:26:00,368 [Thread-4681] INFO  impl.FollowerState (FollowerState.java:run(117)) - 54aabb14-4a7d-4ab3-adbe-2e67760b87f4@group-7E32184879DE-FollowerState was interrupted: java.lang.InterruptedException: sleep interrupted
2019-10-18 11:26:00,368 [grpc-default-executor-1] INFO  impl.RaftServerImpl (RaftServerImpl.java:setRole(184)) - c652e2ee-3322-4406-8db6-1ea643cb3197@group-7E32184879DE: changes role from  FOLLOWER to FOLLOWER at term 778 for recognizeCandidate:f535bb4a-cba0-4f9b-9e3e-e4a48b3eda51
2019-10-18 11:26:00,368 [grpc-default-executor-1] INFO  impl.RoleInfo (RoleInfo.java:shutdownFollowerState(121)) - c652e2ee-3322-4406-8db6-1ea643cb3197: shutdown FollowerState
2019-10-18 11:26:00,368 [grpc-default-executor-1] INFO  impl.RoleInfo (RoleInfo.java:updateAndGet(143)) - c652e2ee-3322-4406-8db6-1ea643cb3197: start FollowerState
2019-10-18 11:26:00,368 [Thread-4682] INFO  impl.FollowerState (FollowerState.java:run(117)) - c652e2ee-3322-4406-8db6-1ea643cb3197@group-7E32184879DE-FollowerState was interrupted: java.lang.InterruptedException: sleep interrupted
2019-10-18 11:26:00,392 [f535bb4a-cba0-4f9b-9e3e-e4a48b3eda51@group-7E32184879DE-LeaderElection664] INFO  impl.LeaderElection (LeaderElection.java:logAndReturn(56)) - f535bb4a-cba0-4f9b-9e3e-e4a48b3eda51@group-7E32184879DE-LeaderElection664: Election REJECTED; received 2 response(s) [f535bb4a-cba0-4f9b-9e3e-e4a48b3eda51<-54aabb14-4a7d-4ab3-adbe-2e67760b87f4#0:FAIL-t778, f535bb4a-cba0-4f9b-9e3e-e4a48b3eda51<-c652e2ee-3322-4406-8db6-1ea643cb3197#0:FAIL-t778] and 0 exception(s); f535bb4a-cba0-4f9b-9e3e-e4a48b3eda51@group-7E32184879DE:t778, leader=null, voted=f535bb4a-cba0-4f9b-9e3e-e4a48b3eda51, raftlog=f535bb4a-cba0-4f9b-9e3e-e4a48b3eda51@group-7E32184879DE-SegmentedRaftLog:OPENED:c-1,f-1,i0, conf=-1: [f535bb4a-cba0-4f9b-9e3e-e4a48b3eda51:0.0.0.0:44706, 54aabb14-4a7d-4ab3-adbe-2e67760b87f4:0.0.0.0:43074, c652e2ee-3322-4406-8db6-1ea643cb3197:0.0.0.0:42129], old=null
2019-10-18 11:26:00,392 [f535bb4a-cba0-4f9b-9e3e-e4a48b3eda51@group-7E32184879DE-LeaderElection664] INFO  impl.RaftServerImpl (RaftServerImpl.java:setRole(184)) - f535bb4a-cba0-4f9b-9e3e-e4a48b3eda51@group-7E32184879DE: changes role from CANDIDATE to FOLLOWER at term 778 for DISCOVERED_A_NEW_TERM
2019-10-18 11:26:00,393 [f535bb4a-cba0-4f9b-9e3e-e4a48b3eda51@group-7E32184879DE-LeaderElection664] INFO  impl.RoleInfo (RoleInfo.java:shutdownLeaderElection(134)) - f535bb4a-cba0-4f9b-9e3e-e4a48b3eda51: shutdown LeaderElection
2019-10-18 11:26:00,393 [f535bb4a-cba0-4f9b-9e3e-e4a48b3eda51@group-7E32184879DE-LeaderElection664] INFO  impl.RoleInfo (RoleInfo.java:updateAndGet(143)) - f535bb4a-cba0-4f9b-9e3e-e4a48b3eda51: start FollowerState
2019-10-18 11:26:00,512 [Thread-4689] INFO  impl.FollowerState (FollowerState.java:run(108)) - f535bb4a-cba0-4f9b-9e3e-e4a48b3eda51@group-7E32184879DE-FollowerState: change to CANDIDATE, lastRpcTime:119ms, electionTimeout:119ms
2019-10-18 11:26:00,512 [Thread-4689] INFO  impl.RoleInfo (RoleInfo.java:shutdownFollowerState(121)) - f535bb4a-cba0-4f9b-9e3e-e4a48b3eda51: shutdown FollowerState
2019-10-18 11:26:00,512 [Thread-4689] INFO  impl.RaftServerImpl (RaftServerImpl.java:setRole(184)) - f535bb4a-cba0-4f9b-9e3e-e4a48b3eda51@group-7E32184879DE: changes role from  FOLLOWER to CANDIDATE at term 778 for changeToCandidate
2019-10-18 11:26:00,512 [Thread-4689] INFO  impl.RoleInfo (RoleInfo.java:updateAndGet(143)) - f535bb4a-cba0-4f9b-9e3e-e4a48b3eda51: start LeaderElection
2019-10-18 11:26:00,542 [f535bb4a-cba0-4f9b-9e3e-e4a48b3eda51@group-7E32184879DE-LeaderElection665] INFO  impl.LeaderElection (LeaderElection.java:askForVotes(178)) - f535bb4a-cba0-4f9b-9e3e-e4a48b3eda51@group-7E32184879DE-LeaderElection665: begin an election at term 779 for -1: [f535bb4a-cba0-4f9b-9e3e-e4a48b3eda51:0.0.0.0:44706, 54aabb14-4a7d-4ab3-adbe-2e67760b87f4:0.0.0.0:43074, c652e2ee-3322-4406-8db6-1ea643cb3197:0.0.0.0:42129], old=null
2019-10-18 11:26:00,543 [grpc-default-executor-2] INFO  impl.RaftServerImpl (RaftServerImpl.java:setRole(184)) - 54aabb14-4a7d-4ab3-adbe-2e67760b87f4@group-7E32184879DE: changes role from  FOLLOWER to FOLLOWER at term 779 for recognizeCandidate:f535bb4a-cba0-4f9b-9e3e-e4a48b3eda51
2019-10-18 11:26:00,544 [grpc-default-executor-2] INFO  impl.RoleInfo (RoleInfo.java:shutdownFollowerState(121)) - 54aabb14-4a7d-4ab3-adbe-2e67760b87f4: shutdown FollowerState
2019-10-18 11:26:00,544 [grpc-default-executor-2] INFO  impl.RoleInfo (RoleInfo.java:updateAndGet(143)) - 54aabb14-4a7d-4ab3-adbe-2e67760b87f4: start FollowerState
2019-10-18 11:26:00,544 [Thread-4687] INFO  impl.FollowerState (FollowerState.java:run(117)) - 54aabb14-4a7d-4ab3-adbe-2e67760b87f4@group-7E32184879DE-FollowerState was interrupted: java.lang.InterruptedException: sleep interrupted
2019-10-18 11:26:00,544 [grpc-default-executor-1] INFO  impl.RaftServerImpl (RaftServerImpl.java:setRole(184)) - c652e2ee-3322-4406-8db6-1ea643cb3197@group-7E32184879DE: changes role from  FOLLOWER to FOLLOWER at term 779 for recognizeCandidate:f535bb4a-cba0-4f9b-9e3e-e4a48b3eda51
2019-10-18 11:26:00,544 [grpc-default-executor-1] INFO  impl.RoleInfo (RoleInfo.java:shutdownFollowerState(121)) - c652e2ee-3322-4406-8db6-1ea643cb3197: shutdown FollowerState
2019-10-18 11:26:00,544 [grpc-default-executor-1] INFO  impl.RoleInfo (RoleInfo.java:updateAndGet(143)) - c652e2ee-3322-4406-8db6-1ea643cb3197: start FollowerState
2019-10-18 11:26:00,544 [Thread-4688] INFO  impl.FollowerState (FollowerState.java:run(117)) - c652e2ee-3322-4406-8db6-1ea643cb3197@group-7E32184879DE-FollowerState was interrupted: java.lang.InterruptedException: sleep interrupted
2019-10-18 11:26:00,568 [f535bb4a-cba0-4f9b-9e3e-e4a48b3eda51@group-7E32184879DE-LeaderElection665] INFO  impl.LeaderElection (LeaderElection.java:logAndReturn(56)) - f535bb4a-cba0-4f9b-9e3e-e4a48b3eda51@group-7E32184879DE-LeaderElection665: Election REJECTED; received 2 response(s) [f535bb4a-cba0-4f9b-9e3e-e4a48b3eda51<-54aabb14-4a7d-4ab3-adbe-2e67760b87f4#0:FAIL-t779, f535bb4a-cba0-4f9b-9e3e-e4a48b3eda51<-c652e2ee-3322-4406-8db6-1ea643cb3197#0:FAIL-t779] and 0 exception(s); f535bb4a-cba0-4f9b-9e3e-e4a48b3eda51@group-7E32184879DE:t779, leader=null, voted=f535bb4a-cba0-4f9b-9e3e-e4a48b3eda51, raftlog=f535bb4a-cba0-4f9b-9e3e-e4a48b3eda51@group-7E32184879DE-SegmentedRaftLog:OPENED:c-1,f-1,i0, conf=-1: [f535bb4a-cba0-4f9b-9e3e-e4a48b3eda51:0.0.0.0:44706, 54aabb14-4a7d-4ab3-adbe-2e67760b87f4:0.0.0.0:43074, c652e2ee-3322-4406-8db6-1ea643cb3197:0.0.0.0:42129], old=null
2019-10-18 11:26:00,568 [f535bb4a-cba0-4f9b-9e3e-e4a48b3eda51@group-7E32184879DE-LeaderElection665] INFO  impl.RaftServerImpl (RaftServerImpl.java:setRole(184)) - f535bb4a-cba0-4f9b-9e3e-e4a48b3eda51@group-7E32184879DE: changes role from CANDIDATE to FOLLOWER at term 779 for DISCOVERED_A_NEW_TERM
2019-10-18 11:26:00,568 [f535bb4a-cba0-4f9b-9e3e-e4a48b3eda51@group-7E32184879DE-LeaderElection665] INFO  impl.RoleInfo (RoleInfo.java:shutdownLeaderElection(134)) - f535bb4a-cba0-4f9b-9e3e-e4a48b3eda51: shutdown LeaderElection
2019-10-18 11:26:00,569 [f535bb4a-cba0-4f9b-9e3e-e4a48b3eda51@group-7E32184879DE-LeaderElection665] INFO  impl.RoleInfo (RoleInfo.java:updateAndGet(143)) - f535bb4a-cba0-4f9b-9e3e-e4a48b3eda51: start FollowerState
2019-10-18 11:26:00,661 [Thread-4695] INFO  impl.FollowerState (FollowerState.java:run(108)) - f535bb4a-cba0-4f9b-9e3e-e4a48b3eda51@group-7E32184879DE-FollowerState: change to CANDIDATE, lastRpcTime:92ms, electionTimeout:92ms
2019-10-18 11:26:00,661 [Thread-4695] INFO  impl.RoleInfo (RoleInfo.java:shutdownFollowerState(121)) - f535bb4a-cba0-4f9b-9e3e-e4a48b3eda51: shutdown FollowerState
2019-10-18 11:26:00,661 [Thread-4695] INFO  impl.RaftServerImpl (RaftServerImpl.java:setRole(184)) - f535bb4a-cba0-4f9b-9e3e-e4a48b3eda51@group-7E32184879DE: changes role from  FOLLOWER to CANDIDATE at term 779 for changeToCandidate
2019-10-18 11:26:00,661 [Thread-4695] INFO  impl.RoleInfo (RoleInfo.java:updateAndGet(143)) - f535bb4a-cba0-4f9b-9e3e-e4a48b3eda51: start LeaderElection
2019-10-18 11:26:00,685 [f535bb4a-cba0-4f9b-9e3e-e4a48b3eda51@group-7E32184879DE-LeaderElection666] INFO  impl.LeaderElection (LeaderElection.java:askForVotes(178)) - f535bb4a-cba0-4f9b-9e3e-e4a48b3eda51@group-7E32184879DE-LeaderElection666: begin an election at term 780 for -1: [f535bb4a-cba0-4f9b-9e3e-e4a48b3eda51:0.0.0.0:44706, 54aabb14-4a7d-4ab3-adbe-2e67760b87f4:0.0.0.0:43074, c652e2ee-3322-4406-8db6-1ea643cb3197:0.0.0.0:42129], old=null
2019-10-18 11:26:00,686 [grpc-default-executor-2] INFO  impl.RaftServerImpl (RaftServerImpl.java:setRole(184)) - c652e2ee-3322-4406-8db6-1ea643cb3197@group-7E32184879DE: changes role from  FOLLOWER to FOLLOWER at term 780 for recognizeCandidate:f535bb4a-cba0-4f9b-9e3e-e4a48b3eda51
2019-10-18 11:26:00,687 [grpc-default-executor-2] INFO  impl.RoleInfo (RoleInfo.java:shutdownFollowerState(121)) - c652e2ee-3322-4406-8db6-1ea643cb3197: shutdown FollowerState
2019-10-18 11:26:00,686 [grpc-default-executor-3] INFO  impl.RaftServerImpl (RaftServerImpl.java:setRole(184)) - 54aabb14-4a7d-4ab3-adbe-2e67760b87f4@group-7E32184879DE: changes role from  FOLLOWER to FOLLOWER at term 780 for recognizeCandidate:f535bb4a-cba0-4f9b-9e3e-e4a48b3eda51
2019-10-18 11:26:00,687 [grpc-default-executor-3] INFO  impl.RoleInfo (RoleInfo.java:shutdownFollowerState(121)) - 54aabb14-4a7d-4ab3-adbe-2e67760b87f4: shutdown FollowerState
2019-10-18 11:26:00,687 [Thread-4694] INFO  impl.FollowerState (FollowerState.java:run(117)) - c652e2ee-3322-4406-8db6-1ea643cb3197@group-7E32184879DE-FollowerState was interrupted: java.lang.InterruptedException: sleep interrupted
2019-10-18 11:26:00,687 [grpc-default-executor-2] INFO  impl.RoleInfo (RoleInfo.java:updateAndGet(143)) - c652e2ee-3322-4406-8db6-1ea643cb3197: start FollowerState
2019-10-18 11:26:00,687 [Thread-4693] INFO  impl.FollowerState (FollowerState.java:run(117)) - 54aabb14-4a7d-4ab3-adbe-2e67760b87f4@group-7E32184879DE-FollowerState was interrupted: java.lang.InterruptedException: sleep interrupted
2019-10-18 11:26:00,687 [grpc-default-executor-3] INFO  impl.RoleInfo (RoleInfo.java:updateAndGet(143)) - 54aabb14-4a7d-4ab3-adbe-2e67760b87f4: start FollowerState
2019-10-18 11:26:00,710 [f535bb4a-cba0-4f9b-9e3e-e4a48b3eda51@group-7E32184879DE-LeaderElection666] INFO  impl.LeaderElection (LeaderElection.java:logAndReturn(56)) - f535bb4a-cba0-4f9b-9e3e-e4a48b3eda51@group-7E32184879DE-LeaderElection666: Election REJECTED; received 2 response(s) [f535bb4a-cba0-4f9b-9e3e-e4a48b3eda51<-54aabb14-4a7d-4ab3-adbe-2e67760b87f4#0:FAIL-t780, f535bb4a-cba0-4f9b-9e3e-e4a48b3eda51<-c652e2ee-3322-4406-8db6-1ea643cb3197#0:FAIL-t780] and 0 exception(s); f535bb4a-cba0-4f9b-9e3e-e4a48b3eda51@group-7E32184879DE:t780, leader=null, voted=f535bb4a-cba0-4f9b-9e3e-e4a48b3eda51, raftlog=f535bb4a-cba0-4f9b-9e3e-e4a48b3eda51@group-7E32184879DE-SegmentedRaftLog:OPENED:c-1,f-1,i0, conf=-1: [f535bb4a-cba0-4f9b-9e3e-e4a48b3eda51:0.0.0.0:44706, 54aabb14-4a7d-4ab3-adbe-2e67760b87f4:0.0.0.0:43074, c652e2ee-3322-4406-8db6-1ea643cb3197:0.0.0.0:42129], old=null
2019-10-18 11:26:00,711 [f535bb4a-cba0-4f9b-9e3e-e4a48b3eda51@group-7E32184879DE-LeaderElection666] INFO  impl.RaftServerImpl (RaftServerImpl.java:setRole(184)) - f535bb4a-cba0-4f9b-9e3e-e4a48b3eda51@group-7E32184879DE: changes role from CANDIDATE to FOLLOWER at term 780 for DISCOVERED_A_NEW_TERM
2019-10-18 11:26:00,711 [f535bb4a-cba0-4f9b-9e3e-e4a48b3eda51@group-7E32184879DE-LeaderElection666] INFO  impl.RoleInfo (RoleInfo.java:shutdownLeaderElection(134)) - f535bb4a-cba0-4f9b-9e3e-e4a48b3eda51: shutdown LeaderElection
2019-10-18 11:26:00,711 [f535bb4a-cba0-4f9b-9e3e-e4a48b3eda51@group-7E32184879DE-LeaderElection666] INFO  impl.RoleInfo (RoleInfo.java:updateAndGet(143)) - f535bb4a-cba0-4f9b-9e3e-e4a48b3eda51: start FollowerState
2019-10-18 11:26:00,711 [Thread-4701] INFO  impl.FollowerState (FollowerState.java:run(108)) - f535bb4a-cba0-4f9b-9e3e-e4a48b3eda51@group-7E32184879DE-FollowerState: change to CANDIDATE, lastRpcTime:0ms, electionTimeout:0ms
2019-10-18 11:26:00,711 [Thread-4701] INFO  impl.RoleInfo (RoleInfo.java:shutdownFollowerState(121)) - f535bb4a-cba0-4f9b-9e3e-e4a48b3eda51: shutdown FollowerState
2019-10-18 11:26:00,711 [Thread-4701] INFO  impl.RaftServerImpl (RaftServerImpl.java:setRole(184)) - f535bb4a-cba0-4f9b-9e3e-e4a48b3eda51@group-7E32184879DE: changes role from  FOLLOWER to CANDIDATE at term 780 for changeToCandidate
2019-10-18 11:26:00,711 [Thread-4701] INFO  impl.RoleInfo (RoleInfo.java:updateAndGet(143)) - f535bb4a-cba0-4f9b-9e3e-e4a48b3eda51: start LeaderElection
2019-10-18 11:26:00,735 [f535bb4a-cba0-4f9b-9e3e-e4a48b3eda51@group-7E32184879DE-LeaderElection667] INFO  impl.LeaderElection (LeaderElection.java:askForVotes(178)) - f535bb4a-cba0-4f9b-9e3e-e4a48b3eda51@group-7E32184879DE-LeaderElection667: begin an election at term 781 for -1: [f535bb4a-cba0-4f9b-9e3e-e4a48b3eda51:0.0.0.0:44706, 54aabb14-4a7d-4ab3-adbe-2e67760b87f4:0.0.0.0:43074, c652e2ee-3322-4406-8db6-1ea643cb3197:0.0.0.0:42129], old=null
2019-10-18 11:26:00,737 [grpc-default-executor-2] INFO  impl.RaftServerImpl (RaftServerImpl.java:setRole(184)) - 54aabb14-4a7d-4ab3-adbe-2e67760b87f4@group-7E32184879DE: changes role from  FOLLOWER to FOLLOWER at term 781 for recognizeCandidate:f535bb4a-cba0-4f9b-9e3e-e4a48b3eda51
2019-10-18 11:26:00,737 [grpc-default-executor-2] INFO  impl.RoleInfo (RoleInfo.java:shutdownFollowerState(121)) - 54aabb14-4a7d-4ab3-adbe-2e67760b87f4: shutdown FollowerState
2019-10-18 11:26:00,737 [grpc-default-executor-3] INFO  impl.RaftServerImpl (RaftServerImpl.java:setRole(184)) - c652e2ee-3322-4406-8db6-1ea643cb3197@group-7E32184879DE: changes role from  FOLLOWER to FOLLOWER at term 781 for recognizeCandidate:f535bb4a-cba0-4f9b-9e3e-e4a48b3eda51
2019-10-18 11:26:00,737 [grpc-default-executor-3] INFO  impl.RoleInfo (RoleInfo.java:shutdownFollowerState(121)) - c652e2ee-3322-4406-8db6-1ea643cb3197: shutdown FollowerState
2019-10-18 11:26:00,737 [grpc-default-executor-3] INFO  impl.RoleInfo (RoleInfo.java:updateAndGet(143)) - c652e2ee-3322-4406-8db6-1ea643cb3197: start FollowerState
2019-10-18 11:26:00,737 [Thread-4700] INFO  impl.FollowerState (FollowerState.java:run(117)) - 54aabb14-4a7d-4ab3-adbe-2e67760b87f4@group-7E32184879DE-FollowerState was interrupted: java.lang.InterruptedException: sleep interrupted
2019-10-18 11:26:00,737 [grpc-default-executor-2] INFO  impl.RoleInfo (RoleInfo.java:updateAndGet(143)) - 54aabb14-4a7d-4ab3-adbe-2e67760b87f4: start FollowerState
2019-10-18 11:26:00,737 [Thread-4699] INFO  impl.FollowerState (FollowerState.java:run(117)) - c652e2ee-3322-4406-8db6-1ea643cb3197@group-7E32184879DE-FollowerState was interrupted: java.lang.InterruptedException: sleep interrupted
2019-10-18 11:26:00,761 [f535bb4a-cba0-4f9b-9e3e-e4a48b3eda51@group-7E32184879DE-LeaderElection667] INFO  impl.LeaderElection (LeaderElection.java:logAndReturn(56)) - f535bb4a-cba0-4f9b-9e3e-e4a48b3eda51@group-7E32184879DE-LeaderElection667: Election REJECTED; received 2 response(s) [f535bb4a-cba0-4f9b-9e3e-e4a48b3eda51<-54aabb14-4a7d-4ab3-adbe-2e67760b87f4#0:FAIL-t781, f535bb4a-cba0-4f9b-9e3e-e4a48b3eda51<-c652e2ee-3322-4406-8db6-1ea643cb3197#0:FAIL-t781] and 0 exception(s); f535bb4a-cba0-4f9b-9e3e-e4a48b3eda51@group-7E32184879DE:t781, leader=null, voted=f535bb4a-cba0-4f9b-9e3e-e4a48b3eda51, raftlog=f535bb4a-cba0-4f9b-9e3e-e4a48b3eda51@group-7E32184879DE-SegmentedRaftLog:OPENED:c-1,f-1,i0, conf=-1: [f535bb4a-cba0-4f9b-9e3e-e4a48b3eda51:0.0.0.0:44706, 54aabb14-4a7d-4ab3-adbe-2e67760b87f4:0.0.0.0:43074, c652e2ee-3322-4406-8db6-1ea643cb3197:0.0.0.0:42129], old=null
2019-10-18 11:26:00,761 [f535bb4a-cba0-4f9b-9e3e-e4a48b3eda51@group-7E32184879DE-LeaderElection667] INFO  impl.RaftServerImpl (RaftServerImpl.java:setRole(184)) - f535bb4a-cba0-4f9b-9e3e-e4a48b3eda51@group-7E32184879DE: changes role from CANDIDATE to FOLLOWER at term 781 for DISCOVERED_A_NEW_TERM
2019-10-18 11:26:00,761 [f535bb4a-cba0-4f9b-9e3e-e4a48b3eda51@group-7E32184879DE-LeaderElection667] INFO  impl.RoleInfo (RoleInfo.java:shutdownLeaderElection(134)) - f535bb4a-cba0-4f9b-9e3e-e4a48b3eda51: shutdown LeaderElection
2019-10-18 11:26:00,762 [f535bb4a-cba0-4f9b-9e3e-e4a48b3eda51@group-7E32184879DE-LeaderElection667] INFO  impl.RoleInfo (RoleInfo.java:updateAndGet(143)) - f535bb4a-cba0-4f9b-9e3e-e4a48b3eda51: start FollowerState
2019-10-18 11:26:00,843 [Thread-4707] INFO  impl.FollowerState (FollowerState.java:run(108)) - f535bb4a-cba0-4f9b-9e3e-e4a48b3eda51@group-7E32184879DE-FollowerState: change to CANDIDATE, lastRpcTime:81ms, electionTimeout:81ms
2019-10-18 11:26:00,843 [Thread-4707] INFO  impl.RoleInfo (RoleInfo.java:shutdownFollowerState(121)) - f535bb4a-cba0-4f9b-9e3e-e4a48b3eda51: shutdown FollowerState
2019-10-18 11:26:00,843 [Thread-4707] INFO  impl.RaftServerImpl (RaftServerImpl.java:setRole(184)) - f535bb4a-cba0-4f9b-9e3e-e4a48b3eda51@group-7E32184879DE: changes role from  FOLLOWER to CANDIDATE at term 781 for changeToCandidate
2019-10-18 11:26:00,843 [Thread-4707] INFO  impl.RoleInfo (RoleInfo.java:updateAndGet(143)) - f535bb4a-cba0-4f9b-9e3e-e4a48b3eda51: start LeaderElection
2019-10-18 11:26:00,879 [f535bb4a-cba0-4f9b-9e3e-e4a48b3eda51@group-7E32184879DE-LeaderElection668] INFO  impl.LeaderElection (LeaderElection.java:askForVotes(178)) - f535bb4a-cba0-4f9b-9e3e-e4a48b3eda51@group-7E32184879DE-LeaderElection668: begin an election at term 782 for -1: [f535bb4a-cba0-4f9b-9e3e-e4a48b3eda51:0.0.0.0:44706, 54aabb14-4a7d-4ab3-adbe-2e67760b87f4:0.0.0.0:43074, c652e2ee-3322-4406-8db6-1ea643cb3197:0.0.0.0:42129], old=null
2019-10-18 11:26:00,880 [grpc-default-executor-3] INFO  impl.RaftServerImpl (RaftServerImpl.java:setRole(184)) - 54aabb14-4a7d-4ab3-adbe-2e67760b87f4@group-7E32184879DE: changes role from  FOLLOWER to FOLLOWER at term 782 for recognizeCandidate:f535bb4a-cba0-4f9b-9e3e-e4a48b3eda51
2019-10-18 11:26:00,881 [grpc-default-executor-3] INFO  impl.RoleInfo (RoleInfo.java:shutdownFollowerState(121)) - 54aabb14-4a7d-4ab3-adbe-2e67760b87f4: shutdown FollowerState
2019-10-18 11:26:00,881 [grpc-default-executor-2] INFO  impl.RaftServerImpl (RaftServerImpl.java:setRole(184)) - c652e2ee-3322-4406-8db6-1ea643cb3197@group-7E32184879DE: changes role from  FOLLOWER to FOLLOWER at term 782 for recognizeCandidate:f535bb4a-cba0-4f9b-9e3e-e4a48b3eda51
2019-10-18 11:26:00,881 [grpc-default-executor-2] INFO  impl.RoleInfo (RoleInfo.java:shutdownFollowerState(121)) - c652e2ee-3322-4406-8db6-1ea643cb3197: shutdown FollowerState
2019-10-18 11:26:00,881 [Thread-4705] INFO  impl.FollowerState (FollowerState.java:run(117)) - 54aabb14-4a7d-4ab3-adbe-2e67760b87f4@group-7E32184879DE-FollowerState was interrupted: java.lang.InterruptedException: sleep interrupted
2019-10-18 11:26:00,881 [grpc-default-executor-3] INFO  impl.RoleInfo (RoleInfo.java:updateAndGet(143)) - 54aabb14-4a7d-4ab3-adbe-2e67760b87f4: start FollowerState
2019-10-18 11:26:00,881 [Thread-4706] INFO  impl.FollowerState (FollowerState.java:run(117)) - c652e2ee-3322-4406-8db6-1ea643cb3197@group-7E32184879DE-FollowerState was interrupted: java.lang.InterruptedException: sleep interrupted
2019-10-18 11:26:00,881 [grpc-default-executor-2] INFO  impl.RoleInfo (RoleInfo.java:updateAndGet(143)) - c652e2ee-3322-4406-8db6-1ea643cb3197: start FollowerState
2019-10-18 11:26:00,905 [f535bb4a-cba0-4f9b-9e3e-e4a48b3eda51@group-7E32184879DE-LeaderElection668] INFO  impl.LeaderElection (LeaderElection.java:logAndReturn(56)) - f535bb4a-cba0-4f9b-9e3e-e4a48b3eda51@group-7E32184879DE-LeaderElection668: Election REJECTED; received 2 response(s) [f535bb4a-cba0-4f9b-9e3e-e4a48b3eda51<-54aabb14-4a7d-4ab3-adbe-2e67760b87f4#0:FAIL-t782, f535bb4a-cba0-4f9b-9e3e-e4a48b3eda51<-c652e2ee-3322-4406-8db6-1ea643cb3197#0:FAIL-t782] and 0 exception(s); f535bb4a-cba0-4f9b-9e3e-e4a48b3eda51@group-7E32184879DE:t782, leader=null, voted=f535bb4a-cba0-4f9b-9e3e-e4a48b3eda51, raftlog=f535bb4a-cba0-4f9b-9e3e-e4a48b3eda51@group-7E32184879DE-SegmentedRaftLog:OPENED:c-1,f-1,i0, conf=-1: [f535bb4a-cba0-4f9b-9e3e-e4a48b3eda51:0.0.0.0:44706, 54aabb14-4a7d-4ab3-adbe-2e67760b87f4:0.0.0.0:43074, c652e2ee-3322-4406-8db6-1ea643cb3197:0.0.0.0:42129], old=null
2019-10-18 11:26:00,905 [f535bb4a-cba0-4f9b-9e3e-e4a48b3eda51@group-7E32184879DE-LeaderElection668] INFO  impl.RaftServerImpl (RaftServerImpl.java:setRole(184)) - f535bb4a-cba0-4f9b-9e3e-e4a48b3eda51@group-7E32184879DE: changes role from CANDIDATE to FOLLOWER at term 782 for DISCOVERED_A_NEW_TERM
2019-10-18 11:26:00,905 [f535bb4a-cba0-4f9b-9e3e-e4a48b3eda51@group-7E32184879DE-LeaderElection668] INFO  impl.RoleInfo (RoleInfo.java:shutdownLeaderElection(134)) - f535bb4a-cba0-4f9b-9e3e-e4a48b3eda51: shutdown LeaderElection
2019-10-18 11:26:00,905 [f535bb4a-cba0-4f9b-9e3e-e4a48b3eda51@group-7E32184879DE-LeaderElection668] INFO  impl.RoleInfo (RoleInfo.java:updateAndGet(143)) - f535bb4a-cba0-4f9b-9e3e-e4a48b3eda51: start FollowerState
2019-10-18 11:26:01,077 [Thread-4715] INFO  impl.FollowerState (FollowerState.java:run(108)) - f535bb4a-cba0-4f9b-9e3e-e4a48b3eda51@group-7E32184879DE-FollowerState: change to CANDIDATE, lastRpcTime:171ms, electionTimeout:171ms
2019-10-18 11:26:01,077 [Thread-4715] INFO  impl.RoleInfo (RoleInfo.java:shutdownFollowerState(121)) - f535bb4a-cba0-4f9b-9e3e-e4a48b3eda51: shutdown FollowerState
2019-10-18 11:26:01,077 [Thread-4715] INFO  impl.RaftServerImpl (RaftServerImpl.java:setRole(184)) - f535bb4a-cba0-4f9b-9e3e-e4a48b3eda51@group-7E32184879DE: changes role from  FOLLOWER to CANDIDATE at term 782 for changeToCandidate
2019-10-18 11:26:01,077 [Thread-4715] INFO  impl.RoleInfo (RoleInfo.java:updateAndGet(143)) - f535bb4a-cba0-4f9b-9e3e-e4a48b3eda51: start LeaderElection
2019-10-18 11:26:01,105 [f535bb4a-cba0-4f9b-9e3e-e4a48b3eda51@group-7E32184879DE-LeaderElection669] INFO  impl.LeaderElection (LeaderElection.java:askForVotes(178)) - f535bb4a-cba0-4f9b-9e3e-e4a48b3eda51@group-7E32184879DE-LeaderElection669: begin an election at term 783 for -1: [f535bb4a-cba0-4f9b-9e3e-e4a48b3eda51:0.0.0.0:44706, 54aabb14-4a7d-4ab3-adbe-2e67760b87f4:0.0.0.0:43074, c652e2ee-3322-4406-8db6-1ea643cb3197:0.0.0.0:42129], old=null
2019-10-18 11:26:01,106 [grpc-default-executor-2] INFO  impl.RaftServerImpl (RaftServerImpl.java:setRole(184)) - 54aabb14-4a7d-4ab3-adbe-2e67760b87f4@group-7E32184879DE: changes role from  FOLLOWER to FOLLOWER at term 783 for recognizeCandidate:f535bb4a-cba0-4f9b-9e3e-e4a48b3eda51
2019-10-18 11:26:01,106 [grpc-default-executor-3] INFO  impl.RaftServerImpl (RaftServerImpl.java:setRole(184)) - c652e2ee-3322-4406-8db6-1ea643cb3197@group-7E32184879DE: changes role from  FOLLOWER to FOLLOWER at term 783 for recognizeCandidate:f535bb4a-cba0-4f9b-9e3e-e4a48b3eda51
2019-10-18 11:26:01,107 [grpc-default-executor-3] INFO  impl.RoleInfo (RoleInfo.java:shutdownFollowerState(121)) - c652e2ee-3322-4406-8db6-1ea643cb3197: shutdown FollowerState
2019-10-18 11:26:01,106 [grpc-default-executor-2] INFO  impl.RoleInfo (RoleInfo.java:shutdownFollowerState(121)) - 54aabb14-4a7d-4ab3-adbe-2e67760b87f4: shutdown FollowerState
2019-10-18 11:26:01,107 [Thread-4714] INFO  impl.FollowerState (FollowerState.java:run(117)) - c652e2ee-3322-4406-8db6-1ea643cb3197@group-7E32184879DE-FollowerState was interrupted: java.lang.InterruptedException: sleep interrupted
2019-10-18 11:26:01,107 [grpc-default-executor-3] INFO  impl.RoleInfo (RoleInfo.java:updateAndGet(143)) - c652e2ee-3322-4406-8db6-1ea643cb3197: start FollowerState
2019-10-18 11:26:01,107 [Thread-4713] INFO  impl.FollowerState (FollowerState.java:run(117)) - 54aabb14-4a7d-4ab3-adbe-2e67760b87f4@group-7E32184879DE-FollowerState was interrupted: java.lang.InterruptedException: sleep interrupted
2019-10-18 11:26:01,107 [grpc-default-executor-2] INFO  impl.RoleInfo (RoleInfo.java:updateAndGet(143)) - 54aabb14-4a7d-4ab3-adbe-2e67760b87f4: start FollowerState
2019-10-18 11:26:01,130 [f535bb4a-cba0-4f9b-9e3e-e4a48b3eda51@group-7E32184879DE-LeaderElection669] INFO  impl.LeaderElection (LeaderElection.java:logAndReturn(56)) - f535bb4a-cba0-4f9b-9e3e-e4a48b3eda51@group-7E32184879DE-LeaderElection669: Election REJECTED; received 2 response(s) [f535bb4a-cba0-4f9b-9e3e-e4a48b3eda51<-54aabb14-4a7d-4ab3-adbe-2e67760b87f4#0:FAIL-t783, f535bb4a-cba0-4f9b-9e3e-e4a48b3eda51<-c652e2ee-3322-4406-8db6-1ea643cb3197#0:FAIL-t783] and 0 exception(s); f535bb4a-cba0-4f9b-9e3e-e4a48b3eda51@group-7E32184879DE:t783, leader=null, voted=f535bb4a-cba0-4f9b-9e3e-e4a48b3eda51, raftlog=f535bb4a-cba0-4f9b-9e3e-e4a48b3eda51@group-7E32184879DE-SegmentedRaftLog:OPENED:c-1,f-1,i0, conf=-1: [f535bb4a-cba0-4f9b-9e3e-e4a48b3eda51:0.0.0.0:44706, 54aabb14-4a7d-4ab3-adbe-2e67760b87f4:0.0.0.0:43074, c652e2ee-3322-4406-8db6-1ea643cb3197:0.0.0.0:42129], old=null
2019-10-18 11:26:01,130 [f535bb4a-cba0-4f9b-9e3e-e4a48b3eda51@group-7E32184879DE-LeaderElection669] INFO  impl.RaftServerImpl (RaftServerImpl.java:setRole(184)) - f535bb4a-cba0-4f9b-9e3e-e4a48b3eda51@group-7E32184879DE: changes role from CANDIDATE to FOLLOWER at term 783 for DISCOVERED_A_NEW_TERM
2019-10-18 11:26:01,131 [f535bb4a-cba0-4f9b-9e3e-e4a48b3eda51@group-7E32184879DE-LeaderElection669] INFO  impl.RoleInfo (RoleInfo.java:shutdownLeaderElection(134)) - f535bb4a-cba0-4f9b-9e3e-e4a48b3eda51: shutdown LeaderElection
2019-10-18 11:26:01,131 [f535bb4a-cba0-4f9b-9e3e-e4a48b3eda51@group-7E32184879DE-LeaderElection669] INFO  impl.RoleInfo (RoleInfo.java:updateAndGet(143)) - f535bb4a-cba0-4f9b-9e3e-e4a48b3eda51: start FollowerState
2019-10-18 11:26:01,296 [Thread-4721] INFO  impl.FollowerState (FollowerState.java:run(108)) - f535bb4a-cba0-4f9b-9e3e-e4a48b3eda51@group-7E32184879DE-FollowerState: change to CANDIDATE, lastRpcTime:165ms, electionTimeout:165ms
2019-10-18 11:26:01,296 [Thread-4721] INFO  impl.RoleInfo (RoleInfo.java:shutdownFollowerState(121)) - f535bb4a-cba0-4f9b-9e3e-e4a48b3eda51: shutdown FollowerState
2019-10-18 11:26:01,296 [Thread-4721] INFO  impl.RaftServerImpl (RaftServerImpl.java:setRole(184)) - f535bb4a-cba0-4f9b-9e3e-e4a48b3eda51@group-7E32184879DE: changes role from  FOLLOWER to CANDIDATE at term 783 for changeToCandidate
2019-10-18 11:26:01,296 [Thread-4721] INFO  impl.RoleInfo (RoleInfo.java:updateAndGet(143)) - f535bb4a-cba0-4f9b-9e3e-e4a48b3eda51: start LeaderElection
2019-10-18 11:26:01,322 [f535bb4a-cba0-4f9b-9e3e-e4a48b3eda51@group-7E32184879DE-LeaderElection670] INFO  impl.LeaderElection (LeaderElection.java:askForVotes(178)) - f535bb4a-cba0-4f9b-9e3e-e4a48b3eda51@group-7E32184879DE-LeaderElection670: begin an election at term 784 for -1: [f535bb4a-cba0-4f9b-9e3e-e4a48b3eda51:0.0.0.0:44706, 54aabb14-4a7d-4ab3-adbe-2e67760b87f4:0.0.0.0:43074, c652e2ee-3322-4406-8db6-1ea643cb3197:0.0.0.0:42129], old=null
2019-10-18 11:26:01,324 [grpc-default-executor-3] INFO  impl.RaftServerImpl (RaftServerImpl.java:setRole(184)) - 54aabb14-4a7d-4ab3-adbe-2e67760b87f4@group-7E32184879DE: changes role from  FOLLOWER to FOLLOWER at term 784 for recognizeCandidate:f535bb4a-cba0-4f9b-9e3e-e4a48b3eda51
2019-10-18 11:26:01,324 [grpc-default-executor-3] INFO  impl.RoleInfo (RoleInfo.java:shutdownFollowerState(121)) - 54aabb14-4a7d-4ab3-adbe-2e67760b87f4: shutdown FollowerState
2019-10-18 11:26:01,324 [grpc-default-executor-3] INFO  impl.RoleInfo (RoleInfo.java:updateAndGet(143)) - 54aabb14-4a7d-4ab3-adbe-2e67760b87f4: start FollowerState
2019-10-18 11:26:01,324 [Thread-4720] INFO  impl.FollowerState (FollowerState.java:run(117)) - 54aabb14-4a7d-4ab3-adbe-2e67760b87f4@group-7E32184879DE-FollowerState was interrupted: java.lang.InterruptedException: sleep interrupted
2019-10-18 11:26:01,324 [grpc-default-executor-2] INFO  impl.RaftServerImpl (RaftServerImpl.java:setRole(184)) - c652e2ee-3322-4406-8db6-1ea643cb3197@group-7E32184879DE: changes role from  FOLLOWER to FOLLOWER at term 784 for recognizeCandidate:f535bb4a-cba0-4f9b-9e3e-e4a48b3eda51
2019-10-18 11:26:01,325 [grpc-default-executor-2] INFO  impl.RoleInfo (RoleInfo.java:shutdownFollowerState(121)) - c652e2ee-3322-4406-8db6-1ea643cb3197: shutdown FollowerState
2019-10-18 11:26:01,325 [grpc-default-executor-2] INFO  impl.RoleInfo (RoleInfo.java:updateAndGet(143)) - c652e2ee-3322-4406-8db6-1ea643cb3197: start FollowerState
2019-10-18 11:26:01,325 [Thread-4719] INFO  impl.FollowerState (FollowerState.java:run(117)) - c652e2ee-3322-4406-8db6-1ea643cb3197@group-7E32184879DE-FollowerState was interrupted: java.lang.InterruptedException: sleep interrupted
2019-10-18 11:26:01,348 [f535bb4a-cba0-4f9b-9e3e-e4a48b3eda51@group-7E32184879DE-LeaderElection670] INFO  impl.LeaderElection (LeaderElection.java:logAndReturn(56)) - f535bb4a-cba0-4f9b-9e3e-e4a48b3eda51@group-7E32184879DE-LeaderElection670: Election REJECTED; received 2 response(s) [f535bb4a-cba0-4f9b-9e3e-e4a48b3eda51<-54aabb14-4a7d-4ab3-adbe-2e67760b87f4#0:FAIL-t784, f535bb4a-cba0-4f9b-9e3e-e4a48b3eda51<-c652e2ee-3322-4406-8db6-1ea643cb3197#0:FAIL-t784] and 0 exception(s); f535bb4a-cba0-4f9b-9e3e-e4a48b3eda51@group-7E32184879DE:t784, leader=null, voted=f535bb4a-cba0-4f9b-9e3e-e4a48b3eda51, raftlog=f535bb4a-cba0-4f9b-9e3e-e4a48b3eda51@group-7E32184879DE-SegmentedRaftLog:OPENED:c-1,f-1,i0, conf=-1: [f535bb4a-cba0-4f9b-9e3e-e4a48b3eda51:0.0.0.0:44706, 54aabb14-4a7d-4ab3-adbe-2e67760b87f4:0.0.0.0:43074, c652e2ee-3322-4406-8db6-1ea643cb3197:0.0.0.0:42129], old=null
2019-10-18 11:26:01,348 [f535bb4a-cba0-4f9b-9e3e-e4a48b3eda51@group-7E32184879DE-LeaderElection670] INFO  impl.RaftServerImpl (RaftServerImpl.java:setRole(184)) - f535bb4a-cba0-4f9b-9e3e-e4a48b3eda51@group-7E32184879DE: changes role from CANDIDATE to FOLLOWER at term 784 for DISCOVERED_A_NEW_TERM
2019-10-18 11:26:01,348 [f535bb4a-cba0-4f9b-9e3e-e4a48b3eda51@group-7E32184879DE-LeaderElection670] INFO  impl.RoleInfo (RoleInfo.java:shutdownLeaderElection(134)) - f535bb4a-cba0-4f9b-9e3e-e4a48b3eda51: shutdown LeaderElection
2019-10-18 11:26:01,348 [f535bb4a-cba0-4f9b-9e3e-e4a48b3eda51@group-7E32184879DE-LeaderElection670] INFO  impl.RoleInfo (RoleInfo.java:updateAndGet(143)) - f535bb4a-cba0-4f9b-9e3e-e4a48b3eda51: start FollowerState
2019-10-18 11:26:01,454 [Thread-4727] INFO  impl.FollowerState (FollowerState.java:run(108)) - f535bb4a-cba0-4f9b-9e3e-e4a48b3eda51@group-7E32184879DE-FollowerState: change to CANDIDATE, lastRpcTime:105ms, electionTimeout:105ms
2019-10-18 11:26:01,454 [Thread-4727] INFO  impl.RoleInfo (RoleInfo.java:shutdownFollowerState(121)) - f535bb4a-cba0-4f9b-9e3e-e4a48b3eda51: shutdown FollowerState
2019-10-18 11:26:01,454 [Thread-4727] INFO  impl.RaftServerImpl (RaftServerImpl.java:setRole(184)) - f535bb4a-cba0-4f9b-9e3e-e4a48b3eda51@group-7E32184879DE: changes role from  FOLLOWER to CANDIDATE at term 784 for changeToCandidate
2019-10-18 11:26:01,454 [Thread-4727] INFO  impl.RoleInfo (RoleInfo.java:updateAndGet(143)) - f535bb4a-cba0-4f9b-9e3e-e4a48b3eda51: start LeaderElection
2019-10-18 11:26:01,481 [f535bb4a-cba0-4f9b-9e3e-e4a48b3eda51@group-7E32184879DE-LeaderElection671] INFO  impl.LeaderElection (LeaderElection.java:askForVotes(178)) - f535bb4a-cba0-4f9b-9e3e-e4a48b3eda51@group-7E32184879DE-LeaderElection671: begin an election at term 785 for -1: [f535bb4a-cba0-4f9b-9e3e-e4a48b3eda51:0.0.0.0:44706, 54aabb14-4a7d-4ab3-adbe-2e67760b87f4:0.0.0.0:43074, c652e2ee-3322-4406-8db6-1ea643cb3197:0.0.0.0:42129], old=null
2019-10-18 11:26:01,483 [grpc-default-executor-3] INFO  impl.RaftServerImpl (RaftServerImpl.java:setRole(184)) - 54aabb14-4a7d-4ab3-adbe-2e67760b87f4@group-7E32184879DE: changes role from  FOLLOWER to FOLLOWER at term 785 for recognizeCandidate:f535bb4a-cba0-4f9b-9e3e-e4a48b3eda51
2019-10-18 11:26:01,483 [grpc-default-executor-3] INFO  impl.RoleInfo (RoleInfo.java:shutdownFollowerState(121)) - 54aabb14-4a7d-4ab3-adbe-2e67760b87f4: shutdown FollowerState
2019-10-18 11:26:01,483 [grpc-default-executor-3] INFO  impl.RoleInfo (RoleInfo.java:updateAndGet(143)) - 54aabb14-4a7d-4ab3-adbe-2e67760b87f4: start FollowerState
2019-10-18 11:26:01,483 [grpc-default-executor-2] INFO  impl.RaftServerImpl (RaftServerImpl.java:setRole(184)) - c652e2ee-3322-4406-8db6-1ea643cb3197@group-7E32184879DE: changes role from  FOLLOWER to FOLLOWER at term 785 for recognizeCandidate:f535bb4a-cba0-4f9b-9e3e-e4a48b3eda51
2019-10-18 11:26:01,483 [Thread-4725] INFO  impl.FollowerState (FollowerState.java:run(117)) - 54aabb14-4a7d-4ab3-adbe-2e67760b87f4@group-7E32184879DE-FollowerState was interrupted: java.lang.InterruptedException: sleep interrupted
2019-10-18 11:26:01,483 [grpc-default-executor-2] INFO  impl.RoleInfo (RoleInfo.java:shutdownFollowerState(121)) - c652e2ee-3322-4406-8db6-1ea643cb3197: shutdown FollowerState
2019-10-18 11:26:01,483 [grpc-default-executor-2] INFO  impl.RoleInfo (RoleInfo.java:updateAndGet(143)) - c652e2ee-3322-4406-8db6-1ea643cb3197: start FollowerState
2019-10-18 11:26:01,483 [Thread-4726] INFO  impl.FollowerState (FollowerState.java:run(117)) - c652e2ee-3322-4406-8db6-1ea643cb3197@group-7E32184879DE-FollowerState was interrupted: java.lang.InterruptedException: sleep interrupted
2019-10-18 11:26:01,507 [f535bb4a-cba0-4f9b-9e3e-e4a48b3eda51@group-7E32184879DE-LeaderElection671] INFO  impl.LeaderElection (LeaderElection.java:logAndReturn(56)) - f535bb4a-cba0-4f9b-9e3e-e4a48b3eda51@group-7E32184879DE-LeaderElection671: Election REJECTED; received 2 response(s) [f535bb4a-cba0-4f9b-9e3e-e4a48b3eda51<-54aabb14-4a7d-4ab3-adbe-2e67760b87f4#0:FAIL-t785, f535bb4a-cba0-4f9b-9e3e-e4a48b3eda51<-c652e2ee-3322-4406-8db6-1ea643cb3197#0:FAIL-t785] and 0 exception(s); f535bb4a-cba0-4f9b-9e3e-e4a48b3eda51@group-7E32184879DE:t785, leader=null, voted=f535bb4a-cba0-4f9b-9e3e-e4a48b3eda51, raftlog=f535bb4a-cba0-4f9b-9e3e-e4a48b3eda51@group-7E32184879DE-SegmentedRaftLog:OPENED:c-1,f-1,i0, conf=-1: [f535bb4a-cba0-4f9b-9e3e-e4a48b3eda51:0.0.0.0:44706, 54aabb14-4a7d-4ab3-adbe-2e67760b87f4:0.0.0.0:43074, c652e2ee-3322-4406-8db6-1ea643cb3197:0.0.0.0:42129], old=null
2019-10-18 11:26:01,507 [f535bb4a-cba0-4f9b-9e3e-e4a48b3eda51@group-7E32184879DE-LeaderElection671] INFO  impl.RaftServerImpl (RaftServerImpl.java:setRole(184)) - f535bb4a-cba0-4f9b-9e3e-e4a48b3eda51@group-7E32184879DE: changes role from CANDIDATE to FOLLOWER at term 785 for DISCOVERED_A_NEW_TERM
2019-10-18 11:26:01,508 [f535bb4a-cba0-4f9b-9e3e-e4a48b3eda51@group-7E32184879DE-LeaderElection671] INFO  impl.RoleInfo (RoleInfo.java:shutdownLeaderElection(134)) - f535bb4a-cba0-4f9b-9e3e-e4a48b3eda51: shutdown LeaderElection
2019-10-18 11:26:01,508 [f535bb4a-cba0-4f9b-9e3e-e4a48b3eda51@group-7E32184879DE-LeaderElection671] INFO  impl.RoleInfo (RoleInfo.java:updateAndGet(143)) - f535bb4a-cba0-4f9b-9e3e-e4a48b3eda51: start FollowerState
2019-10-18 11:26:01,636 [Thread-4733] INFO  impl.FollowerState (FollowerState.java:run(108)) - f535bb4a-cba0-4f9b-9e3e-e4a48b3eda51@group-7E32184879DE-FollowerState: change to CANDIDATE, lastRpcTime:128ms, electionTimeout:128ms
2019-10-18 11:26:01,636 [Thread-4733] INFO  impl.RoleInfo (RoleInfo.java:shutdownFollowerState(121)) - f535bb4a-cba0-4f9b-9e3e-e4a48b3eda51: shutdown FollowerState
2019-10-18 11:26:01,636 [Thread-4733] INFO  impl.RaftServerImpl (RaftServerImpl.java:setRole(184)) - f535bb4a-cba0-4f9b-9e3e-e4a48b3eda51@group-7E32184879DE: changes role from  FOLLOWER to CANDIDATE at term 785 for changeToCandidate
2019-10-18 11:26:01,637 [Thread-4733] INFO  impl.RoleInfo (RoleInfo.java:updateAndGet(143)) - f535bb4a-cba0-4f9b-9e3e-e4a48b3eda51: start LeaderElection
2019-10-18 11:26:01,665 [f535bb4a-cba0-4f9b-9e3e-e4a48b3eda51@group-7E32184879DE-LeaderElection672] INFO  impl.LeaderElection (LeaderElection.java:askForVotes(178)) - f535bb4a-cba0-4f9b-9e3e-e4a48b3eda51@group-7E32184879DE-LeaderElection672: begin an election at term 786 for -1: [f535bb4a-cba0-4f9b-9e3e-e4a48b3eda51:0.0.0.0:44706, 54aabb14-4a7d-4ab3-adbe-2e67760b87f4:0.0.0.0:43074, c652e2ee-3322-4406-8db6-1ea643cb3197:0.0.0.0:42129], old=null
2019-10-18 11:26:01,667 [grpc-default-executor-2] INFO  impl.RaftServerImpl (RaftServerImpl.java:setRole(184)) - 54aabb14-4a7d-4ab3-adbe-2e67760b87f4@group-7E32184879DE: changes role from  FOLLOWER to FOLLOWER at term 786 for recognizeCandidate:f535bb4a-cba0-4f9b-9e3e-e4a48b3eda51
2019-10-18 11:26:01,667 [grpc-default-executor-2] INFO  impl.RoleInfo (RoleInfo.java:shutdownFollowerState(121)) - 54aabb14-4a7d-4ab3-adbe-2e67760b87f4: shutdown FollowerState
2019-10-18 11:26:01,667 [grpc-default-executor-3] INFO  impl.RaftServerImpl (RaftServerImpl.java:setRole(184)) - c652e2ee-3322-4406-8db6-1ea643cb3197@group-7E32184879DE: changes role from  FOLLOWER to FOLLOWER at term 786 for recognizeCandidate:f535bb4a-cba0-4f9b-9e3e-e4a48b3eda51
2019-10-18 11:26:01,667 [Thread-4731] INFO  impl.FollowerState (FollowerState.java:run(117)) - 54aabb14-4a7d-4ab3-adbe-2e67760b87f4@group-7E32184879DE-FollowerState was interrupted: java.lang.InterruptedException: sleep interrupted
2019-10-18 11:26:01,667 [grpc-default-executor-2] INFO  impl.RoleInfo (RoleInfo.java:updateAndGet(143)) - 54aabb14-4a7d-4ab3-adbe-2e67760b87f4: start FollowerState
2019-10-18 11:26:01,667 [grpc-default-executor-3] INFO  impl.RoleInfo (RoleInfo.java:shutdownFollowerState(121)) - c652e2ee-3322-4406-8db6-1ea643cb3197: shutdown FollowerState
2019-10-18 11:26:01,668 [grpc-default-executor-3] INFO  impl.RoleInfo (RoleInfo.java:updateAndGet(143)) - c652e2ee-3322-4406-8db6-1ea643cb3197: start FollowerState
2019-10-18 11:26:01,668 [Thread-4732] INFO  impl.FollowerState (FollowerState.java:run(117)) - c652e2ee-3322-4406-8db6-1ea643cb3197@group-7E32184879DE-FollowerState was interrupted: java.lang.InterruptedException: sleep interrupted
2019-10-18 11:26:01,691 [f535bb4a-cba0-4f9b-9e3e-e4a48b3eda51@group-7E32184879DE-LeaderElection672] INFO  impl.LeaderElection (LeaderElection.java:logAndReturn(56)) - f535bb4a-cba0-4f9b-9e3e-e4a48b3eda51@group-7E32184879DE-LeaderElection672: Election REJECTED; received 2 response(s) [f535bb4a-cba0-4f9b-9e3e-e4a48b3eda51<-54aabb14-4a7d-4ab3-adbe-2e67760b87f4#0:FAIL-t786, f535bb4a-cba0-4f9b-9e3e-e4a48b3eda51<-c652e2ee-3322-4406-8db6-1ea643cb3197#0:FAIL-t786] and 0 exception(s); f535bb4a-cba0-4f9b-9e3e-e4a48b3eda51@group-7E32184879DE:t786, leader=null, voted=f535bb4a-cba0-4f9b-9e3e-e4a48b3eda51, raftlog=f535bb4a-cba0-4f9b-9e3e-e4a48b3eda51@group-7E32184879DE-SegmentedRaftLog:OPENED:c-1,f-1,i0, conf=-1: [f535bb4a-cba0-4f9b-9e3e-e4a48b3eda51:0.0.0.0:44706, 54aabb14-4a7d-4ab3-adbe-2e67760b87f4:0.0.0.0:43074, c652e2ee-3322-4406-8db6-1ea643cb3197:0.0.0.0:42129], old=null
2019-10-18 11:26:01,691 [f535bb4a-cba0-4f9b-9e3e-e4a48b3eda51@group-7E32184879DE-LeaderElection672] INFO  impl.RaftServerImpl (RaftServerImpl.java:setRole(184)) - f535bb4a-cba0-4f9b-9e3e-e4a48b3eda51@group-7E32184879DE: changes role from CANDIDATE to FOLLOWER at term 786 for DISCOVERED_A_NEW_TERM
2019-10-18 11:26:01,692 [f535bb4a-cba0-4f9b-9e3e-e4a48b3eda51@group-7E32184879DE-LeaderElection672] INFO  impl.RoleInfo (RoleInfo.java:shutdownLeaderElection(134)) - f535bb4a-cba0-4f9b-9e3e-e4a48b3eda51: shutdown LeaderElection
2019-10-18 11:26:01,692 [f535bb4a-cba0-4f9b-9e3e-e4a48b3eda51@group-7E32184879DE-LeaderElection672] INFO  impl.RoleInfo (RoleInfo.java:updateAndGet(143)) - f535bb4a-cba0-4f9b-9e3e-e4a48b3eda51: start FollowerState
2019-10-18 11:26:01,788 [Thread-4739] INFO  impl.FollowerState (FollowerState.java:run(108)) - f535bb4a-cba0-4f9b-9e3e-e4a48b3eda51@group-7E32184879DE-FollowerState: change to CANDIDATE, lastRpcTime:96ms, electionTimeout:96ms
2019-10-18 11:26:01,788 [Thread-4739] INFO  impl.RoleInfo (RoleInfo.java:shutdownFollowerState(121)) - f535bb4a-cba0-4f9b-9e3e-e4a48b3eda51: shutdown FollowerState
2019-10-18 11:26:01,788 [Thread-4739] INFO  impl.RaftServerImpl (RaftServerImpl.java:setRole(184)) - f535bb4a-cba0-4f9b-9e3e-e4a48b3eda51@group-7E32184879DE: changes role from  FOLLOWER to CANDIDATE at term 786 for changeToCandidate
2019-10-18 11:26:01,788 [Thread-4739] INFO  impl.RoleInfo (RoleInfo.java:updateAndGet(143)) - f535bb4a-cba0-4f9b-9e3e-e4a48b3eda51: start LeaderElection
2019-10-18 11:26:01,816 [f535bb4a-cba0-4f9b-9e3e-e4a48b3eda51@group-7E32184879DE-LeaderElection673] INFO  impl.LeaderElection (LeaderElection.java:askForVotes(178)) - f535bb4a-cba0-4f9b-9e3e-e4a48b3eda51@group-7E32184879DE-LeaderElection673: begin an election at term 787 for -1: [f535bb4a-cba0-4f9b-9e3e-e4a48b3eda51:0.0.0.0:44706, 54aabb14-4a7d-4ab3-adbe-2e67760b87f4:0.0.0.0:43074, c652e2ee-3322-4406-8db6-1ea643cb3197:0.0.0.0:42129], old=null
2019-10-18 11:26:01,818 [grpc-default-executor-2] INFO  impl.RaftServerImpl (RaftServerImpl.java:setRole(184)) - 54aabb14-4a7d-4ab3-adbe-2e67760b87f4@group-7E32184879DE: changes role from  FOLLOWER to FOLLOWER at term 787 for recognizeCandidate:f535bb4a-cba0-4f9b-9e3e-e4a48b3eda51
2019-10-18 11:26:01,818 [grpc-default-executor-3] INFO  impl.RaftServerImpl (RaftServerImpl.java:setRole(184)) - c652e2ee-3322-4406-8db6-1ea643cb3197@group-7E32184879DE: changes role from  FOLLOWER to FOLLOWER at term 787 for recognizeCandidate:f535bb4a-cba0-4f9b-9e3e-e4a48b3eda51
2019-10-18 11:26:01,818 [grpc-default-executor-3] INFO  impl.RoleInfo (RoleInfo.java:shutdownFollowerState(121)) - c652e2ee-3322-4406-8db6-1ea643cb3197: shutdown FollowerState
2019-10-18 11:26:01,818 [grpc-default-executor-2] INFO  impl.RoleInfo (RoleInfo.java:shutdownFollowerState(121)) - 54aabb14-4a7d-4ab3-adbe-2e67760b87f4: shutdown FollowerState
2019-10-18 11:26:01,819 [Thread-4738] INFO  impl.FollowerState (FollowerState.java:run(117)) - c652e2ee-3322-4406-8db6-1ea643cb3197@group-7E32184879DE-FollowerState was interrupted: java.lang.InterruptedException: sleep interrupted
2019-10-18 11:26:01,818 [grpc-default-executor-3] INFO  impl.RoleInfo (RoleInfo.java:updateAndGet(143)) - c652e2ee-3322-4406-8db6-1ea643cb3197: start FollowerState
2019-10-18 11:26:01,819 [Thread-4737] INFO  impl.FollowerState (FollowerState.java:run(117)) - 54aabb14-4a7d-4ab3-adbe-2e67760b87f4@group-7E32184879DE-FollowerState was interrupted: java.lang.InterruptedException: sleep interrupted
2019-10-18 11:26:01,819 [grpc-default-executor-2] INFO  impl.RoleInfo (RoleInfo.java:updateAndGet(143)) - 54aabb14-4a7d-4ab3-adbe-2e67760b87f4: start FollowerState
2019-10-18 11:26:01,842 [f535bb4a-cba0-4f9b-9e3e-e4a48b3eda51@group-7E32184879DE-LeaderElection673] INFO  impl.LeaderElection (LeaderElection.java:logAndReturn(56)) - f535bb4a-cba0-4f9b-9e3e-e4a48b3eda51@group-7E32184879DE-LeaderElection673: Election REJECTED; received 2 response(s) [f535bb4a-cba0-4f9b-9e3e-e4a48b3eda51<-54aabb14-4a7d-4ab3-adbe-2e67760b87f4#0:FAIL-t787, f535bb4a-cba0-4f9b-9e3e-e4a48b3eda51<-c652e2ee-3322-4406-8db6-1ea643cb3197#0:FAIL-t787] and 0 exception(s); f535bb4a-cba0-4f9b-9e3e-e4a48b3eda51@group-7E32184879DE:t787, leader=null, voted=f535bb4a-cba0-4f9b-9e3e-e4a48b3eda51, raftlog=f535bb4a-cba0-4f9b-9e3e-e4a48b3eda51@group-7E32184879DE-SegmentedRaftLog:OPENED:c-1,f-1,i0, conf=-1: [f535bb4a-cba0-4f9b-9e3e-e4a48b3eda51:0.0.0.0:44706, 54aabb14-4a7d-4ab3-adbe-2e67760b87f4:0.0.0.0:43074, c652e2ee-3322-4406-8db6-1ea643cb3197:0.0.0.0:42129], old=null
2019-10-18 11:26:01,842 [f535bb4a-cba0-4f9b-9e3e-e4a48b3eda51@group-7E32184879DE-LeaderElection673] INFO  impl.RaftServerImpl (RaftServerImpl.java:setRole(184)) - f535bb4a-cba0-4f9b-9e3e-e4a48b3eda51@group-7E32184879DE: changes role from CANDIDATE to FOLLOWER at term 787 for DISCOVERED_A_NEW_TERM
2019-10-18 11:26:01,842 [f535bb4a-cba0-4f9b-9e3e-e4a48b3eda51@group-7E32184879DE-LeaderElection673] INFO  impl.RoleInfo (RoleInfo.java:shutdownLeaderElection(134)) - f535bb4a-cba0-4f9b-9e3e-e4a48b3eda51: shutdown LeaderElection
2019-10-18 11:26:01,842 [f535bb4a-cba0-4f9b-9e3e-e4a48b3eda51@group-7E32184879DE-LeaderElection673] INFO  impl.RoleInfo (RoleInfo.java:updateAndGet(143)) - f535bb4a-cba0-4f9b-9e3e-e4a48b3eda51: start FollowerState
2019-10-18 11:26:01,982 [Thread-4747] INFO  impl.FollowerState (FollowerState.java:run(108)) - f535bb4a-cba0-4f9b-9e3e-e4a48b3eda51@group-7E32184879DE-FollowerState: change to CANDIDATE, lastRpcTime:139ms, electionTimeout:139ms
2019-10-18 11:26:01,982 [Thread-4747] INFO  impl.RoleInfo (RoleInfo.java:shutdownFollowerState(121)) - f535bb4a-cba0-4f9b-9e3e-e4a48b3eda51: shutdown FollowerState
2019-10-18 11:26:01,982 [Thread-4747] INFO  impl.RaftServerImpl (RaftServerImpl.java:setRole(184)) - f535bb4a-cba0-4f9b-9e3e-e4a48b3eda51@group-7E32184879DE: changes role from  FOLLOWER to CANDIDATE at term 787 for changeToCandidate
2019-10-18 11:26:01,983 [Thread-4747] INFO  impl.RoleInfo (RoleInfo.java:updateAndGet(143)) - f535bb4a-cba0-4f9b-9e3e-e4a48b3eda51: start LeaderElection
2019-10-18 11:26:02,008 [f535bb4a-cba0-4f9b-9e3e-e4a48b3eda51@group-7E32184879DE-LeaderElection674] INFO  impl.LeaderElection (LeaderElection.java:askForVotes(178)) - f535bb4a-cba0-4f9b-9e3e-e4a48b3eda51@group-7E32184879DE-LeaderElection674: begin an election at term 788 for -1: [f535bb4a-cba0-4f9b-9e3e-e4a48b3eda51:0.0.0.0:44706, 54aabb14-4a7d-4ab3-adbe-2e67760b87f4:0.0.0.0:43074, c652e2ee-3322-4406-8db6-1ea643cb3197:0.0.0.0:42129], old=null
2019-10-18 11:26:02,011 [grpc-default-executor-3] INFO  impl.RaftServerImpl (RaftServerImpl.java:setRole(184)) - c652e2ee-3322-4406-8db6-1ea643cb3197@group-7E32184879DE: changes role from  FOLLOWER to FOLLOWER at term 788 for recognizeCandidate:f535bb4a-cba0-4f9b-9e3e-e4a48b3eda51
2019-10-18 11:26:02,011 [grpc-default-executor-2] INFO  impl.RaftServerImpl (RaftServerImpl.java:setRole(184)) - 54aabb14-4a7d-4ab3-adbe-2e67760b87f4@group-7E32184879DE: changes role from  FOLLOWER to FOLLOWER at term 788 for recognizeCandidate:f535bb4a-cba0-4f9b-9e3e-e4a48b3eda51
2019-10-18 11:26:02,011 [grpc-default-executor-3] INFO  impl.RoleInfo (RoleInfo.java:shutdownFollowerState(121)) - c652e2ee-3322-4406-8db6-1ea643cb3197: shutdown FollowerState
2019-10-18 11:26:02,012 [grpc-default-executor-2] INFO  impl.RoleInfo (RoleInfo.java:shutdownFollowerState(121)) - 54aabb14-4a7d-4ab3-adbe-2e67760b87f4: shutdown FollowerState
2019-10-18 11:26:02,012 [grpc-default-executor-3] INFO  impl.RoleInfo (RoleInfo.java:updateAndGet(143)) - c652e2ee-3322-4406-8db6-1ea643cb3197: start FollowerState
2019-10-18 11:26:02,012 [Thread-4744] INFO  impl.FollowerState (FollowerState.java:run(117)) - 54aabb14-4a7d-4ab3-adbe-2e67760b87f4@group-7E32184879DE-FollowerState was interrupted: java.lang.InterruptedException: sleep interrupted
2019-10-18 11:26:02,012 [grpc-default-executor-2] INFO  impl.RoleInfo (RoleInfo.java:updateAndGet(143)) - 54aabb14-4a7d-4ab3-adbe-2e67760b87f4: start FollowerState
2019-10-18 11:26:02,012 [Thread-4743] INFO  impl.FollowerState (FollowerState.java:run(117)) - c652e2ee-3322-4406-8db6-1ea643cb3197@group-7E32184879DE-FollowerState was interrupted: java.lang.InterruptedException: sleep interrupted
2019-10-18 11:26:02,019 [f535bb4a-cba0-4f9b-9e3e-e4a48b3eda51@group-7E32184879DE-LeaderElection674] INFO  impl.LeaderElection (LeaderElection.java:logAndReturn(56)) - f535bb4a-cba0-4f9b-9e3e-e4a48b3eda51@group-7E32184879DE-LeaderElection674: Election TIMEOUT; received 0 response(s) [] and 0 exception(s); f535bb4a-cba0-4f9b-9e3e-e4a48b3eda51@group-7E32184879DE:t788, leader=null, voted=f535bb4a-cba0-4f9b-9e3e-e4a48b3eda51, raftlog=f535bb4a-cba0-4f9b-9e3e-e4a48b3eda51@group-7E32184879DE-SegmentedRaftLog:OPENED:c-1,f-1,i0, conf=-1: [f535bb4a-cba0-4f9b-9e3e-e4a48b3eda51:0.0.0.0:44706, 54aabb14-4a7d-4ab3-adbe-2e67760b87f4:0.0.0.0:43074, c652e2ee-3322-4406-8db6-1ea643cb3197:0.0.0.0:42129], old=null
2019-10-18 11:26:02,034 [f535bb4a-cba0-4f9b-9e3e-e4a48b3eda51@group-7E32184879DE-LeaderElection674] INFO  impl.LeaderElection (LeaderElection.java:askForVotes(178)) - f535bb4a-cba0-4f9b-9e3e-e4a48b3eda51@group-7E32184879DE-LeaderElection674: begin an election at term 789 for -1: [f535bb4a-cba0-4f9b-9e3e-e4a48b3eda51:0.0.0.0:44706, 54aabb14-4a7d-4ab3-adbe-2e67760b87f4:0.0.0.0:43074, c652e2ee-3322-4406-8db6-1ea643cb3197:0.0.0.0:42129], old=null
2019-10-18 11:26:02,035 [grpc-default-executor-2] INFO  impl.RaftServerImpl (RaftServerImpl.java:setRole(184)) - 54aabb14-4a7d-4ab3-adbe-2e67760b87f4@group-7E32184879DE: changes role from  FOLLOWER to FOLLOWER at term 789 for recognizeCandidate:f535bb4a-cba0-4f9b-9e3e-e4a48b3eda51
2019-10-18 11:26:02,035 [grpc-default-executor-2] INFO  impl.RoleInfo (RoleInfo.java:shutdownFollowerState(121)) - 54aabb14-4a7d-4ab3-adbe-2e67760b87f4: shutdown FollowerState
2019-10-18 11:26:02,035 [grpc-default-executor-3] INFO  impl.RaftServerImpl (RaftServerImpl.java:setRole(184)) - c652e2ee-3322-4406-8db6-1ea643cb3197@group-7E32184879DE: changes role from  FOLLOWER to FOLLOWER at term 789 for recognizeCandidate:f535bb4a-cba0-4f9b-9e3e-e4a48b3eda51
2019-10-18 11:26:02,036 [Thread-4752] INFO  impl.FollowerState (FollowerState.java:run(117)) - 54aabb14-4a7d-4ab3-adbe-2e67760b87f4@group-7E32184879DE-FollowerState was interrupted: java.lang.InterruptedException: sleep interrupted
2019-10-18 11:26:02,035 [grpc-default-executor-2] INFO  impl.RoleInfo (RoleInfo.java:updateAndGet(143)) - 54aabb14-4a7d-4ab3-adbe-2e67760b87f4: start FollowerState
2019-10-18 11:26:02,036 [grpc-default-executor-3] INFO  impl.RoleInfo (RoleInfo.java:shutdownFollowerState(121)) - c652e2ee-3322-4406-8db6-1ea643cb3197: shutdown FollowerState
2019-10-18 11:26:02,036 [grpc-default-executor-3] INFO  impl.RoleInfo (RoleInfo.java:updateAndGet(143)) - c652e2ee-3322-4406-8db6-1ea643cb3197: start FollowerState
2019-10-18 11:26:02,036 [Thread-4751] INFO  impl.FollowerState (FollowerState.java:run(117)) - c652e2ee-3322-4406-8db6-1ea643cb3197@group-7E32184879DE-FollowerState was interrupted: java.lang.InterruptedException: sleep interrupted
2019-10-18 11:26:02,060 [f535bb4a-cba0-4f9b-9e3e-e4a48b3eda51@group-7E32184879DE-LeaderElection674] INFO  impl.LeaderElection (LeaderElection.java:logAndReturn(56)) - f535bb4a-cba0-4f9b-9e3e-e4a48b3eda51@group-7E32184879DE-LeaderElection674: Election REJECTED; received 2 response(s) [f535bb4a-cba0-4f9b-9e3e-e4a48b3eda51<-54aabb14-4a7d-4ab3-adbe-2e67760b87f4#0:FAIL-t789, f535bb4a-cba0-4f9b-9e3e-e4a48b3eda51<-c652e2ee-3322-4406-8db6-1ea643cb3197#0:FAIL-t789] and 0 exception(s); f535bb4a-cba0-4f9b-9e3e-e4a48b3eda51@group-7E32184879DE:t789, leader=null, voted=f535bb4a-cba0-4f9b-9e3e-e4a48b3eda51, raftlog=f535bb4a-cba0-4f9b-9e3e-e4a48b3eda51@group-7E32184879DE-SegmentedRaftLog:OPENED:c-1,f-1,i0, conf=-1: [f535bb4a-cba0-4f9b-9e3e-e4a48b3eda51:0.0.0.0:44706, 54aabb14-4a7d-4ab3-adbe-2e67760b87f4:0.0.0.0:43074, c652e2ee-3322-4406-8db6-1ea643cb3197:0.0.0.0:42129], old=null
2019-10-18 11:26:02,060 [f535bb4a-cba0-4f9b-9e3e-e4a48b3eda51@group-7E32184879DE-LeaderElection674] INFO  impl.RaftServerImpl (RaftServerImpl.java:setRole(184)) - f535bb4a-cba0-4f9b-9e3e-e4a48b3eda51@group-7E32184879DE: changes role from CANDIDATE to FOLLOWER at term 789 for DISCOVERED_A_NEW_TERM
2019-10-18 11:26:02,060 [f535bb4a-cba0-4f9b-9e3e-e4a48b3eda51@group-7E32184879DE-LeaderElection674] INFO  impl.RoleInfo (RoleInfo.java:shutdownLeaderElection(134)) - f535bb4a-cba0-4f9b-9e3e-e4a48b3eda51: shutdown LeaderElection
2019-10-18 11:26:02,060 [f535bb4a-cba0-4f9b-9e3e-e4a48b3eda51@group-7E32184879DE-LeaderElection674] INFO  impl.RoleInfo (RoleInfo.java:updateAndGet(143)) - f535bb4a-cba0-4f9b-9e3e-e4a48b3eda51: start FollowerState
2019-10-18 11:26:02,108 [Thread-4757] INFO  impl.FollowerState (FollowerState.java:run(108)) - f535bb4a-cba0-4f9b-9e3e-e4a48b3eda51@group-7E32184879DE-FollowerState: change to CANDIDATE, lastRpcTime:48ms, electionTimeout:48ms
2019-10-18 11:26:02,109 [Thread-4757] INFO  impl.RoleInfo (RoleInfo.java:shutdownFollowerState(121)) - f535bb4a-cba0-4f9b-9e3e-e4a48b3eda51: shutdown FollowerState
2019-10-18 11:26:02,109 [Thread-4757] INFO  impl.RaftServerImpl (RaftServerImpl.java:setRole(184)) - f535bb4a-cba0-4f9b-9e3e-e4a48b3eda51@group-7E32184879DE: changes role from  FOLLOWER to CANDIDATE at term 789 for changeToCandidate
2019-10-18 11:26:02,109 [Thread-4757] INFO  impl.RoleInfo (RoleInfo.java:updateAndGet(143)) - f535bb4a-cba0-4f9b-9e3e-e4a48b3eda51: start LeaderElection
2019-10-18 11:26:02,135 [f535bb4a-cba0-4f9b-9e3e-e4a48b3eda51@group-7E32184879DE-LeaderElection675] INFO  impl.LeaderElection (LeaderElection.java:askForVotes(178)) - f535bb4a-cba0-4f9b-9e3e-e4a48b3eda51@group-7E32184879DE-LeaderElection675: begin an election at term 790 for -1: [f535bb4a-cba0-4f9b-9e3e-e4a48b3eda51:0.0.0.0:44706, 54aabb14-4a7d-4ab3-adbe-2e67760b87f4:0.0.0.0:43074, c652e2ee-3322-4406-8db6-1ea643cb3197:0.0.0.0:42129], old=null
2019-10-18 11:26:02,136 [grpc-default-executor-3] INFO  impl.RaftServerImpl (RaftServerImpl.java:setRole(184)) - c652e2ee-3322-4406-8db6-1ea643cb3197@group-7E32184879DE: changes role from  FOLLOWER to FOLLOWER at term 790 for recognizeCandidate:f535bb4a-cba0-4f9b-9e3e-e4a48b3eda51
2019-10-18 11:26:02,136 [grpc-default-executor-3] INFO  impl.RoleInfo (RoleInfo.java:shutdownFollowerState(121)) - c652e2ee-3322-4406-8db6-1ea643cb3197: shutdown FollowerState
2019-10-18 11:26:02,136 [grpc-default-executor-2] INFO  impl.RaftServerImpl (RaftServerImpl.java:setRole(184)) - 54aabb14-4a7d-4ab3-adbe-2e67760b87f4@group-7E32184879DE: changes role from  FOLLOWER to FOLLOWER at term 790 for recognizeCandidate:f535bb4a-cba0-4f9b-9e3e-e4a48b3eda51
2019-10-18 11:26:02,137 [Thread-4756] INFO  impl.FollowerState (FollowerState.java:run(117)) - c652e2ee-3322-4406-8db6-1ea643cb3197@group-7E32184879DE-FollowerState was interrupted: java.lang.InterruptedException: sleep interrupted
2019-10-18 11:26:02,136 [grpc-default-executor-3] INFO  impl.RoleInfo (RoleInfo.java:updateAndGet(143)) - c652e2ee-3322-4406-8db6-1ea643cb3197: start FollowerState
2019-10-18 11:26:02,137 [grpc-default-executor-2] INFO  impl.RoleInfo (RoleInfo.java:shutdownFollowerState(121)) - 54aabb14-4a7d-4ab3-adbe-2e67760b87f4: shutdown FollowerState
2019-10-18 11:26:02,137 [grpc-default-executor-2] INFO  impl.RoleInfo (RoleInfo.java:updateAndGet(143)) - 54aabb14-4a7d-4ab3-adbe-2e67760b87f4: start FollowerState
2019-10-18 11:26:02,137 [Thread-4755] INFO  impl.FollowerState (FollowerState.java:run(117)) - 54aabb14-4a7d-4ab3-adbe-2e67760b87f4@group-7E32184879DE-FollowerState was interrupted: java.lang.InterruptedException: sleep interrupted
2019-10-18 11:26:02,161 [f535bb4a-cba0-4f9b-9e3e-e4a48b3eda51@group-7E32184879DE-LeaderElection675] INFO  impl.LeaderElection (LeaderElection.java:logAndReturn(56)) - f535bb4a-cba0-4f9b-9e3e-e4a48b3eda51@group-7E32184879DE-LeaderElection675: Election REJECTED; received 2 response(s) [f535bb4a-cba0-4f9b-9e3e-e4a48b3eda51<-54aabb14-4a7d-4ab3-adbe-2e67760b87f4#0:FAIL-t790, f535bb4a-cba0-4f9b-9e3e-e4a48b3eda51<-c652e2ee-3322-4406-8db6-1ea643cb3197#0:FAIL-t790] and 0 exception(s); f535bb4a-cba0-4f9b-9e3e-e4a48b3eda51@group-7E32184879DE:t790, leader=null, voted=f535bb4a-cba0-4f9b-9e3e-e4a48b3eda51, raftlog=f535bb4a-cba0-4f9b-9e3e-e4a48b3eda51@group-7E32184879DE-SegmentedRaftLog:OPENED:c-1,f-1,i0, conf=-1: [f535bb4a-cba0-4f9b-9e3e-e4a48b3eda51:0.0.0.0:44706, 54aabb14-4a7d-4ab3-adbe-2e67760b87f4:0.0.0.0:43074, c652e2ee-3322-4406-8db6-1ea643cb3197:0.0.0.0:42129], old=null
2019-10-18 11:26:02,161 [f535bb4a-cba0-4f9b-9e3e-e4a48b3eda51@group-7E32184879DE-LeaderElection675] INFO  impl.RaftServerImpl (RaftServerImpl.java:setRole(184)) - f535bb4a-cba0-4f9b-9e3e-e4a48b3eda51@group-7E32184879DE: changes role from CANDIDATE to FOLLOWER at term 790 for DISCOVERED_A_NEW_TERM
2019-10-18 11:26:02,161 [f535bb4a-cba0-4f9b-9e3e-e4a48b3eda51@group-7E32184879DE-LeaderElection675] INFO  impl.RoleInfo (RoleInfo.java:shutdownLeaderElection(134)) - f535bb4a-cba0-4f9b-9e3e-e4a48b3eda51: shutdown LeaderElection
2019-10-18 11:26:02,161 [f535bb4a-cba0-4f9b-9e3e-e4a48b3eda51@group-7E32184879DE-LeaderElection675] INFO  impl.RoleInfo (RoleInfo.java:updateAndGet(143)) - f535bb4a-cba0-4f9b-9e3e-e4a48b3eda51: start FollowerState
2019-10-18 11:26:02,230 [Thread-4763] INFO  impl.FollowerState (FollowerState.java:run(108)) - f535bb4a-cba0-4f9b-9e3e-e4a48b3eda51@group-7E32184879DE-FollowerState: change to CANDIDATE, lastRpcTime:69ms, electionTimeout:69ms
2019-10-18 11:26:02,231 [Thread-4763] INFO  impl.RoleInfo (RoleInfo.java:shutdownFollowerState(121)) - f535bb4a-cba0-4f9b-9e3e-e4a48b3eda51: shutdown FollowerState
2019-10-18 11:26:02,231 [Thread-4763] INFO  impl.RaftServerImpl (RaftServerImpl.java:setRole(184)) - f535bb4a-cba0-4f9b-9e3e-e4a48b3eda51@group-7E32184879DE: changes role from  FOLLOWER to CANDIDATE at term 790 for changeToCandidate
2019-10-18 11:26:02,231 [Thread-4763] INFO  impl.RoleInfo (RoleInfo.java:updateAndGet(143)) - f535bb4a-cba0-4f9b-9e3e-e4a48b3eda51: start LeaderElection
2019-10-18 11:26:02,260 [f535bb4a-cba0-4f9b-9e3e-e4a48b3eda51@group-7E32184879DE-LeaderElection676] INFO  impl.LeaderElection (LeaderElection.java:askForVotes(178)) - f535bb4a-cba0-4f9b-9e3e-e4a48b3eda51@group-7E32184879DE-LeaderElection676: begin an election at term 791 for -1: [f535bb4a-cba0-4f9b-9e3e-e4a48b3eda51:0.0.0.0:44706, 54aabb14-4a7d-4ab3-adbe-2e67760b87f4:0.0.0.0:43074, c652e2ee-3322-4406-8db6-1ea643cb3197:0.0.0.0:42129], old=null
2019-10-18 11:26:02,262 [grpc-default-executor-2] INFO  impl.RaftServerImpl (RaftServerImpl.java:setRole(184)) - 54aabb14-4a7d-4ab3-adbe-2e67760b87f4@group-7E32184879DE: changes role from  FOLLOWER to FOLLOWER at term 791 for recognizeCandidate:f535bb4a-cba0-4f9b-9e3e-e4a48b3eda51
2019-10-18 11:26:02,262 [grpc-default-executor-3] INFO  impl.RaftServerImpl (RaftServerImpl.java:setRole(184)) - c652e2ee-3322-4406-8db6-1ea643cb3197@group-7E32184879DE: changes role from  FOLLOWER to FOLLOWER at term 791 for recognizeCandidate:f535bb4a-cba0-4f9b-9e3e-e4a48b3eda51
2019-10-18 11:26:02,262 [grpc-default-executor-3] INFO  impl.RoleInfo (RoleInfo.java:shutdownFollowerState(121)) - c652e2ee-3322-4406-8db6-1ea643cb3197: shutdown FollowerState
2019-10-18 11:26:02,262 [grpc-default-executor-2] INFO  impl.RoleInfo (RoleInfo.java:shutdownFollowerState(121)) - 54aabb14-4a7d-4ab3-adbe-2e67760b87f4: shutdown FollowerState
2019-10-18 11:26:02,262 [Thread-4761] INFO  impl.FollowerState (FollowerState.java:run(117)) - c652e2ee-3322-4406-8db6-1ea643cb3197@group-7E32184879DE-FollowerState was interrupted: java.lang.InterruptedException: sleep interrupted
2019-10-18 11:26:02,262 [grpc-default-executor-3] INFO  impl.RoleInfo (RoleInfo.java:updateAndGet(143)) - c652e2ee-3322-4406-8db6-1ea643cb3197: start FollowerState
2019-10-18 11:26:02,262 [Thread-4762] INFO  impl.FollowerState (FollowerState.java:run(117)) - 54aabb14-4a7d-4ab3-adbe-2e67760b87f4@group-7E32184879DE-FollowerState was interrupted: java.lang.InterruptedException: sleep interrupted
2019-10-18 11:26:02,262 [grpc-default-executor-2] INFO  impl.RoleInfo (RoleInfo.java:updateAndGet(143)) - 54aabb14-4a7d-4ab3-adbe-2e67760b87f4: start FollowerState
2019-10-18 11:26:02,286 [f535bb4a-cba0-4f9b-9e3e-e4a48b3eda51@group-7E32184879DE-LeaderElection676] INFO  impl.LeaderElection (LeaderElection.java:logAndReturn(56)) - f535bb4a-cba0-4f9b-9e3e-e4a48b3eda51@group-7E32184879DE-LeaderElection676: Election REJECTED; received 2 response(s) [f535bb4a-cba0-4f9b-9e3e-e4a48b3eda51<-54aabb14-4a7d-4ab3-adbe-2e67760b87f4#0:FAIL-t791, f535bb4a-cba0-4f9b-9e3e-e4a48b3eda51<-c652e2ee-3322-4406-8db6-1ea643cb3197#0:FAIL-t791] and 0 exception(s); f535bb4a-cba0-4f9b-9e3e-e4a48b3eda51@group-7E32184879DE:t791, leader=null, voted=f535bb4a-cba0-4f9b-9e3e-e4a48b3eda51, raftlog=f535bb4a-cba0-4f9b-9e3e-e4a48b3eda51@group-7E32184879DE-SegmentedRaftLog:OPENED:c-1,f-1,i0, conf=-1: [f535bb4a-cba0-4f9b-9e3e-e4a48b3eda51:0.0.0.0:44706, 54aabb14-4a7d-4ab3-adbe-2e67760b87f4:0.0.0.0:43074, c652e2ee-3322-4406-8db6-1ea643cb3197:0.0.0.0:42129], old=null
2019-10-18 11:26:02,286 [f535bb4a-cba0-4f9b-9e3e-e4a48b3eda51@group-7E32184879DE-LeaderElection676] INFO  impl.RaftServerImpl (RaftServerImpl.java:setRole(184)) - f535bb4a-cba0-4f9b-9e3e-e4a48b3eda51@group-7E32184879DE: changes role from CANDIDATE to FOLLOWER at term 791 for DISCOVERED_A_NEW_TERM
2019-10-18 11:26:02,287 [f535bb4a-cba0-4f9b-9e3e-e4a48b3eda51@group-7E32184879DE-LeaderElection676] INFO  impl.RoleInfo (RoleInfo.java:shutdownLeaderElection(134)) - f535bb4a-cba0-4f9b-9e3e-e4a48b3eda51: shutdown LeaderElection
2019-10-18 11:26:02,287 [f535bb4a-cba0-4f9b-9e3e-e4a48b3eda51@group-7E32184879DE-LeaderElection676] INFO  impl.RoleInfo (RoleInfo.java:updateAndGet(143)) - f535bb4a-cba0-4f9b-9e3e-e4a48b3eda51: start FollowerState
2019-10-18 11:26:02,481 [Thread-4769] INFO  impl.FollowerState (FollowerState.java:run(108)) - f535bb4a-cba0-4f9b-9e3e-e4a48b3eda51@group-7E32184879DE-FollowerState: change to CANDIDATE, lastRpcTime:194ms, electionTimeout:194ms
2019-10-18 11:26:02,482 [Thread-4769] INFO  impl.RoleInfo (RoleInfo.java:shutdownFollowerState(121)) - f535bb4a-cba0-4f9b-9e3e-e4a48b3eda51: shutdown FollowerState
2019-10-18 11:26:02,482 [Thread-4769] INFO  impl.RaftServerImpl (RaftServerImpl.java:setRole(184)) - f535bb4a-cba0-4f9b-9e3e-e4a48b3eda51@group-7E32184879DE: changes role from  FOLLOWER to CANDIDATE at term 791 for changeToCandidate
2019-10-18 11:26:02,483 [Thread-4769] INFO  impl.RoleInfo (RoleInfo.java:updateAndGet(143)) - f535bb4a-cba0-4f9b-9e3e-e4a48b3eda51: start LeaderElection
2019-10-18 11:26:02,511 [f535bb4a-cba0-4f9b-9e3e-e4a48b3eda51@group-7E32184879DE-LeaderElection677] INFO  impl.LeaderElection (LeaderElection.java:askForVotes(178)) - f535bb4a-cba0-4f9b-9e3e-e4a48b3eda51@group-7E32184879DE-LeaderElection677: begin an election at term 792 for -1: [f535bb4a-cba0-4f9b-9e3e-e4a48b3eda51:0.0.0.0:44706, 54aabb14-4a7d-4ab3-adbe-2e67760b87f4:0.0.0.0:43074, c652e2ee-3322-4406-8db6-1ea643cb3197:0.0.0.0:42129], old=null
2019-10-18 11:26:02,516 [grpc-default-executor-2] INFO  impl.RaftServerImpl (RaftServerImpl.java:setRole(184)) - c652e2ee-3322-4406-8db6-1ea643cb3197@group-7E32184879DE: changes role from  FOLLOWER to FOLLOWER at term 792 for recognizeCandidate:f535bb4a-cba0-4f9b-9e3e-e4a48b3eda51
2019-10-18 11:26:02,516 [grpc-default-executor-3] INFO  impl.RaftServerImpl (RaftServerImpl.java:setRole(184)) - 54aabb14-4a7d-4ab3-adbe-2e67760b87f4@group-7E32184879DE: changes role from  FOLLOWER to FOLLOWER at term 792 for recognizeCandidate:f535bb4a-cba0-4f9b-9e3e-e4a48b3eda51
2019-10-18 11:26:02,516 [grpc-default-executor-2] INFO  impl.RoleInfo (RoleInfo.java:shutdownFollowerState(121)) - c652e2ee-3322-4406-8db6-1ea643cb3197: shutdown FollowerState
2019-10-18 11:26:02,517 [grpc-default-executor-3] INFO  impl.RoleInfo (RoleInfo.java:shutdownFollowerState(121)) - 54aabb14-4a7d-4ab3-adbe-2e67760b87f4: shutdown FollowerState
2019-10-18 11:26:02,517 [grpc-default-executor-2] INFO  impl.RoleInfo (RoleInfo.java:updateAndGet(143)) - c652e2ee-3322-4406-8db6-1ea643cb3197: start FollowerState
2019-10-18 11:26:02,517 [Thread-4768] INFO  impl.FollowerState (FollowerState.java:run(117)) - 54aabb14-4a7d-4ab3-adbe-2e67760b87f4@group-7E32184879DE-FollowerState was interrupted: java.lang.InterruptedException: sleep interrupted
2019-10-18 11:26:02,517 [grpc-default-executor-3] INFO  impl.RoleInfo (RoleInfo.java:updateAndGet(143)) - 54aabb14-4a7d-4ab3-adbe-2e67760b87f4: start FollowerState
2019-10-18 11:26:02,517 [Thread-4767] INFO  impl.FollowerState (FollowerState.java:run(117)) - c652e2ee-3322-4406-8db6-1ea643cb3197@group-7E32184879DE-FollowerState was interrupted: java.lang.InterruptedException: sleep interrupted
2019-10-18 11:26:02,546 [f535bb4a-cba0-4f9b-9e3e-e4a48b3eda51@group-7E32184879DE-LeaderElection677] INFO  impl.LeaderElection (LeaderElection.java:logAndReturn(56)) - f535bb4a-cba0-4f9b-9e3e-e4a48b3eda51@group-7E32184879DE-LeaderElection677: Election REJECTED; received 2 response(s) [f535bb4a-cba0-4f9b-9e3e-e4a48b3eda51<-54aabb14-4a7d-4ab3-adbe-2e67760b87f4#0:FAIL-t792, f535bb4a-cba0-4f9b-9e3e-e4a48b3eda51<-c652e2ee-3322-4406-8db6-1ea643cb3197#0:FAIL-t792] and 0 exception(s); f535bb4a-cba0-4f9b-9e3e-e4a48b3eda51@group-7E32184879DE:t792, leader=null, voted=f535bb4a-cba0-4f9b-9e3e-e4a48b3eda51, raftlog=f535bb4a-cba0-4f9b-9e3e-e4a48b3eda51@group-7E32184879DE-SegmentedRaftLog:OPENED:c-1,f-1,i0, conf=-1: [f535bb4a-cba0-4f9b-9e3e-e4a48b3eda51:0.0.0.0:44706, 54aabb14-4a7d-4ab3-adbe-2e67760b87f4:0.0.0.0:43074, c652e2ee-3322-4406-8db6-1ea643cb3197:0.0.0.0:42129], old=null
2019-10-18 11:26:02,546 [f535bb4a-cba0-4f9b-9e3e-e4a48b3eda51@group-7E32184879DE-LeaderElection677] INFO  impl.RaftServerImpl (RaftServerImpl.java:setRole(184)) - f535bb4a-cba0-4f9b-9e3e-e4a48b3eda51@group-7E32184879DE: changes role from CANDIDATE to FOLLOWER at term 792 for DISCOVERED_A_NEW_TERM
2019-10-18 11:26:02,546 [f535bb4a-cba0-4f9b-9e3e-e4a48b3eda51@group-7E32184879DE-LeaderElection677] INFO  impl.RoleInfo (RoleInfo.java:shutdownLeaderElection(134)) - f535bb4a-cba0-4f9b-9e3e-e4a48b3eda51: shutdown LeaderElection
2019-10-18 11:26:02,546 [f535bb4a-cba0-4f9b-9e3e-e4a48b3eda51@group-7E32184879DE-LeaderElection677] INFO  impl.RoleInfo (RoleInfo.java:updateAndGet(143)) - f535bb4a-cba0-4f9b-9e3e-e4a48b3eda51: start FollowerState
2019-10-18 11:26:02,622 [Thread-4775] INFO  impl.FollowerState (FollowerState.java:run(108)) - f535bb4a-cba0-4f9b-9e3e-e4a48b3eda51@group-7E32184879DE-FollowerState: change to CANDIDATE, lastRpcTime:76ms, electionTimeout:76ms
2019-10-18 11:26:02,622 [Thread-4775] INFO  impl.RoleInfo (RoleInfo.java:shutdownFollowerState(121)) - f535bb4a-cba0-4f9b-9e3e-e4a48b3eda51: shutdown FollowerState
2019-10-18 11:26:02,623 [Thread-4775] INFO  impl.RaftServerImpl (RaftServerImpl.java:setRole(184)) - f535bb4a-cba0-4f9b-9e3e-e4a48b3eda51@group-7E32184879DE: changes role from  FOLLOWER to CANDIDATE at term 792 for changeToCandidate
2019-10-18 11:26:02,623 [Thread-4775] INFO  impl.RoleInfo (RoleInfo.java:updateAndGet(143)) - f535bb4a-cba0-4f9b-9e3e-e4a48b3eda51: start LeaderElection
2019-10-18 11:26:02,645 [f535bb4a-cba0-4f9b-9e3e-e4a48b3eda51@group-7E32184879DE-LeaderElection678] INFO  impl.LeaderElection (LeaderElection.java:askForVotes(178)) - f535bb4a-cba0-4f9b-9e3e-e4a48b3eda51@group-7E32184879DE-LeaderElection678: begin an election at term 793 for -1: [f535bb4a-cba0-4f9b-9e3e-e4a48b3eda51:0.0.0.0:44706, 54aabb14-4a7d-4ab3-adbe-2e67760b87f4:0.0.0.0:43074, c652e2ee-3322-4406-8db6-1ea643cb3197:0.0.0.0:42129], old=null
2019-10-18 11:26:02,646 [grpc-default-executor-2] INFO  impl.RaftServerImpl (RaftServerImpl.java:setRole(184)) - 54aabb14-4a7d-4ab3-adbe-2e67760b87f4@group-7E32184879DE: changes role from  FOLLOWER to FOLLOWER at term 793 for recognizeCandidate:f535bb4a-cba0-4f9b-9e3e-e4a48b3eda51
2019-10-18 11:26:02,646 [grpc-default-executor-2] INFO  impl.RoleInfo (RoleInfo.java:shutdownFollowerState(121)) - 54aabb14-4a7d-4ab3-adbe-2e67760b87f4: shutdown FollowerState
2019-10-18 11:26:02,647 [grpc-default-executor-3] INFO  impl.RaftServerImpl (RaftServerImpl.java:setRole(184)) - c652e2ee-3322-4406-8db6-1ea643cb3197@group-7E32184879DE: changes role from  FOLLOWER to FOLLOWER at term 793 for recognizeCandidate:f535bb4a-cba0-4f9b-9e3e-e4a48b3eda51
2019-10-18 11:26:02,647 [grpc-default-executor-3] INFO  impl.RoleInfo (RoleInfo.java:shutdownFollowerState(121)) - c652e2ee-3322-4406-8db6-1ea643cb3197: shutdown FollowerState
2019-10-18 11:26:02,647 [Thread-4774] INFO  impl.FollowerState (FollowerState.java:run(117)) - 54aabb14-4a7d-4ab3-adbe-2e67760b87f4@group-7E32184879DE-FollowerState was interrupted: java.lang.InterruptedException: sleep interrupted
2019-10-18 11:26:02,647 [grpc-default-executor-2] INFO  impl.RoleInfo (RoleInfo.java:updateAndGet(143)) - 54aabb14-4a7d-4ab3-adbe-2e67760b87f4: start FollowerState
2019-10-18 11:26:02,647 [Thread-4773] INFO  impl.FollowerState (FollowerState.java:run(117)) - c652e2ee-3322-4406-8db6-1ea643cb3197@group-7E32184879DE-FollowerState was interrupted: java.lang.InterruptedException: sleep interrupted
2019-10-18 11:26:02,647 [grpc-default-executor-3] INFO  impl.RoleInfo (RoleInfo.java:updateAndGet(143)) - c652e2ee-3322-4406-8db6-1ea643cb3197: start FollowerState
2019-10-18 11:26:02,672 [f535bb4a-cba0-4f9b-9e3e-e4a48b3eda51@group-7E32184879DE-LeaderElection678] INFO  impl.LeaderElection (LeaderElection.java:logAndReturn(56)) - f535bb4a-cba0-4f9b-9e3e-e4a48b3eda51@group-7E32184879DE-LeaderElection678: Election REJECTED; received 2 response(s) [f535bb4a-cba0-4f9b-9e3e-e4a48b3eda51<-54aabb14-4a7d-4ab3-adbe-2e67760b87f4#0:FAIL-t793, f535bb4a-cba0-4f9b-9e3e-e4a48b3eda51<-c652e2ee-3322-4406-8db6-1ea643cb3197#0:FAIL-t793] and 0 exception(s); f535bb4a-cba0-4f9b-9e3e-e4a48b3eda51@group-7E32184879DE:t793, leader=null, voted=f535bb4a-cba0-4f9b-9e3e-e4a48b3eda51, raftlog=f535bb4a-cba0-4f9b-9e3e-e4a48b3eda51@group-7E32184879DE-SegmentedRaftLog:OPENED:c-1,f-1,i0, conf=-1: [f535bb4a-cba0-4f9b-9e3e-e4a48b3eda51:0.0.0.0:44706, 54aabb14-4a7d-4ab3-adbe-2e67760b87f4:0.0.0.0:43074, c652e2ee-3322-4406-8db6-1ea643cb3197:0.0.0.0:42129], old=null
2019-10-18 11:26:02,672 [f535bb4a-cba0-4f9b-9e3e-e4a48b3eda51@group-7E32184879DE-LeaderElection678] INFO  impl.RaftServerImpl (RaftServerImpl.java:setRole(184)) - f535bb4a-cba0-4f9b-9e3e-e4a48b3eda51@group-7E32184879DE: changes role from CANDIDATE to FOLLOWER at term 793 for DISCOVERED_A_NEW_TERM
2019-10-18 11:26:02,672 [f535bb4a-cba0-4f9b-9e3e-e4a48b3eda51@group-7E32184879DE-LeaderElection678] INFO  impl.RoleInfo (RoleInfo.java:shutdownLeaderElection(134)) - f535bb4a-cba0-4f9b-9e3e-e4a48b3eda51: shutdown LeaderElection
2019-10-18 11:26:02,672 [f535bb4a-cba0-4f9b-9e3e-e4a48b3eda51@group-7E32184879DE-LeaderElection678] INFO  impl.RoleInfo (RoleInfo.java:updateAndGet(143)) - f535bb4a-cba0-4f9b-9e3e-e4a48b3eda51: start FollowerState
2019-10-18 11:26:02,691 [Thread-4781] INFO  impl.FollowerState (FollowerState.java:run(108)) - f535bb4a-cba0-4f9b-9e3e-e4a48b3eda51@group-7E32184879DE-FollowerState: change to CANDIDATE, lastRpcTime:18ms, electionTimeout:18ms
2019-10-18 11:26:02,691 [Thread-4781] INFO  impl.RoleInfo (RoleInfo.java:shutdownFollowerState(121)) - f535bb4a-cba0-4f9b-9e3e-e4a48b3eda51: shutdown FollowerState
2019-10-18 11:26:02,691 [Thread-4781] INFO  impl.RaftServerImpl (RaftServerImpl.java:setRole(184)) - f535bb4a-cba0-4f9b-9e3e-e4a48b3eda51@group-7E32184879DE: changes role from  FOLLOWER to CANDIDATE at term 793 for changeToCandidate
2019-10-18 11:26:02,691 [Thread-4781] INFO  impl.RoleInfo (RoleInfo.java:updateAndGet(143)) - f535bb4a-cba0-4f9b-9e3e-e4a48b3eda51: start LeaderElection
2019-10-18 11:26:02,755 [f535bb4a-cba0-4f9b-9e3e-e4a48b3eda51@group-7E32184879DE-LeaderElection679] INFO  impl.LeaderElection (LeaderElection.java:askForVotes(178)) - f535bb4a-cba0-4f9b-9e3e-e4a48b3eda51@group-7E32184879DE-LeaderElection679: begin an election at term 794 for -1: [f535bb4a-cba0-4f9b-9e3e-e4a48b3eda51:0.0.0.0:44706, 54aabb14-4a7d-4ab3-adbe-2e67760b87f4:0.0.0.0:43074, c652e2ee-3322-4406-8db6-1ea643cb3197:0.0.0.0:42129], old=null
2019-10-18 11:26:02,757 [grpc-default-executor-3] INFO  impl.RaftServerImpl (RaftServerImpl.java:setRole(184)) - 54aabb14-4a7d-4ab3-adbe-2e67760b87f4@group-7E32184879DE: changes role from  FOLLOWER to FOLLOWER at term 794 for recognizeCandidate:f535bb4a-cba0-4f9b-9e3e-e4a48b3eda51
2019-10-18 11:26:02,757 [grpc-default-executor-3] INFO  impl.RoleInfo (RoleInfo.java:shutdownFollowerState(121)) - 54aabb14-4a7d-4ab3-adbe-2e67760b87f4: shutdown FollowerState
2019-10-18 11:26:02,757 [grpc-default-executor-2] INFO  impl.RaftServerImpl (RaftServerImpl.java:setRole(184)) - c652e2ee-3322-4406-8db6-1ea643cb3197@group-7E32184879DE: changes role from  FOLLOWER to FOLLOWER at term 794 for recognizeCandidate:f535bb4a-cba0-4f9b-9e3e-e4a48b3eda51
2019-10-18 11:26:02,757 [grpc-default-executor-2] INFO  impl.RoleInfo (RoleInfo.java:shutdownFollowerState(121)) - c652e2ee-3322-4406-8db6-1ea643cb3197: shutdown FollowerState
2019-10-18 11:26:02,757 [Thread-4779] INFO  impl.FollowerState (FollowerState.java:run(117)) - 54aabb14-4a7d-4ab3-adbe-2e67760b87f4@group-7E32184879DE-FollowerState was interrupted: java.lang.InterruptedException: sleep interrupted
2019-10-18 11:26:02,758 [Thread-4780] INFO  impl.FollowerState (FollowerState.java:run(117)) - c652e2ee-3322-4406-8db6-1ea643cb3197@group-7E32184879DE-FollowerState was interrupted: java.lang.InterruptedException: sleep interrupted
2019-10-18 11:26:02,757 [grpc-default-executor-3] INFO  impl.RoleInfo (RoleInfo.java:updateAndGet(143)) - 54aabb14-4a7d-4ab3-adbe-2e67760b87f4: start FollowerState
2019-10-18 11:26:02,758 [grpc-default-executor-2] INFO  impl.RoleInfo (RoleInfo.java:updateAndGet(143)) - c652e2ee-3322-4406-8db6-1ea643cb3197: start FollowerState
2019-10-18 11:26:02,781 [f535bb4a-cba0-4f9b-9e3e-e4a48b3eda51@group-7E32184879DE-LeaderElection679] INFO  impl.LeaderElection (LeaderElection.java:logAndReturn(56)) - f535bb4a-cba0-4f9b-9e3e-e4a48b3eda51@group-7E32184879DE-LeaderElection679: Election REJECTED; received 2 response(s) [f535bb4a-cba0-4f9b-9e3e-e4a48b3eda51<-54aabb14-4a7d-4ab3-adbe-2e67760b87f4#0:FAIL-t794, f535bb4a-cba0-4f9b-9e3e-e4a48b3eda51<-c652e2ee-3322-4406-8db6-1ea643cb3197#0:FAIL-t794] and 0 exception(s); f535bb4a-cba0-4f9b-9e3e-e4a48b3eda51@group-7E32184879DE:t794, leader=null, voted=f535bb4a-cba0-4f9b-9e3e-e4a48b3eda51, raftlog=f535bb4a-cba0-4f9b-9e3e-e4a48b3eda51@group-7E32184879DE-SegmentedRaftLog:OPENED:c-1,f-1,i0, conf=-1: [f535bb4a-cba0-4f9b-9e3e-e4a48b3eda51:0.0.0.0:44706, 54aabb14-4a7d-4ab3-adbe-2e67760b87f4:0.0.0.0:43074, c652e2ee-3322-4406-8db6-1ea643cb3197:0.0.0.0:42129], old=null
2019-10-18 11:26:02,781 [f535bb4a-cba0-4f9b-9e3e-e4a48b3eda51@group-7E32184879DE-LeaderElection679] INFO  impl.RaftServerImpl (RaftServerImpl.java:setRole(184)) - f535bb4a-cba0-4f9b-9e3e-e4a48b3eda51@group-7E32184879DE: changes role from CANDIDATE to FOLLOWER at term 794 for DISCOVERED_A_NEW_TERM
2019-10-18 11:26:02,782 [f535bb4a-cba0-4f9b-9e3e-e4a48b3eda51@group-7E32184879DE-LeaderElection679] INFO  impl.RoleInfo (RoleInfo.java:shutdownLeaderElection(134)) - f535bb4a-cba0-4f9b-9e3e-e4a48b3eda51: shutdown LeaderElection
2019-10-18 11:26:02,782 [f535bb4a-cba0-4f9b-9e3e-e4a48b3eda51@group-7E32184879DE-LeaderElection679] INFO  impl.RoleInfo (RoleInfo.java:updateAndGet(143)) - f535bb4a-cba0-4f9b-9e3e-e4a48b3eda51: start FollowerState
2019-10-18 11:26:02,841 [Thread-4787] INFO  impl.FollowerState (FollowerState.java:run(108)) - f535bb4a-cba0-4f9b-9e3e-e4a48b3eda51@group-7E32184879DE-FollowerState: change to CANDIDATE, lastRpcTime:59ms, electionTimeout:59ms
2019-10-18 11:26:02,841 [Thread-4787] INFO  impl.RoleInfo (RoleInfo.java:shutdownFollowerState(121)) - f535bb4a-cba0-4f9b-9e3e-e4a48b3eda51: shutdown FollowerState
2019-10-18 11:26:02,841 [Thread-4787] INFO  impl.RaftServerImpl (RaftServerImpl.java:setRole(184)) - f535bb4a-cba0-4f9b-9e3e-e4a48b3eda51@group-7E32184879DE: changes role from  FOLLOWER to CANDIDATE at term 794 for changeToCandidate
2019-10-18 11:26:02,841 [Thread-4787] INFO  impl.RoleInfo (RoleInfo.java:updateAndGet(143)) - f535bb4a-cba0-4f9b-9e3e-e4a48b3eda51: start LeaderElection
2019-10-18 11:26:02,881 [f535bb4a-cba0-4f9b-9e3e-e4a48b3eda51@group-7E32184879DE-LeaderElection680] INFO  impl.LeaderElection (LeaderElection.java:askForVotes(178)) - f535bb4a-cba0-4f9b-9e3e-e4a48b3eda51@group-7E32184879DE-LeaderElection680: begin an election at term 795 for -1: [f535bb4a-cba0-4f9b-9e3e-e4a48b3eda51:0.0.0.0:44706, 54aabb14-4a7d-4ab3-adbe-2e67760b87f4:0.0.0.0:43074, c652e2ee-3322-4406-8db6-1ea643cb3197:0.0.0.0:42129], old=null
2019-10-18 11:26:02,882 [grpc-default-executor-3] INFO  impl.RaftServerImpl (RaftServerImpl.java:setRole(184)) - 54aabb14-4a7d-4ab3-adbe-2e67760b87f4@group-7E32184879DE: changes role from  FOLLOWER to FOLLOWER at term 795 for recognizeCandidate:f535bb4a-cba0-4f9b-9e3e-e4a48b3eda51
2019-10-18 11:26:02,883 [grpc-default-executor-3] INFO  impl.RoleInfo (RoleInfo.java:shutdownFollowerState(121)) - 54aabb14-4a7d-4ab3-adbe-2e67760b87f4: shutdown FollowerState
2019-10-18 11:26:02,883 [grpc-default-executor-3] INFO  impl.RoleInfo (RoleInfo.java:updateAndGet(143)) - 54aabb14-4a7d-4ab3-adbe-2e67760b87f4: start FollowerState
2019-10-18 11:26:02,883 [grpc-default-executor-2] INFO  impl.RaftServerImpl (RaftServerImpl.java:setRole(184)) - c652e2ee-3322-4406-8db6-1ea643cb3197@group-7E32184879DE: changes role from  FOLLOWER to FOLLOWER at term 795 for recognizeCandidate:f535bb4a-cba0-4f9b-9e3e-e4a48b3eda51
2019-10-18 11:26:02,883 [grpc-default-executor-2] INFO  impl.RoleInfo (RoleInfo.java:shutdownFollowerState(121)) - c652e2ee-3322-4406-8db6-1ea643cb3197: shutdown FollowerState
2019-10-18 11:26:02,883 [Thread-4785] INFO  impl.FollowerState (FollowerState.java:run(117)) - 54aabb14-4a7d-4ab3-adbe-2e67760b87f4@group-7E32184879DE-FollowerState was interrupted: java.lang.InterruptedException: sleep interrupted
2019-10-18 11:26:02,883 [Thread-4786] INFO  impl.FollowerState (FollowerState.java:run(117)) - c652e2ee-3322-4406-8db6-1ea643cb3197@group-7E32184879DE-FollowerState was interrupted: java.lang.InterruptedException: sleep interrupted
2019-10-18 11:26:02,883 [grpc-default-executor-2] INFO  impl.RoleInfo (RoleInfo.java:updateAndGet(143)) - c652e2ee-3322-4406-8db6-1ea643cb3197: start FollowerState
2019-10-18 11:26:02,907 [f535bb4a-cba0-4f9b-9e3e-e4a48b3eda51@group-7E32184879DE-LeaderElection680] INFO  impl.LeaderElection (LeaderElection.java:logAndReturn(56)) - f535bb4a-cba0-4f9b-9e3e-e4a48b3eda51@group-7E32184879DE-LeaderElection680: Election REJECTED; received 2 response(s) [f535bb4a-cba0-4f9b-9e3e-e4a48b3eda51<-54aabb14-4a7d-4ab3-adbe-2e67760b87f4#0:FAIL-t795, f535bb4a-cba0-4f9b-9e3e-e4a48b3eda51<-c652e2ee-3322-4406-8db6-1ea643cb3197#0:FAIL-t795] and 0 exception(s); f535bb4a-cba0-4f9b-9e3e-e4a48b3eda51@group-7E32184879DE:t795, leader=null, voted=f535bb4a-cba0-4f9b-9e3e-e4a48b3eda51, raftlog=f535bb4a-cba0-4f9b-9e3e-e4a48b3eda51@group-7E32184879DE-SegmentedRaftLog:OPENED:c-1,f-1,i0, conf=-1: [f535bb4a-cba0-4f9b-9e3e-e4a48b3eda51:0.0.0.0:44706, 54aabb14-4a7d-4ab3-adbe-2e67760b87f4:0.0.0.0:43074, c652e2ee-3322-4406-8db6-1ea643cb3197:0.0.0.0:42129], old=null
2019-10-18 11:26:02,907 [f535bb4a-cba0-4f9b-9e3e-e4a48b3eda51@group-7E32184879DE-LeaderElection680] INFO  impl.RaftServerImpl (RaftServerImpl.java:setRole(184)) - f535bb4a-cba0-4f9b-9e3e-e4a48b3eda51@group-7E32184879DE: changes role from CANDIDATE to FOLLOWER at term 795 for DISCOVERED_A_NEW_TERM
2019-10-18 11:26:02,908 [f535bb4a-cba0-4f9b-9e3e-e4a48b3eda51@group-7E32184879DE-LeaderElection680] INFO  impl.RoleInfo (RoleInfo.java:shutdownLeaderElection(134)) - f535bb4a-cba0-4f9b-9e3e-e4a48b3eda51: shutdown LeaderElection
2019-10-18 11:26:02,908 [f535bb4a-cba0-4f9b-9e3e-e4a48b3eda51@group-7E32184879DE-LeaderElection680] INFO  impl.RoleInfo (RoleInfo.java:updateAndGet(143)) - f535bb4a-cba0-4f9b-9e3e-e4a48b3eda51: start FollowerState
2019-10-18 11:26:03,101 [Thread-4795] INFO  impl.FollowerState (FollowerState.java:run(108)) - f535bb4a-cba0-4f9b-9e3e-e4a48b3eda51@group-7E32184879DE-FollowerState: change to CANDIDATE, lastRpcTime:193ms, electionTimeout:193ms
2019-10-18 11:26:03,102 [Thread-4795] INFO  impl.RoleInfo (RoleInfo.java:shutdownFollowerState(121)) - f535bb4a-cba0-4f9b-9e3e-e4a48b3eda51: shutdown FollowerState
2019-10-18 11:26:03,102 [Thread-4795] INFO  impl.RaftServerImpl (RaftServerImpl.java:setRole(184)) - f535bb4a-cba0-4f9b-9e3e-e4a48b3eda51@group-7E32184879DE: changes role from  FOLLOWER to CANDIDATE at term 795 for changeToCandidate
2019-10-18 11:26:03,102 [Thread-4795] INFO  impl.RoleInfo (RoleInfo.java:updateAndGet(143)) - f535bb4a-cba0-4f9b-9e3e-e4a48b3eda51: start LeaderElection
2019-10-18 11:26:03,132 [f535bb4a-cba0-4f9b-9e3e-e4a48b3eda51@group-7E32184879DE-LeaderElection681] INFO  impl.LeaderElection (LeaderElection.java:askForVotes(178)) - f535bb4a-cba0-4f9b-9e3e-e4a48b3eda51@group-7E32184879DE-LeaderElection681: begin an election at term 796 for -1: [f535bb4a-cba0-4f9b-9e3e-e4a48b3eda51:0.0.0.0:44706, 54aabb14-4a7d-4ab3-adbe-2e67760b87f4:0.0.0.0:43074, c652e2ee-3322-4406-8db6-1ea643cb3197:0.0.0.0:42129], old=null
2019-10-18 11:26:03,133 [grpc-default-executor-3] INFO  impl.RaftServerImpl (RaftServerImpl.java:setRole(184)) - 54aabb14-4a7d-4ab3-adbe-2e67760b87f4@group-7E32184879DE: changes role from  FOLLOWER to FOLLOWER at term 796 for recognizeCandidate:f535bb4a-cba0-4f9b-9e3e-e4a48b3eda51
2019-10-18 11:26:03,134 [grpc-default-executor-3] INFO  impl.RoleInfo (RoleInfo.java:shutdownFollowerState(121)) - 54aabb14-4a7d-4ab3-adbe-2e67760b87f4: shutdown FollowerState
2019-10-18 11:26:03,134 [grpc-default-executor-2] INFO  impl.RaftServerImpl (RaftServerImpl.java:setRole(184)) - c652e2ee-3322-4406-8db6-1ea643cb3197@group-7E32184879DE: changes role from  FOLLOWER to FOLLOWER at term 796 for recognizeCandidate:f535bb4a-cba0-4f9b-9e3e-e4a48b3eda51
2019-10-18 11:26:03,134 [Thread-4793] INFO  impl.FollowerState (FollowerState.java:run(117)) - 54aabb14-4a7d-4ab3-adbe-2e67760b87f4@group-7E32184879DE-FollowerState was interrupted: java.lang.InterruptedException: sleep interrupted
2019-10-18 11:26:03,134 [grpc-default-executor-3] INFO  impl.RoleInfo (RoleInfo.java:updateAndGet(143)) - 54aabb14-4a7d-4ab3-adbe-2e67760b87f4: start FollowerState
2019-10-18 11:26:03,134 [grpc-default-executor-2] INFO  impl.RoleInfo (RoleInfo.java:shutdownFollowerState(121)) - c652e2ee-3322-4406-8db6-1ea643cb3197: shutdown FollowerState
2019-10-18 11:26:03,134 [grpc-default-executor-2] INFO  impl.RoleInfo (RoleInfo.java:updateAndGet(143)) - c652e2ee-3322-4406-8db6-1ea643cb3197: start FollowerState
2019-10-18 11:26:03,134 [Thread-4794] INFO  impl.FollowerState (FollowerState.java:run(117)) - c652e2ee-3322-4406-8db6-1ea643cb3197@group-7E32184879DE-FollowerState was interrupted: java.lang.InterruptedException: sleep interrupted
2019-10-18 11:26:03,158 [f535bb4a-cba0-4f9b-9e3e-e4a48b3eda51@group-7E32184879DE-LeaderElection681] INFO  impl.LeaderElection (LeaderElection.java:logAndReturn(56)) - f535bb4a-cba0-4f9b-9e3e-e4a48b3eda51@group-7E32184879DE-LeaderElection681: Election REJECTED; received 2 response(s) [f535bb4a-cba0-4f9b-9e3e-e4a48b3eda51<-54aabb14-4a7d-4ab3-adbe-2e67760b87f4#0:FAIL-t796, f535bb4a-cba0-4f9b-9e3e-e4a48b3eda51<-c652e2ee-3322-4406-8db6-1ea643cb3197#0:FAIL-t796] and 0 exception(s); f535bb4a-cba0-4f9b-9e3e-e4a48b3eda51@group-7E32184879DE:t796, leader=null, voted=f535bb4a-cba0-4f9b-9e3e-e4a48b3eda51, raftlog=f535bb4a-cba0-4f9b-9e3e-e4a48b3eda51@group-7E32184879DE-SegmentedRaftLog:OPENED:c-1,f-1,i0, conf=-1: [f535bb4a-cba0-4f9b-9e3e-e4a48b3eda51:0.0.0.0:44706, 54aabb14-4a7d-4ab3-adbe-2e67760b87f4:0.0.0.0:43074, c652e2ee-3322-4406-8db6-1ea643cb3197:0.0.0.0:42129], old=null
2019-10-18 11:26:03,158 [f535bb4a-cba0-4f9b-9e3e-e4a48b3eda51@group-7E32184879DE-LeaderElection681] INFO  impl.RaftServerImpl (RaftServerImpl.java:setRole(184)) - f535bb4a-cba0-4f9b-9e3e-e4a48b3eda51@group-7E32184879DE: changes role from CANDIDATE to FOLLOWER at term 796 for DISCOVERED_A_NEW_TERM
2019-10-18 11:26:03,158 [f535bb4a-cba0-4f9b-9e3e-e4a48b3eda51@group-7E32184879DE-LeaderElection681] INFO  impl.RoleInfo (RoleInfo.java:shutdownLeaderElection(134)) - f535bb4a-cba0-4f9b-9e3e-e4a48b3eda51: shutdown LeaderElection
2019-10-18 11:26:03,158 [f535bb4a-cba0-4f9b-9e3e-e4a48b3eda51@group-7E32184879DE-LeaderElection681] INFO  impl.RoleInfo (RoleInfo.java:updateAndGet(143)) - f535bb4a-cba0-4f9b-9e3e-e4a48b3eda51: start FollowerState
2019-10-18 11:26:03,223 [Thread-4801] INFO  impl.FollowerState (FollowerState.java:run(108)) - f535bb4a-cba0-4f9b-9e3e-e4a48b3eda51@group-7E32184879DE-FollowerState: change to CANDIDATE, lastRpcTime:65ms, electionTimeout:65ms
2019-10-18 11:26:03,224 [Thread-4801] INFO  impl.RoleInfo (RoleInfo.java:shutdownFollowerState(121)) - f535bb4a-cba0-4f9b-9e3e-e4a48b3eda51: shutdown FollowerState
2019-10-18 11:26:03,224 [Thread-4801] INFO  impl.RaftServerImpl (RaftServerImpl.java:setRole(184)) - f535bb4a-cba0-4f9b-9e3e-e4a48b3eda51@group-7E32184879DE: changes role from  FOLLOWER to CANDIDATE at term 796 for changeToCandidate
2019-10-18 11:26:03,224 [Thread-4801] INFO  impl.RoleInfo (RoleInfo.java:updateAndGet(143)) - f535bb4a-cba0-4f9b-9e3e-e4a48b3eda51: start LeaderElection
2019-10-18 11:26:03,249 [f535bb4a-cba0-4f9b-9e3e-e4a48b3eda51@group-7E32184879DE-LeaderElection682] INFO  impl.LeaderElection (LeaderElection.java:askForVotes(178)) - f535bb4a-cba0-4f9b-9e3e-e4a48b3eda51@group-7E32184879DE-LeaderElection682: begin an election at term 797 for -1: [f535bb4a-cba0-4f9b-9e3e-e4a48b3eda51:0.0.0.0:44706, 54aabb14-4a7d-4ab3-adbe-2e67760b87f4:0.0.0.0:43074, c652e2ee-3322-4406-8db6-1ea643cb3197:0.0.0.0:42129], old=null
2019-10-18 11:26:03,250 [grpc-default-executor-2] INFO  impl.RaftServerImpl (RaftServerImpl.java:setRole(184)) - 54aabb14-4a7d-4ab3-adbe-2e67760b87f4@group-7E32184879DE: changes role from  FOLLOWER to FOLLOWER at term 797 for recognizeCandidate:f535bb4a-cba0-4f9b-9e3e-e4a48b3eda51
2019-10-18 11:26:03,250 [grpc-default-executor-2] INFO  impl.RoleInfo (RoleInfo.java:shutdownFollowerState(121)) - 54aabb14-4a7d-4ab3-adbe-2e67760b87f4: shutdown FollowerState
2019-10-18 11:26:03,251 [grpc-default-executor-2] INFO  impl.RoleInfo (RoleInfo.java:updateAndGet(143)) - 54aabb14-4a7d-4ab3-adbe-2e67760b87f4: start FollowerState
2019-10-18 11:26:03,251 [Thread-4799] INFO  impl.FollowerState (FollowerState.java:run(117)) - 54aabb14-4a7d-4ab3-adbe-2e67760b87f4@group-7E32184879DE-FollowerState was interrupted: java.lang.InterruptedException: sleep interrupted
2019-10-18 11:26:03,251 [grpc-default-executor-3] INFO  impl.RaftServerImpl (RaftServerImpl.java:setRole(184)) - c652e2ee-3322-4406-8db6-1ea643cb3197@group-7E32184879DE: changes role from  FOLLOWER to FOLLOWER at term 797 for recognizeCandidate:f535bb4a-cba0-4f9b-9e3e-e4a48b3eda51
2019-10-18 11:26:03,251 [grpc-default-executor-3] INFO  impl.RoleInfo (RoleInfo.java:shutdownFollowerState(121)) - c652e2ee-3322-4406-8db6-1ea643cb3197: shutdown FollowerState
2019-10-18 11:26:03,251 [grpc-default-executor-3] INFO  impl.RoleInfo (RoleInfo.java:updateAndGet(143)) - c652e2ee-3322-4406-8db6-1ea643cb3197: start FollowerState
2019-10-18 11:26:03,251 [Thread-4800] INFO  impl.FollowerState (FollowerState.java:run(117)) - c652e2ee-3322-4406-8db6-1ea643cb3197@group-7E32184879DE-FollowerState was interrupted: java.lang.InterruptedException: sleep interrupted
2019-10-18 11:26:03,275 [f535bb4a-cba0-4f9b-9e3e-e4a48b3eda51@group-7E32184879DE-LeaderElection682] INFO  impl.LeaderElection (LeaderElection.java:logAndReturn(56)) - f535bb4a-cba0-4f9b-9e3e-e4a48b3eda51@group-7E32184879DE-LeaderElection682: Election REJECTED; received 2 response(s) [f535bb4a-cba0-4f9b-9e3e-e4a48b3eda51<-54aabb14-4a7d-4ab3-adbe-2e67760b87f4#0:FAIL-t797, f535bb4a-cba0-4f9b-9e3e-e4a48b3eda51<-c652e2ee-3322-4406-8db6-1ea643cb3197#0:FAIL-t797] and 0 exception(s); f535bb4a-cba0-4f9b-9e3e-e4a48b3eda51@group-7E32184879DE:t797, leader=null, voted=f535bb4a-cba0-4f9b-9e3e-e4a48b3eda51, raftlog=f535bb4a-cba0-4f9b-9e3e-e4a48b3eda51@group-7E32184879DE-SegmentedRaftLog:OPENED:c-1,f-1,i0, conf=-1: [f535bb4a-cba0-4f9b-9e3e-e4a48b3eda51:0.0.0.0:44706, 54aabb14-4a7d-4ab3-adbe-2e67760b87f4:0.0.0.0:43074, c652e2ee-3322-4406-8db6-1ea643cb3197:0.0.0.0:42129], old=null
2019-10-18 11:26:03,276 [f535bb4a-cba0-4f9b-9e3e-e4a48b3eda51@group-7E32184879DE-LeaderElection682] INFO  impl.RaftServerImpl (RaftServerImpl.java:setRole(184)) - f535bb4a-cba0-4f9b-9e3e-e4a48b3eda51@group-7E32184879DE: changes role from CANDIDATE to FOLLOWER at term 797 for DISCOVERED_A_NEW_TERM
2019-10-18 11:26:03,276 [f535bb4a-cba0-4f9b-9e3e-e4a48b3eda51@group-7E32184879DE-LeaderElection682] INFO  impl.RoleInfo (RoleInfo.java:shutdownLeaderElection(134)) - f535bb4a-cba0-4f9b-9e3e-e4a48b3eda51: shutdown LeaderElection
2019-10-18 11:26:03,276 [f535bb4a-cba0-4f9b-9e3e-e4a48b3eda51@group-7E32184879DE-LeaderElection682] INFO  impl.RoleInfo (RoleInfo.java:updateAndGet(143)) - f535bb4a-cba0-4f9b-9e3e-e4a48b3eda51: start FollowerState
2019-10-18 11:26:03,347 [Thread-4807] INFO  impl.FollowerState (FollowerState.java:run(108)) - f535bb4a-cba0-4f9b-9e3e-e4a48b3eda51@group-7E32184879DE-FollowerState: change to CANDIDATE, lastRpcTime:71ms, electionTimeout:71ms
2019-10-18 11:26:03,347 [Thread-4807] INFO  impl.RoleInfo (RoleInfo.java:shutdownFollowerState(121)) - f535bb4a-cba0-4f9b-9e3e-e4a48b3eda51: shutdown FollowerState
2019-10-18 11:26:03,348 [Thread-4807] INFO  impl.RaftServerImpl (RaftServerImpl.java:setRole(184)) - f535bb4a-cba0-4f9b-9e3e-e4a48b3eda51@group-7E32184879DE: changes role from  FOLLOWER to CANDIDATE at term 797 for changeToCandidate
2019-10-18 11:26:03,348 [Thread-4807] INFO  impl.RoleInfo (RoleInfo.java:updateAndGet(143)) - f535bb4a-cba0-4f9b-9e3e-e4a48b3eda51: start LeaderElection
2019-10-18 11:26:03,383 [f535bb4a-cba0-4f9b-9e3e-e4a48b3eda51@group-7E32184879DE-LeaderElection683] INFO  impl.LeaderElection (LeaderElection.java:askForVotes(178)) - f535bb4a-cba0-4f9b-9e3e-e4a48b3eda51@group-7E32184879DE-LeaderElection683: begin an election at term 798 for -1: [f535bb4a-cba0-4f9b-9e3e-e4a48b3eda51:0.0.0.0:44706, 54aabb14-4a7d-4ab3-adbe-2e67760b87f4:0.0.0.0:43074, c652e2ee-3322-4406-8db6-1ea643cb3197:0.0.0.0:42129], old=null
2019-10-18 11:26:03,384 [grpc-default-executor-2] INFO  impl.RaftServerImpl (RaftServerImpl.java:setRole(184)) - 54aabb14-4a7d-4ab3-adbe-2e67760b87f4@group-7E32184879DE: changes role from  FOLLOWER to FOLLOWER at term 798 for recognizeCandidate:f535bb4a-cba0-4f9b-9e3e-e4a48b3eda51
2019-10-18 11:26:03,384 [grpc-default-executor-2] INFO  impl.RoleInfo (RoleInfo.java:shutdownFollowerState(121)) - 54aabb14-4a7d-4ab3-adbe-2e67760b87f4: shutdown FollowerState
2019-10-18 11:26:03,385 [grpc-default-executor-2] INFO  impl.RoleInfo (RoleInfo.java:updateAndGet(143)) - 54aabb14-4a7d-4ab3-adbe-2e67760b87f4: start FollowerState
2019-10-18 11:26:03,385 [grpc-default-executor-3] INFO  impl.RaftServerImpl (RaftServerImpl.java:setRole(184)) - c652e2ee-3322-4406-8db6-1ea643cb3197@group-7E32184879DE: changes role from  FOLLOWER to FOLLOWER at term 798 for recognizeCandidate:f535bb4a-cba0-4f9b-9e3e-e4a48b3eda51
2019-10-18 11:26:03,385 [grpc-default-executor-3] INFO  impl.RoleInfo (RoleInfo.java:shutdownFollowerState(121)) - c652e2ee-3322-4406-8db6-1ea643cb3197: shutdown FollowerState
2019-10-18 11:26:03,385 [Thread-4805] INFO  impl.FollowerState (FollowerState.java:run(117)) - 54aabb14-4a7d-4ab3-adbe-2e67760b87f4@group-7E32184879DE-FollowerState was interrupted: java.lang.InterruptedException: sleep interrupted
2019-10-18 11:26:03,385 [Thread-4806] INFO  impl.FollowerState (FollowerState.java:run(117)) - c652e2ee-3322-4406-8db6-1ea643cb3197@group-7E32184879DE-FollowerState was interrupted: java.lang.InterruptedException: sleep interrupted
2019-10-18 11:26:03,385 [grpc-default-executor-3] INFO  impl.RoleInfo (RoleInfo.java:updateAndGet(143)) - c652e2ee-3322-4406-8db6-1ea643cb3197: start FollowerState
2019-10-18 11:26:03,386 [f535bb4a-cba0-4f9b-9e3e-e4a48b3eda51@group-7E32184879DE-LeaderElection683] INFO  impl.LeaderElection (LeaderElection.java:logAndReturn(56)) - f535bb4a-cba0-4f9b-9e3e-e4a48b3eda51@group-7E32184879DE-LeaderElection683: Election TIMEOUT; received 0 response(s) [] and 0 exception(s); f535bb4a-cba0-4f9b-9e3e-e4a48b3eda51@group-7E32184879DE:t798, leader=null, voted=f535bb4a-cba0-4f9b-9e3e-e4a48b3eda51, raftlog=f535bb4a-cba0-4f9b-9e3e-e4a48b3eda51@group-7E32184879DE-SegmentedRaftLog:OPENED:c-1,f-1,i0, conf=-1: [f535bb4a-cba0-4f9b-9e3e-e4a48b3eda51:0.0.0.0:44706, 54aabb14-4a7d-4ab3-adbe-2e67760b87f4:0.0.0.0:43074, c652e2ee-3322-4406-8db6-1ea643cb3197:0.0.0.0:42129], old=null
2019-10-18 11:26:03,409 [f535bb4a-cba0-4f9b-9e3e-e4a48b3eda51@group-7E32184879DE-LeaderElection683] INFO  impl.LeaderElection (LeaderElection.java:askForVotes(178)) - f535bb4a-cba0-4f9b-9e3e-e4a48b3eda51@group-7E32184879DE-LeaderElection683: begin an election at term 799 for -1: [f535bb4a-cba0-4f9b-9e3e-e4a48b3eda51:0.0.0.0:44706, 54aabb14-4a7d-4ab3-adbe-2e67760b87f4:0.0.0.0:43074, c652e2ee-3322-4406-8db6-1ea643cb3197:0.0.0.0:42129], old=null
2019-10-18 11:26:03,410 [grpc-default-executor-3] INFO  impl.RaftServerImpl (RaftServerImpl.java:setRole(184)) - 54aabb14-4a7d-4ab3-adbe-2e67760b87f4@group-7E32184879DE: changes role from  FOLLOWER to FOLLOWER at term 799 for recognizeCandidate:f535bb4a-cba0-4f9b-9e3e-e4a48b3eda51
2019-10-18 11:26:03,410 [grpc-default-executor-3] INFO  impl.RoleInfo (RoleInfo.java:shutdownFollowerState(121)) - 54aabb14-4a7d-4ab3-adbe-2e67760b87f4: shutdown FollowerState
2019-10-18 11:26:03,410 [grpc-default-executor-2] INFO  impl.RaftServerImpl (RaftServerImpl.java:setRole(184)) - c652e2ee-3322-4406-8db6-1ea643cb3197@group-7E32184879DE: changes role from  FOLLOWER to FOLLOWER at term 799 for recognizeCandidate:f535bb4a-cba0-4f9b-9e3e-e4a48b3eda51
2019-10-18 11:26:03,410 [Thread-4811] INFO  impl.FollowerState (FollowerState.java:run(117)) - 54aabb14-4a7d-4ab3-adbe-2e67760b87f4@group-7E32184879DE-FollowerState was interrupted: java.lang.InterruptedException: sleep interrupted
2019-10-18 11:26:03,410 [grpc-default-executor-3] INFO  impl.RoleInfo (RoleInfo.java:updateAndGet(143)) - 54aabb14-4a7d-4ab3-adbe-2e67760b87f4: start FollowerState
2019-10-18 11:26:03,410 [grpc-default-executor-2] INFO  impl.RoleInfo (RoleInfo.java:shutdownFollowerState(121)) - c652e2ee-3322-4406-8db6-1ea643cb3197: shutdown FollowerState
2019-10-18 11:26:03,411 [grpc-default-executor-2] INFO  impl.RoleInfo (RoleInfo.java:updateAndGet(143)) - c652e2ee-3322-4406-8db6-1ea643cb3197: start FollowerState
2019-10-18 11:26:03,411 [Thread-4812] INFO  impl.FollowerState (FollowerState.java:run(117)) - c652e2ee-3322-4406-8db6-1ea643cb3197@group-7E32184879DE-FollowerState was interrupted: java.lang.InterruptedException: sleep interrupted
2019-10-18 11:26:03,434 [f535bb4a-cba0-4f9b-9e3e-e4a48b3eda51@group-7E32184879DE-LeaderElection683] INFO  impl.LeaderElection (LeaderElection.java:logAndReturn(56)) - f535bb4a-cba0-4f9b-9e3e-e4a48b3eda51@group-7E32184879DE-LeaderElection683: Election REJECTED; received 2 response(s) [f535bb4a-cba0-4f9b-9e3e-e4a48b3eda51<-54aabb14-4a7d-4ab3-adbe-2e67760b87f4#0:FAIL-t799, f535bb4a-cba0-4f9b-9e3e-e4a48b3eda51<-c652e2ee-3322-4406-8db6-1ea643cb3197#0:FAIL-t799] and 0 exception(s); f535bb4a-cba0-4f9b-9e3e-e4a48b3eda51@group-7E32184879DE:t799, leader=null, voted=f535bb4a-cba0-4f9b-9e3e-e4a48b3eda51, raftlog=f535bb4a-cba0-4f9b-9e3e-e4a48b3eda51@group-7E32184879DE-SegmentedRaftLog:OPENED:c-1,f-1,i0, conf=-1: [f535bb4a-cba0-4f9b-9e3e-e4a48b3eda51:0.0.0.0:44706, 54aabb14-4a7d-4ab3-adbe-2e67760b87f4:0.0.0.0:43074, c652e2ee-3322-4406-8db6-1ea643cb3197:0.0.0.0:42129], old=null
2019-10-18 11:26:03,435 [f535bb4a-cba0-4f9b-9e3e-e4a48b3eda51@group-7E32184879DE-LeaderElection683] INFO  impl.RaftServerImpl (RaftServerImpl.java:setRole(184)) - f535bb4a-cba0-4f9b-9e3e-e4a48b3eda51@group-7E32184879DE: changes role from CANDIDATE to FOLLOWER at term 799 for DISCOVERED_A_NEW_TERM
2019-10-18 11:26:03,435 [f535bb4a-cba0-4f9b-9e3e-e4a48b3eda51@group-7E32184879DE-LeaderElection683] INFO  impl.RoleInfo (RoleInfo.java:shutdownLeaderElection(134)) - f535bb4a-cba0-4f9b-9e3e-e4a48b3eda51: shutdown LeaderElection
2019-10-18 11:26:03,435 [f535bb4a-cba0-4f9b-9e3e-e4a48b3eda51@group-7E32184879DE-LeaderElection683] INFO  impl.RoleInfo (RoleInfo.java:updateAndGet(143)) - f535bb4a-cba0-4f9b-9e3e-e4a48b3eda51: start FollowerState
2019-10-18 11:26:03,571 [Thread-4817] INFO  impl.FollowerState (FollowerState.java:run(108)) - f535bb4a-cba0-4f9b-9e3e-e4a48b3eda51@group-7E32184879DE-FollowerState: change to CANDIDATE, lastRpcTime:136ms, electionTimeout:136ms
2019-10-18 11:26:03,571 [Thread-4817] INFO  impl.RoleInfo (RoleInfo.java:shutdownFollowerState(121)) - f535bb4a-cba0-4f9b-9e3e-e4a48b3eda51: shutdown FollowerState
2019-10-18 11:26:03,571 [Thread-4817] INFO  impl.RaftServerImpl (RaftServerImpl.java:setRole(184)) - f535bb4a-cba0-4f9b-9e3e-e4a48b3eda51@group-7E32184879DE: changes role from  FOLLOWER to CANDIDATE at term 799 for changeToCandidate
2019-10-18 11:26:03,572 [Thread-4817] INFO  impl.RoleInfo (RoleInfo.java:updateAndGet(143)) - f535bb4a-cba0-4f9b-9e3e-e4a48b3eda51: start LeaderElection
2019-10-18 11:26:03,601 [f535bb4a-cba0-4f9b-9e3e-e4a48b3eda51@group-7E32184879DE-LeaderElection684] INFO  impl.LeaderElection (LeaderElection.java:askForVotes(178)) - f535bb4a-cba0-4f9b-9e3e-e4a48b3eda51@group-7E32184879DE-LeaderElection684: begin an election at term 800 for -1: [f535bb4a-cba0-4f9b-9e3e-e4a48b3eda51:0.0.0.0:44706, 54aabb14-4a7d-4ab3-adbe-2e67760b87f4:0.0.0.0:43074, c652e2ee-3322-4406-8db6-1ea643cb3197:0.0.0.0:42129], old=null
2019-10-18 11:26:03,603 [grpc-default-executor-2] INFO  impl.RaftServerImpl (RaftServerImpl.java:setRole(184)) - 54aabb14-4a7d-4ab3-adbe-2e67760b87f4@group-7E32184879DE: changes role from  FOLLOWER to FOLLOWER at term 800 for recognizeCandidate:f535bb4a-cba0-4f9b-9e3e-e4a48b3eda51
2019-10-18 11:26:03,603 [grpc-default-executor-2] INFO  impl.RoleInfo (RoleInfo.java:shutdownFollowerState(121)) - 54aabb14-4a7d-4ab3-adbe-2e67760b87f4: shutdown FollowerState
2019-10-18 11:26:03,603 [grpc-default-executor-3] INFO  impl.RaftServerImpl (RaftServerImpl.java:setRole(184)) - c652e2ee-3322-4406-8db6-1ea643cb3197@group-7E32184879DE: changes role from  FOLLOWER to FOLLOWER at term 800 for recognizeCandidate:f535bb4a-cba0-4f9b-9e3e-e4a48b3eda51
2019-10-18 11:26:03,603 [grpc-default-executor-3] INFO  impl.RoleInfo (RoleInfo.java:shutdownFollowerState(121)) - c652e2ee-3322-4406-8db6-1ea643cb3197: shutdown FollowerState
2019-10-18 11:26:03,603 [Thread-4815] INFO  impl.FollowerState (FollowerState.java:run(117)) - 54aabb14-4a7d-4ab3-adbe-2e67760b87f4@group-7E32184879DE-FollowerState was interrupted: java.lang.InterruptedException: sleep interrupted
2019-10-18 11:26:03,603 [grpc-default-executor-2] INFO  impl.RoleInfo (RoleInfo.java:updateAndGet(143)) - 54aabb14-4a7d-4ab3-adbe-2e67760b87f4: start FollowerState
2019-10-18 11:26:03,603 [Thread-4816] INFO  impl.FollowerState (FollowerState.java:run(117)) - c652e2ee-3322-4406-8db6-1ea643cb3197@group-7E32184879DE-FollowerState was interrupted: java.lang.InterruptedException: sleep interrupted
2019-10-18 11:26:03,603 [grpc-default-executor-3] INFO  impl.RoleInfo (RoleInfo.java:updateAndGet(143)) - c652e2ee-3322-4406-8db6-1ea643cb3197: start FollowerState
2019-10-18 11:26:03,627 [f535bb4a-cba0-4f9b-9e3e-e4a48b3eda51@group-7E32184879DE-LeaderElection684] INFO  impl.LeaderElection (LeaderElection.java:logAndReturn(56)) - f535bb4a-cba0-4f9b-9e3e-e4a48b3eda51@group-7E32184879DE-LeaderElection684: Election REJECTED; received 2 response(s) [f535bb4a-cba0-4f9b-9e3e-e4a48b3eda51<-54aabb14-4a7d-4ab3-adbe-2e67760b87f4#0:FAIL-t800, f535bb4a-cba0-4f9b-9e3e-e4a48b3eda51<-c652e2ee-3322-4406-8db6-1ea643cb3197#0:FAIL-t800] and 0 exception(s); f535bb4a-cba0-4f9b-9e3e-e4a48b3eda51@group-7E32184879DE:t800, leader=null, voted=f535bb4a-cba0-4f9b-9e3e-e4a48b3eda51, raftlog=f535bb4a-cba0-4f9b-9e3e-e4a48b3eda51@group-7E32184879DE-SegmentedRaftLog:OPENED:c-1,f-1,i0, conf=-1: [f535bb4a-cba0-4f9b-9e3e-e4a48b3eda51:0.0.0.0:44706, 54aabb14-4a7d-4ab3-adbe-2e67760b87f4:0.0.0.0:43074, c652e2ee-3322-4406-8db6-1ea643cb3197:0.0.0.0:42129], old=null
2019-10-18 11:26:03,627 [f535bb4a-cba0-4f9b-9e3e-e4a48b3eda51@group-7E32184879DE-LeaderElection684] INFO  impl.RaftServerImpl (RaftServerImpl.java:setRole(184)) - f535bb4a-cba0-4f9b-9e3e-e4a48b3eda51@group-7E32184879DE: changes role from CANDIDATE to FOLLOWER at term 800 for DISCOVERED_A_NEW_TERM
2019-10-18 11:26:03,627 [f535bb4a-cba0-4f9b-9e3e-e4a48b3eda51@group-7E32184879DE-LeaderElection684] INFO  impl.RoleInfo (RoleInfo.java:shutdownLeaderElection(134)) - f535bb4a-cba0-4f9b-9e3e-e4a48b3eda51: shutdown LeaderElection
2019-10-18 11:26:03,627 [f535bb4a-cba0-4f9b-9e3e-e4a48b3eda51@group-7E32184879DE-LeaderElection684] INFO  impl.RoleInfo (RoleInfo.java:updateAndGet(143)) - f535bb4a-cba0-4f9b-9e3e-e4a48b3eda51: start FollowerState
2019-10-18 11:26:03,764 [Thread-4823] INFO  impl.FollowerState (FollowerState.java:run(108)) - f535bb4a-cba0-4f9b-9e3e-e4a48b3eda51@group-7E32184879DE-FollowerState: change to CANDIDATE, lastRpcTime:137ms, electionTimeout:137ms
2019-10-18 11:26:03,765 [Thread-4823] INFO  impl.RoleInfo (RoleInfo.java:shutdownFollowerState(121)) - f535bb4a-cba0-4f9b-9e3e-e4a48b3eda51: shutdown FollowerState
2019-10-18 11:26:03,765 [Thread-4823] INFO  impl.RaftServerImpl (RaftServerImpl.java:setRole(184)) - f535bb4a-cba0-4f9b-9e3e-e4a48b3eda51@group-7E32184879DE: changes role from  FOLLOWER to CANDIDATE at term 800 for changeToCandidate
2019-10-18 11:26:03,765 [Thread-4823] INFO  impl.RoleInfo (RoleInfo.java:updateAndGet(143)) - f535bb4a-cba0-4f9b-9e3e-e4a48b3eda51: start LeaderElection
2019-10-18 11:26:03,793 [f535bb4a-cba0-4f9b-9e3e-e4a48b3eda51@group-7E32184879DE-LeaderElection685] INFO  impl.LeaderElection (LeaderElection.java:askForVotes(178)) - f535bb4a-cba0-4f9b-9e3e-e4a48b3eda51@group-7E32184879DE-LeaderElection685: begin an election at term 801 for -1: [f535bb4a-cba0-4f9b-9e3e-e4a48b3eda51:0.0.0.0:44706, 54aabb14-4a7d-4ab3-adbe-2e67760b87f4:0.0.0.0:43074, c652e2ee-3322-4406-8db6-1ea643cb3197:0.0.0.0:42129], old=null
2019-10-18 11:26:03,795 [grpc-default-executor-3] INFO  impl.RaftServerImpl (RaftServerImpl.java:setRole(184)) - 54aabb14-4a7d-4ab3-adbe-2e67760b87f4@group-7E32184879DE: changes role from  FOLLOWER to FOLLOWER at term 801 for recognizeCandidate:f535bb4a-cba0-4f9b-9e3e-e4a48b3eda51
2019-10-18 11:26:03,795 [grpc-default-executor-3] INFO  impl.RoleInfo (RoleInfo.java:shutdownFollowerState(121)) - 54aabb14-4a7d-4ab3-adbe-2e67760b87f4: shutdown FollowerState
2019-10-18 11:26:03,795 [grpc-default-executor-2] INFO  impl.RaftServerImpl (RaftServerImpl.java:setRole(184)) - c652e2ee-3322-4406-8db6-1ea643cb3197@group-7E32184879DE: changes role from  FOLLOWER to FOLLOWER at term 801 for recognizeCandidate:f535bb4a-cba0-4f9b-9e3e-e4a48b3eda51
2019-10-18 11:26:03,795 [Thread-4821] INFO  impl.FollowerState (FollowerState.java:run(117)) - 54aabb14-4a7d-4ab3-adbe-2e67760b87f4@group-7E32184879DE-FollowerState was interrupted: java.lang.InterruptedException: sleep interrupted
2019-10-18 11:26:03,795 [grpc-default-executor-3] INFO  impl.RoleInfo (RoleInfo.java:updateAndGet(143)) - 54aabb14-4a7d-4ab3-adbe-2e67760b87f4: start FollowerState
2019-10-18 11:26:03,796 [grpc-default-executor-2] INFO  impl.RoleInfo (RoleInfo.java:shutdownFollowerState(121)) - c652e2ee-3322-4406-8db6-1ea643cb3197: shutdown FollowerState
2019-10-18 11:26:03,796 [grpc-default-executor-2] INFO  impl.RoleInfo (RoleInfo.java:updateAndGet(143)) - c652e2ee-3322-4406-8db6-1ea643cb3197: start FollowerState
2019-10-18 11:26:03,796 [Thread-4822] INFO  impl.FollowerState (FollowerState.java:run(117)) - c652e2ee-3322-4406-8db6-1ea643cb3197@group-7E32184879DE-FollowerState was interrupted: java.lang.InterruptedException: sleep interrupted
2019-10-18 11:26:03,819 [f535bb4a-cba0-4f9b-9e3e-e4a48b3eda51@group-7E32184879DE-LeaderElection685] INFO  impl.LeaderElection (LeaderElection.java:logAndReturn(56)) - f535bb4a-cba0-4f9b-9e3e-e4a48b3eda51@group-7E32184879DE-LeaderElection685: Election REJECTED; received 2 response(s) [f535bb4a-cba0-4f9b-9e3e-e4a48b3eda51<-54aabb14-4a7d-4ab3-adbe-2e67760b87f4#0:FAIL-t801, f535bb4a-cba0-4f9b-9e3e-e4a48b3eda51<-c652e2ee-3322-4406-8db6-1ea643cb3197#0:FAIL-t801] and 0 exception(s); f535bb4a-cba0-4f9b-9e3e-e4a48b3eda51@group-7E32184879DE:t801, leader=null, voted=f535bb4a-cba0-4f9b-9e3e-e4a48b3eda51, raftlog=f535bb4a-cba0-4f9b-9e3e-e4a48b3eda51@group-7E32184879DE-SegmentedRaftLog:OPENED:c-1,f-1,i0, conf=-1: [f535bb4a-cba0-4f9b-9e3e-e4a48b3eda51:0.0.0.0:44706, 54aabb14-4a7d-4ab3-adbe-2e67760b87f4:0.0.0.0:43074, c652e2ee-3322-4406-8db6-1ea643cb3197:0.0.0.0:42129], old=null
2019-10-18 11:26:03,820 [f535bb4a-cba0-4f9b-9e3e-e4a48b3eda51@group-7E32184879DE-LeaderElection685] INFO  impl.RaftServerImpl (RaftServerImpl.java:setRole(184)) - f535bb4a-cba0-4f9b-9e3e-e4a48b3eda51@group-7E32184879DE: changes role from CANDIDATE to FOLLOWER at term 801 for DISCOVERED_A_NEW_TERM
2019-10-18 11:26:03,820 [f535bb4a-cba0-4f9b-9e3e-e4a48b3eda51@group-7E32184879DE-LeaderElection685] INFO  impl.RoleInfo (RoleInfo.java:shutdownLeaderElection(134)) - f535bb4a-cba0-4f9b-9e3e-e4a48b3eda51: shutdown LeaderElection
2019-10-18 11:26:03,820 [f535bb4a-cba0-4f9b-9e3e-e4a48b3eda51@group-7E32184879DE-LeaderElection685] INFO  impl.RoleInfo (RoleInfo.java:updateAndGet(143)) - f535bb4a-cba0-4f9b-9e3e-e4a48b3eda51: start FollowerState
2019-10-18 11:26:03,925 [Thread-4829] INFO  impl.FollowerState (FollowerState.java:run(108)) - f535bb4a-cba0-4f9b-9e3e-e4a48b3eda51@group-7E32184879DE-FollowerState: change to CANDIDATE, lastRpcTime:105ms, electionTimeout:105ms
2019-10-18 11:26:03,926 [Thread-4829] INFO  impl.RoleInfo (RoleInfo.java:shutdownFollowerState(121)) - f535bb4a-cba0-4f9b-9e3e-e4a48b3eda51: shutdown FollowerState
2019-10-18 11:26:03,926 [Thread-4829] INFO  impl.RaftServerImpl (RaftServerImpl.java:setRole(184)) - f535bb4a-cba0-4f9b-9e3e-e4a48b3eda51@group-7E32184879DE: changes role from  FOLLOWER to CANDIDATE at term 801 for changeToCandidate
2019-10-18 11:26:03,926 [Thread-4829] INFO  impl.RoleInfo (RoleInfo.java:updateAndGet(143)) - f535bb4a-cba0-4f9b-9e3e-e4a48b3eda51: start LeaderElection
2019-10-18 11:26:03,952 [f535bb4a-cba0-4f9b-9e3e-e4a48b3eda51@group-7E32184879DE-LeaderElection686] INFO  impl.LeaderElection (LeaderElection.java:askForVotes(178)) - f535bb4a-cba0-4f9b-9e3e-e4a48b3eda51@group-7E32184879DE-LeaderElection686: begin an election at term 802 for -1: [f535bb4a-cba0-4f9b-9e3e-e4a48b3eda51:0.0.0.0:44706, 54aabb14-4a7d-4ab3-adbe-2e67760b87f4:0.0.0.0:43074, c652e2ee-3322-4406-8db6-1ea643cb3197:0.0.0.0:42129], old=null
2019-10-18 11:26:03,955 [grpc-default-executor-2] INFO  impl.RaftServerImpl (RaftServerImpl.java:setRole(184)) - c652e2ee-3322-4406-8db6-1ea643cb3197@group-7E32184879DE: changes role from  FOLLOWER to FOLLOWER at term 802 for recognizeCandidate:f535bb4a-cba0-4f9b-9e3e-e4a48b3eda51
2019-10-18 11:26:03,955 [grpc-default-executor-3] INFO  impl.RaftServerImpl (RaftServerImpl.java:setRole(184)) - 54aabb14-4a7d-4ab3-adbe-2e67760b87f4@group-7E32184879DE: changes role from  FOLLOWER to FOLLOWER at term 802 for recognizeCandidate:f535bb4a-cba0-4f9b-9e3e-e4a48b3eda51
2019-10-18 11:26:03,955 [grpc-default-executor-3] INFO  impl.RoleInfo (RoleInfo.java:shutdownFollowerState(121)) - 54aabb14-4a7d-4ab3-adbe-2e67760b87f4: shutdown FollowerState
2019-10-18 11:26:03,955 [grpc-default-executor-2] INFO  impl.RoleInfo (RoleInfo.java:shutdownFollowerState(121)) - c652e2ee-3322-4406-8db6-1ea643cb3197: shutdown FollowerState
2019-10-18 11:26:03,955 [grpc-default-executor-3] INFO  impl.RoleInfo (RoleInfo.java:updateAndGet(143)) - 54aabb14-4a7d-4ab3-adbe-2e67760b87f4: start FollowerState
2019-10-18 11:26:03,955 [Thread-4827] INFO  impl.FollowerState (FollowerState.java:run(117)) - 54aabb14-4a7d-4ab3-adbe-2e67760b87f4@group-7E32184879DE-FollowerState was interrupted: java.lang.InterruptedException: sleep interrupted
2019-10-18 11:26:03,955 [grpc-default-executor-2] INFO  impl.RoleInfo (RoleInfo.java:updateAndGet(143)) - c652e2ee-3322-4406-8db6-1ea643cb3197: start FollowerState
2019-10-18 11:26:03,955 [Thread-4828] INFO  impl.FollowerState (FollowerState.java:run(117)) - c652e2ee-3322-4406-8db6-1ea643cb3197@group-7E32184879DE-FollowerState was interrupted: java.lang.InterruptedException: sleep interrupted
2019-10-18 11:26:03,978 [f535bb4a-cba0-4f9b-9e3e-e4a48b3eda51@group-7E32184879DE-LeaderElection686] INFO  impl.LeaderElection (LeaderElection.java:logAndReturn(56)) - f535bb4a-cba0-4f9b-9e3e-e4a48b3eda51@group-7E32184879DE-LeaderElection686: Election REJECTED; received 2 response(s) [f535bb4a-cba0-4f9b-9e3e-e4a48b3eda51<-54aabb14-4a7d-4ab3-adbe-2e67760b87f4#0:FAIL-t802, f535bb4a-cba0-4f9b-9e3e-e4a48b3eda51<-c652e2ee-3322-4406-8db6-1ea643cb3197#0:FAIL-t802] and 0 exception(s); f535bb4a-cba0-4f9b-9e3e-e4a48b3eda51@group-7E32184879DE:t802, leader=null, voted=f535bb4a-cba0-4f9b-9e3e-e4a48b3eda51, raftlog=f535bb4a-cba0-4f9b-9e3e-e4a48b3eda51@group-7E32184879DE-SegmentedRaftLog:OPENED:c-1,f-1,i0, conf=-1: [f535bb4a-cba0-4f9b-9e3e-e4a48b3eda51:0.0.0.0:44706, 54aabb14-4a7d-4ab3-adbe-2e67760b87f4:0.0.0.0:43074, c652e2ee-3322-4406-8db6-1ea643cb3197:0.0.0.0:42129], old=null
2019-10-18 11:26:03,979 [f535bb4a-cba0-4f9b-9e3e-e4a48b3eda51@group-7E32184879DE-LeaderElection686] INFO  impl.RaftServerImpl (RaftServerImpl.java:setRole(184)) - f535bb4a-cba0-4f9b-9e3e-e4a48b3eda51@group-7E32184879DE: changes role from CANDIDATE to FOLLOWER at term 802 for DISCOVERED_A_NEW_TERM
2019-10-18 11:26:03,979 [f535bb4a-cba0-4f9b-9e3e-e4a48b3eda51@group-7E32184879DE-LeaderElection686] INFO  impl.RoleInfo (RoleInfo.java:shutdownLeaderElection(134)) - f535bb4a-cba0-4f9b-9e3e-e4a48b3eda51: shutdown LeaderElection
2019-10-18 11:26:03,979 [f535bb4a-cba0-4f9b-9e3e-e4a48b3eda51@group-7E32184879DE-LeaderElection686] INFO  impl.RoleInfo (RoleInfo.java:updateAndGet(143)) - f535bb4a-cba0-4f9b-9e3e-e4a48b3eda51: start FollowerState
2019-10-18 11:26:03,992 [Thread-4837] INFO  impl.FollowerState (FollowerState.java:run(108)) - f535bb4a-cba0-4f9b-9e3e-e4a48b3eda51@group-7E32184879DE-FollowerState: change to CANDIDATE, lastRpcTime:13ms, electionTimeout:13ms
2019-10-18 11:26:03,992 [Thread-4837] INFO  impl.RoleInfo (RoleInfo.java:shutdownFollowerState(121)) - f535bb4a-cba0-4f9b-9e3e-e4a48b3eda51: shutdown FollowerState
2019-10-18 11:26:03,992 [Thread-4837] INFO  impl.RaftServerImpl (RaftServerImpl.java:setRole(184)) - f535bb4a-cba0-4f9b-9e3e-e4a48b3eda51@group-7E32184879DE: changes role from  FOLLOWER to CANDIDATE at term 802 for changeToCandidate
2019-10-18 11:26:03,993 [Thread-4837] INFO  impl.RoleInfo (RoleInfo.java:updateAndGet(143)) - f535bb4a-cba0-4f9b-9e3e-e4a48b3eda51: start LeaderElection
2019-10-18 11:26:04,020 [f535bb4a-cba0-4f9b-9e3e-e4a48b3eda51@group-7E32184879DE-LeaderElection687] INFO  impl.LeaderElection (LeaderElection.java:askForVotes(178)) - f535bb4a-cba0-4f9b-9e3e-e4a48b3eda51@group-7E32184879DE-LeaderElection687: begin an election at term 803 for -1: [f535bb4a-cba0-4f9b-9e3e-e4a48b3eda51:0.0.0.0:44706, 54aabb14-4a7d-4ab3-adbe-2e67760b87f4:0.0.0.0:43074, c652e2ee-3322-4406-8db6-1ea643cb3197:0.0.0.0:42129], old=null
2019-10-18 11:26:04,022 [grpc-default-executor-2] INFO  impl.RaftServerImpl (RaftServerImpl.java:setRole(184)) - 54aabb14-4a7d-4ab3-adbe-2e67760b87f4@group-7E32184879DE: changes role from  FOLLOWER to FOLLOWER at term 803 for recognizeCandidate:f535bb4a-cba0-4f9b-9e3e-e4a48b3eda51
2019-10-18 11:26:04,022 [grpc-default-executor-2] INFO  impl.RoleInfo (RoleInfo.java:shutdownFollowerState(121)) - 54aabb14-4a7d-4ab3-adbe-2e67760b87f4: shutdown FollowerState
2019-10-18 11:26:04,022 [grpc-default-executor-3] INFO  impl.RaftServerImpl (RaftServerImpl.java:setRole(184)) - c652e2ee-3322-4406-8db6-1ea643cb3197@group-7E32184879DE: changes role from  FOLLOWER to FOLLOWER at term 803 for recognizeCandidate:f535bb4a-cba0-4f9b-9e3e-e4a48b3eda51
2019-10-18 11:26:04,022 [grpc-default-executor-3] INFO  impl.RoleInfo (RoleInfo.java:shutdownFollowerState(121)) - c652e2ee-3322-4406-8db6-1ea643cb3197: shutdown FollowerState
2019-10-18 11:26:04,022 [Thread-4835] INFO  impl.FollowerState (FollowerState.java:run(117)) - 54aabb14-4a7d-4ab3-adbe-2e67760b87f4@group-7E32184879DE-FollowerState was interrupted: java.lang.InterruptedException: sleep interrupted
2019-10-18 11:26:04,022 [grpc-default-executor-2] INFO  impl.RoleInfo (RoleInfo.java:updateAndGet(143)) - 54aabb14-4a7d-4ab3-adbe-2e67760b87f4: start FollowerState
2019-10-18 11:26:04,022 [Thread-4836] INFO  impl.FollowerState (FollowerState.java:run(117)) - c652e2ee-3322-4406-8db6-1ea643cb3197@group-7E32184879DE-FollowerState was interrupted: java.lang.InterruptedException: sleep interrupted
2019-10-18 11:26:04,022 [grpc-default-executor-3] INFO  impl.RoleInfo (RoleInfo.java:updateAndGet(143)) - c652e2ee-3322-4406-8db6-1ea643cb3197: start FollowerState
2019-10-18 11:26:04,046 [f535bb4a-cba0-4f9b-9e3e-e4a48b3eda51@group-7E32184879DE-LeaderElection687] INFO  impl.LeaderElection (LeaderElection.java:logAndReturn(56)) - f535bb4a-cba0-4f9b-9e3e-e4a48b3eda51@group-7E32184879DE-LeaderElection687: Election REJECTED; received 2 response(s) [f535bb4a-cba0-4f9b-9e3e-e4a48b3eda51<-54aabb14-4a7d-4ab3-adbe-2e67760b87f4#0:FAIL-t803, f535bb4a-cba0-4f9b-9e3e-e4a48b3eda51<-c652e2ee-3322-4406-8db6-1ea643cb3197#0:FAIL-t803] and 0 exception(s); f535bb4a-cba0-4f9b-9e3e-e4a48b3eda51@group-7E32184879DE:t803, leader=null, voted=f535bb4a-cba0-4f9b-9e3e-e4a48b3eda51, raftlog=f535bb4a-cba0-4f9b-9e3e-e4a48b3eda51@group-7E32184879DE-SegmentedRaftLog:OPENED:c-1,f-1,i0, conf=-1: [f535bb4a-cba0-4f9b-9e3e-e4a48b3eda51:0.0.0.0:44706, 54aabb14-4a7d-4ab3-adbe-2e67760b87f4:0.0.0.0:43074, c652e2ee-3322-4406-8db6-1ea643cb3197:0.0.0.0:42129], old=null
2019-10-18 11:26:04,046 [f535bb4a-cba0-4f9b-9e3e-e4a48b3eda51@group-7E32184879DE-LeaderElection687] INFO  impl.RaftServerImpl (RaftServerImpl.java:setRole(184)) - f535bb4a-cba0-4f9b-9e3e-e4a48b3eda51@group-7E32184879DE: changes role from CANDIDATE to FOLLOWER at term 803 for DISCOVERED_A_NEW_TERM
2019-10-18 11:26:04,046 [f535bb4a-cba0-4f9b-9e3e-e4a48b3eda51@group-7E32184879DE-LeaderElection687] INFO  impl.RoleInfo (RoleInfo.java:shutdownLeaderElection(134)) - f535bb4a-cba0-4f9b-9e3e-e4a48b3eda51: shutdown LeaderElection
2019-10-18 11:26:04,046 [f535bb4a-cba0-4f9b-9e3e-e4a48b3eda51@group-7E32184879DE-LeaderElection687] INFO  impl.RoleInfo (RoleInfo.java:updateAndGet(143)) - f535bb4a-cba0-4f9b-9e3e-e4a48b3eda51: start FollowerState
2019-10-18 11:26:04,110 [Thread-4843] INFO  impl.FollowerState (FollowerState.java:run(108)) - f535bb4a-cba0-4f9b-9e3e-e4a48b3eda51@group-7E32184879DE-FollowerState: change to CANDIDATE, lastRpcTime:64ms, electionTimeout:64ms
2019-10-18 11:26:04,111 [Thread-4843] INFO  impl.RoleInfo (RoleInfo.java:shutdownFollowerState(121)) - f535bb4a-cba0-4f9b-9e3e-e4a48b3eda51: shutdown FollowerState
2019-10-18 11:26:04,111 [Thread-4843] INFO  impl.RaftServerImpl (RaftServerImpl.java:setRole(184)) - f535bb4a-cba0-4f9b-9e3e-e4a48b3eda51@group-7E32184879DE: changes role from  FOLLOWER to CANDIDATE at term 803 for changeToCandidate
2019-10-18 11:26:04,111 [Thread-4843] INFO  impl.RoleInfo (RoleInfo.java:updateAndGet(143)) - f535bb4a-cba0-4f9b-9e3e-e4a48b3eda51: start LeaderElection
2019-10-18 11:26:04,137 [f535bb4a-cba0-4f9b-9e3e-e4a48b3eda51@group-7E32184879DE-LeaderElection688] INFO  impl.LeaderElection (LeaderElection.java:askForVotes(178)) - f535bb4a-cba0-4f9b-9e3e-e4a48b3eda51@group-7E32184879DE-LeaderElection688: begin an election at term 804 for -1: [f535bb4a-cba0-4f9b-9e3e-e4a48b3eda51:0.0.0.0:44706, 54aabb14-4a7d-4ab3-adbe-2e67760b87f4:0.0.0.0:43074, c652e2ee-3322-4406-8db6-1ea643cb3197:0.0.0.0:42129], old=null
2019-10-18 11:26:04,138 [grpc-default-executor-3] INFO  impl.RaftServerImpl (RaftServerImpl.java:setRole(184)) - c652e2ee-3322-4406-8db6-1ea643cb3197@group-7E32184879DE: changes role from  FOLLOWER to FOLLOWER at term 804 for recognizeCandidate:f535bb4a-cba0-4f9b-9e3e-e4a48b3eda51
2019-10-18 11:26:04,139 [grpc-default-executor-3] INFO  impl.RoleInfo (RoleInfo.java:shutdownFollowerState(121)) - c652e2ee-3322-4406-8db6-1ea643cb3197: shutdown FollowerState
2019-10-18 11:26:04,139 [grpc-default-executor-3] INFO  impl.RoleInfo (RoleInfo.java:updateAndGet(143)) - c652e2ee-3322-4406-8db6-1ea643cb3197: start FollowerState
2019-10-18 11:26:04,139 [Thread-4842] INFO  impl.FollowerState (FollowerState.java:run(117)) - c652e2ee-3322-4406-8db6-1ea643cb3197@group-7E32184879DE-FollowerState was interrupted: java.lang.InterruptedException: sleep interrupted
2019-10-18 11:26:04,139 [grpc-default-executor-2] INFO  impl.RaftServerImpl (RaftServerImpl.java:setRole(184)) - 54aabb14-4a7d-4ab3-adbe-2e67760b87f4@group-7E32184879DE: changes role from  FOLLOWER to FOLLOWER at term 804 for recognizeCandidate:f535bb4a-cba0-4f9b-9e3e-e4a48b3eda51
2019-10-18 11:26:04,139 [grpc-default-executor-2] INFO  impl.RoleInfo (RoleInfo.java:shutdownFollowerState(121)) - 54aabb14-4a7d-4ab3-adbe-2e67760b87f4: shutdown FollowerState
2019-10-18 11:26:04,139 [grpc-default-executor-2] INFO  impl.RoleInfo (RoleInfo.java:updateAndGet(143)) - 54aabb14-4a7d-4ab3-adbe-2e67760b87f4: start FollowerState
2019-10-18 11:26:04,139 [Thread-4841] INFO  impl.FollowerState (FollowerState.java:run(117)) - 54aabb14-4a7d-4ab3-adbe-2e67760b87f4@group-7E32184879DE-FollowerState was interrupted: java.lang.InterruptedException: sleep interrupted
2019-10-18 11:26:04,163 [f535bb4a-cba0-4f9b-9e3e-e4a48b3eda51@group-7E32184879DE-LeaderElection688] INFO  impl.LeaderElection (LeaderElection.java:logAndReturn(56)) - f535bb4a-cba0-4f9b-9e3e-e4a48b3eda51@group-7E32184879DE-LeaderElection688: Election REJECTED; received 2 response(s) [f535bb4a-cba0-4f9b-9e3e-e4a48b3eda51<-54aabb14-4a7d-4ab3-adbe-2e67760b87f4#0:FAIL-t804, f535bb4a-cba0-4f9b-9e3e-e4a48b3eda51<-c652e2ee-3322-4406-8db6-1ea643cb3197#0:FAIL-t804] and 0 exception(s); f535bb4a-cba0-4f9b-9e3e-e4a48b3eda51@group-7E32184879DE:t804, leader=null, voted=f535bb4a-cba0-4f9b-9e3e-e4a48b3eda51, raftlog=f535bb4a-cba0-4f9b-9e3e-e4a48b3eda51@group-7E32184879DE-SegmentedRaftLog:OPENED:c-1,f-1,i0, conf=-1: [f535bb4a-cba0-4f9b-9e3e-e4a48b3eda51:0.0.0.0:44706, 54aabb14-4a7d-4ab3-adbe-2e67760b87f4:0.0.0.0:43074, c652e2ee-3322-4406-8db6-1ea643cb3197:0.0.0.0:42129], old=null
2019-10-18 11:26:04,163 [f535bb4a-cba0-4f9b-9e3e-e4a48b3eda51@group-7E32184879DE-LeaderElection688] INFO  impl.RaftServerImpl (RaftServerImpl.java:setRole(184)) - f535bb4a-cba0-4f9b-9e3e-e4a48b3eda51@group-7E32184879DE: changes role from CANDIDATE to FOLLOWER at term 804 for DISCOVERED_A_NEW_TERM
2019-10-18 11:26:04,164 [f535bb4a-cba0-4f9b-9e3e-e4a48b3eda51@group-7E32184879DE-LeaderElection688] INFO  impl.RoleInfo (RoleInfo.java:shutdownLeaderElection(134)) - f535bb4a-cba0-4f9b-9e3e-e4a48b3eda51: shutdown LeaderElection
2019-10-18 11:26:04,164 [f535bb4a-cba0-4f9b-9e3e-e4a48b3eda51@group-7E32184879DE-LeaderElection688] INFO  impl.RoleInfo (RoleInfo.java:updateAndGet(143)) - f535bb4a-cba0-4f9b-9e3e-e4a48b3eda51: start FollowerState
2019-10-18 11:26:04,282 [Thread-4849] INFO  impl.FollowerState (FollowerState.java:run(108)) - f535bb4a-cba0-4f9b-9e3e-e4a48b3eda51@group-7E32184879DE-FollowerState: change to CANDIDATE, lastRpcTime:118ms, electionTimeout:118ms
2019-10-18 11:26:04,282 [Thread-4849] INFO  impl.RoleInfo (RoleInfo.java:shutdownFollowerState(121)) - f535bb4a-cba0-4f9b-9e3e-e4a48b3eda51: shutdown FollowerState
2019-10-18 11:26:04,282 [Thread-4849] INFO  impl.RaftServerImpl (RaftServerImpl.java:setRole(184)) - f535bb4a-cba0-4f9b-9e3e-e4a48b3eda51@group-7E32184879DE: changes role from  FOLLOWER to CANDIDATE at term 804 for changeToCandidate
2019-10-18 11:26:04,282 [Thread-4849] INFO  impl.RoleInfo (RoleInfo.java:updateAndGet(143)) - f535bb4a-cba0-4f9b-9e3e-e4a48b3eda51: start LeaderElection
2019-10-18 11:26:04,313 [f535bb4a-cba0-4f9b-9e3e-e4a48b3eda51@group-7E32184879DE-LeaderElection689] INFO  impl.LeaderElection (LeaderElection.java:askForVotes(178)) - f535bb4a-cba0-4f9b-9e3e-e4a48b3eda51@group-7E32184879DE-LeaderElection689: begin an election at term 805 for -1: [f535bb4a-cba0-4f9b-9e3e-e4a48b3eda51:0.0.0.0:44706, 54aabb14-4a7d-4ab3-adbe-2e67760b87f4:0.0.0.0:43074, c652e2ee-3322-4406-8db6-1ea643cb3197:0.0.0.0:42129], old=null
2019-10-18 11:26:04,315 [grpc-default-executor-2] INFO  impl.RaftServerImpl (RaftServerImpl.java:setRole(184)) - 54aabb14-4a7d-4ab3-adbe-2e67760b87f4@group-7E32184879DE: changes role from  FOLLOWER to FOLLOWER at term 805 for recognizeCandidate:f535bb4a-cba0-4f9b-9e3e-e4a48b3eda51
2019-10-18 11:26:04,315 [grpc-default-executor-2] INFO  impl.RoleInfo (RoleInfo.java:shutdownFollowerState(121)) - 54aabb14-4a7d-4ab3-adbe-2e67760b87f4: shutdown FollowerState
2019-10-18 11:26:04,315 [grpc-default-executor-3] INFO  impl.RaftServerImpl (RaftServerImpl.java:setRole(184)) - c652e2ee-3322-4406-8db6-1ea643cb3197@group-7E32184879DE: changes role from  FOLLOWER to FOLLOWER at term 805 for recognizeCandidate:f535bb4a-cba0-4f9b-9e3e-e4a48b3eda51
2019-10-18 11:26:04,315 [Thread-4848] INFO  impl.FollowerState (FollowerState.java:run(117)) - 54aabb14-4a7d-4ab3-adbe-2e67760b87f4@group-7E32184879DE-FollowerState was interrupted: java.lang.InterruptedException: sleep interrupted
2019-10-18 11:26:04,315 [grpc-default-executor-2] INFO  impl.RoleInfo (RoleInfo.java:updateAndGet(143)) - 54aabb14-4a7d-4ab3-adbe-2e67760b87f4: start FollowerState
2019-10-18 11:26:04,315 [grpc-default-executor-3] INFO  impl.RoleInfo (RoleInfo.java:shutdownFollowerState(121)) - c652e2ee-3322-4406-8db6-1ea643cb3197: shutdown FollowerState
2019-10-18 11:26:04,316 [grpc-default-executor-3] INFO  impl.RoleInfo (RoleInfo.java:updateAndGet(143)) - c652e2ee-3322-4406-8db6-1ea643cb3197: start FollowerState
2019-10-18 11:26:04,316 [Thread-4847] INFO  impl.FollowerState (FollowerState.java:run(117)) - c652e2ee-3322-4406-8db6-1ea643cb3197@group-7E32184879DE-FollowerState was interrupted: java.lang.InterruptedException: sleep interrupted
2019-10-18 11:26:04,321 [f535bb4a-cba0-4f9b-9e3e-e4a48b3eda51@group-7E32184879DE-LeaderElection689] INFO  impl.LeaderElection (LeaderElection.java:logAndReturn(56)) - f535bb4a-cba0-4f9b-9e3e-e4a48b3eda51@group-7E32184879DE-LeaderElection689: Election TIMEOUT; received 0 response(s) [] and 0 exception(s); f535bb4a-cba0-4f9b-9e3e-e4a48b3eda51@group-7E32184879DE:t805, leader=null, voted=f535bb4a-cba0-4f9b-9e3e-e4a48b3eda51, raftlog=f535bb4a-cba0-4f9b-9e3e-e4a48b3eda51@group-7E32184879DE-SegmentedRaftLog:OPENED:c-1,f-1,i0, conf=-1: [f535bb4a-cba0-4f9b-9e3e-e4a48b3eda51:0.0.0.0:44706, 54aabb14-4a7d-4ab3-adbe-2e67760b87f4:0.0.0.0:43074, c652e2ee-3322-4406-8db6-1ea643cb3197:0.0.0.0:42129], old=null
2019-10-18 11:26:04,340 [f535bb4a-cba0-4f9b-9e3e-e4a48b3eda51@group-7E32184879DE-LeaderElection689] INFO  impl.LeaderElection (LeaderElection.java:askForVotes(178)) - f535bb4a-cba0-4f9b-9e3e-e4a48b3eda51@group-7E32184879DE-LeaderElection689: begin an election at term 806 for -1: [f535bb4a-cba0-4f9b-9e3e-e4a48b3eda51:0.0.0.0:44706, 54aabb14-4a7d-4ab3-adbe-2e67760b87f4:0.0.0.0:43074, c652e2ee-3322-4406-8db6-1ea643cb3197:0.0.0.0:42129], old=null
2019-10-18 11:26:04,341 [grpc-default-executor-2] INFO  impl.RaftServerImpl (RaftServerImpl.java:setRole(184)) - 54aabb14-4a7d-4ab3-adbe-2e67760b87f4@group-7E32184879DE: changes role from  FOLLOWER to FOLLOWER at term 806 for recognizeCandidate:f535bb4a-cba0-4f9b-9e3e-e4a48b3eda51
2019-10-18 11:26:04,341 [grpc-default-executor-2] INFO  impl.RoleInfo (RoleInfo.java:shutdownFollowerState(121)) - 54aabb14-4a7d-4ab3-adbe-2e67760b87f4: shutdown FollowerState
2019-10-18 11:26:04,341 [grpc-default-executor-2] INFO  impl.RoleInfo (RoleInfo.java:updateAndGet(143)) - 54aabb14-4a7d-4ab3-adbe-2e67760b87f4: start FollowerState
2019-10-18 11:26:04,341 [Thread-4853] INFO  impl.FollowerState (FollowerState.java:run(117)) - 54aabb14-4a7d-4ab3-adbe-2e67760b87f4@group-7E32184879DE-FollowerState was interrupted: java.lang.InterruptedException: sleep interrupted
2019-10-18 11:26:04,341 [grpc-default-executor-3] INFO  impl.RaftServerImpl (RaftServerImpl.java:setRole(184)) - c652e2ee-3322-4406-8db6-1ea643cb3197@group-7E32184879DE: changes role from  FOLLOWER to FOLLOWER at term 806 for recognizeCandidate:f535bb4a-cba0-4f9b-9e3e-e4a48b3eda51
2019-10-18 11:26:04,341 [grpc-default-executor-3] INFO  impl.RoleInfo (RoleInfo.java:shutdownFollowerState(121)) - c652e2ee-3322-4406-8db6-1ea643cb3197: shutdown FollowerState
2019-10-18 11:26:04,341 [grpc-default-executor-3] INFO  impl.RoleInfo (RoleInfo.java:updateAndGet(143)) - c652e2ee-3322-4406-8db6-1ea643cb3197: start FollowerState
2019-10-18 11:26:04,341 [Thread-4854] INFO  impl.FollowerState (FollowerState.java:run(117)) - c652e2ee-3322-4406-8db6-1ea643cb3197@group-7E32184879DE-FollowerState was interrupted: java.lang.InterruptedException: sleep interrupted
2019-10-18 11:26:04,365 [f535bb4a-cba0-4f9b-9e3e-e4a48b3eda51@group-7E32184879DE-LeaderElection689] INFO  impl.LeaderElection (LeaderElection.java:logAndReturn(56)) - f535bb4a-cba0-4f9b-9e3e-e4a48b3eda51@group-7E32184879DE-LeaderElection689: Election REJECTED; received 2 response(s) [f535bb4a-cba0-4f9b-9e3e-e4a48b3eda51<-54aabb14-4a7d-4ab3-adbe-2e67760b87f4#0:FAIL-t806, f535bb4a-cba0-4f9b-9e3e-e4a48b3eda51<-c652e2ee-3322-4406-8db6-1ea643cb3197#0:FAIL-t806] and 0 exception(s); f535bb4a-cba0-4f9b-9e3e-e4a48b3eda51@group-7E32184879DE:t806, leader=null, voted=f535bb4a-cba0-4f9b-9e3e-e4a48b3eda51, raftlog=f535bb4a-cba0-4f9b-9e3e-e4a48b3eda51@group-7E32184879DE-SegmentedRaftLog:OPENED:c-1,f-1,i0, conf=-1: [f535bb4a-cba0-4f9b-9e3e-e4a48b3eda51:0.0.0.0:44706, 54aabb14-4a7d-4ab3-adbe-2e67760b87f4:0.0.0.0:43074, c652e2ee-3322-4406-8db6-1ea643cb3197:0.0.0.0:42129], old=null
2019-10-18 11:26:04,365 [f535bb4a-cba0-4f9b-9e3e-e4a48b3eda51@group-7E32184879DE-LeaderElection689] INFO  impl.RaftServerImpl (RaftServerImpl.java:setRole(184)) - f535bb4a-cba0-4f9b-9e3e-e4a48b3eda51@group-7E32184879DE: changes role from CANDIDATE to FOLLOWER at term 806 for DISCOVERED_A_NEW_TERM
2019-10-18 11:26:04,366 [f535bb4a-cba0-4f9b-9e3e-e4a48b3eda51@group-7E32184879DE-LeaderElection689] INFO  impl.RoleInfo (RoleInfo.java:shutdownLeaderElection(134)) - f535bb4a-cba0-4f9b-9e3e-e4a48b3eda51: shutdown LeaderElection
2019-10-18 11:26:04,366 [f535bb4a-cba0-4f9b-9e3e-e4a48b3eda51@group-7E32184879DE-LeaderElection689] INFO  impl.RoleInfo (RoleInfo.java:updateAndGet(143)) - f535bb4a-cba0-4f9b-9e3e-e4a48b3eda51: start FollowerState
2019-10-18 11:26:04,396 [Thread-4859] INFO  impl.FollowerState (FollowerState.java:run(108)) - f535bb4a-cba0-4f9b-9e3e-e4a48b3eda51@group-7E32184879DE-FollowerState: change to CANDIDATE, lastRpcTime:30ms, electionTimeout:30ms
2019-10-18 11:26:04,396 [Thread-4859] INFO  impl.RoleInfo (RoleInfo.java:shutdownFollowerState(121)) - f535bb4a-cba0-4f9b-9e3e-e4a48b3eda51: shutdown FollowerState
2019-10-18 11:26:04,396 [Thread-4859] INFO  impl.RaftServerImpl (RaftServerImpl.java:setRole(184)) - f535bb4a-cba0-4f9b-9e3e-e4a48b3eda51@group-7E32184879DE: changes role from  FOLLOWER to CANDIDATE at term 806 for changeToCandidate
2019-10-18 11:26:04,396 [Thread-4859] INFO  impl.RoleInfo (RoleInfo.java:updateAndGet(143)) - f535bb4a-cba0-4f9b-9e3e-e4a48b3eda51: start LeaderElection
2019-10-18 11:26:04,424 [f535bb4a-cba0-4f9b-9e3e-e4a48b3eda51@group-7E32184879DE-LeaderElection690] INFO  impl.LeaderElection (LeaderElection.java:askForVotes(178)) - f535bb4a-cba0-4f9b-9e3e-e4a48b3eda51@group-7E32184879DE-LeaderElection690: begin an election at term 807 for -1: [f535bb4a-cba0-4f9b-9e3e-e4a48b3eda51:0.0.0.0:44706, 54aabb14-4a7d-4ab3-adbe-2e67760b87f4:0.0.0.0:43074, c652e2ee-3322-4406-8db6-1ea643cb3197:0.0.0.0:42129], old=null
2019-10-18 11:26:04,425 [grpc-default-executor-2] INFO  impl.RaftServerImpl (RaftServerImpl.java:setRole(184)) - 54aabb14-4a7d-4ab3-adbe-2e67760b87f4@group-7E32184879DE: changes role from  FOLLOWER to FOLLOWER at term 807 for recognizeCandidate:f535bb4a-cba0-4f9b-9e3e-e4a48b3eda51
2019-10-18 11:26:04,425 [grpc-default-executor-2] INFO  impl.RoleInfo (RoleInfo.java:shutdownFollowerState(121)) - 54aabb14-4a7d-4ab3-adbe-2e67760b87f4: shutdown FollowerState
2019-10-18 11:26:04,425 [grpc-default-executor-3] INFO  impl.RaftServerImpl (RaftServerImpl.java:setRole(184)) - c652e2ee-3322-4406-8db6-1ea643cb3197@group-7E32184879DE: changes role from  FOLLOWER to FOLLOWER at term 807 for recognizeCandidate:f535bb4a-cba0-4f9b-9e3e-e4a48b3eda51
2019-10-18 11:26:04,425 [grpc-default-executor-3] INFO  impl.RoleInfo (RoleInfo.java:shutdownFollowerState(121)) - c652e2ee-3322-4406-8db6-1ea643cb3197: shutdown FollowerState
2019-10-18 11:26:04,425 [grpc-default-executor-2] INFO  impl.RoleInfo (RoleInfo.java:updateAndGet(143)) - 54aabb14-4a7d-4ab3-adbe-2e67760b87f4: start FollowerState
2019-10-18 11:26:04,426 [Thread-4858] INFO  impl.FollowerState (FollowerState.java:run(117)) - c652e2ee-3322-4406-8db6-1ea643cb3197@group-7E32184879DE-FollowerState was interrupted: java.lang.InterruptedException: sleep interrupted
2019-10-18 11:26:04,426 [grpc-default-executor-3] INFO  impl.RoleInfo (RoleInfo.java:updateAndGet(143)) - c652e2ee-3322-4406-8db6-1ea643cb3197: start FollowerState
2019-10-18 11:26:04,426 [Thread-4857] INFO  impl.FollowerState (FollowerState.java:run(117)) - 54aabb14-4a7d-4ab3-adbe-2e67760b87f4@group-7E32184879DE-FollowerState was interrupted: java.lang.InterruptedException: sleep interrupted
2019-10-18 11:26:04,449 [f535bb4a-cba0-4f9b-9e3e-e4a48b3eda51@group-7E32184879DE-LeaderElection690] INFO  impl.LeaderElection (LeaderElection.java:logAndReturn(56)) - f535bb4a-cba0-4f9b-9e3e-e4a48b3eda51@group-7E32184879DE-LeaderElection690: Election REJECTED; received 2 response(s) [f535bb4a-cba0-4f9b-9e3e-e4a48b3eda51<-54aabb14-4a7d-4ab3-adbe-2e67760b87f4#0:FAIL-t807, f535bb4a-cba0-4f9b-9e3e-e4a48b3eda51<-c652e2ee-3322-4406-8db6-1ea643cb3197#0:FAIL-t807] and 0 exception(s); f535bb4a-cba0-4f9b-9e3e-e4a48b3eda51@group-7E32184879DE:t807, leader=null, voted=f535bb4a-cba0-4f9b-9e3e-e4a48b3eda51, raftlog=f535bb4a-cba0-4f9b-9e3e-e4a48b3eda51@group-7E32184879DE-SegmentedRaftLog:OPENED:c-1,f-1,i0, conf=-1: [f535bb4a-cba0-4f9b-9e3e-e4a48b3eda51:0.0.0.0:44706, 54aabb14-4a7d-4ab3-adbe-2e67760b87f4:0.0.0.0:43074, c652e2ee-3322-4406-8db6-1ea643cb3197:0.0.0.0:42129], old=null
2019-10-18 11:26:04,450 [f535bb4a-cba0-4f9b-9e3e-e4a48b3eda51@group-7E32184879DE-LeaderElection690] INFO  impl.RaftServerImpl (RaftServerImpl.java:setRole(184)) - f535bb4a-cba0-4f9b-9e3e-e4a48b3eda51@group-7E32184879DE: changes role from CANDIDATE to FOLLOWER at term 807 for DISCOVERED_A_NEW_TERM
2019-10-18 11:26:04,450 [f535bb4a-cba0-4f9b-9e3e-e4a48b3eda51@group-7E32184879DE-LeaderElection690] INFO  impl.RoleInfo (RoleInfo.java:shutdownLeaderElection(134)) - f535bb4a-cba0-4f9b-9e3e-e4a48b3eda51: shutdown LeaderElection
2019-10-18 11:26:04,450 [f535bb4a-cba0-4f9b-9e3e-e4a48b3eda51@group-7E32184879DE-LeaderElection690] INFO  impl.RoleInfo (RoleInfo.java:updateAndGet(143)) - f535bb4a-cba0-4f9b-9e3e-e4a48b3eda51: start FollowerState
2019-10-18 11:26:04,516 [Thread-4865] INFO  impl.FollowerState (FollowerState.java:run(108)) - f535bb4a-cba0-4f9b-9e3e-e4a48b3eda51@group-7E32184879DE-FollowerState: change to CANDIDATE, lastRpcTime:66ms, electionTimeout:66ms
2019-10-18 11:26:04,516 [Thread-4865] INFO  impl.RoleInfo (RoleInfo.java:shutdownFollowerState(121)) - f535bb4a-cba0-4f9b-9e3e-e4a48b3eda51: shutdown FollowerState
2019-10-18 11:26:04,516 [Thread-4865] INFO  impl.RaftServerImpl (RaftServerImpl.java:setRole(184)) - f535bb4a-cba0-4f9b-9e3e-e4a48b3eda51@group-7E32184879DE: changes role from  FOLLOWER to CANDIDATE at term 807 for changeToCandidate
2019-10-18 11:26:04,517 [Thread-4865] INFO  impl.RoleInfo (RoleInfo.java:updateAndGet(143)) - f535bb4a-cba0-4f9b-9e3e-e4a48b3eda51: start LeaderElection
2019-10-18 11:26:04,541 [f535bb4a-cba0-4f9b-9e3e-e4a48b3eda51@group-7E32184879DE-LeaderElection691] INFO  impl.LeaderElection (LeaderElection.java:askForVotes(178)) - f535bb4a-cba0-4f9b-9e3e-e4a48b3eda51@group-7E32184879DE-LeaderElection691: begin an election at term 808 for -1: [f535bb4a-cba0-4f9b-9e3e-e4a48b3eda51:0.0.0.0:44706, 54aabb14-4a7d-4ab3-adbe-2e67760b87f4:0.0.0.0:43074, c652e2ee-3322-4406-8db6-1ea643cb3197:0.0.0.0:42129], old=null
2019-10-18 11:26:04,542 [grpc-default-executor-2] INFO  impl.RaftServerImpl (RaftServerImpl.java:setRole(184)) - c652e2ee-3322-4406-8db6-1ea643cb3197@group-7E32184879DE: changes role from  FOLLOWER to FOLLOWER at term 808 for recognizeCandidate:f535bb4a-cba0-4f9b-9e3e-e4a48b3eda51
2019-10-18 11:26:04,542 [grpc-default-executor-2] INFO  impl.RoleInfo (RoleInfo.java:shutdownFollowerState(121)) - c652e2ee-3322-4406-8db6-1ea643cb3197: shutdown FollowerState
2019-10-18 11:26:04,542 [grpc-default-executor-3] INFO  impl.RaftServerImpl (RaftServerImpl.java:setRole(184)) - 54aabb14-4a7d-4ab3-adbe-2e67760b87f4@group-7E32184879DE: changes role from  FOLLOWER to FOLLOWER at term 808 for recognizeCandidate:f535bb4a-cba0-4f9b-9e3e-e4a48b3eda51
2019-10-18 11:26:04,543 [grpc-default-executor-3] INFO  impl.RoleInfo (RoleInfo.java:shutdownFollowerState(121)) - 54aabb14-4a7d-4ab3-adbe-2e67760b87f4: shutdown FollowerState
2019-10-18 11:26:04,543 [grpc-default-executor-2] INFO  impl.RoleInfo (RoleInfo.java:updateAndGet(143)) - c652e2ee-3322-4406-8db6-1ea643cb3197: start FollowerState
2019-10-18 11:26:04,543 [Thread-4863] INFO  impl.FollowerState (FollowerState.java:run(117)) - 54aabb14-4a7d-4ab3-adbe-2e67760b87f4@group-7E32184879DE-FollowerState was interrupted: java.lang.InterruptedException: sleep interrupted
2019-10-18 11:26:04,543 [grpc-default-executor-3] INFO  impl.RoleInfo (RoleInfo.java:updateAndGet(143)) - 54aabb14-4a7d-4ab3-adbe-2e67760b87f4: start FollowerState
2019-10-18 11:26:04,543 [Thread-4864] INFO  impl.FollowerState (FollowerState.java:run(117)) - c652e2ee-3322-4406-8db6-1ea643cb3197@group-7E32184879DE-FollowerState was interrupted: java.lang.InterruptedException: sleep interrupted
2019-10-18 11:26:04,567 [f535bb4a-cba0-4f9b-9e3e-e4a48b3eda51@group-7E32184879DE-LeaderElection691] INFO  impl.LeaderElection (LeaderElection.java:logAndReturn(56)) - f535bb4a-cba0-4f9b-9e3e-e4a48b3eda51@group-7E32184879DE-LeaderElection691: Election REJECTED; received 2 response(s) [f535bb4a-cba0-4f9b-9e3e-e4a48b3eda51<-54aabb14-4a7d-4ab3-adbe-2e67760b87f4#0:FAIL-t808, f535bb4a-cba0-4f9b-9e3e-e4a48b3eda51<-c652e2ee-3322-4406-8db6-1ea643cb3197#0:FAIL-t808] and 0 exception(s); f535bb4a-cba0-4f9b-9e3e-e4a48b3eda51@group-7E32184879DE:t808, leader=null, voted=f535bb4a-cba0-4f9b-9e3e-e4a48b3eda51, raftlog=f535bb4a-cba0-4f9b-9e3e-e4a48b3eda51@group-7E32184879DE-SegmentedRaftLog:OPENED:c-1,f-1,i0, conf=-1: [f535bb4a-cba0-4f9b-9e3e-e4a48b3eda51:0.0.0.0:44706, 54aabb14-4a7d-4ab3-adbe-2e67760b87f4:0.0.0.0:43074, c652e2ee-3322-4406-8db6-1ea643cb3197:0.0.0.0:42129], old=null
2019-10-18 11:26:04,567 [f535bb4a-cba0-4f9b-9e3e-e4a48b3eda51@group-7E32184879DE-LeaderElection691] INFO  impl.RaftServerImpl (RaftServerImpl.java:setRole(184)) - f535bb4a-cba0-4f9b-9e3e-e4a48b3eda51@group-7E32184879DE: changes role from CANDIDATE to FOLLOWER at term 808 for DISCOVERED_A_NEW_TERM
2019-10-18 11:26:04,567 [f535bb4a-cba0-4f9b-9e3e-e4a48b3eda51@group-7E32184879DE-LeaderElection691] INFO  impl.RoleInfo (RoleInfo.java:shutdownLeaderElection(134)) - f535bb4a-cba0-4f9b-9e3e-e4a48b3eda51: shutdown LeaderElection
2019-10-18 11:26:04,567 [f535bb4a-cba0-4f9b-9e3e-e4a48b3eda51@group-7E32184879DE-LeaderElection691] INFO  impl.RoleInfo (RoleInfo.java:updateAndGet(143)) - f535bb4a-cba0-4f9b-9e3e-e4a48b3eda51: start FollowerState
2019-10-18 11:26:04,590 [Thread-4871] INFO  impl.FollowerState (FollowerState.java:run(108)) - f535bb4a-cba0-4f9b-9e3e-e4a48b3eda51@group-7E32184879DE-FollowerState: change to CANDIDATE, lastRpcTime:22ms, electionTimeout:22ms
2019-10-18 11:26:04,590 [Thread-4871] INFO  impl.RoleInfo (RoleInfo.java:shutdownFollowerState(121)) - f535bb4a-cba0-4f9b-9e3e-e4a48b3eda51: shutdown FollowerState
2019-10-18 11:26:04,590 [Thread-4871] INFO  impl.RaftServerImpl (RaftServerImpl.java:setRole(184)) - f535bb4a-cba0-4f9b-9e3e-e4a48b3eda51@group-7E32184879DE: changes role from  FOLLOWER to CANDIDATE at term 808 for changeToCandidate
2019-10-18 11:26:04,590 [Thread-4871] INFO  impl.RoleInfo (RoleInfo.java:updateAndGet(143)) - f535bb4a-cba0-4f9b-9e3e-e4a48b3eda51: start LeaderElection
2019-10-18 11:26:04,617 [f535bb4a-cba0-4f9b-9e3e-e4a48b3eda51@group-7E32184879DE-LeaderElection692] INFO  impl.LeaderElection (LeaderElection.java:askForVotes(178)) - f535bb4a-cba0-4f9b-9e3e-e4a48b3eda51@group-7E32184879DE-LeaderElection692: begin an election at term 809 for -1: [f535bb4a-cba0-4f9b-9e3e-e4a48b3eda51:0.0.0.0:44706, 54aabb14-4a7d-4ab3-adbe-2e67760b87f4:0.0.0.0:43074, c652e2ee-3322-4406-8db6-1ea643cb3197:0.0.0.0:42129], old=null
2019-10-18 11:26:04,618 [grpc-default-executor-2] INFO  impl.RaftServerImpl (RaftServerImpl.java:setRole(184)) - 54aabb14-4a7d-4ab3-adbe-2e67760b87f4@group-7E32184879DE: changes role from  FOLLOWER to FOLLOWER at term 809 for recognizeCandidate:f535bb4a-cba0-4f9b-9e3e-e4a48b3eda51
2019-10-18 11:26:04,618 [grpc-default-executor-2] INFO  impl.RoleInfo (RoleInfo.java:shutdownFollowerState(121)) - 54aabb14-4a7d-4ab3-adbe-2e67760b87f4: shutdown FollowerState
2019-10-18 11:26:04,618 [grpc-default-executor-3] INFO  impl.RaftServerImpl (RaftServerImpl.java:setRole(184)) - c652e2ee-3322-4406-8db6-1ea643cb3197@group-7E32184879DE: changes role from  FOLLOWER to FOLLOWER at term 809 for recognizeCandidate:f535bb4a-cba0-4f9b-9e3e-e4a48b3eda51
2019-10-18 11:26:04,618 [Thread-4870] INFO  impl.FollowerState (FollowerState.java:run(117)) - 54aabb14-4a7d-4ab3-adbe-2e67760b87f4@group-7E32184879DE-FollowerState was interrupted: java.lang.InterruptedException: sleep interrupted
2019-10-18 11:26:04,618 [grpc-default-executor-2] INFO  impl.RoleInfo (RoleInfo.java:updateAndGet(143)) - 54aabb14-4a7d-4ab3-adbe-2e67760b87f4: start FollowerState
2019-10-18 11:26:04,618 [grpc-default-executor-3] INFO  impl.RoleInfo (RoleInfo.java:shutdownFollowerState(121)) - c652e2ee-3322-4406-8db6-1ea643cb3197: shutdown FollowerState
2019-10-18 11:26:04,619 [grpc-default-executor-3] INFO  impl.RoleInfo (RoleInfo.java:updateAndGet(143)) - c652e2ee-3322-4406-8db6-1ea643cb3197: start FollowerState
2019-10-18 11:26:04,619 [Thread-4869] INFO  impl.FollowerState (FollowerState.java:run(117)) - c652e2ee-3322-4406-8db6-1ea643cb3197@group-7E32184879DE-FollowerState was interrupted: java.lang.InterruptedException: sleep interrupted
2019-10-18 11:26:04,628 [f535bb4a-cba0-4f9b-9e3e-e4a48b3eda51@group-7E32184879DE-LeaderElection692] INFO  impl.LeaderElection (LeaderElection.java:logAndReturn(56)) - f535bb4a-cba0-4f9b-9e3e-e4a48b3eda51@group-7E32184879DE-LeaderElection692: Election TIMEOUT; received 0 response(s) [] and 0 exception(s); f535bb4a-cba0-4f9b-9e3e-e4a48b3eda51@group-7E32184879DE:t809, leader=null, voted=f535bb4a-cba0-4f9b-9e3e-e4a48b3eda51, raftlog=f535bb4a-cba0-4f9b-9e3e-e4a48b3eda51@group-7E32184879DE-SegmentedRaftLog:OPENED:c-1,f-1,i0, conf=-1: [f535bb4a-cba0-4f9b-9e3e-e4a48b3eda51:0.0.0.0:44706, 54aabb14-4a7d-4ab3-adbe-2e67760b87f4:0.0.0.0:43074, c652e2ee-3322-4406-8db6-1ea643cb3197:0.0.0.0:42129], old=null
2019-10-18 11:26:04,642 [f535bb4a-cba0-4f9b-9e3e-e4a48b3eda51@group-7E32184879DE-LeaderElection692] INFO  impl.LeaderElection (LeaderElection.java:askForVotes(178)) - f535bb4a-cba0-4f9b-9e3e-e4a48b3eda51@group-7E32184879DE-LeaderElection692: begin an election at term 810 for -1: [f535bb4a-cba0-4f9b-9e3e-e4a48b3eda51:0.0.0.0:44706, 54aabb14-4a7d-4ab3-adbe-2e67760b87f4:0.0.0.0:43074, c652e2ee-3322-4406-8db6-1ea643cb3197:0.0.0.0:42129], old=null
2019-10-18 11:26:04,643 [grpc-default-executor-3] INFO  impl.RaftServerImpl (RaftServerImpl.java:setRole(184)) - 54aabb14-4a7d-4ab3-adbe-2e67760b87f4@group-7E32184879DE: changes role from  FOLLOWER to FOLLOWER at term 810 for recognizeCandidate:f535bb4a-cba0-4f9b-9e3e-e4a48b3eda51
2019-10-18 11:26:04,643 [grpc-default-executor-2] INFO  impl.RaftServerImpl (RaftServerImpl.java:setRole(184)) - c652e2ee-3322-4406-8db6-1ea643cb3197@group-7E32184879DE: changes role from  FOLLOWER to FOLLOWER at term 810 for recognizeCandidate:f535bb4a-cba0-4f9b-9e3e-e4a48b3eda51
2019-10-18 11:26:04,644 [grpc-default-executor-2] INFO  impl.RoleInfo (RoleInfo.java:shutdownFollowerState(121)) - c652e2ee-3322-4406-8db6-1ea643cb3197: shutdown FollowerState
2019-10-18 11:26:04,644 [grpc-default-executor-3] INFO  impl.RoleInfo (RoleInfo.java:shutdownFollowerState(121)) - 54aabb14-4a7d-4ab3-adbe-2e67760b87f4: shutdown FollowerState
2019-10-18 11:26:04,644 [Thread-4876] INFO  impl.FollowerState (FollowerState.java:run(117)) - c652e2ee-3322-4406-8db6-1ea643cb3197@group-7E32184879DE-FollowerState was interrupted: java.lang.InterruptedException: sleep interrupted
2019-10-18 11:26:04,644 [grpc-default-executor-2] INFO  impl.RoleInfo (RoleInfo.java:updateAndGet(143)) - c652e2ee-3322-4406-8db6-1ea643cb3197: start FollowerState
2019-10-18 11:26:04,644 [Thread-4875] INFO  impl.FollowerState (FollowerState.java:run(117)) - 54aabb14-4a7d-4ab3-adbe-2e67760b87f4@group-7E32184879DE-FollowerState was interrupted: java.lang.InterruptedException: sleep interrupted
2019-10-18 11:26:04,644 [grpc-default-executor-3] INFO  impl.RoleInfo (RoleInfo.java:updateAndGet(143)) - 54aabb14-4a7d-4ab3-adbe-2e67760b87f4: start FollowerState
2019-10-18 11:26:04,668 [f535bb4a-cba0-4f9b-9e3e-e4a48b3eda51@group-7E32184879DE-LeaderElection692] INFO  impl.LeaderElection (LeaderElection.java:logAndReturn(56)) - f535bb4a-cba0-4f9b-9e3e-e4a48b3eda51@group-7E32184879DE-LeaderElection692: Election REJECTED; received 2 response(s) [f535bb4a-cba0-4f9b-9e3e-e4a48b3eda51<-54aabb14-4a7d-4ab3-adbe-2e67760b87f4#0:FAIL-t810, f535bb4a-cba0-4f9b-9e3e-e4a48b3eda51<-c652e2ee-3322-4406-8db6-1ea643cb3197#0:FAIL-t810] and 0 exception(s); f535bb4a-cba0-4f9b-9e3e-e4a48b3eda51@group-7E32184879DE:t810, leader=null, voted=f535bb4a-cba0-4f9b-9e3e-e4a48b3eda51, raftlog=f535bb4a-cba0-4f9b-9e3e-e4a48b3eda51@group-7E32184879DE-SegmentedRaftLog:OPENED:c-1,f-1,i0, conf=-1: [f535bb4a-cba0-4f9b-9e3e-e4a48b3eda51:0.0.0.0:44706, 54aabb14-4a7d-4ab3-adbe-2e67760b87f4:0.0.0.0:43074, c652e2ee-3322-4406-8db6-1ea643cb3197:0.0.0.0:42129], old=null
2019-10-18 11:26:04,668 [f535bb4a-cba0-4f9b-9e3e-e4a48b3eda51@group-7E32184879DE-LeaderElection692] INFO  impl.RaftServerImpl (RaftServerImpl.java:setRole(184)) - f535bb4a-cba0-4f9b-9e3e-e4a48b3eda51@group-7E32184879DE: changes role from CANDIDATE to FOLLOWER at term 810 for DISCOVERED_A_NEW_TERM
2019-10-18 11:26:04,668 [f535bb4a-cba0-4f9b-9e3e-e4a48b3eda51@group-7E32184879DE-LeaderElection692] INFO  impl.RoleInfo (RoleInfo.java:shutdownLeaderElection(134)) - f535bb4a-cba0-4f9b-9e3e-e4a48b3eda51: shutdown LeaderElection
2019-10-18 11:26:04,668 [f535bb4a-cba0-4f9b-9e3e-e4a48b3eda51@group-7E32184879DE-LeaderElection692] INFO  impl.RoleInfo (RoleInfo.java:updateAndGet(143)) - f535bb4a-cba0-4f9b-9e3e-e4a48b3eda51: start FollowerState
2019-10-18 11:26:04,672 [Thread-4881] INFO  impl.FollowerState (FollowerState.java:run(108)) - f535bb4a-cba0-4f9b-9e3e-e4a48b3eda51@group-7E32184879DE-FollowerState: change to CANDIDATE, lastRpcTime:3ms, electionTimeout:3ms
2019-10-18 11:26:04,672 [Thread-4881] INFO  impl.RoleInfo (RoleInfo.java:shutdownFollowerState(121)) - f535bb4a-cba0-4f9b-9e3e-e4a48b3eda51: shutdown FollowerState
2019-10-18 11:26:04,672 [Thread-4881] INFO  impl.RaftServerImpl (RaftServerImpl.java:setRole(184)) - f535bb4a-cba0-4f9b-9e3e-e4a48b3eda51@group-7E32184879DE: changes role from  FOLLOWER to CANDIDATE at term 810 for changeToCandidate
2019-10-18 11:26:04,672 [Thread-4881] INFO  impl.RoleInfo (RoleInfo.java:updateAndGet(143)) - f535bb4a-cba0-4f9b-9e3e-e4a48b3eda51: start LeaderElection
2019-10-18 11:26:04,701 [f535bb4a-cba0-4f9b-9e3e-e4a48b3eda51@group-7E32184879DE-LeaderElection693] INFO  impl.LeaderElection (LeaderElection.java:askForVotes(178)) - f535bb4a-cba0-4f9b-9e3e-e4a48b3eda51@group-7E32184879DE-LeaderElection693: begin an election at term 811 for -1: [f535bb4a-cba0-4f9b-9e3e-e4a48b3eda51:0.0.0.0:44706, 54aabb14-4a7d-4ab3-adbe-2e67760b87f4:0.0.0.0:43074, c652e2ee-3322-4406-8db6-1ea643cb3197:0.0.0.0:42129], old=null
2019-10-18 11:26:04,703 [grpc-default-executor-3] INFO  impl.RaftServerImpl (RaftServerImpl.java:setRole(184)) - 54aabb14-4a7d-4ab3-adbe-2e67760b87f4@group-7E32184879DE: changes role from  FOLLOWER to FOLLOWER at term 811 for recognizeCandidate:f535bb4a-cba0-4f9b-9e3e-e4a48b3eda51
2019-10-18 11:26:04,703 [grpc-default-executor-3] INFO  impl.RoleInfo (RoleInfo.java:shutdownFollowerState(121)) - 54aabb14-4a7d-4ab3-adbe-2e67760b87f4: shutdown FollowerState
2019-10-18 11:26:04,703 [grpc-default-executor-2] INFO  impl.RaftServerImpl (RaftServerImpl.java:setRole(184)) - c652e2ee-3322-4406-8db6-1ea643cb3197@group-7E32184879DE: changes role from  FOLLOWER to FOLLOWER at term 811 for recognizeCandidate:f535bb4a-cba0-4f9b-9e3e-e4a48b3eda51
2019-10-18 11:26:04,703 [grpc-default-executor-2] INFO  impl.RoleInfo (RoleInfo.java:shutdownFollowerState(121)) - c652e2ee-3322-4406-8db6-1ea643cb3197: shutdown FollowerState
2019-10-18 11:26:04,703 [Thread-4880] INFO  impl.FollowerState (FollowerState.java:run(117)) - 54aabb14-4a7d-4ab3-adbe-2e67760b87f4@group-7E32184879DE-FollowerState was interrupted: java.lang.InterruptedException: sleep interrupted
2019-10-18 11:26:04,703 [grpc-default-executor-3] INFO  impl.RoleInfo (RoleInfo.java:updateAndGet(143)) - 54aabb14-4a7d-4ab3-adbe-2e67760b87f4: start FollowerState
2019-10-18 11:26:04,703 [Thread-4879] INFO  impl.FollowerState (FollowerState.java:run(117)) - c652e2ee-3322-4406-8db6-1ea643cb3197@group-7E32184879DE-FollowerState was interrupted: java.lang.InterruptedException: sleep interrupted
2019-10-18 11:26:04,703 [grpc-default-executor-2] INFO  impl.RoleInfo (RoleInfo.java:updateAndGet(143)) - c652e2ee-3322-4406-8db6-1ea643cb3197: start FollowerState
2019-10-18 11:26:04,727 [f535bb4a-cba0-4f9b-9e3e-e4a48b3eda51@group-7E32184879DE-LeaderElection693] INFO  impl.LeaderElection (LeaderElection.java:logAndReturn(56)) - f535bb4a-cba0-4f9b-9e3e-e4a48b3eda51@group-7E32184879DE-LeaderElection693: Election REJECTED; received 2 response(s) [f535bb4a-cba0-4f9b-9e3e-e4a48b3eda51<-54aabb14-4a7d-4ab3-adbe-2e67760b87f4#0:FAIL-t811, f535bb4a-cba0-4f9b-9e3e-e4a48b3eda51<-c652e2ee-3322-4406-8db6-1ea643cb3197#0:FAIL-t811] and 0 exception(s); f535bb4a-cba0-4f9b-9e3e-e4a48b3eda51@group-7E32184879DE:t811, leader=null, voted=f535bb4a-cba0-4f9b-9e3e-e4a48b3eda51, raftlog=f535bb4a-cba0-4f9b-9e3e-e4a48b3eda51@group-7E32184879DE-SegmentedRaftLog:OPENED:c-1,f-1,i0, conf=-1: [f535bb4a-cba0-4f9b-9e3e-e4a48b3eda51:0.0.0.0:44706, 54aabb14-4a7d-4ab3-adbe-2e67760b87f4:0.0.0.0:43074, c652e2ee-3322-4406-8db6-1ea643cb3197:0.0.0.0:42129], old=null
2019-10-18 11:26:04,727 [f535bb4a-cba0-4f9b-9e3e-e4a48b3eda51@group-7E32184879DE-LeaderElection693] INFO  impl.RaftServerImpl (RaftServerImpl.java:setRole(184)) - f535bb4a-cba0-4f9b-9e3e-e4a48b3eda51@group-7E32184879DE: changes role from CANDIDATE to FOLLOWER at term 811 for DISCOVERED_A_NEW_TERM
2019-10-18 11:26:04,727 [f535bb4a-cba0-4f9b-9e3e-e4a48b3eda51@group-7E32184879DE-LeaderElection693] INFO  impl.RoleInfo (RoleInfo.java:shutdownLeaderElection(134)) - f535bb4a-cba0-4f9b-9e3e-e4a48b3eda51: shutdown LeaderElection
2019-10-18 11:26:04,728 [f535bb4a-cba0-4f9b-9e3e-e4a48b3eda51@group-7E32184879DE-LeaderElection693] INFO  impl.RoleInfo (RoleInfo.java:updateAndGet(143)) - f535bb4a-cba0-4f9b-9e3e-e4a48b3eda51: start FollowerState
2019-10-18 11:26:04,805 [Thread-4887] INFO  impl.FollowerState (FollowerState.java:run(108)) - f535bb4a-cba0-4f9b-9e3e-e4a48b3eda51@group-7E32184879DE-FollowerState: change to CANDIDATE, lastRpcTime:77ms, electionTimeout:77ms
2019-10-18 11:26:04,805 [Thread-4887] INFO  impl.RoleInfo (RoleInfo.java:shutdownFollowerState(121)) - f535bb4a-cba0-4f9b-9e3e-e4a48b3eda51: shutdown FollowerState
2019-10-18 11:26:04,805 [Thread-4887] INFO  impl.RaftServerImpl (RaftServerImpl.java:setRole(184)) - f535bb4a-cba0-4f9b-9e3e-e4a48b3eda51@group-7E32184879DE: changes role from  FOLLOWER to CANDIDATE at term 811 for changeToCandidate
2019-10-18 11:26:04,805 [Thread-4887] INFO  impl.RoleInfo (RoleInfo.java:updateAndGet(143)) - f535bb4a-cba0-4f9b-9e3e-e4a48b3eda51: start LeaderElection
2019-10-18 11:26:04,835 [f535bb4a-cba0-4f9b-9e3e-e4a48b3eda51@group-7E32184879DE-LeaderElection694] INFO  impl.LeaderElection (LeaderElection.java:askForVotes(178)) - f535bb4a-cba0-4f9b-9e3e-e4a48b3eda51@group-7E32184879DE-LeaderElection694: begin an election at term 812 for -1: [f535bb4a-cba0-4f9b-9e3e-e4a48b3eda51:0.0.0.0:44706, 54aabb14-4a7d-4ab3-adbe-2e67760b87f4:0.0.0.0:43074, c652e2ee-3322-4406-8db6-1ea643cb3197:0.0.0.0:42129], old=null
2019-10-18 11:26:04,837 [grpc-default-executor-2] INFO  impl.RaftServerImpl (RaftServerImpl.java:setRole(184)) - 54aabb14-4a7d-4ab3-adbe-2e67760b87f4@group-7E32184879DE: changes role from  FOLLOWER to FOLLOWER at term 812 for recognizeCandidate:f535bb4a-cba0-4f9b-9e3e-e4a48b3eda51
2019-10-18 11:26:04,837 [grpc-default-executor-2] INFO  impl.RoleInfo (RoleInfo.java:shutdownFollowerState(121)) - 54aabb14-4a7d-4ab3-adbe-2e67760b87f4: shutdown FollowerState
2019-10-18 11:26:04,837 [grpc-default-executor-3] INFO  impl.RaftServerImpl (RaftServerImpl.java:setRole(184)) - c652e2ee-3322-4406-8db6-1ea643cb3197@group-7E32184879DE: changes role from  FOLLOWER to FOLLOWER at term 812 for recognizeCandidate:f535bb4a-cba0-4f9b-9e3e-e4a48b3eda51
2019-10-18 11:26:04,837 [grpc-default-executor-3] INFO  impl.RoleInfo (RoleInfo.java:shutdownFollowerState(121)) - c652e2ee-3322-4406-8db6-1ea643cb3197: shutdown FollowerState
2019-10-18 11:26:04,837 [Thread-4885] INFO  impl.FollowerState (FollowerState.java:run(117)) - 54aabb14-4a7d-4ab3-adbe-2e67760b87f4@group-7E32184879DE-FollowerState was interrupted: java.lang.InterruptedException: sleep interrupted
2019-10-18 11:26:04,838 [Thread-4886] INFO  impl.FollowerState (FollowerState.java:run(117)) - c652e2ee-3322-4406-8db6-1ea643cb3197@group-7E32184879DE-FollowerState was interrupted: java.lang.InterruptedException: sleep interrupted
2019-10-18 11:26:04,837 [grpc-default-executor-2] INFO  impl.RoleInfo (RoleInfo.java:updateAndGet(143)) - 54aabb14-4a7d-4ab3-adbe-2e67760b87f4: start FollowerState
2019-10-18 11:26:04,838 [grpc-default-executor-3] INFO  impl.RoleInfo (RoleInfo.java:updateAndGet(143)) - c652e2ee-3322-4406-8db6-1ea643cb3197: start FollowerState
2019-10-18 11:26:04,861 [f535bb4a-cba0-4f9b-9e3e-e4a48b3eda51@group-7E32184879DE-LeaderElection694] INFO  impl.LeaderElection (LeaderElection.java:logAndReturn(56)) - f535bb4a-cba0-4f9b-9e3e-e4a48b3eda51@group-7E32184879DE-LeaderElection694: Election REJECTED; received 2 response(s) [f535bb4a-cba0-4f9b-9e3e-e4a48b3eda51<-54aabb14-4a7d-4ab3-adbe-2e67760b87f4#0:FAIL-t812, f535bb4a-cba0-4f9b-9e3e-e4a48b3eda51<-c652e2ee-3322-4406-8db6-1ea643cb3197#0:FAIL-t812] and 0 exception(s); f535bb4a-cba0-4f9b-9e3e-e4a48b3eda51@group-7E32184879DE:t812, leader=null, voted=f535bb4a-cba0-4f9b-9e3e-e4a48b3eda51, raftlog=f535bb4a-cba0-4f9b-9e3e-e4a48b3eda51@group-7E32184879DE-SegmentedRaftLog:OPENED:c-1,f-1,i0, conf=-1: [f535bb4a-cba0-4f9b-9e3e-e4a48b3eda51:0.0.0.0:44706, 54aabb14-4a7d-4ab3-adbe-2e67760b87f4:0.0.0.0:43074, c652e2ee-3322-4406-8db6-1ea643cb3197:0.0.0.0:42129], old=null
2019-10-18 11:26:04,861 [f535bb4a-cba0-4f9b-9e3e-e4a48b3eda51@group-7E32184879DE-LeaderElection694] INFO  impl.RaftServerImpl (RaftServerImpl.java:setRole(184)) - f535bb4a-cba0-4f9b-9e3e-e4a48b3eda51@group-7E32184879DE: changes role from CANDIDATE to FOLLOWER at term 812 for DISCOVERED_A_NEW_TERM
2019-10-18 11:26:04,862 [f535bb4a-cba0-4f9b-9e3e-e4a48b3eda51@group-7E32184879DE-LeaderElection694] INFO  impl.RoleInfo (RoleInfo.java:shutdownLeaderElection(134)) - f535bb4a-cba0-4f9b-9e3e-e4a48b3eda51: shutdown LeaderElection
2019-10-18 11:26:04,862 [f535bb4a-cba0-4f9b-9e3e-e4a48b3eda51@group-7E32184879DE-LeaderElection694] INFO  impl.RoleInfo (RoleInfo.java:updateAndGet(143)) - f535bb4a-cba0-4f9b-9e3e-e4a48b3eda51: start FollowerState
2019-10-18 11:26:04,974 [Thread-4895] INFO  impl.FollowerState (FollowerState.java:run(108)) - f535bb4a-cba0-4f9b-9e3e-e4a48b3eda51@group-7E32184879DE-FollowerState: change to CANDIDATE, lastRpcTime:112ms, electionTimeout:112ms
2019-10-18 11:26:04,974 [Thread-4895] INFO  impl.RoleInfo (RoleInfo.java:shutdownFollowerState(121)) - f535bb4a-cba0-4f9b-9e3e-e4a48b3eda51: shutdown FollowerState
2019-10-18 11:26:04,974 [Thread-4895] INFO  impl.RaftServerImpl (RaftServerImpl.java:setRole(184)) - f535bb4a-cba0-4f9b-9e3e-e4a48b3eda51@group-7E32184879DE: changes role from  FOLLOWER to CANDIDATE at term 812 for changeToCandidate
2019-10-18 11:26:04,975 [Thread-4895] INFO  impl.RoleInfo (RoleInfo.java:updateAndGet(143)) - f535bb4a-cba0-4f9b-9e3e-e4a48b3eda51: start LeaderElection
2019-10-18 11:26:04,998 [f535bb4a-cba0-4f9b-9e3e-e4a48b3eda51@group-7E32184879DE-LeaderElection695] INFO  impl.LeaderElection (LeaderElection.java:askForVotes(178)) - f535bb4a-cba0-4f9b-9e3e-e4a48b3eda51@group-7E32184879DE-LeaderElection695: begin an election at term 813 for -1: [f535bb4a-cba0-4f9b-9e3e-e4a48b3eda51:0.0.0.0:44706, 54aabb14-4a7d-4ab3-adbe-2e67760b87f4:0.0.0.0:43074, c652e2ee-3322-4406-8db6-1ea643cb3197:0.0.0.0:42129], old=null
2019-10-18 11:26:05,000 [grpc-default-executor-3] INFO  impl.RaftServerImpl (RaftServerImpl.java:setRole(184)) - 54aabb14-4a7d-4ab3-adbe-2e67760b87f4@group-7E32184879DE: changes role from  FOLLOWER to FOLLOWER at term 813 for recognizeCandidate:f535bb4a-cba0-4f9b-9e3e-e4a48b3eda51
2019-10-18 11:26:05,000 [grpc-default-executor-2] INFO  impl.RaftServerImpl (RaftServerImpl.java:setRole(184)) - c652e2ee-3322-4406-8db6-1ea643cb3197@group-7E32184879DE: changes role from  FOLLOWER to FOLLOWER at term 813 for recognizeCandidate:f535bb4a-cba0-4f9b-9e3e-e4a48b3eda51
2019-10-18 11:26:05,000 [grpc-default-executor-2] INFO  impl.RoleInfo (RoleInfo.java:shutdownFollowerState(121)) - c652e2ee-3322-4406-8db6-1ea643cb3197: shutdown FollowerState
2019-10-18 11:26:05,000 [grpc-default-executor-3] INFO  impl.RoleInfo (RoleInfo.java:shutdownFollowerState(121)) - 54aabb14-4a7d-4ab3-adbe-2e67760b87f4: shutdown FollowerState
2019-10-18 11:26:05,001 [Thread-4892] INFO  impl.FollowerState (FollowerState.java:run(117)) - c652e2ee-3322-4406-8db6-1ea643cb3197@group-7E32184879DE-FollowerState was interrupted: java.lang.InterruptedException: sleep interrupted
2019-10-18 11:26:05,000 [grpc-default-executor-2] INFO  impl.RoleInfo (RoleInfo.java:updateAndGet(143)) - c652e2ee-3322-4406-8db6-1ea643cb3197: start FollowerState
2019-10-18 11:26:05,001 [Thread-4891] INFO  impl.FollowerState (FollowerState.java:run(117)) - 54aabb14-4a7d-4ab3-adbe-2e67760b87f4@group-7E32184879DE-FollowerState was interrupted: java.lang.InterruptedException: sleep interrupted
2019-10-18 11:26:05,001 [grpc-default-executor-3] INFO  impl.RoleInfo (RoleInfo.java:updateAndGet(143)) - 54aabb14-4a7d-4ab3-adbe-2e67760b87f4: start FollowerState
2019-10-18 11:26:05,025 [f535bb4a-cba0-4f9b-9e3e-e4a48b3eda51@group-7E32184879DE-LeaderElection695] INFO  impl.LeaderElection (LeaderElection.java:logAndReturn(56)) - f535bb4a-cba0-4f9b-9e3e-e4a48b3eda51@group-7E32184879DE-LeaderElection695: Election REJECTED; received 2 response(s) [f535bb4a-cba0-4f9b-9e3e-e4a48b3eda51<-54aabb14-4a7d-4ab3-adbe-2e67760b87f4#0:FAIL-t813, f535bb4a-cba0-4f9b-9e3e-e4a48b3eda51<-c652e2ee-3322-4406-8db6-1ea643cb3197#0:FAIL-t813] and 0 exception(s); f535bb4a-cba0-4f9b-9e3e-e4a48b3eda51@group-7E32184879DE:t813, leader=null, voted=f535bb4a-cba0-4f9b-9e3e-e4a48b3eda51, raftlog=f535bb4a-cba0-4f9b-9e3e-e4a48b3eda51@group-7E32184879DE-SegmentedRaftLog:OPENED:c-1,f-1,i0, conf=-1: [f535bb4a-cba0-4f9b-9e3e-e4a48b3eda51:0.0.0.0:44706, 54aabb14-4a7d-4ab3-adbe-2e67760b87f4:0.0.0.0:43074, c652e2ee-3322-4406-8db6-1ea643cb3197:0.0.0.0:42129], old=null
2019-10-18 11:26:05,025 [f535bb4a-cba0-4f9b-9e3e-e4a48b3eda51@group-7E32184879DE-LeaderElection695] INFO  impl.RaftServerImpl (RaftServerImpl.java:setRole(184)) - f535bb4a-cba0-4f9b-9e3e-e4a48b3eda51@group-7E32184879DE: changes role from CANDIDATE to FOLLOWER at term 813 for DISCOVERED_A_NEW_TERM
2019-10-18 11:26:05,025 [f535bb4a-cba0-4f9b-9e3e-e4a48b3eda51@group-7E32184879DE-LeaderElection695] INFO  impl.RoleInfo (RoleInfo.java:shutdownLeaderElection(134)) - f535bb4a-cba0-4f9b-9e3e-e4a48b3eda51: shutdown LeaderElection
2019-10-18 11:26:05,025 [f535bb4a-cba0-4f9b-9e3e-e4a48b3eda51@group-7E32184879DE-LeaderElection695] INFO  impl.RoleInfo (RoleInfo.java:updateAndGet(143)) - f535bb4a-cba0-4f9b-9e3e-e4a48b3eda51: start FollowerState
2019-10-18 11:26:05,178 [Thread-4901] INFO  impl.FollowerState (FollowerState.java:run(108)) - f535bb4a-cba0-4f9b-9e3e-e4a48b3eda51@group-7E32184879DE-FollowerState: change to CANDIDATE, lastRpcTime:152ms, electionTimeout:152ms
2019-10-18 11:26:05,178 [Thread-4901] INFO  impl.RoleInfo (RoleInfo.java:shutdownFollowerState(121)) - f535bb4a-cba0-4f9b-9e3e-e4a48b3eda51: shutdown FollowerState
2019-10-18 11:26:05,178 [Thread-4901] INFO  impl.RaftServerImpl (RaftServerImpl.java:setRole(184)) - f535bb4a-cba0-4f9b-9e3e-e4a48b3eda51@group-7E32184879DE: changes role from  FOLLOWER to CANDIDATE at term 813 for changeToCandidate
2019-10-18 11:26:05,178 [Thread-4901] INFO  impl.RoleInfo (RoleInfo.java:updateAndGet(143)) - f535bb4a-cba0-4f9b-9e3e-e4a48b3eda51: start LeaderElection
2019-10-18 11:26:05,201 [f535bb4a-cba0-4f9b-9e3e-e4a48b3eda51@group-7E32184879DE-LeaderElection696] INFO  impl.LeaderElection (LeaderElection.java:askForVotes(178)) - f535bb4a-cba0-4f9b-9e3e-e4a48b3eda51@group-7E32184879DE-LeaderElection696: begin an election at term 814 for -1: [f535bb4a-cba0-4f9b-9e3e-e4a48b3eda51:0.0.0.0:44706, 54aabb14-4a7d-4ab3-adbe-2e67760b87f4:0.0.0.0:43074, c652e2ee-3322-4406-8db6-1ea643cb3197:0.0.0.0:42129], old=null
2019-10-18 11:26:05,203 [grpc-default-executor-2] INFO  impl.RaftServerImpl (RaftServerImpl.java:setRole(184)) - 54aabb14-4a7d-4ab3-adbe-2e67760b87f4@group-7E32184879DE: changes role from  FOLLOWER to FOLLOWER at term 814 for recognizeCandidate:f535bb4a-cba0-4f9b-9e3e-e4a48b3eda51
2019-10-18 11:26:05,203 [grpc-default-executor-2] INFO  impl.RoleInfo (RoleInfo.java:shutdownFollowerState(121)) - 54aabb14-4a7d-4ab3-adbe-2e67760b87f4: shutdown FollowerState
2019-10-18 11:26:05,203 [grpc-default-executor-2] INFO  impl.RoleInfo (RoleInfo.java:updateAndGet(143)) - 54aabb14-4a7d-4ab3-adbe-2e67760b87f4: start FollowerState
2019-10-18 11:26:05,203 [Thread-4900] INFO  impl.FollowerState (FollowerState.java:run(117)) - 54aabb14-4a7d-4ab3-adbe-2e67760b87f4@group-7E32184879DE-FollowerState was interrupted: java.lang.InterruptedException: sleep interrupted
2019-10-18 11:26:05,203 [grpc-default-executor-3] INFO  impl.RaftServerImpl (RaftServerImpl.java:setRole(184)) - c652e2ee-3322-4406-8db6-1ea643cb3197@group-7E32184879DE: changes role from  FOLLOWER to FOLLOWER at term 814 for recognizeCandidate:f535bb4a-cba0-4f9b-9e3e-e4a48b3eda51
2019-10-18 11:26:05,204 [grpc-default-executor-3] INFO  impl.RoleInfo (RoleInfo.java:shutdownFollowerState(121)) - c652e2ee-3322-4406-8db6-1ea643cb3197: shutdown FollowerState
2019-10-18 11:26:05,204 [grpc-default-executor-3] INFO  impl.RoleInfo (RoleInfo.java:updateAndGet(143)) - c652e2ee-3322-4406-8db6-1ea643cb3197: start FollowerState
2019-10-18 11:26:05,204 [Thread-4899] INFO  impl.FollowerState (FollowerState.java:run(117)) - c652e2ee-3322-4406-8db6-1ea643cb3197@group-7E32184879DE-FollowerState was interrupted: java.lang.InterruptedException: sleep interrupted
2019-10-18 11:26:05,225 [f535bb4a-cba0-4f9b-9e3e-e4a48b3eda51@group-7E32184879DE-LeaderElection696] INFO  impl.LeaderElection (LeaderElection.java:logAndReturn(56)) - f535bb4a-cba0-4f9b-9e3e-e4a48b3eda51@group-7E32184879DE-LeaderElection696: Election REJECTED; received 2 response(s) [f535bb4a-cba0-4f9b-9e3e-e4a48b3eda51<-54aabb14-4a7d-4ab3-adbe-2e67760b87f4#0:FAIL-t814, f535bb4a-cba0-4f9b-9e3e-e4a48b3eda51<-c652e2ee-3322-4406-8db6-1ea643cb3197#0:FAIL-t814] and 0 exception(s); f535bb4a-cba0-4f9b-9e3e-e4a48b3eda51@group-7E32184879DE:t814, leader=null, voted=f535bb4a-cba0-4f9b-9e3e-e4a48b3eda51, raftlog=f535bb4a-cba0-4f9b-9e3e-e4a48b3eda51@group-7E32184879DE-SegmentedRaftLog:OPENED:c-1,f-1,i0, conf=-1: [f535bb4a-cba0-4f9b-9e3e-e4a48b3eda51:0.0.0.0:44706, 54aabb14-4a7d-4ab3-adbe-2e67760b87f4:0.0.0.0:43074, c652e2ee-3322-4406-8db6-1ea643cb3197:0.0.0.0:42129], old=null
2019-10-18 11:26:05,225 [f535bb4a-cba0-4f9b-9e3e-e4a48b3eda51@group-7E32184879DE-LeaderElection696] INFO  impl.RaftServerImpl (RaftServerImpl.java:setRole(184)) - f535bb4a-cba0-4f9b-9e3e-e4a48b3eda51@group-7E32184879DE: changes role from CANDIDATE to FOLLOWER at term 814 for DISCOVERED_A_NEW_TERM
2019-10-18 11:26:05,225 [f535bb4a-cba0-4f9b-9e3e-e4a48b3eda51@group-7E32184879DE-LeaderElection696] INFO  impl.RoleInfo (RoleInfo.java:shutdownLeaderElection(134)) - f535bb4a-cba0-4f9b-9e3e-e4a48b3eda51: shutdown LeaderElection
2019-10-18 11:26:05,225 [f535bb4a-cba0-4f9b-9e3e-e4a48b3eda51@group-7E32184879DE-LeaderElection696] INFO  impl.RoleInfo (RoleInfo.java:updateAndGet(143)) - f535bb4a-cba0-4f9b-9e3e-e4a48b3eda51: start FollowerState
2019-10-18 11:26:05,413 [Thread-4907] INFO  impl.FollowerState (FollowerState.java:run(108)) - f535bb4a-cba0-4f9b-9e3e-e4a48b3eda51@group-7E32184879DE-FollowerState: change to CANDIDATE, lastRpcTime:187ms, electionTimeout:187ms
2019-10-18 11:26:05,413 [Thread-4907] INFO  impl.RoleInfo (RoleInfo.java:shutdownFollowerState(121)) - f535bb4a-cba0-4f9b-9e3e-e4a48b3eda51: shutdown FollowerState
2019-10-18 11:26:05,413 [Thread-4907] INFO  impl.RaftServerImpl (RaftServerImpl.java:setRole(184)) - f535bb4a-cba0-4f9b-9e3e-e4a48b3eda51@group-7E32184879DE: changes role from  FOLLOWER to CANDIDATE at term 814 for changeToCandidate
2019-10-18 11:26:05,413 [Thread-4907] INFO  impl.RoleInfo (RoleInfo.java:updateAndGet(143)) - f535bb4a-cba0-4f9b-9e3e-e4a48b3eda51: start LeaderElection
2019-10-18 11:26:05,437 [f535bb4a-cba0-4f9b-9e3e-e4a48b3eda51@group-7E32184879DE-LeaderElection697] INFO  impl.LeaderElection (LeaderElection.java:askForVotes(178)) - f535bb4a-cba0-4f9b-9e3e-e4a48b3eda51@group-7E32184879DE-LeaderElection697: begin an election at term 815 for -1: [f535bb4a-cba0-4f9b-9e3e-e4a48b3eda51:0.0.0.0:44706, 54aabb14-4a7d-4ab3-adbe-2e67760b87f4:0.0.0.0:43074, c652e2ee-3322-4406-8db6-1ea643cb3197:0.0.0.0:42129], old=null
2019-10-18 11:26:05,439 [grpc-default-executor-3] INFO  impl.RaftServerImpl (RaftServerImpl.java:setRole(184)) - c652e2ee-3322-4406-8db6-1ea643cb3197@group-7E32184879DE: changes role from  FOLLOWER to FOLLOWER at term 815 for recognizeCandidate:f535bb4a-cba0-4f9b-9e3e-e4a48b3eda51
2019-10-18 11:26:05,439 [grpc-default-executor-3] INFO  impl.RoleInfo (RoleInfo.java:shutdownFollowerState(121)) - c652e2ee-3322-4406-8db6-1ea643cb3197: shutdown FollowerState
2019-10-18 11:26:05,439 [grpc-default-executor-3] INFO  impl.RoleInfo (RoleInfo.java:updateAndGet(143)) - c652e2ee-3322-4406-8db6-1ea643cb3197: start FollowerState
2019-10-18 11:26:05,439 [Thread-4906] INFO  impl.FollowerState (FollowerState.java:run(117)) - c652e2ee-3322-4406-8db6-1ea643cb3197@group-7E32184879DE-FollowerState was interrupted: java.lang.InterruptedException: sleep interrupted
2019-10-18 11:26:05,439 [grpc-default-executor-2] INFO  impl.RaftServerImpl (RaftServerImpl.java:setRole(184)) - 54aabb14-4a7d-4ab3-adbe-2e67760b87f4@group-7E32184879DE: changes role from  FOLLOWER to FOLLOWER at term 815 for recognizeCandidate:f535bb4a-cba0-4f9b-9e3e-e4a48b3eda51
2019-10-18 11:26:05,439 [grpc-default-executor-2] INFO  impl.RoleInfo (RoleInfo.java:shutdownFollowerState(121)) - 54aabb14-4a7d-4ab3-adbe-2e67760b87f4: shutdown FollowerState
2019-10-18 11:26:05,439 [grpc-default-executor-2] INFO  impl.RoleInfo (RoleInfo.java:updateAndGet(143)) - 54aabb14-4a7d-4ab3-adbe-2e67760b87f4: start FollowerState
2019-10-18 11:26:05,440 [Thread-4905] INFO  impl.FollowerState (FollowerState.java:run(117)) - 54aabb14-4a7d-4ab3-adbe-2e67760b87f4@group-7E32184879DE-FollowerState was interrupted: java.lang.InterruptedException: sleep interrupted
2019-10-18 11:26:05,452 [f535bb4a-cba0-4f9b-9e3e-e4a48b3eda51@group-7E32184879DE-LeaderElection697] INFO  impl.LeaderElection (LeaderElection.java:logAndReturn(56)) - f535bb4a-cba0-4f9b-9e3e-e4a48b3eda51@group-7E32184879DE-LeaderElection697: Election TIMEOUT; received 0 response(s) [] and 0 exception(s); f535bb4a-cba0-4f9b-9e3e-e4a48b3eda51@group-7E32184879DE:t815, leader=null, voted=f535bb4a-cba0-4f9b-9e3e-e4a48b3eda51, raftlog=f535bb4a-cba0-4f9b-9e3e-e4a48b3eda51@group-7E32184879DE-SegmentedRaftLog:OPENED:c-1,f-1,i0, conf=-1: [f535bb4a-cba0-4f9b-9e3e-e4a48b3eda51:0.0.0.0:44706, 54aabb14-4a7d-4ab3-adbe-2e67760b87f4:0.0.0.0:43074, c652e2ee-3322-4406-8db6-1ea643cb3197:0.0.0.0:42129], old=null
2019-10-18 11:26:05,487 [f535bb4a-cba0-4f9b-9e3e-e4a48b3eda51@group-7E32184879DE-LeaderElection697] INFO  impl.LeaderElection (LeaderElection.java:askForVotes(178)) - f535bb4a-cba0-4f9b-9e3e-e4a48b3eda51@group-7E32184879DE-LeaderElection697: begin an election at term 816 for -1: [f535bb4a-cba0-4f9b-9e3e-e4a48b3eda51:0.0.0.0:44706, 54aabb14-4a7d-4ab3-adbe-2e67760b87f4:0.0.0.0:43074, c652e2ee-3322-4406-8db6-1ea643cb3197:0.0.0.0:42129], old=null
2019-10-18 11:26:05,489 [grpc-default-executor-2] INFO  impl.RaftServerImpl (RaftServerImpl.java:setRole(184)) - 54aabb14-4a7d-4ab3-adbe-2e67760b87f4@group-7E32184879DE: changes role from  FOLLOWER to FOLLOWER at term 816 for recognizeCandidate:f535bb4a-cba0-4f9b-9e3e-e4a48b3eda51
2019-10-18 11:26:05,489 [grpc-default-executor-3] INFO  impl.RaftServerImpl (RaftServerImpl.java:setRole(184)) - c652e2ee-3322-4406-8db6-1ea643cb3197@group-7E32184879DE: changes role from  FOLLOWER to FOLLOWER at term 816 for recognizeCandidate:f535bb4a-cba0-4f9b-9e3e-e4a48b3eda51
2019-10-18 11:26:05,489 [grpc-default-executor-3] INFO  impl.RoleInfo (RoleInfo.java:shutdownFollowerState(121)) - c652e2ee-3322-4406-8db6-1ea643cb3197: shutdown FollowerState
2019-10-18 11:26:05,489 [grpc-default-executor-2] INFO  impl.RoleInfo (RoleInfo.java:shutdownFollowerState(121)) - 54aabb14-4a7d-4ab3-adbe-2e67760b87f4: shutdown FollowerState
2019-10-18 11:26:05,489 [Thread-4911] INFO  impl.FollowerState (FollowerState.java:run(117)) - c652e2ee-3322-4406-8db6-1ea643cb3197@group-7E32184879DE-FollowerState was interrupted: java.lang.InterruptedException: sleep interrupted
2019-10-18 11:26:05,489 [grpc-default-executor-3] INFO  impl.RoleInfo (RoleInfo.java:updateAndGet(143)) - c652e2ee-3322-4406-8db6-1ea643cb3197: start FollowerState
2019-10-18 11:26:05,489 [Thread-4912] INFO  impl.FollowerState (FollowerState.java:run(117)) - 54aabb14-4a7d-4ab3-adbe-2e67760b87f4@group-7E32184879DE-FollowerState was interrupted: java.lang.InterruptedException: sleep interrupted
2019-10-18 11:26:05,489 [grpc-default-executor-2] INFO  impl.RoleInfo (RoleInfo.java:updateAndGet(143)) - 54aabb14-4a7d-4ab3-adbe-2e67760b87f4: start FollowerState
2019-10-18 11:26:05,522 [f535bb4a-cba0-4f9b-9e3e-e4a48b3eda51@group-7E32184879DE-LeaderElection697] INFO  impl.LeaderElection (LeaderElection.java:logAndReturn(56)) - f535bb4a-cba0-4f9b-9e3e-e4a48b3eda51@group-7E32184879DE-LeaderElection697: Election REJECTED; received 2 response(s) [f535bb4a-cba0-4f9b-9e3e-e4a48b3eda51<-54aabb14-4a7d-4ab3-adbe-2e67760b87f4#0:FAIL-t816, f535bb4a-cba0-4f9b-9e3e-e4a48b3eda51<-c652e2ee-3322-4406-8db6-1ea643cb3197#0:FAIL-t816] and 0 exception(s); f535bb4a-cba0-4f9b-9e3e-e4a48b3eda51@group-7E32184879DE:t816, leader=null, voted=f535bb4a-cba0-4f9b-9e3e-e4a48b3eda51, raftlog=f535bb4a-cba0-4f9b-9e3e-e4a48b3eda51@group-7E32184879DE-SegmentedRaftLog:OPENED:c-1,f-1,i0, conf=-1: [f535bb4a-cba0-4f9b-9e3e-e4a48b3eda51:0.0.0.0:44706, 54aabb14-4a7d-4ab3-adbe-2e67760b87f4:0.0.0.0:43074, c652e2ee-3322-4406-8db6-1ea643cb3197:0.0.0.0:42129], old=null
2019-10-18 11:26:05,522 [f535bb4a-cba0-4f9b-9e3e-e4a48b3eda51@group-7E32184879DE-LeaderElection697] INFO  impl.RaftServerImpl (RaftServerImpl.java:setRole(184)) - f535bb4a-cba0-4f9b-9e3e-e4a48b3eda51@group-7E32184879DE: changes role from CANDIDATE to FOLLOWER at term 816 for DISCOVERED_A_NEW_TERM
2019-10-18 11:26:05,523 [f535bb4a-cba0-4f9b-9e3e-e4a48b3eda51@group-7E32184879DE-LeaderElection697] INFO  impl.RoleInfo (RoleInfo.java:shutdownLeaderElection(134)) - f535bb4a-cba0-4f9b-9e3e-e4a48b3eda51: shutdown LeaderElection
2019-10-18 11:26:05,523 [f535bb4a-cba0-4f9b-9e3e-e4a48b3eda51@group-7E32184879DE-LeaderElection697] INFO  impl.RoleInfo (RoleInfo.java:updateAndGet(143)) - f535bb4a-cba0-4f9b-9e3e-e4a48b3eda51: start FollowerState
2019-10-18 11:26:05,526 [Thread-4917] INFO  impl.FollowerState (FollowerState.java:run(108)) - f535bb4a-cba0-4f9b-9e3e-e4a48b3eda51@group-7E32184879DE-FollowerState: change to CANDIDATE, lastRpcTime:3ms, electionTimeout:3ms
2019-10-18 11:26:05,526 [Thread-4917] INFO  impl.RoleInfo (RoleInfo.java:shutdownFollowerState(121)) - f535bb4a-cba0-4f9b-9e3e-e4a48b3eda51: shutdown FollowerState
2019-10-18 11:26:05,526 [Thread-4917] INFO  impl.RaftServerImpl (RaftServerImpl.java:setRole(184)) - f535bb4a-cba0-4f9b-9e3e-e4a48b3eda51@group-7E32184879DE: changes role from  FOLLOWER to CANDIDATE at term 816 for changeToCandidate
2019-10-18 11:26:05,526 [Thread-4917] INFO  impl.RoleInfo (RoleInfo.java:updateAndGet(143)) - f535bb4a-cba0-4f9b-9e3e-e4a48b3eda51: start LeaderElection
2019-10-18 11:26:05,555 [f535bb4a-cba0-4f9b-9e3e-e4a48b3eda51@group-7E32184879DE-LeaderElection698] INFO  impl.LeaderElection (LeaderElection.java:askForVotes(178)) - f535bb4a-cba0-4f9b-9e3e-e4a48b3eda51@group-7E32184879DE-LeaderElection698: begin an election at term 817 for -1: [f535bb4a-cba0-4f9b-9e3e-e4a48b3eda51:0.0.0.0:44706, 54aabb14-4a7d-4ab3-adbe-2e67760b87f4:0.0.0.0:43074, c652e2ee-3322-4406-8db6-1ea643cb3197:0.0.0.0:42129], old=null
2019-10-18 11:26:05,557 [grpc-default-executor-2] INFO  impl.RaftServerImpl (RaftServerImpl.java:setRole(184)) - 54aabb14-4a7d-4ab3-adbe-2e67760b87f4@group-7E32184879DE: changes role from  FOLLOWER to FOLLOWER at term 817 for recognizeCandidate:f535bb4a-cba0-4f9b-9e3e-e4a48b3eda51
2019-10-18 11:26:05,557 [grpc-default-executor-2] INFO  impl.RoleInfo (RoleInfo.java:shutdownFollowerState(121)) - 54aabb14-4a7d-4ab3-adbe-2e67760b87f4: shutdown FollowerState
2019-10-18 11:26:05,557 [grpc-default-executor-2] INFO  impl.RoleInfo (RoleInfo.java:updateAndGet(143)) - 54aabb14-4a7d-4ab3-adbe-2e67760b87f4: start FollowerState
2019-10-18 11:26:05,557 [grpc-default-executor-3] INFO  impl.RaftServerImpl (RaftServerImpl.java:setRole(184)) - c652e2ee-3322-4406-8db6-1ea643cb3197@group-7E32184879DE: changes role from  FOLLOWER to FOLLOWER at term 817 for recognizeCandidate:f535bb4a-cba0-4f9b-9e3e-e4a48b3eda51
2019-10-18 11:26:05,558 [grpc-default-executor-3] INFO  impl.RoleInfo (RoleInfo.java:shutdownFollowerState(121)) - c652e2ee-3322-4406-8db6-1ea643cb3197: shutdown FollowerState
2019-10-18 11:26:05,557 [Thread-4916] INFO  impl.FollowerState (FollowerState.java:run(117)) - 54aabb14-4a7d-4ab3-adbe-2e67760b87f4@group-7E32184879DE-FollowerState was interrupted: java.lang.InterruptedException: sleep interrupted
2019-10-18 11:26:05,558 [Thread-4915] INFO  impl.FollowerState (FollowerState.java:run(117)) - c652e2ee-3322-4406-8db6-1ea643cb3197@group-7E32184879DE-FollowerState was interrupted: java.lang.InterruptedException: sleep interrupted
2019-10-18 11:26:05,558 [grpc-default-executor-3] INFO  impl.RoleInfo (RoleInfo.java:updateAndGet(143)) - c652e2ee-3322-4406-8db6-1ea643cb3197: start FollowerState
2019-10-18 11:26:05,577 [f535bb4a-cba0-4f9b-9e3e-e4a48b3eda51@group-7E32184879DE-LeaderElection698] INFO  impl.LeaderElection (LeaderElection.java:logAndReturn(56)) - f535bb4a-cba0-4f9b-9e3e-e4a48b3eda51@group-7E32184879DE-LeaderElection698: Election TIMEOUT; received 0 response(s) [] and 0 exception(s); f535bb4a-cba0-4f9b-9e3e-e4a48b3eda51@group-7E32184879DE:t817, leader=null, voted=f535bb4a-cba0-4f9b-9e3e-e4a48b3eda51, raftlog=f535bb4a-cba0-4f9b-9e3e-e4a48b3eda51@group-7E32184879DE-SegmentedRaftLog:OPENED:c-1,f-1,i0, conf=-1: [f535bb4a-cba0-4f9b-9e3e-e4a48b3eda51:0.0.0.0:44706, 54aabb14-4a7d-4ab3-adbe-2e67760b87f4:0.0.0.0:43074, c652e2ee-3322-4406-8db6-1ea643cb3197:0.0.0.0:42129], old=null
2019-10-18 11:26:05,607 [f535bb4a-cba0-4f9b-9e3e-e4a48b3eda51@group-7E32184879DE-LeaderElection698] INFO  impl.LeaderElection (LeaderElection.java:askForVotes(178)) - f535bb4a-cba0-4f9b-9e3e-e4a48b3eda51@group-7E32184879DE-LeaderElection698: begin an election at term 818 for -1: [f535bb4a-cba0-4f9b-9e3e-e4a48b3eda51:0.0.0.0:44706, 54aabb14-4a7d-4ab3-adbe-2e67760b87f4:0.0.0.0:43074, c652e2ee-3322-4406-8db6-1ea643cb3197:0.0.0.0:42129], old=null
2019-10-18 11:26:05,609 [grpc-default-executor-2] INFO  impl.RaftServerImpl (RaftServerImpl.java:setRole(184)) - 54aabb14-4a7d-4ab3-adbe-2e67760b87f4@group-7E32184879DE: changes role from  FOLLOWER to FOLLOWER at term 818 for recognizeCandidate:f535bb4a-cba0-4f9b-9e3e-e4a48b3eda51
2019-10-18 11:26:05,609 [grpc-default-executor-2] INFO  impl.RoleInfo (RoleInfo.java:shutdownFollowerState(121)) - 54aabb14-4a7d-4ab3-adbe-2e67760b87f4: shutdown FollowerState
2019-10-18 11:26:05,609 [grpc-default-executor-2] INFO  impl.RoleInfo (RoleInfo.java:updateAndGet(143)) - 54aabb14-4a7d-4ab3-adbe-2e67760b87f4: start FollowerState
2019-10-18 11:26:05,609 [Thread-4921] INFO  impl.FollowerState (FollowerState.java:run(117)) - 54aabb14-4a7d-4ab3-adbe-2e67760b87f4@group-7E32184879DE-FollowerState was interrupted: java.lang.InterruptedException: sleep interrupted
2019-10-18 11:26:05,609 [grpc-default-executor-3] INFO  impl.RaftServerImpl (RaftServerImpl.java:setRole(184)) - c652e2ee-3322-4406-8db6-1ea643cb3197@group-7E32184879DE: changes role from  FOLLOWER to FOLLOWER at term 818 for recognizeCandidate:f535bb4a-cba0-4f9b-9e3e-e4a48b3eda51
2019-10-18 11:26:05,610 [grpc-default-executor-3] INFO  impl.RoleInfo (RoleInfo.java:shutdownFollowerState(121)) - c652e2ee-3322-4406-8db6-1ea643cb3197: shutdown FollowerState
2019-10-18 11:26:05,610 [grpc-default-executor-3] INFO  impl.RoleInfo (RoleInfo.java:updateAndGet(143)) - c652e2ee-3322-4406-8db6-1ea643cb3197: start FollowerState
2019-10-18 11:26:05,610 [Thread-4922] INFO  impl.FollowerState (FollowerState.java:run(117)) - c652e2ee-3322-4406-8db6-1ea643cb3197@group-7E32184879DE-FollowerState was interrupted: java.lang.InterruptedException: sleep interrupted
2019-10-18 11:26:05,633 [f535bb4a-cba0-4f9b-9e3e-e4a48b3eda51@group-7E32184879DE-LeaderElection698] INFO  impl.LeaderElection (LeaderElection.java:logAndReturn(56)) - f535bb4a-cba0-4f9b-9e3e-e4a48b3eda51@group-7E32184879DE-LeaderElection698: Election REJECTED; received 2 response(s) [f535bb4a-cba0-4f9b-9e3e-e4a48b3eda51<-54aabb14-4a7d-4ab3-adbe-2e67760b87f4#0:FAIL-t818, f535bb4a-cba0-4f9b-9e3e-e4a48b3eda51<-c652e2ee-3322-4406-8db6-1ea643cb3197#0:FAIL-t818] and 0 exception(s); f535bb4a-cba0-4f9b-9e3e-e4a48b3eda51@group-7E32184879DE:t818, leader=null, voted=f535bb4a-cba0-4f9b-9e3e-e4a48b3eda51, raftlog=f535bb4a-cba0-4f9b-9e3e-e4a48b3eda51@group-7E32184879DE-SegmentedRaftLog:OPENED:c-1,f-1,i0, conf=-1: [f535bb4a-cba0-4f9b-9e3e-e4a48b3eda51:0.0.0.0:44706, 54aabb14-4a7d-4ab3-adbe-2e67760b87f4:0.0.0.0:43074, c652e2ee-3322-4406-8db6-1ea643cb3197:0.0.0.0:42129], old=null
2019-10-18 11:26:05,633 [f535bb4a-cba0-4f9b-9e3e-e4a48b3eda51@group-7E32184879DE-LeaderElection698] INFO  impl.RaftServerImpl (RaftServerImpl.java:setRole(184)) - f535bb4a-cba0-4f9b-9e3e-e4a48b3eda51@group-7E32184879DE: changes role from CANDIDATE to FOLLOWER at term 818 for DISCOVERED_A_NEW_TERM
2019-10-18 11:26:05,634 [f535bb4a-cba0-4f9b-9e3e-e4a48b3eda51@group-7E32184879DE-LeaderElection698] INFO  impl.RoleInfo (RoleInfo.java:shutdownLeaderElection(134)) - f535bb4a-cba0-4f9b-9e3e-e4a48b3eda51: shutdown LeaderElection
2019-10-18 11:26:05,634 [f535bb4a-cba0-4f9b-9e3e-e4a48b3eda51@group-7E32184879DE-LeaderElection698] INFO  impl.RoleInfo (RoleInfo.java:updateAndGet(143)) - f535bb4a-cba0-4f9b-9e3e-e4a48b3eda51: start FollowerState
2019-10-18 11:26:05,703 [Thread-4927] INFO  impl.FollowerState (FollowerState.java:run(108)) - f535bb4a-cba0-4f9b-9e3e-e4a48b3eda51@group-7E32184879DE-FollowerState: change to CANDIDATE, lastRpcTime:69ms, electionTimeout:69ms
2019-10-18 11:26:05,703 [Thread-4927] INFO  impl.RoleInfo (RoleInfo.java:shutdownFollowerState(121)) - f535bb4a-cba0-4f9b-9e3e-e4a48b3eda51: shutdown FollowerState
2019-10-18 11:26:05,704 [Thread-4927] INFO  impl.RaftServerImpl (RaftServerImpl.java:setRole(184)) - f535bb4a-cba0-4f9b-9e3e-e4a48b3eda51@group-7E32184879DE: changes role from  FOLLOWER to CANDIDATE at term 818 for changeToCandidate
2019-10-18 11:26:05,704 [Thread-4927] INFO  impl.RoleInfo (RoleInfo.java:updateAndGet(143)) - f535bb4a-cba0-4f9b-9e3e-e4a48b3eda51: start LeaderElection
2019-10-18 11:26:05,733 [f535bb4a-cba0-4f9b-9e3e-e4a48b3eda51@group-7E32184879DE-LeaderElection699] INFO  impl.LeaderElection (LeaderElection.java:askForVotes(178)) - f535bb4a-cba0-4f9b-9e3e-e4a48b3eda51@group-7E32184879DE-LeaderElection699: begin an election at term 819 for -1: [f535bb4a-cba0-4f9b-9e3e-e4a48b3eda51:0.0.0.0:44706, 54aabb14-4a7d-4ab3-adbe-2e67760b87f4:0.0.0.0:43074, c652e2ee-3322-4406-8db6-1ea643cb3197:0.0.0.0:42129], old=null
2019-10-18 11:26:05,735 [grpc-default-executor-2] INFO  impl.RaftServerImpl (RaftServerImpl.java:setRole(184)) - c652e2ee-3322-4406-8db6-1ea643cb3197@group-7E32184879DE: changes role from  FOLLOWER to FOLLOWER at term 819 for recognizeCandidate:f535bb4a-cba0-4f9b-9e3e-e4a48b3eda51
2019-10-18 11:26:05,735 [grpc-default-executor-3] INFO  impl.RaftServerImpl (RaftServerImpl.java:setRole(184)) - 54aabb14-4a7d-4ab3-adbe-2e67760b87f4@group-7E32184879DE: changes role from  FOLLOWER to FOLLOWER at term 819 for recognizeCandidate:f535bb4a-cba0-4f9b-9e3e-e4a48b3eda51
2019-10-18 11:26:05,735 [grpc-default-executor-2] INFO  impl.RoleInfo (RoleInfo.java:shutdownFollowerState(121)) - c652e2ee-3322-4406-8db6-1ea643cb3197: shutdown FollowerState
2019-10-18 11:26:05,735 [grpc-default-executor-3] INFO  impl.RoleInfo (RoleInfo.java:shutdownFollowerState(121)) - 54aabb14-4a7d-4ab3-adbe-2e67760b87f4: shutdown FollowerState
2019-10-18 11:26:05,736 [grpc-default-executor-2] INFO  impl.RoleInfo (RoleInfo.java:updateAndGet(143)) - c652e2ee-3322-4406-8db6-1ea643cb3197: start FollowerState
2019-10-18 11:26:05,736 [Thread-4925] INFO  impl.FollowerState (FollowerState.java:run(117)) - 54aabb14-4a7d-4ab3-adbe-2e67760b87f4@group-7E32184879DE-FollowerState was interrupted: java.lang.InterruptedException: sleep interrupted
2019-10-18 11:26:05,736 [grpc-default-executor-3] INFO  impl.RoleInfo (RoleInfo.java:updateAndGet(143)) - 54aabb14-4a7d-4ab3-adbe-2e67760b87f4: start FollowerState
2019-10-18 11:26:05,736 [Thread-4926] INFO  impl.FollowerState (FollowerState.java:run(117)) - c652e2ee-3322-4406-8db6-1ea643cb3197@group-7E32184879DE-FollowerState was interrupted: java.lang.InterruptedException: sleep interrupted
2019-10-18 11:26:05,759 [f535bb4a-cba0-4f9b-9e3e-e4a48b3eda51@group-7E32184879DE-LeaderElection699] INFO  impl.LeaderElection (LeaderElection.java:logAndReturn(56)) - f535bb4a-cba0-4f9b-9e3e-e4a48b3eda51@group-7E32184879DE-LeaderElection699: Election REJECTED; received 2 response(s) [f535bb4a-cba0-4f9b-9e3e-e4a48b3eda51<-54aabb14-4a7d-4ab3-adbe-2e67760b87f4#0:FAIL-t819, f535bb4a-cba0-4f9b-9e3e-e4a48b3eda51<-c652e2ee-3322-4406-8db6-1ea643cb3197#0:FAIL-t819] and 0 exception(s); f535bb4a-cba0-4f9b-9e3e-e4a48b3eda51@group-7E32184879DE:t819, leader=null, voted=f535bb4a-cba0-4f9b-9e3e-e4a48b3eda51, raftlog=f535bb4a-cba0-4f9b-9e3e-e4a48b3eda51@group-7E32184879DE-SegmentedRaftLog:OPENED:c-1,f-1,i0, conf=-1: [f535bb4a-cba0-4f9b-9e3e-e4a48b3eda51:0.0.0.0:44706, 54aabb14-4a7d-4ab3-adbe-2e67760b87f4:0.0.0.0:43074, c652e2ee-3322-4406-8db6-1ea643cb3197:0.0.0.0:42129], old=null
2019-10-18 11:26:05,759 [f535bb4a-cba0-4f9b-9e3e-e4a48b3eda51@group-7E32184879DE-LeaderElection699] INFO  impl.RaftServerImpl (RaftServerImpl.java:setRole(184)) - f535bb4a-cba0-4f9b-9e3e-e4a48b3eda51@group-7E32184879DE: changes role from CANDIDATE to FOLLOWER at term 819 for DISCOVERED_A_NEW_TERM
2019-10-18 11:26:05,759 [f535bb4a-cba0-4f9b-9e3e-e4a48b3eda51@group-7E32184879DE-LeaderElection699] INFO  impl.RoleInfo (RoleInfo.java:shutdownLeaderElection(134)) - f535bb4a-cba0-4f9b-9e3e-e4a48b3eda51: shutdown LeaderElection
2019-10-18 11:26:05,759 [f535bb4a-cba0-4f9b-9e3e-e4a48b3eda51@group-7E32184879DE-LeaderElection699] INFO  impl.RoleInfo (RoleInfo.java:updateAndGet(143)) - f535bb4a-cba0-4f9b-9e3e-e4a48b3eda51: start FollowerState
2019-10-18 11:26:05,781 [Thread-4933] INFO  impl.FollowerState (FollowerState.java:run(108)) - f535bb4a-cba0-4f9b-9e3e-e4a48b3eda51@group-7E32184879DE-FollowerState: change to CANDIDATE, lastRpcTime:21ms, electionTimeout:21ms
2019-10-18 11:26:05,781 [Thread-4933] INFO  impl.RoleInfo (RoleInfo.java:shutdownFollowerState(121)) - f535bb4a-cba0-4f9b-9e3e-e4a48b3eda51: shutdown FollowerState
2019-10-18 11:26:05,781 [Thread-4933] INFO  impl.RaftServerImpl (RaftServerImpl.java:setRole(184)) - f535bb4a-cba0-4f9b-9e3e-e4a48b3eda51@group-7E32184879DE: changes role from  FOLLOWER to CANDIDATE at term 819 for changeToCandidate
2019-10-18 11:26:05,781 [Thread-4933] INFO  impl.RoleInfo (RoleInfo.java:updateAndGet(143)) - f535bb4a-cba0-4f9b-9e3e-e4a48b3eda51: start LeaderElection
2019-10-18 11:26:05,809 [f535bb4a-cba0-4f9b-9e3e-e4a48b3eda51@group-7E32184879DE-LeaderElection700] INFO  impl.LeaderElection (LeaderElection.java:askForVotes(178)) - f535bb4a-cba0-4f9b-9e3e-e4a48b3eda51@group-7E32184879DE-LeaderElection700: begin an election at term 820 for -1: [f535bb4a-cba0-4f9b-9e3e-e4a48b3eda51:0.0.0.0:44706, 54aabb14-4a7d-4ab3-adbe-2e67760b87f4:0.0.0.0:43074, c652e2ee-3322-4406-8db6-1ea643cb3197:0.0.0.0:42129], old=null
2019-10-18 11:26:05,811 [grpc-default-executor-2] INFO  impl.RaftServerImpl (RaftServerImpl.java:setRole(184)) - 54aabb14-4a7d-4ab3-adbe-2e67760b87f4@group-7E32184879DE: changes role from  FOLLOWER to FOLLOWER at term 820 for recognizeCandidate:f535bb4a-cba0-4f9b-9e3e-e4a48b3eda51
2019-10-18 11:26:05,811 [grpc-default-executor-3] INFO  impl.RaftServerImpl (RaftServerImpl.java:setRole(184)) - c652e2ee-3322-4406-8db6-1ea643cb3197@group-7E32184879DE: changes role from  FOLLOWER to FOLLOWER at term 820 for recognizeCandidate:f535bb4a-cba0-4f9b-9e3e-e4a48b3eda51
2019-10-18 11:26:05,811 [grpc-default-executor-3] INFO  impl.RoleInfo (RoleInfo.java:shutdownFollowerState(121)) - c652e2ee-3322-4406-8db6-1ea643cb3197: shutdown FollowerState
2019-10-18 11:26:05,811 [grpc-default-executor-2] INFO  impl.RoleInfo (RoleInfo.java:shutdownFollowerState(121)) - 54aabb14-4a7d-4ab3-adbe-2e67760b87f4: shutdown FollowerState
2019-10-18 11:26:05,812 [Thread-4931] INFO  impl.FollowerState (FollowerState.java:run(117)) - c652e2ee-3322-4406-8db6-1ea643cb3197@group-7E32184879DE-FollowerState was interrupted: java.lang.InterruptedException: sleep interrupted
2019-10-18 11:26:05,812 [Thread-4932] INFO  impl.FollowerState (FollowerState.java:run(117)) - 54aabb14-4a7d-4ab3-adbe-2e67760b87f4@group-7E32184879DE-FollowerState was interrupted: java.lang.InterruptedException: sleep interrupted
2019-10-18 11:26:05,812 [grpc-default-executor-3] INFO  impl.RoleInfo (RoleInfo.java:updateAndGet(143)) - c652e2ee-3322-4406-8db6-1ea643cb3197: start FollowerState
2019-10-18 11:26:05,812 [grpc-default-executor-2] INFO  impl.RoleInfo (RoleInfo.java:updateAndGet(143)) - 54aabb14-4a7d-4ab3-adbe-2e67760b87f4: start FollowerState
2019-10-18 11:26:05,835 [f535bb4a-cba0-4f9b-9e3e-e4a48b3eda51@group-7E32184879DE-LeaderElection700] INFO  impl.LeaderElection (LeaderElection.java:logAndReturn(56)) - f535bb4a-cba0-4f9b-9e3e-e4a48b3eda51@group-7E32184879DE-LeaderElection700: Election REJECTED; received 2 response(s) [f535bb4a-cba0-4f9b-9e3e-e4a48b3eda51<-54aabb14-4a7d-4ab3-adbe-2e67760b87f4#0:FAIL-t820, f535bb4a-cba0-4f9b-9e3e-e4a48b3eda51<-c652e2ee-3322-4406-8db6-1ea643cb3197#0:FAIL-t820] and 0 exception(s); f535bb4a-cba0-4f9b-9e3e-e4a48b3eda51@group-7E32184879DE:t820, leader=null, voted=f535bb4a-cba0-4f9b-9e3e-e4a48b3eda51, raftlog=f535bb4a-cba0-4f9b-9e3e-e4a48b3eda51@group-7E32184879DE-SegmentedRaftLog:OPENED:c-1,f-1,i0, conf=-1: [f535bb4a-cba0-4f9b-9e3e-e4a48b3eda51:0.0.0.0:44706, 54aabb14-4a7d-4ab3-adbe-2e67760b87f4:0.0.0.0:43074, c652e2ee-3322-4406-8db6-1ea643cb3197:0.0.0.0:42129], old=null
2019-10-18 11:26:05,835 [f535bb4a-cba0-4f9b-9e3e-e4a48b3eda51@group-7E32184879DE-LeaderElection700] INFO  impl.RaftServerImpl (RaftServerImpl.java:setRole(184)) - f535bb4a-cba0-4f9b-9e3e-e4a48b3eda51@group-7E32184879DE: changes role from CANDIDATE to FOLLOWER at term 820 for DISCOVERED_A_NEW_TERM
2019-10-18 11:26:05,835 [f535bb4a-cba0-4f9b-9e3e-e4a48b3eda51@group-7E32184879DE-LeaderElection700] INFO  impl.RoleInfo (RoleInfo.java:shutdownLeaderElection(134)) - f535bb4a-cba0-4f9b-9e3e-e4a48b3eda51: shutdown LeaderElection
2019-10-18 11:26:05,835 [f535bb4a-cba0-4f9b-9e3e-e4a48b3eda51@group-7E32184879DE-LeaderElection700] INFO  impl.RoleInfo (RoleInfo.java:updateAndGet(143)) - f535bb4a-cba0-4f9b-9e3e-e4a48b3eda51: start FollowerState
2019-10-18 11:26:05,908 [Thread-4939] INFO  impl.FollowerState (FollowerState.java:run(108)) - f535bb4a-cba0-4f9b-9e3e-e4a48b3eda51@group-7E32184879DE-FollowerState: change to CANDIDATE, lastRpcTime:73ms, electionTimeout:73ms
2019-10-18 11:26:05,908 [Thread-4939] INFO  impl.RoleInfo (RoleInfo.java:shutdownFollowerState(121)) - f535bb4a-cba0-4f9b-9e3e-e4a48b3eda51: shutdown FollowerState
2019-10-18 11:26:05,908 [Thread-4939] INFO  impl.RaftServerImpl (RaftServerImpl.java:setRole(184)) - f535bb4a-cba0-4f9b-9e3e-e4a48b3eda51@group-7E32184879DE: changes role from  FOLLOWER to CANDIDATE at term 820 for changeToCandidate
2019-10-18 11:26:05,909 [Thread-4939] INFO  impl.RoleInfo (RoleInfo.java:updateAndGet(143)) - f535bb4a-cba0-4f9b-9e3e-e4a48b3eda51: start LeaderElection
2019-10-18 11:26:05,935 [f535bb4a-cba0-4f9b-9e3e-e4a48b3eda51@group-7E32184879DE-LeaderElection701] INFO  impl.LeaderElection (LeaderElection.java:askForVotes(178)) - f535bb4a-cba0-4f9b-9e3e-e4a48b3eda51@group-7E32184879DE-LeaderElection701: begin an election at term 821 for -1: [f535bb4a-cba0-4f9b-9e3e-e4a48b3eda51:0.0.0.0:44706, 54aabb14-4a7d-4ab3-adbe-2e67760b87f4:0.0.0.0:43074, c652e2ee-3322-4406-8db6-1ea643cb3197:0.0.0.0:42129], old=null
2019-10-18 11:26:05,937 [grpc-default-executor-2] INFO  impl.RaftServerImpl (RaftServerImpl.java:setRole(184)) - 54aabb14-4a7d-4ab3-adbe-2e67760b87f4@group-7E32184879DE: changes role from  FOLLOWER to FOLLOWER at term 821 for recognizeCandidate:f535bb4a-cba0-4f9b-9e3e-e4a48b3eda51
2019-10-18 11:26:05,937 [grpc-default-executor-2] INFO  impl.RoleInfo (RoleInfo.java:shutdownFollowerState(121)) - 54aabb14-4a7d-4ab3-adbe-2e67760b87f4: shutdown FollowerState
2019-10-18 11:26:05,937 [grpc-default-executor-3] INFO  impl.RaftServerImpl (RaftServerImpl.java:setRole(184)) - c652e2ee-3322-4406-8db6-1ea643cb3197@group-7E32184879DE: changes role from  FOLLOWER to FOLLOWER at term 821 for recognizeCandidate:f535bb4a-cba0-4f9b-9e3e-e4a48b3eda51
2019-10-18 11:26:05,937 [grpc-default-executor-3] INFO  impl.RoleInfo (RoleInfo.java:shutdownFollowerState(121)) - c652e2ee-3322-4406-8db6-1ea643cb3197: shutdown FollowerState
2019-10-18 11:26:05,937 [Thread-4938] INFO  impl.FollowerState (FollowerState.java:run(117)) - 54aabb14-4a7d-4ab3-adbe-2e67760b87f4@group-7E32184879DE-FollowerState was interrupted: java.lang.InterruptedException: sleep interrupted
2019-10-18 11:26:05,937 [grpc-default-executor-2] INFO  impl.RoleInfo (RoleInfo.java:updateAndGet(143)) - 54aabb14-4a7d-4ab3-adbe-2e67760b87f4: start FollowerState
2019-10-18 11:26:05,938 [Thread-4937] INFO  impl.FollowerState (FollowerState.java:run(117)) - c652e2ee-3322-4406-8db6-1ea643cb3197@group-7E32184879DE-FollowerState was interrupted: java.lang.InterruptedException: sleep interrupted
2019-10-18 11:26:05,937 [grpc-default-executor-3] INFO  impl.RoleInfo (RoleInfo.java:updateAndGet(143)) - c652e2ee-3322-4406-8db6-1ea643cb3197: start FollowerState
2019-10-18 11:26:05,961 [f535bb4a-cba0-4f9b-9e3e-e4a48b3eda51@group-7E32184879DE-LeaderElection701] INFO  impl.LeaderElection (LeaderElection.java:logAndReturn(56)) - f535bb4a-cba0-4f9b-9e3e-e4a48b3eda51@group-7E32184879DE-LeaderElection701: Election REJECTED; received 2 response(s) [f535bb4a-cba0-4f9b-9e3e-e4a48b3eda51<-54aabb14-4a7d-4ab3-adbe-2e67760b87f4#0:FAIL-t821, f535bb4a-cba0-4f9b-9e3e-e4a48b3eda51<-c652e2ee-3322-4406-8db6-1ea643cb3197#0:FAIL-t821] and 0 exception(s); f535bb4a-cba0-4f9b-9e3e-e4a48b3eda51@group-7E32184879DE:t821, leader=null, voted=f535bb4a-cba0-4f9b-9e3e-e4a48b3eda51, raftlog=f535bb4a-cba0-4f9b-9e3e-e4a48b3eda51@group-7E32184879DE-SegmentedRaftLog:OPENED:c-1,f-1,i0, conf=-1: [f535bb4a-cba0-4f9b-9e3e-e4a48b3eda51:0.0.0.0:44706, 54aabb14-4a7d-4ab3-adbe-2e67760b87f4:0.0.0.0:43074, c652e2ee-3322-4406-8db6-1ea643cb3197:0.0.0.0:42129], old=null
2019-10-18 11:26:05,961 [f535bb4a-cba0-4f9b-9e3e-e4a48b3eda51@group-7E32184879DE-LeaderElection701] INFO  impl.RaftServerImpl (RaftServerImpl.java:setRole(184)) - f535bb4a-cba0-4f9b-9e3e-e4a48b3eda51@group-7E32184879DE: changes role from CANDIDATE to FOLLOWER at term 821 for DISCOVERED_A_NEW_TERM
2019-10-18 11:26:05,961 [f535bb4a-cba0-4f9b-9e3e-e4a48b3eda51@group-7E32184879DE-LeaderElection701] INFO  impl.RoleInfo (RoleInfo.java:shutdownLeaderElection(134)) - f535bb4a-cba0-4f9b-9e3e-e4a48b3eda51: shutdown LeaderElection
2019-10-18 11:26:05,961 [f535bb4a-cba0-4f9b-9e3e-e4a48b3eda51@group-7E32184879DE-LeaderElection701] INFO  impl.RoleInfo (RoleInfo.java:updateAndGet(143)) - f535bb4a-cba0-4f9b-9e3e-e4a48b3eda51: start FollowerState
2019-10-18 11:26:06,121 [Thread-4947] INFO  impl.FollowerState (FollowerState.java:run(108)) - f535bb4a-cba0-4f9b-9e3e-e4a48b3eda51@group-7E32184879DE-FollowerState: change to CANDIDATE, lastRpcTime:159ms, electionTimeout:159ms
2019-10-18 11:26:06,121 [Thread-4947] INFO  impl.RoleInfo (RoleInfo.java:shutdownFollowerState(121)) - f535bb4a-cba0-4f9b-9e3e-e4a48b3eda51: shutdown FollowerState
2019-10-18 11:26:06,121 [Thread-4947] INFO  impl.RaftServerImpl (RaftServerImpl.java:setRole(184)) - f535bb4a-cba0-4f9b-9e3e-e4a48b3eda51@group-7E32184879DE: changes role from  FOLLOWER to CANDIDATE at term 821 for changeToCandidate
2019-10-18 11:26:06,121 [Thread-4947] INFO  impl.RoleInfo (RoleInfo.java:updateAndGet(143)) - f535bb4a-cba0-4f9b-9e3e-e4a48b3eda51: start LeaderElection
2019-10-18 11:26:06,152 [f535bb4a-cba0-4f9b-9e3e-e4a48b3eda51@group-7E32184879DE-LeaderElection702] INFO  impl.LeaderElection (LeaderElection.java:askForVotes(178)) - f535bb4a-cba0-4f9b-9e3e-e4a48b3eda51@group-7E32184879DE-LeaderElection702: begin an election at term 822 for -1: [f535bb4a-cba0-4f9b-9e3e-e4a48b3eda51:0.0.0.0:44706, 54aabb14-4a7d-4ab3-adbe-2e67760b87f4:0.0.0.0:43074, c652e2ee-3322-4406-8db6-1ea643cb3197:0.0.0.0:42129], old=null
2019-10-18 11:26:06,154 [grpc-default-executor-2] INFO  impl.RaftServerImpl (RaftServerImpl.java:setRole(184)) - c652e2ee-3322-4406-8db6-1ea643cb3197@group-7E32184879DE: changes role from  FOLLOWER to FOLLOWER at term 822 for recognizeCandidate:f535bb4a-cba0-4f9b-9e3e-e4a48b3eda51
2019-10-18 11:26:06,155 [grpc-default-executor-2] INFO  impl.RoleInfo (RoleInfo.java:shutdownFollowerState(121)) - c652e2ee-3322-4406-8db6-1ea643cb3197: shutdown FollowerState
2019-10-18 11:26:06,154 [grpc-default-executor-3] INFO  impl.RaftServerImpl (RaftServerImpl.java:setRole(184)) - 54aabb14-4a7d-4ab3-adbe-2e67760b87f4@group-7E32184879DE: changes role from  FOLLOWER to FOLLOWER at term 822 for recognizeCandidate:f535bb4a-cba0-4f9b-9e3e-e4a48b3eda51
2019-10-18 11:26:06,155 [grpc-default-executor-3] INFO  impl.RoleInfo (RoleInfo.java:shutdownFollowerState(121)) - 54aabb14-4a7d-4ab3-adbe-2e67760b87f4: shutdown FollowerState
2019-10-18 11:26:06,155 [grpc-default-executor-3] INFO  impl.RoleInfo (RoleInfo.java:updateAndGet(143)) - 54aabb14-4a7d-4ab3-adbe-2e67760b87f4: start FollowerState
2019-10-18 11:26:06,155 [Thread-4946] INFO  impl.FollowerState (FollowerState.java:run(117)) - c652e2ee-3322-4406-8db6-1ea643cb3197@group-7E32184879DE-FollowerState was interrupted: java.lang.InterruptedException: sleep interrupted
2019-10-18 11:26:06,155 [grpc-default-executor-2] INFO  impl.RoleInfo (RoleInfo.java:updateAndGet(143)) - c652e2ee-3322-4406-8db6-1ea643cb3197: start FollowerState
2019-10-18 11:26:06,155 [Thread-4945] INFO  impl.FollowerState (FollowerState.java:run(117)) - 54aabb14-4a7d-4ab3-adbe-2e67760b87f4@group-7E32184879DE-FollowerState was interrupted: java.lang.InterruptedException: sleep interrupted
2019-10-18 11:26:06,178 [f535bb4a-cba0-4f9b-9e3e-e4a48b3eda51@group-7E32184879DE-LeaderElection702] INFO  impl.LeaderElection (LeaderElection.java:logAndReturn(56)) - f535bb4a-cba0-4f9b-9e3e-e4a48b3eda51@group-7E32184879DE-LeaderElection702: Election REJECTED; received 2 response(s) [f535bb4a-cba0-4f9b-9e3e-e4a48b3eda51<-54aabb14-4a7d-4ab3-adbe-2e67760b87f4#0:FAIL-t822, f535bb4a-cba0-4f9b-9e3e-e4a48b3eda51<-c652e2ee-3322-4406-8db6-1ea643cb3197#0:FAIL-t822] and 0 exception(s); f535bb4a-cba0-4f9b-9e3e-e4a48b3eda51@group-7E32184879DE:t822, leader=null, voted=f535bb4a-cba0-4f9b-9e3e-e4a48b3eda51, raftlog=f535bb4a-cba0-4f9b-9e3e-e4a48b3eda51@group-7E32184879DE-SegmentedRaftLog:OPENED:c-1,f-1,i0, conf=-1: [f535bb4a-cba0-4f9b-9e3e-e4a48b3eda51:0.0.0.0:44706, 54aabb14-4a7d-4ab3-adbe-2e67760b87f4:0.0.0.0:43074, c652e2ee-3322-4406-8db6-1ea643cb3197:0.0.0.0:42129], old=null
2019-10-18 11:26:06,178 [f535bb4a-cba0-4f9b-9e3e-e4a48b3eda51@group-7E32184879DE-LeaderElection702] INFO  impl.RaftServerImpl (RaftServerImpl.java:setRole(184)) - f535bb4a-cba0-4f9b-9e3e-e4a48b3eda51@group-7E32184879DE: changes role from CANDIDATE to FOLLOWER at term 822 for DISCOVERED_A_NEW_TERM
2019-10-18 11:26:06,178 [f535bb4a-cba0-4f9b-9e3e-e4a48b3eda51@group-7E32184879DE-LeaderElection702] INFO  impl.RoleInfo (RoleInfo.java:shutdownLeaderElection(134)) - f535bb4a-cba0-4f9b-9e3e-e4a48b3eda51: shutdown LeaderElection
2019-10-18 11:26:06,178 [f535bb4a-cba0-4f9b-9e3e-e4a48b3eda51@group-7E32184879DE-LeaderElection702] INFO  impl.RoleInfo (RoleInfo.java:updateAndGet(143)) - f535bb4a-cba0-4f9b-9e3e-e4a48b3eda51: start FollowerState
2019-10-18 11:26:06,367 [Thread-4953] INFO  impl.FollowerState (FollowerState.java:run(108)) - f535bb4a-cba0-4f9b-9e3e-e4a48b3eda51@group-7E32184879DE-FollowerState: change to CANDIDATE, lastRpcTime:188ms, electionTimeout:188ms
2019-10-18 11:26:06,367 [Thread-4953] INFO  impl.RoleInfo (RoleInfo.java:shutdownFollowerState(121)) - f535bb4a-cba0-4f9b-9e3e-e4a48b3eda51: shutdown FollowerState
2019-10-18 11:26:06,367 [Thread-4953] INFO  impl.RaftServerImpl (RaftServerImpl.java:setRole(184)) - f535bb4a-cba0-4f9b-9e3e-e4a48b3eda51@group-7E32184879DE: changes role from  FOLLOWER to CANDIDATE at term 822 for changeToCandidate
2019-10-18 11:26:06,367 [Thread-4953] INFO  impl.RoleInfo (RoleInfo.java:updateAndGet(143)) - f535bb4a-cba0-4f9b-9e3e-e4a48b3eda51: start LeaderElection
2019-10-18 11:26:06,394 [f535bb4a-cba0-4f9b-9e3e-e4a48b3eda51@group-7E32184879DE-LeaderElection703] INFO  impl.LeaderElection (LeaderElection.java:askForVotes(178)) - f535bb4a-cba0-4f9b-9e3e-e4a48b3eda51@group-7E32184879DE-LeaderElection703: begin an election at term 823 for -1: [f535bb4a-cba0-4f9b-9e3e-e4a48b3eda51:0.0.0.0:44706, 54aabb14-4a7d-4ab3-adbe-2e67760b87f4:0.0.0.0:43074, c652e2ee-3322-4406-8db6-1ea643cb3197:0.0.0.0:42129], old=null
2019-10-18 11:26:06,396 [grpc-default-executor-3] INFO  impl.RaftServerImpl (RaftServerImpl.java:setRole(184)) - 54aabb14-4a7d-4ab3-adbe-2e67760b87f4@group-7E32184879DE: changes role from  FOLLOWER to FOLLOWER at term 823 for recognizeCandidate:f535bb4a-cba0-4f9b-9e3e-e4a48b3eda51
2019-10-18 11:26:06,396 [grpc-default-executor-2] INFO  impl.RaftServerImpl (RaftServerImpl.java:setRole(184)) - c652e2ee-3322-4406-8db6-1ea643cb3197@group-7E32184879DE: changes role from  FOLLOWER to FOLLOWER at term 823 for recognizeCandidate:f535bb4a-cba0-4f9b-9e3e-e4a48b3eda51
2019-10-18 11:26:06,396 [grpc-default-executor-2] INFO  impl.RoleInfo (RoleInfo.java:shutdownFollowerState(121)) - c652e2ee-3322-4406-8db6-1ea643cb3197: shutdown FollowerState
2019-10-18 11:26:06,396 [grpc-default-executor-3] INFO  impl.RoleInfo (RoleInfo.java:shutdownFollowerState(121)) - 54aabb14-4a7d-4ab3-adbe-2e67760b87f4: shutdown FollowerState
2019-10-18 11:26:06,397 [Thread-4951] INFO  impl.FollowerState (FollowerState.java:run(117)) - c652e2ee-3322-4406-8db6-1ea643cb3197@group-7E32184879DE-FollowerState was interrupted: java.lang.InterruptedException: sleep interrupted
2019-10-18 11:26:06,397 [Thread-4952] INFO  impl.FollowerState (FollowerState.java:run(117)) - 54aabb14-4a7d-4ab3-adbe-2e67760b87f4@group-7E32184879DE-FollowerState was interrupted: java.lang.InterruptedException: sleep interrupted
2019-10-18 11:26:06,396 [grpc-default-executor-2] INFO  impl.RoleInfo (RoleInfo.java:updateAndGet(143)) - c652e2ee-3322-4406-8db6-1ea643cb3197: start FollowerState
2019-10-18 11:26:06,397 [grpc-default-executor-3] INFO  impl.RoleInfo (RoleInfo.java:updateAndGet(143)) - 54aabb14-4a7d-4ab3-adbe-2e67760b87f4: start FollowerState
2019-10-18 11:26:06,420 [f535bb4a-cba0-4f9b-9e3e-e4a48b3eda51@group-7E32184879DE-LeaderElection703] INFO  impl.LeaderElection (LeaderElection.java:logAndReturn(56)) - f535bb4a-cba0-4f9b-9e3e-e4a48b3eda51@group-7E32184879DE-LeaderElection703: Election REJECTED; received 2 response(s) [f535bb4a-cba0-4f9b-9e3e-e4a48b3eda51<-54aabb14-4a7d-4ab3-adbe-2e67760b87f4#0:FAIL-t823, f535bb4a-cba0-4f9b-9e3e-e4a48b3eda51<-c652e2ee-3322-4406-8db6-1ea643cb3197#0:FAIL-t823] and 0 exception(s); f535bb4a-cba0-4f9b-9e3e-e4a48b3eda51@group-7E32184879DE:t823, leader=null, voted=f535bb4a-cba0-4f9b-9e3e-e4a48b3eda51, raftlog=f535bb4a-cba0-4f9b-9e3e-e4a48b3eda51@group-7E32184879DE-SegmentedRaftLog:OPENED:c-1,f-1,i0, conf=-1: [f535bb4a-cba0-4f9b-9e3e-e4a48b3eda51:0.0.0.0:44706, 54aabb14-4a7d-4ab3-adbe-2e67760b87f4:0.0.0.0:43074, c652e2ee-3322-4406-8db6-1ea643cb3197:0.0.0.0:42129], old=null
2019-10-18 11:26:06,421 [f535bb4a-cba0-4f9b-9e3e-e4a48b3eda51@group-7E32184879DE-LeaderElection703] INFO  impl.RaftServerImpl (RaftServerImpl.java:setRole(184)) - f535bb4a-cba0-4f9b-9e3e-e4a48b3eda51@group-7E32184879DE: changes role from CANDIDATE to FOLLOWER at term 823 for DISCOVERED_A_NEW_TERM
2019-10-18 11:26:06,421 [f535bb4a-cba0-4f9b-9e3e-e4a48b3eda51@group-7E32184879DE-LeaderElection703] INFO  impl.RoleInfo (RoleInfo.java:shutdownLeaderElection(134)) - f535bb4a-cba0-4f9b-9e3e-e4a48b3eda51: shutdown LeaderElection
2019-10-18 11:26:06,421 [f535bb4a-cba0-4f9b-9e3e-e4a48b3eda51@group-7E32184879DE-LeaderElection703] INFO  impl.RoleInfo (RoleInfo.java:updateAndGet(143)) - f535bb4a-cba0-4f9b-9e3e-e4a48b3eda51: start FollowerState
2019-10-18 11:26:06,524 [Thread-4959] INFO  impl.FollowerState (FollowerState.java:run(108)) - f535bb4a-cba0-4f9b-9e3e-e4a48b3eda51@group-7E32184879DE-FollowerState: change to CANDIDATE, lastRpcTime:103ms, electionTimeout:103ms
2019-10-18 11:26:06,524 [Thread-4959] INFO  impl.RoleInfo (RoleInfo.java:shutdownFollowerState(121)) - f535bb4a-cba0-4f9b-9e3e-e4a48b3eda51: shutdown FollowerState
2019-10-18 11:26:06,524 [Thread-4959] INFO  impl.RaftServerImpl (RaftServerImpl.java:setRole(184)) - f535bb4a-cba0-4f9b-9e3e-e4a48b3eda51@group-7E32184879DE: changes role from  FOLLOWER to CANDIDATE at term 823 for changeToCandidate
2019-10-18 11:26:06,525 [Thread-4959] INFO  impl.RoleInfo (RoleInfo.java:updateAndGet(143)) - f535bb4a-cba0-4f9b-9e3e-e4a48b3eda51: start LeaderElection
2019-10-18 11:26:06,554 [f535bb4a-cba0-4f9b-9e3e-e4a48b3eda51@group-7E32184879DE-LeaderElection704] INFO  impl.LeaderElection (LeaderElection.java:askForVotes(178)) - f535bb4a-cba0-4f9b-9e3e-e4a48b3eda51@group-7E32184879DE-LeaderElection704: begin an election at term 824 for -1: [f535bb4a-cba0-4f9b-9e3e-e4a48b3eda51:0.0.0.0:44706, 54aabb14-4a7d-4ab3-adbe-2e67760b87f4:0.0.0.0:43074, c652e2ee-3322-4406-8db6-1ea643cb3197:0.0.0.0:42129], old=null
2019-10-18 11:26:06,555 [grpc-default-executor-3] INFO  impl.RaftServerImpl (RaftServerImpl.java:setRole(184)) - 54aabb14-4a7d-4ab3-adbe-2e67760b87f4@group-7E32184879DE: changes role from  FOLLOWER to FOLLOWER at term 824 for recognizeCandidate:f535bb4a-cba0-4f9b-9e3e-e4a48b3eda51
2019-10-18 11:26:06,555 [grpc-default-executor-3] INFO  impl.RoleInfo (RoleInfo.java:shutdownFollowerState(121)) - 54aabb14-4a7d-4ab3-adbe-2e67760b87f4: shutdown FollowerState
2019-10-18 11:26:06,555 [grpc-default-executor-2] INFO  impl.RaftServerImpl (RaftServerImpl.java:setRole(184)) - c652e2ee-3322-4406-8db6-1ea643cb3197@group-7E32184879DE: changes role from  FOLLOWER to FOLLOWER at term 824 for recognizeCandidate:f535bb4a-cba0-4f9b-9e3e-e4a48b3eda51
2019-10-18 11:26:06,556 [grpc-default-executor-2] INFO  impl.RoleInfo (RoleInfo.java:shutdownFollowerState(121)) - c652e2ee-3322-4406-8db6-1ea643cb3197: shutdown FollowerState
2019-10-18 11:26:06,556 [Thread-4958] INFO  impl.FollowerState (FollowerState.java:run(117)) - 54aabb14-4a7d-4ab3-adbe-2e67760b87f4@group-7E32184879DE-FollowerState was interrupted: java.lang.InterruptedException: sleep interrupted
2019-10-18 11:26:06,556 [grpc-default-executor-3] INFO  impl.RoleInfo (RoleInfo.java:updateAndGet(143)) - 54aabb14-4a7d-4ab3-adbe-2e67760b87f4: start FollowerState
2019-10-18 11:26:06,556 [Thread-4957] INFO  impl.FollowerState (FollowerState.java:run(117)) - c652e2ee-3322-4406-8db6-1ea643cb3197@group-7E32184879DE-FollowerState was interrupted: java.lang.InterruptedException: sleep interrupted
2019-10-18 11:26:06,556 [grpc-default-executor-2] INFO  impl.RoleInfo (RoleInfo.java:updateAndGet(143)) - c652e2ee-3322-4406-8db6-1ea643cb3197: start FollowerState
2019-10-18 11:26:06,579 [f535bb4a-cba0-4f9b-9e3e-e4a48b3eda51@group-7E32184879DE-LeaderElection704] INFO  impl.LeaderElection (LeaderElection.java:logAndReturn(56)) - f535bb4a-cba0-4f9b-9e3e-e4a48b3eda51@group-7E32184879DE-LeaderElection704: Election REJECTED; received 2 response(s) [f535bb4a-cba0-4f9b-9e3e-e4a48b3eda51<-54aabb14-4a7d-4ab3-adbe-2e67760b87f4#0:FAIL-t824, f535bb4a-cba0-4f9b-9e3e-e4a48b3eda51<-c652e2ee-3322-4406-8db6-1ea643cb3197#0:FAIL-t824] and 0 exception(s); f535bb4a-cba0-4f9b-9e3e-e4a48b3eda51@group-7E32184879DE:t824, leader=null, voted=f535bb4a-cba0-4f9b-9e3e-e4a48b3eda51, raftlog=f535bb4a-cba0-4f9b-9e3e-e4a48b3eda51@group-7E32184879DE-SegmentedRaftLog:OPENED:c-1,f-1,i0, conf=-1: [f535bb4a-cba0-4f9b-9e3e-e4a48b3eda51:0.0.0.0:44706, 54aabb14-4a7d-4ab3-adbe-2e67760b87f4:0.0.0.0:43074, c652e2ee-3322-4406-8db6-1ea643cb3197:0.0.0.0:42129], old=null
2019-10-18 11:26:06,580 [f535bb4a-cba0-4f9b-9e3e-e4a48b3eda51@group-7E32184879DE-LeaderElection704] INFO  impl.RaftServerImpl (RaftServerImpl.java:setRole(184)) - f535bb4a-cba0-4f9b-9e3e-e4a48b3eda51@group-7E32184879DE: changes role from CANDIDATE to FOLLOWER at term 824 for DISCOVERED_A_NEW_TERM
2019-10-18 11:26:06,580 [f535bb4a-cba0-4f9b-9e3e-e4a48b3eda51@group-7E32184879DE-LeaderElection704] INFO  impl.RoleInfo (RoleInfo.java:shutdownLeaderElection(134)) - f535bb4a-cba0-4f9b-9e3e-e4a48b3eda51: shutdown LeaderElection
2019-10-18 11:26:06,580 [f535bb4a-cba0-4f9b-9e3e-e4a48b3eda51@group-7E32184879DE-LeaderElection704] INFO  impl.RoleInfo (RoleInfo.java:updateAndGet(143)) - f535bb4a-cba0-4f9b-9e3e-e4a48b3eda51: start FollowerState
2019-10-18 11:26:06,610 [Thread-4965] INFO  impl.FollowerState (FollowerState.java:run(108)) - f535bb4a-cba0-4f9b-9e3e-e4a48b3eda51@group-7E32184879DE-FollowerState: change to CANDIDATE, lastRpcTime:30ms, electionTimeout:30ms
2019-10-18 11:26:06,611 [Thread-4965] INFO  impl.RoleInfo (RoleInfo.java:shutdownFollowerState(121)) - f535bb4a-cba0-4f9b-9e3e-e4a48b3eda51: shutdown FollowerState
2019-10-18 11:26:06,611 [Thread-4965] INFO  impl.RaftServerImpl (RaftServerImpl.java:setRole(184)) - f535bb4a-cba0-4f9b-9e3e-e4a48b3eda51@group-7E32184879DE: changes role from  FOLLOWER to CANDIDATE at term 824 for changeToCandidate
2019-10-18 11:26:06,611 [Thread-4965] INFO  impl.RoleInfo (RoleInfo.java:updateAndGet(143)) - f535bb4a-cba0-4f9b-9e3e-e4a48b3eda51: start LeaderElection
2019-10-18 11:26:06,638 [f535bb4a-cba0-4f9b-9e3e-e4a48b3eda51@group-7E32184879DE-LeaderElection705] INFO  impl.LeaderElection (LeaderElection.java:askForVotes(178)) - f535bb4a-cba0-4f9b-9e3e-e4a48b3eda51@group-7E32184879DE-LeaderElection705: begin an election at term 825 for -1: [f535bb4a-cba0-4f9b-9e3e-e4a48b3eda51:0.0.0.0:44706, 54aabb14-4a7d-4ab3-adbe-2e67760b87f4:0.0.0.0:43074, c652e2ee-3322-4406-8db6-1ea643cb3197:0.0.0.0:42129], old=null
2019-10-18 11:26:06,639 [grpc-default-executor-2] INFO  impl.RaftServerImpl (RaftServerImpl.java:setRole(184)) - 54aabb14-4a7d-4ab3-adbe-2e67760b87f4@group-7E32184879DE: changes role from  FOLLOWER to FOLLOWER at term 825 for recognizeCandidate:f535bb4a-cba0-4f9b-9e3e-e4a48b3eda51
2019-10-18 11:26:06,639 [grpc-default-executor-2] INFO  impl.RoleInfo (RoleInfo.java:shutdownFollowerState(121)) - 54aabb14-4a7d-4ab3-adbe-2e67760b87f4: shutdown FollowerState
2019-10-18 11:26:06,639 [grpc-default-executor-2] INFO  impl.RoleInfo (RoleInfo.java:updateAndGet(143)) - 54aabb14-4a7d-4ab3-adbe-2e67760b87f4: start FollowerState
2019-10-18 11:26:06,639 [Thread-4963] INFO  impl.FollowerState (FollowerState.java:run(117)) - 54aabb14-4a7d-4ab3-adbe-2e67760b87f4@group-7E32184879DE-FollowerState was interrupted: java.lang.InterruptedException: sleep interrupted
2019-10-18 11:26:06,639 [grpc-default-executor-3] INFO  impl.RaftServerImpl (RaftServerImpl.java:setRole(184)) - c652e2ee-3322-4406-8db6-1ea643cb3197@group-7E32184879DE: changes role from  FOLLOWER to FOLLOWER at term 825 for recognizeCandidate:f535bb4a-cba0-4f9b-9e3e-e4a48b3eda51
2019-10-18 11:26:06,640 [grpc-default-executor-3] INFO  impl.RoleInfo (RoleInfo.java:shutdownFollowerState(121)) - c652e2ee-3322-4406-8db6-1ea643cb3197: shutdown FollowerState
2019-10-18 11:26:06,640 [grpc-default-executor-3] INFO  impl.RoleInfo (RoleInfo.java:updateAndGet(143)) - c652e2ee-3322-4406-8db6-1ea643cb3197: start FollowerState
2019-10-18 11:26:06,640 [Thread-4964] INFO  impl.FollowerState (FollowerState.java:run(117)) - c652e2ee-3322-4406-8db6-1ea643cb3197@group-7E32184879DE-FollowerState was interrupted: java.lang.InterruptedException: sleep interrupted
2019-10-18 11:26:06,664 [f535bb4a-cba0-4f9b-9e3e-e4a48b3eda51@group-7E32184879DE-LeaderElection705] INFO  impl.LeaderElection (LeaderElection.java:logAndReturn(56)) - f535bb4a-cba0-4f9b-9e3e-e4a48b3eda51@group-7E32184879DE-LeaderElection705: Election REJECTED; received 2 response(s) [f535bb4a-cba0-4f9b-9e3e-e4a48b3eda51<-54aabb14-4a7d-4ab3-adbe-2e67760b87f4#0:FAIL-t825, f535bb4a-cba0-4f9b-9e3e-e4a48b3eda51<-c652e2ee-3322-4406-8db6-1ea643cb3197#0:FAIL-t825] and 0 exception(s); f535bb4a-cba0-4f9b-9e3e-e4a48b3eda51@group-7E32184879DE:t825, leader=null, voted=f535bb4a-cba0-4f9b-9e3e-e4a48b3eda51, raftlog=f535bb4a-cba0-4f9b-9e3e-e4a48b3eda51@group-7E32184879DE-SegmentedRaftLog:OPENED:c-1,f-1,i0, conf=-1: [f535bb4a-cba0-4f9b-9e3e-e4a48b3eda51:0.0.0.0:44706, 54aabb14-4a7d-4ab3-adbe-2e67760b87f4:0.0.0.0:43074, c652e2ee-3322-4406-8db6-1ea643cb3197:0.0.0.0:42129], old=null
2019-10-18 11:26:06,664 [f535bb4a-cba0-4f9b-9e3e-e4a48b3eda51@group-7E32184879DE-LeaderElection705] INFO  impl.RaftServerImpl (RaftServerImpl.java:setRole(184)) - f535bb4a-cba0-4f9b-9e3e-e4a48b3eda51@group-7E32184879DE: changes role from CANDIDATE to FOLLOWER at term 825 for DISCOVERED_A_NEW_TERM
2019-10-18 11:26:06,664 [f535bb4a-cba0-4f9b-9e3e-e4a48b3eda51@group-7E32184879DE-LeaderElection705] INFO  impl.RoleInfo (RoleInfo.java:shutdownLeaderElection(134)) - f535bb4a-cba0-4f9b-9e3e-e4a48b3eda51: shutdown LeaderElection
2019-10-18 11:26:06,664 [f535bb4a-cba0-4f9b-9e3e-e4a48b3eda51@group-7E32184879DE-LeaderElection705] INFO  impl.RoleInfo (RoleInfo.java:updateAndGet(143)) - f535bb4a-cba0-4f9b-9e3e-e4a48b3eda51: start FollowerState
2019-10-18 11:26:06,709 [Thread-4971] INFO  impl.FollowerState (FollowerState.java:run(108)) - f535bb4a-cba0-4f9b-9e3e-e4a48b3eda51@group-7E32184879DE-FollowerState: change to CANDIDATE, lastRpcTime:44ms, electionTimeout:44ms
2019-10-18 11:26:06,709 [Thread-4971] INFO  impl.RoleInfo (RoleInfo.java:shutdownFollowerState(121)) - f535bb4a-cba0-4f9b-9e3e-e4a48b3eda51: shutdown FollowerState
2019-10-18 11:26:06,709 [Thread-4971] INFO  impl.RaftServerImpl (RaftServerImpl.java:setRole(184)) - f535bb4a-cba0-4f9b-9e3e-e4a48b3eda51@group-7E32184879DE: changes role from  FOLLOWER to CANDIDATE at term 825 for changeToCandidate
2019-10-18 11:26:06,709 [Thread-4971] INFO  impl.RoleInfo (RoleInfo.java:updateAndGet(143)) - f535bb4a-cba0-4f9b-9e3e-e4a48b3eda51: start LeaderElection
2019-10-18 11:26:06,738 [f535bb4a-cba0-4f9b-9e3e-e4a48b3eda51@group-7E32184879DE-LeaderElection706] INFO  impl.LeaderElection (LeaderElection.java:askForVotes(178)) - f535bb4a-cba0-4f9b-9e3e-e4a48b3eda51@group-7E32184879DE-LeaderElection706: begin an election at term 826 for -1: [f535bb4a-cba0-4f9b-9e3e-e4a48b3eda51:0.0.0.0:44706, 54aabb14-4a7d-4ab3-adbe-2e67760b87f4:0.0.0.0:43074, c652e2ee-3322-4406-8db6-1ea643cb3197:0.0.0.0:42129], old=null
2019-10-18 11:26:06,740 [grpc-default-executor-3] INFO  impl.RaftServerImpl (RaftServerImpl.java:setRole(184)) - 54aabb14-4a7d-4ab3-adbe-2e67760b87f4@group-7E32184879DE: changes role from  FOLLOWER to FOLLOWER at term 826 for recognizeCandidate:f535bb4a-cba0-4f9b-9e3e-e4a48b3eda51
2019-10-18 11:26:06,740 [grpc-default-executor-2] INFO  impl.RaftServerImpl (RaftServerImpl.java:setRole(184)) - c652e2ee-3322-4406-8db6-1ea643cb3197@group-7E32184879DE: changes role from  FOLLOWER to FOLLOWER at term 826 for recognizeCandidate:f535bb4a-cba0-4f9b-9e3e-e4a48b3eda51
2019-10-18 11:26:06,740 [grpc-default-executor-2] INFO  impl.RoleInfo (RoleInfo.java:shutdownFollowerState(121)) - c652e2ee-3322-4406-8db6-1ea643cb3197: shutdown FollowerState
2019-10-18 11:26:06,740 [grpc-default-executor-3] INFO  impl.RoleInfo (RoleInfo.java:shutdownFollowerState(121)) - 54aabb14-4a7d-4ab3-adbe-2e67760b87f4: shutdown FollowerState
2019-10-18 11:26:06,740 [Thread-4970] INFO  impl.FollowerState (FollowerState.java:run(117)) - c652e2ee-3322-4406-8db6-1ea643cb3197@group-7E32184879DE-FollowerState was interrupted: java.lang.InterruptedException: sleep interrupted
2019-10-18 11:26:06,740 [grpc-default-executor-2] INFO  impl.RoleInfo (RoleInfo.java:updateAndGet(143)) - c652e2ee-3322-4406-8db6-1ea643cb3197: start FollowerState
2019-10-18 11:26:06,741 [Thread-4969] INFO  impl.FollowerState (FollowerState.java:run(117)) - 54aabb14-4a7d-4ab3-adbe-2e67760b87f4@group-7E32184879DE-FollowerState was interrupted: java.lang.InterruptedException: sleep interrupted
2019-10-18 11:26:06,741 [grpc-default-executor-3] INFO  impl.RoleInfo (RoleInfo.java:updateAndGet(143)) - 54aabb14-4a7d-4ab3-adbe-2e67760b87f4: start FollowerState
2019-10-18 11:26:06,764 [f535bb4a-cba0-4f9b-9e3e-e4a48b3eda51@group-7E32184879DE-LeaderElection706] INFO  impl.LeaderElection (LeaderElection.java:logAndReturn(56)) - f535bb4a-cba0-4f9b-9e3e-e4a48b3eda51@group-7E32184879DE-LeaderElection706: Election REJECTED; received 2 response(s) [f535bb4a-cba0-4f9b-9e3e-e4a48b3eda51<-54aabb14-4a7d-4ab3-adbe-2e67760b87f4#0:FAIL-t826, f535bb4a-cba0-4f9b-9e3e-e4a48b3eda51<-c652e2ee-3322-4406-8db6-1ea643cb3197#0:FAIL-t826] and 0 exception(s); f535bb4a-cba0-4f9b-9e3e-e4a48b3eda51@group-7E32184879DE:t826, leader=null, voted=f535bb4a-cba0-4f9b-9e3e-e4a48b3eda51, raftlog=f535bb4a-cba0-4f9b-9e3e-e4a48b3eda51@group-7E32184879DE-SegmentedRaftLog:OPENED:c-1,f-1,i0, conf=-1: [f535bb4a-cba0-4f9b-9e3e-e4a48b3eda51:0.0.0.0:44706, 54aabb14-4a7d-4ab3-adbe-2e67760b87f4:0.0.0.0:43074, c652e2ee-3322-4406-8db6-1ea643cb3197:0.0.0.0:42129], old=null
2019-10-18 11:26:06,765 [f535bb4a-cba0-4f9b-9e3e-e4a48b3eda51@group-7E32184879DE-LeaderElection706] INFO  impl.RaftServerImpl (RaftServerImpl.java:setRole(184)) - f535bb4a-cba0-4f9b-9e3e-e4a48b3eda51@group-7E32184879DE: changes role from CANDIDATE to FOLLOWER at term 826 for DISCOVERED_A_NEW_TERM
2019-10-18 11:26:06,765 [f535bb4a-cba0-4f9b-9e3e-e4a48b3eda51@group-7E32184879DE-LeaderElection706] INFO  impl.RoleInfo (RoleInfo.java:shutdownLeaderElection(134)) - f535bb4a-cba0-4f9b-9e3e-e4a48b3eda51: shutdown LeaderElection
2019-10-18 11:26:06,765 [f535bb4a-cba0-4f9b-9e3e-e4a48b3eda51@group-7E32184879DE-LeaderElection706] INFO  impl.RoleInfo (RoleInfo.java:updateAndGet(143)) - f535bb4a-cba0-4f9b-9e3e-e4a48b3eda51: start FollowerState
2019-10-18 11:26:06,809 [Thread-4977] INFO  impl.FollowerState (FollowerState.java:run(108)) - f535bb4a-cba0-4f9b-9e3e-e4a48b3eda51@group-7E32184879DE-FollowerState: change to CANDIDATE, lastRpcTime:44ms, electionTimeout:44ms
2019-10-18 11:26:06,809 [Thread-4977] INFO  impl.RoleInfo (RoleInfo.java:shutdownFollowerState(121)) - f535bb4a-cba0-4f9b-9e3e-e4a48b3eda51: shutdown FollowerState
2019-10-18 11:26:06,809 [Thread-4977] INFO  impl.RaftServerImpl (RaftServerImpl.java:setRole(184)) - f535bb4a-cba0-4f9b-9e3e-e4a48b3eda51@group-7E32184879DE: changes role from  FOLLOWER to CANDIDATE at term 826 for changeToCandidate
2019-10-18 11:26:06,810 [Thread-4977] INFO  impl.RoleInfo (RoleInfo.java:updateAndGet(143)) - f535bb4a-cba0-4f9b-9e3e-e4a48b3eda51: start LeaderElection
2019-10-18 11:26:06,839 [f535bb4a-cba0-4f9b-9e3e-e4a48b3eda51@group-7E32184879DE-LeaderElection707] INFO  impl.LeaderElection (LeaderElection.java:askForVotes(178)) - f535bb4a-cba0-4f9b-9e3e-e4a48b3eda51@group-7E32184879DE-LeaderElection707: begin an election at term 827 for -1: [f535bb4a-cba0-4f9b-9e3e-e4a48b3eda51:0.0.0.0:44706, 54aabb14-4a7d-4ab3-adbe-2e67760b87f4:0.0.0.0:43074, c652e2ee-3322-4406-8db6-1ea643cb3197:0.0.0.0:42129], old=null
2019-10-18 11:26:06,842 [grpc-default-executor-2] INFO  impl.RaftServerImpl (RaftServerImpl.java:setRole(184)) - 54aabb14-4a7d-4ab3-adbe-2e67760b87f4@group-7E32184879DE: changes role from  FOLLOWER to FOLLOWER at term 827 for recognizeCandidate:f535bb4a-cba0-4f9b-9e3e-e4a48b3eda51
2019-10-18 11:26:06,842 [grpc-default-executor-2] INFO  impl.RoleInfo (RoleInfo.java:shutdownFollowerState(121)) - 54aabb14-4a7d-4ab3-adbe-2e67760b87f4: shutdown FollowerState
2019-10-18 11:26:06,842 [grpc-default-executor-3] INFO  impl.RaftServerImpl (RaftServerImpl.java:setRole(184)) - c652e2ee-3322-4406-8db6-1ea643cb3197@group-7E32184879DE: changes role from  FOLLOWER to FOLLOWER at term 827 for recognizeCandidate:f535bb4a-cba0-4f9b-9e3e-e4a48b3eda51
2019-10-18 11:26:06,842 [grpc-default-executor-3] INFO  impl.RoleInfo (RoleInfo.java:shutdownFollowerState(121)) - c652e2ee-3322-4406-8db6-1ea643cb3197: shutdown FollowerState
2019-10-18 11:26:06,842 [Thread-4976] INFO  impl.FollowerState (FollowerState.java:run(117)) - 54aabb14-4a7d-4ab3-adbe-2e67760b87f4@group-7E32184879DE-FollowerState was interrupted: java.lang.InterruptedException: sleep interrupted
2019-10-18 11:26:06,842 [Thread-4975] INFO  impl.FollowerState (FollowerState.java:run(117)) - c652e2ee-3322-4406-8db6-1ea643cb3197@group-7E32184879DE-FollowerState was interrupted: java.lang.InterruptedException: sleep interrupted
2019-10-18 11:26:06,842 [grpc-default-executor-2] INFO  impl.RoleInfo (RoleInfo.java:updateAndGet(143)) - 54aabb14-4a7d-4ab3-adbe-2e67760b87f4: start FollowerState
2019-10-18 11:26:06,842 [grpc-default-executor-3] INFO  impl.RoleInfo (RoleInfo.java:updateAndGet(143)) - c652e2ee-3322-4406-8db6-1ea643cb3197: start FollowerState
2019-10-18 11:26:06,865 [f535bb4a-cba0-4f9b-9e3e-e4a48b3eda51@group-7E32184879DE-LeaderElection707] INFO  impl.LeaderElection (LeaderElection.java:logAndReturn(56)) - f535bb4a-cba0-4f9b-9e3e-e4a48b3eda51@group-7E32184879DE-LeaderElection707: Election REJECTED; received 2 response(s) [f535bb4a-cba0-4f9b-9e3e-e4a48b3eda51<-54aabb14-4a7d-4ab3-adbe-2e67760b87f4#0:FAIL-t827, f535bb4a-cba0-4f9b-9e3e-e4a48b3eda51<-c652e2ee-3322-4406-8db6-1ea643cb3197#0:FAIL-t827] and 0 exception(s); f535bb4a-cba0-4f9b-9e3e-e4a48b3eda51@group-7E32184879DE:t827, leader=null, voted=f535bb4a-cba0-4f9b-9e3e-e4a48b3eda51, raftlog=f535bb4a-cba0-4f9b-9e3e-e4a48b3eda51@group-7E32184879DE-SegmentedRaftLog:OPENED:c-1,f-1,i0, conf=-1: [f535bb4a-cba0-4f9b-9e3e-e4a48b3eda51:0.0.0.0:44706, 54aabb14-4a7d-4ab3-adbe-2e67760b87f4:0.0.0.0:43074, c652e2ee-3322-4406-8db6-1ea643cb3197:0.0.0.0:42129], old=null
2019-10-18 11:26:06,865 [f535bb4a-cba0-4f9b-9e3e-e4a48b3eda51@group-7E32184879DE-LeaderElection707] INFO  impl.RaftServerImpl (RaftServerImpl.java:setRole(184)) - f535bb4a-cba0-4f9b-9e3e-e4a48b3eda51@group-7E32184879DE: changes role from CANDIDATE to FOLLOWER at term 827 for DISCOVERED_A_NEW_TERM
2019-10-18 11:26:06,865 [f535bb4a-cba0-4f9b-9e3e-e4a48b3eda51@group-7E32184879DE-LeaderElection707] INFO  impl.RoleInfo (RoleInfo.java:shutdownLeaderElection(134)) - f535bb4a-cba0-4f9b-9e3e-e4a48b3eda51: shutdown LeaderElection
2019-10-18 11:26:06,866 [f535bb4a-cba0-4f9b-9e3e-e4a48b3eda51@group-7E32184879DE-LeaderElection707] INFO  impl.RoleInfo (RoleInfo.java:updateAndGet(143)) - f535bb4a-cba0-4f9b-9e3e-e4a48b3eda51: start FollowerState
2019-10-18 11:26:06,890 [Thread-4984] INFO  impl.FollowerState (FollowerState.java:run(108)) - f535bb4a-cba0-4f9b-9e3e-e4a48b3eda51@group-7E32184879DE-FollowerState: change to CANDIDATE, lastRpcTime:24ms, electionTimeout:24ms
2019-10-18 11:26:06,890 [Thread-4984] INFO  impl.RoleInfo (RoleInfo.java:shutdownFollowerState(121)) - f535bb4a-cba0-4f9b-9e3e-e4a48b3eda51: shutdown FollowerState
2019-10-18 11:26:06,890 [Thread-4984] INFO  impl.RaftServerImpl (RaftServerImpl.java:setRole(184)) - f535bb4a-cba0-4f9b-9e3e-e4a48b3eda51@group-7E32184879DE: changes role from  FOLLOWER to CANDIDATE at term 827 for changeToCandidate
2019-10-18 11:26:06,890 [Thread-4984] INFO  impl.RoleInfo (RoleInfo.java:updateAndGet(143)) - f535bb4a-cba0-4f9b-9e3e-e4a48b3eda51: start LeaderElection
2019-10-18 11:26:06,915 [f535bb4a-cba0-4f9b-9e3e-e4a48b3eda51@group-7E32184879DE-LeaderElection708] INFO  impl.LeaderElection (LeaderElection.java:askForVotes(178)) - f535bb4a-cba0-4f9b-9e3e-e4a48b3eda51@group-7E32184879DE-LeaderElection708: begin an election at term 828 for -1: [f535bb4a-cba0-4f9b-9e3e-e4a48b3eda51:0.0.0.0:44706, 54aabb14-4a7d-4ab3-adbe-2e67760b87f4:0.0.0.0:43074, c652e2ee-3322-4406-8db6-1ea643cb3197:0.0.0.0:42129], old=null
2019-10-18 11:26:06,916 [grpc-default-executor-2] INFO  impl.RaftServerImpl (RaftServerImpl.java:setRole(184)) - 54aabb14-4a7d-4ab3-adbe-2e67760b87f4@group-7E32184879DE: changes role from  FOLLOWER to FOLLOWER at term 828 for recognizeCandidate:f535bb4a-cba0-4f9b-9e3e-e4a48b3eda51
2019-10-18 11:26:06,916 [grpc-default-executor-2] INFO  impl.RoleInfo (RoleInfo.java:shutdownFollowerState(121)) - 54aabb14-4a7d-4ab3-adbe-2e67760b87f4: shutdown FollowerState
2019-10-18 11:26:06,916 [grpc-default-executor-3] INFO  impl.RaftServerImpl (RaftServerImpl.java:setRole(184)) - c652e2ee-3322-4406-8db6-1ea643cb3197@group-7E32184879DE: changes role from  FOLLOWER to FOLLOWER at term 828 for recognizeCandidate:f535bb4a-cba0-4f9b-9e3e-e4a48b3eda51
2019-10-18 11:26:06,917 [Thread-4981] INFO  impl.FollowerState (FollowerState.java:run(117)) - 54aabb14-4a7d-4ab3-adbe-2e67760b87f4@group-7E32184879DE-FollowerState was interrupted: java.lang.InterruptedException: sleep interrupted
2019-10-18 11:26:06,917 [grpc-default-executor-2] INFO  impl.RoleInfo (RoleInfo.java:updateAndGet(143)) - 54aabb14-4a7d-4ab3-adbe-2e67760b87f4: start FollowerState
2019-10-18 11:26:06,917 [grpc-default-executor-3] INFO  impl.RoleInfo (RoleInfo.java:shutdownFollowerState(121)) - c652e2ee-3322-4406-8db6-1ea643cb3197: shutdown FollowerState
2019-10-18 11:26:06,917 [grpc-default-executor-3] INFO  impl.RoleInfo (RoleInfo.java:updateAndGet(143)) - c652e2ee-3322-4406-8db6-1ea643cb3197: start FollowerState
2019-10-18 11:26:06,917 [Thread-4982] INFO  impl.FollowerState (FollowerState.java:run(117)) - c652e2ee-3322-4406-8db6-1ea643cb3197@group-7E32184879DE-FollowerState was interrupted: java.lang.InterruptedException: sleep interrupted
2019-10-18 11:26:06,941 [f535bb4a-cba0-4f9b-9e3e-e4a48b3eda51@group-7E32184879DE-LeaderElection708] INFO  impl.LeaderElection (LeaderElection.java:logAndReturn(56)) - f535bb4a-cba0-4f9b-9e3e-e4a48b3eda51@group-7E32184879DE-LeaderElection708: Election REJECTED; received 2 response(s) [f535bb4a-cba0-4f9b-9e3e-e4a48b3eda51<-54aabb14-4a7d-4ab3-adbe-2e67760b87f4#0:FAIL-t828, f535bb4a-cba0-4f9b-9e3e-e4a48b3eda51<-c652e2ee-3322-4406-8db6-1ea643cb3197#0:FAIL-t828] and 0 exception(s); f535bb4a-cba0-4f9b-9e3e-e4a48b3eda51@group-7E32184879DE:t828, leader=null, voted=f535bb4a-cba0-4f9b-9e3e-e4a48b3eda51, raftlog=f535bb4a-cba0-4f9b-9e3e-e4a48b3eda51@group-7E32184879DE-SegmentedRaftLog:OPENED:c-1,f-1,i0, conf=-1: [f535bb4a-cba0-4f9b-9e3e-e4a48b3eda51:0.0.0.0:44706, 54aabb14-4a7d-4ab3-adbe-2e67760b87f4:0.0.0.0:43074, c652e2ee-3322-4406-8db6-1ea643cb3197:0.0.0.0:42129], old=null
2019-10-18 11:26:06,941 [f535bb4a-cba0-4f9b-9e3e-e4a48b3eda51@group-7E32184879DE-LeaderElection708] INFO  impl.RaftServerImpl (RaftServerImpl.java:setRole(184)) - f535bb4a-cba0-4f9b-9e3e-e4a48b3eda51@group-7E32184879DE: changes role from CANDIDATE to FOLLOWER at term 828 for DISCOVERED_A_NEW_TERM
2019-10-18 11:26:06,941 [f535bb4a-cba0-4f9b-9e3e-e4a48b3eda51@group-7E32184879DE-LeaderElection708] INFO  impl.RoleInfo (RoleInfo.java:shutdownLeaderElection(134)) - f535bb4a-cba0-4f9b-9e3e-e4a48b3eda51: shutdown LeaderElection
2019-10-18 11:26:06,941 [f535bb4a-cba0-4f9b-9e3e-e4a48b3eda51@group-7E32184879DE-LeaderElection708] INFO  impl.RoleInfo (RoleInfo.java:updateAndGet(143)) - f535bb4a-cba0-4f9b-9e3e-e4a48b3eda51: start FollowerState
2019-10-18 11:26:07,142 [Thread-4991] INFO  impl.FollowerState (FollowerState.java:run(108)) - f535bb4a-cba0-4f9b-9e3e-e4a48b3eda51@group-7E32184879DE-FollowerState: change to CANDIDATE, lastRpcTime:200ms, electionTimeout:200ms
2019-10-18 11:26:07,142 [Thread-4991] INFO  impl.RoleInfo (RoleInfo.java:shutdownFollowerState(121)) - f535bb4a-cba0-4f9b-9e3e-e4a48b3eda51: shutdown FollowerState
2019-10-18 11:26:07,142 [Thread-4991] INFO  impl.RaftServerImpl (RaftServerImpl.java:setRole(184)) - f535bb4a-cba0-4f9b-9e3e-e4a48b3eda51@group-7E32184879DE: changes role from  FOLLOWER to CANDIDATE at term 828 for changeToCandidate
2019-10-18 11:26:07,143 [Thread-4991] INFO  impl.RoleInfo (RoleInfo.java:updateAndGet(143)) - f535bb4a-cba0-4f9b-9e3e-e4a48b3eda51: start LeaderElection
2019-10-18 11:26:07,175 [f535bb4a-cba0-4f9b-9e3e-e4a48b3eda51@group-7E32184879DE-LeaderElection709] INFO  impl.LeaderElection (LeaderElection.java:askForVotes(178)) - f535bb4a-cba0-4f9b-9e3e-e4a48b3eda51@group-7E32184879DE-LeaderElection709: begin an election at term 829 for -1: [f535bb4a-cba0-4f9b-9e3e-e4a48b3eda51:0.0.0.0:44706, 54aabb14-4a7d-4ab3-adbe-2e67760b87f4:0.0.0.0:43074, c652e2ee-3322-4406-8db6-1ea643cb3197:0.0.0.0:42129], old=null
2019-10-18 11:26:07,178 [grpc-default-executor-3] INFO  impl.RaftServerImpl (RaftServerImpl.java:setRole(184)) - 54aabb14-4a7d-4ab3-adbe-2e67760b87f4@group-7E32184879DE: changes role from  FOLLOWER to FOLLOWER at term 829 for recognizeCandidate:f535bb4a-cba0-4f9b-9e3e-e4a48b3eda51
2019-10-18 11:26:07,178 [grpc-default-executor-3] INFO  impl.RoleInfo (RoleInfo.java:shutdownFollowerState(121)) - 54aabb14-4a7d-4ab3-adbe-2e67760b87f4: shutdown FollowerState
2019-10-18 11:26:07,178 [grpc-default-executor-2] INFO  impl.RaftServerImpl (RaftServerImpl.java:setRole(184)) - c652e2ee-3322-4406-8db6-1ea643cb3197@group-7E32184879DE: changes role from  FOLLOWER to FOLLOWER at term 829 for recognizeCandidate:f535bb4a-cba0-4f9b-9e3e-e4a48b3eda51
2019-10-18 11:26:07,178 [grpc-default-executor-2] INFO  impl.RoleInfo (RoleInfo.java:shutdownFollowerState(121)) - c652e2ee-3322-4406-8db6-1ea643cb3197: shutdown FollowerState
2019-10-18 11:26:07,178 [Thread-4989] INFO  impl.FollowerState (FollowerState.java:run(117)) - 54aabb14-4a7d-4ab3-adbe-2e67760b87f4@group-7E32184879DE-FollowerState was interrupted: java.lang.InterruptedException: sleep interrupted
2019-10-18 11:26:07,178 [grpc-default-executor-3] INFO  impl.RoleInfo (RoleInfo.java:updateAndGet(143)) - 54aabb14-4a7d-4ab3-adbe-2e67760b87f4: start FollowerState
2019-10-18 11:26:07,178 [Thread-4990] INFO  impl.FollowerState (FollowerState.java:run(117)) - c652e2ee-3322-4406-8db6-1ea643cb3197@group-7E32184879DE-FollowerState was interrupted: java.lang.InterruptedException: sleep interrupted
2019-10-18 11:26:07,178 [grpc-default-executor-2] INFO  impl.RoleInfo (RoleInfo.java:updateAndGet(143)) - c652e2ee-3322-4406-8db6-1ea643cb3197: start FollowerState
2019-10-18 11:26:07,201 [f535bb4a-cba0-4f9b-9e3e-e4a48b3eda51@group-7E32184879DE-LeaderElection709] INFO  impl.LeaderElection (LeaderElection.java:logAndReturn(56)) - f535bb4a-cba0-4f9b-9e3e-e4a48b3eda51@group-7E32184879DE-LeaderElection709: Election REJECTED; received 2 response(s) [f535bb4a-cba0-4f9b-9e3e-e4a48b3eda51<-54aabb14-4a7d-4ab3-adbe-2e67760b87f4#0:FAIL-t829, f535bb4a-cba0-4f9b-9e3e-e4a48b3eda51<-c652e2ee-3322-4406-8db6-1ea643cb3197#0:FAIL-t829] and 0 exception(s); f535bb4a-cba0-4f9b-9e3e-e4a48b3eda51@group-7E32184879DE:t829, leader=null, voted=f535bb4a-cba0-4f9b-9e3e-e4a48b3eda51, raftlog=f535bb4a-cba0-4f9b-9e3e-e4a48b3eda51@group-7E32184879DE-SegmentedRaftLog:OPENED:c-1,f-1,i0, conf=-1: [f535bb4a-cba0-4f9b-9e3e-e4a48b3eda51:0.0.0.0:44706, 54aabb14-4a7d-4ab3-adbe-2e67760b87f4:0.0.0.0:43074, c652e2ee-3322-4406-8db6-1ea643cb3197:0.0.0.0:42129], old=null
2019-10-18 11:26:07,201 [f535bb4a-cba0-4f9b-9e3e-e4a48b3eda51@group-7E32184879DE-LeaderElection709] INFO  impl.RaftServerImpl (RaftServerImpl.java:setRole(184)) - f535bb4a-cba0-4f9b-9e3e-e4a48b3eda51@group-7E32184879DE: changes role from CANDIDATE to FOLLOWER at term 829 for DISCOVERED_A_NEW_TERM
2019-10-18 11:26:07,201 [f535bb4a-cba0-4f9b-9e3e-e4a48b3eda51@group-7E32184879DE-LeaderElection709] INFO  impl.RoleInfo (RoleInfo.java:shutdownLeaderElection(134)) - f535bb4a-cba0-4f9b-9e3e-e4a48b3eda51: shutdown LeaderElection
2019-10-18 11:26:07,201 [f535bb4a-cba0-4f9b-9e3e-e4a48b3eda51@group-7E32184879DE-LeaderElection709] INFO  impl.RoleInfo (RoleInfo.java:updateAndGet(143)) - f535bb4a-cba0-4f9b-9e3e-e4a48b3eda51: start FollowerState
2019-10-18 11:26:07,239 [Thread-4997] INFO  impl.FollowerState (FollowerState.java:run(108)) - f535bb4a-cba0-4f9b-9e3e-e4a48b3eda51@group-7E32184879DE-FollowerState: change to CANDIDATE, lastRpcTime:37ms, electionTimeout:37ms
2019-10-18 11:26:07,239 [Thread-4997] INFO  impl.RoleInfo (RoleInfo.java:shutdownFollowerState(121)) - f535bb4a-cba0-4f9b-9e3e-e4a48b3eda51: shutdown FollowerState
2019-10-18 11:26:07,239 [Thread-4997] INFO  impl.RaftServerImpl (RaftServerImpl.java:setRole(184)) - f535bb4a-cba0-4f9b-9e3e-e4a48b3eda51@group-7E32184879DE: changes role from  FOLLOWER to CANDIDATE at term 829 for changeToCandidate
2019-10-18 11:26:07,239 [Thread-4997] INFO  impl.RoleInfo (RoleInfo.java:updateAndGet(143)) - f535bb4a-cba0-4f9b-9e3e-e4a48b3eda51: start LeaderElection
2019-10-18 11:26:07,267 [f535bb4a-cba0-4f9b-9e3e-e4a48b3eda51@group-7E32184879DE-LeaderElection710] INFO  impl.LeaderElection (LeaderElection.java:askForVotes(178)) - f535bb4a-cba0-4f9b-9e3e-e4a48b3eda51@group-7E32184879DE-LeaderElection710: begin an election at term 830 for -1: [f535bb4a-cba0-4f9b-9e3e-e4a48b3eda51:0.0.0.0:44706, 54aabb14-4a7d-4ab3-adbe-2e67760b87f4:0.0.0.0:43074, c652e2ee-3322-4406-8db6-1ea643cb3197:0.0.0.0:42129], old=null
2019-10-18 11:26:07,268 [grpc-default-executor-2] INFO  impl.RaftServerImpl (RaftServerImpl.java:setRole(184)) - 54aabb14-4a7d-4ab3-adbe-2e67760b87f4@group-7E32184879DE: changes role from  FOLLOWER to FOLLOWER at term 830 for recognizeCandidate:f535bb4a-cba0-4f9b-9e3e-e4a48b3eda51
2019-10-18 11:26:07,269 [grpc-default-executor-2] INFO  impl.RoleInfo (RoleInfo.java:shutdownFollowerState(121)) - 54aabb14-4a7d-4ab3-adbe-2e67760b87f4: shutdown FollowerState
2019-10-18 11:26:07,269 [grpc-default-executor-2] INFO  impl.RoleInfo (RoleInfo.java:updateAndGet(143)) - 54aabb14-4a7d-4ab3-adbe-2e67760b87f4: start FollowerState
2019-10-18 11:26:07,269 [Thread-4995] INFO  impl.FollowerState (FollowerState.java:run(117)) - 54aabb14-4a7d-4ab3-adbe-2e67760b87f4@group-7E32184879DE-FollowerState was interrupted: java.lang.InterruptedException: sleep interrupted
2019-10-18 11:26:07,269 [grpc-default-executor-3] INFO  impl.RaftServerImpl (RaftServerImpl.java:setRole(184)) - c652e2ee-3322-4406-8db6-1ea643cb3197@group-7E32184879DE: changes role from  FOLLOWER to FOLLOWER at term 830 for recognizeCandidate:f535bb4a-cba0-4f9b-9e3e-e4a48b3eda51
2019-10-18 11:26:07,269 [grpc-default-executor-3] INFO  impl.RoleInfo (RoleInfo.java:shutdownFollowerState(121)) - c652e2ee-3322-4406-8db6-1ea643cb3197: shutdown FollowerState
2019-10-18 11:26:07,269 [grpc-default-executor-3] INFO  impl.RoleInfo (RoleInfo.java:updateAndGet(143)) - c652e2ee-3322-4406-8db6-1ea643cb3197: start FollowerState
2019-10-18 11:26:07,269 [Thread-4996] INFO  impl.FollowerState (FollowerState.java:run(117)) - c652e2ee-3322-4406-8db6-1ea643cb3197@group-7E32184879DE-FollowerState was interrupted: java.lang.InterruptedException: sleep interrupted
2019-10-18 11:26:07,293 [f535bb4a-cba0-4f9b-9e3e-e4a48b3eda51@group-7E32184879DE-LeaderElection710] INFO  impl.LeaderElection (LeaderElection.java:logAndReturn(56)) - f535bb4a-cba0-4f9b-9e3e-e4a48b3eda51@group-7E32184879DE-LeaderElection710: Election REJECTED; received 2 response(s) [f535bb4a-cba0-4f9b-9e3e-e4a48b3eda51<-54aabb14-4a7d-4ab3-adbe-2e67760b87f4#0:FAIL-t830, f535bb4a-cba0-4f9b-9e3e-e4a48b3eda51<-c652e2ee-3322-4406-8db6-1ea643cb3197#0:FAIL-t830] and 0 exception(s); f535bb4a-cba0-4f9b-9e3e-e4a48b3eda51@group-7E32184879DE:t830, leader=null, voted=f535bb4a-cba0-4f9b-9e3e-e4a48b3eda51, raftlog=f535bb4a-cba0-4f9b-9e3e-e4a48b3eda51@group-7E32184879DE-SegmentedRaftLog:OPENED:c-1,f-1,i0, conf=-1: [f535bb4a-cba0-4f9b-9e3e-e4a48b3eda51:0.0.0.0:44706, 54aabb14-4a7d-4ab3-adbe-2e67760b87f4:0.0.0.0:43074, c652e2ee-3322-4406-8db6-1ea643cb3197:0.0.0.0:42129], old=null
2019-10-18 11:26:07,293 [f535bb4a-cba0-4f9b-9e3e-e4a48b3eda51@group-7E32184879DE-LeaderElection710] INFO  impl.RaftServerImpl (RaftServerImpl.java:setRole(184)) - f535bb4a-cba0-4f9b-9e3e-e4a48b3eda51@group-7E32184879DE: changes role from CANDIDATE to FOLLOWER at term 830 for DISCOVERED_A_NEW_TERM
2019-10-18 11:26:07,294 [f535bb4a-cba0-4f9b-9e3e-e4a48b3eda51@group-7E32184879DE-LeaderElection710] INFO  impl.RoleInfo (RoleInfo.java:shutdownLeaderElection(134)) - f535bb4a-cba0-4f9b-9e3e-e4a48b3eda51: shutdown LeaderElection
2019-10-18 11:26:07,294 [f535bb4a-cba0-4f9b-9e3e-e4a48b3eda51@group-7E32184879DE-LeaderElection710] INFO  impl.RoleInfo (RoleInfo.java:updateAndGet(143)) - f535bb4a-cba0-4f9b-9e3e-e4a48b3eda51: start FollowerState
2019-10-18 11:26:07,378 [Thread-5003] INFO  impl.FollowerState (FollowerState.java:run(108)) - f535bb4a-cba0-4f9b-9e3e-e4a48b3eda51@group-7E32184879DE-FollowerState: change to CANDIDATE, lastRpcTime:84ms, electionTimeout:84ms
2019-10-18 11:26:07,379 [Thread-5003] INFO  impl.RoleInfo (RoleInfo.java:shutdownFollowerState(121)) - f535bb4a-cba0-4f9b-9e3e-e4a48b3eda51: shutdown FollowerState
2019-10-18 11:26:07,379 [Thread-5003] INFO  impl.RaftServerImpl (RaftServerImpl.java:setRole(184)) - f535bb4a-cba0-4f9b-9e3e-e4a48b3eda51@group-7E32184879DE: changes role from  FOLLOWER to CANDIDATE at term 830 for changeToCandidate
2019-10-18 11:26:07,379 [Thread-5003] INFO  impl.RoleInfo (RoleInfo.java:updateAndGet(143)) - f535bb4a-cba0-4f9b-9e3e-e4a48b3eda51: start LeaderElection
2019-10-18 11:26:07,410 [f535bb4a-cba0-4f9b-9e3e-e4a48b3eda51@group-7E32184879DE-LeaderElection711] INFO  impl.LeaderElection (LeaderElection.java:askForVotes(178)) - f535bb4a-cba0-4f9b-9e3e-e4a48b3eda51@group-7E32184879DE-LeaderElection711: begin an election at term 831 for -1: [f535bb4a-cba0-4f9b-9e3e-e4a48b3eda51:0.0.0.0:44706, 54aabb14-4a7d-4ab3-adbe-2e67760b87f4:0.0.0.0:43074, c652e2ee-3322-4406-8db6-1ea643cb3197:0.0.0.0:42129], old=null
2019-10-18 11:26:07,414 [grpc-default-executor-3] INFO  impl.RaftServerImpl (RaftServerImpl.java:setRole(184)) - c652e2ee-3322-4406-8db6-1ea643cb3197@group-7E32184879DE: changes role from  FOLLOWER to FOLLOWER at term 831 for recognizeCandidate:f535bb4a-cba0-4f9b-9e3e-e4a48b3eda51
2019-10-18 11:26:07,415 [grpc-default-executor-3] INFO  impl.RoleInfo (RoleInfo.java:shutdownFollowerState(121)) - c652e2ee-3322-4406-8db6-1ea643cb3197: shutdown FollowerState
2019-10-18 11:26:07,414 [grpc-default-executor-2] INFO  impl.RaftServerImpl (RaftServerImpl.java:setRole(184)) - 54aabb14-4a7d-4ab3-adbe-2e67760b87f4@group-7E32184879DE: changes role from  FOLLOWER to FOLLOWER at term 831 for recognizeCandidate:f535bb4a-cba0-4f9b-9e3e-e4a48b3eda51
2019-10-18 11:26:07,415 [grpc-default-executor-3] INFO  impl.RoleInfo (RoleInfo.java:updateAndGet(143)) - c652e2ee-3322-4406-8db6-1ea643cb3197: start FollowerState
2019-10-18 11:26:07,415 [Thread-5002] INFO  impl.FollowerState (FollowerState.java:run(117)) - c652e2ee-3322-4406-8db6-1ea643cb3197@group-7E32184879DE-FollowerState was interrupted: java.lang.InterruptedException: sleep interrupted
2019-10-18 11:26:07,415 [grpc-default-executor-2] INFO  impl.RoleInfo (RoleInfo.java:shutdownFollowerState(121)) - 54aabb14-4a7d-4ab3-adbe-2e67760b87f4: shutdown FollowerState
2019-10-18 11:26:07,415 [grpc-default-executor-2] INFO  impl.RoleInfo (RoleInfo.java:updateAndGet(143)) - 54aabb14-4a7d-4ab3-adbe-2e67760b87f4: start FollowerState
2019-10-18 11:26:07,415 [Thread-5001] INFO  impl.FollowerState (FollowerState.java:run(117)) - 54aabb14-4a7d-4ab3-adbe-2e67760b87f4@group-7E32184879DE-FollowerState was interrupted: java.lang.InterruptedException: sleep interrupted
2019-10-18 11:26:07,444 [f535bb4a-cba0-4f9b-9e3e-e4a48b3eda51@group-7E32184879DE-LeaderElection711] INFO  impl.LeaderElection (LeaderElection.java:logAndReturn(56)) - f535bb4a-cba0-4f9b-9e3e-e4a48b3eda51@group-7E32184879DE-LeaderElection711: Election REJECTED; received 2 response(s) [f535bb4a-cba0-4f9b-9e3e-e4a48b3eda51<-54aabb14-4a7d-4ab3-adbe-2e67760b87f4#0:FAIL-t831, f535bb4a-cba0-4f9b-9e3e-e4a48b3eda51<-c652e2ee-3322-4406-8db6-1ea643cb3197#0:FAIL-t831] and 0 exception(s); f535bb4a-cba0-4f9b-9e3e-e4a48b3eda51@group-7E32184879DE:t831, leader=null, voted=f535bb4a-cba0-4f9b-9e3e-e4a48b3eda51, raftlog=f535bb4a-cba0-4f9b-9e3e-e4a48b3eda51@group-7E32184879DE-SegmentedRaftLog:OPENED:c-1,f-1,i0, conf=-1: [f535bb4a-cba0-4f9b-9e3e-e4a48b3eda51:0.0.0.0:44706, 54aabb14-4a7d-4ab3-adbe-2e67760b87f4:0.0.0.0:43074, c652e2ee-3322-4406-8db6-1ea643cb3197:0.0.0.0:42129], old=null
2019-10-18 11:26:07,445 [f535bb4a-cba0-4f9b-9e3e-e4a48b3eda51@group-7E32184879DE-LeaderElection711] INFO  impl.RaftServerImpl (RaftServerImpl.java:setRole(184)) - f535bb4a-cba0-4f9b-9e3e-e4a48b3eda51@group-7E32184879DE: changes role from CANDIDATE to FOLLOWER at term 831 for DISCOVERED_A_NEW_TERM
2019-10-18 11:26:07,445 [f535bb4a-cba0-4f9b-9e3e-e4a48b3eda51@group-7E32184879DE-LeaderElection711] INFO  impl.RoleInfo (RoleInfo.java:shutdownLeaderElection(134)) - f535bb4a-cba0-4f9b-9e3e-e4a48b3eda51: shutdown LeaderElection
2019-10-18 11:26:07,445 [f535bb4a-cba0-4f9b-9e3e-e4a48b3eda51@group-7E32184879DE-LeaderElection711] INFO  impl.RoleInfo (RoleInfo.java:updateAndGet(143)) - f535bb4a-cba0-4f9b-9e3e-e4a48b3eda51: start FollowerState
2019-10-18 11:26:07,621 [Thread-5009] INFO  impl.FollowerState (FollowerState.java:run(108)) - f535bb4a-cba0-4f9b-9e3e-e4a48b3eda51@group-7E32184879DE-FollowerState: change to CANDIDATE, lastRpcTime:176ms, electionTimeout:176ms
2019-10-18 11:26:07,621 [Thread-5009] INFO  impl.RoleInfo (RoleInfo.java:shutdownFollowerState(121)) - f535bb4a-cba0-4f9b-9e3e-e4a48b3eda51: shutdown FollowerState
2019-10-18 11:26:07,622 [Thread-5009] INFO  impl.RaftServerImpl (RaftServerImpl.java:setRole(184)) - f535bb4a-cba0-4f9b-9e3e-e4a48b3eda51@group-7E32184879DE: changes role from  FOLLOWER to CANDIDATE at term 831 for changeToCandidate
2019-10-18 11:26:07,622 [Thread-5009] INFO  impl.RoleInfo (RoleInfo.java:updateAndGet(143)) - f535bb4a-cba0-4f9b-9e3e-e4a48b3eda51: start LeaderElection
2019-10-18 11:26:07,652 [f535bb4a-cba0-4f9b-9e3e-e4a48b3eda51@group-7E32184879DE-LeaderElection712] INFO  impl.LeaderElection (LeaderElection.java:askForVotes(178)) - f535bb4a-cba0-4f9b-9e3e-e4a48b3eda51@group-7E32184879DE-LeaderElection712: begin an election at term 832 for -1: [f535bb4a-cba0-4f9b-9e3e-e4a48b3eda51:0.0.0.0:44706, 54aabb14-4a7d-4ab3-adbe-2e67760b87f4:0.0.0.0:43074, c652e2ee-3322-4406-8db6-1ea643cb3197:0.0.0.0:42129], old=null
2019-10-18 11:26:07,654 [grpc-default-executor-3] INFO  impl.RaftServerImpl (RaftServerImpl.java:setRole(184)) - 54aabb14-4a7d-4ab3-adbe-2e67760b87f4@group-7E32184879DE: changes role from  FOLLOWER to FOLLOWER at term 832 for recognizeCandidate:f535bb4a-cba0-4f9b-9e3e-e4a48b3eda51
2019-10-18 11:26:07,654 [grpc-default-executor-3] INFO  impl.RoleInfo (RoleInfo.java:shutdownFollowerState(121)) - 54aabb14-4a7d-4ab3-adbe-2e67760b87f4: shutdown FollowerState
2019-10-18 11:26:07,654 [grpc-default-executor-3] INFO  impl.RoleInfo (RoleInfo.java:updateAndGet(143)) - 54aabb14-4a7d-4ab3-adbe-2e67760b87f4: start FollowerState
2019-10-18 11:26:07,654 [Thread-5008] INFO  impl.FollowerState (FollowerState.java:run(117)) - 54aabb14-4a7d-4ab3-adbe-2e67760b87f4@group-7E32184879DE-FollowerState was interrupted: java.lang.InterruptedException: sleep interrupted
2019-10-18 11:26:07,654 [grpc-default-executor-2] INFO  impl.RaftServerImpl (RaftServerImpl.java:setRole(184)) - c652e2ee-3322-4406-8db6-1ea643cb3197@group-7E32184879DE: changes role from  FOLLOWER to FOLLOWER at term 832 for recognizeCandidate:f535bb4a-cba0-4f9b-9e3e-e4a48b3eda51
2019-10-18 11:26:07,654 [grpc-default-executor-2] INFO  impl.RoleInfo (RoleInfo.java:shutdownFollowerState(121)) - c652e2ee-3322-4406-8db6-1ea643cb3197: shutdown FollowerState
2019-10-18 11:26:07,655 [grpc-default-executor-2] INFO  impl.RoleInfo (RoleInfo.java:updateAndGet(143)) - c652e2ee-3322-4406-8db6-1ea643cb3197: start FollowerState
2019-10-18 11:26:07,655 [Thread-5007] INFO  impl.FollowerState (FollowerState.java:run(117)) - c652e2ee-3322-4406-8db6-1ea643cb3197@group-7E32184879DE-FollowerState was interrupted: java.lang.InterruptedException: sleep interrupted
2019-10-18 11:26:07,678 [f535bb4a-cba0-4f9b-9e3e-e4a48b3eda51@group-7E32184879DE-LeaderElection712] INFO  impl.LeaderElection (LeaderElection.java:logAndReturn(56)) - f535bb4a-cba0-4f9b-9e3e-e4a48b3eda51@group-7E32184879DE-LeaderElection712: Election REJECTED; received 2 response(s) [f535bb4a-cba0-4f9b-9e3e-e4a48b3eda51<-54aabb14-4a7d-4ab3-adbe-2e67760b87f4#0:FAIL-t832, f535bb4a-cba0-4f9b-9e3e-e4a48b3eda51<-c652e2ee-3322-4406-8db6-1ea643cb3197#0:FAIL-t832] and 0 exception(s); f535bb4a-cba0-4f9b-9e3e-e4a48b3eda51@group-7E32184879DE:t832, leader=null, voted=f535bb4a-cba0-4f9b-9e3e-e4a48b3eda51, raftlog=f535bb4a-cba0-4f9b-9e3e-e4a48b3eda51@group-7E32184879DE-SegmentedRaftLog:OPENED:c-1,f-1,i0, conf=-1: [f535bb4a-cba0-4f9b-9e3e-e4a48b3eda51:0.0.0.0:44706, 54aabb14-4a7d-4ab3-adbe-2e67760b87f4:0.0.0.0:43074, c652e2ee-3322-4406-8db6-1ea643cb3197:0.0.0.0:42129], old=null
2019-10-18 11:26:07,679 [f535bb4a-cba0-4f9b-9e3e-e4a48b3eda51@group-7E32184879DE-LeaderElection712] INFO  impl.RaftServerImpl (RaftServerImpl.java:setRole(184)) - f535bb4a-cba0-4f9b-9e3e-e4a48b3eda51@group-7E32184879DE: changes role from CANDIDATE to FOLLOWER at term 832 for DISCOVERED_A_NEW_TERM
2019-10-18 11:26:07,679 [f535bb4a-cba0-4f9b-9e3e-e4a48b3eda51@group-7E32184879DE-LeaderElection712] INFO  impl.RoleInfo (RoleInfo.java:shutdownLeaderElection(134)) - f535bb4a-cba0-4f9b-9e3e-e4a48b3eda51: shutdown LeaderElection
2019-10-18 11:26:07,679 [f535bb4a-cba0-4f9b-9e3e-e4a48b3eda51@group-7E32184879DE-LeaderElection712] INFO  impl.RoleInfo (RoleInfo.java:updateAndGet(143)) - f535bb4a-cba0-4f9b-9e3e-e4a48b3eda51: start FollowerState
2019-10-18 11:26:07,757 [Thread-5015] INFO  impl.FollowerState (FollowerState.java:run(108)) - f535bb4a-cba0-4f9b-9e3e-e4a48b3eda51@group-7E32184879DE-FollowerState: change to CANDIDATE, lastRpcTime:78ms, electionTimeout:78ms
2019-10-18 11:26:07,757 [Thread-5015] INFO  impl.RoleInfo (RoleInfo.java:shutdownFollowerState(121)) - f535bb4a-cba0-4f9b-9e3e-e4a48b3eda51: shutdown FollowerState
2019-10-18 11:26:07,757 [Thread-5015] INFO  impl.RaftServerImpl (RaftServerImpl.java:setRole(184)) - f535bb4a-cba0-4f9b-9e3e-e4a48b3eda51@group-7E32184879DE: changes role from  FOLLOWER to CANDIDATE at term 832 for changeToCandidate
2019-10-18 11:26:07,758 [Thread-5015] INFO  impl.RoleInfo (RoleInfo.java:updateAndGet(143)) - f535bb4a-cba0-4f9b-9e3e-e4a48b3eda51: start LeaderElection
2019-10-18 11:26:07,786 [f535bb4a-cba0-4f9b-9e3e-e4a48b3eda51@group-7E32184879DE-LeaderElection713] INFO  impl.LeaderElection (LeaderElection.java:askForVotes(178)) - f535bb4a-cba0-4f9b-9e3e-e4a48b3eda51@group-7E32184879DE-LeaderElection713: begin an election at term 833 for -1: [f535bb4a-cba0-4f9b-9e3e-e4a48b3eda51:0.0.0.0:44706, 54aabb14-4a7d-4ab3-adbe-2e67760b87f4:0.0.0.0:43074, c652e2ee-3322-4406-8db6-1ea643cb3197:0.0.0.0:42129], old=null
2019-10-18 11:26:07,788 [grpc-default-executor-3] INFO  impl.RaftServerImpl (RaftServerImpl.java:setRole(184)) - c652e2ee-3322-4406-8db6-1ea643cb3197@group-7E32184879DE: changes role from  FOLLOWER to FOLLOWER at term 833 for recognizeCandidate:f535bb4a-cba0-4f9b-9e3e-e4a48b3eda51
2019-10-18 11:26:07,788 [grpc-default-executor-3] INFO  impl.RoleInfo (RoleInfo.java:shutdownFollowerState(121)) - c652e2ee-3322-4406-8db6-1ea643cb3197: shutdown FollowerState
2019-10-18 11:26:07,788 [grpc-default-executor-1] INFO  impl.RaftServerImpl (RaftServerImpl.java:setRole(184)) - 54aabb14-4a7d-4ab3-adbe-2e67760b87f4@group-7E32184879DE: changes role from  FOLLOWER to FOLLOWER at term 833 for recognizeCandidate:f535bb4a-cba0-4f9b-9e3e-e4a48b3eda51
2019-10-18 11:26:07,788 [Thread-5014] INFO  impl.FollowerState (FollowerState.java:run(117)) - c652e2ee-3322-4406-8db6-1ea643cb3197@group-7E32184879DE-FollowerState was interrupted: java.lang.InterruptedException: sleep interrupted
2019-10-18 11:26:07,788 [grpc-default-executor-3] INFO  impl.RoleInfo (RoleInfo.java:updateAndGet(143)) - c652e2ee-3322-4406-8db6-1ea643cb3197: start FollowerState
2019-10-18 11:26:07,789 [grpc-default-executor-1] INFO  impl.RoleInfo (RoleInfo.java:shutdownFollowerState(121)) - 54aabb14-4a7d-4ab3-adbe-2e67760b87f4: shutdown FollowerState
2019-10-18 11:26:07,789 [grpc-default-executor-1] INFO  impl.RoleInfo (RoleInfo.java:updateAndGet(143)) - 54aabb14-4a7d-4ab3-adbe-2e67760b87f4: start FollowerState
2019-10-18 11:26:07,789 [Thread-5013] INFO  impl.FollowerState (FollowerState.java:run(117)) - 54aabb14-4a7d-4ab3-adbe-2e67760b87f4@group-7E32184879DE-FollowerState was interrupted: java.lang.InterruptedException: sleep interrupted
2019-10-18 11:26:07,813 [f535bb4a-cba0-4f9b-9e3e-e4a48b3eda51@group-7E32184879DE-LeaderElection713] INFO  impl.LeaderElection (LeaderElection.java:logAndReturn(56)) - f535bb4a-cba0-4f9b-9e3e-e4a48b3eda51@group-7E32184879DE-LeaderElection713: Election REJECTED; received 2 response(s) [f535bb4a-cba0-4f9b-9e3e-e4a48b3eda51<-54aabb14-4a7d-4ab3-adbe-2e67760b87f4#0:FAIL-t833, f535bb4a-cba0-4f9b-9e3e-e4a48b3eda51<-c652e2ee-3322-4406-8db6-1ea643cb3197#0:FAIL-t833] and 0 exception(s); f535bb4a-cba0-4f9b-9e3e-e4a48b3eda51@group-7E32184879DE:t833, leader=null, voted=f535bb4a-cba0-4f9b-9e3e-e4a48b3eda51, raftlog=f535bb4a-cba0-4f9b-9e3e-e4a48b3eda51@group-7E32184879DE-SegmentedRaftLog:OPENED:c-1,f-1,i0, conf=-1: [f535bb4a-cba0-4f9b-9e3e-e4a48b3eda51:0.0.0.0:44706, 54aabb14-4a7d-4ab3-adbe-2e67760b87f4:0.0.0.0:43074, c652e2ee-3322-4406-8db6-1ea643cb3197:0.0.0.0:42129], old=null
2019-10-18 11:26:07,813 [f535bb4a-cba0-4f9b-9e3e-e4a48b3eda51@group-7E32184879DE-LeaderElection713] INFO  impl.RaftServerImpl (RaftServerImpl.java:setRole(184)) - f535bb4a-cba0-4f9b-9e3e-e4a48b3eda51@group-7E32184879DE: changes role from CANDIDATE to FOLLOWER at term 833 for DISCOVERED_A_NEW_TERM
2019-10-18 11:26:07,813 [f535bb4a-cba0-4f9b-9e3e-e4a48b3eda51@group-7E32184879DE-LeaderElection713] INFO  impl.RoleInfo (RoleInfo.java:shutdownLeaderElection(134)) - f535bb4a-cba0-4f9b-9e3e-e4a48b3eda51: shutdown LeaderElection
2019-10-18 11:26:07,813 [f535bb4a-cba0-4f9b-9e3e-e4a48b3eda51@group-7E32184879DE-LeaderElection713] INFO  impl.RoleInfo (RoleInfo.java:updateAndGet(143)) - f535bb4a-cba0-4f9b-9e3e-e4a48b3eda51: start FollowerState
2019-10-18 11:26:07,997 [Thread-5021] INFO  impl.FollowerState (FollowerState.java:run(108)) - f535bb4a-cba0-4f9b-9e3e-e4a48b3eda51@group-7E32184879DE-FollowerState: change to CANDIDATE, lastRpcTime:184ms, electionTimeout:184ms
2019-10-18 11:26:07,998 [Thread-5021] INFO  impl.RoleInfo (RoleInfo.java:shutdownFollowerState(121)) - f535bb4a-cba0-4f9b-9e3e-e4a48b3eda51: shutdown FollowerState
2019-10-18 11:26:07,998 [Thread-5021] INFO  impl.RaftServerImpl (RaftServerImpl.java:setRole(184)) - f535bb4a-cba0-4f9b-9e3e-e4a48b3eda51@group-7E32184879DE: changes role from  FOLLOWER to CANDIDATE at term 833 for changeToCandidate
2019-10-18 11:26:07,998 [Thread-5021] INFO  impl.RoleInfo (RoleInfo.java:updateAndGet(143)) - f535bb4a-cba0-4f9b-9e3e-e4a48b3eda51: start LeaderElection
2019-10-18 11:26:08,037 [f535bb4a-cba0-4f9b-9e3e-e4a48b3eda51@group-7E32184879DE-LeaderElection714] INFO  impl.LeaderElection (LeaderElection.java:askForVotes(178)) - f535bb4a-cba0-4f9b-9e3e-e4a48b3eda51@group-7E32184879DE-LeaderElection714: begin an election at term 834 for -1: [f535bb4a-cba0-4f9b-9e3e-e4a48b3eda51:0.0.0.0:44706, 54aabb14-4a7d-4ab3-adbe-2e67760b87f4:0.0.0.0:43074, c652e2ee-3322-4406-8db6-1ea643cb3197:0.0.0.0:42129], old=null
2019-10-18 11:26:08,039 [grpc-default-executor-3] INFO  impl.RaftServerImpl (RaftServerImpl.java:setRole(184)) - 54aabb14-4a7d-4ab3-adbe-2e67760b87f4@group-7E32184879DE: changes role from  FOLLOWER to FOLLOWER at term 834 for recognizeCandidate:f535bb4a-cba0-4f9b-9e3e-e4a48b3eda51
2019-10-18 11:26:08,039 [grpc-default-executor-3] INFO  impl.RoleInfo (RoleInfo.java:shutdownFollowerState(121)) - 54aabb14-4a7d-4ab3-adbe-2e67760b87f4: shutdown FollowerState
2019-10-18 11:26:08,039 [grpc-default-executor-1] INFO  impl.RaftServerImpl (RaftServerImpl.java:setRole(184)) - c652e2ee-3322-4406-8db6-1ea643cb3197@group-7E32184879DE: changes role from  FOLLOWER to FOLLOWER at term 834 for recognizeCandidate:f535bb4a-cba0-4f9b-9e3e-e4a48b3eda51
2019-10-18 11:26:08,040 [grpc-default-executor-1] INFO  impl.RoleInfo (RoleInfo.java:shutdownFollowerState(121)) - c652e2ee-3322-4406-8db6-1ea643cb3197: shutdown FollowerState
2019-10-18 11:26:08,040 [Thread-5020] INFO  impl.FollowerState (FollowerState.java:run(117)) - 54aabb14-4a7d-4ab3-adbe-2e67760b87f4@group-7E32184879DE-FollowerState was interrupted: java.lang.InterruptedException: sleep interrupted
2019-10-18 11:26:08,040 [grpc-default-executor-3] INFO  impl.RoleInfo (RoleInfo.java:updateAndGet(143)) - 54aabb14-4a7d-4ab3-adbe-2e67760b87f4: start FollowerState
2019-10-18 11:26:08,040 [Thread-5019] INFO  impl.FollowerState (FollowerState.java:run(117)) - c652e2ee-3322-4406-8db6-1ea643cb3197@group-7E32184879DE-FollowerState was interrupted: java.lang.InterruptedException: sleep interrupted
2019-10-18 11:26:08,040 [grpc-default-executor-1] INFO  impl.RoleInfo (RoleInfo.java:updateAndGet(143)) - c652e2ee-3322-4406-8db6-1ea643cb3197: start FollowerState
2019-10-18 11:26:08,063 [f535bb4a-cba0-4f9b-9e3e-e4a48b3eda51@group-7E32184879DE-LeaderElection714] INFO  impl.LeaderElection (LeaderElection.java:logAndReturn(56)) - f535bb4a-cba0-4f9b-9e3e-e4a48b3eda51@group-7E32184879DE-LeaderElection714: Election REJECTED; received 2 response(s) [f535bb4a-cba0-4f9b-9e3e-e4a48b3eda51<-54aabb14-4a7d-4ab3-adbe-2e67760b87f4#0:FAIL-t834, f535bb4a-cba0-4f9b-9e3e-e4a48b3eda51<-c652e2ee-3322-4406-8db6-1ea643cb3197#0:FAIL-t834] and 0 exception(s); f535bb4a-cba0-4f9b-9e3e-e4a48b3eda51@group-7E32184879DE:t834, leader=null, voted=f535bb4a-cba0-4f9b-9e3e-e4a48b3eda51, raftlog=f535bb4a-cba0-4f9b-9e3e-e4a48b3eda51@group-7E32184879DE-SegmentedRaftLog:OPENED:c-1,f-1,i0, conf=-1: [f535bb4a-cba0-4f9b-9e3e-e4a48b3eda51:0.0.0.0:44706, 54aabb14-4a7d-4ab3-adbe-2e67760b87f4:0.0.0.0:43074, c652e2ee-3322-4406-8db6-1ea643cb3197:0.0.0.0:42129], old=null
2019-10-18 11:26:08,063 [f535bb4a-cba0-4f9b-9e3e-e4a48b3eda51@group-7E32184879DE-LeaderElection714] INFO  impl.RaftServerImpl (RaftServerImpl.java:setRole(184)) - f535bb4a-cba0-4f9b-9e3e-e4a48b3eda51@group-7E32184879DE: changes role from CANDIDATE to FOLLOWER at term 834 for DISCOVERED_A_NEW_TERM
2019-10-18 11:26:08,063 [f535bb4a-cba0-4f9b-9e3e-e4a48b3eda51@group-7E32184879DE-LeaderElection714] INFO  impl.RoleInfo (RoleInfo.java:shutdownLeaderElection(134)) - f535bb4a-cba0-4f9b-9e3e-e4a48b3eda51: shutdown LeaderElection
2019-10-18 11:26:08,063 [f535bb4a-cba0-4f9b-9e3e-e4a48b3eda51@group-7E32184879DE-LeaderElection714] INFO  impl.RoleInfo (RoleInfo.java:updateAndGet(143)) - f535bb4a-cba0-4f9b-9e3e-e4a48b3eda51: start FollowerState
2019-10-18 11:26:08,183 [Thread-5029] INFO  impl.FollowerState (FollowerState.java:run(108)) - f535bb4a-cba0-4f9b-9e3e-e4a48b3eda51@group-7E32184879DE-FollowerState: change to CANDIDATE, lastRpcTime:119ms, electionTimeout:119ms
2019-10-18 11:26:08,183 [Thread-5029] INFO  impl.RoleInfo (RoleInfo.java:shutdownFollowerState(121)) - f535bb4a-cba0-4f9b-9e3e-e4a48b3eda51: shutdown FollowerState
2019-10-18 11:26:08,183 [Thread-5029] INFO  impl.RaftServerImpl (RaftServerImpl.java:setRole(184)) - f535bb4a-cba0-4f9b-9e3e-e4a48b3eda51@group-7E32184879DE: changes role from  FOLLOWER to CANDIDATE at term 834 for changeToCandidate
2019-10-18 11:26:08,183 [Thread-5029] INFO  impl.RoleInfo (RoleInfo.java:updateAndGet(143)) - f535bb4a-cba0-4f9b-9e3e-e4a48b3eda51: start LeaderElection
2019-10-18 11:26:08,213 [f535bb4a-cba0-4f9b-9e3e-e4a48b3eda51@group-7E32184879DE-LeaderElection715] INFO  impl.LeaderElection (LeaderElection.java:askForVotes(178)) - f535bb4a-cba0-4f9b-9e3e-e4a48b3eda51@group-7E32184879DE-LeaderElection715: begin an election at term 835 for -1: [f535bb4a-cba0-4f9b-9e3e-e4a48b3eda51:0.0.0.0:44706, 54aabb14-4a7d-4ab3-adbe-2e67760b87f4:0.0.0.0:43074, c652e2ee-3322-4406-8db6-1ea643cb3197:0.0.0.0:42129], old=null
2019-10-18 11:26:08,215 [grpc-default-executor-1] INFO  impl.RaftServerImpl (RaftServerImpl.java:setRole(184)) - c652e2ee-3322-4406-8db6-1ea643cb3197@group-7E32184879DE: changes role from  FOLLOWER to FOLLOWER at term 835 for recognizeCandidate:f535bb4a-cba0-4f9b-9e3e-e4a48b3eda51
2019-10-18 11:26:08,215 [grpc-default-executor-3] INFO  impl.RaftServerImpl (RaftServerImpl.java:setRole(184)) - 54aabb14-4a7d-4ab3-adbe-2e67760b87f4@group-7E32184879DE: changes role from  FOLLOWER to FOLLOWER at term 835 for recognizeCandidate:f535bb4a-cba0-4f9b-9e3e-e4a48b3eda51
2019-10-18 11:26:08,216 [grpc-default-executor-3] INFO  impl.RoleInfo (RoleInfo.java:shutdownFollowerState(121)) - 54aabb14-4a7d-4ab3-adbe-2e67760b87f4: shutdown FollowerState
2019-10-18 11:26:08,216 [grpc-default-executor-1] INFO  impl.RoleInfo (RoleInfo.java:shutdownFollowerState(121)) - c652e2ee-3322-4406-8db6-1ea643cb3197: shutdown FollowerState
2019-10-18 11:26:08,216 [Thread-5027] INFO  impl.FollowerState (FollowerState.java:run(117)) - 54aabb14-4a7d-4ab3-adbe-2e67760b87f4@group-7E32184879DE-FollowerState was interrupted: java.lang.InterruptedException: sleep interrupted
2019-10-18 11:26:08,216 [grpc-default-executor-3] INFO  impl.RoleInfo (RoleInfo.java:updateAndGet(143)) - 54aabb14-4a7d-4ab3-adbe-2e67760b87f4: start FollowerState
2019-10-18 11:26:08,216 [Thread-5028] INFO  impl.FollowerState (FollowerState.java:run(117)) - c652e2ee-3322-4406-8db6-1ea643cb3197@group-7E32184879DE-FollowerState was interrupted: java.lang.InterruptedException: sleep interrupted
2019-10-18 11:26:08,216 [grpc-default-executor-1] INFO  impl.RoleInfo (RoleInfo.java:updateAndGet(143)) - c652e2ee-3322-4406-8db6-1ea643cb3197: start FollowerState
2019-10-18 11:26:08,239 [f535bb4a-cba0-4f9b-9e3e-e4a48b3eda51@group-7E32184879DE-LeaderElection715] INFO  impl.LeaderElection (LeaderElection.java:logAndReturn(56)) - f535bb4a-cba0-4f9b-9e3e-e4a48b3eda51@group-7E32184879DE-LeaderElection715: Election REJECTED; received 2 response(s) [f535bb4a-cba0-4f9b-9e3e-e4a48b3eda51<-54aabb14-4a7d-4ab3-adbe-2e67760b87f4#0:FAIL-t835, f535bb4a-cba0-4f9b-9e3e-e4a48b3eda51<-c652e2ee-3322-4406-8db6-1ea643cb3197#0:FAIL-t835] and 0 exception(s); f535bb4a-cba0-4f9b-9e3e-e4a48b3eda51@group-7E32184879DE:t835, leader=null, voted=f535bb4a-cba0-4f9b-9e3e-e4a48b3eda51, raftlog=f535bb4a-cba0-4f9b-9e3e-e4a48b3eda51@group-7E32184879DE-SegmentedRaftLog:OPENED:c-1,f-1,i0, conf=-1: [f535bb4a-cba0-4f9b-9e3e-e4a48b3eda51:0.0.0.0:44706, 54aabb14-4a7d-4ab3-adbe-2e67760b87f4:0.0.0.0:43074, c652e2ee-3322-4406-8db6-1ea643cb3197:0.0.0.0:42129], old=null
2019-10-18 11:26:08,239 [f535bb4a-cba0-4f9b-9e3e-e4a48b3eda51@group-7E32184879DE-LeaderElection715] INFO  impl.RaftServerImpl (RaftServerImpl.java:setRole(184)) - f535bb4a-cba0-4f9b-9e3e-e4a48b3eda51@group-7E32184879DE: changes role from CANDIDATE to FOLLOWER at term 835 for DISCOVERED_A_NEW_TERM
2019-10-18 11:26:08,239 [f535bb4a-cba0-4f9b-9e3e-e4a48b3eda51@group-7E32184879DE-LeaderElection715] INFO  impl.RoleInfo (RoleInfo.java:shutdownLeaderElection(134)) - f535bb4a-cba0-4f9b-9e3e-e4a48b3eda51: shutdown LeaderElection
2019-10-18 11:26:08,239 [f535bb4a-cba0-4f9b-9e3e-e4a48b3eda51@group-7E32184879DE-LeaderElection715] INFO  impl.RoleInfo (RoleInfo.java:updateAndGet(143)) - f535bb4a-cba0-4f9b-9e3e-e4a48b3eda51: start FollowerState
2019-10-18 11:26:08,314 [Thread-5035] INFO  impl.FollowerState (FollowerState.java:run(108)) - f535bb4a-cba0-4f9b-9e3e-e4a48b3eda51@group-7E32184879DE-FollowerState: change to CANDIDATE, lastRpcTime:75ms, electionTimeout:75ms
2019-10-18 11:26:08,315 [Thread-5035] INFO  impl.RoleInfo (RoleInfo.java:shutdownFollowerState(121)) - f535bb4a-cba0-4f9b-9e3e-e4a48b3eda51: shutdown FollowerState
2019-10-18 11:26:08,315 [Thread-5035] INFO  impl.RaftServerImpl (RaftServerImpl.java:setRole(184)) - f535bb4a-cba0-4f9b-9e3e-e4a48b3eda51@group-7E32184879DE: changes role from  FOLLOWER to CANDIDATE at term 835 for changeToCandidate
2019-10-18 11:26:08,315 [Thread-5035] INFO  impl.RoleInfo (RoleInfo.java:updateAndGet(143)) - f535bb4a-cba0-4f9b-9e3e-e4a48b3eda51: start LeaderElection
2019-10-18 11:26:08,338 [f535bb4a-cba0-4f9b-9e3e-e4a48b3eda51@group-7E32184879DE-LeaderElection716] INFO  impl.LeaderElection (LeaderElection.java:askForVotes(178)) - f535bb4a-cba0-4f9b-9e3e-e4a48b3eda51@group-7E32184879DE-LeaderElection716: begin an election at term 836 for -1: [f535bb4a-cba0-4f9b-9e3e-e4a48b3eda51:0.0.0.0:44706, 54aabb14-4a7d-4ab3-adbe-2e67760b87f4:0.0.0.0:43074, c652e2ee-3322-4406-8db6-1ea643cb3197:0.0.0.0:42129], old=null
2019-10-18 11:26:08,340 [grpc-default-executor-3] INFO  impl.RaftServerImpl (RaftServerImpl.java:setRole(184)) - c652e2ee-3322-4406-8db6-1ea643cb3197@group-7E32184879DE: changes role from  FOLLOWER to FOLLOWER at term 836 for recognizeCandidate:f535bb4a-cba0-4f9b-9e3e-e4a48b3eda51
2019-10-18 11:26:08,340 [f535bb4a-cba0-4f9b-9e3e-e4a48b3eda51@group-7E32184879DE-LeaderElection716] INFO  impl.LeaderElection (LeaderElection.java:logAndReturn(56)) - f535bb4a-cba0-4f9b-9e3e-e4a48b3eda51@group-7E32184879DE-LeaderElection716: Election TIMEOUT; received 0 response(s) [] and 0 exception(s); f535bb4a-cba0-4f9b-9e3e-e4a48b3eda51@group-7E32184879DE:t836, leader=null, voted=f535bb4a-cba0-4f9b-9e3e-e4a48b3eda51, raftlog=f535bb4a-cba0-4f9b-9e3e-e4a48b3eda51@group-7E32184879DE-SegmentedRaftLog:OPENED:c-1,f-1,i0, conf=-1: [f535bb4a-cba0-4f9b-9e3e-e4a48b3eda51:0.0.0.0:44706, 54aabb14-4a7d-4ab3-adbe-2e67760b87f4:0.0.0.0:43074, c652e2ee-3322-4406-8db6-1ea643cb3197:0.0.0.0:42129], old=null
2019-10-18 11:26:08,340 [grpc-default-executor-1] INFO  impl.RaftServerImpl (RaftServerImpl.java:setRole(184)) - 54aabb14-4a7d-4ab3-adbe-2e67760b87f4@group-7E32184879DE: changes role from  FOLLOWER to FOLLOWER at term 836 for recognizeCandidate:f535bb4a-cba0-4f9b-9e3e-e4a48b3eda51
2019-10-18 11:26:08,340 [grpc-default-executor-1] INFO  impl.RoleInfo (RoleInfo.java:shutdownFollowerState(121)) - 54aabb14-4a7d-4ab3-adbe-2e67760b87f4: shutdown FollowerState
2019-10-18 11:26:08,340 [grpc-default-executor-1] INFO  impl.RoleInfo (RoleInfo.java:updateAndGet(143)) - 54aabb14-4a7d-4ab3-adbe-2e67760b87f4: start FollowerState
2019-10-18 11:26:08,340 [grpc-default-executor-3] INFO  impl.RoleInfo (RoleInfo.java:shutdownFollowerState(121)) - c652e2ee-3322-4406-8db6-1ea643cb3197: shutdown FollowerState
2019-10-18 11:26:08,340 [Thread-5033] INFO  impl.FollowerState (FollowerState.java:run(117)) - 54aabb14-4a7d-4ab3-adbe-2e67760b87f4@group-7E32184879DE-FollowerState was interrupted: java.lang.InterruptedException: sleep interrupted
2019-10-18 11:26:08,340 [grpc-default-executor-3] INFO  impl.RoleInfo (RoleInfo.java:updateAndGet(143)) - c652e2ee-3322-4406-8db6-1ea643cb3197: start FollowerState
2019-10-18 11:26:08,340 [Thread-5034] INFO  impl.FollowerState (FollowerState.java:run(117)) - c652e2ee-3322-4406-8db6-1ea643cb3197@group-7E32184879DE-FollowerState was interrupted: java.lang.InterruptedException: sleep interrupted
2019-10-18 11:26:08,364 [f535bb4a-cba0-4f9b-9e3e-e4a48b3eda51@group-7E32184879DE-LeaderElection716] INFO  impl.LeaderElection (LeaderElection.java:askForVotes(178)) - f535bb4a-cba0-4f9b-9e3e-e4a48b3eda51@group-7E32184879DE-LeaderElection716: begin an election at term 837 for -1: [f535bb4a-cba0-4f9b-9e3e-e4a48b3eda51:0.0.0.0:44706, 54aabb14-4a7d-4ab3-adbe-2e67760b87f4:0.0.0.0:43074, c652e2ee-3322-4406-8db6-1ea643cb3197:0.0.0.0:42129], old=null
2019-10-18 11:26:08,365 [grpc-default-executor-1] INFO  impl.RaftServerImpl (RaftServerImpl.java:setRole(184)) - 54aabb14-4a7d-4ab3-adbe-2e67760b87f4@group-7E32184879DE: changes role from  FOLLOWER to FOLLOWER at term 837 for recognizeCandidate:f535bb4a-cba0-4f9b-9e3e-e4a48b3eda51
2019-10-18 11:26:08,365 [grpc-default-executor-1] INFO  impl.RoleInfo (RoleInfo.java:shutdownFollowerState(121)) - 54aabb14-4a7d-4ab3-adbe-2e67760b87f4: shutdown FollowerState
2019-10-18 11:26:08,365 [grpc-default-executor-1] INFO  impl.RoleInfo (RoleInfo.java:updateAndGet(143)) - 54aabb14-4a7d-4ab3-adbe-2e67760b87f4: start FollowerState
2019-10-18 11:26:08,365 [Thread-5039] INFO  impl.FollowerState (FollowerState.java:run(117)) - 54aabb14-4a7d-4ab3-adbe-2e67760b87f4@group-7E32184879DE-FollowerState was interrupted: java.lang.InterruptedException: sleep interrupted
2019-10-18 11:26:08,365 [grpc-default-executor-3] INFO  impl.RaftServerImpl (RaftServerImpl.java:setRole(184)) - c652e2ee-3322-4406-8db6-1ea643cb3197@group-7E32184879DE: changes role from  FOLLOWER to FOLLOWER at term 837 for recognizeCandidate:f535bb4a-cba0-4f9b-9e3e-e4a48b3eda51
2019-10-18 11:26:08,365 [grpc-default-executor-3] INFO  impl.RoleInfo (RoleInfo.java:shutdownFollowerState(121)) - c652e2ee-3322-4406-8db6-1ea643cb3197: shutdown FollowerState
2019-10-18 11:26:08,365 [grpc-default-executor-3] INFO  impl.RoleInfo (RoleInfo.java:updateAndGet(143)) - c652e2ee-3322-4406-8db6-1ea643cb3197: start FollowerState
2019-10-18 11:26:08,365 [Thread-5040] INFO  impl.FollowerState (FollowerState.java:run(117)) - c652e2ee-3322-4406-8db6-1ea643cb3197@group-7E32184879DE-FollowerState was interrupted: java.lang.InterruptedException: sleep interrupted
2019-10-18 11:26:08,372 [f535bb4a-cba0-4f9b-9e3e-e4a48b3eda51@group-7E32184879DE-LeaderElection716] INFO  impl.LeaderElection (LeaderElection.java:logAndReturn(56)) - f535bb4a-cba0-4f9b-9e3e-e4a48b3eda51@group-7E32184879DE-LeaderElection716: Election TIMEOUT; received 0 response(s) [] and 0 exception(s); f535bb4a-cba0-4f9b-9e3e-e4a48b3eda51@group-7E32184879DE:t837, leader=null, voted=f535bb4a-cba0-4f9b-9e3e-e4a48b3eda51, raftlog=f535bb4a-cba0-4f9b-9e3e-e4a48b3eda51@group-7E32184879DE-SegmentedRaftLog:OPENED:c-1,f-1,i0, conf=-1: [f535bb4a-cba0-4f9b-9e3e-e4a48b3eda51:0.0.0.0:44706, 54aabb14-4a7d-4ab3-adbe-2e67760b87f4:0.0.0.0:43074, c652e2ee-3322-4406-8db6-1ea643cb3197:0.0.0.0:42129], old=null
2019-10-18 11:26:08,389 [f535bb4a-cba0-4f9b-9e3e-e4a48b3eda51@group-7E32184879DE-LeaderElection716] INFO  impl.LeaderElection (LeaderElection.java:askForVotes(178)) - f535bb4a-cba0-4f9b-9e3e-e4a48b3eda51@group-7E32184879DE-LeaderElection716: begin an election at term 838 for -1: [f535bb4a-cba0-4f9b-9e3e-e4a48b3eda51:0.0.0.0:44706, 54aabb14-4a7d-4ab3-adbe-2e67760b87f4:0.0.0.0:43074, c652e2ee-3322-4406-8db6-1ea643cb3197:0.0.0.0:42129], old=null
2019-10-18 11:26:08,390 [grpc-default-executor-3] INFO  impl.RaftServerImpl (RaftServerImpl.java:setRole(184)) - c652e2ee-3322-4406-8db6-1ea643cb3197@group-7E32184879DE: changes role from  FOLLOWER to FOLLOWER at term 838 for recognizeCandidate:f535bb4a-cba0-4f9b-9e3e-e4a48b3eda51
2019-10-18 11:26:08,390 [grpc-default-executor-3] INFO  impl.RoleInfo (RoleInfo.java:shutdownFollowerState(121)) - c652e2ee-3322-4406-8db6-1ea643cb3197: shutdown FollowerState
2019-10-18 11:26:08,390 [grpc-default-executor-1] INFO  impl.RaftServerImpl (RaftServerImpl.java:setRole(184)) - 54aabb14-4a7d-4ab3-adbe-2e67760b87f4@group-7E32184879DE: changes role from  FOLLOWER to FOLLOWER at term 838 for recognizeCandidate:f535bb4a-cba0-4f9b-9e3e-e4a48b3eda51
2019-10-18 11:26:08,390 [grpc-default-executor-3] INFO  impl.RoleInfo (RoleInfo.java:updateAndGet(143)) - c652e2ee-3322-4406-8db6-1ea643cb3197: start FollowerState
2019-10-18 11:26:08,390 [grpc-default-executor-1] INFO  impl.RoleInfo (RoleInfo.java:shutdownFollowerState(121)) - 54aabb14-4a7d-4ab3-adbe-2e67760b87f4: shutdown FollowerState
2019-10-18 11:26:08,391 [grpc-default-executor-1] INFO  impl.RoleInfo (RoleInfo.java:updateAndGet(143)) - 54aabb14-4a7d-4ab3-adbe-2e67760b87f4: start FollowerState
2019-10-18 11:26:08,391 [Thread-5044] INFO  impl.FollowerState (FollowerState.java:run(117)) - c652e2ee-3322-4406-8db6-1ea643cb3197@group-7E32184879DE-FollowerState was interrupted: java.lang.InterruptedException: sleep interrupted
2019-10-18 11:26:08,391 [Thread-5043] INFO  impl.FollowerState (FollowerState.java:run(117)) - 54aabb14-4a7d-4ab3-adbe-2e67760b87f4@group-7E32184879DE-FollowerState was interrupted: java.lang.InterruptedException: sleep interrupted
2019-10-18 11:26:08,401 [f535bb4a-cba0-4f9b-9e3e-e4a48b3eda51@group-7E32184879DE-LeaderElection716] INFO  impl.LeaderElection (LeaderElection.java:logAndReturn(56)) - f535bb4a-cba0-4f9b-9e3e-e4a48b3eda51@group-7E32184879DE-LeaderElection716: Election TIMEOUT; received 0 response(s) [] and 0 exception(s); f535bb4a-cba0-4f9b-9e3e-e4a48b3eda51@group-7E32184879DE:t838, leader=null, voted=f535bb4a-cba0-4f9b-9e3e-e4a48b3eda51, raftlog=f535bb4a-cba0-4f9b-9e3e-e4a48b3eda51@group-7E32184879DE-SegmentedRaftLog:OPENED:c-1,f-1,i0, conf=-1: [f535bb4a-cba0-4f9b-9e3e-e4a48b3eda51:0.0.0.0:44706, 54aabb14-4a7d-4ab3-adbe-2e67760b87f4:0.0.0.0:43074, c652e2ee-3322-4406-8db6-1ea643cb3197:0.0.0.0:42129], old=null
2019-10-18 11:26:08,414 [f535bb4a-cba0-4f9b-9e3e-e4a48b3eda51@group-7E32184879DE-LeaderElection716] INFO  impl.LeaderElection (LeaderElection.java:askForVotes(178)) - f535bb4a-cba0-4f9b-9e3e-e4a48b3eda51@group-7E32184879DE-LeaderElection716: begin an election at term 839 for -1: [f535bb4a-cba0-4f9b-9e3e-e4a48b3eda51:0.0.0.0:44706, 54aabb14-4a7d-4ab3-adbe-2e67760b87f4:0.0.0.0:43074, c652e2ee-3322-4406-8db6-1ea643cb3197:0.0.0.0:42129], old=null
2019-10-18 11:26:08,415 [grpc-default-executor-1] INFO  impl.RaftServerImpl (RaftServerImpl.java:setRole(184)) - c652e2ee-3322-4406-8db6-1ea643cb3197@group-7E32184879DE: changes role from  FOLLOWER to FOLLOWER at term 839 for recognizeCandidate:f535bb4a-cba0-4f9b-9e3e-e4a48b3eda51
2019-10-18 11:26:08,416 [grpc-default-executor-1] INFO  impl.RoleInfo (RoleInfo.java:shutdownFollowerState(121)) - c652e2ee-3322-4406-8db6-1ea643cb3197: shutdown FollowerState
2019-10-18 11:26:08,416 [grpc-default-executor-1] INFO  impl.RoleInfo (RoleInfo.java:updateAndGet(143)) - c652e2ee-3322-4406-8db6-1ea643cb3197: start FollowerState
2019-10-18 11:26:08,416 [grpc-default-executor-3] INFO  impl.RaftServerImpl (RaftServerImpl.java:setRole(184)) - 54aabb14-4a7d-4ab3-adbe-2e67760b87f4@group-7E32184879DE: changes role from  FOLLOWER to FOLLOWER at term 839 for recognizeCandidate:f535bb4a-cba0-4f9b-9e3e-e4a48b3eda51
2019-10-18 11:26:08,416 [Thread-5047] INFO  impl.FollowerState (FollowerState.java:run(117)) - c652e2ee-3322-4406-8db6-1ea643cb3197@group-7E32184879DE-FollowerState was interrupted: java.lang.InterruptedException: sleep interrupted
2019-10-18 11:26:08,416 [grpc-default-executor-3] INFO  impl.RoleInfo (RoleInfo.java:shutdownFollowerState(121)) - 54aabb14-4a7d-4ab3-adbe-2e67760b87f4: shutdown FollowerState
2019-10-18 11:26:08,416 [Thread-5048] INFO  impl.FollowerState (FollowerState.java:run(117)) - 54aabb14-4a7d-4ab3-adbe-2e67760b87f4@group-7E32184879DE-FollowerState was interrupted: java.lang.InterruptedException: sleep interrupted
2019-10-18 11:26:08,416 [grpc-default-executor-3] INFO  impl.RoleInfo (RoleInfo.java:updateAndGet(143)) - 54aabb14-4a7d-4ab3-adbe-2e67760b87f4: start FollowerState
2019-10-18 11:26:08,440 [f535bb4a-cba0-4f9b-9e3e-e4a48b3eda51@group-7E32184879DE-LeaderElection716] INFO  impl.LeaderElection (LeaderElection.java:logAndReturn(56)) - f535bb4a-cba0-4f9b-9e3e-e4a48b3eda51@group-7E32184879DE-LeaderElection716: Election REJECTED; received 2 response(s) [f535bb4a-cba0-4f9b-9e3e-e4a48b3eda51<-54aabb14-4a7d-4ab3-adbe-2e67760b87f4#0:FAIL-t839, f535bb4a-cba0-4f9b-9e3e-e4a48b3eda51<-c652e2ee-3322-4406-8db6-1ea643cb3197#0:FAIL-t839] and 0 exception(s); f535bb4a-cba0-4f9b-9e3e-e4a48b3eda51@group-7E32184879DE:t839, leader=null, voted=f535bb4a-cba0-4f9b-9e3e-e4a48b3eda51, raftlog=f535bb4a-cba0-4f9b-9e3e-e4a48b3eda51@group-7E32184879DE-SegmentedRaftLog:OPENED:c-1,f-1,i0, conf=-1: [f535bb4a-cba0-4f9b-9e3e-e4a48b3eda51:0.0.0.0:44706, 54aabb14-4a7d-4ab3-adbe-2e67760b87f4:0.0.0.0:43074, c652e2ee-3322-4406-8db6-1ea643cb3197:0.0.0.0:42129], old=null
2019-10-18 11:26:08,440 [f535bb4a-cba0-4f9b-9e3e-e4a48b3eda51@group-7E32184879DE-LeaderElection716] INFO  impl.RaftServerImpl (RaftServerImpl.java:setRole(184)) - f535bb4a-cba0-4f9b-9e3e-e4a48b3eda51@group-7E32184879DE: changes role from CANDIDATE to FOLLOWER at term 839 for DISCOVERED_A_NEW_TERM
2019-10-18 11:26:08,440 [f535bb4a-cba0-4f9b-9e3e-e4a48b3eda51@group-7E32184879DE-LeaderElection716] INFO  impl.RoleInfo (RoleInfo.java:shutdownLeaderElection(134)) - f535bb4a-cba0-4f9b-9e3e-e4a48b3eda51: shutdown LeaderElection
2019-10-18 11:26:08,440 [f535bb4a-cba0-4f9b-9e3e-e4a48b3eda51@group-7E32184879DE-LeaderElection716] INFO  impl.RoleInfo (RoleInfo.java:updateAndGet(143)) - f535bb4a-cba0-4f9b-9e3e-e4a48b3eda51: start FollowerState
2019-10-18 11:26:08,467 [Thread-5053] INFO  impl.FollowerState (FollowerState.java:run(108)) - f535bb4a-cba0-4f9b-9e3e-e4a48b3eda51@group-7E32184879DE-FollowerState: change to CANDIDATE, lastRpcTime:26ms, electionTimeout:26ms
2019-10-18 11:26:08,467 [Thread-5053] INFO  impl.RoleInfo (RoleInfo.java:shutdownFollowerState(121)) - f535bb4a-cba0-4f9b-9e3e-e4a48b3eda51: shutdown FollowerState
2019-10-18 11:26:08,467 [Thread-5053] INFO  impl.RaftServerImpl (RaftServerImpl.java:setRole(184)) - f535bb4a-cba0-4f9b-9e3e-e4a48b3eda51@group-7E32184879DE: changes role from  FOLLOWER to CANDIDATE at term 839 for changeToCandidate
2019-10-18 11:26:08,467 [Thread-5053] INFO  impl.RoleInfo (RoleInfo.java:updateAndGet(143)) - f535bb4a-cba0-4f9b-9e3e-e4a48b3eda51: start LeaderElection
2019-10-18 11:26:08,482 [f535bb4a-cba0-4f9b-9e3e-e4a48b3eda51@group-7E32184879DE-LeaderElection717] INFO  impl.LeaderElection (LeaderElection.java:askForVotes(178)) - f535bb4a-cba0-4f9b-9e3e-e4a48b3eda51@group-7E32184879DE-LeaderElection717: begin an election at term 840 for -1: [f535bb4a-cba0-4f9b-9e3e-e4a48b3eda51:0.0.0.0:44706, 54aabb14-4a7d-4ab3-adbe-2e67760b87f4:0.0.0.0:43074, c652e2ee-3322-4406-8db6-1ea643cb3197:0.0.0.0:42129], old=null
2019-10-18 11:26:08,483 [grpc-default-executor-1] INFO  impl.RaftServerImpl (RaftServerImpl.java:setRole(184)) - 54aabb14-4a7d-4ab3-adbe-2e67760b87f4@group-7E32184879DE: changes role from  FOLLOWER to FOLLOWER at term 840 for recognizeCandidate:f535bb4a-cba0-4f9b-9e3e-e4a48b3eda51
2019-10-18 11:26:08,483 [grpc-default-executor-1] INFO  impl.RoleInfo (RoleInfo.java:shutdownFollowerState(121)) - 54aabb14-4a7d-4ab3-adbe-2e67760b87f4: shutdown FollowerState
2019-10-18 11:26:08,483 [grpc-default-executor-1] INFO  impl.RoleInfo (RoleInfo.java:updateAndGet(143)) - 54aabb14-4a7d-4ab3-adbe-2e67760b87f4: start FollowerState
2019-10-18 11:26:08,483 [Thread-5052] INFO  impl.FollowerState (FollowerState.java:run(117)) - 54aabb14-4a7d-4ab3-adbe-2e67760b87f4@group-7E32184879DE-FollowerState was interrupted: java.lang.InterruptedException: sleep interrupted
2019-10-18 11:26:08,483 [grpc-default-executor-3] INFO  impl.RaftServerImpl (RaftServerImpl.java:setRole(184)) - c652e2ee-3322-4406-8db6-1ea643cb3197@group-7E32184879DE: changes role from  FOLLOWER to FOLLOWER at term 840 for recognizeCandidate:f535bb4a-cba0-4f9b-9e3e-e4a48b3eda51
2019-10-18 11:26:08,483 [grpc-default-executor-3] INFO  impl.RoleInfo (RoleInfo.java:shutdownFollowerState(121)) - c652e2ee-3322-4406-8db6-1ea643cb3197: shutdown FollowerState
2019-10-18 11:26:08,484 [grpc-default-executor-3] INFO  impl.RoleInfo (RoleInfo.java:updateAndGet(143)) - c652e2ee-3322-4406-8db6-1ea643cb3197: start FollowerState
2019-10-18 11:26:08,484 [Thread-5051] INFO  impl.FollowerState (FollowerState.java:run(117)) - c652e2ee-3322-4406-8db6-1ea643cb3197@group-7E32184879DE-FollowerState was interrupted: java.lang.InterruptedException: sleep interrupted
2019-10-18 11:26:08,508 [f535bb4a-cba0-4f9b-9e3e-e4a48b3eda51@group-7E32184879DE-LeaderElection717] INFO  impl.LeaderElection (LeaderElection.java:logAndReturn(56)) - f535bb4a-cba0-4f9b-9e3e-e4a48b3eda51@group-7E32184879DE-LeaderElection717: Election REJECTED; received 2 response(s) [f535bb4a-cba0-4f9b-9e3e-e4a48b3eda51<-54aabb14-4a7d-4ab3-adbe-2e67760b87f4#0:FAIL-t840, f535bb4a-cba0-4f9b-9e3e-e4a48b3eda51<-c652e2ee-3322-4406-8db6-1ea643cb3197#0:FAIL-t840] and 0 exception(s); f535bb4a-cba0-4f9b-9e3e-e4a48b3eda51@group-7E32184879DE:t840, leader=null, voted=f535bb4a-cba0-4f9b-9e3e-e4a48b3eda51, raftlog=f535bb4a-cba0-4f9b-9e3e-e4a48b3eda51@group-7E32184879DE-SegmentedRaftLog:OPENED:c-1,f-1,i0, conf=-1: [f535bb4a-cba0-4f9b-9e3e-e4a48b3eda51:0.0.0.0:44706, 54aabb14-4a7d-4ab3-adbe-2e67760b87f4:0.0.0.0:43074, c652e2ee-3322-4406-8db6-1ea643cb3197:0.0.0.0:42129], old=null
2019-10-18 11:26:08,508 [f535bb4a-cba0-4f9b-9e3e-e4a48b3eda51@group-7E32184879DE-LeaderElection717] INFO  impl.RaftServerImpl (RaftServerImpl.java:setRole(184)) - f535bb4a-cba0-4f9b-9e3e-e4a48b3eda51@group-7E32184879DE: changes role from CANDIDATE to FOLLOWER at term 840 for DISCOVERED_A_NEW_TERM
2019-10-18 11:26:08,508 [f535bb4a-cba0-4f9b-9e3e-e4a48b3eda51@group-7E32184879DE-LeaderElection717] INFO  impl.RoleInfo (RoleInfo.java:shutdownLeaderElection(134)) - f535bb4a-cba0-4f9b-9e3e-e4a48b3eda51: shutdown LeaderElection
2019-10-18 11:26:08,508 [f535bb4a-cba0-4f9b-9e3e-e4a48b3eda51@group-7E32184879DE-LeaderElection717] INFO  impl.RoleInfo (RoleInfo.java:updateAndGet(143)) - f535bb4a-cba0-4f9b-9e3e-e4a48b3eda51: start FollowerState
2019-10-18 11:26:08,516 [Thread-5059] INFO  impl.FollowerState (FollowerState.java:run(108)) - f535bb4a-cba0-4f9b-9e3e-e4a48b3eda51@group-7E32184879DE-FollowerState: change to CANDIDATE, lastRpcTime:8ms, electionTimeout:8ms
2019-10-18 11:26:08,516 [Thread-5059] INFO  impl.RoleInfo (RoleInfo.java:shutdownFollowerState(121)) - f535bb4a-cba0-4f9b-9e3e-e4a48b3eda51: shutdown FollowerState
2019-10-18 11:26:08,516 [Thread-5059] INFO  impl.RaftServerImpl (RaftServerImpl.java:setRole(184)) - f535bb4a-cba0-4f9b-9e3e-e4a48b3eda51@group-7E32184879DE: changes role from  FOLLOWER to CANDIDATE at term 840 for changeToCandidate
2019-10-18 11:26:08,517 [Thread-5059] INFO  impl.RoleInfo (RoleInfo.java:updateAndGet(143)) - f535bb4a-cba0-4f9b-9e3e-e4a48b3eda51: start LeaderElection
2019-10-18 11:26:08,541 [f535bb4a-cba0-4f9b-9e3e-e4a48b3eda51@group-7E32184879DE-LeaderElection718] INFO  impl.LeaderElection (LeaderElection.java:askForVotes(178)) - f535bb4a-cba0-4f9b-9e3e-e4a48b3eda51@group-7E32184879DE-LeaderElection718: begin an election at term 841 for -1: [f535bb4a-cba0-4f9b-9e3e-e4a48b3eda51:0.0.0.0:44706, 54aabb14-4a7d-4ab3-adbe-2e67760b87f4:0.0.0.0:43074, c652e2ee-3322-4406-8db6-1ea643cb3197:0.0.0.0:42129], old=null
2019-10-18 11:26:08,543 [grpc-default-executor-1] INFO  impl.RaftServerImpl (RaftServerImpl.java:setRole(184)) - 54aabb14-4a7d-4ab3-adbe-2e67760b87f4@group-7E32184879DE: changes role from  FOLLOWER to FOLLOWER at term 841 for recognizeCandidate:f535bb4a-cba0-4f9b-9e3e-e4a48b3eda51
2019-10-18 11:26:08,543 [grpc-default-executor-1] INFO  impl.RoleInfo (RoleInfo.java:shutdownFollowerState(121)) - 54aabb14-4a7d-4ab3-adbe-2e67760b87f4: shutdown FollowerState
2019-10-18 11:26:08,543 [grpc-default-executor-3] INFO  impl.RaftServerImpl (RaftServerImpl.java:setRole(184)) - c652e2ee-3322-4406-8db6-1ea643cb3197@group-7E32184879DE: changes role from  FOLLOWER to FOLLOWER at term 841 for recognizeCandidate:f535bb4a-cba0-4f9b-9e3e-e4a48b3eda51
2019-10-18 11:26:08,543 [grpc-default-executor-3] INFO  impl.RoleInfo (RoleInfo.java:shutdownFollowerState(121)) - c652e2ee-3322-4406-8db6-1ea643cb3197: shutdown FollowerState
2019-10-18 11:26:08,543 [Thread-5057] INFO  impl.FollowerState (FollowerState.java:run(117)) - 54aabb14-4a7d-4ab3-adbe-2e67760b87f4@group-7E32184879DE-FollowerState was interrupted: java.lang.InterruptedException: sleep interrupted
2019-10-18 11:26:08,543 [grpc-default-executor-1] INFO  impl.RoleInfo (RoleInfo.java:updateAndGet(143)) - 54aabb14-4a7d-4ab3-adbe-2e67760b87f4: start FollowerState
2019-10-18 11:26:08,543 [Thread-5058] INFO  impl.FollowerState (FollowerState.java:run(117)) - c652e2ee-3322-4406-8db6-1ea643cb3197@group-7E32184879DE-FollowerState was interrupted: java.lang.InterruptedException: sleep interrupted
2019-10-18 11:26:08,543 [grpc-default-executor-3] INFO  impl.RoleInfo (RoleInfo.java:updateAndGet(143)) - c652e2ee-3322-4406-8db6-1ea643cb3197: start FollowerState
2019-10-18 11:26:08,567 [f535bb4a-cba0-4f9b-9e3e-e4a48b3eda51@group-7E32184879DE-LeaderElection718] INFO  impl.LeaderElection (LeaderElection.java:logAndReturn(56)) - f535bb4a-cba0-4f9b-9e3e-e4a48b3eda51@group-7E32184879DE-LeaderElection718: Election REJECTED; received 2 response(s) [f535bb4a-cba0-4f9b-9e3e-e4a48b3eda51<-54aabb14-4a7d-4ab3-adbe-2e67760b87f4#0:FAIL-t841, f535bb4a-cba0-4f9b-9e3e-e4a48b3eda51<-c652e2ee-3322-4406-8db6-1ea643cb3197#0:FAIL-t841] and 0 exception(s); f535bb4a-cba0-4f9b-9e3e-e4a48b3eda51@group-7E32184879DE:t841, leader=null, voted=f535bb4a-cba0-4f9b-9e3e-e4a48b3eda51, raftlog=f535bb4a-cba0-4f9b-9e3e-e4a48b3eda51@group-7E32184879DE-SegmentedRaftLog:OPENED:c-1,f-1,i0, conf=-1: [f535bb4a-cba0-4f9b-9e3e-e4a48b3eda51:0.0.0.0:44706, 54aabb14-4a7d-4ab3-adbe-2e67760b87f4:0.0.0.0:43074, c652e2ee-3322-4406-8db6-1ea643cb3197:0.0.0.0:42129], old=null
2019-10-18 11:26:08,567 [f535bb4a-cba0-4f9b-9e3e-e4a48b3eda51@group-7E32184879DE-LeaderElection718] INFO  impl.RaftServerImpl (RaftServerImpl.java:setRole(184)) - f535bb4a-cba0-4f9b-9e3e-e4a48b3eda51@group-7E32184879DE: changes role from CANDIDATE to FOLLOWER at term 841 for DISCOVERED_A_NEW_TERM
2019-10-18 11:26:08,567 [f535bb4a-cba0-4f9b-9e3e-e4a48b3eda51@group-7E32184879DE-LeaderElection718] INFO  impl.RoleInfo (RoleInfo.java:shutdownLeaderElection(134)) - f535bb4a-cba0-4f9b-9e3e-e4a48b3eda51: shutdown LeaderElection
2019-10-18 11:26:08,567 [f535bb4a-cba0-4f9b-9e3e-e4a48b3eda51@group-7E32184879DE-LeaderElection718] INFO  impl.RoleInfo (RoleInfo.java:updateAndGet(143)) - f535bb4a-cba0-4f9b-9e3e-e4a48b3eda51: start FollowerState
2019-10-18 11:26:08,586 [Thread-5065] INFO  impl.FollowerState (FollowerState.java:run(108)) - f535bb4a-cba0-4f9b-9e3e-e4a48b3eda51@group-7E32184879DE-FollowerState: change to CANDIDATE, lastRpcTime:18ms, electionTimeout:18ms
2019-10-18 11:26:08,586 [Thread-5065] INFO  impl.RoleInfo (RoleInfo.java:shutdownFollowerState(121)) - f535bb4a-cba0-4f9b-9e3e-e4a48b3eda51: shutdown FollowerState
2019-10-18 11:26:08,586 [Thread-5065] INFO  impl.RaftServerImpl (RaftServerImpl.java:setRole(184)) - f535bb4a-cba0-4f9b-9e3e-e4a48b3eda51@group-7E32184879DE: changes role from  FOLLOWER to CANDIDATE at term 841 for changeToCandidate
2019-10-18 11:26:08,586 [Thread-5065] INFO  impl.RoleInfo (RoleInfo.java:updateAndGet(143)) - f535bb4a-cba0-4f9b-9e3e-e4a48b3eda51: start LeaderElection
2019-10-18 11:26:08,601 [f535bb4a-cba0-4f9b-9e3e-e4a48b3eda51@group-7E32184879DE-LeaderElection719] INFO  impl.LeaderElection (LeaderElection.java:askForVotes(178)) - f535bb4a-cba0-4f9b-9e3e-e4a48b3eda51@group-7E32184879DE-LeaderElection719: begin an election at term 842 for -1: [f535bb4a-cba0-4f9b-9e3e-e4a48b3eda51:0.0.0.0:44706, 54aabb14-4a7d-4ab3-adbe-2e67760b87f4:0.0.0.0:43074, c652e2ee-3322-4406-8db6-1ea643cb3197:0.0.0.0:42129], old=null
2019-10-18 11:26:08,602 [grpc-default-executor-1] INFO  impl.RaftServerImpl (RaftServerImpl.java:setRole(184)) - 54aabb14-4a7d-4ab3-adbe-2e67760b87f4@group-7E32184879DE: changes role from  FOLLOWER to FOLLOWER at term 842 for recognizeCandidate:f535bb4a-cba0-4f9b-9e3e-e4a48b3eda51
2019-10-18 11:26:08,603 [grpc-default-executor-1] INFO  impl.RoleInfo (RoleInfo.java:shutdownFollowerState(121)) - 54aabb14-4a7d-4ab3-adbe-2e67760b87f4: shutdown FollowerState
2019-10-18 11:26:08,603 [grpc-default-executor-1] INFO  impl.RoleInfo (RoleInfo.java:updateAndGet(143)) - 54aabb14-4a7d-4ab3-adbe-2e67760b87f4: start FollowerState
2019-10-18 11:26:08,603 [grpc-default-executor-3] INFO  impl.RaftServerImpl (RaftServerImpl.java:setRole(184)) - c652e2ee-3322-4406-8db6-1ea643cb3197@group-7E32184879DE: changes role from  FOLLOWER to FOLLOWER at term 842 for recognizeCandidate:f535bb4a-cba0-4f9b-9e3e-e4a48b3eda51
2019-10-18 11:26:08,603 [grpc-default-executor-3] INFO  impl.RoleInfo (RoleInfo.java:shutdownFollowerState(121)) - c652e2ee-3322-4406-8db6-1ea643cb3197: shutdown FollowerState
2019-10-18 11:26:08,603 [Thread-5063] INFO  impl.FollowerState (FollowerState.java:run(117)) - 54aabb14-4a7d-4ab3-adbe-2e67760b87f4@group-7E32184879DE-FollowerState was interrupted: java.lang.InterruptedException: sleep interrupted
2019-10-18 11:26:08,603 [Thread-5064] INFO  impl.FollowerState (FollowerState.java:run(117)) - c652e2ee-3322-4406-8db6-1ea643cb3197@group-7E32184879DE-FollowerState was interrupted: java.lang.InterruptedException: sleep interrupted
2019-10-18 11:26:08,603 [grpc-default-executor-3] INFO  impl.RoleInfo (RoleInfo.java:updateAndGet(143)) - c652e2ee-3322-4406-8db6-1ea643cb3197: start FollowerState
2019-10-18 11:26:08,627 [f535bb4a-cba0-4f9b-9e3e-e4a48b3eda51@group-7E32184879DE-LeaderElection719] INFO  impl.LeaderElection (LeaderElection.java:logAndReturn(56)) - f535bb4a-cba0-4f9b-9e3e-e4a48b3eda51@group-7E32184879DE-LeaderElection719: Election REJECTED; received 2 response(s) [f535bb4a-cba0-4f9b-9e3e-e4a48b3eda51<-54aabb14-4a7d-4ab3-adbe-2e67760b87f4#0:FAIL-t842, f535bb4a-cba0-4f9b-9e3e-e4a48b3eda51<-c652e2ee-3322-4406-8db6-1ea643cb3197#0:FAIL-t842] and 0 exception(s); f535bb4a-cba0-4f9b-9e3e-e4a48b3eda51@group-7E32184879DE:t842, leader=null, voted=f535bb4a-cba0-4f9b-9e3e-e4a48b3eda51, raftlog=f535bb4a-cba0-4f9b-9e3e-e4a48b3eda51@group-7E32184879DE-SegmentedRaftLog:OPENED:c-1,f-1,i0, conf=-1: [f535bb4a-cba0-4f9b-9e3e-e4a48b3eda51:0.0.0.0:44706, 54aabb14-4a7d-4ab3-adbe-2e67760b87f4:0.0.0.0:43074, c652e2ee-3322-4406-8db6-1ea643cb3197:0.0.0.0:42129], old=null
2019-10-18 11:26:08,627 [f535bb4a-cba0-4f9b-9e3e-e4a48b3eda51@group-7E32184879DE-LeaderElection719] INFO  impl.RaftServerImpl (RaftServerImpl.java:setRole(184)) - f535bb4a-cba0-4f9b-9e3e-e4a48b3eda51@group-7E32184879DE: changes role from CANDIDATE to FOLLOWER at term 842 for DISCOVERED_A_NEW_TERM
2019-10-18 11:26:08,627 [f535bb4a-cba0-4f9b-9e3e-e4a48b3eda51@group-7E32184879DE-LeaderElection719] INFO  impl.RoleInfo (RoleInfo.java:shutdownLeaderElection(134)) - f535bb4a-cba0-4f9b-9e3e-e4a48b3eda51: shutdown LeaderElection
2019-10-18 11:26:08,627 [f535bb4a-cba0-4f9b-9e3e-e4a48b3eda51@group-7E32184879DE-LeaderElection719] INFO  impl.RoleInfo (RoleInfo.java:updateAndGet(143)) - f535bb4a-cba0-4f9b-9e3e-e4a48b3eda51: start FollowerState
2019-10-18 11:26:08,705 [Thread-5071] INFO  impl.FollowerState (FollowerState.java:run(108)) - f535bb4a-cba0-4f9b-9e3e-e4a48b3eda51@group-7E32184879DE-FollowerState: change to CANDIDATE, lastRpcTime:77ms, electionTimeout:77ms
2019-10-18 11:26:08,705 [Thread-5071] INFO  impl.RoleInfo (RoleInfo.java:shutdownFollowerState(121)) - f535bb4a-cba0-4f9b-9e3e-e4a48b3eda51: shutdown FollowerState
2019-10-18 11:26:08,705 [Thread-5071] INFO  impl.RaftServerImpl (RaftServerImpl.java:setRole(184)) - f535bb4a-cba0-4f9b-9e3e-e4a48b3eda51@group-7E32184879DE: changes role from  FOLLOWER to CANDIDATE at term 842 for changeToCandidate
2019-10-18 11:26:08,705 [Thread-5071] INFO  impl.RoleInfo (RoleInfo.java:updateAndGet(143)) - f535bb4a-cba0-4f9b-9e3e-e4a48b3eda51: start LeaderElection
2019-10-18 11:26:08,735 [f535bb4a-cba0-4f9b-9e3e-e4a48b3eda51@group-7E32184879DE-LeaderElection720] INFO  impl.LeaderElection (LeaderElection.java:askForVotes(178)) - f535bb4a-cba0-4f9b-9e3e-e4a48b3eda51@group-7E32184879DE-LeaderElection720: begin an election at term 843 for -1: [f535bb4a-cba0-4f9b-9e3e-e4a48b3eda51:0.0.0.0:44706, 54aabb14-4a7d-4ab3-adbe-2e67760b87f4:0.0.0.0:43074, c652e2ee-3322-4406-8db6-1ea643cb3197:0.0.0.0:42129], old=null
2019-10-18 11:26:08,737 [grpc-default-executor-3] INFO  impl.RaftServerImpl (RaftServerImpl.java:setRole(184)) - 54aabb14-4a7d-4ab3-adbe-2e67760b87f4@group-7E32184879DE: changes role from  FOLLOWER to FOLLOWER at term 843 for recognizeCandidate:f535bb4a-cba0-4f9b-9e3e-e4a48b3eda51
2019-10-18 11:26:08,737 [grpc-default-executor-1] INFO  impl.RaftServerImpl (RaftServerImpl.java:setRole(184)) - c652e2ee-3322-4406-8db6-1ea643cb3197@group-7E32184879DE: changes role from  FOLLOWER to FOLLOWER at term 843 for recognizeCandidate:f535bb4a-cba0-4f9b-9e3e-e4a48b3eda51
2019-10-18 11:26:08,737 [grpc-default-executor-1] INFO  impl.RoleInfo (RoleInfo.java:shutdownFollowerState(121)) - c652e2ee-3322-4406-8db6-1ea643cb3197: shutdown FollowerState
2019-10-18 11:26:08,737 [grpc-default-executor-3] INFO  impl.RoleInfo (RoleInfo.java:shutdownFollowerState(121)) - 54aabb14-4a7d-4ab3-adbe-2e67760b87f4: shutdown FollowerState
2019-10-18 11:26:08,737 [Thread-5070] INFO  impl.FollowerState (FollowerState.java:run(117)) - c652e2ee-3322-4406-8db6-1ea643cb3197@group-7E32184879DE-FollowerState was interrupted: java.lang.InterruptedException: sleep interrupted
2019-10-18 11:26:08,737 [grpc-default-executor-1] INFO  impl.RoleInfo (RoleInfo.java:updateAndGet(143)) - c652e2ee-3322-4406-8db6-1ea643cb3197: start FollowerState
2019-10-18 11:26:08,737 [Thread-5069] INFO  impl.FollowerState (FollowerState.java:run(117)) - 54aabb14-4a7d-4ab3-adbe-2e67760b87f4@group-7E32184879DE-FollowerState was interrupted: java.lang.InterruptedException: sleep interrupted
2019-10-18 11:26:08,737 [grpc-default-executor-3] INFO  impl.RoleInfo (RoleInfo.java:updateAndGet(143)) - 54aabb14-4a7d-4ab3-adbe-2e67760b87f4: start FollowerState
2019-10-18 11:26:08,761 [f535bb4a-cba0-4f9b-9e3e-e4a48b3eda51@group-7E32184879DE-LeaderElection720] INFO  impl.LeaderElection (LeaderElection.java:logAndReturn(56)) - f535bb4a-cba0-4f9b-9e3e-e4a48b3eda51@group-7E32184879DE-LeaderElection720: Election REJECTED; received 2 response(s) [f535bb4a-cba0-4f9b-9e3e-e4a48b3eda51<-54aabb14-4a7d-4ab3-adbe-2e67760b87f4#0:FAIL-t843, f535bb4a-cba0-4f9b-9e3e-e4a48b3eda51<-c652e2ee-3322-4406-8db6-1ea643cb3197#0:FAIL-t843] and 0 exception(s); f535bb4a-cba0-4f9b-9e3e-e4a48b3eda51@group-7E32184879DE:t843, leader=null, voted=f535bb4a-cba0-4f9b-9e3e-e4a48b3eda51, raftlog=f535bb4a-cba0-4f9b-9e3e-e4a48b3eda51@group-7E32184879DE-SegmentedRaftLog:OPENED:c-1,f-1,i0, conf=-1: [f535bb4a-cba0-4f9b-9e3e-e4a48b3eda51:0.0.0.0:44706, 54aabb14-4a7d-4ab3-adbe-2e67760b87f4:0.0.0.0:43074, c652e2ee-3322-4406-8db6-1ea643cb3197:0.0.0.0:42129], old=null
2019-10-18 11:26:08,761 [f535bb4a-cba0-4f9b-9e3e-e4a48b3eda51@group-7E32184879DE-LeaderElection720] INFO  impl.RaftServerImpl (RaftServerImpl.java:setRole(184)) - f535bb4a-cba0-4f9b-9e3e-e4a48b3eda51@group-7E32184879DE: changes role from CANDIDATE to FOLLOWER at term 843 for DISCOVERED_A_NEW_TERM
2019-10-18 11:26:08,761 [f535bb4a-cba0-4f9b-9e3e-e4a48b3eda51@group-7E32184879DE-LeaderElection720] INFO  impl.RoleInfo (RoleInfo.java:shutdownLeaderElection(134)) - f535bb4a-cba0-4f9b-9e3e-e4a48b3eda51: shutdown LeaderElection
2019-10-18 11:26:08,761 [f535bb4a-cba0-4f9b-9e3e-e4a48b3eda51@group-7E32184879DE-LeaderElection720] INFO  impl.RoleInfo (RoleInfo.java:updateAndGet(143)) - f535bb4a-cba0-4f9b-9e3e-e4a48b3eda51: start FollowerState
2019-10-18 11:26:08,818 [Thread-5077] INFO  impl.FollowerState (FollowerState.java:run(108)) - f535bb4a-cba0-4f9b-9e3e-e4a48b3eda51@group-7E32184879DE-FollowerState: change to CANDIDATE, lastRpcTime:56ms, electionTimeout:56ms
2019-10-18 11:26:08,818 [Thread-5077] INFO  impl.RoleInfo (RoleInfo.java:shutdownFollowerState(121)) - f535bb4a-cba0-4f9b-9e3e-e4a48b3eda51: shutdown FollowerState
2019-10-18 11:26:08,818 [Thread-5077] INFO  impl.RaftServerImpl (RaftServerImpl.java:setRole(184)) - f535bb4a-cba0-4f9b-9e3e-e4a48b3eda51@group-7E32184879DE: changes role from  FOLLOWER to CANDIDATE at term 843 for changeToCandidate
2019-10-18 11:26:08,818 [Thread-5077] INFO  impl.RoleInfo (RoleInfo.java:updateAndGet(143)) - f535bb4a-cba0-4f9b-9e3e-e4a48b3eda51: start LeaderElection
2019-10-18 11:26:08,844 [f535bb4a-cba0-4f9b-9e3e-e4a48b3eda51@group-7E32184879DE-LeaderElection721] INFO  impl.LeaderElection (LeaderElection.java:askForVotes(178)) - f535bb4a-cba0-4f9b-9e3e-e4a48b3eda51@group-7E32184879DE-LeaderElection721: begin an election at term 844 for -1: [f535bb4a-cba0-4f9b-9e3e-e4a48b3eda51:0.0.0.0:44706, 54aabb14-4a7d-4ab3-adbe-2e67760b87f4:0.0.0.0:43074, c652e2ee-3322-4406-8db6-1ea643cb3197:0.0.0.0:42129], old=null
2019-10-18 11:26:08,846 [grpc-default-executor-3] INFO  impl.RaftServerImpl (RaftServerImpl.java:setRole(184)) - 54aabb14-4a7d-4ab3-adbe-2e67760b87f4@group-7E32184879DE: changes role from  FOLLOWER to FOLLOWER at term 844 for recognizeCandidate:f535bb4a-cba0-4f9b-9e3e-e4a48b3eda51
2019-10-18 11:26:08,846 [grpc-default-executor-1] INFO  impl.RaftServerImpl (RaftServerImpl.java:setRole(184)) - c652e2ee-3322-4406-8db6-1ea643cb3197@group-7E32184879DE: changes role from  FOLLOWER to FOLLOWER at term 844 for recognizeCandidate:f535bb4a-cba0-4f9b-9e3e-e4a48b3eda51
2019-10-18 11:26:08,846 [grpc-default-executor-1] INFO  impl.RoleInfo (RoleInfo.java:shutdownFollowerState(121)) - c652e2ee-3322-4406-8db6-1ea643cb3197: shutdown FollowerState
2019-10-18 11:26:08,846 [grpc-default-executor-3] INFO  impl.RoleInfo (RoleInfo.java:shutdownFollowerState(121)) - 54aabb14-4a7d-4ab3-adbe-2e67760b87f4: shutdown FollowerState
2019-10-18 11:26:08,846 [Thread-5075] INFO  impl.FollowerState (FollowerState.java:run(117)) - c652e2ee-3322-4406-8db6-1ea643cb3197@group-7E32184879DE-FollowerState was interrupted: java.lang.InterruptedException: sleep interrupted
2019-10-18 11:26:08,846 [grpc-default-executor-1] INFO  impl.RoleInfo (RoleInfo.java:updateAndGet(143)) - c652e2ee-3322-4406-8db6-1ea643cb3197: start FollowerState
2019-10-18 11:26:08,846 [Thread-5076] INFO  impl.FollowerState (FollowerState.java:run(117)) - 54aabb14-4a7d-4ab3-adbe-2e67760b87f4@group-7E32184879DE-FollowerState was interrupted: java.lang.InterruptedException: sleep interrupted
2019-10-18 11:26:08,846 [grpc-default-executor-3] INFO  impl.RoleInfo (RoleInfo.java:updateAndGet(143)) - 54aabb14-4a7d-4ab3-adbe-2e67760b87f4: start FollowerState
2019-10-18 11:26:08,870 [f535bb4a-cba0-4f9b-9e3e-e4a48b3eda51@group-7E32184879DE-LeaderElection721] INFO  impl.LeaderElection (LeaderElection.java:logAndReturn(56)) - f535bb4a-cba0-4f9b-9e3e-e4a48b3eda51@group-7E32184879DE-LeaderElection721: Election REJECTED; received 2 response(s) [f535bb4a-cba0-4f9b-9e3e-e4a48b3eda51<-54aabb14-4a7d-4ab3-adbe-2e67760b87f4#0:FAIL-t844, f535bb4a-cba0-4f9b-9e3e-e4a48b3eda51<-c652e2ee-3322-4406-8db6-1ea643cb3197#0:FAIL-t844] and 0 exception(s); f535bb4a-cba0-4f9b-9e3e-e4a48b3eda51@group-7E32184879DE:t844, leader=null, voted=f535bb4a-cba0-4f9b-9e3e-e4a48b3eda51, raftlog=f535bb4a-cba0-4f9b-9e3e-e4a48b3eda51@group-7E32184879DE-SegmentedRaftLog:OPENED:c-1,f-1,i0, conf=-1: [f535bb4a-cba0-4f9b-9e3e-e4a48b3eda51:0.0.0.0:44706, 54aabb14-4a7d-4ab3-adbe-2e67760b87f4:0.0.0.0:43074, c652e2ee-3322-4406-8db6-1ea643cb3197:0.0.0.0:42129], old=null
2019-10-18 11:26:08,870 [f535bb4a-cba0-4f9b-9e3e-e4a48b3eda51@group-7E32184879DE-LeaderElection721] INFO  impl.RaftServerImpl (RaftServerImpl.java:setRole(184)) - f535bb4a-cba0-4f9b-9e3e-e4a48b3eda51@group-7E32184879DE: changes role from CANDIDATE to FOLLOWER at term 844 for DISCOVERED_A_NEW_TERM
2019-10-18 11:26:08,870 [f535bb4a-cba0-4f9b-9e3e-e4a48b3eda51@group-7E32184879DE-LeaderElection721] INFO  impl.RoleInfo (RoleInfo.java:shutdownLeaderElection(134)) - f535bb4a-cba0-4f9b-9e3e-e4a48b3eda51: shutdown LeaderElection
2019-10-18 11:26:08,870 [f535bb4a-cba0-4f9b-9e3e-e4a48b3eda51@group-7E32184879DE-LeaderElection721] INFO  impl.RoleInfo (RoleInfo.java:updateAndGet(143)) - f535bb4a-cba0-4f9b-9e3e-e4a48b3eda51: start FollowerState
2019-10-18 11:26:08,886 [Thread-5083] INFO  impl.FollowerState (FollowerState.java:run(108)) - f535bb4a-cba0-4f9b-9e3e-e4a48b3eda51@group-7E32184879DE-FollowerState: change to CANDIDATE, lastRpcTime:15ms, electionTimeout:15ms
2019-10-18 11:26:08,886 [Thread-5083] INFO  impl.RoleInfo (RoleInfo.java:shutdownFollowerState(121)) - f535bb4a-cba0-4f9b-9e3e-e4a48b3eda51: shutdown FollowerState
2019-10-18 11:26:08,886 [Thread-5083] INFO  impl.RaftServerImpl (RaftServerImpl.java:setRole(184)) - f535bb4a-cba0-4f9b-9e3e-e4a48b3eda51@group-7E32184879DE: changes role from  FOLLOWER to CANDIDATE at term 844 for changeToCandidate
2019-10-18 11:26:08,886 [Thread-5083] INFO  impl.RoleInfo (RoleInfo.java:updateAndGet(143)) - f535bb4a-cba0-4f9b-9e3e-e4a48b3eda51: start LeaderElection
2019-10-18 11:26:08,911 [f535bb4a-cba0-4f9b-9e3e-e4a48b3eda51@group-7E32184879DE-LeaderElection722] INFO  impl.LeaderElection (LeaderElection.java:askForVotes(178)) - f535bb4a-cba0-4f9b-9e3e-e4a48b3eda51@group-7E32184879DE-LeaderElection722: begin an election at term 845 for -1: [f535bb4a-cba0-4f9b-9e3e-e4a48b3eda51:0.0.0.0:44706, 54aabb14-4a7d-4ab3-adbe-2e67760b87f4:0.0.0.0:43074, c652e2ee-3322-4406-8db6-1ea643cb3197:0.0.0.0:42129], old=null
2019-10-18 11:26:08,913 [grpc-default-executor-3] INFO  impl.RaftServerImpl (RaftServerImpl.java:setRole(184)) - 54aabb14-4a7d-4ab3-adbe-2e67760b87f4@group-7E32184879DE: changes role from  FOLLOWER to FOLLOWER at term 845 for recognizeCandidate:f535bb4a-cba0-4f9b-9e3e-e4a48b3eda51
2019-10-18 11:26:08,913 [grpc-default-executor-3] INFO  impl.RoleInfo (RoleInfo.java:shutdownFollowerState(121)) - 54aabb14-4a7d-4ab3-adbe-2e67760b87f4: shutdown FollowerState
2019-10-18 11:26:08,913 [grpc-default-executor-1] INFO  impl.RaftServerImpl (RaftServerImpl.java:setRole(184)) - c652e2ee-3322-4406-8db6-1ea643cb3197@group-7E32184879DE: changes role from  FOLLOWER to FOLLOWER at term 845 for recognizeCandidate:f535bb4a-cba0-4f9b-9e3e-e4a48b3eda51
2019-10-18 11:26:08,914 [grpc-default-executor-1] INFO  impl.RoleInfo (RoleInfo.java:shutdownFollowerState(121)) - c652e2ee-3322-4406-8db6-1ea643cb3197: shutdown FollowerState
2019-10-18 11:26:08,914 [Thread-5082] INFO  impl.FollowerState (FollowerState.java:run(117)) - 54aabb14-4a7d-4ab3-adbe-2e67760b87f4@group-7E32184879DE-FollowerState was interrupted: java.lang.InterruptedException: sleep interrupted
2019-10-18 11:26:08,914 [grpc-default-executor-3] INFO  impl.RoleInfo (RoleInfo.java:updateAndGet(143)) - 54aabb14-4a7d-4ab3-adbe-2e67760b87f4: start FollowerState
2019-10-18 11:26:08,914 [Thread-5081] INFO  impl.FollowerState (FollowerState.java:run(117)) - c652e2ee-3322-4406-8db6-1ea643cb3197@group-7E32184879DE-FollowerState was interrupted: java.lang.InterruptedException: sleep interrupted
2019-10-18 11:26:08,914 [grpc-default-executor-1] INFO  impl.RoleInfo (RoleInfo.java:updateAndGet(143)) - c652e2ee-3322-4406-8db6-1ea643cb3197: start FollowerState
2019-10-18 11:26:08,937 [f535bb4a-cba0-4f9b-9e3e-e4a48b3eda51@group-7E32184879DE-LeaderElection722] INFO  impl.LeaderElection (LeaderElection.java:logAndReturn(56)) - f535bb4a-cba0-4f9b-9e3e-e4a48b3eda51@group-7E32184879DE-LeaderElection722: Election REJECTED; received 2 response(s) [f535bb4a-cba0-4f9b-9e3e-e4a48b3eda51<-54aabb14-4a7d-4ab3-adbe-2e67760b87f4#0:FAIL-t845, f535bb4a-cba0-4f9b-9e3e-e4a48b3eda51<-c652e2ee-3322-4406-8db6-1ea643cb3197#0:FAIL-t845] and 0 exception(s); f535bb4a-cba0-4f9b-9e3e-e4a48b3eda51@group-7E32184879DE:t845, leader=null, voted=f535bb4a-cba0-4f9b-9e3e-e4a48b3eda51, raftlog=f535bb4a-cba0-4f9b-9e3e-e4a48b3eda51@group-7E32184879DE-SegmentedRaftLog:OPENED:c-1,f-1,i0, conf=-1: [f535bb4a-cba0-4f9b-9e3e-e4a48b3eda51:0.0.0.0:44706, 54aabb14-4a7d-4ab3-adbe-2e67760b87f4:0.0.0.0:43074, c652e2ee-3322-4406-8db6-1ea643cb3197:0.0.0.0:42129], old=null
2019-10-18 11:26:08,937 [f535bb4a-cba0-4f9b-9e3e-e4a48b3eda51@group-7E32184879DE-LeaderElection722] INFO  impl.RaftServerImpl (RaftServerImpl.java:setRole(184)) - f535bb4a-cba0-4f9b-9e3e-e4a48b3eda51@group-7E32184879DE: changes role from CANDIDATE to FOLLOWER at term 845 for DISCOVERED_A_NEW_TERM
2019-10-18 11:26:08,938 [f535bb4a-cba0-4f9b-9e3e-e4a48b3eda51@group-7E32184879DE-LeaderElection722] INFO  impl.RoleInfo (RoleInfo.java:shutdownLeaderElection(134)) - f535bb4a-cba0-4f9b-9e3e-e4a48b3eda51: shutdown LeaderElection
2019-10-18 11:26:08,938 [f535bb4a-cba0-4f9b-9e3e-e4a48b3eda51@group-7E32184879DE-LeaderElection722] INFO  impl.RoleInfo (RoleInfo.java:updateAndGet(143)) - f535bb4a-cba0-4f9b-9e3e-e4a48b3eda51: start FollowerState
2019-10-18 11:26:09,000 [Thread-5091] INFO  impl.FollowerState (FollowerState.java:run(108)) - f535bb4a-cba0-4f9b-9e3e-e4a48b3eda51@group-7E32184879DE-FollowerState: change to CANDIDATE, lastRpcTime:62ms, electionTimeout:62ms
2019-10-18 11:26:09,000 [Thread-5091] INFO  impl.RoleInfo (RoleInfo.java:shutdownFollowerState(121)) - f535bb4a-cba0-4f9b-9e3e-e4a48b3eda51: shutdown FollowerState
2019-10-18 11:26:09,000 [Thread-5091] INFO  impl.RaftServerImpl (RaftServerImpl.java:setRole(184)) - f535bb4a-cba0-4f9b-9e3e-e4a48b3eda51@group-7E32184879DE: changes role from  FOLLOWER to CANDIDATE at term 845 for changeToCandidate
2019-10-18 11:26:09,001 [Thread-5091] INFO  impl.RoleInfo (RoleInfo.java:updateAndGet(143)) - f535bb4a-cba0-4f9b-9e3e-e4a48b3eda51: start LeaderElection
2019-10-18 11:26:09,037 [f535bb4a-cba0-4f9b-9e3e-e4a48b3eda51@group-7E32184879DE-LeaderElection723] INFO  impl.LeaderElection (LeaderElection.java:askForVotes(178)) - f535bb4a-cba0-4f9b-9e3e-e4a48b3eda51@group-7E32184879DE-LeaderElection723: begin an election at term 846 for -1: [f535bb4a-cba0-4f9b-9e3e-e4a48b3eda51:0.0.0.0:44706, 54aabb14-4a7d-4ab3-adbe-2e67760b87f4:0.0.0.0:43074, c652e2ee-3322-4406-8db6-1ea643cb3197:0.0.0.0:42129], old=null
2019-10-18 11:26:09,039 [grpc-default-executor-1] INFO  impl.RaftServerImpl (RaftServerImpl.java:setRole(184)) - 54aabb14-4a7d-4ab3-adbe-2e67760b87f4@group-7E32184879DE: changes role from  FOLLOWER to FOLLOWER at term 846 for recognizeCandidate:f535bb4a-cba0-4f9b-9e3e-e4a48b3eda51
2019-10-18 11:26:09,039 [grpc-default-executor-1] INFO  impl.RoleInfo (RoleInfo.java:shutdownFollowerState(121)) - 54aabb14-4a7d-4ab3-adbe-2e67760b87f4: shutdown FollowerState
2019-10-18 11:26:09,039 [grpc-default-executor-1] INFO  impl.RoleInfo (RoleInfo.java:updateAndGet(143)) - 54aabb14-4a7d-4ab3-adbe-2e67760b87f4: start FollowerState
2019-10-18 11:26:09,039 [Thread-5089] INFO  impl.FollowerState (FollowerState.java:run(117)) - 54aabb14-4a7d-4ab3-adbe-2e67760b87f4@group-7E32184879DE-FollowerState was interrupted: java.lang.InterruptedException: sleep interrupted
2019-10-18 11:26:09,039 [grpc-default-executor-3] INFO  impl.RaftServerImpl (RaftServerImpl.java:setRole(184)) - c652e2ee-3322-4406-8db6-1ea643cb3197@group-7E32184879DE: changes role from  FOLLOWER to FOLLOWER at term 846 for recognizeCandidate:f535bb4a-cba0-4f9b-9e3e-e4a48b3eda51
2019-10-18 11:26:09,040 [grpc-default-executor-3] INFO  impl.RoleInfo (RoleInfo.java:shutdownFollowerState(121)) - c652e2ee-3322-4406-8db6-1ea643cb3197: shutdown FollowerState
2019-10-18 11:26:09,040 [grpc-default-executor-3] INFO  impl.RoleInfo (RoleInfo.java:updateAndGet(143)) - c652e2ee-3322-4406-8db6-1ea643cb3197: start FollowerState
2019-10-18 11:26:09,040 [Thread-5090] INFO  impl.FollowerState (FollowerState.java:run(117)) - c652e2ee-3322-4406-8db6-1ea643cb3197@group-7E32184879DE-FollowerState was interrupted: java.lang.InterruptedException: sleep interrupted
2019-10-18 11:26:09,063 [f535bb4a-cba0-4f9b-9e3e-e4a48b3eda51@group-7E32184879DE-LeaderElection723] INFO  impl.LeaderElection (LeaderElection.java:logAndReturn(56)) - f535bb4a-cba0-4f9b-9e3e-e4a48b3eda51@group-7E32184879DE-LeaderElection723: Election REJECTED; received 2 response(s) [f535bb4a-cba0-4f9b-9e3e-e4a48b3eda51<-54aabb14-4a7d-4ab3-adbe-2e67760b87f4#0:FAIL-t846, f535bb4a-cba0-4f9b-9e3e-e4a48b3eda51<-c652e2ee-3322-4406-8db6-1ea643cb3197#0:FAIL-t846] and 0 exception(s); f535bb4a-cba0-4f9b-9e3e-e4a48b3eda51@group-7E32184879DE:t846, leader=null, voted=f535bb4a-cba0-4f9b-9e3e-e4a48b3eda51, raftlog=f535bb4a-cba0-4f9b-9e3e-e4a48b3eda51@group-7E32184879DE-SegmentedRaftLog:OPENED:c-1,f-1,i0, conf=-1: [f535bb4a-cba0-4f9b-9e3e-e4a48b3eda51:0.0.0.0:44706, 54aabb14-4a7d-4ab3-adbe-2e67760b87f4:0.0.0.0:43074, c652e2ee-3322-4406-8db6-1ea643cb3197:0.0.0.0:42129], old=null
2019-10-18 11:26:09,063 [f535bb4a-cba0-4f9b-9e3e-e4a48b3eda51@group-7E32184879DE-LeaderElection723] INFO  impl.RaftServerImpl (RaftServerImpl.java:setRole(184)) - f535bb4a-cba0-4f9b-9e3e-e4a48b3eda51@group-7E32184879DE: changes role from CANDIDATE to FOLLOWER at term 846 for DISCOVERED_A_NEW_TERM
2019-10-18 11:26:09,063 [f535bb4a-cba0-4f9b-9e3e-e4a48b3eda51@group-7E32184879DE-LeaderElection723] INFO  impl.RoleInfo (RoleInfo.java:shutdownLeaderElection(134)) - f535bb4a-cba0-4f9b-9e3e-e4a48b3eda51: shutdown LeaderElection
2019-10-18 11:26:09,064 [f535bb4a-cba0-4f9b-9e3e-e4a48b3eda51@group-7E32184879DE-LeaderElection723] INFO  impl.RoleInfo (RoleInfo.java:updateAndGet(143)) - f535bb4a-cba0-4f9b-9e3e-e4a48b3eda51: start FollowerState
2019-10-18 11:26:09,152 [Thread-5097] INFO  impl.FollowerState (FollowerState.java:run(108)) - f535bb4a-cba0-4f9b-9e3e-e4a48b3eda51@group-7E32184879DE-FollowerState: change to CANDIDATE, lastRpcTime:88ms, electionTimeout:88ms
2019-10-18 11:26:09,152 [Thread-5097] INFO  impl.RoleInfo (RoleInfo.java:shutdownFollowerState(121)) - f535bb4a-cba0-4f9b-9e3e-e4a48b3eda51: shutdown FollowerState
2019-10-18 11:26:09,152 [Thread-5097] INFO  impl.RaftServerImpl (RaftServerImpl.java:setRole(184)) - f535bb4a-cba0-4f9b-9e3e-e4a48b3eda51@group-7E32184879DE: changes role from  FOLLOWER to CANDIDATE at term 846 for changeToCandidate
2019-10-18 11:26:09,152 [Thread-5097] INFO  impl.RoleInfo (RoleInfo.java:updateAndGet(143)) - f535bb4a-cba0-4f9b-9e3e-e4a48b3eda51: start LeaderElection
2019-10-18 11:26:09,180 [f535bb4a-cba0-4f9b-9e3e-e4a48b3eda51@group-7E32184879DE-LeaderElection724] INFO  impl.LeaderElection (LeaderElection.java:askForVotes(178)) - f535bb4a-cba0-4f9b-9e3e-e4a48b3eda51@group-7E32184879DE-LeaderElection724: begin an election at term 847 for -1: [f535bb4a-cba0-4f9b-9e3e-e4a48b3eda51:0.0.0.0:44706, 54aabb14-4a7d-4ab3-adbe-2e67760b87f4:0.0.0.0:43074, c652e2ee-3322-4406-8db6-1ea643cb3197:0.0.0.0:42129], old=null
2019-10-18 11:26:09,181 [grpc-default-executor-1] INFO  impl.RaftServerImpl (RaftServerImpl.java:setRole(184)) - c652e2ee-3322-4406-8db6-1ea643cb3197@group-7E32184879DE: changes role from  FOLLOWER to FOLLOWER at term 847 for recognizeCandidate:f535bb4a-cba0-4f9b-9e3e-e4a48b3eda51
2019-10-18 11:26:09,181 [grpc-default-executor-3] INFO  impl.RaftServerImpl (RaftServerImpl.java:setRole(184)) - 54aabb14-4a7d-4ab3-adbe-2e67760b87f4@group-7E32184879DE: changes role from  FOLLOWER to FOLLOWER at term 847 for recognizeCandidate:f535bb4a-cba0-4f9b-9e3e-e4a48b3eda51
2019-10-18 11:26:09,181 [grpc-default-executor-1] INFO  impl.RoleInfo (RoleInfo.java:shutdownFollowerState(121)) - c652e2ee-3322-4406-8db6-1ea643cb3197: shutdown FollowerState
2019-10-18 11:26:09,182 [grpc-default-executor-3] INFO  impl.RoleInfo (RoleInfo.java:shutdownFollowerState(121)) - 54aabb14-4a7d-4ab3-adbe-2e67760b87f4: shutdown FollowerState
2019-10-18 11:26:09,182 [grpc-default-executor-1] INFO  impl.RoleInfo (RoleInfo.java:updateAndGet(143)) - c652e2ee-3322-4406-8db6-1ea643cb3197: start FollowerState
2019-10-18 11:26:09,182 [Thread-5095] INFO  impl.FollowerState (FollowerState.java:run(117)) - 54aabb14-4a7d-4ab3-adbe-2e67760b87f4@group-7E32184879DE-FollowerState was interrupted: java.lang.InterruptedException: sleep interrupted
2019-10-18 11:26:09,182 [grpc-default-executor-3] INFO  impl.RoleInfo (RoleInfo.java:updateAndGet(143)) - 54aabb14-4a7d-4ab3-adbe-2e67760b87f4: start FollowerState
2019-10-18 11:26:09,182 [Thread-5096] INFO  impl.FollowerState (FollowerState.java:run(117)) - c652e2ee-3322-4406-8db6-1ea643cb3197@group-7E32184879DE-FollowerState was interrupted: java.lang.InterruptedException: sleep interrupted
2019-10-18 11:26:09,205 [f535bb4a-cba0-4f9b-9e3e-e4a48b3eda51@group-7E32184879DE-LeaderElection724] INFO  impl.LeaderElection (LeaderElection.java:logAndReturn(56)) - f535bb4a-cba0-4f9b-9e3e-e4a48b3eda51@group-7E32184879DE-LeaderElection724: Election REJECTED; received 2 response(s) [f535bb4a-cba0-4f9b-9e3e-e4a48b3eda51<-54aabb14-4a7d-4ab3-adbe-2e67760b87f4#0:FAIL-t847, f535bb4a-cba0-4f9b-9e3e-e4a48b3eda51<-c652e2ee-3322-4406-8db6-1ea643cb3197#0:FAIL-t847] and 0 exception(s); f535bb4a-cba0-4f9b-9e3e-e4a48b3eda51@group-7E32184879DE:t847, leader=null, voted=f535bb4a-cba0-4f9b-9e3e-e4a48b3eda51, raftlog=f535bb4a-cba0-4f9b-9e3e-e4a48b3eda51@group-7E32184879DE-SegmentedRaftLog:OPENED:c-1,f-1,i0, conf=-1: [f535bb4a-cba0-4f9b-9e3e-e4a48b3eda51:0.0.0.0:44706, 54aabb14-4a7d-4ab3-adbe-2e67760b87f4:0.0.0.0:43074, c652e2ee-3322-4406-8db6-1ea643cb3197:0.0.0.0:42129], old=null
2019-10-18 11:26:09,206 [f535bb4a-cba0-4f9b-9e3e-e4a48b3eda51@group-7E32184879DE-LeaderElection724] INFO  impl.RaftServerImpl (RaftServerImpl.java:setRole(184)) - f535bb4a-cba0-4f9b-9e3e-e4a48b3eda51@group-7E32184879DE: changes role from CANDIDATE to FOLLOWER at term 847 for DISCOVERED_A_NEW_TERM
2019-10-18 11:26:09,206 [f535bb4a-cba0-4f9b-9e3e-e4a48b3eda51@group-7E32184879DE-LeaderElection724] INFO  impl.RoleInfo (RoleInfo.java:shutdownLeaderElection(134)) - f535bb4a-cba0-4f9b-9e3e-e4a48b3eda51: shutdown LeaderElection
2019-10-18 11:26:09,206 [f535bb4a-cba0-4f9b-9e3e-e4a48b3eda51@group-7E32184879DE-LeaderElection724] INFO  impl.RoleInfo (RoleInfo.java:updateAndGet(143)) - f535bb4a-cba0-4f9b-9e3e-e4a48b3eda51: start FollowerState
2019-10-18 11:26:09,368 [Thread-5103] INFO  impl.FollowerState (FollowerState.java:run(108)) - f535bb4a-cba0-4f9b-9e3e-e4a48b3eda51@group-7E32184879DE-FollowerState: change to CANDIDATE, lastRpcTime:162ms, electionTimeout:162ms
2019-10-18 11:26:09,369 [Thread-5103] INFO  impl.RoleInfo (RoleInfo.java:shutdownFollowerState(121)) - f535bb4a-cba0-4f9b-9e3e-e4a48b3eda51: shutdown FollowerState
2019-10-18 11:26:09,369 [Thread-5103] INFO  impl.RaftServerImpl (RaftServerImpl.java:setRole(184)) - f535bb4a-cba0-4f9b-9e3e-e4a48b3eda51@group-7E32184879DE: changes role from  FOLLOWER to CANDIDATE at term 847 for changeToCandidate
2019-10-18 11:26:09,369 [Thread-5103] INFO  impl.RoleInfo (RoleInfo.java:updateAndGet(143)) - f535bb4a-cba0-4f9b-9e3e-e4a48b3eda51: start LeaderElection
2019-10-18 11:26:09,397 [f535bb4a-cba0-4f9b-9e3e-e4a48b3eda51@group-7E32184879DE-LeaderElection725] INFO  impl.LeaderElection (LeaderElection.java:askForVotes(178)) - f535bb4a-cba0-4f9b-9e3e-e4a48b3eda51@group-7E32184879DE-LeaderElection725: begin an election at term 848 for -1: [f535bb4a-cba0-4f9b-9e3e-e4a48b3eda51:0.0.0.0:44706, 54aabb14-4a7d-4ab3-adbe-2e67760b87f4:0.0.0.0:43074, c652e2ee-3322-4406-8db6-1ea643cb3197:0.0.0.0:42129], old=null
2019-10-18 11:26:09,398 [grpc-default-executor-3] INFO  impl.RaftServerImpl (RaftServerImpl.java:setRole(184)) - 54aabb14-4a7d-4ab3-adbe-2e67760b87f4@group-7E32184879DE: changes role from  FOLLOWER to FOLLOWER at term 848 for recognizeCandidate:f535bb4a-cba0-4f9b-9e3e-e4a48b3eda51
2019-10-18 11:26:09,399 [grpc-default-executor-3] INFO  impl.RoleInfo (RoleInfo.java:shutdownFollowerState(121)) - 54aabb14-4a7d-4ab3-adbe-2e67760b87f4: shutdown FollowerState
2019-10-18 11:26:09,399 [grpc-default-executor-1] INFO  impl.RaftServerImpl (RaftServerImpl.java:setRole(184)) - c652e2ee-3322-4406-8db6-1ea643cb3197@group-7E32184879DE: changes role from  FOLLOWER to FOLLOWER at term 848 for recognizeCandidate:f535bb4a-cba0-4f9b-9e3e-e4a48b3eda51
2019-10-18 11:26:09,399 [grpc-default-executor-1] INFO  impl.RoleInfo (RoleInfo.java:shutdownFollowerState(121)) - c652e2ee-3322-4406-8db6-1ea643cb3197: shutdown FollowerState
2019-10-18 11:26:09,399 [Thread-5102] INFO  impl.FollowerState (FollowerState.java:run(117)) - 54aabb14-4a7d-4ab3-adbe-2e67760b87f4@group-7E32184879DE-FollowerState was interrupted: java.lang.InterruptedException: sleep interrupted
2019-10-18 11:26:09,399 [grpc-default-executor-3] INFO  impl.RoleInfo (RoleInfo.java:updateAndGet(143)) - 54aabb14-4a7d-4ab3-adbe-2e67760b87f4: start FollowerState
2019-10-18 11:26:09,399 [Thread-5101] INFO  impl.FollowerState (FollowerState.java:run(117)) - c652e2ee-3322-4406-8db6-1ea643cb3197@group-7E32184879DE-FollowerState was interrupted: java.lang.InterruptedException: sleep interrupted
2019-10-18 11:26:09,399 [grpc-default-executor-1] INFO  impl.RoleInfo (RoleInfo.java:updateAndGet(143)) - c652e2ee-3322-4406-8db6-1ea643cb3197: start FollowerState
2019-10-18 11:26:09,423 [f535bb4a-cba0-4f9b-9e3e-e4a48b3eda51@group-7E32184879DE-LeaderElection725] INFO  impl.LeaderElection (LeaderElection.java:logAndReturn(56)) - f535bb4a-cba0-4f9b-9e3e-e4a48b3eda51@group-7E32184879DE-LeaderElection725: Election REJECTED; received 2 response(s) [f535bb4a-cba0-4f9b-9e3e-e4a48b3eda51<-54aabb14-4a7d-4ab3-adbe-2e67760b87f4#0:FAIL-t848, f535bb4a-cba0-4f9b-9e3e-e4a48b3eda51<-c652e2ee-3322-4406-8db6-1ea643cb3197#0:FAIL-t848] and 0 exception(s); f535bb4a-cba0-4f9b-9e3e-e4a48b3eda51@group-7E32184879DE:t848, leader=null, voted=f535bb4a-cba0-4f9b-9e3e-e4a48b3eda51, raftlog=f535bb4a-cba0-4f9b-9e3e-e4a48b3eda51@group-7E32184879DE-SegmentedRaftLog:OPENED:c-1,f-1,i0, conf=-1: [f535bb4a-cba0-4f9b-9e3e-e4a48b3eda51:0.0.0.0:44706, 54aabb14-4a7d-4ab3-adbe-2e67760b87f4:0.0.0.0:43074, c652e2ee-3322-4406-8db6-1ea643cb3197:0.0.0.0:42129], old=null
2019-10-18 11:26:09,423 [f535bb4a-cba0-4f9b-9e3e-e4a48b3eda51@group-7E32184879DE-LeaderElection725] INFO  impl.RaftServerImpl (RaftServerImpl.java:setRole(184)) - f535bb4a-cba0-4f9b-9e3e-e4a48b3eda51@group-7E32184879DE: changes role from CANDIDATE to FOLLOWER at term 848 for DISCOVERED_A_NEW_TERM
2019-10-18 11:26:09,423 [f535bb4a-cba0-4f9b-9e3e-e4a48b3eda51@group-7E32184879DE-LeaderElection725] INFO  impl.RoleInfo (RoleInfo.java:shutdownLeaderElection(134)) - f535bb4a-cba0-4f9b-9e3e-e4a48b3eda51: shutdown LeaderElection
2019-10-18 11:26:09,423 [f535bb4a-cba0-4f9b-9e3e-e4a48b3eda51@group-7E32184879DE-LeaderElection725] INFO  impl.RoleInfo (RoleInfo.java:updateAndGet(143)) - f535bb4a-cba0-4f9b-9e3e-e4a48b3eda51: start FollowerState
2019-10-18 11:26:09,442 [Thread-5109] INFO  impl.FollowerState (FollowerState.java:run(108)) - f535bb4a-cba0-4f9b-9e3e-e4a48b3eda51@group-7E32184879DE-FollowerState: change to CANDIDATE, lastRpcTime:18ms, electionTimeout:18ms
2019-10-18 11:26:09,442 [Thread-5109] INFO  impl.RoleInfo (RoleInfo.java:shutdownFollowerState(121)) - f535bb4a-cba0-4f9b-9e3e-e4a48b3eda51: shutdown FollowerState
2019-10-18 11:26:09,442 [Thread-5109] INFO  impl.RaftServerImpl (RaftServerImpl.java:setRole(184)) - f535bb4a-cba0-4f9b-9e3e-e4a48b3eda51@group-7E32184879DE: changes role from  FOLLOWER to CANDIDATE at term 848 for changeToCandidate
2019-10-18 11:26:09,442 [Thread-5109] INFO  impl.RoleInfo (RoleInfo.java:updateAndGet(143)) - f535bb4a-cba0-4f9b-9e3e-e4a48b3eda51: start LeaderElection
2019-10-18 11:26:09,464 [f535bb4a-cba0-4f9b-9e3e-e4a48b3eda51@group-7E32184879DE-LeaderElection726] INFO  impl.LeaderElection (LeaderElection.java:askForVotes(178)) - f535bb4a-cba0-4f9b-9e3e-e4a48b3eda51@group-7E32184879DE-LeaderElection726: begin an election at term 849 for -1: [f535bb4a-cba0-4f9b-9e3e-e4a48b3eda51:0.0.0.0:44706, 54aabb14-4a7d-4ab3-adbe-2e67760b87f4:0.0.0.0:43074, c652e2ee-3322-4406-8db6-1ea643cb3197:0.0.0.0:42129], old=null
2019-10-18 11:26:09,466 [grpc-default-executor-3] INFO  impl.RaftServerImpl (RaftServerImpl.java:setRole(184)) - 54aabb14-4a7d-4ab3-adbe-2e67760b87f4@group-7E32184879DE: changes role from  FOLLOWER to FOLLOWER at term 849 for recognizeCandidate:f535bb4a-cba0-4f9b-9e3e-e4a48b3eda51
2019-10-18 11:26:09,466 [grpc-default-executor-3] INFO  impl.RoleInfo (RoleInfo.java:shutdownFollowerState(121)) - 54aabb14-4a7d-4ab3-adbe-2e67760b87f4: shutdown FollowerState
2019-10-18 11:26:09,466 [grpc-default-executor-1] INFO  impl.RaftServerImpl (RaftServerImpl.java:setRole(184)) - c652e2ee-3322-4406-8db6-1ea643cb3197@group-7E32184879DE: changes role from  FOLLOWER to FOLLOWER at term 849 for recognizeCandidate:f535bb4a-cba0-4f9b-9e3e-e4a48b3eda51
2019-10-18 11:26:09,466 [Thread-5107] INFO  impl.FollowerState (FollowerState.java:run(117)) - 54aabb14-4a7d-4ab3-adbe-2e67760b87f4@group-7E32184879DE-FollowerState was interrupted: java.lang.InterruptedException: sleep interrupted
2019-10-18 11:26:09,466 [grpc-default-executor-1] INFO  impl.RoleInfo (RoleInfo.java:shutdownFollowerState(121)) - c652e2ee-3322-4406-8db6-1ea643cb3197: shutdown FollowerState
2019-10-18 11:26:09,466 [grpc-default-executor-3] INFO  impl.RoleInfo (RoleInfo.java:updateAndGet(143)) - 54aabb14-4a7d-4ab3-adbe-2e67760b87f4: start FollowerState
2019-10-18 11:26:09,466 [grpc-default-executor-1] INFO  impl.RoleInfo (RoleInfo.java:updateAndGet(143)) - c652e2ee-3322-4406-8db6-1ea643cb3197: start FollowerState
2019-10-18 11:26:09,466 [Thread-5108] INFO  impl.FollowerState (FollowerState.java:run(117)) - c652e2ee-3322-4406-8db6-1ea643cb3197@group-7E32184879DE-FollowerState was interrupted: java.lang.InterruptedException: sleep interrupted
2019-10-18 11:26:09,490 [f535bb4a-cba0-4f9b-9e3e-e4a48b3eda51@group-7E32184879DE-LeaderElection726] INFO  impl.LeaderElection (LeaderElection.java:logAndReturn(56)) - f535bb4a-cba0-4f9b-9e3e-e4a48b3eda51@group-7E32184879DE-LeaderElection726: Election REJECTED; received 2 response(s) [f535bb4a-cba0-4f9b-9e3e-e4a48b3eda51<-54aabb14-4a7d-4ab3-adbe-2e67760b87f4#0:FAIL-t849, f535bb4a-cba0-4f9b-9e3e-e4a48b3eda51<-c652e2ee-3322-4406-8db6-1ea643cb3197#0:FAIL-t849] and 0 exception(s); f535bb4a-cba0-4f9b-9e3e-e4a48b3eda51@group-7E32184879DE:t849, leader=null, voted=f535bb4a-cba0-4f9b-9e3e-e4a48b3eda51, raftlog=f535bb4a-cba0-4f9b-9e3e-e4a48b3eda51@group-7E32184879DE-SegmentedRaftLog:OPENED:c-1,f-1,i0, conf=-1: [f535bb4a-cba0-4f9b-9e3e-e4a48b3eda51:0.0.0.0:44706, 54aabb14-4a7d-4ab3-adbe-2e67760b87f4:0.0.0.0:43074, c652e2ee-3322-4406-8db6-1ea643cb3197:0.0.0.0:42129], old=null
2019-10-18 11:26:09,490 [f535bb4a-cba0-4f9b-9e3e-e4a48b3eda51@group-7E32184879DE-LeaderElection726] INFO  impl.RaftServerImpl (RaftServerImpl.java:setRole(184)) - f535bb4a-cba0-4f9b-9e3e-e4a48b3eda51@group-7E32184879DE: changes role from CANDIDATE to FOLLOWER at term 849 for DISCOVERED_A_NEW_TERM
2019-10-18 11:26:09,491 [f535bb4a-cba0-4f9b-9e3e-e4a48b3eda51@group-7E32184879DE-LeaderElection726] INFO  impl.RoleInfo (RoleInfo.java:shutdownLeaderElection(134)) - f535bb4a-cba0-4f9b-9e3e-e4a48b3eda51: shutdown LeaderElection
2019-10-18 11:26:09,491 [f535bb4a-cba0-4f9b-9e3e-e4a48b3eda51@group-7E32184879DE-LeaderElection726] INFO  impl.RoleInfo (RoleInfo.java:updateAndGet(143)) - f535bb4a-cba0-4f9b-9e3e-e4a48b3eda51: start FollowerState
2019-10-18 11:26:09,572 [Thread-5115] INFO  impl.FollowerState (FollowerState.java:run(108)) - f535bb4a-cba0-4f9b-9e3e-e4a48b3eda51@group-7E32184879DE-FollowerState: change to CANDIDATE, lastRpcTime:81ms, electionTimeout:81ms
2019-10-18 11:26:09,572 [Thread-5115] INFO  impl.RoleInfo (RoleInfo.java:shutdownFollowerState(121)) - f535bb4a-cba0-4f9b-9e3e-e4a48b3eda51: shutdown FollowerState
2019-10-18 11:26:09,572 [Thread-5115] INFO  impl.RaftServerImpl (RaftServerImpl.java:setRole(184)) - f535bb4a-cba0-4f9b-9e3e-e4a48b3eda51@group-7E32184879DE: changes role from  FOLLOWER to CANDIDATE at term 849 for changeToCandidate
2019-10-18 11:26:09,572 [Thread-5115] INFO  impl.RoleInfo (RoleInfo.java:updateAndGet(143)) - f535bb4a-cba0-4f9b-9e3e-e4a48b3eda51: start LeaderElection
2019-10-18 11:26:09,598 [f535bb4a-cba0-4f9b-9e3e-e4a48b3eda51@group-7E32184879DE-LeaderElection727] INFO  impl.LeaderElection (LeaderElection.java:askForVotes(178)) - f535bb4a-cba0-4f9b-9e3e-e4a48b3eda51@group-7E32184879DE-LeaderElection727: begin an election at term 850 for -1: [f535bb4a-cba0-4f9b-9e3e-e4a48b3eda51:0.0.0.0:44706, 54aabb14-4a7d-4ab3-adbe-2e67760b87f4:0.0.0.0:43074, c652e2ee-3322-4406-8db6-1ea643cb3197:0.0.0.0:42129], old=null
2019-10-18 11:26:09,600 [grpc-default-executor-3] INFO  impl.RaftServerImpl (RaftServerImpl.java:setRole(184)) - 54aabb14-4a7d-4ab3-adbe-2e67760b87f4@group-7E32184879DE: changes role from  FOLLOWER to FOLLOWER at term 850 for recognizeCandidate:f535bb4a-cba0-4f9b-9e3e-e4a48b3eda51
2019-10-18 11:26:09,600 [grpc-default-executor-3] INFO  impl.RoleInfo (RoleInfo.java:shutdownFollowerState(121)) - 54aabb14-4a7d-4ab3-adbe-2e67760b87f4: shutdown FollowerState
2019-10-18 11:26:09,601 [grpc-default-executor-3] INFO  impl.RoleInfo (RoleInfo.java:updateAndGet(143)) - 54aabb14-4a7d-4ab3-adbe-2e67760b87f4: start FollowerState
2019-10-18 11:26:09,601 [Thread-5113] INFO  impl.FollowerState (FollowerState.java:run(117)) - 54aabb14-4a7d-4ab3-adbe-2e67760b87f4@group-7E32184879DE-FollowerState was interrupted: java.lang.InterruptedException: sleep interrupted
2019-10-18 11:26:09,601 [grpc-default-executor-1] INFO  impl.RaftServerImpl (RaftServerImpl.java:setRole(184)) - c652e2ee-3322-4406-8db6-1ea643cb3197@group-7E32184879DE: changes role from  FOLLOWER to FOLLOWER at term 850 for recognizeCandidate:f535bb4a-cba0-4f9b-9e3e-e4a48b3eda51
2019-10-18 11:26:09,601 [grpc-default-executor-1] INFO  impl.RoleInfo (RoleInfo.java:shutdownFollowerState(121)) - c652e2ee-3322-4406-8db6-1ea643cb3197: shutdown FollowerState
2019-10-18 11:26:09,601 [grpc-default-executor-1] INFO  impl.RoleInfo (RoleInfo.java:updateAndGet(143)) - c652e2ee-3322-4406-8db6-1ea643cb3197: start FollowerState
2019-10-18 11:26:09,601 [Thread-5114] INFO  impl.FollowerState (FollowerState.java:run(117)) - c652e2ee-3322-4406-8db6-1ea643cb3197@group-7E32184879DE-FollowerState was interrupted: java.lang.InterruptedException: sleep interrupted
2019-10-18 11:26:09,624 [f535bb4a-cba0-4f9b-9e3e-e4a48b3eda51@group-7E32184879DE-LeaderElection727] INFO  impl.LeaderElection (LeaderElection.java:logAndReturn(56)) - f535bb4a-cba0-4f9b-9e3e-e4a48b3eda51@group-7E32184879DE-LeaderElection727: Election REJECTED; received 2 response(s) [f535bb4a-cba0-4f9b-9e3e-e4a48b3eda51<-54aabb14-4a7d-4ab3-adbe-2e67760b87f4#0:FAIL-t850, f535bb4a-cba0-4f9b-9e3e-e4a48b3eda51<-c652e2ee-3322-4406-8db6-1ea643cb3197#0:FAIL-t850] and 0 exception(s); f535bb4a-cba0-4f9b-9e3e-e4a48b3eda51@group-7E32184879DE:t850, leader=null, voted=f535bb4a-cba0-4f9b-9e3e-e4a48b3eda51, raftlog=f535bb4a-cba0-4f9b-9e3e-e4a48b3eda51@group-7E32184879DE-SegmentedRaftLog:OPENED:c-1,f-1,i0, conf=-1: [f535bb4a-cba0-4f9b-9e3e-e4a48b3eda51:0.0.0.0:44706, 54aabb14-4a7d-4ab3-adbe-2e67760b87f4:0.0.0.0:43074, c652e2ee-3322-4406-8db6-1ea643cb3197:0.0.0.0:42129], old=null
2019-10-18 11:26:09,624 [f535bb4a-cba0-4f9b-9e3e-e4a48b3eda51@group-7E32184879DE-LeaderElection727] INFO  impl.RaftServerImpl (RaftServerImpl.java:setRole(184)) - f535bb4a-cba0-4f9b-9e3e-e4a48b3eda51@group-7E32184879DE: changes role from CANDIDATE to FOLLOWER at term 850 for DISCOVERED_A_NEW_TERM
2019-10-18 11:26:09,625 [f535bb4a-cba0-4f9b-9e3e-e4a48b3eda51@group-7E32184879DE-LeaderElection727] INFO  impl.RoleInfo (RoleInfo.java:shutdownLeaderElection(134)) - f535bb4a-cba0-4f9b-9e3e-e4a48b3eda51: shutdown LeaderElection
2019-10-18 11:26:09,625 [f535bb4a-cba0-4f9b-9e3e-e4a48b3eda51@group-7E32184879DE-LeaderElection727] INFO  impl.RoleInfo (RoleInfo.java:updateAndGet(143)) - f535bb4a-cba0-4f9b-9e3e-e4a48b3eda51: start FollowerState
2019-10-18 11:26:09,785 [Thread-5121] INFO  impl.FollowerState (FollowerState.java:run(108)) - f535bb4a-cba0-4f9b-9e3e-e4a48b3eda51@group-7E32184879DE-FollowerState: change to CANDIDATE, lastRpcTime:160ms, electionTimeout:160ms
2019-10-18 11:26:09,785 [Thread-5121] INFO  impl.RoleInfo (RoleInfo.java:shutdownFollowerState(121)) - f535bb4a-cba0-4f9b-9e3e-e4a48b3eda51: shutdown FollowerState
2019-10-18 11:26:09,785 [Thread-5121] INFO  impl.RaftServerImpl (RaftServerImpl.java:setRole(184)) - f535bb4a-cba0-4f9b-9e3e-e4a48b3eda51@group-7E32184879DE: changes role from  FOLLOWER to CANDIDATE at term 850 for changeToCandidate
2019-10-18 11:26:09,786 [Thread-5121] INFO  impl.RoleInfo (RoleInfo.java:updateAndGet(143)) - f535bb4a-cba0-4f9b-9e3e-e4a48b3eda51: start LeaderElection
2019-10-18 11:26:09,816 [f535bb4a-cba0-4f9b-9e3e-e4a48b3eda51@group-7E32184879DE-LeaderElection728] INFO  impl.LeaderElection (LeaderElection.java:askForVotes(178)) - f535bb4a-cba0-4f9b-9e3e-e4a48b3eda51@group-7E32184879DE-LeaderElection728: begin an election at term 851 for -1: [f535bb4a-cba0-4f9b-9e3e-e4a48b3eda51:0.0.0.0:44706, 54aabb14-4a7d-4ab3-adbe-2e67760b87f4:0.0.0.0:43074, c652e2ee-3322-4406-8db6-1ea643cb3197:0.0.0.0:42129], old=null
2019-10-18 11:26:09,817 [grpc-default-executor-1] INFO  impl.RaftServerImpl (RaftServerImpl.java:setRole(184)) - c652e2ee-3322-4406-8db6-1ea643cb3197@group-7E32184879DE: changes role from  FOLLOWER to FOLLOWER at term 851 for recognizeCandidate:f535bb4a-cba0-4f9b-9e3e-e4a48b3eda51
2019-10-18 11:26:09,818 [grpc-default-executor-1] INFO  impl.RoleInfo (RoleInfo.java:shutdownFollowerState(121)) - c652e2ee-3322-4406-8db6-1ea643cb3197: shutdown FollowerState
2019-10-18 11:26:09,817 [grpc-default-executor-3] INFO  impl.RaftServerImpl (RaftServerImpl.java:setRole(184)) - 54aabb14-4a7d-4ab3-adbe-2e67760b87f4@group-7E32184879DE: changes role from  FOLLOWER to FOLLOWER at term 851 for recognizeCandidate:f535bb4a-cba0-4f9b-9e3e-e4a48b3eda51
2019-10-18 11:26:09,818 [grpc-default-executor-3] INFO  impl.RoleInfo (RoleInfo.java:shutdownFollowerState(121)) - 54aabb14-4a7d-4ab3-adbe-2e67760b87f4: shutdown FollowerState
2019-10-18 11:26:09,818 [Thread-5120] INFO  impl.FollowerState (FollowerState.java:run(117)) - c652e2ee-3322-4406-8db6-1ea643cb3197@group-7E32184879DE-FollowerState was interrupted: java.lang.InterruptedException: sleep interrupted
2019-10-18 11:26:09,818 [grpc-default-executor-1] INFO  impl.RoleInfo (RoleInfo.java:updateAndGet(143)) - c652e2ee-3322-4406-8db6-1ea643cb3197: start FollowerState
2019-10-18 11:26:09,818 [Thread-5119] INFO  impl.FollowerState (FollowerState.java:run(117)) - 54aabb14-4a7d-4ab3-adbe-2e67760b87f4@group-7E32184879DE-FollowerState was interrupted: java.lang.InterruptedException: sleep interrupted
2019-10-18 11:26:09,818 [grpc-default-executor-3] INFO  impl.RoleInfo (RoleInfo.java:updateAndGet(143)) - 54aabb14-4a7d-4ab3-adbe-2e67760b87f4: start FollowerState
2019-10-18 11:26:09,842 [f535bb4a-cba0-4f9b-9e3e-e4a48b3eda51@group-7E32184879DE-LeaderElection728] INFO  impl.LeaderElection (LeaderElection.java:logAndReturn(56)) - f535bb4a-cba0-4f9b-9e3e-e4a48b3eda51@group-7E32184879DE-LeaderElection728: Election REJECTED; received 2 response(s) [f535bb4a-cba0-4f9b-9e3e-e4a48b3eda51<-54aabb14-4a7d-4ab3-adbe-2e67760b87f4#0:FAIL-t851, f535bb4a-cba0-4f9b-9e3e-e4a48b3eda51<-c652e2ee-3322-4406-8db6-1ea643cb3197#0:FAIL-t851] and 0 exception(s); f535bb4a-cba0-4f9b-9e3e-e4a48b3eda51@group-7E32184879DE:t851, leader=null, voted=f535bb4a-cba0-4f9b-9e3e-e4a48b3eda51, raftlog=f535bb4a-cba0-4f9b-9e3e-e4a48b3eda51@group-7E32184879DE-SegmentedRaftLog:OPENED:c-1,f-1,i0, conf=-1: [f535bb4a-cba0-4f9b-9e3e-e4a48b3eda51:0.0.0.0:44706, 54aabb14-4a7d-4ab3-adbe-2e67760b87f4:0.0.0.0:43074, c652e2ee-3322-4406-8db6-1ea643cb3197:0.0.0.0:42129], old=null
2019-10-18 11:26:09,842 [f535bb4a-cba0-4f9b-9e3e-e4a48b3eda51@group-7E32184879DE-LeaderElection728] INFO  impl.RaftServerImpl (RaftServerImpl.java:setRole(184)) - f535bb4a-cba0-4f9b-9e3e-e4a48b3eda51@group-7E32184879DE: changes role from CANDIDATE to FOLLOWER at term 851 for DISCOVERED_A_NEW_TERM
2019-10-18 11:26:09,842 [f535bb4a-cba0-4f9b-9e3e-e4a48b3eda51@group-7E32184879DE-LeaderElection728] INFO  impl.RoleInfo (RoleInfo.java:shutdownLeaderElection(134)) - f535bb4a-cba0-4f9b-9e3e-e4a48b3eda51: shutdown LeaderElection
2019-10-18 11:26:09,842 [f535bb4a-cba0-4f9b-9e3e-e4a48b3eda51@group-7E32184879DE-LeaderElection728] INFO  impl.RoleInfo (RoleInfo.java:updateAndGet(143)) - f535bb4a-cba0-4f9b-9e3e-e4a48b3eda51: start FollowerState
2019-10-18 11:26:09,923 [Thread-5127] INFO  impl.FollowerState (FollowerState.java:run(108)) - f535bb4a-cba0-4f9b-9e3e-e4a48b3eda51@group-7E32184879DE-FollowerState: change to CANDIDATE, lastRpcTime:80ms, electionTimeout:80ms
2019-10-18 11:26:09,923 [Thread-5127] INFO  impl.RoleInfo (RoleInfo.java:shutdownFollowerState(121)) - f535bb4a-cba0-4f9b-9e3e-e4a48b3eda51: shutdown FollowerState
2019-10-18 11:26:09,923 [Thread-5127] INFO  impl.RaftServerImpl (RaftServerImpl.java:setRole(184)) - f535bb4a-cba0-4f9b-9e3e-e4a48b3eda51@group-7E32184879DE: changes role from  FOLLOWER to CANDIDATE at term 851 for changeToCandidate
2019-10-18 11:26:09,923 [Thread-5127] INFO  impl.RoleInfo (RoleInfo.java:updateAndGet(143)) - f535bb4a-cba0-4f9b-9e3e-e4a48b3eda51: start LeaderElection
2019-10-18 11:26:09,947 [f535bb4a-cba0-4f9b-9e3e-e4a48b3eda51@group-7E32184879DE-LeaderElection729] INFO  impl.LeaderElection (LeaderElection.java:askForVotes(178)) - f535bb4a-cba0-4f9b-9e3e-e4a48b3eda51@group-7E32184879DE-LeaderElection729: begin an election at term 852 for -1: [f535bb4a-cba0-4f9b-9e3e-e4a48b3eda51:0.0.0.0:44706, 54aabb14-4a7d-4ab3-adbe-2e67760b87f4:0.0.0.0:43074, c652e2ee-3322-4406-8db6-1ea643cb3197:0.0.0.0:42129], old=null
2019-10-18 11:26:09,949 [grpc-default-executor-3] INFO  impl.RaftServerImpl (RaftServerImpl.java:setRole(184)) - 54aabb14-4a7d-4ab3-adbe-2e67760b87f4@group-7E32184879DE: changes role from  FOLLOWER to FOLLOWER at term 852 for recognizeCandidate:f535bb4a-cba0-4f9b-9e3e-e4a48b3eda51
2019-10-18 11:26:09,950 [grpc-default-executor-3] INFO  impl.RoleInfo (RoleInfo.java:shutdownFollowerState(121)) - 54aabb14-4a7d-4ab3-adbe-2e67760b87f4: shutdown FollowerState
2019-10-18 11:26:09,950 [grpc-default-executor-3] INFO  impl.RoleInfo (RoleInfo.java:updateAndGet(143)) - 54aabb14-4a7d-4ab3-adbe-2e67760b87f4: start FollowerState
2019-10-18 11:26:09,950 [Thread-5126] INFO  impl.FollowerState (FollowerState.java:run(117)) - 54aabb14-4a7d-4ab3-adbe-2e67760b87f4@group-7E32184879DE-FollowerState was interrupted: java.lang.InterruptedException: sleep interrupted
2019-10-18 11:26:09,951 [grpc-default-executor-1] INFO  impl.RaftServerImpl (RaftServerImpl.java:setRole(184)) - c652e2ee-3322-4406-8db6-1ea643cb3197@group-7E32184879DE: changes role from  FOLLOWER to FOLLOWER at term 852 for recognizeCandidate:f535bb4a-cba0-4f9b-9e3e-e4a48b3eda51
2019-10-18 11:26:09,952 [grpc-default-executor-1] INFO  impl.RoleInfo (RoleInfo.java:shutdownFollowerState(121)) - c652e2ee-3322-4406-8db6-1ea643cb3197: shutdown FollowerState
2019-10-18 11:26:09,952 [grpc-default-executor-1] INFO  impl.RoleInfo (RoleInfo.java:updateAndGet(143)) - c652e2ee-3322-4406-8db6-1ea643cb3197: start FollowerState
2019-10-18 11:26:09,952 [Thread-5125] INFO  impl.FollowerState (FollowerState.java:run(117)) - c652e2ee-3322-4406-8db6-1ea643cb3197@group-7E32184879DE-FollowerState was interrupted: java.lang.InterruptedException: sleep interrupted
2019-10-18 11:26:09,958 [f535bb4a-cba0-4f9b-9e3e-e4a48b3eda51@group-7E32184879DE-LeaderElection729] INFO  impl.LeaderElection (LeaderElection.java:logAndReturn(56)) - f535bb4a-cba0-4f9b-9e3e-e4a48b3eda51@group-7E32184879DE-LeaderElection729: Election TIMEOUT; received 0 response(s) [] and 0 exception(s); f535bb4a-cba0-4f9b-9e3e-e4a48b3eda51@group-7E32184879DE:t852, leader=null, voted=f535bb4a-cba0-4f9b-9e3e-e4a48b3eda51, raftlog=f535bb4a-cba0-4f9b-9e3e-e4a48b3eda51@group-7E32184879DE-SegmentedRaftLog:OPENED:c-1,f-1,i0, conf=-1: [f535bb4a-cba0-4f9b-9e3e-e4a48b3eda51:0.0.0.0:44706, 54aabb14-4a7d-4ab3-adbe-2e67760b87f4:0.0.0.0:43074, c652e2ee-3322-4406-8db6-1ea643cb3197:0.0.0.0:42129], old=null
2019-10-18 11:26:09,974 [f535bb4a-cba0-4f9b-9e3e-e4a48b3eda51@group-7E32184879DE-LeaderElection729] INFO  impl.LeaderElection (LeaderElection.java:askForVotes(178)) - f535bb4a-cba0-4f9b-9e3e-e4a48b3eda51@group-7E32184879DE-LeaderElection729: begin an election at term 853 for -1: [f535bb4a-cba0-4f9b-9e3e-e4a48b3eda51:0.0.0.0:44706, 54aabb14-4a7d-4ab3-adbe-2e67760b87f4:0.0.0.0:43074, c652e2ee-3322-4406-8db6-1ea643cb3197:0.0.0.0:42129], old=null
2019-10-18 11:26:09,975 [grpc-default-executor-3] INFO  impl.RaftServerImpl (RaftServerImpl.java:setRole(184)) - c652e2ee-3322-4406-8db6-1ea643cb3197@group-7E32184879DE: changes role from  FOLLOWER to FOLLOWER at term 853 for recognizeCandidate:f535bb4a-cba0-4f9b-9e3e-e4a48b3eda51
2019-10-18 11:26:09,975 [grpc-default-executor-3] INFO  impl.RoleInfo (RoleInfo.java:shutdownFollowerState(121)) - c652e2ee-3322-4406-8db6-1ea643cb3197: shutdown FollowerState
2019-10-18 11:26:09,975 [grpc-default-executor-3] INFO  impl.RoleInfo (RoleInfo.java:updateAndGet(143)) - c652e2ee-3322-4406-8db6-1ea643cb3197: start FollowerState
2019-10-18 11:26:09,975 [Thread-5134] INFO  impl.FollowerState (FollowerState.java:run(117)) - c652e2ee-3322-4406-8db6-1ea643cb3197@group-7E32184879DE-FollowerState was interrupted: java.lang.InterruptedException: sleep interrupted
2019-10-18 11:26:09,976 [grpc-default-executor-1] INFO  impl.RaftServerImpl (RaftServerImpl.java:setRole(184)) - 54aabb14-4a7d-4ab3-adbe-2e67760b87f4@group-7E32184879DE: changes role from  FOLLOWER to FOLLOWER at term 853 for recognizeCandidate:f535bb4a-cba0-4f9b-9e3e-e4a48b3eda51
2019-10-18 11:26:09,976 [grpc-default-executor-1] INFO  impl.RoleInfo (RoleInfo.java:shutdownFollowerState(121)) - 54aabb14-4a7d-4ab3-adbe-2e67760b87f4: shutdown FollowerState
2019-10-18 11:26:09,976 [grpc-default-executor-1] INFO  impl.RoleInfo (RoleInfo.java:updateAndGet(143)) - 54aabb14-4a7d-4ab3-adbe-2e67760b87f4: start FollowerState
2019-10-18 11:26:09,976 [Thread-5133] INFO  impl.FollowerState (FollowerState.java:run(117)) - 54aabb14-4a7d-4ab3-adbe-2e67760b87f4@group-7E32184879DE-FollowerState was interrupted: java.lang.InterruptedException: sleep interrupted
2019-10-18 11:26:10,000 [f535bb4a-cba0-4f9b-9e3e-e4a48b3eda51@group-7E32184879DE-LeaderElection729] INFO  impl.LeaderElection (LeaderElection.java:logAndReturn(56)) - f535bb4a-cba0-4f9b-9e3e-e4a48b3eda51@group-7E32184879DE-LeaderElection729: Election REJECTED; received 2 response(s) [f535bb4a-cba0-4f9b-9e3e-e4a48b3eda51<-54aabb14-4a7d-4ab3-adbe-2e67760b87f4#0:FAIL-t853, f535bb4a-cba0-4f9b-9e3e-e4a48b3eda51<-c652e2ee-3322-4406-8db6-1ea643cb3197#0:FAIL-t853] and 0 exception(s); f535bb4a-cba0-4f9b-9e3e-e4a48b3eda51@group-7E32184879DE:t853, leader=null, voted=f535bb4a-cba0-4f9b-9e3e-e4a48b3eda51, raftlog=f535bb4a-cba0-4f9b-9e3e-e4a48b3eda51@group-7E32184879DE-SegmentedRaftLog:OPENED:c-1,f-1,i0, conf=-1: [f535bb4a-cba0-4f9b-9e3e-e4a48b3eda51:0.0.0.0:44706, 54aabb14-4a7d-4ab3-adbe-2e67760b87f4:0.0.0.0:43074, c652e2ee-3322-4406-8db6-1ea643cb3197:0.0.0.0:42129], old=null
2019-10-18 11:26:10,000 [f535bb4a-cba0-4f9b-9e3e-e4a48b3eda51@group-7E32184879DE-LeaderElection729] INFO  impl.RaftServerImpl (RaftServerImpl.java:setRole(184)) - f535bb4a-cba0-4f9b-9e3e-e4a48b3eda51@group-7E32184879DE: changes role from CANDIDATE to FOLLOWER at term 853 for DISCOVERED_A_NEW_TERM
2019-10-18 11:26:10,000 [f535bb4a-cba0-4f9b-9e3e-e4a48b3eda51@group-7E32184879DE-LeaderElection729] INFO  impl.RoleInfo (RoleInfo.java:shutdownLeaderElection(134)) - f535bb4a-cba0-4f9b-9e3e-e4a48b3eda51: shutdown LeaderElection
2019-10-18 11:26:10,000 [f535bb4a-cba0-4f9b-9e3e-e4a48b3eda51@group-7E32184879DE-LeaderElection729] INFO  impl.RoleInfo (RoleInfo.java:updateAndGet(143)) - f535bb4a-cba0-4f9b-9e3e-e4a48b3eda51: start FollowerState
2019-10-18 11:26:10,087 [Thread-5139] INFO  impl.FollowerState (FollowerState.java:run(108)) - f535bb4a-cba0-4f9b-9e3e-e4a48b3eda51@group-7E32184879DE-FollowerState: change to CANDIDATE, lastRpcTime:86ms, electionTimeout:86ms
2019-10-18 11:26:10,087 [Thread-5139] INFO  impl.RoleInfo (RoleInfo.java:shutdownFollowerState(121)) - f535bb4a-cba0-4f9b-9e3e-e4a48b3eda51: shutdown FollowerState
2019-10-18 11:26:10,087 [Thread-5139] INFO  impl.RaftServerImpl (RaftServerImpl.java:setRole(184)) - f535bb4a-cba0-4f9b-9e3e-e4a48b3eda51@group-7E32184879DE: changes role from  FOLLOWER to CANDIDATE at term 853 for changeToCandidate
2019-10-18 11:26:10,087 [Thread-5139] INFO  impl.RoleInfo (RoleInfo.java:updateAndGet(143)) - f535bb4a-cba0-4f9b-9e3e-e4a48b3eda51: start LeaderElection
2019-10-18 11:26:10,110 [f535bb4a-cba0-4f9b-9e3e-e4a48b3eda51@group-7E32184879DE-LeaderElection730] INFO  impl.LeaderElection (LeaderElection.java:askForVotes(178)) - f535bb4a-cba0-4f9b-9e3e-e4a48b3eda51@group-7E32184879DE-LeaderElection730: begin an election at term 854 for -1: [f535bb4a-cba0-4f9b-9e3e-e4a48b3eda51:0.0.0.0:44706, 54aabb14-4a7d-4ab3-adbe-2e67760b87f4:0.0.0.0:43074, c652e2ee-3322-4406-8db6-1ea643cb3197:0.0.0.0:42129], old=null
2019-10-18 11:26:10,112 [grpc-default-executor-3] INFO  impl.RaftServerImpl (RaftServerImpl.java:setRole(184)) - 54aabb14-4a7d-4ab3-adbe-2e67760b87f4@group-7E32184879DE: changes role from  FOLLOWER to FOLLOWER at term 854 for recognizeCandidate:f535bb4a-cba0-4f9b-9e3e-e4a48b3eda51
2019-10-18 11:26:10,112 [grpc-default-executor-3] INFO  impl.RoleInfo (RoleInfo.java:shutdownFollowerState(121)) - 54aabb14-4a7d-4ab3-adbe-2e67760b87f4: shutdown FollowerState
2019-10-18 11:26:10,112 [grpc-default-executor-1] INFO  impl.RaftServerImpl (RaftServerImpl.java:setRole(184)) - c652e2ee-3322-4406-8db6-1ea643cb3197@group-7E32184879DE: changes role from  FOLLOWER to FOLLOWER at term 854 for recognizeCandidate:f535bb4a-cba0-4f9b-9e3e-e4a48b3eda51
2019-10-18 11:26:10,112 [grpc-default-executor-1] INFO  impl.RoleInfo (RoleInfo.java:shutdownFollowerState(121)) - c652e2ee-3322-4406-8db6-1ea643cb3197: shutdown FollowerState
2019-10-18 11:26:10,112 [Thread-5138] INFO  impl.FollowerState (FollowerState.java:run(117)) - 54aabb14-4a7d-4ab3-adbe-2e67760b87f4@group-7E32184879DE-FollowerState was interrupted: java.lang.InterruptedException: sleep interrupted
2019-10-18 11:26:10,112 [grpc-default-executor-3] INFO  impl.RoleInfo (RoleInfo.java:updateAndGet(143)) - 54aabb14-4a7d-4ab3-adbe-2e67760b87f4: start FollowerState
2019-10-18 11:26:10,113 [Thread-5137] INFO  impl.FollowerState (FollowerState.java:run(117)) - c652e2ee-3322-4406-8db6-1ea643cb3197@group-7E32184879DE-FollowerState was interrupted: java.lang.InterruptedException: sleep interrupted
2019-10-18 11:26:10,113 [grpc-default-executor-1] INFO  impl.RoleInfo (RoleInfo.java:updateAndGet(143)) - c652e2ee-3322-4406-8db6-1ea643cb3197: start FollowerState
2019-10-18 11:26:10,130 [f535bb4a-cba0-4f9b-9e3e-e4a48b3eda51@group-7E32184879DE-LeaderElection730] INFO  impl.LeaderElection (LeaderElection.java:logAndReturn(56)) - f535bb4a-cba0-4f9b-9e3e-e4a48b3eda51@group-7E32184879DE-LeaderElection730: Election REJECTED; received 2 response(s) [f535bb4a-cba0-4f9b-9e3e-e4a48b3eda51<-54aabb14-4a7d-4ab3-adbe-2e67760b87f4#0:FAIL-t854, f535bb4a-cba0-4f9b-9e3e-e4a48b3eda51<-c652e2ee-3322-4406-8db6-1ea643cb3197#0:FAIL-t854] and 0 exception(s); f535bb4a-cba0-4f9b-9e3e-e4a48b3eda51@group-7E32184879DE:t854, leader=null, voted=f535bb4a-cba0-4f9b-9e3e-e4a48b3eda51, raftlog=f535bb4a-cba0-4f9b-9e3e-e4a48b3eda51@group-7E32184879DE-SegmentedRaftLog:OPENED:c-1,f-1,i0, conf=-1: [f535bb4a-cba0-4f9b-9e3e-e4a48b3eda51:0.0.0.0:44706, 54aabb14-4a7d-4ab3-adbe-2e67760b87f4:0.0.0.0:43074, c652e2ee-3322-4406-8db6-1ea643cb3197:0.0.0.0:42129], old=null
2019-10-18 11:26:10,130 [f535bb4a-cba0-4f9b-9e3e-e4a48b3eda51@group-7E32184879DE-LeaderElection730] INFO  impl.RaftServerImpl (RaftServerImpl.java:setRole(184)) - f535bb4a-cba0-4f9b-9e3e-e4a48b3eda51@group-7E32184879DE: changes role from CANDIDATE to FOLLOWER at term 854 for DISCOVERED_A_NEW_TERM
2019-10-18 11:26:10,130 [f535bb4a-cba0-4f9b-9e3e-e4a48b3eda51@group-7E32184879DE-LeaderElection730] INFO  impl.RoleInfo (RoleInfo.java:shutdownLeaderElection(134)) - f535bb4a-cba0-4f9b-9e3e-e4a48b3eda51: shutdown LeaderElection
2019-10-18 11:26:10,130 [f535bb4a-cba0-4f9b-9e3e-e4a48b3eda51@group-7E32184879DE-LeaderElection730] INFO  impl.RoleInfo (RoleInfo.java:updateAndGet(143)) - f535bb4a-cba0-4f9b-9e3e-e4a48b3eda51: start FollowerState
2019-10-18 11:26:10,131 [Thread-5145] INFO  impl.FollowerState (FollowerState.java:run(108)) - f535bb4a-cba0-4f9b-9e3e-e4a48b3eda51@group-7E32184879DE-FollowerState: change to CANDIDATE, lastRpcTime:0ms, electionTimeout:0ms
2019-10-18 11:26:10,132 [Thread-5145] INFO  impl.RoleInfo (RoleInfo.java:shutdownFollowerState(121)) - f535bb4a-cba0-4f9b-9e3e-e4a48b3eda51: shutdown FollowerState
2019-10-18 11:26:10,132 [Thread-5145] INFO  impl.RaftServerImpl (RaftServerImpl.java:setRole(184)) - f535bb4a-cba0-4f9b-9e3e-e4a48b3eda51@group-7E32184879DE: changes role from  FOLLOWER to CANDIDATE at term 854 for changeToCandidate
2019-10-18 11:26:10,132 [Thread-5145] INFO  impl.RoleInfo (RoleInfo.java:updateAndGet(143)) - f535bb4a-cba0-4f9b-9e3e-e4a48b3eda51: start LeaderElection
2019-10-18 11:26:10,156 [f535bb4a-cba0-4f9b-9e3e-e4a48b3eda51@group-7E32184879DE-LeaderElection731] INFO  impl.LeaderElection (LeaderElection.java:askForVotes(178)) - f535bb4a-cba0-4f9b-9e3e-e4a48b3eda51@group-7E32184879DE-LeaderElection731: begin an election at term 855 for -1: [f535bb4a-cba0-4f9b-9e3e-e4a48b3eda51:0.0.0.0:44706, 54aabb14-4a7d-4ab3-adbe-2e67760b87f4:0.0.0.0:43074, c652e2ee-3322-4406-8db6-1ea643cb3197:0.0.0.0:42129], old=null
2019-10-18 11:26:10,157 [grpc-default-executor-1] INFO  impl.RaftServerImpl (RaftServerImpl.java:setRole(184)) - c652e2ee-3322-4406-8db6-1ea643cb3197@group-7E32184879DE: changes role from  FOLLOWER to FOLLOWER at term 855 for recognizeCandidate:f535bb4a-cba0-4f9b-9e3e-e4a48b3eda51
2019-10-18 11:26:10,157 [grpc-default-executor-3] INFO  impl.RaftServerImpl (RaftServerImpl.java:setRole(184)) - 54aabb14-4a7d-4ab3-adbe-2e67760b87f4@group-7E32184879DE: changes role from  FOLLOWER to FOLLOWER at term 855 for recognizeCandidate:f535bb4a-cba0-4f9b-9e3e-e4a48b3eda51
2019-10-18 11:26:10,158 [grpc-default-executor-3] INFO  impl.RoleInfo (RoleInfo.java:shutdownFollowerState(121)) - 54aabb14-4a7d-4ab3-adbe-2e67760b87f4: shutdown FollowerState
2019-10-18 11:26:10,157 [grpc-default-executor-1] INFO  impl.RoleInfo (RoleInfo.java:shutdownFollowerState(121)) - c652e2ee-3322-4406-8db6-1ea643cb3197: shutdown FollowerState
2019-10-18 11:26:10,158 [Thread-5143] INFO  impl.FollowerState (FollowerState.java:run(117)) - 54aabb14-4a7d-4ab3-adbe-2e67760b87f4@group-7E32184879DE-FollowerState was interrupted: java.lang.InterruptedException: sleep interrupted
2019-10-18 11:26:10,158 [Thread-5144] INFO  impl.FollowerState (FollowerState.java:run(117)) - c652e2ee-3322-4406-8db6-1ea643cb3197@group-7E32184879DE-FollowerState was interrupted: java.lang.InterruptedException: sleep interrupted
2019-10-18 11:26:10,158 [grpc-default-executor-3] INFO  impl.RoleInfo (RoleInfo.java:updateAndGet(143)) - 54aabb14-4a7d-4ab3-adbe-2e67760b87f4: start FollowerState
2019-10-18 11:26:10,158 [grpc-default-executor-1] INFO  impl.RoleInfo (RoleInfo.java:updateAndGet(143)) - c652e2ee-3322-4406-8db6-1ea643cb3197: start FollowerState
2019-10-18 11:26:10,182 [f535bb4a-cba0-4f9b-9e3e-e4a48b3eda51@group-7E32184879DE-LeaderElection731] INFO  impl.LeaderElection (LeaderElection.java:logAndReturn(56)) - f535bb4a-cba0-4f9b-9e3e-e4a48b3eda51@group-7E32184879DE-LeaderElection731: Election REJECTED; received 2 response(s) [f535bb4a-cba0-4f9b-9e3e-e4a48b3eda51<-54aabb14-4a7d-4ab3-adbe-2e67760b87f4#0:FAIL-t855, f535bb4a-cba0-4f9b-9e3e-e4a48b3eda51<-c652e2ee-3322-4406-8db6-1ea643cb3197#0:FAIL-t855] and 0 exception(s); f535bb4a-cba0-4f9b-9e3e-e4a48b3eda51@group-7E32184879DE:t855, leader=null, voted=f535bb4a-cba0-4f9b-9e3e-e4a48b3eda51, raftlog=f535bb4a-cba0-4f9b-9e3e-e4a48b3eda51@group-7E32184879DE-SegmentedRaftLog:OPENED:c-1,f-1,i0, conf=-1: [f535bb4a-cba0-4f9b-9e3e-e4a48b3eda51:0.0.0.0:44706, 54aabb14-4a7d-4ab3-adbe-2e67760b87f4:0.0.0.0:43074, c652e2ee-3322-4406-8db6-1ea643cb3197:0.0.0.0:42129], old=null
2019-10-18 11:26:10,182 [f535bb4a-cba0-4f9b-9e3e-e4a48b3eda51@group-7E32184879DE-LeaderElection731] INFO  impl.RaftServerImpl (RaftServerImpl.java:setRole(184)) - f535bb4a-cba0-4f9b-9e3e-e4a48b3eda51@group-7E32184879DE: changes role from CANDIDATE to FOLLOWER at term 855 for DISCOVERED_A_NEW_TERM
2019-10-18 11:26:10,182 [f535bb4a-cba0-4f9b-9e3e-e4a48b3eda51@group-7E32184879DE-LeaderElection731] INFO  impl.RoleInfo (RoleInfo.java:shutdownLeaderElection(134)) - f535bb4a-cba0-4f9b-9e3e-e4a48b3eda51: shutdown LeaderElection
2019-10-18 11:26:10,182 [f535bb4a-cba0-4f9b-9e3e-e4a48b3eda51@group-7E32184879DE-LeaderElection731] INFO  impl.RoleInfo (RoleInfo.java:updateAndGet(143)) - f535bb4a-cba0-4f9b-9e3e-e4a48b3eda51: start FollowerState
2019-10-18 11:26:10,317 [Thread-5151] INFO  impl.FollowerState (FollowerState.java:run(108)) - f535bb4a-cba0-4f9b-9e3e-e4a48b3eda51@group-7E32184879DE-FollowerState: change to CANDIDATE, lastRpcTime:135ms, electionTimeout:135ms
2019-10-18 11:26:10,317 [Thread-5151] INFO  impl.RoleInfo (RoleInfo.java:shutdownFollowerState(121)) - f535bb4a-cba0-4f9b-9e3e-e4a48b3eda51: shutdown FollowerState
2019-10-18 11:26:10,318 [Thread-5151] INFO  impl.RaftServerImpl (RaftServerImpl.java:setRole(184)) - f535bb4a-cba0-4f9b-9e3e-e4a48b3eda51@group-7E32184879DE: changes role from  FOLLOWER to CANDIDATE at term 855 for changeToCandidate
2019-10-18 11:26:10,318 [Thread-5151] INFO  impl.RoleInfo (RoleInfo.java:updateAndGet(143)) - f535bb4a-cba0-4f9b-9e3e-e4a48b3eda51: start LeaderElection
2019-10-18 11:26:10,345 [f535bb4a-cba0-4f9b-9e3e-e4a48b3eda51@group-7E32184879DE-LeaderElection732] INFO  impl.LeaderElection (LeaderElection.java:askForVotes(178)) - f535bb4a-cba0-4f9b-9e3e-e4a48b3eda51@group-7E32184879DE-LeaderElection732: begin an election at term 856 for -1: [f535bb4a-cba0-4f9b-9e3e-e4a48b3eda51:0.0.0.0:44706, 54aabb14-4a7d-4ab3-adbe-2e67760b87f4:0.0.0.0:43074, c652e2ee-3322-4406-8db6-1ea643cb3197:0.0.0.0:42129], old=null
2019-10-18 11:26:10,347 [grpc-default-executor-3] INFO  impl.RaftServerImpl (RaftServerImpl.java:setRole(184)) - c652e2ee-3322-4406-8db6-1ea643cb3197@group-7E32184879DE: changes role from  FOLLOWER to FOLLOWER at term 856 for recognizeCandidate:f535bb4a-cba0-4f9b-9e3e-e4a48b3eda51
2019-10-18 11:26:10,347 [grpc-default-executor-3] INFO  impl.RoleInfo (RoleInfo.java:shutdownFollowerState(121)) - c652e2ee-3322-4406-8db6-1ea643cb3197: shutdown FollowerState
2019-10-18 11:26:10,347 [grpc-default-executor-1] INFO  impl.RaftServerImpl (RaftServerImpl.java:setRole(184)) - 54aabb14-4a7d-4ab3-adbe-2e67760b87f4@group-7E32184879DE: changes role from  FOLLOWER to FOLLOWER at term 856 for recognizeCandidate:f535bb4a-cba0-4f9b-9e3e-e4a48b3eda51
2019-10-18 11:26:10,347 [grpc-default-executor-1] INFO  impl.RoleInfo (RoleInfo.java:shutdownFollowerState(121)) - 54aabb14-4a7d-4ab3-adbe-2e67760b87f4: shutdown FollowerState
2019-10-18 11:26:10,347 [grpc-default-executor-3] INFO  impl.RoleInfo (RoleInfo.java:updateAndGet(143)) - c652e2ee-3322-4406-8db6-1ea643cb3197: start FollowerState
2019-10-18 11:26:10,347 [grpc-default-executor-1] INFO  impl.RoleInfo (RoleInfo.java:updateAndGet(143)) - 54aabb14-4a7d-4ab3-adbe-2e67760b87f4: start FollowerState
2019-10-18 11:26:10,347 [Thread-5150] INFO  impl.FollowerState (FollowerState.java:run(117)) - c652e2ee-3322-4406-8db6-1ea643cb3197@group-7E32184879DE-FollowerState was interrupted: java.lang.InterruptedException: sleep interrupted
2019-10-18 11:26:10,347 [Thread-5149] INFO  impl.FollowerState (FollowerState.java:run(117)) - 54aabb14-4a7d-4ab3-adbe-2e67760b87f4@group-7E32184879DE-FollowerState was interrupted: java.lang.InterruptedException: sleep interrupted
2019-10-18 11:26:10,388 [f535bb4a-cba0-4f9b-9e3e-e4a48b3eda51@group-7E32184879DE-LeaderElection732] INFO  impl.LeaderElection (LeaderElection.java:logAndReturn(56)) - f535bb4a-cba0-4f9b-9e3e-e4a48b3eda51@group-7E32184879DE-LeaderElection732: Election REJECTED; received 2 response(s) [f535bb4a-cba0-4f9b-9e3e-e4a48b3eda51<-54aabb14-4a7d-4ab3-adbe-2e67760b87f4#0:FAIL-t856, f535bb4a-cba0-4f9b-9e3e-e4a48b3eda51<-c652e2ee-3322-4406-8db6-1ea643cb3197#0:FAIL-t856] and 0 exception(s); f535bb4a-cba0-4f9b-9e3e-e4a48b3eda51@group-7E32184879DE:t856, leader=null, voted=f535bb4a-cba0-4f9b-9e3e-e4a48b3eda51, raftlog=f535bb4a-cba0-4f9b-9e3e-e4a48b3eda51@group-7E32184879DE-SegmentedRaftLog:OPENED:c-1,f-1,i0, conf=-1: [f535bb4a-cba0-4f9b-9e3e-e4a48b3eda51:0.0.0.0:44706, 54aabb14-4a7d-4ab3-adbe-2e67760b87f4:0.0.0.0:43074, c652e2ee-3322-4406-8db6-1ea643cb3197:0.0.0.0:42129], old=null
2019-10-18 11:26:10,388 [f535bb4a-cba0-4f9b-9e3e-e4a48b3eda51@group-7E32184879DE-LeaderElection732] INFO  impl.RaftServerImpl (RaftServerImpl.java:setRole(184)) - f535bb4a-cba0-4f9b-9e3e-e4a48b3eda51@group-7E32184879DE: changes role from CANDIDATE to FOLLOWER at term 856 for DISCOVERED_A_NEW_TERM
2019-10-18 11:26:10,388 [f535bb4a-cba0-4f9b-9e3e-e4a48b3eda51@group-7E32184879DE-LeaderElection732] INFO  impl.RoleInfo (RoleInfo.java:shutdownLeaderElection(134)) - f535bb4a-cba0-4f9b-9e3e-e4a48b3eda51: shutdown LeaderElection
2019-10-18 11:26:10,388 [f535bb4a-cba0-4f9b-9e3e-e4a48b3eda51@group-7E32184879DE-LeaderElection732] INFO  impl.RoleInfo (RoleInfo.java:updateAndGet(143)) - f535bb4a-cba0-4f9b-9e3e-e4a48b3eda51: start FollowerState
2019-10-18 11:26:10,521 [Thread-5157] INFO  impl.FollowerState (FollowerState.java:run(108)) - f535bb4a-cba0-4f9b-9e3e-e4a48b3eda51@group-7E32184879DE-FollowerState: change to CANDIDATE, lastRpcTime:133ms, electionTimeout:133ms
2019-10-18 11:26:10,522 [Thread-5157] INFO  impl.RoleInfo (RoleInfo.java:shutdownFollowerState(121)) - f535bb4a-cba0-4f9b-9e3e-e4a48b3eda51: shutdown FollowerState
2019-10-18 11:26:10,522 [Thread-5157] INFO  impl.RaftServerImpl (RaftServerImpl.java:setRole(184)) - f535bb4a-cba0-4f9b-9e3e-e4a48b3eda51@group-7E32184879DE: changes role from  FOLLOWER to CANDIDATE at term 856 for changeToCandidate
2019-10-18 11:26:10,522 [Thread-5157] INFO  impl.RoleInfo (RoleInfo.java:updateAndGet(143)) - f535bb4a-cba0-4f9b-9e3e-e4a48b3eda51: start LeaderElection
2019-10-18 11:26:10,546 [f535bb4a-cba0-4f9b-9e3e-e4a48b3eda51@group-7E32184879DE-LeaderElection733] INFO  impl.LeaderElection (LeaderElection.java:askForVotes(178)) - f535bb4a-cba0-4f9b-9e3e-e4a48b3eda51@group-7E32184879DE-LeaderElection733: begin an election at term 857 for -1: [f535bb4a-cba0-4f9b-9e3e-e4a48b3eda51:0.0.0.0:44706, 54aabb14-4a7d-4ab3-adbe-2e67760b87f4:0.0.0.0:43074, c652e2ee-3322-4406-8db6-1ea643cb3197:0.0.0.0:42129], old=null
2019-10-18 11:26:10,549 [grpc-default-executor-1] INFO  impl.RaftServerImpl (RaftServerImpl.java:setRole(184)) - 54aabb14-4a7d-4ab3-adbe-2e67760b87f4@group-7E32184879DE: changes role from  FOLLOWER to FOLLOWER at term 857 for recognizeCandidate:f535bb4a-cba0-4f9b-9e3e-e4a48b3eda51
2019-10-18 11:26:10,549 [grpc-default-executor-3] INFO  impl.RaftServerImpl (RaftServerImpl.java:setRole(184)) - c652e2ee-3322-4406-8db6-1ea643cb3197@group-7E32184879DE: changes role from  FOLLOWER to FOLLOWER at term 857 for recognizeCandidate:f535bb4a-cba0-4f9b-9e3e-e4a48b3eda51
2019-10-18 11:26:10,549 [grpc-default-executor-3] INFO  impl.RoleInfo (RoleInfo.java:shutdownFollowerState(121)) - c652e2ee-3322-4406-8db6-1ea643cb3197: shutdown FollowerState
2019-10-18 11:26:10,549 [grpc-default-executor-1] INFO  impl.RoleInfo (RoleInfo.java:shutdownFollowerState(121)) - 54aabb14-4a7d-4ab3-adbe-2e67760b87f4: shutdown FollowerState
2019-10-18 11:26:10,550 [Thread-5155] INFO  impl.FollowerState (FollowerState.java:run(117)) - c652e2ee-3322-4406-8db6-1ea643cb3197@group-7E32184879DE-FollowerState was interrupted: java.lang.InterruptedException: sleep interrupted
2019-10-18 11:26:10,550 [grpc-default-executor-3] INFO  impl.RoleInfo (RoleInfo.java:updateAndGet(143)) - c652e2ee-3322-4406-8db6-1ea643cb3197: start FollowerState
2019-10-18 11:26:10,550 [Thread-5156] INFO  impl.FollowerState (FollowerState.java:run(117)) - 54aabb14-4a7d-4ab3-adbe-2e67760b87f4@group-7E32184879DE-FollowerState was interrupted: java.lang.InterruptedException: sleep interrupted
2019-10-18 11:26:10,550 [grpc-default-executor-1] INFO  impl.RoleInfo (RoleInfo.java:updateAndGet(143)) - 54aabb14-4a7d-4ab3-adbe-2e67760b87f4: start FollowerState
2019-10-18 11:26:10,581 [f535bb4a-cba0-4f9b-9e3e-e4a48b3eda51@group-7E32184879DE-LeaderElection733] INFO  impl.LeaderElection (LeaderElection.java:logAndReturn(56)) - f535bb4a-cba0-4f9b-9e3e-e4a48b3eda51@group-7E32184879DE-LeaderElection733: Election REJECTED; received 2 response(s) [f535bb4a-cba0-4f9b-9e3e-e4a48b3eda51<-54aabb14-4a7d-4ab3-adbe-2e67760b87f4#0:FAIL-t857, f535bb4a-cba0-4f9b-9e3e-e4a48b3eda51<-c652e2ee-3322-4406-8db6-1ea643cb3197#0:FAIL-t857] and 0 exception(s); f535bb4a-cba0-4f9b-9e3e-e4a48b3eda51@group-7E32184879DE:t857, leader=null, voted=f535bb4a-cba0-4f9b-9e3e-e4a48b3eda51, raftlog=f535bb4a-cba0-4f9b-9e3e-e4a48b3eda51@group-7E32184879DE-SegmentedRaftLog:OPENED:c-1,f-1,i0, conf=-1: [f535bb4a-cba0-4f9b-9e3e-e4a48b3eda51:0.0.0.0:44706, 54aabb14-4a7d-4ab3-adbe-2e67760b87f4:0.0.0.0:43074, c652e2ee-3322-4406-8db6-1ea643cb3197:0.0.0.0:42129], old=null
2019-10-18 11:26:10,581 [f535bb4a-cba0-4f9b-9e3e-e4a48b3eda51@group-7E32184879DE-LeaderElection733] INFO  impl.RaftServerImpl (RaftServerImpl.java:setRole(184)) - f535bb4a-cba0-4f9b-9e3e-e4a48b3eda51@group-7E32184879DE: changes role from CANDIDATE to FOLLOWER at term 857 for DISCOVERED_A_NEW_TERM
2019-10-18 11:26:10,581 [f535bb4a-cba0-4f9b-9e3e-e4a48b3eda51@group-7E32184879DE-LeaderElection733] INFO  impl.RoleInfo (RoleInfo.java:shutdownLeaderElection(134)) - f535bb4a-cba0-4f9b-9e3e-e4a48b3eda51: shutdown LeaderElection
2019-10-18 11:26:10,581 [f535bb4a-cba0-4f9b-9e3e-e4a48b3eda51@group-7E32184879DE-LeaderElection733] INFO  impl.RoleInfo (RoleInfo.java:updateAndGet(143)) - f535bb4a-cba0-4f9b-9e3e-e4a48b3eda51: start FollowerState
2019-10-18 11:26:10,659 [Thread-5163] INFO  impl.FollowerState (FollowerState.java:run(108)) - f535bb4a-cba0-4f9b-9e3e-e4a48b3eda51@group-7E32184879DE-FollowerState: change to CANDIDATE, lastRpcTime:78ms, electionTimeout:78ms
2019-10-18 11:26:10,660 [Thread-5163] INFO  impl.RoleInfo (RoleInfo.java:shutdownFollowerState(121)) - f535bb4a-cba0-4f9b-9e3e-e4a48b3eda51: shutdown FollowerState
2019-10-18 11:26:10,660 [Thread-5163] INFO  impl.RaftServerImpl (RaftServerImpl.java:setRole(184)) - f535bb4a-cba0-4f9b-9e3e-e4a48b3eda51@group-7E32184879DE: changes role from  FOLLOWER to CANDIDATE at term 857 for changeToCandidate
2019-10-18 11:26:10,672 [Thread-5163] WARN  impl.FollowerState (FollowerState.java:run(121)) - f535bb4a-cba0-4f9b-9e3e-e4a48b3eda51@group-7E32184879DE-FollowerState caught an exception
java.lang.NullPointerException
	at org.apache.hadoop.ozone.container.common.transport.server.ratis.XceiverServerRatis.triggerPipelineClose(XceiverServerRatis.java:577)
	at org.apache.hadoop.ozone.container.common.transport.server.ratis.XceiverServerRatis.handlePipelineFailure(XceiverServerRatis.java:560)
	at org.apache.hadoop.ozone.container.common.transport.server.ratis.XceiverServerRatis.handleNoLeader(XceiverServerRatis.java:625)
	at org.apache.hadoop.ozone.container.common.transport.server.ratis.ContainerStateMachine.notifyExtendedNoLeader(ContainerStateMachine.java:825)
	at org.apache.ratis.server.impl.RaftServerImpl.changeToCandidate(RaftServerImpl.java:432)
	at org.apache.ratis.server.impl.FollowerState.run(FollowerState.java:112)
2019-10-18 11:26:15,599 [Thread-5162] INFO  impl.FollowerState (FollowerState.java:run(108)) - 54aabb14-4a7d-4ab3-adbe-2e67760b87f4@group-7E32184879DE-FollowerState: change to CANDIDATE, lastRpcTime:5049ms, electionTimeout:5048ms
2019-10-18 11:26:15,600 [Thread-5162] INFO  impl.RoleInfo (RoleInfo.java:shutdownFollowerState(121)) - 54aabb14-4a7d-4ab3-adbe-2e67760b87f4: shutdown FollowerState
2019-10-18 11:26:15,600 [Thread-5162] INFO  impl.RaftServerImpl (RaftServerImpl.java:setRole(184)) - 54aabb14-4a7d-4ab3-adbe-2e67760b87f4@group-7E32184879DE: changes role from  FOLLOWER to CANDIDATE at term 857 for changeToCandidate
2019-10-18 11:26:15,600 [Thread-5162] WARN  impl.FollowerState (FollowerState.java:run(121)) - 54aabb14-4a7d-4ab3-adbe-2e67760b87f4@group-7E32184879DE-FollowerState caught an exception
java.lang.NullPointerException
	at org.apache.hadoop.ozone.container.common.transport.server.ratis.XceiverServerRatis.triggerPipelineClose(XceiverServerRatis.java:577)
	at org.apache.hadoop.ozone.container.common.transport.server.ratis.XceiverServerRatis.handlePipelineFailure(XceiverServerRatis.java:560)
	at org.apache.hadoop.ozone.container.common.transport.server.ratis.XceiverServerRatis.handleNoLeader(XceiverServerRatis.java:625)
	at org.apache.hadoop.ozone.container.common.transport.server.ratis.ContainerStateMachine.notifyExtendedNoLeader(ContainerStateMachine.java:825)
	at org.apache.ratis.server.impl.RaftServerImpl.changeToCandidate(RaftServerImpl.java:432)
	at org.apache.ratis.server.impl.FollowerState.run(FollowerState.java:112)
2019-10-18 11:26:15,718 [Thread-5161] INFO  impl.FollowerState (FollowerState.java:run(108)) - c652e2ee-3322-4406-8db6-1ea643cb3197@group-7E32184879DE-FollowerState: change to CANDIDATE, lastRpcTime:5167ms, electionTimeout:5167ms
2019-10-18 11:26:15,718 [Thread-5161] INFO  impl.RoleInfo (RoleInfo.java:shutdownFollowerState(121)) - c652e2ee-3322-4406-8db6-1ea643cb3197: shutdown FollowerState
2019-10-18 11:26:15,718 [Thread-5161] INFO  impl.RaftServerImpl (RaftServerImpl.java:setRole(184)) - c652e2ee-3322-4406-8db6-1ea643cb3197@group-7E32184879DE: changes role from  FOLLOWER to CANDIDATE at term 857 for changeToCandidate
2019-10-18 11:26:15,718 [Thread-5161] WARN  impl.FollowerState (FollowerState.java:run(121)) - c652e2ee-3322-4406-8db6-1ea643cb3197@group-7E32184879DE-FollowerState caught an exception
java.lang.NullPointerException
	at org.apache.hadoop.ozone.container.common.transport.server.ratis.XceiverServerRatis.triggerPipelineClose(XceiverServerRatis.java:577)
	at org.apache.hadoop.ozone.container.common.transport.server.ratis.XceiverServerRatis.handlePipelineFailure(XceiverServerRatis.java:560)
	at org.apache.hadoop.ozone.container.common.transport.server.ratis.XceiverServerRatis.handleNoLeader(XceiverServerRatis.java:625)
	at org.apache.hadoop.ozone.container.common.transport.server.ratis.ContainerStateMachine.notifyExtendedNoLeader(ContainerStateMachine.java:825)
	at org.apache.ratis.server.impl.RaftServerImpl.changeToCandidate(RaftServerImpl.java:432)
	at org.apache.ratis.server.impl.FollowerState.run(FollowerState.java:112)
2019-10-18 11:27:11,397 [main] INFO  impl.RaftServerProxy (RaftServerProxy.java:lambda$close$4(314)) - c652e2ee-3322-4406-8db6-1ea643cb3197: close
2019-10-18 11:27:11,398 [main] INFO  impl.RaftServerImpl (RaftServerImpl.java:lambda$shutdown$3(261)) - c652e2ee-3322-4406-8db6-1ea643cb3197@group-7E32184879DE: shutdown
2019-10-18 11:27:11,399 [main] INFO  util.JmxRegister (JmxRegister.java:unregister(73)) - Successfully un-registered JMX Bean with object name Ratis:service=RaftServer,group=group-7E32184879DE,id=c652e2ee-3322-4406-8db6-1ea643cb3197
2019-10-18 11:27:11,399 [main] INFO  impl.StateMachineUpdater (StateMachineUpdater.java:stopAndJoin(136)) - c652e2ee-3322-4406-8db6-1ea643cb3197@group-7E32184879DE-StateMachineUpdater: set stopIndex = -1
2019-10-18 11:27:11,400 [main] INFO  impl.RaftServerImpl (ServerState.java:close(388)) - c652e2ee-3322-4406-8db6-1ea643cb3197@group-7E32184879DE: closes. applyIndex: -1
2019-10-18 11:27:11,400 [c652e2ee-3322-4406-8db6-1ea643cb3197@group-7E32184879DE-SegmentedRaftLogWorker] INFO  segmented.SegmentedRaftLogWorker (SegmentedRaftLogWorker.java:run(316)) - c652e2ee-3322-4406-8db6-1ea643cb3197@group-7E32184879DE-SegmentedRaftLogWorker was interrupted, exiting. There are 0 tasks remaining in the queue.
2019-10-18 11:27:11,401 [main] INFO  segmented.SegmentedRaftLogWorker (SegmentedRaftLogWorker.java:close(224)) - c652e2ee-3322-4406-8db6-1ea643cb3197@group-7E32184879DE-SegmentedRaftLogWorker close()
2019-10-18 11:27:11,403 [main] INFO  server.GrpcService (GrpcService.java:closeImpl(164)) - c652e2ee-3322-4406-8db6-1ea643cb3197: shutdown server with port 42129 now
2019-10-18 11:27:11,404 [main] INFO  server.GrpcService (GrpcService.java:closeImpl(172)) - c652e2ee-3322-4406-8db6-1ea643cb3197: shutdown server with port 42129 successfully
2019-10-18 11:27:11,652 [main] INFO  impl.RaftServerProxy (RaftServerProxy.java:lambda$close$4(314)) - 54aabb14-4a7d-4ab3-adbe-2e67760b87f4: close
2019-10-18 11:27:11,653 [main] INFO  impl.RaftServerImpl (RaftServerImpl.java:lambda$shutdown$3(261)) - 54aabb14-4a7d-4ab3-adbe-2e67760b87f4@group-7E32184879DE: shutdown
2019-10-18 11:27:11,653 [main] INFO  util.JmxRegister (JmxRegister.java:unregister(73)) - Successfully un-registered JMX Bean with object name Ratis:service=RaftServer,group=group-7E32184879DE,id=54aabb14-4a7d-4ab3-adbe-2e67760b87f4
2019-10-18 11:27:11,654 [main] INFO  impl.StateMachineUpdater (StateMachineUpdater.java:stopAndJoin(136)) - 54aabb14-4a7d-4ab3-adbe-2e67760b87f4@group-7E32184879DE-StateMachineUpdater: set stopIndex = -1
2019-10-18 11:27:11,654 [main] INFO  impl.RaftServerImpl (ServerState.java:close(388)) - 54aabb14-4a7d-4ab3-adbe-2e67760b87f4@group-7E32184879DE: closes. applyIndex: -1
2019-10-18 11:27:11,655 [54aabb14-4a7d-4ab3-adbe-2e67760b87f4@group-7E32184879DE-SegmentedRaftLogWorker] INFO  segmented.SegmentedRaftLogWorker (SegmentedRaftLogWorker.java:run(316)) - 54aabb14-4a7d-4ab3-adbe-2e67760b87f4@group-7E32184879DE-SegmentedRaftLogWorker was interrupted, exiting. There are 0 tasks remaining in the queue.
2019-10-18 11:27:11,655 [main] INFO  segmented.SegmentedRaftLogWorker (SegmentedRaftLogWorker.java:close(224)) - 54aabb14-4a7d-4ab3-adbe-2e67760b87f4@group-7E32184879DE-SegmentedRaftLogWorker close()
2019-10-18 11:27:11,656 [main] INFO  server.GrpcService (GrpcService.java:closeImpl(164)) - 54aabb14-4a7d-4ab3-adbe-2e67760b87f4: shutdown server with port 43074 now
2019-10-18 11:27:11,657 [main] INFO  server.GrpcService (GrpcService.java:closeImpl(172)) - 54aabb14-4a7d-4ab3-adbe-2e67760b87f4: shutdown server with port 43074 successfully
2019-10-18 11:27:11,666 [main] INFO  impl.RaftServerProxy (RaftServerProxy.java:lambda$close$4(314)) - f535bb4a-cba0-4f9b-9e3e-e4a48b3eda51: close
2019-10-18 11:27:11,667 [main] INFO  impl.RaftServerImpl (RaftServerImpl.java:lambda$shutdown$3(261)) - f535bb4a-cba0-4f9b-9e3e-e4a48b3eda51@group-7E32184879DE: shutdown
2019-10-18 11:27:11,668 [main] INFO  util.JmxRegister (JmxRegister.java:unregister(73)) - Successfully un-registered JMX Bean with object name Ratis:service=RaftServer,group=group-7E32184879DE,id=f535bb4a-cba0-4f9b-9e3e-e4a48b3eda51
2019-10-18 11:27:11,668 [main] INFO  impl.StateMachineUpdater (StateMachineUpdater.java:stopAndJoin(136)) - f535bb4a-cba0-4f9b-9e3e-e4a48b3eda51@group-7E32184879DE-StateMachineUpdater: set stopIndex = -1
2019-10-18 11:27:11,669 [main] INFO  impl.RaftServerImpl (ServerState.java:close(388)) - f535bb4a-cba0-4f9b-9e3e-e4a48b3eda51@group-7E32184879DE: closes. applyIndex: -1
2019-10-18 11:27:11,669 [f535bb4a-cba0-4f9b-9e3e-e4a48b3eda51@group-7E32184879DE-SegmentedRaftLogWorker] INFO  segmented.SegmentedRaftLogWorker (SegmentedRaftLogWorker.java:run(316)) - f535bb4a-cba0-4f9b-9e3e-e4a48b3eda51@group-7E32184879DE-SegmentedRaftLogWorker was interrupted, exiting. There are 0 tasks remaining in the queue.
2019-10-18 11:27:11,669 [main] INFO  segmented.SegmentedRaftLogWorker (SegmentedRaftLogWorker.java:close(224)) - f535bb4a-cba0-4f9b-9e3e-e4a48b3eda51@group-7E32184879DE-SegmentedRaftLogWorker close()
2019-10-18 11:27:11,670 [main] INFO  server.GrpcService (GrpcService.java:closeImpl(164)) - f535bb4a-cba0-4f9b-9e3e-e4a48b3eda51: shutdown server with port 44706 now
2019-10-18 11:27:11,671 [main] INFO  server.GrpcService (GrpcService.java:closeImpl(172)) - f535bb4a-cba0-4f9b-9e3e-e4a48b3eda51: shutdown server with port 44706 successfully
]]></system-out>
    <system-err><![CDATA[Oct 18, 2019 11:24:07 AM org.apache.ratis.thirdparty.io.grpc.internal.ManagedChannelOrphanWrapper$ManagedChannelReference cleanQueue
SEVERE: *~*~*~ Channel ManagedChannelImpl{logId=9, target=0.0.0.0:40720} was not shutdown properly!!! ~*~*~*
    Make sure to call shutdown()/shutdownNow() and wait until awaitTermination() returns true.
java.lang.RuntimeException: ManagedChannel allocation site
	at org.apache.ratis.thirdparty.io.grpc.internal.ManagedChannelOrphanWrapper$ManagedChannelReference.<init>(ManagedChannelOrphanWrapper.java:103)
	at org.apache.ratis.thirdparty.io.grpc.internal.ManagedChannelOrphanWrapper.<init>(ManagedChannelOrphanWrapper.java:53)
	at org.apache.ratis.thirdparty.io.grpc.internal.ManagedChannelOrphanWrapper.<init>(ManagedChannelOrphanWrapper.java:44)
	at org.apache.ratis.thirdparty.io.grpc.internal.AbstractManagedChannelImplBuilder.build(AbstractManagedChannelImplBuilder.java:411)
	at org.apache.hadoop.hdds.scm.XceiverClientGrpc.connectToDatanode(XceiverClientGrpc.java:183)
	at org.apache.hadoop.hdds.scm.XceiverClientGrpc.connect(XceiverClientGrpc.java:146)
	at org.apache.hadoop.ozone.container.server.TestSecureContainerServer.runTestClientServer(TestSecureContainerServer.java:234)
	at org.apache.hadoop.ozone.container.server.TestSecureContainerServer.testClientServer(TestSecureContainerServer.java:116)
	at sun.reflect.NativeMethodAccessorImpl.invoke0(Native Method)
	at sun.reflect.NativeMethodAccessorImpl.invoke(NativeMethodAccessorImpl.java:62)
	at sun.reflect.DelegatingMethodAccessorImpl.invoke(DelegatingMethodAccessorImpl.java:43)
	at java.lang.reflect.Method.invoke(Method.java:498)
	at org.junit.runners.model.FrameworkMethod$1.runReflectiveCall(FrameworkMethod.java:47)
	at org.junit.internal.runners.model.ReflectiveCallable.run(ReflectiveCallable.java:12)
	at org.junit.runners.model.FrameworkMethod.invokeExplosively(FrameworkMethod.java:44)
	at org.junit.internal.runners.statements.InvokeMethod.evaluate(InvokeMethod.java:17)
	at org.junit.runners.ParentRunner.runLeaf(ParentRunner.java:271)
	at org.junit.runners.BlockJUnit4ClassRunner.runChild(BlockJUnit4ClassRunner.java:70)
	at org.junit.runners.BlockJUnit4ClassRunner.runChild(BlockJUnit4ClassRunner.java:50)
	at org.junit.runners.ParentRunner$3.run(ParentRunner.java:238)
	at org.junit.runners.ParentRunner$1.schedule(ParentRunner.java:63)
	at org.junit.runners.ParentRunner.runChildren(ParentRunner.java:236)
	at org.junit.runners.ParentRunner.access$000(ParentRunner.java:53)
	at org.junit.runners.ParentRunner$2.evaluate(ParentRunner.java:229)
	at org.junit.internal.runners.statements.RunBefores.evaluate(RunBefores.java:26)
	at org.junit.runners.ParentRunner.run(ParentRunner.java:309)
	at org.apache.maven.surefire.junit4.JUnit4Provider.execute(JUnit4Provider.java:365)
	at org.apache.maven.surefire.junit4.JUnit4Provider.executeWithRerun(JUnit4Provider.java:273)
	at org.apache.maven.surefire.junit4.JUnit4Provider.executeTestSet(JUnit4Provider.java:238)
	at org.apache.maven.surefire.junit4.JUnit4Provider.invoke(JUnit4Provider.java:159)
	at org.apache.maven.surefire.booter.ForkedBooter.invokeProviderInSameClassLoader(ForkedBooter.java:384)
	at org.apache.maven.surefire.booter.ForkedBooter.runSuitesInProcess(ForkedBooter.java:345)
	at org.apache.maven.surefire.booter.ForkedBooter.execute(ForkedBooter.java:126)
	at org.apache.maven.surefire.booter.ForkedBooter.main(ForkedBooter.java:418)

Oct 18, 2019 11:24:10 AM org.apache.ratis.thirdparty.io.grpc.internal.SerializingExecutor run
SEVERE: Exception while executing runnable org.apache.ratis.thirdparty.io.grpc.internal.ClientCallImpl$ClientStreamListenerImpl$1StreamClosed@16cbf950
java.lang.NullPointerException
	at org.apache.ratis.grpc.server.GrpcLogAppender$AppendLogResponseHandler.onError(GrpcLogAppender.java:303)
	at org.apache.ratis.thirdparty.io.grpc.stub.ClientCalls$StreamObserverToCallListenerAdapter.onClose(ClientCalls.java:434)
	at org.apache.ratis.thirdparty.io.grpc.PartialForwardingClientCallListener.onClose(PartialForwardingClientCallListener.java:39)
	at org.apache.ratis.thirdparty.io.grpc.ForwardingClientCallListener.onClose(ForwardingClientCallListener.java:23)
	at org.apache.ratis.thirdparty.io.grpc.ForwardingClientCallListener$SimpleForwardingClientCallListener.onClose(ForwardingClientCallListener.java:40)
	at org.apache.ratis.thirdparty.io.grpc.internal.CensusStatsModule$StatsClientInterceptor$1$1.onClose(CensusStatsModule.java:678)
	at org.apache.ratis.thirdparty.io.grpc.PartialForwardingClientCallListener.onClose(PartialForwardingClientCallListener.java:39)
	at org.apache.ratis.thirdparty.io.grpc.ForwardingClientCallListener.onClose(ForwardingClientCallListener.java:23)
	at org.apache.ratis.thirdparty.io.grpc.ForwardingClientCallListener$SimpleForwardingClientCallListener.onClose(ForwardingClientCallListener.java:40)
	at org.apache.ratis.thirdparty.io.grpc.internal.CensusTracingModule$TracingClientInterceptor$1$1.onClose(CensusTracingModule.java:397)
	at org.apache.ratis.thirdparty.io.grpc.internal.ClientCallImpl.closeObserver(ClientCallImpl.java:459)
	at org.apache.ratis.thirdparty.io.grpc.internal.ClientCallImpl.access$300(ClientCallImpl.java:63)
	at org.apache.ratis.thirdparty.io.grpc.internal.ClientCallImpl$ClientStreamListenerImpl.close(ClientCallImpl.java:546)
	at org.apache.ratis.thirdparty.io.grpc.internal.ClientCallImpl$ClientStreamListenerImpl.access$600(ClientCallImpl.java:467)
	at org.apache.ratis.thirdparty.io.grpc.internal.ClientCallImpl$ClientStreamListenerImpl$1StreamClosed.runInContext(ClientCallImpl.java:584)
	at org.apache.ratis.thirdparty.io.grpc.internal.ContextRunnable.run(ContextRunnable.java:37)
	at org.apache.ratis.thirdparty.io.grpc.internal.SerializingExecutor.run(SerializingExecutor.java:123)
	at java.util.concurrent.ThreadPoolExecutor.runWorker(ThreadPoolExecutor.java:1149)
	at java.util.concurrent.ThreadPoolExecutor$Worker.run(ThreadPoolExecutor.java:624)
	at java.lang.Thread.run(Thread.java:748)

Oct 18, 2019 11:24:13 AM org.apache.ratis.thirdparty.io.grpc.internal.ManagedChannelOrphanWrapper$ManagedChannelReference cleanQueue
SEVERE: *~*~*~ Channel ManagedChannelImpl{logId=40, target=0.0.0.0:42129} was not shutdown properly!!! ~*~*~*
    Make sure to call shutdown()/shutdownNow() and wait until awaitTermination() returns true.
java.lang.RuntimeException: ManagedChannel allocation site
	at org.apache.ratis.thirdparty.io.grpc.internal.ManagedChannelOrphanWrapper$ManagedChannelReference.<init>(ManagedChannelOrphanWrapper.java:103)
	at org.apache.ratis.thirdparty.io.grpc.internal.ManagedChannelOrphanWrapper.<init>(ManagedChannelOrphanWrapper.java:53)
	at org.apache.ratis.thirdparty.io.grpc.internal.ManagedChannelOrphanWrapper.<init>(ManagedChannelOrphanWrapper.java:44)
	at org.apache.ratis.thirdparty.io.grpc.internal.AbstractManagedChannelImplBuilder.build(AbstractManagedChannelImplBuilder.java:411)
	at org.apache.ratis.grpc.client.GrpcClientProtocolClient.<init>(GrpcClientProtocolClient.java:128)
	at org.apache.ratis.grpc.client.GrpcClientRpc.lambda$new$0(GrpcClientRpc.java:55)
	at org.apache.ratis.util.PeerProxyMap$PeerAndProxy.lambda$getProxy$0(PeerProxyMap.java:61)
	at org.apache.ratis.util.LifeCycle.startAndTransition(LifeCycle.java:202)
	at org.apache.ratis.util.PeerProxyMap$PeerAndProxy.getProxy(PeerProxyMap.java:60)
	at org.apache.ratis.util.PeerProxyMap.getProxy(PeerProxyMap.java:108)
	at org.apache.ratis.grpc.client.GrpcClientRpc.sendRequest(GrpcClientRpc.java:91)
	at org.apache.ratis.client.impl.RaftClientImpl.sendRequest(RaftClientImpl.java:278)
	at org.apache.ratis.client.impl.RaftClientImpl.groupAdd(RaftClientImpl.java:205)
	at org.apache.hadoop.ozone.RatisTestHelper.initXceiverServerRatis(RatisTestHelper.java:133)
	at org.apache.hadoop.ozone.container.server.TestSecureContainerServer.lambda$runTestClientServerRatis$4(TestSecureContainerServer.java:164)
	at org.apache.hadoop.ozone.container.server.TestSecureContainerServer.runTestClientServer(TestSecureContainerServer.java:189)
	at org.apache.hadoop.ozone.container.server.TestSecureContainerServer.runTestClientServerRatis(TestSecureContainerServer.java:160)
	at org.apache.hadoop.ozone.container.server.TestSecureContainerServer.testClientServerRatisGrpc(TestSecureContainerServer.java:135)
	at sun.reflect.NativeMethodAccessorImpl.invoke0(Native Method)
	at sun.reflect.NativeMethodAccessorImpl.invoke(NativeMethodAccessorImpl.java:62)
	at sun.reflect.DelegatingMethodAccessorImpl.invoke(DelegatingMethodAccessorImpl.java:43)
	at java.lang.reflect.Method.invoke(Method.java:498)
	at org.junit.runners.model.FrameworkMethod$1.runReflectiveCall(FrameworkMethod.java:47)
	at org.junit.internal.runners.model.ReflectiveCallable.run(ReflectiveCallable.java:12)
	at org.junit.runners.model.FrameworkMethod.invokeExplosively(FrameworkMethod.java:44)
	at org.junit.internal.runners.statements.InvokeMethod.evaluate(InvokeMethod.java:17)
	at org.junit.runners.ParentRunner.runLeaf(ParentRunner.java:271)
	at org.junit.runners.BlockJUnit4ClassRunner.runChild(BlockJUnit4ClassRunner.java:70)
	at org.junit.runners.BlockJUnit4ClassRunner.runChild(BlockJUnit4ClassRunner.java:50)
	at org.junit.runners.ParentRunner$3.run(ParentRunner.java:238)
	at org.junit.runners.ParentRunner$1.schedule(ParentRunner.java:63)
	at org.junit.runners.ParentRunner.runChildren(ParentRunner.java:236)
	at org.junit.runners.ParentRunner.access$000(ParentRunner.java:53)
	at org.junit.runners.ParentRunner$2.evaluate(ParentRunner.java:229)
	at org.junit.internal.runners.statements.RunBefores.evaluate(RunBefores.java:26)
	at org.junit.runners.ParentRunner.run(ParentRunner.java:309)
	at org.apache.maven.surefire.junit4.JUnit4Provider.execute(JUnit4Provider.java:365)
	at org.apache.maven.surefire.junit4.JUnit4Provider.executeWithRerun(JUnit4Provider.java:273)
	at org.apache.maven.surefire.junit4.JUnit4Provider.executeTestSet(JUnit4Provider.java:238)
	at org.apache.maven.surefire.junit4.JUnit4Provider.invoke(JUnit4Provider.java:159)
	at org.apache.maven.surefire.booter.ForkedBooter.invokeProviderInSameClassLoader(ForkedBooter.java:384)
	at org.apache.maven.surefire.booter.ForkedBooter.runSuitesInProcess(ForkedBooter.java:345)
	at org.apache.maven.surefire.booter.ForkedBooter.execute(ForkedBooter.java:126)
	at org.apache.maven.surefire.booter.ForkedBooter.main(ForkedBooter.java:418)

Oct 18, 2019 11:24:13 AM org.apache.ratis.thirdparty.io.grpc.internal.ManagedChannelOrphanWrapper$ManagedChannelReference cleanQueue
SEVERE: *~*~*~ Channel ManagedChannelImpl{logId=48, target=0.0.0.0:43074} was not shutdown properly!!! ~*~*~*
    Make sure to call shutdown()/shutdownNow() and wait until awaitTermination() returns true.
java.lang.RuntimeException: ManagedChannel allocation site
	at org.apache.ratis.thirdparty.io.grpc.internal.ManagedChannelOrphanWrapper$ManagedChannelReference.<init>(ManagedChannelOrphanWrapper.java:103)
	at org.apache.ratis.thirdparty.io.grpc.internal.ManagedChannelOrphanWrapper.<init>(ManagedChannelOrphanWrapper.java:53)
	at org.apache.ratis.thirdparty.io.grpc.internal.ManagedChannelOrphanWrapper.<init>(ManagedChannelOrphanWrapper.java:44)
	at org.apache.ratis.thirdparty.io.grpc.internal.AbstractManagedChannelImplBuilder.build(AbstractManagedChannelImplBuilder.java:411)
	at org.apache.ratis.grpc.client.GrpcClientProtocolClient.<init>(GrpcClientProtocolClient.java:128)
	at org.apache.ratis.grpc.client.GrpcClientRpc.lambda$new$0(GrpcClientRpc.java:55)
	at org.apache.ratis.util.PeerProxyMap$PeerAndProxy.lambda$getProxy$0(PeerProxyMap.java:61)
	at org.apache.ratis.util.LifeCycle.startAndTransition(LifeCycle.java:202)
	at org.apache.ratis.util.PeerProxyMap$PeerAndProxy.getProxy(PeerProxyMap.java:60)
	at org.apache.ratis.util.PeerProxyMap.getProxy(PeerProxyMap.java:108)
	at org.apache.ratis.grpc.client.GrpcClientRpc.sendRequest(GrpcClientRpc.java:91)
	at org.apache.ratis.client.impl.RaftClientImpl.sendRequest(RaftClientImpl.java:278)
	at org.apache.ratis.client.impl.RaftClientImpl.groupAdd(RaftClientImpl.java:205)
	at org.apache.hadoop.ozone.RatisTestHelper.initXceiverServerRatis(RatisTestHelper.java:133)
	at org.apache.hadoop.ozone.container.server.TestSecureContainerServer.lambda$runTestClientServerRatis$4(TestSecureContainerServer.java:164)
	at org.apache.hadoop.ozone.container.server.TestSecureContainerServer.runTestClientServer(TestSecureContainerServer.java:189)
	at org.apache.hadoop.ozone.container.server.TestSecureContainerServer.runTestClientServerRatis(TestSecureContainerServer.java:160)
	at org.apache.hadoop.ozone.container.server.TestSecureContainerServer.testClientServerRatisGrpc(TestSecureContainerServer.java:135)
	at sun.reflect.NativeMethodAccessorImpl.invoke0(Native Method)
	at sun.reflect.NativeMethodAccessorImpl.invoke(NativeMethodAccessorImpl.java:62)
	at sun.reflect.DelegatingMethodAccessorImpl.invoke(DelegatingMethodAccessorImpl.java:43)
	at java.lang.reflect.Method.invoke(Method.java:498)
	at org.junit.runners.model.FrameworkMethod$1.runReflectiveCall(FrameworkMethod.java:47)
	at org.junit.internal.runners.model.ReflectiveCallable.run(ReflectiveCallable.java:12)
	at org.junit.runners.model.FrameworkMethod.invokeExplosively(FrameworkMethod.java:44)
	at org.junit.internal.runners.statements.InvokeMethod.evaluate(InvokeMethod.java:17)
	at org.junit.runners.ParentRunner.runLeaf(ParentRunner.java:271)
	at org.junit.runners.BlockJUnit4ClassRunner.runChild(BlockJUnit4ClassRunner.java:70)
	at org.junit.runners.BlockJUnit4ClassRunner.runChild(BlockJUnit4ClassRunner.java:50)
	at org.junit.runners.ParentRunner$3.run(ParentRunner.java:238)
	at org.junit.runners.ParentRunner$1.schedule(ParentRunner.java:63)
	at org.junit.runners.ParentRunner.runChildren(ParentRunner.java:236)
	at org.junit.runners.ParentRunner.access$000(ParentRunner.java:53)
	at org.junit.runners.ParentRunner$2.evaluate(ParentRunner.java:229)
	at org.junit.internal.runners.statements.RunBefores.evaluate(RunBefores.java:26)
	at org.junit.runners.ParentRunner.run(ParentRunner.java:309)
	at org.apache.maven.surefire.junit4.JUnit4Provider.execute(JUnit4Provider.java:365)
	at org.apache.maven.surefire.junit4.JUnit4Provider.executeWithRerun(JUnit4Provider.java:273)
	at org.apache.maven.surefire.junit4.JUnit4Provider.executeTestSet(JUnit4Provider.java:238)
	at org.apache.maven.surefire.junit4.JUnit4Provider.invoke(JUnit4Provider.java:159)
	at org.apache.maven.surefire.booter.ForkedBooter.invokeProviderInSameClassLoader(ForkedBooter.java:384)
	at org.apache.maven.surefire.booter.ForkedBooter.runSuitesInProcess(ForkedBooter.java:345)
	at org.apache.maven.surefire.booter.ForkedBooter.execute(ForkedBooter.java:126)
	at org.apache.maven.surefire.booter.ForkedBooter.main(ForkedBooter.java:418)

Oct 18, 2019 11:24:13 AM org.apache.ratis.thirdparty.io.grpc.internal.ManagedChannelOrphanWrapper$ManagedChannelReference cleanQueue
SEVERE: *~*~*~ Channel ManagedChannelImpl{logId=65, target=0.0.0.0:44706} was not shutdown properly!!! ~*~*~*
    Make sure to call shutdown()/shutdownNow() and wait until awaitTermination() returns true.
java.lang.RuntimeException: ManagedChannel allocation site
	at org.apache.ratis.thirdparty.io.grpc.internal.ManagedChannelOrphanWrapper$ManagedChannelReference.<init>(ManagedChannelOrphanWrapper.java:103)
	at org.apache.ratis.thirdparty.io.grpc.internal.ManagedChannelOrphanWrapper.<init>(ManagedChannelOrphanWrapper.java:53)
	at org.apache.ratis.thirdparty.io.grpc.internal.ManagedChannelOrphanWrapper.<init>(ManagedChannelOrphanWrapper.java:44)
	at org.apache.ratis.thirdparty.io.grpc.internal.AbstractManagedChannelImplBuilder.build(AbstractManagedChannelImplBuilder.java:411)
	at org.apache.ratis.grpc.client.GrpcClientProtocolClient.<init>(GrpcClientProtocolClient.java:128)
	at org.apache.ratis.grpc.client.GrpcClientRpc.lambda$new$0(GrpcClientRpc.java:55)
	at org.apache.ratis.util.PeerProxyMap$PeerAndProxy.lambda$getProxy$0(PeerProxyMap.java:61)
	at org.apache.ratis.util.LifeCycle.startAndTransition(LifeCycle.java:202)
	at org.apache.ratis.util.PeerProxyMap$PeerAndProxy.getProxy(PeerProxyMap.java:60)
	at org.apache.ratis.util.PeerProxyMap.getProxy(PeerProxyMap.java:108)
	at org.apache.ratis.grpc.client.GrpcClientRpc.sendRequest(GrpcClientRpc.java:91)
	at org.apache.ratis.client.impl.RaftClientImpl.sendRequest(RaftClientImpl.java:278)
	at org.apache.ratis.client.impl.RaftClientImpl.groupAdd(RaftClientImpl.java:205)
	at org.apache.hadoop.ozone.RatisTestHelper.initXceiverServerRatis(RatisTestHelper.java:133)
	at org.apache.hadoop.ozone.container.server.TestSecureContainerServer.lambda$runTestClientServerRatis$4(TestSecureContainerServer.java:164)
	at org.apache.hadoop.ozone.container.server.TestSecureContainerServer.runTestClientServer(TestSecureContainerServer.java:189)
	at org.apache.hadoop.ozone.container.server.TestSecureContainerServer.runTestClientServerRatis(TestSecureContainerServer.java:160)
	at org.apache.hadoop.ozone.container.server.TestSecureContainerServer.testClientServerRatisGrpc(TestSecureContainerServer.java:135)
	at sun.reflect.NativeMethodAccessorImpl.invoke0(Native Method)
	at sun.reflect.NativeMethodAccessorImpl.invoke(NativeMethodAccessorImpl.java:62)
	at sun.reflect.DelegatingMethodAccessorImpl.invoke(DelegatingMethodAccessorImpl.java:43)
	at java.lang.reflect.Method.invoke(Method.java:498)
	at org.junit.runners.model.FrameworkMethod$1.runReflectiveCall(FrameworkMethod.java:47)
	at org.junit.internal.runners.model.ReflectiveCallable.run(ReflectiveCallable.java:12)
	at org.junit.runners.model.FrameworkMethod.invokeExplosively(FrameworkMethod.java:44)
	at org.junit.internal.runners.statements.InvokeMethod.evaluate(InvokeMethod.java:17)
	at org.junit.runners.ParentRunner.runLeaf(ParentRunner.java:271)
	at org.junit.runners.BlockJUnit4ClassRunner.runChild(BlockJUnit4ClassRunner.java:70)
	at org.junit.runners.BlockJUnit4ClassRunner.runChild(BlockJUnit4ClassRunner.java:50)
	at org.junit.runners.ParentRunner$3.run(ParentRunner.java:238)
	at org.junit.runners.ParentRunner$1.schedule(ParentRunner.java:63)
	at org.junit.runners.ParentRunner.runChildren(ParentRunner.java:236)
	at org.junit.runners.ParentRunner.access$000(ParentRunner.java:53)
	at org.junit.runners.ParentRunner$2.evaluate(ParentRunner.java:229)
	at org.junit.internal.runners.statements.RunBefores.evaluate(RunBefores.java:26)
	at org.junit.runners.ParentRunner.run(ParentRunner.java:309)
	at org.apache.maven.surefire.junit4.JUnit4Provider.execute(JUnit4Provider.java:365)
	at org.apache.maven.surefire.junit4.JUnit4Provider.executeWithRerun(JUnit4Provider.java:273)
	at org.apache.maven.surefire.junit4.JUnit4Provider.executeTestSet(JUnit4Provider.java:238)
	at org.apache.maven.surefire.junit4.JUnit4Provider.invoke(JUnit4Provider.java:159)
	at org.apache.maven.surefire.booter.ForkedBooter.invokeProviderInSameClassLoader(ForkedBooter.java:384)
	at org.apache.maven.surefire.booter.ForkedBooter.runSuitesInProcess(ForkedBooter.java:345)
	at org.apache.maven.surefire.booter.ForkedBooter.execute(ForkedBooter.java:126)
	at org.apache.maven.surefire.booter.ForkedBooter.main(ForkedBooter.java:418)

Oct 18, 2019 11:24:32 AM org.apache.ratis.thirdparty.io.grpc.internal.ManagedChannelOrphanWrapper$ManagedChannelReference cleanQueue
SEVERE: *~*~*~ Channel ManagedChannelImpl{logId=32, target=0.0.0.0:42354} was not shutdown properly!!! ~*~*~*
    Make sure to call shutdown()/shutdownNow() and wait until awaitTermination() returns true.
java.lang.RuntimeException: ManagedChannel allocation site
	at org.apache.ratis.thirdparty.io.grpc.internal.ManagedChannelOrphanWrapper$ManagedChannelReference.<init>(ManagedChannelOrphanWrapper.java:103)
	at org.apache.ratis.thirdparty.io.grpc.internal.ManagedChannelOrphanWrapper.<init>(ManagedChannelOrphanWrapper.java:53)
	at org.apache.ratis.thirdparty.io.grpc.internal.ManagedChannelOrphanWrapper.<init>(ManagedChannelOrphanWrapper.java:44)
	at org.apache.ratis.thirdparty.io.grpc.internal.AbstractManagedChannelImplBuilder.build(AbstractManagedChannelImplBuilder.java:411)
	at org.apache.ratis.grpc.client.GrpcClientProtocolClient.<init>(GrpcClientProtocolClient.java:128)
	at org.apache.ratis.grpc.client.GrpcClientRpc.lambda$new$0(GrpcClientRpc.java:55)
	at org.apache.ratis.util.PeerProxyMap$PeerAndProxy.lambda$getProxy$0(PeerProxyMap.java:61)
	at org.apache.ratis.util.LifeCycle.startAndTransition(LifeCycle.java:202)
	at org.apache.ratis.util.PeerProxyMap$PeerAndProxy.getProxy(PeerProxyMap.java:60)
	at org.apache.ratis.util.PeerProxyMap.getProxy(PeerProxyMap.java:108)
	at org.apache.ratis.grpc.client.GrpcClientRpc.sendRequestAsync(GrpcClientRpc.java:66)
	at org.apache.ratis.client.impl.OrderedAsync.sendRequest(OrderedAsync.java:208)
	at org.apache.ratis.client.impl.OrderedAsync.sendRequestWithRetry(OrderedAsync.java:169)
	at org.apache.ratis.util.SlidingWindow$Client.sendOrDelayRequest(SlidingWindow.java:278)
	at org.apache.ratis.util.SlidingWindow$Client.submitNewRequest(SlidingWindow.java:257)
	at org.apache.ratis.client.impl.OrderedAsync.send(OrderedAsync.java:155)
	at org.apache.ratis.client.impl.RaftClientImpl.sendAsync(RaftClientImpl.java:144)
	at org.apache.ratis.client.impl.RaftClientImpl.sendAsync(RaftClientImpl.java:124)
	at org.apache.hadoop.hdds.scm.XceiverClientRatis.sendRequestAsync(XceiverClientRatis.java:236)
	at org.apache.hadoop.hdds.scm.XceiverClientRatis.sendCommandAsync(XceiverClientRatis.java:317)
	at org.apache.hadoop.hdds.scm.XceiverClientSpi.sendCommand(XceiverClientSpi.java:109)
	at org.apache.hadoop.ozone.container.server.TestSecureContainerServer.runTestClientServer(TestSecureContainerServer.java:241)
	at org.apache.hadoop.ozone.container.server.TestSecureContainerServer.runTestClientServerRatis(TestSecureContainerServer.java:160)
	at org.apache.hadoop.ozone.container.server.TestSecureContainerServer.testClientServerRatisGrpc(TestSecureContainerServer.java:134)
	at sun.reflect.NativeMethodAccessorImpl.invoke0(Native Method)
	at sun.reflect.NativeMethodAccessorImpl.invoke(NativeMethodAccessorImpl.java:62)
	at sun.reflect.DelegatingMethodAccessorImpl.invoke(DelegatingMethodAccessorImpl.java:43)
	at java.lang.reflect.Method.invoke(Method.java:498)
	at org.junit.runners.model.FrameworkMethod$1.runReflectiveCall(FrameworkMethod.java:47)
	at org.junit.internal.runners.model.ReflectiveCallable.run(ReflectiveCallable.java:12)
	at org.junit.runners.model.FrameworkMethod.invokeExplosively(FrameworkMethod.java:44)
	at org.junit.internal.runners.statements.InvokeMethod.evaluate(InvokeMethod.java:17)
	at org.junit.runners.ParentRunner.runLeaf(ParentRunner.java:271)
	at org.junit.runners.BlockJUnit4ClassRunner.runChild(BlockJUnit4ClassRunner.java:70)
	at org.junit.runners.BlockJUnit4ClassRunner.runChild(BlockJUnit4ClassRunner.java:50)
	at org.junit.runners.ParentRunner$3.run(ParentRunner.java:238)
	at org.junit.runners.ParentRunner$1.schedule(ParentRunner.java:63)
	at org.junit.runners.ParentRunner.runChildren(ParentRunner.java:236)
	at org.junit.runners.ParentRunner.access$000(ParentRunner.java:53)
	at org.junit.runners.ParentRunner$2.evaluate(ParentRunner.java:229)
	at org.junit.internal.runners.statements.RunBefores.evaluate(RunBefores.java:26)
	at org.junit.runners.ParentRunner.run(ParentRunner.java:309)
	at org.apache.maven.surefire.junit4.JUnit4Provider.execute(JUnit4Provider.java:365)
	at org.apache.maven.surefire.junit4.JUnit4Provider.executeWithRerun(JUnit4Provider.java:273)
	at org.apache.maven.surefire.junit4.JUnit4Provider.executeTestSet(JUnit4Provider.java:238)
	at org.apache.maven.surefire.junit4.JUnit4Provider.invoke(JUnit4Provider.java:159)
	at org.apache.maven.surefire.booter.ForkedBooter.invokeProviderInSameClassLoader(ForkedBooter.java:384)
	at org.apache.maven.surefire.booter.ForkedBooter.runSuitesInProcess(ForkedBooter.java:345)
	at org.apache.maven.surefire.booter.ForkedBooter.execute(ForkedBooter.java:126)
	at org.apache.maven.surefire.booter.ForkedBooter.main(ForkedBooter.java:418)

]]></system-err>
  </testcase>
</testsuite>