<?xml version="1.0" encoding="UTF-8"?>
<testsuite xmlns:xsi="http://www.w3.org/2001/XMLSchema-instance" xsi:noNamespaceSchemaLocation="https://maven.apache.org/surefire/maven-surefire-plugin/xsd/surefire-test-report.xsd" name="org.apache.hadoop.ozone.client.rpc.TestWatchForCommit" time="222.844" tests="5" errors="2" skipped="0" failures="1">
  <properties>
    <property name="awt.toolkit" value="sun.awt.X11.XToolkit"/>
    <property name="file.encoding.pkg" value="sun.io"/>
    <property name="java.specification.version" value="1.8"/>
    <property name="sun.cpu.isalist" value=""/>
    <property name="sun.jnu.encoding" value="UTF-8"/>
    <property name="java.class.path" value="/workdir/hadoop-ozone/integration-test/target/test-classes:/workdir/hadoop-ozone/integration-test/target/classes:/home/user/.m2/repository/org/apache/hadoop/hadoop-ozone-common/0.5.0-SNAPSHOT/hadoop-ozone-common-0.5.0-SNAPSHOT.jar:/home/user/.m2/repository/org/apache/commons/commons-compress/1.4.1/commons-compress-1.4.1.jar:/home/user/.m2/repository/org/tukaani/xz/1.0/xz-1.0.jar:/home/user/.m2/repository/org/apache/hadoop/hadoop-common/3.2.0/hadoop-common-3.2.0.jar:/home/user/.m2/repository/org/apache/hadoop/hadoop-hdfs/3.2.0/hadoop-hdfs-3.2.0.jar:/home/user/.m2/repository/org/apache/hadoop/hadoop-hdfs-client/3.2.0/hadoop-hdfs-client-3.2.0.jar:/home/user/.m2/repository/com/fasterxml/jackson/core/jackson-annotations/2.9.9/jackson-annotations-2.9.9.jar:/home/user/.m2/repository/org/apache/hadoop/hadoop-hdds-common/0.5.0-SNAPSHOT/hadoop-hdds-common-0.5.0-SNAPSHOT.jar:/home/user/.m2/repository/javax/annotation/javax.annotation-api/1.2/javax.annotation-api-1.2.jar:/home/user/.m2/repository/org/apache/ratis/ratis-server/0.5.0-201fc85-SNAPSHOT/ratis-server-0.5.0-201fc85-SNAPSHOT.jar:/home/user/.m2/repository/org/apache/ratis/ratis-thirdparty-misc/0.2.0/ratis-thirdparty-misc-0.2.0.jar:/home/user/.m2/repository/org/apache/ratis/ratis-proto/0.5.0-201fc85-SNAPSHOT/ratis-proto-0.5.0-201fc85-SNAPSHOT.jar:/home/user/.m2/repository/org/apache/ratis/ratis-common/0.5.0-201fc85-SNAPSHOT/ratis-common-0.5.0-201fc85-SNAPSHOT.jar:/home/user/.m2/repository/org/apache/ratis/ratis-client/0.5.0-201fc85-SNAPSHOT/ratis-client-0.5.0-201fc85-SNAPSHOT.jar:/home/user/.m2/repository/org/apache/ratis/ratis-metrics/0.5.0-201fc85-SNAPSHOT/ratis-metrics-0.5.0-201fc85-SNAPSHOT.jar:/home/user/.m2/repository/com/github/joshelser/dropwizard-metrics-hadoop-metrics2-reporter/0.1.2/dropwizard-metrics-hadoop-metrics2-reporter-0.1.2.jar:/home/user/.m2/repository/io/dropwizard/metrics/metrics-jvm/3.2.5/metrics-jvm-3.2.5.jar:/home/user/.m2/repository/io/dropwizard/metrics/metrics-ganglia/3.2.5/metrics-ganglia-3.2.5.jar:/home/user/.m2/repository/info/ganglia/gmetric4j/gmetric4j/1.0.7/gmetric4j-1.0.7.jar:/home/user/.m2/repository/org/apache/ratis/ratis-netty/0.5.0-201fc85-SNAPSHOT/ratis-netty-0.5.0-201fc85-SNAPSHOT.jar:/home/user/.m2/repository/org/apache/ratis/ratis-grpc/0.5.0-201fc85-SNAPSHOT/ratis-grpc-0.5.0-201fc85-SNAPSHOT.jar:/home/user/.m2/repository/org/rocksdb/rocksdbjni/6.0.1/rocksdbjni-6.0.1.jar:/home/user/.m2/repository/org/apache/logging/log4j/log4j-api/2.11.0/log4j-api-2.11.0.jar:/home/user/.m2/repository/org/apache/logging/log4j/log4j-core/2.11.0/log4j-core-2.11.0.jar:/home/user/.m2/repository/com/lmax/disruptor/3.4.2/disruptor-3.4.2.jar:/home/user/.m2/repository/org/apache/commons/commons-pool2/2.6.0/commons-pool2-2.6.0.jar:/home/user/.m2/repository/org/bouncycastle/bcpkix-jdk15on/1.60/bcpkix-jdk15on-1.60.jar:/home/user/.m2/repository/commons-validator/commons-validator/1.6/commons-validator-1.6.jar:/home/user/.m2/repository/commons-digester/commons-digester/1.8.1/commons-digester-1.8.1.jar:/home/user/.m2/repository/io/jaegertracing/jaeger-client/0.34.0/jaeger-client-0.34.0.jar:/home/user/.m2/repository/io/jaegertracing/jaeger-thrift/0.34.0/jaeger-thrift-0.34.0.jar:/home/user/.m2/repository/org/apache/thrift/libthrift/0.12.0/libthrift-0.12.0.jar:/home/user/.m2/repository/com/squareup/okhttp3/okhttp/3.9.0/okhttp-3.9.0.jar:/home/user/.m2/repository/com/squareup/okio/okio/1.13.0/okio-1.13.0.jar:/home/user/.m2/repository/io/jaegertracing/jaeger-core/0.34.0/jaeger-core-0.34.0.jar:/home/user/.m2/repository/io/jaegertracing/jaeger-tracerresolver/0.34.0/jaeger-tracerresolver-0.34.0.jar:/home/user/.m2/repository/io/opentracing/contrib/opentracing-tracerresolver/0.1.5/opentracing-tracerresolver-0.1.5.jar:/home/user/.m2/repository/io/opentracing/opentracing-util/0.31.0/opentracing-util-0.31.0.jar:/home/user/.m2/repository/io/opentracing/opentracing-api/0.31.0/opentracing-api-0.31.0.jar:/home/user/.m2/repository/io/opentracing/opentracing-noop/0.31.0/opentracing-noop-0.31.0.jar:/home/user/.m2/repository/org/apache/hadoop/hadoop-hdds-server-framework/0.5.0-SNAPSHOT/hadoop-hdds-server-framework-0.5.0-SNAPSHOT.jar:/home/user/.m2/repository/org/apache/hadoop/hadoop-hdds-container-service/0.5.0-SNAPSHOT/hadoop-hdds-container-service-0.5.0-SNAPSHOT.jar:/home/user/.m2/repository/org/apache/hadoop/hadoop-hdds-client/0.5.0-SNAPSHOT/hadoop-hdds-client-0.5.0-SNAPSHOT.jar:/home/user/.m2/repository/org/apache/hadoop/hadoop-hdds-tools/0.5.0-SNAPSHOT/hadoop-hdds-tools-0.5.0-SNAPSHOT.jar:/home/user/.m2/repository/org/apache/hadoop/hadoop-hdds-server-scm/0.5.0-SNAPSHOT/hadoop-hdds-server-scm-0.5.0-SNAPSHOT.jar:/home/user/.m2/repository/org/apache/hadoop/hadoop-hdds-docs/0.5.0-SNAPSHOT/hadoop-hdds-docs-0.5.0-SNAPSHOT.jar:/home/user/.m2/repository/io/dropwizard/metrics/metrics-core/3.2.4/metrics-core-3.2.4.jar:/home/user/.m2/repository/org/hamcrest/hamcrest-all/1.3/hamcrest-all-1.3.jar:/home/user/.m2/repository/org/bouncycastle/bcprov-jdk15on/1.60/bcprov-jdk15on-1.60.jar:/home/user/.m2/repository/info/picocli/picocli/3.9.6/picocli-3.9.6.jar:/home/user/.m2/repository/com/google/protobuf/protobuf-java/2.5.0/protobuf-java-2.5.0.jar:/home/user/.m2/repository/com/google/guava/guava/11.0.2/guava-11.0.2.jar:/home/user/.m2/repository/org/apache/hadoop/hadoop-ozone-ozone-manager/0.5.0-SNAPSHOT/hadoop-ozone-ozone-manager-0.5.0-SNAPSHOT.jar:/home/user/.m2/repository/org/apache/hadoop/hadoop-minikdc/3.2.0/hadoop-minikdc-3.2.0.jar:/home/user/.m2/repository/commons-io/commons-io/2.5/commons-io-2.5.jar:/home/user/.m2/repository/org/apache/kerby/kerb-simplekdc/1.0.1/kerb-simplekdc-1.0.1.jar:/home/user/.m2/repository/org/apache/kerby/kerb-client/1.0.1/kerb-client-1.0.1.jar:/home/user/.m2/repository/org/apache/kerby/kerby-config/1.0.1/kerby-config-1.0.1.jar:/home/user/.m2/repository/org/apache/kerby/kerb-core/1.0.1/kerb-core-1.0.1.jar:/home/user/.m2/repository/org/apache/kerby/kerby-pkix/1.0.1/kerby-pkix-1.0.1.jar:/home/user/.m2/repository/org/apache/kerby/kerby-asn1/1.0.1/kerby-asn1-1.0.1.jar:/home/user/.m2/repository/org/apache/kerby/kerby-util/1.0.1/kerby-util-1.0.1.jar:/home/user/.m2/repository/org/apache/kerby/kerb-common/1.0.1/kerb-common-1.0.1.jar:/home/user/.m2/repository/org/apache/kerby/kerb-crypto/1.0.1/kerb-crypto-1.0.1.jar:/home/user/.m2/repository/org/apache/kerby/kerb-util/1.0.1/kerb-util-1.0.1.jar:/home/user/.m2/repository/org/apache/kerby/token-provider/1.0.1/token-provider-1.0.1.jar:/home/user/.m2/repository/org/apache/kerby/kerb-admin/1.0.1/kerb-admin-1.0.1.jar:/home/user/.m2/repository/org/apache/kerby/kerb-server/1.0.1/kerb-server-1.0.1.jar:/home/user/.m2/repository/org/apache/kerby/kerb-identity/1.0.1/kerb-identity-1.0.1.jar:/home/user/.m2/repository/org/apache/kerby/kerby-xdr/1.0.1/kerby-xdr-1.0.1.jar:/home/user/.m2/repository/org/slf4j/slf4j-log4j12/1.7.25/slf4j-log4j12-1.7.25.jar:/home/user/.m2/repository/org/apache/hadoop/hadoop-ozone-s3gateway/0.5.0-SNAPSHOT/hadoop-ozone-s3gateway-0.5.0-SNAPSHOT.jar:/home/user/.m2/repository/org/jboss/weld/servlet/weld-servlet/2.4.7.Final/weld-servlet-2.4.7.Final.jar:/home/user/.m2/repository/org/glassfish/jersey/containers/jersey-container-servlet-core/2.27/jersey-container-servlet-core-2.27.jar:/home/user/.m2/repository/org/glassfish/hk2/external/javax.inject/2.5.0-b42/javax.inject-2.5.0-b42.jar:/home/user/.m2/repository/org/glassfish/jersey/core/jersey-common/2.27/jersey-common-2.27.jar:/home/user/.m2/repository/org/glassfish/hk2/osgi-resource-locator/1.0.1/osgi-resource-locator-1.0.1.jar:/home/user/.m2/repository/javax/ws/rs/javax.ws.rs-api/2.1/javax.ws.rs-api-2.1.jar:/home/user/.m2/repository/org/glassfish/jersey/ext/cdi/jersey-cdi1x/2.27/jersey-cdi1x-2.27.jar:/home/user/.m2/repository/org/glassfish/jersey/inject/jersey-hk2/2.27/jersey-hk2-2.27.jar:/home/user/.m2/repository/org/glassfish/hk2/hk2-locator/2.5.0-b42/hk2-locator-2.5.0-b42.jar:/home/user/.m2/repository/org/javassist/javassist/3.22.0-CR2/javassist-3.22.0-CR2.jar:/home/user/.m2/repository/org/glassfish/hk2/hk2-api/2.5.0/hk2-api-2.5.0.jar:/home/user/.m2/repository/org/glassfish/hk2/external/jakarta.inject/2.5.0/jakarta.inject-2.5.0.jar:/home/user/.m2/repository/org/glassfish/hk2/hk2-utils/2.5.0/hk2-utils-2.5.0.jar:/home/user/.m2/repository/jakarta/annotation/jakarta.annotation-api/1.3.4/jakarta.annotation-api-1.3.4.jar:/home/user/.m2/repository/org/glassfish/hk2/external/aopalliance-repackaged/2.5.0/aopalliance-repackaged-2.5.0.jar:/home/user/.m2/repository/com/fasterxml/jackson/dataformat/jackson-dataformat-xml/2.9.0/jackson-dataformat-xml-2.9.0.jar:/home/user/.m2/repository/com/fasterxml/jackson/core/jackson-core/2.9.9/jackson-core-2.9.9.jar:/home/user/.m2/repository/com/fasterxml/jackson/module/jackson-module-jaxb-annotations/2.9.9/jackson-module-jaxb-annotations-2.9.9.jar:/home/user/.m2/repository/javax/enterprise/cdi-api/1.2/cdi-api-1.2.jar:/home/user/.m2/repository/javax/el/javax.el-api/3.0.0/javax.el-api-3.0.0.jar:/home/user/.m2/repository/javax/interceptor/javax.interceptor-api/1.2/javax.interceptor-api-1.2.jar:/home/user/.m2/repository/javax/inject/javax.inject/1/javax.inject-1.jar:/home/user/.m2/repository/com/sun/xml/bind/jaxb-impl/2.3.0.1/jaxb-impl-2.3.0.1.jar:/home/user/.m2/repository/com/sun/xml/bind/jaxb-core/2.3.0.1/jaxb-core-2.3.0.1.jar:/home/user/.m2/repository/javax/xml/bind/jaxb-api/2.3.0/jaxb-api-2.3.0.jar:/home/user/.m2/repository/javax/activation/activation/1.1.1/activation-1.1.1.jar:/home/user/.m2/repository/org/apache/hadoop/hadoop-ozone-csi/0.5.0-SNAPSHOT/hadoop-ozone-csi-0.5.0-SNAPSHOT.jar:/home/user/.m2/repository/com/google/protobuf/protobuf-java-util/3.5.1/protobuf-java-util-3.5.1.jar:/home/user/.m2/repository/org/apache/hadoop/hadoop-hdds-config/0.5.0-SNAPSHOT/hadoop-hdds-config-0.5.0-SNAPSHOT.jar:/home/user/.m2/repository/io/grpc/grpc-netty/1.17.1/grpc-netty-1.17.1.jar:/home/user/.m2/repository/io/grpc/grpc-core/1.17.1/grpc-core-1.17.1.jar:/home/user/.m2/repository/io/grpc/grpc-context/1.17.1/grpc-context-1.17.1.jar:/home/user/.m2/repository/com/google/errorprone/error_prone_annotations/2.2.0/error_prone_annotations-2.2.0.jar:/home/user/.m2/repository/org/codehaus/mojo/animal-sniffer-annotations/1.17/animal-sniffer-annotations-1.17.jar:/home/user/.m2/repository/io/opencensus/opencensus-api/0.17.0/opencensus-api-0.17.0.jar:/home/user/.m2/repository/io/opencensus/opencensus-contrib-grpc-metrics/0.17.0/opencensus-contrib-grpc-metrics-0.17.0.jar:/home/user/.m2/repository/io/netty/netty-codec-http2/4.1.30.Final/netty-codec-http2-4.1.30.Final.jar:/home/user/.m2/repository/io/netty/netty-codec-http/4.1.30.Final/netty-codec-http-4.1.30.Final.jar:/home/user/.m2/repository/io/netty/netty-codec/4.1.30.Final/netty-codec-4.1.30.Final.jar:/home/user/.m2/repository/io/netty/netty-handler/4.1.30.Final/netty-handler-4.1.30.Final.jar:/home/user/.m2/repository/io/netty/netty-handler-proxy/4.1.30.Final/netty-handler-proxy-4.1.30.Final.jar:/home/user/.m2/repository/io/netty/netty-codec-socks/4.1.30.Final/netty-codec-socks-4.1.30.Final.jar:/home/user/.m2/repository/io/netty/netty-transport-native-epoll/4.1.30.Final/netty-transport-native-epoll-4.1.30.Final.jar:/home/user/.m2/repository/io/netty/netty-common/4.1.30.Final/netty-common-4.1.30.Final.jar:/home/user/.m2/repository/io/netty/netty-buffer/4.1.30.Final/netty-buffer-4.1.30.Final.jar:/home/user/.m2/repository/io/netty/netty-transport/4.1.30.Final/netty-transport-4.1.30.Final.jar:/home/user/.m2/repository/io/netty/netty-resolver/4.1.30.Final/netty-resolver-4.1.30.Final.jar:/home/user/.m2/repository/io/netty/netty-transport-native-unix-common/4.1.30.Final/netty-transport-native-unix-common-4.1.30.Final.jar:/home/user/.m2/repository/io/grpc/grpc-protobuf/1.17.1/grpc-protobuf-1.17.1.jar:/home/user/.m2/repository/com/google/api/grpc/proto-google-common-protos/1.0.0/proto-google-common-protos-1.0.0.jar:/home/user/.m2/repository/io/grpc/grpc-protobuf-lite/1.17.1/grpc-protobuf-lite-1.17.1.jar:/home/user/.m2/repository/io/grpc/grpc-stub/1.17.1/grpc-stub-1.17.1.jar:/home/user/.m2/repository/org/apache/hadoop/hadoop-ozone-recon/0.5.0-SNAPSHOT/hadoop-ozone-recon-0.5.0-SNAPSHOT.jar:/home/user/.m2/repository/org/apache/hadoop/hadoop-ozone-reconcodegen/0.5.0-SNAPSHOT/hadoop-ozone-reconcodegen-0.5.0-SNAPSHOT.jar:/home/user/.m2/repository/com/google/inject/extensions/guice-multibindings/4.0/guice-multibindings-4.0.jar:/home/user/.m2/repository/com/google/inject/guice/4.0/guice-4.0.jar:/home/user/.m2/repository/aopalliance/aopalliance/1.0/aopalliance-1.0.jar:/home/user/.m2/repository/com/google/inject/extensions/guice-servlet/4.0/guice-servlet-4.0.jar:/home/user/.m2/repository/org/glassfish/jersey/containers/jersey-container-servlet/2.27/jersey-container-servlet-2.27.jar:/home/user/.m2/repository/org/glassfish/hk2/guice-bridge/2.5.0/guice-bridge-2.5.0.jar:/home/user/.m2/repository/org/glassfish/jersey/core/jersey-server/2.27/jersey-server-2.27.jar:/home/user/.m2/repository/org/glassfish/jersey/core/jersey-client/2.27/jersey-client-2.27.jar:/home/user/.m2/repository/org/glassfish/jersey/media/jersey-media-jaxb/2.27/jersey-media-jaxb-2.27.jar:/home/user/.m2/repository/javax/validation/validation-api/1.1.0.Final/validation-api-1.1.0.Final.jar:/home/user/.m2/repository/org/glassfish/jersey/media/jersey-media-json-jackson/2.27/jersey-media-json-jackson-2.27.jar:/home/user/.m2/repository/org/glassfish/jersey/ext/jersey-entity-filtering/2.27/jersey-entity-filtering-2.27.jar:/home/user/.m2/repository/com/google/inject/extensions/guice-assistedinject/4.0/guice-assistedinject-4.0.jar:/home/user/.m2/repository/org/jooq/jooq/3.11.10/jooq-3.11.10.jar:/home/user/.m2/repository/org/jooq/jooq-meta/3.11.10/jooq-meta-3.11.10.jar:/home/user/.m2/repository/org/jooq/jooq-codegen/3.11.10/jooq-codegen-3.11.10.jar:/home/user/.m2/repository/com/jolbox/bonecp/0.8.0.RELEASE/bonecp-0.8.0.RELEASE.jar:/home/user/.m2/repository/org/xerial/sqlite-jdbc/3.25.2/sqlite-jdbc-3.25.2.jar:/home/user/.m2/repository/org/springframework/spring-jdbc/5.1.3.RELEASE/spring-jdbc-5.1.3.RELEASE.jar:/home/user/.m2/repository/org/springframework/spring-beans/5.1.3.RELEASE/spring-beans-5.1.3.RELEASE.jar:/home/user/.m2/repository/org/springframework/spring-core/5.1.3.RELEASE/spring-core-5.1.3.RELEASE.jar:/home/user/.m2/repository/org/springframework/spring-jcl/5.1.3.RELEASE/spring-jcl-5.1.3.RELEASE.jar:/home/user/.m2/repository/org/springframework/spring-tx/5.1.3.RELEASE/spring-tx-5.1.3.RELEASE.jar:/home/user/.m2/repository/org/apache/hadoop/hadoop-ozone-client/0.5.0-SNAPSHOT/hadoop-ozone-client-0.5.0-SNAPSHOT.jar:/home/user/.m2/repository/commons-lang/commons-lang/2.6/commons-lang-2.6.jar:/home/user/.m2/repository/org/apache/hadoop/hadoop-ozone-ozone-manager/0.5.0-SNAPSHOT/hadoop-ozone-ozone-manager-0.5.0-SNAPSHOT-tests.jar:/home/user/.m2/repository/junit/junit/4.11/junit-4.11.jar:/home/user/.m2/repository/org/hamcrest/hamcrest-core/1.3/hamcrest-core-1.3.jar:/home/user/.m2/repository/org/openjdk/jmh/jmh-core/1.19/jmh-core-1.19.jar:/home/user/.m2/repository/net/sf/jopt-simple/jopt-simple/4.6/jopt-simple-4.6.jar:/home/user/.m2/repository/org/apache/commons/commons-math3/3.1.1/commons-math3-3.1.1.jar:/home/user/.m2/repository/org/openjdk/jmh/jmh-generator-annprocess/1.19/jmh-generator-annprocess-1.19.jar:/home/user/.m2/repository/org/mockito/mockito-all/1.8.5/mockito-all-1.8.5.jar:/home/user/.m2/repository/org/apache/hadoop/hadoop-kms/3.2.0/hadoop-kms-3.2.0.jar:/home/user/.m2/repository/org/apache/hadoop/hadoop-auth/3.2.0/hadoop-auth-3.2.0.jar:/home/user/.m2/repository/com/nimbusds/nimbus-jose-jwt/4.41.1/nimbus-jose-jwt-4.41.1.jar:/home/user/.m2/repository/com/github/stephenc/jcip/jcip-annotations/1.0-1/jcip-annotations-1.0-1.jar:/home/user/.m2/repository/net/minidev/json-smart/2.3/json-smart-2.3.jar:/home/user/.m2/repository/net/minidev/accessors-smart/1.2/accessors-smart-1.2.jar:/home/user/.m2/repository/org/ow2/asm/asm/5.0.4/asm-5.0.4.jar:/home/user/.m2/repository/org/apache/curator/curator-framework/2.12.0/curator-framework-2.12.0.jar:/home/user/.m2/repository/com/sun/jersey/jersey-core/1.19/jersey-core-1.19.jar:/home/user/.m2/repository/javax/ws/rs/jsr311-api/1.1.1/jsr311-api-1.1.1.jar:/home/user/.m2/repository/com/sun/jersey/jersey-server/1.19/jersey-server-1.19.jar:/home/user/.m2/repository/javax/servlet/javax.servlet-api/3.1.0/javax.servlet-api-3.1.0.jar:/home/user/.m2/repository/org/eclipse/jetty/jetty-server/9.3.25.v20180904/jetty-server-9.3.25.v20180904.jar:/home/user/.m2/repository/org/eclipse/jetty/jetty-http/9.3.25.v20180904/jetty-http-9.3.25.v20180904.jar:/home/user/.m2/repository/org/eclipse/jetty/jetty-io/9.3.25.v20180904/jetty-io-9.3.25.v20180904.jar:/home/user/.m2/repository/org/eclipse/jetty/jetty-webapp/9.3.25.v20180904/jetty-webapp-9.3.25.v20180904.jar:/home/user/.m2/repository/org/eclipse/jetty/jetty-xml/9.3.25.v20180904/jetty-xml-9.3.25.v20180904.jar:/home/user/.m2/repository/log4j/log4j/1.2.17/log4j-1.2.17.jar:/home/user/.m2/repository/org/slf4j/slf4j-api/1.7.25/slf4j-api-1.7.25.jar:/home/user/.m2/repository/org/slf4j/jul-to-slf4j/1.7.25/jul-to-slf4j-1.7.25.jar:/home/user/.m2/repository/org/eclipse/jetty/jetty-util/9.3.25.v20180904/jetty-util-9.3.25.v20180904.jar:/home/user/.m2/repository/com/fasterxml/jackson/core/jackson-databind/2.9.9/jackson-databind-2.9.9.jar:/home/user/.m2/repository/org/apache/hadoop/hadoop-kms/3.2.0/hadoop-kms-3.2.0-tests.jar:/home/user/.m2/repository/org/apache/hadoop/hadoop-hdds-server-scm/0.5.0-SNAPSHOT/hadoop-hdds-server-scm-0.5.0-SNAPSHOT-tests.jar:/home/user/.m2/repository/org/apache/hadoop/hadoop-hdds-container-service/0.5.0-SNAPSHOT/hadoop-hdds-container-service-0.5.0-SNAPSHOT-tests.jar:/home/user/.m2/repository/org/yaml/snakeyaml/1.16/snakeyaml-1.16.jar:/home/user/.m2/repository/org/apache/hadoop/hadoop-common/3.2.0/hadoop-common-3.2.0-tests.jar:/home/user/.m2/repository/org/apache/hadoop/hadoop-annotations/3.2.0/hadoop-annotations-3.2.0.jar:/usr/lib/jvm/java-1.8-openjdk/jre/../lib/tools.jar:/home/user/.m2/repository/commons-cli/commons-cli/1.2/commons-cli-1.2.jar:/home/user/.m2/repository/org/apache/httpcomponents/httpclient/4.5.2/httpclient-4.5.2.jar:/home/user/.m2/repository/org/apache/httpcomponents/httpcore/4.4.4/httpcore-4.4.4.jar:/home/user/.m2/repository/commons-codec/commons-codec/1.11/commons-codec-1.11.jar:/home/user/.m2/repository/commons-net/commons-net/3.6/commons-net-3.6.jar:/home/user/.m2/repository/commons-collections/commons-collections/3.2.2/commons-collections-3.2.2.jar:/home/user/.m2/repository/org/eclipse/jetty/jetty-servlet/9.3.25.v20180904/jetty-servlet-9.3.25.v20180904.jar:/home/user/.m2/repository/org/eclipse/jetty/jetty-security/9.3.25.v20180904/jetty-security-9.3.25.v20180904.jar:/home/user/.m2/repository/javax/servlet/jsp/jsp-api/2.1/jsp-api-2.1.jar:/home/user/.m2/repository/com/sun/jersey/jersey-servlet/1.19/jersey-servlet-1.19.jar:/home/user/.m2/repository/com/sun/jersey/jersey-json/1.19/jersey-json-1.19.jar:/home/user/.m2/repository/org/codehaus/jettison/jettison/1.1/jettison-1.1.jar:/home/user/.m2/repository/org/codehaus/jackson/jackson-core-asl/1.9.13/jackson-core-asl-1.9.13.jar:/home/user/.m2/repository/org/codehaus/jackson/jackson-mapper-asl/1.9.13/jackson-mapper-asl-1.9.13.jar:/home/user/.m2/repository/org/codehaus/jackson/jackson-jaxrs/1.9.13/jackson-jaxrs-1.9.13.jar:/home/user/.m2/repository/org/codehaus/jackson/jackson-xc/1.9.13/jackson-xc-1.9.13.jar:/home/user/.m2/repository/commons-logging/commons-logging/1.1.3/commons-logging-1.1.3.jar:/home/user/.m2/repository/commons-beanutils/commons-beanutils/1.9.4/commons-beanutils-1.9.4.jar:/home/user/.m2/repository/org/apache/commons/commons-configuration2/2.1.1/commons-configuration2-2.1.1.jar:/home/user/.m2/repository/org/apache/commons/commons-lang3/3.7/commons-lang3-3.7.jar:/home/user/.m2/repository/org/apache/commons/commons-text/1.4/commons-text-1.4.jar:/home/user/.m2/repository/org/apache/avro/avro/1.7.7/avro-1.7.7.jar:/home/user/.m2/repository/com/thoughtworks/paranamer/paranamer/2.3/paranamer-2.3.jar:/home/user/.m2/repository/org/xerial/snappy/snappy-java/1.0.5/snappy-java-1.0.5.jar:/home/user/.m2/repository/com/google/re2j/re2j/1.1/re2j-1.1.jar:/home/user/.m2/repository/com/google/code/gson/gson/2.2.4/gson-2.2.4.jar:/home/user/.m2/repository/com/jcraft/jsch/0.1.54/jsch-0.1.54.jar:/home/user/.m2/repository/org/apache/curator/curator-client/2.12.0/curator-client-2.12.0.jar:/home/user/.m2/repository/org/apache/curator/curator-recipes/2.12.0/curator-recipes-2.12.0.jar:/home/user/.m2/repository/com/google/code/findbugs/jsr305/3.0.0/jsr305-3.0.0.jar:/home/user/.m2/repository/org/apache/htrace/htrace-core4/4.1.0-incubating/htrace-core4-4.1.0-incubating.jar:/home/user/.m2/repository/org/apache/zookeeper/zookeeper/3.4.13/zookeeper-3.4.13.jar:/home/user/.m2/repository/jline/jline/0.9.94/jline-0.9.94.jar:/home/user/.m2/repository/org/apache/yetus/audience-annotations/0.5.0/audience-annotations-0.5.0.jar:/home/user/.m2/repository/org/codehaus/woodstox/stax2-api/3.1.4/stax2-api-3.1.4.jar:/home/user/.m2/repository/com/fasterxml/woodstox/woodstox-core/5.0.3/woodstox-core-5.0.3.jar:/home/user/.m2/repository/dnsjava/dnsjava/2.1.7/dnsjava-2.1.7.jar:/home/user/.m2/repository/org/apache/hadoop/hadoop-hdfs/3.2.0/hadoop-hdfs-3.2.0-tests.jar:/home/user/.m2/repository/org/eclipse/jetty/jetty-util-ajax/9.3.25.v20180904/jetty-util-ajax-9.3.25.v20180904.jar:/home/user/.m2/repository/commons-daemon/commons-daemon/1.0.13/commons-daemon-1.0.13.jar:/home/user/.m2/repository/io/netty/netty/3.10.5.Final/netty-3.10.5.Final.jar:/home/user/.m2/repository/io/netty/netty-all/4.0.52.Final/netty-all-4.0.52.Final.jar:/home/user/.m2/repository/org/fusesource/leveldbjni/leveldbjni-all/1.8/leveldbjni-all-1.8.jar:"/>
    <property name="java.vm.vendor" value="IcedTea"/>
    <property name="sun.arch.data.model" value="64"/>
    <property name="test.build.dir" value="/workdir/hadoop-ozone/integration-test/target/test-dir"/>
    <property name="test.cache.data" value=""/>
    <property name="java.vendor.url" value="https://icedtea.classpath.org"/>
    <property name="user.timezone" value=""/>
    <property name="java.vm.specification.version" value="1.8"/>
    <property name="os.name" value="Linux"/>
    <property name="test.build.data" value="/workdir/hadoop-ozone/integration-test/target/test-dir"/>
    <property name="user.country" value="US"/>
    <property name="sun.java.launcher" value="SUN_STANDARD"/>
    <property name="sun.boot.library.path" value="/usr/lib/jvm/java-1.8-openjdk/jre/lib/amd64"/>
    <property name="sun.java.command" value="/workdir/hadoop-ozone/integration-test/target/surefire/surefirebooter3809054487395514057.jar /workdir/hadoop-ozone/integration-test/target/surefire 2019-10-13T19-49-04_583-jvmRun1 surefire7086635027402617028tmp surefire_404011625897050604138tmp"/>
    <property name="test" value="!TestMiniChaosOzoneCluster"/>
    <property name="surefire.test.class.path" value="/workdir/hadoop-ozone/integration-test/target/test-classes:/workdir/hadoop-ozone/integration-test/target/classes:/home/user/.m2/repository/org/apache/hadoop/hadoop-ozone-common/0.5.0-SNAPSHOT/hadoop-ozone-common-0.5.0-SNAPSHOT.jar:/home/user/.m2/repository/org/apache/commons/commons-compress/1.4.1/commons-compress-1.4.1.jar:/home/user/.m2/repository/org/tukaani/xz/1.0/xz-1.0.jar:/home/user/.m2/repository/org/apache/hadoop/hadoop-common/3.2.0/hadoop-common-3.2.0.jar:/home/user/.m2/repository/org/apache/hadoop/hadoop-hdfs/3.2.0/hadoop-hdfs-3.2.0.jar:/home/user/.m2/repository/org/apache/hadoop/hadoop-hdfs-client/3.2.0/hadoop-hdfs-client-3.2.0.jar:/home/user/.m2/repository/com/fasterxml/jackson/core/jackson-annotations/2.9.9/jackson-annotations-2.9.9.jar:/home/user/.m2/repository/org/apache/hadoop/hadoop-hdds-common/0.5.0-SNAPSHOT/hadoop-hdds-common-0.5.0-SNAPSHOT.jar:/home/user/.m2/repository/javax/annotation/javax.annotation-api/1.2/javax.annotation-api-1.2.jar:/home/user/.m2/repository/org/apache/ratis/ratis-server/0.5.0-201fc85-SNAPSHOT/ratis-server-0.5.0-201fc85-SNAPSHOT.jar:/home/user/.m2/repository/org/apache/ratis/ratis-thirdparty-misc/0.2.0/ratis-thirdparty-misc-0.2.0.jar:/home/user/.m2/repository/org/apache/ratis/ratis-proto/0.5.0-201fc85-SNAPSHOT/ratis-proto-0.5.0-201fc85-SNAPSHOT.jar:/home/user/.m2/repository/org/apache/ratis/ratis-common/0.5.0-201fc85-SNAPSHOT/ratis-common-0.5.0-201fc85-SNAPSHOT.jar:/home/user/.m2/repository/org/apache/ratis/ratis-client/0.5.0-201fc85-SNAPSHOT/ratis-client-0.5.0-201fc85-SNAPSHOT.jar:/home/user/.m2/repository/org/apache/ratis/ratis-metrics/0.5.0-201fc85-SNAPSHOT/ratis-metrics-0.5.0-201fc85-SNAPSHOT.jar:/home/user/.m2/repository/com/github/joshelser/dropwizard-metrics-hadoop-metrics2-reporter/0.1.2/dropwizard-metrics-hadoop-metrics2-reporter-0.1.2.jar:/home/user/.m2/repository/io/dropwizard/metrics/metrics-jvm/3.2.5/metrics-jvm-3.2.5.jar:/home/user/.m2/repository/io/dropwizard/metrics/metrics-ganglia/3.2.5/metrics-ganglia-3.2.5.jar:/home/user/.m2/repository/info/ganglia/gmetric4j/gmetric4j/1.0.7/gmetric4j-1.0.7.jar:/home/user/.m2/repository/org/apache/ratis/ratis-netty/0.5.0-201fc85-SNAPSHOT/ratis-netty-0.5.0-201fc85-SNAPSHOT.jar:/home/user/.m2/repository/org/apache/ratis/ratis-grpc/0.5.0-201fc85-SNAPSHOT/ratis-grpc-0.5.0-201fc85-SNAPSHOT.jar:/home/user/.m2/repository/org/rocksdb/rocksdbjni/6.0.1/rocksdbjni-6.0.1.jar:/home/user/.m2/repository/org/apache/logging/log4j/log4j-api/2.11.0/log4j-api-2.11.0.jar:/home/user/.m2/repository/org/apache/logging/log4j/log4j-core/2.11.0/log4j-core-2.11.0.jar:/home/user/.m2/repository/com/lmax/disruptor/3.4.2/disruptor-3.4.2.jar:/home/user/.m2/repository/org/apache/commons/commons-pool2/2.6.0/commons-pool2-2.6.0.jar:/home/user/.m2/repository/org/bouncycastle/bcpkix-jdk15on/1.60/bcpkix-jdk15on-1.60.jar:/home/user/.m2/repository/commons-validator/commons-validator/1.6/commons-validator-1.6.jar:/home/user/.m2/repository/commons-digester/commons-digester/1.8.1/commons-digester-1.8.1.jar:/home/user/.m2/repository/io/jaegertracing/jaeger-client/0.34.0/jaeger-client-0.34.0.jar:/home/user/.m2/repository/io/jaegertracing/jaeger-thrift/0.34.0/jaeger-thrift-0.34.0.jar:/home/user/.m2/repository/org/apache/thrift/libthrift/0.12.0/libthrift-0.12.0.jar:/home/user/.m2/repository/com/squareup/okhttp3/okhttp/3.9.0/okhttp-3.9.0.jar:/home/user/.m2/repository/com/squareup/okio/okio/1.13.0/okio-1.13.0.jar:/home/user/.m2/repository/io/jaegertracing/jaeger-core/0.34.0/jaeger-core-0.34.0.jar:/home/user/.m2/repository/io/jaegertracing/jaeger-tracerresolver/0.34.0/jaeger-tracerresolver-0.34.0.jar:/home/user/.m2/repository/io/opentracing/contrib/opentracing-tracerresolver/0.1.5/opentracing-tracerresolver-0.1.5.jar:/home/user/.m2/repository/io/opentracing/opentracing-util/0.31.0/opentracing-util-0.31.0.jar:/home/user/.m2/repository/io/opentracing/opentracing-api/0.31.0/opentracing-api-0.31.0.jar:/home/user/.m2/repository/io/opentracing/opentracing-noop/0.31.0/opentracing-noop-0.31.0.jar:/home/user/.m2/repository/org/apache/hadoop/hadoop-hdds-server-framework/0.5.0-SNAPSHOT/hadoop-hdds-server-framework-0.5.0-SNAPSHOT.jar:/home/user/.m2/repository/org/apache/hadoop/hadoop-hdds-container-service/0.5.0-SNAPSHOT/hadoop-hdds-container-service-0.5.0-SNAPSHOT.jar:/home/user/.m2/repository/org/apache/hadoop/hadoop-hdds-client/0.5.0-SNAPSHOT/hadoop-hdds-client-0.5.0-SNAPSHOT.jar:/home/user/.m2/repository/org/apache/hadoop/hadoop-hdds-tools/0.5.0-SNAPSHOT/hadoop-hdds-tools-0.5.0-SNAPSHOT.jar:/home/user/.m2/repository/org/apache/hadoop/hadoop-hdds-server-scm/0.5.0-SNAPSHOT/hadoop-hdds-server-scm-0.5.0-SNAPSHOT.jar:/home/user/.m2/repository/org/apache/hadoop/hadoop-hdds-docs/0.5.0-SNAPSHOT/hadoop-hdds-docs-0.5.0-SNAPSHOT.jar:/home/user/.m2/repository/io/dropwizard/metrics/metrics-core/3.2.4/metrics-core-3.2.4.jar:/home/user/.m2/repository/org/hamcrest/hamcrest-all/1.3/hamcrest-all-1.3.jar:/home/user/.m2/repository/org/bouncycastle/bcprov-jdk15on/1.60/bcprov-jdk15on-1.60.jar:/home/user/.m2/repository/info/picocli/picocli/3.9.6/picocli-3.9.6.jar:/home/user/.m2/repository/com/google/protobuf/protobuf-java/2.5.0/protobuf-java-2.5.0.jar:/home/user/.m2/repository/com/google/guava/guava/11.0.2/guava-11.0.2.jar:/home/user/.m2/repository/org/apache/hadoop/hadoop-ozone-ozone-manager/0.5.0-SNAPSHOT/hadoop-ozone-ozone-manager-0.5.0-SNAPSHOT.jar:/home/user/.m2/repository/org/apache/hadoop/hadoop-minikdc/3.2.0/hadoop-minikdc-3.2.0.jar:/home/user/.m2/repository/commons-io/commons-io/2.5/commons-io-2.5.jar:/home/user/.m2/repository/org/apache/kerby/kerb-simplekdc/1.0.1/kerb-simplekdc-1.0.1.jar:/home/user/.m2/repository/org/apache/kerby/kerb-client/1.0.1/kerb-client-1.0.1.jar:/home/user/.m2/repository/org/apache/kerby/kerby-config/1.0.1/kerby-config-1.0.1.jar:/home/user/.m2/repository/org/apache/kerby/kerb-core/1.0.1/kerb-core-1.0.1.jar:/home/user/.m2/repository/org/apache/kerby/kerby-pkix/1.0.1/kerby-pkix-1.0.1.jar:/home/user/.m2/repository/org/apache/kerby/kerby-asn1/1.0.1/kerby-asn1-1.0.1.jar:/home/user/.m2/repository/org/apache/kerby/kerby-util/1.0.1/kerby-util-1.0.1.jar:/home/user/.m2/repository/org/apache/kerby/kerb-common/1.0.1/kerb-common-1.0.1.jar:/home/user/.m2/repository/org/apache/kerby/kerb-crypto/1.0.1/kerb-crypto-1.0.1.jar:/home/user/.m2/repository/org/apache/kerby/kerb-util/1.0.1/kerb-util-1.0.1.jar:/home/user/.m2/repository/org/apache/kerby/token-provider/1.0.1/token-provider-1.0.1.jar:/home/user/.m2/repository/org/apache/kerby/kerb-admin/1.0.1/kerb-admin-1.0.1.jar:/home/user/.m2/repository/org/apache/kerby/kerb-server/1.0.1/kerb-server-1.0.1.jar:/home/user/.m2/repository/org/apache/kerby/kerb-identity/1.0.1/kerb-identity-1.0.1.jar:/home/user/.m2/repository/org/apache/kerby/kerby-xdr/1.0.1/kerby-xdr-1.0.1.jar:/home/user/.m2/repository/org/slf4j/slf4j-log4j12/1.7.25/slf4j-log4j12-1.7.25.jar:/home/user/.m2/repository/org/apache/hadoop/hadoop-ozone-s3gateway/0.5.0-SNAPSHOT/hadoop-ozone-s3gateway-0.5.0-SNAPSHOT.jar:/home/user/.m2/repository/org/jboss/weld/servlet/weld-servlet/2.4.7.Final/weld-servlet-2.4.7.Final.jar:/home/user/.m2/repository/org/glassfish/jersey/containers/jersey-container-servlet-core/2.27/jersey-container-servlet-core-2.27.jar:/home/user/.m2/repository/org/glassfish/hk2/external/javax.inject/2.5.0-b42/javax.inject-2.5.0-b42.jar:/home/user/.m2/repository/org/glassfish/jersey/core/jersey-common/2.27/jersey-common-2.27.jar:/home/user/.m2/repository/org/glassfish/hk2/osgi-resource-locator/1.0.1/osgi-resource-locator-1.0.1.jar:/home/user/.m2/repository/javax/ws/rs/javax.ws.rs-api/2.1/javax.ws.rs-api-2.1.jar:/home/user/.m2/repository/org/glassfish/jersey/ext/cdi/jersey-cdi1x/2.27/jersey-cdi1x-2.27.jar:/home/user/.m2/repository/org/glassfish/jersey/inject/jersey-hk2/2.27/jersey-hk2-2.27.jar:/home/user/.m2/repository/org/glassfish/hk2/hk2-locator/2.5.0-b42/hk2-locator-2.5.0-b42.jar:/home/user/.m2/repository/org/javassist/javassist/3.22.0-CR2/javassist-3.22.0-CR2.jar:/home/user/.m2/repository/org/glassfish/hk2/hk2-api/2.5.0/hk2-api-2.5.0.jar:/home/user/.m2/repository/org/glassfish/hk2/external/jakarta.inject/2.5.0/jakarta.inject-2.5.0.jar:/home/user/.m2/repository/org/glassfish/hk2/hk2-utils/2.5.0/hk2-utils-2.5.0.jar:/home/user/.m2/repository/jakarta/annotation/jakarta.annotation-api/1.3.4/jakarta.annotation-api-1.3.4.jar:/home/user/.m2/repository/org/glassfish/hk2/external/aopalliance-repackaged/2.5.0/aopalliance-repackaged-2.5.0.jar:/home/user/.m2/repository/com/fasterxml/jackson/dataformat/jackson-dataformat-xml/2.9.0/jackson-dataformat-xml-2.9.0.jar:/home/user/.m2/repository/com/fasterxml/jackson/core/jackson-core/2.9.9/jackson-core-2.9.9.jar:/home/user/.m2/repository/com/fasterxml/jackson/module/jackson-module-jaxb-annotations/2.9.9/jackson-module-jaxb-annotations-2.9.9.jar:/home/user/.m2/repository/javax/enterprise/cdi-api/1.2/cdi-api-1.2.jar:/home/user/.m2/repository/javax/el/javax.el-api/3.0.0/javax.el-api-3.0.0.jar:/home/user/.m2/repository/javax/interceptor/javax.interceptor-api/1.2/javax.interceptor-api-1.2.jar:/home/user/.m2/repository/javax/inject/javax.inject/1/javax.inject-1.jar:/home/user/.m2/repository/com/sun/xml/bind/jaxb-impl/2.3.0.1/jaxb-impl-2.3.0.1.jar:/home/user/.m2/repository/com/sun/xml/bind/jaxb-core/2.3.0.1/jaxb-core-2.3.0.1.jar:/home/user/.m2/repository/javax/xml/bind/jaxb-api/2.3.0/jaxb-api-2.3.0.jar:/home/user/.m2/repository/javax/activation/activation/1.1.1/activation-1.1.1.jar:/home/user/.m2/repository/org/apache/hadoop/hadoop-ozone-csi/0.5.0-SNAPSHOT/hadoop-ozone-csi-0.5.0-SNAPSHOT.jar:/home/user/.m2/repository/com/google/protobuf/protobuf-java-util/3.5.1/protobuf-java-util-3.5.1.jar:/home/user/.m2/repository/org/apache/hadoop/hadoop-hdds-config/0.5.0-SNAPSHOT/hadoop-hdds-config-0.5.0-SNAPSHOT.jar:/home/user/.m2/repository/io/grpc/grpc-netty/1.17.1/grpc-netty-1.17.1.jar:/home/user/.m2/repository/io/grpc/grpc-core/1.17.1/grpc-core-1.17.1.jar:/home/user/.m2/repository/io/grpc/grpc-context/1.17.1/grpc-context-1.17.1.jar:/home/user/.m2/repository/com/google/errorprone/error_prone_annotations/2.2.0/error_prone_annotations-2.2.0.jar:/home/user/.m2/repository/org/codehaus/mojo/animal-sniffer-annotations/1.17/animal-sniffer-annotations-1.17.jar:/home/user/.m2/repository/io/opencensus/opencensus-api/0.17.0/opencensus-api-0.17.0.jar:/home/user/.m2/repository/io/opencensus/opencensus-contrib-grpc-metrics/0.17.0/opencensus-contrib-grpc-metrics-0.17.0.jar:/home/user/.m2/repository/io/netty/netty-codec-http2/4.1.30.Final/netty-codec-http2-4.1.30.Final.jar:/home/user/.m2/repository/io/netty/netty-codec-http/4.1.30.Final/netty-codec-http-4.1.30.Final.jar:/home/user/.m2/repository/io/netty/netty-codec/4.1.30.Final/netty-codec-4.1.30.Final.jar:/home/user/.m2/repository/io/netty/netty-handler/4.1.30.Final/netty-handler-4.1.30.Final.jar:/home/user/.m2/repository/io/netty/netty-handler-proxy/4.1.30.Final/netty-handler-proxy-4.1.30.Final.jar:/home/user/.m2/repository/io/netty/netty-codec-socks/4.1.30.Final/netty-codec-socks-4.1.30.Final.jar:/home/user/.m2/repository/io/netty/netty-transport-native-epoll/4.1.30.Final/netty-transport-native-epoll-4.1.30.Final.jar:/home/user/.m2/repository/io/netty/netty-common/4.1.30.Final/netty-common-4.1.30.Final.jar:/home/user/.m2/repository/io/netty/netty-buffer/4.1.30.Final/netty-buffer-4.1.30.Final.jar:/home/user/.m2/repository/io/netty/netty-transport/4.1.30.Final/netty-transport-4.1.30.Final.jar:/home/user/.m2/repository/io/netty/netty-resolver/4.1.30.Final/netty-resolver-4.1.30.Final.jar:/home/user/.m2/repository/io/netty/netty-transport-native-unix-common/4.1.30.Final/netty-transport-native-unix-common-4.1.30.Final.jar:/home/user/.m2/repository/io/grpc/grpc-protobuf/1.17.1/grpc-protobuf-1.17.1.jar:/home/user/.m2/repository/com/google/api/grpc/proto-google-common-protos/1.0.0/proto-google-common-protos-1.0.0.jar:/home/user/.m2/repository/io/grpc/grpc-protobuf-lite/1.17.1/grpc-protobuf-lite-1.17.1.jar:/home/user/.m2/repository/io/grpc/grpc-stub/1.17.1/grpc-stub-1.17.1.jar:/home/user/.m2/repository/org/apache/hadoop/hadoop-ozone-recon/0.5.0-SNAPSHOT/hadoop-ozone-recon-0.5.0-SNAPSHOT.jar:/home/user/.m2/repository/org/apache/hadoop/hadoop-ozone-reconcodegen/0.5.0-SNAPSHOT/hadoop-ozone-reconcodegen-0.5.0-SNAPSHOT.jar:/home/user/.m2/repository/com/google/inject/extensions/guice-multibindings/4.0/guice-multibindings-4.0.jar:/home/user/.m2/repository/com/google/inject/guice/4.0/guice-4.0.jar:/home/user/.m2/repository/aopalliance/aopalliance/1.0/aopalliance-1.0.jar:/home/user/.m2/repository/com/google/inject/extensions/guice-servlet/4.0/guice-servlet-4.0.jar:/home/user/.m2/repository/org/glassfish/jersey/containers/jersey-container-servlet/2.27/jersey-container-servlet-2.27.jar:/home/user/.m2/repository/org/glassfish/hk2/guice-bridge/2.5.0/guice-bridge-2.5.0.jar:/home/user/.m2/repository/org/glassfish/jersey/core/jersey-server/2.27/jersey-server-2.27.jar:/home/user/.m2/repository/org/glassfish/jersey/core/jersey-client/2.27/jersey-client-2.27.jar:/home/user/.m2/repository/org/glassfish/jersey/media/jersey-media-jaxb/2.27/jersey-media-jaxb-2.27.jar:/home/user/.m2/repository/javax/validation/validation-api/1.1.0.Final/validation-api-1.1.0.Final.jar:/home/user/.m2/repository/org/glassfish/jersey/media/jersey-media-json-jackson/2.27/jersey-media-json-jackson-2.27.jar:/home/user/.m2/repository/org/glassfish/jersey/ext/jersey-entity-filtering/2.27/jersey-entity-filtering-2.27.jar:/home/user/.m2/repository/com/google/inject/extensions/guice-assistedinject/4.0/guice-assistedinject-4.0.jar:/home/user/.m2/repository/org/jooq/jooq/3.11.10/jooq-3.11.10.jar:/home/user/.m2/repository/org/jooq/jooq-meta/3.11.10/jooq-meta-3.11.10.jar:/home/user/.m2/repository/org/jooq/jooq-codegen/3.11.10/jooq-codegen-3.11.10.jar:/home/user/.m2/repository/com/jolbox/bonecp/0.8.0.RELEASE/bonecp-0.8.0.RELEASE.jar:/home/user/.m2/repository/org/xerial/sqlite-jdbc/3.25.2/sqlite-jdbc-3.25.2.jar:/home/user/.m2/repository/org/springframework/spring-jdbc/5.1.3.RELEASE/spring-jdbc-5.1.3.RELEASE.jar:/home/user/.m2/repository/org/springframework/spring-beans/5.1.3.RELEASE/spring-beans-5.1.3.RELEASE.jar:/home/user/.m2/repository/org/springframework/spring-core/5.1.3.RELEASE/spring-core-5.1.3.RELEASE.jar:/home/user/.m2/repository/org/springframework/spring-jcl/5.1.3.RELEASE/spring-jcl-5.1.3.RELEASE.jar:/home/user/.m2/repository/org/springframework/spring-tx/5.1.3.RELEASE/spring-tx-5.1.3.RELEASE.jar:/home/user/.m2/repository/org/apache/hadoop/hadoop-ozone-client/0.5.0-SNAPSHOT/hadoop-ozone-client-0.5.0-SNAPSHOT.jar:/home/user/.m2/repository/commons-lang/commons-lang/2.6/commons-lang-2.6.jar:/home/user/.m2/repository/org/apache/hadoop/hadoop-ozone-ozone-manager/0.5.0-SNAPSHOT/hadoop-ozone-ozone-manager-0.5.0-SNAPSHOT-tests.jar:/home/user/.m2/repository/junit/junit/4.11/junit-4.11.jar:/home/user/.m2/repository/org/hamcrest/hamcrest-core/1.3/hamcrest-core-1.3.jar:/home/user/.m2/repository/org/openjdk/jmh/jmh-core/1.19/jmh-core-1.19.jar:/home/user/.m2/repository/net/sf/jopt-simple/jopt-simple/4.6/jopt-simple-4.6.jar:/home/user/.m2/repository/org/apache/commons/commons-math3/3.1.1/commons-math3-3.1.1.jar:/home/user/.m2/repository/org/openjdk/jmh/jmh-generator-annprocess/1.19/jmh-generator-annprocess-1.19.jar:/home/user/.m2/repository/org/mockito/mockito-all/1.8.5/mockito-all-1.8.5.jar:/home/user/.m2/repository/org/apache/hadoop/hadoop-kms/3.2.0/hadoop-kms-3.2.0.jar:/home/user/.m2/repository/org/apache/hadoop/hadoop-auth/3.2.0/hadoop-auth-3.2.0.jar:/home/user/.m2/repository/com/nimbusds/nimbus-jose-jwt/4.41.1/nimbus-jose-jwt-4.41.1.jar:/home/user/.m2/repository/com/github/stephenc/jcip/jcip-annotations/1.0-1/jcip-annotations-1.0-1.jar:/home/user/.m2/repository/net/minidev/json-smart/2.3/json-smart-2.3.jar:/home/user/.m2/repository/net/minidev/accessors-smart/1.2/accessors-smart-1.2.jar:/home/user/.m2/repository/org/ow2/asm/asm/5.0.4/asm-5.0.4.jar:/home/user/.m2/repository/org/apache/curator/curator-framework/2.12.0/curator-framework-2.12.0.jar:/home/user/.m2/repository/com/sun/jersey/jersey-core/1.19/jersey-core-1.19.jar:/home/user/.m2/repository/javax/ws/rs/jsr311-api/1.1.1/jsr311-api-1.1.1.jar:/home/user/.m2/repository/com/sun/jersey/jersey-server/1.19/jersey-server-1.19.jar:/home/user/.m2/repository/javax/servlet/javax.servlet-api/3.1.0/javax.servlet-api-3.1.0.jar:/home/user/.m2/repository/org/eclipse/jetty/jetty-server/9.3.25.v20180904/jetty-server-9.3.25.v20180904.jar:/home/user/.m2/repository/org/eclipse/jetty/jetty-http/9.3.25.v20180904/jetty-http-9.3.25.v20180904.jar:/home/user/.m2/repository/org/eclipse/jetty/jetty-io/9.3.25.v20180904/jetty-io-9.3.25.v20180904.jar:/home/user/.m2/repository/org/eclipse/jetty/jetty-webapp/9.3.25.v20180904/jetty-webapp-9.3.25.v20180904.jar:/home/user/.m2/repository/org/eclipse/jetty/jetty-xml/9.3.25.v20180904/jetty-xml-9.3.25.v20180904.jar:/home/user/.m2/repository/log4j/log4j/1.2.17/log4j-1.2.17.jar:/home/user/.m2/repository/org/slf4j/slf4j-api/1.7.25/slf4j-api-1.7.25.jar:/home/user/.m2/repository/org/slf4j/jul-to-slf4j/1.7.25/jul-to-slf4j-1.7.25.jar:/home/user/.m2/repository/org/eclipse/jetty/jetty-util/9.3.25.v20180904/jetty-util-9.3.25.v20180904.jar:/home/user/.m2/repository/com/fasterxml/jackson/core/jackson-databind/2.9.9/jackson-databind-2.9.9.jar:/home/user/.m2/repository/org/apache/hadoop/hadoop-kms/3.2.0/hadoop-kms-3.2.0-tests.jar:/home/user/.m2/repository/org/apache/hadoop/hadoop-hdds-server-scm/0.5.0-SNAPSHOT/hadoop-hdds-server-scm-0.5.0-SNAPSHOT-tests.jar:/home/user/.m2/repository/org/apache/hadoop/hadoop-hdds-container-service/0.5.0-SNAPSHOT/hadoop-hdds-container-service-0.5.0-SNAPSHOT-tests.jar:/home/user/.m2/repository/org/yaml/snakeyaml/1.16/snakeyaml-1.16.jar:/home/user/.m2/repository/org/apache/hadoop/hadoop-common/3.2.0/hadoop-common-3.2.0-tests.jar:/home/user/.m2/repository/org/apache/hadoop/hadoop-annotations/3.2.0/hadoop-annotations-3.2.0.jar:/usr/lib/jvm/java-1.8-openjdk/jre/../lib/tools.jar:/home/user/.m2/repository/commons-cli/commons-cli/1.2/commons-cli-1.2.jar:/home/user/.m2/repository/org/apache/httpcomponents/httpclient/4.5.2/httpclient-4.5.2.jar:/home/user/.m2/repository/org/apache/httpcomponents/httpcore/4.4.4/httpcore-4.4.4.jar:/home/user/.m2/repository/commons-codec/commons-codec/1.11/commons-codec-1.11.jar:/home/user/.m2/repository/commons-net/commons-net/3.6/commons-net-3.6.jar:/home/user/.m2/repository/commons-collections/commons-collections/3.2.2/commons-collections-3.2.2.jar:/home/user/.m2/repository/org/eclipse/jetty/jetty-servlet/9.3.25.v20180904/jetty-servlet-9.3.25.v20180904.jar:/home/user/.m2/repository/org/eclipse/jetty/jetty-security/9.3.25.v20180904/jetty-security-9.3.25.v20180904.jar:/home/user/.m2/repository/javax/servlet/jsp/jsp-api/2.1/jsp-api-2.1.jar:/home/user/.m2/repository/com/sun/jersey/jersey-servlet/1.19/jersey-servlet-1.19.jar:/home/user/.m2/repository/com/sun/jersey/jersey-json/1.19/jersey-json-1.19.jar:/home/user/.m2/repository/org/codehaus/jettison/jettison/1.1/jettison-1.1.jar:/home/user/.m2/repository/org/codehaus/jackson/jackson-core-asl/1.9.13/jackson-core-asl-1.9.13.jar:/home/user/.m2/repository/org/codehaus/jackson/jackson-mapper-asl/1.9.13/jackson-mapper-asl-1.9.13.jar:/home/user/.m2/repository/org/codehaus/jackson/jackson-jaxrs/1.9.13/jackson-jaxrs-1.9.13.jar:/home/user/.m2/repository/org/codehaus/jackson/jackson-xc/1.9.13/jackson-xc-1.9.13.jar:/home/user/.m2/repository/commons-logging/commons-logging/1.1.3/commons-logging-1.1.3.jar:/home/user/.m2/repository/commons-beanutils/commons-beanutils/1.9.4/commons-beanutils-1.9.4.jar:/home/user/.m2/repository/org/apache/commons/commons-configuration2/2.1.1/commons-configuration2-2.1.1.jar:/home/user/.m2/repository/org/apache/commons/commons-lang3/3.7/commons-lang3-3.7.jar:/home/user/.m2/repository/org/apache/commons/commons-text/1.4/commons-text-1.4.jar:/home/user/.m2/repository/org/apache/avro/avro/1.7.7/avro-1.7.7.jar:/home/user/.m2/repository/com/thoughtworks/paranamer/paranamer/2.3/paranamer-2.3.jar:/home/user/.m2/repository/org/xerial/snappy/snappy-java/1.0.5/snappy-java-1.0.5.jar:/home/user/.m2/repository/com/google/re2j/re2j/1.1/re2j-1.1.jar:/home/user/.m2/repository/com/google/code/gson/gson/2.2.4/gson-2.2.4.jar:/home/user/.m2/repository/com/jcraft/jsch/0.1.54/jsch-0.1.54.jar:/home/user/.m2/repository/org/apache/curator/curator-client/2.12.0/curator-client-2.12.0.jar:/home/user/.m2/repository/org/apache/curator/curator-recipes/2.12.0/curator-recipes-2.12.0.jar:/home/user/.m2/repository/com/google/code/findbugs/jsr305/3.0.0/jsr305-3.0.0.jar:/home/user/.m2/repository/org/apache/htrace/htrace-core4/4.1.0-incubating/htrace-core4-4.1.0-incubating.jar:/home/user/.m2/repository/org/apache/zookeeper/zookeeper/3.4.13/zookeeper-3.4.13.jar:/home/user/.m2/repository/jline/jline/0.9.94/jline-0.9.94.jar:/home/user/.m2/repository/org/apache/yetus/audience-annotations/0.5.0/audience-annotations-0.5.0.jar:/home/user/.m2/repository/org/codehaus/woodstox/stax2-api/3.1.4/stax2-api-3.1.4.jar:/home/user/.m2/repository/com/fasterxml/woodstox/woodstox-core/5.0.3/woodstox-core-5.0.3.jar:/home/user/.m2/repository/dnsjava/dnsjava/2.1.7/dnsjava-2.1.7.jar:/home/user/.m2/repository/org/apache/hadoop/hadoop-hdfs/3.2.0/hadoop-hdfs-3.2.0-tests.jar:/home/user/.m2/repository/org/eclipse/jetty/jetty-util-ajax/9.3.25.v20180904/jetty-util-ajax-9.3.25.v20180904.jar:/home/user/.m2/repository/commons-daemon/commons-daemon/1.0.13/commons-daemon-1.0.13.jar:/home/user/.m2/repository/io/netty/netty/3.10.5.Final/netty-3.10.5.Final.jar:/home/user/.m2/repository/io/netty/netty-all/4.0.52.Final/netty-all-4.0.52.Final.jar:/home/user/.m2/repository/org/fusesource/leveldbjni/leveldbjni-all/1.8/leveldbjni-all-1.8.jar:"/>
    <property name="sun.cpu.endian" value="little"/>
    <property name="user.home" value="/home/user"/>
    <property name="user.language" value="en"/>
    <property name="java.specification.vendor" value="Oracle Corporation"/>
    <property name="java.home" value="/usr/lib/jvm/java-1.8-openjdk/jre"/>
    <property name="surefire.excludesFile" value="/tools/ozone-bad-unit-tests"/>
    <property name="java.security.krb5.conf" value="/workdir/hadoop-ozone/integration-test/target/test-classes/krb5.conf"/>
    <property name="basedir" value="/workdir/hadoop-ozone/integration-test"/>
    <property name="file.separator" value="/"/>
    <property name="line.separator" value="&#10;"/>
    <property name="java.vm.specification.vendor" value="Oracle Corporation"/>
    <property name="java.specification.name" value="Java Platform API Specification"/>
    <property name="java.awt.graphicsenv" value="sun.awt.X11GraphicsEnvironment"/>
    <property name="surefire.real.class.path" value="/workdir/hadoop-ozone/integration-test/target/surefire/surefirebooter3809054487395514057.jar"/>
    <property name="hadoop.log.dir" value="/workdir/hadoop-ozone/integration-test/target/log"/>
    <property name="sun.boot.class.path" value="/usr/lib/jvm/java-1.8-openjdk/jre/lib/resources.jar:/usr/lib/jvm/java-1.8-openjdk/jre/lib/rt.jar:/usr/lib/jvm/java-1.8-openjdk/jre/lib/sunrsasign.jar:/usr/lib/jvm/java-1.8-openjdk/jre/lib/jsse.jar:/usr/lib/jvm/java-1.8-openjdk/jre/lib/jce.jar:/usr/lib/jvm/java-1.8-openjdk/jre/lib/charsets.jar:/usr/lib/jvm/java-1.8-openjdk/jre/lib/jfr.jar:/usr/lib/jvm/java-1.8-openjdk/jre/classes"/>
    <property name="sun.management.compiler" value="HotSpot 64-Bit Tiered Compilers"/>
    <property name="java.runtime.version" value="1.8.0_212-b04"/>
    <property name="java.net.preferIPv4Stack" value="true"/>
    <property name="user.name" value="jenkins1000"/>
    <property name="path.separator" value=":"/>
    <property name="java.security.egd" value="file:///dev/urandom"/>
    <property name="os.version" value="3.10.0-957.12.2.el7.x86_64"/>
    <property name="java.endorsed.dirs" value="/usr/lib/jvm/java-1.8-openjdk/jre/lib/endorsed"/>
    <property name="java.runtime.name" value="OpenJDK Runtime Environment"/>
    <property name="file.encoding" value="UTF-8"/>
    <property name="java.vm.name" value="OpenJDK 64-Bit Server VM"/>
    <property name="test.build.webapps" value=""/>
    <property name="localRepository" value="/home/user/.m2/repository"/>
    <property name="java.vendor.url.bug" value="https://icedtea.classpath.org/bugzilla"/>
    <property name="java.io.tmpdir" value="/tmp"/>
    <property name="require.test.libhadoop" value=""/>
    <property name="java.version" value="1.8.0_212"/>
    <property name="user.dir" value="/workdir/hadoop-ozone/integration-test"/>
    <property name="os.arch" value="amd64"/>
    <property name="java.vm.specification.name" value="Java Virtual Machine Specification"/>
    <property name="test.build.classes" value="/workdir/hadoop-ozone/integration-test/target/test-classes"/>
    <property name="java.awt.printerjob" value="sun.print.PSPrinterJob"/>
    <property name="sun.os.patch.level" value="unknown"/>
    <property name="hadoop.tmp.dir" value="/workdir/hadoop-ozone/integration-test/target/tmp"/>
    <property name="java.library.path" value="/usr/lib/jvm/java-1.8-openjdk/jre/lib/amd64/server:/usr/lib/jvm/java-1.8-openjdk/jre/lib/amd64:/usr/lib/jvm/java-1.8-openjdk/jre/../lib/amd64:/workdir/hadoop-ozone/integration-test/target/native/target/usr/local/lib:/workdir/hadoop-ozone/integration-test/../../hadoop-common-project/hadoop-common/target/native/target/usr/local/lib:/usr/java/packages/lib/amd64:/usr/lib64:/lib64:/lib:/usr/lib"/>
    <property name="java.vm.info" value="mixed mode"/>
    <property name="java.vendor" value="IcedTea"/>
    <property name="java.vm.version" value="25.212-b04"/>
    <property name="java.ext.dirs" value="/usr/lib/jvm/java-1.8-openjdk/jre/lib/ext:/usr/java/packages/lib/ext"/>
    <property name="sun.io.unicode.encoding" value="UnicodeLittle"/>
    <property name="java.class.version" value="52.0"/>
  </properties>
  <testcase name="testWatchForCommitWithKeyWrite" classname="org.apache.hadoop.ozone.client.rpc.TestWatchForCommit" time="26.192">
    <error message="Allocated 0 blocks. Requested 1 blocks" type="INTERNAL_ERROR org.apache.hadoop.ozone.om.exceptions.OMException">INTERNAL_ERROR org.apache.hadoop.ozone.om.exceptions.OMException: Allocated 0 blocks. Requested 1 blocks
	at org.apache.hadoop.ozone.om.protocolPB.OzoneManagerProtocolClientSideTranslatorPB.handleError(OzoneManagerProtocolClientSideTranslatorPB.java:732)
	at org.apache.hadoop.ozone.om.protocolPB.OzoneManagerProtocolClientSideTranslatorPB.openKey(OzoneManagerProtocolClientSideTranslatorPB.java:723)
	at sun.reflect.NativeMethodAccessorImpl.invoke0(Native Method)
	at sun.reflect.NativeMethodAccessorImpl.invoke(NativeMethodAccessorImpl.java:62)
	at sun.reflect.DelegatingMethodAccessorImpl.invoke(DelegatingMethodAccessorImpl.java:43)
	at java.lang.reflect.Method.invoke(Method.java:498)
	at org.apache.hadoop.hdds.tracing.TraceAllMethod.invoke(TraceAllMethod.java:66)
	at com.sun.proxy.$Proxy35.openKey(Unknown Source)
	at org.apache.hadoop.ozone.client.rpc.RpcClient.createKey(RpcClient.java:614)
	at org.apache.hadoop.ozone.client.OzoneBucket.createKey(OzoneBucket.java:325)
	at org.apache.hadoop.ozone.container.ContainerTestHelper.createKey(ContainerTestHelper.java:696)
	at org.apache.hadoop.ozone.client.rpc.TestWatchForCommit.createKey(TestWatchForCommit.java:456)
	at org.apache.hadoop.ozone.client.rpc.TestWatchForCommit.testWatchForCommitWithKeyWrite(TestWatchForCommit.java:157)
	at sun.reflect.NativeMethodAccessorImpl.invoke0(Native Method)
	at sun.reflect.NativeMethodAccessorImpl.invoke(NativeMethodAccessorImpl.java:62)
	at sun.reflect.DelegatingMethodAccessorImpl.invoke(DelegatingMethodAccessorImpl.java:43)
	at java.lang.reflect.Method.invoke(Method.java:498)
	at org.junit.runners.model.FrameworkMethod$1.runReflectiveCall(FrameworkMethod.java:47)
	at org.junit.internal.runners.model.ReflectiveCallable.run(ReflectiveCallable.java:12)
	at org.junit.runners.model.FrameworkMethod.invokeExplosively(FrameworkMethod.java:44)
	at org.junit.internal.runners.statements.InvokeMethod.evaluate(InvokeMethod.java:17)
	at org.junit.runners.ParentRunner.runLeaf(ParentRunner.java:271)
	at org.junit.runners.BlockJUnit4ClassRunner.runChild(BlockJUnit4ClassRunner.java:70)
	at org.junit.runners.BlockJUnit4ClassRunner.runChild(BlockJUnit4ClassRunner.java:50)
	at org.junit.runners.ParentRunner$3.run(ParentRunner.java:238)
	at org.junit.runners.ParentRunner$1.schedule(ParentRunner.java:63)
	at org.junit.runners.ParentRunner.runChildren(ParentRunner.java:236)
	at org.junit.runners.ParentRunner.access$000(ParentRunner.java:53)
	at org.junit.runners.ParentRunner$2.evaluate(ParentRunner.java:229)
	at org.junit.runners.ParentRunner.run(ParentRunner.java:309)
	at org.apache.maven.surefire.junit4.JUnit4Provider.execute(JUnit4Provider.java:365)
	at org.apache.maven.surefire.junit4.JUnit4Provider.executeWithRerun(JUnit4Provider.java:273)
	at org.apache.maven.surefire.junit4.JUnit4Provider.executeTestSet(JUnit4Provider.java:238)
	at org.apache.maven.surefire.junit4.JUnit4Provider.invoke(JUnit4Provider.java:159)
	at org.apache.maven.surefire.booter.ForkedBooter.invokeProviderInSameClassLoader(ForkedBooter.java:384)
	at org.apache.maven.surefire.booter.ForkedBooter.runSuitesInProcess(ForkedBooter.java:345)
	at org.apache.maven.surefire.booter.ForkedBooter.execute(ForkedBooter.java:126)
	at org.apache.maven.surefire.booter.ForkedBooter.main(ForkedBooter.java:418)
</error>
    <system-out><![CDATA[2019-10-13 20:32:40,022 [main] WARN  server.ServerUtils (ServerUtils.java:getScmDbDir(145)) - ozone.scm.db.dirs is not configured. We recommend adding this setting. Falling back to ozone.metadata.dirs instead.
2019-10-13 20:32:40,143 [main] WARN  server.ServerUtils (ServerUtils.java:getScmDbDir(145)) - ozone.scm.db.dirs is not configured. We recommend adding this setting. Falling back to ozone.metadata.dirs instead.
2019-10-13 20:32:40,146 [main] WARN  server.ServerUtils (ServerUtils.java:getScmDbDir(145)) - ozone.scm.db.dirs is not configured. We recommend adding this setting. Falling back to ozone.metadata.dirs instead.
2019-10-13 20:32:40,173 [main] INFO  util.log (Log.java:initialized(192)) - Logging initialized @883ms
2019-10-13 20:32:40,273 [main] INFO  db.DBStoreBuilder (DBStoreBuilder.java:addTable(117)) - using custom profile for table: deletedBlocks
2019-10-13 20:32:40,273 [main] INFO  db.DBStoreBuilder (DBStoreBuilder.java:processTables(168)) - Using default column profile:DBProfile.DISK for Table:deletedBlocks
2019-10-13 20:32:40,274 [main] INFO  db.DBStoreBuilder (DBStoreBuilder.java:addTable(117)) - using custom profile for table: validCerts
2019-10-13 20:32:40,274 [main] INFO  db.DBStoreBuilder (DBStoreBuilder.java:processTables(168)) - Using default column profile:DBProfile.DISK for Table:validCerts
2019-10-13 20:32:40,274 [main] INFO  db.DBStoreBuilder (DBStoreBuilder.java:addTable(117)) - using custom profile for table: revokedCerts
2019-10-13 20:32:40,274 [main] INFO  db.DBStoreBuilder (DBStoreBuilder.java:processTables(168)) - Using default column profile:DBProfile.DISK for Table:revokedCerts
2019-10-13 20:32:40,287 [main] INFO  db.DBStoreBuilder (DBStoreBuilder.java:addTable(117)) - using custom profile for table: default
2019-10-13 20:32:40,287 [main] INFO  db.DBStoreBuilder (DBStoreBuilder.java:processTables(174)) - Using default column profile:DBProfile.DISK for Table:default
2019-10-13 20:32:40,288 [main] INFO  db.DBStoreBuilder (DBStoreBuilder.java:getDbProfile(205)) - Using default options. DBProfile.DISK
2019-10-13 20:32:40,554 [main] INFO  net.NodeSchemaLoader (NodeSchemaLoader.java:loadSchemaFromFile(125)) - Loading file from sun.misc.CompoundEnumeration@3754a4bf
2019-10-13 20:32:40,556 [main] INFO  net.NodeSchemaLoader (NodeSchemaLoader.java:loadSchema(171)) - Loading network topology layer schema file
2019-10-13 20:32:40,625 [main] WARN  server.ServerUtils (ServerUtils.java:sanitizeUserArgs(70)) - ozone.scm.stale.node.interval value = 300000 is larger than max = 100000 based on the key value of ozone.scm.heartbeat.thread.interval, reset to the max value 100000.
2019-10-13 20:32:40,626 [main] WARN  server.ServerUtils (ServerUtils.java:sanitizeUserArgs(70)) - ozone.scm.stale.node.interval value = 300000 is larger than max = 100000 based on the key value of ozone.scm.heartbeat.thread.interval, reset to the max value 100000.
2019-10-13 20:32:40,629 [main] INFO  node.SCMNodeManager (SCMNodeManager.java:<init>(116)) - Entering startup safe mode.
2019-10-13 20:32:40,699 [main] INFO  algorithms.ContainerPlacementPolicyFactory (ContainerPlacementPolicyFactory.java:getPolicy(57)) - Create container placement policy of type org.apache.hadoop.hdds.scm.container.placement.algorithms.SCMContainerPlacementRandom
2019-10-13 20:32:40,714 [main] WARN  server.ServerUtils (ServerUtils.java:getScmDbDir(145)) - ozone.scm.db.dirs is not configured. We recommend adding this setting. Falling back to ozone.metadata.dirs instead.
2019-10-13 20:32:40,794 [main] INFO  pipeline.SCMPipelineManager (SCMPipelineManager.java:initializePipelineState(132)) - No pipeline exists in current db
2019-10-13 20:32:40,797 [main] WARN  server.ServerUtils (ServerUtils.java:getScmDbDir(145)) - ozone.scm.db.dirs is not configured. We recommend adding this setting. Falling back to ozone.metadata.dirs instead.
2019-10-13 20:32:40,940 [main] WARN  events.EventQueue (EventQueue.java:fireEvent(183)) - No event handler registered for event TypedEvent{payloadType=SafeModeStatus, name='SafeModeStatus'}
2019-10-13 20:32:41,303 [main] INFO  ipc.CallQueueManager (CallQueueManager.java:<init>(84)) - Using callQueue: class java.util.concurrent.LinkedBlockingQueue, queueCapacity: 2000, scheduler: class org.apache.hadoop.ipc.DefaultRpcScheduler, ipcBackoff: false.
2019-10-13 20:32:41,330 [Socket Reader #1 for port 43804] INFO  ipc.Server (Server.java:run(1074)) - Starting Socket Reader #1 for port 43804
2019-10-13 20:32:41,454 [main] INFO  ipc.CallQueueManager (CallQueueManager.java:<init>(84)) - Using callQueue: class java.util.concurrent.LinkedBlockingQueue, queueCapacity: 2000, scheduler: class org.apache.hadoop.ipc.DefaultRpcScheduler, ipcBackoff: false.
2019-10-13 20:32:41,455 [Socket Reader #1 for port 36306] INFO  ipc.Server (Server.java:run(1074)) - Starting Socket Reader #1 for port 36306
2019-10-13 20:32:41,464 [main] INFO  ipc.CallQueueManager (CallQueueManager.java:<init>(84)) - Using callQueue: class java.util.concurrent.LinkedBlockingQueue, queueCapacity: 2000, scheduler: class org.apache.hadoop.ipc.DefaultRpcScheduler, ipcBackoff: false.
2019-10-13 20:32:41,465 [Socket Reader #1 for port 37335] INFO  ipc.Server (Server.java:run(1074)) - Starting Socket Reader #1 for port 37335
2019-10-13 20:32:41,487 [main] INFO  hdfs.DFSUtil (DFSUtil.java:httpServerTemplateForNNAndJN(1641)) - Starting Web-server for scm at: http://0.0.0.0:0
2019-10-13 20:32:41,652 [main] INFO  server.AuthenticationFilter (AuthenticationFilter.java:constructSecretProvider(240)) - Unable to initialize FileSignerSecretProvider, falling back to use random secrets.
2019-10-13 20:32:41,663 [main] WARN  http.HttpRequestLog (HttpRequestLog.java:getRequestLog(97)) - Jetty request log can only be enabled using Log4j
2019-10-13 20:32:41,674 [main] INFO  http.HttpServer2 (HttpServer2.java:addGlobalFilter(975)) - Added global filter 'safety' (class=org.apache.hadoop.http.HttpServer2$QuotingInputFilter)
2019-10-13 20:32:41,677 [main] INFO  http.HttpServer2 (HttpServer2.java:addFilter(948)) - Added filter static_user_filter (class=org.apache.hadoop.http.lib.StaticUserWebFilter$StaticUserFilter) to context scm
2019-10-13 20:32:41,677 [main] INFO  http.HttpServer2 (HttpServer2.java:addFilter(958)) - Added filter static_user_filter (class=org.apache.hadoop.http.lib.StaticUserWebFilter$StaticUserFilter) to context logs
2019-10-13 20:32:41,678 [main] INFO  http.HttpServer2 (HttpServer2.java:addFilter(958)) - Added filter static_user_filter (class=org.apache.hadoop.http.lib.StaticUserWebFilter$StaticUserFilter) to context static
2019-10-13 20:32:41,714 [main] INFO  server.StorageContainerManager (StorageContainerManager.java:start(772)) - StorageContainerLocationProtocol RPC server is listening at /0.0.0.0:37335
2019-10-13 20:32:41,784 [main] WARN  impl.MetricsConfig (MetricsConfig.java:loadFirst(134)) - Cannot locate configuration: tried hadoop-metrics2-storagecontainermanager.properties,hadoop-metrics2.properties
2019-10-13 20:32:41,797 [main] INFO  impl.MetricsSystemImpl (MetricsSystemImpl.java:startTimer(374)) - Scheduled Metric snapshot period at 10 second(s).
2019-10-13 20:32:41,797 [main] INFO  impl.MetricsSystemImpl (MetricsSystemImpl.java:start(191)) - StorageContainerManager metrics system started
2019-10-13 20:32:42,040 [main] INFO  server.SCMClientProtocolServer (SCMClientProtocolServer.java:start(159)) - RPC server for Client  is listening at /0.0.0.0:37335
2019-10-13 20:32:42,041 [IPC Server Responder] INFO  ipc.Server (Server.java:run(1314)) - IPC Server Responder: starting
2019-10-13 20:32:42,041 [IPC Server listener on 37335] INFO  ipc.Server (Server.java:run(1153)) - IPC Server listener on 37335: starting
2019-10-13 20:32:42,043 [main] INFO  server.StorageContainerManager (StorageContainerManager.java:start(782)) - ScmBlockLocationProtocol RPC server is listening at /0.0.0.0:36306
2019-10-13 20:32:42,044 [main] INFO  server.SCMBlockProtocolServer (SCMBlockProtocolServer.java:start(146)) - RPC server for Block Protocol is listening at /0.0.0.0:36306
2019-10-13 20:32:42,044 [IPC Server Responder] INFO  ipc.Server (Server.java:run(1314)) - IPC Server Responder: starting
2019-10-13 20:32:42,044 [IPC Server listener on 36306] INFO  ipc.Server (Server.java:run(1153)) - IPC Server listener on 36306: starting
2019-10-13 20:32:42,046 [main] INFO  server.StorageContainerManager (StorageContainerManager.java:start(786)) - ScmDatanodeProtocl RPC server is listening at /0.0.0.0:43804
2019-10-13 20:32:42,046 [main] INFO  server.SCMDatanodeProtocolServer (SCMDatanodeProtocolServer.java:start(169)) - RPC server for DataNodes is listening at /0.0.0.0:43804
2019-10-13 20:32:42,047 [IPC Server Responder] INFO  ipc.Server (Server.java:run(1314)) - IPC Server Responder: starting
2019-10-13 20:32:42,047 [IPC Server listener on 43804] INFO  ipc.Server (Server.java:run(1153)) - IPC Server listener on 43804: starting
2019-10-13 20:32:42,051 [main] INFO  http.HttpServer2 (HttpServer2.java:bindListener(1191)) - Jetty bound to port 41279
2019-10-13 20:32:42,053 [main] INFO  server.Server (Server.java:doStart(351)) - jetty-9.3.25.v20180904, build timestamp: 2018-09-04T21:11:46Z, git hash: 3ce520221d0240229c862b122d2b06c12a625732
2019-10-13 20:32:42,089 [main] INFO  handler.ContextHandler (ContextHandler.java:doStart(781)) - Started o.e.j.s.ServletContextHandler@7a560583{/logs,file:///workdir/hadoop-ozone/integration-test/target/log,AVAILABLE}
2019-10-13 20:32:42,090 [main] INFO  handler.ContextHandler (ContextHandler.java:doStart(781)) - Started o.e.j.s.ServletContextHandler@53f0a4cb{/static,file:///workdir/hadoop-ozone/integration-test/target/test-classes/webapps/static,AVAILABLE}
2019-10-13 20:32:42,123 [main] INFO  handler.ContextHandler (ContextHandler.java:doStart(781)) - Started o.e.j.w.WebAppContext@6970140a{/,file:///workdir/hadoop-ozone/integration-test/target/test-classes/webapps/scm/,AVAILABLE}{/scm}
2019-10-13 20:32:42,129 [main] INFO  server.AbstractConnector (AbstractConnector.java:doStart(278)) - Started ServerConnector@1c32886a{HTTP/1.1,[http/1.1]}{0.0.0.0:41279}
2019-10-13 20:32:42,130 [main] INFO  server.Server (Server.java:doStart(419)) - Started @2839ms
2019-10-13 20:32:42,132 [main] INFO  impl.MetricsSinkAdapter (MetricsSinkAdapter.java:start(204)) - Sink prometheus started
2019-10-13 20:32:42,132 [main] INFO  impl.MetricsSystemImpl (MetricsSystemImpl.java:registerSink(301)) - Registered sink prometheus
2019-10-13 20:32:42,133 [main] INFO  server.BaseHttpServer (BaseHttpServer.java:updateConnectorAddress(215)) - HTTP server of SCM is listening at http://0.0.0.0:41279
2019-10-13 20:32:42,139 [org.apache.hadoop.util.JvmPauseMonitor$Monitor@62d363ab] INFO  util.JvmPauseMonitor (JvmPauseMonitor.java:run(188)) - Starting JVM pause monitor
2019-10-13 20:32:42,141 [main] WARN  server.ServerUtils (ServerUtils.java:getDBPath(222)) - ozone.om.db.dirs is not configured. We recommend adding this setting. Falling back to ozone.metadata.dirs instead.
2019-10-13 20:32:42,268 [main] INFO  ha.OMHANodeDetails (OMHANodeDetails.java:loadOMHAConfig(190)) - Configuration either no ozone.om.address set. Falling back to the default OM address /127.0.0.1:0
2019-10-13 20:32:42,269 [main] INFO  ha.OMHANodeDetails (OMHANodeDetails.java:getOMNodeDetails(220)) - OM Service ID is not set. Setting it to the default ID: omServiceIdDefault
2019-10-13 20:32:42,271 [main] WARN  server.ServerUtils (ServerUtils.java:getDBPath(222)) - ozone.om.db.dirs is not configured. We recommend adding this setting. Falling back to ozone.metadata.dirs instead.
2019-10-13 20:32:42,271 [main] WARN  server.ServerUtils (ServerUtils.java:getDBPath(222)) - ozone.om.db.dirs is not configured. We recommend adding this setting. Falling back to ozone.metadata.dirs instead.
2019-10-13 20:32:42,977 [main] WARN  server.ServerUtils (ServerUtils.java:getDBPath(222)) - ozone.om.db.dirs is not configured. We recommend adding this setting. Falling back to ozone.metadata.dirs instead.
2019-10-13 20:32:42,985 [main] INFO  db.DBStoreBuilder (DBStoreBuilder.java:addTable(117)) - using custom profile for table: userTable
2019-10-13 20:32:42,985 [main] INFO  db.DBStoreBuilder (DBStoreBuilder.java:processTables(168)) - Using default column profile:DBProfile.DISK for Table:userTable
2019-10-13 20:32:42,986 [main] INFO  db.DBStoreBuilder (DBStoreBuilder.java:addTable(117)) - using custom profile for table: volumeTable
2019-10-13 20:32:42,986 [main] INFO  db.DBStoreBuilder (DBStoreBuilder.java:processTables(168)) - Using default column profile:DBProfile.DISK for Table:volumeTable
2019-10-13 20:32:42,986 [main] INFO  db.DBStoreBuilder (DBStoreBuilder.java:addTable(117)) - using custom profile for table: bucketTable
2019-10-13 20:32:42,986 [main] INFO  db.DBStoreBuilder (DBStoreBuilder.java:processTables(168)) - Using default column profile:DBProfile.DISK for Table:bucketTable
2019-10-13 20:32:42,987 [main] INFO  db.DBStoreBuilder (DBStoreBuilder.java:addTable(117)) - using custom profile for table: keyTable
2019-10-13 20:32:42,987 [main] INFO  db.DBStoreBuilder (DBStoreBuilder.java:processTables(168)) - Using default column profile:DBProfile.DISK for Table:keyTable
2019-10-13 20:32:42,987 [main] INFO  db.DBStoreBuilder (DBStoreBuilder.java:addTable(117)) - using custom profile for table: deletedTable
2019-10-13 20:32:42,987 [main] INFO  db.DBStoreBuilder (DBStoreBuilder.java:processTables(168)) - Using default column profile:DBProfile.DISK for Table:deletedTable
2019-10-13 20:32:42,988 [main] INFO  db.DBStoreBuilder (DBStoreBuilder.java:addTable(117)) - using custom profile for table: openKeyTable
2019-10-13 20:32:42,988 [main] INFO  db.DBStoreBuilder (DBStoreBuilder.java:processTables(168)) - Using default column profile:DBProfile.DISK for Table:openKeyTable
2019-10-13 20:32:42,988 [main] INFO  db.DBStoreBuilder (DBStoreBuilder.java:addTable(117)) - using custom profile for table: s3Table
2019-10-13 20:32:42,988 [main] INFO  db.DBStoreBuilder (DBStoreBuilder.java:processTables(168)) - Using default column profile:DBProfile.DISK for Table:s3Table
2019-10-13 20:32:42,989 [main] INFO  db.DBStoreBuilder (DBStoreBuilder.java:addTable(117)) - using custom profile for table: multipartInfoTable
2019-10-13 20:32:42,989 [main] INFO  db.DBStoreBuilder (DBStoreBuilder.java:processTables(168)) - Using default column profile:DBProfile.DISK for Table:multipartInfoTable
2019-10-13 20:32:42,989 [main] INFO  db.DBStoreBuilder (DBStoreBuilder.java:addTable(117)) - using custom profile for table: dTokenTable
2019-10-13 20:32:42,989 [main] INFO  db.DBStoreBuilder (DBStoreBuilder.java:processTables(168)) - Using default column profile:DBProfile.DISK for Table:dTokenTable
2019-10-13 20:32:42,990 [main] INFO  db.DBStoreBuilder (DBStoreBuilder.java:addTable(117)) - using custom profile for table: s3SecretTable
2019-10-13 20:32:42,990 [main] INFO  db.DBStoreBuilder (DBStoreBuilder.java:processTables(168)) - Using default column profile:DBProfile.DISK for Table:s3SecretTable
2019-10-13 20:32:42,990 [main] INFO  db.DBStoreBuilder (DBStoreBuilder.java:addTable(117)) - using custom profile for table: prefixTable
2019-10-13 20:32:42,990 [main] INFO  db.DBStoreBuilder (DBStoreBuilder.java:processTables(168)) - Using default column profile:DBProfile.DISK for Table:prefixTable
2019-10-13 20:32:42,991 [main] INFO  db.DBStoreBuilder (DBStoreBuilder.java:addTable(117)) - using custom profile for table: default
2019-10-13 20:32:42,991 [main] INFO  db.DBStoreBuilder (DBStoreBuilder.java:processTables(174)) - Using default column profile:DBProfile.DISK for Table:default
2019-10-13 20:32:42,991 [main] INFO  db.DBStoreBuilder (DBStoreBuilder.java:getDbProfile(205)) - Using default options. DBProfile.DISK
2019-10-13 20:32:43,505 [main] INFO  ipc.CallQueueManager (CallQueueManager.java:<init>(84)) - Using callQueue: class java.util.concurrent.LinkedBlockingQueue, queueCapacity: 2000, scheduler: class org.apache.hadoop.ipc.DefaultRpcScheduler, ipcBackoff: false.
2019-10-13 20:32:43,506 [Socket Reader #1 for port 44691] INFO  ipc.Server (Server.java:run(1074)) - Starting Socket Reader #1 for port 44691
2019-10-13 20:32:43,529 [main] INFO  om.OzoneManager (OzoneManager.java:start(1071)) - OzoneManager RPC server is listening at localhost/127.0.0.1:44691
2019-10-13 20:32:43,529 [main] INFO  impl.MetricsSystemImpl (MetricsSystemImpl.java:init(158)) - OzoneManager metrics system started (again)
2019-10-13 20:32:43,539 [IPC Server Responder] INFO  ipc.Server (Server.java:run(1314)) - IPC Server Responder: starting
2019-10-13 20:32:43,539 [IPC Server listener on 44691] INFO  ipc.Server (Server.java:run(1153)) - IPC Server listener on 44691: starting
2019-10-13 20:32:43,546 [main] INFO  hdfs.DFSUtil (DFSUtil.java:httpServerTemplateForNNAndJN(1641)) - Starting Web-server for ozoneManager at: http://0.0.0.0:0
2019-10-13 20:32:43,547 [main] INFO  server.AuthenticationFilter (AuthenticationFilter.java:constructSecretProvider(240)) - Unable to initialize FileSignerSecretProvider, falling back to use random secrets.
2019-10-13 20:32:43,548 [main] WARN  http.HttpRequestLog (HttpRequestLog.java:getRequestLog(97)) - Jetty request log can only be enabled using Log4j
2019-10-13 20:32:43,550 [main] INFO  http.HttpServer2 (HttpServer2.java:addGlobalFilter(975)) - Added global filter 'safety' (class=org.apache.hadoop.http.HttpServer2$QuotingInputFilter)
2019-10-13 20:32:43,551 [main] INFO  http.HttpServer2 (HttpServer2.java:addFilter(948)) - Added filter static_user_filter (class=org.apache.hadoop.http.lib.StaticUserWebFilter$StaticUserFilter) to context ozoneManager
2019-10-13 20:32:43,551 [main] INFO  http.HttpServer2 (HttpServer2.java:addFilter(958)) - Added filter static_user_filter (class=org.apache.hadoop.http.lib.StaticUserWebFilter$StaticUserFilter) to context logs
2019-10-13 20:32:43,552 [main] INFO  http.HttpServer2 (HttpServer2.java:addFilter(958)) - Added filter static_user_filter (class=org.apache.hadoop.http.lib.StaticUserWebFilter$StaticUserFilter) to context static
2019-10-13 20:32:43,554 [main] INFO  http.HttpServer2 (HttpServer2.java:bindListener(1191)) - Jetty bound to port 45183
2019-10-13 20:32:43,554 [main] INFO  server.Server (Server.java:doStart(351)) - jetty-9.3.25.v20180904, build timestamp: 2018-09-04T21:11:46Z, git hash: 3ce520221d0240229c862b122d2b06c12a625732
2019-10-13 20:32:43,556 [main] INFO  handler.ContextHandler (ContextHandler.java:doStart(781)) - Started o.e.j.s.ServletContextHandler@562c877a{/logs,file:///workdir/hadoop-ozone/integration-test/target/log,AVAILABLE}
2019-10-13 20:32:43,557 [main] INFO  handler.ContextHandler (ContextHandler.java:doStart(781)) - Started o.e.j.s.ServletContextHandler@989da1{/static,file:///workdir/hadoop-ozone/integration-test/target/test-classes/webapps/static,AVAILABLE}
2019-10-13 20:32:43,562 [main] INFO  handler.ContextHandler (ContextHandler.java:doStart(781)) - Started o.e.j.w.WebAppContext@1965539b{/,file:///workdir/hadoop-ozone/integration-test/target/test-classes/webapps/ozoneManager/,AVAILABLE}{/ozoneManager}
2019-10-13 20:32:43,563 [main] INFO  server.AbstractConnector (AbstractConnector.java:doStart(278)) - Started ServerConnector@2fc07784{HTTP/1.1,[http/1.1]}{0.0.0.0:45183}
2019-10-13 20:32:43,564 [main] INFO  server.Server (Server.java:doStart(419)) - Started @4273ms
2019-10-13 20:32:43,564 [main] WARN  impl.MetricsSystemImpl (MetricsSystemImpl.java:register(276)) - Sink prometheus already exists!
2019-10-13 20:32:43,565 [main] INFO  server.BaseHttpServer (BaseHttpServer.java:updateConnectorAddress(215)) - HTTP server of OZONEMANAGER is listening at http://0.0.0.0:45183
2019-10-13 20:32:43,888 [main] INFO  impl.MetricsSystemImpl (MetricsSystemImpl.java:init(158)) - HddsDatanode metrics system started (again)
2019-10-13 20:32:43,940 [main] INFO  ozone.HddsDatanodeService (HddsDatanodeService.java:start(184)) - HddsDatanodeService host:pr-hdds-2290-dcfw8-3342134496 ip:192.168.157.224
2019-10-13 20:32:43,976 [main] INFO  volume.HddsVolume (HddsVolume.java:<init>(176)) - Creating Volume: /workdir/hadoop-ozone/integration-test/target/test-dir/MiniOzoneClusterImpl-647792b2-b7b4-4623-b37b-ed99d4356a77/datanode-0/data/containers/hdds of  storage type : DISK and capacity : 1482555576320
2019-10-13 20:32:43,977 [main] INFO  volume.VolumeSet (VolumeSet.java:initializeVolumeSet(170)) - Added Volume : /workdir/hadoop-ozone/integration-test/target/test-dir/MiniOzoneClusterImpl-647792b2-b7b4-4623-b37b-ed99d4356a77/datanode-0/data/containers/hdds to VolumeSet
2019-10-13 20:32:43,981 [main] INFO  volume.ThrottledAsyncChecker (ThrottledAsyncChecker.java:schedule(141)) - Scheduling a check for org.apache.hadoop.ozone.container.common.volume.HddsVolume@a52ca2e
2019-10-13 20:32:43,999 [main] INFO  volume.HddsVolumeChecker (HddsVolumeChecker.java:checkAllVolumes(204)) - Scheduled health check for volume org.apache.hadoop.ozone.container.common.volume.HddsVolume@a52ca2e
2019-10-13 20:32:44,131 [main] INFO  impl.RaftServerProxy (ConfUtils.java:logGet(43)) - raft.rpc.type = GRPC (default)
2019-10-13 20:32:44,194 [main] INFO  grpc.GrpcFactory (GrpcFactory.java:checkPooledByteBufAllocatorUseCacheForAllThreads(45)) - PERFORMANCE WARNING: useCacheForAllThreads is true that may cause Netty to create a lot garbage objects and, as a result, trigger GC.
	It is recommended to disable useCacheForAllThreads by setting -Dorg.apache.ratis.thirdparty.io.netty.allocator.useCacheForAllThreads=false in command line.
2019-10-13 20:32:44,199 [main] INFO  grpc.GrpcConfigKeys$Server (ConfUtils.java:logGet(43)) - raft.grpc.server.port = 0 (default)
2019-10-13 20:32:44,200 [main] INFO  server.GrpcService (ConfUtils.java:logGet(43)) - raft.grpc.message.size.max = 33570816 (custom)
2019-10-13 20:32:44,201 [main] INFO  server.RaftServerConfigKeys (ConfUtils.java:logGet(43)) - raft.server.log.appender.buffer.byte-limit = 33554432 (custom)
2019-10-13 20:32:44,202 [main] INFO  server.GrpcService (ConfUtils.java:logGet(43)) - raft.grpc.flow.control.window = 1MB (=1048576) (default)
2019-10-13 20:32:44,203 [main] INFO  server.RaftServerConfigKeys (ConfUtils.java:logGet(43)) - raft.server.rpc.request.timeout = 3000ms (default)
2019-10-13 20:32:44,360 [main] INFO  server.RaftServerConfigKeys (ConfUtils.java:logGet(43)) - raft.server.storage.dir = [/workdir/hadoop-ozone/integration-test/target/test-dir/MiniOzoneClusterImpl-647792b2-b7b4-4623-b37b-ed99d4356a77/datanode-0/data/ratis] (custom)
2019-10-13 20:32:44,412 [main] INFO  hdfs.DFSUtil (DFSUtil.java:httpServerTemplateForNNAndJN(1641)) - Starting Web-server for hddsDatanode at: http://0.0.0.0:0
2019-10-13 20:32:44,416 [main] INFO  server.AuthenticationFilter (AuthenticationFilter.java:constructSecretProvider(240)) - Unable to initialize FileSignerSecretProvider, falling back to use random secrets.
2019-10-13 20:32:44,417 [main] WARN  http.HttpRequestLog (HttpRequestLog.java:getRequestLog(97)) - Jetty request log can only be enabled using Log4j
2019-10-13 20:32:44,419 [main] INFO  http.HttpServer2 (HttpServer2.java:addGlobalFilter(975)) - Added global filter 'safety' (class=org.apache.hadoop.http.HttpServer2$QuotingInputFilter)
2019-10-13 20:32:44,420 [main] INFO  http.HttpServer2 (HttpServer2.java:addFilter(948)) - Added filter static_user_filter (class=org.apache.hadoop.http.lib.StaticUserWebFilter$StaticUserFilter) to context hddsDatanode
2019-10-13 20:32:44,420 [main] INFO  http.HttpServer2 (HttpServer2.java:addFilter(958)) - Added filter static_user_filter (class=org.apache.hadoop.http.lib.StaticUserWebFilter$StaticUserFilter) to context logs
2019-10-13 20:32:44,420 [main] INFO  http.HttpServer2 (HttpServer2.java:addFilter(958)) - Added filter static_user_filter (class=org.apache.hadoop.http.lib.StaticUserWebFilter$StaticUserFilter) to context static
2019-10-13 20:32:44,421 [main] INFO  http.HttpServer2 (HttpServer2.java:bindListener(1191)) - Jetty bound to port 41709
2019-10-13 20:32:44,421 [main] INFO  server.Server (Server.java:doStart(351)) - jetty-9.3.25.v20180904, build timestamp: 2018-09-04T21:11:46Z, git hash: 3ce520221d0240229c862b122d2b06c12a625732
2019-10-13 20:32:44,424 [main] INFO  handler.ContextHandler (ContextHandler.java:doStart(781)) - Started o.e.j.s.ServletContextHandler@2849434b{/logs,file:///workdir/hadoop-ozone/integration-test/target/log,AVAILABLE}
2019-10-13 20:32:44,425 [main] INFO  handler.ContextHandler (ContextHandler.java:doStart(781)) - Started o.e.j.s.ServletContextHandler@65b97f47{/static,jar:file:/home/user/.m2/repository/org/apache/hadoop/hadoop-hdds-container-service/0.5.0-SNAPSHOT/hadoop-hdds-container-service-0.5.0-SNAPSHOT.jar!/webapps/static,AVAILABLE}
2019-10-13 20:32:44,473 [main] INFO  handler.ContextHandler (ContextHandler.java:doStart(781)) - Started o.e.j.w.WebAppContext@7e74a380{/,file:///tmp/jetty-0.0.0.0-41709-hddsDatanode-_-any-1591693526572956532.dir/webapp/,AVAILABLE}{/hddsDatanode}
2019-10-13 20:32:44,474 [main] INFO  server.AbstractConnector (AbstractConnector.java:doStart(278)) - Started ServerConnector@6dd1c3ed{HTTP/1.1,[http/1.1]}{0.0.0.0:41709}
2019-10-13 20:32:44,475 [main] INFO  server.Server (Server.java:doStart(419)) - Started @5185ms
2019-10-13 20:32:44,476 [main] WARN  impl.MetricsSystemImpl (MetricsSystemImpl.java:register(276)) - Sink prometheus already exists!
2019-10-13 20:32:44,477 [main] INFO  server.BaseHttpServer (BaseHttpServer.java:updateConnectorAddress(215)) - HTTP server of HDDSDATANODE is listening at http://0.0.0.0:41709
2019-10-13 20:32:44,479 [main] INFO  impl.MetricsSystemImpl (MetricsSystemImpl.java:init(158)) - HddsDatanode metrics system started (again)
2019-10-13 20:32:44,484 [main] INFO  ozone.HddsDatanodeService (HddsDatanodeService.java:start(184)) - HddsDatanodeService host:pr-hdds-2290-dcfw8-3342134496 ip:192.168.157.224
2019-10-13 20:32:44,484 [org.apache.hadoop.util.JvmPauseMonitor$Monitor@7453dcdf] INFO  util.JvmPauseMonitor (JvmPauseMonitor.java:run(188)) - Starting JVM pause monitor
2019-10-13 20:32:44,495 [main] INFO  volume.HddsVolume (HddsVolume.java:<init>(176)) - Creating Volume: /workdir/hadoop-ozone/integration-test/target/test-dir/MiniOzoneClusterImpl-647792b2-b7b4-4623-b37b-ed99d4356a77/datanode-1/data/containers/hdds of  storage type : DISK and capacity : 1482555576320
2019-10-13 20:32:44,496 [main] INFO  volume.VolumeSet (VolumeSet.java:initializeVolumeSet(170)) - Added Volume : /workdir/hadoop-ozone/integration-test/target/test-dir/MiniOzoneClusterImpl-647792b2-b7b4-4623-b37b-ed99d4356a77/datanode-1/data/containers/hdds to VolumeSet
2019-10-13 20:32:44,496 [main] INFO  volume.ThrottledAsyncChecker (ThrottledAsyncChecker.java:schedule(141)) - Scheduling a check for org.apache.hadoop.ozone.container.common.volume.HddsVolume@2f1d0bbc
2019-10-13 20:32:44,497 [main] INFO  volume.HddsVolumeChecker (HddsVolumeChecker.java:checkAllVolumes(204)) - Scheduled health check for volume org.apache.hadoop.ozone.container.common.volume.HddsVolume@2f1d0bbc
2019-10-13 20:32:44,517 [main] INFO  impl.RaftServerProxy (ConfUtils.java:logGet(43)) - raft.rpc.type = GRPC (default)
2019-10-13 20:32:44,518 [main] INFO  grpc.GrpcFactory (GrpcFactory.java:checkPooledByteBufAllocatorUseCacheForAllThreads(45)) - PERFORMANCE WARNING: useCacheForAllThreads is true that may cause Netty to create a lot garbage objects and, as a result, trigger GC.
	It is recommended to disable useCacheForAllThreads by setting -Dorg.apache.ratis.thirdparty.io.netty.allocator.useCacheForAllThreads=false in command line.
2019-10-13 20:32:44,518 [main] INFO  grpc.GrpcConfigKeys$Server (ConfUtils.java:logGet(43)) - raft.grpc.server.port = 0 (default)
2019-10-13 20:32:44,519 [main] INFO  server.GrpcService (ConfUtils.java:logGet(43)) - raft.grpc.message.size.max = 33570816 (custom)
2019-10-13 20:32:44,520 [main] INFO  server.RaftServerConfigKeys (ConfUtils.java:logGet(43)) - raft.server.log.appender.buffer.byte-limit = 33554432 (custom)
2019-10-13 20:32:44,520 [main] INFO  server.GrpcService (ConfUtils.java:logGet(43)) - raft.grpc.flow.control.window = 1MB (=1048576) (default)
2019-10-13 20:32:44,520 [main] INFO  server.RaftServerConfigKeys (ConfUtils.java:logGet(43)) - raft.server.rpc.request.timeout = 3000ms (default)
2019-10-13 20:32:44,521 [main] INFO  server.RaftServerConfigKeys (ConfUtils.java:logGet(43)) - raft.server.storage.dir = [/workdir/hadoop-ozone/integration-test/target/test-dir/MiniOzoneClusterImpl-647792b2-b7b4-4623-b37b-ed99d4356a77/datanode-1/data/ratis] (custom)
2019-10-13 20:32:44,523 [main] INFO  hdfs.DFSUtil (DFSUtil.java:httpServerTemplateForNNAndJN(1641)) - Starting Web-server for hddsDatanode at: http://0.0.0.0:0
2019-10-13 20:32:44,525 [main] INFO  server.AuthenticationFilter (AuthenticationFilter.java:constructSecretProvider(240)) - Unable to initialize FileSignerSecretProvider, falling back to use random secrets.
2019-10-13 20:32:44,526 [main] WARN  http.HttpRequestLog (HttpRequestLog.java:getRequestLog(97)) - Jetty request log can only be enabled using Log4j
2019-10-13 20:32:44,529 [main] INFO  http.HttpServer2 (HttpServer2.java:addGlobalFilter(975)) - Added global filter 'safety' (class=org.apache.hadoop.http.HttpServer2$QuotingInputFilter)
2019-10-13 20:32:44,530 [main] INFO  http.HttpServer2 (HttpServer2.java:addFilter(948)) - Added filter static_user_filter (class=org.apache.hadoop.http.lib.StaticUserWebFilter$StaticUserFilter) to context hddsDatanode
2019-10-13 20:32:44,530 [main] INFO  http.HttpServer2 (HttpServer2.java:addFilter(958)) - Added filter static_user_filter (class=org.apache.hadoop.http.lib.StaticUserWebFilter$StaticUserFilter) to context logs
2019-10-13 20:32:44,530 [main] INFO  http.HttpServer2 (HttpServer2.java:addFilter(958)) - Added filter static_user_filter (class=org.apache.hadoop.http.lib.StaticUserWebFilter$StaticUserFilter) to context static
2019-10-13 20:32:44,532 [main] INFO  http.HttpServer2 (HttpServer2.java:bindListener(1191)) - Jetty bound to port 34106
2019-10-13 20:32:44,532 [main] INFO  server.Server (Server.java:doStart(351)) - jetty-9.3.25.v20180904, build timestamp: 2018-09-04T21:11:46Z, git hash: 3ce520221d0240229c862b122d2b06c12a625732
2019-10-13 20:32:44,536 [main] INFO  handler.ContextHandler (ContextHandler.java:doStart(781)) - Started o.e.j.s.ServletContextHandler@7ceb4478{/logs,file:///workdir/hadoop-ozone/integration-test/target/log,AVAILABLE}
2019-10-13 20:32:44,537 [main] INFO  handler.ContextHandler (ContextHandler.java:doStart(781)) - Started o.e.j.s.ServletContextHandler@25ad4f71{/static,jar:file:/home/user/.m2/repository/org/apache/hadoop/hadoop-hdds-container-service/0.5.0-SNAPSHOT/hadoop-hdds-container-service-0.5.0-SNAPSHOT.jar!/webapps/static,AVAILABLE}
2019-10-13 20:32:44,578 [main] INFO  handler.ContextHandler (ContextHandler.java:doStart(781)) - Started o.e.j.w.WebAppContext@65e21ce3{/,file:///tmp/jetty-0.0.0.0-34106-hddsDatanode-_-any-1338998780829924642.dir/webapp/,AVAILABLE}{/hddsDatanode}
2019-10-13 20:32:44,579 [main] INFO  server.AbstractConnector (AbstractConnector.java:doStart(278)) - Started ServerConnector@6c3659be{HTTP/1.1,[http/1.1]}{0.0.0.0:34106}
2019-10-13 20:32:44,581 [main] INFO  server.Server (Server.java:doStart(419)) - Started @5290ms
2019-10-13 20:32:44,581 [main] WARN  impl.MetricsSystemImpl (MetricsSystemImpl.java:register(276)) - Sink prometheus already exists!
2019-10-13 20:32:44,582 [main] INFO  server.BaseHttpServer (BaseHttpServer.java:updateConnectorAddress(215)) - HTTP server of HDDSDATANODE is listening at http://0.0.0.0:34106
2019-10-13 20:32:44,583 [main] INFO  impl.MetricsSystemImpl (MetricsSystemImpl.java:init(158)) - HddsDatanode metrics system started (again)
2019-10-13 20:32:44,586 [org.apache.hadoop.util.JvmPauseMonitor$Monitor@41b8a096] INFO  util.JvmPauseMonitor (JvmPauseMonitor.java:run(188)) - Starting JVM pause monitor
2019-10-13 20:32:44,587 [main] INFO  ozone.HddsDatanodeService (HddsDatanodeService.java:start(184)) - HddsDatanodeService host:pr-hdds-2290-dcfw8-3342134496 ip:192.168.157.224
2019-10-13 20:32:44,597 [main] INFO  volume.HddsVolume (HddsVolume.java:<init>(176)) - Creating Volume: /workdir/hadoop-ozone/integration-test/target/test-dir/MiniOzoneClusterImpl-647792b2-b7b4-4623-b37b-ed99d4356a77/datanode-2/data/containers/hdds of  storage type : DISK and capacity : 1482555576320
2019-10-13 20:32:44,597 [main] INFO  volume.VolumeSet (VolumeSet.java:initializeVolumeSet(170)) - Added Volume : /workdir/hadoop-ozone/integration-test/target/test-dir/MiniOzoneClusterImpl-647792b2-b7b4-4623-b37b-ed99d4356a77/datanode-2/data/containers/hdds to VolumeSet
2019-10-13 20:32:44,598 [main] INFO  volume.ThrottledAsyncChecker (ThrottledAsyncChecker.java:schedule(141)) - Scheduling a check for org.apache.hadoop.ozone.container.common.volume.HddsVolume@5624657a
2019-10-13 20:32:44,599 [main] INFO  volume.HddsVolumeChecker (HddsVolumeChecker.java:checkAllVolumes(204)) - Scheduled health check for volume org.apache.hadoop.ozone.container.common.volume.HddsVolume@5624657a
2019-10-13 20:32:44,622 [main] INFO  impl.RaftServerProxy (ConfUtils.java:logGet(43)) - raft.rpc.type = GRPC (default)
2019-10-13 20:32:44,623 [main] INFO  grpc.GrpcFactory (GrpcFactory.java:checkPooledByteBufAllocatorUseCacheForAllThreads(45)) - PERFORMANCE WARNING: useCacheForAllThreads is true that may cause Netty to create a lot garbage objects and, as a result, trigger GC.
	It is recommended to disable useCacheForAllThreads by setting -Dorg.apache.ratis.thirdparty.io.netty.allocator.useCacheForAllThreads=false in command line.
2019-10-13 20:32:44,623 [main] INFO  grpc.GrpcConfigKeys$Server (ConfUtils.java:logGet(43)) - raft.grpc.server.port = 0 (default)
2019-10-13 20:32:44,623 [main] INFO  server.GrpcService (ConfUtils.java:logGet(43)) - raft.grpc.message.size.max = 33570816 (custom)
2019-10-13 20:32:44,624 [main] INFO  server.RaftServerConfigKeys (ConfUtils.java:logGet(43)) - raft.server.log.appender.buffer.byte-limit = 33554432 (custom)
2019-10-13 20:32:44,624 [main] INFO  server.GrpcService (ConfUtils.java:logGet(43)) - raft.grpc.flow.control.window = 1MB (=1048576) (default)
2019-10-13 20:32:44,625 [main] INFO  server.RaftServerConfigKeys (ConfUtils.java:logGet(43)) - raft.server.rpc.request.timeout = 3000ms (default)
2019-10-13 20:32:44,625 [main] INFO  server.RaftServerConfigKeys (ConfUtils.java:logGet(43)) - raft.server.storage.dir = [/workdir/hadoop-ozone/integration-test/target/test-dir/MiniOzoneClusterImpl-647792b2-b7b4-4623-b37b-ed99d4356a77/datanode-2/data/ratis] (custom)
2019-10-13 20:32:44,626 [Datanode State Machine Thread - 0] INFO  datanode.InitDatanodeState (InitDatanodeState.java:persistContainerDatanodeDetails(140)) - DatanodeDetails is persisted to /workdir/hadoop-ozone/integration-test/target/test-dir/MiniOzoneClusterImpl-647792b2-b7b4-4623-b37b-ed99d4356a77/datanode-0/meta/datanode.id
2019-10-13 20:32:44,630 [main] INFO  hdfs.DFSUtil (DFSUtil.java:httpServerTemplateForNNAndJN(1641)) - Starting Web-server for hddsDatanode at: http://0.0.0.0:0
2019-10-13 20:32:44,631 [Datanode State Machine Thread - 0] INFO  datanode.InitDatanodeState (InitDatanodeState.java:persistContainerDatanodeDetails(140)) - DatanodeDetails is persisted to /workdir/hadoop-ozone/integration-test/target/test-dir/MiniOzoneClusterImpl-647792b2-b7b4-4623-b37b-ed99d4356a77/datanode-1/meta/datanode.id
2019-10-13 20:32:44,633 [main] INFO  server.AuthenticationFilter (AuthenticationFilter.java:constructSecretProvider(240)) - Unable to initialize FileSignerSecretProvider, falling back to use random secrets.
2019-10-13 20:32:44,634 [main] WARN  http.HttpRequestLog (HttpRequestLog.java:getRequestLog(97)) - Jetty request log can only be enabled using Log4j
2019-10-13 20:32:44,636 [main] INFO  http.HttpServer2 (HttpServer2.java:addGlobalFilter(975)) - Added global filter 'safety' (class=org.apache.hadoop.http.HttpServer2$QuotingInputFilter)
2019-10-13 20:32:44,637 [main] INFO  http.HttpServer2 (HttpServer2.java:addFilter(948)) - Added filter static_user_filter (class=org.apache.hadoop.http.lib.StaticUserWebFilter$StaticUserFilter) to context hddsDatanode
2019-10-13 20:32:44,637 [main] INFO  http.HttpServer2 (HttpServer2.java:addFilter(958)) - Added filter static_user_filter (class=org.apache.hadoop.http.lib.StaticUserWebFilter$StaticUserFilter) to context static
2019-10-13 20:32:44,637 [main] INFO  http.HttpServer2 (HttpServer2.java:addFilter(958)) - Added filter static_user_filter (class=org.apache.hadoop.http.lib.StaticUserWebFilter$StaticUserFilter) to context logs
2019-10-13 20:32:44,638 [main] INFO  http.HttpServer2 (HttpServer2.java:bindListener(1191)) - Jetty bound to port 34905
2019-10-13 20:32:44,638 [main] INFO  server.Server (Server.java:doStart(351)) - jetty-9.3.25.v20180904, build timestamp: 2018-09-04T21:11:46Z, git hash: 3ce520221d0240229c862b122d2b06c12a625732
2019-10-13 20:32:44,641 [main] INFO  handler.ContextHandler (ContextHandler.java:doStart(781)) - Started o.e.j.s.ServletContextHandler@599e4d41{/logs,file:///workdir/hadoop-ozone/integration-test/target/log,AVAILABLE}
2019-10-13 20:32:44,641 [main] INFO  handler.ContextHandler (ContextHandler.java:doStart(781)) - Started o.e.j.s.ServletContextHandler@10f7c76{/static,jar:file:/home/user/.m2/repository/org/apache/hadoop/hadoop-hdds-container-service/0.5.0-SNAPSHOT/hadoop-hdds-container-service-0.5.0-SNAPSHOT.jar!/webapps/static,AVAILABLE}
2019-10-13 20:32:44,685 [main] INFO  handler.ContextHandler (ContextHandler.java:doStart(781)) - Started o.e.j.w.WebAppContext@37df14d1{/,file:///tmp/jetty-0.0.0.0-34905-hddsDatanode-_-any-917647562245964281.dir/webapp/,AVAILABLE}{/hddsDatanode}
2019-10-13 20:32:44,687 [main] INFO  server.AbstractConnector (AbstractConnector.java:doStart(278)) - Started ServerConnector@7efb53af{HTTP/1.1,[http/1.1]}{0.0.0.0:34905}
2019-10-13 20:32:44,688 [main] INFO  server.Server (Server.java:doStart(419)) - Started @5398ms
2019-10-13 20:32:44,689 [main] WARN  impl.MetricsSystemImpl (MetricsSystemImpl.java:register(276)) - Sink prometheus already exists!
2019-10-13 20:32:44,690 [main] INFO  server.BaseHttpServer (BaseHttpServer.java:updateConnectorAddress(215)) - HTTP server of HDDSDATANODE is listening at http://0.0.0.0:34905
2019-10-13 20:32:44,691 [main] INFO  impl.MetricsSystemImpl (MetricsSystemImpl.java:init(158)) - HddsDatanode metrics system started (again)
2019-10-13 20:32:44,694 [main] INFO  ozone.HddsDatanodeService (HddsDatanodeService.java:start(184)) - HddsDatanodeService host:pr-hdds-2290-dcfw8-3342134496 ip:192.168.157.224
2019-10-13 20:32:44,694 [org.apache.hadoop.util.JvmPauseMonitor$Monitor@2f89c789] INFO  util.JvmPauseMonitor (JvmPauseMonitor.java:run(188)) - Starting JVM pause monitor
2019-10-13 20:32:44,697 [Datanode State Machine Thread - 0] INFO  datanode.InitDatanodeState (InitDatanodeState.java:persistContainerDatanodeDetails(140)) - DatanodeDetails is persisted to /workdir/hadoop-ozone/integration-test/target/test-dir/MiniOzoneClusterImpl-647792b2-b7b4-4623-b37b-ed99d4356a77/datanode-2/meta/datanode.id
2019-10-13 20:32:44,703 [main] INFO  volume.HddsVolume (HddsVolume.java:<init>(176)) - Creating Volume: /workdir/hadoop-ozone/integration-test/target/test-dir/MiniOzoneClusterImpl-647792b2-b7b4-4623-b37b-ed99d4356a77/datanode-3/data/containers/hdds of  storage type : DISK and capacity : 1482555576320
2019-10-13 20:32:44,704 [main] INFO  volume.VolumeSet (VolumeSet.java:initializeVolumeSet(170)) - Added Volume : /workdir/hadoop-ozone/integration-test/target/test-dir/MiniOzoneClusterImpl-647792b2-b7b4-4623-b37b-ed99d4356a77/datanode-3/data/containers/hdds to VolumeSet
2019-10-13 20:32:44,704 [main] INFO  volume.ThrottledAsyncChecker (ThrottledAsyncChecker.java:schedule(141)) - Scheduling a check for org.apache.hadoop.ozone.container.common.volume.HddsVolume@5e7c141d
2019-10-13 20:32:44,705 [main] INFO  volume.HddsVolumeChecker (HddsVolumeChecker.java:checkAllVolumes(204)) - Scheduled health check for volume org.apache.hadoop.ozone.container.common.volume.HddsVolume@5e7c141d
2019-10-13 20:32:44,720 [main] INFO  impl.RaftServerProxy (ConfUtils.java:logGet(43)) - raft.rpc.type = GRPC (default)
2019-10-13 20:32:44,720 [main] INFO  grpc.GrpcFactory (GrpcFactory.java:checkPooledByteBufAllocatorUseCacheForAllThreads(45)) - PERFORMANCE WARNING: useCacheForAllThreads is true that may cause Netty to create a lot garbage objects and, as a result, trigger GC.
	It is recommended to disable useCacheForAllThreads by setting -Dorg.apache.ratis.thirdparty.io.netty.allocator.useCacheForAllThreads=false in command line.
2019-10-13 20:32:44,720 [main] INFO  grpc.GrpcConfigKeys$Server (ConfUtils.java:logGet(43)) - raft.grpc.server.port = 0 (default)
2019-10-13 20:32:44,721 [main] INFO  server.GrpcService (ConfUtils.java:logGet(43)) - raft.grpc.message.size.max = 33570816 (custom)
2019-10-13 20:32:44,721 [main] INFO  server.RaftServerConfigKeys (ConfUtils.java:logGet(43)) - raft.server.log.appender.buffer.byte-limit = 33554432 (custom)
2019-10-13 20:32:44,721 [main] INFO  server.GrpcService (ConfUtils.java:logGet(43)) - raft.grpc.flow.control.window = 1MB (=1048576) (default)
2019-10-13 20:32:44,721 [main] INFO  server.RaftServerConfigKeys (ConfUtils.java:logGet(43)) - raft.server.rpc.request.timeout = 3000ms (default)
2019-10-13 20:32:44,722 [main] INFO  server.RaftServerConfigKeys (ConfUtils.java:logGet(43)) - raft.server.storage.dir = [/workdir/hadoop-ozone/integration-test/target/test-dir/MiniOzoneClusterImpl-647792b2-b7b4-4623-b37b-ed99d4356a77/datanode-3/data/ratis] (custom)
2019-10-13 20:32:44,723 [main] INFO  hdfs.DFSUtil (DFSUtil.java:httpServerTemplateForNNAndJN(1641)) - Starting Web-server for hddsDatanode at: http://0.0.0.0:0
2019-10-13 20:32:44,725 [main] INFO  server.AuthenticationFilter (AuthenticationFilter.java:constructSecretProvider(240)) - Unable to initialize FileSignerSecretProvider, falling back to use random secrets.
2019-10-13 20:32:44,726 [main] WARN  http.HttpRequestLog (HttpRequestLog.java:getRequestLog(97)) - Jetty request log can only be enabled using Log4j
2019-10-13 20:32:44,727 [main] INFO  http.HttpServer2 (HttpServer2.java:addGlobalFilter(975)) - Added global filter 'safety' (class=org.apache.hadoop.http.HttpServer2$QuotingInputFilter)
2019-10-13 20:32:44,728 [main] INFO  http.HttpServer2 (HttpServer2.java:addFilter(948)) - Added filter static_user_filter (class=org.apache.hadoop.http.lib.StaticUserWebFilter$StaticUserFilter) to context hddsDatanode
2019-10-13 20:32:44,728 [main] INFO  http.HttpServer2 (HttpServer2.java:addFilter(958)) - Added filter static_user_filter (class=org.apache.hadoop.http.lib.StaticUserWebFilter$StaticUserFilter) to context static
2019-10-13 20:32:44,728 [main] INFO  http.HttpServer2 (HttpServer2.java:addFilter(958)) - Added filter static_user_filter (class=org.apache.hadoop.http.lib.StaticUserWebFilter$StaticUserFilter) to context logs
2019-10-13 20:32:44,729 [main] INFO  http.HttpServer2 (HttpServer2.java:bindListener(1191)) - Jetty bound to port 39037
2019-10-13 20:32:44,729 [main] INFO  server.Server (Server.java:doStart(351)) - jetty-9.3.25.v20180904, build timestamp: 2018-09-04T21:11:46Z, git hash: 3ce520221d0240229c862b122d2b06c12a625732
2019-10-13 20:32:44,733 [main] INFO  handler.ContextHandler (ContextHandler.java:doStart(781)) - Started o.e.j.s.ServletContextHandler@709ed6f3{/logs,file:///workdir/hadoop-ozone/integration-test/target/log,AVAILABLE}
2019-10-13 20:32:44,734 [main] INFO  handler.ContextHandler (ContextHandler.java:doStart(781)) - Started o.e.j.s.ServletContextHandler@102c577f{/static,jar:file:/home/user/.m2/repository/org/apache/hadoop/hadoop-hdds-container-service/0.5.0-SNAPSHOT/hadoop-hdds-container-service-0.5.0-SNAPSHOT.jar!/webapps/static,AVAILABLE}
2019-10-13 20:32:44,765 [main] INFO  handler.ContextHandler (ContextHandler.java:doStart(781)) - Started o.e.j.w.WebAppContext@5d2828c9{/,file:///tmp/jetty-0.0.0.0-39037-hddsDatanode-_-any-859939517278349747.dir/webapp/,AVAILABLE}{/hddsDatanode}
2019-10-13 20:32:44,766 [main] INFO  server.AbstractConnector (AbstractConnector.java:doStart(278)) - Started ServerConnector@3a082ff4{HTTP/1.1,[http/1.1]}{0.0.0.0:39037}
2019-10-13 20:32:44,767 [main] INFO  server.Server (Server.java:doStart(419)) - Started @5477ms
2019-10-13 20:32:44,768 [main] WARN  impl.MetricsSystemImpl (MetricsSystemImpl.java:register(276)) - Sink prometheus already exists!
2019-10-13 20:32:44,769 [main] INFO  server.BaseHttpServer (BaseHttpServer.java:updateConnectorAddress(215)) - HTTP server of HDDSDATANODE is listening at http://0.0.0.0:39037
2019-10-13 20:32:44,769 [main] INFO  impl.MetricsSystemImpl (MetricsSystemImpl.java:init(158)) - HddsDatanode metrics system started (again)
2019-10-13 20:32:44,773 [org.apache.hadoop.util.JvmPauseMonitor$Monitor@4809c155] INFO  util.JvmPauseMonitor (JvmPauseMonitor.java:run(188)) - Starting JVM pause monitor
2019-10-13 20:32:44,778 [main] INFO  ozone.HddsDatanodeService (HddsDatanodeService.java:start(184)) - HddsDatanodeService host:pr-hdds-2290-dcfw8-3342134496 ip:192.168.157.224
2019-10-13 20:32:44,779 [Datanode State Machine Thread - 0] INFO  datanode.InitDatanodeState (InitDatanodeState.java:persistContainerDatanodeDetails(140)) - DatanodeDetails is persisted to /workdir/hadoop-ozone/integration-test/target/test-dir/MiniOzoneClusterImpl-647792b2-b7b4-4623-b37b-ed99d4356a77/datanode-3/meta/datanode.id
2019-10-13 20:32:44,787 [main] INFO  volume.HddsVolume (HddsVolume.java:<init>(176)) - Creating Volume: /workdir/hadoop-ozone/integration-test/target/test-dir/MiniOzoneClusterImpl-647792b2-b7b4-4623-b37b-ed99d4356a77/datanode-4/data/containers/hdds of  storage type : DISK and capacity : 1482555576320
2019-10-13 20:32:44,788 [main] INFO  volume.VolumeSet (VolumeSet.java:initializeVolumeSet(170)) - Added Volume : /workdir/hadoop-ozone/integration-test/target/test-dir/MiniOzoneClusterImpl-647792b2-b7b4-4623-b37b-ed99d4356a77/datanode-4/data/containers/hdds to VolumeSet
2019-10-13 20:32:44,788 [main] INFO  volume.ThrottledAsyncChecker (ThrottledAsyncChecker.java:schedule(141)) - Scheduling a check for org.apache.hadoop.ozone.container.common.volume.HddsVolume@50fb33a
2019-10-13 20:32:44,789 [main] INFO  volume.HddsVolumeChecker (HddsVolumeChecker.java:checkAllVolumes(204)) - Scheduled health check for volume org.apache.hadoop.ozone.container.common.volume.HddsVolume@50fb33a
2019-10-13 20:32:44,810 [main] INFO  impl.RaftServerProxy (ConfUtils.java:logGet(43)) - raft.rpc.type = GRPC (default)
2019-10-13 20:32:44,811 [main] INFO  grpc.GrpcFactory (GrpcFactory.java:checkPooledByteBufAllocatorUseCacheForAllThreads(45)) - PERFORMANCE WARNING: useCacheForAllThreads is true that may cause Netty to create a lot garbage objects and, as a result, trigger GC.
	It is recommended to disable useCacheForAllThreads by setting -Dorg.apache.ratis.thirdparty.io.netty.allocator.useCacheForAllThreads=false in command line.
2019-10-13 20:32:44,811 [main] INFO  grpc.GrpcConfigKeys$Server (ConfUtils.java:logGet(43)) - raft.grpc.server.port = 0 (default)
2019-10-13 20:32:44,811 [main] INFO  server.GrpcService (ConfUtils.java:logGet(43)) - raft.grpc.message.size.max = 33570816 (custom)
2019-10-13 20:32:44,812 [main] INFO  server.RaftServerConfigKeys (ConfUtils.java:logGet(43)) - raft.server.log.appender.buffer.byte-limit = 33554432 (custom)
2019-10-13 20:32:44,812 [main] INFO  server.GrpcService (ConfUtils.java:logGet(43)) - raft.grpc.flow.control.window = 1MB (=1048576) (default)
2019-10-13 20:32:44,813 [main] INFO  server.RaftServerConfigKeys (ConfUtils.java:logGet(43)) - raft.server.rpc.request.timeout = 3000ms (default)
2019-10-13 20:32:44,813 [main] INFO  server.RaftServerConfigKeys (ConfUtils.java:logGet(43)) - raft.server.storage.dir = [/workdir/hadoop-ozone/integration-test/target/test-dir/MiniOzoneClusterImpl-647792b2-b7b4-4623-b37b-ed99d4356a77/datanode-4/data/ratis] (custom)
2019-10-13 20:32:44,816 [main] INFO  hdfs.DFSUtil (DFSUtil.java:httpServerTemplateForNNAndJN(1641)) - Starting Web-server for hddsDatanode at: http://0.0.0.0:0
2019-10-13 20:32:44,817 [main] INFO  server.AuthenticationFilter (AuthenticationFilter.java:constructSecretProvider(240)) - Unable to initialize FileSignerSecretProvider, falling back to use random secrets.
2019-10-13 20:32:44,818 [main] WARN  http.HttpRequestLog (HttpRequestLog.java:getRequestLog(97)) - Jetty request log can only be enabled using Log4j
2019-10-13 20:32:44,819 [main] INFO  http.HttpServer2 (HttpServer2.java:addGlobalFilter(975)) - Added global filter 'safety' (class=org.apache.hadoop.http.HttpServer2$QuotingInputFilter)
2019-10-13 20:32:44,820 [main] INFO  http.HttpServer2 (HttpServer2.java:addFilter(948)) - Added filter static_user_filter (class=org.apache.hadoop.http.lib.StaticUserWebFilter$StaticUserFilter) to context hddsDatanode
2019-10-13 20:32:44,820 [main] INFO  http.HttpServer2 (HttpServer2.java:addFilter(958)) - Added filter static_user_filter (class=org.apache.hadoop.http.lib.StaticUserWebFilter$StaticUserFilter) to context logs
2019-10-13 20:32:44,820 [main] INFO  http.HttpServer2 (HttpServer2.java:addFilter(958)) - Added filter static_user_filter (class=org.apache.hadoop.http.lib.StaticUserWebFilter$StaticUserFilter) to context static
2019-10-13 20:32:44,821 [main] INFO  http.HttpServer2 (HttpServer2.java:bindListener(1191)) - Jetty bound to port 39657
2019-10-13 20:32:44,821 [main] INFO  server.Server (Server.java:doStart(351)) - jetty-9.3.25.v20180904, build timestamp: 2018-09-04T21:11:46Z, git hash: 3ce520221d0240229c862b122d2b06c12a625732
2019-10-13 20:32:44,823 [main] INFO  handler.ContextHandler (ContextHandler.java:doStart(781)) - Started o.e.j.s.ServletContextHandler@291373d3{/logs,file:///workdir/hadoop-ozone/integration-test/target/log,AVAILABLE}
2019-10-13 20:32:44,823 [main] INFO  handler.ContextHandler (ContextHandler.java:doStart(781)) - Started o.e.j.s.ServletContextHandler@3204e238{/static,jar:file:/home/user/.m2/repository/org/apache/hadoop/hadoop-hdds-container-service/0.5.0-SNAPSHOT/hadoop-hdds-container-service-0.5.0-SNAPSHOT.jar!/webapps/static,AVAILABLE}
2019-10-13 20:32:44,849 [main] INFO  handler.ContextHandler (ContextHandler.java:doStart(781)) - Started o.e.j.w.WebAppContext@4821aa9f{/,file:///tmp/jetty-0.0.0.0-39657-hddsDatanode-_-any-8092202266938435507.dir/webapp/,AVAILABLE}{/hddsDatanode}
2019-10-13 20:32:44,851 [main] INFO  server.AbstractConnector (AbstractConnector.java:doStart(278)) - Started ServerConnector@5f481b73{HTTP/1.1,[http/1.1]}{0.0.0.0:39657}
2019-10-13 20:32:44,852 [main] INFO  server.Server (Server.java:doStart(419)) - Started @5562ms
2019-10-13 20:32:44,852 [main] WARN  impl.MetricsSystemImpl (MetricsSystemImpl.java:register(276)) - Sink prometheus already exists!
2019-10-13 20:32:44,853 [main] INFO  server.BaseHttpServer (BaseHttpServer.java:updateConnectorAddress(215)) - HTTP server of HDDSDATANODE is listening at http://0.0.0.0:39657
2019-10-13 20:32:44,854 [main] INFO  impl.MetricsSystemImpl (MetricsSystemImpl.java:init(158)) - HddsDatanode metrics system started (again)
2019-10-13 20:32:44,857 [org.apache.hadoop.util.JvmPauseMonitor$Monitor@49038189] INFO  util.JvmPauseMonitor (JvmPauseMonitor.java:run(188)) - Starting JVM pause monitor
2019-10-13 20:32:44,857 [main] INFO  ozone.HddsDatanodeService (HddsDatanodeService.java:start(184)) - HddsDatanodeService host:pr-hdds-2290-dcfw8-3342134496 ip:192.168.157.224
2019-10-13 20:32:44,860 [Datanode State Machine Thread - 0] INFO  datanode.InitDatanodeState (InitDatanodeState.java:persistContainerDatanodeDetails(140)) - DatanodeDetails is persisted to /workdir/hadoop-ozone/integration-test/target/test-dir/MiniOzoneClusterImpl-647792b2-b7b4-4623-b37b-ed99d4356a77/datanode-4/meta/datanode.id
2019-10-13 20:32:44,868 [main] INFO  volume.HddsVolume (HddsVolume.java:<init>(176)) - Creating Volume: /workdir/hadoop-ozone/integration-test/target/test-dir/MiniOzoneClusterImpl-647792b2-b7b4-4623-b37b-ed99d4356a77/datanode-5/data/containers/hdds of  storage type : DISK and capacity : 1482555576320
2019-10-13 20:32:44,869 [main] INFO  volume.VolumeSet (VolumeSet.java:initializeVolumeSet(170)) - Added Volume : /workdir/hadoop-ozone/integration-test/target/test-dir/MiniOzoneClusterImpl-647792b2-b7b4-4623-b37b-ed99d4356a77/datanode-5/data/containers/hdds to VolumeSet
2019-10-13 20:32:44,869 [main] INFO  volume.ThrottledAsyncChecker (ThrottledAsyncChecker.java:schedule(141)) - Scheduling a check for org.apache.hadoop.ozone.container.common.volume.HddsVolume@7e53339
2019-10-13 20:32:44,870 [main] INFO  volume.HddsVolumeChecker (HddsVolumeChecker.java:checkAllVolumes(204)) - Scheduled health check for volume org.apache.hadoop.ozone.container.common.volume.HddsVolume@7e53339
2019-10-13 20:32:44,893 [main] INFO  impl.RaftServerProxy (ConfUtils.java:logGet(43)) - raft.rpc.type = GRPC (default)
2019-10-13 20:32:44,893 [main] INFO  grpc.GrpcFactory (GrpcFactory.java:checkPooledByteBufAllocatorUseCacheForAllThreads(45)) - PERFORMANCE WARNING: useCacheForAllThreads is true that may cause Netty to create a lot garbage objects and, as a result, trigger GC.
	It is recommended to disable useCacheForAllThreads by setting -Dorg.apache.ratis.thirdparty.io.netty.allocator.useCacheForAllThreads=false in command line.
2019-10-13 20:32:44,894 [main] INFO  grpc.GrpcConfigKeys$Server (ConfUtils.java:logGet(43)) - raft.grpc.server.port = 0 (default)
2019-10-13 20:32:44,894 [main] INFO  server.GrpcService (ConfUtils.java:logGet(43)) - raft.grpc.message.size.max = 33570816 (custom)
2019-10-13 20:32:44,894 [main] INFO  server.RaftServerConfigKeys (ConfUtils.java:logGet(43)) - raft.server.log.appender.buffer.byte-limit = 33554432 (custom)
2019-10-13 20:32:44,895 [main] INFO  server.GrpcService (ConfUtils.java:logGet(43)) - raft.grpc.flow.control.window = 1MB (=1048576) (default)
2019-10-13 20:32:44,895 [main] INFO  server.RaftServerConfigKeys (ConfUtils.java:logGet(43)) - raft.server.rpc.request.timeout = 3000ms (default)
2019-10-13 20:32:44,896 [main] INFO  server.RaftServerConfigKeys (ConfUtils.java:logGet(43)) - raft.server.storage.dir = [/workdir/hadoop-ozone/integration-test/target/test-dir/MiniOzoneClusterImpl-647792b2-b7b4-4623-b37b-ed99d4356a77/datanode-5/data/ratis] (custom)
2019-10-13 20:32:44,898 [main] INFO  hdfs.DFSUtil (DFSUtil.java:httpServerTemplateForNNAndJN(1641)) - Starting Web-server for hddsDatanode at: http://0.0.0.0:0
2019-10-13 20:32:44,900 [main] INFO  server.AuthenticationFilter (AuthenticationFilter.java:constructSecretProvider(240)) - Unable to initialize FileSignerSecretProvider, falling back to use random secrets.
2019-10-13 20:32:44,900 [main] WARN  http.HttpRequestLog (HttpRequestLog.java:getRequestLog(97)) - Jetty request log can only be enabled using Log4j
2019-10-13 20:32:44,902 [main] INFO  http.HttpServer2 (HttpServer2.java:addGlobalFilter(975)) - Added global filter 'safety' (class=org.apache.hadoop.http.HttpServer2$QuotingInputFilter)
2019-10-13 20:32:44,903 [main] INFO  http.HttpServer2 (HttpServer2.java:addFilter(948)) - Added filter static_user_filter (class=org.apache.hadoop.http.lib.StaticUserWebFilter$StaticUserFilter) to context hddsDatanode
2019-10-13 20:32:44,903 [main] INFO  http.HttpServer2 (HttpServer2.java:addFilter(958)) - Added filter static_user_filter (class=org.apache.hadoop.http.lib.StaticUserWebFilter$StaticUserFilter) to context static
2019-10-13 20:32:44,904 [main] INFO  http.HttpServer2 (HttpServer2.java:addFilter(958)) - Added filter static_user_filter (class=org.apache.hadoop.http.lib.StaticUserWebFilter$StaticUserFilter) to context logs
2019-10-13 20:32:44,904 [main] INFO  http.HttpServer2 (HttpServer2.java:bindListener(1191)) - Jetty bound to port 34652
2019-10-13 20:32:44,905 [main] INFO  server.Server (Server.java:doStart(351)) - jetty-9.3.25.v20180904, build timestamp: 2018-09-04T21:11:46Z, git hash: 3ce520221d0240229c862b122d2b06c12a625732
2019-10-13 20:32:44,907 [main] INFO  handler.ContextHandler (ContextHandler.java:doStart(781)) - Started o.e.j.s.ServletContextHandler@267dc982{/logs,file:///workdir/hadoop-ozone/integration-test/target/log,AVAILABLE}
2019-10-13 20:32:44,908 [main] INFO  handler.ContextHandler (ContextHandler.java:doStart(781)) - Started o.e.j.s.ServletContextHandler@3aa41da1{/static,jar:file:/home/user/.m2/repository/org/apache/hadoop/hadoop-hdds-container-service/0.5.0-SNAPSHOT/hadoop-hdds-container-service-0.5.0-SNAPSHOT.jar!/webapps/static,AVAILABLE}
2019-10-13 20:32:44,957 [main] INFO  handler.ContextHandler (ContextHandler.java:doStart(781)) - Started o.e.j.w.WebAppContext@524270b8{/,file:///tmp/jetty-0.0.0.0-34652-hddsDatanode-_-any-3073322418809263719.dir/webapp/,AVAILABLE}{/hddsDatanode}
2019-10-13 20:32:44,959 [main] INFO  server.AbstractConnector (AbstractConnector.java:doStart(278)) - Started ServerConnector@4acb7ecc{HTTP/1.1,[http/1.1]}{0.0.0.0:34652}
2019-10-13 20:32:44,959 [main] INFO  server.Server (Server.java:doStart(419)) - Started @5669ms
2019-10-13 20:32:44,960 [main] WARN  impl.MetricsSystemImpl (MetricsSystemImpl.java:register(276)) - Sink prometheus already exists!
2019-10-13 20:32:44,961 [main] INFO  server.BaseHttpServer (BaseHttpServer.java:updateConnectorAddress(215)) - HTTP server of HDDSDATANODE is listening at http://0.0.0.0:34652
2019-10-13 20:32:44,961 [main] INFO  impl.MetricsSystemImpl (MetricsSystemImpl.java:init(158)) - HddsDatanode metrics system started (again)
2019-10-13 20:32:44,965 [org.apache.hadoop.util.JvmPauseMonitor$Monitor@7a0b1e85] INFO  util.JvmPauseMonitor (JvmPauseMonitor.java:run(188)) - Starting JVM pause monitor
2019-10-13 20:32:44,967 [main] INFO  ozone.HddsDatanodeService (HddsDatanodeService.java:start(184)) - HddsDatanodeService host:pr-hdds-2290-dcfw8-3342134496 ip:192.168.157.224
2019-10-13 20:32:44,969 [Datanode State Machine Thread - 0] INFO  datanode.InitDatanodeState (InitDatanodeState.java:persistContainerDatanodeDetails(140)) - DatanodeDetails is persisted to /workdir/hadoop-ozone/integration-test/target/test-dir/MiniOzoneClusterImpl-647792b2-b7b4-4623-b37b-ed99d4356a77/datanode-5/meta/datanode.id
2019-10-13 20:32:44,973 [main] INFO  volume.HddsVolume (HddsVolume.java:<init>(176)) - Creating Volume: /workdir/hadoop-ozone/integration-test/target/test-dir/MiniOzoneClusterImpl-647792b2-b7b4-4623-b37b-ed99d4356a77/datanode-6/data/containers/hdds of  storage type : DISK and capacity : 1482555576320
2019-10-13 20:32:44,974 [main] INFO  volume.VolumeSet (VolumeSet.java:initializeVolumeSet(170)) - Added Volume : /workdir/hadoop-ozone/integration-test/target/test-dir/MiniOzoneClusterImpl-647792b2-b7b4-4623-b37b-ed99d4356a77/datanode-6/data/containers/hdds to VolumeSet
2019-10-13 20:32:44,974 [main] INFO  volume.ThrottledAsyncChecker (ThrottledAsyncChecker.java:schedule(141)) - Scheduling a check for org.apache.hadoop.ozone.container.common.volume.HddsVolume@1ab5f08a
2019-10-13 20:32:44,975 [main] INFO  volume.HddsVolumeChecker (HddsVolumeChecker.java:checkAllVolumes(204)) - Scheduled health check for volume org.apache.hadoop.ozone.container.common.volume.HddsVolume@1ab5f08a
2019-10-13 20:32:44,997 [main] INFO  impl.RaftServerProxy (ConfUtils.java:logGet(43)) - raft.rpc.type = GRPC (default)
2019-10-13 20:32:44,998 [main] INFO  grpc.GrpcFactory (GrpcFactory.java:checkPooledByteBufAllocatorUseCacheForAllThreads(45)) - PERFORMANCE WARNING: useCacheForAllThreads is true that may cause Netty to create a lot garbage objects and, as a result, trigger GC.
	It is recommended to disable useCacheForAllThreads by setting -Dorg.apache.ratis.thirdparty.io.netty.allocator.useCacheForAllThreads=false in command line.
2019-10-13 20:32:44,998 [main] INFO  grpc.GrpcConfigKeys$Server (ConfUtils.java:logGet(43)) - raft.grpc.server.port = 0 (default)
2019-10-13 20:32:44,999 [main] INFO  server.GrpcService (ConfUtils.java:logGet(43)) - raft.grpc.message.size.max = 33570816 (custom)
2019-10-13 20:32:44,999 [main] INFO  server.RaftServerConfigKeys (ConfUtils.java:logGet(43)) - raft.server.log.appender.buffer.byte-limit = 33554432 (custom)
2019-10-13 20:32:44,999 [main] INFO  server.GrpcService (ConfUtils.java:logGet(43)) - raft.grpc.flow.control.window = 1MB (=1048576) (default)
2019-10-13 20:32:45,000 [main] INFO  server.RaftServerConfigKeys (ConfUtils.java:logGet(43)) - raft.server.rpc.request.timeout = 3000ms (default)
2019-10-13 20:32:45,000 [main] INFO  server.RaftServerConfigKeys (ConfUtils.java:logGet(43)) - raft.server.storage.dir = [/workdir/hadoop-ozone/integration-test/target/test-dir/MiniOzoneClusterImpl-647792b2-b7b4-4623-b37b-ed99d4356a77/datanode-6/data/ratis] (custom)
2019-10-13 20:32:45,003 [main] INFO  hdfs.DFSUtil (DFSUtil.java:httpServerTemplateForNNAndJN(1641)) - Starting Web-server for hddsDatanode at: http://0.0.0.0:0
2019-10-13 20:32:45,004 [main] INFO  server.AuthenticationFilter (AuthenticationFilter.java:constructSecretProvider(240)) - Unable to initialize FileSignerSecretProvider, falling back to use random secrets.
2019-10-13 20:32:45,005 [main] WARN  http.HttpRequestLog (HttpRequestLog.java:getRequestLog(97)) - Jetty request log can only be enabled using Log4j
2019-10-13 20:32:45,006 [main] INFO  http.HttpServer2 (HttpServer2.java:addGlobalFilter(975)) - Added global filter 'safety' (class=org.apache.hadoop.http.HttpServer2$QuotingInputFilter)
2019-10-13 20:32:45,007 [main] INFO  http.HttpServer2 (HttpServer2.java:addFilter(948)) - Added filter static_user_filter (class=org.apache.hadoop.http.lib.StaticUserWebFilter$StaticUserFilter) to context hddsDatanode
2019-10-13 20:32:45,007 [main] INFO  http.HttpServer2 (HttpServer2.java:addFilter(958)) - Added filter static_user_filter (class=org.apache.hadoop.http.lib.StaticUserWebFilter$StaticUserFilter) to context static
2019-10-13 20:32:45,007 [main] INFO  http.HttpServer2 (HttpServer2.java:addFilter(958)) - Added filter static_user_filter (class=org.apache.hadoop.http.lib.StaticUserWebFilter$StaticUserFilter) to context logs
2019-10-13 20:32:45,008 [main] INFO  http.HttpServer2 (HttpServer2.java:bindListener(1191)) - Jetty bound to port 43196
2019-10-13 20:32:45,008 [main] INFO  server.Server (Server.java:doStart(351)) - jetty-9.3.25.v20180904, build timestamp: 2018-09-04T21:11:46Z, git hash: 3ce520221d0240229c862b122d2b06c12a625732
2019-10-13 20:32:45,010 [main] INFO  handler.ContextHandler (ContextHandler.java:doStart(781)) - Started o.e.j.s.ServletContextHandler@4fa9ab6{/logs,file:///workdir/hadoop-ozone/integration-test/target/log,AVAILABLE}
2019-10-13 20:32:45,011 [main] INFO  handler.ContextHandler (ContextHandler.java:doStart(781)) - Started o.e.j.s.ServletContextHandler@a2341c6{/static,jar:file:/home/user/.m2/repository/org/apache/hadoop/hadoop-hdds-container-service/0.5.0-SNAPSHOT/hadoop-hdds-container-service-0.5.0-SNAPSHOT.jar!/webapps/static,AVAILABLE}
2019-10-13 20:32:45,049 [main] INFO  handler.ContextHandler (ContextHandler.java:doStart(781)) - Started o.e.j.w.WebAppContext@7b122839{/,file:///tmp/jetty-0.0.0.0-43196-hddsDatanode-_-any-1383051085913451159.dir/webapp/,AVAILABLE}{/hddsDatanode}
2019-10-13 20:32:45,052 [main] INFO  server.AbstractConnector (AbstractConnector.java:doStart(278)) - Started ServerConnector@3743539f{HTTP/1.1,[http/1.1]}{0.0.0.0:43196}
2019-10-13 20:32:45,053 [main] INFO  server.Server (Server.java:doStart(419)) - Started @5762ms
2019-10-13 20:32:45,053 [main] WARN  impl.MetricsSystemImpl (MetricsSystemImpl.java:register(276)) - Sink prometheus already exists!
2019-10-13 20:32:45,054 [main] INFO  server.BaseHttpServer (BaseHttpServer.java:updateConnectorAddress(215)) - HTTP server of HDDSDATANODE is listening at http://0.0.0.0:43196
2019-10-13 20:32:45,057 [org.apache.hadoop.util.JvmPauseMonitor$Monitor@2d8bf080] INFO  util.JvmPauseMonitor (JvmPauseMonitor.java:run(188)) - Starting JVM pause monitor
2019-10-13 20:32:45,058 [main] INFO  ozone.MiniOzoneClusterImpl (MiniOzoneClusterImpl.java:lambda$waitForClusterToBeReady$0(147)) - Waiting for cluster to be ready. Got 0 of 7 DN Heartbeats.
2019-10-13 20:32:45,061 [Datanode State Machine Thread - 0] INFO  datanode.InitDatanodeState (InitDatanodeState.java:persistContainerDatanodeDetails(140)) - DatanodeDetails is persisted to /workdir/hadoop-ozone/integration-test/target/test-dir/MiniOzoneClusterImpl-647792b2-b7b4-4623-b37b-ed99d4356a77/datanode-6/meta/datanode.id
2019-10-13 20:32:46,059 [main] INFO  ozone.MiniOzoneClusterImpl (MiniOzoneClusterImpl.java:lambda$waitForClusterToBeReady$0(147)) - Waiting for cluster to be ready. Got 0 of 7 DN Heartbeats.
2019-10-13 20:32:47,060 [main] INFO  ozone.MiniOzoneClusterImpl (MiniOzoneClusterImpl.java:lambda$waitForClusterToBeReady$0(147)) - Waiting for cluster to be ready. Got 0 of 7 DN Heartbeats.
2019-10-13 20:32:48,060 [main] INFO  ozone.MiniOzoneClusterImpl (MiniOzoneClusterImpl.java:lambda$waitForClusterToBeReady$0(147)) - Waiting for cluster to be ready. Got 0 of 7 DN Heartbeats.
2019-10-13 20:32:49,061 [main] INFO  ozone.MiniOzoneClusterImpl (MiniOzoneClusterImpl.java:lambda$waitForClusterToBeReady$0(147)) - Waiting for cluster to be ready. Got 0 of 7 DN Heartbeats.
2019-10-13 20:32:50,062 [main] INFO  ozone.MiniOzoneClusterImpl (MiniOzoneClusterImpl.java:lambda$waitForClusterToBeReady$0(147)) - Waiting for cluster to be ready. Got 0 of 7 DN Heartbeats.
2019-10-13 20:32:50,198 [Datanode State Machine Thread - 0] INFO  ozoneimpl.OzoneContainer (OzoneContainer.java:start(213)) - Attempting to start container services.
2019-10-13 20:32:50,198 [Datanode State Machine Thread - 0] INFO  ozoneimpl.OzoneContainer (OzoneContainer.java:start(213)) - Attempting to start container services.
2019-10-13 20:32:50,198 [Datanode State Machine Thread - 0] INFO  ozoneimpl.OzoneContainer (OzoneContainer.java:start(213)) - Attempting to start container services.
2019-10-13 20:32:50,198 [Datanode State Machine Thread - 0] INFO  ozoneimpl.OzoneContainer (OzoneContainer.java:start(213)) - Attempting to start container services.
2019-10-13 20:32:50,207 [Datanode State Machine Thread - 0] INFO  ozoneimpl.OzoneContainer (OzoneContainer.java:startContainerScrub(177)) - Background container scanner has been disabled.
2019-10-13 20:32:50,207 [Datanode State Machine Thread - 0] INFO  ozoneimpl.OzoneContainer (OzoneContainer.java:startContainerScrub(177)) - Background container scanner has been disabled.
2019-10-13 20:32:50,207 [Datanode State Machine Thread - 0] INFO  ozoneimpl.OzoneContainer (OzoneContainer.java:startContainerScrub(177)) - Background container scanner has been disabled.
2019-10-13 20:32:50,207 [Datanode State Machine Thread - 0] INFO  ratis.XceiverServerRatis (XceiverServerRatis.java:start(418)) - Starting XceiverServerRatis a62c5862-2413-45e1-a25a-271607b15565 at port 0
2019-10-13 20:32:50,207 [Datanode State Machine Thread - 0] INFO  ozoneimpl.OzoneContainer (OzoneContainer.java:startContainerScrub(177)) - Background container scanner has been disabled.
2019-10-13 20:32:50,208 [Datanode State Machine Thread - 0] INFO  ratis.XceiverServerRatis (XceiverServerRatis.java:start(418)) - Starting XceiverServerRatis 787c3207-a753-429a-a612-e3ac99d17bc9 at port 0
2019-10-13 20:32:50,207 [Datanode State Machine Thread - 0] INFO  ratis.XceiverServerRatis (XceiverServerRatis.java:start(418)) - Starting XceiverServerRatis cab3cae7-f0a1-4851-a661-63d582d319d1 at port 0
2019-10-13 20:32:50,208 [Datanode State Machine Thread - 0] INFO  ratis.XceiverServerRatis (XceiverServerRatis.java:start(418)) - Starting XceiverServerRatis 87dd40fe-78d1-4490-b86b-73cf04ab2e1b at port 0
2019-10-13 20:32:50,252 [Datanode State Machine Thread - 0] INFO  impl.RaftServerProxy (RaftServerProxy.java:lambda$start$3(299)) - a62c5862-2413-45e1-a25a-271607b15565: start RPC server
2019-10-13 20:32:50,253 [Datanode State Machine Thread - 0] INFO  impl.RaftServerProxy (RaftServerProxy.java:lambda$start$3(299)) - 87dd40fe-78d1-4490-b86b-73cf04ab2e1b: start RPC server
2019-10-13 20:32:50,252 [Datanode State Machine Thread - 0] INFO  impl.RaftServerProxy (RaftServerProxy.java:lambda$start$3(299)) - 787c3207-a753-429a-a612-e3ac99d17bc9: start RPC server
2019-10-13 20:32:50,252 [Datanode State Machine Thread - 0] INFO  impl.RaftServerProxy (RaftServerProxy.java:lambda$start$3(299)) - cab3cae7-f0a1-4851-a661-63d582d319d1: start RPC server
2019-10-13 20:32:50,410 [Datanode State Machine Thread - 0] INFO  server.GrpcService (GrpcService.java:startImpl(158)) - cab3cae7-f0a1-4851-a661-63d582d319d1: GrpcService started, listening on 0.0.0.0/0.0.0.0:38398
2019-10-13 20:32:50,410 [Datanode State Machine Thread - 0] INFO  server.GrpcService (GrpcService.java:startImpl(158)) - 87dd40fe-78d1-4490-b86b-73cf04ab2e1b: GrpcService started, listening on 0.0.0.0/0.0.0.0:36895
2019-10-13 20:32:50,411 [Datanode State Machine Thread - 0] INFO  ratis.XceiverServerRatis (XceiverServerRatis.java:start(428)) - XceiverServerRatis cab3cae7-f0a1-4851-a661-63d582d319d1 is started using port 38398
2019-10-13 20:32:50,410 [Datanode State Machine Thread - 0] INFO  server.GrpcService (GrpcService.java:startImpl(158)) - 787c3207-a753-429a-a612-e3ac99d17bc9: GrpcService started, listening on 0.0.0.0/0.0.0.0:45659
2019-10-13 20:32:50,410 [Datanode State Machine Thread - 0] INFO  server.GrpcService (GrpcService.java:startImpl(158)) - a62c5862-2413-45e1-a25a-271607b15565: GrpcService started, listening on 0.0.0.0/0.0.0.0:42190
2019-10-13 20:32:50,412 [Datanode State Machine Thread - 0] INFO  ratis.XceiverServerRatis (XceiverServerRatis.java:start(428)) - XceiverServerRatis 787c3207-a753-429a-a612-e3ac99d17bc9 is started using port 45659
2019-10-13 20:32:50,411 [Datanode State Machine Thread - 0] INFO  ratis.XceiverServerRatis (XceiverServerRatis.java:start(428)) - XceiverServerRatis 87dd40fe-78d1-4490-b86b-73cf04ab2e1b is started using port 36895
2019-10-13 20:32:50,412 [Datanode State Machine Thread - 0] INFO  ratis.XceiverServerRatis (XceiverServerRatis.java:start(428)) - XceiverServerRatis a62c5862-2413-45e1-a25a-271607b15565 is started using port 42190
2019-10-13 20:32:50,421 [Datanode State Machine Thread - 0] INFO  server.XceiverServerGrpc (XceiverServerGrpc.java:start(149)) - XceiverServerGrpc cab3cae7-f0a1-4851-a661-63d582d319d1 is started using port 44734
2019-10-13 20:32:50,422 [Datanode State Machine Thread - 0] INFO  server.XceiverServerGrpc (XceiverServerGrpc.java:start(149)) - XceiverServerGrpc 787c3207-a753-429a-a612-e3ac99d17bc9 is started using port 34389
2019-10-13 20:32:50,423 [Datanode State Machine Thread - 0] INFO  server.XceiverServerGrpc (XceiverServerGrpc.java:start(149)) - XceiverServerGrpc 87dd40fe-78d1-4490-b86b-73cf04ab2e1b is started using port 41941
2019-10-13 20:32:50,423 [Datanode State Machine Thread - 0] INFO  server.XceiverServerGrpc (XceiverServerGrpc.java:start(149)) - XceiverServerGrpc a62c5862-2413-45e1-a25a-271607b15565 is started using port 46001
2019-10-13 20:32:50,518 [IPC Server handler 1 on 43804] INFO  net.NetworkTopology (NetworkTopologyImpl.java:add(111)) - Added a new node: /default-rack/cab3cae7-f0a1-4851-a661-63d582d319d1
2019-10-13 20:32:50,518 [IPC Server handler 1 on 43804] INFO  node.SCMNodeManager (SCMNodeManager.java:register(268)) - Registered Data node : cab3cae7-f0a1-4851-a661-63d582d319d1{ip: 192.168.157.224, host: pr-hdds-2290-dcfw8-3342134496, networkLocation: /default-rack, certSerialId: null}
2019-10-13 20:32:50,522 [EventQueue-NodeRegistrationContainerReportForDataNodeSafeModeRule] INFO  safemode.SCMSafeModeManager (DataNodeSafeModeRule.java:process(71)) - SCM in safe mode. 1 DataNodes registered, 1 required.
2019-10-13 20:32:50,522 [EventQueue-NodeRegistrationContainerReportForDataNodeSafeModeRule] INFO  safemode.SCMSafeModeManager (SCMSafeModeManager.java:validateSafeModeExitRules(177)) - ScmSafeModeManager, all rules are successfully validated
2019-10-13 20:32:50,522 [EventQueue-NodeRegistrationContainerReportForDataNodeSafeModeRule] INFO  safemode.SCMSafeModeManager (SCMSafeModeManager.java:exitSafeMode(193)) - SCM exiting safe mode.
2019-10-13 20:32:50,590 [IPC Server handler 2 on 43804] INFO  net.NetworkTopology (NetworkTopologyImpl.java:add(111)) - Added a new node: /default-rack/787c3207-a753-429a-a612-e3ac99d17bc9
2019-10-13 20:32:50,590 [IPC Server handler 2 on 43804] INFO  node.SCMNodeManager (SCMNodeManager.java:register(268)) - Registered Data node : 787c3207-a753-429a-a612-e3ac99d17bc9{ip: 192.168.157.224, host: pr-hdds-2290-dcfw8-3342134496, networkLocation: /default-rack, certSerialId: null}
2019-10-13 20:32:50,700 [IPC Server handler 3 on 43804] INFO  net.NetworkTopology (NetworkTopologyImpl.java:add(111)) - Added a new node: /default-rack/87dd40fe-78d1-4490-b86b-73cf04ab2e1b
2019-10-13 20:32:50,700 [IPC Server handler 3 on 43804] INFO  node.SCMNodeManager (SCMNodeManager.java:register(268)) - Registered Data node : 87dd40fe-78d1-4490-b86b-73cf04ab2e1b{ip: 192.168.157.224, host: pr-hdds-2290-dcfw8-3342134496, networkLocation: /default-rack, certSerialId: null}
2019-10-13 20:32:50,780 [IPC Server handler 4 on 43804] INFO  net.NetworkTopology (NetworkTopologyImpl.java:add(111)) - Added a new node: /default-rack/a62c5862-2413-45e1-a25a-271607b15565
2019-10-13 20:32:50,780 [IPC Server handler 4 on 43804] INFO  node.SCMNodeManager (SCMNodeManager.java:register(268)) - Registered Data node : a62c5862-2413-45e1-a25a-271607b15565{ip: 192.168.157.224, host: pr-hdds-2290-dcfw8-3342134496, networkLocation: /default-rack, certSerialId: null}
2019-10-13 20:32:51,063 [main] INFO  ozone.MiniOzoneClusterImpl (MiniOzoneClusterImpl.java:lambda$waitForClusterToBeReady$0(147)) - Waiting for cluster to be ready. Got 4 of 7 DN Heartbeats.
2019-10-13 20:32:51,079 [grpc-default-executor-0] INFO  impl.RaftServerProxy (RaftServerProxy.java:addNew(89)) - cab3cae7-f0a1-4851-a661-63d582d319d1: addNew group-175252E0178F:[cab3cae7-f0a1-4851-a661-63d582d319d1:192.168.157.224:38398] returns group-175252E0178F:java.util.concurrent.CompletableFuture@5cf2df1[Not completed]
2019-10-13 20:32:51,093 [pool-27-thread-1] INFO  impl.RaftServerImpl (RaftServerImpl.java:<init>(95)) - cab3cae7-f0a1-4851-a661-63d582d319d1: new RaftServerImpl for group-175252E0178F:[cab3cae7-f0a1-4851-a661-63d582d319d1:192.168.157.224:38398] with ContainerStateMachine:uninitialized
2019-10-13 20:32:51,095 [pool-27-thread-1] INFO  server.RaftServerConfigKeys (ConfUtils.java:logGet(43)) - raft.server.rpc.timeout.min = 1s (custom)
2019-10-13 20:32:51,096 [pool-27-thread-1] INFO  server.RaftServerConfigKeys (ConfUtils.java:logGet(43)) - raft.server.rpc.timeout.max = 1200ms (custom)
2019-10-13 20:32:51,097 [pool-27-thread-1] INFO  server.RaftServerConfigKeys (ConfUtils.java:logGet(43)) - raft.server.rpcslowness.timeout = 120s (custom)
2019-10-13 20:32:51,097 [pool-27-thread-1] INFO  server.RaftServerConfigKeys (ConfUtils.java:logGet(43)) - raft.server.sleep.deviation.threshold = 300 (default)
2019-10-13 20:32:51,098 [pool-27-thread-1] INFO  server.RaftServerConfigKeys (ConfUtils.java:logGet(43)) - raft.server.log.appender.install.snapshot.enabled = false (custom)
2019-10-13 20:32:51,106 [pool-27-thread-1] INFO  impl.RaftServerImpl (ServerState.java:<init>(103)) - cab3cae7-f0a1-4851-a661-63d582d319d1@group-175252E0178F: ConfigurationManager, init=-1: [cab3cae7-f0a1-4851-a661-63d582d319d1:192.168.157.224:38398], old=null, confs=<EMPTY_MAP>
2019-10-13 20:32:51,106 [pool-27-thread-1] INFO  server.RaftServerConfigKeys (ConfUtils.java:logGet(43)) - raft.server.storage.dir = [/workdir/hadoop-ozone/integration-test/target/test-dir/MiniOzoneClusterImpl-647792b2-b7b4-4623-b37b-ed99d4356a77/datanode-0/data/ratis] (custom)
2019-10-13 20:32:51,112 [pool-27-thread-1] INFO  server.RaftServerConfigKeys (ConfUtils.java:logGet(43)) - raft.server.log.corruption.policy = EXCEPTION (default)
2019-10-13 20:32:51,114 [pool-27-thread-1] INFO  storage.RaftStorageDirectory (RaftStorageDirectory.java:analyzeStorage(246)) - The storage directory /workdir/hadoop-ozone/integration-test/target/test-dir/MiniOzoneClusterImpl-647792b2-b7b4-4623-b37b-ed99d4356a77/datanode-0/data/ratis/9f87153d-ffeb-4a56-87b7-175252e0178f does not exist. Creating ...
2019-10-13 20:32:52,063 [main] INFO  ozone.MiniOzoneClusterImpl (MiniOzoneClusterImpl.java:lambda$waitForClusterToBeReady$0(147)) - Waiting for cluster to be ready. Got 4 of 7 DN Heartbeats.
2019-10-13 20:32:53,064 [main] INFO  ozone.MiniOzoneClusterImpl (MiniOzoneClusterImpl.java:lambda$waitForClusterToBeReady$0(147)) - Waiting for cluster to be ready. Got 4 of 7 DN Heartbeats.
2019-10-13 20:32:53,529 [Thread-232] INFO  container.ReplicationManager (ReplicationManager.java:start(162)) - Starting Replication Monitor Thread.
2019-10-13 20:32:53,531 [ReplicationMonitor] INFO  container.ReplicationManager (ReplicationManager.java:run(225)) - Replication Monitor Thread took 1 milliseconds for processing 0 containers.
2019-10-13 20:32:53,726 [RATISCREATEPIPELINE1] ERROR pipeline.RatisPipelineProvider (RatisPipelineProvider.java:lambda$null$5(237)) - Failed invoke Ratis rpc org.apache.hadoop.hdds.scm.pipeline.RatisPipelineProvider$$Lambda$201/699988973@56c69d32 for cab3cae7-f0a1-4851-a661-63d582d319d1
org.apache.ratis.protocol.TimeoutIOException: deadline exceeded after 2962604299ns
	at org.apache.ratis.grpc.GrpcUtil.tryUnwrapException(GrpcUtil.java:82)
	at org.apache.ratis.grpc.GrpcUtil.unwrapException(GrpcUtil.java:75)
	at org.apache.ratis.grpc.client.GrpcClientProtocolClient.blockingCall(GrpcClientProtocolClient.java:184)
	at org.apache.ratis.grpc.client.GrpcClientProtocolClient.groupAdd(GrpcClientProtocolClient.java:153)
	at org.apache.ratis.grpc.client.GrpcClientRpc.sendRequest(GrpcClientRpc.java:94)
	at org.apache.ratis.client.impl.RaftClientImpl.sendRequest(RaftClientImpl.java:278)
	at org.apache.ratis.client.impl.RaftClientImpl.groupAdd(RaftClientImpl.java:205)
	at org.apache.hadoop.hdds.scm.pipeline.RatisPipelineProvider.lambda$initializePipeline$4(RatisPipelineProvider.java:198)
	at org.apache.hadoop.hdds.scm.pipeline.RatisPipelineProvider.lambda$null$5(RatisPipelineProvider.java:233)
	at java.util.stream.ForEachOps$ForEachOp$OfRef.accept(ForEachOps.java:184)
	at java.util.ArrayList$ArrayListSpliterator.forEachRemaining(ArrayList.java:1382)
	at java.util.stream.AbstractPipeline.copyInto(AbstractPipeline.java:482)
	at java.util.stream.ForEachOps$ForEachTask.compute(ForEachOps.java:291)
	at java.util.concurrent.CountedCompleter.exec(CountedCompleter.java:731)
	at java.util.concurrent.ForkJoinTask.doExec(ForkJoinTask.java:289)
	at java.util.concurrent.ForkJoinTask.doInvoke(ForkJoinTask.java:401)
	at java.util.concurrent.ForkJoinTask.invoke(ForkJoinTask.java:734)
	at java.util.stream.ForEachOps$ForEachOp.evaluateParallel(ForEachOps.java:160)
	at java.util.stream.ForEachOps$ForEachOp$OfRef.evaluateParallel(ForEachOps.java:174)
	at java.util.stream.AbstractPipeline.evaluate(AbstractPipeline.java:233)
	at java.util.stream.ReferencePipeline.forEach(ReferencePipeline.java:418)
	at java.util.stream.ReferencePipeline$Head.forEach(ReferencePipeline.java:583)
	at org.apache.hadoop.hdds.scm.pipeline.RatisPipelineProvider.lambda$callRatisRpc$6(RatisPipelineProvider.java:227)
	at java.util.concurrent.ForkJoinTask$AdaptedRunnableAction.exec(ForkJoinTask.java:1386)
	at java.util.concurrent.ForkJoinTask.doExec(ForkJoinTask.java:289)
	at java.util.concurrent.ForkJoinPool$WorkQueue.runTask(ForkJoinPool.java:1056)
	at java.util.concurrent.ForkJoinPool.runWorker(ForkJoinPool.java:1692)
	at java.util.concurrent.ForkJoinWorkerThread.run(ForkJoinWorkerThread.java:157)
Caused by: org.apache.ratis.thirdparty.io.grpc.StatusRuntimeException: DEADLINE_EXCEEDED: deadline exceeded after 2962604299ns
	at org.apache.ratis.thirdparty.io.grpc.stub.ClientCalls.toStatusRuntimeException(ClientCalls.java:233)
	at org.apache.ratis.thirdparty.io.grpc.stub.ClientCalls.getUnchecked(ClientCalls.java:214)
	at org.apache.ratis.thirdparty.io.grpc.stub.ClientCalls.blockingUnaryCall(ClientCalls.java:139)
	at org.apache.ratis.proto.grpc.AdminProtocolServiceGrpc$AdminProtocolServiceBlockingStub.groupManagement(AdminProtocolServiceGrpc.java:274)
	at org.apache.ratis.grpc.client.GrpcClientProtocolClient.lambda$groupAdd$3(GrpcClientProtocolClient.java:155)
	at org.apache.ratis.grpc.client.GrpcClientProtocolClient.blockingCall(GrpcClientProtocolClient.java:182)
	... 25 more
2019-10-13 20:32:53,782 [grpc-default-executor-1] INFO  impl.RaftServerProxy (RaftServerProxy.java:addNew(89)) - 787c3207-a753-429a-a612-e3ac99d17bc9: addNew group-C88106EEEC90:[cab3cae7-f0a1-4851-a661-63d582d319d1:192.168.157.224:38398, 787c3207-a753-429a-a612-e3ac99d17bc9:192.168.157.224:45659, a62c5862-2413-45e1-a25a-271607b15565:192.168.157.224:42190] returns group-C88106EEEC90:java.util.concurrent.CompletableFuture@1e019233[Not completed]
2019-10-13 20:32:53,782 [grpc-default-executor-2] INFO  impl.RaftServerProxy (RaftServerProxy.java:addNew(89)) - cab3cae7-f0a1-4851-a661-63d582d319d1: addNew group-C88106EEEC90:[cab3cae7-f0a1-4851-a661-63d582d319d1:192.168.157.224:38398, 787c3207-a753-429a-a612-e3ac99d17bc9:192.168.157.224:45659, a62c5862-2413-45e1-a25a-271607b15565:192.168.157.224:42190] returns group-C88106EEEC90:java.util.concurrent.CompletableFuture@6532c3a7[Not completed]
2019-10-13 20:32:53,832 [pool-37-thread-1] INFO  impl.RaftServerImpl (RaftServerImpl.java:<init>(95)) - 787c3207-a753-429a-a612-e3ac99d17bc9: new RaftServerImpl for group-C88106EEEC90:[cab3cae7-f0a1-4851-a661-63d582d319d1:192.168.157.224:38398, 787c3207-a753-429a-a612-e3ac99d17bc9:192.168.157.224:45659, a62c5862-2413-45e1-a25a-271607b15565:192.168.157.224:42190] with ContainerStateMachine:uninitialized
2019-10-13 20:32:53,834 [pool-37-thread-1] INFO  server.RaftServerConfigKeys (ConfUtils.java:logGet(43)) - raft.server.rpc.timeout.min = 1s (custom)
2019-10-13 20:32:53,834 [pool-37-thread-1] INFO  server.RaftServerConfigKeys (ConfUtils.java:logGet(43)) - raft.server.rpc.timeout.max = 1200ms (custom)
2019-10-13 20:32:53,835 [pool-37-thread-1] INFO  server.RaftServerConfigKeys (ConfUtils.java:logGet(43)) - raft.server.rpcslowness.timeout = 120s (custom)
2019-10-13 20:32:53,835 [pool-37-thread-1] INFO  server.RaftServerConfigKeys (ConfUtils.java:logGet(43)) - raft.server.sleep.deviation.threshold = 300 (default)
2019-10-13 20:32:53,835 [pool-37-thread-1] INFO  server.RaftServerConfigKeys (ConfUtils.java:logGet(43)) - raft.server.log.appender.install.snapshot.enabled = false (custom)
2019-10-13 20:32:53,835 [pool-37-thread-1] INFO  impl.RaftServerImpl (ServerState.java:<init>(103)) - 787c3207-a753-429a-a612-e3ac99d17bc9@group-C88106EEEC90: ConfigurationManager, init=-1: [cab3cae7-f0a1-4851-a661-63d582d319d1:192.168.157.224:38398, 787c3207-a753-429a-a612-e3ac99d17bc9:192.168.157.224:45659, a62c5862-2413-45e1-a25a-271607b15565:192.168.157.224:42190], old=null, confs=<EMPTY_MAP>
2019-10-13 20:32:53,835 [grpc-default-executor-2] INFO  impl.RaftServerProxy (RaftServerProxy.java:addNew(89)) - a62c5862-2413-45e1-a25a-271607b15565: addNew group-C88106EEEC90:[cab3cae7-f0a1-4851-a661-63d582d319d1:192.168.157.224:38398, 787c3207-a753-429a-a612-e3ac99d17bc9:192.168.157.224:45659, a62c5862-2413-45e1-a25a-271607b15565:192.168.157.224:42190] returns group-C88106EEEC90:java.util.concurrent.CompletableFuture@1a06d9a4[Not completed]
2019-10-13 20:32:53,835 [pool-37-thread-1] INFO  server.RaftServerConfigKeys (ConfUtils.java:logGet(43)) - raft.server.storage.dir = [/workdir/hadoop-ozone/integration-test/target/test-dir/MiniOzoneClusterImpl-647792b2-b7b4-4623-b37b-ed99d4356a77/datanode-1/data/ratis] (custom)
2019-10-13 20:32:53,836 [pool-37-thread-1] INFO  server.RaftServerConfigKeys (ConfUtils.java:logGet(43)) - raft.server.log.corruption.policy = EXCEPTION (default)
2019-10-13 20:32:53,836 [pool-37-thread-1] INFO  storage.RaftStorageDirectory (RaftStorageDirectory.java:analyzeStorage(246)) - The storage directory /workdir/hadoop-ozone/integration-test/target/test-dir/MiniOzoneClusterImpl-647792b2-b7b4-4623-b37b-ed99d4356a77/datanode-1/data/ratis/df0dffff-5428-4aa6-ab32-c88106eeec90 does not exist. Creating ...
2019-10-13 20:32:53,852 [pool-57-thread-1] INFO  impl.RaftServerImpl (RaftServerImpl.java:<init>(95)) - a62c5862-2413-45e1-a25a-271607b15565: new RaftServerImpl for group-C88106EEEC90:[cab3cae7-f0a1-4851-a661-63d582d319d1:192.168.157.224:38398, 787c3207-a753-429a-a612-e3ac99d17bc9:192.168.157.224:45659, a62c5862-2413-45e1-a25a-271607b15565:192.168.157.224:42190] with ContainerStateMachine:uninitialized
2019-10-13 20:32:53,852 [pool-57-thread-1] INFO  server.RaftServerConfigKeys (ConfUtils.java:logGet(43)) - raft.server.rpc.timeout.min = 1s (custom)
2019-10-13 20:32:53,852 [pool-57-thread-1] INFO  server.RaftServerConfigKeys (ConfUtils.java:logGet(43)) - raft.server.rpc.timeout.max = 1200ms (custom)
2019-10-13 20:32:53,853 [pool-57-thread-1] INFO  server.RaftServerConfigKeys (ConfUtils.java:logGet(43)) - raft.server.rpcslowness.timeout = 120s (custom)
2019-10-13 20:32:53,853 [pool-57-thread-1] INFO  server.RaftServerConfigKeys (ConfUtils.java:logGet(43)) - raft.server.sleep.deviation.threshold = 300 (default)
2019-10-13 20:32:53,853 [pool-57-thread-1] INFO  server.RaftServerConfigKeys (ConfUtils.java:logGet(43)) - raft.server.log.appender.install.snapshot.enabled = false (custom)
2019-10-13 20:32:53,853 [pool-57-thread-1] INFO  impl.RaftServerImpl (ServerState.java:<init>(103)) - a62c5862-2413-45e1-a25a-271607b15565@group-C88106EEEC90: ConfigurationManager, init=-1: [cab3cae7-f0a1-4851-a661-63d582d319d1:192.168.157.224:38398, 787c3207-a753-429a-a612-e3ac99d17bc9:192.168.157.224:45659, a62c5862-2413-45e1-a25a-271607b15565:192.168.157.224:42190], old=null, confs=<EMPTY_MAP>
2019-10-13 20:32:53,854 [pool-57-thread-1] INFO  server.RaftServerConfigKeys (ConfUtils.java:logGet(43)) - raft.server.storage.dir = [/workdir/hadoop-ozone/integration-test/target/test-dir/MiniOzoneClusterImpl-647792b2-b7b4-4623-b37b-ed99d4356a77/datanode-3/data/ratis] (custom)
2019-10-13 20:32:53,854 [pool-57-thread-1] INFO  server.RaftServerConfigKeys (ConfUtils.java:logGet(43)) - raft.server.log.corruption.policy = EXCEPTION (default)
2019-10-13 20:32:53,854 [pool-57-thread-1] INFO  storage.RaftStorageDirectory (RaftStorageDirectory.java:analyzeStorage(246)) - The storage directory /workdir/hadoop-ozone/integration-test/target/test-dir/MiniOzoneClusterImpl-647792b2-b7b4-4623-b37b-ed99d4356a77/datanode-3/data/ratis/df0dffff-5428-4aa6-ab32-c88106eeec90 does not exist. Creating ...
2019-10-13 20:32:54,064 [main] INFO  ozone.MiniOzoneClusterImpl (MiniOzoneClusterImpl.java:lambda$waitForClusterToBeReady$0(147)) - Waiting for cluster to be ready. Got 4 of 7 DN Heartbeats.
2019-10-13 20:32:54,569 [Datanode State Machine Thread - 0] INFO  ozoneimpl.OzoneContainer (OzoneContainer.java:start(213)) - Attempting to start container services.
2019-10-13 20:32:54,569 [Datanode State Machine Thread - 0] INFO  ozoneimpl.OzoneContainer (OzoneContainer.java:start(213)) - Attempting to start container services.
2019-10-13 20:32:54,569 [Datanode State Machine Thread - 0] INFO  ozoneimpl.OzoneContainer (OzoneContainer.java:start(213)) - Attempting to start container services.
2019-10-13 20:32:54,570 [Datanode State Machine Thread - 0] INFO  ozoneimpl.OzoneContainer (OzoneContainer.java:startContainerScrub(177)) - Background container scanner has been disabled.
2019-10-13 20:32:54,581 [Datanode State Machine Thread - 0] INFO  ozoneimpl.OzoneContainer (OzoneContainer.java:startContainerScrub(177)) - Background container scanner has been disabled.
2019-10-13 20:32:54,581 [Datanode State Machine Thread - 0] INFO  ozoneimpl.OzoneContainer (OzoneContainer.java:startContainerScrub(177)) - Background container scanner has been disabled.
2019-10-13 20:32:54,581 [Datanode State Machine Thread - 0] INFO  ratis.XceiverServerRatis (XceiverServerRatis.java:start(418)) - Starting XceiverServerRatis 312f777a-2225-4912-85d0-d4c591f83be0 at port 0
2019-10-13 20:32:54,581 [Datanode State Machine Thread - 0] INFO  ratis.XceiverServerRatis (XceiverServerRatis.java:start(418)) - Starting XceiverServerRatis c6676a3b-9238-484a-870a-e78b36fd6b90 at port 0
2019-10-13 20:32:54,581 [Datanode State Machine Thread - 0] INFO  ratis.XceiverServerRatis (XceiverServerRatis.java:start(418)) - Starting XceiverServerRatis 77fcd7a7-6bb2-492f-960d-fa5100459bab at port 0
2019-10-13 20:32:54,599 [Datanode State Machine Thread - 0] INFO  impl.RaftServerProxy (RaftServerProxy.java:lambda$start$3(299)) - 312f777a-2225-4912-85d0-d4c591f83be0: start RPC server
2019-10-13 20:32:54,603 [Datanode State Machine Thread - 0] INFO  server.GrpcService (GrpcService.java:startImpl(158)) - 312f777a-2225-4912-85d0-d4c591f83be0: GrpcService started, listening on 0.0.0.0/0.0.0.0:46039
2019-10-13 20:32:54,603 [Datanode State Machine Thread - 0] INFO  ratis.XceiverServerRatis (XceiverServerRatis.java:start(428)) - XceiverServerRatis 312f777a-2225-4912-85d0-d4c591f83be0 is started using port 46039
2019-10-13 20:32:54,603 [Datanode State Machine Thread - 0] INFO  impl.RaftServerProxy (RaftServerProxy.java:lambda$start$3(299)) - 77fcd7a7-6bb2-492f-960d-fa5100459bab: start RPC server
2019-10-13 20:32:54,606 [Datanode State Machine Thread - 0] INFO  impl.RaftServerProxy (RaftServerProxy.java:lambda$start$3(299)) - c6676a3b-9238-484a-870a-e78b36fd6b90: start RPC server
2019-10-13 20:32:54,606 [Datanode State Machine Thread - 0] INFO  server.XceiverServerGrpc (XceiverServerGrpc.java:start(149)) - XceiverServerGrpc 312f777a-2225-4912-85d0-d4c591f83be0 is started using port 35549
2019-10-13 20:32:54,616 [Datanode State Machine Thread - 0] INFO  server.GrpcService (GrpcService.java:startImpl(158)) - 77fcd7a7-6bb2-492f-960d-fa5100459bab: GrpcService started, listening on 0.0.0.0/0.0.0.0:37718
2019-10-13 20:32:54,616 [Datanode State Machine Thread - 0] INFO  server.GrpcService (GrpcService.java:startImpl(158)) - c6676a3b-9238-484a-870a-e78b36fd6b90: GrpcService started, listening on 0.0.0.0/0.0.0.0:37064
2019-10-13 20:32:54,616 [Datanode State Machine Thread - 0] INFO  ratis.XceiverServerRatis (XceiverServerRatis.java:start(428)) - XceiverServerRatis 77fcd7a7-6bb2-492f-960d-fa5100459bab is started using port 37718
2019-10-13 20:32:54,617 [Datanode State Machine Thread - 0] INFO  ratis.XceiverServerRatis (XceiverServerRatis.java:start(428)) - XceiverServerRatis c6676a3b-9238-484a-870a-e78b36fd6b90 is started using port 37064
2019-10-13 20:32:54,621 [Datanode State Machine Thread - 0] INFO  server.XceiverServerGrpc (XceiverServerGrpc.java:start(149)) - XceiverServerGrpc c6676a3b-9238-484a-870a-e78b36fd6b90 is started using port 41269
2019-10-13 20:32:54,621 [Datanode State Machine Thread - 0] INFO  server.XceiverServerGrpc (XceiverServerGrpc.java:start(149)) - XceiverServerGrpc 77fcd7a7-6bb2-492f-960d-fa5100459bab is started using port 34063
2019-10-13 20:32:54,873 [IPC Server handler 6 on 43804] INFO  net.NetworkTopology (NetworkTopologyImpl.java:add(111)) - Added a new node: /default-rack/312f777a-2225-4912-85d0-d4c591f83be0
2019-10-13 20:32:54,875 [IPC Server handler 6 on 43804] INFO  node.SCMNodeManager (SCMNodeManager.java:register(268)) - Registered Data node : 312f777a-2225-4912-85d0-d4c591f83be0{ip: 192.168.157.224, host: pr-hdds-2290-dcfw8-3342134496, networkLocation: /default-rack, certSerialId: null}
2019-10-13 20:32:54,972 [IPC Server handler 7 on 43804] INFO  net.NetworkTopology (NetworkTopologyImpl.java:add(111)) - Added a new node: /default-rack/c6676a3b-9238-484a-870a-e78b36fd6b90
2019-10-13 20:32:54,972 [IPC Server handler 7 on 43804] INFO  node.SCMNodeManager (SCMNodeManager.java:register(268)) - Registered Data node : c6676a3b-9238-484a-870a-e78b36fd6b90{ip: 192.168.157.224, host: pr-hdds-2290-dcfw8-3342134496, networkLocation: /default-rack, certSerialId: null}
2019-10-13 20:32:55,064 [IPC Server handler 1 on 43804] INFO  net.NetworkTopology (NetworkTopologyImpl.java:add(111)) - Added a new node: /default-rack/77fcd7a7-6bb2-492f-960d-fa5100459bab
2019-10-13 20:32:55,065 [IPC Server handler 1 on 43804] INFO  node.SCMNodeManager (SCMNodeManager.java:register(268)) - Registered Data node : 77fcd7a7-6bb2-492f-960d-fa5100459bab{ip: 192.168.157.224, host: pr-hdds-2290-dcfw8-3342134496, networkLocation: /default-rack, certSerialId: null}
2019-10-13 20:32:55,065 [main] INFO  ozone.MiniOzoneClusterImpl (MiniOzoneClusterImpl.java:lambda$waitForClusterToBeReady$0(147)) - Cluster is ready. Got 7 of 7 DN Heartbeats.
2019-10-13 20:32:55,598 [pool-27-thread-1] INFO  storage.RaftStorageDirectory (RaftStorageDirectory.java:tryLock(328)) - Lock on /workdir/hadoop-ozone/integration-test/target/test-dir/MiniOzoneClusterImpl-647792b2-b7b4-4623-b37b-ed99d4356a77/datanode-0/data/ratis/9f87153d-ffeb-4a56-87b7-175252e0178f/in_use.lock acquired by nodename 2755@pr-hdds-2290-dcfw8-3342134496
2019-10-13 20:32:55,608 [main] INFO  rpc.RpcClient (RpcClient.java:createVolume(272)) - Creating Volume: watchforcommithandlingtest, with jenkins1000 as owner.
2019-10-13 20:32:55,725 [IPC Server handler 0 on 44691] INFO  volume.OMVolumeCreateRequest (OMVolumeCreateRequest.java:validateAndUpdateCache(193)) - created volume:watchforcommithandlingtest for user:jenkins1000
2019-10-13 20:32:56,753 [RATISCREATEPIPELINE2] ERROR pipeline.RatisPipelineProvider (RatisPipelineProvider.java:lambda$null$5(237)) - Failed invoke Ratis rpc org.apache.hadoop.hdds.scm.pipeline.RatisPipelineProvider$$Lambda$201/699988973@b77e746 for cab3cae7-f0a1-4851-a661-63d582d319d1
org.apache.ratis.protocol.TimeoutIOException: deadline exceeded after 2999743514ns
	at org.apache.ratis.grpc.GrpcUtil.tryUnwrapException(GrpcUtil.java:82)
	at org.apache.ratis.grpc.GrpcUtil.unwrapException(GrpcUtil.java:75)
	at org.apache.ratis.grpc.client.GrpcClientProtocolClient.blockingCall(GrpcClientProtocolClient.java:184)
	at org.apache.ratis.grpc.client.GrpcClientProtocolClient.groupAdd(GrpcClientProtocolClient.java:153)
	at org.apache.ratis.grpc.client.GrpcClientRpc.sendRequest(GrpcClientRpc.java:94)
	at org.apache.ratis.client.impl.RaftClientImpl.sendRequest(RaftClientImpl.java:278)
	at org.apache.ratis.client.impl.RaftClientImpl.groupAdd(RaftClientImpl.java:205)
	at org.apache.hadoop.hdds.scm.pipeline.RatisPipelineProvider.lambda$initializePipeline$4(RatisPipelineProvider.java:198)
	at org.apache.hadoop.hdds.scm.pipeline.RatisPipelineProvider.lambda$null$5(RatisPipelineProvider.java:233)
	at java.util.stream.ForEachOps$ForEachOp$OfRef.accept(ForEachOps.java:184)
	at java.util.ArrayList$ArrayListSpliterator.forEachRemaining(ArrayList.java:1382)
	at java.util.stream.AbstractPipeline.copyInto(AbstractPipeline.java:482)
	at java.util.stream.ForEachOps$ForEachTask.compute(ForEachOps.java:291)
	at java.util.concurrent.CountedCompleter.exec(CountedCompleter.java:731)
	at java.util.concurrent.ForkJoinTask.doExec(ForkJoinTask.java:289)
	at java.util.concurrent.ForkJoinPool$WorkQueue.runTask(ForkJoinPool.java:1056)
	at java.util.concurrent.ForkJoinPool.runWorker(ForkJoinPool.java:1692)
	at java.util.concurrent.ForkJoinWorkerThread.run(ForkJoinWorkerThread.java:157)
Caused by: org.apache.ratis.thirdparty.io.grpc.StatusRuntimeException: DEADLINE_EXCEEDED: deadline exceeded after 2999743514ns
	at org.apache.ratis.thirdparty.io.grpc.stub.ClientCalls.toStatusRuntimeException(ClientCalls.java:233)
	at org.apache.ratis.thirdparty.io.grpc.stub.ClientCalls.getUnchecked(ClientCalls.java:214)
	at org.apache.ratis.thirdparty.io.grpc.stub.ClientCalls.blockingUnaryCall(ClientCalls.java:139)
	at org.apache.ratis.proto.grpc.AdminProtocolServiceGrpc$AdminProtocolServiceBlockingStub.groupManagement(AdminProtocolServiceGrpc.java:274)
	at org.apache.ratis.grpc.client.GrpcClientProtocolClient.lambda$groupAdd$3(GrpcClientProtocolClient.java:155)
	at org.apache.ratis.grpc.client.GrpcClientProtocolClient.blockingCall(GrpcClientProtocolClient.java:182)
	... 15 more
2019-10-13 20:32:56,757 [RATISCREATEPIPELINE1] ERROR pipeline.RatisPipelineProvider (RatisPipelineProvider.java:lambda$null$5(237)) - Failed invoke Ratis rpc org.apache.hadoop.hdds.scm.pipeline.RatisPipelineProvider$$Lambda$201/699988973@b77e746 for 787c3207-a753-429a-a612-e3ac99d17bc9
org.apache.ratis.protocol.TimeoutIOException: deadline exceeded after 2999801154ns
	at org.apache.ratis.grpc.GrpcUtil.tryUnwrapException(GrpcUtil.java:82)
	at org.apache.ratis.grpc.GrpcUtil.unwrapException(GrpcUtil.java:75)
	at org.apache.ratis.grpc.client.GrpcClientProtocolClient.blockingCall(GrpcClientProtocolClient.java:184)
	at org.apache.ratis.grpc.client.GrpcClientProtocolClient.groupAdd(GrpcClientProtocolClient.java:153)
	at org.apache.ratis.grpc.client.GrpcClientRpc.sendRequest(GrpcClientRpc.java:94)
	at org.apache.ratis.client.impl.RaftClientImpl.sendRequest(RaftClientImpl.java:278)
	at org.apache.ratis.client.impl.RaftClientImpl.groupAdd(RaftClientImpl.java:205)
	at org.apache.hadoop.hdds.scm.pipeline.RatisPipelineProvider.lambda$initializePipeline$4(RatisPipelineProvider.java:198)
	at org.apache.hadoop.hdds.scm.pipeline.RatisPipelineProvider.lambda$null$5(RatisPipelineProvider.java:233)
	at java.util.stream.ForEachOps$ForEachOp$OfRef.accept(ForEachOps.java:184)
	at java.util.ArrayList$ArrayListSpliterator.forEachRemaining(ArrayList.java:1382)
	at java.util.stream.AbstractPipeline.copyInto(AbstractPipeline.java:482)
	at java.util.stream.ForEachOps$ForEachTask.compute(ForEachOps.java:291)
	at java.util.concurrent.CountedCompleter.exec(CountedCompleter.java:731)
	at java.util.concurrent.ForkJoinTask.doExec(ForkJoinTask.java:289)
	at java.util.concurrent.ForkJoinTask.doInvoke(ForkJoinTask.java:401)
	at java.util.concurrent.ForkJoinTask.invoke(ForkJoinTask.java:734)
	at java.util.stream.ForEachOps$ForEachOp.evaluateParallel(ForEachOps.java:160)
	at java.util.stream.ForEachOps$ForEachOp$OfRef.evaluateParallel(ForEachOps.java:174)
	at java.util.stream.AbstractPipeline.evaluate(AbstractPipeline.java:233)
	at java.util.stream.ReferencePipeline.forEach(ReferencePipeline.java:418)
	at java.util.stream.ReferencePipeline$Head.forEach(ReferencePipeline.java:583)
	at org.apache.hadoop.hdds.scm.pipeline.RatisPipelineProvider.lambda$callRatisRpc$6(RatisPipelineProvider.java:227)
	at java.util.concurrent.ForkJoinTask$AdaptedRunnableAction.exec(ForkJoinTask.java:1386)
	at java.util.concurrent.ForkJoinTask.doExec(ForkJoinTask.java:289)
	at java.util.concurrent.ForkJoinPool$WorkQueue.runTask(ForkJoinPool.java:1056)
	at java.util.concurrent.ForkJoinPool.runWorker(ForkJoinPool.java:1692)
	at java.util.concurrent.ForkJoinWorkerThread.run(ForkJoinWorkerThread.java:157)
Caused by: org.apache.ratis.thirdparty.io.grpc.StatusRuntimeException: DEADLINE_EXCEEDED: deadline exceeded after 2999801154ns
	at org.apache.ratis.thirdparty.io.grpc.stub.ClientCalls.toStatusRuntimeException(ClientCalls.java:233)
	at org.apache.ratis.thirdparty.io.grpc.stub.ClientCalls.getUnchecked(ClientCalls.java:214)
	at org.apache.ratis.thirdparty.io.grpc.stub.ClientCalls.blockingUnaryCall(ClientCalls.java:139)
	at org.apache.ratis.proto.grpc.AdminProtocolServiceGrpc$AdminProtocolServiceBlockingStub.groupManagement(AdminProtocolServiceGrpc.java:274)
	at org.apache.ratis.grpc.client.GrpcClientProtocolClient.lambda$groupAdd$3(GrpcClientProtocolClient.java:155)
	at org.apache.ratis.grpc.client.GrpcClientProtocolClient.blockingCall(GrpcClientProtocolClient.java:182)
	... 25 more
2019-10-13 20:32:56,757 [RATISCREATEPIPELINE3] ERROR pipeline.RatisPipelineProvider (RatisPipelineProvider.java:lambda$null$5(237)) - Failed invoke Ratis rpc org.apache.hadoop.hdds.scm.pipeline.RatisPipelineProvider$$Lambda$201/699988973@b77e746 for a62c5862-2413-45e1-a25a-271607b15565
org.apache.ratis.protocol.TimeoutIOException: deadline exceeded after 2999316317ns
	at org.apache.ratis.grpc.GrpcUtil.tryUnwrapException(GrpcUtil.java:82)
	at org.apache.ratis.grpc.GrpcUtil.unwrapException(GrpcUtil.java:75)
	at org.apache.ratis.grpc.client.GrpcClientProtocolClient.blockingCall(GrpcClientProtocolClient.java:184)
	at org.apache.ratis.grpc.client.GrpcClientProtocolClient.groupAdd(GrpcClientProtocolClient.java:153)
	at org.apache.ratis.grpc.client.GrpcClientRpc.sendRequest(GrpcClientRpc.java:94)
	at org.apache.ratis.client.impl.RaftClientImpl.sendRequest(RaftClientImpl.java:278)
	at org.apache.ratis.client.impl.RaftClientImpl.groupAdd(RaftClientImpl.java:205)
	at org.apache.hadoop.hdds.scm.pipeline.RatisPipelineProvider.lambda$initializePipeline$4(RatisPipelineProvider.java:198)
	at org.apache.hadoop.hdds.scm.pipeline.RatisPipelineProvider.lambda$null$5(RatisPipelineProvider.java:233)
	at java.util.stream.ForEachOps$ForEachOp$OfRef.accept(ForEachOps.java:184)
	at java.util.ArrayList$ArrayListSpliterator.forEachRemaining(ArrayList.java:1382)
	at java.util.stream.AbstractPipeline.copyInto(AbstractPipeline.java:482)
	at java.util.stream.ForEachOps$ForEachTask.compute(ForEachOps.java:291)
	at java.util.concurrent.CountedCompleter.exec(CountedCompleter.java:731)
	at java.util.concurrent.ForkJoinTask.doExec(ForkJoinTask.java:289)
	at java.util.concurrent.ForkJoinPool$WorkQueue.runTask(ForkJoinPool.java:1056)
	at java.util.concurrent.ForkJoinPool.runWorker(ForkJoinPool.java:1692)
	at java.util.concurrent.ForkJoinWorkerThread.run(ForkJoinWorkerThread.java:157)
Caused by: org.apache.ratis.thirdparty.io.grpc.StatusRuntimeException: DEADLINE_EXCEEDED: deadline exceeded after 2999316317ns
	at org.apache.ratis.thirdparty.io.grpc.stub.ClientCalls.toStatusRuntimeException(ClientCalls.java:233)
	at org.apache.ratis.thirdparty.io.grpc.stub.ClientCalls.getUnchecked(ClientCalls.java:214)
	at org.apache.ratis.thirdparty.io.grpc.stub.ClientCalls.blockingUnaryCall(ClientCalls.java:139)
	at org.apache.ratis.proto.grpc.AdminProtocolServiceGrpc$AdminProtocolServiceBlockingStub.groupManagement(AdminProtocolServiceGrpc.java:274)
	at org.apache.ratis.grpc.client.GrpcClientProtocolClient.lambda$groupAdd$3(GrpcClientProtocolClient.java:155)
	at org.apache.ratis.grpc.client.GrpcClientProtocolClient.blockingCall(GrpcClientProtocolClient.java:182)
	... 15 more
2019-10-13 20:32:56,763 [main] INFO  rpc.RpcClient (RpcClient.java:createBucket(411)) - Creating Bucket: watchforcommithandlingtest/watchforcommithandlingtest, with Versioning false and Storage Type set to DISK and Encryption set to false 
2019-10-13 20:32:56,804 [grpc-default-executor-2] INFO  impl.RaftServerProxy (RaftServerProxy.java:addNew(89)) - cab3cae7-f0a1-4851-a661-63d582d319d1: addNew group-B46FB4456E10:[cab3cae7-f0a1-4851-a661-63d582d319d1:192.168.157.224:38398] returns group-B46FB4456E10:java.util.concurrent.CompletableFuture@6286e076[Not completed]
2019-10-13 20:32:56,815 [main] INFO  ozone.MiniOzoneClusterImpl (MiniOzoneClusterImpl.java:getStorageContainerLocationClient(234)) - Creating StorageContainerLocationProtocol RPC client with address /0.0.0.0:37335
2019-10-13 20:32:56,817 [main] INFO  impl.MetricsSystemImpl (MetricsSystemImpl.java:init(158)) - XceiverClientMetrics metrics system started (again)
2019-10-13 20:32:57,715 [pool-57-thread-1] INFO  storage.RaftStorageDirectory (RaftStorageDirectory.java:tryLock(328)) - Lock on /workdir/hadoop-ozone/integration-test/target/test-dir/MiniOzoneClusterImpl-647792b2-b7b4-4623-b37b-ed99d4356a77/datanode-3/data/ratis/df0dffff-5428-4aa6-ab32-c88106eeec90/in_use.lock acquired by nodename 2755@pr-hdds-2290-dcfw8-3342134496
2019-10-13 20:32:57,715 [pool-37-thread-1] INFO  storage.RaftStorageDirectory (RaftStorageDirectory.java:tryLock(328)) - Lock on /workdir/hadoop-ozone/integration-test/target/test-dir/MiniOzoneClusterImpl-647792b2-b7b4-4623-b37b-ed99d4356a77/datanode-1/data/ratis/df0dffff-5428-4aa6-ab32-c88106eeec90/in_use.lock acquired by nodename 2755@pr-hdds-2290-dcfw8-3342134496
2019-10-13 20:32:59,772 [RATISCREATEPIPELINE1] ERROR pipeline.RatisPipelineProvider (RatisPipelineProvider.java:lambda$null$5(237)) - Failed invoke Ratis rpc org.apache.hadoop.hdds.scm.pipeline.RatisPipelineProvider$$Lambda$201/699988973@28153179 for cab3cae7-f0a1-4851-a661-63d582d319d1
org.apache.ratis.protocol.TimeoutIOException: deadline exceeded after 2999763051ns
	at org.apache.ratis.grpc.GrpcUtil.tryUnwrapException(GrpcUtil.java:82)
	at org.apache.ratis.grpc.GrpcUtil.unwrapException(GrpcUtil.java:75)
	at org.apache.ratis.grpc.client.GrpcClientProtocolClient.blockingCall(GrpcClientProtocolClient.java:184)
	at org.apache.ratis.grpc.client.GrpcClientProtocolClient.groupAdd(GrpcClientProtocolClient.java:153)
	at org.apache.ratis.grpc.client.GrpcClientRpc.sendRequest(GrpcClientRpc.java:94)
	at org.apache.ratis.client.impl.RaftClientImpl.sendRequest(RaftClientImpl.java:278)
	at org.apache.ratis.client.impl.RaftClientImpl.groupAdd(RaftClientImpl.java:205)
	at org.apache.hadoop.hdds.scm.pipeline.RatisPipelineProvider.lambda$initializePipeline$4(RatisPipelineProvider.java:198)
	at org.apache.hadoop.hdds.scm.pipeline.RatisPipelineProvider.lambda$null$5(RatisPipelineProvider.java:233)
	at java.util.stream.ForEachOps$ForEachOp$OfRef.accept(ForEachOps.java:184)
	at java.util.ArrayList$ArrayListSpliterator.forEachRemaining(ArrayList.java:1382)
	at java.util.stream.AbstractPipeline.copyInto(AbstractPipeline.java:482)
	at java.util.stream.ForEachOps$ForEachTask.compute(ForEachOps.java:291)
	at java.util.concurrent.CountedCompleter.exec(CountedCompleter.java:731)
	at java.util.concurrent.ForkJoinTask.doExec(ForkJoinTask.java:289)
	at java.util.concurrent.ForkJoinTask.doInvoke(ForkJoinTask.java:401)
	at java.util.concurrent.ForkJoinTask.invoke(ForkJoinTask.java:734)
	at java.util.stream.ForEachOps$ForEachOp.evaluateParallel(ForEachOps.java:160)
	at java.util.stream.ForEachOps$ForEachOp$OfRef.evaluateParallel(ForEachOps.java:174)
	at java.util.stream.AbstractPipeline.evaluate(AbstractPipeline.java:233)
	at java.util.stream.ReferencePipeline.forEach(ReferencePipeline.java:418)
	at java.util.stream.ReferencePipeline$Head.forEach(ReferencePipeline.java:583)
	at org.apache.hadoop.hdds.scm.pipeline.RatisPipelineProvider.lambda$callRatisRpc$6(RatisPipelineProvider.java:227)
	at java.util.concurrent.ForkJoinTask$AdaptedRunnableAction.exec(ForkJoinTask.java:1386)
	at java.util.concurrent.ForkJoinTask.doExec(ForkJoinTask.java:289)
	at java.util.concurrent.ForkJoinPool$WorkQueue.runTask(ForkJoinPool.java:1056)
	at java.util.concurrent.ForkJoinPool.runWorker(ForkJoinPool.java:1692)
	at java.util.concurrent.ForkJoinWorkerThread.run(ForkJoinWorkerThread.java:157)
Caused by: org.apache.ratis.thirdparty.io.grpc.StatusRuntimeException: DEADLINE_EXCEEDED: deadline exceeded after 2999763051ns
	at org.apache.ratis.thirdparty.io.grpc.stub.ClientCalls.toStatusRuntimeException(ClientCalls.java:233)
	at org.apache.ratis.thirdparty.io.grpc.stub.ClientCalls.getUnchecked(ClientCalls.java:214)
	at org.apache.ratis.thirdparty.io.grpc.stub.ClientCalls.blockingUnaryCall(ClientCalls.java:139)
	at org.apache.ratis.proto.grpc.AdminProtocolServiceGrpc$AdminProtocolServiceBlockingStub.groupManagement(AdminProtocolServiceGrpc.java:274)
	at org.apache.ratis.grpc.client.GrpcClientProtocolClient.lambda$groupAdd$3(GrpcClientProtocolClient.java:155)
	at org.apache.ratis.grpc.client.GrpcClientProtocolClient.blockingCall(GrpcClientProtocolClient.java:182)
	... 25 more
2019-10-13 20:32:59,807 [grpc-default-executor-2] INFO  impl.RaftServerProxy (RaftServerProxy.java:addNew(89)) - cab3cae7-f0a1-4851-a661-63d582d319d1: addNew group-CCF72240D914:[cab3cae7-f0a1-4851-a661-63d582d319d1:192.168.157.224:38398, 787c3207-a753-429a-a612-e3ac99d17bc9:192.168.157.224:45659, c6676a3b-9238-484a-870a-e78b36fd6b90:192.168.157.224:37064] returns group-CCF72240D914:java.util.concurrent.CompletableFuture@2c52ddd4[Not completed]
2019-10-13 20:32:59,809 [grpc-default-executor-2] INFO  impl.RaftServerProxy (RaftServerProxy.java:addNew(89)) - 787c3207-a753-429a-a612-e3ac99d17bc9: addNew group-CCF72240D914:[cab3cae7-f0a1-4851-a661-63d582d319d1:192.168.157.224:38398, 787c3207-a753-429a-a612-e3ac99d17bc9:192.168.157.224:45659, c6676a3b-9238-484a-870a-e78b36fd6b90:192.168.157.224:37064] returns group-CCF72240D914:java.util.concurrent.CompletableFuture@79820d78[Not completed]
2019-10-13 20:32:59,811 [grpc-default-executor-2] INFO  impl.RaftServerProxy (RaftServerProxy.java:addNew(89)) - c6676a3b-9238-484a-870a-e78b36fd6b90: addNew group-CCF72240D914:[cab3cae7-f0a1-4851-a661-63d582d319d1:192.168.157.224:38398, 787c3207-a753-429a-a612-e3ac99d17bc9:192.168.157.224:45659, c6676a3b-9238-484a-870a-e78b36fd6b90:192.168.157.224:37064] returns group-CCF72240D914:java.util.concurrent.CompletableFuture@6c22e546[Not completed]
2019-10-13 20:32:59,816 [pool-77-thread-1] INFO  impl.RaftServerImpl (RaftServerImpl.java:<init>(95)) - c6676a3b-9238-484a-870a-e78b36fd6b90: new RaftServerImpl for group-CCF72240D914:[cab3cae7-f0a1-4851-a661-63d582d319d1:192.168.157.224:38398, 787c3207-a753-429a-a612-e3ac99d17bc9:192.168.157.224:45659, c6676a3b-9238-484a-870a-e78b36fd6b90:192.168.157.224:37064] with ContainerStateMachine:uninitialized
2019-10-13 20:32:59,816 [pool-77-thread-1] INFO  server.RaftServerConfigKeys (ConfUtils.java:logGet(43)) - raft.server.rpc.timeout.min = 1s (custom)
2019-10-13 20:32:59,817 [pool-77-thread-1] INFO  server.RaftServerConfigKeys (ConfUtils.java:logGet(43)) - raft.server.rpc.timeout.max = 1200ms (custom)
2019-10-13 20:32:59,817 [pool-77-thread-1] INFO  server.RaftServerConfigKeys (ConfUtils.java:logGet(43)) - raft.server.rpcslowness.timeout = 120s (custom)
2019-10-13 20:32:59,817 [pool-77-thread-1] INFO  server.RaftServerConfigKeys (ConfUtils.java:logGet(43)) - raft.server.sleep.deviation.threshold = 300 (default)
2019-10-13 20:32:59,817 [pool-77-thread-1] INFO  server.RaftServerConfigKeys (ConfUtils.java:logGet(43)) - raft.server.log.appender.install.snapshot.enabled = false (custom)
2019-10-13 20:32:59,818 [pool-77-thread-1] INFO  impl.RaftServerImpl (ServerState.java:<init>(103)) - c6676a3b-9238-484a-870a-e78b36fd6b90@group-CCF72240D914: ConfigurationManager, init=-1: [cab3cae7-f0a1-4851-a661-63d582d319d1:192.168.157.224:38398, 787c3207-a753-429a-a612-e3ac99d17bc9:192.168.157.224:45659, c6676a3b-9238-484a-870a-e78b36fd6b90:192.168.157.224:37064], old=null, confs=<EMPTY_MAP>
2019-10-13 20:32:59,818 [pool-77-thread-1] INFO  server.RaftServerConfigKeys (ConfUtils.java:logGet(43)) - raft.server.storage.dir = [/workdir/hadoop-ozone/integration-test/target/test-dir/MiniOzoneClusterImpl-647792b2-b7b4-4623-b37b-ed99d4356a77/datanode-5/data/ratis] (custom)
2019-10-13 20:32:59,818 [pool-77-thread-1] INFO  server.RaftServerConfigKeys (ConfUtils.java:logGet(43)) - raft.server.log.corruption.policy = EXCEPTION (default)
2019-10-13 20:32:59,819 [pool-77-thread-1] INFO  storage.RaftStorageDirectory (RaftStorageDirectory.java:analyzeStorage(246)) - The storage directory /workdir/hadoop-ozone/integration-test/target/test-dir/MiniOzoneClusterImpl-647792b2-b7b4-4623-b37b-ed99d4356a77/datanode-5/data/ratis/a9e61887-ed2c-443f-b5a1-ccf72240d914 does not exist. Creating ...
2019-10-13 20:33:00,348 [pool-27-thread-1] INFO  storage.RaftStorage (RaftStorage.java:format(84)) - Storage directory /workdir/hadoop-ozone/integration-test/target/test-dir/MiniOzoneClusterImpl-647792b2-b7b4-4623-b37b-ed99d4356a77/datanode-0/data/ratis/9f87153d-ffeb-4a56-87b7-175252e0178f has been successfully formatted.
2019-10-13 20:33:00,352 [pool-27-thread-1] INFO  ratis.ContainerStateMachine (ContainerStateMachine.java:loadSnapshot(231)) - group-175252E0178F: The snapshot info is null. Setting the last applied indexto:(t:0, i:~)
2019-10-13 20:33:00,353 [pool-27-thread-1] INFO  server.RaftServerConfigKeys (ConfUtils.java:logGet(43)) - raft.server.notification.no-leader.timeout = 120s (custom)
2019-10-13 20:33:00,356 [pool-27-thread-1] INFO  server.RaftServerConfigKeys (ConfUtils.java:logGet(43)) - raft.server.log.use.memory = false (default)
2019-10-13 20:33:00,365 [pool-27-thread-1] INFO  server.RaftServerConfigKeys (ConfUtils.java:logGet(43)) - raft.server.log.purge.gap = 1000000 (custom)
2019-10-13 20:33:00,365 [pool-27-thread-1] INFO  server.RaftServerConfigKeys (ConfUtils.java:logGet(43)) - raft.server.log.appender.buffer.byte-limit = 33554432 (custom)
2019-10-13 20:33:00,368 [pool-27-thread-1] INFO  server.RaftServerConfigKeys (ConfUtils.java:logGet(43)) - raft.server.log.segment.size.max = 1048576 (custom)
2019-10-13 20:33:00,371 [pool-27-thread-1] INFO  impl.MetricsSystemImpl (MetricsSystemImpl.java:init(158)) - ratis metrics system started (again)
2019-10-13 20:33:00,377 [pool-27-thread-1] INFO  metrics.MetricRegistries (MetricRegistriesLoader.java:load(64)) - Loaded MetricRegistries class org.apache.ratis.metrics.impl.MetricRegistriesImpl
2019-10-13 20:33:00,429 [pool-27-thread-1] INFO  server.RaftServerConfigKeys (ConfUtils.java:logGet(43)) - raft.server.log.segment.cache.num.max = 2 (custom)
2019-10-13 20:33:00,436 [pool-27-thread-1] INFO  segmented.SegmentedRaftLogWorker (SegmentedRaftLogWorker.java:<init>(173)) - new cab3cae7-f0a1-4851-a661-63d582d319d1@group-175252E0178F-SegmentedRaftLogWorker for RaftStorage:Storage Directory /workdir/hadoop-ozone/integration-test/target/test-dir/MiniOzoneClusterImpl-647792b2-b7b4-4623-b37b-ed99d4356a77/datanode-0/data/ratis/9f87153d-ffeb-4a56-87b7-175252e0178f
2019-10-13 20:33:00,436 [pool-27-thread-1] INFO  server.RaftServerConfigKeys (ConfUtils.java:logGet(43)) - raft.server.log.queue.byte-limit = 2147483647 (custom)
2019-10-13 20:33:00,437 [pool-27-thread-1] INFO  server.RaftServerConfigKeys (ConfUtils.java:logGet(43)) - raft.server.log.queue.element-limit = 1024 (custom)
2019-10-13 20:33:00,438 [pool-27-thread-1] INFO  server.RaftServerConfigKeys (ConfUtils.java:logGet(43)) - raft.server.log.segment.size.max = 1048576 (custom)
2019-10-13 20:33:00,439 [pool-27-thread-1] INFO  server.RaftServerConfigKeys (ConfUtils.java:logGet(43)) - raft.server.log.preallocated.size = 16384 (custom)
2019-10-13 20:33:00,439 [pool-27-thread-1] INFO  server.RaftServerConfigKeys (ConfUtils.java:logGet(43)) - raft.server.log.write.buffer.size = 33554432 (custom)
2019-10-13 20:33:00,440 [pool-27-thread-1] INFO  server.RaftServerConfigKeys (ConfUtils.java:logGet(43)) - raft.server.log.force.sync.num = 128 (default)
2019-10-13 20:33:00,441 [pool-27-thread-1] INFO  server.RaftServerConfigKeys (ConfUtils.java:logGet(43)) - raft.server.log.statemachine.data.sync = true (default)
2019-10-13 20:33:00,441 [pool-27-thread-1] INFO  server.RaftServerConfigKeys (ConfUtils.java:logGet(43)) - raft.server.log.statemachine.data.sync.timeout = 10s (default)
2019-10-13 20:33:00,442 [pool-27-thread-1] INFO  server.RaftServerConfigKeys (ConfUtils.java:logGet(43)) - raft.server.log.statemachine.data.sync.timeout.retry = -1 (default)
2019-10-13 20:33:00,862 [pool-27-thread-1] INFO  server.RaftServerConfigKeys (ConfUtils.java:logGet(43)) - raft.server.log.statemachine.data.caching.enabled = true (custom)
2019-10-13 20:33:00,868 [pool-27-thread-1] INFO  segmented.SegmentedRaftLogWorker (SegmentedRaftLogWorker.java:lambda$new$0(128)) - cab3cae7-f0a1-4851-a661-63d582d319d1@group-175252E0178F-SegmentedRaftLogWorker: flushIndex: setUnconditionally 0 -> -1
2019-10-13 20:33:00,874 [pool-27-thread-1] INFO  server.RaftServerConfigKeys (ConfUtils.java:logGet(43)) - raft.server.snapshot.auto.trigger.enabled = true (custom)
2019-10-13 20:33:00,875 [pool-27-thread-1] INFO  server.RaftServerConfigKeys (ConfUtils.java:logGet(43)) - raft.server.snapshot.auto.trigger.threshold = 10000 (custom)
2019-10-13 20:33:00,875 [pool-27-thread-1] INFO  server.RaftServerConfigKeys (ConfUtils.java:logGet(43)) - raft.server.snapshot.retention.file.num = 5 (custom)
2019-10-13 20:33:00,876 [pool-27-thread-1] INFO  server.RaftServerConfigKeys (ConfUtils.java:logGet(43)) - raft.server.retrycache.expirytime = 600000ms (custom)
2019-10-13 20:33:00,911 [pool-27-thread-1] INFO  impl.RaftServerImpl (RaftServerImpl.java:<init>(95)) - cab3cae7-f0a1-4851-a661-63d582d319d1: new RaftServerImpl for group-C88106EEEC90:[cab3cae7-f0a1-4851-a661-63d582d319d1:192.168.157.224:38398, 787c3207-a753-429a-a612-e3ac99d17bc9:192.168.157.224:45659, a62c5862-2413-45e1-a25a-271607b15565:192.168.157.224:42190] with ContainerStateMachine:uninitialized
2019-10-13 20:33:00,911 [pool-27-thread-1] INFO  server.RaftServerConfigKeys (ConfUtils.java:logGet(43)) - raft.server.rpc.timeout.min = 1s (custom)
2019-10-13 20:33:00,911 [pool-27-thread-1] INFO  server.RaftServerConfigKeys (ConfUtils.java:logGet(43)) - raft.server.rpc.timeout.max = 1200ms (custom)
2019-10-13 20:33:00,911 [pool-27-thread-1] INFO  server.RaftServerConfigKeys (ConfUtils.java:logGet(43)) - raft.server.rpcslowness.timeout = 120s (custom)
2019-10-13 20:33:00,912 [pool-27-thread-1] INFO  server.RaftServerConfigKeys (ConfUtils.java:logGet(43)) - raft.server.sleep.deviation.threshold = 300 (default)
2019-10-13 20:33:00,912 [pool-27-thread-1] INFO  server.RaftServerConfigKeys (ConfUtils.java:logGet(43)) - raft.server.log.appender.install.snapshot.enabled = false (custom)
2019-10-13 20:33:00,912 [pool-27-thread-1] INFO  impl.RaftServerImpl (ServerState.java:<init>(103)) - cab3cae7-f0a1-4851-a661-63d582d319d1@group-C88106EEEC90: ConfigurationManager, init=-1: [cab3cae7-f0a1-4851-a661-63d582d319d1:192.168.157.224:38398, 787c3207-a753-429a-a612-e3ac99d17bc9:192.168.157.224:45659, a62c5862-2413-45e1-a25a-271607b15565:192.168.157.224:42190], old=null, confs=<EMPTY_MAP>
2019-10-13 20:33:00,912 [pool-27-thread-1] INFO  server.RaftServerConfigKeys (ConfUtils.java:logGet(43)) - raft.server.storage.dir = [/workdir/hadoop-ozone/integration-test/target/test-dir/MiniOzoneClusterImpl-647792b2-b7b4-4623-b37b-ed99d4356a77/datanode-0/data/ratis] (custom)
2019-10-13 20:33:00,913 [pool-27-thread-1] INFO  server.RaftServerConfigKeys (ConfUtils.java:logGet(43)) - raft.server.log.corruption.policy = EXCEPTION (default)
2019-10-13 20:33:00,913 [pool-27-thread-1] INFO  storage.RaftStorageDirectory (RaftStorageDirectory.java:analyzeStorage(246)) - The storage directory /workdir/hadoop-ozone/integration-test/target/test-dir/MiniOzoneClusterImpl-647792b2-b7b4-4623-b37b-ed99d4356a77/datanode-0/data/ratis/df0dffff-5428-4aa6-ab32-c88106eeec90 does not exist. Creating ...
2019-10-13 20:33:02,241 [pool-77-thread-1] INFO  storage.RaftStorageDirectory (RaftStorageDirectory.java:tryLock(328)) - Lock on /workdir/hadoop-ozone/integration-test/target/test-dir/MiniOzoneClusterImpl-647792b2-b7b4-4623-b37b-ed99d4356a77/datanode-5/data/ratis/a9e61887-ed2c-443f-b5a1-ccf72240d914/in_use.lock acquired by nodename 2755@pr-hdds-2290-dcfw8-3342134496
2019-10-13 20:33:02,282 [pool-57-thread-1] INFO  storage.RaftStorage (RaftStorage.java:format(84)) - Storage directory /workdir/hadoop-ozone/integration-test/target/test-dir/MiniOzoneClusterImpl-647792b2-b7b4-4623-b37b-ed99d4356a77/datanode-3/data/ratis/df0dffff-5428-4aa6-ab32-c88106eeec90 has been successfully formatted.
2019-10-13 20:33:02,282 [pool-37-thread-1] INFO  storage.RaftStorage (RaftStorage.java:format(84)) - Storage directory /workdir/hadoop-ozone/integration-test/target/test-dir/MiniOzoneClusterImpl-647792b2-b7b4-4623-b37b-ed99d4356a77/datanode-1/data/ratis/df0dffff-5428-4aa6-ab32-c88106eeec90 has been successfully formatted.
2019-10-13 20:33:02,286 [pool-57-thread-1] INFO  ratis.ContainerStateMachine (ContainerStateMachine.java:loadSnapshot(231)) - group-C88106EEEC90: The snapshot info is null. Setting the last applied indexto:(t:0, i:~)
2019-10-13 20:33:02,286 [pool-37-thread-1] INFO  ratis.ContainerStateMachine (ContainerStateMachine.java:loadSnapshot(231)) - group-C88106EEEC90: The snapshot info is null. Setting the last applied indexto:(t:0, i:~)
2019-10-13 20:33:02,294 [pool-57-thread-1] INFO  server.RaftServerConfigKeys (ConfUtils.java:logGet(43)) - raft.server.notification.no-leader.timeout = 120s (custom)
2019-10-13 20:33:02,294 [pool-37-thread-1] INFO  server.RaftServerConfigKeys (ConfUtils.java:logGet(43)) - raft.server.notification.no-leader.timeout = 120s (custom)
2019-10-13 20:33:02,295 [pool-57-thread-1] INFO  server.RaftServerConfigKeys (ConfUtils.java:logGet(43)) - raft.server.log.use.memory = false (default)
2019-10-13 20:33:02,295 [pool-37-thread-1] INFO  server.RaftServerConfigKeys (ConfUtils.java:logGet(43)) - raft.server.log.use.memory = false (default)
2019-10-13 20:33:02,295 [pool-57-thread-1] INFO  server.RaftServerConfigKeys (ConfUtils.java:logGet(43)) - raft.server.log.purge.gap = 1000000 (custom)
2019-10-13 20:33:02,295 [pool-37-thread-1] INFO  server.RaftServerConfigKeys (ConfUtils.java:logGet(43)) - raft.server.log.purge.gap = 1000000 (custom)
2019-10-13 20:33:02,295 [pool-57-thread-1] INFO  server.RaftServerConfigKeys (ConfUtils.java:logGet(43)) - raft.server.log.appender.buffer.byte-limit = 33554432 (custom)
2019-10-13 20:33:02,295 [pool-37-thread-1] INFO  server.RaftServerConfigKeys (ConfUtils.java:logGet(43)) - raft.server.log.appender.buffer.byte-limit = 33554432 (custom)
2019-10-13 20:33:02,295 [pool-57-thread-1] INFO  server.RaftServerConfigKeys (ConfUtils.java:logGet(43)) - raft.server.log.segment.size.max = 1048576 (custom)
2019-10-13 20:33:02,296 [pool-37-thread-1] INFO  server.RaftServerConfigKeys (ConfUtils.java:logGet(43)) - raft.server.log.segment.size.max = 1048576 (custom)
2019-10-13 20:33:02,341 [pool-37-thread-1] INFO  server.RaftServerConfigKeys (ConfUtils.java:logGet(43)) - raft.server.log.segment.cache.num.max = 2 (custom)
2019-10-13 20:33:02,342 [pool-37-thread-1] INFO  segmented.SegmentedRaftLogWorker (SegmentedRaftLogWorker.java:<init>(173)) - new 787c3207-a753-429a-a612-e3ac99d17bc9@group-C88106EEEC90-SegmentedRaftLogWorker for RaftStorage:Storage Directory /workdir/hadoop-ozone/integration-test/target/test-dir/MiniOzoneClusterImpl-647792b2-b7b4-4623-b37b-ed99d4356a77/datanode-1/data/ratis/df0dffff-5428-4aa6-ab32-c88106eeec90
2019-10-13 20:33:02,342 [pool-37-thread-1] INFO  server.RaftServerConfigKeys (ConfUtils.java:logGet(43)) - raft.server.log.queue.byte-limit = 2147483647 (custom)
2019-10-13 20:33:02,342 [pool-37-thread-1] INFO  server.RaftServerConfigKeys (ConfUtils.java:logGet(43)) - raft.server.log.queue.element-limit = 1024 (custom)
2019-10-13 20:33:02,342 [pool-37-thread-1] INFO  server.RaftServerConfigKeys (ConfUtils.java:logGet(43)) - raft.server.log.segment.size.max = 1048576 (custom)
2019-10-13 20:33:02,342 [pool-37-thread-1] INFO  server.RaftServerConfigKeys (ConfUtils.java:logGet(43)) - raft.server.log.preallocated.size = 16384 (custom)
2019-10-13 20:33:02,342 [pool-37-thread-1] INFO  server.RaftServerConfigKeys (ConfUtils.java:logGet(43)) - raft.server.log.write.buffer.size = 33554432 (custom)
2019-10-13 20:33:02,342 [pool-37-thread-1] INFO  server.RaftServerConfigKeys (ConfUtils.java:logGet(43)) - raft.server.log.force.sync.num = 128 (default)
2019-10-13 20:33:02,342 [pool-37-thread-1] INFO  server.RaftServerConfigKeys (ConfUtils.java:logGet(43)) - raft.server.log.statemachine.data.sync = true (default)
2019-10-13 20:33:02,343 [pool-57-thread-1] INFO  server.RaftServerConfigKeys (ConfUtils.java:logGet(43)) - raft.server.log.segment.cache.num.max = 2 (custom)
2019-10-13 20:33:02,343 [pool-37-thread-1] INFO  server.RaftServerConfigKeys (ConfUtils.java:logGet(43)) - raft.server.log.statemachine.data.sync.timeout = 10s (default)
2019-10-13 20:33:02,343 [pool-57-thread-1] INFO  segmented.SegmentedRaftLogWorker (SegmentedRaftLogWorker.java:<init>(173)) - new a62c5862-2413-45e1-a25a-271607b15565@group-C88106EEEC90-SegmentedRaftLogWorker for RaftStorage:Storage Directory /workdir/hadoop-ozone/integration-test/target/test-dir/MiniOzoneClusterImpl-647792b2-b7b4-4623-b37b-ed99d4356a77/datanode-3/data/ratis/df0dffff-5428-4aa6-ab32-c88106eeec90
2019-10-13 20:33:02,345 [pool-37-thread-1] INFO  server.RaftServerConfigKeys (ConfUtils.java:logGet(43)) - raft.server.log.statemachine.data.sync.timeout.retry = -1 (default)
2019-10-13 20:33:02,345 [pool-57-thread-1] INFO  server.RaftServerConfigKeys (ConfUtils.java:logGet(43)) - raft.server.log.queue.byte-limit = 2147483647 (custom)
2019-10-13 20:33:02,345 [pool-57-thread-1] INFO  server.RaftServerConfigKeys (ConfUtils.java:logGet(43)) - raft.server.log.queue.element-limit = 1024 (custom)
2019-10-13 20:33:02,346 [pool-57-thread-1] INFO  server.RaftServerConfigKeys (ConfUtils.java:logGet(43)) - raft.server.log.segment.size.max = 1048576 (custom)
2019-10-13 20:33:02,346 [pool-37-thread-1] INFO  server.RaftServerConfigKeys (ConfUtils.java:logGet(43)) - raft.server.log.statemachine.data.caching.enabled = true (custom)
2019-10-13 20:33:02,346 [pool-57-thread-1] INFO  server.RaftServerConfigKeys (ConfUtils.java:logGet(43)) - raft.server.log.preallocated.size = 16384 (custom)
2019-10-13 20:33:02,346 [pool-37-thread-1] INFO  segmented.SegmentedRaftLogWorker (SegmentedRaftLogWorker.java:lambda$new$0(128)) - 787c3207-a753-429a-a612-e3ac99d17bc9@group-C88106EEEC90-SegmentedRaftLogWorker: flushIndex: setUnconditionally 0 -> -1
2019-10-13 20:33:02,346 [pool-57-thread-1] INFO  server.RaftServerConfigKeys (ConfUtils.java:logGet(43)) - raft.server.log.write.buffer.size = 33554432 (custom)
2019-10-13 20:33:02,347 [pool-37-thread-1] INFO  server.RaftServerConfigKeys (ConfUtils.java:logGet(43)) - raft.server.snapshot.auto.trigger.enabled = true (custom)
2019-10-13 20:33:02,347 [pool-57-thread-1] INFO  server.RaftServerConfigKeys (ConfUtils.java:logGet(43)) - raft.server.log.force.sync.num = 128 (default)
2019-10-13 20:33:02,347 [pool-37-thread-1] INFO  server.RaftServerConfigKeys (ConfUtils.java:logGet(43)) - raft.server.snapshot.auto.trigger.threshold = 10000 (custom)
2019-10-13 20:33:02,347 [pool-57-thread-1] INFO  server.RaftServerConfigKeys (ConfUtils.java:logGet(43)) - raft.server.log.statemachine.data.sync = true (default)
2019-10-13 20:33:02,347 [pool-37-thread-1] INFO  server.RaftServerConfigKeys (ConfUtils.java:logGet(43)) - raft.server.snapshot.retention.file.num = 5 (custom)
2019-10-13 20:33:02,348 [pool-57-thread-1] INFO  server.RaftServerConfigKeys (ConfUtils.java:logGet(43)) - raft.server.log.statemachine.data.sync.timeout = 10s (default)
2019-10-13 20:33:02,348 [pool-37-thread-1] INFO  server.RaftServerConfigKeys (ConfUtils.java:logGet(43)) - raft.server.retrycache.expirytime = 600000ms (custom)
2019-10-13 20:33:02,348 [pool-57-thread-1] INFO  server.RaftServerConfigKeys (ConfUtils.java:logGet(43)) - raft.server.log.statemachine.data.sync.timeout.retry = -1 (default)
2019-10-13 20:33:02,350 [pool-57-thread-1] INFO  server.RaftServerConfigKeys (ConfUtils.java:logGet(43)) - raft.server.log.statemachine.data.caching.enabled = true (custom)
2019-10-13 20:33:02,350 [pool-57-thread-1] INFO  segmented.SegmentedRaftLogWorker (SegmentedRaftLogWorker.java:lambda$new$0(128)) - a62c5862-2413-45e1-a25a-271607b15565@group-C88106EEEC90-SegmentedRaftLogWorker: flushIndex: setUnconditionally 0 -> -1
2019-10-13 20:33:02,351 [pool-57-thread-1] INFO  server.RaftServerConfigKeys (ConfUtils.java:logGet(43)) - raft.server.snapshot.auto.trigger.enabled = true (custom)
2019-10-13 20:33:02,351 [pool-57-thread-1] INFO  server.RaftServerConfigKeys (ConfUtils.java:logGet(43)) - raft.server.snapshot.auto.trigger.threshold = 10000 (custom)
2019-10-13 20:33:02,351 [pool-57-thread-1] INFO  server.RaftServerConfigKeys (ConfUtils.java:logGet(43)) - raft.server.snapshot.retention.file.num = 5 (custom)
2019-10-13 20:33:02,352 [pool-57-thread-1] INFO  server.RaftServerConfigKeys (ConfUtils.java:logGet(43)) - raft.server.retrycache.expirytime = 600000ms (custom)
2019-10-13 20:33:02,354 [pool-37-thread-1] INFO  impl.RaftServerImpl (RaftServerImpl.java:<init>(95)) - 787c3207-a753-429a-a612-e3ac99d17bc9: new RaftServerImpl for group-CCF72240D914:[cab3cae7-f0a1-4851-a661-63d582d319d1:192.168.157.224:38398, 787c3207-a753-429a-a612-e3ac99d17bc9:192.168.157.224:45659, c6676a3b-9238-484a-870a-e78b36fd6b90:192.168.157.224:37064] with ContainerStateMachine:uninitialized
2019-10-13 20:33:02,354 [pool-37-thread-1] INFO  server.RaftServerConfigKeys (ConfUtils.java:logGet(43)) - raft.server.rpc.timeout.min = 1s (custom)
2019-10-13 20:33:02,354 [pool-37-thread-1] INFO  server.RaftServerConfigKeys (ConfUtils.java:logGet(43)) - raft.server.rpc.timeout.max = 1200ms (custom)
2019-10-13 20:33:02,354 [pool-37-thread-1] INFO  server.RaftServerConfigKeys (ConfUtils.java:logGet(43)) - raft.server.rpcslowness.timeout = 120s (custom)
2019-10-13 20:33:02,354 [pool-37-thread-1] INFO  server.RaftServerConfigKeys (ConfUtils.java:logGet(43)) - raft.server.sleep.deviation.threshold = 300 (default)
2019-10-13 20:33:02,354 [pool-37-thread-1] INFO  server.RaftServerConfigKeys (ConfUtils.java:logGet(43)) - raft.server.log.appender.install.snapshot.enabled = false (custom)
2019-10-13 20:33:02,355 [pool-37-thread-1] INFO  impl.RaftServerImpl (ServerState.java:<init>(103)) - 787c3207-a753-429a-a612-e3ac99d17bc9@group-CCF72240D914: ConfigurationManager, init=-1: [cab3cae7-f0a1-4851-a661-63d582d319d1:192.168.157.224:38398, 787c3207-a753-429a-a612-e3ac99d17bc9:192.168.157.224:45659, c6676a3b-9238-484a-870a-e78b36fd6b90:192.168.157.224:37064], old=null, confs=<EMPTY_MAP>
2019-10-13 20:33:02,355 [pool-37-thread-1] INFO  server.RaftServerConfigKeys (ConfUtils.java:logGet(43)) - raft.server.storage.dir = [/workdir/hadoop-ozone/integration-test/target/test-dir/MiniOzoneClusterImpl-647792b2-b7b4-4623-b37b-ed99d4356a77/datanode-1/data/ratis] (custom)
2019-10-13 20:33:02,361 [pool-57-thread-1] INFO  impl.RaftServerImpl (RaftServerImpl.java:start(181)) - a62c5862-2413-45e1-a25a-271607b15565@group-C88106EEEC90: start as a follower, conf=-1: [cab3cae7-f0a1-4851-a661-63d582d319d1:192.168.157.224:38398, 787c3207-a753-429a-a612-e3ac99d17bc9:192.168.157.224:45659, a62c5862-2413-45e1-a25a-271607b15565:192.168.157.224:42190], old=null
2019-10-13 20:33:02,363 [pool-57-thread-1] INFO  impl.RaftServerImpl (RaftServerImpl.java:setRole(170)) - a62c5862-2413-45e1-a25a-271607b15565@group-C88106EEEC90: changes role from      null to FOLLOWER at term 0 for startAsFollower
2019-10-13 20:33:02,369 [pool-57-thread-1] INFO  impl.RoleInfo (RoleInfo.java:updateAndGet(143)) - a62c5862-2413-45e1-a25a-271607b15565: start FollowerState
2019-10-13 20:33:02,372 [pool-57-thread-1] INFO  util.JmxRegister (JmxRegister.java:tryRegister(44)) - Successfully registered JMX Bean with object name Ratis:service=RaftServer,group=group-C88106EEEC90,id=a62c5862-2413-45e1-a25a-271607b15565
2019-10-13 20:33:02,794 [RATISCREATEPIPELINE2] ERROR pipeline.RatisPipelineProvider (RatisPipelineProvider.java:lambda$null$5(237)) - Failed invoke Ratis rpc org.apache.hadoop.hdds.scm.pipeline.RatisPipelineProvider$$Lambda$201/699988973@1066ef92 for 787c3207-a753-429a-a612-e3ac99d17bc9
org.apache.ratis.protocol.TimeoutIOException: deadline exceeded after 2998406207ns
	at org.apache.ratis.grpc.GrpcUtil.tryUnwrapException(GrpcUtil.java:82)
	at org.apache.ratis.grpc.GrpcUtil.unwrapException(GrpcUtil.java:75)
	at org.apache.ratis.grpc.client.GrpcClientProtocolClient.blockingCall(GrpcClientProtocolClient.java:184)
	at org.apache.ratis.grpc.client.GrpcClientProtocolClient.groupAdd(GrpcClientProtocolClient.java:153)
	at org.apache.ratis.grpc.client.GrpcClientRpc.sendRequest(GrpcClientRpc.java:94)
	at org.apache.ratis.client.impl.RaftClientImpl.sendRequest(RaftClientImpl.java:278)
	at org.apache.ratis.client.impl.RaftClientImpl.groupAdd(RaftClientImpl.java:205)
	at org.apache.hadoop.hdds.scm.pipeline.RatisPipelineProvider.lambda$initializePipeline$4(RatisPipelineProvider.java:198)
	at org.apache.hadoop.hdds.scm.pipeline.RatisPipelineProvider.lambda$null$5(RatisPipelineProvider.java:233)
	at java.util.stream.ForEachOps$ForEachOp$OfRef.accept(ForEachOps.java:184)
	at java.util.ArrayList$ArrayListSpliterator.forEachRemaining(ArrayList.java:1382)
	at java.util.stream.AbstractPipeline.copyInto(AbstractPipeline.java:482)
	at java.util.stream.ForEachOps$ForEachTask.compute(ForEachOps.java:291)
	at java.util.concurrent.CountedCompleter.exec(CountedCompleter.java:731)
	at java.util.concurrent.ForkJoinTask.doExec(ForkJoinTask.java:289)
	at java.util.concurrent.ForkJoinPool$WorkQueue.runTask(ForkJoinPool.java:1056)
	at java.util.concurrent.ForkJoinPool.runWorker(ForkJoinPool.java:1692)
	at java.util.concurrent.ForkJoinWorkerThread.run(ForkJoinWorkerThread.java:157)
Caused by: org.apache.ratis.thirdparty.io.grpc.StatusRuntimeException: DEADLINE_EXCEEDED: deadline exceeded after 2998406207ns
	at org.apache.ratis.thirdparty.io.grpc.stub.ClientCalls.toStatusRuntimeException(ClientCalls.java:233)
	at org.apache.ratis.thirdparty.io.grpc.stub.ClientCalls.getUnchecked(ClientCalls.java:214)
	at org.apache.ratis.thirdparty.io.grpc.stub.ClientCalls.blockingUnaryCall(ClientCalls.java:139)
	at org.apache.ratis.proto.grpc.AdminProtocolServiceGrpc$AdminProtocolServiceBlockingStub.groupManagement(AdminProtocolServiceGrpc.java:274)
	at org.apache.ratis.grpc.client.GrpcClientProtocolClient.lambda$groupAdd$3(GrpcClientProtocolClient.java:155)
	at org.apache.ratis.grpc.client.GrpcClientProtocolClient.blockingCall(GrpcClientProtocolClient.java:182)
	... 15 more
2019-10-13 20:33:02,794 [RATISCREATEPIPELINE3] ERROR pipeline.RatisPipelineProvider (RatisPipelineProvider.java:lambda$null$5(237)) - Failed invoke Ratis rpc org.apache.hadoop.hdds.scm.pipeline.RatisPipelineProvider$$Lambda$201/699988973@1066ef92 for cab3cae7-f0a1-4851-a661-63d582d319d1
org.apache.ratis.protocol.TimeoutIOException: deadline exceeded after 2999765206ns
	at org.apache.ratis.grpc.GrpcUtil.tryUnwrapException(GrpcUtil.java:82)
	at org.apache.ratis.grpc.GrpcUtil.unwrapException(GrpcUtil.java:75)
	at org.apache.ratis.grpc.client.GrpcClientProtocolClient.blockingCall(GrpcClientProtocolClient.java:184)
	at org.apache.ratis.grpc.client.GrpcClientProtocolClient.groupAdd(GrpcClientProtocolClient.java:153)
	at org.apache.ratis.grpc.client.GrpcClientRpc.sendRequest(GrpcClientRpc.java:94)
	at org.apache.ratis.client.impl.RaftClientImpl.sendRequest(RaftClientImpl.java:278)
	at org.apache.ratis.client.impl.RaftClientImpl.groupAdd(RaftClientImpl.java:205)
	at org.apache.hadoop.hdds.scm.pipeline.RatisPipelineProvider.lambda$initializePipeline$4(RatisPipelineProvider.java:198)
	at org.apache.hadoop.hdds.scm.pipeline.RatisPipelineProvider.lambda$null$5(RatisPipelineProvider.java:233)
	at java.util.stream.ForEachOps$ForEachOp$OfRef.accept(ForEachOps.java:184)
	at java.util.ArrayList$ArrayListSpliterator.forEachRemaining(ArrayList.java:1382)
	at java.util.stream.AbstractPipeline.copyInto(AbstractPipeline.java:482)
	at java.util.stream.ForEachOps$ForEachTask.compute(ForEachOps.java:291)
	at java.util.concurrent.CountedCompleter.exec(CountedCompleter.java:731)
	at java.util.concurrent.ForkJoinTask.doExec(ForkJoinTask.java:289)
	at java.util.concurrent.ForkJoinPool$WorkQueue.runTask(ForkJoinPool.java:1056)
	at java.util.concurrent.ForkJoinPool.runWorker(ForkJoinPool.java:1692)
	at java.util.concurrent.ForkJoinWorkerThread.run(ForkJoinWorkerThread.java:157)
Caused by: org.apache.ratis.thirdparty.io.grpc.StatusRuntimeException: DEADLINE_EXCEEDED: deadline exceeded after 2999765206ns
	at org.apache.ratis.thirdparty.io.grpc.stub.ClientCalls.toStatusRuntimeException(ClientCalls.java:233)
	at org.apache.ratis.thirdparty.io.grpc.stub.ClientCalls.getUnchecked(ClientCalls.java:214)
	at org.apache.ratis.thirdparty.io.grpc.stub.ClientCalls.blockingUnaryCall(ClientCalls.java:139)
	at org.apache.ratis.proto.grpc.AdminProtocolServiceGrpc$AdminProtocolServiceBlockingStub.groupManagement(AdminProtocolServiceGrpc.java:274)
	at org.apache.ratis.grpc.client.GrpcClientProtocolClient.lambda$groupAdd$3(GrpcClientProtocolClient.java:155)
	at org.apache.ratis.grpc.client.GrpcClientProtocolClient.blockingCall(GrpcClientProtocolClient.java:182)
	... 15 more
2019-10-13 20:33:02,802 [RATISCREATEPIPELINE1] ERROR pipeline.RatisPipelineProvider (RatisPipelineProvider.java:lambda$null$5(237)) - Failed invoke Ratis rpc org.apache.hadoop.hdds.scm.pipeline.RatisPipelineProvider$$Lambda$201/699988973@1066ef92 for c6676a3b-9238-484a-870a-e78b36fd6b90
org.apache.ratis.protocol.TimeoutIOException: deadline exceeded after 2999804057ns
	at org.apache.ratis.grpc.GrpcUtil.tryUnwrapException(GrpcUtil.java:82)
	at org.apache.ratis.grpc.GrpcUtil.unwrapException(GrpcUtil.java:75)
	at org.apache.ratis.grpc.client.GrpcClientProtocolClient.blockingCall(GrpcClientProtocolClient.java:184)
	at org.apache.ratis.grpc.client.GrpcClientProtocolClient.groupAdd(GrpcClientProtocolClient.java:153)
	at org.apache.ratis.grpc.client.GrpcClientRpc.sendRequest(GrpcClientRpc.java:94)
	at org.apache.ratis.client.impl.RaftClientImpl.sendRequest(RaftClientImpl.java:278)
	at org.apache.ratis.client.impl.RaftClientImpl.groupAdd(RaftClientImpl.java:205)
	at org.apache.hadoop.hdds.scm.pipeline.RatisPipelineProvider.lambda$initializePipeline$4(RatisPipelineProvider.java:198)
	at org.apache.hadoop.hdds.scm.pipeline.RatisPipelineProvider.lambda$null$5(RatisPipelineProvider.java:233)
	at java.util.stream.ForEachOps$ForEachOp$OfRef.accept(ForEachOps.java:184)
	at java.util.ArrayList$ArrayListSpliterator.forEachRemaining(ArrayList.java:1382)
	at java.util.stream.AbstractPipeline.copyInto(AbstractPipeline.java:482)
	at java.util.stream.ForEachOps$ForEachTask.compute(ForEachOps.java:291)
	at java.util.concurrent.CountedCompleter.exec(CountedCompleter.java:731)
	at java.util.concurrent.ForkJoinTask.doExec(ForkJoinTask.java:289)
	at java.util.concurrent.ForkJoinTask.doInvoke(ForkJoinTask.java:401)
	at java.util.concurrent.ForkJoinTask.invoke(ForkJoinTask.java:734)
	at java.util.stream.ForEachOps$ForEachOp.evaluateParallel(ForEachOps.java:160)
	at java.util.stream.ForEachOps$ForEachOp$OfRef.evaluateParallel(ForEachOps.java:174)
	at java.util.stream.AbstractPipeline.evaluate(AbstractPipeline.java:233)
	at java.util.stream.ReferencePipeline.forEach(ReferencePipeline.java:418)
	at java.util.stream.ReferencePipeline$Head.forEach(ReferencePipeline.java:583)
	at org.apache.hadoop.hdds.scm.pipeline.RatisPipelineProvider.lambda$callRatisRpc$6(RatisPipelineProvider.java:227)
	at java.util.concurrent.ForkJoinTask$AdaptedRunnableAction.exec(ForkJoinTask.java:1386)
	at java.util.concurrent.ForkJoinTask.doExec(ForkJoinTask.java:289)
	at java.util.concurrent.ForkJoinPool$WorkQueue.runTask(ForkJoinPool.java:1056)
	at java.util.concurrent.ForkJoinPool.runWorker(ForkJoinPool.java:1692)
	at java.util.concurrent.ForkJoinWorkerThread.run(ForkJoinWorkerThread.java:157)
Caused by: org.apache.ratis.thirdparty.io.grpc.StatusRuntimeException: DEADLINE_EXCEEDED: deadline exceeded after 2999804057ns
	at org.apache.ratis.thirdparty.io.grpc.stub.ClientCalls.toStatusRuntimeException(ClientCalls.java:233)
	at org.apache.ratis.thirdparty.io.grpc.stub.ClientCalls.getUnchecked(ClientCalls.java:214)
	at org.apache.ratis.thirdparty.io.grpc.stub.ClientCalls.blockingUnaryCall(ClientCalls.java:139)
	at org.apache.ratis.proto.grpc.AdminProtocolServiceGrpc$AdminProtocolServiceBlockingStub.groupManagement(AdminProtocolServiceGrpc.java:274)
	at org.apache.ratis.grpc.client.GrpcClientProtocolClient.lambda$groupAdd$3(GrpcClientProtocolClient.java:155)
	at org.apache.ratis.grpc.client.GrpcClientProtocolClient.blockingCall(GrpcClientProtocolClient.java:182)
	... 25 more
2019-10-13 20:33:02,841 [grpc-default-executor-2] INFO  impl.RaftServerProxy (RaftServerProxy.java:addNew(89)) - c6676a3b-9238-484a-870a-e78b36fd6b90: addNew group-5D7F111F42E3:[cab3cae7-f0a1-4851-a661-63d582d319d1:192.168.157.224:38398, 787c3207-a753-429a-a612-e3ac99d17bc9:192.168.157.224:45659, c6676a3b-9238-484a-870a-e78b36fd6b90:192.168.157.224:37064] returns group-5D7F111F42E3:java.util.concurrent.CompletableFuture@3fa4171a[Not completed]
2019-10-13 20:33:02,841 [grpc-default-executor-1] INFO  impl.RaftServerProxy (RaftServerProxy.java:addNew(89)) - 787c3207-a753-429a-a612-e3ac99d17bc9: addNew group-5D7F111F42E3:[cab3cae7-f0a1-4851-a661-63d582d319d1:192.168.157.224:38398, 787c3207-a753-429a-a612-e3ac99d17bc9:192.168.157.224:45659, c6676a3b-9238-484a-870a-e78b36fd6b90:192.168.157.224:37064] returns group-5D7F111F42E3:java.util.concurrent.CompletableFuture@6c2ceac0[Not completed]
2019-10-13 20:33:02,844 [grpc-default-executor-1] INFO  impl.RaftServerProxy (RaftServerProxy.java:addNew(89)) - cab3cae7-f0a1-4851-a661-63d582d319d1: addNew group-5D7F111F42E3:[cab3cae7-f0a1-4851-a661-63d582d319d1:192.168.157.224:38398, 787c3207-a753-429a-a612-e3ac99d17bc9:192.168.157.224:45659, c6676a3b-9238-484a-870a-e78b36fd6b90:192.168.157.224:37064] returns group-5D7F111F42E3:java.util.concurrent.CompletableFuture@7e2e6d7c[Not completed]
2019-10-13 20:33:03,237 [pool-37-thread-1] INFO  server.RaftServerConfigKeys (ConfUtils.java:logGet(43)) - raft.server.log.corruption.policy = EXCEPTION (default)
2019-10-13 20:33:03,238 [pool-37-thread-1] INFO  storage.RaftStorageDirectory (RaftStorageDirectory.java:analyzeStorage(246)) - The storage directory /workdir/hadoop-ozone/integration-test/target/test-dir/MiniOzoneClusterImpl-647792b2-b7b4-4623-b37b-ed99d4356a77/datanode-1/data/ratis/a9e61887-ed2c-443f-b5a1-ccf72240d914 does not exist. Creating ...
2019-10-13 20:33:03,485 [Thread-247] INFO  impl.FollowerState (FollowerState.java:run(108)) - a62c5862-2413-45e1-a25a-271607b15565@group-C88106EEEC90-FollowerState: change to CANDIDATE, lastRpcTime:1116ms, electionTimeout:1115ms
2019-10-13 20:33:03,487 [Thread-247] INFO  impl.RoleInfo (RoleInfo.java:shutdownFollowerState(121)) - a62c5862-2413-45e1-a25a-271607b15565: shutdown FollowerState
2019-10-13 20:33:03,490 [Thread-247] INFO  impl.RaftServerImpl (RaftServerImpl.java:setRole(170)) - a62c5862-2413-45e1-a25a-271607b15565@group-C88106EEEC90: changes role from  FOLLOWER to CANDIDATE at term 0 for changeToCandidate
2019-10-13 20:33:03,494 [Thread-247] INFO  impl.RoleInfo (RoleInfo.java:updateAndGet(143)) - a62c5862-2413-45e1-a25a-271607b15565: start LeaderElection
2019-10-13 20:33:04,370 [pool-27-thread-1] INFO  storage.RaftStorageDirectory (RaftStorageDirectory.java:tryLock(328)) - Lock on /workdir/hadoop-ozone/integration-test/target/test-dir/MiniOzoneClusterImpl-647792b2-b7b4-4623-b37b-ed99d4356a77/datanode-0/data/ratis/df0dffff-5428-4aa6-ab32-c88106eeec90/in_use.lock acquired by nodename 2755@pr-hdds-2290-dcfw8-3342134496
2019-10-13 20:33:05,826 [RATISCREATEPIPELINE2] ERROR pipeline.RatisPipelineProvider (RatisPipelineProvider.java:lambda$null$5(237)) - Failed invoke Ratis rpc org.apache.hadoop.hdds.scm.pipeline.RatisPipelineProvider$$Lambda$201/699988973@2d88ec56 for 787c3207-a753-429a-a612-e3ac99d17bc9
org.apache.ratis.protocol.TimeoutIOException: deadline exceeded after 2998142022ns
	at org.apache.ratis.grpc.GrpcUtil.tryUnwrapException(GrpcUtil.java:82)
	at org.apache.ratis.grpc.GrpcUtil.unwrapException(GrpcUtil.java:75)
	at org.apache.ratis.grpc.client.GrpcClientProtocolClient.blockingCall(GrpcClientProtocolClient.java:184)
	at org.apache.ratis.grpc.client.GrpcClientProtocolClient.groupAdd(GrpcClientProtocolClient.java:153)
	at org.apache.ratis.grpc.client.GrpcClientRpc.sendRequest(GrpcClientRpc.java:94)
	at org.apache.ratis.client.impl.RaftClientImpl.sendRequest(RaftClientImpl.java:278)
	at org.apache.ratis.client.impl.RaftClientImpl.groupAdd(RaftClientImpl.java:205)
	at org.apache.hadoop.hdds.scm.pipeline.RatisPipelineProvider.lambda$initializePipeline$4(RatisPipelineProvider.java:198)
	at org.apache.hadoop.hdds.scm.pipeline.RatisPipelineProvider.lambda$null$5(RatisPipelineProvider.java:233)
	at java.util.stream.ForEachOps$ForEachOp$OfRef.accept(ForEachOps.java:184)
	at java.util.ArrayList$ArrayListSpliterator.forEachRemaining(ArrayList.java:1382)
	at java.util.stream.AbstractPipeline.copyInto(AbstractPipeline.java:482)
	at java.util.stream.ForEachOps$ForEachTask.compute(ForEachOps.java:291)
	at java.util.concurrent.CountedCompleter.exec(CountedCompleter.java:731)
	at java.util.concurrent.ForkJoinTask.doExec(ForkJoinTask.java:289)
	at java.util.concurrent.ForkJoinPool$WorkQueue.runTask(ForkJoinPool.java:1056)
	at java.util.concurrent.ForkJoinPool.runWorker(ForkJoinPool.java:1692)
	at java.util.concurrent.ForkJoinWorkerThread.run(ForkJoinWorkerThread.java:157)
Caused by: org.apache.ratis.thirdparty.io.grpc.StatusRuntimeException: DEADLINE_EXCEEDED: deadline exceeded after 2998142022ns
	at org.apache.ratis.thirdparty.io.grpc.stub.ClientCalls.toStatusRuntimeException(ClientCalls.java:233)
	at org.apache.ratis.thirdparty.io.grpc.stub.ClientCalls.getUnchecked(ClientCalls.java:214)
	at org.apache.ratis.thirdparty.io.grpc.stub.ClientCalls.blockingUnaryCall(ClientCalls.java:139)
	at org.apache.ratis.proto.grpc.AdminProtocolServiceGrpc$AdminProtocolServiceBlockingStub.groupManagement(AdminProtocolServiceGrpc.java:274)
	at org.apache.ratis.grpc.client.GrpcClientProtocolClient.lambda$groupAdd$3(GrpcClientProtocolClient.java:155)
	at org.apache.ratis.grpc.client.GrpcClientProtocolClient.blockingCall(GrpcClientProtocolClient.java:182)
	... 15 more
2019-10-13 20:33:05,826 [RATISCREATEPIPELINE3] ERROR pipeline.RatisPipelineProvider (RatisPipelineProvider.java:lambda$null$5(237)) - Failed invoke Ratis rpc org.apache.hadoop.hdds.scm.pipeline.RatisPipelineProvider$$Lambda$201/699988973@2d88ec56 for cab3cae7-f0a1-4851-a661-63d582d319d1
org.apache.ratis.protocol.TimeoutIOException: deadline exceeded after 2999755202ns
	at org.apache.ratis.grpc.GrpcUtil.tryUnwrapException(GrpcUtil.java:82)
	at org.apache.ratis.grpc.GrpcUtil.unwrapException(GrpcUtil.java:75)
	at org.apache.ratis.grpc.client.GrpcClientProtocolClient.blockingCall(GrpcClientProtocolClient.java:184)
	at org.apache.ratis.grpc.client.GrpcClientProtocolClient.groupAdd(GrpcClientProtocolClient.java:153)
	at org.apache.ratis.grpc.client.GrpcClientRpc.sendRequest(GrpcClientRpc.java:94)
	at org.apache.ratis.client.impl.RaftClientImpl.sendRequest(RaftClientImpl.java:278)
	at org.apache.ratis.client.impl.RaftClientImpl.groupAdd(RaftClientImpl.java:205)
	at org.apache.hadoop.hdds.scm.pipeline.RatisPipelineProvider.lambda$initializePipeline$4(RatisPipelineProvider.java:198)
	at org.apache.hadoop.hdds.scm.pipeline.RatisPipelineProvider.lambda$null$5(RatisPipelineProvider.java:233)
	at java.util.stream.ForEachOps$ForEachOp$OfRef.accept(ForEachOps.java:184)
	at java.util.ArrayList$ArrayListSpliterator.forEachRemaining(ArrayList.java:1382)
	at java.util.stream.AbstractPipeline.copyInto(AbstractPipeline.java:482)
	at java.util.stream.ForEachOps$ForEachTask.compute(ForEachOps.java:291)
	at java.util.concurrent.CountedCompleter.exec(CountedCompleter.java:731)
	at java.util.concurrent.ForkJoinTask.doExec(ForkJoinTask.java:289)
	at java.util.concurrent.ForkJoinPool$WorkQueue.runTask(ForkJoinPool.java:1056)
	at java.util.concurrent.ForkJoinPool.runWorker(ForkJoinPool.java:1692)
	at java.util.concurrent.ForkJoinWorkerThread.run(ForkJoinWorkerThread.java:157)
Caused by: org.apache.ratis.thirdparty.io.grpc.StatusRuntimeException: DEADLINE_EXCEEDED: deadline exceeded after 2999755202ns
	at org.apache.ratis.thirdparty.io.grpc.stub.ClientCalls.toStatusRuntimeException(ClientCalls.java:233)
	at org.apache.ratis.thirdparty.io.grpc.stub.ClientCalls.getUnchecked(ClientCalls.java:214)
	at org.apache.ratis.thirdparty.io.grpc.stub.ClientCalls.blockingUnaryCall(ClientCalls.java:139)
	at org.apache.ratis.proto.grpc.AdminProtocolServiceGrpc$AdminProtocolServiceBlockingStub.groupManagement(AdminProtocolServiceGrpc.java:274)
	at org.apache.ratis.grpc.client.GrpcClientProtocolClient.lambda$groupAdd$3(GrpcClientProtocolClient.java:155)
	at org.apache.ratis.grpc.client.GrpcClientProtocolClient.blockingCall(GrpcClientProtocolClient.java:182)
	... 15 more
2019-10-13 20:33:05,826 [RATISCREATEPIPELINE1] ERROR pipeline.RatisPipelineProvider (RatisPipelineProvider.java:lambda$null$5(237)) - Failed invoke Ratis rpc org.apache.hadoop.hdds.scm.pipeline.RatisPipelineProvider$$Lambda$201/699988973@2d88ec56 for c6676a3b-9238-484a-870a-e78b36fd6b90
org.apache.ratis.protocol.TimeoutIOException: deadline exceeded after 2994259136ns
	at org.apache.ratis.grpc.GrpcUtil.tryUnwrapException(GrpcUtil.java:82)
	at org.apache.ratis.grpc.GrpcUtil.unwrapException(GrpcUtil.java:75)
	at org.apache.ratis.grpc.client.GrpcClientProtocolClient.blockingCall(GrpcClientProtocolClient.java:184)
	at org.apache.ratis.grpc.client.GrpcClientProtocolClient.groupAdd(GrpcClientProtocolClient.java:153)
	at org.apache.ratis.grpc.client.GrpcClientRpc.sendRequest(GrpcClientRpc.java:94)
	at org.apache.ratis.client.impl.RaftClientImpl.sendRequest(RaftClientImpl.java:278)
	at org.apache.ratis.client.impl.RaftClientImpl.groupAdd(RaftClientImpl.java:205)
	at org.apache.hadoop.hdds.scm.pipeline.RatisPipelineProvider.lambda$initializePipeline$4(RatisPipelineProvider.java:198)
	at org.apache.hadoop.hdds.scm.pipeline.RatisPipelineProvider.lambda$null$5(RatisPipelineProvider.java:233)
	at java.util.stream.ForEachOps$ForEachOp$OfRef.accept(ForEachOps.java:184)
	at java.util.ArrayList$ArrayListSpliterator.forEachRemaining(ArrayList.java:1382)
	at java.util.stream.AbstractPipeline.copyInto(AbstractPipeline.java:482)
	at java.util.stream.ForEachOps$ForEachTask.compute(ForEachOps.java:291)
	at java.util.concurrent.CountedCompleter.exec(CountedCompleter.java:731)
	at java.util.concurrent.ForkJoinTask.doExec(ForkJoinTask.java:289)
	at java.util.concurrent.ForkJoinTask.doInvoke(ForkJoinTask.java:401)
	at java.util.concurrent.ForkJoinTask.invoke(ForkJoinTask.java:734)
	at java.util.stream.ForEachOps$ForEachOp.evaluateParallel(ForEachOps.java:160)
	at java.util.stream.ForEachOps$ForEachOp$OfRef.evaluateParallel(ForEachOps.java:174)
	at java.util.stream.AbstractPipeline.evaluate(AbstractPipeline.java:233)
	at java.util.stream.ReferencePipeline.forEach(ReferencePipeline.java:418)
	at java.util.stream.ReferencePipeline$Head.forEach(ReferencePipeline.java:583)
	at org.apache.hadoop.hdds.scm.pipeline.RatisPipelineProvider.lambda$callRatisRpc$6(RatisPipelineProvider.java:227)
	at java.util.concurrent.ForkJoinTask$AdaptedRunnableAction.exec(ForkJoinTask.java:1386)
	at java.util.concurrent.ForkJoinTask.doExec(ForkJoinTask.java:289)
	at java.util.concurrent.ForkJoinPool$WorkQueue.runTask(ForkJoinPool.java:1056)
	at java.util.concurrent.ForkJoinPool.runWorker(ForkJoinPool.java:1692)
	at java.util.concurrent.ForkJoinWorkerThread.run(ForkJoinWorkerThread.java:157)
Caused by: org.apache.ratis.thirdparty.io.grpc.StatusRuntimeException: DEADLINE_EXCEEDED: deadline exceeded after 2994259136ns
	at org.apache.ratis.thirdparty.io.grpc.stub.ClientCalls.toStatusRuntimeException(ClientCalls.java:233)
	at org.apache.ratis.thirdparty.io.grpc.stub.ClientCalls.getUnchecked(ClientCalls.java:214)
	at org.apache.ratis.thirdparty.io.grpc.stub.ClientCalls.blockingUnaryCall(ClientCalls.java:139)
	at org.apache.ratis.proto.grpc.AdminProtocolServiceGrpc$AdminProtocolServiceBlockingStub.groupManagement(AdminProtocolServiceGrpc.java:274)
	at org.apache.ratis.grpc.client.GrpcClientProtocolClient.lambda$groupAdd$3(GrpcClientProtocolClient.java:155)
	at org.apache.ratis.grpc.client.GrpcClientProtocolClient.blockingCall(GrpcClientProtocolClient.java:182)
	... 25 more
2019-10-13 20:33:05,845 [IPC Server handler 1 on 36306] WARN  block.BlockManagerImpl (BlockManagerImpl.java:allocateBlock(194)) - Pipeline creation failed for type:RATIS factor:THREE. Retrying get pipelines call once.
org.apache.hadoop.io.MultipleIOException: 3 exceptions [java.io.IOException: Failed invoke Ratis rpc org.apache.hadoop.hdds.scm.pipeline.RatisPipelineProvider$$Lambda$201/699988973@2d88ec56 for 787c3207-a753-429a-a612-e3ac99d17bc9, java.io.IOException: Failed invoke Ratis rpc org.apache.hadoop.hdds.scm.pipeline.RatisPipelineProvider$$Lambda$201/699988973@2d88ec56 for cab3cae7-f0a1-4851-a661-63d582d319d1, java.io.IOException: Failed invoke Ratis rpc org.apache.hadoop.hdds.scm.pipeline.RatisPipelineProvider$$Lambda$201/699988973@2d88ec56 for c6676a3b-9238-484a-870a-e78b36fd6b90]
	at org.apache.hadoop.io.MultipleIOException.createIOException(MultipleIOException.java:53)
	at org.apache.hadoop.hdds.scm.pipeline.RatisPipelineProvider.callRatisRpc(RatisPipelineProvider.java:253)
	at org.apache.hadoop.hdds.scm.pipeline.RatisPipelineProvider.initializePipeline(RatisPipelineProvider.java:196)
	at org.apache.hadoop.hdds.scm.pipeline.RatisPipelineProvider.create(RatisPipelineProvider.java:163)
	at org.apache.hadoop.hdds.scm.pipeline.PipelineFactory.create(PipelineFactory.java:58)
	at org.apache.hadoop.hdds.scm.pipeline.SCMPipelineManager.createPipeline(SCMPipelineManager.java:155)
	at org.apache.hadoop.hdds.scm.block.BlockManagerImpl.allocateBlock(BlockManagerImpl.java:192)
	at org.apache.hadoop.hdds.scm.server.SCMBlockProtocolServer.allocateBlock(SCMBlockProtocolServer.java:182)
	at org.apache.hadoop.hdds.scm.protocol.ScmBlockLocationProtocolServerSideTranslatorPB.allocateScmBlock(ScmBlockLocationProtocolServerSideTranslatorPB.java:159)
	at org.apache.hadoop.hdds.scm.protocol.ScmBlockLocationProtocolServerSideTranslatorPB.processMessage(ScmBlockLocationProtocolServerSideTranslatorPB.java:117)
	at org.apache.hadoop.hdds.server.OzoneProtocolMessageDispatcher.processRequest(OzoneProtocolMessageDispatcher.java:72)
	at org.apache.hadoop.hdds.scm.protocol.ScmBlockLocationProtocolServerSideTranslatorPB.send(ScmBlockLocationProtocolServerSideTranslatorPB.java:98)
	at org.apache.hadoop.hdds.protocol.proto.ScmBlockLocationProtocolProtos$ScmBlockLocationProtocolService$2.callBlockingMethod(ScmBlockLocationProtocolProtos.java:13157)
	at org.apache.hadoop.ipc.ProtobufRpcEngine$Server$ProtoBufRpcInvoker.call(ProtobufRpcEngine.java:524)
	at org.apache.hadoop.ipc.RPC$Server.call(RPC.java:1025)
	at org.apache.hadoop.ipc.Server$RpcCall.run(Server.java:876)
	at org.apache.hadoop.ipc.Server$RpcCall.run(Server.java:822)
	at java.security.AccessController.doPrivileged(Native Method)
	at javax.security.auth.Subject.doAs(Subject.java:422)
	at org.apache.hadoop.security.UserGroupInformation.doAs(UserGroupInformation.java:1730)
	at org.apache.hadoop.ipc.Server$Handler.run(Server.java:2682)
2019-10-13 20:33:05,846 [IPC Server handler 1 on 36306] INFO  block.BlockManagerImpl (BlockManagerImpl.java:allocateBlock(200)) - Could not find available pipeline of type:RATIS and factor:THREE even after retrying
2019-10-13 20:33:05,846 [IPC Server handler 1 on 36306] ERROR block.BlockManagerImpl (BlockManagerImpl.java:allocateBlock(224)) - Unable to allocate a block for the size: 800, type: RATIS, factor: THREE
]]></system-out>
    <system-err><![CDATA[ERROR StatusLogger No Log4j 2 configuration file found. Using default configuration (logging only errors to the console), or user programmatically provided configurations. Set system property 'log4j2.debug' to show Log4j 2 internal initialization logging. See https://logging.apache.org/log4j/2.x/manual/configuration.html for instructions on how to configure Log4j 2
]]></system-err>
  </testcase>
  <testcase name="testWatchForCommitWithSmallerTimeoutValue" classname="org.apache.hadoop.ozone.client.rpc.TestWatchForCommit" time="67.567"/>
  <testcase name="testWatchForCommitForRetryfailure" classname="org.apache.hadoop.ozone.client.rpc.TestWatchForCommit" time="66.924">
    <failure type="java.lang.AssertionError">java.lang.AssertionError
	at org.junit.Assert.fail(Assert.java:86)
	at org.junit.Assert.assertTrue(Assert.java:41)
	at org.junit.Assert.assertTrue(Assert.java:52)
	at org.apache.hadoop.ozone.client.rpc.TestWatchForCommit.testWatchForCommitForRetryfailure(TestWatchForCommit.java:348)
	at sun.reflect.NativeMethodAccessorImpl.invoke0(Native Method)
	at sun.reflect.NativeMethodAccessorImpl.invoke(NativeMethodAccessorImpl.java:62)
	at sun.reflect.DelegatingMethodAccessorImpl.invoke(DelegatingMethodAccessorImpl.java:43)
	at java.lang.reflect.Method.invoke(Method.java:498)
	at org.junit.runners.model.FrameworkMethod$1.runReflectiveCall(FrameworkMethod.java:47)
	at org.junit.internal.runners.model.ReflectiveCallable.run(ReflectiveCallable.java:12)
	at org.junit.runners.model.FrameworkMethod.invokeExplosively(FrameworkMethod.java:44)
	at org.junit.internal.runners.statements.InvokeMethod.evaluate(InvokeMethod.java:17)
	at org.junit.runners.ParentRunner.runLeaf(ParentRunner.java:271)
	at org.junit.runners.BlockJUnit4ClassRunner.runChild(BlockJUnit4ClassRunner.java:70)
	at org.junit.runners.BlockJUnit4ClassRunner.runChild(BlockJUnit4ClassRunner.java:50)
	at org.junit.runners.ParentRunner$3.run(ParentRunner.java:238)
	at org.junit.runners.ParentRunner$1.schedule(ParentRunner.java:63)
	at org.junit.runners.ParentRunner.runChildren(ParentRunner.java:236)
	at org.junit.runners.ParentRunner.access$000(ParentRunner.java:53)
	at org.junit.runners.ParentRunner$2.evaluate(ParentRunner.java:229)
	at org.junit.runners.ParentRunner.run(ParentRunner.java:309)
	at org.apache.maven.surefire.junit4.JUnit4Provider.execute(JUnit4Provider.java:365)
	at org.apache.maven.surefire.junit4.JUnit4Provider.executeWithRerun(JUnit4Provider.java:273)
	at org.apache.maven.surefire.junit4.JUnit4Provider.executeTestSet(JUnit4Provider.java:238)
	at org.apache.maven.surefire.junit4.JUnit4Provider.invoke(JUnit4Provider.java:159)
	at org.apache.maven.surefire.booter.ForkedBooter.invokeProviderInSameClassLoader(ForkedBooter.java:384)
	at org.apache.maven.surefire.booter.ForkedBooter.runSuitesInProcess(ForkedBooter.java:345)
	at org.apache.maven.surefire.booter.ForkedBooter.execute(ForkedBooter.java:126)
	at org.apache.maven.surefire.booter.ForkedBooter.main(ForkedBooter.java:418)
</failure>
    <system-out><![CDATA[2019-10-13 20:34:13,450 [main] WARN  server.ServerUtils (ServerUtils.java:getScmDbDir(145)) - ozone.scm.db.dirs is not configured. We recommend adding this setting. Falling back to ozone.metadata.dirs instead.
2019-10-13 20:34:13,808 [java.util.concurrent.ThreadPoolExecutor$Worker@dbb1acd[State = -1, empty queue]] WARN  server.GrpcLogAppender (GrpcLogAppender.java:timeoutAppendRequest(200)) - c6676a3b-9238-484a-870a-e78b36fd6b90@group-CCF72240D914->cab3cae7-f0a1-4851-a661-63d582d319d1-GrpcLogAppender: appendEntries Timeout, request=c6676a3b-9238-484a-870a-e78b36fd6b90->cab3cae7-f0a1-4851-a661-63d582d319d1#77-t6, previous=(t:6, i:2), leaderCommit=2, initializing? false, entries: <empty>
2019-10-13 20:34:13,921 [java.util.concurrent.ThreadPoolExecutor$Worker@29c7306b[State = -1, empty queue]] WARN  server.GrpcLogAppender (GrpcLogAppender.java:timeoutAppendRequest(200)) - a62c5862-2413-45e1-a25a-271607b15565@group-C88106EEEC90->cab3cae7-f0a1-4851-a661-63d582d319d1-GrpcLogAppender: appendEntries Timeout, request=a62c5862-2413-45e1-a25a-271607b15565->cab3cae7-f0a1-4851-a661-63d582d319d1#88-t5, previous=(t:5, i:0), leaderCommit=0, initializing? false, entries: <empty>
2019-10-13 20:34:14,308 [java.util.concurrent.ThreadPoolExecutor$Worker@dbb1acd[State = -1, empty queue]] WARN  server.GrpcLogAppender (GrpcLogAppender.java:timeoutAppendRequest(200)) - c6676a3b-9238-484a-870a-e78b36fd6b90@group-CCF72240D914->cab3cae7-f0a1-4851-a661-63d582d319d1-GrpcLogAppender: appendEntries Timeout, request=c6676a3b-9238-484a-870a-e78b36fd6b90->cab3cae7-f0a1-4851-a661-63d582d319d1#78-t6, previous=(t:6, i:2), leaderCommit=2, initializing? false, entries: <empty>
2019-10-13 20:34:14,402 [c6676a3b-9238-484a-870a-e78b36fd6b90@group-5D7F111F42E3-LeaderElection34] INFO  impl.LeaderElection (LeaderElection.java:askForVotes(178)) - c6676a3b-9238-484a-870a-e78b36fd6b90@group-5D7F111F42E3-LeaderElection34: begin an election at term 2 for 0: [cab3cae7-f0a1-4851-a661-63d582d319d1:192.168.157.224:38398, 787c3207-a753-429a-a612-e3ac99d17bc9:192.168.157.224:45659, c6676a3b-9238-484a-870a-e78b36fd6b90:192.168.157.224:37064], old=null
2019-10-13 20:34:14,403 [main] WARN  server.ServerUtils (ServerUtils.java:getScmDbDir(145)) - ozone.scm.db.dirs is not configured. We recommend adding this setting. Falling back to ozone.metadata.dirs instead.
2019-10-13 20:34:14,404 [main] WARN  server.ServerUtils (ServerUtils.java:getScmDbDir(145)) - ozone.scm.db.dirs is not configured. We recommend adding this setting. Falling back to ozone.metadata.dirs instead.
2019-10-13 20:34:14,406 [main] INFO  db.DBStoreBuilder (DBStoreBuilder.java:addTable(117)) - using custom profile for table: deletedBlocks
2019-10-13 20:34:14,406 [main] INFO  db.DBStoreBuilder (DBStoreBuilder.java:processTables(168)) - Using default column profile:DBProfile.DISK for Table:deletedBlocks
2019-10-13 20:34:14,406 [grpc-default-executor-3] WARN  server.GrpcServerProtocolService (LogUtils.java:warn(136)) - cab3cae7-f0a1-4851-a661-63d582d319d1: Failed requestVote c6676a3b-9238-484a-870a-e78b36fd6b90->cab3cae7-f0a1-4851-a661-63d582d319d1#0
org.apache.ratis.protocol.GroupMismatchException: cab3cae7-f0a1-4851-a661-63d582d319d1: group-5D7F111F42E3 not found.
	at org.apache.ratis.server.impl.RaftServerProxy$ImplMap.get(RaftServerProxy.java:122)
	at org.apache.ratis.server.impl.RaftServerProxy.getImplFuture(RaftServerProxy.java:269)
	at org.apache.ratis.server.impl.RaftServerProxy.getImpl(RaftServerProxy.java:278)
	at org.apache.ratis.server.impl.RaftServerProxy.getImpl(RaftServerProxy.java:273)
	at org.apache.ratis.server.impl.RaftServerProxy.requestVote(RaftServerProxy.java:443)
	at org.apache.ratis.grpc.server.GrpcServerProtocolService.requestVote(GrpcServerProtocolService.java:142)
	at org.apache.ratis.proto.grpc.RaftServerProtocolServiceGrpc$MethodHandlers.invoke(RaftServerProtocolServiceGrpc.java:319)
	at org.apache.ratis.thirdparty.io.grpc.stub.ServerCalls$UnaryServerCallHandler$UnaryServerCallListener.onHalfClose(ServerCalls.java:171)
	at org.apache.ratis.thirdparty.io.grpc.internal.ServerCallImpl$ServerStreamListenerImpl.halfClosed(ServerCallImpl.java:283)
	at org.apache.ratis.thirdparty.io.grpc.internal.ServerImpl$JumpToApplicationThreadServerStreamListener$1HalfClosed.runInContext(ServerImpl.java:710)
	at org.apache.ratis.thirdparty.io.grpc.internal.ContextRunnable.run(ContextRunnable.java:37)
	at org.apache.ratis.thirdparty.io.grpc.internal.SerializingExecutor.run(SerializingExecutor.java:123)
	at java.util.concurrent.ThreadPoolExecutor.runWorker(ThreadPoolExecutor.java:1149)
	at java.util.concurrent.ThreadPoolExecutor$Worker.run(ThreadPoolExecutor.java:624)
	at java.lang.Thread.run(Thread.java:748)
2019-10-13 20:34:14,407 [main] INFO  db.DBStoreBuilder (DBStoreBuilder.java:addTable(117)) - using custom profile for table: validCerts
2019-10-13 20:34:14,406 [grpc-default-executor-0] WARN  server.GrpcServerProtocolService (LogUtils.java:warn(136)) - 787c3207-a753-429a-a612-e3ac99d17bc9: Failed requestVote c6676a3b-9238-484a-870a-e78b36fd6b90->787c3207-a753-429a-a612-e3ac99d17bc9#0
org.apache.ratis.protocol.GroupMismatchException: 787c3207-a753-429a-a612-e3ac99d17bc9: group-5D7F111F42E3 not found.
	at org.apache.ratis.server.impl.RaftServerProxy$ImplMap.get(RaftServerProxy.java:122)
	at org.apache.ratis.server.impl.RaftServerProxy.getImplFuture(RaftServerProxy.java:269)
	at org.apache.ratis.server.impl.RaftServerProxy.getImpl(RaftServerProxy.java:278)
	at org.apache.ratis.server.impl.RaftServerProxy.getImpl(RaftServerProxy.java:273)
	at org.apache.ratis.server.impl.RaftServerProxy.requestVote(RaftServerProxy.java:443)
	at org.apache.ratis.grpc.server.GrpcServerProtocolService.requestVote(GrpcServerProtocolService.java:142)
	at org.apache.ratis.proto.grpc.RaftServerProtocolServiceGrpc$MethodHandlers.invoke(RaftServerProtocolServiceGrpc.java:319)
	at org.apache.ratis.thirdparty.io.grpc.stub.ServerCalls$UnaryServerCallHandler$UnaryServerCallListener.onHalfClose(ServerCalls.java:171)
	at org.apache.ratis.thirdparty.io.grpc.internal.ServerCallImpl$ServerStreamListenerImpl.halfClosed(ServerCallImpl.java:283)
	at org.apache.ratis.thirdparty.io.grpc.internal.ServerImpl$JumpToApplicationThreadServerStreamListener$1HalfClosed.runInContext(ServerImpl.java:710)
	at org.apache.ratis.thirdparty.io.grpc.internal.ContextRunnable.run(ContextRunnable.java:37)
	at org.apache.ratis.thirdparty.io.grpc.internal.SerializingExecutor.run(SerializingExecutor.java:123)
	at java.util.concurrent.ThreadPoolExecutor.runWorker(ThreadPoolExecutor.java:1149)
	at java.util.concurrent.ThreadPoolExecutor$Worker.run(ThreadPoolExecutor.java:624)
	at java.lang.Thread.run(Thread.java:748)
2019-10-13 20:34:14,407 [main] INFO  db.DBStoreBuilder (DBStoreBuilder.java:processTables(168)) - Using default column profile:DBProfile.DISK for Table:validCerts
2019-10-13 20:34:14,408 [main] INFO  db.DBStoreBuilder (DBStoreBuilder.java:addTable(117)) - using custom profile for table: revokedCerts
2019-10-13 20:34:14,409 [main] INFO  db.DBStoreBuilder (DBStoreBuilder.java:processTables(168)) - Using default column profile:DBProfile.DISK for Table:revokedCerts
2019-10-13 20:34:14,410 [main] INFO  db.DBStoreBuilder (DBStoreBuilder.java:addTable(117)) - using custom profile for table: default
2019-10-13 20:34:14,410 [main] INFO  db.DBStoreBuilder (DBStoreBuilder.java:processTables(174)) - Using default column profile:DBProfile.DISK for Table:default
2019-10-13 20:34:14,410 [main] INFO  db.DBStoreBuilder (DBStoreBuilder.java:getDbProfile(205)) - Using default options. DBProfile.DISK
2019-10-13 20:34:14,415 [c6676a3b-9238-484a-870a-e78b36fd6b90@group-5D7F111F42E3-LeaderElection34] INFO  impl.LeaderElection (LogUtils.java:infoOrTrace(149)) - c6676a3b-9238-484a-870a-e78b36fd6b90@group-5D7F111F42E3-LeaderElection34 got exception when requesting votes: {}
java.util.concurrent.ExecutionException: org.apache.ratis.thirdparty.io.grpc.StatusRuntimeException: INTERNAL: cab3cae7-f0a1-4851-a661-63d582d319d1: group-5D7F111F42E3 not found.
	at java.util.concurrent.FutureTask.report(FutureTask.java:122)
	at java.util.concurrent.FutureTask.get(FutureTask.java:192)
	at org.apache.ratis.server.impl.LeaderElection.waitForResults(LeaderElection.java:259)
	at org.apache.ratis.server.impl.LeaderElection.askForVotes(LeaderElection.java:197)
	at org.apache.ratis.server.impl.LeaderElection.run(LeaderElection.java:133)
	at java.lang.Thread.run(Thread.java:748)
Caused by: org.apache.ratis.thirdparty.io.grpc.StatusRuntimeException: INTERNAL: cab3cae7-f0a1-4851-a661-63d582d319d1: group-5D7F111F42E3 not found.
	at org.apache.ratis.thirdparty.io.grpc.stub.ClientCalls.toStatusRuntimeException(ClientCalls.java:233)
	at org.apache.ratis.thirdparty.io.grpc.stub.ClientCalls.getUnchecked(ClientCalls.java:214)
	at org.apache.ratis.thirdparty.io.grpc.stub.ClientCalls.blockingUnaryCall(ClientCalls.java:139)
	at org.apache.ratis.proto.grpc.RaftServerProtocolServiceGrpc$RaftServerProtocolServiceBlockingStub.requestVote(RaftServerProtocolServiceGrpc.java:265)
	at org.apache.ratis.grpc.server.GrpcServerProtocolClient.requestVote(GrpcServerProtocolClient.java:99)
	at org.apache.ratis.grpc.server.GrpcService.requestVote(GrpcService.java:204)
	at org.apache.ratis.server.impl.LeaderElection.lambda$submitRequests$1(LeaderElection.java:234)
	at java.util.concurrent.FutureTask.run(FutureTask.java:266)
	at java.util.concurrent.Executors$RunnableAdapter.call(Executors.java:511)
	at java.util.concurrent.FutureTask.run(FutureTask.java:266)
	at java.util.concurrent.ThreadPoolExecutor.runWorker(ThreadPoolExecutor.java:1149)
	at java.util.concurrent.ThreadPoolExecutor$Worker.run(ThreadPoolExecutor.java:624)
	... 1 more
2019-10-13 20:34:14,420 [c6676a3b-9238-484a-870a-e78b36fd6b90@group-5D7F111F42E3-LeaderElection34] INFO  impl.LeaderElection (LogUtils.java:infoOrTrace(149)) - c6676a3b-9238-484a-870a-e78b36fd6b90@group-5D7F111F42E3-LeaderElection34 got exception when requesting votes: {}
java.util.concurrent.ExecutionException: org.apache.ratis.thirdparty.io.grpc.StatusRuntimeException: INTERNAL: 787c3207-a753-429a-a612-e3ac99d17bc9: group-5D7F111F42E3 not found.
	at java.util.concurrent.FutureTask.report(FutureTask.java:122)
	at java.util.concurrent.FutureTask.get(FutureTask.java:192)
	at org.apache.ratis.server.impl.LeaderElection.waitForResults(LeaderElection.java:259)
	at org.apache.ratis.server.impl.LeaderElection.askForVotes(LeaderElection.java:197)
	at org.apache.ratis.server.impl.LeaderElection.run(LeaderElection.java:133)
	at java.lang.Thread.run(Thread.java:748)
Caused by: org.apache.ratis.thirdparty.io.grpc.StatusRuntimeException: INTERNAL: 787c3207-a753-429a-a612-e3ac99d17bc9: group-5D7F111F42E3 not found.
	at org.apache.ratis.thirdparty.io.grpc.stub.ClientCalls.toStatusRuntimeException(ClientCalls.java:233)
	at org.apache.ratis.thirdparty.io.grpc.stub.ClientCalls.getUnchecked(ClientCalls.java:214)
	at org.apache.ratis.thirdparty.io.grpc.stub.ClientCalls.blockingUnaryCall(ClientCalls.java:139)
	at org.apache.ratis.proto.grpc.RaftServerProtocolServiceGrpc$RaftServerProtocolServiceBlockingStub.requestVote(RaftServerProtocolServiceGrpc.java:265)
	at org.apache.ratis.grpc.server.GrpcServerProtocolClient.requestVote(GrpcServerProtocolClient.java:99)
	at org.apache.ratis.grpc.server.GrpcService.requestVote(GrpcService.java:204)
	at org.apache.ratis.server.impl.LeaderElection.lambda$submitRequests$1(LeaderElection.java:234)
	at java.util.concurrent.FutureTask.run(FutureTask.java:266)
	at java.util.concurrent.Executors$RunnableAdapter.call(Executors.java:511)
	at java.util.concurrent.FutureTask.run(FutureTask.java:266)
	at java.util.concurrent.ThreadPoolExecutor.runWorker(ThreadPoolExecutor.java:1149)
	at java.util.concurrent.ThreadPoolExecutor$Worker.run(ThreadPoolExecutor.java:624)
	... 1 more
2019-10-13 20:34:14,422 [java.util.concurrent.ThreadPoolExecutor$Worker@29c7306b[State = -1, empty queue]] WARN  server.GrpcLogAppender (GrpcLogAppender.java:timeoutAppendRequest(200)) - a62c5862-2413-45e1-a25a-271607b15565@group-C88106EEEC90->cab3cae7-f0a1-4851-a661-63d582d319d1-GrpcLogAppender: appendEntries Timeout, request=a62c5862-2413-45e1-a25a-271607b15565->cab3cae7-f0a1-4851-a661-63d582d319d1#89-t5, previous=(t:5, i:0), leaderCommit=0, initializing? false, entries: <empty>
2019-10-13 20:34:14,422 [c6676a3b-9238-484a-870a-e78b36fd6b90@group-5D7F111F42E3-LeaderElection34] INFO  impl.LeaderElection (LeaderElection.java:logAndReturn(56)) - c6676a3b-9238-484a-870a-e78b36fd6b90@group-5D7F111F42E3-LeaderElection34: Election REJECTED; received 0 response(s) [] and 2 exception(s); c6676a3b-9238-484a-870a-e78b36fd6b90@group-5D7F111F42E3:t2, leader=null, voted=c6676a3b-9238-484a-870a-e78b36fd6b90, raftlog=c6676a3b-9238-484a-870a-e78b36fd6b90@group-5D7F111F42E3-SegmentedRaftLog:OPENED:c0,f0,i0, conf=0: [cab3cae7-f0a1-4851-a661-63d582d319d1:192.168.157.224:38398, 787c3207-a753-429a-a612-e3ac99d17bc9:192.168.157.224:45659, c6676a3b-9238-484a-870a-e78b36fd6b90:192.168.157.224:37064], old=null
2019-10-13 20:34:14,422 [c6676a3b-9238-484a-870a-e78b36fd6b90@group-5D7F111F42E3-LeaderElection34] INFO  impl.LeaderElection (LogUtils.java:infoOrTrace(149)) -   Exception 0: {}
java.util.concurrent.ExecutionException: org.apache.ratis.thirdparty.io.grpc.StatusRuntimeException: INTERNAL: cab3cae7-f0a1-4851-a661-63d582d319d1: group-5D7F111F42E3 not found.
	at java.util.concurrent.FutureTask.report(FutureTask.java:122)
	at java.util.concurrent.FutureTask.get(FutureTask.java:192)
	at org.apache.ratis.server.impl.LeaderElection.waitForResults(LeaderElection.java:259)
	at org.apache.ratis.server.impl.LeaderElection.askForVotes(LeaderElection.java:197)
	at org.apache.ratis.server.impl.LeaderElection.run(LeaderElection.java:133)
	at java.lang.Thread.run(Thread.java:748)
Caused by: org.apache.ratis.thirdparty.io.grpc.StatusRuntimeException: INTERNAL: cab3cae7-f0a1-4851-a661-63d582d319d1: group-5D7F111F42E3 not found.
	at org.apache.ratis.thirdparty.io.grpc.stub.ClientCalls.toStatusRuntimeException(ClientCalls.java:233)
	at org.apache.ratis.thirdparty.io.grpc.stub.ClientCalls.getUnchecked(ClientCalls.java:214)
	at org.apache.ratis.thirdparty.io.grpc.stub.ClientCalls.blockingUnaryCall(ClientCalls.java:139)
	at org.apache.ratis.proto.grpc.RaftServerProtocolServiceGrpc$RaftServerProtocolServiceBlockingStub.requestVote(RaftServerProtocolServiceGrpc.java:265)
	at org.apache.ratis.grpc.server.GrpcServerProtocolClient.requestVote(GrpcServerProtocolClient.java:99)
	at org.apache.ratis.grpc.server.GrpcService.requestVote(GrpcService.java:204)
	at org.apache.ratis.server.impl.LeaderElection.lambda$submitRequests$1(LeaderElection.java:234)
	at java.util.concurrent.FutureTask.run(FutureTask.java:266)
	at java.util.concurrent.Executors$RunnableAdapter.call(Executors.java:511)
	at java.util.concurrent.FutureTask.run(FutureTask.java:266)
	at java.util.concurrent.ThreadPoolExecutor.runWorker(ThreadPoolExecutor.java:1149)
	at java.util.concurrent.ThreadPoolExecutor$Worker.run(ThreadPoolExecutor.java:624)
	... 1 more
2019-10-13 20:34:14,422 [c6676a3b-9238-484a-870a-e78b36fd6b90@group-5D7F111F42E3-LeaderElection34] INFO  impl.LeaderElection (LogUtils.java:infoOrTrace(149)) -   Exception 1: {}
java.util.concurrent.ExecutionException: org.apache.ratis.thirdparty.io.grpc.StatusRuntimeException: INTERNAL: 787c3207-a753-429a-a612-e3ac99d17bc9: group-5D7F111F42E3 not found.
	at java.util.concurrent.FutureTask.report(FutureTask.java:122)
	at java.util.concurrent.FutureTask.get(FutureTask.java:192)
	at org.apache.ratis.server.impl.LeaderElection.waitForResults(LeaderElection.java:259)
	at org.apache.ratis.server.impl.LeaderElection.askForVotes(LeaderElection.java:197)
	at org.apache.ratis.server.impl.LeaderElection.run(LeaderElection.java:133)
	at java.lang.Thread.run(Thread.java:748)
Caused by: org.apache.ratis.thirdparty.io.grpc.StatusRuntimeException: INTERNAL: 787c3207-a753-429a-a612-e3ac99d17bc9: group-5D7F111F42E3 not found.
	at org.apache.ratis.thirdparty.io.grpc.stub.ClientCalls.toStatusRuntimeException(ClientCalls.java:233)
	at org.apache.ratis.thirdparty.io.grpc.stub.ClientCalls.getUnchecked(ClientCalls.java:214)
	at org.apache.ratis.thirdparty.io.grpc.stub.ClientCalls.blockingUnaryCall(ClientCalls.java:139)
	at org.apache.ratis.proto.grpc.RaftServerProtocolServiceGrpc$RaftServerProtocolServiceBlockingStub.requestVote(RaftServerProtocolServiceGrpc.java:265)
	at org.apache.ratis.grpc.server.GrpcServerProtocolClient.requestVote(GrpcServerProtocolClient.java:99)
	at org.apache.ratis.grpc.server.GrpcService.requestVote(GrpcService.java:204)
	at org.apache.ratis.server.impl.LeaderElection.lambda$submitRequests$1(LeaderElection.java:234)
	at java.util.concurrent.FutureTask.run(FutureTask.java:266)
	at java.util.concurrent.Executors$RunnableAdapter.call(Executors.java:511)
	at java.util.concurrent.FutureTask.run(FutureTask.java:266)
	at java.util.concurrent.ThreadPoolExecutor.runWorker(ThreadPoolExecutor.java:1149)
	at java.util.concurrent.ThreadPoolExecutor$Worker.run(ThreadPoolExecutor.java:624)
	... 1 more
2019-10-13 20:34:14,423 [c6676a3b-9238-484a-870a-e78b36fd6b90@group-5D7F111F42E3-LeaderElection34] INFO  impl.RaftServerImpl (RaftServerImpl.java:setRole(170)) - c6676a3b-9238-484a-870a-e78b36fd6b90@group-5D7F111F42E3: changes role from CANDIDATE to FOLLOWER at term 2 for DISCOVERED_A_NEW_TERM
2019-10-13 20:34:14,423 [c6676a3b-9238-484a-870a-e78b36fd6b90@group-5D7F111F42E3-LeaderElection34] INFO  impl.RoleInfo (RoleInfo.java:shutdownLeaderElection(134)) - c6676a3b-9238-484a-870a-e78b36fd6b90: shutdown LeaderElection
2019-10-13 20:34:14,423 [c6676a3b-9238-484a-870a-e78b36fd6b90@group-5D7F111F42E3-LeaderElection34] INFO  impl.RoleInfo (RoleInfo.java:updateAndGet(143)) - c6676a3b-9238-484a-870a-e78b36fd6b90: start FollowerState
2019-10-13 20:34:14,579 [main] INFO  net.NodeSchemaLoader (NodeSchemaLoader.java:loadSchemaFromFile(125)) - Loading file from sun.misc.CompoundEnumeration@2d119405
2019-10-13 20:34:14,581 [main] INFO  net.NodeSchemaLoader (NodeSchemaLoader.java:loadSchema(171)) - Loading network topology layer schema file
2019-10-13 20:34:14,586 [main] WARN  server.ServerUtils (ServerUtils.java:sanitizeUserArgs(70)) - ozone.scm.stale.node.interval value = 300000 is larger than max = 100000 based on the key value of ozone.scm.heartbeat.thread.interval, reset to the max value 100000.
2019-10-13 20:34:14,587 [main] WARN  server.ServerUtils (ServerUtils.java:sanitizeUserArgs(70)) - ozone.scm.stale.node.interval value = 300000 is larger than max = 100000 based on the key value of ozone.scm.heartbeat.thread.interval, reset to the max value 100000.
2019-10-13 20:34:14,587 [main] INFO  node.SCMNodeManager (SCMNodeManager.java:<init>(116)) - Entering startup safe mode.
2019-10-13 20:34:14,588 [main] INFO  algorithms.ContainerPlacementPolicyFactory (ContainerPlacementPolicyFactory.java:getPolicy(57)) - Create container placement policy of type org.apache.hadoop.hdds.scm.container.placement.algorithms.SCMContainerPlacementRandom
2019-10-13 20:34:14,588 [main] WARN  server.ServerUtils (ServerUtils.java:getScmDbDir(145)) - ozone.scm.db.dirs is not configured. We recommend adding this setting. Falling back to ozone.metadata.dirs instead.
2019-10-13 20:34:14,686 [main] INFO  pipeline.SCMPipelineManager (SCMPipelineManager.java:initializePipelineState(132)) - No pipeline exists in current db
2019-10-13 20:34:14,686 [main] WARN  server.ServerUtils (ServerUtils.java:getScmDbDir(145)) - ozone.scm.db.dirs is not configured. We recommend adding this setting. Falling back to ozone.metadata.dirs instead.
2019-10-13 20:34:14,784 [main] WARN  events.EventQueue (EventQueue.java:fireEvent(183)) - No event handler registered for event TypedEvent{payloadType=SafeModeStatus, name='SafeModeStatus'}
2019-10-13 20:34:14,785 [main] INFO  ipc.CallQueueManager (CallQueueManager.java:<init>(84)) - Using callQueue: class java.util.concurrent.LinkedBlockingQueue, queueCapacity: 2000, scheduler: class org.apache.hadoop.ipc.DefaultRpcScheduler, ipcBackoff: false.
2019-10-13 20:34:14,786 [Socket Reader #1 for port 41423] INFO  ipc.Server (Server.java:run(1074)) - Starting Socket Reader #1 for port 41423
2019-10-13 20:34:14,789 [main] INFO  ipc.CallQueueManager (CallQueueManager.java:<init>(84)) - Using callQueue: class java.util.concurrent.LinkedBlockingQueue, queueCapacity: 2000, scheduler: class org.apache.hadoop.ipc.DefaultRpcScheduler, ipcBackoff: false.
2019-10-13 20:34:14,789 [Socket Reader #1 for port 35269] INFO  ipc.Server (Server.java:run(1074)) - Starting Socket Reader #1 for port 35269
2019-10-13 20:34:14,791 [main] INFO  ipc.CallQueueManager (CallQueueManager.java:<init>(84)) - Using callQueue: class java.util.concurrent.LinkedBlockingQueue, queueCapacity: 2000, scheduler: class org.apache.hadoop.ipc.DefaultRpcScheduler, ipcBackoff: false.
2019-10-13 20:34:14,792 [Socket Reader #1 for port 42629] INFO  ipc.Server (Server.java:run(1074)) - Starting Socket Reader #1 for port 42629
2019-10-13 20:34:14,794 [main] INFO  hdfs.DFSUtil (DFSUtil.java:httpServerTemplateForNNAndJN(1641)) - Starting Web-server for scm at: http://0.0.0.0:0
2019-10-13 20:34:14,797 [main] INFO  server.AuthenticationFilter (AuthenticationFilter.java:constructSecretProvider(240)) - Unable to initialize FileSignerSecretProvider, falling back to use random secrets.
2019-10-13 20:34:14,798 [main] WARN  http.HttpRequestLog (HttpRequestLog.java:getRequestLog(97)) - Jetty request log can only be enabled using Log4j
2019-10-13 20:34:14,801 [main] INFO  http.HttpServer2 (HttpServer2.java:addGlobalFilter(975)) - Added global filter 'safety' (class=org.apache.hadoop.http.HttpServer2$QuotingInputFilter)
2019-10-13 20:34:14,802 [main] INFO  http.HttpServer2 (HttpServer2.java:addFilter(948)) - Added filter static_user_filter (class=org.apache.hadoop.http.lib.StaticUserWebFilter$StaticUserFilter) to context scm
2019-10-13 20:34:14,802 [main] INFO  http.HttpServer2 (HttpServer2.java:addFilter(958)) - Added filter static_user_filter (class=org.apache.hadoop.http.lib.StaticUserWebFilter$StaticUserFilter) to context logs
2019-10-13 20:34:14,803 [main] INFO  http.HttpServer2 (HttpServer2.java:addFilter(958)) - Added filter static_user_filter (class=org.apache.hadoop.http.lib.StaticUserWebFilter$StaticUserFilter) to context static
2019-10-13 20:34:14,806 [main] INFO  server.StorageContainerManager (StorageContainerManager.java:start(772)) - StorageContainerLocationProtocol RPC server is listening at /0.0.0.0:42629
2019-10-13 20:34:14,808 [java.util.concurrent.ThreadPoolExecutor$Worker@dbb1acd[State = -1, empty queue]] WARN  server.GrpcLogAppender (GrpcLogAppender.java:timeoutAppendRequest(200)) - c6676a3b-9238-484a-870a-e78b36fd6b90@group-CCF72240D914->cab3cae7-f0a1-4851-a661-63d582d319d1-GrpcLogAppender: appendEntries Timeout, request=c6676a3b-9238-484a-870a-e78b36fd6b90->cab3cae7-f0a1-4851-a661-63d582d319d1#79-t6, previous=(t:6, i:2), leaderCommit=2, initializing? false, entries: <empty>
2019-10-13 20:34:14,809 [main] WARN  impl.MetricsConfig (MetricsConfig.java:loadFirst(134)) - Cannot locate configuration: tried hadoop-metrics2-storagecontainermanager.properties,hadoop-metrics2.properties
2019-10-13 20:34:14,810 [main] INFO  impl.MetricsSystemImpl (MetricsSystemImpl.java:startTimer(374)) - Scheduled Metric snapshot period at 10 second(s).
2019-10-13 20:34:14,810 [main] INFO  impl.MetricsSystemImpl (MetricsSystemImpl.java:start(191)) - StorageContainerManager metrics system started
2019-10-13 20:34:14,853 [main] WARN  impl.MetricsSystemImpl (MetricsSystemImpl.java:register(276)) - Sink prometheus already exists!
2019-10-13 20:34:14,932 [java.util.concurrent.ThreadPoolExecutor$Worker@29c7306b[State = -1, empty queue]] WARN  server.GrpcLogAppender (GrpcLogAppender.java:timeoutAppendRequest(200)) - a62c5862-2413-45e1-a25a-271607b15565@group-C88106EEEC90->cab3cae7-f0a1-4851-a661-63d582d319d1-GrpcLogAppender: appendEntries Timeout, request=a62c5862-2413-45e1-a25a-271607b15565->cab3cae7-f0a1-4851-a661-63d582d319d1#90-t5, previous=(t:5, i:0), leaderCommit=0, initializing? false, entries: <empty>
2019-10-13 20:34:14,951 [java.util.concurrent.ThreadPoolExecutor$Worker@4c9c17fc[State = -1, empty queue]] WARN  server.GrpcLogAppender (GrpcLogAppender.java:timeoutAppendRequest(200)) - c6676a3b-9238-484a-870a-e78b36fd6b90@group-CCF72240D914->787c3207-a753-429a-a612-e3ac99d17bc9-GrpcLogAppender: appendEntries Timeout, request=c6676a3b-9238-484a-870a-e78b36fd6b90->787c3207-a753-429a-a612-e3ac99d17bc9#78-t6, previous=(t:6, i:2), leaderCommit=2, initializing? false, entries: <empty>
2019-10-13 20:34:15,086 [java.util.concurrent.ThreadPoolExecutor$Worker@2baf159d[State = -1, empty queue]] WARN  server.GrpcLogAppender (GrpcLogAppender.java:timeoutAppendRequest(200)) - a62c5862-2413-45e1-a25a-271607b15565@group-C88106EEEC90->787c3207-a753-429a-a612-e3ac99d17bc9-GrpcLogAppender: appendEntries Timeout, request=a62c5862-2413-45e1-a25a-271607b15565->787c3207-a753-429a-a612-e3ac99d17bc9#90-t5, previous=(t:5, i:0), leaderCommit=0, initializing? false, entries: <empty>
2019-10-13 20:34:15,092 [main] INFO  server.SCMClientProtocolServer (SCMClientProtocolServer.java:start(159)) - RPC server for Client  is listening at /0.0.0.0:42629
2019-10-13 20:34:15,092 [IPC Server listener on 42629] INFO  ipc.Server (Server.java:run(1153)) - IPC Server listener on 42629: starting
2019-10-13 20:34:15,092 [IPC Server Responder] INFO  ipc.Server (Server.java:run(1314)) - IPC Server Responder: starting
2019-10-13 20:34:15,098 [main] INFO  server.StorageContainerManager (StorageContainerManager.java:start(782)) - ScmBlockLocationProtocol RPC server is listening at /0.0.0.0:35269
2019-10-13 20:34:15,098 [main] INFO  server.SCMBlockProtocolServer (SCMBlockProtocolServer.java:start(146)) - RPC server for Block Protocol is listening at /0.0.0.0:35269
2019-10-13 20:34:15,099 [IPC Server Responder] INFO  ipc.Server (Server.java:run(1314)) - IPC Server Responder: starting
2019-10-13 20:34:15,099 [IPC Server listener on 35269] INFO  ipc.Server (Server.java:run(1153)) - IPC Server listener on 35269: starting
2019-10-13 20:34:15,106 [main] INFO  server.StorageContainerManager (StorageContainerManager.java:start(786)) - ScmDatanodeProtocl RPC server is listening at /0.0.0.0:41423
2019-10-13 20:34:15,106 [main] INFO  server.SCMDatanodeProtocolServer (SCMDatanodeProtocolServer.java:start(169)) - RPC server for DataNodes is listening at /0.0.0.0:41423
2019-10-13 20:34:15,106 [IPC Server Responder] INFO  ipc.Server (Server.java:run(1314)) - IPC Server Responder: starting
2019-10-13 20:34:15,106 [IPC Server listener on 41423] INFO  ipc.Server (Server.java:run(1153)) - IPC Server listener on 41423: starting
2019-10-13 20:34:15,114 [main] INFO  http.HttpServer2 (HttpServer2.java:bindListener(1191)) - Jetty bound to port 46759
2019-10-13 20:34:15,114 [main] INFO  server.Server (Server.java:doStart(351)) - jetty-9.3.25.v20180904, build timestamp: 2018-09-04T21:11:46Z, git hash: 3ce520221d0240229c862b122d2b06c12a625732
2019-10-13 20:34:15,115 [main] INFO  handler.ContextHandler (ContextHandler.java:doStart(781)) - Started o.e.j.s.ServletContextHandler@40113163{/logs,file:///workdir/hadoop-ozone/integration-test/target/log,AVAILABLE}
2019-10-13 20:34:15,116 [main] INFO  handler.ContextHandler (ContextHandler.java:doStart(781)) - Started o.e.j.s.ServletContextHandler@39c85c1a{/static,file:///workdir/hadoop-ozone/integration-test/target/test-classes/webapps/static,AVAILABLE}
2019-10-13 20:34:15,120 [main] INFO  handler.ContextHandler (ContextHandler.java:doStart(781)) - Started o.e.j.w.WebAppContext@d499c13{/,file:///workdir/hadoop-ozone/integration-test/target/test-classes/webapps/scm/,AVAILABLE}{/scm}
2019-10-13 20:34:15,120 [main] INFO  server.AbstractConnector (AbstractConnector.java:doStart(278)) - Started ServerConnector@2ceca2ef{HTTP/1.1,[http/1.1]}{0.0.0.0:46759}
2019-10-13 20:34:15,122 [main] INFO  server.Server (Server.java:doStart(419)) - Started @95832ms
2019-10-13 20:34:15,122 [main] WARN  impl.MetricsSystemImpl (MetricsSystemImpl.java:register(276)) - Sink prometheus already exists!
2019-10-13 20:34:15,123 [main] INFO  server.BaseHttpServer (BaseHttpServer.java:updateConnectorAddress(215)) - HTTP server of SCM is listening at http://0.0.0.0:46759
2019-10-13 20:34:15,124 [main] WARN  server.ServerUtils (ServerUtils.java:getDBPath(222)) - ozone.om.db.dirs is not configured. We recommend adding this setting. Falling back to ozone.metadata.dirs instead.
2019-10-13 20:34:15,126 [org.apache.hadoop.util.JvmPauseMonitor$Monitor@3b42121d] INFO  util.JvmPauseMonitor (JvmPauseMonitor.java:run(188)) - Starting JVM pause monitor
2019-10-13 20:34:15,147 [main] INFO  ha.OMHANodeDetails (OMHANodeDetails.java:loadOMHAConfig(190)) - Configuration either no ozone.om.address set. Falling back to the default OM address /127.0.0.1:0
2019-10-13 20:34:15,148 [main] INFO  ha.OMHANodeDetails (OMHANodeDetails.java:getOMNodeDetails(220)) - OM Service ID is not set. Setting it to the default ID: omServiceIdDefault
2019-10-13 20:34:15,148 [main] WARN  server.ServerUtils (ServerUtils.java:getDBPath(222)) - ozone.om.db.dirs is not configured. We recommend adding this setting. Falling back to ozone.metadata.dirs instead.
2019-10-13 20:34:15,149 [main] WARN  server.ServerUtils (ServerUtils.java:getDBPath(222)) - ozone.om.db.dirs is not configured. We recommend adding this setting. Falling back to ozone.metadata.dirs instead.
2019-10-13 20:34:15,159 [main] WARN  server.ServerUtils (ServerUtils.java:getDBPath(222)) - ozone.om.db.dirs is not configured. We recommend adding this setting. Falling back to ozone.metadata.dirs instead.
2019-10-13 20:34:15,159 [main] INFO  db.DBStoreBuilder (DBStoreBuilder.java:addTable(117)) - using custom profile for table: userTable
2019-10-13 20:34:15,159 [main] INFO  db.DBStoreBuilder (DBStoreBuilder.java:processTables(168)) - Using default column profile:DBProfile.DISK for Table:userTable
2019-10-13 20:34:15,160 [main] INFO  db.DBStoreBuilder (DBStoreBuilder.java:addTable(117)) - using custom profile for table: volumeTable
2019-10-13 20:34:15,160 [main] INFO  db.DBStoreBuilder (DBStoreBuilder.java:processTables(168)) - Using default column profile:DBProfile.DISK for Table:volumeTable
2019-10-13 20:34:15,160 [main] INFO  db.DBStoreBuilder (DBStoreBuilder.java:addTable(117)) - using custom profile for table: bucketTable
2019-10-13 20:34:15,161 [main] INFO  db.DBStoreBuilder (DBStoreBuilder.java:processTables(168)) - Using default column profile:DBProfile.DISK for Table:bucketTable
2019-10-13 20:34:15,161 [main] INFO  db.DBStoreBuilder (DBStoreBuilder.java:addTable(117)) - using custom profile for table: keyTable
2019-10-13 20:34:15,161 [main] INFO  db.DBStoreBuilder (DBStoreBuilder.java:processTables(168)) - Using default column profile:DBProfile.DISK for Table:keyTable
2019-10-13 20:34:15,161 [main] INFO  db.DBStoreBuilder (DBStoreBuilder.java:addTable(117)) - using custom profile for table: deletedTable
2019-10-13 20:34:15,162 [main] INFO  db.DBStoreBuilder (DBStoreBuilder.java:processTables(168)) - Using default column profile:DBProfile.DISK for Table:deletedTable
2019-10-13 20:34:15,162 [main] INFO  db.DBStoreBuilder (DBStoreBuilder.java:addTable(117)) - using custom profile for table: openKeyTable
2019-10-13 20:34:15,162 [main] INFO  db.DBStoreBuilder (DBStoreBuilder.java:processTables(168)) - Using default column profile:DBProfile.DISK for Table:openKeyTable
2019-10-13 20:34:15,162 [main] INFO  db.DBStoreBuilder (DBStoreBuilder.java:addTable(117)) - using custom profile for table: s3Table
2019-10-13 20:34:15,163 [main] INFO  db.DBStoreBuilder (DBStoreBuilder.java:processTables(168)) - Using default column profile:DBProfile.DISK for Table:s3Table
2019-10-13 20:34:15,163 [main] INFO  db.DBStoreBuilder (DBStoreBuilder.java:addTable(117)) - using custom profile for table: multipartInfoTable
2019-10-13 20:34:15,163 [main] INFO  db.DBStoreBuilder (DBStoreBuilder.java:processTables(168)) - Using default column profile:DBProfile.DISK for Table:multipartInfoTable
2019-10-13 20:34:15,164 [main] INFO  db.DBStoreBuilder (DBStoreBuilder.java:addTable(117)) - using custom profile for table: dTokenTable
2019-10-13 20:34:15,164 [main] INFO  db.DBStoreBuilder (DBStoreBuilder.java:processTables(168)) - Using default column profile:DBProfile.DISK for Table:dTokenTable
2019-10-13 20:34:15,164 [main] INFO  db.DBStoreBuilder (DBStoreBuilder.java:addTable(117)) - using custom profile for table: s3SecretTable
2019-10-13 20:34:15,164 [main] INFO  db.DBStoreBuilder (DBStoreBuilder.java:processTables(168)) - Using default column profile:DBProfile.DISK for Table:s3SecretTable
2019-10-13 20:34:15,165 [main] INFO  db.DBStoreBuilder (DBStoreBuilder.java:addTable(117)) - using custom profile for table: prefixTable
2019-10-13 20:34:15,165 [main] INFO  db.DBStoreBuilder (DBStoreBuilder.java:processTables(168)) - Using default column profile:DBProfile.DISK for Table:prefixTable
2019-10-13 20:34:15,165 [main] INFO  db.DBStoreBuilder (DBStoreBuilder.java:addTable(117)) - using custom profile for table: default
2019-10-13 20:34:15,165 [main] INFO  db.DBStoreBuilder (DBStoreBuilder.java:processTables(174)) - Using default column profile:DBProfile.DISK for Table:default
2019-10-13 20:34:15,166 [main] INFO  db.DBStoreBuilder (DBStoreBuilder.java:getDbProfile(205)) - Using default options. DBProfile.DISK
2019-10-13 20:34:15,309 [java.util.concurrent.ThreadPoolExecutor$Worker@dbb1acd[State = -1, empty queue]] WARN  server.GrpcLogAppender (GrpcLogAppender.java:timeoutAppendRequest(200)) - c6676a3b-9238-484a-870a-e78b36fd6b90@group-CCF72240D914->cab3cae7-f0a1-4851-a661-63d582d319d1-GrpcLogAppender: appendEntries Timeout, request=c6676a3b-9238-484a-870a-e78b36fd6b90->cab3cae7-f0a1-4851-a661-63d582d319d1#80-t6, previous=(t:6, i:2), leaderCommit=2, initializing? false, entries: <empty>
2019-10-13 20:34:15,432 [java.util.concurrent.ThreadPoolExecutor$Worker@29c7306b[State = -1, empty queue]] WARN  server.GrpcLogAppender (GrpcLogAppender.java:timeoutAppendRequest(200)) - a62c5862-2413-45e1-a25a-271607b15565@group-C88106EEEC90->cab3cae7-f0a1-4851-a661-63d582d319d1-GrpcLogAppender: appendEntries Timeout, request=a62c5862-2413-45e1-a25a-271607b15565->cab3cae7-f0a1-4851-a661-63d582d319d1#91-t5, previous=(t:5, i:0), leaderCommit=0, initializing? false, entries: <empty>
2019-10-13 20:34:15,451 [java.util.concurrent.ThreadPoolExecutor$Worker@4c9c17fc[State = -1, empty queue]] WARN  server.GrpcLogAppender (GrpcLogAppender.java:timeoutAppendRequest(200)) - c6676a3b-9238-484a-870a-e78b36fd6b90@group-CCF72240D914->787c3207-a753-429a-a612-e3ac99d17bc9-GrpcLogAppender: appendEntries Timeout, request=c6676a3b-9238-484a-870a-e78b36fd6b90->787c3207-a753-429a-a612-e3ac99d17bc9#79-t6, previous=(t:6, i:2), leaderCommit=2, initializing? false, entries: <empty>
2019-10-13 20:34:15,583 [Thread-1297] INFO  impl.FollowerState (FollowerState.java:run(108)) - c6676a3b-9238-484a-870a-e78b36fd6b90@group-5D7F111F42E3-FollowerState: change to CANDIDATE, lastRpcTime:1159ms, electionTimeout:1159ms
2019-10-13 20:34:15,583 [Thread-1297] INFO  impl.RoleInfo (RoleInfo.java:shutdownFollowerState(121)) - c6676a3b-9238-484a-870a-e78b36fd6b90: shutdown FollowerState
2019-10-13 20:34:15,583 [Thread-1297] INFO  impl.RaftServerImpl (RaftServerImpl.java:setRole(170)) - c6676a3b-9238-484a-870a-e78b36fd6b90@group-5D7F111F42E3: changes role from  FOLLOWER to CANDIDATE at term 2 for changeToCandidate
2019-10-13 20:34:15,583 [Thread-1297] INFO  impl.RoleInfo (RoleInfo.java:updateAndGet(143)) - c6676a3b-9238-484a-870a-e78b36fd6b90: start LeaderElection
2019-10-13 20:34:15,586 [java.util.concurrent.ThreadPoolExecutor$Worker@2baf159d[State = -1, empty queue]] WARN  server.GrpcLogAppender (GrpcLogAppender.java:timeoutAppendRequest(200)) - a62c5862-2413-45e1-a25a-271607b15565@group-C88106EEEC90->787c3207-a753-429a-a612-e3ac99d17bc9-GrpcLogAppender: appendEntries Timeout, request=a62c5862-2413-45e1-a25a-271607b15565->787c3207-a753-429a-a612-e3ac99d17bc9#91-t5, previous=(t:5, i:0), leaderCommit=0, initializing? false, entries: <empty>
2019-10-13 20:34:15,597 [c6676a3b-9238-484a-870a-e78b36fd6b90@group-5D7F111F42E3-LeaderElection35] INFO  impl.LeaderElection (LeaderElection.java:askForVotes(178)) - c6676a3b-9238-484a-870a-e78b36fd6b90@group-5D7F111F42E3-LeaderElection35: begin an election at term 3 for 0: [cab3cae7-f0a1-4851-a661-63d582d319d1:192.168.157.224:38398, 787c3207-a753-429a-a612-e3ac99d17bc9:192.168.157.224:45659, c6676a3b-9238-484a-870a-e78b36fd6b90:192.168.157.224:37064], old=null
2019-10-13 20:34:15,600 [grpc-default-executor-3] WARN  server.GrpcServerProtocolService (LogUtils.java:warn(136)) - cab3cae7-f0a1-4851-a661-63d582d319d1: Failed requestVote c6676a3b-9238-484a-870a-e78b36fd6b90->cab3cae7-f0a1-4851-a661-63d582d319d1#0
org.apache.ratis.protocol.GroupMismatchException: cab3cae7-f0a1-4851-a661-63d582d319d1: group-5D7F111F42E3 not found.
	at org.apache.ratis.server.impl.RaftServerProxy$ImplMap.get(RaftServerProxy.java:122)
	at org.apache.ratis.server.impl.RaftServerProxy.getImplFuture(RaftServerProxy.java:269)
	at org.apache.ratis.server.impl.RaftServerProxy.getImpl(RaftServerProxy.java:278)
	at org.apache.ratis.server.impl.RaftServerProxy.getImpl(RaftServerProxy.java:273)
	at org.apache.ratis.server.impl.RaftServerProxy.requestVote(RaftServerProxy.java:443)
	at org.apache.ratis.grpc.server.GrpcServerProtocolService.requestVote(GrpcServerProtocolService.java:142)
	at org.apache.ratis.proto.grpc.RaftServerProtocolServiceGrpc$MethodHandlers.invoke(RaftServerProtocolServiceGrpc.java:319)
	at org.apache.ratis.thirdparty.io.grpc.stub.ServerCalls$UnaryServerCallHandler$UnaryServerCallListener.onHalfClose(ServerCalls.java:171)
	at org.apache.ratis.thirdparty.io.grpc.internal.ServerCallImpl$ServerStreamListenerImpl.halfClosed(ServerCallImpl.java:283)
	at org.apache.ratis.thirdparty.io.grpc.internal.ServerImpl$JumpToApplicationThreadServerStreamListener$1HalfClosed.runInContext(ServerImpl.java:710)
	at org.apache.ratis.thirdparty.io.grpc.internal.ContextRunnable.run(ContextRunnable.java:37)
	at org.apache.ratis.thirdparty.io.grpc.internal.SerializingExecutor.run(SerializingExecutor.java:123)
	at java.util.concurrent.ThreadPoolExecutor.runWorker(ThreadPoolExecutor.java:1149)
	at java.util.concurrent.ThreadPoolExecutor$Worker.run(ThreadPoolExecutor.java:624)
	at java.lang.Thread.run(Thread.java:748)
2019-10-13 20:34:15,600 [grpc-default-executor-0] WARN  server.GrpcServerProtocolService (LogUtils.java:warn(136)) - 787c3207-a753-429a-a612-e3ac99d17bc9: Failed requestVote c6676a3b-9238-484a-870a-e78b36fd6b90->787c3207-a753-429a-a612-e3ac99d17bc9#0
org.apache.ratis.protocol.GroupMismatchException: 787c3207-a753-429a-a612-e3ac99d17bc9: group-5D7F111F42E3 not found.
	at org.apache.ratis.server.impl.RaftServerProxy$ImplMap.get(RaftServerProxy.java:122)
	at org.apache.ratis.server.impl.RaftServerProxy.getImplFuture(RaftServerProxy.java:269)
	at org.apache.ratis.server.impl.RaftServerProxy.getImpl(RaftServerProxy.java:278)
	at org.apache.ratis.server.impl.RaftServerProxy.getImpl(RaftServerProxy.java:273)
	at org.apache.ratis.server.impl.RaftServerProxy.requestVote(RaftServerProxy.java:443)
	at org.apache.ratis.grpc.server.GrpcServerProtocolService.requestVote(GrpcServerProtocolService.java:142)
	at org.apache.ratis.proto.grpc.RaftServerProtocolServiceGrpc$MethodHandlers.invoke(RaftServerProtocolServiceGrpc.java:319)
	at org.apache.ratis.thirdparty.io.grpc.stub.ServerCalls$UnaryServerCallHandler$UnaryServerCallListener.onHalfClose(ServerCalls.java:171)
	at org.apache.ratis.thirdparty.io.grpc.internal.ServerCallImpl$ServerStreamListenerImpl.halfClosed(ServerCallImpl.java:283)
	at org.apache.ratis.thirdparty.io.grpc.internal.ServerImpl$JumpToApplicationThreadServerStreamListener$1HalfClosed.runInContext(ServerImpl.java:710)
	at org.apache.ratis.thirdparty.io.grpc.internal.ContextRunnable.run(ContextRunnable.java:37)
	at org.apache.ratis.thirdparty.io.grpc.internal.SerializingExecutor.run(SerializingExecutor.java:123)
	at java.util.concurrent.ThreadPoolExecutor.runWorker(ThreadPoolExecutor.java:1149)
	at java.util.concurrent.ThreadPoolExecutor$Worker.run(ThreadPoolExecutor.java:624)
	at java.lang.Thread.run(Thread.java:748)
2019-10-13 20:34:15,603 [c6676a3b-9238-484a-870a-e78b36fd6b90@group-5D7F111F42E3-LeaderElection35] INFO  impl.LeaderElection (LogUtils.java:infoOrTrace(149)) - c6676a3b-9238-484a-870a-e78b36fd6b90@group-5D7F111F42E3-LeaderElection35 got exception when requesting votes: {}
java.util.concurrent.ExecutionException: org.apache.ratis.thirdparty.io.grpc.StatusRuntimeException: INTERNAL: 787c3207-a753-429a-a612-e3ac99d17bc9: group-5D7F111F42E3 not found.
	at java.util.concurrent.FutureTask.report(FutureTask.java:122)
	at java.util.concurrent.FutureTask.get(FutureTask.java:192)
	at org.apache.ratis.server.impl.LeaderElection.waitForResults(LeaderElection.java:259)
	at org.apache.ratis.server.impl.LeaderElection.askForVotes(LeaderElection.java:197)
	at org.apache.ratis.server.impl.LeaderElection.run(LeaderElection.java:133)
	at java.lang.Thread.run(Thread.java:748)
Caused by: org.apache.ratis.thirdparty.io.grpc.StatusRuntimeException: INTERNAL: 787c3207-a753-429a-a612-e3ac99d17bc9: group-5D7F111F42E3 not found.
	at org.apache.ratis.thirdparty.io.grpc.stub.ClientCalls.toStatusRuntimeException(ClientCalls.java:233)
	at org.apache.ratis.thirdparty.io.grpc.stub.ClientCalls.getUnchecked(ClientCalls.java:214)
	at org.apache.ratis.thirdparty.io.grpc.stub.ClientCalls.blockingUnaryCall(ClientCalls.java:139)
	at org.apache.ratis.proto.grpc.RaftServerProtocolServiceGrpc$RaftServerProtocolServiceBlockingStub.requestVote(RaftServerProtocolServiceGrpc.java:265)
	at org.apache.ratis.grpc.server.GrpcServerProtocolClient.requestVote(GrpcServerProtocolClient.java:99)
	at org.apache.ratis.grpc.server.GrpcService.requestVote(GrpcService.java:204)
	at org.apache.ratis.server.impl.LeaderElection.lambda$submitRequests$1(LeaderElection.java:234)
	at java.util.concurrent.FutureTask.run(FutureTask.java:266)
	at java.util.concurrent.Executors$RunnableAdapter.call(Executors.java:511)
	at java.util.concurrent.FutureTask.run(FutureTask.java:266)
	at java.util.concurrent.ThreadPoolExecutor.runWorker(ThreadPoolExecutor.java:1149)
	at java.util.concurrent.ThreadPoolExecutor$Worker.run(ThreadPoolExecutor.java:624)
	... 1 more
2019-10-13 20:34:15,607 [c6676a3b-9238-484a-870a-e78b36fd6b90@group-5D7F111F42E3-LeaderElection35] INFO  impl.LeaderElection (LogUtils.java:infoOrTrace(149)) - c6676a3b-9238-484a-870a-e78b36fd6b90@group-5D7F111F42E3-LeaderElection35 got exception when requesting votes: {}
java.util.concurrent.ExecutionException: org.apache.ratis.thirdparty.io.grpc.StatusRuntimeException: INTERNAL: cab3cae7-f0a1-4851-a661-63d582d319d1: group-5D7F111F42E3 not found.
	at java.util.concurrent.FutureTask.report(FutureTask.java:122)
	at java.util.concurrent.FutureTask.get(FutureTask.java:192)
	at org.apache.ratis.server.impl.LeaderElection.waitForResults(LeaderElection.java:259)
	at org.apache.ratis.server.impl.LeaderElection.askForVotes(LeaderElection.java:197)
	at org.apache.ratis.server.impl.LeaderElection.run(LeaderElection.java:133)
	at java.lang.Thread.run(Thread.java:748)
Caused by: org.apache.ratis.thirdparty.io.grpc.StatusRuntimeException: INTERNAL: cab3cae7-f0a1-4851-a661-63d582d319d1: group-5D7F111F42E3 not found.
	at org.apache.ratis.thirdparty.io.grpc.stub.ClientCalls.toStatusRuntimeException(ClientCalls.java:233)
	at org.apache.ratis.thirdparty.io.grpc.stub.ClientCalls.getUnchecked(ClientCalls.java:214)
	at org.apache.ratis.thirdparty.io.grpc.stub.ClientCalls.blockingUnaryCall(ClientCalls.java:139)
	at org.apache.ratis.proto.grpc.RaftServerProtocolServiceGrpc$RaftServerProtocolServiceBlockingStub.requestVote(RaftServerProtocolServiceGrpc.java:265)
	at org.apache.ratis.grpc.server.GrpcServerProtocolClient.requestVote(GrpcServerProtocolClient.java:99)
	at org.apache.ratis.grpc.server.GrpcService.requestVote(GrpcService.java:204)
	at org.apache.ratis.server.impl.LeaderElection.lambda$submitRequests$1(LeaderElection.java:234)
	at java.util.concurrent.FutureTask.run(FutureTask.java:266)
	at java.util.concurrent.Executors$RunnableAdapter.call(Executors.java:511)
	at java.util.concurrent.FutureTask.run(FutureTask.java:266)
	at java.util.concurrent.ThreadPoolExecutor.runWorker(ThreadPoolExecutor.java:1149)
	at java.util.concurrent.ThreadPoolExecutor$Worker.run(ThreadPoolExecutor.java:624)
	... 1 more
2019-10-13 20:34:15,610 [c6676a3b-9238-484a-870a-e78b36fd6b90@group-5D7F111F42E3-LeaderElection35] INFO  impl.LeaderElection (LeaderElection.java:logAndReturn(56)) - c6676a3b-9238-484a-870a-e78b36fd6b90@group-5D7F111F42E3-LeaderElection35: Election REJECTED; received 0 response(s) [] and 2 exception(s); c6676a3b-9238-484a-870a-e78b36fd6b90@group-5D7F111F42E3:t3, leader=null, voted=c6676a3b-9238-484a-870a-e78b36fd6b90, raftlog=c6676a3b-9238-484a-870a-e78b36fd6b90@group-5D7F111F42E3-SegmentedRaftLog:OPENED:c0,f0,i0, conf=0: [cab3cae7-f0a1-4851-a661-63d582d319d1:192.168.157.224:38398, 787c3207-a753-429a-a612-e3ac99d17bc9:192.168.157.224:45659, c6676a3b-9238-484a-870a-e78b36fd6b90:192.168.157.224:37064], old=null
2019-10-13 20:34:15,610 [c6676a3b-9238-484a-870a-e78b36fd6b90@group-5D7F111F42E3-LeaderElection35] INFO  impl.LeaderElection (LogUtils.java:infoOrTrace(149)) -   Exception 0: {}
java.util.concurrent.ExecutionException: org.apache.ratis.thirdparty.io.grpc.StatusRuntimeException: INTERNAL: 787c3207-a753-429a-a612-e3ac99d17bc9: group-5D7F111F42E3 not found.
	at java.util.concurrent.FutureTask.report(FutureTask.java:122)
	at java.util.concurrent.FutureTask.get(FutureTask.java:192)
	at org.apache.ratis.server.impl.LeaderElection.waitForResults(LeaderElection.java:259)
	at org.apache.ratis.server.impl.LeaderElection.askForVotes(LeaderElection.java:197)
	at org.apache.ratis.server.impl.LeaderElection.run(LeaderElection.java:133)
	at java.lang.Thread.run(Thread.java:748)
Caused by: org.apache.ratis.thirdparty.io.grpc.StatusRuntimeException: INTERNAL: 787c3207-a753-429a-a612-e3ac99d17bc9: group-5D7F111F42E3 not found.
	at org.apache.ratis.thirdparty.io.grpc.stub.ClientCalls.toStatusRuntimeException(ClientCalls.java:233)
	at org.apache.ratis.thirdparty.io.grpc.stub.ClientCalls.getUnchecked(ClientCalls.java:214)
	at org.apache.ratis.thirdparty.io.grpc.stub.ClientCalls.blockingUnaryCall(ClientCalls.java:139)
	at org.apache.ratis.proto.grpc.RaftServerProtocolServiceGrpc$RaftServerProtocolServiceBlockingStub.requestVote(RaftServerProtocolServiceGrpc.java:265)
	at org.apache.ratis.grpc.server.GrpcServerProtocolClient.requestVote(GrpcServerProtocolClient.java:99)
	at org.apache.ratis.grpc.server.GrpcService.requestVote(GrpcService.java:204)
	at org.apache.ratis.server.impl.LeaderElection.lambda$submitRequests$1(LeaderElection.java:234)
	at java.util.concurrent.FutureTask.run(FutureTask.java:266)
	at java.util.concurrent.Executors$RunnableAdapter.call(Executors.java:511)
	at java.util.concurrent.FutureTask.run(FutureTask.java:266)
	at java.util.concurrent.ThreadPoolExecutor.runWorker(ThreadPoolExecutor.java:1149)
	at java.util.concurrent.ThreadPoolExecutor$Worker.run(ThreadPoolExecutor.java:624)
	... 1 more
2019-10-13 20:34:15,610 [c6676a3b-9238-484a-870a-e78b36fd6b90@group-5D7F111F42E3-LeaderElection35] INFO  impl.LeaderElection (LogUtils.java:infoOrTrace(149)) -   Exception 1: {}
java.util.concurrent.ExecutionException: org.apache.ratis.thirdparty.io.grpc.StatusRuntimeException: INTERNAL: cab3cae7-f0a1-4851-a661-63d582d319d1: group-5D7F111F42E3 not found.
	at java.util.concurrent.FutureTask.report(FutureTask.java:122)
	at java.util.concurrent.FutureTask.get(FutureTask.java:192)
	at org.apache.ratis.server.impl.LeaderElection.waitForResults(LeaderElection.java:259)
	at org.apache.ratis.server.impl.LeaderElection.askForVotes(LeaderElection.java:197)
	at org.apache.ratis.server.impl.LeaderElection.run(LeaderElection.java:133)
	at java.lang.Thread.run(Thread.java:748)
Caused by: org.apache.ratis.thirdparty.io.grpc.StatusRuntimeException: INTERNAL: cab3cae7-f0a1-4851-a661-63d582d319d1: group-5D7F111F42E3 not found.
	at org.apache.ratis.thirdparty.io.grpc.stub.ClientCalls.toStatusRuntimeException(ClientCalls.java:233)
	at org.apache.ratis.thirdparty.io.grpc.stub.ClientCalls.getUnchecked(ClientCalls.java:214)
	at org.apache.ratis.thirdparty.io.grpc.stub.ClientCalls.blockingUnaryCall(ClientCalls.java:139)
	at org.apache.ratis.proto.grpc.RaftServerProtocolServiceGrpc$RaftServerProtocolServiceBlockingStub.requestVote(RaftServerProtocolServiceGrpc.java:265)
	at org.apache.ratis.grpc.server.GrpcServerProtocolClient.requestVote(GrpcServerProtocolClient.java:99)
	at org.apache.ratis.grpc.server.GrpcService.requestVote(GrpcService.java:204)
	at org.apache.ratis.server.impl.LeaderElection.lambda$submitRequests$1(LeaderElection.java:234)
	at java.util.concurrent.FutureTask.run(FutureTask.java:266)
	at java.util.concurrent.Executors$RunnableAdapter.call(Executors.java:511)
	at java.util.concurrent.FutureTask.run(FutureTask.java:266)
	at java.util.concurrent.ThreadPoolExecutor.runWorker(ThreadPoolExecutor.java:1149)
	at java.util.concurrent.ThreadPoolExecutor$Worker.run(ThreadPoolExecutor.java:624)
	... 1 more
2019-10-13 20:34:15,611 [c6676a3b-9238-484a-870a-e78b36fd6b90@group-5D7F111F42E3-LeaderElection35] INFO  impl.RaftServerImpl (RaftServerImpl.java:setRole(170)) - c6676a3b-9238-484a-870a-e78b36fd6b90@group-5D7F111F42E3: changes role from CANDIDATE to FOLLOWER at term 3 for DISCOVERED_A_NEW_TERM
2019-10-13 20:34:15,611 [c6676a3b-9238-484a-870a-e78b36fd6b90@group-5D7F111F42E3-LeaderElection35] INFO  impl.RoleInfo (RoleInfo.java:shutdownLeaderElection(134)) - c6676a3b-9238-484a-870a-e78b36fd6b90: shutdown LeaderElection
2019-10-13 20:34:15,611 [c6676a3b-9238-484a-870a-e78b36fd6b90@group-5D7F111F42E3-LeaderElection35] INFO  impl.RoleInfo (RoleInfo.java:updateAndGet(143)) - c6676a3b-9238-484a-870a-e78b36fd6b90: start FollowerState
2019-10-13 20:34:15,809 [java.util.concurrent.ThreadPoolExecutor$Worker@dbb1acd[State = -1, empty queue]] WARN  server.GrpcLogAppender (GrpcLogAppender.java:timeoutAppendRequest(200)) - c6676a3b-9238-484a-870a-e78b36fd6b90@group-CCF72240D914->cab3cae7-f0a1-4851-a661-63d582d319d1-GrpcLogAppender: appendEntries Timeout, request=c6676a3b-9238-484a-870a-e78b36fd6b90->cab3cae7-f0a1-4851-a661-63d582d319d1#81-t6, previous=(t:6, i:2), leaderCommit=2, initializing? false, entries: <empty>
2019-10-13 20:34:15,814 [main] INFO  ipc.CallQueueManager (CallQueueManager.java:<init>(84)) - Using callQueue: class java.util.concurrent.LinkedBlockingQueue, queueCapacity: 2000, scheduler: class org.apache.hadoop.ipc.DefaultRpcScheduler, ipcBackoff: false.
2019-10-13 20:34:15,815 [Socket Reader #1 for port 39944] INFO  ipc.Server (Server.java:run(1074)) - Starting Socket Reader #1 for port 39944
2019-10-13 20:34:15,834 [main] INFO  om.OzoneManager (OzoneManager.java:start(1071)) - OzoneManager RPC server is listening at localhost/127.0.0.1:39944
2019-10-13 20:34:15,834 [main] INFO  impl.MetricsSystemImpl (MetricsSystemImpl.java:init(158)) - OzoneManager metrics system started (again)
2019-10-13 20:34:15,837 [IPC Server listener on 39944] INFO  ipc.Server (Server.java:run(1153)) - IPC Server listener on 39944: starting
2019-10-13 20:34:15,837 [IPC Server Responder] INFO  ipc.Server (Server.java:run(1314)) - IPC Server Responder: starting
2019-10-13 20:34:15,843 [main] INFO  hdfs.DFSUtil (DFSUtil.java:httpServerTemplateForNNAndJN(1641)) - Starting Web-server for ozoneManager at: http://0.0.0.0:0
2019-10-13 20:34:15,846 [main] INFO  server.AuthenticationFilter (AuthenticationFilter.java:constructSecretProvider(240)) - Unable to initialize FileSignerSecretProvider, falling back to use random secrets.
2019-10-13 20:34:15,846 [main] WARN  http.HttpRequestLog (HttpRequestLog.java:getRequestLog(97)) - Jetty request log can only be enabled using Log4j
2019-10-13 20:34:15,849 [main] INFO  http.HttpServer2 (HttpServer2.java:addGlobalFilter(975)) - Added global filter 'safety' (class=org.apache.hadoop.http.HttpServer2$QuotingInputFilter)
2019-10-13 20:34:15,850 [main] INFO  http.HttpServer2 (HttpServer2.java:addFilter(948)) - Added filter static_user_filter (class=org.apache.hadoop.http.lib.StaticUserWebFilter$StaticUserFilter) to context ozoneManager
2019-10-13 20:34:15,850 [main] INFO  http.HttpServer2 (HttpServer2.java:addFilter(958)) - Added filter static_user_filter (class=org.apache.hadoop.http.lib.StaticUserWebFilter$StaticUserFilter) to context logs
2019-10-13 20:34:15,850 [main] INFO  http.HttpServer2 (HttpServer2.java:addFilter(958)) - Added filter static_user_filter (class=org.apache.hadoop.http.lib.StaticUserWebFilter$StaticUserFilter) to context static
2019-10-13 20:34:15,851 [main] INFO  http.HttpServer2 (HttpServer2.java:bindListener(1191)) - Jetty bound to port 40696
2019-10-13 20:34:15,852 [main] INFO  server.Server (Server.java:doStart(351)) - jetty-9.3.25.v20180904, build timestamp: 2018-09-04T21:11:46Z, git hash: 3ce520221d0240229c862b122d2b06c12a625732
2019-10-13 20:34:15,853 [main] INFO  handler.ContextHandler (ContextHandler.java:doStart(781)) - Started o.e.j.s.ServletContextHandler@51bddd98{/logs,file:///workdir/hadoop-ozone/integration-test/target/log,AVAILABLE}
2019-10-13 20:34:15,854 [main] INFO  handler.ContextHandler (ContextHandler.java:doStart(781)) - Started o.e.j.s.ServletContextHandler@77d4ac52{/static,file:///workdir/hadoop-ozone/integration-test/target/test-classes/webapps/static,AVAILABLE}
2019-10-13 20:34:15,861 [main] INFO  handler.ContextHandler (ContextHandler.java:doStart(781)) - Started o.e.j.w.WebAppContext@51f18e31{/,file:///workdir/hadoop-ozone/integration-test/target/test-classes/webapps/ozoneManager/,AVAILABLE}{/ozoneManager}
2019-10-13 20:34:15,861 [main] INFO  server.AbstractConnector (AbstractConnector.java:doStart(278)) - Started ServerConnector@60ed12e8{HTTP/1.1,[http/1.1]}{0.0.0.0:40696}
2019-10-13 20:34:15,863 [main] INFO  server.Server (Server.java:doStart(419)) - Started @96573ms
2019-10-13 20:34:15,863 [main] WARN  impl.MetricsSystemImpl (MetricsSystemImpl.java:register(276)) - Sink prometheus already exists!
2019-10-13 20:34:15,865 [main] INFO  server.BaseHttpServer (BaseHttpServer.java:updateConnectorAddress(215)) - HTTP server of OZONEMANAGER is listening at http://0.0.0.0:40696
2019-10-13 20:34:15,886 [main] INFO  impl.MetricsSystemImpl (MetricsSystemImpl.java:init(158)) - HddsDatanode metrics system started (again)
2019-10-13 20:34:15,908 [main] INFO  ozone.HddsDatanodeService (HddsDatanodeService.java:start(184)) - HddsDatanodeService host:pr-hdds-2290-dcfw8-3342134496 ip:192.168.157.224
2019-10-13 20:34:15,919 [main] INFO  volume.HddsVolume (HddsVolume.java:<init>(176)) - Creating Volume: /workdir/hadoop-ozone/integration-test/target/test-dir/MiniOzoneClusterImpl-e735d883-6d8e-4d30-a8f4-26865d39708e/datanode-0/data/containers/hdds of  storage type : DISK and capacity : 1482555576320
2019-10-13 20:34:15,919 [main] INFO  volume.VolumeSet (VolumeSet.java:initializeVolumeSet(170)) - Added Volume : /workdir/hadoop-ozone/integration-test/target/test-dir/MiniOzoneClusterImpl-e735d883-6d8e-4d30-a8f4-26865d39708e/datanode-0/data/containers/hdds to VolumeSet
2019-10-13 20:34:15,919 [main] INFO  volume.ThrottledAsyncChecker (ThrottledAsyncChecker.java:schedule(141)) - Scheduling a check for org.apache.hadoop.ozone.container.common.volume.HddsVolume@41ef1ea2
2019-10-13 20:34:15,920 [main] INFO  volume.HddsVolumeChecker (HddsVolumeChecker.java:checkAllVolumes(204)) - Scheduled health check for volume org.apache.hadoop.ozone.container.common.volume.HddsVolume@41ef1ea2
2019-10-13 20:34:15,933 [java.util.concurrent.ThreadPoolExecutor$Worker@29c7306b[State = -1, empty queue]] WARN  server.GrpcLogAppender (GrpcLogAppender.java:timeoutAppendRequest(200)) - a62c5862-2413-45e1-a25a-271607b15565@group-C88106EEEC90->cab3cae7-f0a1-4851-a661-63d582d319d1-GrpcLogAppender: appendEntries Timeout, request=a62c5862-2413-45e1-a25a-271607b15565->cab3cae7-f0a1-4851-a661-63d582d319d1#92-t5, previous=(t:5, i:0), leaderCommit=0, initializing? false, entries: <empty>
2019-10-13 20:34:15,935 [main] INFO  impl.RaftServerProxy (ConfUtils.java:logGet(43)) - raft.rpc.type = GRPC (default)
2019-10-13 20:34:15,935 [main] INFO  grpc.GrpcFactory (GrpcFactory.java:checkPooledByteBufAllocatorUseCacheForAllThreads(45)) - PERFORMANCE WARNING: useCacheForAllThreads is true that may cause Netty to create a lot garbage objects and, as a result, trigger GC.
	It is recommended to disable useCacheForAllThreads by setting -Dorg.apache.ratis.thirdparty.io.netty.allocator.useCacheForAllThreads=false in command line.
2019-10-13 20:34:15,935 [main] INFO  grpc.GrpcConfigKeys$Server (ConfUtils.java:logGet(43)) - raft.grpc.server.port = 0 (default)
2019-10-13 20:34:15,935 [main] INFO  server.GrpcService (ConfUtils.java:logGet(43)) - raft.grpc.message.size.max = 33570816 (custom)
2019-10-13 20:34:15,936 [main] INFO  server.RaftServerConfigKeys (ConfUtils.java:logGet(43)) - raft.server.log.appender.buffer.byte-limit = 33554432 (custom)
2019-10-13 20:34:15,936 [main] INFO  server.GrpcService (ConfUtils.java:logGet(43)) - raft.grpc.flow.control.window = 1MB (=1048576) (default)
2019-10-13 20:34:15,936 [main] INFO  server.RaftServerConfigKeys (ConfUtils.java:logGet(43)) - raft.server.rpc.request.timeout = 3000ms (default)
2019-10-13 20:34:15,936 [main] INFO  server.RaftServerConfigKeys (ConfUtils.java:logGet(43)) - raft.server.storage.dir = [/workdir/hadoop-ozone/integration-test/target/test-dir/MiniOzoneClusterImpl-e735d883-6d8e-4d30-a8f4-26865d39708e/datanode-0/data/ratis] (custom)
2019-10-13 20:34:15,938 [main] INFO  hdfs.DFSUtil (DFSUtil.java:httpServerTemplateForNNAndJN(1641)) - Starting Web-server for hddsDatanode at: http://0.0.0.0:0
2019-10-13 20:34:15,953 [java.util.concurrent.ThreadPoolExecutor$Worker@4c9c17fc[State = -1, empty queue]] WARN  server.GrpcLogAppender (GrpcLogAppender.java:timeoutAppendRequest(200)) - c6676a3b-9238-484a-870a-e78b36fd6b90@group-CCF72240D914->787c3207-a753-429a-a612-e3ac99d17bc9-GrpcLogAppender: appendEntries Timeout, request=c6676a3b-9238-484a-870a-e78b36fd6b90->787c3207-a753-429a-a612-e3ac99d17bc9#80-t6, previous=(t:6, i:2), leaderCommit=2, initializing? false, entries: <empty>
2019-10-13 20:34:15,955 [main] INFO  server.AuthenticationFilter (AuthenticationFilter.java:constructSecretProvider(240)) - Unable to initialize FileSignerSecretProvider, falling back to use random secrets.
2019-10-13 20:34:15,955 [main] WARN  http.HttpRequestLog (HttpRequestLog.java:getRequestLog(97)) - Jetty request log can only be enabled using Log4j
2019-10-13 20:34:15,957 [main] INFO  http.HttpServer2 (HttpServer2.java:addGlobalFilter(975)) - Added global filter 'safety' (class=org.apache.hadoop.http.HttpServer2$QuotingInputFilter)
2019-10-13 20:34:15,957 [main] INFO  http.HttpServer2 (HttpServer2.java:addFilter(948)) - Added filter static_user_filter (class=org.apache.hadoop.http.lib.StaticUserWebFilter$StaticUserFilter) to context hddsDatanode
2019-10-13 20:34:15,957 [main] INFO  http.HttpServer2 (HttpServer2.java:addFilter(958)) - Added filter static_user_filter (class=org.apache.hadoop.http.lib.StaticUserWebFilter$StaticUserFilter) to context static
2019-10-13 20:34:15,957 [main] INFO  http.HttpServer2 (HttpServer2.java:addFilter(958)) - Added filter static_user_filter (class=org.apache.hadoop.http.lib.StaticUserWebFilter$StaticUserFilter) to context logs
2019-10-13 20:34:15,958 [main] INFO  http.HttpServer2 (HttpServer2.java:bindListener(1191)) - Jetty bound to port 42432
2019-10-13 20:34:15,958 [main] INFO  server.Server (Server.java:doStart(351)) - jetty-9.3.25.v20180904, build timestamp: 2018-09-04T21:11:46Z, git hash: 3ce520221d0240229c862b122d2b06c12a625732
2019-10-13 20:34:15,960 [main] INFO  handler.ContextHandler (ContextHandler.java:doStart(781)) - Started o.e.j.s.ServletContextHandler@62765aec{/logs,file:///workdir/hadoop-ozone/integration-test/target/log,AVAILABLE}
2019-10-13 20:34:15,960 [main] INFO  handler.ContextHandler (ContextHandler.java:doStart(781)) - Started o.e.j.s.ServletContextHandler@3a401749{/static,jar:file:/home/user/.m2/repository/org/apache/hadoop/hadoop-hdds-container-service/0.5.0-SNAPSHOT/hadoop-hdds-container-service-0.5.0-SNAPSHOT.jar!/webapps/static,AVAILABLE}
2019-10-13 20:34:15,989 [main] INFO  handler.ContextHandler (ContextHandler.java:doStart(781)) - Started o.e.j.w.WebAppContext@17229821{/,file:///tmp/jetty-0.0.0.0-42432-hddsDatanode-_-any-6501971957511498426.dir/webapp/,AVAILABLE}{/hddsDatanode}
2019-10-13 20:34:15,989 [main] INFO  server.AbstractConnector (AbstractConnector.java:doStart(278)) - Started ServerConnector@e829999{HTTP/1.1,[http/1.1]}{0.0.0.0:42432}
2019-10-13 20:34:15,995 [main] INFO  server.Server (Server.java:doStart(419)) - Started @96705ms
2019-10-13 20:34:15,995 [main] WARN  impl.MetricsSystemImpl (MetricsSystemImpl.java:register(276)) - Sink prometheus already exists!
2019-10-13 20:34:15,996 [main] INFO  server.BaseHttpServer (BaseHttpServer.java:updateConnectorAddress(215)) - HTTP server of HDDSDATANODE is listening at http://0.0.0.0:42432
2019-10-13 20:34:15,996 [main] INFO  impl.MetricsSystemImpl (MetricsSystemImpl.java:init(158)) - HddsDatanode metrics system started (again)
2019-10-13 20:34:16,013 [org.apache.hadoop.util.JvmPauseMonitor$Monitor@6a6827e] INFO  util.JvmPauseMonitor (JvmPauseMonitor.java:run(188)) - Starting JVM pause monitor
2019-10-13 20:34:16,014 [main] INFO  ozone.HddsDatanodeService (HddsDatanodeService.java:start(184)) - HddsDatanodeService host:pr-hdds-2290-dcfw8-3342134496 ip:192.168.157.224
2019-10-13 20:34:16,016 [Datanode State Machine Thread - 0] INFO  datanode.InitDatanodeState (InitDatanodeState.java:persistContainerDatanodeDetails(140)) - DatanodeDetails is persisted to /workdir/hadoop-ozone/integration-test/target/test-dir/MiniOzoneClusterImpl-e735d883-6d8e-4d30-a8f4-26865d39708e/datanode-0/meta/datanode.id
2019-10-13 20:34:16,023 [main] INFO  volume.HddsVolume (HddsVolume.java:<init>(176)) - Creating Volume: /workdir/hadoop-ozone/integration-test/target/test-dir/MiniOzoneClusterImpl-e735d883-6d8e-4d30-a8f4-26865d39708e/datanode-1/data/containers/hdds of  storage type : DISK and capacity : 1482555576320
2019-10-13 20:34:16,023 [main] INFO  volume.VolumeSet (VolumeSet.java:initializeVolumeSet(170)) - Added Volume : /workdir/hadoop-ozone/integration-test/target/test-dir/MiniOzoneClusterImpl-e735d883-6d8e-4d30-a8f4-26865d39708e/datanode-1/data/containers/hdds to VolumeSet
2019-10-13 20:34:16,023 [main] INFO  volume.ThrottledAsyncChecker (ThrottledAsyncChecker.java:schedule(141)) - Scheduling a check for org.apache.hadoop.ozone.container.common.volume.HddsVolume@d611f1c
2019-10-13 20:34:16,023 [main] INFO  volume.HddsVolumeChecker (HddsVolumeChecker.java:checkAllVolumes(204)) - Scheduled health check for volume org.apache.hadoop.ozone.container.common.volume.HddsVolume@d611f1c
2019-10-13 20:34:16,042 [main] INFO  impl.RaftServerProxy (ConfUtils.java:logGet(43)) - raft.rpc.type = GRPC (default)
2019-10-13 20:34:16,042 [main] INFO  grpc.GrpcFactory (GrpcFactory.java:checkPooledByteBufAllocatorUseCacheForAllThreads(45)) - PERFORMANCE WARNING: useCacheForAllThreads is true that may cause Netty to create a lot garbage objects and, as a result, trigger GC.
	It is recommended to disable useCacheForAllThreads by setting -Dorg.apache.ratis.thirdparty.io.netty.allocator.useCacheForAllThreads=false in command line.
2019-10-13 20:34:16,043 [main] INFO  grpc.GrpcConfigKeys$Server (ConfUtils.java:logGet(43)) - raft.grpc.server.port = 0 (default)
2019-10-13 20:34:16,043 [main] INFO  server.GrpcService (ConfUtils.java:logGet(43)) - raft.grpc.message.size.max = 33570816 (custom)
2019-10-13 20:34:16,044 [main] INFO  server.RaftServerConfigKeys (ConfUtils.java:logGet(43)) - raft.server.log.appender.buffer.byte-limit = 33554432 (custom)
2019-10-13 20:34:16,044 [main] INFO  server.GrpcService (ConfUtils.java:logGet(43)) - raft.grpc.flow.control.window = 1MB (=1048576) (default)
2019-10-13 20:34:16,044 [main] INFO  server.RaftServerConfigKeys (ConfUtils.java:logGet(43)) - raft.server.rpc.request.timeout = 3000ms (default)
2019-10-13 20:34:16,045 [main] INFO  server.RaftServerConfigKeys (ConfUtils.java:logGet(43)) - raft.server.storage.dir = [/workdir/hadoop-ozone/integration-test/target/test-dir/MiniOzoneClusterImpl-e735d883-6d8e-4d30-a8f4-26865d39708e/datanode-1/data/ratis] (custom)
2019-10-13 20:34:16,049 [main] INFO  hdfs.DFSUtil (DFSUtil.java:httpServerTemplateForNNAndJN(1641)) - Starting Web-server for hddsDatanode at: http://0.0.0.0:0
2019-10-13 20:34:16,050 [main] INFO  server.AuthenticationFilter (AuthenticationFilter.java:constructSecretProvider(240)) - Unable to initialize FileSignerSecretProvider, falling back to use random secrets.
2019-10-13 20:34:16,050 [main] WARN  http.HttpRequestLog (HttpRequestLog.java:getRequestLog(97)) - Jetty request log can only be enabled using Log4j
2019-10-13 20:34:16,051 [main] INFO  http.HttpServer2 (HttpServer2.java:addGlobalFilter(975)) - Added global filter 'safety' (class=org.apache.hadoop.http.HttpServer2$QuotingInputFilter)
2019-10-13 20:34:16,052 [main] INFO  http.HttpServer2 (HttpServer2.java:addFilter(948)) - Added filter static_user_filter (class=org.apache.hadoop.http.lib.StaticUserWebFilter$StaticUserFilter) to context hddsDatanode
2019-10-13 20:34:16,052 [main] INFO  http.HttpServer2 (HttpServer2.java:addFilter(958)) - Added filter static_user_filter (class=org.apache.hadoop.http.lib.StaticUserWebFilter$StaticUserFilter) to context logs
2019-10-13 20:34:16,052 [main] INFO  http.HttpServer2 (HttpServer2.java:addFilter(958)) - Added filter static_user_filter (class=org.apache.hadoop.http.lib.StaticUserWebFilter$StaticUserFilter) to context static
2019-10-13 20:34:16,053 [main] INFO  http.HttpServer2 (HttpServer2.java:bindListener(1191)) - Jetty bound to port 46286
2019-10-13 20:34:16,053 [main] INFO  server.Server (Server.java:doStart(351)) - jetty-9.3.25.v20180904, build timestamp: 2018-09-04T21:11:46Z, git hash: 3ce520221d0240229c862b122d2b06c12a625732
2019-10-13 20:34:16,055 [main] INFO  handler.ContextHandler (ContextHandler.java:doStart(781)) - Started o.e.j.s.ServletContextHandler@4099209b{/logs,file:///workdir/hadoop-ozone/integration-test/target/log,AVAILABLE}
2019-10-13 20:34:16,055 [main] INFO  handler.ContextHandler (ContextHandler.java:doStart(781)) - Started o.e.j.s.ServletContextHandler@1dad01fe{/static,jar:file:/home/user/.m2/repository/org/apache/hadoop/hadoop-hdds-container-service/0.5.0-SNAPSHOT/hadoop-hdds-container-service-0.5.0-SNAPSHOT.jar!/webapps/static,AVAILABLE}
2019-10-13 20:34:16,083 [main] INFO  handler.ContextHandler (ContextHandler.java:doStart(781)) - Started o.e.j.w.WebAppContext@7a8341c1{/,file:///tmp/jetty-0.0.0.0-46286-hddsDatanode-_-any-7396636439276094111.dir/webapp/,AVAILABLE}{/hddsDatanode}
2019-10-13 20:34:16,084 [main] INFO  server.AbstractConnector (AbstractConnector.java:doStart(278)) - Started ServerConnector@ca8ef3a{HTTP/1.1,[http/1.1]}{0.0.0.0:46286}
2019-10-13 20:34:16,087 [java.util.concurrent.ThreadPoolExecutor$Worker@2baf159d[State = -1, empty queue]] WARN  server.GrpcLogAppender (GrpcLogAppender.java:timeoutAppendRequest(200)) - a62c5862-2413-45e1-a25a-271607b15565@group-C88106EEEC90->787c3207-a753-429a-a612-e3ac99d17bc9-GrpcLogAppender: appendEntries Timeout, request=a62c5862-2413-45e1-a25a-271607b15565->787c3207-a753-429a-a612-e3ac99d17bc9#92-t5, previous=(t:5, i:0), leaderCommit=0, initializing? false, entries: <empty>
2019-10-13 20:34:16,087 [main] INFO  server.Server (Server.java:doStart(419)) - Started @96797ms
2019-10-13 20:34:16,087 [main] WARN  impl.MetricsSystemImpl (MetricsSystemImpl.java:register(276)) - Sink prometheus already exists!
2019-10-13 20:34:16,088 [main] INFO  server.BaseHttpServer (BaseHttpServer.java:updateConnectorAddress(215)) - HTTP server of HDDSDATANODE is listening at http://0.0.0.0:46286
2019-10-13 20:34:16,088 [main] INFO  impl.MetricsSystemImpl (MetricsSystemImpl.java:init(158)) - HddsDatanode metrics system started (again)
2019-10-13 20:34:16,108 [org.apache.hadoop.util.JvmPauseMonitor$Monitor@48404aa8] INFO  util.JvmPauseMonitor (JvmPauseMonitor.java:run(188)) - Starting JVM pause monitor
2019-10-13 20:34:16,110 [main] INFO  ozone.HddsDatanodeService (HddsDatanodeService.java:start(184)) - HddsDatanodeService host:pr-hdds-2290-dcfw8-3342134496 ip:192.168.157.224
2019-10-13 20:34:16,112 [Datanode State Machine Thread - 0] INFO  datanode.InitDatanodeState (InitDatanodeState.java:persistContainerDatanodeDetails(140)) - DatanodeDetails is persisted to /workdir/hadoop-ozone/integration-test/target/test-dir/MiniOzoneClusterImpl-e735d883-6d8e-4d30-a8f4-26865d39708e/datanode-1/meta/datanode.id
2019-10-13 20:34:16,120 [main] INFO  volume.HddsVolume (HddsVolume.java:<init>(176)) - Creating Volume: /workdir/hadoop-ozone/integration-test/target/test-dir/MiniOzoneClusterImpl-e735d883-6d8e-4d30-a8f4-26865d39708e/datanode-2/data/containers/hdds of  storage type : DISK and capacity : 1482555576320
2019-10-13 20:34:16,120 [main] INFO  volume.VolumeSet (VolumeSet.java:initializeVolumeSet(170)) - Added Volume : /workdir/hadoop-ozone/integration-test/target/test-dir/MiniOzoneClusterImpl-e735d883-6d8e-4d30-a8f4-26865d39708e/datanode-2/data/containers/hdds to VolumeSet
2019-10-13 20:34:16,121 [main] INFO  volume.ThrottledAsyncChecker (ThrottledAsyncChecker.java:schedule(141)) - Scheduling a check for org.apache.hadoop.ozone.container.common.volume.HddsVolume@a6e4897
2019-10-13 20:34:16,121 [main] INFO  volume.HddsVolumeChecker (HddsVolumeChecker.java:checkAllVolumes(204)) - Scheduled health check for volume org.apache.hadoop.ozone.container.common.volume.HddsVolume@a6e4897
2019-10-13 20:34:16,141 [main] INFO  impl.RaftServerProxy (ConfUtils.java:logGet(43)) - raft.rpc.type = GRPC (default)
2019-10-13 20:34:16,141 [main] INFO  grpc.GrpcFactory (GrpcFactory.java:checkPooledByteBufAllocatorUseCacheForAllThreads(45)) - PERFORMANCE WARNING: useCacheForAllThreads is true that may cause Netty to create a lot garbage objects and, as a result, trigger GC.
	It is recommended to disable useCacheForAllThreads by setting -Dorg.apache.ratis.thirdparty.io.netty.allocator.useCacheForAllThreads=false in command line.
2019-10-13 20:34:16,142 [main] INFO  grpc.GrpcConfigKeys$Server (ConfUtils.java:logGet(43)) - raft.grpc.server.port = 0 (default)
2019-10-13 20:34:16,142 [main] INFO  server.GrpcService (ConfUtils.java:logGet(43)) - raft.grpc.message.size.max = 33570816 (custom)
2019-10-13 20:34:16,142 [main] INFO  server.RaftServerConfigKeys (ConfUtils.java:logGet(43)) - raft.server.log.appender.buffer.byte-limit = 33554432 (custom)
2019-10-13 20:34:16,143 [main] INFO  server.GrpcService (ConfUtils.java:logGet(43)) - raft.grpc.flow.control.window = 1MB (=1048576) (default)
2019-10-13 20:34:16,143 [main] INFO  server.RaftServerConfigKeys (ConfUtils.java:logGet(43)) - raft.server.rpc.request.timeout = 3000ms (default)
2019-10-13 20:34:16,144 [main] INFO  server.RaftServerConfigKeys (ConfUtils.java:logGet(43)) - raft.server.storage.dir = [/workdir/hadoop-ozone/integration-test/target/test-dir/MiniOzoneClusterImpl-e735d883-6d8e-4d30-a8f4-26865d39708e/datanode-2/data/ratis] (custom)
2019-10-13 20:34:16,145 [main] INFO  hdfs.DFSUtil (DFSUtil.java:httpServerTemplateForNNAndJN(1641)) - Starting Web-server for hddsDatanode at: http://0.0.0.0:0
2019-10-13 20:34:16,147 [main] INFO  server.AuthenticationFilter (AuthenticationFilter.java:constructSecretProvider(240)) - Unable to initialize FileSignerSecretProvider, falling back to use random secrets.
2019-10-13 20:34:16,148 [main] WARN  http.HttpRequestLog (HttpRequestLog.java:getRequestLog(97)) - Jetty request log can only be enabled using Log4j
2019-10-13 20:34:16,149 [main] INFO  http.HttpServer2 (HttpServer2.java:addGlobalFilter(975)) - Added global filter 'safety' (class=org.apache.hadoop.http.HttpServer2$QuotingInputFilter)
2019-10-13 20:34:16,150 [main] INFO  http.HttpServer2 (HttpServer2.java:addFilter(948)) - Added filter static_user_filter (class=org.apache.hadoop.http.lib.StaticUserWebFilter$StaticUserFilter) to context hddsDatanode
2019-10-13 20:34:16,150 [main] INFO  http.HttpServer2 (HttpServer2.java:addFilter(958)) - Added filter static_user_filter (class=org.apache.hadoop.http.lib.StaticUserWebFilter$StaticUserFilter) to context static
2019-10-13 20:34:16,151 [main] INFO  http.HttpServer2 (HttpServer2.java:addFilter(958)) - Added filter static_user_filter (class=org.apache.hadoop.http.lib.StaticUserWebFilter$StaticUserFilter) to context logs
2019-10-13 20:34:16,151 [main] INFO  http.HttpServer2 (HttpServer2.java:bindListener(1191)) - Jetty bound to port 41004
2019-10-13 20:34:16,152 [main] INFO  server.Server (Server.java:doStart(351)) - jetty-9.3.25.v20180904, build timestamp: 2018-09-04T21:11:46Z, git hash: 3ce520221d0240229c862b122d2b06c12a625732
2019-10-13 20:34:16,153 [main] INFO  handler.ContextHandler (ContextHandler.java:doStart(781)) - Started o.e.j.s.ServletContextHandler@4978777f{/logs,file:///workdir/hadoop-ozone/integration-test/target/log,AVAILABLE}
2019-10-13 20:34:16,154 [main] INFO  handler.ContextHandler (ContextHandler.java:doStart(781)) - Started o.e.j.s.ServletContextHandler@67bd351e{/static,jar:file:/home/user/.m2/repository/org/apache/hadoop/hadoop-hdds-container-service/0.5.0-SNAPSHOT/hadoop-hdds-container-service-0.5.0-SNAPSHOT.jar!/webapps/static,AVAILABLE}
2019-10-13 20:34:16,183 [main] INFO  handler.ContextHandler (ContextHandler.java:doStart(781)) - Started o.e.j.w.WebAppContext@2d2b6960{/,file:///tmp/jetty-0.0.0.0-41004-hddsDatanode-_-any-4261842290924165703.dir/webapp/,AVAILABLE}{/hddsDatanode}
2019-10-13 20:34:16,183 [main] INFO  server.AbstractConnector (AbstractConnector.java:doStart(278)) - Started ServerConnector@38291795{HTTP/1.1,[http/1.1]}{0.0.0.0:41004}
2019-10-13 20:34:16,186 [main] INFO  server.Server (Server.java:doStart(419)) - Started @96896ms
2019-10-13 20:34:16,186 [main] WARN  impl.MetricsSystemImpl (MetricsSystemImpl.java:register(276)) - Sink prometheus already exists!
2019-10-13 20:34:16,187 [main] INFO  server.BaseHttpServer (BaseHttpServer.java:updateConnectorAddress(215)) - HTTP server of HDDSDATANODE is listening at http://0.0.0.0:41004
2019-10-13 20:34:16,187 [main] INFO  impl.MetricsSystemImpl (MetricsSystemImpl.java:init(158)) - HddsDatanode metrics system started (again)
2019-10-13 20:34:16,210 [org.apache.hadoop.util.JvmPauseMonitor$Monitor@fb51c94] INFO  util.JvmPauseMonitor (JvmPauseMonitor.java:run(188)) - Starting JVM pause monitor
2019-10-13 20:34:16,212 [Datanode State Machine Thread - 0] INFO  datanode.InitDatanodeState (InitDatanodeState.java:persistContainerDatanodeDetails(140)) - DatanodeDetails is persisted to /workdir/hadoop-ozone/integration-test/target/test-dir/MiniOzoneClusterImpl-e735d883-6d8e-4d30-a8f4-26865d39708e/datanode-2/meta/datanode.id
2019-10-13 20:34:16,213 [main] INFO  ozone.HddsDatanodeService (HddsDatanodeService.java:start(184)) - HddsDatanodeService host:pr-hdds-2290-dcfw8-3342134496 ip:192.168.157.224
2019-10-13 20:34:16,223 [main] INFO  volume.HddsVolume (HddsVolume.java:<init>(176)) - Creating Volume: /workdir/hadoop-ozone/integration-test/target/test-dir/MiniOzoneClusterImpl-e735d883-6d8e-4d30-a8f4-26865d39708e/datanode-3/data/containers/hdds of  storage type : DISK and capacity : 1482555576320
2019-10-13 20:34:16,223 [main] INFO  volume.VolumeSet (VolumeSet.java:initializeVolumeSet(170)) - Added Volume : /workdir/hadoop-ozone/integration-test/target/test-dir/MiniOzoneClusterImpl-e735d883-6d8e-4d30-a8f4-26865d39708e/datanode-3/data/containers/hdds to VolumeSet
2019-10-13 20:34:16,224 [main] INFO  volume.ThrottledAsyncChecker (ThrottledAsyncChecker.java:schedule(141)) - Scheduling a check for org.apache.hadoop.ozone.container.common.volume.HddsVolume@5f7eee96
2019-10-13 20:34:16,224 [main] INFO  volume.HddsVolumeChecker (HddsVolumeChecker.java:checkAllVolumes(204)) - Scheduled health check for volume org.apache.hadoop.ozone.container.common.volume.HddsVolume@5f7eee96
2019-10-13 20:34:16,245 [main] INFO  impl.RaftServerProxy (ConfUtils.java:logGet(43)) - raft.rpc.type = GRPC (default)
2019-10-13 20:34:16,245 [main] INFO  grpc.GrpcFactory (GrpcFactory.java:checkPooledByteBufAllocatorUseCacheForAllThreads(45)) - PERFORMANCE WARNING: useCacheForAllThreads is true that may cause Netty to create a lot garbage objects and, as a result, trigger GC.
	It is recommended to disable useCacheForAllThreads by setting -Dorg.apache.ratis.thirdparty.io.netty.allocator.useCacheForAllThreads=false in command line.
2019-10-13 20:34:16,246 [main] INFO  grpc.GrpcConfigKeys$Server (ConfUtils.java:logGet(43)) - raft.grpc.server.port = 0 (default)
2019-10-13 20:34:16,246 [main] INFO  server.GrpcService (ConfUtils.java:logGet(43)) - raft.grpc.message.size.max = 33570816 (custom)
2019-10-13 20:34:16,246 [main] INFO  server.RaftServerConfigKeys (ConfUtils.java:logGet(43)) - raft.server.log.appender.buffer.byte-limit = 33554432 (custom)
2019-10-13 20:34:16,246 [main] INFO  server.GrpcService (ConfUtils.java:logGet(43)) - raft.grpc.flow.control.window = 1MB (=1048576) (default)
2019-10-13 20:34:16,247 [main] INFO  server.RaftServerConfigKeys (ConfUtils.java:logGet(43)) - raft.server.rpc.request.timeout = 3000ms (default)
2019-10-13 20:34:16,247 [main] INFO  server.RaftServerConfigKeys (ConfUtils.java:logGet(43)) - raft.server.storage.dir = [/workdir/hadoop-ozone/integration-test/target/test-dir/MiniOzoneClusterImpl-e735d883-6d8e-4d30-a8f4-26865d39708e/datanode-3/data/ratis] (custom)
2019-10-13 20:34:16,249 [main] INFO  hdfs.DFSUtil (DFSUtil.java:httpServerTemplateForNNAndJN(1641)) - Starting Web-server for hddsDatanode at: http://0.0.0.0:0
2019-10-13 20:34:16,251 [main] INFO  server.AuthenticationFilter (AuthenticationFilter.java:constructSecretProvider(240)) - Unable to initialize FileSignerSecretProvider, falling back to use random secrets.
2019-10-13 20:34:16,251 [main] WARN  http.HttpRequestLog (HttpRequestLog.java:getRequestLog(97)) - Jetty request log can only be enabled using Log4j
2019-10-13 20:34:16,252 [main] INFO  http.HttpServer2 (HttpServer2.java:addGlobalFilter(975)) - Added global filter 'safety' (class=org.apache.hadoop.http.HttpServer2$QuotingInputFilter)
2019-10-13 20:34:16,253 [main] INFO  http.HttpServer2 (HttpServer2.java:addFilter(948)) - Added filter static_user_filter (class=org.apache.hadoop.http.lib.StaticUserWebFilter$StaticUserFilter) to context hddsDatanode
2019-10-13 20:34:16,253 [main] INFO  http.HttpServer2 (HttpServer2.java:addFilter(958)) - Added filter static_user_filter (class=org.apache.hadoop.http.lib.StaticUserWebFilter$StaticUserFilter) to context logs
2019-10-13 20:34:16,253 [main] INFO  http.HttpServer2 (HttpServer2.java:addFilter(958)) - Added filter static_user_filter (class=org.apache.hadoop.http.lib.StaticUserWebFilter$StaticUserFilter) to context static
2019-10-13 20:34:16,254 [main] INFO  http.HttpServer2 (HttpServer2.java:bindListener(1191)) - Jetty bound to port 40445
2019-10-13 20:34:16,254 [main] INFO  server.Server (Server.java:doStart(351)) - jetty-9.3.25.v20180904, build timestamp: 2018-09-04T21:11:46Z, git hash: 3ce520221d0240229c862b122d2b06c12a625732
2019-10-13 20:34:16,256 [main] INFO  handler.ContextHandler (ContextHandler.java:doStart(781)) - Started o.e.j.s.ServletContextHandler@2839e3c8{/logs,file:///workdir/hadoop-ozone/integration-test/target/log,AVAILABLE}
2019-10-13 20:34:16,256 [main] INFO  handler.ContextHandler (ContextHandler.java:doStart(781)) - Started o.e.j.s.ServletContextHandler@2291d9a0{/static,jar:file:/home/user/.m2/repository/org/apache/hadoop/hadoop-hdds-container-service/0.5.0-SNAPSHOT/hadoop-hdds-container-service-0.5.0-SNAPSHOT.jar!/webapps/static,AVAILABLE}
2019-10-13 20:34:16,285 [main] INFO  handler.ContextHandler (ContextHandler.java:doStart(781)) - Started o.e.j.w.WebAppContext@61db86bf{/,file:///tmp/jetty-0.0.0.0-40445-hddsDatanode-_-any-3065198410310361517.dir/webapp/,AVAILABLE}{/hddsDatanode}
2019-10-13 20:34:16,286 [main] INFO  server.AbstractConnector (AbstractConnector.java:doStart(278)) - Started ServerConnector@4da1f38a{HTTP/1.1,[http/1.1]}{0.0.0.0:40445}
2019-10-13 20:34:16,288 [main] INFO  server.Server (Server.java:doStart(419)) - Started @96998ms
2019-10-13 20:34:16,289 [main] WARN  impl.MetricsSystemImpl (MetricsSystemImpl.java:register(276)) - Sink prometheus already exists!
2019-10-13 20:34:16,289 [main] INFO  server.BaseHttpServer (BaseHttpServer.java:updateConnectorAddress(215)) - HTTP server of HDDSDATANODE is listening at http://0.0.0.0:40445
2019-10-13 20:34:16,289 [main] INFO  impl.MetricsSystemImpl (MetricsSystemImpl.java:init(158)) - HddsDatanode metrics system started (again)
2019-10-13 20:34:16,309 [java.util.concurrent.ThreadPoolExecutor$Worker@dbb1acd[State = -1, empty queue]] WARN  server.GrpcLogAppender (GrpcLogAppender.java:timeoutAppendRequest(200)) - c6676a3b-9238-484a-870a-e78b36fd6b90@group-CCF72240D914->cab3cae7-f0a1-4851-a661-63d582d319d1-GrpcLogAppender: appendEntries Timeout, request=c6676a3b-9238-484a-870a-e78b36fd6b90->cab3cae7-f0a1-4851-a661-63d582d319d1#82-t6, previous=(t:6, i:2), leaderCommit=2, initializing? false, entries: <empty>
2019-10-13 20:34:16,309 [org.apache.hadoop.util.JvmPauseMonitor$Monitor@5f0a1e7e] INFO  util.JvmPauseMonitor (JvmPauseMonitor.java:run(188)) - Starting JVM pause monitor
2019-10-13 20:34:16,311 [main] INFO  ozone.HddsDatanodeService (HddsDatanodeService.java:start(184)) - HddsDatanodeService host:pr-hdds-2290-dcfw8-3342134496 ip:192.168.157.224
2019-10-13 20:34:16,311 [Datanode State Machine Thread - 0] INFO  datanode.InitDatanodeState (InitDatanodeState.java:persistContainerDatanodeDetails(140)) - DatanodeDetails is persisted to /workdir/hadoop-ozone/integration-test/target/test-dir/MiniOzoneClusterImpl-e735d883-6d8e-4d30-a8f4-26865d39708e/datanode-3/meta/datanode.id
2019-10-13 20:34:16,331 [main] INFO  volume.HddsVolume (HddsVolume.java:<init>(176)) - Creating Volume: /workdir/hadoop-ozone/integration-test/target/test-dir/MiniOzoneClusterImpl-e735d883-6d8e-4d30-a8f4-26865d39708e/datanode-4/data/containers/hdds of  storage type : DISK and capacity : 1482555576320
2019-10-13 20:34:16,331 [main] INFO  volume.VolumeSet (VolumeSet.java:initializeVolumeSet(170)) - Added Volume : /workdir/hadoop-ozone/integration-test/target/test-dir/MiniOzoneClusterImpl-e735d883-6d8e-4d30-a8f4-26865d39708e/datanode-4/data/containers/hdds to VolumeSet
2019-10-13 20:34:16,331 [main] INFO  volume.ThrottledAsyncChecker (ThrottledAsyncChecker.java:schedule(141)) - Scheduling a check for org.apache.hadoop.ozone.container.common.volume.HddsVolume@306c7bf6
2019-10-13 20:34:16,332 [main] INFO  volume.HddsVolumeChecker (HddsVolumeChecker.java:checkAllVolumes(204)) - Scheduled health check for volume org.apache.hadoop.ozone.container.common.volume.HddsVolume@306c7bf6
2019-10-13 20:34:16,355 [main] INFO  impl.RaftServerProxy (ConfUtils.java:logGet(43)) - raft.rpc.type = GRPC (default)
2019-10-13 20:34:16,355 [main] INFO  grpc.GrpcFactory (GrpcFactory.java:checkPooledByteBufAllocatorUseCacheForAllThreads(45)) - PERFORMANCE WARNING: useCacheForAllThreads is true that may cause Netty to create a lot garbage objects and, as a result, trigger GC.
	It is recommended to disable useCacheForAllThreads by setting -Dorg.apache.ratis.thirdparty.io.netty.allocator.useCacheForAllThreads=false in command line.
2019-10-13 20:34:16,355 [main] INFO  grpc.GrpcConfigKeys$Server (ConfUtils.java:logGet(43)) - raft.grpc.server.port = 0 (default)
2019-10-13 20:34:16,355 [main] INFO  server.GrpcService (ConfUtils.java:logGet(43)) - raft.grpc.message.size.max = 33570816 (custom)
2019-10-13 20:34:16,355 [main] INFO  server.RaftServerConfigKeys (ConfUtils.java:logGet(43)) - raft.server.log.appender.buffer.byte-limit = 33554432 (custom)
2019-10-13 20:34:16,356 [main] INFO  server.GrpcService (ConfUtils.java:logGet(43)) - raft.grpc.flow.control.window = 1MB (=1048576) (default)
2019-10-13 20:34:16,356 [main] INFO  server.RaftServerConfigKeys (ConfUtils.java:logGet(43)) - raft.server.rpc.request.timeout = 3000ms (default)
2019-10-13 20:34:16,356 [main] INFO  server.RaftServerConfigKeys (ConfUtils.java:logGet(43)) - raft.server.storage.dir = [/workdir/hadoop-ozone/integration-test/target/test-dir/MiniOzoneClusterImpl-e735d883-6d8e-4d30-a8f4-26865d39708e/datanode-4/data/ratis] (custom)
2019-10-13 20:34:16,358 [main] INFO  hdfs.DFSUtil (DFSUtil.java:httpServerTemplateForNNAndJN(1641)) - Starting Web-server for hddsDatanode at: http://0.0.0.0:0
2019-10-13 20:34:16,359 [main] INFO  server.AuthenticationFilter (AuthenticationFilter.java:constructSecretProvider(240)) - Unable to initialize FileSignerSecretProvider, falling back to use random secrets.
2019-10-13 20:34:16,359 [main] WARN  http.HttpRequestLog (HttpRequestLog.java:getRequestLog(97)) - Jetty request log can only be enabled using Log4j
2019-10-13 20:34:16,360 [main] INFO  http.HttpServer2 (HttpServer2.java:addGlobalFilter(975)) - Added global filter 'safety' (class=org.apache.hadoop.http.HttpServer2$QuotingInputFilter)
2019-10-13 20:34:16,361 [main] INFO  http.HttpServer2 (HttpServer2.java:addFilter(948)) - Added filter static_user_filter (class=org.apache.hadoop.http.lib.StaticUserWebFilter$StaticUserFilter) to context hddsDatanode
2019-10-13 20:34:16,361 [main] INFO  http.HttpServer2 (HttpServer2.java:addFilter(958)) - Added filter static_user_filter (class=org.apache.hadoop.http.lib.StaticUserWebFilter$StaticUserFilter) to context static
2019-10-13 20:34:16,361 [main] INFO  http.HttpServer2 (HttpServer2.java:addFilter(958)) - Added filter static_user_filter (class=org.apache.hadoop.http.lib.StaticUserWebFilter$StaticUserFilter) to context logs
2019-10-13 20:34:16,362 [main] INFO  http.HttpServer2 (HttpServer2.java:bindListener(1191)) - Jetty bound to port 45627
2019-10-13 20:34:16,362 [main] INFO  server.Server (Server.java:doStart(351)) - jetty-9.3.25.v20180904, build timestamp: 2018-09-04T21:11:46Z, git hash: 3ce520221d0240229c862b122d2b06c12a625732
2019-10-13 20:34:16,364 [main] INFO  handler.ContextHandler (ContextHandler.java:doStart(781)) - Started o.e.j.s.ServletContextHandler@5529ff44{/logs,file:///workdir/hadoop-ozone/integration-test/target/log,AVAILABLE}
2019-10-13 20:34:16,364 [main] INFO  handler.ContextHandler (ContextHandler.java:doStart(781)) - Started o.e.j.s.ServletContextHandler@5eb5da12{/static,jar:file:/home/user/.m2/repository/org/apache/hadoop/hadoop-hdds-container-service/0.5.0-SNAPSHOT/hadoop-hdds-container-service-0.5.0-SNAPSHOT.jar!/webapps/static,AVAILABLE}
2019-10-13 20:34:16,392 [main] INFO  handler.ContextHandler (ContextHandler.java:doStart(781)) - Started o.e.j.w.WebAppContext@7d42542{/,file:///tmp/jetty-0.0.0.0-45627-hddsDatanode-_-any-3338801646794870293.dir/webapp/,AVAILABLE}{/hddsDatanode}
2019-10-13 20:34:16,393 [main] INFO  server.AbstractConnector (AbstractConnector.java:doStart(278)) - Started ServerConnector@4d09cade{HTTP/1.1,[http/1.1]}{0.0.0.0:45627}
2019-10-13 20:34:16,395 [main] INFO  server.Server (Server.java:doStart(419)) - Started @97105ms
2019-10-13 20:34:16,395 [main] WARN  impl.MetricsSystemImpl (MetricsSystemImpl.java:register(276)) - Sink prometheus already exists!
2019-10-13 20:34:16,395 [main] INFO  server.BaseHttpServer (BaseHttpServer.java:updateConnectorAddress(215)) - HTTP server of HDDSDATANODE is listening at http://0.0.0.0:45627
2019-10-13 20:34:16,396 [main] INFO  impl.MetricsSystemImpl (MetricsSystemImpl.java:init(158)) - HddsDatanode metrics system started (again)
2019-10-13 20:34:16,397 [org.apache.hadoop.util.JvmPauseMonitor$Monitor@7374e801] INFO  util.JvmPauseMonitor (JvmPauseMonitor.java:run(188)) - Starting JVM pause monitor
2019-10-13 20:34:16,418 [main] INFO  ozone.HddsDatanodeService (HddsDatanodeService.java:start(184)) - HddsDatanodeService host:pr-hdds-2290-dcfw8-3342134496 ip:192.168.157.224
2019-10-13 20:34:16,418 [Datanode State Machine Thread - 0] INFO  datanode.InitDatanodeState (InitDatanodeState.java:persistContainerDatanodeDetails(140)) - DatanodeDetails is persisted to /workdir/hadoop-ozone/integration-test/target/test-dir/MiniOzoneClusterImpl-e735d883-6d8e-4d30-a8f4-26865d39708e/datanode-4/meta/datanode.id
2019-10-13 20:34:16,430 [main] INFO  volume.HddsVolume (HddsVolume.java:<init>(176)) - Creating Volume: /workdir/hadoop-ozone/integration-test/target/test-dir/MiniOzoneClusterImpl-e735d883-6d8e-4d30-a8f4-26865d39708e/datanode-5/data/containers/hdds of  storage type : DISK and capacity : 1482555576320
2019-10-13 20:34:16,430 [main] INFO  volume.VolumeSet (VolumeSet.java:initializeVolumeSet(170)) - Added Volume : /workdir/hadoop-ozone/integration-test/target/test-dir/MiniOzoneClusterImpl-e735d883-6d8e-4d30-a8f4-26865d39708e/datanode-5/data/containers/hdds to VolumeSet
2019-10-13 20:34:16,430 [main] INFO  volume.ThrottledAsyncChecker (ThrottledAsyncChecker.java:schedule(141)) - Scheduling a check for org.apache.hadoop.ozone.container.common.volume.HddsVolume@61615b4a
2019-10-13 20:34:16,431 [main] INFO  volume.HddsVolumeChecker (HddsVolumeChecker.java:checkAllVolumes(204)) - Scheduled health check for volume org.apache.hadoop.ozone.container.common.volume.HddsVolume@61615b4a
2019-10-13 20:34:16,434 [java.util.concurrent.ThreadPoolExecutor$Worker@29c7306b[State = -1, empty queue]] WARN  server.GrpcLogAppender (GrpcLogAppender.java:timeoutAppendRequest(200)) - a62c5862-2413-45e1-a25a-271607b15565@group-C88106EEEC90->cab3cae7-f0a1-4851-a661-63d582d319d1-GrpcLogAppender: appendEntries Timeout, request=a62c5862-2413-45e1-a25a-271607b15565->cab3cae7-f0a1-4851-a661-63d582d319d1#93-t5, previous=(t:5, i:0), leaderCommit=0, initializing? false, entries: <empty>
2019-10-13 20:34:16,452 [java.util.concurrent.ThreadPoolExecutor$Worker@4c9c17fc[State = -1, empty queue]] WARN  server.GrpcLogAppender (GrpcLogAppender.java:timeoutAppendRequest(200)) - c6676a3b-9238-484a-870a-e78b36fd6b90@group-CCF72240D914->787c3207-a753-429a-a612-e3ac99d17bc9-GrpcLogAppender: appendEntries Timeout, request=c6676a3b-9238-484a-870a-e78b36fd6b90->787c3207-a753-429a-a612-e3ac99d17bc9#81-t6, previous=(t:6, i:2), leaderCommit=2, initializing? false, entries: <empty>
2019-10-13 20:34:16,454 [main] INFO  impl.RaftServerProxy (ConfUtils.java:logGet(43)) - raft.rpc.type = GRPC (default)
2019-10-13 20:34:16,454 [main] INFO  grpc.GrpcFactory (GrpcFactory.java:checkPooledByteBufAllocatorUseCacheForAllThreads(45)) - PERFORMANCE WARNING: useCacheForAllThreads is true that may cause Netty to create a lot garbage objects and, as a result, trigger GC.
	It is recommended to disable useCacheForAllThreads by setting -Dorg.apache.ratis.thirdparty.io.netty.allocator.useCacheForAllThreads=false in command line.
2019-10-13 20:34:16,454 [main] INFO  grpc.GrpcConfigKeys$Server (ConfUtils.java:logGet(43)) - raft.grpc.server.port = 0 (default)
2019-10-13 20:34:16,455 [main] INFO  server.GrpcService (ConfUtils.java:logGet(43)) - raft.grpc.message.size.max = 33570816 (custom)
2019-10-13 20:34:16,455 [main] INFO  server.RaftServerConfigKeys (ConfUtils.java:logGet(43)) - raft.server.log.appender.buffer.byte-limit = 33554432 (custom)
2019-10-13 20:34:16,455 [main] INFO  server.GrpcService (ConfUtils.java:logGet(43)) - raft.grpc.flow.control.window = 1MB (=1048576) (default)
2019-10-13 20:34:16,455 [main] INFO  server.RaftServerConfigKeys (ConfUtils.java:logGet(43)) - raft.server.rpc.request.timeout = 3000ms (default)
2019-10-13 20:34:16,456 [main] INFO  server.RaftServerConfigKeys (ConfUtils.java:logGet(43)) - raft.server.storage.dir = [/workdir/hadoop-ozone/integration-test/target/test-dir/MiniOzoneClusterImpl-e735d883-6d8e-4d30-a8f4-26865d39708e/datanode-5/data/ratis] (custom)
2019-10-13 20:34:16,457 [main] INFO  hdfs.DFSUtil (DFSUtil.java:httpServerTemplateForNNAndJN(1641)) - Starting Web-server for hddsDatanode at: http://0.0.0.0:0
2019-10-13 20:34:16,459 [main] INFO  server.AuthenticationFilter (AuthenticationFilter.java:constructSecretProvider(240)) - Unable to initialize FileSignerSecretProvider, falling back to use random secrets.
2019-10-13 20:34:16,460 [main] WARN  http.HttpRequestLog (HttpRequestLog.java:getRequestLog(97)) - Jetty request log can only be enabled using Log4j
2019-10-13 20:34:16,462 [main] INFO  http.HttpServer2 (HttpServer2.java:addGlobalFilter(975)) - Added global filter 'safety' (class=org.apache.hadoop.http.HttpServer2$QuotingInputFilter)
2019-10-13 20:34:16,463 [main] INFO  http.HttpServer2 (HttpServer2.java:addFilter(948)) - Added filter static_user_filter (class=org.apache.hadoop.http.lib.StaticUserWebFilter$StaticUserFilter) to context hddsDatanode
2019-10-13 20:34:16,463 [main] INFO  http.HttpServer2 (HttpServer2.java:addFilter(958)) - Added filter static_user_filter (class=org.apache.hadoop.http.lib.StaticUserWebFilter$StaticUserFilter) to context logs
2019-10-13 20:34:16,464 [main] INFO  http.HttpServer2 (HttpServer2.java:addFilter(958)) - Added filter static_user_filter (class=org.apache.hadoop.http.lib.StaticUserWebFilter$StaticUserFilter) to context static
2019-10-13 20:34:16,465 [main] INFO  http.HttpServer2 (HttpServer2.java:bindListener(1191)) - Jetty bound to port 40163
2019-10-13 20:34:16,465 [main] INFO  server.Server (Server.java:doStart(351)) - jetty-9.3.25.v20180904, build timestamp: 2018-09-04T21:11:46Z, git hash: 3ce520221d0240229c862b122d2b06c12a625732
2019-10-13 20:34:16,467 [main] INFO  handler.ContextHandler (ContextHandler.java:doStart(781)) - Started o.e.j.s.ServletContextHandler@5f366587{/logs,file:///workdir/hadoop-ozone/integration-test/target/log,AVAILABLE}
2019-10-13 20:34:16,468 [main] INFO  handler.ContextHandler (ContextHandler.java:doStart(781)) - Started o.e.j.s.ServletContextHandler@2ec99035{/static,jar:file:/home/user/.m2/repository/org/apache/hadoop/hadoop-hdds-container-service/0.5.0-SNAPSHOT/hadoop-hdds-container-service-0.5.0-SNAPSHOT.jar!/webapps/static,AVAILABLE}
2019-10-13 20:34:16,510 [main] INFO  handler.ContextHandler (ContextHandler.java:doStart(781)) - Started o.e.j.w.WebAppContext@7f85217c{/,file:///tmp/jetty-0.0.0.0-40163-hddsDatanode-_-any-1754047761187064123.dir/webapp/,AVAILABLE}{/hddsDatanode}
2019-10-13 20:34:16,511 [main] INFO  server.AbstractConnector (AbstractConnector.java:doStart(278)) - Started ServerConnector@1fd7a37{HTTP/1.1,[http/1.1]}{0.0.0.0:40163}
2019-10-13 20:34:16,514 [main] INFO  server.Server (Server.java:doStart(419)) - Started @97224ms
2019-10-13 20:34:16,515 [main] WARN  impl.MetricsSystemImpl (MetricsSystemImpl.java:register(276)) - Sink prometheus already exists!
2019-10-13 20:34:16,516 [main] INFO  server.BaseHttpServer (BaseHttpServer.java:updateConnectorAddress(215)) - HTTP server of HDDSDATANODE is listening at http://0.0.0.0:40163
2019-10-13 20:34:16,516 [main] INFO  impl.MetricsSystemImpl (MetricsSystemImpl.java:init(158)) - HddsDatanode metrics system started (again)
2019-10-13 20:34:16,550 [org.apache.hadoop.util.JvmPauseMonitor$Monitor@6ad11dda] INFO  util.JvmPauseMonitor (JvmPauseMonitor.java:run(188)) - Starting JVM pause monitor
2019-10-13 20:34:16,552 [main] INFO  ozone.HddsDatanodeService (HddsDatanodeService.java:start(184)) - HddsDatanodeService host:pr-hdds-2290-dcfw8-3342134496 ip:192.168.157.224
2019-10-13 20:34:16,552 [Datanode State Machine Thread - 0] INFO  datanode.InitDatanodeState (InitDatanodeState.java:persistContainerDatanodeDetails(140)) - DatanodeDetails is persisted to /workdir/hadoop-ozone/integration-test/target/test-dir/MiniOzoneClusterImpl-e735d883-6d8e-4d30-a8f4-26865d39708e/datanode-5/meta/datanode.id
2019-10-13 20:34:16,564 [main] INFO  volume.HddsVolume (HddsVolume.java:<init>(176)) - Creating Volume: /workdir/hadoop-ozone/integration-test/target/test-dir/MiniOzoneClusterImpl-e735d883-6d8e-4d30-a8f4-26865d39708e/datanode-6/data/containers/hdds of  storage type : DISK and capacity : 1482555576320
2019-10-13 20:34:16,564 [main] INFO  volume.VolumeSet (VolumeSet.java:initializeVolumeSet(170)) - Added Volume : /workdir/hadoop-ozone/integration-test/target/test-dir/MiniOzoneClusterImpl-e735d883-6d8e-4d30-a8f4-26865d39708e/datanode-6/data/containers/hdds to VolumeSet
2019-10-13 20:34:16,564 [main] INFO  volume.ThrottledAsyncChecker (ThrottledAsyncChecker.java:schedule(141)) - Scheduling a check for org.apache.hadoop.ozone.container.common.volume.HddsVolume@671d03bb
2019-10-13 20:34:16,565 [main] INFO  volume.HddsVolumeChecker (HddsVolumeChecker.java:checkAllVolumes(204)) - Scheduled health check for volume org.apache.hadoop.ozone.container.common.volume.HddsVolume@671d03bb
2019-10-13 20:34:16,584 [main] INFO  impl.RaftServerProxy (ConfUtils.java:logGet(43)) - raft.rpc.type = GRPC (default)
2019-10-13 20:34:16,584 [main] INFO  grpc.GrpcFactory (GrpcFactory.java:checkPooledByteBufAllocatorUseCacheForAllThreads(45)) - PERFORMANCE WARNING: useCacheForAllThreads is true that may cause Netty to create a lot garbage objects and, as a result, trigger GC.
	It is recommended to disable useCacheForAllThreads by setting -Dorg.apache.ratis.thirdparty.io.netty.allocator.useCacheForAllThreads=false in command line.
2019-10-13 20:34:16,585 [main] INFO  grpc.GrpcConfigKeys$Server (ConfUtils.java:logGet(43)) - raft.grpc.server.port = 0 (default)
2019-10-13 20:34:16,585 [main] INFO  server.GrpcService (ConfUtils.java:logGet(43)) - raft.grpc.message.size.max = 33570816 (custom)
2019-10-13 20:34:16,585 [main] INFO  server.RaftServerConfigKeys (ConfUtils.java:logGet(43)) - raft.server.log.appender.buffer.byte-limit = 33554432 (custom)
2019-10-13 20:34:16,585 [main] INFO  server.GrpcService (ConfUtils.java:logGet(43)) - raft.grpc.flow.control.window = 1MB (=1048576) (default)
2019-10-13 20:34:16,585 [main] INFO  server.RaftServerConfigKeys (ConfUtils.java:logGet(43)) - raft.server.rpc.request.timeout = 3000ms (default)
2019-10-13 20:34:16,586 [main] INFO  server.RaftServerConfigKeys (ConfUtils.java:logGet(43)) - raft.server.storage.dir = [/workdir/hadoop-ozone/integration-test/target/test-dir/MiniOzoneClusterImpl-e735d883-6d8e-4d30-a8f4-26865d39708e/datanode-6/data/ratis] (custom)
2019-10-13 20:34:16,587 [java.util.concurrent.ThreadPoolExecutor$Worker@2baf159d[State = -1, empty queue]] WARN  server.GrpcLogAppender (GrpcLogAppender.java:timeoutAppendRequest(200)) - a62c5862-2413-45e1-a25a-271607b15565@group-C88106EEEC90->787c3207-a753-429a-a612-e3ac99d17bc9-GrpcLogAppender: appendEntries Timeout, request=a62c5862-2413-45e1-a25a-271607b15565->787c3207-a753-429a-a612-e3ac99d17bc9#93-t5, previous=(t:5, i:0), leaderCommit=0, initializing? false, entries: <empty>
2019-10-13 20:34:16,588 [main] INFO  hdfs.DFSUtil (DFSUtil.java:httpServerTemplateForNNAndJN(1641)) - Starting Web-server for hddsDatanode at: http://0.0.0.0:0
2019-10-13 20:34:16,589 [main] INFO  server.AuthenticationFilter (AuthenticationFilter.java:constructSecretProvider(240)) - Unable to initialize FileSignerSecretProvider, falling back to use random secrets.
2019-10-13 20:34:16,590 [main] WARN  http.HttpRequestLog (HttpRequestLog.java:getRequestLog(97)) - Jetty request log can only be enabled using Log4j
2019-10-13 20:34:16,591 [main] INFO  http.HttpServer2 (HttpServer2.java:addGlobalFilter(975)) - Added global filter 'safety' (class=org.apache.hadoop.http.HttpServer2$QuotingInputFilter)
2019-10-13 20:34:16,592 [main] INFO  http.HttpServer2 (HttpServer2.java:addFilter(948)) - Added filter static_user_filter (class=org.apache.hadoop.http.lib.StaticUserWebFilter$StaticUserFilter) to context hddsDatanode
2019-10-13 20:34:16,592 [main] INFO  http.HttpServer2 (HttpServer2.java:addFilter(958)) - Added filter static_user_filter (class=org.apache.hadoop.http.lib.StaticUserWebFilter$StaticUserFilter) to context static
2019-10-13 20:34:16,592 [main] INFO  http.HttpServer2 (HttpServer2.java:addFilter(958)) - Added filter static_user_filter (class=org.apache.hadoop.http.lib.StaticUserWebFilter$StaticUserFilter) to context logs
2019-10-13 20:34:16,593 [main] INFO  http.HttpServer2 (HttpServer2.java:bindListener(1191)) - Jetty bound to port 43864
2019-10-13 20:34:16,593 [main] INFO  server.Server (Server.java:doStart(351)) - jetty-9.3.25.v20180904, build timestamp: 2018-09-04T21:11:46Z, git hash: 3ce520221d0240229c862b122d2b06c12a625732
2019-10-13 20:34:16,595 [main] INFO  handler.ContextHandler (ContextHandler.java:doStart(781)) - Started o.e.j.s.ServletContextHandler@3cdc7b09{/logs,file:///workdir/hadoop-ozone/integration-test/target/log,AVAILABLE}
2019-10-13 20:34:16,595 [main] INFO  handler.ContextHandler (ContextHandler.java:doStart(781)) - Started o.e.j.s.ServletContextHandler@684e8c9d{/static,jar:file:/home/user/.m2/repository/org/apache/hadoop/hadoop-hdds-container-service/0.5.0-SNAPSHOT/hadoop-hdds-container-service-0.5.0-SNAPSHOT.jar!/webapps/static,AVAILABLE}
2019-10-13 20:34:16,637 [main] INFO  handler.ContextHandler (ContextHandler.java:doStart(781)) - Started o.e.j.w.WebAppContext@4fc165f6{/,file:///tmp/jetty-0.0.0.0-43864-hddsDatanode-_-any-6152527993347046032.dir/webapp/,AVAILABLE}{/hddsDatanode}
2019-10-13 20:34:16,637 [main] INFO  server.AbstractConnector (AbstractConnector.java:doStart(278)) - Started ServerConnector@545b5ed0{HTTP/1.1,[http/1.1]}{0.0.0.0:43864}
2019-10-13 20:34:16,640 [main] INFO  server.Server (Server.java:doStart(419)) - Started @97350ms
2019-10-13 20:34:16,640 [main] WARN  impl.MetricsSystemImpl (MetricsSystemImpl.java:register(276)) - Sink prometheus already exists!
2019-10-13 20:34:16,641 [main] INFO  server.BaseHttpServer (BaseHttpServer.java:updateConnectorAddress(215)) - HTTP server of HDDSDATANODE is listening at http://0.0.0.0:43864
2019-10-13 20:34:16,641 [main] INFO  ozone.MiniOzoneClusterImpl (MiniOzoneClusterImpl.java:lambda$waitForClusterToBeReady$0(147)) - Waiting for cluster to be ready. Got 0 of 7 DN Heartbeats.
2019-10-13 20:34:16,643 [org.apache.hadoop.util.JvmPauseMonitor$Monitor@79c968f5] INFO  util.JvmPauseMonitor (JvmPauseMonitor.java:run(188)) - Starting JVM pause monitor
2019-10-13 20:34:16,645 [Datanode State Machine Thread - 0] INFO  datanode.InitDatanodeState (InitDatanodeState.java:persistContainerDatanodeDetails(140)) - DatanodeDetails is persisted to /workdir/hadoop-ozone/integration-test/target/test-dir/MiniOzoneClusterImpl-e735d883-6d8e-4d30-a8f4-26865d39708e/datanode-6/meta/datanode.id
2019-10-13 20:34:16,761 [Thread-1384] INFO  impl.FollowerState (FollowerState.java:run(108)) - c6676a3b-9238-484a-870a-e78b36fd6b90@group-5D7F111F42E3-FollowerState: change to CANDIDATE, lastRpcTime:1149ms, electionTimeout:1149ms
2019-10-13 20:34:16,761 [Thread-1384] INFO  impl.RoleInfo (RoleInfo.java:shutdownFollowerState(121)) - c6676a3b-9238-484a-870a-e78b36fd6b90: shutdown FollowerState
2019-10-13 20:34:16,761 [Thread-1384] INFO  impl.RaftServerImpl (RaftServerImpl.java:setRole(170)) - c6676a3b-9238-484a-870a-e78b36fd6b90@group-5D7F111F42E3: changes role from  FOLLOWER to CANDIDATE at term 3 for changeToCandidate
2019-10-13 20:34:16,761 [Thread-1384] INFO  impl.RoleInfo (RoleInfo.java:updateAndGet(143)) - c6676a3b-9238-484a-870a-e78b36fd6b90: start LeaderElection
2019-10-13 20:34:16,796 [c6676a3b-9238-484a-870a-e78b36fd6b90@group-5D7F111F42E3-LeaderElection36] INFO  impl.LeaderElection (LeaderElection.java:askForVotes(178)) - c6676a3b-9238-484a-870a-e78b36fd6b90@group-5D7F111F42E3-LeaderElection36: begin an election at term 4 for 0: [cab3cae7-f0a1-4851-a661-63d582d319d1:192.168.157.224:38398, 787c3207-a753-429a-a612-e3ac99d17bc9:192.168.157.224:45659, c6676a3b-9238-484a-870a-e78b36fd6b90:192.168.157.224:37064], old=null
2019-10-13 20:34:16,799 [grpc-default-executor-0] WARN  server.GrpcServerProtocolService (LogUtils.java:warn(136)) - cab3cae7-f0a1-4851-a661-63d582d319d1: Failed requestVote c6676a3b-9238-484a-870a-e78b36fd6b90->cab3cae7-f0a1-4851-a661-63d582d319d1#0
org.apache.ratis.protocol.GroupMismatchException: cab3cae7-f0a1-4851-a661-63d582d319d1: group-5D7F111F42E3 not found.
	at org.apache.ratis.server.impl.RaftServerProxy$ImplMap.get(RaftServerProxy.java:122)
	at org.apache.ratis.server.impl.RaftServerProxy.getImplFuture(RaftServerProxy.java:269)
	at org.apache.ratis.server.impl.RaftServerProxy.getImpl(RaftServerProxy.java:278)
	at org.apache.ratis.server.impl.RaftServerProxy.getImpl(RaftServerProxy.java:273)
	at org.apache.ratis.server.impl.RaftServerProxy.requestVote(RaftServerProxy.java:443)
	at org.apache.ratis.grpc.server.GrpcServerProtocolService.requestVote(GrpcServerProtocolService.java:142)
	at org.apache.ratis.proto.grpc.RaftServerProtocolServiceGrpc$MethodHandlers.invoke(RaftServerProtocolServiceGrpc.java:319)
	at org.apache.ratis.thirdparty.io.grpc.stub.ServerCalls$UnaryServerCallHandler$UnaryServerCallListener.onHalfClose(ServerCalls.java:171)
	at org.apache.ratis.thirdparty.io.grpc.internal.ServerCallImpl$ServerStreamListenerImpl.halfClosed(ServerCallImpl.java:283)
	at org.apache.ratis.thirdparty.io.grpc.internal.ServerImpl$JumpToApplicationThreadServerStreamListener$1HalfClosed.runInContext(ServerImpl.java:710)
	at org.apache.ratis.thirdparty.io.grpc.internal.ContextRunnable.run(ContextRunnable.java:37)
	at org.apache.ratis.thirdparty.io.grpc.internal.SerializingExecutor.run(SerializingExecutor.java:123)
	at java.util.concurrent.ThreadPoolExecutor.runWorker(ThreadPoolExecutor.java:1149)
	at java.util.concurrent.ThreadPoolExecutor$Worker.run(ThreadPoolExecutor.java:624)
	at java.lang.Thread.run(Thread.java:748)
2019-10-13 20:34:16,799 [grpc-default-executor-3] WARN  server.GrpcServerProtocolService (LogUtils.java:warn(136)) - 787c3207-a753-429a-a612-e3ac99d17bc9: Failed requestVote c6676a3b-9238-484a-870a-e78b36fd6b90->787c3207-a753-429a-a612-e3ac99d17bc9#0
org.apache.ratis.protocol.GroupMismatchException: 787c3207-a753-429a-a612-e3ac99d17bc9: group-5D7F111F42E3 not found.
	at org.apache.ratis.server.impl.RaftServerProxy$ImplMap.get(RaftServerProxy.java:122)
	at org.apache.ratis.server.impl.RaftServerProxy.getImplFuture(RaftServerProxy.java:269)
	at org.apache.ratis.server.impl.RaftServerProxy.getImpl(RaftServerProxy.java:278)
	at org.apache.ratis.server.impl.RaftServerProxy.getImpl(RaftServerProxy.java:273)
	at org.apache.ratis.server.impl.RaftServerProxy.requestVote(RaftServerProxy.java:443)
	at org.apache.ratis.grpc.server.GrpcServerProtocolService.requestVote(GrpcServerProtocolService.java:142)
	at org.apache.ratis.proto.grpc.RaftServerProtocolServiceGrpc$MethodHandlers.invoke(RaftServerProtocolServiceGrpc.java:319)
	at org.apache.ratis.thirdparty.io.grpc.stub.ServerCalls$UnaryServerCallHandler$UnaryServerCallListener.onHalfClose(ServerCalls.java:171)
	at org.apache.ratis.thirdparty.io.grpc.internal.ServerCallImpl$ServerStreamListenerImpl.halfClosed(ServerCallImpl.java:283)
	at org.apache.ratis.thirdparty.io.grpc.internal.ServerImpl$JumpToApplicationThreadServerStreamListener$1HalfClosed.runInContext(ServerImpl.java:710)
	at org.apache.ratis.thirdparty.io.grpc.internal.ContextRunnable.run(ContextRunnable.java:37)
	at org.apache.ratis.thirdparty.io.grpc.internal.SerializingExecutor.run(SerializingExecutor.java:123)
	at java.util.concurrent.ThreadPoolExecutor.runWorker(ThreadPoolExecutor.java:1149)
	at java.util.concurrent.ThreadPoolExecutor$Worker.run(ThreadPoolExecutor.java:624)
	at java.lang.Thread.run(Thread.java:748)
2019-10-13 20:34:16,804 [c6676a3b-9238-484a-870a-e78b36fd6b90@group-5D7F111F42E3-LeaderElection36] INFO  impl.LeaderElection (LogUtils.java:infoOrTrace(149)) - c6676a3b-9238-484a-870a-e78b36fd6b90@group-5D7F111F42E3-LeaderElection36 got exception when requesting votes: {}
java.util.concurrent.ExecutionException: org.apache.ratis.thirdparty.io.grpc.StatusRuntimeException: INTERNAL: cab3cae7-f0a1-4851-a661-63d582d319d1: group-5D7F111F42E3 not found.
	at java.util.concurrent.FutureTask.report(FutureTask.java:122)
	at java.util.concurrent.FutureTask.get(FutureTask.java:192)
	at org.apache.ratis.server.impl.LeaderElection.waitForResults(LeaderElection.java:259)
	at org.apache.ratis.server.impl.LeaderElection.askForVotes(LeaderElection.java:197)
	at org.apache.ratis.server.impl.LeaderElection.run(LeaderElection.java:133)
	at java.lang.Thread.run(Thread.java:748)
Caused by: org.apache.ratis.thirdparty.io.grpc.StatusRuntimeException: INTERNAL: cab3cae7-f0a1-4851-a661-63d582d319d1: group-5D7F111F42E3 not found.
	at org.apache.ratis.thirdparty.io.grpc.stub.ClientCalls.toStatusRuntimeException(ClientCalls.java:233)
	at org.apache.ratis.thirdparty.io.grpc.stub.ClientCalls.getUnchecked(ClientCalls.java:214)
	at org.apache.ratis.thirdparty.io.grpc.stub.ClientCalls.blockingUnaryCall(ClientCalls.java:139)
	at org.apache.ratis.proto.grpc.RaftServerProtocolServiceGrpc$RaftServerProtocolServiceBlockingStub.requestVote(RaftServerProtocolServiceGrpc.java:265)
	at org.apache.ratis.grpc.server.GrpcServerProtocolClient.requestVote(GrpcServerProtocolClient.java:99)
	at org.apache.ratis.grpc.server.GrpcService.requestVote(GrpcService.java:204)
	at org.apache.ratis.server.impl.LeaderElection.lambda$submitRequests$1(LeaderElection.java:234)
	at java.util.concurrent.FutureTask.run(FutureTask.java:266)
	at java.util.concurrent.Executors$RunnableAdapter.call(Executors.java:511)
	at java.util.concurrent.FutureTask.run(FutureTask.java:266)
	at java.util.concurrent.ThreadPoolExecutor.runWorker(ThreadPoolExecutor.java:1149)
	at java.util.concurrent.ThreadPoolExecutor$Worker.run(ThreadPoolExecutor.java:624)
	... 1 more
2019-10-13 20:34:16,808 [c6676a3b-9238-484a-870a-e78b36fd6b90@group-5D7F111F42E3-LeaderElection36] INFO  impl.LeaderElection (LogUtils.java:infoOrTrace(149)) - c6676a3b-9238-484a-870a-e78b36fd6b90@group-5D7F111F42E3-LeaderElection36 got exception when requesting votes: {}
java.util.concurrent.ExecutionException: org.apache.ratis.thirdparty.io.grpc.StatusRuntimeException: INTERNAL: 787c3207-a753-429a-a612-e3ac99d17bc9: group-5D7F111F42E3 not found.
	at java.util.concurrent.FutureTask.report(FutureTask.java:122)
	at java.util.concurrent.FutureTask.get(FutureTask.java:192)
	at org.apache.ratis.server.impl.LeaderElection.waitForResults(LeaderElection.java:259)
	at org.apache.ratis.server.impl.LeaderElection.askForVotes(LeaderElection.java:197)
	at org.apache.ratis.server.impl.LeaderElection.run(LeaderElection.java:133)
	at java.lang.Thread.run(Thread.java:748)
Caused by: org.apache.ratis.thirdparty.io.grpc.StatusRuntimeException: INTERNAL: 787c3207-a753-429a-a612-e3ac99d17bc9: group-5D7F111F42E3 not found.
	at org.apache.ratis.thirdparty.io.grpc.stub.ClientCalls.toStatusRuntimeException(ClientCalls.java:233)
	at org.apache.ratis.thirdparty.io.grpc.stub.ClientCalls.getUnchecked(ClientCalls.java:214)
	at org.apache.ratis.thirdparty.io.grpc.stub.ClientCalls.blockingUnaryCall(ClientCalls.java:139)
	at org.apache.ratis.proto.grpc.RaftServerProtocolServiceGrpc$RaftServerProtocolServiceBlockingStub.requestVote(RaftServerProtocolServiceGrpc.java:265)
	at org.apache.ratis.grpc.server.GrpcServerProtocolClient.requestVote(GrpcServerProtocolClient.java:99)
	at org.apache.ratis.grpc.server.GrpcService.requestVote(GrpcService.java:204)
	at org.apache.ratis.server.impl.LeaderElection.lambda$submitRequests$1(LeaderElection.java:234)
	at java.util.concurrent.FutureTask.run(FutureTask.java:266)
	at java.util.concurrent.Executors$RunnableAdapter.call(Executors.java:511)
	at java.util.concurrent.FutureTask.run(FutureTask.java:266)
	at java.util.concurrent.ThreadPoolExecutor.runWorker(ThreadPoolExecutor.java:1149)
	at java.util.concurrent.ThreadPoolExecutor$Worker.run(ThreadPoolExecutor.java:624)
	... 1 more
2019-10-13 20:34:16,811 [java.util.concurrent.ThreadPoolExecutor$Worker@dbb1acd[State = -1, empty queue]] WARN  server.GrpcLogAppender (GrpcLogAppender.java:timeoutAppendRequest(200)) - c6676a3b-9238-484a-870a-e78b36fd6b90@group-CCF72240D914->cab3cae7-f0a1-4851-a661-63d582d319d1-GrpcLogAppender: appendEntries Timeout, request=c6676a3b-9238-484a-870a-e78b36fd6b90->cab3cae7-f0a1-4851-a661-63d582d319d1#83-t6, previous=(t:6, i:2), leaderCommit=2, initializing? false, entries: <empty>
2019-10-13 20:34:16,812 [c6676a3b-9238-484a-870a-e78b36fd6b90@group-5D7F111F42E3-LeaderElection36] INFO  impl.LeaderElection (LeaderElection.java:logAndReturn(56)) - c6676a3b-9238-484a-870a-e78b36fd6b90@group-5D7F111F42E3-LeaderElection36: Election REJECTED; received 0 response(s) [] and 2 exception(s); c6676a3b-9238-484a-870a-e78b36fd6b90@group-5D7F111F42E3:t4, leader=null, voted=c6676a3b-9238-484a-870a-e78b36fd6b90, raftlog=c6676a3b-9238-484a-870a-e78b36fd6b90@group-5D7F111F42E3-SegmentedRaftLog:OPENED:c0,f0,i0, conf=0: [cab3cae7-f0a1-4851-a661-63d582d319d1:192.168.157.224:38398, 787c3207-a753-429a-a612-e3ac99d17bc9:192.168.157.224:45659, c6676a3b-9238-484a-870a-e78b36fd6b90:192.168.157.224:37064], old=null
2019-10-13 20:34:16,812 [c6676a3b-9238-484a-870a-e78b36fd6b90@group-5D7F111F42E3-LeaderElection36] INFO  impl.LeaderElection (LogUtils.java:infoOrTrace(149)) -   Exception 0: {}
java.util.concurrent.ExecutionException: org.apache.ratis.thirdparty.io.grpc.StatusRuntimeException: INTERNAL: cab3cae7-f0a1-4851-a661-63d582d319d1: group-5D7F111F42E3 not found.
	at java.util.concurrent.FutureTask.report(FutureTask.java:122)
	at java.util.concurrent.FutureTask.get(FutureTask.java:192)
	at org.apache.ratis.server.impl.LeaderElection.waitForResults(LeaderElection.java:259)
	at org.apache.ratis.server.impl.LeaderElection.askForVotes(LeaderElection.java:197)
	at org.apache.ratis.server.impl.LeaderElection.run(LeaderElection.java:133)
	at java.lang.Thread.run(Thread.java:748)
Caused by: org.apache.ratis.thirdparty.io.grpc.StatusRuntimeException: INTERNAL: cab3cae7-f0a1-4851-a661-63d582d319d1: group-5D7F111F42E3 not found.
	at org.apache.ratis.thirdparty.io.grpc.stub.ClientCalls.toStatusRuntimeException(ClientCalls.java:233)
	at org.apache.ratis.thirdparty.io.grpc.stub.ClientCalls.getUnchecked(ClientCalls.java:214)
	at org.apache.ratis.thirdparty.io.grpc.stub.ClientCalls.blockingUnaryCall(ClientCalls.java:139)
	at org.apache.ratis.proto.grpc.RaftServerProtocolServiceGrpc$RaftServerProtocolServiceBlockingStub.requestVote(RaftServerProtocolServiceGrpc.java:265)
	at org.apache.ratis.grpc.server.GrpcServerProtocolClient.requestVote(GrpcServerProtocolClient.java:99)
	at org.apache.ratis.grpc.server.GrpcService.requestVote(GrpcService.java:204)
	at org.apache.ratis.server.impl.LeaderElection.lambda$submitRequests$1(LeaderElection.java:234)
	at java.util.concurrent.FutureTask.run(FutureTask.java:266)
	at java.util.concurrent.Executors$RunnableAdapter.call(Executors.java:511)
	at java.util.concurrent.FutureTask.run(FutureTask.java:266)
	at java.util.concurrent.ThreadPoolExecutor.runWorker(ThreadPoolExecutor.java:1149)
	at java.util.concurrent.ThreadPoolExecutor$Worker.run(ThreadPoolExecutor.java:624)
	... 1 more
2019-10-13 20:34:16,812 [c6676a3b-9238-484a-870a-e78b36fd6b90@group-5D7F111F42E3-LeaderElection36] INFO  impl.LeaderElection (LogUtils.java:infoOrTrace(149)) -   Exception 1: {}
java.util.concurrent.ExecutionException: org.apache.ratis.thirdparty.io.grpc.StatusRuntimeException: INTERNAL: 787c3207-a753-429a-a612-e3ac99d17bc9: group-5D7F111F42E3 not found.
	at java.util.concurrent.FutureTask.report(FutureTask.java:122)
	at java.util.concurrent.FutureTask.get(FutureTask.java:192)
	at org.apache.ratis.server.impl.LeaderElection.waitForResults(LeaderElection.java:259)
	at org.apache.ratis.server.impl.LeaderElection.askForVotes(LeaderElection.java:197)
	at org.apache.ratis.server.impl.LeaderElection.run(LeaderElection.java:133)
	at java.lang.Thread.run(Thread.java:748)
Caused by: org.apache.ratis.thirdparty.io.grpc.StatusRuntimeException: INTERNAL: 787c3207-a753-429a-a612-e3ac99d17bc9: group-5D7F111F42E3 not found.
	at org.apache.ratis.thirdparty.io.grpc.stub.ClientCalls.toStatusRuntimeException(ClientCalls.java:233)
	at org.apache.ratis.thirdparty.io.grpc.stub.ClientCalls.getUnchecked(ClientCalls.java:214)
	at org.apache.ratis.thirdparty.io.grpc.stub.ClientCalls.blockingUnaryCall(ClientCalls.java:139)
	at org.apache.ratis.proto.grpc.RaftServerProtocolServiceGrpc$RaftServerProtocolServiceBlockingStub.requestVote(RaftServerProtocolServiceGrpc.java:265)
	at org.apache.ratis.grpc.server.GrpcServerProtocolClient.requestVote(GrpcServerProtocolClient.java:99)
	at org.apache.ratis.grpc.server.GrpcService.requestVote(GrpcService.java:204)
	at org.apache.ratis.server.impl.LeaderElection.lambda$submitRequests$1(LeaderElection.java:234)
	at java.util.concurrent.FutureTask.run(FutureTask.java:266)
	at java.util.concurrent.Executors$RunnableAdapter.call(Executors.java:511)
	at java.util.concurrent.FutureTask.run(FutureTask.java:266)
	at java.util.concurrent.ThreadPoolExecutor.runWorker(ThreadPoolExecutor.java:1149)
	at java.util.concurrent.ThreadPoolExecutor$Worker.run(ThreadPoolExecutor.java:624)
	... 1 more
2019-10-13 20:34:16,813 [c6676a3b-9238-484a-870a-e78b36fd6b90@group-5D7F111F42E3-LeaderElection36] INFO  impl.RaftServerImpl (RaftServerImpl.java:setRole(170)) - c6676a3b-9238-484a-870a-e78b36fd6b90@group-5D7F111F42E3: changes role from CANDIDATE to FOLLOWER at term 4 for DISCOVERED_A_NEW_TERM
2019-10-13 20:34:16,813 [c6676a3b-9238-484a-870a-e78b36fd6b90@group-5D7F111F42E3-LeaderElection36] INFO  impl.RoleInfo (RoleInfo.java:shutdownLeaderElection(134)) - c6676a3b-9238-484a-870a-e78b36fd6b90: shutdown LeaderElection
2019-10-13 20:34:16,813 [c6676a3b-9238-484a-870a-e78b36fd6b90@group-5D7F111F42E3-LeaderElection36] INFO  impl.RoleInfo (RoleInfo.java:updateAndGet(143)) - c6676a3b-9238-484a-870a-e78b36fd6b90: start FollowerState
2019-10-13 20:34:16,933 [java.util.concurrent.ThreadPoolExecutor$Worker@29c7306b[State = -1, empty queue]] WARN  server.GrpcLogAppender (GrpcLogAppender.java:timeoutAppendRequest(200)) - a62c5862-2413-45e1-a25a-271607b15565@group-C88106EEEC90->cab3cae7-f0a1-4851-a661-63d582d319d1-GrpcLogAppender: appendEntries Timeout, request=a62c5862-2413-45e1-a25a-271607b15565->cab3cae7-f0a1-4851-a661-63d582d319d1#94-t5, previous=(t:5, i:0), leaderCommit=0, initializing? false, entries: <empty>
2019-10-13 20:34:16,952 [java.util.concurrent.ThreadPoolExecutor$Worker@4c9c17fc[State = -1, empty queue]] WARN  server.GrpcLogAppender (GrpcLogAppender.java:timeoutAppendRequest(200)) - c6676a3b-9238-484a-870a-e78b36fd6b90@group-CCF72240D914->787c3207-a753-429a-a612-e3ac99d17bc9-GrpcLogAppender: appendEntries Timeout, request=c6676a3b-9238-484a-870a-e78b36fd6b90->787c3207-a753-429a-a612-e3ac99d17bc9#82-t6, previous=(t:6, i:2), leaderCommit=2, initializing? false, entries: <empty>
2019-10-13 20:34:17,087 [java.util.concurrent.ThreadPoolExecutor$Worker@2baf159d[State = -1, empty queue]] WARN  server.GrpcLogAppender (GrpcLogAppender.java:timeoutAppendRequest(200)) - a62c5862-2413-45e1-a25a-271607b15565@group-C88106EEEC90->787c3207-a753-429a-a612-e3ac99d17bc9-GrpcLogAppender: appendEntries Timeout, request=a62c5862-2413-45e1-a25a-271607b15565->787c3207-a753-429a-a612-e3ac99d17bc9#94-t5, previous=(t:5, i:0), leaderCommit=0, initializing? false, entries: <empty>
2019-10-13 20:34:17,310 [java.util.concurrent.ThreadPoolExecutor$Worker@dbb1acd[State = -1, empty queue]] WARN  server.GrpcLogAppender (GrpcLogAppender.java:timeoutAppendRequest(200)) - c6676a3b-9238-484a-870a-e78b36fd6b90@group-CCF72240D914->cab3cae7-f0a1-4851-a661-63d582d319d1-GrpcLogAppender: appendEntries Timeout, request=c6676a3b-9238-484a-870a-e78b36fd6b90->cab3cae7-f0a1-4851-a661-63d582d319d1#84-t6, previous=(t:6, i:2), leaderCommit=2, initializing? false, entries: <empty>
2019-10-13 20:34:17,433 [java.util.concurrent.ThreadPoolExecutor$Worker@29c7306b[State = -1, empty queue]] WARN  server.GrpcLogAppender (GrpcLogAppender.java:timeoutAppendRequest(200)) - a62c5862-2413-45e1-a25a-271607b15565@group-C88106EEEC90->cab3cae7-f0a1-4851-a661-63d582d319d1-GrpcLogAppender: appendEntries Timeout, request=a62c5862-2413-45e1-a25a-271607b15565->cab3cae7-f0a1-4851-a661-63d582d319d1#95-t5, previous=(t:5, i:0), leaderCommit=0, initializing? false, entries: <empty>
2019-10-13 20:34:17,452 [java.util.concurrent.ThreadPoolExecutor$Worker@4c9c17fc[State = -1, empty queue]] WARN  server.GrpcLogAppender (GrpcLogAppender.java:timeoutAppendRequest(200)) - c6676a3b-9238-484a-870a-e78b36fd6b90@group-CCF72240D914->787c3207-a753-429a-a612-e3ac99d17bc9-GrpcLogAppender: appendEntries Timeout, request=c6676a3b-9238-484a-870a-e78b36fd6b90->787c3207-a753-429a-a612-e3ac99d17bc9#83-t6, previous=(t:6, i:2), leaderCommit=2, initializing? false, entries: <empty>
2019-10-13 20:34:17,588 [java.util.concurrent.ThreadPoolExecutor$Worker@2baf159d[State = -1, empty queue]] WARN  server.GrpcLogAppender (GrpcLogAppender.java:timeoutAppendRequest(200)) - a62c5862-2413-45e1-a25a-271607b15565@group-C88106EEEC90->787c3207-a753-429a-a612-e3ac99d17bc9-GrpcLogAppender: appendEntries Timeout, request=a62c5862-2413-45e1-a25a-271607b15565->787c3207-a753-429a-a612-e3ac99d17bc9#95-t5, previous=(t:5, i:0), leaderCommit=0, initializing? false, entries: <empty>
2019-10-13 20:34:17,642 [main] INFO  ozone.MiniOzoneClusterImpl (MiniOzoneClusterImpl.java:lambda$waitForClusterToBeReady$0(147)) - Waiting for cluster to be ready. Got 0 of 7 DN Heartbeats.
2019-10-13 20:34:17,810 [java.util.concurrent.ThreadPoolExecutor$Worker@dbb1acd[State = -1, empty queue]] WARN  server.GrpcLogAppender (GrpcLogAppender.java:timeoutAppendRequest(200)) - c6676a3b-9238-484a-870a-e78b36fd6b90@group-CCF72240D914->cab3cae7-f0a1-4851-a661-63d582d319d1-GrpcLogAppender: appendEntries Timeout, request=c6676a3b-9238-484a-870a-e78b36fd6b90->cab3cae7-f0a1-4851-a661-63d582d319d1#85-t6, previous=(t:6, i:2), leaderCommit=2, initializing? false, entries: <empty>
2019-10-13 20:34:17,858 [Thread-1514] INFO  impl.FollowerState (FollowerState.java:run(108)) - c6676a3b-9238-484a-870a-e78b36fd6b90@group-5D7F111F42E3-FollowerState: change to CANDIDATE, lastRpcTime:1044ms, electionTimeout:1044ms
2019-10-13 20:34:17,858 [Thread-1514] INFO  impl.RoleInfo (RoleInfo.java:shutdownFollowerState(121)) - c6676a3b-9238-484a-870a-e78b36fd6b90: shutdown FollowerState
2019-10-13 20:34:17,858 [Thread-1514] INFO  impl.RaftServerImpl (RaftServerImpl.java:setRole(170)) - c6676a3b-9238-484a-870a-e78b36fd6b90@group-5D7F111F42E3: changes role from  FOLLOWER to CANDIDATE at term 4 for changeToCandidate
2019-10-13 20:34:17,858 [Thread-1514] INFO  impl.RoleInfo (RoleInfo.java:updateAndGet(143)) - c6676a3b-9238-484a-870a-e78b36fd6b90: start LeaderElection
2019-10-13 20:34:17,873 [c6676a3b-9238-484a-870a-e78b36fd6b90@group-5D7F111F42E3-LeaderElection37] INFO  impl.LeaderElection (LeaderElection.java:askForVotes(178)) - c6676a3b-9238-484a-870a-e78b36fd6b90@group-5D7F111F42E3-LeaderElection37: begin an election at term 5 for 0: [cab3cae7-f0a1-4851-a661-63d582d319d1:192.168.157.224:38398, 787c3207-a753-429a-a612-e3ac99d17bc9:192.168.157.224:45659, c6676a3b-9238-484a-870a-e78b36fd6b90:192.168.157.224:37064], old=null
2019-10-13 20:34:17,875 [grpc-default-executor-3] WARN  server.GrpcServerProtocolService (LogUtils.java:warn(136)) - cab3cae7-f0a1-4851-a661-63d582d319d1: Failed requestVote c6676a3b-9238-484a-870a-e78b36fd6b90->cab3cae7-f0a1-4851-a661-63d582d319d1#0
org.apache.ratis.protocol.GroupMismatchException: cab3cae7-f0a1-4851-a661-63d582d319d1: group-5D7F111F42E3 not found.
	at org.apache.ratis.server.impl.RaftServerProxy$ImplMap.get(RaftServerProxy.java:122)
	at org.apache.ratis.server.impl.RaftServerProxy.getImplFuture(RaftServerProxy.java:269)
	at org.apache.ratis.server.impl.RaftServerProxy.getImpl(RaftServerProxy.java:278)
	at org.apache.ratis.server.impl.RaftServerProxy.getImpl(RaftServerProxy.java:273)
	at org.apache.ratis.server.impl.RaftServerProxy.requestVote(RaftServerProxy.java:443)
	at org.apache.ratis.grpc.server.GrpcServerProtocolService.requestVote(GrpcServerProtocolService.java:142)
	at org.apache.ratis.proto.grpc.RaftServerProtocolServiceGrpc$MethodHandlers.invoke(RaftServerProtocolServiceGrpc.java:319)
	at org.apache.ratis.thirdparty.io.grpc.stub.ServerCalls$UnaryServerCallHandler$UnaryServerCallListener.onHalfClose(ServerCalls.java:171)
	at org.apache.ratis.thirdparty.io.grpc.internal.ServerCallImpl$ServerStreamListenerImpl.halfClosed(ServerCallImpl.java:283)
	at org.apache.ratis.thirdparty.io.grpc.internal.ServerImpl$JumpToApplicationThreadServerStreamListener$1HalfClosed.runInContext(ServerImpl.java:710)
	at org.apache.ratis.thirdparty.io.grpc.internal.ContextRunnable.run(ContextRunnable.java:37)
	at org.apache.ratis.thirdparty.io.grpc.internal.SerializingExecutor.run(SerializingExecutor.java:123)
	at java.util.concurrent.ThreadPoolExecutor.runWorker(ThreadPoolExecutor.java:1149)
	at java.util.concurrent.ThreadPoolExecutor$Worker.run(ThreadPoolExecutor.java:624)
	at java.lang.Thread.run(Thread.java:748)
2019-10-13 20:34:17,876 [grpc-default-executor-0] WARN  server.GrpcServerProtocolService (LogUtils.java:warn(136)) - 787c3207-a753-429a-a612-e3ac99d17bc9: Failed requestVote c6676a3b-9238-484a-870a-e78b36fd6b90->787c3207-a753-429a-a612-e3ac99d17bc9#0
org.apache.ratis.protocol.GroupMismatchException: 787c3207-a753-429a-a612-e3ac99d17bc9: group-5D7F111F42E3 not found.
	at org.apache.ratis.server.impl.RaftServerProxy$ImplMap.get(RaftServerProxy.java:122)
	at org.apache.ratis.server.impl.RaftServerProxy.getImplFuture(RaftServerProxy.java:269)
	at org.apache.ratis.server.impl.RaftServerProxy.getImpl(RaftServerProxy.java:278)
	at org.apache.ratis.server.impl.RaftServerProxy.getImpl(RaftServerProxy.java:273)
	at org.apache.ratis.server.impl.RaftServerProxy.requestVote(RaftServerProxy.java:443)
	at org.apache.ratis.grpc.server.GrpcServerProtocolService.requestVote(GrpcServerProtocolService.java:142)
	at org.apache.ratis.proto.grpc.RaftServerProtocolServiceGrpc$MethodHandlers.invoke(RaftServerProtocolServiceGrpc.java:319)
	at org.apache.ratis.thirdparty.io.grpc.stub.ServerCalls$UnaryServerCallHandler$UnaryServerCallListener.onHalfClose(ServerCalls.java:171)
	at org.apache.ratis.thirdparty.io.grpc.internal.ServerCallImpl$ServerStreamListenerImpl.halfClosed(ServerCallImpl.java:283)
	at org.apache.ratis.thirdparty.io.grpc.internal.ServerImpl$JumpToApplicationThreadServerStreamListener$1HalfClosed.runInContext(ServerImpl.java:710)
	at org.apache.ratis.thirdparty.io.grpc.internal.ContextRunnable.run(ContextRunnable.java:37)
	at org.apache.ratis.thirdparty.io.grpc.internal.SerializingExecutor.run(SerializingExecutor.java:123)
	at java.util.concurrent.ThreadPoolExecutor.runWorker(ThreadPoolExecutor.java:1149)
	at java.util.concurrent.ThreadPoolExecutor$Worker.run(ThreadPoolExecutor.java:624)
	at java.lang.Thread.run(Thread.java:748)
2019-10-13 20:34:17,879 [c6676a3b-9238-484a-870a-e78b36fd6b90@group-5D7F111F42E3-LeaderElection37] INFO  impl.LeaderElection (LogUtils.java:infoOrTrace(149)) - c6676a3b-9238-484a-870a-e78b36fd6b90@group-5D7F111F42E3-LeaderElection37 got exception when requesting votes: {}
java.util.concurrent.ExecutionException: org.apache.ratis.thirdparty.io.grpc.StatusRuntimeException: INTERNAL: 787c3207-a753-429a-a612-e3ac99d17bc9: group-5D7F111F42E3 not found.
	at java.util.concurrent.FutureTask.report(FutureTask.java:122)
	at java.util.concurrent.FutureTask.get(FutureTask.java:192)
	at org.apache.ratis.server.impl.LeaderElection.waitForResults(LeaderElection.java:259)
	at org.apache.ratis.server.impl.LeaderElection.askForVotes(LeaderElection.java:197)
	at org.apache.ratis.server.impl.LeaderElection.run(LeaderElection.java:133)
	at java.lang.Thread.run(Thread.java:748)
Caused by: org.apache.ratis.thirdparty.io.grpc.StatusRuntimeException: INTERNAL: 787c3207-a753-429a-a612-e3ac99d17bc9: group-5D7F111F42E3 not found.
	at org.apache.ratis.thirdparty.io.grpc.stub.ClientCalls.toStatusRuntimeException(ClientCalls.java:233)
	at org.apache.ratis.thirdparty.io.grpc.stub.ClientCalls.getUnchecked(ClientCalls.java:214)
	at org.apache.ratis.thirdparty.io.grpc.stub.ClientCalls.blockingUnaryCall(ClientCalls.java:139)
	at org.apache.ratis.proto.grpc.RaftServerProtocolServiceGrpc$RaftServerProtocolServiceBlockingStub.requestVote(RaftServerProtocolServiceGrpc.java:265)
	at org.apache.ratis.grpc.server.GrpcServerProtocolClient.requestVote(GrpcServerProtocolClient.java:99)
	at org.apache.ratis.grpc.server.GrpcService.requestVote(GrpcService.java:204)
	at org.apache.ratis.server.impl.LeaderElection.lambda$submitRequests$1(LeaderElection.java:234)
	at java.util.concurrent.FutureTask.run(FutureTask.java:266)
	at java.util.concurrent.Executors$RunnableAdapter.call(Executors.java:511)
	at java.util.concurrent.FutureTask.run(FutureTask.java:266)
	at java.util.concurrent.ThreadPoolExecutor.runWorker(ThreadPoolExecutor.java:1149)
	at java.util.concurrent.ThreadPoolExecutor$Worker.run(ThreadPoolExecutor.java:624)
	... 1 more
2019-10-13 20:34:17,884 [c6676a3b-9238-484a-870a-e78b36fd6b90@group-5D7F111F42E3-LeaderElection37] INFO  impl.LeaderElection (LogUtils.java:infoOrTrace(149)) - c6676a3b-9238-484a-870a-e78b36fd6b90@group-5D7F111F42E3-LeaderElection37 got exception when requesting votes: {}
java.util.concurrent.ExecutionException: org.apache.ratis.thirdparty.io.grpc.StatusRuntimeException: INTERNAL: cab3cae7-f0a1-4851-a661-63d582d319d1: group-5D7F111F42E3 not found.
	at java.util.concurrent.FutureTask.report(FutureTask.java:122)
	at java.util.concurrent.FutureTask.get(FutureTask.java:192)
	at org.apache.ratis.server.impl.LeaderElection.waitForResults(LeaderElection.java:259)
	at org.apache.ratis.server.impl.LeaderElection.askForVotes(LeaderElection.java:197)
	at org.apache.ratis.server.impl.LeaderElection.run(LeaderElection.java:133)
	at java.lang.Thread.run(Thread.java:748)
Caused by: org.apache.ratis.thirdparty.io.grpc.StatusRuntimeException: INTERNAL: cab3cae7-f0a1-4851-a661-63d582d319d1: group-5D7F111F42E3 not found.
	at org.apache.ratis.thirdparty.io.grpc.stub.ClientCalls.toStatusRuntimeException(ClientCalls.java:233)
	at org.apache.ratis.thirdparty.io.grpc.stub.ClientCalls.getUnchecked(ClientCalls.java:214)
	at org.apache.ratis.thirdparty.io.grpc.stub.ClientCalls.blockingUnaryCall(ClientCalls.java:139)
	at org.apache.ratis.proto.grpc.RaftServerProtocolServiceGrpc$RaftServerProtocolServiceBlockingStub.requestVote(RaftServerProtocolServiceGrpc.java:265)
	at org.apache.ratis.grpc.server.GrpcServerProtocolClient.requestVote(GrpcServerProtocolClient.java:99)
	at org.apache.ratis.grpc.server.GrpcService.requestVote(GrpcService.java:204)
	at org.apache.ratis.server.impl.LeaderElection.lambda$submitRequests$1(LeaderElection.java:234)
	at java.util.concurrent.FutureTask.run(FutureTask.java:266)
	at java.util.concurrent.Executors$RunnableAdapter.call(Executors.java:511)
	at java.util.concurrent.FutureTask.run(FutureTask.java:266)
	at java.util.concurrent.ThreadPoolExecutor.runWorker(ThreadPoolExecutor.java:1149)
	at java.util.concurrent.ThreadPoolExecutor$Worker.run(ThreadPoolExecutor.java:624)
	... 1 more
2019-10-13 20:34:17,898 [c6676a3b-9238-484a-870a-e78b36fd6b90@group-5D7F111F42E3-LeaderElection37] INFO  impl.LeaderElection (LeaderElection.java:logAndReturn(56)) - c6676a3b-9238-484a-870a-e78b36fd6b90@group-5D7F111F42E3-LeaderElection37: Election REJECTED; received 0 response(s) [] and 2 exception(s); c6676a3b-9238-484a-870a-e78b36fd6b90@group-5D7F111F42E3:t5, leader=null, voted=c6676a3b-9238-484a-870a-e78b36fd6b90, raftlog=c6676a3b-9238-484a-870a-e78b36fd6b90@group-5D7F111F42E3-SegmentedRaftLog:OPENED:c0,f0,i0, conf=0: [cab3cae7-f0a1-4851-a661-63d582d319d1:192.168.157.224:38398, 787c3207-a753-429a-a612-e3ac99d17bc9:192.168.157.224:45659, c6676a3b-9238-484a-870a-e78b36fd6b90:192.168.157.224:37064], old=null
2019-10-13 20:34:17,899 [c6676a3b-9238-484a-870a-e78b36fd6b90@group-5D7F111F42E3-LeaderElection37] INFO  impl.LeaderElection (LogUtils.java:infoOrTrace(149)) -   Exception 0: {}
java.util.concurrent.ExecutionException: org.apache.ratis.thirdparty.io.grpc.StatusRuntimeException: INTERNAL: 787c3207-a753-429a-a612-e3ac99d17bc9: group-5D7F111F42E3 not found.
	at java.util.concurrent.FutureTask.report(FutureTask.java:122)
	at java.util.concurrent.FutureTask.get(FutureTask.java:192)
	at org.apache.ratis.server.impl.LeaderElection.waitForResults(LeaderElection.java:259)
	at org.apache.ratis.server.impl.LeaderElection.askForVotes(LeaderElection.java:197)
	at org.apache.ratis.server.impl.LeaderElection.run(LeaderElection.java:133)
	at java.lang.Thread.run(Thread.java:748)
Caused by: org.apache.ratis.thirdparty.io.grpc.StatusRuntimeException: INTERNAL: 787c3207-a753-429a-a612-e3ac99d17bc9: group-5D7F111F42E3 not found.
	at org.apache.ratis.thirdparty.io.grpc.stub.ClientCalls.toStatusRuntimeException(ClientCalls.java:233)
	at org.apache.ratis.thirdparty.io.grpc.stub.ClientCalls.getUnchecked(ClientCalls.java:214)
	at org.apache.ratis.thirdparty.io.grpc.stub.ClientCalls.blockingUnaryCall(ClientCalls.java:139)
	at org.apache.ratis.proto.grpc.RaftServerProtocolServiceGrpc$RaftServerProtocolServiceBlockingStub.requestVote(RaftServerProtocolServiceGrpc.java:265)
	at org.apache.ratis.grpc.server.GrpcServerProtocolClient.requestVote(GrpcServerProtocolClient.java:99)
	at org.apache.ratis.grpc.server.GrpcService.requestVote(GrpcService.java:204)
	at org.apache.ratis.server.impl.LeaderElection.lambda$submitRequests$1(LeaderElection.java:234)
	at java.util.concurrent.FutureTask.run(FutureTask.java:266)
	at java.util.concurrent.Executors$RunnableAdapter.call(Executors.java:511)
	at java.util.concurrent.FutureTask.run(FutureTask.java:266)
	at java.util.concurrent.ThreadPoolExecutor.runWorker(ThreadPoolExecutor.java:1149)
	at java.util.concurrent.ThreadPoolExecutor$Worker.run(ThreadPoolExecutor.java:624)
	... 1 more
2019-10-13 20:34:17,899 [c6676a3b-9238-484a-870a-e78b36fd6b90@group-5D7F111F42E3-LeaderElection37] INFO  impl.LeaderElection (LogUtils.java:infoOrTrace(149)) -   Exception 1: {}
java.util.concurrent.ExecutionException: org.apache.ratis.thirdparty.io.grpc.StatusRuntimeException: INTERNAL: cab3cae7-f0a1-4851-a661-63d582d319d1: group-5D7F111F42E3 not found.
	at java.util.concurrent.FutureTask.report(FutureTask.java:122)
	at java.util.concurrent.FutureTask.get(FutureTask.java:192)
	at org.apache.ratis.server.impl.LeaderElection.waitForResults(LeaderElection.java:259)
	at org.apache.ratis.server.impl.LeaderElection.askForVotes(LeaderElection.java:197)
	at org.apache.ratis.server.impl.LeaderElection.run(LeaderElection.java:133)
	at java.lang.Thread.run(Thread.java:748)
Caused by: org.apache.ratis.thirdparty.io.grpc.StatusRuntimeException: INTERNAL: cab3cae7-f0a1-4851-a661-63d582d319d1: group-5D7F111F42E3 not found.
	at org.apache.ratis.thirdparty.io.grpc.stub.ClientCalls.toStatusRuntimeException(ClientCalls.java:233)
	at org.apache.ratis.thirdparty.io.grpc.stub.ClientCalls.getUnchecked(ClientCalls.java:214)
	at org.apache.ratis.thirdparty.io.grpc.stub.ClientCalls.blockingUnaryCall(ClientCalls.java:139)
	at org.apache.ratis.proto.grpc.RaftServerProtocolServiceGrpc$RaftServerProtocolServiceBlockingStub.requestVote(RaftServerProtocolServiceGrpc.java:265)
	at org.apache.ratis.grpc.server.GrpcServerProtocolClient.requestVote(GrpcServerProtocolClient.java:99)
	at org.apache.ratis.grpc.server.GrpcService.requestVote(GrpcService.java:204)
	at org.apache.ratis.server.impl.LeaderElection.lambda$submitRequests$1(LeaderElection.java:234)
	at java.util.concurrent.FutureTask.run(FutureTask.java:266)
	at java.util.concurrent.Executors$RunnableAdapter.call(Executors.java:511)
	at java.util.concurrent.FutureTask.run(FutureTask.java:266)
	at java.util.concurrent.ThreadPoolExecutor.runWorker(ThreadPoolExecutor.java:1149)
	at java.util.concurrent.ThreadPoolExecutor$Worker.run(ThreadPoolExecutor.java:624)
	... 1 more
2019-10-13 20:34:17,899 [c6676a3b-9238-484a-870a-e78b36fd6b90@group-5D7F111F42E3-LeaderElection37] INFO  impl.RaftServerImpl (RaftServerImpl.java:setRole(170)) - c6676a3b-9238-484a-870a-e78b36fd6b90@group-5D7F111F42E3: changes role from CANDIDATE to FOLLOWER at term 5 for DISCOVERED_A_NEW_TERM
2019-10-13 20:34:17,899 [c6676a3b-9238-484a-870a-e78b36fd6b90@group-5D7F111F42E3-LeaderElection37] INFO  impl.RoleInfo (RoleInfo.java:shutdownLeaderElection(134)) - c6676a3b-9238-484a-870a-e78b36fd6b90: shutdown LeaderElection
2019-10-13 20:34:17,900 [c6676a3b-9238-484a-870a-e78b36fd6b90@group-5D7F111F42E3-LeaderElection37] INFO  impl.RoleInfo (RoleInfo.java:updateAndGet(143)) - c6676a3b-9238-484a-870a-e78b36fd6b90: start FollowerState
2019-10-13 20:34:17,934 [java.util.concurrent.ThreadPoolExecutor$Worker@29c7306b[State = -1, empty queue]] WARN  server.GrpcLogAppender (GrpcLogAppender.java:timeoutAppendRequest(200)) - a62c5862-2413-45e1-a25a-271607b15565@group-C88106EEEC90->cab3cae7-f0a1-4851-a661-63d582d319d1-GrpcLogAppender: appendEntries Timeout, request=a62c5862-2413-45e1-a25a-271607b15565->cab3cae7-f0a1-4851-a661-63d582d319d1#96-t5, previous=(t:5, i:0), leaderCommit=0, initializing? false, entries: <empty>
2019-10-13 20:34:17,952 [java.util.concurrent.ThreadPoolExecutor$Worker@4c9c17fc[State = -1, empty queue]] WARN  server.GrpcLogAppender (GrpcLogAppender.java:timeoutAppendRequest(200)) - c6676a3b-9238-484a-870a-e78b36fd6b90@group-CCF72240D914->787c3207-a753-429a-a612-e3ac99d17bc9-GrpcLogAppender: appendEntries Timeout, request=c6676a3b-9238-484a-870a-e78b36fd6b90->787c3207-a753-429a-a612-e3ac99d17bc9#84-t6, previous=(t:6, i:2), leaderCommit=2, initializing? false, entries: <empty>
2019-10-13 20:34:18,039 [Datanode State Machine Thread - 0] INFO  ozoneimpl.OzoneContainer (OzoneContainer.java:start(213)) - Attempting to start container services.
2019-10-13 20:34:18,039 [Datanode State Machine Thread - 0] INFO  ozoneimpl.OzoneContainer (OzoneContainer.java:startContainerScrub(177)) - Background container scanner has been disabled.
2019-10-13 20:34:18,039 [Datanode State Machine Thread - 0] INFO  ratis.XceiverServerRatis (XceiverServerRatis.java:start(418)) - Starting XceiverServerRatis 25fb0338-209f-4f69-825b-6b7257c56b18 at port 0
2019-10-13 20:34:18,047 [Datanode State Machine Thread - 0] INFO  impl.RaftServerProxy (RaftServerProxy.java:lambda$start$3(299)) - 25fb0338-209f-4f69-825b-6b7257c56b18: start RPC server
2019-10-13 20:34:18,050 [Datanode State Machine Thread - 0] INFO  server.GrpcService (GrpcService.java:startImpl(158)) - 25fb0338-209f-4f69-825b-6b7257c56b18: GrpcService started, listening on 0.0.0.0/0.0.0.0:45372
2019-10-13 20:34:18,051 [Datanode State Machine Thread - 0] INFO  ratis.XceiverServerRatis (XceiverServerRatis.java:start(428)) - XceiverServerRatis 25fb0338-209f-4f69-825b-6b7257c56b18 is started using port 45372
2019-10-13 20:34:18,054 [Datanode State Machine Thread - 0] INFO  server.XceiverServerGrpc (XceiverServerGrpc.java:start(149)) - XceiverServerGrpc 25fb0338-209f-4f69-825b-6b7257c56b18 is started using port 33820
2019-10-13 20:34:18,088 [java.util.concurrent.ThreadPoolExecutor$Worker@2baf159d[State = -1, empty queue]] WARN  server.GrpcLogAppender (GrpcLogAppender.java:timeoutAppendRequest(200)) - a62c5862-2413-45e1-a25a-271607b15565@group-C88106EEEC90->787c3207-a753-429a-a612-e3ac99d17bc9-GrpcLogAppender: appendEntries Timeout, request=a62c5862-2413-45e1-a25a-271607b15565->787c3207-a753-429a-a612-e3ac99d17bc9#96-t5, previous=(t:5, i:0), leaderCommit=0, initializing? false, entries: <empty>
2019-10-13 20:34:18,126 [Datanode State Machine Thread - 0] INFO  ozoneimpl.OzoneContainer (OzoneContainer.java:start(213)) - Attempting to start container services.
2019-10-13 20:34:18,127 [Datanode State Machine Thread - 0] INFO  ozoneimpl.OzoneContainer (OzoneContainer.java:startContainerScrub(177)) - Background container scanner has been disabled.
2019-10-13 20:34:18,127 [Datanode State Machine Thread - 0] INFO  ratis.XceiverServerRatis (XceiverServerRatis.java:start(418)) - Starting XceiverServerRatis 3194ff55-4fd6-4b20-b65d-8d8726a38cdd at port 0
2019-10-13 20:34:18,136 [Datanode State Machine Thread - 0] INFO  impl.RaftServerProxy (RaftServerProxy.java:lambda$start$3(299)) - 3194ff55-4fd6-4b20-b65d-8d8726a38cdd: start RPC server
2019-10-13 20:34:18,137 [Datanode State Machine Thread - 0] INFO  server.GrpcService (GrpcService.java:startImpl(158)) - 3194ff55-4fd6-4b20-b65d-8d8726a38cdd: GrpcService started, listening on 0.0.0.0/0.0.0.0:45249
2019-10-13 20:34:18,137 [Datanode State Machine Thread - 0] INFO  ratis.XceiverServerRatis (XceiverServerRatis.java:start(428)) - XceiverServerRatis 3194ff55-4fd6-4b20-b65d-8d8726a38cdd is started using port 45249
2019-10-13 20:34:18,138 [Datanode State Machine Thread - 0] INFO  server.XceiverServerGrpc (XceiverServerGrpc.java:start(149)) - XceiverServerGrpc 3194ff55-4fd6-4b20-b65d-8d8726a38cdd is started using port 36491
2019-10-13 20:34:18,223 [Datanode State Machine Thread - 0] INFO  ozoneimpl.OzoneContainer (OzoneContainer.java:start(213)) - Attempting to start container services.
2019-10-13 20:34:18,224 [Datanode State Machine Thread - 0] INFO  ozoneimpl.OzoneContainer (OzoneContainer.java:startContainerScrub(177)) - Background container scanner has been disabled.
2019-10-13 20:34:18,224 [Datanode State Machine Thread - 0] INFO  ratis.XceiverServerRatis (XceiverServerRatis.java:start(418)) - Starting XceiverServerRatis aadf9f79-694c-46a6-b55c-827d59c43739 at port 0
2019-10-13 20:34:18,232 [Datanode State Machine Thread - 0] INFO  impl.RaftServerProxy (RaftServerProxy.java:lambda$start$3(299)) - aadf9f79-694c-46a6-b55c-827d59c43739: start RPC server
2019-10-13 20:34:18,232 [Datanode State Machine Thread - 0] INFO  server.GrpcService (GrpcService.java:startImpl(158)) - aadf9f79-694c-46a6-b55c-827d59c43739: GrpcService started, listening on 0.0.0.0/0.0.0.0:36251
2019-10-13 20:34:18,233 [Datanode State Machine Thread - 0] INFO  ratis.XceiverServerRatis (XceiverServerRatis.java:start(428)) - XceiverServerRatis aadf9f79-694c-46a6-b55c-827d59c43739 is started using port 36251
2019-10-13 20:34:18,237 [Datanode State Machine Thread - 0] INFO  server.XceiverServerGrpc (XceiverServerGrpc.java:start(149)) - XceiverServerGrpc aadf9f79-694c-46a6-b55c-827d59c43739 is started using port 42602
2019-10-13 20:34:18,311 [java.util.concurrent.ThreadPoolExecutor$Worker@dbb1acd[State = -1, empty queue]] WARN  server.GrpcLogAppender (GrpcLogAppender.java:timeoutAppendRequest(200)) - c6676a3b-9238-484a-870a-e78b36fd6b90@group-CCF72240D914->cab3cae7-f0a1-4851-a661-63d582d319d1-GrpcLogAppender: appendEntries Timeout, request=c6676a3b-9238-484a-870a-e78b36fd6b90->cab3cae7-f0a1-4851-a661-63d582d319d1#86-t6, previous=(t:6, i:2), leaderCommit=2, initializing? false, entries: <empty>
2019-10-13 20:34:18,324 [Datanode State Machine Thread - 0] INFO  ozoneimpl.OzoneContainer (OzoneContainer.java:start(213)) - Attempting to start container services.
2019-10-13 20:34:18,325 [Datanode State Machine Thread - 0] INFO  ozoneimpl.OzoneContainer (OzoneContainer.java:startContainerScrub(177)) - Background container scanner has been disabled.
2019-10-13 20:34:18,325 [Datanode State Machine Thread - 0] INFO  ratis.XceiverServerRatis (XceiverServerRatis.java:start(418)) - Starting XceiverServerRatis 732f13f1-effb-415c-bad5-ecb4cbb65b5c at port 0
2019-10-13 20:34:18,332 [Datanode State Machine Thread - 0] INFO  impl.RaftServerProxy (RaftServerProxy.java:lambda$start$3(299)) - 732f13f1-effb-415c-bad5-ecb4cbb65b5c: start RPC server
2019-10-13 20:34:18,337 [Datanode State Machine Thread - 0] INFO  server.GrpcService (GrpcService.java:startImpl(158)) - 732f13f1-effb-415c-bad5-ecb4cbb65b5c: GrpcService started, listening on 0.0.0.0/0.0.0.0:33976
2019-10-13 20:34:18,337 [Datanode State Machine Thread - 0] INFO  ratis.XceiverServerRatis (XceiverServerRatis.java:start(428)) - XceiverServerRatis 732f13f1-effb-415c-bad5-ecb4cbb65b5c is started using port 33976
2019-10-13 20:34:18,337 [Datanode State Machine Thread - 0] INFO  server.XceiverServerGrpc (XceiverServerGrpc.java:start(149)) - XceiverServerGrpc 732f13f1-effb-415c-bad5-ecb4cbb65b5c is started using port 41745
2019-10-13 20:34:18,411 [Datanode State Machine Thread - 0] INFO  ozoneimpl.OzoneContainer (OzoneContainer.java:start(213)) - Attempting to start container services.
2019-10-13 20:34:18,413 [Datanode State Machine Thread - 0] INFO  ozoneimpl.OzoneContainer (OzoneContainer.java:startContainerScrub(177)) - Background container scanner has been disabled.
2019-10-13 20:34:18,413 [Datanode State Machine Thread - 0] INFO  ratis.XceiverServerRatis (XceiverServerRatis.java:start(418)) - Starting XceiverServerRatis e5e75258-b30c-4414-b37a-9f78f5c93f4e at port 0
2019-10-13 20:34:18,421 [Datanode State Machine Thread - 0] INFO  impl.RaftServerProxy (RaftServerProxy.java:lambda$start$3(299)) - e5e75258-b30c-4414-b37a-9f78f5c93f4e: start RPC server
2019-10-13 20:34:18,425 [Datanode State Machine Thread - 0] INFO  server.GrpcService (GrpcService.java:startImpl(158)) - e5e75258-b30c-4414-b37a-9f78f5c93f4e: GrpcService started, listening on 0.0.0.0/0.0.0.0:44126
2019-10-13 20:34:18,426 [Datanode State Machine Thread - 0] INFO  ratis.XceiverServerRatis (XceiverServerRatis.java:start(428)) - XceiverServerRatis e5e75258-b30c-4414-b37a-9f78f5c93f4e is started using port 44126
2019-10-13 20:34:18,429 [Datanode State Machine Thread - 0] INFO  server.XceiverServerGrpc (XceiverServerGrpc.java:start(149)) - XceiverServerGrpc e5e75258-b30c-4414-b37a-9f78f5c93f4e is started using port 39601
2019-10-13 20:34:18,434 [java.util.concurrent.ThreadPoolExecutor$Worker@29c7306b[State = -1, empty queue]] WARN  server.GrpcLogAppender (GrpcLogAppender.java:timeoutAppendRequest(200)) - a62c5862-2413-45e1-a25a-271607b15565@group-C88106EEEC90->cab3cae7-f0a1-4851-a661-63d582d319d1-GrpcLogAppender: appendEntries Timeout, request=a62c5862-2413-45e1-a25a-271607b15565->cab3cae7-f0a1-4851-a661-63d582d319d1#97-t5, previous=(t:5, i:0), leaderCommit=0, initializing? false, entries: <empty>
2019-10-13 20:34:18,453 [java.util.concurrent.ThreadPoolExecutor$Worker@4c9c17fc[State = -1, empty queue]] WARN  server.GrpcLogAppender (GrpcLogAppender.java:timeoutAppendRequest(200)) - c6676a3b-9238-484a-870a-e78b36fd6b90@group-CCF72240D914->787c3207-a753-429a-a612-e3ac99d17bc9-GrpcLogAppender: appendEntries Timeout, request=c6676a3b-9238-484a-870a-e78b36fd6b90->787c3207-a753-429a-a612-e3ac99d17bc9#85-t6, previous=(t:6, i:2), leaderCommit=2, initializing? false, entries: <empty>
2019-10-13 20:34:18,563 [Datanode State Machine Thread - 0] INFO  ozoneimpl.OzoneContainer (OzoneContainer.java:start(213)) - Attempting to start container services.
2019-10-13 20:34:18,563 [Datanode State Machine Thread - 0] INFO  ozoneimpl.OzoneContainer (OzoneContainer.java:startContainerScrub(177)) - Background container scanner has been disabled.
2019-10-13 20:34:18,564 [Datanode State Machine Thread - 0] INFO  ratis.XceiverServerRatis (XceiverServerRatis.java:start(418)) - Starting XceiverServerRatis 11713dd3-399b-47c9-a350-ec9ecee0f7a9 at port 0
2019-10-13 20:34:18,572 [Datanode State Machine Thread - 0] INFO  impl.RaftServerProxy (RaftServerProxy.java:lambda$start$3(299)) - 11713dd3-399b-47c9-a350-ec9ecee0f7a9: start RPC server
2019-10-13 20:34:18,576 [Datanode State Machine Thread - 0] INFO  server.GrpcService (GrpcService.java:startImpl(158)) - 11713dd3-399b-47c9-a350-ec9ecee0f7a9: GrpcService started, listening on 0.0.0.0/0.0.0.0:46287
2019-10-13 20:34:18,576 [Datanode State Machine Thread - 0] INFO  ratis.XceiverServerRatis (XceiverServerRatis.java:start(428)) - XceiverServerRatis 11713dd3-399b-47c9-a350-ec9ecee0f7a9 is started using port 46287
2019-10-13 20:34:18,594 [Datanode State Machine Thread - 0] INFO  server.XceiverServerGrpc (XceiverServerGrpc.java:start(149)) - XceiverServerGrpc 11713dd3-399b-47c9-a350-ec9ecee0f7a9 is started using port 33748
2019-10-13 20:34:18,594 [java.util.concurrent.ThreadPoolExecutor$Worker@2baf159d[State = -1, empty queue]] WARN  server.GrpcLogAppender (GrpcLogAppender.java:timeoutAppendRequest(200)) - a62c5862-2413-45e1-a25a-271607b15565@group-C88106EEEC90->787c3207-a753-429a-a612-e3ac99d17bc9-GrpcLogAppender: appendEntries Timeout, request=a62c5862-2413-45e1-a25a-271607b15565->787c3207-a753-429a-a612-e3ac99d17bc9#97-t5, previous=(t:5, i:0), leaderCommit=0, initializing? false, entries: <empty>
2019-10-13 20:34:18,642 [main] INFO  ozone.MiniOzoneClusterImpl (MiniOzoneClusterImpl.java:lambda$waitForClusterToBeReady$0(147)) - Waiting for cluster to be ready. Got 0 of 7 DN Heartbeats.
2019-10-13 20:34:18,657 [Datanode State Machine Thread - 0] INFO  ozoneimpl.OzoneContainer (OzoneContainer.java:start(213)) - Attempting to start container services.
2019-10-13 20:34:18,657 [Datanode State Machine Thread - 0] INFO  ozoneimpl.OzoneContainer (OzoneContainer.java:startContainerScrub(177)) - Background container scanner has been disabled.
2019-10-13 20:34:18,658 [Datanode State Machine Thread - 0] INFO  ratis.XceiverServerRatis (XceiverServerRatis.java:start(418)) - Starting XceiverServerRatis 1f8bf71d-5750-4f3e-864b-8c9fdfdbc5b4 at port 0
2019-10-13 20:34:18,666 [Datanode State Machine Thread - 0] INFO  impl.RaftServerProxy (RaftServerProxy.java:lambda$start$3(299)) - 1f8bf71d-5750-4f3e-864b-8c9fdfdbc5b4: start RPC server
2019-10-13 20:34:18,667 [Datanode State Machine Thread - 0] INFO  server.GrpcService (GrpcService.java:startImpl(158)) - 1f8bf71d-5750-4f3e-864b-8c9fdfdbc5b4: GrpcService started, listening on 0.0.0.0/0.0.0.0:36814
2019-10-13 20:34:18,667 [Datanode State Machine Thread - 0] INFO  ratis.XceiverServerRatis (XceiverServerRatis.java:start(428)) - XceiverServerRatis 1f8bf71d-5750-4f3e-864b-8c9fdfdbc5b4 is started using port 36814
2019-10-13 20:34:18,672 [Datanode State Machine Thread - 0] INFO  server.XceiverServerGrpc (XceiverServerGrpc.java:start(149)) - XceiverServerGrpc 1f8bf71d-5750-4f3e-864b-8c9fdfdbc5b4 is started using port 39828
2019-10-13 20:34:18,812 [java.util.concurrent.ThreadPoolExecutor$Worker@dbb1acd[State = -1, empty queue]] WARN  server.GrpcLogAppender (GrpcLogAppender.java:timeoutAppendRequest(200)) - c6676a3b-9238-484a-870a-e78b36fd6b90@group-CCF72240D914->cab3cae7-f0a1-4851-a661-63d582d319d1-GrpcLogAppender: appendEntries Timeout, request=c6676a3b-9238-484a-870a-e78b36fd6b90->cab3cae7-f0a1-4851-a661-63d582d319d1#87-t6, previous=(t:6, i:2), leaderCommit=2, initializing? false, entries: <empty>
2019-10-13 20:34:18,934 [java.util.concurrent.ThreadPoolExecutor$Worker@29c7306b[State = -1, empty queue]] WARN  server.GrpcLogAppender (GrpcLogAppender.java:timeoutAppendRequest(200)) - a62c5862-2413-45e1-a25a-271607b15565@group-C88106EEEC90->cab3cae7-f0a1-4851-a661-63d582d319d1-GrpcLogAppender: appendEntries Timeout, request=a62c5862-2413-45e1-a25a-271607b15565->cab3cae7-f0a1-4851-a661-63d582d319d1#98-t5, previous=(t:5, i:0), leaderCommit=0, initializing? false, entries: <empty>
2019-10-13 20:34:18,953 [java.util.concurrent.ThreadPoolExecutor$Worker@4c9c17fc[State = -1, empty queue]] WARN  server.GrpcLogAppender (GrpcLogAppender.java:timeoutAppendRequest(200)) - c6676a3b-9238-484a-870a-e78b36fd6b90@group-CCF72240D914->787c3207-a753-429a-a612-e3ac99d17bc9-GrpcLogAppender: appendEntries Timeout, request=c6676a3b-9238-484a-870a-e78b36fd6b90->787c3207-a753-429a-a612-e3ac99d17bc9#86-t6, previous=(t:6, i:2), leaderCommit=2, initializing? false, entries: <empty>
2019-10-13 20:34:18,956 [Thread-1518] INFO  impl.FollowerState (FollowerState.java:run(108)) - c6676a3b-9238-484a-870a-e78b36fd6b90@group-5D7F111F42E3-FollowerState: change to CANDIDATE, lastRpcTime:1056ms, electionTimeout:1056ms
2019-10-13 20:34:18,956 [Thread-1518] INFO  impl.RoleInfo (RoleInfo.java:shutdownFollowerState(121)) - c6676a3b-9238-484a-870a-e78b36fd6b90: shutdown FollowerState
2019-10-13 20:34:18,957 [Thread-1518] INFO  impl.RaftServerImpl (RaftServerImpl.java:setRole(170)) - c6676a3b-9238-484a-870a-e78b36fd6b90@group-5D7F111F42E3: changes role from  FOLLOWER to CANDIDATE at term 5 for changeToCandidate
2019-10-13 20:34:18,957 [Thread-1518] INFO  impl.RoleInfo (RoleInfo.java:updateAndGet(143)) - c6676a3b-9238-484a-870a-e78b36fd6b90: start LeaderElection
2019-10-13 20:34:18,971 [c6676a3b-9238-484a-870a-e78b36fd6b90@group-5D7F111F42E3-LeaderElection38] INFO  impl.LeaderElection (LeaderElection.java:askForVotes(178)) - c6676a3b-9238-484a-870a-e78b36fd6b90@group-5D7F111F42E3-LeaderElection38: begin an election at term 6 for 0: [cab3cae7-f0a1-4851-a661-63d582d319d1:192.168.157.224:38398, 787c3207-a753-429a-a612-e3ac99d17bc9:192.168.157.224:45659, c6676a3b-9238-484a-870a-e78b36fd6b90:192.168.157.224:37064], old=null
2019-10-13 20:34:18,974 [grpc-default-executor-3] WARN  server.GrpcServerProtocolService (LogUtils.java:warn(136)) - cab3cae7-f0a1-4851-a661-63d582d319d1: Failed requestVote c6676a3b-9238-484a-870a-e78b36fd6b90->cab3cae7-f0a1-4851-a661-63d582d319d1#0
org.apache.ratis.protocol.GroupMismatchException: cab3cae7-f0a1-4851-a661-63d582d319d1: group-5D7F111F42E3 not found.
	at org.apache.ratis.server.impl.RaftServerProxy$ImplMap.get(RaftServerProxy.java:122)
	at org.apache.ratis.server.impl.RaftServerProxy.getImplFuture(RaftServerProxy.java:269)
	at org.apache.ratis.server.impl.RaftServerProxy.getImpl(RaftServerProxy.java:278)
	at org.apache.ratis.server.impl.RaftServerProxy.getImpl(RaftServerProxy.java:273)
	at org.apache.ratis.server.impl.RaftServerProxy.requestVote(RaftServerProxy.java:443)
	at org.apache.ratis.grpc.server.GrpcServerProtocolService.requestVote(GrpcServerProtocolService.java:142)
	at org.apache.ratis.proto.grpc.RaftServerProtocolServiceGrpc$MethodHandlers.invoke(RaftServerProtocolServiceGrpc.java:319)
	at org.apache.ratis.thirdparty.io.grpc.stub.ServerCalls$UnaryServerCallHandler$UnaryServerCallListener.onHalfClose(ServerCalls.java:171)
	at org.apache.ratis.thirdparty.io.grpc.internal.ServerCallImpl$ServerStreamListenerImpl.halfClosed(ServerCallImpl.java:283)
	at org.apache.ratis.thirdparty.io.grpc.internal.ServerImpl$JumpToApplicationThreadServerStreamListener$1HalfClosed.runInContext(ServerImpl.java:710)
	at org.apache.ratis.thirdparty.io.grpc.internal.ContextRunnable.run(ContextRunnable.java:37)
	at org.apache.ratis.thirdparty.io.grpc.internal.SerializingExecutor.run(SerializingExecutor.java:123)
	at java.util.concurrent.ThreadPoolExecutor.runWorker(ThreadPoolExecutor.java:1149)
	at java.util.concurrent.ThreadPoolExecutor$Worker.run(ThreadPoolExecutor.java:624)
	at java.lang.Thread.run(Thread.java:748)
2019-10-13 20:34:18,975 [grpc-default-executor-0] WARN  server.GrpcServerProtocolService (LogUtils.java:warn(136)) - 787c3207-a753-429a-a612-e3ac99d17bc9: Failed requestVote c6676a3b-9238-484a-870a-e78b36fd6b90->787c3207-a753-429a-a612-e3ac99d17bc9#0
org.apache.ratis.protocol.GroupMismatchException: 787c3207-a753-429a-a612-e3ac99d17bc9: group-5D7F111F42E3 not found.
	at org.apache.ratis.server.impl.RaftServerProxy$ImplMap.get(RaftServerProxy.java:122)
	at org.apache.ratis.server.impl.RaftServerProxy.getImplFuture(RaftServerProxy.java:269)
	at org.apache.ratis.server.impl.RaftServerProxy.getImpl(RaftServerProxy.java:278)
	at org.apache.ratis.server.impl.RaftServerProxy.getImpl(RaftServerProxy.java:273)
	at org.apache.ratis.server.impl.RaftServerProxy.requestVote(RaftServerProxy.java:443)
	at org.apache.ratis.grpc.server.GrpcServerProtocolService.requestVote(GrpcServerProtocolService.java:142)
	at org.apache.ratis.proto.grpc.RaftServerProtocolServiceGrpc$MethodHandlers.invoke(RaftServerProtocolServiceGrpc.java:319)
	at org.apache.ratis.thirdparty.io.grpc.stub.ServerCalls$UnaryServerCallHandler$UnaryServerCallListener.onHalfClose(ServerCalls.java:171)
	at org.apache.ratis.thirdparty.io.grpc.internal.ServerCallImpl$ServerStreamListenerImpl.halfClosed(ServerCallImpl.java:283)
	at org.apache.ratis.thirdparty.io.grpc.internal.ServerImpl$JumpToApplicationThreadServerStreamListener$1HalfClosed.runInContext(ServerImpl.java:710)
	at org.apache.ratis.thirdparty.io.grpc.internal.ContextRunnable.run(ContextRunnable.java:37)
	at org.apache.ratis.thirdparty.io.grpc.internal.SerializingExecutor.run(SerializingExecutor.java:123)
	at java.util.concurrent.ThreadPoolExecutor.runWorker(ThreadPoolExecutor.java:1149)
	at java.util.concurrent.ThreadPoolExecutor$Worker.run(ThreadPoolExecutor.java:624)
	at java.lang.Thread.run(Thread.java:748)
2019-10-13 20:34:18,977 [c6676a3b-9238-484a-870a-e78b36fd6b90@group-5D7F111F42E3-LeaderElection38] INFO  impl.LeaderElection (LogUtils.java:infoOrTrace(149)) - c6676a3b-9238-484a-870a-e78b36fd6b90@group-5D7F111F42E3-LeaderElection38 got exception when requesting votes: {}
java.util.concurrent.ExecutionException: org.apache.ratis.thirdparty.io.grpc.StatusRuntimeException: INTERNAL: cab3cae7-f0a1-4851-a661-63d582d319d1: group-5D7F111F42E3 not found.
	at java.util.concurrent.FutureTask.report(FutureTask.java:122)
	at java.util.concurrent.FutureTask.get(FutureTask.java:192)
	at org.apache.ratis.server.impl.LeaderElection.waitForResults(LeaderElection.java:259)
	at org.apache.ratis.server.impl.LeaderElection.askForVotes(LeaderElection.java:197)
	at org.apache.ratis.server.impl.LeaderElection.run(LeaderElection.java:133)
	at java.lang.Thread.run(Thread.java:748)
Caused by: org.apache.ratis.thirdparty.io.grpc.StatusRuntimeException: INTERNAL: cab3cae7-f0a1-4851-a661-63d582d319d1: group-5D7F111F42E3 not found.
	at org.apache.ratis.thirdparty.io.grpc.stub.ClientCalls.toStatusRuntimeException(ClientCalls.java:233)
	at org.apache.ratis.thirdparty.io.grpc.stub.ClientCalls.getUnchecked(ClientCalls.java:214)
	at org.apache.ratis.thirdparty.io.grpc.stub.ClientCalls.blockingUnaryCall(ClientCalls.java:139)
	at org.apache.ratis.proto.grpc.RaftServerProtocolServiceGrpc$RaftServerProtocolServiceBlockingStub.requestVote(RaftServerProtocolServiceGrpc.java:265)
	at org.apache.ratis.grpc.server.GrpcServerProtocolClient.requestVote(GrpcServerProtocolClient.java:99)
	at org.apache.ratis.grpc.server.GrpcService.requestVote(GrpcService.java:204)
	at org.apache.ratis.server.impl.LeaderElection.lambda$submitRequests$1(LeaderElection.java:234)
	at java.util.concurrent.FutureTask.run(FutureTask.java:266)
	at java.util.concurrent.Executors$RunnableAdapter.call(Executors.java:511)
	at java.util.concurrent.FutureTask.run(FutureTask.java:266)
	at java.util.concurrent.ThreadPoolExecutor.runWorker(ThreadPoolExecutor.java:1149)
	at java.util.concurrent.ThreadPoolExecutor$Worker.run(ThreadPoolExecutor.java:624)
	... 1 more
2019-10-13 20:34:18,985 [c6676a3b-9238-484a-870a-e78b36fd6b90@group-5D7F111F42E3-LeaderElection38] INFO  impl.LeaderElection (LogUtils.java:infoOrTrace(149)) - c6676a3b-9238-484a-870a-e78b36fd6b90@group-5D7F111F42E3-LeaderElection38 got exception when requesting votes: {}
java.util.concurrent.ExecutionException: org.apache.ratis.thirdparty.io.grpc.StatusRuntimeException: INTERNAL: 787c3207-a753-429a-a612-e3ac99d17bc9: group-5D7F111F42E3 not found.
	at java.util.concurrent.FutureTask.report(FutureTask.java:122)
	at java.util.concurrent.FutureTask.get(FutureTask.java:192)
	at org.apache.ratis.server.impl.LeaderElection.waitForResults(LeaderElection.java:259)
	at org.apache.ratis.server.impl.LeaderElection.askForVotes(LeaderElection.java:197)
	at org.apache.ratis.server.impl.LeaderElection.run(LeaderElection.java:133)
	at java.lang.Thread.run(Thread.java:748)
Caused by: org.apache.ratis.thirdparty.io.grpc.StatusRuntimeException: INTERNAL: 787c3207-a753-429a-a612-e3ac99d17bc9: group-5D7F111F42E3 not found.
	at org.apache.ratis.thirdparty.io.grpc.stub.ClientCalls.toStatusRuntimeException(ClientCalls.java:233)
	at org.apache.ratis.thirdparty.io.grpc.stub.ClientCalls.getUnchecked(ClientCalls.java:214)
	at org.apache.ratis.thirdparty.io.grpc.stub.ClientCalls.blockingUnaryCall(ClientCalls.java:139)
	at org.apache.ratis.proto.grpc.RaftServerProtocolServiceGrpc$RaftServerProtocolServiceBlockingStub.requestVote(RaftServerProtocolServiceGrpc.java:265)
	at org.apache.ratis.grpc.server.GrpcServerProtocolClient.requestVote(GrpcServerProtocolClient.java:99)
	at org.apache.ratis.grpc.server.GrpcService.requestVote(GrpcService.java:204)
	at org.apache.ratis.server.impl.LeaderElection.lambda$submitRequests$1(LeaderElection.java:234)
	at java.util.concurrent.FutureTask.run(FutureTask.java:266)
	at java.util.concurrent.Executors$RunnableAdapter.call(Executors.java:511)
	at java.util.concurrent.FutureTask.run(FutureTask.java:266)
	at java.util.concurrent.ThreadPoolExecutor.runWorker(ThreadPoolExecutor.java:1149)
	at java.util.concurrent.ThreadPoolExecutor$Worker.run(ThreadPoolExecutor.java:624)
	... 1 more
2019-10-13 20:34:18,990 [c6676a3b-9238-484a-870a-e78b36fd6b90@group-5D7F111F42E3-LeaderElection38] INFO  impl.LeaderElection (LeaderElection.java:logAndReturn(56)) - c6676a3b-9238-484a-870a-e78b36fd6b90@group-5D7F111F42E3-LeaderElection38: Election REJECTED; received 0 response(s) [] and 2 exception(s); c6676a3b-9238-484a-870a-e78b36fd6b90@group-5D7F111F42E3:t6, leader=null, voted=c6676a3b-9238-484a-870a-e78b36fd6b90, raftlog=c6676a3b-9238-484a-870a-e78b36fd6b90@group-5D7F111F42E3-SegmentedRaftLog:OPENED:c0,f0,i0, conf=0: [cab3cae7-f0a1-4851-a661-63d582d319d1:192.168.157.224:38398, 787c3207-a753-429a-a612-e3ac99d17bc9:192.168.157.224:45659, c6676a3b-9238-484a-870a-e78b36fd6b90:192.168.157.224:37064], old=null
2019-10-13 20:34:18,990 [c6676a3b-9238-484a-870a-e78b36fd6b90@group-5D7F111F42E3-LeaderElection38] INFO  impl.LeaderElection (LogUtils.java:infoOrTrace(149)) -   Exception 0: {}
java.util.concurrent.ExecutionException: org.apache.ratis.thirdparty.io.grpc.StatusRuntimeException: INTERNAL: cab3cae7-f0a1-4851-a661-63d582d319d1: group-5D7F111F42E3 not found.
	at java.util.concurrent.FutureTask.report(FutureTask.java:122)
	at java.util.concurrent.FutureTask.get(FutureTask.java:192)
	at org.apache.ratis.server.impl.LeaderElection.waitForResults(LeaderElection.java:259)
	at org.apache.ratis.server.impl.LeaderElection.askForVotes(LeaderElection.java:197)
	at org.apache.ratis.server.impl.LeaderElection.run(LeaderElection.java:133)
	at java.lang.Thread.run(Thread.java:748)
Caused by: org.apache.ratis.thirdparty.io.grpc.StatusRuntimeException: INTERNAL: cab3cae7-f0a1-4851-a661-63d582d319d1: group-5D7F111F42E3 not found.
	at org.apache.ratis.thirdparty.io.grpc.stub.ClientCalls.toStatusRuntimeException(ClientCalls.java:233)
	at org.apache.ratis.thirdparty.io.grpc.stub.ClientCalls.getUnchecked(ClientCalls.java:214)
	at org.apache.ratis.thirdparty.io.grpc.stub.ClientCalls.blockingUnaryCall(ClientCalls.java:139)
	at org.apache.ratis.proto.grpc.RaftServerProtocolServiceGrpc$RaftServerProtocolServiceBlockingStub.requestVote(RaftServerProtocolServiceGrpc.java:265)
	at org.apache.ratis.grpc.server.GrpcServerProtocolClient.requestVote(GrpcServerProtocolClient.java:99)
	at org.apache.ratis.grpc.server.GrpcService.requestVote(GrpcService.java:204)
	at org.apache.ratis.server.impl.LeaderElection.lambda$submitRequests$1(LeaderElection.java:234)
	at java.util.concurrent.FutureTask.run(FutureTask.java:266)
	at java.util.concurrent.Executors$RunnableAdapter.call(Executors.java:511)
	at java.util.concurrent.FutureTask.run(FutureTask.java:266)
	at java.util.concurrent.ThreadPoolExecutor.runWorker(ThreadPoolExecutor.java:1149)
	at java.util.concurrent.ThreadPoolExecutor$Worker.run(ThreadPoolExecutor.java:624)
	... 1 more
2019-10-13 20:34:18,990 [c6676a3b-9238-484a-870a-e78b36fd6b90@group-5D7F111F42E3-LeaderElection38] INFO  impl.LeaderElection (LogUtils.java:infoOrTrace(149)) -   Exception 1: {}
java.util.concurrent.ExecutionException: org.apache.ratis.thirdparty.io.grpc.StatusRuntimeException: INTERNAL: 787c3207-a753-429a-a612-e3ac99d17bc9: group-5D7F111F42E3 not found.
	at java.util.concurrent.FutureTask.report(FutureTask.java:122)
	at java.util.concurrent.FutureTask.get(FutureTask.java:192)
	at org.apache.ratis.server.impl.LeaderElection.waitForResults(LeaderElection.java:259)
	at org.apache.ratis.server.impl.LeaderElection.askForVotes(LeaderElection.java:197)
	at org.apache.ratis.server.impl.LeaderElection.run(LeaderElection.java:133)
	at java.lang.Thread.run(Thread.java:748)
Caused by: org.apache.ratis.thirdparty.io.grpc.StatusRuntimeException: INTERNAL: 787c3207-a753-429a-a612-e3ac99d17bc9: group-5D7F111F42E3 not found.
	at org.apache.ratis.thirdparty.io.grpc.stub.ClientCalls.toStatusRuntimeException(ClientCalls.java:233)
	at org.apache.ratis.thirdparty.io.grpc.stub.ClientCalls.getUnchecked(ClientCalls.java:214)
	at org.apache.ratis.thirdparty.io.grpc.stub.ClientCalls.blockingUnaryCall(ClientCalls.java:139)
	at org.apache.ratis.proto.grpc.RaftServerProtocolServiceGrpc$RaftServerProtocolServiceBlockingStub.requestVote(RaftServerProtocolServiceGrpc.java:265)
	at org.apache.ratis.grpc.server.GrpcServerProtocolClient.requestVote(GrpcServerProtocolClient.java:99)
	at org.apache.ratis.grpc.server.GrpcService.requestVote(GrpcService.java:204)
	at org.apache.ratis.server.impl.LeaderElection.lambda$submitRequests$1(LeaderElection.java:234)
	at java.util.concurrent.FutureTask.run(FutureTask.java:266)
	at java.util.concurrent.Executors$RunnableAdapter.call(Executors.java:511)
	at java.util.concurrent.FutureTask.run(FutureTask.java:266)
	at java.util.concurrent.ThreadPoolExecutor.runWorker(ThreadPoolExecutor.java:1149)
	at java.util.concurrent.ThreadPoolExecutor$Worker.run(ThreadPoolExecutor.java:624)
	... 1 more
2019-10-13 20:34:18,991 [c6676a3b-9238-484a-870a-e78b36fd6b90@group-5D7F111F42E3-LeaderElection38] INFO  impl.RaftServerImpl (RaftServerImpl.java:setRole(170)) - c6676a3b-9238-484a-870a-e78b36fd6b90@group-5D7F111F42E3: changes role from CANDIDATE to FOLLOWER at term 6 for DISCOVERED_A_NEW_TERM
2019-10-13 20:34:18,991 [c6676a3b-9238-484a-870a-e78b36fd6b90@group-5D7F111F42E3-LeaderElection38] INFO  impl.RoleInfo (RoleInfo.java:shutdownLeaderElection(134)) - c6676a3b-9238-484a-870a-e78b36fd6b90: shutdown LeaderElection
2019-10-13 20:34:18,991 [c6676a3b-9238-484a-870a-e78b36fd6b90@group-5D7F111F42E3-LeaderElection38] INFO  impl.RoleInfo (RoleInfo.java:updateAndGet(143)) - c6676a3b-9238-484a-870a-e78b36fd6b90: start FollowerState
2019-10-13 20:34:19,088 [java.util.concurrent.ThreadPoolExecutor$Worker@2baf159d[State = -1, empty queue]] WARN  server.GrpcLogAppender (GrpcLogAppender.java:timeoutAppendRequest(200)) - a62c5862-2413-45e1-a25a-271607b15565@group-C88106EEEC90->787c3207-a753-429a-a612-e3ac99d17bc9-GrpcLogAppender: appendEntries Timeout, request=a62c5862-2413-45e1-a25a-271607b15565->787c3207-a753-429a-a612-e3ac99d17bc9#98-t5, previous=(t:5, i:0), leaderCommit=0, initializing? false, entries: <empty>
2019-10-13 20:34:19,312 [java.util.concurrent.ThreadPoolExecutor$Worker@dbb1acd[State = -1, empty queue]] WARN  server.GrpcLogAppender (GrpcLogAppender.java:timeoutAppendRequest(200)) - c6676a3b-9238-484a-870a-e78b36fd6b90@group-CCF72240D914->cab3cae7-f0a1-4851-a661-63d582d319d1-GrpcLogAppender: appendEntries Timeout, request=c6676a3b-9238-484a-870a-e78b36fd6b90->cab3cae7-f0a1-4851-a661-63d582d319d1#88-t6, previous=(t:6, i:2), leaderCommit=2, initializing? false, entries: <empty>
2019-10-13 20:34:19,435 [java.util.concurrent.ThreadPoolExecutor$Worker@29c7306b[State = -1, empty queue]] WARN  server.GrpcLogAppender (GrpcLogAppender.java:timeoutAppendRequest(200)) - a62c5862-2413-45e1-a25a-271607b15565@group-C88106EEEC90->cab3cae7-f0a1-4851-a661-63d582d319d1-GrpcLogAppender: appendEntries Timeout, request=a62c5862-2413-45e1-a25a-271607b15565->cab3cae7-f0a1-4851-a661-63d582d319d1#99-t5, previous=(t:5, i:0), leaderCommit=0, initializing? false, entries: <empty>
2019-10-13 20:34:19,453 [java.util.concurrent.ThreadPoolExecutor$Worker@4c9c17fc[State = -1, empty queue]] WARN  server.GrpcLogAppender (GrpcLogAppender.java:timeoutAppendRequest(200)) - c6676a3b-9238-484a-870a-e78b36fd6b90@group-CCF72240D914->787c3207-a753-429a-a612-e3ac99d17bc9-GrpcLogAppender: appendEntries Timeout, request=c6676a3b-9238-484a-870a-e78b36fd6b90->787c3207-a753-429a-a612-e3ac99d17bc9#87-t6, previous=(t:6, i:2), leaderCommit=2, initializing? false, entries: <empty>
2019-10-13 20:34:19,589 [java.util.concurrent.ThreadPoolExecutor$Worker@2baf159d[State = -1, empty queue]] WARN  server.GrpcLogAppender (GrpcLogAppender.java:timeoutAppendRequest(200)) - a62c5862-2413-45e1-a25a-271607b15565@group-C88106EEEC90->787c3207-a753-429a-a612-e3ac99d17bc9-GrpcLogAppender: appendEntries Timeout, request=a62c5862-2413-45e1-a25a-271607b15565->787c3207-a753-429a-a612-e3ac99d17bc9#99-t5, previous=(t:5, i:0), leaderCommit=0, initializing? false, entries: <empty>
2019-10-13 20:34:19,643 [main] INFO  ozone.MiniOzoneClusterImpl (MiniOzoneClusterImpl.java:lambda$waitForClusterToBeReady$0(147)) - Waiting for cluster to be ready. Got 0 of 7 DN Heartbeats.
2019-10-13 20:34:19,813 [java.util.concurrent.ThreadPoolExecutor$Worker@dbb1acd[State = -1, empty queue]] WARN  server.GrpcLogAppender (GrpcLogAppender.java:timeoutAppendRequest(200)) - c6676a3b-9238-484a-870a-e78b36fd6b90@group-CCF72240D914->cab3cae7-f0a1-4851-a661-63d582d319d1-GrpcLogAppender: appendEntries Timeout, request=c6676a3b-9238-484a-870a-e78b36fd6b90->cab3cae7-f0a1-4851-a661-63d582d319d1#89-t6, previous=(t:6, i:2), leaderCommit=2, initializing? false, entries: <empty>
2019-10-13 20:34:19,937 [java.util.concurrent.ThreadPoolExecutor$Worker@29c7306b[State = -1, empty queue]] WARN  server.GrpcLogAppender (GrpcLogAppender.java:timeoutAppendRequest(200)) - a62c5862-2413-45e1-a25a-271607b15565@group-C88106EEEC90->cab3cae7-f0a1-4851-a661-63d582d319d1-GrpcLogAppender: appendEntries Timeout, request=a62c5862-2413-45e1-a25a-271607b15565->cab3cae7-f0a1-4851-a661-63d582d319d1#100-t5, previous=(t:5, i:0), leaderCommit=0, initializing? false, entries: <empty>
2019-10-13 20:34:19,953 [java.util.concurrent.ThreadPoolExecutor$Worker@4c9c17fc[State = -1, empty queue]] WARN  server.GrpcLogAppender (GrpcLogAppender.java:timeoutAppendRequest(200)) - c6676a3b-9238-484a-870a-e78b36fd6b90@group-CCF72240D914->787c3207-a753-429a-a612-e3ac99d17bc9-GrpcLogAppender: appendEntries Timeout, request=c6676a3b-9238-484a-870a-e78b36fd6b90->787c3207-a753-429a-a612-e3ac99d17bc9#88-t6, previous=(t:6, i:2), leaderCommit=2, initializing? false, entries: <empty>
2019-10-13 20:34:20,026 [IPC Server handler 3 on 41423] INFO  net.NetworkTopology (NetworkTopologyImpl.java:add(111)) - Added a new node: /default-rack/25fb0338-209f-4f69-825b-6b7257c56b18
2019-10-13 20:34:20,031 [IPC Server handler 3 on 41423] INFO  node.SCMNodeManager (SCMNodeManager.java:register(268)) - Registered Data node : 25fb0338-209f-4f69-825b-6b7257c56b18{ip: 192.168.157.224, host: pr-hdds-2290-dcfw8-3342134496, networkLocation: /default-rack, certSerialId: null}
2019-10-13 20:34:20,031 [EventQueue-NodeRegistrationContainerReportForDataNodeSafeModeRule] INFO  safemode.SCMSafeModeManager (DataNodeSafeModeRule.java:process(71)) - SCM in safe mode. 1 DataNodes registered, 1 required.
2019-10-13 20:34:20,035 [EventQueue-NodeRegistrationContainerReportForContainerSafeModeRule] INFO  safemode.SCMSafeModeManager (SCMSafeModeManager.java:validateSafeModeExitRules(177)) - ScmSafeModeManager, all rules are successfully validated
2019-10-13 20:34:20,035 [EventQueue-NodeRegistrationContainerReportForContainerSafeModeRule] INFO  safemode.SCMSafeModeManager (SCMSafeModeManager.java:exitSafeMode(193)) - SCM exiting safe mode.
2019-10-13 20:34:20,049 [grpc-default-executor-0] INFO  impl.RaftServerProxy (RaftServerProxy.java:addNew(89)) - 25fb0338-209f-4f69-825b-6b7257c56b18: addNew group-640584C8F1FE:[25fb0338-209f-4f69-825b-6b7257c56b18:192.168.157.224:45372] returns group-640584C8F1FE:java.util.concurrent.CompletableFuture@12f5ff8c[Not completed]
2019-10-13 20:34:20,051 [pool-204-thread-1] INFO  impl.RaftServerImpl (RaftServerImpl.java:<init>(95)) - 25fb0338-209f-4f69-825b-6b7257c56b18: new RaftServerImpl for group-640584C8F1FE:[25fb0338-209f-4f69-825b-6b7257c56b18:192.168.157.224:45372] with ContainerStateMachine:uninitialized
2019-10-13 20:34:20,051 [pool-204-thread-1] INFO  server.RaftServerConfigKeys (ConfUtils.java:logGet(43)) - raft.server.rpc.timeout.min = 5s (custom)
2019-10-13 20:34:20,051 [pool-204-thread-1] INFO  server.RaftServerConfigKeys (ConfUtils.java:logGet(43)) - raft.server.rpc.timeout.max = 5200ms (custom)
2019-10-13 20:34:20,051 [pool-204-thread-1] INFO  server.RaftServerConfigKeys (ConfUtils.java:logGet(43)) - raft.server.rpcslowness.timeout = 120s (custom)
2019-10-13 20:34:20,052 [pool-204-thread-1] INFO  server.RaftServerConfigKeys (ConfUtils.java:logGet(43)) - raft.server.sleep.deviation.threshold = 300 (default)
2019-10-13 20:34:20,052 [pool-204-thread-1] INFO  server.RaftServerConfigKeys (ConfUtils.java:logGet(43)) - raft.server.log.appender.install.snapshot.enabled = false (custom)
2019-10-13 20:34:20,052 [pool-204-thread-1] INFO  impl.RaftServerImpl (ServerState.java:<init>(103)) - 25fb0338-209f-4f69-825b-6b7257c56b18@group-640584C8F1FE: ConfigurationManager, init=-1: [25fb0338-209f-4f69-825b-6b7257c56b18:192.168.157.224:45372], old=null, confs=<EMPTY_MAP>
2019-10-13 20:34:20,052 [pool-204-thread-1] INFO  server.RaftServerConfigKeys (ConfUtils.java:logGet(43)) - raft.server.storage.dir = [/workdir/hadoop-ozone/integration-test/target/test-dir/MiniOzoneClusterImpl-e735d883-6d8e-4d30-a8f4-26865d39708e/datanode-0/data/ratis] (custom)
2019-10-13 20:34:20,052 [pool-204-thread-1] INFO  server.RaftServerConfigKeys (ConfUtils.java:logGet(43)) - raft.server.log.corruption.policy = EXCEPTION (default)
2019-10-13 20:34:20,053 [pool-204-thread-1] INFO  storage.RaftStorageDirectory (RaftStorageDirectory.java:analyzeStorage(246)) - The storage directory /workdir/hadoop-ozone/integration-test/target/test-dir/MiniOzoneClusterImpl-e735d883-6d8e-4d30-a8f4-26865d39708e/datanode-0/data/ratis/eb44b453-fd2e-463e-9fca-640584c8f1fe does not exist. Creating ...
2019-10-13 20:34:20,066 [pool-204-thread-1] INFO  storage.RaftStorageDirectory (RaftStorageDirectory.java:tryLock(328)) - Lock on /workdir/hadoop-ozone/integration-test/target/test-dir/MiniOzoneClusterImpl-e735d883-6d8e-4d30-a8f4-26865d39708e/datanode-0/data/ratis/eb44b453-fd2e-463e-9fca-640584c8f1fe/in_use.lock acquired by nodename 2755@pr-hdds-2290-dcfw8-3342134496
2019-10-13 20:34:20,079 [pool-204-thread-1] INFO  storage.RaftStorage (RaftStorage.java:format(84)) - Storage directory /workdir/hadoop-ozone/integration-test/target/test-dir/MiniOzoneClusterImpl-e735d883-6d8e-4d30-a8f4-26865d39708e/datanode-0/data/ratis/eb44b453-fd2e-463e-9fca-640584c8f1fe has been successfully formatted.
2019-10-13 20:34:20,079 [pool-204-thread-1] INFO  ratis.ContainerStateMachine (ContainerStateMachine.java:loadSnapshot(231)) - group-640584C8F1FE: The snapshot info is null. Setting the last applied indexto:(t:0, i:~)
2019-10-13 20:34:20,079 [pool-204-thread-1] INFO  server.RaftServerConfigKeys (ConfUtils.java:logGet(43)) - raft.server.notification.no-leader.timeout = 120s (custom)
2019-10-13 20:34:20,079 [pool-204-thread-1] INFO  server.RaftServerConfigKeys (ConfUtils.java:logGet(43)) - raft.server.log.use.memory = false (default)
2019-10-13 20:34:20,079 [pool-204-thread-1] INFO  server.RaftServerConfigKeys (ConfUtils.java:logGet(43)) - raft.server.log.purge.gap = 1000000 (custom)
2019-10-13 20:34:20,080 [pool-204-thread-1] INFO  server.RaftServerConfigKeys (ConfUtils.java:logGet(43)) - raft.server.log.appender.buffer.byte-limit = 33554432 (custom)
2019-10-13 20:34:20,080 [pool-204-thread-1] INFO  server.RaftServerConfigKeys (ConfUtils.java:logGet(43)) - raft.server.log.segment.size.max = 1048576 (custom)
2019-10-13 20:34:20,081 [pool-204-thread-1] INFO  server.RaftServerConfigKeys (ConfUtils.java:logGet(43)) - raft.server.log.segment.cache.num.max = 2 (custom)
2019-10-13 20:34:20,082 [pool-204-thread-1] INFO  segmented.SegmentedRaftLogWorker (SegmentedRaftLogWorker.java:<init>(173)) - new 25fb0338-209f-4f69-825b-6b7257c56b18@group-640584C8F1FE-SegmentedRaftLogWorker for RaftStorage:Storage Directory /workdir/hadoop-ozone/integration-test/target/test-dir/MiniOzoneClusterImpl-e735d883-6d8e-4d30-a8f4-26865d39708e/datanode-0/data/ratis/eb44b453-fd2e-463e-9fca-640584c8f1fe
2019-10-13 20:34:20,082 [pool-204-thread-1] INFO  server.RaftServerConfigKeys (ConfUtils.java:logGet(43)) - raft.server.log.queue.byte-limit = 2147483647 (custom)
2019-10-13 20:34:20,082 [pool-204-thread-1] INFO  server.RaftServerConfigKeys (ConfUtils.java:logGet(43)) - raft.server.log.queue.element-limit = 1024 (custom)
2019-10-13 20:34:20,082 [pool-204-thread-1] INFO  server.RaftServerConfigKeys (ConfUtils.java:logGet(43)) - raft.server.log.segment.size.max = 1048576 (custom)
2019-10-13 20:34:20,082 [pool-204-thread-1] INFO  server.RaftServerConfigKeys (ConfUtils.java:logGet(43)) - raft.server.log.preallocated.size = 16384 (custom)
2019-10-13 20:34:20,082 [pool-204-thread-1] INFO  server.RaftServerConfigKeys (ConfUtils.java:logGet(43)) - raft.server.log.write.buffer.size = 33554432 (custom)
2019-10-13 20:34:20,082 [pool-204-thread-1] INFO  server.RaftServerConfigKeys (ConfUtils.java:logGet(43)) - raft.server.log.force.sync.num = 128 (default)
2019-10-13 20:34:20,082 [pool-204-thread-1] INFO  server.RaftServerConfigKeys (ConfUtils.java:logGet(43)) - raft.server.log.statemachine.data.sync = true (default)
2019-10-13 20:34:20,083 [pool-204-thread-1] INFO  server.RaftServerConfigKeys (ConfUtils.java:logGet(43)) - raft.server.log.statemachine.data.sync.timeout = 10s (default)
2019-10-13 20:34:20,083 [pool-204-thread-1] INFO  server.RaftServerConfigKeys (ConfUtils.java:logGet(43)) - raft.server.log.statemachine.data.sync.timeout.retry = -1 (default)
2019-10-13 20:34:20,083 [pool-204-thread-1] INFO  server.RaftServerConfigKeys (ConfUtils.java:logGet(43)) - raft.server.log.statemachine.data.caching.enabled = true (custom)
2019-10-13 20:34:20,083 [pool-204-thread-1] INFO  segmented.SegmentedRaftLogWorker (SegmentedRaftLogWorker.java:lambda$new$0(128)) - 25fb0338-209f-4f69-825b-6b7257c56b18@group-640584C8F1FE-SegmentedRaftLogWorker: flushIndex: setUnconditionally 0 -> -1
2019-10-13 20:34:20,084 [pool-204-thread-1] INFO  server.RaftServerConfigKeys (ConfUtils.java:logGet(43)) - raft.server.snapshot.auto.trigger.enabled = true (custom)
2019-10-13 20:34:20,084 [pool-204-thread-1] INFO  server.RaftServerConfigKeys (ConfUtils.java:logGet(43)) - raft.server.snapshot.auto.trigger.threshold = 10000 (custom)
2019-10-13 20:34:20,084 [pool-204-thread-1] INFO  server.RaftServerConfigKeys (ConfUtils.java:logGet(43)) - raft.server.snapshot.retention.file.num = 5 (custom)
2019-10-13 20:34:20,084 [pool-204-thread-1] INFO  server.RaftServerConfigKeys (ConfUtils.java:logGet(43)) - raft.server.retrycache.expirytime = 600000ms (custom)
2019-10-13 20:34:20,086 [pool-204-thread-1] INFO  impl.RaftServerImpl (RaftServerImpl.java:start(181)) - 25fb0338-209f-4f69-825b-6b7257c56b18@group-640584C8F1FE: start as a follower, conf=-1: [25fb0338-209f-4f69-825b-6b7257c56b18:192.168.157.224:45372], old=null
2019-10-13 20:34:20,086 [pool-204-thread-1] INFO  impl.RaftServerImpl (RaftServerImpl.java:setRole(170)) - 25fb0338-209f-4f69-825b-6b7257c56b18@group-640584C8F1FE: changes role from      null to FOLLOWER at term 0 for startAsFollower
2019-10-13 20:34:20,086 [pool-204-thread-1] INFO  impl.RoleInfo (RoleInfo.java:updateAndGet(143)) - 25fb0338-209f-4f69-825b-6b7257c56b18: start FollowerState
2019-10-13 20:34:20,086 [pool-204-thread-1] INFO  util.JmxRegister (JmxRegister.java:tryRegister(44)) - Successfully registered JMX Bean with object name Ratis:service=RaftServer,group=group-640584C8F1FE,id=25fb0338-209f-4f69-825b-6b7257c56b18
2019-10-13 20:34:20,089 [java.util.concurrent.ThreadPoolExecutor$Worker@2baf159d[State = -1, empty queue]] WARN  server.GrpcLogAppender (GrpcLogAppender.java:timeoutAppendRequest(200)) - a62c5862-2413-45e1-a25a-271607b15565@group-C88106EEEC90->787c3207-a753-429a-a612-e3ac99d17bc9-GrpcLogAppender: appendEntries Timeout, request=a62c5862-2413-45e1-a25a-271607b15565->787c3207-a753-429a-a612-e3ac99d17bc9#100-t5, previous=(t:5, i:0), leaderCommit=0, initializing? false, entries: <empty>
2019-10-13 20:34:20,091 [RatisPipelineUtilsThread] INFO  pipeline.PipelineStateManager (PipelineStateManager.java:addPipeline(56)) - Created pipeline Pipeline[ Id: eb44b453-fd2e-463e-9fca-640584c8f1fe, Nodes: 25fb0338-209f-4f69-825b-6b7257c56b18{ip: 192.168.157.224, host: pr-hdds-2290-dcfw8-3342134496, networkLocation: /default-rack, certSerialId: null}, Type:RATIS, Factor:ONE, State:OPEN]
2019-10-13 20:34:20,110 [IPC Server handler 1 on 41423] INFO  net.NetworkTopology (NetworkTopologyImpl.java:add(111)) - Added a new node: /default-rack/3194ff55-4fd6-4b20-b65d-8d8726a38cdd
2019-10-13 20:34:20,110 [IPC Server handler 1 on 41423] INFO  node.SCMNodeManager (SCMNodeManager.java:register(268)) - Registered Data node : 3194ff55-4fd6-4b20-b65d-8d8726a38cdd{ip: 192.168.157.224, host: pr-hdds-2290-dcfw8-3342134496, networkLocation: /default-rack, certSerialId: null}
2019-10-13 20:34:20,119 [grpc-default-executor-0] INFO  impl.RaftServerProxy (RaftServerProxy.java:addNew(89)) - 3194ff55-4fd6-4b20-b65d-8d8726a38cdd: addNew group-D531EFA7F09A:[3194ff55-4fd6-4b20-b65d-8d8726a38cdd:192.168.157.224:45249] returns group-D531EFA7F09A:java.util.concurrent.CompletableFuture@721b30cd[Not completed]
2019-10-13 20:34:20,120 [pool-214-thread-1] INFO  impl.RaftServerImpl (RaftServerImpl.java:<init>(95)) - 3194ff55-4fd6-4b20-b65d-8d8726a38cdd: new RaftServerImpl for group-D531EFA7F09A:[3194ff55-4fd6-4b20-b65d-8d8726a38cdd:192.168.157.224:45249] with ContainerStateMachine:uninitialized
2019-10-13 20:34:20,120 [pool-214-thread-1] INFO  server.RaftServerConfigKeys (ConfUtils.java:logGet(43)) - raft.server.rpc.timeout.min = 5s (custom)
2019-10-13 20:34:20,121 [pool-214-thread-1] INFO  server.RaftServerConfigKeys (ConfUtils.java:logGet(43)) - raft.server.rpc.timeout.max = 5200ms (custom)
2019-10-13 20:34:20,121 [pool-214-thread-1] INFO  server.RaftServerConfigKeys (ConfUtils.java:logGet(43)) - raft.server.rpcslowness.timeout = 120s (custom)
2019-10-13 20:34:20,121 [pool-214-thread-1] INFO  server.RaftServerConfigKeys (ConfUtils.java:logGet(43)) - raft.server.sleep.deviation.threshold = 300 (default)
2019-10-13 20:34:20,121 [pool-214-thread-1] INFO  server.RaftServerConfigKeys (ConfUtils.java:logGet(43)) - raft.server.log.appender.install.snapshot.enabled = false (custom)
2019-10-13 20:34:20,121 [pool-214-thread-1] INFO  impl.RaftServerImpl (ServerState.java:<init>(103)) - 3194ff55-4fd6-4b20-b65d-8d8726a38cdd@group-D531EFA7F09A: ConfigurationManager, init=-1: [3194ff55-4fd6-4b20-b65d-8d8726a38cdd:192.168.157.224:45249], old=null, confs=<EMPTY_MAP>
2019-10-13 20:34:20,122 [pool-214-thread-1] INFO  server.RaftServerConfigKeys (ConfUtils.java:logGet(43)) - raft.server.storage.dir = [/workdir/hadoop-ozone/integration-test/target/test-dir/MiniOzoneClusterImpl-e735d883-6d8e-4d30-a8f4-26865d39708e/datanode-1/data/ratis] (custom)
2019-10-13 20:34:20,122 [pool-214-thread-1] INFO  server.RaftServerConfigKeys (ConfUtils.java:logGet(43)) - raft.server.log.corruption.policy = EXCEPTION (default)
2019-10-13 20:34:20,122 [pool-214-thread-1] INFO  storage.RaftStorageDirectory (RaftStorageDirectory.java:analyzeStorage(246)) - The storage directory /workdir/hadoop-ozone/integration-test/target/test-dir/MiniOzoneClusterImpl-e735d883-6d8e-4d30-a8f4-26865d39708e/datanode-1/data/ratis/e55aa385-259f-4866-8e8a-d531efa7f09a does not exist. Creating ...
2019-10-13 20:34:20,135 [pool-214-thread-1] INFO  storage.RaftStorageDirectory (RaftStorageDirectory.java:tryLock(328)) - Lock on /workdir/hadoop-ozone/integration-test/target/test-dir/MiniOzoneClusterImpl-e735d883-6d8e-4d30-a8f4-26865d39708e/datanode-1/data/ratis/e55aa385-259f-4866-8e8a-d531efa7f09a/in_use.lock acquired by nodename 2755@pr-hdds-2290-dcfw8-3342134496
2019-10-13 20:34:20,147 [pool-214-thread-1] INFO  storage.RaftStorage (RaftStorage.java:format(84)) - Storage directory /workdir/hadoop-ozone/integration-test/target/test-dir/MiniOzoneClusterImpl-e735d883-6d8e-4d30-a8f4-26865d39708e/datanode-1/data/ratis/e55aa385-259f-4866-8e8a-d531efa7f09a has been successfully formatted.
2019-10-13 20:34:20,148 [pool-214-thread-1] INFO  ratis.ContainerStateMachine (ContainerStateMachine.java:loadSnapshot(231)) - group-D531EFA7F09A: The snapshot info is null. Setting the last applied indexto:(t:0, i:~)
2019-10-13 20:34:20,148 [pool-214-thread-1] INFO  server.RaftServerConfigKeys (ConfUtils.java:logGet(43)) - raft.server.notification.no-leader.timeout = 120s (custom)
2019-10-13 20:34:20,148 [pool-214-thread-1] INFO  server.RaftServerConfigKeys (ConfUtils.java:logGet(43)) - raft.server.log.use.memory = false (default)
2019-10-13 20:34:20,148 [pool-214-thread-1] INFO  server.RaftServerConfigKeys (ConfUtils.java:logGet(43)) - raft.server.log.purge.gap = 1000000 (custom)
2019-10-13 20:34:20,148 [pool-214-thread-1] INFO  server.RaftServerConfigKeys (ConfUtils.java:logGet(43)) - raft.server.log.appender.buffer.byte-limit = 33554432 (custom)
2019-10-13 20:34:20,149 [pool-214-thread-1] INFO  server.RaftServerConfigKeys (ConfUtils.java:logGet(43)) - raft.server.log.segment.size.max = 1048576 (custom)
2019-10-13 20:34:20,151 [pool-214-thread-1] INFO  server.RaftServerConfigKeys (ConfUtils.java:logGet(43)) - raft.server.log.segment.cache.num.max = 2 (custom)
2019-10-13 20:34:20,151 [pool-214-thread-1] INFO  segmented.SegmentedRaftLogWorker (SegmentedRaftLogWorker.java:<init>(173)) - new 3194ff55-4fd6-4b20-b65d-8d8726a38cdd@group-D531EFA7F09A-SegmentedRaftLogWorker for RaftStorage:Storage Directory /workdir/hadoop-ozone/integration-test/target/test-dir/MiniOzoneClusterImpl-e735d883-6d8e-4d30-a8f4-26865d39708e/datanode-1/data/ratis/e55aa385-259f-4866-8e8a-d531efa7f09a
2019-10-13 20:34:20,151 [pool-214-thread-1] INFO  server.RaftServerConfigKeys (ConfUtils.java:logGet(43)) - raft.server.log.queue.byte-limit = 2147483647 (custom)
2019-10-13 20:34:20,152 [pool-214-thread-1] INFO  server.RaftServerConfigKeys (ConfUtils.java:logGet(43)) - raft.server.log.queue.element-limit = 1024 (custom)
2019-10-13 20:34:20,152 [pool-214-thread-1] INFO  server.RaftServerConfigKeys (ConfUtils.java:logGet(43)) - raft.server.log.segment.size.max = 1048576 (custom)
2019-10-13 20:34:20,152 [pool-214-thread-1] INFO  server.RaftServerConfigKeys (ConfUtils.java:logGet(43)) - raft.server.log.preallocated.size = 16384 (custom)
2019-10-13 20:34:20,152 [pool-214-thread-1] INFO  server.RaftServerConfigKeys (ConfUtils.java:logGet(43)) - raft.server.log.write.buffer.size = 33554432 (custom)
2019-10-13 20:34:20,152 [pool-214-thread-1] INFO  server.RaftServerConfigKeys (ConfUtils.java:logGet(43)) - raft.server.log.force.sync.num = 128 (default)
2019-10-13 20:34:20,152 [pool-214-thread-1] INFO  server.RaftServerConfigKeys (ConfUtils.java:logGet(43)) - raft.server.log.statemachine.data.sync = true (default)
2019-10-13 20:34:20,153 [pool-214-thread-1] INFO  server.RaftServerConfigKeys (ConfUtils.java:logGet(43)) - raft.server.log.statemachine.data.sync.timeout = 10s (default)
2019-10-13 20:34:20,153 [pool-214-thread-1] INFO  server.RaftServerConfigKeys (ConfUtils.java:logGet(43)) - raft.server.log.statemachine.data.sync.timeout.retry = -1 (default)
2019-10-13 20:34:20,155 [pool-214-thread-1] INFO  server.RaftServerConfigKeys (ConfUtils.java:logGet(43)) - raft.server.log.statemachine.data.caching.enabled = true (custom)
2019-10-13 20:34:20,156 [pool-214-thread-1] INFO  segmented.SegmentedRaftLogWorker (SegmentedRaftLogWorker.java:lambda$new$0(128)) - 3194ff55-4fd6-4b20-b65d-8d8726a38cdd@group-D531EFA7F09A-SegmentedRaftLogWorker: flushIndex: setUnconditionally 0 -> -1
2019-10-13 20:34:20,157 [pool-214-thread-1] INFO  server.RaftServerConfigKeys (ConfUtils.java:logGet(43)) - raft.server.snapshot.auto.trigger.enabled = true (custom)
2019-10-13 20:34:20,157 [pool-214-thread-1] INFO  server.RaftServerConfigKeys (ConfUtils.java:logGet(43)) - raft.server.snapshot.auto.trigger.threshold = 10000 (custom)
2019-10-13 20:34:20,157 [pool-214-thread-1] INFO  server.RaftServerConfigKeys (ConfUtils.java:logGet(43)) - raft.server.snapshot.retention.file.num = 5 (custom)
2019-10-13 20:34:20,158 [pool-214-thread-1] INFO  server.RaftServerConfigKeys (ConfUtils.java:logGet(43)) - raft.server.retrycache.expirytime = 600000ms (custom)
2019-10-13 20:34:20,162 [pool-214-thread-1] INFO  impl.RaftServerImpl (RaftServerImpl.java:start(181)) - 3194ff55-4fd6-4b20-b65d-8d8726a38cdd@group-D531EFA7F09A: start as a follower, conf=-1: [3194ff55-4fd6-4b20-b65d-8d8726a38cdd:192.168.157.224:45249], old=null
2019-10-13 20:34:20,162 [pool-214-thread-1] INFO  impl.RaftServerImpl (RaftServerImpl.java:setRole(170)) - 3194ff55-4fd6-4b20-b65d-8d8726a38cdd@group-D531EFA7F09A: changes role from      null to FOLLOWER at term 0 for startAsFollower
2019-10-13 20:34:20,162 [pool-214-thread-1] INFO  impl.RoleInfo (RoleInfo.java:updateAndGet(143)) - 3194ff55-4fd6-4b20-b65d-8d8726a38cdd: start FollowerState
2019-10-13 20:34:20,163 [pool-214-thread-1] INFO  util.JmxRegister (JmxRegister.java:tryRegister(44)) - Successfully registered JMX Bean with object name Ratis:service=RaftServer,group=group-D531EFA7F09A,id=3194ff55-4fd6-4b20-b65d-8d8726a38cdd
2019-10-13 20:34:20,169 [RatisPipelineUtilsThread] INFO  pipeline.PipelineStateManager (PipelineStateManager.java:addPipeline(56)) - Created pipeline Pipeline[ Id: e55aa385-259f-4866-8e8a-d531efa7f09a, Nodes: 3194ff55-4fd6-4b20-b65d-8d8726a38cdd{ip: 192.168.157.224, host: pr-hdds-2290-dcfw8-3342134496, networkLocation: /default-rack, certSerialId: null}, Type:RATIS, Factor:ONE, State:OPEN]
2019-10-13 20:34:20,191 [Thread-1537] INFO  impl.FollowerState (FollowerState.java:run(108)) - c6676a3b-9238-484a-870a-e78b36fd6b90@group-5D7F111F42E3-FollowerState: change to CANDIDATE, lastRpcTime:1199ms, electionTimeout:1199ms
2019-10-13 20:34:20,191 [Thread-1537] INFO  impl.RoleInfo (RoleInfo.java:shutdownFollowerState(121)) - c6676a3b-9238-484a-870a-e78b36fd6b90: shutdown FollowerState
2019-10-13 20:34:20,191 [Thread-1537] INFO  impl.RaftServerImpl (RaftServerImpl.java:setRole(170)) - c6676a3b-9238-484a-870a-e78b36fd6b90@group-5D7F111F42E3: changes role from  FOLLOWER to CANDIDATE at term 6 for changeToCandidate
2019-10-13 20:34:20,191 [Thread-1537] INFO  impl.RoleInfo (RoleInfo.java:updateAndGet(143)) - c6676a3b-9238-484a-870a-e78b36fd6b90: start LeaderElection
2019-10-13 20:34:20,205 [c6676a3b-9238-484a-870a-e78b36fd6b90@group-5D7F111F42E3-LeaderElection39] INFO  impl.LeaderElection (LeaderElection.java:askForVotes(178)) - c6676a3b-9238-484a-870a-e78b36fd6b90@group-5D7F111F42E3-LeaderElection39: begin an election at term 7 for 0: [cab3cae7-f0a1-4851-a661-63d582d319d1:192.168.157.224:38398, 787c3207-a753-429a-a612-e3ac99d17bc9:192.168.157.224:45659, c6676a3b-9238-484a-870a-e78b36fd6b90:192.168.157.224:37064], old=null
2019-10-13 20:34:20,208 [grpc-default-executor-0] WARN  server.GrpcServerProtocolService (LogUtils.java:warn(136)) - cab3cae7-f0a1-4851-a661-63d582d319d1: Failed requestVote c6676a3b-9238-484a-870a-e78b36fd6b90->cab3cae7-f0a1-4851-a661-63d582d319d1#0
org.apache.ratis.protocol.GroupMismatchException: cab3cae7-f0a1-4851-a661-63d582d319d1: group-5D7F111F42E3 not found.
	at org.apache.ratis.server.impl.RaftServerProxy$ImplMap.get(RaftServerProxy.java:122)
	at org.apache.ratis.server.impl.RaftServerProxy.getImplFuture(RaftServerProxy.java:269)
	at org.apache.ratis.server.impl.RaftServerProxy.getImpl(RaftServerProxy.java:278)
	at org.apache.ratis.server.impl.RaftServerProxy.getImpl(RaftServerProxy.java:273)
	at org.apache.ratis.server.impl.RaftServerProxy.requestVote(RaftServerProxy.java:443)
	at org.apache.ratis.grpc.server.GrpcServerProtocolService.requestVote(GrpcServerProtocolService.java:142)
	at org.apache.ratis.proto.grpc.RaftServerProtocolServiceGrpc$MethodHandlers.invoke(RaftServerProtocolServiceGrpc.java:319)
	at org.apache.ratis.thirdparty.io.grpc.stub.ServerCalls$UnaryServerCallHandler$UnaryServerCallListener.onHalfClose(ServerCalls.java:171)
	at org.apache.ratis.thirdparty.io.grpc.internal.ServerCallImpl$ServerStreamListenerImpl.halfClosed(ServerCallImpl.java:283)
	at org.apache.ratis.thirdparty.io.grpc.internal.ServerImpl$JumpToApplicationThreadServerStreamListener$1HalfClosed.runInContext(ServerImpl.java:710)
	at org.apache.ratis.thirdparty.io.grpc.internal.ContextRunnable.run(ContextRunnable.java:37)
	at org.apache.ratis.thirdparty.io.grpc.internal.SerializingExecutor.run(SerializingExecutor.java:123)
	at java.util.concurrent.ThreadPoolExecutor.runWorker(ThreadPoolExecutor.java:1149)
	at java.util.concurrent.ThreadPoolExecutor$Worker.run(ThreadPoolExecutor.java:624)
	at java.lang.Thread.run(Thread.java:748)
2019-10-13 20:34:20,208 [grpc-default-executor-3] WARN  server.GrpcServerProtocolService (LogUtils.java:warn(136)) - 787c3207-a753-429a-a612-e3ac99d17bc9: Failed requestVote c6676a3b-9238-484a-870a-e78b36fd6b90->787c3207-a753-429a-a612-e3ac99d17bc9#0
org.apache.ratis.protocol.GroupMismatchException: 787c3207-a753-429a-a612-e3ac99d17bc9: group-5D7F111F42E3 not found.
	at org.apache.ratis.server.impl.RaftServerProxy$ImplMap.get(RaftServerProxy.java:122)
	at org.apache.ratis.server.impl.RaftServerProxy.getImplFuture(RaftServerProxy.java:269)
	at org.apache.ratis.server.impl.RaftServerProxy.getImpl(RaftServerProxy.java:278)
	at org.apache.ratis.server.impl.RaftServerProxy.getImpl(RaftServerProxy.java:273)
	at org.apache.ratis.server.impl.RaftServerProxy.requestVote(RaftServerProxy.java:443)
	at org.apache.ratis.grpc.server.GrpcServerProtocolService.requestVote(GrpcServerProtocolService.java:142)
	at org.apache.ratis.proto.grpc.RaftServerProtocolServiceGrpc$MethodHandlers.invoke(RaftServerProtocolServiceGrpc.java:319)
	at org.apache.ratis.thirdparty.io.grpc.stub.ServerCalls$UnaryServerCallHandler$UnaryServerCallListener.onHalfClose(ServerCalls.java:171)
	at org.apache.ratis.thirdparty.io.grpc.internal.ServerCallImpl$ServerStreamListenerImpl.halfClosed(ServerCallImpl.java:283)
	at org.apache.ratis.thirdparty.io.grpc.internal.ServerImpl$JumpToApplicationThreadServerStreamListener$1HalfClosed.runInContext(ServerImpl.java:710)
	at org.apache.ratis.thirdparty.io.grpc.internal.ContextRunnable.run(ContextRunnable.java:37)
	at org.apache.ratis.thirdparty.io.grpc.internal.SerializingExecutor.run(SerializingExecutor.java:123)
	at java.util.concurrent.ThreadPoolExecutor.runWorker(ThreadPoolExecutor.java:1149)
	at java.util.concurrent.ThreadPoolExecutor$Worker.run(ThreadPoolExecutor.java:624)
	at java.lang.Thread.run(Thread.java:748)
2019-10-13 20:34:20,211 [c6676a3b-9238-484a-870a-e78b36fd6b90@group-5D7F111F42E3-LeaderElection39] INFO  impl.LeaderElection (LogUtils.java:infoOrTrace(149)) - c6676a3b-9238-484a-870a-e78b36fd6b90@group-5D7F111F42E3-LeaderElection39 got exception when requesting votes: {}
java.util.concurrent.ExecutionException: org.apache.ratis.thirdparty.io.grpc.StatusRuntimeException: INTERNAL: cab3cae7-f0a1-4851-a661-63d582d319d1: group-5D7F111F42E3 not found.
	at java.util.concurrent.FutureTask.report(FutureTask.java:122)
	at java.util.concurrent.FutureTask.get(FutureTask.java:192)
	at org.apache.ratis.server.impl.LeaderElection.waitForResults(LeaderElection.java:259)
	at org.apache.ratis.server.impl.LeaderElection.askForVotes(LeaderElection.java:197)
	at org.apache.ratis.server.impl.LeaderElection.run(LeaderElection.java:133)
	at java.lang.Thread.run(Thread.java:748)
Caused by: org.apache.ratis.thirdparty.io.grpc.StatusRuntimeException: INTERNAL: cab3cae7-f0a1-4851-a661-63d582d319d1: group-5D7F111F42E3 not found.
	at org.apache.ratis.thirdparty.io.grpc.stub.ClientCalls.toStatusRuntimeException(ClientCalls.java:233)
	at org.apache.ratis.thirdparty.io.grpc.stub.ClientCalls.getUnchecked(ClientCalls.java:214)
	at org.apache.ratis.thirdparty.io.grpc.stub.ClientCalls.blockingUnaryCall(ClientCalls.java:139)
	at org.apache.ratis.proto.grpc.RaftServerProtocolServiceGrpc$RaftServerProtocolServiceBlockingStub.requestVote(RaftServerProtocolServiceGrpc.java:265)
	at org.apache.ratis.grpc.server.GrpcServerProtocolClient.requestVote(GrpcServerProtocolClient.java:99)
	at org.apache.ratis.grpc.server.GrpcService.requestVote(GrpcService.java:204)
	at org.apache.ratis.server.impl.LeaderElection.lambda$submitRequests$1(LeaderElection.java:234)
	at java.util.concurrent.FutureTask.run(FutureTask.java:266)
	at java.util.concurrent.Executors$RunnableAdapter.call(Executors.java:511)
	at java.util.concurrent.FutureTask.run(FutureTask.java:266)
	at java.util.concurrent.ThreadPoolExecutor.runWorker(ThreadPoolExecutor.java:1149)
	at java.util.concurrent.ThreadPoolExecutor$Worker.run(ThreadPoolExecutor.java:624)
	... 1 more
2019-10-13 20:34:20,216 [c6676a3b-9238-484a-870a-e78b36fd6b90@group-5D7F111F42E3-LeaderElection39] INFO  impl.LeaderElection (LogUtils.java:infoOrTrace(149)) - c6676a3b-9238-484a-870a-e78b36fd6b90@group-5D7F111F42E3-LeaderElection39 got exception when requesting votes: {}
java.util.concurrent.ExecutionException: org.apache.ratis.thirdparty.io.grpc.StatusRuntimeException: INTERNAL: 787c3207-a753-429a-a612-e3ac99d17bc9: group-5D7F111F42E3 not found.
	at java.util.concurrent.FutureTask.report(FutureTask.java:122)
	at java.util.concurrent.FutureTask.get(FutureTask.java:192)
	at org.apache.ratis.server.impl.LeaderElection.waitForResults(LeaderElection.java:259)
	at org.apache.ratis.server.impl.LeaderElection.askForVotes(LeaderElection.java:197)
	at org.apache.ratis.server.impl.LeaderElection.run(LeaderElection.java:133)
	at java.lang.Thread.run(Thread.java:748)
Caused by: org.apache.ratis.thirdparty.io.grpc.StatusRuntimeException: INTERNAL: 787c3207-a753-429a-a612-e3ac99d17bc9: group-5D7F111F42E3 not found.
	at org.apache.ratis.thirdparty.io.grpc.stub.ClientCalls.toStatusRuntimeException(ClientCalls.java:233)
	at org.apache.ratis.thirdparty.io.grpc.stub.ClientCalls.getUnchecked(ClientCalls.java:214)
	at org.apache.ratis.thirdparty.io.grpc.stub.ClientCalls.blockingUnaryCall(ClientCalls.java:139)
	at org.apache.ratis.proto.grpc.RaftServerProtocolServiceGrpc$RaftServerProtocolServiceBlockingStub.requestVote(RaftServerProtocolServiceGrpc.java:265)
	at org.apache.ratis.grpc.server.GrpcServerProtocolClient.requestVote(GrpcServerProtocolClient.java:99)
	at org.apache.ratis.grpc.server.GrpcService.requestVote(GrpcService.java:204)
	at org.apache.ratis.server.impl.LeaderElection.lambda$submitRequests$1(LeaderElection.java:234)
	at java.util.concurrent.FutureTask.run(FutureTask.java:266)
	at java.util.concurrent.Executors$RunnableAdapter.call(Executors.java:511)
	at java.util.concurrent.FutureTask.run(FutureTask.java:266)
	at java.util.concurrent.ThreadPoolExecutor.runWorker(ThreadPoolExecutor.java:1149)
	at java.util.concurrent.ThreadPoolExecutor$Worker.run(ThreadPoolExecutor.java:624)
	... 1 more
2019-10-13 20:34:20,221 [c6676a3b-9238-484a-870a-e78b36fd6b90@group-5D7F111F42E3-LeaderElection39] INFO  impl.LeaderElection (LeaderElection.java:logAndReturn(56)) - c6676a3b-9238-484a-870a-e78b36fd6b90@group-5D7F111F42E3-LeaderElection39: Election REJECTED; received 0 response(s) [] and 2 exception(s); c6676a3b-9238-484a-870a-e78b36fd6b90@group-5D7F111F42E3:t7, leader=null, voted=c6676a3b-9238-484a-870a-e78b36fd6b90, raftlog=c6676a3b-9238-484a-870a-e78b36fd6b90@group-5D7F111F42E3-SegmentedRaftLog:OPENED:c0,f0,i0, conf=0: [cab3cae7-f0a1-4851-a661-63d582d319d1:192.168.157.224:38398, 787c3207-a753-429a-a612-e3ac99d17bc9:192.168.157.224:45659, c6676a3b-9238-484a-870a-e78b36fd6b90:192.168.157.224:37064], old=null
2019-10-13 20:34:20,221 [c6676a3b-9238-484a-870a-e78b36fd6b90@group-5D7F111F42E3-LeaderElection39] INFO  impl.LeaderElection (LogUtils.java:infoOrTrace(149)) -   Exception 0: {}
java.util.concurrent.ExecutionException: org.apache.ratis.thirdparty.io.grpc.StatusRuntimeException: INTERNAL: cab3cae7-f0a1-4851-a661-63d582d319d1: group-5D7F111F42E3 not found.
	at java.util.concurrent.FutureTask.report(FutureTask.java:122)
	at java.util.concurrent.FutureTask.get(FutureTask.java:192)
	at org.apache.ratis.server.impl.LeaderElection.waitForResults(LeaderElection.java:259)
	at org.apache.ratis.server.impl.LeaderElection.askForVotes(LeaderElection.java:197)
	at org.apache.ratis.server.impl.LeaderElection.run(LeaderElection.java:133)
	at java.lang.Thread.run(Thread.java:748)
Caused by: org.apache.ratis.thirdparty.io.grpc.StatusRuntimeException: INTERNAL: cab3cae7-f0a1-4851-a661-63d582d319d1: group-5D7F111F42E3 not found.
	at org.apache.ratis.thirdparty.io.grpc.stub.ClientCalls.toStatusRuntimeException(ClientCalls.java:233)
	at org.apache.ratis.thirdparty.io.grpc.stub.ClientCalls.getUnchecked(ClientCalls.java:214)
	at org.apache.ratis.thirdparty.io.grpc.stub.ClientCalls.blockingUnaryCall(ClientCalls.java:139)
	at org.apache.ratis.proto.grpc.RaftServerProtocolServiceGrpc$RaftServerProtocolServiceBlockingStub.requestVote(RaftServerProtocolServiceGrpc.java:265)
	at org.apache.ratis.grpc.server.GrpcServerProtocolClient.requestVote(GrpcServerProtocolClient.java:99)
	at org.apache.ratis.grpc.server.GrpcService.requestVote(GrpcService.java:204)
	at org.apache.ratis.server.impl.LeaderElection.lambda$submitRequests$1(LeaderElection.java:234)
	at java.util.concurrent.FutureTask.run(FutureTask.java:266)
	at java.util.concurrent.Executors$RunnableAdapter.call(Executors.java:511)
	at java.util.concurrent.FutureTask.run(FutureTask.java:266)
	at java.util.concurrent.ThreadPoolExecutor.runWorker(ThreadPoolExecutor.java:1149)
	at java.util.concurrent.ThreadPoolExecutor$Worker.run(ThreadPoolExecutor.java:624)
	... 1 more
2019-10-13 20:34:20,222 [c6676a3b-9238-484a-870a-e78b36fd6b90@group-5D7F111F42E3-LeaderElection39] INFO  impl.LeaderElection (LogUtils.java:infoOrTrace(149)) -   Exception 1: {}
java.util.concurrent.ExecutionException: org.apache.ratis.thirdparty.io.grpc.StatusRuntimeException: INTERNAL: 787c3207-a753-429a-a612-e3ac99d17bc9: group-5D7F111F42E3 not found.
	at java.util.concurrent.FutureTask.report(FutureTask.java:122)
	at java.util.concurrent.FutureTask.get(FutureTask.java:192)
	at org.apache.ratis.server.impl.LeaderElection.waitForResults(LeaderElection.java:259)
	at org.apache.ratis.server.impl.LeaderElection.askForVotes(LeaderElection.java:197)
	at org.apache.ratis.server.impl.LeaderElection.run(LeaderElection.java:133)
	at java.lang.Thread.run(Thread.java:748)
Caused by: org.apache.ratis.thirdparty.io.grpc.StatusRuntimeException: INTERNAL: 787c3207-a753-429a-a612-e3ac99d17bc9: group-5D7F111F42E3 not found.
	at org.apache.ratis.thirdparty.io.grpc.stub.ClientCalls.toStatusRuntimeException(ClientCalls.java:233)
	at org.apache.ratis.thirdparty.io.grpc.stub.ClientCalls.getUnchecked(ClientCalls.java:214)
	at org.apache.ratis.thirdparty.io.grpc.stub.ClientCalls.blockingUnaryCall(ClientCalls.java:139)
	at org.apache.ratis.proto.grpc.RaftServerProtocolServiceGrpc$RaftServerProtocolServiceBlockingStub.requestVote(RaftServerProtocolServiceGrpc.java:265)
	at org.apache.ratis.grpc.server.GrpcServerProtocolClient.requestVote(GrpcServerProtocolClient.java:99)
	at org.apache.ratis.grpc.server.GrpcService.requestVote(GrpcService.java:204)
	at org.apache.ratis.server.impl.LeaderElection.lambda$submitRequests$1(LeaderElection.java:234)
	at java.util.concurrent.FutureTask.run(FutureTask.java:266)
	at java.util.concurrent.Executors$RunnableAdapter.call(Executors.java:511)
	at java.util.concurrent.FutureTask.run(FutureTask.java:266)
	at java.util.concurrent.ThreadPoolExecutor.runWorker(ThreadPoolExecutor.java:1149)
	at java.util.concurrent.ThreadPoolExecutor$Worker.run(ThreadPoolExecutor.java:624)
	... 1 more
2019-10-13 20:34:20,222 [IPC Server handler 5 on 41423] INFO  net.NetworkTopology (NetworkTopologyImpl.java:add(111)) - Added a new node: /default-rack/aadf9f79-694c-46a6-b55c-827d59c43739
2019-10-13 20:34:20,226 [c6676a3b-9238-484a-870a-e78b36fd6b90@group-5D7F111F42E3-LeaderElection39] INFO  impl.RaftServerImpl (RaftServerImpl.java:setRole(170)) - c6676a3b-9238-484a-870a-e78b36fd6b90@group-5D7F111F42E3: changes role from CANDIDATE to FOLLOWER at term 7 for DISCOVERED_A_NEW_TERM
2019-10-13 20:34:20,226 [IPC Server handler 5 on 41423] INFO  node.SCMNodeManager (SCMNodeManager.java:register(268)) - Registered Data node : aadf9f79-694c-46a6-b55c-827d59c43739{ip: 192.168.157.224, host: pr-hdds-2290-dcfw8-3342134496, networkLocation: /default-rack, certSerialId: null}
2019-10-13 20:34:20,226 [c6676a3b-9238-484a-870a-e78b36fd6b90@group-5D7F111F42E3-LeaderElection39] INFO  impl.RoleInfo (RoleInfo.java:shutdownLeaderElection(134)) - c6676a3b-9238-484a-870a-e78b36fd6b90: shutdown LeaderElection
2019-10-13 20:34:20,227 [c6676a3b-9238-484a-870a-e78b36fd6b90@group-5D7F111F42E3-LeaderElection39] INFO  impl.RoleInfo (RoleInfo.java:updateAndGet(143)) - c6676a3b-9238-484a-870a-e78b36fd6b90: start FollowerState
2019-10-13 20:34:20,235 [grpc-default-executor-0] INFO  impl.RaftServerProxy (RaftServerProxy.java:addNew(89)) - aadf9f79-694c-46a6-b55c-827d59c43739: addNew group-131DB5B40DA7:[aadf9f79-694c-46a6-b55c-827d59c43739:192.168.157.224:36251] returns group-131DB5B40DA7:java.util.concurrent.CompletableFuture@26cf6ce0[Not completed]
2019-10-13 20:34:20,238 [pool-224-thread-1] INFO  impl.RaftServerImpl (RaftServerImpl.java:<init>(95)) - aadf9f79-694c-46a6-b55c-827d59c43739: new RaftServerImpl for group-131DB5B40DA7:[aadf9f79-694c-46a6-b55c-827d59c43739:192.168.157.224:36251] with ContainerStateMachine:uninitialized
2019-10-13 20:34:20,238 [pool-224-thread-1] INFO  server.RaftServerConfigKeys (ConfUtils.java:logGet(43)) - raft.server.rpc.timeout.min = 5s (custom)
2019-10-13 20:34:20,238 [pool-224-thread-1] INFO  server.RaftServerConfigKeys (ConfUtils.java:logGet(43)) - raft.server.rpc.timeout.max = 5200ms (custom)
2019-10-13 20:34:20,239 [pool-224-thread-1] INFO  server.RaftServerConfigKeys (ConfUtils.java:logGet(43)) - raft.server.rpcslowness.timeout = 120s (custom)
2019-10-13 20:34:20,239 [pool-224-thread-1] INFO  server.RaftServerConfigKeys (ConfUtils.java:logGet(43)) - raft.server.sleep.deviation.threshold = 300 (default)
2019-10-13 20:34:20,239 [pool-224-thread-1] INFO  server.RaftServerConfigKeys (ConfUtils.java:logGet(43)) - raft.server.log.appender.install.snapshot.enabled = false (custom)
2019-10-13 20:34:20,239 [pool-224-thread-1] INFO  impl.RaftServerImpl (ServerState.java:<init>(103)) - aadf9f79-694c-46a6-b55c-827d59c43739@group-131DB5B40DA7: ConfigurationManager, init=-1: [aadf9f79-694c-46a6-b55c-827d59c43739:192.168.157.224:36251], old=null, confs=<EMPTY_MAP>
2019-10-13 20:34:20,239 [pool-224-thread-1] INFO  server.RaftServerConfigKeys (ConfUtils.java:logGet(43)) - raft.server.storage.dir = [/workdir/hadoop-ozone/integration-test/target/test-dir/MiniOzoneClusterImpl-e735d883-6d8e-4d30-a8f4-26865d39708e/datanode-2/data/ratis] (custom)
2019-10-13 20:34:20,240 [pool-224-thread-1] INFO  server.RaftServerConfigKeys (ConfUtils.java:logGet(43)) - raft.server.log.corruption.policy = EXCEPTION (default)
2019-10-13 20:34:20,240 [pool-224-thread-1] INFO  storage.RaftStorageDirectory (RaftStorageDirectory.java:analyzeStorage(246)) - The storage directory /workdir/hadoop-ozone/integration-test/target/test-dir/MiniOzoneClusterImpl-e735d883-6d8e-4d30-a8f4-26865d39708e/datanode-2/data/ratis/d13a39ed-26c3-498e-ab2d-131db5b40da7 does not exist. Creating ...
2019-10-13 20:34:20,253 [pool-224-thread-1] INFO  storage.RaftStorageDirectory (RaftStorageDirectory.java:tryLock(328)) - Lock on /workdir/hadoop-ozone/integration-test/target/test-dir/MiniOzoneClusterImpl-e735d883-6d8e-4d30-a8f4-26865d39708e/datanode-2/data/ratis/d13a39ed-26c3-498e-ab2d-131db5b40da7/in_use.lock acquired by nodename 2755@pr-hdds-2290-dcfw8-3342134496
2019-10-13 20:34:20,265 [pool-224-thread-1] INFO  storage.RaftStorage (RaftStorage.java:format(84)) - Storage directory /workdir/hadoop-ozone/integration-test/target/test-dir/MiniOzoneClusterImpl-e735d883-6d8e-4d30-a8f4-26865d39708e/datanode-2/data/ratis/d13a39ed-26c3-498e-ab2d-131db5b40da7 has been successfully formatted.
2019-10-13 20:34:20,265 [pool-224-thread-1] INFO  ratis.ContainerStateMachine (ContainerStateMachine.java:loadSnapshot(231)) - group-131DB5B40DA7: The snapshot info is null. Setting the last applied indexto:(t:0, i:~)
2019-10-13 20:34:20,266 [pool-224-thread-1] INFO  server.RaftServerConfigKeys (ConfUtils.java:logGet(43)) - raft.server.notification.no-leader.timeout = 120s (custom)
2019-10-13 20:34:20,266 [pool-224-thread-1] INFO  server.RaftServerConfigKeys (ConfUtils.java:logGet(43)) - raft.server.log.use.memory = false (default)
2019-10-13 20:34:20,266 [pool-224-thread-1] INFO  server.RaftServerConfigKeys (ConfUtils.java:logGet(43)) - raft.server.log.purge.gap = 1000000 (custom)
2019-10-13 20:34:20,266 [pool-224-thread-1] INFO  server.RaftServerConfigKeys (ConfUtils.java:logGet(43)) - raft.server.log.appender.buffer.byte-limit = 33554432 (custom)
2019-10-13 20:34:20,266 [pool-224-thread-1] INFO  server.RaftServerConfigKeys (ConfUtils.java:logGet(43)) - raft.server.log.segment.size.max = 1048576 (custom)
2019-10-13 20:34:20,269 [pool-224-thread-1] INFO  server.RaftServerConfigKeys (ConfUtils.java:logGet(43)) - raft.server.log.segment.cache.num.max = 2 (custom)
2019-10-13 20:34:20,269 [pool-224-thread-1] INFO  segmented.SegmentedRaftLogWorker (SegmentedRaftLogWorker.java:<init>(173)) - new aadf9f79-694c-46a6-b55c-827d59c43739@group-131DB5B40DA7-SegmentedRaftLogWorker for RaftStorage:Storage Directory /workdir/hadoop-ozone/integration-test/target/test-dir/MiniOzoneClusterImpl-e735d883-6d8e-4d30-a8f4-26865d39708e/datanode-2/data/ratis/d13a39ed-26c3-498e-ab2d-131db5b40da7
2019-10-13 20:34:20,269 [pool-224-thread-1] INFO  server.RaftServerConfigKeys (ConfUtils.java:logGet(43)) - raft.server.log.queue.byte-limit = 2147483647 (custom)
2019-10-13 20:34:20,269 [pool-224-thread-1] INFO  server.RaftServerConfigKeys (ConfUtils.java:logGet(43)) - raft.server.log.queue.element-limit = 1024 (custom)
2019-10-13 20:34:20,269 [pool-224-thread-1] INFO  server.RaftServerConfigKeys (ConfUtils.java:logGet(43)) - raft.server.log.segment.size.max = 1048576 (custom)
2019-10-13 20:34:20,270 [pool-224-thread-1] INFO  server.RaftServerConfigKeys (ConfUtils.java:logGet(43)) - raft.server.log.preallocated.size = 16384 (custom)
2019-10-13 20:34:20,270 [pool-224-thread-1] INFO  server.RaftServerConfigKeys (ConfUtils.java:logGet(43)) - raft.server.log.write.buffer.size = 33554432 (custom)
2019-10-13 20:34:20,270 [pool-224-thread-1] INFO  server.RaftServerConfigKeys (ConfUtils.java:logGet(43)) - raft.server.log.force.sync.num = 128 (default)
2019-10-13 20:34:20,270 [pool-224-thread-1] INFO  server.RaftServerConfigKeys (ConfUtils.java:logGet(43)) - raft.server.log.statemachine.data.sync = true (default)
2019-10-13 20:34:20,270 [pool-224-thread-1] INFO  server.RaftServerConfigKeys (ConfUtils.java:logGet(43)) - raft.server.log.statemachine.data.sync.timeout = 10s (default)
2019-10-13 20:34:20,270 [pool-224-thread-1] INFO  server.RaftServerConfigKeys (ConfUtils.java:logGet(43)) - raft.server.log.statemachine.data.sync.timeout.retry = -1 (default)
2019-10-13 20:34:20,271 [pool-224-thread-1] INFO  server.RaftServerConfigKeys (ConfUtils.java:logGet(43)) - raft.server.log.statemachine.data.caching.enabled = true (custom)
2019-10-13 20:34:20,271 [pool-224-thread-1] INFO  segmented.SegmentedRaftLogWorker (SegmentedRaftLogWorker.java:lambda$new$0(128)) - aadf9f79-694c-46a6-b55c-827d59c43739@group-131DB5B40DA7-SegmentedRaftLogWorker: flushIndex: setUnconditionally 0 -> -1
2019-10-13 20:34:20,271 [pool-224-thread-1] INFO  server.RaftServerConfigKeys (ConfUtils.java:logGet(43)) - raft.server.snapshot.auto.trigger.enabled = true (custom)
2019-10-13 20:34:20,272 [pool-224-thread-1] INFO  server.RaftServerConfigKeys (ConfUtils.java:logGet(43)) - raft.server.snapshot.auto.trigger.threshold = 10000 (custom)
2019-10-13 20:34:20,272 [pool-224-thread-1] INFO  server.RaftServerConfigKeys (ConfUtils.java:logGet(43)) - raft.server.snapshot.retention.file.num = 5 (custom)
2019-10-13 20:34:20,272 [pool-224-thread-1] INFO  server.RaftServerConfigKeys (ConfUtils.java:logGet(43)) - raft.server.retrycache.expirytime = 600000ms (custom)
2019-10-13 20:34:20,274 [pool-224-thread-1] INFO  impl.RaftServerImpl (RaftServerImpl.java:start(181)) - aadf9f79-694c-46a6-b55c-827d59c43739@group-131DB5B40DA7: start as a follower, conf=-1: [aadf9f79-694c-46a6-b55c-827d59c43739:192.168.157.224:36251], old=null
2019-10-13 20:34:20,275 [pool-224-thread-1] INFO  impl.RaftServerImpl (RaftServerImpl.java:setRole(170)) - aadf9f79-694c-46a6-b55c-827d59c43739@group-131DB5B40DA7: changes role from      null to FOLLOWER at term 0 for startAsFollower
2019-10-13 20:34:20,275 [pool-224-thread-1] INFO  impl.RoleInfo (RoleInfo.java:updateAndGet(143)) - aadf9f79-694c-46a6-b55c-827d59c43739: start FollowerState
2019-10-13 20:34:20,275 [pool-224-thread-1] INFO  util.JmxRegister (JmxRegister.java:tryRegister(44)) - Successfully registered JMX Bean with object name Ratis:service=RaftServer,group=group-131DB5B40DA7,id=aadf9f79-694c-46a6-b55c-827d59c43739
2019-10-13 20:34:20,280 [RatisPipelineUtilsThread] INFO  pipeline.PipelineStateManager (PipelineStateManager.java:addPipeline(56)) - Created pipeline Pipeline[ Id: d13a39ed-26c3-498e-ab2d-131db5b40da7, Nodes: aadf9f79-694c-46a6-b55c-827d59c43739{ip: 192.168.157.224, host: pr-hdds-2290-dcfw8-3342134496, networkLocation: /default-rack, certSerialId: null}, Type:RATIS, Factor:ONE, State:OPEN]
2019-10-13 20:34:20,295 [grpc-default-executor-4] INFO  impl.RaftServerProxy (RaftServerProxy.java:addNew(89)) - 25fb0338-209f-4f69-825b-6b7257c56b18: addNew group-0BB7D473782A:[aadf9f79-694c-46a6-b55c-827d59c43739:192.168.157.224:36251, 3194ff55-4fd6-4b20-b65d-8d8726a38cdd:192.168.157.224:45249, 25fb0338-209f-4f69-825b-6b7257c56b18:192.168.157.224:45372] returns group-0BB7D473782A:java.util.concurrent.CompletableFuture@3fc8a55b[Not completed]
2019-10-13 20:34:20,296 [grpc-default-executor-3] INFO  impl.RaftServerProxy (RaftServerProxy.java:addNew(89)) - 3194ff55-4fd6-4b20-b65d-8d8726a38cdd: addNew group-0BB7D473782A:[aadf9f79-694c-46a6-b55c-827d59c43739:192.168.157.224:36251, 3194ff55-4fd6-4b20-b65d-8d8726a38cdd:192.168.157.224:45249, 25fb0338-209f-4f69-825b-6b7257c56b18:192.168.157.224:45372] returns group-0BB7D473782A:java.util.concurrent.CompletableFuture@23f698ac[Not completed]
2019-10-13 20:34:20,296 [grpc-default-executor-3] INFO  impl.RaftServerProxy (RaftServerProxy.java:addNew(89)) - aadf9f79-694c-46a6-b55c-827d59c43739: addNew group-0BB7D473782A:[aadf9f79-694c-46a6-b55c-827d59c43739:192.168.157.224:36251, 3194ff55-4fd6-4b20-b65d-8d8726a38cdd:192.168.157.224:45249, 25fb0338-209f-4f69-825b-6b7257c56b18:192.168.157.224:45372] returns group-0BB7D473782A:java.util.concurrent.CompletableFuture@3525208f[Not completed]
2019-10-13 20:34:20,297 [pool-214-thread-1] INFO  impl.RaftServerImpl (RaftServerImpl.java:<init>(95)) - 3194ff55-4fd6-4b20-b65d-8d8726a38cdd: new RaftServerImpl for group-0BB7D473782A:[aadf9f79-694c-46a6-b55c-827d59c43739:192.168.157.224:36251, 3194ff55-4fd6-4b20-b65d-8d8726a38cdd:192.168.157.224:45249, 25fb0338-209f-4f69-825b-6b7257c56b18:192.168.157.224:45372] with ContainerStateMachine:uninitialized
2019-10-13 20:34:20,297 [pool-214-thread-1] INFO  server.RaftServerConfigKeys (ConfUtils.java:logGet(43)) - raft.server.rpc.timeout.min = 5s (custom)
2019-10-13 20:34:20,297 [pool-214-thread-1] INFO  server.RaftServerConfigKeys (ConfUtils.java:logGet(43)) - raft.server.rpc.timeout.max = 5200ms (custom)
2019-10-13 20:34:20,297 [pool-214-thread-1] INFO  server.RaftServerConfigKeys (ConfUtils.java:logGet(43)) - raft.server.rpcslowness.timeout = 120s (custom)
2019-10-13 20:34:20,297 [pool-224-thread-1] INFO  impl.RaftServerImpl (RaftServerImpl.java:<init>(95)) - aadf9f79-694c-46a6-b55c-827d59c43739: new RaftServerImpl for group-0BB7D473782A:[aadf9f79-694c-46a6-b55c-827d59c43739:192.168.157.224:36251, 3194ff55-4fd6-4b20-b65d-8d8726a38cdd:192.168.157.224:45249, 25fb0338-209f-4f69-825b-6b7257c56b18:192.168.157.224:45372] with ContainerStateMachine:uninitialized
2019-10-13 20:34:20,297 [pool-214-thread-1] INFO  server.RaftServerConfigKeys (ConfUtils.java:logGet(43)) - raft.server.sleep.deviation.threshold = 300 (default)
2019-10-13 20:34:20,298 [pool-224-thread-1] INFO  server.RaftServerConfigKeys (ConfUtils.java:logGet(43)) - raft.server.rpc.timeout.min = 5s (custom)
2019-10-13 20:34:20,298 [pool-214-thread-1] INFO  server.RaftServerConfigKeys (ConfUtils.java:logGet(43)) - raft.server.log.appender.install.snapshot.enabled = false (custom)
2019-10-13 20:34:20,298 [pool-224-thread-1] INFO  server.RaftServerConfigKeys (ConfUtils.java:logGet(43)) - raft.server.rpc.timeout.max = 5200ms (custom)
2019-10-13 20:34:20,298 [pool-214-thread-1] INFO  impl.RaftServerImpl (ServerState.java:<init>(103)) - 3194ff55-4fd6-4b20-b65d-8d8726a38cdd@group-0BB7D473782A: ConfigurationManager, init=-1: [aadf9f79-694c-46a6-b55c-827d59c43739:192.168.157.224:36251, 3194ff55-4fd6-4b20-b65d-8d8726a38cdd:192.168.157.224:45249, 25fb0338-209f-4f69-825b-6b7257c56b18:192.168.157.224:45372], old=null, confs=<EMPTY_MAP>
2019-10-13 20:34:20,298 [pool-224-thread-1] INFO  server.RaftServerConfigKeys (ConfUtils.java:logGet(43)) - raft.server.rpcslowness.timeout = 120s (custom)
2019-10-13 20:34:20,298 [pool-214-thread-1] INFO  server.RaftServerConfigKeys (ConfUtils.java:logGet(43)) - raft.server.storage.dir = [/workdir/hadoop-ozone/integration-test/target/test-dir/MiniOzoneClusterImpl-e735d883-6d8e-4d30-a8f4-26865d39708e/datanode-1/data/ratis] (custom)
2019-10-13 20:34:20,298 [pool-204-thread-1] INFO  impl.RaftServerImpl (RaftServerImpl.java:<init>(95)) - 25fb0338-209f-4f69-825b-6b7257c56b18: new RaftServerImpl for group-0BB7D473782A:[aadf9f79-694c-46a6-b55c-827d59c43739:192.168.157.224:36251, 3194ff55-4fd6-4b20-b65d-8d8726a38cdd:192.168.157.224:45249, 25fb0338-209f-4f69-825b-6b7257c56b18:192.168.157.224:45372] with ContainerStateMachine:uninitialized
2019-10-13 20:34:20,298 [pool-224-thread-1] INFO  server.RaftServerConfigKeys (ConfUtils.java:logGet(43)) - raft.server.sleep.deviation.threshold = 300 (default)
2019-10-13 20:34:20,299 [pool-204-thread-1] INFO  server.RaftServerConfigKeys (ConfUtils.java:logGet(43)) - raft.server.rpc.timeout.min = 5s (custom)
2019-10-13 20:34:20,299 [pool-214-thread-1] INFO  server.RaftServerConfigKeys (ConfUtils.java:logGet(43)) - raft.server.log.corruption.policy = EXCEPTION (default)
2019-10-13 20:34:20,299 [pool-204-thread-1] INFO  server.RaftServerConfigKeys (ConfUtils.java:logGet(43)) - raft.server.rpc.timeout.max = 5200ms (custom)
2019-10-13 20:34:20,299 [pool-224-thread-1] INFO  server.RaftServerConfigKeys (ConfUtils.java:logGet(43)) - raft.server.log.appender.install.snapshot.enabled = false (custom)
2019-10-13 20:34:20,299 [pool-204-thread-1] INFO  server.RaftServerConfigKeys (ConfUtils.java:logGet(43)) - raft.server.rpcslowness.timeout = 120s (custom)
2019-10-13 20:34:20,299 [pool-214-thread-1] INFO  storage.RaftStorageDirectory (RaftStorageDirectory.java:analyzeStorage(246)) - The storage directory /workdir/hadoop-ozone/integration-test/target/test-dir/MiniOzoneClusterImpl-e735d883-6d8e-4d30-a8f4-26865d39708e/datanode-1/data/ratis/ded33819-f6ee-45cc-964c-0bb7d473782a does not exist. Creating ...
2019-10-13 20:34:20,299 [pool-204-thread-1] INFO  server.RaftServerConfigKeys (ConfUtils.java:logGet(43)) - raft.server.sleep.deviation.threshold = 300 (default)
2019-10-13 20:34:20,299 [pool-224-thread-1] INFO  impl.RaftServerImpl (ServerState.java:<init>(103)) - aadf9f79-694c-46a6-b55c-827d59c43739@group-0BB7D473782A: ConfigurationManager, init=-1: [aadf9f79-694c-46a6-b55c-827d59c43739:192.168.157.224:36251, 3194ff55-4fd6-4b20-b65d-8d8726a38cdd:192.168.157.224:45249, 25fb0338-209f-4f69-825b-6b7257c56b18:192.168.157.224:45372], old=null, confs=<EMPTY_MAP>
2019-10-13 20:34:20,300 [pool-204-thread-1] INFO  server.RaftServerConfigKeys (ConfUtils.java:logGet(43)) - raft.server.log.appender.install.snapshot.enabled = false (custom)
2019-10-13 20:34:20,300 [pool-224-thread-1] INFO  server.RaftServerConfigKeys (ConfUtils.java:logGet(43)) - raft.server.storage.dir = [/workdir/hadoop-ozone/integration-test/target/test-dir/MiniOzoneClusterImpl-e735d883-6d8e-4d30-a8f4-26865d39708e/datanode-2/data/ratis] (custom)
2019-10-13 20:34:20,300 [pool-204-thread-1] INFO  impl.RaftServerImpl (ServerState.java:<init>(103)) - 25fb0338-209f-4f69-825b-6b7257c56b18@group-0BB7D473782A: ConfigurationManager, init=-1: [aadf9f79-694c-46a6-b55c-827d59c43739:192.168.157.224:36251, 3194ff55-4fd6-4b20-b65d-8d8726a38cdd:192.168.157.224:45249, 25fb0338-209f-4f69-825b-6b7257c56b18:192.168.157.224:45372], old=null, confs=<EMPTY_MAP>
2019-10-13 20:34:20,300 [pool-224-thread-1] INFO  server.RaftServerConfigKeys (ConfUtils.java:logGet(43)) - raft.server.log.corruption.policy = EXCEPTION (default)
2019-10-13 20:34:20,300 [pool-204-thread-1] INFO  server.RaftServerConfigKeys (ConfUtils.java:logGet(43)) - raft.server.storage.dir = [/workdir/hadoop-ozone/integration-test/target/test-dir/MiniOzoneClusterImpl-e735d883-6d8e-4d30-a8f4-26865d39708e/datanode-0/data/ratis] (custom)
2019-10-13 20:34:20,300 [pool-224-thread-1] INFO  storage.RaftStorageDirectory (RaftStorageDirectory.java:analyzeStorage(246)) - The storage directory /workdir/hadoop-ozone/integration-test/target/test-dir/MiniOzoneClusterImpl-e735d883-6d8e-4d30-a8f4-26865d39708e/datanode-2/data/ratis/ded33819-f6ee-45cc-964c-0bb7d473782a does not exist. Creating ...
2019-10-13 20:34:20,301 [pool-204-thread-1] INFO  server.RaftServerConfigKeys (ConfUtils.java:logGet(43)) - raft.server.log.corruption.policy = EXCEPTION (default)
2019-10-13 20:34:20,301 [pool-204-thread-1] INFO  storage.RaftStorageDirectory (RaftStorageDirectory.java:analyzeStorage(246)) - The storage directory /workdir/hadoop-ozone/integration-test/target/test-dir/MiniOzoneClusterImpl-e735d883-6d8e-4d30-a8f4-26865d39708e/datanode-0/data/ratis/ded33819-f6ee-45cc-964c-0bb7d473782a does not exist. Creating ...
2019-10-13 20:34:20,310 [IPC Server handler 7 on 41423] INFO  net.NetworkTopology (NetworkTopologyImpl.java:add(111)) - Added a new node: /default-rack/732f13f1-effb-415c-bad5-ecb4cbb65b5c
2019-10-13 20:34:20,310 [IPC Server handler 7 on 41423] INFO  node.SCMNodeManager (SCMNodeManager.java:register(268)) - Registered Data node : 732f13f1-effb-415c-bad5-ecb4cbb65b5c{ip: 192.168.157.224, host: pr-hdds-2290-dcfw8-3342134496, networkLocation: /default-rack, certSerialId: null}
2019-10-13 20:34:20,313 [java.util.concurrent.ThreadPoolExecutor$Worker@dbb1acd[State = -1, empty queue]] WARN  server.GrpcLogAppender (GrpcLogAppender.java:timeoutAppendRequest(200)) - c6676a3b-9238-484a-870a-e78b36fd6b90@group-CCF72240D914->cab3cae7-f0a1-4851-a661-63d582d319d1-GrpcLogAppender: appendEntries Timeout, request=c6676a3b-9238-484a-870a-e78b36fd6b90->cab3cae7-f0a1-4851-a661-63d582d319d1#90-t6, previous=(t:6, i:2), leaderCommit=2, initializing? false, entries: <empty>
2019-10-13 20:34:20,313 [pool-224-thread-1] INFO  storage.RaftStorageDirectory (RaftStorageDirectory.java:tryLock(328)) - Lock on /workdir/hadoop-ozone/integration-test/target/test-dir/MiniOzoneClusterImpl-e735d883-6d8e-4d30-a8f4-26865d39708e/datanode-2/data/ratis/ded33819-f6ee-45cc-964c-0bb7d473782a/in_use.lock acquired by nodename 2755@pr-hdds-2290-dcfw8-3342134496
2019-10-13 20:34:20,313 [pool-204-thread-1] INFO  storage.RaftStorageDirectory (RaftStorageDirectory.java:tryLock(328)) - Lock on /workdir/hadoop-ozone/integration-test/target/test-dir/MiniOzoneClusterImpl-e735d883-6d8e-4d30-a8f4-26865d39708e/datanode-0/data/ratis/ded33819-f6ee-45cc-964c-0bb7d473782a/in_use.lock acquired by nodename 2755@pr-hdds-2290-dcfw8-3342134496
2019-10-13 20:34:20,313 [pool-214-thread-1] INFO  storage.RaftStorageDirectory (RaftStorageDirectory.java:tryLock(328)) - Lock on /workdir/hadoop-ozone/integration-test/target/test-dir/MiniOzoneClusterImpl-e735d883-6d8e-4d30-a8f4-26865d39708e/datanode-1/data/ratis/ded33819-f6ee-45cc-964c-0bb7d473782a/in_use.lock acquired by nodename 2755@pr-hdds-2290-dcfw8-3342134496
2019-10-13 20:34:20,326 [pool-214-thread-1] INFO  storage.RaftStorage (RaftStorage.java:format(84)) - Storage directory /workdir/hadoop-ozone/integration-test/target/test-dir/MiniOzoneClusterImpl-e735d883-6d8e-4d30-a8f4-26865d39708e/datanode-1/data/ratis/ded33819-f6ee-45cc-964c-0bb7d473782a has been successfully formatted.
2019-10-13 20:34:20,326 [pool-204-thread-1] INFO  storage.RaftStorage (RaftStorage.java:format(84)) - Storage directory /workdir/hadoop-ozone/integration-test/target/test-dir/MiniOzoneClusterImpl-e735d883-6d8e-4d30-a8f4-26865d39708e/datanode-0/data/ratis/ded33819-f6ee-45cc-964c-0bb7d473782a has been successfully formatted.
2019-10-13 20:34:20,326 [pool-224-thread-1] INFO  storage.RaftStorage (RaftStorage.java:format(84)) - Storage directory /workdir/hadoop-ozone/integration-test/target/test-dir/MiniOzoneClusterImpl-e735d883-6d8e-4d30-a8f4-26865d39708e/datanode-2/data/ratis/ded33819-f6ee-45cc-964c-0bb7d473782a has been successfully formatted.
2019-10-13 20:34:20,326 [pool-214-thread-1] INFO  ratis.ContainerStateMachine (ContainerStateMachine.java:loadSnapshot(231)) - group-0BB7D473782A: The snapshot info is null. Setting the last applied indexto:(t:0, i:~)
2019-10-13 20:34:20,327 [pool-224-thread-1] INFO  ratis.ContainerStateMachine (ContainerStateMachine.java:loadSnapshot(231)) - group-0BB7D473782A: The snapshot info is null. Setting the last applied indexto:(t:0, i:~)
2019-10-13 20:34:20,327 [pool-204-thread-1] INFO  ratis.ContainerStateMachine (ContainerStateMachine.java:loadSnapshot(231)) - group-0BB7D473782A: The snapshot info is null. Setting the last applied indexto:(t:0, i:~)
2019-10-13 20:34:20,327 [pool-224-thread-1] INFO  server.RaftServerConfigKeys (ConfUtils.java:logGet(43)) - raft.server.notification.no-leader.timeout = 120s (custom)
2019-10-13 20:34:20,327 [pool-214-thread-1] INFO  server.RaftServerConfigKeys (ConfUtils.java:logGet(43)) - raft.server.notification.no-leader.timeout = 120s (custom)
2019-10-13 20:34:20,327 [pool-224-thread-1] INFO  server.RaftServerConfigKeys (ConfUtils.java:logGet(43)) - raft.server.log.use.memory = false (default)
2019-10-13 20:34:20,327 [pool-204-thread-1] INFO  server.RaftServerConfigKeys (ConfUtils.java:logGet(43)) - raft.server.notification.no-leader.timeout = 120s (custom)
2019-10-13 20:34:20,327 [pool-224-thread-1] INFO  server.RaftServerConfigKeys (ConfUtils.java:logGet(43)) - raft.server.log.purge.gap = 1000000 (custom)
2019-10-13 20:34:20,327 [pool-214-thread-1] INFO  server.RaftServerConfigKeys (ConfUtils.java:logGet(43)) - raft.server.log.use.memory = false (default)
2019-10-13 20:34:20,328 [pool-224-thread-1] INFO  server.RaftServerConfigKeys (ConfUtils.java:logGet(43)) - raft.server.log.appender.buffer.byte-limit = 33554432 (custom)
2019-10-13 20:34:20,328 [pool-204-thread-1] INFO  server.RaftServerConfigKeys (ConfUtils.java:logGet(43)) - raft.server.log.use.memory = false (default)
2019-10-13 20:34:20,328 [pool-224-thread-1] INFO  server.RaftServerConfigKeys (ConfUtils.java:logGet(43)) - raft.server.log.segment.size.max = 1048576 (custom)
2019-10-13 20:34:20,328 [pool-214-thread-1] INFO  server.RaftServerConfigKeys (ConfUtils.java:logGet(43)) - raft.server.log.purge.gap = 1000000 (custom)
2019-10-13 20:34:20,328 [pool-224-thread-1] INFO  server.RaftServerConfigKeys (ConfUtils.java:logGet(43)) - raft.server.log.segment.cache.num.max = 2 (custom)
2019-10-13 20:34:20,328 [pool-204-thread-1] INFO  server.RaftServerConfigKeys (ConfUtils.java:logGet(43)) - raft.server.log.purge.gap = 1000000 (custom)
2019-10-13 20:34:20,328 [pool-224-thread-1] INFO  segmented.SegmentedRaftLogWorker (SegmentedRaftLogWorker.java:<init>(173)) - new aadf9f79-694c-46a6-b55c-827d59c43739@group-0BB7D473782A-SegmentedRaftLogWorker for RaftStorage:Storage Directory /workdir/hadoop-ozone/integration-test/target/test-dir/MiniOzoneClusterImpl-e735d883-6d8e-4d30-a8f4-26865d39708e/datanode-2/data/ratis/ded33819-f6ee-45cc-964c-0bb7d473782a
2019-10-13 20:34:20,328 [pool-214-thread-1] INFO  server.RaftServerConfigKeys (ConfUtils.java:logGet(43)) - raft.server.log.appender.buffer.byte-limit = 33554432 (custom)
2019-10-13 20:34:20,329 [pool-224-thread-1] INFO  server.RaftServerConfigKeys (ConfUtils.java:logGet(43)) - raft.server.log.queue.byte-limit = 2147483647 (custom)
2019-10-13 20:34:20,329 [pool-204-thread-1] INFO  server.RaftServerConfigKeys (ConfUtils.java:logGet(43)) - raft.server.log.appender.buffer.byte-limit = 33554432 (custom)
2019-10-13 20:34:20,329 [pool-224-thread-1] INFO  server.RaftServerConfigKeys (ConfUtils.java:logGet(43)) - raft.server.log.queue.element-limit = 1024 (custom)
2019-10-13 20:34:20,329 [pool-214-thread-1] INFO  server.RaftServerConfigKeys (ConfUtils.java:logGet(43)) - raft.server.log.segment.size.max = 1048576 (custom)
2019-10-13 20:34:20,329 [pool-224-thread-1] INFO  server.RaftServerConfigKeys (ConfUtils.java:logGet(43)) - raft.server.log.segment.size.max = 1048576 (custom)
2019-10-13 20:34:20,329 [pool-204-thread-1] INFO  server.RaftServerConfigKeys (ConfUtils.java:logGet(43)) - raft.server.log.segment.size.max = 1048576 (custom)
2019-10-13 20:34:20,330 [pool-224-thread-1] INFO  server.RaftServerConfigKeys (ConfUtils.java:logGet(43)) - raft.server.log.preallocated.size = 16384 (custom)
2019-10-13 20:34:20,330 [pool-214-thread-1] INFO  server.RaftServerConfigKeys (ConfUtils.java:logGet(43)) - raft.server.log.segment.cache.num.max = 2 (custom)
2019-10-13 20:34:20,330 [pool-224-thread-1] INFO  server.RaftServerConfigKeys (ConfUtils.java:logGet(43)) - raft.server.log.write.buffer.size = 33554432 (custom)
2019-10-13 20:34:20,330 [pool-204-thread-1] INFO  server.RaftServerConfigKeys (ConfUtils.java:logGet(43)) - raft.server.log.segment.cache.num.max = 2 (custom)
2019-10-13 20:34:20,330 [pool-224-thread-1] INFO  server.RaftServerConfigKeys (ConfUtils.java:logGet(43)) - raft.server.log.force.sync.num = 128 (default)
2019-10-13 20:34:20,330 [pool-214-thread-1] INFO  segmented.SegmentedRaftLogWorker (SegmentedRaftLogWorker.java:<init>(173)) - new 3194ff55-4fd6-4b20-b65d-8d8726a38cdd@group-0BB7D473782A-SegmentedRaftLogWorker for RaftStorage:Storage Directory /workdir/hadoop-ozone/integration-test/target/test-dir/MiniOzoneClusterImpl-e735d883-6d8e-4d30-a8f4-26865d39708e/datanode-1/data/ratis/ded33819-f6ee-45cc-964c-0bb7d473782a
2019-10-13 20:34:20,330 [pool-224-thread-1] INFO  server.RaftServerConfigKeys (ConfUtils.java:logGet(43)) - raft.server.log.statemachine.data.sync = true (default)
2019-10-13 20:34:20,330 [pool-204-thread-1] INFO  segmented.SegmentedRaftLogWorker (SegmentedRaftLogWorker.java:<init>(173)) - new 25fb0338-209f-4f69-825b-6b7257c56b18@group-0BB7D473782A-SegmentedRaftLogWorker for RaftStorage:Storage Directory /workdir/hadoop-ozone/integration-test/target/test-dir/MiniOzoneClusterImpl-e735d883-6d8e-4d30-a8f4-26865d39708e/datanode-0/data/ratis/ded33819-f6ee-45cc-964c-0bb7d473782a
2019-10-13 20:34:20,331 [pool-224-thread-1] INFO  server.RaftServerConfigKeys (ConfUtils.java:logGet(43)) - raft.server.log.statemachine.data.sync.timeout = 10s (default)
2019-10-13 20:34:20,331 [pool-214-thread-1] INFO  server.RaftServerConfigKeys (ConfUtils.java:logGet(43)) - raft.server.log.queue.byte-limit = 2147483647 (custom)
2019-10-13 20:34:20,331 [pool-224-thread-1] INFO  server.RaftServerConfigKeys (ConfUtils.java:logGet(43)) - raft.server.log.statemachine.data.sync.timeout.retry = -1 (default)
2019-10-13 20:34:20,331 [pool-204-thread-1] INFO  server.RaftServerConfigKeys (ConfUtils.java:logGet(43)) - raft.server.log.queue.byte-limit = 2147483647 (custom)
2019-10-13 20:34:20,331 [pool-224-thread-1] INFO  server.RaftServerConfigKeys (ConfUtils.java:logGet(43)) - raft.server.log.statemachine.data.caching.enabled = true (custom)
2019-10-13 20:34:20,331 [pool-214-thread-1] INFO  server.RaftServerConfigKeys (ConfUtils.java:logGet(43)) - raft.server.log.queue.element-limit = 1024 (custom)
2019-10-13 20:34:20,331 [pool-204-thread-1] INFO  server.RaftServerConfigKeys (ConfUtils.java:logGet(43)) - raft.server.log.queue.element-limit = 1024 (custom)
2019-10-13 20:34:20,332 [pool-214-thread-1] INFO  server.RaftServerConfigKeys (ConfUtils.java:logGet(43)) - raft.server.log.segment.size.max = 1048576 (custom)
2019-10-13 20:34:20,332 [pool-224-thread-1] INFO  segmented.SegmentedRaftLogWorker (SegmentedRaftLogWorker.java:lambda$new$0(128)) - aadf9f79-694c-46a6-b55c-827d59c43739@group-0BB7D473782A-SegmentedRaftLogWorker: flushIndex: setUnconditionally 0 -> -1
2019-10-13 20:34:20,332 [pool-214-thread-1] INFO  server.RaftServerConfigKeys (ConfUtils.java:logGet(43)) - raft.server.log.preallocated.size = 16384 (custom)
2019-10-13 20:34:20,332 [pool-214-thread-1] INFO  server.RaftServerConfigKeys (ConfUtils.java:logGet(43)) - raft.server.log.write.buffer.size = 33554432 (custom)
2019-10-13 20:34:20,332 [pool-204-thread-1] INFO  server.RaftServerConfigKeys (ConfUtils.java:logGet(43)) - raft.server.log.segment.size.max = 1048576 (custom)
2019-10-13 20:34:20,332 [pool-214-thread-1] INFO  server.RaftServerConfigKeys (ConfUtils.java:logGet(43)) - raft.server.log.force.sync.num = 128 (default)
2019-10-13 20:34:20,332 [pool-224-thread-1] INFO  server.RaftServerConfigKeys (ConfUtils.java:logGet(43)) - raft.server.snapshot.auto.trigger.enabled = true (custom)
2019-10-13 20:34:20,333 [pool-214-thread-1] INFO  server.RaftServerConfigKeys (ConfUtils.java:logGet(43)) - raft.server.log.statemachine.data.sync = true (default)
2019-10-13 20:34:20,332 [pool-204-thread-1] INFO  server.RaftServerConfigKeys (ConfUtils.java:logGet(43)) - raft.server.log.preallocated.size = 16384 (custom)
2019-10-13 20:34:20,333 [pool-214-thread-1] INFO  server.RaftServerConfigKeys (ConfUtils.java:logGet(43)) - raft.server.log.statemachine.data.sync.timeout = 10s (default)
2019-10-13 20:34:20,333 [pool-224-thread-1] INFO  server.RaftServerConfigKeys (ConfUtils.java:logGet(43)) - raft.server.snapshot.auto.trigger.threshold = 10000 (custom)
2019-10-13 20:34:20,333 [pool-214-thread-1] INFO  server.RaftServerConfigKeys (ConfUtils.java:logGet(43)) - raft.server.log.statemachine.data.sync.timeout.retry = -1 (default)
2019-10-13 20:34:20,333 [pool-204-thread-1] INFO  server.RaftServerConfigKeys (ConfUtils.java:logGet(43)) - raft.server.log.write.buffer.size = 33554432 (custom)
2019-10-13 20:34:20,333 [pool-214-thread-1] INFO  server.RaftServerConfigKeys (ConfUtils.java:logGet(43)) - raft.server.log.statemachine.data.caching.enabled = true (custom)
2019-10-13 20:34:20,333 [pool-224-thread-1] INFO  server.RaftServerConfigKeys (ConfUtils.java:logGet(43)) - raft.server.snapshot.retention.file.num = 5 (custom)
2019-10-13 20:34:20,334 [pool-204-thread-1] INFO  server.RaftServerConfigKeys (ConfUtils.java:logGet(43)) - raft.server.log.force.sync.num = 128 (default)
2019-10-13 20:34:20,334 [pool-214-thread-1] INFO  segmented.SegmentedRaftLogWorker (SegmentedRaftLogWorker.java:lambda$new$0(128)) - 3194ff55-4fd6-4b20-b65d-8d8726a38cdd@group-0BB7D473782A-SegmentedRaftLogWorker: flushIndex: setUnconditionally 0 -> -1
2019-10-13 20:34:20,334 [pool-224-thread-1] INFO  server.RaftServerConfigKeys (ConfUtils.java:logGet(43)) - raft.server.retrycache.expirytime = 600000ms (custom)
2019-10-13 20:34:20,334 [pool-204-thread-1] INFO  server.RaftServerConfigKeys (ConfUtils.java:logGet(43)) - raft.server.log.statemachine.data.sync = true (default)
2019-10-13 20:34:20,334 [pool-214-thread-1] INFO  server.RaftServerConfigKeys (ConfUtils.java:logGet(43)) - raft.server.snapshot.auto.trigger.enabled = true (custom)
2019-10-13 20:34:20,334 [pool-204-thread-1] INFO  server.RaftServerConfigKeys (ConfUtils.java:logGet(43)) - raft.server.log.statemachine.data.sync.timeout = 10s (default)
2019-10-13 20:34:20,335 [pool-214-thread-1] INFO  server.RaftServerConfigKeys (ConfUtils.java:logGet(43)) - raft.server.snapshot.auto.trigger.threshold = 10000 (custom)
2019-10-13 20:34:20,335 [pool-204-thread-1] INFO  server.RaftServerConfigKeys (ConfUtils.java:logGet(43)) - raft.server.log.statemachine.data.sync.timeout.retry = -1 (default)
2019-10-13 20:34:20,335 [pool-214-thread-1] INFO  server.RaftServerConfigKeys (ConfUtils.java:logGet(43)) - raft.server.snapshot.retention.file.num = 5 (custom)
2019-10-13 20:34:20,335 [pool-204-thread-1] INFO  server.RaftServerConfigKeys (ConfUtils.java:logGet(43)) - raft.server.log.statemachine.data.caching.enabled = true (custom)
2019-10-13 20:34:20,335 [pool-214-thread-1] INFO  server.RaftServerConfigKeys (ConfUtils.java:logGet(43)) - raft.server.retrycache.expirytime = 600000ms (custom)
2019-10-13 20:34:20,335 [pool-204-thread-1] INFO  segmented.SegmentedRaftLogWorker (SegmentedRaftLogWorker.java:lambda$new$0(128)) - 25fb0338-209f-4f69-825b-6b7257c56b18@group-0BB7D473782A-SegmentedRaftLogWorker: flushIndex: setUnconditionally 0 -> -1
2019-10-13 20:34:20,336 [pool-204-thread-1] INFO  server.RaftServerConfigKeys (ConfUtils.java:logGet(43)) - raft.server.snapshot.auto.trigger.enabled = true (custom)
2019-10-13 20:34:20,336 [pool-204-thread-1] INFO  server.RaftServerConfigKeys (ConfUtils.java:logGet(43)) - raft.server.snapshot.auto.trigger.threshold = 10000 (custom)
2019-10-13 20:34:20,336 [pool-224-thread-1] INFO  impl.RaftServerImpl (RaftServerImpl.java:start(181)) - aadf9f79-694c-46a6-b55c-827d59c43739@group-0BB7D473782A: start as a follower, conf=-1: [aadf9f79-694c-46a6-b55c-827d59c43739:192.168.157.224:36251, 3194ff55-4fd6-4b20-b65d-8d8726a38cdd:192.168.157.224:45249, 25fb0338-209f-4f69-825b-6b7257c56b18:192.168.157.224:45372], old=null
2019-10-13 20:34:20,336 [pool-204-thread-1] INFO  server.RaftServerConfigKeys (ConfUtils.java:logGet(43)) - raft.server.snapshot.retention.file.num = 5 (custom)
2019-10-13 20:34:20,336 [pool-224-thread-1] INFO  impl.RaftServerImpl (RaftServerImpl.java:setRole(170)) - aadf9f79-694c-46a6-b55c-827d59c43739@group-0BB7D473782A: changes role from      null to FOLLOWER at term 0 for startAsFollower
2019-10-13 20:34:20,336 [pool-204-thread-1] INFO  server.RaftServerConfigKeys (ConfUtils.java:logGet(43)) - raft.server.retrycache.expirytime = 600000ms (custom)
2019-10-13 20:34:20,336 [pool-224-thread-1] INFO  impl.RoleInfo (RoleInfo.java:updateAndGet(143)) - aadf9f79-694c-46a6-b55c-827d59c43739: start FollowerState
2019-10-13 20:34:20,337 [pool-224-thread-1] INFO  util.JmxRegister (JmxRegister.java:tryRegister(44)) - Successfully registered JMX Bean with object name Ratis:service=RaftServer,group=group-0BB7D473782A,id=aadf9f79-694c-46a6-b55c-827d59c43739
2019-10-13 20:34:20,338 [pool-214-thread-1] INFO  impl.RaftServerImpl (RaftServerImpl.java:start(181)) - 3194ff55-4fd6-4b20-b65d-8d8726a38cdd@group-0BB7D473782A: start as a follower, conf=-1: [aadf9f79-694c-46a6-b55c-827d59c43739:192.168.157.224:36251, 3194ff55-4fd6-4b20-b65d-8d8726a38cdd:192.168.157.224:45249, 25fb0338-209f-4f69-825b-6b7257c56b18:192.168.157.224:45372], old=null
2019-10-13 20:34:20,338 [pool-214-thread-1] INFO  impl.RaftServerImpl (RaftServerImpl.java:setRole(170)) - 3194ff55-4fd6-4b20-b65d-8d8726a38cdd@group-0BB7D473782A: changes role from      null to FOLLOWER at term 0 for startAsFollower
2019-10-13 20:34:20,338 [pool-214-thread-1] INFO  impl.RoleInfo (RoleInfo.java:updateAndGet(143)) - 3194ff55-4fd6-4b20-b65d-8d8726a38cdd: start FollowerState
2019-10-13 20:34:20,338 [pool-214-thread-1] INFO  util.JmxRegister (JmxRegister.java:tryRegister(44)) - Successfully registered JMX Bean with object name Ratis:service=RaftServer,group=group-0BB7D473782A,id=3194ff55-4fd6-4b20-b65d-8d8726a38cdd
2019-10-13 20:34:20,340 [pool-204-thread-1] INFO  impl.RaftServerImpl (RaftServerImpl.java:start(181)) - 25fb0338-209f-4f69-825b-6b7257c56b18@group-0BB7D473782A: start as a follower, conf=-1: [aadf9f79-694c-46a6-b55c-827d59c43739:192.168.157.224:36251, 3194ff55-4fd6-4b20-b65d-8d8726a38cdd:192.168.157.224:45249, 25fb0338-209f-4f69-825b-6b7257c56b18:192.168.157.224:45372], old=null
2019-10-13 20:34:20,340 [pool-204-thread-1] INFO  impl.RaftServerImpl (RaftServerImpl.java:setRole(170)) - 25fb0338-209f-4f69-825b-6b7257c56b18@group-0BB7D473782A: changes role from      null to FOLLOWER at term 0 for startAsFollower
2019-10-13 20:34:20,340 [pool-204-thread-1] INFO  impl.RoleInfo (RoleInfo.java:updateAndGet(143)) - 25fb0338-209f-4f69-825b-6b7257c56b18: start FollowerState
2019-10-13 20:34:20,340 [pool-204-thread-1] INFO  util.JmxRegister (JmxRegister.java:tryRegister(44)) - Successfully registered JMX Bean with object name Ratis:service=RaftServer,group=group-0BB7D473782A,id=25fb0338-209f-4f69-825b-6b7257c56b18
2019-10-13 20:34:20,345 [RatisPipelineUtilsThread] INFO  pipeline.PipelineStateManager (PipelineStateManager.java:addPipeline(56)) - Created pipeline Pipeline[ Id: ded33819-f6ee-45cc-964c-0bb7d473782a, Nodes: aadf9f79-694c-46a6-b55c-827d59c43739{ip: 192.168.157.224, host: pr-hdds-2290-dcfw8-3342134496, networkLocation: /default-rack, certSerialId: null}25fb0338-209f-4f69-825b-6b7257c56b18{ip: 192.168.157.224, host: pr-hdds-2290-dcfw8-3342134496, networkLocation: /default-rack, certSerialId: null}3194ff55-4fd6-4b20-b65d-8d8726a38cdd{ip: 192.168.157.224, host: pr-hdds-2290-dcfw8-3342134496, networkLocation: /default-rack, certSerialId: null}, Type:RATIS, Factor:THREE, State:OPEN]
2019-10-13 20:34:20,398 [IPC Server handler 4 on 41423] INFO  net.NetworkTopology (NetworkTopologyImpl.java:add(111)) - Added a new node: /default-rack/e5e75258-b30c-4414-b37a-9f78f5c93f4e
2019-10-13 20:34:20,398 [IPC Server handler 4 on 41423] INFO  node.SCMNodeManager (SCMNodeManager.java:register(268)) - Registered Data node : e5e75258-b30c-4414-b37a-9f78f5c93f4e{ip: 192.168.157.224, host: pr-hdds-2290-dcfw8-3342134496, networkLocation: /default-rack, certSerialId: null}
2019-10-13 20:34:20,435 [grpc-default-executor-3] INFO  impl.RaftServerProxy (RaftServerProxy.java:addNew(89)) - 732f13f1-effb-415c-bad5-ecb4cbb65b5c: addNew group-7E76A23B8779:[732f13f1-effb-415c-bad5-ecb4cbb65b5c:192.168.157.224:33976] returns group-7E76A23B8779:java.util.concurrent.CompletableFuture@3649efc0[Not completed]
2019-10-13 20:34:20,438 [java.util.concurrent.ThreadPoolExecutor$Worker@29c7306b[State = -1, empty queue]] WARN  server.GrpcLogAppender (GrpcLogAppender.java:timeoutAppendRequest(200)) - a62c5862-2413-45e1-a25a-271607b15565@group-C88106EEEC90->cab3cae7-f0a1-4851-a661-63d582d319d1-GrpcLogAppender: appendEntries Timeout, request=a62c5862-2413-45e1-a25a-271607b15565->cab3cae7-f0a1-4851-a661-63d582d319d1#101-t5, previous=(t:5, i:0), leaderCommit=0, initializing? false, entries: <empty>
2019-10-13 20:34:20,440 [pool-234-thread-1] INFO  impl.RaftServerImpl (RaftServerImpl.java:<init>(95)) - 732f13f1-effb-415c-bad5-ecb4cbb65b5c: new RaftServerImpl for group-7E76A23B8779:[732f13f1-effb-415c-bad5-ecb4cbb65b5c:192.168.157.224:33976] with ContainerStateMachine:uninitialized
2019-10-13 20:34:20,440 [pool-234-thread-1] INFO  server.RaftServerConfigKeys (ConfUtils.java:logGet(43)) - raft.server.rpc.timeout.min = 5s (custom)
2019-10-13 20:34:20,440 [pool-234-thread-1] INFO  server.RaftServerConfigKeys (ConfUtils.java:logGet(43)) - raft.server.rpc.timeout.max = 5200ms (custom)
2019-10-13 20:34:20,440 [pool-234-thread-1] INFO  server.RaftServerConfigKeys (ConfUtils.java:logGet(43)) - raft.server.rpcslowness.timeout = 120s (custom)
2019-10-13 20:34:20,440 [pool-234-thread-1] INFO  server.RaftServerConfigKeys (ConfUtils.java:logGet(43)) - raft.server.sleep.deviation.threshold = 300 (default)
2019-10-13 20:34:20,440 [pool-234-thread-1] INFO  server.RaftServerConfigKeys (ConfUtils.java:logGet(43)) - raft.server.log.appender.install.snapshot.enabled = false (custom)
2019-10-13 20:34:20,440 [pool-234-thread-1] INFO  impl.RaftServerImpl (ServerState.java:<init>(103)) - 732f13f1-effb-415c-bad5-ecb4cbb65b5c@group-7E76A23B8779: ConfigurationManager, init=-1: [732f13f1-effb-415c-bad5-ecb4cbb65b5c:192.168.157.224:33976], old=null, confs=<EMPTY_MAP>
2019-10-13 20:34:20,441 [pool-234-thread-1] INFO  server.RaftServerConfigKeys (ConfUtils.java:logGet(43)) - raft.server.storage.dir = [/workdir/hadoop-ozone/integration-test/target/test-dir/MiniOzoneClusterImpl-e735d883-6d8e-4d30-a8f4-26865d39708e/datanode-3/data/ratis] (custom)
2019-10-13 20:34:20,441 [pool-234-thread-1] INFO  server.RaftServerConfigKeys (ConfUtils.java:logGet(43)) - raft.server.log.corruption.policy = EXCEPTION (default)
2019-10-13 20:34:20,441 [pool-234-thread-1] INFO  storage.RaftStorageDirectory (RaftStorageDirectory.java:analyzeStorage(246)) - The storage directory /workdir/hadoop-ozone/integration-test/target/test-dir/MiniOzoneClusterImpl-e735d883-6d8e-4d30-a8f4-26865d39708e/datanode-3/data/ratis/17cd60d0-e7f4-40e6-8214-7e76a23b8779 does not exist. Creating ...
2019-10-13 20:34:20,454 [java.util.concurrent.ThreadPoolExecutor$Worker@4c9c17fc[State = -1, empty queue]] WARN  server.GrpcLogAppender (GrpcLogAppender.java:timeoutAppendRequest(200)) - c6676a3b-9238-484a-870a-e78b36fd6b90@group-CCF72240D914->787c3207-a753-429a-a612-e3ac99d17bc9-GrpcLogAppender: appendEntries Timeout, request=c6676a3b-9238-484a-870a-e78b36fd6b90->787c3207-a753-429a-a612-e3ac99d17bc9#89-t6, previous=(t:6, i:2), leaderCommit=2, initializing? false, entries: <empty>
2019-10-13 20:34:20,455 [pool-234-thread-1] INFO  storage.RaftStorageDirectory (RaftStorageDirectory.java:tryLock(328)) - Lock on /workdir/hadoop-ozone/integration-test/target/test-dir/MiniOzoneClusterImpl-e735d883-6d8e-4d30-a8f4-26865d39708e/datanode-3/data/ratis/17cd60d0-e7f4-40e6-8214-7e76a23b8779/in_use.lock acquired by nodename 2755@pr-hdds-2290-dcfw8-3342134496
2019-10-13 20:34:20,468 [pool-234-thread-1] INFO  storage.RaftStorage (RaftStorage.java:format(84)) - Storage directory /workdir/hadoop-ozone/integration-test/target/test-dir/MiniOzoneClusterImpl-e735d883-6d8e-4d30-a8f4-26865d39708e/datanode-3/data/ratis/17cd60d0-e7f4-40e6-8214-7e76a23b8779 has been successfully formatted.
2019-10-13 20:34:20,468 [pool-234-thread-1] INFO  ratis.ContainerStateMachine (ContainerStateMachine.java:loadSnapshot(231)) - group-7E76A23B8779: The snapshot info is null. Setting the last applied indexto:(t:0, i:~)
2019-10-13 20:34:20,468 [pool-234-thread-1] INFO  server.RaftServerConfigKeys (ConfUtils.java:logGet(43)) - raft.server.notification.no-leader.timeout = 120s (custom)
2019-10-13 20:34:20,469 [pool-234-thread-1] INFO  server.RaftServerConfigKeys (ConfUtils.java:logGet(43)) - raft.server.log.use.memory = false (default)
2019-10-13 20:34:20,469 [pool-234-thread-1] INFO  server.RaftServerConfigKeys (ConfUtils.java:logGet(43)) - raft.server.log.purge.gap = 1000000 (custom)
2019-10-13 20:34:20,469 [pool-234-thread-1] INFO  server.RaftServerConfigKeys (ConfUtils.java:logGet(43)) - raft.server.log.appender.buffer.byte-limit = 33554432 (custom)
2019-10-13 20:34:20,469 [pool-234-thread-1] INFO  server.RaftServerConfigKeys (ConfUtils.java:logGet(43)) - raft.server.log.segment.size.max = 1048576 (custom)
2019-10-13 20:34:20,471 [pool-234-thread-1] INFO  server.RaftServerConfigKeys (ConfUtils.java:logGet(43)) - raft.server.log.segment.cache.num.max = 2 (custom)
2019-10-13 20:34:20,471 [pool-234-thread-1] INFO  segmented.SegmentedRaftLogWorker (SegmentedRaftLogWorker.java:<init>(173)) - new 732f13f1-effb-415c-bad5-ecb4cbb65b5c@group-7E76A23B8779-SegmentedRaftLogWorker for RaftStorage:Storage Directory /workdir/hadoop-ozone/integration-test/target/test-dir/MiniOzoneClusterImpl-e735d883-6d8e-4d30-a8f4-26865d39708e/datanode-3/data/ratis/17cd60d0-e7f4-40e6-8214-7e76a23b8779
2019-10-13 20:34:20,471 [pool-234-thread-1] INFO  server.RaftServerConfigKeys (ConfUtils.java:logGet(43)) - raft.server.log.queue.byte-limit = 2147483647 (custom)
2019-10-13 20:34:20,472 [pool-234-thread-1] INFO  server.RaftServerConfigKeys (ConfUtils.java:logGet(43)) - raft.server.log.queue.element-limit = 1024 (custom)
2019-10-13 20:34:20,472 [pool-234-thread-1] INFO  server.RaftServerConfigKeys (ConfUtils.java:logGet(43)) - raft.server.log.segment.size.max = 1048576 (custom)
2019-10-13 20:34:20,472 [pool-234-thread-1] INFO  server.RaftServerConfigKeys (ConfUtils.java:logGet(43)) - raft.server.log.preallocated.size = 16384 (custom)
2019-10-13 20:34:20,472 [pool-234-thread-1] INFO  server.RaftServerConfigKeys (ConfUtils.java:logGet(43)) - raft.server.log.write.buffer.size = 33554432 (custom)
2019-10-13 20:34:20,472 [pool-234-thread-1] INFO  server.RaftServerConfigKeys (ConfUtils.java:logGet(43)) - raft.server.log.force.sync.num = 128 (default)
2019-10-13 20:34:20,472 [pool-234-thread-1] INFO  server.RaftServerConfigKeys (ConfUtils.java:logGet(43)) - raft.server.log.statemachine.data.sync = true (default)
2019-10-13 20:34:20,472 [pool-234-thread-1] INFO  server.RaftServerConfigKeys (ConfUtils.java:logGet(43)) - raft.server.log.statemachine.data.sync.timeout = 10s (default)
2019-10-13 20:34:20,473 [pool-234-thread-1] INFO  server.RaftServerConfigKeys (ConfUtils.java:logGet(43)) - raft.server.log.statemachine.data.sync.timeout.retry = -1 (default)
2019-10-13 20:34:20,473 [pool-234-thread-1] INFO  server.RaftServerConfigKeys (ConfUtils.java:logGet(43)) - raft.server.log.statemachine.data.caching.enabled = true (custom)
2019-10-13 20:34:20,473 [pool-234-thread-1] INFO  segmented.SegmentedRaftLogWorker (SegmentedRaftLogWorker.java:lambda$new$0(128)) - 732f13f1-effb-415c-bad5-ecb4cbb65b5c@group-7E76A23B8779-SegmentedRaftLogWorker: flushIndex: setUnconditionally 0 -> -1
2019-10-13 20:34:20,474 [pool-234-thread-1] INFO  server.RaftServerConfigKeys (ConfUtils.java:logGet(43)) - raft.server.snapshot.auto.trigger.enabled = true (custom)
2019-10-13 20:34:20,474 [pool-234-thread-1] INFO  server.RaftServerConfigKeys (ConfUtils.java:logGet(43)) - raft.server.snapshot.auto.trigger.threshold = 10000 (custom)
2019-10-13 20:34:20,474 [pool-234-thread-1] INFO  server.RaftServerConfigKeys (ConfUtils.java:logGet(43)) - raft.server.snapshot.retention.file.num = 5 (custom)
2019-10-13 20:34:20,474 [pool-234-thread-1] INFO  server.RaftServerConfigKeys (ConfUtils.java:logGet(43)) - raft.server.retrycache.expirytime = 600000ms (custom)
2019-10-13 20:34:20,476 [pool-234-thread-1] INFO  impl.RaftServerImpl (RaftServerImpl.java:start(181)) - 732f13f1-effb-415c-bad5-ecb4cbb65b5c@group-7E76A23B8779: start as a follower, conf=-1: [732f13f1-effb-415c-bad5-ecb4cbb65b5c:192.168.157.224:33976], old=null
2019-10-13 20:34:20,476 [pool-234-thread-1] INFO  impl.RaftServerImpl (RaftServerImpl.java:setRole(170)) - 732f13f1-effb-415c-bad5-ecb4cbb65b5c@group-7E76A23B8779: changes role from      null to FOLLOWER at term 0 for startAsFollower
2019-10-13 20:34:20,476 [pool-234-thread-1] INFO  impl.RoleInfo (RoleInfo.java:updateAndGet(143)) - 732f13f1-effb-415c-bad5-ecb4cbb65b5c: start FollowerState
2019-10-13 20:34:20,477 [pool-234-thread-1] INFO  util.JmxRegister (JmxRegister.java:tryRegister(44)) - Successfully registered JMX Bean with object name Ratis:service=RaftServer,group=group-7E76A23B8779,id=732f13f1-effb-415c-bad5-ecb4cbb65b5c
2019-10-13 20:34:20,482 [RatisPipelineUtilsThread] INFO  pipeline.PipelineStateManager (PipelineStateManager.java:addPipeline(56)) - Created pipeline Pipeline[ Id: 17cd60d0-e7f4-40e6-8214-7e76a23b8779, Nodes: 732f13f1-effb-415c-bad5-ecb4cbb65b5c{ip: 192.168.157.224, host: pr-hdds-2290-dcfw8-3342134496, networkLocation: /default-rack, certSerialId: null}, Type:RATIS, Factor:ONE, State:OPEN]
2019-10-13 20:34:20,514 [grpc-default-executor-3] INFO  impl.RaftServerProxy (RaftServerProxy.java:addNew(89)) - e5e75258-b30c-4414-b37a-9f78f5c93f4e: addNew group-2985D112A707:[e5e75258-b30c-4414-b37a-9f78f5c93f4e:192.168.157.224:44126] returns group-2985D112A707:java.util.concurrent.CompletableFuture@673726b1[Not completed]
2019-10-13 20:34:20,516 [pool-244-thread-1] INFO  impl.RaftServerImpl (RaftServerImpl.java:<init>(95)) - e5e75258-b30c-4414-b37a-9f78f5c93f4e: new RaftServerImpl for group-2985D112A707:[e5e75258-b30c-4414-b37a-9f78f5c93f4e:192.168.157.224:44126] with ContainerStateMachine:uninitialized
2019-10-13 20:34:20,516 [pool-244-thread-1] INFO  server.RaftServerConfigKeys (ConfUtils.java:logGet(43)) - raft.server.rpc.timeout.min = 5s (custom)
2019-10-13 20:34:20,516 [pool-244-thread-1] INFO  server.RaftServerConfigKeys (ConfUtils.java:logGet(43)) - raft.server.rpc.timeout.max = 5200ms (custom)
2019-10-13 20:34:20,516 [pool-244-thread-1] INFO  server.RaftServerConfigKeys (ConfUtils.java:logGet(43)) - raft.server.rpcslowness.timeout = 120s (custom)
2019-10-13 20:34:20,516 [pool-244-thread-1] INFO  server.RaftServerConfigKeys (ConfUtils.java:logGet(43)) - raft.server.sleep.deviation.threshold = 300 (default)
2019-10-13 20:34:20,517 [pool-244-thread-1] INFO  server.RaftServerConfigKeys (ConfUtils.java:logGet(43)) - raft.server.log.appender.install.snapshot.enabled = false (custom)
2019-10-13 20:34:20,517 [pool-244-thread-1] INFO  impl.RaftServerImpl (ServerState.java:<init>(103)) - e5e75258-b30c-4414-b37a-9f78f5c93f4e@group-2985D112A707: ConfigurationManager, init=-1: [e5e75258-b30c-4414-b37a-9f78f5c93f4e:192.168.157.224:44126], old=null, confs=<EMPTY_MAP>
2019-10-13 20:34:20,517 [pool-244-thread-1] INFO  server.RaftServerConfigKeys (ConfUtils.java:logGet(43)) - raft.server.storage.dir = [/workdir/hadoop-ozone/integration-test/target/test-dir/MiniOzoneClusterImpl-e735d883-6d8e-4d30-a8f4-26865d39708e/datanode-4/data/ratis] (custom)
2019-10-13 20:34:20,517 [pool-244-thread-1] INFO  server.RaftServerConfigKeys (ConfUtils.java:logGet(43)) - raft.server.log.corruption.policy = EXCEPTION (default)
2019-10-13 20:34:20,517 [pool-244-thread-1] INFO  storage.RaftStorageDirectory (RaftStorageDirectory.java:analyzeStorage(246)) - The storage directory /workdir/hadoop-ozone/integration-test/target/test-dir/MiniOzoneClusterImpl-e735d883-6d8e-4d30-a8f4-26865d39708e/datanode-4/data/ratis/faee284f-9215-446c-b132-2985d112a707 does not exist. Creating ...
2019-10-13 20:34:20,530 [pool-244-thread-1] INFO  storage.RaftStorageDirectory (RaftStorageDirectory.java:tryLock(328)) - Lock on /workdir/hadoop-ozone/integration-test/target/test-dir/MiniOzoneClusterImpl-e735d883-6d8e-4d30-a8f4-26865d39708e/datanode-4/data/ratis/faee284f-9215-446c-b132-2985d112a707/in_use.lock acquired by nodename 2755@pr-hdds-2290-dcfw8-3342134496
2019-10-13 20:34:20,543 [pool-244-thread-1] INFO  storage.RaftStorage (RaftStorage.java:format(84)) - Storage directory /workdir/hadoop-ozone/integration-test/target/test-dir/MiniOzoneClusterImpl-e735d883-6d8e-4d30-a8f4-26865d39708e/datanode-4/data/ratis/faee284f-9215-446c-b132-2985d112a707 has been successfully formatted.
2019-10-13 20:34:20,543 [pool-244-thread-1] INFO  ratis.ContainerStateMachine (ContainerStateMachine.java:loadSnapshot(231)) - group-2985D112A707: The snapshot info is null. Setting the last applied indexto:(t:0, i:~)
2019-10-13 20:34:20,543 [pool-244-thread-1] INFO  server.RaftServerConfigKeys (ConfUtils.java:logGet(43)) - raft.server.notification.no-leader.timeout = 120s (custom)
2019-10-13 20:34:20,544 [pool-244-thread-1] INFO  server.RaftServerConfigKeys (ConfUtils.java:logGet(43)) - raft.server.log.use.memory = false (default)
2019-10-13 20:34:20,544 [pool-244-thread-1] INFO  server.RaftServerConfigKeys (ConfUtils.java:logGet(43)) - raft.server.log.purge.gap = 1000000 (custom)
2019-10-13 20:34:20,544 [pool-244-thread-1] INFO  server.RaftServerConfigKeys (ConfUtils.java:logGet(43)) - raft.server.log.appender.buffer.byte-limit = 33554432 (custom)
2019-10-13 20:34:20,544 [pool-244-thread-1] INFO  server.RaftServerConfigKeys (ConfUtils.java:logGet(43)) - raft.server.log.segment.size.max = 1048576 (custom)
2019-10-13 20:34:20,546 [pool-244-thread-1] INFO  server.RaftServerConfigKeys (ConfUtils.java:logGet(43)) - raft.server.log.segment.cache.num.max = 2 (custom)
2019-10-13 20:34:20,546 [pool-244-thread-1] INFO  segmented.SegmentedRaftLogWorker (SegmentedRaftLogWorker.java:<init>(173)) - new e5e75258-b30c-4414-b37a-9f78f5c93f4e@group-2985D112A707-SegmentedRaftLogWorker for RaftStorage:Storage Directory /workdir/hadoop-ozone/integration-test/target/test-dir/MiniOzoneClusterImpl-e735d883-6d8e-4d30-a8f4-26865d39708e/datanode-4/data/ratis/faee284f-9215-446c-b132-2985d112a707
2019-10-13 20:34:20,546 [pool-244-thread-1] INFO  server.RaftServerConfigKeys (ConfUtils.java:logGet(43)) - raft.server.log.queue.byte-limit = 2147483647 (custom)
2019-10-13 20:34:20,546 [pool-244-thread-1] INFO  server.RaftServerConfigKeys (ConfUtils.java:logGet(43)) - raft.server.log.queue.element-limit = 1024 (custom)
2019-10-13 20:34:20,546 [pool-244-thread-1] INFO  server.RaftServerConfigKeys (ConfUtils.java:logGet(43)) - raft.server.log.segment.size.max = 1048576 (custom)
2019-10-13 20:34:20,547 [pool-244-thread-1] INFO  server.RaftServerConfigKeys (ConfUtils.java:logGet(43)) - raft.server.log.preallocated.size = 16384 (custom)
2019-10-13 20:34:20,547 [pool-244-thread-1] INFO  server.RaftServerConfigKeys (ConfUtils.java:logGet(43)) - raft.server.log.write.buffer.size = 33554432 (custom)
2019-10-13 20:34:20,547 [pool-244-thread-1] INFO  server.RaftServerConfigKeys (ConfUtils.java:logGet(43)) - raft.server.log.force.sync.num = 128 (default)
2019-10-13 20:34:20,547 [pool-244-thread-1] INFO  server.RaftServerConfigKeys (ConfUtils.java:logGet(43)) - raft.server.log.statemachine.data.sync = true (default)
2019-10-13 20:34:20,547 [pool-244-thread-1] INFO  server.RaftServerConfigKeys (ConfUtils.java:logGet(43)) - raft.server.log.statemachine.data.sync.timeout = 10s (default)
2019-10-13 20:34:20,547 [pool-244-thread-1] INFO  server.RaftServerConfigKeys (ConfUtils.java:logGet(43)) - raft.server.log.statemachine.data.sync.timeout.retry = -1 (default)
2019-10-13 20:34:20,547 [pool-244-thread-1] INFO  server.RaftServerConfigKeys (ConfUtils.java:logGet(43)) - raft.server.log.statemachine.data.caching.enabled = true (custom)
2019-10-13 20:34:20,548 [pool-244-thread-1] INFO  segmented.SegmentedRaftLogWorker (SegmentedRaftLogWorker.java:lambda$new$0(128)) - e5e75258-b30c-4414-b37a-9f78f5c93f4e@group-2985D112A707-SegmentedRaftLogWorker: flushIndex: setUnconditionally 0 -> -1
2019-10-13 20:34:20,548 [pool-244-thread-1] INFO  server.RaftServerConfigKeys (ConfUtils.java:logGet(43)) - raft.server.snapshot.auto.trigger.enabled = true (custom)
2019-10-13 20:34:20,548 [pool-244-thread-1] INFO  server.RaftServerConfigKeys (ConfUtils.java:logGet(43)) - raft.server.snapshot.auto.trigger.threshold = 10000 (custom)
2019-10-13 20:34:20,548 [pool-244-thread-1] INFO  server.RaftServerConfigKeys (ConfUtils.java:logGet(43)) - raft.server.snapshot.retention.file.num = 5 (custom)
2019-10-13 20:34:20,548 [pool-244-thread-1] INFO  server.RaftServerConfigKeys (ConfUtils.java:logGet(43)) - raft.server.retrycache.expirytime = 600000ms (custom)
2019-10-13 20:34:20,550 [pool-244-thread-1] INFO  impl.RaftServerImpl (RaftServerImpl.java:start(181)) - e5e75258-b30c-4414-b37a-9f78f5c93f4e@group-2985D112A707: start as a follower, conf=-1: [e5e75258-b30c-4414-b37a-9f78f5c93f4e:192.168.157.224:44126], old=null
2019-10-13 20:34:20,551 [pool-244-thread-1] INFO  impl.RaftServerImpl (RaftServerImpl.java:setRole(170)) - e5e75258-b30c-4414-b37a-9f78f5c93f4e@group-2985D112A707: changes role from      null to FOLLOWER at term 0 for startAsFollower
2019-10-13 20:34:20,551 [pool-244-thread-1] INFO  impl.RoleInfo (RoleInfo.java:updateAndGet(143)) - e5e75258-b30c-4414-b37a-9f78f5c93f4e: start FollowerState
2019-10-13 20:34:20,551 [pool-244-thread-1] INFO  util.JmxRegister (JmxRegister.java:tryRegister(44)) - Successfully registered JMX Bean with object name Ratis:service=RaftServer,group=group-2985D112A707,id=e5e75258-b30c-4414-b37a-9f78f5c93f4e
2019-10-13 20:34:20,551 [IPC Server handler 6 on 41423] INFO  net.NetworkTopology (NetworkTopologyImpl.java:add(111)) - Added a new node: /default-rack/11713dd3-399b-47c9-a350-ec9ecee0f7a9
2019-10-13 20:34:20,552 [IPC Server handler 6 on 41423] INFO  node.SCMNodeManager (SCMNodeManager.java:register(268)) - Registered Data node : 11713dd3-399b-47c9-a350-ec9ecee0f7a9{ip: 192.168.157.224, host: pr-hdds-2290-dcfw8-3342134496, networkLocation: /default-rack, certSerialId: null}
2019-10-13 20:34:20,556 [RatisPipelineUtilsThread] INFO  pipeline.PipelineStateManager (PipelineStateManager.java:addPipeline(56)) - Created pipeline Pipeline[ Id: faee284f-9215-446c-b132-2985d112a707, Nodes: e5e75258-b30c-4414-b37a-9f78f5c93f4e{ip: 192.168.157.224, host: pr-hdds-2290-dcfw8-3342134496, networkLocation: /default-rack, certSerialId: null}, Type:RATIS, Factor:ONE, State:OPEN]
2019-10-13 20:34:20,583 [grpc-default-executor-3] INFO  impl.RaftServerProxy (RaftServerProxy.java:addNew(89)) - 11713dd3-399b-47c9-a350-ec9ecee0f7a9: addNew group-319F9A4B14CA:[11713dd3-399b-47c9-a350-ec9ecee0f7a9:192.168.157.224:46287] returns group-319F9A4B14CA:java.util.concurrent.CompletableFuture@29c5928[Not completed]
2019-10-13 20:34:20,585 [pool-254-thread-1] INFO  impl.RaftServerImpl (RaftServerImpl.java:<init>(95)) - 11713dd3-399b-47c9-a350-ec9ecee0f7a9: new RaftServerImpl for group-319F9A4B14CA:[11713dd3-399b-47c9-a350-ec9ecee0f7a9:192.168.157.224:46287] with ContainerStateMachine:uninitialized
2019-10-13 20:34:20,585 [pool-254-thread-1] INFO  server.RaftServerConfigKeys (ConfUtils.java:logGet(43)) - raft.server.rpc.timeout.min = 5s (custom)
2019-10-13 20:34:20,585 [pool-254-thread-1] INFO  server.RaftServerConfigKeys (ConfUtils.java:logGet(43)) - raft.server.rpc.timeout.max = 5200ms (custom)
2019-10-13 20:34:20,585 [pool-254-thread-1] INFO  server.RaftServerConfigKeys (ConfUtils.java:logGet(43)) - raft.server.rpcslowness.timeout = 120s (custom)
2019-10-13 20:34:20,585 [pool-254-thread-1] INFO  server.RaftServerConfigKeys (ConfUtils.java:logGet(43)) - raft.server.sleep.deviation.threshold = 300 (default)
2019-10-13 20:34:20,586 [pool-254-thread-1] INFO  server.RaftServerConfigKeys (ConfUtils.java:logGet(43)) - raft.server.log.appender.install.snapshot.enabled = false (custom)
2019-10-13 20:34:20,586 [pool-254-thread-1] INFO  impl.RaftServerImpl (ServerState.java:<init>(103)) - 11713dd3-399b-47c9-a350-ec9ecee0f7a9@group-319F9A4B14CA: ConfigurationManager, init=-1: [11713dd3-399b-47c9-a350-ec9ecee0f7a9:192.168.157.224:46287], old=null, confs=<EMPTY_MAP>
2019-10-13 20:34:20,586 [pool-254-thread-1] INFO  server.RaftServerConfigKeys (ConfUtils.java:logGet(43)) - raft.server.storage.dir = [/workdir/hadoop-ozone/integration-test/target/test-dir/MiniOzoneClusterImpl-e735d883-6d8e-4d30-a8f4-26865d39708e/datanode-5/data/ratis] (custom)
2019-10-13 20:34:20,586 [pool-254-thread-1] INFO  server.RaftServerConfigKeys (ConfUtils.java:logGet(43)) - raft.server.log.corruption.policy = EXCEPTION (default)
2019-10-13 20:34:20,586 [pool-254-thread-1] INFO  storage.RaftStorageDirectory (RaftStorageDirectory.java:analyzeStorage(246)) - The storage directory /workdir/hadoop-ozone/integration-test/target/test-dir/MiniOzoneClusterImpl-e735d883-6d8e-4d30-a8f4-26865d39708e/datanode-5/data/ratis/0487b761-276c-42ef-ac4b-319f9a4b14ca does not exist. Creating ...
2019-10-13 20:34:20,589 [java.util.concurrent.ThreadPoolExecutor$Worker@2baf159d[State = -1, empty queue]] WARN  server.GrpcLogAppender (GrpcLogAppender.java:timeoutAppendRequest(200)) - a62c5862-2413-45e1-a25a-271607b15565@group-C88106EEEC90->787c3207-a753-429a-a612-e3ac99d17bc9-GrpcLogAppender: appendEntries Timeout, request=a62c5862-2413-45e1-a25a-271607b15565->787c3207-a753-429a-a612-e3ac99d17bc9#101-t5, previous=(t:5, i:0), leaderCommit=0, initializing? false, entries: <empty>
2019-10-13 20:34:20,599 [pool-254-thread-1] INFO  storage.RaftStorageDirectory (RaftStorageDirectory.java:tryLock(328)) - Lock on /workdir/hadoop-ozone/integration-test/target/test-dir/MiniOzoneClusterImpl-e735d883-6d8e-4d30-a8f4-26865d39708e/datanode-5/data/ratis/0487b761-276c-42ef-ac4b-319f9a4b14ca/in_use.lock acquired by nodename 2755@pr-hdds-2290-dcfw8-3342134496
2019-10-13 20:34:20,615 [pool-254-thread-1] INFO  storage.RaftStorage (RaftStorage.java:format(84)) - Storage directory /workdir/hadoop-ozone/integration-test/target/test-dir/MiniOzoneClusterImpl-e735d883-6d8e-4d30-a8f4-26865d39708e/datanode-5/data/ratis/0487b761-276c-42ef-ac4b-319f9a4b14ca has been successfully formatted.
2019-10-13 20:34:20,615 [pool-254-thread-1] INFO  ratis.ContainerStateMachine (ContainerStateMachine.java:loadSnapshot(231)) - group-319F9A4B14CA: The snapshot info is null. Setting the last applied indexto:(t:0, i:~)
2019-10-13 20:34:20,615 [pool-254-thread-1] INFO  server.RaftServerConfigKeys (ConfUtils.java:logGet(43)) - raft.server.notification.no-leader.timeout = 120s (custom)
2019-10-13 20:34:20,615 [pool-254-thread-1] INFO  server.RaftServerConfigKeys (ConfUtils.java:logGet(43)) - raft.server.log.use.memory = false (default)
2019-10-13 20:34:20,615 [pool-254-thread-1] INFO  server.RaftServerConfigKeys (ConfUtils.java:logGet(43)) - raft.server.log.purge.gap = 1000000 (custom)
2019-10-13 20:34:20,615 [pool-254-thread-1] INFO  server.RaftServerConfigKeys (ConfUtils.java:logGet(43)) - raft.server.log.appender.buffer.byte-limit = 33554432 (custom)
2019-10-13 20:34:20,615 [pool-254-thread-1] INFO  server.RaftServerConfigKeys (ConfUtils.java:logGet(43)) - raft.server.log.segment.size.max = 1048576 (custom)
2019-10-13 20:34:20,618 [pool-254-thread-1] INFO  server.RaftServerConfigKeys (ConfUtils.java:logGet(43)) - raft.server.log.segment.cache.num.max = 2 (custom)
2019-10-13 20:34:20,618 [pool-254-thread-1] INFO  segmented.SegmentedRaftLogWorker (SegmentedRaftLogWorker.java:<init>(173)) - new 11713dd3-399b-47c9-a350-ec9ecee0f7a9@group-319F9A4B14CA-SegmentedRaftLogWorker for RaftStorage:Storage Directory /workdir/hadoop-ozone/integration-test/target/test-dir/MiniOzoneClusterImpl-e735d883-6d8e-4d30-a8f4-26865d39708e/datanode-5/data/ratis/0487b761-276c-42ef-ac4b-319f9a4b14ca
2019-10-13 20:34:20,618 [pool-254-thread-1] INFO  server.RaftServerConfigKeys (ConfUtils.java:logGet(43)) - raft.server.log.queue.byte-limit = 2147483647 (custom)
2019-10-13 20:34:20,618 [pool-254-thread-1] INFO  server.RaftServerConfigKeys (ConfUtils.java:logGet(43)) - raft.server.log.queue.element-limit = 1024 (custom)
2019-10-13 20:34:20,618 [pool-254-thread-1] INFO  server.RaftServerConfigKeys (ConfUtils.java:logGet(43)) - raft.server.log.segment.size.max = 1048576 (custom)
2019-10-13 20:34:20,618 [pool-254-thread-1] INFO  server.RaftServerConfigKeys (ConfUtils.java:logGet(43)) - raft.server.log.preallocated.size = 16384 (custom)
2019-10-13 20:34:20,618 [pool-254-thread-1] INFO  server.RaftServerConfigKeys (ConfUtils.java:logGet(43)) - raft.server.log.write.buffer.size = 33554432 (custom)
2019-10-13 20:34:20,619 [pool-254-thread-1] INFO  server.RaftServerConfigKeys (ConfUtils.java:logGet(43)) - raft.server.log.force.sync.num = 128 (default)
2019-10-13 20:34:20,619 [pool-254-thread-1] INFO  server.RaftServerConfigKeys (ConfUtils.java:logGet(43)) - raft.server.log.statemachine.data.sync = true (default)
2019-10-13 20:34:20,619 [pool-254-thread-1] INFO  server.RaftServerConfigKeys (ConfUtils.java:logGet(43)) - raft.server.log.statemachine.data.sync.timeout = 10s (default)
2019-10-13 20:34:20,619 [pool-254-thread-1] INFO  server.RaftServerConfigKeys (ConfUtils.java:logGet(43)) - raft.server.log.statemachine.data.sync.timeout.retry = -1 (default)
2019-10-13 20:34:20,619 [pool-254-thread-1] INFO  server.RaftServerConfigKeys (ConfUtils.java:logGet(43)) - raft.server.log.statemachine.data.caching.enabled = true (custom)
2019-10-13 20:34:20,620 [pool-254-thread-1] INFO  segmented.SegmentedRaftLogWorker (SegmentedRaftLogWorker.java:lambda$new$0(128)) - 11713dd3-399b-47c9-a350-ec9ecee0f7a9@group-319F9A4B14CA-SegmentedRaftLogWorker: flushIndex: setUnconditionally 0 -> -1
2019-10-13 20:34:20,620 [pool-254-thread-1] INFO  server.RaftServerConfigKeys (ConfUtils.java:logGet(43)) - raft.server.snapshot.auto.trigger.enabled = true (custom)
2019-10-13 20:34:20,620 [pool-254-thread-1] INFO  server.RaftServerConfigKeys (ConfUtils.java:logGet(43)) - raft.server.snapshot.auto.trigger.threshold = 10000 (custom)
2019-10-13 20:34:20,620 [pool-254-thread-1] INFO  server.RaftServerConfigKeys (ConfUtils.java:logGet(43)) - raft.server.snapshot.retention.file.num = 5 (custom)
2019-10-13 20:34:20,620 [pool-254-thread-1] INFO  server.RaftServerConfigKeys (ConfUtils.java:logGet(43)) - raft.server.retrycache.expirytime = 600000ms (custom)
2019-10-13 20:34:20,622 [pool-254-thread-1] INFO  impl.RaftServerImpl (RaftServerImpl.java:start(181)) - 11713dd3-399b-47c9-a350-ec9ecee0f7a9@group-319F9A4B14CA: start as a follower, conf=-1: [11713dd3-399b-47c9-a350-ec9ecee0f7a9:192.168.157.224:46287], old=null
2019-10-13 20:34:20,622 [pool-254-thread-1] INFO  impl.RaftServerImpl (RaftServerImpl.java:setRole(170)) - 11713dd3-399b-47c9-a350-ec9ecee0f7a9@group-319F9A4B14CA: changes role from      null to FOLLOWER at term 0 for startAsFollower
2019-10-13 20:34:20,622 [pool-254-thread-1] INFO  impl.RoleInfo (RoleInfo.java:updateAndGet(143)) - 11713dd3-399b-47c9-a350-ec9ecee0f7a9: start FollowerState
2019-10-13 20:34:20,623 [pool-254-thread-1] INFO  util.JmxRegister (JmxRegister.java:tryRegister(44)) - Successfully registered JMX Bean with object name Ratis:service=RaftServer,group=group-319F9A4B14CA,id=11713dd3-399b-47c9-a350-ec9ecee0f7a9
2019-10-13 20:34:20,628 [RatisPipelineUtilsThread] INFO  pipeline.PipelineStateManager (PipelineStateManager.java:addPipeline(56)) - Created pipeline Pipeline[ Id: 0487b761-276c-42ef-ac4b-319f9a4b14ca, Nodes: 11713dd3-399b-47c9-a350-ec9ecee0f7a9{ip: 192.168.157.224, host: pr-hdds-2290-dcfw8-3342134496, networkLocation: /default-rack, certSerialId: null}, Type:RATIS, Factor:ONE, State:OPEN]
2019-10-13 20:34:20,645 [main] INFO  ozone.MiniOzoneClusterImpl (MiniOzoneClusterImpl.java:lambda$waitForClusterToBeReady$0(147)) - Waiting for cluster to be ready. Got 6 of 7 DN Heartbeats.
2019-10-13 20:34:20,646 [IPC Server handler 3 on 41423] INFO  net.NetworkTopology (NetworkTopologyImpl.java:add(111)) - Added a new node: /default-rack/1f8bf71d-5750-4f3e-864b-8c9fdfdbc5b4
2019-10-13 20:34:20,650 [grpc-default-executor-0] INFO  impl.RaftServerProxy (RaftServerProxy.java:addNew(89)) - 11713dd3-399b-47c9-a350-ec9ecee0f7a9: addNew group-DCBDF572871E:[11713dd3-399b-47c9-a350-ec9ecee0f7a9:192.168.157.224:46287, e5e75258-b30c-4414-b37a-9f78f5c93f4e:192.168.157.224:44126, 732f13f1-effb-415c-bad5-ecb4cbb65b5c:192.168.157.224:33976] returns group-DCBDF572871E:java.util.concurrent.CompletableFuture@67002205[Not completed]
2019-10-13 20:34:20,650 [IPC Server handler 3 on 41423] INFO  node.SCMNodeManager (SCMNodeManager.java:register(268)) - Registered Data node : 1f8bf71d-5750-4f3e-864b-8c9fdfdbc5b4{ip: 192.168.157.224, host: pr-hdds-2290-dcfw8-3342134496, networkLocation: /default-rack, certSerialId: null}
2019-10-13 20:34:20,650 [grpc-default-executor-4] INFO  impl.RaftServerProxy (RaftServerProxy.java:addNew(89)) - e5e75258-b30c-4414-b37a-9f78f5c93f4e: addNew group-DCBDF572871E:[11713dd3-399b-47c9-a350-ec9ecee0f7a9:192.168.157.224:46287, e5e75258-b30c-4414-b37a-9f78f5c93f4e:192.168.157.224:44126, 732f13f1-effb-415c-bad5-ecb4cbb65b5c:192.168.157.224:33976] returns group-DCBDF572871E:java.util.concurrent.CompletableFuture@dea49a[Not completed]
2019-10-13 20:34:20,650 [grpc-default-executor-3] INFO  impl.RaftServerProxy (RaftServerProxy.java:addNew(89)) - 732f13f1-effb-415c-bad5-ecb4cbb65b5c: addNew group-DCBDF572871E:[11713dd3-399b-47c9-a350-ec9ecee0f7a9:192.168.157.224:46287, e5e75258-b30c-4414-b37a-9f78f5c93f4e:192.168.157.224:44126, 732f13f1-effb-415c-bad5-ecb4cbb65b5c:192.168.157.224:33976] returns group-DCBDF572871E:java.util.concurrent.CompletableFuture@d7bb6a6[Not completed]
2019-10-13 20:34:20,651 [pool-254-thread-1] INFO  impl.RaftServerImpl (RaftServerImpl.java:<init>(95)) - 11713dd3-399b-47c9-a350-ec9ecee0f7a9: new RaftServerImpl for group-DCBDF572871E:[11713dd3-399b-47c9-a350-ec9ecee0f7a9:192.168.157.224:46287, e5e75258-b30c-4414-b37a-9f78f5c93f4e:192.168.157.224:44126, 732f13f1-effb-415c-bad5-ecb4cbb65b5c:192.168.157.224:33976] with ContainerStateMachine:uninitialized
2019-10-13 20:34:20,651 [pool-254-thread-1] INFO  server.RaftServerConfigKeys (ConfUtils.java:logGet(43)) - raft.server.rpc.timeout.min = 5s (custom)
2019-10-13 20:34:20,651 [pool-254-thread-1] INFO  server.RaftServerConfigKeys (ConfUtils.java:logGet(43)) - raft.server.rpc.timeout.max = 5200ms (custom)
2019-10-13 20:34:20,651 [pool-254-thread-1] INFO  server.RaftServerConfigKeys (ConfUtils.java:logGet(43)) - raft.server.rpcslowness.timeout = 120s (custom)
2019-10-13 20:34:20,651 [pool-254-thread-1] INFO  server.RaftServerConfigKeys (ConfUtils.java:logGet(43)) - raft.server.sleep.deviation.threshold = 300 (default)
2019-10-13 20:34:20,651 [pool-254-thread-1] INFO  server.RaftServerConfigKeys (ConfUtils.java:logGet(43)) - raft.server.log.appender.install.snapshot.enabled = false (custom)
2019-10-13 20:34:20,652 [pool-254-thread-1] INFO  impl.RaftServerImpl (ServerState.java:<init>(103)) - 11713dd3-399b-47c9-a350-ec9ecee0f7a9@group-DCBDF572871E: ConfigurationManager, init=-1: [11713dd3-399b-47c9-a350-ec9ecee0f7a9:192.168.157.224:46287, e5e75258-b30c-4414-b37a-9f78f5c93f4e:192.168.157.224:44126, 732f13f1-effb-415c-bad5-ecb4cbb65b5c:192.168.157.224:33976], old=null, confs=<EMPTY_MAP>
2019-10-13 20:34:20,652 [pool-254-thread-1] INFO  server.RaftServerConfigKeys (ConfUtils.java:logGet(43)) - raft.server.storage.dir = [/workdir/hadoop-ozone/integration-test/target/test-dir/MiniOzoneClusterImpl-e735d883-6d8e-4d30-a8f4-26865d39708e/datanode-5/data/ratis] (custom)
2019-10-13 20:34:20,652 [pool-254-thread-1] INFO  server.RaftServerConfigKeys (ConfUtils.java:logGet(43)) - raft.server.log.corruption.policy = EXCEPTION (default)
2019-10-13 20:34:20,652 [pool-254-thread-1] INFO  storage.RaftStorageDirectory (RaftStorageDirectory.java:analyzeStorage(246)) - The storage directory /workdir/hadoop-ozone/integration-test/target/test-dir/MiniOzoneClusterImpl-e735d883-6d8e-4d30-a8f4-26865d39708e/datanode-5/data/ratis/3e63fa08-602b-45dd-ac3a-dcbdf572871e does not exist. Creating ...
2019-10-13 20:34:20,652 [pool-244-thread-1] INFO  impl.RaftServerImpl (RaftServerImpl.java:<init>(95)) - e5e75258-b30c-4414-b37a-9f78f5c93f4e: new RaftServerImpl for group-DCBDF572871E:[11713dd3-399b-47c9-a350-ec9ecee0f7a9:192.168.157.224:46287, e5e75258-b30c-4414-b37a-9f78f5c93f4e:192.168.157.224:44126, 732f13f1-effb-415c-bad5-ecb4cbb65b5c:192.168.157.224:33976] with ContainerStateMachine:uninitialized
2019-10-13 20:34:20,652 [pool-244-thread-1] INFO  server.RaftServerConfigKeys (ConfUtils.java:logGet(43)) - raft.server.rpc.timeout.min = 5s (custom)
2019-10-13 20:34:20,653 [pool-244-thread-1] INFO  server.RaftServerConfigKeys (ConfUtils.java:logGet(43)) - raft.server.rpc.timeout.max = 5200ms (custom)
2019-10-13 20:34:20,653 [pool-244-thread-1] INFO  server.RaftServerConfigKeys (ConfUtils.java:logGet(43)) - raft.server.rpcslowness.timeout = 120s (custom)
2019-10-13 20:34:20,653 [pool-244-thread-1] INFO  server.RaftServerConfigKeys (ConfUtils.java:logGet(43)) - raft.server.sleep.deviation.threshold = 300 (default)
2019-10-13 20:34:20,653 [pool-244-thread-1] INFO  server.RaftServerConfigKeys (ConfUtils.java:logGet(43)) - raft.server.log.appender.install.snapshot.enabled = false (custom)
2019-10-13 20:34:20,653 [pool-244-thread-1] INFO  impl.RaftServerImpl (ServerState.java:<init>(103)) - e5e75258-b30c-4414-b37a-9f78f5c93f4e@group-DCBDF572871E: ConfigurationManager, init=-1: [11713dd3-399b-47c9-a350-ec9ecee0f7a9:192.168.157.224:46287, e5e75258-b30c-4414-b37a-9f78f5c93f4e:192.168.157.224:44126, 732f13f1-effb-415c-bad5-ecb4cbb65b5c:192.168.157.224:33976], old=null, confs=<EMPTY_MAP>
2019-10-13 20:34:20,653 [pool-234-thread-1] INFO  impl.RaftServerImpl (RaftServerImpl.java:<init>(95)) - 732f13f1-effb-415c-bad5-ecb4cbb65b5c: new RaftServerImpl for group-DCBDF572871E:[11713dd3-399b-47c9-a350-ec9ecee0f7a9:192.168.157.224:46287, e5e75258-b30c-4414-b37a-9f78f5c93f4e:192.168.157.224:44126, 732f13f1-effb-415c-bad5-ecb4cbb65b5c:192.168.157.224:33976] with ContainerStateMachine:uninitialized
2019-10-13 20:34:20,653 [pool-244-thread-1] INFO  server.RaftServerConfigKeys (ConfUtils.java:logGet(43)) - raft.server.storage.dir = [/workdir/hadoop-ozone/integration-test/target/test-dir/MiniOzoneClusterImpl-e735d883-6d8e-4d30-a8f4-26865d39708e/datanode-4/data/ratis] (custom)
2019-10-13 20:34:20,653 [pool-234-thread-1] INFO  server.RaftServerConfigKeys (ConfUtils.java:logGet(43)) - raft.server.rpc.timeout.min = 5s (custom)
2019-10-13 20:34:20,653 [pool-234-thread-1] INFO  server.RaftServerConfigKeys (ConfUtils.java:logGet(43)) - raft.server.rpc.timeout.max = 5200ms (custom)
2019-10-13 20:34:20,653 [pool-244-thread-1] INFO  server.RaftServerConfigKeys (ConfUtils.java:logGet(43)) - raft.server.log.corruption.policy = EXCEPTION (default)
2019-10-13 20:34:20,654 [pool-234-thread-1] INFO  server.RaftServerConfigKeys (ConfUtils.java:logGet(43)) - raft.server.rpcslowness.timeout = 120s (custom)
2019-10-13 20:34:20,654 [pool-244-thread-1] INFO  storage.RaftStorageDirectory (RaftStorageDirectory.java:analyzeStorage(246)) - The storage directory /workdir/hadoop-ozone/integration-test/target/test-dir/MiniOzoneClusterImpl-e735d883-6d8e-4d30-a8f4-26865d39708e/datanode-4/data/ratis/3e63fa08-602b-45dd-ac3a-dcbdf572871e does not exist. Creating ...
2019-10-13 20:34:20,654 [pool-234-thread-1] INFO  server.RaftServerConfigKeys (ConfUtils.java:logGet(43)) - raft.server.sleep.deviation.threshold = 300 (default)
2019-10-13 20:34:20,654 [pool-234-thread-1] INFO  server.RaftServerConfigKeys (ConfUtils.java:logGet(43)) - raft.server.log.appender.install.snapshot.enabled = false (custom)
2019-10-13 20:34:20,654 [pool-234-thread-1] INFO  impl.RaftServerImpl (ServerState.java:<init>(103)) - 732f13f1-effb-415c-bad5-ecb4cbb65b5c@group-DCBDF572871E: ConfigurationManager, init=-1: [11713dd3-399b-47c9-a350-ec9ecee0f7a9:192.168.157.224:46287, e5e75258-b30c-4414-b37a-9f78f5c93f4e:192.168.157.224:44126, 732f13f1-effb-415c-bad5-ecb4cbb65b5c:192.168.157.224:33976], old=null, confs=<EMPTY_MAP>
2019-10-13 20:34:20,654 [pool-234-thread-1] INFO  server.RaftServerConfigKeys (ConfUtils.java:logGet(43)) - raft.server.storage.dir = [/workdir/hadoop-ozone/integration-test/target/test-dir/MiniOzoneClusterImpl-e735d883-6d8e-4d30-a8f4-26865d39708e/datanode-3/data/ratis] (custom)
2019-10-13 20:34:20,654 [pool-234-thread-1] INFO  server.RaftServerConfigKeys (ConfUtils.java:logGet(43)) - raft.server.log.corruption.policy = EXCEPTION (default)
2019-10-13 20:34:20,654 [pool-234-thread-1] INFO  storage.RaftStorageDirectory (RaftStorageDirectory.java:analyzeStorage(246)) - The storage directory /workdir/hadoop-ozone/integration-test/target/test-dir/MiniOzoneClusterImpl-e735d883-6d8e-4d30-a8f4-26865d39708e/datanode-3/data/ratis/3e63fa08-602b-45dd-ac3a-dcbdf572871e does not exist. Creating ...
2019-10-13 20:34:20,665 [pool-244-thread-1] INFO  storage.RaftStorageDirectory (RaftStorageDirectory.java:tryLock(328)) - Lock on /workdir/hadoop-ozone/integration-test/target/test-dir/MiniOzoneClusterImpl-e735d883-6d8e-4d30-a8f4-26865d39708e/datanode-4/data/ratis/3e63fa08-602b-45dd-ac3a-dcbdf572871e/in_use.lock acquired by nodename 2755@pr-hdds-2290-dcfw8-3342134496
2019-10-13 20:34:20,665 [pool-234-thread-1] INFO  storage.RaftStorageDirectory (RaftStorageDirectory.java:tryLock(328)) - Lock on /workdir/hadoop-ozone/integration-test/target/test-dir/MiniOzoneClusterImpl-e735d883-6d8e-4d30-a8f4-26865d39708e/datanode-3/data/ratis/3e63fa08-602b-45dd-ac3a-dcbdf572871e/in_use.lock acquired by nodename 2755@pr-hdds-2290-dcfw8-3342134496
2019-10-13 20:34:20,665 [pool-254-thread-1] INFO  storage.RaftStorageDirectory (RaftStorageDirectory.java:tryLock(328)) - Lock on /workdir/hadoop-ozone/integration-test/target/test-dir/MiniOzoneClusterImpl-e735d883-6d8e-4d30-a8f4-26865d39708e/datanode-5/data/ratis/3e63fa08-602b-45dd-ac3a-dcbdf572871e/in_use.lock acquired by nodename 2755@pr-hdds-2290-dcfw8-3342134496
2019-10-13 20:34:20,679 [pool-254-thread-1] INFO  storage.RaftStorage (RaftStorage.java:format(84)) - Storage directory /workdir/hadoop-ozone/integration-test/target/test-dir/MiniOzoneClusterImpl-e735d883-6d8e-4d30-a8f4-26865d39708e/datanode-5/data/ratis/3e63fa08-602b-45dd-ac3a-dcbdf572871e has been successfully formatted.
2019-10-13 20:34:20,679 [pool-234-thread-1] INFO  storage.RaftStorage (RaftStorage.java:format(84)) - Storage directory /workdir/hadoop-ozone/integration-test/target/test-dir/MiniOzoneClusterImpl-e735d883-6d8e-4d30-a8f4-26865d39708e/datanode-3/data/ratis/3e63fa08-602b-45dd-ac3a-dcbdf572871e has been successfully formatted.
2019-10-13 20:34:20,679 [pool-244-thread-1] INFO  storage.RaftStorage (RaftStorage.java:format(84)) - Storage directory /workdir/hadoop-ozone/integration-test/target/test-dir/MiniOzoneClusterImpl-e735d883-6d8e-4d30-a8f4-26865d39708e/datanode-4/data/ratis/3e63fa08-602b-45dd-ac3a-dcbdf572871e has been successfully formatted.
2019-10-13 20:34:20,680 [pool-234-thread-1] INFO  ratis.ContainerStateMachine (ContainerStateMachine.java:loadSnapshot(231)) - group-DCBDF572871E: The snapshot info is null. Setting the last applied indexto:(t:0, i:~)
2019-10-13 20:34:20,680 [pool-254-thread-1] INFO  ratis.ContainerStateMachine (ContainerStateMachine.java:loadSnapshot(231)) - group-DCBDF572871E: The snapshot info is null. Setting the last applied indexto:(t:0, i:~)
2019-10-13 20:34:20,680 [pool-234-thread-1] INFO  server.RaftServerConfigKeys (ConfUtils.java:logGet(43)) - raft.server.notification.no-leader.timeout = 120s (custom)
2019-10-13 20:34:20,680 [pool-244-thread-1] INFO  ratis.ContainerStateMachine (ContainerStateMachine.java:loadSnapshot(231)) - group-DCBDF572871E: The snapshot info is null. Setting the last applied indexto:(t:0, i:~)
2019-10-13 20:34:20,680 [pool-234-thread-1] INFO  server.RaftServerConfigKeys (ConfUtils.java:logGet(43)) - raft.server.log.use.memory = false (default)
2019-10-13 20:34:20,680 [pool-254-thread-1] INFO  server.RaftServerConfigKeys (ConfUtils.java:logGet(43)) - raft.server.notification.no-leader.timeout = 120s (custom)
2019-10-13 20:34:20,680 [pool-234-thread-1] INFO  server.RaftServerConfigKeys (ConfUtils.java:logGet(43)) - raft.server.log.purge.gap = 1000000 (custom)
2019-10-13 20:34:20,680 [pool-244-thread-1] INFO  server.RaftServerConfigKeys (ConfUtils.java:logGet(43)) - raft.server.notification.no-leader.timeout = 120s (custom)
2019-10-13 20:34:20,681 [pool-234-thread-1] INFO  server.RaftServerConfigKeys (ConfUtils.java:logGet(43)) - raft.server.log.appender.buffer.byte-limit = 33554432 (custom)
2019-10-13 20:34:20,680 [pool-254-thread-1] INFO  server.RaftServerConfigKeys (ConfUtils.java:logGet(43)) - raft.server.log.use.memory = false (default)
2019-10-13 20:34:20,681 [pool-234-thread-1] INFO  server.RaftServerConfigKeys (ConfUtils.java:logGet(43)) - raft.server.log.segment.size.max = 1048576 (custom)
2019-10-13 20:34:20,681 [pool-244-thread-1] INFO  server.RaftServerConfigKeys (ConfUtils.java:logGet(43)) - raft.server.log.use.memory = false (default)
2019-10-13 20:34:20,681 [pool-234-thread-1] INFO  server.RaftServerConfigKeys (ConfUtils.java:logGet(43)) - raft.server.log.segment.cache.num.max = 2 (custom)
2019-10-13 20:34:20,681 [pool-254-thread-1] INFO  server.RaftServerConfigKeys (ConfUtils.java:logGet(43)) - raft.server.log.purge.gap = 1000000 (custom)
2019-10-13 20:34:20,681 [pool-234-thread-1] INFO  segmented.SegmentedRaftLogWorker (SegmentedRaftLogWorker.java:<init>(173)) - new 732f13f1-effb-415c-bad5-ecb4cbb65b5c@group-DCBDF572871E-SegmentedRaftLogWorker for RaftStorage:Storage Directory /workdir/hadoop-ozone/integration-test/target/test-dir/MiniOzoneClusterImpl-e735d883-6d8e-4d30-a8f4-26865d39708e/datanode-3/data/ratis/3e63fa08-602b-45dd-ac3a-dcbdf572871e
2019-10-13 20:34:20,681 [pool-234-thread-1] INFO  server.RaftServerConfigKeys (ConfUtils.java:logGet(43)) - raft.server.log.queue.byte-limit = 2147483647 (custom)
2019-10-13 20:34:20,681 [pool-244-thread-1] INFO  server.RaftServerConfigKeys (ConfUtils.java:logGet(43)) - raft.server.log.purge.gap = 1000000 (custom)
2019-10-13 20:34:20,681 [pool-234-thread-1] INFO  server.RaftServerConfigKeys (ConfUtils.java:logGet(43)) - raft.server.log.queue.element-limit = 1024 (custom)
2019-10-13 20:34:20,681 [pool-254-thread-1] INFO  server.RaftServerConfigKeys (ConfUtils.java:logGet(43)) - raft.server.log.appender.buffer.byte-limit = 33554432 (custom)
2019-10-13 20:34:20,682 [pool-234-thread-1] INFO  server.RaftServerConfigKeys (ConfUtils.java:logGet(43)) - raft.server.log.segment.size.max = 1048576 (custom)
2019-10-13 20:34:20,682 [pool-244-thread-1] INFO  server.RaftServerConfigKeys (ConfUtils.java:logGet(43)) - raft.server.log.appender.buffer.byte-limit = 33554432 (custom)
2019-10-13 20:34:20,682 [pool-234-thread-1] INFO  server.RaftServerConfigKeys (ConfUtils.java:logGet(43)) - raft.server.log.preallocated.size = 16384 (custom)
2019-10-13 20:34:20,682 [pool-254-thread-1] INFO  server.RaftServerConfigKeys (ConfUtils.java:logGet(43)) - raft.server.log.segment.size.max = 1048576 (custom)
2019-10-13 20:34:20,682 [pool-234-thread-1] INFO  server.RaftServerConfigKeys (ConfUtils.java:logGet(43)) - raft.server.log.write.buffer.size = 33554432 (custom)
2019-10-13 20:34:20,682 [pool-234-thread-1] INFO  server.RaftServerConfigKeys (ConfUtils.java:logGet(43)) - raft.server.log.force.sync.num = 128 (default)
2019-10-13 20:34:20,682 [pool-244-thread-1] INFO  server.RaftServerConfigKeys (ConfUtils.java:logGet(43)) - raft.server.log.segment.size.max = 1048576 (custom)
2019-10-13 20:34:20,683 [pool-234-thread-1] INFO  server.RaftServerConfigKeys (ConfUtils.java:logGet(43)) - raft.server.log.statemachine.data.sync = true (default)
2019-10-13 20:34:20,682 [pool-254-thread-1] INFO  server.RaftServerConfigKeys (ConfUtils.java:logGet(43)) - raft.server.log.segment.cache.num.max = 2 (custom)
2019-10-13 20:34:20,683 [pool-234-thread-1] INFO  server.RaftServerConfigKeys (ConfUtils.java:logGet(43)) - raft.server.log.statemachine.data.sync.timeout = 10s (default)
2019-10-13 20:34:20,683 [pool-244-thread-1] INFO  server.RaftServerConfigKeys (ConfUtils.java:logGet(43)) - raft.server.log.segment.cache.num.max = 2 (custom)
2019-10-13 20:34:20,683 [pool-234-thread-1] INFO  server.RaftServerConfigKeys (ConfUtils.java:logGet(43)) - raft.server.log.statemachine.data.sync.timeout.retry = -1 (default)
2019-10-13 20:34:20,683 [pool-254-thread-1] INFO  segmented.SegmentedRaftLogWorker (SegmentedRaftLogWorker.java:<init>(173)) - new 11713dd3-399b-47c9-a350-ec9ecee0f7a9@group-DCBDF572871E-SegmentedRaftLogWorker for RaftStorage:Storage Directory /workdir/hadoop-ozone/integration-test/target/test-dir/MiniOzoneClusterImpl-e735d883-6d8e-4d30-a8f4-26865d39708e/datanode-5/data/ratis/3e63fa08-602b-45dd-ac3a-dcbdf572871e
2019-10-13 20:34:20,683 [pool-234-thread-1] INFO  server.RaftServerConfigKeys (ConfUtils.java:logGet(43)) - raft.server.log.statemachine.data.caching.enabled = true (custom)
2019-10-13 20:34:20,683 [pool-244-thread-1] INFO  segmented.SegmentedRaftLogWorker (SegmentedRaftLogWorker.java:<init>(173)) - new e5e75258-b30c-4414-b37a-9f78f5c93f4e@group-DCBDF572871E-SegmentedRaftLogWorker for RaftStorage:Storage Directory /workdir/hadoop-ozone/integration-test/target/test-dir/MiniOzoneClusterImpl-e735d883-6d8e-4d30-a8f4-26865d39708e/datanode-4/data/ratis/3e63fa08-602b-45dd-ac3a-dcbdf572871e
2019-10-13 20:34:20,683 [pool-254-thread-1] INFO  server.RaftServerConfigKeys (ConfUtils.java:logGet(43)) - raft.server.log.queue.byte-limit = 2147483647 (custom)
2019-10-13 20:34:20,684 [pool-234-thread-1] INFO  segmented.SegmentedRaftLogWorker (SegmentedRaftLogWorker.java:lambda$new$0(128)) - 732f13f1-effb-415c-bad5-ecb4cbb65b5c@group-DCBDF572871E-SegmentedRaftLogWorker: flushIndex: setUnconditionally 0 -> -1
2019-10-13 20:34:20,684 [pool-244-thread-1] INFO  server.RaftServerConfigKeys (ConfUtils.java:logGet(43)) - raft.server.log.queue.byte-limit = 2147483647 (custom)
2019-10-13 20:34:20,684 [pool-254-thread-1] INFO  server.RaftServerConfigKeys (ConfUtils.java:logGet(43)) - raft.server.log.queue.element-limit = 1024 (custom)
2019-10-13 20:34:20,684 [pool-234-thread-1] INFO  server.RaftServerConfigKeys (ConfUtils.java:logGet(43)) - raft.server.snapshot.auto.trigger.enabled = true (custom)
2019-10-13 20:34:20,684 [pool-244-thread-1] INFO  server.RaftServerConfigKeys (ConfUtils.java:logGet(43)) - raft.server.log.queue.element-limit = 1024 (custom)
2019-10-13 20:34:20,684 [pool-234-thread-1] INFO  server.RaftServerConfigKeys (ConfUtils.java:logGet(43)) - raft.server.snapshot.auto.trigger.threshold = 10000 (custom)
2019-10-13 20:34:20,684 [pool-234-thread-1] INFO  server.RaftServerConfigKeys (ConfUtils.java:logGet(43)) - raft.server.snapshot.retention.file.num = 5 (custom)
2019-10-13 20:34:20,684 [pool-254-thread-1] INFO  server.RaftServerConfigKeys (ConfUtils.java:logGet(43)) - raft.server.log.segment.size.max = 1048576 (custom)
2019-10-13 20:34:20,685 [pool-234-thread-1] INFO  server.RaftServerConfigKeys (ConfUtils.java:logGet(43)) - raft.server.retrycache.expirytime = 600000ms (custom)
2019-10-13 20:34:20,684 [pool-244-thread-1] INFO  server.RaftServerConfigKeys (ConfUtils.java:logGet(43)) - raft.server.log.segment.size.max = 1048576 (custom)
2019-10-13 20:34:20,685 [pool-254-thread-1] INFO  server.RaftServerConfigKeys (ConfUtils.java:logGet(43)) - raft.server.log.preallocated.size = 16384 (custom)
2019-10-13 20:34:20,685 [pool-244-thread-1] INFO  server.RaftServerConfigKeys (ConfUtils.java:logGet(43)) - raft.server.log.preallocated.size = 16384 (custom)
2019-10-13 20:34:20,685 [pool-254-thread-1] INFO  server.RaftServerConfigKeys (ConfUtils.java:logGet(43)) - raft.server.log.write.buffer.size = 33554432 (custom)
2019-10-13 20:34:20,685 [pool-244-thread-1] INFO  server.RaftServerConfigKeys (ConfUtils.java:logGet(43)) - raft.server.log.write.buffer.size = 33554432 (custom)
2019-10-13 20:34:20,685 [pool-254-thread-1] INFO  server.RaftServerConfigKeys (ConfUtils.java:logGet(43)) - raft.server.log.force.sync.num = 128 (default)
2019-10-13 20:34:20,686 [pool-244-thread-1] INFO  server.RaftServerConfigKeys (ConfUtils.java:logGet(43)) - raft.server.log.force.sync.num = 128 (default)
2019-10-13 20:34:20,686 [pool-254-thread-1] INFO  server.RaftServerConfigKeys (ConfUtils.java:logGet(43)) - raft.server.log.statemachine.data.sync = true (default)
2019-10-13 20:34:20,686 [pool-244-thread-1] INFO  server.RaftServerConfigKeys (ConfUtils.java:logGet(43)) - raft.server.log.statemachine.data.sync = true (default)
2019-10-13 20:34:20,686 [pool-254-thread-1] INFO  server.RaftServerConfigKeys (ConfUtils.java:logGet(43)) - raft.server.log.statemachine.data.sync.timeout = 10s (default)
2019-10-13 20:34:20,686 [pool-244-thread-1] INFO  server.RaftServerConfigKeys (ConfUtils.java:logGet(43)) - raft.server.log.statemachine.data.sync.timeout = 10s (default)
2019-10-13 20:34:20,686 [pool-234-thread-1] INFO  impl.RaftServerImpl (RaftServerImpl.java:start(181)) - 732f13f1-effb-415c-bad5-ecb4cbb65b5c@group-DCBDF572871E: start as a follower, conf=-1: [11713dd3-399b-47c9-a350-ec9ecee0f7a9:192.168.157.224:46287, e5e75258-b30c-4414-b37a-9f78f5c93f4e:192.168.157.224:44126, 732f13f1-effb-415c-bad5-ecb4cbb65b5c:192.168.157.224:33976], old=null
2019-10-13 20:34:20,687 [pool-244-thread-1] INFO  server.RaftServerConfigKeys (ConfUtils.java:logGet(43)) - raft.server.log.statemachine.data.sync.timeout.retry = -1 (default)
2019-10-13 20:34:20,686 [pool-254-thread-1] INFO  server.RaftServerConfigKeys (ConfUtils.java:logGet(43)) - raft.server.log.statemachine.data.sync.timeout.retry = -1 (default)
2019-10-13 20:34:20,687 [pool-244-thread-1] INFO  server.RaftServerConfigKeys (ConfUtils.java:logGet(43)) - raft.server.log.statemachine.data.caching.enabled = true (custom)
2019-10-13 20:34:20,687 [pool-234-thread-1] INFO  impl.RaftServerImpl (RaftServerImpl.java:setRole(170)) - 732f13f1-effb-415c-bad5-ecb4cbb65b5c@group-DCBDF572871E: changes role from      null to FOLLOWER at term 0 for startAsFollower
2019-10-13 20:34:20,687 [pool-254-thread-1] INFO  server.RaftServerConfigKeys (ConfUtils.java:logGet(43)) - raft.server.log.statemachine.data.caching.enabled = true (custom)
2019-10-13 20:34:20,687 [pool-244-thread-1] INFO  segmented.SegmentedRaftLogWorker (SegmentedRaftLogWorker.java:lambda$new$0(128)) - e5e75258-b30c-4414-b37a-9f78f5c93f4e@group-DCBDF572871E-SegmentedRaftLogWorker: flushIndex: setUnconditionally 0 -> -1
2019-10-13 20:34:20,687 [pool-234-thread-1] INFO  impl.RoleInfo (RoleInfo.java:updateAndGet(143)) - 732f13f1-effb-415c-bad5-ecb4cbb65b5c: start FollowerState
2019-10-13 20:34:20,688 [pool-254-thread-1] INFO  segmented.SegmentedRaftLogWorker (SegmentedRaftLogWorker.java:lambda$new$0(128)) - 11713dd3-399b-47c9-a350-ec9ecee0f7a9@group-DCBDF572871E-SegmentedRaftLogWorker: flushIndex: setUnconditionally 0 -> -1
2019-10-13 20:34:20,688 [pool-244-thread-1] INFO  server.RaftServerConfigKeys (ConfUtils.java:logGet(43)) - raft.server.snapshot.auto.trigger.enabled = true (custom)
2019-10-13 20:34:20,688 [pool-234-thread-1] INFO  util.JmxRegister (JmxRegister.java:tryRegister(44)) - Successfully registered JMX Bean with object name Ratis:service=RaftServer,group=group-DCBDF572871E,id=732f13f1-effb-415c-bad5-ecb4cbb65b5c
2019-10-13 20:34:20,688 [pool-254-thread-1] INFO  server.RaftServerConfigKeys (ConfUtils.java:logGet(43)) - raft.server.snapshot.auto.trigger.enabled = true (custom)
2019-10-13 20:34:20,688 [pool-244-thread-1] INFO  server.RaftServerConfigKeys (ConfUtils.java:logGet(43)) - raft.server.snapshot.auto.trigger.threshold = 10000 (custom)
2019-10-13 20:34:20,688 [pool-254-thread-1] INFO  server.RaftServerConfigKeys (ConfUtils.java:logGet(43)) - raft.server.snapshot.auto.trigger.threshold = 10000 (custom)
2019-10-13 20:34:20,688 [pool-244-thread-1] INFO  server.RaftServerConfigKeys (ConfUtils.java:logGet(43)) - raft.server.snapshot.retention.file.num = 5 (custom)
2019-10-13 20:34:20,688 [pool-254-thread-1] INFO  server.RaftServerConfigKeys (ConfUtils.java:logGet(43)) - raft.server.snapshot.retention.file.num = 5 (custom)
2019-10-13 20:34:20,689 [pool-244-thread-1] INFO  server.RaftServerConfigKeys (ConfUtils.java:logGet(43)) - raft.server.retrycache.expirytime = 600000ms (custom)
2019-10-13 20:34:20,689 [pool-254-thread-1] INFO  server.RaftServerConfigKeys (ConfUtils.java:logGet(43)) - raft.server.retrycache.expirytime = 600000ms (custom)
2019-10-13 20:34:20,692 [pool-244-thread-1] INFO  impl.RaftServerImpl (RaftServerImpl.java:start(181)) - e5e75258-b30c-4414-b37a-9f78f5c93f4e@group-DCBDF572871E: start as a follower, conf=-1: [11713dd3-399b-47c9-a350-ec9ecee0f7a9:192.168.157.224:46287, e5e75258-b30c-4414-b37a-9f78f5c93f4e:192.168.157.224:44126, 732f13f1-effb-415c-bad5-ecb4cbb65b5c:192.168.157.224:33976], old=null
2019-10-13 20:34:20,692 [pool-244-thread-1] INFO  impl.RaftServerImpl (RaftServerImpl.java:setRole(170)) - e5e75258-b30c-4414-b37a-9f78f5c93f4e@group-DCBDF572871E: changes role from      null to FOLLOWER at term 0 for startAsFollower
2019-10-13 20:34:20,692 [pool-244-thread-1] INFO  impl.RoleInfo (RoleInfo.java:updateAndGet(143)) - e5e75258-b30c-4414-b37a-9f78f5c93f4e: start FollowerState
2019-10-13 20:34:20,692 [pool-254-thread-1] INFO  impl.RaftServerImpl (RaftServerImpl.java:start(181)) - 11713dd3-399b-47c9-a350-ec9ecee0f7a9@group-DCBDF572871E: start as a follower, conf=-1: [11713dd3-399b-47c9-a350-ec9ecee0f7a9:192.168.157.224:46287, e5e75258-b30c-4414-b37a-9f78f5c93f4e:192.168.157.224:44126, 732f13f1-effb-415c-bad5-ecb4cbb65b5c:192.168.157.224:33976], old=null
2019-10-13 20:34:20,692 [pool-254-thread-1] INFO  impl.RaftServerImpl (RaftServerImpl.java:setRole(170)) - 11713dd3-399b-47c9-a350-ec9ecee0f7a9@group-DCBDF572871E: changes role from      null to FOLLOWER at term 0 for startAsFollower
2019-10-13 20:34:20,692 [pool-244-thread-1] INFO  util.JmxRegister (JmxRegister.java:tryRegister(44)) - Successfully registered JMX Bean with object name Ratis:service=RaftServer,group=group-DCBDF572871E,id=e5e75258-b30c-4414-b37a-9f78f5c93f4e
2019-10-13 20:34:20,693 [pool-254-thread-1] INFO  impl.RoleInfo (RoleInfo.java:updateAndGet(143)) - 11713dd3-399b-47c9-a350-ec9ecee0f7a9: start FollowerState
2019-10-13 20:34:20,693 [pool-254-thread-1] INFO  util.JmxRegister (JmxRegister.java:tryRegister(44)) - Successfully registered JMX Bean with object name Ratis:service=RaftServer,group=group-DCBDF572871E,id=11713dd3-399b-47c9-a350-ec9ecee0f7a9
2019-10-13 20:34:20,699 [RatisPipelineUtilsThread] INFO  pipeline.PipelineStateManager (PipelineStateManager.java:addPipeline(56)) - Created pipeline Pipeline[ Id: 3e63fa08-602b-45dd-ac3a-dcbdf572871e, Nodes: 732f13f1-effb-415c-bad5-ecb4cbb65b5c{ip: 192.168.157.224, host: pr-hdds-2290-dcfw8-3342134496, networkLocation: /default-rack, certSerialId: null}e5e75258-b30c-4414-b37a-9f78f5c93f4e{ip: 192.168.157.224, host: pr-hdds-2290-dcfw8-3342134496, networkLocation: /default-rack, certSerialId: null}11713dd3-399b-47c9-a350-ec9ecee0f7a9{ip: 192.168.157.224, host: pr-hdds-2290-dcfw8-3342134496, networkLocation: /default-rack, certSerialId: null}, Type:RATIS, Factor:THREE, State:OPEN]
2019-10-13 20:34:20,813 [java.util.concurrent.ThreadPoolExecutor$Worker@dbb1acd[State = -1, empty queue]] WARN  server.GrpcLogAppender (GrpcLogAppender.java:timeoutAppendRequest(200)) - c6676a3b-9238-484a-870a-e78b36fd6b90@group-CCF72240D914->cab3cae7-f0a1-4851-a661-63d582d319d1-GrpcLogAppender: appendEntries Timeout, request=c6676a3b-9238-484a-870a-e78b36fd6b90->cab3cae7-f0a1-4851-a661-63d582d319d1#91-t6, previous=(t:6, i:2), leaderCommit=2, initializing? false, entries: <empty>
2019-10-13 20:34:20,938 [java.util.concurrent.ThreadPoolExecutor$Worker@29c7306b[State = -1, empty queue]] WARN  server.GrpcLogAppender (GrpcLogAppender.java:timeoutAppendRequest(200)) - a62c5862-2413-45e1-a25a-271607b15565@group-C88106EEEC90->cab3cae7-f0a1-4851-a661-63d582d319d1-GrpcLogAppender: appendEntries Timeout, request=a62c5862-2413-45e1-a25a-271607b15565->cab3cae7-f0a1-4851-a661-63d582d319d1#102-t5, previous=(t:5, i:0), leaderCommit=0, initializing? false, entries: <empty>
2019-10-13 20:34:20,954 [java.util.concurrent.ThreadPoolExecutor$Worker@4c9c17fc[State = -1, empty queue]] WARN  server.GrpcLogAppender (GrpcLogAppender.java:timeoutAppendRequest(200)) - c6676a3b-9238-484a-870a-e78b36fd6b90@group-CCF72240D914->787c3207-a753-429a-a612-e3ac99d17bc9-GrpcLogAppender: appendEntries Timeout, request=c6676a3b-9238-484a-870a-e78b36fd6b90->787c3207-a753-429a-a612-e3ac99d17bc9#90-t6, previous=(t:6, i:2), leaderCommit=2, initializing? false, entries: <empty>
2019-10-13 20:34:21,090 [java.util.concurrent.ThreadPoolExecutor$Worker@2baf159d[State = -1, empty queue]] WARN  server.GrpcLogAppender (GrpcLogAppender.java:timeoutAppendRequest(200)) - a62c5862-2413-45e1-a25a-271607b15565@group-C88106EEEC90->787c3207-a753-429a-a612-e3ac99d17bc9-GrpcLogAppender: appendEntries Timeout, request=a62c5862-2413-45e1-a25a-271607b15565->787c3207-a753-429a-a612-e3ac99d17bc9#102-t5, previous=(t:5, i:0), leaderCommit=0, initializing? false, entries: <empty>
2019-10-13 20:34:21,313 [java.util.concurrent.ThreadPoolExecutor$Worker@dbb1acd[State = -1, empty queue]] WARN  server.GrpcLogAppender (GrpcLogAppender.java:timeoutAppendRequest(200)) - c6676a3b-9238-484a-870a-e78b36fd6b90@group-CCF72240D914->cab3cae7-f0a1-4851-a661-63d582d319d1-GrpcLogAppender: appendEntries Timeout, request=c6676a3b-9238-484a-870a-e78b36fd6b90->cab3cae7-f0a1-4851-a661-63d582d319d1#92-t6, previous=(t:6, i:2), leaderCommit=2, initializing? false, entries: <empty>
2019-10-13 20:34:21,318 [Thread-1555] INFO  impl.FollowerState (FollowerState.java:run(108)) - c6676a3b-9238-484a-870a-e78b36fd6b90@group-5D7F111F42E3-FollowerState: change to CANDIDATE, lastRpcTime:1090ms, electionTimeout:1090ms
2019-10-13 20:34:21,318 [Thread-1555] INFO  impl.RoleInfo (RoleInfo.java:shutdownFollowerState(121)) - c6676a3b-9238-484a-870a-e78b36fd6b90: shutdown FollowerState
2019-10-13 20:34:21,318 [Thread-1555] INFO  impl.RaftServerImpl (RaftServerImpl.java:setRole(170)) - c6676a3b-9238-484a-870a-e78b36fd6b90@group-5D7F111F42E3: changes role from  FOLLOWER to CANDIDATE at term 7 for changeToCandidate
2019-10-13 20:34:21,318 [Thread-1555] INFO  impl.RoleInfo (RoleInfo.java:updateAndGet(143)) - c6676a3b-9238-484a-870a-e78b36fd6b90: start LeaderElection
2019-10-13 20:34:21,346 [c6676a3b-9238-484a-870a-e78b36fd6b90@group-5D7F111F42E3-LeaderElection40] INFO  impl.LeaderElection (LeaderElection.java:askForVotes(178)) - c6676a3b-9238-484a-870a-e78b36fd6b90@group-5D7F111F42E3-LeaderElection40: begin an election at term 8 for 0: [cab3cae7-f0a1-4851-a661-63d582d319d1:192.168.157.224:38398, 787c3207-a753-429a-a612-e3ac99d17bc9:192.168.157.224:45659, c6676a3b-9238-484a-870a-e78b36fd6b90:192.168.157.224:37064], old=null
2019-10-13 20:34:21,348 [grpc-default-executor-3] WARN  server.GrpcServerProtocolService (LogUtils.java:warn(136)) - cab3cae7-f0a1-4851-a661-63d582d319d1: Failed requestVote c6676a3b-9238-484a-870a-e78b36fd6b90->cab3cae7-f0a1-4851-a661-63d582d319d1#0
org.apache.ratis.protocol.GroupMismatchException: cab3cae7-f0a1-4851-a661-63d582d319d1: group-5D7F111F42E3 not found.
	at org.apache.ratis.server.impl.RaftServerProxy$ImplMap.get(RaftServerProxy.java:122)
	at org.apache.ratis.server.impl.RaftServerProxy.getImplFuture(RaftServerProxy.java:269)
	at org.apache.ratis.server.impl.RaftServerProxy.getImpl(RaftServerProxy.java:278)
	at org.apache.ratis.server.impl.RaftServerProxy.getImpl(RaftServerProxy.java:273)
	at org.apache.ratis.server.impl.RaftServerProxy.requestVote(RaftServerProxy.java:443)
	at org.apache.ratis.grpc.server.GrpcServerProtocolService.requestVote(GrpcServerProtocolService.java:142)
	at org.apache.ratis.proto.grpc.RaftServerProtocolServiceGrpc$MethodHandlers.invoke(RaftServerProtocolServiceGrpc.java:319)
	at org.apache.ratis.thirdparty.io.grpc.stub.ServerCalls$UnaryServerCallHandler$UnaryServerCallListener.onHalfClose(ServerCalls.java:171)
	at org.apache.ratis.thirdparty.io.grpc.internal.ServerCallImpl$ServerStreamListenerImpl.halfClosed(ServerCallImpl.java:283)
	at org.apache.ratis.thirdparty.io.grpc.internal.ServerImpl$JumpToApplicationThreadServerStreamListener$1HalfClosed.runInContext(ServerImpl.java:710)
	at org.apache.ratis.thirdparty.io.grpc.internal.ContextRunnable.run(ContextRunnable.java:37)
	at org.apache.ratis.thirdparty.io.grpc.internal.SerializingExecutor.run(SerializingExecutor.java:123)
	at java.util.concurrent.ThreadPoolExecutor.runWorker(ThreadPoolExecutor.java:1149)
	at java.util.concurrent.ThreadPoolExecutor$Worker.run(ThreadPoolExecutor.java:624)
	at java.lang.Thread.run(Thread.java:748)
2019-10-13 20:34:21,349 [grpc-default-executor-4] WARN  server.GrpcServerProtocolService (LogUtils.java:warn(136)) - 787c3207-a753-429a-a612-e3ac99d17bc9: Failed requestVote c6676a3b-9238-484a-870a-e78b36fd6b90->787c3207-a753-429a-a612-e3ac99d17bc9#0
org.apache.ratis.protocol.GroupMismatchException: 787c3207-a753-429a-a612-e3ac99d17bc9: group-5D7F111F42E3 not found.
	at org.apache.ratis.server.impl.RaftServerProxy$ImplMap.get(RaftServerProxy.java:122)
	at org.apache.ratis.server.impl.RaftServerProxy.getImplFuture(RaftServerProxy.java:269)
	at org.apache.ratis.server.impl.RaftServerProxy.getImpl(RaftServerProxy.java:278)
	at org.apache.ratis.server.impl.RaftServerProxy.getImpl(RaftServerProxy.java:273)
	at org.apache.ratis.server.impl.RaftServerProxy.requestVote(RaftServerProxy.java:443)
	at org.apache.ratis.grpc.server.GrpcServerProtocolService.requestVote(GrpcServerProtocolService.java:142)
	at org.apache.ratis.proto.grpc.RaftServerProtocolServiceGrpc$MethodHandlers.invoke(RaftServerProtocolServiceGrpc.java:319)
	at org.apache.ratis.thirdparty.io.grpc.stub.ServerCalls$UnaryServerCallHandler$UnaryServerCallListener.onHalfClose(ServerCalls.java:171)
	at org.apache.ratis.thirdparty.io.grpc.internal.ServerCallImpl$ServerStreamListenerImpl.halfClosed(ServerCallImpl.java:283)
	at org.apache.ratis.thirdparty.io.grpc.internal.ServerImpl$JumpToApplicationThreadServerStreamListener$1HalfClosed.runInContext(ServerImpl.java:710)
	at org.apache.ratis.thirdparty.io.grpc.internal.ContextRunnable.run(ContextRunnable.java:37)
	at org.apache.ratis.thirdparty.io.grpc.internal.SerializingExecutor.run(SerializingExecutor.java:123)
	at java.util.concurrent.ThreadPoolExecutor.runWorker(ThreadPoolExecutor.java:1149)
	at java.util.concurrent.ThreadPoolExecutor$Worker.run(ThreadPoolExecutor.java:624)
	at java.lang.Thread.run(Thread.java:748)
2019-10-13 20:34:21,351 [c6676a3b-9238-484a-870a-e78b36fd6b90@group-5D7F111F42E3-LeaderElection40] INFO  impl.LeaderElection (LogUtils.java:infoOrTrace(149)) - c6676a3b-9238-484a-870a-e78b36fd6b90@group-5D7F111F42E3-LeaderElection40 got exception when requesting votes: {}
java.util.concurrent.ExecutionException: org.apache.ratis.thirdparty.io.grpc.StatusRuntimeException: INTERNAL: cab3cae7-f0a1-4851-a661-63d582d319d1: group-5D7F111F42E3 not found.
	at java.util.concurrent.FutureTask.report(FutureTask.java:122)
	at java.util.concurrent.FutureTask.get(FutureTask.java:192)
	at org.apache.ratis.server.impl.LeaderElection.waitForResults(LeaderElection.java:259)
	at org.apache.ratis.server.impl.LeaderElection.askForVotes(LeaderElection.java:197)
	at org.apache.ratis.server.impl.LeaderElection.run(LeaderElection.java:133)
	at java.lang.Thread.run(Thread.java:748)
Caused by: org.apache.ratis.thirdparty.io.grpc.StatusRuntimeException: INTERNAL: cab3cae7-f0a1-4851-a661-63d582d319d1: group-5D7F111F42E3 not found.
	at org.apache.ratis.thirdparty.io.grpc.stub.ClientCalls.toStatusRuntimeException(ClientCalls.java:233)
	at org.apache.ratis.thirdparty.io.grpc.stub.ClientCalls.getUnchecked(ClientCalls.java:214)
	at org.apache.ratis.thirdparty.io.grpc.stub.ClientCalls.blockingUnaryCall(ClientCalls.java:139)
	at org.apache.ratis.proto.grpc.RaftServerProtocolServiceGrpc$RaftServerProtocolServiceBlockingStub.requestVote(RaftServerProtocolServiceGrpc.java:265)
	at org.apache.ratis.grpc.server.GrpcServerProtocolClient.requestVote(GrpcServerProtocolClient.java:99)
	at org.apache.ratis.grpc.server.GrpcService.requestVote(GrpcService.java:204)
	at org.apache.ratis.server.impl.LeaderElection.lambda$submitRequests$1(LeaderElection.java:234)
	at java.util.concurrent.FutureTask.run(FutureTask.java:266)
	at java.util.concurrent.Executors$RunnableAdapter.call(Executors.java:511)
	at java.util.concurrent.FutureTask.run(FutureTask.java:266)
	at java.util.concurrent.ThreadPoolExecutor.runWorker(ThreadPoolExecutor.java:1149)
	at java.util.concurrent.ThreadPoolExecutor$Worker.run(ThreadPoolExecutor.java:624)
	... 1 more
2019-10-13 20:34:21,357 [c6676a3b-9238-484a-870a-e78b36fd6b90@group-5D7F111F42E3-LeaderElection40] INFO  impl.LeaderElection (LogUtils.java:infoOrTrace(149)) - c6676a3b-9238-484a-870a-e78b36fd6b90@group-5D7F111F42E3-LeaderElection40 got exception when requesting votes: {}
java.util.concurrent.ExecutionException: org.apache.ratis.thirdparty.io.grpc.StatusRuntimeException: INTERNAL: 787c3207-a753-429a-a612-e3ac99d17bc9: group-5D7F111F42E3 not found.
	at java.util.concurrent.FutureTask.report(FutureTask.java:122)
	at java.util.concurrent.FutureTask.get(FutureTask.java:192)
	at org.apache.ratis.server.impl.LeaderElection.waitForResults(LeaderElection.java:259)
	at org.apache.ratis.server.impl.LeaderElection.askForVotes(LeaderElection.java:197)
	at org.apache.ratis.server.impl.LeaderElection.run(LeaderElection.java:133)
	at java.lang.Thread.run(Thread.java:748)
Caused by: org.apache.ratis.thirdparty.io.grpc.StatusRuntimeException: INTERNAL: 787c3207-a753-429a-a612-e3ac99d17bc9: group-5D7F111F42E3 not found.
	at org.apache.ratis.thirdparty.io.grpc.stub.ClientCalls.toStatusRuntimeException(ClientCalls.java:233)
	at org.apache.ratis.thirdparty.io.grpc.stub.ClientCalls.getUnchecked(ClientCalls.java:214)
	at org.apache.ratis.thirdparty.io.grpc.stub.ClientCalls.blockingUnaryCall(ClientCalls.java:139)
	at org.apache.ratis.proto.grpc.RaftServerProtocolServiceGrpc$RaftServerProtocolServiceBlockingStub.requestVote(RaftServerProtocolServiceGrpc.java:265)
	at org.apache.ratis.grpc.server.GrpcServerProtocolClient.requestVote(GrpcServerProtocolClient.java:99)
	at org.apache.ratis.grpc.server.GrpcService.requestVote(GrpcService.java:204)
	at org.apache.ratis.server.impl.LeaderElection.lambda$submitRequests$1(LeaderElection.java:234)
	at java.util.concurrent.FutureTask.run(FutureTask.java:266)
	at java.util.concurrent.Executors$RunnableAdapter.call(Executors.java:511)
	at java.util.concurrent.FutureTask.run(FutureTask.java:266)
	at java.util.concurrent.ThreadPoolExecutor.runWorker(ThreadPoolExecutor.java:1149)
	at java.util.concurrent.ThreadPoolExecutor$Worker.run(ThreadPoolExecutor.java:624)
	... 1 more
2019-10-13 20:34:21,361 [c6676a3b-9238-484a-870a-e78b36fd6b90@group-5D7F111F42E3-LeaderElection40] INFO  impl.LeaderElection (LeaderElection.java:logAndReturn(56)) - c6676a3b-9238-484a-870a-e78b36fd6b90@group-5D7F111F42E3-LeaderElection40: Election REJECTED; received 0 response(s) [] and 2 exception(s); c6676a3b-9238-484a-870a-e78b36fd6b90@group-5D7F111F42E3:t8, leader=null, voted=c6676a3b-9238-484a-870a-e78b36fd6b90, raftlog=c6676a3b-9238-484a-870a-e78b36fd6b90@group-5D7F111F42E3-SegmentedRaftLog:OPENED:c0,f0,i0, conf=0: [cab3cae7-f0a1-4851-a661-63d582d319d1:192.168.157.224:38398, 787c3207-a753-429a-a612-e3ac99d17bc9:192.168.157.224:45659, c6676a3b-9238-484a-870a-e78b36fd6b90:192.168.157.224:37064], old=null
2019-10-13 20:34:21,361 [c6676a3b-9238-484a-870a-e78b36fd6b90@group-5D7F111F42E3-LeaderElection40] INFO  impl.LeaderElection (LogUtils.java:infoOrTrace(149)) -   Exception 0: {}
java.util.concurrent.ExecutionException: org.apache.ratis.thirdparty.io.grpc.StatusRuntimeException: INTERNAL: cab3cae7-f0a1-4851-a661-63d582d319d1: group-5D7F111F42E3 not found.
	at java.util.concurrent.FutureTask.report(FutureTask.java:122)
	at java.util.concurrent.FutureTask.get(FutureTask.java:192)
	at org.apache.ratis.server.impl.LeaderElection.waitForResults(LeaderElection.java:259)
	at org.apache.ratis.server.impl.LeaderElection.askForVotes(LeaderElection.java:197)
	at org.apache.ratis.server.impl.LeaderElection.run(LeaderElection.java:133)
	at java.lang.Thread.run(Thread.java:748)
Caused by: org.apache.ratis.thirdparty.io.grpc.StatusRuntimeException: INTERNAL: cab3cae7-f0a1-4851-a661-63d582d319d1: group-5D7F111F42E3 not found.
	at org.apache.ratis.thirdparty.io.grpc.stub.ClientCalls.toStatusRuntimeException(ClientCalls.java:233)
	at org.apache.ratis.thirdparty.io.grpc.stub.ClientCalls.getUnchecked(ClientCalls.java:214)
	at org.apache.ratis.thirdparty.io.grpc.stub.ClientCalls.blockingUnaryCall(ClientCalls.java:139)
	at org.apache.ratis.proto.grpc.RaftServerProtocolServiceGrpc$RaftServerProtocolServiceBlockingStub.requestVote(RaftServerProtocolServiceGrpc.java:265)
	at org.apache.ratis.grpc.server.GrpcServerProtocolClient.requestVote(GrpcServerProtocolClient.java:99)
	at org.apache.ratis.grpc.server.GrpcService.requestVote(GrpcService.java:204)
	at org.apache.ratis.server.impl.LeaderElection.lambda$submitRequests$1(LeaderElection.java:234)
	at java.util.concurrent.FutureTask.run(FutureTask.java:266)
	at java.util.concurrent.Executors$RunnableAdapter.call(Executors.java:511)
	at java.util.concurrent.FutureTask.run(FutureTask.java:266)
	at java.util.concurrent.ThreadPoolExecutor.runWorker(ThreadPoolExecutor.java:1149)
	at java.util.concurrent.ThreadPoolExecutor$Worker.run(ThreadPoolExecutor.java:624)
	... 1 more
2019-10-13 20:34:21,361 [c6676a3b-9238-484a-870a-e78b36fd6b90@group-5D7F111F42E3-LeaderElection40] INFO  impl.LeaderElection (LogUtils.java:infoOrTrace(149)) -   Exception 1: {}
java.util.concurrent.ExecutionException: org.apache.ratis.thirdparty.io.grpc.StatusRuntimeException: INTERNAL: 787c3207-a753-429a-a612-e3ac99d17bc9: group-5D7F111F42E3 not found.
	at java.util.concurrent.FutureTask.report(FutureTask.java:122)
	at java.util.concurrent.FutureTask.get(FutureTask.java:192)
	at org.apache.ratis.server.impl.LeaderElection.waitForResults(LeaderElection.java:259)
	at org.apache.ratis.server.impl.LeaderElection.askForVotes(LeaderElection.java:197)
	at org.apache.ratis.server.impl.LeaderElection.run(LeaderElection.java:133)
	at java.lang.Thread.run(Thread.java:748)
Caused by: org.apache.ratis.thirdparty.io.grpc.StatusRuntimeException: INTERNAL: 787c3207-a753-429a-a612-e3ac99d17bc9: group-5D7F111F42E3 not found.
	at org.apache.ratis.thirdparty.io.grpc.stub.ClientCalls.toStatusRuntimeException(ClientCalls.java:233)
	at org.apache.ratis.thirdparty.io.grpc.stub.ClientCalls.getUnchecked(ClientCalls.java:214)
	at org.apache.ratis.thirdparty.io.grpc.stub.ClientCalls.blockingUnaryCall(ClientCalls.java:139)
	at org.apache.ratis.proto.grpc.RaftServerProtocolServiceGrpc$RaftServerProtocolServiceBlockingStub.requestVote(RaftServerProtocolServiceGrpc.java:265)
	at org.apache.ratis.grpc.server.GrpcServerProtocolClient.requestVote(GrpcServerProtocolClient.java:99)
	at org.apache.ratis.grpc.server.GrpcService.requestVote(GrpcService.java:204)
	at org.apache.ratis.server.impl.LeaderElection.lambda$submitRequests$1(LeaderElection.java:234)
	at java.util.concurrent.FutureTask.run(FutureTask.java:266)
	at java.util.concurrent.Executors$RunnableAdapter.call(Executors.java:511)
	at java.util.concurrent.FutureTask.run(FutureTask.java:266)
	at java.util.concurrent.ThreadPoolExecutor.runWorker(ThreadPoolExecutor.java:1149)
	at java.util.concurrent.ThreadPoolExecutor$Worker.run(ThreadPoolExecutor.java:624)
	... 1 more
2019-10-13 20:34:21,362 [c6676a3b-9238-484a-870a-e78b36fd6b90@group-5D7F111F42E3-LeaderElection40] INFO  impl.RaftServerImpl (RaftServerImpl.java:setRole(170)) - c6676a3b-9238-484a-870a-e78b36fd6b90@group-5D7F111F42E3: changes role from CANDIDATE to FOLLOWER at term 8 for DISCOVERED_A_NEW_TERM
2019-10-13 20:34:21,362 [c6676a3b-9238-484a-870a-e78b36fd6b90@group-5D7F111F42E3-LeaderElection40] INFO  impl.RoleInfo (RoleInfo.java:shutdownLeaderElection(134)) - c6676a3b-9238-484a-870a-e78b36fd6b90: shutdown LeaderElection
2019-10-13 20:34:21,362 [c6676a3b-9238-484a-870a-e78b36fd6b90@group-5D7F111F42E3-LeaderElection40] INFO  impl.RoleInfo (RoleInfo.java:updateAndGet(143)) - c6676a3b-9238-484a-870a-e78b36fd6b90: start FollowerState
2019-10-13 20:34:21,438 [java.util.concurrent.ThreadPoolExecutor$Worker@29c7306b[State = -1, empty queue]] WARN  server.GrpcLogAppender (GrpcLogAppender.java:timeoutAppendRequest(200)) - a62c5862-2413-45e1-a25a-271607b15565@group-C88106EEEC90->cab3cae7-f0a1-4851-a661-63d582d319d1-GrpcLogAppender: appendEntries Timeout, request=a62c5862-2413-45e1-a25a-271607b15565->cab3cae7-f0a1-4851-a661-63d582d319d1#103-t5, previous=(t:5, i:0), leaderCommit=0, initializing? false, entries: <empty>
2019-10-13 20:34:21,454 [java.util.concurrent.ThreadPoolExecutor$Worker@4c9c17fc[State = -1, empty queue]] WARN  server.GrpcLogAppender (GrpcLogAppender.java:timeoutAppendRequest(200)) - c6676a3b-9238-484a-870a-e78b36fd6b90@group-CCF72240D914->787c3207-a753-429a-a612-e3ac99d17bc9-GrpcLogAppender: appendEntries Timeout, request=c6676a3b-9238-484a-870a-e78b36fd6b90->787c3207-a753-429a-a612-e3ac99d17bc9#91-t6, previous=(t:6, i:2), leaderCommit=2, initializing? false, entries: <empty>
2019-10-13 20:34:21,594 [java.util.concurrent.ThreadPoolExecutor$Worker@2baf159d[State = -1, empty queue]] WARN  server.GrpcLogAppender (GrpcLogAppender.java:timeoutAppendRequest(200)) - a62c5862-2413-45e1-a25a-271607b15565@group-C88106EEEC90->787c3207-a753-429a-a612-e3ac99d17bc9-GrpcLogAppender: appendEntries Timeout, request=a62c5862-2413-45e1-a25a-271607b15565->787c3207-a753-429a-a612-e3ac99d17bc9#103-t5, previous=(t:5, i:0), leaderCommit=0, initializing? false, entries: <empty>
2019-10-13 20:34:21,645 [main] INFO  ozone.MiniOzoneClusterImpl (MiniOzoneClusterImpl.java:lambda$waitForClusterToBeReady$0(147)) - Cluster is ready. Got 7 of 7 DN Heartbeats.
2019-10-13 20:34:21,697 [main] INFO  rpc.RpcClient (RpcClient.java:createVolume(272)) - Creating Volume: watchforcommithandlingtest, with jenkins1000 as owner.
2019-10-13 20:34:21,700 [IPC Server handler 2 on 39944] INFO  volume.OMVolumeCreateRequest (OMVolumeCreateRequest.java:validateAndUpdateCache(193)) - created volume:watchforcommithandlingtest for user:jenkins1000
2019-10-13 20:34:21,726 [main] INFO  rpc.RpcClient (RpcClient.java:createBucket(411)) - Creating Bucket: watchforcommithandlingtest/watchforcommithandlingtest, with Versioning false and Storage Type set to DISK and Encryption set to false 
2019-10-13 20:34:21,732 [main] INFO  ozone.MiniOzoneClusterImpl (MiniOzoneClusterImpl.java:getStorageContainerLocationClient(234)) - Creating StorageContainerLocationProtocol RPC client with address /0.0.0.0:42629
2019-10-13 20:34:21,814 [java.util.concurrent.ThreadPoolExecutor$Worker@dbb1acd[State = -1, empty queue]] WARN  server.GrpcLogAppender (GrpcLogAppender.java:timeoutAppendRequest(200)) - c6676a3b-9238-484a-870a-e78b36fd6b90@group-CCF72240D914->cab3cae7-f0a1-4851-a661-63d582d319d1-GrpcLogAppender: appendEntries Timeout, request=c6676a3b-9238-484a-870a-e78b36fd6b90->cab3cae7-f0a1-4851-a661-63d582d319d1#93-t6, previous=(t:6, i:2), leaderCommit=2, initializing? false, entries: <empty>
2019-10-13 20:34:21,938 [java.util.concurrent.ThreadPoolExecutor$Worker@29c7306b[State = -1, empty queue]] WARN  server.GrpcLogAppender (GrpcLogAppender.java:timeoutAppendRequest(200)) - a62c5862-2413-45e1-a25a-271607b15565@group-C88106EEEC90->cab3cae7-f0a1-4851-a661-63d582d319d1-GrpcLogAppender: appendEntries Timeout, request=a62c5862-2413-45e1-a25a-271607b15565->cab3cae7-f0a1-4851-a661-63d582d319d1#104-t5, previous=(t:5, i:0), leaderCommit=0, initializing? false, entries: <empty>
2019-10-13 20:34:21,954 [java.util.concurrent.ThreadPoolExecutor$Worker@4c9c17fc[State = -1, empty queue]] WARN  server.GrpcLogAppender (GrpcLogAppender.java:timeoutAppendRequest(200)) - c6676a3b-9238-484a-870a-e78b36fd6b90@group-CCF72240D914->787c3207-a753-429a-a612-e3ac99d17bc9-GrpcLogAppender: appendEntries Timeout, request=c6676a3b-9238-484a-870a-e78b36fd6b90->787c3207-a753-429a-a612-e3ac99d17bc9#92-t6, previous=(t:6, i:2), leaderCommit=2, initializing? false, entries: <empty>
2019-10-13 20:34:22,109 [java.util.concurrent.ThreadPoolExecutor$Worker@2baf159d[State = -1, empty queue]] WARN  server.GrpcLogAppender (GrpcLogAppender.java:timeoutAppendRequest(200)) - a62c5862-2413-45e1-a25a-271607b15565@group-C88106EEEC90->787c3207-a753-429a-a612-e3ac99d17bc9-GrpcLogAppender: appendEntries Timeout, request=a62c5862-2413-45e1-a25a-271607b15565->787c3207-a753-429a-a612-e3ac99d17bc9#104-t5, previous=(t:5, i:0), leaderCommit=0, initializing? false, entries: <empty>
2019-10-13 20:34:22,318 [java.util.concurrent.ThreadPoolExecutor$Worker@dbb1acd[State = -1, empty queue]] WARN  server.GrpcLogAppender (GrpcLogAppender.java:timeoutAppendRequest(200)) - c6676a3b-9238-484a-870a-e78b36fd6b90@group-CCF72240D914->cab3cae7-f0a1-4851-a661-63d582d319d1-GrpcLogAppender: appendEntries Timeout, request=c6676a3b-9238-484a-870a-e78b36fd6b90->cab3cae7-f0a1-4851-a661-63d582d319d1#94-t6, previous=(t:6, i:2), leaderCommit=2, initializing? false, entries: <empty>
2019-10-13 20:34:22,439 [java.util.concurrent.ThreadPoolExecutor$Worker@29c7306b[State = -1, empty queue]] WARN  server.GrpcLogAppender (GrpcLogAppender.java:timeoutAppendRequest(200)) - a62c5862-2413-45e1-a25a-271607b15565@group-C88106EEEC90->cab3cae7-f0a1-4851-a661-63d582d319d1-GrpcLogAppender: appendEntries Timeout, request=a62c5862-2413-45e1-a25a-271607b15565->cab3cae7-f0a1-4851-a661-63d582d319d1#105-t5, previous=(t:5, i:0), leaderCommit=0, initializing? false, entries: <empty>
2019-10-13 20:34:22,455 [java.util.concurrent.ThreadPoolExecutor$Worker@4c9c17fc[State = -1, empty queue]] WARN  server.GrpcLogAppender (GrpcLogAppender.java:timeoutAppendRequest(200)) - c6676a3b-9238-484a-870a-e78b36fd6b90@group-CCF72240D914->787c3207-a753-429a-a612-e3ac99d17bc9-GrpcLogAppender: appendEntries Timeout, request=c6676a3b-9238-484a-870a-e78b36fd6b90->787c3207-a753-429a-a612-e3ac99d17bc9#93-t6, previous=(t:6, i:2), leaderCommit=2, initializing? false, entries: <empty>
2019-10-13 20:34:22,469 [Thread-1589] INFO  impl.FollowerState (FollowerState.java:run(108)) - c6676a3b-9238-484a-870a-e78b36fd6b90@group-5D7F111F42E3-FollowerState: change to CANDIDATE, lastRpcTime:1107ms, electionTimeout:1107ms
2019-10-13 20:34:22,470 [Thread-1589] INFO  impl.RoleInfo (RoleInfo.java:shutdownFollowerState(121)) - c6676a3b-9238-484a-870a-e78b36fd6b90: shutdown FollowerState
2019-10-13 20:34:22,470 [Thread-1589] INFO  impl.RaftServerImpl (RaftServerImpl.java:setRole(170)) - c6676a3b-9238-484a-870a-e78b36fd6b90@group-5D7F111F42E3: changes role from  FOLLOWER to CANDIDATE at term 8 for changeToCandidate
2019-10-13 20:34:22,470 [Thread-1589] INFO  impl.RoleInfo (RoleInfo.java:updateAndGet(143)) - c6676a3b-9238-484a-870a-e78b36fd6b90: start LeaderElection
2019-10-13 20:34:22,495 [c6676a3b-9238-484a-870a-e78b36fd6b90@group-5D7F111F42E3-LeaderElection41] INFO  impl.LeaderElection (LeaderElection.java:askForVotes(178)) - c6676a3b-9238-484a-870a-e78b36fd6b90@group-5D7F111F42E3-LeaderElection41: begin an election at term 9 for 0: [cab3cae7-f0a1-4851-a661-63d582d319d1:192.168.157.224:38398, 787c3207-a753-429a-a612-e3ac99d17bc9:192.168.157.224:45659, c6676a3b-9238-484a-870a-e78b36fd6b90:192.168.157.224:37064], old=null
2019-10-13 20:34:22,498 [grpc-default-executor-4] WARN  server.GrpcServerProtocolService (LogUtils.java:warn(136)) - 787c3207-a753-429a-a612-e3ac99d17bc9: Failed requestVote c6676a3b-9238-484a-870a-e78b36fd6b90->787c3207-a753-429a-a612-e3ac99d17bc9#0
org.apache.ratis.protocol.GroupMismatchException: 787c3207-a753-429a-a612-e3ac99d17bc9: group-5D7F111F42E3 not found.
	at org.apache.ratis.server.impl.RaftServerProxy$ImplMap.get(RaftServerProxy.java:122)
	at org.apache.ratis.server.impl.RaftServerProxy.getImplFuture(RaftServerProxy.java:269)
	at org.apache.ratis.server.impl.RaftServerProxy.getImpl(RaftServerProxy.java:278)
	at org.apache.ratis.server.impl.RaftServerProxy.getImpl(RaftServerProxy.java:273)
	at org.apache.ratis.server.impl.RaftServerProxy.requestVote(RaftServerProxy.java:443)
	at org.apache.ratis.grpc.server.GrpcServerProtocolService.requestVote(GrpcServerProtocolService.java:142)
	at org.apache.ratis.proto.grpc.RaftServerProtocolServiceGrpc$MethodHandlers.invoke(RaftServerProtocolServiceGrpc.java:319)
	at org.apache.ratis.thirdparty.io.grpc.stub.ServerCalls$UnaryServerCallHandler$UnaryServerCallListener.onHalfClose(ServerCalls.java:171)
	at org.apache.ratis.thirdparty.io.grpc.internal.ServerCallImpl$ServerStreamListenerImpl.halfClosed(ServerCallImpl.java:283)
	at org.apache.ratis.thirdparty.io.grpc.internal.ServerImpl$JumpToApplicationThreadServerStreamListener$1HalfClosed.runInContext(ServerImpl.java:710)
	at org.apache.ratis.thirdparty.io.grpc.internal.ContextRunnable.run(ContextRunnable.java:37)
	at org.apache.ratis.thirdparty.io.grpc.internal.SerializingExecutor.run(SerializingExecutor.java:123)
	at java.util.concurrent.ThreadPoolExecutor.runWorker(ThreadPoolExecutor.java:1149)
	at java.util.concurrent.ThreadPoolExecutor$Worker.run(ThreadPoolExecutor.java:624)
	at java.lang.Thread.run(Thread.java:748)
2019-10-13 20:34:22,498 [grpc-default-executor-3] WARN  server.GrpcServerProtocolService (LogUtils.java:warn(136)) - cab3cae7-f0a1-4851-a661-63d582d319d1: Failed requestVote c6676a3b-9238-484a-870a-e78b36fd6b90->cab3cae7-f0a1-4851-a661-63d582d319d1#0
org.apache.ratis.protocol.GroupMismatchException: cab3cae7-f0a1-4851-a661-63d582d319d1: group-5D7F111F42E3 not found.
	at org.apache.ratis.server.impl.RaftServerProxy$ImplMap.get(RaftServerProxy.java:122)
	at org.apache.ratis.server.impl.RaftServerProxy.getImplFuture(RaftServerProxy.java:269)
	at org.apache.ratis.server.impl.RaftServerProxy.getImpl(RaftServerProxy.java:278)
	at org.apache.ratis.server.impl.RaftServerProxy.getImpl(RaftServerProxy.java:273)
	at org.apache.ratis.server.impl.RaftServerProxy.requestVote(RaftServerProxy.java:443)
	at org.apache.ratis.grpc.server.GrpcServerProtocolService.requestVote(GrpcServerProtocolService.java:142)
	at org.apache.ratis.proto.grpc.RaftServerProtocolServiceGrpc$MethodHandlers.invoke(RaftServerProtocolServiceGrpc.java:319)
	at org.apache.ratis.thirdparty.io.grpc.stub.ServerCalls$UnaryServerCallHandler$UnaryServerCallListener.onHalfClose(ServerCalls.java:171)
	at org.apache.ratis.thirdparty.io.grpc.internal.ServerCallImpl$ServerStreamListenerImpl.halfClosed(ServerCallImpl.java:283)
	at org.apache.ratis.thirdparty.io.grpc.internal.ServerImpl$JumpToApplicationThreadServerStreamListener$1HalfClosed.runInContext(ServerImpl.java:710)
	at org.apache.ratis.thirdparty.io.grpc.internal.ContextRunnable.run(ContextRunnable.java:37)
	at org.apache.ratis.thirdparty.io.grpc.internal.SerializingExecutor.run(SerializingExecutor.java:123)
	at java.util.concurrent.ThreadPoolExecutor.runWorker(ThreadPoolExecutor.java:1149)
	at java.util.concurrent.ThreadPoolExecutor$Worker.run(ThreadPoolExecutor.java:624)
	at java.lang.Thread.run(Thread.java:748)
2019-10-13 20:34:22,500 [c6676a3b-9238-484a-870a-e78b36fd6b90@group-5D7F111F42E3-LeaderElection41] INFO  impl.LeaderElection (LogUtils.java:infoOrTrace(149)) - c6676a3b-9238-484a-870a-e78b36fd6b90@group-5D7F111F42E3-LeaderElection41 got exception when requesting votes: {}
java.util.concurrent.ExecutionException: org.apache.ratis.thirdparty.io.grpc.StatusRuntimeException: INTERNAL: 787c3207-a753-429a-a612-e3ac99d17bc9: group-5D7F111F42E3 not found.
	at java.util.concurrent.FutureTask.report(FutureTask.java:122)
	at java.util.concurrent.FutureTask.get(FutureTask.java:192)
	at org.apache.ratis.server.impl.LeaderElection.waitForResults(LeaderElection.java:259)
	at org.apache.ratis.server.impl.LeaderElection.askForVotes(LeaderElection.java:197)
	at org.apache.ratis.server.impl.LeaderElection.run(LeaderElection.java:133)
	at java.lang.Thread.run(Thread.java:748)
Caused by: org.apache.ratis.thirdparty.io.grpc.StatusRuntimeException: INTERNAL: 787c3207-a753-429a-a612-e3ac99d17bc9: group-5D7F111F42E3 not found.
	at org.apache.ratis.thirdparty.io.grpc.stub.ClientCalls.toStatusRuntimeException(ClientCalls.java:233)
	at org.apache.ratis.thirdparty.io.grpc.stub.ClientCalls.getUnchecked(ClientCalls.java:214)
	at org.apache.ratis.thirdparty.io.grpc.stub.ClientCalls.blockingUnaryCall(ClientCalls.java:139)
	at org.apache.ratis.proto.grpc.RaftServerProtocolServiceGrpc$RaftServerProtocolServiceBlockingStub.requestVote(RaftServerProtocolServiceGrpc.java:265)
	at org.apache.ratis.grpc.server.GrpcServerProtocolClient.requestVote(GrpcServerProtocolClient.java:99)
	at org.apache.ratis.grpc.server.GrpcService.requestVote(GrpcService.java:204)
	at org.apache.ratis.server.impl.LeaderElection.lambda$submitRequests$1(LeaderElection.java:234)
	at java.util.concurrent.FutureTask.run(FutureTask.java:266)
	at java.util.concurrent.Executors$RunnableAdapter.call(Executors.java:511)
	at java.util.concurrent.FutureTask.run(FutureTask.java:266)
	at java.util.concurrent.ThreadPoolExecutor.runWorker(ThreadPoolExecutor.java:1149)
	at java.util.concurrent.ThreadPoolExecutor$Worker.run(ThreadPoolExecutor.java:624)
	... 1 more
2019-10-13 20:34:22,505 [c6676a3b-9238-484a-870a-e78b36fd6b90@group-5D7F111F42E3-LeaderElection41] INFO  impl.LeaderElection (LogUtils.java:infoOrTrace(149)) - c6676a3b-9238-484a-870a-e78b36fd6b90@group-5D7F111F42E3-LeaderElection41 got exception when requesting votes: {}
java.util.concurrent.ExecutionException: org.apache.ratis.thirdparty.io.grpc.StatusRuntimeException: INTERNAL: cab3cae7-f0a1-4851-a661-63d582d319d1: group-5D7F111F42E3 not found.
	at java.util.concurrent.FutureTask.report(FutureTask.java:122)
	at java.util.concurrent.FutureTask.get(FutureTask.java:192)
	at org.apache.ratis.server.impl.LeaderElection.waitForResults(LeaderElection.java:259)
	at org.apache.ratis.server.impl.LeaderElection.askForVotes(LeaderElection.java:197)
	at org.apache.ratis.server.impl.LeaderElection.run(LeaderElection.java:133)
	at java.lang.Thread.run(Thread.java:748)
Caused by: org.apache.ratis.thirdparty.io.grpc.StatusRuntimeException: INTERNAL: cab3cae7-f0a1-4851-a661-63d582d319d1: group-5D7F111F42E3 not found.
	at org.apache.ratis.thirdparty.io.grpc.stub.ClientCalls.toStatusRuntimeException(ClientCalls.java:233)
	at org.apache.ratis.thirdparty.io.grpc.stub.ClientCalls.getUnchecked(ClientCalls.java:214)
	at org.apache.ratis.thirdparty.io.grpc.stub.ClientCalls.blockingUnaryCall(ClientCalls.java:139)
	at org.apache.ratis.proto.grpc.RaftServerProtocolServiceGrpc$RaftServerProtocolServiceBlockingStub.requestVote(RaftServerProtocolServiceGrpc.java:265)
	at org.apache.ratis.grpc.server.GrpcServerProtocolClient.requestVote(GrpcServerProtocolClient.java:99)
	at org.apache.ratis.grpc.server.GrpcService.requestVote(GrpcService.java:204)
	at org.apache.ratis.server.impl.LeaderElection.lambda$submitRequests$1(LeaderElection.java:234)
	at java.util.concurrent.FutureTask.run(FutureTask.java:266)
	at java.util.concurrent.Executors$RunnableAdapter.call(Executors.java:511)
	at java.util.concurrent.FutureTask.run(FutureTask.java:266)
	at java.util.concurrent.ThreadPoolExecutor.runWorker(ThreadPoolExecutor.java:1149)
	at java.util.concurrent.ThreadPoolExecutor$Worker.run(ThreadPoolExecutor.java:624)
	... 1 more
2019-10-13 20:34:22,507 [c6676a3b-9238-484a-870a-e78b36fd6b90@group-5D7F111F42E3-LeaderElection41] INFO  impl.LeaderElection (LeaderElection.java:logAndReturn(56)) - c6676a3b-9238-484a-870a-e78b36fd6b90@group-5D7F111F42E3-LeaderElection41: Election REJECTED; received 0 response(s) [] and 2 exception(s); c6676a3b-9238-484a-870a-e78b36fd6b90@group-5D7F111F42E3:t9, leader=null, voted=c6676a3b-9238-484a-870a-e78b36fd6b90, raftlog=c6676a3b-9238-484a-870a-e78b36fd6b90@group-5D7F111F42E3-SegmentedRaftLog:OPENED:c0,f0,i0, conf=0: [cab3cae7-f0a1-4851-a661-63d582d319d1:192.168.157.224:38398, 787c3207-a753-429a-a612-e3ac99d17bc9:192.168.157.224:45659, c6676a3b-9238-484a-870a-e78b36fd6b90:192.168.157.224:37064], old=null
2019-10-13 20:34:22,507 [c6676a3b-9238-484a-870a-e78b36fd6b90@group-5D7F111F42E3-LeaderElection41] INFO  impl.LeaderElection (LogUtils.java:infoOrTrace(149)) -   Exception 0: {}
java.util.concurrent.ExecutionException: org.apache.ratis.thirdparty.io.grpc.StatusRuntimeException: INTERNAL: 787c3207-a753-429a-a612-e3ac99d17bc9: group-5D7F111F42E3 not found.
	at java.util.concurrent.FutureTask.report(FutureTask.java:122)
	at java.util.concurrent.FutureTask.get(FutureTask.java:192)
	at org.apache.ratis.server.impl.LeaderElection.waitForResults(LeaderElection.java:259)
	at org.apache.ratis.server.impl.LeaderElection.askForVotes(LeaderElection.java:197)
	at org.apache.ratis.server.impl.LeaderElection.run(LeaderElection.java:133)
	at java.lang.Thread.run(Thread.java:748)
Caused by: org.apache.ratis.thirdparty.io.grpc.StatusRuntimeException: INTERNAL: 787c3207-a753-429a-a612-e3ac99d17bc9: group-5D7F111F42E3 not found.
	at org.apache.ratis.thirdparty.io.grpc.stub.ClientCalls.toStatusRuntimeException(ClientCalls.java:233)
	at org.apache.ratis.thirdparty.io.grpc.stub.ClientCalls.getUnchecked(ClientCalls.java:214)
	at org.apache.ratis.thirdparty.io.grpc.stub.ClientCalls.blockingUnaryCall(ClientCalls.java:139)
	at org.apache.ratis.proto.grpc.RaftServerProtocolServiceGrpc$RaftServerProtocolServiceBlockingStub.requestVote(RaftServerProtocolServiceGrpc.java:265)
	at org.apache.ratis.grpc.server.GrpcServerProtocolClient.requestVote(GrpcServerProtocolClient.java:99)
	at org.apache.ratis.grpc.server.GrpcService.requestVote(GrpcService.java:204)
	at org.apache.ratis.server.impl.LeaderElection.lambda$submitRequests$1(LeaderElection.java:234)
	at java.util.concurrent.FutureTask.run(FutureTask.java:266)
	at java.util.concurrent.Executors$RunnableAdapter.call(Executors.java:511)
	at java.util.concurrent.FutureTask.run(FutureTask.java:266)
	at java.util.concurrent.ThreadPoolExecutor.runWorker(ThreadPoolExecutor.java:1149)
	at java.util.concurrent.ThreadPoolExecutor$Worker.run(ThreadPoolExecutor.java:624)
	... 1 more
2019-10-13 20:34:22,508 [c6676a3b-9238-484a-870a-e78b36fd6b90@group-5D7F111F42E3-LeaderElection41] INFO  impl.LeaderElection (LogUtils.java:infoOrTrace(149)) -   Exception 1: {}
java.util.concurrent.ExecutionException: org.apache.ratis.thirdparty.io.grpc.StatusRuntimeException: INTERNAL: cab3cae7-f0a1-4851-a661-63d582d319d1: group-5D7F111F42E3 not found.
	at java.util.concurrent.FutureTask.report(FutureTask.java:122)
	at java.util.concurrent.FutureTask.get(FutureTask.java:192)
	at org.apache.ratis.server.impl.LeaderElection.waitForResults(LeaderElection.java:259)
	at org.apache.ratis.server.impl.LeaderElection.askForVotes(LeaderElection.java:197)
	at org.apache.ratis.server.impl.LeaderElection.run(LeaderElection.java:133)
	at java.lang.Thread.run(Thread.java:748)
Caused by: org.apache.ratis.thirdparty.io.grpc.StatusRuntimeException: INTERNAL: cab3cae7-f0a1-4851-a661-63d582d319d1: group-5D7F111F42E3 not found.
	at org.apache.ratis.thirdparty.io.grpc.stub.ClientCalls.toStatusRuntimeException(ClientCalls.java:233)
	at org.apache.ratis.thirdparty.io.grpc.stub.ClientCalls.getUnchecked(ClientCalls.java:214)
	at org.apache.ratis.thirdparty.io.grpc.stub.ClientCalls.blockingUnaryCall(ClientCalls.java:139)
	at org.apache.ratis.proto.grpc.RaftServerProtocolServiceGrpc$RaftServerProtocolServiceBlockingStub.requestVote(RaftServerProtocolServiceGrpc.java:265)
	at org.apache.ratis.grpc.server.GrpcServerProtocolClient.requestVote(GrpcServerProtocolClient.java:99)
	at org.apache.ratis.grpc.server.GrpcService.requestVote(GrpcService.java:204)
	at org.apache.ratis.server.impl.LeaderElection.lambda$submitRequests$1(LeaderElection.java:234)
	at java.util.concurrent.FutureTask.run(FutureTask.java:266)
	at java.util.concurrent.Executors$RunnableAdapter.call(Executors.java:511)
	at java.util.concurrent.FutureTask.run(FutureTask.java:266)
	at java.util.concurrent.ThreadPoolExecutor.runWorker(ThreadPoolExecutor.java:1149)
	at java.util.concurrent.ThreadPoolExecutor$Worker.run(ThreadPoolExecutor.java:624)
	... 1 more
2019-10-13 20:34:22,508 [c6676a3b-9238-484a-870a-e78b36fd6b90@group-5D7F111F42E3-LeaderElection41] INFO  impl.RaftServerImpl (RaftServerImpl.java:setRole(170)) - c6676a3b-9238-484a-870a-e78b36fd6b90@group-5D7F111F42E3: changes role from CANDIDATE to FOLLOWER at term 9 for DISCOVERED_A_NEW_TERM
2019-10-13 20:34:22,508 [c6676a3b-9238-484a-870a-e78b36fd6b90@group-5D7F111F42E3-LeaderElection41] INFO  impl.RoleInfo (RoleInfo.java:shutdownLeaderElection(134)) - c6676a3b-9238-484a-870a-e78b36fd6b90: shutdown LeaderElection
2019-10-13 20:34:22,508 [c6676a3b-9238-484a-870a-e78b36fd6b90@group-5D7F111F42E3-LeaderElection41] INFO  impl.RoleInfo (RoleInfo.java:updateAndGet(143)) - c6676a3b-9238-484a-870a-e78b36fd6b90: start FollowerState
2019-10-13 20:34:22,609 [java.util.concurrent.ThreadPoolExecutor$Worker@2baf159d[State = -1, empty queue]] WARN  server.GrpcLogAppender (GrpcLogAppender.java:timeoutAppendRequest(200)) - a62c5862-2413-45e1-a25a-271607b15565@group-C88106EEEC90->787c3207-a753-429a-a612-e3ac99d17bc9-GrpcLogAppender: appendEntries Timeout, request=a62c5862-2413-45e1-a25a-271607b15565->787c3207-a753-429a-a612-e3ac99d17bc9#105-t5, previous=(t:5, i:0), leaderCommit=0, initializing? false, entries: <empty>
2019-10-13 20:34:22,819 [java.util.concurrent.ThreadPoolExecutor$Worker@dbb1acd[State = -1, empty queue]] WARN  server.GrpcLogAppender (GrpcLogAppender.java:timeoutAppendRequest(200)) - c6676a3b-9238-484a-870a-e78b36fd6b90@group-CCF72240D914->cab3cae7-f0a1-4851-a661-63d582d319d1-GrpcLogAppender: appendEntries Timeout, request=c6676a3b-9238-484a-870a-e78b36fd6b90->cab3cae7-f0a1-4851-a661-63d582d319d1#95-t6, previous=(t:6, i:2), leaderCommit=2, initializing? false, entries: <empty>
2019-10-13 20:34:22,939 [java.util.concurrent.ThreadPoolExecutor$Worker@29c7306b[State = -1, empty queue]] WARN  server.GrpcLogAppender (GrpcLogAppender.java:timeoutAppendRequest(200)) - a62c5862-2413-45e1-a25a-271607b15565@group-C88106EEEC90->cab3cae7-f0a1-4851-a661-63d582d319d1-GrpcLogAppender: appendEntries Timeout, request=a62c5862-2413-45e1-a25a-271607b15565->cab3cae7-f0a1-4851-a661-63d582d319d1#106-t5, previous=(t:5, i:0), leaderCommit=0, initializing? false, entries: <empty>
2019-10-13 20:34:22,955 [java.util.concurrent.ThreadPoolExecutor$Worker@4c9c17fc[State = -1, empty queue]] WARN  server.GrpcLogAppender (GrpcLogAppender.java:timeoutAppendRequest(200)) - c6676a3b-9238-484a-870a-e78b36fd6b90@group-CCF72240D914->787c3207-a753-429a-a612-e3ac99d17bc9-GrpcLogAppender: appendEntries Timeout, request=c6676a3b-9238-484a-870a-e78b36fd6b90->787c3207-a753-429a-a612-e3ac99d17bc9#94-t6, previous=(t:6, i:2), leaderCommit=2, initializing? false, entries: <empty>
2019-10-13 20:34:23,036 [Thread-1545] INFO  container.ReplicationManager (ReplicationManager.java:start(162)) - Starting Replication Monitor Thread.
2019-10-13 20:34:23,045 [ReplicationMonitor] INFO  container.ReplicationManager (ReplicationManager.java:run(225)) - Replication Monitor Thread took 1 milliseconds for processing 1 containers.
2019-10-13 20:34:23,110 [java.util.concurrent.ThreadPoolExecutor$Worker@2baf159d[State = -1, empty queue]] WARN  server.GrpcLogAppender (GrpcLogAppender.java:timeoutAppendRequest(200)) - a62c5862-2413-45e1-a25a-271607b15565@group-C88106EEEC90->787c3207-a753-429a-a612-e3ac99d17bc9-GrpcLogAppender: appendEntries Timeout, request=a62c5862-2413-45e1-a25a-271607b15565->787c3207-a753-429a-a612-e3ac99d17bc9#106-t5, previous=(t:5, i:0), leaderCommit=0, initializing? false, entries: <empty>
2019-10-13 20:34:23,319 [java.util.concurrent.ThreadPoolExecutor$Worker@dbb1acd[State = -1, empty queue]] WARN  server.GrpcLogAppender (GrpcLogAppender.java:timeoutAppendRequest(200)) - c6676a3b-9238-484a-870a-e78b36fd6b90@group-CCF72240D914->cab3cae7-f0a1-4851-a661-63d582d319d1-GrpcLogAppender: appendEntries Timeout, request=c6676a3b-9238-484a-870a-e78b36fd6b90->cab3cae7-f0a1-4851-a661-63d582d319d1#96-t6, previous=(t:6, i:2), leaderCommit=2, initializing? false, entries: <empty>
2019-10-13 20:34:23,440 [java.util.concurrent.ThreadPoolExecutor$Worker@29c7306b[State = -1, empty queue]] WARN  server.GrpcLogAppender (GrpcLogAppender.java:timeoutAppendRequest(200)) - a62c5862-2413-45e1-a25a-271607b15565@group-C88106EEEC90->cab3cae7-f0a1-4851-a661-63d582d319d1-GrpcLogAppender: appendEntries Timeout, request=a62c5862-2413-45e1-a25a-271607b15565->cab3cae7-f0a1-4851-a661-63d582d319d1#107-t5, previous=(t:5, i:0), leaderCommit=0, initializing? false, entries: <empty>
2019-10-13 20:34:23,455 [java.util.concurrent.ThreadPoolExecutor$Worker@4c9c17fc[State = -1, empty queue]] WARN  server.GrpcLogAppender (GrpcLogAppender.java:timeoutAppendRequest(200)) - c6676a3b-9238-484a-870a-e78b36fd6b90@group-CCF72240D914->787c3207-a753-429a-a612-e3ac99d17bc9-GrpcLogAppender: appendEntries Timeout, request=c6676a3b-9238-484a-870a-e78b36fd6b90->787c3207-a753-429a-a612-e3ac99d17bc9#95-t6, previous=(t:6, i:2), leaderCommit=2, initializing? false, entries: <empty>
2019-10-13 20:34:23,610 [java.util.concurrent.ThreadPoolExecutor$Worker@2baf159d[State = -1, empty queue]] WARN  server.GrpcLogAppender (GrpcLogAppender.java:timeoutAppendRequest(200)) - a62c5862-2413-45e1-a25a-271607b15565@group-C88106EEEC90->787c3207-a753-429a-a612-e3ac99d17bc9-GrpcLogAppender: appendEntries Timeout, request=a62c5862-2413-45e1-a25a-271607b15565->787c3207-a753-429a-a612-e3ac99d17bc9#107-t5, previous=(t:5, i:0), leaderCommit=0, initializing? false, entries: <empty>
2019-10-13 20:34:23,690 [Thread-1598] INFO  impl.FollowerState (FollowerState.java:run(108)) - c6676a3b-9238-484a-870a-e78b36fd6b90@group-5D7F111F42E3-FollowerState: change to CANDIDATE, lastRpcTime:1181ms, electionTimeout:1181ms
2019-10-13 20:34:23,690 [Thread-1598] INFO  impl.RoleInfo (RoleInfo.java:shutdownFollowerState(121)) - c6676a3b-9238-484a-870a-e78b36fd6b90: shutdown FollowerState
2019-10-13 20:34:23,690 [Thread-1598] INFO  impl.RaftServerImpl (RaftServerImpl.java:setRole(170)) - c6676a3b-9238-484a-870a-e78b36fd6b90@group-5D7F111F42E3: changes role from  FOLLOWER to CANDIDATE at term 9 for changeToCandidate
2019-10-13 20:34:23,690 [Thread-1598] INFO  impl.RoleInfo (RoleInfo.java:updateAndGet(143)) - c6676a3b-9238-484a-870a-e78b36fd6b90: start LeaderElection
2019-10-13 20:34:23,704 [c6676a3b-9238-484a-870a-e78b36fd6b90@group-5D7F111F42E3-LeaderElection42] INFO  impl.LeaderElection (LeaderElection.java:askForVotes(178)) - c6676a3b-9238-484a-870a-e78b36fd6b90@group-5D7F111F42E3-LeaderElection42: begin an election at term 10 for 0: [cab3cae7-f0a1-4851-a661-63d582d319d1:192.168.157.224:38398, 787c3207-a753-429a-a612-e3ac99d17bc9:192.168.157.224:45659, c6676a3b-9238-484a-870a-e78b36fd6b90:192.168.157.224:37064], old=null
2019-10-13 20:34:23,707 [grpc-default-executor-3] WARN  server.GrpcServerProtocolService (LogUtils.java:warn(136)) - 787c3207-a753-429a-a612-e3ac99d17bc9: Failed requestVote c6676a3b-9238-484a-870a-e78b36fd6b90->787c3207-a753-429a-a612-e3ac99d17bc9#0
org.apache.ratis.protocol.GroupMismatchException: 787c3207-a753-429a-a612-e3ac99d17bc9: group-5D7F111F42E3 not found.
	at org.apache.ratis.server.impl.RaftServerProxy$ImplMap.get(RaftServerProxy.java:122)
	at org.apache.ratis.server.impl.RaftServerProxy.getImplFuture(RaftServerProxy.java:269)
	at org.apache.ratis.server.impl.RaftServerProxy.getImpl(RaftServerProxy.java:278)
	at org.apache.ratis.server.impl.RaftServerProxy.getImpl(RaftServerProxy.java:273)
	at org.apache.ratis.server.impl.RaftServerProxy.requestVote(RaftServerProxy.java:443)
	at org.apache.ratis.grpc.server.GrpcServerProtocolService.requestVote(GrpcServerProtocolService.java:142)
	at org.apache.ratis.proto.grpc.RaftServerProtocolServiceGrpc$MethodHandlers.invoke(RaftServerProtocolServiceGrpc.java:319)
	at org.apache.ratis.thirdparty.io.grpc.stub.ServerCalls$UnaryServerCallHandler$UnaryServerCallListener.onHalfClose(ServerCalls.java:171)
	at org.apache.ratis.thirdparty.io.grpc.internal.ServerCallImpl$ServerStreamListenerImpl.halfClosed(ServerCallImpl.java:283)
	at org.apache.ratis.thirdparty.io.grpc.internal.ServerImpl$JumpToApplicationThreadServerStreamListener$1HalfClosed.runInContext(ServerImpl.java:710)
	at org.apache.ratis.thirdparty.io.grpc.internal.ContextRunnable.run(ContextRunnable.java:37)
	at org.apache.ratis.thirdparty.io.grpc.internal.SerializingExecutor.run(SerializingExecutor.java:123)
	at java.util.concurrent.ThreadPoolExecutor.runWorker(ThreadPoolExecutor.java:1149)
	at java.util.concurrent.ThreadPoolExecutor$Worker.run(ThreadPoolExecutor.java:624)
	at java.lang.Thread.run(Thread.java:748)
2019-10-13 20:34:23,707 [grpc-default-executor-4] WARN  server.GrpcServerProtocolService (LogUtils.java:warn(136)) - cab3cae7-f0a1-4851-a661-63d582d319d1: Failed requestVote c6676a3b-9238-484a-870a-e78b36fd6b90->cab3cae7-f0a1-4851-a661-63d582d319d1#0
org.apache.ratis.protocol.GroupMismatchException: cab3cae7-f0a1-4851-a661-63d582d319d1: group-5D7F111F42E3 not found.
	at org.apache.ratis.server.impl.RaftServerProxy$ImplMap.get(RaftServerProxy.java:122)
	at org.apache.ratis.server.impl.RaftServerProxy.getImplFuture(RaftServerProxy.java:269)
	at org.apache.ratis.server.impl.RaftServerProxy.getImpl(RaftServerProxy.java:278)
	at org.apache.ratis.server.impl.RaftServerProxy.getImpl(RaftServerProxy.java:273)
	at org.apache.ratis.server.impl.RaftServerProxy.requestVote(RaftServerProxy.java:443)
	at org.apache.ratis.grpc.server.GrpcServerProtocolService.requestVote(GrpcServerProtocolService.java:142)
	at org.apache.ratis.proto.grpc.RaftServerProtocolServiceGrpc$MethodHandlers.invoke(RaftServerProtocolServiceGrpc.java:319)
	at org.apache.ratis.thirdparty.io.grpc.stub.ServerCalls$UnaryServerCallHandler$UnaryServerCallListener.onHalfClose(ServerCalls.java:171)
	at org.apache.ratis.thirdparty.io.grpc.internal.ServerCallImpl$ServerStreamListenerImpl.halfClosed(ServerCallImpl.java:283)
	at org.apache.ratis.thirdparty.io.grpc.internal.ServerImpl$JumpToApplicationThreadServerStreamListener$1HalfClosed.runInContext(ServerImpl.java:710)
	at org.apache.ratis.thirdparty.io.grpc.internal.ContextRunnable.run(ContextRunnable.java:37)
	at org.apache.ratis.thirdparty.io.grpc.internal.SerializingExecutor.run(SerializingExecutor.java:123)
	at java.util.concurrent.ThreadPoolExecutor.runWorker(ThreadPoolExecutor.java:1149)
	at java.util.concurrent.ThreadPoolExecutor$Worker.run(ThreadPoolExecutor.java:624)
	at java.lang.Thread.run(Thread.java:748)
2019-10-13 20:34:23,710 [c6676a3b-9238-484a-870a-e78b36fd6b90@group-5D7F111F42E3-LeaderElection42] INFO  impl.LeaderElection (LogUtils.java:infoOrTrace(149)) - c6676a3b-9238-484a-870a-e78b36fd6b90@group-5D7F111F42E3-LeaderElection42 got exception when requesting votes: {}
java.util.concurrent.ExecutionException: org.apache.ratis.thirdparty.io.grpc.StatusRuntimeException: INTERNAL: cab3cae7-f0a1-4851-a661-63d582d319d1: group-5D7F111F42E3 not found.
	at java.util.concurrent.FutureTask.report(FutureTask.java:122)
	at java.util.concurrent.FutureTask.get(FutureTask.java:192)
	at org.apache.ratis.server.impl.LeaderElection.waitForResults(LeaderElection.java:259)
	at org.apache.ratis.server.impl.LeaderElection.askForVotes(LeaderElection.java:197)
	at org.apache.ratis.server.impl.LeaderElection.run(LeaderElection.java:133)
	at java.lang.Thread.run(Thread.java:748)
Caused by: org.apache.ratis.thirdparty.io.grpc.StatusRuntimeException: INTERNAL: cab3cae7-f0a1-4851-a661-63d582d319d1: group-5D7F111F42E3 not found.
	at org.apache.ratis.thirdparty.io.grpc.stub.ClientCalls.toStatusRuntimeException(ClientCalls.java:233)
	at org.apache.ratis.thirdparty.io.grpc.stub.ClientCalls.getUnchecked(ClientCalls.java:214)
	at org.apache.ratis.thirdparty.io.grpc.stub.ClientCalls.blockingUnaryCall(ClientCalls.java:139)
	at org.apache.ratis.proto.grpc.RaftServerProtocolServiceGrpc$RaftServerProtocolServiceBlockingStub.requestVote(RaftServerProtocolServiceGrpc.java:265)
	at org.apache.ratis.grpc.server.GrpcServerProtocolClient.requestVote(GrpcServerProtocolClient.java:99)
	at org.apache.ratis.grpc.server.GrpcService.requestVote(GrpcService.java:204)
	at org.apache.ratis.server.impl.LeaderElection.lambda$submitRequests$1(LeaderElection.java:234)
	at java.util.concurrent.FutureTask.run(FutureTask.java:266)
	at java.util.concurrent.Executors$RunnableAdapter.call(Executors.java:511)
	at java.util.concurrent.FutureTask.run(FutureTask.java:266)
	at java.util.concurrent.ThreadPoolExecutor.runWorker(ThreadPoolExecutor.java:1149)
	at java.util.concurrent.ThreadPoolExecutor$Worker.run(ThreadPoolExecutor.java:624)
	... 1 more
2019-10-13 20:34:23,716 [c6676a3b-9238-484a-870a-e78b36fd6b90@group-5D7F111F42E3-LeaderElection42] INFO  impl.LeaderElection (LogUtils.java:infoOrTrace(149)) - c6676a3b-9238-484a-870a-e78b36fd6b90@group-5D7F111F42E3-LeaderElection42 got exception when requesting votes: {}
java.util.concurrent.ExecutionException: org.apache.ratis.thirdparty.io.grpc.StatusRuntimeException: INTERNAL: 787c3207-a753-429a-a612-e3ac99d17bc9: group-5D7F111F42E3 not found.
	at java.util.concurrent.FutureTask.report(FutureTask.java:122)
	at java.util.concurrent.FutureTask.get(FutureTask.java:192)
	at org.apache.ratis.server.impl.LeaderElection.waitForResults(LeaderElection.java:259)
	at org.apache.ratis.server.impl.LeaderElection.askForVotes(LeaderElection.java:197)
	at org.apache.ratis.server.impl.LeaderElection.run(LeaderElection.java:133)
	at java.lang.Thread.run(Thread.java:748)
Caused by: org.apache.ratis.thirdparty.io.grpc.StatusRuntimeException: INTERNAL: 787c3207-a753-429a-a612-e3ac99d17bc9: group-5D7F111F42E3 not found.
	at org.apache.ratis.thirdparty.io.grpc.stub.ClientCalls.toStatusRuntimeException(ClientCalls.java:233)
	at org.apache.ratis.thirdparty.io.grpc.stub.ClientCalls.getUnchecked(ClientCalls.java:214)
	at org.apache.ratis.thirdparty.io.grpc.stub.ClientCalls.blockingUnaryCall(ClientCalls.java:139)
	at org.apache.ratis.proto.grpc.RaftServerProtocolServiceGrpc$RaftServerProtocolServiceBlockingStub.requestVote(RaftServerProtocolServiceGrpc.java:265)
	at org.apache.ratis.grpc.server.GrpcServerProtocolClient.requestVote(GrpcServerProtocolClient.java:99)
	at org.apache.ratis.grpc.server.GrpcService.requestVote(GrpcService.java:204)
	at org.apache.ratis.server.impl.LeaderElection.lambda$submitRequests$1(LeaderElection.java:234)
	at java.util.concurrent.FutureTask.run(FutureTask.java:266)
	at java.util.concurrent.Executors$RunnableAdapter.call(Executors.java:511)
	at java.util.concurrent.FutureTask.run(FutureTask.java:266)
	at java.util.concurrent.ThreadPoolExecutor.runWorker(ThreadPoolExecutor.java:1149)
	at java.util.concurrent.ThreadPoolExecutor$Worker.run(ThreadPoolExecutor.java:624)
	... 1 more
2019-10-13 20:34:23,721 [c6676a3b-9238-484a-870a-e78b36fd6b90@group-5D7F111F42E3-LeaderElection42] INFO  impl.LeaderElection (LeaderElection.java:logAndReturn(56)) - c6676a3b-9238-484a-870a-e78b36fd6b90@group-5D7F111F42E3-LeaderElection42: Election REJECTED; received 0 response(s) [] and 2 exception(s); c6676a3b-9238-484a-870a-e78b36fd6b90@group-5D7F111F42E3:t10, leader=null, voted=c6676a3b-9238-484a-870a-e78b36fd6b90, raftlog=c6676a3b-9238-484a-870a-e78b36fd6b90@group-5D7F111F42E3-SegmentedRaftLog:OPENED:c0,f0,i0, conf=0: [cab3cae7-f0a1-4851-a661-63d582d319d1:192.168.157.224:38398, 787c3207-a753-429a-a612-e3ac99d17bc9:192.168.157.224:45659, c6676a3b-9238-484a-870a-e78b36fd6b90:192.168.157.224:37064], old=null
2019-10-13 20:34:23,721 [c6676a3b-9238-484a-870a-e78b36fd6b90@group-5D7F111F42E3-LeaderElection42] INFO  impl.LeaderElection (LogUtils.java:infoOrTrace(149)) -   Exception 0: {}
java.util.concurrent.ExecutionException: org.apache.ratis.thirdparty.io.grpc.StatusRuntimeException: INTERNAL: cab3cae7-f0a1-4851-a661-63d582d319d1: group-5D7F111F42E3 not found.
	at java.util.concurrent.FutureTask.report(FutureTask.java:122)
	at java.util.concurrent.FutureTask.get(FutureTask.java:192)
	at org.apache.ratis.server.impl.LeaderElection.waitForResults(LeaderElection.java:259)
	at org.apache.ratis.server.impl.LeaderElection.askForVotes(LeaderElection.java:197)
	at org.apache.ratis.server.impl.LeaderElection.run(LeaderElection.java:133)
	at java.lang.Thread.run(Thread.java:748)
Caused by: org.apache.ratis.thirdparty.io.grpc.StatusRuntimeException: INTERNAL: cab3cae7-f0a1-4851-a661-63d582d319d1: group-5D7F111F42E3 not found.
	at org.apache.ratis.thirdparty.io.grpc.stub.ClientCalls.toStatusRuntimeException(ClientCalls.java:233)
	at org.apache.ratis.thirdparty.io.grpc.stub.ClientCalls.getUnchecked(ClientCalls.java:214)
	at org.apache.ratis.thirdparty.io.grpc.stub.ClientCalls.blockingUnaryCall(ClientCalls.java:139)
	at org.apache.ratis.proto.grpc.RaftServerProtocolServiceGrpc$RaftServerProtocolServiceBlockingStub.requestVote(RaftServerProtocolServiceGrpc.java:265)
	at org.apache.ratis.grpc.server.GrpcServerProtocolClient.requestVote(GrpcServerProtocolClient.java:99)
	at org.apache.ratis.grpc.server.GrpcService.requestVote(GrpcService.java:204)
	at org.apache.ratis.server.impl.LeaderElection.lambda$submitRequests$1(LeaderElection.java:234)
	at java.util.concurrent.FutureTask.run(FutureTask.java:266)
	at java.util.concurrent.Executors$RunnableAdapter.call(Executors.java:511)
	at java.util.concurrent.FutureTask.run(FutureTask.java:266)
	at java.util.concurrent.ThreadPoolExecutor.runWorker(ThreadPoolExecutor.java:1149)
	at java.util.concurrent.ThreadPoolExecutor$Worker.run(ThreadPoolExecutor.java:624)
	... 1 more
2019-10-13 20:34:23,721 [c6676a3b-9238-484a-870a-e78b36fd6b90@group-5D7F111F42E3-LeaderElection42] INFO  impl.LeaderElection (LogUtils.java:infoOrTrace(149)) -   Exception 1: {}
java.util.concurrent.ExecutionException: org.apache.ratis.thirdparty.io.grpc.StatusRuntimeException: INTERNAL: 787c3207-a753-429a-a612-e3ac99d17bc9: group-5D7F111F42E3 not found.
	at java.util.concurrent.FutureTask.report(FutureTask.java:122)
	at java.util.concurrent.FutureTask.get(FutureTask.java:192)
	at org.apache.ratis.server.impl.LeaderElection.waitForResults(LeaderElection.java:259)
	at org.apache.ratis.server.impl.LeaderElection.askForVotes(LeaderElection.java:197)
	at org.apache.ratis.server.impl.LeaderElection.run(LeaderElection.java:133)
	at java.lang.Thread.run(Thread.java:748)
Caused by: org.apache.ratis.thirdparty.io.grpc.StatusRuntimeException: INTERNAL: 787c3207-a753-429a-a612-e3ac99d17bc9: group-5D7F111F42E3 not found.
	at org.apache.ratis.thirdparty.io.grpc.stub.ClientCalls.toStatusRuntimeException(ClientCalls.java:233)
	at org.apache.ratis.thirdparty.io.grpc.stub.ClientCalls.getUnchecked(ClientCalls.java:214)
	at org.apache.ratis.thirdparty.io.grpc.stub.ClientCalls.blockingUnaryCall(ClientCalls.java:139)
	at org.apache.ratis.proto.grpc.RaftServerProtocolServiceGrpc$RaftServerProtocolServiceBlockingStub.requestVote(RaftServerProtocolServiceGrpc.java:265)
	at org.apache.ratis.grpc.server.GrpcServerProtocolClient.requestVote(GrpcServerProtocolClient.java:99)
	at org.apache.ratis.grpc.server.GrpcService.requestVote(GrpcService.java:204)
	at org.apache.ratis.server.impl.LeaderElection.lambda$submitRequests$1(LeaderElection.java:234)
	at java.util.concurrent.FutureTask.run(FutureTask.java:266)
	at java.util.concurrent.Executors$RunnableAdapter.call(Executors.java:511)
	at java.util.concurrent.FutureTask.run(FutureTask.java:266)
	at java.util.concurrent.ThreadPoolExecutor.runWorker(ThreadPoolExecutor.java:1149)
	at java.util.concurrent.ThreadPoolExecutor$Worker.run(ThreadPoolExecutor.java:624)
	... 1 more
2019-10-13 20:34:23,722 [c6676a3b-9238-484a-870a-e78b36fd6b90@group-5D7F111F42E3-LeaderElection42] INFO  impl.RaftServerImpl (RaftServerImpl.java:setRole(170)) - c6676a3b-9238-484a-870a-e78b36fd6b90@group-5D7F111F42E3: changes role from CANDIDATE to FOLLOWER at term 10 for DISCOVERED_A_NEW_TERM
2019-10-13 20:34:23,722 [c6676a3b-9238-484a-870a-e78b36fd6b90@group-5D7F111F42E3-LeaderElection42] INFO  impl.RoleInfo (RoleInfo.java:shutdownLeaderElection(134)) - c6676a3b-9238-484a-870a-e78b36fd6b90: shutdown LeaderElection
2019-10-13 20:34:23,722 [c6676a3b-9238-484a-870a-e78b36fd6b90@group-5D7F111F42E3-LeaderElection42] INFO  impl.RoleInfo (RoleInfo.java:updateAndGet(143)) - c6676a3b-9238-484a-870a-e78b36fd6b90: start FollowerState
2019-10-13 20:34:23,819 [java.util.concurrent.ThreadPoolExecutor$Worker@dbb1acd[State = -1, empty queue]] WARN  server.GrpcLogAppender (GrpcLogAppender.java:timeoutAppendRequest(200)) - c6676a3b-9238-484a-870a-e78b36fd6b90@group-CCF72240D914->cab3cae7-f0a1-4851-a661-63d582d319d1-GrpcLogAppender: appendEntries Timeout, request=c6676a3b-9238-484a-870a-e78b36fd6b90->cab3cae7-f0a1-4851-a661-63d582d319d1#97-t6, previous=(t:6, i:2), leaderCommit=2, initializing? false, entries: <empty>
2019-10-13 20:34:23,944 [java.util.concurrent.ThreadPoolExecutor$Worker@29c7306b[State = -1, empty queue]] WARN  server.GrpcLogAppender (GrpcLogAppender.java:timeoutAppendRequest(200)) - a62c5862-2413-45e1-a25a-271607b15565@group-C88106EEEC90->cab3cae7-f0a1-4851-a661-63d582d319d1-GrpcLogAppender: appendEntries Timeout, request=a62c5862-2413-45e1-a25a-271607b15565->cab3cae7-f0a1-4851-a661-63d582d319d1#108-t5, previous=(t:5, i:0), leaderCommit=0, initializing? false, entries: <empty>
2019-10-13 20:34:23,956 [java.util.concurrent.ThreadPoolExecutor$Worker@4c9c17fc[State = -1, empty queue]] WARN  server.GrpcLogAppender (GrpcLogAppender.java:timeoutAppendRequest(200)) - c6676a3b-9238-484a-870a-e78b36fd6b90@group-CCF72240D914->787c3207-a753-429a-a612-e3ac99d17bc9-GrpcLogAppender: appendEntries Timeout, request=c6676a3b-9238-484a-870a-e78b36fd6b90->787c3207-a753-429a-a612-e3ac99d17bc9#96-t6, previous=(t:6, i:2), leaderCommit=2, initializing? false, entries: <empty>
2019-10-13 20:34:24,110 [java.util.concurrent.ThreadPoolExecutor$Worker@2baf159d[State = -1, empty queue]] WARN  server.GrpcLogAppender (GrpcLogAppender.java:timeoutAppendRequest(200)) - a62c5862-2413-45e1-a25a-271607b15565@group-C88106EEEC90->787c3207-a753-429a-a612-e3ac99d17bc9-GrpcLogAppender: appendEntries Timeout, request=a62c5862-2413-45e1-a25a-271607b15565->787c3207-a753-429a-a612-e3ac99d17bc9#108-t5, previous=(t:5, i:0), leaderCommit=0, initializing? false, entries: <empty>
2019-10-13 20:34:24,320 [java.util.concurrent.ThreadPoolExecutor$Worker@dbb1acd[State = -1, empty queue]] WARN  server.GrpcLogAppender (GrpcLogAppender.java:timeoutAppendRequest(200)) - c6676a3b-9238-484a-870a-e78b36fd6b90@group-CCF72240D914->cab3cae7-f0a1-4851-a661-63d582d319d1-GrpcLogAppender: appendEntries Timeout, request=c6676a3b-9238-484a-870a-e78b36fd6b90->cab3cae7-f0a1-4851-a661-63d582d319d1#98-t6, previous=(t:6, i:2), leaderCommit=2, initializing? false, entries: <empty>
2019-10-13 20:34:24,444 [java.util.concurrent.ThreadPoolExecutor$Worker@29c7306b[State = -1, empty queue]] WARN  server.GrpcLogAppender (GrpcLogAppender.java:timeoutAppendRequest(200)) - a62c5862-2413-45e1-a25a-271607b15565@group-C88106EEEC90->cab3cae7-f0a1-4851-a661-63d582d319d1-GrpcLogAppender: appendEntries Timeout, request=a62c5862-2413-45e1-a25a-271607b15565->cab3cae7-f0a1-4851-a661-63d582d319d1#109-t5, previous=(t:5, i:0), leaderCommit=0, initializing? false, entries: <empty>
2019-10-13 20:34:24,456 [java.util.concurrent.ThreadPoolExecutor$Worker@4c9c17fc[State = -1, empty queue]] WARN  server.GrpcLogAppender (GrpcLogAppender.java:timeoutAppendRequest(200)) - c6676a3b-9238-484a-870a-e78b36fd6b90@group-CCF72240D914->787c3207-a753-429a-a612-e3ac99d17bc9-GrpcLogAppender: appendEntries Timeout, request=c6676a3b-9238-484a-870a-e78b36fd6b90->787c3207-a753-429a-a612-e3ac99d17bc9#97-t6, previous=(t:6, i:2), leaderCommit=2, initializing? false, entries: <empty>
2019-10-13 20:34:24,611 [java.util.concurrent.ThreadPoolExecutor$Worker@2baf159d[State = -1, empty queue]] WARN  server.GrpcLogAppender (GrpcLogAppender.java:timeoutAppendRequest(200)) - a62c5862-2413-45e1-a25a-271607b15565@group-C88106EEEC90->787c3207-a753-429a-a612-e3ac99d17bc9-GrpcLogAppender: appendEntries Timeout, request=a62c5862-2413-45e1-a25a-271607b15565->787c3207-a753-429a-a612-e3ac99d17bc9#109-t5, previous=(t:5, i:0), leaderCommit=0, initializing? false, entries: <empty>
2019-10-13 20:34:24,820 [java.util.concurrent.ThreadPoolExecutor$Worker@dbb1acd[State = -1, empty queue]] WARN  server.GrpcLogAppender (GrpcLogAppender.java:timeoutAppendRequest(200)) - c6676a3b-9238-484a-870a-e78b36fd6b90@group-CCF72240D914->cab3cae7-f0a1-4851-a661-63d582d319d1-GrpcLogAppender: appendEntries Timeout, request=c6676a3b-9238-484a-870a-e78b36fd6b90->cab3cae7-f0a1-4851-a661-63d582d319d1#99-t6, previous=(t:6, i:2), leaderCommit=2, initializing? false, entries: <empty>
2019-10-13 20:34:24,829 [Thread-1605] INFO  impl.FollowerState (FollowerState.java:run(108)) - c6676a3b-9238-484a-870a-e78b36fd6b90@group-5D7F111F42E3-FollowerState: change to CANDIDATE, lastRpcTime:1107ms, electionTimeout:1102ms
2019-10-13 20:34:24,830 [Thread-1605] INFO  impl.RoleInfo (RoleInfo.java:shutdownFollowerState(121)) - c6676a3b-9238-484a-870a-e78b36fd6b90: shutdown FollowerState
2019-10-13 20:34:24,830 [Thread-1605] INFO  impl.RaftServerImpl (RaftServerImpl.java:setRole(170)) - c6676a3b-9238-484a-870a-e78b36fd6b90@group-5D7F111F42E3: changes role from  FOLLOWER to CANDIDATE at term 10 for changeToCandidate
2019-10-13 20:34:24,830 [Thread-1605] INFO  impl.RoleInfo (RoleInfo.java:updateAndGet(143)) - c6676a3b-9238-484a-870a-e78b36fd6b90: start LeaderElection
2019-10-13 20:34:24,844 [c6676a3b-9238-484a-870a-e78b36fd6b90@group-5D7F111F42E3-LeaderElection43] INFO  impl.LeaderElection (LeaderElection.java:askForVotes(178)) - c6676a3b-9238-484a-870a-e78b36fd6b90@group-5D7F111F42E3-LeaderElection43: begin an election at term 11 for 0: [cab3cae7-f0a1-4851-a661-63d582d319d1:192.168.157.224:38398, 787c3207-a753-429a-a612-e3ac99d17bc9:192.168.157.224:45659, c6676a3b-9238-484a-870a-e78b36fd6b90:192.168.157.224:37064], old=null
2019-10-13 20:34:24,846 [grpc-default-executor-4] WARN  server.GrpcServerProtocolService (LogUtils.java:warn(136)) - cab3cae7-f0a1-4851-a661-63d582d319d1: Failed requestVote c6676a3b-9238-484a-870a-e78b36fd6b90->cab3cae7-f0a1-4851-a661-63d582d319d1#0
org.apache.ratis.protocol.GroupMismatchException: cab3cae7-f0a1-4851-a661-63d582d319d1: group-5D7F111F42E3 not found.
	at org.apache.ratis.server.impl.RaftServerProxy$ImplMap.get(RaftServerProxy.java:122)
	at org.apache.ratis.server.impl.RaftServerProxy.getImplFuture(RaftServerProxy.java:269)
	at org.apache.ratis.server.impl.RaftServerProxy.getImpl(RaftServerProxy.java:278)
	at org.apache.ratis.server.impl.RaftServerProxy.getImpl(RaftServerProxy.java:273)
	at org.apache.ratis.server.impl.RaftServerProxy.requestVote(RaftServerProxy.java:443)
	at org.apache.ratis.grpc.server.GrpcServerProtocolService.requestVote(GrpcServerProtocolService.java:142)
	at org.apache.ratis.proto.grpc.RaftServerProtocolServiceGrpc$MethodHandlers.invoke(RaftServerProtocolServiceGrpc.java:319)
	at org.apache.ratis.thirdparty.io.grpc.stub.ServerCalls$UnaryServerCallHandler$UnaryServerCallListener.onHalfClose(ServerCalls.java:171)
	at org.apache.ratis.thirdparty.io.grpc.internal.ServerCallImpl$ServerStreamListenerImpl.halfClosed(ServerCallImpl.java:283)
	at org.apache.ratis.thirdparty.io.grpc.internal.ServerImpl$JumpToApplicationThreadServerStreamListener$1HalfClosed.runInContext(ServerImpl.java:710)
	at org.apache.ratis.thirdparty.io.grpc.internal.ContextRunnable.run(ContextRunnable.java:37)
	at org.apache.ratis.thirdparty.io.grpc.internal.SerializingExecutor.run(SerializingExecutor.java:123)
	at java.util.concurrent.ThreadPoolExecutor.runWorker(ThreadPoolExecutor.java:1149)
	at java.util.concurrent.ThreadPoolExecutor$Worker.run(ThreadPoolExecutor.java:624)
	at java.lang.Thread.run(Thread.java:748)
2019-10-13 20:34:24,846 [grpc-default-executor-3] WARN  server.GrpcServerProtocolService (LogUtils.java:warn(136)) - 787c3207-a753-429a-a612-e3ac99d17bc9: Failed requestVote c6676a3b-9238-484a-870a-e78b36fd6b90->787c3207-a753-429a-a612-e3ac99d17bc9#0
org.apache.ratis.protocol.GroupMismatchException: 787c3207-a753-429a-a612-e3ac99d17bc9: group-5D7F111F42E3 not found.
	at org.apache.ratis.server.impl.RaftServerProxy$ImplMap.get(RaftServerProxy.java:122)
	at org.apache.ratis.server.impl.RaftServerProxy.getImplFuture(RaftServerProxy.java:269)
	at org.apache.ratis.server.impl.RaftServerProxy.getImpl(RaftServerProxy.java:278)
	at org.apache.ratis.server.impl.RaftServerProxy.getImpl(RaftServerProxy.java:273)
	at org.apache.ratis.server.impl.RaftServerProxy.requestVote(RaftServerProxy.java:443)
	at org.apache.ratis.grpc.server.GrpcServerProtocolService.requestVote(GrpcServerProtocolService.java:142)
	at org.apache.ratis.proto.grpc.RaftServerProtocolServiceGrpc$MethodHandlers.invoke(RaftServerProtocolServiceGrpc.java:319)
	at org.apache.ratis.thirdparty.io.grpc.stub.ServerCalls$UnaryServerCallHandler$UnaryServerCallListener.onHalfClose(ServerCalls.java:171)
	at org.apache.ratis.thirdparty.io.grpc.internal.ServerCallImpl$ServerStreamListenerImpl.halfClosed(ServerCallImpl.java:283)
	at org.apache.ratis.thirdparty.io.grpc.internal.ServerImpl$JumpToApplicationThreadServerStreamListener$1HalfClosed.runInContext(ServerImpl.java:710)
	at org.apache.ratis.thirdparty.io.grpc.internal.ContextRunnable.run(ContextRunnable.java:37)
	at org.apache.ratis.thirdparty.io.grpc.internal.SerializingExecutor.run(SerializingExecutor.java:123)
	at java.util.concurrent.ThreadPoolExecutor.runWorker(ThreadPoolExecutor.java:1149)
	at java.util.concurrent.ThreadPoolExecutor$Worker.run(ThreadPoolExecutor.java:624)
	at java.lang.Thread.run(Thread.java:748)
2019-10-13 20:34:24,880 [c6676a3b-9238-484a-870a-e78b36fd6b90@group-5D7F111F42E3-LeaderElection43] INFO  impl.LeaderElection (LogUtils.java:infoOrTrace(149)) - c6676a3b-9238-484a-870a-e78b36fd6b90@group-5D7F111F42E3-LeaderElection43 got exception when requesting votes: {}
java.util.concurrent.ExecutionException: org.apache.ratis.thirdparty.io.grpc.StatusRuntimeException: INTERNAL: 787c3207-a753-429a-a612-e3ac99d17bc9: group-5D7F111F42E3 not found.
	at java.util.concurrent.FutureTask.report(FutureTask.java:122)
	at java.util.concurrent.FutureTask.get(FutureTask.java:192)
	at org.apache.ratis.server.impl.LeaderElection.waitForResults(LeaderElection.java:259)
	at org.apache.ratis.server.impl.LeaderElection.askForVotes(LeaderElection.java:197)
	at org.apache.ratis.server.impl.LeaderElection.run(LeaderElection.java:133)
	at java.lang.Thread.run(Thread.java:748)
Caused by: org.apache.ratis.thirdparty.io.grpc.StatusRuntimeException: INTERNAL: 787c3207-a753-429a-a612-e3ac99d17bc9: group-5D7F111F42E3 not found.
	at org.apache.ratis.thirdparty.io.grpc.stub.ClientCalls.toStatusRuntimeException(ClientCalls.java:233)
	at org.apache.ratis.thirdparty.io.grpc.stub.ClientCalls.getUnchecked(ClientCalls.java:214)
	at org.apache.ratis.thirdparty.io.grpc.stub.ClientCalls.blockingUnaryCall(ClientCalls.java:139)
	at org.apache.ratis.proto.grpc.RaftServerProtocolServiceGrpc$RaftServerProtocolServiceBlockingStub.requestVote(RaftServerProtocolServiceGrpc.java:265)
	at org.apache.ratis.grpc.server.GrpcServerProtocolClient.requestVote(GrpcServerProtocolClient.java:99)
	at org.apache.ratis.grpc.server.GrpcService.requestVote(GrpcService.java:204)
	at org.apache.ratis.server.impl.LeaderElection.lambda$submitRequests$1(LeaderElection.java:234)
	at java.util.concurrent.FutureTask.run(FutureTask.java:266)
	at java.util.concurrent.Executors$RunnableAdapter.call(Executors.java:511)
	at java.util.concurrent.FutureTask.run(FutureTask.java:266)
	at java.util.concurrent.ThreadPoolExecutor.runWorker(ThreadPoolExecutor.java:1149)
	at java.util.concurrent.ThreadPoolExecutor$Worker.run(ThreadPoolExecutor.java:624)
	... 1 more
2019-10-13 20:34:24,887 [c6676a3b-9238-484a-870a-e78b36fd6b90@group-5D7F111F42E3-LeaderElection43] INFO  impl.LeaderElection (LogUtils.java:infoOrTrace(149)) - c6676a3b-9238-484a-870a-e78b36fd6b90@group-5D7F111F42E3-LeaderElection43 got exception when requesting votes: {}
java.util.concurrent.ExecutionException: org.apache.ratis.thirdparty.io.grpc.StatusRuntimeException: INTERNAL: cab3cae7-f0a1-4851-a661-63d582d319d1: group-5D7F111F42E3 not found.
	at java.util.concurrent.FutureTask.report(FutureTask.java:122)
	at java.util.concurrent.FutureTask.get(FutureTask.java:192)
	at org.apache.ratis.server.impl.LeaderElection.waitForResults(LeaderElection.java:259)
	at org.apache.ratis.server.impl.LeaderElection.askForVotes(LeaderElection.java:197)
	at org.apache.ratis.server.impl.LeaderElection.run(LeaderElection.java:133)
	at java.lang.Thread.run(Thread.java:748)
Caused by: org.apache.ratis.thirdparty.io.grpc.StatusRuntimeException: INTERNAL: cab3cae7-f0a1-4851-a661-63d582d319d1: group-5D7F111F42E3 not found.
	at org.apache.ratis.thirdparty.io.grpc.stub.ClientCalls.toStatusRuntimeException(ClientCalls.java:233)
	at org.apache.ratis.thirdparty.io.grpc.stub.ClientCalls.getUnchecked(ClientCalls.java:214)
	at org.apache.ratis.thirdparty.io.grpc.stub.ClientCalls.blockingUnaryCall(ClientCalls.java:139)
	at org.apache.ratis.proto.grpc.RaftServerProtocolServiceGrpc$RaftServerProtocolServiceBlockingStub.requestVote(RaftServerProtocolServiceGrpc.java:265)
	at org.apache.ratis.grpc.server.GrpcServerProtocolClient.requestVote(GrpcServerProtocolClient.java:99)
	at org.apache.ratis.grpc.server.GrpcService.requestVote(GrpcService.java:204)
	at org.apache.ratis.server.impl.LeaderElection.lambda$submitRequests$1(LeaderElection.java:234)
	at java.util.concurrent.FutureTask.run(FutureTask.java:266)
	at java.util.concurrent.Executors$RunnableAdapter.call(Executors.java:511)
	at java.util.concurrent.FutureTask.run(FutureTask.java:266)
	at java.util.concurrent.ThreadPoolExecutor.runWorker(ThreadPoolExecutor.java:1149)
	at java.util.concurrent.ThreadPoolExecutor$Worker.run(ThreadPoolExecutor.java:624)
	... 1 more
2019-10-13 20:34:24,901 [c6676a3b-9238-484a-870a-e78b36fd6b90@group-5D7F111F42E3-LeaderElection43] INFO  impl.LeaderElection (LeaderElection.java:logAndReturn(56)) - c6676a3b-9238-484a-870a-e78b36fd6b90@group-5D7F111F42E3-LeaderElection43: Election REJECTED; received 0 response(s) [] and 2 exception(s); c6676a3b-9238-484a-870a-e78b36fd6b90@group-5D7F111F42E3:t11, leader=null, voted=c6676a3b-9238-484a-870a-e78b36fd6b90, raftlog=c6676a3b-9238-484a-870a-e78b36fd6b90@group-5D7F111F42E3-SegmentedRaftLog:OPENED:c0,f0,i0, conf=0: [cab3cae7-f0a1-4851-a661-63d582d319d1:192.168.157.224:38398, 787c3207-a753-429a-a612-e3ac99d17bc9:192.168.157.224:45659, c6676a3b-9238-484a-870a-e78b36fd6b90:192.168.157.224:37064], old=null
2019-10-13 20:34:24,901 [c6676a3b-9238-484a-870a-e78b36fd6b90@group-5D7F111F42E3-LeaderElection43] INFO  impl.LeaderElection (LogUtils.java:infoOrTrace(149)) -   Exception 0: {}
java.util.concurrent.ExecutionException: org.apache.ratis.thirdparty.io.grpc.StatusRuntimeException: INTERNAL: 787c3207-a753-429a-a612-e3ac99d17bc9: group-5D7F111F42E3 not found.
	at java.util.concurrent.FutureTask.report(FutureTask.java:122)
	at java.util.concurrent.FutureTask.get(FutureTask.java:192)
	at org.apache.ratis.server.impl.LeaderElection.waitForResults(LeaderElection.java:259)
	at org.apache.ratis.server.impl.LeaderElection.askForVotes(LeaderElection.java:197)
	at org.apache.ratis.server.impl.LeaderElection.run(LeaderElection.java:133)
	at java.lang.Thread.run(Thread.java:748)
Caused by: org.apache.ratis.thirdparty.io.grpc.StatusRuntimeException: INTERNAL: 787c3207-a753-429a-a612-e3ac99d17bc9: group-5D7F111F42E3 not found.
	at org.apache.ratis.thirdparty.io.grpc.stub.ClientCalls.toStatusRuntimeException(ClientCalls.java:233)
	at org.apache.ratis.thirdparty.io.grpc.stub.ClientCalls.getUnchecked(ClientCalls.java:214)
	at org.apache.ratis.thirdparty.io.grpc.stub.ClientCalls.blockingUnaryCall(ClientCalls.java:139)
	at org.apache.ratis.proto.grpc.RaftServerProtocolServiceGrpc$RaftServerProtocolServiceBlockingStub.requestVote(RaftServerProtocolServiceGrpc.java:265)
	at org.apache.ratis.grpc.server.GrpcServerProtocolClient.requestVote(GrpcServerProtocolClient.java:99)
	at org.apache.ratis.grpc.server.GrpcService.requestVote(GrpcService.java:204)
	at org.apache.ratis.server.impl.LeaderElection.lambda$submitRequests$1(LeaderElection.java:234)
	at java.util.concurrent.FutureTask.run(FutureTask.java:266)
	at java.util.concurrent.Executors$RunnableAdapter.call(Executors.java:511)
	at java.util.concurrent.FutureTask.run(FutureTask.java:266)
	at java.util.concurrent.ThreadPoolExecutor.runWorker(ThreadPoolExecutor.java:1149)
	at java.util.concurrent.ThreadPoolExecutor$Worker.run(ThreadPoolExecutor.java:624)
	... 1 more
2019-10-13 20:34:24,901 [c6676a3b-9238-484a-870a-e78b36fd6b90@group-5D7F111F42E3-LeaderElection43] INFO  impl.LeaderElection (LogUtils.java:infoOrTrace(149)) -   Exception 1: {}
java.util.concurrent.ExecutionException: org.apache.ratis.thirdparty.io.grpc.StatusRuntimeException: INTERNAL: cab3cae7-f0a1-4851-a661-63d582d319d1: group-5D7F111F42E3 not found.
	at java.util.concurrent.FutureTask.report(FutureTask.java:122)
	at java.util.concurrent.FutureTask.get(FutureTask.java:192)
	at org.apache.ratis.server.impl.LeaderElection.waitForResults(LeaderElection.java:259)
	at org.apache.ratis.server.impl.LeaderElection.askForVotes(LeaderElection.java:197)
	at org.apache.ratis.server.impl.LeaderElection.run(LeaderElection.java:133)
	at java.lang.Thread.run(Thread.java:748)
Caused by: org.apache.ratis.thirdparty.io.grpc.StatusRuntimeException: INTERNAL: cab3cae7-f0a1-4851-a661-63d582d319d1: group-5D7F111F42E3 not found.
	at org.apache.ratis.thirdparty.io.grpc.stub.ClientCalls.toStatusRuntimeException(ClientCalls.java:233)
	at org.apache.ratis.thirdparty.io.grpc.stub.ClientCalls.getUnchecked(ClientCalls.java:214)
	at org.apache.ratis.thirdparty.io.grpc.stub.ClientCalls.blockingUnaryCall(ClientCalls.java:139)
	at org.apache.ratis.proto.grpc.RaftServerProtocolServiceGrpc$RaftServerProtocolServiceBlockingStub.requestVote(RaftServerProtocolServiceGrpc.java:265)
	at org.apache.ratis.grpc.server.GrpcServerProtocolClient.requestVote(GrpcServerProtocolClient.java:99)
	at org.apache.ratis.grpc.server.GrpcService.requestVote(GrpcService.java:204)
	at org.apache.ratis.server.impl.LeaderElection.lambda$submitRequests$1(LeaderElection.java:234)
	at java.util.concurrent.FutureTask.run(FutureTask.java:266)
	at java.util.concurrent.Executors$RunnableAdapter.call(Executors.java:511)
	at java.util.concurrent.FutureTask.run(FutureTask.java:266)
	at java.util.concurrent.ThreadPoolExecutor.runWorker(ThreadPoolExecutor.java:1149)
	at java.util.concurrent.ThreadPoolExecutor$Worker.run(ThreadPoolExecutor.java:624)
	... 1 more
2019-10-13 20:34:24,902 [c6676a3b-9238-484a-870a-e78b36fd6b90@group-5D7F111F42E3-LeaderElection43] INFO  impl.RaftServerImpl (RaftServerImpl.java:setRole(170)) - c6676a3b-9238-484a-870a-e78b36fd6b90@group-5D7F111F42E3: changes role from CANDIDATE to FOLLOWER at term 11 for DISCOVERED_A_NEW_TERM
2019-10-13 20:34:24,902 [c6676a3b-9238-484a-870a-e78b36fd6b90@group-5D7F111F42E3-LeaderElection43] INFO  impl.RoleInfo (RoleInfo.java:shutdownLeaderElection(134)) - c6676a3b-9238-484a-870a-e78b36fd6b90: shutdown LeaderElection
2019-10-13 20:34:24,902 [c6676a3b-9238-484a-870a-e78b36fd6b90@group-5D7F111F42E3-LeaderElection43] INFO  impl.RoleInfo (RoleInfo.java:updateAndGet(143)) - c6676a3b-9238-484a-870a-e78b36fd6b90: start FollowerState
2019-10-13 20:34:24,944 [java.util.concurrent.ThreadPoolExecutor$Worker@29c7306b[State = -1, empty queue]] WARN  server.GrpcLogAppender (GrpcLogAppender.java:timeoutAppendRequest(200)) - a62c5862-2413-45e1-a25a-271607b15565@group-C88106EEEC90->cab3cae7-f0a1-4851-a661-63d582d319d1-GrpcLogAppender: appendEntries Timeout, request=a62c5862-2413-45e1-a25a-271607b15565->cab3cae7-f0a1-4851-a661-63d582d319d1#110-t5, previous=(t:5, i:0), leaderCommit=0, initializing? false, entries: <empty>
2019-10-13 20:34:24,956 [java.util.concurrent.ThreadPoolExecutor$Worker@4c9c17fc[State = -1, empty queue]] WARN  server.GrpcLogAppender (GrpcLogAppender.java:timeoutAppendRequest(200)) - c6676a3b-9238-484a-870a-e78b36fd6b90@group-CCF72240D914->787c3207-a753-429a-a612-e3ac99d17bc9-GrpcLogAppender: appendEntries Timeout, request=c6676a3b-9238-484a-870a-e78b36fd6b90->787c3207-a753-429a-a612-e3ac99d17bc9#98-t6, previous=(t:6, i:2), leaderCommit=2, initializing? false, entries: <empty>
2019-10-13 20:34:25,111 [java.util.concurrent.ThreadPoolExecutor$Worker@2baf159d[State = -1, empty queue]] WARN  server.GrpcLogAppender (GrpcLogAppender.java:timeoutAppendRequest(200)) - a62c5862-2413-45e1-a25a-271607b15565@group-C88106EEEC90->787c3207-a753-429a-a612-e3ac99d17bc9-GrpcLogAppender: appendEntries Timeout, request=a62c5862-2413-45e1-a25a-271607b15565->787c3207-a753-429a-a612-e3ac99d17bc9#110-t5, previous=(t:5, i:0), leaderCommit=0, initializing? false, entries: <empty>
2019-10-13 20:34:25,224 [Thread-1550] INFO  impl.FollowerState (FollowerState.java:run(108)) - 3194ff55-4fd6-4b20-b65d-8d8726a38cdd@group-D531EFA7F09A-FollowerState: change to CANDIDATE, lastRpcTime:5061ms, electionTimeout:5061ms
2019-10-13 20:34:25,224 [Thread-1550] INFO  impl.RoleInfo (RoleInfo.java:shutdownFollowerState(121)) - 3194ff55-4fd6-4b20-b65d-8d8726a38cdd: shutdown FollowerState
2019-10-13 20:34:25,224 [Thread-1550] INFO  impl.RaftServerImpl (RaftServerImpl.java:setRole(170)) - 3194ff55-4fd6-4b20-b65d-8d8726a38cdd@group-D531EFA7F09A: changes role from  FOLLOWER to CANDIDATE at term 0 for changeToCandidate
2019-10-13 20:34:25,224 [Thread-1550] INFO  impl.RoleInfo (RoleInfo.java:updateAndGet(143)) - 3194ff55-4fd6-4b20-b65d-8d8726a38cdd: start LeaderElection
2019-10-13 20:34:25,225 [Thread-1547] INFO  impl.FollowerState (FollowerState.java:run(108)) - 25fb0338-209f-4f69-825b-6b7257c56b18@group-640584C8F1FE-FollowerState: change to CANDIDATE, lastRpcTime:5138ms, electionTimeout:5138ms
2019-10-13 20:34:25,225 [Thread-1547] INFO  impl.RoleInfo (RoleInfo.java:shutdownFollowerState(121)) - 25fb0338-209f-4f69-825b-6b7257c56b18: shutdown FollowerState
2019-10-13 20:34:25,235 [Thread-1547] INFO  impl.RaftServerImpl (RaftServerImpl.java:setRole(170)) - 25fb0338-209f-4f69-825b-6b7257c56b18@group-640584C8F1FE: changes role from  FOLLOWER to CANDIDATE at term 0 for changeToCandidate
2019-10-13 20:34:25,235 [Thread-1547] INFO  impl.RoleInfo (RoleInfo.java:updateAndGet(143)) - 25fb0338-209f-4f69-825b-6b7257c56b18: start LeaderElection
2019-10-13 20:34:25,256 [25fb0338-209f-4f69-825b-6b7257c56b18@group-640584C8F1FE-LeaderElection45] INFO  impl.LeaderElection (LeaderElection.java:askForVotes(178)) - 25fb0338-209f-4f69-825b-6b7257c56b18@group-640584C8F1FE-LeaderElection45: begin an election at term 1 for -1: [25fb0338-209f-4f69-825b-6b7257c56b18:192.168.157.224:45372], old=null
2019-10-13 20:34:25,256 [3194ff55-4fd6-4b20-b65d-8d8726a38cdd@group-D531EFA7F09A-LeaderElection44] INFO  impl.LeaderElection (LeaderElection.java:askForVotes(178)) - 3194ff55-4fd6-4b20-b65d-8d8726a38cdd@group-D531EFA7F09A-LeaderElection44: begin an election at term 1 for -1: [3194ff55-4fd6-4b20-b65d-8d8726a38cdd:192.168.157.224:45249], old=null
2019-10-13 20:34:25,257 [25fb0338-209f-4f69-825b-6b7257c56b18@group-640584C8F1FE-LeaderElection45] INFO  impl.RoleInfo (RoleInfo.java:shutdownLeaderElection(134)) - 25fb0338-209f-4f69-825b-6b7257c56b18: shutdown LeaderElection
2019-10-13 20:34:25,257 [3194ff55-4fd6-4b20-b65d-8d8726a38cdd@group-D531EFA7F09A-LeaderElection44] INFO  impl.RoleInfo (RoleInfo.java:shutdownLeaderElection(134)) - 3194ff55-4fd6-4b20-b65d-8d8726a38cdd: shutdown LeaderElection
2019-10-13 20:34:25,257 [25fb0338-209f-4f69-825b-6b7257c56b18@group-640584C8F1FE-LeaderElection45] INFO  impl.RaftServerImpl (RaftServerImpl.java:setRole(170)) - 25fb0338-209f-4f69-825b-6b7257c56b18@group-640584C8F1FE: changes role from CANDIDATE to LEADER at term 1 for changeToLeader
2019-10-13 20:34:25,257 [3194ff55-4fd6-4b20-b65d-8d8726a38cdd@group-D531EFA7F09A-LeaderElection44] INFO  impl.RaftServerImpl (RaftServerImpl.java:setRole(170)) - 3194ff55-4fd6-4b20-b65d-8d8726a38cdd@group-D531EFA7F09A: changes role from CANDIDATE to LEADER at term 1 for changeToLeader
2019-10-13 20:34:25,257 [3194ff55-4fd6-4b20-b65d-8d8726a38cdd@group-D531EFA7F09A-LeaderElection44] INFO  impl.RaftServerImpl (ServerState.java:setLeader(255)) - 3194ff55-4fd6-4b20-b65d-8d8726a38cdd@group-D531EFA7F09A: change Leader from null to 3194ff55-4fd6-4b20-b65d-8d8726a38cdd at term 1 for becomeLeader, leader elected after 5109ms
2019-10-13 20:34:25,257 [25fb0338-209f-4f69-825b-6b7257c56b18@group-640584C8F1FE-LeaderElection45] INFO  impl.RaftServerImpl (ServerState.java:setLeader(255)) - 25fb0338-209f-4f69-825b-6b7257c56b18@group-640584C8F1FE: change Leader from null to 25fb0338-209f-4f69-825b-6b7257c56b18 at term 1 for becomeLeader, leader elected after 5178ms
2019-10-13 20:34:25,258 [3194ff55-4fd6-4b20-b65d-8d8726a38cdd@group-D531EFA7F09A-LeaderElection44] INFO  server.RaftServerConfigKeys (ConfUtils.java:logGet(43)) - raft.server.staging.catchup.gap = 1000 (default)
2019-10-13 20:34:25,258 [25fb0338-209f-4f69-825b-6b7257c56b18@group-640584C8F1FE-LeaderElection45] INFO  server.RaftServerConfigKeys (ConfUtils.java:logGet(43)) - raft.server.staging.catchup.gap = 1000 (default)
2019-10-13 20:34:25,258 [3194ff55-4fd6-4b20-b65d-8d8726a38cdd@group-D531EFA7F09A-LeaderElection44] INFO  server.RaftServerConfigKeys (ConfUtils.java:logGet(43)) - raft.server.rpc.sleep.time = 25ms (default)
2019-10-13 20:34:25,258 [25fb0338-209f-4f69-825b-6b7257c56b18@group-640584C8F1FE-LeaderElection45] INFO  server.RaftServerConfigKeys (ConfUtils.java:logGet(43)) - raft.server.rpc.sleep.time = 25ms (default)
2019-10-13 20:34:25,258 [3194ff55-4fd6-4b20-b65d-8d8726a38cdd@group-D531EFA7F09A-LeaderElection44] INFO  server.RaftServerConfigKeys (ConfUtils.java:logGet(43)) - raft.server.write.element-limit = 4096 (default)
2019-10-13 20:34:25,258 [25fb0338-209f-4f69-825b-6b7257c56b18@group-640584C8F1FE-LeaderElection45] INFO  server.RaftServerConfigKeys (ConfUtils.java:logGet(43)) - raft.server.write.element-limit = 4096 (default)
2019-10-13 20:34:25,259 [3194ff55-4fd6-4b20-b65d-8d8726a38cdd@group-D531EFA7F09A-LeaderElection44] INFO  server.RaftServerConfigKeys (ConfUtils.java:logGet(43)) - raft.server.watch.timeout = 10s (default)
2019-10-13 20:34:25,259 [25fb0338-209f-4f69-825b-6b7257c56b18@group-640584C8F1FE-LeaderElection45] INFO  server.RaftServerConfigKeys (ConfUtils.java:logGet(43)) - raft.server.watch.timeout = 10s (default)
2019-10-13 20:34:25,259 [3194ff55-4fd6-4b20-b65d-8d8726a38cdd@group-D531EFA7F09A-LeaderElection44] INFO  server.RaftServerConfigKeys (ConfUtils.java:logGet(43)) - raft.server.watch.timeout.denomination = 1s (default)
2019-10-13 20:34:25,259 [25fb0338-209f-4f69-825b-6b7257c56b18@group-640584C8F1FE-LeaderElection45] INFO  server.RaftServerConfigKeys (ConfUtils.java:logGet(43)) - raft.server.watch.timeout.denomination = 1s (default)
2019-10-13 20:34:25,259 [3194ff55-4fd6-4b20-b65d-8d8726a38cdd@group-D531EFA7F09A-LeaderElection44] INFO  server.RaftServerConfigKeys (ConfUtils.java:logGet(43)) - raft.server.watch.element-limit = 65536 (default)
2019-10-13 20:34:25,259 [25fb0338-209f-4f69-825b-6b7257c56b18@group-640584C8F1FE-LeaderElection45] INFO  server.RaftServerConfigKeys (ConfUtils.java:logGet(43)) - raft.server.watch.element-limit = 65536 (default)
2019-10-13 20:34:25,264 [3194ff55-4fd6-4b20-b65d-8d8726a38cdd@group-D531EFA7F09A-LeaderElection44] INFO  impl.RoleInfo (RoleInfo.java:updateAndGet(143)) - 3194ff55-4fd6-4b20-b65d-8d8726a38cdd: start LeaderState
2019-10-13 20:34:25,264 [25fb0338-209f-4f69-825b-6b7257c56b18@group-640584C8F1FE-LeaderElection45] INFO  impl.RoleInfo (RoleInfo.java:updateAndGet(143)) - 25fb0338-209f-4f69-825b-6b7257c56b18: start LeaderState
2019-10-13 20:34:25,264 [25fb0338-209f-4f69-825b-6b7257c56b18@group-640584C8F1FE-LeaderElection45] INFO  segmented.SegmentedRaftLogWorker (SegmentedRaftLogWorker.java:startLogSegment(385)) - 25fb0338-209f-4f69-825b-6b7257c56b18@group-640584C8F1FE-SegmentedRaftLogWorker: Starting segment from index:0
2019-10-13 20:34:25,264 [3194ff55-4fd6-4b20-b65d-8d8726a38cdd@group-D531EFA7F09A-LeaderElection44] INFO  segmented.SegmentedRaftLogWorker (SegmentedRaftLogWorker.java:startLogSegment(385)) - 3194ff55-4fd6-4b20-b65d-8d8726a38cdd@group-D531EFA7F09A-SegmentedRaftLogWorker: Starting segment from index:0
2019-10-13 20:34:25,265 [25fb0338-209f-4f69-825b-6b7257c56b18@group-640584C8F1FE-LeaderElection45] INFO  impl.RaftServerImpl (ServerState.java:setRaftConf(356)) - 25fb0338-209f-4f69-825b-6b7257c56b18@group-640584C8F1FE: set configuration 0: [25fb0338-209f-4f69-825b-6b7257c56b18:192.168.157.224:45372], old=null at 0
2019-10-13 20:34:25,265 [3194ff55-4fd6-4b20-b65d-8d8726a38cdd@group-D531EFA7F09A-LeaderElection44] INFO  impl.RaftServerImpl (ServerState.java:setRaftConf(356)) - 3194ff55-4fd6-4b20-b65d-8d8726a38cdd@group-D531EFA7F09A: set configuration 0: [3194ff55-4fd6-4b20-b65d-8d8726a38cdd:192.168.157.224:45249], old=null at 0
2019-10-13 20:34:25,291 [Thread-1557] INFO  impl.FollowerState (FollowerState.java:run(108)) - aadf9f79-694c-46a6-b55c-827d59c43739@group-131DB5B40DA7-FollowerState: change to CANDIDATE, lastRpcTime:5016ms, electionTimeout:5016ms
2019-10-13 20:34:25,292 [Thread-1557] INFO  impl.RoleInfo (RoleInfo.java:shutdownFollowerState(121)) - aadf9f79-694c-46a6-b55c-827d59c43739: shutdown FollowerState
2019-10-13 20:34:25,292 [Thread-1557] INFO  impl.RaftServerImpl (RaftServerImpl.java:setRole(170)) - aadf9f79-694c-46a6-b55c-827d59c43739@group-131DB5B40DA7: changes role from  FOLLOWER to CANDIDATE at term 0 for changeToCandidate
2019-10-13 20:34:25,292 [Thread-1557] INFO  impl.RoleInfo (RoleInfo.java:updateAndGet(143)) - aadf9f79-694c-46a6-b55c-827d59c43739: start LeaderElection
2019-10-13 20:34:25,320 [java.util.concurrent.ThreadPoolExecutor$Worker@dbb1acd[State = -1, empty queue]] WARN  server.GrpcLogAppender (GrpcLogAppender.java:timeoutAppendRequest(200)) - c6676a3b-9238-484a-870a-e78b36fd6b90@group-CCF72240D914->cab3cae7-f0a1-4851-a661-63d582d319d1-GrpcLogAppender: appendEntries Timeout, request=c6676a3b-9238-484a-870a-e78b36fd6b90->cab3cae7-f0a1-4851-a661-63d582d319d1#100-t6, previous=(t:6, i:2), leaderCommit=2, initializing? false, entries: <empty>
2019-10-13 20:34:25,332 [3194ff55-4fd6-4b20-b65d-8d8726a38cdd@group-D531EFA7F09A-SegmentedRaftLogWorker] INFO  segmented.SegmentedRaftLogWorker (SegmentedRaftLogWorker.java:execute(574)) - 3194ff55-4fd6-4b20-b65d-8d8726a38cdd@group-D531EFA7F09A-SegmentedRaftLogWorker: created new log segment /workdir/hadoop-ozone/integration-test/target/test-dir/MiniOzoneClusterImpl-e735d883-6d8e-4d30-a8f4-26865d39708e/datanode-1/data/ratis/e55aa385-259f-4866-8e8a-d531efa7f09a/current/log_inprogress_0
2019-10-13 20:34:25,332 [aadf9f79-694c-46a6-b55c-827d59c43739@group-131DB5B40DA7-LeaderElection46] INFO  impl.LeaderElection (LeaderElection.java:askForVotes(178)) - aadf9f79-694c-46a6-b55c-827d59c43739@group-131DB5B40DA7-LeaderElection46: begin an election at term 1 for -1: [aadf9f79-694c-46a6-b55c-827d59c43739:192.168.157.224:36251], old=null
2019-10-13 20:34:25,332 [25fb0338-209f-4f69-825b-6b7257c56b18@group-640584C8F1FE-SegmentedRaftLogWorker] INFO  segmented.SegmentedRaftLogWorker (SegmentedRaftLogWorker.java:execute(574)) - 25fb0338-209f-4f69-825b-6b7257c56b18@group-640584C8F1FE-SegmentedRaftLogWorker: created new log segment /workdir/hadoop-ozone/integration-test/target/test-dir/MiniOzoneClusterImpl-e735d883-6d8e-4d30-a8f4-26865d39708e/datanode-0/data/ratis/eb44b453-fd2e-463e-9fca-640584c8f1fe/current/log_inprogress_0
2019-10-13 20:34:25,332 [aadf9f79-694c-46a6-b55c-827d59c43739@group-131DB5B40DA7-LeaderElection46] INFO  impl.RoleInfo (RoleInfo.java:shutdownLeaderElection(134)) - aadf9f79-694c-46a6-b55c-827d59c43739: shutdown LeaderElection
2019-10-13 20:34:25,333 [aadf9f79-694c-46a6-b55c-827d59c43739@group-131DB5B40DA7-LeaderElection46] INFO  impl.RaftServerImpl (RaftServerImpl.java:setRole(170)) - aadf9f79-694c-46a6-b55c-827d59c43739@group-131DB5B40DA7: changes role from CANDIDATE to LEADER at term 1 for changeToLeader
2019-10-13 20:34:25,333 [aadf9f79-694c-46a6-b55c-827d59c43739@group-131DB5B40DA7-LeaderElection46] INFO  impl.RaftServerImpl (ServerState.java:setLeader(255)) - aadf9f79-694c-46a6-b55c-827d59c43739@group-131DB5B40DA7: change Leader from null to aadf9f79-694c-46a6-b55c-827d59c43739 at term 1 for becomeLeader, leader elected after 5067ms
2019-10-13 20:34:25,333 [aadf9f79-694c-46a6-b55c-827d59c43739@group-131DB5B40DA7-LeaderElection46] INFO  server.RaftServerConfigKeys (ConfUtils.java:logGet(43)) - raft.server.staging.catchup.gap = 1000 (default)
2019-10-13 20:34:25,333 [aadf9f79-694c-46a6-b55c-827d59c43739@group-131DB5B40DA7-LeaderElection46] INFO  server.RaftServerConfigKeys (ConfUtils.java:logGet(43)) - raft.server.rpc.sleep.time = 25ms (default)
2019-10-13 20:34:25,333 [aadf9f79-694c-46a6-b55c-827d59c43739@group-131DB5B40DA7-LeaderElection46] INFO  server.RaftServerConfigKeys (ConfUtils.java:logGet(43)) - raft.server.write.element-limit = 4096 (default)
2019-10-13 20:34:25,334 [aadf9f79-694c-46a6-b55c-827d59c43739@group-131DB5B40DA7-LeaderElection46] INFO  server.RaftServerConfigKeys (ConfUtils.java:logGet(43)) - raft.server.watch.timeout = 10s (default)
2019-10-13 20:34:25,334 [aadf9f79-694c-46a6-b55c-827d59c43739@group-131DB5B40DA7-LeaderElection46] INFO  server.RaftServerConfigKeys (ConfUtils.java:logGet(43)) - raft.server.watch.timeout.denomination = 1s (default)
2019-10-13 20:34:25,334 [aadf9f79-694c-46a6-b55c-827d59c43739@group-131DB5B40DA7-LeaderElection46] INFO  server.RaftServerConfigKeys (ConfUtils.java:logGet(43)) - raft.server.watch.element-limit = 65536 (default)
2019-10-13 20:34:25,336 [aadf9f79-694c-46a6-b55c-827d59c43739@group-131DB5B40DA7-LeaderElection46] INFO  impl.RoleInfo (RoleInfo.java:updateAndGet(143)) - aadf9f79-694c-46a6-b55c-827d59c43739: start LeaderState
2019-10-13 20:34:25,336 [aadf9f79-694c-46a6-b55c-827d59c43739@group-131DB5B40DA7-LeaderElection46] INFO  segmented.SegmentedRaftLogWorker (SegmentedRaftLogWorker.java:startLogSegment(385)) - aadf9f79-694c-46a6-b55c-827d59c43739@group-131DB5B40DA7-SegmentedRaftLogWorker: Starting segment from index:0
2019-10-13 20:34:25,337 [aadf9f79-694c-46a6-b55c-827d59c43739@group-131DB5B40DA7-LeaderElection46] INFO  impl.RaftServerImpl (ServerState.java:setRaftConf(356)) - aadf9f79-694c-46a6-b55c-827d59c43739@group-131DB5B40DA7: set configuration 0: [aadf9f79-694c-46a6-b55c-827d59c43739:192.168.157.224:36251], old=null at 0
2019-10-13 20:34:25,381 [Thread-1563] INFO  impl.FollowerState (FollowerState.java:run(108)) - 3194ff55-4fd6-4b20-b65d-8d8726a38cdd@group-0BB7D473782A-FollowerState: change to CANDIDATE, lastRpcTime:5042ms, electionTimeout:5042ms
2019-10-13 20:34:25,381 [Thread-1563] INFO  impl.RoleInfo (RoleInfo.java:shutdownFollowerState(121)) - 3194ff55-4fd6-4b20-b65d-8d8726a38cdd: shutdown FollowerState
2019-10-13 20:34:25,381 [Thread-1563] INFO  impl.RaftServerImpl (RaftServerImpl.java:setRole(170)) - 3194ff55-4fd6-4b20-b65d-8d8726a38cdd@group-0BB7D473782A: changes role from  FOLLOWER to CANDIDATE at term 0 for changeToCandidate
2019-10-13 20:34:25,381 [Thread-1563] INFO  impl.RoleInfo (RoleInfo.java:updateAndGet(143)) - 3194ff55-4fd6-4b20-b65d-8d8726a38cdd: start LeaderElection
2019-10-13 20:34:25,386 [aadf9f79-694c-46a6-b55c-827d59c43739@group-131DB5B40DA7-SegmentedRaftLogWorker] INFO  segmented.SegmentedRaftLogWorker (SegmentedRaftLogWorker.java:execute(574)) - aadf9f79-694c-46a6-b55c-827d59c43739@group-131DB5B40DA7-SegmentedRaftLogWorker: created new log segment /workdir/hadoop-ozone/integration-test/target/test-dir/MiniOzoneClusterImpl-e735d883-6d8e-4d30-a8f4-26865d39708e/datanode-2/data/ratis/d13a39ed-26c3-498e-ab2d-131db5b40da7/current/log_inprogress_0
2019-10-13 20:34:25,399 [3194ff55-4fd6-4b20-b65d-8d8726a38cdd@group-0BB7D473782A-LeaderElection47] INFO  impl.LeaderElection (LeaderElection.java:askForVotes(178)) - 3194ff55-4fd6-4b20-b65d-8d8726a38cdd@group-0BB7D473782A-LeaderElection47: begin an election at term 1 for -1: [aadf9f79-694c-46a6-b55c-827d59c43739:192.168.157.224:36251, 3194ff55-4fd6-4b20-b65d-8d8726a38cdd:192.168.157.224:45249, 25fb0338-209f-4f69-825b-6b7257c56b18:192.168.157.224:45372], old=null
2019-10-13 20:34:25,402 [Thread-1562] INFO  impl.FollowerState (FollowerState.java:run(108)) - aadf9f79-694c-46a6-b55c-827d59c43739@group-0BB7D473782A-FollowerState: change to CANDIDATE, lastRpcTime:5065ms, electionTimeout:5065ms
2019-10-13 20:34:25,402 [Thread-1562] INFO  impl.RoleInfo (RoleInfo.java:shutdownFollowerState(121)) - aadf9f79-694c-46a6-b55c-827d59c43739: shutdown FollowerState
2019-10-13 20:34:25,402 [Thread-1562] INFO  impl.RaftServerImpl (RaftServerImpl.java:setRole(170)) - aadf9f79-694c-46a6-b55c-827d59c43739@group-0BB7D473782A: changes role from  FOLLOWER to CANDIDATE at term 0 for changeToCandidate
2019-10-13 20:34:25,403 [Thread-1562] INFO  impl.RoleInfo (RoleInfo.java:updateAndGet(143)) - aadf9f79-694c-46a6-b55c-827d59c43739: start LeaderElection
2019-10-13 20:34:25,410 [grpc-default-executor-3] INFO  impl.RaftServerImpl (RaftServerImpl.java:setRole(170)) - 25fb0338-209f-4f69-825b-6b7257c56b18@group-0BB7D473782A: changes role from  FOLLOWER to FOLLOWER at term 1 for recognizeCandidate:3194ff55-4fd6-4b20-b65d-8d8726a38cdd
2019-10-13 20:34:25,410 [grpc-default-executor-3] INFO  impl.RoleInfo (RoleInfo.java:shutdownFollowerState(121)) - 25fb0338-209f-4f69-825b-6b7257c56b18: shutdown FollowerState
2019-10-13 20:34:25,410 [grpc-default-executor-3] INFO  impl.RoleInfo (RoleInfo.java:updateAndGet(143)) - 25fb0338-209f-4f69-825b-6b7257c56b18: start FollowerState
2019-10-13 20:34:25,410 [Thread-1564] INFO  impl.FollowerState (FollowerState.java:run(117)) - 25fb0338-209f-4f69-825b-6b7257c56b18@group-0BB7D473782A-FollowerState was interrupted: java.lang.InterruptedException: sleep interrupted
2019-10-13 20:34:25,423 [aadf9f79-694c-46a6-b55c-827d59c43739@group-0BB7D473782A-LeaderElection48] INFO  impl.LeaderElection (LeaderElection.java:askForVotes(178)) - aadf9f79-694c-46a6-b55c-827d59c43739@group-0BB7D473782A-LeaderElection48: begin an election at term 1 for -1: [aadf9f79-694c-46a6-b55c-827d59c43739:192.168.157.224:36251, 3194ff55-4fd6-4b20-b65d-8d8726a38cdd:192.168.157.224:45249, 25fb0338-209f-4f69-825b-6b7257c56b18:192.168.157.224:45372], old=null
2019-10-13 20:34:25,424 [3194ff55-4fd6-4b20-b65d-8d8726a38cdd@group-0BB7D473782A-LeaderElection47] INFO  impl.LeaderElection (LeaderElection.java:logAndReturn(56)) - 3194ff55-4fd6-4b20-b65d-8d8726a38cdd@group-0BB7D473782A-LeaderElection47: Election PASSED; received 2 response(s) [3194ff55-4fd6-4b20-b65d-8d8726a38cdd<-aadf9f79-694c-46a6-b55c-827d59c43739#0:FAIL-t1, 3194ff55-4fd6-4b20-b65d-8d8726a38cdd<-25fb0338-209f-4f69-825b-6b7257c56b18#0:OK-t1] and 0 exception(s); 3194ff55-4fd6-4b20-b65d-8d8726a38cdd@group-0BB7D473782A:t1, leader=null, voted=3194ff55-4fd6-4b20-b65d-8d8726a38cdd, raftlog=3194ff55-4fd6-4b20-b65d-8d8726a38cdd@group-0BB7D473782A-SegmentedRaftLog:OPENED:c-1,f-1,i0, conf=-1: [aadf9f79-694c-46a6-b55c-827d59c43739:192.168.157.224:36251, 3194ff55-4fd6-4b20-b65d-8d8726a38cdd:192.168.157.224:45249, 25fb0338-209f-4f69-825b-6b7257c56b18:192.168.157.224:45372], old=null
2019-10-13 20:34:25,424 [3194ff55-4fd6-4b20-b65d-8d8726a38cdd@group-0BB7D473782A-LeaderElection47] INFO  impl.RoleInfo (RoleInfo.java:shutdownLeaderElection(134)) - 3194ff55-4fd6-4b20-b65d-8d8726a38cdd: shutdown LeaderElection
2019-10-13 20:34:25,424 [3194ff55-4fd6-4b20-b65d-8d8726a38cdd@group-0BB7D473782A-LeaderElection47] INFO  impl.RaftServerImpl (RaftServerImpl.java:setRole(170)) - 3194ff55-4fd6-4b20-b65d-8d8726a38cdd@group-0BB7D473782A: changes role from CANDIDATE to LEADER at term 1 for changeToLeader
2019-10-13 20:34:25,424 [3194ff55-4fd6-4b20-b65d-8d8726a38cdd@group-0BB7D473782A-LeaderElection47] INFO  impl.RaftServerImpl (ServerState.java:setLeader(255)) - 3194ff55-4fd6-4b20-b65d-8d8726a38cdd@group-0BB7D473782A: change Leader from null to 3194ff55-4fd6-4b20-b65d-8d8726a38cdd at term 1 for becomeLeader, leader elected after 5097ms
2019-10-13 20:34:25,425 [3194ff55-4fd6-4b20-b65d-8d8726a38cdd@group-0BB7D473782A-LeaderElection47] INFO  server.RaftServerConfigKeys (ConfUtils.java:logGet(43)) - raft.server.staging.catchup.gap = 1000 (default)
2019-10-13 20:34:25,425 [3194ff55-4fd6-4b20-b65d-8d8726a38cdd@group-0BB7D473782A-LeaderElection47] INFO  server.RaftServerConfigKeys (ConfUtils.java:logGet(43)) - raft.server.rpc.sleep.time = 25ms (default)
2019-10-13 20:34:25,425 [3194ff55-4fd6-4b20-b65d-8d8726a38cdd@group-0BB7D473782A-LeaderElection47] INFO  server.RaftServerConfigKeys (ConfUtils.java:logGet(43)) - raft.server.write.element-limit = 4096 (default)
2019-10-13 20:34:25,426 [3194ff55-4fd6-4b20-b65d-8d8726a38cdd@group-0BB7D473782A-LeaderElection47] INFO  server.RaftServerConfigKeys (ConfUtils.java:logGet(43)) - raft.server.watch.timeout = 10s (default)
2019-10-13 20:34:25,426 [3194ff55-4fd6-4b20-b65d-8d8726a38cdd@group-0BB7D473782A-LeaderElection47] INFO  server.RaftServerConfigKeys (ConfUtils.java:logGet(43)) - raft.server.watch.timeout.denomination = 1s (default)
2019-10-13 20:34:25,426 [3194ff55-4fd6-4b20-b65d-8d8726a38cdd@group-0BB7D473782A-LeaderElection47] INFO  server.RaftServerConfigKeys (ConfUtils.java:logGet(43)) - raft.server.watch.element-limit = 65536 (default)
2019-10-13 20:34:25,434 [3194ff55-4fd6-4b20-b65d-8d8726a38cdd@group-0BB7D473782A-LeaderElection47] INFO  server.RaftServerConfigKeys (ConfUtils.java:logGet(43)) - raft.server.log.appender.snapshot.chunk.size.max = 16MB (=16777216) (default)
2019-10-13 20:34:25,434 [3194ff55-4fd6-4b20-b65d-8d8726a38cdd@group-0BB7D473782A-LeaderElection47] INFO  server.RaftServerConfigKeys (ConfUtils.java:logGet(43)) - raft.server.log.appender.buffer.byte-limit = 33554432 (custom)
2019-10-13 20:34:25,434 [3194ff55-4fd6-4b20-b65d-8d8726a38cdd@group-0BB7D473782A-LeaderElection47] INFO  server.RaftServerConfigKeys (ConfUtils.java:logGet(43)) - raft.server.log.appender.buffer.element-limit = 1 (custom)
2019-10-13 20:34:25,435 [3194ff55-4fd6-4b20-b65d-8d8726a38cdd@group-0BB7D473782A-LeaderElection47] INFO  grpc.GrpcConfigKeys$Server (ConfUtils.java:logGet(43)) - raft.grpc.server.leader.outstanding.appends.max = 128 (default)
2019-10-13 20:34:25,435 [3194ff55-4fd6-4b20-b65d-8d8726a38cdd@group-0BB7D473782A-LeaderElection47] INFO  server.RaftServerConfigKeys (ConfUtils.java:logGet(43)) - raft.server.rpc.request.timeout = 3000ms (default)
2019-10-13 20:34:25,435 [3194ff55-4fd6-4b20-b65d-8d8726a38cdd@group-0BB7D473782A-LeaderElection47] INFO  server.RaftServerConfigKeys (ConfUtils.java:logGet(43)) - raft.server.log.appender.install.snapshot.enabled = false (custom)
2019-10-13 20:34:25,435 [3194ff55-4fd6-4b20-b65d-8d8726a38cdd@group-0BB7D473782A-LeaderElection47] INFO  server.RaftServerConfigKeys (ConfUtils.java:logGet(43)) - raft.server.log.appender.snapshot.chunk.size.max = 16MB (=16777216) (default)
2019-10-13 20:34:25,435 [3194ff55-4fd6-4b20-b65d-8d8726a38cdd@group-0BB7D473782A-LeaderElection47] INFO  server.RaftServerConfigKeys (ConfUtils.java:logGet(43)) - raft.server.log.appender.buffer.byte-limit = 33554432 (custom)
2019-10-13 20:34:25,436 [3194ff55-4fd6-4b20-b65d-8d8726a38cdd@group-0BB7D473782A-LeaderElection47] INFO  server.RaftServerConfigKeys (ConfUtils.java:logGet(43)) - raft.server.log.appender.buffer.element-limit = 1 (custom)
2019-10-13 20:34:25,436 [3194ff55-4fd6-4b20-b65d-8d8726a38cdd@group-0BB7D473782A-LeaderElection47] INFO  grpc.GrpcConfigKeys$Server (ConfUtils.java:logGet(43)) - raft.grpc.server.leader.outstanding.appends.max = 128 (default)
2019-10-13 20:34:25,436 [3194ff55-4fd6-4b20-b65d-8d8726a38cdd@group-0BB7D473782A-LeaderElection47] INFO  server.RaftServerConfigKeys (ConfUtils.java:logGet(43)) - raft.server.rpc.request.timeout = 3000ms (default)
2019-10-13 20:34:25,436 [3194ff55-4fd6-4b20-b65d-8d8726a38cdd@group-0BB7D473782A-LeaderElection47] INFO  server.RaftServerConfigKeys (ConfUtils.java:logGet(43)) - raft.server.log.appender.install.snapshot.enabled = false (custom)
2019-10-13 20:34:25,437 [3194ff55-4fd6-4b20-b65d-8d8726a38cdd@group-0BB7D473782A-LeaderElection47] INFO  impl.RoleInfo (RoleInfo.java:updateAndGet(143)) - 3194ff55-4fd6-4b20-b65d-8d8726a38cdd: start LeaderState
2019-10-13 20:34:25,437 [3194ff55-4fd6-4b20-b65d-8d8726a38cdd@group-0BB7D473782A-LeaderElection47] INFO  segmented.SegmentedRaftLogWorker (SegmentedRaftLogWorker.java:startLogSegment(385)) - 3194ff55-4fd6-4b20-b65d-8d8726a38cdd@group-0BB7D473782A-SegmentedRaftLogWorker: Starting segment from index:0
2019-10-13 20:34:25,438 [3194ff55-4fd6-4b20-b65d-8d8726a38cdd@group-0BB7D473782A-LeaderElection47] INFO  impl.RaftServerImpl (ServerState.java:setRaftConf(356)) - 3194ff55-4fd6-4b20-b65d-8d8726a38cdd@group-0BB7D473782A: set configuration 0: [aadf9f79-694c-46a6-b55c-827d59c43739:192.168.157.224:36251, 3194ff55-4fd6-4b20-b65d-8d8726a38cdd:192.168.157.224:45249, 25fb0338-209f-4f69-825b-6b7257c56b18:192.168.157.224:45372], old=null at 0
2019-10-13 20:34:25,438 [grpc-default-executor-4] INFO  impl.RaftServerImpl (RaftServerImpl.java:requestVote(754)) - 3194ff55-4fd6-4b20-b65d-8d8726a38cdd@group-0BB7D473782A-   LEADER: Withhold vote from candidate aadf9f79-694c-46a6-b55c-827d59c43739 with term 1. State: leader=3194ff55-4fd6-4b20-b65d-8d8726a38cdd, term=1, lastRpcElapsed=null
2019-10-13 20:34:25,469 [java.util.concurrent.ThreadPoolExecutor$Worker@4c9c17fc[State = -1, empty queue]] WARN  server.GrpcLogAppender (GrpcLogAppender.java:timeoutAppendRequest(200)) - c6676a3b-9238-484a-870a-e78b36fd6b90@group-CCF72240D914->787c3207-a753-429a-a612-e3ac99d17bc9-GrpcLogAppender: appendEntries Timeout, request=c6676a3b-9238-484a-870a-e78b36fd6b90->787c3207-a753-429a-a612-e3ac99d17bc9#99-t6, previous=(t:6, i:2), leaderCommit=2, initializing? false, entries: <empty>
2019-10-13 20:34:25,469 [java.util.concurrent.ThreadPoolExecutor$Worker@29c7306b[State = -1, empty queue]] WARN  server.GrpcLogAppender (GrpcLogAppender.java:timeoutAppendRequest(200)) - a62c5862-2413-45e1-a25a-271607b15565@group-C88106EEEC90->cab3cae7-f0a1-4851-a661-63d582d319d1-GrpcLogAppender: appendEntries Timeout, request=a62c5862-2413-45e1-a25a-271607b15565->cab3cae7-f0a1-4851-a661-63d582d319d1#111-t5, previous=(t:5, i:0), leaderCommit=0, initializing? false, entries: <empty>
2019-10-13 20:34:25,470 [grpc-default-executor-4] INFO  impl.RaftServerImpl (RaftServerImpl.java:setRole(170)) - aadf9f79-694c-46a6-b55c-827d59c43739@group-0BB7D473782A: changes role from CANDIDATE to FOLLOWER at term 1 for appendEntries
2019-10-13 20:34:25,470 [aadf9f79-694c-46a6-b55c-827d59c43739@group-0BB7D473782A-LeaderElection48] INFO  impl.LeaderElection (LeaderElection.java:logAndReturn(56)) - aadf9f79-694c-46a6-b55c-827d59c43739@group-0BB7D473782A-LeaderElection48: Election REJECTED; received 2 response(s) [aadf9f79-694c-46a6-b55c-827d59c43739<-3194ff55-4fd6-4b20-b65d-8d8726a38cdd#0:FAIL-t1, aadf9f79-694c-46a6-b55c-827d59c43739<-25fb0338-209f-4f69-825b-6b7257c56b18#0:FAIL-t1] and 0 exception(s); aadf9f79-694c-46a6-b55c-827d59c43739@group-0BB7D473782A:t1, leader=null, voted=aadf9f79-694c-46a6-b55c-827d59c43739, raftlog=aadf9f79-694c-46a6-b55c-827d59c43739@group-0BB7D473782A-SegmentedRaftLog:OPENED:c-1,f-1,i0, conf=-1: [aadf9f79-694c-46a6-b55c-827d59c43739:192.168.157.224:36251, 3194ff55-4fd6-4b20-b65d-8d8726a38cdd:192.168.157.224:45249, 25fb0338-209f-4f69-825b-6b7257c56b18:192.168.157.224:45372], old=null
2019-10-13 20:34:25,470 [grpc-default-executor-4] INFO  impl.RoleInfo (RoleInfo.java:shutdownLeaderElection(134)) - aadf9f79-694c-46a6-b55c-827d59c43739: shutdown LeaderElection
2019-10-13 20:34:25,470 [grpc-default-executor-3] INFO  impl.RaftServerImpl (ServerState.java:setLeader(255)) - 25fb0338-209f-4f69-825b-6b7257c56b18@group-0BB7D473782A: change Leader from null to 3194ff55-4fd6-4b20-b65d-8d8726a38cdd at term 1 for appendEntries, leader elected after 5143ms
2019-10-13 20:34:25,476 [grpc-default-executor-4] INFO  impl.RoleInfo (RoleInfo.java:updateAndGet(143)) - aadf9f79-694c-46a6-b55c-827d59c43739: start FollowerState
2019-10-13 20:34:25,476 [grpc-default-executor-4] INFO  impl.RaftServerImpl (ServerState.java:setLeader(255)) - aadf9f79-694c-46a6-b55c-827d59c43739@group-0BB7D473782A: change Leader from null to 3194ff55-4fd6-4b20-b65d-8d8726a38cdd at term 1 for appendEntries, leader elected after 5149ms
2019-10-13 20:34:25,479 [grpc-default-executor-4] INFO  impl.RaftServerImpl (ServerState.java:setRaftConf(356)) - aadf9f79-694c-46a6-b55c-827d59c43739@group-0BB7D473782A: set configuration 0: [aadf9f79-694c-46a6-b55c-827d59c43739:192.168.157.224:36251, 3194ff55-4fd6-4b20-b65d-8d8726a38cdd:192.168.157.224:45249, 25fb0338-209f-4f69-825b-6b7257c56b18:192.168.157.224:45372], old=null at 0
2019-10-13 20:34:25,479 [grpc-default-executor-3] INFO  impl.RaftServerImpl (ServerState.java:setRaftConf(356)) - 25fb0338-209f-4f69-825b-6b7257c56b18@group-0BB7D473782A: set configuration 0: [aadf9f79-694c-46a6-b55c-827d59c43739:192.168.157.224:36251, 3194ff55-4fd6-4b20-b65d-8d8726a38cdd:192.168.157.224:45249, 25fb0338-209f-4f69-825b-6b7257c56b18:192.168.157.224:45372], old=null at 0
2019-10-13 20:34:25,479 [grpc-default-executor-4] INFO  segmented.SegmentedRaftLogWorker (SegmentedRaftLogWorker.java:startLogSegment(385)) - aadf9f79-694c-46a6-b55c-827d59c43739@group-0BB7D473782A-SegmentedRaftLogWorker: Starting segment from index:0
2019-10-13 20:34:25,480 [grpc-default-executor-3] INFO  segmented.SegmentedRaftLogWorker (SegmentedRaftLogWorker.java:startLogSegment(385)) - 25fb0338-209f-4f69-825b-6b7257c56b18@group-0BB7D473782A-SegmentedRaftLogWorker: Starting segment from index:0
2019-10-13 20:34:25,481 [3194ff55-4fd6-4b20-b65d-8d8726a38cdd@group-0BB7D473782A-SegmentedRaftLogWorker] INFO  segmented.SegmentedRaftLogWorker (SegmentedRaftLogWorker.java:execute(574)) - 3194ff55-4fd6-4b20-b65d-8d8726a38cdd@group-0BB7D473782A-SegmentedRaftLogWorker: created new log segment /workdir/hadoop-ozone/integration-test/target/test-dir/MiniOzoneClusterImpl-e735d883-6d8e-4d30-a8f4-26865d39708e/datanode-1/data/ratis/ded33819-f6ee-45cc-964c-0bb7d473782a/current/log_inprogress_0
2019-10-13 20:34:25,520 [aadf9f79-694c-46a6-b55c-827d59c43739@group-0BB7D473782A-SegmentedRaftLogWorker] INFO  segmented.SegmentedRaftLogWorker (SegmentedRaftLogWorker.java:execute(574)) - aadf9f79-694c-46a6-b55c-827d59c43739@group-0BB7D473782A-SegmentedRaftLogWorker: created new log segment /workdir/hadoop-ozone/integration-test/target/test-dir/MiniOzoneClusterImpl-e735d883-6d8e-4d30-a8f4-26865d39708e/datanode-2/data/ratis/ded33819-f6ee-45cc-964c-0bb7d473782a/current/log_inprogress_0
2019-10-13 20:34:25,520 [25fb0338-209f-4f69-825b-6b7257c56b18@group-0BB7D473782A-SegmentedRaftLogWorker] INFO  segmented.SegmentedRaftLogWorker (SegmentedRaftLogWorker.java:execute(574)) - 25fb0338-209f-4f69-825b-6b7257c56b18@group-0BB7D473782A-SegmentedRaftLogWorker: created new log segment /workdir/hadoop-ozone/integration-test/target/test-dir/MiniOzoneClusterImpl-e735d883-6d8e-4d30-a8f4-26865d39708e/datanode-0/data/ratis/ded33819-f6ee-45cc-964c-0bb7d473782a/current/log_inprogress_0
2019-10-13 20:34:25,549 [Thread-1569] INFO  impl.FollowerState (FollowerState.java:run(108)) - 732f13f1-effb-415c-bad5-ecb4cbb65b5c@group-7E76A23B8779-FollowerState: change to CANDIDATE, lastRpcTime:5072ms, electionTimeout:5072ms
2019-10-13 20:34:25,549 [Thread-1569] INFO  impl.RoleInfo (RoleInfo.java:shutdownFollowerState(121)) - 732f13f1-effb-415c-bad5-ecb4cbb65b5c: shutdown FollowerState
2019-10-13 20:34:25,549 [Thread-1569] INFO  impl.RaftServerImpl (RaftServerImpl.java:setRole(170)) - 732f13f1-effb-415c-bad5-ecb4cbb65b5c@group-7E76A23B8779: changes role from  FOLLOWER to CANDIDATE at term 0 for changeToCandidate
2019-10-13 20:34:25,549 [Thread-1569] INFO  impl.RoleInfo (RoleInfo.java:updateAndGet(143)) - 732f13f1-effb-415c-bad5-ecb4cbb65b5c: start LeaderElection
2019-10-13 20:34:25,573 [732f13f1-effb-415c-bad5-ecb4cbb65b5c@group-7E76A23B8779-LeaderElection49] INFO  impl.LeaderElection (LeaderElection.java:askForVotes(178)) - 732f13f1-effb-415c-bad5-ecb4cbb65b5c@group-7E76A23B8779-LeaderElection49: begin an election at term 1 for -1: [732f13f1-effb-415c-bad5-ecb4cbb65b5c:192.168.157.224:33976], old=null
2019-10-13 20:34:25,573 [732f13f1-effb-415c-bad5-ecb4cbb65b5c@group-7E76A23B8779-LeaderElection49] INFO  impl.RoleInfo (RoleInfo.java:shutdownLeaderElection(134)) - 732f13f1-effb-415c-bad5-ecb4cbb65b5c: shutdown LeaderElection
2019-10-13 20:34:25,573 [732f13f1-effb-415c-bad5-ecb4cbb65b5c@group-7E76A23B8779-LeaderElection49] INFO  impl.RaftServerImpl (RaftServerImpl.java:setRole(170)) - 732f13f1-effb-415c-bad5-ecb4cbb65b5c@group-7E76A23B8779: changes role from CANDIDATE to LEADER at term 1 for changeToLeader
2019-10-13 20:34:25,574 [732f13f1-effb-415c-bad5-ecb4cbb65b5c@group-7E76A23B8779-LeaderElection49] INFO  impl.RaftServerImpl (ServerState.java:setLeader(255)) - 732f13f1-effb-415c-bad5-ecb4cbb65b5c@group-7E76A23B8779: change Leader from null to 732f13f1-effb-415c-bad5-ecb4cbb65b5c at term 1 for becomeLeader, leader elected after 5105ms
2019-10-13 20:34:25,574 [732f13f1-effb-415c-bad5-ecb4cbb65b5c@group-7E76A23B8779-LeaderElection49] INFO  server.RaftServerConfigKeys (ConfUtils.java:logGet(43)) - raft.server.staging.catchup.gap = 1000 (default)
2019-10-13 20:34:25,574 [732f13f1-effb-415c-bad5-ecb4cbb65b5c@group-7E76A23B8779-LeaderElection49] INFO  server.RaftServerConfigKeys (ConfUtils.java:logGet(43)) - raft.server.rpc.sleep.time = 25ms (default)
2019-10-13 20:34:25,574 [732f13f1-effb-415c-bad5-ecb4cbb65b5c@group-7E76A23B8779-LeaderElection49] INFO  server.RaftServerConfigKeys (ConfUtils.java:logGet(43)) - raft.server.write.element-limit = 4096 (default)
2019-10-13 20:34:25,574 [732f13f1-effb-415c-bad5-ecb4cbb65b5c@group-7E76A23B8779-LeaderElection49] INFO  server.RaftServerConfigKeys (ConfUtils.java:logGet(43)) - raft.server.watch.timeout = 10s (default)
2019-10-13 20:34:25,575 [732f13f1-effb-415c-bad5-ecb4cbb65b5c@group-7E76A23B8779-LeaderElection49] INFO  server.RaftServerConfigKeys (ConfUtils.java:logGet(43)) - raft.server.watch.timeout.denomination = 1s (default)
2019-10-13 20:34:25,575 [732f13f1-effb-415c-bad5-ecb4cbb65b5c@group-7E76A23B8779-LeaderElection49] INFO  server.RaftServerConfigKeys (ConfUtils.java:logGet(43)) - raft.server.watch.element-limit = 65536 (default)
2019-10-13 20:34:25,577 [732f13f1-effb-415c-bad5-ecb4cbb65b5c@group-7E76A23B8779-LeaderElection49] INFO  impl.RoleInfo (RoleInfo.java:updateAndGet(143)) - 732f13f1-effb-415c-bad5-ecb4cbb65b5c: start LeaderState
2019-10-13 20:34:25,577 [732f13f1-effb-415c-bad5-ecb4cbb65b5c@group-7E76A23B8779-LeaderElection49] INFO  segmented.SegmentedRaftLogWorker (SegmentedRaftLogWorker.java:startLogSegment(385)) - 732f13f1-effb-415c-bad5-ecb4cbb65b5c@group-7E76A23B8779-SegmentedRaftLogWorker: Starting segment from index:0
2019-10-13 20:34:25,578 [732f13f1-effb-415c-bad5-ecb4cbb65b5c@group-7E76A23B8779-LeaderElection49] INFO  impl.RaftServerImpl (ServerState.java:setRaftConf(356)) - 732f13f1-effb-415c-bad5-ecb4cbb65b5c@group-7E76A23B8779: set configuration 0: [732f13f1-effb-415c-bad5-ecb4cbb65b5c:192.168.157.224:33976], old=null at 0
2019-10-13 20:34:25,597 [Thread-1572] INFO  impl.FollowerState (FollowerState.java:run(108)) - e5e75258-b30c-4414-b37a-9f78f5c93f4e@group-2985D112A707-FollowerState: change to CANDIDATE, lastRpcTime:5046ms, electionTimeout:5046ms
2019-10-13 20:34:25,597 [Thread-1572] INFO  impl.RoleInfo (RoleInfo.java:shutdownFollowerState(121)) - e5e75258-b30c-4414-b37a-9f78f5c93f4e: shutdown FollowerState
2019-10-13 20:34:25,598 [Thread-1572] INFO  impl.RaftServerImpl (RaftServerImpl.java:setRole(170)) - e5e75258-b30c-4414-b37a-9f78f5c93f4e@group-2985D112A707: changes role from  FOLLOWER to CANDIDATE at term 0 for changeToCandidate
2019-10-13 20:34:25,598 [Thread-1572] INFO  impl.RoleInfo (RoleInfo.java:updateAndGet(143)) - e5e75258-b30c-4414-b37a-9f78f5c93f4e: start LeaderElection
2019-10-13 20:34:25,620 [java.util.concurrent.ThreadPoolExecutor$Worker@2baf159d[State = -1, empty queue]] WARN  server.GrpcLogAppender (GrpcLogAppender.java:timeoutAppendRequest(200)) - a62c5862-2413-45e1-a25a-271607b15565@group-C88106EEEC90->787c3207-a753-429a-a612-e3ac99d17bc9-GrpcLogAppender: appendEntries Timeout, request=a62c5862-2413-45e1-a25a-271607b15565->787c3207-a753-429a-a612-e3ac99d17bc9#111-t5, previous=(t:5, i:0), leaderCommit=0, initializing? false, entries: <empty>
2019-10-13 20:34:25,633 [732f13f1-effb-415c-bad5-ecb4cbb65b5c@group-7E76A23B8779-SegmentedRaftLogWorker] INFO  segmented.SegmentedRaftLogWorker (SegmentedRaftLogWorker.java:execute(574)) - 732f13f1-effb-415c-bad5-ecb4cbb65b5c@group-7E76A23B8779-SegmentedRaftLogWorker: created new log segment /workdir/hadoop-ozone/integration-test/target/test-dir/MiniOzoneClusterImpl-e735d883-6d8e-4d30-a8f4-26865d39708e/datanode-3/data/ratis/17cd60d0-e7f4-40e6-8214-7e76a23b8779/current/log_inprogress_0
2019-10-13 20:34:25,633 [e5e75258-b30c-4414-b37a-9f78f5c93f4e@group-2985D112A707-LeaderElection50] INFO  impl.LeaderElection (LeaderElection.java:askForVotes(178)) - e5e75258-b30c-4414-b37a-9f78f5c93f4e@group-2985D112A707-LeaderElection50: begin an election at term 1 for -1: [e5e75258-b30c-4414-b37a-9f78f5c93f4e:192.168.157.224:44126], old=null
2019-10-13 20:34:25,634 [e5e75258-b30c-4414-b37a-9f78f5c93f4e@group-2985D112A707-LeaderElection50] INFO  impl.RoleInfo (RoleInfo.java:shutdownLeaderElection(134)) - e5e75258-b30c-4414-b37a-9f78f5c93f4e: shutdown LeaderElection
2019-10-13 20:34:25,634 [e5e75258-b30c-4414-b37a-9f78f5c93f4e@group-2985D112A707-LeaderElection50] INFO  impl.RaftServerImpl (RaftServerImpl.java:setRole(170)) - e5e75258-b30c-4414-b37a-9f78f5c93f4e@group-2985D112A707: changes role from CANDIDATE to LEADER at term 1 for changeToLeader
2019-10-13 20:34:25,634 [e5e75258-b30c-4414-b37a-9f78f5c93f4e@group-2985D112A707-LeaderElection50] INFO  impl.RaftServerImpl (ServerState.java:setLeader(255)) - e5e75258-b30c-4414-b37a-9f78f5c93f4e@group-2985D112A707: change Leader from null to e5e75258-b30c-4414-b37a-9f78f5c93f4e at term 1 for becomeLeader, leader elected after 5090ms
2019-10-13 20:34:25,634 [e5e75258-b30c-4414-b37a-9f78f5c93f4e@group-2985D112A707-LeaderElection50] INFO  server.RaftServerConfigKeys (ConfUtils.java:logGet(43)) - raft.server.staging.catchup.gap = 1000 (default)
2019-10-13 20:34:25,634 [e5e75258-b30c-4414-b37a-9f78f5c93f4e@group-2985D112A707-LeaderElection50] INFO  server.RaftServerConfigKeys (ConfUtils.java:logGet(43)) - raft.server.rpc.sleep.time = 25ms (default)
2019-10-13 20:34:25,634 [e5e75258-b30c-4414-b37a-9f78f5c93f4e@group-2985D112A707-LeaderElection50] INFO  server.RaftServerConfigKeys (ConfUtils.java:logGet(43)) - raft.server.write.element-limit = 4096 (default)
2019-10-13 20:34:25,635 [e5e75258-b30c-4414-b37a-9f78f5c93f4e@group-2985D112A707-LeaderElection50] INFO  server.RaftServerConfigKeys (ConfUtils.java:logGet(43)) - raft.server.watch.timeout = 10s (default)
2019-10-13 20:34:25,635 [e5e75258-b30c-4414-b37a-9f78f5c93f4e@group-2985D112A707-LeaderElection50] INFO  server.RaftServerConfigKeys (ConfUtils.java:logGet(43)) - raft.server.watch.timeout.denomination = 1s (default)
2019-10-13 20:34:25,635 [e5e75258-b30c-4414-b37a-9f78f5c93f4e@group-2985D112A707-LeaderElection50] INFO  server.RaftServerConfigKeys (ConfUtils.java:logGet(43)) - raft.server.watch.element-limit = 65536 (default)
2019-10-13 20:34:25,637 [e5e75258-b30c-4414-b37a-9f78f5c93f4e@group-2985D112A707-LeaderElection50] INFO  impl.RoleInfo (RoleInfo.java:updateAndGet(143)) - e5e75258-b30c-4414-b37a-9f78f5c93f4e: start LeaderState
2019-10-13 20:34:25,637 [e5e75258-b30c-4414-b37a-9f78f5c93f4e@group-2985D112A707-LeaderElection50] INFO  segmented.SegmentedRaftLogWorker (SegmentedRaftLogWorker.java:startLogSegment(385)) - e5e75258-b30c-4414-b37a-9f78f5c93f4e@group-2985D112A707-SegmentedRaftLogWorker: Starting segment from index:0
2019-10-13 20:34:25,638 [e5e75258-b30c-4414-b37a-9f78f5c93f4e@group-2985D112A707-LeaderElection50] INFO  impl.RaftServerImpl (ServerState.java:setRaftConf(356)) - e5e75258-b30c-4414-b37a-9f78f5c93f4e@group-2985D112A707: set configuration 0: [e5e75258-b30c-4414-b37a-9f78f5c93f4e:192.168.157.224:44126], old=null at 0
2019-10-13 20:34:25,675 [e5e75258-b30c-4414-b37a-9f78f5c93f4e@group-2985D112A707-SegmentedRaftLogWorker] INFO  segmented.SegmentedRaftLogWorker (SegmentedRaftLogWorker.java:execute(574)) - e5e75258-b30c-4414-b37a-9f78f5c93f4e@group-2985D112A707-SegmentedRaftLogWorker: created new log segment /workdir/hadoop-ozone/integration-test/target/test-dir/MiniOzoneClusterImpl-e735d883-6d8e-4d30-a8f4-26865d39708e/datanode-4/data/ratis/faee284f-9215-446c-b132-2985d112a707/current/log_inprogress_0
2019-10-13 20:34:25,774 [Thread-1582] INFO  impl.FollowerState (FollowerState.java:run(108)) - e5e75258-b30c-4414-b37a-9f78f5c93f4e@group-DCBDF572871E-FollowerState: change to CANDIDATE, lastRpcTime:5081ms, electionTimeout:5081ms
2019-10-13 20:34:25,774 [Thread-1582] INFO  impl.RoleInfo (RoleInfo.java:shutdownFollowerState(121)) - e5e75258-b30c-4414-b37a-9f78f5c93f4e: shutdown FollowerState
2019-10-13 20:34:25,774 [Thread-1582] INFO  impl.RaftServerImpl (RaftServerImpl.java:setRole(170)) - e5e75258-b30c-4414-b37a-9f78f5c93f4e@group-DCBDF572871E: changes role from  FOLLOWER to CANDIDATE at term 0 for changeToCandidate
2019-10-13 20:34:25,774 [Thread-1582] INFO  impl.RoleInfo (RoleInfo.java:updateAndGet(143)) - e5e75258-b30c-4414-b37a-9f78f5c93f4e: start LeaderElection
2019-10-13 20:34:25,793 [e5e75258-b30c-4414-b37a-9f78f5c93f4e@group-DCBDF572871E-LeaderElection51] INFO  impl.LeaderElection (LeaderElection.java:askForVotes(178)) - e5e75258-b30c-4414-b37a-9f78f5c93f4e@group-DCBDF572871E-LeaderElection51: begin an election at term 1 for -1: [11713dd3-399b-47c9-a350-ec9ecee0f7a9:192.168.157.224:46287, e5e75258-b30c-4414-b37a-9f78f5c93f4e:192.168.157.224:44126, 732f13f1-effb-415c-bad5-ecb4cbb65b5c:192.168.157.224:33976], old=null
2019-10-13 20:34:25,802 [grpc-default-executor-4] INFO  impl.RaftServerImpl (RaftServerImpl.java:setRole(170)) - 732f13f1-effb-415c-bad5-ecb4cbb65b5c@group-DCBDF572871E: changes role from  FOLLOWER to FOLLOWER at term 1 for recognizeCandidate:e5e75258-b30c-4414-b37a-9f78f5c93f4e
2019-10-13 20:34:25,809 [grpc-default-executor-4] INFO  impl.RoleInfo (RoleInfo.java:shutdownFollowerState(121)) - 732f13f1-effb-415c-bad5-ecb4cbb65b5c: shutdown FollowerState
2019-10-13 20:34:25,809 [grpc-default-executor-3] INFO  impl.RaftServerImpl (RaftServerImpl.java:setRole(170)) - 11713dd3-399b-47c9-a350-ec9ecee0f7a9@group-DCBDF572871E: changes role from  FOLLOWER to FOLLOWER at term 1 for recognizeCandidate:e5e75258-b30c-4414-b37a-9f78f5c93f4e
2019-10-13 20:34:25,810 [grpc-default-executor-4] INFO  impl.RoleInfo (RoleInfo.java:updateAndGet(143)) - 732f13f1-effb-415c-bad5-ecb4cbb65b5c: start FollowerState
2019-10-13 20:34:25,810 [grpc-default-executor-3] INFO  impl.RoleInfo (RoleInfo.java:shutdownFollowerState(121)) - 11713dd3-399b-47c9-a350-ec9ecee0f7a9: shutdown FollowerState
2019-10-13 20:34:25,810 [grpc-default-executor-3] INFO  impl.RoleInfo (RoleInfo.java:updateAndGet(143)) - 11713dd3-399b-47c9-a350-ec9ecee0f7a9: start FollowerState
2019-10-13 20:34:25,810 [Thread-1583] INFO  impl.FollowerState (FollowerState.java:run(117)) - 11713dd3-399b-47c9-a350-ec9ecee0f7a9@group-DCBDF572871E-FollowerState was interrupted: java.lang.InterruptedException: sleep interrupted
2019-10-13 20:34:25,820 [java.util.concurrent.ThreadPoolExecutor$Worker@dbb1acd[State = -1, empty queue]] WARN  server.GrpcLogAppender (GrpcLogAppender.java:timeoutAppendRequest(200)) - c6676a3b-9238-484a-870a-e78b36fd6b90@group-CCF72240D914->cab3cae7-f0a1-4851-a661-63d582d319d1-GrpcLogAppender: appendEntries Timeout, request=c6676a3b-9238-484a-870a-e78b36fd6b90->cab3cae7-f0a1-4851-a661-63d582d319d1#101-t6, previous=(t:6, i:2), leaderCommit=2, initializing? false, entries: <empty>
2019-10-13 20:34:25,822 [Thread-1575] INFO  impl.FollowerState (FollowerState.java:run(108)) - 11713dd3-399b-47c9-a350-ec9ecee0f7a9@group-319F9A4B14CA-FollowerState: change to CANDIDATE, lastRpcTime:5199ms, electionTimeout:5199ms
2019-10-13 20:34:25,822 [Thread-1575] INFO  impl.RoleInfo (RoleInfo.java:shutdownFollowerState(121)) - 11713dd3-399b-47c9-a350-ec9ecee0f7a9: shutdown FollowerState
2019-10-13 20:34:25,822 [Thread-1575] INFO  impl.RaftServerImpl (RaftServerImpl.java:setRole(170)) - 11713dd3-399b-47c9-a350-ec9ecee0f7a9@group-319F9A4B14CA: changes role from  FOLLOWER to CANDIDATE at term 0 for changeToCandidate
2019-10-13 20:34:25,822 [Thread-1575] INFO  impl.RoleInfo (RoleInfo.java:updateAndGet(143)) - 11713dd3-399b-47c9-a350-ec9ecee0f7a9: start LeaderElection
2019-10-13 20:34:25,830 [e5e75258-b30c-4414-b37a-9f78f5c93f4e@group-DCBDF572871E-LeaderElection51] INFO  impl.LeaderElection (LeaderElection.java:logAndReturn(56)) - e5e75258-b30c-4414-b37a-9f78f5c93f4e@group-DCBDF572871E-LeaderElection51: Election PASSED; received 1 response(s) [e5e75258-b30c-4414-b37a-9f78f5c93f4e<-732f13f1-effb-415c-bad5-ecb4cbb65b5c#0:OK-t1] and 0 exception(s); e5e75258-b30c-4414-b37a-9f78f5c93f4e@group-DCBDF572871E:t1, leader=null, voted=e5e75258-b30c-4414-b37a-9f78f5c93f4e, raftlog=e5e75258-b30c-4414-b37a-9f78f5c93f4e@group-DCBDF572871E-SegmentedRaftLog:OPENED:c-1,f-1,i0, conf=-1: [11713dd3-399b-47c9-a350-ec9ecee0f7a9:192.168.157.224:46287, e5e75258-b30c-4414-b37a-9f78f5c93f4e:192.168.157.224:44126, 732f13f1-effb-415c-bad5-ecb4cbb65b5c:192.168.157.224:33976], old=null
2019-10-13 20:34:25,830 [e5e75258-b30c-4414-b37a-9f78f5c93f4e@group-DCBDF572871E-LeaderElection51] INFO  impl.RoleInfo (RoleInfo.java:shutdownLeaderElection(134)) - e5e75258-b30c-4414-b37a-9f78f5c93f4e: shutdown LeaderElection
2019-10-13 20:34:25,830 [e5e75258-b30c-4414-b37a-9f78f5c93f4e@group-DCBDF572871E-LeaderElection51] INFO  impl.RaftServerImpl (RaftServerImpl.java:setRole(170)) - e5e75258-b30c-4414-b37a-9f78f5c93f4e@group-DCBDF572871E: changes role from CANDIDATE to LEADER at term 1 for changeToLeader
2019-10-13 20:34:25,831 [e5e75258-b30c-4414-b37a-9f78f5c93f4e@group-DCBDF572871E-LeaderElection51] INFO  impl.RaftServerImpl (ServerState.java:setLeader(255)) - e5e75258-b30c-4414-b37a-9f78f5c93f4e@group-DCBDF572871E: change Leader from null to e5e75258-b30c-4414-b37a-9f78f5c93f4e at term 1 for becomeLeader, leader elected after 5150ms
2019-10-13 20:34:25,831 [e5e75258-b30c-4414-b37a-9f78f5c93f4e@group-DCBDF572871E-LeaderElection51] INFO  server.RaftServerConfigKeys (ConfUtils.java:logGet(43)) - raft.server.staging.catchup.gap = 1000 (default)
2019-10-13 20:34:25,831 [e5e75258-b30c-4414-b37a-9f78f5c93f4e@group-DCBDF572871E-LeaderElection51] INFO  server.RaftServerConfigKeys (ConfUtils.java:logGet(43)) - raft.server.rpc.sleep.time = 25ms (default)
2019-10-13 20:34:25,831 [e5e75258-b30c-4414-b37a-9f78f5c93f4e@group-DCBDF572871E-LeaderElection51] INFO  server.RaftServerConfigKeys (ConfUtils.java:logGet(43)) - raft.server.write.element-limit = 4096 (default)
2019-10-13 20:34:25,831 [e5e75258-b30c-4414-b37a-9f78f5c93f4e@group-DCBDF572871E-LeaderElection51] INFO  server.RaftServerConfigKeys (ConfUtils.java:logGet(43)) - raft.server.watch.timeout = 10s (default)
2019-10-13 20:34:25,832 [e5e75258-b30c-4414-b37a-9f78f5c93f4e@group-DCBDF572871E-LeaderElection51] INFO  server.RaftServerConfigKeys (ConfUtils.java:logGet(43)) - raft.server.watch.timeout.denomination = 1s (default)
2019-10-13 20:34:25,832 [e5e75258-b30c-4414-b37a-9f78f5c93f4e@group-DCBDF572871E-LeaderElection51] INFO  server.RaftServerConfigKeys (ConfUtils.java:logGet(43)) - raft.server.watch.element-limit = 65536 (default)
2019-10-13 20:34:25,834 [e5e75258-b30c-4414-b37a-9f78f5c93f4e@group-DCBDF572871E-LeaderElection51] INFO  server.RaftServerConfigKeys (ConfUtils.java:logGet(43)) - raft.server.log.appender.snapshot.chunk.size.max = 16MB (=16777216) (default)
2019-10-13 20:34:25,834 [e5e75258-b30c-4414-b37a-9f78f5c93f4e@group-DCBDF572871E-LeaderElection51] INFO  server.RaftServerConfigKeys (ConfUtils.java:logGet(43)) - raft.server.log.appender.buffer.byte-limit = 33554432 (custom)
2019-10-13 20:34:25,834 [e5e75258-b30c-4414-b37a-9f78f5c93f4e@group-DCBDF572871E-LeaderElection51] INFO  server.RaftServerConfigKeys (ConfUtils.java:logGet(43)) - raft.server.log.appender.buffer.element-limit = 1 (custom)
2019-10-13 20:34:25,834 [e5e75258-b30c-4414-b37a-9f78f5c93f4e@group-DCBDF572871E-LeaderElection51] INFO  grpc.GrpcConfigKeys$Server (ConfUtils.java:logGet(43)) - raft.grpc.server.leader.outstanding.appends.max = 128 (default)
2019-10-13 20:34:25,834 [e5e75258-b30c-4414-b37a-9f78f5c93f4e@group-DCBDF572871E-LeaderElection51] INFO  server.RaftServerConfigKeys (ConfUtils.java:logGet(43)) - raft.server.rpc.request.timeout = 3000ms (default)
2019-10-13 20:34:25,834 [e5e75258-b30c-4414-b37a-9f78f5c93f4e@group-DCBDF572871E-LeaderElection51] INFO  server.RaftServerConfigKeys (ConfUtils.java:logGet(43)) - raft.server.log.appender.install.snapshot.enabled = false (custom)
2019-10-13 20:34:25,835 [e5e75258-b30c-4414-b37a-9f78f5c93f4e@group-DCBDF572871E-LeaderElection51] INFO  server.RaftServerConfigKeys (ConfUtils.java:logGet(43)) - raft.server.log.appender.snapshot.chunk.size.max = 16MB (=16777216) (default)
2019-10-13 20:34:25,835 [e5e75258-b30c-4414-b37a-9f78f5c93f4e@group-DCBDF572871E-LeaderElection51] INFO  server.RaftServerConfigKeys (ConfUtils.java:logGet(43)) - raft.server.log.appender.buffer.byte-limit = 33554432 (custom)
2019-10-13 20:34:25,835 [e5e75258-b30c-4414-b37a-9f78f5c93f4e@group-DCBDF572871E-LeaderElection51] INFO  server.RaftServerConfigKeys (ConfUtils.java:logGet(43)) - raft.server.log.appender.buffer.element-limit = 1 (custom)
2019-10-13 20:34:25,835 [e5e75258-b30c-4414-b37a-9f78f5c93f4e@group-DCBDF572871E-LeaderElection51] INFO  grpc.GrpcConfigKeys$Server (ConfUtils.java:logGet(43)) - raft.grpc.server.leader.outstanding.appends.max = 128 (default)
2019-10-13 20:34:25,835 [e5e75258-b30c-4414-b37a-9f78f5c93f4e@group-DCBDF572871E-LeaderElection51] INFO  server.RaftServerConfigKeys (ConfUtils.java:logGet(43)) - raft.server.rpc.request.timeout = 3000ms (default)
2019-10-13 20:34:25,835 [e5e75258-b30c-4414-b37a-9f78f5c93f4e@group-DCBDF572871E-LeaderElection51] INFO  server.RaftServerConfigKeys (ConfUtils.java:logGet(43)) - raft.server.log.appender.install.snapshot.enabled = false (custom)
2019-10-13 20:34:25,836 [e5e75258-b30c-4414-b37a-9f78f5c93f4e@group-DCBDF572871E-LeaderElection51] INFO  impl.RoleInfo (RoleInfo.java:updateAndGet(143)) - e5e75258-b30c-4414-b37a-9f78f5c93f4e: start LeaderState
2019-10-13 20:34:25,836 [e5e75258-b30c-4414-b37a-9f78f5c93f4e@group-DCBDF572871E-LeaderElection51] INFO  segmented.SegmentedRaftLogWorker (SegmentedRaftLogWorker.java:startLogSegment(385)) - e5e75258-b30c-4414-b37a-9f78f5c93f4e@group-DCBDF572871E-SegmentedRaftLogWorker: Starting segment from index:0
2019-10-13 20:34:25,837 [e5e75258-b30c-4414-b37a-9f78f5c93f4e@group-DCBDF572871E-LeaderElection51] INFO  impl.RaftServerImpl (ServerState.java:setRaftConf(356)) - e5e75258-b30c-4414-b37a-9f78f5c93f4e@group-DCBDF572871E: set configuration 0: [11713dd3-399b-47c9-a350-ec9ecee0f7a9:192.168.157.224:46287, e5e75258-b30c-4414-b37a-9f78f5c93f4e:192.168.157.224:44126, 732f13f1-effb-415c-bad5-ecb4cbb65b5c:192.168.157.224:33976], old=null at 0
2019-10-13 20:34:25,838 [grpc-default-executor-3] INFO  impl.RaftServerImpl (ServerState.java:setLeader(255)) - 732f13f1-effb-415c-bad5-ecb4cbb65b5c@group-DCBDF572871E: change Leader from null to e5e75258-b30c-4414-b37a-9f78f5c93f4e at term 1 for appendEntries, leader elected after 5158ms
2019-10-13 20:34:25,877 [11713dd3-399b-47c9-a350-ec9ecee0f7a9@group-319F9A4B14CA-LeaderElection52] INFO  impl.LeaderElection (LeaderElection.java:askForVotes(178)) - 11713dd3-399b-47c9-a350-ec9ecee0f7a9@group-319F9A4B14CA-LeaderElection52: begin an election at term 1 for -1: [11713dd3-399b-47c9-a350-ec9ecee0f7a9:192.168.157.224:46287], old=null
2019-10-13 20:34:25,880 [grpc-default-executor-4] INFO  impl.RaftServerImpl (ServerState.java:setLeader(255)) - 11713dd3-399b-47c9-a350-ec9ecee0f7a9@group-DCBDF572871E: change Leader from null to e5e75258-b30c-4414-b37a-9f78f5c93f4e at term 1 for appendEntries, leader elected after 5200ms
2019-10-13 20:34:25,881 [11713dd3-399b-47c9-a350-ec9ecee0f7a9@group-319F9A4B14CA-LeaderElection52] INFO  impl.RoleInfo (RoleInfo.java:shutdownLeaderElection(134)) - 11713dd3-399b-47c9-a350-ec9ecee0f7a9: shutdown LeaderElection
2019-10-13 20:34:25,881 [11713dd3-399b-47c9-a350-ec9ecee0f7a9@group-319F9A4B14CA-LeaderElection52] INFO  impl.RaftServerImpl (RaftServerImpl.java:setRole(170)) - 11713dd3-399b-47c9-a350-ec9ecee0f7a9@group-319F9A4B14CA: changes role from CANDIDATE to LEADER at term 1 for changeToLeader
2019-10-13 20:34:25,881 [11713dd3-399b-47c9-a350-ec9ecee0f7a9@group-319F9A4B14CA-LeaderElection52] INFO  impl.RaftServerImpl (ServerState.java:setLeader(255)) - 11713dd3-399b-47c9-a350-ec9ecee0f7a9@group-319F9A4B14CA: change Leader from null to 11713dd3-399b-47c9-a350-ec9ecee0f7a9 at term 1 for becomeLeader, leader elected after 5266ms
2019-10-13 20:34:25,882 [grpc-default-executor-4] INFO  impl.RaftServerImpl (ServerState.java:setRaftConf(356)) - 732f13f1-effb-415c-bad5-ecb4cbb65b5c@group-DCBDF572871E: set configuration 0: [11713dd3-399b-47c9-a350-ec9ecee0f7a9:192.168.157.224:46287, e5e75258-b30c-4414-b37a-9f78f5c93f4e:192.168.157.224:44126, 732f13f1-effb-415c-bad5-ecb4cbb65b5c:192.168.157.224:33976], old=null at 0
2019-10-13 20:34:25,882 [11713dd3-399b-47c9-a350-ec9ecee0f7a9@group-319F9A4B14CA-LeaderElection52] INFO  server.RaftServerConfigKeys (ConfUtils.java:logGet(43)) - raft.server.staging.catchup.gap = 1000 (default)
2019-10-13 20:34:25,882 [grpc-default-executor-4] INFO  segmented.SegmentedRaftLogWorker (SegmentedRaftLogWorker.java:startLogSegment(385)) - 732f13f1-effb-415c-bad5-ecb4cbb65b5c@group-DCBDF572871E-SegmentedRaftLogWorker: Starting segment from index:0
2019-10-13 20:34:25,882 [11713dd3-399b-47c9-a350-ec9ecee0f7a9@group-319F9A4B14CA-LeaderElection52] INFO  server.RaftServerConfigKeys (ConfUtils.java:logGet(43)) - raft.server.rpc.sleep.time = 25ms (default)
2019-10-13 20:34:25,883 [11713dd3-399b-47c9-a350-ec9ecee0f7a9@group-319F9A4B14CA-LeaderElection52] INFO  server.RaftServerConfigKeys (ConfUtils.java:logGet(43)) - raft.server.write.element-limit = 4096 (default)
2019-10-13 20:34:25,883 [11713dd3-399b-47c9-a350-ec9ecee0f7a9@group-319F9A4B14CA-LeaderElection52] INFO  server.RaftServerConfigKeys (ConfUtils.java:logGet(43)) - raft.server.watch.timeout = 10s (default)
2019-10-13 20:34:25,883 [11713dd3-399b-47c9-a350-ec9ecee0f7a9@group-319F9A4B14CA-LeaderElection52] INFO  server.RaftServerConfigKeys (ConfUtils.java:logGet(43)) - raft.server.watch.timeout.denomination = 1s (default)
2019-10-13 20:34:25,883 [11713dd3-399b-47c9-a350-ec9ecee0f7a9@group-319F9A4B14CA-LeaderElection52] INFO  server.RaftServerConfigKeys (ConfUtils.java:logGet(43)) - raft.server.watch.element-limit = 65536 (default)
2019-10-13 20:34:25,884 [grpc-default-executor-4] INFO  impl.RaftServerImpl (ServerState.java:setRaftConf(356)) - 11713dd3-399b-47c9-a350-ec9ecee0f7a9@group-DCBDF572871E: set configuration 0: [11713dd3-399b-47c9-a350-ec9ecee0f7a9:192.168.157.224:46287, e5e75258-b30c-4414-b37a-9f78f5c93f4e:192.168.157.224:44126, 732f13f1-effb-415c-bad5-ecb4cbb65b5c:192.168.157.224:33976], old=null at 0
2019-10-13 20:34:25,884 [grpc-default-executor-4] INFO  segmented.SegmentedRaftLogWorker (SegmentedRaftLogWorker.java:startLogSegment(385)) - 11713dd3-399b-47c9-a350-ec9ecee0f7a9@group-DCBDF572871E-SegmentedRaftLogWorker: Starting segment from index:0
2019-10-13 20:34:25,929 [e5e75258-b30c-4414-b37a-9f78f5c93f4e@group-DCBDF572871E-SegmentedRaftLogWorker] INFO  segmented.SegmentedRaftLogWorker (SegmentedRaftLogWorker.java:execute(574)) - e5e75258-b30c-4414-b37a-9f78f5c93f4e@group-DCBDF572871E-SegmentedRaftLogWorker: created new log segment /workdir/hadoop-ozone/integration-test/target/test-dir/MiniOzoneClusterImpl-e735d883-6d8e-4d30-a8f4-26865d39708e/datanode-4/data/ratis/3e63fa08-602b-45dd-ac3a-dcbdf572871e/current/log_inprogress_0
2019-10-13 20:34:25,931 [11713dd3-399b-47c9-a350-ec9ecee0f7a9@group-319F9A4B14CA-LeaderElection52] INFO  impl.RoleInfo (RoleInfo.java:updateAndGet(143)) - 11713dd3-399b-47c9-a350-ec9ecee0f7a9: start LeaderState
2019-10-13 20:34:25,932 [11713dd3-399b-47c9-a350-ec9ecee0f7a9@group-319F9A4B14CA-LeaderElection52] INFO  segmented.SegmentedRaftLogWorker (SegmentedRaftLogWorker.java:startLogSegment(385)) - 11713dd3-399b-47c9-a350-ec9ecee0f7a9@group-319F9A4B14CA-SegmentedRaftLogWorker: Starting segment from index:0
2019-10-13 20:34:25,937 [11713dd3-399b-47c9-a350-ec9ecee0f7a9@group-319F9A4B14CA-LeaderElection52] INFO  impl.RaftServerImpl (ServerState.java:setRaftConf(356)) - 11713dd3-399b-47c9-a350-ec9ecee0f7a9@group-319F9A4B14CA: set configuration 0: [11713dd3-399b-47c9-a350-ec9ecee0f7a9:192.168.157.224:46287], old=null at 0
2019-10-13 20:34:25,942 [11713dd3-399b-47c9-a350-ec9ecee0f7a9@group-DCBDF572871E-SegmentedRaftLogWorker] INFO  segmented.SegmentedRaftLogWorker (SegmentedRaftLogWorker.java:execute(574)) - 11713dd3-399b-47c9-a350-ec9ecee0f7a9@group-DCBDF572871E-SegmentedRaftLogWorker: created new log segment /workdir/hadoop-ozone/integration-test/target/test-dir/MiniOzoneClusterImpl-e735d883-6d8e-4d30-a8f4-26865d39708e/datanode-5/data/ratis/3e63fa08-602b-45dd-ac3a-dcbdf572871e/current/log_inprogress_0
2019-10-13 20:34:25,942 [732f13f1-effb-415c-bad5-ecb4cbb65b5c@group-DCBDF572871E-SegmentedRaftLogWorker] INFO  segmented.SegmentedRaftLogWorker (SegmentedRaftLogWorker.java:execute(574)) - 732f13f1-effb-415c-bad5-ecb4cbb65b5c@group-DCBDF572871E-SegmentedRaftLogWorker: created new log segment /workdir/hadoop-ozone/integration-test/target/test-dir/MiniOzoneClusterImpl-e735d883-6d8e-4d30-a8f4-26865d39708e/datanode-3/data/ratis/3e63fa08-602b-45dd-ac3a-dcbdf572871e/current/log_inprogress_0
2019-10-13 20:34:25,945 [java.util.concurrent.ThreadPoolExecutor$Worker@29c7306b[State = -1, empty queue]] WARN  server.GrpcLogAppender (GrpcLogAppender.java:timeoutAppendRequest(200)) - a62c5862-2413-45e1-a25a-271607b15565@group-C88106EEEC90->cab3cae7-f0a1-4851-a661-63d582d319d1-GrpcLogAppender: appendEntries Timeout, request=a62c5862-2413-45e1-a25a-271607b15565->cab3cae7-f0a1-4851-a661-63d582d319d1#112-t5, previous=(t:5, i:0), leaderCommit=0, initializing? false, entries: <empty>
2019-10-13 20:34:25,957 [java.util.concurrent.ThreadPoolExecutor$Worker@4c9c17fc[State = -1, empty queue]] WARN  server.GrpcLogAppender (GrpcLogAppender.java:timeoutAppendRequest(200)) - c6676a3b-9238-484a-870a-e78b36fd6b90@group-CCF72240D914->787c3207-a753-429a-a612-e3ac99d17bc9-GrpcLogAppender: appendEntries Timeout, request=c6676a3b-9238-484a-870a-e78b36fd6b90->787c3207-a753-429a-a612-e3ac99d17bc9#100-t6, previous=(t:6, i:2), leaderCommit=2, initializing? false, entries: <empty>
2019-10-13 20:34:26,004 [11713dd3-399b-47c9-a350-ec9ecee0f7a9@group-319F9A4B14CA-SegmentedRaftLogWorker] INFO  segmented.SegmentedRaftLogWorker (SegmentedRaftLogWorker.java:execute(574)) - 11713dd3-399b-47c9-a350-ec9ecee0f7a9@group-319F9A4B14CA-SegmentedRaftLogWorker: created new log segment /workdir/hadoop-ozone/integration-test/target/test-dir/MiniOzoneClusterImpl-e735d883-6d8e-4d30-a8f4-26865d39708e/datanode-5/data/ratis/0487b761-276c-42ef-ac4b-319f9a4b14ca/current/log_inprogress_0
2019-10-13 20:34:26,089 [Thread-1613] INFO  impl.FollowerState (FollowerState.java:run(108)) - c6676a3b-9238-484a-870a-e78b36fd6b90@group-5D7F111F42E3-FollowerState: change to CANDIDATE, lastRpcTime:1186ms, electionTimeout:1181ms
2019-10-13 20:34:26,089 [Thread-1613] INFO  impl.RoleInfo (RoleInfo.java:shutdownFollowerState(121)) - c6676a3b-9238-484a-870a-e78b36fd6b90: shutdown FollowerState
2019-10-13 20:34:26,089 [Thread-1613] INFO  impl.RaftServerImpl (RaftServerImpl.java:setRole(170)) - c6676a3b-9238-484a-870a-e78b36fd6b90@group-5D7F111F42E3: changes role from  FOLLOWER to CANDIDATE at term 11 for changeToCandidate
2019-10-13 20:34:26,089 [Thread-1613] INFO  impl.RoleInfo (RoleInfo.java:updateAndGet(143)) - c6676a3b-9238-484a-870a-e78b36fd6b90: start LeaderElection
2019-10-13 20:34:26,108 [c6676a3b-9238-484a-870a-e78b36fd6b90@group-5D7F111F42E3-LeaderElection53] INFO  impl.LeaderElection (LeaderElection.java:askForVotes(178)) - c6676a3b-9238-484a-870a-e78b36fd6b90@group-5D7F111F42E3-LeaderElection53: begin an election at term 12 for 0: [cab3cae7-f0a1-4851-a661-63d582d319d1:192.168.157.224:38398, 787c3207-a753-429a-a612-e3ac99d17bc9:192.168.157.224:45659, c6676a3b-9238-484a-870a-e78b36fd6b90:192.168.157.224:37064], old=null
2019-10-13 20:34:26,111 [Datanode State Machine Thread - 0] INFO  statemachine.DatanodeStateMachine (DatanodeStateMachine.java:lambda$startDaemon$0(350)) - Ozone container server started.
2019-10-13 20:34:26,113 [grpc-default-executor-3] WARN  server.GrpcServerProtocolService (LogUtils.java:warn(136)) - 787c3207-a753-429a-a612-e3ac99d17bc9: Failed requestVote c6676a3b-9238-484a-870a-e78b36fd6b90->787c3207-a753-429a-a612-e3ac99d17bc9#0
org.apache.ratis.protocol.GroupMismatchException: 787c3207-a753-429a-a612-e3ac99d17bc9: group-5D7F111F42E3 not found.
	at org.apache.ratis.server.impl.RaftServerProxy$ImplMap.get(RaftServerProxy.java:122)
	at org.apache.ratis.server.impl.RaftServerProxy.getImplFuture(RaftServerProxy.java:269)
	at org.apache.ratis.server.impl.RaftServerProxy.getImpl(RaftServerProxy.java:278)
	at org.apache.ratis.server.impl.RaftServerProxy.getImpl(RaftServerProxy.java:273)
	at org.apache.ratis.server.impl.RaftServerProxy.requestVote(RaftServerProxy.java:443)
	at org.apache.ratis.grpc.server.GrpcServerProtocolService.requestVote(GrpcServerProtocolService.java:142)
	at org.apache.ratis.proto.grpc.RaftServerProtocolServiceGrpc$MethodHandlers.invoke(RaftServerProtocolServiceGrpc.java:319)
	at org.apache.ratis.thirdparty.io.grpc.stub.ServerCalls$UnaryServerCallHandler$UnaryServerCallListener.onHalfClose(ServerCalls.java:171)
	at org.apache.ratis.thirdparty.io.grpc.internal.ServerCallImpl$ServerStreamListenerImpl.halfClosed(ServerCallImpl.java:283)
	at org.apache.ratis.thirdparty.io.grpc.internal.ServerImpl$JumpToApplicationThreadServerStreamListener$1HalfClosed.runInContext(ServerImpl.java:710)
	at org.apache.ratis.thirdparty.io.grpc.internal.ContextRunnable.run(ContextRunnable.java:37)
	at org.apache.ratis.thirdparty.io.grpc.internal.SerializingExecutor.run(SerializingExecutor.java:123)
	at java.util.concurrent.ThreadPoolExecutor.runWorker(ThreadPoolExecutor.java:1149)
	at java.util.concurrent.ThreadPoolExecutor$Worker.run(ThreadPoolExecutor.java:624)
	at java.lang.Thread.run(Thread.java:748)
2019-10-13 20:34:26,113 [grpc-default-executor-0] WARN  server.GrpcServerProtocolService (LogUtils.java:warn(136)) - cab3cae7-f0a1-4851-a661-63d582d319d1: Failed requestVote c6676a3b-9238-484a-870a-e78b36fd6b90->cab3cae7-f0a1-4851-a661-63d582d319d1#0
org.apache.ratis.protocol.GroupMismatchException: cab3cae7-f0a1-4851-a661-63d582d319d1: group-5D7F111F42E3 not found.
	at org.apache.ratis.server.impl.RaftServerProxy$ImplMap.get(RaftServerProxy.java:122)
	at org.apache.ratis.server.impl.RaftServerProxy.getImplFuture(RaftServerProxy.java:269)
	at org.apache.ratis.server.impl.RaftServerProxy.getImpl(RaftServerProxy.java:278)
	at org.apache.ratis.server.impl.RaftServerProxy.getImpl(RaftServerProxy.java:273)
	at org.apache.ratis.server.impl.RaftServerProxy.requestVote(RaftServerProxy.java:443)
	at org.apache.ratis.grpc.server.GrpcServerProtocolService.requestVote(GrpcServerProtocolService.java:142)
	at org.apache.ratis.proto.grpc.RaftServerProtocolServiceGrpc$MethodHandlers.invoke(RaftServerProtocolServiceGrpc.java:319)
	at org.apache.ratis.thirdparty.io.grpc.stub.ServerCalls$UnaryServerCallHandler$UnaryServerCallListener.onHalfClose(ServerCalls.java:171)
	at org.apache.ratis.thirdparty.io.grpc.internal.ServerCallImpl$ServerStreamListenerImpl.halfClosed(ServerCallImpl.java:283)
	at org.apache.ratis.thirdparty.io.grpc.internal.ServerImpl$JumpToApplicationThreadServerStreamListener$1HalfClosed.runInContext(ServerImpl.java:710)
	at org.apache.ratis.thirdparty.io.grpc.internal.ContextRunnable.run(ContextRunnable.java:37)
	at org.apache.ratis.thirdparty.io.grpc.internal.SerializingExecutor.run(SerializingExecutor.java:123)
	at java.util.concurrent.ThreadPoolExecutor.runWorker(ThreadPoolExecutor.java:1149)
	at java.util.concurrent.ThreadPoolExecutor$Worker.run(ThreadPoolExecutor.java:624)
	at java.lang.Thread.run(Thread.java:748)
2019-10-13 20:34:26,114 [java.util.concurrent.ThreadPoolExecutor$Worker@2baf159d[State = -1, empty queue]] WARN  server.GrpcLogAppender (GrpcLogAppender.java:timeoutAppendRequest(200)) - a62c5862-2413-45e1-a25a-271607b15565@group-C88106EEEC90->787c3207-a753-429a-a612-e3ac99d17bc9-GrpcLogAppender: appendEntries Timeout, request=a62c5862-2413-45e1-a25a-271607b15565->787c3207-a753-429a-a612-e3ac99d17bc9#112-t5, previous=(t:5, i:0), leaderCommit=0, initializing? false, entries: <empty>
2019-10-13 20:34:26,116 [c6676a3b-9238-484a-870a-e78b36fd6b90@group-5D7F111F42E3-LeaderElection53] INFO  impl.LeaderElection (LogUtils.java:infoOrTrace(149)) - c6676a3b-9238-484a-870a-e78b36fd6b90@group-5D7F111F42E3-LeaderElection53 got exception when requesting votes: {}
java.util.concurrent.ExecutionException: org.apache.ratis.thirdparty.io.grpc.StatusRuntimeException: INTERNAL: 787c3207-a753-429a-a612-e3ac99d17bc9: group-5D7F111F42E3 not found.
	at java.util.concurrent.FutureTask.report(FutureTask.java:122)
	at java.util.concurrent.FutureTask.get(FutureTask.java:192)
	at org.apache.ratis.server.impl.LeaderElection.waitForResults(LeaderElection.java:259)
	at org.apache.ratis.server.impl.LeaderElection.askForVotes(LeaderElection.java:197)
	at org.apache.ratis.server.impl.LeaderElection.run(LeaderElection.java:133)
	at java.lang.Thread.run(Thread.java:748)
Caused by: org.apache.ratis.thirdparty.io.grpc.StatusRuntimeException: INTERNAL: 787c3207-a753-429a-a612-e3ac99d17bc9: group-5D7F111F42E3 not found.
	at org.apache.ratis.thirdparty.io.grpc.stub.ClientCalls.toStatusRuntimeException(ClientCalls.java:233)
	at org.apache.ratis.thirdparty.io.grpc.stub.ClientCalls.getUnchecked(ClientCalls.java:214)
	at org.apache.ratis.thirdparty.io.grpc.stub.ClientCalls.blockingUnaryCall(ClientCalls.java:139)
	at org.apache.ratis.proto.grpc.RaftServerProtocolServiceGrpc$RaftServerProtocolServiceBlockingStub.requestVote(RaftServerProtocolServiceGrpc.java:265)
	at org.apache.ratis.grpc.server.GrpcServerProtocolClient.requestVote(GrpcServerProtocolClient.java:99)
	at org.apache.ratis.grpc.server.GrpcService.requestVote(GrpcService.java:204)
	at org.apache.ratis.server.impl.LeaderElection.lambda$submitRequests$1(LeaderElection.java:234)
	at java.util.concurrent.FutureTask.run(FutureTask.java:266)
	at java.util.concurrent.Executors$RunnableAdapter.call(Executors.java:511)
	at java.util.concurrent.FutureTask.run(FutureTask.java:266)
	at java.util.concurrent.ThreadPoolExecutor.runWorker(ThreadPoolExecutor.java:1149)
	at java.util.concurrent.ThreadPoolExecutor$Worker.run(ThreadPoolExecutor.java:624)
	... 1 more
2019-10-13 20:34:26,120 [c6676a3b-9238-484a-870a-e78b36fd6b90@group-5D7F111F42E3-LeaderElection53] INFO  impl.LeaderElection (LogUtils.java:infoOrTrace(149)) - c6676a3b-9238-484a-870a-e78b36fd6b90@group-5D7F111F42E3-LeaderElection53 got exception when requesting votes: {}
java.util.concurrent.ExecutionException: org.apache.ratis.thirdparty.io.grpc.StatusRuntimeException: INTERNAL: cab3cae7-f0a1-4851-a661-63d582d319d1: group-5D7F111F42E3 not found.
	at java.util.concurrent.FutureTask.report(FutureTask.java:122)
	at java.util.concurrent.FutureTask.get(FutureTask.java:192)
	at org.apache.ratis.server.impl.LeaderElection.waitForResults(LeaderElection.java:259)
	at org.apache.ratis.server.impl.LeaderElection.askForVotes(LeaderElection.java:197)
	at org.apache.ratis.server.impl.LeaderElection.run(LeaderElection.java:133)
	at java.lang.Thread.run(Thread.java:748)
Caused by: org.apache.ratis.thirdparty.io.grpc.StatusRuntimeException: INTERNAL: cab3cae7-f0a1-4851-a661-63d582d319d1: group-5D7F111F42E3 not found.
	at org.apache.ratis.thirdparty.io.grpc.stub.ClientCalls.toStatusRuntimeException(ClientCalls.java:233)
	at org.apache.ratis.thirdparty.io.grpc.stub.ClientCalls.getUnchecked(ClientCalls.java:214)
	at org.apache.ratis.thirdparty.io.grpc.stub.ClientCalls.blockingUnaryCall(ClientCalls.java:139)
	at org.apache.ratis.proto.grpc.RaftServerProtocolServiceGrpc$RaftServerProtocolServiceBlockingStub.requestVote(RaftServerProtocolServiceGrpc.java:265)
	at org.apache.ratis.grpc.server.GrpcServerProtocolClient.requestVote(GrpcServerProtocolClient.java:99)
	at org.apache.ratis.grpc.server.GrpcService.requestVote(GrpcService.java:204)
	at org.apache.ratis.server.impl.LeaderElection.lambda$submitRequests$1(LeaderElection.java:234)
	at java.util.concurrent.FutureTask.run(FutureTask.java:266)
	at java.util.concurrent.Executors$RunnableAdapter.call(Executors.java:511)
	at java.util.concurrent.FutureTask.run(FutureTask.java:266)
	at java.util.concurrent.ThreadPoolExecutor.runWorker(ThreadPoolExecutor.java:1149)
	at java.util.concurrent.ThreadPoolExecutor$Worker.run(ThreadPoolExecutor.java:624)
	... 1 more
2019-10-13 20:34:26,123 [c6676a3b-9238-484a-870a-e78b36fd6b90@group-5D7F111F42E3-LeaderElection53] INFO  impl.LeaderElection (LeaderElection.java:logAndReturn(56)) - c6676a3b-9238-484a-870a-e78b36fd6b90@group-5D7F111F42E3-LeaderElection53: Election REJECTED; received 0 response(s) [] and 2 exception(s); c6676a3b-9238-484a-870a-e78b36fd6b90@group-5D7F111F42E3:t12, leader=null, voted=c6676a3b-9238-484a-870a-e78b36fd6b90, raftlog=c6676a3b-9238-484a-870a-e78b36fd6b90@group-5D7F111F42E3-SegmentedRaftLog:OPENED:c0,f0,i0, conf=0: [cab3cae7-f0a1-4851-a661-63d582d319d1:192.168.157.224:38398, 787c3207-a753-429a-a612-e3ac99d17bc9:192.168.157.224:45659, c6676a3b-9238-484a-870a-e78b36fd6b90:192.168.157.224:37064], old=null
2019-10-13 20:34:26,123 [c6676a3b-9238-484a-870a-e78b36fd6b90@group-5D7F111F42E3-LeaderElection53] INFO  impl.LeaderElection (LogUtils.java:infoOrTrace(149)) -   Exception 0: {}
java.util.concurrent.ExecutionException: org.apache.ratis.thirdparty.io.grpc.StatusRuntimeException: INTERNAL: 787c3207-a753-429a-a612-e3ac99d17bc9: group-5D7F111F42E3 not found.
	at java.util.concurrent.FutureTask.report(FutureTask.java:122)
	at java.util.concurrent.FutureTask.get(FutureTask.java:192)
	at org.apache.ratis.server.impl.LeaderElection.waitForResults(LeaderElection.java:259)
	at org.apache.ratis.server.impl.LeaderElection.askForVotes(LeaderElection.java:197)
	at org.apache.ratis.server.impl.LeaderElection.run(LeaderElection.java:133)
	at java.lang.Thread.run(Thread.java:748)
Caused by: org.apache.ratis.thirdparty.io.grpc.StatusRuntimeException: INTERNAL: 787c3207-a753-429a-a612-e3ac99d17bc9: group-5D7F111F42E3 not found.
	at org.apache.ratis.thirdparty.io.grpc.stub.ClientCalls.toStatusRuntimeException(ClientCalls.java:233)
	at org.apache.ratis.thirdparty.io.grpc.stub.ClientCalls.getUnchecked(ClientCalls.java:214)
	at org.apache.ratis.thirdparty.io.grpc.stub.ClientCalls.blockingUnaryCall(ClientCalls.java:139)
	at org.apache.ratis.proto.grpc.RaftServerProtocolServiceGrpc$RaftServerProtocolServiceBlockingStub.requestVote(RaftServerProtocolServiceGrpc.java:265)
	at org.apache.ratis.grpc.server.GrpcServerProtocolClient.requestVote(GrpcServerProtocolClient.java:99)
	at org.apache.ratis.grpc.server.GrpcService.requestVote(GrpcService.java:204)
	at org.apache.ratis.server.impl.LeaderElection.lambda$submitRequests$1(LeaderElection.java:234)
	at java.util.concurrent.FutureTask.run(FutureTask.java:266)
	at java.util.concurrent.Executors$RunnableAdapter.call(Executors.java:511)
	at java.util.concurrent.FutureTask.run(FutureTask.java:266)
	at java.util.concurrent.ThreadPoolExecutor.runWorker(ThreadPoolExecutor.java:1149)
	at java.util.concurrent.ThreadPoolExecutor$Worker.run(ThreadPoolExecutor.java:624)
	... 1 more
2019-10-13 20:34:26,123 [c6676a3b-9238-484a-870a-e78b36fd6b90@group-5D7F111F42E3-LeaderElection53] INFO  impl.LeaderElection (LogUtils.java:infoOrTrace(149)) -   Exception 1: {}
java.util.concurrent.ExecutionException: org.apache.ratis.thirdparty.io.grpc.StatusRuntimeException: INTERNAL: cab3cae7-f0a1-4851-a661-63d582d319d1: group-5D7F111F42E3 not found.
	at java.util.concurrent.FutureTask.report(FutureTask.java:122)
	at java.util.concurrent.FutureTask.get(FutureTask.java:192)
	at org.apache.ratis.server.impl.LeaderElection.waitForResults(LeaderElection.java:259)
	at org.apache.ratis.server.impl.LeaderElection.askForVotes(LeaderElection.java:197)
	at org.apache.ratis.server.impl.LeaderElection.run(LeaderElection.java:133)
	at java.lang.Thread.run(Thread.java:748)
Caused by: org.apache.ratis.thirdparty.io.grpc.StatusRuntimeException: INTERNAL: cab3cae7-f0a1-4851-a661-63d582d319d1: group-5D7F111F42E3 not found.
	at org.apache.ratis.thirdparty.io.grpc.stub.ClientCalls.toStatusRuntimeException(ClientCalls.java:233)
	at org.apache.ratis.thirdparty.io.grpc.stub.ClientCalls.getUnchecked(ClientCalls.java:214)
	at org.apache.ratis.thirdparty.io.grpc.stub.ClientCalls.blockingUnaryCall(ClientCalls.java:139)
	at org.apache.ratis.proto.grpc.RaftServerProtocolServiceGrpc$RaftServerProtocolServiceBlockingStub.requestVote(RaftServerProtocolServiceGrpc.java:265)
	at org.apache.ratis.grpc.server.GrpcServerProtocolClient.requestVote(GrpcServerProtocolClient.java:99)
	at org.apache.ratis.grpc.server.GrpcService.requestVote(GrpcService.java:204)
	at org.apache.ratis.server.impl.LeaderElection.lambda$submitRequests$1(LeaderElection.java:234)
	at java.util.concurrent.FutureTask.run(FutureTask.java:266)
	at java.util.concurrent.Executors$RunnableAdapter.call(Executors.java:511)
	at java.util.concurrent.FutureTask.run(FutureTask.java:266)
	at java.util.concurrent.ThreadPoolExecutor.runWorker(ThreadPoolExecutor.java:1149)
	at java.util.concurrent.ThreadPoolExecutor$Worker.run(ThreadPoolExecutor.java:624)
	... 1 more
2019-10-13 20:34:26,124 [c6676a3b-9238-484a-870a-e78b36fd6b90@group-5D7F111F42E3-LeaderElection53] INFO  impl.RaftServerImpl (RaftServerImpl.java:setRole(170)) - c6676a3b-9238-484a-870a-e78b36fd6b90@group-5D7F111F42E3: changes role from CANDIDATE to FOLLOWER at term 12 for DISCOVERED_A_NEW_TERM
2019-10-13 20:34:26,124 [c6676a3b-9238-484a-870a-e78b36fd6b90@group-5D7F111F42E3-LeaderElection53] INFO  impl.RoleInfo (RoleInfo.java:shutdownLeaderElection(134)) - c6676a3b-9238-484a-870a-e78b36fd6b90: shutdown LeaderElection
2019-10-13 20:34:26,124 [c6676a3b-9238-484a-870a-e78b36fd6b90@group-5D7F111F42E3-LeaderElection53] INFO  impl.RoleInfo (RoleInfo.java:updateAndGet(143)) - c6676a3b-9238-484a-870a-e78b36fd6b90: start FollowerState
2019-10-13 20:34:26,321 [java.util.concurrent.ThreadPoolExecutor$Worker@dbb1acd[State = -1, empty queue]] WARN  server.GrpcLogAppender (GrpcLogAppender.java:timeoutAppendRequest(200)) - c6676a3b-9238-484a-870a-e78b36fd6b90@group-CCF72240D914->cab3cae7-f0a1-4851-a661-63d582d319d1-GrpcLogAppender: appendEntries Timeout, request=c6676a3b-9238-484a-870a-e78b36fd6b90->cab3cae7-f0a1-4851-a661-63d582d319d1#102-t6, previous=(t:6, i:2), leaderCommit=2, initializing? false, entries: <empty>
2019-10-13 20:34:26,445 [java.util.concurrent.ThreadPoolExecutor$Worker@29c7306b[State = -1, empty queue]] WARN  server.GrpcLogAppender (GrpcLogAppender.java:timeoutAppendRequest(200)) - a62c5862-2413-45e1-a25a-271607b15565@group-C88106EEEC90->cab3cae7-f0a1-4851-a661-63d582d319d1-GrpcLogAppender: appendEntries Timeout, request=a62c5862-2413-45e1-a25a-271607b15565->cab3cae7-f0a1-4851-a661-63d582d319d1#113-t5, previous=(t:5, i:0), leaderCommit=0, initializing? false, entries: <empty>
2019-10-13 20:34:26,457 [java.util.concurrent.ThreadPoolExecutor$Worker@4c9c17fc[State = -1, empty queue]] WARN  server.GrpcLogAppender (GrpcLogAppender.java:timeoutAppendRequest(200)) - c6676a3b-9238-484a-870a-e78b36fd6b90@group-CCF72240D914->787c3207-a753-429a-a612-e3ac99d17bc9-GrpcLogAppender: appendEntries Timeout, request=c6676a3b-9238-484a-870a-e78b36fd6b90->787c3207-a753-429a-a612-e3ac99d17bc9#101-t6, previous=(t:6, i:2), leaderCommit=2, initializing? false, entries: <empty>
2019-10-13 20:34:26,614 [java.util.concurrent.ThreadPoolExecutor$Worker@2baf159d[State = -1, empty queue]] WARN  server.GrpcLogAppender (GrpcLogAppender.java:timeoutAppendRequest(200)) - a62c5862-2413-45e1-a25a-271607b15565@group-C88106EEEC90->787c3207-a753-429a-a612-e3ac99d17bc9-GrpcLogAppender: appendEntries Timeout, request=a62c5862-2413-45e1-a25a-271607b15565->787c3207-a753-429a-a612-e3ac99d17bc9#113-t5, previous=(t:5, i:0), leaderCommit=0, initializing? false, entries: <empty>
2019-10-13 20:34:26,824 [java.util.concurrent.ThreadPoolExecutor$Worker@dbb1acd[State = -1, empty queue]] WARN  server.GrpcLogAppender (GrpcLogAppender.java:timeoutAppendRequest(200)) - c6676a3b-9238-484a-870a-e78b36fd6b90@group-CCF72240D914->cab3cae7-f0a1-4851-a661-63d582d319d1-GrpcLogAppender: appendEntries Timeout, request=c6676a3b-9238-484a-870a-e78b36fd6b90->cab3cae7-f0a1-4851-a661-63d582d319d1#103-t6, previous=(t:6, i:2), leaderCommit=2, initializing? false, entries: <empty>
2019-10-13 20:34:26,945 [java.util.concurrent.ThreadPoolExecutor$Worker@29c7306b[State = -1, empty queue]] WARN  server.GrpcLogAppender (GrpcLogAppender.java:timeoutAppendRequest(200)) - a62c5862-2413-45e1-a25a-271607b15565@group-C88106EEEC90->cab3cae7-f0a1-4851-a661-63d582d319d1-GrpcLogAppender: appendEntries Timeout, request=a62c5862-2413-45e1-a25a-271607b15565->cab3cae7-f0a1-4851-a661-63d582d319d1#114-t5, previous=(t:5, i:0), leaderCommit=0, initializing? false, entries: <empty>
2019-10-13 20:34:26,957 [java.util.concurrent.ThreadPoolExecutor$Worker@4c9c17fc[State = -1, empty queue]] WARN  server.GrpcLogAppender (GrpcLogAppender.java:timeoutAppendRequest(200)) - c6676a3b-9238-484a-870a-e78b36fd6b90@group-CCF72240D914->787c3207-a753-429a-a612-e3ac99d17bc9-GrpcLogAppender: appendEntries Timeout, request=c6676a3b-9238-484a-870a-e78b36fd6b90->787c3207-a753-429a-a612-e3ac99d17bc9#102-t6, previous=(t:6, i:2), leaderCommit=2, initializing? false, entries: <empty>
2019-10-13 20:34:27,115 [java.util.concurrent.ThreadPoolExecutor$Worker@2baf159d[State = -1, empty queue]] WARN  server.GrpcLogAppender (GrpcLogAppender.java:timeoutAppendRequest(200)) - a62c5862-2413-45e1-a25a-271607b15565@group-C88106EEEC90->787c3207-a753-429a-a612-e3ac99d17bc9-GrpcLogAppender: appendEntries Timeout, request=a62c5862-2413-45e1-a25a-271607b15565->787c3207-a753-429a-a612-e3ac99d17bc9#114-t5, previous=(t:5, i:0), leaderCommit=0, initializing? false, entries: <empty>
2019-10-13 20:34:27,138 [Thread-1672] INFO  impl.FollowerState (FollowerState.java:run(108)) - c6676a3b-9238-484a-870a-e78b36fd6b90@group-5D7F111F42E3-FollowerState: change to CANDIDATE, lastRpcTime:1013ms, electionTimeout:1013ms
2019-10-13 20:34:27,138 [Thread-1672] INFO  impl.RoleInfo (RoleInfo.java:shutdownFollowerState(121)) - c6676a3b-9238-484a-870a-e78b36fd6b90: shutdown FollowerState
2019-10-13 20:34:27,138 [Thread-1672] INFO  impl.RaftServerImpl (RaftServerImpl.java:setRole(170)) - c6676a3b-9238-484a-870a-e78b36fd6b90@group-5D7F111F42E3: changes role from  FOLLOWER to CANDIDATE at term 12 for changeToCandidate
2019-10-13 20:34:27,138 [Thread-1672] INFO  impl.RoleInfo (RoleInfo.java:updateAndGet(143)) - c6676a3b-9238-484a-870a-e78b36fd6b90: start LeaderElection
2019-10-13 20:34:27,172 [c6676a3b-9238-484a-870a-e78b36fd6b90@group-5D7F111F42E3-LeaderElection54] INFO  impl.LeaderElection (LeaderElection.java:askForVotes(178)) - c6676a3b-9238-484a-870a-e78b36fd6b90@group-5D7F111F42E3-LeaderElection54: begin an election at term 13 for 0: [cab3cae7-f0a1-4851-a661-63d582d319d1:192.168.157.224:38398, 787c3207-a753-429a-a612-e3ac99d17bc9:192.168.157.224:45659, c6676a3b-9238-484a-870a-e78b36fd6b90:192.168.157.224:37064], old=null
2019-10-13 20:34:27,175 [grpc-default-executor-0] WARN  server.GrpcServerProtocolService (LogUtils.java:warn(136)) - cab3cae7-f0a1-4851-a661-63d582d319d1: Failed requestVote c6676a3b-9238-484a-870a-e78b36fd6b90->cab3cae7-f0a1-4851-a661-63d582d319d1#0
org.apache.ratis.protocol.GroupMismatchException: cab3cae7-f0a1-4851-a661-63d582d319d1: group-5D7F111F42E3 not found.
	at org.apache.ratis.server.impl.RaftServerProxy$ImplMap.get(RaftServerProxy.java:122)
	at org.apache.ratis.server.impl.RaftServerProxy.getImplFuture(RaftServerProxy.java:269)
	at org.apache.ratis.server.impl.RaftServerProxy.getImpl(RaftServerProxy.java:278)
	at org.apache.ratis.server.impl.RaftServerProxy.getImpl(RaftServerProxy.java:273)
	at org.apache.ratis.server.impl.RaftServerProxy.requestVote(RaftServerProxy.java:443)
	at org.apache.ratis.grpc.server.GrpcServerProtocolService.requestVote(GrpcServerProtocolService.java:142)
	at org.apache.ratis.proto.grpc.RaftServerProtocolServiceGrpc$MethodHandlers.invoke(RaftServerProtocolServiceGrpc.java:319)
	at org.apache.ratis.thirdparty.io.grpc.stub.ServerCalls$UnaryServerCallHandler$UnaryServerCallListener.onHalfClose(ServerCalls.java:171)
	at org.apache.ratis.thirdparty.io.grpc.internal.ServerCallImpl$ServerStreamListenerImpl.halfClosed(ServerCallImpl.java:283)
	at org.apache.ratis.thirdparty.io.grpc.internal.ServerImpl$JumpToApplicationThreadServerStreamListener$1HalfClosed.runInContext(ServerImpl.java:710)
	at org.apache.ratis.thirdparty.io.grpc.internal.ContextRunnable.run(ContextRunnable.java:37)
	at org.apache.ratis.thirdparty.io.grpc.internal.SerializingExecutor.run(SerializingExecutor.java:123)
	at java.util.concurrent.ThreadPoolExecutor.runWorker(ThreadPoolExecutor.java:1149)
	at java.util.concurrent.ThreadPoolExecutor$Worker.run(ThreadPoolExecutor.java:624)
	at java.lang.Thread.run(Thread.java:748)
2019-10-13 20:34:27,176 [grpc-default-executor-3] WARN  server.GrpcServerProtocolService (LogUtils.java:warn(136)) - 787c3207-a753-429a-a612-e3ac99d17bc9: Failed requestVote c6676a3b-9238-484a-870a-e78b36fd6b90->787c3207-a753-429a-a612-e3ac99d17bc9#0
org.apache.ratis.protocol.GroupMismatchException: 787c3207-a753-429a-a612-e3ac99d17bc9: group-5D7F111F42E3 not found.
	at org.apache.ratis.server.impl.RaftServerProxy$ImplMap.get(RaftServerProxy.java:122)
	at org.apache.ratis.server.impl.RaftServerProxy.getImplFuture(RaftServerProxy.java:269)
	at org.apache.ratis.server.impl.RaftServerProxy.getImpl(RaftServerProxy.java:278)
	at org.apache.ratis.server.impl.RaftServerProxy.getImpl(RaftServerProxy.java:273)
	at org.apache.ratis.server.impl.RaftServerProxy.requestVote(RaftServerProxy.java:443)
	at org.apache.ratis.grpc.server.GrpcServerProtocolService.requestVote(GrpcServerProtocolService.java:142)
	at org.apache.ratis.proto.grpc.RaftServerProtocolServiceGrpc$MethodHandlers.invoke(RaftServerProtocolServiceGrpc.java:319)
	at org.apache.ratis.thirdparty.io.grpc.stub.ServerCalls$UnaryServerCallHandler$UnaryServerCallListener.onHalfClose(ServerCalls.java:171)
	at org.apache.ratis.thirdparty.io.grpc.internal.ServerCallImpl$ServerStreamListenerImpl.halfClosed(ServerCallImpl.java:283)
	at org.apache.ratis.thirdparty.io.grpc.internal.ServerImpl$JumpToApplicationThreadServerStreamListener$1HalfClosed.runInContext(ServerImpl.java:710)
	at org.apache.ratis.thirdparty.io.grpc.internal.ContextRunnable.run(ContextRunnable.java:37)
	at org.apache.ratis.thirdparty.io.grpc.internal.SerializingExecutor.run(SerializingExecutor.java:123)
	at java.util.concurrent.ThreadPoolExecutor.runWorker(ThreadPoolExecutor.java:1149)
	at java.util.concurrent.ThreadPoolExecutor$Worker.run(ThreadPoolExecutor.java:624)
	at java.lang.Thread.run(Thread.java:748)
2019-10-13 20:34:27,177 [c6676a3b-9238-484a-870a-e78b36fd6b90@group-5D7F111F42E3-LeaderElection54] INFO  impl.LeaderElection (LogUtils.java:infoOrTrace(149)) - c6676a3b-9238-484a-870a-e78b36fd6b90@group-5D7F111F42E3-LeaderElection54 got exception when requesting votes: {}
java.util.concurrent.ExecutionException: org.apache.ratis.thirdparty.io.grpc.StatusRuntimeException: INTERNAL: cab3cae7-f0a1-4851-a661-63d582d319d1: group-5D7F111F42E3 not found.
	at java.util.concurrent.FutureTask.report(FutureTask.java:122)
	at java.util.concurrent.FutureTask.get(FutureTask.java:192)
	at org.apache.ratis.server.impl.LeaderElection.waitForResults(LeaderElection.java:259)
	at org.apache.ratis.server.impl.LeaderElection.askForVotes(LeaderElection.java:197)
	at org.apache.ratis.server.impl.LeaderElection.run(LeaderElection.java:133)
	at java.lang.Thread.run(Thread.java:748)
Caused by: org.apache.ratis.thirdparty.io.grpc.StatusRuntimeException: INTERNAL: cab3cae7-f0a1-4851-a661-63d582d319d1: group-5D7F111F42E3 not found.
	at org.apache.ratis.thirdparty.io.grpc.stub.ClientCalls.toStatusRuntimeException(ClientCalls.java:233)
	at org.apache.ratis.thirdparty.io.grpc.stub.ClientCalls.getUnchecked(ClientCalls.java:214)
	at org.apache.ratis.thirdparty.io.grpc.stub.ClientCalls.blockingUnaryCall(ClientCalls.java:139)
	at org.apache.ratis.proto.grpc.RaftServerProtocolServiceGrpc$RaftServerProtocolServiceBlockingStub.requestVote(RaftServerProtocolServiceGrpc.java:265)
	at org.apache.ratis.grpc.server.GrpcServerProtocolClient.requestVote(GrpcServerProtocolClient.java:99)
	at org.apache.ratis.grpc.server.GrpcService.requestVote(GrpcService.java:204)
	at org.apache.ratis.server.impl.LeaderElection.lambda$submitRequests$1(LeaderElection.java:234)
	at java.util.concurrent.FutureTask.run(FutureTask.java:266)
	at java.util.concurrent.Executors$RunnableAdapter.call(Executors.java:511)
	at java.util.concurrent.FutureTask.run(FutureTask.java:266)
	at java.util.concurrent.ThreadPoolExecutor.runWorker(ThreadPoolExecutor.java:1149)
	at java.util.concurrent.ThreadPoolExecutor$Worker.run(ThreadPoolExecutor.java:624)
	... 1 more
2019-10-13 20:34:27,184 [c6676a3b-9238-484a-870a-e78b36fd6b90@group-5D7F111F42E3-LeaderElection54] INFO  impl.LeaderElection (LogUtils.java:infoOrTrace(149)) - c6676a3b-9238-484a-870a-e78b36fd6b90@group-5D7F111F42E3-LeaderElection54 got exception when requesting votes: {}
java.util.concurrent.ExecutionException: org.apache.ratis.thirdparty.io.grpc.StatusRuntimeException: INTERNAL: 787c3207-a753-429a-a612-e3ac99d17bc9: group-5D7F111F42E3 not found.
	at java.util.concurrent.FutureTask.report(FutureTask.java:122)
	at java.util.concurrent.FutureTask.get(FutureTask.java:192)
	at org.apache.ratis.server.impl.LeaderElection.waitForResults(LeaderElection.java:259)
	at org.apache.ratis.server.impl.LeaderElection.askForVotes(LeaderElection.java:197)
	at org.apache.ratis.server.impl.LeaderElection.run(LeaderElection.java:133)
	at java.lang.Thread.run(Thread.java:748)
Caused by: org.apache.ratis.thirdparty.io.grpc.StatusRuntimeException: INTERNAL: 787c3207-a753-429a-a612-e3ac99d17bc9: group-5D7F111F42E3 not found.
	at org.apache.ratis.thirdparty.io.grpc.stub.ClientCalls.toStatusRuntimeException(ClientCalls.java:233)
	at org.apache.ratis.thirdparty.io.grpc.stub.ClientCalls.getUnchecked(ClientCalls.java:214)
	at org.apache.ratis.thirdparty.io.grpc.stub.ClientCalls.blockingUnaryCall(ClientCalls.java:139)
	at org.apache.ratis.proto.grpc.RaftServerProtocolServiceGrpc$RaftServerProtocolServiceBlockingStub.requestVote(RaftServerProtocolServiceGrpc.java:265)
	at org.apache.ratis.grpc.server.GrpcServerProtocolClient.requestVote(GrpcServerProtocolClient.java:99)
	at org.apache.ratis.grpc.server.GrpcService.requestVote(GrpcService.java:204)
	at org.apache.ratis.server.impl.LeaderElection.lambda$submitRequests$1(LeaderElection.java:234)
	at java.util.concurrent.FutureTask.run(FutureTask.java:266)
	at java.util.concurrent.Executors$RunnableAdapter.call(Executors.java:511)
	at java.util.concurrent.FutureTask.run(FutureTask.java:266)
	at java.util.concurrent.ThreadPoolExecutor.runWorker(ThreadPoolExecutor.java:1149)
	at java.util.concurrent.ThreadPoolExecutor$Worker.run(ThreadPoolExecutor.java:624)
	... 1 more
2019-10-13 20:34:27,188 [c6676a3b-9238-484a-870a-e78b36fd6b90@group-5D7F111F42E3-LeaderElection54] INFO  impl.LeaderElection (LeaderElection.java:logAndReturn(56)) - c6676a3b-9238-484a-870a-e78b36fd6b90@group-5D7F111F42E3-LeaderElection54: Election REJECTED; received 0 response(s) [] and 2 exception(s); c6676a3b-9238-484a-870a-e78b36fd6b90@group-5D7F111F42E3:t13, leader=null, voted=c6676a3b-9238-484a-870a-e78b36fd6b90, raftlog=c6676a3b-9238-484a-870a-e78b36fd6b90@group-5D7F111F42E3-SegmentedRaftLog:OPENED:c0,f0,i0, conf=0: [cab3cae7-f0a1-4851-a661-63d582d319d1:192.168.157.224:38398, 787c3207-a753-429a-a612-e3ac99d17bc9:192.168.157.224:45659, c6676a3b-9238-484a-870a-e78b36fd6b90:192.168.157.224:37064], old=null
2019-10-13 20:34:27,189 [c6676a3b-9238-484a-870a-e78b36fd6b90@group-5D7F111F42E3-LeaderElection54] INFO  impl.LeaderElection (LogUtils.java:infoOrTrace(149)) -   Exception 0: {}
java.util.concurrent.ExecutionException: org.apache.ratis.thirdparty.io.grpc.StatusRuntimeException: INTERNAL: cab3cae7-f0a1-4851-a661-63d582d319d1: group-5D7F111F42E3 not found.
	at java.util.concurrent.FutureTask.report(FutureTask.java:122)
	at java.util.concurrent.FutureTask.get(FutureTask.java:192)
	at org.apache.ratis.server.impl.LeaderElection.waitForResults(LeaderElection.java:259)
	at org.apache.ratis.server.impl.LeaderElection.askForVotes(LeaderElection.java:197)
	at org.apache.ratis.server.impl.LeaderElection.run(LeaderElection.java:133)
	at java.lang.Thread.run(Thread.java:748)
Caused by: org.apache.ratis.thirdparty.io.grpc.StatusRuntimeException: INTERNAL: cab3cae7-f0a1-4851-a661-63d582d319d1: group-5D7F111F42E3 not found.
	at org.apache.ratis.thirdparty.io.grpc.stub.ClientCalls.toStatusRuntimeException(ClientCalls.java:233)
	at org.apache.ratis.thirdparty.io.grpc.stub.ClientCalls.getUnchecked(ClientCalls.java:214)
	at org.apache.ratis.thirdparty.io.grpc.stub.ClientCalls.blockingUnaryCall(ClientCalls.java:139)
	at org.apache.ratis.proto.grpc.RaftServerProtocolServiceGrpc$RaftServerProtocolServiceBlockingStub.requestVote(RaftServerProtocolServiceGrpc.java:265)
	at org.apache.ratis.grpc.server.GrpcServerProtocolClient.requestVote(GrpcServerProtocolClient.java:99)
	at org.apache.ratis.grpc.server.GrpcService.requestVote(GrpcService.java:204)
	at org.apache.ratis.server.impl.LeaderElection.lambda$submitRequests$1(LeaderElection.java:234)
	at java.util.concurrent.FutureTask.run(FutureTask.java:266)
	at java.util.concurrent.Executors$RunnableAdapter.call(Executors.java:511)
	at java.util.concurrent.FutureTask.run(FutureTask.java:266)
	at java.util.concurrent.ThreadPoolExecutor.runWorker(ThreadPoolExecutor.java:1149)
	at java.util.concurrent.ThreadPoolExecutor$Worker.run(ThreadPoolExecutor.java:624)
	... 1 more
2019-10-13 20:34:27,189 [c6676a3b-9238-484a-870a-e78b36fd6b90@group-5D7F111F42E3-LeaderElection54] INFO  impl.LeaderElection (LogUtils.java:infoOrTrace(149)) -   Exception 1: {}
java.util.concurrent.ExecutionException: org.apache.ratis.thirdparty.io.grpc.StatusRuntimeException: INTERNAL: 787c3207-a753-429a-a612-e3ac99d17bc9: group-5D7F111F42E3 not found.
	at java.util.concurrent.FutureTask.report(FutureTask.java:122)
	at java.util.concurrent.FutureTask.get(FutureTask.java:192)
	at org.apache.ratis.server.impl.LeaderElection.waitForResults(LeaderElection.java:259)
	at org.apache.ratis.server.impl.LeaderElection.askForVotes(LeaderElection.java:197)
	at org.apache.ratis.server.impl.LeaderElection.run(LeaderElection.java:133)
	at java.lang.Thread.run(Thread.java:748)
Caused by: org.apache.ratis.thirdparty.io.grpc.StatusRuntimeException: INTERNAL: 787c3207-a753-429a-a612-e3ac99d17bc9: group-5D7F111F42E3 not found.
	at org.apache.ratis.thirdparty.io.grpc.stub.ClientCalls.toStatusRuntimeException(ClientCalls.java:233)
	at org.apache.ratis.thirdparty.io.grpc.stub.ClientCalls.getUnchecked(ClientCalls.java:214)
	at org.apache.ratis.thirdparty.io.grpc.stub.ClientCalls.blockingUnaryCall(ClientCalls.java:139)
	at org.apache.ratis.proto.grpc.RaftServerProtocolServiceGrpc$RaftServerProtocolServiceBlockingStub.requestVote(RaftServerProtocolServiceGrpc.java:265)
	at org.apache.ratis.grpc.server.GrpcServerProtocolClient.requestVote(GrpcServerProtocolClient.java:99)
	at org.apache.ratis.grpc.server.GrpcService.requestVote(GrpcService.java:204)
	at org.apache.ratis.server.impl.LeaderElection.lambda$submitRequests$1(LeaderElection.java:234)
	at java.util.concurrent.FutureTask.run(FutureTask.java:266)
	at java.util.concurrent.Executors$RunnableAdapter.call(Executors.java:511)
	at java.util.concurrent.FutureTask.run(FutureTask.java:266)
	at java.util.concurrent.ThreadPoolExecutor.runWorker(ThreadPoolExecutor.java:1149)
	at java.util.concurrent.ThreadPoolExecutor$Worker.run(ThreadPoolExecutor.java:624)
	... 1 more
2019-10-13 20:34:27,190 [c6676a3b-9238-484a-870a-e78b36fd6b90@group-5D7F111F42E3-LeaderElection54] INFO  impl.RaftServerImpl (RaftServerImpl.java:setRole(170)) - c6676a3b-9238-484a-870a-e78b36fd6b90@group-5D7F111F42E3: changes role from CANDIDATE to FOLLOWER at term 13 for DISCOVERED_A_NEW_TERM
2019-10-13 20:34:27,190 [c6676a3b-9238-484a-870a-e78b36fd6b90@group-5D7F111F42E3-LeaderElection54] INFO  impl.RoleInfo (RoleInfo.java:shutdownLeaderElection(134)) - c6676a3b-9238-484a-870a-e78b36fd6b90: shutdown LeaderElection
2019-10-13 20:34:27,190 [c6676a3b-9238-484a-870a-e78b36fd6b90@group-5D7F111F42E3-LeaderElection54] INFO  impl.RoleInfo (RoleInfo.java:updateAndGet(143)) - c6676a3b-9238-484a-870a-e78b36fd6b90: start FollowerState
2019-10-13 20:34:27,324 [java.util.concurrent.ThreadPoolExecutor$Worker@dbb1acd[State = -1, empty queue]] WARN  server.GrpcLogAppender (GrpcLogAppender.java:timeoutAppendRequest(200)) - c6676a3b-9238-484a-870a-e78b36fd6b90@group-CCF72240D914->cab3cae7-f0a1-4851-a661-63d582d319d1-GrpcLogAppender: appendEntries Timeout, request=c6676a3b-9238-484a-870a-e78b36fd6b90->cab3cae7-f0a1-4851-a661-63d582d319d1#104-t6, previous=(t:6, i:2), leaderCommit=2, initializing? false, entries: <empty>
2019-10-13 20:34:27,446 [java.util.concurrent.ThreadPoolExecutor$Worker@29c7306b[State = -1, empty queue]] WARN  server.GrpcLogAppender (GrpcLogAppender.java:timeoutAppendRequest(200)) - a62c5862-2413-45e1-a25a-271607b15565@group-C88106EEEC90->cab3cae7-f0a1-4851-a661-63d582d319d1-GrpcLogAppender: appendEntries Timeout, request=a62c5862-2413-45e1-a25a-271607b15565->cab3cae7-f0a1-4851-a661-63d582d319d1#115-t5, previous=(t:5, i:0), leaderCommit=0, initializing? false, entries: <empty>
2019-10-13 20:34:27,457 [java.util.concurrent.ThreadPoolExecutor$Worker@4c9c17fc[State = -1, empty queue]] WARN  server.GrpcLogAppender (GrpcLogAppender.java:timeoutAppendRequest(200)) - c6676a3b-9238-484a-870a-e78b36fd6b90@group-CCF72240D914->787c3207-a753-429a-a612-e3ac99d17bc9-GrpcLogAppender: appendEntries Timeout, request=c6676a3b-9238-484a-870a-e78b36fd6b90->787c3207-a753-429a-a612-e3ac99d17bc9#103-t6, previous=(t:6, i:2), leaderCommit=2, initializing? false, entries: <empty>
2019-10-13 20:34:27,615 [java.util.concurrent.ThreadPoolExecutor$Worker@2baf159d[State = -1, empty queue]] WARN  server.GrpcLogAppender (GrpcLogAppender.java:timeoutAppendRequest(200)) - a62c5862-2413-45e1-a25a-271607b15565@group-C88106EEEC90->787c3207-a753-429a-a612-e3ac99d17bc9-GrpcLogAppender: appendEntries Timeout, request=a62c5862-2413-45e1-a25a-271607b15565->787c3207-a753-429a-a612-e3ac99d17bc9#115-t5, previous=(t:5, i:0), leaderCommit=0, initializing? false, entries: <empty>
2019-10-13 20:34:27,830 [java.util.concurrent.ThreadPoolExecutor$Worker@dbb1acd[State = -1, empty queue]] WARN  server.GrpcLogAppender (GrpcLogAppender.java:timeoutAppendRequest(200)) - c6676a3b-9238-484a-870a-e78b36fd6b90@group-CCF72240D914->cab3cae7-f0a1-4851-a661-63d582d319d1-GrpcLogAppender: appendEntries Timeout, request=c6676a3b-9238-484a-870a-e78b36fd6b90->cab3cae7-f0a1-4851-a661-63d582d319d1#105-t6, previous=(t:6, i:2), leaderCommit=2, initializing? false, entries: <empty>
2019-10-13 20:34:27,950 [java.util.concurrent.ThreadPoolExecutor$Worker@29c7306b[State = -1, empty queue]] WARN  server.GrpcLogAppender (GrpcLogAppender.java:timeoutAppendRequest(200)) - a62c5862-2413-45e1-a25a-271607b15565@group-C88106EEEC90->cab3cae7-f0a1-4851-a661-63d582d319d1-GrpcLogAppender: appendEntries Timeout, request=a62c5862-2413-45e1-a25a-271607b15565->cab3cae7-f0a1-4851-a661-63d582d319d1#116-t5, previous=(t:5, i:0), leaderCommit=0, initializing? false, entries: <empty>
2019-10-13 20:34:27,957 [java.util.concurrent.ThreadPoolExecutor$Worker@4c9c17fc[State = -1, empty queue]] WARN  server.GrpcLogAppender (GrpcLogAppender.java:timeoutAppendRequest(200)) - c6676a3b-9238-484a-870a-e78b36fd6b90@group-CCF72240D914->787c3207-a753-429a-a612-e3ac99d17bc9-GrpcLogAppender: appendEntries Timeout, request=c6676a3b-9238-484a-870a-e78b36fd6b90->787c3207-a753-429a-a612-e3ac99d17bc9#104-t6, previous=(t:6, i:2), leaderCommit=2, initializing? false, entries: <empty>
2019-10-13 20:34:28,115 [java.util.concurrent.ThreadPoolExecutor$Worker@2baf159d[State = -1, empty queue]] WARN  server.GrpcLogAppender (GrpcLogAppender.java:timeoutAppendRequest(200)) - a62c5862-2413-45e1-a25a-271607b15565@group-C88106EEEC90->787c3207-a753-429a-a612-e3ac99d17bc9-GrpcLogAppender: appendEntries Timeout, request=a62c5862-2413-45e1-a25a-271607b15565->787c3207-a753-429a-a612-e3ac99d17bc9#116-t5, previous=(t:5, i:0), leaderCommit=0, initializing? false, entries: <empty>
2019-10-13 20:34:28,314 [Thread-1676] INFO  impl.FollowerState (FollowerState.java:run(108)) - c6676a3b-9238-484a-870a-e78b36fd6b90@group-5D7F111F42E3-FollowerState: change to CANDIDATE, lastRpcTime:1123ms, electionTimeout:1123ms
2019-10-13 20:34:28,314 [Thread-1676] INFO  impl.RoleInfo (RoleInfo.java:shutdownFollowerState(121)) - c6676a3b-9238-484a-870a-e78b36fd6b90: shutdown FollowerState
2019-10-13 20:34:28,314 [Thread-1676] INFO  impl.RaftServerImpl (RaftServerImpl.java:setRole(170)) - c6676a3b-9238-484a-870a-e78b36fd6b90@group-5D7F111F42E3: changes role from  FOLLOWER to CANDIDATE at term 13 for changeToCandidate
2019-10-13 20:34:28,314 [Thread-1676] INFO  impl.RoleInfo (RoleInfo.java:updateAndGet(143)) - c6676a3b-9238-484a-870a-e78b36fd6b90: start LeaderElection
2019-10-13 20:34:28,329 [c6676a3b-9238-484a-870a-e78b36fd6b90@group-5D7F111F42E3-LeaderElection55] INFO  impl.LeaderElection (LeaderElection.java:askForVotes(178)) - c6676a3b-9238-484a-870a-e78b36fd6b90@group-5D7F111F42E3-LeaderElection55: begin an election at term 14 for 0: [cab3cae7-f0a1-4851-a661-63d582d319d1:192.168.157.224:38398, 787c3207-a753-429a-a612-e3ac99d17bc9:192.168.157.224:45659, c6676a3b-9238-484a-870a-e78b36fd6b90:192.168.157.224:37064], old=null
2019-10-13 20:34:28,330 [java.util.concurrent.ThreadPoolExecutor$Worker@dbb1acd[State = -1, empty queue]] WARN  server.GrpcLogAppender (GrpcLogAppender.java:timeoutAppendRequest(200)) - c6676a3b-9238-484a-870a-e78b36fd6b90@group-CCF72240D914->cab3cae7-f0a1-4851-a661-63d582d319d1-GrpcLogAppender: appendEntries Timeout, request=c6676a3b-9238-484a-870a-e78b36fd6b90->cab3cae7-f0a1-4851-a661-63d582d319d1#106-t6, previous=(t:6, i:2), leaderCommit=2, initializing? false, entries: <empty>
2019-10-13 20:34:28,332 [grpc-default-executor-0] WARN  server.GrpcServerProtocolService (LogUtils.java:warn(136)) - cab3cae7-f0a1-4851-a661-63d582d319d1: Failed requestVote c6676a3b-9238-484a-870a-e78b36fd6b90->cab3cae7-f0a1-4851-a661-63d582d319d1#0
org.apache.ratis.protocol.GroupMismatchException: cab3cae7-f0a1-4851-a661-63d582d319d1: group-5D7F111F42E3 not found.
	at org.apache.ratis.server.impl.RaftServerProxy$ImplMap.get(RaftServerProxy.java:122)
	at org.apache.ratis.server.impl.RaftServerProxy.getImplFuture(RaftServerProxy.java:269)
	at org.apache.ratis.server.impl.RaftServerProxy.getImpl(RaftServerProxy.java:278)
	at org.apache.ratis.server.impl.RaftServerProxy.getImpl(RaftServerProxy.java:273)
	at org.apache.ratis.server.impl.RaftServerProxy.requestVote(RaftServerProxy.java:443)
	at org.apache.ratis.grpc.server.GrpcServerProtocolService.requestVote(GrpcServerProtocolService.java:142)
	at org.apache.ratis.proto.grpc.RaftServerProtocolServiceGrpc$MethodHandlers.invoke(RaftServerProtocolServiceGrpc.java:319)
	at org.apache.ratis.thirdparty.io.grpc.stub.ServerCalls$UnaryServerCallHandler$UnaryServerCallListener.onHalfClose(ServerCalls.java:171)
	at org.apache.ratis.thirdparty.io.grpc.internal.ServerCallImpl$ServerStreamListenerImpl.halfClosed(ServerCallImpl.java:283)
	at org.apache.ratis.thirdparty.io.grpc.internal.ServerImpl$JumpToApplicationThreadServerStreamListener$1HalfClosed.runInContext(ServerImpl.java:710)
	at org.apache.ratis.thirdparty.io.grpc.internal.ContextRunnable.run(ContextRunnable.java:37)
	at org.apache.ratis.thirdparty.io.grpc.internal.SerializingExecutor.run(SerializingExecutor.java:123)
	at java.util.concurrent.ThreadPoolExecutor.runWorker(ThreadPoolExecutor.java:1149)
	at java.util.concurrent.ThreadPoolExecutor$Worker.run(ThreadPoolExecutor.java:624)
	at java.lang.Thread.run(Thread.java:748)
2019-10-13 20:34:28,332 [grpc-default-executor-3] WARN  server.GrpcServerProtocolService (LogUtils.java:warn(136)) - 787c3207-a753-429a-a612-e3ac99d17bc9: Failed requestVote c6676a3b-9238-484a-870a-e78b36fd6b90->787c3207-a753-429a-a612-e3ac99d17bc9#0
org.apache.ratis.protocol.GroupMismatchException: 787c3207-a753-429a-a612-e3ac99d17bc9: group-5D7F111F42E3 not found.
	at org.apache.ratis.server.impl.RaftServerProxy$ImplMap.get(RaftServerProxy.java:122)
	at org.apache.ratis.server.impl.RaftServerProxy.getImplFuture(RaftServerProxy.java:269)
	at org.apache.ratis.server.impl.RaftServerProxy.getImpl(RaftServerProxy.java:278)
	at org.apache.ratis.server.impl.RaftServerProxy.getImpl(RaftServerProxy.java:273)
	at org.apache.ratis.server.impl.RaftServerProxy.requestVote(RaftServerProxy.java:443)
	at org.apache.ratis.grpc.server.GrpcServerProtocolService.requestVote(GrpcServerProtocolService.java:142)
	at org.apache.ratis.proto.grpc.RaftServerProtocolServiceGrpc$MethodHandlers.invoke(RaftServerProtocolServiceGrpc.java:319)
	at org.apache.ratis.thirdparty.io.grpc.stub.ServerCalls$UnaryServerCallHandler$UnaryServerCallListener.onHalfClose(ServerCalls.java:171)
	at org.apache.ratis.thirdparty.io.grpc.internal.ServerCallImpl$ServerStreamListenerImpl.halfClosed(ServerCallImpl.java:283)
	at org.apache.ratis.thirdparty.io.grpc.internal.ServerImpl$JumpToApplicationThreadServerStreamListener$1HalfClosed.runInContext(ServerImpl.java:710)
	at org.apache.ratis.thirdparty.io.grpc.internal.ContextRunnable.run(ContextRunnable.java:37)
	at org.apache.ratis.thirdparty.io.grpc.internal.SerializingExecutor.run(SerializingExecutor.java:123)
	at java.util.concurrent.ThreadPoolExecutor.runWorker(ThreadPoolExecutor.java:1149)
	at java.util.concurrent.ThreadPoolExecutor$Worker.run(ThreadPoolExecutor.java:624)
	at java.lang.Thread.run(Thread.java:748)
2019-10-13 20:34:28,334 [c6676a3b-9238-484a-870a-e78b36fd6b90@group-5D7F111F42E3-LeaderElection55] INFO  impl.LeaderElection (LogUtils.java:infoOrTrace(149)) - c6676a3b-9238-484a-870a-e78b36fd6b90@group-5D7F111F42E3-LeaderElection55 got exception when requesting votes: {}
java.util.concurrent.ExecutionException: org.apache.ratis.thirdparty.io.grpc.StatusRuntimeException: INTERNAL: cab3cae7-f0a1-4851-a661-63d582d319d1: group-5D7F111F42E3 not found.
	at java.util.concurrent.FutureTask.report(FutureTask.java:122)
	at java.util.concurrent.FutureTask.get(FutureTask.java:192)
	at org.apache.ratis.server.impl.LeaderElection.waitForResults(LeaderElection.java:259)
	at org.apache.ratis.server.impl.LeaderElection.askForVotes(LeaderElection.java:197)
	at org.apache.ratis.server.impl.LeaderElection.run(LeaderElection.java:133)
	at java.lang.Thread.run(Thread.java:748)
Caused by: org.apache.ratis.thirdparty.io.grpc.StatusRuntimeException: INTERNAL: cab3cae7-f0a1-4851-a661-63d582d319d1: group-5D7F111F42E3 not found.
	at org.apache.ratis.thirdparty.io.grpc.stub.ClientCalls.toStatusRuntimeException(ClientCalls.java:233)
	at org.apache.ratis.thirdparty.io.grpc.stub.ClientCalls.getUnchecked(ClientCalls.java:214)
	at org.apache.ratis.thirdparty.io.grpc.stub.ClientCalls.blockingUnaryCall(ClientCalls.java:139)
	at org.apache.ratis.proto.grpc.RaftServerProtocolServiceGrpc$RaftServerProtocolServiceBlockingStub.requestVote(RaftServerProtocolServiceGrpc.java:265)
	at org.apache.ratis.grpc.server.GrpcServerProtocolClient.requestVote(GrpcServerProtocolClient.java:99)
	at org.apache.ratis.grpc.server.GrpcService.requestVote(GrpcService.java:204)
	at org.apache.ratis.server.impl.LeaderElection.lambda$submitRequests$1(LeaderElection.java:234)
	at java.util.concurrent.FutureTask.run(FutureTask.java:266)
	at java.util.concurrent.Executors$RunnableAdapter.call(Executors.java:511)
	at java.util.concurrent.FutureTask.run(FutureTask.java:266)
	at java.util.concurrent.ThreadPoolExecutor.runWorker(ThreadPoolExecutor.java:1149)
	at java.util.concurrent.ThreadPoolExecutor$Worker.run(ThreadPoolExecutor.java:624)
	... 1 more
2019-10-13 20:34:28,341 [c6676a3b-9238-484a-870a-e78b36fd6b90@group-5D7F111F42E3-LeaderElection55] INFO  impl.LeaderElection (LogUtils.java:infoOrTrace(149)) - c6676a3b-9238-484a-870a-e78b36fd6b90@group-5D7F111F42E3-LeaderElection55 got exception when requesting votes: {}
java.util.concurrent.ExecutionException: org.apache.ratis.thirdparty.io.grpc.StatusRuntimeException: INTERNAL: 787c3207-a753-429a-a612-e3ac99d17bc9: group-5D7F111F42E3 not found.
	at java.util.concurrent.FutureTask.report(FutureTask.java:122)
	at java.util.concurrent.FutureTask.get(FutureTask.java:192)
	at org.apache.ratis.server.impl.LeaderElection.waitForResults(LeaderElection.java:259)
	at org.apache.ratis.server.impl.LeaderElection.askForVotes(LeaderElection.java:197)
	at org.apache.ratis.server.impl.LeaderElection.run(LeaderElection.java:133)
	at java.lang.Thread.run(Thread.java:748)
Caused by: org.apache.ratis.thirdparty.io.grpc.StatusRuntimeException: INTERNAL: 787c3207-a753-429a-a612-e3ac99d17bc9: group-5D7F111F42E3 not found.
	at org.apache.ratis.thirdparty.io.grpc.stub.ClientCalls.toStatusRuntimeException(ClientCalls.java:233)
	at org.apache.ratis.thirdparty.io.grpc.stub.ClientCalls.getUnchecked(ClientCalls.java:214)
	at org.apache.ratis.thirdparty.io.grpc.stub.ClientCalls.blockingUnaryCall(ClientCalls.java:139)
	at org.apache.ratis.proto.grpc.RaftServerProtocolServiceGrpc$RaftServerProtocolServiceBlockingStub.requestVote(RaftServerProtocolServiceGrpc.java:265)
	at org.apache.ratis.grpc.server.GrpcServerProtocolClient.requestVote(GrpcServerProtocolClient.java:99)
	at org.apache.ratis.grpc.server.GrpcService.requestVote(GrpcService.java:204)
	at org.apache.ratis.server.impl.LeaderElection.lambda$submitRequests$1(LeaderElection.java:234)
	at java.util.concurrent.FutureTask.run(FutureTask.java:266)
	at java.util.concurrent.Executors$RunnableAdapter.call(Executors.java:511)
	at java.util.concurrent.FutureTask.run(FutureTask.java:266)
	at java.util.concurrent.ThreadPoolExecutor.runWorker(ThreadPoolExecutor.java:1149)
	at java.util.concurrent.ThreadPoolExecutor$Worker.run(ThreadPoolExecutor.java:624)
	... 1 more
2019-10-13 20:34:28,345 [c6676a3b-9238-484a-870a-e78b36fd6b90@group-5D7F111F42E3-LeaderElection55] INFO  impl.LeaderElection (LeaderElection.java:logAndReturn(56)) - c6676a3b-9238-484a-870a-e78b36fd6b90@group-5D7F111F42E3-LeaderElection55: Election REJECTED; received 0 response(s) [] and 2 exception(s); c6676a3b-9238-484a-870a-e78b36fd6b90@group-5D7F111F42E3:t14, leader=null, voted=c6676a3b-9238-484a-870a-e78b36fd6b90, raftlog=c6676a3b-9238-484a-870a-e78b36fd6b90@group-5D7F111F42E3-SegmentedRaftLog:OPENED:c0,f0,i0, conf=0: [cab3cae7-f0a1-4851-a661-63d582d319d1:192.168.157.224:38398, 787c3207-a753-429a-a612-e3ac99d17bc9:192.168.157.224:45659, c6676a3b-9238-484a-870a-e78b36fd6b90:192.168.157.224:37064], old=null
2019-10-13 20:34:28,346 [c6676a3b-9238-484a-870a-e78b36fd6b90@group-5D7F111F42E3-LeaderElection55] INFO  impl.LeaderElection (LogUtils.java:infoOrTrace(149)) -   Exception 0: {}
java.util.concurrent.ExecutionException: org.apache.ratis.thirdparty.io.grpc.StatusRuntimeException: INTERNAL: cab3cae7-f0a1-4851-a661-63d582d319d1: group-5D7F111F42E3 not found.
	at java.util.concurrent.FutureTask.report(FutureTask.java:122)
	at java.util.concurrent.FutureTask.get(FutureTask.java:192)
	at org.apache.ratis.server.impl.LeaderElection.waitForResults(LeaderElection.java:259)
	at org.apache.ratis.server.impl.LeaderElection.askForVotes(LeaderElection.java:197)
	at org.apache.ratis.server.impl.LeaderElection.run(LeaderElection.java:133)
	at java.lang.Thread.run(Thread.java:748)
Caused by: org.apache.ratis.thirdparty.io.grpc.StatusRuntimeException: INTERNAL: cab3cae7-f0a1-4851-a661-63d582d319d1: group-5D7F111F42E3 not found.
	at org.apache.ratis.thirdparty.io.grpc.stub.ClientCalls.toStatusRuntimeException(ClientCalls.java:233)
	at org.apache.ratis.thirdparty.io.grpc.stub.ClientCalls.getUnchecked(ClientCalls.java:214)
	at org.apache.ratis.thirdparty.io.grpc.stub.ClientCalls.blockingUnaryCall(ClientCalls.java:139)
	at org.apache.ratis.proto.grpc.RaftServerProtocolServiceGrpc$RaftServerProtocolServiceBlockingStub.requestVote(RaftServerProtocolServiceGrpc.java:265)
	at org.apache.ratis.grpc.server.GrpcServerProtocolClient.requestVote(GrpcServerProtocolClient.java:99)
	at org.apache.ratis.grpc.server.GrpcService.requestVote(GrpcService.java:204)
	at org.apache.ratis.server.impl.LeaderElection.lambda$submitRequests$1(LeaderElection.java:234)
	at java.util.concurrent.FutureTask.run(FutureTask.java:266)
	at java.util.concurrent.Executors$RunnableAdapter.call(Executors.java:511)
	at java.util.concurrent.FutureTask.run(FutureTask.java:266)
	at java.util.concurrent.ThreadPoolExecutor.runWorker(ThreadPoolExecutor.java:1149)
	at java.util.concurrent.ThreadPoolExecutor$Worker.run(ThreadPoolExecutor.java:624)
	... 1 more
2019-10-13 20:34:28,346 [c6676a3b-9238-484a-870a-e78b36fd6b90@group-5D7F111F42E3-LeaderElection55] INFO  impl.LeaderElection (LogUtils.java:infoOrTrace(149)) -   Exception 1: {}
java.util.concurrent.ExecutionException: org.apache.ratis.thirdparty.io.grpc.StatusRuntimeException: INTERNAL: 787c3207-a753-429a-a612-e3ac99d17bc9: group-5D7F111F42E3 not found.
	at java.util.concurrent.FutureTask.report(FutureTask.java:122)
	at java.util.concurrent.FutureTask.get(FutureTask.java:192)
	at org.apache.ratis.server.impl.LeaderElection.waitForResults(LeaderElection.java:259)
	at org.apache.ratis.server.impl.LeaderElection.askForVotes(LeaderElection.java:197)
	at org.apache.ratis.server.impl.LeaderElection.run(LeaderElection.java:133)
	at java.lang.Thread.run(Thread.java:748)
Caused by: org.apache.ratis.thirdparty.io.grpc.StatusRuntimeException: INTERNAL: 787c3207-a753-429a-a612-e3ac99d17bc9: group-5D7F111F42E3 not found.
	at org.apache.ratis.thirdparty.io.grpc.stub.ClientCalls.toStatusRuntimeException(ClientCalls.java:233)
	at org.apache.ratis.thirdparty.io.grpc.stub.ClientCalls.getUnchecked(ClientCalls.java:214)
	at org.apache.ratis.thirdparty.io.grpc.stub.ClientCalls.blockingUnaryCall(ClientCalls.java:139)
	at org.apache.ratis.proto.grpc.RaftServerProtocolServiceGrpc$RaftServerProtocolServiceBlockingStub.requestVote(RaftServerProtocolServiceGrpc.java:265)
	at org.apache.ratis.grpc.server.GrpcServerProtocolClient.requestVote(GrpcServerProtocolClient.java:99)
	at org.apache.ratis.grpc.server.GrpcService.requestVote(GrpcService.java:204)
	at org.apache.ratis.server.impl.LeaderElection.lambda$submitRequests$1(LeaderElection.java:234)
	at java.util.concurrent.FutureTask.run(FutureTask.java:266)
	at java.util.concurrent.Executors$RunnableAdapter.call(Executors.java:511)
	at java.util.concurrent.FutureTask.run(FutureTask.java:266)
	at java.util.concurrent.ThreadPoolExecutor.runWorker(ThreadPoolExecutor.java:1149)
	at java.util.concurrent.ThreadPoolExecutor$Worker.run(ThreadPoolExecutor.java:624)
	... 1 more
2019-10-13 20:34:28,346 [c6676a3b-9238-484a-870a-e78b36fd6b90@group-5D7F111F42E3-LeaderElection55] INFO  impl.RaftServerImpl (RaftServerImpl.java:setRole(170)) - c6676a3b-9238-484a-870a-e78b36fd6b90@group-5D7F111F42E3: changes role from CANDIDATE to FOLLOWER at term 14 for DISCOVERED_A_NEW_TERM
2019-10-13 20:34:28,346 [c6676a3b-9238-484a-870a-e78b36fd6b90@group-5D7F111F42E3-LeaderElection55] INFO  impl.RoleInfo (RoleInfo.java:shutdownLeaderElection(134)) - c6676a3b-9238-484a-870a-e78b36fd6b90: shutdown LeaderElection
2019-10-13 20:34:28,346 [c6676a3b-9238-484a-870a-e78b36fd6b90@group-5D7F111F42E3-LeaderElection55] INFO  impl.RoleInfo (RoleInfo.java:updateAndGet(143)) - c6676a3b-9238-484a-870a-e78b36fd6b90: start FollowerState
2019-10-13 20:34:28,469 [java.util.concurrent.ThreadPoolExecutor$Worker@4c9c17fc[State = -1, empty queue]] WARN  server.GrpcLogAppender (GrpcLogAppender.java:timeoutAppendRequest(200)) - c6676a3b-9238-484a-870a-e78b36fd6b90@group-CCF72240D914->787c3207-a753-429a-a612-e3ac99d17bc9-GrpcLogAppender: appendEntries Timeout, request=c6676a3b-9238-484a-870a-e78b36fd6b90->787c3207-a753-429a-a612-e3ac99d17bc9#105-t6, previous=(t:6, i:2), leaderCommit=2, initializing? false, entries: <empty>
2019-10-13 20:34:28,475 [java.util.concurrent.ThreadPoolExecutor$Worker@29c7306b[State = -1, empty queue]] WARN  server.GrpcLogAppender (GrpcLogAppender.java:timeoutAppendRequest(200)) - a62c5862-2413-45e1-a25a-271607b15565@group-C88106EEEC90->cab3cae7-f0a1-4851-a661-63d582d319d1-GrpcLogAppender: appendEntries Timeout, request=a62c5862-2413-45e1-a25a-271607b15565->cab3cae7-f0a1-4851-a661-63d582d319d1#117-t5, previous=(t:5, i:0), leaderCommit=0, initializing? false, entries: <empty>
2019-10-13 20:34:28,620 [java.util.concurrent.ThreadPoolExecutor$Worker@2baf159d[State = -1, empty queue]] WARN  server.GrpcLogAppender (GrpcLogAppender.java:timeoutAppendRequest(200)) - a62c5862-2413-45e1-a25a-271607b15565@group-C88106EEEC90->787c3207-a753-429a-a612-e3ac99d17bc9-GrpcLogAppender: appendEntries Timeout, request=a62c5862-2413-45e1-a25a-271607b15565->787c3207-a753-429a-a612-e3ac99d17bc9#117-t5, previous=(t:5, i:0), leaderCommit=0, initializing? false, entries: <empty>
2019-10-13 20:34:28,830 [java.util.concurrent.ThreadPoolExecutor$Worker@dbb1acd[State = -1, empty queue]] WARN  server.GrpcLogAppender (GrpcLogAppender.java:timeoutAppendRequest(200)) - c6676a3b-9238-484a-870a-e78b36fd6b90@group-CCF72240D914->cab3cae7-f0a1-4851-a661-63d582d319d1-GrpcLogAppender: appendEntries Timeout, request=c6676a3b-9238-484a-870a-e78b36fd6b90->cab3cae7-f0a1-4851-a661-63d582d319d1#107-t6, previous=(t:6, i:2), leaderCommit=2, initializing? false, entries: <empty>
2019-10-13 20:34:28,969 [java.util.concurrent.ThreadPoolExecutor$Worker@29c7306b[State = -1, empty queue]] WARN  server.GrpcLogAppender (GrpcLogAppender.java:timeoutAppendRequest(200)) - a62c5862-2413-45e1-a25a-271607b15565@group-C88106EEEC90->cab3cae7-f0a1-4851-a661-63d582d319d1-GrpcLogAppender: appendEntries Timeout, request=a62c5862-2413-45e1-a25a-271607b15565->cab3cae7-f0a1-4851-a661-63d582d319d1#118-t5, previous=(t:5, i:0), leaderCommit=0, initializing? false, entries: <empty>
2019-10-13 20:34:28,969 [java.util.concurrent.ThreadPoolExecutor$Worker@4c9c17fc[State = -1, empty queue]] WARN  server.GrpcLogAppender (GrpcLogAppender.java:timeoutAppendRequest(200)) - c6676a3b-9238-484a-870a-e78b36fd6b90@group-CCF72240D914->787c3207-a753-429a-a612-e3ac99d17bc9-GrpcLogAppender: appendEntries Timeout, request=c6676a3b-9238-484a-870a-e78b36fd6b90->787c3207-a753-429a-a612-e3ac99d17bc9#106-t6, previous=(t:6, i:2), leaderCommit=2, initializing? false, entries: <empty>
2019-10-13 20:34:29,123 [java.util.concurrent.ThreadPoolExecutor$Worker@2baf159d[State = -1, empty queue]] WARN  server.GrpcLogAppender (GrpcLogAppender.java:timeoutAppendRequest(200)) - a62c5862-2413-45e1-a25a-271607b15565@group-C88106EEEC90->787c3207-a753-429a-a612-e3ac99d17bc9-GrpcLogAppender: appendEntries Timeout, request=a62c5862-2413-45e1-a25a-271607b15565->787c3207-a753-429a-a612-e3ac99d17bc9#118-t5, previous=(t:5, i:0), leaderCommit=0, initializing? false, entries: <empty>
2019-10-13 20:34:29,331 [java.util.concurrent.ThreadPoolExecutor$Worker@dbb1acd[State = -1, empty queue]] WARN  server.GrpcLogAppender (GrpcLogAppender.java:timeoutAppendRequest(200)) - c6676a3b-9238-484a-870a-e78b36fd6b90@group-CCF72240D914->cab3cae7-f0a1-4851-a661-63d582d319d1-GrpcLogAppender: appendEntries Timeout, request=c6676a3b-9238-484a-870a-e78b36fd6b90->cab3cae7-f0a1-4851-a661-63d582d319d1#108-t6, previous=(t:6, i:2), leaderCommit=2, initializing? false, entries: <empty>
2019-10-13 20:34:29,405 [Thread-1680] INFO  impl.FollowerState (FollowerState.java:run(108)) - c6676a3b-9238-484a-870a-e78b36fd6b90@group-5D7F111F42E3-FollowerState: change to CANDIDATE, lastRpcTime:1058ms, electionTimeout:1058ms
2019-10-13 20:34:29,405 [Thread-1680] INFO  impl.RoleInfo (RoleInfo.java:shutdownFollowerState(121)) - c6676a3b-9238-484a-870a-e78b36fd6b90: shutdown FollowerState
2019-10-13 20:34:29,406 [Thread-1680] INFO  impl.RaftServerImpl (RaftServerImpl.java:setRole(170)) - c6676a3b-9238-484a-870a-e78b36fd6b90@group-5D7F111F42E3: changes role from  FOLLOWER to CANDIDATE at term 14 for changeToCandidate
2019-10-13 20:34:29,406 [Thread-1680] INFO  impl.RoleInfo (RoleInfo.java:updateAndGet(143)) - c6676a3b-9238-484a-870a-e78b36fd6b90: start LeaderElection
2019-10-13 20:34:29,469 [java.util.concurrent.ThreadPoolExecutor$Worker@29c7306b[State = -1, empty queue]] WARN  server.GrpcLogAppender (GrpcLogAppender.java:timeoutAppendRequest(200)) - a62c5862-2413-45e1-a25a-271607b15565@group-C88106EEEC90->cab3cae7-f0a1-4851-a661-63d582d319d1-GrpcLogAppender: appendEntries Timeout, request=a62c5862-2413-45e1-a25a-271607b15565->cab3cae7-f0a1-4851-a661-63d582d319d1#119-t5, previous=(t:5, i:0), leaderCommit=0, initializing? false, entries: <empty>
2019-10-13 20:34:29,469 [java.util.concurrent.ThreadPoolExecutor$Worker@4c9c17fc[State = -1, empty queue]] WARN  server.GrpcLogAppender (GrpcLogAppender.java:timeoutAppendRequest(200)) - c6676a3b-9238-484a-870a-e78b36fd6b90@group-CCF72240D914->787c3207-a753-429a-a612-e3ac99d17bc9-GrpcLogAppender: appendEntries Timeout, request=c6676a3b-9238-484a-870a-e78b36fd6b90->787c3207-a753-429a-a612-e3ac99d17bc9#107-t6, previous=(t:6, i:2), leaderCommit=2, initializing? false, entries: <empty>
2019-10-13 20:34:29,623 [java.util.concurrent.ThreadPoolExecutor$Worker@2baf159d[State = -1, empty queue]] WARN  server.GrpcLogAppender (GrpcLogAppender.java:timeoutAppendRequest(200)) - a62c5862-2413-45e1-a25a-271607b15565@group-C88106EEEC90->787c3207-a753-429a-a612-e3ac99d17bc9-GrpcLogAppender: appendEntries Timeout, request=a62c5862-2413-45e1-a25a-271607b15565->787c3207-a753-429a-a612-e3ac99d17bc9#119-t5, previous=(t:5, i:0), leaderCommit=0, initializing? false, entries: <empty>
2019-10-13 20:34:29,831 [java.util.concurrent.ThreadPoolExecutor$Worker@dbb1acd[State = -1, empty queue]] WARN  server.GrpcLogAppender (GrpcLogAppender.java:timeoutAppendRequest(200)) - c6676a3b-9238-484a-870a-e78b36fd6b90@group-CCF72240D914->cab3cae7-f0a1-4851-a661-63d582d319d1-GrpcLogAppender: appendEntries Timeout, request=c6676a3b-9238-484a-870a-e78b36fd6b90->cab3cae7-f0a1-4851-a661-63d582d319d1#109-t6, previous=(t:6, i:2), leaderCommit=2, initializing? false, entries: <empty>
2019-10-13 20:34:29,884 [grpc-default-executor-4] INFO  impl.RaftServerProxy (RaftServerProxy.java:remove(95)) - a62c5862-2413-45e1-a25a-271607b15565: remove    LEADER a62c5862-2413-45e1-a25a-271607b15565@group-C88106EEEC90:t5, leader=a62c5862-2413-45e1-a25a-271607b15565, voted=a62c5862-2413-45e1-a25a-271607b15565, raftlog=a62c5862-2413-45e1-a25a-271607b15565@group-C88106EEEC90-SegmentedRaftLog:OPENED:c0,f0,i0, conf=0: [cab3cae7-f0a1-4851-a661-63d582d319d1:192.168.157.224:38398, 787c3207-a753-429a-a612-e3ac99d17bc9:192.168.157.224:45659, a62c5862-2413-45e1-a25a-271607b15565:192.168.157.224:42190], old=null RUNNING
2019-10-13 20:34:29,885 [grpc-default-executor-4] INFO  impl.RaftServerImpl (RaftServerImpl.java:lambda$shutdown$3(247)) - a62c5862-2413-45e1-a25a-271607b15565@group-C88106EEEC90: shutdown
2019-10-13 20:34:29,885 [grpc-default-executor-4] INFO  util.JmxRegister (JmxRegister.java:unregister(73)) - Successfully un-registered JMX Bean with object name Ratis:service=RaftServer,group=group-C88106EEEC90,id=a62c5862-2413-45e1-a25a-271607b15565
2019-10-13 20:34:29,885 [grpc-default-executor-4] INFO  impl.RoleInfo (RoleInfo.java:shutdownLeaderState(104)) - a62c5862-2413-45e1-a25a-271607b15565: shutdown LeaderState
2019-10-13 20:34:29,890 [org.apache.ratis.server.impl.LogAppender$AppenderDaemon$$Lambda$410/1668327777@39bc06f8] WARN  server.GrpcLogAppender (GrpcLogAppender.java:mayWait(143)) - a62c5862-2413-45e1-a25a-271607b15565@group-C88106EEEC90->787c3207-a753-429a-a612-e3ac99d17bc9-GrpcLogAppender: Wait interrupted by java.lang.InterruptedException
2019-10-13 20:34:29,894 [grpc-default-executor-4] INFO  impl.PendingRequests (PendingRequests.java:sendNotLeaderResponses(202)) - a62c5862-2413-45e1-a25a-271607b15565@group-C88106EEEC90-PendingRequests: sendNotLeaderResponses
2019-10-13 20:34:29,894 [org.apache.ratis.server.impl.LogAppender$AppenderDaemon$$Lambda$410/1668327777@1a64224a] WARN  server.GrpcLogAppender (GrpcLogAppender.java:mayWait(143)) - a62c5862-2413-45e1-a25a-271607b15565@group-C88106EEEC90->cab3cae7-f0a1-4851-a661-63d582d319d1-GrpcLogAppender: Wait interrupted by java.lang.InterruptedException
2019-10-13 20:34:29,894 [grpc-default-executor-4] INFO  impl.StateMachineUpdater (StateMachineUpdater.java:stopAndJoin(136)) - a62c5862-2413-45e1-a25a-271607b15565@group-C88106EEEC90-StateMachineUpdater: set stopIndex = 0
2019-10-13 20:34:29,894 [grpc-default-executor-2] INFO  server.GrpcServerProtocolService (GrpcServerProtocolService.java:onCompleted(113)) - 787c3207-a753-429a-a612-e3ac99d17bc9: Completed APPEND_ENTRIES, lastRequest: a62c5862-2413-45e1-a25a-271607b15565->787c3207-a753-429a-a612-e3ac99d17bc9#125-t5, previous=(t:5, i:0), leaderCommit=0, initializing? false, entries: <empty>
2019-10-13 20:34:29,895 [grpc-default-executor-3] INFO  server.GrpcServerProtocolService (GrpcServerProtocolService.java:onCompleted(113)) - cab3cae7-f0a1-4851-a661-63d582d319d1: Completed APPEND_ENTRIES, lastRequest: a62c5862-2413-45e1-a25a-271607b15565->cab3cae7-f0a1-4851-a661-63d582d319d1#125-t5, previous=(t:5, i:0), leaderCommit=0, initializing? false, entries: <empty>
2019-10-13 20:34:29,895 [grpc-default-executor-2] INFO  server.GrpcLogAppender (GrpcLogAppender.java:onCompleted(293)) - a62c5862-2413-45e1-a25a-271607b15565@group-C88106EEEC90->787c3207-a753-429a-a612-e3ac99d17bc9-AppendLogResponseHandler: follower responses appendEntries COMPLETED
2019-10-13 20:34:29,895 [grpc-default-executor-3] INFO  server.GrpcLogAppender (GrpcLogAppender.java:onCompleted(293)) - a62c5862-2413-45e1-a25a-271607b15565@group-C88106EEEC90->cab3cae7-f0a1-4851-a661-63d582d319d1-AppendLogResponseHandler: follower responses appendEntries COMPLETED
2019-10-13 20:34:29,896 [grpc-default-executor-2] INFO  impl.FollowerInfo (FollowerInfo.java:lambda$new$0(51)) - a62c5862-2413-45e1-a25a-271607b15565@group-C88106EEEC90->787c3207-a753-429a-a612-e3ac99d17bc9: nextIndex: updateUnconditionally 1 -> 0
2019-10-13 20:34:29,896 [grpc-default-executor-3] INFO  impl.FollowerInfo (FollowerInfo.java:lambda$new$0(51)) - a62c5862-2413-45e1-a25a-271607b15565@group-C88106EEEC90->cab3cae7-f0a1-4851-a661-63d582d319d1: nextIndex: updateUnconditionally 1 -> 0
2019-10-13 20:34:29,898 [grpc-default-executor-4] INFO  impl.RaftServerImpl (ServerState.java:close(387)) - a62c5862-2413-45e1-a25a-271607b15565@group-C88106EEEC90: closes. applyIndex: 0
2019-10-13 20:34:29,898 [a62c5862-2413-45e1-a25a-271607b15565@group-C88106EEEC90-SegmentedRaftLogWorker] INFO  segmented.SegmentedRaftLogWorker (SegmentedRaftLogWorker.java:run(316)) - a62c5862-2413-45e1-a25a-271607b15565@group-C88106EEEC90-SegmentedRaftLogWorker was interrupted, exiting. There are 0 tasks remaining in the queue.
2019-10-13 20:34:29,898 [grpc-default-executor-4] INFO  segmented.SegmentedRaftLogWorker (SegmentedRaftLogWorker.java:close(224)) - a62c5862-2413-45e1-a25a-271607b15565@group-C88106EEEC90-SegmentedRaftLogWorker close()
2019-10-13 20:34:29,970 [java.util.concurrent.ThreadPoolExecutor$Worker@4c9c17fc[State = -1, empty queue]] WARN  server.GrpcLogAppender (GrpcLogAppender.java:timeoutAppendRequest(200)) - c6676a3b-9238-484a-870a-e78b36fd6b90@group-CCF72240D914->787c3207-a753-429a-a612-e3ac99d17bc9-GrpcLogAppender: appendEntries Timeout, request=c6676a3b-9238-484a-870a-e78b36fd6b90->787c3207-a753-429a-a612-e3ac99d17bc9#108-t6, previous=(t:6, i:2), leaderCommit=2, initializing? false, entries: <empty>
2019-10-13 20:34:30,331 [java.util.concurrent.ThreadPoolExecutor$Worker@dbb1acd[State = -1, empty queue]] WARN  server.GrpcLogAppender (GrpcLogAppender.java:timeoutAppendRequest(200)) - c6676a3b-9238-484a-870a-e78b36fd6b90@group-CCF72240D914->cab3cae7-f0a1-4851-a661-63d582d319d1-GrpcLogAppender: appendEntries Timeout, request=c6676a3b-9238-484a-870a-e78b36fd6b90->cab3cae7-f0a1-4851-a661-63d582d319d1#110-t6, previous=(t:6, i:2), leaderCommit=2, initializing? false, entries: <empty>
2019-10-13 20:34:30,470 [java.util.concurrent.ThreadPoolExecutor$Worker@4c9c17fc[State = -1, empty queue]] WARN  server.GrpcLogAppender (GrpcLogAppender.java:timeoutAppendRequest(200)) - c6676a3b-9238-484a-870a-e78b36fd6b90@group-CCF72240D914->787c3207-a753-429a-a612-e3ac99d17bc9-GrpcLogAppender: appendEntries Timeout, request=c6676a3b-9238-484a-870a-e78b36fd6b90->787c3207-a753-429a-a612-e3ac99d17bc9#109-t6, previous=(t:6, i:2), leaderCommit=2, initializing? false, entries: <empty>
2019-10-13 20:34:30,831 [java.util.concurrent.ThreadPoolExecutor$Worker@dbb1acd[State = -1, empty queue]] WARN  server.GrpcLogAppender (GrpcLogAppender.java:timeoutAppendRequest(200)) - c6676a3b-9238-484a-870a-e78b36fd6b90@group-CCF72240D914->cab3cae7-f0a1-4851-a661-63d582d319d1-GrpcLogAppender: appendEntries Timeout, request=c6676a3b-9238-484a-870a-e78b36fd6b90->cab3cae7-f0a1-4851-a661-63d582d319d1#111-t6, previous=(t:6, i:2), leaderCommit=2, initializing? false, entries: <empty>
2019-10-13 20:34:30,970 [java.util.concurrent.ThreadPoolExecutor$Worker@4c9c17fc[State = -1, empty queue]] WARN  server.GrpcLogAppender (GrpcLogAppender.java:timeoutAppendRequest(200)) - c6676a3b-9238-484a-870a-e78b36fd6b90@group-CCF72240D914->787c3207-a753-429a-a612-e3ac99d17bc9-GrpcLogAppender: appendEntries Timeout, request=c6676a3b-9238-484a-870a-e78b36fd6b90->787c3207-a753-429a-a612-e3ac99d17bc9#110-t6, previous=(t:6, i:2), leaderCommit=2, initializing? false, entries: <empty>
2019-10-13 20:34:31,094 [main] INFO  ozoneimpl.OzoneContainer (OzoneContainer.java:stop(227)) - Attempting to stop container services.
2019-10-13 20:34:31,095 [main] INFO  impl.RaftServerProxy (RaftServerProxy.java:lambda$close$4(314)) - aadf9f79-694c-46a6-b55c-827d59c43739: close
2019-10-13 20:34:31,095 [main] INFO  impl.RaftServerImpl (RaftServerImpl.java:lambda$shutdown$3(247)) - aadf9f79-694c-46a6-b55c-827d59c43739@group-131DB5B40DA7: shutdown
2019-10-13 20:34:31,096 [main] INFO  util.JmxRegister (JmxRegister.java:unregister(73)) - Successfully un-registered JMX Bean with object name Ratis:service=RaftServer,group=group-131DB5B40DA7,id=aadf9f79-694c-46a6-b55c-827d59c43739
2019-10-13 20:34:31,096 [main] INFO  impl.RoleInfo (RoleInfo.java:shutdownLeaderState(104)) - aadf9f79-694c-46a6-b55c-827d59c43739: shutdown LeaderState
2019-10-13 20:34:31,096 [main] INFO  impl.PendingRequests (PendingRequests.java:sendNotLeaderResponses(202)) - aadf9f79-694c-46a6-b55c-827d59c43739@group-131DB5B40DA7-PendingRequests: sendNotLeaderResponses
2019-10-13 20:34:31,097 [main] INFO  impl.StateMachineUpdater (StateMachineUpdater.java:stopAndJoin(136)) - aadf9f79-694c-46a6-b55c-827d59c43739@group-131DB5B40DA7-StateMachineUpdater: set stopIndex = 0
2019-10-13 20:34:31,097 [main] INFO  impl.RaftServerImpl (ServerState.java:close(387)) - aadf9f79-694c-46a6-b55c-827d59c43739@group-131DB5B40DA7: closes. applyIndex: 0
2019-10-13 20:34:31,098 [aadf9f79-694c-46a6-b55c-827d59c43739@group-131DB5B40DA7-SegmentedRaftLogWorker] INFO  segmented.SegmentedRaftLogWorker (SegmentedRaftLogWorker.java:run(316)) - aadf9f79-694c-46a6-b55c-827d59c43739@group-131DB5B40DA7-SegmentedRaftLogWorker was interrupted, exiting. There are 0 tasks remaining in the queue.
2019-10-13 20:34:31,104 [main] INFO  segmented.SegmentedRaftLogWorker (SegmentedRaftLogWorker.java:close(224)) - aadf9f79-694c-46a6-b55c-827d59c43739@group-131DB5B40DA7-SegmentedRaftLogWorker close()
2019-10-13 20:34:31,112 [main] INFO  impl.RaftServerImpl (RaftServerImpl.java:lambda$shutdown$3(247)) - aadf9f79-694c-46a6-b55c-827d59c43739@group-0BB7D473782A: shutdown
2019-10-13 20:34:31,113 [main] INFO  util.JmxRegister (JmxRegister.java:unregister(73)) - Successfully un-registered JMX Bean with object name Ratis:service=RaftServer,group=group-0BB7D473782A,id=aadf9f79-694c-46a6-b55c-827d59c43739
2019-10-13 20:34:31,113 [main] INFO  impl.RoleInfo (RoleInfo.java:shutdownFollowerState(121)) - aadf9f79-694c-46a6-b55c-827d59c43739: shutdown FollowerState
2019-10-13 20:34:31,113 [main] INFO  impl.StateMachineUpdater (StateMachineUpdater.java:stopAndJoin(136)) - aadf9f79-694c-46a6-b55c-827d59c43739@group-0BB7D473782A-StateMachineUpdater: set stopIndex = 2
2019-10-13 20:34:31,113 [Thread-1632] INFO  impl.FollowerState (FollowerState.java:run(117)) - aadf9f79-694c-46a6-b55c-827d59c43739@group-0BB7D473782A-FollowerState was interrupted: java.lang.InterruptedException: sleep interrupted
2019-10-13 20:34:31,113 [aadf9f79-694c-46a6-b55c-827d59c43739@group-0BB7D473782A-StateMachineUpdater] INFO  ratis.ContainerStateMachine (ContainerStateMachine.java:takeSnapshot(294)) - group-0BB7D473782A: Taking a snapshot at:(t:1, i:1) file /workdir/hadoop-ozone/integration-test/target/test-dir/MiniOzoneClusterImpl-e735d883-6d8e-4d30-a8f4-26865d39708e/datanode-2/data/ratis/ded33819-f6ee-45cc-964c-0bb7d473782a/sm/snapshot.1_1
2019-10-13 20:34:31,332 [java.util.concurrent.ThreadPoolExecutor$Worker@dbb1acd[State = -1, empty queue]] WARN  server.GrpcLogAppender (GrpcLogAppender.java:timeoutAppendRequest(200)) - c6676a3b-9238-484a-870a-e78b36fd6b90@group-CCF72240D914->cab3cae7-f0a1-4851-a661-63d582d319d1-GrpcLogAppender: appendEntries Timeout, request=c6676a3b-9238-484a-870a-e78b36fd6b90->cab3cae7-f0a1-4851-a661-63d582d319d1#112-t6, previous=(t:6, i:2), leaderCommit=2, initializing? false, entries: <empty>
2019-10-13 20:34:31,475 [java.util.concurrent.ThreadPoolExecutor$Worker@4c9c17fc[State = -1, empty queue]] WARN  server.GrpcLogAppender (GrpcLogAppender.java:timeoutAppendRequest(200)) - c6676a3b-9238-484a-870a-e78b36fd6b90@group-CCF72240D914->787c3207-a753-429a-a612-e3ac99d17bc9-GrpcLogAppender: appendEntries Timeout, request=c6676a3b-9238-484a-870a-e78b36fd6b90->787c3207-a753-429a-a612-e3ac99d17bc9#111-t6, previous=(t:6, i:2), leaderCommit=2, initializing? false, entries: <empty>
2019-10-13 20:34:31,832 [java.util.concurrent.ThreadPoolExecutor$Worker@dbb1acd[State = -1, empty queue]] WARN  server.GrpcLogAppender (GrpcLogAppender.java:timeoutAppendRequest(200)) - c6676a3b-9238-484a-870a-e78b36fd6b90@group-CCF72240D914->cab3cae7-f0a1-4851-a661-63d582d319d1-GrpcLogAppender: appendEntries Timeout, request=c6676a3b-9238-484a-870a-e78b36fd6b90->cab3cae7-f0a1-4851-a661-63d582d319d1#113-t6, previous=(t:6, i:2), leaderCommit=2, initializing? false, entries: <empty>
2019-10-13 20:34:31,975 [java.util.concurrent.ThreadPoolExecutor$Worker@4c9c17fc[State = -1, empty queue]] WARN  server.GrpcLogAppender (GrpcLogAppender.java:timeoutAppendRequest(200)) - c6676a3b-9238-484a-870a-e78b36fd6b90@group-CCF72240D914->787c3207-a753-429a-a612-e3ac99d17bc9-GrpcLogAppender: appendEntries Timeout, request=c6676a3b-9238-484a-870a-e78b36fd6b90->787c3207-a753-429a-a612-e3ac99d17bc9#112-t6, previous=(t:6, i:2), leaderCommit=2, initializing? false, entries: <empty>
2019-10-13 20:34:32,332 [java.util.concurrent.ThreadPoolExecutor$Worker@dbb1acd[State = -1, empty queue]] WARN  server.GrpcLogAppender (GrpcLogAppender.java:timeoutAppendRequest(200)) - c6676a3b-9238-484a-870a-e78b36fd6b90@group-CCF72240D914->cab3cae7-f0a1-4851-a661-63d582d319d1-GrpcLogAppender: appendEntries Timeout, request=c6676a3b-9238-484a-870a-e78b36fd6b90->cab3cae7-f0a1-4851-a661-63d582d319d1#114-t6, previous=(t:6, i:2), leaderCommit=2, initializing? false, entries: <empty>
2019-10-13 20:34:32,475 [java.util.concurrent.ThreadPoolExecutor$Worker@4c9c17fc[State = -1, empty queue]] WARN  server.GrpcLogAppender (GrpcLogAppender.java:timeoutAppendRequest(200)) - c6676a3b-9238-484a-870a-e78b36fd6b90@group-CCF72240D914->787c3207-a753-429a-a612-e3ac99d17bc9-GrpcLogAppender: appendEntries Timeout, request=c6676a3b-9238-484a-870a-e78b36fd6b90->787c3207-a753-429a-a612-e3ac99d17bc9#113-t6, previous=(t:6, i:2), leaderCommit=2, initializing? false, entries: <empty>
2019-10-13 20:34:32,833 [java.util.concurrent.ThreadPoolExecutor$Worker@dbb1acd[State = -1, empty queue]] WARN  server.GrpcLogAppender (GrpcLogAppender.java:timeoutAppendRequest(200)) - c6676a3b-9238-484a-870a-e78b36fd6b90@group-CCF72240D914->cab3cae7-f0a1-4851-a661-63d582d319d1-GrpcLogAppender: appendEntries Timeout, request=c6676a3b-9238-484a-870a-e78b36fd6b90->cab3cae7-f0a1-4851-a661-63d582d319d1#115-t6, previous=(t:6, i:2), leaderCommit=2, initializing? false, entries: <empty>
2019-10-13 20:34:32,975 [java.util.concurrent.ThreadPoolExecutor$Worker@4c9c17fc[State = -1, empty queue]] WARN  server.GrpcLogAppender (GrpcLogAppender.java:timeoutAppendRequest(200)) - c6676a3b-9238-484a-870a-e78b36fd6b90@group-CCF72240D914->787c3207-a753-429a-a612-e3ac99d17bc9-GrpcLogAppender: appendEntries Timeout, request=c6676a3b-9238-484a-870a-e78b36fd6b90->787c3207-a753-429a-a612-e3ac99d17bc9#114-t6, previous=(t:6, i:2), leaderCommit=2, initializing? false, entries: <empty>
2019-10-13 20:34:33,333 [java.util.concurrent.ThreadPoolExecutor$Worker@dbb1acd[State = -1, empty queue]] WARN  server.GrpcLogAppender (GrpcLogAppender.java:timeoutAppendRequest(200)) - c6676a3b-9238-484a-870a-e78b36fd6b90@group-CCF72240D914->cab3cae7-f0a1-4851-a661-63d582d319d1-GrpcLogAppender: appendEntries Timeout, request=c6676a3b-9238-484a-870a-e78b36fd6b90->cab3cae7-f0a1-4851-a661-63d582d319d1#116-t6, previous=(t:6, i:2), leaderCommit=2, initializing? false, entries: <empty>
2019-10-13 20:34:33,476 [java.util.concurrent.ThreadPoolExecutor$Worker@4c9c17fc[State = -1, empty queue]] WARN  server.GrpcLogAppender (GrpcLogAppender.java:timeoutAppendRequest(200)) - c6676a3b-9238-484a-870a-e78b36fd6b90@group-CCF72240D914->787c3207-a753-429a-a612-e3ac99d17bc9-GrpcLogAppender: appendEntries Timeout, request=c6676a3b-9238-484a-870a-e78b36fd6b90->787c3207-a753-429a-a612-e3ac99d17bc9#115-t6, previous=(t:6, i:2), leaderCommit=2, initializing? false, entries: <empty>
2019-10-13 20:34:33,833 [java.util.concurrent.ThreadPoolExecutor$Worker@dbb1acd[State = -1, empty queue]] WARN  server.GrpcLogAppender (GrpcLogAppender.java:timeoutAppendRequest(200)) - c6676a3b-9238-484a-870a-e78b36fd6b90@group-CCF72240D914->cab3cae7-f0a1-4851-a661-63d582d319d1-GrpcLogAppender: appendEntries Timeout, request=c6676a3b-9238-484a-870a-e78b36fd6b90->cab3cae7-f0a1-4851-a661-63d582d319d1#117-t6, previous=(t:6, i:2), leaderCommit=2, initializing? false, entries: <empty>
2019-10-13 20:34:33,976 [java.util.concurrent.ThreadPoolExecutor$Worker@4c9c17fc[State = -1, empty queue]] WARN  server.GrpcLogAppender (GrpcLogAppender.java:timeoutAppendRequest(200)) - c6676a3b-9238-484a-870a-e78b36fd6b90@group-CCF72240D914->787c3207-a753-429a-a612-e3ac99d17bc9-GrpcLogAppender: appendEntries Timeout, request=c6676a3b-9238-484a-870a-e78b36fd6b90->787c3207-a753-429a-a612-e3ac99d17bc9#116-t6, previous=(t:6, i:2), leaderCommit=2, initializing? false, entries: <empty>
2019-10-13 20:34:34,333 [java.util.concurrent.ThreadPoolExecutor$Worker@dbb1acd[State = -1, empty queue]] WARN  server.GrpcLogAppender (GrpcLogAppender.java:timeoutAppendRequest(200)) - c6676a3b-9238-484a-870a-e78b36fd6b90@group-CCF72240D914->cab3cae7-f0a1-4851-a661-63d582d319d1-GrpcLogAppender: appendEntries Timeout, request=c6676a3b-9238-484a-870a-e78b36fd6b90->cab3cae7-f0a1-4851-a661-63d582d319d1#118-t6, previous=(t:6, i:2), leaderCommit=2, initializing? false, entries: <empty>
2019-10-13 20:34:34,476 [java.util.concurrent.ThreadPoolExecutor$Worker@4c9c17fc[State = -1, empty queue]] WARN  server.GrpcLogAppender (GrpcLogAppender.java:timeoutAppendRequest(200)) - c6676a3b-9238-484a-870a-e78b36fd6b90@group-CCF72240D914->787c3207-a753-429a-a612-e3ac99d17bc9-GrpcLogAppender: appendEntries Timeout, request=c6676a3b-9238-484a-870a-e78b36fd6b90->787c3207-a753-429a-a612-e3ac99d17bc9#117-t6, previous=(t:6, i:2), leaderCommit=2, initializing? false, entries: <empty>
2019-10-13 20:34:34,833 [java.util.concurrent.ThreadPoolExecutor$Worker@dbb1acd[State = -1, empty queue]] WARN  server.GrpcLogAppender (GrpcLogAppender.java:timeoutAppendRequest(200)) - c6676a3b-9238-484a-870a-e78b36fd6b90@group-CCF72240D914->cab3cae7-f0a1-4851-a661-63d582d319d1-GrpcLogAppender: appendEntries Timeout, request=c6676a3b-9238-484a-870a-e78b36fd6b90->cab3cae7-f0a1-4851-a661-63d582d319d1#119-t6, previous=(t:6, i:2), leaderCommit=2, initializing? false, entries: <empty>
2019-10-13 20:34:34,976 [java.util.concurrent.ThreadPoolExecutor$Worker@4c9c17fc[State = -1, empty queue]] WARN  server.GrpcLogAppender (GrpcLogAppender.java:timeoutAppendRequest(200)) - c6676a3b-9238-484a-870a-e78b36fd6b90@group-CCF72240D914->787c3207-a753-429a-a612-e3ac99d17bc9-GrpcLogAppender: appendEntries Timeout, request=c6676a3b-9238-484a-870a-e78b36fd6b90->787c3207-a753-429a-a612-e3ac99d17bc9#118-t6, previous=(t:6, i:2), leaderCommit=2, initializing? false, entries: <empty>
2019-10-13 20:34:35,116 [c6676a3b-9238-484a-870a-e78b36fd6b90@group-5D7F111F42E3-LeaderElection56] INFO  impl.LeaderElection (LeaderElection.java:askForVotes(178)) - c6676a3b-9238-484a-870a-e78b36fd6b90@group-5D7F111F42E3-LeaderElection56: begin an election at term 15 for 0: [cab3cae7-f0a1-4851-a661-63d582d319d1:192.168.157.224:38398, 787c3207-a753-429a-a612-e3ac99d17bc9:192.168.157.224:45659, c6676a3b-9238-484a-870a-e78b36fd6b90:192.168.157.224:37064], old=null
2019-10-13 20:34:35,121 [grpc-default-executor-4] WARN  server.GrpcServerProtocolService (LogUtils.java:warn(136)) - cab3cae7-f0a1-4851-a661-63d582d319d1: Failed requestVote c6676a3b-9238-484a-870a-e78b36fd6b90->cab3cae7-f0a1-4851-a661-63d582d319d1#0
org.apache.ratis.protocol.GroupMismatchException: cab3cae7-f0a1-4851-a661-63d582d319d1: group-5D7F111F42E3 not found.
	at org.apache.ratis.server.impl.RaftServerProxy$ImplMap.get(RaftServerProxy.java:122)
	at org.apache.ratis.server.impl.RaftServerProxy.getImplFuture(RaftServerProxy.java:269)
	at org.apache.ratis.server.impl.RaftServerProxy.getImpl(RaftServerProxy.java:278)
	at org.apache.ratis.server.impl.RaftServerProxy.getImpl(RaftServerProxy.java:273)
	at org.apache.ratis.server.impl.RaftServerProxy.requestVote(RaftServerProxy.java:443)
	at org.apache.ratis.grpc.server.GrpcServerProtocolService.requestVote(GrpcServerProtocolService.java:142)
	at org.apache.ratis.proto.grpc.RaftServerProtocolServiceGrpc$MethodHandlers.invoke(RaftServerProtocolServiceGrpc.java:319)
	at org.apache.ratis.thirdparty.io.grpc.stub.ServerCalls$UnaryServerCallHandler$UnaryServerCallListener.onHalfClose(ServerCalls.java:171)
	at org.apache.ratis.thirdparty.io.grpc.internal.ServerCallImpl$ServerStreamListenerImpl.halfClosed(ServerCallImpl.java:283)
	at org.apache.ratis.thirdparty.io.grpc.internal.ServerImpl$JumpToApplicationThreadServerStreamListener$1HalfClosed.runInContext(ServerImpl.java:710)
	at org.apache.ratis.thirdparty.io.grpc.internal.ContextRunnable.run(ContextRunnable.java:37)
	at org.apache.ratis.thirdparty.io.grpc.internal.SerializingExecutor.run(SerializingExecutor.java:123)
	at java.util.concurrent.ThreadPoolExecutor.runWorker(ThreadPoolExecutor.java:1149)
	at java.util.concurrent.ThreadPoolExecutor$Worker.run(ThreadPoolExecutor.java:624)
	at java.lang.Thread.run(Thread.java:748)
2019-10-13 20:34:35,121 [grpc-default-executor-3] WARN  server.GrpcServerProtocolService (LogUtils.java:warn(136)) - 787c3207-a753-429a-a612-e3ac99d17bc9: Failed requestVote c6676a3b-9238-484a-870a-e78b36fd6b90->787c3207-a753-429a-a612-e3ac99d17bc9#0
org.apache.ratis.protocol.GroupMismatchException: 787c3207-a753-429a-a612-e3ac99d17bc9: group-5D7F111F42E3 not found.
	at org.apache.ratis.server.impl.RaftServerProxy$ImplMap.get(RaftServerProxy.java:122)
	at org.apache.ratis.server.impl.RaftServerProxy.getImplFuture(RaftServerProxy.java:269)
	at org.apache.ratis.server.impl.RaftServerProxy.getImpl(RaftServerProxy.java:278)
	at org.apache.ratis.server.impl.RaftServerProxy.getImpl(RaftServerProxy.java:273)
	at org.apache.ratis.server.impl.RaftServerProxy.requestVote(RaftServerProxy.java:443)
	at org.apache.ratis.grpc.server.GrpcServerProtocolService.requestVote(GrpcServerProtocolService.java:142)
	at org.apache.ratis.proto.grpc.RaftServerProtocolServiceGrpc$MethodHandlers.invoke(RaftServerProtocolServiceGrpc.java:319)
	at org.apache.ratis.thirdparty.io.grpc.stub.ServerCalls$UnaryServerCallHandler$UnaryServerCallListener.onHalfClose(ServerCalls.java:171)
	at org.apache.ratis.thirdparty.io.grpc.internal.ServerCallImpl$ServerStreamListenerImpl.halfClosed(ServerCallImpl.java:283)
	at org.apache.ratis.thirdparty.io.grpc.internal.ServerImpl$JumpToApplicationThreadServerStreamListener$1HalfClosed.runInContext(ServerImpl.java:710)
	at org.apache.ratis.thirdparty.io.grpc.internal.ContextRunnable.run(ContextRunnable.java:37)
	at org.apache.ratis.thirdparty.io.grpc.internal.SerializingExecutor.run(SerializingExecutor.java:123)
	at java.util.concurrent.ThreadPoolExecutor.runWorker(ThreadPoolExecutor.java:1149)
	at java.util.concurrent.ThreadPoolExecutor$Worker.run(ThreadPoolExecutor.java:624)
	at java.lang.Thread.run(Thread.java:748)
2019-10-13 20:34:35,125 [aadf9f79-694c-46a6-b55c-827d59c43739@group-0BB7D473782A-StateMachineUpdater] INFO  ratis.ContainerStateMachine (ContainerStateMachine.java:takeSnapshot(305)) - group-0BB7D473782A: Finished taking a snapshot at:(t:1, i:1) file:/workdir/hadoop-ozone/integration-test/target/test-dir/MiniOzoneClusterImpl-e735d883-6d8e-4d30-a8f4-26865d39708e/datanode-2/data/ratis/ded33819-f6ee-45cc-964c-0bb7d473782a/sm/snapshot.1_1 time:4012
2019-10-13 20:34:35,126 [c6676a3b-9238-484a-870a-e78b36fd6b90@group-5D7F111F42E3-LeaderElection56] INFO  impl.LeaderElection (LogUtils.java:infoOrTrace(149)) - c6676a3b-9238-484a-870a-e78b36fd6b90@group-5D7F111F42E3-LeaderElection56 got exception when requesting votes: {}
java.util.concurrent.ExecutionException: org.apache.ratis.thirdparty.io.grpc.StatusRuntimeException: INTERNAL: cab3cae7-f0a1-4851-a661-63d582d319d1: group-5D7F111F42E3 not found.
	at java.util.concurrent.FutureTask.report(FutureTask.java:122)
	at java.util.concurrent.FutureTask.get(FutureTask.java:192)
	at org.apache.ratis.server.impl.LeaderElection.waitForResults(LeaderElection.java:259)
	at org.apache.ratis.server.impl.LeaderElection.askForVotes(LeaderElection.java:197)
	at org.apache.ratis.server.impl.LeaderElection.run(LeaderElection.java:133)
	at java.lang.Thread.run(Thread.java:748)
Caused by: org.apache.ratis.thirdparty.io.grpc.StatusRuntimeException: INTERNAL: cab3cae7-f0a1-4851-a661-63d582d319d1: group-5D7F111F42E3 not found.
	at org.apache.ratis.thirdparty.io.grpc.stub.ClientCalls.toStatusRuntimeException(ClientCalls.java:233)
	at org.apache.ratis.thirdparty.io.grpc.stub.ClientCalls.getUnchecked(ClientCalls.java:214)
	at org.apache.ratis.thirdparty.io.grpc.stub.ClientCalls.blockingUnaryCall(ClientCalls.java:139)
	at org.apache.ratis.proto.grpc.RaftServerProtocolServiceGrpc$RaftServerProtocolServiceBlockingStub.requestVote(RaftServerProtocolServiceGrpc.java:265)
	at org.apache.ratis.grpc.server.GrpcServerProtocolClient.requestVote(GrpcServerProtocolClient.java:99)
	at org.apache.ratis.grpc.server.GrpcService.requestVote(GrpcService.java:204)
	at org.apache.ratis.server.impl.LeaderElection.lambda$submitRequests$1(LeaderElection.java:234)
	at java.util.concurrent.FutureTask.run(FutureTask.java:266)
	at java.util.concurrent.Executors$RunnableAdapter.call(Executors.java:511)
	at java.util.concurrent.FutureTask.run(FutureTask.java:266)
	at java.util.concurrent.ThreadPoolExecutor.runWorker(ThreadPoolExecutor.java:1149)
	at java.util.concurrent.ThreadPoolExecutor$Worker.run(ThreadPoolExecutor.java:624)
	... 1 more
2019-10-13 20:34:35,126 [aadf9f79-694c-46a6-b55c-827d59c43739@group-0BB7D473782A-StateMachineUpdater] INFO  impl.StateMachineUpdater (StateMachineUpdater.java:takeSnapshot(269)) - aadf9f79-694c-46a6-b55c-827d59c43739@group-0BB7D473782A-StateMachineUpdater: Took a snapshot at index 1
2019-10-13 20:34:35,135 [c6676a3b-9238-484a-870a-e78b36fd6b90@group-5D7F111F42E3-LeaderElection56] INFO  impl.LeaderElection (LogUtils.java:infoOrTrace(149)) - c6676a3b-9238-484a-870a-e78b36fd6b90@group-5D7F111F42E3-LeaderElection56 got exception when requesting votes: {}
java.util.concurrent.ExecutionException: org.apache.ratis.thirdparty.io.grpc.StatusRuntimeException: INTERNAL: 787c3207-a753-429a-a612-e3ac99d17bc9: group-5D7F111F42E3 not found.
	at java.util.concurrent.FutureTask.report(FutureTask.java:122)
	at java.util.concurrent.FutureTask.get(FutureTask.java:192)
	at org.apache.ratis.server.impl.LeaderElection.waitForResults(LeaderElection.java:259)
	at org.apache.ratis.server.impl.LeaderElection.askForVotes(LeaderElection.java:197)
	at org.apache.ratis.server.impl.LeaderElection.run(LeaderElection.java:133)
	at java.lang.Thread.run(Thread.java:748)
Caused by: org.apache.ratis.thirdparty.io.grpc.StatusRuntimeException: INTERNAL: 787c3207-a753-429a-a612-e3ac99d17bc9: group-5D7F111F42E3 not found.
	at org.apache.ratis.thirdparty.io.grpc.stub.ClientCalls.toStatusRuntimeException(ClientCalls.java:233)
	at org.apache.ratis.thirdparty.io.grpc.stub.ClientCalls.getUnchecked(ClientCalls.java:214)
	at org.apache.ratis.thirdparty.io.grpc.stub.ClientCalls.blockingUnaryCall(ClientCalls.java:139)
	at org.apache.ratis.proto.grpc.RaftServerProtocolServiceGrpc$RaftServerProtocolServiceBlockingStub.requestVote(RaftServerProtocolServiceGrpc.java:265)
	at org.apache.ratis.grpc.server.GrpcServerProtocolClient.requestVote(GrpcServerProtocolClient.java:99)
	at org.apache.ratis.grpc.server.GrpcService.requestVote(GrpcService.java:204)
	at org.apache.ratis.server.impl.LeaderElection.lambda$submitRequests$1(LeaderElection.java:234)
	at java.util.concurrent.FutureTask.run(FutureTask.java:266)
	at java.util.concurrent.Executors$RunnableAdapter.call(Executors.java:511)
	at java.util.concurrent.FutureTask.run(FutureTask.java:266)
	at java.util.concurrent.ThreadPoolExecutor.runWorker(ThreadPoolExecutor.java:1149)
	at java.util.concurrent.ThreadPoolExecutor$Worker.run(ThreadPoolExecutor.java:624)
	... 1 more
2019-10-13 20:34:35,135 [aadf9f79-694c-46a6-b55c-827d59c43739@group-0BB7D473782A-StateMachineUpdater] INFO  impl.StateMachineUpdater (StateMachineUpdater.java:lambda$new$0(84)) - aadf9f79-694c-46a6-b55c-827d59c43739@group-0BB7D473782A-StateMachineUpdater: snapshotIndex: updateIncreasingly -1 -> 1
2019-10-13 20:34:35,171 [aadf9f79-694c-46a6-b55c-827d59c43739@group-0BB7D473782A-StateMachineUpdater] INFO  ratis.ContainerStateMachine (ContainerStateMachine.java:takeSnapshot(294)) - group-0BB7D473782A: Taking a snapshot at:(t:1, i:1) file /workdir/hadoop-ozone/integration-test/target/test-dir/MiniOzoneClusterImpl-e735d883-6d8e-4d30-a8f4-26865d39708e/datanode-2/data/ratis/ded33819-f6ee-45cc-964c-0bb7d473782a/sm/snapshot.1_1
2019-10-13 20:34:35,172 [c6676a3b-9238-484a-870a-e78b36fd6b90@group-5D7F111F42E3-LeaderElection56] INFO  impl.LeaderElection (LeaderElection.java:logAndReturn(56)) - c6676a3b-9238-484a-870a-e78b36fd6b90@group-5D7F111F42E3-LeaderElection56: Election REJECTED; received 0 response(s) [] and 2 exception(s); c6676a3b-9238-484a-870a-e78b36fd6b90@group-5D7F111F42E3:t15, leader=null, voted=c6676a3b-9238-484a-870a-e78b36fd6b90, raftlog=c6676a3b-9238-484a-870a-e78b36fd6b90@group-5D7F111F42E3-SegmentedRaftLog:OPENED:c0,f0,i0, conf=0: [cab3cae7-f0a1-4851-a661-63d582d319d1:192.168.157.224:38398, 787c3207-a753-429a-a612-e3ac99d17bc9:192.168.157.224:45659, c6676a3b-9238-484a-870a-e78b36fd6b90:192.168.157.224:37064], old=null
2019-10-13 20:34:35,172 [c6676a3b-9238-484a-870a-e78b36fd6b90@group-5D7F111F42E3-LeaderElection56] INFO  impl.LeaderElection (LogUtils.java:infoOrTrace(149)) -   Exception 0: {}
java.util.concurrent.ExecutionException: org.apache.ratis.thirdparty.io.grpc.StatusRuntimeException: INTERNAL: cab3cae7-f0a1-4851-a661-63d582d319d1: group-5D7F111F42E3 not found.
	at java.util.concurrent.FutureTask.report(FutureTask.java:122)
	at java.util.concurrent.FutureTask.get(FutureTask.java:192)
	at org.apache.ratis.server.impl.LeaderElection.waitForResults(LeaderElection.java:259)
	at org.apache.ratis.server.impl.LeaderElection.askForVotes(LeaderElection.java:197)
	at org.apache.ratis.server.impl.LeaderElection.run(LeaderElection.java:133)
	at java.lang.Thread.run(Thread.java:748)
Caused by: org.apache.ratis.thirdparty.io.grpc.StatusRuntimeException: INTERNAL: cab3cae7-f0a1-4851-a661-63d582d319d1: group-5D7F111F42E3 not found.
	at org.apache.ratis.thirdparty.io.grpc.stub.ClientCalls.toStatusRuntimeException(ClientCalls.java:233)
	at org.apache.ratis.thirdparty.io.grpc.stub.ClientCalls.getUnchecked(ClientCalls.java:214)
	at org.apache.ratis.thirdparty.io.grpc.stub.ClientCalls.blockingUnaryCall(ClientCalls.java:139)
	at org.apache.ratis.proto.grpc.RaftServerProtocolServiceGrpc$RaftServerProtocolServiceBlockingStub.requestVote(RaftServerProtocolServiceGrpc.java:265)
	at org.apache.ratis.grpc.server.GrpcServerProtocolClient.requestVote(GrpcServerProtocolClient.java:99)
	at org.apache.ratis.grpc.server.GrpcService.requestVote(GrpcService.java:204)
	at org.apache.ratis.server.impl.LeaderElection.lambda$submitRequests$1(LeaderElection.java:234)
	at java.util.concurrent.FutureTask.run(FutureTask.java:266)
	at java.util.concurrent.Executors$RunnableAdapter.call(Executors.java:511)
	at java.util.concurrent.FutureTask.run(FutureTask.java:266)
	at java.util.concurrent.ThreadPoolExecutor.runWorker(ThreadPoolExecutor.java:1149)
	at java.util.concurrent.ThreadPoolExecutor$Worker.run(ThreadPoolExecutor.java:624)
	... 1 more
2019-10-13 20:34:35,172 [c6676a3b-9238-484a-870a-e78b36fd6b90@group-5D7F111F42E3-LeaderElection56] INFO  impl.LeaderElection (LogUtils.java:infoOrTrace(149)) -   Exception 1: {}
java.util.concurrent.ExecutionException: org.apache.ratis.thirdparty.io.grpc.StatusRuntimeException: INTERNAL: 787c3207-a753-429a-a612-e3ac99d17bc9: group-5D7F111F42E3 not found.
	at java.util.concurrent.FutureTask.report(FutureTask.java:122)
	at java.util.concurrent.FutureTask.get(FutureTask.java:192)
	at org.apache.ratis.server.impl.LeaderElection.waitForResults(LeaderElection.java:259)
	at org.apache.ratis.server.impl.LeaderElection.askForVotes(LeaderElection.java:197)
	at org.apache.ratis.server.impl.LeaderElection.run(LeaderElection.java:133)
	at java.lang.Thread.run(Thread.java:748)
Caused by: org.apache.ratis.thirdparty.io.grpc.StatusRuntimeException: INTERNAL: 787c3207-a753-429a-a612-e3ac99d17bc9: group-5D7F111F42E3 not found.
	at org.apache.ratis.thirdparty.io.grpc.stub.ClientCalls.toStatusRuntimeException(ClientCalls.java:233)
	at org.apache.ratis.thirdparty.io.grpc.stub.ClientCalls.getUnchecked(ClientCalls.java:214)
	at org.apache.ratis.thirdparty.io.grpc.stub.ClientCalls.blockingUnaryCall(ClientCalls.java:139)
	at org.apache.ratis.proto.grpc.RaftServerProtocolServiceGrpc$RaftServerProtocolServiceBlockingStub.requestVote(RaftServerProtocolServiceGrpc.java:265)
	at org.apache.ratis.grpc.server.GrpcServerProtocolClient.requestVote(GrpcServerProtocolClient.java:99)
	at org.apache.ratis.grpc.server.GrpcService.requestVote(GrpcService.java:204)
	at org.apache.ratis.server.impl.LeaderElection.lambda$submitRequests$1(LeaderElection.java:234)
	at java.util.concurrent.FutureTask.run(FutureTask.java:266)
	at java.util.concurrent.Executors$RunnableAdapter.call(Executors.java:511)
	at java.util.concurrent.FutureTask.run(FutureTask.java:266)
	at java.util.concurrent.ThreadPoolExecutor.runWorker(ThreadPoolExecutor.java:1149)
	at java.util.concurrent.ThreadPoolExecutor$Worker.run(ThreadPoolExecutor.java:624)
	... 1 more
2019-10-13 20:34:35,173 [c6676a3b-9238-484a-870a-e78b36fd6b90@group-5D7F111F42E3-LeaderElection56] INFO  impl.RaftServerImpl (RaftServerImpl.java:setRole(170)) - c6676a3b-9238-484a-870a-e78b36fd6b90@group-5D7F111F42E3: changes role from CANDIDATE to FOLLOWER at term 15 for DISCOVERED_A_NEW_TERM
2019-10-13 20:34:35,174 [c6676a3b-9238-484a-870a-e78b36fd6b90@group-5D7F111F42E3-LeaderElection56] INFO  impl.RoleInfo (RoleInfo.java:shutdownLeaderElection(134)) - c6676a3b-9238-484a-870a-e78b36fd6b90: shutdown LeaderElection
2019-10-13 20:34:35,175 [c6676a3b-9238-484a-870a-e78b36fd6b90@group-5D7F111F42E3-LeaderElection56] INFO  impl.RoleInfo (RoleInfo.java:updateAndGet(143)) - c6676a3b-9238-484a-870a-e78b36fd6b90: start FollowerState
2019-10-13 20:34:35,185 [aadf9f79-694c-46a6-b55c-827d59c43739@group-0BB7D473782A-StateMachineUpdater] INFO  ratis.ContainerStateMachine (ContainerStateMachine.java:takeSnapshot(305)) - group-0BB7D473782A: Finished taking a snapshot at:(t:1, i:1) file:/workdir/hadoop-ozone/integration-test/target/test-dir/MiniOzoneClusterImpl-e735d883-6d8e-4d30-a8f4-26865d39708e/datanode-2/data/ratis/ded33819-f6ee-45cc-964c-0bb7d473782a/sm/snapshot.1_1 time:14
2019-10-13 20:34:35,191 [aadf9f79-694c-46a6-b55c-827d59c43739@group-0BB7D473782A-StateMachineUpdater] INFO  impl.StateMachineUpdater (StateMachineUpdater.java:takeSnapshot(269)) - aadf9f79-694c-46a6-b55c-827d59c43739@group-0BB7D473782A-StateMachineUpdater: Took a snapshot at index 1
2019-10-13 20:34:35,191 [aadf9f79-694c-46a6-b55c-827d59c43739@group-0BB7D473782A-StateMachineUpdater] INFO  impl.StateMachineUpdater (StateMachineUpdater.java:lambda$new$0(84)) - aadf9f79-694c-46a6-b55c-827d59c43739@group-0BB7D473782A-StateMachineUpdater: snapshotIndex: updateIncreasingly 1 -> 1
2019-10-13 20:34:35,191 [main] INFO  impl.RaftServerImpl (ServerState.java:close(387)) - aadf9f79-694c-46a6-b55c-827d59c43739@group-0BB7D473782A: closes. applyIndex: 2
2019-10-13 20:34:35,192 [aadf9f79-694c-46a6-b55c-827d59c43739@group-0BB7D473782A-SegmentedRaftLogWorker] INFO  segmented.SegmentedRaftLogWorker (SegmentedRaftLogWorker.java:run(316)) - aadf9f79-694c-46a6-b55c-827d59c43739@group-0BB7D473782A-SegmentedRaftLogWorker was interrupted, exiting. There are 0 tasks remaining in the queue.
2019-10-13 20:34:35,196 [main] INFO  segmented.SegmentedRaftLogWorker (SegmentedRaftLogWorker.java:close(224)) - aadf9f79-694c-46a6-b55c-827d59c43739@group-0BB7D473782A-SegmentedRaftLogWorker close()
2019-10-13 20:34:35,202 [main] INFO  server.GrpcService (GrpcService.java:closeImpl(164)) - aadf9f79-694c-46a6-b55c-827d59c43739: shutdown server with port 36251 now
2019-10-13 20:34:35,204 [grpc-default-executor-4] WARN  server.GrpcServerProtocolService (LogUtils.java:warn(134)) - aadf9f79-694c-46a6-b55c-827d59c43739: installSnapshot onError, lastRequest: 3194ff55-4fd6-4b20-b65d-8d8726a38cdd->aadf9f79-694c-46a6-b55c-827d59c43739#6-t1, previous=(t:1, i:2), leaderCommit=2, initializing? false, entries: <empty>: org.apache.ratis.thirdparty.io.grpc.StatusRuntimeException: CANCELLED: cancelled before receiving half close
2019-10-13 20:34:35,204 [main] INFO  server.GrpcService (GrpcService.java:closeImpl(172)) - aadf9f79-694c-46a6-b55c-827d59c43739: shutdown server with port 36251 successfully
2019-10-13 20:34:35,204 [grpc-default-executor-2] WARN  server.GrpcLogAppender (LogUtils.java:warn(134)) - 3194ff55-4fd6-4b20-b65d-8d8726a38cdd@group-0BB7D473782A->aadf9f79-694c-46a6-b55c-827d59c43739-AppendLogResponseHandler: Failed appendEntries: org.apache.ratis.thirdparty.io.grpc.StatusRuntimeException: CANCELLED: HTTP/2 error code: CANCEL
Received Rst Stream
2019-10-13 20:34:35,205 [grpc-default-executor-2] INFO  impl.FollowerInfo (FollowerInfo.java:lambda$new$0(51)) - 3194ff55-4fd6-4b20-b65d-8d8726a38cdd@group-0BB7D473782A->aadf9f79-694c-46a6-b55c-827d59c43739: nextIndex: updateUnconditionally 3 -> 2
2019-10-13 20:34:35,210 [refreshUsed-/workdir/hadoop-ozone/integration-test/target/test-dir/MiniOzoneClusterImpl-e735d883-6d8e-4d30-a8f4-26865d39708e/datanode-2/data/containers] WARN  fs.CachingGetSpaceUsed (CachingGetSpaceUsed.java:run(183)) - Thread Interrupted waiting to refresh disk information: sleep interrupted
2019-10-13 20:34:35,222 [main] INFO  utils.BackgroundService (BackgroundService.java:shutdown(151)) - Shutting down service BlockDeletingService
2019-10-13 20:34:35,231 [main] INFO  statemachine.DatanodeStateMachine (DatanodeStateMachine.java:stopDaemon(395)) - Ozone container server stopped.
2019-10-13 20:34:35,233 [main] INFO  handler.ContextHandler (ContextHandler.java:doStop(910)) - Stopped o.e.j.w.WebAppContext@2d2b6960{/,null,UNAVAILABLE}{/hddsDatanode}
2019-10-13 20:34:35,233 [main] INFO  server.AbstractConnector (AbstractConnector.java:doStop(318)) - Stopped ServerConnector@38291795{HTTP/1.1,[http/1.1]}{0.0.0.0:0}
2019-10-13 20:34:35,234 [main] INFO  handler.ContextHandler (ContextHandler.java:doStop(910)) - Stopped o.e.j.s.ServletContextHandler@67bd351e{/static,jar:file:/home/user/.m2/repository/org/apache/hadoop/hadoop-hdds-container-service/0.5.0-SNAPSHOT/hadoop-hdds-container-service-0.5.0-SNAPSHOT.jar!/webapps/static,UNAVAILABLE}
2019-10-13 20:34:35,234 [main] INFO  handler.ContextHandler (ContextHandler.java:doStop(910)) - Stopped o.e.j.s.ServletContextHandler@4978777f{/logs,file:///workdir/hadoop-ozone/integration-test/target/log,UNAVAILABLE}
2019-10-13 20:34:35,334 [java.util.concurrent.ThreadPoolExecutor$Worker@dbb1acd[State = -1, empty queue]] WARN  server.GrpcLogAppender (GrpcLogAppender.java:timeoutAppendRequest(200)) - c6676a3b-9238-484a-870a-e78b36fd6b90@group-CCF72240D914->cab3cae7-f0a1-4851-a661-63d582d319d1-GrpcLogAppender: appendEntries Timeout, request=c6676a3b-9238-484a-870a-e78b36fd6b90->cab3cae7-f0a1-4851-a661-63d582d319d1#120-t6, previous=(t:6, i:2), leaderCommit=2, initializing? false, entries: <empty>
2019-10-13 20:34:35,477 [java.util.concurrent.ThreadPoolExecutor$Worker@4c9c17fc[State = -1, empty queue]] WARN  server.GrpcLogAppender (GrpcLogAppender.java:timeoutAppendRequest(200)) - c6676a3b-9238-484a-870a-e78b36fd6b90@group-CCF72240D914->787c3207-a753-429a-a612-e3ac99d17bc9-GrpcLogAppender: appendEntries Timeout, request=c6676a3b-9238-484a-870a-e78b36fd6b90->787c3207-a753-429a-a612-e3ac99d17bc9#119-t6, previous=(t:6, i:2), leaderCommit=2, initializing? false, entries: <empty>
2019-10-13 20:34:35,834 [java.util.concurrent.ThreadPoolExecutor$Worker@dbb1acd[State = -1, empty queue]] WARN  server.GrpcLogAppender (GrpcLogAppender.java:timeoutAppendRequest(200)) - c6676a3b-9238-484a-870a-e78b36fd6b90@group-CCF72240D914->cab3cae7-f0a1-4851-a661-63d582d319d1-GrpcLogAppender: appendEntries Timeout, request=c6676a3b-9238-484a-870a-e78b36fd6b90->cab3cae7-f0a1-4851-a661-63d582d319d1#121-t6, previous=(t:6, i:2), leaderCommit=2, initializing? false, entries: <empty>
2019-10-13 20:34:35,977 [java.util.concurrent.ThreadPoolExecutor$Worker@4c9c17fc[State = -1, empty queue]] WARN  server.GrpcLogAppender (GrpcLogAppender.java:timeoutAppendRequest(200)) - c6676a3b-9238-484a-870a-e78b36fd6b90@group-CCF72240D914->787c3207-a753-429a-a612-e3ac99d17bc9-GrpcLogAppender: appendEntries Timeout, request=c6676a3b-9238-484a-870a-e78b36fd6b90->787c3207-a753-429a-a612-e3ac99d17bc9#120-t6, previous=(t:6, i:2), leaderCommit=2, initializing? false, entries: <empty>
2019-10-13 20:34:35,986 [grpc-default-executor-2] WARN  server.GrpcLogAppender (LogUtils.java:warn(134)) - 3194ff55-4fd6-4b20-b65d-8d8726a38cdd@group-0BB7D473782A->aadf9f79-694c-46a6-b55c-827d59c43739-AppendLogResponseHandler: Failed appendEntries: org.apache.ratis.thirdparty.io.grpc.StatusRuntimeException: UNAVAILABLE: io exception
2019-10-13 20:34:35,986 [grpc-default-executor-2] INFO  impl.FollowerInfo (FollowerInfo.java:lambda$new$0(51)) - 3194ff55-4fd6-4b20-b65d-8d8726a38cdd@group-0BB7D473782A->aadf9f79-694c-46a6-b55c-827d59c43739: nextIndex: updateUnconditionally 2 -> 1
2019-10-13 20:34:36,119 [Datanode State Machine Thread - 0] INFO  statemachine.DatanodeStateMachine (DatanodeStateMachine.java:lambda$startDaemon$0(350)) - Ozone container server started.
2019-10-13 20:34:36,188 [Thread-1696] INFO  impl.FollowerState (FollowerState.java:run(108)) - c6676a3b-9238-484a-870a-e78b36fd6b90@group-5D7F111F42E3-FollowerState: change to CANDIDATE, lastRpcTime:1013ms, electionTimeout:1011ms
2019-10-13 20:34:36,189 [Thread-1696] INFO  impl.RoleInfo (RoleInfo.java:shutdownFollowerState(121)) - c6676a3b-9238-484a-870a-e78b36fd6b90: shutdown FollowerState
2019-10-13 20:34:36,189 [Thread-1696] INFO  impl.RaftServerImpl (RaftServerImpl.java:setRole(170)) - c6676a3b-9238-484a-870a-e78b36fd6b90@group-5D7F111F42E3: changes role from  FOLLOWER to CANDIDATE at term 15 for changeToCandidate
2019-10-13 20:34:36,189 [Thread-1696] INFO  impl.RoleInfo (RoleInfo.java:updateAndGet(143)) - c6676a3b-9238-484a-870a-e78b36fd6b90: start LeaderElection
2019-10-13 20:34:36,221 [c6676a3b-9238-484a-870a-e78b36fd6b90@group-5D7F111F42E3-LeaderElection57] INFO  impl.LeaderElection (LeaderElection.java:askForVotes(178)) - c6676a3b-9238-484a-870a-e78b36fd6b90@group-5D7F111F42E3-LeaderElection57: begin an election at term 16 for 0: [cab3cae7-f0a1-4851-a661-63d582d319d1:192.168.157.224:38398, 787c3207-a753-429a-a612-e3ac99d17bc9:192.168.157.224:45659, c6676a3b-9238-484a-870a-e78b36fd6b90:192.168.157.224:37064], old=null
2019-10-13 20:34:36,224 [grpc-default-executor-2] WARN  server.GrpcServerProtocolService (LogUtils.java:warn(136)) - cab3cae7-f0a1-4851-a661-63d582d319d1: Failed requestVote c6676a3b-9238-484a-870a-e78b36fd6b90->cab3cae7-f0a1-4851-a661-63d582d319d1#0
org.apache.ratis.protocol.GroupMismatchException: cab3cae7-f0a1-4851-a661-63d582d319d1: group-5D7F111F42E3 not found.
	at org.apache.ratis.server.impl.RaftServerProxy$ImplMap.get(RaftServerProxy.java:122)
	at org.apache.ratis.server.impl.RaftServerProxy.getImplFuture(RaftServerProxy.java:269)
	at org.apache.ratis.server.impl.RaftServerProxy.getImpl(RaftServerProxy.java:278)
	at org.apache.ratis.server.impl.RaftServerProxy.getImpl(RaftServerProxy.java:273)
	at org.apache.ratis.server.impl.RaftServerProxy.requestVote(RaftServerProxy.java:443)
	at org.apache.ratis.grpc.server.GrpcServerProtocolService.requestVote(GrpcServerProtocolService.java:142)
	at org.apache.ratis.proto.grpc.RaftServerProtocolServiceGrpc$MethodHandlers.invoke(RaftServerProtocolServiceGrpc.java:319)
	at org.apache.ratis.thirdparty.io.grpc.stub.ServerCalls$UnaryServerCallHandler$UnaryServerCallListener.onHalfClose(ServerCalls.java:171)
	at org.apache.ratis.thirdparty.io.grpc.internal.ServerCallImpl$ServerStreamListenerImpl.halfClosed(ServerCallImpl.java:283)
	at org.apache.ratis.thirdparty.io.grpc.internal.ServerImpl$JumpToApplicationThreadServerStreamListener$1HalfClosed.runInContext(ServerImpl.java:710)
	at org.apache.ratis.thirdparty.io.grpc.internal.ContextRunnable.run(ContextRunnable.java:37)
	at org.apache.ratis.thirdparty.io.grpc.internal.SerializingExecutor.run(SerializingExecutor.java:123)
	at java.util.concurrent.ThreadPoolExecutor.runWorker(ThreadPoolExecutor.java:1149)
	at java.util.concurrent.ThreadPoolExecutor$Worker.run(ThreadPoolExecutor.java:624)
	at java.lang.Thread.run(Thread.java:748)
2019-10-13 20:34:36,225 [grpc-default-executor-4] WARN  server.GrpcServerProtocolService (LogUtils.java:warn(136)) - 787c3207-a753-429a-a612-e3ac99d17bc9: Failed requestVote c6676a3b-9238-484a-870a-e78b36fd6b90->787c3207-a753-429a-a612-e3ac99d17bc9#0
org.apache.ratis.protocol.GroupMismatchException: 787c3207-a753-429a-a612-e3ac99d17bc9: group-5D7F111F42E3 not found.
	at org.apache.ratis.server.impl.RaftServerProxy$ImplMap.get(RaftServerProxy.java:122)
	at org.apache.ratis.server.impl.RaftServerProxy.getImplFuture(RaftServerProxy.java:269)
	at org.apache.ratis.server.impl.RaftServerProxy.getImpl(RaftServerProxy.java:278)
	at org.apache.ratis.server.impl.RaftServerProxy.getImpl(RaftServerProxy.java:273)
	at org.apache.ratis.server.impl.RaftServerProxy.requestVote(RaftServerProxy.java:443)
	at org.apache.ratis.grpc.server.GrpcServerProtocolService.requestVote(GrpcServerProtocolService.java:142)
	at org.apache.ratis.proto.grpc.RaftServerProtocolServiceGrpc$MethodHandlers.invoke(RaftServerProtocolServiceGrpc.java:319)
	at org.apache.ratis.thirdparty.io.grpc.stub.ServerCalls$UnaryServerCallHandler$UnaryServerCallListener.onHalfClose(ServerCalls.java:171)
	at org.apache.ratis.thirdparty.io.grpc.internal.ServerCallImpl$ServerStreamListenerImpl.halfClosed(ServerCallImpl.java:283)
	at org.apache.ratis.thirdparty.io.grpc.internal.ServerImpl$JumpToApplicationThreadServerStreamListener$1HalfClosed.runInContext(ServerImpl.java:710)
	at org.apache.ratis.thirdparty.io.grpc.internal.ContextRunnable.run(ContextRunnable.java:37)
	at org.apache.ratis.thirdparty.io.grpc.internal.SerializingExecutor.run(SerializingExecutor.java:123)
	at java.util.concurrent.ThreadPoolExecutor.runWorker(ThreadPoolExecutor.java:1149)
	at java.util.concurrent.ThreadPoolExecutor$Worker.run(ThreadPoolExecutor.java:624)
	at java.lang.Thread.run(Thread.java:748)
2019-10-13 20:34:36,227 [c6676a3b-9238-484a-870a-e78b36fd6b90@group-5D7F111F42E3-LeaderElection57] INFO  impl.LeaderElection (LogUtils.java:infoOrTrace(149)) - c6676a3b-9238-484a-870a-e78b36fd6b90@group-5D7F111F42E3-LeaderElection57 got exception when requesting votes: {}
java.util.concurrent.ExecutionException: org.apache.ratis.thirdparty.io.grpc.StatusRuntimeException: INTERNAL: 787c3207-a753-429a-a612-e3ac99d17bc9: group-5D7F111F42E3 not found.
	at java.util.concurrent.FutureTask.report(FutureTask.java:122)
	at java.util.concurrent.FutureTask.get(FutureTask.java:192)
	at org.apache.ratis.server.impl.LeaderElection.waitForResults(LeaderElection.java:259)
	at org.apache.ratis.server.impl.LeaderElection.askForVotes(LeaderElection.java:197)
	at org.apache.ratis.server.impl.LeaderElection.run(LeaderElection.java:133)
	at java.lang.Thread.run(Thread.java:748)
Caused by: org.apache.ratis.thirdparty.io.grpc.StatusRuntimeException: INTERNAL: 787c3207-a753-429a-a612-e3ac99d17bc9: group-5D7F111F42E3 not found.
	at org.apache.ratis.thirdparty.io.grpc.stub.ClientCalls.toStatusRuntimeException(ClientCalls.java:233)
	at org.apache.ratis.thirdparty.io.grpc.stub.ClientCalls.getUnchecked(ClientCalls.java:214)
	at org.apache.ratis.thirdparty.io.grpc.stub.ClientCalls.blockingUnaryCall(ClientCalls.java:139)
	at org.apache.ratis.proto.grpc.RaftServerProtocolServiceGrpc$RaftServerProtocolServiceBlockingStub.requestVote(RaftServerProtocolServiceGrpc.java:265)
	at org.apache.ratis.grpc.server.GrpcServerProtocolClient.requestVote(GrpcServerProtocolClient.java:99)
	at org.apache.ratis.grpc.server.GrpcService.requestVote(GrpcService.java:204)
	at org.apache.ratis.server.impl.LeaderElection.lambda$submitRequests$1(LeaderElection.java:234)
	at java.util.concurrent.FutureTask.run(FutureTask.java:266)
	at java.util.concurrent.Executors$RunnableAdapter.call(Executors.java:511)
	at java.util.concurrent.FutureTask.run(FutureTask.java:266)
	at java.util.concurrent.ThreadPoolExecutor.runWorker(ThreadPoolExecutor.java:1149)
	at java.util.concurrent.ThreadPoolExecutor$Worker.run(ThreadPoolExecutor.java:624)
	... 1 more
2019-10-13 20:34:36,232 [c6676a3b-9238-484a-870a-e78b36fd6b90@group-5D7F111F42E3-LeaderElection57] INFO  impl.LeaderElection (LogUtils.java:infoOrTrace(149)) - c6676a3b-9238-484a-870a-e78b36fd6b90@group-5D7F111F42E3-LeaderElection57 got exception when requesting votes: {}
java.util.concurrent.ExecutionException: org.apache.ratis.thirdparty.io.grpc.StatusRuntimeException: INTERNAL: cab3cae7-f0a1-4851-a661-63d582d319d1: group-5D7F111F42E3 not found.
	at java.util.concurrent.FutureTask.report(FutureTask.java:122)
	at java.util.concurrent.FutureTask.get(FutureTask.java:192)
	at org.apache.ratis.server.impl.LeaderElection.waitForResults(LeaderElection.java:259)
	at org.apache.ratis.server.impl.LeaderElection.askForVotes(LeaderElection.java:197)
	at org.apache.ratis.server.impl.LeaderElection.run(LeaderElection.java:133)
	at java.lang.Thread.run(Thread.java:748)
Caused by: org.apache.ratis.thirdparty.io.grpc.StatusRuntimeException: INTERNAL: cab3cae7-f0a1-4851-a661-63d582d319d1: group-5D7F111F42E3 not found.
	at org.apache.ratis.thirdparty.io.grpc.stub.ClientCalls.toStatusRuntimeException(ClientCalls.java:233)
	at org.apache.ratis.thirdparty.io.grpc.stub.ClientCalls.getUnchecked(ClientCalls.java:214)
	at org.apache.ratis.thirdparty.io.grpc.stub.ClientCalls.blockingUnaryCall(ClientCalls.java:139)
	at org.apache.ratis.proto.grpc.RaftServerProtocolServiceGrpc$RaftServerProtocolServiceBlockingStub.requestVote(RaftServerProtocolServiceGrpc.java:265)
	at org.apache.ratis.grpc.server.GrpcServerProtocolClient.requestVote(GrpcServerProtocolClient.java:99)
	at org.apache.ratis.grpc.server.GrpcService.requestVote(GrpcService.java:204)
	at org.apache.ratis.server.impl.LeaderElection.lambda$submitRequests$1(LeaderElection.java:234)
	at java.util.concurrent.FutureTask.run(FutureTask.java:266)
	at java.util.concurrent.Executors$RunnableAdapter.call(Executors.java:511)
	at java.util.concurrent.FutureTask.run(FutureTask.java:266)
	at java.util.concurrent.ThreadPoolExecutor.runWorker(ThreadPoolExecutor.java:1149)
	at java.util.concurrent.ThreadPoolExecutor$Worker.run(ThreadPoolExecutor.java:624)
	... 1 more
2019-10-13 20:34:36,417 [c6676a3b-9238-484a-870a-e78b36fd6b90@group-5D7F111F42E3-LeaderElection57] INFO  impl.LeaderElection (LeaderElection.java:logAndReturn(56)) - c6676a3b-9238-484a-870a-e78b36fd6b90@group-5D7F111F42E3-LeaderElection57: Election REJECTED; received 0 response(s) [] and 2 exception(s); c6676a3b-9238-484a-870a-e78b36fd6b90@group-5D7F111F42E3:t16, leader=null, voted=c6676a3b-9238-484a-870a-e78b36fd6b90, raftlog=c6676a3b-9238-484a-870a-e78b36fd6b90@group-5D7F111F42E3-SegmentedRaftLog:OPENED:c0,f0,i0, conf=0: [cab3cae7-f0a1-4851-a661-63d582d319d1:192.168.157.224:38398, 787c3207-a753-429a-a612-e3ac99d17bc9:192.168.157.224:45659, c6676a3b-9238-484a-870a-e78b36fd6b90:192.168.157.224:37064], old=null
2019-10-13 20:34:36,424 [c6676a3b-9238-484a-870a-e78b36fd6b90@group-5D7F111F42E3-LeaderElection57] INFO  impl.LeaderElection (LogUtils.java:infoOrTrace(149)) -   Exception 0: {}
java.util.concurrent.ExecutionException: org.apache.ratis.thirdparty.io.grpc.StatusRuntimeException: INTERNAL: 787c3207-a753-429a-a612-e3ac99d17bc9: group-5D7F111F42E3 not found.
	at java.util.concurrent.FutureTask.report(FutureTask.java:122)
	at java.util.concurrent.FutureTask.get(FutureTask.java:192)
	at org.apache.ratis.server.impl.LeaderElection.waitForResults(LeaderElection.java:259)
	at org.apache.ratis.server.impl.LeaderElection.askForVotes(LeaderElection.java:197)
	at org.apache.ratis.server.impl.LeaderElection.run(LeaderElection.java:133)
	at java.lang.Thread.run(Thread.java:748)
Caused by: org.apache.ratis.thirdparty.io.grpc.StatusRuntimeException: INTERNAL: 787c3207-a753-429a-a612-e3ac99d17bc9: group-5D7F111F42E3 not found.
	at org.apache.ratis.thirdparty.io.grpc.stub.ClientCalls.toStatusRuntimeException(ClientCalls.java:233)
	at org.apache.ratis.thirdparty.io.grpc.stub.ClientCalls.getUnchecked(ClientCalls.java:214)
	at org.apache.ratis.thirdparty.io.grpc.stub.ClientCalls.blockingUnaryCall(ClientCalls.java:139)
	at org.apache.ratis.proto.grpc.RaftServerProtocolServiceGrpc$RaftServerProtocolServiceBlockingStub.requestVote(RaftServerProtocolServiceGrpc.java:265)
	at org.apache.ratis.grpc.server.GrpcServerProtocolClient.requestVote(GrpcServerProtocolClient.java:99)
	at org.apache.ratis.grpc.server.GrpcService.requestVote(GrpcService.java:204)
	at org.apache.ratis.server.impl.LeaderElection.lambda$submitRequests$1(LeaderElection.java:234)
	at java.util.concurrent.FutureTask.run(FutureTask.java:266)
	at java.util.concurrent.Executors$RunnableAdapter.call(Executors.java:511)
	at java.util.concurrent.FutureTask.run(FutureTask.java:266)
	at java.util.concurrent.ThreadPoolExecutor.runWorker(ThreadPoolExecutor.java:1149)
	at java.util.concurrent.ThreadPoolExecutor$Worker.run(ThreadPoolExecutor.java:624)
	... 1 more
2019-10-13 20:34:36,485 [java.util.concurrent.ThreadPoolExecutor$Worker@4c9c17fc[State = -1, empty queue]] WARN  server.GrpcLogAppender (GrpcLogAppender.java:timeoutAppendRequest(200)) - c6676a3b-9238-484a-870a-e78b36fd6b90@group-CCF72240D914->787c3207-a753-429a-a612-e3ac99d17bc9-GrpcLogAppender: appendEntries Timeout, request=c6676a3b-9238-484a-870a-e78b36fd6b90->787c3207-a753-429a-a612-e3ac99d17bc9#121-t6, previous=(t:6, i:2), leaderCommit=2, initializing? false, entries: <empty>
2019-10-13 20:34:36,424 [java.util.concurrent.ThreadPoolExecutor$Worker@dbb1acd[State = -1, empty queue]] WARN  server.GrpcLogAppender (GrpcLogAppender.java:timeoutAppendRequest(200)) - c6676a3b-9238-484a-870a-e78b36fd6b90@group-CCF72240D914->cab3cae7-f0a1-4851-a661-63d582d319d1-GrpcLogAppender: appendEntries Timeout, request=c6676a3b-9238-484a-870a-e78b36fd6b90->cab3cae7-f0a1-4851-a661-63d582d319d1#122-t6, previous=(t:6, i:2), leaderCommit=2, initializing? false, entries: <empty>
2019-10-13 20:34:36,510 [c6676a3b-9238-484a-870a-e78b36fd6b90@group-5D7F111F42E3-LeaderElection57] INFO  impl.LeaderElection (LogUtils.java:infoOrTrace(149)) -   Exception 1: {}
java.util.concurrent.ExecutionException: org.apache.ratis.thirdparty.io.grpc.StatusRuntimeException: INTERNAL: cab3cae7-f0a1-4851-a661-63d582d319d1: group-5D7F111F42E3 not found.
	at java.util.concurrent.FutureTask.report(FutureTask.java:122)
	at java.util.concurrent.FutureTask.get(FutureTask.java:192)
	at org.apache.ratis.server.impl.LeaderElection.waitForResults(LeaderElection.java:259)
	at org.apache.ratis.server.impl.LeaderElection.askForVotes(LeaderElection.java:197)
	at org.apache.ratis.server.impl.LeaderElection.run(LeaderElection.java:133)
	at java.lang.Thread.run(Thread.java:748)
Caused by: org.apache.ratis.thirdparty.io.grpc.StatusRuntimeException: INTERNAL: cab3cae7-f0a1-4851-a661-63d582d319d1: group-5D7F111F42E3 not found.
	at org.apache.ratis.thirdparty.io.grpc.stub.ClientCalls.toStatusRuntimeException(ClientCalls.java:233)
	at org.apache.ratis.thirdparty.io.grpc.stub.ClientCalls.getUnchecked(ClientCalls.java:214)
	at org.apache.ratis.thirdparty.io.grpc.stub.ClientCalls.blockingUnaryCall(ClientCalls.java:139)
	at org.apache.ratis.proto.grpc.RaftServerProtocolServiceGrpc$RaftServerProtocolServiceBlockingStub.requestVote(RaftServerProtocolServiceGrpc.java:265)
	at org.apache.ratis.grpc.server.GrpcServerProtocolClient.requestVote(GrpcServerProtocolClient.java:99)
	at org.apache.ratis.grpc.server.GrpcService.requestVote(GrpcService.java:204)
	at org.apache.ratis.server.impl.LeaderElection.lambda$submitRequests$1(LeaderElection.java:234)
	at java.util.concurrent.FutureTask.run(FutureTask.java:266)
	at java.util.concurrent.Executors$RunnableAdapter.call(Executors.java:511)
	at java.util.concurrent.FutureTask.run(FutureTask.java:266)
	at java.util.concurrent.ThreadPoolExecutor.runWorker(ThreadPoolExecutor.java:1149)
	at java.util.concurrent.ThreadPoolExecutor$Worker.run(ThreadPoolExecutor.java:624)
	... 1 more
2019-10-13 20:34:36,537 [c6676a3b-9238-484a-870a-e78b36fd6b90@group-5D7F111F42E3-LeaderElection57] INFO  impl.RaftServerImpl (RaftServerImpl.java:setRole(170)) - c6676a3b-9238-484a-870a-e78b36fd6b90@group-5D7F111F42E3: changes role from CANDIDATE to FOLLOWER at term 16 for DISCOVERED_A_NEW_TERM
2019-10-13 20:34:36,537 [c6676a3b-9238-484a-870a-e78b36fd6b90@group-5D7F111F42E3-LeaderElection57] INFO  impl.RoleInfo (RoleInfo.java:shutdownLeaderElection(134)) - c6676a3b-9238-484a-870a-e78b36fd6b90: shutdown LeaderElection
2019-10-13 20:34:36,538 [c6676a3b-9238-484a-870a-e78b36fd6b90@group-5D7F111F42E3-LeaderElection57] INFO  impl.RoleInfo (RoleInfo.java:updateAndGet(143)) - c6676a3b-9238-484a-870a-e78b36fd6b90: start FollowerState
2019-10-13 20:34:36,839 [java.util.concurrent.ThreadPoolExecutor$Worker@dbb1acd[State = -1, empty queue]] WARN  server.GrpcLogAppender (GrpcLogAppender.java:timeoutAppendRequest(200)) - c6676a3b-9238-484a-870a-e78b36fd6b90@group-CCF72240D914->cab3cae7-f0a1-4851-a661-63d582d319d1-GrpcLogAppender: appendEntries Timeout, request=c6676a3b-9238-484a-870a-e78b36fd6b90->cab3cae7-f0a1-4851-a661-63d582d319d1#123-t6, previous=(t:6, i:2), leaderCommit=2, initializing? false, entries: <empty>
2019-10-13 20:34:36,978 [java.util.concurrent.ThreadPoolExecutor$Worker@4c9c17fc[State = -1, empty queue]] WARN  server.GrpcLogAppender (GrpcLogAppender.java:timeoutAppendRequest(200)) - c6676a3b-9238-484a-870a-e78b36fd6b90@group-CCF72240D914->787c3207-a753-429a-a612-e3ac99d17bc9-GrpcLogAppender: appendEntries Timeout, request=c6676a3b-9238-484a-870a-e78b36fd6b90->787c3207-a753-429a-a612-e3ac99d17bc9#122-t6, previous=(t:6, i:2), leaderCommit=2, initializing? false, entries: <empty>
2019-10-13 20:34:37,148 [grpc-default-executor-4] INFO  impl.RaftServerProxy (RaftServerProxy.java:remove(95)) - c6676a3b-9238-484a-870a-e78b36fd6b90: remove    LEADER c6676a3b-9238-484a-870a-e78b36fd6b90@group-CCF72240D914:t6, leader=c6676a3b-9238-484a-870a-e78b36fd6b90, voted=c6676a3b-9238-484a-870a-e78b36fd6b90, raftlog=c6676a3b-9238-484a-870a-e78b36fd6b90@group-CCF72240D914-SegmentedRaftLog:OPENED:c2,f2,i2, conf=1: [cab3cae7-f0a1-4851-a661-63d582d319d1:192.168.157.224:38398, 787c3207-a753-429a-a612-e3ac99d17bc9:192.168.157.224:45659, c6676a3b-9238-484a-870a-e78b36fd6b90:192.168.157.224:37064], old=null RUNNING
2019-10-13 20:34:37,149 [grpc-default-executor-4] INFO  impl.RaftServerImpl (RaftServerImpl.java:lambda$shutdown$3(247)) - c6676a3b-9238-484a-870a-e78b36fd6b90@group-CCF72240D914: shutdown
2019-10-13 20:34:37,149 [grpc-default-executor-4] INFO  util.JmxRegister (JmxRegister.java:unregister(73)) - Successfully un-registered JMX Bean with object name Ratis:service=RaftServer,group=group-CCF72240D914,id=c6676a3b-9238-484a-870a-e78b36fd6b90
2019-10-13 20:34:37,150 [grpc-default-executor-4] INFO  impl.RoleInfo (RoleInfo.java:shutdownLeaderState(104)) - c6676a3b-9238-484a-870a-e78b36fd6b90: shutdown LeaderState
2019-10-13 20:34:37,157 [grpc-default-executor-4] INFO  impl.PendingRequests (PendingRequests.java:sendNotLeaderResponses(202)) - c6676a3b-9238-484a-870a-e78b36fd6b90@group-CCF72240D914-PendingRequests: sendNotLeaderResponses
2019-10-13 20:34:37,157 [org.apache.ratis.server.impl.LogAppender$AppenderDaemon$$Lambda$410/1668327777@2a907a74] WARN  server.GrpcLogAppender (GrpcLogAppender.java:mayWait(143)) - c6676a3b-9238-484a-870a-e78b36fd6b90@group-CCF72240D914->cab3cae7-f0a1-4851-a661-63d582d319d1-GrpcLogAppender: Wait interrupted by java.lang.InterruptedException
2019-10-13 20:34:37,157 [org.apache.ratis.server.impl.LogAppender$AppenderDaemon$$Lambda$410/1668327777@6f92f142] WARN  server.GrpcLogAppender (GrpcLogAppender.java:mayWait(143)) - c6676a3b-9238-484a-870a-e78b36fd6b90@group-CCF72240D914->787c3207-a753-429a-a612-e3ac99d17bc9-GrpcLogAppender: Wait interrupted by java.lang.InterruptedException
2019-10-13 20:34:37,168 [grpc-default-executor-4] INFO  impl.StateMachineUpdater (StateMachineUpdater.java:stopAndJoin(136)) - c6676a3b-9238-484a-870a-e78b36fd6b90@group-CCF72240D914-StateMachineUpdater: set stopIndex = 2
2019-10-13 20:34:37,168 [grpc-default-executor-2] INFO  server.GrpcServerProtocolService (GrpcServerProtocolService.java:onCompleted(113)) - 787c3207-a753-429a-a612-e3ac99d17bc9: Completed APPEND_ENTRIES, lastRequest: c6676a3b-9238-484a-870a-e78b36fd6b90->787c3207-a753-429a-a612-e3ac99d17bc9#128-t6, previous=(t:6, i:2), leaderCommit=2, initializing? false, entries: <empty>
2019-10-13 20:34:37,168 [grpc-default-executor-4] INFO  impl.RaftServerImpl (ServerState.java:close(387)) - c6676a3b-9238-484a-870a-e78b36fd6b90@group-CCF72240D914: closes. applyIndex: 2
2019-10-13 20:34:37,168 [grpc-default-executor-2] INFO  server.GrpcLogAppender (GrpcLogAppender.java:onCompleted(293)) - c6676a3b-9238-484a-870a-e78b36fd6b90@group-CCF72240D914->787c3207-a753-429a-a612-e3ac99d17bc9-AppendLogResponseHandler: follower responses appendEntries COMPLETED
2019-10-13 20:34:37,168 [grpc-default-executor-3] INFO  server.GrpcServerProtocolService (GrpcServerProtocolService.java:onCompleted(113)) - cab3cae7-f0a1-4851-a661-63d582d319d1: Completed APPEND_ENTRIES, lastRequest: c6676a3b-9238-484a-870a-e78b36fd6b90->cab3cae7-f0a1-4851-a661-63d582d319d1#129-t6, previous=(t:6, i:2), leaderCommit=2, initializing? false, entries: <empty>
2019-10-13 20:34:37,169 [c6676a3b-9238-484a-870a-e78b36fd6b90@group-CCF72240D914-SegmentedRaftLogWorker] INFO  segmented.SegmentedRaftLogWorker (SegmentedRaftLogWorker.java:run(316)) - c6676a3b-9238-484a-870a-e78b36fd6b90@group-CCF72240D914-SegmentedRaftLogWorker was interrupted, exiting. There are 0 tasks remaining in the queue.
2019-10-13 20:34:37,169 [grpc-default-executor-2] INFO  impl.FollowerInfo (FollowerInfo.java:lambda$new$0(51)) - c6676a3b-9238-484a-870a-e78b36fd6b90@group-CCF72240D914->787c3207-a753-429a-a612-e3ac99d17bc9: nextIndex: updateUnconditionally 3 -> 2
2019-10-13 20:34:37,169 [grpc-default-executor-3] INFO  server.GrpcLogAppender (GrpcLogAppender.java:onCompleted(293)) - c6676a3b-9238-484a-870a-e78b36fd6b90@group-CCF72240D914->cab3cae7-f0a1-4851-a661-63d582d319d1-AppendLogResponseHandler: follower responses appendEntries COMPLETED
2019-10-13 20:34:37,169 [grpc-default-executor-4] INFO  segmented.SegmentedRaftLogWorker (SegmentedRaftLogWorker.java:close(224)) - c6676a3b-9238-484a-870a-e78b36fd6b90@group-CCF72240D914-SegmentedRaftLogWorker close()
2019-10-13 20:34:37,170 [grpc-default-executor-3] INFO  impl.FollowerInfo (FollowerInfo.java:lambda$new$0(51)) - c6676a3b-9238-484a-870a-e78b36fd6b90@group-CCF72240D914->cab3cae7-f0a1-4851-a661-63d582d319d1: nextIndex: updateUnconditionally 3 -> 2
2019-10-13 20:34:37,175 [grpc-default-executor-4] INFO  impl.RaftServerProxy (RaftServerProxy.java:remove(95)) - c6676a3b-9238-484a-870a-e78b36fd6b90: remove  FOLLOWER c6676a3b-9238-484a-870a-e78b36fd6b90@group-5D7F111F42E3:t16, leader=null, voted=c6676a3b-9238-484a-870a-e78b36fd6b90, raftlog=c6676a3b-9238-484a-870a-e78b36fd6b90@group-5D7F111F42E3-SegmentedRaftLog:OPENED:c0,f0,i0, conf=0: [cab3cae7-f0a1-4851-a661-63d582d319d1:192.168.157.224:38398, 787c3207-a753-429a-a612-e3ac99d17bc9:192.168.157.224:45659, c6676a3b-9238-484a-870a-e78b36fd6b90:192.168.157.224:37064], old=null RUNNING
2019-10-13 20:34:37,176 [grpc-default-executor-4] INFO  impl.RaftServerImpl (RaftServerImpl.java:lambda$shutdown$3(247)) - c6676a3b-9238-484a-870a-e78b36fd6b90@group-5D7F111F42E3: shutdown
2019-10-13 20:34:37,176 [grpc-default-executor-4] INFO  util.JmxRegister (JmxRegister.java:unregister(73)) - Successfully un-registered JMX Bean with object name Ratis:service=RaftServer,group=group-5D7F111F42E3,id=c6676a3b-9238-484a-870a-e78b36fd6b90
2019-10-13 20:34:37,176 [grpc-default-executor-4] INFO  impl.RoleInfo (RoleInfo.java:shutdownFollowerState(121)) - c6676a3b-9238-484a-870a-e78b36fd6b90: shutdown FollowerState
2019-10-13 20:34:37,176 [grpc-default-executor-4] INFO  impl.StateMachineUpdater (StateMachineUpdater.java:stopAndJoin(136)) - c6676a3b-9238-484a-870a-e78b36fd6b90@group-5D7F111F42E3-StateMachineUpdater: set stopIndex = 0
2019-10-13 20:34:37,176 [Thread-1703] INFO  impl.FollowerState (FollowerState.java:run(117)) - c6676a3b-9238-484a-870a-e78b36fd6b90@group-5D7F111F42E3-FollowerState was interrupted: java.lang.InterruptedException: sleep interrupted
2019-10-13 20:34:37,180 [grpc-default-executor-4] INFO  impl.RaftServerImpl (ServerState.java:close(387)) - c6676a3b-9238-484a-870a-e78b36fd6b90@group-5D7F111F42E3: closes. applyIndex: 0
2019-10-13 20:34:37,181 [c6676a3b-9238-484a-870a-e78b36fd6b90@group-5D7F111F42E3-SegmentedRaftLogWorker] INFO  segmented.SegmentedRaftLogWorker (SegmentedRaftLogWorker.java:run(316)) - c6676a3b-9238-484a-870a-e78b36fd6b90@group-5D7F111F42E3-SegmentedRaftLogWorker was interrupted, exiting. There are 0 tasks remaining in the queue.
2019-10-13 20:34:37,181 [grpc-default-executor-4] INFO  segmented.SegmentedRaftLogWorker (SegmentedRaftLogWorker.java:close(224)) - c6676a3b-9238-484a-870a-e78b36fd6b90@group-5D7F111F42E3-SegmentedRaftLogWorker close()
2019-10-13 20:34:38,487 [grpc-default-executor-2] WARN  server.GrpcLogAppender (LogUtils.java:warn(134)) - 3194ff55-4fd6-4b20-b65d-8d8726a38cdd@group-0BB7D473782A->aadf9f79-694c-46a6-b55c-827d59c43739-AppendLogResponseHandler: Failed appendEntries: org.apache.ratis.thirdparty.io.grpc.StatusRuntimeException: UNAVAILABLE: io exception
2019-10-13 20:34:38,488 [grpc-default-executor-2] INFO  impl.FollowerInfo (FollowerInfo.java:lambda$new$0(51)) - 3194ff55-4fd6-4b20-b65d-8d8726a38cdd@group-0BB7D473782A->aadf9f79-694c-46a6-b55c-827d59c43739: nextIndex: updateUnconditionally 1 -> 0
2019-10-13 20:34:40,236 [main] INFO  ozoneimpl.OzoneContainer (OzoneContainer.java:stop(227)) - Attempting to stop container services.
2019-10-13 20:34:40,237 [main] INFO  impl.RaftServerProxy (RaftServerProxy.java:lambda$close$4(314)) - 25fb0338-209f-4f69-825b-6b7257c56b18: close
2019-10-13 20:34:40,238 [main] INFO  impl.RaftServerImpl (RaftServerImpl.java:lambda$shutdown$3(247)) - 25fb0338-209f-4f69-825b-6b7257c56b18@group-0BB7D473782A: shutdown
2019-10-13 20:34:40,239 [main] INFO  util.JmxRegister (JmxRegister.java:unregister(73)) - Successfully un-registered JMX Bean with object name Ratis:service=RaftServer,group=group-0BB7D473782A,id=25fb0338-209f-4f69-825b-6b7257c56b18
2019-10-13 20:34:40,239 [main] INFO  impl.RoleInfo (RoleInfo.java:shutdownFollowerState(121)) - 25fb0338-209f-4f69-825b-6b7257c56b18: shutdown FollowerState
2019-10-13 20:34:40,240 [main] INFO  impl.StateMachineUpdater (StateMachineUpdater.java:stopAndJoin(136)) - 25fb0338-209f-4f69-825b-6b7257c56b18@group-0BB7D473782A-StateMachineUpdater: set stopIndex = 2
2019-10-13 20:34:40,240 [Thread-1624] INFO  impl.FollowerState (FollowerState.java:run(117)) - 25fb0338-209f-4f69-825b-6b7257c56b18@group-0BB7D473782A-FollowerState was interrupted: java.lang.InterruptedException: sleep interrupted
2019-10-13 20:34:40,240 [25fb0338-209f-4f69-825b-6b7257c56b18@group-0BB7D473782A-StateMachineUpdater] INFO  ratis.ContainerStateMachine (ContainerStateMachine.java:takeSnapshot(294)) - group-0BB7D473782A: Taking a snapshot at:(t:1, i:1) file /workdir/hadoop-ozone/integration-test/target/test-dir/MiniOzoneClusterImpl-e735d883-6d8e-4d30-a8f4-26865d39708e/datanode-0/data/ratis/ded33819-f6ee-45cc-964c-0bb7d473782a/sm/snapshot.1_1
2019-10-13 20:34:40,270 [25fb0338-209f-4f69-825b-6b7257c56b18@group-0BB7D473782A-StateMachineUpdater] INFO  ratis.ContainerStateMachine (ContainerStateMachine.java:takeSnapshot(305)) - group-0BB7D473782A: Finished taking a snapshot at:(t:1, i:1) file:/workdir/hadoop-ozone/integration-test/target/test-dir/MiniOzoneClusterImpl-e735d883-6d8e-4d30-a8f4-26865d39708e/datanode-0/data/ratis/ded33819-f6ee-45cc-964c-0bb7d473782a/sm/snapshot.1_1 time:29
2019-10-13 20:34:40,270 [25fb0338-209f-4f69-825b-6b7257c56b18@group-0BB7D473782A-StateMachineUpdater] INFO  impl.StateMachineUpdater (StateMachineUpdater.java:takeSnapshot(269)) - 25fb0338-209f-4f69-825b-6b7257c56b18@group-0BB7D473782A-StateMachineUpdater: Took a snapshot at index 1
2019-10-13 20:34:40,270 [25fb0338-209f-4f69-825b-6b7257c56b18@group-0BB7D473782A-StateMachineUpdater] INFO  impl.StateMachineUpdater (StateMachineUpdater.java:lambda$new$0(84)) - 25fb0338-209f-4f69-825b-6b7257c56b18@group-0BB7D473782A-StateMachineUpdater: snapshotIndex: updateIncreasingly -1 -> 1
2019-10-13 20:34:40,271 [25fb0338-209f-4f69-825b-6b7257c56b18@group-0BB7D473782A-StateMachineUpdater] INFO  ratis.ContainerStateMachine (ContainerStateMachine.java:takeSnapshot(294)) - group-0BB7D473782A: Taking a snapshot at:(t:1, i:1) file /workdir/hadoop-ozone/integration-test/target/test-dir/MiniOzoneClusterImpl-e735d883-6d8e-4d30-a8f4-26865d39708e/datanode-0/data/ratis/ded33819-f6ee-45cc-964c-0bb7d473782a/sm/snapshot.1_1
2019-10-13 20:34:40,284 [25fb0338-209f-4f69-825b-6b7257c56b18@group-0BB7D473782A-StateMachineUpdater] INFO  ratis.ContainerStateMachine (ContainerStateMachine.java:takeSnapshot(305)) - group-0BB7D473782A: Finished taking a snapshot at:(t:1, i:1) file:/workdir/hadoop-ozone/integration-test/target/test-dir/MiniOzoneClusterImpl-e735d883-6d8e-4d30-a8f4-26865d39708e/datanode-0/data/ratis/ded33819-f6ee-45cc-964c-0bb7d473782a/sm/snapshot.1_1 time:13
2019-10-13 20:34:40,284 [25fb0338-209f-4f69-825b-6b7257c56b18@group-0BB7D473782A-StateMachineUpdater] INFO  impl.StateMachineUpdater (StateMachineUpdater.java:takeSnapshot(269)) - 25fb0338-209f-4f69-825b-6b7257c56b18@group-0BB7D473782A-StateMachineUpdater: Took a snapshot at index 1
2019-10-13 20:34:40,284 [25fb0338-209f-4f69-825b-6b7257c56b18@group-0BB7D473782A-StateMachineUpdater] INFO  impl.StateMachineUpdater (StateMachineUpdater.java:lambda$new$0(84)) - 25fb0338-209f-4f69-825b-6b7257c56b18@group-0BB7D473782A-StateMachineUpdater: snapshotIndex: updateIncreasingly 1 -> 1
2019-10-13 20:34:40,285 [main] INFO  impl.RaftServerImpl (ServerState.java:close(387)) - 25fb0338-209f-4f69-825b-6b7257c56b18@group-0BB7D473782A: closes. applyIndex: 2
2019-10-13 20:34:40,285 [25fb0338-209f-4f69-825b-6b7257c56b18@group-0BB7D473782A-SegmentedRaftLogWorker] INFO  segmented.SegmentedRaftLogWorker (SegmentedRaftLogWorker.java:run(316)) - 25fb0338-209f-4f69-825b-6b7257c56b18@group-0BB7D473782A-SegmentedRaftLogWorker was interrupted, exiting. There are 0 tasks remaining in the queue.
2019-10-13 20:34:40,289 [main] INFO  segmented.SegmentedRaftLogWorker (SegmentedRaftLogWorker.java:close(224)) - 25fb0338-209f-4f69-825b-6b7257c56b18@group-0BB7D473782A-SegmentedRaftLogWorker close()
2019-10-13 20:34:40,295 [main] INFO  impl.RaftServerImpl (RaftServerImpl.java:lambda$shutdown$3(247)) - 25fb0338-209f-4f69-825b-6b7257c56b18@group-640584C8F1FE: shutdown
2019-10-13 20:34:40,295 [main] INFO  util.JmxRegister (JmxRegister.java:unregister(73)) - Successfully un-registered JMX Bean with object name Ratis:service=RaftServer,group=group-640584C8F1FE,id=25fb0338-209f-4f69-825b-6b7257c56b18
2019-10-13 20:34:40,296 [main] INFO  impl.RoleInfo (RoleInfo.java:shutdownLeaderState(104)) - 25fb0338-209f-4f69-825b-6b7257c56b18: shutdown LeaderState
2019-10-13 20:34:40,296 [main] INFO  impl.PendingRequests (PendingRequests.java:sendNotLeaderResponses(202)) - 25fb0338-209f-4f69-825b-6b7257c56b18@group-640584C8F1FE-PendingRequests: sendNotLeaderResponses
2019-10-13 20:34:40,297 [main] INFO  impl.StateMachineUpdater (StateMachineUpdater.java:stopAndJoin(136)) - 25fb0338-209f-4f69-825b-6b7257c56b18@group-640584C8F1FE-StateMachineUpdater: set stopIndex = 0
2019-10-13 20:34:40,297 [main] INFO  impl.RaftServerImpl (ServerState.java:close(387)) - 25fb0338-209f-4f69-825b-6b7257c56b18@group-640584C8F1FE: closes. applyIndex: 0
2019-10-13 20:34:40,298 [25fb0338-209f-4f69-825b-6b7257c56b18@group-640584C8F1FE-SegmentedRaftLogWorker] INFO  segmented.SegmentedRaftLogWorker (SegmentedRaftLogWorker.java:run(316)) - 25fb0338-209f-4f69-825b-6b7257c56b18@group-640584C8F1FE-SegmentedRaftLogWorker was interrupted, exiting. There are 0 tasks remaining in the queue.
2019-10-13 20:34:40,300 [main] INFO  segmented.SegmentedRaftLogWorker (SegmentedRaftLogWorker.java:close(224)) - 25fb0338-209f-4f69-825b-6b7257c56b18@group-640584C8F1FE-SegmentedRaftLogWorker close()
2019-10-13 20:34:40,306 [main] INFO  server.GrpcService (GrpcService.java:closeImpl(164)) - 25fb0338-209f-4f69-825b-6b7257c56b18: shutdown server with port 45372 now
2019-10-13 20:34:40,308 [main] INFO  server.GrpcService (GrpcService.java:closeImpl(172)) - 25fb0338-209f-4f69-825b-6b7257c56b18: shutdown server with port 45372 successfully
2019-10-13 20:34:40,308 [grpc-default-executor-3] WARN  server.GrpcServerProtocolService (LogUtils.java:warn(134)) - 25fb0338-209f-4f69-825b-6b7257c56b18: installSnapshot onError, lastRequest: 3194ff55-4fd6-4b20-b65d-8d8726a38cdd->25fb0338-209f-4f69-825b-6b7257c56b18#8-t1, previous=(t:1, i:2), leaderCommit=2, initializing? false, entries: <empty>: org.apache.ratis.thirdparty.io.grpc.StatusRuntimeException: CANCELLED: cancelled before receiving half close
2019-10-13 20:34:40,308 [grpc-default-executor-4] WARN  server.GrpcLogAppender (LogUtils.java:warn(134)) - 3194ff55-4fd6-4b20-b65d-8d8726a38cdd@group-0BB7D473782A->25fb0338-209f-4f69-825b-6b7257c56b18-AppendLogResponseHandler: Failed appendEntries: org.apache.ratis.thirdparty.io.grpc.StatusRuntimeException: CANCELLED: HTTP/2 error code: CANCEL
Received Rst Stream
2019-10-13 20:34:40,309 [grpc-default-executor-4] INFO  impl.FollowerInfo (FollowerInfo.java:lambda$new$0(51)) - 3194ff55-4fd6-4b20-b65d-8d8726a38cdd@group-0BB7D473782A->25fb0338-209f-4f69-825b-6b7257c56b18: nextIndex: updateUnconditionally 3 -> 2
2019-10-13 20:34:40,314 [refreshUsed-/workdir/hadoop-ozone/integration-test/target/test-dir/MiniOzoneClusterImpl-e735d883-6d8e-4d30-a8f4-26865d39708e/datanode-0/data/containers] WARN  fs.CachingGetSpaceUsed (CachingGetSpaceUsed.java:run(183)) - Thread Interrupted waiting to refresh disk information: sleep interrupted
2019-10-13 20:34:40,331 [main] INFO  utils.BackgroundService (BackgroundService.java:shutdown(151)) - Shutting down service BlockDeletingService
2019-10-13 20:34:40,342 [main] INFO  statemachine.DatanodeStateMachine (DatanodeStateMachine.java:stopDaemon(395)) - Ozone container server stopped.
2019-10-13 20:34:40,344 [main] INFO  handler.ContextHandler (ContextHandler.java:doStop(910)) - Stopped o.e.j.w.WebAppContext@17229821{/,null,UNAVAILABLE}{/hddsDatanode}
2019-10-13 20:34:40,347 [main] INFO  server.AbstractConnector (AbstractConnector.java:doStop(318)) - Stopped ServerConnector@e829999{HTTP/1.1,[http/1.1]}{0.0.0.0:0}
2019-10-13 20:34:40,347 [main] INFO  handler.ContextHandler (ContextHandler.java:doStop(910)) - Stopped o.e.j.s.ServletContextHandler@3a401749{/static,jar:file:/home/user/.m2/repository/org/apache/hadoop/hadoop-hdds-container-service/0.5.0-SNAPSHOT/hadoop-hdds-container-service-0.5.0-SNAPSHOT.jar!/webapps/static,UNAVAILABLE}
2019-10-13 20:34:40,347 [main] INFO  handler.ContextHandler (ContextHandler.java:doStop(910)) - Stopped o.e.j.s.ServletContextHandler@62765aec{/logs,file:///workdir/hadoop-ozone/integration-test/target/log,UNAVAILABLE}
2019-10-13 20:34:40,987 [grpc-default-executor-0] WARN  server.GrpcLogAppender (LogUtils.java:warn(134)) - 3194ff55-4fd6-4b20-b65d-8d8726a38cdd@group-0BB7D473782A->25fb0338-209f-4f69-825b-6b7257c56b18-AppendLogResponseHandler: Failed appendEntries: org.apache.ratis.thirdparty.io.grpc.StatusRuntimeException: UNAVAILABLE: io exception
2019-10-13 20:34:40,987 [grpc-default-executor-0] INFO  impl.FollowerInfo (FollowerInfo.java:lambda$new$0(51)) - 3194ff55-4fd6-4b20-b65d-8d8726a38cdd@group-0BB7D473782A->25fb0338-209f-4f69-825b-6b7257c56b18: nextIndex: updateUnconditionally 2 -> 1
2019-10-13 20:34:40,988 [grpc-default-executor-0] WARN  server.GrpcLogAppender (LogUtils.java:warn(134)) - 3194ff55-4fd6-4b20-b65d-8d8726a38cdd@group-0BB7D473782A->aadf9f79-694c-46a6-b55c-827d59c43739-AppendLogResponseHandler: Failed appendEntries: org.apache.ratis.thirdparty.io.grpc.StatusRuntimeException: UNAVAILABLE: io exception
2019-10-13 20:34:40,988 [grpc-default-executor-0] INFO  impl.FollowerInfo (FollowerInfo.java:lambda$new$0(51)) - 3194ff55-4fd6-4b20-b65d-8d8726a38cdd@group-0BB7D473782A->aadf9f79-694c-46a6-b55c-827d59c43739: nextIndex: updateUnconditionally 0 -> 0
2019-10-13 20:34:43,488 [grpc-default-executor-0] WARN  server.GrpcLogAppender (LogUtils.java:warn(134)) - 3194ff55-4fd6-4b20-b65d-8d8726a38cdd@group-0BB7D473782A->25fb0338-209f-4f69-825b-6b7257c56b18-AppendLogResponseHandler: Failed appendEntries: org.apache.ratis.thirdparty.io.grpc.StatusRuntimeException: UNAVAILABLE: io exception
2019-10-13 20:34:43,488 [grpc-default-executor-1] WARN  server.GrpcLogAppender (LogUtils.java:warn(134)) - 3194ff55-4fd6-4b20-b65d-8d8726a38cdd@group-0BB7D473782A->aadf9f79-694c-46a6-b55c-827d59c43739-AppendLogResponseHandler: Failed appendEntries: org.apache.ratis.thirdparty.io.grpc.StatusRuntimeException: UNAVAILABLE: io exception
2019-10-13 20:34:43,489 [grpc-default-executor-0] INFO  impl.FollowerInfo (FollowerInfo.java:lambda$new$0(51)) - 3194ff55-4fd6-4b20-b65d-8d8726a38cdd@group-0BB7D473782A->25fb0338-209f-4f69-825b-6b7257c56b18: nextIndex: updateUnconditionally 1 -> 0
2019-10-13 20:34:43,489 [grpc-default-executor-1] INFO  impl.FollowerInfo (FollowerInfo.java:lambda$new$0(51)) - 3194ff55-4fd6-4b20-b65d-8d8726a38cdd@group-0BB7D473782A->aadf9f79-694c-46a6-b55c-827d59c43739: nextIndex: updateUnconditionally 0 -> 0
2019-10-13 20:34:45,988 [grpc-default-executor-3] WARN  server.GrpcLogAppender (LogUtils.java:warn(134)) - 3194ff55-4fd6-4b20-b65d-8d8726a38cdd@group-0BB7D473782A->25fb0338-209f-4f69-825b-6b7257c56b18-AppendLogResponseHandler: Failed appendEntries: org.apache.ratis.thirdparty.io.grpc.StatusRuntimeException: UNAVAILABLE: io exception
2019-10-13 20:34:45,989 [grpc-default-executor-4] WARN  server.GrpcLogAppender (LogUtils.java:warn(134)) - 3194ff55-4fd6-4b20-b65d-8d8726a38cdd@group-0BB7D473782A->aadf9f79-694c-46a6-b55c-827d59c43739-AppendLogResponseHandler: Failed appendEntries: org.apache.ratis.thirdparty.io.grpc.StatusRuntimeException: UNAVAILABLE: io exception
2019-10-13 20:34:45,989 [grpc-default-executor-3] INFO  impl.FollowerInfo (FollowerInfo.java:lambda$new$0(51)) - 3194ff55-4fd6-4b20-b65d-8d8726a38cdd@group-0BB7D473782A->25fb0338-209f-4f69-825b-6b7257c56b18: nextIndex: updateUnconditionally 0 -> 0
2019-10-13 20:34:45,989 [grpc-default-executor-4] INFO  impl.FollowerInfo (FollowerInfo.java:lambda$new$0(51)) - 3194ff55-4fd6-4b20-b65d-8d8726a38cdd@group-0BB7D473782A->aadf9f79-694c-46a6-b55c-827d59c43739: nextIndex: updateUnconditionally 0 -> 0
2019-10-13 20:34:48,489 [grpc-default-executor-2] WARN  server.GrpcLogAppender (LogUtils.java:warn(134)) - 3194ff55-4fd6-4b20-b65d-8d8726a38cdd@group-0BB7D473782A->aadf9f79-694c-46a6-b55c-827d59c43739-AppendLogResponseHandler: Failed appendEntries: org.apache.ratis.thirdparty.io.grpc.StatusRuntimeException: UNAVAILABLE: io exception
2019-10-13 20:34:48,489 [grpc-default-executor-3] WARN  server.GrpcLogAppender (LogUtils.java:warn(134)) - 3194ff55-4fd6-4b20-b65d-8d8726a38cdd@group-0BB7D473782A->25fb0338-209f-4f69-825b-6b7257c56b18-AppendLogResponseHandler: Failed appendEntries: org.apache.ratis.thirdparty.io.grpc.StatusRuntimeException: UNAVAILABLE: io exception
2019-10-13 20:34:48,489 [grpc-default-executor-2] INFO  impl.FollowerInfo (FollowerInfo.java:lambda$new$0(51)) - 3194ff55-4fd6-4b20-b65d-8d8726a38cdd@group-0BB7D473782A->aadf9f79-694c-46a6-b55c-827d59c43739: nextIndex: updateUnconditionally 0 -> 0
2019-10-13 20:34:48,489 [grpc-default-executor-3] INFO  impl.FollowerInfo (FollowerInfo.java:lambda$new$0(51)) - 3194ff55-4fd6-4b20-b65d-8d8726a38cdd@group-0BB7D473782A->25fb0338-209f-4f69-825b-6b7257c56b18: nextIndex: updateUnconditionally 0 -> 0
2019-10-13 20:34:50,591 [Thread-1727] INFO  client.GrpcClientProtocolService (GrpcClientProtocolService.java:lambda$processClientRequest$0(278)) - Failed RaftClientRequest:client-5040A19082C6->3194ff55-4fd6-4b20-b65d-8d8726a38cdd@group-0BB7D473782A, cid=51, seq=0, Watch-ALL_COMMITTED(58), Message:<EMPTY>, reply=RaftClientReply:client-5040A19082C6->3194ff55-4fd6-4b20-b65d-8d8726a38cdd@group-0BB7D473782A, cid=51, FAILED org.apache.ratis.protocol.NotReplicatedException: Request with call Id 51 and log index 58 is not yet replicated to ALL_COMMITTED, logIndex=58, commits[3194ff55-4fd6-4b20-b65d-8d8726a38cdd:c2, aadf9f79-694c-46a6-b55c-827d59c43739:c2, 25fb0338-209f-4f69-825b-6b7257c56b18:c2]
2019-10-13 20:34:50,990 [grpc-default-executor-2] WARN  server.GrpcLogAppender (LogUtils.java:warn(134)) - 3194ff55-4fd6-4b20-b65d-8d8726a38cdd@group-0BB7D473782A->25fb0338-209f-4f69-825b-6b7257c56b18-AppendLogResponseHandler: Failed appendEntries: org.apache.ratis.thirdparty.io.grpc.StatusRuntimeException: UNAVAILABLE: io exception
2019-10-13 20:34:50,990 [grpc-default-executor-0] WARN  server.GrpcLogAppender (LogUtils.java:warn(134)) - 3194ff55-4fd6-4b20-b65d-8d8726a38cdd@group-0BB7D473782A->aadf9f79-694c-46a6-b55c-827d59c43739-AppendLogResponseHandler: Failed appendEntries: org.apache.ratis.thirdparty.io.grpc.StatusRuntimeException: UNAVAILABLE: io exception
2019-10-13 20:34:50,994 [grpc-default-executor-2] INFO  impl.FollowerInfo (FollowerInfo.java:lambda$new$0(51)) - 3194ff55-4fd6-4b20-b65d-8d8726a38cdd@group-0BB7D473782A->25fb0338-209f-4f69-825b-6b7257c56b18: nextIndex: updateUnconditionally 0 -> 0
2019-10-13 20:34:50,994 [grpc-default-executor-0] INFO  impl.FollowerInfo (FollowerInfo.java:lambda$new$0(51)) - 3194ff55-4fd6-4b20-b65d-8d8726a38cdd@group-0BB7D473782A->aadf9f79-694c-46a6-b55c-827d59c43739: nextIndex: updateUnconditionally 0 -> 0
2019-10-13 20:34:53,492 [grpc-default-executor-2] WARN  server.GrpcLogAppender (LogUtils.java:warn(134)) - 3194ff55-4fd6-4b20-b65d-8d8726a38cdd@group-0BB7D473782A->25fb0338-209f-4f69-825b-6b7257c56b18-AppendLogResponseHandler: Failed appendEntries: org.apache.ratis.thirdparty.io.grpc.StatusRuntimeException: UNAVAILABLE: io exception
2019-10-13 20:34:53,492 [grpc-default-executor-0] WARN  server.GrpcLogAppender (LogUtils.java:warn(134)) - 3194ff55-4fd6-4b20-b65d-8d8726a38cdd@group-0BB7D473782A->aadf9f79-694c-46a6-b55c-827d59c43739-AppendLogResponseHandler: Failed appendEntries: org.apache.ratis.thirdparty.io.grpc.StatusRuntimeException: UNAVAILABLE: io exception
2019-10-13 20:34:53,492 [grpc-default-executor-2] INFO  impl.FollowerInfo (FollowerInfo.java:lambda$new$0(51)) - 3194ff55-4fd6-4b20-b65d-8d8726a38cdd@group-0BB7D473782A->25fb0338-209f-4f69-825b-6b7257c56b18: nextIndex: updateUnconditionally 0 -> 0
2019-10-13 20:34:53,493 [grpc-default-executor-0] INFO  impl.FollowerInfo (FollowerInfo.java:lambda$new$0(51)) - 3194ff55-4fd6-4b20-b65d-8d8726a38cdd@group-0BB7D473782A->aadf9f79-694c-46a6-b55c-827d59c43739: nextIndex: updateUnconditionally 0 -> 0
2019-10-13 20:34:55,992 [grpc-default-executor-1] WARN  server.GrpcLogAppender (LogUtils.java:warn(134)) - 3194ff55-4fd6-4b20-b65d-8d8726a38cdd@group-0BB7D473782A->25fb0338-209f-4f69-825b-6b7257c56b18-AppendLogResponseHandler: Failed appendEntries: org.apache.ratis.thirdparty.io.grpc.StatusRuntimeException: UNAVAILABLE: io exception
2019-10-13 20:34:55,993 [grpc-default-executor-1] INFO  impl.FollowerInfo (FollowerInfo.java:lambda$new$0(51)) - 3194ff55-4fd6-4b20-b65d-8d8726a38cdd@group-0BB7D473782A->25fb0338-209f-4f69-825b-6b7257c56b18: nextIndex: updateUnconditionally 0 -> 0
2019-10-13 20:34:55,993 [grpc-default-executor-5] WARN  server.GrpcLogAppender (LogUtils.java:warn(134)) - 3194ff55-4fd6-4b20-b65d-8d8726a38cdd@group-0BB7D473782A->aadf9f79-694c-46a6-b55c-827d59c43739-AppendLogResponseHandler: Failed appendEntries: org.apache.ratis.thirdparty.io.grpc.StatusRuntimeException: UNAVAILABLE: io exception
2019-10-13 20:34:55,994 [grpc-default-executor-5] INFO  impl.FollowerInfo (FollowerInfo.java:lambda$new$0(51)) - 3194ff55-4fd6-4b20-b65d-8d8726a38cdd@group-0BB7D473782A->aadf9f79-694c-46a6-b55c-827d59c43739: nextIndex: updateUnconditionally 0 -> 0
2019-10-13 20:34:58,496 [grpc-default-executor-1] WARN  server.GrpcLogAppender (LogUtils.java:warn(134)) - 3194ff55-4fd6-4b20-b65d-8d8726a38cdd@group-0BB7D473782A->25fb0338-209f-4f69-825b-6b7257c56b18-AppendLogResponseHandler: Failed appendEntries: org.apache.ratis.thirdparty.io.grpc.StatusRuntimeException: UNAVAILABLE: io exception
2019-10-13 20:34:58,496 [grpc-default-executor-0] WARN  server.GrpcLogAppender (LogUtils.java:warn(134)) - 3194ff55-4fd6-4b20-b65d-8d8726a38cdd@group-0BB7D473782A->aadf9f79-694c-46a6-b55c-827d59c43739-AppendLogResponseHandler: Failed appendEntries: org.apache.ratis.thirdparty.io.grpc.StatusRuntimeException: UNAVAILABLE: io exception
2019-10-13 20:34:58,497 [grpc-default-executor-1] INFO  impl.FollowerInfo (FollowerInfo.java:lambda$new$0(51)) - 3194ff55-4fd6-4b20-b65d-8d8726a38cdd@group-0BB7D473782A->25fb0338-209f-4f69-825b-6b7257c56b18: nextIndex: updateUnconditionally 0 -> 0
2019-10-13 20:34:58,497 [grpc-default-executor-0] INFO  impl.FollowerInfo (FollowerInfo.java:lambda$new$0(51)) - 3194ff55-4fd6-4b20-b65d-8d8726a38cdd@group-0BB7D473782A->aadf9f79-694c-46a6-b55c-827d59c43739: nextIndex: updateUnconditionally 0 -> 0
2019-10-13 20:35:00,351 [main] WARN  scm.XceiverClientRatis (XceiverClientRatis.java:watchForCommit(277)) - 3 way commit failed on pipeline Pipeline[ Id: ded33819-f6ee-45cc-964c-0bb7d473782a, Nodes: aadf9f79-694c-46a6-b55c-827d59c43739{ip: 192.168.157.224, host: pr-hdds-2290-dcfw8-3342134496, networkLocation: /default-rack, certSerialId: null}25fb0338-209f-4f69-825b-6b7257c56b18{ip: 192.168.157.224, host: pr-hdds-2290-dcfw8-3342134496, networkLocation: /default-rack, certSerialId: null}3194ff55-4fd6-4b20-b65d-8d8726a38cdd{ip: 192.168.157.224, host: pr-hdds-2290-dcfw8-3342134496, networkLocation: /default-rack, certSerialId: null}, Type:RATIS, Factor:THREE, State:OPEN]
java.util.concurrent.TimeoutException
	at java.util.concurrent.CompletableFuture.timedGet(CompletableFuture.java:1771)
	at java.util.concurrent.CompletableFuture.get(CompletableFuture.java:1915)
	at org.apache.hadoop.hdds.scm.XceiverClientRatis.watchForCommit(XceiverClientRatis.java:274)
	at org.apache.hadoop.ozone.client.rpc.TestWatchForCommit.testWatchForCommitForRetryfailure(TestWatchForCommit.java:345)
	at sun.reflect.NativeMethodAccessorImpl.invoke0(Native Method)
	at sun.reflect.NativeMethodAccessorImpl.invoke(NativeMethodAccessorImpl.java:62)
	at sun.reflect.DelegatingMethodAccessorImpl.invoke(DelegatingMethodAccessorImpl.java:43)
	at java.lang.reflect.Method.invoke(Method.java:498)
	at org.junit.runners.model.FrameworkMethod$1.runReflectiveCall(FrameworkMethod.java:47)
	at org.junit.internal.runners.model.ReflectiveCallable.run(ReflectiveCallable.java:12)
	at org.junit.runners.model.FrameworkMethod.invokeExplosively(FrameworkMethod.java:44)
	at org.junit.internal.runners.statements.InvokeMethod.evaluate(InvokeMethod.java:17)
	at org.junit.runners.ParentRunner.runLeaf(ParentRunner.java:271)
	at org.junit.runners.BlockJUnit4ClassRunner.runChild(BlockJUnit4ClassRunner.java:70)
	at org.junit.runners.BlockJUnit4ClassRunner.runChild(BlockJUnit4ClassRunner.java:50)
	at org.junit.runners.ParentRunner$3.run(ParentRunner.java:238)
	at org.junit.runners.ParentRunner$1.schedule(ParentRunner.java:63)
	at org.junit.runners.ParentRunner.runChildren(ParentRunner.java:236)
	at org.junit.runners.ParentRunner.access$000(ParentRunner.java:53)
	at org.junit.runners.ParentRunner$2.evaluate(ParentRunner.java:229)
	at org.junit.runners.ParentRunner.run(ParentRunner.java:309)
	at org.apache.maven.surefire.junit4.JUnit4Provider.execute(JUnit4Provider.java:365)
	at org.apache.maven.surefire.junit4.JUnit4Provider.executeWithRerun(JUnit4Provider.java:273)
	at org.apache.maven.surefire.junit4.JUnit4Provider.executeTestSet(JUnit4Provider.java:238)
	at org.apache.maven.surefire.junit4.JUnit4Provider.invoke(JUnit4Provider.java:159)
	at org.apache.maven.surefire.booter.ForkedBooter.invokeProviderInSameClassLoader(ForkedBooter.java:384)
	at org.apache.maven.surefire.booter.ForkedBooter.runSuitesInProcess(ForkedBooter.java:345)
	at org.apache.maven.surefire.booter.ForkedBooter.execute(ForkedBooter.java:126)
	at org.apache.maven.surefire.booter.ForkedBooter.main(ForkedBooter.java:418)
2019-10-13 20:35:00,995 [grpc-default-executor-3] WARN  server.GrpcLogAppender (LogUtils.java:warn(134)) - 3194ff55-4fd6-4b20-b65d-8d8726a38cdd@group-0BB7D473782A->aadf9f79-694c-46a6-b55c-827d59c43739-AppendLogResponseHandler: Failed appendEntries: org.apache.ratis.thirdparty.io.grpc.StatusRuntimeException: UNAVAILABLE: io exception
2019-10-13 20:35:00,995 [grpc-default-executor-2] WARN  server.GrpcLogAppender (LogUtils.java:warn(134)) - 3194ff55-4fd6-4b20-b65d-8d8726a38cdd@group-0BB7D473782A->25fb0338-209f-4f69-825b-6b7257c56b18-AppendLogResponseHandler: Failed appendEntries: org.apache.ratis.thirdparty.io.grpc.StatusRuntimeException: UNAVAILABLE: io exception
2019-10-13 20:35:01,000 [grpc-default-executor-3] INFO  impl.FollowerInfo (FollowerInfo.java:lambda$new$0(51)) - 3194ff55-4fd6-4b20-b65d-8d8726a38cdd@group-0BB7D473782A->aadf9f79-694c-46a6-b55c-827d59c43739: nextIndex: updateUnconditionally 0 -> 0
2019-10-13 20:35:01,001 [grpc-default-executor-2] INFO  impl.FollowerInfo (FollowerInfo.java:lambda$new$0(51)) - 3194ff55-4fd6-4b20-b65d-8d8726a38cdd@group-0BB7D473782A->25fb0338-209f-4f69-825b-6b7257c56b18: nextIndex: updateUnconditionally 0 -> 0
2019-10-13 20:35:01,584 [Thread-1746] INFO  client.GrpcClientProtocolService (GrpcClientProtocolService.java:lambda$processClientRequest$0(278)) - Failed RaftClientRequest:client-5040A19082C6->3194ff55-4fd6-4b20-b65d-8d8726a38cdd@group-0BB7D473782A, cid=51, seq=0, Watch-ALL_COMMITTED(58), Message:<EMPTY>, reply=RaftClientReply:client-5040A19082C6->3194ff55-4fd6-4b20-b65d-8d8726a38cdd@group-0BB7D473782A, cid=51, FAILED org.apache.ratis.protocol.NotReplicatedException: Request with call Id 51 and log index 58 is not yet replicated to ALL_COMMITTED, logIndex=58, commits[3194ff55-4fd6-4b20-b65d-8d8726a38cdd:c2, aadf9f79-694c-46a6-b55c-827d59c43739:c2, 25fb0338-209f-4f69-825b-6b7257c56b18:c2]
2019-10-13 20:35:02,817 [grpc-default-executor-3] INFO  impl.RaftServerProxy (RaftServerProxy.java:addNew(89)) - cab3cae7-f0a1-4851-a661-63d582d319d1: addNew group-13F0A3804132:[cab3cae7-f0a1-4851-a661-63d582d319d1:192.168.157.224:38398] returns group-13F0A3804132:java.util.concurrent.CompletableFuture@42ed7fd1[Not completed]
2019-10-13 20:35:02,821 [pool-27-thread-1] INFO  impl.RaftServerImpl (RaftServerImpl.java:<init>(95)) - cab3cae7-f0a1-4851-a661-63d582d319d1: new RaftServerImpl for group-13F0A3804132:[cab3cae7-f0a1-4851-a661-63d582d319d1:192.168.157.224:38398] with ContainerStateMachine:uninitialized
2019-10-13 20:35:02,825 [pool-27-thread-1] INFO  server.RaftServerConfigKeys (ConfUtils.java:logGet(43)) - raft.server.rpc.timeout.min = 1s (custom)
2019-10-13 20:35:02,825 [pool-27-thread-1] INFO  server.RaftServerConfigKeys (ConfUtils.java:logGet(43)) - raft.server.rpc.timeout.max = 1200ms (custom)
2019-10-13 20:35:02,825 [pool-27-thread-1] INFO  server.RaftServerConfigKeys (ConfUtils.java:logGet(43)) - raft.server.rpcslowness.timeout = 120s (custom)
2019-10-13 20:35:02,825 [pool-27-thread-1] INFO  server.RaftServerConfigKeys (ConfUtils.java:logGet(43)) - raft.server.sleep.deviation.threshold = 300 (default)
2019-10-13 20:35:02,825 [pool-27-thread-1] INFO  server.RaftServerConfigKeys (ConfUtils.java:logGet(43)) - raft.server.log.appender.install.snapshot.enabled = false (custom)
2019-10-13 20:35:02,826 [pool-27-thread-1] INFO  impl.RaftServerImpl (ServerState.java:<init>(103)) - cab3cae7-f0a1-4851-a661-63d582d319d1@group-13F0A3804132: ConfigurationManager, init=-1: [cab3cae7-f0a1-4851-a661-63d582d319d1:192.168.157.224:38398], old=null, confs=<EMPTY_MAP>
2019-10-13 20:35:02,826 [pool-27-thread-1] INFO  server.RaftServerConfigKeys (ConfUtils.java:logGet(43)) - raft.server.storage.dir = [/workdir/hadoop-ozone/integration-test/target/test-dir/MiniOzoneClusterImpl-647792b2-b7b4-4623-b37b-ed99d4356a77/datanode-0/data/ratis] (custom)
2019-10-13 20:35:02,827 [pool-27-thread-1] INFO  server.RaftServerConfigKeys (ConfUtils.java:logGet(43)) - raft.server.log.corruption.policy = EXCEPTION (default)
2019-10-13 20:35:02,827 [pool-27-thread-1] INFO  storage.RaftStorageDirectory (RaftStorageDirectory.java:analyzeStorage(246)) - The storage directory /workdir/hadoop-ozone/integration-test/target/test-dir/MiniOzoneClusterImpl-647792b2-b7b4-4623-b37b-ed99d4356a77/datanode-0/data/ratis/bc808585-f947-446b-932e-13f0a3804132 does not exist. Creating ...
2019-10-13 20:35:02,880 [pool-27-thread-1] INFO  storage.RaftStorageDirectory (RaftStorageDirectory.java:tryLock(328)) - Lock on /workdir/hadoop-ozone/integration-test/target/test-dir/MiniOzoneClusterImpl-647792b2-b7b4-4623-b37b-ed99d4356a77/datanode-0/data/ratis/bc808585-f947-446b-932e-13f0a3804132/in_use.lock acquired by nodename 2755@pr-hdds-2290-dcfw8-3342134496
2019-10-13 20:35:02,894 [pool-27-thread-1] INFO  storage.RaftStorage (RaftStorage.java:format(84)) - Storage directory /workdir/hadoop-ozone/integration-test/target/test-dir/MiniOzoneClusterImpl-647792b2-b7b4-4623-b37b-ed99d4356a77/datanode-0/data/ratis/bc808585-f947-446b-932e-13f0a3804132 has been successfully formatted.
2019-10-13 20:35:02,894 [pool-27-thread-1] INFO  ratis.ContainerStateMachine (ContainerStateMachine.java:loadSnapshot(231)) - group-13F0A3804132: The snapshot info is null. Setting the last applied indexto:(t:0, i:~)
2019-10-13 20:35:02,895 [pool-27-thread-1] INFO  server.RaftServerConfigKeys (ConfUtils.java:logGet(43)) - raft.server.notification.no-leader.timeout = 120s (custom)
2019-10-13 20:35:02,895 [pool-27-thread-1] INFO  server.RaftServerConfigKeys (ConfUtils.java:logGet(43)) - raft.server.log.use.memory = false (default)
2019-10-13 20:35:02,895 [pool-27-thread-1] INFO  server.RaftServerConfigKeys (ConfUtils.java:logGet(43)) - raft.server.log.purge.gap = 1000000 (custom)
2019-10-13 20:35:02,895 [pool-27-thread-1] INFO  server.RaftServerConfigKeys (ConfUtils.java:logGet(43)) - raft.server.log.appender.buffer.byte-limit = 33554432 (custom)
2019-10-13 20:35:02,895 [pool-27-thread-1] INFO  server.RaftServerConfigKeys (ConfUtils.java:logGet(43)) - raft.server.log.segment.size.max = 1048576 (custom)
2019-10-13 20:35:02,895 [pool-27-thread-1] INFO  server.RaftServerConfigKeys (ConfUtils.java:logGet(43)) - raft.server.log.segment.cache.num.max = 2 (custom)
2019-10-13 20:35:02,896 [pool-27-thread-1] INFO  segmented.SegmentedRaftLogWorker (SegmentedRaftLogWorker.java:<init>(173)) - new cab3cae7-f0a1-4851-a661-63d582d319d1@group-13F0A3804132-SegmentedRaftLogWorker for RaftStorage:Storage Directory /workdir/hadoop-ozone/integration-test/target/test-dir/MiniOzoneClusterImpl-647792b2-b7b4-4623-b37b-ed99d4356a77/datanode-0/data/ratis/bc808585-f947-446b-932e-13f0a3804132
2019-10-13 20:35:02,896 [pool-27-thread-1] INFO  server.RaftServerConfigKeys (ConfUtils.java:logGet(43)) - raft.server.log.queue.byte-limit = 2147483647 (custom)
2019-10-13 20:35:02,896 [pool-27-thread-1] INFO  server.RaftServerConfigKeys (ConfUtils.java:logGet(43)) - raft.server.log.queue.element-limit = 1024 (custom)
2019-10-13 20:35:02,896 [pool-27-thread-1] INFO  server.RaftServerConfigKeys (ConfUtils.java:logGet(43)) - raft.server.log.segment.size.max = 1048576 (custom)
2019-10-13 20:35:02,896 [pool-27-thread-1] INFO  server.RaftServerConfigKeys (ConfUtils.java:logGet(43)) - raft.server.log.preallocated.size = 16384 (custom)
2019-10-13 20:35:02,896 [pool-27-thread-1] INFO  server.RaftServerConfigKeys (ConfUtils.java:logGet(43)) - raft.server.log.write.buffer.size = 33554432 (custom)
2019-10-13 20:35:02,897 [pool-27-thread-1] INFO  server.RaftServerConfigKeys (ConfUtils.java:logGet(43)) - raft.server.log.force.sync.num = 128 (default)
2019-10-13 20:35:02,897 [pool-27-thread-1] INFO  server.RaftServerConfigKeys (ConfUtils.java:logGet(43)) - raft.server.log.statemachine.data.sync = true (default)
2019-10-13 20:35:02,897 [pool-27-thread-1] INFO  server.RaftServerConfigKeys (ConfUtils.java:logGet(43)) - raft.server.log.statemachine.data.sync.timeout = 10s (default)
2019-10-13 20:35:02,897 [pool-27-thread-1] INFO  server.RaftServerConfigKeys (ConfUtils.java:logGet(43)) - raft.server.log.statemachine.data.sync.timeout.retry = -1 (default)
2019-10-13 20:35:02,897 [pool-27-thread-1] INFO  server.RaftServerConfigKeys (ConfUtils.java:logGet(43)) - raft.server.log.statemachine.data.caching.enabled = true (custom)
2019-10-13 20:35:02,898 [pool-27-thread-1] INFO  segmented.SegmentedRaftLogWorker (SegmentedRaftLogWorker.java:lambda$new$0(128)) - cab3cae7-f0a1-4851-a661-63d582d319d1@group-13F0A3804132-SegmentedRaftLogWorker: flushIndex: setUnconditionally 0 -> -1
2019-10-13 20:35:02,898 [pool-27-thread-1] INFO  server.RaftServerConfigKeys (ConfUtils.java:logGet(43)) - raft.server.snapshot.auto.trigger.enabled = true (custom)
2019-10-13 20:35:02,898 [pool-27-thread-1] INFO  server.RaftServerConfigKeys (ConfUtils.java:logGet(43)) - raft.server.snapshot.auto.trigger.threshold = 10000 (custom)
2019-10-13 20:35:02,899 [pool-27-thread-1] INFO  server.RaftServerConfigKeys (ConfUtils.java:logGet(43)) - raft.server.snapshot.retention.file.num = 5 (custom)
2019-10-13 20:35:02,899 [pool-27-thread-1] INFO  server.RaftServerConfigKeys (ConfUtils.java:logGet(43)) - raft.server.retrycache.expirytime = 600000ms (custom)
2019-10-13 20:35:02,901 [pool-27-thread-1] INFO  impl.RaftServerImpl (RaftServerImpl.java:start(181)) - cab3cae7-f0a1-4851-a661-63d582d319d1@group-13F0A3804132: start as a follower, conf=-1: [cab3cae7-f0a1-4851-a661-63d582d319d1:192.168.157.224:38398], old=null
2019-10-13 20:35:02,901 [pool-27-thread-1] INFO  impl.RaftServerImpl (RaftServerImpl.java:setRole(170)) - cab3cae7-f0a1-4851-a661-63d582d319d1@group-13F0A3804132: changes role from      null to FOLLOWER at term 0 for startAsFollower
2019-10-13 20:35:02,902 [pool-27-thread-1] INFO  impl.RoleInfo (RoleInfo.java:updateAndGet(143)) - cab3cae7-f0a1-4851-a661-63d582d319d1: start FollowerState
2019-10-13 20:35:02,902 [pool-27-thread-1] INFO  util.JmxRegister (JmxRegister.java:tryRegister(44)) - Successfully registered JMX Bean with object name Ratis:service=RaftServer,group=group-13F0A3804132,id=cab3cae7-f0a1-4851-a661-63d582d319d1
2019-10-13 20:35:02,907 [RatisPipelineUtilsThread] INFO  pipeline.PipelineStateManager (PipelineStateManager.java:addPipeline(56)) - Created pipeline Pipeline[ Id: bc808585-f947-446b-932e-13f0a3804132, Nodes: cab3cae7-f0a1-4851-a661-63d582d319d1{ip: 192.168.157.224, host: pr-hdds-2290-dcfw8-3342134496, networkLocation: /default-rack, certSerialId: null}, Type:RATIS, Factor:ONE, State:OPEN]
2019-10-13 20:35:02,916 [grpc-default-executor-3] INFO  impl.RaftServerProxy (RaftServerProxy.java:addNew(89)) - c6676a3b-9238-484a-870a-e78b36fd6b90: addNew group-7E9D750B6DF3:[c6676a3b-9238-484a-870a-e78b36fd6b90:192.168.157.224:37064] returns group-7E9D750B6DF3:java.util.concurrent.CompletableFuture@5cbcc6c1[Not completed]
2019-10-13 20:35:02,917 [pool-77-thread-1] INFO  impl.RaftServerImpl (RaftServerImpl.java:<init>(95)) - c6676a3b-9238-484a-870a-e78b36fd6b90: new RaftServerImpl for group-7E9D750B6DF3:[c6676a3b-9238-484a-870a-e78b36fd6b90:192.168.157.224:37064] with ContainerStateMachine:uninitialized
2019-10-13 20:35:02,917 [pool-77-thread-1] INFO  server.RaftServerConfigKeys (ConfUtils.java:logGet(43)) - raft.server.rpc.timeout.min = 1s (custom)
2019-10-13 20:35:02,918 [pool-77-thread-1] INFO  server.RaftServerConfigKeys (ConfUtils.java:logGet(43)) - raft.server.rpc.timeout.max = 1200ms (custom)
2019-10-13 20:35:02,918 [pool-77-thread-1] INFO  server.RaftServerConfigKeys (ConfUtils.java:logGet(43)) - raft.server.rpcslowness.timeout = 120s (custom)
2019-10-13 20:35:02,918 [pool-77-thread-1] INFO  server.RaftServerConfigKeys (ConfUtils.java:logGet(43)) - raft.server.sleep.deviation.threshold = 300 (default)
2019-10-13 20:35:02,918 [pool-77-thread-1] INFO  server.RaftServerConfigKeys (ConfUtils.java:logGet(43)) - raft.server.log.appender.install.snapshot.enabled = false (custom)
2019-10-13 20:35:02,918 [pool-77-thread-1] INFO  impl.RaftServerImpl (ServerState.java:<init>(103)) - c6676a3b-9238-484a-870a-e78b36fd6b90@group-7E9D750B6DF3: ConfigurationManager, init=-1: [c6676a3b-9238-484a-870a-e78b36fd6b90:192.168.157.224:37064], old=null, confs=<EMPTY_MAP>
2019-10-13 20:35:02,918 [pool-77-thread-1] INFO  server.RaftServerConfigKeys (ConfUtils.java:logGet(43)) - raft.server.storage.dir = [/workdir/hadoop-ozone/integration-test/target/test-dir/MiniOzoneClusterImpl-647792b2-b7b4-4623-b37b-ed99d4356a77/datanode-5/data/ratis] (custom)
2019-10-13 20:35:02,919 [pool-77-thread-1] INFO  server.RaftServerConfigKeys (ConfUtils.java:logGet(43)) - raft.server.log.corruption.policy = EXCEPTION (default)
2019-10-13 20:35:02,919 [pool-77-thread-1] INFO  storage.RaftStorageDirectory (RaftStorageDirectory.java:analyzeStorage(246)) - The storage directory /workdir/hadoop-ozone/integration-test/target/test-dir/MiniOzoneClusterImpl-647792b2-b7b4-4623-b37b-ed99d4356a77/datanode-5/data/ratis/7c52d56f-0107-4870-8a9a-7e9d750b6df3 does not exist. Creating ...
2019-10-13 20:35:02,932 [pool-77-thread-1] INFO  storage.RaftStorageDirectory (RaftStorageDirectory.java:tryLock(328)) - Lock on /workdir/hadoop-ozone/integration-test/target/test-dir/MiniOzoneClusterImpl-647792b2-b7b4-4623-b37b-ed99d4356a77/datanode-5/data/ratis/7c52d56f-0107-4870-8a9a-7e9d750b6df3/in_use.lock acquired by nodename 2755@pr-hdds-2290-dcfw8-3342134496
2019-10-13 20:35:02,946 [pool-77-thread-1] INFO  storage.RaftStorage (RaftStorage.java:format(84)) - Storage directory /workdir/hadoop-ozone/integration-test/target/test-dir/MiniOzoneClusterImpl-647792b2-b7b4-4623-b37b-ed99d4356a77/datanode-5/data/ratis/7c52d56f-0107-4870-8a9a-7e9d750b6df3 has been successfully formatted.
2019-10-13 20:35:02,947 [pool-77-thread-1] INFO  ratis.ContainerStateMachine (ContainerStateMachine.java:loadSnapshot(231)) - group-7E9D750B6DF3: The snapshot info is null. Setting the last applied indexto:(t:0, i:~)
2019-10-13 20:35:02,947 [pool-77-thread-1] INFO  server.RaftServerConfigKeys (ConfUtils.java:logGet(43)) - raft.server.notification.no-leader.timeout = 120s (custom)
2019-10-13 20:35:02,947 [pool-77-thread-1] INFO  server.RaftServerConfigKeys (ConfUtils.java:logGet(43)) - raft.server.log.use.memory = false (default)
2019-10-13 20:35:02,947 [pool-77-thread-1] INFO  server.RaftServerConfigKeys (ConfUtils.java:logGet(43)) - raft.server.log.purge.gap = 1000000 (custom)
2019-10-13 20:35:02,947 [pool-77-thread-1] INFO  server.RaftServerConfigKeys (ConfUtils.java:logGet(43)) - raft.server.log.appender.buffer.byte-limit = 33554432 (custom)
2019-10-13 20:35:02,948 [pool-77-thread-1] INFO  server.RaftServerConfigKeys (ConfUtils.java:logGet(43)) - raft.server.log.segment.size.max = 1048576 (custom)
2019-10-13 20:35:02,948 [pool-77-thread-1] INFO  server.RaftServerConfigKeys (ConfUtils.java:logGet(43)) - raft.server.log.segment.cache.num.max = 2 (custom)
2019-10-13 20:35:02,948 [pool-77-thread-1] INFO  segmented.SegmentedRaftLogWorker (SegmentedRaftLogWorker.java:<init>(173)) - new c6676a3b-9238-484a-870a-e78b36fd6b90@group-7E9D750B6DF3-SegmentedRaftLogWorker for RaftStorage:Storage Directory /workdir/hadoop-ozone/integration-test/target/test-dir/MiniOzoneClusterImpl-647792b2-b7b4-4623-b37b-ed99d4356a77/datanode-5/data/ratis/7c52d56f-0107-4870-8a9a-7e9d750b6df3
2019-10-13 20:35:02,948 [pool-77-thread-1] INFO  server.RaftServerConfigKeys (ConfUtils.java:logGet(43)) - raft.server.log.queue.byte-limit = 2147483647 (custom)
2019-10-13 20:35:02,948 [pool-77-thread-1] INFO  server.RaftServerConfigKeys (ConfUtils.java:logGet(43)) - raft.server.log.queue.element-limit = 1024 (custom)
2019-10-13 20:35:02,948 [pool-77-thread-1] INFO  server.RaftServerConfigKeys (ConfUtils.java:logGet(43)) - raft.server.log.segment.size.max = 1048576 (custom)
2019-10-13 20:35:02,948 [pool-77-thread-1] INFO  server.RaftServerConfigKeys (ConfUtils.java:logGet(43)) - raft.server.log.preallocated.size = 16384 (custom)
2019-10-13 20:35:02,948 [pool-77-thread-1] INFO  server.RaftServerConfigKeys (ConfUtils.java:logGet(43)) - raft.server.log.write.buffer.size = 33554432 (custom)
2019-10-13 20:35:02,949 [pool-77-thread-1] INFO  server.RaftServerConfigKeys (ConfUtils.java:logGet(43)) - raft.server.log.force.sync.num = 128 (default)
2019-10-13 20:35:02,949 [pool-77-thread-1] INFO  server.RaftServerConfigKeys (ConfUtils.java:logGet(43)) - raft.server.log.statemachine.data.sync = true (default)
2019-10-13 20:35:02,949 [pool-77-thread-1] INFO  server.RaftServerConfigKeys (ConfUtils.java:logGet(43)) - raft.server.log.statemachine.data.sync.timeout = 10s (default)
2019-10-13 20:35:02,949 [pool-77-thread-1] INFO  server.RaftServerConfigKeys (ConfUtils.java:logGet(43)) - raft.server.log.statemachine.data.sync.timeout.retry = -1 (default)
2019-10-13 20:35:02,949 [pool-77-thread-1] INFO  server.RaftServerConfigKeys (ConfUtils.java:logGet(43)) - raft.server.log.statemachine.data.caching.enabled = true (custom)
2019-10-13 20:35:02,949 [pool-77-thread-1] INFO  segmented.SegmentedRaftLogWorker (SegmentedRaftLogWorker.java:lambda$new$0(128)) - c6676a3b-9238-484a-870a-e78b36fd6b90@group-7E9D750B6DF3-SegmentedRaftLogWorker: flushIndex: setUnconditionally 0 -> -1
2019-10-13 20:35:02,950 [pool-77-thread-1] INFO  server.RaftServerConfigKeys (ConfUtils.java:logGet(43)) - raft.server.snapshot.auto.trigger.enabled = true (custom)
2019-10-13 20:35:02,950 [pool-77-thread-1] INFO  server.RaftServerConfigKeys (ConfUtils.java:logGet(43)) - raft.server.snapshot.auto.trigger.threshold = 10000 (custom)
2019-10-13 20:35:02,950 [pool-77-thread-1] INFO  server.RaftServerConfigKeys (ConfUtils.java:logGet(43)) - raft.server.snapshot.retention.file.num = 5 (custom)
2019-10-13 20:35:02,950 [pool-77-thread-1] INFO  server.RaftServerConfigKeys (ConfUtils.java:logGet(43)) - raft.server.retrycache.expirytime = 600000ms (custom)
2019-10-13 20:35:02,952 [pool-77-thread-1] INFO  impl.RaftServerImpl (RaftServerImpl.java:start(181)) - c6676a3b-9238-484a-870a-e78b36fd6b90@group-7E9D750B6DF3: start as a follower, conf=-1: [c6676a3b-9238-484a-870a-e78b36fd6b90:192.168.157.224:37064], old=null
2019-10-13 20:35:02,952 [pool-77-thread-1] INFO  impl.RaftServerImpl (RaftServerImpl.java:setRole(170)) - c6676a3b-9238-484a-870a-e78b36fd6b90@group-7E9D750B6DF3: changes role from      null to FOLLOWER at term 0 for startAsFollower
2019-10-13 20:35:02,952 [pool-77-thread-1] INFO  impl.RoleInfo (RoleInfo.java:updateAndGet(143)) - c6676a3b-9238-484a-870a-e78b36fd6b90: start FollowerState
2019-10-13 20:35:02,953 [pool-77-thread-1] INFO  util.JmxRegister (JmxRegister.java:tryRegister(44)) - Successfully registered JMX Bean with object name Ratis:service=RaftServer,group=group-7E9D750B6DF3,id=c6676a3b-9238-484a-870a-e78b36fd6b90
2019-10-13 20:35:02,957 [RatisPipelineUtilsThread] INFO  pipeline.PipelineStateManager (PipelineStateManager.java:addPipeline(56)) - Created pipeline Pipeline[ Id: 7c52d56f-0107-4870-8a9a-7e9d750b6df3, Nodes: c6676a3b-9238-484a-870a-e78b36fd6b90{ip: 192.168.157.224, host: pr-hdds-2290-dcfw8-3342134496, networkLocation: /default-rack, certSerialId: null}, Type:RATIS, Factor:ONE, State:OPEN]
2019-10-13 20:35:02,961 [grpc-default-executor-3] INFO  impl.RaftServerProxy (RaftServerProxy.java:addNew(89)) - 787c3207-a753-429a-a612-e3ac99d17bc9: addNew group-A82C1015706D:[787c3207-a753-429a-a612-e3ac99d17bc9:192.168.157.224:45659] returns group-A82C1015706D:java.util.concurrent.CompletableFuture@5cf29dcc[Not completed]
2019-10-13 20:35:02,963 [pool-37-thread-1] INFO  impl.RaftServerImpl (RaftServerImpl.java:<init>(95)) - 787c3207-a753-429a-a612-e3ac99d17bc9: new RaftServerImpl for group-A82C1015706D:[787c3207-a753-429a-a612-e3ac99d17bc9:192.168.157.224:45659] with ContainerStateMachine:uninitialized
2019-10-13 20:35:02,963 [pool-37-thread-1] INFO  server.RaftServerConfigKeys (ConfUtils.java:logGet(43)) - raft.server.rpc.timeout.min = 1s (custom)
2019-10-13 20:35:02,963 [pool-37-thread-1] INFO  server.RaftServerConfigKeys (ConfUtils.java:logGet(43)) - raft.server.rpc.timeout.max = 1200ms (custom)
2019-10-13 20:35:02,963 [pool-37-thread-1] INFO  server.RaftServerConfigKeys (ConfUtils.java:logGet(43)) - raft.server.rpcslowness.timeout = 120s (custom)
2019-10-13 20:35:02,963 [pool-37-thread-1] INFO  server.RaftServerConfigKeys (ConfUtils.java:logGet(43)) - raft.server.sleep.deviation.threshold = 300 (default)
2019-10-13 20:35:02,963 [pool-37-thread-1] INFO  server.RaftServerConfigKeys (ConfUtils.java:logGet(43)) - raft.server.log.appender.install.snapshot.enabled = false (custom)
2019-10-13 20:35:02,964 [pool-37-thread-1] INFO  impl.RaftServerImpl (ServerState.java:<init>(103)) - 787c3207-a753-429a-a612-e3ac99d17bc9@group-A82C1015706D: ConfigurationManager, init=-1: [787c3207-a753-429a-a612-e3ac99d17bc9:192.168.157.224:45659], old=null, confs=<EMPTY_MAP>
2019-10-13 20:35:02,964 [pool-37-thread-1] INFO  server.RaftServerConfigKeys (ConfUtils.java:logGet(43)) - raft.server.storage.dir = [/workdir/hadoop-ozone/integration-test/target/test-dir/MiniOzoneClusterImpl-647792b2-b7b4-4623-b37b-ed99d4356a77/datanode-1/data/ratis] (custom)
2019-10-13 20:35:02,964 [pool-37-thread-1] INFO  server.RaftServerConfigKeys (ConfUtils.java:logGet(43)) - raft.server.log.corruption.policy = EXCEPTION (default)
2019-10-13 20:35:02,964 [pool-37-thread-1] INFO  storage.RaftStorageDirectory (RaftStorageDirectory.java:analyzeStorage(246)) - The storage directory /workdir/hadoop-ozone/integration-test/target/test-dir/MiniOzoneClusterImpl-647792b2-b7b4-4623-b37b-ed99d4356a77/datanode-1/data/ratis/21fe27de-db05-4481-85be-a82c1015706d does not exist. Creating ...
2019-10-13 20:35:02,977 [pool-37-thread-1] INFO  storage.RaftStorageDirectory (RaftStorageDirectory.java:tryLock(328)) - Lock on /workdir/hadoop-ozone/integration-test/target/test-dir/MiniOzoneClusterImpl-647792b2-b7b4-4623-b37b-ed99d4356a77/datanode-1/data/ratis/21fe27de-db05-4481-85be-a82c1015706d/in_use.lock acquired by nodename 2755@pr-hdds-2290-dcfw8-3342134496
2019-10-13 20:35:02,990 [pool-37-thread-1] INFO  storage.RaftStorage (RaftStorage.java:format(84)) - Storage directory /workdir/hadoop-ozone/integration-test/target/test-dir/MiniOzoneClusterImpl-647792b2-b7b4-4623-b37b-ed99d4356a77/datanode-1/data/ratis/21fe27de-db05-4481-85be-a82c1015706d has been successfully formatted.
2019-10-13 20:35:02,990 [pool-37-thread-1] INFO  ratis.ContainerStateMachine (ContainerStateMachine.java:loadSnapshot(231)) - group-A82C1015706D: The snapshot info is null. Setting the last applied indexto:(t:0, i:~)
2019-10-13 20:35:02,991 [pool-37-thread-1] INFO  server.RaftServerConfigKeys (ConfUtils.java:logGet(43)) - raft.server.notification.no-leader.timeout = 120s (custom)
2019-10-13 20:35:02,991 [pool-37-thread-1] INFO  server.RaftServerConfigKeys (ConfUtils.java:logGet(43)) - raft.server.log.use.memory = false (default)
2019-10-13 20:35:02,991 [pool-37-thread-1] INFO  server.RaftServerConfigKeys (ConfUtils.java:logGet(43)) - raft.server.log.purge.gap = 1000000 (custom)
2019-10-13 20:35:02,991 [pool-37-thread-1] INFO  server.RaftServerConfigKeys (ConfUtils.java:logGet(43)) - raft.server.log.appender.buffer.byte-limit = 33554432 (custom)
2019-10-13 20:35:02,991 [pool-37-thread-1] INFO  server.RaftServerConfigKeys (ConfUtils.java:logGet(43)) - raft.server.log.segment.size.max = 1048576 (custom)
2019-10-13 20:35:02,991 [pool-37-thread-1] INFO  server.RaftServerConfigKeys (ConfUtils.java:logGet(43)) - raft.server.log.segment.cache.num.max = 2 (custom)
2019-10-13 20:35:02,992 [pool-37-thread-1] INFO  segmented.SegmentedRaftLogWorker (SegmentedRaftLogWorker.java:<init>(173)) - new 787c3207-a753-429a-a612-e3ac99d17bc9@group-A82C1015706D-SegmentedRaftLogWorker for RaftStorage:Storage Directory /workdir/hadoop-ozone/integration-test/target/test-dir/MiniOzoneClusterImpl-647792b2-b7b4-4623-b37b-ed99d4356a77/datanode-1/data/ratis/21fe27de-db05-4481-85be-a82c1015706d
2019-10-13 20:35:02,992 [pool-37-thread-1] INFO  server.RaftServerConfigKeys (ConfUtils.java:logGet(43)) - raft.server.log.queue.byte-limit = 2147483647 (custom)
2019-10-13 20:35:02,992 [pool-37-thread-1] INFO  server.RaftServerConfigKeys (ConfUtils.java:logGet(43)) - raft.server.log.queue.element-limit = 1024 (custom)
2019-10-13 20:35:02,992 [pool-37-thread-1] INFO  server.RaftServerConfigKeys (ConfUtils.java:logGet(43)) - raft.server.log.segment.size.max = 1048576 (custom)
2019-10-13 20:35:02,992 [pool-37-thread-1] INFO  server.RaftServerConfigKeys (ConfUtils.java:logGet(43)) - raft.server.log.preallocated.size = 16384 (custom)
2019-10-13 20:35:02,992 [pool-37-thread-1] INFO  server.RaftServerConfigKeys (ConfUtils.java:logGet(43)) - raft.server.log.write.buffer.size = 33554432 (custom)
2019-10-13 20:35:02,992 [pool-37-thread-1] INFO  server.RaftServerConfigKeys (ConfUtils.java:logGet(43)) - raft.server.log.force.sync.num = 128 (default)
2019-10-13 20:35:02,993 [pool-37-thread-1] INFO  server.RaftServerConfigKeys (ConfUtils.java:logGet(43)) - raft.server.log.statemachine.data.sync = true (default)
2019-10-13 20:35:02,993 [pool-37-thread-1] INFO  server.RaftServerConfigKeys (ConfUtils.java:logGet(43)) - raft.server.log.statemachine.data.sync.timeout = 10s (default)
2019-10-13 20:35:02,993 [pool-37-thread-1] INFO  server.RaftServerConfigKeys (ConfUtils.java:logGet(43)) - raft.server.log.statemachine.data.sync.timeout.retry = -1 (default)
2019-10-13 20:35:02,993 [pool-37-thread-1] INFO  server.RaftServerConfigKeys (ConfUtils.java:logGet(43)) - raft.server.log.statemachine.data.caching.enabled = true (custom)
2019-10-13 20:35:02,993 [pool-37-thread-1] INFO  segmented.SegmentedRaftLogWorker (SegmentedRaftLogWorker.java:lambda$new$0(128)) - 787c3207-a753-429a-a612-e3ac99d17bc9@group-A82C1015706D-SegmentedRaftLogWorker: flushIndex: setUnconditionally 0 -> -1
2019-10-13 20:35:02,994 [pool-37-thread-1] INFO  server.RaftServerConfigKeys (ConfUtils.java:logGet(43)) - raft.server.snapshot.auto.trigger.enabled = true (custom)
2019-10-13 20:35:02,994 [pool-37-thread-1] INFO  server.RaftServerConfigKeys (ConfUtils.java:logGet(43)) - raft.server.snapshot.auto.trigger.threshold = 10000 (custom)
2019-10-13 20:35:02,994 [pool-37-thread-1] INFO  server.RaftServerConfigKeys (ConfUtils.java:logGet(43)) - raft.server.snapshot.retention.file.num = 5 (custom)
2019-10-13 20:35:02,994 [pool-37-thread-1] INFO  server.RaftServerConfigKeys (ConfUtils.java:logGet(43)) - raft.server.retrycache.expirytime = 600000ms (custom)
2019-10-13 20:35:02,997 [pool-37-thread-1] INFO  impl.RaftServerImpl (RaftServerImpl.java:start(181)) - 787c3207-a753-429a-a612-e3ac99d17bc9@group-A82C1015706D: start as a follower, conf=-1: [787c3207-a753-429a-a612-e3ac99d17bc9:192.168.157.224:45659], old=null
2019-10-13 20:35:02,997 [pool-37-thread-1] INFO  impl.RaftServerImpl (RaftServerImpl.java:setRole(170)) - 787c3207-a753-429a-a612-e3ac99d17bc9@group-A82C1015706D: changes role from      null to FOLLOWER at term 0 for startAsFollower
2019-10-13 20:35:02,997 [pool-37-thread-1] INFO  impl.RoleInfo (RoleInfo.java:updateAndGet(143)) - 787c3207-a753-429a-a612-e3ac99d17bc9: start FollowerState
2019-10-13 20:35:02,997 [pool-37-thread-1] INFO  util.JmxRegister (JmxRegister.java:tryRegister(44)) - Successfully registered JMX Bean with object name Ratis:service=RaftServer,group=group-A82C1015706D,id=787c3207-a753-429a-a612-e3ac99d17bc9
2019-10-13 20:35:03,002 [RatisPipelineUtilsThread] INFO  pipeline.PipelineStateManager (PipelineStateManager.java:addPipeline(56)) - Created pipeline Pipeline[ Id: 21fe27de-db05-4481-85be-a82c1015706d, Nodes: 787c3207-a753-429a-a612-e3ac99d17bc9{ip: 192.168.157.224, host: pr-hdds-2290-dcfw8-3342134496, networkLocation: /default-rack, certSerialId: null}, Type:RATIS, Factor:ONE, State:OPEN]
2019-10-13 20:35:03,011 [grpc-default-executor-3] INFO  impl.RaftServerProxy (RaftServerProxy.java:addNew(89)) - a62c5862-2413-45e1-a25a-271607b15565: addNew group-5DFA263A4E8F:[a62c5862-2413-45e1-a25a-271607b15565:192.168.157.224:42190] returns group-5DFA263A4E8F:java.util.concurrent.CompletableFuture@f55301d[Not completed]
2019-10-13 20:35:03,013 [pool-57-thread-1] INFO  impl.RaftServerImpl (RaftServerImpl.java:<init>(95)) - a62c5862-2413-45e1-a25a-271607b15565: new RaftServerImpl for group-5DFA263A4E8F:[a62c5862-2413-45e1-a25a-271607b15565:192.168.157.224:42190] with ContainerStateMachine:uninitialized
2019-10-13 20:35:03,013 [pool-57-thread-1] INFO  server.RaftServerConfigKeys (ConfUtils.java:logGet(43)) - raft.server.rpc.timeout.min = 1s (custom)
2019-10-13 20:35:03,013 [pool-57-thread-1] INFO  server.RaftServerConfigKeys (ConfUtils.java:logGet(43)) - raft.server.rpc.timeout.max = 1200ms (custom)
2019-10-13 20:35:03,013 [pool-57-thread-1] INFO  server.RaftServerConfigKeys (ConfUtils.java:logGet(43)) - raft.server.rpcslowness.timeout = 120s (custom)
2019-10-13 20:35:03,013 [pool-57-thread-1] INFO  server.RaftServerConfigKeys (ConfUtils.java:logGet(43)) - raft.server.sleep.deviation.threshold = 300 (default)
2019-10-13 20:35:03,014 [pool-57-thread-1] INFO  server.RaftServerConfigKeys (ConfUtils.java:logGet(43)) - raft.server.log.appender.install.snapshot.enabled = false (custom)
2019-10-13 20:35:03,014 [pool-57-thread-1] INFO  impl.RaftServerImpl (ServerState.java:<init>(103)) - a62c5862-2413-45e1-a25a-271607b15565@group-5DFA263A4E8F: ConfigurationManager, init=-1: [a62c5862-2413-45e1-a25a-271607b15565:192.168.157.224:42190], old=null, confs=<EMPTY_MAP>
2019-10-13 20:35:03,014 [pool-57-thread-1] INFO  server.RaftServerConfigKeys (ConfUtils.java:logGet(43)) - raft.server.storage.dir = [/workdir/hadoop-ozone/integration-test/target/test-dir/MiniOzoneClusterImpl-647792b2-b7b4-4623-b37b-ed99d4356a77/datanode-3/data/ratis] (custom)
2019-10-13 20:35:03,014 [pool-57-thread-1] INFO  server.RaftServerConfigKeys (ConfUtils.java:logGet(43)) - raft.server.log.corruption.policy = EXCEPTION (default)
2019-10-13 20:35:03,015 [pool-57-thread-1] INFO  storage.RaftStorageDirectory (RaftStorageDirectory.java:analyzeStorage(246)) - The storage directory /workdir/hadoop-ozone/integration-test/target/test-dir/MiniOzoneClusterImpl-647792b2-b7b4-4623-b37b-ed99d4356a77/datanode-3/data/ratis/17b26132-33f6-470d-b456-5dfa263a4e8f does not exist. Creating ...
2019-10-13 20:35:03,027 [pool-57-thread-1] INFO  storage.RaftStorageDirectory (RaftStorageDirectory.java:tryLock(328)) - Lock on /workdir/hadoop-ozone/integration-test/target/test-dir/MiniOzoneClusterImpl-647792b2-b7b4-4623-b37b-ed99d4356a77/datanode-3/data/ratis/17b26132-33f6-470d-b456-5dfa263a4e8f/in_use.lock acquired by nodename 2755@pr-hdds-2290-dcfw8-3342134496
2019-10-13 20:35:03,039 [pool-57-thread-1] INFO  storage.RaftStorage (RaftStorage.java:format(84)) - Storage directory /workdir/hadoop-ozone/integration-test/target/test-dir/MiniOzoneClusterImpl-647792b2-b7b4-4623-b37b-ed99d4356a77/datanode-3/data/ratis/17b26132-33f6-470d-b456-5dfa263a4e8f has been successfully formatted.
2019-10-13 20:35:03,040 [pool-57-thread-1] INFO  ratis.ContainerStateMachine (ContainerStateMachine.java:loadSnapshot(231)) - group-5DFA263A4E8F: The snapshot info is null. Setting the last applied indexto:(t:0, i:~)
2019-10-13 20:35:03,040 [pool-57-thread-1] INFO  server.RaftServerConfigKeys (ConfUtils.java:logGet(43)) - raft.server.notification.no-leader.timeout = 120s (custom)
2019-10-13 20:35:03,040 [pool-57-thread-1] INFO  server.RaftServerConfigKeys (ConfUtils.java:logGet(43)) - raft.server.log.use.memory = false (default)
2019-10-13 20:35:03,040 [pool-57-thread-1] INFO  server.RaftServerConfigKeys (ConfUtils.java:logGet(43)) - raft.server.log.purge.gap = 1000000 (custom)
2019-10-13 20:35:03,040 [pool-57-thread-1] INFO  server.RaftServerConfigKeys (ConfUtils.java:logGet(43)) - raft.server.log.appender.buffer.byte-limit = 33554432 (custom)
2019-10-13 20:35:03,040 [pool-57-thread-1] INFO  server.RaftServerConfigKeys (ConfUtils.java:logGet(43)) - raft.server.log.segment.size.max = 1048576 (custom)
2019-10-13 20:35:03,040 [pool-57-thread-1] INFO  server.RaftServerConfigKeys (ConfUtils.java:logGet(43)) - raft.server.log.segment.cache.num.max = 2 (custom)
2019-10-13 20:35:03,041 [pool-57-thread-1] INFO  segmented.SegmentedRaftLogWorker (SegmentedRaftLogWorker.java:<init>(173)) - new a62c5862-2413-45e1-a25a-271607b15565@group-5DFA263A4E8F-SegmentedRaftLogWorker for RaftStorage:Storage Directory /workdir/hadoop-ozone/integration-test/target/test-dir/MiniOzoneClusterImpl-647792b2-b7b4-4623-b37b-ed99d4356a77/datanode-3/data/ratis/17b26132-33f6-470d-b456-5dfa263a4e8f
2019-10-13 20:35:03,041 [pool-57-thread-1] INFO  server.RaftServerConfigKeys (ConfUtils.java:logGet(43)) - raft.server.log.queue.byte-limit = 2147483647 (custom)
2019-10-13 20:35:03,041 [pool-57-thread-1] INFO  server.RaftServerConfigKeys (ConfUtils.java:logGet(43)) - raft.server.log.queue.element-limit = 1024 (custom)
2019-10-13 20:35:03,041 [pool-57-thread-1] INFO  server.RaftServerConfigKeys (ConfUtils.java:logGet(43)) - raft.server.log.segment.size.max = 1048576 (custom)
2019-10-13 20:35:03,041 [pool-57-thread-1] INFO  server.RaftServerConfigKeys (ConfUtils.java:logGet(43)) - raft.server.log.preallocated.size = 16384 (custom)
2019-10-13 20:35:03,041 [pool-57-thread-1] INFO  server.RaftServerConfigKeys (ConfUtils.java:logGet(43)) - raft.server.log.write.buffer.size = 33554432 (custom)
2019-10-13 20:35:03,041 [pool-57-thread-1] INFO  server.RaftServerConfigKeys (ConfUtils.java:logGet(43)) - raft.server.log.force.sync.num = 128 (default)
2019-10-13 20:35:03,041 [pool-57-thread-1] INFO  server.RaftServerConfigKeys (ConfUtils.java:logGet(43)) - raft.server.log.statemachine.data.sync = true (default)
2019-10-13 20:35:03,042 [pool-57-thread-1] INFO  server.RaftServerConfigKeys (ConfUtils.java:logGet(43)) - raft.server.log.statemachine.data.sync.timeout = 10s (default)
2019-10-13 20:35:03,042 [pool-57-thread-1] INFO  server.RaftServerConfigKeys (ConfUtils.java:logGet(43)) - raft.server.log.statemachine.data.sync.timeout.retry = -1 (default)
2019-10-13 20:35:03,042 [pool-57-thread-1] INFO  server.RaftServerConfigKeys (ConfUtils.java:logGet(43)) - raft.server.log.statemachine.data.caching.enabled = true (custom)
2019-10-13 20:35:03,042 [pool-57-thread-1] INFO  segmented.SegmentedRaftLogWorker (SegmentedRaftLogWorker.java:lambda$new$0(128)) - a62c5862-2413-45e1-a25a-271607b15565@group-5DFA263A4E8F-SegmentedRaftLogWorker: flushIndex: setUnconditionally 0 -> -1
2019-10-13 20:35:03,043 [pool-57-thread-1] INFO  server.RaftServerConfigKeys (ConfUtils.java:logGet(43)) - raft.server.snapshot.auto.trigger.enabled = true (custom)
2019-10-13 20:35:03,043 [pool-57-thread-1] INFO  server.RaftServerConfigKeys (ConfUtils.java:logGet(43)) - raft.server.snapshot.auto.trigger.threshold = 10000 (custom)
2019-10-13 20:35:03,043 [pool-57-thread-1] INFO  server.RaftServerConfigKeys (ConfUtils.java:logGet(43)) - raft.server.snapshot.retention.file.num = 5 (custom)
2019-10-13 20:35:03,043 [pool-57-thread-1] INFO  server.RaftServerConfigKeys (ConfUtils.java:logGet(43)) - raft.server.retrycache.expirytime = 600000ms (custom)
2019-10-13 20:35:03,045 [pool-57-thread-1] INFO  impl.RaftServerImpl (RaftServerImpl.java:start(181)) - a62c5862-2413-45e1-a25a-271607b15565@group-5DFA263A4E8F: start as a follower, conf=-1: [a62c5862-2413-45e1-a25a-271607b15565:192.168.157.224:42190], old=null
2019-10-13 20:35:03,045 [pool-57-thread-1] INFO  impl.RaftServerImpl (RaftServerImpl.java:setRole(170)) - a62c5862-2413-45e1-a25a-271607b15565@group-5DFA263A4E8F: changes role from      null to FOLLOWER at term 0 for startAsFollower
2019-10-13 20:35:03,046 [pool-57-thread-1] INFO  impl.RoleInfo (RoleInfo.java:updateAndGet(143)) - a62c5862-2413-45e1-a25a-271607b15565: start FollowerState
2019-10-13 20:35:03,046 [pool-57-thread-1] INFO  util.JmxRegister (JmxRegister.java:tryRegister(44)) - Successfully registered JMX Bean with object name Ratis:service=RaftServer,group=group-5DFA263A4E8F,id=a62c5862-2413-45e1-a25a-271607b15565
2019-10-13 20:35:03,052 [RatisPipelineUtilsThread] INFO  pipeline.PipelineStateManager (PipelineStateManager.java:addPipeline(56)) - Created pipeline Pipeline[ Id: 17b26132-33f6-470d-b456-5dfa263a4e8f, Nodes: a62c5862-2413-45e1-a25a-271607b15565{ip: 192.168.157.224, host: pr-hdds-2290-dcfw8-3342134496, networkLocation: /default-rack, certSerialId: null}, Type:RATIS, Factor:ONE, State:OPEN]
2019-10-13 20:35:03,056 [grpc-default-executor-3] INFO  impl.RaftServerProxy (RaftServerProxy.java:addNew(89)) - 77fcd7a7-6bb2-492f-960d-fa5100459bab: addNew group-6A918F0A36EA:[77fcd7a7-6bb2-492f-960d-fa5100459bab:192.168.157.224:37718] returns group-6A918F0A36EA:java.util.concurrent.CompletableFuture@6fab364c[Not completed]
2019-10-13 20:35:03,058 [pool-87-thread-1] INFO  impl.RaftServerImpl (RaftServerImpl.java:<init>(95)) - 77fcd7a7-6bb2-492f-960d-fa5100459bab: new RaftServerImpl for group-6A918F0A36EA:[77fcd7a7-6bb2-492f-960d-fa5100459bab:192.168.157.224:37718] with ContainerStateMachine:uninitialized
2019-10-13 20:35:03,058 [pool-87-thread-1] INFO  server.RaftServerConfigKeys (ConfUtils.java:logGet(43)) - raft.server.rpc.timeout.min = 1s (custom)
2019-10-13 20:35:03,058 [pool-87-thread-1] INFO  server.RaftServerConfigKeys (ConfUtils.java:logGet(43)) - raft.server.rpc.timeout.max = 1200ms (custom)
2019-10-13 20:35:03,058 [pool-87-thread-1] INFO  server.RaftServerConfigKeys (ConfUtils.java:logGet(43)) - raft.server.rpcslowness.timeout = 120s (custom)
2019-10-13 20:35:03,058 [pool-87-thread-1] INFO  server.RaftServerConfigKeys (ConfUtils.java:logGet(43)) - raft.server.sleep.deviation.threshold = 300 (default)
2019-10-13 20:35:03,059 [pool-87-thread-1] INFO  server.RaftServerConfigKeys (ConfUtils.java:logGet(43)) - raft.server.log.appender.install.snapshot.enabled = false (custom)
2019-10-13 20:35:03,059 [pool-87-thread-1] INFO  impl.RaftServerImpl (ServerState.java:<init>(103)) - 77fcd7a7-6bb2-492f-960d-fa5100459bab@group-6A918F0A36EA: ConfigurationManager, init=-1: [77fcd7a7-6bb2-492f-960d-fa5100459bab:192.168.157.224:37718], old=null, confs=<EMPTY_MAP>
2019-10-13 20:35:03,059 [pool-87-thread-1] INFO  server.RaftServerConfigKeys (ConfUtils.java:logGet(43)) - raft.server.storage.dir = [/workdir/hadoop-ozone/integration-test/target/test-dir/MiniOzoneClusterImpl-647792b2-b7b4-4623-b37b-ed99d4356a77/datanode-6/data/ratis] (custom)
2019-10-13 20:35:03,059 [pool-87-thread-1] INFO  server.RaftServerConfigKeys (ConfUtils.java:logGet(43)) - raft.server.log.corruption.policy = EXCEPTION (default)
2019-10-13 20:35:03,060 [pool-87-thread-1] INFO  storage.RaftStorageDirectory (RaftStorageDirectory.java:analyzeStorage(246)) - The storage directory /workdir/hadoop-ozone/integration-test/target/test-dir/MiniOzoneClusterImpl-647792b2-b7b4-4623-b37b-ed99d4356a77/datanode-6/data/ratis/1ca3757f-9b05-474c-b73d-6a918f0a36ea does not exist. Creating ...
2019-10-13 20:35:03,072 [pool-87-thread-1] INFO  storage.RaftStorageDirectory (RaftStorageDirectory.java:tryLock(328)) - Lock on /workdir/hadoop-ozone/integration-test/target/test-dir/MiniOzoneClusterImpl-647792b2-b7b4-4623-b37b-ed99d4356a77/datanode-6/data/ratis/1ca3757f-9b05-474c-b73d-6a918f0a36ea/in_use.lock acquired by nodename 2755@pr-hdds-2290-dcfw8-3342134496
2019-10-13 20:35:03,085 [pool-87-thread-1] INFO  storage.RaftStorage (RaftStorage.java:format(84)) - Storage directory /workdir/hadoop-ozone/integration-test/target/test-dir/MiniOzoneClusterImpl-647792b2-b7b4-4623-b37b-ed99d4356a77/datanode-6/data/ratis/1ca3757f-9b05-474c-b73d-6a918f0a36ea has been successfully formatted.
2019-10-13 20:35:03,086 [pool-87-thread-1] INFO  ratis.ContainerStateMachine (ContainerStateMachine.java:loadSnapshot(231)) - group-6A918F0A36EA: The snapshot info is null. Setting the last applied indexto:(t:0, i:~)
2019-10-13 20:35:03,086 [pool-87-thread-1] INFO  server.RaftServerConfigKeys (ConfUtils.java:logGet(43)) - raft.server.notification.no-leader.timeout = 120s (custom)
2019-10-13 20:35:03,086 [pool-87-thread-1] INFO  server.RaftServerConfigKeys (ConfUtils.java:logGet(43)) - raft.server.log.use.memory = false (default)
2019-10-13 20:35:03,086 [pool-87-thread-1] INFO  server.RaftServerConfigKeys (ConfUtils.java:logGet(43)) - raft.server.log.purge.gap = 1000000 (custom)
2019-10-13 20:35:03,087 [pool-87-thread-1] INFO  server.RaftServerConfigKeys (ConfUtils.java:logGet(43)) - raft.server.log.appender.buffer.byte-limit = 33554432 (custom)
2019-10-13 20:35:03,087 [pool-87-thread-1] INFO  server.RaftServerConfigKeys (ConfUtils.java:logGet(43)) - raft.server.log.segment.size.max = 1048576 (custom)
2019-10-13 20:35:03,089 [pool-87-thread-1] INFO  server.RaftServerConfigKeys (ConfUtils.java:logGet(43)) - raft.server.log.segment.cache.num.max = 2 (custom)
2019-10-13 20:35:03,090 [pool-87-thread-1] INFO  segmented.SegmentedRaftLogWorker (SegmentedRaftLogWorker.java:<init>(173)) - new 77fcd7a7-6bb2-492f-960d-fa5100459bab@group-6A918F0A36EA-SegmentedRaftLogWorker for RaftStorage:Storage Directory /workdir/hadoop-ozone/integration-test/target/test-dir/MiniOzoneClusterImpl-647792b2-b7b4-4623-b37b-ed99d4356a77/datanode-6/data/ratis/1ca3757f-9b05-474c-b73d-6a918f0a36ea
2019-10-13 20:35:03,090 [pool-87-thread-1] INFO  server.RaftServerConfigKeys (ConfUtils.java:logGet(43)) - raft.server.log.queue.byte-limit = 2147483647 (custom)
2019-10-13 20:35:03,090 [pool-87-thread-1] INFO  server.RaftServerConfigKeys (ConfUtils.java:logGet(43)) - raft.server.log.queue.element-limit = 1024 (custom)
2019-10-13 20:35:03,090 [pool-87-thread-1] INFO  server.RaftServerConfigKeys (ConfUtils.java:logGet(43)) - raft.server.log.segment.size.max = 1048576 (custom)
2019-10-13 20:35:03,090 [pool-87-thread-1] INFO  server.RaftServerConfigKeys (ConfUtils.java:logGet(43)) - raft.server.log.preallocated.size = 16384 (custom)
2019-10-13 20:35:03,090 [pool-87-thread-1] INFO  server.RaftServerConfigKeys (ConfUtils.java:logGet(43)) - raft.server.log.write.buffer.size = 33554432 (custom)
2019-10-13 20:35:03,091 [pool-87-thread-1] INFO  server.RaftServerConfigKeys (ConfUtils.java:logGet(43)) - raft.server.log.force.sync.num = 128 (default)
2019-10-13 20:35:03,091 [pool-87-thread-1] INFO  server.RaftServerConfigKeys (ConfUtils.java:logGet(43)) - raft.server.log.statemachine.data.sync = true (default)
2019-10-13 20:35:03,091 [pool-87-thread-1] INFO  server.RaftServerConfigKeys (ConfUtils.java:logGet(43)) - raft.server.log.statemachine.data.sync.timeout = 10s (default)
2019-10-13 20:35:03,091 [pool-87-thread-1] INFO  server.RaftServerConfigKeys (ConfUtils.java:logGet(43)) - raft.server.log.statemachine.data.sync.timeout.retry = -1 (default)
2019-10-13 20:35:03,092 [pool-87-thread-1] INFO  server.RaftServerConfigKeys (ConfUtils.java:logGet(43)) - raft.server.log.statemachine.data.caching.enabled = true (custom)
2019-10-13 20:35:03,092 [pool-87-thread-1] INFO  segmented.SegmentedRaftLogWorker (SegmentedRaftLogWorker.java:lambda$new$0(128)) - 77fcd7a7-6bb2-492f-960d-fa5100459bab@group-6A918F0A36EA-SegmentedRaftLogWorker: flushIndex: setUnconditionally 0 -> -1
2019-10-13 20:35:03,093 [pool-87-thread-1] INFO  server.RaftServerConfigKeys (ConfUtils.java:logGet(43)) - raft.server.snapshot.auto.trigger.enabled = true (custom)
2019-10-13 20:35:03,093 [pool-87-thread-1] INFO  server.RaftServerConfigKeys (ConfUtils.java:logGet(43)) - raft.server.snapshot.auto.trigger.threshold = 10000 (custom)
2019-10-13 20:35:03,093 [pool-87-thread-1] INFO  server.RaftServerConfigKeys (ConfUtils.java:logGet(43)) - raft.server.snapshot.retention.file.num = 5 (custom)
2019-10-13 20:35:03,093 [pool-87-thread-1] INFO  server.RaftServerConfigKeys (ConfUtils.java:logGet(43)) - raft.server.retrycache.expirytime = 600000ms (custom)
2019-10-13 20:35:03,095 [pool-87-thread-1] INFO  impl.RaftServerImpl (RaftServerImpl.java:start(181)) - 77fcd7a7-6bb2-492f-960d-fa5100459bab@group-6A918F0A36EA: start as a follower, conf=-1: [77fcd7a7-6bb2-492f-960d-fa5100459bab:192.168.157.224:37718], old=null
2019-10-13 20:35:03,096 [pool-87-thread-1] INFO  impl.RaftServerImpl (RaftServerImpl.java:setRole(170)) - 77fcd7a7-6bb2-492f-960d-fa5100459bab@group-6A918F0A36EA: changes role from      null to FOLLOWER at term 0 for startAsFollower
2019-10-13 20:35:03,096 [pool-87-thread-1] INFO  impl.RoleInfo (RoleInfo.java:updateAndGet(143)) - 77fcd7a7-6bb2-492f-960d-fa5100459bab: start FollowerState
2019-10-13 20:35:03,096 [pool-87-thread-1] INFO  util.JmxRegister (JmxRegister.java:tryRegister(44)) - Successfully registered JMX Bean with object name Ratis:service=RaftServer,group=group-6A918F0A36EA,id=77fcd7a7-6bb2-492f-960d-fa5100459bab
2019-10-13 20:35:03,102 [RatisPipelineUtilsThread] INFO  pipeline.PipelineStateManager (PipelineStateManager.java:addPipeline(56)) - Created pipeline Pipeline[ Id: 1ca3757f-9b05-474c-b73d-6a918f0a36ea, Nodes: 77fcd7a7-6bb2-492f-960d-fa5100459bab{ip: 192.168.157.224, host: pr-hdds-2290-dcfw8-3342134496, networkLocation: /default-rack, certSerialId: null}, Type:RATIS, Factor:ONE, State:OPEN]
2019-10-13 20:35:03,119 [grpc-default-executor-3] INFO  impl.RaftServerProxy (RaftServerProxy.java:addNew(89)) - 87dd40fe-78d1-4490-b86b-73cf04ab2e1b: addNew group-2CCDA439A910:[87dd40fe-78d1-4490-b86b-73cf04ab2e1b:192.168.157.224:36895] returns group-2CCDA439A910:java.util.concurrent.CompletableFuture@26d3ba19[Not completed]
2019-10-13 20:35:03,120 [pool-47-thread-1] INFO  impl.RaftServerImpl (RaftServerImpl.java:<init>(95)) - 87dd40fe-78d1-4490-b86b-73cf04ab2e1b: new RaftServerImpl for group-2CCDA439A910:[87dd40fe-78d1-4490-b86b-73cf04ab2e1b:192.168.157.224:36895] with ContainerStateMachine:uninitialized
2019-10-13 20:35:03,120 [pool-47-thread-1] INFO  server.RaftServerConfigKeys (ConfUtils.java:logGet(43)) - raft.server.rpc.timeout.min = 1s (custom)
2019-10-13 20:35:03,120 [pool-47-thread-1] INFO  server.RaftServerConfigKeys (ConfUtils.java:logGet(43)) - raft.server.rpc.timeout.max = 1200ms (custom)
2019-10-13 20:35:03,120 [pool-47-thread-1] INFO  server.RaftServerConfigKeys (ConfUtils.java:logGet(43)) - raft.server.rpcslowness.timeout = 120s (custom)
2019-10-13 20:35:03,120 [pool-47-thread-1] INFO  server.RaftServerConfigKeys (ConfUtils.java:logGet(43)) - raft.server.sleep.deviation.threshold = 300 (default)
2019-10-13 20:35:03,120 [pool-47-thread-1] INFO  server.RaftServerConfigKeys (ConfUtils.java:logGet(43)) - raft.server.log.appender.install.snapshot.enabled = false (custom)
2019-10-13 20:35:03,121 [pool-47-thread-1] INFO  impl.RaftServerImpl (ServerState.java:<init>(103)) - 87dd40fe-78d1-4490-b86b-73cf04ab2e1b@group-2CCDA439A910: ConfigurationManager, init=-1: [87dd40fe-78d1-4490-b86b-73cf04ab2e1b:192.168.157.224:36895], old=null, confs=<EMPTY_MAP>
2019-10-13 20:35:03,121 [pool-47-thread-1] INFO  server.RaftServerConfigKeys (ConfUtils.java:logGet(43)) - raft.server.storage.dir = [/workdir/hadoop-ozone/integration-test/target/test-dir/MiniOzoneClusterImpl-647792b2-b7b4-4623-b37b-ed99d4356a77/datanode-2/data/ratis] (custom)
2019-10-13 20:35:03,121 [pool-47-thread-1] INFO  server.RaftServerConfigKeys (ConfUtils.java:logGet(43)) - raft.server.log.corruption.policy = EXCEPTION (default)
2019-10-13 20:35:03,121 [pool-47-thread-1] INFO  storage.RaftStorageDirectory (RaftStorageDirectory.java:analyzeStorage(246)) - The storage directory /workdir/hadoop-ozone/integration-test/target/test-dir/MiniOzoneClusterImpl-647792b2-b7b4-4623-b37b-ed99d4356a77/datanode-2/data/ratis/99fc6307-dda3-4922-ae14-2ccda439a910 does not exist. Creating ...
2019-10-13 20:35:03,134 [pool-47-thread-1] INFO  storage.RaftStorageDirectory (RaftStorageDirectory.java:tryLock(328)) - Lock on /workdir/hadoop-ozone/integration-test/target/test-dir/MiniOzoneClusterImpl-647792b2-b7b4-4623-b37b-ed99d4356a77/datanode-2/data/ratis/99fc6307-dda3-4922-ae14-2ccda439a910/in_use.lock acquired by nodename 2755@pr-hdds-2290-dcfw8-3342134496
2019-10-13 20:35:03,154 [pool-47-thread-1] INFO  storage.RaftStorage (RaftStorage.java:format(84)) - Storage directory /workdir/hadoop-ozone/integration-test/target/test-dir/MiniOzoneClusterImpl-647792b2-b7b4-4623-b37b-ed99d4356a77/datanode-2/data/ratis/99fc6307-dda3-4922-ae14-2ccda439a910 has been successfully formatted.
2019-10-13 20:35:03,155 [pool-47-thread-1] INFO  ratis.ContainerStateMachine (ContainerStateMachine.java:loadSnapshot(231)) - group-2CCDA439A910: The snapshot info is null. Setting the last applied indexto:(t:0, i:~)
2019-10-13 20:35:03,155 [pool-47-thread-1] INFO  server.RaftServerConfigKeys (ConfUtils.java:logGet(43)) - raft.server.notification.no-leader.timeout = 120s (custom)
2019-10-13 20:35:03,155 [pool-47-thread-1] INFO  server.RaftServerConfigKeys (ConfUtils.java:logGet(43)) - raft.server.log.use.memory = false (default)
2019-10-13 20:35:03,155 [pool-47-thread-1] INFO  server.RaftServerConfigKeys (ConfUtils.java:logGet(43)) - raft.server.log.purge.gap = 1000000 (custom)
2019-10-13 20:35:03,155 [pool-47-thread-1] INFO  server.RaftServerConfigKeys (ConfUtils.java:logGet(43)) - raft.server.log.appender.buffer.byte-limit = 33554432 (custom)
2019-10-13 20:35:03,155 [pool-47-thread-1] INFO  server.RaftServerConfigKeys (ConfUtils.java:logGet(43)) - raft.server.log.segment.size.max = 1048576 (custom)
2019-10-13 20:35:03,157 [pool-47-thread-1] INFO  server.RaftServerConfigKeys (ConfUtils.java:logGet(43)) - raft.server.log.segment.cache.num.max = 2 (custom)
2019-10-13 20:35:03,157 [pool-47-thread-1] INFO  segmented.SegmentedRaftLogWorker (SegmentedRaftLogWorker.java:<init>(173)) - new 87dd40fe-78d1-4490-b86b-73cf04ab2e1b@group-2CCDA439A910-SegmentedRaftLogWorker for RaftStorage:Storage Directory /workdir/hadoop-ozone/integration-test/target/test-dir/MiniOzoneClusterImpl-647792b2-b7b4-4623-b37b-ed99d4356a77/datanode-2/data/ratis/99fc6307-dda3-4922-ae14-2ccda439a910
2019-10-13 20:35:03,157 [pool-47-thread-1] INFO  server.RaftServerConfigKeys (ConfUtils.java:logGet(43)) - raft.server.log.queue.byte-limit = 2147483647 (custom)
2019-10-13 20:35:03,157 [pool-47-thread-1] INFO  server.RaftServerConfigKeys (ConfUtils.java:logGet(43)) - raft.server.log.queue.element-limit = 1024 (custom)
2019-10-13 20:35:03,157 [pool-47-thread-1] INFO  server.RaftServerConfigKeys (ConfUtils.java:logGet(43)) - raft.server.log.segment.size.max = 1048576 (custom)
2019-10-13 20:35:03,157 [pool-47-thread-1] INFO  server.RaftServerConfigKeys (ConfUtils.java:logGet(43)) - raft.server.log.preallocated.size = 16384 (custom)
2019-10-13 20:35:03,158 [pool-47-thread-1] INFO  server.RaftServerConfigKeys (ConfUtils.java:logGet(43)) - raft.server.log.write.buffer.size = 33554432 (custom)
2019-10-13 20:35:03,158 [pool-47-thread-1] INFO  server.RaftServerConfigKeys (ConfUtils.java:logGet(43)) - raft.server.log.force.sync.num = 128 (default)
2019-10-13 20:35:03,158 [pool-47-thread-1] INFO  server.RaftServerConfigKeys (ConfUtils.java:logGet(43)) - raft.server.log.statemachine.data.sync = true (default)
2019-10-13 20:35:03,158 [pool-47-thread-1] INFO  server.RaftServerConfigKeys (ConfUtils.java:logGet(43)) - raft.server.log.statemachine.data.sync.timeout = 10s (default)
2019-10-13 20:35:03,158 [pool-47-thread-1] INFO  server.RaftServerConfigKeys (ConfUtils.java:logGet(43)) - raft.server.log.statemachine.data.sync.timeout.retry = -1 (default)
2019-10-13 20:35:03,158 [pool-47-thread-1] INFO  server.RaftServerConfigKeys (ConfUtils.java:logGet(43)) - raft.server.log.statemachine.data.caching.enabled = true (custom)
2019-10-13 20:35:03,159 [pool-47-thread-1] INFO  segmented.SegmentedRaftLogWorker (SegmentedRaftLogWorker.java:lambda$new$0(128)) - 87dd40fe-78d1-4490-b86b-73cf04ab2e1b@group-2CCDA439A910-SegmentedRaftLogWorker: flushIndex: setUnconditionally 0 -> -1
2019-10-13 20:35:03,159 [pool-47-thread-1] INFO  server.RaftServerConfigKeys (ConfUtils.java:logGet(43)) - raft.server.snapshot.auto.trigger.enabled = true (custom)
2019-10-13 20:35:03,159 [pool-47-thread-1] INFO  server.RaftServerConfigKeys (ConfUtils.java:logGet(43)) - raft.server.snapshot.auto.trigger.threshold = 10000 (custom)
2019-10-13 20:35:03,159 [pool-47-thread-1] INFO  server.RaftServerConfigKeys (ConfUtils.java:logGet(43)) - raft.server.snapshot.retention.file.num = 5 (custom)
2019-10-13 20:35:03,159 [pool-47-thread-1] INFO  server.RaftServerConfigKeys (ConfUtils.java:logGet(43)) - raft.server.retrycache.expirytime = 600000ms (custom)
2019-10-13 20:35:03,161 [pool-47-thread-1] INFO  impl.RaftServerImpl (RaftServerImpl.java:start(181)) - 87dd40fe-78d1-4490-b86b-73cf04ab2e1b@group-2CCDA439A910: start as a follower, conf=-1: [87dd40fe-78d1-4490-b86b-73cf04ab2e1b:192.168.157.224:36895], old=null
2019-10-13 20:35:03,161 [pool-47-thread-1] INFO  impl.RaftServerImpl (RaftServerImpl.java:setRole(170)) - 87dd40fe-78d1-4490-b86b-73cf04ab2e1b@group-2CCDA439A910: changes role from      null to FOLLOWER at term 0 for startAsFollower
2019-10-13 20:35:03,161 [pool-47-thread-1] INFO  impl.RoleInfo (RoleInfo.java:updateAndGet(143)) - 87dd40fe-78d1-4490-b86b-73cf04ab2e1b: start FollowerState
2019-10-13 20:35:03,162 [pool-47-thread-1] INFO  util.JmxRegister (JmxRegister.java:tryRegister(44)) - Successfully registered JMX Bean with object name Ratis:service=RaftServer,group=group-2CCDA439A910,id=87dd40fe-78d1-4490-b86b-73cf04ab2e1b
2019-10-13 20:35:03,166 [RatisPipelineUtilsThread] INFO  pipeline.PipelineStateManager (PipelineStateManager.java:addPipeline(56)) - Created pipeline Pipeline[ Id: 99fc6307-dda3-4922-ae14-2ccda439a910, Nodes: 87dd40fe-78d1-4490-b86b-73cf04ab2e1b{ip: 192.168.157.224, host: pr-hdds-2290-dcfw8-3342134496, networkLocation: /default-rack, certSerialId: null}, Type:RATIS, Factor:ONE, State:OPEN]
2019-10-13 20:35:03,171 [grpc-default-executor-3] INFO  impl.RaftServerProxy (RaftServerProxy.java:addNew(89)) - 312f777a-2225-4912-85d0-d4c591f83be0: addNew group-0814DFE55114:[312f777a-2225-4912-85d0-d4c591f83be0:192.168.157.224:46039] returns group-0814DFE55114:java.util.concurrent.CompletableFuture@3863697f[Not completed]
2019-10-13 20:35:03,172 [pool-67-thread-1] INFO  impl.RaftServerImpl (RaftServerImpl.java:<init>(95)) - 312f777a-2225-4912-85d0-d4c591f83be0: new RaftServerImpl for group-0814DFE55114:[312f777a-2225-4912-85d0-d4c591f83be0:192.168.157.224:46039] with ContainerStateMachine:uninitialized
2019-10-13 20:35:03,172 [pool-67-thread-1] INFO  server.RaftServerConfigKeys (ConfUtils.java:logGet(43)) - raft.server.rpc.timeout.min = 1s (custom)
2019-10-13 20:35:03,172 [pool-67-thread-1] INFO  server.RaftServerConfigKeys (ConfUtils.java:logGet(43)) - raft.server.rpc.timeout.max = 1200ms (custom)
2019-10-13 20:35:03,172 [pool-67-thread-1] INFO  server.RaftServerConfigKeys (ConfUtils.java:logGet(43)) - raft.server.rpcslowness.timeout = 120s (custom)
2019-10-13 20:35:03,172 [pool-67-thread-1] INFO  server.RaftServerConfigKeys (ConfUtils.java:logGet(43)) - raft.server.sleep.deviation.threshold = 300 (default)
2019-10-13 20:35:03,172 [pool-67-thread-1] INFO  server.RaftServerConfigKeys (ConfUtils.java:logGet(43)) - raft.server.log.appender.install.snapshot.enabled = false (custom)
2019-10-13 20:35:03,172 [pool-67-thread-1] INFO  impl.RaftServerImpl (ServerState.java:<init>(103)) - 312f777a-2225-4912-85d0-d4c591f83be0@group-0814DFE55114: ConfigurationManager, init=-1: [312f777a-2225-4912-85d0-d4c591f83be0:192.168.157.224:46039], old=null, confs=<EMPTY_MAP>
2019-10-13 20:35:03,172 [pool-67-thread-1] INFO  server.RaftServerConfigKeys (ConfUtils.java:logGet(43)) - raft.server.storage.dir = [/workdir/hadoop-ozone/integration-test/target/test-dir/MiniOzoneClusterImpl-647792b2-b7b4-4623-b37b-ed99d4356a77/datanode-4/data/ratis] (custom)
2019-10-13 20:35:03,173 [pool-67-thread-1] INFO  server.RaftServerConfigKeys (ConfUtils.java:logGet(43)) - raft.server.log.corruption.policy = EXCEPTION (default)
2019-10-13 20:35:03,173 [pool-67-thread-1] INFO  storage.RaftStorageDirectory (RaftStorageDirectory.java:analyzeStorage(246)) - The storage directory /workdir/hadoop-ozone/integration-test/target/test-dir/MiniOzoneClusterImpl-647792b2-b7b4-4623-b37b-ed99d4356a77/datanode-4/data/ratis/9bb74ff9-8b7b-4761-966b-0814dfe55114 does not exist. Creating ...
2019-10-13 20:35:03,186 [pool-67-thread-1] INFO  storage.RaftStorageDirectory (RaftStorageDirectory.java:tryLock(328)) - Lock on /workdir/hadoop-ozone/integration-test/target/test-dir/MiniOzoneClusterImpl-647792b2-b7b4-4623-b37b-ed99d4356a77/datanode-4/data/ratis/9bb74ff9-8b7b-4761-966b-0814dfe55114/in_use.lock acquired by nodename 2755@pr-hdds-2290-dcfw8-3342134496
2019-10-13 20:35:03,198 [pool-67-thread-1] INFO  storage.RaftStorage (RaftStorage.java:format(84)) - Storage directory /workdir/hadoop-ozone/integration-test/target/test-dir/MiniOzoneClusterImpl-647792b2-b7b4-4623-b37b-ed99d4356a77/datanode-4/data/ratis/9bb74ff9-8b7b-4761-966b-0814dfe55114 has been successfully formatted.
2019-10-13 20:35:03,199 [pool-67-thread-1] INFO  ratis.ContainerStateMachine (ContainerStateMachine.java:loadSnapshot(231)) - group-0814DFE55114: The snapshot info is null. Setting the last applied indexto:(t:0, i:~)
2019-10-13 20:35:03,199 [pool-67-thread-1] INFO  server.RaftServerConfigKeys (ConfUtils.java:logGet(43)) - raft.server.notification.no-leader.timeout = 120s (custom)
2019-10-13 20:35:03,199 [pool-67-thread-1] INFO  server.RaftServerConfigKeys (ConfUtils.java:logGet(43)) - raft.server.log.use.memory = false (default)
2019-10-13 20:35:03,199 [pool-67-thread-1] INFO  server.RaftServerConfigKeys (ConfUtils.java:logGet(43)) - raft.server.log.purge.gap = 1000000 (custom)
2019-10-13 20:35:03,199 [pool-67-thread-1] INFO  server.RaftServerConfigKeys (ConfUtils.java:logGet(43)) - raft.server.log.appender.buffer.byte-limit = 33554432 (custom)
2019-10-13 20:35:03,199 [pool-67-thread-1] INFO  server.RaftServerConfigKeys (ConfUtils.java:logGet(43)) - raft.server.log.segment.size.max = 1048576 (custom)
2019-10-13 20:35:03,200 [pool-67-thread-1] INFO  server.RaftServerConfigKeys (ConfUtils.java:logGet(43)) - raft.server.log.segment.cache.num.max = 2 (custom)
2019-10-13 20:35:03,201 [pool-67-thread-1] INFO  segmented.SegmentedRaftLogWorker (SegmentedRaftLogWorker.java:<init>(173)) - new 312f777a-2225-4912-85d0-d4c591f83be0@group-0814DFE55114-SegmentedRaftLogWorker for RaftStorage:Storage Directory /workdir/hadoop-ozone/integration-test/target/test-dir/MiniOzoneClusterImpl-647792b2-b7b4-4623-b37b-ed99d4356a77/datanode-4/data/ratis/9bb74ff9-8b7b-4761-966b-0814dfe55114
2019-10-13 20:35:03,201 [pool-67-thread-1] INFO  server.RaftServerConfigKeys (ConfUtils.java:logGet(43)) - raft.server.log.queue.byte-limit = 2147483647 (custom)
2019-10-13 20:35:03,201 [pool-67-thread-1] INFO  server.RaftServerConfigKeys (ConfUtils.java:logGet(43)) - raft.server.log.queue.element-limit = 1024 (custom)
2019-10-13 20:35:03,201 [pool-67-thread-1] INFO  server.RaftServerConfigKeys (ConfUtils.java:logGet(43)) - raft.server.log.segment.size.max = 1048576 (custom)
2019-10-13 20:35:03,201 [pool-67-thread-1] INFO  server.RaftServerConfigKeys (ConfUtils.java:logGet(43)) - raft.server.log.preallocated.size = 16384 (custom)
2019-10-13 20:35:03,201 [pool-67-thread-1] INFO  server.RaftServerConfigKeys (ConfUtils.java:logGet(43)) - raft.server.log.write.buffer.size = 33554432 (custom)
2019-10-13 20:35:03,201 [pool-67-thread-1] INFO  server.RaftServerConfigKeys (ConfUtils.java:logGet(43)) - raft.server.log.force.sync.num = 128 (default)
2019-10-13 20:35:03,201 [pool-67-thread-1] INFO  server.RaftServerConfigKeys (ConfUtils.java:logGet(43)) - raft.server.log.statemachine.data.sync = true (default)
2019-10-13 20:35:03,202 [pool-67-thread-1] INFO  server.RaftServerConfigKeys (ConfUtils.java:logGet(43)) - raft.server.log.statemachine.data.sync.timeout = 10s (default)
2019-10-13 20:35:03,202 [pool-67-thread-1] INFO  server.RaftServerConfigKeys (ConfUtils.java:logGet(43)) - raft.server.log.statemachine.data.sync.timeout.retry = -1 (default)
2019-10-13 20:35:03,202 [pool-67-thread-1] INFO  server.RaftServerConfigKeys (ConfUtils.java:logGet(43)) - raft.server.log.statemachine.data.caching.enabled = true (custom)
2019-10-13 20:35:03,202 [pool-67-thread-1] INFO  segmented.SegmentedRaftLogWorker (SegmentedRaftLogWorker.java:lambda$new$0(128)) - 312f777a-2225-4912-85d0-d4c591f83be0@group-0814DFE55114-SegmentedRaftLogWorker: flushIndex: setUnconditionally 0 -> -1
2019-10-13 20:35:03,202 [pool-67-thread-1] INFO  server.RaftServerConfigKeys (ConfUtils.java:logGet(43)) - raft.server.snapshot.auto.trigger.enabled = true (custom)
2019-10-13 20:35:03,203 [pool-67-thread-1] INFO  server.RaftServerConfigKeys (ConfUtils.java:logGet(43)) - raft.server.snapshot.auto.trigger.threshold = 10000 (custom)
2019-10-13 20:35:03,203 [pool-67-thread-1] INFO  server.RaftServerConfigKeys (ConfUtils.java:logGet(43)) - raft.server.snapshot.retention.file.num = 5 (custom)
2019-10-13 20:35:03,203 [pool-67-thread-1] INFO  server.RaftServerConfigKeys (ConfUtils.java:logGet(43)) - raft.server.retrycache.expirytime = 600000ms (custom)
2019-10-13 20:35:03,204 [pool-67-thread-1] INFO  impl.RaftServerImpl (RaftServerImpl.java:start(181)) - 312f777a-2225-4912-85d0-d4c591f83be0@group-0814DFE55114: start as a follower, conf=-1: [312f777a-2225-4912-85d0-d4c591f83be0:192.168.157.224:46039], old=null
2019-10-13 20:35:03,204 [pool-67-thread-1] INFO  impl.RaftServerImpl (RaftServerImpl.java:setRole(170)) - 312f777a-2225-4912-85d0-d4c591f83be0@group-0814DFE55114: changes role from      null to FOLLOWER at term 0 for startAsFollower
2019-10-13 20:35:03,204 [pool-67-thread-1] INFO  impl.RoleInfo (RoleInfo.java:updateAndGet(143)) - 312f777a-2225-4912-85d0-d4c591f83be0: start FollowerState
2019-10-13 20:35:03,205 [pool-67-thread-1] INFO  util.JmxRegister (JmxRegister.java:tryRegister(44)) - Successfully registered JMX Bean with object name Ratis:service=RaftServer,group=group-0814DFE55114,id=312f777a-2225-4912-85d0-d4c591f83be0
2019-10-13 20:35:03,209 [RatisPipelineUtilsThread] INFO  pipeline.PipelineStateManager (PipelineStateManager.java:addPipeline(56)) - Created pipeline Pipeline[ Id: 9bb74ff9-8b7b-4761-966b-0814dfe55114, Nodes: 312f777a-2225-4912-85d0-d4c591f83be0{ip: 192.168.157.224, host: pr-hdds-2290-dcfw8-3342134496, networkLocation: /default-rack, certSerialId: null}, Type:RATIS, Factor:ONE, State:OPEN]
2019-10-13 20:35:03,219 [grpc-default-executor-1] INFO  impl.RaftServerProxy (RaftServerProxy.java:addNew(89)) - c6676a3b-9238-484a-870a-e78b36fd6b90: addNew group-AAA54604AAD4:[cab3cae7-f0a1-4851-a661-63d582d319d1:192.168.157.224:38398, 787c3207-a753-429a-a612-e3ac99d17bc9:192.168.157.224:45659, c6676a3b-9238-484a-870a-e78b36fd6b90:192.168.157.224:37064] returns group-AAA54604AAD4:java.util.concurrent.CompletableFuture@1430751f[Not completed]
2019-10-13 20:35:03,220 [grpc-default-executor-2] INFO  impl.RaftServerProxy (RaftServerProxy.java:addNew(89)) - 787c3207-a753-429a-a612-e3ac99d17bc9: addNew group-AAA54604AAD4:[cab3cae7-f0a1-4851-a661-63d582d319d1:192.168.157.224:38398, 787c3207-a753-429a-a612-e3ac99d17bc9:192.168.157.224:45659, c6676a3b-9238-484a-870a-e78b36fd6b90:192.168.157.224:37064] returns group-AAA54604AAD4:java.util.concurrent.CompletableFuture@6258941e[Not completed]
2019-10-13 20:35:03,220 [grpc-default-executor-1] INFO  impl.RaftServerProxy (RaftServerProxy.java:addNew(89)) - cab3cae7-f0a1-4851-a661-63d582d319d1: addNew group-AAA54604AAD4:[cab3cae7-f0a1-4851-a661-63d582d319d1:192.168.157.224:38398, 787c3207-a753-429a-a612-e3ac99d17bc9:192.168.157.224:45659, c6676a3b-9238-484a-870a-e78b36fd6b90:192.168.157.224:37064] returns group-AAA54604AAD4:java.util.concurrent.CompletableFuture@56e3c96b[Not completed]
2019-10-13 20:35:03,220 [pool-77-thread-1] INFO  impl.RaftServerImpl (RaftServerImpl.java:<init>(95)) - c6676a3b-9238-484a-870a-e78b36fd6b90: new RaftServerImpl for group-AAA54604AAD4:[cab3cae7-f0a1-4851-a661-63d582d319d1:192.168.157.224:38398, 787c3207-a753-429a-a612-e3ac99d17bc9:192.168.157.224:45659, c6676a3b-9238-484a-870a-e78b36fd6b90:192.168.157.224:37064] with ContainerStateMachine:uninitialized
2019-10-13 20:35:03,221 [pool-77-thread-1] INFO  server.RaftServerConfigKeys (ConfUtils.java:logGet(43)) - raft.server.rpc.timeout.min = 1s (custom)
2019-10-13 20:35:03,221 [pool-77-thread-1] INFO  server.RaftServerConfigKeys (ConfUtils.java:logGet(43)) - raft.server.rpc.timeout.max = 1200ms (custom)
2019-10-13 20:35:03,221 [pool-77-thread-1] INFO  server.RaftServerConfigKeys (ConfUtils.java:logGet(43)) - raft.server.rpcslowness.timeout = 120s (custom)
2019-10-13 20:35:03,221 [pool-37-thread-1] INFO  impl.RaftServerImpl (RaftServerImpl.java:<init>(95)) - 787c3207-a753-429a-a612-e3ac99d17bc9: new RaftServerImpl for group-AAA54604AAD4:[cab3cae7-f0a1-4851-a661-63d582d319d1:192.168.157.224:38398, 787c3207-a753-429a-a612-e3ac99d17bc9:192.168.157.224:45659, c6676a3b-9238-484a-870a-e78b36fd6b90:192.168.157.224:37064] with ContainerStateMachine:uninitialized
2019-10-13 20:35:03,221 [pool-77-thread-1] INFO  server.RaftServerConfigKeys (ConfUtils.java:logGet(43)) - raft.server.sleep.deviation.threshold = 300 (default)
2019-10-13 20:35:03,221 [pool-37-thread-1] INFO  server.RaftServerConfigKeys (ConfUtils.java:logGet(43)) - raft.server.rpc.timeout.min = 1s (custom)
2019-10-13 20:35:03,221 [pool-77-thread-1] INFO  server.RaftServerConfigKeys (ConfUtils.java:logGet(43)) - raft.server.log.appender.install.snapshot.enabled = false (custom)
2019-10-13 20:35:03,221 [pool-37-thread-1] INFO  server.RaftServerConfigKeys (ConfUtils.java:logGet(43)) - raft.server.rpc.timeout.max = 1200ms (custom)
2019-10-13 20:35:03,222 [pool-27-thread-1] INFO  impl.RaftServerImpl (RaftServerImpl.java:<init>(95)) - cab3cae7-f0a1-4851-a661-63d582d319d1: new RaftServerImpl for group-AAA54604AAD4:[cab3cae7-f0a1-4851-a661-63d582d319d1:192.168.157.224:38398, 787c3207-a753-429a-a612-e3ac99d17bc9:192.168.157.224:45659, c6676a3b-9238-484a-870a-e78b36fd6b90:192.168.157.224:37064] with ContainerStateMachine:uninitialized
2019-10-13 20:35:03,222 [pool-77-thread-1] INFO  impl.RaftServerImpl (ServerState.java:<init>(103)) - c6676a3b-9238-484a-870a-e78b36fd6b90@group-AAA54604AAD4: ConfigurationManager, init=-1: [cab3cae7-f0a1-4851-a661-63d582d319d1:192.168.157.224:38398, 787c3207-a753-429a-a612-e3ac99d17bc9:192.168.157.224:45659, c6676a3b-9238-484a-870a-e78b36fd6b90:192.168.157.224:37064], old=null, confs=<EMPTY_MAP>
2019-10-13 20:35:03,222 [pool-27-thread-1] INFO  server.RaftServerConfigKeys (ConfUtils.java:logGet(43)) - raft.server.rpc.timeout.min = 1s (custom)
2019-10-13 20:35:03,222 [pool-37-thread-1] INFO  server.RaftServerConfigKeys (ConfUtils.java:logGet(43)) - raft.server.rpcslowness.timeout = 120s (custom)
2019-10-13 20:35:03,222 [pool-37-thread-1] INFO  server.RaftServerConfigKeys (ConfUtils.java:logGet(43)) - raft.server.sleep.deviation.threshold = 300 (default)
2019-10-13 20:35:03,222 [pool-27-thread-1] INFO  server.RaftServerConfigKeys (ConfUtils.java:logGet(43)) - raft.server.rpc.timeout.max = 1200ms (custom)
2019-10-13 20:35:03,222 [pool-77-thread-1] INFO  server.RaftServerConfigKeys (ConfUtils.java:logGet(43)) - raft.server.storage.dir = [/workdir/hadoop-ozone/integration-test/target/test-dir/MiniOzoneClusterImpl-647792b2-b7b4-4623-b37b-ed99d4356a77/datanode-5/data/ratis] (custom)
2019-10-13 20:35:03,222 [pool-27-thread-1] INFO  server.RaftServerConfigKeys (ConfUtils.java:logGet(43)) - raft.server.rpcslowness.timeout = 120s (custom)
2019-10-13 20:35:03,222 [pool-37-thread-1] INFO  server.RaftServerConfigKeys (ConfUtils.java:logGet(43)) - raft.server.log.appender.install.snapshot.enabled = false (custom)
2019-10-13 20:35:03,223 [pool-27-thread-1] INFO  server.RaftServerConfigKeys (ConfUtils.java:logGet(43)) - raft.server.sleep.deviation.threshold = 300 (default)
2019-10-13 20:35:03,223 [pool-77-thread-1] INFO  server.RaftServerConfigKeys (ConfUtils.java:logGet(43)) - raft.server.log.corruption.policy = EXCEPTION (default)
2019-10-13 20:35:03,223 [pool-27-thread-1] INFO  server.RaftServerConfigKeys (ConfUtils.java:logGet(43)) - raft.server.log.appender.install.snapshot.enabled = false (custom)
2019-10-13 20:35:03,223 [pool-37-thread-1] INFO  impl.RaftServerImpl (ServerState.java:<init>(103)) - 787c3207-a753-429a-a612-e3ac99d17bc9@group-AAA54604AAD4: ConfigurationManager, init=-1: [cab3cae7-f0a1-4851-a661-63d582d319d1:192.168.157.224:38398, 787c3207-a753-429a-a612-e3ac99d17bc9:192.168.157.224:45659, c6676a3b-9238-484a-870a-e78b36fd6b90:192.168.157.224:37064], old=null, confs=<EMPTY_MAP>
2019-10-13 20:35:03,223 [pool-27-thread-1] INFO  impl.RaftServerImpl (ServerState.java:<init>(103)) - cab3cae7-f0a1-4851-a661-63d582d319d1@group-AAA54604AAD4: ConfigurationManager, init=-1: [cab3cae7-f0a1-4851-a661-63d582d319d1:192.168.157.224:38398, 787c3207-a753-429a-a612-e3ac99d17bc9:192.168.157.224:45659, c6676a3b-9238-484a-870a-e78b36fd6b90:192.168.157.224:37064], old=null, confs=<EMPTY_MAP>
2019-10-13 20:35:03,223 [pool-77-thread-1] INFO  storage.RaftStorageDirectory (RaftStorageDirectory.java:analyzeStorage(246)) - The storage directory /workdir/hadoop-ozone/integration-test/target/test-dir/MiniOzoneClusterImpl-647792b2-b7b4-4623-b37b-ed99d4356a77/datanode-5/data/ratis/6f281208-ccce-47bb-bec1-aaa54604aad4 does not exist. Creating ...
2019-10-13 20:35:03,224 [pool-27-thread-1] INFO  server.RaftServerConfigKeys (ConfUtils.java:logGet(43)) - raft.server.storage.dir = [/workdir/hadoop-ozone/integration-test/target/test-dir/MiniOzoneClusterImpl-647792b2-b7b4-4623-b37b-ed99d4356a77/datanode-0/data/ratis] (custom)
2019-10-13 20:35:03,223 [pool-37-thread-1] INFO  server.RaftServerConfigKeys (ConfUtils.java:logGet(43)) - raft.server.storage.dir = [/workdir/hadoop-ozone/integration-test/target/test-dir/MiniOzoneClusterImpl-647792b2-b7b4-4623-b37b-ed99d4356a77/datanode-1/data/ratis] (custom)
2019-10-13 20:35:03,224 [pool-27-thread-1] INFO  server.RaftServerConfigKeys (ConfUtils.java:logGet(43)) - raft.server.log.corruption.policy = EXCEPTION (default)
2019-10-13 20:35:03,224 [pool-37-thread-1] INFO  server.RaftServerConfigKeys (ConfUtils.java:logGet(43)) - raft.server.log.corruption.policy = EXCEPTION (default)
2019-10-13 20:35:03,224 [pool-27-thread-1] INFO  storage.RaftStorageDirectory (RaftStorageDirectory.java:analyzeStorage(246)) - The storage directory /workdir/hadoop-ozone/integration-test/target/test-dir/MiniOzoneClusterImpl-647792b2-b7b4-4623-b37b-ed99d4356a77/datanode-0/data/ratis/6f281208-ccce-47bb-bec1-aaa54604aad4 does not exist. Creating ...
2019-10-13 20:35:03,224 [pool-37-thread-1] INFO  storage.RaftStorageDirectory (RaftStorageDirectory.java:analyzeStorage(246)) - The storage directory /workdir/hadoop-ozone/integration-test/target/test-dir/MiniOzoneClusterImpl-647792b2-b7b4-4623-b37b-ed99d4356a77/datanode-1/data/ratis/6f281208-ccce-47bb-bec1-aaa54604aad4 does not exist. Creating ...
2019-10-13 20:35:03,237 [pool-37-thread-1] INFO  storage.RaftStorageDirectory (RaftStorageDirectory.java:tryLock(328)) - Lock on /workdir/hadoop-ozone/integration-test/target/test-dir/MiniOzoneClusterImpl-647792b2-b7b4-4623-b37b-ed99d4356a77/datanode-1/data/ratis/6f281208-ccce-47bb-bec1-aaa54604aad4/in_use.lock acquired by nodename 2755@pr-hdds-2290-dcfw8-3342134496
2019-10-13 20:35:03,237 [pool-27-thread-1] INFO  storage.RaftStorageDirectory (RaftStorageDirectory.java:tryLock(328)) - Lock on /workdir/hadoop-ozone/integration-test/target/test-dir/MiniOzoneClusterImpl-647792b2-b7b4-4623-b37b-ed99d4356a77/datanode-0/data/ratis/6f281208-ccce-47bb-bec1-aaa54604aad4/in_use.lock acquired by nodename 2755@pr-hdds-2290-dcfw8-3342134496
2019-10-13 20:35:03,237 [pool-77-thread-1] INFO  storage.RaftStorageDirectory (RaftStorageDirectory.java:tryLock(328)) - Lock on /workdir/hadoop-ozone/integration-test/target/test-dir/MiniOzoneClusterImpl-647792b2-b7b4-4623-b37b-ed99d4356a77/datanode-5/data/ratis/6f281208-ccce-47bb-bec1-aaa54604aad4/in_use.lock acquired by nodename 2755@pr-hdds-2290-dcfw8-3342134496
2019-10-13 20:35:03,250 [pool-37-thread-1] INFO  storage.RaftStorage (RaftStorage.java:format(84)) - Storage directory /workdir/hadoop-ozone/integration-test/target/test-dir/MiniOzoneClusterImpl-647792b2-b7b4-4623-b37b-ed99d4356a77/datanode-1/data/ratis/6f281208-ccce-47bb-bec1-aaa54604aad4 has been successfully formatted.
2019-10-13 20:35:03,251 [pool-77-thread-1] INFO  storage.RaftStorage (RaftStorage.java:format(84)) - Storage directory /workdir/hadoop-ozone/integration-test/target/test-dir/MiniOzoneClusterImpl-647792b2-b7b4-4623-b37b-ed99d4356a77/datanode-5/data/ratis/6f281208-ccce-47bb-bec1-aaa54604aad4 has been successfully formatted.
2019-10-13 20:35:03,250 [pool-27-thread-1] INFO  storage.RaftStorage (RaftStorage.java:format(84)) - Storage directory /workdir/hadoop-ozone/integration-test/target/test-dir/MiniOzoneClusterImpl-647792b2-b7b4-4623-b37b-ed99d4356a77/datanode-0/data/ratis/6f281208-ccce-47bb-bec1-aaa54604aad4 has been successfully formatted.
2019-10-13 20:35:03,251 [pool-77-thread-1] INFO  ratis.ContainerStateMachine (ContainerStateMachine.java:loadSnapshot(231)) - group-AAA54604AAD4: The snapshot info is null. Setting the last applied indexto:(t:0, i:~)
2019-10-13 20:35:03,251 [pool-37-thread-1] INFO  ratis.ContainerStateMachine (ContainerStateMachine.java:loadSnapshot(231)) - group-AAA54604AAD4: The snapshot info is null. Setting the last applied indexto:(t:0, i:~)
2019-10-13 20:35:03,251 [pool-77-thread-1] INFO  server.RaftServerConfigKeys (ConfUtils.java:logGet(43)) - raft.server.notification.no-leader.timeout = 120s (custom)
2019-10-13 20:35:03,251 [pool-27-thread-1] INFO  ratis.ContainerStateMachine (ContainerStateMachine.java:loadSnapshot(231)) - group-AAA54604AAD4: The snapshot info is null. Setting the last applied indexto:(t:0, i:~)
2019-10-13 20:35:03,251 [pool-77-thread-1] INFO  server.RaftServerConfigKeys (ConfUtils.java:logGet(43)) - raft.server.log.use.memory = false (default)
2019-10-13 20:35:03,251 [pool-37-thread-1] INFO  server.RaftServerConfigKeys (ConfUtils.java:logGet(43)) - raft.server.notification.no-leader.timeout = 120s (custom)
2019-10-13 20:35:03,252 [pool-77-thread-1] INFO  server.RaftServerConfigKeys (ConfUtils.java:logGet(43)) - raft.server.log.purge.gap = 1000000 (custom)
2019-10-13 20:35:03,252 [pool-27-thread-1] INFO  server.RaftServerConfigKeys (ConfUtils.java:logGet(43)) - raft.server.notification.no-leader.timeout = 120s (custom)
2019-10-13 20:35:03,252 [pool-77-thread-1] INFO  server.RaftServerConfigKeys (ConfUtils.java:logGet(43)) - raft.server.log.appender.buffer.byte-limit = 33554432 (custom)
2019-10-13 20:35:03,252 [pool-37-thread-1] INFO  server.RaftServerConfigKeys (ConfUtils.java:logGet(43)) - raft.server.log.use.memory = false (default)
2019-10-13 20:35:03,253 [pool-77-thread-1] INFO  server.RaftServerConfigKeys (ConfUtils.java:logGet(43)) - raft.server.log.segment.size.max = 1048576 (custom)
2019-10-13 20:35:03,253 [pool-77-thread-1] INFO  server.RaftServerConfigKeys (ConfUtils.java:logGet(43)) - raft.server.log.segment.cache.num.max = 2 (custom)
2019-10-13 20:35:03,252 [pool-27-thread-1] INFO  server.RaftServerConfigKeys (ConfUtils.java:logGet(43)) - raft.server.log.use.memory = false (default)
2019-10-13 20:35:03,254 [pool-77-thread-1] INFO  segmented.SegmentedRaftLogWorker (SegmentedRaftLogWorker.java:<init>(173)) - new c6676a3b-9238-484a-870a-e78b36fd6b90@group-AAA54604AAD4-SegmentedRaftLogWorker for RaftStorage:Storage Directory /workdir/hadoop-ozone/integration-test/target/test-dir/MiniOzoneClusterImpl-647792b2-b7b4-4623-b37b-ed99d4356a77/datanode-5/data/ratis/6f281208-ccce-47bb-bec1-aaa54604aad4
2019-10-13 20:35:03,253 [pool-37-thread-1] INFO  server.RaftServerConfigKeys (ConfUtils.java:logGet(43)) - raft.server.log.purge.gap = 1000000 (custom)
2019-10-13 20:35:03,254 [pool-77-thread-1] INFO  server.RaftServerConfigKeys (ConfUtils.java:logGet(43)) - raft.server.log.queue.byte-limit = 2147483647 (custom)
2019-10-13 20:35:03,254 [pool-27-thread-1] INFO  server.RaftServerConfigKeys (ConfUtils.java:logGet(43)) - raft.server.log.purge.gap = 1000000 (custom)
2019-10-13 20:35:03,254 [pool-77-thread-1] INFO  server.RaftServerConfigKeys (ConfUtils.java:logGet(43)) - raft.server.log.queue.element-limit = 1024 (custom)
2019-10-13 20:35:03,254 [pool-37-thread-1] INFO  server.RaftServerConfigKeys (ConfUtils.java:logGet(43)) - raft.server.log.appender.buffer.byte-limit = 33554432 (custom)
2019-10-13 20:35:03,254 [pool-77-thread-1] INFO  server.RaftServerConfigKeys (ConfUtils.java:logGet(43)) - raft.server.log.segment.size.max = 1048576 (custom)
2019-10-13 20:35:03,255 [pool-77-thread-1] INFO  server.RaftServerConfigKeys (ConfUtils.java:logGet(43)) - raft.server.log.preallocated.size = 16384 (custom)
2019-10-13 20:35:03,254 [pool-27-thread-1] INFO  server.RaftServerConfigKeys (ConfUtils.java:logGet(43)) - raft.server.log.appender.buffer.byte-limit = 33554432 (custom)
2019-10-13 20:35:03,255 [pool-77-thread-1] INFO  server.RaftServerConfigKeys (ConfUtils.java:logGet(43)) - raft.server.log.write.buffer.size = 33554432 (custom)
2019-10-13 20:35:03,255 [pool-77-thread-1] INFO  server.RaftServerConfigKeys (ConfUtils.java:logGet(43)) - raft.server.log.force.sync.num = 128 (default)
2019-10-13 20:35:03,255 [pool-37-thread-1] INFO  server.RaftServerConfigKeys (ConfUtils.java:logGet(43)) - raft.server.log.segment.size.max = 1048576 (custom)
2019-10-13 20:35:03,255 [pool-77-thread-1] INFO  server.RaftServerConfigKeys (ConfUtils.java:logGet(43)) - raft.server.log.statemachine.data.sync = true (default)
2019-10-13 20:35:03,255 [pool-27-thread-1] INFO  server.RaftServerConfigKeys (ConfUtils.java:logGet(43)) - raft.server.log.segment.size.max = 1048576 (custom)
2019-10-13 20:35:03,256 [pool-77-thread-1] INFO  server.RaftServerConfigKeys (ConfUtils.java:logGet(43)) - raft.server.log.statemachine.data.sync.timeout = 10s (default)
2019-10-13 20:35:03,255 [pool-37-thread-1] INFO  server.RaftServerConfigKeys (ConfUtils.java:logGet(43)) - raft.server.log.segment.cache.num.max = 2 (custom)
2019-10-13 20:35:03,256 [pool-77-thread-1] INFO  server.RaftServerConfigKeys (ConfUtils.java:logGet(43)) - raft.server.log.statemachine.data.sync.timeout.retry = -1 (default)
2019-10-13 20:35:03,256 [pool-27-thread-1] INFO  server.RaftServerConfigKeys (ConfUtils.java:logGet(43)) - raft.server.log.segment.cache.num.max = 2 (custom)
2019-10-13 20:35:03,256 [pool-77-thread-1] INFO  server.RaftServerConfigKeys (ConfUtils.java:logGet(43)) - raft.server.log.statemachine.data.caching.enabled = true (custom)
2019-10-13 20:35:03,256 [pool-37-thread-1] INFO  segmented.SegmentedRaftLogWorker (SegmentedRaftLogWorker.java:<init>(173)) - new 787c3207-a753-429a-a612-e3ac99d17bc9@group-AAA54604AAD4-SegmentedRaftLogWorker for RaftStorage:Storage Directory /workdir/hadoop-ozone/integration-test/target/test-dir/MiniOzoneClusterImpl-647792b2-b7b4-4623-b37b-ed99d4356a77/datanode-1/data/ratis/6f281208-ccce-47bb-bec1-aaa54604aad4
2019-10-13 20:35:03,256 [pool-27-thread-1] INFO  segmented.SegmentedRaftLogWorker (SegmentedRaftLogWorker.java:<init>(173)) - new cab3cae7-f0a1-4851-a661-63d582d319d1@group-AAA54604AAD4-SegmentedRaftLogWorker for RaftStorage:Storage Directory /workdir/hadoop-ozone/integration-test/target/test-dir/MiniOzoneClusterImpl-647792b2-b7b4-4623-b37b-ed99d4356a77/datanode-0/data/ratis/6f281208-ccce-47bb-bec1-aaa54604aad4
2019-10-13 20:35:03,257 [pool-77-thread-1] INFO  segmented.SegmentedRaftLogWorker (SegmentedRaftLogWorker.java:lambda$new$0(128)) - c6676a3b-9238-484a-870a-e78b36fd6b90@group-AAA54604AAD4-SegmentedRaftLogWorker: flushIndex: setUnconditionally 0 -> -1
2019-10-13 20:35:03,257 [pool-37-thread-1] INFO  server.RaftServerConfigKeys (ConfUtils.java:logGet(43)) - raft.server.log.queue.byte-limit = 2147483647 (custom)
2019-10-13 20:35:03,257 [pool-27-thread-1] INFO  server.RaftServerConfigKeys (ConfUtils.java:logGet(43)) - raft.server.log.queue.byte-limit = 2147483647 (custom)
2019-10-13 20:35:03,257 [pool-77-thread-1] INFO  server.RaftServerConfigKeys (ConfUtils.java:logGet(43)) - raft.server.snapshot.auto.trigger.enabled = true (custom)
2019-10-13 20:35:03,257 [pool-77-thread-1] INFO  server.RaftServerConfigKeys (ConfUtils.java:logGet(43)) - raft.server.snapshot.auto.trigger.threshold = 10000 (custom)
2019-10-13 20:35:03,257 [pool-37-thread-1] INFO  server.RaftServerConfigKeys (ConfUtils.java:logGet(43)) - raft.server.log.queue.element-limit = 1024 (custom)
2019-10-13 20:35:03,257 [pool-77-thread-1] INFO  server.RaftServerConfigKeys (ConfUtils.java:logGet(43)) - raft.server.snapshot.retention.file.num = 5 (custom)
2019-10-13 20:35:03,257 [pool-27-thread-1] INFO  server.RaftServerConfigKeys (ConfUtils.java:logGet(43)) - raft.server.log.queue.element-limit = 1024 (custom)
2019-10-13 20:35:03,258 [pool-77-thread-1] INFO  server.RaftServerConfigKeys (ConfUtils.java:logGet(43)) - raft.server.retrycache.expirytime = 600000ms (custom)
2019-10-13 20:35:03,258 [pool-37-thread-1] INFO  server.RaftServerConfigKeys (ConfUtils.java:logGet(43)) - raft.server.log.segment.size.max = 1048576 (custom)
2019-10-13 20:35:03,258 [pool-27-thread-1] INFO  server.RaftServerConfigKeys (ConfUtils.java:logGet(43)) - raft.server.log.segment.size.max = 1048576 (custom)
2019-10-13 20:35:03,258 [pool-37-thread-1] INFO  server.RaftServerConfigKeys (ConfUtils.java:logGet(43)) - raft.server.log.preallocated.size = 16384 (custom)
2019-10-13 20:35:03,258 [pool-27-thread-1] INFO  server.RaftServerConfigKeys (ConfUtils.java:logGet(43)) - raft.server.log.preallocated.size = 16384 (custom)
2019-10-13 20:35:03,258 [pool-37-thread-1] INFO  server.RaftServerConfigKeys (ConfUtils.java:logGet(43)) - raft.server.log.write.buffer.size = 33554432 (custom)
2019-10-13 20:35:03,259 [pool-27-thread-1] INFO  server.RaftServerConfigKeys (ConfUtils.java:logGet(43)) - raft.server.log.write.buffer.size = 33554432 (custom)
2019-10-13 20:35:03,259 [pool-37-thread-1] INFO  server.RaftServerConfigKeys (ConfUtils.java:logGet(43)) - raft.server.log.force.sync.num = 128 (default)
2019-10-13 20:35:03,259 [pool-27-thread-1] INFO  server.RaftServerConfigKeys (ConfUtils.java:logGet(43)) - raft.server.log.force.sync.num = 128 (default)
2019-10-13 20:35:03,259 [pool-37-thread-1] INFO  server.RaftServerConfigKeys (ConfUtils.java:logGet(43)) - raft.server.log.statemachine.data.sync = true (default)
2019-10-13 20:35:03,259 [pool-27-thread-1] INFO  server.RaftServerConfigKeys (ConfUtils.java:logGet(43)) - raft.server.log.statemachine.data.sync = true (default)
2019-10-13 20:35:03,259 [pool-37-thread-1] INFO  server.RaftServerConfigKeys (ConfUtils.java:logGet(43)) - raft.server.log.statemachine.data.sync.timeout = 10s (default)
2019-10-13 20:35:03,259 [pool-27-thread-1] INFO  server.RaftServerConfigKeys (ConfUtils.java:logGet(43)) - raft.server.log.statemachine.data.sync.timeout = 10s (default)
2019-10-13 20:35:03,259 [pool-37-thread-1] INFO  server.RaftServerConfigKeys (ConfUtils.java:logGet(43)) - raft.server.log.statemachine.data.sync.timeout.retry = -1 (default)
2019-10-13 20:35:03,260 [pool-27-thread-1] INFO  server.RaftServerConfigKeys (ConfUtils.java:logGet(43)) - raft.server.log.statemachine.data.sync.timeout.retry = -1 (default)
2019-10-13 20:35:03,260 [pool-37-thread-1] INFO  server.RaftServerConfigKeys (ConfUtils.java:logGet(43)) - raft.server.log.statemachine.data.caching.enabled = true (custom)
2019-10-13 20:35:03,260 [pool-77-thread-1] INFO  impl.RaftServerImpl (RaftServerImpl.java:start(181)) - c6676a3b-9238-484a-870a-e78b36fd6b90@group-AAA54604AAD4: start as a follower, conf=-1: [cab3cae7-f0a1-4851-a661-63d582d319d1:192.168.157.224:38398, 787c3207-a753-429a-a612-e3ac99d17bc9:192.168.157.224:45659, c6676a3b-9238-484a-870a-e78b36fd6b90:192.168.157.224:37064], old=null
2019-10-13 20:35:03,260 [pool-27-thread-1] INFO  server.RaftServerConfigKeys (ConfUtils.java:logGet(43)) - raft.server.log.statemachine.data.caching.enabled = true (custom)
2019-10-13 20:35:03,260 [pool-77-thread-1] INFO  impl.RaftServerImpl (RaftServerImpl.java:setRole(170)) - c6676a3b-9238-484a-870a-e78b36fd6b90@group-AAA54604AAD4: changes role from      null to FOLLOWER at term 0 for startAsFollower
2019-10-13 20:35:03,260 [pool-37-thread-1] INFO  segmented.SegmentedRaftLogWorker (SegmentedRaftLogWorker.java:lambda$new$0(128)) - 787c3207-a753-429a-a612-e3ac99d17bc9@group-AAA54604AAD4-SegmentedRaftLogWorker: flushIndex: setUnconditionally 0 -> -1
2019-10-13 20:35:03,260 [pool-77-thread-1] INFO  impl.RoleInfo (RoleInfo.java:updateAndGet(143)) - c6676a3b-9238-484a-870a-e78b36fd6b90: start FollowerState
2019-10-13 20:35:03,260 [pool-27-thread-1] INFO  segmented.SegmentedRaftLogWorker (SegmentedRaftLogWorker.java:lambda$new$0(128)) - cab3cae7-f0a1-4851-a661-63d582d319d1@group-AAA54604AAD4-SegmentedRaftLogWorker: flushIndex: setUnconditionally 0 -> -1
2019-10-13 20:35:03,261 [pool-37-thread-1] INFO  server.RaftServerConfigKeys (ConfUtils.java:logGet(43)) - raft.server.snapshot.auto.trigger.enabled = true (custom)
2019-10-13 20:35:03,261 [pool-37-thread-1] INFO  server.RaftServerConfigKeys (ConfUtils.java:logGet(43)) - raft.server.snapshot.auto.trigger.threshold = 10000 (custom)
2019-10-13 20:35:03,285 [pool-77-thread-1] INFO  util.JmxRegister (JmxRegister.java:tryRegister(44)) - Successfully registered JMX Bean with object name Ratis:service=RaftServer,group=group-AAA54604AAD4,id=c6676a3b-9238-484a-870a-e78b36fd6b90
2019-10-13 20:35:03,286 [pool-27-thread-1] INFO  server.RaftServerConfigKeys (ConfUtils.java:logGet(43)) - raft.server.snapshot.auto.trigger.enabled = true (custom)
2019-10-13 20:35:03,286 [pool-37-thread-1] INFO  server.RaftServerConfigKeys (ConfUtils.java:logGet(43)) - raft.server.snapshot.retention.file.num = 5 (custom)
2019-10-13 20:35:03,286 [pool-27-thread-1] INFO  server.RaftServerConfigKeys (ConfUtils.java:logGet(43)) - raft.server.snapshot.auto.trigger.threshold = 10000 (custom)
2019-10-13 20:35:03,286 [pool-37-thread-1] INFO  server.RaftServerConfigKeys (ConfUtils.java:logGet(43)) - raft.server.retrycache.expirytime = 600000ms (custom)
2019-10-13 20:35:03,287 [pool-27-thread-1] INFO  server.RaftServerConfigKeys (ConfUtils.java:logGet(43)) - raft.server.snapshot.retention.file.num = 5 (custom)
2019-10-13 20:35:03,287 [pool-27-thread-1] INFO  server.RaftServerConfigKeys (ConfUtils.java:logGet(43)) - raft.server.retrycache.expirytime = 600000ms (custom)
2019-10-13 20:35:03,301 [pool-37-thread-1] INFO  impl.RaftServerImpl (RaftServerImpl.java:start(181)) - 787c3207-a753-429a-a612-e3ac99d17bc9@group-AAA54604AAD4: start as a follower, conf=-1: [cab3cae7-f0a1-4851-a661-63d582d319d1:192.168.157.224:38398, 787c3207-a753-429a-a612-e3ac99d17bc9:192.168.157.224:45659, c6676a3b-9238-484a-870a-e78b36fd6b90:192.168.157.224:37064], old=null
2019-10-13 20:35:03,301 [pool-27-thread-1] INFO  impl.RaftServerImpl (RaftServerImpl.java:start(181)) - cab3cae7-f0a1-4851-a661-63d582d319d1@group-AAA54604AAD4: start as a follower, conf=-1: [cab3cae7-f0a1-4851-a661-63d582d319d1:192.168.157.224:38398, 787c3207-a753-429a-a612-e3ac99d17bc9:192.168.157.224:45659, c6676a3b-9238-484a-870a-e78b36fd6b90:192.168.157.224:37064], old=null
2019-10-13 20:35:03,301 [pool-37-thread-1] INFO  impl.RaftServerImpl (RaftServerImpl.java:setRole(170)) - 787c3207-a753-429a-a612-e3ac99d17bc9@group-AAA54604AAD4: changes role from      null to FOLLOWER at term 0 for startAsFollower
2019-10-13 20:35:03,302 [pool-27-thread-1] INFO  impl.RaftServerImpl (RaftServerImpl.java:setRole(170)) - cab3cae7-f0a1-4851-a661-63d582d319d1@group-AAA54604AAD4: changes role from      null to FOLLOWER at term 0 for startAsFollower
2019-10-13 20:35:03,302 [pool-37-thread-1] INFO  impl.RoleInfo (RoleInfo.java:updateAndGet(143)) - 787c3207-a753-429a-a612-e3ac99d17bc9: start FollowerState
2019-10-13 20:35:03,302 [pool-27-thread-1] INFO  impl.RoleInfo (RoleInfo.java:updateAndGet(143)) - cab3cae7-f0a1-4851-a661-63d582d319d1: start FollowerState
2019-10-13 20:35:03,302 [pool-37-thread-1] INFO  util.JmxRegister (JmxRegister.java:tryRegister(44)) - Successfully registered JMX Bean with object name Ratis:service=RaftServer,group=group-AAA54604AAD4,id=787c3207-a753-429a-a612-e3ac99d17bc9
2019-10-13 20:35:03,302 [pool-27-thread-1] INFO  util.JmxRegister (JmxRegister.java:tryRegister(44)) - Successfully registered JMX Bean with object name Ratis:service=RaftServer,group=group-AAA54604AAD4,id=cab3cae7-f0a1-4851-a661-63d582d319d1
2019-10-13 20:35:03,308 [RatisPipelineUtilsThread] INFO  pipeline.PipelineStateManager (PipelineStateManager.java:addPipeline(56)) - Created pipeline Pipeline[ Id: 6f281208-ccce-47bb-bec1-aaa54604aad4, Nodes: cab3cae7-f0a1-4851-a661-63d582d319d1{ip: 192.168.157.224, host: pr-hdds-2290-dcfw8-3342134496, networkLocation: /default-rack, certSerialId: null}c6676a3b-9238-484a-870a-e78b36fd6b90{ip: 192.168.157.224, host: pr-hdds-2290-dcfw8-3342134496, networkLocation: /default-rack, certSerialId: null}787c3207-a753-429a-a612-e3ac99d17bc9{ip: 192.168.157.224, host: pr-hdds-2290-dcfw8-3342134496, networkLocation: /default-rack, certSerialId: null}, Type:RATIS, Factor:THREE, State:OPEN]
2019-10-13 20:35:03,321 [grpc-default-executor-2] INFO  impl.RaftServerProxy (RaftServerProxy.java:addNew(89)) - 87dd40fe-78d1-4490-b86b-73cf04ab2e1b: addNew group-C81D79C36E85:[77fcd7a7-6bb2-492f-960d-fa5100459bab:192.168.157.224:37718, 87dd40fe-78d1-4490-b86b-73cf04ab2e1b:192.168.157.224:36895, a62c5862-2413-45e1-a25a-271607b15565:192.168.157.224:42190] returns group-C81D79C36E85:java.util.concurrent.CompletableFuture@36bce9a2[Not completed]
2019-10-13 20:35:03,321 [grpc-default-executor-1] INFO  impl.RaftServerProxy (RaftServerProxy.java:addNew(89)) - 77fcd7a7-6bb2-492f-960d-fa5100459bab: addNew group-C81D79C36E85:[77fcd7a7-6bb2-492f-960d-fa5100459bab:192.168.157.224:37718, 87dd40fe-78d1-4490-b86b-73cf04ab2e1b:192.168.157.224:36895, a62c5862-2413-45e1-a25a-271607b15565:192.168.157.224:42190] returns group-C81D79C36E85:java.util.concurrent.CompletableFuture@2531d1f8[Not completed]
2019-10-13 20:35:03,325 [grpc-default-executor-1] INFO  impl.RaftServerProxy (RaftServerProxy.java:addNew(89)) - a62c5862-2413-45e1-a25a-271607b15565: addNew group-C81D79C36E85:[77fcd7a7-6bb2-492f-960d-fa5100459bab:192.168.157.224:37718, 87dd40fe-78d1-4490-b86b-73cf04ab2e1b:192.168.157.224:36895, a62c5862-2413-45e1-a25a-271607b15565:192.168.157.224:42190] returns group-C81D79C36E85:java.util.concurrent.CompletableFuture@323ed0cc[Not completed]
2019-10-13 20:35:03,326 [pool-47-thread-1] INFO  impl.RaftServerImpl (RaftServerImpl.java:<init>(95)) - 87dd40fe-78d1-4490-b86b-73cf04ab2e1b: new RaftServerImpl for group-C81D79C36E85:[77fcd7a7-6bb2-492f-960d-fa5100459bab:192.168.157.224:37718, 87dd40fe-78d1-4490-b86b-73cf04ab2e1b:192.168.157.224:36895, a62c5862-2413-45e1-a25a-271607b15565:192.168.157.224:42190] with ContainerStateMachine:uninitialized
2019-10-13 20:35:03,326 [pool-47-thread-1] INFO  server.RaftServerConfigKeys (ConfUtils.java:logGet(43)) - raft.server.rpc.timeout.min = 1s (custom)
2019-10-13 20:35:03,326 [pool-47-thread-1] INFO  server.RaftServerConfigKeys (ConfUtils.java:logGet(43)) - raft.server.rpc.timeout.max = 1200ms (custom)
2019-10-13 20:35:03,326 [pool-47-thread-1] INFO  server.RaftServerConfigKeys (ConfUtils.java:logGet(43)) - raft.server.rpcslowness.timeout = 120s (custom)
2019-10-13 20:35:03,326 [pool-47-thread-1] INFO  server.RaftServerConfigKeys (ConfUtils.java:logGet(43)) - raft.server.sleep.deviation.threshold = 300 (default)
2019-10-13 20:35:03,326 [pool-57-thread-1] INFO  impl.RaftServerImpl (RaftServerImpl.java:<init>(95)) - a62c5862-2413-45e1-a25a-271607b15565: new RaftServerImpl for group-C81D79C36E85:[77fcd7a7-6bb2-492f-960d-fa5100459bab:192.168.157.224:37718, 87dd40fe-78d1-4490-b86b-73cf04ab2e1b:192.168.157.224:36895, a62c5862-2413-45e1-a25a-271607b15565:192.168.157.224:42190] with ContainerStateMachine:uninitialized
2019-10-13 20:35:03,326 [pool-47-thread-1] INFO  server.RaftServerConfigKeys (ConfUtils.java:logGet(43)) - raft.server.log.appender.install.snapshot.enabled = false (custom)
2019-10-13 20:35:03,327 [pool-57-thread-1] INFO  server.RaftServerConfigKeys (ConfUtils.java:logGet(43)) - raft.server.rpc.timeout.min = 1s (custom)
2019-10-13 20:35:03,327 [pool-47-thread-1] INFO  impl.RaftServerImpl (ServerState.java:<init>(103)) - 87dd40fe-78d1-4490-b86b-73cf04ab2e1b@group-C81D79C36E85: ConfigurationManager, init=-1: [77fcd7a7-6bb2-492f-960d-fa5100459bab:192.168.157.224:37718, 87dd40fe-78d1-4490-b86b-73cf04ab2e1b:192.168.157.224:36895, a62c5862-2413-45e1-a25a-271607b15565:192.168.157.224:42190], old=null, confs=<EMPTY_MAP>
2019-10-13 20:35:03,327 [pool-87-thread-1] INFO  impl.RaftServerImpl (RaftServerImpl.java:<init>(95)) - 77fcd7a7-6bb2-492f-960d-fa5100459bab: new RaftServerImpl for group-C81D79C36E85:[77fcd7a7-6bb2-492f-960d-fa5100459bab:192.168.157.224:37718, 87dd40fe-78d1-4490-b86b-73cf04ab2e1b:192.168.157.224:36895, a62c5862-2413-45e1-a25a-271607b15565:192.168.157.224:42190] with ContainerStateMachine:uninitialized
2019-10-13 20:35:03,327 [pool-57-thread-1] INFO  server.RaftServerConfigKeys (ConfUtils.java:logGet(43)) - raft.server.rpc.timeout.max = 1200ms (custom)
2019-10-13 20:35:03,327 [pool-87-thread-1] INFO  server.RaftServerConfigKeys (ConfUtils.java:logGet(43)) - raft.server.rpc.timeout.min = 1s (custom)
2019-10-13 20:35:03,327 [pool-47-thread-1] INFO  server.RaftServerConfigKeys (ConfUtils.java:logGet(43)) - raft.server.storage.dir = [/workdir/hadoop-ozone/integration-test/target/test-dir/MiniOzoneClusterImpl-647792b2-b7b4-4623-b37b-ed99d4356a77/datanode-2/data/ratis] (custom)
2019-10-13 20:35:03,327 [pool-87-thread-1] INFO  server.RaftServerConfigKeys (ConfUtils.java:logGet(43)) - raft.server.rpc.timeout.max = 1200ms (custom)
2019-10-13 20:35:03,327 [pool-57-thread-1] INFO  server.RaftServerConfigKeys (ConfUtils.java:logGet(43)) - raft.server.rpcslowness.timeout = 120s (custom)
2019-10-13 20:35:03,328 [pool-47-thread-1] INFO  server.RaftServerConfigKeys (ConfUtils.java:logGet(43)) - raft.server.log.corruption.policy = EXCEPTION (default)
2019-10-13 20:35:03,328 [pool-87-thread-1] INFO  server.RaftServerConfigKeys (ConfUtils.java:logGet(43)) - raft.server.rpcslowness.timeout = 120s (custom)
2019-10-13 20:35:03,328 [pool-47-thread-1] INFO  storage.RaftStorageDirectory (RaftStorageDirectory.java:analyzeStorage(246)) - The storage directory /workdir/hadoop-ozone/integration-test/target/test-dir/MiniOzoneClusterImpl-647792b2-b7b4-4623-b37b-ed99d4356a77/datanode-2/data/ratis/6f43616b-abc9-4377-9507-c81d79c36e85 does not exist. Creating ...
2019-10-13 20:35:03,328 [pool-57-thread-1] INFO  server.RaftServerConfigKeys (ConfUtils.java:logGet(43)) - raft.server.sleep.deviation.threshold = 300 (default)
2019-10-13 20:35:03,328 [pool-57-thread-1] INFO  server.RaftServerConfigKeys (ConfUtils.java:logGet(43)) - raft.server.log.appender.install.snapshot.enabled = false (custom)
2019-10-13 20:35:03,328 [pool-87-thread-1] INFO  server.RaftServerConfigKeys (ConfUtils.java:logGet(43)) - raft.server.sleep.deviation.threshold = 300 (default)
2019-10-13 20:35:03,329 [pool-57-thread-1] INFO  impl.RaftServerImpl (ServerState.java:<init>(103)) - a62c5862-2413-45e1-a25a-271607b15565@group-C81D79C36E85: ConfigurationManager, init=-1: [77fcd7a7-6bb2-492f-960d-fa5100459bab:192.168.157.224:37718, 87dd40fe-78d1-4490-b86b-73cf04ab2e1b:192.168.157.224:36895, a62c5862-2413-45e1-a25a-271607b15565:192.168.157.224:42190], old=null, confs=<EMPTY_MAP>
2019-10-13 20:35:03,329 [pool-87-thread-1] INFO  server.RaftServerConfigKeys (ConfUtils.java:logGet(43)) - raft.server.log.appender.install.snapshot.enabled = false (custom)
2019-10-13 20:35:03,329 [pool-57-thread-1] INFO  server.RaftServerConfigKeys (ConfUtils.java:logGet(43)) - raft.server.storage.dir = [/workdir/hadoop-ozone/integration-test/target/test-dir/MiniOzoneClusterImpl-647792b2-b7b4-4623-b37b-ed99d4356a77/datanode-3/data/ratis] (custom)
2019-10-13 20:35:03,329 [pool-87-thread-1] INFO  impl.RaftServerImpl (ServerState.java:<init>(103)) - 77fcd7a7-6bb2-492f-960d-fa5100459bab@group-C81D79C36E85: ConfigurationManager, init=-1: [77fcd7a7-6bb2-492f-960d-fa5100459bab:192.168.157.224:37718, 87dd40fe-78d1-4490-b86b-73cf04ab2e1b:192.168.157.224:36895, a62c5862-2413-45e1-a25a-271607b15565:192.168.157.224:42190], old=null, confs=<EMPTY_MAP>
2019-10-13 20:35:03,329 [pool-87-thread-1] INFO  server.RaftServerConfigKeys (ConfUtils.java:logGet(43)) - raft.server.storage.dir = [/workdir/hadoop-ozone/integration-test/target/test-dir/MiniOzoneClusterImpl-647792b2-b7b4-4623-b37b-ed99d4356a77/datanode-6/data/ratis] (custom)
2019-10-13 20:35:03,329 [pool-57-thread-1] INFO  server.RaftServerConfigKeys (ConfUtils.java:logGet(43)) - raft.server.log.corruption.policy = EXCEPTION (default)
2019-10-13 20:35:03,329 [pool-87-thread-1] INFO  server.RaftServerConfigKeys (ConfUtils.java:logGet(43)) - raft.server.log.corruption.policy = EXCEPTION (default)
2019-10-13 20:35:03,330 [pool-57-thread-1] INFO  storage.RaftStorageDirectory (RaftStorageDirectory.java:analyzeStorage(246)) - The storage directory /workdir/hadoop-ozone/integration-test/target/test-dir/MiniOzoneClusterImpl-647792b2-b7b4-4623-b37b-ed99d4356a77/datanode-3/data/ratis/6f43616b-abc9-4377-9507-c81d79c36e85 does not exist. Creating ...
2019-10-13 20:35:03,330 [pool-87-thread-1] INFO  storage.RaftStorageDirectory (RaftStorageDirectory.java:analyzeStorage(246)) - The storage directory /workdir/hadoop-ozone/integration-test/target/test-dir/MiniOzoneClusterImpl-647792b2-b7b4-4623-b37b-ed99d4356a77/datanode-6/data/ratis/6f43616b-abc9-4377-9507-c81d79c36e85 does not exist. Creating ...
2019-10-13 20:35:03,354 [pool-47-thread-1] INFO  storage.RaftStorageDirectory (RaftStorageDirectory.java:tryLock(328)) - Lock on /workdir/hadoop-ozone/integration-test/target/test-dir/MiniOzoneClusterImpl-647792b2-b7b4-4623-b37b-ed99d4356a77/datanode-2/data/ratis/6f43616b-abc9-4377-9507-c81d79c36e85/in_use.lock acquired by nodename 2755@pr-hdds-2290-dcfw8-3342134496
2019-10-13 20:35:03,354 [pool-87-thread-1] INFO  storage.RaftStorageDirectory (RaftStorageDirectory.java:tryLock(328)) - Lock on /workdir/hadoop-ozone/integration-test/target/test-dir/MiniOzoneClusterImpl-647792b2-b7b4-4623-b37b-ed99d4356a77/datanode-6/data/ratis/6f43616b-abc9-4377-9507-c81d79c36e85/in_use.lock acquired by nodename 2755@pr-hdds-2290-dcfw8-3342134496
2019-10-13 20:35:03,354 [pool-57-thread-1] INFO  storage.RaftStorageDirectory (RaftStorageDirectory.java:tryLock(328)) - Lock on /workdir/hadoop-ozone/integration-test/target/test-dir/MiniOzoneClusterImpl-647792b2-b7b4-4623-b37b-ed99d4356a77/datanode-3/data/ratis/6f43616b-abc9-4377-9507-c81d79c36e85/in_use.lock acquired by nodename 2755@pr-hdds-2290-dcfw8-3342134496
2019-10-13 20:35:03,368 [pool-87-thread-1] INFO  storage.RaftStorage (RaftStorage.java:format(84)) - Storage directory /workdir/hadoop-ozone/integration-test/target/test-dir/MiniOzoneClusterImpl-647792b2-b7b4-4623-b37b-ed99d4356a77/datanode-6/data/ratis/6f43616b-abc9-4377-9507-c81d79c36e85 has been successfully formatted.
2019-10-13 20:35:03,368 [pool-47-thread-1] INFO  storage.RaftStorage (RaftStorage.java:format(84)) - Storage directory /workdir/hadoop-ozone/integration-test/target/test-dir/MiniOzoneClusterImpl-647792b2-b7b4-4623-b37b-ed99d4356a77/datanode-2/data/ratis/6f43616b-abc9-4377-9507-c81d79c36e85 has been successfully formatted.
2019-10-13 20:35:03,368 [pool-87-thread-1] INFO  ratis.ContainerStateMachine (ContainerStateMachine.java:loadSnapshot(231)) - group-C81D79C36E85: The snapshot info is null. Setting the last applied indexto:(t:0, i:~)
2019-10-13 20:35:03,368 [pool-57-thread-1] INFO  storage.RaftStorage (RaftStorage.java:format(84)) - Storage directory /workdir/hadoop-ozone/integration-test/target/test-dir/MiniOzoneClusterImpl-647792b2-b7b4-4623-b37b-ed99d4356a77/datanode-3/data/ratis/6f43616b-abc9-4377-9507-c81d79c36e85 has been successfully formatted.
2019-10-13 20:35:03,368 [pool-87-thread-1] INFO  server.RaftServerConfigKeys (ConfUtils.java:logGet(43)) - raft.server.notification.no-leader.timeout = 120s (custom)
2019-10-13 20:35:03,368 [pool-47-thread-1] INFO  ratis.ContainerStateMachine (ContainerStateMachine.java:loadSnapshot(231)) - group-C81D79C36E85: The snapshot info is null. Setting the last applied indexto:(t:0, i:~)
2019-10-13 20:35:03,368 [pool-57-thread-1] INFO  ratis.ContainerStateMachine (ContainerStateMachine.java:loadSnapshot(231)) - group-C81D79C36E85: The snapshot info is null. Setting the last applied indexto:(t:0, i:~)
2019-10-13 20:35:03,368 [pool-87-thread-1] INFO  server.RaftServerConfigKeys (ConfUtils.java:logGet(43)) - raft.server.log.use.memory = false (default)
2019-10-13 20:35:03,369 [pool-57-thread-1] INFO  server.RaftServerConfigKeys (ConfUtils.java:logGet(43)) - raft.server.notification.no-leader.timeout = 120s (custom)
2019-10-13 20:35:03,368 [pool-47-thread-1] INFO  server.RaftServerConfigKeys (ConfUtils.java:logGet(43)) - raft.server.notification.no-leader.timeout = 120s (custom)
2019-10-13 20:35:03,369 [pool-57-thread-1] INFO  server.RaftServerConfigKeys (ConfUtils.java:logGet(43)) - raft.server.log.use.memory = false (default)
2019-10-13 20:35:03,369 [pool-87-thread-1] INFO  server.RaftServerConfigKeys (ConfUtils.java:logGet(43)) - raft.server.log.purge.gap = 1000000 (custom)
2019-10-13 20:35:03,369 [pool-57-thread-1] INFO  server.RaftServerConfigKeys (ConfUtils.java:logGet(43)) - raft.server.log.purge.gap = 1000000 (custom)
2019-10-13 20:35:03,369 [pool-47-thread-1] INFO  server.RaftServerConfigKeys (ConfUtils.java:logGet(43)) - raft.server.log.use.memory = false (default)
2019-10-13 20:35:03,370 [pool-57-thread-1] INFO  server.RaftServerConfigKeys (ConfUtils.java:logGet(43)) - raft.server.log.appender.buffer.byte-limit = 33554432 (custom)
2019-10-13 20:35:03,369 [pool-87-thread-1] INFO  server.RaftServerConfigKeys (ConfUtils.java:logGet(43)) - raft.server.log.appender.buffer.byte-limit = 33554432 (custom)
2019-10-13 20:35:03,370 [pool-57-thread-1] INFO  server.RaftServerConfigKeys (ConfUtils.java:logGet(43)) - raft.server.log.segment.size.max = 1048576 (custom)
2019-10-13 20:35:03,370 [pool-47-thread-1] INFO  server.RaftServerConfigKeys (ConfUtils.java:logGet(43)) - raft.server.log.purge.gap = 1000000 (custom)
2019-10-13 20:35:03,370 [pool-57-thread-1] INFO  server.RaftServerConfigKeys (ConfUtils.java:logGet(43)) - raft.server.log.segment.cache.num.max = 2 (custom)
2019-10-13 20:35:03,370 [pool-87-thread-1] INFO  server.RaftServerConfigKeys (ConfUtils.java:logGet(43)) - raft.server.log.segment.size.max = 1048576 (custom)
2019-10-13 20:35:03,371 [pool-57-thread-1] INFO  segmented.SegmentedRaftLogWorker (SegmentedRaftLogWorker.java:<init>(173)) - new a62c5862-2413-45e1-a25a-271607b15565@group-C81D79C36E85-SegmentedRaftLogWorker for RaftStorage:Storage Directory /workdir/hadoop-ozone/integration-test/target/test-dir/MiniOzoneClusterImpl-647792b2-b7b4-4623-b37b-ed99d4356a77/datanode-3/data/ratis/6f43616b-abc9-4377-9507-c81d79c36e85
2019-10-13 20:35:03,370 [pool-47-thread-1] INFO  server.RaftServerConfigKeys (ConfUtils.java:logGet(43)) - raft.server.log.appender.buffer.byte-limit = 33554432 (custom)
2019-10-13 20:35:03,375 [pool-57-thread-1] INFO  server.RaftServerConfigKeys (ConfUtils.java:logGet(43)) - raft.server.log.queue.byte-limit = 2147483647 (custom)
2019-10-13 20:35:03,371 [pool-87-thread-1] INFO  server.RaftServerConfigKeys (ConfUtils.java:logGet(43)) - raft.server.log.segment.cache.num.max = 2 (custom)
2019-10-13 20:35:03,375 [pool-57-thread-1] INFO  server.RaftServerConfigKeys (ConfUtils.java:logGet(43)) - raft.server.log.queue.element-limit = 1024 (custom)
2019-10-13 20:35:03,375 [pool-47-thread-1] INFO  server.RaftServerConfigKeys (ConfUtils.java:logGet(43)) - raft.server.log.segment.size.max = 1048576 (custom)
2019-10-13 20:35:03,376 [pool-57-thread-1] INFO  server.RaftServerConfigKeys (ConfUtils.java:logGet(43)) - raft.server.log.segment.size.max = 1048576 (custom)
2019-10-13 20:35:03,376 [pool-57-thread-1] INFO  server.RaftServerConfigKeys (ConfUtils.java:logGet(43)) - raft.server.log.preallocated.size = 16384 (custom)
2019-10-13 20:35:03,375 [pool-87-thread-1] INFO  segmented.SegmentedRaftLogWorker (SegmentedRaftLogWorker.java:<init>(173)) - new 77fcd7a7-6bb2-492f-960d-fa5100459bab@group-C81D79C36E85-SegmentedRaftLogWorker for RaftStorage:Storage Directory /workdir/hadoop-ozone/integration-test/target/test-dir/MiniOzoneClusterImpl-647792b2-b7b4-4623-b37b-ed99d4356a77/datanode-6/data/ratis/6f43616b-abc9-4377-9507-c81d79c36e85
2019-10-13 20:35:03,376 [pool-57-thread-1] INFO  server.RaftServerConfigKeys (ConfUtils.java:logGet(43)) - raft.server.log.write.buffer.size = 33554432 (custom)
2019-10-13 20:35:03,376 [pool-47-thread-1] INFO  server.RaftServerConfigKeys (ConfUtils.java:logGet(43)) - raft.server.log.segment.cache.num.max = 2 (custom)
2019-10-13 20:35:03,376 [pool-57-thread-1] INFO  server.RaftServerConfigKeys (ConfUtils.java:logGet(43)) - raft.server.log.force.sync.num = 128 (default)
2019-10-13 20:35:03,377 [pool-57-thread-1] INFO  server.RaftServerConfigKeys (ConfUtils.java:logGet(43)) - raft.server.log.statemachine.data.sync = true (default)
2019-10-13 20:35:03,376 [pool-87-thread-1] INFO  server.RaftServerConfigKeys (ConfUtils.java:logGet(43)) - raft.server.log.queue.byte-limit = 2147483647 (custom)
2019-10-13 20:35:03,377 [pool-57-thread-1] INFO  server.RaftServerConfigKeys (ConfUtils.java:logGet(43)) - raft.server.log.statemachine.data.sync.timeout = 10s (default)
2019-10-13 20:35:03,377 [pool-47-thread-1] INFO  segmented.SegmentedRaftLogWorker (SegmentedRaftLogWorker.java:<init>(173)) - new 87dd40fe-78d1-4490-b86b-73cf04ab2e1b@group-C81D79C36E85-SegmentedRaftLogWorker for RaftStorage:Storage Directory /workdir/hadoop-ozone/integration-test/target/test-dir/MiniOzoneClusterImpl-647792b2-b7b4-4623-b37b-ed99d4356a77/datanode-2/data/ratis/6f43616b-abc9-4377-9507-c81d79c36e85
2019-10-13 20:35:03,377 [pool-57-thread-1] INFO  server.RaftServerConfigKeys (ConfUtils.java:logGet(43)) - raft.server.log.statemachine.data.sync.timeout.retry = -1 (default)
2019-10-13 20:35:03,377 [pool-87-thread-1] INFO  server.RaftServerConfigKeys (ConfUtils.java:logGet(43)) - raft.server.log.queue.element-limit = 1024 (custom)
2019-10-13 20:35:03,378 [pool-57-thread-1] INFO  server.RaftServerConfigKeys (ConfUtils.java:logGet(43)) - raft.server.log.statemachine.data.caching.enabled = true (custom)
2019-10-13 20:35:03,377 [pool-47-thread-1] INFO  server.RaftServerConfigKeys (ConfUtils.java:logGet(43)) - raft.server.log.queue.byte-limit = 2147483647 (custom)
2019-10-13 20:35:03,378 [pool-87-thread-1] INFO  server.RaftServerConfigKeys (ConfUtils.java:logGet(43)) - raft.server.log.segment.size.max = 1048576 (custom)
2019-10-13 20:35:03,378 [pool-57-thread-1] INFO  segmented.SegmentedRaftLogWorker (SegmentedRaftLogWorker.java:lambda$new$0(128)) - a62c5862-2413-45e1-a25a-271607b15565@group-C81D79C36E85-SegmentedRaftLogWorker: flushIndex: setUnconditionally 0 -> -1
2019-10-13 20:35:03,378 [pool-47-thread-1] INFO  server.RaftServerConfigKeys (ConfUtils.java:logGet(43)) - raft.server.log.queue.element-limit = 1024 (custom)
2019-10-13 20:35:03,378 [pool-87-thread-1] INFO  server.RaftServerConfigKeys (ConfUtils.java:logGet(43)) - raft.server.log.preallocated.size = 16384 (custom)
2019-10-13 20:35:03,379 [pool-57-thread-1] INFO  server.RaftServerConfigKeys (ConfUtils.java:logGet(43)) - raft.server.snapshot.auto.trigger.enabled = true (custom)
2019-10-13 20:35:03,378 [pool-47-thread-1] INFO  server.RaftServerConfigKeys (ConfUtils.java:logGet(43)) - raft.server.log.segment.size.max = 1048576 (custom)
2019-10-13 20:35:03,379 [pool-57-thread-1] INFO  server.RaftServerConfigKeys (ConfUtils.java:logGet(43)) - raft.server.snapshot.auto.trigger.threshold = 10000 (custom)
2019-10-13 20:35:03,379 [pool-87-thread-1] INFO  server.RaftServerConfigKeys (ConfUtils.java:logGet(43)) - raft.server.log.write.buffer.size = 33554432 (custom)
2019-10-13 20:35:03,379 [pool-57-thread-1] INFO  server.RaftServerConfigKeys (ConfUtils.java:logGet(43)) - raft.server.snapshot.retention.file.num = 5 (custom)
2019-10-13 20:35:03,379 [pool-47-thread-1] INFO  server.RaftServerConfigKeys (ConfUtils.java:logGet(43)) - raft.server.log.preallocated.size = 16384 (custom)
2019-10-13 20:35:03,379 [pool-57-thread-1] INFO  server.RaftServerConfigKeys (ConfUtils.java:logGet(43)) - raft.server.retrycache.expirytime = 600000ms (custom)
2019-10-13 20:35:03,379 [pool-87-thread-1] INFO  server.RaftServerConfigKeys (ConfUtils.java:logGet(43)) - raft.server.log.force.sync.num = 128 (default)
2019-10-13 20:35:03,380 [pool-47-thread-1] INFO  server.RaftServerConfigKeys (ConfUtils.java:logGet(43)) - raft.server.log.write.buffer.size = 33554432 (custom)
2019-10-13 20:35:03,380 [pool-87-thread-1] INFO  server.RaftServerConfigKeys (ConfUtils.java:logGet(43)) - raft.server.log.statemachine.data.sync = true (default)
2019-10-13 20:35:03,380 [pool-47-thread-1] INFO  server.RaftServerConfigKeys (ConfUtils.java:logGet(43)) - raft.server.log.force.sync.num = 128 (default)
2019-10-13 20:35:03,380 [pool-87-thread-1] INFO  server.RaftServerConfigKeys (ConfUtils.java:logGet(43)) - raft.server.log.statemachine.data.sync.timeout = 10s (default)
2019-10-13 20:35:03,380 [pool-47-thread-1] INFO  server.RaftServerConfigKeys (ConfUtils.java:logGet(43)) - raft.server.log.statemachine.data.sync = true (default)
2019-10-13 20:35:03,380 [pool-87-thread-1] INFO  server.RaftServerConfigKeys (ConfUtils.java:logGet(43)) - raft.server.log.statemachine.data.sync.timeout.retry = -1 (default)
2019-10-13 20:35:03,381 [pool-47-thread-1] INFO  server.RaftServerConfigKeys (ConfUtils.java:logGet(43)) - raft.server.log.statemachine.data.sync.timeout = 10s (default)
2019-10-13 20:35:03,381 [pool-87-thread-1] INFO  server.RaftServerConfigKeys (ConfUtils.java:logGet(43)) - raft.server.log.statemachine.data.caching.enabled = true (custom)
2019-10-13 20:35:03,381 [pool-47-thread-1] INFO  server.RaftServerConfigKeys (ConfUtils.java:logGet(43)) - raft.server.log.statemachine.data.sync.timeout.retry = -1 (default)
2019-10-13 20:35:03,381 [pool-87-thread-1] INFO  segmented.SegmentedRaftLogWorker (SegmentedRaftLogWorker.java:lambda$new$0(128)) - 77fcd7a7-6bb2-492f-960d-fa5100459bab@group-C81D79C36E85-SegmentedRaftLogWorker: flushIndex: setUnconditionally 0 -> -1
2019-10-13 20:35:03,381 [pool-47-thread-1] INFO  server.RaftServerConfigKeys (ConfUtils.java:logGet(43)) - raft.server.log.statemachine.data.caching.enabled = true (custom)
2019-10-13 20:35:03,382 [pool-87-thread-1] INFO  server.RaftServerConfigKeys (ConfUtils.java:logGet(43)) - raft.server.snapshot.auto.trigger.enabled = true (custom)
2019-10-13 20:35:03,382 [pool-47-thread-1] INFO  segmented.SegmentedRaftLogWorker (SegmentedRaftLogWorker.java:lambda$new$0(128)) - 87dd40fe-78d1-4490-b86b-73cf04ab2e1b@group-C81D79C36E85-SegmentedRaftLogWorker: flushIndex: setUnconditionally 0 -> -1
2019-10-13 20:35:03,382 [pool-87-thread-1] INFO  server.RaftServerConfigKeys (ConfUtils.java:logGet(43)) - raft.server.snapshot.auto.trigger.threshold = 10000 (custom)
2019-10-13 20:35:03,382 [pool-87-thread-1] INFO  server.RaftServerConfigKeys (ConfUtils.java:logGet(43)) - raft.server.snapshot.retention.file.num = 5 (custom)
2019-10-13 20:35:03,382 [pool-47-thread-1] INFO  server.RaftServerConfigKeys (ConfUtils.java:logGet(43)) - raft.server.snapshot.auto.trigger.enabled = true (custom)
2019-10-13 20:35:03,382 [pool-87-thread-1] INFO  server.RaftServerConfigKeys (ConfUtils.java:logGet(43)) - raft.server.retrycache.expirytime = 600000ms (custom)
2019-10-13 20:35:03,382 [pool-57-thread-1] INFO  impl.RaftServerImpl (RaftServerImpl.java:start(181)) - a62c5862-2413-45e1-a25a-271607b15565@group-C81D79C36E85: start as a follower, conf=-1: [77fcd7a7-6bb2-492f-960d-fa5100459bab:192.168.157.224:37718, 87dd40fe-78d1-4490-b86b-73cf04ab2e1b:192.168.157.224:36895, a62c5862-2413-45e1-a25a-271607b15565:192.168.157.224:42190], old=null
2019-10-13 20:35:03,382 [pool-47-thread-1] INFO  server.RaftServerConfigKeys (ConfUtils.java:logGet(43)) - raft.server.snapshot.auto.trigger.threshold = 10000 (custom)
2019-10-13 20:35:03,383 [pool-57-thread-1] INFO  impl.RaftServerImpl (RaftServerImpl.java:setRole(170)) - a62c5862-2413-45e1-a25a-271607b15565@group-C81D79C36E85: changes role from      null to FOLLOWER at term 0 for startAsFollower
2019-10-13 20:35:03,383 [pool-47-thread-1] INFO  server.RaftServerConfigKeys (ConfUtils.java:logGet(43)) - raft.server.snapshot.retention.file.num = 5 (custom)
2019-10-13 20:35:03,383 [pool-57-thread-1] INFO  impl.RoleInfo (RoleInfo.java:updateAndGet(143)) - a62c5862-2413-45e1-a25a-271607b15565: start FollowerState
2019-10-13 20:35:03,383 [pool-47-thread-1] INFO  server.RaftServerConfigKeys (ConfUtils.java:logGet(43)) - raft.server.retrycache.expirytime = 600000ms (custom)
2019-10-13 20:35:03,383 [pool-57-thread-1] INFO  util.JmxRegister (JmxRegister.java:tryRegister(44)) - Successfully registered JMX Bean with object name Ratis:service=RaftServer,group=group-C81D79C36E85,id=a62c5862-2413-45e1-a25a-271607b15565
2019-10-13 20:35:03,385 [pool-87-thread-1] INFO  impl.RaftServerImpl (RaftServerImpl.java:start(181)) - 77fcd7a7-6bb2-492f-960d-fa5100459bab@group-C81D79C36E85: start as a follower, conf=-1: [77fcd7a7-6bb2-492f-960d-fa5100459bab:192.168.157.224:37718, 87dd40fe-78d1-4490-b86b-73cf04ab2e1b:192.168.157.224:36895, a62c5862-2413-45e1-a25a-271607b15565:192.168.157.224:42190], old=null
2019-10-13 20:35:03,385 [pool-87-thread-1] INFO  impl.RaftServerImpl (RaftServerImpl.java:setRole(170)) - 77fcd7a7-6bb2-492f-960d-fa5100459bab@group-C81D79C36E85: changes role from      null to FOLLOWER at term 0 for startAsFollower
2019-10-13 20:35:03,385 [pool-87-thread-1] INFO  impl.RoleInfo (RoleInfo.java:updateAndGet(143)) - 77fcd7a7-6bb2-492f-960d-fa5100459bab: start FollowerState
2019-10-13 20:35:03,385 [pool-87-thread-1] INFO  util.JmxRegister (JmxRegister.java:tryRegister(44)) - Successfully registered JMX Bean with object name Ratis:service=RaftServer,group=group-C81D79C36E85,id=77fcd7a7-6bb2-492f-960d-fa5100459bab
2019-10-13 20:35:03,386 [pool-47-thread-1] INFO  impl.RaftServerImpl (RaftServerImpl.java:start(181)) - 87dd40fe-78d1-4490-b86b-73cf04ab2e1b@group-C81D79C36E85: start as a follower, conf=-1: [77fcd7a7-6bb2-492f-960d-fa5100459bab:192.168.157.224:37718, 87dd40fe-78d1-4490-b86b-73cf04ab2e1b:192.168.157.224:36895, a62c5862-2413-45e1-a25a-271607b15565:192.168.157.224:42190], old=null
2019-10-13 20:35:03,386 [pool-47-thread-1] INFO  impl.RaftServerImpl (RaftServerImpl.java:setRole(170)) - 87dd40fe-78d1-4490-b86b-73cf04ab2e1b@group-C81D79C36E85: changes role from      null to FOLLOWER at term 0 for startAsFollower
2019-10-13 20:35:03,386 [pool-47-thread-1] INFO  impl.RoleInfo (RoleInfo.java:updateAndGet(143)) - 87dd40fe-78d1-4490-b86b-73cf04ab2e1b: start FollowerState
2019-10-13 20:35:03,387 [pool-47-thread-1] INFO  util.JmxRegister (JmxRegister.java:tryRegister(44)) - Successfully registered JMX Bean with object name Ratis:service=RaftServer,group=group-C81D79C36E85,id=87dd40fe-78d1-4490-b86b-73cf04ab2e1b
2019-10-13 20:35:03,391 [RatisPipelineUtilsThread] INFO  pipeline.PipelineStateManager (PipelineStateManager.java:addPipeline(56)) - Created pipeline Pipeline[ Id: 6f43616b-abc9-4377-9507-c81d79c36e85, Nodes: a62c5862-2413-45e1-a25a-271607b15565{ip: 192.168.157.224, host: pr-hdds-2290-dcfw8-3342134496, networkLocation: /default-rack, certSerialId: null}77fcd7a7-6bb2-492f-960d-fa5100459bab{ip: 192.168.157.224, host: pr-hdds-2290-dcfw8-3342134496, networkLocation: /default-rack, certSerialId: null}87dd40fe-78d1-4490-b86b-73cf04ab2e1b{ip: 192.168.157.224, host: pr-hdds-2290-dcfw8-3342134496, networkLocation: /default-rack, certSerialId: null}, Type:RATIS, Factor:THREE, State:OPEN]
2019-10-13 20:35:03,496 [grpc-default-executor-0] WARN  server.GrpcLogAppender (LogUtils.java:warn(134)) - 3194ff55-4fd6-4b20-b65d-8d8726a38cdd@group-0BB7D473782A->25fb0338-209f-4f69-825b-6b7257c56b18-AppendLogResponseHandler: Failed appendEntries: org.apache.ratis.thirdparty.io.grpc.StatusRuntimeException: UNAVAILABLE: io exception
2019-10-13 20:35:03,496 [grpc-default-executor-4] WARN  server.GrpcLogAppender (LogUtils.java:warn(134)) - 3194ff55-4fd6-4b20-b65d-8d8726a38cdd@group-0BB7D473782A->aadf9f79-694c-46a6-b55c-827d59c43739-AppendLogResponseHandler: Failed appendEntries: org.apache.ratis.thirdparty.io.grpc.StatusRuntimeException: UNAVAILABLE: io exception
2019-10-13 20:35:03,501 [grpc-default-executor-0] INFO  impl.FollowerInfo (FollowerInfo.java:lambda$new$0(51)) - 3194ff55-4fd6-4b20-b65d-8d8726a38cdd@group-0BB7D473782A->25fb0338-209f-4f69-825b-6b7257c56b18: nextIndex: updateUnconditionally 0 -> 0
2019-10-13 20:35:03,501 [grpc-default-executor-4] INFO  impl.FollowerInfo (FollowerInfo.java:lambda$new$0(51)) - 3194ff55-4fd6-4b20-b65d-8d8726a38cdd@group-0BB7D473782A->aadf9f79-694c-46a6-b55c-827d59c43739: nextIndex: updateUnconditionally 0 -> 0
2019-10-13 20:35:03,924 [Thread-1748] INFO  impl.FollowerState (FollowerState.java:run(108)) - cab3cae7-f0a1-4851-a661-63d582d319d1@group-13F0A3804132-FollowerState: change to CANDIDATE, lastRpcTime:1022ms, electionTimeout:1022ms
2019-10-13 20:35:03,925 [Thread-1748] INFO  impl.RoleInfo (RoleInfo.java:shutdownFollowerState(121)) - cab3cae7-f0a1-4851-a661-63d582d319d1: shutdown FollowerState
2019-10-13 20:35:03,925 [Thread-1748] INFO  impl.RaftServerImpl (RaftServerImpl.java:setRole(170)) - cab3cae7-f0a1-4851-a661-63d582d319d1@group-13F0A3804132: changes role from  FOLLOWER to CANDIDATE at term 0 for changeToCandidate
2019-10-13 20:35:03,925 [Thread-1748] INFO  impl.RoleInfo (RoleInfo.java:updateAndGet(143)) - cab3cae7-f0a1-4851-a661-63d582d319d1: start LeaderElection
2019-10-13 20:35:03,951 [cab3cae7-f0a1-4851-a661-63d582d319d1@group-13F0A3804132-LeaderElection58] INFO  impl.LeaderElection (LeaderElection.java:askForVotes(178)) - cab3cae7-f0a1-4851-a661-63d582d319d1@group-13F0A3804132-LeaderElection58: begin an election at term 1 for -1: [cab3cae7-f0a1-4851-a661-63d582d319d1:192.168.157.224:38398], old=null
2019-10-13 20:35:03,951 [cab3cae7-f0a1-4851-a661-63d582d319d1@group-13F0A3804132-LeaderElection58] INFO  impl.RoleInfo (RoleInfo.java:shutdownLeaderElection(134)) - cab3cae7-f0a1-4851-a661-63d582d319d1: shutdown LeaderElection
2019-10-13 20:35:03,951 [cab3cae7-f0a1-4851-a661-63d582d319d1@group-13F0A3804132-LeaderElection58] INFO  impl.RaftServerImpl (RaftServerImpl.java:setRole(170)) - cab3cae7-f0a1-4851-a661-63d582d319d1@group-13F0A3804132: changes role from CANDIDATE to LEADER at term 1 for changeToLeader
2019-10-13 20:35:03,951 [cab3cae7-f0a1-4851-a661-63d582d319d1@group-13F0A3804132-LeaderElection58] INFO  impl.RaftServerImpl (ServerState.java:setLeader(255)) - cab3cae7-f0a1-4851-a661-63d582d319d1@group-13F0A3804132: change Leader from null to cab3cae7-f0a1-4851-a661-63d582d319d1 at term 1 for becomeLeader, leader elected after 1056ms
2019-10-13 20:35:03,951 [cab3cae7-f0a1-4851-a661-63d582d319d1@group-13F0A3804132-LeaderElection58] INFO  server.RaftServerConfigKeys (ConfUtils.java:logGet(43)) - raft.server.staging.catchup.gap = 1000 (default)
2019-10-13 20:35:03,952 [cab3cae7-f0a1-4851-a661-63d582d319d1@group-13F0A3804132-LeaderElection58] INFO  server.RaftServerConfigKeys (ConfUtils.java:logGet(43)) - raft.server.rpc.sleep.time = 25ms (default)
2019-10-13 20:35:03,952 [cab3cae7-f0a1-4851-a661-63d582d319d1@group-13F0A3804132-LeaderElection58] INFO  server.RaftServerConfigKeys (ConfUtils.java:logGet(43)) - raft.server.write.element-limit = 4096 (default)
2019-10-13 20:35:03,952 [cab3cae7-f0a1-4851-a661-63d582d319d1@group-13F0A3804132-LeaderElection58] INFO  server.RaftServerConfigKeys (ConfUtils.java:logGet(43)) - raft.server.watch.timeout = 10s (default)
2019-10-13 20:35:03,952 [cab3cae7-f0a1-4851-a661-63d582d319d1@group-13F0A3804132-LeaderElection58] INFO  server.RaftServerConfigKeys (ConfUtils.java:logGet(43)) - raft.server.watch.timeout.denomination = 1s (default)
2019-10-13 20:35:03,952 [cab3cae7-f0a1-4851-a661-63d582d319d1@group-13F0A3804132-LeaderElection58] INFO  server.RaftServerConfigKeys (ConfUtils.java:logGet(43)) - raft.server.watch.element-limit = 65536 (default)
2019-10-13 20:35:03,956 [cab3cae7-f0a1-4851-a661-63d582d319d1@group-13F0A3804132-LeaderElection58] INFO  impl.RoleInfo (RoleInfo.java:updateAndGet(143)) - cab3cae7-f0a1-4851-a661-63d582d319d1: start LeaderState
2019-10-13 20:35:03,956 [cab3cae7-f0a1-4851-a661-63d582d319d1@group-13F0A3804132-LeaderElection58] INFO  segmented.SegmentedRaftLogWorker (SegmentedRaftLogWorker.java:startLogSegment(385)) - cab3cae7-f0a1-4851-a661-63d582d319d1@group-13F0A3804132-SegmentedRaftLogWorker: Starting segment from index:0
2019-10-13 20:35:03,958 [cab3cae7-f0a1-4851-a661-63d582d319d1@group-13F0A3804132-LeaderElection58] INFO  impl.RaftServerImpl (ServerState.java:setRaftConf(356)) - cab3cae7-f0a1-4851-a661-63d582d319d1@group-13F0A3804132: set configuration 0: [cab3cae7-f0a1-4851-a661-63d582d319d1:192.168.157.224:38398], old=null at 0
2019-10-13 20:35:04,004 [cab3cae7-f0a1-4851-a661-63d582d319d1@group-13F0A3804132-SegmentedRaftLogWorker] INFO  segmented.SegmentedRaftLogWorker (SegmentedRaftLogWorker.java:execute(574)) - cab3cae7-f0a1-4851-a661-63d582d319d1@group-13F0A3804132-SegmentedRaftLogWorker: created new log segment /workdir/hadoop-ozone/integration-test/target/test-dir/MiniOzoneClusterImpl-647792b2-b7b4-4623-b37b-ed99d4356a77/datanode-0/data/ratis/bc808585-f947-446b-932e-13f0a3804132/current/log_inprogress_0
2019-10-13 20:35:04,087 [Thread-1754] INFO  impl.FollowerState (FollowerState.java:run(108)) - 787c3207-a753-429a-a612-e3ac99d17bc9@group-A82C1015706D-FollowerState: change to CANDIDATE, lastRpcTime:1089ms, electionTimeout:1089ms
2019-10-13 20:35:04,087 [Thread-1754] INFO  impl.RoleInfo (RoleInfo.java:shutdownFollowerState(121)) - 787c3207-a753-429a-a612-e3ac99d17bc9: shutdown FollowerState
2019-10-13 20:35:04,087 [Thread-1754] INFO  impl.RaftServerImpl (RaftServerImpl.java:setRole(170)) - 787c3207-a753-429a-a612-e3ac99d17bc9@group-A82C1015706D: changes role from  FOLLOWER to CANDIDATE at term 0 for changeToCandidate
2019-10-13 20:35:04,087 [Thread-1754] INFO  impl.RoleInfo (RoleInfo.java:updateAndGet(143)) - 787c3207-a753-429a-a612-e3ac99d17bc9: start LeaderElection
2019-10-13 20:35:04,098 [Thread-1760] INFO  impl.FollowerState (FollowerState.java:run(108)) - 77fcd7a7-6bb2-492f-960d-fa5100459bab@group-6A918F0A36EA-FollowerState: change to CANDIDATE, lastRpcTime:1001ms, electionTimeout:1001ms
2019-10-13 20:35:04,098 [Thread-1760] INFO  impl.RoleInfo (RoleInfo.java:shutdownFollowerState(121)) - 77fcd7a7-6bb2-492f-960d-fa5100459bab: shutdown FollowerState
2019-10-13 20:35:04,098 [Thread-1760] INFO  impl.RaftServerImpl (RaftServerImpl.java:setRole(170)) - 77fcd7a7-6bb2-492f-960d-fa5100459bab@group-6A918F0A36EA: changes role from  FOLLOWER to CANDIDATE at term 0 for changeToCandidate
2019-10-13 20:35:04,098 [Thread-1760] INFO  impl.RoleInfo (RoleInfo.java:updateAndGet(143)) - 77fcd7a7-6bb2-492f-960d-fa5100459bab: start LeaderElection
2019-10-13 20:35:04,106 [Thread-1751] INFO  impl.FollowerState (FollowerState.java:run(108)) - c6676a3b-9238-484a-870a-e78b36fd6b90@group-7E9D750B6DF3-FollowerState: change to CANDIDATE, lastRpcTime:1153ms, electionTimeout:1146ms
2019-10-13 20:35:04,106 [Thread-1751] INFO  impl.RoleInfo (RoleInfo.java:shutdownFollowerState(121)) - c6676a3b-9238-484a-870a-e78b36fd6b90: shutdown FollowerState
2019-10-13 20:35:04,106 [Thread-1751] INFO  impl.RaftServerImpl (RaftServerImpl.java:setRole(170)) - c6676a3b-9238-484a-870a-e78b36fd6b90@group-7E9D750B6DF3: changes role from  FOLLOWER to CANDIDATE at term 0 for changeToCandidate
2019-10-13 20:35:04,106 [Thread-1751] INFO  impl.RoleInfo (RoleInfo.java:updateAndGet(143)) - c6676a3b-9238-484a-870a-e78b36fd6b90: start LeaderElection
2019-10-13 20:35:04,113 [787c3207-a753-429a-a612-e3ac99d17bc9@group-A82C1015706D-LeaderElection59] INFO  impl.LeaderElection (LeaderElection.java:askForVotes(178)) - 787c3207-a753-429a-a612-e3ac99d17bc9@group-A82C1015706D-LeaderElection59: begin an election at term 1 for -1: [787c3207-a753-429a-a612-e3ac99d17bc9:192.168.157.224:45659], old=null
2019-10-13 20:35:04,114 [787c3207-a753-429a-a612-e3ac99d17bc9@group-A82C1015706D-LeaderElection59] INFO  impl.RoleInfo (RoleInfo.java:shutdownLeaderElection(134)) - 787c3207-a753-429a-a612-e3ac99d17bc9: shutdown LeaderElection
2019-10-13 20:35:04,114 [77fcd7a7-6bb2-492f-960d-fa5100459bab@group-6A918F0A36EA-LeaderElection60] INFO  impl.LeaderElection (LeaderElection.java:askForVotes(178)) - 77fcd7a7-6bb2-492f-960d-fa5100459bab@group-6A918F0A36EA-LeaderElection60: begin an election at term 1 for -1: [77fcd7a7-6bb2-492f-960d-fa5100459bab:192.168.157.224:37718], old=null
2019-10-13 20:35:04,114 [787c3207-a753-429a-a612-e3ac99d17bc9@group-A82C1015706D-LeaderElection59] INFO  impl.RaftServerImpl (RaftServerImpl.java:setRole(170)) - 787c3207-a753-429a-a612-e3ac99d17bc9@group-A82C1015706D: changes role from CANDIDATE to LEADER at term 1 for changeToLeader
2019-10-13 20:35:04,114 [77fcd7a7-6bb2-492f-960d-fa5100459bab@group-6A918F0A36EA-LeaderElection60] INFO  impl.RoleInfo (RoleInfo.java:shutdownLeaderElection(134)) - 77fcd7a7-6bb2-492f-960d-fa5100459bab: shutdown LeaderElection
2019-10-13 20:35:04,114 [787c3207-a753-429a-a612-e3ac99d17bc9@group-A82C1015706D-LeaderElection59] INFO  impl.RaftServerImpl (ServerState.java:setLeader(255)) - 787c3207-a753-429a-a612-e3ac99d17bc9@group-A82C1015706D: change Leader from null to 787c3207-a753-429a-a612-e3ac99d17bc9 at term 1 for becomeLeader, leader elected after 1123ms
2019-10-13 20:35:04,115 [77fcd7a7-6bb2-492f-960d-fa5100459bab@group-6A918F0A36EA-LeaderElection60] INFO  impl.RaftServerImpl (RaftServerImpl.java:setRole(170)) - 77fcd7a7-6bb2-492f-960d-fa5100459bab@group-6A918F0A36EA: changes role from CANDIDATE to LEADER at term 1 for changeToLeader
2019-10-13 20:35:04,115 [787c3207-a753-429a-a612-e3ac99d17bc9@group-A82C1015706D-LeaderElection59] INFO  server.RaftServerConfigKeys (ConfUtils.java:logGet(43)) - raft.server.staging.catchup.gap = 1000 (default)
2019-10-13 20:35:04,115 [77fcd7a7-6bb2-492f-960d-fa5100459bab@group-6A918F0A36EA-LeaderElection60] INFO  impl.RaftServerImpl (ServerState.java:setLeader(255)) - 77fcd7a7-6bb2-492f-960d-fa5100459bab@group-6A918F0A36EA: change Leader from null to 77fcd7a7-6bb2-492f-960d-fa5100459bab at term 1 for becomeLeader, leader elected after 1028ms
2019-10-13 20:35:04,115 [787c3207-a753-429a-a612-e3ac99d17bc9@group-A82C1015706D-LeaderElection59] INFO  server.RaftServerConfigKeys (ConfUtils.java:logGet(43)) - raft.server.rpc.sleep.time = 25ms (default)
2019-10-13 20:35:04,115 [77fcd7a7-6bb2-492f-960d-fa5100459bab@group-6A918F0A36EA-LeaderElection60] INFO  server.RaftServerConfigKeys (ConfUtils.java:logGet(43)) - raft.server.staging.catchup.gap = 1000 (default)
2019-10-13 20:35:04,116 [787c3207-a753-429a-a612-e3ac99d17bc9@group-A82C1015706D-LeaderElection59] INFO  server.RaftServerConfigKeys (ConfUtils.java:logGet(43)) - raft.server.write.element-limit = 4096 (default)
2019-10-13 20:35:04,116 [77fcd7a7-6bb2-492f-960d-fa5100459bab@group-6A918F0A36EA-LeaderElection60] INFO  server.RaftServerConfigKeys (ConfUtils.java:logGet(43)) - raft.server.rpc.sleep.time = 25ms (default)
2019-10-13 20:35:04,116 [787c3207-a753-429a-a612-e3ac99d17bc9@group-A82C1015706D-LeaderElection59] INFO  server.RaftServerConfigKeys (ConfUtils.java:logGet(43)) - raft.server.watch.timeout = 10s (default)
2019-10-13 20:35:04,116 [77fcd7a7-6bb2-492f-960d-fa5100459bab@group-6A918F0A36EA-LeaderElection60] INFO  server.RaftServerConfigKeys (ConfUtils.java:logGet(43)) - raft.server.write.element-limit = 4096 (default)
2019-10-13 20:35:04,116 [787c3207-a753-429a-a612-e3ac99d17bc9@group-A82C1015706D-LeaderElection59] INFO  server.RaftServerConfigKeys (ConfUtils.java:logGet(43)) - raft.server.watch.timeout.denomination = 1s (default)
2019-10-13 20:35:04,116 [77fcd7a7-6bb2-492f-960d-fa5100459bab@group-6A918F0A36EA-LeaderElection60] INFO  server.RaftServerConfigKeys (ConfUtils.java:logGet(43)) - raft.server.watch.timeout = 10s (default)
2019-10-13 20:35:04,117 [787c3207-a753-429a-a612-e3ac99d17bc9@group-A82C1015706D-LeaderElection59] INFO  server.RaftServerConfigKeys (ConfUtils.java:logGet(43)) - raft.server.watch.element-limit = 65536 (default)
2019-10-13 20:35:04,117 [77fcd7a7-6bb2-492f-960d-fa5100459bab@group-6A918F0A36EA-LeaderElection60] INFO  server.RaftServerConfigKeys (ConfUtils.java:logGet(43)) - raft.server.watch.timeout.denomination = 1s (default)
2019-10-13 20:35:04,117 [77fcd7a7-6bb2-492f-960d-fa5100459bab@group-6A918F0A36EA-LeaderElection60] INFO  server.RaftServerConfigKeys (ConfUtils.java:logGet(43)) - raft.server.watch.element-limit = 65536 (default)
2019-10-13 20:35:04,121 [787c3207-a753-429a-a612-e3ac99d17bc9@group-A82C1015706D-LeaderElection59] INFO  impl.RoleInfo (RoleInfo.java:updateAndGet(143)) - 787c3207-a753-429a-a612-e3ac99d17bc9: start LeaderState
2019-10-13 20:35:04,121 [77fcd7a7-6bb2-492f-960d-fa5100459bab@group-6A918F0A36EA-LeaderElection60] INFO  impl.RoleInfo (RoleInfo.java:updateAndGet(143)) - 77fcd7a7-6bb2-492f-960d-fa5100459bab: start LeaderState
2019-10-13 20:35:04,121 [787c3207-a753-429a-a612-e3ac99d17bc9@group-A82C1015706D-LeaderElection59] INFO  segmented.SegmentedRaftLogWorker (SegmentedRaftLogWorker.java:startLogSegment(385)) - 787c3207-a753-429a-a612-e3ac99d17bc9@group-A82C1015706D-SegmentedRaftLogWorker: Starting segment from index:0
2019-10-13 20:35:04,122 [77fcd7a7-6bb2-492f-960d-fa5100459bab@group-6A918F0A36EA-LeaderElection60] INFO  segmented.SegmentedRaftLogWorker (SegmentedRaftLogWorker.java:startLogSegment(385)) - 77fcd7a7-6bb2-492f-960d-fa5100459bab@group-6A918F0A36EA-SegmentedRaftLogWorker: Starting segment from index:0
2019-10-13 20:35:04,122 [787c3207-a753-429a-a612-e3ac99d17bc9@group-A82C1015706D-LeaderElection59] INFO  impl.RaftServerImpl (ServerState.java:setRaftConf(356)) - 787c3207-a753-429a-a612-e3ac99d17bc9@group-A82C1015706D: set configuration 0: [787c3207-a753-429a-a612-e3ac99d17bc9:192.168.157.224:45659], old=null at 0
2019-10-13 20:35:04,123 [77fcd7a7-6bb2-492f-960d-fa5100459bab@group-6A918F0A36EA-LeaderElection60] INFO  impl.RaftServerImpl (ServerState.java:setRaftConf(356)) - 77fcd7a7-6bb2-492f-960d-fa5100459bab@group-6A918F0A36EA: set configuration 0: [77fcd7a7-6bb2-492f-960d-fa5100459bab:192.168.157.224:37718], old=null at 0
2019-10-13 20:35:04,127 [c6676a3b-9238-484a-870a-e78b36fd6b90@group-7E9D750B6DF3-LeaderElection61] INFO  impl.LeaderElection (LeaderElection.java:askForVotes(178)) - c6676a3b-9238-484a-870a-e78b36fd6b90@group-7E9D750B6DF3-LeaderElection61: begin an election at term 1 for -1: [c6676a3b-9238-484a-870a-e78b36fd6b90:192.168.157.224:37064], old=null
2019-10-13 20:35:04,127 [c6676a3b-9238-484a-870a-e78b36fd6b90@group-7E9D750B6DF3-LeaderElection61] INFO  impl.RoleInfo (RoleInfo.java:shutdownLeaderElection(134)) - c6676a3b-9238-484a-870a-e78b36fd6b90: shutdown LeaderElection
2019-10-13 20:35:04,127 [c6676a3b-9238-484a-870a-e78b36fd6b90@group-7E9D750B6DF3-LeaderElection61] INFO  impl.RaftServerImpl (RaftServerImpl.java:setRole(170)) - c6676a3b-9238-484a-870a-e78b36fd6b90@group-7E9D750B6DF3: changes role from CANDIDATE to LEADER at term 1 for changeToLeader
2019-10-13 20:35:04,127 [c6676a3b-9238-484a-870a-e78b36fd6b90@group-7E9D750B6DF3-LeaderElection61] INFO  impl.RaftServerImpl (ServerState.java:setLeader(255)) - c6676a3b-9238-484a-870a-e78b36fd6b90@group-7E9D750B6DF3: change Leader from null to c6676a3b-9238-484a-870a-e78b36fd6b90 at term 1 for becomeLeader, leader elected after 1180ms
2019-10-13 20:35:04,127 [c6676a3b-9238-484a-870a-e78b36fd6b90@group-7E9D750B6DF3-LeaderElection61] INFO  server.RaftServerConfigKeys (ConfUtils.java:logGet(43)) - raft.server.staging.catchup.gap = 1000 (default)
2019-10-13 20:35:04,127 [c6676a3b-9238-484a-870a-e78b36fd6b90@group-7E9D750B6DF3-LeaderElection61] INFO  server.RaftServerConfigKeys (ConfUtils.java:logGet(43)) - raft.server.rpc.sleep.time = 25ms (default)
2019-10-13 20:35:04,128 [c6676a3b-9238-484a-870a-e78b36fd6b90@group-7E9D750B6DF3-LeaderElection61] INFO  server.RaftServerConfigKeys (ConfUtils.java:logGet(43)) - raft.server.write.element-limit = 4096 (default)
2019-10-13 20:35:04,128 [c6676a3b-9238-484a-870a-e78b36fd6b90@group-7E9D750B6DF3-LeaderElection61] INFO  server.RaftServerConfigKeys (ConfUtils.java:logGet(43)) - raft.server.watch.timeout = 10s (default)
2019-10-13 20:35:04,128 [c6676a3b-9238-484a-870a-e78b36fd6b90@group-7E9D750B6DF3-LeaderElection61] INFO  server.RaftServerConfigKeys (ConfUtils.java:logGet(43)) - raft.server.watch.timeout.denomination = 1s (default)
2019-10-13 20:35:04,128 [c6676a3b-9238-484a-870a-e78b36fd6b90@group-7E9D750B6DF3-LeaderElection61] INFO  server.RaftServerConfigKeys (ConfUtils.java:logGet(43)) - raft.server.watch.element-limit = 65536 (default)
2019-10-13 20:35:04,130 [c6676a3b-9238-484a-870a-e78b36fd6b90@group-7E9D750B6DF3-LeaderElection61] INFO  impl.RoleInfo (RoleInfo.java:updateAndGet(143)) - c6676a3b-9238-484a-870a-e78b36fd6b90: start LeaderState
2019-10-13 20:35:04,131 [c6676a3b-9238-484a-870a-e78b36fd6b90@group-7E9D750B6DF3-LeaderElection61] INFO  segmented.SegmentedRaftLogWorker (SegmentedRaftLogWorker.java:startLogSegment(385)) - c6676a3b-9238-484a-870a-e78b36fd6b90@group-7E9D750B6DF3-SegmentedRaftLogWorker: Starting segment from index:0
2019-10-13 20:35:04,131 [c6676a3b-9238-484a-870a-e78b36fd6b90@group-7E9D750B6DF3-LeaderElection61] INFO  impl.RaftServerImpl (ServerState.java:setRaftConf(356)) - c6676a3b-9238-484a-870a-e78b36fd6b90@group-7E9D750B6DF3: set configuration 0: [c6676a3b-9238-484a-870a-e78b36fd6b90:192.168.157.224:37064], old=null at 0
2019-10-13 20:35:04,171 [77fcd7a7-6bb2-492f-960d-fa5100459bab@group-6A918F0A36EA-SegmentedRaftLogWorker] INFO  segmented.SegmentedRaftLogWorker (SegmentedRaftLogWorker.java:execute(574)) - 77fcd7a7-6bb2-492f-960d-fa5100459bab@group-6A918F0A36EA-SegmentedRaftLogWorker: created new log segment /workdir/hadoop-ozone/integration-test/target/test-dir/MiniOzoneClusterImpl-647792b2-b7b4-4623-b37b-ed99d4356a77/datanode-6/data/ratis/1ca3757f-9b05-474c-b73d-6a918f0a36ea/current/log_inprogress_0
2019-10-13 20:35:04,171 [787c3207-a753-429a-a612-e3ac99d17bc9@group-A82C1015706D-SegmentedRaftLogWorker] INFO  segmented.SegmentedRaftLogWorker (SegmentedRaftLogWorker.java:execute(574)) - 787c3207-a753-429a-a612-e3ac99d17bc9@group-A82C1015706D-SegmentedRaftLogWorker: created new log segment /workdir/hadoop-ozone/integration-test/target/test-dir/MiniOzoneClusterImpl-647792b2-b7b4-4623-b37b-ed99d4356a77/datanode-1/data/ratis/21fe27de-db05-4481-85be-a82c1015706d/current/log_inprogress_0
2019-10-13 20:35:04,171 [c6676a3b-9238-484a-870a-e78b36fd6b90@group-7E9D750B6DF3-SegmentedRaftLogWorker] INFO  segmented.SegmentedRaftLogWorker (SegmentedRaftLogWorker.java:execute(574)) - c6676a3b-9238-484a-870a-e78b36fd6b90@group-7E9D750B6DF3-SegmentedRaftLogWorker: created new log segment /workdir/hadoop-ozone/integration-test/target/test-dir/MiniOzoneClusterImpl-647792b2-b7b4-4623-b37b-ed99d4356a77/datanode-5/data/ratis/7c52d56f-0107-4870-8a9a-7e9d750b6df3/current/log_inprogress_0
2019-10-13 20:35:04,225 [Thread-1763] INFO  impl.FollowerState (FollowerState.java:run(108)) - 87dd40fe-78d1-4490-b86b-73cf04ab2e1b@group-2CCDA439A910-FollowerState: change to CANDIDATE, lastRpcTime:1063ms, electionTimeout:1063ms
2019-10-13 20:35:04,225 [Thread-1763] INFO  impl.RoleInfo (RoleInfo.java:shutdownFollowerState(121)) - 87dd40fe-78d1-4490-b86b-73cf04ab2e1b: shutdown FollowerState
2019-10-13 20:35:04,225 [Thread-1763] INFO  impl.RaftServerImpl (RaftServerImpl.java:setRole(170)) - 87dd40fe-78d1-4490-b86b-73cf04ab2e1b@group-2CCDA439A910: changes role from  FOLLOWER to CANDIDATE at term 0 for changeToCandidate
2019-10-13 20:35:04,225 [Thread-1763] INFO  impl.RoleInfo (RoleInfo.java:updateAndGet(143)) - 87dd40fe-78d1-4490-b86b-73cf04ab2e1b: start LeaderElection
2019-10-13 20:35:04,238 [Thread-1757] INFO  impl.FollowerState (FollowerState.java:run(108)) - a62c5862-2413-45e1-a25a-271607b15565@group-5DFA263A4E8F-FollowerState: change to CANDIDATE, lastRpcTime:1192ms, electionTimeout:1192ms
2019-10-13 20:35:04,238 [Thread-1757] INFO  impl.RoleInfo (RoleInfo.java:shutdownFollowerState(121)) - a62c5862-2413-45e1-a25a-271607b15565: shutdown FollowerState
2019-10-13 20:35:04,239 [Thread-1757] INFO  impl.RaftServerImpl (RaftServerImpl.java:setRole(170)) - a62c5862-2413-45e1-a25a-271607b15565@group-5DFA263A4E8F: changes role from  FOLLOWER to CANDIDATE at term 0 for changeToCandidate
2019-10-13 20:35:04,239 [Thread-1757] INFO  impl.RoleInfo (RoleInfo.java:updateAndGet(143)) - a62c5862-2413-45e1-a25a-271607b15565: start LeaderElection
2019-10-13 20:35:04,253 [Thread-1766] INFO  impl.FollowerState (FollowerState.java:run(108)) - 312f777a-2225-4912-85d0-d4c591f83be0@group-0814DFE55114-FollowerState: change to CANDIDATE, lastRpcTime:1048ms, electionTimeout:1048ms
2019-10-13 20:35:04,253 [Thread-1766] INFO  impl.RoleInfo (RoleInfo.java:shutdownFollowerState(121)) - 312f777a-2225-4912-85d0-d4c591f83be0: shutdown FollowerState
2019-10-13 20:35:04,253 [Thread-1766] INFO  impl.RaftServerImpl (RaftServerImpl.java:setRole(170)) - 312f777a-2225-4912-85d0-d4c591f83be0@group-0814DFE55114: changes role from  FOLLOWER to CANDIDATE at term 0 for changeToCandidate
2019-10-13 20:35:04,253 [Thread-1766] INFO  impl.RoleInfo (RoleInfo.java:updateAndGet(143)) - 312f777a-2225-4912-85d0-d4c591f83be0: start LeaderElection
2019-10-13 20:35:04,261 [a62c5862-2413-45e1-a25a-271607b15565@group-5DFA263A4E8F-LeaderElection63] INFO  impl.LeaderElection (LeaderElection.java:askForVotes(178)) - a62c5862-2413-45e1-a25a-271607b15565@group-5DFA263A4E8F-LeaderElection63: begin an election at term 1 for -1: [a62c5862-2413-45e1-a25a-271607b15565:192.168.157.224:42190], old=null
2019-10-13 20:35:04,261 [87dd40fe-78d1-4490-b86b-73cf04ab2e1b@group-2CCDA439A910-LeaderElection62] INFO  impl.LeaderElection (LeaderElection.java:askForVotes(178)) - 87dd40fe-78d1-4490-b86b-73cf04ab2e1b@group-2CCDA439A910-LeaderElection62: begin an election at term 1 for -1: [87dd40fe-78d1-4490-b86b-73cf04ab2e1b:192.168.157.224:36895], old=null
2019-10-13 20:35:04,261 [a62c5862-2413-45e1-a25a-271607b15565@group-5DFA263A4E8F-LeaderElection63] INFO  impl.RoleInfo (RoleInfo.java:shutdownLeaderElection(134)) - a62c5862-2413-45e1-a25a-271607b15565: shutdown LeaderElection
2019-10-13 20:35:04,261 [87dd40fe-78d1-4490-b86b-73cf04ab2e1b@group-2CCDA439A910-LeaderElection62] INFO  impl.RoleInfo (RoleInfo.java:shutdownLeaderElection(134)) - 87dd40fe-78d1-4490-b86b-73cf04ab2e1b: shutdown LeaderElection
2019-10-13 20:35:04,261 [a62c5862-2413-45e1-a25a-271607b15565@group-5DFA263A4E8F-LeaderElection63] INFO  impl.RaftServerImpl (RaftServerImpl.java:setRole(170)) - a62c5862-2413-45e1-a25a-271607b15565@group-5DFA263A4E8F: changes role from CANDIDATE to LEADER at term 1 for changeToLeader
2019-10-13 20:35:04,261 [87dd40fe-78d1-4490-b86b-73cf04ab2e1b@group-2CCDA439A910-LeaderElection62] INFO  impl.RaftServerImpl (RaftServerImpl.java:setRole(170)) - 87dd40fe-78d1-4490-b86b-73cf04ab2e1b@group-2CCDA439A910: changes role from CANDIDATE to LEADER at term 1 for changeToLeader
2019-10-13 20:35:04,261 [a62c5862-2413-45e1-a25a-271607b15565@group-5DFA263A4E8F-LeaderElection63] INFO  impl.RaftServerImpl (ServerState.java:setLeader(255)) - a62c5862-2413-45e1-a25a-271607b15565@group-5DFA263A4E8F: change Leader from null to a62c5862-2413-45e1-a25a-271607b15565 at term 1 for becomeLeader, leader elected after 1221ms
2019-10-13 20:35:04,262 [87dd40fe-78d1-4490-b86b-73cf04ab2e1b@group-2CCDA439A910-LeaderElection62] INFO  impl.RaftServerImpl (ServerState.java:setLeader(255)) - 87dd40fe-78d1-4490-b86b-73cf04ab2e1b@group-2CCDA439A910: change Leader from null to 87dd40fe-78d1-4490-b86b-73cf04ab2e1b at term 1 for becomeLeader, leader elected after 1106ms
2019-10-13 20:35:04,262 [a62c5862-2413-45e1-a25a-271607b15565@group-5DFA263A4E8F-LeaderElection63] INFO  server.RaftServerConfigKeys (ConfUtils.java:logGet(43)) - raft.server.staging.catchup.gap = 1000 (default)
2019-10-13 20:35:04,262 [87dd40fe-78d1-4490-b86b-73cf04ab2e1b@group-2CCDA439A910-LeaderElection62] INFO  server.RaftServerConfigKeys (ConfUtils.java:logGet(43)) - raft.server.staging.catchup.gap = 1000 (default)
2019-10-13 20:35:04,262 [a62c5862-2413-45e1-a25a-271607b15565@group-5DFA263A4E8F-LeaderElection63] INFO  server.RaftServerConfigKeys (ConfUtils.java:logGet(43)) - raft.server.rpc.sleep.time = 25ms (default)
2019-10-13 20:35:04,262 [87dd40fe-78d1-4490-b86b-73cf04ab2e1b@group-2CCDA439A910-LeaderElection62] INFO  server.RaftServerConfigKeys (ConfUtils.java:logGet(43)) - raft.server.rpc.sleep.time = 25ms (default)
2019-10-13 20:35:04,262 [a62c5862-2413-45e1-a25a-271607b15565@group-5DFA263A4E8F-LeaderElection63] INFO  server.RaftServerConfigKeys (ConfUtils.java:logGet(43)) - raft.server.write.element-limit = 4096 (default)
2019-10-13 20:35:04,262 [87dd40fe-78d1-4490-b86b-73cf04ab2e1b@group-2CCDA439A910-LeaderElection62] INFO  server.RaftServerConfigKeys (ConfUtils.java:logGet(43)) - raft.server.write.element-limit = 4096 (default)
2019-10-13 20:35:04,263 [a62c5862-2413-45e1-a25a-271607b15565@group-5DFA263A4E8F-LeaderElection63] INFO  server.RaftServerConfigKeys (ConfUtils.java:logGet(43)) - raft.server.watch.timeout = 10s (default)
2019-10-13 20:35:04,263 [87dd40fe-78d1-4490-b86b-73cf04ab2e1b@group-2CCDA439A910-LeaderElection62] INFO  server.RaftServerConfigKeys (ConfUtils.java:logGet(43)) - raft.server.watch.timeout = 10s (default)
2019-10-13 20:35:04,263 [a62c5862-2413-45e1-a25a-271607b15565@group-5DFA263A4E8F-LeaderElection63] INFO  server.RaftServerConfigKeys (ConfUtils.java:logGet(43)) - raft.server.watch.timeout.denomination = 1s (default)
2019-10-13 20:35:04,263 [87dd40fe-78d1-4490-b86b-73cf04ab2e1b@group-2CCDA439A910-LeaderElection62] INFO  server.RaftServerConfigKeys (ConfUtils.java:logGet(43)) - raft.server.watch.timeout.denomination = 1s (default)
2019-10-13 20:35:04,263 [a62c5862-2413-45e1-a25a-271607b15565@group-5DFA263A4E8F-LeaderElection63] INFO  server.RaftServerConfigKeys (ConfUtils.java:logGet(43)) - raft.server.watch.element-limit = 65536 (default)
2019-10-13 20:35:04,263 [87dd40fe-78d1-4490-b86b-73cf04ab2e1b@group-2CCDA439A910-LeaderElection62] INFO  server.RaftServerConfigKeys (ConfUtils.java:logGet(43)) - raft.server.watch.element-limit = 65536 (default)
2019-10-13 20:35:04,266 [a62c5862-2413-45e1-a25a-271607b15565@group-5DFA263A4E8F-LeaderElection63] INFO  impl.RoleInfo (RoleInfo.java:updateAndGet(143)) - a62c5862-2413-45e1-a25a-271607b15565: start LeaderState
2019-10-13 20:35:04,266 [a62c5862-2413-45e1-a25a-271607b15565@group-5DFA263A4E8F-LeaderElection63] INFO  segmented.SegmentedRaftLogWorker (SegmentedRaftLogWorker.java:startLogSegment(385)) - a62c5862-2413-45e1-a25a-271607b15565@group-5DFA263A4E8F-SegmentedRaftLogWorker: Starting segment from index:0
2019-10-13 20:35:04,266 [87dd40fe-78d1-4490-b86b-73cf04ab2e1b@group-2CCDA439A910-LeaderElection62] INFO  impl.RoleInfo (RoleInfo.java:updateAndGet(143)) - 87dd40fe-78d1-4490-b86b-73cf04ab2e1b: start LeaderState
2019-10-13 20:35:04,267 [87dd40fe-78d1-4490-b86b-73cf04ab2e1b@group-2CCDA439A910-LeaderElection62] INFO  segmented.SegmentedRaftLogWorker (SegmentedRaftLogWorker.java:startLogSegment(385)) - 87dd40fe-78d1-4490-b86b-73cf04ab2e1b@group-2CCDA439A910-SegmentedRaftLogWorker: Starting segment from index:0
2019-10-13 20:35:04,267 [a62c5862-2413-45e1-a25a-271607b15565@group-5DFA263A4E8F-LeaderElection63] INFO  impl.RaftServerImpl (ServerState.java:setRaftConf(356)) - a62c5862-2413-45e1-a25a-271607b15565@group-5DFA263A4E8F: set configuration 0: [a62c5862-2413-45e1-a25a-271607b15565:192.168.157.224:42190], old=null at 0
2019-10-13 20:35:04,267 [87dd40fe-78d1-4490-b86b-73cf04ab2e1b@group-2CCDA439A910-LeaderElection62] INFO  impl.RaftServerImpl (ServerState.java:setRaftConf(356)) - 87dd40fe-78d1-4490-b86b-73cf04ab2e1b@group-2CCDA439A910: set configuration 0: [87dd40fe-78d1-4490-b86b-73cf04ab2e1b:192.168.157.224:36895], old=null at 0
2019-10-13 20:35:04,274 [312f777a-2225-4912-85d0-d4c591f83be0@group-0814DFE55114-LeaderElection64] INFO  impl.LeaderElection (LeaderElection.java:askForVotes(178)) - 312f777a-2225-4912-85d0-d4c591f83be0@group-0814DFE55114-LeaderElection64: begin an election at term 1 for -1: [312f777a-2225-4912-85d0-d4c591f83be0:192.168.157.224:46039], old=null
2019-10-13 20:35:04,274 [312f777a-2225-4912-85d0-d4c591f83be0@group-0814DFE55114-LeaderElection64] INFO  impl.RoleInfo (RoleInfo.java:shutdownLeaderElection(134)) - 312f777a-2225-4912-85d0-d4c591f83be0: shutdown LeaderElection
2019-10-13 20:35:04,274 [312f777a-2225-4912-85d0-d4c591f83be0@group-0814DFE55114-LeaderElection64] INFO  impl.RaftServerImpl (RaftServerImpl.java:setRole(170)) - 312f777a-2225-4912-85d0-d4c591f83be0@group-0814DFE55114: changes role from CANDIDATE to LEADER at term 1 for changeToLeader
2019-10-13 20:35:04,274 [312f777a-2225-4912-85d0-d4c591f83be0@group-0814DFE55114-LeaderElection64] INFO  impl.RaftServerImpl (ServerState.java:setLeader(255)) - 312f777a-2225-4912-85d0-d4c591f83be0@group-0814DFE55114: change Leader from null to 312f777a-2225-4912-85d0-d4c591f83be0 at term 1 for becomeLeader, leader elected after 1075ms
2019-10-13 20:35:04,274 [312f777a-2225-4912-85d0-d4c591f83be0@group-0814DFE55114-LeaderElection64] INFO  server.RaftServerConfigKeys (ConfUtils.java:logGet(43)) - raft.server.staging.catchup.gap = 1000 (default)
2019-10-13 20:35:04,274 [312f777a-2225-4912-85d0-d4c591f83be0@group-0814DFE55114-LeaderElection64] INFO  server.RaftServerConfigKeys (ConfUtils.java:logGet(43)) - raft.server.rpc.sleep.time = 25ms (default)
2019-10-13 20:35:04,274 [312f777a-2225-4912-85d0-d4c591f83be0@group-0814DFE55114-LeaderElection64] INFO  server.RaftServerConfigKeys (ConfUtils.java:logGet(43)) - raft.server.write.element-limit = 4096 (default)
2019-10-13 20:35:04,274 [312f777a-2225-4912-85d0-d4c591f83be0@group-0814DFE55114-LeaderElection64] INFO  server.RaftServerConfigKeys (ConfUtils.java:logGet(43)) - raft.server.watch.timeout = 10s (default)
2019-10-13 20:35:04,274 [312f777a-2225-4912-85d0-d4c591f83be0@group-0814DFE55114-LeaderElection64] INFO  server.RaftServerConfigKeys (ConfUtils.java:logGet(43)) - raft.server.watch.timeout.denomination = 1s (default)
2019-10-13 20:35:04,275 [312f777a-2225-4912-85d0-d4c591f83be0@group-0814DFE55114-LeaderElection64] INFO  server.RaftServerConfigKeys (ConfUtils.java:logGet(43)) - raft.server.watch.element-limit = 65536 (default)
2019-10-13 20:35:04,276 [312f777a-2225-4912-85d0-d4c591f83be0@group-0814DFE55114-LeaderElection64] INFO  impl.RoleInfo (RoleInfo.java:updateAndGet(143)) - 312f777a-2225-4912-85d0-d4c591f83be0: start LeaderState
2019-10-13 20:35:04,276 [312f777a-2225-4912-85d0-d4c591f83be0@group-0814DFE55114-LeaderElection64] INFO  segmented.SegmentedRaftLogWorker (SegmentedRaftLogWorker.java:startLogSegment(385)) - 312f777a-2225-4912-85d0-d4c591f83be0@group-0814DFE55114-SegmentedRaftLogWorker: Starting segment from index:0
2019-10-13 20:35:04,277 [312f777a-2225-4912-85d0-d4c591f83be0@group-0814DFE55114-LeaderElection64] INFO  impl.RaftServerImpl (ServerState.java:setRaftConf(356)) - 312f777a-2225-4912-85d0-d4c591f83be0@group-0814DFE55114: set configuration 0: [312f777a-2225-4912-85d0-d4c591f83be0:192.168.157.224:46039], old=null at 0
2019-10-13 20:35:04,308 [a62c5862-2413-45e1-a25a-271607b15565@group-5DFA263A4E8F-SegmentedRaftLogWorker] INFO  segmented.SegmentedRaftLogWorker (SegmentedRaftLogWorker.java:execute(574)) - a62c5862-2413-45e1-a25a-271607b15565@group-5DFA263A4E8F-SegmentedRaftLogWorker: created new log segment /workdir/hadoop-ozone/integration-test/target/test-dir/MiniOzoneClusterImpl-647792b2-b7b4-4623-b37b-ed99d4356a77/datanode-3/data/ratis/17b26132-33f6-470d-b456-5dfa263a4e8f/current/log_inprogress_0
2019-10-13 20:35:04,308 [87dd40fe-78d1-4490-b86b-73cf04ab2e1b@group-2CCDA439A910-SegmentedRaftLogWorker] INFO  segmented.SegmentedRaftLogWorker (SegmentedRaftLogWorker.java:execute(574)) - 87dd40fe-78d1-4490-b86b-73cf04ab2e1b@group-2CCDA439A910-SegmentedRaftLogWorker: created new log segment /workdir/hadoop-ozone/integration-test/target/test-dir/MiniOzoneClusterImpl-647792b2-b7b4-4623-b37b-ed99d4356a77/datanode-2/data/ratis/99fc6307-dda3-4922-ae14-2ccda439a910/current/log_inprogress_0
2019-10-13 20:35:04,317 [Thread-1769] INFO  impl.FollowerState (FollowerState.java:run(108)) - c6676a3b-9238-484a-870a-e78b36fd6b90@group-AAA54604AAD4-FollowerState: change to CANDIDATE, lastRpcTime:1056ms, electionTimeout:1056ms
2019-10-13 20:35:04,317 [Thread-1769] INFO  impl.RoleInfo (RoleInfo.java:shutdownFollowerState(121)) - c6676a3b-9238-484a-870a-e78b36fd6b90: shutdown FollowerState
2019-10-13 20:35:04,317 [Thread-1769] INFO  impl.RaftServerImpl (RaftServerImpl.java:setRole(170)) - c6676a3b-9238-484a-870a-e78b36fd6b90@group-AAA54604AAD4: changes role from  FOLLOWER to CANDIDATE at term 0 for changeToCandidate
2019-10-13 20:35:04,317 [Thread-1769] INFO  impl.RoleInfo (RoleInfo.java:updateAndGet(143)) - c6676a3b-9238-484a-870a-e78b36fd6b90: start LeaderElection
2019-10-13 20:35:04,340 [312f777a-2225-4912-85d0-d4c591f83be0@group-0814DFE55114-SegmentedRaftLogWorker] INFO  segmented.SegmentedRaftLogWorker (SegmentedRaftLogWorker.java:execute(574)) - 312f777a-2225-4912-85d0-d4c591f83be0@group-0814DFE55114-SegmentedRaftLogWorker: created new log segment /workdir/hadoop-ozone/integration-test/target/test-dir/MiniOzoneClusterImpl-647792b2-b7b4-4623-b37b-ed99d4356a77/datanode-4/data/ratis/9bb74ff9-8b7b-4761-966b-0814dfe55114/current/log_inprogress_0
2019-10-13 20:35:04,354 [c6676a3b-9238-484a-870a-e78b36fd6b90@group-AAA54604AAD4-LeaderElection65] INFO  impl.LeaderElection (LeaderElection.java:askForVotes(178)) - c6676a3b-9238-484a-870a-e78b36fd6b90@group-AAA54604AAD4-LeaderElection65: begin an election at term 1 for -1: [cab3cae7-f0a1-4851-a661-63d582d319d1:192.168.157.224:38398, 787c3207-a753-429a-a612-e3ac99d17bc9:192.168.157.224:45659, c6676a3b-9238-484a-870a-e78b36fd6b90:192.168.157.224:37064], old=null
2019-10-13 20:35:04,362 [grpc-default-executor-4] INFO  impl.RaftServerImpl (RaftServerImpl.java:setRole(170)) - cab3cae7-f0a1-4851-a661-63d582d319d1@group-AAA54604AAD4: changes role from  FOLLOWER to FOLLOWER at term 1 for recognizeCandidate:c6676a3b-9238-484a-870a-e78b36fd6b90
2019-10-13 20:35:04,362 [grpc-default-executor-1] INFO  impl.RaftServerImpl (RaftServerImpl.java:setRole(170)) - 787c3207-a753-429a-a612-e3ac99d17bc9@group-AAA54604AAD4: changes role from  FOLLOWER to FOLLOWER at term 1 for recognizeCandidate:c6676a3b-9238-484a-870a-e78b36fd6b90
2019-10-13 20:35:04,362 [grpc-default-executor-4] INFO  impl.RoleInfo (RoleInfo.java:shutdownFollowerState(121)) - cab3cae7-f0a1-4851-a661-63d582d319d1: shutdown FollowerState
2019-10-13 20:35:04,362 [grpc-default-executor-1] INFO  impl.RoleInfo (RoleInfo.java:shutdownFollowerState(121)) - 787c3207-a753-429a-a612-e3ac99d17bc9: shutdown FollowerState
2019-10-13 20:35:04,362 [grpc-default-executor-4] INFO  impl.RoleInfo (RoleInfo.java:updateAndGet(143)) - cab3cae7-f0a1-4851-a661-63d582d319d1: start FollowerState
2019-10-13 20:35:04,362 [Thread-1773] INFO  impl.FollowerState (FollowerState.java:run(117)) - 787c3207-a753-429a-a612-e3ac99d17bc9@group-AAA54604AAD4-FollowerState was interrupted: java.lang.InterruptedException: sleep interrupted
2019-10-13 20:35:04,362 [Thread-1774] INFO  impl.FollowerState (FollowerState.java:run(117)) - cab3cae7-f0a1-4851-a661-63d582d319d1@group-AAA54604AAD4-FollowerState was interrupted: java.lang.InterruptedException: sleep interrupted
2019-10-13 20:35:04,362 [grpc-default-executor-1] INFO  impl.RoleInfo (RoleInfo.java:updateAndGet(143)) - 787c3207-a753-429a-a612-e3ac99d17bc9: start FollowerState
2019-10-13 20:35:04,378 [c6676a3b-9238-484a-870a-e78b36fd6b90@group-AAA54604AAD4-LeaderElection65] INFO  impl.LeaderElection (LeaderElection.java:logAndReturn(56)) - c6676a3b-9238-484a-870a-e78b36fd6b90@group-AAA54604AAD4-LeaderElection65: Election PASSED; received 1 response(s) [c6676a3b-9238-484a-870a-e78b36fd6b90<-cab3cae7-f0a1-4851-a661-63d582d319d1#0:OK-t1] and 0 exception(s); c6676a3b-9238-484a-870a-e78b36fd6b90@group-AAA54604AAD4:t1, leader=null, voted=c6676a3b-9238-484a-870a-e78b36fd6b90, raftlog=c6676a3b-9238-484a-870a-e78b36fd6b90@group-AAA54604AAD4-SegmentedRaftLog:OPENED:c-1,f-1,i0, conf=-1: [cab3cae7-f0a1-4851-a661-63d582d319d1:192.168.157.224:38398, 787c3207-a753-429a-a612-e3ac99d17bc9:192.168.157.224:45659, c6676a3b-9238-484a-870a-e78b36fd6b90:192.168.157.224:37064], old=null
2019-10-13 20:35:04,378 [c6676a3b-9238-484a-870a-e78b36fd6b90@group-AAA54604AAD4-LeaderElection65] INFO  impl.RoleInfo (RoleInfo.java:shutdownLeaderElection(134)) - c6676a3b-9238-484a-870a-e78b36fd6b90: shutdown LeaderElection
2019-10-13 20:35:04,378 [c6676a3b-9238-484a-870a-e78b36fd6b90@group-AAA54604AAD4-LeaderElection65] INFO  impl.RaftServerImpl (RaftServerImpl.java:setRole(170)) - c6676a3b-9238-484a-870a-e78b36fd6b90@group-AAA54604AAD4: changes role from CANDIDATE to LEADER at term 1 for changeToLeader
2019-10-13 20:35:04,379 [c6676a3b-9238-484a-870a-e78b36fd6b90@group-AAA54604AAD4-LeaderElection65] INFO  impl.RaftServerImpl (ServerState.java:setLeader(255)) - c6676a3b-9238-484a-870a-e78b36fd6b90@group-AAA54604AAD4: change Leader from null to c6676a3b-9238-484a-870a-e78b36fd6b90 at term 1 for becomeLeader, leader elected after 1127ms
2019-10-13 20:35:04,379 [c6676a3b-9238-484a-870a-e78b36fd6b90@group-AAA54604AAD4-LeaderElection65] INFO  server.RaftServerConfigKeys (ConfUtils.java:logGet(43)) - raft.server.staging.catchup.gap = 1000 (default)
2019-10-13 20:35:04,379 [c6676a3b-9238-484a-870a-e78b36fd6b90@group-AAA54604AAD4-LeaderElection65] INFO  server.RaftServerConfigKeys (ConfUtils.java:logGet(43)) - raft.server.rpc.sleep.time = 25ms (default)
2019-10-13 20:35:04,379 [c6676a3b-9238-484a-870a-e78b36fd6b90@group-AAA54604AAD4-LeaderElection65] INFO  server.RaftServerConfigKeys (ConfUtils.java:logGet(43)) - raft.server.write.element-limit = 4096 (default)
2019-10-13 20:35:04,379 [c6676a3b-9238-484a-870a-e78b36fd6b90@group-AAA54604AAD4-LeaderElection65] INFO  server.RaftServerConfigKeys (ConfUtils.java:logGet(43)) - raft.server.watch.timeout = 10s (default)
2019-10-13 20:35:04,379 [c6676a3b-9238-484a-870a-e78b36fd6b90@group-AAA54604AAD4-LeaderElection65] INFO  server.RaftServerConfigKeys (ConfUtils.java:logGet(43)) - raft.server.watch.timeout.denomination = 1s (default)
2019-10-13 20:35:04,379 [c6676a3b-9238-484a-870a-e78b36fd6b90@group-AAA54604AAD4-LeaderElection65] INFO  server.RaftServerConfigKeys (ConfUtils.java:logGet(43)) - raft.server.watch.element-limit = 65536 (default)
2019-10-13 20:35:04,381 [c6676a3b-9238-484a-870a-e78b36fd6b90@group-AAA54604AAD4-LeaderElection65] INFO  server.RaftServerConfigKeys (ConfUtils.java:logGet(43)) - raft.server.log.appender.snapshot.chunk.size.max = 16MB (=16777216) (default)
2019-10-13 20:35:04,381 [c6676a3b-9238-484a-870a-e78b36fd6b90@group-AAA54604AAD4-LeaderElection65] INFO  server.RaftServerConfigKeys (ConfUtils.java:logGet(43)) - raft.server.log.appender.buffer.byte-limit = 33554432 (custom)
2019-10-13 20:35:04,381 [c6676a3b-9238-484a-870a-e78b36fd6b90@group-AAA54604AAD4-LeaderElection65] INFO  server.RaftServerConfigKeys (ConfUtils.java:logGet(43)) - raft.server.log.appender.buffer.element-limit = 1 (custom)
2019-10-13 20:35:04,381 [c6676a3b-9238-484a-870a-e78b36fd6b90@group-AAA54604AAD4-LeaderElection65] INFO  grpc.GrpcConfigKeys$Server (ConfUtils.java:logGet(43)) - raft.grpc.server.leader.outstanding.appends.max = 128 (default)
2019-10-13 20:35:04,381 [c6676a3b-9238-484a-870a-e78b36fd6b90@group-AAA54604AAD4-LeaderElection65] INFO  server.RaftServerConfigKeys (ConfUtils.java:logGet(43)) - raft.server.rpc.request.timeout = 3000ms (default)
2019-10-13 20:35:04,381 [c6676a3b-9238-484a-870a-e78b36fd6b90@group-AAA54604AAD4-LeaderElection65] INFO  server.RaftServerConfigKeys (ConfUtils.java:logGet(43)) - raft.server.log.appender.install.snapshot.enabled = false (custom)
2019-10-13 20:35:04,381 [c6676a3b-9238-484a-870a-e78b36fd6b90@group-AAA54604AAD4-LeaderElection65] INFO  server.RaftServerConfigKeys (ConfUtils.java:logGet(43)) - raft.server.log.appender.snapshot.chunk.size.max = 16MB (=16777216) (default)
2019-10-13 20:35:04,382 [c6676a3b-9238-484a-870a-e78b36fd6b90@group-AAA54604AAD4-LeaderElection65] INFO  server.RaftServerConfigKeys (ConfUtils.java:logGet(43)) - raft.server.log.appender.buffer.byte-limit = 33554432 (custom)
2019-10-13 20:35:04,382 [c6676a3b-9238-484a-870a-e78b36fd6b90@group-AAA54604AAD4-LeaderElection65] INFO  server.RaftServerConfigKeys (ConfUtils.java:logGet(43)) - raft.server.log.appender.buffer.element-limit = 1 (custom)
2019-10-13 20:35:04,382 [c6676a3b-9238-484a-870a-e78b36fd6b90@group-AAA54604AAD4-LeaderElection65] INFO  grpc.GrpcConfigKeys$Server (ConfUtils.java:logGet(43)) - raft.grpc.server.leader.outstanding.appends.max = 128 (default)
2019-10-13 20:35:04,382 [c6676a3b-9238-484a-870a-e78b36fd6b90@group-AAA54604AAD4-LeaderElection65] INFO  server.RaftServerConfigKeys (ConfUtils.java:logGet(43)) - raft.server.rpc.request.timeout = 3000ms (default)
2019-10-13 20:35:04,382 [c6676a3b-9238-484a-870a-e78b36fd6b90@group-AAA54604AAD4-LeaderElection65] INFO  server.RaftServerConfigKeys (ConfUtils.java:logGet(43)) - raft.server.log.appender.install.snapshot.enabled = false (custom)
2019-10-13 20:35:04,382 [c6676a3b-9238-484a-870a-e78b36fd6b90@group-AAA54604AAD4-LeaderElection65] INFO  impl.RoleInfo (RoleInfo.java:updateAndGet(143)) - c6676a3b-9238-484a-870a-e78b36fd6b90: start LeaderState
2019-10-13 20:35:04,382 [c6676a3b-9238-484a-870a-e78b36fd6b90@group-AAA54604AAD4-LeaderElection65] INFO  segmented.SegmentedRaftLogWorker (SegmentedRaftLogWorker.java:startLogSegment(385)) - c6676a3b-9238-484a-870a-e78b36fd6b90@group-AAA54604AAD4-SegmentedRaftLogWorker: Starting segment from index:0
2019-10-13 20:35:04,387 [c6676a3b-9238-484a-870a-e78b36fd6b90@group-AAA54604AAD4-LeaderElection65] INFO  impl.RaftServerImpl (ServerState.java:setRaftConf(356)) - c6676a3b-9238-484a-870a-e78b36fd6b90@group-AAA54604AAD4: set configuration 0: [cab3cae7-f0a1-4851-a661-63d582d319d1:192.168.157.224:38398, 787c3207-a753-429a-a612-e3ac99d17bc9:192.168.157.224:45659, c6676a3b-9238-484a-870a-e78b36fd6b90:192.168.157.224:37064], old=null at 0
2019-10-13 20:35:04,428 [grpc-default-executor-1] INFO  impl.RaftServerImpl (ServerState.java:setLeader(255)) - cab3cae7-f0a1-4851-a661-63d582d319d1@group-AAA54604AAD4: change Leader from null to c6676a3b-9238-484a-870a-e78b36fd6b90 at term 1 for appendEntries, leader elected after 1174ms
2019-10-13 20:35:04,430 [Thread-1783] INFO  impl.FollowerState (FollowerState.java:run(108)) - 77fcd7a7-6bb2-492f-960d-fa5100459bab@group-C81D79C36E85-FollowerState: change to CANDIDATE, lastRpcTime:1045ms, electionTimeout:1028ms
2019-10-13 20:35:04,431 [Thread-1783] INFO  impl.RoleInfo (RoleInfo.java:shutdownFollowerState(121)) - 77fcd7a7-6bb2-492f-960d-fa5100459bab: shutdown FollowerState
2019-10-13 20:35:04,431 [Thread-1783] INFO  impl.RaftServerImpl (RaftServerImpl.java:setRole(170)) - 77fcd7a7-6bb2-492f-960d-fa5100459bab@group-C81D79C36E85: changes role from  FOLLOWER to CANDIDATE at term 0 for changeToCandidate
2019-10-13 20:35:04,431 [Thread-1783] INFO  impl.RoleInfo (RoleInfo.java:updateAndGet(143)) - 77fcd7a7-6bb2-492f-960d-fa5100459bab: start LeaderElection
2019-10-13 20:35:04,431 [grpc-default-executor-1] INFO  impl.RaftServerImpl (ServerState.java:setLeader(255)) - 787c3207-a753-429a-a612-e3ac99d17bc9@group-AAA54604AAD4: change Leader from null to c6676a3b-9238-484a-870a-e78b36fd6b90 at term 1 for appendEntries, leader elected after 1179ms
2019-10-13 20:35:04,441 [grpc-default-executor-1] INFO  impl.RaftServerImpl (ServerState.java:setRaftConf(356)) - cab3cae7-f0a1-4851-a661-63d582d319d1@group-AAA54604AAD4: set configuration 0: [cab3cae7-f0a1-4851-a661-63d582d319d1:192.168.157.224:38398, 787c3207-a753-429a-a612-e3ac99d17bc9:192.168.157.224:45659, c6676a3b-9238-484a-870a-e78b36fd6b90:192.168.157.224:37064], old=null at 0
2019-10-13 20:35:04,441 [grpc-default-executor-1] INFO  segmented.SegmentedRaftLogWorker (SegmentedRaftLogWorker.java:startLogSegment(385)) - cab3cae7-f0a1-4851-a661-63d582d319d1@group-AAA54604AAD4-SegmentedRaftLogWorker: Starting segment from index:0
2019-10-13 20:35:04,445 [77fcd7a7-6bb2-492f-960d-fa5100459bab@group-C81D79C36E85-LeaderElection66] INFO  impl.LeaderElection (LeaderElection.java:askForVotes(178)) - 77fcd7a7-6bb2-492f-960d-fa5100459bab@group-C81D79C36E85-LeaderElection66: begin an election at term 1 for -1: [77fcd7a7-6bb2-492f-960d-fa5100459bab:192.168.157.224:37718, 87dd40fe-78d1-4490-b86b-73cf04ab2e1b:192.168.157.224:36895, a62c5862-2413-45e1-a25a-271607b15565:192.168.157.224:42190], old=null
2019-10-13 20:35:04,445 [grpc-default-executor-4] INFO  impl.RaftServerImpl (ServerState.java:setRaftConf(356)) - 787c3207-a753-429a-a612-e3ac99d17bc9@group-AAA54604AAD4: set configuration 0: [cab3cae7-f0a1-4851-a661-63d582d319d1:192.168.157.224:38398, 787c3207-a753-429a-a612-e3ac99d17bc9:192.168.157.224:45659, c6676a3b-9238-484a-870a-e78b36fd6b90:192.168.157.224:37064], old=null at 0
2019-10-13 20:35:04,444 [c6676a3b-9238-484a-870a-e78b36fd6b90@group-AAA54604AAD4-SegmentedRaftLogWorker] INFO  segmented.SegmentedRaftLogWorker (SegmentedRaftLogWorker.java:execute(574)) - c6676a3b-9238-484a-870a-e78b36fd6b90@group-AAA54604AAD4-SegmentedRaftLogWorker: created new log segment /workdir/hadoop-ozone/integration-test/target/test-dir/MiniOzoneClusterImpl-647792b2-b7b4-4623-b37b-ed99d4356a77/datanode-5/data/ratis/6f281208-ccce-47bb-bec1-aaa54604aad4/current/log_inprogress_0
2019-10-13 20:35:04,445 [grpc-default-executor-4] INFO  segmented.SegmentedRaftLogWorker (SegmentedRaftLogWorker.java:startLogSegment(385)) - 787c3207-a753-429a-a612-e3ac99d17bc9@group-AAA54604AAD4-SegmentedRaftLogWorker: Starting segment from index:0
2019-10-13 20:35:04,448 [grpc-default-executor-1] INFO  impl.RaftServerImpl (RaftServerImpl.java:setRole(170)) - a62c5862-2413-45e1-a25a-271607b15565@group-C81D79C36E85: changes role from  FOLLOWER to FOLLOWER at term 1 for recognizeCandidate:77fcd7a7-6bb2-492f-960d-fa5100459bab
2019-10-13 20:35:04,449 [grpc-default-executor-1] INFO  impl.RoleInfo (RoleInfo.java:shutdownFollowerState(121)) - a62c5862-2413-45e1-a25a-271607b15565: shutdown FollowerState
2019-10-13 20:35:04,449 [grpc-default-executor-1] INFO  impl.RoleInfo (RoleInfo.java:updateAndGet(143)) - a62c5862-2413-45e1-a25a-271607b15565: start FollowerState
2019-10-13 20:35:04,449 [grpc-default-executor-4] INFO  impl.RaftServerImpl (RaftServerImpl.java:setRole(170)) - 87dd40fe-78d1-4490-b86b-73cf04ab2e1b@group-C81D79C36E85: changes role from  FOLLOWER to FOLLOWER at term 1 for recognizeCandidate:77fcd7a7-6bb2-492f-960d-fa5100459bab
2019-10-13 20:35:04,449 [Thread-1781] INFO  impl.FollowerState (FollowerState.java:run(117)) - a62c5862-2413-45e1-a25a-271607b15565@group-C81D79C36E85-FollowerState was interrupted: java.lang.InterruptedException: sleep interrupted
2019-10-13 20:35:04,449 [grpc-default-executor-4] INFO  impl.RoleInfo (RoleInfo.java:shutdownFollowerState(121)) - 87dd40fe-78d1-4490-b86b-73cf04ab2e1b: shutdown FollowerState
2019-10-13 20:35:04,449 [grpc-default-executor-4] INFO  impl.RoleInfo (RoleInfo.java:updateAndGet(143)) - 87dd40fe-78d1-4490-b86b-73cf04ab2e1b: start FollowerState
2019-10-13 20:35:04,450 [Thread-1784] INFO  impl.FollowerState (FollowerState.java:run(117)) - 87dd40fe-78d1-4490-b86b-73cf04ab2e1b@group-C81D79C36E85-FollowerState was interrupted: java.lang.InterruptedException: sleep interrupted
2019-10-13 20:35:04,459 [77fcd7a7-6bb2-492f-960d-fa5100459bab@group-C81D79C36E85-LeaderElection66] INFO  impl.LeaderElection (LeaderElection.java:logAndReturn(56)) - 77fcd7a7-6bb2-492f-960d-fa5100459bab@group-C81D79C36E85-LeaderElection66: Election PASSED; received 1 response(s) [77fcd7a7-6bb2-492f-960d-fa5100459bab<-a62c5862-2413-45e1-a25a-271607b15565#0:OK-t1] and 0 exception(s); 77fcd7a7-6bb2-492f-960d-fa5100459bab@group-C81D79C36E85:t1, leader=null, voted=77fcd7a7-6bb2-492f-960d-fa5100459bab, raftlog=77fcd7a7-6bb2-492f-960d-fa5100459bab@group-C81D79C36E85-SegmentedRaftLog:OPENED:c-1,f-1,i0, conf=-1: [77fcd7a7-6bb2-492f-960d-fa5100459bab:192.168.157.224:37718, 87dd40fe-78d1-4490-b86b-73cf04ab2e1b:192.168.157.224:36895, a62c5862-2413-45e1-a25a-271607b15565:192.168.157.224:42190], old=null
2019-10-13 20:35:04,460 [77fcd7a7-6bb2-492f-960d-fa5100459bab@group-C81D79C36E85-LeaderElection66] INFO  impl.RoleInfo (RoleInfo.java:shutdownLeaderElection(134)) - 77fcd7a7-6bb2-492f-960d-fa5100459bab: shutdown LeaderElection
2019-10-13 20:35:04,460 [77fcd7a7-6bb2-492f-960d-fa5100459bab@group-C81D79C36E85-LeaderElection66] INFO  impl.RaftServerImpl (RaftServerImpl.java:setRole(170)) - 77fcd7a7-6bb2-492f-960d-fa5100459bab@group-C81D79C36E85: changes role from CANDIDATE to LEADER at term 1 for changeToLeader
2019-10-13 20:35:04,460 [77fcd7a7-6bb2-492f-960d-fa5100459bab@group-C81D79C36E85-LeaderElection66] INFO  impl.RaftServerImpl (ServerState.java:setLeader(255)) - 77fcd7a7-6bb2-492f-960d-fa5100459bab@group-C81D79C36E85: change Leader from null to 77fcd7a7-6bb2-492f-960d-fa5100459bab at term 1 for becomeLeader, leader elected after 1091ms
2019-10-13 20:35:04,460 [77fcd7a7-6bb2-492f-960d-fa5100459bab@group-C81D79C36E85-LeaderElection66] INFO  server.RaftServerConfigKeys (ConfUtils.java:logGet(43)) - raft.server.staging.catchup.gap = 1000 (default)
2019-10-13 20:35:04,460 [77fcd7a7-6bb2-492f-960d-fa5100459bab@group-C81D79C36E85-LeaderElection66] INFO  server.RaftServerConfigKeys (ConfUtils.java:logGet(43)) - raft.server.rpc.sleep.time = 25ms (default)
2019-10-13 20:35:04,460 [77fcd7a7-6bb2-492f-960d-fa5100459bab@group-C81D79C36E85-LeaderElection66] INFO  server.RaftServerConfigKeys (ConfUtils.java:logGet(43)) - raft.server.write.element-limit = 4096 (default)
2019-10-13 20:35:04,460 [77fcd7a7-6bb2-492f-960d-fa5100459bab@group-C81D79C36E85-LeaderElection66] INFO  server.RaftServerConfigKeys (ConfUtils.java:logGet(43)) - raft.server.watch.timeout = 10s (default)
2019-10-13 20:35:04,461 [77fcd7a7-6bb2-492f-960d-fa5100459bab@group-C81D79C36E85-LeaderElection66] INFO  server.RaftServerConfigKeys (ConfUtils.java:logGet(43)) - raft.server.watch.timeout.denomination = 1s (default)
2019-10-13 20:35:04,461 [77fcd7a7-6bb2-492f-960d-fa5100459bab@group-C81D79C36E85-LeaderElection66] INFO  server.RaftServerConfigKeys (ConfUtils.java:logGet(43)) - raft.server.watch.element-limit = 65536 (default)
2019-10-13 20:35:04,463 [77fcd7a7-6bb2-492f-960d-fa5100459bab@group-C81D79C36E85-LeaderElection66] INFO  server.RaftServerConfigKeys (ConfUtils.java:logGet(43)) - raft.server.log.appender.snapshot.chunk.size.max = 16MB (=16777216) (default)
2019-10-13 20:35:04,463 [77fcd7a7-6bb2-492f-960d-fa5100459bab@group-C81D79C36E85-LeaderElection66] INFO  server.RaftServerConfigKeys (ConfUtils.java:logGet(43)) - raft.server.log.appender.buffer.byte-limit = 33554432 (custom)
2019-10-13 20:35:04,463 [77fcd7a7-6bb2-492f-960d-fa5100459bab@group-C81D79C36E85-LeaderElection66] INFO  server.RaftServerConfigKeys (ConfUtils.java:logGet(43)) - raft.server.log.appender.buffer.element-limit = 1 (custom)
2019-10-13 20:35:04,463 [77fcd7a7-6bb2-492f-960d-fa5100459bab@group-C81D79C36E85-LeaderElection66] INFO  grpc.GrpcConfigKeys$Server (ConfUtils.java:logGet(43)) - raft.grpc.server.leader.outstanding.appends.max = 128 (default)
2019-10-13 20:35:04,464 [77fcd7a7-6bb2-492f-960d-fa5100459bab@group-C81D79C36E85-LeaderElection66] INFO  server.RaftServerConfigKeys (ConfUtils.java:logGet(43)) - raft.server.rpc.request.timeout = 3000ms (default)
2019-10-13 20:35:04,464 [77fcd7a7-6bb2-492f-960d-fa5100459bab@group-C81D79C36E85-LeaderElection66] INFO  server.RaftServerConfigKeys (ConfUtils.java:logGet(43)) - raft.server.log.appender.install.snapshot.enabled = false (custom)
2019-10-13 20:35:04,464 [77fcd7a7-6bb2-492f-960d-fa5100459bab@group-C81D79C36E85-LeaderElection66] INFO  server.RaftServerConfigKeys (ConfUtils.java:logGet(43)) - raft.server.log.appender.snapshot.chunk.size.max = 16MB (=16777216) (default)
2019-10-13 20:35:04,464 [77fcd7a7-6bb2-492f-960d-fa5100459bab@group-C81D79C36E85-LeaderElection66] INFO  server.RaftServerConfigKeys (ConfUtils.java:logGet(43)) - raft.server.log.appender.buffer.byte-limit = 33554432 (custom)
2019-10-13 20:35:04,464 [77fcd7a7-6bb2-492f-960d-fa5100459bab@group-C81D79C36E85-LeaderElection66] INFO  server.RaftServerConfigKeys (ConfUtils.java:logGet(43)) - raft.server.log.appender.buffer.element-limit = 1 (custom)
2019-10-13 20:35:04,464 [77fcd7a7-6bb2-492f-960d-fa5100459bab@group-C81D79C36E85-LeaderElection66] INFO  grpc.GrpcConfigKeys$Server (ConfUtils.java:logGet(43)) - raft.grpc.server.leader.outstanding.appends.max = 128 (default)
2019-10-13 20:35:04,465 [77fcd7a7-6bb2-492f-960d-fa5100459bab@group-C81D79C36E85-LeaderElection66] INFO  server.RaftServerConfigKeys (ConfUtils.java:logGet(43)) - raft.server.rpc.request.timeout = 3000ms (default)
2019-10-13 20:35:04,465 [77fcd7a7-6bb2-492f-960d-fa5100459bab@group-C81D79C36E85-LeaderElection66] INFO  server.RaftServerConfigKeys (ConfUtils.java:logGet(43)) - raft.server.log.appender.install.snapshot.enabled = false (custom)
2019-10-13 20:35:04,465 [77fcd7a7-6bb2-492f-960d-fa5100459bab@group-C81D79C36E85-LeaderElection66] INFO  impl.RoleInfo (RoleInfo.java:updateAndGet(143)) - 77fcd7a7-6bb2-492f-960d-fa5100459bab: start LeaderState
2019-10-13 20:35:04,465 [77fcd7a7-6bb2-492f-960d-fa5100459bab@group-C81D79C36E85-LeaderElection66] INFO  segmented.SegmentedRaftLogWorker (SegmentedRaftLogWorker.java:startLogSegment(385)) - 77fcd7a7-6bb2-492f-960d-fa5100459bab@group-C81D79C36E85-SegmentedRaftLogWorker: Starting segment from index:0
2019-10-13 20:35:04,466 [77fcd7a7-6bb2-492f-960d-fa5100459bab@group-C81D79C36E85-LeaderElection66] INFO  impl.RaftServerImpl (ServerState.java:setRaftConf(356)) - 77fcd7a7-6bb2-492f-960d-fa5100459bab@group-C81D79C36E85: set configuration 0: [77fcd7a7-6bb2-492f-960d-fa5100459bab:192.168.157.224:37718, 87dd40fe-78d1-4490-b86b-73cf04ab2e1b:192.168.157.224:36895, a62c5862-2413-45e1-a25a-271607b15565:192.168.157.224:42190], old=null at 0
2019-10-13 20:35:04,520 [787c3207-a753-429a-a612-e3ac99d17bc9@group-AAA54604AAD4-SegmentedRaftLogWorker] INFO  segmented.SegmentedRaftLogWorker (SegmentedRaftLogWorker.java:execute(574)) - 787c3207-a753-429a-a612-e3ac99d17bc9@group-AAA54604AAD4-SegmentedRaftLogWorker: created new log segment /workdir/hadoop-ozone/integration-test/target/test-dir/MiniOzoneClusterImpl-647792b2-b7b4-4623-b37b-ed99d4356a77/datanode-1/data/ratis/6f281208-ccce-47bb-bec1-aaa54604aad4/current/log_inprogress_0
2019-10-13 20:35:04,524 [77fcd7a7-6bb2-492f-960d-fa5100459bab@group-C81D79C36E85-SegmentedRaftLogWorker] INFO  segmented.SegmentedRaftLogWorker (SegmentedRaftLogWorker.java:execute(574)) - 77fcd7a7-6bb2-492f-960d-fa5100459bab@group-C81D79C36E85-SegmentedRaftLogWorker: created new log segment /workdir/hadoop-ozone/integration-test/target/test-dir/MiniOzoneClusterImpl-647792b2-b7b4-4623-b37b-ed99d4356a77/datanode-6/data/ratis/6f43616b-abc9-4377-9507-c81d79c36e85/current/log_inprogress_0
2019-10-13 20:35:04,520 [cab3cae7-f0a1-4851-a661-63d582d319d1@group-AAA54604AAD4-SegmentedRaftLogWorker] INFO  segmented.SegmentedRaftLogWorker (SegmentedRaftLogWorker.java:execute(574)) - cab3cae7-f0a1-4851-a661-63d582d319d1@group-AAA54604AAD4-SegmentedRaftLogWorker: created new log segment /workdir/hadoop-ozone/integration-test/target/test-dir/MiniOzoneClusterImpl-647792b2-b7b4-4623-b37b-ed99d4356a77/datanode-0/data/ratis/6f281208-ccce-47bb-bec1-aaa54604aad4/current/log_inprogress_0
2019-10-13 20:35:04,523 [grpc-default-executor-1] INFO  impl.RaftServerImpl (ServerState.java:setLeader(255)) - 87dd40fe-78d1-4490-b86b-73cf04ab2e1b@group-C81D79C36E85: change Leader from null to 77fcd7a7-6bb2-492f-960d-fa5100459bab at term 1 for appendEntries, leader elected after 1151ms
2019-10-13 20:35:04,523 [grpc-default-executor-4] INFO  impl.RaftServerImpl (ServerState.java:setLeader(255)) - a62c5862-2413-45e1-a25a-271607b15565@group-C81D79C36E85: change Leader from null to 77fcd7a7-6bb2-492f-960d-fa5100459bab at term 1 for appendEntries, leader elected after 1151ms
2019-10-13 20:35:04,530 [grpc-default-executor-4] INFO  impl.RaftServerImpl (ServerState.java:setRaftConf(356)) - a62c5862-2413-45e1-a25a-271607b15565@group-C81D79C36E85: set configuration 0: [77fcd7a7-6bb2-492f-960d-fa5100459bab:192.168.157.224:37718, 87dd40fe-78d1-4490-b86b-73cf04ab2e1b:192.168.157.224:36895, a62c5862-2413-45e1-a25a-271607b15565:192.168.157.224:42190], old=null at 0
2019-10-13 20:35:04,530 [grpc-default-executor-1] INFO  impl.RaftServerImpl (ServerState.java:setRaftConf(356)) - 87dd40fe-78d1-4490-b86b-73cf04ab2e1b@group-C81D79C36E85: set configuration 0: [77fcd7a7-6bb2-492f-960d-fa5100459bab:192.168.157.224:37718, 87dd40fe-78d1-4490-b86b-73cf04ab2e1b:192.168.157.224:36895, a62c5862-2413-45e1-a25a-271607b15565:192.168.157.224:42190], old=null at 0
2019-10-13 20:35:04,530 [grpc-default-executor-4] INFO  segmented.SegmentedRaftLogWorker (SegmentedRaftLogWorker.java:startLogSegment(385)) - a62c5862-2413-45e1-a25a-271607b15565@group-C81D79C36E85-SegmentedRaftLogWorker: Starting segment from index:0
2019-10-13 20:35:04,530 [grpc-default-executor-1] INFO  segmented.SegmentedRaftLogWorker (SegmentedRaftLogWorker.java:startLogSegment(385)) - 87dd40fe-78d1-4490-b86b-73cf04ab2e1b@group-C81D79C36E85-SegmentedRaftLogWorker: Starting segment from index:0
2019-10-13 20:35:04,582 [a62c5862-2413-45e1-a25a-271607b15565@group-C81D79C36E85-SegmentedRaftLogWorker] INFO  segmented.SegmentedRaftLogWorker (SegmentedRaftLogWorker.java:execute(574)) - a62c5862-2413-45e1-a25a-271607b15565@group-C81D79C36E85-SegmentedRaftLogWorker: created new log segment /workdir/hadoop-ozone/integration-test/target/test-dir/MiniOzoneClusterImpl-647792b2-b7b4-4623-b37b-ed99d4356a77/datanode-3/data/ratis/6f43616b-abc9-4377-9507-c81d79c36e85/current/log_inprogress_0
2019-10-13 20:35:04,582 [87dd40fe-78d1-4490-b86b-73cf04ab2e1b@group-C81D79C36E85-SegmentedRaftLogWorker] INFO  segmented.SegmentedRaftLogWorker (SegmentedRaftLogWorker.java:execute(574)) - 87dd40fe-78d1-4490-b86b-73cf04ab2e1b@group-C81D79C36E85-SegmentedRaftLogWorker: created new log segment /workdir/hadoop-ozone/integration-test/target/test-dir/MiniOzoneClusterImpl-647792b2-b7b4-4623-b37b-ed99d4356a77/datanode-2/data/ratis/6f43616b-abc9-4377-9507-c81d79c36e85/current/log_inprogress_0
2019-10-13 20:35:05,998 [grpc-default-executor-1] WARN  server.GrpcLogAppender (LogUtils.java:warn(134)) - 3194ff55-4fd6-4b20-b65d-8d8726a38cdd@group-0BB7D473782A->25fb0338-209f-4f69-825b-6b7257c56b18-AppendLogResponseHandler: Failed appendEntries: org.apache.ratis.thirdparty.io.grpc.StatusRuntimeException: UNAVAILABLE: io exception
2019-10-13 20:35:05,998 [grpc-default-executor-3] WARN  server.GrpcLogAppender (LogUtils.java:warn(134)) - 3194ff55-4fd6-4b20-b65d-8d8726a38cdd@group-0BB7D473782A->aadf9f79-694c-46a6-b55c-827d59c43739-AppendLogResponseHandler: Failed appendEntries: org.apache.ratis.thirdparty.io.grpc.StatusRuntimeException: UNAVAILABLE: io exception
2019-10-13 20:35:05,999 [grpc-default-executor-1] INFO  impl.FollowerInfo (FollowerInfo.java:lambda$new$0(51)) - 3194ff55-4fd6-4b20-b65d-8d8726a38cdd@group-0BB7D473782A->25fb0338-209f-4f69-825b-6b7257c56b18: nextIndex: updateUnconditionally 0 -> 0
2019-10-13 20:35:05,999 [grpc-default-executor-3] INFO  impl.FollowerInfo (FollowerInfo.java:lambda$new$0(51)) - 3194ff55-4fd6-4b20-b65d-8d8726a38cdd@group-0BB7D473782A->aadf9f79-694c-46a6-b55c-827d59c43739: nextIndex: updateUnconditionally 0 -> 0
2019-10-13 20:35:08,498 [grpc-default-executor-3] WARN  server.GrpcLogAppender (LogUtils.java:warn(134)) - 3194ff55-4fd6-4b20-b65d-8d8726a38cdd@group-0BB7D473782A->aadf9f79-694c-46a6-b55c-827d59c43739-AppendLogResponseHandler: Failed appendEntries: org.apache.ratis.thirdparty.io.grpc.StatusRuntimeException: UNAVAILABLE: io exception
2019-10-13 20:35:08,498 [grpc-default-executor-2] WARN  server.GrpcLogAppender (LogUtils.java:warn(134)) - 3194ff55-4fd6-4b20-b65d-8d8726a38cdd@group-0BB7D473782A->25fb0338-209f-4f69-825b-6b7257c56b18-AppendLogResponseHandler: Failed appendEntries: org.apache.ratis.thirdparty.io.grpc.StatusRuntimeException: UNAVAILABLE: io exception
2019-10-13 20:35:08,498 [grpc-default-executor-3] INFO  impl.FollowerInfo (FollowerInfo.java:lambda$new$0(51)) - 3194ff55-4fd6-4b20-b65d-8d8726a38cdd@group-0BB7D473782A->aadf9f79-694c-46a6-b55c-827d59c43739: nextIndex: updateUnconditionally 0 -> 0
2019-10-13 20:35:08,498 [grpc-default-executor-2] INFO  impl.FollowerInfo (FollowerInfo.java:lambda$new$0(51)) - 3194ff55-4fd6-4b20-b65d-8d8726a38cdd@group-0BB7D473782A->25fb0338-209f-4f69-825b-6b7257c56b18: nextIndex: updateUnconditionally 0 -> 0
2019-10-13 20:35:10,584 [Thread-1886] INFO  client.GrpcClientProtocolService (GrpcClientProtocolService.java:lambda$processClientRequest$0(278)) - Failed RaftClientRequest:client-5040A19082C6->3194ff55-4fd6-4b20-b65d-8d8726a38cdd@group-0BB7D473782A, cid=51, seq=0, Watch-ALL_COMMITTED(58), Message:<EMPTY>, reply=RaftClientReply:client-5040A19082C6->3194ff55-4fd6-4b20-b65d-8d8726a38cdd@group-0BB7D473782A, cid=51, FAILED org.apache.ratis.protocol.NotReplicatedException: Request with call Id 51 and log index 58 is not yet replicated to ALL_COMMITTED, logIndex=58, commits[3194ff55-4fd6-4b20-b65d-8d8726a38cdd:c2, aadf9f79-694c-46a6-b55c-827d59c43739:c2, 25fb0338-209f-4f69-825b-6b7257c56b18:c2]
2019-10-13 20:35:10,998 [grpc-default-executor-3] WARN  server.GrpcLogAppender (LogUtils.java:warn(134)) - 3194ff55-4fd6-4b20-b65d-8d8726a38cdd@group-0BB7D473782A->25fb0338-209f-4f69-825b-6b7257c56b18-AppendLogResponseHandler: Failed appendEntries: org.apache.ratis.thirdparty.io.grpc.StatusRuntimeException: UNAVAILABLE: io exception
2019-10-13 20:35:10,998 [grpc-default-executor-1] WARN  server.GrpcLogAppender (LogUtils.java:warn(134)) - 3194ff55-4fd6-4b20-b65d-8d8726a38cdd@group-0BB7D473782A->aadf9f79-694c-46a6-b55c-827d59c43739-AppendLogResponseHandler: Failed appendEntries: org.apache.ratis.thirdparty.io.grpc.StatusRuntimeException: UNAVAILABLE: io exception
2019-10-13 20:35:11,004 [grpc-default-executor-3] INFO  impl.FollowerInfo (FollowerInfo.java:lambda$new$0(51)) - 3194ff55-4fd6-4b20-b65d-8d8726a38cdd@group-0BB7D473782A->25fb0338-209f-4f69-825b-6b7257c56b18: nextIndex: updateUnconditionally 0 -> 0
2019-10-13 20:35:11,004 [grpc-default-executor-1] INFO  impl.FollowerInfo (FollowerInfo.java:lambda$new$0(51)) - 3194ff55-4fd6-4b20-b65d-8d8726a38cdd@group-0BB7D473782A->aadf9f79-694c-46a6-b55c-827d59c43739: nextIndex: updateUnconditionally 0 -> 0
2019-10-13 20:35:11,584 [Thread-1897] INFO  client.GrpcClientProtocolService (GrpcClientProtocolService.java:lambda$processClientRequest$0(278)) - Failed RaftClientRequest:client-5040A19082C6->3194ff55-4fd6-4b20-b65d-8d8726a38cdd@group-0BB7D473782A, cid=52, seq=0, Watch-MAJORITY_COMMITTED(58), Message:<EMPTY>, reply=RaftClientReply:client-5040A19082C6->3194ff55-4fd6-4b20-b65d-8d8726a38cdd@group-0BB7D473782A, cid=52, FAILED org.apache.ratis.protocol.NotReplicatedException: Request with call Id 52 and log index 58 is not yet replicated to MAJORITY_COMMITTED, logIndex=58, commits[3194ff55-4fd6-4b20-b65d-8d8726a38cdd:c2, aadf9f79-694c-46a6-b55c-827d59c43739:c2, 25fb0338-209f-4f69-825b-6b7257c56b18:c2]
2019-10-13 20:35:13,501 [grpc-default-executor-2] WARN  server.GrpcLogAppender (LogUtils.java:warn(134)) - 3194ff55-4fd6-4b20-b65d-8d8726a38cdd@group-0BB7D473782A->25fb0338-209f-4f69-825b-6b7257c56b18-AppendLogResponseHandler: Failed appendEntries: org.apache.ratis.thirdparty.io.grpc.StatusRuntimeException: UNAVAILABLE: io exception
2019-10-13 20:35:13,501 [grpc-default-executor-4] WARN  server.GrpcLogAppender (LogUtils.java:warn(134)) - 3194ff55-4fd6-4b20-b65d-8d8726a38cdd@group-0BB7D473782A->aadf9f79-694c-46a6-b55c-827d59c43739-AppendLogResponseHandler: Failed appendEntries: org.apache.ratis.thirdparty.io.grpc.StatusRuntimeException: UNAVAILABLE: io exception
2019-10-13 20:35:13,506 [grpc-default-executor-2] INFO  impl.FollowerInfo (FollowerInfo.java:lambda$new$0(51)) - 3194ff55-4fd6-4b20-b65d-8d8726a38cdd@group-0BB7D473782A->25fb0338-209f-4f69-825b-6b7257c56b18: nextIndex: updateUnconditionally 0 -> 0
2019-10-13 20:35:13,506 [grpc-default-executor-4] INFO  impl.FollowerInfo (FollowerInfo.java:lambda$new$0(51)) - 3194ff55-4fd6-4b20-b65d-8d8726a38cdd@group-0BB7D473782A->aadf9f79-694c-46a6-b55c-827d59c43739: nextIndex: updateUnconditionally 0 -> 0
2019-10-13 20:35:16,002 [grpc-default-executor-0] WARN  server.GrpcLogAppender (LogUtils.java:warn(134)) - 3194ff55-4fd6-4b20-b65d-8d8726a38cdd@group-0BB7D473782A->aadf9f79-694c-46a6-b55c-827d59c43739-AppendLogResponseHandler: Failed appendEntries: org.apache.ratis.thirdparty.io.grpc.StatusRuntimeException: UNAVAILABLE: io exception
2019-10-13 20:35:16,002 [grpc-default-executor-5] WARN  server.GrpcLogAppender (LogUtils.java:warn(134)) - 3194ff55-4fd6-4b20-b65d-8d8726a38cdd@group-0BB7D473782A->25fb0338-209f-4f69-825b-6b7257c56b18-AppendLogResponseHandler: Failed appendEntries: org.apache.ratis.thirdparty.io.grpc.StatusRuntimeException: UNAVAILABLE: io exception
2019-10-13 20:35:16,003 [grpc-default-executor-0] INFO  impl.FollowerInfo (FollowerInfo.java:lambda$new$0(51)) - 3194ff55-4fd6-4b20-b65d-8d8726a38cdd@group-0BB7D473782A->aadf9f79-694c-46a6-b55c-827d59c43739: nextIndex: updateUnconditionally 0 -> 0
2019-10-13 20:35:16,003 [grpc-default-executor-5] INFO  impl.FollowerInfo (FollowerInfo.java:lambda$new$0(51)) - 3194ff55-4fd6-4b20-b65d-8d8726a38cdd@group-0BB7D473782A->25fb0338-209f-4f69-825b-6b7257c56b18: nextIndex: updateUnconditionally 0 -> 0
2019-10-13 20:35:18,502 [grpc-default-executor-1] WARN  server.GrpcLogAppender (LogUtils.java:warn(134)) - 3194ff55-4fd6-4b20-b65d-8d8726a38cdd@group-0BB7D473782A->aadf9f79-694c-46a6-b55c-827d59c43739-AppendLogResponseHandler: Failed appendEntries: org.apache.ratis.thirdparty.io.grpc.StatusRuntimeException: UNAVAILABLE: io exception
2019-10-13 20:35:18,502 [grpc-default-executor-3] WARN  server.GrpcLogAppender (LogUtils.java:warn(134)) - 3194ff55-4fd6-4b20-b65d-8d8726a38cdd@group-0BB7D473782A->25fb0338-209f-4f69-825b-6b7257c56b18-AppendLogResponseHandler: Failed appendEntries: org.apache.ratis.thirdparty.io.grpc.StatusRuntimeException: UNAVAILABLE: io exception
2019-10-13 20:35:18,503 [grpc-default-executor-1] INFO  impl.FollowerInfo (FollowerInfo.java:lambda$new$0(51)) - 3194ff55-4fd6-4b20-b65d-8d8726a38cdd@group-0BB7D473782A->aadf9f79-694c-46a6-b55c-827d59c43739: nextIndex: updateUnconditionally 0 -> 0
2019-10-13 20:35:18,503 [grpc-default-executor-3] INFO  impl.FollowerInfo (FollowerInfo.java:lambda$new$0(51)) - 3194ff55-4fd6-4b20-b65d-8d8726a38cdd@group-0BB7D473782A->25fb0338-209f-4f69-825b-6b7257c56b18: nextIndex: updateUnconditionally 0 -> 0
]]></system-out>
    <system-err><![CDATA[Oct 13, 2019 8:34:35 PM org.apache.ratis.thirdparty.io.grpc.internal.SerializingExecutor run
SEVERE: Exception while executing runnable org.apache.ratis.thirdparty.io.grpc.internal.ServerImpl$JumpToApplicationThreadServerStreamListener$1Closed@74f0e72d
org.apache.ratis.thirdparty.io.grpc.StatusRuntimeException: CANCELLED: call already cancelled
	at org.apache.ratis.thirdparty.io.grpc.Status.asRuntimeException(Status.java:517)
	at org.apache.ratis.thirdparty.io.grpc.stub.ServerCalls$ServerCallStreamObserverImpl.onCompleted(ServerCalls.java:356)
	at org.apache.ratis.grpc.server.GrpcServerProtocolService$ServerRequestStreamObserver.onError(GrpcServerProtocolService.java:121)
	at org.apache.ratis.thirdparty.io.grpc.stub.ServerCalls$StreamingServerCallHandler$StreamingServerCallListener.onCancel(ServerCalls.java:269)
	at org.apache.ratis.thirdparty.io.grpc.internal.ServerCallImpl$ServerStreamListenerImpl.closed(ServerCallImpl.java:293)
	at org.apache.ratis.thirdparty.io.grpc.internal.ServerImpl$JumpToApplicationThreadServerStreamListener$1Closed.runInContext(ServerImpl.java:741)
	at org.apache.ratis.thirdparty.io.grpc.internal.ContextRunnable.run(ContextRunnable.java:37)
	at org.apache.ratis.thirdparty.io.grpc.internal.SerializingExecutor.run(SerializingExecutor.java:123)
	at java.util.concurrent.ThreadPoolExecutor.runWorker(ThreadPoolExecutor.java:1149)
	at java.util.concurrent.ThreadPoolExecutor$Worker.run(ThreadPoolExecutor.java:624)
	at java.lang.Thread.run(Thread.java:748)

Oct 13, 2019 8:34:37 PM org.apache.ratis.thirdparty.io.grpc.internal.ManagedChannelOrphanWrapper$ManagedChannelReference cleanQueue
SEVERE: *~*~*~ Channel ManagedChannelImpl{logId=539, target=192.168.157.224:39816} was not shutdown properly!!! ~*~*~*
    Make sure to call shutdown()/shutdownNow() and wait until awaitTermination() returns true.
java.lang.RuntimeException: ManagedChannel allocation site
	at org.apache.ratis.thirdparty.io.grpc.internal.ManagedChannelOrphanWrapper$ManagedChannelReference.<init>(ManagedChannelOrphanWrapper.java:103)
	at org.apache.ratis.thirdparty.io.grpc.internal.ManagedChannelOrphanWrapper.<init>(ManagedChannelOrphanWrapper.java:53)
	at org.apache.ratis.thirdparty.io.grpc.internal.ManagedChannelOrphanWrapper.<init>(ManagedChannelOrphanWrapper.java:44)
	at org.apache.ratis.thirdparty.io.grpc.internal.AbstractManagedChannelImplBuilder.build(AbstractManagedChannelImplBuilder.java:411)
	at org.apache.ratis.grpc.client.GrpcClientProtocolClient.<init>(GrpcClientProtocolClient.java:128)
	at org.apache.ratis.grpc.client.GrpcClientRpc.lambda$new$0(GrpcClientRpc.java:55)
	at org.apache.ratis.util.PeerProxyMap$PeerAndProxy.lambda$getProxy$0(PeerProxyMap.java:61)
	at org.apache.ratis.util.LifeCycle.startAndTransition(LifeCycle.java:202)
	at org.apache.ratis.util.PeerProxyMap$PeerAndProxy.getProxy(PeerProxyMap.java:60)
	at org.apache.ratis.util.PeerProxyMap.getProxy(PeerProxyMap.java:108)
	at org.apache.ratis.grpc.client.GrpcClientRpc.sendRequestAsyncUnordered(GrpcClientRpc.java:78)
	at org.apache.ratis.client.impl.UnorderedAsync.sendRequestWithRetry(UnorderedAsync.java:75)
	at org.apache.ratis.client.impl.UnorderedAsync.lambda$null$2(UnorderedAsync.java:120)
	at org.apache.ratis.util.TimeoutScheduler.lambda$onTimeout$0(TimeoutScheduler.java:113)
	at org.apache.ratis.util.TimeoutScheduler.lambda$onTimeout$1(TimeoutScheduler.java:133)
	at org.apache.ratis.util.LogUtils.runAndLog(LogUtils.java:50)
	at org.apache.ratis.util.LogUtils$1.run(LogUtils.java:91)
	at java.util.concurrent.Executors$RunnableAdapter.call(Executors.java:511)
	at java.util.concurrent.FutureTask.run(FutureTask.java:266)
	at java.util.concurrent.ScheduledThreadPoolExecutor$ScheduledFutureTask.access$201(ScheduledThreadPoolExecutor.java:180)
	at java.util.concurrent.ScheduledThreadPoolExecutor$ScheduledFutureTask.run(ScheduledThreadPoolExecutor.java:293)
	at java.util.concurrent.ThreadPoolExecutor.runWorker(ThreadPoolExecutor.java:1149)
	at java.util.concurrent.ThreadPoolExecutor$Worker.run(ThreadPoolExecutor.java:624)
	at java.lang.Thread.run(Thread.java:748)

Oct 13, 2019 8:34:40 PM org.apache.ratis.thirdparty.io.grpc.internal.SerializingExecutor run
SEVERE: Exception while executing runnable org.apache.ratis.thirdparty.io.grpc.internal.ServerImpl$JumpToApplicationThreadServerStreamListener$1Closed@68c49a7e
org.apache.ratis.thirdparty.io.grpc.StatusRuntimeException: CANCELLED: call already cancelled
	at org.apache.ratis.thirdparty.io.grpc.Status.asRuntimeException(Status.java:517)
	at org.apache.ratis.thirdparty.io.grpc.stub.ServerCalls$ServerCallStreamObserverImpl.onCompleted(ServerCalls.java:356)
	at org.apache.ratis.grpc.server.GrpcServerProtocolService$ServerRequestStreamObserver.onError(GrpcServerProtocolService.java:121)
	at org.apache.ratis.thirdparty.io.grpc.stub.ServerCalls$StreamingServerCallHandler$StreamingServerCallListener.onCancel(ServerCalls.java:269)
	at org.apache.ratis.thirdparty.io.grpc.internal.ServerCallImpl$ServerStreamListenerImpl.closed(ServerCallImpl.java:293)
	at org.apache.ratis.thirdparty.io.grpc.internal.ServerImpl$JumpToApplicationThreadServerStreamListener$1Closed.runInContext(ServerImpl.java:741)
	at org.apache.ratis.thirdparty.io.grpc.internal.ContextRunnable.run(ContextRunnable.java:37)
	at org.apache.ratis.thirdparty.io.grpc.internal.SerializingExecutor.run(SerializingExecutor.java:123)
	at java.util.concurrent.ThreadPoolExecutor.runWorker(ThreadPoolExecutor.java:1149)
	at java.util.concurrent.ThreadPoolExecutor$Worker.run(ThreadPoolExecutor.java:624)
	at java.lang.Thread.run(Thread.java:748)

]]></system-err>
  </testcase>
  <testcase name="testWatchForCommitForGroupMismatchException" classname="org.apache.hadoop.ozone.client.rpc.TestWatchForCommit" time="33.188"/>
  <testcase name="test2WayCommitForTimeoutException" classname="org.apache.hadoop.ozone.client.rpc.TestWatchForCommit" time="28.909">
    <error message="org.apache.ratis.protocol.RaftRetryFailureException: Failed RaftClientRequest:client-85A3F5AC137A-&gt;8e79af81-6182-484d-86a0-25203e14f91e@group-857DC167E741, cid=100, seq=2*, RW, cmdType: CloseContainer&#10;traceID: &quot;5caf847c6bd5b786:5caf847c6bd5b786:0:0&quot;&#10;containerID: 1&#10;datanodeUuid: &quot;d674a472-63db-487e-83ee-37e9251a237b&quot;&#10;closeContainer {&#10;}&#10;, data.size=0 for 20 attempts with RetryLimited(maxAttempts=20, sleepTime=1000ms)" type="java.util.concurrent.ExecutionException">java.util.concurrent.ExecutionException: 
org.apache.ratis.protocol.RaftRetryFailureException: Failed RaftClientRequest:client-85A3F5AC137A->8e79af81-6182-484d-86a0-25203e14f91e@group-857DC167E741, cid=100, seq=2*, RW, cmdType: CloseContainer
traceID: "5caf847c6bd5b786:5caf847c6bd5b786:0:0"
containerID: 1
datanodeUuid: "d674a472-63db-487e-83ee-37e9251a237b"
closeContainer {
}
, data.size=0 for 20 attempts with RetryLimited(maxAttempts=20, sleepTime=1000ms)
	at java.util.concurrent.CompletableFuture.reportGet(CompletableFuture.java:357)
	at java.util.concurrent.CompletableFuture.get(CompletableFuture.java:1895)
	at org.apache.hadoop.ozone.client.rpc.TestWatchForCommit.test2WayCommitForTimeoutException(TestWatchForCommit.java:390)
	at sun.reflect.NativeMethodAccessorImpl.invoke0(Native Method)
	at sun.reflect.NativeMethodAccessorImpl.invoke(NativeMethodAccessorImpl.java:62)
	at sun.reflect.DelegatingMethodAccessorImpl.invoke(DelegatingMethodAccessorImpl.java:43)
	at java.lang.reflect.Method.invoke(Method.java:498)
	at org.junit.runners.model.FrameworkMethod$1.runReflectiveCall(FrameworkMethod.java:47)
	at org.junit.internal.runners.model.ReflectiveCallable.run(ReflectiveCallable.java:12)
	at org.junit.runners.model.FrameworkMethod.invokeExplosively(FrameworkMethod.java:44)
	at org.junit.internal.runners.statements.InvokeMethod.evaluate(InvokeMethod.java:17)
	at org.junit.runners.ParentRunner.runLeaf(ParentRunner.java:271)
	at org.junit.runners.BlockJUnit4ClassRunner.runChild(BlockJUnit4ClassRunner.java:70)
	at org.junit.runners.BlockJUnit4ClassRunner.runChild(BlockJUnit4ClassRunner.java:50)
	at org.junit.runners.ParentRunner$3.run(ParentRunner.java:238)
	at org.junit.runners.ParentRunner$1.schedule(ParentRunner.java:63)
	at org.junit.runners.ParentRunner.runChildren(ParentRunner.java:236)
	at org.junit.runners.ParentRunner.access$000(ParentRunner.java:53)
	at org.junit.runners.ParentRunner$2.evaluate(ParentRunner.java:229)
	at org.junit.runners.ParentRunner.run(ParentRunner.java:309)
	at org.apache.maven.surefire.junit4.JUnit4Provider.execute(JUnit4Provider.java:365)
	at org.apache.maven.surefire.junit4.JUnit4Provider.executeWithRerun(JUnit4Provider.java:273)
	at org.apache.maven.surefire.junit4.JUnit4Provider.executeTestSet(JUnit4Provider.java:238)
	at org.apache.maven.surefire.junit4.JUnit4Provider.invoke(JUnit4Provider.java:159)
	at org.apache.maven.surefire.booter.ForkedBooter.invokeProviderInSameClassLoader(ForkedBooter.java:384)
	at org.apache.maven.surefire.booter.ForkedBooter.runSuitesInProcess(ForkedBooter.java:345)
	at org.apache.maven.surefire.booter.ForkedBooter.execute(ForkedBooter.java:126)
	at org.apache.maven.surefire.booter.ForkedBooter.main(ForkedBooter.java:418)
Caused by: org.apache.ratis.protocol.RaftRetryFailureException: Failed RaftClientRequest:client-85A3F5AC137A->8e79af81-6182-484d-86a0-25203e14f91e@group-857DC167E741, cid=100, seq=2*, RW, cmdType: CloseContainer
traceID: "5caf847c6bd5b786:5caf847c6bd5b786:0:0"
containerID: 1
datanodeUuid: "d674a472-63db-487e-83ee-37e9251a237b"
closeContainer {
}
, data.size=0 for 20 attempts with RetryLimited(maxAttempts=20, sleepTime=1000ms)
	at org.apache.ratis.client.impl.RaftClientImpl.noMoreRetries(RaftClientImpl.java:271)
	at org.apache.ratis.client.impl.OrderedAsync.handleAsyncRetryFailure(OrderedAsync.java:138)
	at org.apache.ratis.client.impl.OrderedAsync.lambda$sendRequest$10(OrderedAsync.java:230)
	at java.util.concurrent.CompletableFuture.uniExceptionally(CompletableFuture.java:870)
	at java.util.concurrent.CompletableFuture$UniExceptionally.tryFire(CompletableFuture.java:852)
	at java.util.concurrent.CompletableFuture.postComplete(CompletableFuture.java:474)
	at java.util.concurrent.CompletableFuture.completeExceptionally(CompletableFuture.java:1977)
	at org.apache.ratis.grpc.client.GrpcClientProtocolClient$AsyncStreamObservers.completeReplyExceptionally(GrpcClientProtocolClient.java:345)
	at org.apache.ratis.grpc.client.GrpcClientProtocolClient$AsyncStreamObservers.access$000(GrpcClientProtocolClient.java:261)
	at org.apache.ratis.grpc.client.GrpcClientProtocolClient$AsyncStreamObservers$1.onNext(GrpcClientProtocolClient.java:273)
	at org.apache.ratis.grpc.client.GrpcClientProtocolClient$AsyncStreamObservers$1.onNext(GrpcClientProtocolClient.java:264)
	at org.apache.ratis.thirdparty.io.grpc.stub.ClientCalls$StreamObserverToCallListenerAdapter.onMessage(ClientCalls.java:421)
	at org.apache.ratis.thirdparty.io.grpc.ForwardingClientCallListener.onMessage(ForwardingClientCallListener.java:33)
	at org.apache.ratis.thirdparty.io.grpc.ForwardingClientCallListener.onMessage(ForwardingClientCallListener.java:33)
	at org.apache.ratis.thirdparty.io.grpc.internal.ClientCallImpl$ClientStreamListenerImpl$1MessagesAvailable.runInContext(ClientCallImpl.java:519)
	at org.apache.ratis.thirdparty.io.grpc.internal.ContextRunnable.run(ContextRunnable.java:37)
	at org.apache.ratis.thirdparty.io.grpc.internal.SerializingExecutor.run(SerializingExecutor.java:123)
	at java.util.concurrent.ThreadPoolExecutor.runWorker(ThreadPoolExecutor.java:1149)
	at java.util.concurrent.ThreadPoolExecutor$Worker.run(ThreadPoolExecutor.java:624)
	at java.lang.Thread.run(Thread.java:748)
Caused by: org.apache.ratis.protocol.NotLeaderException: Server 8e79af81-6182-484d-86a0-25203e14f91e@group-857DC167E741 is not the leader
	at org.apache.ratis.client.impl.ClientProtoUtils.toRaftClientReply(ClientProtoUtils.java:243)
	at org.apache.ratis.grpc.client.GrpcClientProtocolClient$AsyncStreamObservers$1.onNext(GrpcClientProtocolClient.java:269)
	... 10 more
</error>
    <system-out><![CDATA[2019-10-13 20:35:53,561 [main] WARN  server.ServerUtils (ServerUtils.java:getScmDbDir(145)) - ozone.scm.db.dirs is not configured. We recommend adding this setting. Falling back to ozone.metadata.dirs instead.
2019-10-13 20:35:53,575 [main] WARN  server.ServerUtils (ServerUtils.java:getScmDbDir(145)) - ozone.scm.db.dirs is not configured. We recommend adding this setting. Falling back to ozone.metadata.dirs instead.
2019-10-13 20:35:53,576 [main] WARN  server.ServerUtils (ServerUtils.java:getScmDbDir(145)) - ozone.scm.db.dirs is not configured. We recommend adding this setting. Falling back to ozone.metadata.dirs instead.
2019-10-13 20:35:53,576 [main] INFO  db.DBStoreBuilder (DBStoreBuilder.java:addTable(117)) - using custom profile for table: deletedBlocks
2019-10-13 20:35:53,576 [main] INFO  db.DBStoreBuilder (DBStoreBuilder.java:processTables(168)) - Using default column profile:DBProfile.DISK for Table:deletedBlocks
2019-10-13 20:35:53,577 [main] INFO  db.DBStoreBuilder (DBStoreBuilder.java:addTable(117)) - using custom profile for table: validCerts
2019-10-13 20:35:53,577 [main] INFO  db.DBStoreBuilder (DBStoreBuilder.java:processTables(168)) - Using default column profile:DBProfile.DISK for Table:validCerts
2019-10-13 20:35:53,577 [main] INFO  db.DBStoreBuilder (DBStoreBuilder.java:addTable(117)) - using custom profile for table: revokedCerts
2019-10-13 20:35:53,577 [main] INFO  db.DBStoreBuilder (DBStoreBuilder.java:processTables(168)) - Using default column profile:DBProfile.DISK for Table:revokedCerts
2019-10-13 20:35:53,577 [main] INFO  db.DBStoreBuilder (DBStoreBuilder.java:addTable(117)) - using custom profile for table: default
2019-10-13 20:35:53,578 [main] INFO  db.DBStoreBuilder (DBStoreBuilder.java:processTables(174)) - Using default column profile:DBProfile.DISK for Table:default
2019-10-13 20:35:53,578 [main] INFO  db.DBStoreBuilder (DBStoreBuilder.java:getDbProfile(205)) - Using default options. DBProfile.DISK
2019-10-13 20:35:53,584 [Thread-2696] INFO  client.GrpcClientProtocolService (GrpcClientProtocolService.java:lambda$processClientRequest$0(278)) - Failed RaftClientRequest:client-5040A19082C6->3194ff55-4fd6-4b20-b65d-8d8726a38cdd@group-0BB7D473782A, cid=52, seq=0, Watch-MAJORITY_COMMITTED(58), Message:<EMPTY>, reply=RaftClientReply:client-5040A19082C6->3194ff55-4fd6-4b20-b65d-8d8726a38cdd@group-0BB7D473782A, cid=52, FAILED org.apache.ratis.protocol.NotReplicatedException: Request with call Id 52 and log index 58 is not yet replicated to MAJORITY_COMMITTED, logIndex=58, commits[3194ff55-4fd6-4b20-b65d-8d8726a38cdd:c2, aadf9f79-694c-46a6-b55c-827d59c43739:c2, 25fb0338-209f-4f69-825b-6b7257c56b18:c2]
2019-10-13 20:35:53,584 [Thread-2697] INFO  client.GrpcClientProtocolService (GrpcClientProtocolService.java:lambda$processClientRequest$0(278)) - Failed RaftClientRequest:client-5040A19082C6->3194ff55-4fd6-4b20-b65d-8d8726a38cdd@group-0BB7D473782A, cid=51, seq=0, Watch-ALL_COMMITTED(58), Message:<EMPTY>, reply=RaftClientReply:client-5040A19082C6->3194ff55-4fd6-4b20-b65d-8d8726a38cdd@group-0BB7D473782A, cid=51, FAILED org.apache.ratis.protocol.NotReplicatedException: Request with call Id 51 and log index 58 is not yet replicated to ALL_COMMITTED, logIndex=58, commits[3194ff55-4fd6-4b20-b65d-8d8726a38cdd:c2, aadf9f79-694c-46a6-b55c-827d59c43739:c2, 25fb0338-209f-4f69-825b-6b7257c56b18:c2]
2019-10-13 20:35:53,803 [main] INFO  net.NodeSchemaLoader (NodeSchemaLoader.java:loadSchemaFromFile(125)) - Loading file from sun.misc.CompoundEnumeration@1a531422
2019-10-13 20:35:53,809 [main] INFO  net.NodeSchemaLoader (NodeSchemaLoader.java:loadSchema(171)) - Loading network topology layer schema file
2019-10-13 20:35:53,814 [main] WARN  server.ServerUtils (ServerUtils.java:sanitizeUserArgs(70)) - ozone.scm.stale.node.interval value = 300000 is larger than max = 100000 based on the key value of ozone.scm.heartbeat.thread.interval, reset to the max value 100000.
2019-10-13 20:35:53,814 [main] WARN  server.ServerUtils (ServerUtils.java:sanitizeUserArgs(70)) - ozone.scm.stale.node.interval value = 300000 is larger than max = 100000 based on the key value of ozone.scm.heartbeat.thread.interval, reset to the max value 100000.
2019-10-13 20:35:53,815 [main] INFO  node.SCMNodeManager (SCMNodeManager.java:<init>(116)) - Entering startup safe mode.
2019-10-13 20:35:53,816 [main] INFO  algorithms.ContainerPlacementPolicyFactory (ContainerPlacementPolicyFactory.java:getPolicy(57)) - Create container placement policy of type org.apache.hadoop.hdds.scm.container.placement.algorithms.SCMContainerPlacementRandom
2019-10-13 20:35:53,816 [main] WARN  server.ServerUtils (ServerUtils.java:getScmDbDir(145)) - ozone.scm.db.dirs is not configured. We recommend adding this setting. Falling back to ozone.metadata.dirs instead.
2019-10-13 20:35:53,907 [main] INFO  pipeline.SCMPipelineManager (SCMPipelineManager.java:initializePipelineState(132)) - No pipeline exists in current db
2019-10-13 20:35:53,907 [main] WARN  server.ServerUtils (ServerUtils.java:getScmDbDir(145)) - ozone.scm.db.dirs is not configured. We recommend adding this setting. Falling back to ozone.metadata.dirs instead.
2019-10-13 20:35:53,996 [main] WARN  events.EventQueue (EventQueue.java:fireEvent(183)) - No event handler registered for event TypedEvent{payloadType=SafeModeStatus, name='SafeModeStatus'}
2019-10-13 20:35:53,997 [main] INFO  ipc.CallQueueManager (CallQueueManager.java:<init>(84)) - Using callQueue: class java.util.concurrent.LinkedBlockingQueue, queueCapacity: 2000, scheduler: class org.apache.hadoop.ipc.DefaultRpcScheduler, ipcBackoff: false.
2019-10-13 20:35:53,998 [Socket Reader #1 for port 36807] INFO  ipc.Server (Server.java:run(1074)) - Starting Socket Reader #1 for port 36807
2019-10-13 20:35:54,008 [main] INFO  ipc.CallQueueManager (CallQueueManager.java:<init>(84)) - Using callQueue: class java.util.concurrent.LinkedBlockingQueue, queueCapacity: 2000, scheduler: class org.apache.hadoop.ipc.DefaultRpcScheduler, ipcBackoff: false.
2019-10-13 20:35:54,009 [Socket Reader #1 for port 43037] INFO  ipc.Server (Server.java:run(1074)) - Starting Socket Reader #1 for port 43037
2019-10-13 20:35:54,014 [main] INFO  ipc.CallQueueManager (CallQueueManager.java:<init>(84)) - Using callQueue: class java.util.concurrent.LinkedBlockingQueue, queueCapacity: 2000, scheduler: class org.apache.hadoop.ipc.DefaultRpcScheduler, ipcBackoff: false.
2019-10-13 20:35:54,014 [Socket Reader #1 for port 45332] INFO  ipc.Server (Server.java:run(1074)) - Starting Socket Reader #1 for port 45332
2019-10-13 20:35:54,019 [main] INFO  hdfs.DFSUtil (DFSUtil.java:httpServerTemplateForNNAndJN(1641)) - Starting Web-server for scm at: http://0.0.0.0:0
2019-10-13 20:35:54,022 [main] INFO  server.AuthenticationFilter (AuthenticationFilter.java:constructSecretProvider(240)) - Unable to initialize FileSignerSecretProvider, falling back to use random secrets.
2019-10-13 20:35:54,023 [main] WARN  http.HttpRequestLog (HttpRequestLog.java:getRequestLog(97)) - Jetty request log can only be enabled using Log4j
2019-10-13 20:35:54,025 [main] INFO  http.HttpServer2 (HttpServer2.java:addGlobalFilter(975)) - Added global filter 'safety' (class=org.apache.hadoop.http.HttpServer2$QuotingInputFilter)
2019-10-13 20:35:54,026 [main] INFO  http.HttpServer2 (HttpServer2.java:addFilter(948)) - Added filter static_user_filter (class=org.apache.hadoop.http.lib.StaticUserWebFilter$StaticUserFilter) to context scm
2019-10-13 20:35:54,027 [main] INFO  http.HttpServer2 (HttpServer2.java:addFilter(958)) - Added filter static_user_filter (class=org.apache.hadoop.http.lib.StaticUserWebFilter$StaticUserFilter) to context logs
2019-10-13 20:35:54,027 [main] INFO  http.HttpServer2 (HttpServer2.java:addFilter(958)) - Added filter static_user_filter (class=org.apache.hadoop.http.lib.StaticUserWebFilter$StaticUserFilter) to context static
2019-10-13 20:35:54,030 [main] INFO  server.StorageContainerManager (StorageContainerManager.java:start(772)) - StorageContainerLocationProtocol RPC server is listening at /0.0.0.0:45332
2019-10-13 20:35:54,034 [main] WARN  impl.MetricsConfig (MetricsConfig.java:loadFirst(134)) - Cannot locate configuration: tried hadoop-metrics2-storagecontainermanager.properties,hadoop-metrics2.properties
2019-10-13 20:35:54,035 [main] INFO  impl.MetricsSystemImpl (MetricsSystemImpl.java:startTimer(374)) - Scheduled Metric snapshot period at 10 second(s).
2019-10-13 20:35:54,035 [main] INFO  impl.MetricsSystemImpl (MetricsSystemImpl.java:start(191)) - StorageContainerManager metrics system started
2019-10-13 20:35:54,830 [main] WARN  impl.MetricsSystemImpl (MetricsSystemImpl.java:register(276)) - Sink prometheus already exists!
2019-10-13 20:35:56,017 [grpc-default-executor-4] WARN  server.GrpcLogAppender (LogUtils.java:warn(134)) - 3194ff55-4fd6-4b20-b65d-8d8726a38cdd@group-0BB7D473782A->aadf9f79-694c-46a6-b55c-827d59c43739-AppendLogResponseHandler: Failed appendEntries: org.apache.ratis.thirdparty.io.grpc.StatusRuntimeException: UNAVAILABLE: io exception
2019-10-13 20:35:56,017 [grpc-default-executor-5] WARN  server.GrpcLogAppender (LogUtils.java:warn(134)) - 3194ff55-4fd6-4b20-b65d-8d8726a38cdd@group-0BB7D473782A->25fb0338-209f-4f69-825b-6b7257c56b18-AppendLogResponseHandler: Failed appendEntries: org.apache.ratis.thirdparty.io.grpc.StatusRuntimeException: UNAVAILABLE: io exception
2019-10-13 20:35:56,019 [grpc-default-executor-4] INFO  impl.FollowerInfo (FollowerInfo.java:lambda$new$0(51)) - 3194ff55-4fd6-4b20-b65d-8d8726a38cdd@group-0BB7D473782A->aadf9f79-694c-46a6-b55c-827d59c43739: nextIndex: updateUnconditionally 0 -> 0
2019-10-13 20:35:56,019 [grpc-default-executor-5] INFO  impl.FollowerInfo (FollowerInfo.java:lambda$new$0(51)) - 3194ff55-4fd6-4b20-b65d-8d8726a38cdd@group-0BB7D473782A->25fb0338-209f-4f69-825b-6b7257c56b18: nextIndex: updateUnconditionally 0 -> 0
2019-10-13 20:35:56,062 [main] INFO  server.SCMClientProtocolServer (SCMClientProtocolServer.java:start(159)) - RPC server for Client  is listening at /0.0.0.0:45332
2019-10-13 20:35:56,062 [IPC Server Responder] INFO  ipc.Server (Server.java:run(1314)) - IPC Server Responder: starting
2019-10-13 20:35:56,062 [IPC Server listener on 45332] INFO  ipc.Server (Server.java:run(1153)) - IPC Server listener on 45332: starting
2019-10-13 20:35:56,074 [main] INFO  server.StorageContainerManager (StorageContainerManager.java:start(782)) - ScmBlockLocationProtocol RPC server is listening at /0.0.0.0:43037
2019-10-13 20:35:56,074 [main] INFO  server.SCMBlockProtocolServer (SCMBlockProtocolServer.java:start(146)) - RPC server for Block Protocol is listening at /0.0.0.0:43037
2019-10-13 20:35:56,075 [IPC Server Responder] INFO  ipc.Server (Server.java:run(1314)) - IPC Server Responder: starting
2019-10-13 20:35:56,075 [IPC Server listener on 43037] INFO  ipc.Server (Server.java:run(1153)) - IPC Server listener on 43037: starting
2019-10-13 20:35:56,084 [main] INFO  server.StorageContainerManager (StorageContainerManager.java:start(786)) - ScmDatanodeProtocl RPC server is listening at /0.0.0.0:36807
2019-10-13 20:35:56,084 [main] INFO  server.SCMDatanodeProtocolServer (SCMDatanodeProtocolServer.java:start(169)) - RPC server for DataNodes is listening at /0.0.0.0:36807
2019-10-13 20:35:56,085 [IPC Server Responder] INFO  ipc.Server (Server.java:run(1314)) - IPC Server Responder: starting
2019-10-13 20:35:56,085 [IPC Server listener on 36807] INFO  ipc.Server (Server.java:run(1153)) - IPC Server listener on 36807: starting
2019-10-13 20:35:56,094 [main] INFO  http.HttpServer2 (HttpServer2.java:bindListener(1191)) - Jetty bound to port 45067
2019-10-13 20:35:56,095 [main] INFO  server.Server (Server.java:doStart(351)) - jetty-9.3.25.v20180904, build timestamp: 2018-09-04T21:11:46Z, git hash: 3ce520221d0240229c862b122d2b06c12a625732
2019-10-13 20:35:56,098 [main] INFO  handler.ContextHandler (ContextHandler.java:doStart(781)) - Started o.e.j.s.ServletContextHandler@26d5a317{/logs,file:///workdir/hadoop-ozone/integration-test/target/log,AVAILABLE}
2019-10-13 20:35:56,099 [main] INFO  handler.ContextHandler (ContextHandler.java:doStart(781)) - Started o.e.j.s.ServletContextHandler@5a090f62{/static,file:///workdir/hadoop-ozone/integration-test/target/test-classes/webapps/static,AVAILABLE}
2019-10-13 20:35:56,105 [main] INFO  handler.ContextHandler (ContextHandler.java:doStart(781)) - Started o.e.j.w.WebAppContext@f245bdd{/,file:///workdir/hadoop-ozone/integration-test/target/test-classes/webapps/scm/,AVAILABLE}{/scm}
2019-10-13 20:35:56,110 [main] INFO  server.AbstractConnector (AbstractConnector.java:doStart(278)) - Started ServerConnector@6af609ea{HTTP/1.1,[http/1.1]}{0.0.0.0:45067}
2019-10-13 20:35:56,110 [main] INFO  server.Server (Server.java:doStart(419)) - Started @196820ms
2019-10-13 20:35:56,111 [main] WARN  impl.MetricsSystemImpl (MetricsSystemImpl.java:register(276)) - Sink prometheus already exists!
2019-10-13 20:35:56,112 [main] INFO  server.BaseHttpServer (BaseHttpServer.java:updateConnectorAddress(215)) - HTTP server of SCM is listening at http://0.0.0.0:45067
2019-10-13 20:35:56,116 [org.apache.hadoop.util.JvmPauseMonitor$Monitor@39e53bef] INFO  util.JvmPauseMonitor (JvmPauseMonitor.java:run(188)) - Starting JVM pause monitor
2019-10-13 20:35:56,116 [main] WARN  server.ServerUtils (ServerUtils.java:getDBPath(222)) - ozone.om.db.dirs is not configured. We recommend adding this setting. Falling back to ozone.metadata.dirs instead.
2019-10-13 20:35:56,131 [main] INFO  ha.OMHANodeDetails (OMHANodeDetails.java:loadOMHAConfig(190)) - Configuration either no ozone.om.address set. Falling back to the default OM address /127.0.0.1:0
2019-10-13 20:35:56,132 [main] INFO  ha.OMHANodeDetails (OMHANodeDetails.java:getOMNodeDetails(220)) - OM Service ID is not set. Setting it to the default ID: omServiceIdDefault
2019-10-13 20:35:56,132 [main] WARN  server.ServerUtils (ServerUtils.java:getDBPath(222)) - ozone.om.db.dirs is not configured. We recommend adding this setting. Falling back to ozone.metadata.dirs instead.
2019-10-13 20:35:56,133 [main] WARN  server.ServerUtils (ServerUtils.java:getDBPath(222)) - ozone.om.db.dirs is not configured. We recommend adding this setting. Falling back to ozone.metadata.dirs instead.
2019-10-13 20:35:56,148 [main] WARN  server.ServerUtils (ServerUtils.java:getDBPath(222)) - ozone.om.db.dirs is not configured. We recommend adding this setting. Falling back to ozone.metadata.dirs instead.
2019-10-13 20:35:56,149 [main] INFO  db.DBStoreBuilder (DBStoreBuilder.java:addTable(117)) - using custom profile for table: userTable
2019-10-13 20:35:56,149 [main] INFO  db.DBStoreBuilder (DBStoreBuilder.java:processTables(168)) - Using default column profile:DBProfile.DISK for Table:userTable
2019-10-13 20:35:56,149 [main] INFO  db.DBStoreBuilder (DBStoreBuilder.java:addTable(117)) - using custom profile for table: volumeTable
2019-10-13 20:35:56,150 [main] INFO  db.DBStoreBuilder (DBStoreBuilder.java:processTables(168)) - Using default column profile:DBProfile.DISK for Table:volumeTable
2019-10-13 20:35:56,150 [main] INFO  db.DBStoreBuilder (DBStoreBuilder.java:addTable(117)) - using custom profile for table: bucketTable
2019-10-13 20:35:56,150 [main] INFO  db.DBStoreBuilder (DBStoreBuilder.java:processTables(168)) - Using default column profile:DBProfile.DISK for Table:bucketTable
2019-10-13 20:35:56,150 [main] INFO  db.DBStoreBuilder (DBStoreBuilder.java:addTable(117)) - using custom profile for table: keyTable
2019-10-13 20:35:56,151 [main] INFO  db.DBStoreBuilder (DBStoreBuilder.java:processTables(168)) - Using default column profile:DBProfile.DISK for Table:keyTable
2019-10-13 20:35:56,151 [main] INFO  db.DBStoreBuilder (DBStoreBuilder.java:addTable(117)) - using custom profile for table: deletedTable
2019-10-13 20:35:56,151 [main] INFO  db.DBStoreBuilder (DBStoreBuilder.java:processTables(168)) - Using default column profile:DBProfile.DISK for Table:deletedTable
2019-10-13 20:35:56,151 [main] INFO  db.DBStoreBuilder (DBStoreBuilder.java:addTable(117)) - using custom profile for table: openKeyTable
2019-10-13 20:35:56,151 [main] INFO  db.DBStoreBuilder (DBStoreBuilder.java:processTables(168)) - Using default column profile:DBProfile.DISK for Table:openKeyTable
2019-10-13 20:35:56,152 [main] INFO  db.DBStoreBuilder (DBStoreBuilder.java:addTable(117)) - using custom profile for table: s3Table
2019-10-13 20:35:56,152 [main] INFO  db.DBStoreBuilder (DBStoreBuilder.java:processTables(168)) - Using default column profile:DBProfile.DISK for Table:s3Table
2019-10-13 20:35:56,152 [main] INFO  db.DBStoreBuilder (DBStoreBuilder.java:addTable(117)) - using custom profile for table: multipartInfoTable
2019-10-13 20:35:56,152 [main] INFO  db.DBStoreBuilder (DBStoreBuilder.java:processTables(168)) - Using default column profile:DBProfile.DISK for Table:multipartInfoTable
2019-10-13 20:35:56,153 [main] INFO  db.DBStoreBuilder (DBStoreBuilder.java:addTable(117)) - using custom profile for table: dTokenTable
2019-10-13 20:35:56,153 [main] INFO  db.DBStoreBuilder (DBStoreBuilder.java:processTables(168)) - Using default column profile:DBProfile.DISK for Table:dTokenTable
2019-10-13 20:35:56,153 [main] INFO  db.DBStoreBuilder (DBStoreBuilder.java:addTable(117)) - using custom profile for table: s3SecretTable
2019-10-13 20:35:56,153 [main] INFO  db.DBStoreBuilder (DBStoreBuilder.java:processTables(168)) - Using default column profile:DBProfile.DISK for Table:s3SecretTable
2019-10-13 20:35:56,153 [main] INFO  db.DBStoreBuilder (DBStoreBuilder.java:addTable(117)) - using custom profile for table: prefixTable
2019-10-13 20:35:56,154 [main] INFO  db.DBStoreBuilder (DBStoreBuilder.java:processTables(168)) - Using default column profile:DBProfile.DISK for Table:prefixTable
2019-10-13 20:35:56,154 [main] INFO  db.DBStoreBuilder (DBStoreBuilder.java:addTable(117)) - using custom profile for table: default
2019-10-13 20:35:56,154 [main] INFO  db.DBStoreBuilder (DBStoreBuilder.java:processTables(174)) - Using default column profile:DBProfile.DISK for Table:default
2019-10-13 20:35:56,154 [main] INFO  db.DBStoreBuilder (DBStoreBuilder.java:getDbProfile(205)) - Using default options. DBProfile.DISK
2019-10-13 20:35:56,797 [main] INFO  ipc.CallQueueManager (CallQueueManager.java:<init>(84)) - Using callQueue: class java.util.concurrent.LinkedBlockingQueue, queueCapacity: 2000, scheduler: class org.apache.hadoop.ipc.DefaultRpcScheduler, ipcBackoff: false.
2019-10-13 20:35:56,798 [Socket Reader #1 for port 45121] INFO  ipc.Server (Server.java:run(1074)) - Starting Socket Reader #1 for port 45121
2019-10-13 20:35:56,818 [main] INFO  om.OzoneManager (OzoneManager.java:start(1071)) - OzoneManager RPC server is listening at localhost/127.0.0.1:45121
2019-10-13 20:35:56,818 [main] INFO  impl.MetricsSystemImpl (MetricsSystemImpl.java:init(158)) - OzoneManager metrics system started (again)
2019-10-13 20:35:56,819 [IPC Server Responder] INFO  ipc.Server (Server.java:run(1314)) - IPC Server Responder: starting
2019-10-13 20:35:56,824 [IPC Server listener on 45121] INFO  ipc.Server (Server.java:run(1153)) - IPC Server listener on 45121: starting
2019-10-13 20:35:56,834 [main] INFO  hdfs.DFSUtil (DFSUtil.java:httpServerTemplateForNNAndJN(1641)) - Starting Web-server for ozoneManager at: http://0.0.0.0:0
2019-10-13 20:35:56,836 [main] INFO  server.AuthenticationFilter (AuthenticationFilter.java:constructSecretProvider(240)) - Unable to initialize FileSignerSecretProvider, falling back to use random secrets.
2019-10-13 20:35:56,837 [main] WARN  http.HttpRequestLog (HttpRequestLog.java:getRequestLog(97)) - Jetty request log can only be enabled using Log4j
2019-10-13 20:35:56,839 [main] INFO  http.HttpServer2 (HttpServer2.java:addGlobalFilter(975)) - Added global filter 'safety' (class=org.apache.hadoop.http.HttpServer2$QuotingInputFilter)
2019-10-13 20:35:56,840 [main] INFO  http.HttpServer2 (HttpServer2.java:addFilter(948)) - Added filter static_user_filter (class=org.apache.hadoop.http.lib.StaticUserWebFilter$StaticUserFilter) to context ozoneManager
2019-10-13 20:35:56,840 [main] INFO  http.HttpServer2 (HttpServer2.java:addFilter(958)) - Added filter static_user_filter (class=org.apache.hadoop.http.lib.StaticUserWebFilter$StaticUserFilter) to context static
2019-10-13 20:35:56,840 [main] INFO  http.HttpServer2 (HttpServer2.java:addFilter(958)) - Added filter static_user_filter (class=org.apache.hadoop.http.lib.StaticUserWebFilter$StaticUserFilter) to context logs
2019-10-13 20:35:56,841 [main] INFO  http.HttpServer2 (HttpServer2.java:bindListener(1191)) - Jetty bound to port 36910
2019-10-13 20:35:56,841 [main] INFO  server.Server (Server.java:doStart(351)) - jetty-9.3.25.v20180904, build timestamp: 2018-09-04T21:11:46Z, git hash: 3ce520221d0240229c862b122d2b06c12a625732
2019-10-13 20:35:56,843 [main] INFO  handler.ContextHandler (ContextHandler.java:doStart(781)) - Started o.e.j.s.ServletContextHandler@41def031{/logs,file:///workdir/hadoop-ozone/integration-test/target/log,AVAILABLE}
2019-10-13 20:35:56,844 [main] INFO  handler.ContextHandler (ContextHandler.java:doStart(781)) - Started o.e.j.s.ServletContextHandler@39832280{/static,file:///workdir/hadoop-ozone/integration-test/target/test-classes/webapps/static,AVAILABLE}
2019-10-13 20:35:56,849 [main] INFO  handler.ContextHandler (ContextHandler.java:doStart(781)) - Started o.e.j.w.WebAppContext@10f405ff{/,file:///workdir/hadoop-ozone/integration-test/target/test-classes/webapps/ozoneManager/,AVAILABLE}{/ozoneManager}
2019-10-13 20:35:56,849 [main] INFO  server.AbstractConnector (AbstractConnector.java:doStart(278)) - Started ServerConnector@7f27f59b{HTTP/1.1,[http/1.1]}{0.0.0.0:36910}
2019-10-13 20:35:56,855 [main] INFO  server.Server (Server.java:doStart(419)) - Started @197564ms
2019-10-13 20:35:56,855 [main] WARN  impl.MetricsSystemImpl (MetricsSystemImpl.java:register(276)) - Sink prometheus already exists!
2019-10-13 20:35:56,856 [main] INFO  server.BaseHttpServer (BaseHttpServer.java:updateConnectorAddress(215)) - HTTP server of OZONEMANAGER is listening at http://0.0.0.0:36910
2019-10-13 20:35:56,873 [main] INFO  impl.MetricsSystemImpl (MetricsSystemImpl.java:init(158)) - HddsDatanode metrics system started (again)
2019-10-13 20:35:56,942 [main] INFO  ozone.HddsDatanodeService (HddsDatanodeService.java:start(184)) - HddsDatanodeService host:pr-hdds-2290-dcfw8-3342134496 ip:192.168.157.224
2019-10-13 20:35:56,957 [main] INFO  volume.HddsVolume (HddsVolume.java:<init>(176)) - Creating Volume: /workdir/hadoop-ozone/integration-test/target/test-dir/MiniOzoneClusterImpl-7c68d9ae-3b3a-48f9-967d-a14322fa261f/datanode-0/data/containers/hdds of  storage type : DISK and capacity : 1482555576320
2019-10-13 20:35:56,957 [main] INFO  volume.VolumeSet (VolumeSet.java:initializeVolumeSet(170)) - Added Volume : /workdir/hadoop-ozone/integration-test/target/test-dir/MiniOzoneClusterImpl-7c68d9ae-3b3a-48f9-967d-a14322fa261f/datanode-0/data/containers/hdds to VolumeSet
2019-10-13 20:35:56,957 [main] INFO  volume.ThrottledAsyncChecker (ThrottledAsyncChecker.java:schedule(141)) - Scheduling a check for org.apache.hadoop.ozone.container.common.volume.HddsVolume@391515c7
2019-10-13 20:35:56,958 [main] INFO  volume.HddsVolumeChecker (HddsVolumeChecker.java:checkAllVolumes(204)) - Scheduled health check for volume org.apache.hadoop.ozone.container.common.volume.HddsVolume@391515c7
2019-10-13 20:35:56,976 [main] INFO  impl.RaftServerProxy (ConfUtils.java:logGet(43)) - raft.rpc.type = GRPC (default)
2019-10-13 20:35:56,976 [main] INFO  grpc.GrpcFactory (GrpcFactory.java:checkPooledByteBufAllocatorUseCacheForAllThreads(45)) - PERFORMANCE WARNING: useCacheForAllThreads is true that may cause Netty to create a lot garbage objects and, as a result, trigger GC.
	It is recommended to disable useCacheForAllThreads by setting -Dorg.apache.ratis.thirdparty.io.netty.allocator.useCacheForAllThreads=false in command line.
2019-10-13 20:35:56,977 [main] INFO  grpc.GrpcConfigKeys$Server (ConfUtils.java:logGet(43)) - raft.grpc.server.port = 0 (default)
2019-10-13 20:35:56,977 [main] INFO  server.GrpcService (ConfUtils.java:logGet(43)) - raft.grpc.message.size.max = 33570816 (custom)
2019-10-13 20:35:56,977 [main] INFO  server.RaftServerConfigKeys (ConfUtils.java:logGet(43)) - raft.server.log.appender.buffer.byte-limit = 33554432 (custom)
2019-10-13 20:35:56,977 [main] INFO  server.GrpcService (ConfUtils.java:logGet(43)) - raft.grpc.flow.control.window = 1MB (=1048576) (default)
2019-10-13 20:35:56,977 [main] INFO  server.RaftServerConfigKeys (ConfUtils.java:logGet(43)) - raft.server.rpc.request.timeout = 3000ms (default)
2019-10-13 20:35:56,978 [main] INFO  server.RaftServerConfigKeys (ConfUtils.java:logGet(43)) - raft.server.storage.dir = [/workdir/hadoop-ozone/integration-test/target/test-dir/MiniOzoneClusterImpl-7c68d9ae-3b3a-48f9-967d-a14322fa261f/datanode-0/data/ratis] (custom)
2019-10-13 20:35:56,979 [main] INFO  hdfs.DFSUtil (DFSUtil.java:httpServerTemplateForNNAndJN(1641)) - Starting Web-server for hddsDatanode at: http://0.0.0.0:0
2019-10-13 20:35:56,981 [main] INFO  server.AuthenticationFilter (AuthenticationFilter.java:constructSecretProvider(240)) - Unable to initialize FileSignerSecretProvider, falling back to use random secrets.
2019-10-13 20:35:56,981 [main] WARN  http.HttpRequestLog (HttpRequestLog.java:getRequestLog(97)) - Jetty request log can only be enabled using Log4j
2019-10-13 20:35:56,982 [main] INFO  http.HttpServer2 (HttpServer2.java:addGlobalFilter(975)) - Added global filter 'safety' (class=org.apache.hadoop.http.HttpServer2$QuotingInputFilter)
2019-10-13 20:35:56,983 [main] INFO  http.HttpServer2 (HttpServer2.java:addFilter(948)) - Added filter static_user_filter (class=org.apache.hadoop.http.lib.StaticUserWebFilter$StaticUserFilter) to context hddsDatanode
2019-10-13 20:35:56,983 [main] INFO  http.HttpServer2 (HttpServer2.java:addFilter(958)) - Added filter static_user_filter (class=org.apache.hadoop.http.lib.StaticUserWebFilter$StaticUserFilter) to context logs
2019-10-13 20:35:56,983 [main] INFO  http.HttpServer2 (HttpServer2.java:addFilter(958)) - Added filter static_user_filter (class=org.apache.hadoop.http.lib.StaticUserWebFilter$StaticUserFilter) to context static
2019-10-13 20:35:56,983 [main] INFO  http.HttpServer2 (HttpServer2.java:bindListener(1191)) - Jetty bound to port 35911
2019-10-13 20:35:56,984 [main] INFO  server.Server (Server.java:doStart(351)) - jetty-9.3.25.v20180904, build timestamp: 2018-09-04T21:11:46Z, git hash: 3ce520221d0240229c862b122d2b06c12a625732
2019-10-13 20:35:56,985 [main] INFO  handler.ContextHandler (ContextHandler.java:doStart(781)) - Started o.e.j.s.ServletContextHandler@706f6d26{/logs,file:///workdir/hadoop-ozone/integration-test/target/log,AVAILABLE}
2019-10-13 20:35:56,986 [main] INFO  handler.ContextHandler (ContextHandler.java:doStart(781)) - Started o.e.j.s.ServletContextHandler@6af65f29{/static,jar:file:/home/user/.m2/repository/org/apache/hadoop/hadoop-hdds-container-service/0.5.0-SNAPSHOT/hadoop-hdds-container-service-0.5.0-SNAPSHOT.jar!/webapps/static,AVAILABLE}
2019-10-13 20:35:57,014 [main] INFO  handler.ContextHandler (ContextHandler.java:doStart(781)) - Started o.e.j.w.WebAppContext@69ec93c2{/,file:///tmp/jetty-0.0.0.0-35911-hddsDatanode-_-any-632369384362228384.dir/webapp/,AVAILABLE}{/hddsDatanode}
2019-10-13 20:35:57,014 [main] INFO  server.AbstractConnector (AbstractConnector.java:doStart(278)) - Started ServerConnector@19fec3d6{HTTP/1.1,[http/1.1]}{0.0.0.0:35911}
2019-10-13 20:35:57,020 [main] INFO  server.Server (Server.java:doStart(419)) - Started @197730ms
2019-10-13 20:35:57,021 [main] WARN  impl.MetricsSystemImpl (MetricsSystemImpl.java:register(276)) - Sink prometheus already exists!
2019-10-13 20:35:57,022 [main] INFO  server.BaseHttpServer (BaseHttpServer.java:updateConnectorAddress(215)) - HTTP server of HDDSDATANODE is listening at http://0.0.0.0:35911
2019-10-13 20:35:57,022 [main] INFO  impl.MetricsSystemImpl (MetricsSystemImpl.java:init(158)) - HddsDatanode metrics system started (again)
2019-10-13 20:35:57,084 [org.apache.hadoop.util.JvmPauseMonitor$Monitor@7fbcde9a] INFO  util.JvmPauseMonitor (JvmPauseMonitor.java:run(188)) - Starting JVM pause monitor
2019-10-13 20:35:57,087 [Datanode State Machine Thread - 0] INFO  datanode.InitDatanodeState (InitDatanodeState.java:persistContainerDatanodeDetails(140)) - DatanodeDetails is persisted to /workdir/hadoop-ozone/integration-test/target/test-dir/MiniOzoneClusterImpl-7c68d9ae-3b3a-48f9-967d-a14322fa261f/datanode-0/meta/datanode.id
2019-10-13 20:35:57,089 [main] INFO  ozone.HddsDatanodeService (HddsDatanodeService.java:start(184)) - HddsDatanodeService host:pr-hdds-2290-dcfw8-3342134496 ip:192.168.157.224
2019-10-13 20:35:57,105 [main] INFO  volume.HddsVolume (HddsVolume.java:<init>(176)) - Creating Volume: /workdir/hadoop-ozone/integration-test/target/test-dir/MiniOzoneClusterImpl-7c68d9ae-3b3a-48f9-967d-a14322fa261f/datanode-1/data/containers/hdds of  storage type : DISK and capacity : 1482555576320
2019-10-13 20:35:57,106 [main] INFO  volume.VolumeSet (VolumeSet.java:initializeVolumeSet(170)) - Added Volume : /workdir/hadoop-ozone/integration-test/target/test-dir/MiniOzoneClusterImpl-7c68d9ae-3b3a-48f9-967d-a14322fa261f/datanode-1/data/containers/hdds to VolumeSet
2019-10-13 20:35:57,106 [main] INFO  volume.ThrottledAsyncChecker (ThrottledAsyncChecker.java:schedule(141)) - Scheduling a check for org.apache.hadoop.ozone.container.common.volume.HddsVolume@3af10d0b
2019-10-13 20:35:57,107 [main] INFO  volume.HddsVolumeChecker (HddsVolumeChecker.java:checkAllVolumes(204)) - Scheduled health check for volume org.apache.hadoop.ozone.container.common.volume.HddsVolume@3af10d0b
2019-10-13 20:35:57,134 [main] INFO  impl.RaftServerProxy (ConfUtils.java:logGet(43)) - raft.rpc.type = GRPC (default)
2019-10-13 20:35:57,134 [main] INFO  grpc.GrpcFactory (GrpcFactory.java:checkPooledByteBufAllocatorUseCacheForAllThreads(45)) - PERFORMANCE WARNING: useCacheForAllThreads is true that may cause Netty to create a lot garbage objects and, as a result, trigger GC.
	It is recommended to disable useCacheForAllThreads by setting -Dorg.apache.ratis.thirdparty.io.netty.allocator.useCacheForAllThreads=false in command line.
2019-10-13 20:35:57,134 [main] INFO  grpc.GrpcConfigKeys$Server (ConfUtils.java:logGet(43)) - raft.grpc.server.port = 0 (default)
2019-10-13 20:35:57,135 [main] INFO  server.GrpcService (ConfUtils.java:logGet(43)) - raft.grpc.message.size.max = 33570816 (custom)
2019-10-13 20:35:57,135 [main] INFO  server.RaftServerConfigKeys (ConfUtils.java:logGet(43)) - raft.server.log.appender.buffer.byte-limit = 33554432 (custom)
2019-10-13 20:35:57,135 [main] INFO  server.GrpcService (ConfUtils.java:logGet(43)) - raft.grpc.flow.control.window = 1MB (=1048576) (default)
2019-10-13 20:35:57,135 [main] INFO  server.RaftServerConfigKeys (ConfUtils.java:logGet(43)) - raft.server.rpc.request.timeout = 3000ms (default)
2019-10-13 20:35:57,136 [main] INFO  server.RaftServerConfigKeys (ConfUtils.java:logGet(43)) - raft.server.storage.dir = [/workdir/hadoop-ozone/integration-test/target/test-dir/MiniOzoneClusterImpl-7c68d9ae-3b3a-48f9-967d-a14322fa261f/datanode-1/data/ratis] (custom)
2019-10-13 20:35:57,138 [main] INFO  hdfs.DFSUtil (DFSUtil.java:httpServerTemplateForNNAndJN(1641)) - Starting Web-server for hddsDatanode at: http://0.0.0.0:0
2019-10-13 20:35:57,139 [main] INFO  server.AuthenticationFilter (AuthenticationFilter.java:constructSecretProvider(240)) - Unable to initialize FileSignerSecretProvider, falling back to use random secrets.
2019-10-13 20:35:57,140 [main] WARN  http.HttpRequestLog (HttpRequestLog.java:getRequestLog(97)) - Jetty request log can only be enabled using Log4j
2019-10-13 20:35:57,142 [main] INFO  http.HttpServer2 (HttpServer2.java:addGlobalFilter(975)) - Added global filter 'safety' (class=org.apache.hadoop.http.HttpServer2$QuotingInputFilter)
2019-10-13 20:35:57,142 [main] INFO  http.HttpServer2 (HttpServer2.java:addFilter(948)) - Added filter static_user_filter (class=org.apache.hadoop.http.lib.StaticUserWebFilter$StaticUserFilter) to context hddsDatanode
2019-10-13 20:35:57,142 [main] INFO  http.HttpServer2 (HttpServer2.java:addFilter(958)) - Added filter static_user_filter (class=org.apache.hadoop.http.lib.StaticUserWebFilter$StaticUserFilter) to context static
2019-10-13 20:35:57,143 [main] INFO  http.HttpServer2 (HttpServer2.java:addFilter(958)) - Added filter static_user_filter (class=org.apache.hadoop.http.lib.StaticUserWebFilter$StaticUserFilter) to context logs
2019-10-13 20:35:57,143 [main] INFO  http.HttpServer2 (HttpServer2.java:bindListener(1191)) - Jetty bound to port 35573
2019-10-13 20:35:57,144 [main] INFO  server.Server (Server.java:doStart(351)) - jetty-9.3.25.v20180904, build timestamp: 2018-09-04T21:11:46Z, git hash: 3ce520221d0240229c862b122d2b06c12a625732
2019-10-13 20:35:57,145 [main] INFO  handler.ContextHandler (ContextHandler.java:doStart(781)) - Started o.e.j.s.ServletContextHandler@53dd42d6{/logs,file:///workdir/hadoop-ozone/integration-test/target/log,AVAILABLE}
2019-10-13 20:35:57,145 [main] INFO  handler.ContextHandler (ContextHandler.java:doStart(781)) - Started o.e.j.s.ServletContextHandler@447fa959{/static,jar:file:/home/user/.m2/repository/org/apache/hadoop/hadoop-hdds-container-service/0.5.0-SNAPSHOT/hadoop-hdds-container-service-0.5.0-SNAPSHOT.jar!/webapps/static,AVAILABLE}
2019-10-13 20:35:57,175 [main] INFO  handler.ContextHandler (ContextHandler.java:doStart(781)) - Started o.e.j.w.WebAppContext@2478b629{/,file:///tmp/jetty-0.0.0.0-35573-hddsDatanode-_-any-1542411606474887003.dir/webapp/,AVAILABLE}{/hddsDatanode}
2019-10-13 20:35:57,176 [main] INFO  server.AbstractConnector (AbstractConnector.java:doStart(278)) - Started ServerConnector@39023dbf{HTTP/1.1,[http/1.1]}{0.0.0.0:35573}
2019-10-13 20:35:57,180 [main] INFO  server.Server (Server.java:doStart(419)) - Started @197890ms
2019-10-13 20:35:57,181 [main] WARN  impl.MetricsSystemImpl (MetricsSystemImpl.java:register(276)) - Sink prometheus already exists!
2019-10-13 20:35:57,181 [main] INFO  server.BaseHttpServer (BaseHttpServer.java:updateConnectorAddress(215)) - HTTP server of HDDSDATANODE is listening at http://0.0.0.0:35573
2019-10-13 20:35:57,182 [main] INFO  impl.MetricsSystemImpl (MetricsSystemImpl.java:init(158)) - HddsDatanode metrics system started (again)
2019-10-13 20:35:57,183 [org.apache.hadoop.util.JvmPauseMonitor$Monitor@61f32fb1] INFO  util.JvmPauseMonitor (JvmPauseMonitor.java:run(188)) - Starting JVM pause monitor
2019-10-13 20:35:57,245 [Datanode State Machine Thread - 0] INFO  datanode.InitDatanodeState (InitDatanodeState.java:persistContainerDatanodeDetails(140)) - DatanodeDetails is persisted to /workdir/hadoop-ozone/integration-test/target/test-dir/MiniOzoneClusterImpl-7c68d9ae-3b3a-48f9-967d-a14322fa261f/datanode-1/meta/datanode.id
2019-10-13 20:35:57,249 [main] INFO  ozone.HddsDatanodeService (HddsDatanodeService.java:start(184)) - HddsDatanodeService host:pr-hdds-2290-dcfw8-3342134496 ip:192.168.157.224
2019-10-13 20:35:57,260 [main] INFO  volume.HddsVolume (HddsVolume.java:<init>(176)) - Creating Volume: /workdir/hadoop-ozone/integration-test/target/test-dir/MiniOzoneClusterImpl-7c68d9ae-3b3a-48f9-967d-a14322fa261f/datanode-2/data/containers/hdds of  storage type : DISK and capacity : 1482555576320
2019-10-13 20:35:57,261 [main] INFO  volume.VolumeSet (VolumeSet.java:initializeVolumeSet(170)) - Added Volume : /workdir/hadoop-ozone/integration-test/target/test-dir/MiniOzoneClusterImpl-7c68d9ae-3b3a-48f9-967d-a14322fa261f/datanode-2/data/containers/hdds to VolumeSet
2019-10-13 20:35:57,261 [main] INFO  volume.ThrottledAsyncChecker (ThrottledAsyncChecker.java:schedule(141)) - Scheduling a check for org.apache.hadoop.ozone.container.common.volume.HddsVolume@1a1f79ce
2019-10-13 20:35:57,261 [main] INFO  volume.HddsVolumeChecker (HddsVolumeChecker.java:checkAllVolumes(204)) - Scheduled health check for volume org.apache.hadoop.ozone.container.common.volume.HddsVolume@1a1f79ce
2019-10-13 20:35:57,276 [main] INFO  impl.RaftServerProxy (ConfUtils.java:logGet(43)) - raft.rpc.type = GRPC (default)
2019-10-13 20:35:57,277 [main] INFO  grpc.GrpcFactory (GrpcFactory.java:checkPooledByteBufAllocatorUseCacheForAllThreads(45)) - PERFORMANCE WARNING: useCacheForAllThreads is true that may cause Netty to create a lot garbage objects and, as a result, trigger GC.
	It is recommended to disable useCacheForAllThreads by setting -Dorg.apache.ratis.thirdparty.io.netty.allocator.useCacheForAllThreads=false in command line.
2019-10-13 20:35:57,277 [main] INFO  grpc.GrpcConfigKeys$Server (ConfUtils.java:logGet(43)) - raft.grpc.server.port = 0 (default)
2019-10-13 20:35:57,277 [main] INFO  server.GrpcService (ConfUtils.java:logGet(43)) - raft.grpc.message.size.max = 33570816 (custom)
2019-10-13 20:35:57,277 [main] INFO  server.RaftServerConfigKeys (ConfUtils.java:logGet(43)) - raft.server.log.appender.buffer.byte-limit = 33554432 (custom)
2019-10-13 20:35:57,277 [main] INFO  server.GrpcService (ConfUtils.java:logGet(43)) - raft.grpc.flow.control.window = 1MB (=1048576) (default)
2019-10-13 20:35:57,277 [main] INFO  server.RaftServerConfigKeys (ConfUtils.java:logGet(43)) - raft.server.rpc.request.timeout = 3000ms (default)
2019-10-13 20:35:57,278 [main] INFO  server.RaftServerConfigKeys (ConfUtils.java:logGet(43)) - raft.server.storage.dir = [/workdir/hadoop-ozone/integration-test/target/test-dir/MiniOzoneClusterImpl-7c68d9ae-3b3a-48f9-967d-a14322fa261f/datanode-2/data/ratis] (custom)
2019-10-13 20:35:57,279 [main] INFO  hdfs.DFSUtil (DFSUtil.java:httpServerTemplateForNNAndJN(1641)) - Starting Web-server for hddsDatanode at: http://0.0.0.0:0
2019-10-13 20:35:57,280 [main] INFO  server.AuthenticationFilter (AuthenticationFilter.java:constructSecretProvider(240)) - Unable to initialize FileSignerSecretProvider, falling back to use random secrets.
2019-10-13 20:35:57,281 [main] WARN  http.HttpRequestLog (HttpRequestLog.java:getRequestLog(97)) - Jetty request log can only be enabled using Log4j
2019-10-13 20:35:57,282 [main] INFO  http.HttpServer2 (HttpServer2.java:addGlobalFilter(975)) - Added global filter 'safety' (class=org.apache.hadoop.http.HttpServer2$QuotingInputFilter)
2019-10-13 20:35:57,282 [main] INFO  http.HttpServer2 (HttpServer2.java:addFilter(948)) - Added filter static_user_filter (class=org.apache.hadoop.http.lib.StaticUserWebFilter$StaticUserFilter) to context hddsDatanode
2019-10-13 20:35:57,283 [main] INFO  http.HttpServer2 (HttpServer2.java:addFilter(958)) - Added filter static_user_filter (class=org.apache.hadoop.http.lib.StaticUserWebFilter$StaticUserFilter) to context logs
2019-10-13 20:35:57,283 [main] INFO  http.HttpServer2 (HttpServer2.java:addFilter(958)) - Added filter static_user_filter (class=org.apache.hadoop.http.lib.StaticUserWebFilter$StaticUserFilter) to context static
2019-10-13 20:35:57,283 [main] INFO  http.HttpServer2 (HttpServer2.java:bindListener(1191)) - Jetty bound to port 40710
2019-10-13 20:35:57,283 [main] INFO  server.Server (Server.java:doStart(351)) - jetty-9.3.25.v20180904, build timestamp: 2018-09-04T21:11:46Z, git hash: 3ce520221d0240229c862b122d2b06c12a625732
2019-10-13 20:35:57,285 [main] INFO  handler.ContextHandler (ContextHandler.java:doStart(781)) - Started o.e.j.s.ServletContextHandler@257f30f7{/logs,file:///workdir/hadoop-ozone/integration-test/target/log,AVAILABLE}
2019-10-13 20:35:57,285 [main] INFO  handler.ContextHandler (ContextHandler.java:doStart(781)) - Started o.e.j.s.ServletContextHandler@1f916219{/static,jar:file:/home/user/.m2/repository/org/apache/hadoop/hadoop-hdds-container-service/0.5.0-SNAPSHOT/hadoop-hdds-container-service-0.5.0-SNAPSHOT.jar!/webapps/static,AVAILABLE}
2019-10-13 20:35:57,314 [main] INFO  handler.ContextHandler (ContextHandler.java:doStart(781)) - Started o.e.j.w.WebAppContext@1fb2eec{/,file:///tmp/jetty-0.0.0.0-40710-hddsDatanode-_-any-5007422537716300789.dir/webapp/,AVAILABLE}{/hddsDatanode}
2019-10-13 20:35:57,314 [main] INFO  server.AbstractConnector (AbstractConnector.java:doStart(278)) - Started ServerConnector@4c18516{HTTP/1.1,[http/1.1]}{0.0.0.0:40710}
2019-10-13 20:35:57,317 [main] INFO  server.Server (Server.java:doStart(419)) - Started @198027ms
2019-10-13 20:35:57,317 [main] WARN  impl.MetricsSystemImpl (MetricsSystemImpl.java:register(276)) - Sink prometheus already exists!
2019-10-13 20:35:57,318 [main] INFO  server.BaseHttpServer (BaseHttpServer.java:updateConnectorAddress(215)) - HTTP server of HDDSDATANODE is listening at http://0.0.0.0:40710
2019-10-13 20:35:57,318 [main] INFO  impl.MetricsSystemImpl (MetricsSystemImpl.java:init(158)) - HddsDatanode metrics system started (again)
2019-10-13 20:35:57,383 [org.apache.hadoop.util.JvmPauseMonitor$Monitor@5ca11745] INFO  util.JvmPauseMonitor (JvmPauseMonitor.java:run(188)) - Starting JVM pause monitor
2019-10-13 20:35:57,706 [Datanode State Machine Thread - 0] INFO  datanode.InitDatanodeState (InitDatanodeState.java:persistContainerDatanodeDetails(140)) - DatanodeDetails is persisted to /workdir/hadoop-ozone/integration-test/target/test-dir/MiniOzoneClusterImpl-7c68d9ae-3b3a-48f9-967d-a14322fa261f/datanode-2/meta/datanode.id
2019-10-13 20:35:57,866 [main] INFO  ozone.HddsDatanodeService (HddsDatanodeService.java:start(184)) - HddsDatanodeService host:pr-hdds-2290-dcfw8-3342134496 ip:192.168.157.224
2019-10-13 20:35:57,890 [main] INFO  volume.HddsVolume (HddsVolume.java:<init>(176)) - Creating Volume: /workdir/hadoop-ozone/integration-test/target/test-dir/MiniOzoneClusterImpl-7c68d9ae-3b3a-48f9-967d-a14322fa261f/datanode-3/data/containers/hdds of  storage type : DISK and capacity : 1482555576320
2019-10-13 20:35:57,891 [main] INFO  volume.VolumeSet (VolumeSet.java:initializeVolumeSet(170)) - Added Volume : /workdir/hadoop-ozone/integration-test/target/test-dir/MiniOzoneClusterImpl-7c68d9ae-3b3a-48f9-967d-a14322fa261f/datanode-3/data/containers/hdds to VolumeSet
2019-10-13 20:35:57,891 [main] INFO  volume.ThrottledAsyncChecker (ThrottledAsyncChecker.java:schedule(141)) - Scheduling a check for org.apache.hadoop.ozone.container.common.volume.HddsVolume@76396509
2019-10-13 20:35:57,892 [main] INFO  volume.HddsVolumeChecker (HddsVolumeChecker.java:checkAllVolumes(204)) - Scheduled health check for volume org.apache.hadoop.ozone.container.common.volume.HddsVolume@76396509
2019-10-13 20:35:57,910 [main] INFO  impl.RaftServerProxy (ConfUtils.java:logGet(43)) - raft.rpc.type = GRPC (default)
2019-10-13 20:35:57,910 [main] INFO  grpc.GrpcFactory (GrpcFactory.java:checkPooledByteBufAllocatorUseCacheForAllThreads(45)) - PERFORMANCE WARNING: useCacheForAllThreads is true that may cause Netty to create a lot garbage objects and, as a result, trigger GC.
	It is recommended to disable useCacheForAllThreads by setting -Dorg.apache.ratis.thirdparty.io.netty.allocator.useCacheForAllThreads=false in command line.
2019-10-13 20:35:57,910 [main] INFO  grpc.GrpcConfigKeys$Server (ConfUtils.java:logGet(43)) - raft.grpc.server.port = 0 (default)
2019-10-13 20:35:57,910 [main] INFO  server.GrpcService (ConfUtils.java:logGet(43)) - raft.grpc.message.size.max = 33570816 (custom)
2019-10-13 20:35:57,911 [main] INFO  server.RaftServerConfigKeys (ConfUtils.java:logGet(43)) - raft.server.log.appender.buffer.byte-limit = 33554432 (custom)
2019-10-13 20:35:57,911 [main] INFO  server.GrpcService (ConfUtils.java:logGet(43)) - raft.grpc.flow.control.window = 1MB (=1048576) (default)
2019-10-13 20:35:57,911 [main] INFO  server.RaftServerConfigKeys (ConfUtils.java:logGet(43)) - raft.server.rpc.request.timeout = 3000ms (default)
2019-10-13 20:35:57,912 [main] INFO  server.RaftServerConfigKeys (ConfUtils.java:logGet(43)) - raft.server.storage.dir = [/workdir/hadoop-ozone/integration-test/target/test-dir/MiniOzoneClusterImpl-7c68d9ae-3b3a-48f9-967d-a14322fa261f/datanode-3/data/ratis] (custom)
2019-10-13 20:35:57,913 [main] INFO  hdfs.DFSUtil (DFSUtil.java:httpServerTemplateForNNAndJN(1641)) - Starting Web-server for hddsDatanode at: http://0.0.0.0:0
2019-10-13 20:35:57,915 [main] INFO  server.AuthenticationFilter (AuthenticationFilter.java:constructSecretProvider(240)) - Unable to initialize FileSignerSecretProvider, falling back to use random secrets.
2019-10-13 20:35:57,916 [main] WARN  http.HttpRequestLog (HttpRequestLog.java:getRequestLog(97)) - Jetty request log can only be enabled using Log4j
2019-10-13 20:35:57,918 [main] INFO  http.HttpServer2 (HttpServer2.java:addGlobalFilter(975)) - Added global filter 'safety' (class=org.apache.hadoop.http.HttpServer2$QuotingInputFilter)
2019-10-13 20:35:57,919 [main] INFO  http.HttpServer2 (HttpServer2.java:addFilter(948)) - Added filter static_user_filter (class=org.apache.hadoop.http.lib.StaticUserWebFilter$StaticUserFilter) to context hddsDatanode
2019-10-13 20:35:57,919 [main] INFO  http.HttpServer2 (HttpServer2.java:addFilter(958)) - Added filter static_user_filter (class=org.apache.hadoop.http.lib.StaticUserWebFilter$StaticUserFilter) to context logs
2019-10-13 20:35:57,920 [main] INFO  http.HttpServer2 (HttpServer2.java:addFilter(958)) - Added filter static_user_filter (class=org.apache.hadoop.http.lib.StaticUserWebFilter$StaticUserFilter) to context static
2019-10-13 20:35:57,921 [main] INFO  http.HttpServer2 (HttpServer2.java:bindListener(1191)) - Jetty bound to port 36623
2019-10-13 20:35:57,921 [main] INFO  server.Server (Server.java:doStart(351)) - jetty-9.3.25.v20180904, build timestamp: 2018-09-04T21:11:46Z, git hash: 3ce520221d0240229c862b122d2b06c12a625732
2019-10-13 20:35:57,923 [main] INFO  handler.ContextHandler (ContextHandler.java:doStart(781)) - Started o.e.j.s.ServletContextHandler@5fef0c19{/logs,file:///workdir/hadoop-ozone/integration-test/target/log,AVAILABLE}
2019-10-13 20:35:57,924 [main] INFO  handler.ContextHandler (ContextHandler.java:doStart(781)) - Started o.e.j.s.ServletContextHandler@22a6d75c{/static,jar:file:/home/user/.m2/repository/org/apache/hadoop/hadoop-hdds-container-service/0.5.0-SNAPSHOT/hadoop-hdds-container-service-0.5.0-SNAPSHOT.jar!/webapps/static,AVAILABLE}
2019-10-13 20:35:57,966 [main] INFO  handler.ContextHandler (ContextHandler.java:doStart(781)) - Started o.e.j.w.WebAppContext@350da119{/,file:///tmp/jetty-0.0.0.0-36623-hddsDatanode-_-any-9089617325329608426.dir/webapp/,AVAILABLE}{/hddsDatanode}
2019-10-13 20:35:57,967 [main] INFO  server.AbstractConnector (AbstractConnector.java:doStart(278)) - Started ServerConnector@6a09484c{HTTP/1.1,[http/1.1]}{0.0.0.0:36623}
2019-10-13 20:35:57,973 [main] INFO  server.Server (Server.java:doStart(419)) - Started @198682ms
2019-10-13 20:35:57,973 [main] WARN  impl.MetricsSystemImpl (MetricsSystemImpl.java:register(276)) - Sink prometheus already exists!
2019-10-13 20:35:57,973 [main] INFO  server.BaseHttpServer (BaseHttpServer.java:updateConnectorAddress(215)) - HTTP server of HDDSDATANODE is listening at http://0.0.0.0:36623
2019-10-13 20:35:57,974 [main] INFO  impl.MetricsSystemImpl (MetricsSystemImpl.java:init(158)) - HddsDatanode metrics system started (again)
2019-10-13 20:35:58,042 [org.apache.hadoop.util.JvmPauseMonitor$Monitor@b434160] INFO  util.JvmPauseMonitor (JvmPauseMonitor.java:run(188)) - Starting JVM pause monitor
2019-10-13 20:35:58,043 [Datanode State Machine Thread - 0] INFO  datanode.InitDatanodeState (InitDatanodeState.java:persistContainerDatanodeDetails(140)) - DatanodeDetails is persisted to /workdir/hadoop-ozone/integration-test/target/test-dir/MiniOzoneClusterImpl-7c68d9ae-3b3a-48f9-967d-a14322fa261f/datanode-3/meta/datanode.id
2019-10-13 20:35:58,045 [main] INFO  ozone.HddsDatanodeService (HddsDatanodeService.java:start(184)) - HddsDatanodeService host:pr-hdds-2290-dcfw8-3342134496 ip:192.168.157.224
2019-10-13 20:35:58,061 [main] INFO  volume.HddsVolume (HddsVolume.java:<init>(176)) - Creating Volume: /workdir/hadoop-ozone/integration-test/target/test-dir/MiniOzoneClusterImpl-7c68d9ae-3b3a-48f9-967d-a14322fa261f/datanode-4/data/containers/hdds of  storage type : DISK and capacity : 1482555576320
2019-10-13 20:35:58,061 [main] INFO  volume.VolumeSet (VolumeSet.java:initializeVolumeSet(170)) - Added Volume : /workdir/hadoop-ozone/integration-test/target/test-dir/MiniOzoneClusterImpl-7c68d9ae-3b3a-48f9-967d-a14322fa261f/datanode-4/data/containers/hdds to VolumeSet
2019-10-13 20:35:58,061 [main] INFO  volume.ThrottledAsyncChecker (ThrottledAsyncChecker.java:schedule(141)) - Scheduling a check for org.apache.hadoop.ozone.container.common.volume.HddsVolume@3815146b
2019-10-13 20:35:58,062 [main] INFO  volume.HddsVolumeChecker (HddsVolumeChecker.java:checkAllVolumes(204)) - Scheduled health check for volume org.apache.hadoop.ozone.container.common.volume.HddsVolume@3815146b
2019-10-13 20:35:58,087 [main] INFO  impl.RaftServerProxy (ConfUtils.java:logGet(43)) - raft.rpc.type = GRPC (default)
2019-10-13 20:35:58,087 [main] INFO  grpc.GrpcFactory (GrpcFactory.java:checkPooledByteBufAllocatorUseCacheForAllThreads(45)) - PERFORMANCE WARNING: useCacheForAllThreads is true that may cause Netty to create a lot garbage objects and, as a result, trigger GC.
	It is recommended to disable useCacheForAllThreads by setting -Dorg.apache.ratis.thirdparty.io.netty.allocator.useCacheForAllThreads=false in command line.
2019-10-13 20:35:58,087 [main] INFO  grpc.GrpcConfigKeys$Server (ConfUtils.java:logGet(43)) - raft.grpc.server.port = 0 (default)
2019-10-13 20:35:58,088 [main] INFO  server.GrpcService (ConfUtils.java:logGet(43)) - raft.grpc.message.size.max = 33570816 (custom)
2019-10-13 20:35:58,088 [main] INFO  server.RaftServerConfigKeys (ConfUtils.java:logGet(43)) - raft.server.log.appender.buffer.byte-limit = 33554432 (custom)
2019-10-13 20:35:58,088 [main] INFO  server.GrpcService (ConfUtils.java:logGet(43)) - raft.grpc.flow.control.window = 1MB (=1048576) (default)
2019-10-13 20:35:58,088 [main] INFO  server.RaftServerConfigKeys (ConfUtils.java:logGet(43)) - raft.server.rpc.request.timeout = 3000ms (default)
2019-10-13 20:35:58,089 [main] INFO  server.RaftServerConfigKeys (ConfUtils.java:logGet(43)) - raft.server.storage.dir = [/workdir/hadoop-ozone/integration-test/target/test-dir/MiniOzoneClusterImpl-7c68d9ae-3b3a-48f9-967d-a14322fa261f/datanode-4/data/ratis] (custom)
2019-10-13 20:35:58,091 [main] INFO  hdfs.DFSUtil (DFSUtil.java:httpServerTemplateForNNAndJN(1641)) - Starting Web-server for hddsDatanode at: http://0.0.0.0:0
2019-10-13 20:35:58,093 [main] INFO  server.AuthenticationFilter (AuthenticationFilter.java:constructSecretProvider(240)) - Unable to initialize FileSignerSecretProvider, falling back to use random secrets.
2019-10-13 20:35:58,093 [main] WARN  http.HttpRequestLog (HttpRequestLog.java:getRequestLog(97)) - Jetty request log can only be enabled using Log4j
2019-10-13 20:35:58,095 [main] INFO  http.HttpServer2 (HttpServer2.java:addGlobalFilter(975)) - Added global filter 'safety' (class=org.apache.hadoop.http.HttpServer2$QuotingInputFilter)
2019-10-13 20:35:58,095 [main] INFO  http.HttpServer2 (HttpServer2.java:addFilter(948)) - Added filter static_user_filter (class=org.apache.hadoop.http.lib.StaticUserWebFilter$StaticUserFilter) to context hddsDatanode
2019-10-13 20:35:58,096 [main] INFO  http.HttpServer2 (HttpServer2.java:addFilter(958)) - Added filter static_user_filter (class=org.apache.hadoop.http.lib.StaticUserWebFilter$StaticUserFilter) to context static
2019-10-13 20:35:58,096 [main] INFO  http.HttpServer2 (HttpServer2.java:addFilter(958)) - Added filter static_user_filter (class=org.apache.hadoop.http.lib.StaticUserWebFilter$StaticUserFilter) to context logs
2019-10-13 20:35:58,097 [main] INFO  http.HttpServer2 (HttpServer2.java:bindListener(1191)) - Jetty bound to port 33564
2019-10-13 20:35:58,097 [main] INFO  server.Server (Server.java:doStart(351)) - jetty-9.3.25.v20180904, build timestamp: 2018-09-04T21:11:46Z, git hash: 3ce520221d0240229c862b122d2b06c12a625732
2019-10-13 20:35:58,099 [main] INFO  handler.ContextHandler (ContextHandler.java:doStart(781)) - Started o.e.j.s.ServletContextHandler@cdb3c85{/logs,file:///workdir/hadoop-ozone/integration-test/target/log,AVAILABLE}
2019-10-13 20:35:58,099 [main] INFO  handler.ContextHandler (ContextHandler.java:doStart(781)) - Started o.e.j.s.ServletContextHandler@33d28f0a{/static,jar:file:/home/user/.m2/repository/org/apache/hadoop/hadoop-hdds-container-service/0.5.0-SNAPSHOT/hadoop-hdds-container-service-0.5.0-SNAPSHOT.jar!/webapps/static,AVAILABLE}
2019-10-13 20:35:58,128 [main] INFO  handler.ContextHandler (ContextHandler.java:doStart(781)) - Started o.e.j.w.WebAppContext@49a38b1{/,file:///tmp/jetty-0.0.0.0-33564-hddsDatanode-_-any-3810835831390392642.dir/webapp/,AVAILABLE}{/hddsDatanode}
2019-10-13 20:35:58,128 [main] INFO  server.AbstractConnector (AbstractConnector.java:doStart(278)) - Started ServerConnector@681061d6{HTTP/1.1,[http/1.1]}{0.0.0.0:33564}
2019-10-13 20:35:58,134 [main] INFO  server.Server (Server.java:doStart(419)) - Started @198844ms
2019-10-13 20:35:58,135 [main] WARN  impl.MetricsSystemImpl (MetricsSystemImpl.java:register(276)) - Sink prometheus already exists!
2019-10-13 20:35:58,135 [main] INFO  server.BaseHttpServer (BaseHttpServer.java:updateConnectorAddress(215)) - HTTP server of HDDSDATANODE is listening at http://0.0.0.0:33564
2019-10-13 20:35:58,136 [main] INFO  impl.MetricsSystemImpl (MetricsSystemImpl.java:init(158)) - HddsDatanode metrics system started (again)
2019-10-13 20:35:58,202 [org.apache.hadoop.util.JvmPauseMonitor$Monitor@41e67418] INFO  util.JvmPauseMonitor (JvmPauseMonitor.java:run(188)) - Starting JVM pause monitor
2019-10-13 20:35:58,203 [Datanode State Machine Thread - 0] INFO  datanode.InitDatanodeState (InitDatanodeState.java:persistContainerDatanodeDetails(140)) - DatanodeDetails is persisted to /workdir/hadoop-ozone/integration-test/target/test-dir/MiniOzoneClusterImpl-7c68d9ae-3b3a-48f9-967d-a14322fa261f/datanode-4/meta/datanode.id
2019-10-13 20:35:58,204 [main] INFO  ozone.HddsDatanodeService (HddsDatanodeService.java:start(184)) - HddsDatanodeService host:pr-hdds-2290-dcfw8-3342134496 ip:192.168.157.224
2019-10-13 20:35:58,219 [main] INFO  volume.HddsVolume (HddsVolume.java:<init>(176)) - Creating Volume: /workdir/hadoop-ozone/integration-test/target/test-dir/MiniOzoneClusterImpl-7c68d9ae-3b3a-48f9-967d-a14322fa261f/datanode-5/data/containers/hdds of  storage type : DISK and capacity : 1482555576320
2019-10-13 20:35:58,220 [main] INFO  volume.VolumeSet (VolumeSet.java:initializeVolumeSet(170)) - Added Volume : /workdir/hadoop-ozone/integration-test/target/test-dir/MiniOzoneClusterImpl-7c68d9ae-3b3a-48f9-967d-a14322fa261f/datanode-5/data/containers/hdds to VolumeSet
2019-10-13 20:35:58,220 [main] INFO  volume.ThrottledAsyncChecker (ThrottledAsyncChecker.java:schedule(141)) - Scheduling a check for org.apache.hadoop.ozone.container.common.volume.HddsVolume@10b8b900
2019-10-13 20:35:58,220 [main] INFO  volume.HddsVolumeChecker (HddsVolumeChecker.java:checkAllVolumes(204)) - Scheduled health check for volume org.apache.hadoop.ozone.container.common.volume.HddsVolume@10b8b900
2019-10-13 20:35:58,236 [main] INFO  impl.RaftServerProxy (ConfUtils.java:logGet(43)) - raft.rpc.type = GRPC (default)
2019-10-13 20:35:58,237 [main] INFO  grpc.GrpcFactory (GrpcFactory.java:checkPooledByteBufAllocatorUseCacheForAllThreads(45)) - PERFORMANCE WARNING: useCacheForAllThreads is true that may cause Netty to create a lot garbage objects and, as a result, trigger GC.
	It is recommended to disable useCacheForAllThreads by setting -Dorg.apache.ratis.thirdparty.io.netty.allocator.useCacheForAllThreads=false in command line.
2019-10-13 20:35:58,237 [main] INFO  grpc.GrpcConfigKeys$Server (ConfUtils.java:logGet(43)) - raft.grpc.server.port = 0 (default)
2019-10-13 20:35:58,237 [main] INFO  server.GrpcService (ConfUtils.java:logGet(43)) - raft.grpc.message.size.max = 33570816 (custom)
2019-10-13 20:35:58,237 [main] INFO  server.RaftServerConfigKeys (ConfUtils.java:logGet(43)) - raft.server.log.appender.buffer.byte-limit = 33554432 (custom)
2019-10-13 20:35:58,237 [main] INFO  server.GrpcService (ConfUtils.java:logGet(43)) - raft.grpc.flow.control.window = 1MB (=1048576) (default)
2019-10-13 20:35:58,238 [main] INFO  server.RaftServerConfigKeys (ConfUtils.java:logGet(43)) - raft.server.rpc.request.timeout = 3000ms (default)
2019-10-13 20:35:58,238 [main] INFO  server.RaftServerConfigKeys (ConfUtils.java:logGet(43)) - raft.server.storage.dir = [/workdir/hadoop-ozone/integration-test/target/test-dir/MiniOzoneClusterImpl-7c68d9ae-3b3a-48f9-967d-a14322fa261f/datanode-5/data/ratis] (custom)
2019-10-13 20:35:58,239 [main] INFO  hdfs.DFSUtil (DFSUtil.java:httpServerTemplateForNNAndJN(1641)) - Starting Web-server for hddsDatanode at: http://0.0.0.0:0
2019-10-13 20:35:58,240 [main] INFO  server.AuthenticationFilter (AuthenticationFilter.java:constructSecretProvider(240)) - Unable to initialize FileSignerSecretProvider, falling back to use random secrets.
2019-10-13 20:35:58,241 [main] WARN  http.HttpRequestLog (HttpRequestLog.java:getRequestLog(97)) - Jetty request log can only be enabled using Log4j
2019-10-13 20:35:58,242 [main] INFO  http.HttpServer2 (HttpServer2.java:addGlobalFilter(975)) - Added global filter 'safety' (class=org.apache.hadoop.http.HttpServer2$QuotingInputFilter)
2019-10-13 20:35:58,242 [main] INFO  http.HttpServer2 (HttpServer2.java:addFilter(948)) - Added filter static_user_filter (class=org.apache.hadoop.http.lib.StaticUserWebFilter$StaticUserFilter) to context hddsDatanode
2019-10-13 20:35:58,242 [main] INFO  http.HttpServer2 (HttpServer2.java:addFilter(958)) - Added filter static_user_filter (class=org.apache.hadoop.http.lib.StaticUserWebFilter$StaticUserFilter) to context logs
2019-10-13 20:35:58,243 [main] INFO  http.HttpServer2 (HttpServer2.java:addFilter(958)) - Added filter static_user_filter (class=org.apache.hadoop.http.lib.StaticUserWebFilter$StaticUserFilter) to context static
2019-10-13 20:35:58,243 [main] INFO  http.HttpServer2 (HttpServer2.java:bindListener(1191)) - Jetty bound to port 37363
2019-10-13 20:35:58,243 [main] INFO  server.Server (Server.java:doStart(351)) - jetty-9.3.25.v20180904, build timestamp: 2018-09-04T21:11:46Z, git hash: 3ce520221d0240229c862b122d2b06c12a625732
2019-10-13 20:35:58,245 [main] INFO  handler.ContextHandler (ContextHandler.java:doStart(781)) - Started o.e.j.s.ServletContextHandler@7b9088f2{/logs,file:///workdir/hadoop-ozone/integration-test/target/log,AVAILABLE}
2019-10-13 20:35:58,246 [main] INFO  handler.ContextHandler (ContextHandler.java:doStart(781)) - Started o.e.j.s.ServletContextHandler@43d76a92{/static,jar:file:/home/user/.m2/repository/org/apache/hadoop/hadoop-hdds-container-service/0.5.0-SNAPSHOT/hadoop-hdds-container-service-0.5.0-SNAPSHOT.jar!/webapps/static,AVAILABLE}
2019-10-13 20:35:58,274 [main] INFO  handler.ContextHandler (ContextHandler.java:doStart(781)) - Started o.e.j.w.WebAppContext@2b6fb197{/,file:///tmp/jetty-0.0.0.0-37363-hddsDatanode-_-any-8853079938926649568.dir/webapp/,AVAILABLE}{/hddsDatanode}
2019-10-13 20:35:58,274 [main] INFO  server.AbstractConnector (AbstractConnector.java:doStart(278)) - Started ServerConnector@2eb0cefe{HTTP/1.1,[http/1.1]}{0.0.0.0:37363}
2019-10-13 20:35:58,280 [main] INFO  server.Server (Server.java:doStart(419)) - Started @198989ms
2019-10-13 20:35:58,280 [main] WARN  impl.MetricsSystemImpl (MetricsSystemImpl.java:register(276)) - Sink prometheus already exists!
2019-10-13 20:35:58,281 [main] INFO  server.BaseHttpServer (BaseHttpServer.java:updateConnectorAddress(215)) - HTTP server of HDDSDATANODE is listening at http://0.0.0.0:37363
2019-10-13 20:35:58,281 [main] INFO  impl.MetricsSystemImpl (MetricsSystemImpl.java:init(158)) - HddsDatanode metrics system started (again)
2019-10-13 20:35:58,350 [org.apache.hadoop.util.JvmPauseMonitor$Monitor@42416053] INFO  util.JvmPauseMonitor (JvmPauseMonitor.java:run(188)) - Starting JVM pause monitor
2019-10-13 20:35:58,352 [Datanode State Machine Thread - 0] INFO  datanode.InitDatanodeState (InitDatanodeState.java:persistContainerDatanodeDetails(140)) - DatanodeDetails is persisted to /workdir/hadoop-ozone/integration-test/target/test-dir/MiniOzoneClusterImpl-7c68d9ae-3b3a-48f9-967d-a14322fa261f/datanode-5/meta/datanode.id
2019-10-13 20:35:58,353 [main] INFO  ozone.HddsDatanodeService (HddsDatanodeService.java:start(184)) - HddsDatanodeService host:pr-hdds-2290-dcfw8-3342134496 ip:192.168.157.224
2019-10-13 20:35:58,368 [main] INFO  volume.HddsVolume (HddsVolume.java:<init>(176)) - Creating Volume: /workdir/hadoop-ozone/integration-test/target/test-dir/MiniOzoneClusterImpl-7c68d9ae-3b3a-48f9-967d-a14322fa261f/datanode-6/data/containers/hdds of  storage type : DISK and capacity : 1482555576320
2019-10-13 20:35:58,368 [main] INFO  volume.VolumeSet (VolumeSet.java:initializeVolumeSet(170)) - Added Volume : /workdir/hadoop-ozone/integration-test/target/test-dir/MiniOzoneClusterImpl-7c68d9ae-3b3a-48f9-967d-a14322fa261f/datanode-6/data/containers/hdds to VolumeSet
2019-10-13 20:35:58,369 [main] INFO  volume.ThrottledAsyncChecker (ThrottledAsyncChecker.java:schedule(141)) - Scheduling a check for org.apache.hadoop.ozone.container.common.volume.HddsVolume@3a4a5f3c
2019-10-13 20:35:58,369 [main] INFO  volume.HddsVolumeChecker (HddsVolumeChecker.java:checkAllVolumes(204)) - Scheduled health check for volume org.apache.hadoop.ozone.container.common.volume.HddsVolume@3a4a5f3c
2019-10-13 20:35:58,385 [main] INFO  impl.RaftServerProxy (ConfUtils.java:logGet(43)) - raft.rpc.type = GRPC (default)
2019-10-13 20:35:58,386 [main] INFO  grpc.GrpcFactory (GrpcFactory.java:checkPooledByteBufAllocatorUseCacheForAllThreads(45)) - PERFORMANCE WARNING: useCacheForAllThreads is true that may cause Netty to create a lot garbage objects and, as a result, trigger GC.
	It is recommended to disable useCacheForAllThreads by setting -Dorg.apache.ratis.thirdparty.io.netty.allocator.useCacheForAllThreads=false in command line.
2019-10-13 20:35:58,386 [main] INFO  grpc.GrpcConfigKeys$Server (ConfUtils.java:logGet(43)) - raft.grpc.server.port = 0 (default)
2019-10-13 20:35:58,386 [main] INFO  server.GrpcService (ConfUtils.java:logGet(43)) - raft.grpc.message.size.max = 33570816 (custom)
2019-10-13 20:35:58,386 [main] INFO  server.RaftServerConfigKeys (ConfUtils.java:logGet(43)) - raft.server.log.appender.buffer.byte-limit = 33554432 (custom)
2019-10-13 20:35:58,386 [main] INFO  server.GrpcService (ConfUtils.java:logGet(43)) - raft.grpc.flow.control.window = 1MB (=1048576) (default)
2019-10-13 20:35:58,387 [main] INFO  server.RaftServerConfigKeys (ConfUtils.java:logGet(43)) - raft.server.rpc.request.timeout = 3000ms (default)
2019-10-13 20:35:58,387 [main] INFO  server.RaftServerConfigKeys (ConfUtils.java:logGet(43)) - raft.server.storage.dir = [/workdir/hadoop-ozone/integration-test/target/test-dir/MiniOzoneClusterImpl-7c68d9ae-3b3a-48f9-967d-a14322fa261f/datanode-6/data/ratis] (custom)
2019-10-13 20:35:58,388 [main] INFO  hdfs.DFSUtil (DFSUtil.java:httpServerTemplateForNNAndJN(1641)) - Starting Web-server for hddsDatanode at: http://0.0.0.0:0
2019-10-13 20:35:58,390 [main] INFO  server.AuthenticationFilter (AuthenticationFilter.java:constructSecretProvider(240)) - Unable to initialize FileSignerSecretProvider, falling back to use random secrets.
2019-10-13 20:35:58,390 [main] WARN  http.HttpRequestLog (HttpRequestLog.java:getRequestLog(97)) - Jetty request log can only be enabled using Log4j
2019-10-13 20:35:58,391 [main] INFO  http.HttpServer2 (HttpServer2.java:addGlobalFilter(975)) - Added global filter 'safety' (class=org.apache.hadoop.http.HttpServer2$QuotingInputFilter)
2019-10-13 20:35:58,392 [main] INFO  http.HttpServer2 (HttpServer2.java:addFilter(948)) - Added filter static_user_filter (class=org.apache.hadoop.http.lib.StaticUserWebFilter$StaticUserFilter) to context hddsDatanode
2019-10-13 20:35:58,392 [main] INFO  http.HttpServer2 (HttpServer2.java:addFilter(958)) - Added filter static_user_filter (class=org.apache.hadoop.http.lib.StaticUserWebFilter$StaticUserFilter) to context static
2019-10-13 20:35:58,392 [main] INFO  http.HttpServer2 (HttpServer2.java:addFilter(958)) - Added filter static_user_filter (class=org.apache.hadoop.http.lib.StaticUserWebFilter$StaticUserFilter) to context logs
2019-10-13 20:35:58,392 [main] INFO  http.HttpServer2 (HttpServer2.java:bindListener(1191)) - Jetty bound to port 44177
2019-10-13 20:35:58,392 [main] INFO  server.Server (Server.java:doStart(351)) - jetty-9.3.25.v20180904, build timestamp: 2018-09-04T21:11:46Z, git hash: 3ce520221d0240229c862b122d2b06c12a625732
2019-10-13 20:35:58,394 [main] INFO  handler.ContextHandler (ContextHandler.java:doStart(781)) - Started o.e.j.s.ServletContextHandler@3b4ef59f{/logs,file:///workdir/hadoop-ozone/integration-test/target/log,AVAILABLE}
2019-10-13 20:35:58,394 [main] INFO  handler.ContextHandler (ContextHandler.java:doStart(781)) - Started o.e.j.s.ServletContextHandler@33e4b9c4{/static,jar:file:/home/user/.m2/repository/org/apache/hadoop/hadoop-hdds-container-service/0.5.0-SNAPSHOT/hadoop-hdds-container-service-0.5.0-SNAPSHOT.jar!/webapps/static,AVAILABLE}
2019-10-13 20:35:58,423 [main] INFO  handler.ContextHandler (ContextHandler.java:doStart(781)) - Started o.e.j.w.WebAppContext@4fd74223{/,file:///tmp/jetty-0.0.0.0-44177-hddsDatanode-_-any-5671013388240207649.dir/webapp/,AVAILABLE}{/hddsDatanode}
2019-10-13 20:35:58,423 [main] INFO  server.AbstractConnector (AbstractConnector.java:doStart(278)) - Started ServerConnector@4fea840f{HTTP/1.1,[http/1.1]}{0.0.0.0:44177}
2019-10-13 20:35:58,428 [main] INFO  server.Server (Server.java:doStart(419)) - Started @199137ms
2019-10-13 20:35:58,428 [main] WARN  impl.MetricsSystemImpl (MetricsSystemImpl.java:register(276)) - Sink prometheus already exists!
2019-10-13 20:35:58,428 [main] INFO  server.BaseHttpServer (BaseHttpServer.java:updateConnectorAddress(215)) - HTTP server of HDDSDATANODE is listening at http://0.0.0.0:44177
2019-10-13 20:35:58,429 [main] INFO  ozone.MiniOzoneClusterImpl (MiniOzoneClusterImpl.java:lambda$waitForClusterToBeReady$0(147)) - Waiting for cluster to be ready. Got 0 of 7 DN Heartbeats.
2019-10-13 20:35:58,430 [org.apache.hadoop.util.JvmPauseMonitor$Monitor@31e5f78a] INFO  util.JvmPauseMonitor (JvmPauseMonitor.java:run(188)) - Starting JVM pause monitor
2019-10-13 20:35:58,431 [Datanode State Machine Thread - 0] INFO  datanode.InitDatanodeState (InitDatanodeState.java:persistContainerDatanodeDetails(140)) - DatanodeDetails is persisted to /workdir/hadoop-ozone/integration-test/target/test-dir/MiniOzoneClusterImpl-7c68d9ae-3b3a-48f9-967d-a14322fa261f/datanode-6/meta/datanode.id
2019-10-13 20:35:58,522 [grpc-default-executor-4] WARN  server.GrpcLogAppender (LogUtils.java:warn(134)) - 3194ff55-4fd6-4b20-b65d-8d8726a38cdd@group-0BB7D473782A->aadf9f79-694c-46a6-b55c-827d59c43739-AppendLogResponseHandler: Failed appendEntries: org.apache.ratis.thirdparty.io.grpc.StatusRuntimeException: UNAVAILABLE: io exception
2019-10-13 20:35:58,523 [grpc-default-executor-4] INFO  impl.FollowerInfo (FollowerInfo.java:lambda$new$0(51)) - 3194ff55-4fd6-4b20-b65d-8d8726a38cdd@group-0BB7D473782A->aadf9f79-694c-46a6-b55c-827d59c43739: nextIndex: updateUnconditionally 0 -> 0
2019-10-13 20:35:58,523 [grpc-default-executor-5] WARN  server.GrpcLogAppender (LogUtils.java:warn(134)) - 3194ff55-4fd6-4b20-b65d-8d8726a38cdd@group-0BB7D473782A->25fb0338-209f-4f69-825b-6b7257c56b18-AppendLogResponseHandler: Failed appendEntries: org.apache.ratis.thirdparty.io.grpc.StatusRuntimeException: UNAVAILABLE: io exception
2019-10-13 20:35:58,523 [grpc-default-executor-5] INFO  impl.FollowerInfo (FollowerInfo.java:lambda$new$0(51)) - 3194ff55-4fd6-4b20-b65d-8d8726a38cdd@group-0BB7D473782A->25fb0338-209f-4f69-825b-6b7257c56b18: nextIndex: updateUnconditionally 0 -> 0
2019-10-13 20:35:59,134 [Datanode State Machine Thread - 0] INFO  ozoneimpl.OzoneContainer (OzoneContainer.java:start(213)) - Attempting to start container services.
2019-10-13 20:35:59,135 [Datanode State Machine Thread - 0] INFO  ozoneimpl.OzoneContainer (OzoneContainer.java:startContainerScrub(177)) - Background container scanner has been disabled.
2019-10-13 20:35:59,135 [Datanode State Machine Thread - 0] INFO  ratis.XceiverServerRatis (XceiverServerRatis.java:start(418)) - Starting XceiverServerRatis d616a39f-6bf2-4a01-abc3-1d7644e726ce at port 0
2019-10-13 20:35:59,142 [Datanode State Machine Thread - 0] INFO  impl.RaftServerProxy (RaftServerProxy.java:lambda$start$3(299)) - d616a39f-6bf2-4a01-abc3-1d7644e726ce: start RPC server
2019-10-13 20:35:59,143 [Datanode State Machine Thread - 0] INFO  server.GrpcService (GrpcService.java:startImpl(158)) - d616a39f-6bf2-4a01-abc3-1d7644e726ce: GrpcService started, listening on 0.0.0.0/0.0.0.0:32974
2019-10-13 20:35:59,143 [Datanode State Machine Thread - 0] INFO  ratis.XceiverServerRatis (XceiverServerRatis.java:start(428)) - XceiverServerRatis d616a39f-6bf2-4a01-abc3-1d7644e726ce is started using port 32974
2019-10-13 20:35:59,144 [Datanode State Machine Thread - 0] INFO  server.XceiverServerGrpc (XceiverServerGrpc.java:start(149)) - XceiverServerGrpc d616a39f-6bf2-4a01-abc3-1d7644e726ce is started using port 38530
2019-10-13 20:35:59,202 [Datanode State Machine Thread - 0] INFO  ozoneimpl.OzoneContainer (OzoneContainer.java:start(213)) - Attempting to start container services.
2019-10-13 20:35:59,202 [Datanode State Machine Thread - 0] INFO  ozoneimpl.OzoneContainer (OzoneContainer.java:startContainerScrub(177)) - Background container scanner has been disabled.
2019-10-13 20:35:59,202 [Datanode State Machine Thread - 0] INFO  ratis.XceiverServerRatis (XceiverServerRatis.java:start(418)) - Starting XceiverServerRatis 8e79af81-6182-484d-86a0-25203e14f91e at port 0
2019-10-13 20:35:59,209 [Datanode State Machine Thread - 0] INFO  impl.RaftServerProxy (RaftServerProxy.java:lambda$start$3(299)) - 8e79af81-6182-484d-86a0-25203e14f91e: start RPC server
2019-10-13 20:35:59,209 [Datanode State Machine Thread - 0] INFO  server.GrpcService (GrpcService.java:startImpl(158)) - 8e79af81-6182-484d-86a0-25203e14f91e: GrpcService started, listening on 0.0.0.0/0.0.0.0:43198
2019-10-13 20:35:59,209 [Datanode State Machine Thread - 0] INFO  ratis.XceiverServerRatis (XceiverServerRatis.java:start(428)) - XceiverServerRatis 8e79af81-6182-484d-86a0-25203e14f91e is started using port 43198
2019-10-13 20:35:59,210 [Datanode State Machine Thread - 0] INFO  server.XceiverServerGrpc (XceiverServerGrpc.java:start(149)) - XceiverServerGrpc 8e79af81-6182-484d-86a0-25203e14f91e is started using port 37157
2019-10-13 20:35:59,396 [Datanode State Machine Thread - 0] INFO  ozoneimpl.OzoneContainer (OzoneContainer.java:start(213)) - Attempting to start container services.
2019-10-13 20:35:59,397 [Datanode State Machine Thread - 0] INFO  ozoneimpl.OzoneContainer (OzoneContainer.java:startContainerScrub(177)) - Background container scanner has been disabled.
2019-10-13 20:35:59,397 [Datanode State Machine Thread - 0] INFO  ratis.XceiverServerRatis (XceiverServerRatis.java:start(418)) - Starting XceiverServerRatis d674a472-63db-487e-83ee-37e9251a237b at port 0
2019-10-13 20:35:59,403 [Datanode State Machine Thread - 0] INFO  impl.RaftServerProxy (RaftServerProxy.java:lambda$start$3(299)) - d674a472-63db-487e-83ee-37e9251a237b: start RPC server
2019-10-13 20:35:59,403 [Datanode State Machine Thread - 0] INFO  server.GrpcService (GrpcService.java:startImpl(158)) - d674a472-63db-487e-83ee-37e9251a237b: GrpcService started, listening on 0.0.0.0/0.0.0.0:38926
2019-10-13 20:35:59,403 [Datanode State Machine Thread - 0] INFO  ratis.XceiverServerRatis (XceiverServerRatis.java:start(428)) - XceiverServerRatis d674a472-63db-487e-83ee-37e9251a237b is started using port 38926
2019-10-13 20:35:59,412 [Datanode State Machine Thread - 0] INFO  server.XceiverServerGrpc (XceiverServerGrpc.java:start(149)) - XceiverServerGrpc d674a472-63db-487e-83ee-37e9251a237b is started using port 44859
2019-10-13 20:35:59,429 [main] INFO  ozone.MiniOzoneClusterImpl (MiniOzoneClusterImpl.java:lambda$waitForClusterToBeReady$0(147)) - Waiting for cluster to be ready. Got 0 of 7 DN Heartbeats.
2019-10-13 20:36:00,056 [Datanode State Machine Thread - 0] INFO  ozoneimpl.OzoneContainer (OzoneContainer.java:start(213)) - Attempting to start container services.
2019-10-13 20:36:00,057 [Datanode State Machine Thread - 0] INFO  ozoneimpl.OzoneContainer (OzoneContainer.java:startContainerScrub(177)) - Background container scanner has been disabled.
2019-10-13 20:36:00,057 [Datanode State Machine Thread - 0] INFO  ratis.XceiverServerRatis (XceiverServerRatis.java:start(418)) - Starting XceiverServerRatis 1005e3b9-d593-4d7b-8c15-245b252a84f0 at port 0
2019-10-13 20:36:00,064 [Datanode State Machine Thread - 0] INFO  impl.RaftServerProxy (RaftServerProxy.java:lambda$start$3(299)) - 1005e3b9-d593-4d7b-8c15-245b252a84f0: start RPC server
2019-10-13 20:36:00,065 [Datanode State Machine Thread - 0] INFO  server.GrpcService (GrpcService.java:startImpl(158)) - 1005e3b9-d593-4d7b-8c15-245b252a84f0: GrpcService started, listening on 0.0.0.0/0.0.0.0:32834
2019-10-13 20:36:00,065 [Datanode State Machine Thread - 0] INFO  ratis.XceiverServerRatis (XceiverServerRatis.java:start(428)) - XceiverServerRatis 1005e3b9-d593-4d7b-8c15-245b252a84f0 is started using port 32834
2019-10-13 20:36:00,066 [Datanode State Machine Thread - 0] INFO  server.XceiverServerGrpc (XceiverServerGrpc.java:start(149)) - XceiverServerGrpc 1005e3b9-d593-4d7b-8c15-245b252a84f0 is started using port 45911
2019-10-13 20:36:00,215 [Datanode State Machine Thread - 0] INFO  ozoneimpl.OzoneContainer (OzoneContainer.java:start(213)) - Attempting to start container services.
2019-10-13 20:36:00,215 [Datanode State Machine Thread - 0] INFO  ozoneimpl.OzoneContainer (OzoneContainer.java:startContainerScrub(177)) - Background container scanner has been disabled.
2019-10-13 20:36:00,215 [Datanode State Machine Thread - 0] INFO  ratis.XceiverServerRatis (XceiverServerRatis.java:start(418)) - Starting XceiverServerRatis cb750453-8b40-4f32-acc9-dbcac32c8fb0 at port 0
2019-10-13 20:36:00,222 [Datanode State Machine Thread - 0] INFO  impl.RaftServerProxy (RaftServerProxy.java:lambda$start$3(299)) - cb750453-8b40-4f32-acc9-dbcac32c8fb0: start RPC server
2019-10-13 20:36:00,224 [Datanode State Machine Thread - 0] INFO  server.GrpcService (GrpcService.java:startImpl(158)) - cb750453-8b40-4f32-acc9-dbcac32c8fb0: GrpcService started, listening on 0.0.0.0/0.0.0.0:41870
2019-10-13 20:36:00,224 [Datanode State Machine Thread - 0] INFO  ratis.XceiverServerRatis (XceiverServerRatis.java:start(428)) - XceiverServerRatis cb750453-8b40-4f32-acc9-dbcac32c8fb0 is started using port 41870
2019-10-13 20:36:00,224 [Datanode State Machine Thread - 0] INFO  server.XceiverServerGrpc (XceiverServerGrpc.java:start(149)) - XceiverServerGrpc cb750453-8b40-4f32-acc9-dbcac32c8fb0 is started using port 40156
2019-10-13 20:36:00,363 [Datanode State Machine Thread - 0] INFO  ozoneimpl.OzoneContainer (OzoneContainer.java:start(213)) - Attempting to start container services.
2019-10-13 20:36:00,363 [Datanode State Machine Thread - 0] INFO  ozoneimpl.OzoneContainer (OzoneContainer.java:startContainerScrub(177)) - Background container scanner has been disabled.
2019-10-13 20:36:00,364 [Datanode State Machine Thread - 0] INFO  ratis.XceiverServerRatis (XceiverServerRatis.java:start(418)) - Starting XceiverServerRatis e01792a8-46ed-4ca8-a60f-6d1a93cc401d at port 0
2019-10-13 20:36:00,369 [Datanode State Machine Thread - 0] INFO  impl.RaftServerProxy (RaftServerProxy.java:lambda$start$3(299)) - e01792a8-46ed-4ca8-a60f-6d1a93cc401d: start RPC server
2019-10-13 20:36:00,375 [Datanode State Machine Thread - 0] INFO  server.GrpcService (GrpcService.java:startImpl(158)) - e01792a8-46ed-4ca8-a60f-6d1a93cc401d: GrpcService started, listening on 0.0.0.0/0.0.0.0:44597
2019-10-13 20:36:00,375 [Datanode State Machine Thread - 0] INFO  ratis.XceiverServerRatis (XceiverServerRatis.java:start(428)) - XceiverServerRatis e01792a8-46ed-4ca8-a60f-6d1a93cc401d is started using port 44597
2019-10-13 20:36:00,376 [Datanode State Machine Thread - 0] INFO  server.XceiverServerGrpc (XceiverServerGrpc.java:start(149)) - XceiverServerGrpc e01792a8-46ed-4ca8-a60f-6d1a93cc401d is started using port 39118
2019-10-13 20:36:00,430 [main] INFO  ozone.MiniOzoneClusterImpl (MiniOzoneClusterImpl.java:lambda$waitForClusterToBeReady$0(147)) - Waiting for cluster to be ready. Got 0 of 7 DN Heartbeats.
2019-10-13 20:36:00,445 [Datanode State Machine Thread - 0] INFO  ozoneimpl.OzoneContainer (OzoneContainer.java:start(213)) - Attempting to start container services.
2019-10-13 20:36:00,445 [Datanode State Machine Thread - 0] INFO  ozoneimpl.OzoneContainer (OzoneContainer.java:startContainerScrub(177)) - Background container scanner has been disabled.
2019-10-13 20:36:00,446 [Datanode State Machine Thread - 0] INFO  ratis.XceiverServerRatis (XceiverServerRatis.java:start(418)) - Starting XceiverServerRatis 786ba85e-1ed1-4a0a-8b48-5523c2eb3be8 at port 0
2019-10-13 20:36:00,453 [Datanode State Machine Thread - 0] INFO  impl.RaftServerProxy (RaftServerProxy.java:lambda$start$3(299)) - 786ba85e-1ed1-4a0a-8b48-5523c2eb3be8: start RPC server
2019-10-13 20:36:00,496 [Datanode State Machine Thread - 0] INFO  server.GrpcService (GrpcService.java:startImpl(158)) - 786ba85e-1ed1-4a0a-8b48-5523c2eb3be8: GrpcService started, listening on 0.0.0.0/0.0.0.0:33321
2019-10-13 20:36:00,496 [Datanode State Machine Thread - 0] INFO  ratis.XceiverServerRatis (XceiverServerRatis.java:start(428)) - XceiverServerRatis 786ba85e-1ed1-4a0a-8b48-5523c2eb3be8 is started using port 33321
2019-10-13 20:36:00,497 [Datanode State Machine Thread - 0] INFO  server.XceiverServerGrpc (XceiverServerGrpc.java:start(149)) - XceiverServerGrpc 786ba85e-1ed1-4a0a-8b48-5523c2eb3be8 is started using port 42135
2019-10-13 20:36:01,022 [grpc-default-executor-4] WARN  server.GrpcLogAppender (LogUtils.java:warn(134)) - 3194ff55-4fd6-4b20-b65d-8d8726a38cdd@group-0BB7D473782A->aadf9f79-694c-46a6-b55c-827d59c43739-AppendLogResponseHandler: Failed appendEntries: org.apache.ratis.thirdparty.io.grpc.StatusRuntimeException: UNAVAILABLE: io exception
2019-10-13 20:36:01,023 [grpc-default-executor-4] INFO  impl.FollowerInfo (FollowerInfo.java:lambda$new$0(51)) - 3194ff55-4fd6-4b20-b65d-8d8726a38cdd@group-0BB7D473782A->aadf9f79-694c-46a6-b55c-827d59c43739: nextIndex: updateUnconditionally 0 -> 0
2019-10-13 20:36:01,023 [grpc-default-executor-5] WARN  server.GrpcLogAppender (LogUtils.java:warn(134)) - 3194ff55-4fd6-4b20-b65d-8d8726a38cdd@group-0BB7D473782A->25fb0338-209f-4f69-825b-6b7257c56b18-AppendLogResponseHandler: Failed appendEntries: org.apache.ratis.thirdparty.io.grpc.StatusRuntimeException: UNAVAILABLE: io exception
2019-10-13 20:36:01,024 [grpc-default-executor-5] INFO  impl.FollowerInfo (FollowerInfo.java:lambda$new$0(51)) - 3194ff55-4fd6-4b20-b65d-8d8726a38cdd@group-0BB7D473782A->25fb0338-209f-4f69-825b-6b7257c56b18: nextIndex: updateUnconditionally 0 -> 0
2019-10-13 20:36:01,096 [IPC Server handler 15 on 36807] INFO  net.NetworkTopology (NetworkTopologyImpl.java:add(111)) - Added a new node: /default-rack/d616a39f-6bf2-4a01-abc3-1d7644e726ce
2019-10-13 20:36:01,101 [IPC Server handler 15 on 36807] INFO  node.SCMNodeManager (SCMNodeManager.java:register(268)) - Registered Data node : d616a39f-6bf2-4a01-abc3-1d7644e726ce{ip: 192.168.157.224, host: pr-hdds-2290-dcfw8-3342134496, networkLocation: /default-rack, certSerialId: null}
2019-10-13 20:36:01,102 [EventQueue-NodeRegistrationContainerReportForDataNodeSafeModeRule] INFO  safemode.SCMSafeModeManager (DataNodeSafeModeRule.java:process(71)) - SCM in safe mode. 1 DataNodes registered, 1 required.
2019-10-13 20:36:01,108 [EventQueue-NodeRegistrationContainerReportForDataNodeSafeModeRule] INFO  safemode.SCMSafeModeManager (SCMSafeModeManager.java:validateSafeModeExitRules(177)) - ScmSafeModeManager, all rules are successfully validated
2019-10-13 20:36:01,109 [EventQueue-NodeRegistrationContainerReportForDataNodeSafeModeRule] INFO  safemode.SCMSafeModeManager (SCMSafeModeManager.java:exitSafeMode(193)) - SCM exiting safe mode.
2019-10-13 20:36:01,148 [grpc-default-executor-4] INFO  impl.RaftServerProxy (RaftServerProxy.java:addNew(89)) - d616a39f-6bf2-4a01-abc3-1d7644e726ce: addNew group-F928A4E1F30A:[d616a39f-6bf2-4a01-abc3-1d7644e726ce:192.168.157.224:32974] returns group-F928A4E1F30A:java.util.concurrent.CompletableFuture@67197726[Not completed]
2019-10-13 20:36:01,151 [pool-380-thread-1] INFO  impl.RaftServerImpl (RaftServerImpl.java:<init>(95)) - d616a39f-6bf2-4a01-abc3-1d7644e726ce: new RaftServerImpl for group-F928A4E1F30A:[d616a39f-6bf2-4a01-abc3-1d7644e726ce:192.168.157.224:32974] with ContainerStateMachine:uninitialized
2019-10-13 20:36:01,151 [pool-380-thread-1] INFO  server.RaftServerConfigKeys (ConfUtils.java:logGet(43)) - raft.server.rpc.timeout.min = 5s (custom)
2019-10-13 20:36:01,152 [pool-380-thread-1] INFO  server.RaftServerConfigKeys (ConfUtils.java:logGet(43)) - raft.server.rpc.timeout.max = 5200ms (custom)
2019-10-13 20:36:01,152 [pool-380-thread-1] INFO  server.RaftServerConfigKeys (ConfUtils.java:logGet(43)) - raft.server.rpcslowness.timeout = 120s (custom)
2019-10-13 20:36:01,152 [pool-380-thread-1] INFO  server.RaftServerConfigKeys (ConfUtils.java:logGet(43)) - raft.server.sleep.deviation.threshold = 300 (default)
2019-10-13 20:36:01,152 [pool-380-thread-1] INFO  server.RaftServerConfigKeys (ConfUtils.java:logGet(43)) - raft.server.log.appender.install.snapshot.enabled = false (custom)
2019-10-13 20:36:01,152 [pool-380-thread-1] INFO  impl.RaftServerImpl (ServerState.java:<init>(103)) - d616a39f-6bf2-4a01-abc3-1d7644e726ce@group-F928A4E1F30A: ConfigurationManager, init=-1: [d616a39f-6bf2-4a01-abc3-1d7644e726ce:192.168.157.224:32974], old=null, confs=<EMPTY_MAP>
2019-10-13 20:36:01,152 [pool-380-thread-1] INFO  server.RaftServerConfigKeys (ConfUtils.java:logGet(43)) - raft.server.storage.dir = [/workdir/hadoop-ozone/integration-test/target/test-dir/MiniOzoneClusterImpl-7c68d9ae-3b3a-48f9-967d-a14322fa261f/datanode-0/data/ratis] (custom)
2019-10-13 20:36:01,153 [pool-380-thread-1] INFO  server.RaftServerConfigKeys (ConfUtils.java:logGet(43)) - raft.server.log.corruption.policy = EXCEPTION (default)
2019-10-13 20:36:01,153 [pool-380-thread-1] INFO  storage.RaftStorageDirectory (RaftStorageDirectory.java:analyzeStorage(246)) - The storage directory /workdir/hadoop-ozone/integration-test/target/test-dir/MiniOzoneClusterImpl-7c68d9ae-3b3a-48f9-967d-a14322fa261f/datanode-0/data/ratis/75833f96-7d9a-4556-aa81-f928a4e1f30a does not exist. Creating ...
2019-10-13 20:36:01,166 [pool-380-thread-1] INFO  storage.RaftStorageDirectory (RaftStorageDirectory.java:tryLock(328)) - Lock on /workdir/hadoop-ozone/integration-test/target/test-dir/MiniOzoneClusterImpl-7c68d9ae-3b3a-48f9-967d-a14322fa261f/datanode-0/data/ratis/75833f96-7d9a-4556-aa81-f928a4e1f30a/in_use.lock acquired by nodename 2755@pr-hdds-2290-dcfw8-3342134496
2019-10-13 20:36:01,179 [pool-380-thread-1] INFO  storage.RaftStorage (RaftStorage.java:format(84)) - Storage directory /workdir/hadoop-ozone/integration-test/target/test-dir/MiniOzoneClusterImpl-7c68d9ae-3b3a-48f9-967d-a14322fa261f/datanode-0/data/ratis/75833f96-7d9a-4556-aa81-f928a4e1f30a has been successfully formatted.
2019-10-13 20:36:01,180 [pool-380-thread-1] INFO  ratis.ContainerStateMachine (ContainerStateMachine.java:loadSnapshot(231)) - group-F928A4E1F30A: The snapshot info is null. Setting the last applied indexto:(t:0, i:~)
2019-10-13 20:36:01,180 [pool-380-thread-1] INFO  server.RaftServerConfigKeys (ConfUtils.java:logGet(43)) - raft.server.notification.no-leader.timeout = 120s (custom)
2019-10-13 20:36:01,180 [pool-380-thread-1] INFO  server.RaftServerConfigKeys (ConfUtils.java:logGet(43)) - raft.server.log.use.memory = false (default)
2019-10-13 20:36:01,180 [pool-380-thread-1] INFO  server.RaftServerConfigKeys (ConfUtils.java:logGet(43)) - raft.server.log.purge.gap = 1000000 (custom)
2019-10-13 20:36:01,180 [pool-380-thread-1] INFO  server.RaftServerConfigKeys (ConfUtils.java:logGet(43)) - raft.server.log.appender.buffer.byte-limit = 33554432 (custom)
2019-10-13 20:36:01,181 [pool-380-thread-1] INFO  server.RaftServerConfigKeys (ConfUtils.java:logGet(43)) - raft.server.log.segment.size.max = 1048576 (custom)
2019-10-13 20:36:01,183 [pool-380-thread-1] INFO  server.RaftServerConfigKeys (ConfUtils.java:logGet(43)) - raft.server.log.segment.cache.num.max = 2 (custom)
2019-10-13 20:36:01,183 [pool-380-thread-1] INFO  segmented.SegmentedRaftLogWorker (SegmentedRaftLogWorker.java:<init>(173)) - new d616a39f-6bf2-4a01-abc3-1d7644e726ce@group-F928A4E1F30A-SegmentedRaftLogWorker for RaftStorage:Storage Directory /workdir/hadoop-ozone/integration-test/target/test-dir/MiniOzoneClusterImpl-7c68d9ae-3b3a-48f9-967d-a14322fa261f/datanode-0/data/ratis/75833f96-7d9a-4556-aa81-f928a4e1f30a
2019-10-13 20:36:01,183 [pool-380-thread-1] INFO  server.RaftServerConfigKeys (ConfUtils.java:logGet(43)) - raft.server.log.queue.byte-limit = 2147483647 (custom)
2019-10-13 20:36:01,183 [pool-380-thread-1] INFO  server.RaftServerConfigKeys (ConfUtils.java:logGet(43)) - raft.server.log.queue.element-limit = 1024 (custom)
2019-10-13 20:36:01,183 [IPC Server handler 18 on 36807] INFO  net.NetworkTopology (NetworkTopologyImpl.java:add(111)) - Added a new node: /default-rack/8e79af81-6182-484d-86a0-25203e14f91e
2019-10-13 20:36:01,183 [pool-380-thread-1] INFO  server.RaftServerConfigKeys (ConfUtils.java:logGet(43)) - raft.server.log.segment.size.max = 1048576 (custom)
2019-10-13 20:36:01,184 [IPC Server handler 18 on 36807] INFO  node.SCMNodeManager (SCMNodeManager.java:register(268)) - Registered Data node : 8e79af81-6182-484d-86a0-25203e14f91e{ip: 192.168.157.224, host: pr-hdds-2290-dcfw8-3342134496, networkLocation: /default-rack, certSerialId: null}
2019-10-13 20:36:01,184 [pool-380-thread-1] INFO  server.RaftServerConfigKeys (ConfUtils.java:logGet(43)) - raft.server.log.preallocated.size = 16384 (custom)
2019-10-13 20:36:01,184 [pool-380-thread-1] INFO  server.RaftServerConfigKeys (ConfUtils.java:logGet(43)) - raft.server.log.write.buffer.size = 33554432 (custom)
2019-10-13 20:36:01,184 [pool-380-thread-1] INFO  server.RaftServerConfigKeys (ConfUtils.java:logGet(43)) - raft.server.log.force.sync.num = 128 (default)
2019-10-13 20:36:01,184 [pool-380-thread-1] INFO  server.RaftServerConfigKeys (ConfUtils.java:logGet(43)) - raft.server.log.statemachine.data.sync = true (default)
2019-10-13 20:36:01,185 [pool-380-thread-1] INFO  server.RaftServerConfigKeys (ConfUtils.java:logGet(43)) - raft.server.log.statemachine.data.sync.timeout = 10s (default)
2019-10-13 20:36:01,185 [pool-380-thread-1] INFO  server.RaftServerConfigKeys (ConfUtils.java:logGet(43)) - raft.server.log.statemachine.data.sync.timeout.retry = -1 (default)
2019-10-13 20:36:01,185 [pool-380-thread-1] INFO  server.RaftServerConfigKeys (ConfUtils.java:logGet(43)) - raft.server.log.statemachine.data.caching.enabled = true (custom)
2019-10-13 20:36:01,186 [pool-380-thread-1] INFO  segmented.SegmentedRaftLogWorker (SegmentedRaftLogWorker.java:lambda$new$0(128)) - d616a39f-6bf2-4a01-abc3-1d7644e726ce@group-F928A4E1F30A-SegmentedRaftLogWorker: flushIndex: setUnconditionally 0 -> -1
2019-10-13 20:36:01,186 [pool-380-thread-1] INFO  server.RaftServerConfigKeys (ConfUtils.java:logGet(43)) - raft.server.snapshot.auto.trigger.enabled = true (custom)
2019-10-13 20:36:01,187 [pool-380-thread-1] INFO  server.RaftServerConfigKeys (ConfUtils.java:logGet(43)) - raft.server.snapshot.auto.trigger.threshold = 10000 (custom)
2019-10-13 20:36:01,187 [pool-380-thread-1] INFO  server.RaftServerConfigKeys (ConfUtils.java:logGet(43)) - raft.server.snapshot.retention.file.num = 5 (custom)
2019-10-13 20:36:01,187 [pool-380-thread-1] INFO  server.RaftServerConfigKeys (ConfUtils.java:logGet(43)) - raft.server.retrycache.expirytime = 600000ms (custom)
2019-10-13 20:36:01,189 [pool-380-thread-1] INFO  impl.RaftServerImpl (RaftServerImpl.java:start(181)) - d616a39f-6bf2-4a01-abc3-1d7644e726ce@group-F928A4E1F30A: start as a follower, conf=-1: [d616a39f-6bf2-4a01-abc3-1d7644e726ce:192.168.157.224:32974], old=null
2019-10-13 20:36:01,189 [pool-380-thread-1] INFO  impl.RaftServerImpl (RaftServerImpl.java:setRole(170)) - d616a39f-6bf2-4a01-abc3-1d7644e726ce@group-F928A4E1F30A: changes role from      null to FOLLOWER at term 0 for startAsFollower
2019-10-13 20:36:01,189 [pool-380-thread-1] INFO  impl.RoleInfo (RoleInfo.java:updateAndGet(143)) - d616a39f-6bf2-4a01-abc3-1d7644e726ce: start FollowerState
2019-10-13 20:36:01,190 [pool-380-thread-1] INFO  util.JmxRegister (JmxRegister.java:tryRegister(44)) - Successfully registered JMX Bean with object name Ratis:service=RaftServer,group=group-F928A4E1F30A,id=d616a39f-6bf2-4a01-abc3-1d7644e726ce
2019-10-13 20:36:01,212 [RatisPipelineUtilsThread] INFO  pipeline.PipelineStateManager (PipelineStateManager.java:addPipeline(56)) - Created pipeline Pipeline[ Id: 75833f96-7d9a-4556-aa81-f928a4e1f30a, Nodes: d616a39f-6bf2-4a01-abc3-1d7644e726ce{ip: 192.168.157.224, host: pr-hdds-2290-dcfw8-3342134496, networkLocation: /default-rack, certSerialId: null}, Type:RATIS, Factor:ONE, State:OPEN]
2019-10-13 20:36:01,224 [grpc-default-executor-4] INFO  impl.RaftServerProxy (RaftServerProxy.java:addNew(89)) - 8e79af81-6182-484d-86a0-25203e14f91e: addNew group-7479D0F2E9B8:[8e79af81-6182-484d-86a0-25203e14f91e:192.168.157.224:43198] returns group-7479D0F2E9B8:java.util.concurrent.CompletableFuture@887de10[Not completed]
2019-10-13 20:36:01,226 [pool-390-thread-1] INFO  impl.RaftServerImpl (RaftServerImpl.java:<init>(95)) - 8e79af81-6182-484d-86a0-25203e14f91e: new RaftServerImpl for group-7479D0F2E9B8:[8e79af81-6182-484d-86a0-25203e14f91e:192.168.157.224:43198] with ContainerStateMachine:uninitialized
2019-10-13 20:36:01,226 [pool-390-thread-1] INFO  server.RaftServerConfigKeys (ConfUtils.java:logGet(43)) - raft.server.rpc.timeout.min = 5s (custom)
2019-10-13 20:36:01,226 [pool-390-thread-1] INFO  server.RaftServerConfigKeys (ConfUtils.java:logGet(43)) - raft.server.rpc.timeout.max = 5200ms (custom)
2019-10-13 20:36:01,226 [pool-390-thread-1] INFO  server.RaftServerConfigKeys (ConfUtils.java:logGet(43)) - raft.server.rpcslowness.timeout = 120s (custom)
2019-10-13 20:36:01,226 [pool-390-thread-1] INFO  server.RaftServerConfigKeys (ConfUtils.java:logGet(43)) - raft.server.sleep.deviation.threshold = 300 (default)
2019-10-13 20:36:01,226 [pool-390-thread-1] INFO  server.RaftServerConfigKeys (ConfUtils.java:logGet(43)) - raft.server.log.appender.install.snapshot.enabled = false (custom)
2019-10-13 20:36:01,226 [pool-390-thread-1] INFO  impl.RaftServerImpl (ServerState.java:<init>(103)) - 8e79af81-6182-484d-86a0-25203e14f91e@group-7479D0F2E9B8: ConfigurationManager, init=-1: [8e79af81-6182-484d-86a0-25203e14f91e:192.168.157.224:43198], old=null, confs=<EMPTY_MAP>
2019-10-13 20:36:01,227 [pool-390-thread-1] INFO  server.RaftServerConfigKeys (ConfUtils.java:logGet(43)) - raft.server.storage.dir = [/workdir/hadoop-ozone/integration-test/target/test-dir/MiniOzoneClusterImpl-7c68d9ae-3b3a-48f9-967d-a14322fa261f/datanode-1/data/ratis] (custom)
2019-10-13 20:36:01,227 [pool-390-thread-1] INFO  server.RaftServerConfigKeys (ConfUtils.java:logGet(43)) - raft.server.log.corruption.policy = EXCEPTION (default)
2019-10-13 20:36:01,227 [pool-390-thread-1] INFO  storage.RaftStorageDirectory (RaftStorageDirectory.java:analyzeStorage(246)) - The storage directory /workdir/hadoop-ozone/integration-test/target/test-dir/MiniOzoneClusterImpl-7c68d9ae-3b3a-48f9-967d-a14322fa261f/datanode-1/data/ratis/212d054f-b9b8-4fce-894a-7479d0f2e9b8 does not exist. Creating ...
2019-10-13 20:36:01,240 [pool-390-thread-1] INFO  storage.RaftStorageDirectory (RaftStorageDirectory.java:tryLock(328)) - Lock on /workdir/hadoop-ozone/integration-test/target/test-dir/MiniOzoneClusterImpl-7c68d9ae-3b3a-48f9-967d-a14322fa261f/datanode-1/data/ratis/212d054f-b9b8-4fce-894a-7479d0f2e9b8/in_use.lock acquired by nodename 2755@pr-hdds-2290-dcfw8-3342134496
2019-10-13 20:36:01,253 [pool-390-thread-1] INFO  storage.RaftStorage (RaftStorage.java:format(84)) - Storage directory /workdir/hadoop-ozone/integration-test/target/test-dir/MiniOzoneClusterImpl-7c68d9ae-3b3a-48f9-967d-a14322fa261f/datanode-1/data/ratis/212d054f-b9b8-4fce-894a-7479d0f2e9b8 has been successfully formatted.
2019-10-13 20:36:01,253 [pool-390-thread-1] INFO  ratis.ContainerStateMachine (ContainerStateMachine.java:loadSnapshot(231)) - group-7479D0F2E9B8: The snapshot info is null. Setting the last applied indexto:(t:0, i:~)
2019-10-13 20:36:01,253 [pool-390-thread-1] INFO  server.RaftServerConfigKeys (ConfUtils.java:logGet(43)) - raft.server.notification.no-leader.timeout = 120s (custom)
2019-10-13 20:36:01,253 [pool-390-thread-1] INFO  server.RaftServerConfigKeys (ConfUtils.java:logGet(43)) - raft.server.log.use.memory = false (default)
2019-10-13 20:36:01,253 [pool-390-thread-1] INFO  server.RaftServerConfigKeys (ConfUtils.java:logGet(43)) - raft.server.log.purge.gap = 1000000 (custom)
2019-10-13 20:36:01,253 [pool-390-thread-1] INFO  server.RaftServerConfigKeys (ConfUtils.java:logGet(43)) - raft.server.log.appender.buffer.byte-limit = 33554432 (custom)
2019-10-13 20:36:01,253 [pool-390-thread-1] INFO  server.RaftServerConfigKeys (ConfUtils.java:logGet(43)) - raft.server.log.segment.size.max = 1048576 (custom)
2019-10-13 20:36:01,255 [pool-390-thread-1] INFO  server.RaftServerConfigKeys (ConfUtils.java:logGet(43)) - raft.server.log.segment.cache.num.max = 2 (custom)
2019-10-13 20:36:01,255 [pool-390-thread-1] INFO  segmented.SegmentedRaftLogWorker (SegmentedRaftLogWorker.java:<init>(173)) - new 8e79af81-6182-484d-86a0-25203e14f91e@group-7479D0F2E9B8-SegmentedRaftLogWorker for RaftStorage:Storage Directory /workdir/hadoop-ozone/integration-test/target/test-dir/MiniOzoneClusterImpl-7c68d9ae-3b3a-48f9-967d-a14322fa261f/datanode-1/data/ratis/212d054f-b9b8-4fce-894a-7479d0f2e9b8
2019-10-13 20:36:01,255 [pool-390-thread-1] INFO  server.RaftServerConfigKeys (ConfUtils.java:logGet(43)) - raft.server.log.queue.byte-limit = 2147483647 (custom)
2019-10-13 20:36:01,255 [pool-390-thread-1] INFO  server.RaftServerConfigKeys (ConfUtils.java:logGet(43)) - raft.server.log.queue.element-limit = 1024 (custom)
2019-10-13 20:36:01,256 [pool-390-thread-1] INFO  server.RaftServerConfigKeys (ConfUtils.java:logGet(43)) - raft.server.log.segment.size.max = 1048576 (custom)
2019-10-13 20:36:01,256 [pool-390-thread-1] INFO  server.RaftServerConfigKeys (ConfUtils.java:logGet(43)) - raft.server.log.preallocated.size = 16384 (custom)
2019-10-13 20:36:01,256 [pool-390-thread-1] INFO  server.RaftServerConfigKeys (ConfUtils.java:logGet(43)) - raft.server.log.write.buffer.size = 33554432 (custom)
2019-10-13 20:36:01,256 [pool-390-thread-1] INFO  server.RaftServerConfigKeys (ConfUtils.java:logGet(43)) - raft.server.log.force.sync.num = 128 (default)
2019-10-13 20:36:01,256 [pool-390-thread-1] INFO  server.RaftServerConfigKeys (ConfUtils.java:logGet(43)) - raft.server.log.statemachine.data.sync = true (default)
2019-10-13 20:36:01,256 [pool-390-thread-1] INFO  server.RaftServerConfigKeys (ConfUtils.java:logGet(43)) - raft.server.log.statemachine.data.sync.timeout = 10s (default)
2019-10-13 20:36:01,256 [pool-390-thread-1] INFO  server.RaftServerConfigKeys (ConfUtils.java:logGet(43)) - raft.server.log.statemachine.data.sync.timeout.retry = -1 (default)
2019-10-13 20:36:01,257 [pool-390-thread-1] INFO  server.RaftServerConfigKeys (ConfUtils.java:logGet(43)) - raft.server.log.statemachine.data.caching.enabled = true (custom)
2019-10-13 20:36:01,257 [pool-390-thread-1] INFO  segmented.SegmentedRaftLogWorker (SegmentedRaftLogWorker.java:lambda$new$0(128)) - 8e79af81-6182-484d-86a0-25203e14f91e@group-7479D0F2E9B8-SegmentedRaftLogWorker: flushIndex: setUnconditionally 0 -> -1
2019-10-13 20:36:01,257 [pool-390-thread-1] INFO  server.RaftServerConfigKeys (ConfUtils.java:logGet(43)) - raft.server.snapshot.auto.trigger.enabled = true (custom)
2019-10-13 20:36:01,257 [pool-390-thread-1] INFO  server.RaftServerConfigKeys (ConfUtils.java:logGet(43)) - raft.server.snapshot.auto.trigger.threshold = 10000 (custom)
2019-10-13 20:36:01,257 [pool-390-thread-1] INFO  server.RaftServerConfigKeys (ConfUtils.java:logGet(43)) - raft.server.snapshot.retention.file.num = 5 (custom)
2019-10-13 20:36:01,258 [pool-390-thread-1] INFO  server.RaftServerConfigKeys (ConfUtils.java:logGet(43)) - raft.server.retrycache.expirytime = 600000ms (custom)
2019-10-13 20:36:01,259 [pool-390-thread-1] INFO  impl.RaftServerImpl (RaftServerImpl.java:start(181)) - 8e79af81-6182-484d-86a0-25203e14f91e@group-7479D0F2E9B8: start as a follower, conf=-1: [8e79af81-6182-484d-86a0-25203e14f91e:192.168.157.224:43198], old=null
2019-10-13 20:36:01,259 [pool-390-thread-1] INFO  impl.RaftServerImpl (RaftServerImpl.java:setRole(170)) - 8e79af81-6182-484d-86a0-25203e14f91e@group-7479D0F2E9B8: changes role from      null to FOLLOWER at term 0 for startAsFollower
2019-10-13 20:36:01,259 [pool-390-thread-1] INFO  impl.RoleInfo (RoleInfo.java:updateAndGet(143)) - 8e79af81-6182-484d-86a0-25203e14f91e: start FollowerState
2019-10-13 20:36:01,260 [pool-390-thread-1] INFO  util.JmxRegister (JmxRegister.java:tryRegister(44)) - Successfully registered JMX Bean with object name Ratis:service=RaftServer,group=group-7479D0F2E9B8,id=8e79af81-6182-484d-86a0-25203e14f91e
2019-10-13 20:36:01,263 [RatisPipelineUtilsThread] INFO  pipeline.PipelineStateManager (PipelineStateManager.java:addPipeline(56)) - Created pipeline Pipeline[ Id: 212d054f-b9b8-4fce-894a-7479d0f2e9b8, Nodes: 8e79af81-6182-484d-86a0-25203e14f91e{ip: 192.168.157.224, host: pr-hdds-2290-dcfw8-3342134496, networkLocation: /default-rack, certSerialId: null}, Type:RATIS, Factor:ONE, State:OPEN]
2019-10-13 20:36:01,383 [IPC Server handler 13 on 36807] INFO  net.NetworkTopology (NetworkTopologyImpl.java:add(111)) - Added a new node: /default-rack/d674a472-63db-487e-83ee-37e9251a237b
2019-10-13 20:36:01,383 [IPC Server handler 13 on 36807] INFO  node.SCMNodeManager (SCMNodeManager.java:register(268)) - Registered Data node : d674a472-63db-487e-83ee-37e9251a237b{ip: 192.168.157.224, host: pr-hdds-2290-dcfw8-3342134496, networkLocation: /default-rack, certSerialId: null}
2019-10-13 20:36:01,394 [grpc-default-executor-5] INFO  impl.RaftServerProxy (RaftServerProxy.java:addNew(89)) - d674a472-63db-487e-83ee-37e9251a237b: addNew group-59DE64378F8C:[d674a472-63db-487e-83ee-37e9251a237b:192.168.157.224:38926] returns group-59DE64378F8C:java.util.concurrent.CompletableFuture@45c5ad09[Not completed]
2019-10-13 20:36:01,395 [pool-400-thread-1] INFO  impl.RaftServerImpl (RaftServerImpl.java:<init>(95)) - d674a472-63db-487e-83ee-37e9251a237b: new RaftServerImpl for group-59DE64378F8C:[d674a472-63db-487e-83ee-37e9251a237b:192.168.157.224:38926] with ContainerStateMachine:uninitialized
2019-10-13 20:36:01,395 [pool-400-thread-1] INFO  server.RaftServerConfigKeys (ConfUtils.java:logGet(43)) - raft.server.rpc.timeout.min = 5s (custom)
2019-10-13 20:36:01,395 [pool-400-thread-1] INFO  server.RaftServerConfigKeys (ConfUtils.java:logGet(43)) - raft.server.rpc.timeout.max = 5200ms (custom)
2019-10-13 20:36:01,396 [pool-400-thread-1] INFO  server.RaftServerConfigKeys (ConfUtils.java:logGet(43)) - raft.server.rpcslowness.timeout = 120s (custom)
2019-10-13 20:36:01,396 [pool-400-thread-1] INFO  server.RaftServerConfigKeys (ConfUtils.java:logGet(43)) - raft.server.sleep.deviation.threshold = 300 (default)
2019-10-13 20:36:01,396 [pool-400-thread-1] INFO  server.RaftServerConfigKeys (ConfUtils.java:logGet(43)) - raft.server.log.appender.install.snapshot.enabled = false (custom)
2019-10-13 20:36:01,396 [pool-400-thread-1] INFO  impl.RaftServerImpl (ServerState.java:<init>(103)) - d674a472-63db-487e-83ee-37e9251a237b@group-59DE64378F8C: ConfigurationManager, init=-1: [d674a472-63db-487e-83ee-37e9251a237b:192.168.157.224:38926], old=null, confs=<EMPTY_MAP>
2019-10-13 20:36:01,396 [pool-400-thread-1] INFO  server.RaftServerConfigKeys (ConfUtils.java:logGet(43)) - raft.server.storage.dir = [/workdir/hadoop-ozone/integration-test/target/test-dir/MiniOzoneClusterImpl-7c68d9ae-3b3a-48f9-967d-a14322fa261f/datanode-2/data/ratis] (custom)
2019-10-13 20:36:01,396 [pool-400-thread-1] INFO  server.RaftServerConfigKeys (ConfUtils.java:logGet(43)) - raft.server.log.corruption.policy = EXCEPTION (default)
2019-10-13 20:36:01,397 [pool-400-thread-1] INFO  storage.RaftStorageDirectory (RaftStorageDirectory.java:analyzeStorage(246)) - The storage directory /workdir/hadoop-ozone/integration-test/target/test-dir/MiniOzoneClusterImpl-7c68d9ae-3b3a-48f9-967d-a14322fa261f/datanode-2/data/ratis/2b311a40-fbb1-45fe-a954-59de64378f8c does not exist. Creating ...
2019-10-13 20:36:01,409 [pool-400-thread-1] INFO  storage.RaftStorageDirectory (RaftStorageDirectory.java:tryLock(328)) - Lock on /workdir/hadoop-ozone/integration-test/target/test-dir/MiniOzoneClusterImpl-7c68d9ae-3b3a-48f9-967d-a14322fa261f/datanode-2/data/ratis/2b311a40-fbb1-45fe-a954-59de64378f8c/in_use.lock acquired by nodename 2755@pr-hdds-2290-dcfw8-3342134496
2019-10-13 20:36:01,430 [main] INFO  ozone.MiniOzoneClusterImpl (MiniOzoneClusterImpl.java:lambda$waitForClusterToBeReady$0(147)) - Waiting for cluster to be ready. Got 3 of 7 DN Heartbeats.
2019-10-13 20:36:01,439 [pool-400-thread-1] INFO  storage.RaftStorage (RaftStorage.java:format(84)) - Storage directory /workdir/hadoop-ozone/integration-test/target/test-dir/MiniOzoneClusterImpl-7c68d9ae-3b3a-48f9-967d-a14322fa261f/datanode-2/data/ratis/2b311a40-fbb1-45fe-a954-59de64378f8c has been successfully formatted.
2019-10-13 20:36:01,439 [pool-400-thread-1] INFO  ratis.ContainerStateMachine (ContainerStateMachine.java:loadSnapshot(231)) - group-59DE64378F8C: The snapshot info is null. Setting the last applied indexto:(t:0, i:~)
2019-10-13 20:36:01,439 [pool-400-thread-1] INFO  server.RaftServerConfigKeys (ConfUtils.java:logGet(43)) - raft.server.notification.no-leader.timeout = 120s (custom)
2019-10-13 20:36:01,439 [pool-400-thread-1] INFO  server.RaftServerConfigKeys (ConfUtils.java:logGet(43)) - raft.server.log.use.memory = false (default)
2019-10-13 20:36:01,439 [pool-400-thread-1] INFO  server.RaftServerConfigKeys (ConfUtils.java:logGet(43)) - raft.server.log.purge.gap = 1000000 (custom)
2019-10-13 20:36:01,440 [pool-400-thread-1] INFO  server.RaftServerConfigKeys (ConfUtils.java:logGet(43)) - raft.server.log.appender.buffer.byte-limit = 33554432 (custom)
2019-10-13 20:36:01,440 [pool-400-thread-1] INFO  server.RaftServerConfigKeys (ConfUtils.java:logGet(43)) - raft.server.log.segment.size.max = 1048576 (custom)
2019-10-13 20:36:01,441 [pool-400-thread-1] INFO  server.RaftServerConfigKeys (ConfUtils.java:logGet(43)) - raft.server.log.segment.cache.num.max = 2 (custom)
2019-10-13 20:36:01,442 [pool-400-thread-1] INFO  segmented.SegmentedRaftLogWorker (SegmentedRaftLogWorker.java:<init>(173)) - new d674a472-63db-487e-83ee-37e9251a237b@group-59DE64378F8C-SegmentedRaftLogWorker for RaftStorage:Storage Directory /workdir/hadoop-ozone/integration-test/target/test-dir/MiniOzoneClusterImpl-7c68d9ae-3b3a-48f9-967d-a14322fa261f/datanode-2/data/ratis/2b311a40-fbb1-45fe-a954-59de64378f8c
2019-10-13 20:36:01,442 [pool-400-thread-1] INFO  server.RaftServerConfigKeys (ConfUtils.java:logGet(43)) - raft.server.log.queue.byte-limit = 2147483647 (custom)
2019-10-13 20:36:01,442 [pool-400-thread-1] INFO  server.RaftServerConfigKeys (ConfUtils.java:logGet(43)) - raft.server.log.queue.element-limit = 1024 (custom)
2019-10-13 20:36:01,442 [pool-400-thread-1] INFO  server.RaftServerConfigKeys (ConfUtils.java:logGet(43)) - raft.server.log.segment.size.max = 1048576 (custom)
2019-10-13 20:36:01,442 [pool-400-thread-1] INFO  server.RaftServerConfigKeys (ConfUtils.java:logGet(43)) - raft.server.log.preallocated.size = 16384 (custom)
2019-10-13 20:36:01,442 [pool-400-thread-1] INFO  server.RaftServerConfigKeys (ConfUtils.java:logGet(43)) - raft.server.log.write.buffer.size = 33554432 (custom)
2019-10-13 20:36:01,442 [pool-400-thread-1] INFO  server.RaftServerConfigKeys (ConfUtils.java:logGet(43)) - raft.server.log.force.sync.num = 128 (default)
2019-10-13 20:36:01,443 [pool-400-thread-1] INFO  server.RaftServerConfigKeys (ConfUtils.java:logGet(43)) - raft.server.log.statemachine.data.sync = true (default)
2019-10-13 20:36:01,443 [pool-400-thread-1] INFO  server.RaftServerConfigKeys (ConfUtils.java:logGet(43)) - raft.server.log.statemachine.data.sync.timeout = 10s (default)
2019-10-13 20:36:01,443 [pool-400-thread-1] INFO  server.RaftServerConfigKeys (ConfUtils.java:logGet(43)) - raft.server.log.statemachine.data.sync.timeout.retry = -1 (default)
2019-10-13 20:36:01,443 [pool-400-thread-1] INFO  server.RaftServerConfigKeys (ConfUtils.java:logGet(43)) - raft.server.log.statemachine.data.caching.enabled = true (custom)
2019-10-13 20:36:01,444 [pool-400-thread-1] INFO  segmented.SegmentedRaftLogWorker (SegmentedRaftLogWorker.java:lambda$new$0(128)) - d674a472-63db-487e-83ee-37e9251a237b@group-59DE64378F8C-SegmentedRaftLogWorker: flushIndex: setUnconditionally 0 -> -1
2019-10-13 20:36:01,444 [pool-400-thread-1] INFO  server.RaftServerConfigKeys (ConfUtils.java:logGet(43)) - raft.server.snapshot.auto.trigger.enabled = true (custom)
2019-10-13 20:36:01,444 [pool-400-thread-1] INFO  server.RaftServerConfigKeys (ConfUtils.java:logGet(43)) - raft.server.snapshot.auto.trigger.threshold = 10000 (custom)
2019-10-13 20:36:01,444 [pool-400-thread-1] INFO  server.RaftServerConfigKeys (ConfUtils.java:logGet(43)) - raft.server.snapshot.retention.file.num = 5 (custom)
2019-10-13 20:36:01,444 [pool-400-thread-1] INFO  server.RaftServerConfigKeys (ConfUtils.java:logGet(43)) - raft.server.retrycache.expirytime = 600000ms (custom)
2019-10-13 20:36:01,446 [pool-400-thread-1] INFO  impl.RaftServerImpl (RaftServerImpl.java:start(181)) - d674a472-63db-487e-83ee-37e9251a237b@group-59DE64378F8C: start as a follower, conf=-1: [d674a472-63db-487e-83ee-37e9251a237b:192.168.157.224:38926], old=null
2019-10-13 20:36:01,446 [pool-400-thread-1] INFO  impl.RaftServerImpl (RaftServerImpl.java:setRole(170)) - d674a472-63db-487e-83ee-37e9251a237b@group-59DE64378F8C: changes role from      null to FOLLOWER at term 0 for startAsFollower
2019-10-13 20:36:01,446 [pool-400-thread-1] INFO  impl.RoleInfo (RoleInfo.java:updateAndGet(143)) - d674a472-63db-487e-83ee-37e9251a237b: start FollowerState
2019-10-13 20:36:01,447 [pool-400-thread-1] INFO  util.JmxRegister (JmxRegister.java:tryRegister(44)) - Successfully registered JMX Bean with object name Ratis:service=RaftServer,group=group-59DE64378F8C,id=d674a472-63db-487e-83ee-37e9251a237b
2019-10-13 20:36:01,450 [RatisPipelineUtilsThread] INFO  pipeline.PipelineStateManager (PipelineStateManager.java:addPipeline(56)) - Created pipeline Pipeline[ Id: 2b311a40-fbb1-45fe-a954-59de64378f8c, Nodes: d674a472-63db-487e-83ee-37e9251a237b{ip: 192.168.157.224, host: pr-hdds-2290-dcfw8-3342134496, networkLocation: /default-rack, certSerialId: null}, Type:RATIS, Factor:ONE, State:OPEN]
2019-10-13 20:36:01,490 [grpc-default-executor-2] INFO  impl.RaftServerProxy (RaftServerProxy.java:addNew(89)) - d616a39f-6bf2-4a01-abc3-1d7644e726ce: addNew group-857DC167E741:[d674a472-63db-487e-83ee-37e9251a237b:192.168.157.224:38926, d616a39f-6bf2-4a01-abc3-1d7644e726ce:192.168.157.224:32974, 8e79af81-6182-484d-86a0-25203e14f91e:192.168.157.224:43198] returns group-857DC167E741:java.util.concurrent.CompletableFuture@49b27fc[Not completed]
2019-10-13 20:36:01,491 [grpc-default-executor-5] INFO  impl.RaftServerProxy (RaftServerProxy.java:addNew(89)) - d674a472-63db-487e-83ee-37e9251a237b: addNew group-857DC167E741:[d674a472-63db-487e-83ee-37e9251a237b:192.168.157.224:38926, d616a39f-6bf2-4a01-abc3-1d7644e726ce:192.168.157.224:32974, 8e79af81-6182-484d-86a0-25203e14f91e:192.168.157.224:43198] returns group-857DC167E741:java.util.concurrent.CompletableFuture@1a777684[Not completed]
2019-10-13 20:36:01,491 [grpc-default-executor-2] INFO  impl.RaftServerProxy (RaftServerProxy.java:addNew(89)) - 8e79af81-6182-484d-86a0-25203e14f91e: addNew group-857DC167E741:[d674a472-63db-487e-83ee-37e9251a237b:192.168.157.224:38926, d616a39f-6bf2-4a01-abc3-1d7644e726ce:192.168.157.224:32974, 8e79af81-6182-484d-86a0-25203e14f91e:192.168.157.224:43198] returns group-857DC167E741:java.util.concurrent.CompletableFuture@2af78e1d[Not completed]
2019-10-13 20:36:01,492 [pool-400-thread-1] INFO  impl.RaftServerImpl (RaftServerImpl.java:<init>(95)) - d674a472-63db-487e-83ee-37e9251a237b: new RaftServerImpl for group-857DC167E741:[d674a472-63db-487e-83ee-37e9251a237b:192.168.157.224:38926, d616a39f-6bf2-4a01-abc3-1d7644e726ce:192.168.157.224:32974, 8e79af81-6182-484d-86a0-25203e14f91e:192.168.157.224:43198] with ContainerStateMachine:uninitialized
2019-10-13 20:36:01,492 [pool-400-thread-1] INFO  server.RaftServerConfigKeys (ConfUtils.java:logGet(43)) - raft.server.rpc.timeout.min = 5s (custom)
2019-10-13 20:36:01,492 [pool-400-thread-1] INFO  server.RaftServerConfigKeys (ConfUtils.java:logGet(43)) - raft.server.rpc.timeout.max = 5200ms (custom)
2019-10-13 20:36:01,492 [pool-400-thread-1] INFO  server.RaftServerConfigKeys (ConfUtils.java:logGet(43)) - raft.server.rpcslowness.timeout = 120s (custom)
2019-10-13 20:36:01,492 [pool-400-thread-1] INFO  server.RaftServerConfigKeys (ConfUtils.java:logGet(43)) - raft.server.sleep.deviation.threshold = 300 (default)
2019-10-13 20:36:01,492 [pool-400-thread-1] INFO  server.RaftServerConfigKeys (ConfUtils.java:logGet(43)) - raft.server.log.appender.install.snapshot.enabled = false (custom)
2019-10-13 20:36:01,492 [pool-390-thread-1] INFO  impl.RaftServerImpl (RaftServerImpl.java:<init>(95)) - 8e79af81-6182-484d-86a0-25203e14f91e: new RaftServerImpl for group-857DC167E741:[d674a472-63db-487e-83ee-37e9251a237b:192.168.157.224:38926, d616a39f-6bf2-4a01-abc3-1d7644e726ce:192.168.157.224:32974, 8e79af81-6182-484d-86a0-25203e14f91e:192.168.157.224:43198] with ContainerStateMachine:uninitialized
2019-10-13 20:36:01,493 [pool-400-thread-1] INFO  impl.RaftServerImpl (ServerState.java:<init>(103)) - d674a472-63db-487e-83ee-37e9251a237b@group-857DC167E741: ConfigurationManager, init=-1: [d674a472-63db-487e-83ee-37e9251a237b:192.168.157.224:38926, d616a39f-6bf2-4a01-abc3-1d7644e726ce:192.168.157.224:32974, 8e79af81-6182-484d-86a0-25203e14f91e:192.168.157.224:43198], old=null, confs=<EMPTY_MAP>
2019-10-13 20:36:01,493 [pool-390-thread-1] INFO  server.RaftServerConfigKeys (ConfUtils.java:logGet(43)) - raft.server.rpc.timeout.min = 5s (custom)
2019-10-13 20:36:01,493 [pool-400-thread-1] INFO  server.RaftServerConfigKeys (ConfUtils.java:logGet(43)) - raft.server.storage.dir = [/workdir/hadoop-ozone/integration-test/target/test-dir/MiniOzoneClusterImpl-7c68d9ae-3b3a-48f9-967d-a14322fa261f/datanode-2/data/ratis] (custom)
2019-10-13 20:36:01,493 [pool-390-thread-1] INFO  server.RaftServerConfigKeys (ConfUtils.java:logGet(43)) - raft.server.rpc.timeout.max = 5200ms (custom)
2019-10-13 20:36:01,493 [pool-390-thread-1] INFO  server.RaftServerConfigKeys (ConfUtils.java:logGet(43)) - raft.server.rpcslowness.timeout = 120s (custom)
2019-10-13 20:36:01,493 [pool-400-thread-1] INFO  server.RaftServerConfigKeys (ConfUtils.java:logGet(43)) - raft.server.log.corruption.policy = EXCEPTION (default)
2019-10-13 20:36:01,493 [pool-390-thread-1] INFO  server.RaftServerConfigKeys (ConfUtils.java:logGet(43)) - raft.server.sleep.deviation.threshold = 300 (default)
2019-10-13 20:36:01,493 [pool-400-thread-1] INFO  storage.RaftStorageDirectory (RaftStorageDirectory.java:analyzeStorage(246)) - The storage directory /workdir/hadoop-ozone/integration-test/target/test-dir/MiniOzoneClusterImpl-7c68d9ae-3b3a-48f9-967d-a14322fa261f/datanode-2/data/ratis/1d443bd3-00f8-4117-b56b-857dc167e741 does not exist. Creating ...
2019-10-13 20:36:01,494 [pool-380-thread-1] INFO  impl.RaftServerImpl (RaftServerImpl.java:<init>(95)) - d616a39f-6bf2-4a01-abc3-1d7644e726ce: new RaftServerImpl for group-857DC167E741:[d674a472-63db-487e-83ee-37e9251a237b:192.168.157.224:38926, d616a39f-6bf2-4a01-abc3-1d7644e726ce:192.168.157.224:32974, 8e79af81-6182-484d-86a0-25203e14f91e:192.168.157.224:43198] with ContainerStateMachine:uninitialized
2019-10-13 20:36:01,494 [pool-390-thread-1] INFO  server.RaftServerConfigKeys (ConfUtils.java:logGet(43)) - raft.server.log.appender.install.snapshot.enabled = false (custom)
2019-10-13 20:36:01,494 [pool-380-thread-1] INFO  server.RaftServerConfigKeys (ConfUtils.java:logGet(43)) - raft.server.rpc.timeout.min = 5s (custom)
2019-10-13 20:36:01,494 [pool-390-thread-1] INFO  impl.RaftServerImpl (ServerState.java:<init>(103)) - 8e79af81-6182-484d-86a0-25203e14f91e@group-857DC167E741: ConfigurationManager, init=-1: [d674a472-63db-487e-83ee-37e9251a237b:192.168.157.224:38926, d616a39f-6bf2-4a01-abc3-1d7644e726ce:192.168.157.224:32974, 8e79af81-6182-484d-86a0-25203e14f91e:192.168.157.224:43198], old=null, confs=<EMPTY_MAP>
2019-10-13 20:36:01,494 [pool-380-thread-1] INFO  server.RaftServerConfigKeys (ConfUtils.java:logGet(43)) - raft.server.rpc.timeout.max = 5200ms (custom)
2019-10-13 20:36:01,494 [pool-390-thread-1] INFO  server.RaftServerConfigKeys (ConfUtils.java:logGet(43)) - raft.server.storage.dir = [/workdir/hadoop-ozone/integration-test/target/test-dir/MiniOzoneClusterImpl-7c68d9ae-3b3a-48f9-967d-a14322fa261f/datanode-1/data/ratis] (custom)
2019-10-13 20:36:01,494 [pool-380-thread-1] INFO  server.RaftServerConfigKeys (ConfUtils.java:logGet(43)) - raft.server.rpcslowness.timeout = 120s (custom)
2019-10-13 20:36:01,495 [pool-380-thread-1] INFO  server.RaftServerConfigKeys (ConfUtils.java:logGet(43)) - raft.server.sleep.deviation.threshold = 300 (default)
2019-10-13 20:36:01,495 [pool-390-thread-1] INFO  server.RaftServerConfigKeys (ConfUtils.java:logGet(43)) - raft.server.log.corruption.policy = EXCEPTION (default)
2019-10-13 20:36:01,495 [pool-380-thread-1] INFO  server.RaftServerConfigKeys (ConfUtils.java:logGet(43)) - raft.server.log.appender.install.snapshot.enabled = false (custom)
2019-10-13 20:36:01,495 [pool-390-thread-1] INFO  storage.RaftStorageDirectory (RaftStorageDirectory.java:analyzeStorage(246)) - The storage directory /workdir/hadoop-ozone/integration-test/target/test-dir/MiniOzoneClusterImpl-7c68d9ae-3b3a-48f9-967d-a14322fa261f/datanode-1/data/ratis/1d443bd3-00f8-4117-b56b-857dc167e741 does not exist. Creating ...
2019-10-13 20:36:01,495 [pool-380-thread-1] INFO  impl.RaftServerImpl (ServerState.java:<init>(103)) - d616a39f-6bf2-4a01-abc3-1d7644e726ce@group-857DC167E741: ConfigurationManager, init=-1: [d674a472-63db-487e-83ee-37e9251a237b:192.168.157.224:38926, d616a39f-6bf2-4a01-abc3-1d7644e726ce:192.168.157.224:32974, 8e79af81-6182-484d-86a0-25203e14f91e:192.168.157.224:43198], old=null, confs=<EMPTY_MAP>
2019-10-13 20:36:01,495 [pool-380-thread-1] INFO  server.RaftServerConfigKeys (ConfUtils.java:logGet(43)) - raft.server.storage.dir = [/workdir/hadoop-ozone/integration-test/target/test-dir/MiniOzoneClusterImpl-7c68d9ae-3b3a-48f9-967d-a14322fa261f/datanode-0/data/ratis] (custom)
2019-10-13 20:36:01,496 [pool-380-thread-1] INFO  server.RaftServerConfigKeys (ConfUtils.java:logGet(43)) - raft.server.log.corruption.policy = EXCEPTION (default)
2019-10-13 20:36:01,496 [pool-380-thread-1] INFO  storage.RaftStorageDirectory (RaftStorageDirectory.java:analyzeStorage(246)) - The storage directory /workdir/hadoop-ozone/integration-test/target/test-dir/MiniOzoneClusterImpl-7c68d9ae-3b3a-48f9-967d-a14322fa261f/datanode-0/data/ratis/1d443bd3-00f8-4117-b56b-857dc167e741 does not exist. Creating ...
2019-10-13 20:36:01,507 [pool-400-thread-1] INFO  storage.RaftStorageDirectory (RaftStorageDirectory.java:tryLock(328)) - Lock on /workdir/hadoop-ozone/integration-test/target/test-dir/MiniOzoneClusterImpl-7c68d9ae-3b3a-48f9-967d-a14322fa261f/datanode-2/data/ratis/1d443bd3-00f8-4117-b56b-857dc167e741/in_use.lock acquired by nodename 2755@pr-hdds-2290-dcfw8-3342134496
2019-10-13 20:36:01,507 [pool-380-thread-1] INFO  storage.RaftStorageDirectory (RaftStorageDirectory.java:tryLock(328)) - Lock on /workdir/hadoop-ozone/integration-test/target/test-dir/MiniOzoneClusterImpl-7c68d9ae-3b3a-48f9-967d-a14322fa261f/datanode-0/data/ratis/1d443bd3-00f8-4117-b56b-857dc167e741/in_use.lock acquired by nodename 2755@pr-hdds-2290-dcfw8-3342134496
2019-10-13 20:36:01,507 [pool-390-thread-1] INFO  storage.RaftStorageDirectory (RaftStorageDirectory.java:tryLock(328)) - Lock on /workdir/hadoop-ozone/integration-test/target/test-dir/MiniOzoneClusterImpl-7c68d9ae-3b3a-48f9-967d-a14322fa261f/datanode-1/data/ratis/1d443bd3-00f8-4117-b56b-857dc167e741/in_use.lock acquired by nodename 2755@pr-hdds-2290-dcfw8-3342134496
2019-10-13 20:36:01,521 [pool-400-thread-1] INFO  storage.RaftStorage (RaftStorage.java:format(84)) - Storage directory /workdir/hadoop-ozone/integration-test/target/test-dir/MiniOzoneClusterImpl-7c68d9ae-3b3a-48f9-967d-a14322fa261f/datanode-2/data/ratis/1d443bd3-00f8-4117-b56b-857dc167e741 has been successfully formatted.
2019-10-13 20:36:01,521 [pool-390-thread-1] INFO  storage.RaftStorage (RaftStorage.java:format(84)) - Storage directory /workdir/hadoop-ozone/integration-test/target/test-dir/MiniOzoneClusterImpl-7c68d9ae-3b3a-48f9-967d-a14322fa261f/datanode-1/data/ratis/1d443bd3-00f8-4117-b56b-857dc167e741 has been successfully formatted.
2019-10-13 20:36:01,521 [pool-380-thread-1] INFO  storage.RaftStorage (RaftStorage.java:format(84)) - Storage directory /workdir/hadoop-ozone/integration-test/target/test-dir/MiniOzoneClusterImpl-7c68d9ae-3b3a-48f9-967d-a14322fa261f/datanode-0/data/ratis/1d443bd3-00f8-4117-b56b-857dc167e741 has been successfully formatted.
2019-10-13 20:36:01,521 [pool-390-thread-1] INFO  ratis.ContainerStateMachine (ContainerStateMachine.java:loadSnapshot(231)) - group-857DC167E741: The snapshot info is null. Setting the last applied indexto:(t:0, i:~)
2019-10-13 20:36:01,521 [pool-400-thread-1] INFO  ratis.ContainerStateMachine (ContainerStateMachine.java:loadSnapshot(231)) - group-857DC167E741: The snapshot info is null. Setting the last applied indexto:(t:0, i:~)
2019-10-13 20:36:01,521 [pool-390-thread-1] INFO  server.RaftServerConfigKeys (ConfUtils.java:logGet(43)) - raft.server.notification.no-leader.timeout = 120s (custom)
2019-10-13 20:36:01,521 [pool-380-thread-1] INFO  ratis.ContainerStateMachine (ContainerStateMachine.java:loadSnapshot(231)) - group-857DC167E741: The snapshot info is null. Setting the last applied indexto:(t:0, i:~)
2019-10-13 20:36:01,522 [pool-390-thread-1] INFO  server.RaftServerConfigKeys (ConfUtils.java:logGet(43)) - raft.server.log.use.memory = false (default)
2019-10-13 20:36:01,521 [pool-400-thread-1] INFO  server.RaftServerConfigKeys (ConfUtils.java:logGet(43)) - raft.server.notification.no-leader.timeout = 120s (custom)
2019-10-13 20:36:01,522 [pool-390-thread-1] INFO  server.RaftServerConfigKeys (ConfUtils.java:logGet(43)) - raft.server.log.purge.gap = 1000000 (custom)
2019-10-13 20:36:01,522 [pool-390-thread-1] INFO  server.RaftServerConfigKeys (ConfUtils.java:logGet(43)) - raft.server.log.appender.buffer.byte-limit = 33554432 (custom)
2019-10-13 20:36:01,522 [pool-380-thread-1] INFO  server.RaftServerConfigKeys (ConfUtils.java:logGet(43)) - raft.server.notification.no-leader.timeout = 120s (custom)
2019-10-13 20:36:01,522 [pool-390-thread-1] INFO  server.RaftServerConfigKeys (ConfUtils.java:logGet(43)) - raft.server.log.segment.size.max = 1048576 (custom)
2019-10-13 20:36:01,522 [pool-400-thread-1] INFO  server.RaftServerConfigKeys (ConfUtils.java:logGet(43)) - raft.server.log.use.memory = false (default)
2019-10-13 20:36:01,523 [pool-390-thread-1] INFO  server.RaftServerConfigKeys (ConfUtils.java:logGet(43)) - raft.server.log.segment.cache.num.max = 2 (custom)
2019-10-13 20:36:01,523 [pool-380-thread-1] INFO  server.RaftServerConfigKeys (ConfUtils.java:logGet(43)) - raft.server.log.use.memory = false (default)
2019-10-13 20:36:01,523 [pool-390-thread-1] INFO  segmented.SegmentedRaftLogWorker (SegmentedRaftLogWorker.java:<init>(173)) - new 8e79af81-6182-484d-86a0-25203e14f91e@group-857DC167E741-SegmentedRaftLogWorker for RaftStorage:Storage Directory /workdir/hadoop-ozone/integration-test/target/test-dir/MiniOzoneClusterImpl-7c68d9ae-3b3a-48f9-967d-a14322fa261f/datanode-1/data/ratis/1d443bd3-00f8-4117-b56b-857dc167e741
2019-10-13 20:36:01,523 [pool-390-thread-1] INFO  server.RaftServerConfigKeys (ConfUtils.java:logGet(43)) - raft.server.log.queue.byte-limit = 2147483647 (custom)
2019-10-13 20:36:01,523 [pool-400-thread-1] INFO  server.RaftServerConfigKeys (ConfUtils.java:logGet(43)) - raft.server.log.purge.gap = 1000000 (custom)
2019-10-13 20:36:01,523 [pool-390-thread-1] INFO  server.RaftServerConfigKeys (ConfUtils.java:logGet(43)) - raft.server.log.queue.element-limit = 1024 (custom)
2019-10-13 20:36:01,523 [pool-380-thread-1] INFO  server.RaftServerConfigKeys (ConfUtils.java:logGet(43)) - raft.server.log.purge.gap = 1000000 (custom)
2019-10-13 20:36:01,524 [pool-390-thread-1] INFO  server.RaftServerConfigKeys (ConfUtils.java:logGet(43)) - raft.server.log.segment.size.max = 1048576 (custom)
2019-10-13 20:36:01,523 [pool-400-thread-1] INFO  server.RaftServerConfigKeys (ConfUtils.java:logGet(43)) - raft.server.log.appender.buffer.byte-limit = 33554432 (custom)
2019-10-13 20:36:01,524 [pool-390-thread-1] INFO  server.RaftServerConfigKeys (ConfUtils.java:logGet(43)) - raft.server.log.preallocated.size = 16384 (custom)
2019-10-13 20:36:01,524 [pool-390-thread-1] INFO  server.RaftServerConfigKeys (ConfUtils.java:logGet(43)) - raft.server.log.write.buffer.size = 33554432 (custom)
2019-10-13 20:36:01,524 [pool-380-thread-1] INFO  server.RaftServerConfigKeys (ConfUtils.java:logGet(43)) - raft.server.log.appender.buffer.byte-limit = 33554432 (custom)
2019-10-13 20:36:01,524 [pool-390-thread-1] INFO  server.RaftServerConfigKeys (ConfUtils.java:logGet(43)) - raft.server.log.force.sync.num = 128 (default)
2019-10-13 20:36:01,524 [pool-400-thread-1] INFO  server.RaftServerConfigKeys (ConfUtils.java:logGet(43)) - raft.server.log.segment.size.max = 1048576 (custom)
2019-10-13 20:36:01,525 [pool-390-thread-1] INFO  server.RaftServerConfigKeys (ConfUtils.java:logGet(43)) - raft.server.log.statemachine.data.sync = true (default)
2019-10-13 20:36:01,525 [pool-380-thread-1] INFO  server.RaftServerConfigKeys (ConfUtils.java:logGet(43)) - raft.server.log.segment.size.max = 1048576 (custom)
2019-10-13 20:36:01,525 [pool-390-thread-1] INFO  server.RaftServerConfigKeys (ConfUtils.java:logGet(43)) - raft.server.log.statemachine.data.sync.timeout = 10s (default)
2019-10-13 20:36:01,525 [pool-390-thread-1] INFO  server.RaftServerConfigKeys (ConfUtils.java:logGet(43)) - raft.server.log.statemachine.data.sync.timeout.retry = -1 (default)
2019-10-13 20:36:01,525 [pool-400-thread-1] INFO  server.RaftServerConfigKeys (ConfUtils.java:logGet(43)) - raft.server.log.segment.cache.num.max = 2 (custom)
2019-10-13 20:36:01,526 [pool-390-thread-1] INFO  server.RaftServerConfigKeys (ConfUtils.java:logGet(43)) - raft.server.log.statemachine.data.caching.enabled = true (custom)
2019-10-13 20:36:01,525 [pool-380-thread-1] INFO  server.RaftServerConfigKeys (ConfUtils.java:logGet(43)) - raft.server.log.segment.cache.num.max = 2 (custom)
2019-10-13 20:36:01,526 [pool-400-thread-1] INFO  segmented.SegmentedRaftLogWorker (SegmentedRaftLogWorker.java:<init>(173)) - new d674a472-63db-487e-83ee-37e9251a237b@group-857DC167E741-SegmentedRaftLogWorker for RaftStorage:Storage Directory /workdir/hadoop-ozone/integration-test/target/test-dir/MiniOzoneClusterImpl-7c68d9ae-3b3a-48f9-967d-a14322fa261f/datanode-2/data/ratis/1d443bd3-00f8-4117-b56b-857dc167e741
2019-10-13 20:36:01,526 [pool-390-thread-1] INFO  segmented.SegmentedRaftLogWorker (SegmentedRaftLogWorker.java:lambda$new$0(128)) - 8e79af81-6182-484d-86a0-25203e14f91e@group-857DC167E741-SegmentedRaftLogWorker: flushIndex: setUnconditionally 0 -> -1
2019-10-13 20:36:01,526 [pool-380-thread-1] INFO  segmented.SegmentedRaftLogWorker (SegmentedRaftLogWorker.java:<init>(173)) - new d616a39f-6bf2-4a01-abc3-1d7644e726ce@group-857DC167E741-SegmentedRaftLogWorker for RaftStorage:Storage Directory /workdir/hadoop-ozone/integration-test/target/test-dir/MiniOzoneClusterImpl-7c68d9ae-3b3a-48f9-967d-a14322fa261f/datanode-0/data/ratis/1d443bd3-00f8-4117-b56b-857dc167e741
2019-10-13 20:36:01,526 [pool-380-thread-1] INFO  server.RaftServerConfigKeys (ConfUtils.java:logGet(43)) - raft.server.log.queue.byte-limit = 2147483647 (custom)
2019-10-13 20:36:01,526 [pool-400-thread-1] INFO  server.RaftServerConfigKeys (ConfUtils.java:logGet(43)) - raft.server.log.queue.byte-limit = 2147483647 (custom)
2019-10-13 20:36:01,526 [pool-380-thread-1] INFO  server.RaftServerConfigKeys (ConfUtils.java:logGet(43)) - raft.server.log.queue.element-limit = 1024 (custom)
2019-10-13 20:36:01,526 [pool-390-thread-1] INFO  server.RaftServerConfigKeys (ConfUtils.java:logGet(43)) - raft.server.snapshot.auto.trigger.enabled = true (custom)
2019-10-13 20:36:01,527 [pool-380-thread-1] INFO  server.RaftServerConfigKeys (ConfUtils.java:logGet(43)) - raft.server.log.segment.size.max = 1048576 (custom)
2019-10-13 20:36:01,527 [pool-400-thread-1] INFO  server.RaftServerConfigKeys (ConfUtils.java:logGet(43)) - raft.server.log.queue.element-limit = 1024 (custom)
2019-10-13 20:36:01,527 [pool-380-thread-1] INFO  server.RaftServerConfigKeys (ConfUtils.java:logGet(43)) - raft.server.log.preallocated.size = 16384 (custom)
2019-10-13 20:36:01,527 [pool-390-thread-1] INFO  server.RaftServerConfigKeys (ConfUtils.java:logGet(43)) - raft.server.snapshot.auto.trigger.threshold = 10000 (custom)
2019-10-13 20:36:01,527 [pool-380-thread-1] INFO  server.RaftServerConfigKeys (ConfUtils.java:logGet(43)) - raft.server.log.write.buffer.size = 33554432 (custom)
2019-10-13 20:36:01,527 [pool-380-thread-1] INFO  server.RaftServerConfigKeys (ConfUtils.java:logGet(43)) - raft.server.log.force.sync.num = 128 (default)
2019-10-13 20:36:01,527 [pool-400-thread-1] INFO  server.RaftServerConfigKeys (ConfUtils.java:logGet(43)) - raft.server.log.segment.size.max = 1048576 (custom)
2019-10-13 20:36:01,528 [pool-380-thread-1] INFO  server.RaftServerConfigKeys (ConfUtils.java:logGet(43)) - raft.server.log.statemachine.data.sync = true (default)
2019-10-13 20:36:01,527 [pool-390-thread-1] INFO  server.RaftServerConfigKeys (ConfUtils.java:logGet(43)) - raft.server.snapshot.retention.file.num = 5 (custom)
2019-10-13 20:36:01,528 [pool-380-thread-1] INFO  server.RaftServerConfigKeys (ConfUtils.java:logGet(43)) - raft.server.log.statemachine.data.sync.timeout = 10s (default)
2019-10-13 20:36:01,528 [pool-380-thread-1] INFO  server.RaftServerConfigKeys (ConfUtils.java:logGet(43)) - raft.server.log.statemachine.data.sync.timeout.retry = -1 (default)
2019-10-13 20:36:01,528 [pool-400-thread-1] INFO  server.RaftServerConfigKeys (ConfUtils.java:logGet(43)) - raft.server.log.preallocated.size = 16384 (custom)
2019-10-13 20:36:01,528 [pool-380-thread-1] INFO  server.RaftServerConfigKeys (ConfUtils.java:logGet(43)) - raft.server.log.statemachine.data.caching.enabled = true (custom)
2019-10-13 20:36:01,528 [pool-390-thread-1] INFO  server.RaftServerConfigKeys (ConfUtils.java:logGet(43)) - raft.server.retrycache.expirytime = 600000ms (custom)
2019-10-13 20:36:01,528 [pool-400-thread-1] INFO  server.RaftServerConfigKeys (ConfUtils.java:logGet(43)) - raft.server.log.write.buffer.size = 33554432 (custom)
2019-10-13 20:36:01,529 [pool-380-thread-1] INFO  segmented.SegmentedRaftLogWorker (SegmentedRaftLogWorker.java:lambda$new$0(128)) - d616a39f-6bf2-4a01-abc3-1d7644e726ce@group-857DC167E741-SegmentedRaftLogWorker: flushIndex: setUnconditionally 0 -> -1
2019-10-13 20:36:01,529 [pool-400-thread-1] INFO  server.RaftServerConfigKeys (ConfUtils.java:logGet(43)) - raft.server.log.force.sync.num = 128 (default)
2019-10-13 20:36:01,529 [pool-400-thread-1] INFO  server.RaftServerConfigKeys (ConfUtils.java:logGet(43)) - raft.server.log.statemachine.data.sync = true (default)
2019-10-13 20:36:01,529 [pool-380-thread-1] INFO  server.RaftServerConfigKeys (ConfUtils.java:logGet(43)) - raft.server.snapshot.auto.trigger.enabled = true (custom)
2019-10-13 20:36:01,529 [pool-400-thread-1] INFO  server.RaftServerConfigKeys (ConfUtils.java:logGet(43)) - raft.server.log.statemachine.data.sync.timeout = 10s (default)
2019-10-13 20:36:01,529 [pool-380-thread-1] INFO  server.RaftServerConfigKeys (ConfUtils.java:logGet(43)) - raft.server.snapshot.auto.trigger.threshold = 10000 (custom)
2019-10-13 20:36:01,529 [pool-400-thread-1] INFO  server.RaftServerConfigKeys (ConfUtils.java:logGet(43)) - raft.server.log.statemachine.data.sync.timeout.retry = -1 (default)
2019-10-13 20:36:01,529 [pool-380-thread-1] INFO  server.RaftServerConfigKeys (ConfUtils.java:logGet(43)) - raft.server.snapshot.retention.file.num = 5 (custom)
2019-10-13 20:36:01,530 [pool-400-thread-1] INFO  server.RaftServerConfigKeys (ConfUtils.java:logGet(43)) - raft.server.log.statemachine.data.caching.enabled = true (custom)
2019-10-13 20:36:01,530 [pool-380-thread-1] INFO  server.RaftServerConfigKeys (ConfUtils.java:logGet(43)) - raft.server.retrycache.expirytime = 600000ms (custom)
2019-10-13 20:36:01,530 [pool-400-thread-1] INFO  segmented.SegmentedRaftLogWorker (SegmentedRaftLogWorker.java:lambda$new$0(128)) - d674a472-63db-487e-83ee-37e9251a237b@group-857DC167E741-SegmentedRaftLogWorker: flushIndex: setUnconditionally 0 -> -1
2019-10-13 20:36:01,530 [pool-400-thread-1] INFO  server.RaftServerConfigKeys (ConfUtils.java:logGet(43)) - raft.server.snapshot.auto.trigger.enabled = true (custom)
2019-10-13 20:36:01,530 [pool-400-thread-1] INFO  server.RaftServerConfigKeys (ConfUtils.java:logGet(43)) - raft.server.snapshot.auto.trigger.threshold = 10000 (custom)
2019-10-13 20:36:01,530 [pool-400-thread-1] INFO  server.RaftServerConfigKeys (ConfUtils.java:logGet(43)) - raft.server.snapshot.retention.file.num = 5 (custom)
2019-10-13 20:36:01,531 [pool-400-thread-1] INFO  server.RaftServerConfigKeys (ConfUtils.java:logGet(43)) - raft.server.retrycache.expirytime = 600000ms (custom)
2019-10-13 20:36:01,531 [pool-390-thread-1] INFO  impl.RaftServerImpl (RaftServerImpl.java:start(181)) - 8e79af81-6182-484d-86a0-25203e14f91e@group-857DC167E741: start as a follower, conf=-1: [d674a472-63db-487e-83ee-37e9251a237b:192.168.157.224:38926, d616a39f-6bf2-4a01-abc3-1d7644e726ce:192.168.157.224:32974, 8e79af81-6182-484d-86a0-25203e14f91e:192.168.157.224:43198], old=null
2019-10-13 20:36:01,531 [pool-390-thread-1] INFO  impl.RaftServerImpl (RaftServerImpl.java:setRole(170)) - 8e79af81-6182-484d-86a0-25203e14f91e@group-857DC167E741: changes role from      null to FOLLOWER at term 0 for startAsFollower
2019-10-13 20:36:01,531 [pool-390-thread-1] INFO  impl.RoleInfo (RoleInfo.java:updateAndGet(143)) - 8e79af81-6182-484d-86a0-25203e14f91e: start FollowerState
2019-10-13 20:36:01,532 [pool-390-thread-1] INFO  util.JmxRegister (JmxRegister.java:tryRegister(44)) - Successfully registered JMX Bean with object name Ratis:service=RaftServer,group=group-857DC167E741,id=8e79af81-6182-484d-86a0-25203e14f91e
2019-10-13 20:36:01,533 [pool-380-thread-1] INFO  impl.RaftServerImpl (RaftServerImpl.java:start(181)) - d616a39f-6bf2-4a01-abc3-1d7644e726ce@group-857DC167E741: start as a follower, conf=-1: [d674a472-63db-487e-83ee-37e9251a237b:192.168.157.224:38926, d616a39f-6bf2-4a01-abc3-1d7644e726ce:192.168.157.224:32974, 8e79af81-6182-484d-86a0-25203e14f91e:192.168.157.224:43198], old=null
2019-10-13 20:36:01,533 [pool-400-thread-1] INFO  impl.RaftServerImpl (RaftServerImpl.java:start(181)) - d674a472-63db-487e-83ee-37e9251a237b@group-857DC167E741: start as a follower, conf=-1: [d674a472-63db-487e-83ee-37e9251a237b:192.168.157.224:38926, d616a39f-6bf2-4a01-abc3-1d7644e726ce:192.168.157.224:32974, 8e79af81-6182-484d-86a0-25203e14f91e:192.168.157.224:43198], old=null
2019-10-13 20:36:01,533 [pool-380-thread-1] INFO  impl.RaftServerImpl (RaftServerImpl.java:setRole(170)) - d616a39f-6bf2-4a01-abc3-1d7644e726ce@group-857DC167E741: changes role from      null to FOLLOWER at term 0 for startAsFollower
2019-10-13 20:36:01,533 [pool-400-thread-1] INFO  impl.RaftServerImpl (RaftServerImpl.java:setRole(170)) - d674a472-63db-487e-83ee-37e9251a237b@group-857DC167E741: changes role from      null to FOLLOWER at term 0 for startAsFollower
2019-10-13 20:36:01,534 [pool-380-thread-1] INFO  impl.RoleInfo (RoleInfo.java:updateAndGet(143)) - d616a39f-6bf2-4a01-abc3-1d7644e726ce: start FollowerState
2019-10-13 20:36:01,534 [pool-400-thread-1] INFO  impl.RoleInfo (RoleInfo.java:updateAndGet(143)) - d674a472-63db-487e-83ee-37e9251a237b: start FollowerState
2019-10-13 20:36:01,534 [pool-380-thread-1] INFO  util.JmxRegister (JmxRegister.java:tryRegister(44)) - Successfully registered JMX Bean with object name Ratis:service=RaftServer,group=group-857DC167E741,id=d616a39f-6bf2-4a01-abc3-1d7644e726ce
2019-10-13 20:36:01,534 [pool-400-thread-1] INFO  util.JmxRegister (JmxRegister.java:tryRegister(44)) - Successfully registered JMX Bean with object name Ratis:service=RaftServer,group=group-857DC167E741,id=d674a472-63db-487e-83ee-37e9251a237b
2019-10-13 20:36:01,540 [RatisPipelineUtilsThread] INFO  pipeline.PipelineStateManager (PipelineStateManager.java:addPipeline(56)) - Created pipeline Pipeline[ Id: 1d443bd3-00f8-4117-b56b-857dc167e741, Nodes: d674a472-63db-487e-83ee-37e9251a237b{ip: 192.168.157.224, host: pr-hdds-2290-dcfw8-3342134496, networkLocation: /default-rack, certSerialId: null}d616a39f-6bf2-4a01-abc3-1d7644e726ce{ip: 192.168.157.224, host: pr-hdds-2290-dcfw8-3342134496, networkLocation: /default-rack, certSerialId: null}8e79af81-6182-484d-86a0-25203e14f91e{ip: 192.168.157.224, host: pr-hdds-2290-dcfw8-3342134496, networkLocation: /default-rack, certSerialId: null}, Type:RATIS, Factor:THREE, State:OPEN]
2019-10-13 20:36:02,043 [IPC Server handler 14 on 36807] INFO  net.NetworkTopology (NetworkTopologyImpl.java:add(111)) - Added a new node: /default-rack/1005e3b9-d593-4d7b-8c15-245b252a84f0
2019-10-13 20:36:02,043 [IPC Server handler 14 on 36807] INFO  node.SCMNodeManager (SCMNodeManager.java:register(268)) - Registered Data node : 1005e3b9-d593-4d7b-8c15-245b252a84f0{ip: 192.168.157.224, host: pr-hdds-2290-dcfw8-3342134496, networkLocation: /default-rack, certSerialId: null}
2019-10-13 20:36:02,056 [grpc-default-executor-5] INFO  impl.RaftServerProxy (RaftServerProxy.java:addNew(89)) - 1005e3b9-d593-4d7b-8c15-245b252a84f0: addNew group-A75E9737F7A7:[1005e3b9-d593-4d7b-8c15-245b252a84f0:192.168.157.224:32834] returns group-A75E9737F7A7:java.util.concurrent.CompletableFuture@3fb2278f[Not completed]
2019-10-13 20:36:02,061 [pool-410-thread-1] INFO  impl.RaftServerImpl (RaftServerImpl.java:<init>(95)) - 1005e3b9-d593-4d7b-8c15-245b252a84f0: new RaftServerImpl for group-A75E9737F7A7:[1005e3b9-d593-4d7b-8c15-245b252a84f0:192.168.157.224:32834] with ContainerStateMachine:uninitialized
2019-10-13 20:36:02,062 [pool-410-thread-1] INFO  server.RaftServerConfigKeys (ConfUtils.java:logGet(43)) - raft.server.rpc.timeout.min = 5s (custom)
2019-10-13 20:36:02,062 [pool-410-thread-1] INFO  server.RaftServerConfigKeys (ConfUtils.java:logGet(43)) - raft.server.rpc.timeout.max = 5200ms (custom)
2019-10-13 20:36:02,062 [pool-410-thread-1] INFO  server.RaftServerConfigKeys (ConfUtils.java:logGet(43)) - raft.server.rpcslowness.timeout = 120s (custom)
2019-10-13 20:36:02,062 [pool-410-thread-1] INFO  server.RaftServerConfigKeys (ConfUtils.java:logGet(43)) - raft.server.sleep.deviation.threshold = 300 (default)
2019-10-13 20:36:02,062 [pool-410-thread-1] INFO  server.RaftServerConfigKeys (ConfUtils.java:logGet(43)) - raft.server.log.appender.install.snapshot.enabled = false (custom)
2019-10-13 20:36:02,063 [pool-410-thread-1] INFO  impl.RaftServerImpl (ServerState.java:<init>(103)) - 1005e3b9-d593-4d7b-8c15-245b252a84f0@group-A75E9737F7A7: ConfigurationManager, init=-1: [1005e3b9-d593-4d7b-8c15-245b252a84f0:192.168.157.224:32834], old=null, confs=<EMPTY_MAP>
2019-10-13 20:36:02,063 [pool-410-thread-1] INFO  server.RaftServerConfigKeys (ConfUtils.java:logGet(43)) - raft.server.storage.dir = [/workdir/hadoop-ozone/integration-test/target/test-dir/MiniOzoneClusterImpl-7c68d9ae-3b3a-48f9-967d-a14322fa261f/datanode-3/data/ratis] (custom)
2019-10-13 20:36:02,063 [pool-410-thread-1] INFO  server.RaftServerConfigKeys (ConfUtils.java:logGet(43)) - raft.server.log.corruption.policy = EXCEPTION (default)
2019-10-13 20:36:02,064 [pool-410-thread-1] INFO  storage.RaftStorageDirectory (RaftStorageDirectory.java:analyzeStorage(246)) - The storage directory /workdir/hadoop-ozone/integration-test/target/test-dir/MiniOzoneClusterImpl-7c68d9ae-3b3a-48f9-967d-a14322fa261f/datanode-3/data/ratis/fac1fdb6-5c5a-4d6e-89ee-a75e9737f7a7 does not exist. Creating ...
2019-10-13 20:36:02,077 [pool-410-thread-1] INFO  storage.RaftStorageDirectory (RaftStorageDirectory.java:tryLock(328)) - Lock on /workdir/hadoop-ozone/integration-test/target/test-dir/MiniOzoneClusterImpl-7c68d9ae-3b3a-48f9-967d-a14322fa261f/datanode-3/data/ratis/fac1fdb6-5c5a-4d6e-89ee-a75e9737f7a7/in_use.lock acquired by nodename 2755@pr-hdds-2290-dcfw8-3342134496
2019-10-13 20:36:02,090 [pool-410-thread-1] INFO  storage.RaftStorage (RaftStorage.java:format(84)) - Storage directory /workdir/hadoop-ozone/integration-test/target/test-dir/MiniOzoneClusterImpl-7c68d9ae-3b3a-48f9-967d-a14322fa261f/datanode-3/data/ratis/fac1fdb6-5c5a-4d6e-89ee-a75e9737f7a7 has been successfully formatted.
2019-10-13 20:36:02,091 [pool-410-thread-1] INFO  ratis.ContainerStateMachine (ContainerStateMachine.java:loadSnapshot(231)) - group-A75E9737F7A7: The snapshot info is null. Setting the last applied indexto:(t:0, i:~)
2019-10-13 20:36:02,091 [pool-410-thread-1] INFO  server.RaftServerConfigKeys (ConfUtils.java:logGet(43)) - raft.server.notification.no-leader.timeout = 120s (custom)
2019-10-13 20:36:02,091 [pool-410-thread-1] INFO  server.RaftServerConfigKeys (ConfUtils.java:logGet(43)) - raft.server.log.use.memory = false (default)
2019-10-13 20:36:02,091 [pool-410-thread-1] INFO  server.RaftServerConfigKeys (ConfUtils.java:logGet(43)) - raft.server.log.purge.gap = 1000000 (custom)
2019-10-13 20:36:02,091 [pool-410-thread-1] INFO  server.RaftServerConfigKeys (ConfUtils.java:logGet(43)) - raft.server.log.appender.buffer.byte-limit = 33554432 (custom)
2019-10-13 20:36:02,091 [pool-410-thread-1] INFO  server.RaftServerConfigKeys (ConfUtils.java:logGet(43)) - raft.server.log.segment.size.max = 1048576 (custom)
2019-10-13 20:36:02,093 [pool-410-thread-1] INFO  server.RaftServerConfigKeys (ConfUtils.java:logGet(43)) - raft.server.log.segment.cache.num.max = 2 (custom)
2019-10-13 20:36:02,093 [pool-410-thread-1] INFO  segmented.SegmentedRaftLogWorker (SegmentedRaftLogWorker.java:<init>(173)) - new 1005e3b9-d593-4d7b-8c15-245b252a84f0@group-A75E9737F7A7-SegmentedRaftLogWorker for RaftStorage:Storage Directory /workdir/hadoop-ozone/integration-test/target/test-dir/MiniOzoneClusterImpl-7c68d9ae-3b3a-48f9-967d-a14322fa261f/datanode-3/data/ratis/fac1fdb6-5c5a-4d6e-89ee-a75e9737f7a7
2019-10-13 20:36:02,093 [pool-410-thread-1] INFO  server.RaftServerConfigKeys (ConfUtils.java:logGet(43)) - raft.server.log.queue.byte-limit = 2147483647 (custom)
2019-10-13 20:36:02,094 [pool-410-thread-1] INFO  server.RaftServerConfigKeys (ConfUtils.java:logGet(43)) - raft.server.log.queue.element-limit = 1024 (custom)
2019-10-13 20:36:02,094 [pool-410-thread-1] INFO  server.RaftServerConfigKeys (ConfUtils.java:logGet(43)) - raft.server.log.segment.size.max = 1048576 (custom)
2019-10-13 20:36:02,094 [pool-410-thread-1] INFO  server.RaftServerConfigKeys (ConfUtils.java:logGet(43)) - raft.server.log.preallocated.size = 16384 (custom)
2019-10-13 20:36:02,094 [pool-410-thread-1] INFO  server.RaftServerConfigKeys (ConfUtils.java:logGet(43)) - raft.server.log.write.buffer.size = 33554432 (custom)
2019-10-13 20:36:02,094 [pool-410-thread-1] INFO  server.RaftServerConfigKeys (ConfUtils.java:logGet(43)) - raft.server.log.force.sync.num = 128 (default)
2019-10-13 20:36:02,094 [pool-410-thread-1] INFO  server.RaftServerConfigKeys (ConfUtils.java:logGet(43)) - raft.server.log.statemachine.data.sync = true (default)
2019-10-13 20:36:02,095 [pool-410-thread-1] INFO  server.RaftServerConfigKeys (ConfUtils.java:logGet(43)) - raft.server.log.statemachine.data.sync.timeout = 10s (default)
2019-10-13 20:36:02,095 [pool-410-thread-1] INFO  server.RaftServerConfigKeys (ConfUtils.java:logGet(43)) - raft.server.log.statemachine.data.sync.timeout.retry = -1 (default)
2019-10-13 20:36:02,095 [pool-410-thread-1] INFO  server.RaftServerConfigKeys (ConfUtils.java:logGet(43)) - raft.server.log.statemachine.data.caching.enabled = true (custom)
2019-10-13 20:36:02,095 [pool-410-thread-1] INFO  segmented.SegmentedRaftLogWorker (SegmentedRaftLogWorker.java:lambda$new$0(128)) - 1005e3b9-d593-4d7b-8c15-245b252a84f0@group-A75E9737F7A7-SegmentedRaftLogWorker: flushIndex: setUnconditionally 0 -> -1
2019-10-13 20:36:02,096 [pool-410-thread-1] INFO  server.RaftServerConfigKeys (ConfUtils.java:logGet(43)) - raft.server.snapshot.auto.trigger.enabled = true (custom)
2019-10-13 20:36:02,096 [pool-410-thread-1] INFO  server.RaftServerConfigKeys (ConfUtils.java:logGet(43)) - raft.server.snapshot.auto.trigger.threshold = 10000 (custom)
2019-10-13 20:36:02,096 [pool-410-thread-1] INFO  server.RaftServerConfigKeys (ConfUtils.java:logGet(43)) - raft.server.snapshot.retention.file.num = 5 (custom)
2019-10-13 20:36:02,096 [pool-410-thread-1] INFO  server.RaftServerConfigKeys (ConfUtils.java:logGet(43)) - raft.server.retrycache.expirytime = 600000ms (custom)
2019-10-13 20:36:02,098 [pool-410-thread-1] INFO  impl.RaftServerImpl (RaftServerImpl.java:start(181)) - 1005e3b9-d593-4d7b-8c15-245b252a84f0@group-A75E9737F7A7: start as a follower, conf=-1: [1005e3b9-d593-4d7b-8c15-245b252a84f0:192.168.157.224:32834], old=null
2019-10-13 20:36:02,098 [pool-410-thread-1] INFO  impl.RaftServerImpl (RaftServerImpl.java:setRole(170)) - 1005e3b9-d593-4d7b-8c15-245b252a84f0@group-A75E9737F7A7: changes role from      null to FOLLOWER at term 0 for startAsFollower
2019-10-13 20:36:02,098 [pool-410-thread-1] INFO  impl.RoleInfo (RoleInfo.java:updateAndGet(143)) - 1005e3b9-d593-4d7b-8c15-245b252a84f0: start FollowerState
2019-10-13 20:36:02,099 [pool-410-thread-1] INFO  util.JmxRegister (JmxRegister.java:tryRegister(44)) - Successfully registered JMX Bean with object name Ratis:service=RaftServer,group=group-A75E9737F7A7,id=1005e3b9-d593-4d7b-8c15-245b252a84f0
2019-10-13 20:36:02,103 [RatisPipelineUtilsThread] INFO  pipeline.PipelineStateManager (PipelineStateManager.java:addPipeline(56)) - Created pipeline Pipeline[ Id: fac1fdb6-5c5a-4d6e-89ee-a75e9737f7a7, Nodes: 1005e3b9-d593-4d7b-8c15-245b252a84f0{ip: 192.168.157.224, host: pr-hdds-2290-dcfw8-3342134496, networkLocation: /default-rack, certSerialId: null}, Type:RATIS, Factor:ONE, State:OPEN]
2019-10-13 20:36:02,203 [IPC Server handler 17 on 36807] INFO  net.NetworkTopology (NetworkTopologyImpl.java:add(111)) - Added a new node: /default-rack/cb750453-8b40-4f32-acc9-dbcac32c8fb0
2019-10-13 20:36:02,204 [IPC Server handler 17 on 36807] INFO  node.SCMNodeManager (SCMNodeManager.java:register(268)) - Registered Data node : cb750453-8b40-4f32-acc9-dbcac32c8fb0{ip: 192.168.157.224, host: pr-hdds-2290-dcfw8-3342134496, networkLocation: /default-rack, certSerialId: null}
2019-10-13 20:36:02,220 [grpc-default-executor-5] INFO  impl.RaftServerProxy (RaftServerProxy.java:addNew(89)) - cb750453-8b40-4f32-acc9-dbcac32c8fb0: addNew group-A2E972653105:[cb750453-8b40-4f32-acc9-dbcac32c8fb0:192.168.157.224:41870] returns group-A2E972653105:java.util.concurrent.CompletableFuture@5c8844dc[Not completed]
2019-10-13 20:36:02,221 [pool-420-thread-1] INFO  impl.RaftServerImpl (RaftServerImpl.java:<init>(95)) - cb750453-8b40-4f32-acc9-dbcac32c8fb0: new RaftServerImpl for group-A2E972653105:[cb750453-8b40-4f32-acc9-dbcac32c8fb0:192.168.157.224:41870] with ContainerStateMachine:uninitialized
2019-10-13 20:36:02,221 [pool-420-thread-1] INFO  server.RaftServerConfigKeys (ConfUtils.java:logGet(43)) - raft.server.rpc.timeout.min = 5s (custom)
2019-10-13 20:36:02,222 [pool-420-thread-1] INFO  server.RaftServerConfigKeys (ConfUtils.java:logGet(43)) - raft.server.rpc.timeout.max = 5200ms (custom)
2019-10-13 20:36:02,222 [pool-420-thread-1] INFO  server.RaftServerConfigKeys (ConfUtils.java:logGet(43)) - raft.server.rpcslowness.timeout = 120s (custom)
2019-10-13 20:36:02,222 [pool-420-thread-1] INFO  server.RaftServerConfigKeys (ConfUtils.java:logGet(43)) - raft.server.sleep.deviation.threshold = 300 (default)
2019-10-13 20:36:02,222 [pool-420-thread-1] INFO  server.RaftServerConfigKeys (ConfUtils.java:logGet(43)) - raft.server.log.appender.install.snapshot.enabled = false (custom)
2019-10-13 20:36:02,222 [pool-420-thread-1] INFO  impl.RaftServerImpl (ServerState.java:<init>(103)) - cb750453-8b40-4f32-acc9-dbcac32c8fb0@group-A2E972653105: ConfigurationManager, init=-1: [cb750453-8b40-4f32-acc9-dbcac32c8fb0:192.168.157.224:41870], old=null, confs=<EMPTY_MAP>
2019-10-13 20:36:02,222 [pool-420-thread-1] INFO  server.RaftServerConfigKeys (ConfUtils.java:logGet(43)) - raft.server.storage.dir = [/workdir/hadoop-ozone/integration-test/target/test-dir/MiniOzoneClusterImpl-7c68d9ae-3b3a-48f9-967d-a14322fa261f/datanode-4/data/ratis] (custom)
2019-10-13 20:36:02,222 [pool-420-thread-1] INFO  server.RaftServerConfigKeys (ConfUtils.java:logGet(43)) - raft.server.log.corruption.policy = EXCEPTION (default)
2019-10-13 20:36:02,223 [pool-420-thread-1] INFO  storage.RaftStorageDirectory (RaftStorageDirectory.java:analyzeStorage(246)) - The storage directory /workdir/hadoop-ozone/integration-test/target/test-dir/MiniOzoneClusterImpl-7c68d9ae-3b3a-48f9-967d-a14322fa261f/datanode-4/data/ratis/d872e0c6-fda5-426f-921c-a2e972653105 does not exist. Creating ...
2019-10-13 20:36:02,235 [pool-420-thread-1] INFO  storage.RaftStorageDirectory (RaftStorageDirectory.java:tryLock(328)) - Lock on /workdir/hadoop-ozone/integration-test/target/test-dir/MiniOzoneClusterImpl-7c68d9ae-3b3a-48f9-967d-a14322fa261f/datanode-4/data/ratis/d872e0c6-fda5-426f-921c-a2e972653105/in_use.lock acquired by nodename 2755@pr-hdds-2290-dcfw8-3342134496
2019-10-13 20:36:02,248 [pool-420-thread-1] INFO  storage.RaftStorage (RaftStorage.java:format(84)) - Storage directory /workdir/hadoop-ozone/integration-test/target/test-dir/MiniOzoneClusterImpl-7c68d9ae-3b3a-48f9-967d-a14322fa261f/datanode-4/data/ratis/d872e0c6-fda5-426f-921c-a2e972653105 has been successfully formatted.
2019-10-13 20:36:02,248 [pool-420-thread-1] INFO  ratis.ContainerStateMachine (ContainerStateMachine.java:loadSnapshot(231)) - group-A2E972653105: The snapshot info is null. Setting the last applied indexto:(t:0, i:~)
2019-10-13 20:36:02,248 [pool-420-thread-1] INFO  server.RaftServerConfigKeys (ConfUtils.java:logGet(43)) - raft.server.notification.no-leader.timeout = 120s (custom)
2019-10-13 20:36:02,248 [pool-420-thread-1] INFO  server.RaftServerConfigKeys (ConfUtils.java:logGet(43)) - raft.server.log.use.memory = false (default)
2019-10-13 20:36:02,248 [pool-420-thread-1] INFO  server.RaftServerConfigKeys (ConfUtils.java:logGet(43)) - raft.server.log.purge.gap = 1000000 (custom)
2019-10-13 20:36:02,248 [pool-420-thread-1] INFO  server.RaftServerConfigKeys (ConfUtils.java:logGet(43)) - raft.server.log.appender.buffer.byte-limit = 33554432 (custom)
2019-10-13 20:36:02,249 [pool-420-thread-1] INFO  server.RaftServerConfigKeys (ConfUtils.java:logGet(43)) - raft.server.log.segment.size.max = 1048576 (custom)
2019-10-13 20:36:02,250 [pool-420-thread-1] INFO  server.RaftServerConfigKeys (ConfUtils.java:logGet(43)) - raft.server.log.segment.cache.num.max = 2 (custom)
2019-10-13 20:36:02,250 [pool-420-thread-1] INFO  segmented.SegmentedRaftLogWorker (SegmentedRaftLogWorker.java:<init>(173)) - new cb750453-8b40-4f32-acc9-dbcac32c8fb0@group-A2E972653105-SegmentedRaftLogWorker for RaftStorage:Storage Directory /workdir/hadoop-ozone/integration-test/target/test-dir/MiniOzoneClusterImpl-7c68d9ae-3b3a-48f9-967d-a14322fa261f/datanode-4/data/ratis/d872e0c6-fda5-426f-921c-a2e972653105
2019-10-13 20:36:02,250 [pool-420-thread-1] INFO  server.RaftServerConfigKeys (ConfUtils.java:logGet(43)) - raft.server.log.queue.byte-limit = 2147483647 (custom)
2019-10-13 20:36:02,250 [pool-420-thread-1] INFO  server.RaftServerConfigKeys (ConfUtils.java:logGet(43)) - raft.server.log.queue.element-limit = 1024 (custom)
2019-10-13 20:36:02,251 [pool-420-thread-1] INFO  server.RaftServerConfigKeys (ConfUtils.java:logGet(43)) - raft.server.log.segment.size.max = 1048576 (custom)
2019-10-13 20:36:02,251 [pool-420-thread-1] INFO  server.RaftServerConfigKeys (ConfUtils.java:logGet(43)) - raft.server.log.preallocated.size = 16384 (custom)
2019-10-13 20:36:02,251 [pool-420-thread-1] INFO  server.RaftServerConfigKeys (ConfUtils.java:logGet(43)) - raft.server.log.write.buffer.size = 33554432 (custom)
2019-10-13 20:36:02,251 [pool-420-thread-1] INFO  server.RaftServerConfigKeys (ConfUtils.java:logGet(43)) - raft.server.log.force.sync.num = 128 (default)
2019-10-13 20:36:02,251 [pool-420-thread-1] INFO  server.RaftServerConfigKeys (ConfUtils.java:logGet(43)) - raft.server.log.statemachine.data.sync = true (default)
2019-10-13 20:36:02,251 [pool-420-thread-1] INFO  server.RaftServerConfigKeys (ConfUtils.java:logGet(43)) - raft.server.log.statemachine.data.sync.timeout = 10s (default)
2019-10-13 20:36:02,251 [pool-420-thread-1] INFO  server.RaftServerConfigKeys (ConfUtils.java:logGet(43)) - raft.server.log.statemachine.data.sync.timeout.retry = -1 (default)
2019-10-13 20:36:02,252 [pool-420-thread-1] INFO  server.RaftServerConfigKeys (ConfUtils.java:logGet(43)) - raft.server.log.statemachine.data.caching.enabled = true (custom)
2019-10-13 20:36:02,252 [pool-420-thread-1] INFO  segmented.SegmentedRaftLogWorker (SegmentedRaftLogWorker.java:lambda$new$0(128)) - cb750453-8b40-4f32-acc9-dbcac32c8fb0@group-A2E972653105-SegmentedRaftLogWorker: flushIndex: setUnconditionally 0 -> -1
2019-10-13 20:36:02,252 [pool-420-thread-1] INFO  server.RaftServerConfigKeys (ConfUtils.java:logGet(43)) - raft.server.snapshot.auto.trigger.enabled = true (custom)
2019-10-13 20:36:02,252 [pool-420-thread-1] INFO  server.RaftServerConfigKeys (ConfUtils.java:logGet(43)) - raft.server.snapshot.auto.trigger.threshold = 10000 (custom)
2019-10-13 20:36:02,252 [pool-420-thread-1] INFO  server.RaftServerConfigKeys (ConfUtils.java:logGet(43)) - raft.server.snapshot.retention.file.num = 5 (custom)
2019-10-13 20:36:02,253 [pool-420-thread-1] INFO  server.RaftServerConfigKeys (ConfUtils.java:logGet(43)) - raft.server.retrycache.expirytime = 600000ms (custom)
2019-10-13 20:36:02,254 [pool-420-thread-1] INFO  impl.RaftServerImpl (RaftServerImpl.java:start(181)) - cb750453-8b40-4f32-acc9-dbcac32c8fb0@group-A2E972653105: start as a follower, conf=-1: [cb750453-8b40-4f32-acc9-dbcac32c8fb0:192.168.157.224:41870], old=null
2019-10-13 20:36:02,254 [pool-420-thread-1] INFO  impl.RaftServerImpl (RaftServerImpl.java:setRole(170)) - cb750453-8b40-4f32-acc9-dbcac32c8fb0@group-A2E972653105: changes role from      null to FOLLOWER at term 0 for startAsFollower
2019-10-13 20:36:02,254 [pool-420-thread-1] INFO  impl.RoleInfo (RoleInfo.java:updateAndGet(143)) - cb750453-8b40-4f32-acc9-dbcac32c8fb0: start FollowerState
2019-10-13 20:36:02,255 [pool-420-thread-1] INFO  util.JmxRegister (JmxRegister.java:tryRegister(44)) - Successfully registered JMX Bean with object name Ratis:service=RaftServer,group=group-A2E972653105,id=cb750453-8b40-4f32-acc9-dbcac32c8fb0
2019-10-13 20:36:02,258 [RatisPipelineUtilsThread] INFO  pipeline.PipelineStateManager (PipelineStateManager.java:addPipeline(56)) - Created pipeline Pipeline[ Id: d872e0c6-fda5-426f-921c-a2e972653105, Nodes: cb750453-8b40-4f32-acc9-dbcac32c8fb0{ip: 192.168.157.224, host: pr-hdds-2290-dcfw8-3342134496, networkLocation: /default-rack, certSerialId: null}, Type:RATIS, Factor:ONE, State:OPEN]
2019-10-13 20:36:02,351 [IPC Server handler 13 on 36807] INFO  net.NetworkTopology (NetworkTopologyImpl.java:add(111)) - Added a new node: /default-rack/e01792a8-46ed-4ca8-a60f-6d1a93cc401d
2019-10-13 20:36:02,351 [IPC Server handler 13 on 36807] INFO  node.SCMNodeManager (SCMNodeManager.java:register(268)) - Registered Data node : e01792a8-46ed-4ca8-a60f-6d1a93cc401d{ip: 192.168.157.224, host: pr-hdds-2290-dcfw8-3342134496, networkLocation: /default-rack, certSerialId: null}
2019-10-13 20:36:02,369 [grpc-default-executor-5] INFO  impl.RaftServerProxy (RaftServerProxy.java:addNew(89)) - e01792a8-46ed-4ca8-a60f-6d1a93cc401d: addNew group-DCFEB6E68419:[e01792a8-46ed-4ca8-a60f-6d1a93cc401d:192.168.157.224:44597] returns group-DCFEB6E68419:java.util.concurrent.CompletableFuture@58c32592[Not completed]
2019-10-13 20:36:02,371 [pool-430-thread-1] INFO  impl.RaftServerImpl (RaftServerImpl.java:<init>(95)) - e01792a8-46ed-4ca8-a60f-6d1a93cc401d: new RaftServerImpl for group-DCFEB6E68419:[e01792a8-46ed-4ca8-a60f-6d1a93cc401d:192.168.157.224:44597] with ContainerStateMachine:uninitialized
2019-10-13 20:36:02,371 [pool-430-thread-1] INFO  server.RaftServerConfigKeys (ConfUtils.java:logGet(43)) - raft.server.rpc.timeout.min = 5s (custom)
2019-10-13 20:36:02,371 [pool-430-thread-1] INFO  server.RaftServerConfigKeys (ConfUtils.java:logGet(43)) - raft.server.rpc.timeout.max = 5200ms (custom)
2019-10-13 20:36:02,371 [pool-430-thread-1] INFO  server.RaftServerConfigKeys (ConfUtils.java:logGet(43)) - raft.server.rpcslowness.timeout = 120s (custom)
2019-10-13 20:36:02,371 [pool-430-thread-1] INFO  server.RaftServerConfigKeys (ConfUtils.java:logGet(43)) - raft.server.sleep.deviation.threshold = 300 (default)
2019-10-13 20:36:02,372 [pool-430-thread-1] INFO  server.RaftServerConfigKeys (ConfUtils.java:logGet(43)) - raft.server.log.appender.install.snapshot.enabled = false (custom)
2019-10-13 20:36:02,372 [pool-430-thread-1] INFO  impl.RaftServerImpl (ServerState.java:<init>(103)) - e01792a8-46ed-4ca8-a60f-6d1a93cc401d@group-DCFEB6E68419: ConfigurationManager, init=-1: [e01792a8-46ed-4ca8-a60f-6d1a93cc401d:192.168.157.224:44597], old=null, confs=<EMPTY_MAP>
2019-10-13 20:36:02,372 [pool-430-thread-1] INFO  server.RaftServerConfigKeys (ConfUtils.java:logGet(43)) - raft.server.storage.dir = [/workdir/hadoop-ozone/integration-test/target/test-dir/MiniOzoneClusterImpl-7c68d9ae-3b3a-48f9-967d-a14322fa261f/datanode-5/data/ratis] (custom)
2019-10-13 20:36:02,372 [pool-430-thread-1] INFO  server.RaftServerConfigKeys (ConfUtils.java:logGet(43)) - raft.server.log.corruption.policy = EXCEPTION (default)
2019-10-13 20:36:02,373 [pool-430-thread-1] INFO  storage.RaftStorageDirectory (RaftStorageDirectory.java:analyzeStorage(246)) - The storage directory /workdir/hadoop-ozone/integration-test/target/test-dir/MiniOzoneClusterImpl-7c68d9ae-3b3a-48f9-967d-a14322fa261f/datanode-5/data/ratis/b2e45299-80ce-497a-9209-dcfeb6e68419 does not exist. Creating ...
2019-10-13 20:36:02,387 [pool-430-thread-1] INFO  storage.RaftStorageDirectory (RaftStorageDirectory.java:tryLock(328)) - Lock on /workdir/hadoop-ozone/integration-test/target/test-dir/MiniOzoneClusterImpl-7c68d9ae-3b3a-48f9-967d-a14322fa261f/datanode-5/data/ratis/b2e45299-80ce-497a-9209-dcfeb6e68419/in_use.lock acquired by nodename 2755@pr-hdds-2290-dcfw8-3342134496
2019-10-13 20:36:02,400 [pool-430-thread-1] INFO  storage.RaftStorage (RaftStorage.java:format(84)) - Storage directory /workdir/hadoop-ozone/integration-test/target/test-dir/MiniOzoneClusterImpl-7c68d9ae-3b3a-48f9-967d-a14322fa261f/datanode-5/data/ratis/b2e45299-80ce-497a-9209-dcfeb6e68419 has been successfully formatted.
2019-10-13 20:36:02,400 [pool-430-thread-1] INFO  ratis.ContainerStateMachine (ContainerStateMachine.java:loadSnapshot(231)) - group-DCFEB6E68419: The snapshot info is null. Setting the last applied indexto:(t:0, i:~)
2019-10-13 20:36:02,400 [pool-430-thread-1] INFO  server.RaftServerConfigKeys (ConfUtils.java:logGet(43)) - raft.server.notification.no-leader.timeout = 120s (custom)
2019-10-13 20:36:02,400 [pool-430-thread-1] INFO  server.RaftServerConfigKeys (ConfUtils.java:logGet(43)) - raft.server.log.use.memory = false (default)
2019-10-13 20:36:02,400 [pool-430-thread-1] INFO  server.RaftServerConfigKeys (ConfUtils.java:logGet(43)) - raft.server.log.purge.gap = 1000000 (custom)
2019-10-13 20:36:02,400 [pool-430-thread-1] INFO  server.RaftServerConfigKeys (ConfUtils.java:logGet(43)) - raft.server.log.appender.buffer.byte-limit = 33554432 (custom)
2019-10-13 20:36:02,401 [pool-430-thread-1] INFO  server.RaftServerConfigKeys (ConfUtils.java:logGet(43)) - raft.server.log.segment.size.max = 1048576 (custom)
2019-10-13 20:36:02,402 [pool-430-thread-1] INFO  server.RaftServerConfigKeys (ConfUtils.java:logGet(43)) - raft.server.log.segment.cache.num.max = 2 (custom)
2019-10-13 20:36:02,403 [pool-430-thread-1] INFO  segmented.SegmentedRaftLogWorker (SegmentedRaftLogWorker.java:<init>(173)) - new e01792a8-46ed-4ca8-a60f-6d1a93cc401d@group-DCFEB6E68419-SegmentedRaftLogWorker for RaftStorage:Storage Directory /workdir/hadoop-ozone/integration-test/target/test-dir/MiniOzoneClusterImpl-7c68d9ae-3b3a-48f9-967d-a14322fa261f/datanode-5/data/ratis/b2e45299-80ce-497a-9209-dcfeb6e68419
2019-10-13 20:36:02,403 [pool-430-thread-1] INFO  server.RaftServerConfigKeys (ConfUtils.java:logGet(43)) - raft.server.log.queue.byte-limit = 2147483647 (custom)
2019-10-13 20:36:02,403 [pool-430-thread-1] INFO  server.RaftServerConfigKeys (ConfUtils.java:logGet(43)) - raft.server.log.queue.element-limit = 1024 (custom)
2019-10-13 20:36:02,403 [pool-430-thread-1] INFO  server.RaftServerConfigKeys (ConfUtils.java:logGet(43)) - raft.server.log.segment.size.max = 1048576 (custom)
2019-10-13 20:36:02,403 [pool-430-thread-1] INFO  server.RaftServerConfigKeys (ConfUtils.java:logGet(43)) - raft.server.log.preallocated.size = 16384 (custom)
2019-10-13 20:36:02,403 [pool-430-thread-1] INFO  server.RaftServerConfigKeys (ConfUtils.java:logGet(43)) - raft.server.log.write.buffer.size = 33554432 (custom)
2019-10-13 20:36:02,403 [pool-430-thread-1] INFO  server.RaftServerConfigKeys (ConfUtils.java:logGet(43)) - raft.server.log.force.sync.num = 128 (default)
2019-10-13 20:36:02,404 [pool-430-thread-1] INFO  server.RaftServerConfigKeys (ConfUtils.java:logGet(43)) - raft.server.log.statemachine.data.sync = true (default)
2019-10-13 20:36:02,404 [pool-430-thread-1] INFO  server.RaftServerConfigKeys (ConfUtils.java:logGet(43)) - raft.server.log.statemachine.data.sync.timeout = 10s (default)
2019-10-13 20:36:02,404 [pool-430-thread-1] INFO  server.RaftServerConfigKeys (ConfUtils.java:logGet(43)) - raft.server.log.statemachine.data.sync.timeout.retry = -1 (default)
2019-10-13 20:36:02,404 [pool-430-thread-1] INFO  server.RaftServerConfigKeys (ConfUtils.java:logGet(43)) - raft.server.log.statemachine.data.caching.enabled = true (custom)
2019-10-13 20:36:02,404 [pool-430-thread-1] INFO  segmented.SegmentedRaftLogWorker (SegmentedRaftLogWorker.java:lambda$new$0(128)) - e01792a8-46ed-4ca8-a60f-6d1a93cc401d@group-DCFEB6E68419-SegmentedRaftLogWorker: flushIndex: setUnconditionally 0 -> -1
2019-10-13 20:36:02,405 [pool-430-thread-1] INFO  server.RaftServerConfigKeys (ConfUtils.java:logGet(43)) - raft.server.snapshot.auto.trigger.enabled = true (custom)
2019-10-13 20:36:02,405 [pool-430-thread-1] INFO  server.RaftServerConfigKeys (ConfUtils.java:logGet(43)) - raft.server.snapshot.auto.trigger.threshold = 10000 (custom)
2019-10-13 20:36:02,405 [pool-430-thread-1] INFO  server.RaftServerConfigKeys (ConfUtils.java:logGet(43)) - raft.server.snapshot.retention.file.num = 5 (custom)
2019-10-13 20:36:02,405 [pool-430-thread-1] INFO  server.RaftServerConfigKeys (ConfUtils.java:logGet(43)) - raft.server.retrycache.expirytime = 600000ms (custom)
2019-10-13 20:36:02,407 [pool-430-thread-1] INFO  impl.RaftServerImpl (RaftServerImpl.java:start(181)) - e01792a8-46ed-4ca8-a60f-6d1a93cc401d@group-DCFEB6E68419: start as a follower, conf=-1: [e01792a8-46ed-4ca8-a60f-6d1a93cc401d:192.168.157.224:44597], old=null
2019-10-13 20:36:02,407 [pool-430-thread-1] INFO  impl.RaftServerImpl (RaftServerImpl.java:setRole(170)) - e01792a8-46ed-4ca8-a60f-6d1a93cc401d@group-DCFEB6E68419: changes role from      null to FOLLOWER at term 0 for startAsFollower
2019-10-13 20:36:02,407 [pool-430-thread-1] INFO  impl.RoleInfo (RoleInfo.java:updateAndGet(143)) - e01792a8-46ed-4ca8-a60f-6d1a93cc401d: start FollowerState
2019-10-13 20:36:02,408 [pool-430-thread-1] INFO  util.JmxRegister (JmxRegister.java:tryRegister(44)) - Successfully registered JMX Bean with object name Ratis:service=RaftServer,group=group-DCFEB6E68419,id=e01792a8-46ed-4ca8-a60f-6d1a93cc401d
2019-10-13 20:36:02,411 [RatisPipelineUtilsThread] INFO  pipeline.PipelineStateManager (PipelineStateManager.java:addPipeline(56)) - Created pipeline Pipeline[ Id: b2e45299-80ce-497a-9209-dcfeb6e68419, Nodes: e01792a8-46ed-4ca8-a60f-6d1a93cc401d{ip: 192.168.157.224, host: pr-hdds-2290-dcfw8-3342134496, networkLocation: /default-rack, certSerialId: null}, Type:RATIS, Factor:ONE, State:OPEN]
2019-10-13 20:36:02,433 [main] INFO  ozone.MiniOzoneClusterImpl (MiniOzoneClusterImpl.java:lambda$waitForClusterToBeReady$0(147)) - Waiting for cluster to be ready. Got 6 of 7 DN Heartbeats.
2019-10-13 20:36:02,441 [IPC Server handler 14 on 36807] INFO  net.NetworkTopology (NetworkTopologyImpl.java:add(111)) - Added a new node: /default-rack/786ba85e-1ed1-4a0a-8b48-5523c2eb3be8
2019-10-13 20:36:02,441 [IPC Server handler 14 on 36807] INFO  node.SCMNodeManager (SCMNodeManager.java:register(268)) - Registered Data node : 786ba85e-1ed1-4a0a-8b48-5523c2eb3be8{ip: 192.168.157.224, host: pr-hdds-2290-dcfw8-3342134496, networkLocation: /default-rack, certSerialId: null}
2019-10-13 20:36:02,442 [grpc-default-executor-2] INFO  impl.RaftServerProxy (RaftServerProxy.java:addNew(89)) - cb750453-8b40-4f32-acc9-dbcac32c8fb0: addNew group-544F9978F1B0:[cb750453-8b40-4f32-acc9-dbcac32c8fb0:192.168.157.224:41870, e01792a8-46ed-4ca8-a60f-6d1a93cc401d:192.168.157.224:44597, 1005e3b9-d593-4d7b-8c15-245b252a84f0:192.168.157.224:32834] returns group-544F9978F1B0:java.util.concurrent.CompletableFuture@3c4e5805[Not completed]
2019-10-13 20:36:02,442 [grpc-default-executor-5] INFO  impl.RaftServerProxy (RaftServerProxy.java:addNew(89)) - e01792a8-46ed-4ca8-a60f-6d1a93cc401d: addNew group-544F9978F1B0:[cb750453-8b40-4f32-acc9-dbcac32c8fb0:192.168.157.224:41870, e01792a8-46ed-4ca8-a60f-6d1a93cc401d:192.168.157.224:44597, 1005e3b9-d593-4d7b-8c15-245b252a84f0:192.168.157.224:32834] returns group-544F9978F1B0:java.util.concurrent.CompletableFuture@709906d7[Not completed]
2019-10-13 20:36:02,442 [grpc-default-executor-4] INFO  impl.RaftServerProxy (RaftServerProxy.java:addNew(89)) - 1005e3b9-d593-4d7b-8c15-245b252a84f0: addNew group-544F9978F1B0:[cb750453-8b40-4f32-acc9-dbcac32c8fb0:192.168.157.224:41870, e01792a8-46ed-4ca8-a60f-6d1a93cc401d:192.168.157.224:44597, 1005e3b9-d593-4d7b-8c15-245b252a84f0:192.168.157.224:32834] returns group-544F9978F1B0:java.util.concurrent.CompletableFuture@4b5c27ca[Not completed]
2019-10-13 20:36:02,443 [pool-410-thread-1] INFO  impl.RaftServerImpl (RaftServerImpl.java:<init>(95)) - 1005e3b9-d593-4d7b-8c15-245b252a84f0: new RaftServerImpl for group-544F9978F1B0:[cb750453-8b40-4f32-acc9-dbcac32c8fb0:192.168.157.224:41870, e01792a8-46ed-4ca8-a60f-6d1a93cc401d:192.168.157.224:44597, 1005e3b9-d593-4d7b-8c15-245b252a84f0:192.168.157.224:32834] with ContainerStateMachine:uninitialized
2019-10-13 20:36:02,443 [pool-410-thread-1] INFO  server.RaftServerConfigKeys (ConfUtils.java:logGet(43)) - raft.server.rpc.timeout.min = 5s (custom)
2019-10-13 20:36:02,443 [pool-410-thread-1] INFO  server.RaftServerConfigKeys (ConfUtils.java:logGet(43)) - raft.server.rpc.timeout.max = 5200ms (custom)
2019-10-13 20:36:02,443 [pool-410-thread-1] INFO  server.RaftServerConfigKeys (ConfUtils.java:logGet(43)) - raft.server.rpcslowness.timeout = 120s (custom)
2019-10-13 20:36:02,443 [pool-420-thread-1] INFO  impl.RaftServerImpl (RaftServerImpl.java:<init>(95)) - cb750453-8b40-4f32-acc9-dbcac32c8fb0: new RaftServerImpl for group-544F9978F1B0:[cb750453-8b40-4f32-acc9-dbcac32c8fb0:192.168.157.224:41870, e01792a8-46ed-4ca8-a60f-6d1a93cc401d:192.168.157.224:44597, 1005e3b9-d593-4d7b-8c15-245b252a84f0:192.168.157.224:32834] with ContainerStateMachine:uninitialized
2019-10-13 20:36:02,443 [pool-410-thread-1] INFO  server.RaftServerConfigKeys (ConfUtils.java:logGet(43)) - raft.server.sleep.deviation.threshold = 300 (default)
2019-10-13 20:36:02,444 [pool-420-thread-1] INFO  server.RaftServerConfigKeys (ConfUtils.java:logGet(43)) - raft.server.rpc.timeout.min = 5s (custom)
2019-10-13 20:36:02,444 [pool-410-thread-1] INFO  server.RaftServerConfigKeys (ConfUtils.java:logGet(43)) - raft.server.log.appender.install.snapshot.enabled = false (custom)
2019-10-13 20:36:02,444 [pool-430-thread-1] INFO  impl.RaftServerImpl (RaftServerImpl.java:<init>(95)) - e01792a8-46ed-4ca8-a60f-6d1a93cc401d: new RaftServerImpl for group-544F9978F1B0:[cb750453-8b40-4f32-acc9-dbcac32c8fb0:192.168.157.224:41870, e01792a8-46ed-4ca8-a60f-6d1a93cc401d:192.168.157.224:44597, 1005e3b9-d593-4d7b-8c15-245b252a84f0:192.168.157.224:32834] with ContainerStateMachine:uninitialized
2019-10-13 20:36:02,444 [pool-420-thread-1] INFO  server.RaftServerConfigKeys (ConfUtils.java:logGet(43)) - raft.server.rpc.timeout.max = 5200ms (custom)
2019-10-13 20:36:02,444 [pool-430-thread-1] INFO  server.RaftServerConfigKeys (ConfUtils.java:logGet(43)) - raft.server.rpc.timeout.min = 5s (custom)
2019-10-13 20:36:02,444 [pool-410-thread-1] INFO  impl.RaftServerImpl (ServerState.java:<init>(103)) - 1005e3b9-d593-4d7b-8c15-245b252a84f0@group-544F9978F1B0: ConfigurationManager, init=-1: [cb750453-8b40-4f32-acc9-dbcac32c8fb0:192.168.157.224:41870, e01792a8-46ed-4ca8-a60f-6d1a93cc401d:192.168.157.224:44597, 1005e3b9-d593-4d7b-8c15-245b252a84f0:192.168.157.224:32834], old=null, confs=<EMPTY_MAP>
2019-10-13 20:36:02,444 [pool-430-thread-1] INFO  server.RaftServerConfigKeys (ConfUtils.java:logGet(43)) - raft.server.rpc.timeout.max = 5200ms (custom)
2019-10-13 20:36:02,444 [pool-420-thread-1] INFO  server.RaftServerConfigKeys (ConfUtils.java:logGet(43)) - raft.server.rpcslowness.timeout = 120s (custom)
2019-10-13 20:36:02,445 [pool-430-thread-1] INFO  server.RaftServerConfigKeys (ConfUtils.java:logGet(43)) - raft.server.rpcslowness.timeout = 120s (custom)
2019-10-13 20:36:02,445 [pool-410-thread-1] INFO  server.RaftServerConfigKeys (ConfUtils.java:logGet(43)) - raft.server.storage.dir = [/workdir/hadoop-ozone/integration-test/target/test-dir/MiniOzoneClusterImpl-7c68d9ae-3b3a-48f9-967d-a14322fa261f/datanode-3/data/ratis] (custom)
2019-10-13 20:36:02,445 [pool-430-thread-1] INFO  server.RaftServerConfigKeys (ConfUtils.java:logGet(43)) - raft.server.sleep.deviation.threshold = 300 (default)
2019-10-13 20:36:02,445 [pool-430-thread-1] INFO  server.RaftServerConfigKeys (ConfUtils.java:logGet(43)) - raft.server.log.appender.install.snapshot.enabled = false (custom)
2019-10-13 20:36:02,445 [pool-420-thread-1] INFO  server.RaftServerConfigKeys (ConfUtils.java:logGet(43)) - raft.server.sleep.deviation.threshold = 300 (default)
2019-10-13 20:36:02,445 [pool-430-thread-1] INFO  impl.RaftServerImpl (ServerState.java:<init>(103)) - e01792a8-46ed-4ca8-a60f-6d1a93cc401d@group-544F9978F1B0: ConfigurationManager, init=-1: [cb750453-8b40-4f32-acc9-dbcac32c8fb0:192.168.157.224:41870, e01792a8-46ed-4ca8-a60f-6d1a93cc401d:192.168.157.224:44597, 1005e3b9-d593-4d7b-8c15-245b252a84f0:192.168.157.224:32834], old=null, confs=<EMPTY_MAP>
2019-10-13 20:36:02,445 [pool-410-thread-1] INFO  server.RaftServerConfigKeys (ConfUtils.java:logGet(43)) - raft.server.log.corruption.policy = EXCEPTION (default)
2019-10-13 20:36:02,445 [pool-430-thread-1] INFO  server.RaftServerConfigKeys (ConfUtils.java:logGet(43)) - raft.server.storage.dir = [/workdir/hadoop-ozone/integration-test/target/test-dir/MiniOzoneClusterImpl-7c68d9ae-3b3a-48f9-967d-a14322fa261f/datanode-5/data/ratis] (custom)
2019-10-13 20:36:02,446 [pool-410-thread-1] INFO  storage.RaftStorageDirectory (RaftStorageDirectory.java:analyzeStorage(246)) - The storage directory /workdir/hadoop-ozone/integration-test/target/test-dir/MiniOzoneClusterImpl-7c68d9ae-3b3a-48f9-967d-a14322fa261f/datanode-3/data/ratis/911ca6fb-10b3-4f2f-b49f-544f9978f1b0 does not exist. Creating ...
2019-10-13 20:36:02,446 [pool-430-thread-1] INFO  server.RaftServerConfigKeys (ConfUtils.java:logGet(43)) - raft.server.log.corruption.policy = EXCEPTION (default)
2019-10-13 20:36:02,445 [pool-420-thread-1] INFO  server.RaftServerConfigKeys (ConfUtils.java:logGet(43)) - raft.server.log.appender.install.snapshot.enabled = false (custom)
2019-10-13 20:36:02,446 [pool-430-thread-1] INFO  storage.RaftStorageDirectory (RaftStorageDirectory.java:analyzeStorage(246)) - The storage directory /workdir/hadoop-ozone/integration-test/target/test-dir/MiniOzoneClusterImpl-7c68d9ae-3b3a-48f9-967d-a14322fa261f/datanode-5/data/ratis/911ca6fb-10b3-4f2f-b49f-544f9978f1b0 does not exist. Creating ...
2019-10-13 20:36:02,446 [pool-420-thread-1] INFO  impl.RaftServerImpl (ServerState.java:<init>(103)) - cb750453-8b40-4f32-acc9-dbcac32c8fb0@group-544F9978F1B0: ConfigurationManager, init=-1: [cb750453-8b40-4f32-acc9-dbcac32c8fb0:192.168.157.224:41870, e01792a8-46ed-4ca8-a60f-6d1a93cc401d:192.168.157.224:44597, 1005e3b9-d593-4d7b-8c15-245b252a84f0:192.168.157.224:32834], old=null, confs=<EMPTY_MAP>
2019-10-13 20:36:02,446 [pool-420-thread-1] INFO  server.RaftServerConfigKeys (ConfUtils.java:logGet(43)) - raft.server.storage.dir = [/workdir/hadoop-ozone/integration-test/target/test-dir/MiniOzoneClusterImpl-7c68d9ae-3b3a-48f9-967d-a14322fa261f/datanode-4/data/ratis] (custom)
2019-10-13 20:36:02,447 [pool-420-thread-1] INFO  server.RaftServerConfigKeys (ConfUtils.java:logGet(43)) - raft.server.log.corruption.policy = EXCEPTION (default)
2019-10-13 20:36:02,447 [pool-420-thread-1] INFO  storage.RaftStorageDirectory (RaftStorageDirectory.java:analyzeStorage(246)) - The storage directory /workdir/hadoop-ozone/integration-test/target/test-dir/MiniOzoneClusterImpl-7c68d9ae-3b3a-48f9-967d-a14322fa261f/datanode-4/data/ratis/911ca6fb-10b3-4f2f-b49f-544f9978f1b0 does not exist. Creating ...
2019-10-13 20:36:02,470 [pool-430-thread-1] INFO  storage.RaftStorageDirectory (RaftStorageDirectory.java:tryLock(328)) - Lock on /workdir/hadoop-ozone/integration-test/target/test-dir/MiniOzoneClusterImpl-7c68d9ae-3b3a-48f9-967d-a14322fa261f/datanode-5/data/ratis/911ca6fb-10b3-4f2f-b49f-544f9978f1b0/in_use.lock acquired by nodename 2755@pr-hdds-2290-dcfw8-3342134496
2019-10-13 20:36:02,470 [pool-420-thread-1] INFO  storage.RaftStorageDirectory (RaftStorageDirectory.java:tryLock(328)) - Lock on /workdir/hadoop-ozone/integration-test/target/test-dir/MiniOzoneClusterImpl-7c68d9ae-3b3a-48f9-967d-a14322fa261f/datanode-4/data/ratis/911ca6fb-10b3-4f2f-b49f-544f9978f1b0/in_use.lock acquired by nodename 2755@pr-hdds-2290-dcfw8-3342134496
2019-10-13 20:36:02,470 [pool-410-thread-1] INFO  storage.RaftStorageDirectory (RaftStorageDirectory.java:tryLock(328)) - Lock on /workdir/hadoop-ozone/integration-test/target/test-dir/MiniOzoneClusterImpl-7c68d9ae-3b3a-48f9-967d-a14322fa261f/datanode-3/data/ratis/911ca6fb-10b3-4f2f-b49f-544f9978f1b0/in_use.lock acquired by nodename 2755@pr-hdds-2290-dcfw8-3342134496
2019-10-13 20:36:02,484 [pool-430-thread-1] INFO  storage.RaftStorage (RaftStorage.java:format(84)) - Storage directory /workdir/hadoop-ozone/integration-test/target/test-dir/MiniOzoneClusterImpl-7c68d9ae-3b3a-48f9-967d-a14322fa261f/datanode-5/data/ratis/911ca6fb-10b3-4f2f-b49f-544f9978f1b0 has been successfully formatted.
2019-10-13 20:36:02,484 [pool-420-thread-1] INFO  storage.RaftStorage (RaftStorage.java:format(84)) - Storage directory /workdir/hadoop-ozone/integration-test/target/test-dir/MiniOzoneClusterImpl-7c68d9ae-3b3a-48f9-967d-a14322fa261f/datanode-4/data/ratis/911ca6fb-10b3-4f2f-b49f-544f9978f1b0 has been successfully formatted.
2019-10-13 20:36:02,484 [pool-410-thread-1] INFO  storage.RaftStorage (RaftStorage.java:format(84)) - Storage directory /workdir/hadoop-ozone/integration-test/target/test-dir/MiniOzoneClusterImpl-7c68d9ae-3b3a-48f9-967d-a14322fa261f/datanode-3/data/ratis/911ca6fb-10b3-4f2f-b49f-544f9978f1b0 has been successfully formatted.
2019-10-13 20:36:02,484 [pool-420-thread-1] INFO  ratis.ContainerStateMachine (ContainerStateMachine.java:loadSnapshot(231)) - group-544F9978F1B0: The snapshot info is null. Setting the last applied indexto:(t:0, i:~)
2019-10-13 20:36:02,484 [pool-430-thread-1] INFO  ratis.ContainerStateMachine (ContainerStateMachine.java:loadSnapshot(231)) - group-544F9978F1B0: The snapshot info is null. Setting the last applied indexto:(t:0, i:~)
2019-10-13 20:36:02,485 [pool-420-thread-1] INFO  server.RaftServerConfigKeys (ConfUtils.java:logGet(43)) - raft.server.notification.no-leader.timeout = 120s (custom)
2019-10-13 20:36:02,484 [pool-410-thread-1] INFO  ratis.ContainerStateMachine (ContainerStateMachine.java:loadSnapshot(231)) - group-544F9978F1B0: The snapshot info is null. Setting the last applied indexto:(t:0, i:~)
2019-10-13 20:36:02,485 [pool-420-thread-1] INFO  server.RaftServerConfigKeys (ConfUtils.java:logGet(43)) - raft.server.log.use.memory = false (default)
2019-10-13 20:36:02,485 [pool-430-thread-1] INFO  server.RaftServerConfigKeys (ConfUtils.java:logGet(43)) - raft.server.notification.no-leader.timeout = 120s (custom)
2019-10-13 20:36:02,485 [pool-420-thread-1] INFO  server.RaftServerConfigKeys (ConfUtils.java:logGet(43)) - raft.server.log.purge.gap = 1000000 (custom)
2019-10-13 20:36:02,485 [pool-410-thread-1] INFO  server.RaftServerConfigKeys (ConfUtils.java:logGet(43)) - raft.server.notification.no-leader.timeout = 120s (custom)
2019-10-13 20:36:02,485 [pool-420-thread-1] INFO  server.RaftServerConfigKeys (ConfUtils.java:logGet(43)) - raft.server.log.appender.buffer.byte-limit = 33554432 (custom)
2019-10-13 20:36:02,485 [pool-430-thread-1] INFO  server.RaftServerConfigKeys (ConfUtils.java:logGet(43)) - raft.server.log.use.memory = false (default)
2019-10-13 20:36:02,486 [pool-420-thread-1] INFO  server.RaftServerConfigKeys (ConfUtils.java:logGet(43)) - raft.server.log.segment.size.max = 1048576 (custom)
2019-10-13 20:36:02,485 [pool-410-thread-1] INFO  server.RaftServerConfigKeys (ConfUtils.java:logGet(43)) - raft.server.log.use.memory = false (default)
2019-10-13 20:36:02,486 [pool-420-thread-1] INFO  server.RaftServerConfigKeys (ConfUtils.java:logGet(43)) - raft.server.log.segment.cache.num.max = 2 (custom)
2019-10-13 20:36:02,486 [pool-430-thread-1] INFO  server.RaftServerConfigKeys (ConfUtils.java:logGet(43)) - raft.server.log.purge.gap = 1000000 (custom)
2019-10-13 20:36:02,486 [pool-420-thread-1] INFO  segmented.SegmentedRaftLogWorker (SegmentedRaftLogWorker.java:<init>(173)) - new cb750453-8b40-4f32-acc9-dbcac32c8fb0@group-544F9978F1B0-SegmentedRaftLogWorker for RaftStorage:Storage Directory /workdir/hadoop-ozone/integration-test/target/test-dir/MiniOzoneClusterImpl-7c68d9ae-3b3a-48f9-967d-a14322fa261f/datanode-4/data/ratis/911ca6fb-10b3-4f2f-b49f-544f9978f1b0
2019-10-13 20:36:02,486 [pool-410-thread-1] INFO  server.RaftServerConfigKeys (ConfUtils.java:logGet(43)) - raft.server.log.purge.gap = 1000000 (custom)
2019-10-13 20:36:02,486 [pool-420-thread-1] INFO  server.RaftServerConfigKeys (ConfUtils.java:logGet(43)) - raft.server.log.queue.byte-limit = 2147483647 (custom)
2019-10-13 20:36:02,486 [pool-430-thread-1] INFO  server.RaftServerConfigKeys (ConfUtils.java:logGet(43)) - raft.server.log.appender.buffer.byte-limit = 33554432 (custom)
2019-10-13 20:36:02,487 [pool-420-thread-1] INFO  server.RaftServerConfigKeys (ConfUtils.java:logGet(43)) - raft.server.log.queue.element-limit = 1024 (custom)
2019-10-13 20:36:02,487 [pool-410-thread-1] INFO  server.RaftServerConfigKeys (ConfUtils.java:logGet(43)) - raft.server.log.appender.buffer.byte-limit = 33554432 (custom)
2019-10-13 20:36:02,487 [pool-420-thread-1] INFO  server.RaftServerConfigKeys (ConfUtils.java:logGet(43)) - raft.server.log.segment.size.max = 1048576 (custom)
2019-10-13 20:36:02,487 [pool-430-thread-1] INFO  server.RaftServerConfigKeys (ConfUtils.java:logGet(43)) - raft.server.log.segment.size.max = 1048576 (custom)
2019-10-13 20:36:02,487 [pool-420-thread-1] INFO  server.RaftServerConfigKeys (ConfUtils.java:logGet(43)) - raft.server.log.preallocated.size = 16384 (custom)
2019-10-13 20:36:02,488 [pool-420-thread-1] INFO  server.RaftServerConfigKeys (ConfUtils.java:logGet(43)) - raft.server.log.write.buffer.size = 33554432 (custom)
2019-10-13 20:36:02,487 [pool-410-thread-1] INFO  server.RaftServerConfigKeys (ConfUtils.java:logGet(43)) - raft.server.log.segment.size.max = 1048576 (custom)
2019-10-13 20:36:02,488 [pool-420-thread-1] INFO  server.RaftServerConfigKeys (ConfUtils.java:logGet(43)) - raft.server.log.force.sync.num = 128 (default)
2019-10-13 20:36:02,487 [pool-430-thread-1] INFO  server.RaftServerConfigKeys (ConfUtils.java:logGet(43)) - raft.server.log.segment.cache.num.max = 2 (custom)
2019-10-13 20:36:02,488 [pool-420-thread-1] INFO  server.RaftServerConfigKeys (ConfUtils.java:logGet(43)) - raft.server.log.statemachine.data.sync = true (default)
2019-10-13 20:36:02,488 [pool-410-thread-1] INFO  server.RaftServerConfigKeys (ConfUtils.java:logGet(43)) - raft.server.log.segment.cache.num.max = 2 (custom)
2019-10-13 20:36:02,488 [pool-420-thread-1] INFO  server.RaftServerConfigKeys (ConfUtils.java:logGet(43)) - raft.server.log.statemachine.data.sync.timeout = 10s (default)
2019-10-13 20:36:02,488 [pool-430-thread-1] INFO  segmented.SegmentedRaftLogWorker (SegmentedRaftLogWorker.java:<init>(173)) - new e01792a8-46ed-4ca8-a60f-6d1a93cc401d@group-544F9978F1B0-SegmentedRaftLogWorker for RaftStorage:Storage Directory /workdir/hadoop-ozone/integration-test/target/test-dir/MiniOzoneClusterImpl-7c68d9ae-3b3a-48f9-967d-a14322fa261f/datanode-5/data/ratis/911ca6fb-10b3-4f2f-b49f-544f9978f1b0
2019-10-13 20:36:02,489 [pool-420-thread-1] INFO  server.RaftServerConfigKeys (ConfUtils.java:logGet(43)) - raft.server.log.statemachine.data.sync.timeout.retry = -1 (default)
2019-10-13 20:36:02,488 [pool-410-thread-1] INFO  segmented.SegmentedRaftLogWorker (SegmentedRaftLogWorker.java:<init>(173)) - new 1005e3b9-d593-4d7b-8c15-245b252a84f0@group-544F9978F1B0-SegmentedRaftLogWorker for RaftStorage:Storage Directory /workdir/hadoop-ozone/integration-test/target/test-dir/MiniOzoneClusterImpl-7c68d9ae-3b3a-48f9-967d-a14322fa261f/datanode-3/data/ratis/911ca6fb-10b3-4f2f-b49f-544f9978f1b0
2019-10-13 20:36:02,489 [pool-420-thread-1] INFO  server.RaftServerConfigKeys (ConfUtils.java:logGet(43)) - raft.server.log.statemachine.data.caching.enabled = true (custom)
2019-10-13 20:36:02,489 [pool-430-thread-1] INFO  server.RaftServerConfigKeys (ConfUtils.java:logGet(43)) - raft.server.log.queue.byte-limit = 2147483647 (custom)
2019-10-13 20:36:02,489 [pool-410-thread-1] INFO  server.RaftServerConfigKeys (ConfUtils.java:logGet(43)) - raft.server.log.queue.byte-limit = 2147483647 (custom)
2019-10-13 20:36:02,489 [pool-420-thread-1] INFO  segmented.SegmentedRaftLogWorker (SegmentedRaftLogWorker.java:lambda$new$0(128)) - cb750453-8b40-4f32-acc9-dbcac32c8fb0@group-544F9978F1B0-SegmentedRaftLogWorker: flushIndex: setUnconditionally 0 -> -1
2019-10-13 20:36:02,489 [pool-430-thread-1] INFO  server.RaftServerConfigKeys (ConfUtils.java:logGet(43)) - raft.server.log.queue.element-limit = 1024 (custom)
2019-10-13 20:36:02,489 [pool-410-thread-1] INFO  server.RaftServerConfigKeys (ConfUtils.java:logGet(43)) - raft.server.log.queue.element-limit = 1024 (custom)
2019-10-13 20:36:02,490 [pool-420-thread-1] INFO  server.RaftServerConfigKeys (ConfUtils.java:logGet(43)) - raft.server.snapshot.auto.trigger.enabled = true (custom)
2019-10-13 20:36:02,490 [pool-430-thread-1] INFO  server.RaftServerConfigKeys (ConfUtils.java:logGet(43)) - raft.server.log.segment.size.max = 1048576 (custom)
2019-10-13 20:36:02,490 [pool-420-thread-1] INFO  server.RaftServerConfigKeys (ConfUtils.java:logGet(43)) - raft.server.snapshot.auto.trigger.threshold = 10000 (custom)
2019-10-13 20:36:02,490 [pool-420-thread-1] INFO  server.RaftServerConfigKeys (ConfUtils.java:logGet(43)) - raft.server.snapshot.retention.file.num = 5 (custom)
2019-10-13 20:36:02,490 [pool-410-thread-1] INFO  server.RaftServerConfigKeys (ConfUtils.java:logGet(43)) - raft.server.log.segment.size.max = 1048576 (custom)
2019-10-13 20:36:02,490 [pool-420-thread-1] INFO  server.RaftServerConfigKeys (ConfUtils.java:logGet(43)) - raft.server.retrycache.expirytime = 600000ms (custom)
2019-10-13 20:36:02,490 [pool-430-thread-1] INFO  server.RaftServerConfigKeys (ConfUtils.java:logGet(43)) - raft.server.log.preallocated.size = 16384 (custom)
2019-10-13 20:36:02,491 [pool-410-thread-1] INFO  server.RaftServerConfigKeys (ConfUtils.java:logGet(43)) - raft.server.log.preallocated.size = 16384 (custom)
2019-10-13 20:36:02,491 [pool-430-thread-1] INFO  server.RaftServerConfigKeys (ConfUtils.java:logGet(43)) - raft.server.log.write.buffer.size = 33554432 (custom)
2019-10-13 20:36:02,491 [pool-410-thread-1] INFO  server.RaftServerConfigKeys (ConfUtils.java:logGet(43)) - raft.server.log.write.buffer.size = 33554432 (custom)
2019-10-13 20:36:02,491 [pool-430-thread-1] INFO  server.RaftServerConfigKeys (ConfUtils.java:logGet(43)) - raft.server.log.force.sync.num = 128 (default)
2019-10-13 20:36:02,491 [pool-410-thread-1] INFO  server.RaftServerConfigKeys (ConfUtils.java:logGet(43)) - raft.server.log.force.sync.num = 128 (default)
2019-10-13 20:36:02,491 [pool-430-thread-1] INFO  server.RaftServerConfigKeys (ConfUtils.java:logGet(43)) - raft.server.log.statemachine.data.sync = true (default)
2019-10-13 20:36:02,491 [pool-410-thread-1] INFO  server.RaftServerConfigKeys (ConfUtils.java:logGet(43)) - raft.server.log.statemachine.data.sync = true (default)
2019-10-13 20:36:02,492 [pool-430-thread-1] INFO  server.RaftServerConfigKeys (ConfUtils.java:logGet(43)) - raft.server.log.statemachine.data.sync.timeout = 10s (default)
2019-10-13 20:36:02,492 [pool-410-thread-1] INFO  server.RaftServerConfigKeys (ConfUtils.java:logGet(43)) - raft.server.log.statemachine.data.sync.timeout = 10s (default)
2019-10-13 20:36:02,492 [pool-430-thread-1] INFO  server.RaftServerConfigKeys (ConfUtils.java:logGet(43)) - raft.server.log.statemachine.data.sync.timeout.retry = -1 (default)
2019-10-13 20:36:02,492 [pool-410-thread-1] INFO  server.RaftServerConfigKeys (ConfUtils.java:logGet(43)) - raft.server.log.statemachine.data.sync.timeout.retry = -1 (default)
2019-10-13 20:36:02,492 [pool-420-thread-1] INFO  impl.RaftServerImpl (RaftServerImpl.java:start(181)) - cb750453-8b40-4f32-acc9-dbcac32c8fb0@group-544F9978F1B0: start as a follower, conf=-1: [cb750453-8b40-4f32-acc9-dbcac32c8fb0:192.168.157.224:41870, e01792a8-46ed-4ca8-a60f-6d1a93cc401d:192.168.157.224:44597, 1005e3b9-d593-4d7b-8c15-245b252a84f0:192.168.157.224:32834], old=null
2019-10-13 20:36:02,492 [pool-430-thread-1] INFO  server.RaftServerConfigKeys (ConfUtils.java:logGet(43)) - raft.server.log.statemachine.data.caching.enabled = true (custom)
2019-10-13 20:36:02,493 [pool-420-thread-1] INFO  impl.RaftServerImpl (RaftServerImpl.java:setRole(170)) - cb750453-8b40-4f32-acc9-dbcac32c8fb0@group-544F9978F1B0: changes role from      null to FOLLOWER at term 0 for startAsFollower
2019-10-13 20:36:02,493 [pool-430-thread-1] INFO  segmented.SegmentedRaftLogWorker (SegmentedRaftLogWorker.java:lambda$new$0(128)) - e01792a8-46ed-4ca8-a60f-6d1a93cc401d@group-544F9978F1B0-SegmentedRaftLogWorker: flushIndex: setUnconditionally 0 -> -1
2019-10-13 20:36:02,492 [pool-410-thread-1] INFO  server.RaftServerConfigKeys (ConfUtils.java:logGet(43)) - raft.server.log.statemachine.data.caching.enabled = true (custom)
2019-10-13 20:36:02,493 [pool-430-thread-1] INFO  server.RaftServerConfigKeys (ConfUtils.java:logGet(43)) - raft.server.snapshot.auto.trigger.enabled = true (custom)
2019-10-13 20:36:02,493 [pool-420-thread-1] INFO  impl.RoleInfo (RoleInfo.java:updateAndGet(143)) - cb750453-8b40-4f32-acc9-dbcac32c8fb0: start FollowerState
2019-10-13 20:36:02,493 [pool-410-thread-1] INFO  segmented.SegmentedRaftLogWorker (SegmentedRaftLogWorker.java:lambda$new$0(128)) - 1005e3b9-d593-4d7b-8c15-245b252a84f0@group-544F9978F1B0-SegmentedRaftLogWorker: flushIndex: setUnconditionally 0 -> -1
2019-10-13 20:36:02,493 [pool-430-thread-1] INFO  server.RaftServerConfigKeys (ConfUtils.java:logGet(43)) - raft.server.snapshot.auto.trigger.threshold = 10000 (custom)
2019-10-13 20:36:02,494 [pool-420-thread-1] INFO  util.JmxRegister (JmxRegister.java:tryRegister(44)) - Successfully registered JMX Bean with object name Ratis:service=RaftServer,group=group-544F9978F1B0,id=cb750453-8b40-4f32-acc9-dbcac32c8fb0
2019-10-13 20:36:02,494 [pool-410-thread-1] INFO  server.RaftServerConfigKeys (ConfUtils.java:logGet(43)) - raft.server.snapshot.auto.trigger.enabled = true (custom)
2019-10-13 20:36:02,494 [pool-430-thread-1] INFO  server.RaftServerConfigKeys (ConfUtils.java:logGet(43)) - raft.server.snapshot.retention.file.num = 5 (custom)
2019-10-13 20:36:02,494 [pool-410-thread-1] INFO  server.RaftServerConfigKeys (ConfUtils.java:logGet(43)) - raft.server.snapshot.auto.trigger.threshold = 10000 (custom)
2019-10-13 20:36:02,494 [pool-430-thread-1] INFO  server.RaftServerConfigKeys (ConfUtils.java:logGet(43)) - raft.server.retrycache.expirytime = 600000ms (custom)
2019-10-13 20:36:02,494 [pool-410-thread-1] INFO  server.RaftServerConfigKeys (ConfUtils.java:logGet(43)) - raft.server.snapshot.retention.file.num = 5 (custom)
2019-10-13 20:36:02,494 [pool-410-thread-1] INFO  server.RaftServerConfigKeys (ConfUtils.java:logGet(43)) - raft.server.retrycache.expirytime = 600000ms (custom)
2019-10-13 20:36:02,498 [pool-430-thread-1] INFO  impl.RaftServerImpl (RaftServerImpl.java:start(181)) - e01792a8-46ed-4ca8-a60f-6d1a93cc401d@group-544F9978F1B0: start as a follower, conf=-1: [cb750453-8b40-4f32-acc9-dbcac32c8fb0:192.168.157.224:41870, e01792a8-46ed-4ca8-a60f-6d1a93cc401d:192.168.157.224:44597, 1005e3b9-d593-4d7b-8c15-245b252a84f0:192.168.157.224:32834], old=null
2019-10-13 20:36:02,498 [pool-430-thread-1] INFO  impl.RaftServerImpl (RaftServerImpl.java:setRole(170)) - e01792a8-46ed-4ca8-a60f-6d1a93cc401d@group-544F9978F1B0: changes role from      null to FOLLOWER at term 0 for startAsFollower
2019-10-13 20:36:02,498 [pool-410-thread-1] INFO  impl.RaftServerImpl (RaftServerImpl.java:start(181)) - 1005e3b9-d593-4d7b-8c15-245b252a84f0@group-544F9978F1B0: start as a follower, conf=-1: [cb750453-8b40-4f32-acc9-dbcac32c8fb0:192.168.157.224:41870, e01792a8-46ed-4ca8-a60f-6d1a93cc401d:192.168.157.224:44597, 1005e3b9-d593-4d7b-8c15-245b252a84f0:192.168.157.224:32834], old=null
2019-10-13 20:36:02,498 [pool-430-thread-1] INFO  impl.RoleInfo (RoleInfo.java:updateAndGet(143)) - e01792a8-46ed-4ca8-a60f-6d1a93cc401d: start FollowerState
2019-10-13 20:36:02,498 [pool-410-thread-1] INFO  impl.RaftServerImpl (RaftServerImpl.java:setRole(170)) - 1005e3b9-d593-4d7b-8c15-245b252a84f0@group-544F9978F1B0: changes role from      null to FOLLOWER at term 0 for startAsFollower
2019-10-13 20:36:02,498 [pool-410-thread-1] INFO  impl.RoleInfo (RoleInfo.java:updateAndGet(143)) - 1005e3b9-d593-4d7b-8c15-245b252a84f0: start FollowerState
2019-10-13 20:36:02,498 [pool-430-thread-1] INFO  util.JmxRegister (JmxRegister.java:tryRegister(44)) - Successfully registered JMX Bean with object name Ratis:service=RaftServer,group=group-544F9978F1B0,id=e01792a8-46ed-4ca8-a60f-6d1a93cc401d
2019-10-13 20:36:02,499 [pool-410-thread-1] INFO  util.JmxRegister (JmxRegister.java:tryRegister(44)) - Successfully registered JMX Bean with object name Ratis:service=RaftServer,group=group-544F9978F1B0,id=1005e3b9-d593-4d7b-8c15-245b252a84f0
2019-10-13 20:36:02,504 [RatisPipelineUtilsThread] INFO  pipeline.PipelineStateManager (PipelineStateManager.java:addPipeline(56)) - Created pipeline Pipeline[ Id: 911ca6fb-10b3-4f2f-b49f-544f9978f1b0, Nodes: 1005e3b9-d593-4d7b-8c15-245b252a84f0{ip: 192.168.157.224, host: pr-hdds-2290-dcfw8-3342134496, networkLocation: /default-rack, certSerialId: null}cb750453-8b40-4f32-acc9-dbcac32c8fb0{ip: 192.168.157.224, host: pr-hdds-2290-dcfw8-3342134496, networkLocation: /default-rack, certSerialId: null}e01792a8-46ed-4ca8-a60f-6d1a93cc401d{ip: 192.168.157.224, host: pr-hdds-2290-dcfw8-3342134496, networkLocation: /default-rack, certSerialId: null}, Type:RATIS, Factor:THREE, State:OPEN]
2019-10-13 20:36:03,434 [main] INFO  ozone.MiniOzoneClusterImpl (MiniOzoneClusterImpl.java:lambda$waitForClusterToBeReady$0(147)) - Cluster is ready. Got 7 of 7 DN Heartbeats.
2019-10-13 20:36:03,550 [grpc-default-executor-5] WARN  server.GrpcLogAppender (LogUtils.java:warn(134)) - 3194ff55-4fd6-4b20-b65d-8d8726a38cdd@group-0BB7D473782A->aadf9f79-694c-46a6-b55c-827d59c43739-AppendLogResponseHandler: Failed appendEntries: org.apache.ratis.thirdparty.io.grpc.StatusRuntimeException: UNAVAILABLE: io exception
2019-10-13 20:36:03,556 [grpc-default-executor-5] INFO  impl.FollowerInfo (FollowerInfo.java:lambda$new$0(51)) - 3194ff55-4fd6-4b20-b65d-8d8726a38cdd@group-0BB7D473782A->aadf9f79-694c-46a6-b55c-827d59c43739: nextIndex: updateUnconditionally 0 -> 0
2019-10-13 20:36:03,556 [grpc-default-executor-3] WARN  server.GrpcLogAppender (LogUtils.java:warn(134)) - 3194ff55-4fd6-4b20-b65d-8d8726a38cdd@group-0BB7D473782A->25fb0338-209f-4f69-825b-6b7257c56b18-AppendLogResponseHandler: Failed appendEntries: org.apache.ratis.thirdparty.io.grpc.StatusRuntimeException: UNAVAILABLE: io exception
2019-10-13 20:36:03,557 [grpc-default-executor-3] INFO  impl.FollowerInfo (FollowerInfo.java:lambda$new$0(51)) - 3194ff55-4fd6-4b20-b65d-8d8726a38cdd@group-0BB7D473782A->25fb0338-209f-4f69-825b-6b7257c56b18: nextIndex: updateUnconditionally 0 -> 0
2019-10-13 20:36:03,566 [main] INFO  rpc.RpcClient (RpcClient.java:createVolume(272)) - Creating Volume: watchforcommithandlingtest, with jenkins1000 as owner.
2019-10-13 20:36:03,573 [IPC Server handler 0 on 45121] INFO  volume.OMVolumeCreateRequest (OMVolumeCreateRequest.java:validateAndUpdateCache(193)) - created volume:watchforcommithandlingtest for user:jenkins1000
2019-10-13 20:36:03,604 [Thread-3063] INFO  client.GrpcClientProtocolService (GrpcClientProtocolService.java:lambda$processClientRequest$0(278)) - Failed RaftClientRequest:client-5040A19082C6->3194ff55-4fd6-4b20-b65d-8d8726a38cdd@group-0BB7D473782A, cid=52, seq=0, Watch-MAJORITY_COMMITTED(58), Message:<EMPTY>, reply=RaftClientReply:client-5040A19082C6->3194ff55-4fd6-4b20-b65d-8d8726a38cdd@group-0BB7D473782A, cid=52, FAILED org.apache.ratis.protocol.NotReplicatedException: Request with call Id 52 and log index 58 is not yet replicated to MAJORITY_COMMITTED, logIndex=58, commits[3194ff55-4fd6-4b20-b65d-8d8726a38cdd:c2, aadf9f79-694c-46a6-b55c-827d59c43739:c2, 25fb0338-209f-4f69-825b-6b7257c56b18:c2]
2019-10-13 20:36:03,604 [Thread-3064] INFO  client.GrpcClientProtocolService (GrpcClientProtocolService.java:lambda$processClientRequest$0(278)) - Failed RaftClientRequest:client-5040A19082C6->3194ff55-4fd6-4b20-b65d-8d8726a38cdd@group-0BB7D473782A, cid=51, seq=0, Watch-ALL_COMMITTED(58), Message:<EMPTY>, reply=RaftClientReply:client-5040A19082C6->3194ff55-4fd6-4b20-b65d-8d8726a38cdd@group-0BB7D473782A, cid=51, FAILED org.apache.ratis.protocol.NotReplicatedException: Request with call Id 51 and log index 58 is not yet replicated to ALL_COMMITTED, logIndex=58, commits[3194ff55-4fd6-4b20-b65d-8d8726a38cdd:c2, aadf9f79-694c-46a6-b55c-827d59c43739:c2, 25fb0338-209f-4f69-825b-6b7257c56b18:c2]
2019-10-13 20:36:03,604 [main] INFO  rpc.RpcClient (RpcClient.java:createBucket(411)) - Creating Bucket: watchforcommithandlingtest/watchforcommithandlingtest, with Versioning false and Storage Type set to DISK and Encryption set to false 
2019-10-13 20:36:03,622 [main] INFO  ozone.MiniOzoneClusterImpl (MiniOzoneClusterImpl.java:getStorageContainerLocationClient(234)) - Creating StorageContainerLocationProtocol RPC client with address /0.0.0.0:45332
2019-10-13 20:36:04,110 [Thread-2996] INFO  container.ReplicationManager (ReplicationManager.java:start(162)) - Starting Replication Monitor Thread.
2019-10-13 20:36:04,124 [ReplicationMonitor] INFO  container.ReplicationManager (ReplicationManager.java:run(225)) - Replication Monitor Thread took 0 milliseconds for processing 1 containers.
2019-10-13 20:36:05,282 [EventQueue-StaleNodeForStaleNodeHandler] INFO  node.StaleNodeHandler (StaleNodeHandler.java:onMessage(58)) - Datanode aadf9f79-694c-46a6-b55c-827d59c43739{ip: 192.168.157.224, host: pr-hdds-2290-dcfw8-3342134496, networkLocation: /default-rack, certSerialId: null} moved to stale state. Finalizing its pipelines [PipelineID=d13a39ed-26c3-498e-ab2d-131db5b40da7, PipelineID=ded33819-f6ee-45cc-964c-0bb7d473782a]
2019-10-13 20:36:05,282 [EventQueue-StaleNodeForStaleNodeHandler] INFO  pipeline.SCMPipelineManager (SCMPipelineManager.java:finalizeAndDestroyPipeline(315)) - destroying pipeline:Pipeline[ Id: d13a39ed-26c3-498e-ab2d-131db5b40da7, Nodes: aadf9f79-694c-46a6-b55c-827d59c43739{ip: 192.168.157.224, host: pr-hdds-2290-dcfw8-3342134496, networkLocation: /default-rack, certSerialId: null}, Type:RATIS, Factor:ONE, State:OPEN]
2019-10-13 20:36:05,283 [EventQueue-StaleNodeForStaleNodeHandler] INFO  pipeline.PipelineStateManager (PipelineStateManager.java:finalizePipeline(123)) - Pipeline Pipeline[ Id: d13a39ed-26c3-498e-ab2d-131db5b40da7, Nodes: aadf9f79-694c-46a6-b55c-827d59c43739{ip: 192.168.157.224, host: pr-hdds-2290-dcfw8-3342134496, networkLocation: /default-rack, certSerialId: null}, Type:RATIS, Factor:ONE, State:CLOSED] moved to CLOSED state
2019-10-13 20:36:05,283 [EventQueue-StaleNodeForStaleNodeHandler] INFO  pipeline.SCMPipelineManager (SCMPipelineManager.java:finalizeAndDestroyPipeline(315)) - destroying pipeline:Pipeline[ Id: ded33819-f6ee-45cc-964c-0bb7d473782a, Nodes: aadf9f79-694c-46a6-b55c-827d59c43739{ip: 192.168.157.224, host: pr-hdds-2290-dcfw8-3342134496, networkLocation: /default-rack, certSerialId: null}25fb0338-209f-4f69-825b-6b7257c56b18{ip: 192.168.157.224, host: pr-hdds-2290-dcfw8-3342134496, networkLocation: /default-rack, certSerialId: null}3194ff55-4fd6-4b20-b65d-8d8726a38cdd{ip: 192.168.157.224, host: pr-hdds-2290-dcfw8-3342134496, networkLocation: /default-rack, certSerialId: null}, Type:RATIS, Factor:THREE, State:OPEN]
2019-10-13 20:36:05,283 [EventQueue-StaleNodeForStaleNodeHandler] INFO  pipeline.PipelineStateManager (PipelineStateManager.java:finalizePipeline(123)) - Pipeline Pipeline[ Id: ded33819-f6ee-45cc-964c-0bb7d473782a, Nodes: aadf9f79-694c-46a6-b55c-827d59c43739{ip: 192.168.157.224, host: pr-hdds-2290-dcfw8-3342134496, networkLocation: /default-rack, certSerialId: null}25fb0338-209f-4f69-825b-6b7257c56b18{ip: 192.168.157.224, host: pr-hdds-2290-dcfw8-3342134496, networkLocation: /default-rack, certSerialId: null}3194ff55-4fd6-4b20-b65d-8d8726a38cdd{ip: 192.168.157.224, host: pr-hdds-2290-dcfw8-3342134496, networkLocation: /default-rack, certSerialId: null}, Type:RATIS, Factor:THREE, State:CLOSED] moved to CLOSED state
2019-10-13 20:36:05,284 [EventQueue-CloseContainerForCloseContainerEventHandler] INFO  container.CloseContainerEventHandler (CloseContainerEventHandler.java:onMessage(61)) - Close container Event triggered for container : #1
2019-10-13 20:36:06,050 [grpc-default-executor-3] WARN  server.GrpcLogAppender (LogUtils.java:warn(134)) - 3194ff55-4fd6-4b20-b65d-8d8726a38cdd@group-0BB7D473782A->25fb0338-209f-4f69-825b-6b7257c56b18-AppendLogResponseHandler: Failed appendEntries: org.apache.ratis.thirdparty.io.grpc.StatusRuntimeException: UNAVAILABLE: io exception
2019-10-13 20:36:06,050 [grpc-default-executor-5] WARN  server.GrpcLogAppender (LogUtils.java:warn(134)) - 3194ff55-4fd6-4b20-b65d-8d8726a38cdd@group-0BB7D473782A->aadf9f79-694c-46a6-b55c-827d59c43739-AppendLogResponseHandler: Failed appendEntries: org.apache.ratis.thirdparty.io.grpc.StatusRuntimeException: UNAVAILABLE: io exception
2019-10-13 20:36:06,059 [grpc-default-executor-3] INFO  impl.FollowerInfo (FollowerInfo.java:lambda$new$0(51)) - 3194ff55-4fd6-4b20-b65d-8d8726a38cdd@group-0BB7D473782A->25fb0338-209f-4f69-825b-6b7257c56b18: nextIndex: updateUnconditionally 0 -> 0
2019-10-13 20:36:06,059 [grpc-default-executor-5] INFO  impl.FollowerInfo (FollowerInfo.java:lambda$new$0(51)) - 3194ff55-4fd6-4b20-b65d-8d8726a38cdd@group-0BB7D473782A->aadf9f79-694c-46a6-b55c-827d59c43739: nextIndex: updateUnconditionally 0 -> 0
2019-10-13 20:36:06,324 [Thread-3001] INFO  impl.FollowerState (FollowerState.java:run(108)) - 8e79af81-6182-484d-86a0-25203e14f91e@group-7479D0F2E9B8-FollowerState: change to CANDIDATE, lastRpcTime:5064ms, electionTimeout:5064ms
2019-10-13 20:36:06,324 [Thread-3001] INFO  impl.RoleInfo (RoleInfo.java:shutdownFollowerState(121)) - 8e79af81-6182-484d-86a0-25203e14f91e: shutdown FollowerState
2019-10-13 20:36:06,324 [Thread-3001] INFO  impl.RaftServerImpl (RaftServerImpl.java:setRole(170)) - 8e79af81-6182-484d-86a0-25203e14f91e@group-7479D0F2E9B8: changes role from  FOLLOWER to CANDIDATE at term 0 for changeToCandidate
2019-10-13 20:36:06,324 [Thread-3001] INFO  impl.RoleInfo (RoleInfo.java:updateAndGet(143)) - 8e79af81-6182-484d-86a0-25203e14f91e: start LeaderElection
2019-10-13 20:36:06,342 [Thread-2998] INFO  impl.FollowerState (FollowerState.java:run(108)) - d616a39f-6bf2-4a01-abc3-1d7644e726ce@group-F928A4E1F30A-FollowerState: change to CANDIDATE, lastRpcTime:5152ms, electionTimeout:5152ms
2019-10-13 20:36:06,342 [Thread-2998] INFO  impl.RoleInfo (RoleInfo.java:shutdownFollowerState(121)) - d616a39f-6bf2-4a01-abc3-1d7644e726ce: shutdown FollowerState
2019-10-13 20:36:06,342 [Thread-2998] INFO  impl.RaftServerImpl (RaftServerImpl.java:setRole(170)) - d616a39f-6bf2-4a01-abc3-1d7644e726ce@group-F928A4E1F30A: changes role from  FOLLOWER to CANDIDATE at term 0 for changeToCandidate
2019-10-13 20:36:06,342 [Thread-2998] INFO  impl.RoleInfo (RoleInfo.java:updateAndGet(143)) - d616a39f-6bf2-4a01-abc3-1d7644e726ce: start LeaderElection
2019-10-13 20:36:06,354 [8e79af81-6182-484d-86a0-25203e14f91e@group-7479D0F2E9B8-LeaderElection80] INFO  impl.LeaderElection (LeaderElection.java:askForVotes(178)) - 8e79af81-6182-484d-86a0-25203e14f91e@group-7479D0F2E9B8-LeaderElection80: begin an election at term 1 for -1: [8e79af81-6182-484d-86a0-25203e14f91e:192.168.157.224:43198], old=null
2019-10-13 20:36:06,355 [8e79af81-6182-484d-86a0-25203e14f91e@group-7479D0F2E9B8-LeaderElection80] INFO  impl.RoleInfo (RoleInfo.java:shutdownLeaderElection(134)) - 8e79af81-6182-484d-86a0-25203e14f91e: shutdown LeaderElection
2019-10-13 20:36:06,355 [8e79af81-6182-484d-86a0-25203e14f91e@group-7479D0F2E9B8-LeaderElection80] INFO  impl.RaftServerImpl (RaftServerImpl.java:setRole(170)) - 8e79af81-6182-484d-86a0-25203e14f91e@group-7479D0F2E9B8: changes role from CANDIDATE to LEADER at term 1 for changeToLeader
2019-10-13 20:36:06,355 [8e79af81-6182-484d-86a0-25203e14f91e@group-7479D0F2E9B8-LeaderElection80] INFO  impl.RaftServerImpl (ServerState.java:setLeader(255)) - 8e79af81-6182-484d-86a0-25203e14f91e@group-7479D0F2E9B8: change Leader from null to 8e79af81-6182-484d-86a0-25203e14f91e at term 1 for becomeLeader, leader elected after 5102ms
2019-10-13 20:36:06,355 [8e79af81-6182-484d-86a0-25203e14f91e@group-7479D0F2E9B8-LeaderElection80] INFO  server.RaftServerConfigKeys (ConfUtils.java:logGet(43)) - raft.server.staging.catchup.gap = 1000 (default)
2019-10-13 20:36:06,355 [8e79af81-6182-484d-86a0-25203e14f91e@group-7479D0F2E9B8-LeaderElection80] INFO  server.RaftServerConfigKeys (ConfUtils.java:logGet(43)) - raft.server.rpc.sleep.time = 25ms (default)
2019-10-13 20:36:06,356 [8e79af81-6182-484d-86a0-25203e14f91e@group-7479D0F2E9B8-LeaderElection80] INFO  server.RaftServerConfigKeys (ConfUtils.java:logGet(43)) - raft.server.write.element-limit = 4096 (default)
2019-10-13 20:36:06,356 [8e79af81-6182-484d-86a0-25203e14f91e@group-7479D0F2E9B8-LeaderElection80] INFO  server.RaftServerConfigKeys (ConfUtils.java:logGet(43)) - raft.server.watch.timeout = 10s (default)
2019-10-13 20:36:06,356 [8e79af81-6182-484d-86a0-25203e14f91e@group-7479D0F2E9B8-LeaderElection80] INFO  server.RaftServerConfigKeys (ConfUtils.java:logGet(43)) - raft.server.watch.timeout.denomination = 1s (default)
2019-10-13 20:36:06,356 [8e79af81-6182-484d-86a0-25203e14f91e@group-7479D0F2E9B8-LeaderElection80] INFO  server.RaftServerConfigKeys (ConfUtils.java:logGet(43)) - raft.server.watch.element-limit = 65536 (default)
2019-10-13 20:36:06,358 [8e79af81-6182-484d-86a0-25203e14f91e@group-7479D0F2E9B8-LeaderElection80] INFO  impl.RoleInfo (RoleInfo.java:updateAndGet(143)) - 8e79af81-6182-484d-86a0-25203e14f91e: start LeaderState
2019-10-13 20:36:06,358 [8e79af81-6182-484d-86a0-25203e14f91e@group-7479D0F2E9B8-LeaderElection80] INFO  segmented.SegmentedRaftLogWorker (SegmentedRaftLogWorker.java:startLogSegment(385)) - 8e79af81-6182-484d-86a0-25203e14f91e@group-7479D0F2E9B8-SegmentedRaftLogWorker: Starting segment from index:0
2019-10-13 20:36:06,359 [8e79af81-6182-484d-86a0-25203e14f91e@group-7479D0F2E9B8-LeaderElection80] INFO  impl.RaftServerImpl (ServerState.java:setRaftConf(356)) - 8e79af81-6182-484d-86a0-25203e14f91e@group-7479D0F2E9B8: set configuration 0: [8e79af81-6182-484d-86a0-25203e14f91e:192.168.157.224:43198], old=null at 0
2019-10-13 20:36:06,367 [d616a39f-6bf2-4a01-abc3-1d7644e726ce@group-F928A4E1F30A-LeaderElection81] INFO  impl.LeaderElection (LeaderElection.java:askForVotes(178)) - d616a39f-6bf2-4a01-abc3-1d7644e726ce@group-F928A4E1F30A-LeaderElection81: begin an election at term 1 for -1: [d616a39f-6bf2-4a01-abc3-1d7644e726ce:192.168.157.224:32974], old=null
2019-10-13 20:36:06,367 [d616a39f-6bf2-4a01-abc3-1d7644e726ce@group-F928A4E1F30A-LeaderElection81] INFO  impl.RoleInfo (RoleInfo.java:shutdownLeaderElection(134)) - d616a39f-6bf2-4a01-abc3-1d7644e726ce: shutdown LeaderElection
2019-10-13 20:36:06,367 [d616a39f-6bf2-4a01-abc3-1d7644e726ce@group-F928A4E1F30A-LeaderElection81] INFO  impl.RaftServerImpl (RaftServerImpl.java:setRole(170)) - d616a39f-6bf2-4a01-abc3-1d7644e726ce@group-F928A4E1F30A: changes role from CANDIDATE to LEADER at term 1 for changeToLeader
2019-10-13 20:36:06,368 [d616a39f-6bf2-4a01-abc3-1d7644e726ce@group-F928A4E1F30A-LeaderElection81] INFO  impl.RaftServerImpl (ServerState.java:setLeader(255)) - d616a39f-6bf2-4a01-abc3-1d7644e726ce@group-F928A4E1F30A: change Leader from null to d616a39f-6bf2-4a01-abc3-1d7644e726ce at term 1 for becomeLeader, leader elected after 5187ms
2019-10-13 20:36:06,368 [d616a39f-6bf2-4a01-abc3-1d7644e726ce@group-F928A4E1F30A-LeaderElection81] INFO  server.RaftServerConfigKeys (ConfUtils.java:logGet(43)) - raft.server.staging.catchup.gap = 1000 (default)
2019-10-13 20:36:06,368 [d616a39f-6bf2-4a01-abc3-1d7644e726ce@group-F928A4E1F30A-LeaderElection81] INFO  server.RaftServerConfigKeys (ConfUtils.java:logGet(43)) - raft.server.rpc.sleep.time = 25ms (default)
2019-10-13 20:36:06,368 [d616a39f-6bf2-4a01-abc3-1d7644e726ce@group-F928A4E1F30A-LeaderElection81] INFO  server.RaftServerConfigKeys (ConfUtils.java:logGet(43)) - raft.server.write.element-limit = 4096 (default)
2019-10-13 20:36:06,368 [d616a39f-6bf2-4a01-abc3-1d7644e726ce@group-F928A4E1F30A-LeaderElection81] INFO  server.RaftServerConfigKeys (ConfUtils.java:logGet(43)) - raft.server.watch.timeout = 10s (default)
2019-10-13 20:36:06,368 [d616a39f-6bf2-4a01-abc3-1d7644e726ce@group-F928A4E1F30A-LeaderElection81] INFO  server.RaftServerConfigKeys (ConfUtils.java:logGet(43)) - raft.server.watch.timeout.denomination = 1s (default)
2019-10-13 20:36:06,368 [d616a39f-6bf2-4a01-abc3-1d7644e726ce@group-F928A4E1F30A-LeaderElection81] INFO  server.RaftServerConfigKeys (ConfUtils.java:logGet(43)) - raft.server.watch.element-limit = 65536 (default)
2019-10-13 20:36:06,370 [d616a39f-6bf2-4a01-abc3-1d7644e726ce@group-F928A4E1F30A-LeaderElection81] INFO  impl.RoleInfo (RoleInfo.java:updateAndGet(143)) - d616a39f-6bf2-4a01-abc3-1d7644e726ce: start LeaderState
2019-10-13 20:36:06,370 [d616a39f-6bf2-4a01-abc3-1d7644e726ce@group-F928A4E1F30A-LeaderElection81] INFO  segmented.SegmentedRaftLogWorker (SegmentedRaftLogWorker.java:startLogSegment(385)) - d616a39f-6bf2-4a01-abc3-1d7644e726ce@group-F928A4E1F30A-SegmentedRaftLogWorker: Starting segment from index:0
2019-10-13 20:36:06,371 [d616a39f-6bf2-4a01-abc3-1d7644e726ce@group-F928A4E1F30A-LeaderElection81] INFO  impl.RaftServerImpl (ServerState.java:setRaftConf(356)) - d616a39f-6bf2-4a01-abc3-1d7644e726ce@group-F928A4E1F30A: set configuration 0: [d616a39f-6bf2-4a01-abc3-1d7644e726ce:192.168.157.224:32974], old=null at 0
2019-10-13 20:36:06,395 [8e79af81-6182-484d-86a0-25203e14f91e@group-7479D0F2E9B8-SegmentedRaftLogWorker] INFO  segmented.SegmentedRaftLogWorker (SegmentedRaftLogWorker.java:execute(574)) - 8e79af81-6182-484d-86a0-25203e14f91e@group-7479D0F2E9B8-SegmentedRaftLogWorker: created new log segment /workdir/hadoop-ozone/integration-test/target/test-dir/MiniOzoneClusterImpl-7c68d9ae-3b3a-48f9-967d-a14322fa261f/datanode-1/data/ratis/212d054f-b9b8-4fce-894a-7479d0f2e9b8/current/log_inprogress_0
2019-10-13 20:36:06,408 [d616a39f-6bf2-4a01-abc3-1d7644e726ce@group-F928A4E1F30A-SegmentedRaftLogWorker] INFO  segmented.SegmentedRaftLogWorker (SegmentedRaftLogWorker.java:execute(574)) - d616a39f-6bf2-4a01-abc3-1d7644e726ce@group-F928A4E1F30A-SegmentedRaftLogWorker: created new log segment /workdir/hadoop-ozone/integration-test/target/test-dir/MiniOzoneClusterImpl-7c68d9ae-3b3a-48f9-967d-a14322fa261f/datanode-0/data/ratis/75833f96-7d9a-4556-aa81-f928a4e1f30a/current/log_inprogress_0
2019-10-13 20:36:06,572 [Thread-3015] INFO  impl.FollowerState (FollowerState.java:run(108)) - d674a472-63db-487e-83ee-37e9251a237b@group-857DC167E741-FollowerState: change to CANDIDATE, lastRpcTime:5038ms, electionTimeout:5038ms
2019-10-13 20:36:06,573 [Thread-3015] INFO  impl.RoleInfo (RoleInfo.java:shutdownFollowerState(121)) - d674a472-63db-487e-83ee-37e9251a237b: shutdown FollowerState
2019-10-13 20:36:06,573 [Thread-3015] INFO  impl.RaftServerImpl (RaftServerImpl.java:setRole(170)) - d674a472-63db-487e-83ee-37e9251a237b@group-857DC167E741: changes role from  FOLLOWER to CANDIDATE at term 0 for changeToCandidate
2019-10-13 20:36:06,573 [Thread-3015] INFO  impl.RoleInfo (RoleInfo.java:updateAndGet(143)) - d674a472-63db-487e-83ee-37e9251a237b: start LeaderElection
2019-10-13 20:36:06,593 [Thread-3013] INFO  impl.FollowerState (FollowerState.java:run(108)) - 8e79af81-6182-484d-86a0-25203e14f91e@group-857DC167E741-FollowerState: change to CANDIDATE, lastRpcTime:5061ms, electionTimeout:5061ms
2019-10-13 20:36:06,593 [Thread-3013] INFO  impl.RoleInfo (RoleInfo.java:shutdownFollowerState(121)) - 8e79af81-6182-484d-86a0-25203e14f91e: shutdown FollowerState
2019-10-13 20:36:06,593 [Thread-3013] INFO  impl.RaftServerImpl (RaftServerImpl.java:setRole(170)) - 8e79af81-6182-484d-86a0-25203e14f91e@group-857DC167E741: changes role from  FOLLOWER to CANDIDATE at term 0 for changeToCandidate
2019-10-13 20:36:06,593 [Thread-3013] INFO  impl.RoleInfo (RoleInfo.java:updateAndGet(143)) - 8e79af81-6182-484d-86a0-25203e14f91e: start LeaderElection
2019-10-13 20:36:06,600 [d674a472-63db-487e-83ee-37e9251a237b@group-857DC167E741-LeaderElection82] INFO  impl.LeaderElection (LeaderElection.java:askForVotes(178)) - d674a472-63db-487e-83ee-37e9251a237b@group-857DC167E741-LeaderElection82: begin an election at term 1 for -1: [d674a472-63db-487e-83ee-37e9251a237b:192.168.157.224:38926, d616a39f-6bf2-4a01-abc3-1d7644e726ce:192.168.157.224:32974, 8e79af81-6182-484d-86a0-25203e14f91e:192.168.157.224:43198], old=null
2019-10-13 20:36:06,605 [grpc-default-executor-3] INFO  impl.RaftServerImpl (RaftServerImpl.java:setRole(170)) - d616a39f-6bf2-4a01-abc3-1d7644e726ce@group-857DC167E741: changes role from  FOLLOWER to FOLLOWER at term 1 for recognizeCandidate:d674a472-63db-487e-83ee-37e9251a237b
2019-10-13 20:36:06,605 [grpc-default-executor-3] INFO  impl.RoleInfo (RoleInfo.java:shutdownFollowerState(121)) - d616a39f-6bf2-4a01-abc3-1d7644e726ce: shutdown FollowerState
2019-10-13 20:36:06,605 [grpc-default-executor-3] INFO  impl.RoleInfo (RoleInfo.java:updateAndGet(143)) - d616a39f-6bf2-4a01-abc3-1d7644e726ce: start FollowerState
2019-10-13 20:36:06,605 [Thread-3014] INFO  impl.FollowerState (FollowerState.java:run(117)) - d616a39f-6bf2-4a01-abc3-1d7644e726ce@group-857DC167E741-FollowerState was interrupted: java.lang.InterruptedException: sleep interrupted
2019-10-13 20:36:06,613 [8e79af81-6182-484d-86a0-25203e14f91e@group-857DC167E741-LeaderElection83] INFO  impl.LeaderElection (LeaderElection.java:askForVotes(178)) - 8e79af81-6182-484d-86a0-25203e14f91e@group-857DC167E741-LeaderElection83: begin an election at term 1 for -1: [d674a472-63db-487e-83ee-37e9251a237b:192.168.157.224:38926, d616a39f-6bf2-4a01-abc3-1d7644e726ce:192.168.157.224:32974, 8e79af81-6182-484d-86a0-25203e14f91e:192.168.157.224:43198], old=null
2019-10-13 20:36:06,614 [d674a472-63db-487e-83ee-37e9251a237b@group-857DC167E741-LeaderElection82] INFO  impl.LeaderElection (LeaderElection.java:logAndReturn(56)) - d674a472-63db-487e-83ee-37e9251a237b@group-857DC167E741-LeaderElection82: Election PASSED; received 1 response(s) [d674a472-63db-487e-83ee-37e9251a237b<-d616a39f-6bf2-4a01-abc3-1d7644e726ce#0:OK-t1] and 0 exception(s); d674a472-63db-487e-83ee-37e9251a237b@group-857DC167E741:t1, leader=null, voted=d674a472-63db-487e-83ee-37e9251a237b, raftlog=d674a472-63db-487e-83ee-37e9251a237b@group-857DC167E741-SegmentedRaftLog:OPENED:c-1,f-1,i0, conf=-1: [d674a472-63db-487e-83ee-37e9251a237b:192.168.157.224:38926, d616a39f-6bf2-4a01-abc3-1d7644e726ce:192.168.157.224:32974, 8e79af81-6182-484d-86a0-25203e14f91e:192.168.157.224:43198], old=null
2019-10-13 20:36:06,614 [d674a472-63db-487e-83ee-37e9251a237b@group-857DC167E741-LeaderElection82] INFO  impl.RoleInfo (RoleInfo.java:shutdownLeaderElection(134)) - d674a472-63db-487e-83ee-37e9251a237b: shutdown LeaderElection
2019-10-13 20:36:06,614 [d674a472-63db-487e-83ee-37e9251a237b@group-857DC167E741-LeaderElection82] INFO  impl.RaftServerImpl (RaftServerImpl.java:setRole(170)) - d674a472-63db-487e-83ee-37e9251a237b@group-857DC167E741: changes role from CANDIDATE to LEADER at term 1 for changeToLeader
2019-10-13 20:36:06,614 [d674a472-63db-487e-83ee-37e9251a237b@group-857DC167E741-LeaderElection82] INFO  impl.RaftServerImpl (ServerState.java:setLeader(255)) - d674a472-63db-487e-83ee-37e9251a237b@group-857DC167E741: change Leader from null to d674a472-63db-487e-83ee-37e9251a237b at term 1 for becomeLeader, leader elected after 5092ms
2019-10-13 20:36:06,614 [d674a472-63db-487e-83ee-37e9251a237b@group-857DC167E741-LeaderElection82] INFO  server.RaftServerConfigKeys (ConfUtils.java:logGet(43)) - raft.server.staging.catchup.gap = 1000 (default)
2019-10-13 20:36:06,614 [d674a472-63db-487e-83ee-37e9251a237b@group-857DC167E741-LeaderElection82] INFO  server.RaftServerConfigKeys (ConfUtils.java:logGet(43)) - raft.server.rpc.sleep.time = 25ms (default)
2019-10-13 20:36:06,614 [d674a472-63db-487e-83ee-37e9251a237b@group-857DC167E741-LeaderElection82] INFO  server.RaftServerConfigKeys (ConfUtils.java:logGet(43)) - raft.server.write.element-limit = 4096 (default)
2019-10-13 20:36:06,615 [d674a472-63db-487e-83ee-37e9251a237b@group-857DC167E741-LeaderElection82] INFO  server.RaftServerConfigKeys (ConfUtils.java:logGet(43)) - raft.server.watch.timeout = 10s (default)
2019-10-13 20:36:06,615 [d674a472-63db-487e-83ee-37e9251a237b@group-857DC167E741-LeaderElection82] INFO  server.RaftServerConfigKeys (ConfUtils.java:logGet(43)) - raft.server.watch.timeout.denomination = 1s (default)
2019-10-13 20:36:06,615 [d674a472-63db-487e-83ee-37e9251a237b@group-857DC167E741-LeaderElection82] INFO  server.RaftServerConfigKeys (ConfUtils.java:logGet(43)) - raft.server.watch.element-limit = 65536 (default)
2019-10-13 20:36:06,616 [d674a472-63db-487e-83ee-37e9251a237b@group-857DC167E741-LeaderElection82] INFO  server.RaftServerConfigKeys (ConfUtils.java:logGet(43)) - raft.server.log.appender.snapshot.chunk.size.max = 16MB (=16777216) (default)
2019-10-13 20:36:06,637 [Thread-3008] INFO  impl.FollowerState (FollowerState.java:run(108)) - d674a472-63db-487e-83ee-37e9251a237b@group-59DE64378F8C-FollowerState: change to CANDIDATE, lastRpcTime:5191ms, electionTimeout:5171ms
2019-10-13 20:36:06,646 [d674a472-63db-487e-83ee-37e9251a237b@group-857DC167E741-LeaderElection82] INFO  server.RaftServerConfigKeys (ConfUtils.java:logGet(43)) - raft.server.log.appender.buffer.byte-limit = 33554432 (custom)
2019-10-13 20:36:06,646 [Thread-3008] INFO  impl.RoleInfo (RoleInfo.java:shutdownFollowerState(121)) - d674a472-63db-487e-83ee-37e9251a237b: shutdown FollowerState
2019-10-13 20:36:06,646 [d674a472-63db-487e-83ee-37e9251a237b@group-857DC167E741-LeaderElection82] INFO  server.RaftServerConfigKeys (ConfUtils.java:logGet(43)) - raft.server.log.appender.buffer.element-limit = 1 (custom)
2019-10-13 20:36:06,646 [Thread-3008] INFO  impl.RaftServerImpl (RaftServerImpl.java:setRole(170)) - d674a472-63db-487e-83ee-37e9251a237b@group-59DE64378F8C: changes role from  FOLLOWER to CANDIDATE at term 0 for changeToCandidate
2019-10-13 20:36:06,646 [d674a472-63db-487e-83ee-37e9251a237b@group-857DC167E741-LeaderElection82] INFO  grpc.GrpcConfigKeys$Server (ConfUtils.java:logGet(43)) - raft.grpc.server.leader.outstanding.appends.max = 128 (default)
2019-10-13 20:36:06,646 [Thread-3008] INFO  impl.RoleInfo (RoleInfo.java:updateAndGet(143)) - d674a472-63db-487e-83ee-37e9251a237b: start LeaderElection
2019-10-13 20:36:06,646 [d674a472-63db-487e-83ee-37e9251a237b@group-857DC167E741-LeaderElection82] INFO  server.RaftServerConfigKeys (ConfUtils.java:logGet(43)) - raft.server.rpc.request.timeout = 3000ms (default)
2019-10-13 20:36:06,647 [d674a472-63db-487e-83ee-37e9251a237b@group-857DC167E741-LeaderElection82] INFO  server.RaftServerConfigKeys (ConfUtils.java:logGet(43)) - raft.server.log.appender.install.snapshot.enabled = false (custom)
2019-10-13 20:36:06,656 [d674a472-63db-487e-83ee-37e9251a237b@group-857DC167E741-LeaderElection82] INFO  server.RaftServerConfigKeys (ConfUtils.java:logGet(43)) - raft.server.log.appender.snapshot.chunk.size.max = 16MB (=16777216) (default)
2019-10-13 20:36:06,657 [d674a472-63db-487e-83ee-37e9251a237b@group-857DC167E741-LeaderElection82] INFO  server.RaftServerConfigKeys (ConfUtils.java:logGet(43)) - raft.server.log.appender.buffer.byte-limit = 33554432 (custom)
2019-10-13 20:36:06,657 [d674a472-63db-487e-83ee-37e9251a237b@group-857DC167E741-LeaderElection82] INFO  server.RaftServerConfigKeys (ConfUtils.java:logGet(43)) - raft.server.log.appender.buffer.element-limit = 1 (custom)
2019-10-13 20:36:06,657 [d674a472-63db-487e-83ee-37e9251a237b@group-857DC167E741-LeaderElection82] INFO  grpc.GrpcConfigKeys$Server (ConfUtils.java:logGet(43)) - raft.grpc.server.leader.outstanding.appends.max = 128 (default)
2019-10-13 20:36:06,657 [d674a472-63db-487e-83ee-37e9251a237b@group-857DC167E741-LeaderElection82] INFO  server.RaftServerConfigKeys (ConfUtils.java:logGet(43)) - raft.server.rpc.request.timeout = 3000ms (default)
2019-10-13 20:36:06,657 [d674a472-63db-487e-83ee-37e9251a237b@group-857DC167E741-LeaderElection82] INFO  server.RaftServerConfigKeys (ConfUtils.java:logGet(43)) - raft.server.log.appender.install.snapshot.enabled = false (custom)
2019-10-13 20:36:06,657 [d674a472-63db-487e-83ee-37e9251a237b@group-857DC167E741-LeaderElection82] INFO  impl.RoleInfo (RoleInfo.java:updateAndGet(143)) - d674a472-63db-487e-83ee-37e9251a237b: start LeaderState
2019-10-13 20:36:06,657 [d674a472-63db-487e-83ee-37e9251a237b@group-857DC167E741-LeaderElection82] INFO  segmented.SegmentedRaftLogWorker (SegmentedRaftLogWorker.java:startLogSegment(385)) - d674a472-63db-487e-83ee-37e9251a237b@group-857DC167E741-SegmentedRaftLogWorker: Starting segment from index:0
2019-10-13 20:36:06,658 [d674a472-63db-487e-83ee-37e9251a237b@group-857DC167E741-LeaderElection82] INFO  impl.RaftServerImpl (ServerState.java:setRaftConf(356)) - d674a472-63db-487e-83ee-37e9251a237b@group-857DC167E741: set configuration 0: [d674a472-63db-487e-83ee-37e9251a237b:192.168.157.224:38926, d616a39f-6bf2-4a01-abc3-1d7644e726ce:192.168.157.224:32974, 8e79af81-6182-484d-86a0-25203e14f91e:192.168.157.224:43198], old=null at 0
2019-10-13 20:36:06,658 [grpc-default-executor-3] INFO  impl.RaftServerImpl (RaftServerImpl.java:requestVote(754)) - d674a472-63db-487e-83ee-37e9251a237b@group-857DC167E741-   LEADER: Withhold vote from candidate 8e79af81-6182-484d-86a0-25203e14f91e with term 1. State: leader=d674a472-63db-487e-83ee-37e9251a237b, term=1, lastRpcElapsed=null
2019-10-13 20:36:06,690 [d674a472-63db-487e-83ee-37e9251a237b@group-59DE64378F8C-LeaderElection84] INFO  impl.LeaderElection (LeaderElection.java:askForVotes(178)) - d674a472-63db-487e-83ee-37e9251a237b@group-59DE64378F8C-LeaderElection84: begin an election at term 1 for -1: [d674a472-63db-487e-83ee-37e9251a237b:192.168.157.224:38926], old=null
2019-10-13 20:36:06,691 [d674a472-63db-487e-83ee-37e9251a237b@group-59DE64378F8C-LeaderElection84] INFO  impl.RoleInfo (RoleInfo.java:shutdownLeaderElection(134)) - d674a472-63db-487e-83ee-37e9251a237b: shutdown LeaderElection
2019-10-13 20:36:06,691 [d674a472-63db-487e-83ee-37e9251a237b@group-59DE64378F8C-LeaderElection84] INFO  impl.RaftServerImpl (RaftServerImpl.java:setRole(170)) - d674a472-63db-487e-83ee-37e9251a237b@group-59DE64378F8C: changes role from CANDIDATE to LEADER at term 1 for changeToLeader
2019-10-13 20:36:06,691 [d674a472-63db-487e-83ee-37e9251a237b@group-59DE64378F8C-LeaderElection84] INFO  impl.RaftServerImpl (ServerState.java:setLeader(255)) - d674a472-63db-487e-83ee-37e9251a237b@group-59DE64378F8C: change Leader from null to d674a472-63db-487e-83ee-37e9251a237b at term 1 for becomeLeader, leader elected after 5251ms
2019-10-13 20:36:06,691 [d674a472-63db-487e-83ee-37e9251a237b@group-59DE64378F8C-LeaderElection84] INFO  server.RaftServerConfigKeys (ConfUtils.java:logGet(43)) - raft.server.staging.catchup.gap = 1000 (default)
2019-10-13 20:36:06,691 [d674a472-63db-487e-83ee-37e9251a237b@group-59DE64378F8C-LeaderElection84] INFO  server.RaftServerConfigKeys (ConfUtils.java:logGet(43)) - raft.server.rpc.sleep.time = 25ms (default)
2019-10-13 20:36:06,691 [grpc-default-executor-3] INFO  impl.RaftServerImpl (RaftServerImpl.java:setRole(170)) - 8e79af81-6182-484d-86a0-25203e14f91e@group-857DC167E741: changes role from CANDIDATE to FOLLOWER at term 1 for appendEntries
2019-10-13 20:36:06,692 [8e79af81-6182-484d-86a0-25203e14f91e@group-857DC167E741-LeaderElection83] INFO  impl.LeaderElection (LeaderElection.java:logAndReturn(56)) - 8e79af81-6182-484d-86a0-25203e14f91e@group-857DC167E741-LeaderElection83: Election REJECTED; received 2 response(s) [8e79af81-6182-484d-86a0-25203e14f91e<-d616a39f-6bf2-4a01-abc3-1d7644e726ce#0:FAIL-t1, 8e79af81-6182-484d-86a0-25203e14f91e<-d674a472-63db-487e-83ee-37e9251a237b#0:FAIL-t1] and 0 exception(s); 8e79af81-6182-484d-86a0-25203e14f91e@group-857DC167E741:t1, leader=null, voted=8e79af81-6182-484d-86a0-25203e14f91e, raftlog=8e79af81-6182-484d-86a0-25203e14f91e@group-857DC167E741-SegmentedRaftLog:OPENED:c-1,f-1,i0, conf=-1: [d674a472-63db-487e-83ee-37e9251a237b:192.168.157.224:38926, d616a39f-6bf2-4a01-abc3-1d7644e726ce:192.168.157.224:32974, 8e79af81-6182-484d-86a0-25203e14f91e:192.168.157.224:43198], old=null
2019-10-13 20:36:06,692 [d674a472-63db-487e-83ee-37e9251a237b@group-59DE64378F8C-LeaderElection84] INFO  server.RaftServerConfigKeys (ConfUtils.java:logGet(43)) - raft.server.write.element-limit = 4096 (default)
2019-10-13 20:36:06,692 [grpc-default-executor-6] INFO  impl.RaftServerImpl (ServerState.java:setLeader(255)) - d616a39f-6bf2-4a01-abc3-1d7644e726ce@group-857DC167E741: change Leader from null to d674a472-63db-487e-83ee-37e9251a237b at term 1 for appendEntries, leader elected after 5169ms
2019-10-13 20:36:06,692 [d674a472-63db-487e-83ee-37e9251a237b@group-59DE64378F8C-LeaderElection84] INFO  server.RaftServerConfigKeys (ConfUtils.java:logGet(43)) - raft.server.watch.timeout = 10s (default)
2019-10-13 20:36:06,692 [grpc-default-executor-3] INFO  impl.RoleInfo (RoleInfo.java:shutdownLeaderElection(134)) - 8e79af81-6182-484d-86a0-25203e14f91e: shutdown LeaderElection
2019-10-13 20:36:06,700 [d674a472-63db-487e-83ee-37e9251a237b@group-59DE64378F8C-LeaderElection84] INFO  server.RaftServerConfigKeys (ConfUtils.java:logGet(43)) - raft.server.watch.timeout.denomination = 1s (default)
2019-10-13 20:36:06,707 [grpc-default-executor-3] INFO  impl.RoleInfo (RoleInfo.java:updateAndGet(143)) - 8e79af81-6182-484d-86a0-25203e14f91e: start FollowerState
2019-10-13 20:36:06,707 [d674a472-63db-487e-83ee-37e9251a237b@group-59DE64378F8C-LeaderElection84] INFO  server.RaftServerConfigKeys (ConfUtils.java:logGet(43)) - raft.server.watch.element-limit = 65536 (default)
2019-10-13 20:36:06,707 [grpc-default-executor-3] INFO  impl.RaftServerImpl (ServerState.java:setLeader(255)) - 8e79af81-6182-484d-86a0-25203e14f91e@group-857DC167E741: change Leader from null to d674a472-63db-487e-83ee-37e9251a237b at term 1 for appendEntries, leader elected after 5185ms
2019-10-13 20:36:06,708 [grpc-default-executor-3] INFO  impl.RaftServerImpl (ServerState.java:setRaftConf(356)) - d616a39f-6bf2-4a01-abc3-1d7644e726ce@group-857DC167E741: set configuration 0: [d674a472-63db-487e-83ee-37e9251a237b:192.168.157.224:38926, d616a39f-6bf2-4a01-abc3-1d7644e726ce:192.168.157.224:32974, 8e79af81-6182-484d-86a0-25203e14f91e:192.168.157.224:43198], old=null at 0
2019-10-13 20:36:06,709 [grpc-default-executor-3] INFO  segmented.SegmentedRaftLogWorker (SegmentedRaftLogWorker.java:startLogSegment(385)) - d616a39f-6bf2-4a01-abc3-1d7644e726ce@group-857DC167E741-SegmentedRaftLogWorker: Starting segment from index:0
2019-10-13 20:36:06,709 [grpc-default-executor-6] INFO  impl.RaftServerImpl (ServerState.java:setRaftConf(356)) - 8e79af81-6182-484d-86a0-25203e14f91e@group-857DC167E741: set configuration 0: [d674a472-63db-487e-83ee-37e9251a237b:192.168.157.224:38926, d616a39f-6bf2-4a01-abc3-1d7644e726ce:192.168.157.224:32974, 8e79af81-6182-484d-86a0-25203e14f91e:192.168.157.224:43198], old=null at 0
2019-10-13 20:36:06,709 [d674a472-63db-487e-83ee-37e9251a237b@group-59DE64378F8C-LeaderElection84] INFO  impl.RoleInfo (RoleInfo.java:updateAndGet(143)) - d674a472-63db-487e-83ee-37e9251a237b: start LeaderState
2019-10-13 20:36:06,709 [grpc-default-executor-6] INFO  segmented.SegmentedRaftLogWorker (SegmentedRaftLogWorker.java:startLogSegment(385)) - 8e79af81-6182-484d-86a0-25203e14f91e@group-857DC167E741-SegmentedRaftLogWorker: Starting segment from index:0
2019-10-13 20:36:06,709 [d674a472-63db-487e-83ee-37e9251a237b@group-59DE64378F8C-LeaderElection84] INFO  segmented.SegmentedRaftLogWorker (SegmentedRaftLogWorker.java:startLogSegment(385)) - d674a472-63db-487e-83ee-37e9251a237b@group-59DE64378F8C-SegmentedRaftLogWorker: Starting segment from index:0
2019-10-13 20:36:06,710 [d674a472-63db-487e-83ee-37e9251a237b@group-59DE64378F8C-LeaderElection84] INFO  impl.RaftServerImpl (ServerState.java:setRaftConf(356)) - d674a472-63db-487e-83ee-37e9251a237b@group-59DE64378F8C: set configuration 0: [d674a472-63db-487e-83ee-37e9251a237b:192.168.157.224:38926], old=null at 0
2019-10-13 20:36:06,714 [d674a472-63db-487e-83ee-37e9251a237b@group-857DC167E741-SegmentedRaftLogWorker] INFO  segmented.SegmentedRaftLogWorker (SegmentedRaftLogWorker.java:execute(574)) - d674a472-63db-487e-83ee-37e9251a237b@group-857DC167E741-SegmentedRaftLogWorker: created new log segment /workdir/hadoop-ozone/integration-test/target/test-dir/MiniOzoneClusterImpl-7c68d9ae-3b3a-48f9-967d-a14322fa261f/datanode-2/data/ratis/1d443bd3-00f8-4117-b56b-857dc167e741/current/log_inprogress_0
2019-10-13 20:36:06,764 [8e79af81-6182-484d-86a0-25203e14f91e@group-857DC167E741-SegmentedRaftLogWorker] INFO  segmented.SegmentedRaftLogWorker (SegmentedRaftLogWorker.java:execute(574)) - 8e79af81-6182-484d-86a0-25203e14f91e@group-857DC167E741-SegmentedRaftLogWorker: created new log segment /workdir/hadoop-ozone/integration-test/target/test-dir/MiniOzoneClusterImpl-7c68d9ae-3b3a-48f9-967d-a14322fa261f/datanode-1/data/ratis/1d443bd3-00f8-4117-b56b-857dc167e741/current/log_inprogress_0
2019-10-13 20:36:06,764 [d616a39f-6bf2-4a01-abc3-1d7644e726ce@group-857DC167E741-SegmentedRaftLogWorker] INFO  segmented.SegmentedRaftLogWorker (SegmentedRaftLogWorker.java:execute(574)) - d616a39f-6bf2-4a01-abc3-1d7644e726ce@group-857DC167E741-SegmentedRaftLogWorker: created new log segment /workdir/hadoop-ozone/integration-test/target/test-dir/MiniOzoneClusterImpl-7c68d9ae-3b3a-48f9-967d-a14322fa261f/datanode-0/data/ratis/1d443bd3-00f8-4117-b56b-857dc167e741/current/log_inprogress_0
2019-10-13 20:36:06,779 [d674a472-63db-487e-83ee-37e9251a237b@group-59DE64378F8C-SegmentedRaftLogWorker] INFO  segmented.SegmentedRaftLogWorker (SegmentedRaftLogWorker.java:execute(574)) - d674a472-63db-487e-83ee-37e9251a237b@group-59DE64378F8C-SegmentedRaftLogWorker: created new log segment /workdir/hadoop-ozone/integration-test/target/test-dir/MiniOzoneClusterImpl-7c68d9ae-3b3a-48f9-967d-a14322fa261f/datanode-2/data/ratis/2b311a40-fbb1-45fe-a954-59de64378f8c/current/log_inprogress_0
2019-10-13 20:36:07,161 [Thread-3024] INFO  impl.FollowerState (FollowerState.java:run(108)) - 1005e3b9-d593-4d7b-8c15-245b252a84f0@group-A75E9737F7A7-FollowerState: change to CANDIDATE, lastRpcTime:5062ms, electionTimeout:5062ms
2019-10-13 20:36:07,161 [Thread-3024] INFO  impl.RoleInfo (RoleInfo.java:shutdownFollowerState(121)) - 1005e3b9-d593-4d7b-8c15-245b252a84f0: shutdown FollowerState
2019-10-13 20:36:07,161 [Thread-3024] INFO  impl.RaftServerImpl (RaftServerImpl.java:setRole(170)) - 1005e3b9-d593-4d7b-8c15-245b252a84f0@group-A75E9737F7A7: changes role from  FOLLOWER to CANDIDATE at term 0 for changeToCandidate
2019-10-13 20:36:07,161 [Thread-3024] INFO  impl.RoleInfo (RoleInfo.java:updateAndGet(143)) - 1005e3b9-d593-4d7b-8c15-245b252a84f0: start LeaderElection
2019-10-13 20:36:07,205 [grpc-default-executor-1] WARN  server.GrpcLogAppender (LogUtils.java:warn(134)) - 3194ff55-4fd6-4b20-b65d-8d8726a38cdd@group-0BB7D473782A->aadf9f79-694c-46a6-b55c-827d59c43739-AppendLogResponseHandler: Failed appendEntries: org.apache.ratis.thirdparty.io.grpc.StatusRuntimeException: UNAVAILABLE: io exception
2019-10-13 20:36:07,205 [grpc-default-executor-6] WARN  server.GrpcLogAppender (LogUtils.java:warn(134)) - 3194ff55-4fd6-4b20-b65d-8d8726a38cdd@group-0BB7D473782A->25fb0338-209f-4f69-825b-6b7257c56b18-AppendLogResponseHandler: Failed appendEntries: org.apache.ratis.thirdparty.io.grpc.StatusRuntimeException: UNAVAILABLE: io exception
2019-10-13 20:36:07,205 [grpc-default-executor-1] INFO  impl.FollowerInfo (FollowerInfo.java:lambda$new$0(51)) - 3194ff55-4fd6-4b20-b65d-8d8726a38cdd@group-0BB7D473782A->aadf9f79-694c-46a6-b55c-827d59c43739: nextIndex: updateUnconditionally 1 -> 0
2019-10-13 20:36:07,205 [grpc-default-executor-6] INFO  impl.FollowerInfo (FollowerInfo.java:lambda$new$0(51)) - 3194ff55-4fd6-4b20-b65d-8d8726a38cdd@group-0BB7D473782A->25fb0338-209f-4f69-825b-6b7257c56b18: nextIndex: updateUnconditionally 1 -> 0
2019-10-13 20:36:07,206 [1005e3b9-d593-4d7b-8c15-245b252a84f0@group-A75E9737F7A7-LeaderElection85] INFO  impl.LeaderElection (LeaderElection.java:askForVotes(178)) - 1005e3b9-d593-4d7b-8c15-245b252a84f0@group-A75E9737F7A7-LeaderElection85: begin an election at term 1 for -1: [1005e3b9-d593-4d7b-8c15-245b252a84f0:192.168.157.224:32834], old=null
2019-10-13 20:36:07,206 [1005e3b9-d593-4d7b-8c15-245b252a84f0@group-A75E9737F7A7-LeaderElection85] INFO  impl.RoleInfo (RoleInfo.java:shutdownLeaderElection(134)) - 1005e3b9-d593-4d7b-8c15-245b252a84f0: shutdown LeaderElection
2019-10-13 20:36:07,206 [1005e3b9-d593-4d7b-8c15-245b252a84f0@group-A75E9737F7A7-LeaderElection85] INFO  impl.RaftServerImpl (RaftServerImpl.java:setRole(170)) - 1005e3b9-d593-4d7b-8c15-245b252a84f0@group-A75E9737F7A7: changes role from CANDIDATE to LEADER at term 1 for changeToLeader
2019-10-13 20:36:07,206 [1005e3b9-d593-4d7b-8c15-245b252a84f0@group-A75E9737F7A7-LeaderElection85] INFO  impl.RaftServerImpl (ServerState.java:setLeader(255)) - 1005e3b9-d593-4d7b-8c15-245b252a84f0@group-A75E9737F7A7: change Leader from null to 1005e3b9-d593-4d7b-8c15-245b252a84f0 at term 1 for becomeLeader, leader elected after 5115ms
2019-10-13 20:36:07,206 [1005e3b9-d593-4d7b-8c15-245b252a84f0@group-A75E9737F7A7-LeaderElection85] INFO  server.RaftServerConfigKeys (ConfUtils.java:logGet(43)) - raft.server.staging.catchup.gap = 1000 (default)
2019-10-13 20:36:07,207 [1005e3b9-d593-4d7b-8c15-245b252a84f0@group-A75E9737F7A7-LeaderElection85] INFO  server.RaftServerConfigKeys (ConfUtils.java:logGet(43)) - raft.server.rpc.sleep.time = 25ms (default)
2019-10-13 20:36:07,207 [1005e3b9-d593-4d7b-8c15-245b252a84f0@group-A75E9737F7A7-LeaderElection85] INFO  server.RaftServerConfigKeys (ConfUtils.java:logGet(43)) - raft.server.write.element-limit = 4096 (default)
2019-10-13 20:36:07,207 [1005e3b9-d593-4d7b-8c15-245b252a84f0@group-A75E9737F7A7-LeaderElection85] INFO  server.RaftServerConfigKeys (ConfUtils.java:logGet(43)) - raft.server.watch.timeout = 10s (default)
2019-10-13 20:36:07,207 [1005e3b9-d593-4d7b-8c15-245b252a84f0@group-A75E9737F7A7-LeaderElection85] INFO  server.RaftServerConfigKeys (ConfUtils.java:logGet(43)) - raft.server.watch.timeout.denomination = 1s (default)
2019-10-13 20:36:07,207 [1005e3b9-d593-4d7b-8c15-245b252a84f0@group-A75E9737F7A7-LeaderElection85] INFO  server.RaftServerConfigKeys (ConfUtils.java:logGet(43)) - raft.server.watch.element-limit = 65536 (default)
2019-10-13 20:36:07,210 [1005e3b9-d593-4d7b-8c15-245b252a84f0@group-A75E9737F7A7-LeaderElection85] INFO  impl.RoleInfo (RoleInfo.java:updateAndGet(143)) - 1005e3b9-d593-4d7b-8c15-245b252a84f0: start LeaderState
2019-10-13 20:36:07,210 [1005e3b9-d593-4d7b-8c15-245b252a84f0@group-A75E9737F7A7-LeaderElection85] INFO  segmented.SegmentedRaftLogWorker (SegmentedRaftLogWorker.java:startLogSegment(385)) - 1005e3b9-d593-4d7b-8c15-245b252a84f0@group-A75E9737F7A7-SegmentedRaftLogWorker: Starting segment from index:0
2019-10-13 20:36:07,211 [1005e3b9-d593-4d7b-8c15-245b252a84f0@group-A75E9737F7A7-LeaderElection85] INFO  impl.RaftServerImpl (ServerState.java:setRaftConf(356)) - 1005e3b9-d593-4d7b-8c15-245b252a84f0@group-A75E9737F7A7: set configuration 0: [1005e3b9-d593-4d7b-8c15-245b252a84f0:192.168.157.224:32834], old=null at 0
2019-10-13 20:36:07,260 [1005e3b9-d593-4d7b-8c15-245b252a84f0@group-A75E9737F7A7-SegmentedRaftLogWorker] INFO  segmented.SegmentedRaftLogWorker (SegmentedRaftLogWorker.java:execute(574)) - 1005e3b9-d593-4d7b-8c15-245b252a84f0@group-A75E9737F7A7-SegmentedRaftLogWorker: created new log segment /workdir/hadoop-ozone/integration-test/target/test-dir/MiniOzoneClusterImpl-7c68d9ae-3b3a-48f9-967d-a14322fa261f/datanode-3/data/ratis/fac1fdb6-5c5a-4d6e-89ee-a75e9737f7a7/current/log_inprogress_0
2019-10-13 20:36:07,436 [Thread-3027] INFO  impl.FollowerState (FollowerState.java:run(108)) - cb750453-8b40-4f32-acc9-dbcac32c8fb0@group-A2E972653105-FollowerState: change to CANDIDATE, lastRpcTime:5181ms, electionTimeout:5181ms
2019-10-13 20:36:07,436 [Thread-3027] INFO  impl.RoleInfo (RoleInfo.java:shutdownFollowerState(121)) - cb750453-8b40-4f32-acc9-dbcac32c8fb0: shutdown FollowerState
2019-10-13 20:36:07,436 [Thread-3027] INFO  impl.RaftServerImpl (RaftServerImpl.java:setRole(170)) - cb750453-8b40-4f32-acc9-dbcac32c8fb0@group-A2E972653105: changes role from  FOLLOWER to CANDIDATE at term 0 for changeToCandidate
2019-10-13 20:36:07,436 [Thread-3027] INFO  impl.RoleInfo (RoleInfo.java:updateAndGet(143)) - cb750453-8b40-4f32-acc9-dbcac32c8fb0: start LeaderElection
2019-10-13 20:36:07,456 [Thread-3034] INFO  impl.FollowerState (FollowerState.java:run(108)) - e01792a8-46ed-4ca8-a60f-6d1a93cc401d@group-DCFEB6E68419-FollowerState: change to CANDIDATE, lastRpcTime:5048ms, electionTimeout:5048ms
2019-10-13 20:36:07,456 [Thread-3034] INFO  impl.RoleInfo (RoleInfo.java:shutdownFollowerState(121)) - e01792a8-46ed-4ca8-a60f-6d1a93cc401d: shutdown FollowerState
2019-10-13 20:36:07,456 [Thread-3034] INFO  impl.RaftServerImpl (RaftServerImpl.java:setRole(170)) - e01792a8-46ed-4ca8-a60f-6d1a93cc401d@group-DCFEB6E68419: changes role from  FOLLOWER to CANDIDATE at term 0 for changeToCandidate
2019-10-13 20:36:07,456 [Thread-3034] INFO  impl.RoleInfo (RoleInfo.java:updateAndGet(143)) - e01792a8-46ed-4ca8-a60f-6d1a93cc401d: start LeaderElection
2019-10-13 20:36:07,465 [cb750453-8b40-4f32-acc9-dbcac32c8fb0@group-A2E972653105-LeaderElection86] INFO  impl.LeaderElection (LeaderElection.java:askForVotes(178)) - cb750453-8b40-4f32-acc9-dbcac32c8fb0@group-A2E972653105-LeaderElection86: begin an election at term 1 for -1: [cb750453-8b40-4f32-acc9-dbcac32c8fb0:192.168.157.224:41870], old=null
2019-10-13 20:36:07,465 [cb750453-8b40-4f32-acc9-dbcac32c8fb0@group-A2E972653105-LeaderElection86] INFO  impl.RoleInfo (RoleInfo.java:shutdownLeaderElection(134)) - cb750453-8b40-4f32-acc9-dbcac32c8fb0: shutdown LeaderElection
2019-10-13 20:36:07,465 [cb750453-8b40-4f32-acc9-dbcac32c8fb0@group-A2E972653105-LeaderElection86] INFO  impl.RaftServerImpl (RaftServerImpl.java:setRole(170)) - cb750453-8b40-4f32-acc9-dbcac32c8fb0@group-A2E972653105: changes role from CANDIDATE to LEADER at term 1 for changeToLeader
2019-10-13 20:36:07,465 [cb750453-8b40-4f32-acc9-dbcac32c8fb0@group-A2E972653105-LeaderElection86] INFO  impl.RaftServerImpl (ServerState.java:setLeader(255)) - cb750453-8b40-4f32-acc9-dbcac32c8fb0@group-A2E972653105: change Leader from null to cb750453-8b40-4f32-acc9-dbcac32c8fb0 at term 1 for becomeLeader, leader elected after 5216ms
2019-10-13 20:36:07,465 [cb750453-8b40-4f32-acc9-dbcac32c8fb0@group-A2E972653105-LeaderElection86] INFO  server.RaftServerConfigKeys (ConfUtils.java:logGet(43)) - raft.server.staging.catchup.gap = 1000 (default)
2019-10-13 20:36:07,465 [cb750453-8b40-4f32-acc9-dbcac32c8fb0@group-A2E972653105-LeaderElection86] INFO  server.RaftServerConfigKeys (ConfUtils.java:logGet(43)) - raft.server.rpc.sleep.time = 25ms (default)
2019-10-13 20:36:07,466 [cb750453-8b40-4f32-acc9-dbcac32c8fb0@group-A2E972653105-LeaderElection86] INFO  server.RaftServerConfigKeys (ConfUtils.java:logGet(43)) - raft.server.write.element-limit = 4096 (default)
2019-10-13 20:36:07,466 [cb750453-8b40-4f32-acc9-dbcac32c8fb0@group-A2E972653105-LeaderElection86] INFO  server.RaftServerConfigKeys (ConfUtils.java:logGet(43)) - raft.server.watch.timeout = 10s (default)
2019-10-13 20:36:07,466 [cb750453-8b40-4f32-acc9-dbcac32c8fb0@group-A2E972653105-LeaderElection86] INFO  server.RaftServerConfigKeys (ConfUtils.java:logGet(43)) - raft.server.watch.timeout.denomination = 1s (default)
2019-10-13 20:36:07,466 [cb750453-8b40-4f32-acc9-dbcac32c8fb0@group-A2E972653105-LeaderElection86] INFO  server.RaftServerConfigKeys (ConfUtils.java:logGet(43)) - raft.server.watch.element-limit = 65536 (default)
2019-10-13 20:36:07,467 [e01792a8-46ed-4ca8-a60f-6d1a93cc401d@group-DCFEB6E68419-LeaderElection87] INFO  impl.LeaderElection (LeaderElection.java:askForVotes(178)) - e01792a8-46ed-4ca8-a60f-6d1a93cc401d@group-DCFEB6E68419-LeaderElection87: begin an election at term 1 for -1: [e01792a8-46ed-4ca8-a60f-6d1a93cc401d:192.168.157.224:44597], old=null
2019-10-13 20:36:07,467 [e01792a8-46ed-4ca8-a60f-6d1a93cc401d@group-DCFEB6E68419-LeaderElection87] INFO  impl.RoleInfo (RoleInfo.java:shutdownLeaderElection(134)) - e01792a8-46ed-4ca8-a60f-6d1a93cc401d: shutdown LeaderElection
2019-10-13 20:36:07,467 [e01792a8-46ed-4ca8-a60f-6d1a93cc401d@group-DCFEB6E68419-LeaderElection87] INFO  impl.RaftServerImpl (RaftServerImpl.java:setRole(170)) - e01792a8-46ed-4ca8-a60f-6d1a93cc401d@group-DCFEB6E68419: changes role from CANDIDATE to LEADER at term 1 for changeToLeader
2019-10-13 20:36:07,467 [e01792a8-46ed-4ca8-a60f-6d1a93cc401d@group-DCFEB6E68419-LeaderElection87] INFO  impl.RaftServerImpl (ServerState.java:setLeader(255)) - e01792a8-46ed-4ca8-a60f-6d1a93cc401d@group-DCFEB6E68419: change Leader from null to e01792a8-46ed-4ca8-a60f-6d1a93cc401d at term 1 for becomeLeader, leader elected after 5067ms
2019-10-13 20:36:07,468 [e01792a8-46ed-4ca8-a60f-6d1a93cc401d@group-DCFEB6E68419-LeaderElection87] INFO  server.RaftServerConfigKeys (ConfUtils.java:logGet(43)) - raft.server.staging.catchup.gap = 1000 (default)
2019-10-13 20:36:07,468 [e01792a8-46ed-4ca8-a60f-6d1a93cc401d@group-DCFEB6E68419-LeaderElection87] INFO  server.RaftServerConfigKeys (ConfUtils.java:logGet(43)) - raft.server.rpc.sleep.time = 25ms (default)
2019-10-13 20:36:07,468 [e01792a8-46ed-4ca8-a60f-6d1a93cc401d@group-DCFEB6E68419-LeaderElection87] INFO  server.RaftServerConfigKeys (ConfUtils.java:logGet(43)) - raft.server.write.element-limit = 4096 (default)
2019-10-13 20:36:07,468 [cb750453-8b40-4f32-acc9-dbcac32c8fb0@group-A2E972653105-LeaderElection86] INFO  impl.RoleInfo (RoleInfo.java:updateAndGet(143)) - cb750453-8b40-4f32-acc9-dbcac32c8fb0: start LeaderState
2019-10-13 20:36:07,468 [e01792a8-46ed-4ca8-a60f-6d1a93cc401d@group-DCFEB6E68419-LeaderElection87] INFO  server.RaftServerConfigKeys (ConfUtils.java:logGet(43)) - raft.server.watch.timeout = 10s (default)
2019-10-13 20:36:07,468 [e01792a8-46ed-4ca8-a60f-6d1a93cc401d@group-DCFEB6E68419-LeaderElection87] INFO  server.RaftServerConfigKeys (ConfUtils.java:logGet(43)) - raft.server.watch.timeout.denomination = 1s (default)
2019-10-13 20:36:07,468 [cb750453-8b40-4f32-acc9-dbcac32c8fb0@group-A2E972653105-LeaderElection86] INFO  segmented.SegmentedRaftLogWorker (SegmentedRaftLogWorker.java:startLogSegment(385)) - cb750453-8b40-4f32-acc9-dbcac32c8fb0@group-A2E972653105-SegmentedRaftLogWorker: Starting segment from index:0
2019-10-13 20:36:07,468 [e01792a8-46ed-4ca8-a60f-6d1a93cc401d@group-DCFEB6E68419-LeaderElection87] INFO  server.RaftServerConfigKeys (ConfUtils.java:logGet(43)) - raft.server.watch.element-limit = 65536 (default)
2019-10-13 20:36:07,469 [cb750453-8b40-4f32-acc9-dbcac32c8fb0@group-A2E972653105-LeaderElection86] INFO  impl.RaftServerImpl (ServerState.java:setRaftConf(356)) - cb750453-8b40-4f32-acc9-dbcac32c8fb0@group-A2E972653105: set configuration 0: [cb750453-8b40-4f32-acc9-dbcac32c8fb0:192.168.157.224:41870], old=null at 0
2019-10-13 20:36:07,511 [Thread-3042] INFO  impl.FollowerState (FollowerState.java:run(108)) - 1005e3b9-d593-4d7b-8c15-245b252a84f0@group-544F9978F1B0-FollowerState: change to CANDIDATE, lastRpcTime:5012ms, electionTimeout:5012ms
2019-10-13 20:36:07,511 [Thread-3042] INFO  impl.RoleInfo (RoleInfo.java:shutdownFollowerState(121)) - 1005e3b9-d593-4d7b-8c15-245b252a84f0: shutdown FollowerState
2019-10-13 20:36:07,511 [Thread-3042] INFO  impl.RaftServerImpl (RaftServerImpl.java:setRole(170)) - 1005e3b9-d593-4d7b-8c15-245b252a84f0@group-544F9978F1B0: changes role from  FOLLOWER to CANDIDATE at term 0 for changeToCandidate
2019-10-13 20:36:07,512 [Thread-3042] INFO  impl.RoleInfo (RoleInfo.java:updateAndGet(143)) - 1005e3b9-d593-4d7b-8c15-245b252a84f0: start LeaderElection
2019-10-13 20:36:07,520 [e01792a8-46ed-4ca8-a60f-6d1a93cc401d@group-DCFEB6E68419-LeaderElection87] INFO  impl.RoleInfo (RoleInfo.java:updateAndGet(143)) - e01792a8-46ed-4ca8-a60f-6d1a93cc401d: start LeaderState
2019-10-13 20:36:07,520 [e01792a8-46ed-4ca8-a60f-6d1a93cc401d@group-DCFEB6E68419-LeaderElection87] INFO  segmented.SegmentedRaftLogWorker (SegmentedRaftLogWorker.java:startLogSegment(385)) - e01792a8-46ed-4ca8-a60f-6d1a93cc401d@group-DCFEB6E68419-SegmentedRaftLogWorker: Starting segment from index:0
2019-10-13 20:36:07,521 [e01792a8-46ed-4ca8-a60f-6d1a93cc401d@group-DCFEB6E68419-LeaderElection87] INFO  impl.RaftServerImpl (ServerState.java:setRaftConf(356)) - e01792a8-46ed-4ca8-a60f-6d1a93cc401d@group-DCFEB6E68419: set configuration 0: [e01792a8-46ed-4ca8-a60f-6d1a93cc401d:192.168.157.224:44597], old=null at 0
2019-10-13 20:36:07,560 [cb750453-8b40-4f32-acc9-dbcac32c8fb0@group-A2E972653105-SegmentedRaftLogWorker] INFO  segmented.SegmentedRaftLogWorker (SegmentedRaftLogWorker.java:execute(574)) - cb750453-8b40-4f32-acc9-dbcac32c8fb0@group-A2E972653105-SegmentedRaftLogWorker: created new log segment /workdir/hadoop-ozone/integration-test/target/test-dir/MiniOzoneClusterImpl-7c68d9ae-3b3a-48f9-967d-a14322fa261f/datanode-4/data/ratis/d872e0c6-fda5-426f-921c-a2e972653105/current/log_inprogress_0
2019-10-13 20:36:07,560 [1005e3b9-d593-4d7b-8c15-245b252a84f0@group-544F9978F1B0-LeaderElection88] INFO  impl.LeaderElection (LeaderElection.java:askForVotes(178)) - 1005e3b9-d593-4d7b-8c15-245b252a84f0@group-544F9978F1B0-LeaderElection88: begin an election at term 1 for -1: [cb750453-8b40-4f32-acc9-dbcac32c8fb0:192.168.157.224:41870, e01792a8-46ed-4ca8-a60f-6d1a93cc401d:192.168.157.224:44597, 1005e3b9-d593-4d7b-8c15-245b252a84f0:192.168.157.224:32834], old=null
2019-10-13 20:36:07,570 [Thread-3041] INFO  impl.FollowerState (FollowerState.java:run(108)) - e01792a8-46ed-4ca8-a60f-6d1a93cc401d@group-544F9978F1B0-FollowerState: change to CANDIDATE, lastRpcTime:5071ms, electionTimeout:5065ms
2019-10-13 20:36:07,570 [Thread-3041] INFO  impl.RoleInfo (RoleInfo.java:shutdownFollowerState(121)) - e01792a8-46ed-4ca8-a60f-6d1a93cc401d: shutdown FollowerState
2019-10-13 20:36:07,570 [Thread-3041] INFO  impl.RaftServerImpl (RaftServerImpl.java:setRole(170)) - e01792a8-46ed-4ca8-a60f-6d1a93cc401d@group-544F9978F1B0: changes role from  FOLLOWER to CANDIDATE at term 0 for changeToCandidate
2019-10-13 20:36:07,570 [Thread-3041] INFO  impl.RoleInfo (RoleInfo.java:updateAndGet(143)) - e01792a8-46ed-4ca8-a60f-6d1a93cc401d: start LeaderElection
2019-10-13 20:36:07,577 [e01792a8-46ed-4ca8-a60f-6d1a93cc401d@group-DCFEB6E68419-SegmentedRaftLogWorker] INFO  segmented.SegmentedRaftLogWorker (SegmentedRaftLogWorker.java:execute(574)) - e01792a8-46ed-4ca8-a60f-6d1a93cc401d@group-DCFEB6E68419-SegmentedRaftLogWorker: created new log segment /workdir/hadoop-ozone/integration-test/target/test-dir/MiniOzoneClusterImpl-7c68d9ae-3b3a-48f9-967d-a14322fa261f/datanode-5/data/ratis/b2e45299-80ce-497a-9209-dcfeb6e68419/current/log_inprogress_0
2019-10-13 20:36:07,578 [grpc-default-executor-6] INFO  impl.RaftServerImpl (RaftServerImpl.java:setRole(170)) - cb750453-8b40-4f32-acc9-dbcac32c8fb0@group-544F9978F1B0: changes role from  FOLLOWER to FOLLOWER at term 1 for recognizeCandidate:1005e3b9-d593-4d7b-8c15-245b252a84f0
2019-10-13 20:36:07,578 [grpc-default-executor-6] INFO  impl.RoleInfo (RoleInfo.java:shutdownFollowerState(121)) - cb750453-8b40-4f32-acc9-dbcac32c8fb0: shutdown FollowerState
2019-10-13 20:36:07,578 [grpc-default-executor-6] INFO  impl.RoleInfo (RoleInfo.java:updateAndGet(143)) - cb750453-8b40-4f32-acc9-dbcac32c8fb0: start FollowerState
2019-10-13 20:36:07,578 [Thread-3037] INFO  impl.FollowerState (FollowerState.java:run(117)) - cb750453-8b40-4f32-acc9-dbcac32c8fb0@group-544F9978F1B0-FollowerState was interrupted: java.lang.InterruptedException: sleep interrupted
2019-10-13 20:36:07,590 [e01792a8-46ed-4ca8-a60f-6d1a93cc401d@group-544F9978F1B0-LeaderElection89] INFO  impl.LeaderElection (LeaderElection.java:askForVotes(178)) - e01792a8-46ed-4ca8-a60f-6d1a93cc401d@group-544F9978F1B0-LeaderElection89: begin an election at term 1 for -1: [cb750453-8b40-4f32-acc9-dbcac32c8fb0:192.168.157.224:41870, e01792a8-46ed-4ca8-a60f-6d1a93cc401d:192.168.157.224:44597, 1005e3b9-d593-4d7b-8c15-245b252a84f0:192.168.157.224:32834], old=null
2019-10-13 20:36:07,596 [1005e3b9-d593-4d7b-8c15-245b252a84f0@group-544F9978F1B0-LeaderElection88] INFO  impl.LeaderElection (LeaderElection.java:logAndReturn(56)) - 1005e3b9-d593-4d7b-8c15-245b252a84f0@group-544F9978F1B0-LeaderElection88: Election PASSED; received 2 response(s) [1005e3b9-d593-4d7b-8c15-245b252a84f0<-cb750453-8b40-4f32-acc9-dbcac32c8fb0#0:OK-t1, 1005e3b9-d593-4d7b-8c15-245b252a84f0<-e01792a8-46ed-4ca8-a60f-6d1a93cc401d#0:FAIL-t1] and 0 exception(s); 1005e3b9-d593-4d7b-8c15-245b252a84f0@group-544F9978F1B0:t1, leader=null, voted=1005e3b9-d593-4d7b-8c15-245b252a84f0, raftlog=1005e3b9-d593-4d7b-8c15-245b252a84f0@group-544F9978F1B0-SegmentedRaftLog:OPENED:c-1,f-1,i0, conf=-1: [cb750453-8b40-4f32-acc9-dbcac32c8fb0:192.168.157.224:41870, e01792a8-46ed-4ca8-a60f-6d1a93cc401d:192.168.157.224:44597, 1005e3b9-d593-4d7b-8c15-245b252a84f0:192.168.157.224:32834], old=null
2019-10-13 20:36:07,597 [1005e3b9-d593-4d7b-8c15-245b252a84f0@group-544F9978F1B0-LeaderElection88] INFO  impl.RoleInfo (RoleInfo.java:shutdownLeaderElection(134)) - 1005e3b9-d593-4d7b-8c15-245b252a84f0: shutdown LeaderElection
2019-10-13 20:36:07,597 [1005e3b9-d593-4d7b-8c15-245b252a84f0@group-544F9978F1B0-LeaderElection88] INFO  impl.RaftServerImpl (RaftServerImpl.java:setRole(170)) - 1005e3b9-d593-4d7b-8c15-245b252a84f0@group-544F9978F1B0: changes role from CANDIDATE to LEADER at term 1 for changeToLeader
2019-10-13 20:36:07,597 [1005e3b9-d593-4d7b-8c15-245b252a84f0@group-544F9978F1B0-LeaderElection88] INFO  impl.RaftServerImpl (ServerState.java:setLeader(255)) - 1005e3b9-d593-4d7b-8c15-245b252a84f0@group-544F9978F1B0: change Leader from null to 1005e3b9-d593-4d7b-8c15-245b252a84f0 at term 1 for becomeLeader, leader elected after 5112ms
2019-10-13 20:36:07,597 [1005e3b9-d593-4d7b-8c15-245b252a84f0@group-544F9978F1B0-LeaderElection88] INFO  server.RaftServerConfigKeys (ConfUtils.java:logGet(43)) - raft.server.staging.catchup.gap = 1000 (default)
2019-10-13 20:36:07,597 [1005e3b9-d593-4d7b-8c15-245b252a84f0@group-544F9978F1B0-LeaderElection88] INFO  server.RaftServerConfigKeys (ConfUtils.java:logGet(43)) - raft.server.rpc.sleep.time = 25ms (default)
2019-10-13 20:36:07,597 [1005e3b9-d593-4d7b-8c15-245b252a84f0@group-544F9978F1B0-LeaderElection88] INFO  server.RaftServerConfigKeys (ConfUtils.java:logGet(43)) - raft.server.write.element-limit = 4096 (default)
2019-10-13 20:36:07,597 [1005e3b9-d593-4d7b-8c15-245b252a84f0@group-544F9978F1B0-LeaderElection88] INFO  server.RaftServerConfigKeys (ConfUtils.java:logGet(43)) - raft.server.watch.timeout = 10s (default)
2019-10-13 20:36:07,598 [1005e3b9-d593-4d7b-8c15-245b252a84f0@group-544F9978F1B0-LeaderElection88] INFO  server.RaftServerConfigKeys (ConfUtils.java:logGet(43)) - raft.server.watch.timeout.denomination = 1s (default)
2019-10-13 20:36:07,598 [1005e3b9-d593-4d7b-8c15-245b252a84f0@group-544F9978F1B0-LeaderElection88] INFO  server.RaftServerConfigKeys (ConfUtils.java:logGet(43)) - raft.server.watch.element-limit = 65536 (default)
2019-10-13 20:36:07,600 [1005e3b9-d593-4d7b-8c15-245b252a84f0@group-544F9978F1B0-LeaderElection88] INFO  server.RaftServerConfigKeys (ConfUtils.java:logGet(43)) - raft.server.log.appender.snapshot.chunk.size.max = 16MB (=16777216) (default)
2019-10-13 20:36:07,600 [1005e3b9-d593-4d7b-8c15-245b252a84f0@group-544F9978F1B0-LeaderElection88] INFO  server.RaftServerConfigKeys (ConfUtils.java:logGet(43)) - raft.server.log.appender.buffer.byte-limit = 33554432 (custom)
2019-10-13 20:36:07,600 [1005e3b9-d593-4d7b-8c15-245b252a84f0@group-544F9978F1B0-LeaderElection88] INFO  server.RaftServerConfigKeys (ConfUtils.java:logGet(43)) - raft.server.log.appender.buffer.element-limit = 1 (custom)
2019-10-13 20:36:07,600 [1005e3b9-d593-4d7b-8c15-245b252a84f0@group-544F9978F1B0-LeaderElection88] INFO  grpc.GrpcConfigKeys$Server (ConfUtils.java:logGet(43)) - raft.grpc.server.leader.outstanding.appends.max = 128 (default)
2019-10-13 20:36:07,601 [1005e3b9-d593-4d7b-8c15-245b252a84f0@group-544F9978F1B0-LeaderElection88] INFO  server.RaftServerConfigKeys (ConfUtils.java:logGet(43)) - raft.server.rpc.request.timeout = 3000ms (default)
2019-10-13 20:36:07,601 [1005e3b9-d593-4d7b-8c15-245b252a84f0@group-544F9978F1B0-LeaderElection88] INFO  server.RaftServerConfigKeys (ConfUtils.java:logGet(43)) - raft.server.log.appender.install.snapshot.enabled = false (custom)
2019-10-13 20:36:07,601 [1005e3b9-d593-4d7b-8c15-245b252a84f0@group-544F9978F1B0-LeaderElection88] INFO  server.RaftServerConfigKeys (ConfUtils.java:logGet(43)) - raft.server.log.appender.snapshot.chunk.size.max = 16MB (=16777216) (default)
2019-10-13 20:36:07,601 [1005e3b9-d593-4d7b-8c15-245b252a84f0@group-544F9978F1B0-LeaderElection88] INFO  server.RaftServerConfigKeys (ConfUtils.java:logGet(43)) - raft.server.log.appender.buffer.byte-limit = 33554432 (custom)
2019-10-13 20:36:07,601 [1005e3b9-d593-4d7b-8c15-245b252a84f0@group-544F9978F1B0-LeaderElection88] INFO  server.RaftServerConfigKeys (ConfUtils.java:logGet(43)) - raft.server.log.appender.buffer.element-limit = 1 (custom)
2019-10-13 20:36:07,601 [1005e3b9-d593-4d7b-8c15-245b252a84f0@group-544F9978F1B0-LeaderElection88] INFO  grpc.GrpcConfigKeys$Server (ConfUtils.java:logGet(43)) - raft.grpc.server.leader.outstanding.appends.max = 128 (default)
2019-10-13 20:36:07,602 [1005e3b9-d593-4d7b-8c15-245b252a84f0@group-544F9978F1B0-LeaderElection88] INFO  server.RaftServerConfigKeys (ConfUtils.java:logGet(43)) - raft.server.rpc.request.timeout = 3000ms (default)
2019-10-13 20:36:07,602 [1005e3b9-d593-4d7b-8c15-245b252a84f0@group-544F9978F1B0-LeaderElection88] INFO  server.RaftServerConfigKeys (ConfUtils.java:logGet(43)) - raft.server.log.appender.install.snapshot.enabled = false (custom)
2019-10-13 20:36:07,602 [1005e3b9-d593-4d7b-8c15-245b252a84f0@group-544F9978F1B0-LeaderElection88] INFO  impl.RoleInfo (RoleInfo.java:updateAndGet(143)) - 1005e3b9-d593-4d7b-8c15-245b252a84f0: start LeaderState
2019-10-13 20:36:07,603 [1005e3b9-d593-4d7b-8c15-245b252a84f0@group-544F9978F1B0-LeaderElection88] INFO  segmented.SegmentedRaftLogWorker (SegmentedRaftLogWorker.java:startLogSegment(385)) - 1005e3b9-d593-4d7b-8c15-245b252a84f0@group-544F9978F1B0-SegmentedRaftLogWorker: Starting segment from index:0
2019-10-13 20:36:07,603 [1005e3b9-d593-4d7b-8c15-245b252a84f0@group-544F9978F1B0-LeaderElection88] INFO  impl.RaftServerImpl (ServerState.java:setRaftConf(356)) - 1005e3b9-d593-4d7b-8c15-245b252a84f0@group-544F9978F1B0: set configuration 0: [cb750453-8b40-4f32-acc9-dbcac32c8fb0:192.168.157.224:41870, e01792a8-46ed-4ca8-a60f-6d1a93cc401d:192.168.157.224:44597, 1005e3b9-d593-4d7b-8c15-245b252a84f0:192.168.157.224:32834], old=null at 0
2019-10-13 20:36:07,641 [grpc-default-executor-1] INFO  impl.RaftServerImpl (RaftServerImpl.java:requestVote(754)) - 1005e3b9-d593-4d7b-8c15-245b252a84f0@group-544F9978F1B0-   LEADER: Withhold vote from candidate e01792a8-46ed-4ca8-a60f-6d1a93cc401d with term 1. State: leader=1005e3b9-d593-4d7b-8c15-245b252a84f0, term=1, lastRpcElapsed=null
2019-10-13 20:36:07,646 [grpc-default-executor-6] INFO  impl.RaftServerImpl (ServerState.java:setLeader(255)) - cb750453-8b40-4f32-acc9-dbcac32c8fb0@group-544F9978F1B0: change Leader from null to 1005e3b9-d593-4d7b-8c15-245b252a84f0 at term 1 for appendEntries, leader elected after 5161ms
2019-10-13 20:36:07,646 [grpc-default-executor-0] INFO  impl.RaftServerImpl (RaftServerImpl.java:setRole(170)) - e01792a8-46ed-4ca8-a60f-6d1a93cc401d@group-544F9978F1B0: changes role from CANDIDATE to FOLLOWER at term 1 for appendEntries
2019-10-13 20:36:07,647 [grpc-default-executor-0] INFO  impl.RoleInfo (RoleInfo.java:shutdownLeaderElection(134)) - e01792a8-46ed-4ca8-a60f-6d1a93cc401d: shutdown LeaderElection
2019-10-13 20:36:07,652 [1005e3b9-d593-4d7b-8c15-245b252a84f0@group-544F9978F1B0-SegmentedRaftLogWorker] INFO  segmented.SegmentedRaftLogWorker (SegmentedRaftLogWorker.java:execute(574)) - 1005e3b9-d593-4d7b-8c15-245b252a84f0@group-544F9978F1B0-SegmentedRaftLogWorker: created new log segment /workdir/hadoop-ozone/integration-test/target/test-dir/MiniOzoneClusterImpl-7c68d9ae-3b3a-48f9-967d-a14322fa261f/datanode-3/data/ratis/911ca6fb-10b3-4f2f-b49f-544f9978f1b0/current/log_inprogress_0
2019-10-13 20:36:07,652 [grpc-default-executor-0] INFO  impl.RoleInfo (RoleInfo.java:updateAndGet(143)) - e01792a8-46ed-4ca8-a60f-6d1a93cc401d: start FollowerState
2019-10-13 20:36:07,652 [e01792a8-46ed-4ca8-a60f-6d1a93cc401d@group-544F9978F1B0-LeaderElection89] INFO  impl.LeaderElection (LeaderElection.java:logAndReturn(56)) - e01792a8-46ed-4ca8-a60f-6d1a93cc401d@group-544F9978F1B0-LeaderElection89: Election REJECTED; received 2 response(s) [e01792a8-46ed-4ca8-a60f-6d1a93cc401d<-cb750453-8b40-4f32-acc9-dbcac32c8fb0#0:FAIL-t1, e01792a8-46ed-4ca8-a60f-6d1a93cc401d<-1005e3b9-d593-4d7b-8c15-245b252a84f0#0:FAIL-t1] and 0 exception(s); e01792a8-46ed-4ca8-a60f-6d1a93cc401d@group-544F9978F1B0:t1, leader=null, voted=e01792a8-46ed-4ca8-a60f-6d1a93cc401d, raftlog=e01792a8-46ed-4ca8-a60f-6d1a93cc401d@group-544F9978F1B0-SegmentedRaftLog:OPENED:c-1,f-1,i0, conf=-1: [cb750453-8b40-4f32-acc9-dbcac32c8fb0:192.168.157.224:41870, e01792a8-46ed-4ca8-a60f-6d1a93cc401d:192.168.157.224:44597, 1005e3b9-d593-4d7b-8c15-245b252a84f0:192.168.157.224:32834], old=null
2019-10-13 20:36:07,653 [grpc-default-executor-0] INFO  impl.RaftServerImpl (ServerState.java:setLeader(255)) - e01792a8-46ed-4ca8-a60f-6d1a93cc401d@group-544F9978F1B0: change Leader from null to 1005e3b9-d593-4d7b-8c15-245b252a84f0 at term 1 for appendEntries, leader elected after 5168ms
2019-10-13 20:36:07,654 [grpc-default-executor-6] INFO  impl.RaftServerImpl (ServerState.java:setRaftConf(356)) - cb750453-8b40-4f32-acc9-dbcac32c8fb0@group-544F9978F1B0: set configuration 0: [cb750453-8b40-4f32-acc9-dbcac32c8fb0:192.168.157.224:41870, e01792a8-46ed-4ca8-a60f-6d1a93cc401d:192.168.157.224:44597, 1005e3b9-d593-4d7b-8c15-245b252a84f0:192.168.157.224:32834], old=null at 0
2019-10-13 20:36:07,658 [grpc-default-executor-6] INFO  segmented.SegmentedRaftLogWorker (SegmentedRaftLogWorker.java:startLogSegment(385)) - cb750453-8b40-4f32-acc9-dbcac32c8fb0@group-544F9978F1B0-SegmentedRaftLogWorker: Starting segment from index:0
2019-10-13 20:36:07,659 [grpc-default-executor-0] INFO  impl.RaftServerImpl (ServerState.java:setRaftConf(356)) - e01792a8-46ed-4ca8-a60f-6d1a93cc401d@group-544F9978F1B0: set configuration 0: [cb750453-8b40-4f32-acc9-dbcac32c8fb0:192.168.157.224:41870, e01792a8-46ed-4ca8-a60f-6d1a93cc401d:192.168.157.224:44597, 1005e3b9-d593-4d7b-8c15-245b252a84f0:192.168.157.224:32834], old=null at 0
2019-10-13 20:36:07,659 [grpc-default-executor-0] INFO  segmented.SegmentedRaftLogWorker (SegmentedRaftLogWorker.java:startLogSegment(385)) - e01792a8-46ed-4ca8-a60f-6d1a93cc401d@group-544F9978F1B0-SegmentedRaftLogWorker: Starting segment from index:0
2019-10-13 20:36:07,696 [e01792a8-46ed-4ca8-a60f-6d1a93cc401d@group-544F9978F1B0-SegmentedRaftLogWorker] INFO  segmented.SegmentedRaftLogWorker (SegmentedRaftLogWorker.java:execute(574)) - e01792a8-46ed-4ca8-a60f-6d1a93cc401d@group-544F9978F1B0-SegmentedRaftLogWorker: created new log segment /workdir/hadoop-ozone/integration-test/target/test-dir/MiniOzoneClusterImpl-7c68d9ae-3b3a-48f9-967d-a14322fa261f/datanode-5/data/ratis/911ca6fb-10b3-4f2f-b49f-544f9978f1b0/current/log_inprogress_0
2019-10-13 20:36:07,699 [cb750453-8b40-4f32-acc9-dbcac32c8fb0@group-544F9978F1B0-SegmentedRaftLogWorker] INFO  segmented.SegmentedRaftLogWorker (SegmentedRaftLogWorker.java:execute(574)) - cb750453-8b40-4f32-acc9-dbcac32c8fb0@group-544F9978F1B0-SegmentedRaftLogWorker: created new log segment /workdir/hadoop-ozone/integration-test/target/test-dir/MiniOzoneClusterImpl-7c68d9ae-3b3a-48f9-967d-a14322fa261f/datanode-4/data/ratis/911ca6fb-10b3-4f2f-b49f-544f9978f1b0/current/log_inprogress_0
2019-10-13 20:36:09,705 [grpc-default-executor-1] WARN  server.GrpcLogAppender (LogUtils.java:warn(134)) - 3194ff55-4fd6-4b20-b65d-8d8726a38cdd@group-0BB7D473782A->25fb0338-209f-4f69-825b-6b7257c56b18-AppendLogResponseHandler: Failed appendEntries: org.apache.ratis.thirdparty.io.grpc.StatusRuntimeException: UNAVAILABLE: io exception
2019-10-13 20:36:09,706 [grpc-default-executor-6] WARN  server.GrpcLogAppender (LogUtils.java:warn(134)) - 3194ff55-4fd6-4b20-b65d-8d8726a38cdd@group-0BB7D473782A->aadf9f79-694c-46a6-b55c-827d59c43739-AppendLogResponseHandler: Failed appendEntries: org.apache.ratis.thirdparty.io.grpc.StatusRuntimeException: UNAVAILABLE: io exception
2019-10-13 20:36:09,706 [grpc-default-executor-1] INFO  impl.FollowerInfo (FollowerInfo.java:lambda$new$0(51)) - 3194ff55-4fd6-4b20-b65d-8d8726a38cdd@group-0BB7D473782A->25fb0338-209f-4f69-825b-6b7257c56b18: nextIndex: updateUnconditionally 0 -> 0
2019-10-13 20:36:09,706 [grpc-default-executor-6] INFO  impl.FollowerInfo (FollowerInfo.java:lambda$new$0(51)) - 3194ff55-4fd6-4b20-b65d-8d8726a38cdd@group-0BB7D473782A->aadf9f79-694c-46a6-b55c-827d59c43739: nextIndex: updateUnconditionally 0 -> 0
2019-10-13 20:36:11,957 [Datanode State Machine Thread - 0] INFO  statemachine.DatanodeStateMachine (DatanodeStateMachine.java:lambda$startDaemon$0(350)) - Ozone container server started.
2019-10-13 20:36:11,958 [main] INFO  ozoneimpl.OzoneContainer (OzoneContainer.java:stop(227)) - Attempting to stop container services.
2019-10-13 20:36:11,959 [main] INFO  impl.RaftServerProxy (RaftServerProxy.java:lambda$close$4(314)) - d674a472-63db-487e-83ee-37e9251a237b: close
2019-10-13 20:36:11,960 [main] INFO  impl.RaftServerImpl (RaftServerImpl.java:lambda$shutdown$3(247)) - d674a472-63db-487e-83ee-37e9251a237b@group-857DC167E741: shutdown
2019-10-13 20:36:11,961 [main] INFO  util.JmxRegister (JmxRegister.java:unregister(73)) - Successfully un-registered JMX Bean with object name Ratis:service=RaftServer,group=group-857DC167E741,id=d674a472-63db-487e-83ee-37e9251a237b
2019-10-13 20:36:11,961 [main] INFO  impl.RoleInfo (RoleInfo.java:shutdownLeaderState(104)) - d674a472-63db-487e-83ee-37e9251a237b: shutdown LeaderState
2019-10-13 20:36:12,016 [main] INFO  impl.PendingRequests (PendingRequests.java:sendNotLeaderResponses(202)) - d674a472-63db-487e-83ee-37e9251a237b@group-857DC167E741-PendingRequests: sendNotLeaderResponses
2019-10-13 20:36:12,025 [org.apache.ratis.server.impl.LogAppender$AppenderDaemon$$Lambda$410/1668327777@62462b49] WARN  server.GrpcLogAppender (GrpcLogAppender.java:mayWait(143)) - d674a472-63db-487e-83ee-37e9251a237b@group-857DC167E741->d616a39f-6bf2-4a01-abc3-1d7644e726ce-GrpcLogAppender: Wait interrupted by java.lang.InterruptedException
2019-10-13 20:36:12,016 [org.apache.ratis.server.impl.LogAppender$AppenderDaemon$$Lambda$410/1668327777@29e4acd6] WARN  server.GrpcLogAppender (GrpcLogAppender.java:mayWait(143)) - d674a472-63db-487e-83ee-37e9251a237b@group-857DC167E741->8e79af81-6182-484d-86a0-25203e14f91e-GrpcLogAppender: Wait interrupted by java.lang.InterruptedException
2019-10-13 20:36:12,054 [d674a472-63db-487e-83ee-37e9251a237b@group-857DC167E741-StateMachineUpdater] INFO  ratis.ContainerStateMachine (ContainerStateMachine.java:takeSnapshot(294)) - group-857DC167E741: Taking a snapshot at:(t:1, i:2) file /workdir/hadoop-ozone/integration-test/target/test-dir/MiniOzoneClusterImpl-7c68d9ae-3b3a-48f9-967d-a14322fa261f/datanode-2/data/ratis/1d443bd3-00f8-4117-b56b-857dc167e741/sm/snapshot.1_2
2019-10-13 20:36:12,054 [main] INFO  impl.StateMachineUpdater (StateMachineUpdater.java:stopAndJoin(136)) - d674a472-63db-487e-83ee-37e9251a237b@group-857DC167E741-StateMachineUpdater: set stopIndex = 2
2019-10-13 20:36:12,054 [grpc-default-executor-0] INFO  server.GrpcServerProtocolService (GrpcServerProtocolService.java:onCompleted(113)) - 8e79af81-6182-484d-86a0-25203e14f91e: Completed APPEND_ENTRIES, lastRequest: d674a472-63db-487e-83ee-37e9251a237b->8e79af81-6182-484d-86a0-25203e14f91e#5-t1, previous=(t:1, i:2), leaderCommit=2, initializing? false, entries: <empty>
2019-10-13 20:36:12,054 [grpc-default-executor-6] INFO  server.GrpcServerProtocolService (GrpcServerProtocolService.java:onCompleted(113)) - d616a39f-6bf2-4a01-abc3-1d7644e726ce: Completed APPEND_ENTRIES, lastRequest: d674a472-63db-487e-83ee-37e9251a237b->d616a39f-6bf2-4a01-abc3-1d7644e726ce#5-t1, previous=(t:1, i:2), leaderCommit=2, initializing? false, entries: <empty>
2019-10-13 20:36:12,055 [grpc-default-executor-0] INFO  server.GrpcLogAppender (GrpcLogAppender.java:onCompleted(293)) - d674a472-63db-487e-83ee-37e9251a237b@group-857DC167E741->8e79af81-6182-484d-86a0-25203e14f91e-AppendLogResponseHandler: follower responses appendEntries COMPLETED
2019-10-13 20:36:12,055 [grpc-default-executor-6] INFO  server.GrpcLogAppender (GrpcLogAppender.java:onCompleted(293)) - d674a472-63db-487e-83ee-37e9251a237b@group-857DC167E741->d616a39f-6bf2-4a01-abc3-1d7644e726ce-AppendLogResponseHandler: follower responses appendEntries COMPLETED
2019-10-13 20:36:12,056 [grpc-default-executor-0] INFO  impl.FollowerInfo (FollowerInfo.java:lambda$new$0(51)) - d674a472-63db-487e-83ee-37e9251a237b@group-857DC167E741->8e79af81-6182-484d-86a0-25203e14f91e: nextIndex: updateUnconditionally 3 -> 2
2019-10-13 20:36:12,057 [grpc-default-executor-6] INFO  impl.FollowerInfo (FollowerInfo.java:lambda$new$0(51)) - d674a472-63db-487e-83ee-37e9251a237b@group-857DC167E741->d616a39f-6bf2-4a01-abc3-1d7644e726ce: nextIndex: updateUnconditionally 3 -> 2
2019-10-13 20:36:12,068 [d674a472-63db-487e-83ee-37e9251a237b@group-857DC167E741-StateMachineUpdater] INFO  ratis.ContainerStateMachine (ContainerStateMachine.java:takeSnapshot(305)) - group-857DC167E741: Finished taking a snapshot at:(t:1, i:2) file:/workdir/hadoop-ozone/integration-test/target/test-dir/MiniOzoneClusterImpl-7c68d9ae-3b3a-48f9-967d-a14322fa261f/datanode-2/data/ratis/1d443bd3-00f8-4117-b56b-857dc167e741/sm/snapshot.1_2 time:14
2019-10-13 20:36:12,068 [d674a472-63db-487e-83ee-37e9251a237b@group-857DC167E741-StateMachineUpdater] INFO  impl.StateMachineUpdater (StateMachineUpdater.java:takeSnapshot(269)) - d674a472-63db-487e-83ee-37e9251a237b@group-857DC167E741-StateMachineUpdater: Took a snapshot at index 2
2019-10-13 20:36:12,068 [d674a472-63db-487e-83ee-37e9251a237b@group-857DC167E741-StateMachineUpdater] INFO  impl.StateMachineUpdater (StateMachineUpdater.java:lambda$new$0(84)) - d674a472-63db-487e-83ee-37e9251a237b@group-857DC167E741-StateMachineUpdater: snapshotIndex: updateIncreasingly -1 -> 2
2019-10-13 20:36:12,069 [main] INFO  impl.RaftServerImpl (ServerState.java:close(387)) - d674a472-63db-487e-83ee-37e9251a237b@group-857DC167E741: closes. applyIndex: 2
2019-10-13 20:36:12,070 [d674a472-63db-487e-83ee-37e9251a237b@group-857DC167E741-SegmentedRaftLogWorker] INFO  segmented.SegmentedRaftLogWorker (SegmentedRaftLogWorker.java:run(316)) - d674a472-63db-487e-83ee-37e9251a237b@group-857DC167E741-SegmentedRaftLogWorker was interrupted, exiting. There are 0 tasks remaining in the queue.
2019-10-13 20:36:12,076 [main] INFO  segmented.SegmentedRaftLogWorker (SegmentedRaftLogWorker.java:close(224)) - d674a472-63db-487e-83ee-37e9251a237b@group-857DC167E741-SegmentedRaftLogWorker close()
2019-10-13 20:36:12,087 [main] INFO  impl.RaftServerImpl (RaftServerImpl.java:lambda$shutdown$3(247)) - d674a472-63db-487e-83ee-37e9251a237b@group-59DE64378F8C: shutdown
2019-10-13 20:36:12,087 [main] INFO  util.JmxRegister (JmxRegister.java:unregister(73)) - Successfully un-registered JMX Bean with object name Ratis:service=RaftServer,group=group-59DE64378F8C,id=d674a472-63db-487e-83ee-37e9251a237b
2019-10-13 20:36:12,088 [main] INFO  impl.RoleInfo (RoleInfo.java:shutdownLeaderState(104)) - d674a472-63db-487e-83ee-37e9251a237b: shutdown LeaderState
2019-10-13 20:36:12,088 [main] INFO  impl.PendingRequests (PendingRequests.java:sendNotLeaderResponses(202)) - d674a472-63db-487e-83ee-37e9251a237b@group-59DE64378F8C-PendingRequests: sendNotLeaderResponses
2019-10-13 20:36:12,089 [main] INFO  impl.StateMachineUpdater (StateMachineUpdater.java:stopAndJoin(136)) - d674a472-63db-487e-83ee-37e9251a237b@group-59DE64378F8C-StateMachineUpdater: set stopIndex = 0
2019-10-13 20:36:12,089 [main] INFO  impl.RaftServerImpl (ServerState.java:close(387)) - d674a472-63db-487e-83ee-37e9251a237b@group-59DE64378F8C: closes. applyIndex: 0
2019-10-13 20:36:12,090 [d674a472-63db-487e-83ee-37e9251a237b@group-59DE64378F8C-SegmentedRaftLogWorker] INFO  segmented.SegmentedRaftLogWorker (SegmentedRaftLogWorker.java:run(316)) - d674a472-63db-487e-83ee-37e9251a237b@group-59DE64378F8C-SegmentedRaftLogWorker was interrupted, exiting. There are 0 tasks remaining in the queue.
2019-10-13 20:36:12,095 [main] INFO  segmented.SegmentedRaftLogWorker (SegmentedRaftLogWorker.java:close(224)) - d674a472-63db-487e-83ee-37e9251a237b@group-59DE64378F8C-SegmentedRaftLogWorker close()
2019-10-13 20:36:12,121 [main] INFO  server.GrpcService (GrpcService.java:closeImpl(164)) - d674a472-63db-487e-83ee-37e9251a237b: shutdown server with port 38926 now
2019-10-13 20:36:12,123 [main] INFO  server.GrpcService (GrpcService.java:closeImpl(172)) - d674a472-63db-487e-83ee-37e9251a237b: shutdown server with port 38926 successfully
2019-10-13 20:36:12,127 [refreshUsed-/workdir/hadoop-ozone/integration-test/target/test-dir/MiniOzoneClusterImpl-7c68d9ae-3b3a-48f9-967d-a14322fa261f/datanode-2/data/containers] WARN  fs.CachingGetSpaceUsed (CachingGetSpaceUsed.java:run(183)) - Thread Interrupted waiting to refresh disk information: sleep interrupted
2019-10-13 20:36:12,152 [main] INFO  utils.BackgroundService (BackgroundService.java:shutdown(151)) - Shutting down service BlockDeletingService
2019-10-13 20:36:12,166 [main] INFO  statemachine.DatanodeStateMachine (DatanodeStateMachine.java:stopDaemon(395)) - Ozone container server stopped.
2019-10-13 20:36:12,168 [main] INFO  handler.ContextHandler (ContextHandler.java:doStop(910)) - Stopped o.e.j.w.WebAppContext@1fb2eec{/,null,UNAVAILABLE}{/hddsDatanode}
2019-10-13 20:36:12,169 [main] INFO  server.AbstractConnector (AbstractConnector.java:doStop(318)) - Stopped ServerConnector@4c18516{HTTP/1.1,[http/1.1]}{0.0.0.0:0}
2019-10-13 20:36:12,170 [main] INFO  handler.ContextHandler (ContextHandler.java:doStop(910)) - Stopped o.e.j.s.ServletContextHandler@1f916219{/static,jar:file:/home/user/.m2/repository/org/apache/hadoop/hadoop-hdds-container-service/0.5.0-SNAPSHOT/hadoop-hdds-container-service-0.5.0-SNAPSHOT.jar!/webapps/static,UNAVAILABLE}
2019-10-13 20:36:12,170 [main] INFO  handler.ContextHandler (ContextHandler.java:doStop(910)) - Stopped o.e.j.s.ServletContextHandler@257f30f7{/logs,file:///workdir/hadoop-ozone/integration-test/target/log,UNAVAILABLE}
2019-10-13 20:36:12,207 [grpc-default-executor-3] WARN  server.GrpcLogAppender (LogUtils.java:warn(134)) - 3194ff55-4fd6-4b20-b65d-8d8726a38cdd@group-0BB7D473782A->aadf9f79-694c-46a6-b55c-827d59c43739-AppendLogResponseHandler: Failed appendEntries: org.apache.ratis.thirdparty.io.grpc.StatusRuntimeException: UNAVAILABLE: io exception
2019-10-13 20:36:12,207 [grpc-default-executor-4] WARN  server.GrpcLogAppender (LogUtils.java:warn(134)) - 3194ff55-4fd6-4b20-b65d-8d8726a38cdd@group-0BB7D473782A->25fb0338-209f-4f69-825b-6b7257c56b18-AppendLogResponseHandler: Failed appendEntries: org.apache.ratis.thirdparty.io.grpc.StatusRuntimeException: UNAVAILABLE: io exception
2019-10-13 20:36:12,207 [grpc-default-executor-3] INFO  impl.FollowerInfo (FollowerInfo.java:lambda$new$0(51)) - 3194ff55-4fd6-4b20-b65d-8d8726a38cdd@group-0BB7D473782A->aadf9f79-694c-46a6-b55c-827d59c43739: nextIndex: updateUnconditionally 0 -> 0
2019-10-13 20:36:12,208 [grpc-default-executor-4] INFO  impl.FollowerInfo (FollowerInfo.java:lambda$new$0(51)) - 3194ff55-4fd6-4b20-b65d-8d8726a38cdd@group-0BB7D473782A->25fb0338-209f-4f69-825b-6b7257c56b18: nextIndex: updateUnconditionally 0 -> 0
2019-10-13 20:36:14,707 [grpc-default-executor-4] WARN  server.GrpcLogAppender (LogUtils.java:warn(134)) - 3194ff55-4fd6-4b20-b65d-8d8726a38cdd@group-0BB7D473782A->aadf9f79-694c-46a6-b55c-827d59c43739-AppendLogResponseHandler: Failed appendEntries: org.apache.ratis.thirdparty.io.grpc.StatusRuntimeException: UNAVAILABLE: io exception
2019-10-13 20:36:14,707 [grpc-default-executor-6] WARN  server.GrpcLogAppender (LogUtils.java:warn(134)) - 3194ff55-4fd6-4b20-b65d-8d8726a38cdd@group-0BB7D473782A->25fb0338-209f-4f69-825b-6b7257c56b18-AppendLogResponseHandler: Failed appendEntries: org.apache.ratis.thirdparty.io.grpc.StatusRuntimeException: UNAVAILABLE: io exception
2019-10-13 20:36:14,707 [grpc-default-executor-4] INFO  impl.FollowerInfo (FollowerInfo.java:lambda$new$0(51)) - 3194ff55-4fd6-4b20-b65d-8d8726a38cdd@group-0BB7D473782A->aadf9f79-694c-46a6-b55c-827d59c43739: nextIndex: updateUnconditionally 0 -> 0
2019-10-13 20:36:14,708 [grpc-default-executor-6] INFO  impl.FollowerInfo (FollowerInfo.java:lambda$new$0(51)) - 3194ff55-4fd6-4b20-b65d-8d8726a38cdd@group-0BB7D473782A->25fb0338-209f-4f69-825b-6b7257c56b18: nextIndex: updateUnconditionally 0 -> 0
2019-10-13 20:36:15,170 [EventQueue-StaleNodeForStaleNodeHandler] INFO  node.StaleNodeHandler (StaleNodeHandler.java:onMessage(58)) - Datanode 25fb0338-209f-4f69-825b-6b7257c56b18{ip: 192.168.157.224, host: pr-hdds-2290-dcfw8-3342134496, networkLocation: /default-rack, certSerialId: null} moved to stale state. Finalizing its pipelines [PipelineID=ded33819-f6ee-45cc-964c-0bb7d473782a, PipelineID=eb44b453-fd2e-463e-9fca-640584c8f1fe]
2019-10-13 20:36:15,171 [EventQueue-StaleNodeForStaleNodeHandler] INFO  pipeline.SCMPipelineManager (SCMPipelineManager.java:finalizeAndDestroyPipeline(315)) - destroying pipeline:Pipeline[ Id: ded33819-f6ee-45cc-964c-0bb7d473782a, Nodes: aadf9f79-694c-46a6-b55c-827d59c43739{ip: 192.168.157.224, host: pr-hdds-2290-dcfw8-3342134496, networkLocation: /default-rack, certSerialId: null}25fb0338-209f-4f69-825b-6b7257c56b18{ip: 192.168.157.224, host: pr-hdds-2290-dcfw8-3342134496, networkLocation: /default-rack, certSerialId: null}3194ff55-4fd6-4b20-b65d-8d8726a38cdd{ip: 192.168.157.224, host: pr-hdds-2290-dcfw8-3342134496, networkLocation: /default-rack, certSerialId: null}, Type:RATIS, Factor:THREE, State:CLOSED]
2019-10-13 20:36:15,171 [EventQueue-StaleNodeForStaleNodeHandler] INFO  pipeline.SCMPipelineManager (SCMPipelineManager.java:finalizeAndDestroyPipeline(315)) - destroying pipeline:Pipeline[ Id: eb44b453-fd2e-463e-9fca-640584c8f1fe, Nodes: 25fb0338-209f-4f69-825b-6b7257c56b18{ip: 192.168.157.224, host: pr-hdds-2290-dcfw8-3342134496, networkLocation: /default-rack, certSerialId: null}, Type:RATIS, Factor:ONE, State:OPEN]
2019-10-13 20:36:15,171 [EventQueue-StaleNodeForStaleNodeHandler] INFO  pipeline.PipelineStateManager (PipelineStateManager.java:finalizePipeline(123)) - Pipeline Pipeline[ Id: eb44b453-fd2e-463e-9fca-640584c8f1fe, Nodes: 25fb0338-209f-4f69-825b-6b7257c56b18{ip: 192.168.157.224, host: pr-hdds-2290-dcfw8-3342134496, networkLocation: /default-rack, certSerialId: null}, Type:RATIS, Factor:ONE, State:CLOSED] moved to CLOSED state
2019-10-13 20:36:15,584 [Thread-3261] INFO  client.GrpcClientProtocolService (GrpcClientProtocolService.java:lambda$processClientRequest$0(278)) - Failed RaftClientRequest:client-5040A19082C6->3194ff55-4fd6-4b20-b65d-8d8726a38cdd@group-0BB7D473782A, cid=52, seq=0, Watch-MAJORITY_COMMITTED(58), Message:<EMPTY>, reply=RaftClientReply:client-5040A19082C6->3194ff55-4fd6-4b20-b65d-8d8726a38cdd@group-0BB7D473782A, cid=52, FAILED org.apache.ratis.protocol.NotReplicatedException: Request with call Id 52 and log index 58 is not yet replicated to MAJORITY_COMMITTED, logIndex=58, commits[3194ff55-4fd6-4b20-b65d-8d8726a38cdd:c2, aadf9f79-694c-46a6-b55c-827d59c43739:c2, 25fb0338-209f-4f69-825b-6b7257c56b18:c2]
2019-10-13 20:36:17,208 [grpc-default-executor-6] WARN  server.GrpcLogAppender (LogUtils.java:warn(134)) - 3194ff55-4fd6-4b20-b65d-8d8726a38cdd@group-0BB7D473782A->aadf9f79-694c-46a6-b55c-827d59c43739-AppendLogResponseHandler: Failed appendEntries: org.apache.ratis.thirdparty.io.grpc.StatusRuntimeException: UNAVAILABLE: io exception
2019-10-13 20:36:17,208 [grpc-default-executor-4] WARN  server.GrpcLogAppender (LogUtils.java:warn(134)) - 3194ff55-4fd6-4b20-b65d-8d8726a38cdd@group-0BB7D473782A->25fb0338-209f-4f69-825b-6b7257c56b18-AppendLogResponseHandler: Failed appendEntries: org.apache.ratis.thirdparty.io.grpc.StatusRuntimeException: UNAVAILABLE: io exception
2019-10-13 20:36:17,217 [grpc-default-executor-6] INFO  impl.FollowerInfo (FollowerInfo.java:lambda$new$0(51)) - 3194ff55-4fd6-4b20-b65d-8d8726a38cdd@group-0BB7D473782A->aadf9f79-694c-46a6-b55c-827d59c43739: nextIndex: updateUnconditionally 0 -> 0
2019-10-13 20:36:17,217 [grpc-default-executor-4] INFO  impl.FollowerInfo (FollowerInfo.java:lambda$new$0(51)) - 3194ff55-4fd6-4b20-b65d-8d8726a38cdd@group-0BB7D473782A->25fb0338-209f-4f69-825b-6b7257c56b18: nextIndex: updateUnconditionally 0 -> 0
2019-10-13 20:36:19,708 [grpc-default-executor-0] WARN  server.GrpcLogAppender (LogUtils.java:warn(134)) - 3194ff55-4fd6-4b20-b65d-8d8726a38cdd@group-0BB7D473782A->25fb0338-209f-4f69-825b-6b7257c56b18-AppendLogResponseHandler: Failed appendEntries: org.apache.ratis.thirdparty.io.grpc.StatusRuntimeException: UNAVAILABLE: io exception
2019-10-13 20:36:19,708 [grpc-default-executor-5] WARN  server.GrpcLogAppender (LogUtils.java:warn(134)) - 3194ff55-4fd6-4b20-b65d-8d8726a38cdd@group-0BB7D473782A->aadf9f79-694c-46a6-b55c-827d59c43739-AppendLogResponseHandler: Failed appendEntries: org.apache.ratis.thirdparty.io.grpc.StatusRuntimeException: UNAVAILABLE: io exception
2019-10-13 20:36:19,708 [grpc-default-executor-0] INFO  impl.FollowerInfo (FollowerInfo.java:lambda$new$0(51)) - 3194ff55-4fd6-4b20-b65d-8d8726a38cdd@group-0BB7D473782A->25fb0338-209f-4f69-825b-6b7257c56b18: nextIndex: updateUnconditionally 0 -> 0
2019-10-13 20:36:19,708 [grpc-default-executor-5] INFO  impl.FollowerInfo (FollowerInfo.java:lambda$new$0(51)) - 3194ff55-4fd6-4b20-b65d-8d8726a38cdd@group-0BB7D473782A->aadf9f79-694c-46a6-b55c-827d59c43739: nextIndex: updateUnconditionally 0 -> 0
2019-10-13 20:36:20,099 [grpc-default-executor-5] INFO  impl.RaftServerProxy (RaftServerProxy.java:addNew(89)) - 1f8bf71d-5750-4f3e-864b-8c9fdfdbc5b4: addNew group-D61320C2BE03:[1f8bf71d-5750-4f3e-864b-8c9fdfdbc5b4:192.168.157.224:36814] returns group-D61320C2BE03:java.util.concurrent.CompletableFuture@7832fc18[Not completed]
2019-10-13 20:36:20,102 [pool-264-thread-1] INFO  impl.RaftServerImpl (RaftServerImpl.java:<init>(95)) - 1f8bf71d-5750-4f3e-864b-8c9fdfdbc5b4: new RaftServerImpl for group-D61320C2BE03:[1f8bf71d-5750-4f3e-864b-8c9fdfdbc5b4:192.168.157.224:36814] with ContainerStateMachine:uninitialized
2019-10-13 20:36:20,102 [pool-264-thread-1] INFO  server.RaftServerConfigKeys (ConfUtils.java:logGet(43)) - raft.server.rpc.timeout.min = 5s (custom)
2019-10-13 20:36:20,102 [pool-264-thread-1] INFO  server.RaftServerConfigKeys (ConfUtils.java:logGet(43)) - raft.server.rpc.timeout.max = 5200ms (custom)
2019-10-13 20:36:20,102 [pool-264-thread-1] INFO  server.RaftServerConfigKeys (ConfUtils.java:logGet(43)) - raft.server.rpcslowness.timeout = 120s (custom)
2019-10-13 20:36:20,103 [pool-264-thread-1] INFO  server.RaftServerConfigKeys (ConfUtils.java:logGet(43)) - raft.server.sleep.deviation.threshold = 300 (default)
2019-10-13 20:36:20,103 [pool-264-thread-1] INFO  server.RaftServerConfigKeys (ConfUtils.java:logGet(43)) - raft.server.log.appender.install.snapshot.enabled = false (custom)
2019-10-13 20:36:20,103 [pool-264-thread-1] INFO  impl.RaftServerImpl (ServerState.java:<init>(103)) - 1f8bf71d-5750-4f3e-864b-8c9fdfdbc5b4@group-D61320C2BE03: ConfigurationManager, init=-1: [1f8bf71d-5750-4f3e-864b-8c9fdfdbc5b4:192.168.157.224:36814], old=null, confs=<EMPTY_MAP>
2019-10-13 20:36:20,103 [pool-264-thread-1] INFO  server.RaftServerConfigKeys (ConfUtils.java:logGet(43)) - raft.server.storage.dir = [/workdir/hadoop-ozone/integration-test/target/test-dir/MiniOzoneClusterImpl-e735d883-6d8e-4d30-a8f4-26865d39708e/datanode-6/data/ratis] (custom)
2019-10-13 20:36:20,104 [pool-264-thread-1] INFO  server.RaftServerConfigKeys (ConfUtils.java:logGet(43)) - raft.server.log.corruption.policy = EXCEPTION (default)
2019-10-13 20:36:20,104 [pool-264-thread-1] INFO  storage.RaftStorageDirectory (RaftStorageDirectory.java:analyzeStorage(246)) - The storage directory /workdir/hadoop-ozone/integration-test/target/test-dir/MiniOzoneClusterImpl-e735d883-6d8e-4d30-a8f4-26865d39708e/datanode-6/data/ratis/ba276433-05c3-49fc-8a41-d61320c2be03 does not exist. Creating ...
2019-10-13 20:36:20,119 [pool-264-thread-1] INFO  storage.RaftStorageDirectory (RaftStorageDirectory.java:tryLock(328)) - Lock on /workdir/hadoop-ozone/integration-test/target/test-dir/MiniOzoneClusterImpl-e735d883-6d8e-4d30-a8f4-26865d39708e/datanode-6/data/ratis/ba276433-05c3-49fc-8a41-d61320c2be03/in_use.lock acquired by nodename 2755@pr-hdds-2290-dcfw8-3342134496
2019-10-13 20:36:20,134 [pool-264-thread-1] INFO  storage.RaftStorage (RaftStorage.java:format(84)) - Storage directory /workdir/hadoop-ozone/integration-test/target/test-dir/MiniOzoneClusterImpl-e735d883-6d8e-4d30-a8f4-26865d39708e/datanode-6/data/ratis/ba276433-05c3-49fc-8a41-d61320c2be03 has been successfully formatted.
2019-10-13 20:36:20,135 [pool-264-thread-1] INFO  ratis.ContainerStateMachine (ContainerStateMachine.java:loadSnapshot(231)) - group-D61320C2BE03: The snapshot info is null. Setting the last applied indexto:(t:0, i:~)
2019-10-13 20:36:20,135 [pool-264-thread-1] INFO  server.RaftServerConfigKeys (ConfUtils.java:logGet(43)) - raft.server.notification.no-leader.timeout = 120s (custom)
2019-10-13 20:36:20,135 [pool-264-thread-1] INFO  server.RaftServerConfigKeys (ConfUtils.java:logGet(43)) - raft.server.log.use.memory = false (default)
2019-10-13 20:36:20,135 [pool-264-thread-1] INFO  server.RaftServerConfigKeys (ConfUtils.java:logGet(43)) - raft.server.log.purge.gap = 1000000 (custom)
2019-10-13 20:36:20,135 [pool-264-thread-1] INFO  server.RaftServerConfigKeys (ConfUtils.java:logGet(43)) - raft.server.log.appender.buffer.byte-limit = 33554432 (custom)
2019-10-13 20:36:20,136 [pool-264-thread-1] INFO  server.RaftServerConfigKeys (ConfUtils.java:logGet(43)) - raft.server.log.segment.size.max = 1048576 (custom)
2019-10-13 20:36:20,138 [pool-264-thread-1] INFO  server.RaftServerConfigKeys (ConfUtils.java:logGet(43)) - raft.server.log.segment.cache.num.max = 2 (custom)
2019-10-13 20:36:20,139 [pool-264-thread-1] INFO  segmented.SegmentedRaftLogWorker (SegmentedRaftLogWorker.java:<init>(173)) - new 1f8bf71d-5750-4f3e-864b-8c9fdfdbc5b4@group-D61320C2BE03-SegmentedRaftLogWorker for RaftStorage:Storage Directory /workdir/hadoop-ozone/integration-test/target/test-dir/MiniOzoneClusterImpl-e735d883-6d8e-4d30-a8f4-26865d39708e/datanode-6/data/ratis/ba276433-05c3-49fc-8a41-d61320c2be03
2019-10-13 20:36:20,139 [pool-264-thread-1] INFO  server.RaftServerConfigKeys (ConfUtils.java:logGet(43)) - raft.server.log.queue.byte-limit = 2147483647 (custom)
2019-10-13 20:36:20,139 [pool-264-thread-1] INFO  server.RaftServerConfigKeys (ConfUtils.java:logGet(43)) - raft.server.log.queue.element-limit = 1024 (custom)
2019-10-13 20:36:20,139 [pool-264-thread-1] INFO  server.RaftServerConfigKeys (ConfUtils.java:logGet(43)) - raft.server.log.segment.size.max = 1048576 (custom)
2019-10-13 20:36:20,139 [pool-264-thread-1] INFO  server.RaftServerConfigKeys (ConfUtils.java:logGet(43)) - raft.server.log.preallocated.size = 16384 (custom)
2019-10-13 20:36:20,139 [pool-264-thread-1] INFO  server.RaftServerConfigKeys (ConfUtils.java:logGet(43)) - raft.server.log.write.buffer.size = 33554432 (custom)
2019-10-13 20:36:20,140 [pool-264-thread-1] INFO  server.RaftServerConfigKeys (ConfUtils.java:logGet(43)) - raft.server.log.force.sync.num = 128 (default)
2019-10-13 20:36:20,140 [pool-264-thread-1] INFO  server.RaftServerConfigKeys (ConfUtils.java:logGet(43)) - raft.server.log.statemachine.data.sync = true (default)
2019-10-13 20:36:20,140 [pool-264-thread-1] INFO  server.RaftServerConfigKeys (ConfUtils.java:logGet(43)) - raft.server.log.statemachine.data.sync.timeout = 10s (default)
2019-10-13 20:36:20,140 [pool-264-thread-1] INFO  server.RaftServerConfigKeys (ConfUtils.java:logGet(43)) - raft.server.log.statemachine.data.sync.timeout.retry = -1 (default)
2019-10-13 20:36:20,141 [pool-264-thread-1] INFO  server.RaftServerConfigKeys (ConfUtils.java:logGet(43)) - raft.server.log.statemachine.data.caching.enabled = true (custom)
2019-10-13 20:36:20,141 [pool-264-thread-1] INFO  segmented.SegmentedRaftLogWorker (SegmentedRaftLogWorker.java:lambda$new$0(128)) - 1f8bf71d-5750-4f3e-864b-8c9fdfdbc5b4@group-D61320C2BE03-SegmentedRaftLogWorker: flushIndex: setUnconditionally 0 -> -1
2019-10-13 20:36:20,141 [pool-264-thread-1] INFO  server.RaftServerConfigKeys (ConfUtils.java:logGet(43)) - raft.server.snapshot.auto.trigger.enabled = true (custom)
2019-10-13 20:36:20,142 [pool-264-thread-1] INFO  server.RaftServerConfigKeys (ConfUtils.java:logGet(43)) - raft.server.snapshot.auto.trigger.threshold = 10000 (custom)
2019-10-13 20:36:20,142 [pool-264-thread-1] INFO  server.RaftServerConfigKeys (ConfUtils.java:logGet(43)) - raft.server.snapshot.retention.file.num = 5 (custom)
2019-10-13 20:36:20,142 [pool-264-thread-1] INFO  server.RaftServerConfigKeys (ConfUtils.java:logGet(43)) - raft.server.retrycache.expirytime = 600000ms (custom)
2019-10-13 20:36:20,144 [pool-264-thread-1] INFO  impl.RaftServerImpl (RaftServerImpl.java:start(181)) - 1f8bf71d-5750-4f3e-864b-8c9fdfdbc5b4@group-D61320C2BE03: start as a follower, conf=-1: [1f8bf71d-5750-4f3e-864b-8c9fdfdbc5b4:192.168.157.224:36814], old=null
2019-10-13 20:36:20,144 [pool-264-thread-1] INFO  impl.RaftServerImpl (RaftServerImpl.java:setRole(170)) - 1f8bf71d-5750-4f3e-864b-8c9fdfdbc5b4@group-D61320C2BE03: changes role from      null to FOLLOWER at term 0 for startAsFollower
2019-10-13 20:36:20,144 [pool-264-thread-1] INFO  impl.RoleInfo (RoleInfo.java:updateAndGet(143)) - 1f8bf71d-5750-4f3e-864b-8c9fdfdbc5b4: start FollowerState
2019-10-13 20:36:20,144 [pool-264-thread-1] INFO  util.JmxRegister (JmxRegister.java:tryRegister(44)) - Successfully registered JMX Bean with object name Ratis:service=RaftServer,group=group-D61320C2BE03,id=1f8bf71d-5750-4f3e-864b-8c9fdfdbc5b4
2019-10-13 20:36:20,148 [RatisPipelineUtilsThread] INFO  pipeline.PipelineStateManager (PipelineStateManager.java:addPipeline(56)) - Created pipeline Pipeline[ Id: ba276433-05c3-49fc-8a41-d61320c2be03, Nodes: 1f8bf71d-5750-4f3e-864b-8c9fdfdbc5b4{ip: 192.168.157.224, host: pr-hdds-2290-dcfw8-3342134496, networkLocation: /default-rack, certSerialId: null}, Type:RATIS, Factor:ONE, State:OPEN]
2019-10-13 20:36:22,011 [Thread-3113] INFO  impl.FollowerState (FollowerState.java:run(108)) - d616a39f-6bf2-4a01-abc3-1d7644e726ce@group-857DC167E741-FollowerState: change to CANDIDATE, lastRpcTime:10185ms, electionTimeout:5104ms
2019-10-13 20:36:22,011 [Thread-3113] INFO  impl.RoleInfo (RoleInfo.java:shutdownFollowerState(121)) - d616a39f-6bf2-4a01-abc3-1d7644e726ce: shutdown FollowerState
2019-10-13 20:36:22,011 [Thread-3113] INFO  impl.RaftServerImpl (RaftServerImpl.java:setRole(170)) - d616a39f-6bf2-4a01-abc3-1d7644e726ce@group-857DC167E741: changes role from  FOLLOWER to CANDIDATE at term 1 for changeToCandidate
2019-10-13 20:36:22,011 [Thread-3113] INFO  impl.RoleInfo (RoleInfo.java:updateAndGet(143)) - d616a39f-6bf2-4a01-abc3-1d7644e726ce: start LeaderElection
2019-10-13 20:36:22,012 [d616a39f-6bf2-4a01-abc3-1d7644e726ce@group-857DC167E741-LeaderElection90] INFO  impl.RaftServerImpl (ServerState.java:setLeader(255)) - d616a39f-6bf2-4a01-abc3-1d7644e726ce@group-857DC167E741: change Leader from d674a472-63db-487e-83ee-37e9251a237b to null at term 1 for initElection
2019-10-13 20:36:22,023 [Thread-3124] INFO  impl.FollowerState (FollowerState.java:run(108)) - 8e79af81-6182-484d-86a0-25203e14f91e@group-857DC167E741-FollowerState: change to CANDIDATE, lastRpcTime:10214ms, electionTimeout:5154ms
2019-10-13 20:36:22,023 [Thread-3124] INFO  impl.RoleInfo (RoleInfo.java:shutdownFollowerState(121)) - 8e79af81-6182-484d-86a0-25203e14f91e: shutdown FollowerState
2019-10-13 20:36:22,023 [Thread-3124] INFO  impl.RaftServerImpl (RaftServerImpl.java:setRole(170)) - 8e79af81-6182-484d-86a0-25203e14f91e@group-857DC167E741: changes role from  FOLLOWER to CANDIDATE at term 1 for changeToCandidate
2019-10-13 20:36:22,023 [Thread-3124] INFO  impl.RoleInfo (RoleInfo.java:updateAndGet(143)) - 8e79af81-6182-484d-86a0-25203e14f91e: start LeaderElection
2019-10-13 20:36:22,024 [8e79af81-6182-484d-86a0-25203e14f91e@group-857DC167E741-LeaderElection91] INFO  impl.RaftServerImpl (ServerState.java:setLeader(255)) - 8e79af81-6182-484d-86a0-25203e14f91e@group-857DC167E741: change Leader from d674a472-63db-487e-83ee-37e9251a237b to null at term 1 for initElection
2019-10-13 20:36:22,027 [d616a39f-6bf2-4a01-abc3-1d7644e726ce@group-857DC167E741-LeaderElection90] INFO  impl.LeaderElection (LeaderElection.java:askForVotes(178)) - d616a39f-6bf2-4a01-abc3-1d7644e726ce@group-857DC167E741-LeaderElection90: begin an election at term 2 for 0: [d674a472-63db-487e-83ee-37e9251a237b:192.168.157.224:38926, d616a39f-6bf2-4a01-abc3-1d7644e726ce:192.168.157.224:32974, 8e79af81-6182-484d-86a0-25203e14f91e:192.168.157.224:43198], old=null
2019-10-13 20:36:22,029 [d616a39f-6bf2-4a01-abc3-1d7644e726ce@group-857DC167E741-LeaderElection90] INFO  impl.LeaderElection (LogUtils.java:infoOrTrace(149)) - d616a39f-6bf2-4a01-abc3-1d7644e726ce@group-857DC167E741-LeaderElection90 got exception when requesting votes: {}
java.util.concurrent.ExecutionException: org.apache.ratis.thirdparty.io.grpc.StatusRuntimeException: UNAVAILABLE: io exception
	at java.util.concurrent.FutureTask.report(FutureTask.java:122)
	at java.util.concurrent.FutureTask.get(FutureTask.java:192)
	at org.apache.ratis.server.impl.LeaderElection.waitForResults(LeaderElection.java:259)
	at org.apache.ratis.server.impl.LeaderElection.askForVotes(LeaderElection.java:197)
	at org.apache.ratis.server.impl.LeaderElection.run(LeaderElection.java:133)
	at java.lang.Thread.run(Thread.java:748)
Caused by: org.apache.ratis.thirdparty.io.grpc.StatusRuntimeException: UNAVAILABLE: io exception
	at org.apache.ratis.thirdparty.io.grpc.stub.ClientCalls.toStatusRuntimeException(ClientCalls.java:233)
	at org.apache.ratis.thirdparty.io.grpc.stub.ClientCalls.getUnchecked(ClientCalls.java:214)
	at org.apache.ratis.thirdparty.io.grpc.stub.ClientCalls.blockingUnaryCall(ClientCalls.java:139)
	at org.apache.ratis.proto.grpc.RaftServerProtocolServiceGrpc$RaftServerProtocolServiceBlockingStub.requestVote(RaftServerProtocolServiceGrpc.java:265)
	at org.apache.ratis.grpc.server.GrpcServerProtocolClient.requestVote(GrpcServerProtocolClient.java:99)
	at org.apache.ratis.grpc.server.GrpcService.requestVote(GrpcService.java:204)
	at org.apache.ratis.server.impl.LeaderElection.lambda$submitRequests$1(LeaderElection.java:234)
	at java.util.concurrent.FutureTask.run(FutureTask.java:266)
	at java.util.concurrent.Executors$RunnableAdapter.call(Executors.java:511)
	at java.util.concurrent.FutureTask.run(FutureTask.java:266)
	at java.util.concurrent.ThreadPoolExecutor.runWorker(ThreadPoolExecutor.java:1149)
	at java.util.concurrent.ThreadPoolExecutor$Worker.run(ThreadPoolExecutor.java:624)
	... 1 more
Caused by: org.apache.ratis.thirdparty.io.netty.channel.AbstractChannel$AnnotatedConnectException: Connection refused: /192.168.157.224:38926
	at sun.nio.ch.SocketChannelImpl.checkConnect(Native Method)
	at sun.nio.ch.SocketChannelImpl.finishConnect(SocketChannelImpl.java:717)
	at org.apache.ratis.thirdparty.io.netty.channel.socket.nio.NioSocketChannel.doFinishConnect(NioSocketChannel.java:327)
	at org.apache.ratis.thirdparty.io.netty.channel.nio.AbstractNioChannel$AbstractNioUnsafe.finishConnect(AbstractNioChannel.java:340)
	at org.apache.ratis.thirdparty.io.netty.channel.nio.NioEventLoop.processSelectedKey(NioEventLoop.java:632)
	at org.apache.ratis.thirdparty.io.netty.channel.nio.NioEventLoop.processSelectedKeysOptimized(NioEventLoop.java:579)
	at org.apache.ratis.thirdparty.io.netty.channel.nio.NioEventLoop.processSelectedKeys(NioEventLoop.java:496)
	at org.apache.ratis.thirdparty.io.netty.channel.nio.NioEventLoop.run(NioEventLoop.java:458)
	at org.apache.ratis.thirdparty.io.netty.util.concurrent.SingleThreadEventExecutor$5.run(SingleThreadEventExecutor.java:897)
	at org.apache.ratis.thirdparty.io.netty.util.concurrent.FastThreadLocalRunnable.run(FastThreadLocalRunnable.java:30)
	... 1 more
Caused by: java.net.ConnectException: Connection refused
	... 11 more
2019-10-13 20:36:22,041 [8e79af81-6182-484d-86a0-25203e14f91e@group-857DC167E741-LeaderElection91] INFO  impl.LeaderElection (LeaderElection.java:askForVotes(178)) - 8e79af81-6182-484d-86a0-25203e14f91e@group-857DC167E741-LeaderElection91: begin an election at term 2 for 0: [d674a472-63db-487e-83ee-37e9251a237b:192.168.157.224:38926, d616a39f-6bf2-4a01-abc3-1d7644e726ce:192.168.157.224:32974, 8e79af81-6182-484d-86a0-25203e14f91e:192.168.157.224:43198], old=null
2019-10-13 20:36:22,043 [8e79af81-6182-484d-86a0-25203e14f91e@group-857DC167E741-LeaderElection91] INFO  impl.LeaderElection (LogUtils.java:infoOrTrace(149)) - 8e79af81-6182-484d-86a0-25203e14f91e@group-857DC167E741-LeaderElection91 got exception when requesting votes: {}
java.util.concurrent.ExecutionException: org.apache.ratis.thirdparty.io.grpc.StatusRuntimeException: UNAVAILABLE: io exception
	at java.util.concurrent.FutureTask.report(FutureTask.java:122)
	at java.util.concurrent.FutureTask.get(FutureTask.java:192)
	at org.apache.ratis.server.impl.LeaderElection.waitForResults(LeaderElection.java:259)
	at org.apache.ratis.server.impl.LeaderElection.askForVotes(LeaderElection.java:197)
	at org.apache.ratis.server.impl.LeaderElection.run(LeaderElection.java:133)
	at java.lang.Thread.run(Thread.java:748)
Caused by: org.apache.ratis.thirdparty.io.grpc.StatusRuntimeException: UNAVAILABLE: io exception
	at org.apache.ratis.thirdparty.io.grpc.stub.ClientCalls.toStatusRuntimeException(ClientCalls.java:233)
	at org.apache.ratis.thirdparty.io.grpc.stub.ClientCalls.getUnchecked(ClientCalls.java:214)
	at org.apache.ratis.thirdparty.io.grpc.stub.ClientCalls.blockingUnaryCall(ClientCalls.java:139)
	at org.apache.ratis.proto.grpc.RaftServerProtocolServiceGrpc$RaftServerProtocolServiceBlockingStub.requestVote(RaftServerProtocolServiceGrpc.java:265)
	at org.apache.ratis.grpc.server.GrpcServerProtocolClient.requestVote(GrpcServerProtocolClient.java:99)
	at org.apache.ratis.grpc.server.GrpcService.requestVote(GrpcService.java:204)
	at org.apache.ratis.server.impl.LeaderElection.lambda$submitRequests$1(LeaderElection.java:234)
	at java.util.concurrent.FutureTask.run(FutureTask.java:266)
	at java.util.concurrent.Executors$RunnableAdapter.call(Executors.java:511)
	at java.util.concurrent.FutureTask.run(FutureTask.java:266)
	at java.util.concurrent.ThreadPoolExecutor.runWorker(ThreadPoolExecutor.java:1149)
	at java.util.concurrent.ThreadPoolExecutor$Worker.run(ThreadPoolExecutor.java:624)
	... 1 more
Caused by: org.apache.ratis.thirdparty.io.netty.channel.AbstractChannel$AnnotatedConnectException: Connection refused: /192.168.157.224:38926
	at sun.nio.ch.SocketChannelImpl.checkConnect(Native Method)
	at sun.nio.ch.SocketChannelImpl.finishConnect(SocketChannelImpl.java:717)
	at org.apache.ratis.thirdparty.io.netty.channel.socket.nio.NioSocketChannel.doFinishConnect(NioSocketChannel.java:327)
	at org.apache.ratis.thirdparty.io.netty.channel.nio.AbstractNioChannel$AbstractNioUnsafe.finishConnect(AbstractNioChannel.java:340)
	at org.apache.ratis.thirdparty.io.netty.channel.nio.NioEventLoop.processSelectedKey(NioEventLoop.java:632)
	at org.apache.ratis.thirdparty.io.netty.channel.nio.NioEventLoop.processSelectedKeysOptimized(NioEventLoop.java:579)
	at org.apache.ratis.thirdparty.io.netty.channel.nio.NioEventLoop.processSelectedKeys(NioEventLoop.java:496)
	at org.apache.ratis.thirdparty.io.netty.channel.nio.NioEventLoop.run(NioEventLoop.java:458)
	at org.apache.ratis.thirdparty.io.netty.util.concurrent.SingleThreadEventExecutor$5.run(SingleThreadEventExecutor.java:897)
	at org.apache.ratis.thirdparty.io.netty.util.concurrent.FastThreadLocalRunnable.run(FastThreadLocalRunnable.java:30)
	... 1 more
Caused by: java.net.ConnectException: Connection refused
	... 11 more
2019-10-13 20:36:22,043 [d616a39f-6bf2-4a01-abc3-1d7644e726ce@group-857DC167E741-LeaderElection90] INFO  impl.LeaderElection (LeaderElection.java:logAndReturn(56)) - d616a39f-6bf2-4a01-abc3-1d7644e726ce@group-857DC167E741-LeaderElection90: Election REJECTED; received 1 response(s) [d616a39f-6bf2-4a01-abc3-1d7644e726ce<-8e79af81-6182-484d-86a0-25203e14f91e#0:FAIL-t2] and 1 exception(s); d616a39f-6bf2-4a01-abc3-1d7644e726ce@group-857DC167E741:t2, leader=null, voted=d616a39f-6bf2-4a01-abc3-1d7644e726ce, raftlog=d616a39f-6bf2-4a01-abc3-1d7644e726ce@group-857DC167E741-SegmentedRaftLog:OPENED:c2,f2,i2, conf=0: [d674a472-63db-487e-83ee-37e9251a237b:192.168.157.224:38926, d616a39f-6bf2-4a01-abc3-1d7644e726ce:192.168.157.224:32974, 8e79af81-6182-484d-86a0-25203e14f91e:192.168.157.224:43198], old=null
2019-10-13 20:36:22,050 [d616a39f-6bf2-4a01-abc3-1d7644e726ce@group-857DC167E741-LeaderElection90] INFO  impl.LeaderElection (LogUtils.java:infoOrTrace(149)) -   Exception 0: {}
java.util.concurrent.ExecutionException: org.apache.ratis.thirdparty.io.grpc.StatusRuntimeException: UNAVAILABLE: io exception
	at java.util.concurrent.FutureTask.report(FutureTask.java:122)
	at java.util.concurrent.FutureTask.get(FutureTask.java:192)
	at org.apache.ratis.server.impl.LeaderElection.waitForResults(LeaderElection.java:259)
	at org.apache.ratis.server.impl.LeaderElection.askForVotes(LeaderElection.java:197)
	at org.apache.ratis.server.impl.LeaderElection.run(LeaderElection.java:133)
	at java.lang.Thread.run(Thread.java:748)
Caused by: org.apache.ratis.thirdparty.io.grpc.StatusRuntimeException: UNAVAILABLE: io exception
	at org.apache.ratis.thirdparty.io.grpc.stub.ClientCalls.toStatusRuntimeException(ClientCalls.java:233)
	at org.apache.ratis.thirdparty.io.grpc.stub.ClientCalls.getUnchecked(ClientCalls.java:214)
	at org.apache.ratis.thirdparty.io.grpc.stub.ClientCalls.blockingUnaryCall(ClientCalls.java:139)
	at org.apache.ratis.proto.grpc.RaftServerProtocolServiceGrpc$RaftServerProtocolServiceBlockingStub.requestVote(RaftServerProtocolServiceGrpc.java:265)
	at org.apache.ratis.grpc.server.GrpcServerProtocolClient.requestVote(GrpcServerProtocolClient.java:99)
	at org.apache.ratis.grpc.server.GrpcService.requestVote(GrpcService.java:204)
	at org.apache.ratis.server.impl.LeaderElection.lambda$submitRequests$1(LeaderElection.java:234)
	at java.util.concurrent.FutureTask.run(FutureTask.java:266)
	at java.util.concurrent.Executors$RunnableAdapter.call(Executors.java:511)
	at java.util.concurrent.FutureTask.run(FutureTask.java:266)
	at java.util.concurrent.ThreadPoolExecutor.runWorker(ThreadPoolExecutor.java:1149)
	at java.util.concurrent.ThreadPoolExecutor$Worker.run(ThreadPoolExecutor.java:624)
	... 1 more
Caused by: org.apache.ratis.thirdparty.io.netty.channel.AbstractChannel$AnnotatedConnectException: Connection refused: /192.168.157.224:38926
	at sun.nio.ch.SocketChannelImpl.checkConnect(Native Method)
	at sun.nio.ch.SocketChannelImpl.finishConnect(SocketChannelImpl.java:717)
	at org.apache.ratis.thirdparty.io.netty.channel.socket.nio.NioSocketChannel.doFinishConnect(NioSocketChannel.java:327)
	at org.apache.ratis.thirdparty.io.netty.channel.nio.AbstractNioChannel$AbstractNioUnsafe.finishConnect(AbstractNioChannel.java:340)
	at org.apache.ratis.thirdparty.io.netty.channel.nio.NioEventLoop.processSelectedKey(NioEventLoop.java:632)
	at org.apache.ratis.thirdparty.io.netty.channel.nio.NioEventLoop.processSelectedKeysOptimized(NioEventLoop.java:579)
	at org.apache.ratis.thirdparty.io.netty.channel.nio.NioEventLoop.processSelectedKeys(NioEventLoop.java:496)
	at org.apache.ratis.thirdparty.io.netty.channel.nio.NioEventLoop.run(NioEventLoop.java:458)
	at org.apache.ratis.thirdparty.io.netty.util.concurrent.SingleThreadEventExecutor$5.run(SingleThreadEventExecutor.java:897)
	at org.apache.ratis.thirdparty.io.netty.util.concurrent.FastThreadLocalRunnable.run(FastThreadLocalRunnable.java:30)
	... 1 more
Caused by: java.net.ConnectException: Connection refused
	... 11 more
2019-10-13 20:36:22,050 [8e79af81-6182-484d-86a0-25203e14f91e@group-857DC167E741-LeaderElection91] INFO  impl.LeaderElection (LeaderElection.java:logAndReturn(56)) - 8e79af81-6182-484d-86a0-25203e14f91e@group-857DC167E741-LeaderElection91: Election REJECTED; received 1 response(s) [8e79af81-6182-484d-86a0-25203e14f91e<-d616a39f-6bf2-4a01-abc3-1d7644e726ce#0:FAIL-t2] and 1 exception(s); 8e79af81-6182-484d-86a0-25203e14f91e@group-857DC167E741:t2, leader=null, voted=8e79af81-6182-484d-86a0-25203e14f91e, raftlog=8e79af81-6182-484d-86a0-25203e14f91e@group-857DC167E741-SegmentedRaftLog:OPENED:c2,f2,i2, conf=0: [d674a472-63db-487e-83ee-37e9251a237b:192.168.157.224:38926, d616a39f-6bf2-4a01-abc3-1d7644e726ce:192.168.157.224:32974, 8e79af81-6182-484d-86a0-25203e14f91e:192.168.157.224:43198], old=null
2019-10-13 20:36:22,056 [8e79af81-6182-484d-86a0-25203e14f91e@group-857DC167E741-LeaderElection91] INFO  impl.LeaderElection (LogUtils.java:infoOrTrace(149)) -   Exception 0: {}
java.util.concurrent.ExecutionException: org.apache.ratis.thirdparty.io.grpc.StatusRuntimeException: UNAVAILABLE: io exception
	at java.util.concurrent.FutureTask.report(FutureTask.java:122)
	at java.util.concurrent.FutureTask.get(FutureTask.java:192)
	at org.apache.ratis.server.impl.LeaderElection.waitForResults(LeaderElection.java:259)
	at org.apache.ratis.server.impl.LeaderElection.askForVotes(LeaderElection.java:197)
	at org.apache.ratis.server.impl.LeaderElection.run(LeaderElection.java:133)
	at java.lang.Thread.run(Thread.java:748)
Caused by: org.apache.ratis.thirdparty.io.grpc.StatusRuntimeException: UNAVAILABLE: io exception
	at org.apache.ratis.thirdparty.io.grpc.stub.ClientCalls.toStatusRuntimeException(ClientCalls.java:233)
	at org.apache.ratis.thirdparty.io.grpc.stub.ClientCalls.getUnchecked(ClientCalls.java:214)
	at org.apache.ratis.thirdparty.io.grpc.stub.ClientCalls.blockingUnaryCall(ClientCalls.java:139)
	at org.apache.ratis.proto.grpc.RaftServerProtocolServiceGrpc$RaftServerProtocolServiceBlockingStub.requestVote(RaftServerProtocolServiceGrpc.java:265)
	at org.apache.ratis.grpc.server.GrpcServerProtocolClient.requestVote(GrpcServerProtocolClient.java:99)
	at org.apache.ratis.grpc.server.GrpcService.requestVote(GrpcService.java:204)
	at org.apache.ratis.server.impl.LeaderElection.lambda$submitRequests$1(LeaderElection.java:234)
	at java.util.concurrent.FutureTask.run(FutureTask.java:266)
	at java.util.concurrent.Executors$RunnableAdapter.call(Executors.java:511)
	at java.util.concurrent.FutureTask.run(FutureTask.java:266)
	at java.util.concurrent.ThreadPoolExecutor.runWorker(ThreadPoolExecutor.java:1149)
	at java.util.concurrent.ThreadPoolExecutor$Worker.run(ThreadPoolExecutor.java:624)
	... 1 more
Caused by: org.apache.ratis.thirdparty.io.netty.channel.AbstractChannel$AnnotatedConnectException: Connection refused: /192.168.157.224:38926
	at sun.nio.ch.SocketChannelImpl.checkConnect(Native Method)
	at sun.nio.ch.SocketChannelImpl.finishConnect(SocketChannelImpl.java:717)
	at org.apache.ratis.thirdparty.io.netty.channel.socket.nio.NioSocketChannel.doFinishConnect(NioSocketChannel.java:327)
	at org.apache.ratis.thirdparty.io.netty.channel.nio.AbstractNioChannel$AbstractNioUnsafe.finishConnect(AbstractNioChannel.java:340)
	at org.apache.ratis.thirdparty.io.netty.channel.nio.NioEventLoop.processSelectedKey(NioEventLoop.java:632)
	at org.apache.ratis.thirdparty.io.netty.channel.nio.NioEventLoop.processSelectedKeysOptimized(NioEventLoop.java:579)
	at org.apache.ratis.thirdparty.io.netty.channel.nio.NioEventLoop.processSelectedKeys(NioEventLoop.java:496)
	at org.apache.ratis.thirdparty.io.netty.channel.nio.NioEventLoop.run(NioEventLoop.java:458)
	at org.apache.ratis.thirdparty.io.netty.util.concurrent.SingleThreadEventExecutor$5.run(SingleThreadEventExecutor.java:897)
	at org.apache.ratis.thirdparty.io.netty.util.concurrent.FastThreadLocalRunnable.run(FastThreadLocalRunnable.java:30)
	... 1 more
Caused by: java.net.ConnectException: Connection refused
	... 11 more
2019-10-13 20:36:22,050 [d616a39f-6bf2-4a01-abc3-1d7644e726ce@group-857DC167E741-LeaderElection90] INFO  impl.RaftServerImpl (RaftServerImpl.java:setRole(170)) - d616a39f-6bf2-4a01-abc3-1d7644e726ce@group-857DC167E741: changes role from CANDIDATE to FOLLOWER at term 2 for DISCOVERED_A_NEW_TERM
2019-10-13 20:36:22,056 [8e79af81-6182-484d-86a0-25203e14f91e@group-857DC167E741-LeaderElection91] INFO  impl.RaftServerImpl (RaftServerImpl.java:setRole(170)) - 8e79af81-6182-484d-86a0-25203e14f91e@group-857DC167E741: changes role from CANDIDATE to FOLLOWER at term 2 for DISCOVERED_A_NEW_TERM
2019-10-13 20:36:22,063 [d616a39f-6bf2-4a01-abc3-1d7644e726ce@group-857DC167E741-LeaderElection90] INFO  impl.RoleInfo (RoleInfo.java:shutdownLeaderElection(134)) - d616a39f-6bf2-4a01-abc3-1d7644e726ce: shutdown LeaderElection
2019-10-13 20:36:22,063 [8e79af81-6182-484d-86a0-25203e14f91e@group-857DC167E741-LeaderElection91] INFO  impl.RoleInfo (RoleInfo.java:shutdownLeaderElection(134)) - 8e79af81-6182-484d-86a0-25203e14f91e: shutdown LeaderElection
2019-10-13 20:36:22,063 [d616a39f-6bf2-4a01-abc3-1d7644e726ce@group-857DC167E741-LeaderElection90] INFO  impl.RoleInfo (RoleInfo.java:updateAndGet(143)) - d616a39f-6bf2-4a01-abc3-1d7644e726ce: start FollowerState
2019-10-13 20:36:22,063 [8e79af81-6182-484d-86a0-25203e14f91e@group-857DC167E741-LeaderElection91] INFO  impl.RoleInfo (RoleInfo.java:updateAndGet(143)) - 8e79af81-6182-484d-86a0-25203e14f91e: start FollowerState
2019-10-13 20:36:22,209 [grpc-default-executor-6] WARN  server.GrpcLogAppender (LogUtils.java:warn(134)) - 3194ff55-4fd6-4b20-b65d-8d8726a38cdd@group-0BB7D473782A->25fb0338-209f-4f69-825b-6b7257c56b18-AppendLogResponseHandler: Failed appendEntries: org.apache.ratis.thirdparty.io.grpc.StatusRuntimeException: UNAVAILABLE: io exception
2019-10-13 20:36:22,209 [grpc-default-executor-3] WARN  server.GrpcLogAppender (LogUtils.java:warn(134)) - 3194ff55-4fd6-4b20-b65d-8d8726a38cdd@group-0BB7D473782A->aadf9f79-694c-46a6-b55c-827d59c43739-AppendLogResponseHandler: Failed appendEntries: org.apache.ratis.thirdparty.io.grpc.StatusRuntimeException: UNAVAILABLE: io exception
2019-10-13 20:36:22,209 [grpc-default-executor-6] INFO  impl.FollowerInfo (FollowerInfo.java:lambda$new$0(51)) - 3194ff55-4fd6-4b20-b65d-8d8726a38cdd@group-0BB7D473782A->25fb0338-209f-4f69-825b-6b7257c56b18: nextIndex: updateUnconditionally 0 -> 0
2019-10-13 20:36:22,209 [grpc-default-executor-3] INFO  impl.FollowerInfo (FollowerInfo.java:lambda$new$0(51)) - 3194ff55-4fd6-4b20-b65d-8d8726a38cdd@group-0BB7D473782A->aadf9f79-694c-46a6-b55c-827d59c43739: nextIndex: updateUnconditionally 0 -> 0
]]></system-out>
    <system-err><![CDATA[Oct 13, 2019 8:35:58 PM org.apache.ratis.thirdparty.io.grpc.internal.ManagedChannelOrphanWrapper$ManagedChannelReference cleanQueue
SEVERE: *~*~*~ Channel ManagedChannelImpl{logId=1203, target=192.168.157.224:34915} was not shutdown properly!!! ~*~*~*
    Make sure to call shutdown()/shutdownNow() and wait until awaitTermination() returns true.
java.lang.RuntimeException: ManagedChannel allocation site
	at org.apache.ratis.thirdparty.io.grpc.internal.ManagedChannelOrphanWrapper$ManagedChannelReference.<init>(ManagedChannelOrphanWrapper.java:103)
	at org.apache.ratis.thirdparty.io.grpc.internal.ManagedChannelOrphanWrapper.<init>(ManagedChannelOrphanWrapper.java:53)
	at org.apache.ratis.thirdparty.io.grpc.internal.ManagedChannelOrphanWrapper.<init>(ManagedChannelOrphanWrapper.java:44)
	at org.apache.ratis.thirdparty.io.grpc.internal.AbstractManagedChannelImplBuilder.build(AbstractManagedChannelImplBuilder.java:411)
	at org.apache.ratis.grpc.client.GrpcClientProtocolClient.<init>(GrpcClientProtocolClient.java:128)
	at org.apache.ratis.grpc.client.GrpcClientRpc.lambda$new$0(GrpcClientRpc.java:55)
	at org.apache.ratis.util.PeerProxyMap$PeerAndProxy.lambda$getProxy$0(PeerProxyMap.java:61)
	at org.apache.ratis.util.LifeCycle.startAndTransition(LifeCycle.java:202)
	at org.apache.ratis.util.PeerProxyMap$PeerAndProxy.getProxy(PeerProxyMap.java:60)
	at org.apache.ratis.util.PeerProxyMap.getProxy(PeerProxyMap.java:108)
	at org.apache.ratis.grpc.client.GrpcClientRpc.sendRequestAsync(GrpcClientRpc.java:66)
	at org.apache.ratis.client.impl.OrderedAsync.sendRequest(OrderedAsync.java:208)
	at org.apache.ratis.client.impl.OrderedAsync.sendRequestWithRetry(OrderedAsync.java:169)
	at org.apache.ratis.util.SlidingWindow$Client.sendOrDelayRequest(SlidingWindow.java:278)
	at org.apache.ratis.util.SlidingWindow$Client.retry(SlidingWindow.java:294)
	at org.apache.ratis.client.impl.OrderedAsync.lambda$scheduleWithTimeout$7(OrderedAsync.java:195)
	at org.apache.ratis.util.TimeoutScheduler.lambda$onTimeout$0(TimeoutScheduler.java:113)
	at org.apache.ratis.util.TimeoutScheduler.lambda$onTimeout$1(TimeoutScheduler.java:133)
	at org.apache.ratis.util.LogUtils.runAndLog(LogUtils.java:50)
	at org.apache.ratis.util.LogUtils$1.run(LogUtils.java:91)
	at java.util.concurrent.Executors$RunnableAdapter.call(Executors.java:511)
	at java.util.concurrent.FutureTask.run(FutureTask.java:266)
	at java.util.concurrent.ScheduledThreadPoolExecutor$ScheduledFutureTask.access$201(ScheduledThreadPoolExecutor.java:180)
	at java.util.concurrent.ScheduledThreadPoolExecutor$ScheduledFutureTask.run(ScheduledThreadPoolExecutor.java:293)
	at java.util.concurrent.ThreadPoolExecutor.runWorker(ThreadPoolExecutor.java:1149)
	at java.util.concurrent.ThreadPoolExecutor$Worker.run(ThreadPoolExecutor.java:624)
	at java.lang.Thread.run(Thread.java:748)

]]></system-err>
  </testcase>
</testsuite>