<?xml version="1.0" encoding="UTF-8"?>
<testsuite xmlns:xsi="http://www.w3.org/2001/XMLSchema-instance" xsi:noNamespaceSchemaLocation="https://maven.apache.org/surefire/maven-surefire-plugin/xsd/surefire-test-report.xsd" name="org.apache.hadoop.ozone.client.rpc.TestBlockOutputStreamWithFailures" time="768.275" tests="8" errors="1" skipped="0" failures="1">
  <properties>
    <property name="awt.toolkit" value="sun.awt.X11.XToolkit"/>
    <property name="file.encoding.pkg" value="sun.io"/>
    <property name="java.specification.version" value="1.8"/>
    <property name="sun.cpu.isalist" value=""/>
    <property name="sun.jnu.encoding" value="UTF-8"/>
    <property name="java.class.path" value="/workdir/hadoop-ozone/integration-test/target/test-classes:/workdir/hadoop-ozone/integration-test/target/classes:/home/user/.m2/repository/org/apache/hadoop/hadoop-ozone-common/0.5.0-SNAPSHOT/hadoop-ozone-common-0.5.0-SNAPSHOT.jar:/home/user/.m2/repository/org/apache/commons/commons-compress/1.4.1/commons-compress-1.4.1.jar:/home/user/.m2/repository/org/tukaani/xz/1.0/xz-1.0.jar:/home/user/.m2/repository/org/apache/hadoop/hadoop-common/3.2.0/hadoop-common-3.2.0.jar:/home/user/.m2/repository/org/apache/hadoop/hadoop-hdfs/3.2.0/hadoop-hdfs-3.2.0.jar:/home/user/.m2/repository/org/apache/hadoop/hadoop-hdfs-client/3.2.0/hadoop-hdfs-client-3.2.0.jar:/home/user/.m2/repository/com/fasterxml/jackson/core/jackson-annotations/2.9.9/jackson-annotations-2.9.9.jar:/home/user/.m2/repository/org/apache/hadoop/hadoop-hdds-common/0.5.0-SNAPSHOT/hadoop-hdds-common-0.5.0-SNAPSHOT.jar:/home/user/.m2/repository/javax/annotation/javax.annotation-api/1.2/javax.annotation-api-1.2.jar:/home/user/.m2/repository/org/apache/ratis/ratis-server/0.5.0-201fc85-SNAPSHOT/ratis-server-0.5.0-201fc85-SNAPSHOT.jar:/home/user/.m2/repository/org/apache/ratis/ratis-thirdparty-misc/0.2.0/ratis-thirdparty-misc-0.2.0.jar:/home/user/.m2/repository/org/apache/ratis/ratis-proto/0.5.0-201fc85-SNAPSHOT/ratis-proto-0.5.0-201fc85-SNAPSHOT.jar:/home/user/.m2/repository/org/apache/ratis/ratis-common/0.5.0-201fc85-SNAPSHOT/ratis-common-0.5.0-201fc85-SNAPSHOT.jar:/home/user/.m2/repository/org/apache/ratis/ratis-client/0.5.0-201fc85-SNAPSHOT/ratis-client-0.5.0-201fc85-SNAPSHOT.jar:/home/user/.m2/repository/org/apache/ratis/ratis-metrics/0.5.0-201fc85-SNAPSHOT/ratis-metrics-0.5.0-201fc85-SNAPSHOT.jar:/home/user/.m2/repository/com/github/joshelser/dropwizard-metrics-hadoop-metrics2-reporter/0.1.2/dropwizard-metrics-hadoop-metrics2-reporter-0.1.2.jar:/home/user/.m2/repository/io/dropwizard/metrics/metrics-jvm/3.2.5/metrics-jvm-3.2.5.jar:/home/user/.m2/repository/io/dropwizard/metrics/metrics-ganglia/3.2.5/metrics-ganglia-3.2.5.jar:/home/user/.m2/repository/info/ganglia/gmetric4j/gmetric4j/1.0.7/gmetric4j-1.0.7.jar:/home/user/.m2/repository/org/apache/ratis/ratis-netty/0.5.0-201fc85-SNAPSHOT/ratis-netty-0.5.0-201fc85-SNAPSHOT.jar:/home/user/.m2/repository/org/apache/ratis/ratis-grpc/0.5.0-201fc85-SNAPSHOT/ratis-grpc-0.5.0-201fc85-SNAPSHOT.jar:/home/user/.m2/repository/org/rocksdb/rocksdbjni/6.0.1/rocksdbjni-6.0.1.jar:/home/user/.m2/repository/org/apache/logging/log4j/log4j-api/2.11.0/log4j-api-2.11.0.jar:/home/user/.m2/repository/org/apache/logging/log4j/log4j-core/2.11.0/log4j-core-2.11.0.jar:/home/user/.m2/repository/com/lmax/disruptor/3.4.2/disruptor-3.4.2.jar:/home/user/.m2/repository/org/apache/commons/commons-pool2/2.6.0/commons-pool2-2.6.0.jar:/home/user/.m2/repository/org/bouncycastle/bcpkix-jdk15on/1.60/bcpkix-jdk15on-1.60.jar:/home/user/.m2/repository/commons-validator/commons-validator/1.6/commons-validator-1.6.jar:/home/user/.m2/repository/commons-digester/commons-digester/1.8.1/commons-digester-1.8.1.jar:/home/user/.m2/repository/io/jaegertracing/jaeger-client/0.34.0/jaeger-client-0.34.0.jar:/home/user/.m2/repository/io/jaegertracing/jaeger-thrift/0.34.0/jaeger-thrift-0.34.0.jar:/home/user/.m2/repository/org/apache/thrift/libthrift/0.12.0/libthrift-0.12.0.jar:/home/user/.m2/repository/com/squareup/okhttp3/okhttp/3.9.0/okhttp-3.9.0.jar:/home/user/.m2/repository/com/squareup/okio/okio/1.13.0/okio-1.13.0.jar:/home/user/.m2/repository/io/jaegertracing/jaeger-core/0.34.0/jaeger-core-0.34.0.jar:/home/user/.m2/repository/io/jaegertracing/jaeger-tracerresolver/0.34.0/jaeger-tracerresolver-0.34.0.jar:/home/user/.m2/repository/io/opentracing/contrib/opentracing-tracerresolver/0.1.5/opentracing-tracerresolver-0.1.5.jar:/home/user/.m2/repository/io/opentracing/opentracing-util/0.31.0/opentracing-util-0.31.0.jar:/home/user/.m2/repository/io/opentracing/opentracing-api/0.31.0/opentracing-api-0.31.0.jar:/home/user/.m2/repository/io/opentracing/opentracing-noop/0.31.0/opentracing-noop-0.31.0.jar:/home/user/.m2/repository/org/apache/hadoop/hadoop-hdds-server-framework/0.5.0-SNAPSHOT/hadoop-hdds-server-framework-0.5.0-SNAPSHOT.jar:/home/user/.m2/repository/org/apache/hadoop/hadoop-hdds-container-service/0.5.0-SNAPSHOT/hadoop-hdds-container-service-0.5.0-SNAPSHOT.jar:/home/user/.m2/repository/org/apache/hadoop/hadoop-hdds-client/0.5.0-SNAPSHOT/hadoop-hdds-client-0.5.0-SNAPSHOT.jar:/home/user/.m2/repository/org/apache/hadoop/hadoop-hdds-tools/0.5.0-SNAPSHOT/hadoop-hdds-tools-0.5.0-SNAPSHOT.jar:/home/user/.m2/repository/org/apache/hadoop/hadoop-hdds-server-scm/0.5.0-SNAPSHOT/hadoop-hdds-server-scm-0.5.0-SNAPSHOT.jar:/home/user/.m2/repository/org/apache/hadoop/hadoop-hdds-docs/0.5.0-SNAPSHOT/hadoop-hdds-docs-0.5.0-SNAPSHOT.jar:/home/user/.m2/repository/io/dropwizard/metrics/metrics-core/3.2.4/metrics-core-3.2.4.jar:/home/user/.m2/repository/org/hamcrest/hamcrest-all/1.3/hamcrest-all-1.3.jar:/home/user/.m2/repository/org/bouncycastle/bcprov-jdk15on/1.60/bcprov-jdk15on-1.60.jar:/home/user/.m2/repository/info/picocli/picocli/3.9.6/picocli-3.9.6.jar:/home/user/.m2/repository/com/google/protobuf/protobuf-java/2.5.0/protobuf-java-2.5.0.jar:/home/user/.m2/repository/com/google/guava/guava/11.0.2/guava-11.0.2.jar:/home/user/.m2/repository/org/apache/hadoop/hadoop-ozone-ozone-manager/0.5.0-SNAPSHOT/hadoop-ozone-ozone-manager-0.5.0-SNAPSHOT.jar:/home/user/.m2/repository/org/apache/hadoop/hadoop-minikdc/3.2.0/hadoop-minikdc-3.2.0.jar:/home/user/.m2/repository/commons-io/commons-io/2.5/commons-io-2.5.jar:/home/user/.m2/repository/org/apache/kerby/kerb-simplekdc/1.0.1/kerb-simplekdc-1.0.1.jar:/home/user/.m2/repository/org/apache/kerby/kerb-client/1.0.1/kerb-client-1.0.1.jar:/home/user/.m2/repository/org/apache/kerby/kerby-config/1.0.1/kerby-config-1.0.1.jar:/home/user/.m2/repository/org/apache/kerby/kerb-core/1.0.1/kerb-core-1.0.1.jar:/home/user/.m2/repository/org/apache/kerby/kerby-pkix/1.0.1/kerby-pkix-1.0.1.jar:/home/user/.m2/repository/org/apache/kerby/kerby-asn1/1.0.1/kerby-asn1-1.0.1.jar:/home/user/.m2/repository/org/apache/kerby/kerby-util/1.0.1/kerby-util-1.0.1.jar:/home/user/.m2/repository/org/apache/kerby/kerb-common/1.0.1/kerb-common-1.0.1.jar:/home/user/.m2/repository/org/apache/kerby/kerb-crypto/1.0.1/kerb-crypto-1.0.1.jar:/home/user/.m2/repository/org/apache/kerby/kerb-util/1.0.1/kerb-util-1.0.1.jar:/home/user/.m2/repository/org/apache/kerby/token-provider/1.0.1/token-provider-1.0.1.jar:/home/user/.m2/repository/org/apache/kerby/kerb-admin/1.0.1/kerb-admin-1.0.1.jar:/home/user/.m2/repository/org/apache/kerby/kerb-server/1.0.1/kerb-server-1.0.1.jar:/home/user/.m2/repository/org/apache/kerby/kerb-identity/1.0.1/kerb-identity-1.0.1.jar:/home/user/.m2/repository/org/apache/kerby/kerby-xdr/1.0.1/kerby-xdr-1.0.1.jar:/home/user/.m2/repository/org/slf4j/slf4j-log4j12/1.7.25/slf4j-log4j12-1.7.25.jar:/home/user/.m2/repository/org/apache/hadoop/hadoop-ozone-s3gateway/0.5.0-SNAPSHOT/hadoop-ozone-s3gateway-0.5.0-SNAPSHOT.jar:/home/user/.m2/repository/org/jboss/weld/servlet/weld-servlet/2.4.7.Final/weld-servlet-2.4.7.Final.jar:/home/user/.m2/repository/org/glassfish/jersey/containers/jersey-container-servlet-core/2.27/jersey-container-servlet-core-2.27.jar:/home/user/.m2/repository/org/glassfish/hk2/external/javax.inject/2.5.0-b42/javax.inject-2.5.0-b42.jar:/home/user/.m2/repository/org/glassfish/jersey/core/jersey-common/2.27/jersey-common-2.27.jar:/home/user/.m2/repository/org/glassfish/hk2/osgi-resource-locator/1.0.1/osgi-resource-locator-1.0.1.jar:/home/user/.m2/repository/javax/ws/rs/javax.ws.rs-api/2.1/javax.ws.rs-api-2.1.jar:/home/user/.m2/repository/org/glassfish/jersey/ext/cdi/jersey-cdi1x/2.27/jersey-cdi1x-2.27.jar:/home/user/.m2/repository/org/glassfish/jersey/inject/jersey-hk2/2.27/jersey-hk2-2.27.jar:/home/user/.m2/repository/org/glassfish/hk2/hk2-locator/2.5.0-b42/hk2-locator-2.5.0-b42.jar:/home/user/.m2/repository/org/javassist/javassist/3.22.0-CR2/javassist-3.22.0-CR2.jar:/home/user/.m2/repository/org/glassfish/hk2/hk2-api/2.5.0/hk2-api-2.5.0.jar:/home/user/.m2/repository/org/glassfish/hk2/external/jakarta.inject/2.5.0/jakarta.inject-2.5.0.jar:/home/user/.m2/repository/org/glassfish/hk2/hk2-utils/2.5.0/hk2-utils-2.5.0.jar:/home/user/.m2/repository/jakarta/annotation/jakarta.annotation-api/1.3.4/jakarta.annotation-api-1.3.4.jar:/home/user/.m2/repository/org/glassfish/hk2/external/aopalliance-repackaged/2.5.0/aopalliance-repackaged-2.5.0.jar:/home/user/.m2/repository/com/fasterxml/jackson/dataformat/jackson-dataformat-xml/2.9.0/jackson-dataformat-xml-2.9.0.jar:/home/user/.m2/repository/com/fasterxml/jackson/core/jackson-core/2.9.9/jackson-core-2.9.9.jar:/home/user/.m2/repository/com/fasterxml/jackson/module/jackson-module-jaxb-annotations/2.9.9/jackson-module-jaxb-annotations-2.9.9.jar:/home/user/.m2/repository/javax/enterprise/cdi-api/1.2/cdi-api-1.2.jar:/home/user/.m2/repository/javax/el/javax.el-api/3.0.0/javax.el-api-3.0.0.jar:/home/user/.m2/repository/javax/interceptor/javax.interceptor-api/1.2/javax.interceptor-api-1.2.jar:/home/user/.m2/repository/javax/inject/javax.inject/1/javax.inject-1.jar:/home/user/.m2/repository/com/sun/xml/bind/jaxb-impl/2.3.0.1/jaxb-impl-2.3.0.1.jar:/home/user/.m2/repository/com/sun/xml/bind/jaxb-core/2.3.0.1/jaxb-core-2.3.0.1.jar:/home/user/.m2/repository/javax/xml/bind/jaxb-api/2.3.0/jaxb-api-2.3.0.jar:/home/user/.m2/repository/javax/activation/activation/1.1.1/activation-1.1.1.jar:/home/user/.m2/repository/org/apache/hadoop/hadoop-ozone-csi/0.5.0-SNAPSHOT/hadoop-ozone-csi-0.5.0-SNAPSHOT.jar:/home/user/.m2/repository/com/google/protobuf/protobuf-java-util/3.5.1/protobuf-java-util-3.5.1.jar:/home/user/.m2/repository/org/apache/hadoop/hadoop-hdds-config/0.5.0-SNAPSHOT/hadoop-hdds-config-0.5.0-SNAPSHOT.jar:/home/user/.m2/repository/io/grpc/grpc-netty/1.17.1/grpc-netty-1.17.1.jar:/home/user/.m2/repository/io/grpc/grpc-core/1.17.1/grpc-core-1.17.1.jar:/home/user/.m2/repository/io/grpc/grpc-context/1.17.1/grpc-context-1.17.1.jar:/home/user/.m2/repository/com/google/errorprone/error_prone_annotations/2.2.0/error_prone_annotations-2.2.0.jar:/home/user/.m2/repository/org/codehaus/mojo/animal-sniffer-annotations/1.17/animal-sniffer-annotations-1.17.jar:/home/user/.m2/repository/io/opencensus/opencensus-api/0.17.0/opencensus-api-0.17.0.jar:/home/user/.m2/repository/io/opencensus/opencensus-contrib-grpc-metrics/0.17.0/opencensus-contrib-grpc-metrics-0.17.0.jar:/home/user/.m2/repository/io/netty/netty-codec-http2/4.1.30.Final/netty-codec-http2-4.1.30.Final.jar:/home/user/.m2/repository/io/netty/netty-codec-http/4.1.30.Final/netty-codec-http-4.1.30.Final.jar:/home/user/.m2/repository/io/netty/netty-codec/4.1.30.Final/netty-codec-4.1.30.Final.jar:/home/user/.m2/repository/io/netty/netty-handler/4.1.30.Final/netty-handler-4.1.30.Final.jar:/home/user/.m2/repository/io/netty/netty-handler-proxy/4.1.30.Final/netty-handler-proxy-4.1.30.Final.jar:/home/user/.m2/repository/io/netty/netty-codec-socks/4.1.30.Final/netty-codec-socks-4.1.30.Final.jar:/home/user/.m2/repository/io/netty/netty-transport-native-epoll/4.1.30.Final/netty-transport-native-epoll-4.1.30.Final.jar:/home/user/.m2/repository/io/netty/netty-common/4.1.30.Final/netty-common-4.1.30.Final.jar:/home/user/.m2/repository/io/netty/netty-buffer/4.1.30.Final/netty-buffer-4.1.30.Final.jar:/home/user/.m2/repository/io/netty/netty-transport/4.1.30.Final/netty-transport-4.1.30.Final.jar:/home/user/.m2/repository/io/netty/netty-resolver/4.1.30.Final/netty-resolver-4.1.30.Final.jar:/home/user/.m2/repository/io/netty/netty-transport-native-unix-common/4.1.30.Final/netty-transport-native-unix-common-4.1.30.Final.jar:/home/user/.m2/repository/io/grpc/grpc-protobuf/1.17.1/grpc-protobuf-1.17.1.jar:/home/user/.m2/repository/com/google/api/grpc/proto-google-common-protos/1.0.0/proto-google-common-protos-1.0.0.jar:/home/user/.m2/repository/io/grpc/grpc-protobuf-lite/1.17.1/grpc-protobuf-lite-1.17.1.jar:/home/user/.m2/repository/io/grpc/grpc-stub/1.17.1/grpc-stub-1.17.1.jar:/home/user/.m2/repository/org/apache/hadoop/hadoop-ozone-recon/0.5.0-SNAPSHOT/hadoop-ozone-recon-0.5.0-SNAPSHOT.jar:/home/user/.m2/repository/org/apache/hadoop/hadoop-ozone-reconcodegen/0.5.0-SNAPSHOT/hadoop-ozone-reconcodegen-0.5.0-SNAPSHOT.jar:/home/user/.m2/repository/com/google/inject/extensions/guice-multibindings/4.0/guice-multibindings-4.0.jar:/home/user/.m2/repository/com/google/inject/guice/4.0/guice-4.0.jar:/home/user/.m2/repository/aopalliance/aopalliance/1.0/aopalliance-1.0.jar:/home/user/.m2/repository/com/google/inject/extensions/guice-servlet/4.0/guice-servlet-4.0.jar:/home/user/.m2/repository/org/glassfish/jersey/containers/jersey-container-servlet/2.27/jersey-container-servlet-2.27.jar:/home/user/.m2/repository/org/glassfish/hk2/guice-bridge/2.5.0/guice-bridge-2.5.0.jar:/home/user/.m2/repository/org/glassfish/jersey/core/jersey-server/2.27/jersey-server-2.27.jar:/home/user/.m2/repository/org/glassfish/jersey/core/jersey-client/2.27/jersey-client-2.27.jar:/home/user/.m2/repository/org/glassfish/jersey/media/jersey-media-jaxb/2.27/jersey-media-jaxb-2.27.jar:/home/user/.m2/repository/javax/validation/validation-api/1.1.0.Final/validation-api-1.1.0.Final.jar:/home/user/.m2/repository/org/glassfish/jersey/media/jersey-media-json-jackson/2.27/jersey-media-json-jackson-2.27.jar:/home/user/.m2/repository/org/glassfish/jersey/ext/jersey-entity-filtering/2.27/jersey-entity-filtering-2.27.jar:/home/user/.m2/repository/com/google/inject/extensions/guice-assistedinject/4.0/guice-assistedinject-4.0.jar:/home/user/.m2/repository/org/jooq/jooq/3.11.10/jooq-3.11.10.jar:/home/user/.m2/repository/org/jooq/jooq-meta/3.11.10/jooq-meta-3.11.10.jar:/home/user/.m2/repository/org/jooq/jooq-codegen/3.11.10/jooq-codegen-3.11.10.jar:/home/user/.m2/repository/com/jolbox/bonecp/0.8.0.RELEASE/bonecp-0.8.0.RELEASE.jar:/home/user/.m2/repository/org/xerial/sqlite-jdbc/3.25.2/sqlite-jdbc-3.25.2.jar:/home/user/.m2/repository/org/springframework/spring-jdbc/5.1.3.RELEASE/spring-jdbc-5.1.3.RELEASE.jar:/home/user/.m2/repository/org/springframework/spring-beans/5.1.3.RELEASE/spring-beans-5.1.3.RELEASE.jar:/home/user/.m2/repository/org/springframework/spring-core/5.1.3.RELEASE/spring-core-5.1.3.RELEASE.jar:/home/user/.m2/repository/org/springframework/spring-jcl/5.1.3.RELEASE/spring-jcl-5.1.3.RELEASE.jar:/home/user/.m2/repository/org/springframework/spring-tx/5.1.3.RELEASE/spring-tx-5.1.3.RELEASE.jar:/home/user/.m2/repository/org/apache/hadoop/hadoop-ozone-client/0.5.0-SNAPSHOT/hadoop-ozone-client-0.5.0-SNAPSHOT.jar:/home/user/.m2/repository/commons-lang/commons-lang/2.6/commons-lang-2.6.jar:/home/user/.m2/repository/org/apache/hadoop/hadoop-ozone-ozone-manager/0.5.0-SNAPSHOT/hadoop-ozone-ozone-manager-0.5.0-SNAPSHOT-tests.jar:/home/user/.m2/repository/junit/junit/4.11/junit-4.11.jar:/home/user/.m2/repository/org/hamcrest/hamcrest-core/1.3/hamcrest-core-1.3.jar:/home/user/.m2/repository/org/openjdk/jmh/jmh-core/1.19/jmh-core-1.19.jar:/home/user/.m2/repository/net/sf/jopt-simple/jopt-simple/4.6/jopt-simple-4.6.jar:/home/user/.m2/repository/org/apache/commons/commons-math3/3.1.1/commons-math3-3.1.1.jar:/home/user/.m2/repository/org/openjdk/jmh/jmh-generator-annprocess/1.19/jmh-generator-annprocess-1.19.jar:/home/user/.m2/repository/org/mockito/mockito-all/1.8.5/mockito-all-1.8.5.jar:/home/user/.m2/repository/org/apache/hadoop/hadoop-kms/3.2.0/hadoop-kms-3.2.0.jar:/home/user/.m2/repository/org/apache/hadoop/hadoop-auth/3.2.0/hadoop-auth-3.2.0.jar:/home/user/.m2/repository/com/nimbusds/nimbus-jose-jwt/4.41.1/nimbus-jose-jwt-4.41.1.jar:/home/user/.m2/repository/com/github/stephenc/jcip/jcip-annotations/1.0-1/jcip-annotations-1.0-1.jar:/home/user/.m2/repository/net/minidev/json-smart/2.3/json-smart-2.3.jar:/home/user/.m2/repository/net/minidev/accessors-smart/1.2/accessors-smart-1.2.jar:/home/user/.m2/repository/org/ow2/asm/asm/5.0.4/asm-5.0.4.jar:/home/user/.m2/repository/org/apache/curator/curator-framework/2.12.0/curator-framework-2.12.0.jar:/home/user/.m2/repository/com/sun/jersey/jersey-core/1.19/jersey-core-1.19.jar:/home/user/.m2/repository/javax/ws/rs/jsr311-api/1.1.1/jsr311-api-1.1.1.jar:/home/user/.m2/repository/com/sun/jersey/jersey-server/1.19/jersey-server-1.19.jar:/home/user/.m2/repository/javax/servlet/javax.servlet-api/3.1.0/javax.servlet-api-3.1.0.jar:/home/user/.m2/repository/org/eclipse/jetty/jetty-server/9.3.25.v20180904/jetty-server-9.3.25.v20180904.jar:/home/user/.m2/repository/org/eclipse/jetty/jetty-http/9.3.25.v20180904/jetty-http-9.3.25.v20180904.jar:/home/user/.m2/repository/org/eclipse/jetty/jetty-io/9.3.25.v20180904/jetty-io-9.3.25.v20180904.jar:/home/user/.m2/repository/org/eclipse/jetty/jetty-webapp/9.3.25.v20180904/jetty-webapp-9.3.25.v20180904.jar:/home/user/.m2/repository/org/eclipse/jetty/jetty-xml/9.3.25.v20180904/jetty-xml-9.3.25.v20180904.jar:/home/user/.m2/repository/log4j/log4j/1.2.17/log4j-1.2.17.jar:/home/user/.m2/repository/org/slf4j/slf4j-api/1.7.25/slf4j-api-1.7.25.jar:/home/user/.m2/repository/org/slf4j/jul-to-slf4j/1.7.25/jul-to-slf4j-1.7.25.jar:/home/user/.m2/repository/org/eclipse/jetty/jetty-util/9.3.25.v20180904/jetty-util-9.3.25.v20180904.jar:/home/user/.m2/repository/com/fasterxml/jackson/core/jackson-databind/2.9.9/jackson-databind-2.9.9.jar:/home/user/.m2/repository/org/apache/hadoop/hadoop-kms/3.2.0/hadoop-kms-3.2.0-tests.jar:/home/user/.m2/repository/org/apache/hadoop/hadoop-hdds-server-scm/0.5.0-SNAPSHOT/hadoop-hdds-server-scm-0.5.0-SNAPSHOT-tests.jar:/home/user/.m2/repository/org/apache/hadoop/hadoop-hdds-container-service/0.5.0-SNAPSHOT/hadoop-hdds-container-service-0.5.0-SNAPSHOT-tests.jar:/home/user/.m2/repository/org/yaml/snakeyaml/1.16/snakeyaml-1.16.jar:/home/user/.m2/repository/org/apache/hadoop/hadoop-common/3.2.0/hadoop-common-3.2.0-tests.jar:/home/user/.m2/repository/org/apache/hadoop/hadoop-annotations/3.2.0/hadoop-annotations-3.2.0.jar:/usr/lib/jvm/java-1.8-openjdk/jre/../lib/tools.jar:/home/user/.m2/repository/commons-cli/commons-cli/1.2/commons-cli-1.2.jar:/home/user/.m2/repository/org/apache/httpcomponents/httpclient/4.5.2/httpclient-4.5.2.jar:/home/user/.m2/repository/org/apache/httpcomponents/httpcore/4.4.4/httpcore-4.4.4.jar:/home/user/.m2/repository/commons-codec/commons-codec/1.11/commons-codec-1.11.jar:/home/user/.m2/repository/commons-net/commons-net/3.6/commons-net-3.6.jar:/home/user/.m2/repository/commons-collections/commons-collections/3.2.2/commons-collections-3.2.2.jar:/home/user/.m2/repository/org/eclipse/jetty/jetty-servlet/9.3.25.v20180904/jetty-servlet-9.3.25.v20180904.jar:/home/user/.m2/repository/org/eclipse/jetty/jetty-security/9.3.25.v20180904/jetty-security-9.3.25.v20180904.jar:/home/user/.m2/repository/javax/servlet/jsp/jsp-api/2.1/jsp-api-2.1.jar:/home/user/.m2/repository/com/sun/jersey/jersey-servlet/1.19/jersey-servlet-1.19.jar:/home/user/.m2/repository/com/sun/jersey/jersey-json/1.19/jersey-json-1.19.jar:/home/user/.m2/repository/org/codehaus/jettison/jettison/1.1/jettison-1.1.jar:/home/user/.m2/repository/org/codehaus/jackson/jackson-core-asl/1.9.13/jackson-core-asl-1.9.13.jar:/home/user/.m2/repository/org/codehaus/jackson/jackson-mapper-asl/1.9.13/jackson-mapper-asl-1.9.13.jar:/home/user/.m2/repository/org/codehaus/jackson/jackson-jaxrs/1.9.13/jackson-jaxrs-1.9.13.jar:/home/user/.m2/repository/org/codehaus/jackson/jackson-xc/1.9.13/jackson-xc-1.9.13.jar:/home/user/.m2/repository/commons-logging/commons-logging/1.1.3/commons-logging-1.1.3.jar:/home/user/.m2/repository/commons-beanutils/commons-beanutils/1.9.4/commons-beanutils-1.9.4.jar:/home/user/.m2/repository/org/apache/commons/commons-configuration2/2.1.1/commons-configuration2-2.1.1.jar:/home/user/.m2/repository/org/apache/commons/commons-lang3/3.7/commons-lang3-3.7.jar:/home/user/.m2/repository/org/apache/commons/commons-text/1.4/commons-text-1.4.jar:/home/user/.m2/repository/org/apache/avro/avro/1.7.7/avro-1.7.7.jar:/home/user/.m2/repository/com/thoughtworks/paranamer/paranamer/2.3/paranamer-2.3.jar:/home/user/.m2/repository/org/xerial/snappy/snappy-java/1.0.5/snappy-java-1.0.5.jar:/home/user/.m2/repository/com/google/re2j/re2j/1.1/re2j-1.1.jar:/home/user/.m2/repository/com/google/code/gson/gson/2.2.4/gson-2.2.4.jar:/home/user/.m2/repository/com/jcraft/jsch/0.1.54/jsch-0.1.54.jar:/home/user/.m2/repository/org/apache/curator/curator-client/2.12.0/curator-client-2.12.0.jar:/home/user/.m2/repository/org/apache/curator/curator-recipes/2.12.0/curator-recipes-2.12.0.jar:/home/user/.m2/repository/com/google/code/findbugs/jsr305/3.0.0/jsr305-3.0.0.jar:/home/user/.m2/repository/org/apache/htrace/htrace-core4/4.1.0-incubating/htrace-core4-4.1.0-incubating.jar:/home/user/.m2/repository/org/apache/zookeeper/zookeeper/3.4.13/zookeeper-3.4.13.jar:/home/user/.m2/repository/jline/jline/0.9.94/jline-0.9.94.jar:/home/user/.m2/repository/org/apache/yetus/audience-annotations/0.5.0/audience-annotations-0.5.0.jar:/home/user/.m2/repository/org/codehaus/woodstox/stax2-api/3.1.4/stax2-api-3.1.4.jar:/home/user/.m2/repository/com/fasterxml/woodstox/woodstox-core/5.0.3/woodstox-core-5.0.3.jar:/home/user/.m2/repository/dnsjava/dnsjava/2.1.7/dnsjava-2.1.7.jar:/home/user/.m2/repository/org/apache/hadoop/hadoop-hdfs/3.2.0/hadoop-hdfs-3.2.0-tests.jar:/home/user/.m2/repository/org/eclipse/jetty/jetty-util-ajax/9.3.25.v20180904/jetty-util-ajax-9.3.25.v20180904.jar:/home/user/.m2/repository/commons-daemon/commons-daemon/1.0.13/commons-daemon-1.0.13.jar:/home/user/.m2/repository/io/netty/netty/3.10.5.Final/netty-3.10.5.Final.jar:/home/user/.m2/repository/io/netty/netty-all/4.0.52.Final/netty-all-4.0.52.Final.jar:/home/user/.m2/repository/org/fusesource/leveldbjni/leveldbjni-all/1.8/leveldbjni-all-1.8.jar:"/>
    <property name="java.vm.vendor" value="IcedTea"/>
    <property name="sun.arch.data.model" value="64"/>
    <property name="test.build.dir" value="/workdir/hadoop-ozone/integration-test/target/test-dir"/>
    <property name="test.cache.data" value=""/>
    <property name="java.vendor.url" value="https://icedtea.classpath.org"/>
    <property name="user.timezone" value=""/>
    <property name="java.vm.specification.version" value="1.8"/>
    <property name="os.name" value="Linux"/>
    <property name="test.build.data" value="/workdir/hadoop-ozone/integration-test/target/test-dir"/>
    <property name="user.country" value="US"/>
    <property name="sun.java.launcher" value="SUN_STANDARD"/>
    <property name="sun.boot.library.path" value="/usr/lib/jvm/java-1.8-openjdk/jre/lib/amd64"/>
    <property name="sun.java.command" value="/workdir/hadoop-ozone/integration-test/target/surefire/surefirebooter1918612219231087539.jar /workdir/hadoop-ozone/integration-test/target/surefire 2019-10-02T10-32-56_599-jvmRun1 surefire983974342992931767tmp surefire_553103929851320166143tmp"/>
    <property name="test" value="!TestMiniChaosOzoneCluster"/>
    <property name="surefire.test.class.path" value="/workdir/hadoop-ozone/integration-test/target/test-classes:/workdir/hadoop-ozone/integration-test/target/classes:/home/user/.m2/repository/org/apache/hadoop/hadoop-ozone-common/0.5.0-SNAPSHOT/hadoop-ozone-common-0.5.0-SNAPSHOT.jar:/home/user/.m2/repository/org/apache/commons/commons-compress/1.4.1/commons-compress-1.4.1.jar:/home/user/.m2/repository/org/tukaani/xz/1.0/xz-1.0.jar:/home/user/.m2/repository/org/apache/hadoop/hadoop-common/3.2.0/hadoop-common-3.2.0.jar:/home/user/.m2/repository/org/apache/hadoop/hadoop-hdfs/3.2.0/hadoop-hdfs-3.2.0.jar:/home/user/.m2/repository/org/apache/hadoop/hadoop-hdfs-client/3.2.0/hadoop-hdfs-client-3.2.0.jar:/home/user/.m2/repository/com/fasterxml/jackson/core/jackson-annotations/2.9.9/jackson-annotations-2.9.9.jar:/home/user/.m2/repository/org/apache/hadoop/hadoop-hdds-common/0.5.0-SNAPSHOT/hadoop-hdds-common-0.5.0-SNAPSHOT.jar:/home/user/.m2/repository/javax/annotation/javax.annotation-api/1.2/javax.annotation-api-1.2.jar:/home/user/.m2/repository/org/apache/ratis/ratis-server/0.5.0-201fc85-SNAPSHOT/ratis-server-0.5.0-201fc85-SNAPSHOT.jar:/home/user/.m2/repository/org/apache/ratis/ratis-thirdparty-misc/0.2.0/ratis-thirdparty-misc-0.2.0.jar:/home/user/.m2/repository/org/apache/ratis/ratis-proto/0.5.0-201fc85-SNAPSHOT/ratis-proto-0.5.0-201fc85-SNAPSHOT.jar:/home/user/.m2/repository/org/apache/ratis/ratis-common/0.5.0-201fc85-SNAPSHOT/ratis-common-0.5.0-201fc85-SNAPSHOT.jar:/home/user/.m2/repository/org/apache/ratis/ratis-client/0.5.0-201fc85-SNAPSHOT/ratis-client-0.5.0-201fc85-SNAPSHOT.jar:/home/user/.m2/repository/org/apache/ratis/ratis-metrics/0.5.0-201fc85-SNAPSHOT/ratis-metrics-0.5.0-201fc85-SNAPSHOT.jar:/home/user/.m2/repository/com/github/joshelser/dropwizard-metrics-hadoop-metrics2-reporter/0.1.2/dropwizard-metrics-hadoop-metrics2-reporter-0.1.2.jar:/home/user/.m2/repository/io/dropwizard/metrics/metrics-jvm/3.2.5/metrics-jvm-3.2.5.jar:/home/user/.m2/repository/io/dropwizard/metrics/metrics-ganglia/3.2.5/metrics-ganglia-3.2.5.jar:/home/user/.m2/repository/info/ganglia/gmetric4j/gmetric4j/1.0.7/gmetric4j-1.0.7.jar:/home/user/.m2/repository/org/apache/ratis/ratis-netty/0.5.0-201fc85-SNAPSHOT/ratis-netty-0.5.0-201fc85-SNAPSHOT.jar:/home/user/.m2/repository/org/apache/ratis/ratis-grpc/0.5.0-201fc85-SNAPSHOT/ratis-grpc-0.5.0-201fc85-SNAPSHOT.jar:/home/user/.m2/repository/org/rocksdb/rocksdbjni/6.0.1/rocksdbjni-6.0.1.jar:/home/user/.m2/repository/org/apache/logging/log4j/log4j-api/2.11.0/log4j-api-2.11.0.jar:/home/user/.m2/repository/org/apache/logging/log4j/log4j-core/2.11.0/log4j-core-2.11.0.jar:/home/user/.m2/repository/com/lmax/disruptor/3.4.2/disruptor-3.4.2.jar:/home/user/.m2/repository/org/apache/commons/commons-pool2/2.6.0/commons-pool2-2.6.0.jar:/home/user/.m2/repository/org/bouncycastle/bcpkix-jdk15on/1.60/bcpkix-jdk15on-1.60.jar:/home/user/.m2/repository/commons-validator/commons-validator/1.6/commons-validator-1.6.jar:/home/user/.m2/repository/commons-digester/commons-digester/1.8.1/commons-digester-1.8.1.jar:/home/user/.m2/repository/io/jaegertracing/jaeger-client/0.34.0/jaeger-client-0.34.0.jar:/home/user/.m2/repository/io/jaegertracing/jaeger-thrift/0.34.0/jaeger-thrift-0.34.0.jar:/home/user/.m2/repository/org/apache/thrift/libthrift/0.12.0/libthrift-0.12.0.jar:/home/user/.m2/repository/com/squareup/okhttp3/okhttp/3.9.0/okhttp-3.9.0.jar:/home/user/.m2/repository/com/squareup/okio/okio/1.13.0/okio-1.13.0.jar:/home/user/.m2/repository/io/jaegertracing/jaeger-core/0.34.0/jaeger-core-0.34.0.jar:/home/user/.m2/repository/io/jaegertracing/jaeger-tracerresolver/0.34.0/jaeger-tracerresolver-0.34.0.jar:/home/user/.m2/repository/io/opentracing/contrib/opentracing-tracerresolver/0.1.5/opentracing-tracerresolver-0.1.5.jar:/home/user/.m2/repository/io/opentracing/opentracing-util/0.31.0/opentracing-util-0.31.0.jar:/home/user/.m2/repository/io/opentracing/opentracing-api/0.31.0/opentracing-api-0.31.0.jar:/home/user/.m2/repository/io/opentracing/opentracing-noop/0.31.0/opentracing-noop-0.31.0.jar:/home/user/.m2/repository/org/apache/hadoop/hadoop-hdds-server-framework/0.5.0-SNAPSHOT/hadoop-hdds-server-framework-0.5.0-SNAPSHOT.jar:/home/user/.m2/repository/org/apache/hadoop/hadoop-hdds-container-service/0.5.0-SNAPSHOT/hadoop-hdds-container-service-0.5.0-SNAPSHOT.jar:/home/user/.m2/repository/org/apache/hadoop/hadoop-hdds-client/0.5.0-SNAPSHOT/hadoop-hdds-client-0.5.0-SNAPSHOT.jar:/home/user/.m2/repository/org/apache/hadoop/hadoop-hdds-tools/0.5.0-SNAPSHOT/hadoop-hdds-tools-0.5.0-SNAPSHOT.jar:/home/user/.m2/repository/org/apache/hadoop/hadoop-hdds-server-scm/0.5.0-SNAPSHOT/hadoop-hdds-server-scm-0.5.0-SNAPSHOT.jar:/home/user/.m2/repository/org/apache/hadoop/hadoop-hdds-docs/0.5.0-SNAPSHOT/hadoop-hdds-docs-0.5.0-SNAPSHOT.jar:/home/user/.m2/repository/io/dropwizard/metrics/metrics-core/3.2.4/metrics-core-3.2.4.jar:/home/user/.m2/repository/org/hamcrest/hamcrest-all/1.3/hamcrest-all-1.3.jar:/home/user/.m2/repository/org/bouncycastle/bcprov-jdk15on/1.60/bcprov-jdk15on-1.60.jar:/home/user/.m2/repository/info/picocli/picocli/3.9.6/picocli-3.9.6.jar:/home/user/.m2/repository/com/google/protobuf/protobuf-java/2.5.0/protobuf-java-2.5.0.jar:/home/user/.m2/repository/com/google/guava/guava/11.0.2/guava-11.0.2.jar:/home/user/.m2/repository/org/apache/hadoop/hadoop-ozone-ozone-manager/0.5.0-SNAPSHOT/hadoop-ozone-ozone-manager-0.5.0-SNAPSHOT.jar:/home/user/.m2/repository/org/apache/hadoop/hadoop-minikdc/3.2.0/hadoop-minikdc-3.2.0.jar:/home/user/.m2/repository/commons-io/commons-io/2.5/commons-io-2.5.jar:/home/user/.m2/repository/org/apache/kerby/kerb-simplekdc/1.0.1/kerb-simplekdc-1.0.1.jar:/home/user/.m2/repository/org/apache/kerby/kerb-client/1.0.1/kerb-client-1.0.1.jar:/home/user/.m2/repository/org/apache/kerby/kerby-config/1.0.1/kerby-config-1.0.1.jar:/home/user/.m2/repository/org/apache/kerby/kerb-core/1.0.1/kerb-core-1.0.1.jar:/home/user/.m2/repository/org/apache/kerby/kerby-pkix/1.0.1/kerby-pkix-1.0.1.jar:/home/user/.m2/repository/org/apache/kerby/kerby-asn1/1.0.1/kerby-asn1-1.0.1.jar:/home/user/.m2/repository/org/apache/kerby/kerby-util/1.0.1/kerby-util-1.0.1.jar:/home/user/.m2/repository/org/apache/kerby/kerb-common/1.0.1/kerb-common-1.0.1.jar:/home/user/.m2/repository/org/apache/kerby/kerb-crypto/1.0.1/kerb-crypto-1.0.1.jar:/home/user/.m2/repository/org/apache/kerby/kerb-util/1.0.1/kerb-util-1.0.1.jar:/home/user/.m2/repository/org/apache/kerby/token-provider/1.0.1/token-provider-1.0.1.jar:/home/user/.m2/repository/org/apache/kerby/kerb-admin/1.0.1/kerb-admin-1.0.1.jar:/home/user/.m2/repository/org/apache/kerby/kerb-server/1.0.1/kerb-server-1.0.1.jar:/home/user/.m2/repository/org/apache/kerby/kerb-identity/1.0.1/kerb-identity-1.0.1.jar:/home/user/.m2/repository/org/apache/kerby/kerby-xdr/1.0.1/kerby-xdr-1.0.1.jar:/home/user/.m2/repository/org/slf4j/slf4j-log4j12/1.7.25/slf4j-log4j12-1.7.25.jar:/home/user/.m2/repository/org/apache/hadoop/hadoop-ozone-s3gateway/0.5.0-SNAPSHOT/hadoop-ozone-s3gateway-0.5.0-SNAPSHOT.jar:/home/user/.m2/repository/org/jboss/weld/servlet/weld-servlet/2.4.7.Final/weld-servlet-2.4.7.Final.jar:/home/user/.m2/repository/org/glassfish/jersey/containers/jersey-container-servlet-core/2.27/jersey-container-servlet-core-2.27.jar:/home/user/.m2/repository/org/glassfish/hk2/external/javax.inject/2.5.0-b42/javax.inject-2.5.0-b42.jar:/home/user/.m2/repository/org/glassfish/jersey/core/jersey-common/2.27/jersey-common-2.27.jar:/home/user/.m2/repository/org/glassfish/hk2/osgi-resource-locator/1.0.1/osgi-resource-locator-1.0.1.jar:/home/user/.m2/repository/javax/ws/rs/javax.ws.rs-api/2.1/javax.ws.rs-api-2.1.jar:/home/user/.m2/repository/org/glassfish/jersey/ext/cdi/jersey-cdi1x/2.27/jersey-cdi1x-2.27.jar:/home/user/.m2/repository/org/glassfish/jersey/inject/jersey-hk2/2.27/jersey-hk2-2.27.jar:/home/user/.m2/repository/org/glassfish/hk2/hk2-locator/2.5.0-b42/hk2-locator-2.5.0-b42.jar:/home/user/.m2/repository/org/javassist/javassist/3.22.0-CR2/javassist-3.22.0-CR2.jar:/home/user/.m2/repository/org/glassfish/hk2/hk2-api/2.5.0/hk2-api-2.5.0.jar:/home/user/.m2/repository/org/glassfish/hk2/external/jakarta.inject/2.5.0/jakarta.inject-2.5.0.jar:/home/user/.m2/repository/org/glassfish/hk2/hk2-utils/2.5.0/hk2-utils-2.5.0.jar:/home/user/.m2/repository/jakarta/annotation/jakarta.annotation-api/1.3.4/jakarta.annotation-api-1.3.4.jar:/home/user/.m2/repository/org/glassfish/hk2/external/aopalliance-repackaged/2.5.0/aopalliance-repackaged-2.5.0.jar:/home/user/.m2/repository/com/fasterxml/jackson/dataformat/jackson-dataformat-xml/2.9.0/jackson-dataformat-xml-2.9.0.jar:/home/user/.m2/repository/com/fasterxml/jackson/core/jackson-core/2.9.9/jackson-core-2.9.9.jar:/home/user/.m2/repository/com/fasterxml/jackson/module/jackson-module-jaxb-annotations/2.9.9/jackson-module-jaxb-annotations-2.9.9.jar:/home/user/.m2/repository/javax/enterprise/cdi-api/1.2/cdi-api-1.2.jar:/home/user/.m2/repository/javax/el/javax.el-api/3.0.0/javax.el-api-3.0.0.jar:/home/user/.m2/repository/javax/interceptor/javax.interceptor-api/1.2/javax.interceptor-api-1.2.jar:/home/user/.m2/repository/javax/inject/javax.inject/1/javax.inject-1.jar:/home/user/.m2/repository/com/sun/xml/bind/jaxb-impl/2.3.0.1/jaxb-impl-2.3.0.1.jar:/home/user/.m2/repository/com/sun/xml/bind/jaxb-core/2.3.0.1/jaxb-core-2.3.0.1.jar:/home/user/.m2/repository/javax/xml/bind/jaxb-api/2.3.0/jaxb-api-2.3.0.jar:/home/user/.m2/repository/javax/activation/activation/1.1.1/activation-1.1.1.jar:/home/user/.m2/repository/org/apache/hadoop/hadoop-ozone-csi/0.5.0-SNAPSHOT/hadoop-ozone-csi-0.5.0-SNAPSHOT.jar:/home/user/.m2/repository/com/google/protobuf/protobuf-java-util/3.5.1/protobuf-java-util-3.5.1.jar:/home/user/.m2/repository/org/apache/hadoop/hadoop-hdds-config/0.5.0-SNAPSHOT/hadoop-hdds-config-0.5.0-SNAPSHOT.jar:/home/user/.m2/repository/io/grpc/grpc-netty/1.17.1/grpc-netty-1.17.1.jar:/home/user/.m2/repository/io/grpc/grpc-core/1.17.1/grpc-core-1.17.1.jar:/home/user/.m2/repository/io/grpc/grpc-context/1.17.1/grpc-context-1.17.1.jar:/home/user/.m2/repository/com/google/errorprone/error_prone_annotations/2.2.0/error_prone_annotations-2.2.0.jar:/home/user/.m2/repository/org/codehaus/mojo/animal-sniffer-annotations/1.17/animal-sniffer-annotations-1.17.jar:/home/user/.m2/repository/io/opencensus/opencensus-api/0.17.0/opencensus-api-0.17.0.jar:/home/user/.m2/repository/io/opencensus/opencensus-contrib-grpc-metrics/0.17.0/opencensus-contrib-grpc-metrics-0.17.0.jar:/home/user/.m2/repository/io/netty/netty-codec-http2/4.1.30.Final/netty-codec-http2-4.1.30.Final.jar:/home/user/.m2/repository/io/netty/netty-codec-http/4.1.30.Final/netty-codec-http-4.1.30.Final.jar:/home/user/.m2/repository/io/netty/netty-codec/4.1.30.Final/netty-codec-4.1.30.Final.jar:/home/user/.m2/repository/io/netty/netty-handler/4.1.30.Final/netty-handler-4.1.30.Final.jar:/home/user/.m2/repository/io/netty/netty-handler-proxy/4.1.30.Final/netty-handler-proxy-4.1.30.Final.jar:/home/user/.m2/repository/io/netty/netty-codec-socks/4.1.30.Final/netty-codec-socks-4.1.30.Final.jar:/home/user/.m2/repository/io/netty/netty-transport-native-epoll/4.1.30.Final/netty-transport-native-epoll-4.1.30.Final.jar:/home/user/.m2/repository/io/netty/netty-common/4.1.30.Final/netty-common-4.1.30.Final.jar:/home/user/.m2/repository/io/netty/netty-buffer/4.1.30.Final/netty-buffer-4.1.30.Final.jar:/home/user/.m2/repository/io/netty/netty-transport/4.1.30.Final/netty-transport-4.1.30.Final.jar:/home/user/.m2/repository/io/netty/netty-resolver/4.1.30.Final/netty-resolver-4.1.30.Final.jar:/home/user/.m2/repository/io/netty/netty-transport-native-unix-common/4.1.30.Final/netty-transport-native-unix-common-4.1.30.Final.jar:/home/user/.m2/repository/io/grpc/grpc-protobuf/1.17.1/grpc-protobuf-1.17.1.jar:/home/user/.m2/repository/com/google/api/grpc/proto-google-common-protos/1.0.0/proto-google-common-protos-1.0.0.jar:/home/user/.m2/repository/io/grpc/grpc-protobuf-lite/1.17.1/grpc-protobuf-lite-1.17.1.jar:/home/user/.m2/repository/io/grpc/grpc-stub/1.17.1/grpc-stub-1.17.1.jar:/home/user/.m2/repository/org/apache/hadoop/hadoop-ozone-recon/0.5.0-SNAPSHOT/hadoop-ozone-recon-0.5.0-SNAPSHOT.jar:/home/user/.m2/repository/org/apache/hadoop/hadoop-ozone-reconcodegen/0.5.0-SNAPSHOT/hadoop-ozone-reconcodegen-0.5.0-SNAPSHOT.jar:/home/user/.m2/repository/com/google/inject/extensions/guice-multibindings/4.0/guice-multibindings-4.0.jar:/home/user/.m2/repository/com/google/inject/guice/4.0/guice-4.0.jar:/home/user/.m2/repository/aopalliance/aopalliance/1.0/aopalliance-1.0.jar:/home/user/.m2/repository/com/google/inject/extensions/guice-servlet/4.0/guice-servlet-4.0.jar:/home/user/.m2/repository/org/glassfish/jersey/containers/jersey-container-servlet/2.27/jersey-container-servlet-2.27.jar:/home/user/.m2/repository/org/glassfish/hk2/guice-bridge/2.5.0/guice-bridge-2.5.0.jar:/home/user/.m2/repository/org/glassfish/jersey/core/jersey-server/2.27/jersey-server-2.27.jar:/home/user/.m2/repository/org/glassfish/jersey/core/jersey-client/2.27/jersey-client-2.27.jar:/home/user/.m2/repository/org/glassfish/jersey/media/jersey-media-jaxb/2.27/jersey-media-jaxb-2.27.jar:/home/user/.m2/repository/javax/validation/validation-api/1.1.0.Final/validation-api-1.1.0.Final.jar:/home/user/.m2/repository/org/glassfish/jersey/media/jersey-media-json-jackson/2.27/jersey-media-json-jackson-2.27.jar:/home/user/.m2/repository/org/glassfish/jersey/ext/jersey-entity-filtering/2.27/jersey-entity-filtering-2.27.jar:/home/user/.m2/repository/com/google/inject/extensions/guice-assistedinject/4.0/guice-assistedinject-4.0.jar:/home/user/.m2/repository/org/jooq/jooq/3.11.10/jooq-3.11.10.jar:/home/user/.m2/repository/org/jooq/jooq-meta/3.11.10/jooq-meta-3.11.10.jar:/home/user/.m2/repository/org/jooq/jooq-codegen/3.11.10/jooq-codegen-3.11.10.jar:/home/user/.m2/repository/com/jolbox/bonecp/0.8.0.RELEASE/bonecp-0.8.0.RELEASE.jar:/home/user/.m2/repository/org/xerial/sqlite-jdbc/3.25.2/sqlite-jdbc-3.25.2.jar:/home/user/.m2/repository/org/springframework/spring-jdbc/5.1.3.RELEASE/spring-jdbc-5.1.3.RELEASE.jar:/home/user/.m2/repository/org/springframework/spring-beans/5.1.3.RELEASE/spring-beans-5.1.3.RELEASE.jar:/home/user/.m2/repository/org/springframework/spring-core/5.1.3.RELEASE/spring-core-5.1.3.RELEASE.jar:/home/user/.m2/repository/org/springframework/spring-jcl/5.1.3.RELEASE/spring-jcl-5.1.3.RELEASE.jar:/home/user/.m2/repository/org/springframework/spring-tx/5.1.3.RELEASE/spring-tx-5.1.3.RELEASE.jar:/home/user/.m2/repository/org/apache/hadoop/hadoop-ozone-client/0.5.0-SNAPSHOT/hadoop-ozone-client-0.5.0-SNAPSHOT.jar:/home/user/.m2/repository/commons-lang/commons-lang/2.6/commons-lang-2.6.jar:/home/user/.m2/repository/org/apache/hadoop/hadoop-ozone-ozone-manager/0.5.0-SNAPSHOT/hadoop-ozone-ozone-manager-0.5.0-SNAPSHOT-tests.jar:/home/user/.m2/repository/junit/junit/4.11/junit-4.11.jar:/home/user/.m2/repository/org/hamcrest/hamcrest-core/1.3/hamcrest-core-1.3.jar:/home/user/.m2/repository/org/openjdk/jmh/jmh-core/1.19/jmh-core-1.19.jar:/home/user/.m2/repository/net/sf/jopt-simple/jopt-simple/4.6/jopt-simple-4.6.jar:/home/user/.m2/repository/org/apache/commons/commons-math3/3.1.1/commons-math3-3.1.1.jar:/home/user/.m2/repository/org/openjdk/jmh/jmh-generator-annprocess/1.19/jmh-generator-annprocess-1.19.jar:/home/user/.m2/repository/org/mockito/mockito-all/1.8.5/mockito-all-1.8.5.jar:/home/user/.m2/repository/org/apache/hadoop/hadoop-kms/3.2.0/hadoop-kms-3.2.0.jar:/home/user/.m2/repository/org/apache/hadoop/hadoop-auth/3.2.0/hadoop-auth-3.2.0.jar:/home/user/.m2/repository/com/nimbusds/nimbus-jose-jwt/4.41.1/nimbus-jose-jwt-4.41.1.jar:/home/user/.m2/repository/com/github/stephenc/jcip/jcip-annotations/1.0-1/jcip-annotations-1.0-1.jar:/home/user/.m2/repository/net/minidev/json-smart/2.3/json-smart-2.3.jar:/home/user/.m2/repository/net/minidev/accessors-smart/1.2/accessors-smart-1.2.jar:/home/user/.m2/repository/org/ow2/asm/asm/5.0.4/asm-5.0.4.jar:/home/user/.m2/repository/org/apache/curator/curator-framework/2.12.0/curator-framework-2.12.0.jar:/home/user/.m2/repository/com/sun/jersey/jersey-core/1.19/jersey-core-1.19.jar:/home/user/.m2/repository/javax/ws/rs/jsr311-api/1.1.1/jsr311-api-1.1.1.jar:/home/user/.m2/repository/com/sun/jersey/jersey-server/1.19/jersey-server-1.19.jar:/home/user/.m2/repository/javax/servlet/javax.servlet-api/3.1.0/javax.servlet-api-3.1.0.jar:/home/user/.m2/repository/org/eclipse/jetty/jetty-server/9.3.25.v20180904/jetty-server-9.3.25.v20180904.jar:/home/user/.m2/repository/org/eclipse/jetty/jetty-http/9.3.25.v20180904/jetty-http-9.3.25.v20180904.jar:/home/user/.m2/repository/org/eclipse/jetty/jetty-io/9.3.25.v20180904/jetty-io-9.3.25.v20180904.jar:/home/user/.m2/repository/org/eclipse/jetty/jetty-webapp/9.3.25.v20180904/jetty-webapp-9.3.25.v20180904.jar:/home/user/.m2/repository/org/eclipse/jetty/jetty-xml/9.3.25.v20180904/jetty-xml-9.3.25.v20180904.jar:/home/user/.m2/repository/log4j/log4j/1.2.17/log4j-1.2.17.jar:/home/user/.m2/repository/org/slf4j/slf4j-api/1.7.25/slf4j-api-1.7.25.jar:/home/user/.m2/repository/org/slf4j/jul-to-slf4j/1.7.25/jul-to-slf4j-1.7.25.jar:/home/user/.m2/repository/org/eclipse/jetty/jetty-util/9.3.25.v20180904/jetty-util-9.3.25.v20180904.jar:/home/user/.m2/repository/com/fasterxml/jackson/core/jackson-databind/2.9.9/jackson-databind-2.9.9.jar:/home/user/.m2/repository/org/apache/hadoop/hadoop-kms/3.2.0/hadoop-kms-3.2.0-tests.jar:/home/user/.m2/repository/org/apache/hadoop/hadoop-hdds-server-scm/0.5.0-SNAPSHOT/hadoop-hdds-server-scm-0.5.0-SNAPSHOT-tests.jar:/home/user/.m2/repository/org/apache/hadoop/hadoop-hdds-container-service/0.5.0-SNAPSHOT/hadoop-hdds-container-service-0.5.0-SNAPSHOT-tests.jar:/home/user/.m2/repository/org/yaml/snakeyaml/1.16/snakeyaml-1.16.jar:/home/user/.m2/repository/org/apache/hadoop/hadoop-common/3.2.0/hadoop-common-3.2.0-tests.jar:/home/user/.m2/repository/org/apache/hadoop/hadoop-annotations/3.2.0/hadoop-annotations-3.2.0.jar:/usr/lib/jvm/java-1.8-openjdk/jre/../lib/tools.jar:/home/user/.m2/repository/commons-cli/commons-cli/1.2/commons-cli-1.2.jar:/home/user/.m2/repository/org/apache/httpcomponents/httpclient/4.5.2/httpclient-4.5.2.jar:/home/user/.m2/repository/org/apache/httpcomponents/httpcore/4.4.4/httpcore-4.4.4.jar:/home/user/.m2/repository/commons-codec/commons-codec/1.11/commons-codec-1.11.jar:/home/user/.m2/repository/commons-net/commons-net/3.6/commons-net-3.6.jar:/home/user/.m2/repository/commons-collections/commons-collections/3.2.2/commons-collections-3.2.2.jar:/home/user/.m2/repository/org/eclipse/jetty/jetty-servlet/9.3.25.v20180904/jetty-servlet-9.3.25.v20180904.jar:/home/user/.m2/repository/org/eclipse/jetty/jetty-security/9.3.25.v20180904/jetty-security-9.3.25.v20180904.jar:/home/user/.m2/repository/javax/servlet/jsp/jsp-api/2.1/jsp-api-2.1.jar:/home/user/.m2/repository/com/sun/jersey/jersey-servlet/1.19/jersey-servlet-1.19.jar:/home/user/.m2/repository/com/sun/jersey/jersey-json/1.19/jersey-json-1.19.jar:/home/user/.m2/repository/org/codehaus/jettison/jettison/1.1/jettison-1.1.jar:/home/user/.m2/repository/org/codehaus/jackson/jackson-core-asl/1.9.13/jackson-core-asl-1.9.13.jar:/home/user/.m2/repository/org/codehaus/jackson/jackson-mapper-asl/1.9.13/jackson-mapper-asl-1.9.13.jar:/home/user/.m2/repository/org/codehaus/jackson/jackson-jaxrs/1.9.13/jackson-jaxrs-1.9.13.jar:/home/user/.m2/repository/org/codehaus/jackson/jackson-xc/1.9.13/jackson-xc-1.9.13.jar:/home/user/.m2/repository/commons-logging/commons-logging/1.1.3/commons-logging-1.1.3.jar:/home/user/.m2/repository/commons-beanutils/commons-beanutils/1.9.4/commons-beanutils-1.9.4.jar:/home/user/.m2/repository/org/apache/commons/commons-configuration2/2.1.1/commons-configuration2-2.1.1.jar:/home/user/.m2/repository/org/apache/commons/commons-lang3/3.7/commons-lang3-3.7.jar:/home/user/.m2/repository/org/apache/commons/commons-text/1.4/commons-text-1.4.jar:/home/user/.m2/repository/org/apache/avro/avro/1.7.7/avro-1.7.7.jar:/home/user/.m2/repository/com/thoughtworks/paranamer/paranamer/2.3/paranamer-2.3.jar:/home/user/.m2/repository/org/xerial/snappy/snappy-java/1.0.5/snappy-java-1.0.5.jar:/home/user/.m2/repository/com/google/re2j/re2j/1.1/re2j-1.1.jar:/home/user/.m2/repository/com/google/code/gson/gson/2.2.4/gson-2.2.4.jar:/home/user/.m2/repository/com/jcraft/jsch/0.1.54/jsch-0.1.54.jar:/home/user/.m2/repository/org/apache/curator/curator-client/2.12.0/curator-client-2.12.0.jar:/home/user/.m2/repository/org/apache/curator/curator-recipes/2.12.0/curator-recipes-2.12.0.jar:/home/user/.m2/repository/com/google/code/findbugs/jsr305/3.0.0/jsr305-3.0.0.jar:/home/user/.m2/repository/org/apache/htrace/htrace-core4/4.1.0-incubating/htrace-core4-4.1.0-incubating.jar:/home/user/.m2/repository/org/apache/zookeeper/zookeeper/3.4.13/zookeeper-3.4.13.jar:/home/user/.m2/repository/jline/jline/0.9.94/jline-0.9.94.jar:/home/user/.m2/repository/org/apache/yetus/audience-annotations/0.5.0/audience-annotations-0.5.0.jar:/home/user/.m2/repository/org/codehaus/woodstox/stax2-api/3.1.4/stax2-api-3.1.4.jar:/home/user/.m2/repository/com/fasterxml/woodstox/woodstox-core/5.0.3/woodstox-core-5.0.3.jar:/home/user/.m2/repository/dnsjava/dnsjava/2.1.7/dnsjava-2.1.7.jar:/home/user/.m2/repository/org/apache/hadoop/hadoop-hdfs/3.2.0/hadoop-hdfs-3.2.0-tests.jar:/home/user/.m2/repository/org/eclipse/jetty/jetty-util-ajax/9.3.25.v20180904/jetty-util-ajax-9.3.25.v20180904.jar:/home/user/.m2/repository/commons-daemon/commons-daemon/1.0.13/commons-daemon-1.0.13.jar:/home/user/.m2/repository/io/netty/netty/3.10.5.Final/netty-3.10.5.Final.jar:/home/user/.m2/repository/io/netty/netty-all/4.0.52.Final/netty-all-4.0.52.Final.jar:/home/user/.m2/repository/org/fusesource/leveldbjni/leveldbjni-all/1.8/leveldbjni-all-1.8.jar:"/>
    <property name="sun.cpu.endian" value="little"/>
    <property name="user.home" value="/home/user"/>
    <property name="user.language" value="en"/>
    <property name="java.specification.vendor" value="Oracle Corporation"/>
    <property name="java.home" value="/usr/lib/jvm/java-1.8-openjdk/jre"/>
    <property name="java.security.krb5.conf" value="/workdir/hadoop-ozone/integration-test/target/test-classes/krb5.conf"/>
    <property name="basedir" value="/workdir/hadoop-ozone/integration-test"/>
    <property name="file.separator" value="/"/>
    <property name="line.separator" value="&#10;"/>
    <property name="java.vm.specification.vendor" value="Oracle Corporation"/>
    <property name="java.specification.name" value="Java Platform API Specification"/>
    <property name="java.awt.graphicsenv" value="sun.awt.X11GraphicsEnvironment"/>
    <property name="surefire.real.class.path" value="/workdir/hadoop-ozone/integration-test/target/surefire/surefirebooter1918612219231087539.jar"/>
    <property name="hadoop.log.dir" value="/workdir/hadoop-ozone/integration-test/target/log"/>
    <property name="sun.boot.class.path" value="/usr/lib/jvm/java-1.8-openjdk/jre/lib/resources.jar:/usr/lib/jvm/java-1.8-openjdk/jre/lib/rt.jar:/usr/lib/jvm/java-1.8-openjdk/jre/lib/sunrsasign.jar:/usr/lib/jvm/java-1.8-openjdk/jre/lib/jsse.jar:/usr/lib/jvm/java-1.8-openjdk/jre/lib/jce.jar:/usr/lib/jvm/java-1.8-openjdk/jre/lib/charsets.jar:/usr/lib/jvm/java-1.8-openjdk/jre/lib/jfr.jar:/usr/lib/jvm/java-1.8-openjdk/jre/classes"/>
    <property name="sun.management.compiler" value="HotSpot 64-Bit Tiered Compilers"/>
    <property name="java.runtime.version" value="1.8.0_212-b04"/>
    <property name="java.net.preferIPv4Stack" value="true"/>
    <property name="user.name" value="jenkins1000"/>
    <property name="path.separator" value=":"/>
    <property name="java.security.egd" value="file:///dev/urandom"/>
    <property name="os.version" value="3.10.0-957.12.2.el7.x86_64"/>
    <property name="java.endorsed.dirs" value="/usr/lib/jvm/java-1.8-openjdk/jre/lib/endorsed"/>
    <property name="java.runtime.name" value="OpenJDK Runtime Environment"/>
    <property name="file.encoding" value="UTF-8"/>
    <property name="java.vm.name" value="OpenJDK 64-Bit Server VM"/>
    <property name="test.build.webapps" value=""/>
    <property name="localRepository" value="/home/user/.m2/repository"/>
    <property name="java.vendor.url.bug" value="https://icedtea.classpath.org/bugzilla"/>
    <property name="java.io.tmpdir" value="/tmp"/>
    <property name="require.test.libhadoop" value=""/>
    <property name="java.version" value="1.8.0_212"/>
    <property name="user.dir" value="/workdir/hadoop-ozone/integration-test"/>
    <property name="os.arch" value="amd64"/>
    <property name="java.vm.specification.name" value="Java Virtual Machine Specification"/>
    <property name="test.build.classes" value="/workdir/hadoop-ozone/integration-test/target/test-classes"/>
    <property name="java.awt.printerjob" value="sun.print.PSPrinterJob"/>
    <property name="sun.os.patch.level" value="unknown"/>
    <property name="hadoop.tmp.dir" value="/workdir/hadoop-ozone/integration-test/target/tmp"/>
    <property name="java.library.path" value="/usr/lib/jvm/java-1.8-openjdk/jre/lib/amd64/server:/usr/lib/jvm/java-1.8-openjdk/jre/lib/amd64:/usr/lib/jvm/java-1.8-openjdk/jre/../lib/amd64:/workdir/hadoop-ozone/integration-test/target/native/target/usr/local/lib:/workdir/hadoop-ozone/integration-test/../../hadoop-common-project/hadoop-common/target/native/target/usr/local/lib:/usr/java/packages/lib/amd64:/usr/lib64:/lib64:/lib:/usr/lib"/>
    <property name="java.vm.info" value="mixed mode"/>
    <property name="java.vendor" value="IcedTea"/>
    <property name="java.vm.version" value="25.212-b04"/>
    <property name="java.ext.dirs" value="/usr/lib/jvm/java-1.8-openjdk/jre/lib/ext:/usr/java/packages/lib/ext"/>
    <property name="sun.io.unicode.encoding" value="UnicodeLittle"/>
    <property name="java.class.version" value="52.0"/>
  </properties>
  <testcase name="test2DatanodesFailure" classname="org.apache.hadoop.ozone.client.rpc.TestBlockOutputStreamWithFailures" time="44.896"/>
  <testcase name="testDatanodeFailureWithPreAllocation" classname="org.apache.hadoop.ozone.client.rpc.TestBlockOutputStreamWithFailures" time="221.942"/>
  <testcase name="testDatanodeFailureWithSingleNodeRatis" classname="org.apache.hadoop.ozone.client.rpc.TestBlockOutputStreamWithFailures" time="231.171"/>
  <testcase name="testWatchForCommitWithSingleNodeRatis" classname="org.apache.hadoop.ozone.client.rpc.TestBlockOutputStreamWithFailures" time="40.515"/>
  <testcase name="testWatchForCommitDatanodeFailure" classname="org.apache.hadoop.ozone.client.rpc.TestBlockOutputStreamWithFailures" time="53.288">
    <error message="Allocated 0 blocks. Requested 1 blocks" type="INTERNAL_ERROR org.apache.hadoop.ozone.om.exceptions.OMException">INTERNAL_ERROR org.apache.hadoop.ozone.om.exceptions.OMException: Allocated 0 blocks. Requested 1 blocks
	at org.apache.hadoop.ozone.om.protocolPB.OzoneManagerProtocolClientSideTranslatorPB.handleError(OzoneManagerProtocolClientSideTranslatorPB.java:732)
	at org.apache.hadoop.ozone.om.protocolPB.OzoneManagerProtocolClientSideTranslatorPB.openKey(OzoneManagerProtocolClientSideTranslatorPB.java:723)
	at sun.reflect.NativeMethodAccessorImpl.invoke0(Native Method)
	at sun.reflect.NativeMethodAccessorImpl.invoke(NativeMethodAccessorImpl.java:62)
	at sun.reflect.DelegatingMethodAccessorImpl.invoke(DelegatingMethodAccessorImpl.java:43)
	at java.lang.reflect.Method.invoke(Method.java:498)
	at org.apache.hadoop.hdds.tracing.TraceAllMethod.invoke(TraceAllMethod.java:66)
	at com.sun.proxy.$Proxy37.openKey(Unknown Source)
	at org.apache.hadoop.ozone.client.rpc.RpcClient.createKey(RpcClient.java:614)
	at org.apache.hadoop.ozone.client.OzoneBucket.createKey(OzoneBucket.java:325)
	at org.apache.hadoop.ozone.container.ContainerTestHelper.createKey(ContainerTestHelper.java:704)
	at org.apache.hadoop.ozone.client.rpc.TestBlockOutputStreamWithFailures.createKey(TestBlockOutputStreamWithFailures.java:1210)
	at org.apache.hadoop.ozone.client.rpc.TestBlockOutputStreamWithFailures.createKey(TestBlockOutputStreamWithFailures.java:1204)
	at org.apache.hadoop.ozone.client.rpc.TestBlockOutputStreamWithFailures.testWatchForCommitDatanodeFailure(TestBlockOutputStreamWithFailures.java:277)
	at sun.reflect.NativeMethodAccessorImpl.invoke0(Native Method)
	at sun.reflect.NativeMethodAccessorImpl.invoke(NativeMethodAccessorImpl.java:62)
	at sun.reflect.DelegatingMethodAccessorImpl.invoke(DelegatingMethodAccessorImpl.java:43)
	at java.lang.reflect.Method.invoke(Method.java:498)
	at org.junit.runners.model.FrameworkMethod$1.runReflectiveCall(FrameworkMethod.java:47)
	at org.junit.internal.runners.model.ReflectiveCallable.run(ReflectiveCallable.java:12)
	at org.junit.runners.model.FrameworkMethod.invokeExplosively(FrameworkMethod.java:44)
	at org.junit.internal.runners.statements.InvokeMethod.evaluate(InvokeMethod.java:17)
	at org.junit.internal.runners.statements.RunBefores.evaluate(RunBefores.java:26)
	at org.junit.internal.runners.statements.RunAfters.evaluate(RunAfters.java:27)
	at org.junit.runners.ParentRunner.runLeaf(ParentRunner.java:271)
	at org.junit.runners.BlockJUnit4ClassRunner.runChild(BlockJUnit4ClassRunner.java:70)
	at org.junit.runners.BlockJUnit4ClassRunner.runChild(BlockJUnit4ClassRunner.java:50)
	at org.junit.runners.ParentRunner$3.run(ParentRunner.java:238)
	at org.junit.runners.ParentRunner$1.schedule(ParentRunner.java:63)
	at org.junit.runners.ParentRunner.runChildren(ParentRunner.java:236)
	at org.junit.runners.ParentRunner.access$000(ParentRunner.java:53)
	at org.junit.runners.ParentRunner$2.evaluate(ParentRunner.java:229)
	at org.junit.runners.ParentRunner.run(ParentRunner.java:309)
	at org.apache.maven.surefire.junit4.JUnit4Provider.execute(JUnit4Provider.java:365)
	at org.apache.maven.surefire.junit4.JUnit4Provider.executeWithRerun(JUnit4Provider.java:273)
	at org.apache.maven.surefire.junit4.JUnit4Provider.executeTestSet(JUnit4Provider.java:238)
	at org.apache.maven.surefire.junit4.JUnit4Provider.invoke(JUnit4Provider.java:159)
	at org.apache.maven.surefire.booter.ForkedBooter.invokeProviderInSameClassLoader(ForkedBooter.java:384)
	at org.apache.maven.surefire.booter.ForkedBooter.runSuitesInProcess(ForkedBooter.java:345)
	at org.apache.maven.surefire.booter.ForkedBooter.execute(ForkedBooter.java:126)
	at org.apache.maven.surefire.booter.ForkedBooter.main(ForkedBooter.java:418)
</error>
    <system-out><![CDATA[2019-10-02 11:22:11,273 [main] WARN  server.ServerUtils (ServerUtils.java:getScmDbDir(145)) - ozone.scm.db.dirs is not configured. We recommend adding this setting. Falling back to ozone.metadata.dirs instead.
2019-10-02 11:22:11,299 [main] WARN  server.ServerUtils (ServerUtils.java:getScmDbDir(145)) - ozone.scm.db.dirs is not configured. We recommend adding this setting. Falling back to ozone.metadata.dirs instead.
2019-10-02 11:22:11,300 [main] WARN  server.ServerUtils (ServerUtils.java:getScmDbDir(145)) - ozone.scm.db.dirs is not configured. We recommend adding this setting. Falling back to ozone.metadata.dirs instead.
2019-10-02 11:22:11,300 [main] INFO  db.DBStoreBuilder (DBStoreBuilder.java:addTable(110)) - using custom profile for table: deletedBlocks
2019-10-02 11:22:11,300 [main] INFO  db.DBStoreBuilder (DBStoreBuilder.java:processTables(161)) - Using default column profile:DBProfile.DISK for Table:deletedBlocks
2019-10-02 11:22:11,300 [main] INFO  db.DBStoreBuilder (DBStoreBuilder.java:addTable(110)) - using custom profile for table: validCerts
2019-10-02 11:22:11,301 [main] INFO  db.DBStoreBuilder (DBStoreBuilder.java:processTables(161)) - Using default column profile:DBProfile.DISK for Table:validCerts
2019-10-02 11:22:11,301 [main] INFO  db.DBStoreBuilder (DBStoreBuilder.java:addTable(110)) - using custom profile for table: revokedCerts
2019-10-02 11:22:11,301 [main] INFO  db.DBStoreBuilder (DBStoreBuilder.java:processTables(161)) - Using default column profile:DBProfile.DISK for Table:revokedCerts
2019-10-02 11:22:11,301 [main] INFO  db.DBStoreBuilder (DBStoreBuilder.java:addTable(110)) - using custom profile for table: default
2019-10-02 11:22:11,301 [main] INFO  db.DBStoreBuilder (DBStoreBuilder.java:processTables(167)) - Using default column profile:DBProfile.DISK for Table:default
2019-10-02 11:22:11,302 [main] INFO  db.DBStoreBuilder (DBStoreBuilder.java:getDbProfile(198)) - Using default options. DBProfile.DISK
2019-10-02 11:22:11,553 [main] INFO  net.NodeSchemaLoader (NodeSchemaLoader.java:loadSchemaFromFile(125)) - Loading file from sun.misc.CompoundEnumeration@71936a92
2019-10-02 11:22:11,553 [main] INFO  net.NodeSchemaLoader (NodeSchemaLoader.java:loadSchema(171)) - Loading network topology layer schema file
2019-10-02 11:22:11,559 [main] INFO  node.SCMNodeManager (SCMNodeManager.java:<init>(114)) - Entering startup safe mode.
2019-10-02 11:22:11,560 [main] INFO  algorithms.ContainerPlacementPolicyFactory (ContainerPlacementPolicyFactory.java:getPolicy(57)) - Create container placement policy of type org.apache.hadoop.hdds.scm.container.placement.algorithms.SCMContainerPlacementRandom
2019-10-02 11:22:11,560 [main] WARN  server.ServerUtils (ServerUtils.java:getScmDbDir(145)) - ozone.scm.db.dirs is not configured. We recommend adding this setting. Falling back to ozone.metadata.dirs instead.
2019-10-02 11:22:11,663 [main] INFO  pipeline.SCMPipelineManager (SCMPipelineManager.java:initializePipelineState(132)) - No pipeline exists in current db
2019-10-02 11:22:11,664 [main] WARN  server.ServerUtils (ServerUtils.java:getScmDbDir(145)) - ozone.scm.db.dirs is not configured. We recommend adding this setting. Falling back to ozone.metadata.dirs instead.
2019-10-02 11:22:11,772 [main] WARN  events.EventQueue (EventQueue.java:fireEvent(183)) - No event handler registered for event TypedEvent{payloadType=SafeModeStatus, name='SafeModeStatus'}
2019-10-02 11:22:11,773 [main] INFO  ipc.CallQueueManager (CallQueueManager.java:<init>(84)) - Using callQueue: class java.util.concurrent.LinkedBlockingQueue, queueCapacity: 2000, scheduler: class org.apache.hadoop.ipc.DefaultRpcScheduler, ipcBackoff: false.
2019-10-02 11:22:11,774 [Socket Reader #1 for port 40634] INFO  ipc.Server (Server.java:run(1074)) - Starting Socket Reader #1 for port 40634
2019-10-02 11:22:11,776 [main] INFO  ipc.CallQueueManager (CallQueueManager.java:<init>(84)) - Using callQueue: class java.util.concurrent.LinkedBlockingQueue, queueCapacity: 2000, scheduler: class org.apache.hadoop.ipc.DefaultRpcScheduler, ipcBackoff: false.
2019-10-02 11:22:11,777 [Socket Reader #1 for port 42177] INFO  ipc.Server (Server.java:run(1074)) - Starting Socket Reader #1 for port 42177
2019-10-02 11:22:11,778 [main] INFO  ipc.CallQueueManager (CallQueueManager.java:<init>(84)) - Using callQueue: class java.util.concurrent.LinkedBlockingQueue, queueCapacity: 2000, scheduler: class org.apache.hadoop.ipc.DefaultRpcScheduler, ipcBackoff: false.
2019-10-02 11:22:11,779 [Socket Reader #1 for port 39339] INFO  ipc.Server (Server.java:run(1074)) - Starting Socket Reader #1 for port 39339
2019-10-02 11:22:11,781 [main] INFO  hdfs.DFSUtil (DFSUtil.java:httpServerTemplateForNNAndJN(1641)) - Starting Web-server for scm at: http://0.0.0.0:0
2019-10-02 11:22:11,783 [main] INFO  server.AuthenticationFilter (AuthenticationFilter.java:constructSecretProvider(240)) - Unable to initialize FileSignerSecretProvider, falling back to use random secrets.
2019-10-02 11:22:11,783 [main] WARN  http.HttpRequestLog (HttpRequestLog.java:getRequestLog(97)) - Jetty request log can only be enabled using Log4j
2019-10-02 11:22:11,785 [main] INFO  http.HttpServer2 (HttpServer2.java:addGlobalFilter(975)) - Added global filter 'safety' (class=org.apache.hadoop.http.HttpServer2$QuotingInputFilter)
2019-10-02 11:22:11,785 [main] INFO  http.HttpServer2 (HttpServer2.java:addFilter(948)) - Added filter static_user_filter (class=org.apache.hadoop.http.lib.StaticUserWebFilter$StaticUserFilter) to context scm
2019-10-02 11:22:11,785 [main] INFO  http.HttpServer2 (HttpServer2.java:addFilter(958)) - Added filter static_user_filter (class=org.apache.hadoop.http.lib.StaticUserWebFilter$StaticUserFilter) to context logs
2019-10-02 11:22:11,785 [main] INFO  http.HttpServer2 (HttpServer2.java:addFilter(958)) - Added filter static_user_filter (class=org.apache.hadoop.http.lib.StaticUserWebFilter$StaticUserFilter) to context static
2019-10-02 11:22:11,787 [main] INFO  server.StorageContainerManager (StorageContainerManager.java:start(770)) - StorageContainerLocationProtocol RPC server is listening at /0.0.0.0:39339
2019-10-02 11:22:11,789 [main] WARN  impl.MetricsConfig (MetricsConfig.java:loadFirst(134)) - Cannot locate configuration: tried hadoop-metrics2-storagecontainermanager.properties,hadoop-metrics2.properties
2019-10-02 11:22:11,790 [main] INFO  impl.MetricsSystemImpl (MetricsSystemImpl.java:startTimer(374)) - Scheduled Metric snapshot period at 10 second(s).
2019-10-02 11:22:11,790 [main] INFO  impl.MetricsSystemImpl (MetricsSystemImpl.java:start(191)) - StorageContainerManager metrics system started
2019-10-02 11:22:11,898 [main] WARN  impl.MetricsSystemImpl (MetricsSystemImpl.java:register(276)) - Sink prometheus already exists!
2019-10-02 11:22:11,945 [main] INFO  server.SCMClientProtocolServer (SCMClientProtocolServer.java:start(150)) - RPC server for Client  is listening at /0.0.0.0:39339
2019-10-02 11:22:11,946 [IPC Server Responder] INFO  ipc.Server (Server.java:run(1314)) - IPC Server Responder: starting
2019-10-02 11:22:11,946 [IPC Server listener on 39339] INFO  ipc.Server (Server.java:run(1153)) - IPC Server listener on 39339: starting
2019-10-02 11:22:11,950 [main] INFO  server.StorageContainerManager (StorageContainerManager.java:start(780)) - ScmBlockLocationProtocol RPC server is listening at /0.0.0.0:42177
2019-10-02 11:22:11,950 [main] INFO  server.SCMBlockProtocolServer (SCMBlockProtocolServer.java:start(146)) - RPC server for Block Protocol is listening at /0.0.0.0:42177
2019-10-02 11:22:11,950 [IPC Server Responder] INFO  ipc.Server (Server.java:run(1314)) - IPC Server Responder: starting
2019-10-02 11:22:11,950 [IPC Server listener on 42177] INFO  ipc.Server (Server.java:run(1153)) - IPC Server listener on 42177: starting
2019-10-02 11:22:11,953 [main] INFO  server.StorageContainerManager (StorageContainerManager.java:start(784)) - ScmDatanodeProtocl RPC server is listening at /0.0.0.0:40634
2019-10-02 11:22:11,953 [main] INFO  server.SCMDatanodeProtocolServer (SCMDatanodeProtocolServer.java:start(191)) - RPC server for DataNodes is listening at /0.0.0.0:40634
2019-10-02 11:22:11,954 [IPC Server Responder] INFO  ipc.Server (Server.java:run(1314)) - IPC Server Responder: starting
2019-10-02 11:22:11,954 [IPC Server listener on 40634] INFO  ipc.Server (Server.java:run(1153)) - IPC Server listener on 40634: starting
2019-10-02 11:22:11,957 [main] INFO  http.HttpServer2 (HttpServer2.java:bindListener(1191)) - Jetty bound to port 44692
2019-10-02 11:22:11,957 [main] INFO  server.Server (Server.java:doStart(351)) - jetty-9.3.25.v20180904, build timestamp: 2018-09-04T21:11:46Z, git hash: 3ce520221d0240229c862b122d2b06c12a625732
2019-10-02 11:22:11,959 [main] INFO  handler.ContextHandler (ContextHandler.java:doStart(781)) - Started o.e.j.s.ServletContextHandler@48d739f{/logs,file:///workdir/hadoop-ozone/integration-test/target/log,AVAILABLE}
2019-10-02 11:22:11,959 [main] INFO  handler.ContextHandler (ContextHandler.java:doStart(781)) - Started o.e.j.s.ServletContextHandler@65cc5252{/static,file:///workdir/hadoop-ozone/integration-test/target/test-classes/webapps/static,AVAILABLE}
2019-10-02 11:22:11,963 [main] INFO  handler.ContextHandler (ContextHandler.java:doStart(781)) - Started o.e.j.w.WebAppContext@1c5d3a37{/,file:///workdir/hadoop-ozone/integration-test/target/test-classes/webapps/scm/,AVAILABLE}{/scm}
2019-10-02 11:22:11,963 [main] INFO  server.AbstractConnector (AbstractConnector.java:doStart(278)) - Started ServerConnector@7e3d2ebd{HTTP/1.1,[http/1.1]}{0.0.0.0:44692}
2019-10-02 11:22:11,964 [main] INFO  server.Server (Server.java:doStart(419)) - Started @539824ms
2019-10-02 11:22:11,964 [main] WARN  impl.MetricsSystemImpl (MetricsSystemImpl.java:register(276)) - Sink prometheus already exists!
2019-10-02 11:22:11,965 [main] INFO  server.BaseHttpServer (BaseHttpServer.java:updateConnectorAddress(215)) - HTTP server of SCM is listening at http://0.0.0.0:44692
2019-10-02 11:22:11,966 [main] WARN  server.ServerUtils (ServerUtils.java:getDBPath(222)) - ozone.om.db.dirs is not configured. We recommend adding this setting. Falling back to ozone.metadata.dirs instead.
2019-10-02 11:22:11,966 [org.apache.hadoop.util.JvmPauseMonitor$Monitor@3a4a5f3c] INFO  util.JvmPauseMonitor (JvmPauseMonitor.java:run(188)) - Starting JVM pause monitor
2019-10-02 11:22:11,990 [main] WARN  server.ServerUtils (ServerUtils.java:getDBPath(222)) - ozone.om.db.dirs is not configured. We recommend adding this setting. Falling back to ozone.metadata.dirs instead.
2019-10-02 11:22:11,990 [main] WARN  server.ServerUtils (ServerUtils.java:getDBPath(222)) - ozone.om.db.dirs is not configured. We recommend adding this setting. Falling back to ozone.metadata.dirs instead.
2019-10-02 11:22:11,990 [main] INFO  om.OzoneManager (OzoneManager.java:setOMNodeDetails(652)) - OM Service ID is not set. Setting it to the default ID: omServiceIdDefault
2019-10-02 11:22:11,990 [main] INFO  om.OzoneManager (OzoneManager.java:setOMNodeDetails(658)) - OM Node ID is not set. Setting it to the OmStorage's OmID: 23f4d35e-4481-4a93-9236-e3b6f8aa7884
2019-10-02 11:22:11,991 [main] INFO  om.OzoneManager (OzoneManager.java:loadOMHAConfigs(609)) - Found matching OM address with OMServiceId: null, OMNodeId: null, RPC Address: localhost:0 and Ratis port: 9872
2019-10-02 11:22:11,996 [main] WARN  server.ServerUtils (ServerUtils.java:getDBPath(222)) - ozone.om.db.dirs is not configured. We recommend adding this setting. Falling back to ozone.metadata.dirs instead.
2019-10-02 11:22:11,996 [main] INFO  db.DBStoreBuilder (DBStoreBuilder.java:addTable(110)) - using custom profile for table: userTable
2019-10-02 11:22:11,996 [main] INFO  db.DBStoreBuilder (DBStoreBuilder.java:processTables(161)) - Using default column profile:DBProfile.DISK for Table:userTable
2019-10-02 11:22:11,996 [main] INFO  db.DBStoreBuilder (DBStoreBuilder.java:addTable(110)) - using custom profile for table: volumeTable
2019-10-02 11:22:11,996 [main] INFO  db.DBStoreBuilder (DBStoreBuilder.java:processTables(161)) - Using default column profile:DBProfile.DISK for Table:volumeTable
2019-10-02 11:22:11,997 [main] INFO  db.DBStoreBuilder (DBStoreBuilder.java:addTable(110)) - using custom profile for table: bucketTable
2019-10-02 11:22:11,997 [main] INFO  db.DBStoreBuilder (DBStoreBuilder.java:processTables(161)) - Using default column profile:DBProfile.DISK for Table:bucketTable
2019-10-02 11:22:11,997 [main] INFO  db.DBStoreBuilder (DBStoreBuilder.java:addTable(110)) - using custom profile for table: keyTable
2019-10-02 11:22:11,997 [main] INFO  db.DBStoreBuilder (DBStoreBuilder.java:processTables(161)) - Using default column profile:DBProfile.DISK for Table:keyTable
2019-10-02 11:22:11,997 [main] INFO  db.DBStoreBuilder (DBStoreBuilder.java:addTable(110)) - using custom profile for table: deletedTable
2019-10-02 11:22:11,997 [main] INFO  db.DBStoreBuilder (DBStoreBuilder.java:processTables(161)) - Using default column profile:DBProfile.DISK for Table:deletedTable
2019-10-02 11:22:11,997 [main] INFO  db.DBStoreBuilder (DBStoreBuilder.java:addTable(110)) - using custom profile for table: openKeyTable
2019-10-02 11:22:11,998 [main] INFO  db.DBStoreBuilder (DBStoreBuilder.java:processTables(161)) - Using default column profile:DBProfile.DISK for Table:openKeyTable
2019-10-02 11:22:11,998 [main] INFO  db.DBStoreBuilder (DBStoreBuilder.java:addTable(110)) - using custom profile for table: s3Table
2019-10-02 11:22:11,998 [main] INFO  db.DBStoreBuilder (DBStoreBuilder.java:processTables(161)) - Using default column profile:DBProfile.DISK for Table:s3Table
2019-10-02 11:22:11,998 [main] INFO  db.DBStoreBuilder (DBStoreBuilder.java:addTable(110)) - using custom profile for table: multipartInfoTable
2019-10-02 11:22:11,998 [main] INFO  db.DBStoreBuilder (DBStoreBuilder.java:processTables(161)) - Using default column profile:DBProfile.DISK for Table:multipartInfoTable
2019-10-02 11:22:11,998 [main] INFO  db.DBStoreBuilder (DBStoreBuilder.java:addTable(110)) - using custom profile for table: dTokenTable
2019-10-02 11:22:11,998 [main] INFO  db.DBStoreBuilder (DBStoreBuilder.java:processTables(161)) - Using default column profile:DBProfile.DISK for Table:dTokenTable
2019-10-02 11:22:11,999 [main] INFO  db.DBStoreBuilder (DBStoreBuilder.java:addTable(110)) - using custom profile for table: s3SecretTable
2019-10-02 11:22:11,999 [main] INFO  db.DBStoreBuilder (DBStoreBuilder.java:processTables(161)) - Using default column profile:DBProfile.DISK for Table:s3SecretTable
2019-10-02 11:22:11,999 [main] INFO  db.DBStoreBuilder (DBStoreBuilder.java:addTable(110)) - using custom profile for table: prefixTable
2019-10-02 11:22:11,999 [main] INFO  db.DBStoreBuilder (DBStoreBuilder.java:processTables(161)) - Using default column profile:DBProfile.DISK for Table:prefixTable
2019-10-02 11:22:11,999 [main] INFO  db.DBStoreBuilder (DBStoreBuilder.java:addTable(110)) - using custom profile for table: default
2019-10-02 11:22:11,999 [main] INFO  db.DBStoreBuilder (DBStoreBuilder.java:processTables(167)) - Using default column profile:DBProfile.DISK for Table:default
2019-10-02 11:22:11,999 [main] INFO  db.DBStoreBuilder (DBStoreBuilder.java:getDbProfile(198)) - Using default options. DBProfile.DISK
2019-10-02 11:22:14,299 [main] INFO  ipc.CallQueueManager (CallQueueManager.java:<init>(84)) - Using callQueue: class java.util.concurrent.LinkedBlockingQueue, queueCapacity: 2000, scheduler: class org.apache.hadoop.ipc.DefaultRpcScheduler, ipcBackoff: false.
2019-10-02 11:22:14,300 [Socket Reader #1 for port 40416] INFO  ipc.Server (Server.java:run(1074)) - Starting Socket Reader #1 for port 40416
2019-10-02 11:22:14,315 [main] INFO  om.OzoneManager (OzoneManager.java:start(1243)) - OzoneManager RPC server is listening at localhost/127.0.0.1:40416
2019-10-02 11:22:14,315 [main] INFO  impl.MetricsSystemImpl (MetricsSystemImpl.java:init(158)) - OzoneManager metrics system started (again)
2019-10-02 11:22:14,315 [IPC Server Responder] INFO  ipc.Server (Server.java:run(1314)) - IPC Server Responder: starting
2019-10-02 11:22:14,317 [IPC Server listener on 40416] INFO  ipc.Server (Server.java:run(1153)) - IPC Server listener on 40416: starting
2019-10-02 11:22:14,323 [main] INFO  hdfs.DFSUtil (DFSUtil.java:httpServerTemplateForNNAndJN(1641)) - Starting Web-server for ozoneManager at: http://0.0.0.0:0
2019-10-02 11:22:14,326 [main] INFO  server.AuthenticationFilter (AuthenticationFilter.java:constructSecretProvider(240)) - Unable to initialize FileSignerSecretProvider, falling back to use random secrets.
2019-10-02 11:22:14,327 [main] WARN  http.HttpRequestLog (HttpRequestLog.java:getRequestLog(97)) - Jetty request log can only be enabled using Log4j
2019-10-02 11:22:14,329 [main] INFO  http.HttpServer2 (HttpServer2.java:addGlobalFilter(975)) - Added global filter 'safety' (class=org.apache.hadoop.http.HttpServer2$QuotingInputFilter)
2019-10-02 11:22:14,330 [main] INFO  http.HttpServer2 (HttpServer2.java:addFilter(948)) - Added filter static_user_filter (class=org.apache.hadoop.http.lib.StaticUserWebFilter$StaticUserFilter) to context ozoneManager
2019-10-02 11:22:14,330 [main] INFO  http.HttpServer2 (HttpServer2.java:addFilter(958)) - Added filter static_user_filter (class=org.apache.hadoop.http.lib.StaticUserWebFilter$StaticUserFilter) to context static
2019-10-02 11:22:14,330 [main] INFO  http.HttpServer2 (HttpServer2.java:addFilter(958)) - Added filter static_user_filter (class=org.apache.hadoop.http.lib.StaticUserWebFilter$StaticUserFilter) to context logs
2019-10-02 11:22:14,331 [main] INFO  http.HttpServer2 (HttpServer2.java:bindListener(1191)) - Jetty bound to port 42994
2019-10-02 11:22:14,332 [main] INFO  server.Server (Server.java:doStart(351)) - jetty-9.3.25.v20180904, build timestamp: 2018-09-04T21:11:46Z, git hash: 3ce520221d0240229c862b122d2b06c12a625732
2019-10-02 11:22:14,334 [main] INFO  handler.ContextHandler (ContextHandler.java:doStart(781)) - Started o.e.j.s.ServletContextHandler@4137aab0{/logs,file:///workdir/hadoop-ozone/integration-test/target/log,AVAILABLE}
2019-10-02 11:22:14,334 [main] INFO  handler.ContextHandler (ContextHandler.java:doStart(781)) - Started o.e.j.s.ServletContextHandler@682e422c{/static,file:///workdir/hadoop-ozone/integration-test/target/test-classes/webapps/static,AVAILABLE}
2019-10-02 11:22:14,657 [main] INFO  handler.ContextHandler (ContextHandler.java:doStart(781)) - Started o.e.j.w.WebAppContext@34a6d9db{/,file:///workdir/hadoop-ozone/integration-test/target/test-classes/webapps/ozoneManager/,AVAILABLE}{/ozoneManager}
2019-10-02 11:22:14,657 [main] INFO  server.AbstractConnector (AbstractConnector.java:doStart(278)) - Started ServerConnector@52ecc989{HTTP/1.1,[http/1.1]}{0.0.0.0:42994}
2019-10-02 11:22:14,658 [main] INFO  server.Server (Server.java:doStart(419)) - Started @542517ms
2019-10-02 11:22:14,659 [main] WARN  impl.MetricsSystemImpl (MetricsSystemImpl.java:register(276)) - Sink prometheus already exists!
2019-10-02 11:22:14,660 [main] INFO  server.BaseHttpServer (BaseHttpServer.java:updateConnectorAddress(215)) - HTTP server of OZONEMANAGER is listening at http://0.0.0.0:42994
2019-10-02 11:22:14,677 [main] INFO  impl.MetricsSystemImpl (MetricsSystemImpl.java:init(158)) - HddsDatanode metrics system started (again)
2019-10-02 11:22:14,682 [main] INFO  ozone.HddsDatanodeService (HddsDatanodeService.java:start(184)) - HddsDatanodeService host:pr-trunk-5xjmm-2411255686 ip:192.168.30.53
2019-10-02 11:22:14,688 [main] INFO  volume.HddsVolume (HddsVolume.java:<init>(176)) - Creating Volume: /workdir/hadoop-ozone/integration-test/target/test-dir/MiniOzoneClusterImpl-c6132511-5fdd-4faf-bdf1-f98df057b2f6/datanode-0/data/containers/hdds of  storage type : DISK and capacity : 1482555576320
2019-10-02 11:22:14,689 [main] INFO  volume.VolumeSet (VolumeSet.java:initializeVolumeSet(170)) - Added Volume : /workdir/hadoop-ozone/integration-test/target/test-dir/MiniOzoneClusterImpl-c6132511-5fdd-4faf-bdf1-f98df057b2f6/datanode-0/data/containers/hdds to VolumeSet
2019-10-02 11:22:14,689 [main] INFO  volume.ThrottledAsyncChecker (ThrottledAsyncChecker.java:schedule(139)) - Scheduling a check for org.apache.hadoop.ozone.container.common.volume.HddsVolume@2c06b113
2019-10-02 11:22:14,690 [main] INFO  volume.HddsVolumeChecker (HddsVolumeChecker.java:checkAllVolumes(202)) - Scheduled health check for volume org.apache.hadoop.ozone.container.common.volume.HddsVolume@2c06b113
2019-10-02 11:22:14,709 [main] INFO  impl.RaftServerProxy (ConfUtils.java:logGet(43)) - raft.rpc.type = GRPC (default)
2019-10-02 11:22:14,709 [main] INFO  grpc.GrpcFactory (GrpcFactory.java:checkPooledByteBufAllocatorUseCacheForAllThreads(45)) - PERFORMANCE WARNING: useCacheForAllThreads is true that may cause Netty to create a lot garbage objects and, as a result, trigger GC.
	It is recommended to disable useCacheForAllThreads by setting -Dorg.apache.ratis.thirdparty.io.netty.allocator.useCacheForAllThreads=false in command line.
2019-10-02 11:22:14,709 [main] INFO  grpc.GrpcConfigKeys$Server (ConfUtils.java:logGet(43)) - raft.grpc.server.port = 0 (default)
2019-10-02 11:22:14,710 [main] INFO  server.GrpcService (ConfUtils.java:logGet(43)) - raft.grpc.message.size.max = 33570816 (custom)
2019-10-02 11:22:14,710 [main] INFO  server.RaftServerConfigKeys (ConfUtils.java:logGet(43)) - raft.server.log.appender.buffer.byte-limit = 33554432 (custom)
2019-10-02 11:22:14,710 [main] INFO  server.GrpcService (ConfUtils.java:logGet(43)) - raft.grpc.flow.control.window = 1MB (=1048576) (default)
2019-10-02 11:22:14,710 [main] INFO  server.RaftServerConfigKeys (ConfUtils.java:logGet(43)) - raft.server.rpc.request.timeout = 3000ms (default)
2019-10-02 11:22:14,711 [main] INFO  server.RaftServerConfigKeys (ConfUtils.java:logGet(43)) - raft.server.storage.dir = [/workdir/hadoop-ozone/integration-test/target/test-dir/MiniOzoneClusterImpl-c6132511-5fdd-4faf-bdf1-f98df057b2f6/datanode-0/data/ratis] (custom)
2019-10-02 11:22:14,713 [main] INFO  hdfs.DFSUtil (DFSUtil.java:httpServerTemplateForNNAndJN(1641)) - Starting Web-server for hddsDatanode at: http://0.0.0.0:0
2019-10-02 11:22:14,715 [main] INFO  server.AuthenticationFilter (AuthenticationFilter.java:constructSecretProvider(240)) - Unable to initialize FileSignerSecretProvider, falling back to use random secrets.
2019-10-02 11:22:14,716 [main] WARN  http.HttpRequestLog (HttpRequestLog.java:getRequestLog(97)) - Jetty request log can only be enabled using Log4j
2019-10-02 11:22:14,718 [main] INFO  http.HttpServer2 (HttpServer2.java:addGlobalFilter(975)) - Added global filter 'safety' (class=org.apache.hadoop.http.HttpServer2$QuotingInputFilter)
2019-10-02 11:22:14,719 [main] INFO  http.HttpServer2 (HttpServer2.java:addFilter(948)) - Added filter static_user_filter (class=org.apache.hadoop.http.lib.StaticUserWebFilter$StaticUserFilter) to context hddsDatanode
2019-10-02 11:22:14,719 [main] INFO  http.HttpServer2 (HttpServer2.java:addFilter(958)) - Added filter static_user_filter (class=org.apache.hadoop.http.lib.StaticUserWebFilter$StaticUserFilter) to context static
2019-10-02 11:22:14,719 [main] INFO  http.HttpServer2 (HttpServer2.java:addFilter(958)) - Added filter static_user_filter (class=org.apache.hadoop.http.lib.StaticUserWebFilter$StaticUserFilter) to context logs
2019-10-02 11:22:14,720 [main] INFO  http.HttpServer2 (HttpServer2.java:bindListener(1191)) - Jetty bound to port 41406
2019-10-02 11:22:14,720 [main] INFO  server.Server (Server.java:doStart(351)) - jetty-9.3.25.v20180904, build timestamp: 2018-09-04T21:11:46Z, git hash: 3ce520221d0240229c862b122d2b06c12a625732
2019-10-02 11:22:14,722 [main] INFO  handler.ContextHandler (ContextHandler.java:doStart(781)) - Started o.e.j.s.ServletContextHandler@78b03788{/logs,file:///workdir/hadoop-ozone/integration-test/target/log,AVAILABLE}
2019-10-02 11:22:14,723 [main] INFO  handler.ContextHandler (ContextHandler.java:doStart(781)) - Started o.e.j.s.ServletContextHandler@571a663c{/static,jar:file:/home/user/.m2/repository/org/apache/hadoop/hadoop-hdds-container-service/0.5.0-SNAPSHOT/hadoop-hdds-container-service-0.5.0-SNAPSHOT.jar!/webapps/static,AVAILABLE}
2019-10-02 11:22:14,795 [main] INFO  handler.ContextHandler (ContextHandler.java:doStart(781)) - Started o.e.j.w.WebAppContext@2484dbb7{/,file:///tmp/jetty-0.0.0.0-41406-hddsDatanode-_-any-5607903233354533966.dir/webapp/,AVAILABLE}{/hddsDatanode}
2019-10-02 11:22:14,796 [main] INFO  server.AbstractConnector (AbstractConnector.java:doStart(278)) - Started ServerConnector@111cba40{HTTP/1.1,[http/1.1]}{0.0.0.0:41406}
2019-10-02 11:22:14,798 [main] INFO  server.Server (Server.java:doStart(419)) - Started @542657ms
2019-10-02 11:22:14,798 [main] WARN  impl.MetricsSystemImpl (MetricsSystemImpl.java:register(276)) - Sink prometheus already exists!
2019-10-02 11:22:14,798 [main] INFO  server.BaseHttpServer (BaseHttpServer.java:updateConnectorAddress(215)) - HTTP server of HDDSDATANODE is listening at http://0.0.0.0:41406
2019-10-02 11:22:14,799 [main] INFO  impl.MetricsSystemImpl (MetricsSystemImpl.java:init(158)) - HddsDatanode metrics system started (again)
2019-10-02 11:22:14,803 [org.apache.hadoop.util.JvmPauseMonitor$Monitor@2c504cf3] INFO  util.JvmPauseMonitor (JvmPauseMonitor.java:run(188)) - Starting JVM pause monitor
2019-10-02 11:22:14,804 [main] INFO  ozone.HddsDatanodeService (HddsDatanodeService.java:start(184)) - HddsDatanodeService host:pr-trunk-5xjmm-2411255686 ip:192.168.30.53
2019-10-02 11:22:14,805 [Datanode State Machine Thread - 0] INFO  datanode.InitDatanodeState (InitDatanodeState.java:persistContainerDatanodeDetails(140)) - DatanodeDetails is persisted to /workdir/hadoop-ozone/integration-test/target/test-dir/MiniOzoneClusterImpl-c6132511-5fdd-4faf-bdf1-f98df057b2f6/datanode-0/meta/datanode.id
2019-10-02 11:22:14,810 [main] INFO  volume.HddsVolume (HddsVolume.java:<init>(176)) - Creating Volume: /workdir/hadoop-ozone/integration-test/target/test-dir/MiniOzoneClusterImpl-c6132511-5fdd-4faf-bdf1-f98df057b2f6/datanode-1/data/containers/hdds of  storage type : DISK and capacity : 1482555576320
2019-10-02 11:22:14,811 [main] INFO  volume.VolumeSet (VolumeSet.java:initializeVolumeSet(170)) - Added Volume : /workdir/hadoop-ozone/integration-test/target/test-dir/MiniOzoneClusterImpl-c6132511-5fdd-4faf-bdf1-f98df057b2f6/datanode-1/data/containers/hdds to VolumeSet
2019-10-02 11:22:14,811 [main] INFO  volume.ThrottledAsyncChecker (ThrottledAsyncChecker.java:schedule(139)) - Scheduling a check for org.apache.hadoop.ozone.container.common.volume.HddsVolume@2e952845
2019-10-02 11:22:14,811 [main] INFO  volume.HddsVolumeChecker (HddsVolumeChecker.java:checkAllVolumes(202)) - Scheduled health check for volume org.apache.hadoop.ozone.container.common.volume.HddsVolume@2e952845
2019-10-02 11:22:14,824 [main] INFO  impl.RaftServerProxy (ConfUtils.java:logGet(43)) - raft.rpc.type = GRPC (default)
2019-10-02 11:22:14,825 [main] INFO  grpc.GrpcFactory (GrpcFactory.java:checkPooledByteBufAllocatorUseCacheForAllThreads(45)) - PERFORMANCE WARNING: useCacheForAllThreads is true that may cause Netty to create a lot garbage objects and, as a result, trigger GC.
	It is recommended to disable useCacheForAllThreads by setting -Dorg.apache.ratis.thirdparty.io.netty.allocator.useCacheForAllThreads=false in command line.
2019-10-02 11:22:14,825 [main] INFO  grpc.GrpcConfigKeys$Server (ConfUtils.java:logGet(43)) - raft.grpc.server.port = 0 (default)
2019-10-02 11:22:14,825 [main] INFO  server.GrpcService (ConfUtils.java:logGet(43)) - raft.grpc.message.size.max = 33570816 (custom)
2019-10-02 11:22:14,825 [main] INFO  server.RaftServerConfigKeys (ConfUtils.java:logGet(43)) - raft.server.log.appender.buffer.byte-limit = 33554432 (custom)
2019-10-02 11:22:14,825 [main] INFO  server.GrpcService (ConfUtils.java:logGet(43)) - raft.grpc.flow.control.window = 1MB (=1048576) (default)
2019-10-02 11:22:14,825 [main] INFO  server.RaftServerConfigKeys (ConfUtils.java:logGet(43)) - raft.server.rpc.request.timeout = 3000ms (default)
2019-10-02 11:22:14,826 [main] INFO  server.RaftServerConfigKeys (ConfUtils.java:logGet(43)) - raft.server.storage.dir = [/workdir/hadoop-ozone/integration-test/target/test-dir/MiniOzoneClusterImpl-c6132511-5fdd-4faf-bdf1-f98df057b2f6/datanode-1/data/ratis] (custom)
2019-10-02 11:22:14,827 [main] INFO  hdfs.DFSUtil (DFSUtil.java:httpServerTemplateForNNAndJN(1641)) - Starting Web-server for hddsDatanode at: http://0.0.0.0:0
2019-10-02 11:22:14,828 [main] INFO  server.AuthenticationFilter (AuthenticationFilter.java:constructSecretProvider(240)) - Unable to initialize FileSignerSecretProvider, falling back to use random secrets.
2019-10-02 11:22:14,828 [main] WARN  http.HttpRequestLog (HttpRequestLog.java:getRequestLog(97)) - Jetty request log can only be enabled using Log4j
2019-10-02 11:22:14,830 [main] INFO  http.HttpServer2 (HttpServer2.java:addGlobalFilter(975)) - Added global filter 'safety' (class=org.apache.hadoop.http.HttpServer2$QuotingInputFilter)
2019-10-02 11:22:14,830 [main] INFO  http.HttpServer2 (HttpServer2.java:addFilter(948)) - Added filter static_user_filter (class=org.apache.hadoop.http.lib.StaticUserWebFilter$StaticUserFilter) to context hddsDatanode
2019-10-02 11:22:14,830 [main] INFO  http.HttpServer2 (HttpServer2.java:addFilter(958)) - Added filter static_user_filter (class=org.apache.hadoop.http.lib.StaticUserWebFilter$StaticUserFilter) to context static
2019-10-02 11:22:14,830 [main] INFO  http.HttpServer2 (HttpServer2.java:addFilter(958)) - Added filter static_user_filter (class=org.apache.hadoop.http.lib.StaticUserWebFilter$StaticUserFilter) to context logs
2019-10-02 11:22:14,831 [main] INFO  http.HttpServer2 (HttpServer2.java:bindListener(1191)) - Jetty bound to port 39182
2019-10-02 11:22:14,831 [main] INFO  server.Server (Server.java:doStart(351)) - jetty-9.3.25.v20180904, build timestamp: 2018-09-04T21:11:46Z, git hash: 3ce520221d0240229c862b122d2b06c12a625732
2019-10-02 11:22:14,833 [main] INFO  handler.ContextHandler (ContextHandler.java:doStart(781)) - Started o.e.j.s.ServletContextHandler@15d236fd{/logs,file:///workdir/hadoop-ozone/integration-test/target/log,AVAILABLE}
2019-10-02 11:22:14,834 [main] INFO  handler.ContextHandler (ContextHandler.java:doStart(781)) - Started o.e.j.s.ServletContextHandler@584ca390{/static,jar:file:/home/user/.m2/repository/org/apache/hadoop/hadoop-hdds-container-service/0.5.0-SNAPSHOT/hadoop-hdds-container-service-0.5.0-SNAPSHOT.jar!/webapps/static,AVAILABLE}
2019-10-02 11:22:14,860 [main] INFO  handler.ContextHandler (ContextHandler.java:doStart(781)) - Started o.e.j.w.WebAppContext@16681017{/,file:///tmp/jetty-0.0.0.0-39182-hddsDatanode-_-any-7168953945855903379.dir/webapp/,AVAILABLE}{/hddsDatanode}
2019-10-02 11:22:14,861 [main] INFO  server.AbstractConnector (AbstractConnector.java:doStart(278)) - Started ServerConnector@6aae0e6f{HTTP/1.1,[http/1.1]}{0.0.0.0:39182}
2019-10-02 11:22:14,862 [main] INFO  server.Server (Server.java:doStart(419)) - Started @542722ms
2019-10-02 11:22:14,862 [main] WARN  impl.MetricsSystemImpl (MetricsSystemImpl.java:register(276)) - Sink prometheus already exists!
2019-10-02 11:22:14,863 [main] INFO  server.BaseHttpServer (BaseHttpServer.java:updateConnectorAddress(215)) - HTTP server of HDDSDATANODE is listening at http://0.0.0.0:39182
2019-10-02 11:22:14,863 [main] INFO  impl.MetricsSystemImpl (MetricsSystemImpl.java:init(158)) - HddsDatanode metrics system started (again)
2019-10-02 11:22:14,867 [org.apache.hadoop.util.JvmPauseMonitor$Monitor@74c7c251] INFO  util.JvmPauseMonitor (JvmPauseMonitor.java:run(188)) - Starting JVM pause monitor
2019-10-02 11:22:14,868 [main] INFO  ozone.HddsDatanodeService (HddsDatanodeService.java:start(184)) - HddsDatanodeService host:pr-trunk-5xjmm-2411255686 ip:192.168.30.53
2019-10-02 11:22:14,869 [Datanode State Machine Thread - 0] INFO  datanode.InitDatanodeState (InitDatanodeState.java:persistContainerDatanodeDetails(140)) - DatanodeDetails is persisted to /workdir/hadoop-ozone/integration-test/target/test-dir/MiniOzoneClusterImpl-c6132511-5fdd-4faf-bdf1-f98df057b2f6/datanode-1/meta/datanode.id
2019-10-02 11:22:14,873 [main] INFO  volume.HddsVolume (HddsVolume.java:<init>(176)) - Creating Volume: /workdir/hadoop-ozone/integration-test/target/test-dir/MiniOzoneClusterImpl-c6132511-5fdd-4faf-bdf1-f98df057b2f6/datanode-2/data/containers/hdds of  storage type : DISK and capacity : 1482555576320
2019-10-02 11:22:14,873 [main] INFO  volume.VolumeSet (VolumeSet.java:initializeVolumeSet(170)) - Added Volume : /workdir/hadoop-ozone/integration-test/target/test-dir/MiniOzoneClusterImpl-c6132511-5fdd-4faf-bdf1-f98df057b2f6/datanode-2/data/containers/hdds to VolumeSet
2019-10-02 11:22:14,874 [main] INFO  volume.ThrottledAsyncChecker (ThrottledAsyncChecker.java:schedule(139)) - Scheduling a check for org.apache.hadoop.ozone.container.common.volume.HddsVolume@377dfb8d
2019-10-02 11:22:14,874 [main] INFO  volume.HddsVolumeChecker (HddsVolumeChecker.java:checkAllVolumes(202)) - Scheduled health check for volume org.apache.hadoop.ozone.container.common.volume.HddsVolume@377dfb8d
2019-10-02 11:22:14,892 [main] INFO  impl.RaftServerProxy (ConfUtils.java:logGet(43)) - raft.rpc.type = GRPC (default)
2019-10-02 11:22:14,892 [main] INFO  grpc.GrpcFactory (GrpcFactory.java:checkPooledByteBufAllocatorUseCacheForAllThreads(45)) - PERFORMANCE WARNING: useCacheForAllThreads is true that may cause Netty to create a lot garbage objects and, as a result, trigger GC.
	It is recommended to disable useCacheForAllThreads by setting -Dorg.apache.ratis.thirdparty.io.netty.allocator.useCacheForAllThreads=false in command line.
2019-10-02 11:22:14,892 [main] INFO  grpc.GrpcConfigKeys$Server (ConfUtils.java:logGet(43)) - raft.grpc.server.port = 0 (default)
2019-10-02 11:22:14,893 [main] INFO  server.GrpcService (ConfUtils.java:logGet(43)) - raft.grpc.message.size.max = 33570816 (custom)
2019-10-02 11:22:14,893 [main] INFO  server.RaftServerConfigKeys (ConfUtils.java:logGet(43)) - raft.server.log.appender.buffer.byte-limit = 33554432 (custom)
2019-10-02 11:22:14,893 [main] INFO  server.GrpcService (ConfUtils.java:logGet(43)) - raft.grpc.flow.control.window = 1MB (=1048576) (default)
2019-10-02 11:22:14,893 [main] INFO  server.RaftServerConfigKeys (ConfUtils.java:logGet(43)) - raft.server.rpc.request.timeout = 3000ms (default)
2019-10-02 11:22:14,894 [main] INFO  server.RaftServerConfigKeys (ConfUtils.java:logGet(43)) - raft.server.storage.dir = [/workdir/hadoop-ozone/integration-test/target/test-dir/MiniOzoneClusterImpl-c6132511-5fdd-4faf-bdf1-f98df057b2f6/datanode-2/data/ratis] (custom)
2019-10-02 11:22:14,895 [main] INFO  hdfs.DFSUtil (DFSUtil.java:httpServerTemplateForNNAndJN(1641)) - Starting Web-server for hddsDatanode at: http://0.0.0.0:0
2019-10-02 11:22:14,897 [main] INFO  server.AuthenticationFilter (AuthenticationFilter.java:constructSecretProvider(240)) - Unable to initialize FileSignerSecretProvider, falling back to use random secrets.
2019-10-02 11:22:14,897 [main] WARN  http.HttpRequestLog (HttpRequestLog.java:getRequestLog(97)) - Jetty request log can only be enabled using Log4j
2019-10-02 11:22:14,898 [main] INFO  http.HttpServer2 (HttpServer2.java:addGlobalFilter(975)) - Added global filter 'safety' (class=org.apache.hadoop.http.HttpServer2$QuotingInputFilter)
2019-10-02 11:22:14,899 [main] INFO  http.HttpServer2 (HttpServer2.java:addFilter(948)) - Added filter static_user_filter (class=org.apache.hadoop.http.lib.StaticUserWebFilter$StaticUserFilter) to context hddsDatanode
2019-10-02 11:22:14,899 [main] INFO  http.HttpServer2 (HttpServer2.java:addFilter(958)) - Added filter static_user_filter (class=org.apache.hadoop.http.lib.StaticUserWebFilter$StaticUserFilter) to context static
2019-10-02 11:22:14,899 [main] INFO  http.HttpServer2 (HttpServer2.java:addFilter(958)) - Added filter static_user_filter (class=org.apache.hadoop.http.lib.StaticUserWebFilter$StaticUserFilter) to context logs
2019-10-02 11:22:14,900 [main] INFO  http.HttpServer2 (HttpServer2.java:bindListener(1191)) - Jetty bound to port 32939
2019-10-02 11:22:14,900 [main] INFO  server.Server (Server.java:doStart(351)) - jetty-9.3.25.v20180904, build timestamp: 2018-09-04T21:11:46Z, git hash: 3ce520221d0240229c862b122d2b06c12a625732
2019-10-02 11:22:14,902 [main] INFO  handler.ContextHandler (ContextHandler.java:doStart(781)) - Started o.e.j.s.ServletContextHandler@6e95973c{/logs,file:///workdir/hadoop-ozone/integration-test/target/log,AVAILABLE}
2019-10-02 11:22:14,902 [main] INFO  handler.ContextHandler (ContextHandler.java:doStart(781)) - Started o.e.j.s.ServletContextHandler@71531dd7{/static,jar:file:/home/user/.m2/repository/org/apache/hadoop/hadoop-hdds-container-service/0.5.0-SNAPSHOT/hadoop-hdds-container-service-0.5.0-SNAPSHOT.jar!/webapps/static,AVAILABLE}
2019-10-02 11:22:14,960 [main] INFO  handler.ContextHandler (ContextHandler.java:doStart(781)) - Started o.e.j.w.WebAppContext@58a7dc4{/,file:///tmp/jetty-0.0.0.0-32939-hddsDatanode-_-any-3466533968095475329.dir/webapp/,AVAILABLE}{/hddsDatanode}
2019-10-02 11:22:14,961 [main] INFO  server.AbstractConnector (AbstractConnector.java:doStart(278)) - Started ServerConnector@61b60600{HTTP/1.1,[http/1.1]}{0.0.0.0:32939}
2019-10-02 11:22:14,962 [main] INFO  server.Server (Server.java:doStart(419)) - Started @542822ms
2019-10-02 11:22:14,962 [main] WARN  impl.MetricsSystemImpl (MetricsSystemImpl.java:register(276)) - Sink prometheus already exists!
2019-10-02 11:22:14,963 [main] INFO  server.BaseHttpServer (BaseHttpServer.java:updateConnectorAddress(215)) - HTTP server of HDDSDATANODE is listening at http://0.0.0.0:32939
2019-10-02 11:22:14,963 [main] INFO  impl.MetricsSystemImpl (MetricsSystemImpl.java:init(158)) - HddsDatanode metrics system started (again)
2019-10-02 11:22:14,967 [org.apache.hadoop.util.JvmPauseMonitor$Monitor@7e43ebe4] INFO  util.JvmPauseMonitor (JvmPauseMonitor.java:run(188)) - Starting JVM pause monitor
2019-10-02 11:22:14,968 [main] INFO  ozone.HddsDatanodeService (HddsDatanodeService.java:start(184)) - HddsDatanodeService host:pr-trunk-5xjmm-2411255686 ip:192.168.30.53
2019-10-02 11:22:14,968 [Datanode State Machine Thread - 0] INFO  datanode.InitDatanodeState (InitDatanodeState.java:persistContainerDatanodeDetails(140)) - DatanodeDetails is persisted to /workdir/hadoop-ozone/integration-test/target/test-dir/MiniOzoneClusterImpl-c6132511-5fdd-4faf-bdf1-f98df057b2f6/datanode-2/meta/datanode.id
2019-10-02 11:22:14,973 [main] INFO  volume.HddsVolume (HddsVolume.java:<init>(176)) - Creating Volume: /workdir/hadoop-ozone/integration-test/target/test-dir/MiniOzoneClusterImpl-c6132511-5fdd-4faf-bdf1-f98df057b2f6/datanode-3/data/containers/hdds of  storage type : DISK and capacity : 1482555576320
2019-10-02 11:22:14,973 [main] INFO  volume.VolumeSet (VolumeSet.java:initializeVolumeSet(170)) - Added Volume : /workdir/hadoop-ozone/integration-test/target/test-dir/MiniOzoneClusterImpl-c6132511-5fdd-4faf-bdf1-f98df057b2f6/datanode-3/data/containers/hdds to VolumeSet
2019-10-02 11:22:14,973 [main] INFO  volume.ThrottledAsyncChecker (ThrottledAsyncChecker.java:schedule(139)) - Scheduling a check for org.apache.hadoop.ozone.container.common.volume.HddsVolume@7e191fda
2019-10-02 11:22:14,974 [main] INFO  volume.HddsVolumeChecker (HddsVolumeChecker.java:checkAllVolumes(202)) - Scheduled health check for volume org.apache.hadoop.ozone.container.common.volume.HddsVolume@7e191fda
2019-10-02 11:22:14,986 [main] INFO  impl.RaftServerProxy (ConfUtils.java:logGet(43)) - raft.rpc.type = GRPC (default)
2019-10-02 11:22:14,986 [main] INFO  grpc.GrpcFactory (GrpcFactory.java:checkPooledByteBufAllocatorUseCacheForAllThreads(45)) - PERFORMANCE WARNING: useCacheForAllThreads is true that may cause Netty to create a lot garbage objects and, as a result, trigger GC.
	It is recommended to disable useCacheForAllThreads by setting -Dorg.apache.ratis.thirdparty.io.netty.allocator.useCacheForAllThreads=false in command line.
2019-10-02 11:22:14,986 [main] INFO  grpc.GrpcConfigKeys$Server (ConfUtils.java:logGet(43)) - raft.grpc.server.port = 0 (default)
2019-10-02 11:22:14,986 [main] INFO  server.GrpcService (ConfUtils.java:logGet(43)) - raft.grpc.message.size.max = 33570816 (custom)
2019-10-02 11:22:14,987 [main] INFO  server.RaftServerConfigKeys (ConfUtils.java:logGet(43)) - raft.server.log.appender.buffer.byte-limit = 33554432 (custom)
2019-10-02 11:22:14,987 [main] INFO  server.GrpcService (ConfUtils.java:logGet(43)) - raft.grpc.flow.control.window = 1MB (=1048576) (default)
2019-10-02 11:22:14,987 [main] INFO  server.RaftServerConfigKeys (ConfUtils.java:logGet(43)) - raft.server.rpc.request.timeout = 3000ms (default)
2019-10-02 11:22:14,987 [main] INFO  server.RaftServerConfigKeys (ConfUtils.java:logGet(43)) - raft.server.storage.dir = [/workdir/hadoop-ozone/integration-test/target/test-dir/MiniOzoneClusterImpl-c6132511-5fdd-4faf-bdf1-f98df057b2f6/datanode-3/data/ratis] (custom)
2019-10-02 11:22:14,988 [main] INFO  hdfs.DFSUtil (DFSUtil.java:httpServerTemplateForNNAndJN(1641)) - Starting Web-server for hddsDatanode at: http://0.0.0.0:0
2019-10-02 11:22:14,989 [main] INFO  server.AuthenticationFilter (AuthenticationFilter.java:constructSecretProvider(240)) - Unable to initialize FileSignerSecretProvider, falling back to use random secrets.
2019-10-02 11:22:14,989 [main] WARN  http.HttpRequestLog (HttpRequestLog.java:getRequestLog(97)) - Jetty request log can only be enabled using Log4j
2019-10-02 11:22:14,991 [main] INFO  http.HttpServer2 (HttpServer2.java:addGlobalFilter(975)) - Added global filter 'safety' (class=org.apache.hadoop.http.HttpServer2$QuotingInputFilter)
2019-10-02 11:22:14,991 [main] INFO  http.HttpServer2 (HttpServer2.java:addFilter(948)) - Added filter static_user_filter (class=org.apache.hadoop.http.lib.StaticUserWebFilter$StaticUserFilter) to context hddsDatanode
2019-10-02 11:22:14,991 [main] INFO  http.HttpServer2 (HttpServer2.java:addFilter(958)) - Added filter static_user_filter (class=org.apache.hadoop.http.lib.StaticUserWebFilter$StaticUserFilter) to context static
2019-10-02 11:22:14,991 [main] INFO  http.HttpServer2 (HttpServer2.java:addFilter(958)) - Added filter static_user_filter (class=org.apache.hadoop.http.lib.StaticUserWebFilter$StaticUserFilter) to context logs
2019-10-02 11:22:14,992 [main] INFO  http.HttpServer2 (HttpServer2.java:bindListener(1191)) - Jetty bound to port 38095
2019-10-02 11:22:14,992 [main] INFO  server.Server (Server.java:doStart(351)) - jetty-9.3.25.v20180904, build timestamp: 2018-09-04T21:11:46Z, git hash: 3ce520221d0240229c862b122d2b06c12a625732
2019-10-02 11:22:14,993 [main] INFO  handler.ContextHandler (ContextHandler.java:doStart(781)) - Started o.e.j.s.ServletContextHandler@79195c22{/logs,file:///workdir/hadoop-ozone/integration-test/target/log,AVAILABLE}
2019-10-02 11:22:14,993 [main] INFO  handler.ContextHandler (ContextHandler.java:doStart(781)) - Started o.e.j.s.ServletContextHandler@70be89ec{/static,jar:file:/home/user/.m2/repository/org/apache/hadoop/hadoop-hdds-container-service/0.5.0-SNAPSHOT/hadoop-hdds-container-service-0.5.0-SNAPSHOT.jar!/webapps/static,AVAILABLE}
2019-10-02 11:22:15,019 [main] INFO  handler.ContextHandler (ContextHandler.java:doStart(781)) - Started o.e.j.w.WebAppContext@2fde9469{/,file:///tmp/jetty-0.0.0.0-38095-hddsDatanode-_-any-453987440285244797.dir/webapp/,AVAILABLE}{/hddsDatanode}
2019-10-02 11:22:15,019 [main] INFO  server.AbstractConnector (AbstractConnector.java:doStart(278)) - Started ServerConnector@1ecf0ac6{HTTP/1.1,[http/1.1]}{0.0.0.0:38095}
2019-10-02 11:22:15,021 [main] INFO  server.Server (Server.java:doStart(419)) - Started @542881ms
2019-10-02 11:22:15,021 [main] WARN  impl.MetricsSystemImpl (MetricsSystemImpl.java:register(276)) - Sink prometheus already exists!
2019-10-02 11:22:15,022 [main] INFO  server.BaseHttpServer (BaseHttpServer.java:updateConnectorAddress(215)) - HTTP server of HDDSDATANODE is listening at http://0.0.0.0:38095
2019-10-02 11:22:15,022 [main] INFO  impl.MetricsSystemImpl (MetricsSystemImpl.java:init(158)) - HddsDatanode metrics system started (again)
2019-10-02 11:22:15,026 [org.apache.hadoop.util.JvmPauseMonitor$Monitor@30914d9c] INFO  util.JvmPauseMonitor (JvmPauseMonitor.java:run(188)) - Starting JVM pause monitor
2019-10-02 11:22:15,027 [main] INFO  ozone.HddsDatanodeService (HddsDatanodeService.java:start(184)) - HddsDatanodeService host:pr-trunk-5xjmm-2411255686 ip:192.168.30.53
2019-10-02 11:22:15,027 [Datanode State Machine Thread - 0] INFO  datanode.InitDatanodeState (InitDatanodeState.java:persistContainerDatanodeDetails(140)) - DatanodeDetails is persisted to /workdir/hadoop-ozone/integration-test/target/test-dir/MiniOzoneClusterImpl-c6132511-5fdd-4faf-bdf1-f98df057b2f6/datanode-3/meta/datanode.id
2019-10-02 11:22:15,032 [main] INFO  volume.HddsVolume (HddsVolume.java:<init>(176)) - Creating Volume: /workdir/hadoop-ozone/integration-test/target/test-dir/MiniOzoneClusterImpl-c6132511-5fdd-4faf-bdf1-f98df057b2f6/datanode-4/data/containers/hdds of  storage type : DISK and capacity : 1482555576320
2019-10-02 11:22:15,032 [main] INFO  volume.VolumeSet (VolumeSet.java:initializeVolumeSet(170)) - Added Volume : /workdir/hadoop-ozone/integration-test/target/test-dir/MiniOzoneClusterImpl-c6132511-5fdd-4faf-bdf1-f98df057b2f6/datanode-4/data/containers/hdds to VolumeSet
2019-10-02 11:22:15,032 [main] INFO  volume.ThrottledAsyncChecker (ThrottledAsyncChecker.java:schedule(139)) - Scheduling a check for org.apache.hadoop.ozone.container.common.volume.HddsVolume@646d810b
2019-10-02 11:22:15,033 [main] INFO  volume.HddsVolumeChecker (HddsVolumeChecker.java:checkAllVolumes(202)) - Scheduled health check for volume org.apache.hadoop.ozone.container.common.volume.HddsVolume@646d810b
2019-10-02 11:22:15,045 [main] INFO  impl.RaftServerProxy (ConfUtils.java:logGet(43)) - raft.rpc.type = GRPC (default)
2019-10-02 11:22:15,045 [main] INFO  grpc.GrpcFactory (GrpcFactory.java:checkPooledByteBufAllocatorUseCacheForAllThreads(45)) - PERFORMANCE WARNING: useCacheForAllThreads is true that may cause Netty to create a lot garbage objects and, as a result, trigger GC.
	It is recommended to disable useCacheForAllThreads by setting -Dorg.apache.ratis.thirdparty.io.netty.allocator.useCacheForAllThreads=false in command line.
2019-10-02 11:22:15,046 [main] INFO  grpc.GrpcConfigKeys$Server (ConfUtils.java:logGet(43)) - raft.grpc.server.port = 0 (default)
2019-10-02 11:22:15,046 [main] INFO  server.GrpcService (ConfUtils.java:logGet(43)) - raft.grpc.message.size.max = 33570816 (custom)
2019-10-02 11:22:15,046 [main] INFO  server.RaftServerConfigKeys (ConfUtils.java:logGet(43)) - raft.server.log.appender.buffer.byte-limit = 33554432 (custom)
2019-10-02 11:22:15,046 [main] INFO  server.GrpcService (ConfUtils.java:logGet(43)) - raft.grpc.flow.control.window = 1MB (=1048576) (default)
2019-10-02 11:22:15,046 [main] INFO  server.RaftServerConfigKeys (ConfUtils.java:logGet(43)) - raft.server.rpc.request.timeout = 3000ms (default)
2019-10-02 11:22:15,047 [main] INFO  server.RaftServerConfigKeys (ConfUtils.java:logGet(43)) - raft.server.storage.dir = [/workdir/hadoop-ozone/integration-test/target/test-dir/MiniOzoneClusterImpl-c6132511-5fdd-4faf-bdf1-f98df057b2f6/datanode-4/data/ratis] (custom)
2019-10-02 11:22:15,048 [main] INFO  hdfs.DFSUtil (DFSUtil.java:httpServerTemplateForNNAndJN(1641)) - Starting Web-server for hddsDatanode at: http://0.0.0.0:0
2019-10-02 11:22:15,049 [main] INFO  server.AuthenticationFilter (AuthenticationFilter.java:constructSecretProvider(240)) - Unable to initialize FileSignerSecretProvider, falling back to use random secrets.
2019-10-02 11:22:15,049 [main] WARN  http.HttpRequestLog (HttpRequestLog.java:getRequestLog(97)) - Jetty request log can only be enabled using Log4j
2019-10-02 11:22:15,050 [main] INFO  http.HttpServer2 (HttpServer2.java:addGlobalFilter(975)) - Added global filter 'safety' (class=org.apache.hadoop.http.HttpServer2$QuotingInputFilter)
2019-10-02 11:22:15,051 [main] INFO  http.HttpServer2 (HttpServer2.java:addFilter(948)) - Added filter static_user_filter (class=org.apache.hadoop.http.lib.StaticUserWebFilter$StaticUserFilter) to context hddsDatanode
2019-10-02 11:22:15,051 [main] INFO  http.HttpServer2 (HttpServer2.java:addFilter(958)) - Added filter static_user_filter (class=org.apache.hadoop.http.lib.StaticUserWebFilter$StaticUserFilter) to context static
2019-10-02 11:22:15,051 [main] INFO  http.HttpServer2 (HttpServer2.java:addFilter(958)) - Added filter static_user_filter (class=org.apache.hadoop.http.lib.StaticUserWebFilter$StaticUserFilter) to context logs
2019-10-02 11:22:15,051 [main] INFO  http.HttpServer2 (HttpServer2.java:bindListener(1191)) - Jetty bound to port 33209
2019-10-02 11:22:15,052 [main] INFO  server.Server (Server.java:doStart(351)) - jetty-9.3.25.v20180904, build timestamp: 2018-09-04T21:11:46Z, git hash: 3ce520221d0240229c862b122d2b06c12a625732
2019-10-02 11:22:15,053 [main] INFO  handler.ContextHandler (ContextHandler.java:doStart(781)) - Started o.e.j.s.ServletContextHandler@242ff747{/logs,file:///workdir/hadoop-ozone/integration-test/target/log,AVAILABLE}
2019-10-02 11:22:15,053 [main] INFO  handler.ContextHandler (ContextHandler.java:doStart(781)) - Started o.e.j.s.ServletContextHandler@597d48ca{/static,jar:file:/home/user/.m2/repository/org/apache/hadoop/hadoop-hdds-container-service/0.5.0-SNAPSHOT/hadoop-hdds-container-service-0.5.0-SNAPSHOT.jar!/webapps/static,AVAILABLE}
2019-10-02 11:22:15,078 [main] INFO  handler.ContextHandler (ContextHandler.java:doStart(781)) - Started o.e.j.w.WebAppContext@6dd79214{/,file:///tmp/jetty-0.0.0.0-33209-hddsDatanode-_-any-5884277191496113058.dir/webapp/,AVAILABLE}{/hddsDatanode}
2019-10-02 11:22:15,078 [main] INFO  server.AbstractConnector (AbstractConnector.java:doStart(278)) - Started ServerConnector@ef86c72{HTTP/1.1,[http/1.1]}{0.0.0.0:33209}
2019-10-02 11:22:15,080 [main] INFO  server.Server (Server.java:doStart(419)) - Started @542940ms
2019-10-02 11:22:15,080 [main] WARN  impl.MetricsSystemImpl (MetricsSystemImpl.java:register(276)) - Sink prometheus already exists!
2019-10-02 11:22:15,081 [main] INFO  server.BaseHttpServer (BaseHttpServer.java:updateConnectorAddress(215)) - HTTP server of HDDSDATANODE is listening at http://0.0.0.0:33209
2019-10-02 11:22:15,081 [main] INFO  impl.MetricsSystemImpl (MetricsSystemImpl.java:init(158)) - HddsDatanode metrics system started (again)
2019-10-02 11:22:15,086 [org.apache.hadoop.util.JvmPauseMonitor$Monitor@19815f93] INFO  util.JvmPauseMonitor (JvmPauseMonitor.java:run(188)) - Starting JVM pause monitor
2019-10-02 11:22:15,087 [main] INFO  ozone.HddsDatanodeService (HddsDatanodeService.java:start(184)) - HddsDatanodeService host:pr-trunk-5xjmm-2411255686 ip:192.168.30.53
2019-10-02 11:22:15,087 [Datanode State Machine Thread - 0] INFO  datanode.InitDatanodeState (InitDatanodeState.java:persistContainerDatanodeDetails(140)) - DatanodeDetails is persisted to /workdir/hadoop-ozone/integration-test/target/test-dir/MiniOzoneClusterImpl-c6132511-5fdd-4faf-bdf1-f98df057b2f6/datanode-4/meta/datanode.id
2019-10-02 11:22:15,092 [main] INFO  volume.HddsVolume (HddsVolume.java:<init>(176)) - Creating Volume: /workdir/hadoop-ozone/integration-test/target/test-dir/MiniOzoneClusterImpl-c6132511-5fdd-4faf-bdf1-f98df057b2f6/datanode-5/data/containers/hdds of  storage type : DISK and capacity : 1482555576320
2019-10-02 11:22:15,093 [main] INFO  volume.VolumeSet (VolumeSet.java:initializeVolumeSet(170)) - Added Volume : /workdir/hadoop-ozone/integration-test/target/test-dir/MiniOzoneClusterImpl-c6132511-5fdd-4faf-bdf1-f98df057b2f6/datanode-5/data/containers/hdds to VolumeSet
2019-10-02 11:22:15,093 [main] INFO  volume.ThrottledAsyncChecker (ThrottledAsyncChecker.java:schedule(139)) - Scheduling a check for org.apache.hadoop.ozone.container.common.volume.HddsVolume@2f4d32bf
2019-10-02 11:22:15,093 [main] INFO  volume.HddsVolumeChecker (HddsVolumeChecker.java:checkAllVolumes(202)) - Scheduled health check for volume org.apache.hadoop.ozone.container.common.volume.HddsVolume@2f4d32bf
2019-10-02 11:22:15,106 [main] INFO  impl.RaftServerProxy (ConfUtils.java:logGet(43)) - raft.rpc.type = GRPC (default)
2019-10-02 11:22:15,107 [main] INFO  grpc.GrpcFactory (GrpcFactory.java:checkPooledByteBufAllocatorUseCacheForAllThreads(45)) - PERFORMANCE WARNING: useCacheForAllThreads is true that may cause Netty to create a lot garbage objects and, as a result, trigger GC.
	It is recommended to disable useCacheForAllThreads by setting -Dorg.apache.ratis.thirdparty.io.netty.allocator.useCacheForAllThreads=false in command line.
2019-10-02 11:22:15,107 [main] INFO  grpc.GrpcConfigKeys$Server (ConfUtils.java:logGet(43)) - raft.grpc.server.port = 0 (default)
2019-10-02 11:22:15,107 [main] INFO  server.GrpcService (ConfUtils.java:logGet(43)) - raft.grpc.message.size.max = 33570816 (custom)
2019-10-02 11:22:15,107 [main] INFO  server.RaftServerConfigKeys (ConfUtils.java:logGet(43)) - raft.server.log.appender.buffer.byte-limit = 33554432 (custom)
2019-10-02 11:22:15,107 [main] INFO  server.GrpcService (ConfUtils.java:logGet(43)) - raft.grpc.flow.control.window = 1MB (=1048576) (default)
2019-10-02 11:22:15,107 [main] INFO  server.RaftServerConfigKeys (ConfUtils.java:logGet(43)) - raft.server.rpc.request.timeout = 3000ms (default)
2019-10-02 11:22:15,108 [main] INFO  server.RaftServerConfigKeys (ConfUtils.java:logGet(43)) - raft.server.storage.dir = [/workdir/hadoop-ozone/integration-test/target/test-dir/MiniOzoneClusterImpl-c6132511-5fdd-4faf-bdf1-f98df057b2f6/datanode-5/data/ratis] (custom)
2019-10-02 11:22:15,109 [main] INFO  hdfs.DFSUtil (DFSUtil.java:httpServerTemplateForNNAndJN(1641)) - Starting Web-server for hddsDatanode at: http://0.0.0.0:0
2019-10-02 11:22:15,110 [main] INFO  server.AuthenticationFilter (AuthenticationFilter.java:constructSecretProvider(240)) - Unable to initialize FileSignerSecretProvider, falling back to use random secrets.
2019-10-02 11:22:15,110 [main] WARN  http.HttpRequestLog (HttpRequestLog.java:getRequestLog(97)) - Jetty request log can only be enabled using Log4j
2019-10-02 11:22:15,112 [main] INFO  http.HttpServer2 (HttpServer2.java:addGlobalFilter(975)) - Added global filter 'safety' (class=org.apache.hadoop.http.HttpServer2$QuotingInputFilter)
2019-10-02 11:22:15,112 [main] INFO  http.HttpServer2 (HttpServer2.java:addFilter(948)) - Added filter static_user_filter (class=org.apache.hadoop.http.lib.StaticUserWebFilter$StaticUserFilter) to context hddsDatanode
2019-10-02 11:22:15,112 [main] INFO  http.HttpServer2 (HttpServer2.java:addFilter(958)) - Added filter static_user_filter (class=org.apache.hadoop.http.lib.StaticUserWebFilter$StaticUserFilter) to context logs
2019-10-02 11:22:15,113 [main] INFO  http.HttpServer2 (HttpServer2.java:addFilter(958)) - Added filter static_user_filter (class=org.apache.hadoop.http.lib.StaticUserWebFilter$StaticUserFilter) to context static
2019-10-02 11:22:15,113 [main] INFO  http.HttpServer2 (HttpServer2.java:bindListener(1191)) - Jetty bound to port 41079
2019-10-02 11:22:15,113 [main] INFO  server.Server (Server.java:doStart(351)) - jetty-9.3.25.v20180904, build timestamp: 2018-09-04T21:11:46Z, git hash: 3ce520221d0240229c862b122d2b06c12a625732
2019-10-02 11:22:15,115 [main] INFO  handler.ContextHandler (ContextHandler.java:doStart(781)) - Started o.e.j.s.ServletContextHandler@3ca3648{/logs,file:///workdir/hadoop-ozone/integration-test/target/log,AVAILABLE}
2019-10-02 11:22:15,115 [main] INFO  handler.ContextHandler (ContextHandler.java:doStart(781)) - Started o.e.j.s.ServletContextHandler@39f0c343{/static,jar:file:/home/user/.m2/repository/org/apache/hadoop/hadoop-hdds-container-service/0.5.0-SNAPSHOT/hadoop-hdds-container-service-0.5.0-SNAPSHOT.jar!/webapps/static,AVAILABLE}
2019-10-02 11:22:15,142 [main] INFO  handler.ContextHandler (ContextHandler.java:doStart(781)) - Started o.e.j.w.WebAppContext@3be3e76c{/,file:///tmp/jetty-0.0.0.0-41079-hddsDatanode-_-any-1925903318677204264.dir/webapp/,AVAILABLE}{/hddsDatanode}
2019-10-02 11:22:15,142 [main] INFO  server.AbstractConnector (AbstractConnector.java:doStart(278)) - Started ServerConnector@6c07ad6b{HTTP/1.1,[http/1.1]}{0.0.0.0:41079}
2019-10-02 11:22:15,142 [main] INFO  server.Server (Server.java:doStart(419)) - Started @543002ms
2019-10-02 11:22:15,144 [main] WARN  impl.MetricsSystemImpl (MetricsSystemImpl.java:register(276)) - Sink prometheus already exists!
2019-10-02 11:22:15,145 [main] INFO  server.BaseHttpServer (BaseHttpServer.java:updateConnectorAddress(215)) - HTTP server of HDDSDATANODE is listening at http://0.0.0.0:41079
2019-10-02 11:22:15,145 [main] INFO  impl.MetricsSystemImpl (MetricsSystemImpl.java:init(158)) - HddsDatanode metrics system started (again)
2019-10-02 11:22:15,150 [org.apache.hadoop.util.JvmPauseMonitor$Monitor@6c8bbcb6] INFO  util.JvmPauseMonitor (JvmPauseMonitor.java:run(188)) - Starting JVM pause monitor
2019-10-02 11:22:15,151 [Datanode State Machine Thread - 0] INFO  datanode.InitDatanodeState (InitDatanodeState.java:persistContainerDatanodeDetails(140)) - DatanodeDetails is persisted to /workdir/hadoop-ozone/integration-test/target/test-dir/MiniOzoneClusterImpl-c6132511-5fdd-4faf-bdf1-f98df057b2f6/datanode-5/meta/datanode.id
2019-10-02 11:22:15,151 [main] INFO  ozone.HddsDatanodeService (HddsDatanodeService.java:start(184)) - HddsDatanodeService host:pr-trunk-5xjmm-2411255686 ip:192.168.30.53
2019-10-02 11:22:15,156 [main] INFO  volume.HddsVolume (HddsVolume.java:<init>(176)) - Creating Volume: /workdir/hadoop-ozone/integration-test/target/test-dir/MiniOzoneClusterImpl-c6132511-5fdd-4faf-bdf1-f98df057b2f6/datanode-6/data/containers/hdds of  storage type : DISK and capacity : 1482555576320
2019-10-02 11:22:15,157 [main] INFO  volume.VolumeSet (VolumeSet.java:initializeVolumeSet(170)) - Added Volume : /workdir/hadoop-ozone/integration-test/target/test-dir/MiniOzoneClusterImpl-c6132511-5fdd-4faf-bdf1-f98df057b2f6/datanode-6/data/containers/hdds to VolumeSet
2019-10-02 11:22:15,157 [main] INFO  volume.ThrottledAsyncChecker (ThrottledAsyncChecker.java:schedule(139)) - Scheduling a check for org.apache.hadoop.ozone.container.common.volume.HddsVolume@150fc7a7
2019-10-02 11:22:15,157 [main] INFO  volume.HddsVolumeChecker (HddsVolumeChecker.java:checkAllVolumes(202)) - Scheduled health check for volume org.apache.hadoop.ozone.container.common.volume.HddsVolume@150fc7a7
2019-10-02 11:22:15,170 [main] INFO  impl.RaftServerProxy (ConfUtils.java:logGet(43)) - raft.rpc.type = GRPC (default)
2019-10-02 11:22:15,170 [main] INFO  grpc.GrpcFactory (GrpcFactory.java:checkPooledByteBufAllocatorUseCacheForAllThreads(45)) - PERFORMANCE WARNING: useCacheForAllThreads is true that may cause Netty to create a lot garbage objects and, as a result, trigger GC.
	It is recommended to disable useCacheForAllThreads by setting -Dorg.apache.ratis.thirdparty.io.netty.allocator.useCacheForAllThreads=false in command line.
2019-10-02 11:22:15,170 [main] INFO  grpc.GrpcConfigKeys$Server (ConfUtils.java:logGet(43)) - raft.grpc.server.port = 0 (default)
2019-10-02 11:22:15,170 [main] INFO  server.GrpcService (ConfUtils.java:logGet(43)) - raft.grpc.message.size.max = 33570816 (custom)
2019-10-02 11:22:15,171 [main] INFO  server.RaftServerConfigKeys (ConfUtils.java:logGet(43)) - raft.server.log.appender.buffer.byte-limit = 33554432 (custom)
2019-10-02 11:22:15,171 [main] INFO  server.GrpcService (ConfUtils.java:logGet(43)) - raft.grpc.flow.control.window = 1MB (=1048576) (default)
2019-10-02 11:22:15,171 [main] INFO  server.RaftServerConfigKeys (ConfUtils.java:logGet(43)) - raft.server.rpc.request.timeout = 3000ms (default)
2019-10-02 11:22:15,171 [main] INFO  server.RaftServerConfigKeys (ConfUtils.java:logGet(43)) - raft.server.storage.dir = [/workdir/hadoop-ozone/integration-test/target/test-dir/MiniOzoneClusterImpl-c6132511-5fdd-4faf-bdf1-f98df057b2f6/datanode-6/data/ratis] (custom)
2019-10-02 11:22:15,172 [main] INFO  hdfs.DFSUtil (DFSUtil.java:httpServerTemplateForNNAndJN(1641)) - Starting Web-server for hddsDatanode at: http://0.0.0.0:0
2019-10-02 11:22:15,176 [main] INFO  server.AuthenticationFilter (AuthenticationFilter.java:constructSecretProvider(240)) - Unable to initialize FileSignerSecretProvider, falling back to use random secrets.
2019-10-02 11:22:15,177 [main] WARN  http.HttpRequestLog (HttpRequestLog.java:getRequestLog(97)) - Jetty request log can only be enabled using Log4j
2019-10-02 11:22:15,178 [main] INFO  http.HttpServer2 (HttpServer2.java:addGlobalFilter(975)) - Added global filter 'safety' (class=org.apache.hadoop.http.HttpServer2$QuotingInputFilter)
2019-10-02 11:22:15,179 [main] INFO  http.HttpServer2 (HttpServer2.java:addFilter(948)) - Added filter static_user_filter (class=org.apache.hadoop.http.lib.StaticUserWebFilter$StaticUserFilter) to context hddsDatanode
2019-10-02 11:22:15,179 [main] INFO  http.HttpServer2 (HttpServer2.java:addFilter(958)) - Added filter static_user_filter (class=org.apache.hadoop.http.lib.StaticUserWebFilter$StaticUserFilter) to context logs
2019-10-02 11:22:15,179 [main] INFO  http.HttpServer2 (HttpServer2.java:addFilter(958)) - Added filter static_user_filter (class=org.apache.hadoop.http.lib.StaticUserWebFilter$StaticUserFilter) to context static
2019-10-02 11:22:15,179 [main] INFO  http.HttpServer2 (HttpServer2.java:bindListener(1191)) - Jetty bound to port 39437
2019-10-02 11:22:15,180 [main] INFO  server.Server (Server.java:doStart(351)) - jetty-9.3.25.v20180904, build timestamp: 2018-09-04T21:11:46Z, git hash: 3ce520221d0240229c862b122d2b06c12a625732
2019-10-02 11:22:15,181 [main] INFO  handler.ContextHandler (ContextHandler.java:doStart(781)) - Started o.e.j.s.ServletContextHandler@7cf8f45a{/logs,file:///workdir/hadoop-ozone/integration-test/target/log,AVAILABLE}
2019-10-02 11:22:15,181 [main] INFO  handler.ContextHandler (ContextHandler.java:doStart(781)) - Started o.e.j.s.ServletContextHandler@204d9edf{/static,jar:file:/home/user/.m2/repository/org/apache/hadoop/hadoop-hdds-container-service/0.5.0-SNAPSHOT/hadoop-hdds-container-service-0.5.0-SNAPSHOT.jar!/webapps/static,AVAILABLE}
2019-10-02 11:22:15,207 [main] INFO  handler.ContextHandler (ContextHandler.java:doStart(781)) - Started o.e.j.w.WebAppContext@5c59a0f7{/,file:///tmp/jetty-0.0.0.0-39437-hddsDatanode-_-any-9049109431182592866.dir/webapp/,AVAILABLE}{/hddsDatanode}
2019-10-02 11:22:15,208 [main] INFO  server.AbstractConnector (AbstractConnector.java:doStart(278)) - Started ServerConnector@101330ad{HTTP/1.1,[http/1.1]}{0.0.0.0:39437}
2019-10-02 11:22:15,215 [main] INFO  server.Server (Server.java:doStart(419)) - Started @543074ms
2019-10-02 11:22:15,215 [main] WARN  impl.MetricsSystemImpl (MetricsSystemImpl.java:register(276)) - Sink prometheus already exists!
2019-10-02 11:22:15,215 [main] INFO  server.BaseHttpServer (BaseHttpServer.java:updateConnectorAddress(215)) - HTTP server of HDDSDATANODE is listening at http://0.0.0.0:39437
2019-10-02 11:22:15,216 [main] INFO  ozone.MiniOzoneClusterImpl (MiniOzoneClusterImpl.java:lambda$waitForClusterToBeReady$0(147)) - Waiting for cluster to be ready. Got 0 of 7 DN Heartbeats.
2019-10-02 11:22:15,217 [org.apache.hadoop.util.JvmPauseMonitor$Monitor@7d87e5f9] INFO  util.JvmPauseMonitor (JvmPauseMonitor.java:run(188)) - Starting JVM pause monitor
2019-10-02 11:22:15,218 [Datanode State Machine Thread - 0] INFO  datanode.InitDatanodeState (InitDatanodeState.java:persistContainerDatanodeDetails(140)) - DatanodeDetails is persisted to /workdir/hadoop-ozone/integration-test/target/test-dir/MiniOzoneClusterImpl-c6132511-5fdd-4faf-bdf1-f98df057b2f6/datanode-6/meta/datanode.id
2019-10-02 11:22:16,216 [main] INFO  ozone.MiniOzoneClusterImpl (MiniOzoneClusterImpl.java:lambda$waitForClusterToBeReady$0(147)) - Waiting for cluster to be ready. Got 0 of 7 DN Heartbeats.
2019-10-02 11:22:17,217 [main] INFO  ozone.MiniOzoneClusterImpl (MiniOzoneClusterImpl.java:lambda$waitForClusterToBeReady$0(147)) - Waiting for cluster to be ready. Got 0 of 7 DN Heartbeats.
2019-10-02 11:22:18,217 [main] INFO  ozone.MiniOzoneClusterImpl (MiniOzoneClusterImpl.java:lambda$waitForClusterToBeReady$0(147)) - Waiting for cluster to be ready. Got 0 of 7 DN Heartbeats.
2019-10-02 11:22:19,218 [main] INFO  ozone.MiniOzoneClusterImpl (MiniOzoneClusterImpl.java:lambda$waitForClusterToBeReady$0(147)) - Waiting for cluster to be ready. Got 0 of 7 DN Heartbeats.
2019-10-02 11:22:19,397 [Datanode State Machine Thread - 0] INFO  ozoneimpl.OzoneContainer (OzoneContainer.java:start(217)) - Attempting to start container services.
2019-10-02 11:22:19,398 [Datanode State Machine Thread - 0] INFO  ozoneimpl.OzoneContainer (OzoneContainer.java:startContainerScrub(179)) - Background container scanner has been disabled.
2019-10-02 11:22:19,399 [Datanode State Machine Thread - 0] INFO  ratis.XceiverServerRatis (XceiverServerRatis.java:start(417)) - Starting XceiverServerRatis 3064a818-b09a-4b59-9b63-a68296a269d0 at port 0
2019-10-02 11:22:19,404 [Datanode State Machine Thread - 0] INFO  impl.RaftServerProxy (RaftServerProxy.java:lambda$start$3(299)) - 3064a818-b09a-4b59-9b63-a68296a269d0: start RPC server
2019-10-02 11:22:19,407 [Datanode State Machine Thread - 0] INFO  server.GrpcService (GrpcService.java:startImpl(158)) - 3064a818-b09a-4b59-9b63-a68296a269d0: GrpcService started, listening on 0.0.0.0/0.0.0.0:42211
2019-10-02 11:22:19,407 [Datanode State Machine Thread - 0] INFO  ratis.XceiverServerRatis (XceiverServerRatis.java:start(427)) - XceiverServerRatis 3064a818-b09a-4b59-9b63-a68296a269d0 is started using port 42211
2019-10-02 11:22:19,407 [Datanode State Machine Thread - 0] INFO  server.XceiverServerGrpc (XceiverServerGrpc.java:start(149)) - XceiverServerGrpc 3064a818-b09a-4b59-9b63-a68296a269d0 is started using port 46553
2019-10-02 11:22:19,744 [Datanode State Machine Thread - 0] INFO  ozoneimpl.OzoneContainer (OzoneContainer.java:start(217)) - Attempting to start container services.
2019-10-02 11:22:19,744 [Datanode State Machine Thread - 0] INFO  ozoneimpl.OzoneContainer (OzoneContainer.java:start(217)) - Attempting to start container services.
2019-10-02 11:22:19,744 [Datanode State Machine Thread - 0] INFO  ozoneimpl.OzoneContainer (OzoneContainer.java:startContainerScrub(179)) - Background container scanner has been disabled.
2019-10-02 11:22:19,744 [Datanode State Machine Thread - 0] INFO  ozoneimpl.OzoneContainer (OzoneContainer.java:start(217)) - Attempting to start container services.
2019-10-02 11:22:19,744 [Datanode State Machine Thread - 0] INFO  ozoneimpl.OzoneContainer (OzoneContainer.java:start(217)) - Attempting to start container services.
2019-10-02 11:22:19,744 [Datanode State Machine Thread - 0] INFO  ozoneimpl.OzoneContainer (OzoneContainer.java:start(217)) - Attempting to start container services.
2019-10-02 11:22:19,744 [Datanode State Machine Thread - 0] INFO  ozoneimpl.OzoneContainer (OzoneContainer.java:start(217)) - Attempting to start container services.
2019-10-02 11:22:19,745 [Datanode State Machine Thread - 0] INFO  ozoneimpl.OzoneContainer (OzoneContainer.java:startContainerScrub(179)) - Background container scanner has been disabled.
2019-10-02 11:22:19,744 [Datanode State Machine Thread - 0] INFO  ozoneimpl.OzoneContainer (OzoneContainer.java:startContainerScrub(179)) - Background container scanner has been disabled.
2019-10-02 11:22:19,744 [Datanode State Machine Thread - 0] INFO  ozoneimpl.OzoneContainer (OzoneContainer.java:startContainerScrub(179)) - Background container scanner has been disabled.
2019-10-02 11:22:19,744 [Datanode State Machine Thread - 0] INFO  ratis.XceiverServerRatis (XceiverServerRatis.java:start(417)) - Starting XceiverServerRatis fbf0e909-0a14-4ace-ba86-471164be6d41 at port 0
2019-10-02 11:22:19,744 [Datanode State Machine Thread - 0] INFO  ozoneimpl.OzoneContainer (OzoneContainer.java:startContainerScrub(179)) - Background container scanner has been disabled.
2019-10-02 11:22:19,745 [Datanode State Machine Thread - 0] INFO  ratis.XceiverServerRatis (XceiverServerRatis.java:start(417)) - Starting XceiverServerRatis 6a123e99-c772-4df8-bc5c-2a88baa35105 at port 0
2019-10-02 11:22:19,745 [Datanode State Machine Thread - 0] INFO  ratis.XceiverServerRatis (XceiverServerRatis.java:start(417)) - Starting XceiverServerRatis 29293bba-7ecd-42b9-9c4d-306cd62453b6 at port 0
2019-10-02 11:22:19,745 [Datanode State Machine Thread - 0] INFO  ratis.XceiverServerRatis (XceiverServerRatis.java:start(417)) - Starting XceiverServerRatis 86433f91-68d3-4541-b45f-cc3cc45c90af at port 0
2019-10-02 11:22:19,745 [Datanode State Machine Thread - 0] INFO  ozoneimpl.OzoneContainer (OzoneContainer.java:startContainerScrub(179)) - Background container scanner has been disabled.
2019-10-02 11:22:19,745 [Datanode State Machine Thread - 0] INFO  ratis.XceiverServerRatis (XceiverServerRatis.java:start(417)) - Starting XceiverServerRatis 20a2088c-be06-4fea-8968-f408b6a6eecd at port 0
2019-10-02 11:22:19,746 [Datanode State Machine Thread - 0] INFO  ratis.XceiverServerRatis (XceiverServerRatis.java:start(417)) - Starting XceiverServerRatis 5610fd5a-5f01-4515-bde7-239b5325f18c at port 0
2019-10-02 11:22:19,773 [Datanode State Machine Thread - 0] INFO  impl.RaftServerProxy (RaftServerProxy.java:lambda$start$3(299)) - 86433f91-68d3-4541-b45f-cc3cc45c90af: start RPC server
2019-10-02 11:22:19,774 [Datanode State Machine Thread - 0] INFO  server.GrpcService (GrpcService.java:startImpl(158)) - 86433f91-68d3-4541-b45f-cc3cc45c90af: GrpcService started, listening on 0.0.0.0/0.0.0.0:45896
2019-10-02 11:22:19,774 [Datanode State Machine Thread - 0] INFO  ratis.XceiverServerRatis (XceiverServerRatis.java:start(427)) - XceiverServerRatis 86433f91-68d3-4541-b45f-cc3cc45c90af is started using port 45896
2019-10-02 11:22:19,774 [Datanode State Machine Thread - 0] INFO  server.XceiverServerGrpc (XceiverServerGrpc.java:start(149)) - XceiverServerGrpc 86433f91-68d3-4541-b45f-cc3cc45c90af is started using port 35996
2019-10-02 11:22:19,786 [Datanode State Machine Thread - 0] INFO  impl.RaftServerProxy (RaftServerProxy.java:lambda$start$3(299)) - 20a2088c-be06-4fea-8968-f408b6a6eecd: start RPC server
2019-10-02 11:22:19,786 [Datanode State Machine Thread - 0] INFO  impl.RaftServerProxy (RaftServerProxy.java:lambda$start$3(299)) - fbf0e909-0a14-4ace-ba86-471164be6d41: start RPC server
2019-10-02 11:22:19,786 [Datanode State Machine Thread - 0] INFO  server.GrpcService (GrpcService.java:startImpl(158)) - 20a2088c-be06-4fea-8968-f408b6a6eecd: GrpcService started, listening on 0.0.0.0/0.0.0.0:42024
2019-10-02 11:22:19,786 [Datanode State Machine Thread - 0] INFO  ratis.XceiverServerRatis (XceiverServerRatis.java:start(427)) - XceiverServerRatis 20a2088c-be06-4fea-8968-f408b6a6eecd is started using port 42024
2019-10-02 11:22:19,786 [Datanode State Machine Thread - 0] INFO  server.GrpcService (GrpcService.java:startImpl(158)) - fbf0e909-0a14-4ace-ba86-471164be6d41: GrpcService started, listening on 0.0.0.0/0.0.0.0:39747
2019-10-02 11:22:19,787 [Datanode State Machine Thread - 0] INFO  ratis.XceiverServerRatis (XceiverServerRatis.java:start(427)) - XceiverServerRatis fbf0e909-0a14-4ace-ba86-471164be6d41 is started using port 39747
2019-10-02 11:22:19,805 [Datanode State Machine Thread - 0] INFO  impl.RaftServerProxy (RaftServerProxy.java:lambda$start$3(299)) - 29293bba-7ecd-42b9-9c4d-306cd62453b6: start RPC server
2019-10-02 11:22:19,805 [Datanode State Machine Thread - 0] INFO  server.XceiverServerGrpc (XceiverServerGrpc.java:start(149)) - XceiverServerGrpc 20a2088c-be06-4fea-8968-f408b6a6eecd is started using port 34411
2019-10-02 11:22:19,805 [Datanode State Machine Thread - 0] INFO  server.XceiverServerGrpc (XceiverServerGrpc.java:start(149)) - XceiverServerGrpc fbf0e909-0a14-4ace-ba86-471164be6d41 is started using port 41717
2019-10-02 11:22:19,806 [Datanode State Machine Thread - 0] INFO  impl.RaftServerProxy (RaftServerProxy.java:lambda$start$3(299)) - 5610fd5a-5f01-4515-bde7-239b5325f18c: start RPC server
2019-10-02 11:22:19,810 [Datanode State Machine Thread - 0] INFO  server.GrpcService (GrpcService.java:startImpl(158)) - 29293bba-7ecd-42b9-9c4d-306cd62453b6: GrpcService started, listening on 0.0.0.0/0.0.0.0:43965
2019-10-02 11:22:19,810 [Datanode State Machine Thread - 0] INFO  ratis.XceiverServerRatis (XceiverServerRatis.java:start(427)) - XceiverServerRatis 29293bba-7ecd-42b9-9c4d-306cd62453b6 is started using port 43965
2019-10-02 11:22:19,812 [Datanode State Machine Thread - 0] INFO  server.GrpcService (GrpcService.java:startImpl(158)) - 5610fd5a-5f01-4515-bde7-239b5325f18c: GrpcService started, listening on 0.0.0.0/0.0.0.0:43742
2019-10-02 11:22:19,813 [Datanode State Machine Thread - 0] INFO  server.XceiverServerGrpc (XceiverServerGrpc.java:start(149)) - XceiverServerGrpc 29293bba-7ecd-42b9-9c4d-306cd62453b6 is started using port 36299
2019-10-02 11:22:19,813 [Datanode State Machine Thread - 0] INFO  ratis.XceiverServerRatis (XceiverServerRatis.java:start(427)) - XceiverServerRatis 5610fd5a-5f01-4515-bde7-239b5325f18c is started using port 43742
2019-10-02 11:22:19,813 [Datanode State Machine Thread - 0] INFO  impl.RaftServerProxy (RaftServerProxy.java:lambda$start$3(299)) - 6a123e99-c772-4df8-bc5c-2a88baa35105: start RPC server
2019-10-02 11:22:19,815 [Datanode State Machine Thread - 0] INFO  server.XceiverServerGrpc (XceiverServerGrpc.java:start(149)) - XceiverServerGrpc 5610fd5a-5f01-4515-bde7-239b5325f18c is started using port 39785
2019-10-02 11:22:19,815 [Datanode State Machine Thread - 0] INFO  server.GrpcService (GrpcService.java:startImpl(158)) - 6a123e99-c772-4df8-bc5c-2a88baa35105: GrpcService started, listening on 0.0.0.0/0.0.0.0:35427
2019-10-02 11:22:19,816 [Datanode State Machine Thread - 0] INFO  ratis.XceiverServerRatis (XceiverServerRatis.java:start(427)) - XceiverServerRatis 6a123e99-c772-4df8-bc5c-2a88baa35105 is started using port 35427
2019-10-02 11:22:19,825 [Datanode State Machine Thread - 0] INFO  server.XceiverServerGrpc (XceiverServerGrpc.java:start(149)) - XceiverServerGrpc 6a123e99-c772-4df8-bc5c-2a88baa35105 is started using port 46459
2019-10-02 11:22:20,218 [main] INFO  ozone.MiniOzoneClusterImpl (MiniOzoneClusterImpl.java:lambda$waitForClusterToBeReady$0(147)) - Waiting for cluster to be ready. Got 0 of 7 DN Heartbeats.
2019-10-02 11:22:20,812 [IPC Server handler 6 on 40634] INFO  net.NetworkTopology (NetworkTopologyImpl.java:add(111)) - Added a new node: /default-rack/3064a818-b09a-4b59-9b63-a68296a269d0
2019-10-02 11:22:20,814 [IPC Server handler 6 on 40634] INFO  node.SCMNodeManager (SCMNodeManager.java:register(266)) - Registered Data node : 3064a818-b09a-4b59-9b63-a68296a269d0{ip: 192.168.30.53, host: pr-trunk-5xjmm-2411255686, networkLocation: /default-rack, certSerialId: null}
2019-10-02 11:22:20,814 [EventQueue-NodeRegistrationContainerReportForDataNodeSafeModeRule] INFO  safemode.SCMSafeModeManager (DataNodeSafeModeRule.java:process(71)) - SCM in safe mode. 1 DataNodes registered, 1 required.
2019-10-02 11:22:20,816 [EventQueue-NodeRegistrationContainerReportForDataNodeSafeModeRule] INFO  safemode.SCMSafeModeManager (SCMSafeModeManager.java:validateSafeModeExitRules(177)) - ScmSafeModeManager, all rules are successfully validated
2019-10-02 11:22:20,816 [EventQueue-NodeRegistrationContainerReportForDataNodeSafeModeRule] INFO  safemode.SCMSafeModeManager (SCMSafeModeManager.java:exitSafeMode(193)) - SCM exiting safe mode.
2019-10-02 11:22:20,826 [grpc-default-executor-11] INFO  impl.RaftServerProxy (RaftServerProxy.java:addNew(89)) - 3064a818-b09a-4b59-9b63-a68296a269d0: addNew group-E5A9375DED0F:[3064a818-b09a-4b59-9b63-a68296a269d0:192.168.30.53:42211] returns group-E5A9375DED0F:java.util.concurrent.CompletableFuture@f224e6b[Not completed]
2019-10-02 11:22:20,828 [pool-409-thread-1] INFO  impl.RaftServerImpl (RaftServerImpl.java:<init>(95)) - 3064a818-b09a-4b59-9b63-a68296a269d0: new RaftServerImpl for group-E5A9375DED0F:[3064a818-b09a-4b59-9b63-a68296a269d0:192.168.30.53:42211] with ContainerStateMachine:uninitialized
2019-10-02 11:22:20,828 [pool-409-thread-1] INFO  server.RaftServerConfigKeys (ConfUtils.java:logGet(43)) - raft.server.rpc.timeout.min = 5s (custom)
2019-10-02 11:22:20,828 [pool-409-thread-1] INFO  server.RaftServerConfigKeys (ConfUtils.java:logGet(43)) - raft.server.rpc.timeout.max = 5200ms (custom)
2019-10-02 11:22:20,828 [pool-409-thread-1] INFO  server.RaftServerConfigKeys (ConfUtils.java:logGet(43)) - raft.server.rpcslowness.timeout = 120s (custom)
2019-10-02 11:22:20,828 [pool-409-thread-1] INFO  server.RaftServerConfigKeys (ConfUtils.java:logGet(43)) - raft.server.sleep.deviation.threshold = 300 (default)
2019-10-02 11:22:20,829 [pool-409-thread-1] INFO  server.RaftServerConfigKeys (ConfUtils.java:logGet(43)) - raft.server.log.appender.install.snapshot.enabled = false (custom)
2019-10-02 11:22:20,829 [pool-409-thread-1] INFO  impl.RaftServerImpl (ServerState.java:<init>(103)) - 3064a818-b09a-4b59-9b63-a68296a269d0@group-E5A9375DED0F: ConfigurationManager, init=-1: [3064a818-b09a-4b59-9b63-a68296a269d0:192.168.30.53:42211], old=null, confs=<EMPTY_MAP>
2019-10-02 11:22:20,829 [pool-409-thread-1] INFO  server.RaftServerConfigKeys (ConfUtils.java:logGet(43)) - raft.server.storage.dir = [/workdir/hadoop-ozone/integration-test/target/test-dir/MiniOzoneClusterImpl-c6132511-5fdd-4faf-bdf1-f98df057b2f6/datanode-0/data/ratis] (custom)
2019-10-02 11:22:20,829 [pool-409-thread-1] INFO  server.RaftServerConfigKeys (ConfUtils.java:logGet(43)) - raft.server.log.corruption.policy = EXCEPTION (default)
2019-10-02 11:22:20,829 [pool-409-thread-1] INFO  storage.RaftStorageDirectory (RaftStorageDirectory.java:analyzeStorage(246)) - The storage directory /workdir/hadoop-ozone/integration-test/target/test-dir/MiniOzoneClusterImpl-c6132511-5fdd-4faf-bdf1-f98df057b2f6/datanode-0/data/ratis/7541c1a7-76b6-45c9-a2d9-e5a9375ded0f does not exist. Creating ...
2019-10-02 11:22:20,871 [IPC Server handler 7 on 40634] INFO  net.NetworkTopology (NetworkTopologyImpl.java:add(111)) - Added a new node: /default-rack/20a2088c-be06-4fea-8968-f408b6a6eecd
2019-10-02 11:22:20,871 [IPC Server handler 7 on 40634] INFO  node.SCMNodeManager (SCMNodeManager.java:register(266)) - Registered Data node : 20a2088c-be06-4fea-8968-f408b6a6eecd{ip: 192.168.30.53, host: pr-trunk-5xjmm-2411255686, networkLocation: /default-rack, certSerialId: null}
2019-10-02 11:22:20,971 [IPC Server handler 1 on 40634] INFO  net.NetworkTopology (NetworkTopologyImpl.java:add(111)) - Added a new node: /default-rack/29293bba-7ecd-42b9-9c4d-306cd62453b6
2019-10-02 11:22:20,971 [IPC Server handler 1 on 40634] INFO  node.SCMNodeManager (SCMNodeManager.java:register(266)) - Registered Data node : 29293bba-7ecd-42b9-9c4d-306cd62453b6{ip: 192.168.30.53, host: pr-trunk-5xjmm-2411255686, networkLocation: /default-rack, certSerialId: null}
2019-10-02 11:22:21,029 [IPC Server handler 4 on 40634] INFO  net.NetworkTopology (NetworkTopologyImpl.java:add(111)) - Added a new node: /default-rack/86433f91-68d3-4541-b45f-cc3cc45c90af
2019-10-02 11:22:21,029 [IPC Server handler 4 on 40634] INFO  node.SCMNodeManager (SCMNodeManager.java:register(266)) - Registered Data node : 86433f91-68d3-4541-b45f-cc3cc45c90af{ip: 192.168.30.53, host: pr-trunk-5xjmm-2411255686, networkLocation: /default-rack, certSerialId: null}
2019-10-02 11:22:21,090 [IPC Server handler 3 on 40634] INFO  net.NetworkTopology (NetworkTopologyImpl.java:add(111)) - Added a new node: /default-rack/5610fd5a-5f01-4515-bde7-239b5325f18c
2019-10-02 11:22:21,090 [IPC Server handler 3 on 40634] INFO  node.SCMNodeManager (SCMNodeManager.java:register(266)) - Registered Data node : 5610fd5a-5f01-4515-bde7-239b5325f18c{ip: 192.168.30.53, host: pr-trunk-5xjmm-2411255686, networkLocation: /default-rack, certSerialId: null}
2019-10-02 11:22:21,153 [IPC Server handler 5 on 40634] INFO  net.NetworkTopology (NetworkTopologyImpl.java:add(111)) - Added a new node: /default-rack/6a123e99-c772-4df8-bc5c-2a88baa35105
2019-10-02 11:22:21,154 [IPC Server handler 5 on 40634] INFO  node.SCMNodeManager (SCMNodeManager.java:register(266)) - Registered Data node : 6a123e99-c772-4df8-bc5c-2a88baa35105{ip: 192.168.30.53, host: pr-trunk-5xjmm-2411255686, networkLocation: /default-rack, certSerialId: null}
2019-10-02 11:22:21,219 [main] INFO  ozone.MiniOzoneClusterImpl (MiniOzoneClusterImpl.java:lambda$waitForClusterToBeReady$0(147)) - Waiting for cluster to be ready. Got 6 of 7 DN Heartbeats.
2019-10-02 11:22:21,219 [IPC Server handler 6 on 40634] INFO  net.NetworkTopology (NetworkTopologyImpl.java:add(111)) - Added a new node: /default-rack/fbf0e909-0a14-4ace-ba86-471164be6d41
2019-10-02 11:22:21,219 [IPC Server handler 6 on 40634] INFO  node.SCMNodeManager (SCMNodeManager.java:register(266)) - Registered Data node : fbf0e909-0a14-4ace-ba86-471164be6d41{ip: 192.168.30.53, host: pr-trunk-5xjmm-2411255686, networkLocation: /default-rack, certSerialId: null}
2019-10-02 11:22:22,219 [main] INFO  ozone.MiniOzoneClusterImpl (MiniOzoneClusterImpl.java:lambda$waitForClusterToBeReady$0(147)) - Cluster is ready. Got 7 of 7 DN Heartbeats.
2019-10-02 11:22:22,248 [main] INFO  rpc.RpcClient (RpcClient.java:createVolume(276)) - Creating Volume: testblockoutputstream, with jenkins1000 as owner.
2019-10-02 11:22:22,252 [IPC Server handler 1 on 40416] INFO  volume.OMVolumeCreateRequest (OMVolumeCreateRequest.java:validateAndUpdateCache(194)) - created volume:testblockoutputstream for user:jenkins1000
2019-10-02 11:22:22,517 [main] INFO  rpc.RpcClient (RpcClient.java:createBucket(415)) - Creating Bucket: testblockoutputstream/testblockoutputstream, with Versioning false and Storage Type set to DISK and Encryption set to false 
2019-10-02 11:22:23,623 [pool-409-thread-1] INFO  storage.RaftStorageDirectory (RaftStorageDirectory.java:tryLock(328)) - Lock on /workdir/hadoop-ozone/integration-test/target/test-dir/MiniOzoneClusterImpl-c6132511-5fdd-4faf-bdf1-f98df057b2f6/datanode-0/data/ratis/7541c1a7-76b6-45c9-a2d9-e5a9375ded0f/in_use.lock acquired by nodename 5801@pr-trunk-5xjmm-2411255686
2019-10-02 11:22:23,817 [Thread-2892] INFO  container.ReplicationManager (ReplicationManager.java:start(162)) - Starting Replication Monitor Thread.
2019-10-02 11:22:23,821 [ReplicationMonitor] INFO  container.ReplicationManager (ReplicationManager.java:run(225)) - Replication Monitor Thread took 0 milliseconds for processing 0 containers.
2019-10-02 11:22:23,824 [RATISCREATEPIPELINE1] ERROR pipeline.RatisPipelineProvider (RatisPipelineProvider.java:lambda$null$5(235)) - Failed invoke Ratis rpc org.apache.hadoop.hdds.scm.pipeline.RatisPipelineProvider$$Lambda$189/1109194915@6d1f30a1 for 3064a818-b09a-4b59-9b63-a68296a269d0
org.apache.ratis.protocol.TimeoutIOException: deadline exceeded after 2999362703ns
	at org.apache.ratis.grpc.GrpcUtil.tryUnwrapException(GrpcUtil.java:82)
	at org.apache.ratis.grpc.GrpcUtil.unwrapException(GrpcUtil.java:75)
	at org.apache.ratis.grpc.client.GrpcClientProtocolClient.blockingCall(GrpcClientProtocolClient.java:184)
	at org.apache.ratis.grpc.client.GrpcClientProtocolClient.groupAdd(GrpcClientProtocolClient.java:153)
	at org.apache.ratis.grpc.client.GrpcClientRpc.sendRequest(GrpcClientRpc.java:94)
	at org.apache.ratis.client.impl.RaftClientImpl.sendRequest(RaftClientImpl.java:278)
	at org.apache.ratis.client.impl.RaftClientImpl.groupAdd(RaftClientImpl.java:205)
	at org.apache.hadoop.hdds.scm.pipeline.RatisPipelineProvider.lambda$initializePipeline$4(RatisPipelineProvider.java:196)
	at org.apache.hadoop.hdds.scm.pipeline.RatisPipelineProvider.lambda$null$5(RatisPipelineProvider.java:231)
	at java.util.stream.ForEachOps$ForEachOp$OfRef.accept(ForEachOps.java:184)
	at java.util.ArrayList$ArrayListSpliterator.forEachRemaining(ArrayList.java:1382)
	at java.util.stream.AbstractPipeline.copyInto(AbstractPipeline.java:482)
	at java.util.stream.ForEachOps$ForEachTask.compute(ForEachOps.java:291)
	at java.util.concurrent.CountedCompleter.exec(CountedCompleter.java:731)
	at java.util.concurrent.ForkJoinTask.doExec(ForkJoinTask.java:289)
	at java.util.concurrent.ForkJoinTask.doInvoke(ForkJoinTask.java:401)
	at java.util.concurrent.ForkJoinTask.invoke(ForkJoinTask.java:734)
	at java.util.stream.ForEachOps$ForEachOp.evaluateParallel(ForEachOps.java:160)
	at java.util.stream.ForEachOps$ForEachOp$OfRef.evaluateParallel(ForEachOps.java:174)
	at java.util.stream.AbstractPipeline.evaluate(AbstractPipeline.java:233)
	at java.util.stream.ReferencePipeline.forEach(ReferencePipeline.java:418)
	at java.util.stream.ReferencePipeline$Head.forEach(ReferencePipeline.java:583)
	at org.apache.hadoop.hdds.scm.pipeline.RatisPipelineProvider.lambda$callRatisRpc$6(RatisPipelineProvider.java:225)
	at java.util.concurrent.ForkJoinTask$AdaptedRunnableAction.exec(ForkJoinTask.java:1386)
	at java.util.concurrent.ForkJoinTask.doExec(ForkJoinTask.java:289)
	at java.util.concurrent.ForkJoinPool$WorkQueue.runTask(ForkJoinPool.java:1056)
	at java.util.concurrent.ForkJoinPool.runWorker(ForkJoinPool.java:1692)
	at java.util.concurrent.ForkJoinWorkerThread.run(ForkJoinWorkerThread.java:157)
Caused by: org.apache.ratis.thirdparty.io.grpc.StatusRuntimeException: DEADLINE_EXCEEDED: deadline exceeded after 2999362703ns
	at org.apache.ratis.thirdparty.io.grpc.stub.ClientCalls.toStatusRuntimeException(ClientCalls.java:233)
	at org.apache.ratis.thirdparty.io.grpc.stub.ClientCalls.getUnchecked(ClientCalls.java:214)
	at org.apache.ratis.thirdparty.io.grpc.stub.ClientCalls.blockingUnaryCall(ClientCalls.java:139)
	at org.apache.ratis.proto.grpc.AdminProtocolServiceGrpc$AdminProtocolServiceBlockingStub.groupManagement(AdminProtocolServiceGrpc.java:274)
	at org.apache.ratis.grpc.client.GrpcClientProtocolClient.lambda$groupAdd$3(GrpcClientProtocolClient.java:155)
	at org.apache.ratis.grpc.client.GrpcClientProtocolClient.blockingCall(GrpcClientProtocolClient.java:182)
	... 25 more
2019-10-02 11:22:23,834 [grpc-default-executor-12] INFO  impl.RaftServerProxy (RaftServerProxy.java:addNew(89)) - 6a123e99-c772-4df8-bc5c-2a88baa35105: addNew group-E0906783DC09:[29293bba-7ecd-42b9-9c4d-306cd62453b6:192.168.30.53:43965, 6a123e99-c772-4df8-bc5c-2a88baa35105:192.168.30.53:35427, 86433f91-68d3-4541-b45f-cc3cc45c90af:192.168.30.53:45896] returns group-E0906783DC09:java.util.concurrent.CompletableFuture@67494da8[Not completed]
2019-10-02 11:22:23,834 [grpc-default-executor-11] INFO  impl.RaftServerProxy (RaftServerProxy.java:addNew(89)) - 86433f91-68d3-4541-b45f-cc3cc45c90af: addNew group-E0906783DC09:[29293bba-7ecd-42b9-9c4d-306cd62453b6:192.168.30.53:43965, 6a123e99-c772-4df8-bc5c-2a88baa35105:192.168.30.53:35427, 86433f91-68d3-4541-b45f-cc3cc45c90af:192.168.30.53:45896] returns group-E0906783DC09:java.util.concurrent.CompletableFuture@96a62d0[Not completed]
2019-10-02 11:22:23,835 [grpc-default-executor-12] INFO  impl.RaftServerProxy (RaftServerProxy.java:addNew(89)) - 29293bba-7ecd-42b9-9c4d-306cd62453b6: addNew group-E0906783DC09:[29293bba-7ecd-42b9-9c4d-306cd62453b6:192.168.30.53:43965, 6a123e99-c772-4df8-bc5c-2a88baa35105:192.168.30.53:35427, 86433f91-68d3-4541-b45f-cc3cc45c90af:192.168.30.53:45896] returns group-E0906783DC09:java.util.concurrent.CompletableFuture@7aaf9c0c[Not completed]
2019-10-02 11:22:23,835 [pool-459-thread-1] INFO  impl.RaftServerImpl (RaftServerImpl.java:<init>(95)) - 6a123e99-c772-4df8-bc5c-2a88baa35105: new RaftServerImpl for group-E0906783DC09:[29293bba-7ecd-42b9-9c4d-306cd62453b6:192.168.30.53:43965, 6a123e99-c772-4df8-bc5c-2a88baa35105:192.168.30.53:35427, 86433f91-68d3-4541-b45f-cc3cc45c90af:192.168.30.53:45896] with ContainerStateMachine:uninitialized
2019-10-02 11:22:23,835 [pool-459-thread-1] INFO  server.RaftServerConfigKeys (ConfUtils.java:logGet(43)) - raft.server.rpc.timeout.min = 5s (custom)
2019-10-02 11:22:23,835 [pool-459-thread-1] INFO  server.RaftServerConfigKeys (ConfUtils.java:logGet(43)) - raft.server.rpc.timeout.max = 5200ms (custom)
2019-10-02 11:22:23,835 [pool-459-thread-1] INFO  server.RaftServerConfigKeys (ConfUtils.java:logGet(43)) - raft.server.rpcslowness.timeout = 120s (custom)
2019-10-02 11:22:23,835 [pool-459-thread-1] INFO  server.RaftServerConfigKeys (ConfUtils.java:logGet(43)) - raft.server.sleep.deviation.threshold = 300 (default)
2019-10-02 11:22:23,836 [pool-459-thread-1] INFO  server.RaftServerConfigKeys (ConfUtils.java:logGet(43)) - raft.server.log.appender.install.snapshot.enabled = false (custom)
2019-10-02 11:22:23,836 [pool-459-thread-1] INFO  impl.RaftServerImpl (ServerState.java:<init>(103)) - 6a123e99-c772-4df8-bc5c-2a88baa35105@group-E0906783DC09: ConfigurationManager, init=-1: [29293bba-7ecd-42b9-9c4d-306cd62453b6:192.168.30.53:43965, 6a123e99-c772-4df8-bc5c-2a88baa35105:192.168.30.53:35427, 86433f91-68d3-4541-b45f-cc3cc45c90af:192.168.30.53:45896], old=null, confs=<EMPTY_MAP>
2019-10-02 11:22:23,836 [pool-459-thread-1] INFO  server.RaftServerConfigKeys (ConfUtils.java:logGet(43)) - raft.server.storage.dir = [/workdir/hadoop-ozone/integration-test/target/test-dir/MiniOzoneClusterImpl-c6132511-5fdd-4faf-bdf1-f98df057b2f6/datanode-5/data/ratis] (custom)
2019-10-02 11:22:23,836 [pool-459-thread-1] INFO  server.RaftServerConfigKeys (ConfUtils.java:logGet(43)) - raft.server.log.corruption.policy = EXCEPTION (default)
2019-10-02 11:22:23,836 [pool-439-thread-1] INFO  impl.RaftServerImpl (RaftServerImpl.java:<init>(95)) - 86433f91-68d3-4541-b45f-cc3cc45c90af: new RaftServerImpl for group-E0906783DC09:[29293bba-7ecd-42b9-9c4d-306cd62453b6:192.168.30.53:43965, 6a123e99-c772-4df8-bc5c-2a88baa35105:192.168.30.53:35427, 86433f91-68d3-4541-b45f-cc3cc45c90af:192.168.30.53:45896] with ContainerStateMachine:uninitialized
2019-10-02 11:22:23,836 [pool-459-thread-1] INFO  storage.RaftStorageDirectory (RaftStorageDirectory.java:analyzeStorage(246)) - The storage directory /workdir/hadoop-ozone/integration-test/target/test-dir/MiniOzoneClusterImpl-c6132511-5fdd-4faf-bdf1-f98df057b2f6/datanode-5/data/ratis/2c398604-f60b-4c52-85bf-e0906783dc09 does not exist. Creating ...
2019-10-02 11:22:23,836 [pool-439-thread-1] INFO  server.RaftServerConfigKeys (ConfUtils.java:logGet(43)) - raft.server.rpc.timeout.min = 5s (custom)
2019-10-02 11:22:23,837 [pool-439-thread-1] INFO  server.RaftServerConfigKeys (ConfUtils.java:logGet(43)) - raft.server.rpc.timeout.max = 5200ms (custom)
2019-10-02 11:22:23,837 [pool-429-thread-1] INFO  impl.RaftServerImpl (RaftServerImpl.java:<init>(95)) - 29293bba-7ecd-42b9-9c4d-306cd62453b6: new RaftServerImpl for group-E0906783DC09:[29293bba-7ecd-42b9-9c4d-306cd62453b6:192.168.30.53:43965, 6a123e99-c772-4df8-bc5c-2a88baa35105:192.168.30.53:35427, 86433f91-68d3-4541-b45f-cc3cc45c90af:192.168.30.53:45896] with ContainerStateMachine:uninitialized
2019-10-02 11:22:23,837 [pool-439-thread-1] INFO  server.RaftServerConfigKeys (ConfUtils.java:logGet(43)) - raft.server.rpcslowness.timeout = 120s (custom)
2019-10-02 11:22:23,837 [pool-429-thread-1] INFO  server.RaftServerConfigKeys (ConfUtils.java:logGet(43)) - raft.server.rpc.timeout.min = 5s (custom)
2019-10-02 11:22:23,837 [pool-439-thread-1] INFO  server.RaftServerConfigKeys (ConfUtils.java:logGet(43)) - raft.server.sleep.deviation.threshold = 300 (default)
2019-10-02 11:22:23,837 [pool-429-thread-1] INFO  server.RaftServerConfigKeys (ConfUtils.java:logGet(43)) - raft.server.rpc.timeout.max = 5200ms (custom)
2019-10-02 11:22:23,837 [pool-439-thread-1] INFO  server.RaftServerConfigKeys (ConfUtils.java:logGet(43)) - raft.server.log.appender.install.snapshot.enabled = false (custom)
2019-10-02 11:22:23,837 [pool-429-thread-1] INFO  server.RaftServerConfigKeys (ConfUtils.java:logGet(43)) - raft.server.rpcslowness.timeout = 120s (custom)
2019-10-02 11:22:23,838 [pool-439-thread-1] INFO  impl.RaftServerImpl (ServerState.java:<init>(103)) - 86433f91-68d3-4541-b45f-cc3cc45c90af@group-E0906783DC09: ConfigurationManager, init=-1: [29293bba-7ecd-42b9-9c4d-306cd62453b6:192.168.30.53:43965, 6a123e99-c772-4df8-bc5c-2a88baa35105:192.168.30.53:35427, 86433f91-68d3-4541-b45f-cc3cc45c90af:192.168.30.53:45896], old=null, confs=<EMPTY_MAP>
2019-10-02 11:22:23,838 [pool-429-thread-1] INFO  server.RaftServerConfigKeys (ConfUtils.java:logGet(43)) - raft.server.sleep.deviation.threshold = 300 (default)
2019-10-02 11:22:23,838 [pool-439-thread-1] INFO  server.RaftServerConfigKeys (ConfUtils.java:logGet(43)) - raft.server.storage.dir = [/workdir/hadoop-ozone/integration-test/target/test-dir/MiniOzoneClusterImpl-c6132511-5fdd-4faf-bdf1-f98df057b2f6/datanode-3/data/ratis] (custom)
2019-10-02 11:22:23,838 [pool-429-thread-1] INFO  server.RaftServerConfigKeys (ConfUtils.java:logGet(43)) - raft.server.log.appender.install.snapshot.enabled = false (custom)
2019-10-02 11:22:23,838 [pool-429-thread-1] INFO  impl.RaftServerImpl (ServerState.java:<init>(103)) - 29293bba-7ecd-42b9-9c4d-306cd62453b6@group-E0906783DC09: ConfigurationManager, init=-1: [29293bba-7ecd-42b9-9c4d-306cd62453b6:192.168.30.53:43965, 6a123e99-c772-4df8-bc5c-2a88baa35105:192.168.30.53:35427, 86433f91-68d3-4541-b45f-cc3cc45c90af:192.168.30.53:45896], old=null, confs=<EMPTY_MAP>
2019-10-02 11:22:23,838 [pool-439-thread-1] INFO  server.RaftServerConfigKeys (ConfUtils.java:logGet(43)) - raft.server.log.corruption.policy = EXCEPTION (default)
2019-10-02 11:22:23,838 [pool-429-thread-1] INFO  server.RaftServerConfigKeys (ConfUtils.java:logGet(43)) - raft.server.storage.dir = [/workdir/hadoop-ozone/integration-test/target/test-dir/MiniOzoneClusterImpl-c6132511-5fdd-4faf-bdf1-f98df057b2f6/datanode-2/data/ratis] (custom)
2019-10-02 11:22:23,839 [pool-439-thread-1] INFO  storage.RaftStorageDirectory (RaftStorageDirectory.java:analyzeStorage(246)) - The storage directory /workdir/hadoop-ozone/integration-test/target/test-dir/MiniOzoneClusterImpl-c6132511-5fdd-4faf-bdf1-f98df057b2f6/datanode-3/data/ratis/2c398604-f60b-4c52-85bf-e0906783dc09 does not exist. Creating ...
2019-10-02 11:22:23,839 [pool-429-thread-1] INFO  server.RaftServerConfigKeys (ConfUtils.java:logGet(43)) - raft.server.log.corruption.policy = EXCEPTION (default)
2019-10-02 11:22:23,839 [pool-429-thread-1] INFO  storage.RaftStorageDirectory (RaftStorageDirectory.java:analyzeStorage(246)) - The storage directory /workdir/hadoop-ozone/integration-test/target/test-dir/MiniOzoneClusterImpl-c6132511-5fdd-4faf-bdf1-f98df057b2f6/datanode-2/data/ratis/2c398604-f60b-4c52-85bf-e0906783dc09 does not exist. Creating ...
2019-10-02 11:22:25,457 [pool-409-thread-1] INFO  storage.RaftStorage (RaftStorage.java:format(84)) - Storage directory /workdir/hadoop-ozone/integration-test/target/test-dir/MiniOzoneClusterImpl-c6132511-5fdd-4faf-bdf1-f98df057b2f6/datanode-0/data/ratis/7541c1a7-76b6-45c9-a2d9-e5a9375ded0f has been successfully formatted.
2019-10-02 11:22:25,457 [pool-409-thread-1] INFO  ratis.ContainerStateMachine (ContainerStateMachine.java:loadSnapshot(230)) - group-E5A9375DED0F: The snapshot info is null. Setting the last applied indexto:(t:0, i:~)
2019-10-02 11:22:25,458 [pool-409-thread-1] INFO  server.RaftServerConfigKeys (ConfUtils.java:logGet(43)) - raft.server.notification.no-leader.timeout = 120s (custom)
2019-10-02 11:22:25,458 [pool-409-thread-1] INFO  server.RaftServerConfigKeys (ConfUtils.java:logGet(43)) - raft.server.log.use.memory = false (default)
2019-10-02 11:22:25,458 [pool-409-thread-1] INFO  server.RaftServerConfigKeys (ConfUtils.java:logGet(43)) - raft.server.log.purge.gap = 1000000 (custom)
2019-10-02 11:22:25,458 [pool-409-thread-1] INFO  server.RaftServerConfigKeys (ConfUtils.java:logGet(43)) - raft.server.log.appender.buffer.byte-limit = 33554432 (custom)
2019-10-02 11:22:25,458 [pool-409-thread-1] INFO  server.RaftServerConfigKeys (ConfUtils.java:logGet(43)) - raft.server.log.segment.size.max = 1048576 (custom)
2019-10-02 11:22:25,460 [pool-409-thread-1] INFO  server.RaftServerConfigKeys (ConfUtils.java:logGet(43)) - raft.server.log.segment.cache.num.max = 2 (custom)
2019-10-02 11:22:25,460 [pool-409-thread-1] INFO  segmented.SegmentedRaftLogWorker (SegmentedRaftLogWorker.java:<init>(173)) - new 3064a818-b09a-4b59-9b63-a68296a269d0@group-E5A9375DED0F-SegmentedRaftLogWorker for RaftStorage:Storage Directory /workdir/hadoop-ozone/integration-test/target/test-dir/MiniOzoneClusterImpl-c6132511-5fdd-4faf-bdf1-f98df057b2f6/datanode-0/data/ratis/7541c1a7-76b6-45c9-a2d9-e5a9375ded0f
2019-10-02 11:22:25,460 [pool-409-thread-1] INFO  server.RaftServerConfigKeys (ConfUtils.java:logGet(43)) - raft.server.log.queue.byte-limit = 2147483647 (custom)
2019-10-02 11:22:25,460 [pool-409-thread-1] INFO  server.RaftServerConfigKeys (ConfUtils.java:logGet(43)) - raft.server.log.queue.element-limit = 1024 (custom)
2019-10-02 11:22:25,461 [pool-409-thread-1] INFO  server.RaftServerConfigKeys (ConfUtils.java:logGet(43)) - raft.server.log.segment.size.max = 1048576 (custom)
2019-10-02 11:22:25,461 [pool-409-thread-1] INFO  server.RaftServerConfigKeys (ConfUtils.java:logGet(43)) - raft.server.log.preallocated.size = 16384 (custom)
2019-10-02 11:22:25,461 [pool-409-thread-1] INFO  server.RaftServerConfigKeys (ConfUtils.java:logGet(43)) - raft.server.log.write.buffer.size = 33554432 (custom)
2019-10-02 11:22:25,461 [pool-409-thread-1] INFO  server.RaftServerConfigKeys (ConfUtils.java:logGet(43)) - raft.server.log.force.sync.num = 128 (default)
2019-10-02 11:22:25,461 [pool-409-thread-1] INFO  server.RaftServerConfigKeys (ConfUtils.java:logGet(43)) - raft.server.log.statemachine.data.sync = true (default)
2019-10-02 11:22:25,461 [pool-409-thread-1] INFO  server.RaftServerConfigKeys (ConfUtils.java:logGet(43)) - raft.server.log.statemachine.data.sync.timeout = 10s (default)
2019-10-02 11:22:25,461 [pool-409-thread-1] INFO  server.RaftServerConfigKeys (ConfUtils.java:logGet(43)) - raft.server.log.statemachine.data.sync.timeout.retry = -1 (default)
2019-10-02 11:22:25,462 [pool-409-thread-1] INFO  server.RaftServerConfigKeys (ConfUtils.java:logGet(43)) - raft.server.log.statemachine.data.caching.enabled = true (custom)
2019-10-02 11:22:25,462 [pool-409-thread-1] INFO  segmented.SegmentedRaftLogWorker (SegmentedRaftLogWorker.java:lambda$new$0(128)) - 3064a818-b09a-4b59-9b63-a68296a269d0@group-E5A9375DED0F-SegmentedRaftLogWorker: flushIndex: setUnconditionally 0 -> -1
2019-10-02 11:22:25,462 [pool-409-thread-1] INFO  server.RaftServerConfigKeys (ConfUtils.java:logGet(43)) - raft.server.snapshot.auto.trigger.enabled = true (custom)
2019-10-02 11:22:25,462 [pool-409-thread-1] INFO  server.RaftServerConfigKeys (ConfUtils.java:logGet(43)) - raft.server.snapshot.auto.trigger.threshold = 10000 (custom)
2019-10-02 11:22:25,463 [pool-409-thread-1] INFO  server.RaftServerConfigKeys (ConfUtils.java:logGet(43)) - raft.server.snapshot.retention.file.num = 5 (custom)
2019-10-02 11:22:25,463 [pool-409-thread-1] INFO  server.RaftServerConfigKeys (ConfUtils.java:logGet(43)) - raft.server.retrycache.expirytime = 600000ms (custom)
2019-10-02 11:22:25,465 [pool-409-thread-1] INFO  impl.RaftServerImpl (RaftServerImpl.java:start(181)) - 3064a818-b09a-4b59-9b63-a68296a269d0@group-E5A9375DED0F: start as a follower, conf=-1: [3064a818-b09a-4b59-9b63-a68296a269d0:192.168.30.53:42211], old=null
2019-10-02 11:22:25,465 [pool-409-thread-1] INFO  impl.RaftServerImpl (RaftServerImpl.java:setRole(170)) - 3064a818-b09a-4b59-9b63-a68296a269d0@group-E5A9375DED0F: changes role from      null to FOLLOWER at term 0 for startAsFollower
2019-10-02 11:22:25,465 [pool-409-thread-1] INFO  impl.RoleInfo (RoleInfo.java:updateAndGet(143)) - 3064a818-b09a-4b59-9b63-a68296a269d0: start FollowerState
2019-10-02 11:22:25,480 [pool-409-thread-1] INFO  util.JmxRegister (JmxRegister.java:tryRegister(44)) - Successfully registered JMX Bean with object name Ratis:service=RaftServer,group=group-E5A9375DED0F,id=3064a818-b09a-4b59-9b63-a68296a269d0
2019-10-02 11:22:25,847 [pool-459-thread-1] INFO  storage.RaftStorageDirectory (RaftStorageDirectory.java:tryLock(328)) - Lock on /workdir/hadoop-ozone/integration-test/target/test-dir/MiniOzoneClusterImpl-c6132511-5fdd-4faf-bdf1-f98df057b2f6/datanode-5/data/ratis/2c398604-f60b-4c52-85bf-e0906783dc09/in_use.lock acquired by nodename 5801@pr-trunk-5xjmm-2411255686
2019-10-02 11:22:25,847 [pool-439-thread-1] INFO  storage.RaftStorageDirectory (RaftStorageDirectory.java:tryLock(328)) - Lock on /workdir/hadoop-ozone/integration-test/target/test-dir/MiniOzoneClusterImpl-c6132511-5fdd-4faf-bdf1-f98df057b2f6/datanode-3/data/ratis/2c398604-f60b-4c52-85bf-e0906783dc09/in_use.lock acquired by nodename 5801@pr-trunk-5xjmm-2411255686
2019-10-02 11:22:25,847 [pool-429-thread-1] INFO  storage.RaftStorageDirectory (RaftStorageDirectory.java:tryLock(328)) - Lock on /workdir/hadoop-ozone/integration-test/target/test-dir/MiniOzoneClusterImpl-c6132511-5fdd-4faf-bdf1-f98df057b2f6/datanode-2/data/ratis/2c398604-f60b-4c52-85bf-e0906783dc09/in_use.lock acquired by nodename 5801@pr-trunk-5xjmm-2411255686
2019-10-02 11:22:26,845 [RATISCREATEPIPELINE1] ERROR pipeline.RatisPipelineProvider (RatisPipelineProvider.java:lambda$null$5(235)) - Failed invoke Ratis rpc org.apache.hadoop.hdds.scm.pipeline.RatisPipelineProvider$$Lambda$189/1109194915@45affeaa for 6a123e99-c772-4df8-bc5c-2a88baa35105
org.apache.ratis.protocol.TimeoutIOException: deadline exceeded after 2999902001ns
	at org.apache.ratis.grpc.GrpcUtil.tryUnwrapException(GrpcUtil.java:82)
	at org.apache.ratis.grpc.GrpcUtil.unwrapException(GrpcUtil.java:75)
	at org.apache.ratis.grpc.client.GrpcClientProtocolClient.blockingCall(GrpcClientProtocolClient.java:184)
	at org.apache.ratis.grpc.client.GrpcClientProtocolClient.groupAdd(GrpcClientProtocolClient.java:153)
	at org.apache.ratis.grpc.client.GrpcClientRpc.sendRequest(GrpcClientRpc.java:94)
	at org.apache.ratis.client.impl.RaftClientImpl.sendRequest(RaftClientImpl.java:278)
	at org.apache.ratis.client.impl.RaftClientImpl.groupAdd(RaftClientImpl.java:205)
	at org.apache.hadoop.hdds.scm.pipeline.RatisPipelineProvider.lambda$initializePipeline$4(RatisPipelineProvider.java:196)
	at org.apache.hadoop.hdds.scm.pipeline.RatisPipelineProvider.lambda$null$5(RatisPipelineProvider.java:231)
	at java.util.stream.ForEachOps$ForEachOp$OfRef.accept(ForEachOps.java:184)
	at java.util.ArrayList$ArrayListSpliterator.forEachRemaining(ArrayList.java:1382)
	at java.util.stream.AbstractPipeline.copyInto(AbstractPipeline.java:482)
	at java.util.stream.ForEachOps$ForEachTask.compute(ForEachOps.java:291)
	at java.util.concurrent.CountedCompleter.exec(CountedCompleter.java:731)
	at java.util.concurrent.ForkJoinTask.doExec(ForkJoinTask.java:289)
	at java.util.concurrent.ForkJoinTask.doInvoke(ForkJoinTask.java:401)
	at java.util.concurrent.ForkJoinTask.invoke(ForkJoinTask.java:734)
	at java.util.stream.ForEachOps$ForEachOp.evaluateParallel(ForEachOps.java:160)
	at java.util.stream.ForEachOps$ForEachOp$OfRef.evaluateParallel(ForEachOps.java:174)
	at java.util.stream.AbstractPipeline.evaluate(AbstractPipeline.java:233)
	at java.util.stream.ReferencePipeline.forEach(ReferencePipeline.java:418)
	at java.util.stream.ReferencePipeline$Head.forEach(ReferencePipeline.java:583)
	at org.apache.hadoop.hdds.scm.pipeline.RatisPipelineProvider.lambda$callRatisRpc$6(RatisPipelineProvider.java:225)
	at java.util.concurrent.ForkJoinTask$AdaptedRunnableAction.exec(ForkJoinTask.java:1386)
	at java.util.concurrent.ForkJoinTask.doExec(ForkJoinTask.java:289)
	at java.util.concurrent.ForkJoinPool$WorkQueue.runTask(ForkJoinPool.java:1056)
	at java.util.concurrent.ForkJoinPool.runWorker(ForkJoinPool.java:1692)
	at java.util.concurrent.ForkJoinWorkerThread.run(ForkJoinWorkerThread.java:157)
Caused by: org.apache.ratis.thirdparty.io.grpc.StatusRuntimeException: DEADLINE_EXCEEDED: deadline exceeded after 2999902001ns
	at org.apache.ratis.thirdparty.io.grpc.stub.ClientCalls.toStatusRuntimeException(ClientCalls.java:233)
	at org.apache.ratis.thirdparty.io.grpc.stub.ClientCalls.getUnchecked(ClientCalls.java:214)
	at org.apache.ratis.thirdparty.io.grpc.stub.ClientCalls.blockingUnaryCall(ClientCalls.java:139)
	at org.apache.ratis.proto.grpc.AdminProtocolServiceGrpc$AdminProtocolServiceBlockingStub.groupManagement(AdminProtocolServiceGrpc.java:274)
	at org.apache.ratis.grpc.client.GrpcClientProtocolClient.lambda$groupAdd$3(GrpcClientProtocolClient.java:155)
	at org.apache.ratis.grpc.client.GrpcClientProtocolClient.blockingCall(GrpcClientProtocolClient.java:182)
	... 25 more
2019-10-02 11:22:26,845 [RATISCREATEPIPELINE3] ERROR pipeline.RatisPipelineProvider (RatisPipelineProvider.java:lambda$null$5(235)) - Failed invoke Ratis rpc org.apache.hadoop.hdds.scm.pipeline.RatisPipelineProvider$$Lambda$189/1109194915@45affeaa for 29293bba-7ecd-42b9-9c4d-306cd62453b6
org.apache.ratis.protocol.TimeoutIOException: deadline exceeded after 2999914315ns
	at org.apache.ratis.grpc.GrpcUtil.tryUnwrapException(GrpcUtil.java:82)
	at org.apache.ratis.grpc.GrpcUtil.unwrapException(GrpcUtil.java:75)
	at org.apache.ratis.grpc.client.GrpcClientProtocolClient.blockingCall(GrpcClientProtocolClient.java:184)
	at org.apache.ratis.grpc.client.GrpcClientProtocolClient.groupAdd(GrpcClientProtocolClient.java:153)
	at org.apache.ratis.grpc.client.GrpcClientRpc.sendRequest(GrpcClientRpc.java:94)
	at org.apache.ratis.client.impl.RaftClientImpl.sendRequest(RaftClientImpl.java:278)
	at org.apache.ratis.client.impl.RaftClientImpl.groupAdd(RaftClientImpl.java:205)
	at org.apache.hadoop.hdds.scm.pipeline.RatisPipelineProvider.lambda$initializePipeline$4(RatisPipelineProvider.java:196)
	at org.apache.hadoop.hdds.scm.pipeline.RatisPipelineProvider.lambda$null$5(RatisPipelineProvider.java:231)
	at java.util.stream.ForEachOps$ForEachOp$OfRef.accept(ForEachOps.java:184)
	at java.util.ArrayList$ArrayListSpliterator.forEachRemaining(ArrayList.java:1382)
	at java.util.stream.AbstractPipeline.copyInto(AbstractPipeline.java:482)
	at java.util.stream.ForEachOps$ForEachTask.compute(ForEachOps.java:291)
	at java.util.concurrent.CountedCompleter.exec(CountedCompleter.java:731)
	at java.util.concurrent.ForkJoinTask.doExec(ForkJoinTask.java:289)
	at java.util.concurrent.ForkJoinPool$WorkQueue.runTask(ForkJoinPool.java:1056)
	at java.util.concurrent.ForkJoinPool.runWorker(ForkJoinPool.java:1692)
	at java.util.concurrent.ForkJoinWorkerThread.run(ForkJoinWorkerThread.java:157)
Caused by: org.apache.ratis.thirdparty.io.grpc.StatusRuntimeException: DEADLINE_EXCEEDED: deadline exceeded after 2999914315ns
	at org.apache.ratis.thirdparty.io.grpc.stub.ClientCalls.toStatusRuntimeException(ClientCalls.java:233)
	at org.apache.ratis.thirdparty.io.grpc.stub.ClientCalls.getUnchecked(ClientCalls.java:214)
	at org.apache.ratis.thirdparty.io.grpc.stub.ClientCalls.blockingUnaryCall(ClientCalls.java:139)
	at org.apache.ratis.proto.grpc.AdminProtocolServiceGrpc$AdminProtocolServiceBlockingStub.groupManagement(AdminProtocolServiceGrpc.java:274)
	at org.apache.ratis.grpc.client.GrpcClientProtocolClient.lambda$groupAdd$3(GrpcClientProtocolClient.java:155)
	at org.apache.ratis.grpc.client.GrpcClientProtocolClient.blockingCall(GrpcClientProtocolClient.java:182)
	... 15 more
2019-10-02 11:22:26,845 [RATISCREATEPIPELINE2] ERROR pipeline.RatisPipelineProvider (RatisPipelineProvider.java:lambda$null$5(235)) - Failed invoke Ratis rpc org.apache.hadoop.hdds.scm.pipeline.RatisPipelineProvider$$Lambda$189/1109194915@45affeaa for 86433f91-68d3-4541-b45f-cc3cc45c90af
org.apache.ratis.protocol.TimeoutIOException: deadline exceeded after 2999917849ns
	at org.apache.ratis.grpc.GrpcUtil.tryUnwrapException(GrpcUtil.java:82)
	at org.apache.ratis.grpc.GrpcUtil.unwrapException(GrpcUtil.java:75)
	at org.apache.ratis.grpc.client.GrpcClientProtocolClient.blockingCall(GrpcClientProtocolClient.java:184)
	at org.apache.ratis.grpc.client.GrpcClientProtocolClient.groupAdd(GrpcClientProtocolClient.java:153)
	at org.apache.ratis.grpc.client.GrpcClientRpc.sendRequest(GrpcClientRpc.java:94)
	at org.apache.ratis.client.impl.RaftClientImpl.sendRequest(RaftClientImpl.java:278)
	at org.apache.ratis.client.impl.RaftClientImpl.groupAdd(RaftClientImpl.java:205)
	at org.apache.hadoop.hdds.scm.pipeline.RatisPipelineProvider.lambda$initializePipeline$4(RatisPipelineProvider.java:196)
	at org.apache.hadoop.hdds.scm.pipeline.RatisPipelineProvider.lambda$null$5(RatisPipelineProvider.java:231)
	at java.util.stream.ForEachOps$ForEachOp$OfRef.accept(ForEachOps.java:184)
	at java.util.ArrayList$ArrayListSpliterator.forEachRemaining(ArrayList.java:1382)
	at java.util.stream.AbstractPipeline.copyInto(AbstractPipeline.java:482)
	at java.util.stream.ForEachOps$ForEachTask.compute(ForEachOps.java:291)
	at java.util.concurrent.CountedCompleter.exec(CountedCompleter.java:731)
	at java.util.concurrent.ForkJoinTask.doExec(ForkJoinTask.java:289)
	at java.util.concurrent.ForkJoinPool$WorkQueue.runTask(ForkJoinPool.java:1056)
	at java.util.concurrent.ForkJoinPool.runWorker(ForkJoinPool.java:1692)
	at java.util.concurrent.ForkJoinWorkerThread.run(ForkJoinWorkerThread.java:157)
Caused by: org.apache.ratis.thirdparty.io.grpc.StatusRuntimeException: DEADLINE_EXCEEDED: deadline exceeded after 2999917849ns
	at org.apache.ratis.thirdparty.io.grpc.stub.ClientCalls.toStatusRuntimeException(ClientCalls.java:233)
	at org.apache.ratis.thirdparty.io.grpc.stub.ClientCalls.getUnchecked(ClientCalls.java:214)
	at org.apache.ratis.thirdparty.io.grpc.stub.ClientCalls.blockingUnaryCall(ClientCalls.java:139)
	at org.apache.ratis.proto.grpc.AdminProtocolServiceGrpc$AdminProtocolServiceBlockingStub.groupManagement(AdminProtocolServiceGrpc.java:274)
	at org.apache.ratis.grpc.client.GrpcClientProtocolClient.lambda$groupAdd$3(GrpcClientProtocolClient.java:155)
	at org.apache.ratis.grpc.client.GrpcClientProtocolClient.blockingCall(GrpcClientProtocolClient.java:182)
	... 15 more
2019-10-02 11:22:26,856 [grpc-default-executor-8] INFO  impl.RaftServerProxy (RaftServerProxy.java:addNew(89)) - 86433f91-68d3-4541-b45f-cc3cc45c90af: addNew group-74C2998DCC37:[86433f91-68d3-4541-b45f-cc3cc45c90af:192.168.30.53:45896] returns group-74C2998DCC37:java.util.concurrent.CompletableFuture@53b98aeb[Not completed]
2019-10-02 11:22:26,914 [pool-439-thread-1] INFO  storage.RaftStorage (RaftStorage.java:format(84)) - Storage directory /workdir/hadoop-ozone/integration-test/target/test-dir/MiniOzoneClusterImpl-c6132511-5fdd-4faf-bdf1-f98df057b2f6/datanode-3/data/ratis/2c398604-f60b-4c52-85bf-e0906783dc09 has been successfully formatted.
2019-10-02 11:22:26,914 [pool-429-thread-1] INFO  storage.RaftStorage (RaftStorage.java:format(84)) - Storage directory /workdir/hadoop-ozone/integration-test/target/test-dir/MiniOzoneClusterImpl-c6132511-5fdd-4faf-bdf1-f98df057b2f6/datanode-2/data/ratis/2c398604-f60b-4c52-85bf-e0906783dc09 has been successfully formatted.
2019-10-02 11:22:26,914 [pool-439-thread-1] INFO  ratis.ContainerStateMachine (ContainerStateMachine.java:loadSnapshot(230)) - group-E0906783DC09: The snapshot info is null. Setting the last applied indexto:(t:0, i:~)
2019-10-02 11:22:26,914 [pool-459-thread-1] INFO  storage.RaftStorage (RaftStorage.java:format(84)) - Storage directory /workdir/hadoop-ozone/integration-test/target/test-dir/MiniOzoneClusterImpl-c6132511-5fdd-4faf-bdf1-f98df057b2f6/datanode-5/data/ratis/2c398604-f60b-4c52-85bf-e0906783dc09 has been successfully formatted.
2019-10-02 11:22:26,914 [pool-429-thread-1] INFO  ratis.ContainerStateMachine (ContainerStateMachine.java:loadSnapshot(230)) - group-E0906783DC09: The snapshot info is null. Setting the last applied indexto:(t:0, i:~)
2019-10-02 11:22:26,914 [pool-439-thread-1] INFO  server.RaftServerConfigKeys (ConfUtils.java:logGet(43)) - raft.server.notification.no-leader.timeout = 120s (custom)
2019-10-02 11:22:26,914 [pool-429-thread-1] INFO  server.RaftServerConfigKeys (ConfUtils.java:logGet(43)) - raft.server.notification.no-leader.timeout = 120s (custom)
2019-10-02 11:22:26,914 [pool-459-thread-1] INFO  ratis.ContainerStateMachine (ContainerStateMachine.java:loadSnapshot(230)) - group-E0906783DC09: The snapshot info is null. Setting the last applied indexto:(t:0, i:~)
2019-10-02 11:22:26,914 [pool-429-thread-1] INFO  server.RaftServerConfigKeys (ConfUtils.java:logGet(43)) - raft.server.log.use.memory = false (default)
2019-10-02 11:22:26,914 [pool-439-thread-1] INFO  server.RaftServerConfigKeys (ConfUtils.java:logGet(43)) - raft.server.log.use.memory = false (default)
2019-10-02 11:22:26,915 [pool-429-thread-1] INFO  server.RaftServerConfigKeys (ConfUtils.java:logGet(43)) - raft.server.log.purge.gap = 1000000 (custom)
2019-10-02 11:22:26,915 [pool-459-thread-1] INFO  server.RaftServerConfigKeys (ConfUtils.java:logGet(43)) - raft.server.notification.no-leader.timeout = 120s (custom)
2019-10-02 11:22:26,915 [pool-429-thread-1] INFO  server.RaftServerConfigKeys (ConfUtils.java:logGet(43)) - raft.server.log.appender.buffer.byte-limit = 33554432 (custom)
2019-10-02 11:22:26,915 [pool-439-thread-1] INFO  server.RaftServerConfigKeys (ConfUtils.java:logGet(43)) - raft.server.log.purge.gap = 1000000 (custom)
2019-10-02 11:22:26,915 [pool-429-thread-1] INFO  server.RaftServerConfigKeys (ConfUtils.java:logGet(43)) - raft.server.log.segment.size.max = 1048576 (custom)
2019-10-02 11:22:26,915 [pool-459-thread-1] INFO  server.RaftServerConfigKeys (ConfUtils.java:logGet(43)) - raft.server.log.use.memory = false (default)
2019-10-02 11:22:26,915 [pool-439-thread-1] INFO  server.RaftServerConfigKeys (ConfUtils.java:logGet(43)) - raft.server.log.appender.buffer.byte-limit = 33554432 (custom)
2019-10-02 11:22:26,915 [pool-459-thread-1] INFO  server.RaftServerConfigKeys (ConfUtils.java:logGet(43)) - raft.server.log.purge.gap = 1000000 (custom)
2019-10-02 11:22:26,915 [pool-439-thread-1] INFO  server.RaftServerConfigKeys (ConfUtils.java:logGet(43)) - raft.server.log.segment.size.max = 1048576 (custom)
2019-10-02 11:22:26,916 [pool-459-thread-1] INFO  server.RaftServerConfigKeys (ConfUtils.java:logGet(43)) - raft.server.log.appender.buffer.byte-limit = 33554432 (custom)
2019-10-02 11:22:26,916 [pool-459-thread-1] INFO  server.RaftServerConfigKeys (ConfUtils.java:logGet(43)) - raft.server.log.segment.size.max = 1048576 (custom)
2019-10-02 11:22:26,919 [pool-429-thread-1] INFO  server.RaftServerConfigKeys (ConfUtils.java:logGet(43)) - raft.server.log.segment.cache.num.max = 2 (custom)
2019-10-02 11:22:26,919 [pool-429-thread-1] INFO  segmented.SegmentedRaftLogWorker (SegmentedRaftLogWorker.java:<init>(173)) - new 29293bba-7ecd-42b9-9c4d-306cd62453b6@group-E0906783DC09-SegmentedRaftLogWorker for RaftStorage:Storage Directory /workdir/hadoop-ozone/integration-test/target/test-dir/MiniOzoneClusterImpl-c6132511-5fdd-4faf-bdf1-f98df057b2f6/datanode-2/data/ratis/2c398604-f60b-4c52-85bf-e0906783dc09
2019-10-02 11:22:26,919 [pool-429-thread-1] INFO  server.RaftServerConfigKeys (ConfUtils.java:logGet(43)) - raft.server.log.queue.byte-limit = 2147483647 (custom)
2019-10-02 11:22:26,919 [pool-429-thread-1] INFO  server.RaftServerConfigKeys (ConfUtils.java:logGet(43)) - raft.server.log.queue.element-limit = 1024 (custom)
2019-10-02 11:22:26,919 [pool-429-thread-1] INFO  server.RaftServerConfigKeys (ConfUtils.java:logGet(43)) - raft.server.log.segment.size.max = 1048576 (custom)
2019-10-02 11:22:26,919 [pool-439-thread-1] INFO  server.RaftServerConfigKeys (ConfUtils.java:logGet(43)) - raft.server.log.segment.cache.num.max = 2 (custom)
2019-10-02 11:22:26,919 [pool-459-thread-1] INFO  server.RaftServerConfigKeys (ConfUtils.java:logGet(43)) - raft.server.log.segment.cache.num.max = 2 (custom)
2019-10-02 11:22:26,920 [pool-439-thread-1] INFO  segmented.SegmentedRaftLogWorker (SegmentedRaftLogWorker.java:<init>(173)) - new 86433f91-68d3-4541-b45f-cc3cc45c90af@group-E0906783DC09-SegmentedRaftLogWorker for RaftStorage:Storage Directory /workdir/hadoop-ozone/integration-test/target/test-dir/MiniOzoneClusterImpl-c6132511-5fdd-4faf-bdf1-f98df057b2f6/datanode-3/data/ratis/2c398604-f60b-4c52-85bf-e0906783dc09
2019-10-02 11:22:26,919 [pool-429-thread-1] INFO  server.RaftServerConfigKeys (ConfUtils.java:logGet(43)) - raft.server.log.preallocated.size = 16384 (custom)
2019-10-02 11:22:26,920 [pool-439-thread-1] INFO  server.RaftServerConfigKeys (ConfUtils.java:logGet(43)) - raft.server.log.queue.byte-limit = 2147483647 (custom)
2019-10-02 11:22:26,920 [pool-459-thread-1] INFO  segmented.SegmentedRaftLogWorker (SegmentedRaftLogWorker.java:<init>(173)) - new 6a123e99-c772-4df8-bc5c-2a88baa35105@group-E0906783DC09-SegmentedRaftLogWorker for RaftStorage:Storage Directory /workdir/hadoop-ozone/integration-test/target/test-dir/MiniOzoneClusterImpl-c6132511-5fdd-4faf-bdf1-f98df057b2f6/datanode-5/data/ratis/2c398604-f60b-4c52-85bf-e0906783dc09
2019-10-02 11:22:26,920 [pool-439-thread-1] INFO  server.RaftServerConfigKeys (ConfUtils.java:logGet(43)) - raft.server.log.queue.element-limit = 1024 (custom)
2019-10-02 11:22:26,920 [pool-429-thread-1] INFO  server.RaftServerConfigKeys (ConfUtils.java:logGet(43)) - raft.server.log.write.buffer.size = 33554432 (custom)
2019-10-02 11:22:26,920 [pool-439-thread-1] INFO  server.RaftServerConfigKeys (ConfUtils.java:logGet(43)) - raft.server.log.segment.size.max = 1048576 (custom)
2019-10-02 11:22:26,920 [pool-459-thread-1] INFO  server.RaftServerConfigKeys (ConfUtils.java:logGet(43)) - raft.server.log.queue.byte-limit = 2147483647 (custom)
2019-10-02 11:22:26,921 [pool-439-thread-1] INFO  server.RaftServerConfigKeys (ConfUtils.java:logGet(43)) - raft.server.log.preallocated.size = 16384 (custom)
2019-10-02 11:22:26,920 [pool-429-thread-1] INFO  server.RaftServerConfigKeys (ConfUtils.java:logGet(43)) - raft.server.log.force.sync.num = 128 (default)
2019-10-02 11:22:26,921 [pool-439-thread-1] INFO  server.RaftServerConfigKeys (ConfUtils.java:logGet(43)) - raft.server.log.write.buffer.size = 33554432 (custom)
2019-10-02 11:22:26,921 [pool-459-thread-1] INFO  server.RaftServerConfigKeys (ConfUtils.java:logGet(43)) - raft.server.log.queue.element-limit = 1024 (custom)
2019-10-02 11:22:26,921 [pool-439-thread-1] INFO  server.RaftServerConfigKeys (ConfUtils.java:logGet(43)) - raft.server.log.force.sync.num = 128 (default)
2019-10-02 11:22:26,921 [pool-429-thread-1] INFO  server.RaftServerConfigKeys (ConfUtils.java:logGet(43)) - raft.server.log.statemachine.data.sync = true (default)
2019-10-02 11:22:26,921 [pool-439-thread-1] INFO  server.RaftServerConfigKeys (ConfUtils.java:logGet(43)) - raft.server.log.statemachine.data.sync = true (default)
2019-10-02 11:22:26,921 [pool-459-thread-1] INFO  server.RaftServerConfigKeys (ConfUtils.java:logGet(43)) - raft.server.log.segment.size.max = 1048576 (custom)
2019-10-02 11:22:26,922 [pool-439-thread-1] INFO  server.RaftServerConfigKeys (ConfUtils.java:logGet(43)) - raft.server.log.statemachine.data.sync.timeout = 10s (default)
2019-10-02 11:22:26,921 [pool-429-thread-1] INFO  server.RaftServerConfigKeys (ConfUtils.java:logGet(43)) - raft.server.log.statemachine.data.sync.timeout = 10s (default)
2019-10-02 11:22:26,922 [pool-439-thread-1] INFO  server.RaftServerConfigKeys (ConfUtils.java:logGet(43)) - raft.server.log.statemachine.data.sync.timeout.retry = -1 (default)
2019-10-02 11:22:26,922 [pool-459-thread-1] INFO  server.RaftServerConfigKeys (ConfUtils.java:logGet(43)) - raft.server.log.preallocated.size = 16384 (custom)
2019-10-02 11:22:26,923 [pool-429-thread-1] INFO  server.RaftServerConfigKeys (ConfUtils.java:logGet(43)) - raft.server.log.statemachine.data.sync.timeout.retry = -1 (default)
2019-10-02 11:22:26,923 [pool-439-thread-1] INFO  server.RaftServerConfigKeys (ConfUtils.java:logGet(43)) - raft.server.log.statemachine.data.caching.enabled = true (custom)
2019-10-02 11:22:26,923 [pool-459-thread-1] INFO  server.RaftServerConfigKeys (ConfUtils.java:logGet(43)) - raft.server.log.write.buffer.size = 33554432 (custom)
2019-10-02 11:22:26,923 [pool-429-thread-1] INFO  server.RaftServerConfigKeys (ConfUtils.java:logGet(43)) - raft.server.log.statemachine.data.caching.enabled = true (custom)
2019-10-02 11:22:26,923 [pool-459-thread-1] INFO  server.RaftServerConfigKeys (ConfUtils.java:logGet(43)) - raft.server.log.force.sync.num = 128 (default)
2019-10-02 11:22:26,923 [pool-439-thread-1] INFO  segmented.SegmentedRaftLogWorker (SegmentedRaftLogWorker.java:lambda$new$0(128)) - 86433f91-68d3-4541-b45f-cc3cc45c90af@group-E0906783DC09-SegmentedRaftLogWorker: flushIndex: setUnconditionally 0 -> -1
2019-10-02 11:22:26,924 [pool-459-thread-1] INFO  server.RaftServerConfigKeys (ConfUtils.java:logGet(43)) - raft.server.log.statemachine.data.sync = true (default)
2019-10-02 11:22:26,924 [pool-429-thread-1] INFO  segmented.SegmentedRaftLogWorker (SegmentedRaftLogWorker.java:lambda$new$0(128)) - 29293bba-7ecd-42b9-9c4d-306cd62453b6@group-E0906783DC09-SegmentedRaftLogWorker: flushIndex: setUnconditionally 0 -> -1
2019-10-02 11:22:26,924 [pool-459-thread-1] INFO  server.RaftServerConfigKeys (ConfUtils.java:logGet(43)) - raft.server.log.statemachine.data.sync.timeout = 10s (default)
2019-10-02 11:22:26,924 [pool-429-thread-1] INFO  server.RaftServerConfigKeys (ConfUtils.java:logGet(43)) - raft.server.snapshot.auto.trigger.enabled = true (custom)
2019-10-02 11:22:26,924 [pool-439-thread-1] INFO  server.RaftServerConfigKeys (ConfUtils.java:logGet(43)) - raft.server.snapshot.auto.trigger.enabled = true (custom)
2019-10-02 11:22:26,924 [pool-429-thread-1] INFO  server.RaftServerConfigKeys (ConfUtils.java:logGet(43)) - raft.server.snapshot.auto.trigger.threshold = 10000 (custom)
2019-10-02 11:22:26,924 [pool-459-thread-1] INFO  server.RaftServerConfigKeys (ConfUtils.java:logGet(43)) - raft.server.log.statemachine.data.sync.timeout.retry = -1 (default)
2019-10-02 11:22:26,924 [pool-429-thread-1] INFO  server.RaftServerConfigKeys (ConfUtils.java:logGet(43)) - raft.server.snapshot.retention.file.num = 5 (custom)
2019-10-02 11:22:26,924 [pool-439-thread-1] INFO  server.RaftServerConfigKeys (ConfUtils.java:logGet(43)) - raft.server.snapshot.auto.trigger.threshold = 10000 (custom)
2019-10-02 11:22:26,925 [pool-429-thread-1] INFO  server.RaftServerConfigKeys (ConfUtils.java:logGet(43)) - raft.server.retrycache.expirytime = 600000ms (custom)
2019-10-02 11:22:26,925 [pool-439-thread-1] INFO  server.RaftServerConfigKeys (ConfUtils.java:logGet(43)) - raft.server.snapshot.retention.file.num = 5 (custom)
2019-10-02 11:22:26,925 [pool-459-thread-1] INFO  server.RaftServerConfigKeys (ConfUtils.java:logGet(43)) - raft.server.log.statemachine.data.caching.enabled = true (custom)
2019-10-02 11:22:26,925 [pool-439-thread-1] INFO  server.RaftServerConfigKeys (ConfUtils.java:logGet(43)) - raft.server.retrycache.expirytime = 600000ms (custom)
2019-10-02 11:22:26,925 [pool-459-thread-1] INFO  segmented.SegmentedRaftLogWorker (SegmentedRaftLogWorker.java:lambda$new$0(128)) - 6a123e99-c772-4df8-bc5c-2a88baa35105@group-E0906783DC09-SegmentedRaftLogWorker: flushIndex: setUnconditionally 0 -> -1
2019-10-02 11:22:26,926 [pool-459-thread-1] INFO  server.RaftServerConfigKeys (ConfUtils.java:logGet(43)) - raft.server.snapshot.auto.trigger.enabled = true (custom)
2019-10-02 11:22:26,926 [pool-459-thread-1] INFO  server.RaftServerConfigKeys (ConfUtils.java:logGet(43)) - raft.server.snapshot.auto.trigger.threshold = 10000 (custom)
2019-10-02 11:22:26,926 [pool-459-thread-1] INFO  server.RaftServerConfigKeys (ConfUtils.java:logGet(43)) - raft.server.snapshot.retention.file.num = 5 (custom)
2019-10-02 11:22:26,926 [pool-459-thread-1] INFO  server.RaftServerConfigKeys (ConfUtils.java:logGet(43)) - raft.server.retrycache.expirytime = 600000ms (custom)
2019-10-02 11:22:26,927 [pool-429-thread-1] INFO  impl.RaftServerImpl (RaftServerImpl.java:start(181)) - 29293bba-7ecd-42b9-9c4d-306cd62453b6@group-E0906783DC09: start as a follower, conf=-1: [29293bba-7ecd-42b9-9c4d-306cd62453b6:192.168.30.53:43965, 6a123e99-c772-4df8-bc5c-2a88baa35105:192.168.30.53:35427, 86433f91-68d3-4541-b45f-cc3cc45c90af:192.168.30.53:45896], old=null
2019-10-02 11:22:26,927 [pool-429-thread-1] INFO  impl.RaftServerImpl (RaftServerImpl.java:setRole(170)) - 29293bba-7ecd-42b9-9c4d-306cd62453b6@group-E0906783DC09: changes role from      null to FOLLOWER at term 0 for startAsFollower
2019-10-02 11:22:26,927 [pool-429-thread-1] INFO  impl.RoleInfo (RoleInfo.java:updateAndGet(143)) - 29293bba-7ecd-42b9-9c4d-306cd62453b6: start FollowerState
2019-10-02 11:22:26,927 [pool-429-thread-1] INFO  util.JmxRegister (JmxRegister.java:tryRegister(44)) - Successfully registered JMX Bean with object name Ratis:service=RaftServer,group=group-E0906783DC09,id=29293bba-7ecd-42b9-9c4d-306cd62453b6
2019-10-02 11:22:26,929 [pool-459-thread-1] INFO  impl.RaftServerImpl (RaftServerImpl.java:start(181)) - 6a123e99-c772-4df8-bc5c-2a88baa35105@group-E0906783DC09: start as a follower, conf=-1: [29293bba-7ecd-42b9-9c4d-306cd62453b6:192.168.30.53:43965, 6a123e99-c772-4df8-bc5c-2a88baa35105:192.168.30.53:35427, 86433f91-68d3-4541-b45f-cc3cc45c90af:192.168.30.53:45896], old=null
2019-10-02 11:22:26,929 [pool-459-thread-1] INFO  impl.RaftServerImpl (RaftServerImpl.java:setRole(170)) - 6a123e99-c772-4df8-bc5c-2a88baa35105@group-E0906783DC09: changes role from      null to FOLLOWER at term 0 for startAsFollower
2019-10-02 11:22:26,930 [pool-459-thread-1] INFO  impl.RoleInfo (RoleInfo.java:updateAndGet(143)) - 6a123e99-c772-4df8-bc5c-2a88baa35105: start FollowerState
2019-10-02 11:22:26,930 [pool-459-thread-1] INFO  util.JmxRegister (JmxRegister.java:tryRegister(44)) - Successfully registered JMX Bean with object name Ratis:service=RaftServer,group=group-E0906783DC09,id=6a123e99-c772-4df8-bc5c-2a88baa35105
2019-10-02 11:22:26,931 [pool-439-thread-1] INFO  impl.RaftServerImpl (RaftServerImpl.java:<init>(95)) - 86433f91-68d3-4541-b45f-cc3cc45c90af: new RaftServerImpl for group-74C2998DCC37:[86433f91-68d3-4541-b45f-cc3cc45c90af:192.168.30.53:45896] with ContainerStateMachine:uninitialized
2019-10-02 11:22:26,931 [pool-439-thread-1] INFO  server.RaftServerConfigKeys (ConfUtils.java:logGet(43)) - raft.server.rpc.timeout.min = 5s (custom)
2019-10-02 11:22:26,931 [pool-439-thread-1] INFO  server.RaftServerConfigKeys (ConfUtils.java:logGet(43)) - raft.server.rpc.timeout.max = 5200ms (custom)
2019-10-02 11:22:26,932 [pool-439-thread-1] INFO  server.RaftServerConfigKeys (ConfUtils.java:logGet(43)) - raft.server.rpcslowness.timeout = 120s (custom)
2019-10-02 11:22:26,932 [pool-439-thread-1] INFO  server.RaftServerConfigKeys (ConfUtils.java:logGet(43)) - raft.server.sleep.deviation.threshold = 300 (default)
2019-10-02 11:22:26,932 [pool-439-thread-1] INFO  server.RaftServerConfigKeys (ConfUtils.java:logGet(43)) - raft.server.log.appender.install.snapshot.enabled = false (custom)
2019-10-02 11:22:26,932 [pool-439-thread-1] INFO  impl.RaftServerImpl (ServerState.java:<init>(103)) - 86433f91-68d3-4541-b45f-cc3cc45c90af@group-74C2998DCC37: ConfigurationManager, init=-1: [86433f91-68d3-4541-b45f-cc3cc45c90af:192.168.30.53:45896], old=null, confs=<EMPTY_MAP>
2019-10-02 11:22:26,932 [pool-439-thread-1] INFO  server.RaftServerConfigKeys (ConfUtils.java:logGet(43)) - raft.server.storage.dir = [/workdir/hadoop-ozone/integration-test/target/test-dir/MiniOzoneClusterImpl-c6132511-5fdd-4faf-bdf1-f98df057b2f6/datanode-3/data/ratis] (custom)
2019-10-02 11:22:26,933 [pool-439-thread-1] INFO  server.RaftServerConfigKeys (ConfUtils.java:logGet(43)) - raft.server.log.corruption.policy = EXCEPTION (default)
2019-10-02 11:22:26,933 [pool-439-thread-1] INFO  storage.RaftStorageDirectory (RaftStorageDirectory.java:analyzeStorage(246)) - The storage directory /workdir/hadoop-ozone/integration-test/target/test-dir/MiniOzoneClusterImpl-c6132511-5fdd-4faf-bdf1-f98df057b2f6/datanode-3/data/ratis/6d79fdb7-1d53-47f6-a50b-74c2998dcc37 does not exist. Creating ...
2019-10-02 11:22:27,008 [pool-439-thread-1] INFO  storage.RaftStorageDirectory (RaftStorageDirectory.java:tryLock(328)) - Lock on /workdir/hadoop-ozone/integration-test/target/test-dir/MiniOzoneClusterImpl-c6132511-5fdd-4faf-bdf1-f98df057b2f6/datanode-3/data/ratis/6d79fdb7-1d53-47f6-a50b-74c2998dcc37/in_use.lock acquired by nodename 5801@pr-trunk-5xjmm-2411255686
2019-10-02 11:22:27,048 [pool-439-thread-1] INFO  storage.RaftStorage (RaftStorage.java:format(84)) - Storage directory /workdir/hadoop-ozone/integration-test/target/test-dir/MiniOzoneClusterImpl-c6132511-5fdd-4faf-bdf1-f98df057b2f6/datanode-3/data/ratis/6d79fdb7-1d53-47f6-a50b-74c2998dcc37 has been successfully formatted.
2019-10-02 11:22:27,048 [pool-439-thread-1] INFO  ratis.ContainerStateMachine (ContainerStateMachine.java:loadSnapshot(230)) - group-74C2998DCC37: The snapshot info is null. Setting the last applied indexto:(t:0, i:~)
2019-10-02 11:22:27,048 [pool-439-thread-1] INFO  server.RaftServerConfigKeys (ConfUtils.java:logGet(43)) - raft.server.notification.no-leader.timeout = 120s (custom)
2019-10-02 11:22:27,048 [pool-439-thread-1] INFO  server.RaftServerConfigKeys (ConfUtils.java:logGet(43)) - raft.server.log.use.memory = false (default)
2019-10-02 11:22:27,049 [pool-439-thread-1] INFO  server.RaftServerConfigKeys (ConfUtils.java:logGet(43)) - raft.server.log.purge.gap = 1000000 (custom)
2019-10-02 11:22:27,049 [pool-439-thread-1] INFO  server.RaftServerConfigKeys (ConfUtils.java:logGet(43)) - raft.server.log.appender.buffer.byte-limit = 33554432 (custom)
2019-10-02 11:22:27,049 [pool-439-thread-1] INFO  server.RaftServerConfigKeys (ConfUtils.java:logGet(43)) - raft.server.log.segment.size.max = 1048576 (custom)
2019-10-02 11:22:27,049 [pool-439-thread-1] INFO  server.RaftServerConfigKeys (ConfUtils.java:logGet(43)) - raft.server.log.segment.cache.num.max = 2 (custom)
2019-10-02 11:22:27,049 [pool-439-thread-1] INFO  segmented.SegmentedRaftLogWorker (SegmentedRaftLogWorker.java:<init>(173)) - new 86433f91-68d3-4541-b45f-cc3cc45c90af@group-74C2998DCC37-SegmentedRaftLogWorker for RaftStorage:Storage Directory /workdir/hadoop-ozone/integration-test/target/test-dir/MiniOzoneClusterImpl-c6132511-5fdd-4faf-bdf1-f98df057b2f6/datanode-3/data/ratis/6d79fdb7-1d53-47f6-a50b-74c2998dcc37
2019-10-02 11:22:27,049 [pool-439-thread-1] INFO  server.RaftServerConfigKeys (ConfUtils.java:logGet(43)) - raft.server.log.queue.byte-limit = 2147483647 (custom)
2019-10-02 11:22:27,049 [pool-439-thread-1] INFO  server.RaftServerConfigKeys (ConfUtils.java:logGet(43)) - raft.server.log.queue.element-limit = 1024 (custom)
2019-10-02 11:22:27,050 [pool-439-thread-1] INFO  server.RaftServerConfigKeys (ConfUtils.java:logGet(43)) - raft.server.log.segment.size.max = 1048576 (custom)
2019-10-02 11:22:27,050 [pool-439-thread-1] INFO  server.RaftServerConfigKeys (ConfUtils.java:logGet(43)) - raft.server.log.preallocated.size = 16384 (custom)
2019-10-02 11:22:27,050 [pool-439-thread-1] INFO  server.RaftServerConfigKeys (ConfUtils.java:logGet(43)) - raft.server.log.write.buffer.size = 33554432 (custom)
2019-10-02 11:22:27,050 [pool-439-thread-1] INFO  server.RaftServerConfigKeys (ConfUtils.java:logGet(43)) - raft.server.log.force.sync.num = 128 (default)
2019-10-02 11:22:27,050 [pool-439-thread-1] INFO  server.RaftServerConfigKeys (ConfUtils.java:logGet(43)) - raft.server.log.statemachine.data.sync = true (default)
2019-10-02 11:22:27,050 [pool-439-thread-1] INFO  server.RaftServerConfigKeys (ConfUtils.java:logGet(43)) - raft.server.log.statemachine.data.sync.timeout = 10s (default)
2019-10-02 11:22:27,051 [pool-439-thread-1] INFO  server.RaftServerConfigKeys (ConfUtils.java:logGet(43)) - raft.server.log.statemachine.data.sync.timeout.retry = -1 (default)
2019-10-02 11:22:27,051 [pool-439-thread-1] INFO  server.RaftServerConfigKeys (ConfUtils.java:logGet(43)) - raft.server.log.statemachine.data.caching.enabled = true (custom)
2019-10-02 11:22:27,051 [pool-439-thread-1] INFO  segmented.SegmentedRaftLogWorker (SegmentedRaftLogWorker.java:lambda$new$0(128)) - 86433f91-68d3-4541-b45f-cc3cc45c90af@group-74C2998DCC37-SegmentedRaftLogWorker: flushIndex: setUnconditionally 0 -> -1
2019-10-02 11:22:27,051 [pool-439-thread-1] INFO  server.RaftServerConfigKeys (ConfUtils.java:logGet(43)) - raft.server.snapshot.auto.trigger.enabled = true (custom)
2019-10-02 11:22:27,052 [pool-439-thread-1] INFO  server.RaftServerConfigKeys (ConfUtils.java:logGet(43)) - raft.server.snapshot.auto.trigger.threshold = 10000 (custom)
2019-10-02 11:22:27,052 [pool-439-thread-1] INFO  server.RaftServerConfigKeys (ConfUtils.java:logGet(43)) - raft.server.snapshot.retention.file.num = 5 (custom)
2019-10-02 11:22:27,052 [pool-439-thread-1] INFO  server.RaftServerConfigKeys (ConfUtils.java:logGet(43)) - raft.server.retrycache.expirytime = 600000ms (custom)
2019-10-02 11:22:27,054 [pool-439-thread-1] INFO  impl.RaftServerImpl (RaftServerImpl.java:start(181)) - 86433f91-68d3-4541-b45f-cc3cc45c90af@group-E0906783DC09: start as a follower, conf=-1: [29293bba-7ecd-42b9-9c4d-306cd62453b6:192.168.30.53:43965, 6a123e99-c772-4df8-bc5c-2a88baa35105:192.168.30.53:35427, 86433f91-68d3-4541-b45f-cc3cc45c90af:192.168.30.53:45896], old=null
2019-10-02 11:22:27,054 [pool-439-thread-1] INFO  impl.RaftServerImpl (RaftServerImpl.java:setRole(170)) - 86433f91-68d3-4541-b45f-cc3cc45c90af@group-E0906783DC09: changes role from      null to FOLLOWER at term 0 for startAsFollower
2019-10-02 11:22:27,054 [pool-439-thread-1] INFO  impl.RoleInfo (RoleInfo.java:updateAndGet(143)) - 86433f91-68d3-4541-b45f-cc3cc45c90af: start FollowerState
2019-10-02 11:22:27,055 [pool-439-thread-1] INFO  util.JmxRegister (JmxRegister.java:tryRegister(44)) - Successfully registered JMX Bean with object name Ratis:service=RaftServer,group=group-E0906783DC09,id=86433f91-68d3-4541-b45f-cc3cc45c90af
2019-10-02 11:22:27,057 [pool-439-thread-1] INFO  impl.RaftServerImpl (RaftServerImpl.java:start(181)) - 86433f91-68d3-4541-b45f-cc3cc45c90af@group-74C2998DCC37: start as a follower, conf=-1: [86433f91-68d3-4541-b45f-cc3cc45c90af:192.168.30.53:45896], old=null
2019-10-02 11:22:27,057 [pool-439-thread-1] INFO  impl.RaftServerImpl (RaftServerImpl.java:setRole(170)) - 86433f91-68d3-4541-b45f-cc3cc45c90af@group-74C2998DCC37: changes role from      null to FOLLOWER at term 0 for startAsFollower
2019-10-02 11:22:27,057 [pool-439-thread-1] INFO  impl.RoleInfo (RoleInfo.java:updateAndGet(143)) - 86433f91-68d3-4541-b45f-cc3cc45c90af: start FollowerState
2019-10-02 11:22:27,057 [pool-439-thread-1] INFO  util.JmxRegister (JmxRegister.java:tryRegister(44)) - Successfully registered JMX Bean with object name Ratis:service=RaftServer,group=group-74C2998DCC37,id=86433f91-68d3-4541-b45f-cc3cc45c90af
2019-10-02 11:22:27,066 [RatisPipelineUtilsThread] INFO  pipeline.PipelineStateManager (PipelineStateManager.java:addPipeline(56)) - Created pipeline Pipeline[ Id: 6d79fdb7-1d53-47f6-a50b-74c2998dcc37, Nodes: 86433f91-68d3-4541-b45f-cc3cc45c90af{ip: 192.168.30.53, host: pr-trunk-5xjmm-2411255686, networkLocation: /default-rack, certSerialId: null}, Type:RATIS, Factor:ONE, State:OPEN]
2019-10-02 11:22:27,073 [grpc-default-executor-8] INFO  impl.RaftServerProxy (RaftServerProxy.java:addNew(89)) - 6a123e99-c772-4df8-bc5c-2a88baa35105: addNew group-77A9AD31D3C9:[6a123e99-c772-4df8-bc5c-2a88baa35105:192.168.30.53:35427] returns group-77A9AD31D3C9:java.util.concurrent.CompletableFuture@588916e9[Not completed]
2019-10-02 11:22:27,074 [pool-459-thread-1] INFO  impl.RaftServerImpl (RaftServerImpl.java:<init>(95)) - 6a123e99-c772-4df8-bc5c-2a88baa35105: new RaftServerImpl for group-77A9AD31D3C9:[6a123e99-c772-4df8-bc5c-2a88baa35105:192.168.30.53:35427] with ContainerStateMachine:uninitialized
2019-10-02 11:22:27,074 [pool-459-thread-1] INFO  server.RaftServerConfigKeys (ConfUtils.java:logGet(43)) - raft.server.rpc.timeout.min = 5s (custom)
2019-10-02 11:22:27,074 [pool-459-thread-1] INFO  server.RaftServerConfigKeys (ConfUtils.java:logGet(43)) - raft.server.rpc.timeout.max = 5200ms (custom)
2019-10-02 11:22:27,075 [pool-459-thread-1] INFO  server.RaftServerConfigKeys (ConfUtils.java:logGet(43)) - raft.server.rpcslowness.timeout = 120s (custom)
2019-10-02 11:22:27,075 [pool-459-thread-1] INFO  server.RaftServerConfigKeys (ConfUtils.java:logGet(43)) - raft.server.sleep.deviation.threshold = 300 (default)
2019-10-02 11:22:27,075 [pool-459-thread-1] INFO  server.RaftServerConfigKeys (ConfUtils.java:logGet(43)) - raft.server.log.appender.install.snapshot.enabled = false (custom)
2019-10-02 11:22:27,075 [pool-459-thread-1] INFO  impl.RaftServerImpl (ServerState.java:<init>(103)) - 6a123e99-c772-4df8-bc5c-2a88baa35105@group-77A9AD31D3C9: ConfigurationManager, init=-1: [6a123e99-c772-4df8-bc5c-2a88baa35105:192.168.30.53:35427], old=null, confs=<EMPTY_MAP>
2019-10-02 11:22:27,075 [pool-459-thread-1] INFO  server.RaftServerConfigKeys (ConfUtils.java:logGet(43)) - raft.server.storage.dir = [/workdir/hadoop-ozone/integration-test/target/test-dir/MiniOzoneClusterImpl-c6132511-5fdd-4faf-bdf1-f98df057b2f6/datanode-5/data/ratis] (custom)
2019-10-02 11:22:27,076 [pool-459-thread-1] INFO  server.RaftServerConfigKeys (ConfUtils.java:logGet(43)) - raft.server.log.corruption.policy = EXCEPTION (default)
2019-10-02 11:22:27,076 [pool-459-thread-1] INFO  storage.RaftStorageDirectory (RaftStorageDirectory.java:analyzeStorage(246)) - The storage directory /workdir/hadoop-ozone/integration-test/target/test-dir/MiniOzoneClusterImpl-c6132511-5fdd-4faf-bdf1-f98df057b2f6/datanode-5/data/ratis/47fc7bef-79c7-4f0b-88c5-77a9ad31d3c9 does not exist. Creating ...
2019-10-02 11:22:28,628 [pool-459-thread-1] INFO  storage.RaftStorageDirectory (RaftStorageDirectory.java:tryLock(328)) - Lock on /workdir/hadoop-ozone/integration-test/target/test-dir/MiniOzoneClusterImpl-c6132511-5fdd-4faf-bdf1-f98df057b2f6/datanode-5/data/ratis/47fc7bef-79c7-4f0b-88c5-77a9ad31d3c9/in_use.lock acquired by nodename 5801@pr-trunk-5xjmm-2411255686
2019-10-02 11:22:28,952 [pool-459-thread-1] INFO  storage.RaftStorage (RaftStorage.java:format(84)) - Storage directory /workdir/hadoop-ozone/integration-test/target/test-dir/MiniOzoneClusterImpl-c6132511-5fdd-4faf-bdf1-f98df057b2f6/datanode-5/data/ratis/47fc7bef-79c7-4f0b-88c5-77a9ad31d3c9 has been successfully formatted.
2019-10-02 11:22:28,953 [pool-459-thread-1] INFO  ratis.ContainerStateMachine (ContainerStateMachine.java:loadSnapshot(230)) - group-77A9AD31D3C9: The snapshot info is null. Setting the last applied indexto:(t:0, i:~)
2019-10-02 11:22:28,953 [pool-459-thread-1] INFO  server.RaftServerConfigKeys (ConfUtils.java:logGet(43)) - raft.server.notification.no-leader.timeout = 120s (custom)
2019-10-02 11:22:28,953 [pool-459-thread-1] INFO  server.RaftServerConfigKeys (ConfUtils.java:logGet(43)) - raft.server.log.use.memory = false (default)
2019-10-02 11:22:28,953 [pool-459-thread-1] INFO  server.RaftServerConfigKeys (ConfUtils.java:logGet(43)) - raft.server.log.purge.gap = 1000000 (custom)
2019-10-02 11:22:28,953 [pool-459-thread-1] INFO  server.RaftServerConfigKeys (ConfUtils.java:logGet(43)) - raft.server.log.appender.buffer.byte-limit = 33554432 (custom)
2019-10-02 11:22:28,953 [pool-459-thread-1] INFO  server.RaftServerConfigKeys (ConfUtils.java:logGet(43)) - raft.server.log.segment.size.max = 1048576 (custom)
2019-10-02 11:22:28,954 [pool-459-thread-1] INFO  server.RaftServerConfigKeys (ConfUtils.java:logGet(43)) - raft.server.log.segment.cache.num.max = 2 (custom)
2019-10-02 11:22:28,954 [pool-459-thread-1] INFO  segmented.SegmentedRaftLogWorker (SegmentedRaftLogWorker.java:<init>(173)) - new 6a123e99-c772-4df8-bc5c-2a88baa35105@group-77A9AD31D3C9-SegmentedRaftLogWorker for RaftStorage:Storage Directory /workdir/hadoop-ozone/integration-test/target/test-dir/MiniOzoneClusterImpl-c6132511-5fdd-4faf-bdf1-f98df057b2f6/datanode-5/data/ratis/47fc7bef-79c7-4f0b-88c5-77a9ad31d3c9
2019-10-02 11:22:28,954 [pool-459-thread-1] INFO  server.RaftServerConfigKeys (ConfUtils.java:logGet(43)) - raft.server.log.queue.byte-limit = 2147483647 (custom)
2019-10-02 11:22:28,954 [pool-459-thread-1] INFO  server.RaftServerConfigKeys (ConfUtils.java:logGet(43)) - raft.server.log.queue.element-limit = 1024 (custom)
2019-10-02 11:22:28,954 [pool-459-thread-1] INFO  server.RaftServerConfigKeys (ConfUtils.java:logGet(43)) - raft.server.log.segment.size.max = 1048576 (custom)
2019-10-02 11:22:28,954 [pool-459-thread-1] INFO  server.RaftServerConfigKeys (ConfUtils.java:logGet(43)) - raft.server.log.preallocated.size = 16384 (custom)
2019-10-02 11:22:28,954 [pool-459-thread-1] INFO  server.RaftServerConfigKeys (ConfUtils.java:logGet(43)) - raft.server.log.write.buffer.size = 33554432 (custom)
2019-10-02 11:22:28,954 [pool-459-thread-1] INFO  server.RaftServerConfigKeys (ConfUtils.java:logGet(43)) - raft.server.log.force.sync.num = 128 (default)
2019-10-02 11:22:28,954 [pool-459-thread-1] INFO  server.RaftServerConfigKeys (ConfUtils.java:logGet(43)) - raft.server.log.statemachine.data.sync = true (default)
2019-10-02 11:22:28,954 [pool-459-thread-1] INFO  server.RaftServerConfigKeys (ConfUtils.java:logGet(43)) - raft.server.log.statemachine.data.sync.timeout = 10s (default)
2019-10-02 11:22:28,954 [pool-459-thread-1] INFO  server.RaftServerConfigKeys (ConfUtils.java:logGet(43)) - raft.server.log.statemachine.data.sync.timeout.retry = -1 (default)
2019-10-02 11:22:28,955 [pool-459-thread-1] INFO  server.RaftServerConfigKeys (ConfUtils.java:logGet(43)) - raft.server.log.statemachine.data.caching.enabled = true (custom)
2019-10-02 11:22:28,955 [pool-459-thread-1] INFO  segmented.SegmentedRaftLogWorker (SegmentedRaftLogWorker.java:lambda$new$0(128)) - 6a123e99-c772-4df8-bc5c-2a88baa35105@group-77A9AD31D3C9-SegmentedRaftLogWorker: flushIndex: setUnconditionally 0 -> -1
2019-10-02 11:22:28,955 [pool-459-thread-1] INFO  server.RaftServerConfigKeys (ConfUtils.java:logGet(43)) - raft.server.snapshot.auto.trigger.enabled = true (custom)
2019-10-02 11:22:28,955 [pool-459-thread-1] INFO  server.RaftServerConfigKeys (ConfUtils.java:logGet(43)) - raft.server.snapshot.auto.trigger.threshold = 10000 (custom)
2019-10-02 11:22:28,955 [pool-459-thread-1] INFO  server.RaftServerConfigKeys (ConfUtils.java:logGet(43)) - raft.server.snapshot.retention.file.num = 5 (custom)
2019-10-02 11:22:28,955 [pool-459-thread-1] INFO  server.RaftServerConfigKeys (ConfUtils.java:logGet(43)) - raft.server.retrycache.expirytime = 600000ms (custom)
2019-10-02 11:22:28,957 [pool-459-thread-1] INFO  impl.RaftServerImpl (RaftServerImpl.java:start(181)) - 6a123e99-c772-4df8-bc5c-2a88baa35105@group-77A9AD31D3C9: start as a follower, conf=-1: [6a123e99-c772-4df8-bc5c-2a88baa35105:192.168.30.53:35427], old=null
2019-10-02 11:22:28,958 [pool-459-thread-1] INFO  impl.RaftServerImpl (RaftServerImpl.java:setRole(170)) - 6a123e99-c772-4df8-bc5c-2a88baa35105@group-77A9AD31D3C9: changes role from      null to FOLLOWER at term 0 for startAsFollower
2019-10-02 11:22:28,958 [pool-459-thread-1] INFO  impl.RoleInfo (RoleInfo.java:updateAndGet(143)) - 6a123e99-c772-4df8-bc5c-2a88baa35105: start FollowerState
2019-10-02 11:22:28,958 [pool-459-thread-1] INFO  util.JmxRegister (JmxRegister.java:tryRegister(44)) - Successfully registered JMX Bean with object name Ratis:service=RaftServer,group=group-77A9AD31D3C9,id=6a123e99-c772-4df8-bc5c-2a88baa35105
2019-10-02 11:22:28,965 [RatisPipelineUtilsThread] INFO  pipeline.PipelineStateManager (PipelineStateManager.java:addPipeline(56)) - Created pipeline Pipeline[ Id: 47fc7bef-79c7-4f0b-88c5-77a9ad31d3c9, Nodes: 6a123e99-c772-4df8-bc5c-2a88baa35105{ip: 192.168.30.53, host: pr-trunk-5xjmm-2411255686, networkLocation: /default-rack, certSerialId: null}, Type:RATIS, Factor:ONE, State:OPEN]
2019-10-02 11:22:28,971 [grpc-default-executor-8] INFO  impl.RaftServerProxy (RaftServerProxy.java:addNew(89)) - 29293bba-7ecd-42b9-9c4d-306cd62453b6: addNew group-3F202631F540:[29293bba-7ecd-42b9-9c4d-306cd62453b6:192.168.30.53:43965] returns group-3F202631F540:java.util.concurrent.CompletableFuture@5e7c227e[Not completed]
2019-10-02 11:22:28,972 [pool-429-thread-1] INFO  impl.RaftServerImpl (RaftServerImpl.java:<init>(95)) - 29293bba-7ecd-42b9-9c4d-306cd62453b6: new RaftServerImpl for group-3F202631F540:[29293bba-7ecd-42b9-9c4d-306cd62453b6:192.168.30.53:43965] with ContainerStateMachine:uninitialized
2019-10-02 11:22:28,972 [pool-429-thread-1] INFO  server.RaftServerConfigKeys (ConfUtils.java:logGet(43)) - raft.server.rpc.timeout.min = 5s (custom)
2019-10-02 11:22:28,972 [pool-429-thread-1] INFO  server.RaftServerConfigKeys (ConfUtils.java:logGet(43)) - raft.server.rpc.timeout.max = 5200ms (custom)
2019-10-02 11:22:28,972 [pool-429-thread-1] INFO  server.RaftServerConfigKeys (ConfUtils.java:logGet(43)) - raft.server.rpcslowness.timeout = 120s (custom)
2019-10-02 11:22:28,972 [pool-429-thread-1] INFO  server.RaftServerConfigKeys (ConfUtils.java:logGet(43)) - raft.server.sleep.deviation.threshold = 300 (default)
2019-10-02 11:22:28,972 [pool-429-thread-1] INFO  server.RaftServerConfigKeys (ConfUtils.java:logGet(43)) - raft.server.log.appender.install.snapshot.enabled = false (custom)
2019-10-02 11:22:28,972 [pool-429-thread-1] INFO  impl.RaftServerImpl (ServerState.java:<init>(103)) - 29293bba-7ecd-42b9-9c4d-306cd62453b6@group-3F202631F540: ConfigurationManager, init=-1: [29293bba-7ecd-42b9-9c4d-306cd62453b6:192.168.30.53:43965], old=null, confs=<EMPTY_MAP>
2019-10-02 11:22:28,972 [pool-429-thread-1] INFO  server.RaftServerConfigKeys (ConfUtils.java:logGet(43)) - raft.server.storage.dir = [/workdir/hadoop-ozone/integration-test/target/test-dir/MiniOzoneClusterImpl-c6132511-5fdd-4faf-bdf1-f98df057b2f6/datanode-2/data/ratis] (custom)
2019-10-02 11:22:28,973 [pool-429-thread-1] INFO  server.RaftServerConfigKeys (ConfUtils.java:logGet(43)) - raft.server.log.corruption.policy = EXCEPTION (default)
2019-10-02 11:22:28,973 [pool-429-thread-1] INFO  storage.RaftStorageDirectory (RaftStorageDirectory.java:analyzeStorage(246)) - The storage directory /workdir/hadoop-ozone/integration-test/target/test-dir/MiniOzoneClusterImpl-c6132511-5fdd-4faf-bdf1-f98df057b2f6/datanode-2/data/ratis/96cdc12c-9f76-42f2-812a-3f202631f540 does not exist. Creating ...
2019-10-02 11:22:30,493 [Thread-2898] INFO  impl.FollowerState (FollowerState.java:run(108)) - 3064a818-b09a-4b59-9b63-a68296a269d0@group-E5A9375DED0F-FollowerState: change to CANDIDATE, lastRpcTime:5027ms, electionTimeout:5027ms
2019-10-02 11:22:30,494 [Thread-2898] INFO  impl.RoleInfo (RoleInfo.java:shutdownFollowerState(121)) - 3064a818-b09a-4b59-9b63-a68296a269d0: shutdown FollowerState
2019-10-02 11:22:30,494 [Thread-2898] INFO  impl.RaftServerImpl (RaftServerImpl.java:setRole(170)) - 3064a818-b09a-4b59-9b63-a68296a269d0@group-E5A9375DED0F: changes role from  FOLLOWER to CANDIDATE at term 0 for changeToCandidate
2019-10-02 11:22:30,494 [Thread-2898] INFO  impl.RoleInfo (RoleInfo.java:updateAndGet(143)) - 3064a818-b09a-4b59-9b63-a68296a269d0: start LeaderElection
2019-10-02 11:22:31,948 [Thread-2903] INFO  impl.FollowerState (FollowerState.java:run(108)) - 29293bba-7ecd-42b9-9c4d-306cd62453b6@group-E0906783DC09-FollowerState: change to CANDIDATE, lastRpcTime:5021ms, electionTimeout:5021ms
2019-10-02 11:22:31,949 [Thread-2903] INFO  impl.RoleInfo (RoleInfo.java:shutdownFollowerState(121)) - 29293bba-7ecd-42b9-9c4d-306cd62453b6: shutdown FollowerState
2019-10-02 11:22:31,949 [Thread-2903] INFO  impl.RaftServerImpl (RaftServerImpl.java:setRole(170)) - 29293bba-7ecd-42b9-9c4d-306cd62453b6@group-E0906783DC09: changes role from  FOLLOWER to CANDIDATE at term 0 for changeToCandidate
2019-10-02 11:22:31,949 [Thread-2903] INFO  impl.RoleInfo (RoleInfo.java:updateAndGet(143)) - 29293bba-7ecd-42b9-9c4d-306cd62453b6: start LeaderElection
2019-10-02 11:22:31,976 [RATISCREATEPIPELINE1] ERROR pipeline.RatisPipelineProvider (RatisPipelineProvider.java:lambda$null$5(235)) - Failed invoke Ratis rpc org.apache.hadoop.hdds.scm.pipeline.RatisPipelineProvider$$Lambda$189/1109194915@63119b19 for 29293bba-7ecd-42b9-9c4d-306cd62453b6
org.apache.ratis.protocol.TimeoutIOException: deadline exceeded after 2999855109ns
	at org.apache.ratis.grpc.GrpcUtil.tryUnwrapException(GrpcUtil.java:82)
	at org.apache.ratis.grpc.GrpcUtil.unwrapException(GrpcUtil.java:75)
	at org.apache.ratis.grpc.client.GrpcClientProtocolClient.blockingCall(GrpcClientProtocolClient.java:184)
	at org.apache.ratis.grpc.client.GrpcClientProtocolClient.groupAdd(GrpcClientProtocolClient.java:153)
	at org.apache.ratis.grpc.client.GrpcClientRpc.sendRequest(GrpcClientRpc.java:94)
	at org.apache.ratis.client.impl.RaftClientImpl.sendRequest(RaftClientImpl.java:278)
	at org.apache.ratis.client.impl.RaftClientImpl.groupAdd(RaftClientImpl.java:205)
	at org.apache.hadoop.hdds.scm.pipeline.RatisPipelineProvider.lambda$initializePipeline$4(RatisPipelineProvider.java:196)
	at org.apache.hadoop.hdds.scm.pipeline.RatisPipelineProvider.lambda$null$5(RatisPipelineProvider.java:231)
	at java.util.stream.ForEachOps$ForEachOp$OfRef.accept(ForEachOps.java:184)
	at java.util.ArrayList$ArrayListSpliterator.forEachRemaining(ArrayList.java:1382)
	at java.util.stream.AbstractPipeline.copyInto(AbstractPipeline.java:482)
	at java.util.stream.ForEachOps$ForEachTask.compute(ForEachOps.java:291)
	at java.util.concurrent.CountedCompleter.exec(CountedCompleter.java:731)
	at java.util.concurrent.ForkJoinTask.doExec(ForkJoinTask.java:289)
	at java.util.concurrent.ForkJoinTask.doInvoke(ForkJoinTask.java:401)
	at java.util.concurrent.ForkJoinTask.invoke(ForkJoinTask.java:734)
	at java.util.stream.ForEachOps$ForEachOp.evaluateParallel(ForEachOps.java:160)
	at java.util.stream.ForEachOps$ForEachOp$OfRef.evaluateParallel(ForEachOps.java:174)
	at java.util.stream.AbstractPipeline.evaluate(AbstractPipeline.java:233)
	at java.util.stream.ReferencePipeline.forEach(ReferencePipeline.java:418)
	at java.util.stream.ReferencePipeline$Head.forEach(ReferencePipeline.java:583)
	at org.apache.hadoop.hdds.scm.pipeline.RatisPipelineProvider.lambda$callRatisRpc$6(RatisPipelineProvider.java:225)
	at java.util.concurrent.ForkJoinTask$AdaptedRunnableAction.exec(ForkJoinTask.java:1386)
	at java.util.concurrent.ForkJoinTask.doExec(ForkJoinTask.java:289)
	at java.util.concurrent.ForkJoinPool$WorkQueue.runTask(ForkJoinPool.java:1056)
	at java.util.concurrent.ForkJoinPool.runWorker(ForkJoinPool.java:1692)
	at java.util.concurrent.ForkJoinWorkerThread.run(ForkJoinWorkerThread.java:157)
Caused by: org.apache.ratis.thirdparty.io.grpc.StatusRuntimeException: DEADLINE_EXCEEDED: deadline exceeded after 2999855109ns
	at org.apache.ratis.thirdparty.io.grpc.stub.ClientCalls.toStatusRuntimeException(ClientCalls.java:233)
	at org.apache.ratis.thirdparty.io.grpc.stub.ClientCalls.getUnchecked(ClientCalls.java:214)
	at org.apache.ratis.thirdparty.io.grpc.stub.ClientCalls.blockingUnaryCall(ClientCalls.java:139)
	at org.apache.ratis.proto.grpc.AdminProtocolServiceGrpc$AdminProtocolServiceBlockingStub.groupManagement(AdminProtocolServiceGrpc.java:274)
	at org.apache.ratis.grpc.client.GrpcClientProtocolClient.lambda$groupAdd$3(GrpcClientProtocolClient.java:155)
	at org.apache.ratis.grpc.client.GrpcClientProtocolClient.blockingCall(GrpcClientProtocolClient.java:182)
	... 25 more
2019-10-02 11:22:31,997 [grpc-default-executor-11] INFO  impl.RaftServerProxy (RaftServerProxy.java:addNew(89)) - 6a123e99-c772-4df8-bc5c-2a88baa35105: addNew group-307A7555D0A2:[29293bba-7ecd-42b9-9c4d-306cd62453b6:192.168.30.53:43965, 6a123e99-c772-4df8-bc5c-2a88baa35105:192.168.30.53:35427, 86433f91-68d3-4541-b45f-cc3cc45c90af:192.168.30.53:45896] returns group-307A7555D0A2:java.util.concurrent.CompletableFuture@43bc2ca9[Not completed]
2019-10-02 11:22:31,997 [grpc-default-executor-8] INFO  impl.RaftServerProxy (RaftServerProxy.java:addNew(89)) - 86433f91-68d3-4541-b45f-cc3cc45c90af: addNew group-307A7555D0A2:[29293bba-7ecd-42b9-9c4d-306cd62453b6:192.168.30.53:43965, 6a123e99-c772-4df8-bc5c-2a88baa35105:192.168.30.53:35427, 86433f91-68d3-4541-b45f-cc3cc45c90af:192.168.30.53:45896] returns group-307A7555D0A2:java.util.concurrent.CompletableFuture@46495799[Not completed]
2019-10-02 11:22:31,997 [grpc-default-executor-12] INFO  impl.RaftServerProxy (RaftServerProxy.java:addNew(89)) - 29293bba-7ecd-42b9-9c4d-306cd62453b6: addNew group-307A7555D0A2:[29293bba-7ecd-42b9-9c4d-306cd62453b6:192.168.30.53:43965, 6a123e99-c772-4df8-bc5c-2a88baa35105:192.168.30.53:35427, 86433f91-68d3-4541-b45f-cc3cc45c90af:192.168.30.53:45896] returns group-307A7555D0A2:java.util.concurrent.CompletableFuture@20d9a88[Not completed]
2019-10-02 11:22:32,002 [pool-439-thread-1] INFO  impl.RaftServerImpl (RaftServerImpl.java:<init>(95)) - 86433f91-68d3-4541-b45f-cc3cc45c90af: new RaftServerImpl for group-307A7555D0A2:[29293bba-7ecd-42b9-9c4d-306cd62453b6:192.168.30.53:43965, 6a123e99-c772-4df8-bc5c-2a88baa35105:192.168.30.53:35427, 86433f91-68d3-4541-b45f-cc3cc45c90af:192.168.30.53:45896] with ContainerStateMachine:uninitialized
2019-10-02 11:22:32,003 [pool-459-thread-1] INFO  impl.RaftServerImpl (RaftServerImpl.java:<init>(95)) - 6a123e99-c772-4df8-bc5c-2a88baa35105: new RaftServerImpl for group-307A7555D0A2:[29293bba-7ecd-42b9-9c4d-306cd62453b6:192.168.30.53:43965, 6a123e99-c772-4df8-bc5c-2a88baa35105:192.168.30.53:35427, 86433f91-68d3-4541-b45f-cc3cc45c90af:192.168.30.53:45896] with ContainerStateMachine:uninitialized
2019-10-02 11:22:32,003 [pool-439-thread-1] INFO  server.RaftServerConfigKeys (ConfUtils.java:logGet(43)) - raft.server.rpc.timeout.min = 5s (custom)
2019-10-02 11:22:32,003 [pool-459-thread-1] INFO  server.RaftServerConfigKeys (ConfUtils.java:logGet(43)) - raft.server.rpc.timeout.min = 5s (custom)
2019-10-02 11:22:32,003 [pool-439-thread-1] INFO  server.RaftServerConfigKeys (ConfUtils.java:logGet(43)) - raft.server.rpc.timeout.max = 5200ms (custom)
2019-10-02 11:22:32,003 [pool-459-thread-1] INFO  server.RaftServerConfigKeys (ConfUtils.java:logGet(43)) - raft.server.rpc.timeout.max = 5200ms (custom)
2019-10-02 11:22:32,003 [pool-439-thread-1] INFO  server.RaftServerConfigKeys (ConfUtils.java:logGet(43)) - raft.server.rpcslowness.timeout = 120s (custom)
2019-10-02 11:22:32,003 [pool-459-thread-1] INFO  server.RaftServerConfigKeys (ConfUtils.java:logGet(43)) - raft.server.rpcslowness.timeout = 120s (custom)
2019-10-02 11:22:32,004 [pool-439-thread-1] INFO  server.RaftServerConfigKeys (ConfUtils.java:logGet(43)) - raft.server.sleep.deviation.threshold = 300 (default)
2019-10-02 11:22:32,004 [pool-459-thread-1] INFO  server.RaftServerConfigKeys (ConfUtils.java:logGet(43)) - raft.server.sleep.deviation.threshold = 300 (default)
2019-10-02 11:22:32,004 [pool-439-thread-1] INFO  server.RaftServerConfigKeys (ConfUtils.java:logGet(43)) - raft.server.log.appender.install.snapshot.enabled = false (custom)
2019-10-02 11:22:32,004 [pool-459-thread-1] INFO  server.RaftServerConfigKeys (ConfUtils.java:logGet(43)) - raft.server.log.appender.install.snapshot.enabled = false (custom)
2019-10-02 11:22:32,004 [pool-439-thread-1] INFO  impl.RaftServerImpl (ServerState.java:<init>(103)) - 86433f91-68d3-4541-b45f-cc3cc45c90af@group-307A7555D0A2: ConfigurationManager, init=-1: [29293bba-7ecd-42b9-9c4d-306cd62453b6:192.168.30.53:43965, 6a123e99-c772-4df8-bc5c-2a88baa35105:192.168.30.53:35427, 86433f91-68d3-4541-b45f-cc3cc45c90af:192.168.30.53:45896], old=null, confs=<EMPTY_MAP>
2019-10-02 11:22:32,004 [pool-459-thread-1] INFO  impl.RaftServerImpl (ServerState.java:<init>(103)) - 6a123e99-c772-4df8-bc5c-2a88baa35105@group-307A7555D0A2: ConfigurationManager, init=-1: [29293bba-7ecd-42b9-9c4d-306cd62453b6:192.168.30.53:43965, 6a123e99-c772-4df8-bc5c-2a88baa35105:192.168.30.53:35427, 86433f91-68d3-4541-b45f-cc3cc45c90af:192.168.30.53:45896], old=null, confs=<EMPTY_MAP>
2019-10-02 11:22:32,005 [pool-439-thread-1] INFO  server.RaftServerConfigKeys (ConfUtils.java:logGet(43)) - raft.server.storage.dir = [/workdir/hadoop-ozone/integration-test/target/test-dir/MiniOzoneClusterImpl-c6132511-5fdd-4faf-bdf1-f98df057b2f6/datanode-3/data/ratis] (custom)
2019-10-02 11:22:32,005 [pool-459-thread-1] INFO  server.RaftServerConfigKeys (ConfUtils.java:logGet(43)) - raft.server.storage.dir = [/workdir/hadoop-ozone/integration-test/target/test-dir/MiniOzoneClusterImpl-c6132511-5fdd-4faf-bdf1-f98df057b2f6/datanode-5/data/ratis] (custom)
2019-10-02 11:22:32,005 [pool-439-thread-1] INFO  server.RaftServerConfigKeys (ConfUtils.java:logGet(43)) - raft.server.log.corruption.policy = EXCEPTION (default)
2019-10-02 11:22:32,005 [pool-459-thread-1] INFO  server.RaftServerConfigKeys (ConfUtils.java:logGet(43)) - raft.server.log.corruption.policy = EXCEPTION (default)
2019-10-02 11:22:32,005 [pool-439-thread-1] INFO  storage.RaftStorageDirectory (RaftStorageDirectory.java:analyzeStorage(246)) - The storage directory /workdir/hadoop-ozone/integration-test/target/test-dir/MiniOzoneClusterImpl-c6132511-5fdd-4faf-bdf1-f98df057b2f6/datanode-3/data/ratis/5cdadfb5-4c14-46f7-96c8-307a7555d0a2 does not exist. Creating ...
2019-10-02 11:22:32,005 [pool-459-thread-1] INFO  storage.RaftStorageDirectory (RaftStorageDirectory.java:analyzeStorage(246)) - The storage directory /workdir/hadoop-ozone/integration-test/target/test-dir/MiniOzoneClusterImpl-c6132511-5fdd-4faf-bdf1-f98df057b2f6/datanode-5/data/ratis/5cdadfb5-4c14-46f7-96c8-307a7555d0a2 does not exist. Creating ...
2019-10-02 11:22:32,049 [Thread-2904] INFO  impl.FollowerState (FollowerState.java:run(108)) - 6a123e99-c772-4df8-bc5c-2a88baa35105@group-E0906783DC09-FollowerState: change to CANDIDATE, lastRpcTime:5119ms, electionTimeout:5119ms
2019-10-02 11:22:32,050 [Thread-2904] INFO  impl.RoleInfo (RoleInfo.java:shutdownFollowerState(121)) - 6a123e99-c772-4df8-bc5c-2a88baa35105: shutdown FollowerState
2019-10-02 11:22:32,050 [Thread-2904] INFO  impl.RaftServerImpl (RaftServerImpl.java:setRole(170)) - 6a123e99-c772-4df8-bc5c-2a88baa35105@group-E0906783DC09: changes role from  FOLLOWER to CANDIDATE at term 0 for changeToCandidate
2019-10-02 11:22:32,050 [Thread-2904] INFO  impl.RoleInfo (RoleInfo.java:updateAndGet(143)) - 6a123e99-c772-4df8-bc5c-2a88baa35105: start LeaderElection
2019-10-02 11:22:32,165 [Thread-2908] INFO  impl.FollowerState (FollowerState.java:run(108)) - 86433f91-68d3-4541-b45f-cc3cc45c90af@group-E0906783DC09-FollowerState: change to CANDIDATE, lastRpcTime:5110ms, electionTimeout:5110ms
2019-10-02 11:22:32,165 [Thread-2908] INFO  impl.RoleInfo (RoleInfo.java:shutdownFollowerState(121)) - 86433f91-68d3-4541-b45f-cc3cc45c90af: shutdown FollowerState
2019-10-02 11:22:32,165 [Thread-2908] INFO  impl.RaftServerImpl (RaftServerImpl.java:setRole(170)) - 86433f91-68d3-4541-b45f-cc3cc45c90af@group-E0906783DC09: changes role from  FOLLOWER to CANDIDATE at term 0 for changeToCandidate
2019-10-02 11:22:32,165 [Thread-2908] INFO  impl.RoleInfo (RoleInfo.java:updateAndGet(143)) - 86433f91-68d3-4541-b45f-cc3cc45c90af: start LeaderElection
2019-10-02 11:22:32,189 [Thread-2910] INFO  impl.FollowerState (FollowerState.java:run(108)) - 86433f91-68d3-4541-b45f-cc3cc45c90af@group-74C2998DCC37-FollowerState: change to CANDIDATE, lastRpcTime:5131ms, electionTimeout:5131ms
2019-10-02 11:22:32,189 [Thread-2910] INFO  impl.RoleInfo (RoleInfo.java:shutdownFollowerState(121)) - 86433f91-68d3-4541-b45f-cc3cc45c90af: shutdown FollowerState
2019-10-02 11:22:32,189 [Thread-2910] INFO  impl.RaftServerImpl (RaftServerImpl.java:setRole(170)) - 86433f91-68d3-4541-b45f-cc3cc45c90af@group-74C2998DCC37: changes role from  FOLLOWER to CANDIDATE at term 0 for changeToCandidate
2019-10-02 11:22:32,189 [Thread-2910] INFO  impl.RoleInfo (RoleInfo.java:updateAndGet(143)) - 86433f91-68d3-4541-b45f-cc3cc45c90af: start LeaderElection
2019-10-02 11:22:34,145 [Thread-2913] INFO  impl.FollowerState (FollowerState.java:run(108)) - 6a123e99-c772-4df8-bc5c-2a88baa35105@group-77A9AD31D3C9-FollowerState: change to CANDIDATE, lastRpcTime:5187ms, electionTimeout:5187ms
2019-10-02 11:22:34,145 [Thread-2913] INFO  impl.RoleInfo (RoleInfo.java:shutdownFollowerState(121)) - 6a123e99-c772-4df8-bc5c-2a88baa35105: shutdown FollowerState
2019-10-02 11:22:34,146 [Thread-2913] INFO  impl.RaftServerImpl (RaftServerImpl.java:setRole(170)) - 6a123e99-c772-4df8-bc5c-2a88baa35105@group-77A9AD31D3C9: changes role from  FOLLOWER to CANDIDATE at term 0 for changeToCandidate
2019-10-02 11:22:34,146 [Thread-2913] INFO  impl.RoleInfo (RoleInfo.java:updateAndGet(143)) - 6a123e99-c772-4df8-bc5c-2a88baa35105: start LeaderElection
2019-10-02 11:22:35,002 [RATISCREATEPIPELINE1] ERROR pipeline.RatisPipelineProvider (RatisPipelineProvider.java:lambda$null$5(235)) - Failed invoke Ratis rpc org.apache.hadoop.hdds.scm.pipeline.RatisPipelineProvider$$Lambda$189/1109194915@3cfdf743 for 6a123e99-c772-4df8-bc5c-2a88baa35105
org.apache.ratis.protocol.TimeoutIOException: deadline exceeded after 2999799067ns
	at org.apache.ratis.grpc.GrpcUtil.tryUnwrapException(GrpcUtil.java:82)
	at org.apache.ratis.grpc.GrpcUtil.unwrapException(GrpcUtil.java:75)
	at org.apache.ratis.grpc.client.GrpcClientProtocolClient.blockingCall(GrpcClientProtocolClient.java:184)
	at org.apache.ratis.grpc.client.GrpcClientProtocolClient.groupAdd(GrpcClientProtocolClient.java:153)
	at org.apache.ratis.grpc.client.GrpcClientRpc.sendRequest(GrpcClientRpc.java:94)
	at org.apache.ratis.client.impl.RaftClientImpl.sendRequest(RaftClientImpl.java:278)
	at org.apache.ratis.client.impl.RaftClientImpl.groupAdd(RaftClientImpl.java:205)
	at org.apache.hadoop.hdds.scm.pipeline.RatisPipelineProvider.lambda$initializePipeline$4(RatisPipelineProvider.java:196)
	at org.apache.hadoop.hdds.scm.pipeline.RatisPipelineProvider.lambda$null$5(RatisPipelineProvider.java:231)
	at java.util.stream.ForEachOps$ForEachOp$OfRef.accept(ForEachOps.java:184)
	at java.util.ArrayList$ArrayListSpliterator.forEachRemaining(ArrayList.java:1382)
	at java.util.stream.AbstractPipeline.copyInto(AbstractPipeline.java:482)
	at java.util.stream.ForEachOps$ForEachTask.compute(ForEachOps.java:291)
	at java.util.concurrent.CountedCompleter.exec(CountedCompleter.java:731)
	at java.util.concurrent.ForkJoinTask.doExec(ForkJoinTask.java:289)
	at java.util.concurrent.ForkJoinTask.doInvoke(ForkJoinTask.java:401)
	at java.util.concurrent.ForkJoinTask.invoke(ForkJoinTask.java:734)
	at java.util.stream.ForEachOps$ForEachOp.evaluateParallel(ForEachOps.java:160)
	at java.util.stream.ForEachOps$ForEachOp$OfRef.evaluateParallel(ForEachOps.java:174)
	at java.util.stream.AbstractPipeline.evaluate(AbstractPipeline.java:233)
	at java.util.stream.ReferencePipeline.forEach(ReferencePipeline.java:418)
	at java.util.stream.ReferencePipeline$Head.forEach(ReferencePipeline.java:583)
	at org.apache.hadoop.hdds.scm.pipeline.RatisPipelineProvider.lambda$callRatisRpc$6(RatisPipelineProvider.java:225)
	at java.util.concurrent.ForkJoinTask$AdaptedRunnableAction.exec(ForkJoinTask.java:1386)
	at java.util.concurrent.ForkJoinTask.doExec(ForkJoinTask.java:289)
	at java.util.concurrent.ForkJoinPool$WorkQueue.runTask(ForkJoinPool.java:1056)
	at java.util.concurrent.ForkJoinPool.runWorker(ForkJoinPool.java:1692)
	at java.util.concurrent.ForkJoinWorkerThread.run(ForkJoinWorkerThread.java:157)
Caused by: org.apache.ratis.thirdparty.io.grpc.StatusRuntimeException: DEADLINE_EXCEEDED: deadline exceeded after 2999799067ns
	at org.apache.ratis.thirdparty.io.grpc.stub.ClientCalls.toStatusRuntimeException(ClientCalls.java:233)
	at org.apache.ratis.thirdparty.io.grpc.stub.ClientCalls.getUnchecked(ClientCalls.java:214)
	at org.apache.ratis.thirdparty.io.grpc.stub.ClientCalls.blockingUnaryCall(ClientCalls.java:139)
	at org.apache.ratis.proto.grpc.AdminProtocolServiceGrpc$AdminProtocolServiceBlockingStub.groupManagement(AdminProtocolServiceGrpc.java:274)
	at org.apache.ratis.grpc.client.GrpcClientProtocolClient.lambda$groupAdd$3(GrpcClientProtocolClient.java:155)
	at org.apache.ratis.grpc.client.GrpcClientProtocolClient.blockingCall(GrpcClientProtocolClient.java:182)
	... 25 more
2019-10-02 11:22:35,002 [RATISCREATEPIPELINE2] ERROR pipeline.RatisPipelineProvider (RatisPipelineProvider.java:lambda$null$5(235)) - Failed invoke Ratis rpc org.apache.hadoop.hdds.scm.pipeline.RatisPipelineProvider$$Lambda$189/1109194915@3cfdf743 for 29293bba-7ecd-42b9-9c4d-306cd62453b6
org.apache.ratis.protocol.TimeoutIOException: deadline exceeded after 2999804496ns
	at org.apache.ratis.grpc.GrpcUtil.tryUnwrapException(GrpcUtil.java:82)
	at org.apache.ratis.grpc.GrpcUtil.unwrapException(GrpcUtil.java:75)
	at org.apache.ratis.grpc.client.GrpcClientProtocolClient.blockingCall(GrpcClientProtocolClient.java:184)
	at org.apache.ratis.grpc.client.GrpcClientProtocolClient.groupAdd(GrpcClientProtocolClient.java:153)
	at org.apache.ratis.grpc.client.GrpcClientRpc.sendRequest(GrpcClientRpc.java:94)
	at org.apache.ratis.client.impl.RaftClientImpl.sendRequest(RaftClientImpl.java:278)
	at org.apache.ratis.client.impl.RaftClientImpl.groupAdd(RaftClientImpl.java:205)
	at org.apache.hadoop.hdds.scm.pipeline.RatisPipelineProvider.lambda$initializePipeline$4(RatisPipelineProvider.java:196)
	at org.apache.hadoop.hdds.scm.pipeline.RatisPipelineProvider.lambda$null$5(RatisPipelineProvider.java:231)
	at java.util.stream.ForEachOps$ForEachOp$OfRef.accept(ForEachOps.java:184)
	at java.util.ArrayList$ArrayListSpliterator.forEachRemaining(ArrayList.java:1382)
	at java.util.stream.AbstractPipeline.copyInto(AbstractPipeline.java:482)
	at java.util.stream.ForEachOps$ForEachTask.compute(ForEachOps.java:291)
	at java.util.concurrent.CountedCompleter.exec(CountedCompleter.java:731)
	at java.util.concurrent.ForkJoinTask.doExec(ForkJoinTask.java:289)
	at java.util.concurrent.ForkJoinPool$WorkQueue.runTask(ForkJoinPool.java:1056)
	at java.util.concurrent.ForkJoinPool.runWorker(ForkJoinPool.java:1692)
	at java.util.concurrent.ForkJoinWorkerThread.run(ForkJoinWorkerThread.java:157)
Caused by: org.apache.ratis.thirdparty.io.grpc.StatusRuntimeException: DEADLINE_EXCEEDED: deadline exceeded after 2999804496ns
	at org.apache.ratis.thirdparty.io.grpc.stub.ClientCalls.toStatusRuntimeException(ClientCalls.java:233)
	at org.apache.ratis.thirdparty.io.grpc.stub.ClientCalls.getUnchecked(ClientCalls.java:214)
	at org.apache.ratis.thirdparty.io.grpc.stub.ClientCalls.blockingUnaryCall(ClientCalls.java:139)
	at org.apache.ratis.proto.grpc.AdminProtocolServiceGrpc$AdminProtocolServiceBlockingStub.groupManagement(AdminProtocolServiceGrpc.java:274)
	at org.apache.ratis.grpc.client.GrpcClientProtocolClient.lambda$groupAdd$3(GrpcClientProtocolClient.java:155)
	at org.apache.ratis.grpc.client.GrpcClientProtocolClient.blockingCall(GrpcClientProtocolClient.java:182)
	... 15 more
2019-10-02 11:22:35,002 [RATISCREATEPIPELINE3] ERROR pipeline.RatisPipelineProvider (RatisPipelineProvider.java:lambda$null$5(235)) - Failed invoke Ratis rpc org.apache.hadoop.hdds.scm.pipeline.RatisPipelineProvider$$Lambda$189/1109194915@3cfdf743 for 86433f91-68d3-4541-b45f-cc3cc45c90af
org.apache.ratis.protocol.TimeoutIOException: deadline exceeded after 2999811762ns
	at org.apache.ratis.grpc.GrpcUtil.tryUnwrapException(GrpcUtil.java:82)
	at org.apache.ratis.grpc.GrpcUtil.unwrapException(GrpcUtil.java:75)
	at org.apache.ratis.grpc.client.GrpcClientProtocolClient.blockingCall(GrpcClientProtocolClient.java:184)
	at org.apache.ratis.grpc.client.GrpcClientProtocolClient.groupAdd(GrpcClientProtocolClient.java:153)
	at org.apache.ratis.grpc.client.GrpcClientRpc.sendRequest(GrpcClientRpc.java:94)
	at org.apache.ratis.client.impl.RaftClientImpl.sendRequest(RaftClientImpl.java:278)
	at org.apache.ratis.client.impl.RaftClientImpl.groupAdd(RaftClientImpl.java:205)
	at org.apache.hadoop.hdds.scm.pipeline.RatisPipelineProvider.lambda$initializePipeline$4(RatisPipelineProvider.java:196)
	at org.apache.hadoop.hdds.scm.pipeline.RatisPipelineProvider.lambda$null$5(RatisPipelineProvider.java:231)
	at java.util.stream.ForEachOps$ForEachOp$OfRef.accept(ForEachOps.java:184)
	at java.util.ArrayList$ArrayListSpliterator.forEachRemaining(ArrayList.java:1382)
	at java.util.stream.AbstractPipeline.copyInto(AbstractPipeline.java:482)
	at java.util.stream.ForEachOps$ForEachTask.compute(ForEachOps.java:291)
	at java.util.concurrent.CountedCompleter.exec(CountedCompleter.java:731)
	at java.util.concurrent.ForkJoinTask.doExec(ForkJoinTask.java:289)
	at java.util.concurrent.ForkJoinPool$WorkQueue.runTask(ForkJoinPool.java:1056)
	at java.util.concurrent.ForkJoinPool.runWorker(ForkJoinPool.java:1692)
	at java.util.concurrent.ForkJoinWorkerThread.run(ForkJoinWorkerThread.java:157)
Caused by: org.apache.ratis.thirdparty.io.grpc.StatusRuntimeException: DEADLINE_EXCEEDED: deadline exceeded after 2999811762ns
	at org.apache.ratis.thirdparty.io.grpc.stub.ClientCalls.toStatusRuntimeException(ClientCalls.java:233)
	at org.apache.ratis.thirdparty.io.grpc.stub.ClientCalls.getUnchecked(ClientCalls.java:214)
	at org.apache.ratis.thirdparty.io.grpc.stub.ClientCalls.blockingUnaryCall(ClientCalls.java:139)
	at org.apache.ratis.proto.grpc.AdminProtocolServiceGrpc$AdminProtocolServiceBlockingStub.groupManagement(AdminProtocolServiceGrpc.java:274)
	at org.apache.ratis.grpc.client.GrpcClientProtocolClient.lambda$groupAdd$3(GrpcClientProtocolClient.java:155)
	at org.apache.ratis.grpc.client.GrpcClientProtocolClient.blockingCall(GrpcClientProtocolClient.java:182)
	... 15 more
2019-10-02 11:22:35,007 [IPC Server handler 2 on 42177] WARN  block.BlockManagerImpl (BlockManagerImpl.java:allocateBlock(192)) - Pipeline creation failed for type:RATIS factor:THREE. Retrying get pipelines call once.
org.apache.hadoop.io.MultipleIOException: 3 exceptions [java.io.IOException: Failed invoke Ratis rpc org.apache.hadoop.hdds.scm.pipeline.RatisPipelineProvider$$Lambda$189/1109194915@3cfdf743 for 6a123e99-c772-4df8-bc5c-2a88baa35105, java.io.IOException: Failed invoke Ratis rpc org.apache.hadoop.hdds.scm.pipeline.RatisPipelineProvider$$Lambda$189/1109194915@3cfdf743 for 29293bba-7ecd-42b9-9c4d-306cd62453b6, java.io.IOException: Failed invoke Ratis rpc org.apache.hadoop.hdds.scm.pipeline.RatisPipelineProvider$$Lambda$189/1109194915@3cfdf743 for 86433f91-68d3-4541-b45f-cc3cc45c90af]
	at org.apache.hadoop.io.MultipleIOException.createIOException(MultipleIOException.java:53)
	at org.apache.hadoop.hdds.scm.pipeline.RatisPipelineProvider.callRatisRpc(RatisPipelineProvider.java:251)
	at org.apache.hadoop.hdds.scm.pipeline.RatisPipelineProvider.initializePipeline(RatisPipelineProvider.java:194)
	at org.apache.hadoop.hdds.scm.pipeline.RatisPipelineProvider.create(RatisPipelineProvider.java:163)
	at org.apache.hadoop.hdds.scm.pipeline.PipelineFactory.create(PipelineFactory.java:58)
	at org.apache.hadoop.hdds.scm.pipeline.SCMPipelineManager.createPipeline(SCMPipelineManager.java:155)
	at org.apache.hadoop.hdds.scm.block.BlockManagerImpl.allocateBlock(BlockManagerImpl.java:190)
	at org.apache.hadoop.hdds.scm.server.SCMBlockProtocolServer.allocateBlock(SCMBlockProtocolServer.java:182)
	at org.apache.hadoop.hdds.scm.protocol.ScmBlockLocationProtocolServerSideTranslatorPB.allocateScmBlock(ScmBlockLocationProtocolServerSideTranslatorPB.java:159)
	at org.apache.hadoop.hdds.scm.protocol.ScmBlockLocationProtocolServerSideTranslatorPB.processMessage(ScmBlockLocationProtocolServerSideTranslatorPB.java:117)
	at org.apache.hadoop.hdds.server.OzoneProtocolMessageDispatcher.processRequest(OzoneProtocolMessageDispatcher.java:72)
	at org.apache.hadoop.hdds.scm.protocol.ScmBlockLocationProtocolServerSideTranslatorPB.send(ScmBlockLocationProtocolServerSideTranslatorPB.java:98)
	at org.apache.hadoop.hdds.protocol.proto.ScmBlockLocationProtocolProtos$ScmBlockLocationProtocolService$2.callBlockingMethod(ScmBlockLocationProtocolProtos.java:13157)
	at org.apache.hadoop.ipc.ProtobufRpcEngine$Server$ProtoBufRpcInvoker.call(ProtobufRpcEngine.java:524)
	at org.apache.hadoop.ipc.RPC$Server.call(RPC.java:1025)
	at org.apache.hadoop.ipc.Server$RpcCall.run(Server.java:876)
	at org.apache.hadoop.ipc.Server$RpcCall.run(Server.java:822)
	at java.security.AccessController.doPrivileged(Native Method)
	at javax.security.auth.Subject.doAs(Subject.java:422)
	at org.apache.hadoop.security.UserGroupInformation.doAs(UserGroupInformation.java:1730)
	at org.apache.hadoop.ipc.Server$Handler.run(Server.java:2682)
2019-10-02 11:22:35,014 [grpc-default-executor-12] INFO  impl.RaftServerProxy (RaftServerProxy.java:addNew(89)) - 6a123e99-c772-4df8-bc5c-2a88baa35105: addNew group-2798287E44F6:[29293bba-7ecd-42b9-9c4d-306cd62453b6:192.168.30.53:43965, 6a123e99-c772-4df8-bc5c-2a88baa35105:192.168.30.53:35427, 86433f91-68d3-4541-b45f-cc3cc45c90af:192.168.30.53:45896] returns group-2798287E44F6:java.util.concurrent.CompletableFuture@f7a63c[Not completed]
2019-10-02 11:22:35,014 [grpc-default-executor-11] INFO  impl.RaftServerProxy (RaftServerProxy.java:addNew(89)) - 86433f91-68d3-4541-b45f-cc3cc45c90af: addNew group-2798287E44F6:[29293bba-7ecd-42b9-9c4d-306cd62453b6:192.168.30.53:43965, 6a123e99-c772-4df8-bc5c-2a88baa35105:192.168.30.53:35427, 86433f91-68d3-4541-b45f-cc3cc45c90af:192.168.30.53:45896] returns group-2798287E44F6:java.util.concurrent.CompletableFuture@38de8b27[Not completed]
2019-10-02 11:22:35,014 [grpc-default-executor-8] INFO  impl.RaftServerProxy (RaftServerProxy.java:addNew(89)) - 29293bba-7ecd-42b9-9c4d-306cd62453b6: addNew group-2798287E44F6:[29293bba-7ecd-42b9-9c4d-306cd62453b6:192.168.30.53:43965, 6a123e99-c772-4df8-bc5c-2a88baa35105:192.168.30.53:35427, 86433f91-68d3-4541-b45f-cc3cc45c90af:192.168.30.53:45896] returns group-2798287E44F6:java.util.concurrent.CompletableFuture@508e7747[Not completed]
2019-10-02 11:22:37,503 [pool-429-thread-1] INFO  storage.RaftStorageDirectory (RaftStorageDirectory.java:tryLock(328)) - Lock on /workdir/hadoop-ozone/integration-test/target/test-dir/MiniOzoneClusterImpl-c6132511-5fdd-4faf-bdf1-f98df057b2f6/datanode-2/data/ratis/96cdc12c-9f76-42f2-812a-3f202631f540/in_use.lock acquired by nodename 5801@pr-trunk-5xjmm-2411255686
2019-10-02 11:22:38,032 [RATISCREATEPIPELINE3] ERROR pipeline.RatisPipelineProvider (RatisPipelineProvider.java:lambda$null$5(235)) - Failed invoke Ratis rpc org.apache.hadoop.hdds.scm.pipeline.RatisPipelineProvider$$Lambda$189/1109194915@1ce2ee57 for 86433f91-68d3-4541-b45f-cc3cc45c90af
org.apache.ratis.protocol.TimeoutIOException: deadline exceeded after 2999637765ns
	at org.apache.ratis.grpc.GrpcUtil.tryUnwrapException(GrpcUtil.java:82)
	at org.apache.ratis.grpc.GrpcUtil.unwrapException(GrpcUtil.java:75)
	at org.apache.ratis.grpc.client.GrpcClientProtocolClient.blockingCall(GrpcClientProtocolClient.java:184)
	at org.apache.ratis.grpc.client.GrpcClientProtocolClient.groupAdd(GrpcClientProtocolClient.java:153)
	at org.apache.ratis.grpc.client.GrpcClientRpc.sendRequest(GrpcClientRpc.java:94)
	at org.apache.ratis.client.impl.RaftClientImpl.sendRequest(RaftClientImpl.java:278)
	at org.apache.ratis.client.impl.RaftClientImpl.groupAdd(RaftClientImpl.java:205)
	at org.apache.hadoop.hdds.scm.pipeline.RatisPipelineProvider.lambda$initializePipeline$4(RatisPipelineProvider.java:196)
	at org.apache.hadoop.hdds.scm.pipeline.RatisPipelineProvider.lambda$null$5(RatisPipelineProvider.java:231)
	at java.util.stream.ForEachOps$ForEachOp$OfRef.accept(ForEachOps.java:184)
	at java.util.ArrayList$ArrayListSpliterator.forEachRemaining(ArrayList.java:1382)
	at java.util.stream.AbstractPipeline.copyInto(AbstractPipeline.java:482)
	at java.util.stream.ForEachOps$ForEachTask.compute(ForEachOps.java:291)
	at java.util.concurrent.CountedCompleter.exec(CountedCompleter.java:731)
	at java.util.concurrent.ForkJoinTask.doExec(ForkJoinTask.java:289)
	at java.util.concurrent.ForkJoinPool$WorkQueue.runTask(ForkJoinPool.java:1056)
	at java.util.concurrent.ForkJoinPool.runWorker(ForkJoinPool.java:1692)
	at java.util.concurrent.ForkJoinWorkerThread.run(ForkJoinWorkerThread.java:157)
Caused by: org.apache.ratis.thirdparty.io.grpc.StatusRuntimeException: DEADLINE_EXCEEDED: deadline exceeded after 2999637765ns
	at org.apache.ratis.thirdparty.io.grpc.stub.ClientCalls.toStatusRuntimeException(ClientCalls.java:233)
	at org.apache.ratis.thirdparty.io.grpc.stub.ClientCalls.getUnchecked(ClientCalls.java:214)
	at org.apache.ratis.thirdparty.io.grpc.stub.ClientCalls.blockingUnaryCall(ClientCalls.java:139)
	at org.apache.ratis.proto.grpc.AdminProtocolServiceGrpc$AdminProtocolServiceBlockingStub.groupManagement(AdminProtocolServiceGrpc.java:274)
	at org.apache.ratis.grpc.client.GrpcClientProtocolClient.lambda$groupAdd$3(GrpcClientProtocolClient.java:155)
	at org.apache.ratis.grpc.client.GrpcClientProtocolClient.blockingCall(GrpcClientProtocolClient.java:182)
	... 15 more
2019-10-02 11:22:38,032 [RATISCREATEPIPELINE2] ERROR pipeline.RatisPipelineProvider (RatisPipelineProvider.java:lambda$null$5(235)) - Failed invoke Ratis rpc org.apache.hadoop.hdds.scm.pipeline.RatisPipelineProvider$$Lambda$189/1109194915@1ce2ee57 for 29293bba-7ecd-42b9-9c4d-306cd62453b6
org.apache.ratis.protocol.TimeoutIOException: deadline exceeded after 2999859926ns
	at org.apache.ratis.grpc.GrpcUtil.tryUnwrapException(GrpcUtil.java:82)
	at org.apache.ratis.grpc.GrpcUtil.unwrapException(GrpcUtil.java:75)
	at org.apache.ratis.grpc.client.GrpcClientProtocolClient.blockingCall(GrpcClientProtocolClient.java:184)
	at org.apache.ratis.grpc.client.GrpcClientProtocolClient.groupAdd(GrpcClientProtocolClient.java:153)
	at org.apache.ratis.grpc.client.GrpcClientRpc.sendRequest(GrpcClientRpc.java:94)
	at org.apache.ratis.client.impl.RaftClientImpl.sendRequest(RaftClientImpl.java:278)
	at org.apache.ratis.client.impl.RaftClientImpl.groupAdd(RaftClientImpl.java:205)
	at org.apache.hadoop.hdds.scm.pipeline.RatisPipelineProvider.lambda$initializePipeline$4(RatisPipelineProvider.java:196)
	at org.apache.hadoop.hdds.scm.pipeline.RatisPipelineProvider.lambda$null$5(RatisPipelineProvider.java:231)
	at java.util.stream.ForEachOps$ForEachOp$OfRef.accept(ForEachOps.java:184)
	at java.util.ArrayList$ArrayListSpliterator.forEachRemaining(ArrayList.java:1382)
	at java.util.stream.AbstractPipeline.copyInto(AbstractPipeline.java:482)
	at java.util.stream.ForEachOps$ForEachTask.compute(ForEachOps.java:291)
	at java.util.concurrent.CountedCompleter.exec(CountedCompleter.java:731)
	at java.util.concurrent.ForkJoinTask.doExec(ForkJoinTask.java:289)
	at java.util.concurrent.ForkJoinPool$WorkQueue.runTask(ForkJoinPool.java:1056)
	at java.util.concurrent.ForkJoinPool.runWorker(ForkJoinPool.java:1692)
	at java.util.concurrent.ForkJoinWorkerThread.run(ForkJoinWorkerThread.java:157)
Caused by: org.apache.ratis.thirdparty.io.grpc.StatusRuntimeException: DEADLINE_EXCEEDED: deadline exceeded after 2999859926ns
	at org.apache.ratis.thirdparty.io.grpc.stub.ClientCalls.toStatusRuntimeException(ClientCalls.java:233)
	at org.apache.ratis.thirdparty.io.grpc.stub.ClientCalls.getUnchecked(ClientCalls.java:214)
	at org.apache.ratis.thirdparty.io.grpc.stub.ClientCalls.blockingUnaryCall(ClientCalls.java:139)
	at org.apache.ratis.proto.grpc.AdminProtocolServiceGrpc$AdminProtocolServiceBlockingStub.groupManagement(AdminProtocolServiceGrpc.java:274)
	at org.apache.ratis.grpc.client.GrpcClientProtocolClient.lambda$groupAdd$3(GrpcClientProtocolClient.java:155)
	at org.apache.ratis.grpc.client.GrpcClientProtocolClient.blockingCall(GrpcClientProtocolClient.java:182)
	... 15 more
2019-10-02 11:22:38,032 [RATISCREATEPIPELINE1] ERROR pipeline.RatisPipelineProvider (RatisPipelineProvider.java:lambda$null$5(235)) - Failed invoke Ratis rpc org.apache.hadoop.hdds.scm.pipeline.RatisPipelineProvider$$Lambda$189/1109194915@1ce2ee57 for 6a123e99-c772-4df8-bc5c-2a88baa35105
org.apache.ratis.protocol.TimeoutIOException: deadline exceeded after 2999751009ns
	at org.apache.ratis.grpc.GrpcUtil.tryUnwrapException(GrpcUtil.java:82)
	at org.apache.ratis.grpc.GrpcUtil.unwrapException(GrpcUtil.java:75)
	at org.apache.ratis.grpc.client.GrpcClientProtocolClient.blockingCall(GrpcClientProtocolClient.java:184)
	at org.apache.ratis.grpc.client.GrpcClientProtocolClient.groupAdd(GrpcClientProtocolClient.java:153)
	at org.apache.ratis.grpc.client.GrpcClientRpc.sendRequest(GrpcClientRpc.java:94)
	at org.apache.ratis.client.impl.RaftClientImpl.sendRequest(RaftClientImpl.java:278)
	at org.apache.ratis.client.impl.RaftClientImpl.groupAdd(RaftClientImpl.java:205)
	at org.apache.hadoop.hdds.scm.pipeline.RatisPipelineProvider.lambda$initializePipeline$4(RatisPipelineProvider.java:196)
	at org.apache.hadoop.hdds.scm.pipeline.RatisPipelineProvider.lambda$null$5(RatisPipelineProvider.java:231)
	at java.util.stream.ForEachOps$ForEachOp$OfRef.accept(ForEachOps.java:184)
	at java.util.ArrayList$ArrayListSpliterator.forEachRemaining(ArrayList.java:1382)
	at java.util.stream.AbstractPipeline.copyInto(AbstractPipeline.java:482)
	at java.util.stream.ForEachOps$ForEachTask.compute(ForEachOps.java:291)
	at java.util.concurrent.CountedCompleter.exec(CountedCompleter.java:731)
	at java.util.concurrent.ForkJoinTask.doExec(ForkJoinTask.java:289)
	at java.util.concurrent.ForkJoinTask.doInvoke(ForkJoinTask.java:401)
	at java.util.concurrent.ForkJoinTask.invoke(ForkJoinTask.java:734)
	at java.util.stream.ForEachOps$ForEachOp.evaluateParallel(ForEachOps.java:160)
	at java.util.stream.ForEachOps$ForEachOp$OfRef.evaluateParallel(ForEachOps.java:174)
	at java.util.stream.AbstractPipeline.evaluate(AbstractPipeline.java:233)
	at java.util.stream.ReferencePipeline.forEach(ReferencePipeline.java:418)
	at java.util.stream.ReferencePipeline$Head.forEach(ReferencePipeline.java:583)
	at org.apache.hadoop.hdds.scm.pipeline.RatisPipelineProvider.lambda$callRatisRpc$6(RatisPipelineProvider.java:225)
	at java.util.concurrent.ForkJoinTask$AdaptedRunnableAction.exec(ForkJoinTask.java:1386)
	at java.util.concurrent.ForkJoinTask.doExec(ForkJoinTask.java:289)
	at java.util.concurrent.ForkJoinPool$WorkQueue.runTask(ForkJoinPool.java:1056)
	at java.util.concurrent.ForkJoinPool.runWorker(ForkJoinPool.java:1692)
	at java.util.concurrent.ForkJoinWorkerThread.run(ForkJoinWorkerThread.java:157)
Caused by: org.apache.ratis.thirdparty.io.grpc.StatusRuntimeException: DEADLINE_EXCEEDED: deadline exceeded after 2999751009ns
	at org.apache.ratis.thirdparty.io.grpc.stub.ClientCalls.toStatusRuntimeException(ClientCalls.java:233)
	at org.apache.ratis.thirdparty.io.grpc.stub.ClientCalls.getUnchecked(ClientCalls.java:214)
	at org.apache.ratis.thirdparty.io.grpc.stub.ClientCalls.blockingUnaryCall(ClientCalls.java:139)
	at org.apache.ratis.proto.grpc.AdminProtocolServiceGrpc$AdminProtocolServiceBlockingStub.groupManagement(AdminProtocolServiceGrpc.java:274)
	at org.apache.ratis.grpc.client.GrpcClientProtocolClient.lambda$groupAdd$3(GrpcClientProtocolClient.java:155)
	at org.apache.ratis.grpc.client.GrpcClientProtocolClient.blockingCall(GrpcClientProtocolClient.java:182)
	... 25 more
2019-10-02 11:22:38,037 [IPC Server handler 2 on 42177] INFO  block.BlockManagerImpl (BlockManagerImpl.java:allocateBlock(198)) - Could not find available pipeline of type:RATIS and factor:THREE even after retrying
2019-10-02 11:22:38,038 [IPC Server handler 2 on 42177] ERROR block.BlockManagerImpl (BlockManagerImpl.java:allocateBlock(222)) - Unable to allocate a block for the size: 800, type: RATIS, factor: THREE
2019-10-02 11:22:38,046 [main] INFO  ozone.MiniOzoneClusterImpl (MiniOzoneClusterImpl.java:shutdown(314)) - Shutting down the Mini Ozone Cluster
2019-10-02 11:22:38,047 [main] INFO  ozone.MiniOzoneClusterImpl (MiniOzoneClusterImpl.java:stop(330)) - Stopping the Mini Ozone Cluster
2019-10-02 11:22:38,047 [main] INFO  ozone.MiniOzoneClusterImpl (MiniOzoneClusterImpl.java:stopOM(400)) - Stopping the OzoneManager
2019-10-02 11:22:38,047 [main] INFO  ipc.Server (Server.java:stop(3082)) - Stopping server on 40416
2019-10-02 11:22:38,065 [IPC Server listener on 40416] INFO  ipc.Server (Server.java:run(1185)) - Stopping IPC Server listener on 40416
2019-10-02 11:22:38,066 [IPC Server Responder] INFO  ipc.Server (Server.java:run(1319)) - Stopping IPC Server Responder
2019-10-02 11:22:38,069 [main] INFO  ratis.OzoneManagerDoubleBuffer (OzoneManagerDoubleBuffer.java:stop(248)) - Stopping OMDoubleBuffer flush thread
2019-10-02 11:22:38,093 [OMDoubleBufferFlushThread] INFO  ratis.OzoneManagerDoubleBuffer (OzoneManagerDoubleBuffer.java:flushTransactions(191)) - OMDoubleBuffer flush thread OMDoubleBufferFlushThread is interrupted and will exit. OMDoubleBufferFlushThread
2019-10-02 11:22:38,093 [main] INFO  utils.BackgroundService (BackgroundService.java:shutdown(148)) - Shutting down service KeyDeletingService
2019-10-02 11:22:38,097 [main] INFO  handler.ContextHandler (ContextHandler.java:doStop(910)) - Stopped o.e.j.w.WebAppContext@34a6d9db{/,null,UNAVAILABLE}{/ozoneManager}
2019-10-02 11:22:38,099 [main] INFO  server.AbstractConnector (AbstractConnector.java:doStop(318)) - Stopped ServerConnector@52ecc989{HTTP/1.1,[http/1.1]}{0.0.0.0:0}
2019-10-02 11:22:38,100 [main] INFO  handler.ContextHandler (ContextHandler.java:doStop(910)) - Stopped o.e.j.s.ServletContextHandler@682e422c{/static,file:///workdir/hadoop-ozone/integration-test/target/test-classes/webapps/static,UNAVAILABLE}
2019-10-02 11:22:38,100 [main] INFO  handler.ContextHandler (ContextHandler.java:doStop(910)) - Stopped o.e.j.s.ServletContextHandler@4137aab0{/logs,file:///workdir/hadoop-ozone/integration-test/target/log,UNAVAILABLE}
2019-10-02 11:22:42,886 [3064a818-b09a-4b59-9b63-a68296a269d0@group-E5A9375DED0F-LeaderElection62] INFO  impl.LeaderElection (LeaderElection.java:askForVotes(178)) - 3064a818-b09a-4b59-9b63-a68296a269d0@group-E5A9375DED0F-LeaderElection62: begin an election at term 1 for -1: [3064a818-b09a-4b59-9b63-a68296a269d0:192.168.30.53:42211], old=null
2019-10-02 11:22:42,888 [3064a818-b09a-4b59-9b63-a68296a269d0@group-E5A9375DED0F-LeaderElection62] INFO  impl.RoleInfo (RoleInfo.java:shutdownLeaderElection(134)) - 3064a818-b09a-4b59-9b63-a68296a269d0: shutdown LeaderElection
2019-10-02 11:22:42,888 [3064a818-b09a-4b59-9b63-a68296a269d0@group-E5A9375DED0F-LeaderElection62] INFO  impl.RaftServerImpl (RaftServerImpl.java:setRole(170)) - 3064a818-b09a-4b59-9b63-a68296a269d0@group-E5A9375DED0F: changes role from CANDIDATE to LEADER at term 1 for changeToLeader
2019-10-02 11:22:42,889 [main] INFO  ozone.MiniOzoneClusterImpl (MiniOzoneClusterImpl.java:stopDatanodes(377)) - Stopping the HddsDatanodes
2019-10-02 11:22:42,889 [3064a818-b09a-4b59-9b63-a68296a269d0@group-E5A9375DED0F-LeaderElection62] INFO  impl.RaftServerImpl (ServerState.java:setLeader(255)) - 3064a818-b09a-4b59-9b63-a68296a269d0@group-E5A9375DED0F: change Leader from null to 3064a818-b09a-4b59-9b63-a68296a269d0 at term 1 for becomeLeader, leader elected after 17431ms
2019-10-02 11:22:42,890 [3064a818-b09a-4b59-9b63-a68296a269d0@group-E5A9375DED0F-LeaderElection62] INFO  server.RaftServerConfigKeys (ConfUtils.java:logGet(43)) - raft.server.staging.catchup.gap = 1000 (default)
2019-10-02 11:22:42,890 [3064a818-b09a-4b59-9b63-a68296a269d0@group-E5A9375DED0F-LeaderElection62] INFO  server.RaftServerConfigKeys (ConfUtils.java:logGet(43)) - raft.server.rpc.sleep.time = 25ms (default)
2019-10-02 11:22:42,891 [3064a818-b09a-4b59-9b63-a68296a269d0@group-E5A9375DED0F-LeaderElection62] INFO  server.RaftServerConfigKeys (ConfUtils.java:logGet(43)) - raft.server.write.element-limit = 4096 (default)
2019-10-02 11:22:42,891 [3064a818-b09a-4b59-9b63-a68296a269d0@group-E5A9375DED0F-LeaderElection62] INFO  server.RaftServerConfigKeys (ConfUtils.java:logGet(43)) - raft.server.watch.timeout = 10s (default)
2019-10-02 11:22:42,892 [3064a818-b09a-4b59-9b63-a68296a269d0@group-E5A9375DED0F-LeaderElection62] INFO  server.RaftServerConfigKeys (ConfUtils.java:logGet(43)) - raft.server.watch.timeout.denomination = 1s (default)
2019-10-02 11:22:42,892 [3064a818-b09a-4b59-9b63-a68296a269d0@group-E5A9375DED0F-LeaderElection62] INFO  server.RaftServerConfigKeys (ConfUtils.java:logGet(43)) - raft.server.watch.element-limit = 65536 (default)
2019-10-02 11:22:42,897 [3064a818-b09a-4b59-9b63-a68296a269d0@group-E5A9375DED0F-LeaderElection62] INFO  impl.RoleInfo (RoleInfo.java:updateAndGet(143)) - 3064a818-b09a-4b59-9b63-a68296a269d0: start LeaderState
2019-10-02 11:22:42,898 [3064a818-b09a-4b59-9b63-a68296a269d0@group-E5A9375DED0F-LeaderElection62] INFO  segmented.SegmentedRaftLogWorker (SegmentedRaftLogWorker.java:startLogSegment(385)) - 3064a818-b09a-4b59-9b63-a68296a269d0@group-E5A9375DED0F-SegmentedRaftLogWorker: Starting segment from index:0
2019-10-02 11:22:42,900 [3064a818-b09a-4b59-9b63-a68296a269d0@group-E5A9375DED0F-LeaderElection62] INFO  impl.RaftServerImpl (ServerState.java:setRaftConf(356)) - 3064a818-b09a-4b59-9b63-a68296a269d0@group-E5A9375DED0F: set configuration 0: [3064a818-b09a-4b59-9b63-a68296a269d0:192.168.30.53:42211], old=null at 0
2019-10-02 11:22:43,093 [Datanode State Machine Thread - 0] INFO  statemachine.DatanodeStateMachine (DatanodeStateMachine.java:lambda$startDaemon$0(350)) - Ozone container server started.
2019-10-02 11:22:43,868 [Datanode State Machine Thread - 0] INFO  statemachine.DatanodeStateMachine (DatanodeStateMachine.java:lambda$startDaemon$0(350)) - Ozone container server started.
2019-10-02 11:22:46,102 [pool-439-thread-1] INFO  storage.RaftStorageDirectory (RaftStorageDirectory.java:tryLock(328)) - Lock on /workdir/hadoop-ozone/integration-test/target/test-dir/MiniOzoneClusterImpl-c6132511-5fdd-4faf-bdf1-f98df057b2f6/datanode-3/data/ratis/5cdadfb5-4c14-46f7-96c8-307a7555d0a2/in_use.lock acquired by nodename 5801@pr-trunk-5xjmm-2411255686
2019-10-02 11:22:46,102 [6a123e99-c772-4df8-bc5c-2a88baa35105@group-77A9AD31D3C9-LeaderElection67] INFO  impl.LeaderElection (LeaderElection.java:askForVotes(178)) - 6a123e99-c772-4df8-bc5c-2a88baa35105@group-77A9AD31D3C9-LeaderElection67: begin an election at term 1 for -1: [6a123e99-c772-4df8-bc5c-2a88baa35105:192.168.30.53:35427], old=null
2019-10-02 11:22:46,102 [86433f91-68d3-4541-b45f-cc3cc45c90af@group-E0906783DC09-LeaderElection65] INFO  impl.LeaderElection (LeaderElection.java:askForVotes(178)) - 86433f91-68d3-4541-b45f-cc3cc45c90af@group-E0906783DC09-LeaderElection65: begin an election at term 1 for -1: [29293bba-7ecd-42b9-9c4d-306cd62453b6:192.168.30.53:43965, 6a123e99-c772-4df8-bc5c-2a88baa35105:192.168.30.53:35427, 86433f91-68d3-4541-b45f-cc3cc45c90af:192.168.30.53:45896], old=null
2019-10-02 11:22:46,102 [6a123e99-c772-4df8-bc5c-2a88baa35105@group-77A9AD31D3C9-LeaderElection67] INFO  impl.RoleInfo (RoleInfo.java:shutdownLeaderElection(134)) - 6a123e99-c772-4df8-bc5c-2a88baa35105: shutdown LeaderElection
2019-10-02 11:22:46,102 [pool-459-thread-1] INFO  storage.RaftStorageDirectory (RaftStorageDirectory.java:tryLock(328)) - Lock on /workdir/hadoop-ozone/integration-test/target/test-dir/MiniOzoneClusterImpl-c6132511-5fdd-4faf-bdf1-f98df057b2f6/datanode-5/data/ratis/5cdadfb5-4c14-46f7-96c8-307a7555d0a2/in_use.lock acquired by nodename 5801@pr-trunk-5xjmm-2411255686
2019-10-02 11:22:46,102 [6a123e99-c772-4df8-bc5c-2a88baa35105@group-77A9AD31D3C9-LeaderElection67] INFO  impl.RaftServerImpl (RaftServerImpl.java:setRole(170)) - 6a123e99-c772-4df8-bc5c-2a88baa35105@group-77A9AD31D3C9: changes role from CANDIDATE to LEADER at term 1 for changeToLeader
2019-10-02 11:22:46,102 [29293bba-7ecd-42b9-9c4d-306cd62453b6@group-E0906783DC09-LeaderElection63] INFO  impl.LeaderElection (LeaderElection.java:askForVotes(178)) - 29293bba-7ecd-42b9-9c4d-306cd62453b6@group-E0906783DC09-LeaderElection63: begin an election at term 1 for -1: [29293bba-7ecd-42b9-9c4d-306cd62453b6:192.168.30.53:43965, 6a123e99-c772-4df8-bc5c-2a88baa35105:192.168.30.53:35427, 86433f91-68d3-4541-b45f-cc3cc45c90af:192.168.30.53:45896], old=null
2019-10-02 11:22:46,102 [86433f91-68d3-4541-b45f-cc3cc45c90af@group-74C2998DCC37-LeaderElection66] INFO  impl.LeaderElection (LeaderElection.java:askForVotes(178)) - 86433f91-68d3-4541-b45f-cc3cc45c90af@group-74C2998DCC37-LeaderElection66: begin an election at term 1 for -1: [86433f91-68d3-4541-b45f-cc3cc45c90af:192.168.30.53:45896], old=null
2019-10-02 11:22:46,102 [6a123e99-c772-4df8-bc5c-2a88baa35105@group-E0906783DC09-LeaderElection64] INFO  impl.LeaderElection (LeaderElection.java:askForVotes(178)) - 6a123e99-c772-4df8-bc5c-2a88baa35105@group-E0906783DC09-LeaderElection64: begin an election at term 1 for -1: [29293bba-7ecd-42b9-9c4d-306cd62453b6:192.168.30.53:43965, 6a123e99-c772-4df8-bc5c-2a88baa35105:192.168.30.53:35427, 86433f91-68d3-4541-b45f-cc3cc45c90af:192.168.30.53:45896], old=null
2019-10-02 11:22:46,103 [86433f91-68d3-4541-b45f-cc3cc45c90af@group-74C2998DCC37-LeaderElection66] INFO  impl.RoleInfo (RoleInfo.java:shutdownLeaderElection(134)) - 86433f91-68d3-4541-b45f-cc3cc45c90af: shutdown LeaderElection
2019-10-02 11:22:46,103 [6a123e99-c772-4df8-bc5c-2a88baa35105@group-77A9AD31D3C9-LeaderElection67] INFO  impl.RaftServerImpl (ServerState.java:setLeader(255)) - 6a123e99-c772-4df8-bc5c-2a88baa35105@group-77A9AD31D3C9: change Leader from null to 6a123e99-c772-4df8-bc5c-2a88baa35105 at term 1 for becomeLeader, leader elected after 17150ms
2019-10-02 11:22:46,104 [86433f91-68d3-4541-b45f-cc3cc45c90af@group-74C2998DCC37-LeaderElection66] INFO  impl.RaftServerImpl (RaftServerImpl.java:setRole(170)) - 86433f91-68d3-4541-b45f-cc3cc45c90af@group-74C2998DCC37: changes role from CANDIDATE to LEADER at term 1 for changeToLeader
2019-10-02 11:22:46,104 [6a123e99-c772-4df8-bc5c-2a88baa35105@group-77A9AD31D3C9-LeaderElection67] INFO  server.RaftServerConfigKeys (ConfUtils.java:logGet(43)) - raft.server.staging.catchup.gap = 1000 (default)
2019-10-02 11:22:46,104 [6a123e99-c772-4df8-bc5c-2a88baa35105@group-77A9AD31D3C9-LeaderElection67] INFO  server.RaftServerConfigKeys (ConfUtils.java:logGet(43)) - raft.server.rpc.sleep.time = 25ms (default)
2019-10-02 11:22:46,104 [86433f91-68d3-4541-b45f-cc3cc45c90af@group-74C2998DCC37-LeaderElection66] INFO  impl.RaftServerImpl (ServerState.java:setLeader(255)) - 86433f91-68d3-4541-b45f-cc3cc45c90af@group-74C2998DCC37: change Leader from null to 86433f91-68d3-4541-b45f-cc3cc45c90af at term 1 for becomeLeader, leader elected after 19055ms
2019-10-02 11:22:46,104 [86433f91-68d3-4541-b45f-cc3cc45c90af@group-74C2998DCC37-LeaderElection66] INFO  server.RaftServerConfigKeys (ConfUtils.java:logGet(43)) - raft.server.staging.catchup.gap = 1000 (default)
2019-10-02 11:22:46,105 [86433f91-68d3-4541-b45f-cc3cc45c90af@group-74C2998DCC37-LeaderElection66] INFO  server.RaftServerConfigKeys (ConfUtils.java:logGet(43)) - raft.server.rpc.sleep.time = 25ms (default)
2019-10-02 11:22:46,105 [86433f91-68d3-4541-b45f-cc3cc45c90af@group-74C2998DCC37-LeaderElection66] INFO  server.RaftServerConfigKeys (ConfUtils.java:logGet(43)) - raft.server.write.element-limit = 4096 (default)
2019-10-02 11:22:46,105 [6a123e99-c772-4df8-bc5c-2a88baa35105@group-77A9AD31D3C9-LeaderElection67] INFO  server.RaftServerConfigKeys (ConfUtils.java:logGet(43)) - raft.server.write.element-limit = 4096 (default)
2019-10-02 11:22:46,105 [86433f91-68d3-4541-b45f-cc3cc45c90af@group-74C2998DCC37-LeaderElection66] INFO  server.RaftServerConfigKeys (ConfUtils.java:logGet(43)) - raft.server.watch.timeout = 10s (default)
2019-10-02 11:22:46,105 [6a123e99-c772-4df8-bc5c-2a88baa35105@group-77A9AD31D3C9-LeaderElection67] INFO  server.RaftServerConfigKeys (ConfUtils.java:logGet(43)) - raft.server.watch.timeout = 10s (default)
2019-10-02 11:22:46,106 [86433f91-68d3-4541-b45f-cc3cc45c90af@group-74C2998DCC37-LeaderElection66] INFO  server.RaftServerConfigKeys (ConfUtils.java:logGet(43)) - raft.server.watch.timeout.denomination = 1s (default)
2019-10-02 11:22:46,106 [6a123e99-c772-4df8-bc5c-2a88baa35105@group-77A9AD31D3C9-LeaderElection67] INFO  server.RaftServerConfigKeys (ConfUtils.java:logGet(43)) - raft.server.watch.timeout.denomination = 1s (default)
2019-10-02 11:22:46,106 [86433f91-68d3-4541-b45f-cc3cc45c90af@group-74C2998DCC37-LeaderElection66] INFO  server.RaftServerConfigKeys (ConfUtils.java:logGet(43)) - raft.server.watch.element-limit = 65536 (default)
2019-10-02 11:22:46,106 [6a123e99-c772-4df8-bc5c-2a88baa35105@group-77A9AD31D3C9-LeaderElection67] INFO  server.RaftServerConfigKeys (ConfUtils.java:logGet(43)) - raft.server.watch.element-limit = 65536 (default)
2019-10-02 11:22:46,121 [86433f91-68d3-4541-b45f-cc3cc45c90af@group-74C2998DCC37-LeaderElection66] INFO  impl.RoleInfo (RoleInfo.java:updateAndGet(143)) - 86433f91-68d3-4541-b45f-cc3cc45c90af: start LeaderState
2019-10-02 11:22:46,124 [6a123e99-c772-4df8-bc5c-2a88baa35105@group-77A9AD31D3C9-LeaderElection67] INFO  impl.RoleInfo (RoleInfo.java:updateAndGet(143)) - 6a123e99-c772-4df8-bc5c-2a88baa35105: start LeaderState
2019-10-02 11:22:46,124 [86433f91-68d3-4541-b45f-cc3cc45c90af@group-74C2998DCC37-LeaderElection66] INFO  segmented.SegmentedRaftLogWorker (SegmentedRaftLogWorker.java:startLogSegment(385)) - 86433f91-68d3-4541-b45f-cc3cc45c90af@group-74C2998DCC37-SegmentedRaftLogWorker: Starting segment from index:0
2019-10-02 11:22:46,124 [6a123e99-c772-4df8-bc5c-2a88baa35105@group-77A9AD31D3C9-LeaderElection67] INFO  segmented.SegmentedRaftLogWorker (SegmentedRaftLogWorker.java:startLogSegment(385)) - 6a123e99-c772-4df8-bc5c-2a88baa35105@group-77A9AD31D3C9-SegmentedRaftLogWorker: Starting segment from index:0
2019-10-02 11:22:46,127 [86433f91-68d3-4541-b45f-cc3cc45c90af@group-74C2998DCC37-LeaderElection66] INFO  impl.RaftServerImpl (ServerState.java:setRaftConf(356)) - 86433f91-68d3-4541-b45f-cc3cc45c90af@group-74C2998DCC37: set configuration 0: [86433f91-68d3-4541-b45f-cc3cc45c90af:192.168.30.53:45896], old=null at 0
2019-10-02 11:22:46,130 [6a123e99-c772-4df8-bc5c-2a88baa35105@group-77A9AD31D3C9-LeaderElection67] INFO  impl.RaftServerImpl (ServerState.java:setRaftConf(356)) - 6a123e99-c772-4df8-bc5c-2a88baa35105@group-77A9AD31D3C9: set configuration 0: [6a123e99-c772-4df8-bc5c-2a88baa35105:192.168.30.53:35427], old=null at 0
2019-10-02 11:22:46,161 [86433f91-68d3-4541-b45f-cc3cc45c90af@group-E0906783DC09-LeaderElection65] INFO  impl.LeaderElection (LeaderElection.java:logAndReturn(56)) - 86433f91-68d3-4541-b45f-cc3cc45c90af@group-E0906783DC09-LeaderElection65: Election REJECTED; received 2 response(s) [86433f91-68d3-4541-b45f-cc3cc45c90af<-29293bba-7ecd-42b9-9c4d-306cd62453b6#0:FAIL-t1, 86433f91-68d3-4541-b45f-cc3cc45c90af<-6a123e99-c772-4df8-bc5c-2a88baa35105#0:FAIL-t1] and 0 exception(s); 86433f91-68d3-4541-b45f-cc3cc45c90af@group-E0906783DC09:t1, leader=null, voted=86433f91-68d3-4541-b45f-cc3cc45c90af, raftlog=86433f91-68d3-4541-b45f-cc3cc45c90af@group-E0906783DC09-SegmentedRaftLog:OPENED:c-1,f-1,i0, conf=-1: [29293bba-7ecd-42b9-9c4d-306cd62453b6:192.168.30.53:43965, 6a123e99-c772-4df8-bc5c-2a88baa35105:192.168.30.53:35427, 86433f91-68d3-4541-b45f-cc3cc45c90af:192.168.30.53:45896], old=null
2019-10-02 11:22:46,161 [86433f91-68d3-4541-b45f-cc3cc45c90af@group-E0906783DC09-LeaderElection65] INFO  impl.RaftServerImpl (RaftServerImpl.java:setRole(170)) - 86433f91-68d3-4541-b45f-cc3cc45c90af@group-E0906783DC09: changes role from CANDIDATE to FOLLOWER at term 1 for DISCOVERED_A_NEW_TERM
2019-10-02 11:22:46,162 [86433f91-68d3-4541-b45f-cc3cc45c90af@group-E0906783DC09-LeaderElection65] INFO  impl.RoleInfo (RoleInfo.java:shutdownLeaderElection(134)) - 86433f91-68d3-4541-b45f-cc3cc45c90af: shutdown LeaderElection
2019-10-02 11:22:46,162 [86433f91-68d3-4541-b45f-cc3cc45c90af@group-E0906783DC09-LeaderElection65] INFO  impl.RoleInfo (RoleInfo.java:updateAndGet(143)) - 86433f91-68d3-4541-b45f-cc3cc45c90af: start FollowerState
2019-10-02 11:22:46,162 [6a123e99-c772-4df8-bc5c-2a88baa35105@group-E0906783DC09-LeaderElection64] INFO  impl.LeaderElection (LeaderElection.java:logAndReturn(56)) - 6a123e99-c772-4df8-bc5c-2a88baa35105@group-E0906783DC09-LeaderElection64: Election REJECTED; received 2 response(s) [6a123e99-c772-4df8-bc5c-2a88baa35105<-29293bba-7ecd-42b9-9c4d-306cd62453b6#0:FAIL-t1, 6a123e99-c772-4df8-bc5c-2a88baa35105<-86433f91-68d3-4541-b45f-cc3cc45c90af#0:FAIL-t1] and 0 exception(s); 6a123e99-c772-4df8-bc5c-2a88baa35105@group-E0906783DC09:t1, leader=null, voted=6a123e99-c772-4df8-bc5c-2a88baa35105, raftlog=6a123e99-c772-4df8-bc5c-2a88baa35105@group-E0906783DC09-SegmentedRaftLog:OPENED:c-1,f-1,i0, conf=-1: [29293bba-7ecd-42b9-9c4d-306cd62453b6:192.168.30.53:43965, 6a123e99-c772-4df8-bc5c-2a88baa35105:192.168.30.53:35427, 86433f91-68d3-4541-b45f-cc3cc45c90af:192.168.30.53:45896], old=null
2019-10-02 11:22:46,192 [6a123e99-c772-4df8-bc5c-2a88baa35105@group-E0906783DC09-LeaderElection64] INFO  impl.RaftServerImpl (RaftServerImpl.java:setRole(170)) - 6a123e99-c772-4df8-bc5c-2a88baa35105@group-E0906783DC09: changes role from CANDIDATE to FOLLOWER at term 1 for DISCOVERED_A_NEW_TERM
2019-10-02 11:22:46,192 [6a123e99-c772-4df8-bc5c-2a88baa35105@group-E0906783DC09-LeaderElection64] INFO  impl.RoleInfo (RoleInfo.java:shutdownLeaderElection(134)) - 6a123e99-c772-4df8-bc5c-2a88baa35105: shutdown LeaderElection
2019-10-02 11:22:46,192 [6a123e99-c772-4df8-bc5c-2a88baa35105@group-E0906783DC09-LeaderElection64] INFO  impl.RoleInfo (RoleInfo.java:updateAndGet(143)) - 6a123e99-c772-4df8-bc5c-2a88baa35105: start FollowerState
2019-10-02 11:22:46,194 [29293bba-7ecd-42b9-9c4d-306cd62453b6@group-E0906783DC09-LeaderElection63] INFO  impl.LeaderElection (LeaderElection.java:logAndReturn(56)) - 29293bba-7ecd-42b9-9c4d-306cd62453b6@group-E0906783DC09-LeaderElection63: Election REJECTED; received 2 response(s) [29293bba-7ecd-42b9-9c4d-306cd62453b6<-6a123e99-c772-4df8-bc5c-2a88baa35105#0:FAIL-t1, 29293bba-7ecd-42b9-9c4d-306cd62453b6<-86433f91-68d3-4541-b45f-cc3cc45c90af#0:FAIL-t1] and 0 exception(s); 29293bba-7ecd-42b9-9c4d-306cd62453b6@group-E0906783DC09:t1, leader=null, voted=29293bba-7ecd-42b9-9c4d-306cd62453b6, raftlog=29293bba-7ecd-42b9-9c4d-306cd62453b6@group-E0906783DC09-SegmentedRaftLog:OPENED:c-1,f-1,i0, conf=-1: [29293bba-7ecd-42b9-9c4d-306cd62453b6:192.168.30.53:43965, 6a123e99-c772-4df8-bc5c-2a88baa35105:192.168.30.53:35427, 86433f91-68d3-4541-b45f-cc3cc45c90af:192.168.30.53:45896], old=null
2019-10-02 11:22:46,196 [29293bba-7ecd-42b9-9c4d-306cd62453b6@group-E0906783DC09-LeaderElection63] INFO  impl.RaftServerImpl (RaftServerImpl.java:setRole(170)) - 29293bba-7ecd-42b9-9c4d-306cd62453b6@group-E0906783DC09: changes role from CANDIDATE to FOLLOWER at term 1 for DISCOVERED_A_NEW_TERM
2019-10-02 11:22:46,196 [29293bba-7ecd-42b9-9c4d-306cd62453b6@group-E0906783DC09-LeaderElection63] INFO  impl.RoleInfo (RoleInfo.java:shutdownLeaderElection(134)) - 29293bba-7ecd-42b9-9c4d-306cd62453b6: shutdown LeaderElection
2019-10-02 11:22:46,196 [29293bba-7ecd-42b9-9c4d-306cd62453b6@group-E0906783DC09-LeaderElection63] INFO  impl.RoleInfo (RoleInfo.java:updateAndGet(143)) - 29293bba-7ecd-42b9-9c4d-306cd62453b6: start FollowerState
2019-10-02 11:22:47,100 [3064a818-b09a-4b59-9b63-a68296a269d0@group-E5A9375DED0F-SegmentedRaftLogWorker] INFO  segmented.SegmentedRaftLogWorker (SegmentedRaftLogWorker.java:execute(574)) - 3064a818-b09a-4b59-9b63-a68296a269d0@group-E5A9375DED0F-SegmentedRaftLogWorker: created new log segment /workdir/hadoop-ozone/integration-test/target/test-dir/MiniOzoneClusterImpl-c6132511-5fdd-4faf-bdf1-f98df057b2f6/datanode-0/data/ratis/7541c1a7-76b6-45c9-a2d9-e5a9375ded0f/current/log_inprogress_0
2019-10-02 11:22:47,104 [EventQueue-StaleNodeForStaleNodeHandler] INFO  node.StaleNodeHandler (StaleNodeHandler.java:onMessage(58)) - Datanode 5610fd5a-5f01-4515-bde7-239b5325f18c{ip: 192.168.30.53, host: pr-trunk-5xjmm-2411255686, networkLocation: /default-rack, certSerialId: null} moved to stale state. Finalizing its pipelines []
2019-10-02 11:22:47,121 [pool-429-thread-1] INFO  storage.RaftStorage (RaftStorage.java:format(84)) - Storage directory /workdir/hadoop-ozone/integration-test/target/test-dir/MiniOzoneClusterImpl-c6132511-5fdd-4faf-bdf1-f98df057b2f6/datanode-2/data/ratis/96cdc12c-9f76-42f2-812a-3f202631f540 has been successfully formatted.
2019-10-02 11:22:47,121 [pool-429-thread-1] INFO  ratis.ContainerStateMachine (ContainerStateMachine.java:loadSnapshot(230)) - group-3F202631F540: The snapshot info is null. Setting the last applied indexto:(t:0, i:~)
2019-10-02 11:22:47,121 [pool-429-thread-1] INFO  server.RaftServerConfigKeys (ConfUtils.java:logGet(43)) - raft.server.notification.no-leader.timeout = 120s (custom)
2019-10-02 11:22:47,121 [pool-429-thread-1] INFO  server.RaftServerConfigKeys (ConfUtils.java:logGet(43)) - raft.server.log.use.memory = false (default)
2019-10-02 11:22:47,121 [pool-429-thread-1] INFO  server.RaftServerConfigKeys (ConfUtils.java:logGet(43)) - raft.server.log.purge.gap = 1000000 (custom)
2019-10-02 11:22:47,122 [pool-429-thread-1] INFO  server.RaftServerConfigKeys (ConfUtils.java:logGet(43)) - raft.server.log.appender.buffer.byte-limit = 33554432 (custom)
2019-10-02 11:22:47,122 [86433f91-68d3-4541-b45f-cc3cc45c90af@group-74C2998DCC37-SegmentedRaftLogWorker] INFO  segmented.SegmentedRaftLogWorker (SegmentedRaftLogWorker.java:execute(574)) - 86433f91-68d3-4541-b45f-cc3cc45c90af@group-74C2998DCC37-SegmentedRaftLogWorker: created new log segment /workdir/hadoop-ozone/integration-test/target/test-dir/MiniOzoneClusterImpl-c6132511-5fdd-4faf-bdf1-f98df057b2f6/datanode-3/data/ratis/6d79fdb7-1d53-47f6-a50b-74c2998dcc37/current/log_inprogress_0
2019-10-02 11:22:47,122 [6a123e99-c772-4df8-bc5c-2a88baa35105@group-77A9AD31D3C9-SegmentedRaftLogWorker] INFO  segmented.SegmentedRaftLogWorker (SegmentedRaftLogWorker.java:execute(574)) - 6a123e99-c772-4df8-bc5c-2a88baa35105@group-77A9AD31D3C9-SegmentedRaftLogWorker: created new log segment /workdir/hadoop-ozone/integration-test/target/test-dir/MiniOzoneClusterImpl-c6132511-5fdd-4faf-bdf1-f98df057b2f6/datanode-5/data/ratis/47fc7bef-79c7-4f0b-88c5-77a9ad31d3c9/current/log_inprogress_0
2019-10-02 11:22:47,122 [pool-459-thread-1] INFO  storage.RaftStorage (RaftStorage.java:format(84)) - Storage directory /workdir/hadoop-ozone/integration-test/target/test-dir/MiniOzoneClusterImpl-c6132511-5fdd-4faf-bdf1-f98df057b2f6/datanode-5/data/ratis/5cdadfb5-4c14-46f7-96c8-307a7555d0a2 has been successfully formatted.
2019-10-02 11:22:47,122 [pool-429-thread-1] INFO  server.RaftServerConfigKeys (ConfUtils.java:logGet(43)) - raft.server.log.segment.size.max = 1048576 (custom)
2019-10-02 11:22:47,122 [pool-439-thread-1] INFO  storage.RaftStorage (RaftStorage.java:format(84)) - Storage directory /workdir/hadoop-ozone/integration-test/target/test-dir/MiniOzoneClusterImpl-c6132511-5fdd-4faf-bdf1-f98df057b2f6/datanode-3/data/ratis/5cdadfb5-4c14-46f7-96c8-307a7555d0a2 has been successfully formatted.
2019-10-02 11:22:47,122 [pool-459-thread-1] INFO  ratis.ContainerStateMachine (ContainerStateMachine.java:loadSnapshot(230)) - group-307A7555D0A2: The snapshot info is null. Setting the last applied indexto:(t:0, i:~)
2019-10-02 11:22:47,122 [pool-429-thread-1] INFO  server.RaftServerConfigKeys (ConfUtils.java:logGet(43)) - raft.server.log.segment.cache.num.max = 2 (custom)
2019-10-02 11:22:47,123 [pool-459-thread-1] INFO  server.RaftServerConfigKeys (ConfUtils.java:logGet(43)) - raft.server.notification.no-leader.timeout = 120s (custom)
2019-10-02 11:22:47,122 [pool-439-thread-1] INFO  ratis.ContainerStateMachine (ContainerStateMachine.java:loadSnapshot(230)) - group-307A7555D0A2: The snapshot info is null. Setting the last applied indexto:(t:0, i:~)
2019-10-02 11:22:47,123 [pool-459-thread-1] INFO  server.RaftServerConfigKeys (ConfUtils.java:logGet(43)) - raft.server.log.use.memory = false (default)
2019-10-02 11:22:47,123 [pool-429-thread-1] INFO  segmented.SegmentedRaftLogWorker (SegmentedRaftLogWorker.java:<init>(173)) - new 29293bba-7ecd-42b9-9c4d-306cd62453b6@group-3F202631F540-SegmentedRaftLogWorker for RaftStorage:Storage Directory /workdir/hadoop-ozone/integration-test/target/test-dir/MiniOzoneClusterImpl-c6132511-5fdd-4faf-bdf1-f98df057b2f6/datanode-2/data/ratis/96cdc12c-9f76-42f2-812a-3f202631f540
2019-10-02 11:22:47,123 [pool-459-thread-1] INFO  server.RaftServerConfigKeys (ConfUtils.java:logGet(43)) - raft.server.log.purge.gap = 1000000 (custom)
2019-10-02 11:22:47,123 [pool-439-thread-1] INFO  server.RaftServerConfigKeys (ConfUtils.java:logGet(43)) - raft.server.notification.no-leader.timeout = 120s (custom)
2019-10-02 11:22:47,123 [pool-459-thread-1] INFO  server.RaftServerConfigKeys (ConfUtils.java:logGet(43)) - raft.server.log.appender.buffer.byte-limit = 33554432 (custom)
2019-10-02 11:22:47,123 [pool-429-thread-1] INFO  server.RaftServerConfigKeys (ConfUtils.java:logGet(43)) - raft.server.log.queue.byte-limit = 2147483647 (custom)
2019-10-02 11:22:47,124 [pool-459-thread-1] INFO  server.RaftServerConfigKeys (ConfUtils.java:logGet(43)) - raft.server.log.segment.size.max = 1048576 (custom)
2019-10-02 11:22:47,123 [pool-439-thread-1] INFO  server.RaftServerConfigKeys (ConfUtils.java:logGet(43)) - raft.server.log.use.memory = false (default)
2019-10-02 11:22:47,124 [pool-459-thread-1] INFO  server.RaftServerConfigKeys (ConfUtils.java:logGet(43)) - raft.server.log.segment.cache.num.max = 2 (custom)
2019-10-02 11:22:47,124 [pool-429-thread-1] INFO  server.RaftServerConfigKeys (ConfUtils.java:logGet(43)) - raft.server.log.queue.element-limit = 1024 (custom)
2019-10-02 11:22:47,124 [pool-459-thread-1] INFO  segmented.SegmentedRaftLogWorker (SegmentedRaftLogWorker.java:<init>(173)) - new 6a123e99-c772-4df8-bc5c-2a88baa35105@group-307A7555D0A2-SegmentedRaftLogWorker for RaftStorage:Storage Directory /workdir/hadoop-ozone/integration-test/target/test-dir/MiniOzoneClusterImpl-c6132511-5fdd-4faf-bdf1-f98df057b2f6/datanode-5/data/ratis/5cdadfb5-4c14-46f7-96c8-307a7555d0a2
2019-10-02 11:22:47,124 [pool-439-thread-1] INFO  server.RaftServerConfigKeys (ConfUtils.java:logGet(43)) - raft.server.log.purge.gap = 1000000 (custom)
2019-10-02 11:22:47,124 [pool-459-thread-1] INFO  server.RaftServerConfigKeys (ConfUtils.java:logGet(43)) - raft.server.log.queue.byte-limit = 2147483647 (custom)
2019-10-02 11:22:47,124 [pool-429-thread-1] INFO  server.RaftServerConfigKeys (ConfUtils.java:logGet(43)) - raft.server.log.segment.size.max = 1048576 (custom)
2019-10-02 11:22:47,125 [pool-459-thread-1] INFO  server.RaftServerConfigKeys (ConfUtils.java:logGet(43)) - raft.server.log.queue.element-limit = 1024 (custom)
2019-10-02 11:22:47,125 [pool-439-thread-1] INFO  server.RaftServerConfigKeys (ConfUtils.java:logGet(43)) - raft.server.log.appender.buffer.byte-limit = 33554432 (custom)
2019-10-02 11:22:47,125 [pool-459-thread-1] INFO  server.RaftServerConfigKeys (ConfUtils.java:logGet(43)) - raft.server.log.segment.size.max = 1048576 (custom)
2019-10-02 11:22:47,125 [pool-429-thread-1] INFO  server.RaftServerConfigKeys (ConfUtils.java:logGet(43)) - raft.server.log.preallocated.size = 16384 (custom)
2019-10-02 11:22:47,125 [pool-459-thread-1] INFO  server.RaftServerConfigKeys (ConfUtils.java:logGet(43)) - raft.server.log.preallocated.size = 16384 (custom)
2019-10-02 11:22:47,125 [pool-439-thread-1] INFO  server.RaftServerConfigKeys (ConfUtils.java:logGet(43)) - raft.server.log.segment.size.max = 1048576 (custom)
2019-10-02 11:22:47,126 [pool-459-thread-1] INFO  server.RaftServerConfigKeys (ConfUtils.java:logGet(43)) - raft.server.log.write.buffer.size = 33554432 (custom)
2019-10-02 11:22:47,125 [pool-429-thread-1] INFO  server.RaftServerConfigKeys (ConfUtils.java:logGet(43)) - raft.server.log.write.buffer.size = 33554432 (custom)
2019-10-02 11:22:47,126 [pool-459-thread-1] INFO  server.RaftServerConfigKeys (ConfUtils.java:logGet(43)) - raft.server.log.force.sync.num = 128 (default)
2019-10-02 11:22:47,126 [pool-439-thread-1] INFO  server.RaftServerConfigKeys (ConfUtils.java:logGet(43)) - raft.server.log.segment.cache.num.max = 2 (custom)
2019-10-02 11:22:47,126 [pool-459-thread-1] INFO  server.RaftServerConfigKeys (ConfUtils.java:logGet(43)) - raft.server.log.statemachine.data.sync = true (default)
2019-10-02 11:22:47,126 [pool-429-thread-1] INFO  server.RaftServerConfigKeys (ConfUtils.java:logGet(43)) - raft.server.log.force.sync.num = 128 (default)
2019-10-02 11:22:47,126 [pool-459-thread-1] INFO  server.RaftServerConfigKeys (ConfUtils.java:logGet(43)) - raft.server.log.statemachine.data.sync.timeout = 10s (default)
2019-10-02 11:22:47,126 [pool-439-thread-1] INFO  segmented.SegmentedRaftLogWorker (SegmentedRaftLogWorker.java:<init>(173)) - new 86433f91-68d3-4541-b45f-cc3cc45c90af@group-307A7555D0A2-SegmentedRaftLogWorker for RaftStorage:Storage Directory /workdir/hadoop-ozone/integration-test/target/test-dir/MiniOzoneClusterImpl-c6132511-5fdd-4faf-bdf1-f98df057b2f6/datanode-3/data/ratis/5cdadfb5-4c14-46f7-96c8-307a7555d0a2
2019-10-02 11:22:47,127 [pool-459-thread-1] INFO  server.RaftServerConfigKeys (ConfUtils.java:logGet(43)) - raft.server.log.statemachine.data.sync.timeout.retry = -1 (default)
2019-10-02 11:22:47,126 [pool-429-thread-1] INFO  server.RaftServerConfigKeys (ConfUtils.java:logGet(43)) - raft.server.log.statemachine.data.sync = true (default)
2019-10-02 11:22:47,127 [pool-459-thread-1] INFO  server.RaftServerConfigKeys (ConfUtils.java:logGet(43)) - raft.server.log.statemachine.data.caching.enabled = true (custom)
2019-10-02 11:22:47,127 [pool-439-thread-1] INFO  server.RaftServerConfigKeys (ConfUtils.java:logGet(43)) - raft.server.log.queue.byte-limit = 2147483647 (custom)
2019-10-02 11:22:47,127 [pool-429-thread-1] INFO  server.RaftServerConfigKeys (ConfUtils.java:logGet(43)) - raft.server.log.statemachine.data.sync.timeout = 10s (default)
2019-10-02 11:22:47,127 [pool-459-thread-1] INFO  segmented.SegmentedRaftLogWorker (SegmentedRaftLogWorker.java:lambda$new$0(128)) - 6a123e99-c772-4df8-bc5c-2a88baa35105@group-307A7555D0A2-SegmentedRaftLogWorker: flushIndex: setUnconditionally 0 -> -1
2019-10-02 11:22:47,127 [pool-439-thread-1] INFO  server.RaftServerConfigKeys (ConfUtils.java:logGet(43)) - raft.server.log.queue.element-limit = 1024 (custom)
2019-10-02 11:22:47,127 [pool-429-thread-1] INFO  server.RaftServerConfigKeys (ConfUtils.java:logGet(43)) - raft.server.log.statemachine.data.sync.timeout.retry = -1 (default)
2019-10-02 11:22:47,128 [pool-459-thread-1] INFO  server.RaftServerConfigKeys (ConfUtils.java:logGet(43)) - raft.server.snapshot.auto.trigger.enabled = true (custom)
2019-10-02 11:22:47,128 [pool-439-thread-1] INFO  server.RaftServerConfigKeys (ConfUtils.java:logGet(43)) - raft.server.log.segment.size.max = 1048576 (custom)
2019-10-02 11:22:47,128 [pool-459-thread-1] INFO  server.RaftServerConfigKeys (ConfUtils.java:logGet(43)) - raft.server.snapshot.auto.trigger.threshold = 10000 (custom)
2019-10-02 11:22:47,128 [pool-429-thread-1] INFO  server.RaftServerConfigKeys (ConfUtils.java:logGet(43)) - raft.server.log.statemachine.data.caching.enabled = true (custom)
2019-10-02 11:22:47,128 [pool-459-thread-1] INFO  server.RaftServerConfigKeys (ConfUtils.java:logGet(43)) - raft.server.snapshot.retention.file.num = 5 (custom)
2019-10-02 11:22:47,128 [pool-439-thread-1] INFO  server.RaftServerConfigKeys (ConfUtils.java:logGet(43)) - raft.server.log.preallocated.size = 16384 (custom)
2019-10-02 11:22:47,128 [pool-459-thread-1] INFO  server.RaftServerConfigKeys (ConfUtils.java:logGet(43)) - raft.server.retrycache.expirytime = 600000ms (custom)
2019-10-02 11:22:47,128 [pool-429-thread-1] INFO  segmented.SegmentedRaftLogWorker (SegmentedRaftLogWorker.java:lambda$new$0(128)) - 29293bba-7ecd-42b9-9c4d-306cd62453b6@group-3F202631F540-SegmentedRaftLogWorker: flushIndex: setUnconditionally 0 -> -1
2019-10-02 11:22:47,129 [pool-439-thread-1] INFO  server.RaftServerConfigKeys (ConfUtils.java:logGet(43)) - raft.server.log.write.buffer.size = 33554432 (custom)
2019-10-02 11:22:47,129 [pool-429-thread-1] INFO  server.RaftServerConfigKeys (ConfUtils.java:logGet(43)) - raft.server.snapshot.auto.trigger.enabled = true (custom)
2019-10-02 11:22:47,129 [pool-439-thread-1] INFO  server.RaftServerConfigKeys (ConfUtils.java:logGet(43)) - raft.server.log.force.sync.num = 128 (default)
2019-10-02 11:22:47,129 [pool-429-thread-1] INFO  server.RaftServerConfigKeys (ConfUtils.java:logGet(43)) - raft.server.snapshot.auto.trigger.threshold = 10000 (custom)
2019-10-02 11:22:47,129 [pool-439-thread-1] INFO  server.RaftServerConfigKeys (ConfUtils.java:logGet(43)) - raft.server.log.statemachine.data.sync = true (default)
2019-10-02 11:22:47,129 [pool-429-thread-1] INFO  server.RaftServerConfigKeys (ConfUtils.java:logGet(43)) - raft.server.snapshot.retention.file.num = 5 (custom)
2019-10-02 11:22:47,129 [pool-439-thread-1] INFO  server.RaftServerConfigKeys (ConfUtils.java:logGet(43)) - raft.server.log.statemachine.data.sync.timeout = 10s (default)
2019-10-02 11:22:47,130 [pool-429-thread-1] INFO  server.RaftServerConfigKeys (ConfUtils.java:logGet(43)) - raft.server.retrycache.expirytime = 600000ms (custom)
2019-10-02 11:22:47,130 [pool-439-thread-1] INFO  server.RaftServerConfigKeys (ConfUtils.java:logGet(43)) - raft.server.log.statemachine.data.sync.timeout.retry = -1 (default)
2019-10-02 11:22:47,130 [pool-439-thread-1] INFO  server.RaftServerConfigKeys (ConfUtils.java:logGet(43)) - raft.server.log.statemachine.data.caching.enabled = true (custom)
2019-10-02 11:22:47,130 [pool-439-thread-1] INFO  segmented.SegmentedRaftLogWorker (SegmentedRaftLogWorker.java:lambda$new$0(128)) - 86433f91-68d3-4541-b45f-cc3cc45c90af@group-307A7555D0A2-SegmentedRaftLogWorker: flushIndex: setUnconditionally 0 -> -1
2019-10-02 11:22:47,130 [pool-439-thread-1] INFO  server.RaftServerConfigKeys (ConfUtils.java:logGet(43)) - raft.server.snapshot.auto.trigger.enabled = true (custom)
2019-10-02 11:22:47,130 [pool-439-thread-1] INFO  server.RaftServerConfigKeys (ConfUtils.java:logGet(43)) - raft.server.snapshot.auto.trigger.threshold = 10000 (custom)
2019-10-02 11:22:47,131 [pool-439-thread-1] INFO  server.RaftServerConfigKeys (ConfUtils.java:logGet(43)) - raft.server.snapshot.retention.file.num = 5 (custom)
2019-10-02 11:22:47,131 [pool-439-thread-1] INFO  server.RaftServerConfigKeys (ConfUtils.java:logGet(43)) - raft.server.retrycache.expirytime = 600000ms (custom)
2019-10-02 11:22:47,133 [pool-429-thread-1] INFO  impl.RaftServerImpl (RaftServerImpl.java:<init>(95)) - 29293bba-7ecd-42b9-9c4d-306cd62453b6: new RaftServerImpl for group-307A7555D0A2:[29293bba-7ecd-42b9-9c4d-306cd62453b6:192.168.30.53:43965, 6a123e99-c772-4df8-bc5c-2a88baa35105:192.168.30.53:35427, 86433f91-68d3-4541-b45f-cc3cc45c90af:192.168.30.53:45896] with ContainerStateMachine:uninitialized
2019-10-02 11:22:47,133 [pool-429-thread-1] INFO  server.RaftServerConfigKeys (ConfUtils.java:logGet(43)) - raft.server.rpc.timeout.min = 5s (custom)
2019-10-02 11:22:47,133 [pool-439-thread-1] INFO  impl.RaftServerImpl (RaftServerImpl.java:<init>(95)) - 86433f91-68d3-4541-b45f-cc3cc45c90af: new RaftServerImpl for group-2798287E44F6:[29293bba-7ecd-42b9-9c4d-306cd62453b6:192.168.30.53:43965, 6a123e99-c772-4df8-bc5c-2a88baa35105:192.168.30.53:35427, 86433f91-68d3-4541-b45f-cc3cc45c90af:192.168.30.53:45896] with ContainerStateMachine:uninitialized
2019-10-02 11:22:47,133 [pool-429-thread-1] INFO  server.RaftServerConfigKeys (ConfUtils.java:logGet(43)) - raft.server.rpc.timeout.max = 5200ms (custom)
2019-10-02 11:22:47,133 [pool-439-thread-1] INFO  server.RaftServerConfigKeys (ConfUtils.java:logGet(43)) - raft.server.rpc.timeout.min = 5s (custom)
2019-10-02 11:22:47,133 [pool-429-thread-1] INFO  server.RaftServerConfigKeys (ConfUtils.java:logGet(43)) - raft.server.rpcslowness.timeout = 120s (custom)
2019-10-02 11:22:47,133 [pool-439-thread-1] INFO  server.RaftServerConfigKeys (ConfUtils.java:logGet(43)) - raft.server.rpc.timeout.max = 5200ms (custom)
2019-10-02 11:22:47,133 [pool-429-thread-1] INFO  server.RaftServerConfigKeys (ConfUtils.java:logGet(43)) - raft.server.sleep.deviation.threshold = 300 (default)
2019-10-02 11:22:47,133 [pool-439-thread-1] INFO  server.RaftServerConfigKeys (ConfUtils.java:logGet(43)) - raft.server.rpcslowness.timeout = 120s (custom)
2019-10-02 11:22:47,133 [pool-459-thread-1] INFO  impl.RaftServerImpl (RaftServerImpl.java:<init>(95)) - 6a123e99-c772-4df8-bc5c-2a88baa35105: new RaftServerImpl for group-2798287E44F6:[29293bba-7ecd-42b9-9c4d-306cd62453b6:192.168.30.53:43965, 6a123e99-c772-4df8-bc5c-2a88baa35105:192.168.30.53:35427, 86433f91-68d3-4541-b45f-cc3cc45c90af:192.168.30.53:45896] with ContainerStateMachine:uninitialized
2019-10-02 11:22:47,134 [pool-439-thread-1] INFO  server.RaftServerConfigKeys (ConfUtils.java:logGet(43)) - raft.server.sleep.deviation.threshold = 300 (default)
2019-10-02 11:22:47,133 [pool-429-thread-1] INFO  server.RaftServerConfigKeys (ConfUtils.java:logGet(43)) - raft.server.log.appender.install.snapshot.enabled = false (custom)
2019-10-02 11:22:47,134 [pool-439-thread-1] INFO  server.RaftServerConfigKeys (ConfUtils.java:logGet(43)) - raft.server.log.appender.install.snapshot.enabled = false (custom)
2019-10-02 11:22:47,134 [pool-459-thread-1] INFO  server.RaftServerConfigKeys (ConfUtils.java:logGet(43)) - raft.server.rpc.timeout.min = 5s (custom)
2019-10-02 11:22:47,134 [pool-439-thread-1] INFO  impl.RaftServerImpl (ServerState.java:<init>(103)) - 86433f91-68d3-4541-b45f-cc3cc45c90af@group-2798287E44F6: ConfigurationManager, init=-1: [29293bba-7ecd-42b9-9c4d-306cd62453b6:192.168.30.53:43965, 6a123e99-c772-4df8-bc5c-2a88baa35105:192.168.30.53:35427, 86433f91-68d3-4541-b45f-cc3cc45c90af:192.168.30.53:45896], old=null, confs=<EMPTY_MAP>
2019-10-02 11:22:47,134 [pool-429-thread-1] INFO  impl.RaftServerImpl (ServerState.java:<init>(103)) - 29293bba-7ecd-42b9-9c4d-306cd62453b6@group-307A7555D0A2: ConfigurationManager, init=-1: [29293bba-7ecd-42b9-9c4d-306cd62453b6:192.168.30.53:43965, 6a123e99-c772-4df8-bc5c-2a88baa35105:192.168.30.53:35427, 86433f91-68d3-4541-b45f-cc3cc45c90af:192.168.30.53:45896], old=null, confs=<EMPTY_MAP>
2019-10-02 11:22:47,134 [pool-459-thread-1] INFO  server.RaftServerConfigKeys (ConfUtils.java:logGet(43)) - raft.server.rpc.timeout.max = 5200ms (custom)
2019-10-02 11:22:47,134 [pool-439-thread-1] INFO  server.RaftServerConfigKeys (ConfUtils.java:logGet(43)) - raft.server.storage.dir = [/workdir/hadoop-ozone/integration-test/target/test-dir/MiniOzoneClusterImpl-c6132511-5fdd-4faf-bdf1-f98df057b2f6/datanode-3/data/ratis] (custom)
2019-10-02 11:22:47,134 [pool-429-thread-1] INFO  server.RaftServerConfigKeys (ConfUtils.java:logGet(43)) - raft.server.storage.dir = [/workdir/hadoop-ozone/integration-test/target/test-dir/MiniOzoneClusterImpl-c6132511-5fdd-4faf-bdf1-f98df057b2f6/datanode-2/data/ratis] (custom)
2019-10-02 11:22:47,134 [pool-459-thread-1] INFO  server.RaftServerConfigKeys (ConfUtils.java:logGet(43)) - raft.server.rpcslowness.timeout = 120s (custom)
2019-10-02 11:22:47,135 [pool-459-thread-1] INFO  server.RaftServerConfigKeys (ConfUtils.java:logGet(43)) - raft.server.sleep.deviation.threshold = 300 (default)
2019-10-02 11:22:47,135 [pool-439-thread-1] INFO  server.RaftServerConfigKeys (ConfUtils.java:logGet(43)) - raft.server.log.corruption.policy = EXCEPTION (default)
2019-10-02 11:22:47,135 [pool-429-thread-1] INFO  server.RaftServerConfigKeys (ConfUtils.java:logGet(43)) - raft.server.log.corruption.policy = EXCEPTION (default)
2019-10-02 11:22:47,135 [pool-459-thread-1] INFO  server.RaftServerConfigKeys (ConfUtils.java:logGet(43)) - raft.server.log.appender.install.snapshot.enabled = false (custom)
2019-10-02 11:22:47,135 [pool-429-thread-1] INFO  storage.RaftStorageDirectory (RaftStorageDirectory.java:analyzeStorage(246)) - The storage directory /workdir/hadoop-ozone/integration-test/target/test-dir/MiniOzoneClusterImpl-c6132511-5fdd-4faf-bdf1-f98df057b2f6/datanode-2/data/ratis/5cdadfb5-4c14-46f7-96c8-307a7555d0a2 does not exist. Creating ...
2019-10-02 11:22:47,135 [pool-439-thread-1] INFO  storage.RaftStorageDirectory (RaftStorageDirectory.java:analyzeStorage(246)) - The storage directory /workdir/hadoop-ozone/integration-test/target/test-dir/MiniOzoneClusterImpl-c6132511-5fdd-4faf-bdf1-f98df057b2f6/datanode-3/data/ratis/28e9d464-49b0-4f37-a855-2798287e44f6 does not exist. Creating ...
2019-10-02 11:22:47,135 [pool-459-thread-1] INFO  impl.RaftServerImpl (ServerState.java:<init>(103)) - 6a123e99-c772-4df8-bc5c-2a88baa35105@group-2798287E44F6: ConfigurationManager, init=-1: [29293bba-7ecd-42b9-9c4d-306cd62453b6:192.168.30.53:43965, 6a123e99-c772-4df8-bc5c-2a88baa35105:192.168.30.53:35427, 86433f91-68d3-4541-b45f-cc3cc45c90af:192.168.30.53:45896], old=null, confs=<EMPTY_MAP>
2019-10-02 11:22:47,135 [pool-459-thread-1] INFO  server.RaftServerConfigKeys (ConfUtils.java:logGet(43)) - raft.server.storage.dir = [/workdir/hadoop-ozone/integration-test/target/test-dir/MiniOzoneClusterImpl-c6132511-5fdd-4faf-bdf1-f98df057b2f6/datanode-5/data/ratis] (custom)
2019-10-02 11:22:47,136 [pool-459-thread-1] INFO  server.RaftServerConfigKeys (ConfUtils.java:logGet(43)) - raft.server.log.corruption.policy = EXCEPTION (default)
2019-10-02 11:22:47,136 [pool-459-thread-1] INFO  storage.RaftStorageDirectory (RaftStorageDirectory.java:analyzeStorage(246)) - The storage directory /workdir/hadoop-ozone/integration-test/target/test-dir/MiniOzoneClusterImpl-c6132511-5fdd-4faf-bdf1-f98df057b2f6/datanode-5/data/ratis/28e9d464-49b0-4f37-a855-2798287e44f6 does not exist. Creating ...
2019-10-02 11:22:47,309 [pool-429-thread-1] INFO  storage.RaftStorageDirectory (RaftStorageDirectory.java:tryLock(328)) - Lock on /workdir/hadoop-ozone/integration-test/target/test-dir/MiniOzoneClusterImpl-c6132511-5fdd-4faf-bdf1-f98df057b2f6/datanode-2/data/ratis/5cdadfb5-4c14-46f7-96c8-307a7555d0a2/in_use.lock acquired by nodename 5801@pr-trunk-5xjmm-2411255686
2019-10-02 11:22:47,309 [pool-439-thread-1] INFO  storage.RaftStorageDirectory (RaftStorageDirectory.java:tryLock(328)) - Lock on /workdir/hadoop-ozone/integration-test/target/test-dir/MiniOzoneClusterImpl-c6132511-5fdd-4faf-bdf1-f98df057b2f6/datanode-3/data/ratis/28e9d464-49b0-4f37-a855-2798287e44f6/in_use.lock acquired by nodename 5801@pr-trunk-5xjmm-2411255686
2019-10-02 11:22:47,309 [pool-459-thread-1] INFO  storage.RaftStorageDirectory (RaftStorageDirectory.java:tryLock(328)) - Lock on /workdir/hadoop-ozone/integration-test/target/test-dir/MiniOzoneClusterImpl-c6132511-5fdd-4faf-bdf1-f98df057b2f6/datanode-5/data/ratis/28e9d464-49b0-4f37-a855-2798287e44f6/in_use.lock acquired by nodename 5801@pr-trunk-5xjmm-2411255686
2019-10-02 11:22:47,348 [pool-439-thread-1] INFO  storage.RaftStorage (RaftStorage.java:format(84)) - Storage directory /workdir/hadoop-ozone/integration-test/target/test-dir/MiniOzoneClusterImpl-c6132511-5fdd-4faf-bdf1-f98df057b2f6/datanode-3/data/ratis/28e9d464-49b0-4f37-a855-2798287e44f6 has been successfully formatted.
2019-10-02 11:22:47,348 [pool-429-thread-1] INFO  storage.RaftStorage (RaftStorage.java:format(84)) - Storage directory /workdir/hadoop-ozone/integration-test/target/test-dir/MiniOzoneClusterImpl-c6132511-5fdd-4faf-bdf1-f98df057b2f6/datanode-2/data/ratis/5cdadfb5-4c14-46f7-96c8-307a7555d0a2 has been successfully formatted.
2019-10-02 11:22:47,348 [pool-459-thread-1] INFO  storage.RaftStorage (RaftStorage.java:format(84)) - Storage directory /workdir/hadoop-ozone/integration-test/target/test-dir/MiniOzoneClusterImpl-c6132511-5fdd-4faf-bdf1-f98df057b2f6/datanode-5/data/ratis/28e9d464-49b0-4f37-a855-2798287e44f6 has been successfully formatted.
2019-10-02 11:22:47,349 [pool-439-thread-1] INFO  ratis.ContainerStateMachine (ContainerStateMachine.java:loadSnapshot(230)) - group-2798287E44F6: The snapshot info is null. Setting the last applied indexto:(t:0, i:~)
2019-10-02 11:22:47,349 [pool-459-thread-1] INFO  ratis.ContainerStateMachine (ContainerStateMachine.java:loadSnapshot(230)) - group-2798287E44F6: The snapshot info is null. Setting the last applied indexto:(t:0, i:~)
2019-10-02 11:22:47,349 [pool-429-thread-1] INFO  ratis.ContainerStateMachine (ContainerStateMachine.java:loadSnapshot(230)) - group-307A7555D0A2: The snapshot info is null. Setting the last applied indexto:(t:0, i:~)
2019-10-02 11:22:47,349 [pool-459-thread-1] INFO  server.RaftServerConfigKeys (ConfUtils.java:logGet(43)) - raft.server.notification.no-leader.timeout = 120s (custom)
2019-10-02 11:22:47,349 [pool-439-thread-1] INFO  server.RaftServerConfigKeys (ConfUtils.java:logGet(43)) - raft.server.notification.no-leader.timeout = 120s (custom)
2019-10-02 11:22:47,349 [pool-459-thread-1] INFO  server.RaftServerConfigKeys (ConfUtils.java:logGet(43)) - raft.server.log.use.memory = false (default)
2019-10-02 11:22:47,349 [pool-429-thread-1] INFO  server.RaftServerConfigKeys (ConfUtils.java:logGet(43)) - raft.server.notification.no-leader.timeout = 120s (custom)
2019-10-02 11:22:47,350 [pool-459-thread-1] INFO  server.RaftServerConfigKeys (ConfUtils.java:logGet(43)) - raft.server.log.purge.gap = 1000000 (custom)
2019-10-02 11:22:47,349 [pool-439-thread-1] INFO  server.RaftServerConfigKeys (ConfUtils.java:logGet(43)) - raft.server.log.use.memory = false (default)
2019-10-02 11:22:47,350 [pool-459-thread-1] INFO  server.RaftServerConfigKeys (ConfUtils.java:logGet(43)) - raft.server.log.appender.buffer.byte-limit = 33554432 (custom)
2019-10-02 11:22:47,350 [pool-429-thread-1] INFO  server.RaftServerConfigKeys (ConfUtils.java:logGet(43)) - raft.server.log.use.memory = false (default)
2019-10-02 11:22:47,350 [pool-459-thread-1] INFO  server.RaftServerConfigKeys (ConfUtils.java:logGet(43)) - raft.server.log.segment.size.max = 1048576 (custom)
2019-10-02 11:22:47,350 [pool-439-thread-1] INFO  server.RaftServerConfigKeys (ConfUtils.java:logGet(43)) - raft.server.log.purge.gap = 1000000 (custom)
2019-10-02 11:22:47,350 [pool-459-thread-1] INFO  server.RaftServerConfigKeys (ConfUtils.java:logGet(43)) - raft.server.log.segment.cache.num.max = 2 (custom)
2019-10-02 11:22:47,350 [pool-429-thread-1] INFO  server.RaftServerConfigKeys (ConfUtils.java:logGet(43)) - raft.server.log.purge.gap = 1000000 (custom)
2019-10-02 11:22:47,350 [pool-459-thread-1] INFO  segmented.SegmentedRaftLogWorker (SegmentedRaftLogWorker.java:<init>(173)) - new 6a123e99-c772-4df8-bc5c-2a88baa35105@group-2798287E44F6-SegmentedRaftLogWorker for RaftStorage:Storage Directory /workdir/hadoop-ozone/integration-test/target/test-dir/MiniOzoneClusterImpl-c6132511-5fdd-4faf-bdf1-f98df057b2f6/datanode-5/data/ratis/28e9d464-49b0-4f37-a855-2798287e44f6
2019-10-02 11:22:47,350 [pool-439-thread-1] INFO  server.RaftServerConfigKeys (ConfUtils.java:logGet(43)) - raft.server.log.appender.buffer.byte-limit = 33554432 (custom)
2019-10-02 11:22:47,351 [pool-459-thread-1] INFO  server.RaftServerConfigKeys (ConfUtils.java:logGet(43)) - raft.server.log.queue.byte-limit = 2147483647 (custom)
2019-10-02 11:22:47,351 [pool-429-thread-1] INFO  server.RaftServerConfigKeys (ConfUtils.java:logGet(43)) - raft.server.log.appender.buffer.byte-limit = 33554432 (custom)
2019-10-02 11:22:47,351 [pool-459-thread-1] INFO  server.RaftServerConfigKeys (ConfUtils.java:logGet(43)) - raft.server.log.queue.element-limit = 1024 (custom)
2019-10-02 11:22:47,351 [pool-439-thread-1] INFO  server.RaftServerConfigKeys (ConfUtils.java:logGet(43)) - raft.server.log.segment.size.max = 1048576 (custom)
2019-10-02 11:22:47,351 [pool-459-thread-1] INFO  server.RaftServerConfigKeys (ConfUtils.java:logGet(43)) - raft.server.log.segment.size.max = 1048576 (custom)
2019-10-02 11:22:47,351 [pool-429-thread-1] INFO  server.RaftServerConfigKeys (ConfUtils.java:logGet(43)) - raft.server.log.segment.size.max = 1048576 (custom)
2019-10-02 11:22:47,351 [pool-459-thread-1] INFO  server.RaftServerConfigKeys (ConfUtils.java:logGet(43)) - raft.server.log.preallocated.size = 16384 (custom)
2019-10-02 11:22:47,351 [pool-439-thread-1] INFO  server.RaftServerConfigKeys (ConfUtils.java:logGet(43)) - raft.server.log.segment.cache.num.max = 2 (custom)
2019-10-02 11:22:47,352 [pool-459-thread-1] INFO  server.RaftServerConfigKeys (ConfUtils.java:logGet(43)) - raft.server.log.write.buffer.size = 33554432 (custom)
2019-10-02 11:22:47,352 [pool-429-thread-1] INFO  server.RaftServerConfigKeys (ConfUtils.java:logGet(43)) - raft.server.log.segment.cache.num.max = 2 (custom)
2019-10-02 11:22:47,352 [pool-459-thread-1] INFO  server.RaftServerConfigKeys (ConfUtils.java:logGet(43)) - raft.server.log.force.sync.num = 128 (default)
2019-10-02 11:22:47,352 [pool-439-thread-1] INFO  segmented.SegmentedRaftLogWorker (SegmentedRaftLogWorker.java:<init>(173)) - new 86433f91-68d3-4541-b45f-cc3cc45c90af@group-2798287E44F6-SegmentedRaftLogWorker for RaftStorage:Storage Directory /workdir/hadoop-ozone/integration-test/target/test-dir/MiniOzoneClusterImpl-c6132511-5fdd-4faf-bdf1-f98df057b2f6/datanode-3/data/ratis/28e9d464-49b0-4f37-a855-2798287e44f6
2019-10-02 11:22:47,352 [pool-459-thread-1] INFO  server.RaftServerConfigKeys (ConfUtils.java:logGet(43)) - raft.server.log.statemachine.data.sync = true (default)
2019-10-02 11:22:47,352 [pool-429-thread-1] INFO  segmented.SegmentedRaftLogWorker (SegmentedRaftLogWorker.java:<init>(173)) - new 29293bba-7ecd-42b9-9c4d-306cd62453b6@group-307A7555D0A2-SegmentedRaftLogWorker for RaftStorage:Storage Directory /workdir/hadoop-ozone/integration-test/target/test-dir/MiniOzoneClusterImpl-c6132511-5fdd-4faf-bdf1-f98df057b2f6/datanode-2/data/ratis/5cdadfb5-4c14-46f7-96c8-307a7555d0a2
2019-10-02 11:22:47,352 [pool-459-thread-1] INFO  server.RaftServerConfigKeys (ConfUtils.java:logGet(43)) - raft.server.log.statemachine.data.sync.timeout = 10s (default)
2019-10-02 11:22:47,352 [pool-439-thread-1] INFO  server.RaftServerConfigKeys (ConfUtils.java:logGet(43)) - raft.server.log.queue.byte-limit = 2147483647 (custom)
2019-10-02 11:22:47,353 [pool-459-thread-1] INFO  server.RaftServerConfigKeys (ConfUtils.java:logGet(43)) - raft.server.log.statemachine.data.sync.timeout.retry = -1 (default)
2019-10-02 11:22:47,353 [pool-429-thread-1] INFO  server.RaftServerConfigKeys (ConfUtils.java:logGet(43)) - raft.server.log.queue.byte-limit = 2147483647 (custom)
2019-10-02 11:22:47,353 [pool-459-thread-1] INFO  server.RaftServerConfigKeys (ConfUtils.java:logGet(43)) - raft.server.log.statemachine.data.caching.enabled = true (custom)
2019-10-02 11:22:47,353 [pool-439-thread-1] INFO  server.RaftServerConfigKeys (ConfUtils.java:logGet(43)) - raft.server.log.queue.element-limit = 1024 (custom)
2019-10-02 11:22:47,353 [pool-429-thread-1] INFO  server.RaftServerConfigKeys (ConfUtils.java:logGet(43)) - raft.server.log.queue.element-limit = 1024 (custom)
2019-10-02 11:22:47,353 [pool-439-thread-1] INFO  server.RaftServerConfigKeys (ConfUtils.java:logGet(43)) - raft.server.log.segment.size.max = 1048576 (custom)
2019-10-02 11:22:47,353 [pool-459-thread-1] INFO  segmented.SegmentedRaftLogWorker (SegmentedRaftLogWorker.java:lambda$new$0(128)) - 6a123e99-c772-4df8-bc5c-2a88baa35105@group-2798287E44F6-SegmentedRaftLogWorker: flushIndex: setUnconditionally 0 -> -1
2019-10-02 11:22:47,354 [pool-439-thread-1] INFO  server.RaftServerConfigKeys (ConfUtils.java:logGet(43)) - raft.server.log.preallocated.size = 16384 (custom)
2019-10-02 11:22:47,354 [pool-439-thread-1] INFO  server.RaftServerConfigKeys (ConfUtils.java:logGet(43)) - raft.server.log.write.buffer.size = 33554432 (custom)
2019-10-02 11:22:47,354 [pool-429-thread-1] INFO  server.RaftServerConfigKeys (ConfUtils.java:logGet(43)) - raft.server.log.segment.size.max = 1048576 (custom)
2019-10-02 11:22:47,354 [pool-439-thread-1] INFO  server.RaftServerConfigKeys (ConfUtils.java:logGet(43)) - raft.server.log.force.sync.num = 128 (default)
2019-10-02 11:22:47,354 [pool-459-thread-1] INFO  server.RaftServerConfigKeys (ConfUtils.java:logGet(43)) - raft.server.snapshot.auto.trigger.enabled = true (custom)
2019-10-02 11:22:47,354 [pool-439-thread-1] INFO  server.RaftServerConfigKeys (ConfUtils.java:logGet(43)) - raft.server.log.statemachine.data.sync = true (default)
2019-10-02 11:22:47,355 [pool-439-thread-1] INFO  server.RaftServerConfigKeys (ConfUtils.java:logGet(43)) - raft.server.log.statemachine.data.sync.timeout = 10s (default)
2019-10-02 11:22:47,354 [pool-429-thread-1] INFO  server.RaftServerConfigKeys (ConfUtils.java:logGet(43)) - raft.server.log.preallocated.size = 16384 (custom)
2019-10-02 11:22:47,355 [pool-439-thread-1] INFO  server.RaftServerConfigKeys (ConfUtils.java:logGet(43)) - raft.server.log.statemachine.data.sync.timeout.retry = -1 (default)
2019-10-02 11:22:47,354 [pool-459-thread-1] INFO  server.RaftServerConfigKeys (ConfUtils.java:logGet(43)) - raft.server.snapshot.auto.trigger.threshold = 10000 (custom)
2019-10-02 11:22:47,355 [pool-439-thread-1] INFO  server.RaftServerConfigKeys (ConfUtils.java:logGet(43)) - raft.server.log.statemachine.data.caching.enabled = true (custom)
2019-10-02 11:22:47,355 [pool-429-thread-1] INFO  server.RaftServerConfigKeys (ConfUtils.java:logGet(43)) - raft.server.log.write.buffer.size = 33554432 (custom)
2019-10-02 11:22:47,355 [pool-439-thread-1] INFO  segmented.SegmentedRaftLogWorker (SegmentedRaftLogWorker.java:lambda$new$0(128)) - 86433f91-68d3-4541-b45f-cc3cc45c90af@group-2798287E44F6-SegmentedRaftLogWorker: flushIndex: setUnconditionally 0 -> -1
2019-10-02 11:22:47,355 [pool-459-thread-1] INFO  server.RaftServerConfigKeys (ConfUtils.java:logGet(43)) - raft.server.snapshot.retention.file.num = 5 (custom)
2019-10-02 11:22:47,355 [pool-429-thread-1] INFO  server.RaftServerConfigKeys (ConfUtils.java:logGet(43)) - raft.server.log.force.sync.num = 128 (default)
2019-10-02 11:22:47,356 [pool-439-thread-1] INFO  server.RaftServerConfigKeys (ConfUtils.java:logGet(43)) - raft.server.snapshot.auto.trigger.enabled = true (custom)
2019-10-02 11:22:47,356 [pool-459-thread-1] INFO  server.RaftServerConfigKeys (ConfUtils.java:logGet(43)) - raft.server.retrycache.expirytime = 600000ms (custom)
2019-10-02 11:22:47,356 [pool-439-thread-1] INFO  server.RaftServerConfigKeys (ConfUtils.java:logGet(43)) - raft.server.snapshot.auto.trigger.threshold = 10000 (custom)
2019-10-02 11:22:47,356 [pool-429-thread-1] INFO  server.RaftServerConfigKeys (ConfUtils.java:logGet(43)) - raft.server.log.statemachine.data.sync = true (default)
2019-10-02 11:22:47,356 [pool-439-thread-1] INFO  server.RaftServerConfigKeys (ConfUtils.java:logGet(43)) - raft.server.snapshot.retention.file.num = 5 (custom)
2019-10-02 11:22:47,356 [pool-429-thread-1] INFO  server.RaftServerConfigKeys (ConfUtils.java:logGet(43)) - raft.server.log.statemachine.data.sync.timeout = 10s (default)
2019-10-02 11:22:47,356 [pool-439-thread-1] INFO  server.RaftServerConfigKeys (ConfUtils.java:logGet(43)) - raft.server.retrycache.expirytime = 600000ms (custom)
2019-10-02 11:22:47,356 [pool-429-thread-1] INFO  server.RaftServerConfigKeys (ConfUtils.java:logGet(43)) - raft.server.log.statemachine.data.sync.timeout.retry = -1 (default)
2019-10-02 11:22:47,356 [pool-429-thread-1] INFO  server.RaftServerConfigKeys (ConfUtils.java:logGet(43)) - raft.server.log.statemachine.data.caching.enabled = true (custom)
2019-10-02 11:22:47,357 [pool-429-thread-1] INFO  segmented.SegmentedRaftLogWorker (SegmentedRaftLogWorker.java:lambda$new$0(128)) - 29293bba-7ecd-42b9-9c4d-306cd62453b6@group-307A7555D0A2-SegmentedRaftLogWorker: flushIndex: setUnconditionally 0 -> -1
2019-10-02 11:22:47,357 [pool-429-thread-1] INFO  server.RaftServerConfigKeys (ConfUtils.java:logGet(43)) - raft.server.snapshot.auto.trigger.enabled = true (custom)
2019-10-02 11:22:47,357 [pool-429-thread-1] INFO  server.RaftServerConfigKeys (ConfUtils.java:logGet(43)) - raft.server.snapshot.auto.trigger.threshold = 10000 (custom)
2019-10-02 11:22:47,357 [pool-429-thread-1] INFO  server.RaftServerConfigKeys (ConfUtils.java:logGet(43)) - raft.server.snapshot.retention.file.num = 5 (custom)
2019-10-02 11:22:47,357 [pool-429-thread-1] INFO  server.RaftServerConfigKeys (ConfUtils.java:logGet(43)) - raft.server.retrycache.expirytime = 600000ms (custom)
2019-10-02 11:22:47,358 [pool-459-thread-1] INFO  impl.RaftServerImpl (RaftServerImpl.java:start(181)) - 6a123e99-c772-4df8-bc5c-2a88baa35105@group-307A7555D0A2: start as a follower, conf=-1: [29293bba-7ecd-42b9-9c4d-306cd62453b6:192.168.30.53:43965, 6a123e99-c772-4df8-bc5c-2a88baa35105:192.168.30.53:35427, 86433f91-68d3-4541-b45f-cc3cc45c90af:192.168.30.53:45896], old=null
2019-10-02 11:22:47,358 [pool-459-thread-1] INFO  impl.RaftServerImpl (RaftServerImpl.java:setRole(170)) - 6a123e99-c772-4df8-bc5c-2a88baa35105@group-307A7555D0A2: changes role from      null to FOLLOWER at term 0 for startAsFollower
2019-10-02 11:22:47,358 [pool-459-thread-1] INFO  impl.RoleInfo (RoleInfo.java:updateAndGet(143)) - 6a123e99-c772-4df8-bc5c-2a88baa35105: start FollowerState
2019-10-02 11:22:47,359 [pool-439-thread-1] INFO  impl.RaftServerImpl (RaftServerImpl.java:start(181)) - 86433f91-68d3-4541-b45f-cc3cc45c90af@group-307A7555D0A2: start as a follower, conf=-1: [29293bba-7ecd-42b9-9c4d-306cd62453b6:192.168.30.53:43965, 6a123e99-c772-4df8-bc5c-2a88baa35105:192.168.30.53:35427, 86433f91-68d3-4541-b45f-cc3cc45c90af:192.168.30.53:45896], old=null
2019-10-02 11:22:47,359 [pool-439-thread-1] INFO  impl.RaftServerImpl (RaftServerImpl.java:setRole(170)) - 86433f91-68d3-4541-b45f-cc3cc45c90af@group-307A7555D0A2: changes role from      null to FOLLOWER at term 0 for startAsFollower
2019-10-02 11:22:47,359 [pool-439-thread-1] INFO  impl.RoleInfo (RoleInfo.java:updateAndGet(143)) - 86433f91-68d3-4541-b45f-cc3cc45c90af: start FollowerState
2019-10-02 11:22:47,359 [pool-459-thread-1] INFO  util.JmxRegister (JmxRegister.java:tryRegister(44)) - Successfully registered JMX Bean with object name Ratis:service=RaftServer,group=group-307A7555D0A2,id=6a123e99-c772-4df8-bc5c-2a88baa35105
2019-10-02 11:22:47,359 [pool-439-thread-1] INFO  util.JmxRegister (JmxRegister.java:tryRegister(44)) - Successfully registered JMX Bean with object name Ratis:service=RaftServer,group=group-307A7555D0A2,id=86433f91-68d3-4541-b45f-cc3cc45c90af
2019-10-02 11:22:47,360 [pool-429-thread-1] INFO  impl.RaftServerImpl (RaftServerImpl.java:<init>(95)) - 29293bba-7ecd-42b9-9c4d-306cd62453b6: new RaftServerImpl for group-2798287E44F6:[29293bba-7ecd-42b9-9c4d-306cd62453b6:192.168.30.53:43965, 6a123e99-c772-4df8-bc5c-2a88baa35105:192.168.30.53:35427, 86433f91-68d3-4541-b45f-cc3cc45c90af:192.168.30.53:45896] with ContainerStateMachine:uninitialized
2019-10-02 11:22:47,360 [pool-429-thread-1] INFO  server.RaftServerConfigKeys (ConfUtils.java:logGet(43)) - raft.server.rpc.timeout.min = 5s (custom)
2019-10-02 11:22:47,361 [pool-429-thread-1] INFO  server.RaftServerConfigKeys (ConfUtils.java:logGet(43)) - raft.server.rpc.timeout.max = 5200ms (custom)
2019-10-02 11:22:47,361 [pool-429-thread-1] INFO  server.RaftServerConfigKeys (ConfUtils.java:logGet(43)) - raft.server.rpcslowness.timeout = 120s (custom)
2019-10-02 11:22:47,361 [pool-429-thread-1] INFO  server.RaftServerConfigKeys (ConfUtils.java:logGet(43)) - raft.server.sleep.deviation.threshold = 300 (default)
2019-10-02 11:22:47,361 [pool-429-thread-1] INFO  server.RaftServerConfigKeys (ConfUtils.java:logGet(43)) - raft.server.log.appender.install.snapshot.enabled = false (custom)
2019-10-02 11:22:47,361 [pool-429-thread-1] INFO  impl.RaftServerImpl (ServerState.java:<init>(103)) - 29293bba-7ecd-42b9-9c4d-306cd62453b6@group-2798287E44F6: ConfigurationManager, init=-1: [29293bba-7ecd-42b9-9c4d-306cd62453b6:192.168.30.53:43965, 6a123e99-c772-4df8-bc5c-2a88baa35105:192.168.30.53:35427, 86433f91-68d3-4541-b45f-cc3cc45c90af:192.168.30.53:45896], old=null, confs=<EMPTY_MAP>
2019-10-02 11:22:47,361 [pool-429-thread-1] INFO  server.RaftServerConfigKeys (ConfUtils.java:logGet(43)) - raft.server.storage.dir = [/workdir/hadoop-ozone/integration-test/target/test-dir/MiniOzoneClusterImpl-c6132511-5fdd-4faf-bdf1-f98df057b2f6/datanode-2/data/ratis] (custom)
2019-10-02 11:22:47,361 [pool-429-thread-1] INFO  server.RaftServerConfigKeys (ConfUtils.java:logGet(43)) - raft.server.log.corruption.policy = EXCEPTION (default)
2019-10-02 11:22:47,362 [pool-429-thread-1] INFO  storage.RaftStorageDirectory (RaftStorageDirectory.java:analyzeStorage(246)) - The storage directory /workdir/hadoop-ozone/integration-test/target/test-dir/MiniOzoneClusterImpl-c6132511-5fdd-4faf-bdf1-f98df057b2f6/datanode-2/data/ratis/28e9d464-49b0-4f37-a855-2798287e44f6 does not exist. Creating ...
2019-10-02 11:22:47,362 [pool-439-thread-1] INFO  impl.RaftServerImpl (RaftServerImpl.java:start(181)) - 86433f91-68d3-4541-b45f-cc3cc45c90af@group-2798287E44F6: start as a follower, conf=-1: [29293bba-7ecd-42b9-9c4d-306cd62453b6:192.168.30.53:43965, 6a123e99-c772-4df8-bc5c-2a88baa35105:192.168.30.53:35427, 86433f91-68d3-4541-b45f-cc3cc45c90af:192.168.30.53:45896], old=null
2019-10-02 11:22:47,362 [pool-459-thread-1] INFO  impl.RaftServerImpl (RaftServerImpl.java:start(181)) - 6a123e99-c772-4df8-bc5c-2a88baa35105@group-2798287E44F6: start as a follower, conf=-1: [29293bba-7ecd-42b9-9c4d-306cd62453b6:192.168.30.53:43965, 6a123e99-c772-4df8-bc5c-2a88baa35105:192.168.30.53:35427, 86433f91-68d3-4541-b45f-cc3cc45c90af:192.168.30.53:45896], old=null
2019-10-02 11:22:47,362 [pool-439-thread-1] INFO  impl.RaftServerImpl (RaftServerImpl.java:setRole(170)) - 86433f91-68d3-4541-b45f-cc3cc45c90af@group-2798287E44F6: changes role from      null to FOLLOWER at term 0 for startAsFollower
2019-10-02 11:22:47,362 [pool-459-thread-1] INFO  impl.RaftServerImpl (RaftServerImpl.java:setRole(170)) - 6a123e99-c772-4df8-bc5c-2a88baa35105@group-2798287E44F6: changes role from      null to FOLLOWER at term 0 for startAsFollower
2019-10-02 11:22:47,362 [pool-439-thread-1] INFO  impl.RoleInfo (RoleInfo.java:updateAndGet(143)) - 86433f91-68d3-4541-b45f-cc3cc45c90af: start FollowerState
2019-10-02 11:22:47,362 [pool-459-thread-1] INFO  impl.RoleInfo (RoleInfo.java:updateAndGet(143)) - 6a123e99-c772-4df8-bc5c-2a88baa35105: start FollowerState
2019-10-02 11:22:47,362 [pool-439-thread-1] INFO  util.JmxRegister (JmxRegister.java:tryRegister(44)) - Successfully registered JMX Bean with object name Ratis:service=RaftServer,group=group-2798287E44F6,id=86433f91-68d3-4541-b45f-cc3cc45c90af
2019-10-02 11:22:47,363 [pool-459-thread-1] INFO  util.JmxRegister (JmxRegister.java:tryRegister(44)) - Successfully registered JMX Bean with object name Ratis:service=RaftServer,group=group-2798287E44F6,id=6a123e99-c772-4df8-bc5c-2a88baa35105
2019-10-02 11:22:47,653 [pool-429-thread-1] INFO  storage.RaftStorageDirectory (RaftStorageDirectory.java:tryLock(328)) - Lock on /workdir/hadoop-ozone/integration-test/target/test-dir/MiniOzoneClusterImpl-c6132511-5fdd-4faf-bdf1-f98df057b2f6/datanode-2/data/ratis/28e9d464-49b0-4f37-a855-2798287e44f6/in_use.lock acquired by nodename 5801@pr-trunk-5xjmm-2411255686
2019-10-02 11:22:47,825 [pool-429-thread-1] INFO  storage.RaftStorage (RaftStorage.java:format(84)) - Storage directory /workdir/hadoop-ozone/integration-test/target/test-dir/MiniOzoneClusterImpl-c6132511-5fdd-4faf-bdf1-f98df057b2f6/datanode-2/data/ratis/28e9d464-49b0-4f37-a855-2798287e44f6 has been successfully formatted.
2019-10-02 11:22:47,827 [pool-429-thread-1] INFO  ratis.ContainerStateMachine (ContainerStateMachine.java:loadSnapshot(230)) - group-2798287E44F6: The snapshot info is null. Setting the last applied indexto:(t:0, i:~)
2019-10-02 11:22:47,827 [pool-429-thread-1] INFO  server.RaftServerConfigKeys (ConfUtils.java:logGet(43)) - raft.server.notification.no-leader.timeout = 120s (custom)
2019-10-02 11:22:47,827 [pool-429-thread-1] INFO  server.RaftServerConfigKeys (ConfUtils.java:logGet(43)) - raft.server.log.use.memory = false (default)
2019-10-02 11:22:47,827 [pool-429-thread-1] INFO  server.RaftServerConfigKeys (ConfUtils.java:logGet(43)) - raft.server.log.purge.gap = 1000000 (custom)
2019-10-02 11:22:47,828 [pool-429-thread-1] INFO  server.RaftServerConfigKeys (ConfUtils.java:logGet(43)) - raft.server.log.appender.buffer.byte-limit = 33554432 (custom)
2019-10-02 11:22:47,828 [pool-429-thread-1] INFO  server.RaftServerConfigKeys (ConfUtils.java:logGet(43)) - raft.server.log.segment.size.max = 1048576 (custom)
2019-10-02 11:22:47,828 [pool-429-thread-1] INFO  server.RaftServerConfigKeys (ConfUtils.java:logGet(43)) - raft.server.log.segment.cache.num.max = 2 (custom)
2019-10-02 11:22:47,828 [pool-429-thread-1] INFO  segmented.SegmentedRaftLogWorker (SegmentedRaftLogWorker.java:<init>(173)) - new 29293bba-7ecd-42b9-9c4d-306cd62453b6@group-2798287E44F6-SegmentedRaftLogWorker for RaftStorage:Storage Directory /workdir/hadoop-ozone/integration-test/target/test-dir/MiniOzoneClusterImpl-c6132511-5fdd-4faf-bdf1-f98df057b2f6/datanode-2/data/ratis/28e9d464-49b0-4f37-a855-2798287e44f6
2019-10-02 11:22:47,828 [pool-429-thread-1] INFO  server.RaftServerConfigKeys (ConfUtils.java:logGet(43)) - raft.server.log.queue.byte-limit = 2147483647 (custom)
2019-10-02 11:22:47,828 [pool-429-thread-1] INFO  server.RaftServerConfigKeys (ConfUtils.java:logGet(43)) - raft.server.log.queue.element-limit = 1024 (custom)
2019-10-02 11:22:47,828 [pool-429-thread-1] INFO  server.RaftServerConfigKeys (ConfUtils.java:logGet(43)) - raft.server.log.segment.size.max = 1048576 (custom)
2019-10-02 11:22:47,829 [pool-429-thread-1] INFO  server.RaftServerConfigKeys (ConfUtils.java:logGet(43)) - raft.server.log.preallocated.size = 16384 (custom)
2019-10-02 11:22:47,829 [pool-429-thread-1] INFO  server.RaftServerConfigKeys (ConfUtils.java:logGet(43)) - raft.server.log.write.buffer.size = 33554432 (custom)
2019-10-02 11:22:47,829 [pool-429-thread-1] INFO  server.RaftServerConfigKeys (ConfUtils.java:logGet(43)) - raft.server.log.force.sync.num = 128 (default)
2019-10-02 11:22:47,829 [pool-429-thread-1] INFO  server.RaftServerConfigKeys (ConfUtils.java:logGet(43)) - raft.server.log.statemachine.data.sync = true (default)
2019-10-02 11:22:47,829 [pool-429-thread-1] INFO  server.RaftServerConfigKeys (ConfUtils.java:logGet(43)) - raft.server.log.statemachine.data.sync.timeout = 10s (default)
2019-10-02 11:22:47,829 [pool-429-thread-1] INFO  server.RaftServerConfigKeys (ConfUtils.java:logGet(43)) - raft.server.log.statemachine.data.sync.timeout.retry = -1 (default)
2019-10-02 11:22:47,829 [pool-429-thread-1] INFO  server.RaftServerConfigKeys (ConfUtils.java:logGet(43)) - raft.server.log.statemachine.data.caching.enabled = true (custom)
2019-10-02 11:22:47,830 [pool-429-thread-1] INFO  segmented.SegmentedRaftLogWorker (SegmentedRaftLogWorker.java:lambda$new$0(128)) - 29293bba-7ecd-42b9-9c4d-306cd62453b6@group-2798287E44F6-SegmentedRaftLogWorker: flushIndex: setUnconditionally 0 -> -1
2019-10-02 11:22:47,830 [pool-429-thread-1] INFO  server.RaftServerConfigKeys (ConfUtils.java:logGet(43)) - raft.server.snapshot.auto.trigger.enabled = true (custom)
2019-10-02 11:22:47,830 [pool-429-thread-1] INFO  server.RaftServerConfigKeys (ConfUtils.java:logGet(43)) - raft.server.snapshot.auto.trigger.threshold = 10000 (custom)
2019-10-02 11:22:47,830 [pool-429-thread-1] INFO  server.RaftServerConfigKeys (ConfUtils.java:logGet(43)) - raft.server.snapshot.retention.file.num = 5 (custom)
2019-10-02 11:22:47,830 [pool-429-thread-1] INFO  server.RaftServerConfigKeys (ConfUtils.java:logGet(43)) - raft.server.retrycache.expirytime = 600000ms (custom)
2019-10-02 11:22:47,833 [pool-429-thread-1] INFO  impl.RaftServerImpl (RaftServerImpl.java:start(181)) - 29293bba-7ecd-42b9-9c4d-306cd62453b6@group-3F202631F540: start as a follower, conf=-1: [29293bba-7ecd-42b9-9c4d-306cd62453b6:192.168.30.53:43965], old=null
2019-10-02 11:22:47,833 [pool-429-thread-1] INFO  impl.RaftServerImpl (RaftServerImpl.java:setRole(170)) - 29293bba-7ecd-42b9-9c4d-306cd62453b6@group-3F202631F540: changes role from      null to FOLLOWER at term 0 for startAsFollower
2019-10-02 11:22:47,833 [pool-429-thread-1] INFO  impl.RoleInfo (RoleInfo.java:updateAndGet(143)) - 29293bba-7ecd-42b9-9c4d-306cd62453b6: start FollowerState
2019-10-02 11:22:47,834 [pool-429-thread-1] INFO  util.JmxRegister (JmxRegister.java:tryRegister(44)) - Successfully registered JMX Bean with object name Ratis:service=RaftServer,group=group-3F202631F540,id=29293bba-7ecd-42b9-9c4d-306cd62453b6
2019-10-02 11:22:47,836 [pool-429-thread-1] INFO  impl.RaftServerImpl (RaftServerImpl.java:start(181)) - 29293bba-7ecd-42b9-9c4d-306cd62453b6@group-307A7555D0A2: start as a follower, conf=-1: [29293bba-7ecd-42b9-9c4d-306cd62453b6:192.168.30.53:43965, 6a123e99-c772-4df8-bc5c-2a88baa35105:192.168.30.53:35427, 86433f91-68d3-4541-b45f-cc3cc45c90af:192.168.30.53:45896], old=null
2019-10-02 11:22:47,836 [pool-429-thread-1] INFO  impl.RaftServerImpl (RaftServerImpl.java:setRole(170)) - 29293bba-7ecd-42b9-9c4d-306cd62453b6@group-307A7555D0A2: changes role from      null to FOLLOWER at term 0 for startAsFollower
2019-10-02 11:22:47,836 [pool-429-thread-1] INFO  impl.RoleInfo (RoleInfo.java:updateAndGet(143)) - 29293bba-7ecd-42b9-9c4d-306cd62453b6: start FollowerState
2019-10-02 11:22:47,837 [pool-429-thread-1] INFO  util.JmxRegister (JmxRegister.java:tryRegister(44)) - Successfully registered JMX Bean with object name Ratis:service=RaftServer,group=group-307A7555D0A2,id=29293bba-7ecd-42b9-9c4d-306cd62453b6
2019-10-02 11:22:47,838 [pool-429-thread-1] INFO  impl.RaftServerImpl (RaftServerImpl.java:start(181)) - 29293bba-7ecd-42b9-9c4d-306cd62453b6@group-2798287E44F6: start as a follower, conf=-1: [29293bba-7ecd-42b9-9c4d-306cd62453b6:192.168.30.53:43965, 6a123e99-c772-4df8-bc5c-2a88baa35105:192.168.30.53:35427, 86433f91-68d3-4541-b45f-cc3cc45c90af:192.168.30.53:45896], old=null
2019-10-02 11:22:47,839 [pool-429-thread-1] INFO  impl.RaftServerImpl (RaftServerImpl.java:setRole(170)) - 29293bba-7ecd-42b9-9c4d-306cd62453b6@group-2798287E44F6: changes role from      null to FOLLOWER at term 0 for startAsFollower
2019-10-02 11:22:47,839 [pool-429-thread-1] INFO  impl.RoleInfo (RoleInfo.java:updateAndGet(143)) - 29293bba-7ecd-42b9-9c4d-306cd62453b6: start FollowerState
2019-10-02 11:22:47,839 [pool-429-thread-1] INFO  util.JmxRegister (JmxRegister.java:tryRegister(44)) - Successfully registered JMX Bean with object name Ratis:service=RaftServer,group=group-2798287E44F6,id=29293bba-7ecd-42b9-9c4d-306cd62453b6
2019-10-02 11:22:47,891 [main] INFO  ozoneimpl.OzoneContainer (OzoneContainer.java:stop(231)) - Attempting to stop container services.
2019-10-02 11:22:47,891 [ForkJoinPool.commonPool-worker-0] INFO  ozoneimpl.OzoneContainer (OzoneContainer.java:stop(231)) - Attempting to stop container services.
2019-10-02 11:22:47,892 [main] INFO  impl.RaftServerProxy (RaftServerProxy.java:lambda$close$4(314)) - 5610fd5a-5f01-4515-bde7-239b5325f18c: close
2019-10-02 11:22:47,892 [ForkJoinPool.commonPool-worker-0] INFO  impl.RaftServerProxy (RaftServerProxy.java:lambda$close$4(314)) - 20a2088c-be06-4fea-8968-f408b6a6eecd: close
2019-10-02 11:22:47,892 [main] INFO  server.GrpcService (GrpcService.java:closeImpl(164)) - 5610fd5a-5f01-4515-bde7-239b5325f18c: shutdown server with port 43742 now
2019-10-02 11:22:47,892 [ForkJoinPool.commonPool-worker-0] INFO  server.GrpcService (GrpcService.java:closeImpl(164)) - 20a2088c-be06-4fea-8968-f408b6a6eecd: shutdown server with port 42024 now
2019-10-02 11:22:47,893 [main] INFO  server.GrpcService (GrpcService.java:closeImpl(172)) - 5610fd5a-5f01-4515-bde7-239b5325f18c: shutdown server with port 43742 successfully
2019-10-02 11:22:47,893 [ForkJoinPool.commonPool-worker-0] INFO  server.GrpcService (GrpcService.java:closeImpl(172)) - 20a2088c-be06-4fea-8968-f408b6a6eecd: shutdown server with port 42024 successfully
2019-10-02 11:22:47,895 [refreshUsed-/workdir/hadoop-ozone/integration-test/target/test-dir/MiniOzoneClusterImpl-c6132511-5fdd-4faf-bdf1-f98df057b2f6/datanode-4/data/containers] WARN  fs.CachingGetSpaceUsed (CachingGetSpaceUsed.java:run(183)) - Thread Interrupted waiting to refresh disk information: sleep interrupted
2019-10-02 11:22:47,898 [refreshUsed-/workdir/hadoop-ozone/integration-test/target/test-dir/MiniOzoneClusterImpl-c6132511-5fdd-4faf-bdf1-f98df057b2f6/datanode-1/data/containers] WARN  fs.CachingGetSpaceUsed (CachingGetSpaceUsed.java:run(183)) - Thread Interrupted waiting to refresh disk information: sleep interrupted
2019-10-02 11:22:47,905 [EventQueue-StaleNodeForStaleNodeHandler] INFO  node.StaleNodeHandler (StaleNodeHandler.java:onMessage(58)) - Datanode 20a2088c-be06-4fea-8968-f408b6a6eecd{ip: 192.168.30.53, host: pr-trunk-5xjmm-2411255686, networkLocation: /default-rack, certSerialId: null} moved to stale state. Finalizing its pipelines []
2019-10-02 11:22:47,917 [ForkJoinPool.commonPool-worker-0] INFO  utils.BackgroundService (BackgroundService.java:shutdown(148)) - Shutting down service BlockDeletingService
2019-10-02 11:22:47,923 [main] INFO  utils.BackgroundService (BackgroundService.java:shutdown(148)) - Shutting down service BlockDeletingService
2019-10-02 11:22:47,924 [ForkJoinPool.commonPool-worker-0] INFO  statemachine.DatanodeStateMachine (DatanodeStateMachine.java:stopDaemon(395)) - Ozone container server stopped.
2019-10-02 11:22:47,933 [main] INFO  statemachine.DatanodeStateMachine (DatanodeStateMachine.java:stopDaemon(395)) - Ozone container server stopped.
2019-10-02 11:22:47,935 [ForkJoinPool.commonPool-worker-0] INFO  handler.ContextHandler (ContextHandler.java:doStop(910)) - Stopped o.e.j.w.WebAppContext@16681017{/,null,UNAVAILABLE}{/hddsDatanode}
2019-10-02 11:22:47,935 [main] INFO  handler.ContextHandler (ContextHandler.java:doStop(910)) - Stopped o.e.j.w.WebAppContext@6dd79214{/,null,UNAVAILABLE}{/hddsDatanode}
2019-10-02 11:22:47,936 [ForkJoinPool.commonPool-worker-0] INFO  server.AbstractConnector (AbstractConnector.java:doStop(318)) - Stopped ServerConnector@6aae0e6f{HTTP/1.1,[http/1.1]}{0.0.0.0:0}
2019-10-02 11:22:47,936 [main] INFO  server.AbstractConnector (AbstractConnector.java:doStop(318)) - Stopped ServerConnector@ef86c72{HTTP/1.1,[http/1.1]}{0.0.0.0:0}
2019-10-02 11:22:47,937 [ForkJoinPool.commonPool-worker-0] INFO  handler.ContextHandler (ContextHandler.java:doStop(910)) - Stopped o.e.j.s.ServletContextHandler@584ca390{/static,jar:file:/home/user/.m2/repository/org/apache/hadoop/hadoop-hdds-container-service/0.5.0-SNAPSHOT/hadoop-hdds-container-service-0.5.0-SNAPSHOT.jar!/webapps/static,UNAVAILABLE}
2019-10-02 11:22:47,938 [main] INFO  handler.ContextHandler (ContextHandler.java:doStop(910)) - Stopped o.e.j.s.ServletContextHandler@597d48ca{/static,jar:file:/home/user/.m2/repository/org/apache/hadoop/hadoop-hdds-container-service/0.5.0-SNAPSHOT/hadoop-hdds-container-service-0.5.0-SNAPSHOT.jar!/webapps/static,UNAVAILABLE}
2019-10-02 11:22:47,939 [ForkJoinPool.commonPool-worker-0] INFO  handler.ContextHandler (ContextHandler.java:doStop(910)) - Stopped o.e.j.s.ServletContextHandler@15d236fd{/logs,file:///workdir/hadoop-ozone/integration-test/target/log,UNAVAILABLE}
2019-10-02 11:22:47,939 [main] INFO  handler.ContextHandler (ContextHandler.java:doStop(910)) - Stopped o.e.j.s.ServletContextHandler@242ff747{/logs,file:///workdir/hadoop-ozone/integration-test/target/log,UNAVAILABLE}
2019-10-02 11:22:47,969 [Datanode State Machine Thread - 0] INFO  statemachine.DatanodeStateMachine (DatanodeStateMachine.java:lambda$startDaemon$0(350)) - Ozone container server started.
2019-10-02 11:22:48,032 [Datanode State Machine Thread - 0] INFO  statemachine.DatanodeStateMachine (DatanodeStateMachine.java:lambda$startDaemon$0(350)) - Ozone container server started.
2019-10-02 11:22:51,274 [Thread-2932] INFO  impl.FollowerState (FollowerState.java:run(108)) - 29293bba-7ecd-42b9-9c4d-306cd62453b6@group-E0906783DC09-FollowerState: change to CANDIDATE, lastRpcTime:5077ms, electionTimeout:5077ms
2019-10-02 11:22:51,274 [Thread-2932] INFO  impl.RoleInfo (RoleInfo.java:shutdownFollowerState(121)) - 29293bba-7ecd-42b9-9c4d-306cd62453b6: shutdown FollowerState
2019-10-02 11:22:51,274 [Thread-2932] INFO  impl.RaftServerImpl (RaftServerImpl.java:setRole(170)) - 29293bba-7ecd-42b9-9c4d-306cd62453b6@group-E0906783DC09: changes role from  FOLLOWER to CANDIDATE at term 1 for changeToCandidate
2019-10-02 11:22:51,274 [Thread-2932] INFO  impl.RoleInfo (RoleInfo.java:updateAndGet(143)) - 29293bba-7ecd-42b9-9c4d-306cd62453b6: start LeaderElection
2019-10-02 11:22:51,295 [29293bba-7ecd-42b9-9c4d-306cd62453b6@group-E0906783DC09-LeaderElection68] INFO  impl.LeaderElection (LeaderElection.java:askForVotes(178)) - 29293bba-7ecd-42b9-9c4d-306cd62453b6@group-E0906783DC09-LeaderElection68: begin an election at term 2 for -1: [29293bba-7ecd-42b9-9c4d-306cd62453b6:192.168.30.53:43965, 6a123e99-c772-4df8-bc5c-2a88baa35105:192.168.30.53:35427, 86433f91-68d3-4541-b45f-cc3cc45c90af:192.168.30.53:45896], old=null
2019-10-02 11:22:51,298 [grpc-default-executor-0] INFO  impl.RaftServerImpl (RaftServerImpl.java:setRole(170)) - 6a123e99-c772-4df8-bc5c-2a88baa35105@group-E0906783DC09: changes role from  FOLLOWER to FOLLOWER at term 2 for recognizeCandidate:29293bba-7ecd-42b9-9c4d-306cd62453b6
2019-10-02 11:22:51,298 [grpc-default-executor-12] INFO  impl.RaftServerImpl (RaftServerImpl.java:setRole(170)) - 86433f91-68d3-4541-b45f-cc3cc45c90af@group-E0906783DC09: changes role from  FOLLOWER to FOLLOWER at term 2 for recognizeCandidate:29293bba-7ecd-42b9-9c4d-306cd62453b6
2019-10-02 11:22:51,298 [grpc-default-executor-0] INFO  impl.RoleInfo (RoleInfo.java:shutdownFollowerState(121)) - 6a123e99-c772-4df8-bc5c-2a88baa35105: shutdown FollowerState
2019-10-02 11:22:51,299 [grpc-default-executor-12] INFO  impl.RoleInfo (RoleInfo.java:shutdownFollowerState(121)) - 86433f91-68d3-4541-b45f-cc3cc45c90af: shutdown FollowerState
2019-10-02 11:22:51,299 [Thread-2931] INFO  impl.FollowerState (FollowerState.java:run(117)) - 6a123e99-c772-4df8-bc5c-2a88baa35105@group-E0906783DC09-FollowerState was interrupted: java.lang.InterruptedException: sleep interrupted
2019-10-02 11:22:51,299 [Thread-2930] INFO  impl.FollowerState (FollowerState.java:run(117)) - 86433f91-68d3-4541-b45f-cc3cc45c90af@group-E0906783DC09-FollowerState was interrupted: java.lang.InterruptedException: sleep interrupted
2019-10-02 11:22:51,299 [grpc-default-executor-0] INFO  impl.RoleInfo (RoleInfo.java:updateAndGet(143)) - 6a123e99-c772-4df8-bc5c-2a88baa35105: start FollowerState
2019-10-02 11:22:51,299 [grpc-default-executor-12] INFO  impl.RoleInfo (RoleInfo.java:updateAndGet(143)) - 86433f91-68d3-4541-b45f-cc3cc45c90af: start FollowerState
2019-10-02 11:22:51,325 [29293bba-7ecd-42b9-9c4d-306cd62453b6@group-E0906783DC09-LeaderElection68] INFO  impl.LeaderElection (LeaderElection.java:logAndReturn(56)) - 29293bba-7ecd-42b9-9c4d-306cd62453b6@group-E0906783DC09-LeaderElection68: Election PASSED; received 1 response(s) [29293bba-7ecd-42b9-9c4d-306cd62453b6<-86433f91-68d3-4541-b45f-cc3cc45c90af#0:OK-t2] and 0 exception(s); 29293bba-7ecd-42b9-9c4d-306cd62453b6@group-E0906783DC09:t2, leader=null, voted=29293bba-7ecd-42b9-9c4d-306cd62453b6, raftlog=29293bba-7ecd-42b9-9c4d-306cd62453b6@group-E0906783DC09-SegmentedRaftLog:OPENED:c-1,f-1,i0, conf=-1: [29293bba-7ecd-42b9-9c4d-306cd62453b6:192.168.30.53:43965, 6a123e99-c772-4df8-bc5c-2a88baa35105:192.168.30.53:35427, 86433f91-68d3-4541-b45f-cc3cc45c90af:192.168.30.53:45896], old=null
2019-10-02 11:22:51,326 [29293bba-7ecd-42b9-9c4d-306cd62453b6@group-E0906783DC09-LeaderElection68] INFO  impl.RoleInfo (RoleInfo.java:shutdownLeaderElection(134)) - 29293bba-7ecd-42b9-9c4d-306cd62453b6: shutdown LeaderElection
2019-10-02 11:22:51,326 [29293bba-7ecd-42b9-9c4d-306cd62453b6@group-E0906783DC09-LeaderElection68] INFO  impl.RaftServerImpl (RaftServerImpl.java:setRole(170)) - 29293bba-7ecd-42b9-9c4d-306cd62453b6@group-E0906783DC09: changes role from CANDIDATE to LEADER at term 2 for changeToLeader
2019-10-02 11:22:51,326 [29293bba-7ecd-42b9-9c4d-306cd62453b6@group-E0906783DC09-LeaderElection68] INFO  impl.RaftServerImpl (ServerState.java:setLeader(255)) - 29293bba-7ecd-42b9-9c4d-306cd62453b6@group-E0906783DC09: change Leader from null to 29293bba-7ecd-42b9-9c4d-306cd62453b6 at term 2 for becomeLeader, leader elected after 24411ms
2019-10-02 11:22:51,326 [29293bba-7ecd-42b9-9c4d-306cd62453b6@group-E0906783DC09-LeaderElection68] INFO  server.RaftServerConfigKeys (ConfUtils.java:logGet(43)) - raft.server.staging.catchup.gap = 1000 (default)
2019-10-02 11:22:51,326 [29293bba-7ecd-42b9-9c4d-306cd62453b6@group-E0906783DC09-LeaderElection68] INFO  server.RaftServerConfigKeys (ConfUtils.java:logGet(43)) - raft.server.rpc.sleep.time = 25ms (default)
2019-10-02 11:22:51,326 [29293bba-7ecd-42b9-9c4d-306cd62453b6@group-E0906783DC09-LeaderElection68] INFO  server.RaftServerConfigKeys (ConfUtils.java:logGet(43)) - raft.server.write.element-limit = 4096 (default)
2019-10-02 11:22:51,326 [29293bba-7ecd-42b9-9c4d-306cd62453b6@group-E0906783DC09-LeaderElection68] INFO  server.RaftServerConfigKeys (ConfUtils.java:logGet(43)) - raft.server.watch.timeout = 10s (default)
2019-10-02 11:22:51,327 [29293bba-7ecd-42b9-9c4d-306cd62453b6@group-E0906783DC09-LeaderElection68] INFO  server.RaftServerConfigKeys (ConfUtils.java:logGet(43)) - raft.server.watch.timeout.denomination = 1s (default)
2019-10-02 11:22:51,327 [29293bba-7ecd-42b9-9c4d-306cd62453b6@group-E0906783DC09-LeaderElection68] INFO  server.RaftServerConfigKeys (ConfUtils.java:logGet(43)) - raft.server.watch.element-limit = 65536 (default)
2019-10-02 11:22:51,328 [29293bba-7ecd-42b9-9c4d-306cd62453b6@group-E0906783DC09-LeaderElection68] INFO  server.RaftServerConfigKeys (ConfUtils.java:logGet(43)) - raft.server.log.appender.snapshot.chunk.size.max = 16MB (=16777216) (default)
2019-10-02 11:22:51,329 [29293bba-7ecd-42b9-9c4d-306cd62453b6@group-E0906783DC09-LeaderElection68] INFO  server.RaftServerConfigKeys (ConfUtils.java:logGet(43)) - raft.server.log.appender.buffer.byte-limit = 33554432 (custom)
2019-10-02 11:22:51,329 [29293bba-7ecd-42b9-9c4d-306cd62453b6@group-E0906783DC09-LeaderElection68] INFO  server.RaftServerConfigKeys (ConfUtils.java:logGet(43)) - raft.server.log.appender.buffer.element-limit = 1 (custom)
2019-10-02 11:22:51,329 [29293bba-7ecd-42b9-9c4d-306cd62453b6@group-E0906783DC09-LeaderElection68] INFO  grpc.GrpcConfigKeys$Server (ConfUtils.java:logGet(43)) - raft.grpc.server.leader.outstanding.appends.max = 128 (default)
2019-10-02 11:22:51,329 [29293bba-7ecd-42b9-9c4d-306cd62453b6@group-E0906783DC09-LeaderElection68] INFO  server.RaftServerConfigKeys (ConfUtils.java:logGet(43)) - raft.server.rpc.request.timeout = 3000ms (default)
2019-10-02 11:22:51,329 [29293bba-7ecd-42b9-9c4d-306cd62453b6@group-E0906783DC09-LeaderElection68] INFO  server.RaftServerConfigKeys (ConfUtils.java:logGet(43)) - raft.server.log.appender.install.snapshot.enabled = false (custom)
2019-10-02 11:22:51,329 [29293bba-7ecd-42b9-9c4d-306cd62453b6@group-E0906783DC09-LeaderElection68] INFO  server.RaftServerConfigKeys (ConfUtils.java:logGet(43)) - raft.server.log.appender.snapshot.chunk.size.max = 16MB (=16777216) (default)
2019-10-02 11:22:51,329 [29293bba-7ecd-42b9-9c4d-306cd62453b6@group-E0906783DC09-LeaderElection68] INFO  server.RaftServerConfigKeys (ConfUtils.java:logGet(43)) - raft.server.log.appender.buffer.byte-limit = 33554432 (custom)
2019-10-02 11:22:51,330 [29293bba-7ecd-42b9-9c4d-306cd62453b6@group-E0906783DC09-LeaderElection68] INFO  server.RaftServerConfigKeys (ConfUtils.java:logGet(43)) - raft.server.log.appender.buffer.element-limit = 1 (custom)
2019-10-02 11:22:51,330 [29293bba-7ecd-42b9-9c4d-306cd62453b6@group-E0906783DC09-LeaderElection68] INFO  grpc.GrpcConfigKeys$Server (ConfUtils.java:logGet(43)) - raft.grpc.server.leader.outstanding.appends.max = 128 (default)
2019-10-02 11:22:51,330 [29293bba-7ecd-42b9-9c4d-306cd62453b6@group-E0906783DC09-LeaderElection68] INFO  server.RaftServerConfigKeys (ConfUtils.java:logGet(43)) - raft.server.rpc.request.timeout = 3000ms (default)
2019-10-02 11:22:51,330 [29293bba-7ecd-42b9-9c4d-306cd62453b6@group-E0906783DC09-LeaderElection68] INFO  server.RaftServerConfigKeys (ConfUtils.java:logGet(43)) - raft.server.log.appender.install.snapshot.enabled = false (custom)
2019-10-02 11:22:51,330 [29293bba-7ecd-42b9-9c4d-306cd62453b6@group-E0906783DC09-LeaderElection68] INFO  impl.RoleInfo (RoleInfo.java:updateAndGet(143)) - 29293bba-7ecd-42b9-9c4d-306cd62453b6: start LeaderState
2019-10-02 11:22:51,330 [29293bba-7ecd-42b9-9c4d-306cd62453b6@group-E0906783DC09-LeaderElection68] INFO  segmented.SegmentedRaftLogWorker (SegmentedRaftLogWorker.java:startLogSegment(385)) - 29293bba-7ecd-42b9-9c4d-306cd62453b6@group-E0906783DC09-SegmentedRaftLogWorker: Starting segment from index:0
2019-10-02 11:22:51,331 [29293bba-7ecd-42b9-9c4d-306cd62453b6@group-E0906783DC09-LeaderElection68] INFO  impl.RaftServerImpl (ServerState.java:setRaftConf(356)) - 29293bba-7ecd-42b9-9c4d-306cd62453b6@group-E0906783DC09: set configuration 0: [29293bba-7ecd-42b9-9c4d-306cd62453b6:192.168.30.53:43965, 6a123e99-c772-4df8-bc5c-2a88baa35105:192.168.30.53:35427, 86433f91-68d3-4541-b45f-cc3cc45c90af:192.168.30.53:45896], old=null at 0
2019-10-02 11:22:51,332 [grpc-default-executor-0] INFO  impl.RaftServerImpl (ServerState.java:setLeader(255)) - 86433f91-68d3-4541-b45f-cc3cc45c90af@group-E0906783DC09: change Leader from null to 29293bba-7ecd-42b9-9c4d-306cd62453b6 at term 2 for appendEntries, leader elected after 24418ms
2019-10-02 11:22:51,361 [grpc-default-executor-12] INFO  impl.RaftServerImpl (ServerState.java:setLeader(255)) - 6a123e99-c772-4df8-bc5c-2a88baa35105@group-E0906783DC09: change Leader from null to 29293bba-7ecd-42b9-9c4d-306cd62453b6 at term 2 for appendEntries, leader elected after 24446ms
2019-10-02 11:22:51,363 [grpc-default-executor-12] INFO  impl.RaftServerImpl (ServerState.java:setRaftConf(356)) - 86433f91-68d3-4541-b45f-cc3cc45c90af@group-E0906783DC09: set configuration 0: [29293bba-7ecd-42b9-9c4d-306cd62453b6:192.168.30.53:43965, 6a123e99-c772-4df8-bc5c-2a88baa35105:192.168.30.53:35427, 86433f91-68d3-4541-b45f-cc3cc45c90af:192.168.30.53:45896], old=null at 0
2019-10-02 11:22:51,363 [grpc-default-executor-12] INFO  segmented.SegmentedRaftLogWorker (SegmentedRaftLogWorker.java:startLogSegment(385)) - 86433f91-68d3-4541-b45f-cc3cc45c90af@group-E0906783DC09-SegmentedRaftLogWorker: Starting segment from index:0
2019-10-02 11:22:51,364 [grpc-default-executor-0] INFO  impl.RaftServerImpl (ServerState.java:setRaftConf(356)) - 6a123e99-c772-4df8-bc5c-2a88baa35105@group-E0906783DC09: set configuration 0: [29293bba-7ecd-42b9-9c4d-306cd62453b6:192.168.30.53:43965, 6a123e99-c772-4df8-bc5c-2a88baa35105:192.168.30.53:35427, 86433f91-68d3-4541-b45f-cc3cc45c90af:192.168.30.53:45896], old=null at 0
2019-10-02 11:22:51,364 [grpc-default-executor-0] INFO  segmented.SegmentedRaftLogWorker (SegmentedRaftLogWorker.java:startLogSegment(385)) - 6a123e99-c772-4df8-bc5c-2a88baa35105@group-E0906783DC09-SegmentedRaftLogWorker: Starting segment from index:0
2019-10-02 11:22:51,377 [29293bba-7ecd-42b9-9c4d-306cd62453b6@group-E0906783DC09-SegmentedRaftLogWorker] INFO  segmented.SegmentedRaftLogWorker (SegmentedRaftLogWorker.java:execute(574)) - 29293bba-7ecd-42b9-9c4d-306cd62453b6@group-E0906783DC09-SegmentedRaftLogWorker: created new log segment /workdir/hadoop-ozone/integration-test/target/test-dir/MiniOzoneClusterImpl-c6132511-5fdd-4faf-bdf1-f98df057b2f6/datanode-2/data/ratis/2c398604-f60b-4c52-85bf-e0906783dc09/current/log_inprogress_0
2019-10-02 11:22:51,406 [6a123e99-c772-4df8-bc5c-2a88baa35105@group-E0906783DC09-SegmentedRaftLogWorker] INFO  segmented.SegmentedRaftLogWorker (SegmentedRaftLogWorker.java:execute(574)) - 6a123e99-c772-4df8-bc5c-2a88baa35105@group-E0906783DC09-SegmentedRaftLogWorker: created new log segment /workdir/hadoop-ozone/integration-test/target/test-dir/MiniOzoneClusterImpl-c6132511-5fdd-4faf-bdf1-f98df057b2f6/datanode-5/data/ratis/2c398604-f60b-4c52-85bf-e0906783dc09/current/log_inprogress_0
2019-10-02 11:22:51,406 [86433f91-68d3-4541-b45f-cc3cc45c90af@group-E0906783DC09-SegmentedRaftLogWorker] INFO  segmented.SegmentedRaftLogWorker (SegmentedRaftLogWorker.java:execute(574)) - 86433f91-68d3-4541-b45f-cc3cc45c90af@group-E0906783DC09-SegmentedRaftLogWorker: created new log segment /workdir/hadoop-ozone/integration-test/target/test-dir/MiniOzoneClusterImpl-c6132511-5fdd-4faf-bdf1-f98df057b2f6/datanode-3/data/ratis/2c398604-f60b-4c52-85bf-e0906783dc09/current/log_inprogress_0
2019-10-02 11:22:52,010 [EventQueue-StaleNodeForStaleNodeHandler] INFO  node.StaleNodeHandler (StaleNodeHandler.java:onMessage(58)) - Datanode 29293bba-7ecd-42b9-9c4d-306cd62453b6{ip: 192.168.30.53, host: pr-trunk-5xjmm-2411255686, networkLocation: /default-rack, certSerialId: null} moved to stale state. Finalizing its pipelines []
2019-10-02 11:22:52,110 [EventQueue-StaleNodeForStaleNodeHandler] INFO  node.StaleNodeHandler (StaleNodeHandler.java:onMessage(58)) - Datanode 86433f91-68d3-4541-b45f-cc3cc45c90af{ip: 192.168.30.53, host: pr-trunk-5xjmm-2411255686, networkLocation: /default-rack, certSerialId: null} moved to stale state. Finalizing its pipelines [PipelineID=6d79fdb7-1d53-47f6-a50b-74c2998dcc37]
2019-10-02 11:22:52,110 [EventQueue-StaleNodeForStaleNodeHandler] INFO  pipeline.SCMPipelineManager (SCMPipelineManager.java:finalizeAndDestroyPipeline(315)) - destroying pipeline:Pipeline[ Id: 6d79fdb7-1d53-47f6-a50b-74c2998dcc37, Nodes: 86433f91-68d3-4541-b45f-cc3cc45c90af{ip: 192.168.30.53, host: pr-trunk-5xjmm-2411255686, networkLocation: /default-rack, certSerialId: null}, Type:RATIS, Factor:ONE, State:OPEN]
2019-10-02 11:22:52,110 [EventQueue-StaleNodeForStaleNodeHandler] INFO  pipeline.PipelineStateManager (PipelineStateManager.java:finalizePipeline(123)) - Pipeline Pipeline[ Id: 6d79fdb7-1d53-47f6-a50b-74c2998dcc37, Nodes: 86433f91-68d3-4541-b45f-cc3cc45c90af{ip: 192.168.30.53, host: pr-trunk-5xjmm-2411255686, networkLocation: /default-rack, certSerialId: null}, Type:RATIS, Factor:ONE, State:CLOSED] moved to CLOSED state
2019-10-02 11:22:52,369 [Thread-2944] INFO  impl.FollowerState (FollowerState.java:run(108)) - 86433f91-68d3-4541-b45f-cc3cc45c90af@group-2798287E44F6-FollowerState: change to CANDIDATE, lastRpcTime:5006ms, electionTimeout:5006ms
2019-10-02 11:22:52,369 [Thread-2944] INFO  impl.RoleInfo (RoleInfo.java:shutdownFollowerState(121)) - 86433f91-68d3-4541-b45f-cc3cc45c90af: shutdown FollowerState
2019-10-02 11:22:52,369 [Thread-2944] INFO  impl.RaftServerImpl (RaftServerImpl.java:setRole(170)) - 86433f91-68d3-4541-b45f-cc3cc45c90af@group-2798287E44F6: changes role from  FOLLOWER to CANDIDATE at term 0 for changeToCandidate
2019-10-02 11:22:52,369 [Thread-2944] INFO  impl.RoleInfo (RoleInfo.java:updateAndGet(143)) - 86433f91-68d3-4541-b45f-cc3cc45c90af: start LeaderElection
2019-10-02 11:22:52,390 [Thread-2945] INFO  impl.FollowerState (FollowerState.java:run(108)) - 6a123e99-c772-4df8-bc5c-2a88baa35105@group-2798287E44F6-FollowerState: change to CANDIDATE, lastRpcTime:5027ms, electionTimeout:5027ms
2019-10-02 11:22:52,390 [Thread-2945] INFO  impl.RoleInfo (RoleInfo.java:shutdownFollowerState(121)) - 6a123e99-c772-4df8-bc5c-2a88baa35105: shutdown FollowerState
2019-10-02 11:22:52,390 [Thread-2945] INFO  impl.RaftServerImpl (RaftServerImpl.java:setRole(170)) - 6a123e99-c772-4df8-bc5c-2a88baa35105@group-2798287E44F6: changes role from  FOLLOWER to CANDIDATE at term 0 for changeToCandidate
2019-10-02 11:22:52,390 [Thread-2945] INFO  impl.RoleInfo (RoleInfo.java:updateAndGet(143)) - 6a123e99-c772-4df8-bc5c-2a88baa35105: start LeaderElection
2019-10-02 11:22:52,400 [86433f91-68d3-4541-b45f-cc3cc45c90af@group-2798287E44F6-LeaderElection69] INFO  impl.LeaderElection (LeaderElection.java:askForVotes(178)) - 86433f91-68d3-4541-b45f-cc3cc45c90af@group-2798287E44F6-LeaderElection69: begin an election at term 1 for -1: [29293bba-7ecd-42b9-9c4d-306cd62453b6:192.168.30.53:43965, 6a123e99-c772-4df8-bc5c-2a88baa35105:192.168.30.53:35427, 86433f91-68d3-4541-b45f-cc3cc45c90af:192.168.30.53:45896], old=null
2019-10-02 11:22:52,406 [grpc-default-executor-0] INFO  impl.RaftServerImpl (RaftServerImpl.java:setRole(170)) - 29293bba-7ecd-42b9-9c4d-306cd62453b6@group-2798287E44F6: changes role from  FOLLOWER to FOLLOWER at term 1 for recognizeCandidate:86433f91-68d3-4541-b45f-cc3cc45c90af
2019-10-02 11:22:52,406 [grpc-default-executor-0] INFO  impl.RoleInfo (RoleInfo.java:shutdownFollowerState(121)) - 29293bba-7ecd-42b9-9c4d-306cd62453b6: shutdown FollowerState
2019-10-02 11:22:52,406 [grpc-default-executor-0] INFO  impl.RoleInfo (RoleInfo.java:updateAndGet(143)) - 29293bba-7ecd-42b9-9c4d-306cd62453b6: start FollowerState
2019-10-02 11:22:52,406 [Thread-2953] INFO  impl.FollowerState (FollowerState.java:run(117)) - 29293bba-7ecd-42b9-9c4d-306cd62453b6@group-2798287E44F6-FollowerState was interrupted: java.lang.InterruptedException: sleep interrupted
2019-10-02 11:22:52,415 [6a123e99-c772-4df8-bc5c-2a88baa35105@group-2798287E44F6-LeaderElection70] INFO  impl.LeaderElection (LeaderElection.java:askForVotes(178)) - 6a123e99-c772-4df8-bc5c-2a88baa35105@group-2798287E44F6-LeaderElection70: begin an election at term 1 for -1: [29293bba-7ecd-42b9-9c4d-306cd62453b6:192.168.30.53:43965, 6a123e99-c772-4df8-bc5c-2a88baa35105:192.168.30.53:35427, 86433f91-68d3-4541-b45f-cc3cc45c90af:192.168.30.53:45896], old=null
2019-10-02 11:22:52,430 [6a123e99-c772-4df8-bc5c-2a88baa35105@group-2798287E44F6-LeaderElection70] INFO  impl.LeaderElection (LeaderElection.java:logAndReturn(56)) - 6a123e99-c772-4df8-bc5c-2a88baa35105@group-2798287E44F6-LeaderElection70: Election REJECTED; received 2 response(s) [6a123e99-c772-4df8-bc5c-2a88baa35105<-29293bba-7ecd-42b9-9c4d-306cd62453b6#0:FAIL-t1, 6a123e99-c772-4df8-bc5c-2a88baa35105<-86433f91-68d3-4541-b45f-cc3cc45c90af#0:FAIL-t1] and 0 exception(s); 6a123e99-c772-4df8-bc5c-2a88baa35105@group-2798287E44F6:t1, leader=null, voted=6a123e99-c772-4df8-bc5c-2a88baa35105, raftlog=6a123e99-c772-4df8-bc5c-2a88baa35105@group-2798287E44F6-SegmentedRaftLog:OPENED:c-1,f-1,i0, conf=-1: [29293bba-7ecd-42b9-9c4d-306cd62453b6:192.168.30.53:43965, 6a123e99-c772-4df8-bc5c-2a88baa35105:192.168.30.53:35427, 86433f91-68d3-4541-b45f-cc3cc45c90af:192.168.30.53:45896], old=null
2019-10-02 11:22:52,430 [86433f91-68d3-4541-b45f-cc3cc45c90af@group-2798287E44F6-LeaderElection69] INFO  impl.LeaderElection (LeaderElection.java:logAndReturn(56)) - 86433f91-68d3-4541-b45f-cc3cc45c90af@group-2798287E44F6-LeaderElection69: Election PASSED; received 2 response(s) [86433f91-68d3-4541-b45f-cc3cc45c90af<-29293bba-7ecd-42b9-9c4d-306cd62453b6#0:OK-t1, 86433f91-68d3-4541-b45f-cc3cc45c90af<-6a123e99-c772-4df8-bc5c-2a88baa35105#0:FAIL-t1] and 0 exception(s); 86433f91-68d3-4541-b45f-cc3cc45c90af@group-2798287E44F6:t1, leader=null, voted=86433f91-68d3-4541-b45f-cc3cc45c90af, raftlog=86433f91-68d3-4541-b45f-cc3cc45c90af@group-2798287E44F6-SegmentedRaftLog:OPENED:c-1,f-1,i0, conf=-1: [29293bba-7ecd-42b9-9c4d-306cd62453b6:192.168.30.53:43965, 6a123e99-c772-4df8-bc5c-2a88baa35105:192.168.30.53:35427, 86433f91-68d3-4541-b45f-cc3cc45c90af:192.168.30.53:45896], old=null
2019-10-02 11:22:52,430 [6a123e99-c772-4df8-bc5c-2a88baa35105@group-2798287E44F6-LeaderElection70] INFO  impl.RaftServerImpl (RaftServerImpl.java:setRole(170)) - 6a123e99-c772-4df8-bc5c-2a88baa35105@group-2798287E44F6: changes role from CANDIDATE to FOLLOWER at term 1 for DISCOVERED_A_NEW_TERM
2019-10-02 11:22:52,433 [86433f91-68d3-4541-b45f-cc3cc45c90af@group-2798287E44F6-LeaderElection69] INFO  impl.RoleInfo (RoleInfo.java:shutdownLeaderElection(134)) - 86433f91-68d3-4541-b45f-cc3cc45c90af: shutdown LeaderElection
2019-10-02 11:22:52,433 [6a123e99-c772-4df8-bc5c-2a88baa35105@group-2798287E44F6-LeaderElection70] INFO  impl.RoleInfo (RoleInfo.java:shutdownLeaderElection(134)) - 6a123e99-c772-4df8-bc5c-2a88baa35105: shutdown LeaderElection
2019-10-02 11:22:52,435 [86433f91-68d3-4541-b45f-cc3cc45c90af@group-2798287E44F6-LeaderElection69] INFO  impl.RaftServerImpl (RaftServerImpl.java:setRole(170)) - 86433f91-68d3-4541-b45f-cc3cc45c90af@group-2798287E44F6: changes role from CANDIDATE to LEADER at term 1 for changeToLeader
2019-10-02 11:22:52,435 [6a123e99-c772-4df8-bc5c-2a88baa35105@group-2798287E44F6-LeaderElection70] INFO  impl.RoleInfo (RoleInfo.java:updateAndGet(143)) - 6a123e99-c772-4df8-bc5c-2a88baa35105: start FollowerState
2019-10-02 11:22:52,436 [86433f91-68d3-4541-b45f-cc3cc45c90af@group-2798287E44F6-LeaderElection69] INFO  impl.RaftServerImpl (ServerState.java:setLeader(255)) - 86433f91-68d3-4541-b45f-cc3cc45c90af@group-2798287E44F6: change Leader from null to 86433f91-68d3-4541-b45f-cc3cc45c90af at term 1 for becomeLeader, leader elected after 5086ms
2019-10-02 11:22:52,436 [86433f91-68d3-4541-b45f-cc3cc45c90af@group-2798287E44F6-LeaderElection69] INFO  server.RaftServerConfigKeys (ConfUtils.java:logGet(43)) - raft.server.staging.catchup.gap = 1000 (default)
2019-10-02 11:22:52,436 [86433f91-68d3-4541-b45f-cc3cc45c90af@group-2798287E44F6-LeaderElection69] INFO  server.RaftServerConfigKeys (ConfUtils.java:logGet(43)) - raft.server.rpc.sleep.time = 25ms (default)
2019-10-02 11:22:52,436 [86433f91-68d3-4541-b45f-cc3cc45c90af@group-2798287E44F6-LeaderElection69] INFO  server.RaftServerConfigKeys (ConfUtils.java:logGet(43)) - raft.server.write.element-limit = 4096 (default)
2019-10-02 11:22:52,436 [86433f91-68d3-4541-b45f-cc3cc45c90af@group-2798287E44F6-LeaderElection69] INFO  server.RaftServerConfigKeys (ConfUtils.java:logGet(43)) - raft.server.watch.timeout = 10s (default)
2019-10-02 11:22:52,437 [86433f91-68d3-4541-b45f-cc3cc45c90af@group-2798287E44F6-LeaderElection69] INFO  server.RaftServerConfigKeys (ConfUtils.java:logGet(43)) - raft.server.watch.timeout.denomination = 1s (default)
2019-10-02 11:22:52,437 [86433f91-68d3-4541-b45f-cc3cc45c90af@group-2798287E44F6-LeaderElection69] INFO  server.RaftServerConfigKeys (ConfUtils.java:logGet(43)) - raft.server.watch.element-limit = 65536 (default)
2019-10-02 11:22:52,439 [86433f91-68d3-4541-b45f-cc3cc45c90af@group-2798287E44F6-LeaderElection69] INFO  server.RaftServerConfigKeys (ConfUtils.java:logGet(43)) - raft.server.log.appender.snapshot.chunk.size.max = 16MB (=16777216) (default)
2019-10-02 11:22:52,439 [86433f91-68d3-4541-b45f-cc3cc45c90af@group-2798287E44F6-LeaderElection69] INFO  server.RaftServerConfigKeys (ConfUtils.java:logGet(43)) - raft.server.log.appender.buffer.byte-limit = 33554432 (custom)
2019-10-02 11:22:52,439 [86433f91-68d3-4541-b45f-cc3cc45c90af@group-2798287E44F6-LeaderElection69] INFO  server.RaftServerConfigKeys (ConfUtils.java:logGet(43)) - raft.server.log.appender.buffer.element-limit = 1 (custom)
2019-10-02 11:22:52,439 [86433f91-68d3-4541-b45f-cc3cc45c90af@group-2798287E44F6-LeaderElection69] INFO  grpc.GrpcConfigKeys$Server (ConfUtils.java:logGet(43)) - raft.grpc.server.leader.outstanding.appends.max = 128 (default)
2019-10-02 11:22:52,440 [86433f91-68d3-4541-b45f-cc3cc45c90af@group-2798287E44F6-LeaderElection69] INFO  server.RaftServerConfigKeys (ConfUtils.java:logGet(43)) - raft.server.rpc.request.timeout = 3000ms (default)
2019-10-02 11:22:52,440 [86433f91-68d3-4541-b45f-cc3cc45c90af@group-2798287E44F6-LeaderElection69] INFO  server.RaftServerConfigKeys (ConfUtils.java:logGet(43)) - raft.server.log.appender.install.snapshot.enabled = false (custom)
2019-10-02 11:22:52,440 [86433f91-68d3-4541-b45f-cc3cc45c90af@group-2798287E44F6-LeaderElection69] INFO  server.RaftServerConfigKeys (ConfUtils.java:logGet(43)) - raft.server.log.appender.snapshot.chunk.size.max = 16MB (=16777216) (default)
2019-10-02 11:22:52,440 [86433f91-68d3-4541-b45f-cc3cc45c90af@group-2798287E44F6-LeaderElection69] INFO  server.RaftServerConfigKeys (ConfUtils.java:logGet(43)) - raft.server.log.appender.buffer.byte-limit = 33554432 (custom)
2019-10-02 11:22:52,440 [86433f91-68d3-4541-b45f-cc3cc45c90af@group-2798287E44F6-LeaderElection69] INFO  server.RaftServerConfigKeys (ConfUtils.java:logGet(43)) - raft.server.log.appender.buffer.element-limit = 1 (custom)
2019-10-02 11:22:52,441 [86433f91-68d3-4541-b45f-cc3cc45c90af@group-2798287E44F6-LeaderElection69] INFO  grpc.GrpcConfigKeys$Server (ConfUtils.java:logGet(43)) - raft.grpc.server.leader.outstanding.appends.max = 128 (default)
2019-10-02 11:22:52,441 [86433f91-68d3-4541-b45f-cc3cc45c90af@group-2798287E44F6-LeaderElection69] INFO  server.RaftServerConfigKeys (ConfUtils.java:logGet(43)) - raft.server.rpc.request.timeout = 3000ms (default)
2019-10-02 11:22:52,441 [86433f91-68d3-4541-b45f-cc3cc45c90af@group-2798287E44F6-LeaderElection69] INFO  server.RaftServerConfigKeys (ConfUtils.java:logGet(43)) - raft.server.log.appender.install.snapshot.enabled = false (custom)
2019-10-02 11:22:52,441 [86433f91-68d3-4541-b45f-cc3cc45c90af@group-2798287E44F6-LeaderElection69] INFO  impl.RoleInfo (RoleInfo.java:updateAndGet(143)) - 86433f91-68d3-4541-b45f-cc3cc45c90af: start LeaderState
2019-10-02 11:22:52,441 [86433f91-68d3-4541-b45f-cc3cc45c90af@group-2798287E44F6-LeaderElection69] INFO  segmented.SegmentedRaftLogWorker (SegmentedRaftLogWorker.java:startLogSegment(385)) - 86433f91-68d3-4541-b45f-cc3cc45c90af@group-2798287E44F6-SegmentedRaftLogWorker: Starting segment from index:0
2019-10-02 11:22:52,442 [86433f91-68d3-4541-b45f-cc3cc45c90af@group-2798287E44F6-LeaderElection69] INFO  impl.RaftServerImpl (ServerState.java:setRaftConf(356)) - 86433f91-68d3-4541-b45f-cc3cc45c90af@group-2798287E44F6: set configuration 0: [29293bba-7ecd-42b9-9c4d-306cd62453b6:192.168.30.53:43965, 6a123e99-c772-4df8-bc5c-2a88baa35105:192.168.30.53:35427, 86433f91-68d3-4541-b45f-cc3cc45c90af:192.168.30.53:45896], old=null at 0
2019-10-02 11:22:52,444 [grpc-default-executor-12] INFO  impl.RaftServerImpl (ServerState.java:setLeader(255)) - 29293bba-7ecd-42b9-9c4d-306cd62453b6@group-2798287E44F6: change Leader from null to 86433f91-68d3-4541-b45f-cc3cc45c90af at term 1 for appendEntries, leader elected after 4616ms
2019-10-02 11:22:52,444 [grpc-default-executor-0] INFO  impl.RaftServerImpl (ServerState.java:setLeader(255)) - 6a123e99-c772-4df8-bc5c-2a88baa35105@group-2798287E44F6: change Leader from null to 86433f91-68d3-4541-b45f-cc3cc45c90af at term 1 for appendEntries, leader elected after 5095ms
2019-10-02 11:22:52,445 [Thread-2941] INFO  impl.FollowerState (FollowerState.java:run(108)) - 86433f91-68d3-4541-b45f-cc3cc45c90af@group-307A7555D0A2-FollowerState: change to CANDIDATE, lastRpcTime:5086ms, electionTimeout:5086ms
2019-10-02 11:22:52,445 [Thread-2941] INFO  impl.RoleInfo (RoleInfo.java:shutdownFollowerState(121)) - 86433f91-68d3-4541-b45f-cc3cc45c90af: shutdown FollowerState
2019-10-02 11:22:52,446 [Thread-2941] INFO  impl.RaftServerImpl (RaftServerImpl.java:setRole(170)) - 86433f91-68d3-4541-b45f-cc3cc45c90af@group-307A7555D0A2: changes role from  FOLLOWER to CANDIDATE at term 0 for changeToCandidate
2019-10-02 11:22:52,446 [Thread-2941] INFO  impl.RoleInfo (RoleInfo.java:updateAndGet(143)) - 86433f91-68d3-4541-b45f-cc3cc45c90af: start LeaderElection
2019-10-02 11:22:52,507 [grpc-default-executor-12] INFO  impl.RaftServerImpl (ServerState.java:setRaftConf(356)) - 29293bba-7ecd-42b9-9c4d-306cd62453b6@group-2798287E44F6: set configuration 0: [29293bba-7ecd-42b9-9c4d-306cd62453b6:192.168.30.53:43965, 6a123e99-c772-4df8-bc5c-2a88baa35105:192.168.30.53:35427, 86433f91-68d3-4541-b45f-cc3cc45c90af:192.168.30.53:45896], old=null at 0
2019-10-02 11:22:52,507 [grpc-default-executor-12] INFO  segmented.SegmentedRaftLogWorker (SegmentedRaftLogWorker.java:startLogSegment(385)) - 29293bba-7ecd-42b9-9c4d-306cd62453b6@group-2798287E44F6-SegmentedRaftLogWorker: Starting segment from index:0
2019-10-02 11:22:52,508 [grpc-default-executor-0] INFO  impl.RaftServerImpl (ServerState.java:setRaftConf(356)) - 6a123e99-c772-4df8-bc5c-2a88baa35105@group-2798287E44F6: set configuration 0: [29293bba-7ecd-42b9-9c4d-306cd62453b6:192.168.30.53:43965, 6a123e99-c772-4df8-bc5c-2a88baa35105:192.168.30.53:35427, 86433f91-68d3-4541-b45f-cc3cc45c90af:192.168.30.53:45896], old=null at 0
2019-10-02 11:22:52,508 [grpc-default-executor-0] INFO  segmented.SegmentedRaftLogWorker (SegmentedRaftLogWorker.java:startLogSegment(385)) - 6a123e99-c772-4df8-bc5c-2a88baa35105@group-2798287E44F6-SegmentedRaftLogWorker: Starting segment from index:0
2019-10-02 11:22:52,514 [Thread-2940] INFO  impl.FollowerState (FollowerState.java:run(108)) - 6a123e99-c772-4df8-bc5c-2a88baa35105@group-307A7555D0A2-FollowerState: change to CANDIDATE, lastRpcTime:5155ms, electionTimeout:5155ms
2019-10-02 11:22:52,514 [Thread-2940] INFO  impl.RoleInfo (RoleInfo.java:shutdownFollowerState(121)) - 6a123e99-c772-4df8-bc5c-2a88baa35105: shutdown FollowerState
2019-10-02 11:22:52,514 [Thread-2940] INFO  impl.RaftServerImpl (RaftServerImpl.java:setRole(170)) - 6a123e99-c772-4df8-bc5c-2a88baa35105@group-307A7555D0A2: changes role from  FOLLOWER to CANDIDATE at term 0 for changeToCandidate
2019-10-02 11:22:52,514 [Thread-2940] INFO  impl.RoleInfo (RoleInfo.java:updateAndGet(143)) - 6a123e99-c772-4df8-bc5c-2a88baa35105: start LeaderElection
2019-10-02 11:22:52,559 [86433f91-68d3-4541-b45f-cc3cc45c90af@group-2798287E44F6-SegmentedRaftLogWorker] INFO  segmented.SegmentedRaftLogWorker (SegmentedRaftLogWorker.java:execute(574)) - 86433f91-68d3-4541-b45f-cc3cc45c90af@group-2798287E44F6-SegmentedRaftLogWorker: created new log segment /workdir/hadoop-ozone/integration-test/target/test-dir/MiniOzoneClusterImpl-c6132511-5fdd-4faf-bdf1-f98df057b2f6/datanode-3/data/ratis/28e9d464-49b0-4f37-a855-2798287e44f6/current/log_inprogress_0
2019-10-02 11:22:52,559 [86433f91-68d3-4541-b45f-cc3cc45c90af@group-307A7555D0A2-LeaderElection71] INFO  impl.LeaderElection (LeaderElection.java:askForVotes(178)) - 86433f91-68d3-4541-b45f-cc3cc45c90af@group-307A7555D0A2-LeaderElection71: begin an election at term 1 for -1: [29293bba-7ecd-42b9-9c4d-306cd62453b6:192.168.30.53:43965, 6a123e99-c772-4df8-bc5c-2a88baa35105:192.168.30.53:35427, 86433f91-68d3-4541-b45f-cc3cc45c90af:192.168.30.53:45896], old=null
2019-10-02 11:22:52,564 [grpc-default-executor-0] INFO  impl.RaftServerImpl (RaftServerImpl.java:setRole(170)) - 29293bba-7ecd-42b9-9c4d-306cd62453b6@group-307A7555D0A2: changes role from  FOLLOWER to FOLLOWER at term 1 for recognizeCandidate:86433f91-68d3-4541-b45f-cc3cc45c90af
2019-10-02 11:22:52,564 [grpc-default-executor-0] INFO  impl.RoleInfo (RoleInfo.java:shutdownFollowerState(121)) - 29293bba-7ecd-42b9-9c4d-306cd62453b6: shutdown FollowerState
2019-10-02 11:22:52,565 [grpc-default-executor-0] INFO  impl.RoleInfo (RoleInfo.java:updateAndGet(143)) - 29293bba-7ecd-42b9-9c4d-306cd62453b6: start FollowerState
2019-10-02 11:22:52,565 [Thread-2951] INFO  impl.FollowerState (FollowerState.java:run(117)) - 29293bba-7ecd-42b9-9c4d-306cd62453b6@group-307A7555D0A2-FollowerState was interrupted: java.lang.InterruptedException: sleep interrupted
2019-10-02 11:22:52,596 [29293bba-7ecd-42b9-9c4d-306cd62453b6@group-2798287E44F6-SegmentedRaftLogWorker] INFO  segmented.SegmentedRaftLogWorker (SegmentedRaftLogWorker.java:execute(574)) - 29293bba-7ecd-42b9-9c4d-306cd62453b6@group-2798287E44F6-SegmentedRaftLogWorker: created new log segment /workdir/hadoop-ozone/integration-test/target/test-dir/MiniOzoneClusterImpl-c6132511-5fdd-4faf-bdf1-f98df057b2f6/datanode-2/data/ratis/28e9d464-49b0-4f37-a855-2798287e44f6/current/log_inprogress_0
2019-10-02 11:22:52,596 [6a123e99-c772-4df8-bc5c-2a88baa35105@group-2798287E44F6-SegmentedRaftLogWorker] INFO  segmented.SegmentedRaftLogWorker (SegmentedRaftLogWorker.java:execute(574)) - 6a123e99-c772-4df8-bc5c-2a88baa35105@group-2798287E44F6-SegmentedRaftLogWorker: created new log segment /workdir/hadoop-ozone/integration-test/target/test-dir/MiniOzoneClusterImpl-c6132511-5fdd-4faf-bdf1-f98df057b2f6/datanode-5/data/ratis/28e9d464-49b0-4f37-a855-2798287e44f6/current/log_inprogress_0
2019-10-02 11:22:52,596 [6a123e99-c772-4df8-bc5c-2a88baa35105@group-307A7555D0A2-LeaderElection72] INFO  impl.LeaderElection (LeaderElection.java:askForVotes(178)) - 6a123e99-c772-4df8-bc5c-2a88baa35105@group-307A7555D0A2-LeaderElection72: begin an election at term 1 for -1: [29293bba-7ecd-42b9-9c4d-306cd62453b6:192.168.30.53:43965, 6a123e99-c772-4df8-bc5c-2a88baa35105:192.168.30.53:35427, 86433f91-68d3-4541-b45f-cc3cc45c90af:192.168.30.53:45896], old=null
2019-10-02 11:22:52,597 [86433f91-68d3-4541-b45f-cc3cc45c90af@group-307A7555D0A2-LeaderElection71] INFO  impl.LeaderElection (LeaderElection.java:logAndReturn(56)) - 86433f91-68d3-4541-b45f-cc3cc45c90af@group-307A7555D0A2-LeaderElection71: Election PASSED; received 1 response(s) [86433f91-68d3-4541-b45f-cc3cc45c90af<-29293bba-7ecd-42b9-9c4d-306cd62453b6#0:OK-t1] and 0 exception(s); 86433f91-68d3-4541-b45f-cc3cc45c90af@group-307A7555D0A2:t1, leader=null, voted=86433f91-68d3-4541-b45f-cc3cc45c90af, raftlog=86433f91-68d3-4541-b45f-cc3cc45c90af@group-307A7555D0A2-SegmentedRaftLog:OPENED:c-1,f-1,i0, conf=-1: [29293bba-7ecd-42b9-9c4d-306cd62453b6:192.168.30.53:43965, 6a123e99-c772-4df8-bc5c-2a88baa35105:192.168.30.53:35427, 86433f91-68d3-4541-b45f-cc3cc45c90af:192.168.30.53:45896], old=null
2019-10-02 11:22:52,597 [86433f91-68d3-4541-b45f-cc3cc45c90af@group-307A7555D0A2-LeaderElection71] INFO  impl.RoleInfo (RoleInfo.java:shutdownLeaderElection(134)) - 86433f91-68d3-4541-b45f-cc3cc45c90af: shutdown LeaderElection
2019-10-02 11:22:52,597 [86433f91-68d3-4541-b45f-cc3cc45c90af@group-307A7555D0A2-LeaderElection71] INFO  impl.RaftServerImpl (RaftServerImpl.java:setRole(170)) - 86433f91-68d3-4541-b45f-cc3cc45c90af@group-307A7555D0A2: changes role from CANDIDATE to LEADER at term 1 for changeToLeader
2019-10-02 11:22:52,598 [86433f91-68d3-4541-b45f-cc3cc45c90af@group-307A7555D0A2-LeaderElection71] INFO  impl.RaftServerImpl (ServerState.java:setLeader(255)) - 86433f91-68d3-4541-b45f-cc3cc45c90af@group-307A7555D0A2: change Leader from null to 86433f91-68d3-4541-b45f-cc3cc45c90af at term 1 for becomeLeader, leader elected after 5474ms
2019-10-02 11:22:52,598 [86433f91-68d3-4541-b45f-cc3cc45c90af@group-307A7555D0A2-LeaderElection71] INFO  server.RaftServerConfigKeys (ConfUtils.java:logGet(43)) - raft.server.staging.catchup.gap = 1000 (default)
2019-10-02 11:22:52,598 [86433f91-68d3-4541-b45f-cc3cc45c90af@group-307A7555D0A2-LeaderElection71] INFO  server.RaftServerConfigKeys (ConfUtils.java:logGet(43)) - raft.server.rpc.sleep.time = 25ms (default)
2019-10-02 11:22:52,598 [86433f91-68d3-4541-b45f-cc3cc45c90af@group-307A7555D0A2-LeaderElection71] INFO  server.RaftServerConfigKeys (ConfUtils.java:logGet(43)) - raft.server.write.element-limit = 4096 (default)
2019-10-02 11:22:52,598 [86433f91-68d3-4541-b45f-cc3cc45c90af@group-307A7555D0A2-LeaderElection71] INFO  server.RaftServerConfigKeys (ConfUtils.java:logGet(43)) - raft.server.watch.timeout = 10s (default)
2019-10-02 11:22:52,599 [86433f91-68d3-4541-b45f-cc3cc45c90af@group-307A7555D0A2-LeaderElection71] INFO  server.RaftServerConfigKeys (ConfUtils.java:logGet(43)) - raft.server.watch.timeout.denomination = 1s (default)
2019-10-02 11:22:52,599 [86433f91-68d3-4541-b45f-cc3cc45c90af@group-307A7555D0A2-LeaderElection71] INFO  server.RaftServerConfigKeys (ConfUtils.java:logGet(43)) - raft.server.watch.element-limit = 65536 (default)
2019-10-02 11:22:52,603 [86433f91-68d3-4541-b45f-cc3cc45c90af@group-307A7555D0A2-LeaderElection71] INFO  server.RaftServerConfigKeys (ConfUtils.java:logGet(43)) - raft.server.log.appender.snapshot.chunk.size.max = 16MB (=16777216) (default)
2019-10-02 11:22:52,604 [86433f91-68d3-4541-b45f-cc3cc45c90af@group-307A7555D0A2-LeaderElection71] INFO  server.RaftServerConfigKeys (ConfUtils.java:logGet(43)) - raft.server.log.appender.buffer.byte-limit = 33554432 (custom)
2019-10-02 11:22:52,604 [86433f91-68d3-4541-b45f-cc3cc45c90af@group-307A7555D0A2-LeaderElection71] INFO  server.RaftServerConfigKeys (ConfUtils.java:logGet(43)) - raft.server.log.appender.buffer.element-limit = 1 (custom)
2019-10-02 11:22:52,604 [86433f91-68d3-4541-b45f-cc3cc45c90af@group-307A7555D0A2-LeaderElection71] INFO  grpc.GrpcConfigKeys$Server (ConfUtils.java:logGet(43)) - raft.grpc.server.leader.outstanding.appends.max = 128 (default)
2019-10-02 11:22:52,604 [86433f91-68d3-4541-b45f-cc3cc45c90af@group-307A7555D0A2-LeaderElection71] INFO  server.RaftServerConfigKeys (ConfUtils.java:logGet(43)) - raft.server.rpc.request.timeout = 3000ms (default)
2019-10-02 11:22:52,605 [86433f91-68d3-4541-b45f-cc3cc45c90af@group-307A7555D0A2-LeaderElection71] INFO  server.RaftServerConfigKeys (ConfUtils.java:logGet(43)) - raft.server.log.appender.install.snapshot.enabled = false (custom)
2019-10-02 11:22:52,605 [86433f91-68d3-4541-b45f-cc3cc45c90af@group-307A7555D0A2-LeaderElection71] INFO  server.RaftServerConfigKeys (ConfUtils.java:logGet(43)) - raft.server.log.appender.snapshot.chunk.size.max = 16MB (=16777216) (default)
2019-10-02 11:22:52,605 [86433f91-68d3-4541-b45f-cc3cc45c90af@group-307A7555D0A2-LeaderElection71] INFO  server.RaftServerConfigKeys (ConfUtils.java:logGet(43)) - raft.server.log.appender.buffer.byte-limit = 33554432 (custom)
2019-10-02 11:22:52,605 [86433f91-68d3-4541-b45f-cc3cc45c90af@group-307A7555D0A2-LeaderElection71] INFO  server.RaftServerConfigKeys (ConfUtils.java:logGet(43)) - raft.server.log.appender.buffer.element-limit = 1 (custom)
2019-10-02 11:22:52,605 [86433f91-68d3-4541-b45f-cc3cc45c90af@group-307A7555D0A2-LeaderElection71] INFO  grpc.GrpcConfigKeys$Server (ConfUtils.java:logGet(43)) - raft.grpc.server.leader.outstanding.appends.max = 128 (default)
2019-10-02 11:22:52,606 [86433f91-68d3-4541-b45f-cc3cc45c90af@group-307A7555D0A2-LeaderElection71] INFO  server.RaftServerConfigKeys (ConfUtils.java:logGet(43)) - raft.server.rpc.request.timeout = 3000ms (default)
2019-10-02 11:22:52,606 [86433f91-68d3-4541-b45f-cc3cc45c90af@group-307A7555D0A2-LeaderElection71] INFO  server.RaftServerConfigKeys (ConfUtils.java:logGet(43)) - raft.server.log.appender.install.snapshot.enabled = false (custom)
2019-10-02 11:22:52,606 [86433f91-68d3-4541-b45f-cc3cc45c90af@group-307A7555D0A2-LeaderElection71] INFO  impl.RoleInfo (RoleInfo.java:updateAndGet(143)) - 86433f91-68d3-4541-b45f-cc3cc45c90af: start LeaderState
2019-10-02 11:22:52,606 [86433f91-68d3-4541-b45f-cc3cc45c90af@group-307A7555D0A2-LeaderElection71] INFO  segmented.SegmentedRaftLogWorker (SegmentedRaftLogWorker.java:startLogSegment(385)) - 86433f91-68d3-4541-b45f-cc3cc45c90af@group-307A7555D0A2-SegmentedRaftLogWorker: Starting segment from index:0
2019-10-02 11:22:52,607 [86433f91-68d3-4541-b45f-cc3cc45c90af@group-307A7555D0A2-LeaderElection71] INFO  impl.RaftServerImpl (ServerState.java:setRaftConf(356)) - 86433f91-68d3-4541-b45f-cc3cc45c90af@group-307A7555D0A2: set configuration 0: [29293bba-7ecd-42b9-9c4d-306cd62453b6:192.168.30.53:43965, 6a123e99-c772-4df8-bc5c-2a88baa35105:192.168.30.53:35427, 86433f91-68d3-4541-b45f-cc3cc45c90af:192.168.30.53:45896], old=null at 0
2019-10-02 11:22:52,608 [grpc-default-executor-0] INFO  impl.RaftServerImpl (RaftServerImpl.java:requestVote(754)) - 86433f91-68d3-4541-b45f-cc3cc45c90af@group-307A7555D0A2-   LEADER: Withhold vote from candidate 6a123e99-c772-4df8-bc5c-2a88baa35105 with term 1. State: leader=86433f91-68d3-4541-b45f-cc3cc45c90af, term=1, lastRpcElapsed=null
2019-10-02 11:22:52,640 [6a123e99-c772-4df8-bc5c-2a88baa35105@group-307A7555D0A2-LeaderElection72] INFO  impl.LeaderElection (LeaderElection.java:logAndReturn(56)) - 6a123e99-c772-4df8-bc5c-2a88baa35105@group-307A7555D0A2-LeaderElection72: Election REJECTED; received 2 response(s) [6a123e99-c772-4df8-bc5c-2a88baa35105<-29293bba-7ecd-42b9-9c4d-306cd62453b6#0:FAIL-t1, 6a123e99-c772-4df8-bc5c-2a88baa35105<-86433f91-68d3-4541-b45f-cc3cc45c90af#0:FAIL-t1] and 0 exception(s); 6a123e99-c772-4df8-bc5c-2a88baa35105@group-307A7555D0A2:t1, leader=null, voted=6a123e99-c772-4df8-bc5c-2a88baa35105, raftlog=6a123e99-c772-4df8-bc5c-2a88baa35105@group-307A7555D0A2-SegmentedRaftLog:OPENED:c-1,f-1,i0, conf=-1: [29293bba-7ecd-42b9-9c4d-306cd62453b6:192.168.30.53:43965, 6a123e99-c772-4df8-bc5c-2a88baa35105:192.168.30.53:35427, 86433f91-68d3-4541-b45f-cc3cc45c90af:192.168.30.53:45896], old=null
2019-10-02 11:22:52,640 [6a123e99-c772-4df8-bc5c-2a88baa35105@group-307A7555D0A2-LeaderElection72] INFO  impl.RaftServerImpl (RaftServerImpl.java:setRole(170)) - 6a123e99-c772-4df8-bc5c-2a88baa35105@group-307A7555D0A2: changes role from CANDIDATE to FOLLOWER at term 1 for DISCOVERED_A_NEW_TERM
2019-10-02 11:22:52,640 [6a123e99-c772-4df8-bc5c-2a88baa35105@group-307A7555D0A2-LeaderElection72] INFO  impl.RoleInfo (RoleInfo.java:shutdownLeaderElection(134)) - 6a123e99-c772-4df8-bc5c-2a88baa35105: shutdown LeaderElection
2019-10-02 11:22:52,640 [grpc-default-executor-12] INFO  impl.RaftServerImpl (ServerState.java:setLeader(255)) - 29293bba-7ecd-42b9-9c4d-306cd62453b6@group-307A7555D0A2: change Leader from null to 86433f91-68d3-4541-b45f-cc3cc45c90af at term 1 for appendEntries, leader elected after 5290ms
2019-10-02 11:22:52,642 [6a123e99-c772-4df8-bc5c-2a88baa35105@group-307A7555D0A2-LeaderElection72] INFO  impl.RoleInfo (RoleInfo.java:updateAndGet(143)) - 6a123e99-c772-4df8-bc5c-2a88baa35105: start FollowerState
2019-10-02 11:22:52,643 [grpc-default-executor-0] INFO  impl.RaftServerImpl (ServerState.java:setLeader(255)) - 6a123e99-c772-4df8-bc5c-2a88baa35105@group-307A7555D0A2: change Leader from null to 86433f91-68d3-4541-b45f-cc3cc45c90af at term 1 for appendEntries, leader elected after 5520ms
2019-10-02 11:22:52,645 [grpc-default-executor-12] INFO  impl.RaftServerImpl (ServerState.java:setRaftConf(356)) - 29293bba-7ecd-42b9-9c4d-306cd62453b6@group-307A7555D0A2: set configuration 0: [29293bba-7ecd-42b9-9c4d-306cd62453b6:192.168.30.53:43965, 6a123e99-c772-4df8-bc5c-2a88baa35105:192.168.30.53:35427, 86433f91-68d3-4541-b45f-cc3cc45c90af:192.168.30.53:45896], old=null at 0
2019-10-02 11:22:52,645 [grpc-default-executor-0] INFO  impl.RaftServerImpl (ServerState.java:setRaftConf(356)) - 6a123e99-c772-4df8-bc5c-2a88baa35105@group-307A7555D0A2: set configuration 0: [29293bba-7ecd-42b9-9c4d-306cd62453b6:192.168.30.53:43965, 6a123e99-c772-4df8-bc5c-2a88baa35105:192.168.30.53:35427, 86433f91-68d3-4541-b45f-cc3cc45c90af:192.168.30.53:45896], old=null at 0
2019-10-02 11:22:52,645 [grpc-default-executor-12] INFO  segmented.SegmentedRaftLogWorker (SegmentedRaftLogWorker.java:startLogSegment(385)) - 29293bba-7ecd-42b9-9c4d-306cd62453b6@group-307A7555D0A2-SegmentedRaftLogWorker: Starting segment from index:0
2019-10-02 11:22:52,645 [grpc-default-executor-0] INFO  segmented.SegmentedRaftLogWorker (SegmentedRaftLogWorker.java:startLogSegment(385)) - 6a123e99-c772-4df8-bc5c-2a88baa35105@group-307A7555D0A2-SegmentedRaftLogWorker: Starting segment from index:0
2019-10-02 11:22:52,663 [86433f91-68d3-4541-b45f-cc3cc45c90af@group-307A7555D0A2-SegmentedRaftLogWorker] INFO  segmented.SegmentedRaftLogWorker (SegmentedRaftLogWorker.java:execute(574)) - 86433f91-68d3-4541-b45f-cc3cc45c90af@group-307A7555D0A2-SegmentedRaftLogWorker: created new log segment /workdir/hadoop-ozone/integration-test/target/test-dir/MiniOzoneClusterImpl-c6132511-5fdd-4faf-bdf1-f98df057b2f6/datanode-3/data/ratis/5cdadfb5-4c14-46f7-96c8-307a7555d0a2/current/log_inprogress_0
2019-10-02 11:22:52,688 [6a123e99-c772-4df8-bc5c-2a88baa35105@group-307A7555D0A2-SegmentedRaftLogWorker] INFO  segmented.SegmentedRaftLogWorker (SegmentedRaftLogWorker.java:execute(574)) - 6a123e99-c772-4df8-bc5c-2a88baa35105@group-307A7555D0A2-SegmentedRaftLogWorker: created new log segment /workdir/hadoop-ozone/integration-test/target/test-dir/MiniOzoneClusterImpl-c6132511-5fdd-4faf-bdf1-f98df057b2f6/datanode-5/data/ratis/5cdadfb5-4c14-46f7-96c8-307a7555d0a2/current/log_inprogress_0
2019-10-02 11:22:52,705 [29293bba-7ecd-42b9-9c4d-306cd62453b6@group-307A7555D0A2-SegmentedRaftLogWorker] INFO  segmented.SegmentedRaftLogWorker (SegmentedRaftLogWorker.java:execute(574)) - 29293bba-7ecd-42b9-9c4d-306cd62453b6@group-307A7555D0A2-SegmentedRaftLogWorker: created new log segment /workdir/hadoop-ozone/integration-test/target/test-dir/MiniOzoneClusterImpl-c6132511-5fdd-4faf-bdf1-f98df057b2f6/datanode-2/data/ratis/5cdadfb5-4c14-46f7-96c8-307a7555d0a2/current/log_inprogress_0
2019-10-02 11:22:52,902 [Thread-2949] INFO  impl.FollowerState (FollowerState.java:run(108)) - 29293bba-7ecd-42b9-9c4d-306cd62453b6@group-3F202631F540-FollowerState: change to CANDIDATE, lastRpcTime:5068ms, electionTimeout:5068ms
2019-10-02 11:22:52,902 [Thread-2949] INFO  impl.RoleInfo (RoleInfo.java:shutdownFollowerState(121)) - 29293bba-7ecd-42b9-9c4d-306cd62453b6: shutdown FollowerState
2019-10-02 11:22:52,902 [Thread-2949] INFO  impl.RaftServerImpl (RaftServerImpl.java:setRole(170)) - 29293bba-7ecd-42b9-9c4d-306cd62453b6@group-3F202631F540: changes role from  FOLLOWER to CANDIDATE at term 0 for changeToCandidate
2019-10-02 11:22:52,902 [Thread-2949] INFO  impl.RoleInfo (RoleInfo.java:updateAndGet(143)) - 29293bba-7ecd-42b9-9c4d-306cd62453b6: start LeaderElection
2019-10-02 11:22:52,942 [ForkJoinPool.commonPool-worker-0] INFO  ozoneimpl.OzoneContainer (OzoneContainer.java:stop(231)) - Attempting to stop container services.
2019-10-02 11:22:52,942 [main] INFO  ozoneimpl.OzoneContainer (OzoneContainer.java:stop(231)) - Attempting to stop container services.
2019-10-02 11:22:52,942 [ForkJoinPool.commonPool-worker-0] INFO  impl.RaftServerProxy (RaftServerProxy.java:lambda$close$4(314)) - 29293bba-7ecd-42b9-9c4d-306cd62453b6: close
2019-10-02 11:22:52,942 [main] INFO  impl.RaftServerProxy (RaftServerProxy.java:lambda$close$4(314)) - 86433f91-68d3-4541-b45f-cc3cc45c90af: close
2019-10-02 11:22:52,943 [ForkJoinPool.commonPool-worker-0] INFO  impl.RaftServerImpl (RaftServerImpl.java:lambda$shutdown$3(247)) - 29293bba-7ecd-42b9-9c4d-306cd62453b6@group-E0906783DC09: shutdown
2019-10-02 11:22:52,943 [main] INFO  impl.RaftServerImpl (RaftServerImpl.java:lambda$shutdown$3(247)) - 86433f91-68d3-4541-b45f-cc3cc45c90af@group-E0906783DC09: shutdown
2019-10-02 11:22:52,943 [ForkJoinPool.commonPool-worker-0] INFO  util.JmxRegister (JmxRegister.java:unregister(73)) - Successfully un-registered JMX Bean with object name Ratis:service=RaftServer,group=group-E0906783DC09,id=29293bba-7ecd-42b9-9c4d-306cd62453b6
2019-10-02 11:22:52,944 [main] INFO  util.JmxRegister (JmxRegister.java:unregister(73)) - Successfully un-registered JMX Bean with object name Ratis:service=RaftServer,group=group-E0906783DC09,id=86433f91-68d3-4541-b45f-cc3cc45c90af
2019-10-02 11:22:52,944 [ForkJoinPool.commonPool-worker-0] INFO  impl.RoleInfo (RoleInfo.java:shutdownLeaderState(104)) - 29293bba-7ecd-42b9-9c4d-306cd62453b6: shutdown LeaderState
2019-10-02 11:22:52,944 [main] INFO  impl.RoleInfo (RoleInfo.java:shutdownFollowerState(121)) - 86433f91-68d3-4541-b45f-cc3cc45c90af: shutdown FollowerState
2019-10-02 11:22:52,950 [29293bba-7ecd-42b9-9c4d-306cd62453b6@group-3F202631F540-LeaderElection73] INFO  impl.LeaderElection (LeaderElection.java:askForVotes(178)) - 29293bba-7ecd-42b9-9c4d-306cd62453b6@group-3F202631F540-LeaderElection73: begin an election at term 1 for -1: [29293bba-7ecd-42b9-9c4d-306cd62453b6:192.168.30.53:43965], old=null
2019-10-02 11:22:52,950 [org.apache.ratis.server.impl.LogAppender$AppenderDaemon$$Lambda$523/1947273203@1a399d5c] WARN  server.GrpcLogAppender (GrpcLogAppender.java:mayWait(143)) - 29293bba-7ecd-42b9-9c4d-306cd62453b6@group-E0906783DC09->86433f91-68d3-4541-b45f-cc3cc45c90af-GrpcLogAppender: Wait interrupted by java.lang.InterruptedException
2019-10-02 11:22:52,950 [org.apache.ratis.server.impl.LogAppender$AppenderDaemon$$Lambda$523/1947273203@5bc05685] WARN  server.GrpcLogAppender (GrpcLogAppender.java:mayWait(143)) - 29293bba-7ecd-42b9-9c4d-306cd62453b6@group-E0906783DC09->6a123e99-c772-4df8-bc5c-2a88baa35105-GrpcLogAppender: Wait interrupted by java.lang.InterruptedException
2019-10-02 11:22:52,950 [ForkJoinPool.commonPool-worker-0] INFO  impl.PendingRequests (PendingRequests.java:sendNotLeaderResponses(202)) - 29293bba-7ecd-42b9-9c4d-306cd62453b6@group-E0906783DC09-PendingRequests: sendNotLeaderResponses
2019-10-02 11:22:52,950 [29293bba-7ecd-42b9-9c4d-306cd62453b6@group-3F202631F540-LeaderElection73] INFO  impl.RoleInfo (RoleInfo.java:shutdownLeaderElection(134)) - 29293bba-7ecd-42b9-9c4d-306cd62453b6: shutdown LeaderElection
2019-10-02 11:22:52,950 [Thread-2959] INFO  impl.FollowerState (FollowerState.java:run(117)) - 86433f91-68d3-4541-b45f-cc3cc45c90af@group-E0906783DC09-FollowerState was interrupted: java.lang.InterruptedException: sleep interrupted
2019-10-02 11:22:52,950 [main] INFO  impl.StateMachineUpdater (StateMachineUpdater.java:stopAndJoin(136)) - 86433f91-68d3-4541-b45f-cc3cc45c90af@group-E0906783DC09-StateMachineUpdater: set stopIndex = -1
2019-10-02 11:22:52,951 [grpc-default-executor-12] INFO  server.GrpcServerProtocolService (GrpcServerProtocolService.java:onCompleted(113)) - 6a123e99-c772-4df8-bc5c-2a88baa35105: Completed APPEND_ENTRIES, lastRequest: 29293bba-7ecd-42b9-9c4d-306cd62453b6->6a123e99-c772-4df8-bc5c-2a88baa35105#1-t2, previous=(t:0, i:0), leaderCommit=-1, initializing? false, entries: size=1, first=(t:2, i:0), CONFIGURATIONENTRY
2019-10-02 11:22:52,951 [29293bba-7ecd-42b9-9c4d-306cd62453b6@group-3F202631F540-LeaderElection73] INFO  impl.RaftServerImpl (RaftServerImpl.java:setRole(170)) - 29293bba-7ecd-42b9-9c4d-306cd62453b6@group-3F202631F540: changes role from CANDIDATE to LEADER at term 1 for changeToLeader
2019-10-02 11:22:52,951 [grpc-default-executor-0] INFO  server.GrpcServerProtocolService (GrpcServerProtocolService.java:onCompleted(113)) - 86433f91-68d3-4541-b45f-cc3cc45c90af: Completed APPEND_ENTRIES, lastRequest: 29293bba-7ecd-42b9-9c4d-306cd62453b6->86433f91-68d3-4541-b45f-cc3cc45c90af#1-t2, previous=(t:0, i:0), leaderCommit=-1, initializing? false, entries: size=1, first=(t:2, i:0), CONFIGURATIONENTRY
2019-10-02 11:22:52,951 [ForkJoinPool.commonPool-worker-0] INFO  impl.StateMachineUpdater (StateMachineUpdater.java:stopAndJoin(136)) - 29293bba-7ecd-42b9-9c4d-306cd62453b6@group-E0906783DC09-StateMachineUpdater: set stopIndex = 0
2019-10-02 11:22:52,953 [grpc-default-executor-0] INFO  server.GrpcLogAppender (GrpcLogAppender.java:onCompleted(293)) - 29293bba-7ecd-42b9-9c4d-306cd62453b6@group-E0906783DC09->6a123e99-c772-4df8-bc5c-2a88baa35105-AppendLogResponseHandler: follower responses appendEntries COMPLETED
2019-10-02 11:22:52,952 [29293bba-7ecd-42b9-9c4d-306cd62453b6@group-3F202631F540-LeaderElection73] INFO  impl.RaftServerImpl (ServerState.java:setLeader(255)) - 29293bba-7ecd-42b9-9c4d-306cd62453b6@group-3F202631F540: change Leader from null to 29293bba-7ecd-42b9-9c4d-306cd62453b6 at term 1 for becomeLeader, leader elected after 5831ms
2019-10-02 11:22:52,952 [main] INFO  impl.RaftServerImpl (ServerState.java:close(387)) - 86433f91-68d3-4541-b45f-cc3cc45c90af@group-E0906783DC09: closes. applyIndex: -1
2019-10-02 11:22:52,953 [29293bba-7ecd-42b9-9c4d-306cd62453b6@group-3F202631F540-LeaderElection73] INFO  server.RaftServerConfigKeys (ConfUtils.java:logGet(43)) - raft.server.staging.catchup.gap = 1000 (default)
2019-10-02 11:22:52,954 [29293bba-7ecd-42b9-9c4d-306cd62453b6@group-3F202631F540-LeaderElection73] INFO  server.RaftServerConfigKeys (ConfUtils.java:logGet(43)) - raft.server.rpc.sleep.time = 25ms (default)
2019-10-02 11:22:52,953 [grpc-default-executor-12] INFO  server.GrpcLogAppender (GrpcLogAppender.java:onCompleted(293)) - 29293bba-7ecd-42b9-9c4d-306cd62453b6@group-E0906783DC09->86433f91-68d3-4541-b45f-cc3cc45c90af-AppendLogResponseHandler: follower responses appendEntries COMPLETED
2019-10-02 11:22:52,953 [ForkJoinPool.commonPool-worker-0] INFO  impl.RaftServerImpl (ServerState.java:close(387)) - 29293bba-7ecd-42b9-9c4d-306cd62453b6@group-E0906783DC09: closes. applyIndex: 0
2019-10-02 11:22:52,954 [29293bba-7ecd-42b9-9c4d-306cd62453b6@group-3F202631F540-LeaderElection73] INFO  server.RaftServerConfigKeys (ConfUtils.java:logGet(43)) - raft.server.write.element-limit = 4096 (default)
2019-10-02 11:22:52,954 [86433f91-68d3-4541-b45f-cc3cc45c90af@group-E0906783DC09-SegmentedRaftLogWorker] INFO  segmented.SegmentedRaftLogWorker (SegmentedRaftLogWorker.java:run(316)) - 86433f91-68d3-4541-b45f-cc3cc45c90af@group-E0906783DC09-SegmentedRaftLogWorker was interrupted, exiting. There are 0 tasks remaining in the queue.
2019-10-02 11:22:52,954 [grpc-default-executor-0] INFO  impl.FollowerInfo (FollowerInfo.java:lambda$new$0(51)) - 29293bba-7ecd-42b9-9c4d-306cd62453b6@group-E0906783DC09->6a123e99-c772-4df8-bc5c-2a88baa35105: nextIndex: updateUnconditionally 1 -> 0
2019-10-02 11:22:52,957 [main] INFO  segmented.SegmentedRaftLogWorker (SegmentedRaftLogWorker.java:close(224)) - 86433f91-68d3-4541-b45f-cc3cc45c90af@group-E0906783DC09-SegmentedRaftLogWorker close()
2019-10-02 11:22:52,955 [29293bba-7ecd-42b9-9c4d-306cd62453b6@group-3F202631F540-LeaderElection73] INFO  server.RaftServerConfigKeys (ConfUtils.java:logGet(43)) - raft.server.watch.timeout = 10s (default)
2019-10-02 11:22:52,962 [29293bba-7ecd-42b9-9c4d-306cd62453b6@group-3F202631F540-LeaderElection73] INFO  server.RaftServerConfigKeys (ConfUtils.java:logGet(43)) - raft.server.watch.timeout.denomination = 1s (default)
2019-10-02 11:22:52,955 [grpc-default-executor-12] INFO  impl.FollowerInfo (FollowerInfo.java:lambda$new$0(51)) - 29293bba-7ecd-42b9-9c4d-306cd62453b6@group-E0906783DC09->86433f91-68d3-4541-b45f-cc3cc45c90af: nextIndex: updateUnconditionally 1 -> 0
2019-10-02 11:22:52,955 [29293bba-7ecd-42b9-9c4d-306cd62453b6@group-E0906783DC09-SegmentedRaftLogWorker] INFO  segmented.SegmentedRaftLogWorker (SegmentedRaftLogWorker.java:run(316)) - 29293bba-7ecd-42b9-9c4d-306cd62453b6@group-E0906783DC09-SegmentedRaftLogWorker was interrupted, exiting. There are 0 tasks remaining in the queue.
2019-10-02 11:22:52,962 [29293bba-7ecd-42b9-9c4d-306cd62453b6@group-3F202631F540-LeaderElection73] INFO  server.RaftServerConfigKeys (ConfUtils.java:logGet(43)) - raft.server.watch.element-limit = 65536 (default)
2019-10-02 11:22:52,962 [main] INFO  impl.RaftServerImpl (RaftServerImpl.java:lambda$shutdown$3(247)) - 86433f91-68d3-4541-b45f-cc3cc45c90af@group-74C2998DCC37: shutdown
2019-10-02 11:22:52,964 [ForkJoinPool.commonPool-worker-0] INFO  segmented.SegmentedRaftLogWorker (SegmentedRaftLogWorker.java:close(224)) - 29293bba-7ecd-42b9-9c4d-306cd62453b6@group-E0906783DC09-SegmentedRaftLogWorker close()
2019-10-02 11:22:52,965 [main] INFO  util.JmxRegister (JmxRegister.java:unregister(73)) - Successfully un-registered JMX Bean with object name Ratis:service=RaftServer,group=group-74C2998DCC37,id=86433f91-68d3-4541-b45f-cc3cc45c90af
2019-10-02 11:22:52,969 [main] INFO  impl.RoleInfo (RoleInfo.java:shutdownLeaderState(104)) - 86433f91-68d3-4541-b45f-cc3cc45c90af: shutdown LeaderState
2019-10-02 11:22:52,969 [ForkJoinPool.commonPool-worker-0] INFO  impl.RaftServerImpl (RaftServerImpl.java:lambda$shutdown$3(247)) - 29293bba-7ecd-42b9-9c4d-306cd62453b6@group-307A7555D0A2: shutdown
2019-10-02 11:22:52,969 [main] INFO  impl.PendingRequests (PendingRequests.java:sendNotLeaderResponses(202)) - 86433f91-68d3-4541-b45f-cc3cc45c90af@group-74C2998DCC37-PendingRequests: sendNotLeaderResponses
2019-10-02 11:22:52,969 [29293bba-7ecd-42b9-9c4d-306cd62453b6@group-3F202631F540-LeaderElection73] INFO  impl.RoleInfo (RoleInfo.java:updateAndGet(143)) - 29293bba-7ecd-42b9-9c4d-306cd62453b6: start LeaderState
2019-10-02 11:22:52,970 [main] INFO  impl.StateMachineUpdater (StateMachineUpdater.java:stopAndJoin(136)) - 86433f91-68d3-4541-b45f-cc3cc45c90af@group-74C2998DCC37-StateMachineUpdater: set stopIndex = 0
2019-10-02 11:22:52,971 [main] INFO  impl.RaftServerImpl (ServerState.java:close(387)) - 86433f91-68d3-4541-b45f-cc3cc45c90af@group-74C2998DCC37: closes. applyIndex: 0
2019-10-02 11:22:52,970 [ForkJoinPool.commonPool-worker-0] INFO  util.JmxRegister (JmxRegister.java:unregister(73)) - Successfully un-registered JMX Bean with object name Ratis:service=RaftServer,group=group-307A7555D0A2,id=29293bba-7ecd-42b9-9c4d-306cd62453b6
2019-10-02 11:22:52,971 [86433f91-68d3-4541-b45f-cc3cc45c90af@group-74C2998DCC37-SegmentedRaftLogWorker] INFO  segmented.SegmentedRaftLogWorker (SegmentedRaftLogWorker.java:run(316)) - 86433f91-68d3-4541-b45f-cc3cc45c90af@group-74C2998DCC37-SegmentedRaftLogWorker was interrupted, exiting. There are 0 tasks remaining in the queue.
2019-10-02 11:22:52,971 [29293bba-7ecd-42b9-9c4d-306cd62453b6@group-3F202631F540-LeaderElection73] INFO  segmented.SegmentedRaftLogWorker (SegmentedRaftLogWorker.java:startLogSegment(385)) - 29293bba-7ecd-42b9-9c4d-306cd62453b6@group-3F202631F540-SegmentedRaftLogWorker: Starting segment from index:0
2019-10-02 11:22:52,974 [main] INFO  segmented.SegmentedRaftLogWorker (SegmentedRaftLogWorker.java:close(224)) - 86433f91-68d3-4541-b45f-cc3cc45c90af@group-74C2998DCC37-SegmentedRaftLogWorker close()
2019-10-02 11:22:52,971 [ForkJoinPool.commonPool-worker-0] INFO  impl.RoleInfo (RoleInfo.java:shutdownFollowerState(121)) - 29293bba-7ecd-42b9-9c4d-306cd62453b6: shutdown FollowerState
2019-10-02 11:22:53,009 [main] INFO  impl.RaftServerImpl (RaftServerImpl.java:lambda$shutdown$3(247)) - 86433f91-68d3-4541-b45f-cc3cc45c90af@group-307A7555D0A2: shutdown
2019-10-02 11:22:52,974 [29293bba-7ecd-42b9-9c4d-306cd62453b6@group-3F202631F540-LeaderElection73] INFO  impl.RaftServerImpl (ServerState.java:setRaftConf(356)) - 29293bba-7ecd-42b9-9c4d-306cd62453b6@group-3F202631F540: set configuration 0: [29293bba-7ecd-42b9-9c4d-306cd62453b6:192.168.30.53:43965], old=null at 0
2019-10-02 11:22:53,010 [main] INFO  util.JmxRegister (JmxRegister.java:unregister(73)) - Successfully un-registered JMX Bean with object name Ratis:service=RaftServer,group=group-307A7555D0A2,id=86433f91-68d3-4541-b45f-cc3cc45c90af
2019-10-02 11:22:53,009 [Thread-2988] INFO  impl.FollowerState (FollowerState.java:run(117)) - 29293bba-7ecd-42b9-9c4d-306cd62453b6@group-307A7555D0A2-FollowerState was interrupted: java.lang.InterruptedException: sleep interrupted
2019-10-02 11:22:53,009 [ForkJoinPool.commonPool-worker-0] INFO  impl.StateMachineUpdater (StateMachineUpdater.java:stopAndJoin(136)) - 29293bba-7ecd-42b9-9c4d-306cd62453b6@group-307A7555D0A2-StateMachineUpdater: set stopIndex = -1
2019-10-02 11:22:53,011 [main] INFO  impl.RoleInfo (RoleInfo.java:shutdownLeaderState(104)) - 86433f91-68d3-4541-b45f-cc3cc45c90af: shutdown LeaderState
2019-10-02 11:22:53,013 [ForkJoinPool.commonPool-worker-0] INFO  impl.RaftServerImpl (ServerState.java:close(387)) - 29293bba-7ecd-42b9-9c4d-306cd62453b6@group-307A7555D0A2: closes. applyIndex: -1
2019-10-02 11:22:53,016 [org.apache.ratis.server.impl.LogAppender$AppenderDaemon$$Lambda$523/1947273203@68ef7ff4] WARN  server.GrpcLogAppender (GrpcLogAppender.java:mayWait(143)) - 86433f91-68d3-4541-b45f-cc3cc45c90af@group-307A7555D0A2->29293bba-7ecd-42b9-9c4d-306cd62453b6-GrpcLogAppender: Wait interrupted by java.lang.InterruptedException
2019-10-02 11:22:53,016 [main] INFO  impl.PendingRequests (PendingRequests.java:sendNotLeaderResponses(202)) - 86433f91-68d3-4541-b45f-cc3cc45c90af@group-307A7555D0A2-PendingRequests: sendNotLeaderResponses
2019-10-02 11:22:53,016 [org.apache.ratis.server.impl.LogAppender$AppenderDaemon$$Lambda$523/1947273203@630b6ad3] WARN  server.GrpcLogAppender (GrpcLogAppender.java:mayWait(143)) - 86433f91-68d3-4541-b45f-cc3cc45c90af@group-307A7555D0A2->6a123e99-c772-4df8-bc5c-2a88baa35105-GrpcLogAppender: Wait interrupted by java.lang.InterruptedException
2019-10-02 11:22:53,017 [grpc-default-executor-12] INFO  server.GrpcServerProtocolService (GrpcServerProtocolService.java:onCompleted(113)) - 29293bba-7ecd-42b9-9c4d-306cd62453b6: Completed APPEND_ENTRIES, lastRequest: 86433f91-68d3-4541-b45f-cc3cc45c90af->29293bba-7ecd-42b9-9c4d-306cd62453b6#1-t1, previous=(t:0, i:0), leaderCommit=-1, initializing? false, entries: size=1, first=(t:1, i:0), CONFIGURATIONENTRY
2019-10-02 11:22:53,017 [main] INFO  impl.StateMachineUpdater (StateMachineUpdater.java:stopAndJoin(136)) - 86433f91-68d3-4541-b45f-cc3cc45c90af@group-307A7555D0A2-StateMachineUpdater: set stopIndex = 0
2019-10-02 11:22:53,016 [29293bba-7ecd-42b9-9c4d-306cd62453b6@group-307A7555D0A2-SegmentedRaftLogWorker] INFO  segmented.SegmentedRaftLogWorker (SegmentedRaftLogWorker.java:run(316)) - 29293bba-7ecd-42b9-9c4d-306cd62453b6@group-307A7555D0A2-SegmentedRaftLogWorker was interrupted, exiting. There are 0 tasks remaining in the queue.
2019-10-02 11:22:53,017 [main] INFO  impl.RaftServerImpl (ServerState.java:close(387)) - 86433f91-68d3-4541-b45f-cc3cc45c90af@group-307A7555D0A2: closes. applyIndex: 0
2019-10-02 11:22:53,017 [grpc-default-executor-12] INFO  server.GrpcServerProtocolService (GrpcServerProtocolService.java:onCompleted(113)) - 6a123e99-c772-4df8-bc5c-2a88baa35105: Completed APPEND_ENTRIES, lastRequest: 86433f91-68d3-4541-b45f-cc3cc45c90af->6a123e99-c772-4df8-bc5c-2a88baa35105#1-t1, previous=(t:0, i:0), leaderCommit=-1, initializing? false, entries: size=1, first=(t:1, i:0), CONFIGURATIONENTRY
2019-10-02 11:22:53,019 [ForkJoinPool.commonPool-worker-0] INFO  segmented.SegmentedRaftLogWorker (SegmentedRaftLogWorker.java:close(224)) - 29293bba-7ecd-42b9-9c4d-306cd62453b6@group-307A7555D0A2-SegmentedRaftLogWorker close()
2019-10-02 11:22:53,020 [grpc-default-executor-12] INFO  server.GrpcLogAppender (GrpcLogAppender.java:onCompleted(293)) - 86433f91-68d3-4541-b45f-cc3cc45c90af@group-307A7555D0A2->6a123e99-c772-4df8-bc5c-2a88baa35105-AppendLogResponseHandler: follower responses appendEntries COMPLETED
2019-10-02 11:22:53,017 [grpc-default-executor-0] INFO  server.GrpcLogAppender (GrpcLogAppender.java:onCompleted(293)) - 86433f91-68d3-4541-b45f-cc3cc45c90af@group-307A7555D0A2->29293bba-7ecd-42b9-9c4d-306cd62453b6-AppendLogResponseHandler: follower responses appendEntries COMPLETED
2019-10-02 11:22:53,023 [ForkJoinPool.commonPool-worker-0] INFO  impl.RaftServerImpl (RaftServerImpl.java:lambda$shutdown$3(247)) - 29293bba-7ecd-42b9-9c4d-306cd62453b6@group-3F202631F540: shutdown
2019-10-02 11:22:53,024 [ForkJoinPool.commonPool-worker-0] INFO  util.JmxRegister (JmxRegister.java:unregister(73)) - Successfully un-registered JMX Bean with object name Ratis:service=RaftServer,group=group-3F202631F540,id=29293bba-7ecd-42b9-9c4d-306cd62453b6
2019-10-02 11:22:53,020 [86433f91-68d3-4541-b45f-cc3cc45c90af@group-307A7555D0A2-SegmentedRaftLogWorker] INFO  segmented.SegmentedRaftLogWorker (SegmentedRaftLogWorker.java:run(316)) - 86433f91-68d3-4541-b45f-cc3cc45c90af@group-307A7555D0A2-SegmentedRaftLogWorker was interrupted, exiting. There are 0 tasks remaining in the queue.
2019-10-02 11:22:53,024 [ForkJoinPool.commonPool-worker-0] INFO  impl.RoleInfo (RoleInfo.java:shutdownLeaderState(104)) - 29293bba-7ecd-42b9-9c4d-306cd62453b6: shutdown LeaderState
2019-10-02 11:22:53,026 [ForkJoinPool.commonPool-worker-0] INFO  impl.PendingRequests (PendingRequests.java:sendNotLeaderResponses(202)) - 29293bba-7ecd-42b9-9c4d-306cd62453b6@group-3F202631F540-PendingRequests: sendNotLeaderResponses
2019-10-02 11:22:53,026 [ForkJoinPool.commonPool-worker-0] INFO  impl.StateMachineUpdater (StateMachineUpdater.java:stopAndJoin(136)) - 29293bba-7ecd-42b9-9c4d-306cd62453b6@group-3F202631F540-StateMachineUpdater: set stopIndex = -1
2019-10-02 11:22:53,026 [ForkJoinPool.commonPool-worker-0] INFO  impl.RaftServerImpl (ServerState.java:close(387)) - 29293bba-7ecd-42b9-9c4d-306cd62453b6@group-3F202631F540: closes. applyIndex: -1
2019-10-02 11:22:53,031 [main] INFO  segmented.SegmentedRaftLogWorker (SegmentedRaftLogWorker.java:close(224)) - 86433f91-68d3-4541-b45f-cc3cc45c90af@group-307A7555D0A2-SegmentedRaftLogWorker close()
2019-10-02 11:22:53,040 [main] INFO  impl.RaftServerImpl (RaftServerImpl.java:lambda$shutdown$3(247)) - 86433f91-68d3-4541-b45f-cc3cc45c90af@group-2798287E44F6: shutdown
2019-10-02 11:22:53,041 [29293bba-7ecd-42b9-9c4d-306cd62453b6@group-3F202631F540-SegmentedRaftLogWorker] WARN  segmented.SegmentedRaftLogOutputStream (SegmentedRaftLogOutputStream.java:<init>(77)) - Hit IOException while creating log segment /workdir/hadoop-ozone/integration-test/target/test-dir/MiniOzoneClusterImpl-c6132511-5fdd-4faf-bdf1-f98df057b2f6/datanode-2/data/ratis/96cdc12c-9f76-42f2-812a-3f202631f540/current/log_inprogress_0, delete the partial file.
2019-10-02 11:22:53,041 [main] INFO  util.JmxRegister (JmxRegister.java:unregister(73)) - Successfully un-registered JMX Bean with object name Ratis:service=RaftServer,group=group-2798287E44F6,id=86433f91-68d3-4541-b45f-cc3cc45c90af
2019-10-02 11:22:53,041 [main] INFO  impl.RoleInfo (RoleInfo.java:shutdownLeaderState(104)) - 86433f91-68d3-4541-b45f-cc3cc45c90af: shutdown LeaderState
2019-10-02 11:22:53,041 [ForkJoinPool.commonPool-worker-0] INFO  segmented.SegmentedRaftLogWorker (SegmentedRaftLogWorker.java:close(224)) - 29293bba-7ecd-42b9-9c4d-306cd62453b6@group-3F202631F540-SegmentedRaftLogWorker close()
2019-10-02 11:22:53,046 [org.apache.ratis.server.impl.LogAppender$AppenderDaemon$$Lambda$523/1947273203@1730f117] WARN  server.GrpcLogAppender (GrpcLogAppender.java:mayWait(143)) - 86433f91-68d3-4541-b45f-cc3cc45c90af@group-2798287E44F6->29293bba-7ecd-42b9-9c4d-306cd62453b6-GrpcLogAppender: Wait interrupted by java.lang.InterruptedException
2019-10-02 11:22:53,046 [main] INFO  impl.PendingRequests (PendingRequests.java:sendNotLeaderResponses(202)) - 86433f91-68d3-4541-b45f-cc3cc45c90af@group-2798287E44F6-PendingRequests: sendNotLeaderResponses
2019-10-02 11:22:53,051 [grpc-default-executor-8] INFO  server.GrpcServerProtocolService (GrpcServerProtocolService.java:onCompleted(113)) - 29293bba-7ecd-42b9-9c4d-306cd62453b6: Completed APPEND_ENTRIES, lastRequest: 86433f91-68d3-4541-b45f-cc3cc45c90af->29293bba-7ecd-42b9-9c4d-306cd62453b6#1-t1, previous=(t:0, i:0), leaderCommit=-1, initializing? false, entries: size=1, first=(t:1, i:0), CONFIGURATIONENTRY
2019-10-02 11:22:53,046 [org.apache.ratis.server.impl.LogAppender$AppenderDaemon$$Lambda$523/1947273203@1f807d92] WARN  server.GrpcLogAppender (GrpcLogAppender.java:mayWait(143)) - 86433f91-68d3-4541-b45f-cc3cc45c90af@group-2798287E44F6->6a123e99-c772-4df8-bc5c-2a88baa35105-GrpcLogAppender: Wait interrupted by java.lang.InterruptedException
2019-10-02 11:22:53,051 [main] INFO  impl.StateMachineUpdater (StateMachineUpdater.java:stopAndJoin(136)) - 86433f91-68d3-4541-b45f-cc3cc45c90af@group-2798287E44F6-StateMachineUpdater: set stopIndex = 0
2019-10-02 11:22:53,050 [ForkJoinPool.commonPool-worker-0] INFO  impl.RaftServerImpl (RaftServerImpl.java:lambda$shutdown$3(247)) - 29293bba-7ecd-42b9-9c4d-306cd62453b6@group-2798287E44F6: shutdown
2019-10-02 11:22:53,052 [grpc-default-executor-11] INFO  server.GrpcServerProtocolService (GrpcServerProtocolService.java:onCompleted(113)) - 6a123e99-c772-4df8-bc5c-2a88baa35105: Completed APPEND_ENTRIES, lastRequest: 86433f91-68d3-4541-b45f-cc3cc45c90af->6a123e99-c772-4df8-bc5c-2a88baa35105#1-t1, previous=(t:0, i:0), leaderCommit=-1, initializing? false, entries: size=1, first=(t:1, i:0), CONFIGURATIONENTRY
2019-10-02 11:22:53,052 [main] INFO  impl.RaftServerImpl (ServerState.java:close(387)) - 86433f91-68d3-4541-b45f-cc3cc45c90af@group-2798287E44F6: closes. applyIndex: 0
2019-10-02 11:22:53,052 [grpc-default-executor-8] INFO  server.GrpcLogAppender (GrpcLogAppender.java:onCompleted(293)) - 86433f91-68d3-4541-b45f-cc3cc45c90af@group-2798287E44F6->29293bba-7ecd-42b9-9c4d-306cd62453b6-AppendLogResponseHandler: follower responses appendEntries COMPLETED
2019-10-02 11:22:53,052 [ForkJoinPool.commonPool-worker-0] INFO  util.JmxRegister (JmxRegister.java:unregister(73)) - Successfully un-registered JMX Bean with object name Ratis:service=RaftServer,group=group-2798287E44F6,id=29293bba-7ecd-42b9-9c4d-306cd62453b6
2019-10-02 11:22:53,053 [grpc-default-executor-13] INFO  server.GrpcLogAppender (GrpcLogAppender.java:onCompleted(293)) - 86433f91-68d3-4541-b45f-cc3cc45c90af@group-2798287E44F6->6a123e99-c772-4df8-bc5c-2a88baa35105-AppendLogResponseHandler: follower responses appendEntries COMPLETED
2019-10-02 11:22:53,053 [86433f91-68d3-4541-b45f-cc3cc45c90af@group-2798287E44F6-SegmentedRaftLogWorker] INFO  segmented.SegmentedRaftLogWorker (SegmentedRaftLogWorker.java:run(316)) - 86433f91-68d3-4541-b45f-cc3cc45c90af@group-2798287E44F6-SegmentedRaftLogWorker was interrupted, exiting. There are 0 tasks remaining in the queue.
2019-10-02 11:22:53,053 [grpc-default-executor-8] INFO  impl.FollowerInfo (FollowerInfo.java:lambda$new$0(51)) - 86433f91-68d3-4541-b45f-cc3cc45c90af@group-2798287E44F6->29293bba-7ecd-42b9-9c4d-306cd62453b6: nextIndex: updateUnconditionally 1 -> 0
2019-10-02 11:22:53,053 [grpc-default-executor-12] INFO  impl.FollowerInfo (FollowerInfo.java:lambda$new$0(51)) - 86433f91-68d3-4541-b45f-cc3cc45c90af@group-307A7555D0A2->6a123e99-c772-4df8-bc5c-2a88baa35105: nextIndex: updateUnconditionally 1 -> 0
2019-10-02 11:22:53,053 [ForkJoinPool.commonPool-worker-0] INFO  impl.RoleInfo (RoleInfo.java:shutdownFollowerState(121)) - 29293bba-7ecd-42b9-9c4d-306cd62453b6: shutdown FollowerState
2019-10-02 11:22:53,056 [ForkJoinPool.commonPool-worker-0] INFO  impl.StateMachineUpdater (StateMachineUpdater.java:stopAndJoin(136)) - 29293bba-7ecd-42b9-9c4d-306cd62453b6@group-2798287E44F6-StateMachineUpdater: set stopIndex = -1
2019-10-02 11:22:53,056 [main] INFO  segmented.SegmentedRaftLogWorker (SegmentedRaftLogWorker.java:close(224)) - 86433f91-68d3-4541-b45f-cc3cc45c90af@group-2798287E44F6-SegmentedRaftLogWorker close()
2019-10-02 11:22:53,053 [grpc-default-executor-13] INFO  impl.FollowerInfo (FollowerInfo.java:lambda$new$0(51)) - 86433f91-68d3-4541-b45f-cc3cc45c90af@group-2798287E44F6->6a123e99-c772-4df8-bc5c-2a88baa35105: nextIndex: updateUnconditionally 1 -> 0
2019-10-02 11:22:53,053 [grpc-default-executor-0] INFO  impl.FollowerInfo (FollowerInfo.java:lambda$new$0(51)) - 86433f91-68d3-4541-b45f-cc3cc45c90af@group-307A7555D0A2->29293bba-7ecd-42b9-9c4d-306cd62453b6: nextIndex: updateUnconditionally 1 -> 0
2019-10-02 11:22:53,061 [main] INFO  server.GrpcService (GrpcService.java:closeImpl(164)) - 86433f91-68d3-4541-b45f-cc3cc45c90af: shutdown server with port 45896 now
2019-10-02 11:22:53,056 [ForkJoinPool.commonPool-worker-0] INFO  impl.RaftServerImpl (ServerState.java:close(387)) - 29293bba-7ecd-42b9-9c4d-306cd62453b6@group-2798287E44F6: closes. applyIndex: -1
2019-10-02 11:22:53,056 [Thread-2973] INFO  impl.FollowerState (FollowerState.java:run(117)) - 29293bba-7ecd-42b9-9c4d-306cd62453b6@group-2798287E44F6-FollowerState was interrupted: java.lang.InterruptedException: sleep interrupted
2019-10-02 11:22:53,062 [29293bba-7ecd-42b9-9c4d-306cd62453b6@group-2798287E44F6-SegmentedRaftLogWorker] INFO  segmented.SegmentedRaftLogWorker (SegmentedRaftLogWorker.java:run(316)) - 29293bba-7ecd-42b9-9c4d-306cd62453b6@group-2798287E44F6-SegmentedRaftLogWorker was interrupted, exiting. There are 0 tasks remaining in the queue.
2019-10-02 11:22:53,064 [main] INFO  server.GrpcService (GrpcService.java:closeImpl(172)) - 86433f91-68d3-4541-b45f-cc3cc45c90af: shutdown server with port 45896 successfully
2019-10-02 11:22:53,064 [ForkJoinPool.commonPool-worker-0] INFO  segmented.SegmentedRaftLogWorker (SegmentedRaftLogWorker.java:close(224)) - 29293bba-7ecd-42b9-9c4d-306cd62453b6@group-2798287E44F6-SegmentedRaftLogWorker close()
2019-10-02 11:22:53,068 [ForkJoinPool.commonPool-worker-0] INFO  server.GrpcService (GrpcService.java:closeImpl(164)) - 29293bba-7ecd-42b9-9c4d-306cd62453b6: shutdown server with port 43965 now
2019-10-02 11:22:53,069 [ForkJoinPool.commonPool-worker-0] INFO  server.GrpcService (GrpcService.java:closeImpl(172)) - 29293bba-7ecd-42b9-9c4d-306cd62453b6: shutdown server with port 43965 successfully
2019-10-02 11:22:53,070 [refreshUsed-/workdir/hadoop-ozone/integration-test/target/test-dir/MiniOzoneClusterImpl-c6132511-5fdd-4faf-bdf1-f98df057b2f6/datanode-3/data/containers] WARN  fs.CachingGetSpaceUsed (CachingGetSpaceUsed.java:run(183)) - Thread Interrupted waiting to refresh disk information: sleep interrupted
2019-10-02 11:22:53,076 [refreshUsed-/workdir/hadoop-ozone/integration-test/target/test-dir/MiniOzoneClusterImpl-c6132511-5fdd-4faf-bdf1-f98df057b2f6/datanode-2/data/containers] WARN  fs.CachingGetSpaceUsed (CachingGetSpaceUsed.java:run(183)) - Thread Interrupted waiting to refresh disk information: sleep interrupted
2019-10-02 11:22:53,089 [main] INFO  utils.BackgroundService (BackgroundService.java:shutdown(148)) - Shutting down service BlockDeletingService
2019-10-02 11:22:53,096 [main] INFO  statemachine.DatanodeStateMachine (DatanodeStateMachine.java:stopDaemon(395)) - Ozone container server stopped.
2019-10-02 11:22:53,097 [main] INFO  handler.ContextHandler (ContextHandler.java:doStop(910)) - Stopped o.e.j.w.WebAppContext@2fde9469{/,null,UNAVAILABLE}{/hddsDatanode}
2019-10-02 11:22:53,097 [ForkJoinPool.commonPool-worker-0] INFO  utils.BackgroundService (BackgroundService.java:shutdown(148)) - Shutting down service BlockDeletingService
2019-10-02 11:22:53,097 [main] INFO  server.AbstractConnector (AbstractConnector.java:doStop(318)) - Stopped ServerConnector@1ecf0ac6{HTTP/1.1,[http/1.1]}{0.0.0.0:0}
2019-10-02 11:22:53,106 [ForkJoinPool.commonPool-worker-0] INFO  statemachine.DatanodeStateMachine (DatanodeStateMachine.java:stopDaemon(395)) - Ozone container server stopped.
2019-10-02 11:22:53,109 [main] INFO  handler.ContextHandler (ContextHandler.java:doStop(910)) - Stopped o.e.j.s.ServletContextHandler@70be89ec{/static,jar:file:/home/user/.m2/repository/org/apache/hadoop/hadoop-hdds-container-service/0.5.0-SNAPSHOT/hadoop-hdds-container-service-0.5.0-SNAPSHOT.jar!/webapps/static,UNAVAILABLE}
2019-10-02 11:22:53,111 [main] INFO  handler.ContextHandler (ContextHandler.java:doStop(910)) - Stopped o.e.j.s.ServletContextHandler@79195c22{/logs,file:///workdir/hadoop-ozone/integration-test/target/log,UNAVAILABLE}
2019-10-02 11:22:53,113 [ForkJoinPool.commonPool-worker-0] INFO  handler.ContextHandler (ContextHandler.java:doStop(910)) - Stopped o.e.j.w.WebAppContext@58a7dc4{/,null,UNAVAILABLE}{/hddsDatanode}
2019-10-02 11:22:53,114 [ForkJoinPool.commonPool-worker-0] INFO  server.AbstractConnector (AbstractConnector.java:doStop(318)) - Stopped ServerConnector@61b60600{HTTP/1.1,[http/1.1]}{0.0.0.0:0}
2019-10-02 11:22:53,116 [ForkJoinPool.commonPool-worker-0] INFO  handler.ContextHandler (ContextHandler.java:doStop(910)) - Stopped o.e.j.s.ServletContextHandler@71531dd7{/static,jar:file:/home/user/.m2/repository/org/apache/hadoop/hadoop-hdds-container-service/0.5.0-SNAPSHOT/hadoop-hdds-container-service-0.5.0-SNAPSHOT.jar!/webapps/static,UNAVAILABLE}
2019-10-02 11:22:53,118 [ForkJoinPool.commonPool-worker-0] INFO  handler.ContextHandler (ContextHandler.java:doStop(910)) - Stopped o.e.j.s.ServletContextHandler@6e95973c{/logs,file:///workdir/hadoop-ozone/integration-test/target/log,UNAVAILABLE}
2019-10-02 11:22:53,216 [Datanode State Machine Thread - 0] INFO  statemachine.DatanodeStateMachine (DatanodeStateMachine.java:lambda$startDaemon$0(350)) - Ozone container server started.
2019-10-02 11:22:53,808 [Datanode State Machine Thread - 0] INFO  statemachine.DatanodeStateMachine (DatanodeStateMachine.java:lambda$startDaemon$0(350)) - Ozone container server started.
2019-10-02 11:22:57,246 [EventQueue-StaleNodeForStaleNodeHandler] INFO  node.StaleNodeHandler (StaleNodeHandler.java:onMessage(58)) - Datanode fbf0e909-0a14-4ace-ba86-471164be6d41{ip: 192.168.30.53, host: pr-trunk-5xjmm-2411255686, networkLocation: /default-rack, certSerialId: null} moved to stale state. Finalizing its pipelines []
2019-10-02 11:22:57,846 [EventQueue-StaleNodeForStaleNodeHandler] INFO  node.StaleNodeHandler (StaleNodeHandler.java:onMessage(58)) - Datanode 3064a818-b09a-4b59-9b63-a68296a269d0{ip: 192.168.30.53, host: pr-trunk-5xjmm-2411255686, networkLocation: /default-rack, certSerialId: null} moved to stale state. Finalizing its pipelines []
2019-10-02 11:22:58,114 [main] INFO  ozoneimpl.OzoneContainer (OzoneContainer.java:stop(231)) - Attempting to stop container services.
2019-10-02 11:22:58,115 [main] INFO  impl.RaftServerProxy (RaftServerProxy.java:lambda$close$4(314)) - fbf0e909-0a14-4ace-ba86-471164be6d41: close
2019-10-02 11:22:58,115 [main] INFO  server.GrpcService (GrpcService.java:closeImpl(164)) - fbf0e909-0a14-4ace-ba86-471164be6d41: shutdown server with port 39747 now
2019-10-02 11:22:58,116 [main] INFO  server.GrpcService (GrpcService.java:closeImpl(172)) - fbf0e909-0a14-4ace-ba86-471164be6d41: shutdown server with port 39747 successfully
2019-10-02 11:22:58,118 [refreshUsed-/workdir/hadoop-ozone/integration-test/target/test-dir/MiniOzoneClusterImpl-c6132511-5fdd-4faf-bdf1-f98df057b2f6/datanode-6/data/containers] WARN  fs.CachingGetSpaceUsed (CachingGetSpaceUsed.java:run(183)) - Thread Interrupted waiting to refresh disk information: sleep interrupted
2019-10-02 11:22:58,122 [ForkJoinPool.commonPool-worker-0] INFO  ozoneimpl.OzoneContainer (OzoneContainer.java:stop(231)) - Attempting to stop container services.
2019-10-02 11:22:58,122 [ForkJoinPool.commonPool-worker-0] INFO  impl.RaftServerProxy (RaftServerProxy.java:lambda$close$4(314)) - 3064a818-b09a-4b59-9b63-a68296a269d0: close
2019-10-02 11:22:58,122 [ForkJoinPool.commonPool-worker-0] INFO  impl.RaftServerImpl (RaftServerImpl.java:lambda$shutdown$3(247)) - 3064a818-b09a-4b59-9b63-a68296a269d0@group-E5A9375DED0F: shutdown
2019-10-02 11:22:58,123 [ForkJoinPool.commonPool-worker-0] INFO  util.JmxRegister (JmxRegister.java:unregister(73)) - Successfully un-registered JMX Bean with object name Ratis:service=RaftServer,group=group-E5A9375DED0F,id=3064a818-b09a-4b59-9b63-a68296a269d0
2019-10-02 11:22:58,123 [ForkJoinPool.commonPool-worker-0] INFO  impl.RoleInfo (RoleInfo.java:shutdownLeaderState(104)) - 3064a818-b09a-4b59-9b63-a68296a269d0: shutdown LeaderState
2019-10-02 11:22:58,123 [ForkJoinPool.commonPool-worker-0] INFO  impl.PendingRequests (PendingRequests.java:sendNotLeaderResponses(202)) - 3064a818-b09a-4b59-9b63-a68296a269d0@group-E5A9375DED0F-PendingRequests: sendNotLeaderResponses
2019-10-02 11:22:58,124 [ForkJoinPool.commonPool-worker-0] INFO  impl.StateMachineUpdater (StateMachineUpdater.java:stopAndJoin(136)) - 3064a818-b09a-4b59-9b63-a68296a269d0@group-E5A9375DED0F-StateMachineUpdater: set stopIndex = 0
2019-10-02 11:22:58,124 [ForkJoinPool.commonPool-worker-0] INFO  impl.RaftServerImpl (ServerState.java:close(387)) - 3064a818-b09a-4b59-9b63-a68296a269d0@group-E5A9375DED0F: closes. applyIndex: 0
2019-10-02 11:22:58,125 [3064a818-b09a-4b59-9b63-a68296a269d0@group-E5A9375DED0F-SegmentedRaftLogWorker] INFO  segmented.SegmentedRaftLogWorker (SegmentedRaftLogWorker.java:run(316)) - 3064a818-b09a-4b59-9b63-a68296a269d0@group-E5A9375DED0F-SegmentedRaftLogWorker was interrupted, exiting. There are 0 tasks remaining in the queue.
2019-10-02 11:22:58,127 [ForkJoinPool.commonPool-worker-0] INFO  segmented.SegmentedRaftLogWorker (SegmentedRaftLogWorker.java:close(224)) - 3064a818-b09a-4b59-9b63-a68296a269d0@group-E5A9375DED0F-SegmentedRaftLogWorker close()
2019-10-02 11:22:58,131 [ForkJoinPool.commonPool-worker-0] INFO  server.GrpcService (GrpcService.java:closeImpl(164)) - 3064a818-b09a-4b59-9b63-a68296a269d0: shutdown server with port 42211 now
2019-10-02 11:22:58,133 [ForkJoinPool.commonPool-worker-0] INFO  server.GrpcService (GrpcService.java:closeImpl(172)) - 3064a818-b09a-4b59-9b63-a68296a269d0: shutdown server with port 42211 successfully
2019-10-02 11:22:58,136 [refreshUsed-/workdir/hadoop-ozone/integration-test/target/test-dir/MiniOzoneClusterImpl-c6132511-5fdd-4faf-bdf1-f98df057b2f6/datanode-0/data/containers] WARN  fs.CachingGetSpaceUsed (CachingGetSpaceUsed.java:run(183)) - Thread Interrupted waiting to refresh disk information: sleep interrupted
2019-10-02 11:22:58,149 [main] INFO  utils.BackgroundService (BackgroundService.java:shutdown(148)) - Shutting down service BlockDeletingService
2019-10-02 11:22:58,155 [main] INFO  statemachine.DatanodeStateMachine (DatanodeStateMachine.java:stopDaemon(395)) - Ozone container server stopped.
2019-10-02 11:22:58,157 [ForkJoinPool.commonPool-worker-0] INFO  utils.BackgroundService (BackgroundService.java:shutdown(148)) - Shutting down service BlockDeletingService
2019-10-02 11:22:58,162 [ForkJoinPool.commonPool-worker-0] INFO  statemachine.DatanodeStateMachine (DatanodeStateMachine.java:stopDaemon(395)) - Ozone container server stopped.
2019-10-02 11:22:58,167 [ForkJoinPool.commonPool-worker-0] INFO  handler.ContextHandler (ContextHandler.java:doStop(910)) - Stopped o.e.j.w.WebAppContext@2484dbb7{/,null,UNAVAILABLE}{/hddsDatanode}
2019-10-02 11:22:58,167 [ForkJoinPool.commonPool-worker-0] INFO  server.AbstractConnector (AbstractConnector.java:doStop(318)) - Stopped ServerConnector@111cba40{HTTP/1.1,[http/1.1]}{0.0.0.0:0}
2019-10-02 11:22:58,169 [ForkJoinPool.commonPool-worker-0] INFO  handler.ContextHandler (ContextHandler.java:doStop(910)) - Stopped o.e.j.s.ServletContextHandler@571a663c{/static,jar:file:/home/user/.m2/repository/org/apache/hadoop/hadoop-hdds-container-service/0.5.0-SNAPSHOT/hadoop-hdds-container-service-0.5.0-SNAPSHOT.jar!/webapps/static,UNAVAILABLE}
2019-10-02 11:22:58,171 [ForkJoinPool.commonPool-worker-0] INFO  handler.ContextHandler (ContextHandler.java:doStop(910)) - Stopped o.e.j.s.ServletContextHandler@78b03788{/logs,file:///workdir/hadoop-ozone/integration-test/target/log,UNAVAILABLE}
2019-10-02 11:22:58,223 [main] INFO  handler.ContextHandler (ContextHandler.java:doStop(910)) - Stopped o.e.j.w.WebAppContext@5c59a0f7{/,null,UNAVAILABLE}{/hddsDatanode}
2019-10-02 11:22:58,226 [main] INFO  server.AbstractConnector (AbstractConnector.java:doStop(318)) - Stopped ServerConnector@101330ad{HTTP/1.1,[http/1.1]}{0.0.0.0:0}
2019-10-02 11:22:58,226 [main] INFO  handler.ContextHandler (ContextHandler.java:doStop(910)) - Stopped o.e.j.s.ServletContextHandler@204d9edf{/static,jar:file:/home/user/.m2/repository/org/apache/hadoop/hadoop-hdds-container-service/0.5.0-SNAPSHOT/hadoop-hdds-container-service-0.5.0-SNAPSHOT.jar!/webapps/static,UNAVAILABLE}
2019-10-02 11:22:58,227 [main] INFO  handler.ContextHandler (ContextHandler.java:doStop(910)) - Stopped o.e.j.s.ServletContextHandler@7cf8f45a{/logs,file:///workdir/hadoop-ozone/integration-test/target/log,UNAVAILABLE}
2019-10-02 11:22:59,162 [Datanode State Machine Thread - 0] INFO  statemachine.DatanodeStateMachine (DatanodeStateMachine.java:lambda$startDaemon$0(350)) - Ozone container server started.
2019-10-02 11:23:01,452 [Thread-2958] INFO  impl.FollowerState (FollowerState.java:run(108)) - 6a123e99-c772-4df8-bc5c-2a88baa35105@group-E0906783DC09-FollowerState: change to CANDIDATE, lastRpcTime:10033ms, electionTimeout:5103ms
2019-10-02 11:23:01,452 [Thread-2958] INFO  impl.RoleInfo (RoleInfo.java:shutdownFollowerState(121)) - 6a123e99-c772-4df8-bc5c-2a88baa35105: shutdown FollowerState
2019-10-02 11:23:01,452 [Thread-2958] INFO  impl.RaftServerImpl (RaftServerImpl.java:setRole(170)) - 6a123e99-c772-4df8-bc5c-2a88baa35105@group-E0906783DC09: changes role from  FOLLOWER to CANDIDATE at term 2 for changeToCandidate
2019-10-02 11:23:01,452 [Thread-2958] INFO  impl.RoleInfo (RoleInfo.java:updateAndGet(143)) - 6a123e99-c772-4df8-bc5c-2a88baa35105: start LeaderElection
2019-10-02 11:23:01,453 [6a123e99-c772-4df8-bc5c-2a88baa35105@group-E0906783DC09-LeaderElection74] INFO  impl.RaftServerImpl (ServerState.java:setLeader(255)) - 6a123e99-c772-4df8-bc5c-2a88baa35105@group-E0906783DC09: change Leader from 29293bba-7ecd-42b9-9c4d-306cd62453b6 to null at term 2 for initElection
2019-10-02 11:23:02,214 [6a123e99-c772-4df8-bc5c-2a88baa35105@group-E0906783DC09-LeaderElection74] INFO  impl.LeaderElection (LeaderElection.java:askForVotes(178)) - 6a123e99-c772-4df8-bc5c-2a88baa35105@group-E0906783DC09-LeaderElection74: begin an election at term 3 for 0: [29293bba-7ecd-42b9-9c4d-306cd62453b6:192.168.30.53:43965, 6a123e99-c772-4df8-bc5c-2a88baa35105:192.168.30.53:35427, 86433f91-68d3-4541-b45f-cc3cc45c90af:192.168.30.53:45896], old=null
2019-10-02 11:23:02,217 [6a123e99-c772-4df8-bc5c-2a88baa35105@group-E0906783DC09-LeaderElection74] INFO  impl.LeaderElection (LogUtils.java:infoOrTrace(149)) - 6a123e99-c772-4df8-bc5c-2a88baa35105@group-E0906783DC09-LeaderElection74 got exception when requesting votes: {}
java.util.concurrent.ExecutionException: org.apache.ratis.thirdparty.io.grpc.StatusRuntimeException: UNAVAILABLE: io exception
	at java.util.concurrent.FutureTask.report(FutureTask.java:122)
	at java.util.concurrent.FutureTask.get(FutureTask.java:192)
	at org.apache.ratis.server.impl.LeaderElection.waitForResults(LeaderElection.java:259)
	at org.apache.ratis.server.impl.LeaderElection.askForVotes(LeaderElection.java:197)
	at org.apache.ratis.server.impl.LeaderElection.run(LeaderElection.java:133)
	at java.lang.Thread.run(Thread.java:748)
Caused by: org.apache.ratis.thirdparty.io.grpc.StatusRuntimeException: UNAVAILABLE: io exception
	at org.apache.ratis.thirdparty.io.grpc.stub.ClientCalls.toStatusRuntimeException(ClientCalls.java:233)
	at org.apache.ratis.thirdparty.io.grpc.stub.ClientCalls.getUnchecked(ClientCalls.java:214)
	at org.apache.ratis.thirdparty.io.grpc.stub.ClientCalls.blockingUnaryCall(ClientCalls.java:139)
	at org.apache.ratis.proto.grpc.RaftServerProtocolServiceGrpc$RaftServerProtocolServiceBlockingStub.requestVote(RaftServerProtocolServiceGrpc.java:265)
	at org.apache.ratis.grpc.server.GrpcServerProtocolClient.requestVote(GrpcServerProtocolClient.java:99)
	at org.apache.ratis.grpc.server.GrpcService.requestVote(GrpcService.java:204)
	at org.apache.ratis.server.impl.LeaderElection.lambda$submitRequests$1(LeaderElection.java:234)
	at java.util.concurrent.FutureTask.run(FutureTask.java:266)
	at java.util.concurrent.Executors$RunnableAdapter.call(Executors.java:511)
	at java.util.concurrent.FutureTask.run(FutureTask.java:266)
	at java.util.concurrent.ThreadPoolExecutor.runWorker(ThreadPoolExecutor.java:1149)
	at java.util.concurrent.ThreadPoolExecutor$Worker.run(ThreadPoolExecutor.java:624)
	... 1 more
Caused by: org.apache.ratis.thirdparty.io.netty.channel.AbstractChannel$AnnotatedConnectException: Connection refused: /192.168.30.53:45896
	at sun.nio.ch.SocketChannelImpl.checkConnect(Native Method)
	at sun.nio.ch.SocketChannelImpl.finishConnect(SocketChannelImpl.java:717)
	at org.apache.ratis.thirdparty.io.netty.channel.socket.nio.NioSocketChannel.doFinishConnect(NioSocketChannel.java:327)
	at org.apache.ratis.thirdparty.io.netty.channel.nio.AbstractNioChannel$AbstractNioUnsafe.finishConnect(AbstractNioChannel.java:340)
	at org.apache.ratis.thirdparty.io.netty.channel.nio.NioEventLoop.processSelectedKey(NioEventLoop.java:632)
	at org.apache.ratis.thirdparty.io.netty.channel.nio.NioEventLoop.processSelectedKeysOptimized(NioEventLoop.java:579)
	at org.apache.ratis.thirdparty.io.netty.channel.nio.NioEventLoop.processSelectedKeys(NioEventLoop.java:496)
	at org.apache.ratis.thirdparty.io.netty.channel.nio.NioEventLoop.run(NioEventLoop.java:458)
	at org.apache.ratis.thirdparty.io.netty.util.concurrent.SingleThreadEventExecutor$5.run(SingleThreadEventExecutor.java:897)
	at org.apache.ratis.thirdparty.io.netty.util.concurrent.FastThreadLocalRunnable.run(FastThreadLocalRunnable.java:30)
	... 1 more
Caused by: java.net.ConnectException: Connection refused
	... 11 more
2019-10-02 11:23:02,219 [6a123e99-c772-4df8-bc5c-2a88baa35105@group-E0906783DC09-LeaderElection74] INFO  impl.LeaderElection (LogUtils.java:infoOrTrace(149)) - 6a123e99-c772-4df8-bc5c-2a88baa35105@group-E0906783DC09-LeaderElection74 got exception when requesting votes: {}
java.util.concurrent.ExecutionException: org.apache.ratis.thirdparty.io.grpc.StatusRuntimeException: UNAVAILABLE: io exception
	at java.util.concurrent.FutureTask.report(FutureTask.java:122)
	at java.util.concurrent.FutureTask.get(FutureTask.java:192)
	at org.apache.ratis.server.impl.LeaderElection.waitForResults(LeaderElection.java:259)
	at org.apache.ratis.server.impl.LeaderElection.askForVotes(LeaderElection.java:197)
	at org.apache.ratis.server.impl.LeaderElection.run(LeaderElection.java:133)
	at java.lang.Thread.run(Thread.java:748)
Caused by: org.apache.ratis.thirdparty.io.grpc.StatusRuntimeException: UNAVAILABLE: io exception
	at org.apache.ratis.thirdparty.io.grpc.stub.ClientCalls.toStatusRuntimeException(ClientCalls.java:233)
	at org.apache.ratis.thirdparty.io.grpc.stub.ClientCalls.getUnchecked(ClientCalls.java:214)
	at org.apache.ratis.thirdparty.io.grpc.stub.ClientCalls.blockingUnaryCall(ClientCalls.java:139)
	at org.apache.ratis.proto.grpc.RaftServerProtocolServiceGrpc$RaftServerProtocolServiceBlockingStub.requestVote(RaftServerProtocolServiceGrpc.java:265)
	at org.apache.ratis.grpc.server.GrpcServerProtocolClient.requestVote(GrpcServerProtocolClient.java:99)
	at org.apache.ratis.grpc.server.GrpcService.requestVote(GrpcService.java:204)
	at org.apache.ratis.server.impl.LeaderElection.lambda$submitRequests$1(LeaderElection.java:234)
	at java.util.concurrent.FutureTask.run(FutureTask.java:266)
	at java.util.concurrent.Executors$RunnableAdapter.call(Executors.java:511)
	at java.util.concurrent.FutureTask.run(FutureTask.java:266)
	at java.util.concurrent.ThreadPoolExecutor.runWorker(ThreadPoolExecutor.java:1149)
	at java.util.concurrent.ThreadPoolExecutor$Worker.run(ThreadPoolExecutor.java:624)
	... 1 more
Caused by: org.apache.ratis.thirdparty.io.netty.channel.AbstractChannel$AnnotatedConnectException: Connection refused: /192.168.30.53:43965
	at sun.nio.ch.SocketChannelImpl.checkConnect(Native Method)
	at sun.nio.ch.SocketChannelImpl.finishConnect(SocketChannelImpl.java:717)
	at org.apache.ratis.thirdparty.io.netty.channel.socket.nio.NioSocketChannel.doFinishConnect(NioSocketChannel.java:327)
	at org.apache.ratis.thirdparty.io.netty.channel.nio.AbstractNioChannel$AbstractNioUnsafe.finishConnect(AbstractNioChannel.java:340)
	at org.apache.ratis.thirdparty.io.netty.channel.nio.NioEventLoop.processSelectedKey(NioEventLoop.java:632)
	at org.apache.ratis.thirdparty.io.netty.channel.nio.NioEventLoop.processSelectedKeysOptimized(NioEventLoop.java:579)
	at org.apache.ratis.thirdparty.io.netty.channel.nio.NioEventLoop.processSelectedKeys(NioEventLoop.java:496)
	at org.apache.ratis.thirdparty.io.netty.channel.nio.NioEventLoop.run(NioEventLoop.java:458)
	at org.apache.ratis.thirdparty.io.netty.util.concurrent.SingleThreadEventExecutor$5.run(SingleThreadEventExecutor.java:897)
	at org.apache.ratis.thirdparty.io.netty.util.concurrent.FastThreadLocalRunnable.run(FastThreadLocalRunnable.java:30)
	... 1 more
Caused by: java.net.ConnectException: Connection refused
	... 11 more
2019-10-02 11:23:02,220 [6a123e99-c772-4df8-bc5c-2a88baa35105@group-E0906783DC09-LeaderElection74] INFO  impl.LeaderElection (LeaderElection.java:logAndReturn(56)) - 6a123e99-c772-4df8-bc5c-2a88baa35105@group-E0906783DC09-LeaderElection74: Election REJECTED; received 0 response(s) [] and 2 exception(s); 6a123e99-c772-4df8-bc5c-2a88baa35105@group-E0906783DC09:t3, leader=null, voted=6a123e99-c772-4df8-bc5c-2a88baa35105, raftlog=6a123e99-c772-4df8-bc5c-2a88baa35105@group-E0906783DC09-SegmentedRaftLog:OPENED:c-1,f0,i0, conf=0: [29293bba-7ecd-42b9-9c4d-306cd62453b6:192.168.30.53:43965, 6a123e99-c772-4df8-bc5c-2a88baa35105:192.168.30.53:35427, 86433f91-68d3-4541-b45f-cc3cc45c90af:192.168.30.53:45896], old=null
2019-10-02 11:23:02,220 [6a123e99-c772-4df8-bc5c-2a88baa35105@group-E0906783DC09-LeaderElection74] INFO  impl.LeaderElection (LogUtils.java:infoOrTrace(149)) -   Exception 0: {}
java.util.concurrent.ExecutionException: org.apache.ratis.thirdparty.io.grpc.StatusRuntimeException: UNAVAILABLE: io exception
	at java.util.concurrent.FutureTask.report(FutureTask.java:122)
	at java.util.concurrent.FutureTask.get(FutureTask.java:192)
	at org.apache.ratis.server.impl.LeaderElection.waitForResults(LeaderElection.java:259)
	at org.apache.ratis.server.impl.LeaderElection.askForVotes(LeaderElection.java:197)
	at org.apache.ratis.server.impl.LeaderElection.run(LeaderElection.java:133)
	at java.lang.Thread.run(Thread.java:748)
Caused by: org.apache.ratis.thirdparty.io.grpc.StatusRuntimeException: UNAVAILABLE: io exception
	at org.apache.ratis.thirdparty.io.grpc.stub.ClientCalls.toStatusRuntimeException(ClientCalls.java:233)
	at org.apache.ratis.thirdparty.io.grpc.stub.ClientCalls.getUnchecked(ClientCalls.java:214)
	at org.apache.ratis.thirdparty.io.grpc.stub.ClientCalls.blockingUnaryCall(ClientCalls.java:139)
	at org.apache.ratis.proto.grpc.RaftServerProtocolServiceGrpc$RaftServerProtocolServiceBlockingStub.requestVote(RaftServerProtocolServiceGrpc.java:265)
	at org.apache.ratis.grpc.server.GrpcServerProtocolClient.requestVote(GrpcServerProtocolClient.java:99)
	at org.apache.ratis.grpc.server.GrpcService.requestVote(GrpcService.java:204)
	at org.apache.ratis.server.impl.LeaderElection.lambda$submitRequests$1(LeaderElection.java:234)
	at java.util.concurrent.FutureTask.run(FutureTask.java:266)
	at java.util.concurrent.Executors$RunnableAdapter.call(Executors.java:511)
	at java.util.concurrent.FutureTask.run(FutureTask.java:266)
	at java.util.concurrent.ThreadPoolExecutor.runWorker(ThreadPoolExecutor.java:1149)
	at java.util.concurrent.ThreadPoolExecutor$Worker.run(ThreadPoolExecutor.java:624)
	... 1 more
Caused by: org.apache.ratis.thirdparty.io.netty.channel.AbstractChannel$AnnotatedConnectException: Connection refused: /192.168.30.53:45896
	at sun.nio.ch.SocketChannelImpl.checkConnect(Native Method)
	at sun.nio.ch.SocketChannelImpl.finishConnect(SocketChannelImpl.java:717)
	at org.apache.ratis.thirdparty.io.netty.channel.socket.nio.NioSocketChannel.doFinishConnect(NioSocketChannel.java:327)
	at org.apache.ratis.thirdparty.io.netty.channel.nio.AbstractNioChannel$AbstractNioUnsafe.finishConnect(AbstractNioChannel.java:340)
	at org.apache.ratis.thirdparty.io.netty.channel.nio.NioEventLoop.processSelectedKey(NioEventLoop.java:632)
	at org.apache.ratis.thirdparty.io.netty.channel.nio.NioEventLoop.processSelectedKeysOptimized(NioEventLoop.java:579)
	at org.apache.ratis.thirdparty.io.netty.channel.nio.NioEventLoop.processSelectedKeys(NioEventLoop.java:496)
	at org.apache.ratis.thirdparty.io.netty.channel.nio.NioEventLoop.run(NioEventLoop.java:458)
	at org.apache.ratis.thirdparty.io.netty.util.concurrent.SingleThreadEventExecutor$5.run(SingleThreadEventExecutor.java:897)
	at org.apache.ratis.thirdparty.io.netty.util.concurrent.FastThreadLocalRunnable.run(FastThreadLocalRunnable.java:30)
	... 1 more
Caused by: java.net.ConnectException: Connection refused
	... 11 more
2019-10-02 11:23:02,221 [6a123e99-c772-4df8-bc5c-2a88baa35105@group-E0906783DC09-LeaderElection74] INFO  impl.LeaderElection (LogUtils.java:infoOrTrace(149)) -   Exception 1: {}
java.util.concurrent.ExecutionException: org.apache.ratis.thirdparty.io.grpc.StatusRuntimeException: UNAVAILABLE: io exception
	at java.util.concurrent.FutureTask.report(FutureTask.java:122)
	at java.util.concurrent.FutureTask.get(FutureTask.java:192)
	at org.apache.ratis.server.impl.LeaderElection.waitForResults(LeaderElection.java:259)
	at org.apache.ratis.server.impl.LeaderElection.askForVotes(LeaderElection.java:197)
	at org.apache.ratis.server.impl.LeaderElection.run(LeaderElection.java:133)
	at java.lang.Thread.run(Thread.java:748)
Caused by: org.apache.ratis.thirdparty.io.grpc.StatusRuntimeException: UNAVAILABLE: io exception
	at org.apache.ratis.thirdparty.io.grpc.stub.ClientCalls.toStatusRuntimeException(ClientCalls.java:233)
	at org.apache.ratis.thirdparty.io.grpc.stub.ClientCalls.getUnchecked(ClientCalls.java:214)
	at org.apache.ratis.thirdparty.io.grpc.stub.ClientCalls.blockingUnaryCall(ClientCalls.java:139)
	at org.apache.ratis.proto.grpc.RaftServerProtocolServiceGrpc$RaftServerProtocolServiceBlockingStub.requestVote(RaftServerProtocolServiceGrpc.java:265)
	at org.apache.ratis.grpc.server.GrpcServerProtocolClient.requestVote(GrpcServerProtocolClient.java:99)
	at org.apache.ratis.grpc.server.GrpcService.requestVote(GrpcService.java:204)
	at org.apache.ratis.server.impl.LeaderElection.lambda$submitRequests$1(LeaderElection.java:234)
	at java.util.concurrent.FutureTask.run(FutureTask.java:266)
	at java.util.concurrent.Executors$RunnableAdapter.call(Executors.java:511)
	at java.util.concurrent.FutureTask.run(FutureTask.java:266)
	at java.util.concurrent.ThreadPoolExecutor.runWorker(ThreadPoolExecutor.java:1149)
	at java.util.concurrent.ThreadPoolExecutor$Worker.run(ThreadPoolExecutor.java:624)
	... 1 more
Caused by: org.apache.ratis.thirdparty.io.netty.channel.AbstractChannel$AnnotatedConnectException: Connection refused: /192.168.30.53:43965
	at sun.nio.ch.SocketChannelImpl.checkConnect(Native Method)
	at sun.nio.ch.SocketChannelImpl.finishConnect(SocketChannelImpl.java:717)
	at org.apache.ratis.thirdparty.io.netty.channel.socket.nio.NioSocketChannel.doFinishConnect(NioSocketChannel.java:327)
	at org.apache.ratis.thirdparty.io.netty.channel.nio.AbstractNioChannel$AbstractNioUnsafe.finishConnect(AbstractNioChannel.java:340)
	at org.apache.ratis.thirdparty.io.netty.channel.nio.NioEventLoop.processSelectedKey(NioEventLoop.java:632)
	at org.apache.ratis.thirdparty.io.netty.channel.nio.NioEventLoop.processSelectedKeysOptimized(NioEventLoop.java:579)
	at org.apache.ratis.thirdparty.io.netty.channel.nio.NioEventLoop.processSelectedKeys(NioEventLoop.java:496)
	at org.apache.ratis.thirdparty.io.netty.channel.nio.NioEventLoop.run(NioEventLoop.java:458)
	at org.apache.ratis.thirdparty.io.netty.util.concurrent.SingleThreadEventExecutor$5.run(SingleThreadEventExecutor.java:897)
	at org.apache.ratis.thirdparty.io.netty.util.concurrent.FastThreadLocalRunnable.run(FastThreadLocalRunnable.java:30)
	... 1 more
Caused by: java.net.ConnectException: Connection refused
	... 11 more
2019-10-02 11:23:02,221 [6a123e99-c772-4df8-bc5c-2a88baa35105@group-E0906783DC09-LeaderElection74] INFO  impl.RaftServerImpl (RaftServerImpl.java:setRole(170)) - 6a123e99-c772-4df8-bc5c-2a88baa35105@group-E0906783DC09: changes role from CANDIDATE to FOLLOWER at term 3 for DISCOVERED_A_NEW_TERM
2019-10-02 11:23:02,221 [6a123e99-c772-4df8-bc5c-2a88baa35105@group-E0906783DC09-LeaderElection74] INFO  impl.RoleInfo (RoleInfo.java:shutdownLeaderElection(134)) - 6a123e99-c772-4df8-bc5c-2a88baa35105: shutdown LeaderElection
2019-10-02 11:23:02,221 [6a123e99-c772-4df8-bc5c-2a88baa35105@group-E0906783DC09-LeaderElection74] INFO  impl.RoleInfo (RoleInfo.java:updateAndGet(143)) - 6a123e99-c772-4df8-bc5c-2a88baa35105: start FollowerState
2019-10-02 11:23:02,515 [Thread-2976] INFO  impl.FollowerState (FollowerState.java:run(108)) - 6a123e99-c772-4df8-bc5c-2a88baa35105@group-2798287E44F6-FollowerState: change to CANDIDATE, lastRpcTime:9876ms, electionTimeout:5024ms
2019-10-02 11:23:02,517 [Thread-2976] INFO  impl.RoleInfo (RoleInfo.java:shutdownFollowerState(121)) - 6a123e99-c772-4df8-bc5c-2a88baa35105: shutdown FollowerState
2019-10-02 11:23:02,518 [Thread-2976] INFO  impl.RaftServerImpl (RaftServerImpl.java:setRole(170)) - 6a123e99-c772-4df8-bc5c-2a88baa35105@group-2798287E44F6: changes role from  FOLLOWER to CANDIDATE at term 1 for changeToCandidate
2019-10-02 11:23:02,518 [Thread-2976] INFO  impl.RoleInfo (RoleInfo.java:updateAndGet(143)) - 6a123e99-c772-4df8-bc5c-2a88baa35105: start LeaderElection
2019-10-02 11:23:02,518 [6a123e99-c772-4df8-bc5c-2a88baa35105@group-2798287E44F6-LeaderElection75] INFO  impl.RaftServerImpl (ServerState.java:setLeader(255)) - 6a123e99-c772-4df8-bc5c-2a88baa35105@group-2798287E44F6: change Leader from 86433f91-68d3-4541-b45f-cc3cc45c90af to null at term 1 for initElection
2019-10-02 11:23:02,843 [Thread-2998] INFO  impl.FollowerState (FollowerState.java:run(108)) - 6a123e99-c772-4df8-bc5c-2a88baa35105@group-307A7555D0A2-FollowerState: change to CANDIDATE, lastRpcTime:10152ms, electionTimeout:5069ms
2019-10-02 11:23:02,843 [Thread-2998] INFO  impl.RoleInfo (RoleInfo.java:shutdownFollowerState(121)) - 6a123e99-c772-4df8-bc5c-2a88baa35105: shutdown FollowerState
2019-10-02 11:23:02,843 [Thread-2998] INFO  impl.RaftServerImpl (RaftServerImpl.java:setRole(170)) - 6a123e99-c772-4df8-bc5c-2a88baa35105@group-307A7555D0A2: changes role from  FOLLOWER to CANDIDATE at term 1 for changeToCandidate
2019-10-02 11:23:02,843 [Thread-2998] INFO  impl.RoleInfo (RoleInfo.java:updateAndGet(143)) - 6a123e99-c772-4df8-bc5c-2a88baa35105: start LeaderElection
2019-10-02 11:23:02,846 [6a123e99-c772-4df8-bc5c-2a88baa35105@group-307A7555D0A2-LeaderElection76] INFO  impl.RaftServerImpl (ServerState.java:setLeader(255)) - 6a123e99-c772-4df8-bc5c-2a88baa35105@group-307A7555D0A2: change Leader from 86433f91-68d3-4541-b45f-cc3cc45c90af to null at term 1 for initElection
2019-10-02 11:23:02,935 [6a123e99-c772-4df8-bc5c-2a88baa35105@group-2798287E44F6-LeaderElection75] INFO  impl.LeaderElection (LeaderElection.java:askForVotes(178)) - 6a123e99-c772-4df8-bc5c-2a88baa35105@group-2798287E44F6-LeaderElection75: begin an election at term 2 for 0: [29293bba-7ecd-42b9-9c4d-306cd62453b6:192.168.30.53:43965, 6a123e99-c772-4df8-bc5c-2a88baa35105:192.168.30.53:35427, 86433f91-68d3-4541-b45f-cc3cc45c90af:192.168.30.53:45896], old=null
2019-10-02 11:23:02,936 [6a123e99-c772-4df8-bc5c-2a88baa35105@group-2798287E44F6-LeaderElection75] INFO  impl.LeaderElection (LogUtils.java:infoOrTrace(149)) - 6a123e99-c772-4df8-bc5c-2a88baa35105@group-2798287E44F6-LeaderElection75 got exception when requesting votes: {}
java.util.concurrent.ExecutionException: org.apache.ratis.thirdparty.io.grpc.StatusRuntimeException: UNAVAILABLE: io exception
	at java.util.concurrent.FutureTask.report(FutureTask.java:122)
	at java.util.concurrent.FutureTask.get(FutureTask.java:192)
	at org.apache.ratis.server.impl.LeaderElection.waitForResults(LeaderElection.java:259)
	at org.apache.ratis.server.impl.LeaderElection.askForVotes(LeaderElection.java:197)
	at org.apache.ratis.server.impl.LeaderElection.run(LeaderElection.java:133)
	at java.lang.Thread.run(Thread.java:748)
Caused by: org.apache.ratis.thirdparty.io.grpc.StatusRuntimeException: UNAVAILABLE: io exception
	at org.apache.ratis.thirdparty.io.grpc.stub.ClientCalls.toStatusRuntimeException(ClientCalls.java:233)
	at org.apache.ratis.thirdparty.io.grpc.stub.ClientCalls.getUnchecked(ClientCalls.java:214)
	at org.apache.ratis.thirdparty.io.grpc.stub.ClientCalls.blockingUnaryCall(ClientCalls.java:139)
	at org.apache.ratis.proto.grpc.RaftServerProtocolServiceGrpc$RaftServerProtocolServiceBlockingStub.requestVote(RaftServerProtocolServiceGrpc.java:265)
	at org.apache.ratis.grpc.server.GrpcServerProtocolClient.requestVote(GrpcServerProtocolClient.java:99)
	at org.apache.ratis.grpc.server.GrpcService.requestVote(GrpcService.java:204)
	at org.apache.ratis.server.impl.LeaderElection.lambda$submitRequests$1(LeaderElection.java:234)
	at java.util.concurrent.FutureTask.run(FutureTask.java:266)
	at java.util.concurrent.Executors$RunnableAdapter.call(Executors.java:511)
	at java.util.concurrent.FutureTask.run(FutureTask.java:266)
	at java.util.concurrent.ThreadPoolExecutor.runWorker(ThreadPoolExecutor.java:1149)
	at java.util.concurrent.ThreadPoolExecutor$Worker.run(ThreadPoolExecutor.java:624)
	... 1 more
Caused by: org.apache.ratis.thirdparty.io.netty.channel.AbstractChannel$AnnotatedConnectException: Connection refused: /192.168.30.53:43965
	at sun.nio.ch.SocketChannelImpl.checkConnect(Native Method)
	at sun.nio.ch.SocketChannelImpl.finishConnect(SocketChannelImpl.java:717)
	at org.apache.ratis.thirdparty.io.netty.channel.socket.nio.NioSocketChannel.doFinishConnect(NioSocketChannel.java:327)
	at org.apache.ratis.thirdparty.io.netty.channel.nio.AbstractNioChannel$AbstractNioUnsafe.finishConnect(AbstractNioChannel.java:340)
	at org.apache.ratis.thirdparty.io.netty.channel.nio.NioEventLoop.processSelectedKey(NioEventLoop.java:632)
	at org.apache.ratis.thirdparty.io.netty.channel.nio.NioEventLoop.processSelectedKeysOptimized(NioEventLoop.java:579)
	at org.apache.ratis.thirdparty.io.netty.channel.nio.NioEventLoop.processSelectedKeys(NioEventLoop.java:496)
	at org.apache.ratis.thirdparty.io.netty.channel.nio.NioEventLoop.run(NioEventLoop.java:458)
	at org.apache.ratis.thirdparty.io.netty.util.concurrent.SingleThreadEventExecutor$5.run(SingleThreadEventExecutor.java:897)
	at org.apache.ratis.thirdparty.io.netty.util.concurrent.FastThreadLocalRunnable.run(FastThreadLocalRunnable.java:30)
	... 1 more
Caused by: java.net.ConnectException: Connection refused
	... 11 more
2019-10-02 11:23:02,939 [6a123e99-c772-4df8-bc5c-2a88baa35105@group-2798287E44F6-LeaderElection75] INFO  impl.LeaderElection (LogUtils.java:infoOrTrace(149)) - 6a123e99-c772-4df8-bc5c-2a88baa35105@group-2798287E44F6-LeaderElection75 got exception when requesting votes: {}
java.util.concurrent.ExecutionException: org.apache.ratis.thirdparty.io.grpc.StatusRuntimeException: UNAVAILABLE: io exception
	at java.util.concurrent.FutureTask.report(FutureTask.java:122)
	at java.util.concurrent.FutureTask.get(FutureTask.java:192)
	at org.apache.ratis.server.impl.LeaderElection.waitForResults(LeaderElection.java:259)
	at org.apache.ratis.server.impl.LeaderElection.askForVotes(LeaderElection.java:197)
	at org.apache.ratis.server.impl.LeaderElection.run(LeaderElection.java:133)
	at java.lang.Thread.run(Thread.java:748)
Caused by: org.apache.ratis.thirdparty.io.grpc.StatusRuntimeException: UNAVAILABLE: io exception
	at org.apache.ratis.thirdparty.io.grpc.stub.ClientCalls.toStatusRuntimeException(ClientCalls.java:233)
	at org.apache.ratis.thirdparty.io.grpc.stub.ClientCalls.getUnchecked(ClientCalls.java:214)
	at org.apache.ratis.thirdparty.io.grpc.stub.ClientCalls.blockingUnaryCall(ClientCalls.java:139)
	at org.apache.ratis.proto.grpc.RaftServerProtocolServiceGrpc$RaftServerProtocolServiceBlockingStub.requestVote(RaftServerProtocolServiceGrpc.java:265)
	at org.apache.ratis.grpc.server.GrpcServerProtocolClient.requestVote(GrpcServerProtocolClient.java:99)
	at org.apache.ratis.grpc.server.GrpcService.requestVote(GrpcService.java:204)
	at org.apache.ratis.server.impl.LeaderElection.lambda$submitRequests$1(LeaderElection.java:234)
	at java.util.concurrent.FutureTask.run(FutureTask.java:266)
	at java.util.concurrent.Executors$RunnableAdapter.call(Executors.java:511)
	at java.util.concurrent.FutureTask.run(FutureTask.java:266)
	at java.util.concurrent.ThreadPoolExecutor.runWorker(ThreadPoolExecutor.java:1149)
	at java.util.concurrent.ThreadPoolExecutor$Worker.run(ThreadPoolExecutor.java:624)
	... 1 more
Caused by: org.apache.ratis.thirdparty.io.netty.channel.AbstractChannel$AnnotatedConnectException: Connection refused: /192.168.30.53:45896
	at sun.nio.ch.SocketChannelImpl.checkConnect(Native Method)
	at sun.nio.ch.SocketChannelImpl.finishConnect(SocketChannelImpl.java:717)
	at org.apache.ratis.thirdparty.io.netty.channel.socket.nio.NioSocketChannel.doFinishConnect(NioSocketChannel.java:327)
	at org.apache.ratis.thirdparty.io.netty.channel.nio.AbstractNioChannel$AbstractNioUnsafe.finishConnect(AbstractNioChannel.java:340)
	at org.apache.ratis.thirdparty.io.netty.channel.nio.NioEventLoop.processSelectedKey(NioEventLoop.java:632)
	at org.apache.ratis.thirdparty.io.netty.channel.nio.NioEventLoop.processSelectedKeysOptimized(NioEventLoop.java:579)
	at org.apache.ratis.thirdparty.io.netty.channel.nio.NioEventLoop.processSelectedKeys(NioEventLoop.java:496)
	at org.apache.ratis.thirdparty.io.netty.channel.nio.NioEventLoop.run(NioEventLoop.java:458)
	at org.apache.ratis.thirdparty.io.netty.util.concurrent.SingleThreadEventExecutor$5.run(SingleThreadEventExecutor.java:897)
	at org.apache.ratis.thirdparty.io.netty.util.concurrent.FastThreadLocalRunnable.run(FastThreadLocalRunnable.java:30)
	... 1 more
Caused by: java.net.ConnectException: Connection refused
	... 11 more
2019-10-02 11:23:02,941 [6a123e99-c772-4df8-bc5c-2a88baa35105@group-2798287E44F6-LeaderElection75] INFO  impl.LeaderElection (LeaderElection.java:logAndReturn(56)) - 6a123e99-c772-4df8-bc5c-2a88baa35105@group-2798287E44F6-LeaderElection75: Election REJECTED; received 0 response(s) [] and 2 exception(s); 6a123e99-c772-4df8-bc5c-2a88baa35105@group-2798287E44F6:t2, leader=null, voted=6a123e99-c772-4df8-bc5c-2a88baa35105, raftlog=6a123e99-c772-4df8-bc5c-2a88baa35105@group-2798287E44F6-SegmentedRaftLog:OPENED:c-1,f0,i0, conf=0: [29293bba-7ecd-42b9-9c4d-306cd62453b6:192.168.30.53:43965, 6a123e99-c772-4df8-bc5c-2a88baa35105:192.168.30.53:35427, 86433f91-68d3-4541-b45f-cc3cc45c90af:192.168.30.53:45896], old=null
2019-10-02 11:23:02,941 [6a123e99-c772-4df8-bc5c-2a88baa35105@group-2798287E44F6-LeaderElection75] INFO  impl.LeaderElection (LogUtils.java:infoOrTrace(149)) -   Exception 0: {}
java.util.concurrent.ExecutionException: org.apache.ratis.thirdparty.io.grpc.StatusRuntimeException: UNAVAILABLE: io exception
	at java.util.concurrent.FutureTask.report(FutureTask.java:122)
	at java.util.concurrent.FutureTask.get(FutureTask.java:192)
	at org.apache.ratis.server.impl.LeaderElection.waitForResults(LeaderElection.java:259)
	at org.apache.ratis.server.impl.LeaderElection.askForVotes(LeaderElection.java:197)
	at org.apache.ratis.server.impl.LeaderElection.run(LeaderElection.java:133)
	at java.lang.Thread.run(Thread.java:748)
Caused by: org.apache.ratis.thirdparty.io.grpc.StatusRuntimeException: UNAVAILABLE: io exception
	at org.apache.ratis.thirdparty.io.grpc.stub.ClientCalls.toStatusRuntimeException(ClientCalls.java:233)
	at org.apache.ratis.thirdparty.io.grpc.stub.ClientCalls.getUnchecked(ClientCalls.java:214)
	at org.apache.ratis.thirdparty.io.grpc.stub.ClientCalls.blockingUnaryCall(ClientCalls.java:139)
	at org.apache.ratis.proto.grpc.RaftServerProtocolServiceGrpc$RaftServerProtocolServiceBlockingStub.requestVote(RaftServerProtocolServiceGrpc.java:265)
	at org.apache.ratis.grpc.server.GrpcServerProtocolClient.requestVote(GrpcServerProtocolClient.java:99)
	at org.apache.ratis.grpc.server.GrpcService.requestVote(GrpcService.java:204)
	at org.apache.ratis.server.impl.LeaderElection.lambda$submitRequests$1(LeaderElection.java:234)
	at java.util.concurrent.FutureTask.run(FutureTask.java:266)
	at java.util.concurrent.Executors$RunnableAdapter.call(Executors.java:511)
	at java.util.concurrent.FutureTask.run(FutureTask.java:266)
	at java.util.concurrent.ThreadPoolExecutor.runWorker(ThreadPoolExecutor.java:1149)
	at java.util.concurrent.ThreadPoolExecutor$Worker.run(ThreadPoolExecutor.java:624)
	... 1 more
Caused by: org.apache.ratis.thirdparty.io.netty.channel.AbstractChannel$AnnotatedConnectException: Connection refused: /192.168.30.53:43965
	at sun.nio.ch.SocketChannelImpl.checkConnect(Native Method)
	at sun.nio.ch.SocketChannelImpl.finishConnect(SocketChannelImpl.java:717)
	at org.apache.ratis.thirdparty.io.netty.channel.socket.nio.NioSocketChannel.doFinishConnect(NioSocketChannel.java:327)
	at org.apache.ratis.thirdparty.io.netty.channel.nio.AbstractNioChannel$AbstractNioUnsafe.finishConnect(AbstractNioChannel.java:340)
	at org.apache.ratis.thirdparty.io.netty.channel.nio.NioEventLoop.processSelectedKey(NioEventLoop.java:632)
	at org.apache.ratis.thirdparty.io.netty.channel.nio.NioEventLoop.processSelectedKeysOptimized(NioEventLoop.java:579)
	at org.apache.ratis.thirdparty.io.netty.channel.nio.NioEventLoop.processSelectedKeys(NioEventLoop.java:496)
	at org.apache.ratis.thirdparty.io.netty.channel.nio.NioEventLoop.run(NioEventLoop.java:458)
	at org.apache.ratis.thirdparty.io.netty.util.concurrent.SingleThreadEventExecutor$5.run(SingleThreadEventExecutor.java:897)
	at org.apache.ratis.thirdparty.io.netty.util.concurrent.FastThreadLocalRunnable.run(FastThreadLocalRunnable.java:30)
	... 1 more
Caused by: java.net.ConnectException: Connection refused
	... 11 more
2019-10-02 11:23:02,941 [6a123e99-c772-4df8-bc5c-2a88baa35105@group-2798287E44F6-LeaderElection75] INFO  impl.LeaderElection (LogUtils.java:infoOrTrace(149)) -   Exception 1: {}
java.util.concurrent.ExecutionException: org.apache.ratis.thirdparty.io.grpc.StatusRuntimeException: UNAVAILABLE: io exception
	at java.util.concurrent.FutureTask.report(FutureTask.java:122)
	at java.util.concurrent.FutureTask.get(FutureTask.java:192)
	at org.apache.ratis.server.impl.LeaderElection.waitForResults(LeaderElection.java:259)
	at org.apache.ratis.server.impl.LeaderElection.askForVotes(LeaderElection.java:197)
	at org.apache.ratis.server.impl.LeaderElection.run(LeaderElection.java:133)
	at java.lang.Thread.run(Thread.java:748)
Caused by: org.apache.ratis.thirdparty.io.grpc.StatusRuntimeException: UNAVAILABLE: io exception
	at org.apache.ratis.thirdparty.io.grpc.stub.ClientCalls.toStatusRuntimeException(ClientCalls.java:233)
	at org.apache.ratis.thirdparty.io.grpc.stub.ClientCalls.getUnchecked(ClientCalls.java:214)
	at org.apache.ratis.thirdparty.io.grpc.stub.ClientCalls.blockingUnaryCall(ClientCalls.java:139)
	at org.apache.ratis.proto.grpc.RaftServerProtocolServiceGrpc$RaftServerProtocolServiceBlockingStub.requestVote(RaftServerProtocolServiceGrpc.java:265)
	at org.apache.ratis.grpc.server.GrpcServerProtocolClient.requestVote(GrpcServerProtocolClient.java:99)
	at org.apache.ratis.grpc.server.GrpcService.requestVote(GrpcService.java:204)
	at org.apache.ratis.server.impl.LeaderElection.lambda$submitRequests$1(LeaderElection.java:234)
	at java.util.concurrent.FutureTask.run(FutureTask.java:266)
	at java.util.concurrent.Executors$RunnableAdapter.call(Executors.java:511)
	at java.util.concurrent.FutureTask.run(FutureTask.java:266)
	at java.util.concurrent.ThreadPoolExecutor.runWorker(ThreadPoolExecutor.java:1149)
	at java.util.concurrent.ThreadPoolExecutor$Worker.run(ThreadPoolExecutor.java:624)
	... 1 more
Caused by: org.apache.ratis.thirdparty.io.netty.channel.AbstractChannel$AnnotatedConnectException: Connection refused: /192.168.30.53:45896
	at sun.nio.ch.SocketChannelImpl.checkConnect(Native Method)
	at sun.nio.ch.SocketChannelImpl.finishConnect(SocketChannelImpl.java:717)
	at org.apache.ratis.thirdparty.io.netty.channel.socket.nio.NioSocketChannel.doFinishConnect(NioSocketChannel.java:327)
	at org.apache.ratis.thirdparty.io.netty.channel.nio.AbstractNioChannel$AbstractNioUnsafe.finishConnect(AbstractNioChannel.java:340)
	at org.apache.ratis.thirdparty.io.netty.channel.nio.NioEventLoop.processSelectedKey(NioEventLoop.java:632)
	at org.apache.ratis.thirdparty.io.netty.channel.nio.NioEventLoop.processSelectedKeysOptimized(NioEventLoop.java:579)
	at org.apache.ratis.thirdparty.io.netty.channel.nio.NioEventLoop.processSelectedKeys(NioEventLoop.java:496)
	at org.apache.ratis.thirdparty.io.netty.channel.nio.NioEventLoop.run(NioEventLoop.java:458)
	at org.apache.ratis.thirdparty.io.netty.util.concurrent.SingleThreadEventExecutor$5.run(SingleThreadEventExecutor.java:897)
	at org.apache.ratis.thirdparty.io.netty.util.concurrent.FastThreadLocalRunnable.run(FastThreadLocalRunnable.java:30)
	... 1 more
Caused by: java.net.ConnectException: Connection refused
	... 11 more
2019-10-02 11:23:02,942 [6a123e99-c772-4df8-bc5c-2a88baa35105@group-2798287E44F6-LeaderElection75] INFO  impl.RaftServerImpl (RaftServerImpl.java:setRole(170)) - 6a123e99-c772-4df8-bc5c-2a88baa35105@group-2798287E44F6: changes role from CANDIDATE to FOLLOWER at term 2 for DISCOVERED_A_NEW_TERM
2019-10-02 11:23:02,942 [6a123e99-c772-4df8-bc5c-2a88baa35105@group-2798287E44F6-LeaderElection75] INFO  impl.RoleInfo (RoleInfo.java:shutdownLeaderElection(134)) - 6a123e99-c772-4df8-bc5c-2a88baa35105: shutdown LeaderElection
2019-10-02 11:23:02,942 [6a123e99-c772-4df8-bc5c-2a88baa35105@group-2798287E44F6-LeaderElection75] INFO  impl.RoleInfo (RoleInfo.java:updateAndGet(143)) - 6a123e99-c772-4df8-bc5c-2a88baa35105: start FollowerState
2019-10-02 11:23:03,172 [ForkJoinPool.commonPool-worker-0] INFO  ozoneimpl.OzoneContainer (OzoneContainer.java:stop(231)) - Attempting to stop container services.
2019-10-02 11:23:03,175 [ForkJoinPool.commonPool-worker-0] INFO  impl.RaftServerProxy (RaftServerProxy.java:lambda$close$4(314)) - 6a123e99-c772-4df8-bc5c-2a88baa35105: close
2019-10-02 11:23:03,175 [ForkJoinPool.commonPool-worker-0] INFO  impl.RaftServerImpl (RaftServerImpl.java:lambda$shutdown$3(247)) - 6a123e99-c772-4df8-bc5c-2a88baa35105@group-E0906783DC09: shutdown
2019-10-02 11:23:03,176 [ForkJoinPool.commonPool-worker-0] INFO  util.JmxRegister (JmxRegister.java:unregister(73)) - Successfully un-registered JMX Bean with object name Ratis:service=RaftServer,group=group-E0906783DC09,id=6a123e99-c772-4df8-bc5c-2a88baa35105
2019-10-02 11:23:03,176 [ForkJoinPool.commonPool-worker-0] INFO  impl.RoleInfo (RoleInfo.java:shutdownFollowerState(121)) - 6a123e99-c772-4df8-bc5c-2a88baa35105: shutdown FollowerState
2019-10-02 11:23:03,176 [ForkJoinPool.commonPool-worker-0] INFO  impl.StateMachineUpdater (StateMachineUpdater.java:stopAndJoin(136)) - 6a123e99-c772-4df8-bc5c-2a88baa35105@group-E0906783DC09-StateMachineUpdater: set stopIndex = -1
2019-10-02 11:23:03,176 [Thread-3008] INFO  impl.FollowerState (FollowerState.java:run(117)) - 6a123e99-c772-4df8-bc5c-2a88baa35105@group-E0906783DC09-FollowerState was interrupted: java.lang.InterruptedException: sleep interrupted
2019-10-02 11:23:03,177 [ForkJoinPool.commonPool-worker-0] INFO  impl.RaftServerImpl (ServerState.java:close(387)) - 6a123e99-c772-4df8-bc5c-2a88baa35105@group-E0906783DC09: closes. applyIndex: -1
2019-10-02 11:23:03,179 [6a123e99-c772-4df8-bc5c-2a88baa35105@group-E0906783DC09-SegmentedRaftLogWorker] INFO  segmented.SegmentedRaftLogWorker (SegmentedRaftLogWorker.java:run(316)) - 6a123e99-c772-4df8-bc5c-2a88baa35105@group-E0906783DC09-SegmentedRaftLogWorker was interrupted, exiting. There are 0 tasks remaining in the queue.
2019-10-02 11:23:03,253 [EventQueue-StaleNodeForStaleNodeHandler] INFO  node.StaleNodeHandler (StaleNodeHandler.java:onMessage(58)) - Datanode 6a123e99-c772-4df8-bc5c-2a88baa35105{ip: 192.168.30.53, host: pr-trunk-5xjmm-2411255686, networkLocation: /default-rack, certSerialId: null} moved to stale state. Finalizing its pipelines [PipelineID=47fc7bef-79c7-4f0b-88c5-77a9ad31d3c9]
2019-10-02 11:23:03,253 [EventQueue-StaleNodeForStaleNodeHandler] INFO  pipeline.SCMPipelineManager (SCMPipelineManager.java:finalizeAndDestroyPipeline(315)) - destroying pipeline:Pipeline[ Id: 47fc7bef-79c7-4f0b-88c5-77a9ad31d3c9, Nodes: 6a123e99-c772-4df8-bc5c-2a88baa35105{ip: 192.168.30.53, host: pr-trunk-5xjmm-2411255686, networkLocation: /default-rack, certSerialId: null}, Type:RATIS, Factor:ONE, State:OPEN]
2019-10-02 11:23:03,253 [EventQueue-StaleNodeForStaleNodeHandler] INFO  pipeline.PipelineStateManager (PipelineStateManager.java:finalizePipeline(123)) - Pipeline Pipeline[ Id: 47fc7bef-79c7-4f0b-88c5-77a9ad31d3c9, Nodes: 6a123e99-c772-4df8-bc5c-2a88baa35105{ip: 192.168.30.53, host: pr-trunk-5xjmm-2411255686, networkLocation: /default-rack, certSerialId: null}, Type:RATIS, Factor:ONE, State:CLOSED] moved to CLOSED state
2019-10-02 11:23:04,285 [ForkJoinPool.commonPool-worker-0] INFO  segmented.SegmentedRaftLogWorker (SegmentedRaftLogWorker.java:close(224)) - 6a123e99-c772-4df8-bc5c-2a88baa35105@group-E0906783DC09-SegmentedRaftLogWorker close()
2019-10-02 11:23:04,285 [6a123e99-c772-4df8-bc5c-2a88baa35105@group-307A7555D0A2-LeaderElection76] INFO  impl.LeaderElection (LeaderElection.java:askForVotes(178)) - 6a123e99-c772-4df8-bc5c-2a88baa35105@group-307A7555D0A2-LeaderElection76: begin an election at term 2 for 0: [29293bba-7ecd-42b9-9c4d-306cd62453b6:192.168.30.53:43965, 6a123e99-c772-4df8-bc5c-2a88baa35105:192.168.30.53:35427, 86433f91-68d3-4541-b45f-cc3cc45c90af:192.168.30.53:45896], old=null
2019-10-02 11:23:04,296 [ForkJoinPool.commonPool-worker-0] INFO  impl.RaftServerImpl (RaftServerImpl.java:lambda$shutdown$3(247)) - 6a123e99-c772-4df8-bc5c-2a88baa35105@group-307A7555D0A2: shutdown
2019-10-02 11:23:04,297 [ForkJoinPool.commonPool-worker-0] INFO  util.JmxRegister (JmxRegister.java:unregister(73)) - Successfully un-registered JMX Bean with object name Ratis:service=RaftServer,group=group-307A7555D0A2,id=6a123e99-c772-4df8-bc5c-2a88baa35105
2019-10-02 11:23:04,297 [ForkJoinPool.commonPool-worker-0] INFO  impl.RoleInfo (RoleInfo.java:shutdownLeaderElection(134)) - 6a123e99-c772-4df8-bc5c-2a88baa35105: shutdown LeaderElection
2019-10-02 11:23:04,297 [6a123e99-c772-4df8-bc5c-2a88baa35105@group-307A7555D0A2-LeaderElection76] INFO  impl.LeaderElection (LeaderElection.java:logAndReturn(56)) - 6a123e99-c772-4df8-bc5c-2a88baa35105@group-307A7555D0A2-LeaderElection76: Election REJECTED; received 0 response(s) [] and 0 exception(s); 6a123e99-c772-4df8-bc5c-2a88baa35105@group-307A7555D0A2:t2, leader=null, voted=6a123e99-c772-4df8-bc5c-2a88baa35105, raftlog=6a123e99-c772-4df8-bc5c-2a88baa35105@group-307A7555D0A2-SegmentedRaftLog:OPENED:c-1,f0,i0, conf=0: [29293bba-7ecd-42b9-9c4d-306cd62453b6:192.168.30.53:43965, 6a123e99-c772-4df8-bc5c-2a88baa35105:192.168.30.53:35427, 86433f91-68d3-4541-b45f-cc3cc45c90af:192.168.30.53:45896], old=null
2019-10-02 11:23:04,298 [ForkJoinPool.commonPool-worker-0] INFO  impl.StateMachineUpdater (StateMachineUpdater.java:stopAndJoin(136)) - 6a123e99-c772-4df8-bc5c-2a88baa35105@group-307A7555D0A2-StateMachineUpdater: set stopIndex = -1
2019-10-02 11:23:04,298 [ForkJoinPool.commonPool-worker-0] INFO  impl.RaftServerImpl (ServerState.java:close(387)) - 6a123e99-c772-4df8-bc5c-2a88baa35105@group-307A7555D0A2: closes. applyIndex: -1
2019-10-02 11:23:04,299 [6a123e99-c772-4df8-bc5c-2a88baa35105@group-307A7555D0A2-SegmentedRaftLogWorker] INFO  segmented.SegmentedRaftLogWorker (SegmentedRaftLogWorker.java:run(316)) - 6a123e99-c772-4df8-bc5c-2a88baa35105@group-307A7555D0A2-SegmentedRaftLogWorker was interrupted, exiting. There are 0 tasks remaining in the queue.
2019-10-02 11:23:04,300 [ForkJoinPool.commonPool-worker-0] INFO  segmented.SegmentedRaftLogWorker (SegmentedRaftLogWorker.java:close(224)) - 6a123e99-c772-4df8-bc5c-2a88baa35105@group-307A7555D0A2-SegmentedRaftLogWorker close()
2019-10-02 11:23:04,305 [ForkJoinPool.commonPool-worker-0] INFO  impl.RaftServerImpl (RaftServerImpl.java:lambda$shutdown$3(247)) - 6a123e99-c772-4df8-bc5c-2a88baa35105@group-77A9AD31D3C9: shutdown
2019-10-02 11:23:04,306 [ForkJoinPool.commonPool-worker-0] INFO  util.JmxRegister (JmxRegister.java:unregister(73)) - Successfully un-registered JMX Bean with object name Ratis:service=RaftServer,group=group-77A9AD31D3C9,id=6a123e99-c772-4df8-bc5c-2a88baa35105
2019-10-02 11:23:04,306 [ForkJoinPool.commonPool-worker-0] INFO  impl.RoleInfo (RoleInfo.java:shutdownLeaderState(104)) - 6a123e99-c772-4df8-bc5c-2a88baa35105: shutdown LeaderState
2019-10-02 11:23:04,306 [ForkJoinPool.commonPool-worker-0] INFO  impl.PendingRequests (PendingRequests.java:sendNotLeaderResponses(202)) - 6a123e99-c772-4df8-bc5c-2a88baa35105@group-77A9AD31D3C9-PendingRequests: sendNotLeaderResponses
2019-10-02 11:23:04,307 [ForkJoinPool.commonPool-worker-0] INFO  impl.StateMachineUpdater (StateMachineUpdater.java:stopAndJoin(136)) - 6a123e99-c772-4df8-bc5c-2a88baa35105@group-77A9AD31D3C9-StateMachineUpdater: set stopIndex = 0
2019-10-02 11:23:04,307 [ForkJoinPool.commonPool-worker-0] INFO  impl.RaftServerImpl (ServerState.java:close(387)) - 6a123e99-c772-4df8-bc5c-2a88baa35105@group-77A9AD31D3C9: closes. applyIndex: 0
2019-10-02 11:23:04,308 [6a123e99-c772-4df8-bc5c-2a88baa35105@group-77A9AD31D3C9-SegmentedRaftLogWorker] INFO  segmented.SegmentedRaftLogWorker (SegmentedRaftLogWorker.java:run(316)) - 6a123e99-c772-4df8-bc5c-2a88baa35105@group-77A9AD31D3C9-SegmentedRaftLogWorker was interrupted, exiting. There are 0 tasks remaining in the queue.
2019-10-02 11:23:04,308 [ForkJoinPool.commonPool-worker-0] INFO  segmented.SegmentedRaftLogWorker (SegmentedRaftLogWorker.java:close(224)) - 6a123e99-c772-4df8-bc5c-2a88baa35105@group-77A9AD31D3C9-SegmentedRaftLogWorker close()
2019-10-02 11:23:04,308 [ForkJoinPool.commonPool-worker-0] INFO  impl.RaftServerImpl (RaftServerImpl.java:lambda$shutdown$3(247)) - 6a123e99-c772-4df8-bc5c-2a88baa35105@group-2798287E44F6: shutdown
2019-10-02 11:23:04,309 [ForkJoinPool.commonPool-worker-0] INFO  util.JmxRegister (JmxRegister.java:unregister(73)) - Successfully un-registered JMX Bean with object name Ratis:service=RaftServer,group=group-2798287E44F6,id=6a123e99-c772-4df8-bc5c-2a88baa35105
2019-10-02 11:23:04,309 [ForkJoinPool.commonPool-worker-0] INFO  impl.RoleInfo (RoleInfo.java:shutdownFollowerState(121)) - 6a123e99-c772-4df8-bc5c-2a88baa35105: shutdown FollowerState
2019-10-02 11:23:04,309 [ForkJoinPool.commonPool-worker-0] INFO  impl.StateMachineUpdater (StateMachineUpdater.java:stopAndJoin(136)) - 6a123e99-c772-4df8-bc5c-2a88baa35105@group-2798287E44F6-StateMachineUpdater: set stopIndex = -1
2019-10-02 11:23:04,309 [Thread-3013] INFO  impl.FollowerState (FollowerState.java:run(117)) - 6a123e99-c772-4df8-bc5c-2a88baa35105@group-2798287E44F6-FollowerState was interrupted: java.lang.InterruptedException: sleep interrupted
2019-10-02 11:23:04,309 [ForkJoinPool.commonPool-worker-0] INFO  impl.RaftServerImpl (ServerState.java:close(387)) - 6a123e99-c772-4df8-bc5c-2a88baa35105@group-2798287E44F6: closes. applyIndex: -1
2019-10-02 11:23:04,311 [6a123e99-c772-4df8-bc5c-2a88baa35105@group-2798287E44F6-SegmentedRaftLogWorker] INFO  segmented.SegmentedRaftLogWorker (SegmentedRaftLogWorker.java:run(316)) - 6a123e99-c772-4df8-bc5c-2a88baa35105@group-2798287E44F6-SegmentedRaftLogWorker was interrupted, exiting. There are 0 tasks remaining in the queue.
2019-10-02 11:23:04,312 [ForkJoinPool.commonPool-worker-0] INFO  segmented.SegmentedRaftLogWorker (SegmentedRaftLogWorker.java:close(224)) - 6a123e99-c772-4df8-bc5c-2a88baa35105@group-2798287E44F6-SegmentedRaftLogWorker close()
2019-10-02 11:23:04,312 [ForkJoinPool.commonPool-worker-0] INFO  server.GrpcService (GrpcService.java:closeImpl(164)) - 6a123e99-c772-4df8-bc5c-2a88baa35105: shutdown server with port 35427 now
2019-10-02 11:23:04,313 [ForkJoinPool.commonPool-worker-0] INFO  server.GrpcService (GrpcService.java:closeImpl(172)) - 6a123e99-c772-4df8-bc5c-2a88baa35105: shutdown server with port 35427 successfully
2019-10-02 11:23:04,316 [refreshUsed-/workdir/hadoop-ozone/integration-test/target/test-dir/MiniOzoneClusterImpl-c6132511-5fdd-4faf-bdf1-f98df057b2f6/datanode-5/data/containers] WARN  fs.CachingGetSpaceUsed (CachingGetSpaceUsed.java:run(183)) - Thread Interrupted waiting to refresh disk information: sleep interrupted
2019-10-02 11:23:04,334 [ForkJoinPool.commonPool-worker-0] INFO  utils.BackgroundService (BackgroundService.java:shutdown(148)) - Shutting down service BlockDeletingService
2019-10-02 11:23:04,338 [ForkJoinPool.commonPool-worker-0] INFO  statemachine.DatanodeStateMachine (DatanodeStateMachine.java:stopDaemon(395)) - Ozone container server stopped.
2019-10-02 11:23:04,354 [ForkJoinPool.commonPool-worker-0] INFO  handler.ContextHandler (ContextHandler.java:doStop(910)) - Stopped o.e.j.w.WebAppContext@3be3e76c{/,null,UNAVAILABLE}{/hddsDatanode}
2019-10-02 11:23:04,355 [ForkJoinPool.commonPool-worker-0] INFO  server.AbstractConnector (AbstractConnector.java:doStop(318)) - Stopped ServerConnector@6c07ad6b{HTTP/1.1,[http/1.1]}{0.0.0.0:0}
2019-10-02 11:23:04,357 [ForkJoinPool.commonPool-worker-0] INFO  handler.ContextHandler (ContextHandler.java:doStop(910)) - Stopped o.e.j.s.ServletContextHandler@39f0c343{/static,jar:file:/home/user/.m2/repository/org/apache/hadoop/hadoop-hdds-container-service/0.5.0-SNAPSHOT/hadoop-hdds-container-service-0.5.0-SNAPSHOT.jar!/webapps/static,UNAVAILABLE}
2019-10-02 11:23:04,358 [ForkJoinPool.commonPool-worker-0] INFO  handler.ContextHandler (ContextHandler.java:doStop(910)) - Stopped o.e.j.s.ServletContextHandler@3ca3648{/logs,file:///workdir/hadoop-ozone/integration-test/target/log,UNAVAILABLE}
2019-10-02 11:23:04,359 [main] INFO  ozone.MiniOzoneClusterImpl (MiniOzoneClusterImpl.java:stopSCM(392)) - Stopping the StorageContainerManager
2019-10-02 11:23:04,360 [main] INFO  server.StorageContainerManager (StorageContainerManager.java:stop(808)) - Stopping Replication Manager Service.
2019-10-02 11:23:04,360 [main] INFO  container.ReplicationManager (ReplicationManager.java:stop(203)) - Stopping Replication Monitor Thread.
2019-10-02 11:23:04,360 [main] INFO  server.StorageContainerManager (StorageContainerManager.java:stop(815)) - Stopping Lease Manager of the command watchers
2019-10-02 11:23:04,361 [main] INFO  server.StorageContainerManager (StorageContainerManager.java:stop(822)) - Stopping datanode service RPC server
2019-10-02 11:23:04,361 [main] INFO  server.SCMDatanodeProtocolServer (SCMDatanodeProtocolServer.java:stop(367)) - Stopping the RPC server for DataNodes
2019-10-02 11:23:04,361 [main] INFO  ipc.Server (Server.java:stop(3082)) - Stopping server on 40634
2019-10-02 11:23:04,365 [IPC Server listener on 40634] INFO  ipc.Server (Server.java:run(1185)) - Stopping IPC Server listener on 40634
2019-10-02 11:23:04,365 [IPC Server Responder] INFO  ipc.Server (Server.java:run(1319)) - Stopping IPC Server Responder
2019-10-02 11:23:04,455 [SCM Heartbeat Processing Thread - 0] WARN  node.NodeStateManager (NodeStateManager.java:scheduleNextHealthCheck(646)) - Current Thread is interrupted, shutting down HB processing thread for Node Manager.
2019-10-02 11:23:04,455 [main] INFO  server.StorageContainerManager (StorageContainerManager.java:stop(830)) - Stopping block service RPC server
2019-10-02 11:23:04,455 [main] INFO  server.SCMBlockProtocolServer (SCMBlockProtocolServer.java:stop(155)) - Stopping the RPC server for Block Protocol
2019-10-02 11:23:04,455 [main] INFO  ipc.Server (Server.java:stop(3082)) - Stopping server on 42177
2019-10-02 11:23:04,459 [IPC Server listener on 42177] INFO  ipc.Server (Server.java:run(1185)) - Stopping IPC Server listener on 42177
2019-10-02 11:23:04,459 [main] INFO  server.StorageContainerManager (StorageContainerManager.java:stop(837)) - Stopping the StorageContainerLocationProtocol RPC server
2019-10-02 11:23:04,459 [IPC Server Responder] INFO  ipc.Server (Server.java:run(1319)) - Stopping IPC Server Responder
2019-10-02 11:23:04,461 [main] INFO  server.SCMClientProtocolServer (SCMClientProtocolServer.java:stop(158)) - Stopping the RPC server for Client Protocol
2019-10-02 11:23:04,461 [main] INFO  ipc.Server (Server.java:stop(3082)) - Stopping server on 39339
2019-10-02 11:23:04,464 [IPC Server listener on 39339] INFO  ipc.Server (Server.java:run(1185)) - Stopping IPC Server listener on 39339
2019-10-02 11:23:04,464 [main] INFO  server.StorageContainerManager (StorageContainerManager.java:stop(844)) - Stopping Storage Container Manager HTTP server.
2019-10-02 11:23:04,464 [IPC Server Responder] INFO  ipc.Server (Server.java:run(1319)) - Stopping IPC Server Responder
2019-10-02 11:23:04,467 [main] INFO  handler.ContextHandler (ContextHandler.java:doStop(910)) - Stopped o.e.j.w.WebAppContext@1c5d3a37{/,null,UNAVAILABLE}{/scm}
2019-10-02 11:23:04,468 [main] INFO  server.AbstractConnector (AbstractConnector.java:doStop(318)) - Stopped ServerConnector@7e3d2ebd{HTTP/1.1,[http/1.1]}{0.0.0.0:0}
2019-10-02 11:23:04,468 [main] INFO  handler.ContextHandler (ContextHandler.java:doStop(910)) - Stopped o.e.j.s.ServletContextHandler@65cc5252{/static,file:///workdir/hadoop-ozone/integration-test/target/test-classes/webapps/static,UNAVAILABLE}
2019-10-02 11:23:04,469 [main] INFO  handler.ContextHandler (ContextHandler.java:doStop(910)) - Stopped o.e.j.s.ServletContextHandler@48d739f{/logs,file:///workdir/hadoop-ozone/integration-test/target/log,UNAVAILABLE}
2019-10-02 11:23:04,470 [main] INFO  server.StorageContainerManager (StorageContainerManager.java:stop(855)) - Stopping Block Manager Service.
2019-10-02 11:23:04,470 [main] INFO  utils.BackgroundService (BackgroundService.java:shutdown(148)) - Shutting down service SCMBlockDeletingService
2019-10-02 11:23:04,470 [main] INFO  utils.BackgroundService (BackgroundService.java:shutdown(148)) - Shutting down service SCMBlockDeletingService
2019-10-02 11:23:04,471 [main] INFO  server.StorageContainerManager (StorageContainerManager.java:stop(877)) - Stopping SCM Event Queue.
2019-10-02 11:23:04,480 [main] INFO  impl.MetricsSystemImpl (MetricsSystemImpl.java:stop(210)) - Stopping HddsDatanode metrics system...
2019-10-02 11:23:04,512 [main] INFO  impl.MetricsSystemImpl (MetricsSystemImpl.java:stop(216)) - HddsDatanode metrics system stopped.
]]></system-out>
  </testcase>
  <testcase name="testFailureWithPrimeSizedData" classname="org.apache.hadoop.ozone.client.rpc.TestBlockOutputStreamWithFailures" time="88.976"/>
  <testcase name="testWatchForCommitWithCloseContainerException" classname="org.apache.hadoop.ozone.client.rpc.TestBlockOutputStreamWithFailures" time="45.998">
    <failure message="expected:&lt;67&gt; but was:&lt;68&gt;" type="java.lang.AssertionError"><![CDATA[java.lang.AssertionError: expected:<67> but was:<68>
	at org.junit.Assert.fail(Assert.java:88)
	at org.junit.Assert.failNotEquals(Assert.java:743)
	at org.junit.Assert.assertEquals(Assert.java:118)
	at org.junit.Assert.assertEquals(Assert.java:555)
	at org.junit.Assert.assertEquals(Assert.java:542)
	at org.apache.hadoop.ozone.client.rpc.TestBlockOutputStreamWithFailures.testWatchForCommitWithCloseContainerException(TestBlockOutputStreamWithFailures.java:196)
	at sun.reflect.NativeMethodAccessorImpl.invoke0(Native Method)
	at sun.reflect.NativeMethodAccessorImpl.invoke(NativeMethodAccessorImpl.java:62)
	at sun.reflect.DelegatingMethodAccessorImpl.invoke(DelegatingMethodAccessorImpl.java:43)
	at java.lang.reflect.Method.invoke(Method.java:498)
	at org.junit.runners.model.FrameworkMethod$1.runReflectiveCall(FrameworkMethod.java:47)
	at org.junit.internal.runners.model.ReflectiveCallable.run(ReflectiveCallable.java:12)
	at org.junit.runners.model.FrameworkMethod.invokeExplosively(FrameworkMethod.java:44)
	at org.junit.internal.runners.statements.InvokeMethod.evaluate(InvokeMethod.java:17)
	at org.junit.internal.runners.statements.RunBefores.evaluate(RunBefores.java:26)
	at org.junit.internal.runners.statements.RunAfters.evaluate(RunAfters.java:27)
	at org.junit.runners.ParentRunner.runLeaf(ParentRunner.java:271)
	at org.junit.runners.BlockJUnit4ClassRunner.runChild(BlockJUnit4ClassRunner.java:70)
	at org.junit.runners.BlockJUnit4ClassRunner.runChild(BlockJUnit4ClassRunner.java:50)
	at org.junit.runners.ParentRunner$3.run(ParentRunner.java:238)
	at org.junit.runners.ParentRunner$1.schedule(ParentRunner.java:63)
	at org.junit.runners.ParentRunner.runChildren(ParentRunner.java:236)
	at org.junit.runners.ParentRunner.access$000(ParentRunner.java:53)
	at org.junit.runners.ParentRunner$2.evaluate(ParentRunner.java:229)
	at org.junit.runners.ParentRunner.run(ParentRunner.java:309)
	at org.apache.maven.surefire.junit4.JUnit4Provider.execute(JUnit4Provider.java:365)
	at org.apache.maven.surefire.junit4.JUnit4Provider.executeWithRerun(JUnit4Provider.java:273)
	at org.apache.maven.surefire.junit4.JUnit4Provider.executeTestSet(JUnit4Provider.java:238)
	at org.apache.maven.surefire.junit4.JUnit4Provider.invoke(JUnit4Provider.java:159)
	at org.apache.maven.surefire.booter.ForkedBooter.invokeProviderInSameClassLoader(ForkedBooter.java:384)
	at org.apache.maven.surefire.booter.ForkedBooter.runSuitesInProcess(ForkedBooter.java:345)
	at org.apache.maven.surefire.booter.ForkedBooter.execute(ForkedBooter.java:126)
	at org.apache.maven.surefire.booter.ForkedBooter.main(ForkedBooter.java:418)
]]></failure>
    <system-out><![CDATA[2019-10-02 11:24:33,543 [main] WARN  server.ServerUtils (ServerUtils.java:getScmDbDir(145)) - ozone.scm.db.dirs is not configured. We recommend adding this setting. Falling back to ozone.metadata.dirs instead.
2019-10-02 11:24:33,568 [main] WARN  server.ServerUtils (ServerUtils.java:getScmDbDir(145)) - ozone.scm.db.dirs is not configured. We recommend adding this setting. Falling back to ozone.metadata.dirs instead.
2019-10-02 11:24:33,569 [main] WARN  server.ServerUtils (ServerUtils.java:getScmDbDir(145)) - ozone.scm.db.dirs is not configured. We recommend adding this setting. Falling back to ozone.metadata.dirs instead.
2019-10-02 11:24:33,570 [main] INFO  db.DBStoreBuilder (DBStoreBuilder.java:addTable(110)) - using custom profile for table: deletedBlocks
2019-10-02 11:24:33,570 [main] INFO  db.DBStoreBuilder (DBStoreBuilder.java:processTables(161)) - Using default column profile:DBProfile.DISK for Table:deletedBlocks
2019-10-02 11:24:33,570 [main] INFO  db.DBStoreBuilder (DBStoreBuilder.java:addTable(110)) - using custom profile for table: validCerts
2019-10-02 11:24:33,570 [main] INFO  db.DBStoreBuilder (DBStoreBuilder.java:processTables(161)) - Using default column profile:DBProfile.DISK for Table:validCerts
2019-10-02 11:24:33,570 [main] INFO  db.DBStoreBuilder (DBStoreBuilder.java:addTable(110)) - using custom profile for table: revokedCerts
2019-10-02 11:24:33,570 [main] INFO  db.DBStoreBuilder (DBStoreBuilder.java:processTables(161)) - Using default column profile:DBProfile.DISK for Table:revokedCerts
2019-10-02 11:24:33,571 [main] INFO  db.DBStoreBuilder (DBStoreBuilder.java:addTable(110)) - using custom profile for table: default
2019-10-02 11:24:33,571 [main] INFO  db.DBStoreBuilder (DBStoreBuilder.java:processTables(167)) - Using default column profile:DBProfile.DISK for Table:default
2019-10-02 11:24:33,571 [main] INFO  db.DBStoreBuilder (DBStoreBuilder.java:getDbProfile(198)) - Using default options. DBProfile.DISK
2019-10-02 11:24:33,788 [main] INFO  net.NodeSchemaLoader (NodeSchemaLoader.java:loadSchemaFromFile(125)) - Loading file from sun.misc.CompoundEnumeration@37d0d373
2019-10-02 11:24:33,789 [main] INFO  net.NodeSchemaLoader (NodeSchemaLoader.java:loadSchema(171)) - Loading network topology layer schema file
2019-10-02 11:24:33,792 [main] INFO  node.SCMNodeManager (SCMNodeManager.java:<init>(114)) - Entering startup safe mode.
2019-10-02 11:24:33,793 [main] INFO  algorithms.ContainerPlacementPolicyFactory (ContainerPlacementPolicyFactory.java:getPolicy(57)) - Create container placement policy of type org.apache.hadoop.hdds.scm.container.placement.algorithms.SCMContainerPlacementRandom
2019-10-02 11:24:33,793 [main] WARN  server.ServerUtils (ServerUtils.java:getScmDbDir(145)) - ozone.scm.db.dirs is not configured. We recommend adding this setting. Falling back to ozone.metadata.dirs instead.
2019-10-02 11:24:33,837 [main] INFO  pipeline.SCMPipelineManager (SCMPipelineManager.java:initializePipelineState(132)) - No pipeline exists in current db
2019-10-02 11:24:33,838 [main] WARN  server.ServerUtils (ServerUtils.java:getScmDbDir(145)) - ozone.scm.db.dirs is not configured. We recommend adding this setting. Falling back to ozone.metadata.dirs instead.
2019-10-02 11:24:33,905 [main] WARN  events.EventQueue (EventQueue.java:fireEvent(183)) - No event handler registered for event TypedEvent{payloadType=SafeModeStatus, name='SafeModeStatus'}
2019-10-02 11:24:33,905 [main] INFO  ipc.CallQueueManager (CallQueueManager.java:<init>(84)) - Using callQueue: class java.util.concurrent.LinkedBlockingQueue, queueCapacity: 2000, scheduler: class org.apache.hadoop.ipc.DefaultRpcScheduler, ipcBackoff: false.
2019-10-02 11:24:33,906 [Socket Reader #1 for port 33453] INFO  ipc.Server (Server.java:run(1074)) - Starting Socket Reader #1 for port 33453
2019-10-02 11:24:33,909 [main] INFO  ipc.CallQueueManager (CallQueueManager.java:<init>(84)) - Using callQueue: class java.util.concurrent.LinkedBlockingQueue, queueCapacity: 2000, scheduler: class org.apache.hadoop.ipc.DefaultRpcScheduler, ipcBackoff: false.
2019-10-02 11:24:33,910 [Socket Reader #1 for port 38796] INFO  ipc.Server (Server.java:run(1074)) - Starting Socket Reader #1 for port 38796
2019-10-02 11:24:33,912 [main] INFO  ipc.CallQueueManager (CallQueueManager.java:<init>(84)) - Using callQueue: class java.util.concurrent.LinkedBlockingQueue, queueCapacity: 2000, scheduler: class org.apache.hadoop.ipc.DefaultRpcScheduler, ipcBackoff: false.
2019-10-02 11:24:33,912 [Socket Reader #1 for port 35482] INFO  ipc.Server (Server.java:run(1074)) - Starting Socket Reader #1 for port 35482
2019-10-02 11:24:33,919 [main] INFO  hdfs.DFSUtil (DFSUtil.java:httpServerTemplateForNNAndJN(1641)) - Starting Web-server for scm at: http://0.0.0.0:0
2019-10-02 11:24:33,921 [main] INFO  server.AuthenticationFilter (AuthenticationFilter.java:constructSecretProvider(240)) - Unable to initialize FileSignerSecretProvider, falling back to use random secrets.
2019-10-02 11:24:33,921 [main] WARN  http.HttpRequestLog (HttpRequestLog.java:getRequestLog(97)) - Jetty request log can only be enabled using Log4j
2019-10-02 11:24:33,923 [main] INFO  http.HttpServer2 (HttpServer2.java:addGlobalFilter(975)) - Added global filter 'safety' (class=org.apache.hadoop.http.HttpServer2$QuotingInputFilter)
2019-10-02 11:24:33,923 [main] INFO  http.HttpServer2 (HttpServer2.java:addFilter(948)) - Added filter static_user_filter (class=org.apache.hadoop.http.lib.StaticUserWebFilter$StaticUserFilter) to context scm
2019-10-02 11:24:33,923 [main] INFO  http.HttpServer2 (HttpServer2.java:addFilter(958)) - Added filter static_user_filter (class=org.apache.hadoop.http.lib.StaticUserWebFilter$StaticUserFilter) to context logs
2019-10-02 11:24:33,923 [main] INFO  http.HttpServer2 (HttpServer2.java:addFilter(958)) - Added filter static_user_filter (class=org.apache.hadoop.http.lib.StaticUserWebFilter$StaticUserFilter) to context static
2019-10-02 11:24:33,925 [main] INFO  server.StorageContainerManager (StorageContainerManager.java:start(770)) - StorageContainerLocationProtocol RPC server is listening at /0.0.0.0:35482
2019-10-02 11:24:33,927 [main] WARN  impl.MetricsConfig (MetricsConfig.java:loadFirst(134)) - Cannot locate configuration: tried hadoop-metrics2-storagecontainermanager.properties,hadoop-metrics2.properties
2019-10-02 11:24:33,928 [main] INFO  impl.MetricsSystemImpl (MetricsSystemImpl.java:startTimer(374)) - Scheduled Metric snapshot period at 10 second(s).
2019-10-02 11:24:33,928 [main] INFO  impl.MetricsSystemImpl (MetricsSystemImpl.java:start(191)) - StorageContainerManager metrics system started
2019-10-02 11:24:34,129 [main] WARN  impl.MetricsSystemImpl (MetricsSystemImpl.java:register(276)) - Sink prometheus already exists!
2019-10-02 11:24:34,220 [main] INFO  server.SCMClientProtocolServer (SCMClientProtocolServer.java:start(150)) - RPC server for Client  is listening at /0.0.0.0:35482
2019-10-02 11:24:34,221 [IPC Server Responder] INFO  ipc.Server (Server.java:run(1314)) - IPC Server Responder: starting
2019-10-02 11:24:34,221 [IPC Server listener on 35482] INFO  ipc.Server (Server.java:run(1153)) - IPC Server listener on 35482: starting
2019-10-02 11:24:34,226 [main] INFO  server.StorageContainerManager (StorageContainerManager.java:start(780)) - ScmBlockLocationProtocol RPC server is listening at /0.0.0.0:38796
2019-10-02 11:24:34,226 [main] INFO  server.SCMBlockProtocolServer (SCMBlockProtocolServer.java:start(146)) - RPC server for Block Protocol is listening at /0.0.0.0:38796
2019-10-02 11:24:34,227 [IPC Server Responder] INFO  ipc.Server (Server.java:run(1314)) - IPC Server Responder: starting
2019-10-02 11:24:34,227 [IPC Server listener on 38796] INFO  ipc.Server (Server.java:run(1153)) - IPC Server listener on 38796: starting
2019-10-02 11:24:34,231 [main] INFO  server.StorageContainerManager (StorageContainerManager.java:start(784)) - ScmDatanodeProtocl RPC server is listening at /0.0.0.0:33453
2019-10-02 11:24:34,231 [main] INFO  server.SCMDatanodeProtocolServer (SCMDatanodeProtocolServer.java:start(191)) - RPC server for DataNodes is listening at /0.0.0.0:33453
2019-10-02 11:24:34,231 [IPC Server Responder] INFO  ipc.Server (Server.java:run(1314)) - IPC Server Responder: starting
2019-10-02 11:24:34,231 [IPC Server listener on 33453] INFO  ipc.Server (Server.java:run(1153)) - IPC Server listener on 33453: starting
2019-10-02 11:24:34,235 [main] INFO  http.HttpServer2 (HttpServer2.java:bindListener(1191)) - Jetty bound to port 36211
2019-10-02 11:24:34,235 [main] INFO  server.Server (Server.java:doStart(351)) - jetty-9.3.25.v20180904, build timestamp: 2018-09-04T21:11:46Z, git hash: 3ce520221d0240229c862b122d2b06c12a625732
2019-10-02 11:24:34,237 [main] INFO  handler.ContextHandler (ContextHandler.java:doStart(781)) - Started o.e.j.s.ServletContextHandler@4c56644f{/logs,file:///workdir/hadoop-ozone/integration-test/target/log,AVAILABLE}
2019-10-02 11:24:34,237 [main] INFO  handler.ContextHandler (ContextHandler.java:doStart(781)) - Started o.e.j.s.ServletContextHandler@43588265{/static,file:///workdir/hadoop-ozone/integration-test/target/test-classes/webapps/static,AVAILABLE}
2019-10-02 11:24:34,240 [main] INFO  handler.ContextHandler (ContextHandler.java:doStart(781)) - Started o.e.j.w.WebAppContext@54329480{/,file:///workdir/hadoop-ozone/integration-test/target/test-classes/webapps/scm/,AVAILABLE}{/scm}
2019-10-02 11:24:34,241 [main] INFO  server.AbstractConnector (AbstractConnector.java:doStart(278)) - Started ServerConnector@590013c7{HTTP/1.1,[http/1.1]}{0.0.0.0:36211}
2019-10-02 11:24:34,243 [main] INFO  server.Server (Server.java:doStart(419)) - Started @682102ms
2019-10-02 11:24:34,243 [main] WARN  impl.MetricsSystemImpl (MetricsSystemImpl.java:register(276)) - Sink prometheus already exists!
2019-10-02 11:24:34,243 [main] INFO  server.BaseHttpServer (BaseHttpServer.java:updateConnectorAddress(215)) - HTTP server of SCM is listening at http://0.0.0.0:36211
2019-10-02 11:24:34,245 [main] WARN  server.ServerUtils (ServerUtils.java:getDBPath(222)) - ozone.om.db.dirs is not configured. We recommend adding this setting. Falling back to ozone.metadata.dirs instead.
2019-10-02 11:24:34,245 [org.apache.hadoop.util.JvmPauseMonitor$Monitor@7b211077] INFO  util.JvmPauseMonitor (JvmPauseMonitor.java:run(188)) - Starting JVM pause monitor
2019-10-02 11:24:34,263 [main] WARN  server.ServerUtils (ServerUtils.java:getDBPath(222)) - ozone.om.db.dirs is not configured. We recommend adding this setting. Falling back to ozone.metadata.dirs instead.
2019-10-02 11:24:34,264 [main] WARN  server.ServerUtils (ServerUtils.java:getDBPath(222)) - ozone.om.db.dirs is not configured. We recommend adding this setting. Falling back to ozone.metadata.dirs instead.
2019-10-02 11:24:34,264 [main] INFO  om.OzoneManager (OzoneManager.java:setOMNodeDetails(652)) - OM Service ID is not set. Setting it to the default ID: omServiceIdDefault
2019-10-02 11:24:34,265 [main] INFO  om.OzoneManager (OzoneManager.java:setOMNodeDetails(658)) - OM Node ID is not set. Setting it to the OmStorage's OmID: 499a11ed-5416-4ede-84a6-eb1cb199b87e
2019-10-02 11:24:34,265 [main] INFO  om.OzoneManager (OzoneManager.java:loadOMHAConfigs(609)) - Found matching OM address with OMServiceId: null, OMNodeId: null, RPC Address: localhost:0 and Ratis port: 9872
2019-10-02 11:24:34,272 [main] WARN  server.ServerUtils (ServerUtils.java:getDBPath(222)) - ozone.om.db.dirs is not configured. We recommend adding this setting. Falling back to ozone.metadata.dirs instead.
2019-10-02 11:24:34,272 [main] INFO  db.DBStoreBuilder (DBStoreBuilder.java:addTable(110)) - using custom profile for table: userTable
2019-10-02 11:24:34,272 [main] INFO  db.DBStoreBuilder (DBStoreBuilder.java:processTables(161)) - Using default column profile:DBProfile.DISK for Table:userTable
2019-10-02 11:24:34,273 [main] INFO  db.DBStoreBuilder (DBStoreBuilder.java:addTable(110)) - using custom profile for table: volumeTable
2019-10-02 11:24:34,273 [main] INFO  db.DBStoreBuilder (DBStoreBuilder.java:processTables(161)) - Using default column profile:DBProfile.DISK for Table:volumeTable
2019-10-02 11:24:34,273 [main] INFO  db.DBStoreBuilder (DBStoreBuilder.java:addTable(110)) - using custom profile for table: bucketTable
2019-10-02 11:24:34,273 [main] INFO  db.DBStoreBuilder (DBStoreBuilder.java:processTables(161)) - Using default column profile:DBProfile.DISK for Table:bucketTable
2019-10-02 11:24:34,273 [main] INFO  db.DBStoreBuilder (DBStoreBuilder.java:addTable(110)) - using custom profile for table: keyTable
2019-10-02 11:24:34,273 [main] INFO  db.DBStoreBuilder (DBStoreBuilder.java:processTables(161)) - Using default column profile:DBProfile.DISK for Table:keyTable
2019-10-02 11:24:34,274 [main] INFO  db.DBStoreBuilder (DBStoreBuilder.java:addTable(110)) - using custom profile for table: deletedTable
2019-10-02 11:24:34,274 [main] INFO  db.DBStoreBuilder (DBStoreBuilder.java:processTables(161)) - Using default column profile:DBProfile.DISK for Table:deletedTable
2019-10-02 11:24:34,274 [main] INFO  db.DBStoreBuilder (DBStoreBuilder.java:addTable(110)) - using custom profile for table: openKeyTable
2019-10-02 11:24:34,274 [main] INFO  db.DBStoreBuilder (DBStoreBuilder.java:processTables(161)) - Using default column profile:DBProfile.DISK for Table:openKeyTable
2019-10-02 11:24:34,274 [main] INFO  db.DBStoreBuilder (DBStoreBuilder.java:addTable(110)) - using custom profile for table: s3Table
2019-10-02 11:24:34,274 [main] INFO  db.DBStoreBuilder (DBStoreBuilder.java:processTables(161)) - Using default column profile:DBProfile.DISK for Table:s3Table
2019-10-02 11:24:34,275 [main] INFO  db.DBStoreBuilder (DBStoreBuilder.java:addTable(110)) - using custom profile for table: multipartInfoTable
2019-10-02 11:24:34,275 [main] INFO  db.DBStoreBuilder (DBStoreBuilder.java:processTables(161)) - Using default column profile:DBProfile.DISK for Table:multipartInfoTable
2019-10-02 11:24:34,275 [main] INFO  db.DBStoreBuilder (DBStoreBuilder.java:addTable(110)) - using custom profile for table: dTokenTable
2019-10-02 11:24:34,275 [main] INFO  db.DBStoreBuilder (DBStoreBuilder.java:processTables(161)) - Using default column profile:DBProfile.DISK for Table:dTokenTable
2019-10-02 11:24:34,275 [main] INFO  db.DBStoreBuilder (DBStoreBuilder.java:addTable(110)) - using custom profile for table: s3SecretTable
2019-10-02 11:24:34,275 [main] INFO  db.DBStoreBuilder (DBStoreBuilder.java:processTables(161)) - Using default column profile:DBProfile.DISK for Table:s3SecretTable
2019-10-02 11:24:34,276 [main] INFO  db.DBStoreBuilder (DBStoreBuilder.java:addTable(110)) - using custom profile for table: prefixTable
2019-10-02 11:24:34,276 [main] INFO  db.DBStoreBuilder (DBStoreBuilder.java:processTables(161)) - Using default column profile:DBProfile.DISK for Table:prefixTable
2019-10-02 11:24:34,276 [main] INFO  db.DBStoreBuilder (DBStoreBuilder.java:addTable(110)) - using custom profile for table: default
2019-10-02 11:24:34,276 [main] INFO  db.DBStoreBuilder (DBStoreBuilder.java:processTables(167)) - Using default column profile:DBProfile.DISK for Table:default
2019-10-02 11:24:34,276 [main] INFO  db.DBStoreBuilder (DBStoreBuilder.java:getDbProfile(198)) - Using default options. DBProfile.DISK
2019-10-02 11:24:34,786 [main] INFO  ipc.CallQueueManager (CallQueueManager.java:<init>(84)) - Using callQueue: class java.util.concurrent.LinkedBlockingQueue, queueCapacity: 2000, scheduler: class org.apache.hadoop.ipc.DefaultRpcScheduler, ipcBackoff: false.
2019-10-02 11:24:34,786 [Socket Reader #1 for port 33211] INFO  ipc.Server (Server.java:run(1074)) - Starting Socket Reader #1 for port 33211
2019-10-02 11:24:34,798 [main] INFO  om.OzoneManager (OzoneManager.java:start(1243)) - OzoneManager RPC server is listening at localhost/127.0.0.1:33211
2019-10-02 11:24:34,798 [main] INFO  impl.MetricsSystemImpl (MetricsSystemImpl.java:init(158)) - OzoneManager metrics system started (again)
2019-10-02 11:24:34,799 [IPC Server Responder] INFO  ipc.Server (Server.java:run(1314)) - IPC Server Responder: starting
2019-10-02 11:24:34,799 [IPC Server listener on 33211] INFO  ipc.Server (Server.java:run(1153)) - IPC Server listener on 33211: starting
2019-10-02 11:24:34,805 [main] INFO  hdfs.DFSUtil (DFSUtil.java:httpServerTemplateForNNAndJN(1641)) - Starting Web-server for ozoneManager at: http://0.0.0.0:0
2019-10-02 11:24:34,806 [main] INFO  server.AuthenticationFilter (AuthenticationFilter.java:constructSecretProvider(240)) - Unable to initialize FileSignerSecretProvider, falling back to use random secrets.
2019-10-02 11:24:34,806 [main] WARN  http.HttpRequestLog (HttpRequestLog.java:getRequestLog(97)) - Jetty request log can only be enabled using Log4j
2019-10-02 11:24:34,807 [main] INFO  http.HttpServer2 (HttpServer2.java:addGlobalFilter(975)) - Added global filter 'safety' (class=org.apache.hadoop.http.HttpServer2$QuotingInputFilter)
2019-10-02 11:24:34,808 [main] INFO  http.HttpServer2 (HttpServer2.java:addFilter(948)) - Added filter static_user_filter (class=org.apache.hadoop.http.lib.StaticUserWebFilter$StaticUserFilter) to context ozoneManager
2019-10-02 11:24:34,808 [main] INFO  http.HttpServer2 (HttpServer2.java:addFilter(958)) - Added filter static_user_filter (class=org.apache.hadoop.http.lib.StaticUserWebFilter$StaticUserFilter) to context static
2019-10-02 11:24:34,808 [main] INFO  http.HttpServer2 (HttpServer2.java:addFilter(958)) - Added filter static_user_filter (class=org.apache.hadoop.http.lib.StaticUserWebFilter$StaticUserFilter) to context logs
2019-10-02 11:24:34,809 [main] INFO  http.HttpServer2 (HttpServer2.java:bindListener(1191)) - Jetty bound to port 34988
2019-10-02 11:24:34,809 [main] INFO  server.Server (Server.java:doStart(351)) - jetty-9.3.25.v20180904, build timestamp: 2018-09-04T21:11:46Z, git hash: 3ce520221d0240229c862b122d2b06c12a625732
2019-10-02 11:24:34,810 [main] INFO  handler.ContextHandler (ContextHandler.java:doStart(781)) - Started o.e.j.s.ServletContextHandler@5a4c98d7{/logs,file:///workdir/hadoop-ozone/integration-test/target/log,AVAILABLE}
2019-10-02 11:24:34,811 [main] INFO  handler.ContextHandler (ContextHandler.java:doStart(781)) - Started o.e.j.s.ServletContextHandler@2026fbff{/static,file:///workdir/hadoop-ozone/integration-test/target/test-classes/webapps/static,AVAILABLE}
2019-10-02 11:24:34,815 [main] INFO  handler.ContextHandler (ContextHandler.java:doStart(781)) - Started o.e.j.w.WebAppContext@26d40c77{/,file:///workdir/hadoop-ozone/integration-test/target/test-classes/webapps/ozoneManager/,AVAILABLE}{/ozoneManager}
2019-10-02 11:24:34,816 [main] INFO  server.AbstractConnector (AbstractConnector.java:doStart(278)) - Started ServerConnector@85ab964{HTTP/1.1,[http/1.1]}{0.0.0.0:34988}
2019-10-02 11:24:34,818 [main] INFO  server.Server (Server.java:doStart(419)) - Started @682678ms
2019-10-02 11:24:34,818 [main] WARN  impl.MetricsSystemImpl (MetricsSystemImpl.java:register(276)) - Sink prometheus already exists!
2019-10-02 11:24:34,819 [main] INFO  server.BaseHttpServer (BaseHttpServer.java:updateConnectorAddress(215)) - HTTP server of OZONEMANAGER is listening at http://0.0.0.0:34988
2019-10-02 11:24:34,830 [main] INFO  impl.MetricsSystemImpl (MetricsSystemImpl.java:init(158)) - HddsDatanode metrics system started (again)
2019-10-02 11:24:34,834 [main] INFO  ozone.HddsDatanodeService (HddsDatanodeService.java:start(184)) - HddsDatanodeService host:pr-trunk-5xjmm-2411255686 ip:192.168.30.53
2019-10-02 11:24:34,840 [main] INFO  volume.HddsVolume (HddsVolume.java:<init>(176)) - Creating Volume: /workdir/hadoop-ozone/integration-test/target/test-dir/MiniOzoneClusterImpl-8ab3ee48-93a3-44e4-8138-6c86b881afd1/datanode-0/data/containers/hdds of  storage type : DISK and capacity : 1482555576320
2019-10-02 11:24:34,840 [main] INFO  volume.VolumeSet (VolumeSet.java:initializeVolumeSet(170)) - Added Volume : /workdir/hadoop-ozone/integration-test/target/test-dir/MiniOzoneClusterImpl-8ab3ee48-93a3-44e4-8138-6c86b881afd1/datanode-0/data/containers/hdds to VolumeSet
2019-10-02 11:24:34,840 [main] INFO  volume.ThrottledAsyncChecker (ThrottledAsyncChecker.java:schedule(139)) - Scheduling a check for org.apache.hadoop.ozone.container.common.volume.HddsVolume@786a3477
2019-10-02 11:24:34,841 [main] INFO  volume.HddsVolumeChecker (HddsVolumeChecker.java:checkAllVolumes(202)) - Scheduled health check for volume org.apache.hadoop.ozone.container.common.volume.HddsVolume@786a3477
2019-10-02 11:24:34,853 [main] INFO  impl.RaftServerProxy (ConfUtils.java:logGet(43)) - raft.rpc.type = GRPC (default)
2019-10-02 11:24:34,854 [main] INFO  grpc.GrpcFactory (GrpcFactory.java:checkPooledByteBufAllocatorUseCacheForAllThreads(45)) - PERFORMANCE WARNING: useCacheForAllThreads is true that may cause Netty to create a lot garbage objects and, as a result, trigger GC.
	It is recommended to disable useCacheForAllThreads by setting -Dorg.apache.ratis.thirdparty.io.netty.allocator.useCacheForAllThreads=false in command line.
2019-10-02 11:24:34,854 [main] INFO  grpc.GrpcConfigKeys$Server (ConfUtils.java:logGet(43)) - raft.grpc.server.port = 0 (default)
2019-10-02 11:24:34,854 [main] INFO  server.GrpcService (ConfUtils.java:logGet(43)) - raft.grpc.message.size.max = 33570816 (custom)
2019-10-02 11:24:34,854 [main] INFO  server.RaftServerConfigKeys (ConfUtils.java:logGet(43)) - raft.server.log.appender.buffer.byte-limit = 33554432 (custom)
2019-10-02 11:24:34,854 [main] INFO  server.GrpcService (ConfUtils.java:logGet(43)) - raft.grpc.flow.control.window = 1MB (=1048576) (default)
2019-10-02 11:24:34,854 [main] INFO  server.RaftServerConfigKeys (ConfUtils.java:logGet(43)) - raft.server.rpc.request.timeout = 3000ms (default)
2019-10-02 11:24:34,855 [main] INFO  server.RaftServerConfigKeys (ConfUtils.java:logGet(43)) - raft.server.storage.dir = [/workdir/hadoop-ozone/integration-test/target/test-dir/MiniOzoneClusterImpl-8ab3ee48-93a3-44e4-8138-6c86b881afd1/datanode-0/data/ratis] (custom)
2019-10-02 11:24:34,856 [main] INFO  hdfs.DFSUtil (DFSUtil.java:httpServerTemplateForNNAndJN(1641)) - Starting Web-server for hddsDatanode at: http://0.0.0.0:0
2019-10-02 11:24:34,857 [main] INFO  server.AuthenticationFilter (AuthenticationFilter.java:constructSecretProvider(240)) - Unable to initialize FileSignerSecretProvider, falling back to use random secrets.
2019-10-02 11:24:34,857 [main] WARN  http.HttpRequestLog (HttpRequestLog.java:getRequestLog(97)) - Jetty request log can only be enabled using Log4j
2019-10-02 11:24:34,858 [main] INFO  http.HttpServer2 (HttpServer2.java:addGlobalFilter(975)) - Added global filter 'safety' (class=org.apache.hadoop.http.HttpServer2$QuotingInputFilter)
2019-10-02 11:24:34,859 [main] INFO  http.HttpServer2 (HttpServer2.java:addFilter(948)) - Added filter static_user_filter (class=org.apache.hadoop.http.lib.StaticUserWebFilter$StaticUserFilter) to context hddsDatanode
2019-10-02 11:24:34,859 [main] INFO  http.HttpServer2 (HttpServer2.java:addFilter(958)) - Added filter static_user_filter (class=org.apache.hadoop.http.lib.StaticUserWebFilter$StaticUserFilter) to context static
2019-10-02 11:24:34,859 [main] INFO  http.HttpServer2 (HttpServer2.java:addFilter(958)) - Added filter static_user_filter (class=org.apache.hadoop.http.lib.StaticUserWebFilter$StaticUserFilter) to context logs
2019-10-02 11:24:34,859 [main] INFO  http.HttpServer2 (HttpServer2.java:bindListener(1191)) - Jetty bound to port 34072
2019-10-02 11:24:34,860 [main] INFO  server.Server (Server.java:doStart(351)) - jetty-9.3.25.v20180904, build timestamp: 2018-09-04T21:11:46Z, git hash: 3ce520221d0240229c862b122d2b06c12a625732
2019-10-02 11:24:34,861 [main] INFO  handler.ContextHandler (ContextHandler.java:doStart(781)) - Started o.e.j.s.ServletContextHandler@4438b862{/logs,file:///workdir/hadoop-ozone/integration-test/target/log,AVAILABLE}
2019-10-02 11:24:34,861 [main] INFO  handler.ContextHandler (ContextHandler.java:doStart(781)) - Started o.e.j.s.ServletContextHandler@44fb6ebd{/static,jar:file:/home/user/.m2/repository/org/apache/hadoop/hadoop-hdds-container-service/0.5.0-SNAPSHOT/hadoop-hdds-container-service-0.5.0-SNAPSHOT.jar!/webapps/static,AVAILABLE}
2019-10-02 11:24:34,887 [main] INFO  handler.ContextHandler (ContextHandler.java:doStart(781)) - Started o.e.j.w.WebAppContext@7608a838{/,file:///tmp/jetty-0.0.0.0-34072-hddsDatanode-_-any-6897653575128488594.dir/webapp/,AVAILABLE}{/hddsDatanode}
2019-10-02 11:24:34,888 [main] INFO  server.AbstractConnector (AbstractConnector.java:doStart(278)) - Started ServerConnector@75839695{HTTP/1.1,[http/1.1]}{0.0.0.0:34072}
2019-10-02 11:24:34,889 [main] INFO  server.Server (Server.java:doStart(419)) - Started @682749ms
2019-10-02 11:24:34,890 [main] WARN  impl.MetricsSystemImpl (MetricsSystemImpl.java:register(276)) - Sink prometheus already exists!
2019-10-02 11:24:34,890 [main] INFO  server.BaseHttpServer (BaseHttpServer.java:updateConnectorAddress(215)) - HTTP server of HDDSDATANODE is listening at http://0.0.0.0:34072
2019-10-02 11:24:34,891 [main] INFO  impl.MetricsSystemImpl (MetricsSystemImpl.java:init(158)) - HddsDatanode metrics system started (again)
2019-10-02 11:24:34,895 [main] INFO  ozone.HddsDatanodeService (HddsDatanodeService.java:start(184)) - HddsDatanodeService host:pr-trunk-5xjmm-2411255686 ip:192.168.30.53
2019-10-02 11:24:34,895 [org.apache.hadoop.util.JvmPauseMonitor$Monitor@105200d1] INFO  util.JvmPauseMonitor (JvmPauseMonitor.java:run(188)) - Starting JVM pause monitor
2019-10-02 11:24:34,897 [Datanode State Machine Thread - 0] INFO  datanode.InitDatanodeState (InitDatanodeState.java:persistContainerDatanodeDetails(140)) - DatanodeDetails is persisted to /workdir/hadoop-ozone/integration-test/target/test-dir/MiniOzoneClusterImpl-8ab3ee48-93a3-44e4-8138-6c86b881afd1/datanode-0/meta/datanode.id
2019-10-02 11:24:34,901 [main] INFO  volume.HddsVolume (HddsVolume.java:<init>(176)) - Creating Volume: /workdir/hadoop-ozone/integration-test/target/test-dir/MiniOzoneClusterImpl-8ab3ee48-93a3-44e4-8138-6c86b881afd1/datanode-1/data/containers/hdds of  storage type : DISK and capacity : 1482555576320
2019-10-02 11:24:34,901 [main] INFO  volume.VolumeSet (VolumeSet.java:initializeVolumeSet(170)) - Added Volume : /workdir/hadoop-ozone/integration-test/target/test-dir/MiniOzoneClusterImpl-8ab3ee48-93a3-44e4-8138-6c86b881afd1/datanode-1/data/containers/hdds to VolumeSet
2019-10-02 11:24:34,901 [main] INFO  volume.ThrottledAsyncChecker (ThrottledAsyncChecker.java:schedule(139)) - Scheduling a check for org.apache.hadoop.ozone.container.common.volume.HddsVolume@b5312df
2019-10-02 11:24:34,902 [main] INFO  volume.HddsVolumeChecker (HddsVolumeChecker.java:checkAllVolumes(202)) - Scheduled health check for volume org.apache.hadoop.ozone.container.common.volume.HddsVolume@b5312df
2019-10-02 11:24:34,914 [main] INFO  impl.RaftServerProxy (ConfUtils.java:logGet(43)) - raft.rpc.type = GRPC (default)
2019-10-02 11:24:34,915 [main] INFO  grpc.GrpcFactory (GrpcFactory.java:checkPooledByteBufAllocatorUseCacheForAllThreads(45)) - PERFORMANCE WARNING: useCacheForAllThreads is true that may cause Netty to create a lot garbage objects and, as a result, trigger GC.
	It is recommended to disable useCacheForAllThreads by setting -Dorg.apache.ratis.thirdparty.io.netty.allocator.useCacheForAllThreads=false in command line.
2019-10-02 11:24:34,915 [main] INFO  grpc.GrpcConfigKeys$Server (ConfUtils.java:logGet(43)) - raft.grpc.server.port = 0 (default)
2019-10-02 11:24:34,915 [main] INFO  server.GrpcService (ConfUtils.java:logGet(43)) - raft.grpc.message.size.max = 33570816 (custom)
2019-10-02 11:24:34,915 [main] INFO  server.RaftServerConfigKeys (ConfUtils.java:logGet(43)) - raft.server.log.appender.buffer.byte-limit = 33554432 (custom)
2019-10-02 11:24:34,915 [main] INFO  server.GrpcService (ConfUtils.java:logGet(43)) - raft.grpc.flow.control.window = 1MB (=1048576) (default)
2019-10-02 11:24:34,915 [main] INFO  server.RaftServerConfigKeys (ConfUtils.java:logGet(43)) - raft.server.rpc.request.timeout = 3000ms (default)
2019-10-02 11:24:34,916 [main] INFO  server.RaftServerConfigKeys (ConfUtils.java:logGet(43)) - raft.server.storage.dir = [/workdir/hadoop-ozone/integration-test/target/test-dir/MiniOzoneClusterImpl-8ab3ee48-93a3-44e4-8138-6c86b881afd1/datanode-1/data/ratis] (custom)
2019-10-02 11:24:34,917 [main] INFO  hdfs.DFSUtil (DFSUtil.java:httpServerTemplateForNNAndJN(1641)) - Starting Web-server for hddsDatanode at: http://0.0.0.0:0
2019-10-02 11:24:34,918 [main] INFO  server.AuthenticationFilter (AuthenticationFilter.java:constructSecretProvider(240)) - Unable to initialize FileSignerSecretProvider, falling back to use random secrets.
2019-10-02 11:24:34,918 [main] WARN  http.HttpRequestLog (HttpRequestLog.java:getRequestLog(97)) - Jetty request log can only be enabled using Log4j
2019-10-02 11:24:34,919 [main] INFO  http.HttpServer2 (HttpServer2.java:addGlobalFilter(975)) - Added global filter 'safety' (class=org.apache.hadoop.http.HttpServer2$QuotingInputFilter)
2019-10-02 11:24:34,920 [main] INFO  http.HttpServer2 (HttpServer2.java:addFilter(948)) - Added filter static_user_filter (class=org.apache.hadoop.http.lib.StaticUserWebFilter$StaticUserFilter) to context hddsDatanode
2019-10-02 11:24:34,920 [main] INFO  http.HttpServer2 (HttpServer2.java:addFilter(958)) - Added filter static_user_filter (class=org.apache.hadoop.http.lib.StaticUserWebFilter$StaticUserFilter) to context logs
2019-10-02 11:24:34,920 [main] INFO  http.HttpServer2 (HttpServer2.java:addFilter(958)) - Added filter static_user_filter (class=org.apache.hadoop.http.lib.StaticUserWebFilter$StaticUserFilter) to context static
2019-10-02 11:24:34,921 [main] INFO  http.HttpServer2 (HttpServer2.java:bindListener(1191)) - Jetty bound to port 41875
2019-10-02 11:24:34,921 [main] INFO  server.Server (Server.java:doStart(351)) - jetty-9.3.25.v20180904, build timestamp: 2018-09-04T21:11:46Z, git hash: 3ce520221d0240229c862b122d2b06c12a625732
2019-10-02 11:24:34,922 [main] INFO  handler.ContextHandler (ContextHandler.java:doStart(781)) - Started o.e.j.s.ServletContextHandler@6f867b0c{/logs,file:///workdir/hadoop-ozone/integration-test/target/log,AVAILABLE}
2019-10-02 11:24:34,923 [main] INFO  handler.ContextHandler (ContextHandler.java:doStart(781)) - Started o.e.j.s.ServletContextHandler@54be6213{/static,jar:file:/home/user/.m2/repository/org/apache/hadoop/hadoop-hdds-container-service/0.5.0-SNAPSHOT/hadoop-hdds-container-service-0.5.0-SNAPSHOT.jar!/webapps/static,AVAILABLE}
2019-10-02 11:24:34,949 [main] INFO  handler.ContextHandler (ContextHandler.java:doStart(781)) - Started o.e.j.w.WebAppContext@3386c206{/,file:///tmp/jetty-0.0.0.0-41875-hddsDatanode-_-any-304630195764629490.dir/webapp/,AVAILABLE}{/hddsDatanode}
2019-10-02 11:24:34,950 [main] INFO  server.AbstractConnector (AbstractConnector.java:doStart(278)) - Started ServerConnector@1322b575{HTTP/1.1,[http/1.1]}{0.0.0.0:41875}
2019-10-02 11:24:34,951 [main] INFO  server.Server (Server.java:doStart(419)) - Started @682811ms
2019-10-02 11:24:34,951 [main] WARN  impl.MetricsSystemImpl (MetricsSystemImpl.java:register(276)) - Sink prometheus already exists!
2019-10-02 11:24:34,952 [main] INFO  server.BaseHttpServer (BaseHttpServer.java:updateConnectorAddress(215)) - HTTP server of HDDSDATANODE is listening at http://0.0.0.0:41875
2019-10-02 11:24:34,952 [main] INFO  impl.MetricsSystemImpl (MetricsSystemImpl.java:init(158)) - HddsDatanode metrics system started (again)
2019-10-02 11:24:34,957 [org.apache.hadoop.util.JvmPauseMonitor$Monitor@73d3e9c0] INFO  util.JvmPauseMonitor (JvmPauseMonitor.java:run(188)) - Starting JVM pause monitor
2019-10-02 11:24:34,958 [main] INFO  ozone.HddsDatanodeService (HddsDatanodeService.java:start(184)) - HddsDatanodeService host:pr-trunk-5xjmm-2411255686 ip:192.168.30.53
2019-10-02 11:24:34,958 [Datanode State Machine Thread - 0] INFO  datanode.InitDatanodeState (InitDatanodeState.java:persistContainerDatanodeDetails(140)) - DatanodeDetails is persisted to /workdir/hadoop-ozone/integration-test/target/test-dir/MiniOzoneClusterImpl-8ab3ee48-93a3-44e4-8138-6c86b881afd1/datanode-1/meta/datanode.id
2019-10-02 11:24:34,964 [main] INFO  volume.HddsVolume (HddsVolume.java:<init>(176)) - Creating Volume: /workdir/hadoop-ozone/integration-test/target/test-dir/MiniOzoneClusterImpl-8ab3ee48-93a3-44e4-8138-6c86b881afd1/datanode-2/data/containers/hdds of  storage type : DISK and capacity : 1482555576320
2019-10-02 11:24:34,964 [main] INFO  volume.VolumeSet (VolumeSet.java:initializeVolumeSet(170)) - Added Volume : /workdir/hadoop-ozone/integration-test/target/test-dir/MiniOzoneClusterImpl-8ab3ee48-93a3-44e4-8138-6c86b881afd1/datanode-2/data/containers/hdds to VolumeSet
2019-10-02 11:24:34,964 [main] INFO  volume.ThrottledAsyncChecker (ThrottledAsyncChecker.java:schedule(139)) - Scheduling a check for org.apache.hadoop.ozone.container.common.volume.HddsVolume@3a16984c
2019-10-02 11:24:34,965 [main] INFO  volume.HddsVolumeChecker (HddsVolumeChecker.java:checkAllVolumes(202)) - Scheduled health check for volume org.apache.hadoop.ozone.container.common.volume.HddsVolume@3a16984c
2019-10-02 11:24:34,977 [main] INFO  impl.RaftServerProxy (ConfUtils.java:logGet(43)) - raft.rpc.type = GRPC (default)
2019-10-02 11:24:34,977 [main] INFO  grpc.GrpcFactory (GrpcFactory.java:checkPooledByteBufAllocatorUseCacheForAllThreads(45)) - PERFORMANCE WARNING: useCacheForAllThreads is true that may cause Netty to create a lot garbage objects and, as a result, trigger GC.
	It is recommended to disable useCacheForAllThreads by setting -Dorg.apache.ratis.thirdparty.io.netty.allocator.useCacheForAllThreads=false in command line.
2019-10-02 11:24:34,977 [main] INFO  grpc.GrpcConfigKeys$Server (ConfUtils.java:logGet(43)) - raft.grpc.server.port = 0 (default)
2019-10-02 11:24:34,977 [main] INFO  server.GrpcService (ConfUtils.java:logGet(43)) - raft.grpc.message.size.max = 33570816 (custom)
2019-10-02 11:24:34,977 [main] INFO  server.RaftServerConfigKeys (ConfUtils.java:logGet(43)) - raft.server.log.appender.buffer.byte-limit = 33554432 (custom)
2019-10-02 11:24:34,978 [main] INFO  server.GrpcService (ConfUtils.java:logGet(43)) - raft.grpc.flow.control.window = 1MB (=1048576) (default)
2019-10-02 11:24:34,978 [main] INFO  server.RaftServerConfigKeys (ConfUtils.java:logGet(43)) - raft.server.rpc.request.timeout = 3000ms (default)
2019-10-02 11:24:34,978 [main] INFO  server.RaftServerConfigKeys (ConfUtils.java:logGet(43)) - raft.server.storage.dir = [/workdir/hadoop-ozone/integration-test/target/test-dir/MiniOzoneClusterImpl-8ab3ee48-93a3-44e4-8138-6c86b881afd1/datanode-2/data/ratis] (custom)
2019-10-02 11:24:34,979 [main] INFO  hdfs.DFSUtil (DFSUtil.java:httpServerTemplateForNNAndJN(1641)) - Starting Web-server for hddsDatanode at: http://0.0.0.0:0
2019-10-02 11:24:34,981 [main] INFO  server.AuthenticationFilter (AuthenticationFilter.java:constructSecretProvider(240)) - Unable to initialize FileSignerSecretProvider, falling back to use random secrets.
2019-10-02 11:24:34,981 [main] WARN  http.HttpRequestLog (HttpRequestLog.java:getRequestLog(97)) - Jetty request log can only be enabled using Log4j
2019-10-02 11:24:34,982 [main] INFO  http.HttpServer2 (HttpServer2.java:addGlobalFilter(975)) - Added global filter 'safety' (class=org.apache.hadoop.http.HttpServer2$QuotingInputFilter)
2019-10-02 11:24:34,982 [main] INFO  http.HttpServer2 (HttpServer2.java:addFilter(948)) - Added filter static_user_filter (class=org.apache.hadoop.http.lib.StaticUserWebFilter$StaticUserFilter) to context hddsDatanode
2019-10-02 11:24:34,983 [main] INFO  http.HttpServer2 (HttpServer2.java:addFilter(958)) - Added filter static_user_filter (class=org.apache.hadoop.http.lib.StaticUserWebFilter$StaticUserFilter) to context logs
2019-10-02 11:24:34,983 [main] INFO  http.HttpServer2 (HttpServer2.java:addFilter(958)) - Added filter static_user_filter (class=org.apache.hadoop.http.lib.StaticUserWebFilter$StaticUserFilter) to context static
2019-10-02 11:24:34,983 [main] INFO  http.HttpServer2 (HttpServer2.java:bindListener(1191)) - Jetty bound to port 37249
2019-10-02 11:24:34,983 [main] INFO  server.Server (Server.java:doStart(351)) - jetty-9.3.25.v20180904, build timestamp: 2018-09-04T21:11:46Z, git hash: 3ce520221d0240229c862b122d2b06c12a625732
2019-10-02 11:24:34,985 [main] INFO  handler.ContextHandler (ContextHandler.java:doStart(781)) - Started o.e.j.s.ServletContextHandler@66298fe9{/logs,file:///workdir/hadoop-ozone/integration-test/target/log,AVAILABLE}
2019-10-02 11:24:34,986 [main] INFO  handler.ContextHandler (ContextHandler.java:doStart(781)) - Started o.e.j.s.ServletContextHandler@5563bb40{/static,jar:file:/home/user/.m2/repository/org/apache/hadoop/hadoop-hdds-container-service/0.5.0-SNAPSHOT/hadoop-hdds-container-service-0.5.0-SNAPSHOT.jar!/webapps/static,AVAILABLE}
2019-10-02 11:24:35,022 [main] INFO  handler.ContextHandler (ContextHandler.java:doStart(781)) - Started o.e.j.w.WebAppContext@2321e482{/,file:///tmp/jetty-0.0.0.0-37249-hddsDatanode-_-any-4898134984519161805.dir/webapp/,AVAILABLE}{/hddsDatanode}
2019-10-02 11:24:35,023 [main] INFO  server.AbstractConnector (AbstractConnector.java:doStart(278)) - Started ServerConnector@467ef400{HTTP/1.1,[http/1.1]}{0.0.0.0:37249}
2019-10-02 11:24:35,025 [main] INFO  server.Server (Server.java:doStart(419)) - Started @682885ms
2019-10-02 11:24:35,025 [main] WARN  impl.MetricsSystemImpl (MetricsSystemImpl.java:register(276)) - Sink prometheus already exists!
2019-10-02 11:24:35,026 [main] INFO  server.BaseHttpServer (BaseHttpServer.java:updateConnectorAddress(215)) - HTTP server of HDDSDATANODE is listening at http://0.0.0.0:37249
2019-10-02 11:24:35,026 [main] INFO  impl.MetricsSystemImpl (MetricsSystemImpl.java:init(158)) - HddsDatanode metrics system started (again)
2019-10-02 11:24:35,032 [org.apache.hadoop.util.JvmPauseMonitor$Monitor@5f1ccd61] INFO  util.JvmPauseMonitor (JvmPauseMonitor.java:run(188)) - Starting JVM pause monitor
2019-10-02 11:24:35,032 [Datanode State Machine Thread - 0] INFO  datanode.InitDatanodeState (InitDatanodeState.java:persistContainerDatanodeDetails(140)) - DatanodeDetails is persisted to /workdir/hadoop-ozone/integration-test/target/test-dir/MiniOzoneClusterImpl-8ab3ee48-93a3-44e4-8138-6c86b881afd1/datanode-2/meta/datanode.id
2019-10-02 11:24:35,033 [main] INFO  ozone.HddsDatanodeService (HddsDatanodeService.java:start(184)) - HddsDatanodeService host:pr-trunk-5xjmm-2411255686 ip:192.168.30.53
2019-10-02 11:24:35,039 [main] INFO  volume.HddsVolume (HddsVolume.java:<init>(176)) - Creating Volume: /workdir/hadoop-ozone/integration-test/target/test-dir/MiniOzoneClusterImpl-8ab3ee48-93a3-44e4-8138-6c86b881afd1/datanode-3/data/containers/hdds of  storage type : DISK and capacity : 1482555576320
2019-10-02 11:24:35,040 [main] INFO  volume.VolumeSet (VolumeSet.java:initializeVolumeSet(170)) - Added Volume : /workdir/hadoop-ozone/integration-test/target/test-dir/MiniOzoneClusterImpl-8ab3ee48-93a3-44e4-8138-6c86b881afd1/datanode-3/data/containers/hdds to VolumeSet
2019-10-02 11:24:35,040 [main] INFO  volume.ThrottledAsyncChecker (ThrottledAsyncChecker.java:schedule(139)) - Scheduling a check for org.apache.hadoop.ozone.container.common.volume.HddsVolume@1570cad0
2019-10-02 11:24:35,041 [main] INFO  volume.HddsVolumeChecker (HddsVolumeChecker.java:checkAllVolumes(202)) - Scheduled health check for volume org.apache.hadoop.ozone.container.common.volume.HddsVolume@1570cad0
2019-10-02 11:24:35,054 [main] INFO  impl.RaftServerProxy (ConfUtils.java:logGet(43)) - raft.rpc.type = GRPC (default)
2019-10-02 11:24:35,054 [main] INFO  grpc.GrpcFactory (GrpcFactory.java:checkPooledByteBufAllocatorUseCacheForAllThreads(45)) - PERFORMANCE WARNING: useCacheForAllThreads is true that may cause Netty to create a lot garbage objects and, as a result, trigger GC.
	It is recommended to disable useCacheForAllThreads by setting -Dorg.apache.ratis.thirdparty.io.netty.allocator.useCacheForAllThreads=false in command line.
2019-10-02 11:24:35,055 [main] INFO  grpc.GrpcConfigKeys$Server (ConfUtils.java:logGet(43)) - raft.grpc.server.port = 0 (default)
2019-10-02 11:24:35,055 [main] INFO  server.GrpcService (ConfUtils.java:logGet(43)) - raft.grpc.message.size.max = 33570816 (custom)
2019-10-02 11:24:35,055 [main] INFO  server.RaftServerConfigKeys (ConfUtils.java:logGet(43)) - raft.server.log.appender.buffer.byte-limit = 33554432 (custom)
2019-10-02 11:24:35,055 [main] INFO  server.GrpcService (ConfUtils.java:logGet(43)) - raft.grpc.flow.control.window = 1MB (=1048576) (default)
2019-10-02 11:24:35,055 [main] INFO  server.RaftServerConfigKeys (ConfUtils.java:logGet(43)) - raft.server.rpc.request.timeout = 3000ms (default)
2019-10-02 11:24:35,055 [main] INFO  server.RaftServerConfigKeys (ConfUtils.java:logGet(43)) - raft.server.storage.dir = [/workdir/hadoop-ozone/integration-test/target/test-dir/MiniOzoneClusterImpl-8ab3ee48-93a3-44e4-8138-6c86b881afd1/datanode-3/data/ratis] (custom)
2019-10-02 11:24:35,056 [main] INFO  hdfs.DFSUtil (DFSUtil.java:httpServerTemplateForNNAndJN(1641)) - Starting Web-server for hddsDatanode at: http://0.0.0.0:0
2019-10-02 11:24:35,058 [main] INFO  server.AuthenticationFilter (AuthenticationFilter.java:constructSecretProvider(240)) - Unable to initialize FileSignerSecretProvider, falling back to use random secrets.
2019-10-02 11:24:35,058 [main] WARN  http.HttpRequestLog (HttpRequestLog.java:getRequestLog(97)) - Jetty request log can only be enabled using Log4j
2019-10-02 11:24:35,059 [main] INFO  http.HttpServer2 (HttpServer2.java:addGlobalFilter(975)) - Added global filter 'safety' (class=org.apache.hadoop.http.HttpServer2$QuotingInputFilter)
2019-10-02 11:24:35,059 [main] INFO  http.HttpServer2 (HttpServer2.java:addFilter(948)) - Added filter static_user_filter (class=org.apache.hadoop.http.lib.StaticUserWebFilter$StaticUserFilter) to context hddsDatanode
2019-10-02 11:24:35,059 [main] INFO  http.HttpServer2 (HttpServer2.java:addFilter(958)) - Added filter static_user_filter (class=org.apache.hadoop.http.lib.StaticUserWebFilter$StaticUserFilter) to context static
2019-10-02 11:24:35,060 [main] INFO  http.HttpServer2 (HttpServer2.java:addFilter(958)) - Added filter static_user_filter (class=org.apache.hadoop.http.lib.StaticUserWebFilter$StaticUserFilter) to context logs
2019-10-02 11:24:35,060 [main] INFO  http.HttpServer2 (HttpServer2.java:bindListener(1191)) - Jetty bound to port 34815
2019-10-02 11:24:35,060 [main] INFO  server.Server (Server.java:doStart(351)) - jetty-9.3.25.v20180904, build timestamp: 2018-09-04T21:11:46Z, git hash: 3ce520221d0240229c862b122d2b06c12a625732
2019-10-02 11:24:35,061 [main] INFO  handler.ContextHandler (ContextHandler.java:doStart(781)) - Started o.e.j.s.ServletContextHandler@45d7495e{/logs,file:///workdir/hadoop-ozone/integration-test/target/log,AVAILABLE}
2019-10-02 11:24:35,062 [main] INFO  handler.ContextHandler (ContextHandler.java:doStart(781)) - Started o.e.j.s.ServletContextHandler@3dde5f38{/static,jar:file:/home/user/.m2/repository/org/apache/hadoop/hadoop-hdds-container-service/0.5.0-SNAPSHOT/hadoop-hdds-container-service-0.5.0-SNAPSHOT.jar!/webapps/static,AVAILABLE}
2019-10-02 11:24:35,087 [main] INFO  handler.ContextHandler (ContextHandler.java:doStart(781)) - Started o.e.j.w.WebAppContext@67afe909{/,file:///tmp/jetty-0.0.0.0-34815-hddsDatanode-_-any-4263557948740064231.dir/webapp/,AVAILABLE}{/hddsDatanode}
2019-10-02 11:24:35,087 [main] INFO  server.AbstractConnector (AbstractConnector.java:doStart(278)) - Started ServerConnector@79f1e22e{HTTP/1.1,[http/1.1]}{0.0.0.0:34815}
2019-10-02 11:24:35,089 [main] INFO  server.Server (Server.java:doStart(419)) - Started @682949ms
2019-10-02 11:24:35,090 [main] WARN  impl.MetricsSystemImpl (MetricsSystemImpl.java:register(276)) - Sink prometheus already exists!
2019-10-02 11:24:35,090 [main] INFO  server.BaseHttpServer (BaseHttpServer.java:updateConnectorAddress(215)) - HTTP server of HDDSDATANODE is listening at http://0.0.0.0:34815
2019-10-02 11:24:35,090 [main] INFO  impl.MetricsSystemImpl (MetricsSystemImpl.java:init(158)) - HddsDatanode metrics system started (again)
2019-10-02 11:24:35,096 [org.apache.hadoop.util.JvmPauseMonitor$Monitor@6cf2eafb] INFO  util.JvmPauseMonitor (JvmPauseMonitor.java:run(188)) - Starting JVM pause monitor
2019-10-02 11:24:35,097 [main] INFO  ozone.HddsDatanodeService (HddsDatanodeService.java:start(184)) - HddsDatanodeService host:pr-trunk-5xjmm-2411255686 ip:192.168.30.53
2019-10-02 11:24:35,097 [Datanode State Machine Thread - 0] INFO  datanode.InitDatanodeState (InitDatanodeState.java:persistContainerDatanodeDetails(140)) - DatanodeDetails is persisted to /workdir/hadoop-ozone/integration-test/target/test-dir/MiniOzoneClusterImpl-8ab3ee48-93a3-44e4-8138-6c86b881afd1/datanode-3/meta/datanode.id
2019-10-02 11:24:35,103 [main] INFO  volume.HddsVolume (HddsVolume.java:<init>(176)) - Creating Volume: /workdir/hadoop-ozone/integration-test/target/test-dir/MiniOzoneClusterImpl-8ab3ee48-93a3-44e4-8138-6c86b881afd1/datanode-4/data/containers/hdds of  storage type : DISK and capacity : 1482555576320
2019-10-02 11:24:35,103 [main] INFO  volume.VolumeSet (VolumeSet.java:initializeVolumeSet(170)) - Added Volume : /workdir/hadoop-ozone/integration-test/target/test-dir/MiniOzoneClusterImpl-8ab3ee48-93a3-44e4-8138-6c86b881afd1/datanode-4/data/containers/hdds to VolumeSet
2019-10-02 11:24:35,103 [main] INFO  volume.ThrottledAsyncChecker (ThrottledAsyncChecker.java:schedule(139)) - Scheduling a check for org.apache.hadoop.ozone.container.common.volume.HddsVolume@43deba42
2019-10-02 11:24:35,103 [main] INFO  volume.HddsVolumeChecker (HddsVolumeChecker.java:checkAllVolumes(202)) - Scheduled health check for volume org.apache.hadoop.ozone.container.common.volume.HddsVolume@43deba42
2019-10-02 11:24:35,115 [main] INFO  impl.RaftServerProxy (ConfUtils.java:logGet(43)) - raft.rpc.type = GRPC (default)
2019-10-02 11:24:35,116 [main] INFO  grpc.GrpcFactory (GrpcFactory.java:checkPooledByteBufAllocatorUseCacheForAllThreads(45)) - PERFORMANCE WARNING: useCacheForAllThreads is true that may cause Netty to create a lot garbage objects and, as a result, trigger GC.
	It is recommended to disable useCacheForAllThreads by setting -Dorg.apache.ratis.thirdparty.io.netty.allocator.useCacheForAllThreads=false in command line.
2019-10-02 11:24:35,116 [main] INFO  grpc.GrpcConfigKeys$Server (ConfUtils.java:logGet(43)) - raft.grpc.server.port = 0 (default)
2019-10-02 11:24:35,116 [main] INFO  server.GrpcService (ConfUtils.java:logGet(43)) - raft.grpc.message.size.max = 33570816 (custom)
2019-10-02 11:24:35,116 [main] INFO  server.RaftServerConfigKeys (ConfUtils.java:logGet(43)) - raft.server.log.appender.buffer.byte-limit = 33554432 (custom)
2019-10-02 11:24:35,116 [main] INFO  server.GrpcService (ConfUtils.java:logGet(43)) - raft.grpc.flow.control.window = 1MB (=1048576) (default)
2019-10-02 11:24:35,116 [main] INFO  server.RaftServerConfigKeys (ConfUtils.java:logGet(43)) - raft.server.rpc.request.timeout = 3000ms (default)
2019-10-02 11:24:35,117 [main] INFO  server.RaftServerConfigKeys (ConfUtils.java:logGet(43)) - raft.server.storage.dir = [/workdir/hadoop-ozone/integration-test/target/test-dir/MiniOzoneClusterImpl-8ab3ee48-93a3-44e4-8138-6c86b881afd1/datanode-4/data/ratis] (custom)
2019-10-02 11:24:35,118 [main] INFO  hdfs.DFSUtil (DFSUtil.java:httpServerTemplateForNNAndJN(1641)) - Starting Web-server for hddsDatanode at: http://0.0.0.0:0
2019-10-02 11:24:35,119 [main] INFO  server.AuthenticationFilter (AuthenticationFilter.java:constructSecretProvider(240)) - Unable to initialize FileSignerSecretProvider, falling back to use random secrets.
2019-10-02 11:24:35,119 [main] WARN  http.HttpRequestLog (HttpRequestLog.java:getRequestLog(97)) - Jetty request log can only be enabled using Log4j
2019-10-02 11:24:35,120 [main] INFO  http.HttpServer2 (HttpServer2.java:addGlobalFilter(975)) - Added global filter 'safety' (class=org.apache.hadoop.http.HttpServer2$QuotingInputFilter)
2019-10-02 11:24:35,121 [main] INFO  http.HttpServer2 (HttpServer2.java:addFilter(948)) - Added filter static_user_filter (class=org.apache.hadoop.http.lib.StaticUserWebFilter$StaticUserFilter) to context hddsDatanode
2019-10-02 11:24:35,121 [main] INFO  http.HttpServer2 (HttpServer2.java:addFilter(958)) - Added filter static_user_filter (class=org.apache.hadoop.http.lib.StaticUserWebFilter$StaticUserFilter) to context static
2019-10-02 11:24:35,121 [main] INFO  http.HttpServer2 (HttpServer2.java:addFilter(958)) - Added filter static_user_filter (class=org.apache.hadoop.http.lib.StaticUserWebFilter$StaticUserFilter) to context logs
2019-10-02 11:24:35,121 [main] INFO  http.HttpServer2 (HttpServer2.java:bindListener(1191)) - Jetty bound to port 32903
2019-10-02 11:24:35,121 [main] INFO  server.Server (Server.java:doStart(351)) - jetty-9.3.25.v20180904, build timestamp: 2018-09-04T21:11:46Z, git hash: 3ce520221d0240229c862b122d2b06c12a625732
2019-10-02 11:24:35,123 [main] INFO  handler.ContextHandler (ContextHandler.java:doStart(781)) - Started o.e.j.s.ServletContextHandler@720a1fd0{/logs,file:///workdir/hadoop-ozone/integration-test/target/log,AVAILABLE}
2019-10-02 11:24:35,123 [main] INFO  handler.ContextHandler (ContextHandler.java:doStart(781)) - Started o.e.j.s.ServletContextHandler@4abbe41c{/static,jar:file:/home/user/.m2/repository/org/apache/hadoop/hadoop-hdds-container-service/0.5.0-SNAPSHOT/hadoop-hdds-container-service-0.5.0-SNAPSHOT.jar!/webapps/static,AVAILABLE}
2019-10-02 11:24:35,149 [main] INFO  handler.ContextHandler (ContextHandler.java:doStart(781)) - Started o.e.j.w.WebAppContext@12f9f896{/,file:///tmp/jetty-0.0.0.0-32903-hddsDatanode-_-any-1838192630939990128.dir/webapp/,AVAILABLE}{/hddsDatanode}
2019-10-02 11:24:35,149 [main] INFO  server.AbstractConnector (AbstractConnector.java:doStart(278)) - Started ServerConnector@7548e1fb{HTTP/1.1,[http/1.1]}{0.0.0.0:32903}
2019-10-02 11:24:35,151 [main] INFO  server.Server (Server.java:doStart(419)) - Started @683011ms
2019-10-02 11:24:35,151 [main] WARN  impl.MetricsSystemImpl (MetricsSystemImpl.java:register(276)) - Sink prometheus already exists!
2019-10-02 11:24:35,152 [main] INFO  server.BaseHttpServer (BaseHttpServer.java:updateConnectorAddress(215)) - HTTP server of HDDSDATANODE is listening at http://0.0.0.0:32903
2019-10-02 11:24:35,152 [main] INFO  impl.MetricsSystemImpl (MetricsSystemImpl.java:init(158)) - HddsDatanode metrics system started (again)
2019-10-02 11:24:35,158 [org.apache.hadoop.util.JvmPauseMonitor$Monitor@10cb790b] INFO  util.JvmPauseMonitor (JvmPauseMonitor.java:run(188)) - Starting JVM pause monitor
2019-10-02 11:24:35,159 [main] INFO  ozone.HddsDatanodeService (HddsDatanodeService.java:start(184)) - HddsDatanodeService host:pr-trunk-5xjmm-2411255686 ip:192.168.30.53
2019-10-02 11:24:35,159 [Datanode State Machine Thread - 0] INFO  datanode.InitDatanodeState (InitDatanodeState.java:persistContainerDatanodeDetails(140)) - DatanodeDetails is persisted to /workdir/hadoop-ozone/integration-test/target/test-dir/MiniOzoneClusterImpl-8ab3ee48-93a3-44e4-8138-6c86b881afd1/datanode-4/meta/datanode.id
2019-10-02 11:24:35,164 [main] INFO  volume.HddsVolume (HddsVolume.java:<init>(176)) - Creating Volume: /workdir/hadoop-ozone/integration-test/target/test-dir/MiniOzoneClusterImpl-8ab3ee48-93a3-44e4-8138-6c86b881afd1/datanode-5/data/containers/hdds of  storage type : DISK and capacity : 1482555576320
2019-10-02 11:24:35,165 [main] INFO  volume.VolumeSet (VolumeSet.java:initializeVolumeSet(170)) - Added Volume : /workdir/hadoop-ozone/integration-test/target/test-dir/MiniOzoneClusterImpl-8ab3ee48-93a3-44e4-8138-6c86b881afd1/datanode-5/data/containers/hdds to VolumeSet
2019-10-02 11:24:35,165 [main] INFO  volume.ThrottledAsyncChecker (ThrottledAsyncChecker.java:schedule(139)) - Scheduling a check for org.apache.hadoop.ozone.container.common.volume.HddsVolume@315b4202
2019-10-02 11:24:35,165 [main] INFO  volume.HddsVolumeChecker (HddsVolumeChecker.java:checkAllVolumes(202)) - Scheduled health check for volume org.apache.hadoop.ozone.container.common.volume.HddsVolume@315b4202
2019-10-02 11:24:35,178 [main] INFO  impl.RaftServerProxy (ConfUtils.java:logGet(43)) - raft.rpc.type = GRPC (default)
2019-10-02 11:24:35,178 [main] INFO  grpc.GrpcFactory (GrpcFactory.java:checkPooledByteBufAllocatorUseCacheForAllThreads(45)) - PERFORMANCE WARNING: useCacheForAllThreads is true that may cause Netty to create a lot garbage objects and, as a result, trigger GC.
	It is recommended to disable useCacheForAllThreads by setting -Dorg.apache.ratis.thirdparty.io.netty.allocator.useCacheForAllThreads=false in command line.
2019-10-02 11:24:35,178 [main] INFO  grpc.GrpcConfigKeys$Server (ConfUtils.java:logGet(43)) - raft.grpc.server.port = 0 (default)
2019-10-02 11:24:35,178 [main] INFO  server.GrpcService (ConfUtils.java:logGet(43)) - raft.grpc.message.size.max = 33570816 (custom)
2019-10-02 11:24:35,178 [main] INFO  server.RaftServerConfigKeys (ConfUtils.java:logGet(43)) - raft.server.log.appender.buffer.byte-limit = 33554432 (custom)
2019-10-02 11:24:35,178 [main] INFO  server.GrpcService (ConfUtils.java:logGet(43)) - raft.grpc.flow.control.window = 1MB (=1048576) (default)
2019-10-02 11:24:35,179 [main] INFO  server.RaftServerConfigKeys (ConfUtils.java:logGet(43)) - raft.server.rpc.request.timeout = 3000ms (default)
2019-10-02 11:24:35,179 [main] INFO  server.RaftServerConfigKeys (ConfUtils.java:logGet(43)) - raft.server.storage.dir = [/workdir/hadoop-ozone/integration-test/target/test-dir/MiniOzoneClusterImpl-8ab3ee48-93a3-44e4-8138-6c86b881afd1/datanode-5/data/ratis] (custom)
2019-10-02 11:24:35,180 [main] INFO  hdfs.DFSUtil (DFSUtil.java:httpServerTemplateForNNAndJN(1641)) - Starting Web-server for hddsDatanode at: http://0.0.0.0:0
2019-10-02 11:24:35,182 [main] INFO  server.AuthenticationFilter (AuthenticationFilter.java:constructSecretProvider(240)) - Unable to initialize FileSignerSecretProvider, falling back to use random secrets.
2019-10-02 11:24:35,182 [main] WARN  http.HttpRequestLog (HttpRequestLog.java:getRequestLog(97)) - Jetty request log can only be enabled using Log4j
2019-10-02 11:24:35,184 [main] INFO  http.HttpServer2 (HttpServer2.java:addGlobalFilter(975)) - Added global filter 'safety' (class=org.apache.hadoop.http.HttpServer2$QuotingInputFilter)
2019-10-02 11:24:35,184 [main] INFO  http.HttpServer2 (HttpServer2.java:addFilter(948)) - Added filter static_user_filter (class=org.apache.hadoop.http.lib.StaticUserWebFilter$StaticUserFilter) to context hddsDatanode
2019-10-02 11:24:35,184 [main] INFO  http.HttpServer2 (HttpServer2.java:addFilter(958)) - Added filter static_user_filter (class=org.apache.hadoop.http.lib.StaticUserWebFilter$StaticUserFilter) to context logs
2019-10-02 11:24:35,184 [main] INFO  http.HttpServer2 (HttpServer2.java:addFilter(958)) - Added filter static_user_filter (class=org.apache.hadoop.http.lib.StaticUserWebFilter$StaticUserFilter) to context static
2019-10-02 11:24:35,185 [main] INFO  http.HttpServer2 (HttpServer2.java:bindListener(1191)) - Jetty bound to port 41646
2019-10-02 11:24:35,185 [main] INFO  server.Server (Server.java:doStart(351)) - jetty-9.3.25.v20180904, build timestamp: 2018-09-04T21:11:46Z, git hash: 3ce520221d0240229c862b122d2b06c12a625732
2019-10-02 11:24:35,187 [main] INFO  handler.ContextHandler (ContextHandler.java:doStart(781)) - Started o.e.j.s.ServletContextHandler@4a9869a8{/logs,file:///workdir/hadoop-ozone/integration-test/target/log,AVAILABLE}
2019-10-02 11:24:35,187 [main] INFO  handler.ContextHandler (ContextHandler.java:doStart(781)) - Started o.e.j.s.ServletContextHandler@40f9f60d{/static,jar:file:/home/user/.m2/repository/org/apache/hadoop/hadoop-hdds-container-service/0.5.0-SNAPSHOT/hadoop-hdds-container-service-0.5.0-SNAPSHOT.jar!/webapps/static,AVAILABLE}
2019-10-02 11:24:35,214 [main] INFO  handler.ContextHandler (ContextHandler.java:doStart(781)) - Started o.e.j.w.WebAppContext@76af34b5{/,file:///tmp/jetty-0.0.0.0-41646-hddsDatanode-_-any-1214852810073279315.dir/webapp/,AVAILABLE}{/hddsDatanode}
2019-10-02 11:24:35,215 [main] INFO  server.AbstractConnector (AbstractConnector.java:doStart(278)) - Started ServerConnector@3313463c{HTTP/1.1,[http/1.1]}{0.0.0.0:41646}
2019-10-02 11:24:35,217 [main] INFO  server.Server (Server.java:doStart(419)) - Started @683077ms
2019-10-02 11:24:35,217 [main] WARN  impl.MetricsSystemImpl (MetricsSystemImpl.java:register(276)) - Sink prometheus already exists!
2019-10-02 11:24:35,218 [main] INFO  server.BaseHttpServer (BaseHttpServer.java:updateConnectorAddress(215)) - HTTP server of HDDSDATANODE is listening at http://0.0.0.0:41646
2019-10-02 11:24:35,218 [main] INFO  impl.MetricsSystemImpl (MetricsSystemImpl.java:init(158)) - HddsDatanode metrics system started (again)
2019-10-02 11:24:35,225 [org.apache.hadoop.util.JvmPauseMonitor$Monitor@9f3a0b9] INFO  util.JvmPauseMonitor (JvmPauseMonitor.java:run(188)) - Starting JVM pause monitor
2019-10-02 11:24:35,226 [main] INFO  ozone.HddsDatanodeService (HddsDatanodeService.java:start(184)) - HddsDatanodeService host:pr-trunk-5xjmm-2411255686 ip:192.168.30.53
2019-10-02 11:24:35,226 [Datanode State Machine Thread - 0] INFO  datanode.InitDatanodeState (InitDatanodeState.java:persistContainerDatanodeDetails(140)) - DatanodeDetails is persisted to /workdir/hadoop-ozone/integration-test/target/test-dir/MiniOzoneClusterImpl-8ab3ee48-93a3-44e4-8138-6c86b881afd1/datanode-5/meta/datanode.id
2019-10-02 11:24:35,233 [main] INFO  volume.HddsVolume (HddsVolume.java:<init>(176)) - Creating Volume: /workdir/hadoop-ozone/integration-test/target/test-dir/MiniOzoneClusterImpl-8ab3ee48-93a3-44e4-8138-6c86b881afd1/datanode-6/data/containers/hdds of  storage type : DISK and capacity : 1482555576320
2019-10-02 11:24:35,233 [main] INFO  volume.VolumeSet (VolumeSet.java:initializeVolumeSet(170)) - Added Volume : /workdir/hadoop-ozone/integration-test/target/test-dir/MiniOzoneClusterImpl-8ab3ee48-93a3-44e4-8138-6c86b881afd1/datanode-6/data/containers/hdds to VolumeSet
2019-10-02 11:24:35,233 [main] INFO  volume.ThrottledAsyncChecker (ThrottledAsyncChecker.java:schedule(139)) - Scheduling a check for org.apache.hadoop.ozone.container.common.volume.HddsVolume@3a5b7d7e
2019-10-02 11:24:35,235 [main] INFO  volume.HddsVolumeChecker (HddsVolumeChecker.java:checkAllVolumes(202)) - Scheduled health check for volume org.apache.hadoop.ozone.container.common.volume.HddsVolume@3a5b7d7e
2019-10-02 11:24:35,250 [main] INFO  impl.RaftServerProxy (ConfUtils.java:logGet(43)) - raft.rpc.type = GRPC (default)
2019-10-02 11:24:35,250 [main] INFO  grpc.GrpcFactory (GrpcFactory.java:checkPooledByteBufAllocatorUseCacheForAllThreads(45)) - PERFORMANCE WARNING: useCacheForAllThreads is true that may cause Netty to create a lot garbage objects and, as a result, trigger GC.
	It is recommended to disable useCacheForAllThreads by setting -Dorg.apache.ratis.thirdparty.io.netty.allocator.useCacheForAllThreads=false in command line.
2019-10-02 11:24:35,250 [main] INFO  grpc.GrpcConfigKeys$Server (ConfUtils.java:logGet(43)) - raft.grpc.server.port = 0 (default)
2019-10-02 11:24:35,251 [main] INFO  server.GrpcService (ConfUtils.java:logGet(43)) - raft.grpc.message.size.max = 33570816 (custom)
2019-10-02 11:24:35,251 [main] INFO  server.RaftServerConfigKeys (ConfUtils.java:logGet(43)) - raft.server.log.appender.buffer.byte-limit = 33554432 (custom)
2019-10-02 11:24:35,251 [main] INFO  server.GrpcService (ConfUtils.java:logGet(43)) - raft.grpc.flow.control.window = 1MB (=1048576) (default)
2019-10-02 11:24:35,251 [main] INFO  server.RaftServerConfigKeys (ConfUtils.java:logGet(43)) - raft.server.rpc.request.timeout = 3000ms (default)
2019-10-02 11:24:35,252 [main] INFO  server.RaftServerConfigKeys (ConfUtils.java:logGet(43)) - raft.server.storage.dir = [/workdir/hadoop-ozone/integration-test/target/test-dir/MiniOzoneClusterImpl-8ab3ee48-93a3-44e4-8138-6c86b881afd1/datanode-6/data/ratis] (custom)
2019-10-02 11:24:35,273 [main] INFO  hdfs.DFSUtil (DFSUtil.java:httpServerTemplateForNNAndJN(1641)) - Starting Web-server for hddsDatanode at: http://0.0.0.0:0
2019-10-02 11:24:35,274 [main] INFO  server.AuthenticationFilter (AuthenticationFilter.java:constructSecretProvider(240)) - Unable to initialize FileSignerSecretProvider, falling back to use random secrets.
2019-10-02 11:24:35,275 [main] WARN  http.HttpRequestLog (HttpRequestLog.java:getRequestLog(97)) - Jetty request log can only be enabled using Log4j
2019-10-02 11:24:35,277 [main] INFO  http.HttpServer2 (HttpServer2.java:addGlobalFilter(975)) - Added global filter 'safety' (class=org.apache.hadoop.http.HttpServer2$QuotingInputFilter)
2019-10-02 11:24:35,277 [main] INFO  http.HttpServer2 (HttpServer2.java:addFilter(948)) - Added filter static_user_filter (class=org.apache.hadoop.http.lib.StaticUserWebFilter$StaticUserFilter) to context hddsDatanode
2019-10-02 11:24:35,277 [main] INFO  http.HttpServer2 (HttpServer2.java:addFilter(958)) - Added filter static_user_filter (class=org.apache.hadoop.http.lib.StaticUserWebFilter$StaticUserFilter) to context logs
2019-10-02 11:24:35,277 [main] INFO  http.HttpServer2 (HttpServer2.java:addFilter(958)) - Added filter static_user_filter (class=org.apache.hadoop.http.lib.StaticUserWebFilter$StaticUserFilter) to context static
2019-10-02 11:24:35,278 [main] INFO  http.HttpServer2 (HttpServer2.java:bindListener(1191)) - Jetty bound to port 39494
2019-10-02 11:24:35,278 [main] INFO  server.Server (Server.java:doStart(351)) - jetty-9.3.25.v20180904, build timestamp: 2018-09-04T21:11:46Z, git hash: 3ce520221d0240229c862b122d2b06c12a625732
2019-10-02 11:24:35,280 [main] INFO  handler.ContextHandler (ContextHandler.java:doStart(781)) - Started o.e.j.s.ServletContextHandler@77cddc0c{/logs,file:///workdir/hadoop-ozone/integration-test/target/log,AVAILABLE}
2019-10-02 11:24:35,280 [main] INFO  handler.ContextHandler (ContextHandler.java:doStart(781)) - Started o.e.j.s.ServletContextHandler@774f2992{/static,jar:file:/home/user/.m2/repository/org/apache/hadoop/hadoop-hdds-container-service/0.5.0-SNAPSHOT/hadoop-hdds-container-service-0.5.0-SNAPSHOT.jar!/webapps/static,AVAILABLE}
2019-10-02 11:24:35,316 [main] INFO  handler.ContextHandler (ContextHandler.java:doStart(781)) - Started o.e.j.w.WebAppContext@31c7c281{/,file:///tmp/jetty-0.0.0.0-39494-hddsDatanode-_-any-1434536045778443200.dir/webapp/,AVAILABLE}{/hddsDatanode}
2019-10-02 11:24:35,317 [main] INFO  server.AbstractConnector (AbstractConnector.java:doStart(278)) - Started ServerConnector@31f31b20{HTTP/1.1,[http/1.1]}{0.0.0.0:39494}
2019-10-02 11:24:35,319 [main] INFO  server.Server (Server.java:doStart(419)) - Started @683179ms
2019-10-02 11:24:35,319 [main] WARN  impl.MetricsSystemImpl (MetricsSystemImpl.java:register(276)) - Sink prometheus already exists!
2019-10-02 11:24:35,320 [main] INFO  server.BaseHttpServer (BaseHttpServer.java:updateConnectorAddress(215)) - HTTP server of HDDSDATANODE is listening at http://0.0.0.0:39494
2019-10-02 11:24:35,320 [main] INFO  ozone.MiniOzoneClusterImpl (MiniOzoneClusterImpl.java:lambda$waitForClusterToBeReady$0(147)) - Waiting for cluster to be ready. Got 0 of 7 DN Heartbeats.
2019-10-02 11:24:35,321 [org.apache.hadoop.util.JvmPauseMonitor$Monitor@72dfb1de] INFO  util.JvmPauseMonitor (JvmPauseMonitor.java:run(188)) - Starting JVM pause monitor
2019-10-02 11:24:35,322 [Datanode State Machine Thread - 0] INFO  datanode.InitDatanodeState (InitDatanodeState.java:persistContainerDatanodeDetails(140)) - DatanodeDetails is persisted to /workdir/hadoop-ozone/integration-test/target/test-dir/MiniOzoneClusterImpl-8ab3ee48-93a3-44e4-8138-6c86b881afd1/datanode-6/meta/datanode.id
2019-10-02 11:24:36,321 [main] INFO  ozone.MiniOzoneClusterImpl (MiniOzoneClusterImpl.java:lambda$waitForClusterToBeReady$0(147)) - Waiting for cluster to be ready. Got 0 of 7 DN Heartbeats.
2019-10-02 11:24:36,930 [Datanode State Machine Thread - 0] INFO  ozoneimpl.OzoneContainer (OzoneContainer.java:start(217)) - Attempting to start container services.
2019-10-02 11:24:36,930 [Datanode State Machine Thread - 0] INFO  ozoneimpl.OzoneContainer (OzoneContainer.java:startContainerScrub(179)) - Background container scanner has been disabled.
2019-10-02 11:24:36,930 [Datanode State Machine Thread - 0] INFO  ratis.XceiverServerRatis (XceiverServerRatis.java:start(417)) - Starting XceiverServerRatis 42e05091-6c62-4293-994f-dc1e077aa1f2 at port 0
2019-10-02 11:24:37,059 [Datanode State Machine Thread - 0] INFO  impl.RaftServerProxy (RaftServerProxy.java:lambda$start$3(299)) - 42e05091-6c62-4293-994f-dc1e077aa1f2: start RPC server
2019-10-02 11:24:37,061 [Datanode State Machine Thread - 0] INFO  server.GrpcService (GrpcService.java:startImpl(158)) - 42e05091-6c62-4293-994f-dc1e077aa1f2: GrpcService started, listening on 0.0.0.0/0.0.0.0:45956
2019-10-02 11:24:37,061 [Datanode State Machine Thread - 0] INFO  ratis.XceiverServerRatis (XceiverServerRatis.java:start(427)) - XceiverServerRatis 42e05091-6c62-4293-994f-dc1e077aa1f2 is started using port 45956
2019-10-02 11:24:37,061 [Datanode State Machine Thread - 0] INFO  server.XceiverServerGrpc (XceiverServerGrpc.java:start(149)) - XceiverServerGrpc 42e05091-6c62-4293-994f-dc1e077aa1f2 is started using port 42941
2019-10-02 11:24:37,074 [Datanode State Machine Thread - 0] INFO  ozoneimpl.OzoneContainer (OzoneContainer.java:start(217)) - Attempting to start container services.
2019-10-02 11:24:37,074 [Datanode State Machine Thread - 0] INFO  ozoneimpl.OzoneContainer (OzoneContainer.java:startContainerScrub(179)) - Background container scanner has been disabled.
2019-10-02 11:24:37,074 [Datanode State Machine Thread - 0] INFO  ratis.XceiverServerRatis (XceiverServerRatis.java:start(417)) - Starting XceiverServerRatis 3beefbce-df87-4030-b8da-5c6bff08c947 at port 0
2019-10-02 11:24:37,079 [Datanode State Machine Thread - 0] INFO  impl.RaftServerProxy (RaftServerProxy.java:lambda$start$3(299)) - 3beefbce-df87-4030-b8da-5c6bff08c947: start RPC server
2019-10-02 11:24:37,080 [Datanode State Machine Thread - 0] INFO  server.GrpcService (GrpcService.java:startImpl(158)) - 3beefbce-df87-4030-b8da-5c6bff08c947: GrpcService started, listening on 0.0.0.0/0.0.0.0:43019
2019-10-02 11:24:37,080 [Datanode State Machine Thread - 0] INFO  ratis.XceiverServerRatis (XceiverServerRatis.java:start(427)) - XceiverServerRatis 3beefbce-df87-4030-b8da-5c6bff08c947 is started using port 43019
2019-10-02 11:24:37,080 [Datanode State Machine Thread - 0] INFO  server.XceiverServerGrpc (XceiverServerGrpc.java:start(149)) - XceiverServerGrpc 3beefbce-df87-4030-b8da-5c6bff08c947 is started using port 35562
2019-10-02 11:24:37,088 [Datanode State Machine Thread - 0] INFO  ozoneimpl.OzoneContainer (OzoneContainer.java:start(217)) - Attempting to start container services.
2019-10-02 11:24:37,088 [Datanode State Machine Thread - 0] INFO  ozoneimpl.OzoneContainer (OzoneContainer.java:startContainerScrub(179)) - Background container scanner has been disabled.
2019-10-02 11:24:37,088 [Datanode State Machine Thread - 0] INFO  ratis.XceiverServerRatis (XceiverServerRatis.java:start(417)) - Starting XceiverServerRatis 679bf837-d1b7-4317-bb84-639952a13514 at port 0
2019-10-02 11:24:37,092 [Datanode State Machine Thread - 0] INFO  impl.RaftServerProxy (RaftServerProxy.java:lambda$start$3(299)) - 679bf837-d1b7-4317-bb84-639952a13514: start RPC server
2019-10-02 11:24:37,100 [Datanode State Machine Thread - 0] INFO  server.GrpcService (GrpcService.java:startImpl(158)) - 679bf837-d1b7-4317-bb84-639952a13514: GrpcService started, listening on 0.0.0.0/0.0.0.0:36353
2019-10-02 11:24:37,101 [Datanode State Machine Thread - 0] INFO  ratis.XceiverServerRatis (XceiverServerRatis.java:start(427)) - XceiverServerRatis 679bf837-d1b7-4317-bb84-639952a13514 is started using port 36353
2019-10-02 11:24:37,108 [Datanode State Machine Thread - 0] INFO  server.XceiverServerGrpc (XceiverServerGrpc.java:start(149)) - XceiverServerGrpc 679bf837-d1b7-4317-bb84-639952a13514 is started using port 35410
2019-10-02 11:24:37,124 [Datanode State Machine Thread - 0] INFO  ozoneimpl.OzoneContainer (OzoneContainer.java:start(217)) - Attempting to start container services.
2019-10-02 11:24:37,124 [Datanode State Machine Thread - 0] INFO  ozoneimpl.OzoneContainer (OzoneContainer.java:startContainerScrub(179)) - Background container scanner has been disabled.
2019-10-02 11:24:37,124 [Datanode State Machine Thread - 0] INFO  ratis.XceiverServerRatis (XceiverServerRatis.java:start(417)) - Starting XceiverServerRatis 6b9e8ff8-5b9c-4759-afd3-fc8cfa7baf67 at port 0
2019-10-02 11:24:37,129 [Datanode State Machine Thread - 0] INFO  impl.RaftServerProxy (RaftServerProxy.java:lambda$start$3(299)) - 6b9e8ff8-5b9c-4759-afd3-fc8cfa7baf67: start RPC server
2019-10-02 11:24:37,132 [Datanode State Machine Thread - 0] INFO  server.GrpcService (GrpcService.java:startImpl(158)) - 6b9e8ff8-5b9c-4759-afd3-fc8cfa7baf67: GrpcService started, listening on 0.0.0.0/0.0.0.0:43513
2019-10-02 11:24:37,132 [Datanode State Machine Thread - 0] INFO  ratis.XceiverServerRatis (XceiverServerRatis.java:start(427)) - XceiverServerRatis 6b9e8ff8-5b9c-4759-afd3-fc8cfa7baf67 is started using port 43513
2019-10-02 11:24:37,134 [Datanode State Machine Thread - 0] INFO  server.XceiverServerGrpc (XceiverServerGrpc.java:start(149)) - XceiverServerGrpc 6b9e8ff8-5b9c-4759-afd3-fc8cfa7baf67 is started using port 46301
2019-10-02 11:24:37,183 [Datanode State Machine Thread - 0] INFO  ozoneimpl.OzoneContainer (OzoneContainer.java:start(217)) - Attempting to start container services.
2019-10-02 11:24:37,183 [Datanode State Machine Thread - 0] INFO  ozoneimpl.OzoneContainer (OzoneContainer.java:startContainerScrub(179)) - Background container scanner has been disabled.
2019-10-02 11:24:37,183 [Datanode State Machine Thread - 0] INFO  ratis.XceiverServerRatis (XceiverServerRatis.java:start(417)) - Starting XceiverServerRatis c2228e19-45d4-4b4f-85b0-128726505934 at port 0
2019-10-02 11:24:37,211 [Datanode State Machine Thread - 0] INFO  impl.RaftServerProxy (RaftServerProxy.java:lambda$start$3(299)) - c2228e19-45d4-4b4f-85b0-128726505934: start RPC server
2019-10-02 11:24:37,211 [Datanode State Machine Thread - 0] INFO  server.GrpcService (GrpcService.java:startImpl(158)) - c2228e19-45d4-4b4f-85b0-128726505934: GrpcService started, listening on 0.0.0.0/0.0.0.0:33024
2019-10-02 11:24:37,211 [Datanode State Machine Thread - 0] INFO  ratis.XceiverServerRatis (XceiverServerRatis.java:start(427)) - XceiverServerRatis c2228e19-45d4-4b4f-85b0-128726505934 is started using port 33024
2019-10-02 11:24:37,212 [Datanode State Machine Thread - 0] INFO  server.XceiverServerGrpc (XceiverServerGrpc.java:start(149)) - XceiverServerGrpc c2228e19-45d4-4b4f-85b0-128726505934 is started using port 34649
2019-10-02 11:24:37,243 [Datanode State Machine Thread - 0] INFO  ozoneimpl.OzoneContainer (OzoneContainer.java:start(217)) - Attempting to start container services.
2019-10-02 11:24:37,244 [Datanode State Machine Thread - 0] INFO  ozoneimpl.OzoneContainer (OzoneContainer.java:startContainerScrub(179)) - Background container scanner has been disabled.
2019-10-02 11:24:37,244 [Datanode State Machine Thread - 0] INFO  ratis.XceiverServerRatis (XceiverServerRatis.java:start(417)) - Starting XceiverServerRatis 420a87e5-3a05-46db-8578-f503afaacbef at port 0
2019-10-02 11:24:37,269 [Datanode State Machine Thread - 0] INFO  impl.RaftServerProxy (RaftServerProxy.java:lambda$start$3(299)) - 420a87e5-3a05-46db-8578-f503afaacbef: start RPC server
2019-10-02 11:24:37,273 [Datanode State Machine Thread - 0] INFO  server.GrpcService (GrpcService.java:startImpl(158)) - 420a87e5-3a05-46db-8578-f503afaacbef: GrpcService started, listening on 0.0.0.0/0.0.0.0:40226
2019-10-02 11:24:37,273 [Datanode State Machine Thread - 0] INFO  ratis.XceiverServerRatis (XceiverServerRatis.java:start(427)) - XceiverServerRatis 420a87e5-3a05-46db-8578-f503afaacbef is started using port 40226
2019-10-02 11:24:37,273 [Datanode State Machine Thread - 0] INFO  server.XceiverServerGrpc (XceiverServerGrpc.java:start(149)) - XceiverServerGrpc 420a87e5-3a05-46db-8578-f503afaacbef is started using port 36934
2019-10-02 11:24:37,321 [main] INFO  ozone.MiniOzoneClusterImpl (MiniOzoneClusterImpl.java:lambda$waitForClusterToBeReady$0(147)) - Waiting for cluster to be ready. Got 0 of 7 DN Heartbeats.
2019-10-02 11:24:37,335 [Datanode State Machine Thread - 0] INFO  ozoneimpl.OzoneContainer (OzoneContainer.java:start(217)) - Attempting to start container services.
2019-10-02 11:24:37,336 [Datanode State Machine Thread - 0] INFO  ozoneimpl.OzoneContainer (OzoneContainer.java:startContainerScrub(179)) - Background container scanner has been disabled.
2019-10-02 11:24:37,336 [Datanode State Machine Thread - 0] INFO  ratis.XceiverServerRatis (XceiverServerRatis.java:start(417)) - Starting XceiverServerRatis 0c636628-a06b-4155-ba06-d49595c8d0c4 at port 0
2019-10-02 11:24:37,340 [Datanode State Machine Thread - 0] INFO  impl.RaftServerProxy (RaftServerProxy.java:lambda$start$3(299)) - 0c636628-a06b-4155-ba06-d49595c8d0c4: start RPC server
2019-10-02 11:24:37,341 [Datanode State Machine Thread - 0] INFO  server.GrpcService (GrpcService.java:startImpl(158)) - 0c636628-a06b-4155-ba06-d49595c8d0c4: GrpcService started, listening on 0.0.0.0/0.0.0.0:33328
2019-10-02 11:24:37,341 [Datanode State Machine Thread - 0] INFO  ratis.XceiverServerRatis (XceiverServerRatis.java:start(427)) - XceiverServerRatis 0c636628-a06b-4155-ba06-d49595c8d0c4 is started using port 33328
2019-10-02 11:24:37,341 [Datanode State Machine Thread - 0] INFO  server.XceiverServerGrpc (XceiverServerGrpc.java:start(149)) - XceiverServerGrpc 0c636628-a06b-4155-ba06-d49595c8d0c4 is started using port 35059
2019-10-02 11:24:38,322 [main] INFO  ozone.MiniOzoneClusterImpl (MiniOzoneClusterImpl.java:lambda$waitForClusterToBeReady$0(147)) - Waiting for cluster to be ready. Got 0 of 7 DN Heartbeats.
2019-10-02 11:24:38,899 [IPC Server handler 2 on 33453] INFO  net.NetworkTopology (NetworkTopologyImpl.java:add(111)) - Added a new node: /default-rack/42e05091-6c62-4293-994f-dc1e077aa1f2
2019-10-02 11:24:38,901 [IPC Server handler 2 on 33453] INFO  node.SCMNodeManager (SCMNodeManager.java:register(266)) - Registered Data node : 42e05091-6c62-4293-994f-dc1e077aa1f2{ip: 192.168.30.53, host: pr-trunk-5xjmm-2411255686, networkLocation: /default-rack, certSerialId: null}
2019-10-02 11:24:38,902 [EventQueue-NodeRegistrationContainerReportForDataNodeSafeModeRule] INFO  safemode.SCMSafeModeManager (DataNodeSafeModeRule.java:process(71)) - SCM in safe mode. 1 DataNodes registered, 1 required.
2019-10-02 11:24:38,904 [EventQueue-NodeRegistrationContainerReportForDataNodeSafeModeRule] INFO  safemode.SCMSafeModeManager (SCMSafeModeManager.java:validateSafeModeExitRules(177)) - ScmSafeModeManager, all rules are successfully validated
2019-10-02 11:24:38,904 [EventQueue-NodeRegistrationContainerReportForDataNodeSafeModeRule] INFO  safemode.SCMSafeModeManager (SCMSafeModeManager.java:exitSafeMode(193)) - SCM exiting safe mode.
2019-10-02 11:24:38,913 [grpc-default-executor-14] INFO  impl.RaftServerProxy (RaftServerProxy.java:addNew(89)) - 42e05091-6c62-4293-994f-dc1e077aa1f2: addNew group-69FB91CBC860:[42e05091-6c62-4293-994f-dc1e077aa1f2:192.168.30.53:45956] returns group-69FB91CBC860:java.util.concurrent.CompletableFuture@6e8a27fa[Not completed]
2019-10-02 11:24:38,916 [pool-587-thread-1] INFO  impl.RaftServerImpl (RaftServerImpl.java:<init>(95)) - 42e05091-6c62-4293-994f-dc1e077aa1f2: new RaftServerImpl for group-69FB91CBC860:[42e05091-6c62-4293-994f-dc1e077aa1f2:192.168.30.53:45956] with ContainerStateMachine:uninitialized
2019-10-02 11:24:38,916 [pool-587-thread-1] INFO  server.RaftServerConfigKeys (ConfUtils.java:logGet(43)) - raft.server.rpc.timeout.min = 5s (custom)
2019-10-02 11:24:38,916 [pool-587-thread-1] INFO  server.RaftServerConfigKeys (ConfUtils.java:logGet(43)) - raft.server.rpc.timeout.max = 5200ms (custom)
2019-10-02 11:24:38,916 [pool-587-thread-1] INFO  server.RaftServerConfigKeys (ConfUtils.java:logGet(43)) - raft.server.rpcslowness.timeout = 120s (custom)
2019-10-02 11:24:38,916 [pool-587-thread-1] INFO  server.RaftServerConfigKeys (ConfUtils.java:logGet(43)) - raft.server.sleep.deviation.threshold = 300 (default)
2019-10-02 11:24:38,916 [pool-587-thread-1] INFO  server.RaftServerConfigKeys (ConfUtils.java:logGet(43)) - raft.server.log.appender.install.snapshot.enabled = false (custom)
2019-10-02 11:24:38,916 [pool-587-thread-1] INFO  impl.RaftServerImpl (ServerState.java:<init>(103)) - 42e05091-6c62-4293-994f-dc1e077aa1f2@group-69FB91CBC860: ConfigurationManager, init=-1: [42e05091-6c62-4293-994f-dc1e077aa1f2:192.168.30.53:45956], old=null, confs=<EMPTY_MAP>
2019-10-02 11:24:38,917 [pool-587-thread-1] INFO  server.RaftServerConfigKeys (ConfUtils.java:logGet(43)) - raft.server.storage.dir = [/workdir/hadoop-ozone/integration-test/target/test-dir/MiniOzoneClusterImpl-8ab3ee48-93a3-44e4-8138-6c86b881afd1/datanode-0/data/ratis] (custom)
2019-10-02 11:24:38,917 [pool-587-thread-1] INFO  server.RaftServerConfigKeys (ConfUtils.java:logGet(43)) - raft.server.log.corruption.policy = EXCEPTION (default)
2019-10-02 11:24:38,917 [pool-587-thread-1] INFO  storage.RaftStorageDirectory (RaftStorageDirectory.java:analyzeStorage(246)) - The storage directory /workdir/hadoop-ozone/integration-test/target/test-dir/MiniOzoneClusterImpl-8ab3ee48-93a3-44e4-8138-6c86b881afd1/datanode-0/data/ratis/7be12dd1-43a2-486f-9935-69fb91cbc860 does not exist. Creating ...
2019-10-02 11:24:38,934 [pool-587-thread-1] INFO  storage.RaftStorageDirectory (RaftStorageDirectory.java:tryLock(328)) - Lock on /workdir/hadoop-ozone/integration-test/target/test-dir/MiniOzoneClusterImpl-8ab3ee48-93a3-44e4-8138-6c86b881afd1/datanode-0/data/ratis/7be12dd1-43a2-486f-9935-69fb91cbc860/in_use.lock acquired by nodename 5801@pr-trunk-5xjmm-2411255686
2019-10-02 11:24:38,952 [pool-587-thread-1] INFO  storage.RaftStorage (RaftStorage.java:format(84)) - Storage directory /workdir/hadoop-ozone/integration-test/target/test-dir/MiniOzoneClusterImpl-8ab3ee48-93a3-44e4-8138-6c86b881afd1/datanode-0/data/ratis/7be12dd1-43a2-486f-9935-69fb91cbc860 has been successfully formatted.
2019-10-02 11:24:38,953 [pool-587-thread-1] INFO  ratis.ContainerStateMachine (ContainerStateMachine.java:loadSnapshot(230)) - group-69FB91CBC860: The snapshot info is null. Setting the last applied indexto:(t:0, i:~)
2019-10-02 11:24:38,953 [pool-587-thread-1] INFO  server.RaftServerConfigKeys (ConfUtils.java:logGet(43)) - raft.server.notification.no-leader.timeout = 120s (custom)
2019-10-02 11:24:38,953 [pool-587-thread-1] INFO  server.RaftServerConfigKeys (ConfUtils.java:logGet(43)) - raft.server.log.use.memory = false (default)
2019-10-02 11:24:38,953 [pool-587-thread-1] INFO  server.RaftServerConfigKeys (ConfUtils.java:logGet(43)) - raft.server.log.purge.gap = 1000000 (custom)
2019-10-02 11:24:38,953 [pool-587-thread-1] INFO  server.RaftServerConfigKeys (ConfUtils.java:logGet(43)) - raft.server.log.appender.buffer.byte-limit = 33554432 (custom)
2019-10-02 11:24:38,953 [pool-587-thread-1] INFO  server.RaftServerConfigKeys (ConfUtils.java:logGet(43)) - raft.server.log.segment.size.max = 1048576 (custom)
2019-10-02 11:24:38,955 [pool-587-thread-1] INFO  server.RaftServerConfigKeys (ConfUtils.java:logGet(43)) - raft.server.log.segment.cache.num.max = 2 (custom)
2019-10-02 11:24:38,955 [pool-587-thread-1] INFO  segmented.SegmentedRaftLogWorker (SegmentedRaftLogWorker.java:<init>(173)) - new 42e05091-6c62-4293-994f-dc1e077aa1f2@group-69FB91CBC860-SegmentedRaftLogWorker for RaftStorage:Storage Directory /workdir/hadoop-ozone/integration-test/target/test-dir/MiniOzoneClusterImpl-8ab3ee48-93a3-44e4-8138-6c86b881afd1/datanode-0/data/ratis/7be12dd1-43a2-486f-9935-69fb91cbc860
2019-10-02 11:24:38,955 [pool-587-thread-1] INFO  server.RaftServerConfigKeys (ConfUtils.java:logGet(43)) - raft.server.log.queue.byte-limit = 2147483647 (custom)
2019-10-02 11:24:38,955 [pool-587-thread-1] INFO  server.RaftServerConfigKeys (ConfUtils.java:logGet(43)) - raft.server.log.queue.element-limit = 1024 (custom)
2019-10-02 11:24:38,955 [pool-587-thread-1] INFO  server.RaftServerConfigKeys (ConfUtils.java:logGet(43)) - raft.server.log.segment.size.max = 1048576 (custom)
2019-10-02 11:24:38,956 [pool-587-thread-1] INFO  server.RaftServerConfigKeys (ConfUtils.java:logGet(43)) - raft.server.log.preallocated.size = 16384 (custom)
2019-10-02 11:24:38,956 [pool-587-thread-1] INFO  server.RaftServerConfigKeys (ConfUtils.java:logGet(43)) - raft.server.log.write.buffer.size = 33554432 (custom)
2019-10-02 11:24:38,956 [pool-587-thread-1] INFO  server.RaftServerConfigKeys (ConfUtils.java:logGet(43)) - raft.server.log.force.sync.num = 128 (default)
2019-10-02 11:24:38,956 [pool-587-thread-1] INFO  server.RaftServerConfigKeys (ConfUtils.java:logGet(43)) - raft.server.log.statemachine.data.sync = true (default)
2019-10-02 11:24:38,956 [pool-587-thread-1] INFO  server.RaftServerConfigKeys (ConfUtils.java:logGet(43)) - raft.server.log.statemachine.data.sync.timeout = 10s (default)
2019-10-02 11:24:38,956 [pool-587-thread-1] INFO  server.RaftServerConfigKeys (ConfUtils.java:logGet(43)) - raft.server.log.statemachine.data.sync.timeout.retry = -1 (default)
2019-10-02 11:24:38,956 [pool-587-thread-1] INFO  server.RaftServerConfigKeys (ConfUtils.java:logGet(43)) - raft.server.log.statemachine.data.caching.enabled = true (custom)
2019-10-02 11:24:38,957 [pool-587-thread-1] INFO  segmented.SegmentedRaftLogWorker (SegmentedRaftLogWorker.java:lambda$new$0(128)) - 42e05091-6c62-4293-994f-dc1e077aa1f2@group-69FB91CBC860-SegmentedRaftLogWorker: flushIndex: setUnconditionally 0 -> -1
2019-10-02 11:24:38,957 [pool-587-thread-1] INFO  server.RaftServerConfigKeys (ConfUtils.java:logGet(43)) - raft.server.snapshot.auto.trigger.enabled = true (custom)
2019-10-02 11:24:38,957 [pool-587-thread-1] INFO  server.RaftServerConfigKeys (ConfUtils.java:logGet(43)) - raft.server.snapshot.auto.trigger.threshold = 10000 (custom)
2019-10-02 11:24:38,957 [pool-587-thread-1] INFO  server.RaftServerConfigKeys (ConfUtils.java:logGet(43)) - raft.server.snapshot.retention.file.num = 5 (custom)
2019-10-02 11:24:38,957 [pool-587-thread-1] INFO  server.RaftServerConfigKeys (ConfUtils.java:logGet(43)) - raft.server.retrycache.expirytime = 600000ms (custom)
2019-10-02 11:24:38,958 [IPC Server handler 0 on 33453] INFO  net.NetworkTopology (NetworkTopologyImpl.java:add(111)) - Added a new node: /default-rack/3beefbce-df87-4030-b8da-5c6bff08c947
2019-10-02 11:24:38,958 [IPC Server handler 0 on 33453] INFO  node.SCMNodeManager (SCMNodeManager.java:register(266)) - Registered Data node : 3beefbce-df87-4030-b8da-5c6bff08c947{ip: 192.168.30.53, host: pr-trunk-5xjmm-2411255686, networkLocation: /default-rack, certSerialId: null}
2019-10-02 11:24:38,959 [pool-587-thread-1] INFO  impl.RaftServerImpl (RaftServerImpl.java:start(181)) - 42e05091-6c62-4293-994f-dc1e077aa1f2@group-69FB91CBC860: start as a follower, conf=-1: [42e05091-6c62-4293-994f-dc1e077aa1f2:192.168.30.53:45956], old=null
2019-10-02 11:24:38,959 [pool-587-thread-1] INFO  impl.RaftServerImpl (RaftServerImpl.java:setRole(170)) - 42e05091-6c62-4293-994f-dc1e077aa1f2@group-69FB91CBC860: changes role from      null to FOLLOWER at term 0 for startAsFollower
2019-10-02 11:24:38,959 [pool-587-thread-1] INFO  impl.RoleInfo (RoleInfo.java:updateAndGet(143)) - 42e05091-6c62-4293-994f-dc1e077aa1f2: start FollowerState
2019-10-02 11:24:38,959 [pool-587-thread-1] INFO  util.JmxRegister (JmxRegister.java:tryRegister(44)) - Successfully registered JMX Bean with object name Ratis:service=RaftServer,group=group-69FB91CBC860,id=42e05091-6c62-4293-994f-dc1e077aa1f2
2019-10-02 11:24:38,963 [RatisPipelineUtilsThread] INFO  pipeline.PipelineStateManager (PipelineStateManager.java:addPipeline(56)) - Created pipeline Pipeline[ Id: 7be12dd1-43a2-486f-9935-69fb91cbc860, Nodes: 42e05091-6c62-4293-994f-dc1e077aa1f2{ip: 192.168.30.53, host: pr-trunk-5xjmm-2411255686, networkLocation: /default-rack, certSerialId: null}, Type:RATIS, Factor:ONE, State:OPEN]
2019-10-02 11:24:38,969 [grpc-default-executor-14] INFO  impl.RaftServerProxy (RaftServerProxy.java:addNew(89)) - 3beefbce-df87-4030-b8da-5c6bff08c947: addNew group-DBA5AA6049CA:[3beefbce-df87-4030-b8da-5c6bff08c947:192.168.30.53:43019] returns group-DBA5AA6049CA:java.util.concurrent.CompletableFuture@33799321[Not completed]
2019-10-02 11:24:38,970 [pool-597-thread-1] INFO  impl.RaftServerImpl (RaftServerImpl.java:<init>(95)) - 3beefbce-df87-4030-b8da-5c6bff08c947: new RaftServerImpl for group-DBA5AA6049CA:[3beefbce-df87-4030-b8da-5c6bff08c947:192.168.30.53:43019] with ContainerStateMachine:uninitialized
2019-10-02 11:24:38,970 [pool-597-thread-1] INFO  server.RaftServerConfigKeys (ConfUtils.java:logGet(43)) - raft.server.rpc.timeout.min = 5s (custom)
2019-10-02 11:24:38,970 [pool-597-thread-1] INFO  server.RaftServerConfigKeys (ConfUtils.java:logGet(43)) - raft.server.rpc.timeout.max = 5200ms (custom)
2019-10-02 11:24:38,970 [pool-597-thread-1] INFO  server.RaftServerConfigKeys (ConfUtils.java:logGet(43)) - raft.server.rpcslowness.timeout = 120s (custom)
2019-10-02 11:24:38,970 [pool-597-thread-1] INFO  server.RaftServerConfigKeys (ConfUtils.java:logGet(43)) - raft.server.sleep.deviation.threshold = 300 (default)
2019-10-02 11:24:38,970 [pool-597-thread-1] INFO  server.RaftServerConfigKeys (ConfUtils.java:logGet(43)) - raft.server.log.appender.install.snapshot.enabled = false (custom)
2019-10-02 11:24:38,971 [pool-597-thread-1] INFO  impl.RaftServerImpl (ServerState.java:<init>(103)) - 3beefbce-df87-4030-b8da-5c6bff08c947@group-DBA5AA6049CA: ConfigurationManager, init=-1: [3beefbce-df87-4030-b8da-5c6bff08c947:192.168.30.53:43019], old=null, confs=<EMPTY_MAP>
2019-10-02 11:24:38,971 [pool-597-thread-1] INFO  server.RaftServerConfigKeys (ConfUtils.java:logGet(43)) - raft.server.storage.dir = [/workdir/hadoop-ozone/integration-test/target/test-dir/MiniOzoneClusterImpl-8ab3ee48-93a3-44e4-8138-6c86b881afd1/datanode-1/data/ratis] (custom)
2019-10-02 11:24:38,971 [pool-597-thread-1] INFO  server.RaftServerConfigKeys (ConfUtils.java:logGet(43)) - raft.server.log.corruption.policy = EXCEPTION (default)
2019-10-02 11:24:38,971 [pool-597-thread-1] INFO  storage.RaftStorageDirectory (RaftStorageDirectory.java:analyzeStorage(246)) - The storage directory /workdir/hadoop-ozone/integration-test/target/test-dir/MiniOzoneClusterImpl-8ab3ee48-93a3-44e4-8138-6c86b881afd1/datanode-1/data/ratis/5c57ccad-22be-4188-a32f-dba5aa6049ca does not exist. Creating ...
2019-10-02 11:24:38,986 [pool-597-thread-1] INFO  storage.RaftStorageDirectory (RaftStorageDirectory.java:tryLock(328)) - Lock on /workdir/hadoop-ozone/integration-test/target/test-dir/MiniOzoneClusterImpl-8ab3ee48-93a3-44e4-8138-6c86b881afd1/datanode-1/data/ratis/5c57ccad-22be-4188-a32f-dba5aa6049ca/in_use.lock acquired by nodename 5801@pr-trunk-5xjmm-2411255686
2019-10-02 11:24:39,012 [pool-597-thread-1] INFO  storage.RaftStorage (RaftStorage.java:format(84)) - Storage directory /workdir/hadoop-ozone/integration-test/target/test-dir/MiniOzoneClusterImpl-8ab3ee48-93a3-44e4-8138-6c86b881afd1/datanode-1/data/ratis/5c57ccad-22be-4188-a32f-dba5aa6049ca has been successfully formatted.
2019-10-02 11:24:39,012 [pool-597-thread-1] INFO  ratis.ContainerStateMachine (ContainerStateMachine.java:loadSnapshot(230)) - group-DBA5AA6049CA: The snapshot info is null. Setting the last applied indexto:(t:0, i:~)
2019-10-02 11:24:39,012 [pool-597-thread-1] INFO  server.RaftServerConfigKeys (ConfUtils.java:logGet(43)) - raft.server.notification.no-leader.timeout = 120s (custom)
2019-10-02 11:24:39,012 [pool-597-thread-1] INFO  server.RaftServerConfigKeys (ConfUtils.java:logGet(43)) - raft.server.log.use.memory = false (default)
2019-10-02 11:24:39,012 [pool-597-thread-1] INFO  server.RaftServerConfigKeys (ConfUtils.java:logGet(43)) - raft.server.log.purge.gap = 1000000 (custom)
2019-10-02 11:24:39,012 [pool-597-thread-1] INFO  server.RaftServerConfigKeys (ConfUtils.java:logGet(43)) - raft.server.log.appender.buffer.byte-limit = 33554432 (custom)
2019-10-02 11:24:39,013 [pool-597-thread-1] INFO  server.RaftServerConfigKeys (ConfUtils.java:logGet(43)) - raft.server.log.segment.size.max = 1048576 (custom)
2019-10-02 11:24:39,014 [pool-597-thread-1] INFO  server.RaftServerConfigKeys (ConfUtils.java:logGet(43)) - raft.server.log.segment.cache.num.max = 2 (custom)
2019-10-02 11:24:39,014 [pool-597-thread-1] INFO  segmented.SegmentedRaftLogWorker (SegmentedRaftLogWorker.java:<init>(173)) - new 3beefbce-df87-4030-b8da-5c6bff08c947@group-DBA5AA6049CA-SegmentedRaftLogWorker for RaftStorage:Storage Directory /workdir/hadoop-ozone/integration-test/target/test-dir/MiniOzoneClusterImpl-8ab3ee48-93a3-44e4-8138-6c86b881afd1/datanode-1/data/ratis/5c57ccad-22be-4188-a32f-dba5aa6049ca
2019-10-02 11:24:39,014 [pool-597-thread-1] INFO  server.RaftServerConfigKeys (ConfUtils.java:logGet(43)) - raft.server.log.queue.byte-limit = 2147483647 (custom)
2019-10-02 11:24:39,014 [pool-597-thread-1] INFO  server.RaftServerConfigKeys (ConfUtils.java:logGet(43)) - raft.server.log.queue.element-limit = 1024 (custom)
2019-10-02 11:24:39,014 [pool-597-thread-1] INFO  server.RaftServerConfigKeys (ConfUtils.java:logGet(43)) - raft.server.log.segment.size.max = 1048576 (custom)
2019-10-02 11:24:39,014 [pool-597-thread-1] INFO  server.RaftServerConfigKeys (ConfUtils.java:logGet(43)) - raft.server.log.preallocated.size = 16384 (custom)
2019-10-02 11:24:39,014 [pool-597-thread-1] INFO  server.RaftServerConfigKeys (ConfUtils.java:logGet(43)) - raft.server.log.write.buffer.size = 33554432 (custom)
2019-10-02 11:24:39,014 [pool-597-thread-1] INFO  server.RaftServerConfigKeys (ConfUtils.java:logGet(43)) - raft.server.log.force.sync.num = 128 (default)
2019-10-02 11:24:39,015 [pool-597-thread-1] INFO  server.RaftServerConfigKeys (ConfUtils.java:logGet(43)) - raft.server.log.statemachine.data.sync = true (default)
2019-10-02 11:24:39,015 [pool-597-thread-1] INFO  server.RaftServerConfigKeys (ConfUtils.java:logGet(43)) - raft.server.log.statemachine.data.sync.timeout = 10s (default)
2019-10-02 11:24:39,015 [pool-597-thread-1] INFO  server.RaftServerConfigKeys (ConfUtils.java:logGet(43)) - raft.server.log.statemachine.data.sync.timeout.retry = -1 (default)
2019-10-02 11:24:39,015 [pool-597-thread-1] INFO  server.RaftServerConfigKeys (ConfUtils.java:logGet(43)) - raft.server.log.statemachine.data.caching.enabled = true (custom)
2019-10-02 11:24:39,015 [pool-597-thread-1] INFO  segmented.SegmentedRaftLogWorker (SegmentedRaftLogWorker.java:lambda$new$0(128)) - 3beefbce-df87-4030-b8da-5c6bff08c947@group-DBA5AA6049CA-SegmentedRaftLogWorker: flushIndex: setUnconditionally 0 -> -1
2019-10-02 11:24:39,016 [pool-597-thread-1] INFO  server.RaftServerConfigKeys (ConfUtils.java:logGet(43)) - raft.server.snapshot.auto.trigger.enabled = true (custom)
2019-10-02 11:24:39,016 [pool-597-thread-1] INFO  server.RaftServerConfigKeys (ConfUtils.java:logGet(43)) - raft.server.snapshot.auto.trigger.threshold = 10000 (custom)
2019-10-02 11:24:39,016 [pool-597-thread-1] INFO  server.RaftServerConfigKeys (ConfUtils.java:logGet(43)) - raft.server.snapshot.retention.file.num = 5 (custom)
2019-10-02 11:24:39,016 [pool-597-thread-1] INFO  server.RaftServerConfigKeys (ConfUtils.java:logGet(43)) - raft.server.retrycache.expirytime = 600000ms (custom)
2019-10-02 11:24:39,017 [pool-597-thread-1] INFO  impl.RaftServerImpl (RaftServerImpl.java:start(181)) - 3beefbce-df87-4030-b8da-5c6bff08c947@group-DBA5AA6049CA: start as a follower, conf=-1: [3beefbce-df87-4030-b8da-5c6bff08c947:192.168.30.53:43019], old=null
2019-10-02 11:24:39,017 [pool-597-thread-1] INFO  impl.RaftServerImpl (RaftServerImpl.java:setRole(170)) - 3beefbce-df87-4030-b8da-5c6bff08c947@group-DBA5AA6049CA: changes role from      null to FOLLOWER at term 0 for startAsFollower
2019-10-02 11:24:39,017 [pool-597-thread-1] INFO  impl.RoleInfo (RoleInfo.java:updateAndGet(143)) - 3beefbce-df87-4030-b8da-5c6bff08c947: start FollowerState
2019-10-02 11:24:39,018 [pool-597-thread-1] INFO  util.JmxRegister (JmxRegister.java:tryRegister(44)) - Successfully registered JMX Bean with object name Ratis:service=RaftServer,group=group-DBA5AA6049CA,id=3beefbce-df87-4030-b8da-5c6bff08c947
2019-10-02 11:24:39,020 [RatisPipelineUtilsThread] INFO  pipeline.PipelineStateManager (PipelineStateManager.java:addPipeline(56)) - Created pipeline Pipeline[ Id: 5c57ccad-22be-4188-a32f-dba5aa6049ca, Nodes: 3beefbce-df87-4030-b8da-5c6bff08c947{ip: 192.168.30.53, host: pr-trunk-5xjmm-2411255686, networkLocation: /default-rack, certSerialId: null}, Type:RATIS, Factor:ONE, State:OPEN]
2019-10-02 11:24:39,033 [IPC Server handler 3 on 33453] INFO  net.NetworkTopology (NetworkTopologyImpl.java:add(111)) - Added a new node: /default-rack/679bf837-d1b7-4317-bb84-639952a13514
2019-10-02 11:24:39,033 [IPC Server handler 3 on 33453] INFO  node.SCMNodeManager (SCMNodeManager.java:register(266)) - Registered Data node : 679bf837-d1b7-4317-bb84-639952a13514{ip: 192.168.30.53, host: pr-trunk-5xjmm-2411255686, networkLocation: /default-rack, certSerialId: null}
2019-10-02 11:24:39,056 [grpc-default-executor-14] INFO  impl.RaftServerProxy (RaftServerProxy.java:addNew(89)) - 679bf837-d1b7-4317-bb84-639952a13514: addNew group-26714022F5DE:[679bf837-d1b7-4317-bb84-639952a13514:192.168.30.53:36353] returns group-26714022F5DE:java.util.concurrent.CompletableFuture@10c3b170[Not completed]
2019-10-02 11:24:39,057 [pool-607-thread-1] INFO  impl.RaftServerImpl (RaftServerImpl.java:<init>(95)) - 679bf837-d1b7-4317-bb84-639952a13514: new RaftServerImpl for group-26714022F5DE:[679bf837-d1b7-4317-bb84-639952a13514:192.168.30.53:36353] with ContainerStateMachine:uninitialized
2019-10-02 11:24:39,057 [pool-607-thread-1] INFO  server.RaftServerConfigKeys (ConfUtils.java:logGet(43)) - raft.server.rpc.timeout.min = 5s (custom)
2019-10-02 11:24:39,057 [pool-607-thread-1] INFO  server.RaftServerConfigKeys (ConfUtils.java:logGet(43)) - raft.server.rpc.timeout.max = 5200ms (custom)
2019-10-02 11:24:39,058 [pool-607-thread-1] INFO  server.RaftServerConfigKeys (ConfUtils.java:logGet(43)) - raft.server.rpcslowness.timeout = 120s (custom)
2019-10-02 11:24:39,058 [pool-607-thread-1] INFO  server.RaftServerConfigKeys (ConfUtils.java:logGet(43)) - raft.server.sleep.deviation.threshold = 300 (default)
2019-10-02 11:24:39,058 [pool-607-thread-1] INFO  server.RaftServerConfigKeys (ConfUtils.java:logGet(43)) - raft.server.log.appender.install.snapshot.enabled = false (custom)
2019-10-02 11:24:39,058 [pool-607-thread-1] INFO  impl.RaftServerImpl (ServerState.java:<init>(103)) - 679bf837-d1b7-4317-bb84-639952a13514@group-26714022F5DE: ConfigurationManager, init=-1: [679bf837-d1b7-4317-bb84-639952a13514:192.168.30.53:36353], old=null, confs=<EMPTY_MAP>
2019-10-02 11:24:39,058 [pool-607-thread-1] INFO  server.RaftServerConfigKeys (ConfUtils.java:logGet(43)) - raft.server.storage.dir = [/workdir/hadoop-ozone/integration-test/target/test-dir/MiniOzoneClusterImpl-8ab3ee48-93a3-44e4-8138-6c86b881afd1/datanode-2/data/ratis] (custom)
2019-10-02 11:24:39,059 [pool-607-thread-1] INFO  server.RaftServerConfigKeys (ConfUtils.java:logGet(43)) - raft.server.log.corruption.policy = EXCEPTION (default)
2019-10-02 11:24:39,059 [pool-607-thread-1] INFO  storage.RaftStorageDirectory (RaftStorageDirectory.java:analyzeStorage(246)) - The storage directory /workdir/hadoop-ozone/integration-test/target/test-dir/MiniOzoneClusterImpl-8ab3ee48-93a3-44e4-8138-6c86b881afd1/datanode-2/data/ratis/e5c65b53-4706-46bd-a583-26714022f5de does not exist. Creating ...
2019-10-02 11:24:39,088 [pool-607-thread-1] INFO  storage.RaftStorageDirectory (RaftStorageDirectory.java:tryLock(328)) - Lock on /workdir/hadoop-ozone/integration-test/target/test-dir/MiniOzoneClusterImpl-8ab3ee48-93a3-44e4-8138-6c86b881afd1/datanode-2/data/ratis/e5c65b53-4706-46bd-a583-26714022f5de/in_use.lock acquired by nodename 5801@pr-trunk-5xjmm-2411255686
2019-10-02 11:24:39,101 [IPC Server handler 4 on 33453] INFO  net.NetworkTopology (NetworkTopologyImpl.java:add(111)) - Added a new node: /default-rack/6b9e8ff8-5b9c-4759-afd3-fc8cfa7baf67
2019-10-02 11:24:39,101 [IPC Server handler 4 on 33453] INFO  node.SCMNodeManager (SCMNodeManager.java:register(266)) - Registered Data node : 6b9e8ff8-5b9c-4759-afd3-fc8cfa7baf67{ip: 192.168.30.53, host: pr-trunk-5xjmm-2411255686, networkLocation: /default-rack, certSerialId: null}
2019-10-02 11:24:39,105 [pool-607-thread-1] INFO  storage.RaftStorage (RaftStorage.java:format(84)) - Storage directory /workdir/hadoop-ozone/integration-test/target/test-dir/MiniOzoneClusterImpl-8ab3ee48-93a3-44e4-8138-6c86b881afd1/datanode-2/data/ratis/e5c65b53-4706-46bd-a583-26714022f5de has been successfully formatted.
2019-10-02 11:24:39,105 [pool-607-thread-1] INFO  ratis.ContainerStateMachine (ContainerStateMachine.java:loadSnapshot(230)) - group-26714022F5DE: The snapshot info is null. Setting the last applied indexto:(t:0, i:~)
2019-10-02 11:24:39,105 [pool-607-thread-1] INFO  server.RaftServerConfigKeys (ConfUtils.java:logGet(43)) - raft.server.notification.no-leader.timeout = 120s (custom)
2019-10-02 11:24:39,106 [pool-607-thread-1] INFO  server.RaftServerConfigKeys (ConfUtils.java:logGet(43)) - raft.server.log.use.memory = false (default)
2019-10-02 11:24:39,106 [pool-607-thread-1] INFO  server.RaftServerConfigKeys (ConfUtils.java:logGet(43)) - raft.server.log.purge.gap = 1000000 (custom)
2019-10-02 11:24:39,106 [pool-607-thread-1] INFO  server.RaftServerConfigKeys (ConfUtils.java:logGet(43)) - raft.server.log.appender.buffer.byte-limit = 33554432 (custom)
2019-10-02 11:24:39,106 [pool-607-thread-1] INFO  server.RaftServerConfigKeys (ConfUtils.java:logGet(43)) - raft.server.log.segment.size.max = 1048576 (custom)
2019-10-02 11:24:39,107 [pool-607-thread-1] INFO  server.RaftServerConfigKeys (ConfUtils.java:logGet(43)) - raft.server.log.segment.cache.num.max = 2 (custom)
2019-10-02 11:24:39,107 [pool-607-thread-1] INFO  segmented.SegmentedRaftLogWorker (SegmentedRaftLogWorker.java:<init>(173)) - new 679bf837-d1b7-4317-bb84-639952a13514@group-26714022F5DE-SegmentedRaftLogWorker for RaftStorage:Storage Directory /workdir/hadoop-ozone/integration-test/target/test-dir/MiniOzoneClusterImpl-8ab3ee48-93a3-44e4-8138-6c86b881afd1/datanode-2/data/ratis/e5c65b53-4706-46bd-a583-26714022f5de
2019-10-02 11:24:39,107 [pool-607-thread-1] INFO  server.RaftServerConfigKeys (ConfUtils.java:logGet(43)) - raft.server.log.queue.byte-limit = 2147483647 (custom)
2019-10-02 11:24:39,107 [pool-607-thread-1] INFO  server.RaftServerConfigKeys (ConfUtils.java:logGet(43)) - raft.server.log.queue.element-limit = 1024 (custom)
2019-10-02 11:24:39,107 [pool-607-thread-1] INFO  server.RaftServerConfigKeys (ConfUtils.java:logGet(43)) - raft.server.log.segment.size.max = 1048576 (custom)
2019-10-02 11:24:39,108 [pool-607-thread-1] INFO  server.RaftServerConfigKeys (ConfUtils.java:logGet(43)) - raft.server.log.preallocated.size = 16384 (custom)
2019-10-02 11:24:39,108 [pool-607-thread-1] INFO  server.RaftServerConfigKeys (ConfUtils.java:logGet(43)) - raft.server.log.write.buffer.size = 33554432 (custom)
2019-10-02 11:24:39,108 [pool-607-thread-1] INFO  server.RaftServerConfigKeys (ConfUtils.java:logGet(43)) - raft.server.log.force.sync.num = 128 (default)
2019-10-02 11:24:39,108 [pool-607-thread-1] INFO  server.RaftServerConfigKeys (ConfUtils.java:logGet(43)) - raft.server.log.statemachine.data.sync = true (default)
2019-10-02 11:24:39,108 [pool-607-thread-1] INFO  server.RaftServerConfigKeys (ConfUtils.java:logGet(43)) - raft.server.log.statemachine.data.sync.timeout = 10s (default)
2019-10-02 11:24:39,108 [pool-607-thread-1] INFO  server.RaftServerConfigKeys (ConfUtils.java:logGet(43)) - raft.server.log.statemachine.data.sync.timeout.retry = -1 (default)
2019-10-02 11:24:39,108 [pool-607-thread-1] INFO  server.RaftServerConfigKeys (ConfUtils.java:logGet(43)) - raft.server.log.statemachine.data.caching.enabled = true (custom)
2019-10-02 11:24:39,108 [pool-607-thread-1] INFO  segmented.SegmentedRaftLogWorker (SegmentedRaftLogWorker.java:lambda$new$0(128)) - 679bf837-d1b7-4317-bb84-639952a13514@group-26714022F5DE-SegmentedRaftLogWorker: flushIndex: setUnconditionally 0 -> -1
2019-10-02 11:24:39,109 [pool-607-thread-1] INFO  server.RaftServerConfigKeys (ConfUtils.java:logGet(43)) - raft.server.snapshot.auto.trigger.enabled = true (custom)
2019-10-02 11:24:39,109 [pool-607-thread-1] INFO  server.RaftServerConfigKeys (ConfUtils.java:logGet(43)) - raft.server.snapshot.auto.trigger.threshold = 10000 (custom)
2019-10-02 11:24:39,109 [pool-607-thread-1] INFO  server.RaftServerConfigKeys (ConfUtils.java:logGet(43)) - raft.server.snapshot.retention.file.num = 5 (custom)
2019-10-02 11:24:39,109 [pool-607-thread-1] INFO  server.RaftServerConfigKeys (ConfUtils.java:logGet(43)) - raft.server.retrycache.expirytime = 600000ms (custom)
2019-10-02 11:24:39,110 [pool-607-thread-1] INFO  impl.RaftServerImpl (RaftServerImpl.java:start(181)) - 679bf837-d1b7-4317-bb84-639952a13514@group-26714022F5DE: start as a follower, conf=-1: [679bf837-d1b7-4317-bb84-639952a13514:192.168.30.53:36353], old=null
2019-10-02 11:24:39,110 [pool-607-thread-1] INFO  impl.RaftServerImpl (RaftServerImpl.java:setRole(170)) - 679bf837-d1b7-4317-bb84-639952a13514@group-26714022F5DE: changes role from      null to FOLLOWER at term 0 for startAsFollower
2019-10-02 11:24:39,110 [pool-607-thread-1] INFO  impl.RoleInfo (RoleInfo.java:updateAndGet(143)) - 679bf837-d1b7-4317-bb84-639952a13514: start FollowerState
2019-10-02 11:24:39,111 [pool-607-thread-1] INFO  util.JmxRegister (JmxRegister.java:tryRegister(44)) - Successfully registered JMX Bean with object name Ratis:service=RaftServer,group=group-26714022F5DE,id=679bf837-d1b7-4317-bb84-639952a13514
2019-10-02 11:24:39,113 [RatisPipelineUtilsThread] INFO  pipeline.PipelineStateManager (PipelineStateManager.java:addPipeline(56)) - Created pipeline Pipeline[ Id: e5c65b53-4706-46bd-a583-26714022f5de, Nodes: 679bf837-d1b7-4317-bb84-639952a13514{ip: 192.168.30.53, host: pr-trunk-5xjmm-2411255686, networkLocation: /default-rack, certSerialId: null}, Type:RATIS, Factor:ONE, State:OPEN]
2019-10-02 11:24:39,119 [grpc-default-executor-14] INFO  impl.RaftServerProxy (RaftServerProxy.java:addNew(89)) - 6b9e8ff8-5b9c-4759-afd3-fc8cfa7baf67: addNew group-D12F555DF1D2:[6b9e8ff8-5b9c-4759-afd3-fc8cfa7baf67:192.168.30.53:43513] returns group-D12F555DF1D2:java.util.concurrent.CompletableFuture@62d8f8b7[Not completed]
2019-10-02 11:24:39,120 [pool-617-thread-1] INFO  impl.RaftServerImpl (RaftServerImpl.java:<init>(95)) - 6b9e8ff8-5b9c-4759-afd3-fc8cfa7baf67: new RaftServerImpl for group-D12F555DF1D2:[6b9e8ff8-5b9c-4759-afd3-fc8cfa7baf67:192.168.30.53:43513] with ContainerStateMachine:uninitialized
2019-10-02 11:24:39,120 [pool-617-thread-1] INFO  server.RaftServerConfigKeys (ConfUtils.java:logGet(43)) - raft.server.rpc.timeout.min = 5s (custom)
2019-10-02 11:24:39,120 [pool-617-thread-1] INFO  server.RaftServerConfigKeys (ConfUtils.java:logGet(43)) - raft.server.rpc.timeout.max = 5200ms (custom)
2019-10-02 11:24:39,120 [pool-617-thread-1] INFO  server.RaftServerConfigKeys (ConfUtils.java:logGet(43)) - raft.server.rpcslowness.timeout = 120s (custom)
2019-10-02 11:24:39,120 [pool-617-thread-1] INFO  server.RaftServerConfigKeys (ConfUtils.java:logGet(43)) - raft.server.sleep.deviation.threshold = 300 (default)
2019-10-02 11:24:39,120 [pool-617-thread-1] INFO  server.RaftServerConfigKeys (ConfUtils.java:logGet(43)) - raft.server.log.appender.install.snapshot.enabled = false (custom)
2019-10-02 11:24:39,120 [pool-617-thread-1] INFO  impl.RaftServerImpl (ServerState.java:<init>(103)) - 6b9e8ff8-5b9c-4759-afd3-fc8cfa7baf67@group-D12F555DF1D2: ConfigurationManager, init=-1: [6b9e8ff8-5b9c-4759-afd3-fc8cfa7baf67:192.168.30.53:43513], old=null, confs=<EMPTY_MAP>
2019-10-02 11:24:39,120 [pool-617-thread-1] INFO  server.RaftServerConfigKeys (ConfUtils.java:logGet(43)) - raft.server.storage.dir = [/workdir/hadoop-ozone/integration-test/target/test-dir/MiniOzoneClusterImpl-8ab3ee48-93a3-44e4-8138-6c86b881afd1/datanode-3/data/ratis] (custom)
2019-10-02 11:24:39,121 [pool-617-thread-1] INFO  server.RaftServerConfigKeys (ConfUtils.java:logGet(43)) - raft.server.log.corruption.policy = EXCEPTION (default)
2019-10-02 11:24:39,121 [pool-617-thread-1] INFO  storage.RaftStorageDirectory (RaftStorageDirectory.java:analyzeStorage(246)) - The storage directory /workdir/hadoop-ozone/integration-test/target/test-dir/MiniOzoneClusterImpl-8ab3ee48-93a3-44e4-8138-6c86b881afd1/datanode-3/data/ratis/ef469462-ec58-492f-acfd-d12f555df1d2 does not exist. Creating ...
2019-10-02 11:24:39,147 [pool-617-thread-1] INFO  storage.RaftStorageDirectory (RaftStorageDirectory.java:tryLock(328)) - Lock on /workdir/hadoop-ozone/integration-test/target/test-dir/MiniOzoneClusterImpl-8ab3ee48-93a3-44e4-8138-6c86b881afd1/datanode-3/data/ratis/ef469462-ec58-492f-acfd-d12f555df1d2/in_use.lock acquired by nodename 5801@pr-trunk-5xjmm-2411255686
2019-10-02 11:24:39,159 [IPC Server handler 15 on 33453] INFO  net.NetworkTopology (NetworkTopologyImpl.java:add(111)) - Added a new node: /default-rack/c2228e19-45d4-4b4f-85b0-128726505934
2019-10-02 11:24:39,159 [IPC Server handler 15 on 33453] INFO  node.SCMNodeManager (SCMNodeManager.java:register(266)) - Registered Data node : c2228e19-45d4-4b4f-85b0-128726505934{ip: 192.168.30.53, host: pr-trunk-5xjmm-2411255686, networkLocation: /default-rack, certSerialId: null}
2019-10-02 11:24:39,164 [pool-617-thread-1] INFO  storage.RaftStorage (RaftStorage.java:format(84)) - Storage directory /workdir/hadoop-ozone/integration-test/target/test-dir/MiniOzoneClusterImpl-8ab3ee48-93a3-44e4-8138-6c86b881afd1/datanode-3/data/ratis/ef469462-ec58-492f-acfd-d12f555df1d2 has been successfully formatted.
2019-10-02 11:24:39,165 [pool-617-thread-1] INFO  ratis.ContainerStateMachine (ContainerStateMachine.java:loadSnapshot(230)) - group-D12F555DF1D2: The snapshot info is null. Setting the last applied indexto:(t:0, i:~)
2019-10-02 11:24:39,165 [pool-617-thread-1] INFO  server.RaftServerConfigKeys (ConfUtils.java:logGet(43)) - raft.server.notification.no-leader.timeout = 120s (custom)
2019-10-02 11:24:39,165 [pool-617-thread-1] INFO  server.RaftServerConfigKeys (ConfUtils.java:logGet(43)) - raft.server.log.use.memory = false (default)
2019-10-02 11:24:39,165 [pool-617-thread-1] INFO  server.RaftServerConfigKeys (ConfUtils.java:logGet(43)) - raft.server.log.purge.gap = 1000000 (custom)
2019-10-02 11:24:39,165 [pool-617-thread-1] INFO  server.RaftServerConfigKeys (ConfUtils.java:logGet(43)) - raft.server.log.appender.buffer.byte-limit = 33554432 (custom)
2019-10-02 11:24:39,165 [pool-617-thread-1] INFO  server.RaftServerConfigKeys (ConfUtils.java:logGet(43)) - raft.server.log.segment.size.max = 1048576 (custom)
2019-10-02 11:24:39,167 [pool-617-thread-1] INFO  server.RaftServerConfigKeys (ConfUtils.java:logGet(43)) - raft.server.log.segment.cache.num.max = 2 (custom)
2019-10-02 11:24:39,167 [pool-617-thread-1] INFO  segmented.SegmentedRaftLogWorker (SegmentedRaftLogWorker.java:<init>(173)) - new 6b9e8ff8-5b9c-4759-afd3-fc8cfa7baf67@group-D12F555DF1D2-SegmentedRaftLogWorker for RaftStorage:Storage Directory /workdir/hadoop-ozone/integration-test/target/test-dir/MiniOzoneClusterImpl-8ab3ee48-93a3-44e4-8138-6c86b881afd1/datanode-3/data/ratis/ef469462-ec58-492f-acfd-d12f555df1d2
2019-10-02 11:24:39,167 [pool-617-thread-1] INFO  server.RaftServerConfigKeys (ConfUtils.java:logGet(43)) - raft.server.log.queue.byte-limit = 2147483647 (custom)
2019-10-02 11:24:39,167 [pool-617-thread-1] INFO  server.RaftServerConfigKeys (ConfUtils.java:logGet(43)) - raft.server.log.queue.element-limit = 1024 (custom)
2019-10-02 11:24:39,167 [pool-617-thread-1] INFO  server.RaftServerConfigKeys (ConfUtils.java:logGet(43)) - raft.server.log.segment.size.max = 1048576 (custom)
2019-10-02 11:24:39,167 [pool-617-thread-1] INFO  server.RaftServerConfigKeys (ConfUtils.java:logGet(43)) - raft.server.log.preallocated.size = 16384 (custom)
2019-10-02 11:24:39,167 [pool-617-thread-1] INFO  server.RaftServerConfigKeys (ConfUtils.java:logGet(43)) - raft.server.log.write.buffer.size = 33554432 (custom)
2019-10-02 11:24:39,167 [pool-617-thread-1] INFO  server.RaftServerConfigKeys (ConfUtils.java:logGet(43)) - raft.server.log.force.sync.num = 128 (default)
2019-10-02 11:24:39,167 [pool-617-thread-1] INFO  server.RaftServerConfigKeys (ConfUtils.java:logGet(43)) - raft.server.log.statemachine.data.sync = true (default)
2019-10-02 11:24:39,167 [pool-617-thread-1] INFO  server.RaftServerConfigKeys (ConfUtils.java:logGet(43)) - raft.server.log.statemachine.data.sync.timeout = 10s (default)
2019-10-02 11:24:39,168 [pool-617-thread-1] INFO  server.RaftServerConfigKeys (ConfUtils.java:logGet(43)) - raft.server.log.statemachine.data.sync.timeout.retry = -1 (default)
2019-10-02 11:24:39,168 [pool-617-thread-1] INFO  server.RaftServerConfigKeys (ConfUtils.java:logGet(43)) - raft.server.log.statemachine.data.caching.enabled = true (custom)
2019-10-02 11:24:39,168 [pool-617-thread-1] INFO  segmented.SegmentedRaftLogWorker (SegmentedRaftLogWorker.java:lambda$new$0(128)) - 6b9e8ff8-5b9c-4759-afd3-fc8cfa7baf67@group-D12F555DF1D2-SegmentedRaftLogWorker: flushIndex: setUnconditionally 0 -> -1
2019-10-02 11:24:39,168 [pool-617-thread-1] INFO  server.RaftServerConfigKeys (ConfUtils.java:logGet(43)) - raft.server.snapshot.auto.trigger.enabled = true (custom)
2019-10-02 11:24:39,168 [pool-617-thread-1] INFO  server.RaftServerConfigKeys (ConfUtils.java:logGet(43)) - raft.server.snapshot.auto.trigger.threshold = 10000 (custom)
2019-10-02 11:24:39,168 [pool-617-thread-1] INFO  server.RaftServerConfigKeys (ConfUtils.java:logGet(43)) - raft.server.snapshot.retention.file.num = 5 (custom)
2019-10-02 11:24:39,168 [pool-617-thread-1] INFO  server.RaftServerConfigKeys (ConfUtils.java:logGet(43)) - raft.server.retrycache.expirytime = 600000ms (custom)
2019-10-02 11:24:39,169 [pool-617-thread-1] INFO  impl.RaftServerImpl (RaftServerImpl.java:start(181)) - 6b9e8ff8-5b9c-4759-afd3-fc8cfa7baf67@group-D12F555DF1D2: start as a follower, conf=-1: [6b9e8ff8-5b9c-4759-afd3-fc8cfa7baf67:192.168.30.53:43513], old=null
2019-10-02 11:24:39,170 [pool-617-thread-1] INFO  impl.RaftServerImpl (RaftServerImpl.java:setRole(170)) - 6b9e8ff8-5b9c-4759-afd3-fc8cfa7baf67@group-D12F555DF1D2: changes role from      null to FOLLOWER at term 0 for startAsFollower
2019-10-02 11:24:39,170 [pool-617-thread-1] INFO  impl.RoleInfo (RoleInfo.java:updateAndGet(143)) - 6b9e8ff8-5b9c-4759-afd3-fc8cfa7baf67: start FollowerState
2019-10-02 11:24:39,170 [pool-617-thread-1] INFO  util.JmxRegister (JmxRegister.java:tryRegister(44)) - Successfully registered JMX Bean with object name Ratis:service=RaftServer,group=group-D12F555DF1D2,id=6b9e8ff8-5b9c-4759-afd3-fc8cfa7baf67
2019-10-02 11:24:39,173 [RatisPipelineUtilsThread] INFO  pipeline.PipelineStateManager (PipelineStateManager.java:addPipeline(56)) - Created pipeline Pipeline[ Id: ef469462-ec58-492f-acfd-d12f555df1d2, Nodes: 6b9e8ff8-5b9c-4759-afd3-fc8cfa7baf67{ip: 192.168.30.53, host: pr-trunk-5xjmm-2411255686, networkLocation: /default-rack, certSerialId: null}, Type:RATIS, Factor:ONE, State:OPEN]
2019-10-02 11:24:39,178 [grpc-default-executor-14] INFO  impl.RaftServerProxy (RaftServerProxy.java:addNew(89)) - c2228e19-45d4-4b4f-85b0-128726505934: addNew group-90015364EACD:[c2228e19-45d4-4b4f-85b0-128726505934:192.168.30.53:33024] returns group-90015364EACD:java.util.concurrent.CompletableFuture@21d3bfcb[Not completed]
2019-10-02 11:24:39,179 [pool-627-thread-1] INFO  impl.RaftServerImpl (RaftServerImpl.java:<init>(95)) - c2228e19-45d4-4b4f-85b0-128726505934: new RaftServerImpl for group-90015364EACD:[c2228e19-45d4-4b4f-85b0-128726505934:192.168.30.53:33024] with ContainerStateMachine:uninitialized
2019-10-02 11:24:39,179 [pool-627-thread-1] INFO  server.RaftServerConfigKeys (ConfUtils.java:logGet(43)) - raft.server.rpc.timeout.min = 5s (custom)
2019-10-02 11:24:39,180 [pool-627-thread-1] INFO  server.RaftServerConfigKeys (ConfUtils.java:logGet(43)) - raft.server.rpc.timeout.max = 5200ms (custom)
2019-10-02 11:24:39,180 [pool-627-thread-1] INFO  server.RaftServerConfigKeys (ConfUtils.java:logGet(43)) - raft.server.rpcslowness.timeout = 120s (custom)
2019-10-02 11:24:39,180 [pool-627-thread-1] INFO  server.RaftServerConfigKeys (ConfUtils.java:logGet(43)) - raft.server.sleep.deviation.threshold = 300 (default)
2019-10-02 11:24:39,180 [pool-627-thread-1] INFO  server.RaftServerConfigKeys (ConfUtils.java:logGet(43)) - raft.server.log.appender.install.snapshot.enabled = false (custom)
2019-10-02 11:24:39,180 [pool-627-thread-1] INFO  impl.RaftServerImpl (ServerState.java:<init>(103)) - c2228e19-45d4-4b4f-85b0-128726505934@group-90015364EACD: ConfigurationManager, init=-1: [c2228e19-45d4-4b4f-85b0-128726505934:192.168.30.53:33024], old=null, confs=<EMPTY_MAP>
2019-10-02 11:24:39,180 [pool-627-thread-1] INFO  server.RaftServerConfigKeys (ConfUtils.java:logGet(43)) - raft.server.storage.dir = [/workdir/hadoop-ozone/integration-test/target/test-dir/MiniOzoneClusterImpl-8ab3ee48-93a3-44e4-8138-6c86b881afd1/datanode-4/data/ratis] (custom)
2019-10-02 11:24:39,180 [pool-627-thread-1] INFO  server.RaftServerConfigKeys (ConfUtils.java:logGet(43)) - raft.server.log.corruption.policy = EXCEPTION (default)
2019-10-02 11:24:39,180 [pool-627-thread-1] INFO  storage.RaftStorageDirectory (RaftStorageDirectory.java:analyzeStorage(246)) - The storage directory /workdir/hadoop-ozone/integration-test/target/test-dir/MiniOzoneClusterImpl-8ab3ee48-93a3-44e4-8138-6c86b881afd1/datanode-4/data/ratis/6746320a-ac98-43d0-8932-90015364eacd does not exist. Creating ...
2019-10-02 11:24:39,198 [pool-627-thread-1] INFO  storage.RaftStorageDirectory (RaftStorageDirectory.java:tryLock(328)) - Lock on /workdir/hadoop-ozone/integration-test/target/test-dir/MiniOzoneClusterImpl-8ab3ee48-93a3-44e4-8138-6c86b881afd1/datanode-4/data/ratis/6746320a-ac98-43d0-8932-90015364eacd/in_use.lock acquired by nodename 5801@pr-trunk-5xjmm-2411255686
2019-10-02 11:24:39,226 [IPC Server handler 13 on 33453] INFO  net.NetworkTopology (NetworkTopologyImpl.java:add(111)) - Added a new node: /default-rack/420a87e5-3a05-46db-8578-f503afaacbef
2019-10-02 11:24:39,226 [IPC Server handler 13 on 33453] INFO  node.SCMNodeManager (SCMNodeManager.java:register(266)) - Registered Data node : 420a87e5-3a05-46db-8578-f503afaacbef{ip: 192.168.30.53, host: pr-trunk-5xjmm-2411255686, networkLocation: /default-rack, certSerialId: null}
2019-10-02 11:24:39,241 [pool-627-thread-1] INFO  storage.RaftStorage (RaftStorage.java:format(84)) - Storage directory /workdir/hadoop-ozone/integration-test/target/test-dir/MiniOzoneClusterImpl-8ab3ee48-93a3-44e4-8138-6c86b881afd1/datanode-4/data/ratis/6746320a-ac98-43d0-8932-90015364eacd has been successfully formatted.
2019-10-02 11:24:39,241 [pool-627-thread-1] INFO  ratis.ContainerStateMachine (ContainerStateMachine.java:loadSnapshot(230)) - group-90015364EACD: The snapshot info is null. Setting the last applied indexto:(t:0, i:~)
2019-10-02 11:24:39,241 [pool-627-thread-1] INFO  server.RaftServerConfigKeys (ConfUtils.java:logGet(43)) - raft.server.notification.no-leader.timeout = 120s (custom)
2019-10-02 11:24:39,241 [pool-627-thread-1] INFO  server.RaftServerConfigKeys (ConfUtils.java:logGet(43)) - raft.server.log.use.memory = false (default)
2019-10-02 11:24:39,241 [pool-627-thread-1] INFO  server.RaftServerConfigKeys (ConfUtils.java:logGet(43)) - raft.server.log.purge.gap = 1000000 (custom)
2019-10-02 11:24:39,241 [pool-627-thread-1] INFO  server.RaftServerConfigKeys (ConfUtils.java:logGet(43)) - raft.server.log.appender.buffer.byte-limit = 33554432 (custom)
2019-10-02 11:24:39,242 [pool-627-thread-1] INFO  server.RaftServerConfigKeys (ConfUtils.java:logGet(43)) - raft.server.log.segment.size.max = 1048576 (custom)
2019-10-02 11:24:39,243 [pool-627-thread-1] INFO  server.RaftServerConfigKeys (ConfUtils.java:logGet(43)) - raft.server.log.segment.cache.num.max = 2 (custom)
2019-10-02 11:24:39,243 [pool-627-thread-1] INFO  segmented.SegmentedRaftLogWorker (SegmentedRaftLogWorker.java:<init>(173)) - new c2228e19-45d4-4b4f-85b0-128726505934@group-90015364EACD-SegmentedRaftLogWorker for RaftStorage:Storage Directory /workdir/hadoop-ozone/integration-test/target/test-dir/MiniOzoneClusterImpl-8ab3ee48-93a3-44e4-8138-6c86b881afd1/datanode-4/data/ratis/6746320a-ac98-43d0-8932-90015364eacd
2019-10-02 11:24:39,243 [pool-627-thread-1] INFO  server.RaftServerConfigKeys (ConfUtils.java:logGet(43)) - raft.server.log.queue.byte-limit = 2147483647 (custom)
2019-10-02 11:24:39,243 [pool-627-thread-1] INFO  server.RaftServerConfigKeys (ConfUtils.java:logGet(43)) - raft.server.log.queue.element-limit = 1024 (custom)
2019-10-02 11:24:39,244 [pool-627-thread-1] INFO  server.RaftServerConfigKeys (ConfUtils.java:logGet(43)) - raft.server.log.segment.size.max = 1048576 (custom)
2019-10-02 11:24:39,244 [pool-627-thread-1] INFO  server.RaftServerConfigKeys (ConfUtils.java:logGet(43)) - raft.server.log.preallocated.size = 16384 (custom)
2019-10-02 11:24:39,244 [pool-627-thread-1] INFO  server.RaftServerConfigKeys (ConfUtils.java:logGet(43)) - raft.server.log.write.buffer.size = 33554432 (custom)
2019-10-02 11:24:39,244 [pool-627-thread-1] INFO  server.RaftServerConfigKeys (ConfUtils.java:logGet(43)) - raft.server.log.force.sync.num = 128 (default)
2019-10-02 11:24:39,244 [pool-627-thread-1] INFO  server.RaftServerConfigKeys (ConfUtils.java:logGet(43)) - raft.server.log.statemachine.data.sync = true (default)
2019-10-02 11:24:39,244 [pool-627-thread-1] INFO  server.RaftServerConfigKeys (ConfUtils.java:logGet(43)) - raft.server.log.statemachine.data.sync.timeout = 10s (default)
2019-10-02 11:24:39,244 [pool-627-thread-1] INFO  server.RaftServerConfigKeys (ConfUtils.java:logGet(43)) - raft.server.log.statemachine.data.sync.timeout.retry = -1 (default)
2019-10-02 11:24:39,244 [pool-627-thread-1] INFO  server.RaftServerConfigKeys (ConfUtils.java:logGet(43)) - raft.server.log.statemachine.data.caching.enabled = true (custom)
2019-10-02 11:24:39,245 [pool-627-thread-1] INFO  segmented.SegmentedRaftLogWorker (SegmentedRaftLogWorker.java:lambda$new$0(128)) - c2228e19-45d4-4b4f-85b0-128726505934@group-90015364EACD-SegmentedRaftLogWorker: flushIndex: setUnconditionally 0 -> -1
2019-10-02 11:24:39,245 [pool-627-thread-1] INFO  server.RaftServerConfigKeys (ConfUtils.java:logGet(43)) - raft.server.snapshot.auto.trigger.enabled = true (custom)
2019-10-02 11:24:39,245 [pool-627-thread-1] INFO  server.RaftServerConfigKeys (ConfUtils.java:logGet(43)) - raft.server.snapshot.auto.trigger.threshold = 10000 (custom)
2019-10-02 11:24:39,245 [pool-627-thread-1] INFO  server.RaftServerConfigKeys (ConfUtils.java:logGet(43)) - raft.server.snapshot.retention.file.num = 5 (custom)
2019-10-02 11:24:39,245 [pool-627-thread-1] INFO  server.RaftServerConfigKeys (ConfUtils.java:logGet(43)) - raft.server.retrycache.expirytime = 600000ms (custom)
2019-10-02 11:24:39,246 [pool-627-thread-1] INFO  impl.RaftServerImpl (RaftServerImpl.java:start(181)) - c2228e19-45d4-4b4f-85b0-128726505934@group-90015364EACD: start as a follower, conf=-1: [c2228e19-45d4-4b4f-85b0-128726505934:192.168.30.53:33024], old=null
2019-10-02 11:24:39,246 [pool-627-thread-1] INFO  impl.RaftServerImpl (RaftServerImpl.java:setRole(170)) - c2228e19-45d4-4b4f-85b0-128726505934@group-90015364EACD: changes role from      null to FOLLOWER at term 0 for startAsFollower
2019-10-02 11:24:39,246 [pool-627-thread-1] INFO  impl.RoleInfo (RoleInfo.java:updateAndGet(143)) - c2228e19-45d4-4b4f-85b0-128726505934: start FollowerState
2019-10-02 11:24:39,247 [pool-627-thread-1] INFO  util.JmxRegister (JmxRegister.java:tryRegister(44)) - Successfully registered JMX Bean with object name Ratis:service=RaftServer,group=group-90015364EACD,id=c2228e19-45d4-4b4f-85b0-128726505934
2019-10-02 11:24:39,249 [RatisPipelineUtilsThread] INFO  pipeline.PipelineStateManager (PipelineStateManager.java:addPipeline(56)) - Created pipeline Pipeline[ Id: 6746320a-ac98-43d0-8932-90015364eacd, Nodes: c2228e19-45d4-4b4f-85b0-128726505934{ip: 192.168.30.53, host: pr-trunk-5xjmm-2411255686, networkLocation: /default-rack, certSerialId: null}, Type:RATIS, Factor:ONE, State:OPEN]
2019-10-02 11:24:39,255 [grpc-default-executor-14] INFO  impl.RaftServerProxy (RaftServerProxy.java:addNew(89)) - 420a87e5-3a05-46db-8578-f503afaacbef: addNew group-D441C9965170:[420a87e5-3a05-46db-8578-f503afaacbef:192.168.30.53:40226] returns group-D441C9965170:java.util.concurrent.CompletableFuture@13148906[Not completed]
2019-10-02 11:24:39,256 [pool-637-thread-1] INFO  impl.RaftServerImpl (RaftServerImpl.java:<init>(95)) - 420a87e5-3a05-46db-8578-f503afaacbef: new RaftServerImpl for group-D441C9965170:[420a87e5-3a05-46db-8578-f503afaacbef:192.168.30.53:40226] with ContainerStateMachine:uninitialized
2019-10-02 11:24:39,257 [pool-637-thread-1] INFO  server.RaftServerConfigKeys (ConfUtils.java:logGet(43)) - raft.server.rpc.timeout.min = 5s (custom)
2019-10-02 11:24:39,257 [pool-637-thread-1] INFO  server.RaftServerConfigKeys (ConfUtils.java:logGet(43)) - raft.server.rpc.timeout.max = 5200ms (custom)
2019-10-02 11:24:39,257 [pool-637-thread-1] INFO  server.RaftServerConfigKeys (ConfUtils.java:logGet(43)) - raft.server.rpcslowness.timeout = 120s (custom)
2019-10-02 11:24:39,257 [pool-637-thread-1] INFO  server.RaftServerConfigKeys (ConfUtils.java:logGet(43)) - raft.server.sleep.deviation.threshold = 300 (default)
2019-10-02 11:24:39,257 [pool-637-thread-1] INFO  server.RaftServerConfigKeys (ConfUtils.java:logGet(43)) - raft.server.log.appender.install.snapshot.enabled = false (custom)
2019-10-02 11:24:39,257 [pool-637-thread-1] INFO  impl.RaftServerImpl (ServerState.java:<init>(103)) - 420a87e5-3a05-46db-8578-f503afaacbef@group-D441C9965170: ConfigurationManager, init=-1: [420a87e5-3a05-46db-8578-f503afaacbef:192.168.30.53:40226], old=null, confs=<EMPTY_MAP>
2019-10-02 11:24:39,257 [pool-637-thread-1] INFO  server.RaftServerConfigKeys (ConfUtils.java:logGet(43)) - raft.server.storage.dir = [/workdir/hadoop-ozone/integration-test/target/test-dir/MiniOzoneClusterImpl-8ab3ee48-93a3-44e4-8138-6c86b881afd1/datanode-5/data/ratis] (custom)
2019-10-02 11:24:39,258 [pool-637-thread-1] INFO  server.RaftServerConfigKeys (ConfUtils.java:logGet(43)) - raft.server.log.corruption.policy = EXCEPTION (default)
2019-10-02 11:24:39,258 [pool-637-thread-1] INFO  storage.RaftStorageDirectory (RaftStorageDirectory.java:analyzeStorage(246)) - The storage directory /workdir/hadoop-ozone/integration-test/target/test-dir/MiniOzoneClusterImpl-8ab3ee48-93a3-44e4-8138-6c86b881afd1/datanode-5/data/ratis/242cccc1-b205-4927-afcf-d441c9965170 does not exist. Creating ...
2019-10-02 11:24:39,283 [pool-637-thread-1] INFO  storage.RaftStorageDirectory (RaftStorageDirectory.java:tryLock(328)) - Lock on /workdir/hadoop-ozone/integration-test/target/test-dir/MiniOzoneClusterImpl-8ab3ee48-93a3-44e4-8138-6c86b881afd1/datanode-5/data/ratis/242cccc1-b205-4927-afcf-d441c9965170/in_use.lock acquired by nodename 5801@pr-trunk-5xjmm-2411255686
2019-10-02 11:24:39,308 [pool-637-thread-1] INFO  storage.RaftStorage (RaftStorage.java:format(84)) - Storage directory /workdir/hadoop-ozone/integration-test/target/test-dir/MiniOzoneClusterImpl-8ab3ee48-93a3-44e4-8138-6c86b881afd1/datanode-5/data/ratis/242cccc1-b205-4927-afcf-d441c9965170 has been successfully formatted.
2019-10-02 11:24:39,309 [pool-637-thread-1] INFO  ratis.ContainerStateMachine (ContainerStateMachine.java:loadSnapshot(230)) - group-D441C9965170: The snapshot info is null. Setting the last applied indexto:(t:0, i:~)
2019-10-02 11:24:39,309 [pool-637-thread-1] INFO  server.RaftServerConfigKeys (ConfUtils.java:logGet(43)) - raft.server.notification.no-leader.timeout = 120s (custom)
2019-10-02 11:24:39,309 [pool-637-thread-1] INFO  server.RaftServerConfigKeys (ConfUtils.java:logGet(43)) - raft.server.log.use.memory = false (default)
2019-10-02 11:24:39,309 [pool-637-thread-1] INFO  server.RaftServerConfigKeys (ConfUtils.java:logGet(43)) - raft.server.log.purge.gap = 1000000 (custom)
2019-10-02 11:24:39,309 [pool-637-thread-1] INFO  server.RaftServerConfigKeys (ConfUtils.java:logGet(43)) - raft.server.log.appender.buffer.byte-limit = 33554432 (custom)
2019-10-02 11:24:39,309 [pool-637-thread-1] INFO  server.RaftServerConfigKeys (ConfUtils.java:logGet(43)) - raft.server.log.segment.size.max = 1048576 (custom)
2019-10-02 11:24:39,310 [pool-637-thread-1] INFO  server.RaftServerConfigKeys (ConfUtils.java:logGet(43)) - raft.server.log.segment.cache.num.max = 2 (custom)
2019-10-02 11:24:39,311 [pool-637-thread-1] INFO  segmented.SegmentedRaftLogWorker (SegmentedRaftLogWorker.java:<init>(173)) - new 420a87e5-3a05-46db-8578-f503afaacbef@group-D441C9965170-SegmentedRaftLogWorker for RaftStorage:Storage Directory /workdir/hadoop-ozone/integration-test/target/test-dir/MiniOzoneClusterImpl-8ab3ee48-93a3-44e4-8138-6c86b881afd1/datanode-5/data/ratis/242cccc1-b205-4927-afcf-d441c9965170
2019-10-02 11:24:39,311 [pool-637-thread-1] INFO  server.RaftServerConfigKeys (ConfUtils.java:logGet(43)) - raft.server.log.queue.byte-limit = 2147483647 (custom)
2019-10-02 11:24:39,311 [pool-637-thread-1] INFO  server.RaftServerConfigKeys (ConfUtils.java:logGet(43)) - raft.server.log.queue.element-limit = 1024 (custom)
2019-10-02 11:24:39,311 [pool-637-thread-1] INFO  server.RaftServerConfigKeys (ConfUtils.java:logGet(43)) - raft.server.log.segment.size.max = 1048576 (custom)
2019-10-02 11:24:39,311 [pool-637-thread-1] INFO  server.RaftServerConfigKeys (ConfUtils.java:logGet(43)) - raft.server.log.preallocated.size = 16384 (custom)
2019-10-02 11:24:39,311 [pool-637-thread-1] INFO  server.RaftServerConfigKeys (ConfUtils.java:logGet(43)) - raft.server.log.write.buffer.size = 33554432 (custom)
2019-10-02 11:24:39,311 [pool-637-thread-1] INFO  server.RaftServerConfigKeys (ConfUtils.java:logGet(43)) - raft.server.log.force.sync.num = 128 (default)
2019-10-02 11:24:39,311 [pool-637-thread-1] INFO  server.RaftServerConfigKeys (ConfUtils.java:logGet(43)) - raft.server.log.statemachine.data.sync = true (default)
2019-10-02 11:24:39,311 [pool-637-thread-1] INFO  server.RaftServerConfigKeys (ConfUtils.java:logGet(43)) - raft.server.log.statemachine.data.sync.timeout = 10s (default)
2019-10-02 11:24:39,311 [pool-637-thread-1] INFO  server.RaftServerConfigKeys (ConfUtils.java:logGet(43)) - raft.server.log.statemachine.data.sync.timeout.retry = -1 (default)
2019-10-02 11:24:39,312 [pool-637-thread-1] INFO  server.RaftServerConfigKeys (ConfUtils.java:logGet(43)) - raft.server.log.statemachine.data.caching.enabled = true (custom)
2019-10-02 11:24:39,312 [pool-637-thread-1] INFO  segmented.SegmentedRaftLogWorker (SegmentedRaftLogWorker.java:lambda$new$0(128)) - 420a87e5-3a05-46db-8578-f503afaacbef@group-D441C9965170-SegmentedRaftLogWorker: flushIndex: setUnconditionally 0 -> -1
2019-10-02 11:24:39,312 [pool-637-thread-1] INFO  server.RaftServerConfigKeys (ConfUtils.java:logGet(43)) - raft.server.snapshot.auto.trigger.enabled = true (custom)
2019-10-02 11:24:39,312 [pool-637-thread-1] INFO  server.RaftServerConfigKeys (ConfUtils.java:logGet(43)) - raft.server.snapshot.auto.trigger.threshold = 10000 (custom)
2019-10-02 11:24:39,312 [pool-637-thread-1] INFO  server.RaftServerConfigKeys (ConfUtils.java:logGet(43)) - raft.server.snapshot.retention.file.num = 5 (custom)
2019-10-02 11:24:39,312 [pool-637-thread-1] INFO  server.RaftServerConfigKeys (ConfUtils.java:logGet(43)) - raft.server.retrycache.expirytime = 600000ms (custom)
2019-10-02 11:24:39,313 [pool-637-thread-1] INFO  impl.RaftServerImpl (RaftServerImpl.java:start(181)) - 420a87e5-3a05-46db-8578-f503afaacbef@group-D441C9965170: start as a follower, conf=-1: [420a87e5-3a05-46db-8578-f503afaacbef:192.168.30.53:40226], old=null
2019-10-02 11:24:39,313 [pool-637-thread-1] INFO  impl.RaftServerImpl (RaftServerImpl.java:setRole(170)) - 420a87e5-3a05-46db-8578-f503afaacbef@group-D441C9965170: changes role from      null to FOLLOWER at term 0 for startAsFollower
2019-10-02 11:24:39,314 [pool-637-thread-1] INFO  impl.RoleInfo (RoleInfo.java:updateAndGet(143)) - 420a87e5-3a05-46db-8578-f503afaacbef: start FollowerState
2019-10-02 11:24:39,326 [pool-637-thread-1] INFO  util.JmxRegister (JmxRegister.java:tryRegister(44)) - Successfully registered JMX Bean with object name Ratis:service=RaftServer,group=group-D441C9965170,id=420a87e5-3a05-46db-8578-f503afaacbef
2019-10-02 11:24:39,326 [main] INFO  ozone.MiniOzoneClusterImpl (MiniOzoneClusterImpl.java:lambda$waitForClusterToBeReady$0(147)) - Waiting for cluster to be ready. Got 6 of 7 DN Heartbeats.
2019-10-02 11:24:39,338 [IPC Server handler 2 on 33453] INFO  net.NetworkTopology (NetworkTopologyImpl.java:add(111)) - Added a new node: /default-rack/0c636628-a06b-4155-ba06-d49595c8d0c4
2019-10-02 11:24:39,338 [IPC Server handler 2 on 33453] INFO  node.SCMNodeManager (SCMNodeManager.java:register(266)) - Registered Data node : 0c636628-a06b-4155-ba06-d49595c8d0c4{ip: 192.168.30.53, host: pr-trunk-5xjmm-2411255686, networkLocation: /default-rack, certSerialId: null}
2019-10-02 11:24:39,339 [RatisPipelineUtilsThread] INFO  pipeline.PipelineStateManager (PipelineStateManager.java:addPipeline(56)) - Created pipeline Pipeline[ Id: 242cccc1-b205-4927-afcf-d441c9965170, Nodes: 420a87e5-3a05-46db-8578-f503afaacbef{ip: 192.168.30.53, host: pr-trunk-5xjmm-2411255686, networkLocation: /default-rack, certSerialId: null}, Type:RATIS, Factor:ONE, State:OPEN]
2019-10-02 11:24:39,345 [grpc-default-executor-14] INFO  impl.RaftServerProxy (RaftServerProxy.java:addNew(89)) - 0c636628-a06b-4155-ba06-d49595c8d0c4: addNew group-61BB09D55939:[0c636628-a06b-4155-ba06-d49595c8d0c4:192.168.30.53:33328] returns group-61BB09D55939:java.util.concurrent.CompletableFuture@30473a40[Not completed]
2019-10-02 11:24:39,346 [pool-647-thread-1] INFO  impl.RaftServerImpl (RaftServerImpl.java:<init>(95)) - 0c636628-a06b-4155-ba06-d49595c8d0c4: new RaftServerImpl for group-61BB09D55939:[0c636628-a06b-4155-ba06-d49595c8d0c4:192.168.30.53:33328] with ContainerStateMachine:uninitialized
2019-10-02 11:24:39,346 [pool-647-thread-1] INFO  server.RaftServerConfigKeys (ConfUtils.java:logGet(43)) - raft.server.rpc.timeout.min = 5s (custom)
2019-10-02 11:24:39,346 [pool-647-thread-1] INFO  server.RaftServerConfigKeys (ConfUtils.java:logGet(43)) - raft.server.rpc.timeout.max = 5200ms (custom)
2019-10-02 11:24:39,346 [pool-647-thread-1] INFO  server.RaftServerConfigKeys (ConfUtils.java:logGet(43)) - raft.server.rpcslowness.timeout = 120s (custom)
2019-10-02 11:24:39,346 [pool-647-thread-1] INFO  server.RaftServerConfigKeys (ConfUtils.java:logGet(43)) - raft.server.sleep.deviation.threshold = 300 (default)
2019-10-02 11:24:39,347 [pool-647-thread-1] INFO  server.RaftServerConfigKeys (ConfUtils.java:logGet(43)) - raft.server.log.appender.install.snapshot.enabled = false (custom)
2019-10-02 11:24:39,347 [pool-647-thread-1] INFO  impl.RaftServerImpl (ServerState.java:<init>(103)) - 0c636628-a06b-4155-ba06-d49595c8d0c4@group-61BB09D55939: ConfigurationManager, init=-1: [0c636628-a06b-4155-ba06-d49595c8d0c4:192.168.30.53:33328], old=null, confs=<EMPTY_MAP>
2019-10-02 11:24:39,347 [pool-647-thread-1] INFO  server.RaftServerConfigKeys (ConfUtils.java:logGet(43)) - raft.server.storage.dir = [/workdir/hadoop-ozone/integration-test/target/test-dir/MiniOzoneClusterImpl-8ab3ee48-93a3-44e4-8138-6c86b881afd1/datanode-6/data/ratis] (custom)
2019-10-02 11:24:39,347 [pool-647-thread-1] INFO  server.RaftServerConfigKeys (ConfUtils.java:logGet(43)) - raft.server.log.corruption.policy = EXCEPTION (default)
2019-10-02 11:24:39,347 [pool-647-thread-1] INFO  storage.RaftStorageDirectory (RaftStorageDirectory.java:analyzeStorage(246)) - The storage directory /workdir/hadoop-ozone/integration-test/target/test-dir/MiniOzoneClusterImpl-8ab3ee48-93a3-44e4-8138-6c86b881afd1/datanode-6/data/ratis/2ce3b4cf-b72d-48c6-b442-61bb09d55939 does not exist. Creating ...
2019-10-02 11:24:39,367 [pool-647-thread-1] INFO  storage.RaftStorageDirectory (RaftStorageDirectory.java:tryLock(328)) - Lock on /workdir/hadoop-ozone/integration-test/target/test-dir/MiniOzoneClusterImpl-8ab3ee48-93a3-44e4-8138-6c86b881afd1/datanode-6/data/ratis/2ce3b4cf-b72d-48c6-b442-61bb09d55939/in_use.lock acquired by nodename 5801@pr-trunk-5xjmm-2411255686
2019-10-02 11:24:39,384 [pool-647-thread-1] INFO  storage.RaftStorage (RaftStorage.java:format(84)) - Storage directory /workdir/hadoop-ozone/integration-test/target/test-dir/MiniOzoneClusterImpl-8ab3ee48-93a3-44e4-8138-6c86b881afd1/datanode-6/data/ratis/2ce3b4cf-b72d-48c6-b442-61bb09d55939 has been successfully formatted.
2019-10-02 11:24:39,385 [pool-647-thread-1] INFO  ratis.ContainerStateMachine (ContainerStateMachine.java:loadSnapshot(230)) - group-61BB09D55939: The snapshot info is null. Setting the last applied indexto:(t:0, i:~)
2019-10-02 11:24:39,386 [pool-647-thread-1] INFO  server.RaftServerConfigKeys (ConfUtils.java:logGet(43)) - raft.server.notification.no-leader.timeout = 120s (custom)
2019-10-02 11:24:39,386 [pool-647-thread-1] INFO  server.RaftServerConfigKeys (ConfUtils.java:logGet(43)) - raft.server.log.use.memory = false (default)
2019-10-02 11:24:39,386 [pool-647-thread-1] INFO  server.RaftServerConfigKeys (ConfUtils.java:logGet(43)) - raft.server.log.purge.gap = 1000000 (custom)
2019-10-02 11:24:39,386 [pool-647-thread-1] INFO  server.RaftServerConfigKeys (ConfUtils.java:logGet(43)) - raft.server.log.appender.buffer.byte-limit = 33554432 (custom)
2019-10-02 11:24:39,386 [pool-647-thread-1] INFO  server.RaftServerConfigKeys (ConfUtils.java:logGet(43)) - raft.server.log.segment.size.max = 1048576 (custom)
2019-10-02 11:24:39,387 [pool-647-thread-1] INFO  server.RaftServerConfigKeys (ConfUtils.java:logGet(43)) - raft.server.log.segment.cache.num.max = 2 (custom)
2019-10-02 11:24:39,387 [pool-647-thread-1] INFO  segmented.SegmentedRaftLogWorker (SegmentedRaftLogWorker.java:<init>(173)) - new 0c636628-a06b-4155-ba06-d49595c8d0c4@group-61BB09D55939-SegmentedRaftLogWorker for RaftStorage:Storage Directory /workdir/hadoop-ozone/integration-test/target/test-dir/MiniOzoneClusterImpl-8ab3ee48-93a3-44e4-8138-6c86b881afd1/datanode-6/data/ratis/2ce3b4cf-b72d-48c6-b442-61bb09d55939
2019-10-02 11:24:39,387 [pool-647-thread-1] INFO  server.RaftServerConfigKeys (ConfUtils.java:logGet(43)) - raft.server.log.queue.byte-limit = 2147483647 (custom)
2019-10-02 11:24:39,388 [pool-647-thread-1] INFO  server.RaftServerConfigKeys (ConfUtils.java:logGet(43)) - raft.server.log.queue.element-limit = 1024 (custom)
2019-10-02 11:24:39,388 [pool-647-thread-1] INFO  server.RaftServerConfigKeys (ConfUtils.java:logGet(43)) - raft.server.log.segment.size.max = 1048576 (custom)
2019-10-02 11:24:39,388 [pool-647-thread-1] INFO  server.RaftServerConfigKeys (ConfUtils.java:logGet(43)) - raft.server.log.preallocated.size = 16384 (custom)
2019-10-02 11:24:39,388 [pool-647-thread-1] INFO  server.RaftServerConfigKeys (ConfUtils.java:logGet(43)) - raft.server.log.write.buffer.size = 33554432 (custom)
2019-10-02 11:24:39,388 [pool-647-thread-1] INFO  server.RaftServerConfigKeys (ConfUtils.java:logGet(43)) - raft.server.log.force.sync.num = 128 (default)
2019-10-02 11:24:39,388 [pool-647-thread-1] INFO  server.RaftServerConfigKeys (ConfUtils.java:logGet(43)) - raft.server.log.statemachine.data.sync = true (default)
2019-10-02 11:24:39,388 [pool-647-thread-1] INFO  server.RaftServerConfigKeys (ConfUtils.java:logGet(43)) - raft.server.log.statemachine.data.sync.timeout = 10s (default)
2019-10-02 11:24:39,388 [pool-647-thread-1] INFO  server.RaftServerConfigKeys (ConfUtils.java:logGet(43)) - raft.server.log.statemachine.data.sync.timeout.retry = -1 (default)
2019-10-02 11:24:39,389 [pool-647-thread-1] INFO  server.RaftServerConfigKeys (ConfUtils.java:logGet(43)) - raft.server.log.statemachine.data.caching.enabled = true (custom)
2019-10-02 11:24:39,389 [pool-647-thread-1] INFO  segmented.SegmentedRaftLogWorker (SegmentedRaftLogWorker.java:lambda$new$0(128)) - 0c636628-a06b-4155-ba06-d49595c8d0c4@group-61BB09D55939-SegmentedRaftLogWorker: flushIndex: setUnconditionally 0 -> -1
2019-10-02 11:24:39,389 [pool-647-thread-1] INFO  server.RaftServerConfigKeys (ConfUtils.java:logGet(43)) - raft.server.snapshot.auto.trigger.enabled = true (custom)
2019-10-02 11:24:39,389 [pool-647-thread-1] INFO  server.RaftServerConfigKeys (ConfUtils.java:logGet(43)) - raft.server.snapshot.auto.trigger.threshold = 10000 (custom)
2019-10-02 11:24:39,389 [pool-647-thread-1] INFO  server.RaftServerConfigKeys (ConfUtils.java:logGet(43)) - raft.server.snapshot.retention.file.num = 5 (custom)
2019-10-02 11:24:39,389 [pool-647-thread-1] INFO  server.RaftServerConfigKeys (ConfUtils.java:logGet(43)) - raft.server.retrycache.expirytime = 600000ms (custom)
2019-10-02 11:24:39,391 [pool-647-thread-1] INFO  impl.RaftServerImpl (RaftServerImpl.java:start(181)) - 0c636628-a06b-4155-ba06-d49595c8d0c4@group-61BB09D55939: start as a follower, conf=-1: [0c636628-a06b-4155-ba06-d49595c8d0c4:192.168.30.53:33328], old=null
2019-10-02 11:24:39,391 [pool-647-thread-1] INFO  impl.RaftServerImpl (RaftServerImpl.java:setRole(170)) - 0c636628-a06b-4155-ba06-d49595c8d0c4@group-61BB09D55939: changes role from      null to FOLLOWER at term 0 for startAsFollower
2019-10-02 11:24:39,391 [pool-647-thread-1] INFO  impl.RoleInfo (RoleInfo.java:updateAndGet(143)) - 0c636628-a06b-4155-ba06-d49595c8d0c4: start FollowerState
2019-10-02 11:24:39,391 [pool-647-thread-1] INFO  util.JmxRegister (JmxRegister.java:tryRegister(44)) - Successfully registered JMX Bean with object name Ratis:service=RaftServer,group=group-61BB09D55939,id=0c636628-a06b-4155-ba06-d49595c8d0c4
2019-10-02 11:24:39,394 [RatisPipelineUtilsThread] INFO  pipeline.PipelineStateManager (PipelineStateManager.java:addPipeline(56)) - Created pipeline Pipeline[ Id: 2ce3b4cf-b72d-48c6-b442-61bb09d55939, Nodes: 0c636628-a06b-4155-ba06-d49595c8d0c4{ip: 192.168.30.53, host: pr-trunk-5xjmm-2411255686, networkLocation: /default-rack, certSerialId: null}, Type:RATIS, Factor:ONE, State:OPEN]
2019-10-02 11:24:39,404 [grpc-default-executor-14] INFO  impl.RaftServerProxy (RaftServerProxy.java:addNew(89)) - 6b9e8ff8-5b9c-4759-afd3-fc8cfa7baf67: addNew group-4F4A3DBC358A:[679bf837-d1b7-4317-bb84-639952a13514:192.168.30.53:36353, c2228e19-45d4-4b4f-85b0-128726505934:192.168.30.53:33024, 6b9e8ff8-5b9c-4759-afd3-fc8cfa7baf67:192.168.30.53:43513] returns group-4F4A3DBC358A:java.util.concurrent.CompletableFuture@2a6c74b[Not completed]
2019-10-02 11:24:39,404 [grpc-default-executor-13] INFO  impl.RaftServerProxy (RaftServerProxy.java:addNew(89)) - 679bf837-d1b7-4317-bb84-639952a13514: addNew group-4F4A3DBC358A:[679bf837-d1b7-4317-bb84-639952a13514:192.168.30.53:36353, c2228e19-45d4-4b4f-85b0-128726505934:192.168.30.53:33024, 6b9e8ff8-5b9c-4759-afd3-fc8cfa7baf67:192.168.30.53:43513] returns group-4F4A3DBC358A:java.util.concurrent.CompletableFuture@35ca916a[Not completed]
2019-10-02 11:24:39,404 [grpc-default-executor-12] INFO  impl.RaftServerProxy (RaftServerProxy.java:addNew(89)) - c2228e19-45d4-4b4f-85b0-128726505934: addNew group-4F4A3DBC358A:[679bf837-d1b7-4317-bb84-639952a13514:192.168.30.53:36353, c2228e19-45d4-4b4f-85b0-128726505934:192.168.30.53:33024, 6b9e8ff8-5b9c-4759-afd3-fc8cfa7baf67:192.168.30.53:43513] returns group-4F4A3DBC358A:java.util.concurrent.CompletableFuture@6e6cbaa0[Not completed]
2019-10-02 11:24:39,406 [pool-627-thread-1] INFO  impl.RaftServerImpl (RaftServerImpl.java:<init>(95)) - c2228e19-45d4-4b4f-85b0-128726505934: new RaftServerImpl for group-4F4A3DBC358A:[679bf837-d1b7-4317-bb84-639952a13514:192.168.30.53:36353, c2228e19-45d4-4b4f-85b0-128726505934:192.168.30.53:33024, 6b9e8ff8-5b9c-4759-afd3-fc8cfa7baf67:192.168.30.53:43513] with ContainerStateMachine:uninitialized
2019-10-02 11:24:39,406 [pool-627-thread-1] INFO  server.RaftServerConfigKeys (ConfUtils.java:logGet(43)) - raft.server.rpc.timeout.min = 5s (custom)
2019-10-02 11:24:39,406 [pool-627-thread-1] INFO  server.RaftServerConfigKeys (ConfUtils.java:logGet(43)) - raft.server.rpc.timeout.max = 5200ms (custom)
2019-10-02 11:24:39,406 [pool-627-thread-1] INFO  server.RaftServerConfigKeys (ConfUtils.java:logGet(43)) - raft.server.rpcslowness.timeout = 120s (custom)
2019-10-02 11:24:39,406 [pool-617-thread-1] INFO  impl.RaftServerImpl (RaftServerImpl.java:<init>(95)) - 6b9e8ff8-5b9c-4759-afd3-fc8cfa7baf67: new RaftServerImpl for group-4F4A3DBC358A:[679bf837-d1b7-4317-bb84-639952a13514:192.168.30.53:36353, c2228e19-45d4-4b4f-85b0-128726505934:192.168.30.53:33024, 6b9e8ff8-5b9c-4759-afd3-fc8cfa7baf67:192.168.30.53:43513] with ContainerStateMachine:uninitialized
2019-10-02 11:24:39,406 [pool-627-thread-1] INFO  server.RaftServerConfigKeys (ConfUtils.java:logGet(43)) - raft.server.sleep.deviation.threshold = 300 (default)
2019-10-02 11:24:39,406 [pool-617-thread-1] INFO  server.RaftServerConfigKeys (ConfUtils.java:logGet(43)) - raft.server.rpc.timeout.min = 5s (custom)
2019-10-02 11:24:39,406 [pool-627-thread-1] INFO  server.RaftServerConfigKeys (ConfUtils.java:logGet(43)) - raft.server.log.appender.install.snapshot.enabled = false (custom)
2019-10-02 11:24:39,406 [pool-617-thread-1] INFO  server.RaftServerConfigKeys (ConfUtils.java:logGet(43)) - raft.server.rpc.timeout.max = 5200ms (custom)
2019-10-02 11:24:39,407 [pool-607-thread-1] INFO  impl.RaftServerImpl (RaftServerImpl.java:<init>(95)) - 679bf837-d1b7-4317-bb84-639952a13514: new RaftServerImpl for group-4F4A3DBC358A:[679bf837-d1b7-4317-bb84-639952a13514:192.168.30.53:36353, c2228e19-45d4-4b4f-85b0-128726505934:192.168.30.53:33024, 6b9e8ff8-5b9c-4759-afd3-fc8cfa7baf67:192.168.30.53:43513] with ContainerStateMachine:uninitialized
2019-10-02 11:24:39,407 [pool-627-thread-1] INFO  impl.RaftServerImpl (ServerState.java:<init>(103)) - c2228e19-45d4-4b4f-85b0-128726505934@group-4F4A3DBC358A: ConfigurationManager, init=-1: [679bf837-d1b7-4317-bb84-639952a13514:192.168.30.53:36353, c2228e19-45d4-4b4f-85b0-128726505934:192.168.30.53:33024, 6b9e8ff8-5b9c-4759-afd3-fc8cfa7baf67:192.168.30.53:43513], old=null, confs=<EMPTY_MAP>
2019-10-02 11:24:39,407 [pool-607-thread-1] INFO  server.RaftServerConfigKeys (ConfUtils.java:logGet(43)) - raft.server.rpc.timeout.min = 5s (custom)
2019-10-02 11:24:39,407 [pool-617-thread-1] INFO  server.RaftServerConfigKeys (ConfUtils.java:logGet(43)) - raft.server.rpcslowness.timeout = 120s (custom)
2019-10-02 11:24:39,407 [pool-607-thread-1] INFO  server.RaftServerConfigKeys (ConfUtils.java:logGet(43)) - raft.server.rpc.timeout.max = 5200ms (custom)
2019-10-02 11:24:39,407 [pool-627-thread-1] INFO  server.RaftServerConfigKeys (ConfUtils.java:logGet(43)) - raft.server.storage.dir = [/workdir/hadoop-ozone/integration-test/target/test-dir/MiniOzoneClusterImpl-8ab3ee48-93a3-44e4-8138-6c86b881afd1/datanode-4/data/ratis] (custom)
2019-10-02 11:24:39,407 [pool-607-thread-1] INFO  server.RaftServerConfigKeys (ConfUtils.java:logGet(43)) - raft.server.rpcslowness.timeout = 120s (custom)
2019-10-02 11:24:39,407 [pool-617-thread-1] INFO  server.RaftServerConfigKeys (ConfUtils.java:logGet(43)) - raft.server.sleep.deviation.threshold = 300 (default)
2019-10-02 11:24:39,407 [pool-607-thread-1] INFO  server.RaftServerConfigKeys (ConfUtils.java:logGet(43)) - raft.server.sleep.deviation.threshold = 300 (default)
2019-10-02 11:24:39,407 [pool-627-thread-1] INFO  server.RaftServerConfigKeys (ConfUtils.java:logGet(43)) - raft.server.log.corruption.policy = EXCEPTION (default)
2019-10-02 11:24:39,408 [pool-607-thread-1] INFO  server.RaftServerConfigKeys (ConfUtils.java:logGet(43)) - raft.server.log.appender.install.snapshot.enabled = false (custom)
2019-10-02 11:24:39,408 [pool-617-thread-1] INFO  server.RaftServerConfigKeys (ConfUtils.java:logGet(43)) - raft.server.log.appender.install.snapshot.enabled = false (custom)
2019-10-02 11:24:39,408 [pool-607-thread-1] INFO  impl.RaftServerImpl (ServerState.java:<init>(103)) - 679bf837-d1b7-4317-bb84-639952a13514@group-4F4A3DBC358A: ConfigurationManager, init=-1: [679bf837-d1b7-4317-bb84-639952a13514:192.168.30.53:36353, c2228e19-45d4-4b4f-85b0-128726505934:192.168.30.53:33024, 6b9e8ff8-5b9c-4759-afd3-fc8cfa7baf67:192.168.30.53:43513], old=null, confs=<EMPTY_MAP>
2019-10-02 11:24:39,408 [pool-627-thread-1] INFO  storage.RaftStorageDirectory (RaftStorageDirectory.java:analyzeStorage(246)) - The storage directory /workdir/hadoop-ozone/integration-test/target/test-dir/MiniOzoneClusterImpl-8ab3ee48-93a3-44e4-8138-6c86b881afd1/datanode-4/data/ratis/ef85c558-9c38-47d3-aca9-4f4a3dbc358a does not exist. Creating ...
2019-10-02 11:24:39,408 [pool-607-thread-1] INFO  server.RaftServerConfigKeys (ConfUtils.java:logGet(43)) - raft.server.storage.dir = [/workdir/hadoop-ozone/integration-test/target/test-dir/MiniOzoneClusterImpl-8ab3ee48-93a3-44e4-8138-6c86b881afd1/datanode-2/data/ratis] (custom)
2019-10-02 11:24:39,408 [pool-617-thread-1] INFO  impl.RaftServerImpl (ServerState.java:<init>(103)) - 6b9e8ff8-5b9c-4759-afd3-fc8cfa7baf67@group-4F4A3DBC358A: ConfigurationManager, init=-1: [679bf837-d1b7-4317-bb84-639952a13514:192.168.30.53:36353, c2228e19-45d4-4b4f-85b0-128726505934:192.168.30.53:33024, 6b9e8ff8-5b9c-4759-afd3-fc8cfa7baf67:192.168.30.53:43513], old=null, confs=<EMPTY_MAP>
2019-10-02 11:24:39,408 [pool-617-thread-1] INFO  server.RaftServerConfigKeys (ConfUtils.java:logGet(43)) - raft.server.storage.dir = [/workdir/hadoop-ozone/integration-test/target/test-dir/MiniOzoneClusterImpl-8ab3ee48-93a3-44e4-8138-6c86b881afd1/datanode-3/data/ratis] (custom)
2019-10-02 11:24:39,408 [pool-607-thread-1] INFO  server.RaftServerConfigKeys (ConfUtils.java:logGet(43)) - raft.server.log.corruption.policy = EXCEPTION (default)
2019-10-02 11:24:39,409 [pool-617-thread-1] INFO  server.RaftServerConfigKeys (ConfUtils.java:logGet(43)) - raft.server.log.corruption.policy = EXCEPTION (default)
2019-10-02 11:24:39,409 [pool-607-thread-1] INFO  storage.RaftStorageDirectory (RaftStorageDirectory.java:analyzeStorage(246)) - The storage directory /workdir/hadoop-ozone/integration-test/target/test-dir/MiniOzoneClusterImpl-8ab3ee48-93a3-44e4-8138-6c86b881afd1/datanode-2/data/ratis/ef85c558-9c38-47d3-aca9-4f4a3dbc358a does not exist. Creating ...
2019-10-02 11:24:39,409 [pool-617-thread-1] INFO  storage.RaftStorageDirectory (RaftStorageDirectory.java:analyzeStorage(246)) - The storage directory /workdir/hadoop-ozone/integration-test/target/test-dir/MiniOzoneClusterImpl-8ab3ee48-93a3-44e4-8138-6c86b881afd1/datanode-3/data/ratis/ef85c558-9c38-47d3-aca9-4f4a3dbc358a does not exist. Creating ...
2019-10-02 11:24:39,428 [pool-617-thread-1] INFO  storage.RaftStorageDirectory (RaftStorageDirectory.java:tryLock(328)) - Lock on /workdir/hadoop-ozone/integration-test/target/test-dir/MiniOzoneClusterImpl-8ab3ee48-93a3-44e4-8138-6c86b881afd1/datanode-3/data/ratis/ef85c558-9c38-47d3-aca9-4f4a3dbc358a/in_use.lock acquired by nodename 5801@pr-trunk-5xjmm-2411255686
2019-10-02 11:24:39,428 [pool-607-thread-1] INFO  storage.RaftStorageDirectory (RaftStorageDirectory.java:tryLock(328)) - Lock on /workdir/hadoop-ozone/integration-test/target/test-dir/MiniOzoneClusterImpl-8ab3ee48-93a3-44e4-8138-6c86b881afd1/datanode-2/data/ratis/ef85c558-9c38-47d3-aca9-4f4a3dbc358a/in_use.lock acquired by nodename 5801@pr-trunk-5xjmm-2411255686
2019-10-02 11:24:39,428 [pool-627-thread-1] INFO  storage.RaftStorageDirectory (RaftStorageDirectory.java:tryLock(328)) - Lock on /workdir/hadoop-ozone/integration-test/target/test-dir/MiniOzoneClusterImpl-8ab3ee48-93a3-44e4-8138-6c86b881afd1/datanode-4/data/ratis/ef85c558-9c38-47d3-aca9-4f4a3dbc358a/in_use.lock acquired by nodename 5801@pr-trunk-5xjmm-2411255686
2019-10-02 11:24:39,462 [pool-617-thread-1] INFO  storage.RaftStorage (RaftStorage.java:format(84)) - Storage directory /workdir/hadoop-ozone/integration-test/target/test-dir/MiniOzoneClusterImpl-8ab3ee48-93a3-44e4-8138-6c86b881afd1/datanode-3/data/ratis/ef85c558-9c38-47d3-aca9-4f4a3dbc358a has been successfully formatted.
2019-10-02 11:24:39,462 [pool-607-thread-1] INFO  storage.RaftStorage (RaftStorage.java:format(84)) - Storage directory /workdir/hadoop-ozone/integration-test/target/test-dir/MiniOzoneClusterImpl-8ab3ee48-93a3-44e4-8138-6c86b881afd1/datanode-2/data/ratis/ef85c558-9c38-47d3-aca9-4f4a3dbc358a has been successfully formatted.
2019-10-02 11:24:39,462 [pool-627-thread-1] INFO  storage.RaftStorage (RaftStorage.java:format(84)) - Storage directory /workdir/hadoop-ozone/integration-test/target/test-dir/MiniOzoneClusterImpl-8ab3ee48-93a3-44e4-8138-6c86b881afd1/datanode-4/data/ratis/ef85c558-9c38-47d3-aca9-4f4a3dbc358a has been successfully formatted.
2019-10-02 11:24:39,462 [pool-617-thread-1] INFO  ratis.ContainerStateMachine (ContainerStateMachine.java:loadSnapshot(230)) - group-4F4A3DBC358A: The snapshot info is null. Setting the last applied indexto:(t:0, i:~)
2019-10-02 11:24:39,462 [pool-627-thread-1] INFO  ratis.ContainerStateMachine (ContainerStateMachine.java:loadSnapshot(230)) - group-4F4A3DBC358A: The snapshot info is null. Setting the last applied indexto:(t:0, i:~)
2019-10-02 11:24:39,462 [pool-607-thread-1] INFO  ratis.ContainerStateMachine (ContainerStateMachine.java:loadSnapshot(230)) - group-4F4A3DBC358A: The snapshot info is null. Setting the last applied indexto:(t:0, i:~)
2019-10-02 11:24:39,463 [pool-627-thread-1] INFO  server.RaftServerConfigKeys (ConfUtils.java:logGet(43)) - raft.server.notification.no-leader.timeout = 120s (custom)
2019-10-02 11:24:39,463 [pool-617-thread-1] INFO  server.RaftServerConfigKeys (ConfUtils.java:logGet(43)) - raft.server.notification.no-leader.timeout = 120s (custom)
2019-10-02 11:24:39,463 [pool-627-thread-1] INFO  server.RaftServerConfigKeys (ConfUtils.java:logGet(43)) - raft.server.log.use.memory = false (default)
2019-10-02 11:24:39,463 [pool-607-thread-1] INFO  server.RaftServerConfigKeys (ConfUtils.java:logGet(43)) - raft.server.notification.no-leader.timeout = 120s (custom)
2019-10-02 11:24:39,463 [pool-627-thread-1] INFO  server.RaftServerConfigKeys (ConfUtils.java:logGet(43)) - raft.server.log.purge.gap = 1000000 (custom)
2019-10-02 11:24:39,463 [pool-617-thread-1] INFO  server.RaftServerConfigKeys (ConfUtils.java:logGet(43)) - raft.server.log.use.memory = false (default)
2019-10-02 11:24:39,463 [pool-627-thread-1] INFO  server.RaftServerConfigKeys (ConfUtils.java:logGet(43)) - raft.server.log.appender.buffer.byte-limit = 33554432 (custom)
2019-10-02 11:24:39,463 [pool-607-thread-1] INFO  server.RaftServerConfigKeys (ConfUtils.java:logGet(43)) - raft.server.log.use.memory = false (default)
2019-10-02 11:24:39,464 [pool-627-thread-1] INFO  server.RaftServerConfigKeys (ConfUtils.java:logGet(43)) - raft.server.log.segment.size.max = 1048576 (custom)
2019-10-02 11:24:39,463 [pool-617-thread-1] INFO  server.RaftServerConfigKeys (ConfUtils.java:logGet(43)) - raft.server.log.purge.gap = 1000000 (custom)
2019-10-02 11:24:39,464 [pool-627-thread-1] INFO  server.RaftServerConfigKeys (ConfUtils.java:logGet(43)) - raft.server.log.segment.cache.num.max = 2 (custom)
2019-10-02 11:24:39,464 [pool-607-thread-1] INFO  server.RaftServerConfigKeys (ConfUtils.java:logGet(43)) - raft.server.log.purge.gap = 1000000 (custom)
2019-10-02 11:24:39,464 [pool-627-thread-1] INFO  segmented.SegmentedRaftLogWorker (SegmentedRaftLogWorker.java:<init>(173)) - new c2228e19-45d4-4b4f-85b0-128726505934@group-4F4A3DBC358A-SegmentedRaftLogWorker for RaftStorage:Storage Directory /workdir/hadoop-ozone/integration-test/target/test-dir/MiniOzoneClusterImpl-8ab3ee48-93a3-44e4-8138-6c86b881afd1/datanode-4/data/ratis/ef85c558-9c38-47d3-aca9-4f4a3dbc358a
2019-10-02 11:24:39,464 [pool-617-thread-1] INFO  server.RaftServerConfigKeys (ConfUtils.java:logGet(43)) - raft.server.log.appender.buffer.byte-limit = 33554432 (custom)
2019-10-02 11:24:39,464 [pool-627-thread-1] INFO  server.RaftServerConfigKeys (ConfUtils.java:logGet(43)) - raft.server.log.queue.byte-limit = 2147483647 (custom)
2019-10-02 11:24:39,464 [pool-607-thread-1] INFO  server.RaftServerConfigKeys (ConfUtils.java:logGet(43)) - raft.server.log.appender.buffer.byte-limit = 33554432 (custom)
2019-10-02 11:24:39,464 [pool-627-thread-1] INFO  server.RaftServerConfigKeys (ConfUtils.java:logGet(43)) - raft.server.log.queue.element-limit = 1024 (custom)
2019-10-02 11:24:39,464 [pool-617-thread-1] INFO  server.RaftServerConfigKeys (ConfUtils.java:logGet(43)) - raft.server.log.segment.size.max = 1048576 (custom)
2019-10-02 11:24:39,465 [pool-627-thread-1] INFO  server.RaftServerConfigKeys (ConfUtils.java:logGet(43)) - raft.server.log.segment.size.max = 1048576 (custom)
2019-10-02 11:24:39,464 [pool-607-thread-1] INFO  server.RaftServerConfigKeys (ConfUtils.java:logGet(43)) - raft.server.log.segment.size.max = 1048576 (custom)
2019-10-02 11:24:39,465 [pool-627-thread-1] INFO  server.RaftServerConfigKeys (ConfUtils.java:logGet(43)) - raft.server.log.preallocated.size = 16384 (custom)
2019-10-02 11:24:39,465 [pool-617-thread-1] INFO  server.RaftServerConfigKeys (ConfUtils.java:logGet(43)) - raft.server.log.segment.cache.num.max = 2 (custom)
2019-10-02 11:24:39,465 [pool-627-thread-1] INFO  server.RaftServerConfigKeys (ConfUtils.java:logGet(43)) - raft.server.log.write.buffer.size = 33554432 (custom)
2019-10-02 11:24:39,465 [pool-607-thread-1] INFO  server.RaftServerConfigKeys (ConfUtils.java:logGet(43)) - raft.server.log.segment.cache.num.max = 2 (custom)
2019-10-02 11:24:39,465 [pool-627-thread-1] INFO  server.RaftServerConfigKeys (ConfUtils.java:logGet(43)) - raft.server.log.force.sync.num = 128 (default)
2019-10-02 11:24:39,465 [pool-617-thread-1] INFO  segmented.SegmentedRaftLogWorker (SegmentedRaftLogWorker.java:<init>(173)) - new 6b9e8ff8-5b9c-4759-afd3-fc8cfa7baf67@group-4F4A3DBC358A-SegmentedRaftLogWorker for RaftStorage:Storage Directory /workdir/hadoop-ozone/integration-test/target/test-dir/MiniOzoneClusterImpl-8ab3ee48-93a3-44e4-8138-6c86b881afd1/datanode-3/data/ratis/ef85c558-9c38-47d3-aca9-4f4a3dbc358a
2019-10-02 11:24:39,465 [pool-627-thread-1] INFO  server.RaftServerConfigKeys (ConfUtils.java:logGet(43)) - raft.server.log.statemachine.data.sync = true (default)
2019-10-02 11:24:39,465 [pool-607-thread-1] INFO  segmented.SegmentedRaftLogWorker (SegmentedRaftLogWorker.java:<init>(173)) - new 679bf837-d1b7-4317-bb84-639952a13514@group-4F4A3DBC358A-SegmentedRaftLogWorker for RaftStorage:Storage Directory /workdir/hadoop-ozone/integration-test/target/test-dir/MiniOzoneClusterImpl-8ab3ee48-93a3-44e4-8138-6c86b881afd1/datanode-2/data/ratis/ef85c558-9c38-47d3-aca9-4f4a3dbc358a
2019-10-02 11:24:39,466 [pool-627-thread-1] INFO  server.RaftServerConfigKeys (ConfUtils.java:logGet(43)) - raft.server.log.statemachine.data.sync.timeout = 10s (default)
2019-10-02 11:24:39,466 [pool-617-thread-1] INFO  server.RaftServerConfigKeys (ConfUtils.java:logGet(43)) - raft.server.log.queue.byte-limit = 2147483647 (custom)
2019-10-02 11:24:39,466 [pool-627-thread-1] INFO  server.RaftServerConfigKeys (ConfUtils.java:logGet(43)) - raft.server.log.statemachine.data.sync.timeout.retry = -1 (default)
2019-10-02 11:24:39,466 [pool-607-thread-1] INFO  server.RaftServerConfigKeys (ConfUtils.java:logGet(43)) - raft.server.log.queue.byte-limit = 2147483647 (custom)
2019-10-02 11:24:39,466 [pool-627-thread-1] INFO  server.RaftServerConfigKeys (ConfUtils.java:logGet(43)) - raft.server.log.statemachine.data.caching.enabled = true (custom)
2019-10-02 11:24:39,466 [pool-617-thread-1] INFO  server.RaftServerConfigKeys (ConfUtils.java:logGet(43)) - raft.server.log.queue.element-limit = 1024 (custom)
2019-10-02 11:24:39,466 [pool-607-thread-1] INFO  server.RaftServerConfigKeys (ConfUtils.java:logGet(43)) - raft.server.log.queue.element-limit = 1024 (custom)
2019-10-02 11:24:39,466 [pool-627-thread-1] INFO  segmented.SegmentedRaftLogWorker (SegmentedRaftLogWorker.java:lambda$new$0(128)) - c2228e19-45d4-4b4f-85b0-128726505934@group-4F4A3DBC358A-SegmentedRaftLogWorker: flushIndex: setUnconditionally 0 -> -1
2019-10-02 11:24:39,466 [pool-617-thread-1] INFO  server.RaftServerConfigKeys (ConfUtils.java:logGet(43)) - raft.server.log.segment.size.max = 1048576 (custom)
2019-10-02 11:24:39,467 [pool-627-thread-1] INFO  server.RaftServerConfigKeys (ConfUtils.java:logGet(43)) - raft.server.snapshot.auto.trigger.enabled = true (custom)
2019-10-02 11:24:39,467 [pool-617-thread-1] INFO  server.RaftServerConfigKeys (ConfUtils.java:logGet(43)) - raft.server.log.preallocated.size = 16384 (custom)
2019-10-02 11:24:39,467 [pool-607-thread-1] INFO  server.RaftServerConfigKeys (ConfUtils.java:logGet(43)) - raft.server.log.segment.size.max = 1048576 (custom)
2019-10-02 11:24:39,467 [pool-617-thread-1] INFO  server.RaftServerConfigKeys (ConfUtils.java:logGet(43)) - raft.server.log.write.buffer.size = 33554432 (custom)
2019-10-02 11:24:39,467 [pool-627-thread-1] INFO  server.RaftServerConfigKeys (ConfUtils.java:logGet(43)) - raft.server.snapshot.auto.trigger.threshold = 10000 (custom)
2019-10-02 11:24:39,467 [pool-617-thread-1] INFO  server.RaftServerConfigKeys (ConfUtils.java:logGet(43)) - raft.server.log.force.sync.num = 128 (default)
2019-10-02 11:24:39,467 [pool-607-thread-1] INFO  server.RaftServerConfigKeys (ConfUtils.java:logGet(43)) - raft.server.log.preallocated.size = 16384 (custom)
2019-10-02 11:24:39,467 [pool-617-thread-1] INFO  server.RaftServerConfigKeys (ConfUtils.java:logGet(43)) - raft.server.log.statemachine.data.sync = true (default)
2019-10-02 11:24:39,467 [pool-627-thread-1] INFO  server.RaftServerConfigKeys (ConfUtils.java:logGet(43)) - raft.server.snapshot.retention.file.num = 5 (custom)
2019-10-02 11:24:39,468 [pool-617-thread-1] INFO  server.RaftServerConfigKeys (ConfUtils.java:logGet(43)) - raft.server.log.statemachine.data.sync.timeout = 10s (default)
2019-10-02 11:24:39,467 [pool-607-thread-1] INFO  server.RaftServerConfigKeys (ConfUtils.java:logGet(43)) - raft.server.log.write.buffer.size = 33554432 (custom)
2019-10-02 11:24:39,468 [pool-617-thread-1] INFO  server.RaftServerConfigKeys (ConfUtils.java:logGet(43)) - raft.server.log.statemachine.data.sync.timeout.retry = -1 (default)
2019-10-02 11:24:39,468 [pool-627-thread-1] INFO  server.RaftServerConfigKeys (ConfUtils.java:logGet(43)) - raft.server.retrycache.expirytime = 600000ms (custom)
2019-10-02 11:24:39,468 [pool-617-thread-1] INFO  server.RaftServerConfigKeys (ConfUtils.java:logGet(43)) - raft.server.log.statemachine.data.caching.enabled = true (custom)
2019-10-02 11:24:39,468 [pool-607-thread-1] INFO  server.RaftServerConfigKeys (ConfUtils.java:logGet(43)) - raft.server.log.force.sync.num = 128 (default)
2019-10-02 11:24:39,468 [pool-607-thread-1] INFO  server.RaftServerConfigKeys (ConfUtils.java:logGet(43)) - raft.server.log.statemachine.data.sync = true (default)
2019-10-02 11:24:39,468 [pool-617-thread-1] INFO  segmented.SegmentedRaftLogWorker (SegmentedRaftLogWorker.java:lambda$new$0(128)) - 6b9e8ff8-5b9c-4759-afd3-fc8cfa7baf67@group-4F4A3DBC358A-SegmentedRaftLogWorker: flushIndex: setUnconditionally 0 -> -1
2019-10-02 11:24:39,468 [pool-607-thread-1] INFO  server.RaftServerConfigKeys (ConfUtils.java:logGet(43)) - raft.server.log.statemachine.data.sync.timeout = 10s (default)
2019-10-02 11:24:39,469 [pool-607-thread-1] INFO  server.RaftServerConfigKeys (ConfUtils.java:logGet(43)) - raft.server.log.statemachine.data.sync.timeout.retry = -1 (default)
2019-10-02 11:24:39,469 [pool-617-thread-1] INFO  server.RaftServerConfigKeys (ConfUtils.java:logGet(43)) - raft.server.snapshot.auto.trigger.enabled = true (custom)
2019-10-02 11:24:39,469 [pool-607-thread-1] INFO  server.RaftServerConfigKeys (ConfUtils.java:logGet(43)) - raft.server.log.statemachine.data.caching.enabled = true (custom)
2019-10-02 11:24:39,469 [pool-617-thread-1] INFO  server.RaftServerConfigKeys (ConfUtils.java:logGet(43)) - raft.server.snapshot.auto.trigger.threshold = 10000 (custom)
2019-10-02 11:24:39,469 [pool-617-thread-1] INFO  server.RaftServerConfigKeys (ConfUtils.java:logGet(43)) - raft.server.snapshot.retention.file.num = 5 (custom)
2019-10-02 11:24:39,469 [pool-607-thread-1] INFO  segmented.SegmentedRaftLogWorker (SegmentedRaftLogWorker.java:lambda$new$0(128)) - 679bf837-d1b7-4317-bb84-639952a13514@group-4F4A3DBC358A-SegmentedRaftLogWorker: flushIndex: setUnconditionally 0 -> -1
2019-10-02 11:24:39,469 [pool-627-thread-1] INFO  impl.RaftServerImpl (RaftServerImpl.java:start(181)) - c2228e19-45d4-4b4f-85b0-128726505934@group-4F4A3DBC358A: start as a follower, conf=-1: [679bf837-d1b7-4317-bb84-639952a13514:192.168.30.53:36353, c2228e19-45d4-4b4f-85b0-128726505934:192.168.30.53:33024, 6b9e8ff8-5b9c-4759-afd3-fc8cfa7baf67:192.168.30.53:43513], old=null
2019-10-02 11:24:39,469 [pool-617-thread-1] INFO  server.RaftServerConfigKeys (ConfUtils.java:logGet(43)) - raft.server.retrycache.expirytime = 600000ms (custom)
2019-10-02 11:24:39,469 [pool-627-thread-1] INFO  impl.RaftServerImpl (RaftServerImpl.java:setRole(170)) - c2228e19-45d4-4b4f-85b0-128726505934@group-4F4A3DBC358A: changes role from      null to FOLLOWER at term 0 for startAsFollower
2019-10-02 11:24:39,470 [pool-607-thread-1] INFO  server.RaftServerConfigKeys (ConfUtils.java:logGet(43)) - raft.server.snapshot.auto.trigger.enabled = true (custom)
2019-10-02 11:24:39,470 [pool-627-thread-1] INFO  impl.RoleInfo (RoleInfo.java:updateAndGet(143)) - c2228e19-45d4-4b4f-85b0-128726505934: start FollowerState
2019-10-02 11:24:39,470 [pool-607-thread-1] INFO  server.RaftServerConfigKeys (ConfUtils.java:logGet(43)) - raft.server.snapshot.auto.trigger.threshold = 10000 (custom)
2019-10-02 11:24:39,470 [pool-607-thread-1] INFO  server.RaftServerConfigKeys (ConfUtils.java:logGet(43)) - raft.server.snapshot.retention.file.num = 5 (custom)
2019-10-02 11:24:39,470 [pool-627-thread-1] INFO  util.JmxRegister (JmxRegister.java:tryRegister(44)) - Successfully registered JMX Bean with object name Ratis:service=RaftServer,group=group-4F4A3DBC358A,id=c2228e19-45d4-4b4f-85b0-128726505934
2019-10-02 11:24:39,470 [pool-607-thread-1] INFO  server.RaftServerConfigKeys (ConfUtils.java:logGet(43)) - raft.server.retrycache.expirytime = 600000ms (custom)
2019-10-02 11:24:39,472 [pool-617-thread-1] INFO  impl.RaftServerImpl (RaftServerImpl.java:start(181)) - 6b9e8ff8-5b9c-4759-afd3-fc8cfa7baf67@group-4F4A3DBC358A: start as a follower, conf=-1: [679bf837-d1b7-4317-bb84-639952a13514:192.168.30.53:36353, c2228e19-45d4-4b4f-85b0-128726505934:192.168.30.53:33024, 6b9e8ff8-5b9c-4759-afd3-fc8cfa7baf67:192.168.30.53:43513], old=null
2019-10-02 11:24:39,472 [pool-617-thread-1] INFO  impl.RaftServerImpl (RaftServerImpl.java:setRole(170)) - 6b9e8ff8-5b9c-4759-afd3-fc8cfa7baf67@group-4F4A3DBC358A: changes role from      null to FOLLOWER at term 0 for startAsFollower
2019-10-02 11:24:39,472 [pool-617-thread-1] INFO  impl.RoleInfo (RoleInfo.java:updateAndGet(143)) - 6b9e8ff8-5b9c-4759-afd3-fc8cfa7baf67: start FollowerState
2019-10-02 11:24:39,472 [pool-617-thread-1] INFO  util.JmxRegister (JmxRegister.java:tryRegister(44)) - Successfully registered JMX Bean with object name Ratis:service=RaftServer,group=group-4F4A3DBC358A,id=6b9e8ff8-5b9c-4759-afd3-fc8cfa7baf67
2019-10-02 11:24:39,473 [pool-607-thread-1] INFO  impl.RaftServerImpl (RaftServerImpl.java:start(181)) - 679bf837-d1b7-4317-bb84-639952a13514@group-4F4A3DBC358A: start as a follower, conf=-1: [679bf837-d1b7-4317-bb84-639952a13514:192.168.30.53:36353, c2228e19-45d4-4b4f-85b0-128726505934:192.168.30.53:33024, 6b9e8ff8-5b9c-4759-afd3-fc8cfa7baf67:192.168.30.53:43513], old=null
2019-10-02 11:24:39,473 [pool-607-thread-1] INFO  impl.RaftServerImpl (RaftServerImpl.java:setRole(170)) - 679bf837-d1b7-4317-bb84-639952a13514@group-4F4A3DBC358A: changes role from      null to FOLLOWER at term 0 for startAsFollower
2019-10-02 11:24:39,473 [pool-607-thread-1] INFO  impl.RoleInfo (RoleInfo.java:updateAndGet(143)) - 679bf837-d1b7-4317-bb84-639952a13514: start FollowerState
2019-10-02 11:24:39,473 [pool-607-thread-1] INFO  util.JmxRegister (JmxRegister.java:tryRegister(44)) - Successfully registered JMX Bean with object name Ratis:service=RaftServer,group=group-4F4A3DBC358A,id=679bf837-d1b7-4317-bb84-639952a13514
2019-10-02 11:24:39,488 [RatisPipelineUtilsThread] INFO  pipeline.PipelineStateManager (PipelineStateManager.java:addPipeline(56)) - Created pipeline Pipeline[ Id: ef85c558-9c38-47d3-aca9-4f4a3dbc358a, Nodes: 6b9e8ff8-5b9c-4759-afd3-fc8cfa7baf67{ip: 192.168.30.53, host: pr-trunk-5xjmm-2411255686, networkLocation: /default-rack, certSerialId: null}c2228e19-45d4-4b4f-85b0-128726505934{ip: 192.168.30.53, host: pr-trunk-5xjmm-2411255686, networkLocation: /default-rack, certSerialId: null}679bf837-d1b7-4317-bb84-639952a13514{ip: 192.168.30.53, host: pr-trunk-5xjmm-2411255686, networkLocation: /default-rack, certSerialId: null}, Type:RATIS, Factor:THREE, State:OPEN]
2019-10-02 11:24:39,512 [grpc-default-executor-14] INFO  impl.RaftServerProxy (RaftServerProxy.java:addNew(89)) - 3beefbce-df87-4030-b8da-5c6bff08c947: addNew group-5A0478725195:[0c636628-a06b-4155-ba06-d49595c8d0c4:192.168.30.53:33328, 42e05091-6c62-4293-994f-dc1e077aa1f2:192.168.30.53:45956, 3beefbce-df87-4030-b8da-5c6bff08c947:192.168.30.53:43019] returns group-5A0478725195:java.util.concurrent.CompletableFuture@512ea492[Not completed]
2019-10-02 11:24:39,513 [grpc-default-executor-12] INFO  impl.RaftServerProxy (RaftServerProxy.java:addNew(89)) - 42e05091-6c62-4293-994f-dc1e077aa1f2: addNew group-5A0478725195:[0c636628-a06b-4155-ba06-d49595c8d0c4:192.168.30.53:33328, 42e05091-6c62-4293-994f-dc1e077aa1f2:192.168.30.53:45956, 3beefbce-df87-4030-b8da-5c6bff08c947:192.168.30.53:43019] returns group-5A0478725195:java.util.concurrent.CompletableFuture@7001deda[Not completed]
2019-10-02 11:24:39,512 [grpc-default-executor-13] INFO  impl.RaftServerProxy (RaftServerProxy.java:addNew(89)) - 0c636628-a06b-4155-ba06-d49595c8d0c4: addNew group-5A0478725195:[0c636628-a06b-4155-ba06-d49595c8d0c4:192.168.30.53:33328, 42e05091-6c62-4293-994f-dc1e077aa1f2:192.168.30.53:45956, 3beefbce-df87-4030-b8da-5c6bff08c947:192.168.30.53:43019] returns group-5A0478725195:java.util.concurrent.CompletableFuture@591a3ed[Not completed]
2019-10-02 11:24:39,518 [pool-647-thread-1] INFO  impl.RaftServerImpl (RaftServerImpl.java:<init>(95)) - 0c636628-a06b-4155-ba06-d49595c8d0c4: new RaftServerImpl for group-5A0478725195:[0c636628-a06b-4155-ba06-d49595c8d0c4:192.168.30.53:33328, 42e05091-6c62-4293-994f-dc1e077aa1f2:192.168.30.53:45956, 3beefbce-df87-4030-b8da-5c6bff08c947:192.168.30.53:43019] with ContainerStateMachine:uninitialized
2019-10-02 11:24:39,518 [pool-647-thread-1] INFO  server.RaftServerConfigKeys (ConfUtils.java:logGet(43)) - raft.server.rpc.timeout.min = 5s (custom)
2019-10-02 11:24:39,518 [pool-647-thread-1] INFO  server.RaftServerConfigKeys (ConfUtils.java:logGet(43)) - raft.server.rpc.timeout.max = 5200ms (custom)
2019-10-02 11:24:39,518 [pool-647-thread-1] INFO  server.RaftServerConfigKeys (ConfUtils.java:logGet(43)) - raft.server.rpcslowness.timeout = 120s (custom)
2019-10-02 11:24:39,518 [pool-647-thread-1] INFO  server.RaftServerConfigKeys (ConfUtils.java:logGet(43)) - raft.server.sleep.deviation.threshold = 300 (default)
2019-10-02 11:24:39,518 [pool-647-thread-1] INFO  server.RaftServerConfigKeys (ConfUtils.java:logGet(43)) - raft.server.log.appender.install.snapshot.enabled = false (custom)
2019-10-02 11:24:39,518 [pool-647-thread-1] INFO  impl.RaftServerImpl (ServerState.java:<init>(103)) - 0c636628-a06b-4155-ba06-d49595c8d0c4@group-5A0478725195: ConfigurationManager, init=-1: [0c636628-a06b-4155-ba06-d49595c8d0c4:192.168.30.53:33328, 42e05091-6c62-4293-994f-dc1e077aa1f2:192.168.30.53:45956, 3beefbce-df87-4030-b8da-5c6bff08c947:192.168.30.53:43019], old=null, confs=<EMPTY_MAP>
2019-10-02 11:24:39,518 [pool-597-thread-1] INFO  impl.RaftServerImpl (RaftServerImpl.java:<init>(95)) - 3beefbce-df87-4030-b8da-5c6bff08c947: new RaftServerImpl for group-5A0478725195:[0c636628-a06b-4155-ba06-d49595c8d0c4:192.168.30.53:33328, 42e05091-6c62-4293-994f-dc1e077aa1f2:192.168.30.53:45956, 3beefbce-df87-4030-b8da-5c6bff08c947:192.168.30.53:43019] with ContainerStateMachine:uninitialized
2019-10-02 11:24:39,518 [pool-647-thread-1] INFO  server.RaftServerConfigKeys (ConfUtils.java:logGet(43)) - raft.server.storage.dir = [/workdir/hadoop-ozone/integration-test/target/test-dir/MiniOzoneClusterImpl-8ab3ee48-93a3-44e4-8138-6c86b881afd1/datanode-6/data/ratis] (custom)
2019-10-02 11:24:39,518 [pool-587-thread-1] INFO  impl.RaftServerImpl (RaftServerImpl.java:<init>(95)) - 42e05091-6c62-4293-994f-dc1e077aa1f2: new RaftServerImpl for group-5A0478725195:[0c636628-a06b-4155-ba06-d49595c8d0c4:192.168.30.53:33328, 42e05091-6c62-4293-994f-dc1e077aa1f2:192.168.30.53:45956, 3beefbce-df87-4030-b8da-5c6bff08c947:192.168.30.53:43019] with ContainerStateMachine:uninitialized
2019-10-02 11:24:39,519 [pool-647-thread-1] INFO  server.RaftServerConfigKeys (ConfUtils.java:logGet(43)) - raft.server.log.corruption.policy = EXCEPTION (default)
2019-10-02 11:24:39,518 [pool-597-thread-1] INFO  server.RaftServerConfigKeys (ConfUtils.java:logGet(43)) - raft.server.rpc.timeout.min = 5s (custom)
2019-10-02 11:24:39,519 [pool-647-thread-1] INFO  storage.RaftStorageDirectory (RaftStorageDirectory.java:analyzeStorage(246)) - The storage directory /workdir/hadoop-ozone/integration-test/target/test-dir/MiniOzoneClusterImpl-8ab3ee48-93a3-44e4-8138-6c86b881afd1/datanode-6/data/ratis/6d4d03d7-e4ed-4912-a66d-5a0478725195 does not exist. Creating ...
2019-10-02 11:24:39,519 [pool-587-thread-1] INFO  server.RaftServerConfigKeys (ConfUtils.java:logGet(43)) - raft.server.rpc.timeout.min = 5s (custom)
2019-10-02 11:24:39,519 [pool-597-thread-1] INFO  server.RaftServerConfigKeys (ConfUtils.java:logGet(43)) - raft.server.rpc.timeout.max = 5200ms (custom)
2019-10-02 11:24:39,519 [pool-587-thread-1] INFO  server.RaftServerConfigKeys (ConfUtils.java:logGet(43)) - raft.server.rpc.timeout.max = 5200ms (custom)
2019-10-02 11:24:39,519 [pool-597-thread-1] INFO  server.RaftServerConfigKeys (ConfUtils.java:logGet(43)) - raft.server.rpcslowness.timeout = 120s (custom)
2019-10-02 11:24:39,519 [pool-587-thread-1] INFO  server.RaftServerConfigKeys (ConfUtils.java:logGet(43)) - raft.server.rpcslowness.timeout = 120s (custom)
2019-10-02 11:24:39,519 [pool-597-thread-1] INFO  server.RaftServerConfigKeys (ConfUtils.java:logGet(43)) - raft.server.sleep.deviation.threshold = 300 (default)
2019-10-02 11:24:39,519 [pool-587-thread-1] INFO  server.RaftServerConfigKeys (ConfUtils.java:logGet(43)) - raft.server.sleep.deviation.threshold = 300 (default)
2019-10-02 11:24:39,520 [pool-597-thread-1] INFO  server.RaftServerConfigKeys (ConfUtils.java:logGet(43)) - raft.server.log.appender.install.snapshot.enabled = false (custom)
2019-10-02 11:24:39,520 [pool-587-thread-1] INFO  server.RaftServerConfigKeys (ConfUtils.java:logGet(43)) - raft.server.log.appender.install.snapshot.enabled = false (custom)
2019-10-02 11:24:39,520 [pool-597-thread-1] INFO  impl.RaftServerImpl (ServerState.java:<init>(103)) - 3beefbce-df87-4030-b8da-5c6bff08c947@group-5A0478725195: ConfigurationManager, init=-1: [0c636628-a06b-4155-ba06-d49595c8d0c4:192.168.30.53:33328, 42e05091-6c62-4293-994f-dc1e077aa1f2:192.168.30.53:45956, 3beefbce-df87-4030-b8da-5c6bff08c947:192.168.30.53:43019], old=null, confs=<EMPTY_MAP>
2019-10-02 11:24:39,520 [pool-587-thread-1] INFO  impl.RaftServerImpl (ServerState.java:<init>(103)) - 42e05091-6c62-4293-994f-dc1e077aa1f2@group-5A0478725195: ConfigurationManager, init=-1: [0c636628-a06b-4155-ba06-d49595c8d0c4:192.168.30.53:33328, 42e05091-6c62-4293-994f-dc1e077aa1f2:192.168.30.53:45956, 3beefbce-df87-4030-b8da-5c6bff08c947:192.168.30.53:43019], old=null, confs=<EMPTY_MAP>
2019-10-02 11:24:39,520 [pool-597-thread-1] INFO  server.RaftServerConfigKeys (ConfUtils.java:logGet(43)) - raft.server.storage.dir = [/workdir/hadoop-ozone/integration-test/target/test-dir/MiniOzoneClusterImpl-8ab3ee48-93a3-44e4-8138-6c86b881afd1/datanode-1/data/ratis] (custom)
2019-10-02 11:24:39,520 [pool-587-thread-1] INFO  server.RaftServerConfigKeys (ConfUtils.java:logGet(43)) - raft.server.storage.dir = [/workdir/hadoop-ozone/integration-test/target/test-dir/MiniOzoneClusterImpl-8ab3ee48-93a3-44e4-8138-6c86b881afd1/datanode-0/data/ratis] (custom)
2019-10-02 11:24:39,520 [pool-597-thread-1] INFO  server.RaftServerConfigKeys (ConfUtils.java:logGet(43)) - raft.server.log.corruption.policy = EXCEPTION (default)
2019-10-02 11:24:39,520 [pool-587-thread-1] INFO  server.RaftServerConfigKeys (ConfUtils.java:logGet(43)) - raft.server.log.corruption.policy = EXCEPTION (default)
2019-10-02 11:24:39,520 [pool-597-thread-1] INFO  storage.RaftStorageDirectory (RaftStorageDirectory.java:analyzeStorage(246)) - The storage directory /workdir/hadoop-ozone/integration-test/target/test-dir/MiniOzoneClusterImpl-8ab3ee48-93a3-44e4-8138-6c86b881afd1/datanode-1/data/ratis/6d4d03d7-e4ed-4912-a66d-5a0478725195 does not exist. Creating ...
2019-10-02 11:24:39,521 [pool-587-thread-1] INFO  storage.RaftStorageDirectory (RaftStorageDirectory.java:analyzeStorage(246)) - The storage directory /workdir/hadoop-ozone/integration-test/target/test-dir/MiniOzoneClusterImpl-8ab3ee48-93a3-44e4-8138-6c86b881afd1/datanode-0/data/ratis/6d4d03d7-e4ed-4912-a66d-5a0478725195 does not exist. Creating ...
2019-10-02 11:24:39,542 [pool-647-thread-1] INFO  storage.RaftStorageDirectory (RaftStorageDirectory.java:tryLock(328)) - Lock on /workdir/hadoop-ozone/integration-test/target/test-dir/MiniOzoneClusterImpl-8ab3ee48-93a3-44e4-8138-6c86b881afd1/datanode-6/data/ratis/6d4d03d7-e4ed-4912-a66d-5a0478725195/in_use.lock acquired by nodename 5801@pr-trunk-5xjmm-2411255686
2019-10-02 11:24:39,542 [pool-587-thread-1] INFO  storage.RaftStorageDirectory (RaftStorageDirectory.java:tryLock(328)) - Lock on /workdir/hadoop-ozone/integration-test/target/test-dir/MiniOzoneClusterImpl-8ab3ee48-93a3-44e4-8138-6c86b881afd1/datanode-0/data/ratis/6d4d03d7-e4ed-4912-a66d-5a0478725195/in_use.lock acquired by nodename 5801@pr-trunk-5xjmm-2411255686
2019-10-02 11:24:39,542 [pool-597-thread-1] INFO  storage.RaftStorageDirectory (RaftStorageDirectory.java:tryLock(328)) - Lock on /workdir/hadoop-ozone/integration-test/target/test-dir/MiniOzoneClusterImpl-8ab3ee48-93a3-44e4-8138-6c86b881afd1/datanode-1/data/ratis/6d4d03d7-e4ed-4912-a66d-5a0478725195/in_use.lock acquired by nodename 5801@pr-trunk-5xjmm-2411255686
2019-10-02 11:24:39,560 [pool-647-thread-1] INFO  storage.RaftStorage (RaftStorage.java:format(84)) - Storage directory /workdir/hadoop-ozone/integration-test/target/test-dir/MiniOzoneClusterImpl-8ab3ee48-93a3-44e4-8138-6c86b881afd1/datanode-6/data/ratis/6d4d03d7-e4ed-4912-a66d-5a0478725195 has been successfully formatted.
2019-10-02 11:24:39,560 [pool-597-thread-1] INFO  storage.RaftStorage (RaftStorage.java:format(84)) - Storage directory /workdir/hadoop-ozone/integration-test/target/test-dir/MiniOzoneClusterImpl-8ab3ee48-93a3-44e4-8138-6c86b881afd1/datanode-1/data/ratis/6d4d03d7-e4ed-4912-a66d-5a0478725195 has been successfully formatted.
2019-10-02 11:24:39,560 [pool-587-thread-1] INFO  storage.RaftStorage (RaftStorage.java:format(84)) - Storage directory /workdir/hadoop-ozone/integration-test/target/test-dir/MiniOzoneClusterImpl-8ab3ee48-93a3-44e4-8138-6c86b881afd1/datanode-0/data/ratis/6d4d03d7-e4ed-4912-a66d-5a0478725195 has been successfully formatted.
2019-10-02 11:24:39,560 [pool-647-thread-1] INFO  ratis.ContainerStateMachine (ContainerStateMachine.java:loadSnapshot(230)) - group-5A0478725195: The snapshot info is null. Setting the last applied indexto:(t:0, i:~)
2019-10-02 11:24:39,560 [pool-587-thread-1] INFO  ratis.ContainerStateMachine (ContainerStateMachine.java:loadSnapshot(230)) - group-5A0478725195: The snapshot info is null. Setting the last applied indexto:(t:0, i:~)
2019-10-02 11:24:39,560 [pool-597-thread-1] INFO  ratis.ContainerStateMachine (ContainerStateMachine.java:loadSnapshot(230)) - group-5A0478725195: The snapshot info is null. Setting the last applied indexto:(t:0, i:~)
2019-10-02 11:24:39,560 [pool-587-thread-1] INFO  server.RaftServerConfigKeys (ConfUtils.java:logGet(43)) - raft.server.notification.no-leader.timeout = 120s (custom)
2019-10-02 11:24:39,560 [pool-647-thread-1] INFO  server.RaftServerConfigKeys (ConfUtils.java:logGet(43)) - raft.server.notification.no-leader.timeout = 120s (custom)
2019-10-02 11:24:39,561 [pool-587-thread-1] INFO  server.RaftServerConfigKeys (ConfUtils.java:logGet(43)) - raft.server.log.use.memory = false (default)
2019-10-02 11:24:39,560 [pool-597-thread-1] INFO  server.RaftServerConfigKeys (ConfUtils.java:logGet(43)) - raft.server.notification.no-leader.timeout = 120s (custom)
2019-10-02 11:24:39,561 [pool-587-thread-1] INFO  server.RaftServerConfigKeys (ConfUtils.java:logGet(43)) - raft.server.log.purge.gap = 1000000 (custom)
2019-10-02 11:24:39,561 [pool-647-thread-1] INFO  server.RaftServerConfigKeys (ConfUtils.java:logGet(43)) - raft.server.log.use.memory = false (default)
2019-10-02 11:24:39,561 [pool-587-thread-1] INFO  server.RaftServerConfigKeys (ConfUtils.java:logGet(43)) - raft.server.log.appender.buffer.byte-limit = 33554432 (custom)
2019-10-02 11:24:39,561 [pool-597-thread-1] INFO  server.RaftServerConfigKeys (ConfUtils.java:logGet(43)) - raft.server.log.use.memory = false (default)
2019-10-02 11:24:39,561 [pool-587-thread-1] INFO  server.RaftServerConfigKeys (ConfUtils.java:logGet(43)) - raft.server.log.segment.size.max = 1048576 (custom)
2019-10-02 11:24:39,561 [pool-647-thread-1] INFO  server.RaftServerConfigKeys (ConfUtils.java:logGet(43)) - raft.server.log.purge.gap = 1000000 (custom)
2019-10-02 11:24:39,561 [pool-587-thread-1] INFO  server.RaftServerConfigKeys (ConfUtils.java:logGet(43)) - raft.server.log.segment.cache.num.max = 2 (custom)
2019-10-02 11:24:39,561 [pool-597-thread-1] INFO  server.RaftServerConfigKeys (ConfUtils.java:logGet(43)) - raft.server.log.purge.gap = 1000000 (custom)
2019-10-02 11:24:39,561 [pool-587-thread-1] INFO  segmented.SegmentedRaftLogWorker (SegmentedRaftLogWorker.java:<init>(173)) - new 42e05091-6c62-4293-994f-dc1e077aa1f2@group-5A0478725195-SegmentedRaftLogWorker for RaftStorage:Storage Directory /workdir/hadoop-ozone/integration-test/target/test-dir/MiniOzoneClusterImpl-8ab3ee48-93a3-44e4-8138-6c86b881afd1/datanode-0/data/ratis/6d4d03d7-e4ed-4912-a66d-5a0478725195
2019-10-02 11:24:39,561 [pool-647-thread-1] INFO  server.RaftServerConfigKeys (ConfUtils.java:logGet(43)) - raft.server.log.appender.buffer.byte-limit = 33554432 (custom)
2019-10-02 11:24:39,562 [pool-587-thread-1] INFO  server.RaftServerConfigKeys (ConfUtils.java:logGet(43)) - raft.server.log.queue.byte-limit = 2147483647 (custom)
2019-10-02 11:24:39,562 [pool-597-thread-1] INFO  server.RaftServerConfigKeys (ConfUtils.java:logGet(43)) - raft.server.log.appender.buffer.byte-limit = 33554432 (custom)
2019-10-02 11:24:39,562 [pool-587-thread-1] INFO  server.RaftServerConfigKeys (ConfUtils.java:logGet(43)) - raft.server.log.queue.element-limit = 1024 (custom)
2019-10-02 11:24:39,562 [pool-647-thread-1] INFO  server.RaftServerConfigKeys (ConfUtils.java:logGet(43)) - raft.server.log.segment.size.max = 1048576 (custom)
2019-10-02 11:24:39,562 [pool-587-thread-1] INFO  server.RaftServerConfigKeys (ConfUtils.java:logGet(43)) - raft.server.log.segment.size.max = 1048576 (custom)
2019-10-02 11:24:39,562 [pool-597-thread-1] INFO  server.RaftServerConfigKeys (ConfUtils.java:logGet(43)) - raft.server.log.segment.size.max = 1048576 (custom)
2019-10-02 11:24:39,562 [pool-587-thread-1] INFO  server.RaftServerConfigKeys (ConfUtils.java:logGet(43)) - raft.server.log.preallocated.size = 16384 (custom)
2019-10-02 11:24:39,562 [pool-647-thread-1] INFO  server.RaftServerConfigKeys (ConfUtils.java:logGet(43)) - raft.server.log.segment.cache.num.max = 2 (custom)
2019-10-02 11:24:39,562 [pool-587-thread-1] INFO  server.RaftServerConfigKeys (ConfUtils.java:logGet(43)) - raft.server.log.write.buffer.size = 33554432 (custom)
2019-10-02 11:24:39,562 [pool-597-thread-1] INFO  server.RaftServerConfigKeys (ConfUtils.java:logGet(43)) - raft.server.log.segment.cache.num.max = 2 (custom)
2019-10-02 11:24:39,562 [pool-587-thread-1] INFO  server.RaftServerConfigKeys (ConfUtils.java:logGet(43)) - raft.server.log.force.sync.num = 128 (default)
2019-10-02 11:24:39,562 [pool-647-thread-1] INFO  segmented.SegmentedRaftLogWorker (SegmentedRaftLogWorker.java:<init>(173)) - new 0c636628-a06b-4155-ba06-d49595c8d0c4@group-5A0478725195-SegmentedRaftLogWorker for RaftStorage:Storage Directory /workdir/hadoop-ozone/integration-test/target/test-dir/MiniOzoneClusterImpl-8ab3ee48-93a3-44e4-8138-6c86b881afd1/datanode-6/data/ratis/6d4d03d7-e4ed-4912-a66d-5a0478725195
2019-10-02 11:24:39,563 [pool-587-thread-1] INFO  server.RaftServerConfigKeys (ConfUtils.java:logGet(43)) - raft.server.log.statemachine.data.sync = true (default)
2019-10-02 11:24:39,563 [pool-597-thread-1] INFO  segmented.SegmentedRaftLogWorker (SegmentedRaftLogWorker.java:<init>(173)) - new 3beefbce-df87-4030-b8da-5c6bff08c947@group-5A0478725195-SegmentedRaftLogWorker for RaftStorage:Storage Directory /workdir/hadoop-ozone/integration-test/target/test-dir/MiniOzoneClusterImpl-8ab3ee48-93a3-44e4-8138-6c86b881afd1/datanode-1/data/ratis/6d4d03d7-e4ed-4912-a66d-5a0478725195
2019-10-02 11:24:39,563 [pool-587-thread-1] INFO  server.RaftServerConfigKeys (ConfUtils.java:logGet(43)) - raft.server.log.statemachine.data.sync.timeout = 10s (default)
2019-10-02 11:24:39,563 [pool-647-thread-1] INFO  server.RaftServerConfigKeys (ConfUtils.java:logGet(43)) - raft.server.log.queue.byte-limit = 2147483647 (custom)
2019-10-02 11:24:39,563 [pool-587-thread-1] INFO  server.RaftServerConfigKeys (ConfUtils.java:logGet(43)) - raft.server.log.statemachine.data.sync.timeout.retry = -1 (default)
2019-10-02 11:24:39,563 [pool-597-thread-1] INFO  server.RaftServerConfigKeys (ConfUtils.java:logGet(43)) - raft.server.log.queue.byte-limit = 2147483647 (custom)
2019-10-02 11:24:39,563 [pool-587-thread-1] INFO  server.RaftServerConfigKeys (ConfUtils.java:logGet(43)) - raft.server.log.statemachine.data.caching.enabled = true (custom)
2019-10-02 11:24:39,563 [pool-647-thread-1] INFO  server.RaftServerConfigKeys (ConfUtils.java:logGet(43)) - raft.server.log.queue.element-limit = 1024 (custom)
2019-10-02 11:24:39,563 [pool-597-thread-1] INFO  server.RaftServerConfigKeys (ConfUtils.java:logGet(43)) - raft.server.log.queue.element-limit = 1024 (custom)
2019-10-02 11:24:39,563 [pool-587-thread-1] INFO  segmented.SegmentedRaftLogWorker (SegmentedRaftLogWorker.java:lambda$new$0(128)) - 42e05091-6c62-4293-994f-dc1e077aa1f2@group-5A0478725195-SegmentedRaftLogWorker: flushIndex: setUnconditionally 0 -> -1
2019-10-02 11:24:39,563 [pool-647-thread-1] INFO  server.RaftServerConfigKeys (ConfUtils.java:logGet(43)) - raft.server.log.segment.size.max = 1048576 (custom)
2019-10-02 11:24:39,564 [pool-587-thread-1] INFO  server.RaftServerConfigKeys (ConfUtils.java:logGet(43)) - raft.server.snapshot.auto.trigger.enabled = true (custom)
2019-10-02 11:24:39,563 [pool-597-thread-1] INFO  server.RaftServerConfigKeys (ConfUtils.java:logGet(43)) - raft.server.log.segment.size.max = 1048576 (custom)
2019-10-02 11:24:39,564 [pool-587-thread-1] INFO  server.RaftServerConfigKeys (ConfUtils.java:logGet(43)) - raft.server.snapshot.auto.trigger.threshold = 10000 (custom)
2019-10-02 11:24:39,564 [pool-647-thread-1] INFO  server.RaftServerConfigKeys (ConfUtils.java:logGet(43)) - raft.server.log.preallocated.size = 16384 (custom)
2019-10-02 11:24:39,564 [pool-587-thread-1] INFO  server.RaftServerConfigKeys (ConfUtils.java:logGet(43)) - raft.server.snapshot.retention.file.num = 5 (custom)
2019-10-02 11:24:39,564 [pool-597-thread-1] INFO  server.RaftServerConfigKeys (ConfUtils.java:logGet(43)) - raft.server.log.preallocated.size = 16384 (custom)
2019-10-02 11:24:39,564 [pool-587-thread-1] INFO  server.RaftServerConfigKeys (ConfUtils.java:logGet(43)) - raft.server.retrycache.expirytime = 600000ms (custom)
2019-10-02 11:24:39,564 [pool-647-thread-1] INFO  server.RaftServerConfigKeys (ConfUtils.java:logGet(43)) - raft.server.log.write.buffer.size = 33554432 (custom)
2019-10-02 11:24:39,564 [pool-597-thread-1] INFO  server.RaftServerConfigKeys (ConfUtils.java:logGet(43)) - raft.server.log.write.buffer.size = 33554432 (custom)
2019-10-02 11:24:39,564 [pool-647-thread-1] INFO  server.RaftServerConfigKeys (ConfUtils.java:logGet(43)) - raft.server.log.force.sync.num = 128 (default)
2019-10-02 11:24:39,565 [pool-647-thread-1] INFO  server.RaftServerConfigKeys (ConfUtils.java:logGet(43)) - raft.server.log.statemachine.data.sync = true (default)
2019-10-02 11:24:39,564 [pool-597-thread-1] INFO  server.RaftServerConfigKeys (ConfUtils.java:logGet(43)) - raft.server.log.force.sync.num = 128 (default)
2019-10-02 11:24:39,565 [pool-647-thread-1] INFO  server.RaftServerConfigKeys (ConfUtils.java:logGet(43)) - raft.server.log.statemachine.data.sync.timeout = 10s (default)
2019-10-02 11:24:39,565 [pool-597-thread-1] INFO  server.RaftServerConfigKeys (ConfUtils.java:logGet(43)) - raft.server.log.statemachine.data.sync = true (default)
2019-10-02 11:24:39,565 [pool-647-thread-1] INFO  server.RaftServerConfigKeys (ConfUtils.java:logGet(43)) - raft.server.log.statemachine.data.sync.timeout.retry = -1 (default)
2019-10-02 11:24:39,565 [pool-597-thread-1] INFO  server.RaftServerConfigKeys (ConfUtils.java:logGet(43)) - raft.server.log.statemachine.data.sync.timeout = 10s (default)
2019-10-02 11:24:39,565 [pool-647-thread-1] INFO  server.RaftServerConfigKeys (ConfUtils.java:logGet(43)) - raft.server.log.statemachine.data.caching.enabled = true (custom)
2019-10-02 11:24:39,565 [pool-597-thread-1] INFO  server.RaftServerConfigKeys (ConfUtils.java:logGet(43)) - raft.server.log.statemachine.data.sync.timeout.retry = -1 (default)
2019-10-02 11:24:39,565 [pool-647-thread-1] INFO  segmented.SegmentedRaftLogWorker (SegmentedRaftLogWorker.java:lambda$new$0(128)) - 0c636628-a06b-4155-ba06-d49595c8d0c4@group-5A0478725195-SegmentedRaftLogWorker: flushIndex: setUnconditionally 0 -> -1
2019-10-02 11:24:39,565 [pool-597-thread-1] INFO  server.RaftServerConfigKeys (ConfUtils.java:logGet(43)) - raft.server.log.statemachine.data.caching.enabled = true (custom)
2019-10-02 11:24:39,565 [pool-647-thread-1] INFO  server.RaftServerConfigKeys (ConfUtils.java:logGet(43)) - raft.server.snapshot.auto.trigger.enabled = true (custom)
2019-10-02 11:24:39,565 [pool-587-thread-1] INFO  impl.RaftServerImpl (RaftServerImpl.java:start(181)) - 42e05091-6c62-4293-994f-dc1e077aa1f2@group-5A0478725195: start as a follower, conf=-1: [0c636628-a06b-4155-ba06-d49595c8d0c4:192.168.30.53:33328, 42e05091-6c62-4293-994f-dc1e077aa1f2:192.168.30.53:45956, 3beefbce-df87-4030-b8da-5c6bff08c947:192.168.30.53:43019], old=null
2019-10-02 11:24:39,566 [pool-597-thread-1] INFO  segmented.SegmentedRaftLogWorker (SegmentedRaftLogWorker.java:lambda$new$0(128)) - 3beefbce-df87-4030-b8da-5c6bff08c947@group-5A0478725195-SegmentedRaftLogWorker: flushIndex: setUnconditionally 0 -> -1
2019-10-02 11:24:39,566 [pool-647-thread-1] INFO  server.RaftServerConfigKeys (ConfUtils.java:logGet(43)) - raft.server.snapshot.auto.trigger.threshold = 10000 (custom)
2019-10-02 11:24:39,566 [pool-587-thread-1] INFO  impl.RaftServerImpl (RaftServerImpl.java:setRole(170)) - 42e05091-6c62-4293-994f-dc1e077aa1f2@group-5A0478725195: changes role from      null to FOLLOWER at term 0 for startAsFollower
2019-10-02 11:24:39,566 [pool-597-thread-1] INFO  server.RaftServerConfigKeys (ConfUtils.java:logGet(43)) - raft.server.snapshot.auto.trigger.enabled = true (custom)
2019-10-02 11:24:39,566 [pool-647-thread-1] INFO  server.RaftServerConfigKeys (ConfUtils.java:logGet(43)) - raft.server.snapshot.retention.file.num = 5 (custom)
2019-10-02 11:24:39,566 [pool-597-thread-1] INFO  server.RaftServerConfigKeys (ConfUtils.java:logGet(43)) - raft.server.snapshot.auto.trigger.threshold = 10000 (custom)
2019-10-02 11:24:39,566 [pool-587-thread-1] INFO  impl.RoleInfo (RoleInfo.java:updateAndGet(143)) - 42e05091-6c62-4293-994f-dc1e077aa1f2: start FollowerState
2019-10-02 11:24:39,566 [pool-597-thread-1] INFO  server.RaftServerConfigKeys (ConfUtils.java:logGet(43)) - raft.server.snapshot.retention.file.num = 5 (custom)
2019-10-02 11:24:39,566 [pool-647-thread-1] INFO  server.RaftServerConfigKeys (ConfUtils.java:logGet(43)) - raft.server.retrycache.expirytime = 600000ms (custom)
2019-10-02 11:24:39,566 [pool-597-thread-1] INFO  server.RaftServerConfigKeys (ConfUtils.java:logGet(43)) - raft.server.retrycache.expirytime = 600000ms (custom)
2019-10-02 11:24:39,566 [pool-587-thread-1] INFO  util.JmxRegister (JmxRegister.java:tryRegister(44)) - Successfully registered JMX Bean with object name Ratis:service=RaftServer,group=group-5A0478725195,id=42e05091-6c62-4293-994f-dc1e077aa1f2
2019-10-02 11:24:39,569 [pool-647-thread-1] INFO  impl.RaftServerImpl (RaftServerImpl.java:start(181)) - 0c636628-a06b-4155-ba06-d49595c8d0c4@group-5A0478725195: start as a follower, conf=-1: [0c636628-a06b-4155-ba06-d49595c8d0c4:192.168.30.53:33328, 42e05091-6c62-4293-994f-dc1e077aa1f2:192.168.30.53:45956, 3beefbce-df87-4030-b8da-5c6bff08c947:192.168.30.53:43019], old=null
2019-10-02 11:24:39,569 [pool-647-thread-1] INFO  impl.RaftServerImpl (RaftServerImpl.java:setRole(170)) - 0c636628-a06b-4155-ba06-d49595c8d0c4@group-5A0478725195: changes role from      null to FOLLOWER at term 0 for startAsFollower
2019-10-02 11:24:39,570 [pool-647-thread-1] INFO  impl.RoleInfo (RoleInfo.java:updateAndGet(143)) - 0c636628-a06b-4155-ba06-d49595c8d0c4: start FollowerState
2019-10-02 11:24:39,570 [pool-597-thread-1] INFO  impl.RaftServerImpl (RaftServerImpl.java:start(181)) - 3beefbce-df87-4030-b8da-5c6bff08c947@group-5A0478725195: start as a follower, conf=-1: [0c636628-a06b-4155-ba06-d49595c8d0c4:192.168.30.53:33328, 42e05091-6c62-4293-994f-dc1e077aa1f2:192.168.30.53:45956, 3beefbce-df87-4030-b8da-5c6bff08c947:192.168.30.53:43019], old=null
2019-10-02 11:24:39,570 [pool-597-thread-1] INFO  impl.RaftServerImpl (RaftServerImpl.java:setRole(170)) - 3beefbce-df87-4030-b8da-5c6bff08c947@group-5A0478725195: changes role from      null to FOLLOWER at term 0 for startAsFollower
2019-10-02 11:24:39,570 [pool-647-thread-1] INFO  util.JmxRegister (JmxRegister.java:tryRegister(44)) - Successfully registered JMX Bean with object name Ratis:service=RaftServer,group=group-5A0478725195,id=0c636628-a06b-4155-ba06-d49595c8d0c4
2019-10-02 11:24:39,570 [pool-597-thread-1] INFO  impl.RoleInfo (RoleInfo.java:updateAndGet(143)) - 3beefbce-df87-4030-b8da-5c6bff08c947: start FollowerState
2019-10-02 11:24:39,570 [pool-597-thread-1] INFO  util.JmxRegister (JmxRegister.java:tryRegister(44)) - Successfully registered JMX Bean with object name Ratis:service=RaftServer,group=group-5A0478725195,id=3beefbce-df87-4030-b8da-5c6bff08c947
2019-10-02 11:24:39,574 [RatisPipelineUtilsThread] INFO  pipeline.PipelineStateManager (PipelineStateManager.java:addPipeline(56)) - Created pipeline Pipeline[ Id: 6d4d03d7-e4ed-4912-a66d-5a0478725195, Nodes: 42e05091-6c62-4293-994f-dc1e077aa1f2{ip: 192.168.30.53, host: pr-trunk-5xjmm-2411255686, networkLocation: /default-rack, certSerialId: null}3beefbce-df87-4030-b8da-5c6bff08c947{ip: 192.168.30.53, host: pr-trunk-5xjmm-2411255686, networkLocation: /default-rack, certSerialId: null}0c636628-a06b-4155-ba06-d49595c8d0c4{ip: 192.168.30.53, host: pr-trunk-5xjmm-2411255686, networkLocation: /default-rack, certSerialId: null}, Type:RATIS, Factor:THREE, State:OPEN]
2019-10-02 11:24:40,327 [main] INFO  ozone.MiniOzoneClusterImpl (MiniOzoneClusterImpl.java:lambda$waitForClusterToBeReady$0(147)) - Cluster is ready. Got 7 of 7 DN Heartbeats.
2019-10-02 11:24:40,368 [main] INFO  rpc.RpcClient (RpcClient.java:createVolume(276)) - Creating Volume: testblockoutputstream, with jenkins1000 as owner.
2019-10-02 11:24:40,370 [IPC Server handler 2 on 33211] INFO  volume.OMVolumeCreateRequest (OMVolumeCreateRequest.java:validateAndUpdateCache(194)) - created volume:testblockoutputstream for user:jenkins1000
2019-10-02 11:24:40,402 [main] INFO  rpc.RpcClient (RpcClient.java:createBucket(415)) - Creating Bucket: testblockoutputstream/testblockoutputstream, with Versioning false and Storage Type set to DISK and Encryption set to false 
2019-10-02 11:24:41,905 [Thread-3844] INFO  container.ReplicationManager (ReplicationManager.java:start(162)) - Starting Replication Monitor Thread.
2019-10-02 11:24:41,910 [ReplicationMonitor] INFO  container.ReplicationManager (ReplicationManager.java:run(225)) - Replication Monitor Thread took 0 milliseconds for processing 1 containers.
2019-10-02 11:24:44,053 [Thread-3846] INFO  impl.FollowerState (FollowerState.java:run(108)) - 42e05091-6c62-4293-994f-dc1e077aa1f2@group-69FB91CBC860-FollowerState: change to CANDIDATE, lastRpcTime:5093ms, electionTimeout:5093ms
2019-10-02 11:24:44,053 [Thread-3846] INFO  impl.RoleInfo (RoleInfo.java:shutdownFollowerState(121)) - 42e05091-6c62-4293-994f-dc1e077aa1f2: shutdown FollowerState
2019-10-02 11:24:44,053 [Thread-3846] INFO  impl.RaftServerImpl (RaftServerImpl.java:setRole(170)) - 42e05091-6c62-4293-994f-dc1e077aa1f2@group-69FB91CBC860: changes role from  FOLLOWER to CANDIDATE at term 0 for changeToCandidate
2019-10-02 11:24:44,054 [Thread-3846] INFO  impl.RoleInfo (RoleInfo.java:updateAndGet(143)) - 42e05091-6c62-4293-994f-dc1e077aa1f2: start LeaderElection
2019-10-02 11:24:44,090 [42e05091-6c62-4293-994f-dc1e077aa1f2@group-69FB91CBC860-LeaderElection112] INFO  impl.LeaderElection (LeaderElection.java:askForVotes(178)) - 42e05091-6c62-4293-994f-dc1e077aa1f2@group-69FB91CBC860-LeaderElection112: begin an election at term 1 for -1: [42e05091-6c62-4293-994f-dc1e077aa1f2:192.168.30.53:45956], old=null
2019-10-02 11:24:44,090 [42e05091-6c62-4293-994f-dc1e077aa1f2@group-69FB91CBC860-LeaderElection112] INFO  impl.RoleInfo (RoleInfo.java:shutdownLeaderElection(134)) - 42e05091-6c62-4293-994f-dc1e077aa1f2: shutdown LeaderElection
2019-10-02 11:24:44,090 [42e05091-6c62-4293-994f-dc1e077aa1f2@group-69FB91CBC860-LeaderElection112] INFO  impl.RaftServerImpl (RaftServerImpl.java:setRole(170)) - 42e05091-6c62-4293-994f-dc1e077aa1f2@group-69FB91CBC860: changes role from CANDIDATE to LEADER at term 1 for changeToLeader
2019-10-02 11:24:44,090 [42e05091-6c62-4293-994f-dc1e077aa1f2@group-69FB91CBC860-LeaderElection112] INFO  impl.RaftServerImpl (ServerState.java:setLeader(255)) - 42e05091-6c62-4293-994f-dc1e077aa1f2@group-69FB91CBC860: change Leader from null to 42e05091-6c62-4293-994f-dc1e077aa1f2 at term 1 for becomeLeader, leader elected after 5137ms
2019-10-02 11:24:44,091 [42e05091-6c62-4293-994f-dc1e077aa1f2@group-69FB91CBC860-LeaderElection112] INFO  server.RaftServerConfigKeys (ConfUtils.java:logGet(43)) - raft.server.staging.catchup.gap = 1000 (default)
2019-10-02 11:24:44,091 [42e05091-6c62-4293-994f-dc1e077aa1f2@group-69FB91CBC860-LeaderElection112] INFO  server.RaftServerConfigKeys (ConfUtils.java:logGet(43)) - raft.server.rpc.sleep.time = 25ms (default)
2019-10-02 11:24:44,091 [42e05091-6c62-4293-994f-dc1e077aa1f2@group-69FB91CBC860-LeaderElection112] INFO  server.RaftServerConfigKeys (ConfUtils.java:logGet(43)) - raft.server.write.element-limit = 4096 (default)
2019-10-02 11:24:44,091 [42e05091-6c62-4293-994f-dc1e077aa1f2@group-69FB91CBC860-LeaderElection112] INFO  server.RaftServerConfigKeys (ConfUtils.java:logGet(43)) - raft.server.watch.timeout = 10s (default)
2019-10-02 11:24:44,091 [42e05091-6c62-4293-994f-dc1e077aa1f2@group-69FB91CBC860-LeaderElection112] INFO  server.RaftServerConfigKeys (ConfUtils.java:logGet(43)) - raft.server.watch.timeout.denomination = 1s (default)
2019-10-02 11:24:44,091 [42e05091-6c62-4293-994f-dc1e077aa1f2@group-69FB91CBC860-LeaderElection112] INFO  server.RaftServerConfigKeys (ConfUtils.java:logGet(43)) - raft.server.watch.element-limit = 65536 (default)
2019-10-02 11:24:44,093 [Thread-3849] INFO  impl.FollowerState (FollowerState.java:run(108)) - 3beefbce-df87-4030-b8da-5c6bff08c947@group-DBA5AA6049CA-FollowerState: change to CANDIDATE, lastRpcTime:5075ms, electionTimeout:5075ms
2019-10-02 11:24:44,093 [Thread-3849] INFO  impl.RoleInfo (RoleInfo.java:shutdownFollowerState(121)) - 3beefbce-df87-4030-b8da-5c6bff08c947: shutdown FollowerState
2019-10-02 11:24:44,093 [Thread-3849] INFO  impl.RaftServerImpl (RaftServerImpl.java:setRole(170)) - 3beefbce-df87-4030-b8da-5c6bff08c947@group-DBA5AA6049CA: changes role from  FOLLOWER to CANDIDATE at term 0 for changeToCandidate
2019-10-02 11:24:44,093 [42e05091-6c62-4293-994f-dc1e077aa1f2@group-69FB91CBC860-LeaderElection112] INFO  impl.RoleInfo (RoleInfo.java:updateAndGet(143)) - 42e05091-6c62-4293-994f-dc1e077aa1f2: start LeaderState
2019-10-02 11:24:44,093 [Thread-3849] INFO  impl.RoleInfo (RoleInfo.java:updateAndGet(143)) - 3beefbce-df87-4030-b8da-5c6bff08c947: start LeaderElection
2019-10-02 11:24:44,099 [42e05091-6c62-4293-994f-dc1e077aa1f2@group-69FB91CBC860-LeaderElection112] INFO  segmented.SegmentedRaftLogWorker (SegmentedRaftLogWorker.java:startLogSegment(385)) - 42e05091-6c62-4293-994f-dc1e077aa1f2@group-69FB91CBC860-SegmentedRaftLogWorker: Starting segment from index:0
2019-10-02 11:24:44,100 [42e05091-6c62-4293-994f-dc1e077aa1f2@group-69FB91CBC860-LeaderElection112] INFO  impl.RaftServerImpl (ServerState.java:setRaftConf(356)) - 42e05091-6c62-4293-994f-dc1e077aa1f2@group-69FB91CBC860: set configuration 0: [42e05091-6c62-4293-994f-dc1e077aa1f2:192.168.30.53:45956], old=null at 0
2019-10-02 11:24:44,123 [3beefbce-df87-4030-b8da-5c6bff08c947@group-DBA5AA6049CA-LeaderElection113] INFO  impl.LeaderElection (LeaderElection.java:askForVotes(178)) - 3beefbce-df87-4030-b8da-5c6bff08c947@group-DBA5AA6049CA-LeaderElection113: begin an election at term 1 for -1: [3beefbce-df87-4030-b8da-5c6bff08c947:192.168.30.53:43019], old=null
2019-10-02 11:24:44,124 [3beefbce-df87-4030-b8da-5c6bff08c947@group-DBA5AA6049CA-LeaderElection113] INFO  impl.RoleInfo (RoleInfo.java:shutdownLeaderElection(134)) - 3beefbce-df87-4030-b8da-5c6bff08c947: shutdown LeaderElection
2019-10-02 11:24:44,124 [3beefbce-df87-4030-b8da-5c6bff08c947@group-DBA5AA6049CA-LeaderElection113] INFO  impl.RaftServerImpl (RaftServerImpl.java:setRole(170)) - 3beefbce-df87-4030-b8da-5c6bff08c947@group-DBA5AA6049CA: changes role from CANDIDATE to LEADER at term 1 for changeToLeader
2019-10-02 11:24:44,124 [3beefbce-df87-4030-b8da-5c6bff08c947@group-DBA5AA6049CA-LeaderElection113] INFO  impl.RaftServerImpl (ServerState.java:setLeader(255)) - 3beefbce-df87-4030-b8da-5c6bff08c947@group-DBA5AA6049CA: change Leader from null to 3beefbce-df87-4030-b8da-5c6bff08c947 at term 1 for becomeLeader, leader elected after 5111ms
2019-10-02 11:24:44,124 [3beefbce-df87-4030-b8da-5c6bff08c947@group-DBA5AA6049CA-LeaderElection113] INFO  server.RaftServerConfigKeys (ConfUtils.java:logGet(43)) - raft.server.staging.catchup.gap = 1000 (default)
2019-10-02 11:24:44,124 [3beefbce-df87-4030-b8da-5c6bff08c947@group-DBA5AA6049CA-LeaderElection113] INFO  server.RaftServerConfigKeys (ConfUtils.java:logGet(43)) - raft.server.rpc.sleep.time = 25ms (default)
2019-10-02 11:24:44,124 [3beefbce-df87-4030-b8da-5c6bff08c947@group-DBA5AA6049CA-LeaderElection113] INFO  server.RaftServerConfigKeys (ConfUtils.java:logGet(43)) - raft.server.write.element-limit = 4096 (default)
2019-10-02 11:24:44,124 [3beefbce-df87-4030-b8da-5c6bff08c947@group-DBA5AA6049CA-LeaderElection113] INFO  server.RaftServerConfigKeys (ConfUtils.java:logGet(43)) - raft.server.watch.timeout = 10s (default)
2019-10-02 11:24:44,124 [3beefbce-df87-4030-b8da-5c6bff08c947@group-DBA5AA6049CA-LeaderElection113] INFO  server.RaftServerConfigKeys (ConfUtils.java:logGet(43)) - raft.server.watch.timeout.denomination = 1s (default)
2019-10-02 11:24:44,124 [3beefbce-df87-4030-b8da-5c6bff08c947@group-DBA5AA6049CA-LeaderElection113] INFO  server.RaftServerConfigKeys (ConfUtils.java:logGet(43)) - raft.server.watch.element-limit = 65536 (default)
2019-10-02 11:24:44,126 [3beefbce-df87-4030-b8da-5c6bff08c947@group-DBA5AA6049CA-LeaderElection113] INFO  impl.RoleInfo (RoleInfo.java:updateAndGet(143)) - 3beefbce-df87-4030-b8da-5c6bff08c947: start LeaderState
2019-10-02 11:24:44,126 [3beefbce-df87-4030-b8da-5c6bff08c947@group-DBA5AA6049CA-LeaderElection113] INFO  segmented.SegmentedRaftLogWorker (SegmentedRaftLogWorker.java:startLogSegment(385)) - 3beefbce-df87-4030-b8da-5c6bff08c947@group-DBA5AA6049CA-SegmentedRaftLogWorker: Starting segment from index:0
2019-10-02 11:24:44,126 [3beefbce-df87-4030-b8da-5c6bff08c947@group-DBA5AA6049CA-LeaderElection113] INFO  impl.RaftServerImpl (ServerState.java:setRaftConf(356)) - 3beefbce-df87-4030-b8da-5c6bff08c947@group-DBA5AA6049CA: set configuration 0: [3beefbce-df87-4030-b8da-5c6bff08c947:192.168.30.53:43019], old=null at 0
2019-10-02 11:24:44,129 [Thread-3852] INFO  impl.FollowerState (FollowerState.java:run(108)) - 679bf837-d1b7-4317-bb84-639952a13514@group-26714022F5DE-FollowerState: change to CANDIDATE, lastRpcTime:5018ms, electionTimeout:5018ms
2019-10-02 11:24:44,129 [Thread-3852] INFO  impl.RoleInfo (RoleInfo.java:shutdownFollowerState(121)) - 679bf837-d1b7-4317-bb84-639952a13514: shutdown FollowerState
2019-10-02 11:24:44,129 [Thread-3852] INFO  impl.RaftServerImpl (RaftServerImpl.java:setRole(170)) - 679bf837-d1b7-4317-bb84-639952a13514@group-26714022F5DE: changes role from  FOLLOWER to CANDIDATE at term 0 for changeToCandidate
2019-10-02 11:24:44,129 [Thread-3852] INFO  impl.RoleInfo (RoleInfo.java:updateAndGet(143)) - 679bf837-d1b7-4317-bb84-639952a13514: start LeaderElection
2019-10-02 11:24:44,153 [42e05091-6c62-4293-994f-dc1e077aa1f2@group-69FB91CBC860-SegmentedRaftLogWorker] INFO  segmented.SegmentedRaftLogWorker (SegmentedRaftLogWorker.java:execute(574)) - 42e05091-6c62-4293-994f-dc1e077aa1f2@group-69FB91CBC860-SegmentedRaftLogWorker: created new log segment /workdir/hadoop-ozone/integration-test/target/test-dir/MiniOzoneClusterImpl-8ab3ee48-93a3-44e4-8138-6c86b881afd1/datanode-0/data/ratis/7be12dd1-43a2-486f-9935-69fb91cbc860/current/log_inprogress_0
2019-10-02 11:24:44,183 [3beefbce-df87-4030-b8da-5c6bff08c947@group-DBA5AA6049CA-SegmentedRaftLogWorker] INFO  segmented.SegmentedRaftLogWorker (SegmentedRaftLogWorker.java:execute(574)) - 3beefbce-df87-4030-b8da-5c6bff08c947@group-DBA5AA6049CA-SegmentedRaftLogWorker: created new log segment /workdir/hadoop-ozone/integration-test/target/test-dir/MiniOzoneClusterImpl-8ab3ee48-93a3-44e4-8138-6c86b881afd1/datanode-1/data/ratis/5c57ccad-22be-4188-a32f-dba5aa6049ca/current/log_inprogress_0
2019-10-02 11:24:44,200 [679bf837-d1b7-4317-bb84-639952a13514@group-26714022F5DE-LeaderElection114] INFO  impl.LeaderElection (LeaderElection.java:askForVotes(178)) - 679bf837-d1b7-4317-bb84-639952a13514@group-26714022F5DE-LeaderElection114: begin an election at term 1 for -1: [679bf837-d1b7-4317-bb84-639952a13514:192.168.30.53:36353], old=null
2019-10-02 11:24:44,200 [679bf837-d1b7-4317-bb84-639952a13514@group-26714022F5DE-LeaderElection114] INFO  impl.RoleInfo (RoleInfo.java:shutdownLeaderElection(134)) - 679bf837-d1b7-4317-bb84-639952a13514: shutdown LeaderElection
2019-10-02 11:24:44,200 [679bf837-d1b7-4317-bb84-639952a13514@group-26714022F5DE-LeaderElection114] INFO  impl.RaftServerImpl (RaftServerImpl.java:setRole(170)) - 679bf837-d1b7-4317-bb84-639952a13514@group-26714022F5DE: changes role from CANDIDATE to LEADER at term 1 for changeToLeader
2019-10-02 11:24:44,200 [679bf837-d1b7-4317-bb84-639952a13514@group-26714022F5DE-LeaderElection114] INFO  impl.RaftServerImpl (ServerState.java:setLeader(255)) - 679bf837-d1b7-4317-bb84-639952a13514@group-26714022F5DE: change Leader from null to 679bf837-d1b7-4317-bb84-639952a13514 at term 1 for becomeLeader, leader elected after 5095ms
2019-10-02 11:24:44,201 [679bf837-d1b7-4317-bb84-639952a13514@group-26714022F5DE-LeaderElection114] INFO  server.RaftServerConfigKeys (ConfUtils.java:logGet(43)) - raft.server.staging.catchup.gap = 1000 (default)
2019-10-02 11:24:44,201 [679bf837-d1b7-4317-bb84-639952a13514@group-26714022F5DE-LeaderElection114] INFO  server.RaftServerConfigKeys (ConfUtils.java:logGet(43)) - raft.server.rpc.sleep.time = 25ms (default)
2019-10-02 11:24:44,201 [679bf837-d1b7-4317-bb84-639952a13514@group-26714022F5DE-LeaderElection114] INFO  server.RaftServerConfigKeys (ConfUtils.java:logGet(43)) - raft.server.write.element-limit = 4096 (default)
2019-10-02 11:24:44,201 [679bf837-d1b7-4317-bb84-639952a13514@group-26714022F5DE-LeaderElection114] INFO  server.RaftServerConfigKeys (ConfUtils.java:logGet(43)) - raft.server.watch.timeout = 10s (default)
2019-10-02 11:24:44,201 [679bf837-d1b7-4317-bb84-639952a13514@group-26714022F5DE-LeaderElection114] INFO  server.RaftServerConfigKeys (ConfUtils.java:logGet(43)) - raft.server.watch.timeout.denomination = 1s (default)
2019-10-02 11:24:44,201 [679bf837-d1b7-4317-bb84-639952a13514@group-26714022F5DE-LeaderElection114] INFO  server.RaftServerConfigKeys (ConfUtils.java:logGet(43)) - raft.server.watch.element-limit = 65536 (default)
2019-10-02 11:24:44,203 [679bf837-d1b7-4317-bb84-639952a13514@group-26714022F5DE-LeaderElection114] INFO  impl.RoleInfo (RoleInfo.java:updateAndGet(143)) - 679bf837-d1b7-4317-bb84-639952a13514: start LeaderState
2019-10-02 11:24:44,203 [679bf837-d1b7-4317-bb84-639952a13514@group-26714022F5DE-LeaderElection114] INFO  segmented.SegmentedRaftLogWorker (SegmentedRaftLogWorker.java:startLogSegment(385)) - 679bf837-d1b7-4317-bb84-639952a13514@group-26714022F5DE-SegmentedRaftLogWorker: Starting segment from index:0
2019-10-02 11:24:44,203 [679bf837-d1b7-4317-bb84-639952a13514@group-26714022F5DE-LeaderElection114] INFO  impl.RaftServerImpl (ServerState.java:setRaftConf(356)) - 679bf837-d1b7-4317-bb84-639952a13514@group-26714022F5DE: set configuration 0: [679bf837-d1b7-4317-bb84-639952a13514:192.168.30.53:36353], old=null at 0
2019-10-02 11:24:44,259 [679bf837-d1b7-4317-bb84-639952a13514@group-26714022F5DE-SegmentedRaftLogWorker] INFO  segmented.SegmentedRaftLogWorker (SegmentedRaftLogWorker.java:execute(574)) - 679bf837-d1b7-4317-bb84-639952a13514@group-26714022F5DE-SegmentedRaftLogWorker: created new log segment /workdir/hadoop-ozone/integration-test/target/test-dir/MiniOzoneClusterImpl-8ab3ee48-93a3-44e4-8138-6c86b881afd1/datanode-2/data/ratis/e5c65b53-4706-46bd-a583-26714022f5de/current/log_inprogress_0
2019-10-02 11:24:44,325 [Thread-3858] INFO  impl.FollowerState (FollowerState.java:run(108)) - c2228e19-45d4-4b4f-85b0-128726505934@group-90015364EACD-FollowerState: change to CANDIDATE, lastRpcTime:5078ms, electionTimeout:5078ms
2019-10-02 11:24:44,325 [Thread-3858] INFO  impl.RoleInfo (RoleInfo.java:shutdownFollowerState(121)) - c2228e19-45d4-4b4f-85b0-128726505934: shutdown FollowerState
2019-10-02 11:24:44,325 [Thread-3858] INFO  impl.RaftServerImpl (RaftServerImpl.java:setRole(170)) - c2228e19-45d4-4b4f-85b0-128726505934@group-90015364EACD: changes role from  FOLLOWER to CANDIDATE at term 0 for changeToCandidate
2019-10-02 11:24:44,325 [Thread-3858] INFO  impl.RoleInfo (RoleInfo.java:updateAndGet(143)) - c2228e19-45d4-4b4f-85b0-128726505934: start LeaderElection
2019-10-02 11:24:44,361 [Thread-3855] INFO  impl.FollowerState (FollowerState.java:run(108)) - 6b9e8ff8-5b9c-4759-afd3-fc8cfa7baf67@group-D12F555DF1D2-FollowerState: change to CANDIDATE, lastRpcTime:5191ms, electionTimeout:5191ms
2019-10-02 11:24:44,361 [Thread-3855] INFO  impl.RoleInfo (RoleInfo.java:shutdownFollowerState(121)) - 6b9e8ff8-5b9c-4759-afd3-fc8cfa7baf67: shutdown FollowerState
2019-10-02 11:24:44,361 [Thread-3855] INFO  impl.RaftServerImpl (RaftServerImpl.java:setRole(170)) - 6b9e8ff8-5b9c-4759-afd3-fc8cfa7baf67@group-D12F555DF1D2: changes role from  FOLLOWER to CANDIDATE at term 0 for changeToCandidate
2019-10-02 11:24:44,361 [Thread-3855] INFO  impl.RoleInfo (RoleInfo.java:updateAndGet(143)) - 6b9e8ff8-5b9c-4759-afd3-fc8cfa7baf67: start LeaderElection
2019-10-02 11:24:44,368 [c2228e19-45d4-4b4f-85b0-128726505934@group-90015364EACD-LeaderElection115] INFO  impl.LeaderElection (LeaderElection.java:askForVotes(178)) - c2228e19-45d4-4b4f-85b0-128726505934@group-90015364EACD-LeaderElection115: begin an election at term 1 for -1: [c2228e19-45d4-4b4f-85b0-128726505934:192.168.30.53:33024], old=null
2019-10-02 11:24:44,368 [c2228e19-45d4-4b4f-85b0-128726505934@group-90015364EACD-LeaderElection115] INFO  impl.RoleInfo (RoleInfo.java:shutdownLeaderElection(134)) - c2228e19-45d4-4b4f-85b0-128726505934: shutdown LeaderElection
2019-10-02 11:24:44,368 [c2228e19-45d4-4b4f-85b0-128726505934@group-90015364EACD-LeaderElection115] INFO  impl.RaftServerImpl (RaftServerImpl.java:setRole(170)) - c2228e19-45d4-4b4f-85b0-128726505934@group-90015364EACD: changes role from CANDIDATE to LEADER at term 1 for changeToLeader
2019-10-02 11:24:44,368 [c2228e19-45d4-4b4f-85b0-128726505934@group-90015364EACD-LeaderElection115] INFO  impl.RaftServerImpl (ServerState.java:setLeader(255)) - c2228e19-45d4-4b4f-85b0-128726505934@group-90015364EACD: change Leader from null to c2228e19-45d4-4b4f-85b0-128726505934 at term 1 for becomeLeader, leader elected after 5127ms
2019-10-02 11:24:44,368 [c2228e19-45d4-4b4f-85b0-128726505934@group-90015364EACD-LeaderElection115] INFO  server.RaftServerConfigKeys (ConfUtils.java:logGet(43)) - raft.server.staging.catchup.gap = 1000 (default)
2019-10-02 11:24:44,369 [c2228e19-45d4-4b4f-85b0-128726505934@group-90015364EACD-LeaderElection115] INFO  server.RaftServerConfigKeys (ConfUtils.java:logGet(43)) - raft.server.rpc.sleep.time = 25ms (default)
2019-10-02 11:24:44,369 [c2228e19-45d4-4b4f-85b0-128726505934@group-90015364EACD-LeaderElection115] INFO  server.RaftServerConfigKeys (ConfUtils.java:logGet(43)) - raft.server.write.element-limit = 4096 (default)
2019-10-02 11:24:44,369 [c2228e19-45d4-4b4f-85b0-128726505934@group-90015364EACD-LeaderElection115] INFO  server.RaftServerConfigKeys (ConfUtils.java:logGet(43)) - raft.server.watch.timeout = 10s (default)
2019-10-02 11:24:44,369 [c2228e19-45d4-4b4f-85b0-128726505934@group-90015364EACD-LeaderElection115] INFO  server.RaftServerConfigKeys (ConfUtils.java:logGet(43)) - raft.server.watch.timeout.denomination = 1s (default)
2019-10-02 11:24:44,369 [c2228e19-45d4-4b4f-85b0-128726505934@group-90015364EACD-LeaderElection115] INFO  server.RaftServerConfigKeys (ConfUtils.java:logGet(43)) - raft.server.watch.element-limit = 65536 (default)
2019-10-02 11:24:44,370 [c2228e19-45d4-4b4f-85b0-128726505934@group-90015364EACD-LeaderElection115] INFO  impl.RoleInfo (RoleInfo.java:updateAndGet(143)) - c2228e19-45d4-4b4f-85b0-128726505934: start LeaderState
2019-10-02 11:24:44,370 [c2228e19-45d4-4b4f-85b0-128726505934@group-90015364EACD-LeaderElection115] INFO  segmented.SegmentedRaftLogWorker (SegmentedRaftLogWorker.java:startLogSegment(385)) - c2228e19-45d4-4b4f-85b0-128726505934@group-90015364EACD-SegmentedRaftLogWorker: Starting segment from index:0
2019-10-02 11:24:44,371 [c2228e19-45d4-4b4f-85b0-128726505934@group-90015364EACD-LeaderElection115] INFO  impl.RaftServerImpl (ServerState.java:setRaftConf(356)) - c2228e19-45d4-4b4f-85b0-128726505934@group-90015364EACD: set configuration 0: [c2228e19-45d4-4b4f-85b0-128726505934:192.168.30.53:33024], old=null at 0
2019-10-02 11:24:44,397 [Thread-3864] INFO  impl.FollowerState (FollowerState.java:run(108)) - 0c636628-a06b-4155-ba06-d49595c8d0c4@group-61BB09D55939-FollowerState: change to CANDIDATE, lastRpcTime:5005ms, electionTimeout:5005ms
2019-10-02 11:24:44,397 [Thread-3864] INFO  impl.RoleInfo (RoleInfo.java:shutdownFollowerState(121)) - 0c636628-a06b-4155-ba06-d49595c8d0c4: shutdown FollowerState
2019-10-02 11:24:44,397 [6b9e8ff8-5b9c-4759-afd3-fc8cfa7baf67@group-D12F555DF1D2-LeaderElection116] INFO  impl.LeaderElection (LeaderElection.java:askForVotes(178)) - 6b9e8ff8-5b9c-4759-afd3-fc8cfa7baf67@group-D12F555DF1D2-LeaderElection116: begin an election at term 1 for -1: [6b9e8ff8-5b9c-4759-afd3-fc8cfa7baf67:192.168.30.53:43513], old=null
2019-10-02 11:24:44,397 [Thread-3864] INFO  impl.RaftServerImpl (RaftServerImpl.java:setRole(170)) - 0c636628-a06b-4155-ba06-d49595c8d0c4@group-61BB09D55939: changes role from  FOLLOWER to CANDIDATE at term 0 for changeToCandidate
2019-10-02 11:24:44,397 [6b9e8ff8-5b9c-4759-afd3-fc8cfa7baf67@group-D12F555DF1D2-LeaderElection116] INFO  impl.RoleInfo (RoleInfo.java:shutdownLeaderElection(134)) - 6b9e8ff8-5b9c-4759-afd3-fc8cfa7baf67: shutdown LeaderElection
2019-10-02 11:24:44,397 [Thread-3864] INFO  impl.RoleInfo (RoleInfo.java:updateAndGet(143)) - 0c636628-a06b-4155-ba06-d49595c8d0c4: start LeaderElection
2019-10-02 11:24:44,397 [6b9e8ff8-5b9c-4759-afd3-fc8cfa7baf67@group-D12F555DF1D2-LeaderElection116] INFO  impl.RaftServerImpl (RaftServerImpl.java:setRole(170)) - 6b9e8ff8-5b9c-4759-afd3-fc8cfa7baf67@group-D12F555DF1D2: changes role from CANDIDATE to LEADER at term 1 for changeToLeader
2019-10-02 11:24:44,398 [6b9e8ff8-5b9c-4759-afd3-fc8cfa7baf67@group-D12F555DF1D2-LeaderElection116] INFO  impl.RaftServerImpl (ServerState.java:setLeader(255)) - 6b9e8ff8-5b9c-4759-afd3-fc8cfa7baf67@group-D12F555DF1D2: change Leader from null to 6b9e8ff8-5b9c-4759-afd3-fc8cfa7baf67 at term 1 for becomeLeader, leader elected after 5232ms
2019-10-02 11:24:44,398 [6b9e8ff8-5b9c-4759-afd3-fc8cfa7baf67@group-D12F555DF1D2-LeaderElection116] INFO  server.RaftServerConfigKeys (ConfUtils.java:logGet(43)) - raft.server.staging.catchup.gap = 1000 (default)
2019-10-02 11:24:44,408 [6b9e8ff8-5b9c-4759-afd3-fc8cfa7baf67@group-D12F555DF1D2-LeaderElection116] INFO  server.RaftServerConfigKeys (ConfUtils.java:logGet(43)) - raft.server.rpc.sleep.time = 25ms (default)
2019-10-02 11:24:44,409 [6b9e8ff8-5b9c-4759-afd3-fc8cfa7baf67@group-D12F555DF1D2-LeaderElection116] INFO  server.RaftServerConfigKeys (ConfUtils.java:logGet(43)) - raft.server.write.element-limit = 4096 (default)
2019-10-02 11:24:44,409 [6b9e8ff8-5b9c-4759-afd3-fc8cfa7baf67@group-D12F555DF1D2-LeaderElection116] INFO  server.RaftServerConfigKeys (ConfUtils.java:logGet(43)) - raft.server.watch.timeout = 10s (default)
2019-10-02 11:24:44,409 [6b9e8ff8-5b9c-4759-afd3-fc8cfa7baf67@group-D12F555DF1D2-LeaderElection116] INFO  server.RaftServerConfigKeys (ConfUtils.java:logGet(43)) - raft.server.watch.timeout.denomination = 1s (default)
2019-10-02 11:24:44,409 [6b9e8ff8-5b9c-4759-afd3-fc8cfa7baf67@group-D12F555DF1D2-LeaderElection116] INFO  server.RaftServerConfigKeys (ConfUtils.java:logGet(43)) - raft.server.watch.element-limit = 65536 (default)
2019-10-02 11:24:44,410 [6b9e8ff8-5b9c-4759-afd3-fc8cfa7baf67@group-D12F555DF1D2-LeaderElection116] INFO  impl.RoleInfo (RoleInfo.java:updateAndGet(143)) - 6b9e8ff8-5b9c-4759-afd3-fc8cfa7baf67: start LeaderState
2019-10-02 11:24:44,410 [6b9e8ff8-5b9c-4759-afd3-fc8cfa7baf67@group-D12F555DF1D2-LeaderElection116] INFO  segmented.SegmentedRaftLogWorker (SegmentedRaftLogWorker.java:startLogSegment(385)) - 6b9e8ff8-5b9c-4759-afd3-fc8cfa7baf67@group-D12F555DF1D2-SegmentedRaftLogWorker: Starting segment from index:0
2019-10-02 11:24:44,411 [c2228e19-45d4-4b4f-85b0-128726505934@group-90015364EACD-SegmentedRaftLogWorker] INFO  segmented.SegmentedRaftLogWorker (SegmentedRaftLogWorker.java:execute(574)) - c2228e19-45d4-4b4f-85b0-128726505934@group-90015364EACD-SegmentedRaftLogWorker: created new log segment /workdir/hadoop-ozone/integration-test/target/test-dir/MiniOzoneClusterImpl-8ab3ee48-93a3-44e4-8138-6c86b881afd1/datanode-4/data/ratis/6746320a-ac98-43d0-8932-90015364eacd/current/log_inprogress_0
2019-10-02 11:24:44,411 [6b9e8ff8-5b9c-4759-afd3-fc8cfa7baf67@group-D12F555DF1D2-LeaderElection116] INFO  impl.RaftServerImpl (ServerState.java:setRaftConf(356)) - 6b9e8ff8-5b9c-4759-afd3-fc8cfa7baf67@group-D12F555DF1D2: set configuration 0: [6b9e8ff8-5b9c-4759-afd3-fc8cfa7baf67:192.168.30.53:43513], old=null at 0
2019-10-02 11:24:44,437 [Thread-3861] INFO  impl.FollowerState (FollowerState.java:run(108)) - 420a87e5-3a05-46db-8578-f503afaacbef@group-D441C9965170-FollowerState: change to CANDIDATE, lastRpcTime:5123ms, electionTimeout:5100ms
2019-10-02 11:24:44,437 [0c636628-a06b-4155-ba06-d49595c8d0c4@group-61BB09D55939-LeaderElection117] INFO  impl.LeaderElection (LeaderElection.java:askForVotes(178)) - 0c636628-a06b-4155-ba06-d49595c8d0c4@group-61BB09D55939-LeaderElection117: begin an election at term 1 for -1: [0c636628-a06b-4155-ba06-d49595c8d0c4:192.168.30.53:33328], old=null
2019-10-02 11:24:44,437 [Thread-3861] INFO  impl.RoleInfo (RoleInfo.java:shutdownFollowerState(121)) - 420a87e5-3a05-46db-8578-f503afaacbef: shutdown FollowerState
2019-10-02 11:24:44,437 [0c636628-a06b-4155-ba06-d49595c8d0c4@group-61BB09D55939-LeaderElection117] INFO  impl.RoleInfo (RoleInfo.java:shutdownLeaderElection(134)) - 0c636628-a06b-4155-ba06-d49595c8d0c4: shutdown LeaderElection
2019-10-02 11:24:44,437 [Thread-3861] INFO  impl.RaftServerImpl (RaftServerImpl.java:setRole(170)) - 420a87e5-3a05-46db-8578-f503afaacbef@group-D441C9965170: changes role from  FOLLOWER to CANDIDATE at term 0 for changeToCandidate
2019-10-02 11:24:44,437 [0c636628-a06b-4155-ba06-d49595c8d0c4@group-61BB09D55939-LeaderElection117] INFO  impl.RaftServerImpl (RaftServerImpl.java:setRole(170)) - 0c636628-a06b-4155-ba06-d49595c8d0c4@group-61BB09D55939: changes role from CANDIDATE to LEADER at term 1 for changeToLeader
2019-10-02 11:24:44,437 [Thread-3861] INFO  impl.RoleInfo (RoleInfo.java:updateAndGet(143)) - 420a87e5-3a05-46db-8578-f503afaacbef: start LeaderElection
2019-10-02 11:24:44,437 [0c636628-a06b-4155-ba06-d49595c8d0c4@group-61BB09D55939-LeaderElection117] INFO  impl.RaftServerImpl (ServerState.java:setLeader(255)) - 0c636628-a06b-4155-ba06-d49595c8d0c4@group-61BB09D55939: change Leader from null to 0c636628-a06b-4155-ba06-d49595c8d0c4 at term 1 for becomeLeader, leader elected after 5051ms
2019-10-02 11:24:44,438 [0c636628-a06b-4155-ba06-d49595c8d0c4@group-61BB09D55939-LeaderElection117] INFO  server.RaftServerConfigKeys (ConfUtils.java:logGet(43)) - raft.server.staging.catchup.gap = 1000 (default)
2019-10-02 11:24:44,442 [0c636628-a06b-4155-ba06-d49595c8d0c4@group-61BB09D55939-LeaderElection117] INFO  server.RaftServerConfigKeys (ConfUtils.java:logGet(43)) - raft.server.rpc.sleep.time = 25ms (default)
2019-10-02 11:24:44,443 [0c636628-a06b-4155-ba06-d49595c8d0c4@group-61BB09D55939-LeaderElection117] INFO  server.RaftServerConfigKeys (ConfUtils.java:logGet(43)) - raft.server.write.element-limit = 4096 (default)
2019-10-02 11:24:44,443 [0c636628-a06b-4155-ba06-d49595c8d0c4@group-61BB09D55939-LeaderElection117] INFO  server.RaftServerConfigKeys (ConfUtils.java:logGet(43)) - raft.server.watch.timeout = 10s (default)
2019-10-02 11:24:44,443 [0c636628-a06b-4155-ba06-d49595c8d0c4@group-61BB09D55939-LeaderElection117] INFO  server.RaftServerConfigKeys (ConfUtils.java:logGet(43)) - raft.server.watch.timeout.denomination = 1s (default)
2019-10-02 11:24:44,443 [0c636628-a06b-4155-ba06-d49595c8d0c4@group-61BB09D55939-LeaderElection117] INFO  server.RaftServerConfigKeys (ConfUtils.java:logGet(43)) - raft.server.watch.element-limit = 65536 (default)
2019-10-02 11:24:44,444 [0c636628-a06b-4155-ba06-d49595c8d0c4@group-61BB09D55939-LeaderElection117] INFO  impl.RoleInfo (RoleInfo.java:updateAndGet(143)) - 0c636628-a06b-4155-ba06-d49595c8d0c4: start LeaderState
2019-10-02 11:24:44,445 [0c636628-a06b-4155-ba06-d49595c8d0c4@group-61BB09D55939-LeaderElection117] INFO  segmented.SegmentedRaftLogWorker (SegmentedRaftLogWorker.java:startLogSegment(385)) - 0c636628-a06b-4155-ba06-d49595c8d0c4@group-61BB09D55939-SegmentedRaftLogWorker: Starting segment from index:0
2019-10-02 11:24:44,471 [6b9e8ff8-5b9c-4759-afd3-fc8cfa7baf67@group-D12F555DF1D2-SegmentedRaftLogWorker] INFO  segmented.SegmentedRaftLogWorker (SegmentedRaftLogWorker.java:execute(574)) - 6b9e8ff8-5b9c-4759-afd3-fc8cfa7baf67@group-D12F555DF1D2-SegmentedRaftLogWorker: created new log segment /workdir/hadoop-ozone/integration-test/target/test-dir/MiniOzoneClusterImpl-8ab3ee48-93a3-44e4-8138-6c86b881afd1/datanode-3/data/ratis/ef469462-ec58-492f-acfd-d12f555df1d2/current/log_inprogress_0
2019-10-02 11:24:44,471 [420a87e5-3a05-46db-8578-f503afaacbef@group-D441C9965170-LeaderElection118] INFO  impl.LeaderElection (LeaderElection.java:askForVotes(178)) - 420a87e5-3a05-46db-8578-f503afaacbef@group-D441C9965170-LeaderElection118: begin an election at term 1 for -1: [420a87e5-3a05-46db-8578-f503afaacbef:192.168.30.53:40226], old=null
2019-10-02 11:24:44,471 [420a87e5-3a05-46db-8578-f503afaacbef@group-D441C9965170-LeaderElection118] INFO  impl.RoleInfo (RoleInfo.java:shutdownLeaderElection(134)) - 420a87e5-3a05-46db-8578-f503afaacbef: shutdown LeaderElection
2019-10-02 11:24:44,471 [0c636628-a06b-4155-ba06-d49595c8d0c4@group-61BB09D55939-LeaderElection117] INFO  impl.RaftServerImpl (ServerState.java:setRaftConf(356)) - 0c636628-a06b-4155-ba06-d49595c8d0c4@group-61BB09D55939: set configuration 0: [0c636628-a06b-4155-ba06-d49595c8d0c4:192.168.30.53:33328], old=null at 0
2019-10-02 11:24:44,471 [420a87e5-3a05-46db-8578-f503afaacbef@group-D441C9965170-LeaderElection118] INFO  impl.RaftServerImpl (RaftServerImpl.java:setRole(170)) - 420a87e5-3a05-46db-8578-f503afaacbef@group-D441C9965170: changes role from CANDIDATE to LEADER at term 1 for changeToLeader
2019-10-02 11:24:44,474 [420a87e5-3a05-46db-8578-f503afaacbef@group-D441C9965170-LeaderElection118] INFO  impl.RaftServerImpl (ServerState.java:setLeader(255)) - 420a87e5-3a05-46db-8578-f503afaacbef@group-D441C9965170: change Leader from null to 420a87e5-3a05-46db-8578-f503afaacbef at term 1 for becomeLeader, leader elected after 5165ms
2019-10-02 11:24:44,474 [420a87e5-3a05-46db-8578-f503afaacbef@group-D441C9965170-LeaderElection118] INFO  server.RaftServerConfigKeys (ConfUtils.java:logGet(43)) - raft.server.staging.catchup.gap = 1000 (default)
2019-10-02 11:24:44,474 [420a87e5-3a05-46db-8578-f503afaacbef@group-D441C9965170-LeaderElection118] INFO  server.RaftServerConfigKeys (ConfUtils.java:logGet(43)) - raft.server.rpc.sleep.time = 25ms (default)
2019-10-02 11:24:44,474 [420a87e5-3a05-46db-8578-f503afaacbef@group-D441C9965170-LeaderElection118] INFO  server.RaftServerConfigKeys (ConfUtils.java:logGet(43)) - raft.server.write.element-limit = 4096 (default)
2019-10-02 11:24:44,474 [420a87e5-3a05-46db-8578-f503afaacbef@group-D441C9965170-LeaderElection118] INFO  server.RaftServerConfigKeys (ConfUtils.java:logGet(43)) - raft.server.watch.timeout = 10s (default)
2019-10-02 11:24:44,474 [420a87e5-3a05-46db-8578-f503afaacbef@group-D441C9965170-LeaderElection118] INFO  server.RaftServerConfigKeys (ConfUtils.java:logGet(43)) - raft.server.watch.timeout.denomination = 1s (default)
2019-10-02 11:24:44,474 [420a87e5-3a05-46db-8578-f503afaacbef@group-D441C9965170-LeaderElection118] INFO  server.RaftServerConfigKeys (ConfUtils.java:logGet(43)) - raft.server.watch.element-limit = 65536 (default)
2019-10-02 11:24:44,476 [420a87e5-3a05-46db-8578-f503afaacbef@group-D441C9965170-LeaderElection118] INFO  impl.RoleInfo (RoleInfo.java:updateAndGet(143)) - 420a87e5-3a05-46db-8578-f503afaacbef: start LeaderState
2019-10-02 11:24:44,476 [420a87e5-3a05-46db-8578-f503afaacbef@group-D441C9965170-LeaderElection118] INFO  segmented.SegmentedRaftLogWorker (SegmentedRaftLogWorker.java:startLogSegment(385)) - 420a87e5-3a05-46db-8578-f503afaacbef@group-D441C9965170-SegmentedRaftLogWorker: Starting segment from index:0
2019-10-02 11:24:44,476 [420a87e5-3a05-46db-8578-f503afaacbef@group-D441C9965170-LeaderElection118] INFO  impl.RaftServerImpl (ServerState.java:setRaftConf(356)) - 420a87e5-3a05-46db-8578-f503afaacbef@group-D441C9965170: set configuration 0: [420a87e5-3a05-46db-8578-f503afaacbef:192.168.30.53:40226], old=null at 0
2019-10-02 11:24:44,489 [0c636628-a06b-4155-ba06-d49595c8d0c4@group-61BB09D55939-SegmentedRaftLogWorker] INFO  segmented.SegmentedRaftLogWorker (SegmentedRaftLogWorker.java:execute(574)) - 0c636628-a06b-4155-ba06-d49595c8d0c4@group-61BB09D55939-SegmentedRaftLogWorker: created new log segment /workdir/hadoop-ozone/integration-test/target/test-dir/MiniOzoneClusterImpl-8ab3ee48-93a3-44e4-8138-6c86b881afd1/datanode-6/data/ratis/2ce3b4cf-b72d-48c6-b442-61bb09d55939/current/log_inprogress_0
2019-10-02 11:24:44,550 [420a87e5-3a05-46db-8578-f503afaacbef@group-D441C9965170-SegmentedRaftLogWorker] INFO  segmented.SegmentedRaftLogWorker (SegmentedRaftLogWorker.java:execute(574)) - 420a87e5-3a05-46db-8578-f503afaacbef@group-D441C9965170-SegmentedRaftLogWorker: created new log segment /workdir/hadoop-ozone/integration-test/target/test-dir/MiniOzoneClusterImpl-8ab3ee48-93a3-44e4-8138-6c86b881afd1/datanode-5/data/ratis/242cccc1-b205-4927-afcf-d441c9965170/current/log_inprogress_0
2019-10-02 11:24:44,555 [Thread-3868] INFO  impl.FollowerState (FollowerState.java:run(108)) - c2228e19-45d4-4b4f-85b0-128726505934@group-4F4A3DBC358A-FollowerState: change to CANDIDATE, lastRpcTime:5085ms, electionTimeout:5085ms
2019-10-02 11:24:44,555 [Thread-3868] INFO  impl.RoleInfo (RoleInfo.java:shutdownFollowerState(121)) - c2228e19-45d4-4b4f-85b0-128726505934: shutdown FollowerState
2019-10-02 11:24:44,556 [Thread-3868] INFO  impl.RaftServerImpl (RaftServerImpl.java:setRole(170)) - c2228e19-45d4-4b4f-85b0-128726505934@group-4F4A3DBC358A: changes role from  FOLLOWER to CANDIDATE at term 0 for changeToCandidate
2019-10-02 11:24:44,556 [Thread-3868] INFO  impl.RoleInfo (RoleInfo.java:updateAndGet(143)) - c2228e19-45d4-4b4f-85b0-128726505934: start LeaderElection
2019-10-02 11:24:44,571 [Thread-3881] INFO  impl.FollowerState (FollowerState.java:run(108)) - 3beefbce-df87-4030-b8da-5c6bff08c947@group-5A0478725195-FollowerState: change to CANDIDATE, lastRpcTime:5001ms, electionTimeout:5001ms
2019-10-02 11:24:44,572 [Thread-3881] INFO  impl.RoleInfo (RoleInfo.java:shutdownFollowerState(121)) - 3beefbce-df87-4030-b8da-5c6bff08c947: shutdown FollowerState
2019-10-02 11:24:44,572 [Thread-3881] INFO  impl.RaftServerImpl (RaftServerImpl.java:setRole(170)) - 3beefbce-df87-4030-b8da-5c6bff08c947@group-5A0478725195: changes role from  FOLLOWER to CANDIDATE at term 0 for changeToCandidate
2019-10-02 11:24:44,612 [Thread-3879] INFO  impl.FollowerState (FollowerState.java:run(108)) - 0c636628-a06b-4155-ba06-d49595c8d0c4@group-5A0478725195-FollowerState: change to CANDIDATE, lastRpcTime:5042ms, electionTimeout:5042ms
2019-10-02 11:24:44,612 [Thread-3879] INFO  impl.RoleInfo (RoleInfo.java:shutdownFollowerState(121)) - 0c636628-a06b-4155-ba06-d49595c8d0c4: shutdown FollowerState
2019-10-02 11:24:44,612 [Thread-3879] INFO  impl.RaftServerImpl (RaftServerImpl.java:setRole(170)) - 0c636628-a06b-4155-ba06-d49595c8d0c4@group-5A0478725195: changes role from  FOLLOWER to CANDIDATE at term 0 for changeToCandidate
2019-10-02 11:24:44,622 [Thread-3870] INFO  impl.FollowerState (FollowerState.java:run(108)) - 6b9e8ff8-5b9c-4759-afd3-fc8cfa7baf67@group-4F4A3DBC358A-FollowerState: change to CANDIDATE, lastRpcTime:5150ms, electionTimeout:5150ms
2019-10-02 11:24:44,623 [Thread-3870] INFO  impl.RoleInfo (RoleInfo.java:shutdownFollowerState(121)) - 6b9e8ff8-5b9c-4759-afd3-fc8cfa7baf67: shutdown FollowerState
2019-10-02 11:24:44,623 [Thread-3870] INFO  impl.RaftServerImpl (RaftServerImpl.java:setRole(170)) - 6b9e8ff8-5b9c-4759-afd3-fc8cfa7baf67@group-4F4A3DBC358A: changes role from  FOLLOWER to CANDIDATE at term 0 for changeToCandidate
2019-10-02 11:24:44,628 [Thread-3872] INFO  impl.FollowerState (FollowerState.java:run(108)) - 679bf837-d1b7-4317-bb84-639952a13514@group-4F4A3DBC358A-FollowerState: change to CANDIDATE, lastRpcTime:5155ms, electionTimeout:5155ms
2019-10-02 11:24:44,628 [Thread-3872] INFO  impl.RoleInfo (RoleInfo.java:shutdownFollowerState(121)) - 679bf837-d1b7-4317-bb84-639952a13514: shutdown FollowerState
2019-10-02 11:24:44,628 [Thread-3872] INFO  impl.RaftServerImpl (RaftServerImpl.java:setRole(170)) - 679bf837-d1b7-4317-bb84-639952a13514@group-4F4A3DBC358A: changes role from  FOLLOWER to CANDIDATE at term 0 for changeToCandidate
2019-10-02 11:24:44,685 [Thread-3872] INFO  impl.RoleInfo (RoleInfo.java:updateAndGet(143)) - 679bf837-d1b7-4317-bb84-639952a13514: start LeaderElection
2019-10-02 11:24:44,685 [Thread-3881] INFO  impl.RoleInfo (RoleInfo.java:updateAndGet(143)) - 3beefbce-df87-4030-b8da-5c6bff08c947: start LeaderElection
2019-10-02 11:24:44,685 [Thread-3870] INFO  impl.RoleInfo (RoleInfo.java:updateAndGet(143)) - 6b9e8ff8-5b9c-4759-afd3-fc8cfa7baf67: start LeaderElection
2019-10-02 11:24:44,685 [Thread-3879] INFO  impl.RoleInfo (RoleInfo.java:updateAndGet(143)) - 0c636628-a06b-4155-ba06-d49595c8d0c4: start LeaderElection
2019-10-02 11:24:44,732 [679bf837-d1b7-4317-bb84-639952a13514@group-4F4A3DBC358A-LeaderElection123] INFO  impl.LeaderElection (LeaderElection.java:askForVotes(178)) - 679bf837-d1b7-4317-bb84-639952a13514@group-4F4A3DBC358A-LeaderElection123: begin an election at term 1 for -1: [679bf837-d1b7-4317-bb84-639952a13514:192.168.30.53:36353, c2228e19-45d4-4b4f-85b0-128726505934:192.168.30.53:33024, 6b9e8ff8-5b9c-4759-afd3-fc8cfa7baf67:192.168.30.53:43513], old=null
2019-10-02 11:24:44,732 [3beefbce-df87-4030-b8da-5c6bff08c947@group-5A0478725195-LeaderElection120] INFO  impl.LeaderElection (LeaderElection.java:askForVotes(178)) - 3beefbce-df87-4030-b8da-5c6bff08c947@group-5A0478725195-LeaderElection120: begin an election at term 1 for -1: [0c636628-a06b-4155-ba06-d49595c8d0c4:192.168.30.53:33328, 42e05091-6c62-4293-994f-dc1e077aa1f2:192.168.30.53:45956, 3beefbce-df87-4030-b8da-5c6bff08c947:192.168.30.53:43019], old=null
2019-10-02 11:24:44,732 [c2228e19-45d4-4b4f-85b0-128726505934@group-4F4A3DBC358A-LeaderElection119] INFO  impl.LeaderElection (LeaderElection.java:askForVotes(178)) - c2228e19-45d4-4b4f-85b0-128726505934@group-4F4A3DBC358A-LeaderElection119: begin an election at term 1 for -1: [679bf837-d1b7-4317-bb84-639952a13514:192.168.30.53:36353, c2228e19-45d4-4b4f-85b0-128726505934:192.168.30.53:33024, 6b9e8ff8-5b9c-4759-afd3-fc8cfa7baf67:192.168.30.53:43513], old=null
2019-10-02 11:24:44,732 [6b9e8ff8-5b9c-4759-afd3-fc8cfa7baf67@group-4F4A3DBC358A-LeaderElection122] INFO  impl.LeaderElection (LeaderElection.java:askForVotes(178)) - 6b9e8ff8-5b9c-4759-afd3-fc8cfa7baf67@group-4F4A3DBC358A-LeaderElection122: begin an election at term 1 for -1: [679bf837-d1b7-4317-bb84-639952a13514:192.168.30.53:36353, c2228e19-45d4-4b4f-85b0-128726505934:192.168.30.53:33024, 6b9e8ff8-5b9c-4759-afd3-fc8cfa7baf67:192.168.30.53:43513], old=null
2019-10-02 11:24:44,732 [0c636628-a06b-4155-ba06-d49595c8d0c4@group-5A0478725195-LeaderElection121] INFO  impl.LeaderElection (LeaderElection.java:askForVotes(178)) - 0c636628-a06b-4155-ba06-d49595c8d0c4@group-5A0478725195-LeaderElection121: begin an election at term 1 for -1: [0c636628-a06b-4155-ba06-d49595c8d0c4:192.168.30.53:33328, 42e05091-6c62-4293-994f-dc1e077aa1f2:192.168.30.53:45956, 3beefbce-df87-4030-b8da-5c6bff08c947:192.168.30.53:43019], old=null
2019-10-02 11:24:44,743 [Thread-3876] INFO  impl.FollowerState (FollowerState.java:run(108)) - 42e05091-6c62-4293-994f-dc1e077aa1f2@group-5A0478725195-FollowerState: change to CANDIDATE, lastRpcTime:5176ms, electionTimeout:5176ms
2019-10-02 11:24:44,743 [Thread-3876] INFO  impl.RoleInfo (RoleInfo.java:shutdownFollowerState(121)) - 42e05091-6c62-4293-994f-dc1e077aa1f2: shutdown FollowerState
2019-10-02 11:24:44,743 [Thread-3876] INFO  impl.RaftServerImpl (RaftServerImpl.java:setRole(170)) - 42e05091-6c62-4293-994f-dc1e077aa1f2@group-5A0478725195: changes role from  FOLLOWER to CANDIDATE at term 0 for changeToCandidate
2019-10-02 11:24:44,743 [Thread-3876] INFO  impl.RoleInfo (RoleInfo.java:updateAndGet(143)) - 42e05091-6c62-4293-994f-dc1e077aa1f2: start LeaderElection
2019-10-02 11:24:44,762 [6b9e8ff8-5b9c-4759-afd3-fc8cfa7baf67@group-4F4A3DBC358A-LeaderElection122] INFO  impl.LeaderElection (LeaderElection.java:logAndReturn(56)) - 6b9e8ff8-5b9c-4759-afd3-fc8cfa7baf67@group-4F4A3DBC358A-LeaderElection122: Election REJECTED; received 2 response(s) [6b9e8ff8-5b9c-4759-afd3-fc8cfa7baf67<-679bf837-d1b7-4317-bb84-639952a13514#0:FAIL-t1, 6b9e8ff8-5b9c-4759-afd3-fc8cfa7baf67<-c2228e19-45d4-4b4f-85b0-128726505934#0:FAIL-t1] and 0 exception(s); 6b9e8ff8-5b9c-4759-afd3-fc8cfa7baf67@group-4F4A3DBC358A:t1, leader=null, voted=6b9e8ff8-5b9c-4759-afd3-fc8cfa7baf67, raftlog=6b9e8ff8-5b9c-4759-afd3-fc8cfa7baf67@group-4F4A3DBC358A-SegmentedRaftLog:OPENED:c-1,f-1,i0, conf=-1: [679bf837-d1b7-4317-bb84-639952a13514:192.168.30.53:36353, c2228e19-45d4-4b4f-85b0-128726505934:192.168.30.53:33024, 6b9e8ff8-5b9c-4759-afd3-fc8cfa7baf67:192.168.30.53:43513], old=null
2019-10-02 11:24:44,762 [c2228e19-45d4-4b4f-85b0-128726505934@group-4F4A3DBC358A-LeaderElection119] INFO  impl.LeaderElection (LeaderElection.java:logAndReturn(56)) - c2228e19-45d4-4b4f-85b0-128726505934@group-4F4A3DBC358A-LeaderElection119: Election REJECTED; received 2 response(s) [c2228e19-45d4-4b4f-85b0-128726505934<-679bf837-d1b7-4317-bb84-639952a13514#0:FAIL-t1, c2228e19-45d4-4b4f-85b0-128726505934<-6b9e8ff8-5b9c-4759-afd3-fc8cfa7baf67#0:FAIL-t1] and 0 exception(s); c2228e19-45d4-4b4f-85b0-128726505934@group-4F4A3DBC358A:t1, leader=null, voted=c2228e19-45d4-4b4f-85b0-128726505934, raftlog=c2228e19-45d4-4b4f-85b0-128726505934@group-4F4A3DBC358A-SegmentedRaftLog:OPENED:c-1,f-1,i0, conf=-1: [679bf837-d1b7-4317-bb84-639952a13514:192.168.30.53:36353, c2228e19-45d4-4b4f-85b0-128726505934:192.168.30.53:33024, 6b9e8ff8-5b9c-4759-afd3-fc8cfa7baf67:192.168.30.53:43513], old=null
2019-10-02 11:24:44,762 [6b9e8ff8-5b9c-4759-afd3-fc8cfa7baf67@group-4F4A3DBC358A-LeaderElection122] INFO  impl.RaftServerImpl (RaftServerImpl.java:setRole(170)) - 6b9e8ff8-5b9c-4759-afd3-fc8cfa7baf67@group-4F4A3DBC358A: changes role from CANDIDATE to FOLLOWER at term 1 for DISCOVERED_A_NEW_TERM
2019-10-02 11:24:44,762 [679bf837-d1b7-4317-bb84-639952a13514@group-4F4A3DBC358A-LeaderElection123] INFO  impl.LeaderElection (LeaderElection.java:logAndReturn(56)) - 679bf837-d1b7-4317-bb84-639952a13514@group-4F4A3DBC358A-LeaderElection123: Election REJECTED; received 2 response(s) [679bf837-d1b7-4317-bb84-639952a13514<-c2228e19-45d4-4b4f-85b0-128726505934#0:FAIL-t1, 679bf837-d1b7-4317-bb84-639952a13514<-6b9e8ff8-5b9c-4759-afd3-fc8cfa7baf67#0:FAIL-t1] and 0 exception(s); 679bf837-d1b7-4317-bb84-639952a13514@group-4F4A3DBC358A:t1, leader=null, voted=679bf837-d1b7-4317-bb84-639952a13514, raftlog=679bf837-d1b7-4317-bb84-639952a13514@group-4F4A3DBC358A-SegmentedRaftLog:OPENED:c-1,f-1,i0, conf=-1: [679bf837-d1b7-4317-bb84-639952a13514:192.168.30.53:36353, c2228e19-45d4-4b4f-85b0-128726505934:192.168.30.53:33024, 6b9e8ff8-5b9c-4759-afd3-fc8cfa7baf67:192.168.30.53:43513], old=null
2019-10-02 11:24:44,765 [6b9e8ff8-5b9c-4759-afd3-fc8cfa7baf67@group-4F4A3DBC358A-LeaderElection122] INFO  impl.RoleInfo (RoleInfo.java:shutdownLeaderElection(134)) - 6b9e8ff8-5b9c-4759-afd3-fc8cfa7baf67: shutdown LeaderElection
2019-10-02 11:24:44,763 [c2228e19-45d4-4b4f-85b0-128726505934@group-4F4A3DBC358A-LeaderElection119] INFO  impl.RaftServerImpl (RaftServerImpl.java:setRole(170)) - c2228e19-45d4-4b4f-85b0-128726505934@group-4F4A3DBC358A: changes role from CANDIDATE to FOLLOWER at term 1 for DISCOVERED_A_NEW_TERM
2019-10-02 11:24:44,767 [679bf837-d1b7-4317-bb84-639952a13514@group-4F4A3DBC358A-LeaderElection123] INFO  impl.RaftServerImpl (RaftServerImpl.java:setRole(170)) - 679bf837-d1b7-4317-bb84-639952a13514@group-4F4A3DBC358A: changes role from CANDIDATE to FOLLOWER at term 1 for DISCOVERED_A_NEW_TERM
2019-10-02 11:24:44,769 [6b9e8ff8-5b9c-4759-afd3-fc8cfa7baf67@group-4F4A3DBC358A-LeaderElection122] INFO  impl.RoleInfo (RoleInfo.java:updateAndGet(143)) - 6b9e8ff8-5b9c-4759-afd3-fc8cfa7baf67: start FollowerState
2019-10-02 11:24:44,769 [c2228e19-45d4-4b4f-85b0-128726505934@group-4F4A3DBC358A-LeaderElection119] INFO  impl.RoleInfo (RoleInfo.java:shutdownLeaderElection(134)) - c2228e19-45d4-4b4f-85b0-128726505934: shutdown LeaderElection
2019-10-02 11:24:44,769 [679bf837-d1b7-4317-bb84-639952a13514@group-4F4A3DBC358A-LeaderElection123] INFO  impl.RoleInfo (RoleInfo.java:shutdownLeaderElection(134)) - 679bf837-d1b7-4317-bb84-639952a13514: shutdown LeaderElection
2019-10-02 11:24:44,769 [c2228e19-45d4-4b4f-85b0-128726505934@group-4F4A3DBC358A-LeaderElection119] INFO  impl.RoleInfo (RoleInfo.java:updateAndGet(143)) - c2228e19-45d4-4b4f-85b0-128726505934: start FollowerState
2019-10-02 11:24:44,769 [679bf837-d1b7-4317-bb84-639952a13514@group-4F4A3DBC358A-LeaderElection123] INFO  impl.RoleInfo (RoleInfo.java:updateAndGet(143)) - 679bf837-d1b7-4317-bb84-639952a13514: start FollowerState
2019-10-02 11:24:44,774 [42e05091-6c62-4293-994f-dc1e077aa1f2@group-5A0478725195-LeaderElection124] INFO  impl.LeaderElection (LeaderElection.java:askForVotes(178)) - 42e05091-6c62-4293-994f-dc1e077aa1f2@group-5A0478725195-LeaderElection124: begin an election at term 1 for -1: [0c636628-a06b-4155-ba06-d49595c8d0c4:192.168.30.53:33328, 42e05091-6c62-4293-994f-dc1e077aa1f2:192.168.30.53:45956, 3beefbce-df87-4030-b8da-5c6bff08c947:192.168.30.53:43019], old=null
2019-10-02 11:24:44,775 [0c636628-a06b-4155-ba06-d49595c8d0c4@group-5A0478725195-LeaderElection121] INFO  impl.LeaderElection (LeaderElection.java:logAndReturn(56)) - 0c636628-a06b-4155-ba06-d49595c8d0c4@group-5A0478725195-LeaderElection121: Election REJECTED; received 2 response(s) [0c636628-a06b-4155-ba06-d49595c8d0c4<-42e05091-6c62-4293-994f-dc1e077aa1f2#0:FAIL-t1, 0c636628-a06b-4155-ba06-d49595c8d0c4<-3beefbce-df87-4030-b8da-5c6bff08c947#0:FAIL-t1] and 0 exception(s); 0c636628-a06b-4155-ba06-d49595c8d0c4@group-5A0478725195:t1, leader=null, voted=0c636628-a06b-4155-ba06-d49595c8d0c4, raftlog=0c636628-a06b-4155-ba06-d49595c8d0c4@group-5A0478725195-SegmentedRaftLog:OPENED:c-1,f-1,i0, conf=-1: [0c636628-a06b-4155-ba06-d49595c8d0c4:192.168.30.53:33328, 42e05091-6c62-4293-994f-dc1e077aa1f2:192.168.30.53:45956, 3beefbce-df87-4030-b8da-5c6bff08c947:192.168.30.53:43019], old=null
2019-10-02 11:24:44,775 [3beefbce-df87-4030-b8da-5c6bff08c947@group-5A0478725195-LeaderElection120] INFO  impl.LeaderElection (LeaderElection.java:logAndReturn(56)) - 3beefbce-df87-4030-b8da-5c6bff08c947@group-5A0478725195-LeaderElection120: Election REJECTED; received 2 response(s) [3beefbce-df87-4030-b8da-5c6bff08c947<-0c636628-a06b-4155-ba06-d49595c8d0c4#0:FAIL-t1, 3beefbce-df87-4030-b8da-5c6bff08c947<-42e05091-6c62-4293-994f-dc1e077aa1f2#0:FAIL-t1] and 0 exception(s); 3beefbce-df87-4030-b8da-5c6bff08c947@group-5A0478725195:t1, leader=null, voted=3beefbce-df87-4030-b8da-5c6bff08c947, raftlog=3beefbce-df87-4030-b8da-5c6bff08c947@group-5A0478725195-SegmentedRaftLog:OPENED:c-1,f-1,i0, conf=-1: [0c636628-a06b-4155-ba06-d49595c8d0c4:192.168.30.53:33328, 42e05091-6c62-4293-994f-dc1e077aa1f2:192.168.30.53:45956, 3beefbce-df87-4030-b8da-5c6bff08c947:192.168.30.53:43019], old=null
2019-10-02 11:24:44,775 [0c636628-a06b-4155-ba06-d49595c8d0c4@group-5A0478725195-LeaderElection121] INFO  impl.RaftServerImpl (RaftServerImpl.java:setRole(170)) - 0c636628-a06b-4155-ba06-d49595c8d0c4@group-5A0478725195: changes role from CANDIDATE to FOLLOWER at term 1 for DISCOVERED_A_NEW_TERM
2019-10-02 11:24:44,777 [0c636628-a06b-4155-ba06-d49595c8d0c4@group-5A0478725195-LeaderElection121] INFO  impl.RoleInfo (RoleInfo.java:shutdownLeaderElection(134)) - 0c636628-a06b-4155-ba06-d49595c8d0c4: shutdown LeaderElection
2019-10-02 11:24:44,775 [3beefbce-df87-4030-b8da-5c6bff08c947@group-5A0478725195-LeaderElection120] INFO  impl.RaftServerImpl (RaftServerImpl.java:setRole(170)) - 3beefbce-df87-4030-b8da-5c6bff08c947@group-5A0478725195: changes role from CANDIDATE to FOLLOWER at term 1 for DISCOVERED_A_NEW_TERM
2019-10-02 11:24:44,779 [0c636628-a06b-4155-ba06-d49595c8d0c4@group-5A0478725195-LeaderElection121] INFO  impl.RoleInfo (RoleInfo.java:updateAndGet(143)) - 0c636628-a06b-4155-ba06-d49595c8d0c4: start FollowerState
2019-10-02 11:24:44,779 [3beefbce-df87-4030-b8da-5c6bff08c947@group-5A0478725195-LeaderElection120] INFO  impl.RoleInfo (RoleInfo.java:shutdownLeaderElection(134)) - 3beefbce-df87-4030-b8da-5c6bff08c947: shutdown LeaderElection
2019-10-02 11:24:44,779 [3beefbce-df87-4030-b8da-5c6bff08c947@group-5A0478725195-LeaderElection120] INFO  impl.RoleInfo (RoleInfo.java:updateAndGet(143)) - 3beefbce-df87-4030-b8da-5c6bff08c947: start FollowerState
2019-10-02 11:24:44,781 [42e05091-6c62-4293-994f-dc1e077aa1f2@group-5A0478725195-LeaderElection124] INFO  impl.LeaderElection (LeaderElection.java:logAndReturn(56)) - 42e05091-6c62-4293-994f-dc1e077aa1f2@group-5A0478725195-LeaderElection124: Election REJECTED; received 2 response(s) [42e05091-6c62-4293-994f-dc1e077aa1f2<-0c636628-a06b-4155-ba06-d49595c8d0c4#0:FAIL-t1, 42e05091-6c62-4293-994f-dc1e077aa1f2<-3beefbce-df87-4030-b8da-5c6bff08c947#0:FAIL-t1] and 0 exception(s); 42e05091-6c62-4293-994f-dc1e077aa1f2@group-5A0478725195:t1, leader=null, voted=42e05091-6c62-4293-994f-dc1e077aa1f2, raftlog=42e05091-6c62-4293-994f-dc1e077aa1f2@group-5A0478725195-SegmentedRaftLog:OPENED:c-1,f-1,i0, conf=-1: [0c636628-a06b-4155-ba06-d49595c8d0c4:192.168.30.53:33328, 42e05091-6c62-4293-994f-dc1e077aa1f2:192.168.30.53:45956, 3beefbce-df87-4030-b8da-5c6bff08c947:192.168.30.53:43019], old=null
2019-10-02 11:24:44,781 [42e05091-6c62-4293-994f-dc1e077aa1f2@group-5A0478725195-LeaderElection124] INFO  impl.RaftServerImpl (RaftServerImpl.java:setRole(170)) - 42e05091-6c62-4293-994f-dc1e077aa1f2@group-5A0478725195: changes role from CANDIDATE to FOLLOWER at term 1 for DISCOVERED_A_NEW_TERM
2019-10-02 11:24:44,781 [42e05091-6c62-4293-994f-dc1e077aa1f2@group-5A0478725195-LeaderElection124] INFO  impl.RoleInfo (RoleInfo.java:shutdownLeaderElection(134)) - 42e05091-6c62-4293-994f-dc1e077aa1f2: shutdown LeaderElection
2019-10-02 11:24:44,781 [42e05091-6c62-4293-994f-dc1e077aa1f2@group-5A0478725195-LeaderElection124] INFO  impl.RoleInfo (RoleInfo.java:updateAndGet(143)) - 42e05091-6c62-4293-994f-dc1e077aa1f2: start FollowerState
2019-10-02 11:24:49,823 [Thread-3933] INFO  impl.FollowerState (FollowerState.java:run(108)) - 0c636628-a06b-4155-ba06-d49595c8d0c4@group-5A0478725195-FollowerState: change to CANDIDATE, lastRpcTime:5043ms, electionTimeout:5043ms
2019-10-02 11:24:49,827 [Thread-3928] INFO  impl.FollowerState (FollowerState.java:run(108)) - 6b9e8ff8-5b9c-4759-afd3-fc8cfa7baf67@group-4F4A3DBC358A-FollowerState: change to CANDIDATE, lastRpcTime:5058ms, electionTimeout:5058ms
2019-10-02 11:24:49,828 [Thread-3933] INFO  impl.RoleInfo (RoleInfo.java:shutdownFollowerState(121)) - 0c636628-a06b-4155-ba06-d49595c8d0c4: shutdown FollowerState
2019-10-02 11:24:49,828 [Thread-3928] INFO  impl.RoleInfo (RoleInfo.java:shutdownFollowerState(121)) - 6b9e8ff8-5b9c-4759-afd3-fc8cfa7baf67: shutdown FollowerState
2019-10-02 11:24:49,829 [Thread-3933] INFO  impl.RaftServerImpl (RaftServerImpl.java:setRole(170)) - 0c636628-a06b-4155-ba06-d49595c8d0c4@group-5A0478725195: changes role from  FOLLOWER to CANDIDATE at term 1 for changeToCandidate
2019-10-02 11:24:49,829 [Thread-3928] INFO  impl.RaftServerImpl (RaftServerImpl.java:setRole(170)) - 6b9e8ff8-5b9c-4759-afd3-fc8cfa7baf67@group-4F4A3DBC358A: changes role from  FOLLOWER to CANDIDATE at term 1 for changeToCandidate
2019-10-02 11:24:49,829 [Thread-3928] INFO  impl.RoleInfo (RoleInfo.java:updateAndGet(143)) - 6b9e8ff8-5b9c-4759-afd3-fc8cfa7baf67: start LeaderElection
2019-10-02 11:24:49,829 [Thread-3933] INFO  impl.RoleInfo (RoleInfo.java:updateAndGet(143)) - 0c636628-a06b-4155-ba06-d49595c8d0c4: start LeaderElection
2019-10-02 11:24:49,837 [Thread-3935] INFO  impl.FollowerState (FollowerState.java:run(108)) - 42e05091-6c62-4293-994f-dc1e077aa1f2@group-5A0478725195-FollowerState: change to CANDIDATE, lastRpcTime:5055ms, electionTimeout:5055ms
2019-10-02 11:24:49,837 [Thread-3935] INFO  impl.RoleInfo (RoleInfo.java:shutdownFollowerState(121)) - 42e05091-6c62-4293-994f-dc1e077aa1f2: shutdown FollowerState
2019-10-02 11:24:49,837 [Thread-3935] INFO  impl.RaftServerImpl (RaftServerImpl.java:setRole(170)) - 42e05091-6c62-4293-994f-dc1e077aa1f2@group-5A0478725195: changes role from  FOLLOWER to CANDIDATE at term 1 for changeToCandidate
2019-10-02 11:24:49,837 [Thread-3935] INFO  impl.RoleInfo (RoleInfo.java:updateAndGet(143)) - 42e05091-6c62-4293-994f-dc1e077aa1f2: start LeaderElection
2019-10-02 11:24:49,861 [42e05091-6c62-4293-994f-dc1e077aa1f2@group-5A0478725195-LeaderElection127] INFO  impl.LeaderElection (LeaderElection.java:askForVotes(178)) - 42e05091-6c62-4293-994f-dc1e077aa1f2@group-5A0478725195-LeaderElection127: begin an election at term 2 for -1: [0c636628-a06b-4155-ba06-d49595c8d0c4:192.168.30.53:33328, 42e05091-6c62-4293-994f-dc1e077aa1f2:192.168.30.53:45956, 3beefbce-df87-4030-b8da-5c6bff08c947:192.168.30.53:43019], old=null
2019-10-02 11:24:49,861 [0c636628-a06b-4155-ba06-d49595c8d0c4@group-5A0478725195-LeaderElection126] INFO  impl.LeaderElection (LeaderElection.java:askForVotes(178)) - 0c636628-a06b-4155-ba06-d49595c8d0c4@group-5A0478725195-LeaderElection126: begin an election at term 2 for -1: [0c636628-a06b-4155-ba06-d49595c8d0c4:192.168.30.53:33328, 42e05091-6c62-4293-994f-dc1e077aa1f2:192.168.30.53:45956, 3beefbce-df87-4030-b8da-5c6bff08c947:192.168.30.53:43019], old=null
2019-10-02 11:24:49,861 [6b9e8ff8-5b9c-4759-afd3-fc8cfa7baf67@group-4F4A3DBC358A-LeaderElection125] INFO  impl.LeaderElection (LeaderElection.java:askForVotes(178)) - 6b9e8ff8-5b9c-4759-afd3-fc8cfa7baf67@group-4F4A3DBC358A-LeaderElection125: begin an election at term 2 for -1: [679bf837-d1b7-4317-bb84-639952a13514:192.168.30.53:36353, c2228e19-45d4-4b4f-85b0-128726505934:192.168.30.53:33024, 6b9e8ff8-5b9c-4759-afd3-fc8cfa7baf67:192.168.30.53:43513], old=null
2019-10-02 11:24:49,861 [Thread-3934] INFO  impl.FollowerState (FollowerState.java:run(108)) - 3beefbce-df87-4030-b8da-5c6bff08c947@group-5A0478725195-FollowerState: change to CANDIDATE, lastRpcTime:5081ms, electionTimeout:5081ms
2019-10-02 11:24:49,861 [Thread-3934] INFO  impl.RoleInfo (RoleInfo.java:shutdownFollowerState(121)) - 3beefbce-df87-4030-b8da-5c6bff08c947: shutdown FollowerState
2019-10-02 11:24:49,861 [Thread-3934] INFO  impl.RaftServerImpl (RaftServerImpl.java:setRole(170)) - 3beefbce-df87-4030-b8da-5c6bff08c947@group-5A0478725195: changes role from  FOLLOWER to CANDIDATE at term 1 for changeToCandidate
2019-10-02 11:24:49,861 [Thread-3934] INFO  impl.RoleInfo (RoleInfo.java:updateAndGet(143)) - 3beefbce-df87-4030-b8da-5c6bff08c947: start LeaderElection
2019-10-02 11:24:49,868 [Thread-3930] INFO  impl.FollowerState (FollowerState.java:run(108)) - 679bf837-d1b7-4317-bb84-639952a13514@group-4F4A3DBC358A-FollowerState: change to CANDIDATE, lastRpcTime:5099ms, electionTimeout:5098ms
2019-10-02 11:24:49,868 [Thread-3930] INFO  impl.RoleInfo (RoleInfo.java:shutdownFollowerState(121)) - 679bf837-d1b7-4317-bb84-639952a13514: shutdown FollowerState
2019-10-02 11:24:49,868 [Thread-3930] INFO  impl.RaftServerImpl (RaftServerImpl.java:setRole(170)) - 679bf837-d1b7-4317-bb84-639952a13514@group-4F4A3DBC358A: changes role from  FOLLOWER to CANDIDATE at term 1 for changeToCandidate
2019-10-02 11:24:49,868 [Thread-3930] INFO  impl.RoleInfo (RoleInfo.java:updateAndGet(143)) - 679bf837-d1b7-4317-bb84-639952a13514: start LeaderElection
2019-10-02 11:24:49,872 [grpc-default-executor-0] INFO  impl.RaftServerImpl (RaftServerImpl.java:setRole(170)) - c2228e19-45d4-4b4f-85b0-128726505934@group-4F4A3DBC358A: changes role from  FOLLOWER to FOLLOWER at term 2 for recognizeCandidate:6b9e8ff8-5b9c-4759-afd3-fc8cfa7baf67
2019-10-02 11:24:49,872 [grpc-default-executor-0] INFO  impl.RoleInfo (RoleInfo.java:shutdownFollowerState(121)) - c2228e19-45d4-4b4f-85b0-128726505934: shutdown FollowerState
2019-10-02 11:24:49,873 [grpc-default-executor-0] INFO  impl.RoleInfo (RoleInfo.java:updateAndGet(143)) - c2228e19-45d4-4b4f-85b0-128726505934: start FollowerState
2019-10-02 11:24:49,873 [Thread-3929] INFO  impl.FollowerState (FollowerState.java:run(117)) - c2228e19-45d4-4b4f-85b0-128726505934@group-4F4A3DBC358A-FollowerState was interrupted: java.lang.InterruptedException: sleep interrupted
2019-10-02 11:24:49,887 [3beefbce-df87-4030-b8da-5c6bff08c947@group-5A0478725195-LeaderElection128] INFO  impl.LeaderElection (LeaderElection.java:askForVotes(178)) - 3beefbce-df87-4030-b8da-5c6bff08c947@group-5A0478725195-LeaderElection128: begin an election at term 2 for -1: [0c636628-a06b-4155-ba06-d49595c8d0c4:192.168.30.53:33328, 42e05091-6c62-4293-994f-dc1e077aa1f2:192.168.30.53:45956, 3beefbce-df87-4030-b8da-5c6bff08c947:192.168.30.53:43019], old=null
2019-10-02 11:24:49,887 [679bf837-d1b7-4317-bb84-639952a13514@group-4F4A3DBC358A-LeaderElection129] INFO  impl.LeaderElection (LeaderElection.java:askForVotes(178)) - 679bf837-d1b7-4317-bb84-639952a13514@group-4F4A3DBC358A-LeaderElection129: begin an election at term 2 for -1: [679bf837-d1b7-4317-bb84-639952a13514:192.168.30.53:36353, c2228e19-45d4-4b4f-85b0-128726505934:192.168.30.53:33024, 6b9e8ff8-5b9c-4759-afd3-fc8cfa7baf67:192.168.30.53:43513], old=null
2019-10-02 11:24:49,888 [0c636628-a06b-4155-ba06-d49595c8d0c4@group-5A0478725195-LeaderElection126] INFO  impl.LeaderElection (LeaderElection.java:logAndReturn(56)) - 0c636628-a06b-4155-ba06-d49595c8d0c4@group-5A0478725195-LeaderElection126: Election REJECTED; received 2 response(s) [0c636628-a06b-4155-ba06-d49595c8d0c4<-42e05091-6c62-4293-994f-dc1e077aa1f2#0:FAIL-t2, 0c636628-a06b-4155-ba06-d49595c8d0c4<-3beefbce-df87-4030-b8da-5c6bff08c947#0:FAIL-t2] and 0 exception(s); 0c636628-a06b-4155-ba06-d49595c8d0c4@group-5A0478725195:t2, leader=null, voted=0c636628-a06b-4155-ba06-d49595c8d0c4, raftlog=0c636628-a06b-4155-ba06-d49595c8d0c4@group-5A0478725195-SegmentedRaftLog:OPENED:c-1,f-1,i0, conf=-1: [0c636628-a06b-4155-ba06-d49595c8d0c4:192.168.30.53:33328, 42e05091-6c62-4293-994f-dc1e077aa1f2:192.168.30.53:45956, 3beefbce-df87-4030-b8da-5c6bff08c947:192.168.30.53:43019], old=null
2019-10-02 11:24:49,888 [42e05091-6c62-4293-994f-dc1e077aa1f2@group-5A0478725195-LeaderElection127] INFO  impl.LeaderElection (LeaderElection.java:logAndReturn(56)) - 42e05091-6c62-4293-994f-dc1e077aa1f2@group-5A0478725195-LeaderElection127: Election REJECTED; received 2 response(s) [42e05091-6c62-4293-994f-dc1e077aa1f2<-0c636628-a06b-4155-ba06-d49595c8d0c4#0:FAIL-t2, 42e05091-6c62-4293-994f-dc1e077aa1f2<-3beefbce-df87-4030-b8da-5c6bff08c947#0:FAIL-t2] and 0 exception(s); 42e05091-6c62-4293-994f-dc1e077aa1f2@group-5A0478725195:t2, leader=null, voted=42e05091-6c62-4293-994f-dc1e077aa1f2, raftlog=42e05091-6c62-4293-994f-dc1e077aa1f2@group-5A0478725195-SegmentedRaftLog:OPENED:c-1,f-1,i0, conf=-1: [0c636628-a06b-4155-ba06-d49595c8d0c4:192.168.30.53:33328, 42e05091-6c62-4293-994f-dc1e077aa1f2:192.168.30.53:45956, 3beefbce-df87-4030-b8da-5c6bff08c947:192.168.30.53:43019], old=null
2019-10-02 11:24:49,889 [0c636628-a06b-4155-ba06-d49595c8d0c4@group-5A0478725195-LeaderElection126] INFO  impl.RaftServerImpl (RaftServerImpl.java:setRole(170)) - 0c636628-a06b-4155-ba06-d49595c8d0c4@group-5A0478725195: changes role from CANDIDATE to FOLLOWER at term 2 for DISCOVERED_A_NEW_TERM
2019-10-02 11:24:49,893 [0c636628-a06b-4155-ba06-d49595c8d0c4@group-5A0478725195-LeaderElection126] INFO  impl.RoleInfo (RoleInfo.java:shutdownLeaderElection(134)) - 0c636628-a06b-4155-ba06-d49595c8d0c4: shutdown LeaderElection
2019-10-02 11:24:49,889 [42e05091-6c62-4293-994f-dc1e077aa1f2@group-5A0478725195-LeaderElection127] INFO  impl.RaftServerImpl (RaftServerImpl.java:setRole(170)) - 42e05091-6c62-4293-994f-dc1e077aa1f2@group-5A0478725195: changes role from CANDIDATE to FOLLOWER at term 2 for DISCOVERED_A_NEW_TERM
2019-10-02 11:24:49,896 [42e05091-6c62-4293-994f-dc1e077aa1f2@group-5A0478725195-LeaderElection127] INFO  impl.RoleInfo (RoleInfo.java:shutdownLeaderElection(134)) - 42e05091-6c62-4293-994f-dc1e077aa1f2: shutdown LeaderElection
2019-10-02 11:24:49,896 [42e05091-6c62-4293-994f-dc1e077aa1f2@group-5A0478725195-LeaderElection127] INFO  impl.RoleInfo (RoleInfo.java:updateAndGet(143)) - 42e05091-6c62-4293-994f-dc1e077aa1f2: start FollowerState
2019-10-02 11:24:49,896 [0c636628-a06b-4155-ba06-d49595c8d0c4@group-5A0478725195-LeaderElection126] INFO  impl.RoleInfo (RoleInfo.java:updateAndGet(143)) - 0c636628-a06b-4155-ba06-d49595c8d0c4: start FollowerState
2019-10-02 11:24:49,898 [3beefbce-df87-4030-b8da-5c6bff08c947@group-5A0478725195-LeaderElection128] INFO  impl.LeaderElection (LeaderElection.java:logAndReturn(56)) - 3beefbce-df87-4030-b8da-5c6bff08c947@group-5A0478725195-LeaderElection128: Election REJECTED; received 2 response(s) [3beefbce-df87-4030-b8da-5c6bff08c947<-0c636628-a06b-4155-ba06-d49595c8d0c4#0:FAIL-t2, 3beefbce-df87-4030-b8da-5c6bff08c947<-42e05091-6c62-4293-994f-dc1e077aa1f2#0:FAIL-t2] and 0 exception(s); 3beefbce-df87-4030-b8da-5c6bff08c947@group-5A0478725195:t2, leader=null, voted=3beefbce-df87-4030-b8da-5c6bff08c947, raftlog=3beefbce-df87-4030-b8da-5c6bff08c947@group-5A0478725195-SegmentedRaftLog:OPENED:c-1,f-1,i0, conf=-1: [0c636628-a06b-4155-ba06-d49595c8d0c4:192.168.30.53:33328, 42e05091-6c62-4293-994f-dc1e077aa1f2:192.168.30.53:45956, 3beefbce-df87-4030-b8da-5c6bff08c947:192.168.30.53:43019], old=null
2019-10-02 11:24:49,898 [3beefbce-df87-4030-b8da-5c6bff08c947@group-5A0478725195-LeaderElection128] INFO  impl.RaftServerImpl (RaftServerImpl.java:setRole(170)) - 3beefbce-df87-4030-b8da-5c6bff08c947@group-5A0478725195: changes role from CANDIDATE to FOLLOWER at term 2 for DISCOVERED_A_NEW_TERM
2019-10-02 11:24:49,898 [3beefbce-df87-4030-b8da-5c6bff08c947@group-5A0478725195-LeaderElection128] INFO  impl.RoleInfo (RoleInfo.java:shutdownLeaderElection(134)) - 3beefbce-df87-4030-b8da-5c6bff08c947: shutdown LeaderElection
2019-10-02 11:24:49,898 [3beefbce-df87-4030-b8da-5c6bff08c947@group-5A0478725195-LeaderElection128] INFO  impl.RoleInfo (RoleInfo.java:updateAndGet(143)) - 3beefbce-df87-4030-b8da-5c6bff08c947: start FollowerState
2019-10-02 11:24:49,910 [6b9e8ff8-5b9c-4759-afd3-fc8cfa7baf67@group-4F4A3DBC358A-LeaderElection125] INFO  impl.LeaderElection (LeaderElection.java:logAndReturn(56)) - 6b9e8ff8-5b9c-4759-afd3-fc8cfa7baf67@group-4F4A3DBC358A-LeaderElection125: Election PASSED; received 2 response(s) [6b9e8ff8-5b9c-4759-afd3-fc8cfa7baf67<-679bf837-d1b7-4317-bb84-639952a13514#0:FAIL-t2, 6b9e8ff8-5b9c-4759-afd3-fc8cfa7baf67<-c2228e19-45d4-4b4f-85b0-128726505934#0:OK-t2] and 0 exception(s); 6b9e8ff8-5b9c-4759-afd3-fc8cfa7baf67@group-4F4A3DBC358A:t2, leader=null, voted=6b9e8ff8-5b9c-4759-afd3-fc8cfa7baf67, raftlog=6b9e8ff8-5b9c-4759-afd3-fc8cfa7baf67@group-4F4A3DBC358A-SegmentedRaftLog:OPENED:c-1,f-1,i0, conf=-1: [679bf837-d1b7-4317-bb84-639952a13514:192.168.30.53:36353, c2228e19-45d4-4b4f-85b0-128726505934:192.168.30.53:33024, 6b9e8ff8-5b9c-4759-afd3-fc8cfa7baf67:192.168.30.53:43513], old=null
2019-10-02 11:24:49,925 [6b9e8ff8-5b9c-4759-afd3-fc8cfa7baf67@group-4F4A3DBC358A-LeaderElection125] INFO  impl.RoleInfo (RoleInfo.java:shutdownLeaderElection(134)) - 6b9e8ff8-5b9c-4759-afd3-fc8cfa7baf67: shutdown LeaderElection
2019-10-02 11:24:49,925 [6b9e8ff8-5b9c-4759-afd3-fc8cfa7baf67@group-4F4A3DBC358A-LeaderElection125] INFO  impl.RaftServerImpl (RaftServerImpl.java:setRole(170)) - 6b9e8ff8-5b9c-4759-afd3-fc8cfa7baf67@group-4F4A3DBC358A: changes role from CANDIDATE to LEADER at term 2 for changeToLeader
2019-10-02 11:24:49,925 [679bf837-d1b7-4317-bb84-639952a13514@group-4F4A3DBC358A-LeaderElection129] INFO  impl.LeaderElection (LeaderElection.java:logAndReturn(56)) - 679bf837-d1b7-4317-bb84-639952a13514@group-4F4A3DBC358A-LeaderElection129: Election REJECTED; received 2 response(s) [679bf837-d1b7-4317-bb84-639952a13514<-c2228e19-45d4-4b4f-85b0-128726505934#0:FAIL-t2, 679bf837-d1b7-4317-bb84-639952a13514<-6b9e8ff8-5b9c-4759-afd3-fc8cfa7baf67#0:FAIL-t2] and 0 exception(s); 679bf837-d1b7-4317-bb84-639952a13514@group-4F4A3DBC358A:t2, leader=null, voted=679bf837-d1b7-4317-bb84-639952a13514, raftlog=679bf837-d1b7-4317-bb84-639952a13514@group-4F4A3DBC358A-SegmentedRaftLog:OPENED:c-1,f-1,i0, conf=-1: [679bf837-d1b7-4317-bb84-639952a13514:192.168.30.53:36353, c2228e19-45d4-4b4f-85b0-128726505934:192.168.30.53:33024, 6b9e8ff8-5b9c-4759-afd3-fc8cfa7baf67:192.168.30.53:43513], old=null
2019-10-02 11:24:49,929 [6b9e8ff8-5b9c-4759-afd3-fc8cfa7baf67@group-4F4A3DBC358A-LeaderElection125] INFO  impl.RaftServerImpl (ServerState.java:setLeader(255)) - 6b9e8ff8-5b9c-4759-afd3-fc8cfa7baf67@group-4F4A3DBC358A: change Leader from null to 6b9e8ff8-5b9c-4759-afd3-fc8cfa7baf67 at term 2 for becomeLeader, leader elected after 10462ms
2019-10-02 11:24:49,929 [679bf837-d1b7-4317-bb84-639952a13514@group-4F4A3DBC358A-LeaderElection129] INFO  impl.RaftServerImpl (RaftServerImpl.java:setRole(170)) - 679bf837-d1b7-4317-bb84-639952a13514@group-4F4A3DBC358A: changes role from CANDIDATE to FOLLOWER at term 2 for DISCOVERED_A_NEW_TERM
2019-10-02 11:24:49,931 [679bf837-d1b7-4317-bb84-639952a13514@group-4F4A3DBC358A-LeaderElection129] INFO  impl.RoleInfo (RoleInfo.java:shutdownLeaderElection(134)) - 679bf837-d1b7-4317-bb84-639952a13514: shutdown LeaderElection
2019-10-02 11:24:49,931 [6b9e8ff8-5b9c-4759-afd3-fc8cfa7baf67@group-4F4A3DBC358A-LeaderElection125] INFO  server.RaftServerConfigKeys (ConfUtils.java:logGet(43)) - raft.server.staging.catchup.gap = 1000 (default)
2019-10-02 11:24:49,931 [679bf837-d1b7-4317-bb84-639952a13514@group-4F4A3DBC358A-LeaderElection129] INFO  impl.RoleInfo (RoleInfo.java:updateAndGet(143)) - 679bf837-d1b7-4317-bb84-639952a13514: start FollowerState
2019-10-02 11:24:49,932 [6b9e8ff8-5b9c-4759-afd3-fc8cfa7baf67@group-4F4A3DBC358A-LeaderElection125] INFO  server.RaftServerConfigKeys (ConfUtils.java:logGet(43)) - raft.server.rpc.sleep.time = 25ms (default)
2019-10-02 11:24:49,932 [6b9e8ff8-5b9c-4759-afd3-fc8cfa7baf67@group-4F4A3DBC358A-LeaderElection125] INFO  server.RaftServerConfigKeys (ConfUtils.java:logGet(43)) - raft.server.write.element-limit = 4096 (default)
2019-10-02 11:24:49,932 [6b9e8ff8-5b9c-4759-afd3-fc8cfa7baf67@group-4F4A3DBC358A-LeaderElection125] INFO  server.RaftServerConfigKeys (ConfUtils.java:logGet(43)) - raft.server.watch.timeout = 10s (default)
2019-10-02 11:24:49,932 [6b9e8ff8-5b9c-4759-afd3-fc8cfa7baf67@group-4F4A3DBC358A-LeaderElection125] INFO  server.RaftServerConfigKeys (ConfUtils.java:logGet(43)) - raft.server.watch.timeout.denomination = 1s (default)
2019-10-02 11:24:49,932 [6b9e8ff8-5b9c-4759-afd3-fc8cfa7baf67@group-4F4A3DBC358A-LeaderElection125] INFO  server.RaftServerConfigKeys (ConfUtils.java:logGet(43)) - raft.server.watch.element-limit = 65536 (default)
2019-10-02 11:24:49,935 [6b9e8ff8-5b9c-4759-afd3-fc8cfa7baf67@group-4F4A3DBC358A-LeaderElection125] INFO  server.RaftServerConfigKeys (ConfUtils.java:logGet(43)) - raft.server.log.appender.snapshot.chunk.size.max = 16MB (=16777216) (default)
2019-10-02 11:24:49,935 [6b9e8ff8-5b9c-4759-afd3-fc8cfa7baf67@group-4F4A3DBC358A-LeaderElection125] INFO  server.RaftServerConfigKeys (ConfUtils.java:logGet(43)) - raft.server.log.appender.buffer.byte-limit = 33554432 (custom)
2019-10-02 11:24:49,935 [6b9e8ff8-5b9c-4759-afd3-fc8cfa7baf67@group-4F4A3DBC358A-LeaderElection125] INFO  server.RaftServerConfigKeys (ConfUtils.java:logGet(43)) - raft.server.log.appender.buffer.element-limit = 1 (custom)
2019-10-02 11:24:49,936 [6b9e8ff8-5b9c-4759-afd3-fc8cfa7baf67@group-4F4A3DBC358A-LeaderElection125] INFO  grpc.GrpcConfigKeys$Server (ConfUtils.java:logGet(43)) - raft.grpc.server.leader.outstanding.appends.max = 128 (default)
2019-10-02 11:24:49,936 [6b9e8ff8-5b9c-4759-afd3-fc8cfa7baf67@group-4F4A3DBC358A-LeaderElection125] INFO  server.RaftServerConfigKeys (ConfUtils.java:logGet(43)) - raft.server.rpc.request.timeout = 3000ms (default)
2019-10-02 11:24:49,936 [6b9e8ff8-5b9c-4759-afd3-fc8cfa7baf67@group-4F4A3DBC358A-LeaderElection125] INFO  server.RaftServerConfigKeys (ConfUtils.java:logGet(43)) - raft.server.log.appender.install.snapshot.enabled = false (custom)
2019-10-02 11:24:49,936 [6b9e8ff8-5b9c-4759-afd3-fc8cfa7baf67@group-4F4A3DBC358A-LeaderElection125] INFO  server.RaftServerConfigKeys (ConfUtils.java:logGet(43)) - raft.server.log.appender.snapshot.chunk.size.max = 16MB (=16777216) (default)
2019-10-02 11:24:49,936 [6b9e8ff8-5b9c-4759-afd3-fc8cfa7baf67@group-4F4A3DBC358A-LeaderElection125] INFO  server.RaftServerConfigKeys (ConfUtils.java:logGet(43)) - raft.server.log.appender.buffer.byte-limit = 33554432 (custom)
2019-10-02 11:24:49,937 [6b9e8ff8-5b9c-4759-afd3-fc8cfa7baf67@group-4F4A3DBC358A-LeaderElection125] INFO  server.RaftServerConfigKeys (ConfUtils.java:logGet(43)) - raft.server.log.appender.buffer.element-limit = 1 (custom)
2019-10-02 11:24:49,937 [6b9e8ff8-5b9c-4759-afd3-fc8cfa7baf67@group-4F4A3DBC358A-LeaderElection125] INFO  grpc.GrpcConfigKeys$Server (ConfUtils.java:logGet(43)) - raft.grpc.server.leader.outstanding.appends.max = 128 (default)
2019-10-02 11:24:49,937 [6b9e8ff8-5b9c-4759-afd3-fc8cfa7baf67@group-4F4A3DBC358A-LeaderElection125] INFO  server.RaftServerConfigKeys (ConfUtils.java:logGet(43)) - raft.server.rpc.request.timeout = 3000ms (default)
2019-10-02 11:24:49,937 [6b9e8ff8-5b9c-4759-afd3-fc8cfa7baf67@group-4F4A3DBC358A-LeaderElection125] INFO  server.RaftServerConfigKeys (ConfUtils.java:logGet(43)) - raft.server.log.appender.install.snapshot.enabled = false (custom)
2019-10-02 11:24:49,937 [6b9e8ff8-5b9c-4759-afd3-fc8cfa7baf67@group-4F4A3DBC358A-LeaderElection125] INFO  impl.RoleInfo (RoleInfo.java:updateAndGet(143)) - 6b9e8ff8-5b9c-4759-afd3-fc8cfa7baf67: start LeaderState
2019-10-02 11:24:49,937 [6b9e8ff8-5b9c-4759-afd3-fc8cfa7baf67@group-4F4A3DBC358A-LeaderElection125] INFO  segmented.SegmentedRaftLogWorker (SegmentedRaftLogWorker.java:startLogSegment(385)) - 6b9e8ff8-5b9c-4759-afd3-fc8cfa7baf67@group-4F4A3DBC358A-SegmentedRaftLogWorker: Starting segment from index:0
2019-10-02 11:24:49,938 [6b9e8ff8-5b9c-4759-afd3-fc8cfa7baf67@group-4F4A3DBC358A-LeaderElection125] INFO  impl.RaftServerImpl (ServerState.java:setRaftConf(356)) - 6b9e8ff8-5b9c-4759-afd3-fc8cfa7baf67@group-4F4A3DBC358A: set configuration 0: [679bf837-d1b7-4317-bb84-639952a13514:192.168.30.53:36353, c2228e19-45d4-4b4f-85b0-128726505934:192.168.30.53:33024, 6b9e8ff8-5b9c-4759-afd3-fc8cfa7baf67:192.168.30.53:43513], old=null at 0
2019-10-02 11:24:49,970 [grpc-default-executor-0] INFO  impl.RaftServerImpl (ServerState.java:setLeader(255)) - 679bf837-d1b7-4317-bb84-639952a13514@group-4F4A3DBC358A: change Leader from null to 6b9e8ff8-5b9c-4759-afd3-fc8cfa7baf67 at term 2 for appendEntries, leader elected after 10507ms
2019-10-02 11:24:49,970 [grpc-default-executor-13] INFO  impl.RaftServerImpl (ServerState.java:setLeader(255)) - c2228e19-45d4-4b4f-85b0-128726505934@group-4F4A3DBC358A: change Leader from null to 6b9e8ff8-5b9c-4759-afd3-fc8cfa7baf67 at term 2 for appendEntries, leader elected after 10507ms
2019-10-02 11:24:49,972 [grpc-default-executor-13] INFO  impl.RaftServerImpl (ServerState.java:setRaftConf(356)) - c2228e19-45d4-4b4f-85b0-128726505934@group-4F4A3DBC358A: set configuration 0: [679bf837-d1b7-4317-bb84-639952a13514:192.168.30.53:36353, c2228e19-45d4-4b4f-85b0-128726505934:192.168.30.53:33024, 6b9e8ff8-5b9c-4759-afd3-fc8cfa7baf67:192.168.30.53:43513], old=null at 0
2019-10-02 11:24:49,972 [grpc-default-executor-0] INFO  impl.RaftServerImpl (ServerState.java:setRaftConf(356)) - 679bf837-d1b7-4317-bb84-639952a13514@group-4F4A3DBC358A: set configuration 0: [679bf837-d1b7-4317-bb84-639952a13514:192.168.30.53:36353, c2228e19-45d4-4b4f-85b0-128726505934:192.168.30.53:33024, 6b9e8ff8-5b9c-4759-afd3-fc8cfa7baf67:192.168.30.53:43513], old=null at 0
2019-10-02 11:24:49,972 [grpc-default-executor-13] INFO  segmented.SegmentedRaftLogWorker (SegmentedRaftLogWorker.java:startLogSegment(385)) - c2228e19-45d4-4b4f-85b0-128726505934@group-4F4A3DBC358A-SegmentedRaftLogWorker: Starting segment from index:0
2019-10-02 11:24:49,973 [grpc-default-executor-0] INFO  segmented.SegmentedRaftLogWorker (SegmentedRaftLogWorker.java:startLogSegment(385)) - 679bf837-d1b7-4317-bb84-639952a13514@group-4F4A3DBC358A-SegmentedRaftLogWorker: Starting segment from index:0
2019-10-02 11:24:50,001 [6b9e8ff8-5b9c-4759-afd3-fc8cfa7baf67@group-4F4A3DBC358A-SegmentedRaftLogWorker] INFO  segmented.SegmentedRaftLogWorker (SegmentedRaftLogWorker.java:execute(574)) - 6b9e8ff8-5b9c-4759-afd3-fc8cfa7baf67@group-4F4A3DBC358A-SegmentedRaftLogWorker: created new log segment /workdir/hadoop-ozone/integration-test/target/test-dir/MiniOzoneClusterImpl-8ab3ee48-93a3-44e4-8138-6c86b881afd1/datanode-3/data/ratis/ef85c558-9c38-47d3-aca9-4f4a3dbc358a/current/log_inprogress_0
2019-10-02 11:24:50,018 [c2228e19-45d4-4b4f-85b0-128726505934@group-4F4A3DBC358A-SegmentedRaftLogWorker] INFO  segmented.SegmentedRaftLogWorker (SegmentedRaftLogWorker.java:execute(574)) - c2228e19-45d4-4b4f-85b0-128726505934@group-4F4A3DBC358A-SegmentedRaftLogWorker: created new log segment /workdir/hadoop-ozone/integration-test/target/test-dir/MiniOzoneClusterImpl-8ab3ee48-93a3-44e4-8138-6c86b881afd1/datanode-4/data/ratis/ef85c558-9c38-47d3-aca9-4f4a3dbc358a/current/log_inprogress_0
2019-10-02 11:24:50,018 [679bf837-d1b7-4317-bb84-639952a13514@group-4F4A3DBC358A-SegmentedRaftLogWorker] INFO  segmented.SegmentedRaftLogWorker (SegmentedRaftLogWorker.java:execute(574)) - 679bf837-d1b7-4317-bb84-639952a13514@group-4F4A3DBC358A-SegmentedRaftLogWorker: created new log segment /workdir/hadoop-ozone/integration-test/target/test-dir/MiniOzoneClusterImpl-8ab3ee48-93a3-44e4-8138-6c86b881afd1/datanode-2/data/ratis/ef85c558-9c38-47d3-aca9-4f4a3dbc358a/current/log_inprogress_0
2019-10-02 11:24:54,928 [Thread-3964] INFO  impl.FollowerState (FollowerState.java:run(108)) - 3beefbce-df87-4030-b8da-5c6bff08c947@group-5A0478725195-FollowerState: change to CANDIDATE, lastRpcTime:5029ms, electionTimeout:5029ms
2019-10-02 11:24:54,928 [Thread-3964] INFO  impl.RoleInfo (RoleInfo.java:shutdownFollowerState(121)) - 3beefbce-df87-4030-b8da-5c6bff08c947: shutdown FollowerState
2019-10-02 11:24:54,928 [Thread-3964] INFO  impl.RaftServerImpl (RaftServerImpl.java:setRole(170)) - 3beefbce-df87-4030-b8da-5c6bff08c947@group-5A0478725195: changes role from  FOLLOWER to CANDIDATE at term 2 for changeToCandidate
2019-10-02 11:24:54,928 [Thread-3964] INFO  impl.RoleInfo (RoleInfo.java:updateAndGet(143)) - 3beefbce-df87-4030-b8da-5c6bff08c947: start LeaderElection
2019-10-02 11:24:54,949 [3beefbce-df87-4030-b8da-5c6bff08c947@group-5A0478725195-LeaderElection130] INFO  impl.LeaderElection (LeaderElection.java:askForVotes(178)) - 3beefbce-df87-4030-b8da-5c6bff08c947@group-5A0478725195-LeaderElection130: begin an election at term 3 for -1: [0c636628-a06b-4155-ba06-d49595c8d0c4:192.168.30.53:33328, 42e05091-6c62-4293-994f-dc1e077aa1f2:192.168.30.53:45956, 3beefbce-df87-4030-b8da-5c6bff08c947:192.168.30.53:43019], old=null
2019-10-02 11:24:54,951 [grpc-default-executor-13] INFO  impl.RaftServerImpl (RaftServerImpl.java:setRole(170)) - 42e05091-6c62-4293-994f-dc1e077aa1f2@group-5A0478725195: changes role from  FOLLOWER to FOLLOWER at term 3 for recognizeCandidate:3beefbce-df87-4030-b8da-5c6bff08c947
2019-10-02 11:24:54,951 [grpc-default-executor-0] INFO  impl.RaftServerImpl (RaftServerImpl.java:setRole(170)) - 0c636628-a06b-4155-ba06-d49595c8d0c4@group-5A0478725195: changes role from  FOLLOWER to FOLLOWER at term 3 for recognizeCandidate:3beefbce-df87-4030-b8da-5c6bff08c947
2019-10-02 11:24:54,951 [grpc-default-executor-13] INFO  impl.RoleInfo (RoleInfo.java:shutdownFollowerState(121)) - 42e05091-6c62-4293-994f-dc1e077aa1f2: shutdown FollowerState
2019-10-02 11:24:54,951 [grpc-default-executor-0] INFO  impl.RoleInfo (RoleInfo.java:shutdownFollowerState(121)) - 0c636628-a06b-4155-ba06-d49595c8d0c4: shutdown FollowerState
2019-10-02 11:24:54,952 [Thread-3963] INFO  impl.FollowerState (FollowerState.java:run(117)) - 42e05091-6c62-4293-994f-dc1e077aa1f2@group-5A0478725195-FollowerState was interrupted: java.lang.InterruptedException: sleep interrupted
2019-10-02 11:24:54,952 [grpc-default-executor-13] INFO  impl.RoleInfo (RoleInfo.java:updateAndGet(143)) - 42e05091-6c62-4293-994f-dc1e077aa1f2: start FollowerState
2019-10-02 11:24:54,952 [Thread-3962] INFO  impl.FollowerState (FollowerState.java:run(117)) - 0c636628-a06b-4155-ba06-d49595c8d0c4@group-5A0478725195-FollowerState was interrupted: java.lang.InterruptedException: sleep interrupted
2019-10-02 11:24:54,952 [grpc-default-executor-0] INFO  impl.RoleInfo (RoleInfo.java:updateAndGet(143)) - 0c636628-a06b-4155-ba06-d49595c8d0c4: start FollowerState
2019-10-02 11:24:54,980 [3beefbce-df87-4030-b8da-5c6bff08c947@group-5A0478725195-LeaderElection130] INFO  impl.LeaderElection (LeaderElection.java:logAndReturn(56)) - 3beefbce-df87-4030-b8da-5c6bff08c947@group-5A0478725195-LeaderElection130: Election PASSED; received 1 response(s) [3beefbce-df87-4030-b8da-5c6bff08c947<-42e05091-6c62-4293-994f-dc1e077aa1f2#0:OK-t3] and 0 exception(s); 3beefbce-df87-4030-b8da-5c6bff08c947@group-5A0478725195:t3, leader=null, voted=3beefbce-df87-4030-b8da-5c6bff08c947, raftlog=3beefbce-df87-4030-b8da-5c6bff08c947@group-5A0478725195-SegmentedRaftLog:OPENED:c-1,f-1,i0, conf=-1: [0c636628-a06b-4155-ba06-d49595c8d0c4:192.168.30.53:33328, 42e05091-6c62-4293-994f-dc1e077aa1f2:192.168.30.53:45956, 3beefbce-df87-4030-b8da-5c6bff08c947:192.168.30.53:43019], old=null
2019-10-02 11:24:54,980 [3beefbce-df87-4030-b8da-5c6bff08c947@group-5A0478725195-LeaderElection130] INFO  impl.RoleInfo (RoleInfo.java:shutdownLeaderElection(134)) - 3beefbce-df87-4030-b8da-5c6bff08c947: shutdown LeaderElection
2019-10-02 11:24:54,980 [3beefbce-df87-4030-b8da-5c6bff08c947@group-5A0478725195-LeaderElection130] INFO  impl.RaftServerImpl (RaftServerImpl.java:setRole(170)) - 3beefbce-df87-4030-b8da-5c6bff08c947@group-5A0478725195: changes role from CANDIDATE to LEADER at term 3 for changeToLeader
2019-10-02 11:24:54,980 [3beefbce-df87-4030-b8da-5c6bff08c947@group-5A0478725195-LeaderElection130] INFO  impl.RaftServerImpl (ServerState.java:setLeader(255)) - 3beefbce-df87-4030-b8da-5c6bff08c947@group-5A0478725195: change Leader from null to 3beefbce-df87-4030-b8da-5c6bff08c947 at term 3 for becomeLeader, leader elected after 15420ms
2019-10-02 11:24:54,981 [3beefbce-df87-4030-b8da-5c6bff08c947@group-5A0478725195-LeaderElection130] INFO  server.RaftServerConfigKeys (ConfUtils.java:logGet(43)) - raft.server.staging.catchup.gap = 1000 (default)
2019-10-02 11:24:54,981 [3beefbce-df87-4030-b8da-5c6bff08c947@group-5A0478725195-LeaderElection130] INFO  server.RaftServerConfigKeys (ConfUtils.java:logGet(43)) - raft.server.rpc.sleep.time = 25ms (default)
2019-10-02 11:24:54,981 [3beefbce-df87-4030-b8da-5c6bff08c947@group-5A0478725195-LeaderElection130] INFO  server.RaftServerConfigKeys (ConfUtils.java:logGet(43)) - raft.server.write.element-limit = 4096 (default)
2019-10-02 11:24:54,981 [3beefbce-df87-4030-b8da-5c6bff08c947@group-5A0478725195-LeaderElection130] INFO  server.RaftServerConfigKeys (ConfUtils.java:logGet(43)) - raft.server.watch.timeout = 10s (default)
2019-10-02 11:24:54,981 [3beefbce-df87-4030-b8da-5c6bff08c947@group-5A0478725195-LeaderElection130] INFO  server.RaftServerConfigKeys (ConfUtils.java:logGet(43)) - raft.server.watch.timeout.denomination = 1s (default)
2019-10-02 11:24:54,981 [3beefbce-df87-4030-b8da-5c6bff08c947@group-5A0478725195-LeaderElection130] INFO  server.RaftServerConfigKeys (ConfUtils.java:logGet(43)) - raft.server.watch.element-limit = 65536 (default)
2019-10-02 11:24:54,983 [3beefbce-df87-4030-b8da-5c6bff08c947@group-5A0478725195-LeaderElection130] INFO  server.RaftServerConfigKeys (ConfUtils.java:logGet(43)) - raft.server.log.appender.snapshot.chunk.size.max = 16MB (=16777216) (default)
2019-10-02 11:24:54,984 [3beefbce-df87-4030-b8da-5c6bff08c947@group-5A0478725195-LeaderElection130] INFO  server.RaftServerConfigKeys (ConfUtils.java:logGet(43)) - raft.server.log.appender.buffer.byte-limit = 33554432 (custom)
2019-10-02 11:24:54,984 [3beefbce-df87-4030-b8da-5c6bff08c947@group-5A0478725195-LeaderElection130] INFO  server.RaftServerConfigKeys (ConfUtils.java:logGet(43)) - raft.server.log.appender.buffer.element-limit = 1 (custom)
2019-10-02 11:24:54,984 [3beefbce-df87-4030-b8da-5c6bff08c947@group-5A0478725195-LeaderElection130] INFO  grpc.GrpcConfigKeys$Server (ConfUtils.java:logGet(43)) - raft.grpc.server.leader.outstanding.appends.max = 128 (default)
2019-10-02 11:24:54,984 [3beefbce-df87-4030-b8da-5c6bff08c947@group-5A0478725195-LeaderElection130] INFO  server.RaftServerConfigKeys (ConfUtils.java:logGet(43)) - raft.server.rpc.request.timeout = 3000ms (default)
2019-10-02 11:24:54,984 [3beefbce-df87-4030-b8da-5c6bff08c947@group-5A0478725195-LeaderElection130] INFO  server.RaftServerConfigKeys (ConfUtils.java:logGet(43)) - raft.server.log.appender.install.snapshot.enabled = false (custom)
2019-10-02 11:24:54,984 [3beefbce-df87-4030-b8da-5c6bff08c947@group-5A0478725195-LeaderElection130] INFO  server.RaftServerConfigKeys (ConfUtils.java:logGet(43)) - raft.server.log.appender.snapshot.chunk.size.max = 16MB (=16777216) (default)
2019-10-02 11:24:54,985 [3beefbce-df87-4030-b8da-5c6bff08c947@group-5A0478725195-LeaderElection130] INFO  server.RaftServerConfigKeys (ConfUtils.java:logGet(43)) - raft.server.log.appender.buffer.byte-limit = 33554432 (custom)
2019-10-02 11:24:54,985 [3beefbce-df87-4030-b8da-5c6bff08c947@group-5A0478725195-LeaderElection130] INFO  server.RaftServerConfigKeys (ConfUtils.java:logGet(43)) - raft.server.log.appender.buffer.element-limit = 1 (custom)
2019-10-02 11:24:54,985 [3beefbce-df87-4030-b8da-5c6bff08c947@group-5A0478725195-LeaderElection130] INFO  grpc.GrpcConfigKeys$Server (ConfUtils.java:logGet(43)) - raft.grpc.server.leader.outstanding.appends.max = 128 (default)
2019-10-02 11:24:54,985 [3beefbce-df87-4030-b8da-5c6bff08c947@group-5A0478725195-LeaderElection130] INFO  server.RaftServerConfigKeys (ConfUtils.java:logGet(43)) - raft.server.rpc.request.timeout = 3000ms (default)
2019-10-02 11:24:54,985 [3beefbce-df87-4030-b8da-5c6bff08c947@group-5A0478725195-LeaderElection130] INFO  server.RaftServerConfigKeys (ConfUtils.java:logGet(43)) - raft.server.log.appender.install.snapshot.enabled = false (custom)
2019-10-02 11:24:54,985 [3beefbce-df87-4030-b8da-5c6bff08c947@group-5A0478725195-LeaderElection130] INFO  impl.RoleInfo (RoleInfo.java:updateAndGet(143)) - 3beefbce-df87-4030-b8da-5c6bff08c947: start LeaderState
2019-10-02 11:24:54,986 [3beefbce-df87-4030-b8da-5c6bff08c947@group-5A0478725195-LeaderElection130] INFO  segmented.SegmentedRaftLogWorker (SegmentedRaftLogWorker.java:startLogSegment(385)) - 3beefbce-df87-4030-b8da-5c6bff08c947@group-5A0478725195-SegmentedRaftLogWorker: Starting segment from index:0
2019-10-02 11:24:54,986 [3beefbce-df87-4030-b8da-5c6bff08c947@group-5A0478725195-LeaderElection130] INFO  impl.RaftServerImpl (ServerState.java:setRaftConf(356)) - 3beefbce-df87-4030-b8da-5c6bff08c947@group-5A0478725195: set configuration 0: [0c636628-a06b-4155-ba06-d49595c8d0c4:192.168.30.53:33328, 42e05091-6c62-4293-994f-dc1e077aa1f2:192.168.30.53:45956, 3beefbce-df87-4030-b8da-5c6bff08c947:192.168.30.53:43019], old=null at 0
2019-10-02 11:24:54,987 [grpc-default-executor-0] INFO  impl.RaftServerImpl (ServerState.java:setLeader(255)) - 42e05091-6c62-4293-994f-dc1e077aa1f2@group-5A0478725195: change Leader from null to 3beefbce-df87-4030-b8da-5c6bff08c947 at term 3 for appendEntries, leader elected after 15426ms
2019-10-02 11:24:55,017 [grpc-default-executor-0] INFO  impl.RaftServerImpl (ServerState.java:setLeader(255)) - 0c636628-a06b-4155-ba06-d49595c8d0c4@group-5A0478725195: change Leader from null to 3beefbce-df87-4030-b8da-5c6bff08c947 at term 3 for appendEntries, leader elected after 15456ms
2019-10-02 11:24:55,018 [grpc-default-executor-13] INFO  impl.RaftServerImpl (ServerState.java:setRaftConf(356)) - 42e05091-6c62-4293-994f-dc1e077aa1f2@group-5A0478725195: set configuration 0: [0c636628-a06b-4155-ba06-d49595c8d0c4:192.168.30.53:33328, 42e05091-6c62-4293-994f-dc1e077aa1f2:192.168.30.53:45956, 3beefbce-df87-4030-b8da-5c6bff08c947:192.168.30.53:43019], old=null at 0
2019-10-02 11:24:55,018 [grpc-default-executor-13] INFO  segmented.SegmentedRaftLogWorker (SegmentedRaftLogWorker.java:startLogSegment(385)) - 42e05091-6c62-4293-994f-dc1e077aa1f2@group-5A0478725195-SegmentedRaftLogWorker: Starting segment from index:0
2019-10-02 11:24:55,018 [grpc-default-executor-0] INFO  impl.RaftServerImpl (ServerState.java:setRaftConf(356)) - 0c636628-a06b-4155-ba06-d49595c8d0c4@group-5A0478725195: set configuration 0: [0c636628-a06b-4155-ba06-d49595c8d0c4:192.168.30.53:33328, 42e05091-6c62-4293-994f-dc1e077aa1f2:192.168.30.53:45956, 3beefbce-df87-4030-b8da-5c6bff08c947:192.168.30.53:43019], old=null at 0
2019-10-02 11:24:55,018 [grpc-default-executor-0] INFO  segmented.SegmentedRaftLogWorker (SegmentedRaftLogWorker.java:startLogSegment(385)) - 0c636628-a06b-4155-ba06-d49595c8d0c4@group-5A0478725195-SegmentedRaftLogWorker: Starting segment from index:0
2019-10-02 11:24:55,029 [3beefbce-df87-4030-b8da-5c6bff08c947@group-5A0478725195-SegmentedRaftLogWorker] INFO  segmented.SegmentedRaftLogWorker (SegmentedRaftLogWorker.java:execute(574)) - 3beefbce-df87-4030-b8da-5c6bff08c947@group-5A0478725195-SegmentedRaftLogWorker: created new log segment /workdir/hadoop-ozone/integration-test/target/test-dir/MiniOzoneClusterImpl-8ab3ee48-93a3-44e4-8138-6c86b881afd1/datanode-1/data/ratis/6d4d03d7-e4ed-4912-a66d-5a0478725195/current/log_inprogress_0
2019-10-02 11:24:55,076 [0c636628-a06b-4155-ba06-d49595c8d0c4@group-5A0478725195-SegmentedRaftLogWorker] INFO  segmented.SegmentedRaftLogWorker (SegmentedRaftLogWorker.java:execute(574)) - 0c636628-a06b-4155-ba06-d49595c8d0c4@group-5A0478725195-SegmentedRaftLogWorker: created new log segment /workdir/hadoop-ozone/integration-test/target/test-dir/MiniOzoneClusterImpl-8ab3ee48-93a3-44e4-8138-6c86b881afd1/datanode-6/data/ratis/6d4d03d7-e4ed-4912-a66d-5a0478725195/current/log_inprogress_0
2019-10-02 11:24:55,076 [42e05091-6c62-4293-994f-dc1e077aa1f2@group-5A0478725195-SegmentedRaftLogWorker] INFO  segmented.SegmentedRaftLogWorker (SegmentedRaftLogWorker.java:execute(574)) - 42e05091-6c62-4293-994f-dc1e077aa1f2@group-5A0478725195-SegmentedRaftLogWorker: created new log segment /workdir/hadoop-ozone/integration-test/target/test-dir/MiniOzoneClusterImpl-8ab3ee48-93a3-44e4-8138-6c86b881afd1/datanode-0/data/ratis/6d4d03d7-e4ed-4912-a66d-5a0478725195/current/log_inprogress_0
2019-10-02 11:24:57,155 [main] WARN  scm.XceiverClientRatis (XceiverClientRatis.java:watchForCommit(292)) - 3 way commit failed on pipeline Pipeline[ Id: 6d4d03d7-e4ed-4912-a66d-5a0478725195, Nodes: 42e05091-6c62-4293-994f-dc1e077aa1f2{ip: 192.168.30.53, host: pr-trunk-5xjmm-2411255686, networkLocation: /default-rack, certSerialId: null}3beefbce-df87-4030-b8da-5c6bff08c947{ip: 192.168.30.53, host: pr-trunk-5xjmm-2411255686, networkLocation: /default-rack, certSerialId: null}0c636628-a06b-4155-ba06-d49595c8d0c4{ip: 192.168.30.53, host: pr-trunk-5xjmm-2411255686, networkLocation: /default-rack, certSerialId: null}, Type:RATIS, Factor:THREE, State:OPEN]
java.util.concurrent.TimeoutException
	at java.util.concurrent.CompletableFuture.timedGet(CompletableFuture.java:1771)
	at java.util.concurrent.CompletableFuture.get(CompletableFuture.java:1915)
	at org.apache.hadoop.hdds.scm.XceiverClientRatis.watchForCommit(XceiverClientRatis.java:289)
	at org.apache.hadoop.hdds.scm.storage.CommitWatcher.watchForCommit(CommitWatcher.java:194)
	at org.apache.hadoop.hdds.scm.storage.CommitWatcher.watchOnLastIndex(CommitWatcher.java:157)
	at org.apache.hadoop.hdds.scm.storage.BlockOutputStream.watchForCommit(BlockOutputStream.java:347)
	at org.apache.hadoop.hdds.scm.storage.BlockOutputStream.handleFlush(BlockOutputStream.java:479)
	at org.apache.hadoop.hdds.scm.storage.BlockOutputStream.flush(BlockOutputStream.java:428)
	at org.apache.hadoop.ozone.client.io.BlockOutputStreamEntry.flush(BlockOutputStreamEntry.java:136)
	at org.apache.hadoop.ozone.client.io.KeyOutputStream.handleFlushOrClose(KeyOutputStream.java:443)
	at org.apache.hadoop.ozone.client.io.KeyOutputStream.flush(KeyOutputStream.java:397)
	at org.apache.hadoop.ozone.client.io.OzoneOutputStream.flush(OzoneOutputStream.java:54)
	at org.apache.hadoop.ozone.client.rpc.TestBlockOutputStreamWithFailures.testWatchForCommitWithCloseContainerException(TestBlockOutputStreamWithFailures.java:190)
	at sun.reflect.NativeMethodAccessorImpl.invoke0(Native Method)
	at sun.reflect.NativeMethodAccessorImpl.invoke(NativeMethodAccessorImpl.java:62)
	at sun.reflect.DelegatingMethodAccessorImpl.invoke(DelegatingMethodAccessorImpl.java:43)
	at java.lang.reflect.Method.invoke(Method.java:498)
	at org.junit.runners.model.FrameworkMethod$1.runReflectiveCall(FrameworkMethod.java:47)
	at org.junit.internal.runners.model.ReflectiveCallable.run(ReflectiveCallable.java:12)
	at org.junit.runners.model.FrameworkMethod.invokeExplosively(FrameworkMethod.java:44)
	at org.junit.internal.runners.statements.InvokeMethod.evaluate(InvokeMethod.java:17)
	at org.junit.internal.runners.statements.RunBefores.evaluate(RunBefores.java:26)
	at org.junit.internal.runners.statements.RunAfters.evaluate(RunAfters.java:27)
	at org.junit.runners.ParentRunner.runLeaf(ParentRunner.java:271)
	at org.junit.runners.BlockJUnit4ClassRunner.runChild(BlockJUnit4ClassRunner.java:70)
	at org.junit.runners.BlockJUnit4ClassRunner.runChild(BlockJUnit4ClassRunner.java:50)
	at org.junit.runners.ParentRunner$3.run(ParentRunner.java:238)
	at org.junit.runners.ParentRunner$1.schedule(ParentRunner.java:63)
	at org.junit.runners.ParentRunner.runChildren(ParentRunner.java:236)
	at org.junit.runners.ParentRunner.access$000(ParentRunner.java:53)
	at org.junit.runners.ParentRunner$2.evaluate(ParentRunner.java:229)
	at org.junit.runners.ParentRunner.run(ParentRunner.java:309)
	at org.apache.maven.surefire.junit4.JUnit4Provider.execute(JUnit4Provider.java:365)
	at org.apache.maven.surefire.junit4.JUnit4Provider.executeWithRerun(JUnit4Provider.java:273)
	at org.apache.maven.surefire.junit4.JUnit4Provider.executeTestSet(JUnit4Provider.java:238)
	at org.apache.maven.surefire.junit4.JUnit4Provider.invoke(JUnit4Provider.java:159)
	at org.apache.maven.surefire.booter.ForkedBooter.invokeProviderInSameClassLoader(ForkedBooter.java:384)
	at org.apache.maven.surefire.booter.ForkedBooter.runSuitesInProcess(ForkedBooter.java:345)
	at org.apache.maven.surefire.booter.ForkedBooter.execute(ForkedBooter.java:126)
	at org.apache.maven.surefire.booter.ForkedBooter.main(ForkedBooter.java:418)
2019-10-02 11:24:58,169 [main] WARN  storage.CommitWatcher (CommitWatcher.java:watchForCommit(203)) - watchForCommit failed for index 13
java.util.concurrent.TimeoutException
	at java.util.concurrent.CompletableFuture.timedGet(CompletableFuture.java:1771)
	at java.util.concurrent.CompletableFuture.get(CompletableFuture.java:1915)
	at org.apache.hadoop.hdds.scm.XceiverClientRatis.watchForCommit(XceiverClientRatis.java:298)
	at org.apache.hadoop.hdds.scm.storage.CommitWatcher.watchForCommit(CommitWatcher.java:194)
	at org.apache.hadoop.hdds.scm.storage.CommitWatcher.watchOnLastIndex(CommitWatcher.java:157)
	at org.apache.hadoop.hdds.scm.storage.BlockOutputStream.watchForCommit(BlockOutputStream.java:347)
	at org.apache.hadoop.hdds.scm.storage.BlockOutputStream.handleFlush(BlockOutputStream.java:479)
	at org.apache.hadoop.hdds.scm.storage.BlockOutputStream.flush(BlockOutputStream.java:428)
	at org.apache.hadoop.ozone.client.io.BlockOutputStreamEntry.flush(BlockOutputStreamEntry.java:136)
	at org.apache.hadoop.ozone.client.io.KeyOutputStream.handleFlushOrClose(KeyOutputStream.java:443)
	at org.apache.hadoop.ozone.client.io.KeyOutputStream.flush(KeyOutputStream.java:397)
	at org.apache.hadoop.ozone.client.io.OzoneOutputStream.flush(OzoneOutputStream.java:54)
	at org.apache.hadoop.ozone.client.rpc.TestBlockOutputStreamWithFailures.testWatchForCommitWithCloseContainerException(TestBlockOutputStreamWithFailures.java:190)
	at sun.reflect.NativeMethodAccessorImpl.invoke0(Native Method)
	at sun.reflect.NativeMethodAccessorImpl.invoke(NativeMethodAccessorImpl.java:62)
	at sun.reflect.DelegatingMethodAccessorImpl.invoke(DelegatingMethodAccessorImpl.java:43)
	at java.lang.reflect.Method.invoke(Method.java:498)
	at org.junit.runners.model.FrameworkMethod$1.runReflectiveCall(FrameworkMethod.java:47)
	at org.junit.internal.runners.model.ReflectiveCallable.run(ReflectiveCallable.java:12)
	at org.junit.runners.model.FrameworkMethod.invokeExplosively(FrameworkMethod.java:44)
	at org.junit.internal.runners.statements.InvokeMethod.evaluate(InvokeMethod.java:17)
	at org.junit.internal.runners.statements.RunBefores.evaluate(RunBefores.java:26)
	at org.junit.internal.runners.statements.RunAfters.evaluate(RunAfters.java:27)
	at org.junit.runners.ParentRunner.runLeaf(ParentRunner.java:271)
	at org.junit.runners.BlockJUnit4ClassRunner.runChild(BlockJUnit4ClassRunner.java:70)
	at org.junit.runners.BlockJUnit4ClassRunner.runChild(BlockJUnit4ClassRunner.java:50)
	at org.junit.runners.ParentRunner$3.run(ParentRunner.java:238)
	at org.junit.runners.ParentRunner$1.schedule(ParentRunner.java:63)
	at org.junit.runners.ParentRunner.runChildren(ParentRunner.java:236)
	at org.junit.runners.ParentRunner.access$000(ParentRunner.java:53)
	at org.junit.runners.ParentRunner$2.evaluate(ParentRunner.java:229)
	at org.junit.runners.ParentRunner.run(ParentRunner.java:309)
	at org.apache.maven.surefire.junit4.JUnit4Provider.execute(JUnit4Provider.java:365)
	at org.apache.maven.surefire.junit4.JUnit4Provider.executeWithRerun(JUnit4Provider.java:273)
	at org.apache.maven.surefire.junit4.JUnit4Provider.executeTestSet(JUnit4Provider.java:238)
	at org.apache.maven.surefire.junit4.JUnit4Provider.invoke(JUnit4Provider.java:159)
	at org.apache.maven.surefire.booter.ForkedBooter.invokeProviderInSameClassLoader(ForkedBooter.java:384)
	at org.apache.maven.surefire.booter.ForkedBooter.runSuitesInProcess(ForkedBooter.java:345)
	at org.apache.maven.surefire.booter.ForkedBooter.execute(ForkedBooter.java:126)
	at org.apache.maven.surefire.booter.ForkedBooter.main(ForkedBooter.java:418)
2019-10-02 11:24:58,170 [main] WARN  io.KeyOutputStream (KeyOutputStream.java:handleException(274)) - Encountered exception java.io.IOException: Unexpected Storage Container Exception: java.io.IOException: Unexpected Storage Container Exception: java.util.concurrent.TimeoutException on the pipeline Pipeline[ Id: 6d4d03d7-e4ed-4912-a66d-5a0478725195, Nodes: 42e05091-6c62-4293-994f-dc1e077aa1f2{ip: 192.168.30.53, host: pr-trunk-5xjmm-2411255686, networkLocation: /default-rack, certSerialId: null}3beefbce-df87-4030-b8da-5c6bff08c947{ip: 192.168.30.53, host: pr-trunk-5xjmm-2411255686, networkLocation: /default-rack, certSerialId: null}0c636628-a06b-4155-ba06-d49595c8d0c4{ip: 192.168.30.53, host: pr-trunk-5xjmm-2411255686, networkLocation: /default-rack, certSerialId: null}, Type:RATIS, Factor:THREE, State:OPEN]. The last committed block length is 400, uncommitted data length is 50 retry count 0
2019-10-02 11:24:58,540 [main] INFO  ozone.MiniOzoneClusterImpl (MiniOzoneClusterImpl.java:shutdown(314)) - Shutting down the Mini Ozone Cluster
2019-10-02 11:24:58,540 [main] INFO  ozone.MiniOzoneClusterImpl (MiniOzoneClusterImpl.java:stop(330)) - Stopping the Mini Ozone Cluster
2019-10-02 11:24:58,541 [main] INFO  ozone.MiniOzoneClusterImpl (MiniOzoneClusterImpl.java:stopOM(400)) - Stopping the OzoneManager
2019-10-02 11:24:58,541 [main] INFO  ipc.Server (Server.java:stop(3082)) - Stopping server on 33211
2019-10-02 11:24:58,562 [IPC Server listener on 33211] INFO  ipc.Server (Server.java:run(1185)) - Stopping IPC Server listener on 33211
2019-10-02 11:24:58,574 [IPC Server Responder] INFO  ipc.Server (Server.java:run(1319)) - Stopping IPC Server Responder
2019-10-02 11:24:58,574 [main] INFO  ratis.OzoneManagerDoubleBuffer (OzoneManagerDoubleBuffer.java:stop(248)) - Stopping OMDoubleBuffer flush thread
2019-10-02 11:24:58,578 [OMDoubleBufferFlushThread] INFO  ratis.OzoneManagerDoubleBuffer (OzoneManagerDoubleBuffer.java:flushTransactions(191)) - OMDoubleBuffer flush thread OMDoubleBufferFlushThread is interrupted and will exit. OMDoubleBufferFlushThread
2019-10-02 11:24:58,579 [main] INFO  utils.BackgroundService (BackgroundService.java:shutdown(148)) - Shutting down service KeyDeletingService
2019-10-02 11:24:58,581 [main] INFO  handler.ContextHandler (ContextHandler.java:doStop(910)) - Stopped o.e.j.w.WebAppContext@26d40c77{/,null,UNAVAILABLE}{/ozoneManager}
2019-10-02 11:24:58,582 [main] INFO  server.AbstractConnector (AbstractConnector.java:doStop(318)) - Stopped ServerConnector@85ab964{HTTP/1.1,[http/1.1]}{0.0.0.0:0}
2019-10-02 11:24:58,582 [main] INFO  handler.ContextHandler (ContextHandler.java:doStop(910)) - Stopped o.e.j.s.ServletContextHandler@2026fbff{/static,file:///workdir/hadoop-ozone/integration-test/target/test-classes/webapps/static,UNAVAILABLE}
2019-10-02 11:24:58,583 [main] INFO  handler.ContextHandler (ContextHandler.java:doStop(910)) - Stopped o.e.j.s.ServletContextHandler@5a4c98d7{/logs,file:///workdir/hadoop-ozone/integration-test/target/log,UNAVAILABLE}
2019-10-02 11:24:58,586 [main] INFO  ozone.MiniOzoneClusterImpl (MiniOzoneClusterImpl.java:stopDatanodes(377)) - Stopping the HddsDatanodes
2019-10-02 11:24:58,881 [Datanode State Machine Thread - 0] INFO  statemachine.DatanodeStateMachine (DatanodeStateMachine.java:lambda$startDaemon$0(350)) - Ozone container server started.
2019-10-02 11:24:59,401 [Datanode State Machine Thread - 0] INFO  statemachine.DatanodeStateMachine (DatanodeStateMachine.java:lambda$startDaemon$0(350)) - Ozone container server started.
2019-10-02 11:25:02,886 [EventQueue-StaleNodeForStaleNodeHandler] INFO  node.StaleNodeHandler (StaleNodeHandler.java:onMessage(58)) - Datanode 3beefbce-df87-4030-b8da-5c6bff08c947{ip: 192.168.30.53, host: pr-trunk-5xjmm-2411255686, networkLocation: /default-rack, certSerialId: null} moved to stale state. Finalizing its pipelines [PipelineID=6d4d03d7-e4ed-4912-a66d-5a0478725195, PipelineID=5c57ccad-22be-4188-a32f-dba5aa6049ca]
2019-10-02 11:25:02,887 [EventQueue-StaleNodeForStaleNodeHandler] INFO  pipeline.SCMPipelineManager (SCMPipelineManager.java:finalizeAndDestroyPipeline(315)) - destroying pipeline:Pipeline[ Id: 6d4d03d7-e4ed-4912-a66d-5a0478725195, Nodes: 42e05091-6c62-4293-994f-dc1e077aa1f2{ip: 192.168.30.53, host: pr-trunk-5xjmm-2411255686, networkLocation: /default-rack, certSerialId: null}3beefbce-df87-4030-b8da-5c6bff08c947{ip: 192.168.30.53, host: pr-trunk-5xjmm-2411255686, networkLocation: /default-rack, certSerialId: null}0c636628-a06b-4155-ba06-d49595c8d0c4{ip: 192.168.30.53, host: pr-trunk-5xjmm-2411255686, networkLocation: /default-rack, certSerialId: null}, Type:RATIS, Factor:THREE, State:OPEN]
2019-10-02 11:25:02,887 [EventQueue-StaleNodeForStaleNodeHandler] INFO  pipeline.PipelineStateManager (PipelineStateManager.java:finalizePipeline(123)) - Pipeline Pipeline[ Id: 6d4d03d7-e4ed-4912-a66d-5a0478725195, Nodes: 42e05091-6c62-4293-994f-dc1e077aa1f2{ip: 192.168.30.53, host: pr-trunk-5xjmm-2411255686, networkLocation: /default-rack, certSerialId: null}3beefbce-df87-4030-b8da-5c6bff08c947{ip: 192.168.30.53, host: pr-trunk-5xjmm-2411255686, networkLocation: /default-rack, certSerialId: null}0c636628-a06b-4155-ba06-d49595c8d0c4{ip: 192.168.30.53, host: pr-trunk-5xjmm-2411255686, networkLocation: /default-rack, certSerialId: null}, Type:RATIS, Factor:THREE, State:CLOSED] moved to CLOSED state
2019-10-02 11:25:02,887 [EventQueue-StaleNodeForStaleNodeHandler] INFO  pipeline.SCMPipelineManager (SCMPipelineManager.java:finalizeAndDestroyPipeline(315)) - destroying pipeline:Pipeline[ Id: 5c57ccad-22be-4188-a32f-dba5aa6049ca, Nodes: 3beefbce-df87-4030-b8da-5c6bff08c947{ip: 192.168.30.53, host: pr-trunk-5xjmm-2411255686, networkLocation: /default-rack, certSerialId: null}, Type:RATIS, Factor:ONE, State:OPEN]
2019-10-02 11:25:02,888 [EventQueue-StaleNodeForStaleNodeHandler] INFO  pipeline.PipelineStateManager (PipelineStateManager.java:finalizePipeline(123)) - Pipeline Pipeline[ Id: 5c57ccad-22be-4188-a32f-dba5aa6049ca, Nodes: 3beefbce-df87-4030-b8da-5c6bff08c947{ip: 192.168.30.53, host: pr-trunk-5xjmm-2411255686, networkLocation: /default-rack, certSerialId: null}, Type:RATIS, Factor:ONE, State:CLOSED] moved to CLOSED state
2019-10-02 11:25:02,888 [EventQueue-CloseContainerForCloseContainerEventHandler] INFO  container.CloseContainerEventHandler (CloseContainerEventHandler.java:onMessage(61)) - Close container Event triggered for container : #1
2019-10-02 11:25:03,486 [EventQueue-StaleNodeForStaleNodeHandler] INFO  node.StaleNodeHandler (StaleNodeHandler.java:onMessage(58)) - Datanode c2228e19-45d4-4b4f-85b0-128726505934{ip: 192.168.30.53, host: pr-trunk-5xjmm-2411255686, networkLocation: /default-rack, certSerialId: null} moved to stale state. Finalizing its pipelines [PipelineID=ef85c558-9c38-47d3-aca9-4f4a3dbc358a, PipelineID=6746320a-ac98-43d0-8932-90015364eacd]
2019-10-02 11:25:03,487 [EventQueue-StaleNodeForStaleNodeHandler] INFO  pipeline.SCMPipelineManager (SCMPipelineManager.java:finalizeAndDestroyPipeline(315)) - destroying pipeline:Pipeline[ Id: ef85c558-9c38-47d3-aca9-4f4a3dbc358a, Nodes: 6b9e8ff8-5b9c-4759-afd3-fc8cfa7baf67{ip: 192.168.30.53, host: pr-trunk-5xjmm-2411255686, networkLocation: /default-rack, certSerialId: null}c2228e19-45d4-4b4f-85b0-128726505934{ip: 192.168.30.53, host: pr-trunk-5xjmm-2411255686, networkLocation: /default-rack, certSerialId: null}679bf837-d1b7-4317-bb84-639952a13514{ip: 192.168.30.53, host: pr-trunk-5xjmm-2411255686, networkLocation: /default-rack, certSerialId: null}, Type:RATIS, Factor:THREE, State:OPEN]
2019-10-02 11:25:03,487 [EventQueue-StaleNodeForStaleNodeHandler] INFO  pipeline.PipelineStateManager (PipelineStateManager.java:finalizePipeline(123)) - Pipeline Pipeline[ Id: ef85c558-9c38-47d3-aca9-4f4a3dbc358a, Nodes: 6b9e8ff8-5b9c-4759-afd3-fc8cfa7baf67{ip: 192.168.30.53, host: pr-trunk-5xjmm-2411255686, networkLocation: /default-rack, certSerialId: null}c2228e19-45d4-4b4f-85b0-128726505934{ip: 192.168.30.53, host: pr-trunk-5xjmm-2411255686, networkLocation: /default-rack, certSerialId: null}679bf837-d1b7-4317-bb84-639952a13514{ip: 192.168.30.53, host: pr-trunk-5xjmm-2411255686, networkLocation: /default-rack, certSerialId: null}, Type:RATIS, Factor:THREE, State:CLOSED] moved to CLOSED state
2019-10-02 11:25:03,487 [EventQueue-StaleNodeForStaleNodeHandler] INFO  pipeline.SCMPipelineManager (SCMPipelineManager.java:finalizeAndDestroyPipeline(315)) - destroying pipeline:Pipeline[ Id: 6746320a-ac98-43d0-8932-90015364eacd, Nodes: c2228e19-45d4-4b4f-85b0-128726505934{ip: 192.168.30.53, host: pr-trunk-5xjmm-2411255686, networkLocation: /default-rack, certSerialId: null}, Type:RATIS, Factor:ONE, State:OPEN]
2019-10-02 11:25:03,487 [EventQueue-CloseContainerForCloseContainerEventHandler] INFO  container.CloseContainerEventHandler (CloseContainerEventHandler.java:onMessage(61)) - Close container Event triggered for container : #2
2019-10-02 11:25:03,491 [EventQueue-StaleNodeForStaleNodeHandler] INFO  pipeline.PipelineStateManager (PipelineStateManager.java:finalizePipeline(123)) - Pipeline Pipeline[ Id: 6746320a-ac98-43d0-8932-90015364eacd, Nodes: c2228e19-45d4-4b4f-85b0-128726505934{ip: 192.168.30.53, host: pr-trunk-5xjmm-2411255686, networkLocation: /default-rack, certSerialId: null}, Type:RATIS, Factor:ONE, State:CLOSED] moved to CLOSED state
2019-10-02 11:25:03,587 [main] INFO  ozoneimpl.OzoneContainer (OzoneContainer.java:stop(231)) - Attempting to stop container services.
2019-10-02 11:25:03,587 [ForkJoinPool.commonPool-worker-0] INFO  ozoneimpl.OzoneContainer (OzoneContainer.java:stop(231)) - Attempting to stop container services.
2019-10-02 11:25:03,588 [main] INFO  impl.RaftServerProxy (RaftServerProxy.java:lambda$close$4(314)) - c2228e19-45d4-4b4f-85b0-128726505934: close
2019-10-02 11:25:03,588 [ForkJoinPool.commonPool-worker-0] INFO  impl.RaftServerProxy (RaftServerProxy.java:lambda$close$4(314)) - 3beefbce-df87-4030-b8da-5c6bff08c947: close
2019-10-02 11:25:03,588 [main] INFO  impl.RaftServerImpl (RaftServerImpl.java:lambda$shutdown$3(247)) - c2228e19-45d4-4b4f-85b0-128726505934@group-4F4A3DBC358A: shutdown
2019-10-02 11:25:03,588 [ForkJoinPool.commonPool-worker-0] INFO  impl.RaftServerImpl (RaftServerImpl.java:lambda$shutdown$3(247)) - 3beefbce-df87-4030-b8da-5c6bff08c947@group-5A0478725195: shutdown
2019-10-02 11:25:03,589 [main] INFO  util.JmxRegister (JmxRegister.java:unregister(73)) - Successfully un-registered JMX Bean with object name Ratis:service=RaftServer,group=group-4F4A3DBC358A,id=c2228e19-45d4-4b4f-85b0-128726505934
2019-10-02 11:25:03,589 [ForkJoinPool.commonPool-worker-0] INFO  util.JmxRegister (JmxRegister.java:unregister(73)) - Successfully un-registered JMX Bean with object name Ratis:service=RaftServer,group=group-5A0478725195,id=3beefbce-df87-4030-b8da-5c6bff08c947
2019-10-02 11:25:03,589 [main] INFO  impl.RoleInfo (RoleInfo.java:shutdownFollowerState(121)) - c2228e19-45d4-4b4f-85b0-128726505934: shutdown FollowerState
2019-10-02 11:25:03,589 [ForkJoinPool.commonPool-worker-0] INFO  impl.RoleInfo (RoleInfo.java:shutdownLeaderState(104)) - 3beefbce-df87-4030-b8da-5c6bff08c947: shutdown LeaderState
2019-10-02 11:25:03,589 [Thread-3957] INFO  impl.FollowerState (FollowerState.java:run(117)) - c2228e19-45d4-4b4f-85b0-128726505934@group-4F4A3DBC358A-FollowerState was interrupted: java.lang.InterruptedException: sleep interrupted
2019-10-02 11:25:03,589 [main] INFO  impl.StateMachineUpdater (StateMachineUpdater.java:stopAndJoin(136)) - c2228e19-45d4-4b4f-85b0-128726505934@group-4F4A3DBC358A-StateMachineUpdater: set stopIndex = 4
2019-10-02 11:25:03,597 [org.apache.ratis.server.impl.LogAppender$AppenderDaemon$$Lambda$523/1947273203@4703195e] WARN  server.GrpcLogAppender (GrpcLogAppender.java:mayWait(143)) - 3beefbce-df87-4030-b8da-5c6bff08c947@group-5A0478725195->0c636628-a06b-4155-ba06-d49595c8d0c4-GrpcLogAppender: Wait interrupted by java.lang.InterruptedException
2019-10-02 11:25:03,597 [ForkJoinPool.commonPool-worker-0] INFO  impl.PendingRequests (PendingRequests.java:sendNotLeaderResponses(202)) - 3beefbce-df87-4030-b8da-5c6bff08c947@group-5A0478725195-PendingRequests: sendNotLeaderResponses
2019-10-02 11:25:03,597 [org.apache.ratis.server.impl.LogAppender$AppenderDaemon$$Lambda$523/1947273203@5d2408] WARN  server.GrpcLogAppender (GrpcLogAppender.java:mayWait(143)) - 3beefbce-df87-4030-b8da-5c6bff08c947@group-5A0478725195->42e05091-6c62-4293-994f-dc1e077aa1f2-GrpcLogAppender: Wait interrupted by java.lang.InterruptedException
2019-10-02 11:25:03,590 [c2228e19-45d4-4b4f-85b0-128726505934@group-4F4A3DBC358A-StateMachineUpdater] INFO  ratis.ContainerStateMachine (ContainerStateMachine.java:takeSnapshot(293)) - group-4F4A3DBC358A: Taking a snapshot at:(t:2, i:3) file /workdir/hadoop-ozone/integration-test/target/test-dir/MiniOzoneClusterImpl-8ab3ee48-93a3-44e4-8138-6c86b881afd1/datanode-4/data/ratis/ef85c558-9c38-47d3-aca9-4f4a3dbc358a/sm/snapshot.2_3
2019-10-02 11:25:03,598 [grpc-default-executor-16] INFO  server.GrpcServerProtocolService (GrpcServerProtocolService.java:onCompleted(113)) - 42e05091-6c62-4293-994f-dc1e077aa1f2: Completed APPEND_ENTRIES, lastRequest: 3beefbce-df87-4030-b8da-5c6bff08c947->42e05091-6c62-4293-994f-dc1e077aa1f2#18-t3, previous=(t:3, i:15), leaderCommit=15, initializing? false, entries: <empty>
2019-10-02 11:25:03,598 [3beefbce-df87-4030-b8da-5c6bff08c947@group-5A0478725195-StateMachineUpdater] INFO  ratis.ContainerStateMachine (ContainerStateMachine.java:takeSnapshot(293)) - group-5A0478725195: Taking a snapshot at:(t:3, i:13) file /workdir/hadoop-ozone/integration-test/target/test-dir/MiniOzoneClusterImpl-8ab3ee48-93a3-44e4-8138-6c86b881afd1/datanode-1/data/ratis/6d4d03d7-e4ed-4912-a66d-5a0478725195/sm/snapshot.3_13
2019-10-02 11:25:03,598 [ForkJoinPool.commonPool-worker-0] INFO  impl.StateMachineUpdater (StateMachineUpdater.java:stopAndJoin(136)) - 3beefbce-df87-4030-b8da-5c6bff08c947@group-5A0478725195-StateMachineUpdater: set stopIndex = 15
2019-10-02 11:25:03,598 [grpc-default-executor-13] INFO  server.GrpcServerProtocolService (GrpcServerProtocolService.java:onCompleted(113)) - 0c636628-a06b-4155-ba06-d49595c8d0c4: Completed APPEND_ENTRIES, lastRequest: 3beefbce-df87-4030-b8da-5c6bff08c947->0c636628-a06b-4155-ba06-d49595c8d0c4#18-t3, previous=(t:3, i:15), leaderCommit=15, initializing? false, entries: <empty>
2019-10-02 11:25:03,598 [grpc-default-executor-0] INFO  server.GrpcLogAppender (GrpcLogAppender.java:onCompleted(293)) - 3beefbce-df87-4030-b8da-5c6bff08c947@group-5A0478725195->42e05091-6c62-4293-994f-dc1e077aa1f2-AppendLogResponseHandler: follower responses appendEntries COMPLETED
2019-10-02 11:25:03,598 [grpc-default-executor-13] INFO  server.GrpcLogAppender (GrpcLogAppender.java:onCompleted(293)) - 3beefbce-df87-4030-b8da-5c6bff08c947@group-5A0478725195->0c636628-a06b-4155-ba06-d49595c8d0c4-AppendLogResponseHandler: follower responses appendEntries COMPLETED
2019-10-02 11:25:03,599 [grpc-default-executor-0] INFO  impl.FollowerInfo (FollowerInfo.java:lambda$new$0(51)) - 3beefbce-df87-4030-b8da-5c6bff08c947@group-5A0478725195->42e05091-6c62-4293-994f-dc1e077aa1f2: nextIndex: updateUnconditionally 16 -> 15
2019-10-02 11:25:03,599 [grpc-default-executor-13] INFO  impl.FollowerInfo (FollowerInfo.java:lambda$new$0(51)) - 3beefbce-df87-4030-b8da-5c6bff08c947@group-5A0478725195->0c636628-a06b-4155-ba06-d49595c8d0c4: nextIndex: updateUnconditionally 16 -> 15
2019-10-02 11:25:03,621 [c2228e19-45d4-4b4f-85b0-128726505934@group-4F4A3DBC358A-StateMachineUpdater] INFO  ratis.ContainerStateMachine (ContainerStateMachine.java:takeSnapshot(304)) - group-4F4A3DBC358A: Finished taking a snapshot at:(t:2, i:3) file:/workdir/hadoop-ozone/integration-test/target/test-dir/MiniOzoneClusterImpl-8ab3ee48-93a3-44e4-8138-6c86b881afd1/datanode-4/data/ratis/ef85c558-9c38-47d3-aca9-4f4a3dbc358a/sm/snapshot.2_3 time:32
2019-10-02 11:25:03,621 [3beefbce-df87-4030-b8da-5c6bff08c947@group-5A0478725195-StateMachineUpdater] INFO  ratis.ContainerStateMachine (ContainerStateMachine.java:takeSnapshot(304)) - group-5A0478725195: Finished taking a snapshot at:(t:3, i:13) file:/workdir/hadoop-ozone/integration-test/target/test-dir/MiniOzoneClusterImpl-8ab3ee48-93a3-44e4-8138-6c86b881afd1/datanode-1/data/ratis/6d4d03d7-e4ed-4912-a66d-5a0478725195/sm/snapshot.3_13 time:23
2019-10-02 11:25:03,621 [c2228e19-45d4-4b4f-85b0-128726505934@group-4F4A3DBC358A-StateMachineUpdater] INFO  impl.StateMachineUpdater (StateMachineUpdater.java:takeSnapshot(269)) - c2228e19-45d4-4b4f-85b0-128726505934@group-4F4A3DBC358A-StateMachineUpdater: Took a snapshot at index 3
2019-10-02 11:25:03,621 [3beefbce-df87-4030-b8da-5c6bff08c947@group-5A0478725195-StateMachineUpdater] INFO  impl.StateMachineUpdater (StateMachineUpdater.java:takeSnapshot(269)) - 3beefbce-df87-4030-b8da-5c6bff08c947@group-5A0478725195-StateMachineUpdater: Took a snapshot at index 13
2019-10-02 11:25:03,621 [c2228e19-45d4-4b4f-85b0-128726505934@group-4F4A3DBC358A-StateMachineUpdater] INFO  impl.StateMachineUpdater (StateMachineUpdater.java:lambda$new$0(84)) - c2228e19-45d4-4b4f-85b0-128726505934@group-4F4A3DBC358A-StateMachineUpdater: snapshotIndex: updateIncreasingly -1 -> 3
2019-10-02 11:25:03,621 [3beefbce-df87-4030-b8da-5c6bff08c947@group-5A0478725195-StateMachineUpdater] INFO  impl.StateMachineUpdater (StateMachineUpdater.java:lambda$new$0(84)) - 3beefbce-df87-4030-b8da-5c6bff08c947@group-5A0478725195-StateMachineUpdater: snapshotIndex: updateIncreasingly -1 -> 13
2019-10-02 11:25:03,621 [3beefbce-df87-4030-b8da-5c6bff08c947@group-5A0478725195-StateMachineUpdater] INFO  ratis.ContainerStateMachine (ContainerStateMachine.java:takeSnapshot(293)) - group-5A0478725195: Taking a snapshot at:(t:3, i:13) file /workdir/hadoop-ozone/integration-test/target/test-dir/MiniOzoneClusterImpl-8ab3ee48-93a3-44e4-8138-6c86b881afd1/datanode-1/data/ratis/6d4d03d7-e4ed-4912-a66d-5a0478725195/sm/snapshot.3_13
2019-10-02 11:25:03,621 [c2228e19-45d4-4b4f-85b0-128726505934@group-4F4A3DBC358A-StateMachineUpdater] INFO  ratis.ContainerStateMachine (ContainerStateMachine.java:takeSnapshot(293)) - group-4F4A3DBC358A: Taking a snapshot at:(t:2, i:3) file /workdir/hadoop-ozone/integration-test/target/test-dir/MiniOzoneClusterImpl-8ab3ee48-93a3-44e4-8138-6c86b881afd1/datanode-4/data/ratis/ef85c558-9c38-47d3-aca9-4f4a3dbc358a/sm/snapshot.2_3
2019-10-02 11:25:03,640 [3beefbce-df87-4030-b8da-5c6bff08c947@group-5A0478725195-StateMachineUpdater] INFO  ratis.ContainerStateMachine (ContainerStateMachine.java:takeSnapshot(304)) - group-5A0478725195: Finished taking a snapshot at:(t:3, i:13) file:/workdir/hadoop-ozone/integration-test/target/test-dir/MiniOzoneClusterImpl-8ab3ee48-93a3-44e4-8138-6c86b881afd1/datanode-1/data/ratis/6d4d03d7-e4ed-4912-a66d-5a0478725195/sm/snapshot.3_13 time:19
2019-10-02 11:25:03,640 [c2228e19-45d4-4b4f-85b0-128726505934@group-4F4A3DBC358A-StateMachineUpdater] INFO  ratis.ContainerStateMachine (ContainerStateMachine.java:takeSnapshot(304)) - group-4F4A3DBC358A: Finished taking a snapshot at:(t:2, i:3) file:/workdir/hadoop-ozone/integration-test/target/test-dir/MiniOzoneClusterImpl-8ab3ee48-93a3-44e4-8138-6c86b881afd1/datanode-4/data/ratis/ef85c558-9c38-47d3-aca9-4f4a3dbc358a/sm/snapshot.2_3 time:19
2019-10-02 11:25:03,640 [3beefbce-df87-4030-b8da-5c6bff08c947@group-5A0478725195-StateMachineUpdater] INFO  impl.StateMachineUpdater (StateMachineUpdater.java:takeSnapshot(269)) - 3beefbce-df87-4030-b8da-5c6bff08c947@group-5A0478725195-StateMachineUpdater: Took a snapshot at index 13
2019-10-02 11:25:03,640 [c2228e19-45d4-4b4f-85b0-128726505934@group-4F4A3DBC358A-StateMachineUpdater] INFO  impl.StateMachineUpdater (StateMachineUpdater.java:takeSnapshot(269)) - c2228e19-45d4-4b4f-85b0-128726505934@group-4F4A3DBC358A-StateMachineUpdater: Took a snapshot at index 3
2019-10-02 11:25:03,640 [3beefbce-df87-4030-b8da-5c6bff08c947@group-5A0478725195-StateMachineUpdater] INFO  impl.StateMachineUpdater (StateMachineUpdater.java:lambda$new$0(84)) - 3beefbce-df87-4030-b8da-5c6bff08c947@group-5A0478725195-StateMachineUpdater: snapshotIndex: updateIncreasingly 13 -> 13
2019-10-02 11:25:03,640 [c2228e19-45d4-4b4f-85b0-128726505934@group-4F4A3DBC358A-StateMachineUpdater] INFO  impl.StateMachineUpdater (StateMachineUpdater.java:lambda$new$0(84)) - c2228e19-45d4-4b4f-85b0-128726505934@group-4F4A3DBC358A-StateMachineUpdater: snapshotIndex: updateIncreasingly 3 -> 3
2019-10-02 11:25:03,640 [ForkJoinPool.commonPool-worker-0] INFO  impl.RaftServerImpl (ServerState.java:close(387)) - 3beefbce-df87-4030-b8da-5c6bff08c947@group-5A0478725195: closes. applyIndex: 15
2019-10-02 11:25:03,640 [main] INFO  impl.RaftServerImpl (ServerState.java:close(387)) - c2228e19-45d4-4b4f-85b0-128726505934@group-4F4A3DBC358A: closes. applyIndex: 4
2019-10-02 11:25:03,642 [3beefbce-df87-4030-b8da-5c6bff08c947@group-5A0478725195-SegmentedRaftLogWorker] INFO  segmented.SegmentedRaftLogWorker (SegmentedRaftLogWorker.java:run(316)) - 3beefbce-df87-4030-b8da-5c6bff08c947@group-5A0478725195-SegmentedRaftLogWorker was interrupted, exiting. There are 0 tasks remaining in the queue.
2019-10-02 11:25:03,642 [c2228e19-45d4-4b4f-85b0-128726505934@group-4F4A3DBC358A-SegmentedRaftLogWorker] INFO  segmented.SegmentedRaftLogWorker (SegmentedRaftLogWorker.java:run(316)) - c2228e19-45d4-4b4f-85b0-128726505934@group-4F4A3DBC358A-SegmentedRaftLogWorker was interrupted, exiting. There are 0 tasks remaining in the queue.
2019-10-02 11:25:03,647 [ForkJoinPool.commonPool-worker-0] INFO  segmented.SegmentedRaftLogWorker (SegmentedRaftLogWorker.java:close(224)) - 3beefbce-df87-4030-b8da-5c6bff08c947@group-5A0478725195-SegmentedRaftLogWorker close()
2019-10-02 11:25:03,647 [main] INFO  segmented.SegmentedRaftLogWorker (SegmentedRaftLogWorker.java:close(224)) - c2228e19-45d4-4b4f-85b0-128726505934@group-4F4A3DBC358A-SegmentedRaftLogWorker close()
2019-10-02 11:25:03,651 [ForkJoinPool.commonPool-worker-0] INFO  impl.RaftServerImpl (RaftServerImpl.java:lambda$shutdown$3(247)) - 3beefbce-df87-4030-b8da-5c6bff08c947@group-DBA5AA6049CA: shutdown
2019-10-02 11:25:03,654 [main] INFO  impl.RaftServerImpl (RaftServerImpl.java:lambda$shutdown$3(247)) - c2228e19-45d4-4b4f-85b0-128726505934@group-90015364EACD: shutdown
2019-10-02 11:25:03,655 [ForkJoinPool.commonPool-worker-0] INFO  util.JmxRegister (JmxRegister.java:unregister(73)) - Successfully un-registered JMX Bean with object name Ratis:service=RaftServer,group=group-DBA5AA6049CA,id=3beefbce-df87-4030-b8da-5c6bff08c947
2019-10-02 11:25:03,655 [main] INFO  util.JmxRegister (JmxRegister.java:unregister(73)) - Successfully un-registered JMX Bean with object name Ratis:service=RaftServer,group=group-90015364EACD,id=c2228e19-45d4-4b4f-85b0-128726505934
2019-10-02 11:25:03,655 [ForkJoinPool.commonPool-worker-0] INFO  impl.RoleInfo (RoleInfo.java:shutdownLeaderState(104)) - 3beefbce-df87-4030-b8da-5c6bff08c947: shutdown LeaderState
2019-10-02 11:25:03,655 [main] INFO  impl.RoleInfo (RoleInfo.java:shutdownLeaderState(104)) - c2228e19-45d4-4b4f-85b0-128726505934: shutdown LeaderState
2019-10-02 11:25:03,656 [ForkJoinPool.commonPool-worker-0] INFO  impl.PendingRequests (PendingRequests.java:sendNotLeaderResponses(202)) - 3beefbce-df87-4030-b8da-5c6bff08c947@group-DBA5AA6049CA-PendingRequests: sendNotLeaderResponses
2019-10-02 11:25:03,656 [main] INFO  impl.PendingRequests (PendingRequests.java:sendNotLeaderResponses(202)) - c2228e19-45d4-4b4f-85b0-128726505934@group-90015364EACD-PendingRequests: sendNotLeaderResponses
2019-10-02 11:25:03,656 [ForkJoinPool.commonPool-worker-0] INFO  impl.StateMachineUpdater (StateMachineUpdater.java:stopAndJoin(136)) - 3beefbce-df87-4030-b8da-5c6bff08c947@group-DBA5AA6049CA-StateMachineUpdater: set stopIndex = 0
2019-10-02 11:25:03,656 [main] INFO  impl.StateMachineUpdater (StateMachineUpdater.java:stopAndJoin(136)) - c2228e19-45d4-4b4f-85b0-128726505934@group-90015364EACD-StateMachineUpdater: set stopIndex = 0
2019-10-02 11:25:03,656 [ForkJoinPool.commonPool-worker-0] INFO  impl.RaftServerImpl (ServerState.java:close(387)) - 3beefbce-df87-4030-b8da-5c6bff08c947@group-DBA5AA6049CA: closes. applyIndex: 0
2019-10-02 11:25:03,657 [main] INFO  impl.RaftServerImpl (ServerState.java:close(387)) - c2228e19-45d4-4b4f-85b0-128726505934@group-90015364EACD: closes. applyIndex: 0
2019-10-02 11:25:03,657 [3beefbce-df87-4030-b8da-5c6bff08c947@group-DBA5AA6049CA-SegmentedRaftLogWorker] INFO  segmented.SegmentedRaftLogWorker (SegmentedRaftLogWorker.java:run(316)) - 3beefbce-df87-4030-b8da-5c6bff08c947@group-DBA5AA6049CA-SegmentedRaftLogWorker was interrupted, exiting. There are 0 tasks remaining in the queue.
2019-10-02 11:25:03,657 [c2228e19-45d4-4b4f-85b0-128726505934@group-90015364EACD-SegmentedRaftLogWorker] INFO  segmented.SegmentedRaftLogWorker (SegmentedRaftLogWorker.java:run(316)) - c2228e19-45d4-4b4f-85b0-128726505934@group-90015364EACD-SegmentedRaftLogWorker was interrupted, exiting. There are 0 tasks remaining in the queue.
2019-10-02 11:25:03,659 [ForkJoinPool.commonPool-worker-0] INFO  segmented.SegmentedRaftLogWorker (SegmentedRaftLogWorker.java:close(224)) - 3beefbce-df87-4030-b8da-5c6bff08c947@group-DBA5AA6049CA-SegmentedRaftLogWorker close()
2019-10-02 11:25:03,661 [main] INFO  segmented.SegmentedRaftLogWorker (SegmentedRaftLogWorker.java:close(224)) - c2228e19-45d4-4b4f-85b0-128726505934@group-90015364EACD-SegmentedRaftLogWorker close()
2019-10-02 11:25:03,665 [ForkJoinPool.commonPool-worker-0] INFO  server.GrpcService (GrpcService.java:closeImpl(164)) - 3beefbce-df87-4030-b8da-5c6bff08c947: shutdown server with port 43019 now
2019-10-02 11:25:03,668 [main] INFO  server.GrpcService (GrpcService.java:closeImpl(164)) - c2228e19-45d4-4b4f-85b0-128726505934: shutdown server with port 33024 now
2019-10-02 11:25:03,669 [grpc-default-executor-14] WARN  client.GrpcClientProtocolService (LogUtils.java:warn(134)) - 6-UnorderedRequestStreamObserver6: onError: org.apache.ratis.thirdparty.io.grpc.StatusRuntimeException: CANCELLED: cancelled before receiving half close
2019-10-02 11:25:03,671 [grpc-default-executor-16] WARN  server.GrpcServerProtocolService (LogUtils.java:warn(134)) - c2228e19-45d4-4b4f-85b0-128726505934: installSnapshot onError, lastRequest: 6b9e8ff8-5b9c-4759-afd3-fc8cfa7baf67->c2228e19-45d4-4b4f-85b0-128726505934#10-t2, previous=(t:2, i:4), leaderCommit=4, initializing? false, entries: <empty>: org.apache.ratis.thirdparty.io.grpc.StatusRuntimeException: CANCELLED: cancelled before receiving half close
2019-10-02 11:25:03,671 [ForkJoinPool.commonPool-worker-0] INFO  server.GrpcService (GrpcService.java:closeImpl(172)) - 3beefbce-df87-4030-b8da-5c6bff08c947: shutdown server with port 43019 successfully
2019-10-02 11:25:03,672 [grpc-default-executor-13] WARN  server.GrpcLogAppender (LogUtils.java:warn(134)) - 6b9e8ff8-5b9c-4759-afd3-fc8cfa7baf67@group-4F4A3DBC358A->c2228e19-45d4-4b4f-85b0-128726505934-AppendLogResponseHandler: Failed appendEntries: org.apache.ratis.thirdparty.io.grpc.StatusRuntimeException: CANCELLED: HTTP/2 error code: CANCEL
Received Rst Stream
2019-10-02 11:25:03,672 [main] INFO  server.GrpcService (GrpcService.java:closeImpl(172)) - c2228e19-45d4-4b4f-85b0-128726505934: shutdown server with port 33024 successfully
2019-10-02 11:25:03,673 [grpc-default-executor-13] INFO  impl.FollowerInfo (FollowerInfo.java:lambda$new$0(51)) - 6b9e8ff8-5b9c-4759-afd3-fc8cfa7baf67@group-4F4A3DBC358A->c2228e19-45d4-4b4f-85b0-128726505934: nextIndex: updateUnconditionally 5 -> 4
2019-10-02 11:25:03,676 [refreshUsed-/workdir/hadoop-ozone/integration-test/target/test-dir/MiniOzoneClusterImpl-8ab3ee48-93a3-44e4-8138-6c86b881afd1/datanode-4/data/containers] WARN  fs.CachingGetSpaceUsed (CachingGetSpaceUsed.java:run(183)) - Thread Interrupted waiting to refresh disk information: sleep interrupted
2019-10-02 11:25:03,677 [refreshUsed-/workdir/hadoop-ozone/integration-test/target/test-dir/MiniOzoneClusterImpl-8ab3ee48-93a3-44e4-8138-6c86b881afd1/datanode-1/data/containers] WARN  fs.CachingGetSpaceUsed (CachingGetSpaceUsed.java:run(183)) - Thread Interrupted waiting to refresh disk information: sleep interrupted
2019-10-02 11:25:03,692 [main] INFO  utils.BackgroundService (BackgroundService.java:shutdown(148)) - Shutting down service BlockDeletingService
2019-10-02 11:25:03,692 [ForkJoinPool.commonPool-worker-0] INFO  utils.BackgroundService (BackgroundService.java:shutdown(148)) - Shutting down service BlockDeletingService
2019-10-02 11:25:03,701 [main] INFO  statemachine.DatanodeStateMachine (DatanodeStateMachine.java:stopDaemon(395)) - Ozone container server stopped.
2019-10-02 11:25:03,702 [ForkJoinPool.commonPool-worker-0] INFO  statemachine.DatanodeStateMachine (DatanodeStateMachine.java:stopDaemon(395)) - Ozone container server stopped.
2019-10-02 11:25:03,709 [ForkJoinPool.commonPool-worker-0] INFO  handler.ContextHandler (ContextHandler.java:doStop(910)) - Stopped o.e.j.w.WebAppContext@3386c206{/,null,UNAVAILABLE}{/hddsDatanode}
2019-10-02 11:25:03,709 [main] INFO  handler.ContextHandler (ContextHandler.java:doStop(910)) - Stopped o.e.j.w.WebAppContext@12f9f896{/,null,UNAVAILABLE}{/hddsDatanode}
2019-10-02 11:25:03,709 [ForkJoinPool.commonPool-worker-0] INFO  server.AbstractConnector (AbstractConnector.java:doStop(318)) - Stopped ServerConnector@1322b575{HTTP/1.1,[http/1.1]}{0.0.0.0:0}
2019-10-02 11:25:03,711 [ForkJoinPool.commonPool-worker-0] INFO  handler.ContextHandler (ContextHandler.java:doStop(910)) - Stopped o.e.j.s.ServletContextHandler@54be6213{/static,jar:file:/home/user/.m2/repository/org/apache/hadoop/hadoop-hdds-container-service/0.5.0-SNAPSHOT/hadoop-hdds-container-service-0.5.0-SNAPSHOT.jar!/webapps/static,UNAVAILABLE}
2019-10-02 11:25:03,711 [main] INFO  server.AbstractConnector (AbstractConnector.java:doStop(318)) - Stopped ServerConnector@7548e1fb{HTTP/1.1,[http/1.1]}{0.0.0.0:0}
2019-10-02 11:25:03,713 [ForkJoinPool.commonPool-worker-0] INFO  handler.ContextHandler (ContextHandler.java:doStop(910)) - Stopped o.e.j.s.ServletContextHandler@6f867b0c{/logs,file:///workdir/hadoop-ozone/integration-test/target/log,UNAVAILABLE}
2019-10-02 11:25:03,714 [main] INFO  handler.ContextHandler (ContextHandler.java:doStop(910)) - Stopped o.e.j.s.ServletContextHandler@4abbe41c{/static,jar:file:/home/user/.m2/repository/org/apache/hadoop/hadoop-hdds-container-service/0.5.0-SNAPSHOT/hadoop-hdds-container-service-0.5.0-SNAPSHOT.jar!/webapps/static,UNAVAILABLE}
2019-10-02 11:25:03,714 [main] INFO  handler.ContextHandler (ContextHandler.java:doStop(910)) - Stopped o.e.j.s.ServletContextHandler@720a1fd0{/logs,file:///workdir/hadoop-ozone/integration-test/target/log,UNAVAILABLE}
2019-10-02 11:25:04,401 [Datanode State Machine Thread - 0] INFO  statemachine.DatanodeStateMachine (DatanodeStateMachine.java:lambda$startDaemon$0(350)) - Ozone container server started.
2019-10-02 11:25:04,401 [Datanode State Machine Thread - 0] INFO  statemachine.DatanodeStateMachine (DatanodeStateMachine.java:lambda$startDaemon$0(350)) - Ozone container server started.
2019-10-02 11:25:05,977 [grpc-default-executor-13] WARN  server.GrpcLogAppender (LogUtils.java:warn(134)) - 6b9e8ff8-5b9c-4759-afd3-fc8cfa7baf67@group-4F4A3DBC358A->c2228e19-45d4-4b4f-85b0-128726505934-AppendLogResponseHandler: Failed appendEntries: org.apache.ratis.thirdparty.io.grpc.StatusRuntimeException: UNAVAILABLE: io exception
2019-10-02 11:25:05,977 [grpc-default-executor-13] INFO  impl.FollowerInfo (FollowerInfo.java:lambda$new$0(51)) - 6b9e8ff8-5b9c-4759-afd3-fc8cfa7baf67@group-4F4A3DBC358A->c2228e19-45d4-4b4f-85b0-128726505934: nextIndex: updateUnconditionally 4 -> 3
2019-10-02 11:25:08,479 [grpc-default-executor-13] WARN  server.GrpcLogAppender (LogUtils.java:warn(134)) - 6b9e8ff8-5b9c-4759-afd3-fc8cfa7baf67@group-4F4A3DBC358A->c2228e19-45d4-4b4f-85b0-128726505934-AppendLogResponseHandler: Failed appendEntries: org.apache.ratis.thirdparty.io.grpc.StatusRuntimeException: UNAVAILABLE: io exception
2019-10-02 11:25:08,481 [grpc-default-executor-13] INFO  impl.FollowerInfo (FollowerInfo.java:lambda$new$0(51)) - 6b9e8ff8-5b9c-4759-afd3-fc8cfa7baf67@group-4F4A3DBC358A->c2228e19-45d4-4b4f-85b0-128726505934: nextIndex: updateUnconditionally 3 -> 2
2019-10-02 11:25:08,492 [EventQueue-StaleNodeForStaleNodeHandler] INFO  node.StaleNodeHandler (StaleNodeHandler.java:onMessage(58)) - Datanode 6b9e8ff8-5b9c-4759-afd3-fc8cfa7baf67{ip: 192.168.30.53, host: pr-trunk-5xjmm-2411255686, networkLocation: /default-rack, certSerialId: null} moved to stale state. Finalizing its pipelines [PipelineID=ef85c558-9c38-47d3-aca9-4f4a3dbc358a, PipelineID=ef469462-ec58-492f-acfd-d12f555df1d2]
2019-10-02 11:25:08,492 [EventQueue-StaleNodeForStaleNodeHandler] INFO  pipeline.SCMPipelineManager (SCMPipelineManager.java:finalizeAndDestroyPipeline(315)) - destroying pipeline:Pipeline[ Id: ef85c558-9c38-47d3-aca9-4f4a3dbc358a, Nodes: 6b9e8ff8-5b9c-4759-afd3-fc8cfa7baf67{ip: 192.168.30.53, host: pr-trunk-5xjmm-2411255686, networkLocation: /default-rack, certSerialId: null}c2228e19-45d4-4b4f-85b0-128726505934{ip: 192.168.30.53, host: pr-trunk-5xjmm-2411255686, networkLocation: /default-rack, certSerialId: null}679bf837-d1b7-4317-bb84-639952a13514{ip: 192.168.30.53, host: pr-trunk-5xjmm-2411255686, networkLocation: /default-rack, certSerialId: null}, Type:RATIS, Factor:THREE, State:CLOSED]
2019-10-02 11:25:08,493 [EventQueue-StaleNodeForStaleNodeHandler] INFO  pipeline.SCMPipelineManager (SCMPipelineManager.java:finalizeAndDestroyPipeline(315)) - destroying pipeline:Pipeline[ Id: ef469462-ec58-492f-acfd-d12f555df1d2, Nodes: 6b9e8ff8-5b9c-4759-afd3-fc8cfa7baf67{ip: 192.168.30.53, host: pr-trunk-5xjmm-2411255686, networkLocation: /default-rack, certSerialId: null}, Type:RATIS, Factor:ONE, State:OPEN]
2019-10-02 11:25:08,493 [EventQueue-StaleNodeForStaleNodeHandler] INFO  pipeline.PipelineStateManager (PipelineStateManager.java:finalizePipeline(123)) - Pipeline Pipeline[ Id: ef469462-ec58-492f-acfd-d12f555df1d2, Nodes: 6b9e8ff8-5b9c-4759-afd3-fc8cfa7baf67{ip: 192.168.30.53, host: pr-trunk-5xjmm-2411255686, networkLocation: /default-rack, certSerialId: null}, Type:RATIS, Factor:ONE, State:CLOSED] moved to CLOSED state
2019-10-02 11:25:08,493 [EventQueue-StaleNodeForStaleNodeHandler] INFO  node.StaleNodeHandler (StaleNodeHandler.java:onMessage(58)) - Datanode 679bf837-d1b7-4317-bb84-639952a13514{ip: 192.168.30.53, host: pr-trunk-5xjmm-2411255686, networkLocation: /default-rack, certSerialId: null} moved to stale state. Finalizing its pipelines [PipelineID=e5c65b53-4706-46bd-a583-26714022f5de, PipelineID=ef85c558-9c38-47d3-aca9-4f4a3dbc358a]
2019-10-02 11:25:08,493 [EventQueue-StaleNodeForStaleNodeHandler] INFO  pipeline.SCMPipelineManager (SCMPipelineManager.java:finalizeAndDestroyPipeline(315)) - destroying pipeline:Pipeline[ Id: e5c65b53-4706-46bd-a583-26714022f5de, Nodes: 679bf837-d1b7-4317-bb84-639952a13514{ip: 192.168.30.53, host: pr-trunk-5xjmm-2411255686, networkLocation: /default-rack, certSerialId: null}, Type:RATIS, Factor:ONE, State:OPEN]
2019-10-02 11:25:08,493 [EventQueue-StaleNodeForStaleNodeHandler] INFO  pipeline.PipelineStateManager (PipelineStateManager.java:finalizePipeline(123)) - Pipeline Pipeline[ Id: e5c65b53-4706-46bd-a583-26714022f5de, Nodes: 679bf837-d1b7-4317-bb84-639952a13514{ip: 192.168.30.53, host: pr-trunk-5xjmm-2411255686, networkLocation: /default-rack, certSerialId: null}, Type:RATIS, Factor:ONE, State:CLOSED] moved to CLOSED state
2019-10-02 11:25:08,493 [EventQueue-StaleNodeForStaleNodeHandler] INFO  pipeline.SCMPipelineManager (SCMPipelineManager.java:finalizeAndDestroyPipeline(315)) - destroying pipeline:Pipeline[ Id: ef85c558-9c38-47d3-aca9-4f4a3dbc358a, Nodes: 6b9e8ff8-5b9c-4759-afd3-fc8cfa7baf67{ip: 192.168.30.53, host: pr-trunk-5xjmm-2411255686, networkLocation: /default-rack, certSerialId: null}c2228e19-45d4-4b4f-85b0-128726505934{ip: 192.168.30.53, host: pr-trunk-5xjmm-2411255686, networkLocation: /default-rack, certSerialId: null}679bf837-d1b7-4317-bb84-639952a13514{ip: 192.168.30.53, host: pr-trunk-5xjmm-2411255686, networkLocation: /default-rack, certSerialId: null}, Type:RATIS, Factor:THREE, State:CLOSED]
2019-10-02 11:25:08,718 [ForkJoinPool.commonPool-worker-0] INFO  ozoneimpl.OzoneContainer (OzoneContainer.java:stop(231)) - Attempting to stop container services.
2019-10-02 11:25:08,718 [main] INFO  ozoneimpl.OzoneContainer (OzoneContainer.java:stop(231)) - Attempting to stop container services.
2019-10-02 11:25:08,725 [ForkJoinPool.commonPool-worker-0] INFO  impl.RaftServerProxy (RaftServerProxy.java:lambda$close$4(314)) - 679bf837-d1b7-4317-bb84-639952a13514: close
2019-10-02 11:25:08,725 [main] INFO  impl.RaftServerProxy (RaftServerProxy.java:lambda$close$4(314)) - 6b9e8ff8-5b9c-4759-afd3-fc8cfa7baf67: close
2019-10-02 11:25:08,725 [main] INFO  impl.RaftServerImpl (RaftServerImpl.java:lambda$shutdown$3(247)) - 6b9e8ff8-5b9c-4759-afd3-fc8cfa7baf67@group-4F4A3DBC358A: shutdown
2019-10-02 11:25:08,725 [ForkJoinPool.commonPool-worker-0] INFO  impl.RaftServerImpl (RaftServerImpl.java:lambda$shutdown$3(247)) - 679bf837-d1b7-4317-bb84-639952a13514@group-26714022F5DE: shutdown
2019-10-02 11:25:08,726 [main] INFO  util.JmxRegister (JmxRegister.java:unregister(73)) - Successfully un-registered JMX Bean with object name Ratis:service=RaftServer,group=group-4F4A3DBC358A,id=6b9e8ff8-5b9c-4759-afd3-fc8cfa7baf67
2019-10-02 11:25:08,726 [ForkJoinPool.commonPool-worker-0] INFO  util.JmxRegister (JmxRegister.java:unregister(73)) - Successfully un-registered JMX Bean with object name Ratis:service=RaftServer,group=group-26714022F5DE,id=679bf837-d1b7-4317-bb84-639952a13514
2019-10-02 11:25:08,726 [main] INFO  impl.RoleInfo (RoleInfo.java:shutdownLeaderState(104)) - 6b9e8ff8-5b9c-4759-afd3-fc8cfa7baf67: shutdown LeaderState
2019-10-02 11:25:08,726 [ForkJoinPool.commonPool-worker-0] INFO  impl.RoleInfo (RoleInfo.java:shutdownLeaderState(104)) - 679bf837-d1b7-4317-bb84-639952a13514: shutdown LeaderState
2019-10-02 11:25:08,730 [org.apache.ratis.server.impl.LogAppender$AppenderDaemon$$Lambda$523/1947273203@7dc05155] WARN  server.GrpcLogAppender (GrpcLogAppender.java:mayWait(143)) - 6b9e8ff8-5b9c-4759-afd3-fc8cfa7baf67@group-4F4A3DBC358A->679bf837-d1b7-4317-bb84-639952a13514-GrpcLogAppender: Wait interrupted by java.lang.InterruptedException
2019-10-02 11:25:08,730 [main] INFO  impl.PendingRequests (PendingRequests.java:sendNotLeaderResponses(202)) - 6b9e8ff8-5b9c-4759-afd3-fc8cfa7baf67@group-4F4A3DBC358A-PendingRequests: sendNotLeaderResponses
2019-10-02 11:25:08,730 [org.apache.ratis.server.impl.LogAppender$AppenderDaemon$$Lambda$523/1947273203@1a0705df] WARN  server.GrpcLogAppender (GrpcLogAppender.java:mayWait(143)) - 6b9e8ff8-5b9c-4759-afd3-fc8cfa7baf67@group-4F4A3DBC358A->c2228e19-45d4-4b4f-85b0-128726505934-GrpcLogAppender: Wait interrupted by java.lang.InterruptedException
2019-10-02 11:25:08,730 [ForkJoinPool.commonPool-worker-0] INFO  impl.PendingRequests (PendingRequests.java:sendNotLeaderResponses(202)) - 679bf837-d1b7-4317-bb84-639952a13514@group-26714022F5DE-PendingRequests: sendNotLeaderResponses
2019-10-02 11:25:08,733 [ForkJoinPool.commonPool-worker-0] INFO  impl.StateMachineUpdater (StateMachineUpdater.java:stopAndJoin(136)) - 679bf837-d1b7-4317-bb84-639952a13514@group-26714022F5DE-StateMachineUpdater: set stopIndex = 0
2019-10-02 11:25:08,734 [main] INFO  impl.StateMachineUpdater (StateMachineUpdater.java:stopAndJoin(136)) - 6b9e8ff8-5b9c-4759-afd3-fc8cfa7baf67@group-4F4A3DBC358A-StateMachineUpdater: set stopIndex = 4
2019-10-02 11:25:08,734 [grpc-default-executor-13] INFO  server.GrpcServerProtocolService (GrpcServerProtocolService.java:onCompleted(113)) - 679bf837-d1b7-4317-bb84-639952a13514: Completed APPEND_ENTRIES, lastRequest: 6b9e8ff8-5b9c-4759-afd3-fc8cfa7baf67->679bf837-d1b7-4317-bb84-639952a13514#12-t2, previous=(t:2, i:4), leaderCommit=4, initializing? false, entries: <empty>
2019-10-02 11:25:08,734 [6b9e8ff8-5b9c-4759-afd3-fc8cfa7baf67@group-4F4A3DBC358A-StateMachineUpdater] INFO  ratis.ContainerStateMachine (ContainerStateMachine.java:takeSnapshot(293)) - group-4F4A3DBC358A: Taking a snapshot at:(t:2, i:4) file /workdir/hadoop-ozone/integration-test/target/test-dir/MiniOzoneClusterImpl-8ab3ee48-93a3-44e4-8138-6c86b881afd1/datanode-3/data/ratis/ef85c558-9c38-47d3-aca9-4f4a3dbc358a/sm/snapshot.2_4
2019-10-02 11:25:08,734 [ForkJoinPool.commonPool-worker-0] INFO  impl.RaftServerImpl (ServerState.java:close(387)) - 679bf837-d1b7-4317-bb84-639952a13514@group-26714022F5DE: closes. applyIndex: 0
2019-10-02 11:25:08,735 [grpc-default-executor-13] INFO  server.GrpcLogAppender (GrpcLogAppender.java:onCompleted(293)) - 6b9e8ff8-5b9c-4759-afd3-fc8cfa7baf67@group-4F4A3DBC358A->679bf837-d1b7-4317-bb84-639952a13514-AppendLogResponseHandler: follower responses appendEntries COMPLETED
2019-10-02 11:25:08,735 [679bf837-d1b7-4317-bb84-639952a13514@group-26714022F5DE-SegmentedRaftLogWorker] INFO  segmented.SegmentedRaftLogWorker (SegmentedRaftLogWorker.java:run(316)) - 679bf837-d1b7-4317-bb84-639952a13514@group-26714022F5DE-SegmentedRaftLogWorker was interrupted, exiting. There are 0 tasks remaining in the queue.
2019-10-02 11:25:08,738 [ForkJoinPool.commonPool-worker-0] INFO  segmented.SegmentedRaftLogWorker (SegmentedRaftLogWorker.java:close(224)) - 679bf837-d1b7-4317-bb84-639952a13514@group-26714022F5DE-SegmentedRaftLogWorker close()
2019-10-02 11:25:08,738 [grpc-default-executor-13] INFO  impl.FollowerInfo (FollowerInfo.java:lambda$new$0(51)) - 6b9e8ff8-5b9c-4759-afd3-fc8cfa7baf67@group-4F4A3DBC358A->679bf837-d1b7-4317-bb84-639952a13514: nextIndex: updateUnconditionally 5 -> 4
2019-10-02 11:25:08,742 [ForkJoinPool.commonPool-worker-0] INFO  impl.RaftServerImpl (RaftServerImpl.java:lambda$shutdown$3(247)) - 679bf837-d1b7-4317-bb84-639952a13514@group-4F4A3DBC358A: shutdown
2019-10-02 11:25:08,742 [ForkJoinPool.commonPool-worker-0] INFO  util.JmxRegister (JmxRegister.java:unregister(73)) - Successfully un-registered JMX Bean with object name Ratis:service=RaftServer,group=group-4F4A3DBC358A,id=679bf837-d1b7-4317-bb84-639952a13514
2019-10-02 11:25:08,743 [ForkJoinPool.commonPool-worker-0] INFO  impl.RoleInfo (RoleInfo.java:shutdownFollowerState(121)) - 679bf837-d1b7-4317-bb84-639952a13514: shutdown FollowerState
2019-10-02 11:25:08,743 [ForkJoinPool.commonPool-worker-0] INFO  impl.StateMachineUpdater (StateMachineUpdater.java:stopAndJoin(136)) - 679bf837-d1b7-4317-bb84-639952a13514@group-4F4A3DBC358A-StateMachineUpdater: set stopIndex = 4
2019-10-02 11:25:08,743 [Thread-3965] INFO  impl.FollowerState (FollowerState.java:run(117)) - 679bf837-d1b7-4317-bb84-639952a13514@group-4F4A3DBC358A-FollowerState was interrupted: java.lang.InterruptedException: sleep interrupted
2019-10-02 11:25:08,743 [679bf837-d1b7-4317-bb84-639952a13514@group-4F4A3DBC358A-StateMachineUpdater] INFO  ratis.ContainerStateMachine (ContainerStateMachine.java:takeSnapshot(293)) - group-4F4A3DBC358A: Taking a snapshot at:(t:2, i:3) file /workdir/hadoop-ozone/integration-test/target/test-dir/MiniOzoneClusterImpl-8ab3ee48-93a3-44e4-8138-6c86b881afd1/datanode-2/data/ratis/ef85c558-9c38-47d3-aca9-4f4a3dbc358a/sm/snapshot.2_3
2019-10-02 11:25:08,767 [679bf837-d1b7-4317-bb84-639952a13514@group-4F4A3DBC358A-StateMachineUpdater] INFO  ratis.ContainerStateMachine (ContainerStateMachine.java:takeSnapshot(304)) - group-4F4A3DBC358A: Finished taking a snapshot at:(t:2, i:3) file:/workdir/hadoop-ozone/integration-test/target/test-dir/MiniOzoneClusterImpl-8ab3ee48-93a3-44e4-8138-6c86b881afd1/datanode-2/data/ratis/ef85c558-9c38-47d3-aca9-4f4a3dbc358a/sm/snapshot.2_3 time:24
2019-10-02 11:25:08,767 [6b9e8ff8-5b9c-4759-afd3-fc8cfa7baf67@group-4F4A3DBC358A-StateMachineUpdater] INFO  ratis.ContainerStateMachine (ContainerStateMachine.java:takeSnapshot(304)) - group-4F4A3DBC358A: Finished taking a snapshot at:(t:2, i:4) file:/workdir/hadoop-ozone/integration-test/target/test-dir/MiniOzoneClusterImpl-8ab3ee48-93a3-44e4-8138-6c86b881afd1/datanode-3/data/ratis/ef85c558-9c38-47d3-aca9-4f4a3dbc358a/sm/snapshot.2_4 time:33
2019-10-02 11:25:08,768 [679bf837-d1b7-4317-bb84-639952a13514@group-4F4A3DBC358A-StateMachineUpdater] INFO  impl.StateMachineUpdater (StateMachineUpdater.java:takeSnapshot(269)) - 679bf837-d1b7-4317-bb84-639952a13514@group-4F4A3DBC358A-StateMachineUpdater: Took a snapshot at index 3
2019-10-02 11:25:08,768 [6b9e8ff8-5b9c-4759-afd3-fc8cfa7baf67@group-4F4A3DBC358A-StateMachineUpdater] INFO  impl.StateMachineUpdater (StateMachineUpdater.java:takeSnapshot(269)) - 6b9e8ff8-5b9c-4759-afd3-fc8cfa7baf67@group-4F4A3DBC358A-StateMachineUpdater: Took a snapshot at index 4
2019-10-02 11:25:08,768 [679bf837-d1b7-4317-bb84-639952a13514@group-4F4A3DBC358A-StateMachineUpdater] INFO  impl.StateMachineUpdater (StateMachineUpdater.java:lambda$new$0(84)) - 679bf837-d1b7-4317-bb84-639952a13514@group-4F4A3DBC358A-StateMachineUpdater: snapshotIndex: updateIncreasingly -1 -> 3
2019-10-02 11:25:08,768 [6b9e8ff8-5b9c-4759-afd3-fc8cfa7baf67@group-4F4A3DBC358A-StateMachineUpdater] INFO  impl.StateMachineUpdater (StateMachineUpdater.java:lambda$new$0(84)) - 6b9e8ff8-5b9c-4759-afd3-fc8cfa7baf67@group-4F4A3DBC358A-StateMachineUpdater: snapshotIndex: updateIncreasingly -1 -> 4
2019-10-02 11:25:08,768 [679bf837-d1b7-4317-bb84-639952a13514@group-4F4A3DBC358A-StateMachineUpdater] INFO  ratis.ContainerStateMachine (ContainerStateMachine.java:takeSnapshot(293)) - group-4F4A3DBC358A: Taking a snapshot at:(t:2, i:3) file /workdir/hadoop-ozone/integration-test/target/test-dir/MiniOzoneClusterImpl-8ab3ee48-93a3-44e4-8138-6c86b881afd1/datanode-2/data/ratis/ef85c558-9c38-47d3-aca9-4f4a3dbc358a/sm/snapshot.2_3
2019-10-02 11:25:08,768 [main] INFO  impl.RaftServerImpl (ServerState.java:close(387)) - 6b9e8ff8-5b9c-4759-afd3-fc8cfa7baf67@group-4F4A3DBC358A: closes. applyIndex: 4
2019-10-02 11:25:08,769 [6b9e8ff8-5b9c-4759-afd3-fc8cfa7baf67@group-4F4A3DBC358A-SegmentedRaftLogWorker] INFO  segmented.SegmentedRaftLogWorker (SegmentedRaftLogWorker.java:run(316)) - 6b9e8ff8-5b9c-4759-afd3-fc8cfa7baf67@group-4F4A3DBC358A-SegmentedRaftLogWorker was interrupted, exiting. There are 0 tasks remaining in the queue.
2019-10-02 11:25:08,780 [main] INFO  segmented.SegmentedRaftLogWorker (SegmentedRaftLogWorker.java:close(224)) - 6b9e8ff8-5b9c-4759-afd3-fc8cfa7baf67@group-4F4A3DBC358A-SegmentedRaftLogWorker close()
2019-10-02 11:25:08,795 [679bf837-d1b7-4317-bb84-639952a13514@group-4F4A3DBC358A-StateMachineUpdater] INFO  ratis.ContainerStateMachine (ContainerStateMachine.java:takeSnapshot(304)) - group-4F4A3DBC358A: Finished taking a snapshot at:(t:2, i:3) file:/workdir/hadoop-ozone/integration-test/target/test-dir/MiniOzoneClusterImpl-8ab3ee48-93a3-44e4-8138-6c86b881afd1/datanode-2/data/ratis/ef85c558-9c38-47d3-aca9-4f4a3dbc358a/sm/snapshot.2_3 time:27
2019-10-02 11:25:08,795 [main] INFO  impl.RaftServerImpl (RaftServerImpl.java:lambda$shutdown$3(247)) - 6b9e8ff8-5b9c-4759-afd3-fc8cfa7baf67@group-D12F555DF1D2: shutdown
2019-10-02 11:25:08,795 [679bf837-d1b7-4317-bb84-639952a13514@group-4F4A3DBC358A-StateMachineUpdater] INFO  impl.StateMachineUpdater (StateMachineUpdater.java:takeSnapshot(269)) - 679bf837-d1b7-4317-bb84-639952a13514@group-4F4A3DBC358A-StateMachineUpdater: Took a snapshot at index 3
2019-10-02 11:25:08,795 [main] INFO  util.JmxRegister (JmxRegister.java:unregister(73)) - Successfully un-registered JMX Bean with object name Ratis:service=RaftServer,group=group-D12F555DF1D2,id=6b9e8ff8-5b9c-4759-afd3-fc8cfa7baf67
2019-10-02 11:25:08,795 [679bf837-d1b7-4317-bb84-639952a13514@group-4F4A3DBC358A-StateMachineUpdater] INFO  impl.StateMachineUpdater (StateMachineUpdater.java:lambda$new$0(84)) - 679bf837-d1b7-4317-bb84-639952a13514@group-4F4A3DBC358A-StateMachineUpdater: snapshotIndex: updateIncreasingly 3 -> 3
2019-10-02 11:25:08,795 [main] INFO  impl.RoleInfo (RoleInfo.java:shutdownLeaderState(104)) - 6b9e8ff8-5b9c-4759-afd3-fc8cfa7baf67: shutdown LeaderState
2019-10-02 11:25:08,796 [ForkJoinPool.commonPool-worker-0] INFO  impl.RaftServerImpl (ServerState.java:close(387)) - 679bf837-d1b7-4317-bb84-639952a13514@group-4F4A3DBC358A: closes. applyIndex: 4
2019-10-02 11:25:08,796 [main] INFO  impl.PendingRequests (PendingRequests.java:sendNotLeaderResponses(202)) - 6b9e8ff8-5b9c-4759-afd3-fc8cfa7baf67@group-D12F555DF1D2-PendingRequests: sendNotLeaderResponses
2019-10-02 11:25:08,796 [679bf837-d1b7-4317-bb84-639952a13514@group-4F4A3DBC358A-SegmentedRaftLogWorker] INFO  segmented.SegmentedRaftLogWorker (SegmentedRaftLogWorker.java:run(316)) - 679bf837-d1b7-4317-bb84-639952a13514@group-4F4A3DBC358A-SegmentedRaftLogWorker was interrupted, exiting. There are 0 tasks remaining in the queue.
2019-10-02 11:25:08,796 [main] INFO  impl.StateMachineUpdater (StateMachineUpdater.java:stopAndJoin(136)) - 6b9e8ff8-5b9c-4759-afd3-fc8cfa7baf67@group-D12F555DF1D2-StateMachineUpdater: set stopIndex = 0
2019-10-02 11:25:08,798 [ForkJoinPool.commonPool-worker-0] INFO  segmented.SegmentedRaftLogWorker (SegmentedRaftLogWorker.java:close(224)) - 679bf837-d1b7-4317-bb84-639952a13514@group-4F4A3DBC358A-SegmentedRaftLogWorker close()
2019-10-02 11:25:08,799 [main] INFO  impl.RaftServerImpl (ServerState.java:close(387)) - 6b9e8ff8-5b9c-4759-afd3-fc8cfa7baf67@group-D12F555DF1D2: closes. applyIndex: 0
2019-10-02 11:25:08,801 [ForkJoinPool.commonPool-worker-0] INFO  server.GrpcService (GrpcService.java:closeImpl(164)) - 679bf837-d1b7-4317-bb84-639952a13514: shutdown server with port 36353 now
2019-10-02 11:25:08,801 [6b9e8ff8-5b9c-4759-afd3-fc8cfa7baf67@group-D12F555DF1D2-SegmentedRaftLogWorker] INFO  segmented.SegmentedRaftLogWorker (SegmentedRaftLogWorker.java:run(316)) - 6b9e8ff8-5b9c-4759-afd3-fc8cfa7baf67@group-D12F555DF1D2-SegmentedRaftLogWorker was interrupted, exiting. There are 0 tasks remaining in the queue.
2019-10-02 11:25:08,804 [main] INFO  segmented.SegmentedRaftLogWorker (SegmentedRaftLogWorker.java:close(224)) - 6b9e8ff8-5b9c-4759-afd3-fc8cfa7baf67@group-D12F555DF1D2-SegmentedRaftLogWorker close()
2019-10-02 11:25:08,805 [ForkJoinPool.commonPool-worker-0] INFO  server.GrpcService (GrpcService.java:closeImpl(172)) - 679bf837-d1b7-4317-bb84-639952a13514: shutdown server with port 36353 successfully
2019-10-02 11:25:08,807 [main] INFO  server.GrpcService (GrpcService.java:closeImpl(164)) - 6b9e8ff8-5b9c-4759-afd3-fc8cfa7baf67: shutdown server with port 43513 now
2019-10-02 11:25:08,808 [main] INFO  server.GrpcService (GrpcService.java:closeImpl(172)) - 6b9e8ff8-5b9c-4759-afd3-fc8cfa7baf67: shutdown server with port 43513 successfully
2019-10-02 11:25:08,810 [refreshUsed-/workdir/hadoop-ozone/integration-test/target/test-dir/MiniOzoneClusterImpl-8ab3ee48-93a3-44e4-8138-6c86b881afd1/datanode-2/data/containers] WARN  fs.CachingGetSpaceUsed (CachingGetSpaceUsed.java:run(183)) - Thread Interrupted waiting to refresh disk information: sleep interrupted
2019-10-02 11:25:08,811 [refreshUsed-/workdir/hadoop-ozone/integration-test/target/test-dir/MiniOzoneClusterImpl-8ab3ee48-93a3-44e4-8138-6c86b881afd1/datanode-3/data/containers] WARN  fs.CachingGetSpaceUsed (CachingGetSpaceUsed.java:run(183)) - Thread Interrupted waiting to refresh disk information: sleep interrupted
2019-10-02 11:25:08,825 [ForkJoinPool.commonPool-worker-0] INFO  utils.BackgroundService (BackgroundService.java:shutdown(148)) - Shutting down service BlockDeletingService
2019-10-02 11:25:08,828 [main] INFO  utils.BackgroundService (BackgroundService.java:shutdown(148)) - Shutting down service BlockDeletingService
2019-10-02 11:25:08,830 [ForkJoinPool.commonPool-worker-0] INFO  statemachine.DatanodeStateMachine (DatanodeStateMachine.java:stopDaemon(395)) - Ozone container server stopped.
2019-10-02 11:25:08,836 [main] INFO  statemachine.DatanodeStateMachine (DatanodeStateMachine.java:stopDaemon(395)) - Ozone container server stopped.
2019-10-02 11:25:08,839 [ForkJoinPool.commonPool-worker-0] INFO  handler.ContextHandler (ContextHandler.java:doStop(910)) - Stopped o.e.j.w.WebAppContext@2321e482{/,null,UNAVAILABLE}{/hddsDatanode}
2019-10-02 11:25:08,839 [main] INFO  handler.ContextHandler (ContextHandler.java:doStop(910)) - Stopped o.e.j.w.WebAppContext@67afe909{/,null,UNAVAILABLE}{/hddsDatanode}
2019-10-02 11:25:08,840 [main] INFO  server.AbstractConnector (AbstractConnector.java:doStop(318)) - Stopped ServerConnector@79f1e22e{HTTP/1.1,[http/1.1]}{0.0.0.0:0}
2019-10-02 11:25:08,840 [ForkJoinPool.commonPool-worker-0] INFO  server.AbstractConnector (AbstractConnector.java:doStop(318)) - Stopped ServerConnector@467ef400{HTTP/1.1,[http/1.1]}{0.0.0.0:0}
2019-10-02 11:25:08,840 [main] INFO  handler.ContextHandler (ContextHandler.java:doStop(910)) - Stopped o.e.j.s.ServletContextHandler@3dde5f38{/static,jar:file:/home/user/.m2/repository/org/apache/hadoop/hadoop-hdds-container-service/0.5.0-SNAPSHOT/hadoop-hdds-container-service-0.5.0-SNAPSHOT.jar!/webapps/static,UNAVAILABLE}
2019-10-02 11:25:08,842 [ForkJoinPool.commonPool-worker-0] INFO  handler.ContextHandler (ContextHandler.java:doStop(910)) - Stopped o.e.j.s.ServletContextHandler@5563bb40{/static,jar:file:/home/user/.m2/repository/org/apache/hadoop/hadoop-hdds-container-service/0.5.0-SNAPSHOT/hadoop-hdds-container-service-0.5.0-SNAPSHOT.jar!/webapps/static,UNAVAILABLE}
2019-10-02 11:25:08,842 [main] INFO  handler.ContextHandler (ContextHandler.java:doStop(910)) - Stopped o.e.j.s.ServletContextHandler@45d7495e{/logs,file:///workdir/hadoop-ozone/integration-test/target/log,UNAVAILABLE}
2019-10-02 11:25:08,844 [ForkJoinPool.commonPool-worker-0] INFO  handler.ContextHandler (ContextHandler.java:doStop(910)) - Stopped o.e.j.s.ServletContextHandler@66298fe9{/logs,file:///workdir/hadoop-ozone/integration-test/target/log,UNAVAILABLE}
2019-10-02 11:25:08,923 [Datanode State Machine Thread - 0] INFO  statemachine.DatanodeStateMachine (DatanodeStateMachine.java:lambda$startDaemon$0(350)) - Ozone container server started.
2019-10-02 11:25:08,923 [Datanode State Machine Thread - 0] INFO  statemachine.DatanodeStateMachine (DatanodeStateMachine.java:lambda$startDaemon$0(350)) - Ozone container server started.
2019-10-02 11:25:10,125 [Thread-3990] INFO  impl.FollowerState (FollowerState.java:run(108)) - 42e05091-6c62-4293-994f-dc1e077aa1f2@group-5A0478725195-FollowerState: change to CANDIDATE, lastRpcTime:8966ms, electionTimeout:5052ms
2019-10-02 11:25:10,125 [Thread-3990] INFO  impl.RoleInfo (RoleInfo.java:shutdownFollowerState(121)) - 42e05091-6c62-4293-994f-dc1e077aa1f2: shutdown FollowerState
2019-10-02 11:25:10,125 [Thread-3990] INFO  impl.RaftServerImpl (RaftServerImpl.java:setRole(170)) - 42e05091-6c62-4293-994f-dc1e077aa1f2@group-5A0478725195: changes role from  FOLLOWER to CANDIDATE at term 3 for changeToCandidate
2019-10-02 11:25:10,126 [Thread-3990] INFO  impl.RoleInfo (RoleInfo.java:updateAndGet(143)) - 42e05091-6c62-4293-994f-dc1e077aa1f2: start LeaderElection
2019-10-02 11:25:10,128 [42e05091-6c62-4293-994f-dc1e077aa1f2@group-5A0478725195-LeaderElection131] INFO  impl.RaftServerImpl (ServerState.java:setLeader(255)) - 42e05091-6c62-4293-994f-dc1e077aa1f2@group-5A0478725195: change Leader from 3beefbce-df87-4030-b8da-5c6bff08c947 to null at term 3 for initElection
2019-10-02 11:25:10,151 [42e05091-6c62-4293-994f-dc1e077aa1f2@group-5A0478725195-LeaderElection131] INFO  impl.LeaderElection (LeaderElection.java:askForVotes(178)) - 42e05091-6c62-4293-994f-dc1e077aa1f2@group-5A0478725195-LeaderElection131: begin an election at term 4 for 0: [0c636628-a06b-4155-ba06-d49595c8d0c4:192.168.30.53:33328, 42e05091-6c62-4293-994f-dc1e077aa1f2:192.168.30.53:45956, 3beefbce-df87-4030-b8da-5c6bff08c947:192.168.30.53:43019], old=null
2019-10-02 11:25:10,155 [grpc-default-executor-13] INFO  impl.RaftServerImpl (ServerState.java:setLeader(255)) - 0c636628-a06b-4155-ba06-d49595c8d0c4@group-5A0478725195: change Leader from 3beefbce-df87-4030-b8da-5c6bff08c947 to null at term 4 for updateCurrentTerm
2019-10-02 11:25:10,155 [grpc-default-executor-13] INFO  impl.RaftServerImpl (RaftServerImpl.java:setRole(170)) - 0c636628-a06b-4155-ba06-d49595c8d0c4@group-5A0478725195: changes role from  FOLLOWER to FOLLOWER at term 4 for recognizeCandidate:42e05091-6c62-4293-994f-dc1e077aa1f2
2019-10-02 11:25:10,155 [grpc-default-executor-13] INFO  impl.RoleInfo (RoleInfo.java:shutdownFollowerState(121)) - 0c636628-a06b-4155-ba06-d49595c8d0c4: shutdown FollowerState
2019-10-02 11:25:10,155 [grpc-default-executor-13] INFO  impl.RoleInfo (RoleInfo.java:updateAndGet(143)) - 0c636628-a06b-4155-ba06-d49595c8d0c4: start FollowerState
2019-10-02 11:25:10,155 [Thread-3991] INFO  impl.FollowerState (FollowerState.java:run(117)) - 0c636628-a06b-4155-ba06-d49595c8d0c4@group-5A0478725195-FollowerState was interrupted: java.lang.InterruptedException: sleep interrupted
2019-10-02 11:25:10,158 [42e05091-6c62-4293-994f-dc1e077aa1f2@group-5A0478725195-LeaderElection131] INFO  impl.LeaderElection (LogUtils.java:infoOrTrace(149)) - 42e05091-6c62-4293-994f-dc1e077aa1f2@group-5A0478725195-LeaderElection131 got exception when requesting votes: {}
java.util.concurrent.ExecutionException: org.apache.ratis.thirdparty.io.grpc.StatusRuntimeException: UNAVAILABLE: io exception
	at java.util.concurrent.FutureTask.report(FutureTask.java:122)
	at java.util.concurrent.FutureTask.get(FutureTask.java:192)
	at org.apache.ratis.server.impl.LeaderElection.waitForResults(LeaderElection.java:259)
	at org.apache.ratis.server.impl.LeaderElection.askForVotes(LeaderElection.java:197)
	at org.apache.ratis.server.impl.LeaderElection.run(LeaderElection.java:133)
	at java.lang.Thread.run(Thread.java:748)
Caused by: org.apache.ratis.thirdparty.io.grpc.StatusRuntimeException: UNAVAILABLE: io exception
	at org.apache.ratis.thirdparty.io.grpc.stub.ClientCalls.toStatusRuntimeException(ClientCalls.java:233)
	at org.apache.ratis.thirdparty.io.grpc.stub.ClientCalls.getUnchecked(ClientCalls.java:214)
	at org.apache.ratis.thirdparty.io.grpc.stub.ClientCalls.blockingUnaryCall(ClientCalls.java:139)
	at org.apache.ratis.proto.grpc.RaftServerProtocolServiceGrpc$RaftServerProtocolServiceBlockingStub.requestVote(RaftServerProtocolServiceGrpc.java:265)
	at org.apache.ratis.grpc.server.GrpcServerProtocolClient.requestVote(GrpcServerProtocolClient.java:99)
	at org.apache.ratis.grpc.server.GrpcService.requestVote(GrpcService.java:204)
	at org.apache.ratis.server.impl.LeaderElection.lambda$submitRequests$1(LeaderElection.java:234)
	at java.util.concurrent.FutureTask.run(FutureTask.java:266)
	at java.util.concurrent.Executors$RunnableAdapter.call(Executors.java:511)
	at java.util.concurrent.FutureTask.run(FutureTask.java:266)
	at java.util.concurrent.ThreadPoolExecutor.runWorker(ThreadPoolExecutor.java:1149)
	at java.util.concurrent.ThreadPoolExecutor$Worker.run(ThreadPoolExecutor.java:624)
	... 1 more
Caused by: org.apache.ratis.thirdparty.io.netty.channel.AbstractChannel$AnnotatedConnectException: Connection refused: /192.168.30.53:43019
	at sun.nio.ch.SocketChannelImpl.checkConnect(Native Method)
	at sun.nio.ch.SocketChannelImpl.finishConnect(SocketChannelImpl.java:717)
	at org.apache.ratis.thirdparty.io.netty.channel.socket.nio.NioSocketChannel.doFinishConnect(NioSocketChannel.java:327)
	at org.apache.ratis.thirdparty.io.netty.channel.nio.AbstractNioChannel$AbstractNioUnsafe.finishConnect(AbstractNioChannel.java:340)
	at org.apache.ratis.thirdparty.io.netty.channel.nio.NioEventLoop.processSelectedKey(NioEventLoop.java:632)
	at org.apache.ratis.thirdparty.io.netty.channel.nio.NioEventLoop.processSelectedKeysOptimized(NioEventLoop.java:579)
	at org.apache.ratis.thirdparty.io.netty.channel.nio.NioEventLoop.processSelectedKeys(NioEventLoop.java:496)
	at org.apache.ratis.thirdparty.io.netty.channel.nio.NioEventLoop.run(NioEventLoop.java:458)
	at org.apache.ratis.thirdparty.io.netty.util.concurrent.SingleThreadEventExecutor$5.run(SingleThreadEventExecutor.java:897)
	at org.apache.ratis.thirdparty.io.netty.util.concurrent.FastThreadLocalRunnable.run(FastThreadLocalRunnable.java:30)
	... 1 more
Caused by: java.net.ConnectException: Connection refused
	... 11 more
2019-10-02 11:25:10,189 [42e05091-6c62-4293-994f-dc1e077aa1f2@group-5A0478725195-LeaderElection131] INFO  impl.LeaderElection (LeaderElection.java:logAndReturn(56)) - 42e05091-6c62-4293-994f-dc1e077aa1f2@group-5A0478725195-LeaderElection131: Election PASSED; received 1 response(s) [42e05091-6c62-4293-994f-dc1e077aa1f2<-0c636628-a06b-4155-ba06-d49595c8d0c4#0:OK-t4] and 1 exception(s); 42e05091-6c62-4293-994f-dc1e077aa1f2@group-5A0478725195:t4, leader=null, voted=42e05091-6c62-4293-994f-dc1e077aa1f2, raftlog=42e05091-6c62-4293-994f-dc1e077aa1f2@group-5A0478725195-SegmentedRaftLog:OPENED:c15,f15,i15, conf=0: [0c636628-a06b-4155-ba06-d49595c8d0c4:192.168.30.53:33328, 42e05091-6c62-4293-994f-dc1e077aa1f2:192.168.30.53:45956, 3beefbce-df87-4030-b8da-5c6bff08c947:192.168.30.53:43019], old=null
2019-10-02 11:25:10,189 [42e05091-6c62-4293-994f-dc1e077aa1f2@group-5A0478725195-LeaderElection131] INFO  impl.LeaderElection (LogUtils.java:infoOrTrace(149)) -   Exception 0: {}
java.util.concurrent.ExecutionException: org.apache.ratis.thirdparty.io.grpc.StatusRuntimeException: UNAVAILABLE: io exception
	at java.util.concurrent.FutureTask.report(FutureTask.java:122)
	at java.util.concurrent.FutureTask.get(FutureTask.java:192)
	at org.apache.ratis.server.impl.LeaderElection.waitForResults(LeaderElection.java:259)
	at org.apache.ratis.server.impl.LeaderElection.askForVotes(LeaderElection.java:197)
	at org.apache.ratis.server.impl.LeaderElection.run(LeaderElection.java:133)
	at java.lang.Thread.run(Thread.java:748)
Caused by: org.apache.ratis.thirdparty.io.grpc.StatusRuntimeException: UNAVAILABLE: io exception
	at org.apache.ratis.thirdparty.io.grpc.stub.ClientCalls.toStatusRuntimeException(ClientCalls.java:233)
	at org.apache.ratis.thirdparty.io.grpc.stub.ClientCalls.getUnchecked(ClientCalls.java:214)
	at org.apache.ratis.thirdparty.io.grpc.stub.ClientCalls.blockingUnaryCall(ClientCalls.java:139)
	at org.apache.ratis.proto.grpc.RaftServerProtocolServiceGrpc$RaftServerProtocolServiceBlockingStub.requestVote(RaftServerProtocolServiceGrpc.java:265)
	at org.apache.ratis.grpc.server.GrpcServerProtocolClient.requestVote(GrpcServerProtocolClient.java:99)
	at org.apache.ratis.grpc.server.GrpcService.requestVote(GrpcService.java:204)
	at org.apache.ratis.server.impl.LeaderElection.lambda$submitRequests$1(LeaderElection.java:234)
	at java.util.concurrent.FutureTask.run(FutureTask.java:266)
	at java.util.concurrent.Executors$RunnableAdapter.call(Executors.java:511)
	at java.util.concurrent.FutureTask.run(FutureTask.java:266)
	at java.util.concurrent.ThreadPoolExecutor.runWorker(ThreadPoolExecutor.java:1149)
	at java.util.concurrent.ThreadPoolExecutor$Worker.run(ThreadPoolExecutor.java:624)
	... 1 more
Caused by: org.apache.ratis.thirdparty.io.netty.channel.AbstractChannel$AnnotatedConnectException: Connection refused: /192.168.30.53:43019
	at sun.nio.ch.SocketChannelImpl.checkConnect(Native Method)
	at sun.nio.ch.SocketChannelImpl.finishConnect(SocketChannelImpl.java:717)
	at org.apache.ratis.thirdparty.io.netty.channel.socket.nio.NioSocketChannel.doFinishConnect(NioSocketChannel.java:327)
	at org.apache.ratis.thirdparty.io.netty.channel.nio.AbstractNioChannel$AbstractNioUnsafe.finishConnect(AbstractNioChannel.java:340)
	at org.apache.ratis.thirdparty.io.netty.channel.nio.NioEventLoop.processSelectedKey(NioEventLoop.java:632)
	at org.apache.ratis.thirdparty.io.netty.channel.nio.NioEventLoop.processSelectedKeysOptimized(NioEventLoop.java:579)
	at org.apache.ratis.thirdparty.io.netty.channel.nio.NioEventLoop.processSelectedKeys(NioEventLoop.java:496)
	at org.apache.ratis.thirdparty.io.netty.channel.nio.NioEventLoop.run(NioEventLoop.java:458)
	at org.apache.ratis.thirdparty.io.netty.util.concurrent.SingleThreadEventExecutor$5.run(SingleThreadEventExecutor.java:897)
	at org.apache.ratis.thirdparty.io.netty.util.concurrent.FastThreadLocalRunnable.run(FastThreadLocalRunnable.java:30)
	... 1 more
Caused by: java.net.ConnectException: Connection refused
	... 11 more
2019-10-02 11:25:10,189 [42e05091-6c62-4293-994f-dc1e077aa1f2@group-5A0478725195-LeaderElection131] INFO  impl.RoleInfo (RoleInfo.java:shutdownLeaderElection(134)) - 42e05091-6c62-4293-994f-dc1e077aa1f2: shutdown LeaderElection
2019-10-02 11:25:10,190 [42e05091-6c62-4293-994f-dc1e077aa1f2@group-5A0478725195-LeaderElection131] INFO  impl.RaftServerImpl (RaftServerImpl.java:setRole(170)) - 42e05091-6c62-4293-994f-dc1e077aa1f2@group-5A0478725195: changes role from CANDIDATE to LEADER at term 4 for changeToLeader
2019-10-02 11:25:10,190 [42e05091-6c62-4293-994f-dc1e077aa1f2@group-5A0478725195-LeaderElection131] INFO  impl.RaftServerImpl (ServerState.java:setLeader(255)) - 42e05091-6c62-4293-994f-dc1e077aa1f2@group-5A0478725195: change Leader from null to 42e05091-6c62-4293-994f-dc1e077aa1f2 at term 4 for becomeLeader, leader elected after 61ms
2019-10-02 11:25:10,190 [42e05091-6c62-4293-994f-dc1e077aa1f2@group-5A0478725195-LeaderElection131] INFO  server.RaftServerConfigKeys (ConfUtils.java:logGet(43)) - raft.server.staging.catchup.gap = 1000 (default)
2019-10-02 11:25:10,190 [42e05091-6c62-4293-994f-dc1e077aa1f2@group-5A0478725195-LeaderElection131] INFO  server.RaftServerConfigKeys (ConfUtils.java:logGet(43)) - raft.server.rpc.sleep.time = 25ms (default)
2019-10-02 11:25:10,190 [42e05091-6c62-4293-994f-dc1e077aa1f2@group-5A0478725195-LeaderElection131] INFO  server.RaftServerConfigKeys (ConfUtils.java:logGet(43)) - raft.server.write.element-limit = 4096 (default)
2019-10-02 11:25:10,191 [42e05091-6c62-4293-994f-dc1e077aa1f2@group-5A0478725195-LeaderElection131] INFO  server.RaftServerConfigKeys (ConfUtils.java:logGet(43)) - raft.server.watch.timeout = 10s (default)
2019-10-02 11:25:10,191 [42e05091-6c62-4293-994f-dc1e077aa1f2@group-5A0478725195-LeaderElection131] INFO  server.RaftServerConfigKeys (ConfUtils.java:logGet(43)) - raft.server.watch.timeout.denomination = 1s (default)
2019-10-02 11:25:10,191 [42e05091-6c62-4293-994f-dc1e077aa1f2@group-5A0478725195-LeaderElection131] INFO  server.RaftServerConfigKeys (ConfUtils.java:logGet(43)) - raft.server.watch.element-limit = 65536 (default)
2019-10-02 11:25:10,193 [42e05091-6c62-4293-994f-dc1e077aa1f2@group-5A0478725195-LeaderElection131] INFO  server.RaftServerConfigKeys (ConfUtils.java:logGet(43)) - raft.server.log.appender.snapshot.chunk.size.max = 16MB (=16777216) (default)
2019-10-02 11:25:10,194 [42e05091-6c62-4293-994f-dc1e077aa1f2@group-5A0478725195-LeaderElection131] INFO  server.RaftServerConfigKeys (ConfUtils.java:logGet(43)) - raft.server.log.appender.buffer.byte-limit = 33554432 (custom)
2019-10-02 11:25:10,194 [42e05091-6c62-4293-994f-dc1e077aa1f2@group-5A0478725195-LeaderElection131] INFO  server.RaftServerConfigKeys (ConfUtils.java:logGet(43)) - raft.server.log.appender.buffer.element-limit = 1 (custom)
2019-10-02 11:25:10,194 [42e05091-6c62-4293-994f-dc1e077aa1f2@group-5A0478725195-LeaderElection131] INFO  grpc.GrpcConfigKeys$Server (ConfUtils.java:logGet(43)) - raft.grpc.server.leader.outstanding.appends.max = 128 (default)
2019-10-02 11:25:10,194 [42e05091-6c62-4293-994f-dc1e077aa1f2@group-5A0478725195-LeaderElection131] INFO  server.RaftServerConfigKeys (ConfUtils.java:logGet(43)) - raft.server.rpc.request.timeout = 3000ms (default)
2019-10-02 11:25:10,194 [42e05091-6c62-4293-994f-dc1e077aa1f2@group-5A0478725195-LeaderElection131] INFO  server.RaftServerConfigKeys (ConfUtils.java:logGet(43)) - raft.server.log.appender.install.snapshot.enabled = false (custom)
2019-10-02 11:25:10,195 [42e05091-6c62-4293-994f-dc1e077aa1f2@group-5A0478725195-LeaderElection131] INFO  server.RaftServerConfigKeys (ConfUtils.java:logGet(43)) - raft.server.log.appender.snapshot.chunk.size.max = 16MB (=16777216) (default)
2019-10-02 11:25:10,195 [42e05091-6c62-4293-994f-dc1e077aa1f2@group-5A0478725195-LeaderElection131] INFO  server.RaftServerConfigKeys (ConfUtils.java:logGet(43)) - raft.server.log.appender.buffer.byte-limit = 33554432 (custom)
2019-10-02 11:25:10,195 [42e05091-6c62-4293-994f-dc1e077aa1f2@group-5A0478725195-LeaderElection131] INFO  server.RaftServerConfigKeys (ConfUtils.java:logGet(43)) - raft.server.log.appender.buffer.element-limit = 1 (custom)
2019-10-02 11:25:10,195 [42e05091-6c62-4293-994f-dc1e077aa1f2@group-5A0478725195-LeaderElection131] INFO  grpc.GrpcConfigKeys$Server (ConfUtils.java:logGet(43)) - raft.grpc.server.leader.outstanding.appends.max = 128 (default)
2019-10-02 11:25:10,195 [42e05091-6c62-4293-994f-dc1e077aa1f2@group-5A0478725195-LeaderElection131] INFO  server.RaftServerConfigKeys (ConfUtils.java:logGet(43)) - raft.server.rpc.request.timeout = 3000ms (default)
2019-10-02 11:25:10,196 [42e05091-6c62-4293-994f-dc1e077aa1f2@group-5A0478725195-LeaderElection131] INFO  server.RaftServerConfigKeys (ConfUtils.java:logGet(43)) - raft.server.log.appender.install.snapshot.enabled = false (custom)
2019-10-02 11:25:10,196 [42e05091-6c62-4293-994f-dc1e077aa1f2@group-5A0478725195-LeaderElection131] INFO  impl.RoleInfo (RoleInfo.java:updateAndGet(143)) - 42e05091-6c62-4293-994f-dc1e077aa1f2: start LeaderState
2019-10-02 11:25:10,197 [42e05091-6c62-4293-994f-dc1e077aa1f2@group-5A0478725195-LeaderElection131] INFO  segmented.SegmentedRaftLogWorker (SegmentedRaftLogWorker.java:rollLogSegment(390)) - 42e05091-6c62-4293-994f-dc1e077aa1f2@group-5A0478725195-SegmentedRaftLogWorker: Rolling segment log-0_15 to index:15
2019-10-02 11:25:10,200 [42e05091-6c62-4293-994f-dc1e077aa1f2@group-5A0478725195-SegmentedRaftLogWorker] INFO  segmented.SegmentedRaftLogWorker (SegmentedRaftLogWorker.java:execute(531)) - 42e05091-6c62-4293-994f-dc1e077aa1f2@group-5A0478725195-SegmentedRaftLogWorker: Rolled log segment from /workdir/hadoop-ozone/integration-test/target/test-dir/MiniOzoneClusterImpl-8ab3ee48-93a3-44e4-8138-6c86b881afd1/datanode-0/data/ratis/6d4d03d7-e4ed-4912-a66d-5a0478725195/current/log_inprogress_0 to /workdir/hadoop-ozone/integration-test/target/test-dir/MiniOzoneClusterImpl-8ab3ee48-93a3-44e4-8138-6c86b881afd1/datanode-0/data/ratis/6d4d03d7-e4ed-4912-a66d-5a0478725195/current/log_0-15
2019-10-02 11:25:10,206 [42e05091-6c62-4293-994f-dc1e077aa1f2@group-5A0478725195-LeaderElection131] INFO  impl.RaftServerImpl (ServerState.java:setRaftConf(356)) - 42e05091-6c62-4293-994f-dc1e077aa1f2@group-5A0478725195: set configuration 16: [0c636628-a06b-4155-ba06-d49595c8d0c4:192.168.30.53:33328, 42e05091-6c62-4293-994f-dc1e077aa1f2:192.168.30.53:45956, 3beefbce-df87-4030-b8da-5c6bff08c947:192.168.30.53:43019], old=null at 16
2019-10-02 11:25:10,206 [grpc-default-executor-13] WARN  server.GrpcLogAppender (LogUtils.java:warn(134)) - 42e05091-6c62-4293-994f-dc1e077aa1f2@group-5A0478725195->3beefbce-df87-4030-b8da-5c6bff08c947-AppendLogResponseHandler: Failed appendEntries: org.apache.ratis.thirdparty.io.grpc.StatusRuntimeException: UNAVAILABLE: io exception
2019-10-02 11:25:10,232 [grpc-default-executor-13] INFO  impl.FollowerInfo (FollowerInfo.java:lambda$new$0(51)) - 42e05091-6c62-4293-994f-dc1e077aa1f2@group-5A0478725195->3beefbce-df87-4030-b8da-5c6bff08c947: nextIndex: updateUnconditionally 16 -> 1
2019-10-02 11:25:10,232 [grpc-default-executor-13] INFO  impl.RaftServerImpl (ServerState.java:setLeader(255)) - 0c636628-a06b-4155-ba06-d49595c8d0c4@group-5A0478725195: change Leader from null to 42e05091-6c62-4293-994f-dc1e077aa1f2 at term 4 for appendEntries, leader elected after 77ms
2019-10-02 11:25:10,234 [grpc-default-executor-13] INFO  impl.RaftServerImpl (ServerState.java:setRaftConf(356)) - 0c636628-a06b-4155-ba06-d49595c8d0c4@group-5A0478725195: set configuration 16: [0c636628-a06b-4155-ba06-d49595c8d0c4:192.168.30.53:33328, 42e05091-6c62-4293-994f-dc1e077aa1f2:192.168.30.53:45956, 3beefbce-df87-4030-b8da-5c6bff08c947:192.168.30.53:43019], old=null at 16
2019-10-02 11:25:10,235 [grpc-default-executor-13] INFO  segmented.SegmentedRaftLogWorker (SegmentedRaftLogWorker.java:rollLogSegment(390)) - 0c636628-a06b-4155-ba06-d49595c8d0c4@group-5A0478725195-SegmentedRaftLogWorker: Rolling segment log-0_15 to index:15
2019-10-02 11:25:10,235 [0c636628-a06b-4155-ba06-d49595c8d0c4@group-5A0478725195-SegmentedRaftLogWorker] INFO  segmented.SegmentedRaftLogWorker (SegmentedRaftLogWorker.java:execute(531)) - 0c636628-a06b-4155-ba06-d49595c8d0c4@group-5A0478725195-SegmentedRaftLogWorker: Rolled log segment from /workdir/hadoop-ozone/integration-test/target/test-dir/MiniOzoneClusterImpl-8ab3ee48-93a3-44e4-8138-6c86b881afd1/datanode-6/data/ratis/6d4d03d7-e4ed-4912-a66d-5a0478725195/current/log_inprogress_0 to /workdir/hadoop-ozone/integration-test/target/test-dir/MiniOzoneClusterImpl-8ab3ee48-93a3-44e4-8138-6c86b881afd1/datanode-6/data/ratis/6d4d03d7-e4ed-4912-a66d-5a0478725195/current/log_0-15
2019-10-02 11:25:10,238 [grpc-default-executor-16] WARN  server.GrpcLogAppender (LogUtils.java:warn(134)) - 42e05091-6c62-4293-994f-dc1e077aa1f2@group-5A0478725195->3beefbce-df87-4030-b8da-5c6bff08c947-AppendLogResponseHandler: Failed appendEntries: org.apache.ratis.thirdparty.io.grpc.StatusRuntimeException: UNAVAILABLE: io exception
2019-10-02 11:25:10,238 [grpc-default-executor-16] INFO  impl.FollowerInfo (FollowerInfo.java:lambda$new$0(51)) - 42e05091-6c62-4293-994f-dc1e077aa1f2@group-5A0478725195->3beefbce-df87-4030-b8da-5c6bff08c947: nextIndex: updateUnconditionally 2 -> 1
2019-10-02 11:25:10,254 [42e05091-6c62-4293-994f-dc1e077aa1f2@group-5A0478725195-SegmentedRaftLogWorker] INFO  segmented.SegmentedRaftLogWorker (SegmentedRaftLogWorker.java:execute(574)) - 42e05091-6c62-4293-994f-dc1e077aa1f2@group-5A0478725195-SegmentedRaftLogWorker: created new log segment /workdir/hadoop-ozone/integration-test/target/test-dir/MiniOzoneClusterImpl-8ab3ee48-93a3-44e4-8138-6c86b881afd1/datanode-0/data/ratis/6d4d03d7-e4ed-4912-a66d-5a0478725195/current/log_inprogress_16
2019-10-02 11:25:10,290 [0c636628-a06b-4155-ba06-d49595c8d0c4@group-5A0478725195-SegmentedRaftLogWorker] INFO  segmented.SegmentedRaftLogWorker (SegmentedRaftLogWorker.java:execute(574)) - 0c636628-a06b-4155-ba06-d49595c8d0c4@group-5A0478725195-SegmentedRaftLogWorker: created new log segment /workdir/hadoop-ozone/integration-test/target/test-dir/MiniOzoneClusterImpl-8ab3ee48-93a3-44e4-8138-6c86b881afd1/datanode-6/data/ratis/6d4d03d7-e4ed-4912-a66d-5a0478725195/current/log_inprogress_16
2019-10-02 11:25:10,308 [grpc-default-executor-17] WARN  server.GrpcLogAppender (LogUtils.java:warn(134)) - 42e05091-6c62-4293-994f-dc1e077aa1f2@group-5A0478725195->3beefbce-df87-4030-b8da-5c6bff08c947-AppendLogResponseHandler: Failed appendEntries: org.apache.ratis.thirdparty.io.grpc.StatusRuntimeException: UNAVAILABLE: io exception
2019-10-02 11:25:10,308 [grpc-default-executor-17] INFO  impl.FollowerInfo (FollowerInfo.java:lambda$new$0(51)) - 42e05091-6c62-4293-994f-dc1e077aa1f2@group-5A0478725195->3beefbce-df87-4030-b8da-5c6bff08c947: nextIndex: updateUnconditionally 2 -> 1
2019-10-02 11:25:10,323 [grpc-default-executor-13] WARN  server.GrpcLogAppender (LogUtils.java:warn(134)) - 42e05091-6c62-4293-994f-dc1e077aa1f2@group-5A0478725195->3beefbce-df87-4030-b8da-5c6bff08c947-AppendLogResponseHandler: Failed appendEntries: org.apache.ratis.thirdparty.io.grpc.StatusRuntimeException: UNAVAILABLE: io exception
2019-10-02 11:25:10,323 [grpc-default-executor-13] INFO  impl.FollowerInfo (FollowerInfo.java:lambda$new$0(51)) - 42e05091-6c62-4293-994f-dc1e077aa1f2@group-5A0478725195->3beefbce-df87-4030-b8da-5c6bff08c947: nextIndex: updateUnconditionally 2 -> 1
2019-10-02 11:25:12,824 [grpc-default-executor-13] WARN  server.GrpcLogAppender (LogUtils.java:warn(134)) - 42e05091-6c62-4293-994f-dc1e077aa1f2@group-5A0478725195->3beefbce-df87-4030-b8da-5c6bff08c947-AppendLogResponseHandler: Failed appendEntries: org.apache.ratis.thirdparty.io.grpc.StatusRuntimeException: UNAVAILABLE: io exception
2019-10-02 11:25:12,824 [grpc-default-executor-13] INFO  impl.FollowerInfo (FollowerInfo.java:lambda$new$0(51)) - 42e05091-6c62-4293-994f-dc1e077aa1f2@group-5A0478725195->3beefbce-df87-4030-b8da-5c6bff08c947: nextIndex: updateUnconditionally 1 -> 0
2019-10-02 11:25:12,999 [EventQueue-StaleNodeForStaleNodeHandler] INFO  node.StaleNodeHandler (StaleNodeHandler.java:onMessage(58)) - Datanode 42e05091-6c62-4293-994f-dc1e077aa1f2{ip: 192.168.30.53, host: pr-trunk-5xjmm-2411255686, networkLocation: /default-rack, certSerialId: null} moved to stale state. Finalizing its pipelines [PipelineID=7be12dd1-43a2-486f-9935-69fb91cbc860, PipelineID=6d4d03d7-e4ed-4912-a66d-5a0478725195]
2019-10-02 11:25:12,999 [EventQueue-StaleNodeForStaleNodeHandler] INFO  pipeline.SCMPipelineManager (SCMPipelineManager.java:finalizeAndDestroyPipeline(315)) - destroying pipeline:Pipeline[ Id: 7be12dd1-43a2-486f-9935-69fb91cbc860, Nodes: 42e05091-6c62-4293-994f-dc1e077aa1f2{ip: 192.168.30.53, host: pr-trunk-5xjmm-2411255686, networkLocation: /default-rack, certSerialId: null}, Type:RATIS, Factor:ONE, State:OPEN]
2019-10-02 11:25:12,999 [EventQueue-StaleNodeForStaleNodeHandler] INFO  pipeline.PipelineStateManager (PipelineStateManager.java:finalizePipeline(123)) - Pipeline Pipeline[ Id: 7be12dd1-43a2-486f-9935-69fb91cbc860, Nodes: 42e05091-6c62-4293-994f-dc1e077aa1f2{ip: 192.168.30.53, host: pr-trunk-5xjmm-2411255686, networkLocation: /default-rack, certSerialId: null}, Type:RATIS, Factor:ONE, State:CLOSED] moved to CLOSED state
2019-10-02 11:25:12,999 [EventQueue-StaleNodeForStaleNodeHandler] INFO  pipeline.SCMPipelineManager (SCMPipelineManager.java:finalizeAndDestroyPipeline(315)) - destroying pipeline:Pipeline[ Id: 6d4d03d7-e4ed-4912-a66d-5a0478725195, Nodes: 42e05091-6c62-4293-994f-dc1e077aa1f2{ip: 192.168.30.53, host: pr-trunk-5xjmm-2411255686, networkLocation: /default-rack, certSerialId: null}3beefbce-df87-4030-b8da-5c6bff08c947{ip: 192.168.30.53, host: pr-trunk-5xjmm-2411255686, networkLocation: /default-rack, certSerialId: null}0c636628-a06b-4155-ba06-d49595c8d0c4{ip: 192.168.30.53, host: pr-trunk-5xjmm-2411255686, networkLocation: /default-rack, certSerialId: null}, Type:RATIS, Factor:THREE, State:CLOSED]
2019-10-02 11:25:12,999 [EventQueue-StaleNodeForStaleNodeHandler] INFO  node.StaleNodeHandler (StaleNodeHandler.java:onMessage(58)) - Datanode 0c636628-a06b-4155-ba06-d49595c8d0c4{ip: 192.168.30.53, host: pr-trunk-5xjmm-2411255686, networkLocation: /default-rack, certSerialId: null} moved to stale state. Finalizing its pipelines [PipelineID=2ce3b4cf-b72d-48c6-b442-61bb09d55939, PipelineID=6d4d03d7-e4ed-4912-a66d-5a0478725195]
2019-10-02 11:25:13,000 [EventQueue-StaleNodeForStaleNodeHandler] INFO  pipeline.SCMPipelineManager (SCMPipelineManager.java:finalizeAndDestroyPipeline(315)) - destroying pipeline:Pipeline[ Id: 2ce3b4cf-b72d-48c6-b442-61bb09d55939, Nodes: 0c636628-a06b-4155-ba06-d49595c8d0c4{ip: 192.168.30.53, host: pr-trunk-5xjmm-2411255686, networkLocation: /default-rack, certSerialId: null}, Type:RATIS, Factor:ONE, State:OPEN]
2019-10-02 11:25:13,000 [EventQueue-StaleNodeForStaleNodeHandler] INFO  pipeline.PipelineStateManager (PipelineStateManager.java:finalizePipeline(123)) - Pipeline Pipeline[ Id: 2ce3b4cf-b72d-48c6-b442-61bb09d55939, Nodes: 0c636628-a06b-4155-ba06-d49595c8d0c4{ip: 192.168.30.53, host: pr-trunk-5xjmm-2411255686, networkLocation: /default-rack, certSerialId: null}, Type:RATIS, Factor:ONE, State:CLOSED] moved to CLOSED state
2019-10-02 11:25:13,000 [EventQueue-StaleNodeForStaleNodeHandler] INFO  pipeline.SCMPipelineManager (SCMPipelineManager.java:finalizeAndDestroyPipeline(315)) - destroying pipeline:Pipeline[ Id: 6d4d03d7-e4ed-4912-a66d-5a0478725195, Nodes: 42e05091-6c62-4293-994f-dc1e077aa1f2{ip: 192.168.30.53, host: pr-trunk-5xjmm-2411255686, networkLocation: /default-rack, certSerialId: null}3beefbce-df87-4030-b8da-5c6bff08c947{ip: 192.168.30.53, host: pr-trunk-5xjmm-2411255686, networkLocation: /default-rack, certSerialId: null}0c636628-a06b-4155-ba06-d49595c8d0c4{ip: 192.168.30.53, host: pr-trunk-5xjmm-2411255686, networkLocation: /default-rack, certSerialId: null}, Type:RATIS, Factor:THREE, State:CLOSED]
2019-10-02 11:25:13,845 [main] INFO  ozoneimpl.OzoneContainer (OzoneContainer.java:stop(231)) - Attempting to stop container services.
2019-10-02 11:25:13,850 [ForkJoinPool.commonPool-worker-0] INFO  ozoneimpl.OzoneContainer (OzoneContainer.java:stop(231)) - Attempting to stop container services.
2019-10-02 11:25:13,852 [ForkJoinPool.commonPool-worker-0] INFO  impl.RaftServerProxy (RaftServerProxy.java:lambda$close$4(314)) - 42e05091-6c62-4293-994f-dc1e077aa1f2: close
2019-10-02 11:25:13,852 [main] INFO  impl.RaftServerProxy (RaftServerProxy.java:lambda$close$4(314)) - 0c636628-a06b-4155-ba06-d49595c8d0c4: close
2019-10-02 11:25:13,853 [ForkJoinPool.commonPool-worker-0] INFO  impl.RaftServerImpl (RaftServerImpl.java:lambda$shutdown$3(247)) - 42e05091-6c62-4293-994f-dc1e077aa1f2@group-69FB91CBC860: shutdown
2019-10-02 11:25:13,853 [main] INFO  impl.RaftServerImpl (RaftServerImpl.java:lambda$shutdown$3(247)) - 0c636628-a06b-4155-ba06-d49595c8d0c4@group-61BB09D55939: shutdown
2019-10-02 11:25:13,853 [ForkJoinPool.commonPool-worker-0] INFO  util.JmxRegister (JmxRegister.java:unregister(73)) - Successfully un-registered JMX Bean with object name Ratis:service=RaftServer,group=group-69FB91CBC860,id=42e05091-6c62-4293-994f-dc1e077aa1f2
2019-10-02 11:25:13,853 [main] INFO  util.JmxRegister (JmxRegister.java:unregister(73)) - Successfully un-registered JMX Bean with object name Ratis:service=RaftServer,group=group-61BB09D55939,id=0c636628-a06b-4155-ba06-d49595c8d0c4
2019-10-02 11:25:13,854 [ForkJoinPool.commonPool-worker-0] INFO  impl.RoleInfo (RoleInfo.java:shutdownLeaderState(104)) - 42e05091-6c62-4293-994f-dc1e077aa1f2: shutdown LeaderState
2019-10-02 11:25:13,854 [main] INFO  impl.RoleInfo (RoleInfo.java:shutdownLeaderState(104)) - 0c636628-a06b-4155-ba06-d49595c8d0c4: shutdown LeaderState
2019-10-02 11:25:13,854 [ForkJoinPool.commonPool-worker-0] INFO  impl.PendingRequests (PendingRequests.java:sendNotLeaderResponses(202)) - 42e05091-6c62-4293-994f-dc1e077aa1f2@group-69FB91CBC860-PendingRequests: sendNotLeaderResponses
2019-10-02 11:25:13,854 [main] INFO  impl.PendingRequests (PendingRequests.java:sendNotLeaderResponses(202)) - 0c636628-a06b-4155-ba06-d49595c8d0c4@group-61BB09D55939-PendingRequests: sendNotLeaderResponses
2019-10-02 11:25:13,855 [ForkJoinPool.commonPool-worker-0] INFO  impl.StateMachineUpdater (StateMachineUpdater.java:stopAndJoin(136)) - 42e05091-6c62-4293-994f-dc1e077aa1f2@group-69FB91CBC860-StateMachineUpdater: set stopIndex = 0
2019-10-02 11:25:13,855 [main] INFO  impl.StateMachineUpdater (StateMachineUpdater.java:stopAndJoin(136)) - 0c636628-a06b-4155-ba06-d49595c8d0c4@group-61BB09D55939-StateMachineUpdater: set stopIndex = 0
2019-10-02 11:25:13,855 [ForkJoinPool.commonPool-worker-0] INFO  impl.RaftServerImpl (ServerState.java:close(387)) - 42e05091-6c62-4293-994f-dc1e077aa1f2@group-69FB91CBC860: closes. applyIndex: 0
2019-10-02 11:25:13,855 [main] INFO  impl.RaftServerImpl (ServerState.java:close(387)) - 0c636628-a06b-4155-ba06-d49595c8d0c4@group-61BB09D55939: closes. applyIndex: 0
2019-10-02 11:25:13,855 [42e05091-6c62-4293-994f-dc1e077aa1f2@group-69FB91CBC860-SegmentedRaftLogWorker] INFO  segmented.SegmentedRaftLogWorker (SegmentedRaftLogWorker.java:run(316)) - 42e05091-6c62-4293-994f-dc1e077aa1f2@group-69FB91CBC860-SegmentedRaftLogWorker was interrupted, exiting. There are 0 tasks remaining in the queue.
2019-10-02 11:25:13,856 [0c636628-a06b-4155-ba06-d49595c8d0c4@group-61BB09D55939-SegmentedRaftLogWorker] INFO  segmented.SegmentedRaftLogWorker (SegmentedRaftLogWorker.java:run(316)) - 0c636628-a06b-4155-ba06-d49595c8d0c4@group-61BB09D55939-SegmentedRaftLogWorker was interrupted, exiting. There are 0 tasks remaining in the queue.
2019-10-02 11:25:13,858 [ForkJoinPool.commonPool-worker-0] INFO  segmented.SegmentedRaftLogWorker (SegmentedRaftLogWorker.java:close(224)) - 42e05091-6c62-4293-994f-dc1e077aa1f2@group-69FB91CBC860-SegmentedRaftLogWorker close()
2019-10-02 11:25:13,860 [main] INFO  segmented.SegmentedRaftLogWorker (SegmentedRaftLogWorker.java:close(224)) - 0c636628-a06b-4155-ba06-d49595c8d0c4@group-61BB09D55939-SegmentedRaftLogWorker close()
2019-10-02 11:25:13,862 [ForkJoinPool.commonPool-worker-0] INFO  impl.RaftServerImpl (RaftServerImpl.java:lambda$shutdown$3(247)) - 42e05091-6c62-4293-994f-dc1e077aa1f2@group-5A0478725195: shutdown
2019-10-02 11:25:13,876 [main] INFO  impl.RaftServerImpl (RaftServerImpl.java:lambda$shutdown$3(247)) - 0c636628-a06b-4155-ba06-d49595c8d0c4@group-5A0478725195: shutdown
2019-10-02 11:25:13,876 [ForkJoinPool.commonPool-worker-0] INFO  util.JmxRegister (JmxRegister.java:unregister(73)) - Successfully un-registered JMX Bean with object name Ratis:service=RaftServer,group=group-5A0478725195,id=42e05091-6c62-4293-994f-dc1e077aa1f2
2019-10-02 11:25:13,876 [ForkJoinPool.commonPool-worker-0] INFO  impl.RoleInfo (RoleInfo.java:shutdownLeaderState(104)) - 42e05091-6c62-4293-994f-dc1e077aa1f2: shutdown LeaderState
2019-10-02 11:25:13,876 [main] INFO  util.JmxRegister (JmxRegister.java:unregister(73)) - Successfully un-registered JMX Bean with object name Ratis:service=RaftServer,group=group-5A0478725195,id=0c636628-a06b-4155-ba06-d49595c8d0c4
2019-10-02 11:25:13,881 [org.apache.ratis.server.impl.LogAppender$AppenderDaemon$$Lambda$523/1947273203@56ddfce2] WARN  server.GrpcLogAppender (GrpcLogAppender.java:mayWait(143)) - 42e05091-6c62-4293-994f-dc1e077aa1f2@group-5A0478725195->0c636628-a06b-4155-ba06-d49595c8d0c4-GrpcLogAppender: Wait interrupted by java.lang.InterruptedException
2019-10-02 11:25:13,881 [org.apache.ratis.server.impl.LogAppender$AppenderDaemon$$Lambda$523/1947273203@60ac7f5e] WARN  server.GrpcLogAppender (GrpcLogAppender.java:mayWait(143)) - 42e05091-6c62-4293-994f-dc1e077aa1f2@group-5A0478725195->3beefbce-df87-4030-b8da-5c6bff08c947-GrpcLogAppender: Wait interrupted by java.lang.InterruptedException
2019-10-02 11:25:13,881 [ForkJoinPool.commonPool-worker-0] INFO  impl.PendingRequests (PendingRequests.java:sendNotLeaderResponses(202)) - 42e05091-6c62-4293-994f-dc1e077aa1f2@group-5A0478725195-PendingRequests: sendNotLeaderResponses
2019-10-02 11:25:13,882 [main] INFO  impl.RoleInfo (RoleInfo.java:shutdownFollowerState(121)) - 0c636628-a06b-4155-ba06-d49595c8d0c4: shutdown FollowerState
2019-10-02 11:25:13,882 [42e05091-6c62-4293-994f-dc1e077aa1f2@group-5A0478725195-StateMachineUpdater] INFO  ratis.ContainerStateMachine (ContainerStateMachine.java:takeSnapshot(293)) - group-5A0478725195: Taking a snapshot at:(t:3, i:15) file /workdir/hadoop-ozone/integration-test/target/test-dir/MiniOzoneClusterImpl-8ab3ee48-93a3-44e4-8138-6c86b881afd1/datanode-0/data/ratis/6d4d03d7-e4ed-4912-a66d-5a0478725195/sm/snapshot.3_15
2019-10-02 11:25:13,882 [Thread-4087] INFO  impl.FollowerState (FollowerState.java:run(117)) - 0c636628-a06b-4155-ba06-d49595c8d0c4@group-5A0478725195-FollowerState was interrupted: java.lang.InterruptedException: sleep interrupted
2019-10-02 11:25:13,882 [ForkJoinPool.commonPool-worker-0] INFO  impl.StateMachineUpdater (StateMachineUpdater.java:stopAndJoin(136)) - 42e05091-6c62-4293-994f-dc1e077aa1f2@group-5A0478725195-StateMachineUpdater: set stopIndex = 17
2019-10-02 11:25:13,882 [grpc-default-executor-13] INFO  server.GrpcServerProtocolService (GrpcServerProtocolService.java:onCompleted(113)) - 0c636628-a06b-4155-ba06-d49595c8d0c4: Completed APPEND_ENTRIES, lastRequest: 42e05091-6c62-4293-994f-dc1e077aa1f2->0c636628-a06b-4155-ba06-d49595c8d0c4#3-t4, previous=(t:4, i:17), leaderCommit=17, initializing? false, entries: <empty>
2019-10-02 11:25:13,882 [0c636628-a06b-4155-ba06-d49595c8d0c4@group-5A0478725195-StateMachineUpdater] INFO  ratis.ContainerStateMachine (ContainerStateMachine.java:takeSnapshot(293)) - group-5A0478725195: Taking a snapshot at:(t:3, i:15) file /workdir/hadoop-ozone/integration-test/target/test-dir/MiniOzoneClusterImpl-8ab3ee48-93a3-44e4-8138-6c86b881afd1/datanode-6/data/ratis/6d4d03d7-e4ed-4912-a66d-5a0478725195/sm/snapshot.3_15
2019-10-02 11:25:13,882 [main] INFO  impl.StateMachineUpdater (StateMachineUpdater.java:stopAndJoin(136)) - 0c636628-a06b-4155-ba06-d49595c8d0c4@group-5A0478725195-StateMachineUpdater: set stopIndex = 17
2019-10-02 11:25:13,884 [grpc-default-executor-13] INFO  server.GrpcLogAppender (GrpcLogAppender.java:onCompleted(293)) - 42e05091-6c62-4293-994f-dc1e077aa1f2@group-5A0478725195->0c636628-a06b-4155-ba06-d49595c8d0c4-AppendLogResponseHandler: follower responses appendEntries COMPLETED
2019-10-02 11:25:13,885 [grpc-default-executor-13] INFO  impl.FollowerInfo (FollowerInfo.java:lambda$new$0(51)) - 42e05091-6c62-4293-994f-dc1e077aa1f2@group-5A0478725195->0c636628-a06b-4155-ba06-d49595c8d0c4: nextIndex: updateUnconditionally 18 -> 17
2019-10-02 11:25:13,907 [42e05091-6c62-4293-994f-dc1e077aa1f2@group-5A0478725195-StateMachineUpdater] INFO  ratis.ContainerStateMachine (ContainerStateMachine.java:takeSnapshot(304)) - group-5A0478725195: Finished taking a snapshot at:(t:3, i:15) file:/workdir/hadoop-ozone/integration-test/target/test-dir/MiniOzoneClusterImpl-8ab3ee48-93a3-44e4-8138-6c86b881afd1/datanode-0/data/ratis/6d4d03d7-e4ed-4912-a66d-5a0478725195/sm/snapshot.3_15 time:25
2019-10-02 11:25:13,907 [0c636628-a06b-4155-ba06-d49595c8d0c4@group-5A0478725195-StateMachineUpdater] INFO  ratis.ContainerStateMachine (ContainerStateMachine.java:takeSnapshot(304)) - group-5A0478725195: Finished taking a snapshot at:(t:3, i:15) file:/workdir/hadoop-ozone/integration-test/target/test-dir/MiniOzoneClusterImpl-8ab3ee48-93a3-44e4-8138-6c86b881afd1/datanode-6/data/ratis/6d4d03d7-e4ed-4912-a66d-5a0478725195/sm/snapshot.3_15 time:25
2019-10-02 11:25:13,907 [42e05091-6c62-4293-994f-dc1e077aa1f2@group-5A0478725195-StateMachineUpdater] INFO  impl.StateMachineUpdater (StateMachineUpdater.java:takeSnapshot(269)) - 42e05091-6c62-4293-994f-dc1e077aa1f2@group-5A0478725195-StateMachineUpdater: Took a snapshot at index 15
2019-10-02 11:25:13,907 [0c636628-a06b-4155-ba06-d49595c8d0c4@group-5A0478725195-StateMachineUpdater] INFO  impl.StateMachineUpdater (StateMachineUpdater.java:takeSnapshot(269)) - 0c636628-a06b-4155-ba06-d49595c8d0c4@group-5A0478725195-StateMachineUpdater: Took a snapshot at index 15
2019-10-02 11:25:13,907 [42e05091-6c62-4293-994f-dc1e077aa1f2@group-5A0478725195-StateMachineUpdater] INFO  impl.StateMachineUpdater (StateMachineUpdater.java:lambda$new$0(84)) - 42e05091-6c62-4293-994f-dc1e077aa1f2@group-5A0478725195-StateMachineUpdater: snapshotIndex: updateIncreasingly -1 -> 15
2019-10-02 11:25:13,907 [0c636628-a06b-4155-ba06-d49595c8d0c4@group-5A0478725195-StateMachineUpdater] INFO  impl.StateMachineUpdater (StateMachineUpdater.java:lambda$new$0(84)) - 0c636628-a06b-4155-ba06-d49595c8d0c4@group-5A0478725195-StateMachineUpdater: snapshotIndex: updateIncreasingly -1 -> 15
2019-10-02 11:25:13,907 [0c636628-a06b-4155-ba06-d49595c8d0c4@group-5A0478725195-StateMachineUpdater] INFO  ratis.ContainerStateMachine (ContainerStateMachine.java:takeSnapshot(293)) - group-5A0478725195: Taking a snapshot at:(t:3, i:15) file /workdir/hadoop-ozone/integration-test/target/test-dir/MiniOzoneClusterImpl-8ab3ee48-93a3-44e4-8138-6c86b881afd1/datanode-6/data/ratis/6d4d03d7-e4ed-4912-a66d-5a0478725195/sm/snapshot.3_15
2019-10-02 11:25:13,907 [42e05091-6c62-4293-994f-dc1e077aa1f2@group-5A0478725195-StateMachineUpdater] INFO  ratis.ContainerStateMachine (ContainerStateMachine.java:takeSnapshot(293)) - group-5A0478725195: Taking a snapshot at:(t:3, i:15) file /workdir/hadoop-ozone/integration-test/target/test-dir/MiniOzoneClusterImpl-8ab3ee48-93a3-44e4-8138-6c86b881afd1/datanode-0/data/ratis/6d4d03d7-e4ed-4912-a66d-5a0478725195/sm/snapshot.3_15
2019-10-02 11:25:13,931 [42e05091-6c62-4293-994f-dc1e077aa1f2@group-5A0478725195-StateMachineUpdater] INFO  ratis.ContainerStateMachine (ContainerStateMachine.java:takeSnapshot(304)) - group-5A0478725195: Finished taking a snapshot at:(t:3, i:15) file:/workdir/hadoop-ozone/integration-test/target/test-dir/MiniOzoneClusterImpl-8ab3ee48-93a3-44e4-8138-6c86b881afd1/datanode-0/data/ratis/6d4d03d7-e4ed-4912-a66d-5a0478725195/sm/snapshot.3_15 time:24
2019-10-02 11:25:13,931 [0c636628-a06b-4155-ba06-d49595c8d0c4@group-5A0478725195-StateMachineUpdater] INFO  ratis.ContainerStateMachine (ContainerStateMachine.java:takeSnapshot(304)) - group-5A0478725195: Finished taking a snapshot at:(t:3, i:15) file:/workdir/hadoop-ozone/integration-test/target/test-dir/MiniOzoneClusterImpl-8ab3ee48-93a3-44e4-8138-6c86b881afd1/datanode-6/data/ratis/6d4d03d7-e4ed-4912-a66d-5a0478725195/sm/snapshot.3_15 time:24
2019-10-02 11:25:13,931 [42e05091-6c62-4293-994f-dc1e077aa1f2@group-5A0478725195-StateMachineUpdater] INFO  impl.StateMachineUpdater (StateMachineUpdater.java:takeSnapshot(269)) - 42e05091-6c62-4293-994f-dc1e077aa1f2@group-5A0478725195-StateMachineUpdater: Took a snapshot at index 15
2019-10-02 11:25:13,931 [0c636628-a06b-4155-ba06-d49595c8d0c4@group-5A0478725195-StateMachineUpdater] INFO  impl.StateMachineUpdater (StateMachineUpdater.java:takeSnapshot(269)) - 0c636628-a06b-4155-ba06-d49595c8d0c4@group-5A0478725195-StateMachineUpdater: Took a snapshot at index 15
2019-10-02 11:25:13,931 [42e05091-6c62-4293-994f-dc1e077aa1f2@group-5A0478725195-StateMachineUpdater] INFO  impl.StateMachineUpdater (StateMachineUpdater.java:lambda$new$0(84)) - 42e05091-6c62-4293-994f-dc1e077aa1f2@group-5A0478725195-StateMachineUpdater: snapshotIndex: updateIncreasingly 15 -> 15
2019-10-02 11:25:13,931 [0c636628-a06b-4155-ba06-d49595c8d0c4@group-5A0478725195-StateMachineUpdater] INFO  impl.StateMachineUpdater (StateMachineUpdater.java:lambda$new$0(84)) - 0c636628-a06b-4155-ba06-d49595c8d0c4@group-5A0478725195-StateMachineUpdater: snapshotIndex: updateIncreasingly 15 -> 15
2019-10-02 11:25:13,931 [ForkJoinPool.commonPool-worker-0] INFO  impl.RaftServerImpl (ServerState.java:close(387)) - 42e05091-6c62-4293-994f-dc1e077aa1f2@group-5A0478725195: closes. applyIndex: 17
2019-10-02 11:25:13,931 [main] INFO  impl.RaftServerImpl (ServerState.java:close(387)) - 0c636628-a06b-4155-ba06-d49595c8d0c4@group-5A0478725195: closes. applyIndex: 17
2019-10-02 11:25:13,932 [42e05091-6c62-4293-994f-dc1e077aa1f2@group-5A0478725195-SegmentedRaftLogWorker] INFO  segmented.SegmentedRaftLogWorker (SegmentedRaftLogWorker.java:run(316)) - 42e05091-6c62-4293-994f-dc1e077aa1f2@group-5A0478725195-SegmentedRaftLogWorker was interrupted, exiting. There are 0 tasks remaining in the queue.
2019-10-02 11:25:13,932 [0c636628-a06b-4155-ba06-d49595c8d0c4@group-5A0478725195-SegmentedRaftLogWorker] INFO  segmented.SegmentedRaftLogWorker (SegmentedRaftLogWorker.java:run(316)) - 0c636628-a06b-4155-ba06-d49595c8d0c4@group-5A0478725195-SegmentedRaftLogWorker was interrupted, exiting. There are 0 tasks remaining in the queue.
2019-10-02 11:25:13,932 [ForkJoinPool.commonPool-worker-0] INFO  segmented.SegmentedRaftLogWorker (SegmentedRaftLogWorker.java:close(224)) - 42e05091-6c62-4293-994f-dc1e077aa1f2@group-5A0478725195-SegmentedRaftLogWorker close()
2019-10-02 11:25:13,932 [main] INFO  segmented.SegmentedRaftLogWorker (SegmentedRaftLogWorker.java:close(224)) - 0c636628-a06b-4155-ba06-d49595c8d0c4@group-5A0478725195-SegmentedRaftLogWorker close()
2019-10-02 11:25:13,933 [ForkJoinPool.commonPool-worker-0] INFO  server.GrpcService (GrpcService.java:closeImpl(164)) - 42e05091-6c62-4293-994f-dc1e077aa1f2: shutdown server with port 45956 now
2019-10-02 11:25:13,933 [main] INFO  server.GrpcService (GrpcService.java:closeImpl(164)) - 0c636628-a06b-4155-ba06-d49595c8d0c4: shutdown server with port 33328 now
2019-10-02 11:25:13,933 [ForkJoinPool.commonPool-worker-0] INFO  server.GrpcService (GrpcService.java:closeImpl(172)) - 42e05091-6c62-4293-994f-dc1e077aa1f2: shutdown server with port 45956 successfully
2019-10-02 11:25:13,934 [main] INFO  server.GrpcService (GrpcService.java:closeImpl(172)) - 0c636628-a06b-4155-ba06-d49595c8d0c4: shutdown server with port 33328 successfully
2019-10-02 11:25:13,936 [refreshUsed-/workdir/hadoop-ozone/integration-test/target/test-dir/MiniOzoneClusterImpl-8ab3ee48-93a3-44e4-8138-6c86b881afd1/datanode-0/data/containers] WARN  fs.CachingGetSpaceUsed (CachingGetSpaceUsed.java:run(183)) - Thread Interrupted waiting to refresh disk information: sleep interrupted
2019-10-02 11:25:13,938 [refreshUsed-/workdir/hadoop-ozone/integration-test/target/test-dir/MiniOzoneClusterImpl-8ab3ee48-93a3-44e4-8138-6c86b881afd1/datanode-6/data/containers] WARN  fs.CachingGetSpaceUsed (CachingGetSpaceUsed.java:run(183)) - Thread Interrupted waiting to refresh disk information: sleep interrupted
2019-10-02 11:25:14,300 [main] INFO  utils.BackgroundService (BackgroundService.java:shutdown(148)) - Shutting down service BlockDeletingService
2019-10-02 11:25:14,300 [ForkJoinPool.commonPool-worker-0] INFO  utils.BackgroundService (BackgroundService.java:shutdown(148)) - Shutting down service BlockDeletingService
2019-10-02 11:25:14,305 [main] INFO  statemachine.DatanodeStateMachine (DatanodeStateMachine.java:stopDaemon(395)) - Ozone container server stopped.
2019-10-02 11:25:14,308 [ForkJoinPool.commonPool-worker-0] INFO  statemachine.DatanodeStateMachine (DatanodeStateMachine.java:stopDaemon(395)) - Ozone container server stopped.
2019-10-02 11:25:14,312 [ForkJoinPool.commonPool-worker-0] INFO  handler.ContextHandler (ContextHandler.java:doStop(910)) - Stopped o.e.j.w.WebAppContext@7608a838{/,null,UNAVAILABLE}{/hddsDatanode}
2019-10-02 11:25:14,312 [main] INFO  handler.ContextHandler (ContextHandler.java:doStop(910)) - Stopped o.e.j.w.WebAppContext@31c7c281{/,null,UNAVAILABLE}{/hddsDatanode}
2019-10-02 11:25:14,313 [ForkJoinPool.commonPool-worker-0] INFO  server.AbstractConnector (AbstractConnector.java:doStop(318)) - Stopped ServerConnector@75839695{HTTP/1.1,[http/1.1]}{0.0.0.0:0}
2019-10-02 11:25:14,313 [main] INFO  server.AbstractConnector (AbstractConnector.java:doStop(318)) - Stopped ServerConnector@31f31b20{HTTP/1.1,[http/1.1]}{0.0.0.0:0}
2019-10-02 11:25:14,314 [ForkJoinPool.commonPool-worker-0] INFO  handler.ContextHandler (ContextHandler.java:doStop(910)) - Stopped o.e.j.s.ServletContextHandler@44fb6ebd{/static,jar:file:/home/user/.m2/repository/org/apache/hadoop/hadoop-hdds-container-service/0.5.0-SNAPSHOT/hadoop-hdds-container-service-0.5.0-SNAPSHOT.jar!/webapps/static,UNAVAILABLE}
2019-10-02 11:25:14,314 [main] INFO  handler.ContextHandler (ContextHandler.java:doStop(910)) - Stopped o.e.j.s.ServletContextHandler@774f2992{/static,jar:file:/home/user/.m2/repository/org/apache/hadoop/hadoop-hdds-container-service/0.5.0-SNAPSHOT/hadoop-hdds-container-service-0.5.0-SNAPSHOT.jar!/webapps/static,UNAVAILABLE}
2019-10-02 11:25:14,315 [ForkJoinPool.commonPool-worker-0] INFO  handler.ContextHandler (ContextHandler.java:doStop(910)) - Stopped o.e.j.s.ServletContextHandler@4438b862{/logs,file:///workdir/hadoop-ozone/integration-test/target/log,UNAVAILABLE}
2019-10-02 11:25:14,316 [main] INFO  handler.ContextHandler (ContextHandler.java:doStop(910)) - Stopped o.e.j.s.ServletContextHandler@77cddc0c{/logs,file:///workdir/hadoop-ozone/integration-test/target/log,UNAVAILABLE}
2019-10-02 11:25:15,243 [Datanode State Machine Thread - 0] INFO  statemachine.DatanodeStateMachine (DatanodeStateMachine.java:lambda$startDaemon$0(350)) - Ozone container server started.
2019-10-02 11:25:19,317 [ForkJoinPool.commonPool-worker-0] INFO  ozoneimpl.OzoneContainer (OzoneContainer.java:stop(231)) - Attempting to stop container services.
2019-10-02 11:25:19,318 [ForkJoinPool.commonPool-worker-0] INFO  impl.RaftServerProxy (RaftServerProxy.java:lambda$close$4(314)) - 420a87e5-3a05-46db-8578-f503afaacbef: close
2019-10-02 11:25:19,319 [ForkJoinPool.commonPool-worker-0] INFO  impl.RaftServerImpl (RaftServerImpl.java:lambda$shutdown$3(247)) - 420a87e5-3a05-46db-8578-f503afaacbef@group-D441C9965170: shutdown
2019-10-02 11:25:19,319 [ForkJoinPool.commonPool-worker-0] INFO  util.JmxRegister (JmxRegister.java:unregister(73)) - Successfully un-registered JMX Bean with object name Ratis:service=RaftServer,group=group-D441C9965170,id=420a87e5-3a05-46db-8578-f503afaacbef
2019-10-02 11:25:19,319 [ForkJoinPool.commonPool-worker-0] INFO  impl.RoleInfo (RoleInfo.java:shutdownLeaderState(104)) - 420a87e5-3a05-46db-8578-f503afaacbef: shutdown LeaderState
2019-10-02 11:25:19,320 [ForkJoinPool.commonPool-worker-0] INFO  impl.PendingRequests (PendingRequests.java:sendNotLeaderResponses(202)) - 420a87e5-3a05-46db-8578-f503afaacbef@group-D441C9965170-PendingRequests: sendNotLeaderResponses
2019-10-02 11:25:19,320 [ForkJoinPool.commonPool-worker-0] INFO  impl.StateMachineUpdater (StateMachineUpdater.java:stopAndJoin(136)) - 420a87e5-3a05-46db-8578-f503afaacbef@group-D441C9965170-StateMachineUpdater: set stopIndex = 0
2019-10-02 11:25:19,320 [ForkJoinPool.commonPool-worker-0] INFO  impl.RaftServerImpl (ServerState.java:close(387)) - 420a87e5-3a05-46db-8578-f503afaacbef@group-D441C9965170: closes. applyIndex: 0
2019-10-02 11:25:19,321 [420a87e5-3a05-46db-8578-f503afaacbef@group-D441C9965170-SegmentedRaftLogWorker] INFO  segmented.SegmentedRaftLogWorker (SegmentedRaftLogWorker.java:run(316)) - 420a87e5-3a05-46db-8578-f503afaacbef@group-D441C9965170-SegmentedRaftLogWorker was interrupted, exiting. There are 0 tasks remaining in the queue.
2019-10-02 11:25:19,321 [ForkJoinPool.commonPool-worker-0] INFO  segmented.SegmentedRaftLogWorker (SegmentedRaftLogWorker.java:close(224)) - 420a87e5-3a05-46db-8578-f503afaacbef@group-D441C9965170-SegmentedRaftLogWorker close()
2019-10-02 11:25:19,322 [ForkJoinPool.commonPool-worker-0] INFO  server.GrpcService (GrpcService.java:closeImpl(164)) - 420a87e5-3a05-46db-8578-f503afaacbef: shutdown server with port 40226 now
2019-10-02 11:25:19,326 [ForkJoinPool.commonPool-worker-0] INFO  server.GrpcService (GrpcService.java:closeImpl(172)) - 420a87e5-3a05-46db-8578-f503afaacbef: shutdown server with port 40226 successfully
2019-10-02 11:25:19,329 [refreshUsed-/workdir/hadoop-ozone/integration-test/target/test-dir/MiniOzoneClusterImpl-8ab3ee48-93a3-44e4-8138-6c86b881afd1/datanode-5/data/containers] WARN  fs.CachingGetSpaceUsed (CachingGetSpaceUsed.java:run(183)) - Thread Interrupted waiting to refresh disk information: sleep interrupted
2019-10-02 11:25:19,345 [ForkJoinPool.commonPool-worker-0] INFO  utils.BackgroundService (BackgroundService.java:shutdown(148)) - Shutting down service BlockDeletingService
2019-10-02 11:25:19,349 [ForkJoinPool.commonPool-worker-0] INFO  statemachine.DatanodeStateMachine (DatanodeStateMachine.java:stopDaemon(395)) - Ozone container server stopped.
2019-10-02 11:25:19,349 [EventQueue-StaleNodeForStaleNodeHandler] INFO  node.StaleNodeHandler (StaleNodeHandler.java:onMessage(58)) - Datanode 420a87e5-3a05-46db-8578-f503afaacbef{ip: 192.168.30.53, host: pr-trunk-5xjmm-2411255686, networkLocation: /default-rack, certSerialId: null} moved to stale state. Finalizing its pipelines [PipelineID=242cccc1-b205-4927-afcf-d441c9965170]
2019-10-02 11:25:19,351 [EventQueue-StaleNodeForStaleNodeHandler] INFO  pipeline.SCMPipelineManager (SCMPipelineManager.java:finalizeAndDestroyPipeline(315)) - destroying pipeline:Pipeline[ Id: 242cccc1-b205-4927-afcf-d441c9965170, Nodes: 420a87e5-3a05-46db-8578-f503afaacbef{ip: 192.168.30.53, host: pr-trunk-5xjmm-2411255686, networkLocation: /default-rack, certSerialId: null}, Type:RATIS, Factor:ONE, State:OPEN]
2019-10-02 11:25:19,351 [EventQueue-StaleNodeForStaleNodeHandler] INFO  pipeline.PipelineStateManager (PipelineStateManager.java:finalizePipeline(123)) - Pipeline Pipeline[ Id: 242cccc1-b205-4927-afcf-d441c9965170, Nodes: 420a87e5-3a05-46db-8578-f503afaacbef{ip: 192.168.30.53, host: pr-trunk-5xjmm-2411255686, networkLocation: /default-rack, certSerialId: null}, Type:RATIS, Factor:ONE, State:CLOSED] moved to CLOSED state
2019-10-02 11:25:19,354 [ForkJoinPool.commonPool-worker-0] INFO  handler.ContextHandler (ContextHandler.java:doStop(910)) - Stopped o.e.j.w.WebAppContext@76af34b5{/,null,UNAVAILABLE}{/hddsDatanode}
2019-10-02 11:25:19,354 [ForkJoinPool.commonPool-worker-0] INFO  server.AbstractConnector (AbstractConnector.java:doStop(318)) - Stopped ServerConnector@3313463c{HTTP/1.1,[http/1.1]}{0.0.0.0:0}
2019-10-02 11:25:19,356 [ForkJoinPool.commonPool-worker-0] INFO  handler.ContextHandler (ContextHandler.java:doStop(910)) - Stopped o.e.j.s.ServletContextHandler@40f9f60d{/static,jar:file:/home/user/.m2/repository/org/apache/hadoop/hadoop-hdds-container-service/0.5.0-SNAPSHOT/hadoop-hdds-container-service-0.5.0-SNAPSHOT.jar!/webapps/static,UNAVAILABLE}
2019-10-02 11:25:19,357 [ForkJoinPool.commonPool-worker-0] INFO  handler.ContextHandler (ContextHandler.java:doStop(910)) - Stopped o.e.j.s.ServletContextHandler@4a9869a8{/logs,file:///workdir/hadoop-ozone/integration-test/target/log,UNAVAILABLE}
2019-10-02 11:25:19,357 [main] INFO  ozone.MiniOzoneClusterImpl (MiniOzoneClusterImpl.java:stopSCM(392)) - Stopping the StorageContainerManager
2019-10-02 11:25:19,358 [main] INFO  server.StorageContainerManager (StorageContainerManager.java:stop(808)) - Stopping Replication Manager Service.
2019-10-02 11:25:19,358 [main] INFO  container.ReplicationManager (ReplicationManager.java:stop(203)) - Stopping Replication Monitor Thread.
2019-10-02 11:25:19,358 [main] INFO  server.StorageContainerManager (StorageContainerManager.java:stop(815)) - Stopping Lease Manager of the command watchers
2019-10-02 11:25:19,358 [main] INFO  server.StorageContainerManager (StorageContainerManager.java:stop(822)) - Stopping datanode service RPC server
2019-10-02 11:25:19,358 [main] INFO  server.SCMDatanodeProtocolServer (SCMDatanodeProtocolServer.java:stop(367)) - Stopping the RPC server for DataNodes
2019-10-02 11:25:19,358 [main] INFO  ipc.Server (Server.java:stop(3082)) - Stopping server on 33453
2019-10-02 11:25:19,361 [IPC Server listener on 33453] INFO  ipc.Server (Server.java:run(1185)) - Stopping IPC Server listener on 33453
2019-10-02 11:25:19,361 [IPC Server Responder] INFO  ipc.Server (Server.java:run(1319)) - Stopping IPC Server Responder
2019-10-02 11:25:19,449 [SCM Heartbeat Processing Thread - 0] WARN  node.NodeStateManager (NodeStateManager.java:scheduleNextHealthCheck(646)) - Current Thread is interrupted, shutting down HB processing thread for Node Manager.
2019-10-02 11:25:19,450 [main] INFO  server.StorageContainerManager (StorageContainerManager.java:stop(830)) - Stopping block service RPC server
2019-10-02 11:25:19,450 [main] INFO  server.SCMBlockProtocolServer (SCMBlockProtocolServer.java:stop(155)) - Stopping the RPC server for Block Protocol
2019-10-02 11:25:19,450 [main] INFO  ipc.Server (Server.java:stop(3082)) - Stopping server on 38796
2019-10-02 11:25:19,453 [IPC Server listener on 38796] INFO  ipc.Server (Server.java:run(1185)) - Stopping IPC Server listener on 38796
2019-10-02 11:25:19,453 [IPC Server Responder] INFO  ipc.Server (Server.java:run(1319)) - Stopping IPC Server Responder
2019-10-02 11:25:19,453 [main] INFO  server.StorageContainerManager (StorageContainerManager.java:stop(837)) - Stopping the StorageContainerLocationProtocol RPC server
2019-10-02 11:25:19,453 [main] INFO  server.SCMClientProtocolServer (SCMClientProtocolServer.java:stop(158)) - Stopping the RPC server for Client Protocol
2019-10-02 11:25:19,454 [main] INFO  ipc.Server (Server.java:stop(3082)) - Stopping server on 35482
2019-10-02 11:25:19,457 [IPC Server listener on 35482] INFO  ipc.Server (Server.java:run(1185)) - Stopping IPC Server listener on 35482
2019-10-02 11:25:19,458 [main] INFO  server.StorageContainerManager (StorageContainerManager.java:stop(844)) - Stopping Storage Container Manager HTTP server.
2019-10-02 11:25:19,458 [IPC Server Responder] INFO  ipc.Server (Server.java:run(1319)) - Stopping IPC Server Responder
2019-10-02 11:25:19,459 [main] INFO  handler.ContextHandler (ContextHandler.java:doStop(910)) - Stopped o.e.j.w.WebAppContext@54329480{/,null,UNAVAILABLE}{/scm}
2019-10-02 11:25:19,460 [main] INFO  server.AbstractConnector (AbstractConnector.java:doStop(318)) - Stopped ServerConnector@590013c7{HTTP/1.1,[http/1.1]}{0.0.0.0:0}
2019-10-02 11:25:19,460 [main] INFO  handler.ContextHandler (ContextHandler.java:doStop(910)) - Stopped o.e.j.s.ServletContextHandler@43588265{/static,file:///workdir/hadoop-ozone/integration-test/target/test-classes/webapps/static,UNAVAILABLE}
2019-10-02 11:25:19,461 [main] INFO  handler.ContextHandler (ContextHandler.java:doStop(910)) - Stopped o.e.j.s.ServletContextHandler@4c56644f{/logs,file:///workdir/hadoop-ozone/integration-test/target/log,UNAVAILABLE}
2019-10-02 11:25:19,461 [main] INFO  server.StorageContainerManager (StorageContainerManager.java:stop(855)) - Stopping Block Manager Service.
2019-10-02 11:25:19,461 [main] INFO  utils.BackgroundService (BackgroundService.java:shutdown(148)) - Shutting down service SCMBlockDeletingService
2019-10-02 11:25:19,462 [main] INFO  utils.BackgroundService (BackgroundService.java:shutdown(148)) - Shutting down service SCMBlockDeletingService
2019-10-02 11:25:19,462 [main] INFO  server.StorageContainerManager (StorageContainerManager.java:stop(877)) - Stopping SCM Event Queue.
2019-10-02 11:25:19,467 [main] INFO  impl.MetricsSystemImpl (MetricsSystemImpl.java:stop(210)) - Stopping HddsDatanode metrics system...
2019-10-02 11:25:19,498 [main] INFO  impl.MetricsSystemImpl (MetricsSystemImpl.java:stop(216)) - HddsDatanode metrics system stopped.
]]></system-out>
    <system-err><![CDATA[Oct 02, 2019 11:25:03 AM org.apache.ratis.thirdparty.io.grpc.internal.SerializingExecutor run
SEVERE: Exception while executing runnable org.apache.ratis.thirdparty.io.grpc.internal.ServerImpl$JumpToApplicationThreadServerStreamListener$1Closed@19332980
org.apache.ratis.thirdparty.io.grpc.StatusRuntimeException: CANCELLED: call already cancelled
	at org.apache.ratis.thirdparty.io.grpc.Status.asRuntimeException(Status.java:517)
	at org.apache.ratis.thirdparty.io.grpc.stub.ServerCalls$ServerCallStreamObserverImpl.onCompleted(ServerCalls.java:356)
	at org.apache.ratis.grpc.server.GrpcServerProtocolService$ServerRequestStreamObserver.onError(GrpcServerProtocolService.java:121)
	at org.apache.ratis.thirdparty.io.grpc.stub.ServerCalls$StreamingServerCallHandler$StreamingServerCallListener.onCancel(ServerCalls.java:269)
	at org.apache.ratis.thirdparty.io.grpc.internal.ServerCallImpl$ServerStreamListenerImpl.closed(ServerCallImpl.java:293)
	at org.apache.ratis.thirdparty.io.grpc.internal.ServerImpl$JumpToApplicationThreadServerStreamListener$1Closed.runInContext(ServerImpl.java:741)
	at org.apache.ratis.thirdparty.io.grpc.internal.ContextRunnable.run(ContextRunnable.java:37)
	at org.apache.ratis.thirdparty.io.grpc.internal.SerializingExecutor.run(SerializingExecutor.java:123)
	at java.util.concurrent.ThreadPoolExecutor.runWorker(ThreadPoolExecutor.java:1149)
	at java.util.concurrent.ThreadPoolExecutor$Worker.run(ThreadPoolExecutor.java:624)
	at java.lang.Thread.run(Thread.java:748)

]]></system-err>
  </testcase>
  <testcase name="testExceptionDuringClose" classname="org.apache.hadoop.ozone.client.rpc.TestBlockOutputStreamWithFailures" time="41.224"/>
</testsuite>