<?xml version="1.0" encoding="UTF-8"?>
<testsuite xmlns:xsi="http://www.w3.org/2001/XMLSchema-instance" xsi:noNamespaceSchemaLocation="https://maven.apache.org/surefire/maven-surefire-plugin/xsd/surefire-test-report.xsd" name="org.apache.hadoop.ozone.client.rpc.TestMultiBlockWritesWithDnFailures" time="112.583" tests="2" errors="1" skipped="0" failures="0">
  <properties>
    <property name="awt.toolkit" value="sun.awt.X11.XToolkit"/>
    <property name="file.encoding.pkg" value="sun.io"/>
    <property name="java.specification.version" value="1.8"/>
    <property name="sun.cpu.isalist" value=""/>
    <property name="sun.jnu.encoding" value="UTF-8"/>
    <property name="java.class.path" value="/workdir/hadoop-ozone/integration-test/target/test-classes:/workdir/hadoop-ozone/integration-test/target/classes:/home/user/.m2/repository/org/apache/hadoop/hadoop-ozone-common/0.5.0-SNAPSHOT/hadoop-ozone-common-0.5.0-SNAPSHOT.jar:/home/user/.m2/repository/org/apache/commons/commons-compress/1.4.1/commons-compress-1.4.1.jar:/home/user/.m2/repository/org/tukaani/xz/1.0/xz-1.0.jar:/home/user/.m2/repository/org/apache/hadoop/hadoop-common/3.2.0/hadoop-common-3.2.0.jar:/home/user/.m2/repository/org/apache/hadoop/hadoop-hdfs/3.2.0/hadoop-hdfs-3.2.0.jar:/home/user/.m2/repository/org/apache/hadoop/hadoop-hdfs-client/3.2.0/hadoop-hdfs-client-3.2.0.jar:/home/user/.m2/repository/com/fasterxml/jackson/core/jackson-annotations/2.9.9/jackson-annotations-2.9.9.jar:/home/user/.m2/repository/org/apache/hadoop/hadoop-hdds-common/0.5.0-SNAPSHOT/hadoop-hdds-common-0.5.0-SNAPSHOT.jar:/home/user/.m2/repository/javax/annotation/javax.annotation-api/1.2/javax.annotation-api-1.2.jar:/home/user/.m2/repository/org/apache/ratis/ratis-server/0.5.0-201fc85-SNAPSHOT/ratis-server-0.5.0-201fc85-SNAPSHOT.jar:/home/user/.m2/repository/org/apache/ratis/ratis-thirdparty-misc/0.2.0/ratis-thirdparty-misc-0.2.0.jar:/home/user/.m2/repository/org/apache/ratis/ratis-proto/0.5.0-201fc85-SNAPSHOT/ratis-proto-0.5.0-201fc85-SNAPSHOT.jar:/home/user/.m2/repository/org/apache/ratis/ratis-common/0.5.0-201fc85-SNAPSHOT/ratis-common-0.5.0-201fc85-SNAPSHOT.jar:/home/user/.m2/repository/org/apache/ratis/ratis-client/0.5.0-201fc85-SNAPSHOT/ratis-client-0.5.0-201fc85-SNAPSHOT.jar:/home/user/.m2/repository/org/apache/ratis/ratis-metrics/0.5.0-201fc85-SNAPSHOT/ratis-metrics-0.5.0-201fc85-SNAPSHOT.jar:/home/user/.m2/repository/com/github/joshelser/dropwizard-metrics-hadoop-metrics2-reporter/0.1.2/dropwizard-metrics-hadoop-metrics2-reporter-0.1.2.jar:/home/user/.m2/repository/io/dropwizard/metrics/metrics-jvm/3.2.5/metrics-jvm-3.2.5.jar:/home/user/.m2/repository/io/dropwizard/metrics/metrics-ganglia/3.2.5/metrics-ganglia-3.2.5.jar:/home/user/.m2/repository/info/ganglia/gmetric4j/gmetric4j/1.0.7/gmetric4j-1.0.7.jar:/home/user/.m2/repository/org/apache/ratis/ratis-netty/0.5.0-201fc85-SNAPSHOT/ratis-netty-0.5.0-201fc85-SNAPSHOT.jar:/home/user/.m2/repository/org/apache/ratis/ratis-grpc/0.5.0-201fc85-SNAPSHOT/ratis-grpc-0.5.0-201fc85-SNAPSHOT.jar:/home/user/.m2/repository/org/rocksdb/rocksdbjni/6.0.1/rocksdbjni-6.0.1.jar:/home/user/.m2/repository/org/apache/logging/log4j/log4j-api/2.11.0/log4j-api-2.11.0.jar:/home/user/.m2/repository/org/apache/logging/log4j/log4j-core/2.11.0/log4j-core-2.11.0.jar:/home/user/.m2/repository/com/lmax/disruptor/3.4.2/disruptor-3.4.2.jar:/home/user/.m2/repository/org/apache/commons/commons-pool2/2.6.0/commons-pool2-2.6.0.jar:/home/user/.m2/repository/org/bouncycastle/bcpkix-jdk15on/1.60/bcpkix-jdk15on-1.60.jar:/home/user/.m2/repository/commons-validator/commons-validator/1.6/commons-validator-1.6.jar:/home/user/.m2/repository/commons-digester/commons-digester/1.8.1/commons-digester-1.8.1.jar:/home/user/.m2/repository/io/jaegertracing/jaeger-client/0.34.0/jaeger-client-0.34.0.jar:/home/user/.m2/repository/io/jaegertracing/jaeger-thrift/0.34.0/jaeger-thrift-0.34.0.jar:/home/user/.m2/repository/org/apache/thrift/libthrift/0.12.0/libthrift-0.12.0.jar:/home/user/.m2/repository/com/squareup/okhttp3/okhttp/3.9.0/okhttp-3.9.0.jar:/home/user/.m2/repository/com/squareup/okio/okio/1.13.0/okio-1.13.0.jar:/home/user/.m2/repository/io/jaegertracing/jaeger-core/0.34.0/jaeger-core-0.34.0.jar:/home/user/.m2/repository/io/jaegertracing/jaeger-tracerresolver/0.34.0/jaeger-tracerresolver-0.34.0.jar:/home/user/.m2/repository/io/opentracing/contrib/opentracing-tracerresolver/0.1.5/opentracing-tracerresolver-0.1.5.jar:/home/user/.m2/repository/io/opentracing/opentracing-util/0.31.0/opentracing-util-0.31.0.jar:/home/user/.m2/repository/io/opentracing/opentracing-api/0.31.0/opentracing-api-0.31.0.jar:/home/user/.m2/repository/io/opentracing/opentracing-noop/0.31.0/opentracing-noop-0.31.0.jar:/home/user/.m2/repository/org/apache/hadoop/hadoop-hdds-server-framework/0.5.0-SNAPSHOT/hadoop-hdds-server-framework-0.5.0-SNAPSHOT.jar:/home/user/.m2/repository/org/apache/hadoop/hadoop-hdds-container-service/0.5.0-SNAPSHOT/hadoop-hdds-container-service-0.5.0-SNAPSHOT.jar:/home/user/.m2/repository/org/apache/hadoop/hadoop-hdds-client/0.5.0-SNAPSHOT/hadoop-hdds-client-0.5.0-SNAPSHOT.jar:/home/user/.m2/repository/org/apache/hadoop/hadoop-hdds-tools/0.5.0-SNAPSHOT/hadoop-hdds-tools-0.5.0-SNAPSHOT.jar:/home/user/.m2/repository/org/apache/hadoop/hadoop-hdds-server-scm/0.5.0-SNAPSHOT/hadoop-hdds-server-scm-0.5.0-SNAPSHOT.jar:/home/user/.m2/repository/org/apache/hadoop/hadoop-hdds-docs/0.5.0-SNAPSHOT/hadoop-hdds-docs-0.5.0-SNAPSHOT.jar:/home/user/.m2/repository/io/dropwizard/metrics/metrics-core/3.2.4/metrics-core-3.2.4.jar:/home/user/.m2/repository/org/hamcrest/hamcrest-all/1.3/hamcrest-all-1.3.jar:/home/user/.m2/repository/org/bouncycastle/bcprov-jdk15on/1.60/bcprov-jdk15on-1.60.jar:/home/user/.m2/repository/info/picocli/picocli/3.9.6/picocli-3.9.6.jar:/home/user/.m2/repository/com/google/protobuf/protobuf-java/2.5.0/protobuf-java-2.5.0.jar:/home/user/.m2/repository/com/google/guava/guava/11.0.2/guava-11.0.2.jar:/home/user/.m2/repository/org/apache/hadoop/hadoop-ozone-ozone-manager/0.5.0-SNAPSHOT/hadoop-ozone-ozone-manager-0.5.0-SNAPSHOT.jar:/home/user/.m2/repository/org/apache/hadoop/hadoop-minikdc/3.2.0/hadoop-minikdc-3.2.0.jar:/home/user/.m2/repository/commons-io/commons-io/2.5/commons-io-2.5.jar:/home/user/.m2/repository/org/apache/kerby/kerb-simplekdc/1.0.1/kerb-simplekdc-1.0.1.jar:/home/user/.m2/repository/org/apache/kerby/kerb-client/1.0.1/kerb-client-1.0.1.jar:/home/user/.m2/repository/org/apache/kerby/kerby-config/1.0.1/kerby-config-1.0.1.jar:/home/user/.m2/repository/org/apache/kerby/kerb-core/1.0.1/kerb-core-1.0.1.jar:/home/user/.m2/repository/org/apache/kerby/kerby-pkix/1.0.1/kerby-pkix-1.0.1.jar:/home/user/.m2/repository/org/apache/kerby/kerby-asn1/1.0.1/kerby-asn1-1.0.1.jar:/home/user/.m2/repository/org/apache/kerby/kerby-util/1.0.1/kerby-util-1.0.1.jar:/home/user/.m2/repository/org/apache/kerby/kerb-common/1.0.1/kerb-common-1.0.1.jar:/home/user/.m2/repository/org/apache/kerby/kerb-crypto/1.0.1/kerb-crypto-1.0.1.jar:/home/user/.m2/repository/org/apache/kerby/kerb-util/1.0.1/kerb-util-1.0.1.jar:/home/user/.m2/repository/org/apache/kerby/token-provider/1.0.1/token-provider-1.0.1.jar:/home/user/.m2/repository/org/apache/kerby/kerb-admin/1.0.1/kerb-admin-1.0.1.jar:/home/user/.m2/repository/org/apache/kerby/kerb-server/1.0.1/kerb-server-1.0.1.jar:/home/user/.m2/repository/org/apache/kerby/kerb-identity/1.0.1/kerb-identity-1.0.1.jar:/home/user/.m2/repository/org/apache/kerby/kerby-xdr/1.0.1/kerby-xdr-1.0.1.jar:/home/user/.m2/repository/org/slf4j/slf4j-log4j12/1.7.25/slf4j-log4j12-1.7.25.jar:/home/user/.m2/repository/org/apache/hadoop/hadoop-ozone-s3gateway/0.5.0-SNAPSHOT/hadoop-ozone-s3gateway-0.5.0-SNAPSHOT.jar:/home/user/.m2/repository/org/jboss/weld/servlet/weld-servlet/2.4.7.Final/weld-servlet-2.4.7.Final.jar:/home/user/.m2/repository/org/glassfish/jersey/containers/jersey-container-servlet-core/2.27/jersey-container-servlet-core-2.27.jar:/home/user/.m2/repository/org/glassfish/hk2/external/javax.inject/2.5.0-b42/javax.inject-2.5.0-b42.jar:/home/user/.m2/repository/org/glassfish/jersey/core/jersey-common/2.27/jersey-common-2.27.jar:/home/user/.m2/repository/org/glassfish/hk2/osgi-resource-locator/1.0.1/osgi-resource-locator-1.0.1.jar:/home/user/.m2/repository/javax/ws/rs/javax.ws.rs-api/2.1/javax.ws.rs-api-2.1.jar:/home/user/.m2/repository/org/glassfish/jersey/ext/cdi/jersey-cdi1x/2.27/jersey-cdi1x-2.27.jar:/home/user/.m2/repository/org/glassfish/jersey/inject/jersey-hk2/2.27/jersey-hk2-2.27.jar:/home/user/.m2/repository/org/glassfish/hk2/hk2-locator/2.5.0-b42/hk2-locator-2.5.0-b42.jar:/home/user/.m2/repository/org/javassist/javassist/3.22.0-CR2/javassist-3.22.0-CR2.jar:/home/user/.m2/repository/org/glassfish/hk2/hk2-api/2.5.0/hk2-api-2.5.0.jar:/home/user/.m2/repository/org/glassfish/hk2/external/jakarta.inject/2.5.0/jakarta.inject-2.5.0.jar:/home/user/.m2/repository/org/glassfish/hk2/hk2-utils/2.5.0/hk2-utils-2.5.0.jar:/home/user/.m2/repository/jakarta/annotation/jakarta.annotation-api/1.3.4/jakarta.annotation-api-1.3.4.jar:/home/user/.m2/repository/org/glassfish/hk2/external/aopalliance-repackaged/2.5.0/aopalliance-repackaged-2.5.0.jar:/home/user/.m2/repository/com/fasterxml/jackson/dataformat/jackson-dataformat-xml/2.9.0/jackson-dataformat-xml-2.9.0.jar:/home/user/.m2/repository/com/fasterxml/jackson/core/jackson-core/2.9.9/jackson-core-2.9.9.jar:/home/user/.m2/repository/com/fasterxml/jackson/module/jackson-module-jaxb-annotations/2.9.9/jackson-module-jaxb-annotations-2.9.9.jar:/home/user/.m2/repository/javax/enterprise/cdi-api/1.2/cdi-api-1.2.jar:/home/user/.m2/repository/javax/el/javax.el-api/3.0.0/javax.el-api-3.0.0.jar:/home/user/.m2/repository/javax/interceptor/javax.interceptor-api/1.2/javax.interceptor-api-1.2.jar:/home/user/.m2/repository/javax/inject/javax.inject/1/javax.inject-1.jar:/home/user/.m2/repository/com/sun/xml/bind/jaxb-impl/2.3.0.1/jaxb-impl-2.3.0.1.jar:/home/user/.m2/repository/com/sun/xml/bind/jaxb-core/2.3.0.1/jaxb-core-2.3.0.1.jar:/home/user/.m2/repository/javax/xml/bind/jaxb-api/2.3.0/jaxb-api-2.3.0.jar:/home/user/.m2/repository/javax/activation/activation/1.1.1/activation-1.1.1.jar:/home/user/.m2/repository/org/apache/hadoop/hadoop-ozone-csi/0.5.0-SNAPSHOT/hadoop-ozone-csi-0.5.0-SNAPSHOT.jar:/home/user/.m2/repository/com/google/protobuf/protobuf-java-util/3.5.1/protobuf-java-util-3.5.1.jar:/home/user/.m2/repository/org/apache/hadoop/hadoop-hdds-config/0.5.0-SNAPSHOT/hadoop-hdds-config-0.5.0-SNAPSHOT.jar:/home/user/.m2/repository/io/grpc/grpc-netty/1.17.1/grpc-netty-1.17.1.jar:/home/user/.m2/repository/io/grpc/grpc-core/1.17.1/grpc-core-1.17.1.jar:/home/user/.m2/repository/io/grpc/grpc-context/1.17.1/grpc-context-1.17.1.jar:/home/user/.m2/repository/com/google/errorprone/error_prone_annotations/2.2.0/error_prone_annotations-2.2.0.jar:/home/user/.m2/repository/org/codehaus/mojo/animal-sniffer-annotations/1.17/animal-sniffer-annotations-1.17.jar:/home/user/.m2/repository/io/opencensus/opencensus-api/0.17.0/opencensus-api-0.17.0.jar:/home/user/.m2/repository/io/opencensus/opencensus-contrib-grpc-metrics/0.17.0/opencensus-contrib-grpc-metrics-0.17.0.jar:/home/user/.m2/repository/io/netty/netty-codec-http2/4.1.30.Final/netty-codec-http2-4.1.30.Final.jar:/home/user/.m2/repository/io/netty/netty-codec-http/4.1.30.Final/netty-codec-http-4.1.30.Final.jar:/home/user/.m2/repository/io/netty/netty-codec/4.1.30.Final/netty-codec-4.1.30.Final.jar:/home/user/.m2/repository/io/netty/netty-handler/4.1.30.Final/netty-handler-4.1.30.Final.jar:/home/user/.m2/repository/io/netty/netty-handler-proxy/4.1.30.Final/netty-handler-proxy-4.1.30.Final.jar:/home/user/.m2/repository/io/netty/netty-codec-socks/4.1.30.Final/netty-codec-socks-4.1.30.Final.jar:/home/user/.m2/repository/io/netty/netty-transport-native-epoll/4.1.30.Final/netty-transport-native-epoll-4.1.30.Final.jar:/home/user/.m2/repository/io/netty/netty-common/4.1.30.Final/netty-common-4.1.30.Final.jar:/home/user/.m2/repository/io/netty/netty-buffer/4.1.30.Final/netty-buffer-4.1.30.Final.jar:/home/user/.m2/repository/io/netty/netty-transport/4.1.30.Final/netty-transport-4.1.30.Final.jar:/home/user/.m2/repository/io/netty/netty-resolver/4.1.30.Final/netty-resolver-4.1.30.Final.jar:/home/user/.m2/repository/io/netty/netty-transport-native-unix-common/4.1.30.Final/netty-transport-native-unix-common-4.1.30.Final.jar:/home/user/.m2/repository/io/grpc/grpc-protobuf/1.17.1/grpc-protobuf-1.17.1.jar:/home/user/.m2/repository/com/google/api/grpc/proto-google-common-protos/1.0.0/proto-google-common-protos-1.0.0.jar:/home/user/.m2/repository/io/grpc/grpc-protobuf-lite/1.17.1/grpc-protobuf-lite-1.17.1.jar:/home/user/.m2/repository/io/grpc/grpc-stub/1.17.1/grpc-stub-1.17.1.jar:/home/user/.m2/repository/org/apache/hadoop/hadoop-ozone-recon/0.5.0-SNAPSHOT/hadoop-ozone-recon-0.5.0-SNAPSHOT.jar:/home/user/.m2/repository/org/apache/hadoop/hadoop-ozone-reconcodegen/0.5.0-SNAPSHOT/hadoop-ozone-reconcodegen-0.5.0-SNAPSHOT.jar:/home/user/.m2/repository/com/google/inject/extensions/guice-multibindings/4.0/guice-multibindings-4.0.jar:/home/user/.m2/repository/com/google/inject/guice/4.0/guice-4.0.jar:/home/user/.m2/repository/aopalliance/aopalliance/1.0/aopalliance-1.0.jar:/home/user/.m2/repository/com/google/inject/extensions/guice-servlet/4.0/guice-servlet-4.0.jar:/home/user/.m2/repository/org/glassfish/jersey/containers/jersey-container-servlet/2.27/jersey-container-servlet-2.27.jar:/home/user/.m2/repository/org/glassfish/hk2/guice-bridge/2.5.0/guice-bridge-2.5.0.jar:/home/user/.m2/repository/org/glassfish/jersey/core/jersey-server/2.27/jersey-server-2.27.jar:/home/user/.m2/repository/org/glassfish/jersey/core/jersey-client/2.27/jersey-client-2.27.jar:/home/user/.m2/repository/org/glassfish/jersey/media/jersey-media-jaxb/2.27/jersey-media-jaxb-2.27.jar:/home/user/.m2/repository/javax/validation/validation-api/1.1.0.Final/validation-api-1.1.0.Final.jar:/home/user/.m2/repository/org/glassfish/jersey/media/jersey-media-json-jackson/2.27/jersey-media-json-jackson-2.27.jar:/home/user/.m2/repository/org/glassfish/jersey/ext/jersey-entity-filtering/2.27/jersey-entity-filtering-2.27.jar:/home/user/.m2/repository/com/google/inject/extensions/guice-assistedinject/4.0/guice-assistedinject-4.0.jar:/home/user/.m2/repository/org/jooq/jooq/3.11.10/jooq-3.11.10.jar:/home/user/.m2/repository/org/jooq/jooq-meta/3.11.10/jooq-meta-3.11.10.jar:/home/user/.m2/repository/org/jooq/jooq-codegen/3.11.10/jooq-codegen-3.11.10.jar:/home/user/.m2/repository/com/jolbox/bonecp/0.8.0.RELEASE/bonecp-0.8.0.RELEASE.jar:/home/user/.m2/repository/org/xerial/sqlite-jdbc/3.25.2/sqlite-jdbc-3.25.2.jar:/home/user/.m2/repository/org/springframework/spring-jdbc/5.1.3.RELEASE/spring-jdbc-5.1.3.RELEASE.jar:/home/user/.m2/repository/org/springframework/spring-beans/5.1.3.RELEASE/spring-beans-5.1.3.RELEASE.jar:/home/user/.m2/repository/org/springframework/spring-core/5.1.3.RELEASE/spring-core-5.1.3.RELEASE.jar:/home/user/.m2/repository/org/springframework/spring-jcl/5.1.3.RELEASE/spring-jcl-5.1.3.RELEASE.jar:/home/user/.m2/repository/org/springframework/spring-tx/5.1.3.RELEASE/spring-tx-5.1.3.RELEASE.jar:/home/user/.m2/repository/org/apache/hadoop/hadoop-ozone-client/0.5.0-SNAPSHOT/hadoop-ozone-client-0.5.0-SNAPSHOT.jar:/home/user/.m2/repository/commons-lang/commons-lang/2.6/commons-lang-2.6.jar:/home/user/.m2/repository/org/apache/hadoop/hadoop-ozone-ozone-manager/0.5.0-SNAPSHOT/hadoop-ozone-ozone-manager-0.5.0-SNAPSHOT-tests.jar:/home/user/.m2/repository/junit/junit/4.11/junit-4.11.jar:/home/user/.m2/repository/org/hamcrest/hamcrest-core/1.3/hamcrest-core-1.3.jar:/home/user/.m2/repository/org/openjdk/jmh/jmh-core/1.19/jmh-core-1.19.jar:/home/user/.m2/repository/net/sf/jopt-simple/jopt-simple/4.6/jopt-simple-4.6.jar:/home/user/.m2/repository/org/apache/commons/commons-math3/3.1.1/commons-math3-3.1.1.jar:/home/user/.m2/repository/org/openjdk/jmh/jmh-generator-annprocess/1.19/jmh-generator-annprocess-1.19.jar:/home/user/.m2/repository/org/mockito/mockito-all/1.8.5/mockito-all-1.8.5.jar:/home/user/.m2/repository/org/apache/hadoop/hadoop-kms/3.2.0/hadoop-kms-3.2.0.jar:/home/user/.m2/repository/org/apache/hadoop/hadoop-auth/3.2.0/hadoop-auth-3.2.0.jar:/home/user/.m2/repository/com/nimbusds/nimbus-jose-jwt/4.41.1/nimbus-jose-jwt-4.41.1.jar:/home/user/.m2/repository/com/github/stephenc/jcip/jcip-annotations/1.0-1/jcip-annotations-1.0-1.jar:/home/user/.m2/repository/net/minidev/json-smart/2.3/json-smart-2.3.jar:/home/user/.m2/repository/net/minidev/accessors-smart/1.2/accessors-smart-1.2.jar:/home/user/.m2/repository/org/ow2/asm/asm/5.0.4/asm-5.0.4.jar:/home/user/.m2/repository/org/apache/curator/curator-framework/2.12.0/curator-framework-2.12.0.jar:/home/user/.m2/repository/com/sun/jersey/jersey-core/1.19/jersey-core-1.19.jar:/home/user/.m2/repository/javax/ws/rs/jsr311-api/1.1.1/jsr311-api-1.1.1.jar:/home/user/.m2/repository/com/sun/jersey/jersey-server/1.19/jersey-server-1.19.jar:/home/user/.m2/repository/javax/servlet/javax.servlet-api/3.1.0/javax.servlet-api-3.1.0.jar:/home/user/.m2/repository/org/eclipse/jetty/jetty-server/9.3.25.v20180904/jetty-server-9.3.25.v20180904.jar:/home/user/.m2/repository/org/eclipse/jetty/jetty-http/9.3.25.v20180904/jetty-http-9.3.25.v20180904.jar:/home/user/.m2/repository/org/eclipse/jetty/jetty-io/9.3.25.v20180904/jetty-io-9.3.25.v20180904.jar:/home/user/.m2/repository/org/eclipse/jetty/jetty-webapp/9.3.25.v20180904/jetty-webapp-9.3.25.v20180904.jar:/home/user/.m2/repository/org/eclipse/jetty/jetty-xml/9.3.25.v20180904/jetty-xml-9.3.25.v20180904.jar:/home/user/.m2/repository/log4j/log4j/1.2.17/log4j-1.2.17.jar:/home/user/.m2/repository/org/slf4j/slf4j-api/1.7.25/slf4j-api-1.7.25.jar:/home/user/.m2/repository/org/slf4j/jul-to-slf4j/1.7.25/jul-to-slf4j-1.7.25.jar:/home/user/.m2/repository/org/eclipse/jetty/jetty-util/9.3.25.v20180904/jetty-util-9.3.25.v20180904.jar:/home/user/.m2/repository/com/fasterxml/jackson/core/jackson-databind/2.9.9/jackson-databind-2.9.9.jar:/home/user/.m2/repository/org/apache/hadoop/hadoop-kms/3.2.0/hadoop-kms-3.2.0-tests.jar:/home/user/.m2/repository/org/apache/hadoop/hadoop-hdds-server-scm/0.5.0-SNAPSHOT/hadoop-hdds-server-scm-0.5.0-SNAPSHOT-tests.jar:/home/user/.m2/repository/org/apache/hadoop/hadoop-hdds-container-service/0.5.0-SNAPSHOT/hadoop-hdds-container-service-0.5.0-SNAPSHOT-tests.jar:/home/user/.m2/repository/org/yaml/snakeyaml/1.16/snakeyaml-1.16.jar:/home/user/.m2/repository/org/apache/hadoop/hadoop-common/3.2.0/hadoop-common-3.2.0-tests.jar:/home/user/.m2/repository/org/apache/hadoop/hadoop-annotations/3.2.0/hadoop-annotations-3.2.0.jar:/usr/lib/jvm/java-1.8-openjdk/jre/../lib/tools.jar:/home/user/.m2/repository/commons-cli/commons-cli/1.2/commons-cli-1.2.jar:/home/user/.m2/repository/org/apache/httpcomponents/httpclient/4.5.2/httpclient-4.5.2.jar:/home/user/.m2/repository/org/apache/httpcomponents/httpcore/4.4.4/httpcore-4.4.4.jar:/home/user/.m2/repository/commons-codec/commons-codec/1.11/commons-codec-1.11.jar:/home/user/.m2/repository/commons-net/commons-net/3.6/commons-net-3.6.jar:/home/user/.m2/repository/commons-collections/commons-collections/3.2.2/commons-collections-3.2.2.jar:/home/user/.m2/repository/org/eclipse/jetty/jetty-servlet/9.3.25.v20180904/jetty-servlet-9.3.25.v20180904.jar:/home/user/.m2/repository/org/eclipse/jetty/jetty-security/9.3.25.v20180904/jetty-security-9.3.25.v20180904.jar:/home/user/.m2/repository/javax/servlet/jsp/jsp-api/2.1/jsp-api-2.1.jar:/home/user/.m2/repository/com/sun/jersey/jersey-servlet/1.19/jersey-servlet-1.19.jar:/home/user/.m2/repository/com/sun/jersey/jersey-json/1.19/jersey-json-1.19.jar:/home/user/.m2/repository/org/codehaus/jettison/jettison/1.1/jettison-1.1.jar:/home/user/.m2/repository/org/codehaus/jackson/jackson-core-asl/1.9.13/jackson-core-asl-1.9.13.jar:/home/user/.m2/repository/org/codehaus/jackson/jackson-mapper-asl/1.9.13/jackson-mapper-asl-1.9.13.jar:/home/user/.m2/repository/org/codehaus/jackson/jackson-jaxrs/1.9.13/jackson-jaxrs-1.9.13.jar:/home/user/.m2/repository/org/codehaus/jackson/jackson-xc/1.9.13/jackson-xc-1.9.13.jar:/home/user/.m2/repository/commons-logging/commons-logging/1.1.3/commons-logging-1.1.3.jar:/home/user/.m2/repository/commons-beanutils/commons-beanutils/1.9.4/commons-beanutils-1.9.4.jar:/home/user/.m2/repository/org/apache/commons/commons-configuration2/2.1.1/commons-configuration2-2.1.1.jar:/home/user/.m2/repository/org/apache/commons/commons-lang3/3.7/commons-lang3-3.7.jar:/home/user/.m2/repository/org/apache/commons/commons-text/1.4/commons-text-1.4.jar:/home/user/.m2/repository/org/apache/avro/avro/1.7.7/avro-1.7.7.jar:/home/user/.m2/repository/com/thoughtworks/paranamer/paranamer/2.3/paranamer-2.3.jar:/home/user/.m2/repository/org/xerial/snappy/snappy-java/1.0.5/snappy-java-1.0.5.jar:/home/user/.m2/repository/com/google/re2j/re2j/1.1/re2j-1.1.jar:/home/user/.m2/repository/com/google/code/gson/gson/2.2.4/gson-2.2.4.jar:/home/user/.m2/repository/com/jcraft/jsch/0.1.54/jsch-0.1.54.jar:/home/user/.m2/repository/org/apache/curator/curator-client/2.12.0/curator-client-2.12.0.jar:/home/user/.m2/repository/org/apache/curator/curator-recipes/2.12.0/curator-recipes-2.12.0.jar:/home/user/.m2/repository/com/google/code/findbugs/jsr305/3.0.0/jsr305-3.0.0.jar:/home/user/.m2/repository/org/apache/htrace/htrace-core4/4.1.0-incubating/htrace-core4-4.1.0-incubating.jar:/home/user/.m2/repository/org/apache/zookeeper/zookeeper/3.4.13/zookeeper-3.4.13.jar:/home/user/.m2/repository/jline/jline/0.9.94/jline-0.9.94.jar:/home/user/.m2/repository/org/apache/yetus/audience-annotations/0.5.0/audience-annotations-0.5.0.jar:/home/user/.m2/repository/org/codehaus/woodstox/stax2-api/3.1.4/stax2-api-3.1.4.jar:/home/user/.m2/repository/com/fasterxml/woodstox/woodstox-core/5.0.3/woodstox-core-5.0.3.jar:/home/user/.m2/repository/dnsjava/dnsjava/2.1.7/dnsjava-2.1.7.jar:/home/user/.m2/repository/org/apache/hadoop/hadoop-hdfs/3.2.0/hadoop-hdfs-3.2.0-tests.jar:/home/user/.m2/repository/org/eclipse/jetty/jetty-util-ajax/9.3.25.v20180904/jetty-util-ajax-9.3.25.v20180904.jar:/home/user/.m2/repository/commons-daemon/commons-daemon/1.0.13/commons-daemon-1.0.13.jar:/home/user/.m2/repository/io/netty/netty/3.10.5.Final/netty-3.10.5.Final.jar:/home/user/.m2/repository/io/netty/netty-all/4.0.52.Final/netty-all-4.0.52.Final.jar:/home/user/.m2/repository/org/fusesource/leveldbjni/leveldbjni-all/1.8/leveldbjni-all-1.8.jar:"/>
    <property name="java.vm.vendor" value="IcedTea"/>
    <property name="sun.arch.data.model" value="64"/>
    <property name="test.build.dir" value="/workdir/hadoop-ozone/integration-test/target/test-dir"/>
    <property name="test.cache.data" value=""/>
    <property name="java.vendor.url" value="https://icedtea.classpath.org"/>
    <property name="user.timezone" value=""/>
    <property name="java.vm.specification.version" value="1.8"/>
    <property name="os.name" value="Linux"/>
    <property name="test.build.data" value="/workdir/hadoop-ozone/integration-test/target/test-dir"/>
    <property name="user.country" value="US"/>
    <property name="sun.java.launcher" value="SUN_STANDARD"/>
    <property name="sun.boot.library.path" value="/usr/lib/jvm/java-1.8-openjdk/jre/lib/amd64"/>
    <property name="sun.java.command" value="/workdir/hadoop-ozone/integration-test/target/surefire/surefirebooter3882816647889904343.jar /workdir/hadoop-ozone/integration-test/target/surefire 2019-10-02T10-32-56_599-jvmRun1 surefire9003560938904219769tmp surefire_42735734242180867588tmp"/>
    <property name="test" value="!TestMiniChaosOzoneCluster"/>
    <property name="surefire.test.class.path" value="/workdir/hadoop-ozone/integration-test/target/test-classes:/workdir/hadoop-ozone/integration-test/target/classes:/home/user/.m2/repository/org/apache/hadoop/hadoop-ozone-common/0.5.0-SNAPSHOT/hadoop-ozone-common-0.5.0-SNAPSHOT.jar:/home/user/.m2/repository/org/apache/commons/commons-compress/1.4.1/commons-compress-1.4.1.jar:/home/user/.m2/repository/org/tukaani/xz/1.0/xz-1.0.jar:/home/user/.m2/repository/org/apache/hadoop/hadoop-common/3.2.0/hadoop-common-3.2.0.jar:/home/user/.m2/repository/org/apache/hadoop/hadoop-hdfs/3.2.0/hadoop-hdfs-3.2.0.jar:/home/user/.m2/repository/org/apache/hadoop/hadoop-hdfs-client/3.2.0/hadoop-hdfs-client-3.2.0.jar:/home/user/.m2/repository/com/fasterxml/jackson/core/jackson-annotations/2.9.9/jackson-annotations-2.9.9.jar:/home/user/.m2/repository/org/apache/hadoop/hadoop-hdds-common/0.5.0-SNAPSHOT/hadoop-hdds-common-0.5.0-SNAPSHOT.jar:/home/user/.m2/repository/javax/annotation/javax.annotation-api/1.2/javax.annotation-api-1.2.jar:/home/user/.m2/repository/org/apache/ratis/ratis-server/0.5.0-201fc85-SNAPSHOT/ratis-server-0.5.0-201fc85-SNAPSHOT.jar:/home/user/.m2/repository/org/apache/ratis/ratis-thirdparty-misc/0.2.0/ratis-thirdparty-misc-0.2.0.jar:/home/user/.m2/repository/org/apache/ratis/ratis-proto/0.5.0-201fc85-SNAPSHOT/ratis-proto-0.5.0-201fc85-SNAPSHOT.jar:/home/user/.m2/repository/org/apache/ratis/ratis-common/0.5.0-201fc85-SNAPSHOT/ratis-common-0.5.0-201fc85-SNAPSHOT.jar:/home/user/.m2/repository/org/apache/ratis/ratis-client/0.5.0-201fc85-SNAPSHOT/ratis-client-0.5.0-201fc85-SNAPSHOT.jar:/home/user/.m2/repository/org/apache/ratis/ratis-metrics/0.5.0-201fc85-SNAPSHOT/ratis-metrics-0.5.0-201fc85-SNAPSHOT.jar:/home/user/.m2/repository/com/github/joshelser/dropwizard-metrics-hadoop-metrics2-reporter/0.1.2/dropwizard-metrics-hadoop-metrics2-reporter-0.1.2.jar:/home/user/.m2/repository/io/dropwizard/metrics/metrics-jvm/3.2.5/metrics-jvm-3.2.5.jar:/home/user/.m2/repository/io/dropwizard/metrics/metrics-ganglia/3.2.5/metrics-ganglia-3.2.5.jar:/home/user/.m2/repository/info/ganglia/gmetric4j/gmetric4j/1.0.7/gmetric4j-1.0.7.jar:/home/user/.m2/repository/org/apache/ratis/ratis-netty/0.5.0-201fc85-SNAPSHOT/ratis-netty-0.5.0-201fc85-SNAPSHOT.jar:/home/user/.m2/repository/org/apache/ratis/ratis-grpc/0.5.0-201fc85-SNAPSHOT/ratis-grpc-0.5.0-201fc85-SNAPSHOT.jar:/home/user/.m2/repository/org/rocksdb/rocksdbjni/6.0.1/rocksdbjni-6.0.1.jar:/home/user/.m2/repository/org/apache/logging/log4j/log4j-api/2.11.0/log4j-api-2.11.0.jar:/home/user/.m2/repository/org/apache/logging/log4j/log4j-core/2.11.0/log4j-core-2.11.0.jar:/home/user/.m2/repository/com/lmax/disruptor/3.4.2/disruptor-3.4.2.jar:/home/user/.m2/repository/org/apache/commons/commons-pool2/2.6.0/commons-pool2-2.6.0.jar:/home/user/.m2/repository/org/bouncycastle/bcpkix-jdk15on/1.60/bcpkix-jdk15on-1.60.jar:/home/user/.m2/repository/commons-validator/commons-validator/1.6/commons-validator-1.6.jar:/home/user/.m2/repository/commons-digester/commons-digester/1.8.1/commons-digester-1.8.1.jar:/home/user/.m2/repository/io/jaegertracing/jaeger-client/0.34.0/jaeger-client-0.34.0.jar:/home/user/.m2/repository/io/jaegertracing/jaeger-thrift/0.34.0/jaeger-thrift-0.34.0.jar:/home/user/.m2/repository/org/apache/thrift/libthrift/0.12.0/libthrift-0.12.0.jar:/home/user/.m2/repository/com/squareup/okhttp3/okhttp/3.9.0/okhttp-3.9.0.jar:/home/user/.m2/repository/com/squareup/okio/okio/1.13.0/okio-1.13.0.jar:/home/user/.m2/repository/io/jaegertracing/jaeger-core/0.34.0/jaeger-core-0.34.0.jar:/home/user/.m2/repository/io/jaegertracing/jaeger-tracerresolver/0.34.0/jaeger-tracerresolver-0.34.0.jar:/home/user/.m2/repository/io/opentracing/contrib/opentracing-tracerresolver/0.1.5/opentracing-tracerresolver-0.1.5.jar:/home/user/.m2/repository/io/opentracing/opentracing-util/0.31.0/opentracing-util-0.31.0.jar:/home/user/.m2/repository/io/opentracing/opentracing-api/0.31.0/opentracing-api-0.31.0.jar:/home/user/.m2/repository/io/opentracing/opentracing-noop/0.31.0/opentracing-noop-0.31.0.jar:/home/user/.m2/repository/org/apache/hadoop/hadoop-hdds-server-framework/0.5.0-SNAPSHOT/hadoop-hdds-server-framework-0.5.0-SNAPSHOT.jar:/home/user/.m2/repository/org/apache/hadoop/hadoop-hdds-container-service/0.5.0-SNAPSHOT/hadoop-hdds-container-service-0.5.0-SNAPSHOT.jar:/home/user/.m2/repository/org/apache/hadoop/hadoop-hdds-client/0.5.0-SNAPSHOT/hadoop-hdds-client-0.5.0-SNAPSHOT.jar:/home/user/.m2/repository/org/apache/hadoop/hadoop-hdds-tools/0.5.0-SNAPSHOT/hadoop-hdds-tools-0.5.0-SNAPSHOT.jar:/home/user/.m2/repository/org/apache/hadoop/hadoop-hdds-server-scm/0.5.0-SNAPSHOT/hadoop-hdds-server-scm-0.5.0-SNAPSHOT.jar:/home/user/.m2/repository/org/apache/hadoop/hadoop-hdds-docs/0.5.0-SNAPSHOT/hadoop-hdds-docs-0.5.0-SNAPSHOT.jar:/home/user/.m2/repository/io/dropwizard/metrics/metrics-core/3.2.4/metrics-core-3.2.4.jar:/home/user/.m2/repository/org/hamcrest/hamcrest-all/1.3/hamcrest-all-1.3.jar:/home/user/.m2/repository/org/bouncycastle/bcprov-jdk15on/1.60/bcprov-jdk15on-1.60.jar:/home/user/.m2/repository/info/picocli/picocli/3.9.6/picocli-3.9.6.jar:/home/user/.m2/repository/com/google/protobuf/protobuf-java/2.5.0/protobuf-java-2.5.0.jar:/home/user/.m2/repository/com/google/guava/guava/11.0.2/guava-11.0.2.jar:/home/user/.m2/repository/org/apache/hadoop/hadoop-ozone-ozone-manager/0.5.0-SNAPSHOT/hadoop-ozone-ozone-manager-0.5.0-SNAPSHOT.jar:/home/user/.m2/repository/org/apache/hadoop/hadoop-minikdc/3.2.0/hadoop-minikdc-3.2.0.jar:/home/user/.m2/repository/commons-io/commons-io/2.5/commons-io-2.5.jar:/home/user/.m2/repository/org/apache/kerby/kerb-simplekdc/1.0.1/kerb-simplekdc-1.0.1.jar:/home/user/.m2/repository/org/apache/kerby/kerb-client/1.0.1/kerb-client-1.0.1.jar:/home/user/.m2/repository/org/apache/kerby/kerby-config/1.0.1/kerby-config-1.0.1.jar:/home/user/.m2/repository/org/apache/kerby/kerb-core/1.0.1/kerb-core-1.0.1.jar:/home/user/.m2/repository/org/apache/kerby/kerby-pkix/1.0.1/kerby-pkix-1.0.1.jar:/home/user/.m2/repository/org/apache/kerby/kerby-asn1/1.0.1/kerby-asn1-1.0.1.jar:/home/user/.m2/repository/org/apache/kerby/kerby-util/1.0.1/kerby-util-1.0.1.jar:/home/user/.m2/repository/org/apache/kerby/kerb-common/1.0.1/kerb-common-1.0.1.jar:/home/user/.m2/repository/org/apache/kerby/kerb-crypto/1.0.1/kerb-crypto-1.0.1.jar:/home/user/.m2/repository/org/apache/kerby/kerb-util/1.0.1/kerb-util-1.0.1.jar:/home/user/.m2/repository/org/apache/kerby/token-provider/1.0.1/token-provider-1.0.1.jar:/home/user/.m2/repository/org/apache/kerby/kerb-admin/1.0.1/kerb-admin-1.0.1.jar:/home/user/.m2/repository/org/apache/kerby/kerb-server/1.0.1/kerb-server-1.0.1.jar:/home/user/.m2/repository/org/apache/kerby/kerb-identity/1.0.1/kerb-identity-1.0.1.jar:/home/user/.m2/repository/org/apache/kerby/kerby-xdr/1.0.1/kerby-xdr-1.0.1.jar:/home/user/.m2/repository/org/slf4j/slf4j-log4j12/1.7.25/slf4j-log4j12-1.7.25.jar:/home/user/.m2/repository/org/apache/hadoop/hadoop-ozone-s3gateway/0.5.0-SNAPSHOT/hadoop-ozone-s3gateway-0.5.0-SNAPSHOT.jar:/home/user/.m2/repository/org/jboss/weld/servlet/weld-servlet/2.4.7.Final/weld-servlet-2.4.7.Final.jar:/home/user/.m2/repository/org/glassfish/jersey/containers/jersey-container-servlet-core/2.27/jersey-container-servlet-core-2.27.jar:/home/user/.m2/repository/org/glassfish/hk2/external/javax.inject/2.5.0-b42/javax.inject-2.5.0-b42.jar:/home/user/.m2/repository/org/glassfish/jersey/core/jersey-common/2.27/jersey-common-2.27.jar:/home/user/.m2/repository/org/glassfish/hk2/osgi-resource-locator/1.0.1/osgi-resource-locator-1.0.1.jar:/home/user/.m2/repository/javax/ws/rs/javax.ws.rs-api/2.1/javax.ws.rs-api-2.1.jar:/home/user/.m2/repository/org/glassfish/jersey/ext/cdi/jersey-cdi1x/2.27/jersey-cdi1x-2.27.jar:/home/user/.m2/repository/org/glassfish/jersey/inject/jersey-hk2/2.27/jersey-hk2-2.27.jar:/home/user/.m2/repository/org/glassfish/hk2/hk2-locator/2.5.0-b42/hk2-locator-2.5.0-b42.jar:/home/user/.m2/repository/org/javassist/javassist/3.22.0-CR2/javassist-3.22.0-CR2.jar:/home/user/.m2/repository/org/glassfish/hk2/hk2-api/2.5.0/hk2-api-2.5.0.jar:/home/user/.m2/repository/org/glassfish/hk2/external/jakarta.inject/2.5.0/jakarta.inject-2.5.0.jar:/home/user/.m2/repository/org/glassfish/hk2/hk2-utils/2.5.0/hk2-utils-2.5.0.jar:/home/user/.m2/repository/jakarta/annotation/jakarta.annotation-api/1.3.4/jakarta.annotation-api-1.3.4.jar:/home/user/.m2/repository/org/glassfish/hk2/external/aopalliance-repackaged/2.5.0/aopalliance-repackaged-2.5.0.jar:/home/user/.m2/repository/com/fasterxml/jackson/dataformat/jackson-dataformat-xml/2.9.0/jackson-dataformat-xml-2.9.0.jar:/home/user/.m2/repository/com/fasterxml/jackson/core/jackson-core/2.9.9/jackson-core-2.9.9.jar:/home/user/.m2/repository/com/fasterxml/jackson/module/jackson-module-jaxb-annotations/2.9.9/jackson-module-jaxb-annotations-2.9.9.jar:/home/user/.m2/repository/javax/enterprise/cdi-api/1.2/cdi-api-1.2.jar:/home/user/.m2/repository/javax/el/javax.el-api/3.0.0/javax.el-api-3.0.0.jar:/home/user/.m2/repository/javax/interceptor/javax.interceptor-api/1.2/javax.interceptor-api-1.2.jar:/home/user/.m2/repository/javax/inject/javax.inject/1/javax.inject-1.jar:/home/user/.m2/repository/com/sun/xml/bind/jaxb-impl/2.3.0.1/jaxb-impl-2.3.0.1.jar:/home/user/.m2/repository/com/sun/xml/bind/jaxb-core/2.3.0.1/jaxb-core-2.3.0.1.jar:/home/user/.m2/repository/javax/xml/bind/jaxb-api/2.3.0/jaxb-api-2.3.0.jar:/home/user/.m2/repository/javax/activation/activation/1.1.1/activation-1.1.1.jar:/home/user/.m2/repository/org/apache/hadoop/hadoop-ozone-csi/0.5.0-SNAPSHOT/hadoop-ozone-csi-0.5.0-SNAPSHOT.jar:/home/user/.m2/repository/com/google/protobuf/protobuf-java-util/3.5.1/protobuf-java-util-3.5.1.jar:/home/user/.m2/repository/org/apache/hadoop/hadoop-hdds-config/0.5.0-SNAPSHOT/hadoop-hdds-config-0.5.0-SNAPSHOT.jar:/home/user/.m2/repository/io/grpc/grpc-netty/1.17.1/grpc-netty-1.17.1.jar:/home/user/.m2/repository/io/grpc/grpc-core/1.17.1/grpc-core-1.17.1.jar:/home/user/.m2/repository/io/grpc/grpc-context/1.17.1/grpc-context-1.17.1.jar:/home/user/.m2/repository/com/google/errorprone/error_prone_annotations/2.2.0/error_prone_annotations-2.2.0.jar:/home/user/.m2/repository/org/codehaus/mojo/animal-sniffer-annotations/1.17/animal-sniffer-annotations-1.17.jar:/home/user/.m2/repository/io/opencensus/opencensus-api/0.17.0/opencensus-api-0.17.0.jar:/home/user/.m2/repository/io/opencensus/opencensus-contrib-grpc-metrics/0.17.0/opencensus-contrib-grpc-metrics-0.17.0.jar:/home/user/.m2/repository/io/netty/netty-codec-http2/4.1.30.Final/netty-codec-http2-4.1.30.Final.jar:/home/user/.m2/repository/io/netty/netty-codec-http/4.1.30.Final/netty-codec-http-4.1.30.Final.jar:/home/user/.m2/repository/io/netty/netty-codec/4.1.30.Final/netty-codec-4.1.30.Final.jar:/home/user/.m2/repository/io/netty/netty-handler/4.1.30.Final/netty-handler-4.1.30.Final.jar:/home/user/.m2/repository/io/netty/netty-handler-proxy/4.1.30.Final/netty-handler-proxy-4.1.30.Final.jar:/home/user/.m2/repository/io/netty/netty-codec-socks/4.1.30.Final/netty-codec-socks-4.1.30.Final.jar:/home/user/.m2/repository/io/netty/netty-transport-native-epoll/4.1.30.Final/netty-transport-native-epoll-4.1.30.Final.jar:/home/user/.m2/repository/io/netty/netty-common/4.1.30.Final/netty-common-4.1.30.Final.jar:/home/user/.m2/repository/io/netty/netty-buffer/4.1.30.Final/netty-buffer-4.1.30.Final.jar:/home/user/.m2/repository/io/netty/netty-transport/4.1.30.Final/netty-transport-4.1.30.Final.jar:/home/user/.m2/repository/io/netty/netty-resolver/4.1.30.Final/netty-resolver-4.1.30.Final.jar:/home/user/.m2/repository/io/netty/netty-transport-native-unix-common/4.1.30.Final/netty-transport-native-unix-common-4.1.30.Final.jar:/home/user/.m2/repository/io/grpc/grpc-protobuf/1.17.1/grpc-protobuf-1.17.1.jar:/home/user/.m2/repository/com/google/api/grpc/proto-google-common-protos/1.0.0/proto-google-common-protos-1.0.0.jar:/home/user/.m2/repository/io/grpc/grpc-protobuf-lite/1.17.1/grpc-protobuf-lite-1.17.1.jar:/home/user/.m2/repository/io/grpc/grpc-stub/1.17.1/grpc-stub-1.17.1.jar:/home/user/.m2/repository/org/apache/hadoop/hadoop-ozone-recon/0.5.0-SNAPSHOT/hadoop-ozone-recon-0.5.0-SNAPSHOT.jar:/home/user/.m2/repository/org/apache/hadoop/hadoop-ozone-reconcodegen/0.5.0-SNAPSHOT/hadoop-ozone-reconcodegen-0.5.0-SNAPSHOT.jar:/home/user/.m2/repository/com/google/inject/extensions/guice-multibindings/4.0/guice-multibindings-4.0.jar:/home/user/.m2/repository/com/google/inject/guice/4.0/guice-4.0.jar:/home/user/.m2/repository/aopalliance/aopalliance/1.0/aopalliance-1.0.jar:/home/user/.m2/repository/com/google/inject/extensions/guice-servlet/4.0/guice-servlet-4.0.jar:/home/user/.m2/repository/org/glassfish/jersey/containers/jersey-container-servlet/2.27/jersey-container-servlet-2.27.jar:/home/user/.m2/repository/org/glassfish/hk2/guice-bridge/2.5.0/guice-bridge-2.5.0.jar:/home/user/.m2/repository/org/glassfish/jersey/core/jersey-server/2.27/jersey-server-2.27.jar:/home/user/.m2/repository/org/glassfish/jersey/core/jersey-client/2.27/jersey-client-2.27.jar:/home/user/.m2/repository/org/glassfish/jersey/media/jersey-media-jaxb/2.27/jersey-media-jaxb-2.27.jar:/home/user/.m2/repository/javax/validation/validation-api/1.1.0.Final/validation-api-1.1.0.Final.jar:/home/user/.m2/repository/org/glassfish/jersey/media/jersey-media-json-jackson/2.27/jersey-media-json-jackson-2.27.jar:/home/user/.m2/repository/org/glassfish/jersey/ext/jersey-entity-filtering/2.27/jersey-entity-filtering-2.27.jar:/home/user/.m2/repository/com/google/inject/extensions/guice-assistedinject/4.0/guice-assistedinject-4.0.jar:/home/user/.m2/repository/org/jooq/jooq/3.11.10/jooq-3.11.10.jar:/home/user/.m2/repository/org/jooq/jooq-meta/3.11.10/jooq-meta-3.11.10.jar:/home/user/.m2/repository/org/jooq/jooq-codegen/3.11.10/jooq-codegen-3.11.10.jar:/home/user/.m2/repository/com/jolbox/bonecp/0.8.0.RELEASE/bonecp-0.8.0.RELEASE.jar:/home/user/.m2/repository/org/xerial/sqlite-jdbc/3.25.2/sqlite-jdbc-3.25.2.jar:/home/user/.m2/repository/org/springframework/spring-jdbc/5.1.3.RELEASE/spring-jdbc-5.1.3.RELEASE.jar:/home/user/.m2/repository/org/springframework/spring-beans/5.1.3.RELEASE/spring-beans-5.1.3.RELEASE.jar:/home/user/.m2/repository/org/springframework/spring-core/5.1.3.RELEASE/spring-core-5.1.3.RELEASE.jar:/home/user/.m2/repository/org/springframework/spring-jcl/5.1.3.RELEASE/spring-jcl-5.1.3.RELEASE.jar:/home/user/.m2/repository/org/springframework/spring-tx/5.1.3.RELEASE/spring-tx-5.1.3.RELEASE.jar:/home/user/.m2/repository/org/apache/hadoop/hadoop-ozone-client/0.5.0-SNAPSHOT/hadoop-ozone-client-0.5.0-SNAPSHOT.jar:/home/user/.m2/repository/commons-lang/commons-lang/2.6/commons-lang-2.6.jar:/home/user/.m2/repository/org/apache/hadoop/hadoop-ozone-ozone-manager/0.5.0-SNAPSHOT/hadoop-ozone-ozone-manager-0.5.0-SNAPSHOT-tests.jar:/home/user/.m2/repository/junit/junit/4.11/junit-4.11.jar:/home/user/.m2/repository/org/hamcrest/hamcrest-core/1.3/hamcrest-core-1.3.jar:/home/user/.m2/repository/org/openjdk/jmh/jmh-core/1.19/jmh-core-1.19.jar:/home/user/.m2/repository/net/sf/jopt-simple/jopt-simple/4.6/jopt-simple-4.6.jar:/home/user/.m2/repository/org/apache/commons/commons-math3/3.1.1/commons-math3-3.1.1.jar:/home/user/.m2/repository/org/openjdk/jmh/jmh-generator-annprocess/1.19/jmh-generator-annprocess-1.19.jar:/home/user/.m2/repository/org/mockito/mockito-all/1.8.5/mockito-all-1.8.5.jar:/home/user/.m2/repository/org/apache/hadoop/hadoop-kms/3.2.0/hadoop-kms-3.2.0.jar:/home/user/.m2/repository/org/apache/hadoop/hadoop-auth/3.2.0/hadoop-auth-3.2.0.jar:/home/user/.m2/repository/com/nimbusds/nimbus-jose-jwt/4.41.1/nimbus-jose-jwt-4.41.1.jar:/home/user/.m2/repository/com/github/stephenc/jcip/jcip-annotations/1.0-1/jcip-annotations-1.0-1.jar:/home/user/.m2/repository/net/minidev/json-smart/2.3/json-smart-2.3.jar:/home/user/.m2/repository/net/minidev/accessors-smart/1.2/accessors-smart-1.2.jar:/home/user/.m2/repository/org/ow2/asm/asm/5.0.4/asm-5.0.4.jar:/home/user/.m2/repository/org/apache/curator/curator-framework/2.12.0/curator-framework-2.12.0.jar:/home/user/.m2/repository/com/sun/jersey/jersey-core/1.19/jersey-core-1.19.jar:/home/user/.m2/repository/javax/ws/rs/jsr311-api/1.1.1/jsr311-api-1.1.1.jar:/home/user/.m2/repository/com/sun/jersey/jersey-server/1.19/jersey-server-1.19.jar:/home/user/.m2/repository/javax/servlet/javax.servlet-api/3.1.0/javax.servlet-api-3.1.0.jar:/home/user/.m2/repository/org/eclipse/jetty/jetty-server/9.3.25.v20180904/jetty-server-9.3.25.v20180904.jar:/home/user/.m2/repository/org/eclipse/jetty/jetty-http/9.3.25.v20180904/jetty-http-9.3.25.v20180904.jar:/home/user/.m2/repository/org/eclipse/jetty/jetty-io/9.3.25.v20180904/jetty-io-9.3.25.v20180904.jar:/home/user/.m2/repository/org/eclipse/jetty/jetty-webapp/9.3.25.v20180904/jetty-webapp-9.3.25.v20180904.jar:/home/user/.m2/repository/org/eclipse/jetty/jetty-xml/9.3.25.v20180904/jetty-xml-9.3.25.v20180904.jar:/home/user/.m2/repository/log4j/log4j/1.2.17/log4j-1.2.17.jar:/home/user/.m2/repository/org/slf4j/slf4j-api/1.7.25/slf4j-api-1.7.25.jar:/home/user/.m2/repository/org/slf4j/jul-to-slf4j/1.7.25/jul-to-slf4j-1.7.25.jar:/home/user/.m2/repository/org/eclipse/jetty/jetty-util/9.3.25.v20180904/jetty-util-9.3.25.v20180904.jar:/home/user/.m2/repository/com/fasterxml/jackson/core/jackson-databind/2.9.9/jackson-databind-2.9.9.jar:/home/user/.m2/repository/org/apache/hadoop/hadoop-kms/3.2.0/hadoop-kms-3.2.0-tests.jar:/home/user/.m2/repository/org/apache/hadoop/hadoop-hdds-server-scm/0.5.0-SNAPSHOT/hadoop-hdds-server-scm-0.5.0-SNAPSHOT-tests.jar:/home/user/.m2/repository/org/apache/hadoop/hadoop-hdds-container-service/0.5.0-SNAPSHOT/hadoop-hdds-container-service-0.5.0-SNAPSHOT-tests.jar:/home/user/.m2/repository/org/yaml/snakeyaml/1.16/snakeyaml-1.16.jar:/home/user/.m2/repository/org/apache/hadoop/hadoop-common/3.2.0/hadoop-common-3.2.0-tests.jar:/home/user/.m2/repository/org/apache/hadoop/hadoop-annotations/3.2.0/hadoop-annotations-3.2.0.jar:/usr/lib/jvm/java-1.8-openjdk/jre/../lib/tools.jar:/home/user/.m2/repository/commons-cli/commons-cli/1.2/commons-cli-1.2.jar:/home/user/.m2/repository/org/apache/httpcomponents/httpclient/4.5.2/httpclient-4.5.2.jar:/home/user/.m2/repository/org/apache/httpcomponents/httpcore/4.4.4/httpcore-4.4.4.jar:/home/user/.m2/repository/commons-codec/commons-codec/1.11/commons-codec-1.11.jar:/home/user/.m2/repository/commons-net/commons-net/3.6/commons-net-3.6.jar:/home/user/.m2/repository/commons-collections/commons-collections/3.2.2/commons-collections-3.2.2.jar:/home/user/.m2/repository/org/eclipse/jetty/jetty-servlet/9.3.25.v20180904/jetty-servlet-9.3.25.v20180904.jar:/home/user/.m2/repository/org/eclipse/jetty/jetty-security/9.3.25.v20180904/jetty-security-9.3.25.v20180904.jar:/home/user/.m2/repository/javax/servlet/jsp/jsp-api/2.1/jsp-api-2.1.jar:/home/user/.m2/repository/com/sun/jersey/jersey-servlet/1.19/jersey-servlet-1.19.jar:/home/user/.m2/repository/com/sun/jersey/jersey-json/1.19/jersey-json-1.19.jar:/home/user/.m2/repository/org/codehaus/jettison/jettison/1.1/jettison-1.1.jar:/home/user/.m2/repository/org/codehaus/jackson/jackson-core-asl/1.9.13/jackson-core-asl-1.9.13.jar:/home/user/.m2/repository/org/codehaus/jackson/jackson-mapper-asl/1.9.13/jackson-mapper-asl-1.9.13.jar:/home/user/.m2/repository/org/codehaus/jackson/jackson-jaxrs/1.9.13/jackson-jaxrs-1.9.13.jar:/home/user/.m2/repository/org/codehaus/jackson/jackson-xc/1.9.13/jackson-xc-1.9.13.jar:/home/user/.m2/repository/commons-logging/commons-logging/1.1.3/commons-logging-1.1.3.jar:/home/user/.m2/repository/commons-beanutils/commons-beanutils/1.9.4/commons-beanutils-1.9.4.jar:/home/user/.m2/repository/org/apache/commons/commons-configuration2/2.1.1/commons-configuration2-2.1.1.jar:/home/user/.m2/repository/org/apache/commons/commons-lang3/3.7/commons-lang3-3.7.jar:/home/user/.m2/repository/org/apache/commons/commons-text/1.4/commons-text-1.4.jar:/home/user/.m2/repository/org/apache/avro/avro/1.7.7/avro-1.7.7.jar:/home/user/.m2/repository/com/thoughtworks/paranamer/paranamer/2.3/paranamer-2.3.jar:/home/user/.m2/repository/org/xerial/snappy/snappy-java/1.0.5/snappy-java-1.0.5.jar:/home/user/.m2/repository/com/google/re2j/re2j/1.1/re2j-1.1.jar:/home/user/.m2/repository/com/google/code/gson/gson/2.2.4/gson-2.2.4.jar:/home/user/.m2/repository/com/jcraft/jsch/0.1.54/jsch-0.1.54.jar:/home/user/.m2/repository/org/apache/curator/curator-client/2.12.0/curator-client-2.12.0.jar:/home/user/.m2/repository/org/apache/curator/curator-recipes/2.12.0/curator-recipes-2.12.0.jar:/home/user/.m2/repository/com/google/code/findbugs/jsr305/3.0.0/jsr305-3.0.0.jar:/home/user/.m2/repository/org/apache/htrace/htrace-core4/4.1.0-incubating/htrace-core4-4.1.0-incubating.jar:/home/user/.m2/repository/org/apache/zookeeper/zookeeper/3.4.13/zookeeper-3.4.13.jar:/home/user/.m2/repository/jline/jline/0.9.94/jline-0.9.94.jar:/home/user/.m2/repository/org/apache/yetus/audience-annotations/0.5.0/audience-annotations-0.5.0.jar:/home/user/.m2/repository/org/codehaus/woodstox/stax2-api/3.1.4/stax2-api-3.1.4.jar:/home/user/.m2/repository/com/fasterxml/woodstox/woodstox-core/5.0.3/woodstox-core-5.0.3.jar:/home/user/.m2/repository/dnsjava/dnsjava/2.1.7/dnsjava-2.1.7.jar:/home/user/.m2/repository/org/apache/hadoop/hadoop-hdfs/3.2.0/hadoop-hdfs-3.2.0-tests.jar:/home/user/.m2/repository/org/eclipse/jetty/jetty-util-ajax/9.3.25.v20180904/jetty-util-ajax-9.3.25.v20180904.jar:/home/user/.m2/repository/commons-daemon/commons-daemon/1.0.13/commons-daemon-1.0.13.jar:/home/user/.m2/repository/io/netty/netty/3.10.5.Final/netty-3.10.5.Final.jar:/home/user/.m2/repository/io/netty/netty-all/4.0.52.Final/netty-all-4.0.52.Final.jar:/home/user/.m2/repository/org/fusesource/leveldbjni/leveldbjni-all/1.8/leveldbjni-all-1.8.jar:"/>
    <property name="sun.cpu.endian" value="little"/>
    <property name="user.home" value="/home/user"/>
    <property name="user.language" value="en"/>
    <property name="java.specification.vendor" value="Oracle Corporation"/>
    <property name="java.home" value="/usr/lib/jvm/java-1.8-openjdk/jre"/>
    <property name="java.security.krb5.conf" value="/workdir/hadoop-ozone/integration-test/target/test-classes/krb5.conf"/>
    <property name="basedir" value="/workdir/hadoop-ozone/integration-test"/>
    <property name="file.separator" value="/"/>
    <property name="line.separator" value="&#10;"/>
    <property name="java.vm.specification.vendor" value="Oracle Corporation"/>
    <property name="java.specification.name" value="Java Platform API Specification"/>
    <property name="java.awt.graphicsenv" value="sun.awt.X11GraphicsEnvironment"/>
    <property name="surefire.real.class.path" value="/workdir/hadoop-ozone/integration-test/target/surefire/surefirebooter3882816647889904343.jar"/>
    <property name="hadoop.log.dir" value="/workdir/hadoop-ozone/integration-test/target/log"/>
    <property name="sun.boot.class.path" value="/usr/lib/jvm/java-1.8-openjdk/jre/lib/resources.jar:/usr/lib/jvm/java-1.8-openjdk/jre/lib/rt.jar:/usr/lib/jvm/java-1.8-openjdk/jre/lib/sunrsasign.jar:/usr/lib/jvm/java-1.8-openjdk/jre/lib/jsse.jar:/usr/lib/jvm/java-1.8-openjdk/jre/lib/jce.jar:/usr/lib/jvm/java-1.8-openjdk/jre/lib/charsets.jar:/usr/lib/jvm/java-1.8-openjdk/jre/lib/jfr.jar:/usr/lib/jvm/java-1.8-openjdk/jre/classes"/>
    <property name="sun.management.compiler" value="HotSpot 64-Bit Tiered Compilers"/>
    <property name="java.runtime.version" value="1.8.0_212-b04"/>
    <property name="java.net.preferIPv4Stack" value="true"/>
    <property name="user.name" value="jenkins1000"/>
    <property name="path.separator" value=":"/>
    <property name="java.security.egd" value="file:///dev/urandom"/>
    <property name="os.version" value="3.10.0-957.12.2.el7.x86_64"/>
    <property name="java.endorsed.dirs" value="/usr/lib/jvm/java-1.8-openjdk/jre/lib/endorsed"/>
    <property name="java.runtime.name" value="OpenJDK Runtime Environment"/>
    <property name="file.encoding" value="UTF-8"/>
    <property name="java.vm.name" value="OpenJDK 64-Bit Server VM"/>
    <property name="test.build.webapps" value=""/>
    <property name="localRepository" value="/home/user/.m2/repository"/>
    <property name="java.vendor.url.bug" value="https://icedtea.classpath.org/bugzilla"/>
    <property name="java.io.tmpdir" value="/tmp"/>
    <property name="require.test.libhadoop" value=""/>
    <property name="java.version" value="1.8.0_212"/>
    <property name="user.dir" value="/workdir/hadoop-ozone/integration-test"/>
    <property name="os.arch" value="amd64"/>
    <property name="java.vm.specification.name" value="Java Virtual Machine Specification"/>
    <property name="test.build.classes" value="/workdir/hadoop-ozone/integration-test/target/test-classes"/>
    <property name="java.awt.printerjob" value="sun.print.PSPrinterJob"/>
    <property name="sun.os.patch.level" value="unknown"/>
    <property name="hadoop.tmp.dir" value="/workdir/hadoop-ozone/integration-test/target/tmp"/>
    <property name="java.library.path" value="/usr/lib/jvm/java-1.8-openjdk/jre/lib/amd64/server:/usr/lib/jvm/java-1.8-openjdk/jre/lib/amd64:/usr/lib/jvm/java-1.8-openjdk/jre/../lib/amd64:/workdir/hadoop-ozone/integration-test/target/native/target/usr/local/lib:/workdir/hadoop-ozone/integration-test/../../hadoop-common-project/hadoop-common/target/native/target/usr/local/lib:/usr/java/packages/lib/amd64:/usr/lib64:/lib64:/lib:/usr/lib"/>
    <property name="java.vm.info" value="mixed mode"/>
    <property name="java.vendor" value="IcedTea"/>
    <property name="java.vm.version" value="25.212-b04"/>
    <property name="java.ext.dirs" value="/usr/lib/jvm/java-1.8-openjdk/jre/lib/ext:/usr/java/packages/lib/ext"/>
    <property name="sun.io.unicode.encoding" value="UnicodeLittle"/>
    <property name="java.class.version" value="52.0"/>
  </properties>
  <testcase name="testMultiBlockWritesWithIntermittentDnFailures" classname="org.apache.hadoop.ozone.client.rpc.TestMultiBlockWritesWithDnFailures" time="58.724">
    <error message="Allocated 2 blocks. Requested 6 blocks" type="INTERNAL_ERROR org.apache.hadoop.ozone.om.exceptions.OMException">INTERNAL_ERROR org.apache.hadoop.ozone.om.exceptions.OMException: Allocated 2 blocks. Requested 6 blocks
	at org.apache.hadoop.ozone.om.protocolPB.OzoneManagerProtocolClientSideTranslatorPB.handleError(OzoneManagerProtocolClientSideTranslatorPB.java:732)
	at org.apache.hadoop.ozone.om.protocolPB.OzoneManagerProtocolClientSideTranslatorPB.openKey(OzoneManagerProtocolClientSideTranslatorPB.java:723)
	at sun.reflect.NativeMethodAccessorImpl.invoke0(Native Method)
	at sun.reflect.NativeMethodAccessorImpl.invoke(NativeMethodAccessorImpl.java:62)
	at sun.reflect.DelegatingMethodAccessorImpl.invoke(DelegatingMethodAccessorImpl.java:43)
	at java.lang.reflect.Method.invoke(Method.java:498)
	at org.apache.hadoop.hdds.tracing.TraceAllMethod.invoke(TraceAllMethod.java:66)
	at com.sun.proxy.$Proxy36.openKey(Unknown Source)
	at org.apache.hadoop.ozone.client.rpc.RpcClient.createKey(RpcClient.java:614)
	at org.apache.hadoop.ozone.client.OzoneBucket.createKey(OzoneBucket.java:325)
	at org.apache.hadoop.ozone.container.ContainerTestHelper.createKey(ContainerTestHelper.java:695)
	at org.apache.hadoop.ozone.client.rpc.TestMultiBlockWritesWithDnFailures.createKey(TestMultiBlockWritesWithDnFailures.java:212)
	at org.apache.hadoop.ozone.client.rpc.TestMultiBlockWritesWithDnFailures.testMultiBlockWritesWithIntermittentDnFailures(TestMultiBlockWritesWithDnFailures.java:163)
	at sun.reflect.NativeMethodAccessorImpl.invoke0(Native Method)
	at sun.reflect.NativeMethodAccessorImpl.invoke(NativeMethodAccessorImpl.java:62)
	at sun.reflect.DelegatingMethodAccessorImpl.invoke(DelegatingMethodAccessorImpl.java:43)
	at java.lang.reflect.Method.invoke(Method.java:498)
	at org.junit.runners.model.FrameworkMethod$1.runReflectiveCall(FrameworkMethod.java:47)
	at org.junit.internal.runners.model.ReflectiveCallable.run(ReflectiveCallable.java:12)
	at org.junit.runners.model.FrameworkMethod.invokeExplosively(FrameworkMethod.java:44)
	at org.junit.internal.runners.statements.InvokeMethod.evaluate(InvokeMethod.java:17)
	at org.junit.internal.runners.statements.RunAfters.evaluate(RunAfters.java:27)
	at org.junit.runners.ParentRunner.runLeaf(ParentRunner.java:271)
	at org.junit.runners.BlockJUnit4ClassRunner.runChild(BlockJUnit4ClassRunner.java:70)
	at org.junit.runners.BlockJUnit4ClassRunner.runChild(BlockJUnit4ClassRunner.java:50)
	at org.junit.runners.ParentRunner$3.run(ParentRunner.java:238)
	at org.junit.runners.ParentRunner$1.schedule(ParentRunner.java:63)
	at org.junit.runners.ParentRunner.runChildren(ParentRunner.java:236)
	at org.junit.runners.ParentRunner.access$000(ParentRunner.java:53)
	at org.junit.runners.ParentRunner$2.evaluate(ParentRunner.java:229)
	at org.junit.runners.ParentRunner.run(ParentRunner.java:309)
	at org.apache.maven.surefire.junit4.JUnit4Provider.execute(JUnit4Provider.java:365)
	at org.apache.maven.surefire.junit4.JUnit4Provider.executeWithRerun(JUnit4Provider.java:273)
	at org.apache.maven.surefire.junit4.JUnit4Provider.executeTestSet(JUnit4Provider.java:238)
	at org.apache.maven.surefire.junit4.JUnit4Provider.invoke(JUnit4Provider.java:159)
	at org.apache.maven.surefire.booter.ForkedBooter.invokeProviderInSameClassLoader(ForkedBooter.java:384)
	at org.apache.maven.surefire.booter.ForkedBooter.runSuitesInProcess(ForkedBooter.java:345)
	at org.apache.maven.surefire.booter.ForkedBooter.execute(ForkedBooter.java:126)
	at org.apache.maven.surefire.booter.ForkedBooter.main(ForkedBooter.java:418)
</error>
    <system-out><![CDATA[2019-10-02 10:55:49,108 [main] WARN  server.ServerUtils (ServerUtils.java:getScmDbDir(145)) - ozone.scm.db.dirs is not configured. We recommend adding this setting. Falling back to ozone.metadata.dirs instead.
2019-10-02 10:55:49,314 [main] WARN  server.ServerUtils (ServerUtils.java:getScmDbDir(145)) - ozone.scm.db.dirs is not configured. We recommend adding this setting. Falling back to ozone.metadata.dirs instead.
2019-10-02 10:55:49,318 [main] WARN  server.ServerUtils (ServerUtils.java:getScmDbDir(145)) - ozone.scm.db.dirs is not configured. We recommend adding this setting. Falling back to ozone.metadata.dirs instead.
2019-10-02 10:55:49,336 [main] INFO  util.log (Log.java:initialized(192)) - Logging initialized @1038ms
2019-10-02 10:55:49,449 [main] INFO  db.DBStoreBuilder (DBStoreBuilder.java:addTable(110)) - using custom profile for table: deletedBlocks
2019-10-02 10:55:49,449 [main] INFO  db.DBStoreBuilder (DBStoreBuilder.java:processTables(161)) - Using default column profile:DBProfile.DISK for Table:deletedBlocks
2019-10-02 10:55:49,450 [main] INFO  db.DBStoreBuilder (DBStoreBuilder.java:addTable(110)) - using custom profile for table: validCerts
2019-10-02 10:55:49,450 [main] INFO  db.DBStoreBuilder (DBStoreBuilder.java:processTables(161)) - Using default column profile:DBProfile.DISK for Table:validCerts
2019-10-02 10:55:49,451 [main] INFO  db.DBStoreBuilder (DBStoreBuilder.java:addTable(110)) - using custom profile for table: revokedCerts
2019-10-02 10:55:49,451 [main] INFO  db.DBStoreBuilder (DBStoreBuilder.java:processTables(161)) - Using default column profile:DBProfile.DISK for Table:revokedCerts
2019-10-02 10:55:49,463 [main] INFO  db.DBStoreBuilder (DBStoreBuilder.java:addTable(110)) - using custom profile for table: default
2019-10-02 10:55:49,464 [main] INFO  db.DBStoreBuilder (DBStoreBuilder.java:processTables(167)) - Using default column profile:DBProfile.DISK for Table:default
2019-10-02 10:55:49,465 [main] INFO  db.DBStoreBuilder (DBStoreBuilder.java:getDbProfile(198)) - Using default options. DBProfile.DISK
2019-10-02 10:55:49,842 [main] INFO  net.NodeSchemaLoader (NodeSchemaLoader.java:loadSchemaFromFile(125)) - Loading file from sun.misc.CompoundEnumeration@14cd1699
2019-10-02 10:55:49,844 [main] INFO  net.NodeSchemaLoader (NodeSchemaLoader.java:loadSchema(171)) - Loading network topology layer schema file
2019-10-02 10:55:49,916 [main] INFO  node.SCMNodeManager (SCMNodeManager.java:<init>(114)) - Entering startup safe mode.
2019-10-02 10:55:49,994 [main] INFO  algorithms.ContainerPlacementPolicyFactory (ContainerPlacementPolicyFactory.java:getPolicy(57)) - Create container placement policy of type org.apache.hadoop.hdds.scm.container.placement.algorithms.SCMContainerPlacementRandom
2019-10-02 10:55:50,009 [main] WARN  server.ServerUtils (ServerUtils.java:getScmDbDir(145)) - ozone.scm.db.dirs is not configured. We recommend adding this setting. Falling back to ozone.metadata.dirs instead.
2019-10-02 10:55:50,150 [main] INFO  pipeline.SCMPipelineManager (SCMPipelineManager.java:initializePipelineState(132)) - No pipeline exists in current db
2019-10-02 10:55:50,152 [main] WARN  server.ServerUtils (ServerUtils.java:getScmDbDir(145)) - ozone.scm.db.dirs is not configured. We recommend adding this setting. Falling back to ozone.metadata.dirs instead.
2019-10-02 10:55:50,310 [main] WARN  events.EventQueue (EventQueue.java:fireEvent(183)) - No event handler registered for event TypedEvent{payloadType=SafeModeStatus, name='SafeModeStatus'}
2019-10-02 10:55:50,674 [main] INFO  ipc.CallQueueManager (CallQueueManager.java:<init>(84)) - Using callQueue: class java.util.concurrent.LinkedBlockingQueue, queueCapacity: 2000, scheduler: class org.apache.hadoop.ipc.DefaultRpcScheduler, ipcBackoff: false.
2019-10-02 10:55:50,702 [Socket Reader #1 for port 44807] INFO  ipc.Server (Server.java:run(1074)) - Starting Socket Reader #1 for port 44807
2019-10-02 10:55:50,851 [main] INFO  ipc.CallQueueManager (CallQueueManager.java:<init>(84)) - Using callQueue: class java.util.concurrent.LinkedBlockingQueue, queueCapacity: 2000, scheduler: class org.apache.hadoop.ipc.DefaultRpcScheduler, ipcBackoff: false.
2019-10-02 10:55:50,852 [Socket Reader #1 for port 35276] INFO  ipc.Server (Server.java:run(1074)) - Starting Socket Reader #1 for port 35276
2019-10-02 10:55:50,861 [main] INFO  ipc.CallQueueManager (CallQueueManager.java:<init>(84)) - Using callQueue: class java.util.concurrent.LinkedBlockingQueue, queueCapacity: 2000, scheduler: class org.apache.hadoop.ipc.DefaultRpcScheduler, ipcBackoff: false.
2019-10-02 10:55:50,862 [Socket Reader #1 for port 41833] INFO  ipc.Server (Server.java:run(1074)) - Starting Socket Reader #1 for port 41833
2019-10-02 10:55:50,882 [main] INFO  hdfs.DFSUtil (DFSUtil.java:httpServerTemplateForNNAndJN(1641)) - Starting Web-server for scm at: http://0.0.0.0:0
2019-10-02 10:55:51,049 [main] INFO  server.AuthenticationFilter (AuthenticationFilter.java:constructSecretProvider(240)) - Unable to initialize FileSignerSecretProvider, falling back to use random secrets.
2019-10-02 10:55:51,058 [main] WARN  http.HttpRequestLog (HttpRequestLog.java:getRequestLog(97)) - Jetty request log can only be enabled using Log4j
2019-10-02 10:55:51,067 [main] INFO  http.HttpServer2 (HttpServer2.java:addGlobalFilter(975)) - Added global filter 'safety' (class=org.apache.hadoop.http.HttpServer2$QuotingInputFilter)
2019-10-02 10:55:51,070 [main] INFO  http.HttpServer2 (HttpServer2.java:addFilter(948)) - Added filter static_user_filter (class=org.apache.hadoop.http.lib.StaticUserWebFilter$StaticUserFilter) to context scm
2019-10-02 10:55:51,070 [main] INFO  http.HttpServer2 (HttpServer2.java:addFilter(958)) - Added filter static_user_filter (class=org.apache.hadoop.http.lib.StaticUserWebFilter$StaticUserFilter) to context logs
2019-10-02 10:55:51,071 [main] INFO  http.HttpServer2 (HttpServer2.java:addFilter(958)) - Added filter static_user_filter (class=org.apache.hadoop.http.lib.StaticUserWebFilter$StaticUserFilter) to context static
2019-10-02 10:55:51,108 [main] INFO  server.StorageContainerManager (StorageContainerManager.java:start(770)) - StorageContainerLocationProtocol RPC server is listening at /0.0.0.0:41833
2019-10-02 10:55:51,185 [main] WARN  impl.MetricsConfig (MetricsConfig.java:loadFirst(134)) - Cannot locate configuration: tried hadoop-metrics2-storagecontainermanager.properties,hadoop-metrics2.properties
2019-10-02 10:55:51,200 [main] INFO  impl.MetricsSystemImpl (MetricsSystemImpl.java:startTimer(374)) - Scheduled Metric snapshot period at 10 second(s).
2019-10-02 10:55:51,200 [main] INFO  impl.MetricsSystemImpl (MetricsSystemImpl.java:start(191)) - StorageContainerManager metrics system started
2019-10-02 10:55:51,469 [main] INFO  server.SCMClientProtocolServer (SCMClientProtocolServer.java:start(150)) - RPC server for Client  is listening at /0.0.0.0:41833
2019-10-02 10:55:51,470 [IPC Server Responder] INFO  ipc.Server (Server.java:run(1314)) - IPC Server Responder: starting
2019-10-02 10:55:51,470 [IPC Server listener on 41833] INFO  ipc.Server (Server.java:run(1153)) - IPC Server listener on 41833: starting
2019-10-02 10:55:51,472 [main] INFO  server.StorageContainerManager (StorageContainerManager.java:start(780)) - ScmBlockLocationProtocol RPC server is listening at /0.0.0.0:35276
2019-10-02 10:55:51,474 [main] INFO  server.SCMBlockProtocolServer (SCMBlockProtocolServer.java:start(146)) - RPC server for Block Protocol is listening at /0.0.0.0:35276
2019-10-02 10:55:51,474 [IPC Server Responder] INFO  ipc.Server (Server.java:run(1314)) - IPC Server Responder: starting
2019-10-02 10:55:51,474 [IPC Server listener on 35276] INFO  ipc.Server (Server.java:run(1153)) - IPC Server listener on 35276: starting
2019-10-02 10:55:51,476 [main] INFO  server.StorageContainerManager (StorageContainerManager.java:start(784)) - ScmDatanodeProtocl RPC server is listening at /0.0.0.0:44807
2019-10-02 10:55:51,476 [main] INFO  server.SCMDatanodeProtocolServer (SCMDatanodeProtocolServer.java:start(191)) - RPC server for DataNodes is listening at /0.0.0.0:44807
2019-10-02 10:55:51,476 [IPC Server Responder] INFO  ipc.Server (Server.java:run(1314)) - IPC Server Responder: starting
2019-10-02 10:55:51,477 [IPC Server listener on 44807] INFO  ipc.Server (Server.java:run(1153)) - IPC Server listener on 44807: starting
2019-10-02 10:55:51,480 [main] INFO  http.HttpServer2 (HttpServer2.java:bindListener(1191)) - Jetty bound to port 35428
2019-10-02 10:55:51,482 [main] INFO  server.Server (Server.java:doStart(351)) - jetty-9.3.25.v20180904, build timestamp: 2018-09-04T21:11:46Z, git hash: 3ce520221d0240229c862b122d2b06c12a625732
2019-10-02 10:55:51,521 [main] INFO  handler.ContextHandler (ContextHandler.java:doStart(781)) - Started o.e.j.s.ServletContextHandler@4fce136b{/logs,file:///workdir/hadoop-ozone/integration-test/target/log,AVAILABLE}
2019-10-02 10:55:51,522 [main] INFO  handler.ContextHandler (ContextHandler.java:doStart(781)) - Started o.e.j.s.ServletContextHandler@43b6123e{/static,file:///workdir/hadoop-ozone/integration-test/target/test-classes/webapps/static,AVAILABLE}
2019-10-02 10:55:51,568 [main] INFO  handler.ContextHandler (ContextHandler.java:doStart(781)) - Started o.e.j.w.WebAppContext@6db66836{/,file:///workdir/hadoop-ozone/integration-test/target/test-classes/webapps/scm/,AVAILABLE}{/scm}
2019-10-02 10:55:51,575 [main] INFO  server.AbstractConnector (AbstractConnector.java:doStart(278)) - Started ServerConnector@1ee4730{HTTP/1.1,[http/1.1]}{0.0.0.0:35428}
2019-10-02 10:55:51,576 [main] INFO  server.Server (Server.java:doStart(419)) - Started @3278ms
2019-10-02 10:55:51,578 [main] INFO  impl.MetricsSinkAdapter (MetricsSinkAdapter.java:start(204)) - Sink prometheus started
2019-10-02 10:55:51,579 [main] INFO  impl.MetricsSystemImpl (MetricsSystemImpl.java:registerSink(301)) - Registered sink prometheus
2019-10-02 10:55:51,580 [main] INFO  server.BaseHttpServer (BaseHttpServer.java:updateConnectorAddress(215)) - HTTP server of SCM is listening at http://0.0.0.0:35428
2019-10-02 10:55:51,586 [org.apache.hadoop.util.JvmPauseMonitor$Monitor@51f49060] INFO  util.JvmPauseMonitor (JvmPauseMonitor.java:run(188)) - Starting JVM pause monitor
2019-10-02 10:55:51,589 [main] WARN  server.ServerUtils (ServerUtils.java:getDBPath(222)) - ozone.om.db.dirs is not configured. We recommend adding this setting. Falling back to ozone.metadata.dirs instead.
2019-10-02 10:55:51,831 [main] WARN  server.ServerUtils (ServerUtils.java:getDBPath(222)) - ozone.om.db.dirs is not configured. We recommend adding this setting. Falling back to ozone.metadata.dirs instead.
2019-10-02 10:55:51,832 [main] WARN  server.ServerUtils (ServerUtils.java:getDBPath(222)) - ozone.om.db.dirs is not configured. We recommend adding this setting. Falling back to ozone.metadata.dirs instead.
2019-10-02 10:55:51,833 [main] INFO  om.OzoneManager (OzoneManager.java:setOMNodeDetails(652)) - OM Service ID is not set. Setting it to the default ID: omServiceIdDefault
2019-10-02 10:55:51,833 [main] INFO  om.OzoneManager (OzoneManager.java:setOMNodeDetails(658)) - OM Node ID is not set. Setting it to the OmStorage's OmID: 35b239e8-a62d-43d8-8fbe-7b674c2e7f2e
2019-10-02 10:55:51,834 [main] INFO  om.OzoneManager (OzoneManager.java:loadOMHAConfigs(609)) - Found matching OM address with OMServiceId: null, OMNodeId: null, RPC Address: localhost:0 and Ratis port: 9872
2019-10-02 10:55:52,691 [main] WARN  server.ServerUtils (ServerUtils.java:getDBPath(222)) - ozone.om.db.dirs is not configured. We recommend adding this setting. Falling back to ozone.metadata.dirs instead.
2019-10-02 10:55:52,699 [main] INFO  db.DBStoreBuilder (DBStoreBuilder.java:addTable(110)) - using custom profile for table: userTable
2019-10-02 10:55:52,699 [main] INFO  db.DBStoreBuilder (DBStoreBuilder.java:processTables(161)) - Using default column profile:DBProfile.DISK for Table:userTable
2019-10-02 10:55:52,699 [main] INFO  db.DBStoreBuilder (DBStoreBuilder.java:addTable(110)) - using custom profile for table: volumeTable
2019-10-02 10:55:52,700 [main] INFO  db.DBStoreBuilder (DBStoreBuilder.java:processTables(161)) - Using default column profile:DBProfile.DISK for Table:volumeTable
2019-10-02 10:55:52,700 [main] INFO  db.DBStoreBuilder (DBStoreBuilder.java:addTable(110)) - using custom profile for table: bucketTable
2019-10-02 10:55:52,700 [main] INFO  db.DBStoreBuilder (DBStoreBuilder.java:processTables(161)) - Using default column profile:DBProfile.DISK for Table:bucketTable
2019-10-02 10:55:52,700 [main] INFO  db.DBStoreBuilder (DBStoreBuilder.java:addTable(110)) - using custom profile for table: keyTable
2019-10-02 10:55:52,701 [main] INFO  db.DBStoreBuilder (DBStoreBuilder.java:processTables(161)) - Using default column profile:DBProfile.DISK for Table:keyTable
2019-10-02 10:55:52,701 [main] INFO  db.DBStoreBuilder (DBStoreBuilder.java:addTable(110)) - using custom profile for table: deletedTable
2019-10-02 10:55:52,701 [main] INFO  db.DBStoreBuilder (DBStoreBuilder.java:processTables(161)) - Using default column profile:DBProfile.DISK for Table:deletedTable
2019-10-02 10:55:52,701 [main] INFO  db.DBStoreBuilder (DBStoreBuilder.java:addTable(110)) - using custom profile for table: openKeyTable
2019-10-02 10:55:52,702 [main] INFO  db.DBStoreBuilder (DBStoreBuilder.java:processTables(161)) - Using default column profile:DBProfile.DISK for Table:openKeyTable
2019-10-02 10:55:52,702 [main] INFO  db.DBStoreBuilder (DBStoreBuilder.java:addTable(110)) - using custom profile for table: s3Table
2019-10-02 10:55:52,702 [main] INFO  db.DBStoreBuilder (DBStoreBuilder.java:processTables(161)) - Using default column profile:DBProfile.DISK for Table:s3Table
2019-10-02 10:55:52,702 [main] INFO  db.DBStoreBuilder (DBStoreBuilder.java:addTable(110)) - using custom profile for table: multipartInfoTable
2019-10-02 10:55:52,703 [main] INFO  db.DBStoreBuilder (DBStoreBuilder.java:processTables(161)) - Using default column profile:DBProfile.DISK for Table:multipartInfoTable
2019-10-02 10:55:52,703 [main] INFO  db.DBStoreBuilder (DBStoreBuilder.java:addTable(110)) - using custom profile for table: dTokenTable
2019-10-02 10:55:52,703 [main] INFO  db.DBStoreBuilder (DBStoreBuilder.java:processTables(161)) - Using default column profile:DBProfile.DISK for Table:dTokenTable
2019-10-02 10:55:52,703 [main] INFO  db.DBStoreBuilder (DBStoreBuilder.java:addTable(110)) - using custom profile for table: s3SecretTable
2019-10-02 10:55:52,704 [main] INFO  db.DBStoreBuilder (DBStoreBuilder.java:processTables(161)) - Using default column profile:DBProfile.DISK for Table:s3SecretTable
2019-10-02 10:55:52,704 [main] INFO  db.DBStoreBuilder (DBStoreBuilder.java:addTable(110)) - using custom profile for table: prefixTable
2019-10-02 10:55:52,704 [main] INFO  db.DBStoreBuilder (DBStoreBuilder.java:processTables(161)) - Using default column profile:DBProfile.DISK for Table:prefixTable
2019-10-02 10:55:52,704 [main] INFO  db.DBStoreBuilder (DBStoreBuilder.java:addTable(110)) - using custom profile for table: default
2019-10-02 10:55:52,705 [main] INFO  db.DBStoreBuilder (DBStoreBuilder.java:processTables(167)) - Using default column profile:DBProfile.DISK for Table:default
2019-10-02 10:55:52,705 [main] INFO  db.DBStoreBuilder (DBStoreBuilder.java:getDbProfile(198)) - Using default options. DBProfile.DISK
2019-10-02 10:55:53,429 [main] INFO  ipc.CallQueueManager (CallQueueManager.java:<init>(84)) - Using callQueue: class java.util.concurrent.LinkedBlockingQueue, queueCapacity: 2000, scheduler: class org.apache.hadoop.ipc.DefaultRpcScheduler, ipcBackoff: false.
2019-10-02 10:55:53,430 [Socket Reader #1 for port 39449] INFO  ipc.Server (Server.java:run(1074)) - Starting Socket Reader #1 for port 39449
2019-10-02 10:55:53,454 [main] INFO  om.OzoneManager (OzoneManager.java:start(1243)) - OzoneManager RPC server is listening at localhost/127.0.0.1:39449
2019-10-02 10:55:53,454 [main] INFO  impl.MetricsSystemImpl (MetricsSystemImpl.java:init(158)) - OzoneManager metrics system started (again)
2019-10-02 10:55:53,456 [IPC Server Responder] INFO  ipc.Server (Server.java:run(1314)) - IPC Server Responder: starting
2019-10-02 10:55:53,456 [IPC Server listener on 39449] INFO  ipc.Server (Server.java:run(1153)) - IPC Server listener on 39449: starting
2019-10-02 10:55:53,461 [main] INFO  hdfs.DFSUtil (DFSUtil.java:httpServerTemplateForNNAndJN(1641)) - Starting Web-server for ozoneManager at: http://0.0.0.0:0
2019-10-02 10:55:53,463 [main] INFO  server.AuthenticationFilter (AuthenticationFilter.java:constructSecretProvider(240)) - Unable to initialize FileSignerSecretProvider, falling back to use random secrets.
2019-10-02 10:55:53,464 [main] WARN  http.HttpRequestLog (HttpRequestLog.java:getRequestLog(97)) - Jetty request log can only be enabled using Log4j
2019-10-02 10:55:53,466 [main] INFO  http.HttpServer2 (HttpServer2.java:addGlobalFilter(975)) - Added global filter 'safety' (class=org.apache.hadoop.http.HttpServer2$QuotingInputFilter)
2019-10-02 10:55:53,467 [main] INFO  http.HttpServer2 (HttpServer2.java:addFilter(948)) - Added filter static_user_filter (class=org.apache.hadoop.http.lib.StaticUserWebFilter$StaticUserFilter) to context ozoneManager
2019-10-02 10:55:53,468 [main] INFO  http.HttpServer2 (HttpServer2.java:addFilter(958)) - Added filter static_user_filter (class=org.apache.hadoop.http.lib.StaticUserWebFilter$StaticUserFilter) to context logs
2019-10-02 10:55:53,468 [main] INFO  http.HttpServer2 (HttpServer2.java:addFilter(958)) - Added filter static_user_filter (class=org.apache.hadoop.http.lib.StaticUserWebFilter$StaticUserFilter) to context static
2019-10-02 10:55:53,471 [main] INFO  http.HttpServer2 (HttpServer2.java:bindListener(1191)) - Jetty bound to port 32802
2019-10-02 10:55:53,471 [main] INFO  server.Server (Server.java:doStart(351)) - jetty-9.3.25.v20180904, build timestamp: 2018-09-04T21:11:46Z, git hash: 3ce520221d0240229c862b122d2b06c12a625732
2019-10-02 10:55:53,473 [main] INFO  handler.ContextHandler (ContextHandler.java:doStart(781)) - Started o.e.j.s.ServletContextHandler@963176{/logs,file:///workdir/hadoop-ozone/integration-test/target/log,AVAILABLE}
2019-10-02 10:55:53,474 [main] INFO  handler.ContextHandler (ContextHandler.java:doStart(781)) - Started o.e.j.s.ServletContextHandler@4cafa9aa{/static,file:///workdir/hadoop-ozone/integration-test/target/test-classes/webapps/static,AVAILABLE}
2019-10-02 10:55:53,480 [main] INFO  handler.ContextHandler (ContextHandler.java:doStart(781)) - Started o.e.j.w.WebAppContext@af78c87{/,file:///workdir/hadoop-ozone/integration-test/target/test-classes/webapps/ozoneManager/,AVAILABLE}{/ozoneManager}
2019-10-02 10:55:53,481 [main] INFO  server.AbstractConnector (AbstractConnector.java:doStart(278)) - Started ServerConnector@773dab28{HTTP/1.1,[http/1.1]}{0.0.0.0:32802}
2019-10-02 10:55:53,482 [main] INFO  server.Server (Server.java:doStart(419)) - Started @5184ms
2019-10-02 10:55:53,482 [main] WARN  impl.MetricsSystemImpl (MetricsSystemImpl.java:register(276)) - Sink prometheus already exists!
2019-10-02 10:55:53,483 [main] INFO  server.BaseHttpServer (BaseHttpServer.java:updateConnectorAddress(215)) - HTTP server of OZONEMANAGER is listening at http://0.0.0.0:32802
2019-10-02 10:55:53,806 [main] INFO  impl.MetricsSystemImpl (MetricsSystemImpl.java:init(158)) - HddsDatanode metrics system started (again)
2019-10-02 10:55:53,878 [main] INFO  ozone.HddsDatanodeService (HddsDatanodeService.java:start(184)) - HddsDatanodeService host:pr-trunk-5xjmm-2411255686 ip:192.168.30.53
2019-10-02 10:55:53,921 [main] INFO  volume.HddsVolume (HddsVolume.java:<init>(176)) - Creating Volume: /workdir/hadoop-ozone/integration-test/target/test-dir/MiniOzoneClusterImpl-5f261223-23be-4c6b-a914-4b08f19f7d30/datanode-0/data/containers/hdds of  storage type : DISK and capacity : 1482555576320
2019-10-02 10:55:53,923 [main] INFO  volume.VolumeSet (VolumeSet.java:initializeVolumeSet(170)) - Added Volume : /workdir/hadoop-ozone/integration-test/target/test-dir/MiniOzoneClusterImpl-5f261223-23be-4c6b-a914-4b08f19f7d30/datanode-0/data/containers/hdds to VolumeSet
2019-10-02 10:55:53,927 [main] INFO  volume.ThrottledAsyncChecker (ThrottledAsyncChecker.java:schedule(139)) - Scheduling a check for org.apache.hadoop.ozone.container.common.volume.HddsVolume@a52ca2e
2019-10-02 10:55:53,947 [main] INFO  volume.HddsVolumeChecker (HddsVolumeChecker.java:checkAllVolumes(202)) - Scheduled health check for volume org.apache.hadoop.ozone.container.common.volume.HddsVolume@a52ca2e
2019-10-02 10:55:54,088 [main] INFO  impl.RaftServerProxy (ConfUtils.java:logGet(43)) - raft.rpc.type = GRPC (default)
2019-10-02 10:55:54,156 [main] INFO  grpc.GrpcFactory (GrpcFactory.java:checkPooledByteBufAllocatorUseCacheForAllThreads(45)) - PERFORMANCE WARNING: useCacheForAllThreads is true that may cause Netty to create a lot garbage objects and, as a result, trigger GC.
	It is recommended to disable useCacheForAllThreads by setting -Dorg.apache.ratis.thirdparty.io.netty.allocator.useCacheForAllThreads=false in command line.
2019-10-02 10:55:54,162 [main] INFO  grpc.GrpcConfigKeys$Server (ConfUtils.java:logGet(43)) - raft.grpc.server.port = 0 (default)
2019-10-02 10:55:54,163 [main] INFO  server.GrpcService (ConfUtils.java:logGet(43)) - raft.grpc.message.size.max = 33570816 (custom)
2019-10-02 10:55:54,164 [main] INFO  server.RaftServerConfigKeys (ConfUtils.java:logGet(43)) - raft.server.log.appender.buffer.byte-limit = 33554432 (custom)
2019-10-02 10:55:54,165 [main] INFO  server.GrpcService (ConfUtils.java:logGet(43)) - raft.grpc.flow.control.window = 1MB (=1048576) (default)
2019-10-02 10:55:54,166 [main] INFO  server.RaftServerConfigKeys (ConfUtils.java:logGet(43)) - raft.server.rpc.request.timeout = 3000ms (default)
2019-10-02 10:55:54,349 [main] INFO  server.RaftServerConfigKeys (ConfUtils.java:logGet(43)) - raft.server.storage.dir = [/workdir/hadoop-ozone/integration-test/target/test-dir/MiniOzoneClusterImpl-5f261223-23be-4c6b-a914-4b08f19f7d30/datanode-0/data/ratis] (custom)
2019-10-02 10:55:54,405 [main] INFO  hdfs.DFSUtil (DFSUtil.java:httpServerTemplateForNNAndJN(1641)) - Starting Web-server for hddsDatanode at: http://0.0.0.0:0
2019-10-02 10:55:54,407 [main] INFO  server.AuthenticationFilter (AuthenticationFilter.java:constructSecretProvider(240)) - Unable to initialize FileSignerSecretProvider, falling back to use random secrets.
2019-10-02 10:55:54,407 [main] WARN  http.HttpRequestLog (HttpRequestLog.java:getRequestLog(97)) - Jetty request log can only be enabled using Log4j
2019-10-02 10:55:54,409 [main] INFO  http.HttpServer2 (HttpServer2.java:addGlobalFilter(975)) - Added global filter 'safety' (class=org.apache.hadoop.http.HttpServer2$QuotingInputFilter)
2019-10-02 10:55:54,410 [main] INFO  http.HttpServer2 (HttpServer2.java:addFilter(948)) - Added filter static_user_filter (class=org.apache.hadoop.http.lib.StaticUserWebFilter$StaticUserFilter) to context hddsDatanode
2019-10-02 10:55:54,410 [main] INFO  http.HttpServer2 (HttpServer2.java:addFilter(958)) - Added filter static_user_filter (class=org.apache.hadoop.http.lib.StaticUserWebFilter$StaticUserFilter) to context logs
2019-10-02 10:55:54,410 [main] INFO  http.HttpServer2 (HttpServer2.java:addFilter(958)) - Added filter static_user_filter (class=org.apache.hadoop.http.lib.StaticUserWebFilter$StaticUserFilter) to context static
2019-10-02 10:55:54,411 [main] INFO  http.HttpServer2 (HttpServer2.java:bindListener(1191)) - Jetty bound to port 33338
2019-10-02 10:55:54,412 [main] INFO  server.Server (Server.java:doStart(351)) - jetty-9.3.25.v20180904, build timestamp: 2018-09-04T21:11:46Z, git hash: 3ce520221d0240229c862b122d2b06c12a625732
2019-10-02 10:55:54,414 [main] INFO  handler.ContextHandler (ContextHandler.java:doStart(781)) - Started o.e.j.s.ServletContextHandler@21bd20ee{/logs,file:///workdir/hadoop-ozone/integration-test/target/log,AVAILABLE}
2019-10-02 10:55:54,415 [main] INFO  handler.ContextHandler (ContextHandler.java:doStart(781)) - Started o.e.j.s.ServletContextHandler@421056e5{/static,jar:file:/home/user/.m2/repository/org/apache/hadoop/hadoop-hdds-container-service/0.5.0-SNAPSHOT/hadoop-hdds-container-service-0.5.0-SNAPSHOT.jar!/webapps/static,AVAILABLE}
2019-10-02 10:55:54,450 [main] INFO  handler.ContextHandler (ContextHandler.java:doStart(781)) - Started o.e.j.w.WebAppContext@117525fe{/,file:///tmp/jetty-0.0.0.0-33338-hddsDatanode-_-any-4301685115124383302.dir/webapp/,AVAILABLE}{/hddsDatanode}
2019-10-02 10:55:54,451 [main] INFO  server.AbstractConnector (AbstractConnector.java:doStart(278)) - Started ServerConnector@5f7989fa{HTTP/1.1,[http/1.1]}{0.0.0.0:33338}
2019-10-02 10:55:54,452 [main] INFO  server.Server (Server.java:doStart(419)) - Started @6154ms
2019-10-02 10:55:54,453 [main] WARN  impl.MetricsSystemImpl (MetricsSystemImpl.java:register(276)) - Sink prometheus already exists!
2019-10-02 10:55:54,454 [main] INFO  server.BaseHttpServer (BaseHttpServer.java:updateConnectorAddress(215)) - HTTP server of HDDSDATANODE is listening at http://0.0.0.0:33338
2019-10-02 10:55:54,455 [main] INFO  impl.MetricsSystemImpl (MetricsSystemImpl.java:init(158)) - HddsDatanode metrics system started (again)
2019-10-02 10:55:54,458 [main] INFO  ozone.HddsDatanodeService (HddsDatanodeService.java:start(184)) - HddsDatanodeService host:pr-trunk-5xjmm-2411255686 ip:192.168.30.53
2019-10-02 10:55:54,462 [org.apache.hadoop.util.JvmPauseMonitor$Monitor@11300e5b] INFO  util.JvmPauseMonitor (JvmPauseMonitor.java:run(188)) - Starting JVM pause monitor
2019-10-02 10:55:54,469 [main] INFO  volume.HddsVolume (HddsVolume.java:<init>(176)) - Creating Volume: /workdir/hadoop-ozone/integration-test/target/test-dir/MiniOzoneClusterImpl-5f261223-23be-4c6b-a914-4b08f19f7d30/datanode-1/data/containers/hdds of  storage type : DISK and capacity : 1482555576320
2019-10-02 10:55:54,470 [main] INFO  volume.VolumeSet (VolumeSet.java:initializeVolumeSet(170)) - Added Volume : /workdir/hadoop-ozone/integration-test/target/test-dir/MiniOzoneClusterImpl-5f261223-23be-4c6b-a914-4b08f19f7d30/datanode-1/data/containers/hdds to VolumeSet
2019-10-02 10:55:54,470 [main] INFO  volume.ThrottledAsyncChecker (ThrottledAsyncChecker.java:schedule(139)) - Scheduling a check for org.apache.hadoop.ozone.container.common.volume.HddsVolume@625d9132
2019-10-02 10:55:54,472 [main] INFO  volume.HddsVolumeChecker (HddsVolumeChecker.java:checkAllVolumes(202)) - Scheduled health check for volume org.apache.hadoop.ozone.container.common.volume.HddsVolume@625d9132
2019-10-02 10:55:54,503 [main] INFO  impl.RaftServerProxy (ConfUtils.java:logGet(43)) - raft.rpc.type = GRPC (default)
2019-10-02 10:55:54,504 [main] INFO  grpc.GrpcFactory (GrpcFactory.java:checkPooledByteBufAllocatorUseCacheForAllThreads(45)) - PERFORMANCE WARNING: useCacheForAllThreads is true that may cause Netty to create a lot garbage objects and, as a result, trigger GC.
	It is recommended to disable useCacheForAllThreads by setting -Dorg.apache.ratis.thirdparty.io.netty.allocator.useCacheForAllThreads=false in command line.
2019-10-02 10:55:54,504 [main] INFO  grpc.GrpcConfigKeys$Server (ConfUtils.java:logGet(43)) - raft.grpc.server.port = 0 (default)
2019-10-02 10:55:54,504 [main] INFO  server.GrpcService (ConfUtils.java:logGet(43)) - raft.grpc.message.size.max = 33570816 (custom)
2019-10-02 10:55:54,505 [main] INFO  server.RaftServerConfigKeys (ConfUtils.java:logGet(43)) - raft.server.log.appender.buffer.byte-limit = 33554432 (custom)
2019-10-02 10:55:54,505 [main] INFO  server.GrpcService (ConfUtils.java:logGet(43)) - raft.grpc.flow.control.window = 1MB (=1048576) (default)
2019-10-02 10:55:54,505 [main] INFO  server.RaftServerConfigKeys (ConfUtils.java:logGet(43)) - raft.server.rpc.request.timeout = 3000ms (default)
2019-10-02 10:55:54,506 [main] INFO  server.RaftServerConfigKeys (ConfUtils.java:logGet(43)) - raft.server.storage.dir = [/workdir/hadoop-ozone/integration-test/target/test-dir/MiniOzoneClusterImpl-5f261223-23be-4c6b-a914-4b08f19f7d30/datanode-1/data/ratis] (custom)
2019-10-02 10:55:54,508 [main] INFO  hdfs.DFSUtil (DFSUtil.java:httpServerTemplateForNNAndJN(1641)) - Starting Web-server for hddsDatanode at: http://0.0.0.0:0
2019-10-02 10:55:54,509 [main] INFO  server.AuthenticationFilter (AuthenticationFilter.java:constructSecretProvider(240)) - Unable to initialize FileSignerSecretProvider, falling back to use random secrets.
2019-10-02 10:55:54,511 [main] WARN  http.HttpRequestLog (HttpRequestLog.java:getRequestLog(97)) - Jetty request log can only be enabled using Log4j
2019-10-02 10:55:54,512 [main] INFO  http.HttpServer2 (HttpServer2.java:addGlobalFilter(975)) - Added global filter 'safety' (class=org.apache.hadoop.http.HttpServer2$QuotingInputFilter)
2019-10-02 10:55:54,513 [main] INFO  http.HttpServer2 (HttpServer2.java:addFilter(948)) - Added filter static_user_filter (class=org.apache.hadoop.http.lib.StaticUserWebFilter$StaticUserFilter) to context hddsDatanode
2019-10-02 10:55:54,513 [main] INFO  http.HttpServer2 (HttpServer2.java:addFilter(958)) - Added filter static_user_filter (class=org.apache.hadoop.http.lib.StaticUserWebFilter$StaticUserFilter) to context static
2019-10-02 10:55:54,513 [main] INFO  http.HttpServer2 (HttpServer2.java:addFilter(958)) - Added filter static_user_filter (class=org.apache.hadoop.http.lib.StaticUserWebFilter$StaticUserFilter) to context logs
2019-10-02 10:55:54,514 [main] INFO  http.HttpServer2 (HttpServer2.java:bindListener(1191)) - Jetty bound to port 37523
2019-10-02 10:55:54,514 [main] INFO  server.Server (Server.java:doStart(351)) - jetty-9.3.25.v20180904, build timestamp: 2018-09-04T21:11:46Z, git hash: 3ce520221d0240229c862b122d2b06c12a625732
2019-10-02 10:55:54,519 [main] INFO  handler.ContextHandler (ContextHandler.java:doStart(781)) - Started o.e.j.s.ServletContextHandler@4d41ba0f{/logs,file:///workdir/hadoop-ozone/integration-test/target/log,AVAILABLE}
2019-10-02 10:55:54,520 [main] INFO  handler.ContextHandler (ContextHandler.java:doStart(781)) - Started o.e.j.s.ServletContextHandler@77bbadc{/static,jar:file:/home/user/.m2/repository/org/apache/hadoop/hadoop-hdds-container-service/0.5.0-SNAPSHOT/hadoop-hdds-container-service-0.5.0-SNAPSHOT.jar!/webapps/static,AVAILABLE}
2019-10-02 10:55:54,559 [main] INFO  handler.ContextHandler (ContextHandler.java:doStart(781)) - Started o.e.j.w.WebAppContext@611a990b{/,file:///tmp/jetty-0.0.0.0-37523-hddsDatanode-_-any-3027796910190171276.dir/webapp/,AVAILABLE}{/hddsDatanode}
2019-10-02 10:55:54,560 [main] INFO  server.AbstractConnector (AbstractConnector.java:doStart(278)) - Started ServerConnector@7cbeac65{HTTP/1.1,[http/1.1]}{0.0.0.0:37523}
2019-10-02 10:55:54,561 [main] INFO  server.Server (Server.java:doStart(419)) - Started @6263ms
2019-10-02 10:55:54,561 [main] WARN  impl.MetricsSystemImpl (MetricsSystemImpl.java:register(276)) - Sink prometheus already exists!
2019-10-02 10:55:54,562 [main] INFO  server.BaseHttpServer (BaseHttpServer.java:updateConnectorAddress(215)) - HTTP server of HDDSDATANODE is listening at http://0.0.0.0:37523
2019-10-02 10:55:54,562 [main] INFO  impl.MetricsSystemImpl (MetricsSystemImpl.java:init(158)) - HddsDatanode metrics system started (again)
2019-10-02 10:55:54,564 [org.apache.hadoop.util.JvmPauseMonitor$Monitor@23708007] INFO  util.JvmPauseMonitor (JvmPauseMonitor.java:run(188)) - Starting JVM pause monitor
2019-10-02 10:55:54,566 [main] INFO  ozone.HddsDatanodeService (HddsDatanodeService.java:start(184)) - HddsDatanodeService host:pr-trunk-5xjmm-2411255686 ip:192.168.30.53
2019-10-02 10:55:54,574 [main] INFO  volume.HddsVolume (HddsVolume.java:<init>(176)) - Creating Volume: /workdir/hadoop-ozone/integration-test/target/test-dir/MiniOzoneClusterImpl-5f261223-23be-4c6b-a914-4b08f19f7d30/datanode-2/data/containers/hdds of  storage type : DISK and capacity : 1482555576320
2019-10-02 10:55:54,575 [main] INFO  volume.VolumeSet (VolumeSet.java:initializeVolumeSet(170)) - Added Volume : /workdir/hadoop-ozone/integration-test/target/test-dir/MiniOzoneClusterImpl-5f261223-23be-4c6b-a914-4b08f19f7d30/datanode-2/data/containers/hdds to VolumeSet
2019-10-02 10:55:54,575 [main] INFO  volume.ThrottledAsyncChecker (ThrottledAsyncChecker.java:schedule(139)) - Scheduling a check for org.apache.hadoop.ozone.container.common.volume.HddsVolume@4d95a72e
2019-10-02 10:55:54,576 [main] INFO  volume.HddsVolumeChecker (HddsVolumeChecker.java:checkAllVolumes(202)) - Scheduled health check for volume org.apache.hadoop.ozone.container.common.volume.HddsVolume@4d95a72e
2019-10-02 10:55:54,578 [Datanode State Machine Thread - 0] INFO  datanode.InitDatanodeState (InitDatanodeState.java:persistContainerDatanodeDetails(140)) - DatanodeDetails is persisted to /workdir/hadoop-ozone/integration-test/target/test-dir/MiniOzoneClusterImpl-5f261223-23be-4c6b-a914-4b08f19f7d30/datanode-0/meta/datanode.id
2019-10-02 10:55:54,583 [Datanode State Machine Thread - 0] INFO  datanode.InitDatanodeState (InitDatanodeState.java:persistContainerDatanodeDetails(140)) - DatanodeDetails is persisted to /workdir/hadoop-ozone/integration-test/target/test-dir/MiniOzoneClusterImpl-5f261223-23be-4c6b-a914-4b08f19f7d30/datanode-1/meta/datanode.id
2019-10-02 10:55:54,599 [main] INFO  impl.RaftServerProxy (ConfUtils.java:logGet(43)) - raft.rpc.type = GRPC (default)
2019-10-02 10:55:54,600 [main] INFO  grpc.GrpcFactory (GrpcFactory.java:checkPooledByteBufAllocatorUseCacheForAllThreads(45)) - PERFORMANCE WARNING: useCacheForAllThreads is true that may cause Netty to create a lot garbage objects and, as a result, trigger GC.
	It is recommended to disable useCacheForAllThreads by setting -Dorg.apache.ratis.thirdparty.io.netty.allocator.useCacheForAllThreads=false in command line.
2019-10-02 10:55:54,600 [main] INFO  grpc.GrpcConfigKeys$Server (ConfUtils.java:logGet(43)) - raft.grpc.server.port = 0 (default)
2019-10-02 10:55:54,600 [main] INFO  server.GrpcService (ConfUtils.java:logGet(43)) - raft.grpc.message.size.max = 33570816 (custom)
2019-10-02 10:55:54,601 [main] INFO  server.RaftServerConfigKeys (ConfUtils.java:logGet(43)) - raft.server.log.appender.buffer.byte-limit = 33554432 (custom)
2019-10-02 10:55:54,601 [main] INFO  server.GrpcService (ConfUtils.java:logGet(43)) - raft.grpc.flow.control.window = 1MB (=1048576) (default)
2019-10-02 10:55:54,601 [main] INFO  server.RaftServerConfigKeys (ConfUtils.java:logGet(43)) - raft.server.rpc.request.timeout = 3000ms (default)
2019-10-02 10:55:54,602 [main] INFO  server.RaftServerConfigKeys (ConfUtils.java:logGet(43)) - raft.server.storage.dir = [/workdir/hadoop-ozone/integration-test/target/test-dir/MiniOzoneClusterImpl-5f261223-23be-4c6b-a914-4b08f19f7d30/datanode-2/data/ratis] (custom)
2019-10-02 10:55:54,604 [main] INFO  hdfs.DFSUtil (DFSUtil.java:httpServerTemplateForNNAndJN(1641)) - Starting Web-server for hddsDatanode at: http://0.0.0.0:0
2019-10-02 10:55:54,605 [main] INFO  server.AuthenticationFilter (AuthenticationFilter.java:constructSecretProvider(240)) - Unable to initialize FileSignerSecretProvider, falling back to use random secrets.
2019-10-02 10:55:54,606 [main] WARN  http.HttpRequestLog (HttpRequestLog.java:getRequestLog(97)) - Jetty request log can only be enabled using Log4j
2019-10-02 10:55:54,608 [main] INFO  http.HttpServer2 (HttpServer2.java:addGlobalFilter(975)) - Added global filter 'safety' (class=org.apache.hadoop.http.HttpServer2$QuotingInputFilter)
2019-10-02 10:55:54,608 [main] INFO  http.HttpServer2 (HttpServer2.java:addFilter(948)) - Added filter static_user_filter (class=org.apache.hadoop.http.lib.StaticUserWebFilter$StaticUserFilter) to context hddsDatanode
2019-10-02 10:55:54,608 [main] INFO  http.HttpServer2 (HttpServer2.java:addFilter(958)) - Added filter static_user_filter (class=org.apache.hadoop.http.lib.StaticUserWebFilter$StaticUserFilter) to context static
2019-10-02 10:55:54,609 [main] INFO  http.HttpServer2 (HttpServer2.java:addFilter(958)) - Added filter static_user_filter (class=org.apache.hadoop.http.lib.StaticUserWebFilter$StaticUserFilter) to context logs
2019-10-02 10:55:54,609 [main] INFO  http.HttpServer2 (HttpServer2.java:bindListener(1191)) - Jetty bound to port 42600
2019-10-02 10:55:54,610 [main] INFO  server.Server (Server.java:doStart(351)) - jetty-9.3.25.v20180904, build timestamp: 2018-09-04T21:11:46Z, git hash: 3ce520221d0240229c862b122d2b06c12a625732
2019-10-02 10:55:54,612 [main] INFO  handler.ContextHandler (ContextHandler.java:doStart(781)) - Started o.e.j.s.ServletContextHandler@2b680207{/logs,file:///workdir/hadoop-ozone/integration-test/target/log,AVAILABLE}
2019-10-02 10:55:54,612 [main] INFO  handler.ContextHandler (ContextHandler.java:doStart(781)) - Started o.e.j.s.ServletContextHandler@56da7487{/static,jar:file:/home/user/.m2/repository/org/apache/hadoop/hadoop-hdds-container-service/0.5.0-SNAPSHOT/hadoop-hdds-container-service-0.5.0-SNAPSHOT.jar!/webapps/static,AVAILABLE}
2019-10-02 10:55:54,642 [main] INFO  handler.ContextHandler (ContextHandler.java:doStart(781)) - Started o.e.j.w.WebAppContext@ec8f4b9{/,file:///tmp/jetty-0.0.0.0-42600-hddsDatanode-_-any-2414917975616017103.dir/webapp/,AVAILABLE}{/hddsDatanode}
2019-10-02 10:55:54,642 [main] INFO  server.AbstractConnector (AbstractConnector.java:doStart(278)) - Started ServerConnector@bc042d5{HTTP/1.1,[http/1.1]}{0.0.0.0:42600}
2019-10-02 10:55:54,644 [main] INFO  server.Server (Server.java:doStart(419)) - Started @6346ms
2019-10-02 10:55:54,644 [main] WARN  impl.MetricsSystemImpl (MetricsSystemImpl.java:register(276)) - Sink prometheus already exists!
2019-10-02 10:55:54,645 [main] INFO  server.BaseHttpServer (BaseHttpServer.java:updateConnectorAddress(215)) - HTTP server of HDDSDATANODE is listening at http://0.0.0.0:42600
2019-10-02 10:55:54,645 [main] INFO  impl.MetricsSystemImpl (MetricsSystemImpl.java:init(158)) - HddsDatanode metrics system started (again)
2019-10-02 10:55:54,648 [main] INFO  ozone.HddsDatanodeService (HddsDatanodeService.java:start(184)) - HddsDatanodeService host:pr-trunk-5xjmm-2411255686 ip:192.168.30.53
2019-10-02 10:55:54,649 [org.apache.hadoop.util.JvmPauseMonitor$Monitor@29329bd8] INFO  util.JvmPauseMonitor (JvmPauseMonitor.java:run(188)) - Starting JVM pause monitor
2019-10-02 10:55:54,652 [Datanode State Machine Thread - 0] INFO  datanode.InitDatanodeState (InitDatanodeState.java:persistContainerDatanodeDetails(140)) - DatanodeDetails is persisted to /workdir/hadoop-ozone/integration-test/target/test-dir/MiniOzoneClusterImpl-5f261223-23be-4c6b-a914-4b08f19f7d30/datanode-2/meta/datanode.id
2019-10-02 10:55:54,656 [main] INFO  volume.HddsVolume (HddsVolume.java:<init>(176)) - Creating Volume: /workdir/hadoop-ozone/integration-test/target/test-dir/MiniOzoneClusterImpl-5f261223-23be-4c6b-a914-4b08f19f7d30/datanode-3/data/containers/hdds of  storage type : DISK and capacity : 1482555576320
2019-10-02 10:55:54,656 [main] INFO  volume.VolumeSet (VolumeSet.java:initializeVolumeSet(170)) - Added Volume : /workdir/hadoop-ozone/integration-test/target/test-dir/MiniOzoneClusterImpl-5f261223-23be-4c6b-a914-4b08f19f7d30/datanode-3/data/containers/hdds to VolumeSet
2019-10-02 10:55:54,656 [main] INFO  volume.ThrottledAsyncChecker (ThrottledAsyncChecker.java:schedule(139)) - Scheduling a check for org.apache.hadoop.ozone.container.common.volume.HddsVolume@1f6917fb
2019-10-02 10:55:54,657 [main] INFO  volume.HddsVolumeChecker (HddsVolumeChecker.java:checkAllVolumes(202)) - Scheduled health check for volume org.apache.hadoop.ozone.container.common.volume.HddsVolume@1f6917fb
2019-10-02 10:55:54,671 [main] INFO  impl.RaftServerProxy (ConfUtils.java:logGet(43)) - raft.rpc.type = GRPC (default)
2019-10-02 10:55:54,672 [main] INFO  grpc.GrpcFactory (GrpcFactory.java:checkPooledByteBufAllocatorUseCacheForAllThreads(45)) - PERFORMANCE WARNING: useCacheForAllThreads is true that may cause Netty to create a lot garbage objects and, as a result, trigger GC.
	It is recommended to disable useCacheForAllThreads by setting -Dorg.apache.ratis.thirdparty.io.netty.allocator.useCacheForAllThreads=false in command line.
2019-10-02 10:55:54,672 [main] INFO  grpc.GrpcConfigKeys$Server (ConfUtils.java:logGet(43)) - raft.grpc.server.port = 0 (default)
2019-10-02 10:55:54,672 [main] INFO  server.GrpcService (ConfUtils.java:logGet(43)) - raft.grpc.message.size.max = 33570816 (custom)
2019-10-02 10:55:54,673 [main] INFO  server.RaftServerConfigKeys (ConfUtils.java:logGet(43)) - raft.server.log.appender.buffer.byte-limit = 33554432 (custom)
2019-10-02 10:55:54,673 [main] INFO  server.GrpcService (ConfUtils.java:logGet(43)) - raft.grpc.flow.control.window = 1MB (=1048576) (default)
2019-10-02 10:55:54,673 [main] INFO  server.RaftServerConfigKeys (ConfUtils.java:logGet(43)) - raft.server.rpc.request.timeout = 3000ms (default)
2019-10-02 10:55:54,674 [main] INFO  server.RaftServerConfigKeys (ConfUtils.java:logGet(43)) - raft.server.storage.dir = [/workdir/hadoop-ozone/integration-test/target/test-dir/MiniOzoneClusterImpl-5f261223-23be-4c6b-a914-4b08f19f7d30/datanode-3/data/ratis] (custom)
2019-10-02 10:55:54,675 [main] INFO  hdfs.DFSUtil (DFSUtil.java:httpServerTemplateForNNAndJN(1641)) - Starting Web-server for hddsDatanode at: http://0.0.0.0:0
2019-10-02 10:55:54,677 [main] INFO  server.AuthenticationFilter (AuthenticationFilter.java:constructSecretProvider(240)) - Unable to initialize FileSignerSecretProvider, falling back to use random secrets.
2019-10-02 10:55:54,678 [main] WARN  http.HttpRequestLog (HttpRequestLog.java:getRequestLog(97)) - Jetty request log can only be enabled using Log4j
2019-10-02 10:55:54,680 [main] INFO  http.HttpServer2 (HttpServer2.java:addGlobalFilter(975)) - Added global filter 'safety' (class=org.apache.hadoop.http.HttpServer2$QuotingInputFilter)
2019-10-02 10:55:54,681 [main] INFO  http.HttpServer2 (HttpServer2.java:addFilter(948)) - Added filter static_user_filter (class=org.apache.hadoop.http.lib.StaticUserWebFilter$StaticUserFilter) to context hddsDatanode
2019-10-02 10:55:54,681 [main] INFO  http.HttpServer2 (HttpServer2.java:addFilter(958)) - Added filter static_user_filter (class=org.apache.hadoop.http.lib.StaticUserWebFilter$StaticUserFilter) to context logs
2019-10-02 10:55:54,681 [main] INFO  http.HttpServer2 (HttpServer2.java:addFilter(958)) - Added filter static_user_filter (class=org.apache.hadoop.http.lib.StaticUserWebFilter$StaticUserFilter) to context static
2019-10-02 10:55:54,682 [main] INFO  http.HttpServer2 (HttpServer2.java:bindListener(1191)) - Jetty bound to port 39883
2019-10-02 10:55:54,682 [main] INFO  server.Server (Server.java:doStart(351)) - jetty-9.3.25.v20180904, build timestamp: 2018-09-04T21:11:46Z, git hash: 3ce520221d0240229c862b122d2b06c12a625732
2019-10-02 10:55:54,688 [main] INFO  handler.ContextHandler (ContextHandler.java:doStart(781)) - Started o.e.j.s.ServletContextHandler@4e1a46fb{/logs,file:///workdir/hadoop-ozone/integration-test/target/log,AVAILABLE}
2019-10-02 10:55:54,689 [main] INFO  handler.ContextHandler (ContextHandler.java:doStart(781)) - Started o.e.j.s.ServletContextHandler@20ab3e3a{/static,jar:file:/home/user/.m2/repository/org/apache/hadoop/hadoop-hdds-container-service/0.5.0-SNAPSHOT/hadoop-hdds-container-service-0.5.0-SNAPSHOT.jar!/webapps/static,AVAILABLE}
2019-10-02 10:55:54,719 [main] INFO  handler.ContextHandler (ContextHandler.java:doStart(781)) - Started o.e.j.w.WebAppContext@2f897dab{/,file:///tmp/jetty-0.0.0.0-39883-hddsDatanode-_-any-3018503329917947026.dir/webapp/,AVAILABLE}{/hddsDatanode}
2019-10-02 10:55:54,720 [main] INFO  server.AbstractConnector (AbstractConnector.java:doStart(278)) - Started ServerConnector@d5d5353{HTTP/1.1,[http/1.1]}{0.0.0.0:39883}
2019-10-02 10:55:54,721 [main] INFO  server.Server (Server.java:doStart(419)) - Started @6423ms
2019-10-02 10:55:54,721 [main] WARN  impl.MetricsSystemImpl (MetricsSystemImpl.java:register(276)) - Sink prometheus already exists!
2019-10-02 10:55:54,722 [main] INFO  server.BaseHttpServer (BaseHttpServer.java:updateConnectorAddress(215)) - HTTP server of HDDSDATANODE is listening at http://0.0.0.0:39883
2019-10-02 10:55:54,722 [main] INFO  impl.MetricsSystemImpl (MetricsSystemImpl.java:init(158)) - HddsDatanode metrics system started (again)
2019-10-02 10:55:54,726 [org.apache.hadoop.util.JvmPauseMonitor$Monitor@25059774] INFO  util.JvmPauseMonitor (JvmPauseMonitor.java:run(188)) - Starting JVM pause monitor
2019-10-02 10:55:54,726 [main] INFO  ozone.HddsDatanodeService (HddsDatanodeService.java:start(184)) - HddsDatanodeService host:pr-trunk-5xjmm-2411255686 ip:192.168.30.53
2019-10-02 10:55:54,728 [Datanode State Machine Thread - 0] INFO  datanode.InitDatanodeState (InitDatanodeState.java:persistContainerDatanodeDetails(140)) - DatanodeDetails is persisted to /workdir/hadoop-ozone/integration-test/target/test-dir/MiniOzoneClusterImpl-5f261223-23be-4c6b-a914-4b08f19f7d30/datanode-3/meta/datanode.id
2019-10-02 10:55:54,736 [main] INFO  volume.HddsVolume (HddsVolume.java:<init>(176)) - Creating Volume: /workdir/hadoop-ozone/integration-test/target/test-dir/MiniOzoneClusterImpl-5f261223-23be-4c6b-a914-4b08f19f7d30/datanode-4/data/containers/hdds of  storage type : DISK and capacity : 1482555576320
2019-10-02 10:55:54,736 [main] INFO  volume.VolumeSet (VolumeSet.java:initializeVolumeSet(170)) - Added Volume : /workdir/hadoop-ozone/integration-test/target/test-dir/MiniOzoneClusterImpl-5f261223-23be-4c6b-a914-4b08f19f7d30/datanode-4/data/containers/hdds to VolumeSet
2019-10-02 10:55:54,737 [main] INFO  volume.ThrottledAsyncChecker (ThrottledAsyncChecker.java:schedule(139)) - Scheduling a check for org.apache.hadoop.ozone.container.common.volume.HddsVolume@1dc3502b
2019-10-02 10:55:54,738 [main] INFO  volume.HddsVolumeChecker (HddsVolumeChecker.java:checkAllVolumes(202)) - Scheduled health check for volume org.apache.hadoop.ozone.container.common.volume.HddsVolume@1dc3502b
2019-10-02 10:55:54,751 [main] INFO  impl.RaftServerProxy (ConfUtils.java:logGet(43)) - raft.rpc.type = GRPC (default)
2019-10-02 10:55:54,752 [main] INFO  grpc.GrpcFactory (GrpcFactory.java:checkPooledByteBufAllocatorUseCacheForAllThreads(45)) - PERFORMANCE WARNING: useCacheForAllThreads is true that may cause Netty to create a lot garbage objects and, as a result, trigger GC.
	It is recommended to disable useCacheForAllThreads by setting -Dorg.apache.ratis.thirdparty.io.netty.allocator.useCacheForAllThreads=false in command line.
2019-10-02 10:55:54,752 [main] INFO  grpc.GrpcConfigKeys$Server (ConfUtils.java:logGet(43)) - raft.grpc.server.port = 0 (default)
2019-10-02 10:55:54,752 [main] INFO  server.GrpcService (ConfUtils.java:logGet(43)) - raft.grpc.message.size.max = 33570816 (custom)
2019-10-02 10:55:54,752 [main] INFO  server.RaftServerConfigKeys (ConfUtils.java:logGet(43)) - raft.server.log.appender.buffer.byte-limit = 33554432 (custom)
2019-10-02 10:55:54,753 [main] INFO  server.GrpcService (ConfUtils.java:logGet(43)) - raft.grpc.flow.control.window = 1MB (=1048576) (default)
2019-10-02 10:55:54,753 [main] INFO  server.RaftServerConfigKeys (ConfUtils.java:logGet(43)) - raft.server.rpc.request.timeout = 3000ms (default)
2019-10-02 10:55:54,754 [main] INFO  server.RaftServerConfigKeys (ConfUtils.java:logGet(43)) - raft.server.storage.dir = [/workdir/hadoop-ozone/integration-test/target/test-dir/MiniOzoneClusterImpl-5f261223-23be-4c6b-a914-4b08f19f7d30/datanode-4/data/ratis] (custom)
2019-10-02 10:55:54,755 [main] INFO  hdfs.DFSUtil (DFSUtil.java:httpServerTemplateForNNAndJN(1641)) - Starting Web-server for hddsDatanode at: http://0.0.0.0:0
2019-10-02 10:55:54,757 [main] INFO  server.AuthenticationFilter (AuthenticationFilter.java:constructSecretProvider(240)) - Unable to initialize FileSignerSecretProvider, falling back to use random secrets.
2019-10-02 10:55:54,758 [main] WARN  http.HttpRequestLog (HttpRequestLog.java:getRequestLog(97)) - Jetty request log can only be enabled using Log4j
2019-10-02 10:55:54,759 [main] INFO  http.HttpServer2 (HttpServer2.java:addGlobalFilter(975)) - Added global filter 'safety' (class=org.apache.hadoop.http.HttpServer2$QuotingInputFilter)
2019-10-02 10:55:54,760 [main] INFO  http.HttpServer2 (HttpServer2.java:addFilter(948)) - Added filter static_user_filter (class=org.apache.hadoop.http.lib.StaticUserWebFilter$StaticUserFilter) to context hddsDatanode
2019-10-02 10:55:54,760 [main] INFO  http.HttpServer2 (HttpServer2.java:addFilter(958)) - Added filter static_user_filter (class=org.apache.hadoop.http.lib.StaticUserWebFilter$StaticUserFilter) to context static
2019-10-02 10:55:54,760 [main] INFO  http.HttpServer2 (HttpServer2.java:addFilter(958)) - Added filter static_user_filter (class=org.apache.hadoop.http.lib.StaticUserWebFilter$StaticUserFilter) to context logs
2019-10-02 10:55:54,761 [main] INFO  http.HttpServer2 (HttpServer2.java:bindListener(1191)) - Jetty bound to port 44520
2019-10-02 10:55:54,761 [main] INFO  server.Server (Server.java:doStart(351)) - jetty-9.3.25.v20180904, build timestamp: 2018-09-04T21:11:46Z, git hash: 3ce520221d0240229c862b122d2b06c12a625732
2019-10-02 10:55:54,764 [main] INFO  handler.ContextHandler (ContextHandler.java:doStart(781)) - Started o.e.j.s.ServletContextHandler@4f89331f{/logs,file:///workdir/hadoop-ozone/integration-test/target/log,AVAILABLE}
2019-10-02 10:55:54,765 [main] INFO  handler.ContextHandler (ContextHandler.java:doStart(781)) - Started o.e.j.s.ServletContextHandler@16727bf0{/static,jar:file:/home/user/.m2/repository/org/apache/hadoop/hadoop-hdds-container-service/0.5.0-SNAPSHOT/hadoop-hdds-container-service-0.5.0-SNAPSHOT.jar!/webapps/static,AVAILABLE}
2019-10-02 10:55:54,794 [main] INFO  handler.ContextHandler (ContextHandler.java:doStart(781)) - Started o.e.j.w.WebAppContext@6e4f263e{/,file:///tmp/jetty-0.0.0.0-44520-hddsDatanode-_-any-9020260936733938997.dir/webapp/,AVAILABLE}{/hddsDatanode}
2019-10-02 10:55:54,795 [main] INFO  server.AbstractConnector (AbstractConnector.java:doStart(278)) - Started ServerConnector@48b4a043{HTTP/1.1,[http/1.1]}{0.0.0.0:44520}
2019-10-02 10:55:54,796 [main] INFO  server.Server (Server.java:doStart(419)) - Started @6498ms
2019-10-02 10:55:54,796 [main] WARN  impl.MetricsSystemImpl (MetricsSystemImpl.java:register(276)) - Sink prometheus already exists!
2019-10-02 10:55:54,797 [main] INFO  server.BaseHttpServer (BaseHttpServer.java:updateConnectorAddress(215)) - HTTP server of HDDSDATANODE is listening at http://0.0.0.0:44520
2019-10-02 10:55:54,798 [main] INFO  impl.MetricsSystemImpl (MetricsSystemImpl.java:init(158)) - HddsDatanode metrics system started (again)
2019-10-02 10:55:54,801 [org.apache.hadoop.util.JvmPauseMonitor$Monitor@4b58a8be] INFO  util.JvmPauseMonitor (JvmPauseMonitor.java:run(188)) - Starting JVM pause monitor
2019-10-02 10:55:54,802 [main] INFO  ozone.HddsDatanodeService (HddsDatanodeService.java:start(184)) - HddsDatanodeService host:pr-trunk-5xjmm-2411255686 ip:192.168.30.53
2019-10-02 10:55:54,805 [Datanode State Machine Thread - 0] INFO  datanode.InitDatanodeState (InitDatanodeState.java:persistContainerDatanodeDetails(140)) - DatanodeDetails is persisted to /workdir/hadoop-ozone/integration-test/target/test-dir/MiniOzoneClusterImpl-5f261223-23be-4c6b-a914-4b08f19f7d30/datanode-4/meta/datanode.id
2019-10-02 10:55:54,811 [main] INFO  volume.HddsVolume (HddsVolume.java:<init>(176)) - Creating Volume: /workdir/hadoop-ozone/integration-test/target/test-dir/MiniOzoneClusterImpl-5f261223-23be-4c6b-a914-4b08f19f7d30/datanode-5/data/containers/hdds of  storage type : DISK and capacity : 1482555576320
2019-10-02 10:55:54,811 [main] INFO  volume.VolumeSet (VolumeSet.java:initializeVolumeSet(170)) - Added Volume : /workdir/hadoop-ozone/integration-test/target/test-dir/MiniOzoneClusterImpl-5f261223-23be-4c6b-a914-4b08f19f7d30/datanode-5/data/containers/hdds to VolumeSet
2019-10-02 10:55:54,812 [main] INFO  volume.ThrottledAsyncChecker (ThrottledAsyncChecker.java:schedule(139)) - Scheduling a check for org.apache.hadoop.ozone.container.common.volume.HddsVolume@534180a2
2019-10-02 10:55:54,812 [main] INFO  volume.HddsVolumeChecker (HddsVolumeChecker.java:checkAllVolumes(202)) - Scheduled health check for volume org.apache.hadoop.ozone.container.common.volume.HddsVolume@534180a2
2019-10-02 10:55:54,829 [main] INFO  impl.RaftServerProxy (ConfUtils.java:logGet(43)) - raft.rpc.type = GRPC (default)
2019-10-02 10:55:54,829 [main] INFO  grpc.GrpcFactory (GrpcFactory.java:checkPooledByteBufAllocatorUseCacheForAllThreads(45)) - PERFORMANCE WARNING: useCacheForAllThreads is true that may cause Netty to create a lot garbage objects and, as a result, trigger GC.
	It is recommended to disable useCacheForAllThreads by setting -Dorg.apache.ratis.thirdparty.io.netty.allocator.useCacheForAllThreads=false in command line.
2019-10-02 10:55:54,830 [main] INFO  grpc.GrpcConfigKeys$Server (ConfUtils.java:logGet(43)) - raft.grpc.server.port = 0 (default)
2019-10-02 10:55:54,830 [main] INFO  server.GrpcService (ConfUtils.java:logGet(43)) - raft.grpc.message.size.max = 33570816 (custom)
2019-10-02 10:55:54,830 [main] INFO  server.RaftServerConfigKeys (ConfUtils.java:logGet(43)) - raft.server.log.appender.buffer.byte-limit = 33554432 (custom)
2019-10-02 10:55:54,830 [main] INFO  server.GrpcService (ConfUtils.java:logGet(43)) - raft.grpc.flow.control.window = 1MB (=1048576) (default)
2019-10-02 10:55:54,831 [main] INFO  server.RaftServerConfigKeys (ConfUtils.java:logGet(43)) - raft.server.rpc.request.timeout = 3000ms (default)
2019-10-02 10:55:54,831 [main] INFO  server.RaftServerConfigKeys (ConfUtils.java:logGet(43)) - raft.server.storage.dir = [/workdir/hadoop-ozone/integration-test/target/test-dir/MiniOzoneClusterImpl-5f261223-23be-4c6b-a914-4b08f19f7d30/datanode-5/data/ratis] (custom)
2019-10-02 10:55:54,834 [main] INFO  hdfs.DFSUtil (DFSUtil.java:httpServerTemplateForNNAndJN(1641)) - Starting Web-server for hddsDatanode at: http://0.0.0.0:0
2019-10-02 10:55:54,836 [main] INFO  server.AuthenticationFilter (AuthenticationFilter.java:constructSecretProvider(240)) - Unable to initialize FileSignerSecretProvider, falling back to use random secrets.
2019-10-02 10:55:54,836 [main] WARN  http.HttpRequestLog (HttpRequestLog.java:getRequestLog(97)) - Jetty request log can only be enabled using Log4j
2019-10-02 10:55:54,838 [main] INFO  http.HttpServer2 (HttpServer2.java:addGlobalFilter(975)) - Added global filter 'safety' (class=org.apache.hadoop.http.HttpServer2$QuotingInputFilter)
2019-10-02 10:55:54,839 [main] INFO  http.HttpServer2 (HttpServer2.java:addFilter(948)) - Added filter static_user_filter (class=org.apache.hadoop.http.lib.StaticUserWebFilter$StaticUserFilter) to context hddsDatanode
2019-10-02 10:55:54,839 [main] INFO  http.HttpServer2 (HttpServer2.java:addFilter(958)) - Added filter static_user_filter (class=org.apache.hadoop.http.lib.StaticUserWebFilter$StaticUserFilter) to context static
2019-10-02 10:55:54,839 [main] INFO  http.HttpServer2 (HttpServer2.java:addFilter(958)) - Added filter static_user_filter (class=org.apache.hadoop.http.lib.StaticUserWebFilter$StaticUserFilter) to context logs
2019-10-02 10:55:54,840 [main] INFO  http.HttpServer2 (HttpServer2.java:bindListener(1191)) - Jetty bound to port 35816
2019-10-02 10:55:54,840 [main] INFO  server.Server (Server.java:doStart(351)) - jetty-9.3.25.v20180904, build timestamp: 2018-09-04T21:11:46Z, git hash: 3ce520221d0240229c862b122d2b06c12a625732
2019-10-02 10:55:54,842 [main] INFO  handler.ContextHandler (ContextHandler.java:doStart(781)) - Started o.e.j.s.ServletContextHandler@26586b74{/logs,file:///workdir/hadoop-ozone/integration-test/target/log,AVAILABLE}
2019-10-02 10:55:54,842 [main] INFO  handler.ContextHandler (ContextHandler.java:doStart(781)) - Started o.e.j.s.ServletContextHandler@6e041285{/static,jar:file:/home/user/.m2/repository/org/apache/hadoop/hadoop-hdds-container-service/0.5.0-SNAPSHOT/hadoop-hdds-container-service-0.5.0-SNAPSHOT.jar!/webapps/static,AVAILABLE}
2019-10-02 10:55:54,875 [main] INFO  handler.ContextHandler (ContextHandler.java:doStart(781)) - Started o.e.j.w.WebAppContext@7afc4db9{/,file:///tmp/jetty-0.0.0.0-35816-hddsDatanode-_-any-4827636698409894395.dir/webapp/,AVAILABLE}{/hddsDatanode}
2019-10-02 10:55:54,876 [main] INFO  server.AbstractConnector (AbstractConnector.java:doStart(278)) - Started ServerConnector@1a1f5f71{HTTP/1.1,[http/1.1]}{0.0.0.0:35816}
2019-10-02 10:55:54,877 [main] INFO  server.Server (Server.java:doStart(419)) - Started @6579ms
2019-10-02 10:55:54,877 [main] WARN  impl.MetricsSystemImpl (MetricsSystemImpl.java:register(276)) - Sink prometheus already exists!
2019-10-02 10:55:54,878 [main] INFO  server.BaseHttpServer (BaseHttpServer.java:updateConnectorAddress(215)) - HTTP server of HDDSDATANODE is listening at http://0.0.0.0:35816
2019-10-02 10:55:54,878 [main] INFO  impl.MetricsSystemImpl (MetricsSystemImpl.java:init(158)) - HddsDatanode metrics system started (again)
2019-10-02 10:55:54,882 [org.apache.hadoop.util.JvmPauseMonitor$Monitor@11553c7d] INFO  util.JvmPauseMonitor (JvmPauseMonitor.java:run(188)) - Starting JVM pause monitor
2019-10-02 10:55:54,883 [main] INFO  ozone.HddsDatanodeService (HddsDatanodeService.java:start(184)) - HddsDatanodeService host:pr-trunk-5xjmm-2411255686 ip:192.168.30.53
2019-10-02 10:55:54,885 [Datanode State Machine Thread - 0] INFO  datanode.InitDatanodeState (InitDatanodeState.java:persistContainerDatanodeDetails(140)) - DatanodeDetails is persisted to /workdir/hadoop-ozone/integration-test/target/test-dir/MiniOzoneClusterImpl-5f261223-23be-4c6b-a914-4b08f19f7d30/datanode-5/meta/datanode.id
2019-10-02 10:55:54,891 [main] INFO  volume.HddsVolume (HddsVolume.java:<init>(176)) - Creating Volume: /workdir/hadoop-ozone/integration-test/target/test-dir/MiniOzoneClusterImpl-5f261223-23be-4c6b-a914-4b08f19f7d30/datanode-6/data/containers/hdds of  storage type : DISK and capacity : 1482555576320
2019-10-02 10:55:54,891 [main] INFO  volume.VolumeSet (VolumeSet.java:initializeVolumeSet(170)) - Added Volume : /workdir/hadoop-ozone/integration-test/target/test-dir/MiniOzoneClusterImpl-5f261223-23be-4c6b-a914-4b08f19f7d30/datanode-6/data/containers/hdds to VolumeSet
2019-10-02 10:55:54,891 [main] INFO  volume.ThrottledAsyncChecker (ThrottledAsyncChecker.java:schedule(139)) - Scheduling a check for org.apache.hadoop.ozone.container.common.volume.HddsVolume@34780cd9
2019-10-02 10:55:54,892 [main] INFO  volume.HddsVolumeChecker (HddsVolumeChecker.java:checkAllVolumes(202)) - Scheduled health check for volume org.apache.hadoop.ozone.container.common.volume.HddsVolume@34780cd9
2019-10-02 10:55:54,907 [main] INFO  impl.RaftServerProxy (ConfUtils.java:logGet(43)) - raft.rpc.type = GRPC (default)
2019-10-02 10:55:54,907 [main] INFO  grpc.GrpcFactory (GrpcFactory.java:checkPooledByteBufAllocatorUseCacheForAllThreads(45)) - PERFORMANCE WARNING: useCacheForAllThreads is true that may cause Netty to create a lot garbage objects and, as a result, trigger GC.
	It is recommended to disable useCacheForAllThreads by setting -Dorg.apache.ratis.thirdparty.io.netty.allocator.useCacheForAllThreads=false in command line.
2019-10-02 10:55:54,907 [main] INFO  grpc.GrpcConfigKeys$Server (ConfUtils.java:logGet(43)) - raft.grpc.server.port = 0 (default)
2019-10-02 10:55:54,908 [main] INFO  server.GrpcService (ConfUtils.java:logGet(43)) - raft.grpc.message.size.max = 33570816 (custom)
2019-10-02 10:55:54,908 [main] INFO  server.RaftServerConfigKeys (ConfUtils.java:logGet(43)) - raft.server.log.appender.buffer.byte-limit = 33554432 (custom)
2019-10-02 10:55:54,908 [main] INFO  server.GrpcService (ConfUtils.java:logGet(43)) - raft.grpc.flow.control.window = 1MB (=1048576) (default)
2019-10-02 10:55:54,908 [main] INFO  server.RaftServerConfigKeys (ConfUtils.java:logGet(43)) - raft.server.rpc.request.timeout = 3000ms (default)
2019-10-02 10:55:54,909 [main] INFO  server.RaftServerConfigKeys (ConfUtils.java:logGet(43)) - raft.server.storage.dir = [/workdir/hadoop-ozone/integration-test/target/test-dir/MiniOzoneClusterImpl-5f261223-23be-4c6b-a914-4b08f19f7d30/datanode-6/data/ratis] (custom)
2019-10-02 10:55:54,911 [main] INFO  hdfs.DFSUtil (DFSUtil.java:httpServerTemplateForNNAndJN(1641)) - Starting Web-server for hddsDatanode at: http://0.0.0.0:0
2019-10-02 10:55:54,912 [main] INFO  server.AuthenticationFilter (AuthenticationFilter.java:constructSecretProvider(240)) - Unable to initialize FileSignerSecretProvider, falling back to use random secrets.
2019-10-02 10:55:54,912 [main] WARN  http.HttpRequestLog (HttpRequestLog.java:getRequestLog(97)) - Jetty request log can only be enabled using Log4j
2019-10-02 10:55:54,914 [main] INFO  http.HttpServer2 (HttpServer2.java:addGlobalFilter(975)) - Added global filter 'safety' (class=org.apache.hadoop.http.HttpServer2$QuotingInputFilter)
2019-10-02 10:55:54,915 [main] INFO  http.HttpServer2 (HttpServer2.java:addFilter(948)) - Added filter static_user_filter (class=org.apache.hadoop.http.lib.StaticUserWebFilter$StaticUserFilter) to context hddsDatanode
2019-10-02 10:55:54,915 [main] INFO  http.HttpServer2 (HttpServer2.java:addFilter(958)) - Added filter static_user_filter (class=org.apache.hadoop.http.lib.StaticUserWebFilter$StaticUserFilter) to context logs
2019-10-02 10:55:54,915 [main] INFO  http.HttpServer2 (HttpServer2.java:addFilter(958)) - Added filter static_user_filter (class=org.apache.hadoop.http.lib.StaticUserWebFilter$StaticUserFilter) to context static
2019-10-02 10:55:54,916 [main] INFO  http.HttpServer2 (HttpServer2.java:bindListener(1191)) - Jetty bound to port 39735
2019-10-02 10:55:54,916 [main] INFO  server.Server (Server.java:doStart(351)) - jetty-9.3.25.v20180904, build timestamp: 2018-09-04T21:11:46Z, git hash: 3ce520221d0240229c862b122d2b06c12a625732
2019-10-02 10:55:54,918 [main] INFO  handler.ContextHandler (ContextHandler.java:doStart(781)) - Started o.e.j.s.ServletContextHandler@4adc663e{/logs,file:///workdir/hadoop-ozone/integration-test/target/log,AVAILABLE}
2019-10-02 10:55:54,918 [main] INFO  handler.ContextHandler (ContextHandler.java:doStart(781)) - Started o.e.j.s.ServletContextHandler@8bd86c8{/static,jar:file:/home/user/.m2/repository/org/apache/hadoop/hadoop-hdds-container-service/0.5.0-SNAPSHOT/hadoop-hdds-container-service-0.5.0-SNAPSHOT.jar!/webapps/static,AVAILABLE}
2019-10-02 10:55:54,949 [main] INFO  handler.ContextHandler (ContextHandler.java:doStart(781)) - Started o.e.j.w.WebAppContext@489091bd{/,file:///tmp/jetty-0.0.0.0-39735-hddsDatanode-_-any-2783925475895526237.dir/webapp/,AVAILABLE}{/hddsDatanode}
2019-10-02 10:55:54,949 [main] INFO  server.AbstractConnector (AbstractConnector.java:doStart(278)) - Started ServerConnector@512d6e60{HTTP/1.1,[http/1.1]}{0.0.0.0:39735}
2019-10-02 10:55:54,951 [main] INFO  server.Server (Server.java:doStart(419)) - Started @6653ms
2019-10-02 10:55:54,951 [main] WARN  impl.MetricsSystemImpl (MetricsSystemImpl.java:register(276)) - Sink prometheus already exists!
2019-10-02 10:55:54,952 [main] INFO  server.BaseHttpServer (BaseHttpServer.java:updateConnectorAddress(215)) - HTTP server of HDDSDATANODE is listening at http://0.0.0.0:39735
2019-10-02 10:55:54,952 [main] INFO  impl.MetricsSystemImpl (MetricsSystemImpl.java:init(158)) - HddsDatanode metrics system started (again)
2019-10-02 10:55:54,956 [org.apache.hadoop.util.JvmPauseMonitor$Monitor@676ceac7] INFO  util.JvmPauseMonitor (JvmPauseMonitor.java:run(188)) - Starting JVM pause monitor
2019-10-02 10:55:54,957 [main] INFO  ozone.HddsDatanodeService (HddsDatanodeService.java:start(184)) - HddsDatanodeService host:pr-trunk-5xjmm-2411255686 ip:192.168.30.53
2019-10-02 10:55:54,958 [Datanode State Machine Thread - 0] INFO  datanode.InitDatanodeState (InitDatanodeState.java:persistContainerDatanodeDetails(140)) - DatanodeDetails is persisted to /workdir/hadoop-ozone/integration-test/target/test-dir/MiniOzoneClusterImpl-5f261223-23be-4c6b-a914-4b08f19f7d30/datanode-6/meta/datanode.id
2019-10-02 10:55:54,965 [main] INFO  volume.HddsVolume (HddsVolume.java:<init>(176)) - Creating Volume: /workdir/hadoop-ozone/integration-test/target/test-dir/MiniOzoneClusterImpl-5f261223-23be-4c6b-a914-4b08f19f7d30/datanode-7/data/containers/hdds of  storage type : DISK and capacity : 1482555576320
2019-10-02 10:55:54,965 [main] INFO  volume.VolumeSet (VolumeSet.java:initializeVolumeSet(170)) - Added Volume : /workdir/hadoop-ozone/integration-test/target/test-dir/MiniOzoneClusterImpl-5f261223-23be-4c6b-a914-4b08f19f7d30/datanode-7/data/containers/hdds to VolumeSet
2019-10-02 10:55:54,965 [main] INFO  volume.ThrottledAsyncChecker (ThrottledAsyncChecker.java:schedule(139)) - Scheduling a check for org.apache.hadoop.ozone.container.common.volume.HddsVolume@2eeb0f9b
2019-10-02 10:55:54,966 [main] INFO  volume.HddsVolumeChecker (HddsVolumeChecker.java:checkAllVolumes(202)) - Scheduled health check for volume org.apache.hadoop.ozone.container.common.volume.HddsVolume@2eeb0f9b
2019-10-02 10:55:54,980 [main] INFO  impl.RaftServerProxy (ConfUtils.java:logGet(43)) - raft.rpc.type = GRPC (default)
2019-10-02 10:55:54,980 [main] INFO  grpc.GrpcFactory (GrpcFactory.java:checkPooledByteBufAllocatorUseCacheForAllThreads(45)) - PERFORMANCE WARNING: useCacheForAllThreads is true that may cause Netty to create a lot garbage objects and, as a result, trigger GC.
	It is recommended to disable useCacheForAllThreads by setting -Dorg.apache.ratis.thirdparty.io.netty.allocator.useCacheForAllThreads=false in command line.
2019-10-02 10:55:54,980 [main] INFO  grpc.GrpcConfigKeys$Server (ConfUtils.java:logGet(43)) - raft.grpc.server.port = 0 (default)
2019-10-02 10:55:54,981 [main] INFO  server.GrpcService (ConfUtils.java:logGet(43)) - raft.grpc.message.size.max = 33570816 (custom)
2019-10-02 10:55:54,981 [main] INFO  server.RaftServerConfigKeys (ConfUtils.java:logGet(43)) - raft.server.log.appender.buffer.byte-limit = 33554432 (custom)
2019-10-02 10:55:54,981 [main] INFO  server.GrpcService (ConfUtils.java:logGet(43)) - raft.grpc.flow.control.window = 1MB (=1048576) (default)
2019-10-02 10:55:54,982 [main] INFO  server.RaftServerConfigKeys (ConfUtils.java:logGet(43)) - raft.server.rpc.request.timeout = 3000ms (default)
2019-10-02 10:55:54,984 [main] INFO  server.RaftServerConfigKeys (ConfUtils.java:logGet(43)) - raft.server.storage.dir = [/workdir/hadoop-ozone/integration-test/target/test-dir/MiniOzoneClusterImpl-5f261223-23be-4c6b-a914-4b08f19f7d30/datanode-7/data/ratis] (custom)
2019-10-02 10:55:54,988 [main] INFO  hdfs.DFSUtil (DFSUtil.java:httpServerTemplateForNNAndJN(1641)) - Starting Web-server for hddsDatanode at: http://0.0.0.0:0
2019-10-02 10:55:54,990 [main] INFO  server.AuthenticationFilter (AuthenticationFilter.java:constructSecretProvider(240)) - Unable to initialize FileSignerSecretProvider, falling back to use random secrets.
2019-10-02 10:55:54,991 [main] WARN  http.HttpRequestLog (HttpRequestLog.java:getRequestLog(97)) - Jetty request log can only be enabled using Log4j
2019-10-02 10:55:54,994 [main] INFO  http.HttpServer2 (HttpServer2.java:addGlobalFilter(975)) - Added global filter 'safety' (class=org.apache.hadoop.http.HttpServer2$QuotingInputFilter)
2019-10-02 10:55:54,995 [main] INFO  http.HttpServer2 (HttpServer2.java:addFilter(948)) - Added filter static_user_filter (class=org.apache.hadoop.http.lib.StaticUserWebFilter$StaticUserFilter) to context hddsDatanode
2019-10-02 10:55:54,996 [main] INFO  http.HttpServer2 (HttpServer2.java:addFilter(958)) - Added filter static_user_filter (class=org.apache.hadoop.http.lib.StaticUserWebFilter$StaticUserFilter) to context static
2019-10-02 10:55:54,997 [main] INFO  http.HttpServer2 (HttpServer2.java:addFilter(958)) - Added filter static_user_filter (class=org.apache.hadoop.http.lib.StaticUserWebFilter$StaticUserFilter) to context logs
2019-10-02 10:55:54,999 [main] INFO  http.HttpServer2 (HttpServer2.java:bindListener(1191)) - Jetty bound to port 44302
2019-10-02 10:55:55,000 [main] INFO  server.Server (Server.java:doStart(351)) - jetty-9.3.25.v20180904, build timestamp: 2018-09-04T21:11:46Z, git hash: 3ce520221d0240229c862b122d2b06c12a625732
2019-10-02 10:55:55,003 [main] INFO  handler.ContextHandler (ContextHandler.java:doStart(781)) - Started o.e.j.s.ServletContextHandler@45cec376{/logs,file:///workdir/hadoop-ozone/integration-test/target/log,AVAILABLE}
2019-10-02 10:55:55,004 [main] INFO  handler.ContextHandler (ContextHandler.java:doStart(781)) - Started o.e.j.s.ServletContextHandler@298f0a0b{/static,jar:file:/home/user/.m2/repository/org/apache/hadoop/hadoop-hdds-container-service/0.5.0-SNAPSHOT/hadoop-hdds-container-service-0.5.0-SNAPSHOT.jar!/webapps/static,AVAILABLE}
2019-10-02 10:55:55,034 [main] INFO  handler.ContextHandler (ContextHandler.java:doStart(781)) - Started o.e.j.w.WebAppContext@7d3c09ec{/,file:///tmp/jetty-0.0.0.0-44302-hddsDatanode-_-any-87594203550852091.dir/webapp/,AVAILABLE}{/hddsDatanode}
2019-10-02 10:55:55,035 [main] INFO  server.AbstractConnector (AbstractConnector.java:doStart(278)) - Started ServerConnector@71e4b308{HTTP/1.1,[http/1.1]}{0.0.0.0:44302}
2019-10-02 10:55:55,036 [main] INFO  server.Server (Server.java:doStart(419)) - Started @6738ms
2019-10-02 10:55:55,036 [main] WARN  impl.MetricsSystemImpl (MetricsSystemImpl.java:register(276)) - Sink prometheus already exists!
2019-10-02 10:55:55,037 [main] INFO  server.BaseHttpServer (BaseHttpServer.java:updateConnectorAddress(215)) - HTTP server of HDDSDATANODE is listening at http://0.0.0.0:44302
2019-10-02 10:55:55,037 [main] INFO  impl.MetricsSystemImpl (MetricsSystemImpl.java:init(158)) - HddsDatanode metrics system started (again)
2019-10-02 10:55:55,042 [org.apache.hadoop.util.JvmPauseMonitor$Monitor@256fa829] INFO  util.JvmPauseMonitor (JvmPauseMonitor.java:run(188)) - Starting JVM pause monitor
2019-10-02 10:55:55,043 [main] INFO  ozone.HddsDatanodeService (HddsDatanodeService.java:start(184)) - HddsDatanodeService host:pr-trunk-5xjmm-2411255686 ip:192.168.30.53
2019-10-02 10:55:55,044 [Datanode State Machine Thread - 0] INFO  datanode.InitDatanodeState (InitDatanodeState.java:persistContainerDatanodeDetails(140)) - DatanodeDetails is persisted to /workdir/hadoop-ozone/integration-test/target/test-dir/MiniOzoneClusterImpl-5f261223-23be-4c6b-a914-4b08f19f7d30/datanode-7/meta/datanode.id
2019-10-02 10:55:55,052 [main] INFO  volume.HddsVolume (HddsVolume.java:<init>(176)) - Creating Volume: /workdir/hadoop-ozone/integration-test/target/test-dir/MiniOzoneClusterImpl-5f261223-23be-4c6b-a914-4b08f19f7d30/datanode-8/data/containers/hdds of  storage type : DISK and capacity : 1482555576320
2019-10-02 10:55:55,052 [main] INFO  volume.VolumeSet (VolumeSet.java:initializeVolumeSet(170)) - Added Volume : /workdir/hadoop-ozone/integration-test/target/test-dir/MiniOzoneClusterImpl-5f261223-23be-4c6b-a914-4b08f19f7d30/datanode-8/data/containers/hdds to VolumeSet
2019-10-02 10:55:55,053 [main] INFO  volume.ThrottledAsyncChecker (ThrottledAsyncChecker.java:schedule(139)) - Scheduling a check for org.apache.hadoop.ozone.container.common.volume.HddsVolume@33425811
2019-10-02 10:55:55,053 [main] INFO  volume.HddsVolumeChecker (HddsVolumeChecker.java:checkAllVolumes(202)) - Scheduled health check for volume org.apache.hadoop.ozone.container.common.volume.HddsVolume@33425811
2019-10-02 10:55:55,067 [main] INFO  impl.RaftServerProxy (ConfUtils.java:logGet(43)) - raft.rpc.type = GRPC (default)
2019-10-02 10:55:55,068 [main] INFO  grpc.GrpcFactory (GrpcFactory.java:checkPooledByteBufAllocatorUseCacheForAllThreads(45)) - PERFORMANCE WARNING: useCacheForAllThreads is true that may cause Netty to create a lot garbage objects and, as a result, trigger GC.
	It is recommended to disable useCacheForAllThreads by setting -Dorg.apache.ratis.thirdparty.io.netty.allocator.useCacheForAllThreads=false in command line.
2019-10-02 10:55:55,068 [main] INFO  grpc.GrpcConfigKeys$Server (ConfUtils.java:logGet(43)) - raft.grpc.server.port = 0 (default)
2019-10-02 10:55:55,068 [main] INFO  server.GrpcService (ConfUtils.java:logGet(43)) - raft.grpc.message.size.max = 33570816 (custom)
2019-10-02 10:55:55,068 [main] INFO  server.RaftServerConfigKeys (ConfUtils.java:logGet(43)) - raft.server.log.appender.buffer.byte-limit = 33554432 (custom)
2019-10-02 10:55:55,069 [main] INFO  server.GrpcService (ConfUtils.java:logGet(43)) - raft.grpc.flow.control.window = 1MB (=1048576) (default)
2019-10-02 10:55:55,069 [main] INFO  server.RaftServerConfigKeys (ConfUtils.java:logGet(43)) - raft.server.rpc.request.timeout = 3000ms (default)
2019-10-02 10:55:55,069 [main] INFO  server.RaftServerConfigKeys (ConfUtils.java:logGet(43)) - raft.server.storage.dir = [/workdir/hadoop-ozone/integration-test/target/test-dir/MiniOzoneClusterImpl-5f261223-23be-4c6b-a914-4b08f19f7d30/datanode-8/data/ratis] (custom)
2019-10-02 10:55:55,071 [main] INFO  hdfs.DFSUtil (DFSUtil.java:httpServerTemplateForNNAndJN(1641)) - Starting Web-server for hddsDatanode at: http://0.0.0.0:0
2019-10-02 10:55:55,073 [main] INFO  server.AuthenticationFilter (AuthenticationFilter.java:constructSecretProvider(240)) - Unable to initialize FileSignerSecretProvider, falling back to use random secrets.
2019-10-02 10:55:55,073 [main] WARN  http.HttpRequestLog (HttpRequestLog.java:getRequestLog(97)) - Jetty request log can only be enabled using Log4j
2019-10-02 10:55:55,075 [main] INFO  http.HttpServer2 (HttpServer2.java:addGlobalFilter(975)) - Added global filter 'safety' (class=org.apache.hadoop.http.HttpServer2$QuotingInputFilter)
2019-10-02 10:55:55,075 [main] INFO  http.HttpServer2 (HttpServer2.java:addFilter(948)) - Added filter static_user_filter (class=org.apache.hadoop.http.lib.StaticUserWebFilter$StaticUserFilter) to context hddsDatanode
2019-10-02 10:55:55,076 [main] INFO  http.HttpServer2 (HttpServer2.java:addFilter(958)) - Added filter static_user_filter (class=org.apache.hadoop.http.lib.StaticUserWebFilter$StaticUserFilter) to context logs
2019-10-02 10:55:55,076 [main] INFO  http.HttpServer2 (HttpServer2.java:addFilter(958)) - Added filter static_user_filter (class=org.apache.hadoop.http.lib.StaticUserWebFilter$StaticUserFilter) to context static
2019-10-02 10:55:55,076 [main] INFO  http.HttpServer2 (HttpServer2.java:bindListener(1191)) - Jetty bound to port 40219
2019-10-02 10:55:55,077 [main] INFO  server.Server (Server.java:doStart(351)) - jetty-9.3.25.v20180904, build timestamp: 2018-09-04T21:11:46Z, git hash: 3ce520221d0240229c862b122d2b06c12a625732
2019-10-02 10:55:55,078 [main] INFO  handler.ContextHandler (ContextHandler.java:doStart(781)) - Started o.e.j.s.ServletContextHandler@617389a{/logs,file:///workdir/hadoop-ozone/integration-test/target/log,AVAILABLE}
2019-10-02 10:55:55,079 [main] INFO  handler.ContextHandler (ContextHandler.java:doStart(781)) - Started o.e.j.s.ServletContextHandler@3050ac2f{/static,jar:file:/home/user/.m2/repository/org/apache/hadoop/hadoop-hdds-container-service/0.5.0-SNAPSHOT/hadoop-hdds-container-service-0.5.0-SNAPSHOT.jar!/webapps/static,AVAILABLE}
2019-10-02 10:55:55,108 [main] INFO  handler.ContextHandler (ContextHandler.java:doStart(781)) - Started o.e.j.w.WebAppContext@18578491{/,file:///tmp/jetty-0.0.0.0-40219-hddsDatanode-_-any-5614956883102598789.dir/webapp/,AVAILABLE}{/hddsDatanode}
2019-10-02 10:55:55,108 [main] INFO  server.AbstractConnector (AbstractConnector.java:doStart(278)) - Started ServerConnector@3291b443{HTTP/1.1,[http/1.1]}{0.0.0.0:40219}
2019-10-02 10:55:55,110 [main] INFO  server.Server (Server.java:doStart(419)) - Started @6812ms
2019-10-02 10:55:55,110 [main] WARN  impl.MetricsSystemImpl (MetricsSystemImpl.java:register(276)) - Sink prometheus already exists!
2019-10-02 10:55:55,111 [main] INFO  server.BaseHttpServer (BaseHttpServer.java:updateConnectorAddress(215)) - HTTP server of HDDSDATANODE is listening at http://0.0.0.0:40219
2019-10-02 10:55:55,111 [main] INFO  impl.MetricsSystemImpl (MetricsSystemImpl.java:init(158)) - HddsDatanode metrics system started (again)
2019-10-02 10:55:55,116 [org.apache.hadoop.util.JvmPauseMonitor$Monitor@6533bcff] INFO  util.JvmPauseMonitor (JvmPauseMonitor.java:run(188)) - Starting JVM pause monitor
2019-10-02 10:55:55,116 [main] INFO  ozone.HddsDatanodeService (HddsDatanodeService.java:start(184)) - HddsDatanodeService host:pr-trunk-5xjmm-2411255686 ip:192.168.30.53
2019-10-02 10:55:55,119 [Datanode State Machine Thread - 0] INFO  datanode.InitDatanodeState (InitDatanodeState.java:persistContainerDatanodeDetails(140)) - DatanodeDetails is persisted to /workdir/hadoop-ozone/integration-test/target/test-dir/MiniOzoneClusterImpl-5f261223-23be-4c6b-a914-4b08f19f7d30/datanode-8/meta/datanode.id
2019-10-02 10:55:55,125 [main] INFO  volume.HddsVolume (HddsVolume.java:<init>(176)) - Creating Volume: /workdir/hadoop-ozone/integration-test/target/test-dir/MiniOzoneClusterImpl-5f261223-23be-4c6b-a914-4b08f19f7d30/datanode-9/data/containers/hdds of  storage type : DISK and capacity : 1482555576320
2019-10-02 10:55:55,126 [main] INFO  volume.VolumeSet (VolumeSet.java:initializeVolumeSet(170)) - Added Volume : /workdir/hadoop-ozone/integration-test/target/test-dir/MiniOzoneClusterImpl-5f261223-23be-4c6b-a914-4b08f19f7d30/datanode-9/data/containers/hdds to VolumeSet
2019-10-02 10:55:55,126 [main] INFO  volume.ThrottledAsyncChecker (ThrottledAsyncChecker.java:schedule(139)) - Scheduling a check for org.apache.hadoop.ozone.container.common.volume.HddsVolume@4364712f
2019-10-02 10:55:55,127 [main] INFO  volume.HddsVolumeChecker (HddsVolumeChecker.java:checkAllVolumes(202)) - Scheduled health check for volume org.apache.hadoop.ozone.container.common.volume.HddsVolume@4364712f
2019-10-02 10:55:55,141 [main] INFO  impl.RaftServerProxy (ConfUtils.java:logGet(43)) - raft.rpc.type = GRPC (default)
2019-10-02 10:55:55,141 [main] INFO  grpc.GrpcFactory (GrpcFactory.java:checkPooledByteBufAllocatorUseCacheForAllThreads(45)) - PERFORMANCE WARNING: useCacheForAllThreads is true that may cause Netty to create a lot garbage objects and, as a result, trigger GC.
	It is recommended to disable useCacheForAllThreads by setting -Dorg.apache.ratis.thirdparty.io.netty.allocator.useCacheForAllThreads=false in command line.
2019-10-02 10:55:55,142 [main] INFO  grpc.GrpcConfigKeys$Server (ConfUtils.java:logGet(43)) - raft.grpc.server.port = 0 (default)
2019-10-02 10:55:55,142 [main] INFO  server.GrpcService (ConfUtils.java:logGet(43)) - raft.grpc.message.size.max = 33570816 (custom)
2019-10-02 10:55:55,142 [main] INFO  server.RaftServerConfigKeys (ConfUtils.java:logGet(43)) - raft.server.log.appender.buffer.byte-limit = 33554432 (custom)
2019-10-02 10:55:55,142 [main] INFO  server.GrpcService (ConfUtils.java:logGet(43)) - raft.grpc.flow.control.window = 1MB (=1048576) (default)
2019-10-02 10:55:55,143 [main] INFO  server.RaftServerConfigKeys (ConfUtils.java:logGet(43)) - raft.server.rpc.request.timeout = 3000ms (default)
2019-10-02 10:55:55,143 [main] INFO  server.RaftServerConfigKeys (ConfUtils.java:logGet(43)) - raft.server.storage.dir = [/workdir/hadoop-ozone/integration-test/target/test-dir/MiniOzoneClusterImpl-5f261223-23be-4c6b-a914-4b08f19f7d30/datanode-9/data/ratis] (custom)
2019-10-02 10:55:55,145 [main] INFO  hdfs.DFSUtil (DFSUtil.java:httpServerTemplateForNNAndJN(1641)) - Starting Web-server for hddsDatanode at: http://0.0.0.0:0
2019-10-02 10:55:55,146 [main] INFO  server.AuthenticationFilter (AuthenticationFilter.java:constructSecretProvider(240)) - Unable to initialize FileSignerSecretProvider, falling back to use random secrets.
2019-10-02 10:55:55,147 [main] WARN  http.HttpRequestLog (HttpRequestLog.java:getRequestLog(97)) - Jetty request log can only be enabled using Log4j
2019-10-02 10:55:55,148 [main] INFO  http.HttpServer2 (HttpServer2.java:addGlobalFilter(975)) - Added global filter 'safety' (class=org.apache.hadoop.http.HttpServer2$QuotingInputFilter)
2019-10-02 10:55:55,149 [main] INFO  http.HttpServer2 (HttpServer2.java:addFilter(948)) - Added filter static_user_filter (class=org.apache.hadoop.http.lib.StaticUserWebFilter$StaticUserFilter) to context hddsDatanode
2019-10-02 10:55:55,149 [main] INFO  http.HttpServer2 (HttpServer2.java:addFilter(958)) - Added filter static_user_filter (class=org.apache.hadoop.http.lib.StaticUserWebFilter$StaticUserFilter) to context static
2019-10-02 10:55:55,149 [main] INFO  http.HttpServer2 (HttpServer2.java:addFilter(958)) - Added filter static_user_filter (class=org.apache.hadoop.http.lib.StaticUserWebFilter$StaticUserFilter) to context logs
2019-10-02 10:55:55,150 [main] INFO  http.HttpServer2 (HttpServer2.java:bindListener(1191)) - Jetty bound to port 40288
2019-10-02 10:55:55,150 [main] INFO  server.Server (Server.java:doStart(351)) - jetty-9.3.25.v20180904, build timestamp: 2018-09-04T21:11:46Z, git hash: 3ce520221d0240229c862b122d2b06c12a625732
2019-10-02 10:55:55,152 [main] INFO  handler.ContextHandler (ContextHandler.java:doStart(781)) - Started o.e.j.s.ServletContextHandler@797c3c3b{/logs,file:///workdir/hadoop-ozone/integration-test/target/log,AVAILABLE}
2019-10-02 10:55:55,152 [main] INFO  handler.ContextHandler (ContextHandler.java:doStart(781)) - Started o.e.j.s.ServletContextHandler@4375b013{/static,jar:file:/home/user/.m2/repository/org/apache/hadoop/hadoop-hdds-container-service/0.5.0-SNAPSHOT/hadoop-hdds-container-service-0.5.0-SNAPSHOT.jar!/webapps/static,AVAILABLE}
2019-10-02 10:55:55,182 [main] INFO  handler.ContextHandler (ContextHandler.java:doStart(781)) - Started o.e.j.w.WebAppContext@2da66a44{/,file:///tmp/jetty-0.0.0.0-40288-hddsDatanode-_-any-1671464399003298599.dir/webapp/,AVAILABLE}{/hddsDatanode}
2019-10-02 10:55:55,184 [main] INFO  server.AbstractConnector (AbstractConnector.java:doStart(278)) - Started ServerConnector@527fc8e{HTTP/1.1,[http/1.1]}{0.0.0.0:40288}
2019-10-02 10:55:55,184 [main] INFO  server.Server (Server.java:doStart(419)) - Started @6886ms
2019-10-02 10:55:55,185 [main] WARN  impl.MetricsSystemImpl (MetricsSystemImpl.java:register(276)) - Sink prometheus already exists!
2019-10-02 10:55:55,186 [main] INFO  server.BaseHttpServer (BaseHttpServer.java:updateConnectorAddress(215)) - HTTP server of HDDSDATANODE is listening at http://0.0.0.0:40288
2019-10-02 10:55:55,191 [main] INFO  ozone.MiniOzoneClusterImpl (MiniOzoneClusterImpl.java:lambda$waitForClusterToBeReady$0(147)) - Waiting for cluster to be ready. Got 0 of 10 DN Heartbeats.
2019-10-02 10:55:55,191 [org.apache.hadoop.util.JvmPauseMonitor$Monitor@528b6161] INFO  util.JvmPauseMonitor (JvmPauseMonitor.java:run(188)) - Starting JVM pause monitor
2019-10-02 10:55:55,196 [Datanode State Machine Thread - 0] INFO  datanode.InitDatanodeState (InitDatanodeState.java:persistContainerDatanodeDetails(140)) - DatanodeDetails is persisted to /workdir/hadoop-ozone/integration-test/target/test-dir/MiniOzoneClusterImpl-5f261223-23be-4c6b-a914-4b08f19f7d30/datanode-9/meta/datanode.id
2019-10-02 10:55:56,191 [main] INFO  ozone.MiniOzoneClusterImpl (MiniOzoneClusterImpl.java:lambda$waitForClusterToBeReady$0(147)) - Waiting for cluster to be ready. Got 0 of 10 DN Heartbeats.
2019-10-02 10:55:56,622 [Datanode State Machine Thread - 0] INFO  ozoneimpl.OzoneContainer (OzoneContainer.java:start(217)) - Attempting to start container services.
2019-10-02 10:55:56,623 [Datanode State Machine Thread - 0] INFO  ozoneimpl.OzoneContainer (OzoneContainer.java:startContainerScrub(179)) - Background container scanner has been disabled.
2019-10-02 10:55:56,623 [Datanode State Machine Thread - 0] INFO  ratis.XceiverServerRatis (XceiverServerRatis.java:start(417)) - Starting XceiverServerRatis 7df38282-3a3d-4206-964a-9b3301cd1d1f at port 0
2019-10-02 10:55:56,639 [Datanode State Machine Thread - 0] INFO  ozoneimpl.OzoneContainer (OzoneContainer.java:start(217)) - Attempting to start container services.
2019-10-02 10:55:56,647 [Datanode State Machine Thread - 0] INFO  ozoneimpl.OzoneContainer (OzoneContainer.java:startContainerScrub(179)) - Background container scanner has been disabled.
2019-10-02 10:55:56,647 [Datanode State Machine Thread - 0] INFO  ratis.XceiverServerRatis (XceiverServerRatis.java:start(417)) - Starting XceiverServerRatis ad13a282-c5bf-465a-9fe1-7adee9400ee3 at port 0
2019-10-02 10:55:56,648 [Datanode State Machine Thread - 0] INFO  impl.RaftServerProxy (RaftServerProxy.java:lambda$start$3(299)) - 7df38282-3a3d-4206-964a-9b3301cd1d1f: start RPC server
2019-10-02 10:55:56,660 [Datanode State Machine Thread - 0] INFO  impl.RaftServerProxy (RaftServerProxy.java:lambda$start$3(299)) - ad13a282-c5bf-465a-9fe1-7adee9400ee3: start RPC server
2019-10-02 10:55:56,682 [Datanode State Machine Thread - 0] INFO  ozoneimpl.OzoneContainer (OzoneContainer.java:start(217)) - Attempting to start container services.
2019-10-02 10:55:56,682 [Datanode State Machine Thread - 0] INFO  ozoneimpl.OzoneContainer (OzoneContainer.java:startContainerScrub(179)) - Background container scanner has been disabled.
2019-10-02 10:55:56,683 [Datanode State Machine Thread - 0] INFO  ratis.XceiverServerRatis (XceiverServerRatis.java:start(417)) - Starting XceiverServerRatis d3dffc06-1d6a-4f7a-8294-c2dc8ce35b40 at port 0
2019-10-02 10:55:56,690 [Datanode State Machine Thread - 0] INFO  impl.RaftServerProxy (RaftServerProxy.java:lambda$start$3(299)) - d3dffc06-1d6a-4f7a-8294-c2dc8ce35b40: start RPC server
2019-10-02 10:55:56,760 [Datanode State Machine Thread - 0] INFO  ozoneimpl.OzoneContainer (OzoneContainer.java:start(217)) - Attempting to start container services.
2019-10-02 10:55:56,760 [Datanode State Machine Thread - 0] INFO  ozoneimpl.OzoneContainer (OzoneContainer.java:startContainerScrub(179)) - Background container scanner has been disabled.
2019-10-02 10:55:56,760 [Datanode State Machine Thread - 0] INFO  ratis.XceiverServerRatis (XceiverServerRatis.java:start(417)) - Starting XceiverServerRatis 29e87443-95b0-4e72-8a30-e6a8d307cc03 at port 0
2019-10-02 10:55:56,774 [Datanode State Machine Thread - 0] INFO  impl.RaftServerProxy (RaftServerProxy.java:lambda$start$3(299)) - 29e87443-95b0-4e72-8a30-e6a8d307cc03: start RPC server
2019-10-02 10:55:56,806 [Datanode State Machine Thread - 0] INFO  server.GrpcService (GrpcService.java:startImpl(158)) - d3dffc06-1d6a-4f7a-8294-c2dc8ce35b40: GrpcService started, listening on 0.0.0.0/0.0.0.0:33785
2019-10-02 10:55:56,806 [Datanode State Machine Thread - 0] INFO  server.GrpcService (GrpcService.java:startImpl(158)) - 7df38282-3a3d-4206-964a-9b3301cd1d1f: GrpcService started, listening on 0.0.0.0/0.0.0.0:34960
2019-10-02 10:55:56,806 [Datanode State Machine Thread - 0] INFO  server.GrpcService (GrpcService.java:startImpl(158)) - 29e87443-95b0-4e72-8a30-e6a8d307cc03: GrpcService started, listening on 0.0.0.0/0.0.0.0:41099
2019-10-02 10:55:56,806 [Datanode State Machine Thread - 0] INFO  server.GrpcService (GrpcService.java:startImpl(158)) - ad13a282-c5bf-465a-9fe1-7adee9400ee3: GrpcService started, listening on 0.0.0.0/0.0.0.0:45000
2019-10-02 10:55:56,808 [Datanode State Machine Thread - 0] INFO  ratis.XceiverServerRatis (XceiverServerRatis.java:start(427)) - XceiverServerRatis 29e87443-95b0-4e72-8a30-e6a8d307cc03 is started using port 41099
2019-10-02 10:55:56,808 [Datanode State Machine Thread - 0] INFO  ratis.XceiverServerRatis (XceiverServerRatis.java:start(427)) - XceiverServerRatis 7df38282-3a3d-4206-964a-9b3301cd1d1f is started using port 34960
2019-10-02 10:55:56,808 [Datanode State Machine Thread - 0] INFO  ratis.XceiverServerRatis (XceiverServerRatis.java:start(427)) - XceiverServerRatis d3dffc06-1d6a-4f7a-8294-c2dc8ce35b40 is started using port 33785
2019-10-02 10:55:56,808 [Datanode State Machine Thread - 0] INFO  ratis.XceiverServerRatis (XceiverServerRatis.java:start(427)) - XceiverServerRatis ad13a282-c5bf-465a-9fe1-7adee9400ee3 is started using port 45000
2019-10-02 10:55:56,817 [Datanode State Machine Thread - 0] INFO  server.XceiverServerGrpc (XceiverServerGrpc.java:start(149)) - XceiverServerGrpc 7df38282-3a3d-4206-964a-9b3301cd1d1f is started using port 37819
2019-10-02 10:55:56,818 [Datanode State Machine Thread - 0] INFO  server.XceiverServerGrpc (XceiverServerGrpc.java:start(149)) - XceiverServerGrpc 29e87443-95b0-4e72-8a30-e6a8d307cc03 is started using port 40145
2019-10-02 10:55:56,818 [Datanode State Machine Thread - 0] INFO  server.XceiverServerGrpc (XceiverServerGrpc.java:start(149)) - XceiverServerGrpc d3dffc06-1d6a-4f7a-8294-c2dc8ce35b40 is started using port 40650
2019-10-02 10:55:56,817 [Datanode State Machine Thread - 0] INFO  server.XceiverServerGrpc (XceiverServerGrpc.java:start(149)) - XceiverServerGrpc ad13a282-c5bf-465a-9fe1-7adee9400ee3 is started using port 38331
2019-10-02 10:55:56,830 [Datanode State Machine Thread - 0] INFO  ozoneimpl.OzoneContainer (OzoneContainer.java:start(217)) - Attempting to start container services.
2019-10-02 10:55:56,830 [Datanode State Machine Thread - 0] INFO  ozoneimpl.OzoneContainer (OzoneContainer.java:startContainerScrub(179)) - Background container scanner has been disabled.
2019-10-02 10:55:56,831 [Datanode State Machine Thread - 0] INFO  ratis.XceiverServerRatis (XceiverServerRatis.java:start(417)) - Starting XceiverServerRatis 8430a53a-9f01-498d-8c8f-dce4ce45751c at port 0
2019-10-02 10:55:56,835 [Datanode State Machine Thread - 0] INFO  impl.RaftServerProxy (RaftServerProxy.java:lambda$start$3(299)) - 8430a53a-9f01-498d-8c8f-dce4ce45751c: start RPC server
2019-10-02 10:55:56,838 [Datanode State Machine Thread - 0] INFO  server.GrpcService (GrpcService.java:startImpl(158)) - 8430a53a-9f01-498d-8c8f-dce4ce45751c: GrpcService started, listening on 0.0.0.0/0.0.0.0:38350
2019-10-02 10:55:56,838 [Datanode State Machine Thread - 0] INFO  ratis.XceiverServerRatis (XceiverServerRatis.java:start(427)) - XceiverServerRatis 8430a53a-9f01-498d-8c8f-dce4ce45751c is started using port 38350
2019-10-02 10:55:56,841 [Datanode State Machine Thread - 0] INFO  server.XceiverServerGrpc (XceiverServerGrpc.java:start(149)) - XceiverServerGrpc 8430a53a-9f01-498d-8c8f-dce4ce45751c is started using port 36096
2019-10-02 10:55:56,933 [Datanode State Machine Thread - 0] INFO  ozoneimpl.OzoneContainer (OzoneContainer.java:start(217)) - Attempting to start container services.
2019-10-02 10:55:56,933 [Datanode State Machine Thread - 0] INFO  ozoneimpl.OzoneContainer (OzoneContainer.java:startContainerScrub(179)) - Background container scanner has been disabled.
2019-10-02 10:55:56,933 [Datanode State Machine Thread - 0] INFO  ratis.XceiverServerRatis (XceiverServerRatis.java:start(417)) - Starting XceiverServerRatis aafbe2ba-816f-4d3a-bbb1-a8f59b8799f5 at port 0
2019-10-02 10:55:56,940 [Datanode State Machine Thread - 0] INFO  impl.RaftServerProxy (RaftServerProxy.java:lambda$start$3(299)) - aafbe2ba-816f-4d3a-bbb1-a8f59b8799f5: start RPC server
2019-10-02 10:55:56,945 [Datanode State Machine Thread - 0] INFO  server.GrpcService (GrpcService.java:startImpl(158)) - aafbe2ba-816f-4d3a-bbb1-a8f59b8799f5: GrpcService started, listening on 0.0.0.0/0.0.0.0:38876
2019-10-02 10:55:56,946 [Datanode State Machine Thread - 0] INFO  ratis.XceiverServerRatis (XceiverServerRatis.java:start(427)) - XceiverServerRatis aafbe2ba-816f-4d3a-bbb1-a8f59b8799f5 is started using port 38876
2019-10-02 10:55:56,950 [Datanode State Machine Thread - 0] INFO  server.XceiverServerGrpc (XceiverServerGrpc.java:start(149)) - XceiverServerGrpc aafbe2ba-816f-4d3a-bbb1-a8f59b8799f5 is started using port 38483
2019-10-02 10:55:56,984 [Datanode State Machine Thread - 0] INFO  ozoneimpl.OzoneContainer (OzoneContainer.java:start(217)) - Attempting to start container services.
2019-10-02 10:55:56,984 [Datanode State Machine Thread - 0] INFO  ozoneimpl.OzoneContainer (OzoneContainer.java:startContainerScrub(179)) - Background container scanner has been disabled.
2019-10-02 10:55:56,984 [Datanode State Machine Thread - 0] INFO  ratis.XceiverServerRatis (XceiverServerRatis.java:start(417)) - Starting XceiverServerRatis 8a72c170-a9c5-4d45-8b78-a894de4c103c at port 0
2019-10-02 10:55:56,988 [Datanode State Machine Thread - 0] INFO  impl.RaftServerProxy (RaftServerProxy.java:lambda$start$3(299)) - 8a72c170-a9c5-4d45-8b78-a894de4c103c: start RPC server
2019-10-02 10:55:56,993 [Datanode State Machine Thread - 0] INFO  server.GrpcService (GrpcService.java:startImpl(158)) - 8a72c170-a9c5-4d45-8b78-a894de4c103c: GrpcService started, listening on 0.0.0.0/0.0.0.0:42816
2019-10-02 10:55:56,994 [Datanode State Machine Thread - 0] INFO  ratis.XceiverServerRatis (XceiverServerRatis.java:start(427)) - XceiverServerRatis 8a72c170-a9c5-4d45-8b78-a894de4c103c is started using port 42816
2019-10-02 10:55:56,998 [Datanode State Machine Thread - 0] INFO  server.XceiverServerGrpc (XceiverServerGrpc.java:start(149)) - XceiverServerGrpc 8a72c170-a9c5-4d45-8b78-a894de4c103c is started using port 38877
2019-10-02 10:55:57,078 [Datanode State Machine Thread - 0] INFO  ozoneimpl.OzoneContainer (OzoneContainer.java:start(217)) - Attempting to start container services.
2019-10-02 10:55:57,078 [Datanode State Machine Thread - 0] INFO  ozoneimpl.OzoneContainer (OzoneContainer.java:startContainerScrub(179)) - Background container scanner has been disabled.
2019-10-02 10:55:57,078 [Datanode State Machine Thread - 0] INFO  ratis.XceiverServerRatis (XceiverServerRatis.java:start(417)) - Starting XceiverServerRatis b25f22f8-54cc-4ffd-bfcd-179cc8cbd7fc at port 0
2019-10-02 10:55:57,084 [Datanode State Machine Thread - 0] INFO  impl.RaftServerProxy (RaftServerProxy.java:lambda$start$3(299)) - b25f22f8-54cc-4ffd-bfcd-179cc8cbd7fc: start RPC server
2019-10-02 10:55:57,089 [Datanode State Machine Thread - 0] INFO  server.GrpcService (GrpcService.java:startImpl(158)) - b25f22f8-54cc-4ffd-bfcd-179cc8cbd7fc: GrpcService started, listening on 0.0.0.0/0.0.0.0:42549
2019-10-02 10:55:57,089 [Datanode State Machine Thread - 0] INFO  ratis.XceiverServerRatis (XceiverServerRatis.java:start(427)) - XceiverServerRatis b25f22f8-54cc-4ffd-bfcd-179cc8cbd7fc is started using port 42549
2019-10-02 10:55:57,092 [Datanode State Machine Thread - 0] INFO  server.XceiverServerGrpc (XceiverServerGrpc.java:start(149)) - XceiverServerGrpc b25f22f8-54cc-4ffd-bfcd-179cc8cbd7fc is started using port 41954
2019-10-02 10:55:57,148 [Datanode State Machine Thread - 0] INFO  ozoneimpl.OzoneContainer (OzoneContainer.java:start(217)) - Attempting to start container services.
2019-10-02 10:55:57,148 [Datanode State Machine Thread - 0] INFO  ozoneimpl.OzoneContainer (OzoneContainer.java:startContainerScrub(179)) - Background container scanner has been disabled.
2019-10-02 10:55:57,148 [Datanode State Machine Thread - 0] INFO  ratis.XceiverServerRatis (XceiverServerRatis.java:start(417)) - Starting XceiverServerRatis b7ca2e1f-1771-41a0-9147-b4dd2438232c at port 0
2019-10-02 10:55:57,155 [Datanode State Machine Thread - 0] INFO  impl.RaftServerProxy (RaftServerProxy.java:lambda$start$3(299)) - b7ca2e1f-1771-41a0-9147-b4dd2438232c: start RPC server
2019-10-02 10:55:57,161 [Datanode State Machine Thread - 0] INFO  server.GrpcService (GrpcService.java:startImpl(158)) - b7ca2e1f-1771-41a0-9147-b4dd2438232c: GrpcService started, listening on 0.0.0.0/0.0.0.0:44547
2019-10-02 10:55:57,161 [Datanode State Machine Thread - 0] INFO  ratis.XceiverServerRatis (XceiverServerRatis.java:start(427)) - XceiverServerRatis b7ca2e1f-1771-41a0-9147-b4dd2438232c is started using port 44547
2019-10-02 10:55:57,166 [Datanode State Machine Thread - 0] INFO  server.XceiverServerGrpc (XceiverServerGrpc.java:start(149)) - XceiverServerGrpc b7ca2e1f-1771-41a0-9147-b4dd2438232c is started using port 41734
2019-10-02 10:55:57,192 [main] INFO  ozone.MiniOzoneClusterImpl (MiniOzoneClusterImpl.java:lambda$waitForClusterToBeReady$0(147)) - Waiting for cluster to be ready. Got 0 of 10 DN Heartbeats.
2019-10-02 10:55:57,226 [Datanode State Machine Thread - 0] INFO  ozoneimpl.OzoneContainer (OzoneContainer.java:start(217)) - Attempting to start container services.
2019-10-02 10:55:57,227 [Datanode State Machine Thread - 0] INFO  ozoneimpl.OzoneContainer (OzoneContainer.java:startContainerScrub(179)) - Background container scanner has been disabled.
2019-10-02 10:55:57,227 [Datanode State Machine Thread - 0] INFO  ratis.XceiverServerRatis (XceiverServerRatis.java:start(417)) - Starting XceiverServerRatis c999d89f-1e5d-4182-937c-40b6b56775d9 at port 0
2019-10-02 10:55:57,238 [Datanode State Machine Thread - 0] INFO  impl.RaftServerProxy (RaftServerProxy.java:lambda$start$3(299)) - c999d89f-1e5d-4182-937c-40b6b56775d9: start RPC server
2019-10-02 10:55:57,249 [Datanode State Machine Thread - 0] INFO  server.GrpcService (GrpcService.java:startImpl(158)) - c999d89f-1e5d-4182-937c-40b6b56775d9: GrpcService started, listening on 0.0.0.0/0.0.0.0:35552
2019-10-02 10:55:57,250 [Datanode State Machine Thread - 0] INFO  ratis.XceiverServerRatis (XceiverServerRatis.java:start(427)) - XceiverServerRatis c999d89f-1e5d-4182-937c-40b6b56775d9 is started using port 35552
2019-10-02 10:55:57,266 [Datanode State Machine Thread - 0] INFO  server.XceiverServerGrpc (XceiverServerGrpc.java:start(149)) - XceiverServerGrpc c999d89f-1e5d-4182-937c-40b6b56775d9 is started using port 43333
2019-10-02 10:55:58,194 [main] INFO  ozone.MiniOzoneClusterImpl (MiniOzoneClusterImpl.java:lambda$waitForClusterToBeReady$0(147)) - Waiting for cluster to be ready. Got 0 of 10 DN Heartbeats.
2019-10-02 10:55:58,496 [IPC Server handler 2 on 44807] INFO  net.NetworkTopology (NetworkTopologyImpl.java:add(111)) - Added a new node: /default-rack/7df38282-3a3d-4206-964a-9b3301cd1d1f
2019-10-02 10:55:58,496 [IPC Server handler 2 on 44807] INFO  node.SCMNodeManager (SCMNodeManager.java:register(266)) - Registered Data node : 7df38282-3a3d-4206-964a-9b3301cd1d1f{ip: 192.168.30.53, host: pr-trunk-5xjmm-2411255686, networkLocation: /default-rack, certSerialId: null}
2019-10-02 10:55:58,502 [EventQueue-NodeRegistrationContainerReportForDataNodeSafeModeRule] INFO  safemode.SCMSafeModeManager (DataNodeSafeModeRule.java:process(71)) - SCM in safe mode. 1 DataNodes registered, 1 required.
2019-10-02 10:55:58,502 [EventQueue-NodeRegistrationContainerReportForDataNodeSafeModeRule] INFO  safemode.SCMSafeModeManager (SCMSafeModeManager.java:validateSafeModeExitRules(177)) - ScmSafeModeManager, all rules are successfully validated
2019-10-02 10:55:58,503 [EventQueue-NodeRegistrationContainerReportForDataNodeSafeModeRule] INFO  safemode.SCMSafeModeManager (SCMSafeModeManager.java:exitSafeMode(193)) - SCM exiting safe mode.
2019-10-02 10:55:58,567 [IPC Server handler 0 on 44807] INFO  net.NetworkTopology (NetworkTopologyImpl.java:add(111)) - Added a new node: /default-rack/ad13a282-c5bf-465a-9fe1-7adee9400ee3
2019-10-02 10:55:58,568 [IPC Server handler 0 on 44807] INFO  node.SCMNodeManager (SCMNodeManager.java:register(266)) - Registered Data node : ad13a282-c5bf-465a-9fe1-7adee9400ee3{ip: 192.168.30.53, host: pr-trunk-5xjmm-2411255686, networkLocation: /default-rack, certSerialId: null}
2019-10-02 10:55:58,653 [IPC Server handler 5 on 44807] INFO  net.NetworkTopology (NetworkTopologyImpl.java:add(111)) - Added a new node: /default-rack/d3dffc06-1d6a-4f7a-8294-c2dc8ce35b40
2019-10-02 10:55:58,653 [IPC Server handler 5 on 44807] INFO  node.SCMNodeManager (SCMNodeManager.java:register(266)) - Registered Data node : d3dffc06-1d6a-4f7a-8294-c2dc8ce35b40{ip: 192.168.30.53, host: pr-trunk-5xjmm-2411255686, networkLocation: /default-rack, certSerialId: null}
2019-10-02 10:55:58,733 [IPC Server handler 3 on 44807] INFO  net.NetworkTopology (NetworkTopologyImpl.java:add(111)) - Added a new node: /default-rack/29e87443-95b0-4e72-8a30-e6a8d307cc03
2019-10-02 10:55:58,733 [IPC Server handler 3 on 44807] INFO  node.SCMNodeManager (SCMNodeManager.java:register(266)) - Registered Data node : 29e87443-95b0-4e72-8a30-e6a8d307cc03{ip: 192.168.30.53, host: pr-trunk-5xjmm-2411255686, networkLocation: /default-rack, certSerialId: null}
2019-10-02 10:55:58,807 [IPC Server handler 7 on 44807] INFO  net.NetworkTopology (NetworkTopologyImpl.java:add(111)) - Added a new node: /default-rack/8430a53a-9f01-498d-8c8f-dce4ce45751c
2019-10-02 10:55:58,807 [IPC Server handler 7 on 44807] INFO  node.SCMNodeManager (SCMNodeManager.java:register(266)) - Registered Data node : 8430a53a-9f01-498d-8c8f-dce4ce45751c{ip: 192.168.30.53, host: pr-trunk-5xjmm-2411255686, networkLocation: /default-rack, certSerialId: null}
2019-10-02 10:55:58,891 [IPC Server handler 4 on 44807] INFO  net.NetworkTopology (NetworkTopologyImpl.java:add(111)) - Added a new node: /default-rack/aafbe2ba-816f-4d3a-bbb1-a8f59b8799f5
2019-10-02 10:55:58,891 [IPC Server handler 4 on 44807] INFO  node.SCMNodeManager (SCMNodeManager.java:register(266)) - Registered Data node : aafbe2ba-816f-4d3a-bbb1-a8f59b8799f5{ip: 192.168.30.53, host: pr-trunk-5xjmm-2411255686, networkLocation: /default-rack, certSerialId: null}
2019-10-02 10:55:58,961 [IPC Server handler 6 on 44807] INFO  net.NetworkTopology (NetworkTopologyImpl.java:add(111)) - Added a new node: /default-rack/8a72c170-a9c5-4d45-8b78-a894de4c103c
2019-10-02 10:55:58,961 [IPC Server handler 6 on 44807] INFO  node.SCMNodeManager (SCMNodeManager.java:register(266)) - Registered Data node : 8a72c170-a9c5-4d45-8b78-a894de4c103c{ip: 192.168.30.53, host: pr-trunk-5xjmm-2411255686, networkLocation: /default-rack, certSerialId: null}
2019-10-02 10:55:59,046 [IPC Server handler 8 on 44807] INFO  net.NetworkTopology (NetworkTopologyImpl.java:add(111)) - Added a new node: /default-rack/b25f22f8-54cc-4ffd-bfcd-179cc8cbd7fc
2019-10-02 10:55:59,047 [IPC Server handler 8 on 44807] INFO  node.SCMNodeManager (SCMNodeManager.java:register(266)) - Registered Data node : b25f22f8-54cc-4ffd-bfcd-179cc8cbd7fc{ip: 192.168.30.53, host: pr-trunk-5xjmm-2411255686, networkLocation: /default-rack, certSerialId: null}
2019-10-02 10:55:59,104 [grpc-default-executor-0] INFO  impl.RaftServerProxy (RaftServerProxy.java:addNew(89)) - 7df38282-3a3d-4206-964a-9b3301cd1d1f: addNew group-80BD95CE9051:[7df38282-3a3d-4206-964a-9b3301cd1d1f:192.168.30.53:34960] returns group-80BD95CE9051:java.util.concurrent.CompletableFuture@40b1690c[Not completed]
2019-10-02 10:55:59,120 [IPC Server handler 10 on 44807] INFO  net.NetworkTopology (NetworkTopologyImpl.java:add(111)) - Added a new node: /default-rack/b7ca2e1f-1771-41a0-9147-b4dd2438232c
2019-10-02 10:55:59,120 [IPC Server handler 10 on 44807] INFO  node.SCMNodeManager (SCMNodeManager.java:register(266)) - Registered Data node : b7ca2e1f-1771-41a0-9147-b4dd2438232c{ip: 192.168.30.53, host: pr-trunk-5xjmm-2411255686, networkLocation: /default-rack, certSerialId: null}
2019-10-02 10:55:59,129 [pool-27-thread-1] INFO  impl.RaftServerImpl (RaftServerImpl.java:<init>(95)) - 7df38282-3a3d-4206-964a-9b3301cd1d1f: new RaftServerImpl for group-80BD95CE9051:[7df38282-3a3d-4206-964a-9b3301cd1d1f:192.168.30.53:34960] with ContainerStateMachine:uninitialized
2019-10-02 10:55:59,130 [pool-27-thread-1] INFO  server.RaftServerConfigKeys (ConfUtils.java:logGet(43)) - raft.server.rpc.timeout.min = 1s (custom)
2019-10-02 10:55:59,132 [pool-27-thread-1] INFO  server.RaftServerConfigKeys (ConfUtils.java:logGet(43)) - raft.server.rpc.timeout.max = 1200ms (custom)
2019-10-02 10:55:59,132 [pool-27-thread-1] INFO  server.RaftServerConfigKeys (ConfUtils.java:logGet(43)) - raft.server.rpcslowness.timeout = 120s (custom)
2019-10-02 10:55:59,133 [pool-27-thread-1] INFO  server.RaftServerConfigKeys (ConfUtils.java:logGet(43)) - raft.server.sleep.deviation.threshold = 300 (default)
2019-10-02 10:55:59,133 [pool-27-thread-1] INFO  server.RaftServerConfigKeys (ConfUtils.java:logGet(43)) - raft.server.log.appender.install.snapshot.enabled = false (custom)
2019-10-02 10:55:59,140 [pool-27-thread-1] INFO  impl.RaftServerImpl (ServerState.java:<init>(103)) - 7df38282-3a3d-4206-964a-9b3301cd1d1f@group-80BD95CE9051: ConfigurationManager, init=-1: [7df38282-3a3d-4206-964a-9b3301cd1d1f:192.168.30.53:34960], old=null, confs=<EMPTY_MAP>
2019-10-02 10:55:59,141 [pool-27-thread-1] INFO  server.RaftServerConfigKeys (ConfUtils.java:logGet(43)) - raft.server.storage.dir = [/workdir/hadoop-ozone/integration-test/target/test-dir/MiniOzoneClusterImpl-5f261223-23be-4c6b-a914-4b08f19f7d30/datanode-0/data/ratis] (custom)
2019-10-02 10:55:59,146 [pool-27-thread-1] INFO  server.RaftServerConfigKeys (ConfUtils.java:logGet(43)) - raft.server.log.corruption.policy = EXCEPTION (default)
2019-10-02 10:55:59,148 [pool-27-thread-1] INFO  storage.RaftStorageDirectory (RaftStorageDirectory.java:analyzeStorage(246)) - The storage directory /workdir/hadoop-ozone/integration-test/target/test-dir/MiniOzoneClusterImpl-5f261223-23be-4c6b-a914-4b08f19f7d30/datanode-0/data/ratis/a09cde63-bebd-4dee-89e6-80bd95ce9051 does not exist. Creating ...
2019-10-02 10:55:59,200 [main] INFO  ozone.MiniOzoneClusterImpl (MiniOzoneClusterImpl.java:lambda$waitForClusterToBeReady$0(147)) - Waiting for cluster to be ready. Got 9 of 10 DN Heartbeats.
2019-10-02 10:55:59,206 [IPC Server handler 12 on 44807] INFO  net.NetworkTopology (NetworkTopologyImpl.java:add(111)) - Added a new node: /default-rack/c999d89f-1e5d-4182-937c-40b6b56775d9
2019-10-02 10:55:59,206 [IPC Server handler 12 on 44807] INFO  node.SCMNodeManager (SCMNodeManager.java:register(266)) - Registered Data node : c999d89f-1e5d-4182-937c-40b6b56775d9{ip: 192.168.30.53, host: pr-trunk-5xjmm-2411255686, networkLocation: /default-rack, certSerialId: null}
2019-10-02 10:55:59,256 [pool-27-thread-1] INFO  storage.RaftStorageDirectory (RaftStorageDirectory.java:tryLock(328)) - Lock on /workdir/hadoop-ozone/integration-test/target/test-dir/MiniOzoneClusterImpl-5f261223-23be-4c6b-a914-4b08f19f7d30/datanode-0/data/ratis/a09cde63-bebd-4dee-89e6-80bd95ce9051/in_use.lock acquired by nodename 9257@pr-trunk-5xjmm-2411255686
2019-10-02 10:55:59,283 [pool-27-thread-1] INFO  storage.RaftStorage (RaftStorage.java:format(84)) - Storage directory /workdir/hadoop-ozone/integration-test/target/test-dir/MiniOzoneClusterImpl-5f261223-23be-4c6b-a914-4b08f19f7d30/datanode-0/data/ratis/a09cde63-bebd-4dee-89e6-80bd95ce9051 has been successfully formatted.
2019-10-02 10:55:59,287 [pool-27-thread-1] INFO  ratis.ContainerStateMachine (ContainerStateMachine.java:loadSnapshot(230)) - group-80BD95CE9051: The snapshot info is null. Setting the last applied indexto:(t:0, i:~)
2019-10-02 10:55:59,288 [pool-27-thread-1] INFO  server.RaftServerConfigKeys (ConfUtils.java:logGet(43)) - raft.server.notification.no-leader.timeout = 120s (custom)
2019-10-02 10:55:59,291 [pool-27-thread-1] INFO  server.RaftServerConfigKeys (ConfUtils.java:logGet(43)) - raft.server.log.use.memory = false (default)
2019-10-02 10:55:59,301 [pool-27-thread-1] INFO  server.RaftServerConfigKeys (ConfUtils.java:logGet(43)) - raft.server.log.purge.gap = 1000000 (custom)
2019-10-02 10:55:59,301 [pool-27-thread-1] INFO  server.RaftServerConfigKeys (ConfUtils.java:logGet(43)) - raft.server.log.appender.buffer.byte-limit = 33554432 (custom)
2019-10-02 10:55:59,304 [pool-27-thread-1] INFO  server.RaftServerConfigKeys (ConfUtils.java:logGet(43)) - raft.server.log.segment.size.max = 1048576 (custom)
2019-10-02 10:55:59,307 [pool-27-thread-1] INFO  impl.MetricsSystemImpl (MetricsSystemImpl.java:init(158)) - ratis metrics system started (again)
2019-10-02 10:55:59,312 [pool-27-thread-1] INFO  metrics.MetricRegistries (MetricRegistriesLoader.java:load(64)) - Loaded MetricRegistries class org.apache.ratis.metrics.impl.MetricRegistriesImpl
2019-10-02 10:55:59,359 [pool-27-thread-1] INFO  server.RaftServerConfigKeys (ConfUtils.java:logGet(43)) - raft.server.log.segment.cache.num.max = 2 (custom)
2019-10-02 10:55:59,364 [pool-27-thread-1] INFO  segmented.SegmentedRaftLogWorker (SegmentedRaftLogWorker.java:<init>(173)) - new 7df38282-3a3d-4206-964a-9b3301cd1d1f@group-80BD95CE9051-SegmentedRaftLogWorker for RaftStorage:Storage Directory /workdir/hadoop-ozone/integration-test/target/test-dir/MiniOzoneClusterImpl-5f261223-23be-4c6b-a914-4b08f19f7d30/datanode-0/data/ratis/a09cde63-bebd-4dee-89e6-80bd95ce9051
2019-10-02 10:55:59,365 [pool-27-thread-1] INFO  server.RaftServerConfigKeys (ConfUtils.java:logGet(43)) - raft.server.log.queue.byte-limit = 2147483647 (custom)
2019-10-02 10:55:59,365 [pool-27-thread-1] INFO  server.RaftServerConfigKeys (ConfUtils.java:logGet(43)) - raft.server.log.queue.element-limit = 1024 (custom)
2019-10-02 10:55:59,366 [pool-27-thread-1] INFO  server.RaftServerConfigKeys (ConfUtils.java:logGet(43)) - raft.server.log.segment.size.max = 1048576 (custom)
2019-10-02 10:55:59,367 [pool-27-thread-1] INFO  server.RaftServerConfigKeys (ConfUtils.java:logGet(43)) - raft.server.log.preallocated.size = 16384 (custom)
2019-10-02 10:55:59,367 [pool-27-thread-1] INFO  server.RaftServerConfigKeys (ConfUtils.java:logGet(43)) - raft.server.log.write.buffer.size = 33554432 (custom)
2019-10-02 10:55:59,368 [pool-27-thread-1] INFO  server.RaftServerConfigKeys (ConfUtils.java:logGet(43)) - raft.server.log.force.sync.num = 128 (default)
2019-10-02 10:55:59,368 [pool-27-thread-1] INFO  server.RaftServerConfigKeys (ConfUtils.java:logGet(43)) - raft.server.log.statemachine.data.sync = true (default)
2019-10-02 10:55:59,369 [pool-27-thread-1] INFO  server.RaftServerConfigKeys (ConfUtils.java:logGet(43)) - raft.server.log.statemachine.data.sync.timeout = 10s (default)
2019-10-02 10:55:59,369 [pool-27-thread-1] INFO  server.RaftServerConfigKeys (ConfUtils.java:logGet(43)) - raft.server.log.statemachine.data.sync.timeout.retry = -1 (default)
2019-10-02 10:55:59,380 [pool-27-thread-1] INFO  server.RaftServerConfigKeys (ConfUtils.java:logGet(43)) - raft.server.log.statemachine.data.caching.enabled = true (custom)
2019-10-02 10:55:59,384 [pool-27-thread-1] INFO  segmented.SegmentedRaftLogWorker (SegmentedRaftLogWorker.java:lambda$new$0(128)) - 7df38282-3a3d-4206-964a-9b3301cd1d1f@group-80BD95CE9051-SegmentedRaftLogWorker: flushIndex: setUnconditionally 0 -> -1
2019-10-02 10:55:59,388 [pool-27-thread-1] INFO  server.RaftServerConfigKeys (ConfUtils.java:logGet(43)) - raft.server.snapshot.auto.trigger.enabled = true (custom)
2019-10-02 10:55:59,389 [pool-27-thread-1] INFO  server.RaftServerConfigKeys (ConfUtils.java:logGet(43)) - raft.server.snapshot.auto.trigger.threshold = 10000 (custom)
2019-10-02 10:55:59,390 [pool-27-thread-1] INFO  server.RaftServerConfigKeys (ConfUtils.java:logGet(43)) - raft.server.snapshot.retention.file.num = 5 (custom)
2019-10-02 10:55:59,390 [pool-27-thread-1] INFO  server.RaftServerConfigKeys (ConfUtils.java:logGet(43)) - raft.server.retrycache.expirytime = 600000ms (custom)
2019-10-02 10:55:59,416 [pool-27-thread-1] INFO  impl.RaftServerImpl (RaftServerImpl.java:start(181)) - 7df38282-3a3d-4206-964a-9b3301cd1d1f@group-80BD95CE9051: start as a follower, conf=-1: [7df38282-3a3d-4206-964a-9b3301cd1d1f:192.168.30.53:34960], old=null
2019-10-02 10:55:59,417 [pool-27-thread-1] INFO  impl.RaftServerImpl (RaftServerImpl.java:setRole(170)) - 7df38282-3a3d-4206-964a-9b3301cd1d1f@group-80BD95CE9051: changes role from      null to FOLLOWER at term 0 for startAsFollower
2019-10-02 10:55:59,418 [pool-27-thread-1] INFO  impl.RoleInfo (RoleInfo.java:updateAndGet(143)) - 7df38282-3a3d-4206-964a-9b3301cd1d1f: start FollowerState
2019-10-02 10:55:59,420 [pool-27-thread-1] INFO  util.JmxRegister (JmxRegister.java:tryRegister(44)) - Successfully registered JMX Bean with object name Ratis:service=RaftServer,group=group-80BD95CE9051,id=7df38282-3a3d-4206-964a-9b3301cd1d1f
2019-10-02 10:55:59,495 [RatisPipelineUtilsThread] INFO  pipeline.PipelineStateManager (PipelineStateManager.java:addPipeline(56)) - Created pipeline Pipeline[ Id: a09cde63-bebd-4dee-89e6-80bd95ce9051, Nodes: 7df38282-3a3d-4206-964a-9b3301cd1d1f{ip: 192.168.30.53, host: pr-trunk-5xjmm-2411255686, networkLocation: /default-rack, certSerialId: null}, Type:RATIS, Factor:ONE, State:OPEN]
2019-10-02 10:55:59,522 [grpc-default-executor-0] INFO  impl.RaftServerProxy (RaftServerProxy.java:addNew(89)) - b25f22f8-54cc-4ffd-bfcd-179cc8cbd7fc: addNew group-3075F34D2FDA:[b25f22f8-54cc-4ffd-bfcd-179cc8cbd7fc:192.168.30.53:42549] returns group-3075F34D2FDA:java.util.concurrent.CompletableFuture@276de99a[Not completed]
2019-10-02 10:55:59,593 [pool-97-thread-1] INFO  impl.RaftServerImpl (RaftServerImpl.java:<init>(95)) - b25f22f8-54cc-4ffd-bfcd-179cc8cbd7fc: new RaftServerImpl for group-3075F34D2FDA:[b25f22f8-54cc-4ffd-bfcd-179cc8cbd7fc:192.168.30.53:42549] with ContainerStateMachine:uninitialized
2019-10-02 10:55:59,595 [pool-97-thread-1] INFO  server.RaftServerConfigKeys (ConfUtils.java:logGet(43)) - raft.server.rpc.timeout.min = 1s (custom)
2019-10-02 10:55:59,595 [pool-97-thread-1] INFO  server.RaftServerConfigKeys (ConfUtils.java:logGet(43)) - raft.server.rpc.timeout.max = 1200ms (custom)
2019-10-02 10:55:59,595 [pool-97-thread-1] INFO  server.RaftServerConfigKeys (ConfUtils.java:logGet(43)) - raft.server.rpcslowness.timeout = 120s (custom)
2019-10-02 10:55:59,595 [pool-97-thread-1] INFO  server.RaftServerConfigKeys (ConfUtils.java:logGet(43)) - raft.server.sleep.deviation.threshold = 300 (default)
2019-10-02 10:55:59,596 [pool-97-thread-1] INFO  server.RaftServerConfigKeys (ConfUtils.java:logGet(43)) - raft.server.log.appender.install.snapshot.enabled = false (custom)
2019-10-02 10:55:59,596 [pool-97-thread-1] INFO  impl.RaftServerImpl (ServerState.java:<init>(103)) - b25f22f8-54cc-4ffd-bfcd-179cc8cbd7fc@group-3075F34D2FDA: ConfigurationManager, init=-1: [b25f22f8-54cc-4ffd-bfcd-179cc8cbd7fc:192.168.30.53:42549], old=null, confs=<EMPTY_MAP>
2019-10-02 10:55:59,596 [pool-97-thread-1] INFO  server.RaftServerConfigKeys (ConfUtils.java:logGet(43)) - raft.server.storage.dir = [/workdir/hadoop-ozone/integration-test/target/test-dir/MiniOzoneClusterImpl-5f261223-23be-4c6b-a914-4b08f19f7d30/datanode-7/data/ratis] (custom)
2019-10-02 10:55:59,596 [pool-97-thread-1] INFO  server.RaftServerConfigKeys (ConfUtils.java:logGet(43)) - raft.server.log.corruption.policy = EXCEPTION (default)
2019-10-02 10:55:59,597 [pool-97-thread-1] INFO  storage.RaftStorageDirectory (RaftStorageDirectory.java:analyzeStorage(246)) - The storage directory /workdir/hadoop-ozone/integration-test/target/test-dir/MiniOzoneClusterImpl-5f261223-23be-4c6b-a914-4b08f19f7d30/datanode-7/data/ratis/6916af86-3e66-467d-b79e-3075f34d2fda does not exist. Creating ...
2019-10-02 10:55:59,635 [pool-97-thread-1] INFO  storage.RaftStorageDirectory (RaftStorageDirectory.java:tryLock(328)) - Lock on /workdir/hadoop-ozone/integration-test/target/test-dir/MiniOzoneClusterImpl-5f261223-23be-4c6b-a914-4b08f19f7d30/datanode-7/data/ratis/6916af86-3e66-467d-b79e-3075f34d2fda/in_use.lock acquired by nodename 9257@pr-trunk-5xjmm-2411255686
2019-10-02 10:55:59,662 [pool-97-thread-1] INFO  storage.RaftStorage (RaftStorage.java:format(84)) - Storage directory /workdir/hadoop-ozone/integration-test/target/test-dir/MiniOzoneClusterImpl-5f261223-23be-4c6b-a914-4b08f19f7d30/datanode-7/data/ratis/6916af86-3e66-467d-b79e-3075f34d2fda has been successfully formatted.
2019-10-02 10:55:59,665 [pool-97-thread-1] INFO  ratis.ContainerStateMachine (ContainerStateMachine.java:loadSnapshot(230)) - group-3075F34D2FDA: The snapshot info is null. Setting the last applied indexto:(t:0, i:~)
2019-10-02 10:55:59,667 [pool-97-thread-1] INFO  server.RaftServerConfigKeys (ConfUtils.java:logGet(43)) - raft.server.notification.no-leader.timeout = 120s (custom)
2019-10-02 10:55:59,667 [pool-97-thread-1] INFO  server.RaftServerConfigKeys (ConfUtils.java:logGet(43)) - raft.server.log.use.memory = false (default)
2019-10-02 10:55:59,667 [pool-97-thread-1] INFO  server.RaftServerConfigKeys (ConfUtils.java:logGet(43)) - raft.server.log.purge.gap = 1000000 (custom)
2019-10-02 10:55:59,668 [pool-97-thread-1] INFO  server.RaftServerConfigKeys (ConfUtils.java:logGet(43)) - raft.server.log.appender.buffer.byte-limit = 33554432 (custom)
2019-10-02 10:55:59,668 [pool-97-thread-1] INFO  server.RaftServerConfigKeys (ConfUtils.java:logGet(43)) - raft.server.log.segment.size.max = 1048576 (custom)
2019-10-02 10:55:59,674 [pool-97-thread-1] INFO  server.RaftServerConfigKeys (ConfUtils.java:logGet(43)) - raft.server.log.segment.cache.num.max = 2 (custom)
2019-10-02 10:55:59,675 [pool-97-thread-1] INFO  segmented.SegmentedRaftLogWorker (SegmentedRaftLogWorker.java:<init>(173)) - new b25f22f8-54cc-4ffd-bfcd-179cc8cbd7fc@group-3075F34D2FDA-SegmentedRaftLogWorker for RaftStorage:Storage Directory /workdir/hadoop-ozone/integration-test/target/test-dir/MiniOzoneClusterImpl-5f261223-23be-4c6b-a914-4b08f19f7d30/datanode-7/data/ratis/6916af86-3e66-467d-b79e-3075f34d2fda
2019-10-02 10:55:59,677 [pool-97-thread-1] INFO  server.RaftServerConfigKeys (ConfUtils.java:logGet(43)) - raft.server.log.queue.byte-limit = 2147483647 (custom)
2019-10-02 10:55:59,677 [pool-97-thread-1] INFO  server.RaftServerConfigKeys (ConfUtils.java:logGet(43)) - raft.server.log.queue.element-limit = 1024 (custom)
2019-10-02 10:55:59,678 [pool-97-thread-1] INFO  server.RaftServerConfigKeys (ConfUtils.java:logGet(43)) - raft.server.log.segment.size.max = 1048576 (custom)
2019-10-02 10:55:59,678 [pool-97-thread-1] INFO  server.RaftServerConfigKeys (ConfUtils.java:logGet(43)) - raft.server.log.preallocated.size = 16384 (custom)
2019-10-02 10:55:59,678 [pool-97-thread-1] INFO  server.RaftServerConfigKeys (ConfUtils.java:logGet(43)) - raft.server.log.write.buffer.size = 33554432 (custom)
2019-10-02 10:55:59,678 [pool-97-thread-1] INFO  server.RaftServerConfigKeys (ConfUtils.java:logGet(43)) - raft.server.log.force.sync.num = 128 (default)
2019-10-02 10:55:59,678 [pool-97-thread-1] INFO  server.RaftServerConfigKeys (ConfUtils.java:logGet(43)) - raft.server.log.statemachine.data.sync = true (default)
2019-10-02 10:55:59,678 [pool-97-thread-1] INFO  server.RaftServerConfigKeys (ConfUtils.java:logGet(43)) - raft.server.log.statemachine.data.sync.timeout = 10s (default)
2019-10-02 10:55:59,679 [pool-97-thread-1] INFO  server.RaftServerConfigKeys (ConfUtils.java:logGet(43)) - raft.server.log.statemachine.data.sync.timeout.retry = -1 (default)
2019-10-02 10:55:59,680 [pool-97-thread-1] INFO  server.RaftServerConfigKeys (ConfUtils.java:logGet(43)) - raft.server.log.statemachine.data.caching.enabled = true (custom)
2019-10-02 10:55:59,680 [pool-97-thread-1] INFO  segmented.SegmentedRaftLogWorker (SegmentedRaftLogWorker.java:lambda$new$0(128)) - b25f22f8-54cc-4ffd-bfcd-179cc8cbd7fc@group-3075F34D2FDA-SegmentedRaftLogWorker: flushIndex: setUnconditionally 0 -> -1
2019-10-02 10:55:59,680 [pool-97-thread-1] INFO  server.RaftServerConfigKeys (ConfUtils.java:logGet(43)) - raft.server.snapshot.auto.trigger.enabled = true (custom)
2019-10-02 10:55:59,681 [pool-97-thread-1] INFO  server.RaftServerConfigKeys (ConfUtils.java:logGet(43)) - raft.server.snapshot.auto.trigger.threshold = 10000 (custom)
2019-10-02 10:55:59,681 [pool-97-thread-1] INFO  server.RaftServerConfigKeys (ConfUtils.java:logGet(43)) - raft.server.snapshot.retention.file.num = 5 (custom)
2019-10-02 10:55:59,681 [pool-97-thread-1] INFO  server.RaftServerConfigKeys (ConfUtils.java:logGet(43)) - raft.server.retrycache.expirytime = 600000ms (custom)
2019-10-02 10:55:59,686 [pool-97-thread-1] INFO  impl.RaftServerImpl (RaftServerImpl.java:start(181)) - b25f22f8-54cc-4ffd-bfcd-179cc8cbd7fc@group-3075F34D2FDA: start as a follower, conf=-1: [b25f22f8-54cc-4ffd-bfcd-179cc8cbd7fc:192.168.30.53:42549], old=null
2019-10-02 10:55:59,686 [pool-97-thread-1] INFO  impl.RaftServerImpl (RaftServerImpl.java:setRole(170)) - b25f22f8-54cc-4ffd-bfcd-179cc8cbd7fc@group-3075F34D2FDA: changes role from      null to FOLLOWER at term 0 for startAsFollower
2019-10-02 10:55:59,686 [pool-97-thread-1] INFO  impl.RoleInfo (RoleInfo.java:updateAndGet(143)) - b25f22f8-54cc-4ffd-bfcd-179cc8cbd7fc: start FollowerState
2019-10-02 10:55:59,689 [pool-97-thread-1] INFO  util.JmxRegister (JmxRegister.java:tryRegister(44)) - Successfully registered JMX Bean with object name Ratis:service=RaftServer,group=group-3075F34D2FDA,id=b25f22f8-54cc-4ffd-bfcd-179cc8cbd7fc
2019-10-02 10:55:59,719 [RatisPipelineUtilsThread] INFO  pipeline.PipelineStateManager (PipelineStateManager.java:addPipeline(56)) - Created pipeline Pipeline[ Id: 6916af86-3e66-467d-b79e-3075f34d2fda, Nodes: b25f22f8-54cc-4ffd-bfcd-179cc8cbd7fc{ip: 192.168.30.53, host: pr-trunk-5xjmm-2411255686, networkLocation: /default-rack, certSerialId: null}, Type:RATIS, Factor:ONE, State:OPEN]
2019-10-02 10:55:59,749 [grpc-default-executor-0] INFO  impl.RaftServerProxy (RaftServerProxy.java:addNew(89)) - d3dffc06-1d6a-4f7a-8294-c2dc8ce35b40: addNew group-A3ADB3AAF53A:[d3dffc06-1d6a-4f7a-8294-c2dc8ce35b40:192.168.30.53:33785] returns group-A3ADB3AAF53A:java.util.concurrent.CompletableFuture@530715f2[Not completed]
2019-10-02 10:55:59,784 [pool-47-thread-1] INFO  impl.RaftServerImpl (RaftServerImpl.java:<init>(95)) - d3dffc06-1d6a-4f7a-8294-c2dc8ce35b40: new RaftServerImpl for group-A3ADB3AAF53A:[d3dffc06-1d6a-4f7a-8294-c2dc8ce35b40:192.168.30.53:33785] with ContainerStateMachine:uninitialized
2019-10-02 10:55:59,784 [pool-47-thread-1] INFO  server.RaftServerConfigKeys (ConfUtils.java:logGet(43)) - raft.server.rpc.timeout.min = 1s (custom)
2019-10-02 10:55:59,784 [pool-47-thread-1] INFO  server.RaftServerConfigKeys (ConfUtils.java:logGet(43)) - raft.server.rpc.timeout.max = 1200ms (custom)
2019-10-02 10:55:59,785 [pool-47-thread-1] INFO  server.RaftServerConfigKeys (ConfUtils.java:logGet(43)) - raft.server.rpcslowness.timeout = 120s (custom)
2019-10-02 10:55:59,785 [pool-47-thread-1] INFO  server.RaftServerConfigKeys (ConfUtils.java:logGet(43)) - raft.server.sleep.deviation.threshold = 300 (default)
2019-10-02 10:55:59,785 [pool-47-thread-1] INFO  server.RaftServerConfigKeys (ConfUtils.java:logGet(43)) - raft.server.log.appender.install.snapshot.enabled = false (custom)
2019-10-02 10:55:59,785 [pool-47-thread-1] INFO  impl.RaftServerImpl (ServerState.java:<init>(103)) - d3dffc06-1d6a-4f7a-8294-c2dc8ce35b40@group-A3ADB3AAF53A: ConfigurationManager, init=-1: [d3dffc06-1d6a-4f7a-8294-c2dc8ce35b40:192.168.30.53:33785], old=null, confs=<EMPTY_MAP>
2019-10-02 10:55:59,785 [pool-47-thread-1] INFO  server.RaftServerConfigKeys (ConfUtils.java:logGet(43)) - raft.server.storage.dir = [/workdir/hadoop-ozone/integration-test/target/test-dir/MiniOzoneClusterImpl-5f261223-23be-4c6b-a914-4b08f19f7d30/datanode-2/data/ratis] (custom)
2019-10-02 10:55:59,786 [pool-47-thread-1] INFO  server.RaftServerConfigKeys (ConfUtils.java:logGet(43)) - raft.server.log.corruption.policy = EXCEPTION (default)
2019-10-02 10:55:59,786 [pool-47-thread-1] INFO  storage.RaftStorageDirectory (RaftStorageDirectory.java:analyzeStorage(246)) - The storage directory /workdir/hadoop-ozone/integration-test/target/test-dir/MiniOzoneClusterImpl-5f261223-23be-4c6b-a914-4b08f19f7d30/datanode-2/data/ratis/02adff54-765b-43b7-bb84-a3adb3aaf53a does not exist. Creating ...
2019-10-02 10:55:59,818 [pool-47-thread-1] INFO  storage.RaftStorageDirectory (RaftStorageDirectory.java:tryLock(328)) - Lock on /workdir/hadoop-ozone/integration-test/target/test-dir/MiniOzoneClusterImpl-5f261223-23be-4c6b-a914-4b08f19f7d30/datanode-2/data/ratis/02adff54-765b-43b7-bb84-a3adb3aaf53a/in_use.lock acquired by nodename 9257@pr-trunk-5xjmm-2411255686
2019-10-02 10:55:59,836 [pool-47-thread-1] INFO  storage.RaftStorage (RaftStorage.java:format(84)) - Storage directory /workdir/hadoop-ozone/integration-test/target/test-dir/MiniOzoneClusterImpl-5f261223-23be-4c6b-a914-4b08f19f7d30/datanode-2/data/ratis/02adff54-765b-43b7-bb84-a3adb3aaf53a has been successfully formatted.
2019-10-02 10:55:59,836 [pool-47-thread-1] INFO  ratis.ContainerStateMachine (ContainerStateMachine.java:loadSnapshot(230)) - group-A3ADB3AAF53A: The snapshot info is null. Setting the last applied indexto:(t:0, i:~)
2019-10-02 10:55:59,836 [pool-47-thread-1] INFO  server.RaftServerConfigKeys (ConfUtils.java:logGet(43)) - raft.server.notification.no-leader.timeout = 120s (custom)
2019-10-02 10:55:59,837 [pool-47-thread-1] INFO  server.RaftServerConfigKeys (ConfUtils.java:logGet(43)) - raft.server.log.use.memory = false (default)
2019-10-02 10:55:59,837 [pool-47-thread-1] INFO  server.RaftServerConfigKeys (ConfUtils.java:logGet(43)) - raft.server.log.purge.gap = 1000000 (custom)
2019-10-02 10:55:59,837 [pool-47-thread-1] INFO  server.RaftServerConfigKeys (ConfUtils.java:logGet(43)) - raft.server.log.appender.buffer.byte-limit = 33554432 (custom)
2019-10-02 10:55:59,837 [pool-47-thread-1] INFO  server.RaftServerConfigKeys (ConfUtils.java:logGet(43)) - raft.server.log.segment.size.max = 1048576 (custom)
2019-10-02 10:55:59,899 [pool-47-thread-1] INFO  server.RaftServerConfigKeys (ConfUtils.java:logGet(43)) - raft.server.log.segment.cache.num.max = 2 (custom)
2019-10-02 10:55:59,899 [pool-47-thread-1] INFO  segmented.SegmentedRaftLogWorker (SegmentedRaftLogWorker.java:<init>(173)) - new d3dffc06-1d6a-4f7a-8294-c2dc8ce35b40@group-A3ADB3AAF53A-SegmentedRaftLogWorker for RaftStorage:Storage Directory /workdir/hadoop-ozone/integration-test/target/test-dir/MiniOzoneClusterImpl-5f261223-23be-4c6b-a914-4b08f19f7d30/datanode-2/data/ratis/02adff54-765b-43b7-bb84-a3adb3aaf53a
2019-10-02 10:55:59,899 [pool-47-thread-1] INFO  server.RaftServerConfigKeys (ConfUtils.java:logGet(43)) - raft.server.log.queue.byte-limit = 2147483647 (custom)
2019-10-02 10:55:59,899 [pool-47-thread-1] INFO  server.RaftServerConfigKeys (ConfUtils.java:logGet(43)) - raft.server.log.queue.element-limit = 1024 (custom)
2019-10-02 10:55:59,899 [pool-47-thread-1] INFO  server.RaftServerConfigKeys (ConfUtils.java:logGet(43)) - raft.server.log.segment.size.max = 1048576 (custom)
2019-10-02 10:55:59,900 [pool-47-thread-1] INFO  server.RaftServerConfigKeys (ConfUtils.java:logGet(43)) - raft.server.log.preallocated.size = 16384 (custom)
2019-10-02 10:55:59,900 [pool-47-thread-1] INFO  server.RaftServerConfigKeys (ConfUtils.java:logGet(43)) - raft.server.log.write.buffer.size = 33554432 (custom)
2019-10-02 10:55:59,900 [pool-47-thread-1] INFO  server.RaftServerConfigKeys (ConfUtils.java:logGet(43)) - raft.server.log.force.sync.num = 128 (default)
2019-10-02 10:55:59,900 [pool-47-thread-1] INFO  server.RaftServerConfigKeys (ConfUtils.java:logGet(43)) - raft.server.log.statemachine.data.sync = true (default)
2019-10-02 10:55:59,900 [pool-47-thread-1] INFO  server.RaftServerConfigKeys (ConfUtils.java:logGet(43)) - raft.server.log.statemachine.data.sync.timeout = 10s (default)
2019-10-02 10:55:59,900 [pool-47-thread-1] INFO  server.RaftServerConfigKeys (ConfUtils.java:logGet(43)) - raft.server.log.statemachine.data.sync.timeout.retry = -1 (default)
2019-10-02 10:55:59,901 [pool-47-thread-1] INFO  server.RaftServerConfigKeys (ConfUtils.java:logGet(43)) - raft.server.log.statemachine.data.caching.enabled = true (custom)
2019-10-02 10:55:59,901 [pool-47-thread-1] INFO  segmented.SegmentedRaftLogWorker (SegmentedRaftLogWorker.java:lambda$new$0(128)) - d3dffc06-1d6a-4f7a-8294-c2dc8ce35b40@group-A3ADB3AAF53A-SegmentedRaftLogWorker: flushIndex: setUnconditionally 0 -> -1
2019-10-02 10:55:59,901 [pool-47-thread-1] INFO  server.RaftServerConfigKeys (ConfUtils.java:logGet(43)) - raft.server.snapshot.auto.trigger.enabled = true (custom)
2019-10-02 10:55:59,902 [pool-47-thread-1] INFO  server.RaftServerConfigKeys (ConfUtils.java:logGet(43)) - raft.server.snapshot.auto.trigger.threshold = 10000 (custom)
2019-10-02 10:55:59,902 [pool-47-thread-1] INFO  server.RaftServerConfigKeys (ConfUtils.java:logGet(43)) - raft.server.snapshot.retention.file.num = 5 (custom)
2019-10-02 10:55:59,902 [pool-47-thread-1] INFO  server.RaftServerConfigKeys (ConfUtils.java:logGet(43)) - raft.server.retrycache.expirytime = 600000ms (custom)
2019-10-02 10:55:59,906 [pool-47-thread-1] INFO  impl.RaftServerImpl (RaftServerImpl.java:start(181)) - d3dffc06-1d6a-4f7a-8294-c2dc8ce35b40@group-A3ADB3AAF53A: start as a follower, conf=-1: [d3dffc06-1d6a-4f7a-8294-c2dc8ce35b40:192.168.30.53:33785], old=null
2019-10-02 10:55:59,906 [pool-47-thread-1] INFO  impl.RaftServerImpl (RaftServerImpl.java:setRole(170)) - d3dffc06-1d6a-4f7a-8294-c2dc8ce35b40@group-A3ADB3AAF53A: changes role from      null to FOLLOWER at term 0 for startAsFollower
2019-10-02 10:55:59,906 [pool-47-thread-1] INFO  impl.RoleInfo (RoleInfo.java:updateAndGet(143)) - d3dffc06-1d6a-4f7a-8294-c2dc8ce35b40: start FollowerState
2019-10-02 10:55:59,906 [pool-47-thread-1] INFO  util.JmxRegister (JmxRegister.java:tryRegister(44)) - Successfully registered JMX Bean with object name Ratis:service=RaftServer,group=group-A3ADB3AAF53A,id=d3dffc06-1d6a-4f7a-8294-c2dc8ce35b40
2019-10-02 10:55:59,941 [RatisPipelineUtilsThread] INFO  pipeline.PipelineStateManager (PipelineStateManager.java:addPipeline(56)) - Created pipeline Pipeline[ Id: 02adff54-765b-43b7-bb84-a3adb3aaf53a, Nodes: d3dffc06-1d6a-4f7a-8294-c2dc8ce35b40{ip: 192.168.30.53, host: pr-trunk-5xjmm-2411255686, networkLocation: /default-rack, certSerialId: null}, Type:RATIS, Factor:ONE, State:OPEN]
2019-10-02 10:55:59,974 [grpc-default-executor-0] INFO  impl.RaftServerProxy (RaftServerProxy.java:addNew(89)) - aafbe2ba-816f-4d3a-bbb1-a8f59b8799f5: addNew group-E15FF9DC8DE1:[aafbe2ba-816f-4d3a-bbb1-a8f59b8799f5:192.168.30.53:38876] returns group-E15FF9DC8DE1:java.util.concurrent.CompletableFuture@58fa0bc7[Not completed]
2019-10-02 10:56:00,033 [pool-77-thread-1] INFO  impl.RaftServerImpl (RaftServerImpl.java:<init>(95)) - aafbe2ba-816f-4d3a-bbb1-a8f59b8799f5: new RaftServerImpl for group-E15FF9DC8DE1:[aafbe2ba-816f-4d3a-bbb1-a8f59b8799f5:192.168.30.53:38876] with ContainerStateMachine:uninitialized
2019-10-02 10:56:00,033 [pool-77-thread-1] INFO  server.RaftServerConfigKeys (ConfUtils.java:logGet(43)) - raft.server.rpc.timeout.min = 1s (custom)
2019-10-02 10:56:00,033 [pool-77-thread-1] INFO  server.RaftServerConfigKeys (ConfUtils.java:logGet(43)) - raft.server.rpc.timeout.max = 1200ms (custom)
2019-10-02 10:56:00,034 [pool-77-thread-1] INFO  server.RaftServerConfigKeys (ConfUtils.java:logGet(43)) - raft.server.rpcslowness.timeout = 120s (custom)
2019-10-02 10:56:00,034 [pool-77-thread-1] INFO  server.RaftServerConfigKeys (ConfUtils.java:logGet(43)) - raft.server.sleep.deviation.threshold = 300 (default)
2019-10-02 10:56:00,034 [pool-77-thread-1] INFO  server.RaftServerConfigKeys (ConfUtils.java:logGet(43)) - raft.server.log.appender.install.snapshot.enabled = false (custom)
2019-10-02 10:56:00,034 [pool-77-thread-1] INFO  impl.RaftServerImpl (ServerState.java:<init>(103)) - aafbe2ba-816f-4d3a-bbb1-a8f59b8799f5@group-E15FF9DC8DE1: ConfigurationManager, init=-1: [aafbe2ba-816f-4d3a-bbb1-a8f59b8799f5:192.168.30.53:38876], old=null, confs=<EMPTY_MAP>
2019-10-02 10:56:00,034 [pool-77-thread-1] INFO  server.RaftServerConfigKeys (ConfUtils.java:logGet(43)) - raft.server.storage.dir = [/workdir/hadoop-ozone/integration-test/target/test-dir/MiniOzoneClusterImpl-5f261223-23be-4c6b-a914-4b08f19f7d30/datanode-5/data/ratis] (custom)
2019-10-02 10:56:00,035 [pool-77-thread-1] INFO  server.RaftServerConfigKeys (ConfUtils.java:logGet(43)) - raft.server.log.corruption.policy = EXCEPTION (default)
2019-10-02 10:56:00,035 [pool-77-thread-1] INFO  storage.RaftStorageDirectory (RaftStorageDirectory.java:analyzeStorage(246)) - The storage directory /workdir/hadoop-ozone/integration-test/target/test-dir/MiniOzoneClusterImpl-5f261223-23be-4c6b-a914-4b08f19f7d30/datanode-5/data/ratis/0aae0731-5b30-4031-b6b5-e15ff9dc8de1 does not exist. Creating ...
2019-10-02 10:56:00,070 [pool-77-thread-1] INFO  storage.RaftStorageDirectory (RaftStorageDirectory.java:tryLock(328)) - Lock on /workdir/hadoop-ozone/integration-test/target/test-dir/MiniOzoneClusterImpl-5f261223-23be-4c6b-a914-4b08f19f7d30/datanode-5/data/ratis/0aae0731-5b30-4031-b6b5-e15ff9dc8de1/in_use.lock acquired by nodename 9257@pr-trunk-5xjmm-2411255686
2019-10-02 10:56:00,109 [pool-77-thread-1] INFO  storage.RaftStorage (RaftStorage.java:format(84)) - Storage directory /workdir/hadoop-ozone/integration-test/target/test-dir/MiniOzoneClusterImpl-5f261223-23be-4c6b-a914-4b08f19f7d30/datanode-5/data/ratis/0aae0731-5b30-4031-b6b5-e15ff9dc8de1 has been successfully formatted.
2019-10-02 10:56:00,110 [pool-77-thread-1] INFO  ratis.ContainerStateMachine (ContainerStateMachine.java:loadSnapshot(230)) - group-E15FF9DC8DE1: The snapshot info is null. Setting the last applied indexto:(t:0, i:~)
2019-10-02 10:56:00,110 [pool-77-thread-1] INFO  server.RaftServerConfigKeys (ConfUtils.java:logGet(43)) - raft.server.notification.no-leader.timeout = 120s (custom)
2019-10-02 10:56:00,110 [pool-77-thread-1] INFO  server.RaftServerConfigKeys (ConfUtils.java:logGet(43)) - raft.server.log.use.memory = false (default)
2019-10-02 10:56:00,110 [pool-77-thread-1] INFO  server.RaftServerConfigKeys (ConfUtils.java:logGet(43)) - raft.server.log.purge.gap = 1000000 (custom)
2019-10-02 10:56:00,110 [pool-77-thread-1] INFO  server.RaftServerConfigKeys (ConfUtils.java:logGet(43)) - raft.server.log.appender.buffer.byte-limit = 33554432 (custom)
2019-10-02 10:56:00,111 [pool-77-thread-1] INFO  server.RaftServerConfigKeys (ConfUtils.java:logGet(43)) - raft.server.log.segment.size.max = 1048576 (custom)
2019-10-02 10:56:00,115 [pool-77-thread-1] INFO  server.RaftServerConfigKeys (ConfUtils.java:logGet(43)) - raft.server.log.segment.cache.num.max = 2 (custom)
2019-10-02 10:56:00,115 [pool-77-thread-1] INFO  segmented.SegmentedRaftLogWorker (SegmentedRaftLogWorker.java:<init>(173)) - new aafbe2ba-816f-4d3a-bbb1-a8f59b8799f5@group-E15FF9DC8DE1-SegmentedRaftLogWorker for RaftStorage:Storage Directory /workdir/hadoop-ozone/integration-test/target/test-dir/MiniOzoneClusterImpl-5f261223-23be-4c6b-a914-4b08f19f7d30/datanode-5/data/ratis/0aae0731-5b30-4031-b6b5-e15ff9dc8de1
2019-10-02 10:56:00,115 [pool-77-thread-1] INFO  server.RaftServerConfigKeys (ConfUtils.java:logGet(43)) - raft.server.log.queue.byte-limit = 2147483647 (custom)
2019-10-02 10:56:00,115 [pool-77-thread-1] INFO  server.RaftServerConfigKeys (ConfUtils.java:logGet(43)) - raft.server.log.queue.element-limit = 1024 (custom)
2019-10-02 10:56:00,115 [pool-77-thread-1] INFO  server.RaftServerConfigKeys (ConfUtils.java:logGet(43)) - raft.server.log.segment.size.max = 1048576 (custom)
2019-10-02 10:56:00,115 [pool-77-thread-1] INFO  server.RaftServerConfigKeys (ConfUtils.java:logGet(43)) - raft.server.log.preallocated.size = 16384 (custom)
2019-10-02 10:56:00,116 [pool-77-thread-1] INFO  server.RaftServerConfigKeys (ConfUtils.java:logGet(43)) - raft.server.log.write.buffer.size = 33554432 (custom)
2019-10-02 10:56:00,116 [pool-77-thread-1] INFO  server.RaftServerConfigKeys (ConfUtils.java:logGet(43)) - raft.server.log.force.sync.num = 128 (default)
2019-10-02 10:56:00,116 [pool-77-thread-1] INFO  server.RaftServerConfigKeys (ConfUtils.java:logGet(43)) - raft.server.log.statemachine.data.sync = true (default)
2019-10-02 10:56:00,116 [pool-77-thread-1] INFO  server.RaftServerConfigKeys (ConfUtils.java:logGet(43)) - raft.server.log.statemachine.data.sync.timeout = 10s (default)
2019-10-02 10:56:00,116 [pool-77-thread-1] INFO  server.RaftServerConfigKeys (ConfUtils.java:logGet(43)) - raft.server.log.statemachine.data.sync.timeout.retry = -1 (default)
2019-10-02 10:56:00,117 [pool-77-thread-1] INFO  server.RaftServerConfigKeys (ConfUtils.java:logGet(43)) - raft.server.log.statemachine.data.caching.enabled = true (custom)
2019-10-02 10:56:00,117 [pool-77-thread-1] INFO  segmented.SegmentedRaftLogWorker (SegmentedRaftLogWorker.java:lambda$new$0(128)) - aafbe2ba-816f-4d3a-bbb1-a8f59b8799f5@group-E15FF9DC8DE1-SegmentedRaftLogWorker: flushIndex: setUnconditionally 0 -> -1
2019-10-02 10:56:00,118 [pool-77-thread-1] INFO  server.RaftServerConfigKeys (ConfUtils.java:logGet(43)) - raft.server.snapshot.auto.trigger.enabled = true (custom)
2019-10-02 10:56:00,118 [pool-77-thread-1] INFO  server.RaftServerConfigKeys (ConfUtils.java:logGet(43)) - raft.server.snapshot.auto.trigger.threshold = 10000 (custom)
2019-10-02 10:56:00,118 [pool-77-thread-1] INFO  server.RaftServerConfigKeys (ConfUtils.java:logGet(43)) - raft.server.snapshot.retention.file.num = 5 (custom)
2019-10-02 10:56:00,118 [pool-77-thread-1] INFO  server.RaftServerConfigKeys (ConfUtils.java:logGet(43)) - raft.server.retrycache.expirytime = 600000ms (custom)
2019-10-02 10:56:00,121 [pool-77-thread-1] INFO  impl.RaftServerImpl (RaftServerImpl.java:start(181)) - aafbe2ba-816f-4d3a-bbb1-a8f59b8799f5@group-E15FF9DC8DE1: start as a follower, conf=-1: [aafbe2ba-816f-4d3a-bbb1-a8f59b8799f5:192.168.30.53:38876], old=null
2019-10-02 10:56:00,121 [pool-77-thread-1] INFO  impl.RaftServerImpl (RaftServerImpl.java:setRole(170)) - aafbe2ba-816f-4d3a-bbb1-a8f59b8799f5@group-E15FF9DC8DE1: changes role from      null to FOLLOWER at term 0 for startAsFollower
2019-10-02 10:56:00,122 [pool-77-thread-1] INFO  impl.RoleInfo (RoleInfo.java:updateAndGet(143)) - aafbe2ba-816f-4d3a-bbb1-a8f59b8799f5: start FollowerState
2019-10-02 10:56:00,122 [pool-77-thread-1] INFO  util.JmxRegister (JmxRegister.java:tryRegister(44)) - Successfully registered JMX Bean with object name Ratis:service=RaftServer,group=group-E15FF9DC8DE1,id=aafbe2ba-816f-4d3a-bbb1-a8f59b8799f5
2019-10-02 10:56:00,146 [RatisPipelineUtilsThread] INFO  pipeline.PipelineStateManager (PipelineStateManager.java:addPipeline(56)) - Created pipeline Pipeline[ Id: 0aae0731-5b30-4031-b6b5-e15ff9dc8de1, Nodes: aafbe2ba-816f-4d3a-bbb1-a8f59b8799f5{ip: 192.168.30.53, host: pr-trunk-5xjmm-2411255686, networkLocation: /default-rack, certSerialId: null}, Type:RATIS, Factor:ONE, State:OPEN]
2019-10-02 10:56:00,165 [grpc-default-executor-0] INFO  impl.RaftServerProxy (RaftServerProxy.java:addNew(89)) - 8430a53a-9f01-498d-8c8f-dce4ce45751c: addNew group-9671E89817FA:[8430a53a-9f01-498d-8c8f-dce4ce45751c:192.168.30.53:38350] returns group-9671E89817FA:java.util.concurrent.CompletableFuture@fa2dd91[Not completed]
2019-10-02 10:56:00,174 [pool-67-thread-1] INFO  impl.RaftServerImpl (RaftServerImpl.java:<init>(95)) - 8430a53a-9f01-498d-8c8f-dce4ce45751c: new RaftServerImpl for group-9671E89817FA:[8430a53a-9f01-498d-8c8f-dce4ce45751c:192.168.30.53:38350] with ContainerStateMachine:uninitialized
2019-10-02 10:56:00,174 [pool-67-thread-1] INFO  server.RaftServerConfigKeys (ConfUtils.java:logGet(43)) - raft.server.rpc.timeout.min = 1s (custom)
2019-10-02 10:56:00,174 [pool-67-thread-1] INFO  server.RaftServerConfigKeys (ConfUtils.java:logGet(43)) - raft.server.rpc.timeout.max = 1200ms (custom)
2019-10-02 10:56:00,174 [pool-67-thread-1] INFO  server.RaftServerConfigKeys (ConfUtils.java:logGet(43)) - raft.server.rpcslowness.timeout = 120s (custom)
2019-10-02 10:56:00,174 [pool-67-thread-1] INFO  server.RaftServerConfigKeys (ConfUtils.java:logGet(43)) - raft.server.sleep.deviation.threshold = 300 (default)
2019-10-02 10:56:00,174 [pool-67-thread-1] INFO  server.RaftServerConfigKeys (ConfUtils.java:logGet(43)) - raft.server.log.appender.install.snapshot.enabled = false (custom)
2019-10-02 10:56:00,174 [pool-67-thread-1] INFO  impl.RaftServerImpl (ServerState.java:<init>(103)) - 8430a53a-9f01-498d-8c8f-dce4ce45751c@group-9671E89817FA: ConfigurationManager, init=-1: [8430a53a-9f01-498d-8c8f-dce4ce45751c:192.168.30.53:38350], old=null, confs=<EMPTY_MAP>
2019-10-02 10:56:00,174 [pool-67-thread-1] INFO  server.RaftServerConfigKeys (ConfUtils.java:logGet(43)) - raft.server.storage.dir = [/workdir/hadoop-ozone/integration-test/target/test-dir/MiniOzoneClusterImpl-5f261223-23be-4c6b-a914-4b08f19f7d30/datanode-4/data/ratis] (custom)
2019-10-02 10:56:00,175 [pool-67-thread-1] INFO  server.RaftServerConfigKeys (ConfUtils.java:logGet(43)) - raft.server.log.corruption.policy = EXCEPTION (default)
2019-10-02 10:56:00,175 [pool-67-thread-1] INFO  storage.RaftStorageDirectory (RaftStorageDirectory.java:analyzeStorage(246)) - The storage directory /workdir/hadoop-ozone/integration-test/target/test-dir/MiniOzoneClusterImpl-5f261223-23be-4c6b-a914-4b08f19f7d30/datanode-4/data/ratis/4eb3dafa-1792-4049-a840-9671e89817fa does not exist. Creating ...
2019-10-02 10:56:00,203 [pool-67-thread-1] INFO  storage.RaftStorageDirectory (RaftStorageDirectory.java:tryLock(328)) - Lock on /workdir/hadoop-ozone/integration-test/target/test-dir/MiniOzoneClusterImpl-5f261223-23be-4c6b-a914-4b08f19f7d30/datanode-4/data/ratis/4eb3dafa-1792-4049-a840-9671e89817fa/in_use.lock acquired by nodename 9257@pr-trunk-5xjmm-2411255686
2019-10-02 10:56:00,206 [main] INFO  ozone.MiniOzoneClusterImpl (MiniOzoneClusterImpl.java:lambda$waitForClusterToBeReady$0(147)) - Cluster is ready. Got 10 of 10 DN Heartbeats.
2019-10-02 10:56:00,229 [pool-67-thread-1] INFO  storage.RaftStorage (RaftStorage.java:format(84)) - Storage directory /workdir/hadoop-ozone/integration-test/target/test-dir/MiniOzoneClusterImpl-5f261223-23be-4c6b-a914-4b08f19f7d30/datanode-4/data/ratis/4eb3dafa-1792-4049-a840-9671e89817fa has been successfully formatted.
2019-10-02 10:56:00,230 [pool-67-thread-1] INFO  ratis.ContainerStateMachine (ContainerStateMachine.java:loadSnapshot(230)) - group-9671E89817FA: The snapshot info is null. Setting the last applied indexto:(t:0, i:~)
2019-10-02 10:56:00,230 [pool-67-thread-1] INFO  server.RaftServerConfigKeys (ConfUtils.java:logGet(43)) - raft.server.notification.no-leader.timeout = 120s (custom)
2019-10-02 10:56:00,230 [pool-67-thread-1] INFO  server.RaftServerConfigKeys (ConfUtils.java:logGet(43)) - raft.server.log.use.memory = false (default)
2019-10-02 10:56:00,230 [pool-67-thread-1] INFO  server.RaftServerConfigKeys (ConfUtils.java:logGet(43)) - raft.server.log.purge.gap = 1000000 (custom)
2019-10-02 10:56:00,230 [pool-67-thread-1] INFO  server.RaftServerConfigKeys (ConfUtils.java:logGet(43)) - raft.server.log.appender.buffer.byte-limit = 33554432 (custom)
2019-10-02 10:56:00,230 [pool-67-thread-1] INFO  server.RaftServerConfigKeys (ConfUtils.java:logGet(43)) - raft.server.log.segment.size.max = 1048576 (custom)
2019-10-02 10:56:00,233 [pool-67-thread-1] INFO  server.RaftServerConfigKeys (ConfUtils.java:logGet(43)) - raft.server.log.segment.cache.num.max = 2 (custom)
2019-10-02 10:56:00,233 [pool-67-thread-1] INFO  segmented.SegmentedRaftLogWorker (SegmentedRaftLogWorker.java:<init>(173)) - new 8430a53a-9f01-498d-8c8f-dce4ce45751c@group-9671E89817FA-SegmentedRaftLogWorker for RaftStorage:Storage Directory /workdir/hadoop-ozone/integration-test/target/test-dir/MiniOzoneClusterImpl-5f261223-23be-4c6b-a914-4b08f19f7d30/datanode-4/data/ratis/4eb3dafa-1792-4049-a840-9671e89817fa
2019-10-02 10:56:00,233 [pool-67-thread-1] INFO  server.RaftServerConfigKeys (ConfUtils.java:logGet(43)) - raft.server.log.queue.byte-limit = 2147483647 (custom)
2019-10-02 10:56:00,233 [pool-67-thread-1] INFO  server.RaftServerConfigKeys (ConfUtils.java:logGet(43)) - raft.server.log.queue.element-limit = 1024 (custom)
2019-10-02 10:56:00,233 [pool-67-thread-1] INFO  server.RaftServerConfigKeys (ConfUtils.java:logGet(43)) - raft.server.log.segment.size.max = 1048576 (custom)
2019-10-02 10:56:00,233 [pool-67-thread-1] INFO  server.RaftServerConfigKeys (ConfUtils.java:logGet(43)) - raft.server.log.preallocated.size = 16384 (custom)
2019-10-02 10:56:00,233 [pool-67-thread-1] INFO  server.RaftServerConfigKeys (ConfUtils.java:logGet(43)) - raft.server.log.write.buffer.size = 33554432 (custom)
2019-10-02 10:56:00,234 [pool-67-thread-1] INFO  server.RaftServerConfigKeys (ConfUtils.java:logGet(43)) - raft.server.log.force.sync.num = 128 (default)
2019-10-02 10:56:00,234 [pool-67-thread-1] INFO  server.RaftServerConfigKeys (ConfUtils.java:logGet(43)) - raft.server.log.statemachine.data.sync = true (default)
2019-10-02 10:56:00,234 [pool-67-thread-1] INFO  server.RaftServerConfigKeys (ConfUtils.java:logGet(43)) - raft.server.log.statemachine.data.sync.timeout = 10s (default)
2019-10-02 10:56:00,234 [pool-67-thread-1] INFO  server.RaftServerConfigKeys (ConfUtils.java:logGet(43)) - raft.server.log.statemachine.data.sync.timeout.retry = -1 (default)
2019-10-02 10:56:00,234 [pool-67-thread-1] INFO  server.RaftServerConfigKeys (ConfUtils.java:logGet(43)) - raft.server.log.statemachine.data.caching.enabled = true (custom)
2019-10-02 10:56:00,235 [pool-67-thread-1] INFO  segmented.SegmentedRaftLogWorker (SegmentedRaftLogWorker.java:lambda$new$0(128)) - 8430a53a-9f01-498d-8c8f-dce4ce45751c@group-9671E89817FA-SegmentedRaftLogWorker: flushIndex: setUnconditionally 0 -> -1
2019-10-02 10:56:00,235 [pool-67-thread-1] INFO  server.RaftServerConfigKeys (ConfUtils.java:logGet(43)) - raft.server.snapshot.auto.trigger.enabled = true (custom)
2019-10-02 10:56:00,235 [pool-67-thread-1] INFO  server.RaftServerConfigKeys (ConfUtils.java:logGet(43)) - raft.server.snapshot.auto.trigger.threshold = 10000 (custom)
2019-10-02 10:56:00,235 [pool-67-thread-1] INFO  server.RaftServerConfigKeys (ConfUtils.java:logGet(43)) - raft.server.snapshot.retention.file.num = 5 (custom)
2019-10-02 10:56:00,235 [pool-67-thread-1] INFO  server.RaftServerConfigKeys (ConfUtils.java:logGet(43)) - raft.server.retrycache.expirytime = 600000ms (custom)
2019-10-02 10:56:00,237 [pool-67-thread-1] INFO  impl.RaftServerImpl (RaftServerImpl.java:start(181)) - 8430a53a-9f01-498d-8c8f-dce4ce45751c@group-9671E89817FA: start as a follower, conf=-1: [8430a53a-9f01-498d-8c8f-dce4ce45751c:192.168.30.53:38350], old=null
2019-10-02 10:56:00,237 [pool-67-thread-1] INFO  impl.RaftServerImpl (RaftServerImpl.java:setRole(170)) - 8430a53a-9f01-498d-8c8f-dce4ce45751c@group-9671E89817FA: changes role from      null to FOLLOWER at term 0 for startAsFollower
2019-10-02 10:56:00,238 [pool-67-thread-1] INFO  impl.RoleInfo (RoleInfo.java:updateAndGet(143)) - 8430a53a-9f01-498d-8c8f-dce4ce45751c: start FollowerState
2019-10-02 10:56:00,238 [pool-67-thread-1] INFO  util.JmxRegister (JmxRegister.java:tryRegister(44)) - Successfully registered JMX Bean with object name Ratis:service=RaftServer,group=group-9671E89817FA,id=8430a53a-9f01-498d-8c8f-dce4ce45751c
2019-10-02 10:56:00,256 [RatisPipelineUtilsThread] INFO  pipeline.PipelineStateManager (PipelineStateManager.java:addPipeline(56)) - Created pipeline Pipeline[ Id: 4eb3dafa-1792-4049-a840-9671e89817fa, Nodes: 8430a53a-9f01-498d-8c8f-dce4ce45751c{ip: 192.168.30.53, host: pr-trunk-5xjmm-2411255686, networkLocation: /default-rack, certSerialId: null}, Type:RATIS, Factor:ONE, State:OPEN]
2019-10-02 10:56:00,276 [grpc-default-executor-0] INFO  impl.RaftServerProxy (RaftServerProxy.java:addNew(89)) - 29e87443-95b0-4e72-8a30-e6a8d307cc03: addNew group-D24086775EB0:[29e87443-95b0-4e72-8a30-e6a8d307cc03:192.168.30.53:41099] returns group-D24086775EB0:java.util.concurrent.CompletableFuture@e4d989b[Not completed]
2019-10-02 10:56:00,285 [pool-57-thread-1] INFO  impl.RaftServerImpl (RaftServerImpl.java:<init>(95)) - 29e87443-95b0-4e72-8a30-e6a8d307cc03: new RaftServerImpl for group-D24086775EB0:[29e87443-95b0-4e72-8a30-e6a8d307cc03:192.168.30.53:41099] with ContainerStateMachine:uninitialized
2019-10-02 10:56:00,285 [pool-57-thread-1] INFO  server.RaftServerConfigKeys (ConfUtils.java:logGet(43)) - raft.server.rpc.timeout.min = 1s (custom)
2019-10-02 10:56:00,286 [pool-57-thread-1] INFO  server.RaftServerConfigKeys (ConfUtils.java:logGet(43)) - raft.server.rpc.timeout.max = 1200ms (custom)
2019-10-02 10:56:00,286 [pool-57-thread-1] INFO  server.RaftServerConfigKeys (ConfUtils.java:logGet(43)) - raft.server.rpcslowness.timeout = 120s (custom)
2019-10-02 10:56:00,286 [pool-57-thread-1] INFO  server.RaftServerConfigKeys (ConfUtils.java:logGet(43)) - raft.server.sleep.deviation.threshold = 300 (default)
2019-10-02 10:56:00,286 [pool-57-thread-1] INFO  server.RaftServerConfigKeys (ConfUtils.java:logGet(43)) - raft.server.log.appender.install.snapshot.enabled = false (custom)
2019-10-02 10:56:00,286 [pool-57-thread-1] INFO  impl.RaftServerImpl (ServerState.java:<init>(103)) - 29e87443-95b0-4e72-8a30-e6a8d307cc03@group-D24086775EB0: ConfigurationManager, init=-1: [29e87443-95b0-4e72-8a30-e6a8d307cc03:192.168.30.53:41099], old=null, confs=<EMPTY_MAP>
2019-10-02 10:56:00,286 [pool-57-thread-1] INFO  server.RaftServerConfigKeys (ConfUtils.java:logGet(43)) - raft.server.storage.dir = [/workdir/hadoop-ozone/integration-test/target/test-dir/MiniOzoneClusterImpl-5f261223-23be-4c6b-a914-4b08f19f7d30/datanode-3/data/ratis] (custom)
2019-10-02 10:56:00,287 [pool-57-thread-1] INFO  server.RaftServerConfigKeys (ConfUtils.java:logGet(43)) - raft.server.log.corruption.policy = EXCEPTION (default)
2019-10-02 10:56:00,287 [pool-57-thread-1] INFO  storage.RaftStorageDirectory (RaftStorageDirectory.java:analyzeStorage(246)) - The storage directory /workdir/hadoop-ozone/integration-test/target/test-dir/MiniOzoneClusterImpl-5f261223-23be-4c6b-a914-4b08f19f7d30/datanode-3/data/ratis/5caac4b9-f491-446c-b182-d24086775eb0 does not exist. Creating ...
2019-10-02 10:56:00,316 [pool-57-thread-1] INFO  storage.RaftStorageDirectory (RaftStorageDirectory.java:tryLock(328)) - Lock on /workdir/hadoop-ozone/integration-test/target/test-dir/MiniOzoneClusterImpl-5f261223-23be-4c6b-a914-4b08f19f7d30/datanode-3/data/ratis/5caac4b9-f491-446c-b182-d24086775eb0/in_use.lock acquired by nodename 9257@pr-trunk-5xjmm-2411255686
2019-10-02 10:56:00,343 [pool-57-thread-1] INFO  storage.RaftStorage (RaftStorage.java:format(84)) - Storage directory /workdir/hadoop-ozone/integration-test/target/test-dir/MiniOzoneClusterImpl-5f261223-23be-4c6b-a914-4b08f19f7d30/datanode-3/data/ratis/5caac4b9-f491-446c-b182-d24086775eb0 has been successfully formatted.
2019-10-02 10:56:00,343 [pool-57-thread-1] INFO  ratis.ContainerStateMachine (ContainerStateMachine.java:loadSnapshot(230)) - group-D24086775EB0: The snapshot info is null. Setting the last applied indexto:(t:0, i:~)
2019-10-02 10:56:00,343 [pool-57-thread-1] INFO  server.RaftServerConfigKeys (ConfUtils.java:logGet(43)) - raft.server.notification.no-leader.timeout = 120s (custom)
2019-10-02 10:56:00,343 [pool-57-thread-1] INFO  server.RaftServerConfigKeys (ConfUtils.java:logGet(43)) - raft.server.log.use.memory = false (default)
2019-10-02 10:56:00,344 [pool-57-thread-1] INFO  server.RaftServerConfigKeys (ConfUtils.java:logGet(43)) - raft.server.log.purge.gap = 1000000 (custom)
2019-10-02 10:56:00,344 [pool-57-thread-1] INFO  server.RaftServerConfigKeys (ConfUtils.java:logGet(43)) - raft.server.log.appender.buffer.byte-limit = 33554432 (custom)
2019-10-02 10:56:00,344 [pool-57-thread-1] INFO  server.RaftServerConfigKeys (ConfUtils.java:logGet(43)) - raft.server.log.segment.size.max = 1048576 (custom)
2019-10-02 10:56:00,347 [pool-57-thread-1] INFO  server.RaftServerConfigKeys (ConfUtils.java:logGet(43)) - raft.server.log.segment.cache.num.max = 2 (custom)
2019-10-02 10:56:00,347 [pool-57-thread-1] INFO  segmented.SegmentedRaftLogWorker (SegmentedRaftLogWorker.java:<init>(173)) - new 29e87443-95b0-4e72-8a30-e6a8d307cc03@group-D24086775EB0-SegmentedRaftLogWorker for RaftStorage:Storage Directory /workdir/hadoop-ozone/integration-test/target/test-dir/MiniOzoneClusterImpl-5f261223-23be-4c6b-a914-4b08f19f7d30/datanode-3/data/ratis/5caac4b9-f491-446c-b182-d24086775eb0
2019-10-02 10:56:00,347 [pool-57-thread-1] INFO  server.RaftServerConfigKeys (ConfUtils.java:logGet(43)) - raft.server.log.queue.byte-limit = 2147483647 (custom)
2019-10-02 10:56:00,347 [pool-57-thread-1] INFO  server.RaftServerConfigKeys (ConfUtils.java:logGet(43)) - raft.server.log.queue.element-limit = 1024 (custom)
2019-10-02 10:56:00,347 [pool-57-thread-1] INFO  server.RaftServerConfigKeys (ConfUtils.java:logGet(43)) - raft.server.log.segment.size.max = 1048576 (custom)
2019-10-02 10:56:00,347 [pool-57-thread-1] INFO  server.RaftServerConfigKeys (ConfUtils.java:logGet(43)) - raft.server.log.preallocated.size = 16384 (custom)
2019-10-02 10:56:00,348 [pool-57-thread-1] INFO  server.RaftServerConfigKeys (ConfUtils.java:logGet(43)) - raft.server.log.write.buffer.size = 33554432 (custom)
2019-10-02 10:56:00,348 [pool-57-thread-1] INFO  server.RaftServerConfigKeys (ConfUtils.java:logGet(43)) - raft.server.log.force.sync.num = 128 (default)
2019-10-02 10:56:00,348 [pool-57-thread-1] INFO  server.RaftServerConfigKeys (ConfUtils.java:logGet(43)) - raft.server.log.statemachine.data.sync = true (default)
2019-10-02 10:56:00,348 [pool-57-thread-1] INFO  server.RaftServerConfigKeys (ConfUtils.java:logGet(43)) - raft.server.log.statemachine.data.sync.timeout = 10s (default)
2019-10-02 10:56:00,348 [pool-57-thread-1] INFO  server.RaftServerConfigKeys (ConfUtils.java:logGet(43)) - raft.server.log.statemachine.data.sync.timeout.retry = -1 (default)
2019-10-02 10:56:00,349 [pool-57-thread-1] INFO  server.RaftServerConfigKeys (ConfUtils.java:logGet(43)) - raft.server.log.statemachine.data.caching.enabled = true (custom)
2019-10-02 10:56:00,349 [pool-57-thread-1] INFO  segmented.SegmentedRaftLogWorker (SegmentedRaftLogWorker.java:lambda$new$0(128)) - 29e87443-95b0-4e72-8a30-e6a8d307cc03@group-D24086775EB0-SegmentedRaftLogWorker: flushIndex: setUnconditionally 0 -> -1
2019-10-02 10:56:00,349 [pool-57-thread-1] INFO  server.RaftServerConfigKeys (ConfUtils.java:logGet(43)) - raft.server.snapshot.auto.trigger.enabled = true (custom)
2019-10-02 10:56:00,350 [pool-57-thread-1] INFO  server.RaftServerConfigKeys (ConfUtils.java:logGet(43)) - raft.server.snapshot.auto.trigger.threshold = 10000 (custom)
2019-10-02 10:56:00,350 [pool-57-thread-1] INFO  server.RaftServerConfigKeys (ConfUtils.java:logGet(43)) - raft.server.snapshot.retention.file.num = 5 (custom)
2019-10-02 10:56:00,350 [pool-57-thread-1] INFO  server.RaftServerConfigKeys (ConfUtils.java:logGet(43)) - raft.server.retrycache.expirytime = 600000ms (custom)
2019-10-02 10:56:00,353 [pool-57-thread-1] INFO  impl.RaftServerImpl (RaftServerImpl.java:start(181)) - 29e87443-95b0-4e72-8a30-e6a8d307cc03@group-D24086775EB0: start as a follower, conf=-1: [29e87443-95b0-4e72-8a30-e6a8d307cc03:192.168.30.53:41099], old=null
2019-10-02 10:56:00,353 [pool-57-thread-1] INFO  impl.RaftServerImpl (RaftServerImpl.java:setRole(170)) - 29e87443-95b0-4e72-8a30-e6a8d307cc03@group-D24086775EB0: changes role from      null to FOLLOWER at term 0 for startAsFollower
2019-10-02 10:56:00,353 [pool-57-thread-1] INFO  impl.RoleInfo (RoleInfo.java:updateAndGet(143)) - 29e87443-95b0-4e72-8a30-e6a8d307cc03: start FollowerState
2019-10-02 10:56:00,353 [pool-57-thread-1] INFO  util.JmxRegister (JmxRegister.java:tryRegister(44)) - Successfully registered JMX Bean with object name Ratis:service=RaftServer,group=group-D24086775EB0,id=29e87443-95b0-4e72-8a30-e6a8d307cc03
2019-10-02 10:56:00,374 [RatisPipelineUtilsThread] INFO  pipeline.PipelineStateManager (PipelineStateManager.java:addPipeline(56)) - Created pipeline Pipeline[ Id: 5caac4b9-f491-446c-b182-d24086775eb0, Nodes: 29e87443-95b0-4e72-8a30-e6a8d307cc03{ip: 192.168.30.53, host: pr-trunk-5xjmm-2411255686, networkLocation: /default-rack, certSerialId: null}, Type:RATIS, Factor:ONE, State:OPEN]
2019-10-02 10:56:00,402 [grpc-default-executor-0] INFO  impl.RaftServerProxy (RaftServerProxy.java:addNew(89)) - ad13a282-c5bf-465a-9fe1-7adee9400ee3: addNew group-DF5D135B69C0:[ad13a282-c5bf-465a-9fe1-7adee9400ee3:192.168.30.53:45000] returns group-DF5D135B69C0:java.util.concurrent.CompletableFuture@1932f3e0[Not completed]
2019-10-02 10:56:00,411 [pool-37-thread-1] INFO  impl.RaftServerImpl (RaftServerImpl.java:<init>(95)) - ad13a282-c5bf-465a-9fe1-7adee9400ee3: new RaftServerImpl for group-DF5D135B69C0:[ad13a282-c5bf-465a-9fe1-7adee9400ee3:192.168.30.53:45000] with ContainerStateMachine:uninitialized
2019-10-02 10:56:00,411 [pool-37-thread-1] INFO  server.RaftServerConfigKeys (ConfUtils.java:logGet(43)) - raft.server.rpc.timeout.min = 1s (custom)
2019-10-02 10:56:00,412 [pool-37-thread-1] INFO  server.RaftServerConfigKeys (ConfUtils.java:logGet(43)) - raft.server.rpc.timeout.max = 1200ms (custom)
2019-10-02 10:56:00,412 [pool-37-thread-1] INFO  server.RaftServerConfigKeys (ConfUtils.java:logGet(43)) - raft.server.rpcslowness.timeout = 120s (custom)
2019-10-02 10:56:00,412 [pool-37-thread-1] INFO  server.RaftServerConfigKeys (ConfUtils.java:logGet(43)) - raft.server.sleep.deviation.threshold = 300 (default)
2019-10-02 10:56:00,412 [pool-37-thread-1] INFO  server.RaftServerConfigKeys (ConfUtils.java:logGet(43)) - raft.server.log.appender.install.snapshot.enabled = false (custom)
2019-10-02 10:56:00,412 [pool-37-thread-1] INFO  impl.RaftServerImpl (ServerState.java:<init>(103)) - ad13a282-c5bf-465a-9fe1-7adee9400ee3@group-DF5D135B69C0: ConfigurationManager, init=-1: [ad13a282-c5bf-465a-9fe1-7adee9400ee3:192.168.30.53:45000], old=null, confs=<EMPTY_MAP>
2019-10-02 10:56:00,412 [pool-37-thread-1] INFO  server.RaftServerConfigKeys (ConfUtils.java:logGet(43)) - raft.server.storage.dir = [/workdir/hadoop-ozone/integration-test/target/test-dir/MiniOzoneClusterImpl-5f261223-23be-4c6b-a914-4b08f19f7d30/datanode-1/data/ratis] (custom)
2019-10-02 10:56:00,413 [pool-37-thread-1] INFO  server.RaftServerConfigKeys (ConfUtils.java:logGet(43)) - raft.server.log.corruption.policy = EXCEPTION (default)
2019-10-02 10:56:00,413 [pool-37-thread-1] INFO  storage.RaftStorageDirectory (RaftStorageDirectory.java:analyzeStorage(246)) - The storage directory /workdir/hadoop-ozone/integration-test/target/test-dir/MiniOzoneClusterImpl-5f261223-23be-4c6b-a914-4b08f19f7d30/datanode-1/data/ratis/6fae9166-8313-418a-ba4f-df5d135b69c0 does not exist. Creating ...
2019-10-02 10:56:00,435 [Thread-285] INFO  impl.FollowerState (FollowerState.java:run(108)) - 7df38282-3a3d-4206-964a-9b3301cd1d1f@group-80BD95CE9051-FollowerState: change to CANDIDATE, lastRpcTime:1016ms, electionTimeout:1016ms
2019-10-02 10:56:00,436 [pool-37-thread-1] INFO  storage.RaftStorageDirectory (RaftStorageDirectory.java:tryLock(328)) - Lock on /workdir/hadoop-ozone/integration-test/target/test-dir/MiniOzoneClusterImpl-5f261223-23be-4c6b-a914-4b08f19f7d30/datanode-1/data/ratis/6fae9166-8313-418a-ba4f-df5d135b69c0/in_use.lock acquired by nodename 9257@pr-trunk-5xjmm-2411255686
2019-10-02 10:56:00,437 [Thread-285] INFO  impl.RoleInfo (RoleInfo.java:shutdownFollowerState(121)) - 7df38282-3a3d-4206-964a-9b3301cd1d1f: shutdown FollowerState
2019-10-02 10:56:00,437 [Thread-285] INFO  impl.RaftServerImpl (RaftServerImpl.java:setRole(170)) - 7df38282-3a3d-4206-964a-9b3301cd1d1f@group-80BD95CE9051: changes role from  FOLLOWER to CANDIDATE at term 0 for changeToCandidate
2019-10-02 10:56:00,450 [Thread-285] INFO  impl.RoleInfo (RoleInfo.java:updateAndGet(143)) - 7df38282-3a3d-4206-964a-9b3301cd1d1f: start LeaderElection
2019-10-02 10:56:00,465 [pool-37-thread-1] INFO  storage.RaftStorage (RaftStorage.java:format(84)) - Storage directory /workdir/hadoop-ozone/integration-test/target/test-dir/MiniOzoneClusterImpl-5f261223-23be-4c6b-a914-4b08f19f7d30/datanode-1/data/ratis/6fae9166-8313-418a-ba4f-df5d135b69c0 has been successfully formatted.
2019-10-02 10:56:00,466 [pool-37-thread-1] INFO  ratis.ContainerStateMachine (ContainerStateMachine.java:loadSnapshot(230)) - group-DF5D135B69C0: The snapshot info is null. Setting the last applied indexto:(t:0, i:~)
2019-10-02 10:56:00,466 [pool-37-thread-1] INFO  server.RaftServerConfigKeys (ConfUtils.java:logGet(43)) - raft.server.notification.no-leader.timeout = 120s (custom)
2019-10-02 10:56:00,466 [pool-37-thread-1] INFO  server.RaftServerConfigKeys (ConfUtils.java:logGet(43)) - raft.server.log.use.memory = false (default)
2019-10-02 10:56:00,466 [pool-37-thread-1] INFO  server.RaftServerConfigKeys (ConfUtils.java:logGet(43)) - raft.server.log.purge.gap = 1000000 (custom)
2019-10-02 10:56:00,466 [pool-37-thread-1] INFO  server.RaftServerConfigKeys (ConfUtils.java:logGet(43)) - raft.server.log.appender.buffer.byte-limit = 33554432 (custom)
2019-10-02 10:56:00,466 [pool-37-thread-1] INFO  server.RaftServerConfigKeys (ConfUtils.java:logGet(43)) - raft.server.log.segment.size.max = 1048576 (custom)
2019-10-02 10:56:00,469 [pool-37-thread-1] INFO  server.RaftServerConfigKeys (ConfUtils.java:logGet(43)) - raft.server.log.segment.cache.num.max = 2 (custom)
2019-10-02 10:56:00,469 [pool-37-thread-1] INFO  segmented.SegmentedRaftLogWorker (SegmentedRaftLogWorker.java:<init>(173)) - new ad13a282-c5bf-465a-9fe1-7adee9400ee3@group-DF5D135B69C0-SegmentedRaftLogWorker for RaftStorage:Storage Directory /workdir/hadoop-ozone/integration-test/target/test-dir/MiniOzoneClusterImpl-5f261223-23be-4c6b-a914-4b08f19f7d30/datanode-1/data/ratis/6fae9166-8313-418a-ba4f-df5d135b69c0
2019-10-02 10:56:00,469 [pool-37-thread-1] INFO  server.RaftServerConfigKeys (ConfUtils.java:logGet(43)) - raft.server.log.queue.byte-limit = 2147483647 (custom)
2019-10-02 10:56:00,469 [pool-37-thread-1] INFO  server.RaftServerConfigKeys (ConfUtils.java:logGet(43)) - raft.server.log.queue.element-limit = 1024 (custom)
2019-10-02 10:56:00,469 [pool-37-thread-1] INFO  server.RaftServerConfigKeys (ConfUtils.java:logGet(43)) - raft.server.log.segment.size.max = 1048576 (custom)
2019-10-02 10:56:00,469 [pool-37-thread-1] INFO  server.RaftServerConfigKeys (ConfUtils.java:logGet(43)) - raft.server.log.preallocated.size = 16384 (custom)
2019-10-02 10:56:00,469 [pool-37-thread-1] INFO  server.RaftServerConfigKeys (ConfUtils.java:logGet(43)) - raft.server.log.write.buffer.size = 33554432 (custom)
2019-10-02 10:56:00,469 [pool-37-thread-1] INFO  server.RaftServerConfigKeys (ConfUtils.java:logGet(43)) - raft.server.log.force.sync.num = 128 (default)
2019-10-02 10:56:00,470 [pool-37-thread-1] INFO  server.RaftServerConfigKeys (ConfUtils.java:logGet(43)) - raft.server.log.statemachine.data.sync = true (default)
2019-10-02 10:56:00,470 [pool-37-thread-1] INFO  server.RaftServerConfigKeys (ConfUtils.java:logGet(43)) - raft.server.log.statemachine.data.sync.timeout = 10s (default)
2019-10-02 10:56:00,470 [pool-37-thread-1] INFO  server.RaftServerConfigKeys (ConfUtils.java:logGet(43)) - raft.server.log.statemachine.data.sync.timeout.retry = -1 (default)
2019-10-02 10:56:00,470 [pool-37-thread-1] INFO  server.RaftServerConfigKeys (ConfUtils.java:logGet(43)) - raft.server.log.statemachine.data.caching.enabled = true (custom)
2019-10-02 10:56:00,471 [pool-37-thread-1] INFO  segmented.SegmentedRaftLogWorker (SegmentedRaftLogWorker.java:lambda$new$0(128)) - ad13a282-c5bf-465a-9fe1-7adee9400ee3@group-DF5D135B69C0-SegmentedRaftLogWorker: flushIndex: setUnconditionally 0 -> -1
2019-10-02 10:56:00,472 [pool-37-thread-1] INFO  server.RaftServerConfigKeys (ConfUtils.java:logGet(43)) - raft.server.snapshot.auto.trigger.enabled = true (custom)
2019-10-02 10:56:00,474 [pool-37-thread-1] INFO  server.RaftServerConfigKeys (ConfUtils.java:logGet(43)) - raft.server.snapshot.auto.trigger.threshold = 10000 (custom)
2019-10-02 10:56:00,474 [pool-37-thread-1] INFO  server.RaftServerConfigKeys (ConfUtils.java:logGet(43)) - raft.server.snapshot.retention.file.num = 5 (custom)
2019-10-02 10:56:00,474 [pool-37-thread-1] INFO  server.RaftServerConfigKeys (ConfUtils.java:logGet(43)) - raft.server.retrycache.expirytime = 600000ms (custom)
2019-10-02 10:56:00,476 [pool-37-thread-1] INFO  impl.RaftServerImpl (RaftServerImpl.java:start(181)) - ad13a282-c5bf-465a-9fe1-7adee9400ee3@group-DF5D135B69C0: start as a follower, conf=-1: [ad13a282-c5bf-465a-9fe1-7adee9400ee3:192.168.30.53:45000], old=null
2019-10-02 10:56:00,476 [pool-37-thread-1] INFO  impl.RaftServerImpl (RaftServerImpl.java:setRole(170)) - ad13a282-c5bf-465a-9fe1-7adee9400ee3@group-DF5D135B69C0: changes role from      null to FOLLOWER at term 0 for startAsFollower
2019-10-02 10:56:00,476 [pool-37-thread-1] INFO  impl.RoleInfo (RoleInfo.java:updateAndGet(143)) - ad13a282-c5bf-465a-9fe1-7adee9400ee3: start FollowerState
2019-10-02 10:56:00,477 [pool-37-thread-1] INFO  util.JmxRegister (JmxRegister.java:tryRegister(44)) - Successfully registered JMX Bean with object name Ratis:service=RaftServer,group=group-DF5D135B69C0,id=ad13a282-c5bf-465a-9fe1-7adee9400ee3
2019-10-02 10:56:00,482 [7df38282-3a3d-4206-964a-9b3301cd1d1f@group-80BD95CE9051-LeaderElection1] INFO  impl.LeaderElection (LeaderElection.java:askForVotes(178)) - 7df38282-3a3d-4206-964a-9b3301cd1d1f@group-80BD95CE9051-LeaderElection1: begin an election at term 1 for -1: [7df38282-3a3d-4206-964a-9b3301cd1d1f:192.168.30.53:34960], old=null
2019-10-02 10:56:00,483 [7df38282-3a3d-4206-964a-9b3301cd1d1f@group-80BD95CE9051-LeaderElection1] INFO  impl.RoleInfo (RoleInfo.java:shutdownLeaderElection(134)) - 7df38282-3a3d-4206-964a-9b3301cd1d1f: shutdown LeaderElection
2019-10-02 10:56:00,487 [7df38282-3a3d-4206-964a-9b3301cd1d1f@group-80BD95CE9051-LeaderElection1] INFO  impl.RaftServerImpl (RaftServerImpl.java:setRole(170)) - 7df38282-3a3d-4206-964a-9b3301cd1d1f@group-80BD95CE9051: changes role from CANDIDATE to LEADER at term 1 for changeToLeader
2019-10-02 10:56:00,494 [7df38282-3a3d-4206-964a-9b3301cd1d1f@group-80BD95CE9051-LeaderElection1] INFO  impl.RaftServerImpl (ServerState.java:setLeader(255)) - 7df38282-3a3d-4206-964a-9b3301cd1d1f@group-80BD95CE9051: change Leader from null to 7df38282-3a3d-4206-964a-9b3301cd1d1f at term 1 for becomeLeader, leader elected after 1205ms
2019-10-02 10:56:00,497 [RatisPipelineUtilsThread] INFO  pipeline.PipelineStateManager (PipelineStateManager.java:addPipeline(56)) - Created pipeline Pipeline[ Id: 6fae9166-8313-418a-ba4f-df5d135b69c0, Nodes: ad13a282-c5bf-465a-9fe1-7adee9400ee3{ip: 192.168.30.53, host: pr-trunk-5xjmm-2411255686, networkLocation: /default-rack, certSerialId: null}, Type:RATIS, Factor:ONE, State:OPEN]
2019-10-02 10:56:00,503 [7df38282-3a3d-4206-964a-9b3301cd1d1f@group-80BD95CE9051-LeaderElection1] INFO  server.RaftServerConfigKeys (ConfUtils.java:logGet(43)) - raft.server.staging.catchup.gap = 1000 (default)
2019-10-02 10:56:00,504 [7df38282-3a3d-4206-964a-9b3301cd1d1f@group-80BD95CE9051-LeaderElection1] INFO  server.RaftServerConfigKeys (ConfUtils.java:logGet(43)) - raft.server.rpc.sleep.time = 25ms (default)
2019-10-02 10:56:00,508 [7df38282-3a3d-4206-964a-9b3301cd1d1f@group-80BD95CE9051-LeaderElection1] INFO  server.RaftServerConfigKeys (ConfUtils.java:logGet(43)) - raft.server.write.element-limit = 4096 (default)
2019-10-02 10:56:00,513 [grpc-default-executor-0] INFO  impl.RaftServerProxy (RaftServerProxy.java:addNew(89)) - b7ca2e1f-1771-41a0-9147-b4dd2438232c: addNew group-973438D00702:[b7ca2e1f-1771-41a0-9147-b4dd2438232c:192.168.30.53:44547] returns group-973438D00702:java.util.concurrent.CompletableFuture@36ae905e[Not completed]
2019-10-02 10:56:00,514 [7df38282-3a3d-4206-964a-9b3301cd1d1f@group-80BD95CE9051-LeaderElection1] INFO  server.RaftServerConfigKeys (ConfUtils.java:logGet(43)) - raft.server.watch.timeout = 10s (default)
2019-10-02 10:56:00,514 [7df38282-3a3d-4206-964a-9b3301cd1d1f@group-80BD95CE9051-LeaderElection1] INFO  server.RaftServerConfigKeys (ConfUtils.java:logGet(43)) - raft.server.watch.timeout.denomination = 1s (default)
2019-10-02 10:56:00,517 [pool-107-thread-1] INFO  impl.RaftServerImpl (RaftServerImpl.java:<init>(95)) - b7ca2e1f-1771-41a0-9147-b4dd2438232c: new RaftServerImpl for group-973438D00702:[b7ca2e1f-1771-41a0-9147-b4dd2438232c:192.168.30.53:44547] with ContainerStateMachine:uninitialized
2019-10-02 10:56:00,518 [pool-107-thread-1] INFO  server.RaftServerConfigKeys (ConfUtils.java:logGet(43)) - raft.server.rpc.timeout.min = 1s (custom)
2019-10-02 10:56:00,518 [7df38282-3a3d-4206-964a-9b3301cd1d1f@group-80BD95CE9051-LeaderElection1] INFO  server.RaftServerConfigKeys (ConfUtils.java:logGet(43)) - raft.server.watch.element-limit = 65536 (default)
2019-10-02 10:56:00,518 [pool-107-thread-1] INFO  server.RaftServerConfigKeys (ConfUtils.java:logGet(43)) - raft.server.rpc.timeout.max = 1200ms (custom)
2019-10-02 10:56:00,518 [pool-107-thread-1] INFO  server.RaftServerConfigKeys (ConfUtils.java:logGet(43)) - raft.server.rpcslowness.timeout = 120s (custom)
2019-10-02 10:56:00,518 [pool-107-thread-1] INFO  server.RaftServerConfigKeys (ConfUtils.java:logGet(43)) - raft.server.sleep.deviation.threshold = 300 (default)
2019-10-02 10:56:00,518 [pool-107-thread-1] INFO  server.RaftServerConfigKeys (ConfUtils.java:logGet(43)) - raft.server.log.appender.install.snapshot.enabled = false (custom)
2019-10-02 10:56:00,519 [pool-107-thread-1] INFO  impl.RaftServerImpl (ServerState.java:<init>(103)) - b7ca2e1f-1771-41a0-9147-b4dd2438232c@group-973438D00702: ConfigurationManager, init=-1: [b7ca2e1f-1771-41a0-9147-b4dd2438232c:192.168.30.53:44547], old=null, confs=<EMPTY_MAP>
2019-10-02 10:56:00,519 [pool-107-thread-1] INFO  server.RaftServerConfigKeys (ConfUtils.java:logGet(43)) - raft.server.storage.dir = [/workdir/hadoop-ozone/integration-test/target/test-dir/MiniOzoneClusterImpl-5f261223-23be-4c6b-a914-4b08f19f7d30/datanode-8/data/ratis] (custom)
2019-10-02 10:56:00,519 [pool-107-thread-1] INFO  server.RaftServerConfigKeys (ConfUtils.java:logGet(43)) - raft.server.log.corruption.policy = EXCEPTION (default)
2019-10-02 10:56:00,520 [pool-107-thread-1] INFO  storage.RaftStorageDirectory (RaftStorageDirectory.java:analyzeStorage(246)) - The storage directory /workdir/hadoop-ozone/integration-test/target/test-dir/MiniOzoneClusterImpl-5f261223-23be-4c6b-a914-4b08f19f7d30/datanode-8/data/ratis/e3e60045-e5ca-46b1-95b1-973438d00702 does not exist. Creating ...
2019-10-02 10:56:00,527 [7df38282-3a3d-4206-964a-9b3301cd1d1f@group-80BD95CE9051-LeaderElection1] INFO  impl.RoleInfo (RoleInfo.java:updateAndGet(143)) - 7df38282-3a3d-4206-964a-9b3301cd1d1f: start LeaderState
2019-10-02 10:56:00,562 [7df38282-3a3d-4206-964a-9b3301cd1d1f@group-80BD95CE9051-LeaderElection1] INFO  segmented.SegmentedRaftLogWorker (SegmentedRaftLogWorker.java:startLogSegment(385)) - 7df38282-3a3d-4206-964a-9b3301cd1d1f@group-80BD95CE9051-SegmentedRaftLogWorker: Starting segment from index:0
2019-10-02 10:56:00,570 [pool-107-thread-1] INFO  storage.RaftStorageDirectory (RaftStorageDirectory.java:tryLock(328)) - Lock on /workdir/hadoop-ozone/integration-test/target/test-dir/MiniOzoneClusterImpl-5f261223-23be-4c6b-a914-4b08f19f7d30/datanode-8/data/ratis/e3e60045-e5ca-46b1-95b1-973438d00702/in_use.lock acquired by nodename 9257@pr-trunk-5xjmm-2411255686
2019-10-02 10:56:00,574 [7df38282-3a3d-4206-964a-9b3301cd1d1f@group-80BD95CE9051-LeaderElection1] INFO  impl.RaftServerImpl (ServerState.java:setRaftConf(356)) - 7df38282-3a3d-4206-964a-9b3301cd1d1f@group-80BD95CE9051: set configuration 0: [7df38282-3a3d-4206-964a-9b3301cd1d1f:192.168.30.53:34960], old=null at 0
2019-10-02 10:56:00,590 [pool-107-thread-1] INFO  storage.RaftStorage (RaftStorage.java:format(84)) - Storage directory /workdir/hadoop-ozone/integration-test/target/test-dir/MiniOzoneClusterImpl-5f261223-23be-4c6b-a914-4b08f19f7d30/datanode-8/data/ratis/e3e60045-e5ca-46b1-95b1-973438d00702 has been successfully formatted.
2019-10-02 10:56:00,590 [pool-107-thread-1] INFO  ratis.ContainerStateMachine (ContainerStateMachine.java:loadSnapshot(230)) - group-973438D00702: The snapshot info is null. Setting the last applied indexto:(t:0, i:~)
2019-10-02 10:56:00,590 [pool-107-thread-1] INFO  server.RaftServerConfigKeys (ConfUtils.java:logGet(43)) - raft.server.notification.no-leader.timeout = 120s (custom)
2019-10-02 10:56:00,591 [pool-107-thread-1] INFO  server.RaftServerConfigKeys (ConfUtils.java:logGet(43)) - raft.server.log.use.memory = false (default)
2019-10-02 10:56:00,591 [pool-107-thread-1] INFO  server.RaftServerConfigKeys (ConfUtils.java:logGet(43)) - raft.server.log.purge.gap = 1000000 (custom)
2019-10-02 10:56:00,591 [pool-107-thread-1] INFO  server.RaftServerConfigKeys (ConfUtils.java:logGet(43)) - raft.server.log.appender.buffer.byte-limit = 33554432 (custom)
2019-10-02 10:56:00,591 [pool-107-thread-1] INFO  server.RaftServerConfigKeys (ConfUtils.java:logGet(43)) - raft.server.log.segment.size.max = 1048576 (custom)
2019-10-02 10:56:00,593 [pool-107-thread-1] INFO  server.RaftServerConfigKeys (ConfUtils.java:logGet(43)) - raft.server.log.segment.cache.num.max = 2 (custom)
2019-10-02 10:56:00,594 [pool-107-thread-1] INFO  segmented.SegmentedRaftLogWorker (SegmentedRaftLogWorker.java:<init>(173)) - new b7ca2e1f-1771-41a0-9147-b4dd2438232c@group-973438D00702-SegmentedRaftLogWorker for RaftStorage:Storage Directory /workdir/hadoop-ozone/integration-test/target/test-dir/MiniOzoneClusterImpl-5f261223-23be-4c6b-a914-4b08f19f7d30/datanode-8/data/ratis/e3e60045-e5ca-46b1-95b1-973438d00702
2019-10-02 10:56:00,594 [pool-107-thread-1] INFO  server.RaftServerConfigKeys (ConfUtils.java:logGet(43)) - raft.server.log.queue.byte-limit = 2147483647 (custom)
2019-10-02 10:56:00,594 [pool-107-thread-1] INFO  server.RaftServerConfigKeys (ConfUtils.java:logGet(43)) - raft.server.log.queue.element-limit = 1024 (custom)
2019-10-02 10:56:00,594 [pool-107-thread-1] INFO  server.RaftServerConfigKeys (ConfUtils.java:logGet(43)) - raft.server.log.segment.size.max = 1048576 (custom)
2019-10-02 10:56:00,594 [pool-107-thread-1] INFO  server.RaftServerConfigKeys (ConfUtils.java:logGet(43)) - raft.server.log.preallocated.size = 16384 (custom)
2019-10-02 10:56:00,594 [pool-107-thread-1] INFO  server.RaftServerConfigKeys (ConfUtils.java:logGet(43)) - raft.server.log.write.buffer.size = 33554432 (custom)
2019-10-02 10:56:00,594 [pool-107-thread-1] INFO  server.RaftServerConfigKeys (ConfUtils.java:logGet(43)) - raft.server.log.force.sync.num = 128 (default)
2019-10-02 10:56:00,595 [pool-107-thread-1] INFO  server.RaftServerConfigKeys (ConfUtils.java:logGet(43)) - raft.server.log.statemachine.data.sync = true (default)
2019-10-02 10:56:00,595 [pool-107-thread-1] INFO  server.RaftServerConfigKeys (ConfUtils.java:logGet(43)) - raft.server.log.statemachine.data.sync.timeout = 10s (default)
2019-10-02 10:56:00,595 [pool-107-thread-1] INFO  server.RaftServerConfigKeys (ConfUtils.java:logGet(43)) - raft.server.log.statemachine.data.sync.timeout.retry = -1 (default)
2019-10-02 10:56:00,595 [pool-107-thread-1] INFO  server.RaftServerConfigKeys (ConfUtils.java:logGet(43)) - raft.server.log.statemachine.data.caching.enabled = true (custom)
2019-10-02 10:56:00,596 [pool-107-thread-1] INFO  segmented.SegmentedRaftLogWorker (SegmentedRaftLogWorker.java:lambda$new$0(128)) - b7ca2e1f-1771-41a0-9147-b4dd2438232c@group-973438D00702-SegmentedRaftLogWorker: flushIndex: setUnconditionally 0 -> -1
2019-10-02 10:56:00,596 [pool-107-thread-1] INFO  server.RaftServerConfigKeys (ConfUtils.java:logGet(43)) - raft.server.snapshot.auto.trigger.enabled = true (custom)
2019-10-02 10:56:00,596 [pool-107-thread-1] INFO  server.RaftServerConfigKeys (ConfUtils.java:logGet(43)) - raft.server.snapshot.auto.trigger.threshold = 10000 (custom)
2019-10-02 10:56:00,596 [pool-107-thread-1] INFO  server.RaftServerConfigKeys (ConfUtils.java:logGet(43)) - raft.server.snapshot.retention.file.num = 5 (custom)
2019-10-02 10:56:00,596 [pool-107-thread-1] INFO  server.RaftServerConfigKeys (ConfUtils.java:logGet(43)) - raft.server.retrycache.expirytime = 600000ms (custom)
2019-10-02 10:56:00,599 [pool-107-thread-1] INFO  impl.RaftServerImpl (RaftServerImpl.java:start(181)) - b7ca2e1f-1771-41a0-9147-b4dd2438232c@group-973438D00702: start as a follower, conf=-1: [b7ca2e1f-1771-41a0-9147-b4dd2438232c:192.168.30.53:44547], old=null
2019-10-02 10:56:00,599 [pool-107-thread-1] INFO  impl.RaftServerImpl (RaftServerImpl.java:setRole(170)) - b7ca2e1f-1771-41a0-9147-b4dd2438232c@group-973438D00702: changes role from      null to FOLLOWER at term 0 for startAsFollower
2019-10-02 10:56:00,599 [pool-107-thread-1] INFO  impl.RoleInfo (RoleInfo.java:updateAndGet(143)) - b7ca2e1f-1771-41a0-9147-b4dd2438232c: start FollowerState
2019-10-02 10:56:00,600 [pool-107-thread-1] INFO  util.JmxRegister (JmxRegister.java:tryRegister(44)) - Successfully registered JMX Bean with object name Ratis:service=RaftServer,group=group-973438D00702,id=b7ca2e1f-1771-41a0-9147-b4dd2438232c
2019-10-02 10:56:00,618 [RatisPipelineUtilsThread] INFO  pipeline.PipelineStateManager (PipelineStateManager.java:addPipeline(56)) - Created pipeline Pipeline[ Id: e3e60045-e5ca-46b1-95b1-973438d00702, Nodes: b7ca2e1f-1771-41a0-9147-b4dd2438232c{ip: 192.168.30.53, host: pr-trunk-5xjmm-2411255686, networkLocation: /default-rack, certSerialId: null}, Type:RATIS, Factor:ONE, State:OPEN]
2019-10-02 10:56:00,647 [grpc-default-executor-0] INFO  impl.RaftServerProxy (RaftServerProxy.java:addNew(89)) - c999d89f-1e5d-4182-937c-40b6b56775d9: addNew group-6F3DB6598A29:[c999d89f-1e5d-4182-937c-40b6b56775d9:192.168.30.53:35552] returns group-6F3DB6598A29:java.util.concurrent.CompletableFuture@127456d8[Not completed]
2019-10-02 10:56:00,658 [pool-117-thread-1] INFO  impl.RaftServerImpl (RaftServerImpl.java:<init>(95)) - c999d89f-1e5d-4182-937c-40b6b56775d9: new RaftServerImpl for group-6F3DB6598A29:[c999d89f-1e5d-4182-937c-40b6b56775d9:192.168.30.53:35552] with ContainerStateMachine:uninitialized
2019-10-02 10:56:00,658 [pool-117-thread-1] INFO  server.RaftServerConfigKeys (ConfUtils.java:logGet(43)) - raft.server.rpc.timeout.min = 1s (custom)
2019-10-02 10:56:00,658 [pool-117-thread-1] INFO  server.RaftServerConfigKeys (ConfUtils.java:logGet(43)) - raft.server.rpc.timeout.max = 1200ms (custom)
2019-10-02 10:56:00,658 [pool-117-thread-1] INFO  server.RaftServerConfigKeys (ConfUtils.java:logGet(43)) - raft.server.rpcslowness.timeout = 120s (custom)
2019-10-02 10:56:00,660 [pool-117-thread-1] INFO  server.RaftServerConfigKeys (ConfUtils.java:logGet(43)) - raft.server.sleep.deviation.threshold = 300 (default)
2019-10-02 10:56:00,660 [pool-117-thread-1] INFO  server.RaftServerConfigKeys (ConfUtils.java:logGet(43)) - raft.server.log.appender.install.snapshot.enabled = false (custom)
2019-10-02 10:56:00,660 [pool-117-thread-1] INFO  impl.RaftServerImpl (ServerState.java:<init>(103)) - c999d89f-1e5d-4182-937c-40b6b56775d9@group-6F3DB6598A29: ConfigurationManager, init=-1: [c999d89f-1e5d-4182-937c-40b6b56775d9:192.168.30.53:35552], old=null, confs=<EMPTY_MAP>
2019-10-02 10:56:00,661 [pool-117-thread-1] INFO  server.RaftServerConfigKeys (ConfUtils.java:logGet(43)) - raft.server.storage.dir = [/workdir/hadoop-ozone/integration-test/target/test-dir/MiniOzoneClusterImpl-5f261223-23be-4c6b-a914-4b08f19f7d30/datanode-9/data/ratis] (custom)
2019-10-02 10:56:00,661 [pool-117-thread-1] INFO  server.RaftServerConfigKeys (ConfUtils.java:logGet(43)) - raft.server.log.corruption.policy = EXCEPTION (default)
2019-10-02 10:56:00,661 [pool-117-thread-1] INFO  storage.RaftStorageDirectory (RaftStorageDirectory.java:analyzeStorage(246)) - The storage directory /workdir/hadoop-ozone/integration-test/target/test-dir/MiniOzoneClusterImpl-5f261223-23be-4c6b-a914-4b08f19f7d30/datanode-9/data/ratis/eee2342a-dfa1-4a4d-9d7d-6f3db6598a29 does not exist. Creating ...
2019-10-02 10:56:00,688 [pool-117-thread-1] INFO  storage.RaftStorageDirectory (RaftStorageDirectory.java:tryLock(328)) - Lock on /workdir/hadoop-ozone/integration-test/target/test-dir/MiniOzoneClusterImpl-5f261223-23be-4c6b-a914-4b08f19f7d30/datanode-9/data/ratis/eee2342a-dfa1-4a4d-9d7d-6f3db6598a29/in_use.lock acquired by nodename 9257@pr-trunk-5xjmm-2411255686
2019-10-02 10:56:00,715 [pool-117-thread-1] INFO  storage.RaftStorage (RaftStorage.java:format(84)) - Storage directory /workdir/hadoop-ozone/integration-test/target/test-dir/MiniOzoneClusterImpl-5f261223-23be-4c6b-a914-4b08f19f7d30/datanode-9/data/ratis/eee2342a-dfa1-4a4d-9d7d-6f3db6598a29 has been successfully formatted.
2019-10-02 10:56:00,715 [pool-117-thread-1] INFO  ratis.ContainerStateMachine (ContainerStateMachine.java:loadSnapshot(230)) - group-6F3DB6598A29: The snapshot info is null. Setting the last applied indexto:(t:0, i:~)
2019-10-02 10:56:00,715 [pool-117-thread-1] INFO  server.RaftServerConfigKeys (ConfUtils.java:logGet(43)) - raft.server.notification.no-leader.timeout = 120s (custom)
2019-10-02 10:56:00,716 [pool-117-thread-1] INFO  server.RaftServerConfigKeys (ConfUtils.java:logGet(43)) - raft.server.log.use.memory = false (default)
2019-10-02 10:56:00,716 [pool-117-thread-1] INFO  server.RaftServerConfigKeys (ConfUtils.java:logGet(43)) - raft.server.log.purge.gap = 1000000 (custom)
2019-10-02 10:56:00,716 [pool-117-thread-1] INFO  server.RaftServerConfigKeys (ConfUtils.java:logGet(43)) - raft.server.log.appender.buffer.byte-limit = 33554432 (custom)
2019-10-02 10:56:00,716 [pool-117-thread-1] INFO  server.RaftServerConfigKeys (ConfUtils.java:logGet(43)) - raft.server.log.segment.size.max = 1048576 (custom)
2019-10-02 10:56:00,722 [pool-117-thread-1] INFO  server.RaftServerConfigKeys (ConfUtils.java:logGet(43)) - raft.server.log.segment.cache.num.max = 2 (custom)
2019-10-02 10:56:00,722 [pool-117-thread-1] INFO  segmented.SegmentedRaftLogWorker (SegmentedRaftLogWorker.java:<init>(173)) - new c999d89f-1e5d-4182-937c-40b6b56775d9@group-6F3DB6598A29-SegmentedRaftLogWorker for RaftStorage:Storage Directory /workdir/hadoop-ozone/integration-test/target/test-dir/MiniOzoneClusterImpl-5f261223-23be-4c6b-a914-4b08f19f7d30/datanode-9/data/ratis/eee2342a-dfa1-4a4d-9d7d-6f3db6598a29
2019-10-02 10:56:00,725 [Thread-288] INFO  impl.FollowerState (FollowerState.java:run(108)) - b25f22f8-54cc-4ffd-bfcd-179cc8cbd7fc@group-3075F34D2FDA-FollowerState: change to CANDIDATE, lastRpcTime:1038ms, electionTimeout:1035ms
2019-10-02 10:56:00,726 [pool-117-thread-1] INFO  server.RaftServerConfigKeys (ConfUtils.java:logGet(43)) - raft.server.log.queue.byte-limit = 2147483647 (custom)
2019-10-02 10:56:00,726 [pool-117-thread-1] INFO  server.RaftServerConfigKeys (ConfUtils.java:logGet(43)) - raft.server.log.queue.element-limit = 1024 (custom)
2019-10-02 10:56:00,726 [Thread-288] INFO  impl.RoleInfo (RoleInfo.java:shutdownFollowerState(121)) - b25f22f8-54cc-4ffd-bfcd-179cc8cbd7fc: shutdown FollowerState
2019-10-02 10:56:00,726 [pool-117-thread-1] INFO  server.RaftServerConfigKeys (ConfUtils.java:logGet(43)) - raft.server.log.segment.size.max = 1048576 (custom)
2019-10-02 10:56:00,727 [Thread-288] INFO  impl.RaftServerImpl (RaftServerImpl.java:setRole(170)) - b25f22f8-54cc-4ffd-bfcd-179cc8cbd7fc@group-3075F34D2FDA: changes role from  FOLLOWER to CANDIDATE at term 0 for changeToCandidate
2019-10-02 10:56:00,727 [pool-117-thread-1] INFO  server.RaftServerConfigKeys (ConfUtils.java:logGet(43)) - raft.server.log.preallocated.size = 16384 (custom)
2019-10-02 10:56:00,727 [pool-117-thread-1] INFO  server.RaftServerConfigKeys (ConfUtils.java:logGet(43)) - raft.server.log.write.buffer.size = 33554432 (custom)
2019-10-02 10:56:00,727 [Thread-288] INFO  impl.RoleInfo (RoleInfo.java:updateAndGet(143)) - b25f22f8-54cc-4ffd-bfcd-179cc8cbd7fc: start LeaderElection
2019-10-02 10:56:00,727 [pool-117-thread-1] INFO  server.RaftServerConfigKeys (ConfUtils.java:logGet(43)) - raft.server.log.force.sync.num = 128 (default)
2019-10-02 10:56:00,727 [pool-117-thread-1] INFO  server.RaftServerConfigKeys (ConfUtils.java:logGet(43)) - raft.server.log.statemachine.data.sync = true (default)
2019-10-02 10:56:00,730 [pool-117-thread-1] INFO  server.RaftServerConfigKeys (ConfUtils.java:logGet(43)) - raft.server.log.statemachine.data.sync.timeout = 10s (default)
2019-10-02 10:56:00,734 [pool-117-thread-1] INFO  server.RaftServerConfigKeys (ConfUtils.java:logGet(43)) - raft.server.log.statemachine.data.sync.timeout.retry = -1 (default)
2019-10-02 10:56:00,740 [pool-117-thread-1] INFO  server.RaftServerConfigKeys (ConfUtils.java:logGet(43)) - raft.server.log.statemachine.data.caching.enabled = true (custom)
2019-10-02 10:56:00,741 [pool-117-thread-1] INFO  segmented.SegmentedRaftLogWorker (SegmentedRaftLogWorker.java:lambda$new$0(128)) - c999d89f-1e5d-4182-937c-40b6b56775d9@group-6F3DB6598A29-SegmentedRaftLogWorker: flushIndex: setUnconditionally 0 -> -1
2019-10-02 10:56:00,741 [pool-117-thread-1] INFO  server.RaftServerConfigKeys (ConfUtils.java:logGet(43)) - raft.server.snapshot.auto.trigger.enabled = true (custom)
2019-10-02 10:56:00,741 [pool-117-thread-1] INFO  server.RaftServerConfigKeys (ConfUtils.java:logGet(43)) - raft.server.snapshot.auto.trigger.threshold = 10000 (custom)
2019-10-02 10:56:00,741 [pool-117-thread-1] INFO  server.RaftServerConfigKeys (ConfUtils.java:logGet(43)) - raft.server.snapshot.retention.file.num = 5 (custom)
2019-10-02 10:56:00,741 [pool-117-thread-1] INFO  server.RaftServerConfigKeys (ConfUtils.java:logGet(43)) - raft.server.retrycache.expirytime = 600000ms (custom)
2019-10-02 10:56:00,743 [pool-117-thread-1] INFO  impl.RaftServerImpl (RaftServerImpl.java:start(181)) - c999d89f-1e5d-4182-937c-40b6b56775d9@group-6F3DB6598A29: start as a follower, conf=-1: [c999d89f-1e5d-4182-937c-40b6b56775d9:192.168.30.53:35552], old=null
2019-10-02 10:56:00,743 [pool-117-thread-1] INFO  impl.RaftServerImpl (RaftServerImpl.java:setRole(170)) - c999d89f-1e5d-4182-937c-40b6b56775d9@group-6F3DB6598A29: changes role from      null to FOLLOWER at term 0 for startAsFollower
2019-10-02 10:56:00,743 [pool-117-thread-1] INFO  impl.RoleInfo (RoleInfo.java:updateAndGet(143)) - c999d89f-1e5d-4182-937c-40b6b56775d9: start FollowerState
2019-10-02 10:56:00,744 [pool-117-thread-1] INFO  util.JmxRegister (JmxRegister.java:tryRegister(44)) - Successfully registered JMX Bean with object name Ratis:service=RaftServer,group=group-6F3DB6598A29,id=c999d89f-1e5d-4182-937c-40b6b56775d9
2019-10-02 10:56:00,755 [RatisPipelineUtilsThread] INFO  pipeline.PipelineStateManager (PipelineStateManager.java:addPipeline(56)) - Created pipeline Pipeline[ Id: eee2342a-dfa1-4a4d-9d7d-6f3db6598a29, Nodes: c999d89f-1e5d-4182-937c-40b6b56775d9{ip: 192.168.30.53, host: pr-trunk-5xjmm-2411255686, networkLocation: /default-rack, certSerialId: null}, Type:RATIS, Factor:ONE, State:OPEN]
2019-10-02 10:56:00,772 [b25f22f8-54cc-4ffd-bfcd-179cc8cbd7fc@group-3075F34D2FDA-LeaderElection2] INFO  impl.LeaderElection (LeaderElection.java:askForVotes(178)) - b25f22f8-54cc-4ffd-bfcd-179cc8cbd7fc@group-3075F34D2FDA-LeaderElection2: begin an election at term 1 for -1: [b25f22f8-54cc-4ffd-bfcd-179cc8cbd7fc:192.168.30.53:42549], old=null
2019-10-02 10:56:00,774 [b25f22f8-54cc-4ffd-bfcd-179cc8cbd7fc@group-3075F34D2FDA-LeaderElection2] INFO  impl.RoleInfo (RoleInfo.java:shutdownLeaderElection(134)) - b25f22f8-54cc-4ffd-bfcd-179cc8cbd7fc: shutdown LeaderElection
2019-10-02 10:56:00,774 [b25f22f8-54cc-4ffd-bfcd-179cc8cbd7fc@group-3075F34D2FDA-LeaderElection2] INFO  impl.RaftServerImpl (RaftServerImpl.java:setRole(170)) - b25f22f8-54cc-4ffd-bfcd-179cc8cbd7fc@group-3075F34D2FDA: changes role from CANDIDATE to LEADER at term 1 for changeToLeader
2019-10-02 10:56:00,774 [b25f22f8-54cc-4ffd-bfcd-179cc8cbd7fc@group-3075F34D2FDA-LeaderElection2] INFO  impl.RaftServerImpl (ServerState.java:setLeader(255)) - b25f22f8-54cc-4ffd-bfcd-179cc8cbd7fc@group-3075F34D2FDA: change Leader from null to b25f22f8-54cc-4ffd-bfcd-179cc8cbd7fc at term 1 for becomeLeader, leader elected after 1106ms
2019-10-02 10:56:00,775 [b25f22f8-54cc-4ffd-bfcd-179cc8cbd7fc@group-3075F34D2FDA-LeaderElection2] INFO  server.RaftServerConfigKeys (ConfUtils.java:logGet(43)) - raft.server.staging.catchup.gap = 1000 (default)
2019-10-02 10:56:00,776 [b25f22f8-54cc-4ffd-bfcd-179cc8cbd7fc@group-3075F34D2FDA-LeaderElection2] INFO  server.RaftServerConfigKeys (ConfUtils.java:logGet(43)) - raft.server.rpc.sleep.time = 25ms (default)
2019-10-02 10:56:00,776 [grpc-default-executor-0] INFO  impl.RaftServerProxy (RaftServerProxy.java:addNew(89)) - 8a72c170-a9c5-4d45-8b78-a894de4c103c: addNew group-646445554F53:[8a72c170-a9c5-4d45-8b78-a894de4c103c:192.168.30.53:42816] returns group-646445554F53:java.util.concurrent.CompletableFuture@782fa009[Not completed]
2019-10-02 10:56:00,776 [b25f22f8-54cc-4ffd-bfcd-179cc8cbd7fc@group-3075F34D2FDA-LeaderElection2] INFO  server.RaftServerConfigKeys (ConfUtils.java:logGet(43)) - raft.server.write.element-limit = 4096 (default)
2019-10-02 10:56:00,776 [b25f22f8-54cc-4ffd-bfcd-179cc8cbd7fc@group-3075F34D2FDA-LeaderElection2] INFO  server.RaftServerConfigKeys (ConfUtils.java:logGet(43)) - raft.server.watch.timeout = 10s (default)
2019-10-02 10:56:00,776 [b25f22f8-54cc-4ffd-bfcd-179cc8cbd7fc@group-3075F34D2FDA-LeaderElection2] INFO  server.RaftServerConfigKeys (ConfUtils.java:logGet(43)) - raft.server.watch.timeout.denomination = 1s (default)
2019-10-02 10:56:00,776 [b25f22f8-54cc-4ffd-bfcd-179cc8cbd7fc@group-3075F34D2FDA-LeaderElection2] INFO  server.RaftServerConfigKeys (ConfUtils.java:logGet(43)) - raft.server.watch.element-limit = 65536 (default)
2019-10-02 10:56:00,777 [pool-87-thread-1] INFO  impl.RaftServerImpl (RaftServerImpl.java:<init>(95)) - 8a72c170-a9c5-4d45-8b78-a894de4c103c: new RaftServerImpl for group-646445554F53:[8a72c170-a9c5-4d45-8b78-a894de4c103c:192.168.30.53:42816] with ContainerStateMachine:uninitialized
2019-10-02 10:56:00,777 [pool-87-thread-1] INFO  server.RaftServerConfigKeys (ConfUtils.java:logGet(43)) - raft.server.rpc.timeout.min = 1s (custom)
2019-10-02 10:56:00,777 [pool-87-thread-1] INFO  server.RaftServerConfigKeys (ConfUtils.java:logGet(43)) - raft.server.rpc.timeout.max = 1200ms (custom)
2019-10-02 10:56:00,777 [pool-87-thread-1] INFO  server.RaftServerConfigKeys (ConfUtils.java:logGet(43)) - raft.server.rpcslowness.timeout = 120s (custom)
2019-10-02 10:56:00,777 [pool-87-thread-1] INFO  server.RaftServerConfigKeys (ConfUtils.java:logGet(43)) - raft.server.sleep.deviation.threshold = 300 (default)
2019-10-02 10:56:00,778 [pool-87-thread-1] INFO  server.RaftServerConfigKeys (ConfUtils.java:logGet(43)) - raft.server.log.appender.install.snapshot.enabled = false (custom)
2019-10-02 10:56:00,778 [pool-87-thread-1] INFO  impl.RaftServerImpl (ServerState.java:<init>(103)) - 8a72c170-a9c5-4d45-8b78-a894de4c103c@group-646445554F53: ConfigurationManager, init=-1: [8a72c170-a9c5-4d45-8b78-a894de4c103c:192.168.30.53:42816], old=null, confs=<EMPTY_MAP>
2019-10-02 10:56:00,778 [pool-87-thread-1] INFO  server.RaftServerConfigKeys (ConfUtils.java:logGet(43)) - raft.server.storage.dir = [/workdir/hadoop-ozone/integration-test/target/test-dir/MiniOzoneClusterImpl-5f261223-23be-4c6b-a914-4b08f19f7d30/datanode-6/data/ratis] (custom)
2019-10-02 10:56:00,778 [pool-87-thread-1] INFO  server.RaftServerConfigKeys (ConfUtils.java:logGet(43)) - raft.server.log.corruption.policy = EXCEPTION (default)
2019-10-02 10:56:00,778 [pool-87-thread-1] INFO  storage.RaftStorageDirectory (RaftStorageDirectory.java:analyzeStorage(246)) - The storage directory /workdir/hadoop-ozone/integration-test/target/test-dir/MiniOzoneClusterImpl-5f261223-23be-4c6b-a914-4b08f19f7d30/datanode-6/data/ratis/0f9008f3-cef6-4842-979f-646445554f53 does not exist. Creating ...
2019-10-02 10:56:00,778 [b25f22f8-54cc-4ffd-bfcd-179cc8cbd7fc@group-3075F34D2FDA-LeaderElection2] INFO  impl.RoleInfo (RoleInfo.java:updateAndGet(143)) - b25f22f8-54cc-4ffd-bfcd-179cc8cbd7fc: start LeaderState
2019-10-02 10:56:00,779 [b25f22f8-54cc-4ffd-bfcd-179cc8cbd7fc@group-3075F34D2FDA-LeaderElection2] INFO  segmented.SegmentedRaftLogWorker (SegmentedRaftLogWorker.java:startLogSegment(385)) - b25f22f8-54cc-4ffd-bfcd-179cc8cbd7fc@group-3075F34D2FDA-SegmentedRaftLogWorker: Starting segment from index:0
2019-10-02 10:56:00,779 [b25f22f8-54cc-4ffd-bfcd-179cc8cbd7fc@group-3075F34D2FDA-LeaderElection2] INFO  impl.RaftServerImpl (ServerState.java:setRaftConf(356)) - b25f22f8-54cc-4ffd-bfcd-179cc8cbd7fc@group-3075F34D2FDA: set configuration 0: [b25f22f8-54cc-4ffd-bfcd-179cc8cbd7fc:192.168.30.53:42549], old=null at 0
2019-10-02 10:56:00,808 [main] INFO  rpc.RpcClient (RpcClient.java:createVolume(276)) - Creating Volume: datanodefailurehandlingtest, with jenkins1000 as owner.
2019-10-02 10:56:00,814 [pool-87-thread-1] INFO  storage.RaftStorageDirectory (RaftStorageDirectory.java:tryLock(328)) - Lock on /workdir/hadoop-ozone/integration-test/target/test-dir/MiniOzoneClusterImpl-5f261223-23be-4c6b-a914-4b08f19f7d30/datanode-6/data/ratis/0f9008f3-cef6-4842-979f-646445554f53/in_use.lock acquired by nodename 9257@pr-trunk-5xjmm-2411255686
2019-10-02 10:56:00,839 [pool-87-thread-1] INFO  storage.RaftStorage (RaftStorage.java:format(84)) - Storage directory /workdir/hadoop-ozone/integration-test/target/test-dir/MiniOzoneClusterImpl-5f261223-23be-4c6b-a914-4b08f19f7d30/datanode-6/data/ratis/0f9008f3-cef6-4842-979f-646445554f53 has been successfully formatted.
2019-10-02 10:56:00,840 [pool-87-thread-1] INFO  ratis.ContainerStateMachine (ContainerStateMachine.java:loadSnapshot(230)) - group-646445554F53: The snapshot info is null. Setting the last applied indexto:(t:0, i:~)
2019-10-02 10:56:00,840 [pool-87-thread-1] INFO  server.RaftServerConfigKeys (ConfUtils.java:logGet(43)) - raft.server.notification.no-leader.timeout = 120s (custom)
2019-10-02 10:56:00,840 [pool-87-thread-1] INFO  server.RaftServerConfigKeys (ConfUtils.java:logGet(43)) - raft.server.log.use.memory = false (default)
2019-10-02 10:56:00,840 [pool-87-thread-1] INFO  server.RaftServerConfigKeys (ConfUtils.java:logGet(43)) - raft.server.log.purge.gap = 1000000 (custom)
2019-10-02 10:56:00,840 [pool-87-thread-1] INFO  server.RaftServerConfigKeys (ConfUtils.java:logGet(43)) - raft.server.log.appender.buffer.byte-limit = 33554432 (custom)
2019-10-02 10:56:00,840 [pool-87-thread-1] INFO  server.RaftServerConfigKeys (ConfUtils.java:logGet(43)) - raft.server.log.segment.size.max = 1048576 (custom)
2019-10-02 10:56:00,842 [pool-87-thread-1] INFO  server.RaftServerConfigKeys (ConfUtils.java:logGet(43)) - raft.server.log.segment.cache.num.max = 2 (custom)
2019-10-02 10:56:00,843 [pool-87-thread-1] INFO  segmented.SegmentedRaftLogWorker (SegmentedRaftLogWorker.java:<init>(173)) - new 8a72c170-a9c5-4d45-8b78-a894de4c103c@group-646445554F53-SegmentedRaftLogWorker for RaftStorage:Storage Directory /workdir/hadoop-ozone/integration-test/target/test-dir/MiniOzoneClusterImpl-5f261223-23be-4c6b-a914-4b08f19f7d30/datanode-6/data/ratis/0f9008f3-cef6-4842-979f-646445554f53
2019-10-02 10:56:00,843 [pool-87-thread-1] INFO  server.RaftServerConfigKeys (ConfUtils.java:logGet(43)) - raft.server.log.queue.byte-limit = 2147483647 (custom)
2019-10-02 10:56:00,843 [pool-87-thread-1] INFO  server.RaftServerConfigKeys (ConfUtils.java:logGet(43)) - raft.server.log.queue.element-limit = 1024 (custom)
2019-10-02 10:56:00,843 [pool-87-thread-1] INFO  server.RaftServerConfigKeys (ConfUtils.java:logGet(43)) - raft.server.log.segment.size.max = 1048576 (custom)
2019-10-02 10:56:00,843 [pool-87-thread-1] INFO  server.RaftServerConfigKeys (ConfUtils.java:logGet(43)) - raft.server.log.preallocated.size = 16384 (custom)
2019-10-02 10:56:00,843 [pool-87-thread-1] INFO  server.RaftServerConfigKeys (ConfUtils.java:logGet(43)) - raft.server.log.write.buffer.size = 33554432 (custom)
2019-10-02 10:56:00,843 [pool-87-thread-1] INFO  server.RaftServerConfigKeys (ConfUtils.java:logGet(43)) - raft.server.log.force.sync.num = 128 (default)
2019-10-02 10:56:00,843 [pool-87-thread-1] INFO  server.RaftServerConfigKeys (ConfUtils.java:logGet(43)) - raft.server.log.statemachine.data.sync = true (default)
2019-10-02 10:56:00,843 [pool-87-thread-1] INFO  server.RaftServerConfigKeys (ConfUtils.java:logGet(43)) - raft.server.log.statemachine.data.sync.timeout = 10s (default)
2019-10-02 10:56:00,844 [pool-87-thread-1] INFO  server.RaftServerConfigKeys (ConfUtils.java:logGet(43)) - raft.server.log.statemachine.data.sync.timeout.retry = -1 (default)
2019-10-02 10:56:00,844 [pool-87-thread-1] INFO  server.RaftServerConfigKeys (ConfUtils.java:logGet(43)) - raft.server.log.statemachine.data.caching.enabled = true (custom)
2019-10-02 10:56:00,844 [pool-87-thread-1] INFO  segmented.SegmentedRaftLogWorker (SegmentedRaftLogWorker.java:lambda$new$0(128)) - 8a72c170-a9c5-4d45-8b78-a894de4c103c@group-646445554F53-SegmentedRaftLogWorker: flushIndex: setUnconditionally 0 -> -1
2019-10-02 10:56:00,845 [pool-87-thread-1] INFO  server.RaftServerConfigKeys (ConfUtils.java:logGet(43)) - raft.server.snapshot.auto.trigger.enabled = true (custom)
2019-10-02 10:56:00,845 [pool-87-thread-1] INFO  server.RaftServerConfigKeys (ConfUtils.java:logGet(43)) - raft.server.snapshot.auto.trigger.threshold = 10000 (custom)
2019-10-02 10:56:00,845 [pool-87-thread-1] INFO  server.RaftServerConfigKeys (ConfUtils.java:logGet(43)) - raft.server.snapshot.retention.file.num = 5 (custom)
2019-10-02 10:56:00,867 [pool-87-thread-1] INFO  server.RaftServerConfigKeys (ConfUtils.java:logGet(43)) - raft.server.retrycache.expirytime = 600000ms (custom)
2019-10-02 10:56:00,869 [pool-87-thread-1] INFO  impl.RaftServerImpl (RaftServerImpl.java:start(181)) - 8a72c170-a9c5-4d45-8b78-a894de4c103c@group-646445554F53: start as a follower, conf=-1: [8a72c170-a9c5-4d45-8b78-a894de4c103c:192.168.30.53:42816], old=null
2019-10-02 10:56:00,869 [pool-87-thread-1] INFO  impl.RaftServerImpl (RaftServerImpl.java:setRole(170)) - 8a72c170-a9c5-4d45-8b78-a894de4c103c@group-646445554F53: changes role from      null to FOLLOWER at term 0 for startAsFollower
2019-10-02 10:56:00,869 [pool-87-thread-1] INFO  impl.RoleInfo (RoleInfo.java:updateAndGet(143)) - 8a72c170-a9c5-4d45-8b78-a894de4c103c: start FollowerState
2019-10-02 10:56:00,869 [pool-87-thread-1] INFO  util.JmxRegister (JmxRegister.java:tryRegister(44)) - Successfully registered JMX Bean with object name Ratis:service=RaftServer,group=group-646445554F53,id=8a72c170-a9c5-4d45-8b78-a894de4c103c
2019-10-02 10:56:00,880 [RatisPipelineUtilsThread] INFO  pipeline.PipelineStateManager (PipelineStateManager.java:addPipeline(56)) - Created pipeline Pipeline[ Id: 0f9008f3-cef6-4842-979f-646445554f53, Nodes: 8a72c170-a9c5-4d45-8b78-a894de4c103c{ip: 192.168.30.53, host: pr-trunk-5xjmm-2411255686, networkLocation: /default-rack, certSerialId: null}, Type:RATIS, Factor:ONE, State:OPEN]
2019-10-02 10:56:01,162 [Thread-291] INFO  impl.FollowerState (FollowerState.java:run(108)) - d3dffc06-1d6a-4f7a-8294-c2dc8ce35b40@group-A3ADB3AAF53A-FollowerState: change to CANDIDATE, lastRpcTime:1255ms, electionTimeout:1093ms
2019-10-02 10:56:01,162 [b25f22f8-54cc-4ffd-bfcd-179cc8cbd7fc@group-3075F34D2FDA-SegmentedRaftLogWorker] INFO  segmented.SegmentedRaftLogWorker (SegmentedRaftLogWorker.java:execute(574)) - b25f22f8-54cc-4ffd-bfcd-179cc8cbd7fc@group-3075F34D2FDA-SegmentedRaftLogWorker: created new log segment /workdir/hadoop-ozone/integration-test/target/test-dir/MiniOzoneClusterImpl-5f261223-23be-4c6b-a914-4b08f19f7d30/datanode-7/data/ratis/6916af86-3e66-467d-b79e-3075f34d2fda/current/log_inprogress_0
2019-10-02 10:56:01,162 [7df38282-3a3d-4206-964a-9b3301cd1d1f@group-80BD95CE9051-SegmentedRaftLogWorker] INFO  segmented.SegmentedRaftLogWorker (SegmentedRaftLogWorker.java:execute(574)) - 7df38282-3a3d-4206-964a-9b3301cd1d1f@group-80BD95CE9051-SegmentedRaftLogWorker: created new log segment /workdir/hadoop-ozone/integration-test/target/test-dir/MiniOzoneClusterImpl-5f261223-23be-4c6b-a914-4b08f19f7d30/datanode-0/data/ratis/a09cde63-bebd-4dee-89e6-80bd95ce9051/current/log_inprogress_0
2019-10-02 10:56:01,165 [Thread-291] INFO  impl.RoleInfo (RoleInfo.java:shutdownFollowerState(121)) - d3dffc06-1d6a-4f7a-8294-c2dc8ce35b40: shutdown FollowerState
2019-10-02 10:56:01,166 [Thread-291] INFO  impl.RaftServerImpl (RaftServerImpl.java:setRole(170)) - d3dffc06-1d6a-4f7a-8294-c2dc8ce35b40@group-A3ADB3AAF53A: changes role from  FOLLOWER to CANDIDATE at term 0 for changeToCandidate
2019-10-02 10:56:01,166 [Thread-291] INFO  impl.RoleInfo (RoleInfo.java:updateAndGet(143)) - d3dffc06-1d6a-4f7a-8294-c2dc8ce35b40: start LeaderElection
2019-10-02 10:56:01,242 [d3dffc06-1d6a-4f7a-8294-c2dc8ce35b40@group-A3ADB3AAF53A-LeaderElection3] INFO  impl.LeaderElection (LeaderElection.java:askForVotes(178)) - d3dffc06-1d6a-4f7a-8294-c2dc8ce35b40@group-A3ADB3AAF53A-LeaderElection3: begin an election at term 1 for -1: [d3dffc06-1d6a-4f7a-8294-c2dc8ce35b40:192.168.30.53:33785], old=null
2019-10-02 10:56:01,246 [d3dffc06-1d6a-4f7a-8294-c2dc8ce35b40@group-A3ADB3AAF53A-LeaderElection3] INFO  impl.RoleInfo (RoleInfo.java:shutdownLeaderElection(134)) - d3dffc06-1d6a-4f7a-8294-c2dc8ce35b40: shutdown LeaderElection
2019-10-02 10:56:01,246 [d3dffc06-1d6a-4f7a-8294-c2dc8ce35b40@group-A3ADB3AAF53A-LeaderElection3] INFO  impl.RaftServerImpl (RaftServerImpl.java:setRole(170)) - d3dffc06-1d6a-4f7a-8294-c2dc8ce35b40@group-A3ADB3AAF53A: changes role from CANDIDATE to LEADER at term 1 for changeToLeader
2019-10-02 10:56:01,247 [grpc-default-executor-1] INFO  impl.RaftServerProxy (RaftServerProxy.java:addNew(89)) - b25f22f8-54cc-4ffd-bfcd-179cc8cbd7fc: addNew group-ABAF19C3FAB0:[d3dffc06-1d6a-4f7a-8294-c2dc8ce35b40:192.168.30.53:33785, 7df38282-3a3d-4206-964a-9b3301cd1d1f:192.168.30.53:34960, b25f22f8-54cc-4ffd-bfcd-179cc8cbd7fc:192.168.30.53:42549] returns group-ABAF19C3FAB0:java.util.concurrent.CompletableFuture@4176f9c7[Not completed]
2019-10-02 10:56:01,247 [d3dffc06-1d6a-4f7a-8294-c2dc8ce35b40@group-A3ADB3AAF53A-LeaderElection3] INFO  impl.RaftServerImpl (ServerState.java:setLeader(255)) - d3dffc06-1d6a-4f7a-8294-c2dc8ce35b40@group-A3ADB3AAF53A: change Leader from null to d3dffc06-1d6a-4f7a-8294-c2dc8ce35b40 at term 1 for becomeLeader, leader elected after 1410ms
2019-10-02 10:56:01,247 [grpc-default-executor-2] INFO  impl.RaftServerProxy (RaftServerProxy.java:addNew(89)) - 7df38282-3a3d-4206-964a-9b3301cd1d1f: addNew group-ABAF19C3FAB0:[d3dffc06-1d6a-4f7a-8294-c2dc8ce35b40:192.168.30.53:33785, 7df38282-3a3d-4206-964a-9b3301cd1d1f:192.168.30.53:34960, b25f22f8-54cc-4ffd-bfcd-179cc8cbd7fc:192.168.30.53:42549] returns group-ABAF19C3FAB0:java.util.concurrent.CompletableFuture@41d9dfb3[Not completed]
2019-10-02 10:56:01,247 [d3dffc06-1d6a-4f7a-8294-c2dc8ce35b40@group-A3ADB3AAF53A-LeaderElection3] INFO  server.RaftServerConfigKeys (ConfUtils.java:logGet(43)) - raft.server.staging.catchup.gap = 1000 (default)
2019-10-02 10:56:01,247 [grpc-default-executor-0] INFO  impl.RaftServerProxy (RaftServerProxy.java:addNew(89)) - d3dffc06-1d6a-4f7a-8294-c2dc8ce35b40: addNew group-ABAF19C3FAB0:[d3dffc06-1d6a-4f7a-8294-c2dc8ce35b40:192.168.30.53:33785, 7df38282-3a3d-4206-964a-9b3301cd1d1f:192.168.30.53:34960, b25f22f8-54cc-4ffd-bfcd-179cc8cbd7fc:192.168.30.53:42549] returns group-ABAF19C3FAB0:java.util.concurrent.CompletableFuture@480265b9[Not completed]
2019-10-02 10:56:01,247 [d3dffc06-1d6a-4f7a-8294-c2dc8ce35b40@group-A3ADB3AAF53A-LeaderElection3] INFO  server.RaftServerConfigKeys (ConfUtils.java:logGet(43)) - raft.server.rpc.sleep.time = 25ms (default)
2019-10-02 10:56:01,248 [d3dffc06-1d6a-4f7a-8294-c2dc8ce35b40@group-A3ADB3AAF53A-LeaderElection3] INFO  server.RaftServerConfigKeys (ConfUtils.java:logGet(43)) - raft.server.write.element-limit = 4096 (default)
2019-10-02 10:56:01,248 [d3dffc06-1d6a-4f7a-8294-c2dc8ce35b40@group-A3ADB3AAF53A-LeaderElection3] INFO  server.RaftServerConfigKeys (ConfUtils.java:logGet(43)) - raft.server.watch.timeout = 10s (default)
2019-10-02 10:56:01,248 [d3dffc06-1d6a-4f7a-8294-c2dc8ce35b40@group-A3ADB3AAF53A-LeaderElection3] INFO  server.RaftServerConfigKeys (ConfUtils.java:logGet(43)) - raft.server.watch.timeout.denomination = 1s (default)
2019-10-02 10:56:01,248 [d3dffc06-1d6a-4f7a-8294-c2dc8ce35b40@group-A3ADB3AAF53A-LeaderElection3] INFO  server.RaftServerConfigKeys (ConfUtils.java:logGet(43)) - raft.server.watch.element-limit = 65536 (default)
2019-10-02 10:56:01,289 [IPC Server handler 14 on 39449] INFO  volume.OMVolumeCreateRequest (OMVolumeCreateRequest.java:validateAndUpdateCache(194)) - created volume:datanodefailurehandlingtest for user:jenkins1000
2019-10-02 10:56:01,293 [Thread-294] INFO  impl.FollowerState (FollowerState.java:run(108)) - aafbe2ba-816f-4d3a-bbb1-a8f59b8799f5@group-E15FF9DC8DE1-FollowerState: change to CANDIDATE, lastRpcTime:1171ms, electionTimeout:1168ms
2019-10-02 10:56:01,295 [Thread-294] INFO  impl.RoleInfo (RoleInfo.java:shutdownFollowerState(121)) - aafbe2ba-816f-4d3a-bbb1-a8f59b8799f5: shutdown FollowerState
2019-10-02 10:56:01,295 [Thread-294] INFO  impl.RaftServerImpl (RaftServerImpl.java:setRole(170)) - aafbe2ba-816f-4d3a-bbb1-a8f59b8799f5@group-E15FF9DC8DE1: changes role from  FOLLOWER to CANDIDATE at term 0 for changeToCandidate
2019-10-02 10:56:01,312 [Thread-294] INFO  impl.RoleInfo (RoleInfo.java:updateAndGet(143)) - aafbe2ba-816f-4d3a-bbb1-a8f59b8799f5: start LeaderElection
2019-10-02 10:56:01,353 [Thread-297] INFO  impl.FollowerState (FollowerState.java:run(108)) - 8430a53a-9f01-498d-8c8f-dce4ce45751c@group-9671E89817FA-FollowerState: change to CANDIDATE, lastRpcTime:1115ms, electionTimeout:1108ms
2019-10-02 10:56:01,353 [Thread-297] INFO  impl.RoleInfo (RoleInfo.java:shutdownFollowerState(121)) - 8430a53a-9f01-498d-8c8f-dce4ce45751c: shutdown FollowerState
2019-10-02 10:56:01,353 [Thread-297] INFO  impl.RaftServerImpl (RaftServerImpl.java:setRole(170)) - 8430a53a-9f01-498d-8c8f-dce4ce45751c@group-9671E89817FA: changes role from  FOLLOWER to CANDIDATE at term 0 for changeToCandidate
2019-10-02 10:56:01,373 [Thread-297] INFO  impl.RoleInfo (RoleInfo.java:updateAndGet(143)) - 8430a53a-9f01-498d-8c8f-dce4ce45751c: start LeaderElection
2019-10-02 10:56:01,412 [Thread-300] INFO  impl.FollowerState (FollowerState.java:run(108)) - 29e87443-95b0-4e72-8a30-e6a8d307cc03@group-D24086775EB0-FollowerState: change to CANDIDATE, lastRpcTime:1059ms, electionTimeout:1056ms
2019-10-02 10:56:01,413 [Thread-300] INFO  impl.RoleInfo (RoleInfo.java:shutdownFollowerState(121)) - 29e87443-95b0-4e72-8a30-e6a8d307cc03: shutdown FollowerState
2019-10-02 10:56:01,413 [Thread-300] INFO  impl.RaftServerImpl (RaftServerImpl.java:setRole(170)) - 29e87443-95b0-4e72-8a30-e6a8d307cc03@group-D24086775EB0: changes role from  FOLLOWER to CANDIDATE at term 0 for changeToCandidate
2019-10-02 10:56:01,413 [Thread-300] INFO  impl.RoleInfo (RoleInfo.java:updateAndGet(143)) - 29e87443-95b0-4e72-8a30-e6a8d307cc03: start LeaderElection
2019-10-02 10:56:01,423 [main] INFO  rpc.RpcClient (RpcClient.java:createBucket(415)) - Creating Bucket: datanodefailurehandlingtest/datanodefailurehandlingtest, with Versioning false and Storage Type set to DISK and Encryption set to false 
2019-10-02 10:56:01,578 [Thread-305] INFO  impl.FollowerState (FollowerState.java:run(108)) - ad13a282-c5bf-465a-9fe1-7adee9400ee3@group-DF5D135B69C0-FollowerState: change to CANDIDATE, lastRpcTime:1101ms, electionTimeout:1094ms
2019-10-02 10:56:01,585 [Thread-305] INFO  impl.RoleInfo (RoleInfo.java:shutdownFollowerState(121)) - ad13a282-c5bf-465a-9fe1-7adee9400ee3: shutdown FollowerState
2019-10-02 10:56:01,585 [Thread-305] INFO  impl.RaftServerImpl (RaftServerImpl.java:setRole(170)) - ad13a282-c5bf-465a-9fe1-7adee9400ee3@group-DF5D135B69C0: changes role from  FOLLOWER to CANDIDATE at term 0 for changeToCandidate
2019-10-02 10:56:01,585 [Thread-305] INFO  impl.RoleInfo (RoleInfo.java:updateAndGet(143)) - ad13a282-c5bf-465a-9fe1-7adee9400ee3: start LeaderElection
2019-10-02 10:56:01,605 [Thread-309] INFO  impl.FollowerState (FollowerState.java:run(108)) - b7ca2e1f-1771-41a0-9147-b4dd2438232c@group-973438D00702-FollowerState: change to CANDIDATE, lastRpcTime:1005ms, electionTimeout:1005ms
2019-10-02 10:56:01,605 [Thread-309] INFO  impl.RoleInfo (RoleInfo.java:shutdownFollowerState(121)) - b7ca2e1f-1771-41a0-9147-b4dd2438232c: shutdown FollowerState
2019-10-02 10:56:01,605 [Thread-309] INFO  impl.RaftServerImpl (RaftServerImpl.java:setRole(170)) - b7ca2e1f-1771-41a0-9147-b4dd2438232c@group-973438D00702: changes role from  FOLLOWER to CANDIDATE at term 0 for changeToCandidate
2019-10-02 10:56:01,607 [Thread-309] INFO  impl.RoleInfo (RoleInfo.java:updateAndGet(143)) - b7ca2e1f-1771-41a0-9147-b4dd2438232c: start LeaderElection
2019-10-02 10:56:01,681 [Thread-283] INFO  container.ReplicationManager (ReplicationManager.java:start(162)) - Starting Replication Monitor Thread.
2019-10-02 10:56:01,682 [pool-47-thread-1] INFO  impl.RaftServerImpl (RaftServerImpl.java:<init>(95)) - d3dffc06-1d6a-4f7a-8294-c2dc8ce35b40: new RaftServerImpl for group-ABAF19C3FAB0:[d3dffc06-1d6a-4f7a-8294-c2dc8ce35b40:192.168.30.53:33785, 7df38282-3a3d-4206-964a-9b3301cd1d1f:192.168.30.53:34960, b25f22f8-54cc-4ffd-bfcd-179cc8cbd7fc:192.168.30.53:42549] with ContainerStateMachine:uninitialized
2019-10-02 10:56:01,682 [ReplicationMonitor] INFO  container.ReplicationManager (ReplicationManager.java:run(225)) - Replication Monitor Thread took 0 milliseconds for processing 0 containers.
2019-10-02 10:56:01,682 [pool-47-thread-1] INFO  server.RaftServerConfigKeys (ConfUtils.java:logGet(43)) - raft.server.rpc.timeout.min = 1s (custom)
2019-10-02 10:56:01,682 [pool-47-thread-1] INFO  server.RaftServerConfigKeys (ConfUtils.java:logGet(43)) - raft.server.rpc.timeout.max = 1200ms (custom)
2019-10-02 10:56:01,683 [pool-47-thread-1] INFO  server.RaftServerConfigKeys (ConfUtils.java:logGet(43)) - raft.server.rpcslowness.timeout = 120s (custom)
2019-10-02 10:56:01,683 [d3dffc06-1d6a-4f7a-8294-c2dc8ce35b40@group-A3ADB3AAF53A-LeaderElection3] INFO  impl.RoleInfo (RoleInfo.java:updateAndGet(143)) - d3dffc06-1d6a-4f7a-8294-c2dc8ce35b40: start LeaderState
2019-10-02 10:56:01,683 [pool-47-thread-1] INFO  server.RaftServerConfigKeys (ConfUtils.java:logGet(43)) - raft.server.sleep.deviation.threshold = 300 (default)
2019-10-02 10:56:01,683 [pool-47-thread-1] INFO  server.RaftServerConfigKeys (ConfUtils.java:logGet(43)) - raft.server.log.appender.install.snapshot.enabled = false (custom)
2019-10-02 10:56:01,683 [pool-47-thread-1] INFO  impl.RaftServerImpl (ServerState.java:<init>(103)) - d3dffc06-1d6a-4f7a-8294-c2dc8ce35b40@group-ABAF19C3FAB0: ConfigurationManager, init=-1: [d3dffc06-1d6a-4f7a-8294-c2dc8ce35b40:192.168.30.53:33785, 7df38282-3a3d-4206-964a-9b3301cd1d1f:192.168.30.53:34960, b25f22f8-54cc-4ffd-bfcd-179cc8cbd7fc:192.168.30.53:42549], old=null, confs=<EMPTY_MAP>
2019-10-02 10:56:01,683 [pool-97-thread-1] INFO  impl.RaftServerImpl (RaftServerImpl.java:<init>(95)) - b25f22f8-54cc-4ffd-bfcd-179cc8cbd7fc: new RaftServerImpl for group-ABAF19C3FAB0:[d3dffc06-1d6a-4f7a-8294-c2dc8ce35b40:192.168.30.53:33785, 7df38282-3a3d-4206-964a-9b3301cd1d1f:192.168.30.53:34960, b25f22f8-54cc-4ffd-bfcd-179cc8cbd7fc:192.168.30.53:42549] with ContainerStateMachine:uninitialized
2019-10-02 10:56:01,683 [d3dffc06-1d6a-4f7a-8294-c2dc8ce35b40@group-A3ADB3AAF53A-LeaderElection3] INFO  segmented.SegmentedRaftLogWorker (SegmentedRaftLogWorker.java:startLogSegment(385)) - d3dffc06-1d6a-4f7a-8294-c2dc8ce35b40@group-A3ADB3AAF53A-SegmentedRaftLogWorker: Starting segment from index:0
2019-10-02 10:56:01,683 [pool-97-thread-1] INFO  server.RaftServerConfigKeys (ConfUtils.java:logGet(43)) - raft.server.rpc.timeout.min = 1s (custom)
2019-10-02 10:56:01,683 [pool-47-thread-1] INFO  server.RaftServerConfigKeys (ConfUtils.java:logGet(43)) - raft.server.storage.dir = [/workdir/hadoop-ozone/integration-test/target/test-dir/MiniOzoneClusterImpl-5f261223-23be-4c6b-a914-4b08f19f7d30/datanode-2/data/ratis] (custom)
2019-10-02 10:56:01,684 [pool-97-thread-1] INFO  server.RaftServerConfigKeys (ConfUtils.java:logGet(43)) - raft.server.rpc.timeout.max = 1200ms (custom)
2019-10-02 10:56:01,684 [pool-97-thread-1] INFO  server.RaftServerConfigKeys (ConfUtils.java:logGet(43)) - raft.server.rpcslowness.timeout = 120s (custom)
2019-10-02 10:56:01,684 [pool-47-thread-1] INFO  server.RaftServerConfigKeys (ConfUtils.java:logGet(43)) - raft.server.log.corruption.policy = EXCEPTION (default)
2019-10-02 10:56:01,684 [pool-27-thread-1] INFO  impl.RaftServerImpl (RaftServerImpl.java:<init>(95)) - 7df38282-3a3d-4206-964a-9b3301cd1d1f: new RaftServerImpl for group-ABAF19C3FAB0:[d3dffc06-1d6a-4f7a-8294-c2dc8ce35b40:192.168.30.53:33785, 7df38282-3a3d-4206-964a-9b3301cd1d1f:192.168.30.53:34960, b25f22f8-54cc-4ffd-bfcd-179cc8cbd7fc:192.168.30.53:42549] with ContainerStateMachine:uninitialized
2019-10-02 10:56:01,684 [pool-47-thread-1] INFO  storage.RaftStorageDirectory (RaftStorageDirectory.java:analyzeStorage(246)) - The storage directory /workdir/hadoop-ozone/integration-test/target/test-dir/MiniOzoneClusterImpl-5f261223-23be-4c6b-a914-4b08f19f7d30/datanode-2/data/ratis/de56a06a-588d-4871-b7e3-abaf19c3fab0 does not exist. Creating ...
2019-10-02 10:56:01,684 [d3dffc06-1d6a-4f7a-8294-c2dc8ce35b40@group-A3ADB3AAF53A-LeaderElection3] INFO  impl.RaftServerImpl (ServerState.java:setRaftConf(356)) - d3dffc06-1d6a-4f7a-8294-c2dc8ce35b40@group-A3ADB3AAF53A: set configuration 0: [d3dffc06-1d6a-4f7a-8294-c2dc8ce35b40:192.168.30.53:33785], old=null at 0
2019-10-02 10:56:01,684 [pool-97-thread-1] INFO  server.RaftServerConfigKeys (ConfUtils.java:logGet(43)) - raft.server.sleep.deviation.threshold = 300 (default)
2019-10-02 10:56:01,684 [pool-27-thread-1] INFO  server.RaftServerConfigKeys (ConfUtils.java:logGet(43)) - raft.server.rpc.timeout.min = 1s (custom)
2019-10-02 10:56:01,719 [pool-97-thread-1] INFO  server.RaftServerConfigKeys (ConfUtils.java:logGet(43)) - raft.server.log.appender.install.snapshot.enabled = false (custom)
2019-10-02 10:56:01,719 [pool-27-thread-1] INFO  server.RaftServerConfigKeys (ConfUtils.java:logGet(43)) - raft.server.rpc.timeout.max = 1200ms (custom)
2019-10-02 10:56:01,719 [pool-97-thread-1] INFO  impl.RaftServerImpl (ServerState.java:<init>(103)) - b25f22f8-54cc-4ffd-bfcd-179cc8cbd7fc@group-ABAF19C3FAB0: ConfigurationManager, init=-1: [d3dffc06-1d6a-4f7a-8294-c2dc8ce35b40:192.168.30.53:33785, 7df38282-3a3d-4206-964a-9b3301cd1d1f:192.168.30.53:34960, b25f22f8-54cc-4ffd-bfcd-179cc8cbd7fc:192.168.30.53:42549], old=null, confs=<EMPTY_MAP>
2019-10-02 10:56:01,719 [pool-27-thread-1] INFO  server.RaftServerConfigKeys (ConfUtils.java:logGet(43)) - raft.server.rpcslowness.timeout = 120s (custom)
2019-10-02 10:56:01,720 [pool-27-thread-1] INFO  server.RaftServerConfigKeys (ConfUtils.java:logGet(43)) - raft.server.sleep.deviation.threshold = 300 (default)
2019-10-02 10:56:01,720 [pool-97-thread-1] INFO  server.RaftServerConfigKeys (ConfUtils.java:logGet(43)) - raft.server.storage.dir = [/workdir/hadoop-ozone/integration-test/target/test-dir/MiniOzoneClusterImpl-5f261223-23be-4c6b-a914-4b08f19f7d30/datanode-7/data/ratis] (custom)
2019-10-02 10:56:01,720 [pool-27-thread-1] INFO  server.RaftServerConfigKeys (ConfUtils.java:logGet(43)) - raft.server.log.appender.install.snapshot.enabled = false (custom)
2019-10-02 10:56:01,720 [pool-27-thread-1] INFO  impl.RaftServerImpl (ServerState.java:<init>(103)) - 7df38282-3a3d-4206-964a-9b3301cd1d1f@group-ABAF19C3FAB0: ConfigurationManager, init=-1: [d3dffc06-1d6a-4f7a-8294-c2dc8ce35b40:192.168.30.53:33785, 7df38282-3a3d-4206-964a-9b3301cd1d1f:192.168.30.53:34960, b25f22f8-54cc-4ffd-bfcd-179cc8cbd7fc:192.168.30.53:42549], old=null, confs=<EMPTY_MAP>
2019-10-02 10:56:01,720 [pool-97-thread-1] INFO  server.RaftServerConfigKeys (ConfUtils.java:logGet(43)) - raft.server.log.corruption.policy = EXCEPTION (default)
2019-10-02 10:56:01,720 [pool-27-thread-1] INFO  server.RaftServerConfigKeys (ConfUtils.java:logGet(43)) - raft.server.storage.dir = [/workdir/hadoop-ozone/integration-test/target/test-dir/MiniOzoneClusterImpl-5f261223-23be-4c6b-a914-4b08f19f7d30/datanode-0/data/ratis] (custom)
2019-10-02 10:56:01,721 [pool-97-thread-1] INFO  storage.RaftStorageDirectory (RaftStorageDirectory.java:analyzeStorage(246)) - The storage directory /workdir/hadoop-ozone/integration-test/target/test-dir/MiniOzoneClusterImpl-5f261223-23be-4c6b-a914-4b08f19f7d30/datanode-7/data/ratis/de56a06a-588d-4871-b7e3-abaf19c3fab0 does not exist. Creating ...
2019-10-02 10:56:01,721 [pool-27-thread-1] INFO  server.RaftServerConfigKeys (ConfUtils.java:logGet(43)) - raft.server.log.corruption.policy = EXCEPTION (default)
2019-10-02 10:56:01,721 [pool-27-thread-1] INFO  storage.RaftStorageDirectory (RaftStorageDirectory.java:analyzeStorage(246)) - The storage directory /workdir/hadoop-ozone/integration-test/target/test-dir/MiniOzoneClusterImpl-5f261223-23be-4c6b-a914-4b08f19f7d30/datanode-0/data/ratis/de56a06a-588d-4871-b7e3-abaf19c3fab0 does not exist. Creating ...
2019-10-02 10:56:01,845 [Thread-314] INFO  impl.FollowerState (FollowerState.java:run(108)) - c999d89f-1e5d-4182-937c-40b6b56775d9@group-6F3DB6598A29-FollowerState: change to CANDIDATE, lastRpcTime:1101ms, electionTimeout:1101ms
2019-10-02 10:56:01,845 [Thread-314] INFO  impl.RoleInfo (RoleInfo.java:shutdownFollowerState(121)) - c999d89f-1e5d-4182-937c-40b6b56775d9: shutdown FollowerState
2019-10-02 10:56:01,845 [Thread-314] INFO  impl.RaftServerImpl (RaftServerImpl.java:setRole(170)) - c999d89f-1e5d-4182-937c-40b6b56775d9@group-6F3DB6598A29: changes role from  FOLLOWER to CANDIDATE at term 0 for changeToCandidate
2019-10-02 10:56:01,846 [Thread-314] INFO  impl.RoleInfo (RoleInfo.java:updateAndGet(143)) - c999d89f-1e5d-4182-937c-40b6b56775d9: start LeaderElection
2019-10-02 10:56:02,056 [Thread-319] INFO  impl.FollowerState (FollowerState.java:run(108)) - 8a72c170-a9c5-4d45-8b78-a894de4c103c@group-646445554F53-FollowerState: change to CANDIDATE, lastRpcTime:1186ms, electionTimeout:1186ms
2019-10-02 10:56:02,056 [Thread-319] INFO  impl.RoleInfo (RoleInfo.java:shutdownFollowerState(121)) - 8a72c170-a9c5-4d45-8b78-a894de4c103c: shutdown FollowerState
2019-10-02 10:56:02,056 [Thread-319] INFO  impl.RaftServerImpl (RaftServerImpl.java:setRole(170)) - 8a72c170-a9c5-4d45-8b78-a894de4c103c@group-646445554F53: changes role from  FOLLOWER to CANDIDATE at term 0 for changeToCandidate
2019-10-02 10:56:02,056 [Thread-319] INFO  impl.RoleInfo (RoleInfo.java:updateAndGet(143)) - 8a72c170-a9c5-4d45-8b78-a894de4c103c: start LeaderElection
2019-10-02 10:56:02,145 [8430a53a-9f01-498d-8c8f-dce4ce45751c@group-9671E89817FA-LeaderElection5] INFO  impl.LeaderElection (LeaderElection.java:askForVotes(178)) - 8430a53a-9f01-498d-8c8f-dce4ce45751c@group-9671E89817FA-LeaderElection5: begin an election at term 1 for -1: [8430a53a-9f01-498d-8c8f-dce4ce45751c:192.168.30.53:38350], old=null
2019-10-02 10:56:02,145 [29e87443-95b0-4e72-8a30-e6a8d307cc03@group-D24086775EB0-LeaderElection6] INFO  impl.LeaderElection (LeaderElection.java:askForVotes(178)) - 29e87443-95b0-4e72-8a30-e6a8d307cc03@group-D24086775EB0-LeaderElection6: begin an election at term 1 for -1: [29e87443-95b0-4e72-8a30-e6a8d307cc03:192.168.30.53:41099], old=null
2019-10-02 10:56:02,145 [aafbe2ba-816f-4d3a-bbb1-a8f59b8799f5@group-E15FF9DC8DE1-LeaderElection4] INFO  impl.LeaderElection (LeaderElection.java:askForVotes(178)) - aafbe2ba-816f-4d3a-bbb1-a8f59b8799f5@group-E15FF9DC8DE1-LeaderElection4: begin an election at term 1 for -1: [aafbe2ba-816f-4d3a-bbb1-a8f59b8799f5:192.168.30.53:38876], old=null
2019-10-02 10:56:02,146 [29e87443-95b0-4e72-8a30-e6a8d307cc03@group-D24086775EB0-LeaderElection6] INFO  impl.RoleInfo (RoleInfo.java:shutdownLeaderElection(134)) - 29e87443-95b0-4e72-8a30-e6a8d307cc03: shutdown LeaderElection
2019-10-02 10:56:02,145 [8430a53a-9f01-498d-8c8f-dce4ce45751c@group-9671E89817FA-LeaderElection5] INFO  impl.RoleInfo (RoleInfo.java:shutdownLeaderElection(134)) - 8430a53a-9f01-498d-8c8f-dce4ce45751c: shutdown LeaderElection
2019-10-02 10:56:02,146 [29e87443-95b0-4e72-8a30-e6a8d307cc03@group-D24086775EB0-LeaderElection6] INFO  impl.RaftServerImpl (RaftServerImpl.java:setRole(170)) - 29e87443-95b0-4e72-8a30-e6a8d307cc03@group-D24086775EB0: changes role from CANDIDATE to LEADER at term 1 for changeToLeader
2019-10-02 10:56:02,146 [8430a53a-9f01-498d-8c8f-dce4ce45751c@group-9671E89817FA-LeaderElection5] INFO  impl.RaftServerImpl (RaftServerImpl.java:setRole(170)) - 8430a53a-9f01-498d-8c8f-dce4ce45751c@group-9671E89817FA: changes role from CANDIDATE to LEADER at term 1 for changeToLeader
2019-10-02 10:56:02,146 [aafbe2ba-816f-4d3a-bbb1-a8f59b8799f5@group-E15FF9DC8DE1-LeaderElection4] INFO  impl.RoleInfo (RoleInfo.java:shutdownLeaderElection(134)) - aafbe2ba-816f-4d3a-bbb1-a8f59b8799f5: shutdown LeaderElection
2019-10-02 10:56:02,146 [8430a53a-9f01-498d-8c8f-dce4ce45751c@group-9671E89817FA-LeaderElection5] INFO  impl.RaftServerImpl (ServerState.java:setLeader(255)) - 8430a53a-9f01-498d-8c8f-dce4ce45751c@group-9671E89817FA: change Leader from null to 8430a53a-9f01-498d-8c8f-dce4ce45751c at term 1 for becomeLeader, leader elected after 1916ms
2019-10-02 10:56:02,146 [29e87443-95b0-4e72-8a30-e6a8d307cc03@group-D24086775EB0-LeaderElection6] INFO  impl.RaftServerImpl (ServerState.java:setLeader(255)) - 29e87443-95b0-4e72-8a30-e6a8d307cc03@group-D24086775EB0: change Leader from null to 29e87443-95b0-4e72-8a30-e6a8d307cc03 at term 1 for becomeLeader, leader elected after 1802ms
2019-10-02 10:56:02,146 [8430a53a-9f01-498d-8c8f-dce4ce45751c@group-9671E89817FA-LeaderElection5] INFO  server.RaftServerConfigKeys (ConfUtils.java:logGet(43)) - raft.server.staging.catchup.gap = 1000 (default)
2019-10-02 10:56:02,146 [aafbe2ba-816f-4d3a-bbb1-a8f59b8799f5@group-E15FF9DC8DE1-LeaderElection4] INFO  impl.RaftServerImpl (RaftServerImpl.java:setRole(170)) - aafbe2ba-816f-4d3a-bbb1-a8f59b8799f5@group-E15FF9DC8DE1: changes role from CANDIDATE to LEADER at term 1 for changeToLeader
2019-10-02 10:56:02,147 [8430a53a-9f01-498d-8c8f-dce4ce45751c@group-9671E89817FA-LeaderElection5] INFO  server.RaftServerConfigKeys (ConfUtils.java:logGet(43)) - raft.server.rpc.sleep.time = 25ms (default)
2019-10-02 10:56:02,146 [29e87443-95b0-4e72-8a30-e6a8d307cc03@group-D24086775EB0-LeaderElection6] INFO  server.RaftServerConfigKeys (ConfUtils.java:logGet(43)) - raft.server.staging.catchup.gap = 1000 (default)
2019-10-02 10:56:02,147 [aafbe2ba-816f-4d3a-bbb1-a8f59b8799f5@group-E15FF9DC8DE1-LeaderElection4] INFO  impl.RaftServerImpl (ServerState.java:setLeader(255)) - aafbe2ba-816f-4d3a-bbb1-a8f59b8799f5@group-E15FF9DC8DE1: change Leader from null to aafbe2ba-816f-4d3a-bbb1-a8f59b8799f5 at term 1 for becomeLeader, leader elected after 2036ms
2019-10-02 10:56:02,147 [8430a53a-9f01-498d-8c8f-dce4ce45751c@group-9671E89817FA-LeaderElection5] INFO  server.RaftServerConfigKeys (ConfUtils.java:logGet(43)) - raft.server.write.element-limit = 4096 (default)
2019-10-02 10:56:02,147 [29e87443-95b0-4e72-8a30-e6a8d307cc03@group-D24086775EB0-LeaderElection6] INFO  server.RaftServerConfigKeys (ConfUtils.java:logGet(43)) - raft.server.rpc.sleep.time = 25ms (default)
2019-10-02 10:56:02,147 [8430a53a-9f01-498d-8c8f-dce4ce45751c@group-9671E89817FA-LeaderElection5] INFO  server.RaftServerConfigKeys (ConfUtils.java:logGet(43)) - raft.server.watch.timeout = 10s (default)
2019-10-02 10:56:02,147 [aafbe2ba-816f-4d3a-bbb1-a8f59b8799f5@group-E15FF9DC8DE1-LeaderElection4] INFO  server.RaftServerConfigKeys (ConfUtils.java:logGet(43)) - raft.server.staging.catchup.gap = 1000 (default)
2019-10-02 10:56:02,147 [8430a53a-9f01-498d-8c8f-dce4ce45751c@group-9671E89817FA-LeaderElection5] INFO  server.RaftServerConfigKeys (ConfUtils.java:logGet(43)) - raft.server.watch.timeout.denomination = 1s (default)
2019-10-02 10:56:02,147 [29e87443-95b0-4e72-8a30-e6a8d307cc03@group-D24086775EB0-LeaderElection6] INFO  server.RaftServerConfigKeys (ConfUtils.java:logGet(43)) - raft.server.write.element-limit = 4096 (default)
2019-10-02 10:56:02,148 [8430a53a-9f01-498d-8c8f-dce4ce45751c@group-9671E89817FA-LeaderElection5] INFO  server.RaftServerConfigKeys (ConfUtils.java:logGet(43)) - raft.server.watch.element-limit = 65536 (default)
2019-10-02 10:56:02,148 [aafbe2ba-816f-4d3a-bbb1-a8f59b8799f5@group-E15FF9DC8DE1-LeaderElection4] INFO  server.RaftServerConfigKeys (ConfUtils.java:logGet(43)) - raft.server.rpc.sleep.time = 25ms (default)
2019-10-02 10:56:02,148 [29e87443-95b0-4e72-8a30-e6a8d307cc03@group-D24086775EB0-LeaderElection6] INFO  server.RaftServerConfigKeys (ConfUtils.java:logGet(43)) - raft.server.watch.timeout = 10s (default)
2019-10-02 10:56:02,148 [29e87443-95b0-4e72-8a30-e6a8d307cc03@group-D24086775EB0-LeaderElection6] INFO  server.RaftServerConfigKeys (ConfUtils.java:logGet(43)) - raft.server.watch.timeout.denomination = 1s (default)
2019-10-02 10:56:02,148 [aafbe2ba-816f-4d3a-bbb1-a8f59b8799f5@group-E15FF9DC8DE1-LeaderElection4] INFO  server.RaftServerConfigKeys (ConfUtils.java:logGet(43)) - raft.server.write.element-limit = 4096 (default)
2019-10-02 10:56:02,148 [29e87443-95b0-4e72-8a30-e6a8d307cc03@group-D24086775EB0-LeaderElection6] INFO  server.RaftServerConfigKeys (ConfUtils.java:logGet(43)) - raft.server.watch.element-limit = 65536 (default)
2019-10-02 10:56:02,148 [aafbe2ba-816f-4d3a-bbb1-a8f59b8799f5@group-E15FF9DC8DE1-LeaderElection4] INFO  server.RaftServerConfigKeys (ConfUtils.java:logGet(43)) - raft.server.watch.timeout = 10s (default)
2019-10-02 10:56:02,149 [aafbe2ba-816f-4d3a-bbb1-a8f59b8799f5@group-E15FF9DC8DE1-LeaderElection4] INFO  server.RaftServerConfigKeys (ConfUtils.java:logGet(43)) - raft.server.watch.timeout.denomination = 1s (default)
2019-10-02 10:56:02,149 [aafbe2ba-816f-4d3a-bbb1-a8f59b8799f5@group-E15FF9DC8DE1-LeaderElection4] INFO  server.RaftServerConfigKeys (ConfUtils.java:logGet(43)) - raft.server.watch.element-limit = 65536 (default)
2019-10-02 10:56:02,153 [8430a53a-9f01-498d-8c8f-dce4ce45751c@group-9671E89817FA-LeaderElection5] INFO  impl.RoleInfo (RoleInfo.java:updateAndGet(143)) - 8430a53a-9f01-498d-8c8f-dce4ce45751c: start LeaderState
2019-10-02 10:56:02,154 [8430a53a-9f01-498d-8c8f-dce4ce45751c@group-9671E89817FA-LeaderElection5] INFO  segmented.SegmentedRaftLogWorker (SegmentedRaftLogWorker.java:startLogSegment(385)) - 8430a53a-9f01-498d-8c8f-dce4ce45751c@group-9671E89817FA-SegmentedRaftLogWorker: Starting segment from index:0
2019-10-02 10:56:02,154 [29e87443-95b0-4e72-8a30-e6a8d307cc03@group-D24086775EB0-LeaderElection6] INFO  impl.RoleInfo (RoleInfo.java:updateAndGet(143)) - 29e87443-95b0-4e72-8a30-e6a8d307cc03: start LeaderState
2019-10-02 10:56:02,154 [aafbe2ba-816f-4d3a-bbb1-a8f59b8799f5@group-E15FF9DC8DE1-LeaderElection4] INFO  impl.RoleInfo (RoleInfo.java:updateAndGet(143)) - aafbe2ba-816f-4d3a-bbb1-a8f59b8799f5: start LeaderState
2019-10-02 10:56:02,155 [29e87443-95b0-4e72-8a30-e6a8d307cc03@group-D24086775EB0-LeaderElection6] INFO  segmented.SegmentedRaftLogWorker (SegmentedRaftLogWorker.java:startLogSegment(385)) - 29e87443-95b0-4e72-8a30-e6a8d307cc03@group-D24086775EB0-SegmentedRaftLogWorker: Starting segment from index:0
2019-10-02 10:56:02,155 [aafbe2ba-816f-4d3a-bbb1-a8f59b8799f5@group-E15FF9DC8DE1-LeaderElection4] INFO  segmented.SegmentedRaftLogWorker (SegmentedRaftLogWorker.java:startLogSegment(385)) - aafbe2ba-816f-4d3a-bbb1-a8f59b8799f5@group-E15FF9DC8DE1-SegmentedRaftLogWorker: Starting segment from index:0
2019-10-02 10:56:02,155 [8430a53a-9f01-498d-8c8f-dce4ce45751c@group-9671E89817FA-LeaderElection5] INFO  impl.RaftServerImpl (ServerState.java:setRaftConf(356)) - 8430a53a-9f01-498d-8c8f-dce4ce45751c@group-9671E89817FA: set configuration 0: [8430a53a-9f01-498d-8c8f-dce4ce45751c:192.168.30.53:38350], old=null at 0
2019-10-02 10:56:02,155 [29e87443-95b0-4e72-8a30-e6a8d307cc03@group-D24086775EB0-LeaderElection6] INFO  impl.RaftServerImpl (ServerState.java:setRaftConf(356)) - 29e87443-95b0-4e72-8a30-e6a8d307cc03@group-D24086775EB0: set configuration 0: [29e87443-95b0-4e72-8a30-e6a8d307cc03:192.168.30.53:41099], old=null at 0
2019-10-02 10:56:02,240 [aafbe2ba-816f-4d3a-bbb1-a8f59b8799f5@group-E15FF9DC8DE1-LeaderElection4] INFO  impl.RaftServerImpl (ServerState.java:setRaftConf(356)) - aafbe2ba-816f-4d3a-bbb1-a8f59b8799f5@group-E15FF9DC8DE1: set configuration 0: [aafbe2ba-816f-4d3a-bbb1-a8f59b8799f5:192.168.30.53:38876], old=null at 0
2019-10-02 10:56:03,733 [pool-47-thread-1] INFO  storage.RaftStorageDirectory (RaftStorageDirectory.java:tryLock(328)) - Lock on /workdir/hadoop-ozone/integration-test/target/test-dir/MiniOzoneClusterImpl-5f261223-23be-4c6b-a914-4b08f19f7d30/datanode-2/data/ratis/de56a06a-588d-4871-b7e3-abaf19c3fab0/in_use.lock acquired by nodename 9257@pr-trunk-5xjmm-2411255686
2019-10-02 10:56:03,733 [pool-27-thread-1] INFO  storage.RaftStorageDirectory (RaftStorageDirectory.java:tryLock(328)) - Lock on /workdir/hadoop-ozone/integration-test/target/test-dir/MiniOzoneClusterImpl-5f261223-23be-4c6b-a914-4b08f19f7d30/datanode-0/data/ratis/de56a06a-588d-4871-b7e3-abaf19c3fab0/in_use.lock acquired by nodename 9257@pr-trunk-5xjmm-2411255686
2019-10-02 10:56:03,733 [pool-97-thread-1] INFO  storage.RaftStorageDirectory (RaftStorageDirectory.java:tryLock(328)) - Lock on /workdir/hadoop-ozone/integration-test/target/test-dir/MiniOzoneClusterImpl-5f261223-23be-4c6b-a914-4b08f19f7d30/datanode-7/data/ratis/de56a06a-588d-4871-b7e3-abaf19c3fab0/in_use.lock acquired by nodename 9257@pr-trunk-5xjmm-2411255686
2019-10-02 10:56:03,733 [d3dffc06-1d6a-4f7a-8294-c2dc8ce35b40@group-A3ADB3AAF53A-SegmentedRaftLogWorker] INFO  segmented.SegmentedRaftLogWorker (SegmentedRaftLogWorker.java:execute(574)) - d3dffc06-1d6a-4f7a-8294-c2dc8ce35b40@group-A3ADB3AAF53A-SegmentedRaftLogWorker: created new log segment /workdir/hadoop-ozone/integration-test/target/test-dir/MiniOzoneClusterImpl-5f261223-23be-4c6b-a914-4b08f19f7d30/datanode-2/data/ratis/02adff54-765b-43b7-bb84-a3adb3aaf53a/current/log_inprogress_0
2019-10-02 10:56:03,920 [RATISCREATEPIPELINE3] ERROR pipeline.RatisPipelineProvider (RatisPipelineProvider.java:lambda$null$5(235)) - Failed invoke Ratis rpc org.apache.hadoop.hdds.scm.pipeline.RatisPipelineProvider$$Lambda$190/1553636202@144b8573 for d3dffc06-1d6a-4f7a-8294-c2dc8ce35b40
org.apache.ratis.protocol.TimeoutIOException: deadline exceeded after 2997964281ns
	at org.apache.ratis.grpc.GrpcUtil.tryUnwrapException(GrpcUtil.java:82)
	at org.apache.ratis.grpc.GrpcUtil.unwrapException(GrpcUtil.java:75)
	at org.apache.ratis.grpc.client.GrpcClientProtocolClient.blockingCall(GrpcClientProtocolClient.java:184)
	at org.apache.ratis.grpc.client.GrpcClientProtocolClient.groupAdd(GrpcClientProtocolClient.java:153)
	at org.apache.ratis.grpc.client.GrpcClientRpc.sendRequest(GrpcClientRpc.java:94)
	at org.apache.ratis.client.impl.RaftClientImpl.sendRequest(RaftClientImpl.java:278)
	at org.apache.ratis.client.impl.RaftClientImpl.groupAdd(RaftClientImpl.java:205)
	at org.apache.hadoop.hdds.scm.pipeline.RatisPipelineProvider.lambda$initializePipeline$4(RatisPipelineProvider.java:196)
	at org.apache.hadoop.hdds.scm.pipeline.RatisPipelineProvider.lambda$null$5(RatisPipelineProvider.java:231)
	at java.util.stream.ForEachOps$ForEachOp$OfRef.accept(ForEachOps.java:184)
	at java.util.ArrayList$ArrayListSpliterator.forEachRemaining(ArrayList.java:1382)
	at java.util.stream.AbstractPipeline.copyInto(AbstractPipeline.java:482)
	at java.util.stream.ForEachOps$ForEachTask.compute(ForEachOps.java:291)
	at java.util.concurrent.CountedCompleter.exec(CountedCompleter.java:731)
	at java.util.concurrent.ForkJoinTask.doExec(ForkJoinTask.java:289)
	at java.util.concurrent.ForkJoinPool$WorkQueue.runTask(ForkJoinPool.java:1056)
	at java.util.concurrent.ForkJoinPool.runWorker(ForkJoinPool.java:1692)
	at java.util.concurrent.ForkJoinWorkerThread.run(ForkJoinWorkerThread.java:157)
Caused by: org.apache.ratis.thirdparty.io.grpc.StatusRuntimeException: DEADLINE_EXCEEDED: deadline exceeded after 2997964281ns
	at org.apache.ratis.thirdparty.io.grpc.stub.ClientCalls.toStatusRuntimeException(ClientCalls.java:233)
	at org.apache.ratis.thirdparty.io.grpc.stub.ClientCalls.getUnchecked(ClientCalls.java:214)
	at org.apache.ratis.thirdparty.io.grpc.stub.ClientCalls.blockingUnaryCall(ClientCalls.java:139)
	at org.apache.ratis.proto.grpc.AdminProtocolServiceGrpc$AdminProtocolServiceBlockingStub.groupManagement(AdminProtocolServiceGrpc.java:274)
	at org.apache.ratis.grpc.client.GrpcClientProtocolClient.lambda$groupAdd$3(GrpcClientProtocolClient.java:155)
	at org.apache.ratis.grpc.client.GrpcClientProtocolClient.blockingCall(GrpcClientProtocolClient.java:182)
	... 15 more
2019-10-02 10:56:03,920 [RATISCREATEPIPELINE2] ERROR pipeline.RatisPipelineProvider (RatisPipelineProvider.java:lambda$null$5(235)) - Failed invoke Ratis rpc org.apache.hadoop.hdds.scm.pipeline.RatisPipelineProvider$$Lambda$190/1553636202@144b8573 for b25f22f8-54cc-4ffd-bfcd-179cc8cbd7fc
org.apache.ratis.protocol.TimeoutIOException: deadline exceeded after 2998032113ns
	at org.apache.ratis.grpc.GrpcUtil.tryUnwrapException(GrpcUtil.java:82)
	at org.apache.ratis.grpc.GrpcUtil.unwrapException(GrpcUtil.java:75)
	at org.apache.ratis.grpc.client.GrpcClientProtocolClient.blockingCall(GrpcClientProtocolClient.java:184)
	at org.apache.ratis.grpc.client.GrpcClientProtocolClient.groupAdd(GrpcClientProtocolClient.java:153)
	at org.apache.ratis.grpc.client.GrpcClientRpc.sendRequest(GrpcClientRpc.java:94)
	at org.apache.ratis.client.impl.RaftClientImpl.sendRequest(RaftClientImpl.java:278)
	at org.apache.ratis.client.impl.RaftClientImpl.groupAdd(RaftClientImpl.java:205)
	at org.apache.hadoop.hdds.scm.pipeline.RatisPipelineProvider.lambda$initializePipeline$4(RatisPipelineProvider.java:196)
	at org.apache.hadoop.hdds.scm.pipeline.RatisPipelineProvider.lambda$null$5(RatisPipelineProvider.java:231)
	at java.util.stream.ForEachOps$ForEachOp$OfRef.accept(ForEachOps.java:184)
	at java.util.ArrayList$ArrayListSpliterator.forEachRemaining(ArrayList.java:1382)
	at java.util.stream.AbstractPipeline.copyInto(AbstractPipeline.java:482)
	at java.util.stream.ForEachOps$ForEachTask.compute(ForEachOps.java:291)
	at java.util.concurrent.CountedCompleter.exec(CountedCompleter.java:731)
	at java.util.concurrent.ForkJoinTask.doExec(ForkJoinTask.java:289)
	at java.util.concurrent.ForkJoinPool$WorkQueue.runTask(ForkJoinPool.java:1056)
	at java.util.concurrent.ForkJoinPool.runWorker(ForkJoinPool.java:1692)
	at java.util.concurrent.ForkJoinWorkerThread.run(ForkJoinWorkerThread.java:157)
Caused by: org.apache.ratis.thirdparty.io.grpc.StatusRuntimeException: DEADLINE_EXCEEDED: deadline exceeded after 2998032113ns
	at org.apache.ratis.thirdparty.io.grpc.stub.ClientCalls.toStatusRuntimeException(ClientCalls.java:233)
	at org.apache.ratis.thirdparty.io.grpc.stub.ClientCalls.getUnchecked(ClientCalls.java:214)
	at org.apache.ratis.thirdparty.io.grpc.stub.ClientCalls.blockingUnaryCall(ClientCalls.java:139)
	at org.apache.ratis.proto.grpc.AdminProtocolServiceGrpc$AdminProtocolServiceBlockingStub.groupManagement(AdminProtocolServiceGrpc.java:274)
	at org.apache.ratis.grpc.client.GrpcClientProtocolClient.lambda$groupAdd$3(GrpcClientProtocolClient.java:155)
	at org.apache.ratis.grpc.client.GrpcClientProtocolClient.blockingCall(GrpcClientProtocolClient.java:182)
	... 15 more
2019-10-02 10:56:03,920 [RATISCREATEPIPELINE1] ERROR pipeline.RatisPipelineProvider (RatisPipelineProvider.java:lambda$null$5(235)) - Failed invoke Ratis rpc org.apache.hadoop.hdds.scm.pipeline.RatisPipelineProvider$$Lambda$190/1553636202@144b8573 for 7df38282-3a3d-4206-964a-9b3301cd1d1f
org.apache.ratis.protocol.TimeoutIOException: deadline exceeded after 2999747323ns
	at org.apache.ratis.grpc.GrpcUtil.tryUnwrapException(GrpcUtil.java:82)
	at org.apache.ratis.grpc.GrpcUtil.unwrapException(GrpcUtil.java:75)
	at org.apache.ratis.grpc.client.GrpcClientProtocolClient.blockingCall(GrpcClientProtocolClient.java:184)
	at org.apache.ratis.grpc.client.GrpcClientProtocolClient.groupAdd(GrpcClientProtocolClient.java:153)
	at org.apache.ratis.grpc.client.GrpcClientRpc.sendRequest(GrpcClientRpc.java:94)
	at org.apache.ratis.client.impl.RaftClientImpl.sendRequest(RaftClientImpl.java:278)
	at org.apache.ratis.client.impl.RaftClientImpl.groupAdd(RaftClientImpl.java:205)
	at org.apache.hadoop.hdds.scm.pipeline.RatisPipelineProvider.lambda$initializePipeline$4(RatisPipelineProvider.java:196)
	at org.apache.hadoop.hdds.scm.pipeline.RatisPipelineProvider.lambda$null$5(RatisPipelineProvider.java:231)
	at java.util.stream.ForEachOps$ForEachOp$OfRef.accept(ForEachOps.java:184)
	at java.util.ArrayList$ArrayListSpliterator.forEachRemaining(ArrayList.java:1382)
	at java.util.stream.AbstractPipeline.copyInto(AbstractPipeline.java:482)
	at java.util.stream.ForEachOps$ForEachTask.compute(ForEachOps.java:291)
	at java.util.concurrent.CountedCompleter.exec(CountedCompleter.java:731)
	at java.util.concurrent.ForkJoinTask.doExec(ForkJoinTask.java:289)
	at java.util.concurrent.ForkJoinTask.doInvoke(ForkJoinTask.java:401)
	at java.util.concurrent.ForkJoinTask.invoke(ForkJoinTask.java:734)
	at java.util.stream.ForEachOps$ForEachOp.evaluateParallel(ForEachOps.java:160)
	at java.util.stream.ForEachOps$ForEachOp$OfRef.evaluateParallel(ForEachOps.java:174)
	at java.util.stream.AbstractPipeline.evaluate(AbstractPipeline.java:233)
	at java.util.stream.ReferencePipeline.forEach(ReferencePipeline.java:418)
	at java.util.stream.ReferencePipeline$Head.forEach(ReferencePipeline.java:583)
	at org.apache.hadoop.hdds.scm.pipeline.RatisPipelineProvider.lambda$callRatisRpc$6(RatisPipelineProvider.java:225)
	at java.util.concurrent.ForkJoinTask$AdaptedRunnableAction.exec(ForkJoinTask.java:1386)
	at java.util.concurrent.ForkJoinTask.doExec(ForkJoinTask.java:289)
	at java.util.concurrent.ForkJoinPool$WorkQueue.runTask(ForkJoinPool.java:1056)
	at java.util.concurrent.ForkJoinPool.runWorker(ForkJoinPool.java:1692)
	at java.util.concurrent.ForkJoinWorkerThread.run(ForkJoinWorkerThread.java:157)
Caused by: org.apache.ratis.thirdparty.io.grpc.StatusRuntimeException: DEADLINE_EXCEEDED: deadline exceeded after 2999747323ns
	at org.apache.ratis.thirdparty.io.grpc.stub.ClientCalls.toStatusRuntimeException(ClientCalls.java:233)
	at org.apache.ratis.thirdparty.io.grpc.stub.ClientCalls.getUnchecked(ClientCalls.java:214)
	at org.apache.ratis.thirdparty.io.grpc.stub.ClientCalls.blockingUnaryCall(ClientCalls.java:139)
	at org.apache.ratis.proto.grpc.AdminProtocolServiceGrpc$AdminProtocolServiceBlockingStub.groupManagement(AdminProtocolServiceGrpc.java:274)
	at org.apache.ratis.grpc.client.GrpcClientProtocolClient.lambda$groupAdd$3(GrpcClientProtocolClient.java:155)
	at org.apache.ratis.grpc.client.GrpcClientProtocolClient.blockingCall(GrpcClientProtocolClient.java:182)
	... 25 more
2019-10-02 10:56:03,957 [grpc-default-executor-2] INFO  impl.RaftServerProxy (RaftServerProxy.java:addNew(89)) - 7df38282-3a3d-4206-964a-9b3301cd1d1f: addNew group-6B83A71B3C43:[d3dffc06-1d6a-4f7a-8294-c2dc8ce35b40:192.168.30.53:33785, 7df38282-3a3d-4206-964a-9b3301cd1d1f:192.168.30.53:34960, b25f22f8-54cc-4ffd-bfcd-179cc8cbd7fc:192.168.30.53:42549] returns group-6B83A71B3C43:java.util.concurrent.CompletableFuture@3a3e0c21[Not completed]
2019-10-02 10:56:03,957 [grpc-default-executor-3] INFO  impl.RaftServerProxy (RaftServerProxy.java:addNew(89)) - d3dffc06-1d6a-4f7a-8294-c2dc8ce35b40: addNew group-6B83A71B3C43:[d3dffc06-1d6a-4f7a-8294-c2dc8ce35b40:192.168.30.53:33785, 7df38282-3a3d-4206-964a-9b3301cd1d1f:192.168.30.53:34960, b25f22f8-54cc-4ffd-bfcd-179cc8cbd7fc:192.168.30.53:42549] returns group-6B83A71B3C43:java.util.concurrent.CompletableFuture@2e9d4c04[Not completed]
2019-10-02 10:56:03,957 [grpc-default-executor-1] INFO  impl.RaftServerProxy (RaftServerProxy.java:addNew(89)) - b25f22f8-54cc-4ffd-bfcd-179cc8cbd7fc: addNew group-6B83A71B3C43:[d3dffc06-1d6a-4f7a-8294-c2dc8ce35b40:192.168.30.53:33785, 7df38282-3a3d-4206-964a-9b3301cd1d1f:192.168.30.53:34960, b25f22f8-54cc-4ffd-bfcd-179cc8cbd7fc:192.168.30.53:42549] returns group-6B83A71B3C43:java.util.concurrent.CompletableFuture@3b504e9e[Not completed]
2019-10-02 10:56:04,135 [29e87443-95b0-4e72-8a30-e6a8d307cc03@group-D24086775EB0-SegmentedRaftLogWorker] INFO  segmented.SegmentedRaftLogWorker (SegmentedRaftLogWorker.java:execute(574)) - 29e87443-95b0-4e72-8a30-e6a8d307cc03@group-D24086775EB0-SegmentedRaftLogWorker: created new log segment /workdir/hadoop-ozone/integration-test/target/test-dir/MiniOzoneClusterImpl-5f261223-23be-4c6b-a914-4b08f19f7d30/datanode-3/data/ratis/5caac4b9-f491-446c-b182-d24086775eb0/current/log_inprogress_0
2019-10-02 10:56:04,135 [aafbe2ba-816f-4d3a-bbb1-a8f59b8799f5@group-E15FF9DC8DE1-SegmentedRaftLogWorker] INFO  segmented.SegmentedRaftLogWorker (SegmentedRaftLogWorker.java:execute(574)) - aafbe2ba-816f-4d3a-bbb1-a8f59b8799f5@group-E15FF9DC8DE1-SegmentedRaftLogWorker: created new log segment /workdir/hadoop-ozone/integration-test/target/test-dir/MiniOzoneClusterImpl-5f261223-23be-4c6b-a914-4b08f19f7d30/datanode-5/data/ratis/0aae0731-5b30-4031-b6b5-e15ff9dc8de1/current/log_inprogress_0
2019-10-02 10:56:04,135 [8430a53a-9f01-498d-8c8f-dce4ce45751c@group-9671E89817FA-SegmentedRaftLogWorker] INFO  segmented.SegmentedRaftLogWorker (SegmentedRaftLogWorker.java:execute(574)) - 8430a53a-9f01-498d-8c8f-dce4ce45751c@group-9671E89817FA-SegmentedRaftLogWorker: created new log segment /workdir/hadoop-ozone/integration-test/target/test-dir/MiniOzoneClusterImpl-5f261223-23be-4c6b-a914-4b08f19f7d30/datanode-4/data/ratis/4eb3dafa-1792-4049-a840-9671e89817fa/current/log_inprogress_0
2019-10-02 10:56:04,159 [ad13a282-c5bf-465a-9fe1-7adee9400ee3@group-DF5D135B69C0-LeaderElection7] INFO  impl.LeaderElection (LeaderElection.java:askForVotes(178)) - ad13a282-c5bf-465a-9fe1-7adee9400ee3@group-DF5D135B69C0-LeaderElection7: begin an election at term 1 for -1: [ad13a282-c5bf-465a-9fe1-7adee9400ee3:192.168.30.53:45000], old=null
2019-10-02 10:56:04,159 [8a72c170-a9c5-4d45-8b78-a894de4c103c@group-646445554F53-LeaderElection10] INFO  impl.LeaderElection (LeaderElection.java:askForVotes(178)) - 8a72c170-a9c5-4d45-8b78-a894de4c103c@group-646445554F53-LeaderElection10: begin an election at term 1 for -1: [8a72c170-a9c5-4d45-8b78-a894de4c103c:192.168.30.53:42816], old=null
2019-10-02 10:56:04,159 [c999d89f-1e5d-4182-937c-40b6b56775d9@group-6F3DB6598A29-LeaderElection9] INFO  impl.LeaderElection (LeaderElection.java:askForVotes(178)) - c999d89f-1e5d-4182-937c-40b6b56775d9@group-6F3DB6598A29-LeaderElection9: begin an election at term 1 for -1: [c999d89f-1e5d-4182-937c-40b6b56775d9:192.168.30.53:35552], old=null
2019-10-02 10:56:04,159 [b7ca2e1f-1771-41a0-9147-b4dd2438232c@group-973438D00702-LeaderElection8] INFO  impl.LeaderElection (LeaderElection.java:askForVotes(178)) - b7ca2e1f-1771-41a0-9147-b4dd2438232c@group-973438D00702-LeaderElection8: begin an election at term 1 for -1: [b7ca2e1f-1771-41a0-9147-b4dd2438232c:192.168.30.53:44547], old=null
2019-10-02 10:56:04,159 [c999d89f-1e5d-4182-937c-40b6b56775d9@group-6F3DB6598A29-LeaderElection9] INFO  impl.RoleInfo (RoleInfo.java:shutdownLeaderElection(134)) - c999d89f-1e5d-4182-937c-40b6b56775d9: shutdown LeaderElection
2019-10-02 10:56:04,159 [8a72c170-a9c5-4d45-8b78-a894de4c103c@group-646445554F53-LeaderElection10] INFO  impl.RoleInfo (RoleInfo.java:shutdownLeaderElection(134)) - 8a72c170-a9c5-4d45-8b78-a894de4c103c: shutdown LeaderElection
2019-10-02 10:56:04,159 [ad13a282-c5bf-465a-9fe1-7adee9400ee3@group-DF5D135B69C0-LeaderElection7] INFO  impl.RoleInfo (RoleInfo.java:shutdownLeaderElection(134)) - ad13a282-c5bf-465a-9fe1-7adee9400ee3: shutdown LeaderElection
2019-10-02 10:56:04,160 [8a72c170-a9c5-4d45-8b78-a894de4c103c@group-646445554F53-LeaderElection10] INFO  impl.RaftServerImpl (RaftServerImpl.java:setRole(170)) - 8a72c170-a9c5-4d45-8b78-a894de4c103c@group-646445554F53: changes role from CANDIDATE to LEADER at term 1 for changeToLeader
2019-10-02 10:56:04,160 [c999d89f-1e5d-4182-937c-40b6b56775d9@group-6F3DB6598A29-LeaderElection9] INFO  impl.RaftServerImpl (RaftServerImpl.java:setRole(170)) - c999d89f-1e5d-4182-937c-40b6b56775d9@group-6F3DB6598A29: changes role from CANDIDATE to LEADER at term 1 for changeToLeader
2019-10-02 10:56:04,159 [b7ca2e1f-1771-41a0-9147-b4dd2438232c@group-973438D00702-LeaderElection8] INFO  impl.RoleInfo (RoleInfo.java:shutdownLeaderElection(134)) - b7ca2e1f-1771-41a0-9147-b4dd2438232c: shutdown LeaderElection
2019-10-02 10:56:04,160 [c999d89f-1e5d-4182-937c-40b6b56775d9@group-6F3DB6598A29-LeaderElection9] INFO  impl.RaftServerImpl (ServerState.java:setLeader(255)) - c999d89f-1e5d-4182-937c-40b6b56775d9@group-6F3DB6598A29: change Leader from null to c999d89f-1e5d-4182-937c-40b6b56775d9 at term 1 for becomeLeader, leader elected after 3444ms
2019-10-02 10:56:04,160 [8a72c170-a9c5-4d45-8b78-a894de4c103c@group-646445554F53-LeaderElection10] INFO  impl.RaftServerImpl (ServerState.java:setLeader(255)) - 8a72c170-a9c5-4d45-8b78-a894de4c103c@group-646445554F53: change Leader from null to 8a72c170-a9c5-4d45-8b78-a894de4c103c at term 1 for becomeLeader, leader elected after 3320ms
2019-10-02 10:56:04,160 [ad13a282-c5bf-465a-9fe1-7adee9400ee3@group-DF5D135B69C0-LeaderElection7] INFO  impl.RaftServerImpl (RaftServerImpl.java:setRole(170)) - ad13a282-c5bf-465a-9fe1-7adee9400ee3@group-DF5D135B69C0: changes role from CANDIDATE to LEADER at term 1 for changeToLeader
2019-10-02 10:56:04,161 [8a72c170-a9c5-4d45-8b78-a894de4c103c@group-646445554F53-LeaderElection10] INFO  server.RaftServerConfigKeys (ConfUtils.java:logGet(43)) - raft.server.staging.catchup.gap = 1000 (default)
2019-10-02 10:56:04,161 [c999d89f-1e5d-4182-937c-40b6b56775d9@group-6F3DB6598A29-LeaderElection9] INFO  server.RaftServerConfigKeys (ConfUtils.java:logGet(43)) - raft.server.staging.catchup.gap = 1000 (default)
2019-10-02 10:56:04,160 [b7ca2e1f-1771-41a0-9147-b4dd2438232c@group-973438D00702-LeaderElection8] INFO  impl.RaftServerImpl (RaftServerImpl.java:setRole(170)) - b7ca2e1f-1771-41a0-9147-b4dd2438232c@group-973438D00702: changes role from CANDIDATE to LEADER at term 1 for changeToLeader
2019-10-02 10:56:04,161 [c999d89f-1e5d-4182-937c-40b6b56775d9@group-6F3DB6598A29-LeaderElection9] INFO  server.RaftServerConfigKeys (ConfUtils.java:logGet(43)) - raft.server.rpc.sleep.time = 25ms (default)
2019-10-02 10:56:04,161 [8a72c170-a9c5-4d45-8b78-a894de4c103c@group-646445554F53-LeaderElection10] INFO  server.RaftServerConfigKeys (ConfUtils.java:logGet(43)) - raft.server.rpc.sleep.time = 25ms (default)
2019-10-02 10:56:04,161 [ad13a282-c5bf-465a-9fe1-7adee9400ee3@group-DF5D135B69C0-LeaderElection7] INFO  impl.RaftServerImpl (ServerState.java:setLeader(255)) - ad13a282-c5bf-465a-9fe1-7adee9400ee3@group-DF5D135B69C0: change Leader from null to ad13a282-c5bf-465a-9fe1-7adee9400ee3 at term 1 for becomeLeader, leader elected after 3695ms
2019-10-02 10:56:04,162 [c999d89f-1e5d-4182-937c-40b6b56775d9@group-6F3DB6598A29-LeaderElection9] INFO  server.RaftServerConfigKeys (ConfUtils.java:logGet(43)) - raft.server.write.element-limit = 4096 (default)
2019-10-02 10:56:04,161 [b7ca2e1f-1771-41a0-9147-b4dd2438232c@group-973438D00702-LeaderElection8] INFO  impl.RaftServerImpl (ServerState.java:setLeader(255)) - b7ca2e1f-1771-41a0-9147-b4dd2438232c@group-973438D00702: change Leader from null to b7ca2e1f-1771-41a0-9147-b4dd2438232c at term 1 for becomeLeader, leader elected after 3570ms
2019-10-02 10:56:04,162 [c999d89f-1e5d-4182-937c-40b6b56775d9@group-6F3DB6598A29-LeaderElection9] INFO  server.RaftServerConfigKeys (ConfUtils.java:logGet(43)) - raft.server.watch.timeout = 10s (default)
2019-10-02 10:56:04,162 [8a72c170-a9c5-4d45-8b78-a894de4c103c@group-646445554F53-LeaderElection10] INFO  server.RaftServerConfigKeys (ConfUtils.java:logGet(43)) - raft.server.write.element-limit = 4096 (default)
2019-10-02 10:56:04,162 [ad13a282-c5bf-465a-9fe1-7adee9400ee3@group-DF5D135B69C0-LeaderElection7] INFO  server.RaftServerConfigKeys (ConfUtils.java:logGet(43)) - raft.server.staging.catchup.gap = 1000 (default)
2019-10-02 10:56:04,163 [8a72c170-a9c5-4d45-8b78-a894de4c103c@group-646445554F53-LeaderElection10] INFO  server.RaftServerConfigKeys (ConfUtils.java:logGet(43)) - raft.server.watch.timeout = 10s (default)
2019-10-02 10:56:04,163 [c999d89f-1e5d-4182-937c-40b6b56775d9@group-6F3DB6598A29-LeaderElection9] INFO  server.RaftServerConfigKeys (ConfUtils.java:logGet(43)) - raft.server.watch.timeout.denomination = 1s (default)
2019-10-02 10:56:04,162 [b7ca2e1f-1771-41a0-9147-b4dd2438232c@group-973438D00702-LeaderElection8] INFO  server.RaftServerConfigKeys (ConfUtils.java:logGet(43)) - raft.server.staging.catchup.gap = 1000 (default)
2019-10-02 10:56:04,163 [c999d89f-1e5d-4182-937c-40b6b56775d9@group-6F3DB6598A29-LeaderElection9] INFO  server.RaftServerConfigKeys (ConfUtils.java:logGet(43)) - raft.server.watch.element-limit = 65536 (default)
2019-10-02 10:56:04,163 [8a72c170-a9c5-4d45-8b78-a894de4c103c@group-646445554F53-LeaderElection10] INFO  server.RaftServerConfigKeys (ConfUtils.java:logGet(43)) - raft.server.watch.timeout.denomination = 1s (default)
2019-10-02 10:56:04,163 [ad13a282-c5bf-465a-9fe1-7adee9400ee3@group-DF5D135B69C0-LeaderElection7] INFO  server.RaftServerConfigKeys (ConfUtils.java:logGet(43)) - raft.server.rpc.sleep.time = 25ms (default)
2019-10-02 10:56:04,164 [8a72c170-a9c5-4d45-8b78-a894de4c103c@group-646445554F53-LeaderElection10] INFO  server.RaftServerConfigKeys (ConfUtils.java:logGet(43)) - raft.server.watch.element-limit = 65536 (default)
2019-10-02 10:56:04,164 [ad13a282-c5bf-465a-9fe1-7adee9400ee3@group-DF5D135B69C0-LeaderElection7] INFO  server.RaftServerConfigKeys (ConfUtils.java:logGet(43)) - raft.server.write.element-limit = 4096 (default)
2019-10-02 10:56:04,163 [b7ca2e1f-1771-41a0-9147-b4dd2438232c@group-973438D00702-LeaderElection8] INFO  server.RaftServerConfigKeys (ConfUtils.java:logGet(43)) - raft.server.rpc.sleep.time = 25ms (default)
2019-10-02 10:56:04,164 [ad13a282-c5bf-465a-9fe1-7adee9400ee3@group-DF5D135B69C0-LeaderElection7] INFO  server.RaftServerConfigKeys (ConfUtils.java:logGet(43)) - raft.server.watch.timeout = 10s (default)
2019-10-02 10:56:04,165 [ad13a282-c5bf-465a-9fe1-7adee9400ee3@group-DF5D135B69C0-LeaderElection7] INFO  server.RaftServerConfigKeys (ConfUtils.java:logGet(43)) - raft.server.watch.timeout.denomination = 1s (default)
2019-10-02 10:56:04,165 [b7ca2e1f-1771-41a0-9147-b4dd2438232c@group-973438D00702-LeaderElection8] INFO  server.RaftServerConfigKeys (ConfUtils.java:logGet(43)) - raft.server.write.element-limit = 4096 (default)
2019-10-02 10:56:04,165 [ad13a282-c5bf-465a-9fe1-7adee9400ee3@group-DF5D135B69C0-LeaderElection7] INFO  server.RaftServerConfigKeys (ConfUtils.java:logGet(43)) - raft.server.watch.element-limit = 65536 (default)
2019-10-02 10:56:04,165 [b7ca2e1f-1771-41a0-9147-b4dd2438232c@group-973438D00702-LeaderElection8] INFO  server.RaftServerConfigKeys (ConfUtils.java:logGet(43)) - raft.server.watch.timeout = 10s (default)
2019-10-02 10:56:04,165 [b7ca2e1f-1771-41a0-9147-b4dd2438232c@group-973438D00702-LeaderElection8] INFO  server.RaftServerConfigKeys (ConfUtils.java:logGet(43)) - raft.server.watch.timeout.denomination = 1s (default)
2019-10-02 10:56:04,165 [b7ca2e1f-1771-41a0-9147-b4dd2438232c@group-973438D00702-LeaderElection8] INFO  server.RaftServerConfigKeys (ConfUtils.java:logGet(43)) - raft.server.watch.element-limit = 65536 (default)
2019-10-02 10:56:04,172 [c999d89f-1e5d-4182-937c-40b6b56775d9@group-6F3DB6598A29-LeaderElection9] INFO  impl.RoleInfo (RoleInfo.java:updateAndGet(143)) - c999d89f-1e5d-4182-937c-40b6b56775d9: start LeaderState
2019-10-02 10:56:04,172 [c999d89f-1e5d-4182-937c-40b6b56775d9@group-6F3DB6598A29-LeaderElection9] INFO  segmented.SegmentedRaftLogWorker (SegmentedRaftLogWorker.java:startLogSegment(385)) - c999d89f-1e5d-4182-937c-40b6b56775d9@group-6F3DB6598A29-SegmentedRaftLogWorker: Starting segment from index:0
2019-10-02 10:56:04,173 [8a72c170-a9c5-4d45-8b78-a894de4c103c@group-646445554F53-LeaderElection10] INFO  impl.RoleInfo (RoleInfo.java:updateAndGet(143)) - 8a72c170-a9c5-4d45-8b78-a894de4c103c: start LeaderState
2019-10-02 10:56:04,173 [c999d89f-1e5d-4182-937c-40b6b56775d9@group-6F3DB6598A29-LeaderElection9] INFO  impl.RaftServerImpl (ServerState.java:setRaftConf(356)) - c999d89f-1e5d-4182-937c-40b6b56775d9@group-6F3DB6598A29: set configuration 0: [c999d89f-1e5d-4182-937c-40b6b56775d9:192.168.30.53:35552], old=null at 0
2019-10-02 10:56:04,174 [8a72c170-a9c5-4d45-8b78-a894de4c103c@group-646445554F53-LeaderElection10] INFO  segmented.SegmentedRaftLogWorker (SegmentedRaftLogWorker.java:startLogSegment(385)) - 8a72c170-a9c5-4d45-8b78-a894de4c103c@group-646445554F53-SegmentedRaftLogWorker: Starting segment from index:0
2019-10-02 10:56:04,216 [ad13a282-c5bf-465a-9fe1-7adee9400ee3@group-DF5D135B69C0-LeaderElection7] INFO  impl.RoleInfo (RoleInfo.java:updateAndGet(143)) - ad13a282-c5bf-465a-9fe1-7adee9400ee3: start LeaderState
2019-10-02 10:56:04,216 [b7ca2e1f-1771-41a0-9147-b4dd2438232c@group-973438D00702-LeaderElection8] INFO  impl.RoleInfo (RoleInfo.java:updateAndGet(143)) - b7ca2e1f-1771-41a0-9147-b4dd2438232c: start LeaderState
2019-10-02 10:56:04,216 [8a72c170-a9c5-4d45-8b78-a894de4c103c@group-646445554F53-LeaderElection10] INFO  impl.RaftServerImpl (ServerState.java:setRaftConf(356)) - 8a72c170-a9c5-4d45-8b78-a894de4c103c@group-646445554F53: set configuration 0: [8a72c170-a9c5-4d45-8b78-a894de4c103c:192.168.30.53:42816], old=null at 0
2019-10-02 10:56:04,216 [ad13a282-c5bf-465a-9fe1-7adee9400ee3@group-DF5D135B69C0-LeaderElection7] INFO  segmented.SegmentedRaftLogWorker (SegmentedRaftLogWorker.java:startLogSegment(385)) - ad13a282-c5bf-465a-9fe1-7adee9400ee3@group-DF5D135B69C0-SegmentedRaftLogWorker: Starting segment from index:0
2019-10-02 10:56:04,252 [b7ca2e1f-1771-41a0-9147-b4dd2438232c@group-973438D00702-LeaderElection8] INFO  segmented.SegmentedRaftLogWorker (SegmentedRaftLogWorker.java:startLogSegment(385)) - b7ca2e1f-1771-41a0-9147-b4dd2438232c@group-973438D00702-SegmentedRaftLogWorker: Starting segment from index:0
2019-10-02 10:56:04,253 [ad13a282-c5bf-465a-9fe1-7adee9400ee3@group-DF5D135B69C0-LeaderElection7] INFO  impl.RaftServerImpl (ServerState.java:setRaftConf(356)) - ad13a282-c5bf-465a-9fe1-7adee9400ee3@group-DF5D135B69C0: set configuration 0: [ad13a282-c5bf-465a-9fe1-7adee9400ee3:192.168.30.53:45000], old=null at 0
2019-10-02 10:56:04,253 [b7ca2e1f-1771-41a0-9147-b4dd2438232c@group-973438D00702-LeaderElection8] INFO  impl.RaftServerImpl (ServerState.java:setRaftConf(356)) - b7ca2e1f-1771-41a0-9147-b4dd2438232c@group-973438D00702: set configuration 0: [b7ca2e1f-1771-41a0-9147-b4dd2438232c:192.168.30.53:44547], old=null at 0
2019-10-02 10:56:04,655 [8a72c170-a9c5-4d45-8b78-a894de4c103c@group-646445554F53-SegmentedRaftLogWorker] INFO  segmented.SegmentedRaftLogWorker (SegmentedRaftLogWorker.java:execute(574)) - 8a72c170-a9c5-4d45-8b78-a894de4c103c@group-646445554F53-SegmentedRaftLogWorker: created new log segment /workdir/hadoop-ozone/integration-test/target/test-dir/MiniOzoneClusterImpl-5f261223-23be-4c6b-a914-4b08f19f7d30/datanode-6/data/ratis/0f9008f3-cef6-4842-979f-646445554f53/current/log_inprogress_0
2019-10-02 10:56:04,655 [pool-97-thread-1] INFO  storage.RaftStorage (RaftStorage.java:format(84)) - Storage directory /workdir/hadoop-ozone/integration-test/target/test-dir/MiniOzoneClusterImpl-5f261223-23be-4c6b-a914-4b08f19f7d30/datanode-7/data/ratis/de56a06a-588d-4871-b7e3-abaf19c3fab0 has been successfully formatted.
2019-10-02 10:56:04,655 [pool-27-thread-1] INFO  storage.RaftStorage (RaftStorage.java:format(84)) - Storage directory /workdir/hadoop-ozone/integration-test/target/test-dir/MiniOzoneClusterImpl-5f261223-23be-4c6b-a914-4b08f19f7d30/datanode-0/data/ratis/de56a06a-588d-4871-b7e3-abaf19c3fab0 has been successfully formatted.
2019-10-02 10:56:04,655 [pool-47-thread-1] INFO  storage.RaftStorage (RaftStorage.java:format(84)) - Storage directory /workdir/hadoop-ozone/integration-test/target/test-dir/MiniOzoneClusterImpl-5f261223-23be-4c6b-a914-4b08f19f7d30/datanode-2/data/ratis/de56a06a-588d-4871-b7e3-abaf19c3fab0 has been successfully formatted.
2019-10-02 10:56:04,655 [c999d89f-1e5d-4182-937c-40b6b56775d9@group-6F3DB6598A29-SegmentedRaftLogWorker] INFO  segmented.SegmentedRaftLogWorker (SegmentedRaftLogWorker.java:execute(574)) - c999d89f-1e5d-4182-937c-40b6b56775d9@group-6F3DB6598A29-SegmentedRaftLogWorker: created new log segment /workdir/hadoop-ozone/integration-test/target/test-dir/MiniOzoneClusterImpl-5f261223-23be-4c6b-a914-4b08f19f7d30/datanode-9/data/ratis/eee2342a-dfa1-4a4d-9d7d-6f3db6598a29/current/log_inprogress_0
2019-10-02 10:56:04,656 [pool-27-thread-1] INFO  ratis.ContainerStateMachine (ContainerStateMachine.java:loadSnapshot(230)) - group-ABAF19C3FAB0: The snapshot info is null. Setting the last applied indexto:(t:0, i:~)
2019-10-02 10:56:04,656 [pool-97-thread-1] INFO  ratis.ContainerStateMachine (ContainerStateMachine.java:loadSnapshot(230)) - group-ABAF19C3FAB0: The snapshot info is null. Setting the last applied indexto:(t:0, i:~)
2019-10-02 10:56:04,656 [pool-27-thread-1] INFO  server.RaftServerConfigKeys (ConfUtils.java:logGet(43)) - raft.server.notification.no-leader.timeout = 120s (custom)
2019-10-02 10:56:04,656 [pool-47-thread-1] INFO  ratis.ContainerStateMachine (ContainerStateMachine.java:loadSnapshot(230)) - group-ABAF19C3FAB0: The snapshot info is null. Setting the last applied indexto:(t:0, i:~)
2019-10-02 10:56:04,657 [pool-27-thread-1] INFO  server.RaftServerConfigKeys (ConfUtils.java:logGet(43)) - raft.server.log.use.memory = false (default)
2019-10-02 10:56:04,657 [pool-97-thread-1] INFO  server.RaftServerConfigKeys (ConfUtils.java:logGet(43)) - raft.server.notification.no-leader.timeout = 120s (custom)
2019-10-02 10:56:04,657 [pool-27-thread-1] INFO  server.RaftServerConfigKeys (ConfUtils.java:logGet(43)) - raft.server.log.purge.gap = 1000000 (custom)
2019-10-02 10:56:04,657 [pool-47-thread-1] INFO  server.RaftServerConfigKeys (ConfUtils.java:logGet(43)) - raft.server.notification.no-leader.timeout = 120s (custom)
2019-10-02 10:56:04,657 [pool-27-thread-1] INFO  server.RaftServerConfigKeys (ConfUtils.java:logGet(43)) - raft.server.log.appender.buffer.byte-limit = 33554432 (custom)
2019-10-02 10:56:04,657 [pool-97-thread-1] INFO  server.RaftServerConfigKeys (ConfUtils.java:logGet(43)) - raft.server.log.use.memory = false (default)
2019-10-02 10:56:04,658 [pool-27-thread-1] INFO  server.RaftServerConfigKeys (ConfUtils.java:logGet(43)) - raft.server.log.segment.size.max = 1048576 (custom)
2019-10-02 10:56:04,658 [pool-47-thread-1] INFO  server.RaftServerConfigKeys (ConfUtils.java:logGet(43)) - raft.server.log.use.memory = false (default)
2019-10-02 10:56:04,658 [pool-27-thread-1] INFO  server.RaftServerConfigKeys (ConfUtils.java:logGet(43)) - raft.server.log.segment.cache.num.max = 2 (custom)
2019-10-02 10:56:04,658 [pool-27-thread-1] INFO  segmented.SegmentedRaftLogWorker (SegmentedRaftLogWorker.java:<init>(173)) - new 7df38282-3a3d-4206-964a-9b3301cd1d1f@group-ABAF19C3FAB0-SegmentedRaftLogWorker for RaftStorage:Storage Directory /workdir/hadoop-ozone/integration-test/target/test-dir/MiniOzoneClusterImpl-5f261223-23be-4c6b-a914-4b08f19f7d30/datanode-0/data/ratis/de56a06a-588d-4871-b7e3-abaf19c3fab0
2019-10-02 10:56:04,658 [pool-97-thread-1] INFO  server.RaftServerConfigKeys (ConfUtils.java:logGet(43)) - raft.server.log.purge.gap = 1000000 (custom)
2019-10-02 10:56:04,659 [pool-27-thread-1] INFO  server.RaftServerConfigKeys (ConfUtils.java:logGet(43)) - raft.server.log.queue.byte-limit = 2147483647 (custom)
2019-10-02 10:56:04,658 [pool-47-thread-1] INFO  server.RaftServerConfigKeys (ConfUtils.java:logGet(43)) - raft.server.log.purge.gap = 1000000 (custom)
2019-10-02 10:56:04,659 [pool-27-thread-1] INFO  server.RaftServerConfigKeys (ConfUtils.java:logGet(43)) - raft.server.log.queue.element-limit = 1024 (custom)
2019-10-02 10:56:04,659 [pool-97-thread-1] INFO  server.RaftServerConfigKeys (ConfUtils.java:logGet(43)) - raft.server.log.appender.buffer.byte-limit = 33554432 (custom)
2019-10-02 10:56:04,659 [pool-27-thread-1] INFO  server.RaftServerConfigKeys (ConfUtils.java:logGet(43)) - raft.server.log.segment.size.max = 1048576 (custom)
2019-10-02 10:56:04,659 [pool-47-thread-1] INFO  server.RaftServerConfigKeys (ConfUtils.java:logGet(43)) - raft.server.log.appender.buffer.byte-limit = 33554432 (custom)
2019-10-02 10:56:04,660 [pool-27-thread-1] INFO  server.RaftServerConfigKeys (ConfUtils.java:logGet(43)) - raft.server.log.preallocated.size = 16384 (custom)
2019-10-02 10:56:04,660 [pool-97-thread-1] INFO  server.RaftServerConfigKeys (ConfUtils.java:logGet(43)) - raft.server.log.segment.size.max = 1048576 (custom)
2019-10-02 10:56:04,660 [pool-27-thread-1] INFO  server.RaftServerConfigKeys (ConfUtils.java:logGet(43)) - raft.server.log.write.buffer.size = 33554432 (custom)
2019-10-02 10:56:04,660 [pool-47-thread-1] INFO  server.RaftServerConfigKeys (ConfUtils.java:logGet(43)) - raft.server.log.segment.size.max = 1048576 (custom)
2019-10-02 10:56:04,660 [pool-27-thread-1] INFO  server.RaftServerConfigKeys (ConfUtils.java:logGet(43)) - raft.server.log.force.sync.num = 128 (default)
2019-10-02 10:56:04,660 [pool-97-thread-1] INFO  server.RaftServerConfigKeys (ConfUtils.java:logGet(43)) - raft.server.log.segment.cache.num.max = 2 (custom)
2019-10-02 10:56:04,661 [pool-27-thread-1] INFO  server.RaftServerConfigKeys (ConfUtils.java:logGet(43)) - raft.server.log.statemachine.data.sync = true (default)
2019-10-02 10:56:04,661 [pool-47-thread-1] INFO  server.RaftServerConfigKeys (ConfUtils.java:logGet(43)) - raft.server.log.segment.cache.num.max = 2 (custom)
2019-10-02 10:56:04,661 [pool-27-thread-1] INFO  server.RaftServerConfigKeys (ConfUtils.java:logGet(43)) - raft.server.log.statemachine.data.sync.timeout = 10s (default)
2019-10-02 10:56:04,661 [pool-27-thread-1] INFO  server.RaftServerConfigKeys (ConfUtils.java:logGet(43)) - raft.server.log.statemachine.data.sync.timeout.retry = -1 (default)
2019-10-02 10:56:04,661 [pool-97-thread-1] INFO  segmented.SegmentedRaftLogWorker (SegmentedRaftLogWorker.java:<init>(173)) - new b25f22f8-54cc-4ffd-bfcd-179cc8cbd7fc@group-ABAF19C3FAB0-SegmentedRaftLogWorker for RaftStorage:Storage Directory /workdir/hadoop-ozone/integration-test/target/test-dir/MiniOzoneClusterImpl-5f261223-23be-4c6b-a914-4b08f19f7d30/datanode-7/data/ratis/de56a06a-588d-4871-b7e3-abaf19c3fab0
2019-10-02 10:56:04,661 [pool-47-thread-1] INFO  segmented.SegmentedRaftLogWorker (SegmentedRaftLogWorker.java:<init>(173)) - new d3dffc06-1d6a-4f7a-8294-c2dc8ce35b40@group-ABAF19C3FAB0-SegmentedRaftLogWorker for RaftStorage:Storage Directory /workdir/hadoop-ozone/integration-test/target/test-dir/MiniOzoneClusterImpl-5f261223-23be-4c6b-a914-4b08f19f7d30/datanode-2/data/ratis/de56a06a-588d-4871-b7e3-abaf19c3fab0
2019-10-02 10:56:04,662 [pool-97-thread-1] INFO  server.RaftServerConfigKeys (ConfUtils.java:logGet(43)) - raft.server.log.queue.byte-limit = 2147483647 (custom)
2019-10-02 10:56:04,662 [pool-27-thread-1] INFO  server.RaftServerConfigKeys (ConfUtils.java:logGet(43)) - raft.server.log.statemachine.data.caching.enabled = true (custom)
2019-10-02 10:56:04,662 [pool-97-thread-1] INFO  server.RaftServerConfigKeys (ConfUtils.java:logGet(43)) - raft.server.log.queue.element-limit = 1024 (custom)
2019-10-02 10:56:04,662 [pool-47-thread-1] INFO  server.RaftServerConfigKeys (ConfUtils.java:logGet(43)) - raft.server.log.queue.byte-limit = 2147483647 (custom)
2019-10-02 10:56:04,662 [pool-97-thread-1] INFO  server.RaftServerConfigKeys (ConfUtils.java:logGet(43)) - raft.server.log.segment.size.max = 1048576 (custom)
2019-10-02 10:56:04,662 [pool-47-thread-1] INFO  server.RaftServerConfigKeys (ConfUtils.java:logGet(43)) - raft.server.log.queue.element-limit = 1024 (custom)
2019-10-02 10:56:04,662 [pool-27-thread-1] INFO  segmented.SegmentedRaftLogWorker (SegmentedRaftLogWorker.java:lambda$new$0(128)) - 7df38282-3a3d-4206-964a-9b3301cd1d1f@group-ABAF19C3FAB0-SegmentedRaftLogWorker: flushIndex: setUnconditionally 0 -> -1
2019-10-02 10:56:04,663 [pool-47-thread-1] INFO  server.RaftServerConfigKeys (ConfUtils.java:logGet(43)) - raft.server.log.segment.size.max = 1048576 (custom)
2019-10-02 10:56:04,663 [pool-97-thread-1] INFO  server.RaftServerConfigKeys (ConfUtils.java:logGet(43)) - raft.server.log.preallocated.size = 16384 (custom)
2019-10-02 10:56:04,663 [pool-27-thread-1] INFO  server.RaftServerConfigKeys (ConfUtils.java:logGet(43)) - raft.server.snapshot.auto.trigger.enabled = true (custom)
2019-10-02 10:56:04,663 [pool-47-thread-1] INFO  server.RaftServerConfigKeys (ConfUtils.java:logGet(43)) - raft.server.log.preallocated.size = 16384 (custom)
2019-10-02 10:56:04,663 [pool-27-thread-1] INFO  server.RaftServerConfigKeys (ConfUtils.java:logGet(43)) - raft.server.snapshot.auto.trigger.threshold = 10000 (custom)
2019-10-02 10:56:04,663 [pool-97-thread-1] INFO  server.RaftServerConfigKeys (ConfUtils.java:logGet(43)) - raft.server.log.write.buffer.size = 33554432 (custom)
2019-10-02 10:56:04,664 [pool-27-thread-1] INFO  server.RaftServerConfigKeys (ConfUtils.java:logGet(43)) - raft.server.snapshot.retention.file.num = 5 (custom)
2019-10-02 10:56:04,663 [pool-47-thread-1] INFO  server.RaftServerConfigKeys (ConfUtils.java:logGet(43)) - raft.server.log.write.buffer.size = 33554432 (custom)
2019-10-02 10:56:04,664 [pool-27-thread-1] INFO  server.RaftServerConfigKeys (ConfUtils.java:logGet(43)) - raft.server.retrycache.expirytime = 600000ms (custom)
2019-10-02 10:56:04,664 [pool-97-thread-1] INFO  server.RaftServerConfigKeys (ConfUtils.java:logGet(43)) - raft.server.log.force.sync.num = 128 (default)
2019-10-02 10:56:04,664 [pool-47-thread-1] INFO  server.RaftServerConfigKeys (ConfUtils.java:logGet(43)) - raft.server.log.force.sync.num = 128 (default)
2019-10-02 10:56:04,664 [pool-97-thread-1] INFO  server.RaftServerConfigKeys (ConfUtils.java:logGet(43)) - raft.server.log.statemachine.data.sync = true (default)
2019-10-02 10:56:04,664 [pool-47-thread-1] INFO  server.RaftServerConfigKeys (ConfUtils.java:logGet(43)) - raft.server.log.statemachine.data.sync = true (default)
2019-10-02 10:56:04,665 [pool-97-thread-1] INFO  server.RaftServerConfigKeys (ConfUtils.java:logGet(43)) - raft.server.log.statemachine.data.sync.timeout = 10s (default)
2019-10-02 10:56:04,665 [pool-47-thread-1] INFO  server.RaftServerConfigKeys (ConfUtils.java:logGet(43)) - raft.server.log.statemachine.data.sync.timeout = 10s (default)
2019-10-02 10:56:04,665 [pool-97-thread-1] INFO  server.RaftServerConfigKeys (ConfUtils.java:logGet(43)) - raft.server.log.statemachine.data.sync.timeout.retry = -1 (default)
2019-10-02 10:56:04,683 [pool-47-thread-1] INFO  server.RaftServerConfigKeys (ConfUtils.java:logGet(43)) - raft.server.log.statemachine.data.sync.timeout.retry = -1 (default)
2019-10-02 10:56:04,683 [pool-47-thread-1] INFO  server.RaftServerConfigKeys (ConfUtils.java:logGet(43)) - raft.server.log.statemachine.data.caching.enabled = true (custom)
2019-10-02 10:56:04,683 [pool-97-thread-1] INFO  server.RaftServerConfigKeys (ConfUtils.java:logGet(43)) - raft.server.log.statemachine.data.caching.enabled = true (custom)
2019-10-02 10:56:04,684 [pool-47-thread-1] INFO  segmented.SegmentedRaftLogWorker (SegmentedRaftLogWorker.java:lambda$new$0(128)) - d3dffc06-1d6a-4f7a-8294-c2dc8ce35b40@group-ABAF19C3FAB0-SegmentedRaftLogWorker: flushIndex: setUnconditionally 0 -> -1
2019-10-02 10:56:04,684 [pool-97-thread-1] INFO  segmented.SegmentedRaftLogWorker (SegmentedRaftLogWorker.java:lambda$new$0(128)) - b25f22f8-54cc-4ffd-bfcd-179cc8cbd7fc@group-ABAF19C3FAB0-SegmentedRaftLogWorker: flushIndex: setUnconditionally 0 -> -1
2019-10-02 10:56:04,684 [pool-47-thread-1] INFO  server.RaftServerConfigKeys (ConfUtils.java:logGet(43)) - raft.server.snapshot.auto.trigger.enabled = true (custom)
2019-10-02 10:56:04,684 [pool-47-thread-1] INFO  server.RaftServerConfigKeys (ConfUtils.java:logGet(43)) - raft.server.snapshot.auto.trigger.threshold = 10000 (custom)
2019-10-02 10:56:04,684 [pool-97-thread-1] INFO  server.RaftServerConfigKeys (ConfUtils.java:logGet(43)) - raft.server.snapshot.auto.trigger.enabled = true (custom)
2019-10-02 10:56:04,684 [pool-47-thread-1] INFO  server.RaftServerConfigKeys (ConfUtils.java:logGet(43)) - raft.server.snapshot.retention.file.num = 5 (custom)
2019-10-02 10:56:04,685 [pool-97-thread-1] INFO  server.RaftServerConfigKeys (ConfUtils.java:logGet(43)) - raft.server.snapshot.auto.trigger.threshold = 10000 (custom)
2019-10-02 10:56:04,685 [pool-47-thread-1] INFO  server.RaftServerConfigKeys (ConfUtils.java:logGet(43)) - raft.server.retrycache.expirytime = 600000ms (custom)
2019-10-02 10:56:04,685 [pool-97-thread-1] INFO  server.RaftServerConfigKeys (ConfUtils.java:logGet(43)) - raft.server.snapshot.retention.file.num = 5 (custom)
2019-10-02 10:56:04,685 [pool-97-thread-1] INFO  server.RaftServerConfigKeys (ConfUtils.java:logGet(43)) - raft.server.retrycache.expirytime = 600000ms (custom)
2019-10-02 10:56:04,688 [pool-27-thread-1] INFO  impl.RaftServerImpl (RaftServerImpl.java:<init>(95)) - 7df38282-3a3d-4206-964a-9b3301cd1d1f: new RaftServerImpl for group-6B83A71B3C43:[d3dffc06-1d6a-4f7a-8294-c2dc8ce35b40:192.168.30.53:33785, 7df38282-3a3d-4206-964a-9b3301cd1d1f:192.168.30.53:34960, b25f22f8-54cc-4ffd-bfcd-179cc8cbd7fc:192.168.30.53:42549] with ContainerStateMachine:uninitialized
2019-10-02 10:56:04,688 [pool-27-thread-1] INFO  server.RaftServerConfigKeys (ConfUtils.java:logGet(43)) - raft.server.rpc.timeout.min = 1s (custom)
2019-10-02 10:56:04,688 [pool-27-thread-1] INFO  server.RaftServerConfigKeys (ConfUtils.java:logGet(43)) - raft.server.rpc.timeout.max = 1200ms (custom)
2019-10-02 10:56:04,688 [pool-27-thread-1] INFO  server.RaftServerConfigKeys (ConfUtils.java:logGet(43)) - raft.server.rpcslowness.timeout = 120s (custom)
2019-10-02 10:56:04,688 [pool-27-thread-1] INFO  server.RaftServerConfigKeys (ConfUtils.java:logGet(43)) - raft.server.sleep.deviation.threshold = 300 (default)
2019-10-02 10:56:04,689 [pool-27-thread-1] INFO  server.RaftServerConfigKeys (ConfUtils.java:logGet(43)) - raft.server.log.appender.install.snapshot.enabled = false (custom)
2019-10-02 10:56:04,689 [pool-27-thread-1] INFO  impl.RaftServerImpl (ServerState.java:<init>(103)) - 7df38282-3a3d-4206-964a-9b3301cd1d1f@group-6B83A71B3C43: ConfigurationManager, init=-1: [d3dffc06-1d6a-4f7a-8294-c2dc8ce35b40:192.168.30.53:33785, 7df38282-3a3d-4206-964a-9b3301cd1d1f:192.168.30.53:34960, b25f22f8-54cc-4ffd-bfcd-179cc8cbd7fc:192.168.30.53:42549], old=null, confs=<EMPTY_MAP>
2019-10-02 10:56:04,689 [pool-47-thread-1] INFO  impl.RaftServerImpl (RaftServerImpl.java:<init>(95)) - d3dffc06-1d6a-4f7a-8294-c2dc8ce35b40: new RaftServerImpl for group-6B83A71B3C43:[d3dffc06-1d6a-4f7a-8294-c2dc8ce35b40:192.168.30.53:33785, 7df38282-3a3d-4206-964a-9b3301cd1d1f:192.168.30.53:34960, b25f22f8-54cc-4ffd-bfcd-179cc8cbd7fc:192.168.30.53:42549] with ContainerStateMachine:uninitialized
2019-10-02 10:56:04,689 [pool-27-thread-1] INFO  server.RaftServerConfigKeys (ConfUtils.java:logGet(43)) - raft.server.storage.dir = [/workdir/hadoop-ozone/integration-test/target/test-dir/MiniOzoneClusterImpl-5f261223-23be-4c6b-a914-4b08f19f7d30/datanode-0/data/ratis] (custom)
2019-10-02 10:56:04,689 [pool-47-thread-1] INFO  server.RaftServerConfigKeys (ConfUtils.java:logGet(43)) - raft.server.rpc.timeout.min = 1s (custom)
2019-10-02 10:56:04,689 [pool-47-thread-1] INFO  server.RaftServerConfigKeys (ConfUtils.java:logGet(43)) - raft.server.rpc.timeout.max = 1200ms (custom)
2019-10-02 10:56:04,690 [pool-27-thread-1] INFO  server.RaftServerConfigKeys (ConfUtils.java:logGet(43)) - raft.server.log.corruption.policy = EXCEPTION (default)
2019-10-02 10:56:04,690 [pool-47-thread-1] INFO  server.RaftServerConfigKeys (ConfUtils.java:logGet(43)) - raft.server.rpcslowness.timeout = 120s (custom)
2019-10-02 10:56:04,690 [pool-47-thread-1] INFO  server.RaftServerConfigKeys (ConfUtils.java:logGet(43)) - raft.server.sleep.deviation.threshold = 300 (default)
2019-10-02 10:56:04,690 [pool-27-thread-1] INFO  storage.RaftStorageDirectory (RaftStorageDirectory.java:analyzeStorage(246)) - The storage directory /workdir/hadoop-ozone/integration-test/target/test-dir/MiniOzoneClusterImpl-5f261223-23be-4c6b-a914-4b08f19f7d30/datanode-0/data/ratis/ede7d5a2-8296-48c9-9101-6b83a71b3c43 does not exist. Creating ...
2019-10-02 10:56:04,690 [pool-47-thread-1] INFO  server.RaftServerConfigKeys (ConfUtils.java:logGet(43)) - raft.server.log.appender.install.snapshot.enabled = false (custom)
2019-10-02 10:56:04,690 [pool-97-thread-1] INFO  impl.RaftServerImpl (RaftServerImpl.java:<init>(95)) - b25f22f8-54cc-4ffd-bfcd-179cc8cbd7fc: new RaftServerImpl for group-6B83A71B3C43:[d3dffc06-1d6a-4f7a-8294-c2dc8ce35b40:192.168.30.53:33785, 7df38282-3a3d-4206-964a-9b3301cd1d1f:192.168.30.53:34960, b25f22f8-54cc-4ffd-bfcd-179cc8cbd7fc:192.168.30.53:42549] with ContainerStateMachine:uninitialized
2019-10-02 10:56:04,690 [pool-47-thread-1] INFO  impl.RaftServerImpl (ServerState.java:<init>(103)) - d3dffc06-1d6a-4f7a-8294-c2dc8ce35b40@group-6B83A71B3C43: ConfigurationManager, init=-1: [d3dffc06-1d6a-4f7a-8294-c2dc8ce35b40:192.168.30.53:33785, 7df38282-3a3d-4206-964a-9b3301cd1d1f:192.168.30.53:34960, b25f22f8-54cc-4ffd-bfcd-179cc8cbd7fc:192.168.30.53:42549], old=null, confs=<EMPTY_MAP>
2019-10-02 10:56:04,690 [pool-97-thread-1] INFO  server.RaftServerConfigKeys (ConfUtils.java:logGet(43)) - raft.server.rpc.timeout.min = 1s (custom)
2019-10-02 10:56:04,690 [pool-47-thread-1] INFO  server.RaftServerConfigKeys (ConfUtils.java:logGet(43)) - raft.server.storage.dir = [/workdir/hadoop-ozone/integration-test/target/test-dir/MiniOzoneClusterImpl-5f261223-23be-4c6b-a914-4b08f19f7d30/datanode-2/data/ratis] (custom)
2019-10-02 10:56:04,691 [pool-97-thread-1] INFO  server.RaftServerConfigKeys (ConfUtils.java:logGet(43)) - raft.server.rpc.timeout.max = 1200ms (custom)
2019-10-02 10:56:04,691 [pool-97-thread-1] INFO  server.RaftServerConfigKeys (ConfUtils.java:logGet(43)) - raft.server.rpcslowness.timeout = 120s (custom)
2019-10-02 10:56:04,691 [pool-47-thread-1] INFO  server.RaftServerConfigKeys (ConfUtils.java:logGet(43)) - raft.server.log.corruption.policy = EXCEPTION (default)
2019-10-02 10:56:04,691 [pool-97-thread-1] INFO  server.RaftServerConfigKeys (ConfUtils.java:logGet(43)) - raft.server.sleep.deviation.threshold = 300 (default)
2019-10-02 10:56:04,691 [pool-47-thread-1] INFO  storage.RaftStorageDirectory (RaftStorageDirectory.java:analyzeStorage(246)) - The storage directory /workdir/hadoop-ozone/integration-test/target/test-dir/MiniOzoneClusterImpl-5f261223-23be-4c6b-a914-4b08f19f7d30/datanode-2/data/ratis/ede7d5a2-8296-48c9-9101-6b83a71b3c43 does not exist. Creating ...
2019-10-02 10:56:04,691 [pool-97-thread-1] INFO  server.RaftServerConfigKeys (ConfUtils.java:logGet(43)) - raft.server.log.appender.install.snapshot.enabled = false (custom)
2019-10-02 10:56:04,691 [pool-97-thread-1] INFO  impl.RaftServerImpl (ServerState.java:<init>(103)) - b25f22f8-54cc-4ffd-bfcd-179cc8cbd7fc@group-6B83A71B3C43: ConfigurationManager, init=-1: [d3dffc06-1d6a-4f7a-8294-c2dc8ce35b40:192.168.30.53:33785, 7df38282-3a3d-4206-964a-9b3301cd1d1f:192.168.30.53:34960, b25f22f8-54cc-4ffd-bfcd-179cc8cbd7fc:192.168.30.53:42549], old=null, confs=<EMPTY_MAP>
2019-10-02 10:56:04,692 [pool-97-thread-1] INFO  server.RaftServerConfigKeys (ConfUtils.java:logGet(43)) - raft.server.storage.dir = [/workdir/hadoop-ozone/integration-test/target/test-dir/MiniOzoneClusterImpl-5f261223-23be-4c6b-a914-4b08f19f7d30/datanode-7/data/ratis] (custom)
2019-10-02 10:56:04,692 [pool-97-thread-1] INFO  server.RaftServerConfigKeys (ConfUtils.java:logGet(43)) - raft.server.log.corruption.policy = EXCEPTION (default)
2019-10-02 10:56:04,692 [pool-97-thread-1] INFO  storage.RaftStorageDirectory (RaftStorageDirectory.java:analyzeStorage(246)) - The storage directory /workdir/hadoop-ozone/integration-test/target/test-dir/MiniOzoneClusterImpl-5f261223-23be-4c6b-a914-4b08f19f7d30/datanode-7/data/ratis/ede7d5a2-8296-48c9-9101-6b83a71b3c43 does not exist. Creating ...
2019-10-02 10:56:05,330 [b7ca2e1f-1771-41a0-9147-b4dd2438232c@group-973438D00702-SegmentedRaftLogWorker] INFO  segmented.SegmentedRaftLogWorker (SegmentedRaftLogWorker.java:execute(574)) - b7ca2e1f-1771-41a0-9147-b4dd2438232c@group-973438D00702-SegmentedRaftLogWorker: created new log segment /workdir/hadoop-ozone/integration-test/target/test-dir/MiniOzoneClusterImpl-5f261223-23be-4c6b-a914-4b08f19f7d30/datanode-8/data/ratis/e3e60045-e5ca-46b1-95b1-973438d00702/current/log_inprogress_0
2019-10-02 10:56:05,330 [ad13a282-c5bf-465a-9fe1-7adee9400ee3@group-DF5D135B69C0-SegmentedRaftLogWorker] INFO  segmented.SegmentedRaftLogWorker (SegmentedRaftLogWorker.java:execute(574)) - ad13a282-c5bf-465a-9fe1-7adee9400ee3@group-DF5D135B69C0-SegmentedRaftLogWorker: created new log segment /workdir/hadoop-ozone/integration-test/target/test-dir/MiniOzoneClusterImpl-5f261223-23be-4c6b-a914-4b08f19f7d30/datanode-1/data/ratis/6fae9166-8313-418a-ba4f-df5d135b69c0/current/log_inprogress_0
2019-10-02 10:56:05,728 [pool-47-thread-1] INFO  storage.RaftStorageDirectory (RaftStorageDirectory.java:tryLock(328)) - Lock on /workdir/hadoop-ozone/integration-test/target/test-dir/MiniOzoneClusterImpl-5f261223-23be-4c6b-a914-4b08f19f7d30/datanode-2/data/ratis/ede7d5a2-8296-48c9-9101-6b83a71b3c43/in_use.lock acquired by nodename 9257@pr-trunk-5xjmm-2411255686
2019-10-02 10:56:05,728 [pool-27-thread-1] INFO  storage.RaftStorageDirectory (RaftStorageDirectory.java:tryLock(328)) - Lock on /workdir/hadoop-ozone/integration-test/target/test-dir/MiniOzoneClusterImpl-5f261223-23be-4c6b-a914-4b08f19f7d30/datanode-0/data/ratis/ede7d5a2-8296-48c9-9101-6b83a71b3c43/in_use.lock acquired by nodename 9257@pr-trunk-5xjmm-2411255686
2019-10-02 10:56:05,728 [pool-97-thread-1] INFO  storage.RaftStorageDirectory (RaftStorageDirectory.java:tryLock(328)) - Lock on /workdir/hadoop-ozone/integration-test/target/test-dir/MiniOzoneClusterImpl-5f261223-23be-4c6b-a914-4b08f19f7d30/datanode-7/data/ratis/ede7d5a2-8296-48c9-9101-6b83a71b3c43/in_use.lock acquired by nodename 9257@pr-trunk-5xjmm-2411255686
2019-10-02 10:56:06,947 [RATISCREATEPIPELINE1] ERROR pipeline.RatisPipelineProvider (RatisPipelineProvider.java:lambda$null$5(235)) - Failed invoke Ratis rpc org.apache.hadoop.hdds.scm.pipeline.RatisPipelineProvider$$Lambda$190/1553636202@196516ba for 7df38282-3a3d-4206-964a-9b3301cd1d1f
org.apache.ratis.protocol.TimeoutIOException: deadline exceeded after 2997715905ns
	at org.apache.ratis.grpc.GrpcUtil.tryUnwrapException(GrpcUtil.java:82)
	at org.apache.ratis.grpc.GrpcUtil.unwrapException(GrpcUtil.java:75)
	at org.apache.ratis.grpc.client.GrpcClientProtocolClient.blockingCall(GrpcClientProtocolClient.java:184)
	at org.apache.ratis.grpc.client.GrpcClientProtocolClient.groupAdd(GrpcClientProtocolClient.java:153)
	at org.apache.ratis.grpc.client.GrpcClientRpc.sendRequest(GrpcClientRpc.java:94)
	at org.apache.ratis.client.impl.RaftClientImpl.sendRequest(RaftClientImpl.java:278)
	at org.apache.ratis.client.impl.RaftClientImpl.groupAdd(RaftClientImpl.java:205)
	at org.apache.hadoop.hdds.scm.pipeline.RatisPipelineProvider.lambda$initializePipeline$4(RatisPipelineProvider.java:196)
	at org.apache.hadoop.hdds.scm.pipeline.RatisPipelineProvider.lambda$null$5(RatisPipelineProvider.java:231)
	at java.util.stream.ForEachOps$ForEachOp$OfRef.accept(ForEachOps.java:184)
	at java.util.ArrayList$ArrayListSpliterator.forEachRemaining(ArrayList.java:1382)
	at java.util.stream.AbstractPipeline.copyInto(AbstractPipeline.java:482)
	at java.util.stream.ForEachOps$ForEachTask.compute(ForEachOps.java:291)
	at java.util.concurrent.CountedCompleter.exec(CountedCompleter.java:731)
	at java.util.concurrent.ForkJoinTask.doExec(ForkJoinTask.java:289)
	at java.util.concurrent.ForkJoinTask.doInvoke(ForkJoinTask.java:401)
	at java.util.concurrent.ForkJoinTask.invoke(ForkJoinTask.java:734)
	at java.util.stream.ForEachOps$ForEachOp.evaluateParallel(ForEachOps.java:160)
	at java.util.stream.ForEachOps$ForEachOp$OfRef.evaluateParallel(ForEachOps.java:174)
	at java.util.stream.AbstractPipeline.evaluate(AbstractPipeline.java:233)
	at java.util.stream.ReferencePipeline.forEach(ReferencePipeline.java:418)
	at java.util.stream.ReferencePipeline$Head.forEach(ReferencePipeline.java:583)
	at org.apache.hadoop.hdds.scm.pipeline.RatisPipelineProvider.lambda$callRatisRpc$6(RatisPipelineProvider.java:225)
	at java.util.concurrent.ForkJoinTask$AdaptedRunnableAction.exec(ForkJoinTask.java:1386)
	at java.util.concurrent.ForkJoinTask.doExec(ForkJoinTask.java:289)
	at java.util.concurrent.ForkJoinPool$WorkQueue.runTask(ForkJoinPool.java:1056)
	at java.util.concurrent.ForkJoinPool.runWorker(ForkJoinPool.java:1692)
	at java.util.concurrent.ForkJoinWorkerThread.run(ForkJoinWorkerThread.java:157)
Caused by: org.apache.ratis.thirdparty.io.grpc.StatusRuntimeException: DEADLINE_EXCEEDED: deadline exceeded after 2997715905ns
	at org.apache.ratis.thirdparty.io.grpc.stub.ClientCalls.toStatusRuntimeException(ClientCalls.java:233)
	at org.apache.ratis.thirdparty.io.grpc.stub.ClientCalls.getUnchecked(ClientCalls.java:214)
	at org.apache.ratis.thirdparty.io.grpc.stub.ClientCalls.blockingUnaryCall(ClientCalls.java:139)
	at org.apache.ratis.proto.grpc.AdminProtocolServiceGrpc$AdminProtocolServiceBlockingStub.groupManagement(AdminProtocolServiceGrpc.java:274)
	at org.apache.ratis.grpc.client.GrpcClientProtocolClient.lambda$groupAdd$3(GrpcClientProtocolClient.java:155)
	at org.apache.ratis.grpc.client.GrpcClientProtocolClient.blockingCall(GrpcClientProtocolClient.java:182)
	... 25 more
2019-10-02 10:56:06,958 [RATISCREATEPIPELINE3] ERROR pipeline.RatisPipelineProvider (RatisPipelineProvider.java:lambda$null$5(235)) - Failed invoke Ratis rpc org.apache.hadoop.hdds.scm.pipeline.RatisPipelineProvider$$Lambda$190/1553636202@196516ba for d3dffc06-1d6a-4f7a-8294-c2dc8ce35b40
org.apache.ratis.protocol.TimeoutIOException: deadline exceeded after 2999764482ns
	at org.apache.ratis.grpc.GrpcUtil.tryUnwrapException(GrpcUtil.java:82)
	at org.apache.ratis.grpc.GrpcUtil.unwrapException(GrpcUtil.java:75)
	at org.apache.ratis.grpc.client.GrpcClientProtocolClient.blockingCall(GrpcClientProtocolClient.java:184)
	at org.apache.ratis.grpc.client.GrpcClientProtocolClient.groupAdd(GrpcClientProtocolClient.java:153)
	at org.apache.ratis.grpc.client.GrpcClientRpc.sendRequest(GrpcClientRpc.java:94)
	at org.apache.ratis.client.impl.RaftClientImpl.sendRequest(RaftClientImpl.java:278)
	at org.apache.ratis.client.impl.RaftClientImpl.groupAdd(RaftClientImpl.java:205)
	at org.apache.hadoop.hdds.scm.pipeline.RatisPipelineProvider.lambda$initializePipeline$4(RatisPipelineProvider.java:196)
	at org.apache.hadoop.hdds.scm.pipeline.RatisPipelineProvider.lambda$null$5(RatisPipelineProvider.java:231)
	at java.util.stream.ForEachOps$ForEachOp$OfRef.accept(ForEachOps.java:184)
	at java.util.ArrayList$ArrayListSpliterator.forEachRemaining(ArrayList.java:1382)
	at java.util.stream.AbstractPipeline.copyInto(AbstractPipeline.java:482)
	at java.util.stream.ForEachOps$ForEachTask.compute(ForEachOps.java:291)
	at java.util.concurrent.CountedCompleter.exec(CountedCompleter.java:731)
	at java.util.concurrent.ForkJoinTask.doExec(ForkJoinTask.java:289)
	at java.util.concurrent.ForkJoinPool$WorkQueue.runTask(ForkJoinPool.java:1056)
	at java.util.concurrent.ForkJoinPool.runWorker(ForkJoinPool.java:1692)
	at java.util.concurrent.ForkJoinWorkerThread.run(ForkJoinWorkerThread.java:157)
Caused by: org.apache.ratis.thirdparty.io.grpc.StatusRuntimeException: DEADLINE_EXCEEDED: deadline exceeded after 2999764482ns
	at org.apache.ratis.thirdparty.io.grpc.stub.ClientCalls.toStatusRuntimeException(ClientCalls.java:233)
	at org.apache.ratis.thirdparty.io.grpc.stub.ClientCalls.getUnchecked(ClientCalls.java:214)
	at org.apache.ratis.thirdparty.io.grpc.stub.ClientCalls.blockingUnaryCall(ClientCalls.java:139)
	at org.apache.ratis.proto.grpc.AdminProtocolServiceGrpc$AdminProtocolServiceBlockingStub.groupManagement(AdminProtocolServiceGrpc.java:274)
	at org.apache.ratis.grpc.client.GrpcClientProtocolClient.lambda$groupAdd$3(GrpcClientProtocolClient.java:155)
	at org.apache.ratis.grpc.client.GrpcClientProtocolClient.blockingCall(GrpcClientProtocolClient.java:182)
	... 15 more
2019-10-02 10:56:06,958 [RATISCREATEPIPELINE2] ERROR pipeline.RatisPipelineProvider (RatisPipelineProvider.java:lambda$null$5(235)) - Failed invoke Ratis rpc org.apache.hadoop.hdds.scm.pipeline.RatisPipelineProvider$$Lambda$190/1553636202@196516ba for b25f22f8-54cc-4ffd-bfcd-179cc8cbd7fc
org.apache.ratis.protocol.TimeoutIOException: deadline exceeded after 2995372100ns
	at org.apache.ratis.grpc.GrpcUtil.tryUnwrapException(GrpcUtil.java:82)
	at org.apache.ratis.grpc.GrpcUtil.unwrapException(GrpcUtil.java:75)
	at org.apache.ratis.grpc.client.GrpcClientProtocolClient.blockingCall(GrpcClientProtocolClient.java:184)
	at org.apache.ratis.grpc.client.GrpcClientProtocolClient.groupAdd(GrpcClientProtocolClient.java:153)
	at org.apache.ratis.grpc.client.GrpcClientRpc.sendRequest(GrpcClientRpc.java:94)
	at org.apache.ratis.client.impl.RaftClientImpl.sendRequest(RaftClientImpl.java:278)
	at org.apache.ratis.client.impl.RaftClientImpl.groupAdd(RaftClientImpl.java:205)
	at org.apache.hadoop.hdds.scm.pipeline.RatisPipelineProvider.lambda$initializePipeline$4(RatisPipelineProvider.java:196)
	at org.apache.hadoop.hdds.scm.pipeline.RatisPipelineProvider.lambda$null$5(RatisPipelineProvider.java:231)
	at java.util.stream.ForEachOps$ForEachOp$OfRef.accept(ForEachOps.java:184)
	at java.util.ArrayList$ArrayListSpliterator.forEachRemaining(ArrayList.java:1382)
	at java.util.stream.AbstractPipeline.copyInto(AbstractPipeline.java:482)
	at java.util.stream.ForEachOps$ForEachTask.compute(ForEachOps.java:291)
	at java.util.concurrent.CountedCompleter.exec(CountedCompleter.java:731)
	at java.util.concurrent.ForkJoinTask.doExec(ForkJoinTask.java:289)
	at java.util.concurrent.ForkJoinPool$WorkQueue.runTask(ForkJoinPool.java:1056)
	at java.util.concurrent.ForkJoinPool.runWorker(ForkJoinPool.java:1692)
	at java.util.concurrent.ForkJoinWorkerThread.run(ForkJoinWorkerThread.java:157)
Caused by: org.apache.ratis.thirdparty.io.grpc.StatusRuntimeException: DEADLINE_EXCEEDED: deadline exceeded after 2995372100ns
	at org.apache.ratis.thirdparty.io.grpc.stub.ClientCalls.toStatusRuntimeException(ClientCalls.java:233)
	at org.apache.ratis.thirdparty.io.grpc.stub.ClientCalls.getUnchecked(ClientCalls.java:214)
	at org.apache.ratis.thirdparty.io.grpc.stub.ClientCalls.blockingUnaryCall(ClientCalls.java:139)
	at org.apache.ratis.proto.grpc.AdminProtocolServiceGrpc$AdminProtocolServiceBlockingStub.groupManagement(AdminProtocolServiceGrpc.java:274)
	at org.apache.ratis.grpc.client.GrpcClientProtocolClient.lambda$groupAdd$3(GrpcClientProtocolClient.java:155)
	at org.apache.ratis.grpc.client.GrpcClientProtocolClient.blockingCall(GrpcClientProtocolClient.java:182)
	... 15 more
2019-10-02 10:56:06,979 [grpc-default-executor-2] INFO  impl.RaftServerProxy (RaftServerProxy.java:addNew(89)) - d3dffc06-1d6a-4f7a-8294-c2dc8ce35b40: addNew group-C476C2B24A7C:[d3dffc06-1d6a-4f7a-8294-c2dc8ce35b40:192.168.30.53:33785, 7df38282-3a3d-4206-964a-9b3301cd1d1f:192.168.30.53:34960, b25f22f8-54cc-4ffd-bfcd-179cc8cbd7fc:192.168.30.53:42549] returns group-C476C2B24A7C:java.util.concurrent.CompletableFuture@756f8297[Not completed]
2019-10-02 10:56:06,981 [grpc-default-executor-3] INFO  impl.RaftServerProxy (RaftServerProxy.java:addNew(89)) - b25f22f8-54cc-4ffd-bfcd-179cc8cbd7fc: addNew group-C476C2B24A7C:[d3dffc06-1d6a-4f7a-8294-c2dc8ce35b40:192.168.30.53:33785, 7df38282-3a3d-4206-964a-9b3301cd1d1f:192.168.30.53:34960, b25f22f8-54cc-4ffd-bfcd-179cc8cbd7fc:192.168.30.53:42549] returns group-C476C2B24A7C:java.util.concurrent.CompletableFuture@6fa0463f[Not completed]
2019-10-02 10:56:06,981 [grpc-default-executor-1] INFO  impl.RaftServerProxy (RaftServerProxy.java:addNew(89)) - 7df38282-3a3d-4206-964a-9b3301cd1d1f: addNew group-C476C2B24A7C:[d3dffc06-1d6a-4f7a-8294-c2dc8ce35b40:192.168.30.53:33785, 7df38282-3a3d-4206-964a-9b3301cd1d1f:192.168.30.53:34960, b25f22f8-54cc-4ffd-bfcd-179cc8cbd7fc:192.168.30.53:42549] returns group-C476C2B24A7C:java.util.concurrent.CompletableFuture@43749726[Not completed]
2019-10-02 10:56:09,977 [RATISCREATEPIPELINE2] ERROR pipeline.RatisPipelineProvider (RatisPipelineProvider.java:lambda$null$5(235)) - Failed invoke Ratis rpc org.apache.hadoop.hdds.scm.pipeline.RatisPipelineProvider$$Lambda$190/1553636202@2bba7357 for b25f22f8-54cc-4ffd-bfcd-179cc8cbd7fc
org.apache.ratis.protocol.TimeoutIOException: deadline exceeded after 2999746876ns
	at org.apache.ratis.grpc.GrpcUtil.tryUnwrapException(GrpcUtil.java:82)
	at org.apache.ratis.grpc.GrpcUtil.unwrapException(GrpcUtil.java:75)
	at org.apache.ratis.grpc.client.GrpcClientProtocolClient.blockingCall(GrpcClientProtocolClient.java:184)
	at org.apache.ratis.grpc.client.GrpcClientProtocolClient.groupAdd(GrpcClientProtocolClient.java:153)
	at org.apache.ratis.grpc.client.GrpcClientRpc.sendRequest(GrpcClientRpc.java:94)
	at org.apache.ratis.client.impl.RaftClientImpl.sendRequest(RaftClientImpl.java:278)
	at org.apache.ratis.client.impl.RaftClientImpl.groupAdd(RaftClientImpl.java:205)
	at org.apache.hadoop.hdds.scm.pipeline.RatisPipelineProvider.lambda$initializePipeline$4(RatisPipelineProvider.java:196)
	at org.apache.hadoop.hdds.scm.pipeline.RatisPipelineProvider.lambda$null$5(RatisPipelineProvider.java:231)
	at java.util.stream.ForEachOps$ForEachOp$OfRef.accept(ForEachOps.java:184)
	at java.util.ArrayList$ArrayListSpliterator.forEachRemaining(ArrayList.java:1382)
	at java.util.stream.AbstractPipeline.copyInto(AbstractPipeline.java:482)
	at java.util.stream.ForEachOps$ForEachTask.compute(ForEachOps.java:291)
	at java.util.concurrent.CountedCompleter.exec(CountedCompleter.java:731)
	at java.util.concurrent.ForkJoinTask.doExec(ForkJoinTask.java:289)
	at java.util.concurrent.ForkJoinPool$WorkQueue.runTask(ForkJoinPool.java:1056)
	at java.util.concurrent.ForkJoinPool.runWorker(ForkJoinPool.java:1692)
	at java.util.concurrent.ForkJoinWorkerThread.run(ForkJoinWorkerThread.java:157)
Caused by: org.apache.ratis.thirdparty.io.grpc.StatusRuntimeException: DEADLINE_EXCEEDED: deadline exceeded after 2999746876ns
	at org.apache.ratis.thirdparty.io.grpc.stub.ClientCalls.toStatusRuntimeException(ClientCalls.java:233)
	at org.apache.ratis.thirdparty.io.grpc.stub.ClientCalls.getUnchecked(ClientCalls.java:214)
	at org.apache.ratis.thirdparty.io.grpc.stub.ClientCalls.blockingUnaryCall(ClientCalls.java:139)
	at org.apache.ratis.proto.grpc.AdminProtocolServiceGrpc$AdminProtocolServiceBlockingStub.groupManagement(AdminProtocolServiceGrpc.java:274)
	at org.apache.ratis.grpc.client.GrpcClientProtocolClient.lambda$groupAdd$3(GrpcClientProtocolClient.java:155)
	at org.apache.ratis.grpc.client.GrpcClientProtocolClient.blockingCall(GrpcClientProtocolClient.java:182)
	... 15 more
2019-10-02 10:56:09,977 [RATISCREATEPIPELINE1] ERROR pipeline.RatisPipelineProvider (RatisPipelineProvider.java:lambda$null$5(235)) - Failed invoke Ratis rpc org.apache.hadoop.hdds.scm.pipeline.RatisPipelineProvider$$Lambda$190/1553636202@2bba7357 for 7df38282-3a3d-4206-964a-9b3301cd1d1f
org.apache.ratis.protocol.TimeoutIOException: deadline exceeded after 2999711243ns
	at org.apache.ratis.grpc.GrpcUtil.tryUnwrapException(GrpcUtil.java:82)
	at org.apache.ratis.grpc.GrpcUtil.unwrapException(GrpcUtil.java:75)
	at org.apache.ratis.grpc.client.GrpcClientProtocolClient.blockingCall(GrpcClientProtocolClient.java:184)
	at org.apache.ratis.grpc.client.GrpcClientProtocolClient.groupAdd(GrpcClientProtocolClient.java:153)
	at org.apache.ratis.grpc.client.GrpcClientRpc.sendRequest(GrpcClientRpc.java:94)
	at org.apache.ratis.client.impl.RaftClientImpl.sendRequest(RaftClientImpl.java:278)
	at org.apache.ratis.client.impl.RaftClientImpl.groupAdd(RaftClientImpl.java:205)
	at org.apache.hadoop.hdds.scm.pipeline.RatisPipelineProvider.lambda$initializePipeline$4(RatisPipelineProvider.java:196)
	at org.apache.hadoop.hdds.scm.pipeline.RatisPipelineProvider.lambda$null$5(RatisPipelineProvider.java:231)
	at java.util.stream.ForEachOps$ForEachOp$OfRef.accept(ForEachOps.java:184)
	at java.util.ArrayList$ArrayListSpliterator.forEachRemaining(ArrayList.java:1382)
	at java.util.stream.AbstractPipeline.copyInto(AbstractPipeline.java:482)
	at java.util.stream.ForEachOps$ForEachTask.compute(ForEachOps.java:291)
	at java.util.concurrent.CountedCompleter.exec(CountedCompleter.java:731)
	at java.util.concurrent.ForkJoinTask.doExec(ForkJoinTask.java:289)
	at java.util.concurrent.ForkJoinTask.doInvoke(ForkJoinTask.java:401)
	at java.util.concurrent.ForkJoinTask.invoke(ForkJoinTask.java:734)
	at java.util.stream.ForEachOps$ForEachOp.evaluateParallel(ForEachOps.java:160)
	at java.util.stream.ForEachOps$ForEachOp$OfRef.evaluateParallel(ForEachOps.java:174)
	at java.util.stream.AbstractPipeline.evaluate(AbstractPipeline.java:233)
	at java.util.stream.ReferencePipeline.forEach(ReferencePipeline.java:418)
	at java.util.stream.ReferencePipeline$Head.forEach(ReferencePipeline.java:583)
	at org.apache.hadoop.hdds.scm.pipeline.RatisPipelineProvider.lambda$callRatisRpc$6(RatisPipelineProvider.java:225)
	at java.util.concurrent.ForkJoinTask$AdaptedRunnableAction.exec(ForkJoinTask.java:1386)
	at java.util.concurrent.ForkJoinTask.doExec(ForkJoinTask.java:289)
	at java.util.concurrent.ForkJoinPool$WorkQueue.runTask(ForkJoinPool.java:1056)
	at java.util.concurrent.ForkJoinPool.runWorker(ForkJoinPool.java:1692)
	at java.util.concurrent.ForkJoinWorkerThread.run(ForkJoinWorkerThread.java:157)
Caused by: org.apache.ratis.thirdparty.io.grpc.StatusRuntimeException: DEADLINE_EXCEEDED: deadline exceeded after 2999711243ns
	at org.apache.ratis.thirdparty.io.grpc.stub.ClientCalls.toStatusRuntimeException(ClientCalls.java:233)
	at org.apache.ratis.thirdparty.io.grpc.stub.ClientCalls.getUnchecked(ClientCalls.java:214)
	at org.apache.ratis.thirdparty.io.grpc.stub.ClientCalls.blockingUnaryCall(ClientCalls.java:139)
	at org.apache.ratis.proto.grpc.AdminProtocolServiceGrpc$AdminProtocolServiceBlockingStub.groupManagement(AdminProtocolServiceGrpc.java:274)
	at org.apache.ratis.grpc.client.GrpcClientProtocolClient.lambda$groupAdd$3(GrpcClientProtocolClient.java:155)
	at org.apache.ratis.grpc.client.GrpcClientProtocolClient.blockingCall(GrpcClientProtocolClient.java:182)
	... 25 more
2019-10-02 10:56:09,977 [RATISCREATEPIPELINE3] ERROR pipeline.RatisPipelineProvider (RatisPipelineProvider.java:lambda$null$5(235)) - Failed invoke Ratis rpc org.apache.hadoop.hdds.scm.pipeline.RatisPipelineProvider$$Lambda$190/1553636202@2bba7357 for d3dffc06-1d6a-4f7a-8294-c2dc8ce35b40
org.apache.ratis.protocol.TimeoutIOException: deadline exceeded after 2999746713ns
	at org.apache.ratis.grpc.GrpcUtil.tryUnwrapException(GrpcUtil.java:82)
	at org.apache.ratis.grpc.GrpcUtil.unwrapException(GrpcUtil.java:75)
	at org.apache.ratis.grpc.client.GrpcClientProtocolClient.blockingCall(GrpcClientProtocolClient.java:184)
	at org.apache.ratis.grpc.client.GrpcClientProtocolClient.groupAdd(GrpcClientProtocolClient.java:153)
	at org.apache.ratis.grpc.client.GrpcClientRpc.sendRequest(GrpcClientRpc.java:94)
	at org.apache.ratis.client.impl.RaftClientImpl.sendRequest(RaftClientImpl.java:278)
	at org.apache.ratis.client.impl.RaftClientImpl.groupAdd(RaftClientImpl.java:205)
	at org.apache.hadoop.hdds.scm.pipeline.RatisPipelineProvider.lambda$initializePipeline$4(RatisPipelineProvider.java:196)
	at org.apache.hadoop.hdds.scm.pipeline.RatisPipelineProvider.lambda$null$5(RatisPipelineProvider.java:231)
	at java.util.stream.ForEachOps$ForEachOp$OfRef.accept(ForEachOps.java:184)
	at java.util.ArrayList$ArrayListSpliterator.forEachRemaining(ArrayList.java:1382)
	at java.util.stream.AbstractPipeline.copyInto(AbstractPipeline.java:482)
	at java.util.stream.ForEachOps$ForEachTask.compute(ForEachOps.java:291)
	at java.util.concurrent.CountedCompleter.exec(CountedCompleter.java:731)
	at java.util.concurrent.ForkJoinTask.doExec(ForkJoinTask.java:289)
	at java.util.concurrent.ForkJoinPool$WorkQueue.runTask(ForkJoinPool.java:1056)
	at java.util.concurrent.ForkJoinPool.runWorker(ForkJoinPool.java:1692)
	at java.util.concurrent.ForkJoinWorkerThread.run(ForkJoinWorkerThread.java:157)
Caused by: org.apache.ratis.thirdparty.io.grpc.StatusRuntimeException: DEADLINE_EXCEEDED: deadline exceeded after 2999746713ns
	at org.apache.ratis.thirdparty.io.grpc.stub.ClientCalls.toStatusRuntimeException(ClientCalls.java:233)
	at org.apache.ratis.thirdparty.io.grpc.stub.ClientCalls.getUnchecked(ClientCalls.java:214)
	at org.apache.ratis.thirdparty.io.grpc.stub.ClientCalls.blockingUnaryCall(ClientCalls.java:139)
	at org.apache.ratis.proto.grpc.AdminProtocolServiceGrpc$AdminProtocolServiceBlockingStub.groupManagement(AdminProtocolServiceGrpc.java:274)
	at org.apache.ratis.grpc.client.GrpcClientProtocolClient.lambda$groupAdd$3(GrpcClientProtocolClient.java:155)
	at org.apache.ratis.grpc.client.GrpcClientProtocolClient.blockingCall(GrpcClientProtocolClient.java:182)
	... 15 more
2019-10-02 10:56:09,983 [IPC Server handler 0 on 35276] WARN  block.BlockManagerImpl (BlockManagerImpl.java:allocateBlock(192)) - Pipeline creation failed for type:RATIS factor:THREE. Retrying get pipelines call once.
org.apache.hadoop.io.MultipleIOException: 3 exceptions [java.io.IOException: Failed invoke Ratis rpc org.apache.hadoop.hdds.scm.pipeline.RatisPipelineProvider$$Lambda$190/1553636202@2bba7357 for b25f22f8-54cc-4ffd-bfcd-179cc8cbd7fc, java.io.IOException: Failed invoke Ratis rpc org.apache.hadoop.hdds.scm.pipeline.RatisPipelineProvider$$Lambda$190/1553636202@2bba7357 for 7df38282-3a3d-4206-964a-9b3301cd1d1f, java.io.IOException: Failed invoke Ratis rpc org.apache.hadoop.hdds.scm.pipeline.RatisPipelineProvider$$Lambda$190/1553636202@2bba7357 for d3dffc06-1d6a-4f7a-8294-c2dc8ce35b40]
	at org.apache.hadoop.io.MultipleIOException.createIOException(MultipleIOException.java:53)
	at org.apache.hadoop.hdds.scm.pipeline.RatisPipelineProvider.callRatisRpc(RatisPipelineProvider.java:251)
	at org.apache.hadoop.hdds.scm.pipeline.RatisPipelineProvider.initializePipeline(RatisPipelineProvider.java:194)
	at org.apache.hadoop.hdds.scm.pipeline.RatisPipelineProvider.create(RatisPipelineProvider.java:163)
	at org.apache.hadoop.hdds.scm.pipeline.PipelineFactory.create(PipelineFactory.java:58)
	at org.apache.hadoop.hdds.scm.pipeline.SCMPipelineManager.createPipeline(SCMPipelineManager.java:155)
	at org.apache.hadoop.hdds.scm.block.BlockManagerImpl.allocateBlock(BlockManagerImpl.java:190)
	at org.apache.hadoop.hdds.scm.server.SCMBlockProtocolServer.allocateBlock(SCMBlockProtocolServer.java:182)
	at org.apache.hadoop.hdds.scm.protocol.ScmBlockLocationProtocolServerSideTranslatorPB.allocateScmBlock(ScmBlockLocationProtocolServerSideTranslatorPB.java:159)
	at org.apache.hadoop.hdds.scm.protocol.ScmBlockLocationProtocolServerSideTranslatorPB.processMessage(ScmBlockLocationProtocolServerSideTranslatorPB.java:117)
	at org.apache.hadoop.hdds.server.OzoneProtocolMessageDispatcher.processRequest(OzoneProtocolMessageDispatcher.java:72)
	at org.apache.hadoop.hdds.scm.protocol.ScmBlockLocationProtocolServerSideTranslatorPB.send(ScmBlockLocationProtocolServerSideTranslatorPB.java:98)
	at org.apache.hadoop.hdds.protocol.proto.ScmBlockLocationProtocolProtos$ScmBlockLocationProtocolService$2.callBlockingMethod(ScmBlockLocationProtocolProtos.java:13157)
	at org.apache.hadoop.ipc.ProtobufRpcEngine$Server$ProtoBufRpcInvoker.call(ProtobufRpcEngine.java:524)
	at org.apache.hadoop.ipc.RPC$Server.call(RPC.java:1025)
	at org.apache.hadoop.ipc.Server$RpcCall.run(Server.java:876)
	at org.apache.hadoop.ipc.Server$RpcCall.run(Server.java:822)
	at java.security.AccessController.doPrivileged(Native Method)
	at javax.security.auth.Subject.doAs(Subject.java:422)
	at org.apache.hadoop.security.UserGroupInformation.doAs(UserGroupInformation.java:1730)
	at org.apache.hadoop.ipc.Server$Handler.run(Server.java:2682)
2019-10-02 10:56:09,983 [IPC Server handler 0 on 35276] INFO  block.BlockManagerImpl (BlockManagerImpl.java:allocateBlock(198)) - Could not find available pipeline of type:RATIS and factor:THREE even after retrying
2019-10-02 10:56:09,984 [IPC Server handler 0 on 35276] ERROR block.BlockManagerImpl (BlockManagerImpl.java:allocateBlock(222)) - Unable to allocate a block for the size: 4194304, type: RATIS, factor: THREE
2019-10-02 10:56:10,020 [pool-47-thread-1] INFO  storage.RaftStorage (RaftStorage.java:format(84)) - Storage directory /workdir/hadoop-ozone/integration-test/target/test-dir/MiniOzoneClusterImpl-5f261223-23be-4c6b-a914-4b08f19f7d30/datanode-2/data/ratis/ede7d5a2-8296-48c9-9101-6b83a71b3c43 has been successfully formatted.
2019-10-02 10:56:10,020 [pool-97-thread-1] INFO  storage.RaftStorage (RaftStorage.java:format(84)) - Storage directory /workdir/hadoop-ozone/integration-test/target/test-dir/MiniOzoneClusterImpl-5f261223-23be-4c6b-a914-4b08f19f7d30/datanode-7/data/ratis/ede7d5a2-8296-48c9-9101-6b83a71b3c43 has been successfully formatted.
2019-10-02 10:56:10,020 [pool-27-thread-1] INFO  storage.RaftStorage (RaftStorage.java:format(84)) - Storage directory /workdir/hadoop-ozone/integration-test/target/test-dir/MiniOzoneClusterImpl-5f261223-23be-4c6b-a914-4b08f19f7d30/datanode-0/data/ratis/ede7d5a2-8296-48c9-9101-6b83a71b3c43 has been successfully formatted.
2019-10-02 10:56:10,021 [grpc-default-executor-2] INFO  impl.RaftServerProxy (RaftServerProxy.java:addNew(89)) - 7df38282-3a3d-4206-964a-9b3301cd1d1f: addNew group-49987F7A8A7C:[d3dffc06-1d6a-4f7a-8294-c2dc8ce35b40:192.168.30.53:33785, 7df38282-3a3d-4206-964a-9b3301cd1d1f:192.168.30.53:34960, b25f22f8-54cc-4ffd-bfcd-179cc8cbd7fc:192.168.30.53:42549] returns group-49987F7A8A7C:java.util.concurrent.CompletableFuture@213a45cc[Not completed]
2019-10-02 10:56:10,021 [pool-27-thread-1] INFO  ratis.ContainerStateMachine (ContainerStateMachine.java:loadSnapshot(230)) - group-6B83A71B3C43: The snapshot info is null. Setting the last applied indexto:(t:0, i:~)
2019-10-02 10:56:10,021 [grpc-default-executor-3] INFO  impl.RaftServerProxy (RaftServerProxy.java:addNew(89)) - b25f22f8-54cc-4ffd-bfcd-179cc8cbd7fc: addNew group-49987F7A8A7C:[d3dffc06-1d6a-4f7a-8294-c2dc8ce35b40:192.168.30.53:33785, 7df38282-3a3d-4206-964a-9b3301cd1d1f:192.168.30.53:34960, b25f22f8-54cc-4ffd-bfcd-179cc8cbd7fc:192.168.30.53:42549] returns group-49987F7A8A7C:java.util.concurrent.CompletableFuture@5e056ec5[Not completed]
2019-10-02 10:56:10,021 [pool-47-thread-1] INFO  ratis.ContainerStateMachine (ContainerStateMachine.java:loadSnapshot(230)) - group-6B83A71B3C43: The snapshot info is null. Setting the last applied indexto:(t:0, i:~)
2019-10-02 10:56:10,022 [pool-27-thread-1] INFO  server.RaftServerConfigKeys (ConfUtils.java:logGet(43)) - raft.server.notification.no-leader.timeout = 120s (custom)
2019-10-02 10:56:10,021 [grpc-default-executor-1] INFO  impl.RaftServerProxy (RaftServerProxy.java:addNew(89)) - d3dffc06-1d6a-4f7a-8294-c2dc8ce35b40: addNew group-49987F7A8A7C:[d3dffc06-1d6a-4f7a-8294-c2dc8ce35b40:192.168.30.53:33785, 7df38282-3a3d-4206-964a-9b3301cd1d1f:192.168.30.53:34960, b25f22f8-54cc-4ffd-bfcd-179cc8cbd7fc:192.168.30.53:42549] returns group-49987F7A8A7C:java.util.concurrent.CompletableFuture@5d460669[Not completed]
2019-10-02 10:56:10,021 [pool-97-thread-1] INFO  ratis.ContainerStateMachine (ContainerStateMachine.java:loadSnapshot(230)) - group-6B83A71B3C43: The snapshot info is null. Setting the last applied indexto:(t:0, i:~)
2019-10-02 10:56:10,022 [pool-27-thread-1] INFO  server.RaftServerConfigKeys (ConfUtils.java:logGet(43)) - raft.server.log.use.memory = false (default)
2019-10-02 10:56:10,022 [pool-47-thread-1] INFO  server.RaftServerConfigKeys (ConfUtils.java:logGet(43)) - raft.server.notification.no-leader.timeout = 120s (custom)
2019-10-02 10:56:10,023 [pool-27-thread-1] INFO  server.RaftServerConfigKeys (ConfUtils.java:logGet(43)) - raft.server.log.purge.gap = 1000000 (custom)
2019-10-02 10:56:10,023 [pool-97-thread-1] INFO  server.RaftServerConfigKeys (ConfUtils.java:logGet(43)) - raft.server.notification.no-leader.timeout = 120s (custom)
2019-10-02 10:56:10,023 [pool-27-thread-1] INFO  server.RaftServerConfigKeys (ConfUtils.java:logGet(43)) - raft.server.log.appender.buffer.byte-limit = 33554432 (custom)
2019-10-02 10:56:10,023 [pool-47-thread-1] INFO  server.RaftServerConfigKeys (ConfUtils.java:logGet(43)) - raft.server.log.use.memory = false (default)
2019-10-02 10:56:10,023 [pool-27-thread-1] INFO  server.RaftServerConfigKeys (ConfUtils.java:logGet(43)) - raft.server.log.segment.size.max = 1048576 (custom)
2019-10-02 10:56:10,023 [pool-97-thread-1] INFO  server.RaftServerConfigKeys (ConfUtils.java:logGet(43)) - raft.server.log.use.memory = false (default)
2019-10-02 10:56:10,024 [pool-27-thread-1] INFO  server.RaftServerConfigKeys (ConfUtils.java:logGet(43)) - raft.server.log.segment.cache.num.max = 2 (custom)
2019-10-02 10:56:10,023 [pool-47-thread-1] INFO  server.RaftServerConfigKeys (ConfUtils.java:logGet(43)) - raft.server.log.purge.gap = 1000000 (custom)
2019-10-02 10:56:10,024 [pool-27-thread-1] INFO  segmented.SegmentedRaftLogWorker (SegmentedRaftLogWorker.java:<init>(173)) - new 7df38282-3a3d-4206-964a-9b3301cd1d1f@group-6B83A71B3C43-SegmentedRaftLogWorker for RaftStorage:Storage Directory /workdir/hadoop-ozone/integration-test/target/test-dir/MiniOzoneClusterImpl-5f261223-23be-4c6b-a914-4b08f19f7d30/datanode-0/data/ratis/ede7d5a2-8296-48c9-9101-6b83a71b3c43
2019-10-02 10:56:10,024 [pool-97-thread-1] INFO  server.RaftServerConfigKeys (ConfUtils.java:logGet(43)) - raft.server.log.purge.gap = 1000000 (custom)
2019-10-02 10:56:10,024 [pool-27-thread-1] INFO  server.RaftServerConfigKeys (ConfUtils.java:logGet(43)) - raft.server.log.queue.byte-limit = 2147483647 (custom)
2019-10-02 10:56:10,024 [pool-47-thread-1] INFO  server.RaftServerConfigKeys (ConfUtils.java:logGet(43)) - raft.server.log.appender.buffer.byte-limit = 33554432 (custom)
2019-10-02 10:56:10,024 [pool-27-thread-1] INFO  server.RaftServerConfigKeys (ConfUtils.java:logGet(43)) - raft.server.log.queue.element-limit = 1024 (custom)
2019-10-02 10:56:10,024 [pool-97-thread-1] INFO  server.RaftServerConfigKeys (ConfUtils.java:logGet(43)) - raft.server.log.appender.buffer.byte-limit = 33554432 (custom)
2019-10-02 10:56:10,025 [pool-27-thread-1] INFO  server.RaftServerConfigKeys (ConfUtils.java:logGet(43)) - raft.server.log.segment.size.max = 1048576 (custom)
2019-10-02 10:56:10,024 [pool-47-thread-1] INFO  server.RaftServerConfigKeys (ConfUtils.java:logGet(43)) - raft.server.log.segment.size.max = 1048576 (custom)
2019-10-02 10:56:10,025 [pool-27-thread-1] INFO  server.RaftServerConfigKeys (ConfUtils.java:logGet(43)) - raft.server.log.preallocated.size = 16384 (custom)
2019-10-02 10:56:10,025 [pool-97-thread-1] INFO  server.RaftServerConfigKeys (ConfUtils.java:logGet(43)) - raft.server.log.segment.size.max = 1048576 (custom)
2019-10-02 10:56:10,025 [pool-27-thread-1] INFO  server.RaftServerConfigKeys (ConfUtils.java:logGet(43)) - raft.server.log.write.buffer.size = 33554432 (custom)
2019-10-02 10:56:10,025 [pool-47-thread-1] INFO  server.RaftServerConfigKeys (ConfUtils.java:logGet(43)) - raft.server.log.segment.cache.num.max = 2 (custom)
2019-10-02 10:56:10,025 [pool-27-thread-1] INFO  server.RaftServerConfigKeys (ConfUtils.java:logGet(43)) - raft.server.log.force.sync.num = 128 (default)
2019-10-02 10:56:10,025 [pool-97-thread-1] INFO  server.RaftServerConfigKeys (ConfUtils.java:logGet(43)) - raft.server.log.segment.cache.num.max = 2 (custom)
2019-10-02 10:56:10,026 [pool-27-thread-1] INFO  server.RaftServerConfigKeys (ConfUtils.java:logGet(43)) - raft.server.log.statemachine.data.sync = true (default)
2019-10-02 10:56:10,026 [pool-47-thread-1] INFO  segmented.SegmentedRaftLogWorker (SegmentedRaftLogWorker.java:<init>(173)) - new d3dffc06-1d6a-4f7a-8294-c2dc8ce35b40@group-6B83A71B3C43-SegmentedRaftLogWorker for RaftStorage:Storage Directory /workdir/hadoop-ozone/integration-test/target/test-dir/MiniOzoneClusterImpl-5f261223-23be-4c6b-a914-4b08f19f7d30/datanode-2/data/ratis/ede7d5a2-8296-48c9-9101-6b83a71b3c43
2019-10-02 10:56:10,026 [pool-27-thread-1] INFO  server.RaftServerConfigKeys (ConfUtils.java:logGet(43)) - raft.server.log.statemachine.data.sync.timeout = 10s (default)
2019-10-02 10:56:10,026 [pool-97-thread-1] INFO  segmented.SegmentedRaftLogWorker (SegmentedRaftLogWorker.java:<init>(173)) - new b25f22f8-54cc-4ffd-bfcd-179cc8cbd7fc@group-6B83A71B3C43-SegmentedRaftLogWorker for RaftStorage:Storage Directory /workdir/hadoop-ozone/integration-test/target/test-dir/MiniOzoneClusterImpl-5f261223-23be-4c6b-a914-4b08f19f7d30/datanode-7/data/ratis/ede7d5a2-8296-48c9-9101-6b83a71b3c43
2019-10-02 10:56:10,026 [pool-27-thread-1] INFO  server.RaftServerConfigKeys (ConfUtils.java:logGet(43)) - raft.server.log.statemachine.data.sync.timeout.retry = -1 (default)
2019-10-02 10:56:10,026 [pool-47-thread-1] INFO  server.RaftServerConfigKeys (ConfUtils.java:logGet(43)) - raft.server.log.queue.byte-limit = 2147483647 (custom)
2019-10-02 10:56:10,026 [pool-97-thread-1] INFO  server.RaftServerConfigKeys (ConfUtils.java:logGet(43)) - raft.server.log.queue.byte-limit = 2147483647 (custom)
2019-10-02 10:56:10,027 [pool-27-thread-1] INFO  server.RaftServerConfigKeys (ConfUtils.java:logGet(43)) - raft.server.log.statemachine.data.caching.enabled = true (custom)
2019-10-02 10:56:10,027 [pool-47-thread-1] INFO  server.RaftServerConfigKeys (ConfUtils.java:logGet(43)) - raft.server.log.queue.element-limit = 1024 (custom)
2019-10-02 10:56:10,027 [pool-97-thread-1] INFO  server.RaftServerConfigKeys (ConfUtils.java:logGet(43)) - raft.server.log.queue.element-limit = 1024 (custom)
2019-10-02 10:56:10,027 [pool-47-thread-1] INFO  server.RaftServerConfigKeys (ConfUtils.java:logGet(43)) - raft.server.log.segment.size.max = 1048576 (custom)
2019-10-02 10:56:10,027 [pool-97-thread-1] INFO  server.RaftServerConfigKeys (ConfUtils.java:logGet(43)) - raft.server.log.segment.size.max = 1048576 (custom)
2019-10-02 10:56:10,027 [pool-27-thread-1] INFO  segmented.SegmentedRaftLogWorker (SegmentedRaftLogWorker.java:lambda$new$0(128)) - 7df38282-3a3d-4206-964a-9b3301cd1d1f@group-6B83A71B3C43-SegmentedRaftLogWorker: flushIndex: setUnconditionally 0 -> -1
2019-10-02 10:56:10,027 [pool-47-thread-1] INFO  server.RaftServerConfigKeys (ConfUtils.java:logGet(43)) - raft.server.log.preallocated.size = 16384 (custom)
2019-10-02 10:56:10,027 [pool-97-thread-1] INFO  server.RaftServerConfigKeys (ConfUtils.java:logGet(43)) - raft.server.log.preallocated.size = 16384 (custom)
2019-10-02 10:56:10,028 [pool-47-thread-1] INFO  server.RaftServerConfigKeys (ConfUtils.java:logGet(43)) - raft.server.log.write.buffer.size = 33554432 (custom)
2019-10-02 10:56:10,028 [pool-27-thread-1] INFO  server.RaftServerConfigKeys (ConfUtils.java:logGet(43)) - raft.server.snapshot.auto.trigger.enabled = true (custom)
2019-10-02 10:56:10,028 [pool-97-thread-1] INFO  server.RaftServerConfigKeys (ConfUtils.java:logGet(43)) - raft.server.log.write.buffer.size = 33554432 (custom)
2019-10-02 10:56:10,028 [pool-27-thread-1] INFO  server.RaftServerConfigKeys (ConfUtils.java:logGet(43)) - raft.server.snapshot.auto.trigger.threshold = 10000 (custom)
2019-10-02 10:56:10,028 [pool-47-thread-1] INFO  server.RaftServerConfigKeys (ConfUtils.java:logGet(43)) - raft.server.log.force.sync.num = 128 (default)
2019-10-02 10:56:10,028 [pool-27-thread-1] INFO  server.RaftServerConfigKeys (ConfUtils.java:logGet(43)) - raft.server.snapshot.retention.file.num = 5 (custom)
2019-10-02 10:56:10,028 [pool-97-thread-1] INFO  server.RaftServerConfigKeys (ConfUtils.java:logGet(43)) - raft.server.log.force.sync.num = 128 (default)
2019-10-02 10:56:10,028 [pool-47-thread-1] INFO  server.RaftServerConfigKeys (ConfUtils.java:logGet(43)) - raft.server.log.statemachine.data.sync = true (default)
2019-10-02 10:56:10,029 [pool-27-thread-1] INFO  server.RaftServerConfigKeys (ConfUtils.java:logGet(43)) - raft.server.retrycache.expirytime = 600000ms (custom)
2019-10-02 10:56:10,029 [pool-97-thread-1] INFO  server.RaftServerConfigKeys (ConfUtils.java:logGet(43)) - raft.server.log.statemachine.data.sync = true (default)
2019-10-02 10:56:10,029 [pool-47-thread-1] INFO  server.RaftServerConfigKeys (ConfUtils.java:logGet(43)) - raft.server.log.statemachine.data.sync.timeout = 10s (default)
2019-10-02 10:56:10,029 [pool-97-thread-1] INFO  server.RaftServerConfigKeys (ConfUtils.java:logGet(43)) - raft.server.log.statemachine.data.sync.timeout = 10s (default)
2019-10-02 10:56:10,029 [pool-47-thread-1] INFO  server.RaftServerConfigKeys (ConfUtils.java:logGet(43)) - raft.server.log.statemachine.data.sync.timeout.retry = -1 (default)
2019-10-02 10:56:10,029 [pool-97-thread-1] INFO  server.RaftServerConfigKeys (ConfUtils.java:logGet(43)) - raft.server.log.statemachine.data.sync.timeout.retry = -1 (default)
2019-10-02 10:56:10,029 [pool-47-thread-1] INFO  server.RaftServerConfigKeys (ConfUtils.java:logGet(43)) - raft.server.log.statemachine.data.caching.enabled = true (custom)
2019-10-02 10:56:10,029 [pool-97-thread-1] INFO  server.RaftServerConfigKeys (ConfUtils.java:logGet(43)) - raft.server.log.statemachine.data.caching.enabled = true (custom)
2019-10-02 10:56:10,030 [pool-47-thread-1] INFO  segmented.SegmentedRaftLogWorker (SegmentedRaftLogWorker.java:lambda$new$0(128)) - d3dffc06-1d6a-4f7a-8294-c2dc8ce35b40@group-6B83A71B3C43-SegmentedRaftLogWorker: flushIndex: setUnconditionally 0 -> -1
2019-10-02 10:56:10,030 [pool-97-thread-1] INFO  segmented.SegmentedRaftLogWorker (SegmentedRaftLogWorker.java:lambda$new$0(128)) - b25f22f8-54cc-4ffd-bfcd-179cc8cbd7fc@group-6B83A71B3C43-SegmentedRaftLogWorker: flushIndex: setUnconditionally 0 -> -1
2019-10-02 10:56:10,030 [pool-47-thread-1] INFO  server.RaftServerConfigKeys (ConfUtils.java:logGet(43)) - raft.server.snapshot.auto.trigger.enabled = true (custom)
2019-10-02 10:56:10,030 [pool-47-thread-1] INFO  server.RaftServerConfigKeys (ConfUtils.java:logGet(43)) - raft.server.snapshot.auto.trigger.threshold = 10000 (custom)
2019-10-02 10:56:10,030 [pool-97-thread-1] INFO  server.RaftServerConfigKeys (ConfUtils.java:logGet(43)) - raft.server.snapshot.auto.trigger.enabled = true (custom)
2019-10-02 10:56:10,030 [pool-47-thread-1] INFO  server.RaftServerConfigKeys (ConfUtils.java:logGet(43)) - raft.server.snapshot.retention.file.num = 5 (custom)
2019-10-02 10:56:10,030 [pool-97-thread-1] INFO  server.RaftServerConfigKeys (ConfUtils.java:logGet(43)) - raft.server.snapshot.auto.trigger.threshold = 10000 (custom)
2019-10-02 10:56:10,030 [pool-47-thread-1] INFO  server.RaftServerConfigKeys (ConfUtils.java:logGet(43)) - raft.server.retrycache.expirytime = 600000ms (custom)
2019-10-02 10:56:10,030 [pool-97-thread-1] INFO  server.RaftServerConfigKeys (ConfUtils.java:logGet(43)) - raft.server.snapshot.retention.file.num = 5 (custom)
2019-10-02 10:56:10,031 [pool-97-thread-1] INFO  server.RaftServerConfigKeys (ConfUtils.java:logGet(43)) - raft.server.retrycache.expirytime = 600000ms (custom)
2019-10-02 10:56:10,035 [pool-27-thread-1] INFO  impl.RaftServerImpl (RaftServerImpl.java:start(181)) - 7df38282-3a3d-4206-964a-9b3301cd1d1f@group-ABAF19C3FAB0: start as a follower, conf=-1: [d3dffc06-1d6a-4f7a-8294-c2dc8ce35b40:192.168.30.53:33785, 7df38282-3a3d-4206-964a-9b3301cd1d1f:192.168.30.53:34960, b25f22f8-54cc-4ffd-bfcd-179cc8cbd7fc:192.168.30.53:42549], old=null
2019-10-02 10:56:10,035 [pool-27-thread-1] INFO  impl.RaftServerImpl (RaftServerImpl.java:setRole(170)) - 7df38282-3a3d-4206-964a-9b3301cd1d1f@group-ABAF19C3FAB0: changes role from      null to FOLLOWER at term 0 for startAsFollower
2019-10-02 10:56:10,035 [pool-27-thread-1] INFO  impl.RoleInfo (RoleInfo.java:updateAndGet(143)) - 7df38282-3a3d-4206-964a-9b3301cd1d1f: start FollowerState
2019-10-02 10:56:10,036 [pool-47-thread-1] INFO  impl.RaftServerImpl (RaftServerImpl.java:start(181)) - d3dffc06-1d6a-4f7a-8294-c2dc8ce35b40@group-ABAF19C3FAB0: start as a follower, conf=-1: [d3dffc06-1d6a-4f7a-8294-c2dc8ce35b40:192.168.30.53:33785, 7df38282-3a3d-4206-964a-9b3301cd1d1f:192.168.30.53:34960, b25f22f8-54cc-4ffd-bfcd-179cc8cbd7fc:192.168.30.53:42549], old=null
2019-10-02 10:56:10,036 [pool-47-thread-1] INFO  impl.RaftServerImpl (RaftServerImpl.java:setRole(170)) - d3dffc06-1d6a-4f7a-8294-c2dc8ce35b40@group-ABAF19C3FAB0: changes role from      null to FOLLOWER at term 0 for startAsFollower
2019-10-02 10:56:10,036 [pool-27-thread-1] INFO  util.JmxRegister (JmxRegister.java:tryRegister(44)) - Successfully registered JMX Bean with object name Ratis:service=RaftServer,group=group-ABAF19C3FAB0,id=7df38282-3a3d-4206-964a-9b3301cd1d1f
2019-10-02 10:56:10,036 [pool-47-thread-1] INFO  impl.RoleInfo (RoleInfo.java:updateAndGet(143)) - d3dffc06-1d6a-4f7a-8294-c2dc8ce35b40: start FollowerState
2019-10-02 10:56:10,036 [pool-97-thread-1] INFO  impl.RaftServerImpl (RaftServerImpl.java:start(181)) - b25f22f8-54cc-4ffd-bfcd-179cc8cbd7fc@group-ABAF19C3FAB0: start as a follower, conf=-1: [d3dffc06-1d6a-4f7a-8294-c2dc8ce35b40:192.168.30.53:33785, 7df38282-3a3d-4206-964a-9b3301cd1d1f:192.168.30.53:34960, b25f22f8-54cc-4ffd-bfcd-179cc8cbd7fc:192.168.30.53:42549], old=null
2019-10-02 10:56:10,036 [pool-97-thread-1] INFO  impl.RaftServerImpl (RaftServerImpl.java:setRole(170)) - b25f22f8-54cc-4ffd-bfcd-179cc8cbd7fc@group-ABAF19C3FAB0: changes role from      null to FOLLOWER at term 0 for startAsFollower
2019-10-02 10:56:10,036 [pool-47-thread-1] INFO  util.JmxRegister (JmxRegister.java:tryRegister(44)) - Successfully registered JMX Bean with object name Ratis:service=RaftServer,group=group-ABAF19C3FAB0,id=d3dffc06-1d6a-4f7a-8294-c2dc8ce35b40
2019-10-02 10:56:10,037 [pool-97-thread-1] INFO  impl.RoleInfo (RoleInfo.java:updateAndGet(143)) - b25f22f8-54cc-4ffd-bfcd-179cc8cbd7fc: start FollowerState
2019-10-02 10:56:10,037 [pool-97-thread-1] INFO  util.JmxRegister (JmxRegister.java:tryRegister(44)) - Successfully registered JMX Bean with object name Ratis:service=RaftServer,group=group-ABAF19C3FAB0,id=b25f22f8-54cc-4ffd-bfcd-179cc8cbd7fc
2019-10-02 10:56:10,047 [pool-27-thread-1] INFO  impl.RaftServerImpl (RaftServerImpl.java:<init>(95)) - 7df38282-3a3d-4206-964a-9b3301cd1d1f: new RaftServerImpl for group-C476C2B24A7C:[d3dffc06-1d6a-4f7a-8294-c2dc8ce35b40:192.168.30.53:33785, 7df38282-3a3d-4206-964a-9b3301cd1d1f:192.168.30.53:34960, b25f22f8-54cc-4ffd-bfcd-179cc8cbd7fc:192.168.30.53:42549] with ContainerStateMachine:uninitialized
2019-10-02 10:56:10,047 [pool-27-thread-1] INFO  server.RaftServerConfigKeys (ConfUtils.java:logGet(43)) - raft.server.rpc.timeout.min = 1s (custom)
2019-10-02 10:56:10,047 [pool-27-thread-1] INFO  server.RaftServerConfigKeys (ConfUtils.java:logGet(43)) - raft.server.rpc.timeout.max = 1200ms (custom)
2019-10-02 10:56:10,047 [pool-27-thread-1] INFO  server.RaftServerConfigKeys (ConfUtils.java:logGet(43)) - raft.server.rpcslowness.timeout = 120s (custom)
2019-10-02 10:56:10,047 [pool-27-thread-1] INFO  server.RaftServerConfigKeys (ConfUtils.java:logGet(43)) - raft.server.sleep.deviation.threshold = 300 (default)
2019-10-02 10:56:10,048 [pool-27-thread-1] INFO  server.RaftServerConfigKeys (ConfUtils.java:logGet(43)) - raft.server.log.appender.install.snapshot.enabled = false (custom)
2019-10-02 10:56:10,048 [pool-27-thread-1] INFO  impl.RaftServerImpl (ServerState.java:<init>(103)) - 7df38282-3a3d-4206-964a-9b3301cd1d1f@group-C476C2B24A7C: ConfigurationManager, init=-1: [d3dffc06-1d6a-4f7a-8294-c2dc8ce35b40:192.168.30.53:33785, 7df38282-3a3d-4206-964a-9b3301cd1d1f:192.168.30.53:34960, b25f22f8-54cc-4ffd-bfcd-179cc8cbd7fc:192.168.30.53:42549], old=null, confs=<EMPTY_MAP>
2019-10-02 10:56:10,048 [pool-27-thread-1] INFO  server.RaftServerConfigKeys (ConfUtils.java:logGet(43)) - raft.server.storage.dir = [/workdir/hadoop-ozone/integration-test/target/test-dir/MiniOzoneClusterImpl-5f261223-23be-4c6b-a914-4b08f19f7d30/datanode-0/data/ratis] (custom)
2019-10-02 10:56:10,048 [pool-97-thread-1] INFO  impl.RaftServerImpl (RaftServerImpl.java:<init>(95)) - b25f22f8-54cc-4ffd-bfcd-179cc8cbd7fc: new RaftServerImpl for group-C476C2B24A7C:[d3dffc06-1d6a-4f7a-8294-c2dc8ce35b40:192.168.30.53:33785, 7df38282-3a3d-4206-964a-9b3301cd1d1f:192.168.30.53:34960, b25f22f8-54cc-4ffd-bfcd-179cc8cbd7fc:192.168.30.53:42549] with ContainerStateMachine:uninitialized
2019-10-02 10:56:10,048 [pool-27-thread-1] INFO  server.RaftServerConfigKeys (ConfUtils.java:logGet(43)) - raft.server.log.corruption.policy = EXCEPTION (default)
2019-10-02 10:56:10,048 [pool-97-thread-1] INFO  server.RaftServerConfigKeys (ConfUtils.java:logGet(43)) - raft.server.rpc.timeout.min = 1s (custom)
2019-10-02 10:56:10,049 [pool-27-thread-1] INFO  storage.RaftStorageDirectory (RaftStorageDirectory.java:analyzeStorage(246)) - The storage directory /workdir/hadoop-ozone/integration-test/target/test-dir/MiniOzoneClusterImpl-5f261223-23be-4c6b-a914-4b08f19f7d30/datanode-0/data/ratis/3dbeae5b-3f9b-4a17-82cd-c476c2b24a7c does not exist. Creating ...
2019-10-02 10:56:10,049 [pool-97-thread-1] INFO  server.RaftServerConfigKeys (ConfUtils.java:logGet(43)) - raft.server.rpc.timeout.max = 1200ms (custom)
2019-10-02 10:56:10,049 [pool-97-thread-1] INFO  server.RaftServerConfigKeys (ConfUtils.java:logGet(43)) - raft.server.rpcslowness.timeout = 120s (custom)
2019-10-02 10:56:10,049 [pool-97-thread-1] INFO  server.RaftServerConfigKeys (ConfUtils.java:logGet(43)) - raft.server.sleep.deviation.threshold = 300 (default)
2019-10-02 10:56:10,049 [pool-47-thread-1] INFO  impl.RaftServerImpl (RaftServerImpl.java:<init>(95)) - d3dffc06-1d6a-4f7a-8294-c2dc8ce35b40: new RaftServerImpl for group-C476C2B24A7C:[d3dffc06-1d6a-4f7a-8294-c2dc8ce35b40:192.168.30.53:33785, 7df38282-3a3d-4206-964a-9b3301cd1d1f:192.168.30.53:34960, b25f22f8-54cc-4ffd-bfcd-179cc8cbd7fc:192.168.30.53:42549] with ContainerStateMachine:uninitialized
2019-10-02 10:56:10,049 [pool-97-thread-1] INFO  server.RaftServerConfigKeys (ConfUtils.java:logGet(43)) - raft.server.log.appender.install.snapshot.enabled = false (custom)
2019-10-02 10:56:10,049 [pool-47-thread-1] INFO  server.RaftServerConfigKeys (ConfUtils.java:logGet(43)) - raft.server.rpc.timeout.min = 1s (custom)
2019-10-02 10:56:10,050 [pool-97-thread-1] INFO  impl.RaftServerImpl (ServerState.java:<init>(103)) - b25f22f8-54cc-4ffd-bfcd-179cc8cbd7fc@group-C476C2B24A7C: ConfigurationManager, init=-1: [d3dffc06-1d6a-4f7a-8294-c2dc8ce35b40:192.168.30.53:33785, 7df38282-3a3d-4206-964a-9b3301cd1d1f:192.168.30.53:34960, b25f22f8-54cc-4ffd-bfcd-179cc8cbd7fc:192.168.30.53:42549], old=null, confs=<EMPTY_MAP>
2019-10-02 10:56:10,050 [pool-47-thread-1] INFO  server.RaftServerConfigKeys (ConfUtils.java:logGet(43)) - raft.server.rpc.timeout.max = 1200ms (custom)
2019-10-02 10:56:10,050 [pool-97-thread-1] INFO  server.RaftServerConfigKeys (ConfUtils.java:logGet(43)) - raft.server.storage.dir = [/workdir/hadoop-ozone/integration-test/target/test-dir/MiniOzoneClusterImpl-5f261223-23be-4c6b-a914-4b08f19f7d30/datanode-7/data/ratis] (custom)
2019-10-02 10:56:10,050 [pool-47-thread-1] INFO  server.RaftServerConfigKeys (ConfUtils.java:logGet(43)) - raft.server.rpcslowness.timeout = 120s (custom)
2019-10-02 10:56:10,050 [pool-47-thread-1] INFO  server.RaftServerConfigKeys (ConfUtils.java:logGet(43)) - raft.server.sleep.deviation.threshold = 300 (default)
2019-10-02 10:56:10,050 [pool-97-thread-1] INFO  server.RaftServerConfigKeys (ConfUtils.java:logGet(43)) - raft.server.log.corruption.policy = EXCEPTION (default)
2019-10-02 10:56:10,050 [pool-47-thread-1] INFO  server.RaftServerConfigKeys (ConfUtils.java:logGet(43)) - raft.server.log.appender.install.snapshot.enabled = false (custom)
2019-10-02 10:56:10,051 [pool-97-thread-1] INFO  storage.RaftStorageDirectory (RaftStorageDirectory.java:analyzeStorage(246)) - The storage directory /workdir/hadoop-ozone/integration-test/target/test-dir/MiniOzoneClusterImpl-5f261223-23be-4c6b-a914-4b08f19f7d30/datanode-7/data/ratis/3dbeae5b-3f9b-4a17-82cd-c476c2b24a7c does not exist. Creating ...
2019-10-02 10:56:10,051 [pool-47-thread-1] INFO  impl.RaftServerImpl (ServerState.java:<init>(103)) - d3dffc06-1d6a-4f7a-8294-c2dc8ce35b40@group-C476C2B24A7C: ConfigurationManager, init=-1: [d3dffc06-1d6a-4f7a-8294-c2dc8ce35b40:192.168.30.53:33785, 7df38282-3a3d-4206-964a-9b3301cd1d1f:192.168.30.53:34960, b25f22f8-54cc-4ffd-bfcd-179cc8cbd7fc:192.168.30.53:42549], old=null, confs=<EMPTY_MAP>
2019-10-02 10:56:10,051 [pool-47-thread-1] INFO  server.RaftServerConfigKeys (ConfUtils.java:logGet(43)) - raft.server.storage.dir = [/workdir/hadoop-ozone/integration-test/target/test-dir/MiniOzoneClusterImpl-5f261223-23be-4c6b-a914-4b08f19f7d30/datanode-2/data/ratis] (custom)
2019-10-02 10:56:10,051 [pool-47-thread-1] INFO  server.RaftServerConfigKeys (ConfUtils.java:logGet(43)) - raft.server.log.corruption.policy = EXCEPTION (default)
2019-10-02 10:56:10,052 [pool-47-thread-1] INFO  storage.RaftStorageDirectory (RaftStorageDirectory.java:analyzeStorage(246)) - The storage directory /workdir/hadoop-ozone/integration-test/target/test-dir/MiniOzoneClusterImpl-5f261223-23be-4c6b-a914-4b08f19f7d30/datanode-2/data/ratis/3dbeae5b-3f9b-4a17-82cd-c476c2b24a7c does not exist. Creating ...
2019-10-02 10:56:11,112 [Thread-344] INFO  impl.FollowerState (FollowerState.java:run(108)) - 7df38282-3a3d-4206-964a-9b3301cd1d1f@group-ABAF19C3FAB0-FollowerState: change to CANDIDATE, lastRpcTime:1076ms, electionTimeout:1076ms
2019-10-02 10:56:11,112 [Thread-344] INFO  impl.RoleInfo (RoleInfo.java:shutdownFollowerState(121)) - 7df38282-3a3d-4206-964a-9b3301cd1d1f: shutdown FollowerState
2019-10-02 10:56:11,112 [Thread-344] INFO  impl.RaftServerImpl (RaftServerImpl.java:setRole(170)) - 7df38282-3a3d-4206-964a-9b3301cd1d1f@group-ABAF19C3FAB0: changes role from  FOLLOWER to CANDIDATE at term 0 for changeToCandidate
2019-10-02 10:56:11,113 [Thread-344] INFO  impl.RoleInfo (RoleInfo.java:updateAndGet(143)) - 7df38282-3a3d-4206-964a-9b3301cd1d1f: start LeaderElection
2019-10-02 10:56:11,127 [Thread-345] INFO  impl.FollowerState (FollowerState.java:run(108)) - d3dffc06-1d6a-4f7a-8294-c2dc8ce35b40@group-ABAF19C3FAB0-FollowerState: change to CANDIDATE, lastRpcTime:1090ms, electionTimeout:1090ms
2019-10-02 10:56:11,127 [Thread-345] INFO  impl.RoleInfo (RoleInfo.java:shutdownFollowerState(121)) - d3dffc06-1d6a-4f7a-8294-c2dc8ce35b40: shutdown FollowerState
2019-10-02 10:56:11,127 [Thread-345] INFO  impl.RaftServerImpl (RaftServerImpl.java:setRole(170)) - d3dffc06-1d6a-4f7a-8294-c2dc8ce35b40@group-ABAF19C3FAB0: changes role from  FOLLOWER to CANDIDATE at term 0 for changeToCandidate
2019-10-02 10:56:11,127 [Thread-345] INFO  impl.RoleInfo (RoleInfo.java:updateAndGet(143)) - d3dffc06-1d6a-4f7a-8294-c2dc8ce35b40: start LeaderElection
2019-10-02 10:56:11,137 [pool-97-thread-1] INFO  storage.RaftStorageDirectory (RaftStorageDirectory.java:tryLock(328)) - Lock on /workdir/hadoop-ozone/integration-test/target/test-dir/MiniOzoneClusterImpl-5f261223-23be-4c6b-a914-4b08f19f7d30/datanode-7/data/ratis/3dbeae5b-3f9b-4a17-82cd-c476c2b24a7c/in_use.lock acquired by nodename 9257@pr-trunk-5xjmm-2411255686
2019-10-02 10:56:11,137 [pool-27-thread-1] INFO  storage.RaftStorageDirectory (RaftStorageDirectory.java:tryLock(328)) - Lock on /workdir/hadoop-ozone/integration-test/target/test-dir/MiniOzoneClusterImpl-5f261223-23be-4c6b-a914-4b08f19f7d30/datanode-0/data/ratis/3dbeae5b-3f9b-4a17-82cd-c476c2b24a7c/in_use.lock acquired by nodename 9257@pr-trunk-5xjmm-2411255686
2019-10-02 10:56:11,137 [pool-47-thread-1] INFO  storage.RaftStorageDirectory (RaftStorageDirectory.java:tryLock(328)) - Lock on /workdir/hadoop-ozone/integration-test/target/test-dir/MiniOzoneClusterImpl-5f261223-23be-4c6b-a914-4b08f19f7d30/datanode-2/data/ratis/3dbeae5b-3f9b-4a17-82cd-c476c2b24a7c/in_use.lock acquired by nodename 9257@pr-trunk-5xjmm-2411255686
2019-10-02 10:56:11,235 [Thread-346] INFO  impl.FollowerState (FollowerState.java:run(108)) - b25f22f8-54cc-4ffd-bfcd-179cc8cbd7fc@group-ABAF19C3FAB0-FollowerState: change to CANDIDATE, lastRpcTime:1198ms, electionTimeout:1198ms
2019-10-02 10:56:11,236 [Thread-346] INFO  impl.RoleInfo (RoleInfo.java:shutdownFollowerState(121)) - b25f22f8-54cc-4ffd-bfcd-179cc8cbd7fc: shutdown FollowerState
2019-10-02 10:56:11,236 [Thread-346] INFO  impl.RaftServerImpl (RaftServerImpl.java:setRole(170)) - b25f22f8-54cc-4ffd-bfcd-179cc8cbd7fc@group-ABAF19C3FAB0: changes role from  FOLLOWER to CANDIDATE at term 0 for changeToCandidate
2019-10-02 10:56:11,237 [Thread-346] INFO  impl.RoleInfo (RoleInfo.java:updateAndGet(143)) - b25f22f8-54cc-4ffd-bfcd-179cc8cbd7fc: start LeaderElection
2019-10-02 10:56:11,976 [pool-27-thread-1] INFO  storage.RaftStorage (RaftStorage.java:format(84)) - Storage directory /workdir/hadoop-ozone/integration-test/target/test-dir/MiniOzoneClusterImpl-5f261223-23be-4c6b-a914-4b08f19f7d30/datanode-0/data/ratis/3dbeae5b-3f9b-4a17-82cd-c476c2b24a7c has been successfully formatted.
2019-10-02 10:56:11,976 [7df38282-3a3d-4206-964a-9b3301cd1d1f@group-ABAF19C3FAB0-LeaderElection11] INFO  impl.LeaderElection (LeaderElection.java:askForVotes(178)) - 7df38282-3a3d-4206-964a-9b3301cd1d1f@group-ABAF19C3FAB0-LeaderElection11: begin an election at term 1 for -1: [d3dffc06-1d6a-4f7a-8294-c2dc8ce35b40:192.168.30.53:33785, 7df38282-3a3d-4206-964a-9b3301cd1d1f:192.168.30.53:34960, b25f22f8-54cc-4ffd-bfcd-179cc8cbd7fc:192.168.30.53:42549], old=null
2019-10-02 10:56:11,976 [d3dffc06-1d6a-4f7a-8294-c2dc8ce35b40@group-ABAF19C3FAB0-LeaderElection12] INFO  impl.LeaderElection (LeaderElection.java:askForVotes(178)) - d3dffc06-1d6a-4f7a-8294-c2dc8ce35b40@group-ABAF19C3FAB0-LeaderElection12: begin an election at term 1 for -1: [d3dffc06-1d6a-4f7a-8294-c2dc8ce35b40:192.168.30.53:33785, 7df38282-3a3d-4206-964a-9b3301cd1d1f:192.168.30.53:34960, b25f22f8-54cc-4ffd-bfcd-179cc8cbd7fc:192.168.30.53:42549], old=null
2019-10-02 10:56:11,976 [b25f22f8-54cc-4ffd-bfcd-179cc8cbd7fc@group-ABAF19C3FAB0-LeaderElection13] INFO  impl.LeaderElection (LeaderElection.java:askForVotes(178)) - b25f22f8-54cc-4ffd-bfcd-179cc8cbd7fc@group-ABAF19C3FAB0-LeaderElection13: begin an election at term 1 for -1: [d3dffc06-1d6a-4f7a-8294-c2dc8ce35b40:192.168.30.53:33785, 7df38282-3a3d-4206-964a-9b3301cd1d1f:192.168.30.53:34960, b25f22f8-54cc-4ffd-bfcd-179cc8cbd7fc:192.168.30.53:42549], old=null
2019-10-02 10:56:11,976 [pool-97-thread-1] INFO  storage.RaftStorage (RaftStorage.java:format(84)) - Storage directory /workdir/hadoop-ozone/integration-test/target/test-dir/MiniOzoneClusterImpl-5f261223-23be-4c6b-a914-4b08f19f7d30/datanode-7/data/ratis/3dbeae5b-3f9b-4a17-82cd-c476c2b24a7c has been successfully formatted.
2019-10-02 10:56:11,976 [pool-47-thread-1] INFO  storage.RaftStorage (RaftStorage.java:format(84)) - Storage directory /workdir/hadoop-ozone/integration-test/target/test-dir/MiniOzoneClusterImpl-5f261223-23be-4c6b-a914-4b08f19f7d30/datanode-2/data/ratis/3dbeae5b-3f9b-4a17-82cd-c476c2b24a7c has been successfully formatted.
2019-10-02 10:56:11,977 [pool-97-thread-1] INFO  ratis.ContainerStateMachine (ContainerStateMachine.java:loadSnapshot(230)) - group-C476C2B24A7C: The snapshot info is null. Setting the last applied indexto:(t:0, i:~)
2019-10-02 10:56:11,976 [pool-27-thread-1] INFO  ratis.ContainerStateMachine (ContainerStateMachine.java:loadSnapshot(230)) - group-C476C2B24A7C: The snapshot info is null. Setting the last applied indexto:(t:0, i:~)
2019-10-02 10:56:11,977 [pool-97-thread-1] INFO  server.RaftServerConfigKeys (ConfUtils.java:logGet(43)) - raft.server.notification.no-leader.timeout = 120s (custom)
2019-10-02 10:56:11,977 [pool-47-thread-1] INFO  ratis.ContainerStateMachine (ContainerStateMachine.java:loadSnapshot(230)) - group-C476C2B24A7C: The snapshot info is null. Setting the last applied indexto:(t:0, i:~)
2019-10-02 10:56:11,978 [pool-97-thread-1] INFO  server.RaftServerConfigKeys (ConfUtils.java:logGet(43)) - raft.server.log.use.memory = false (default)
2019-10-02 10:56:11,977 [pool-27-thread-1] INFO  server.RaftServerConfigKeys (ConfUtils.java:logGet(43)) - raft.server.notification.no-leader.timeout = 120s (custom)
2019-10-02 10:56:11,978 [pool-97-thread-1] INFO  server.RaftServerConfigKeys (ConfUtils.java:logGet(43)) - raft.server.log.purge.gap = 1000000 (custom)
2019-10-02 10:56:11,978 [pool-47-thread-1] INFO  server.RaftServerConfigKeys (ConfUtils.java:logGet(43)) - raft.server.notification.no-leader.timeout = 120s (custom)
2019-10-02 10:56:11,978 [pool-97-thread-1] INFO  server.RaftServerConfigKeys (ConfUtils.java:logGet(43)) - raft.server.log.appender.buffer.byte-limit = 33554432 (custom)
2019-10-02 10:56:11,978 [pool-27-thread-1] INFO  server.RaftServerConfigKeys (ConfUtils.java:logGet(43)) - raft.server.log.use.memory = false (default)
2019-10-02 10:56:11,978 [pool-97-thread-1] INFO  server.RaftServerConfigKeys (ConfUtils.java:logGet(43)) - raft.server.log.segment.size.max = 1048576 (custom)
2019-10-02 10:56:11,978 [pool-47-thread-1] INFO  server.RaftServerConfigKeys (ConfUtils.java:logGet(43)) - raft.server.log.use.memory = false (default)
2019-10-02 10:56:11,979 [pool-97-thread-1] INFO  server.RaftServerConfigKeys (ConfUtils.java:logGet(43)) - raft.server.log.segment.cache.num.max = 2 (custom)
2019-10-02 10:56:11,979 [pool-27-thread-1] INFO  server.RaftServerConfigKeys (ConfUtils.java:logGet(43)) - raft.server.log.purge.gap = 1000000 (custom)
2019-10-02 10:56:11,979 [pool-97-thread-1] INFO  segmented.SegmentedRaftLogWorker (SegmentedRaftLogWorker.java:<init>(173)) - new b25f22f8-54cc-4ffd-bfcd-179cc8cbd7fc@group-C476C2B24A7C-SegmentedRaftLogWorker for RaftStorage:Storage Directory /workdir/hadoop-ozone/integration-test/target/test-dir/MiniOzoneClusterImpl-5f261223-23be-4c6b-a914-4b08f19f7d30/datanode-7/data/ratis/3dbeae5b-3f9b-4a17-82cd-c476c2b24a7c
2019-10-02 10:56:11,979 [pool-47-thread-1] INFO  server.RaftServerConfigKeys (ConfUtils.java:logGet(43)) - raft.server.log.purge.gap = 1000000 (custom)
2019-10-02 10:56:11,979 [pool-97-thread-1] INFO  server.RaftServerConfigKeys (ConfUtils.java:logGet(43)) - raft.server.log.queue.byte-limit = 2147483647 (custom)
2019-10-02 10:56:11,979 [pool-27-thread-1] INFO  server.RaftServerConfigKeys (ConfUtils.java:logGet(43)) - raft.server.log.appender.buffer.byte-limit = 33554432 (custom)
2019-10-02 10:56:11,980 [pool-97-thread-1] INFO  server.RaftServerConfigKeys (ConfUtils.java:logGet(43)) - raft.server.log.queue.element-limit = 1024 (custom)
2019-10-02 10:56:11,980 [pool-47-thread-1] INFO  server.RaftServerConfigKeys (ConfUtils.java:logGet(43)) - raft.server.log.appender.buffer.byte-limit = 33554432 (custom)
2019-10-02 10:56:11,980 [pool-97-thread-1] INFO  server.RaftServerConfigKeys (ConfUtils.java:logGet(43)) - raft.server.log.segment.size.max = 1048576 (custom)
2019-10-02 10:56:11,980 [pool-27-thread-1] INFO  server.RaftServerConfigKeys (ConfUtils.java:logGet(43)) - raft.server.log.segment.size.max = 1048576 (custom)
2019-10-02 10:56:11,980 [pool-97-thread-1] INFO  server.RaftServerConfigKeys (ConfUtils.java:logGet(43)) - raft.server.log.preallocated.size = 16384 (custom)
2019-10-02 10:56:11,980 [pool-47-thread-1] INFO  server.RaftServerConfigKeys (ConfUtils.java:logGet(43)) - raft.server.log.segment.size.max = 1048576 (custom)
2019-10-02 10:56:11,981 [pool-97-thread-1] INFO  server.RaftServerConfigKeys (ConfUtils.java:logGet(43)) - raft.server.log.write.buffer.size = 33554432 (custom)
2019-10-02 10:56:11,980 [pool-27-thread-1] INFO  server.RaftServerConfigKeys (ConfUtils.java:logGet(43)) - raft.server.log.segment.cache.num.max = 2 (custom)
2019-10-02 10:56:11,981 [pool-97-thread-1] INFO  server.RaftServerConfigKeys (ConfUtils.java:logGet(43)) - raft.server.log.force.sync.num = 128 (default)
2019-10-02 10:56:11,981 [pool-47-thread-1] INFO  server.RaftServerConfigKeys (ConfUtils.java:logGet(43)) - raft.server.log.segment.cache.num.max = 2 (custom)
2019-10-02 10:56:11,981 [pool-97-thread-1] INFO  server.RaftServerConfigKeys (ConfUtils.java:logGet(43)) - raft.server.log.statemachine.data.sync = true (default)
2019-10-02 10:56:11,981 [pool-27-thread-1] INFO  segmented.SegmentedRaftLogWorker (SegmentedRaftLogWorker.java:<init>(173)) - new 7df38282-3a3d-4206-964a-9b3301cd1d1f@group-C476C2B24A7C-SegmentedRaftLogWorker for RaftStorage:Storage Directory /workdir/hadoop-ozone/integration-test/target/test-dir/MiniOzoneClusterImpl-5f261223-23be-4c6b-a914-4b08f19f7d30/datanode-0/data/ratis/3dbeae5b-3f9b-4a17-82cd-c476c2b24a7c
2019-10-02 10:56:11,981 [pool-97-thread-1] INFO  server.RaftServerConfigKeys (ConfUtils.java:logGet(43)) - raft.server.log.statemachine.data.sync.timeout = 10s (default)
2019-10-02 10:56:11,981 [pool-47-thread-1] INFO  segmented.SegmentedRaftLogWorker (SegmentedRaftLogWorker.java:<init>(173)) - new d3dffc06-1d6a-4f7a-8294-c2dc8ce35b40@group-C476C2B24A7C-SegmentedRaftLogWorker for RaftStorage:Storage Directory /workdir/hadoop-ozone/integration-test/target/test-dir/MiniOzoneClusterImpl-5f261223-23be-4c6b-a914-4b08f19f7d30/datanode-2/data/ratis/3dbeae5b-3f9b-4a17-82cd-c476c2b24a7c
2019-10-02 10:56:11,981 [pool-97-thread-1] INFO  server.RaftServerConfigKeys (ConfUtils.java:logGet(43)) - raft.server.log.statemachine.data.sync.timeout.retry = -1 (default)
2019-10-02 10:56:11,981 [pool-27-thread-1] INFO  server.RaftServerConfigKeys (ConfUtils.java:logGet(43)) - raft.server.log.queue.byte-limit = 2147483647 (custom)
2019-10-02 10:56:11,982 [pool-47-thread-1] INFO  server.RaftServerConfigKeys (ConfUtils.java:logGet(43)) - raft.server.log.queue.byte-limit = 2147483647 (custom)
2019-10-02 10:56:11,982 [pool-97-thread-1] INFO  server.RaftServerConfigKeys (ConfUtils.java:logGet(43)) - raft.server.log.statemachine.data.caching.enabled = true (custom)
2019-10-02 10:56:11,982 [pool-27-thread-1] INFO  server.RaftServerConfigKeys (ConfUtils.java:logGet(43)) - raft.server.log.queue.element-limit = 1024 (custom)
2019-10-02 10:56:11,982 [pool-47-thread-1] INFO  server.RaftServerConfigKeys (ConfUtils.java:logGet(43)) - raft.server.log.queue.element-limit = 1024 (custom)
2019-10-02 10:56:11,982 [pool-97-thread-1] INFO  segmented.SegmentedRaftLogWorker (SegmentedRaftLogWorker.java:lambda$new$0(128)) - b25f22f8-54cc-4ffd-bfcd-179cc8cbd7fc@group-C476C2B24A7C-SegmentedRaftLogWorker: flushIndex: setUnconditionally 0 -> -1
2019-10-02 10:56:11,982 [pool-27-thread-1] INFO  server.RaftServerConfigKeys (ConfUtils.java:logGet(43)) - raft.server.log.segment.size.max = 1048576 (custom)
2019-10-02 10:56:11,982 [pool-47-thread-1] INFO  server.RaftServerConfigKeys (ConfUtils.java:logGet(43)) - raft.server.log.segment.size.max = 1048576 (custom)
2019-10-02 10:56:11,983 [pool-97-thread-1] INFO  server.RaftServerConfigKeys (ConfUtils.java:logGet(43)) - raft.server.snapshot.auto.trigger.enabled = true (custom)
2019-10-02 10:56:11,983 [pool-27-thread-1] INFO  server.RaftServerConfigKeys (ConfUtils.java:logGet(43)) - raft.server.log.preallocated.size = 16384 (custom)
2019-10-02 10:56:11,983 [pool-97-thread-1] INFO  server.RaftServerConfigKeys (ConfUtils.java:logGet(43)) - raft.server.snapshot.auto.trigger.threshold = 10000 (custom)
2019-10-02 10:56:11,983 [pool-47-thread-1] INFO  server.RaftServerConfigKeys (ConfUtils.java:logGet(43)) - raft.server.log.preallocated.size = 16384 (custom)
2019-10-02 10:56:11,983 [pool-97-thread-1] INFO  server.RaftServerConfigKeys (ConfUtils.java:logGet(43)) - raft.server.snapshot.retention.file.num = 5 (custom)
2019-10-02 10:56:11,983 [pool-27-thread-1] INFO  server.RaftServerConfigKeys (ConfUtils.java:logGet(43)) - raft.server.log.write.buffer.size = 33554432 (custom)
2019-10-02 10:56:11,983 [pool-47-thread-1] INFO  server.RaftServerConfigKeys (ConfUtils.java:logGet(43)) - raft.server.log.write.buffer.size = 33554432 (custom)
2019-10-02 10:56:11,984 [pool-27-thread-1] INFO  server.RaftServerConfigKeys (ConfUtils.java:logGet(43)) - raft.server.log.force.sync.num = 128 (default)
2019-10-02 10:56:11,984 [pool-27-thread-1] INFO  server.RaftServerConfigKeys (ConfUtils.java:logGet(43)) - raft.server.log.statemachine.data.sync = true (default)
2019-10-02 10:56:11,984 [pool-97-thread-1] INFO  server.RaftServerConfigKeys (ConfUtils.java:logGet(43)) - raft.server.retrycache.expirytime = 600000ms (custom)
2019-10-02 10:56:11,984 [pool-27-thread-1] INFO  server.RaftServerConfigKeys (ConfUtils.java:logGet(43)) - raft.server.log.statemachine.data.sync.timeout = 10s (default)
2019-10-02 10:56:11,984 [pool-47-thread-1] INFO  server.RaftServerConfigKeys (ConfUtils.java:logGet(43)) - raft.server.log.force.sync.num = 128 (default)
2019-10-02 10:56:11,985 [pool-27-thread-1] INFO  server.RaftServerConfigKeys (ConfUtils.java:logGet(43)) - raft.server.log.statemachine.data.sync.timeout.retry = -1 (default)
2019-10-02 10:56:11,985 [pool-47-thread-1] INFO  server.RaftServerConfigKeys (ConfUtils.java:logGet(43)) - raft.server.log.statemachine.data.sync = true (default)
2019-10-02 10:56:11,985 [pool-47-thread-1] INFO  server.RaftServerConfigKeys (ConfUtils.java:logGet(43)) - raft.server.log.statemachine.data.sync.timeout = 10s (default)
2019-10-02 10:56:11,985 [pool-27-thread-1] INFO  server.RaftServerConfigKeys (ConfUtils.java:logGet(43)) - raft.server.log.statemachine.data.caching.enabled = true (custom)
2019-10-02 10:56:11,985 [pool-47-thread-1] INFO  server.RaftServerConfigKeys (ConfUtils.java:logGet(43)) - raft.server.log.statemachine.data.sync.timeout.retry = -1 (default)
2019-10-02 10:56:11,989 [pool-47-thread-1] INFO  server.RaftServerConfigKeys (ConfUtils.java:logGet(43)) - raft.server.log.statemachine.data.caching.enabled = true (custom)
2019-10-02 10:56:11,989 [pool-27-thread-1] INFO  segmented.SegmentedRaftLogWorker (SegmentedRaftLogWorker.java:lambda$new$0(128)) - 7df38282-3a3d-4206-964a-9b3301cd1d1f@group-C476C2B24A7C-SegmentedRaftLogWorker: flushIndex: setUnconditionally 0 -> -1
2019-10-02 10:56:11,994 [pool-47-thread-1] INFO  segmented.SegmentedRaftLogWorker (SegmentedRaftLogWorker.java:lambda$new$0(128)) - d3dffc06-1d6a-4f7a-8294-c2dc8ce35b40@group-C476C2B24A7C-SegmentedRaftLogWorker: flushIndex: setUnconditionally 0 -> -1
2019-10-02 10:56:11,994 [pool-27-thread-1] INFO  server.RaftServerConfigKeys (ConfUtils.java:logGet(43)) - raft.server.snapshot.auto.trigger.enabled = true (custom)
2019-10-02 10:56:11,994 [pool-27-thread-1] INFO  server.RaftServerConfigKeys (ConfUtils.java:logGet(43)) - raft.server.snapshot.auto.trigger.threshold = 10000 (custom)
2019-10-02 10:56:11,998 [pool-47-thread-1] INFO  server.RaftServerConfigKeys (ConfUtils.java:logGet(43)) - raft.server.snapshot.auto.trigger.enabled = true (custom)
2019-10-02 10:56:11,998 [pool-27-thread-1] INFO  server.RaftServerConfigKeys (ConfUtils.java:logGet(43)) - raft.server.snapshot.retention.file.num = 5 (custom)
2019-10-02 10:56:12,001 [pool-47-thread-1] INFO  server.RaftServerConfigKeys (ConfUtils.java:logGet(43)) - raft.server.snapshot.auto.trigger.threshold = 10000 (custom)
2019-10-02 10:56:12,001 [pool-27-thread-1] INFO  server.RaftServerConfigKeys (ConfUtils.java:logGet(43)) - raft.server.retrycache.expirytime = 600000ms (custom)
2019-10-02 10:56:12,001 [pool-47-thread-1] INFO  server.RaftServerConfigKeys (ConfUtils.java:logGet(43)) - raft.server.snapshot.retention.file.num = 5 (custom)
2019-10-02 10:56:12,001 [pool-47-thread-1] INFO  server.RaftServerConfigKeys (ConfUtils.java:logGet(43)) - raft.server.retrycache.expirytime = 600000ms (custom)
2019-10-02 10:56:12,004 [pool-97-thread-1] INFO  impl.RaftServerImpl (RaftServerImpl.java:<init>(95)) - b25f22f8-54cc-4ffd-bfcd-179cc8cbd7fc: new RaftServerImpl for group-49987F7A8A7C:[d3dffc06-1d6a-4f7a-8294-c2dc8ce35b40:192.168.30.53:33785, 7df38282-3a3d-4206-964a-9b3301cd1d1f:192.168.30.53:34960, b25f22f8-54cc-4ffd-bfcd-179cc8cbd7fc:192.168.30.53:42549] with ContainerStateMachine:uninitialized
2019-10-02 10:56:12,004 [pool-97-thread-1] INFO  server.RaftServerConfigKeys (ConfUtils.java:logGet(43)) - raft.server.rpc.timeout.min = 1s (custom)
2019-10-02 10:56:12,005 [pool-97-thread-1] INFO  server.RaftServerConfigKeys (ConfUtils.java:logGet(43)) - raft.server.rpc.timeout.max = 1200ms (custom)
2019-10-02 10:56:12,005 [pool-97-thread-1] INFO  server.RaftServerConfigKeys (ConfUtils.java:logGet(43)) - raft.server.rpcslowness.timeout = 120s (custom)
2019-10-02 10:56:12,005 [pool-97-thread-1] INFO  server.RaftServerConfigKeys (ConfUtils.java:logGet(43)) - raft.server.sleep.deviation.threshold = 300 (default)
2019-10-02 10:56:12,005 [pool-97-thread-1] INFO  server.RaftServerConfigKeys (ConfUtils.java:logGet(43)) - raft.server.log.appender.install.snapshot.enabled = false (custom)
2019-10-02 10:56:12,005 [pool-97-thread-1] INFO  impl.RaftServerImpl (ServerState.java:<init>(103)) - b25f22f8-54cc-4ffd-bfcd-179cc8cbd7fc@group-49987F7A8A7C: ConfigurationManager, init=-1: [d3dffc06-1d6a-4f7a-8294-c2dc8ce35b40:192.168.30.53:33785, 7df38282-3a3d-4206-964a-9b3301cd1d1f:192.168.30.53:34960, b25f22f8-54cc-4ffd-bfcd-179cc8cbd7fc:192.168.30.53:42549], old=null, confs=<EMPTY_MAP>
2019-10-02 10:56:12,006 [pool-97-thread-1] INFO  server.RaftServerConfigKeys (ConfUtils.java:logGet(43)) - raft.server.storage.dir = [/workdir/hadoop-ozone/integration-test/target/test-dir/MiniOzoneClusterImpl-5f261223-23be-4c6b-a914-4b08f19f7d30/datanode-7/data/ratis] (custom)
2019-10-02 10:56:12,006 [pool-27-thread-1] INFO  impl.RaftServerImpl (RaftServerImpl.java:<init>(95)) - 7df38282-3a3d-4206-964a-9b3301cd1d1f: new RaftServerImpl for group-49987F7A8A7C:[d3dffc06-1d6a-4f7a-8294-c2dc8ce35b40:192.168.30.53:33785, 7df38282-3a3d-4206-964a-9b3301cd1d1f:192.168.30.53:34960, b25f22f8-54cc-4ffd-bfcd-179cc8cbd7fc:192.168.30.53:42549] with ContainerStateMachine:uninitialized
2019-10-02 10:56:12,006 [pool-27-thread-1] INFO  server.RaftServerConfigKeys (ConfUtils.java:logGet(43)) - raft.server.rpc.timeout.min = 1s (custom)
2019-10-02 10:56:12,006 [pool-97-thread-1] INFO  server.RaftServerConfigKeys (ConfUtils.java:logGet(43)) - raft.server.log.corruption.policy = EXCEPTION (default)
2019-10-02 10:56:12,006 [pool-27-thread-1] INFO  server.RaftServerConfigKeys (ConfUtils.java:logGet(43)) - raft.server.rpc.timeout.max = 1200ms (custom)
2019-10-02 10:56:12,007 [pool-97-thread-1] INFO  storage.RaftStorageDirectory (RaftStorageDirectory.java:analyzeStorage(246)) - The storage directory /workdir/hadoop-ozone/integration-test/target/test-dir/MiniOzoneClusterImpl-5f261223-23be-4c6b-a914-4b08f19f7d30/datanode-7/data/ratis/d9cbc56a-6e37-401e-a144-49987f7a8a7c does not exist. Creating ...
2019-10-02 10:56:12,007 [pool-47-thread-1] INFO  impl.RaftServerImpl (RaftServerImpl.java:<init>(95)) - d3dffc06-1d6a-4f7a-8294-c2dc8ce35b40: new RaftServerImpl for group-49987F7A8A7C:[d3dffc06-1d6a-4f7a-8294-c2dc8ce35b40:192.168.30.53:33785, 7df38282-3a3d-4206-964a-9b3301cd1d1f:192.168.30.53:34960, b25f22f8-54cc-4ffd-bfcd-179cc8cbd7fc:192.168.30.53:42549] with ContainerStateMachine:uninitialized
2019-10-02 10:56:12,007 [pool-27-thread-1] INFO  server.RaftServerConfigKeys (ConfUtils.java:logGet(43)) - raft.server.rpcslowness.timeout = 120s (custom)
2019-10-02 10:56:12,007 [pool-47-thread-1] INFO  server.RaftServerConfigKeys (ConfUtils.java:logGet(43)) - raft.server.rpc.timeout.min = 1s (custom)
2019-10-02 10:56:12,007 [pool-27-thread-1] INFO  server.RaftServerConfigKeys (ConfUtils.java:logGet(43)) - raft.server.sleep.deviation.threshold = 300 (default)
2019-10-02 10:56:12,007 [pool-47-thread-1] INFO  server.RaftServerConfigKeys (ConfUtils.java:logGet(43)) - raft.server.rpc.timeout.max = 1200ms (custom)
2019-10-02 10:56:12,007 [pool-27-thread-1] INFO  server.RaftServerConfigKeys (ConfUtils.java:logGet(43)) - raft.server.log.appender.install.snapshot.enabled = false (custom)
2019-10-02 10:56:12,007 [pool-47-thread-1] INFO  server.RaftServerConfigKeys (ConfUtils.java:logGet(43)) - raft.server.rpcslowness.timeout = 120s (custom)
2019-10-02 10:56:12,007 [pool-27-thread-1] INFO  impl.RaftServerImpl (ServerState.java:<init>(103)) - 7df38282-3a3d-4206-964a-9b3301cd1d1f@group-49987F7A8A7C: ConfigurationManager, init=-1: [d3dffc06-1d6a-4f7a-8294-c2dc8ce35b40:192.168.30.53:33785, 7df38282-3a3d-4206-964a-9b3301cd1d1f:192.168.30.53:34960, b25f22f8-54cc-4ffd-bfcd-179cc8cbd7fc:192.168.30.53:42549], old=null, confs=<EMPTY_MAP>
2019-10-02 10:56:12,007 [pool-47-thread-1] INFO  server.RaftServerConfigKeys (ConfUtils.java:logGet(43)) - raft.server.sleep.deviation.threshold = 300 (default)
2019-10-02 10:56:12,013 [pool-47-thread-1] INFO  server.RaftServerConfigKeys (ConfUtils.java:logGet(43)) - raft.server.log.appender.install.snapshot.enabled = false (custom)
2019-10-02 10:56:12,011 [pool-27-thread-1] INFO  server.RaftServerConfigKeys (ConfUtils.java:logGet(43)) - raft.server.storage.dir = [/workdir/hadoop-ozone/integration-test/target/test-dir/MiniOzoneClusterImpl-5f261223-23be-4c6b-a914-4b08f19f7d30/datanode-0/data/ratis] (custom)
2019-10-02 10:56:12,016 [pool-47-thread-1] INFO  impl.RaftServerImpl (ServerState.java:<init>(103)) - d3dffc06-1d6a-4f7a-8294-c2dc8ce35b40@group-49987F7A8A7C: ConfigurationManager, init=-1: [d3dffc06-1d6a-4f7a-8294-c2dc8ce35b40:192.168.30.53:33785, 7df38282-3a3d-4206-964a-9b3301cd1d1f:192.168.30.53:34960, b25f22f8-54cc-4ffd-bfcd-179cc8cbd7fc:192.168.30.53:42549], old=null, confs=<EMPTY_MAP>
2019-10-02 10:56:12,017 [pool-47-thread-1] INFO  server.RaftServerConfigKeys (ConfUtils.java:logGet(43)) - raft.server.storage.dir = [/workdir/hadoop-ozone/integration-test/target/test-dir/MiniOzoneClusterImpl-5f261223-23be-4c6b-a914-4b08f19f7d30/datanode-2/data/ratis] (custom)
2019-10-02 10:56:12,017 [pool-27-thread-1] INFO  server.RaftServerConfigKeys (ConfUtils.java:logGet(43)) - raft.server.log.corruption.policy = EXCEPTION (default)
2019-10-02 10:56:12,020 [pool-47-thread-1] INFO  server.RaftServerConfigKeys (ConfUtils.java:logGet(43)) - raft.server.log.corruption.policy = EXCEPTION (default)
2019-10-02 10:56:12,020 [pool-47-thread-1] INFO  storage.RaftStorageDirectory (RaftStorageDirectory.java:analyzeStorage(246)) - The storage directory /workdir/hadoop-ozone/integration-test/target/test-dir/MiniOzoneClusterImpl-5f261223-23be-4c6b-a914-4b08f19f7d30/datanode-2/data/ratis/d9cbc56a-6e37-401e-a144-49987f7a8a7c does not exist. Creating ...
2019-10-02 10:56:12,020 [pool-27-thread-1] INFO  storage.RaftStorageDirectory (RaftStorageDirectory.java:analyzeStorage(246)) - The storage directory /workdir/hadoop-ozone/integration-test/target/test-dir/MiniOzoneClusterImpl-5f261223-23be-4c6b-a914-4b08f19f7d30/datanode-0/data/ratis/d9cbc56a-6e37-401e-a144-49987f7a8a7c does not exist. Creating ...
2019-10-02 10:56:12,043 [d3dffc06-1d6a-4f7a-8294-c2dc8ce35b40@group-ABAF19C3FAB0-LeaderElection12] INFO  impl.LeaderElection (LeaderElection.java:logAndReturn(56)) - d3dffc06-1d6a-4f7a-8294-c2dc8ce35b40@group-ABAF19C3FAB0-LeaderElection12: Election REJECTED; received 2 response(s) [d3dffc06-1d6a-4f7a-8294-c2dc8ce35b40<-7df38282-3a3d-4206-964a-9b3301cd1d1f#0:FAIL-t1, d3dffc06-1d6a-4f7a-8294-c2dc8ce35b40<-b25f22f8-54cc-4ffd-bfcd-179cc8cbd7fc#0:FAIL-t1] and 0 exception(s); d3dffc06-1d6a-4f7a-8294-c2dc8ce35b40@group-ABAF19C3FAB0:t1, leader=null, voted=d3dffc06-1d6a-4f7a-8294-c2dc8ce35b40, raftlog=d3dffc06-1d6a-4f7a-8294-c2dc8ce35b40@group-ABAF19C3FAB0-SegmentedRaftLog:OPENED:c-1,f-1,i0, conf=-1: [d3dffc06-1d6a-4f7a-8294-c2dc8ce35b40:192.168.30.53:33785, 7df38282-3a3d-4206-964a-9b3301cd1d1f:192.168.30.53:34960, b25f22f8-54cc-4ffd-bfcd-179cc8cbd7fc:192.168.30.53:42549], old=null
2019-10-02 10:56:12,043 [b25f22f8-54cc-4ffd-bfcd-179cc8cbd7fc@group-ABAF19C3FAB0-LeaderElection13] INFO  impl.LeaderElection (LeaderElection.java:logAndReturn(56)) - b25f22f8-54cc-4ffd-bfcd-179cc8cbd7fc@group-ABAF19C3FAB0-LeaderElection13: Election REJECTED; received 2 response(s) [b25f22f8-54cc-4ffd-bfcd-179cc8cbd7fc<-d3dffc06-1d6a-4f7a-8294-c2dc8ce35b40#0:FAIL-t1, b25f22f8-54cc-4ffd-bfcd-179cc8cbd7fc<-7df38282-3a3d-4206-964a-9b3301cd1d1f#0:FAIL-t1] and 0 exception(s); b25f22f8-54cc-4ffd-bfcd-179cc8cbd7fc@group-ABAF19C3FAB0:t1, leader=null, voted=b25f22f8-54cc-4ffd-bfcd-179cc8cbd7fc, raftlog=b25f22f8-54cc-4ffd-bfcd-179cc8cbd7fc@group-ABAF19C3FAB0-SegmentedRaftLog:OPENED:c-1,f-1,i0, conf=-1: [d3dffc06-1d6a-4f7a-8294-c2dc8ce35b40:192.168.30.53:33785, 7df38282-3a3d-4206-964a-9b3301cd1d1f:192.168.30.53:34960, b25f22f8-54cc-4ffd-bfcd-179cc8cbd7fc:192.168.30.53:42549], old=null
2019-10-02 10:56:12,043 [7df38282-3a3d-4206-964a-9b3301cd1d1f@group-ABAF19C3FAB0-LeaderElection11] INFO  impl.LeaderElection (LeaderElection.java:logAndReturn(56)) - 7df38282-3a3d-4206-964a-9b3301cd1d1f@group-ABAF19C3FAB0-LeaderElection11: Election REJECTED; received 2 response(s) [7df38282-3a3d-4206-964a-9b3301cd1d1f<-d3dffc06-1d6a-4f7a-8294-c2dc8ce35b40#0:FAIL-t1, 7df38282-3a3d-4206-964a-9b3301cd1d1f<-b25f22f8-54cc-4ffd-bfcd-179cc8cbd7fc#0:FAIL-t1] and 0 exception(s); 7df38282-3a3d-4206-964a-9b3301cd1d1f@group-ABAF19C3FAB0:t1, leader=null, voted=7df38282-3a3d-4206-964a-9b3301cd1d1f, raftlog=7df38282-3a3d-4206-964a-9b3301cd1d1f@group-ABAF19C3FAB0-SegmentedRaftLog:OPENED:c-1,f-1,i0, conf=-1: [d3dffc06-1d6a-4f7a-8294-c2dc8ce35b40:192.168.30.53:33785, 7df38282-3a3d-4206-964a-9b3301cd1d1f:192.168.30.53:34960, b25f22f8-54cc-4ffd-bfcd-179cc8cbd7fc:192.168.30.53:42549], old=null
2019-10-02 10:56:12,047 [7df38282-3a3d-4206-964a-9b3301cd1d1f@group-ABAF19C3FAB0-LeaderElection11] INFO  impl.RaftServerImpl (RaftServerImpl.java:setRole(170)) - 7df38282-3a3d-4206-964a-9b3301cd1d1f@group-ABAF19C3FAB0: changes role from CANDIDATE to FOLLOWER at term 1 for DISCOVERED_A_NEW_TERM
2019-10-02 10:56:12,047 [7df38282-3a3d-4206-964a-9b3301cd1d1f@group-ABAF19C3FAB0-LeaderElection11] INFO  impl.RoleInfo (RoleInfo.java:shutdownLeaderElection(134)) - 7df38282-3a3d-4206-964a-9b3301cd1d1f: shutdown LeaderElection
2019-10-02 10:56:12,047 [7df38282-3a3d-4206-964a-9b3301cd1d1f@group-ABAF19C3FAB0-LeaderElection11] INFO  impl.RoleInfo (RoleInfo.java:updateAndGet(143)) - 7df38282-3a3d-4206-964a-9b3301cd1d1f: start FollowerState
2019-10-02 10:56:12,053 [b25f22f8-54cc-4ffd-bfcd-179cc8cbd7fc@group-ABAF19C3FAB0-LeaderElection13] INFO  impl.RaftServerImpl (RaftServerImpl.java:setRole(170)) - b25f22f8-54cc-4ffd-bfcd-179cc8cbd7fc@group-ABAF19C3FAB0: changes role from CANDIDATE to FOLLOWER at term 1 for DISCOVERED_A_NEW_TERM
2019-10-02 10:56:12,059 [b25f22f8-54cc-4ffd-bfcd-179cc8cbd7fc@group-ABAF19C3FAB0-LeaderElection13] INFO  impl.RoleInfo (RoleInfo.java:shutdownLeaderElection(134)) - b25f22f8-54cc-4ffd-bfcd-179cc8cbd7fc: shutdown LeaderElection
2019-10-02 10:56:12,053 [d3dffc06-1d6a-4f7a-8294-c2dc8ce35b40@group-ABAF19C3FAB0-LeaderElection12] INFO  impl.RaftServerImpl (RaftServerImpl.java:setRole(170)) - d3dffc06-1d6a-4f7a-8294-c2dc8ce35b40@group-ABAF19C3FAB0: changes role from CANDIDATE to FOLLOWER at term 1 for DISCOVERED_A_NEW_TERM
2019-10-02 10:56:12,059 [b25f22f8-54cc-4ffd-bfcd-179cc8cbd7fc@group-ABAF19C3FAB0-LeaderElection13] INFO  impl.RoleInfo (RoleInfo.java:updateAndGet(143)) - b25f22f8-54cc-4ffd-bfcd-179cc8cbd7fc: start FollowerState
2019-10-02 10:56:12,059 [d3dffc06-1d6a-4f7a-8294-c2dc8ce35b40@group-ABAF19C3FAB0-LeaderElection12] INFO  impl.RoleInfo (RoleInfo.java:shutdownLeaderElection(134)) - d3dffc06-1d6a-4f7a-8294-c2dc8ce35b40: shutdown LeaderElection
2019-10-02 10:56:12,063 [d3dffc06-1d6a-4f7a-8294-c2dc8ce35b40@group-ABAF19C3FAB0-LeaderElection12] INFO  impl.RoleInfo (RoleInfo.java:updateAndGet(143)) - d3dffc06-1d6a-4f7a-8294-c2dc8ce35b40: start FollowerState
2019-10-02 10:56:12,998 [RATISCREATEPIPELINE2] ERROR pipeline.RatisPipelineProvider (RatisPipelineProvider.java:lambda$null$5(235)) - Failed invoke Ratis rpc org.apache.hadoop.hdds.scm.pipeline.RatisPipelineProvider$$Lambda$190/1553636202@47191206 for b25f22f8-54cc-4ffd-bfcd-179cc8cbd7fc
org.apache.ratis.protocol.TimeoutIOException: deadline exceeded after 2999714963ns
	at org.apache.ratis.grpc.GrpcUtil.tryUnwrapException(GrpcUtil.java:82)
	at org.apache.ratis.grpc.GrpcUtil.unwrapException(GrpcUtil.java:75)
	at org.apache.ratis.grpc.client.GrpcClientProtocolClient.blockingCall(GrpcClientProtocolClient.java:184)
	at org.apache.ratis.grpc.client.GrpcClientProtocolClient.groupAdd(GrpcClientProtocolClient.java:153)
	at org.apache.ratis.grpc.client.GrpcClientRpc.sendRequest(GrpcClientRpc.java:94)
	at org.apache.ratis.client.impl.RaftClientImpl.sendRequest(RaftClientImpl.java:278)
	at org.apache.ratis.client.impl.RaftClientImpl.groupAdd(RaftClientImpl.java:205)
	at org.apache.hadoop.hdds.scm.pipeline.RatisPipelineProvider.lambda$initializePipeline$4(RatisPipelineProvider.java:196)
	at org.apache.hadoop.hdds.scm.pipeline.RatisPipelineProvider.lambda$null$5(RatisPipelineProvider.java:231)
	at java.util.stream.ForEachOps$ForEachOp$OfRef.accept(ForEachOps.java:184)
	at java.util.ArrayList$ArrayListSpliterator.forEachRemaining(ArrayList.java:1382)
	at java.util.stream.AbstractPipeline.copyInto(AbstractPipeline.java:482)
	at java.util.stream.ForEachOps$ForEachTask.compute(ForEachOps.java:291)
	at java.util.concurrent.CountedCompleter.exec(CountedCompleter.java:731)
	at java.util.concurrent.ForkJoinTask.doExec(ForkJoinTask.java:289)
	at java.util.concurrent.ForkJoinPool$WorkQueue.runTask(ForkJoinPool.java:1056)
	at java.util.concurrent.ForkJoinPool.runWorker(ForkJoinPool.java:1692)
	at java.util.concurrent.ForkJoinWorkerThread.run(ForkJoinWorkerThread.java:157)
Caused by: org.apache.ratis.thirdparty.io.grpc.StatusRuntimeException: DEADLINE_EXCEEDED: deadline exceeded after 2999714963ns
	at org.apache.ratis.thirdparty.io.grpc.stub.ClientCalls.toStatusRuntimeException(ClientCalls.java:233)
	at org.apache.ratis.thirdparty.io.grpc.stub.ClientCalls.getUnchecked(ClientCalls.java:214)
	at org.apache.ratis.thirdparty.io.grpc.stub.ClientCalls.blockingUnaryCall(ClientCalls.java:139)
	at org.apache.ratis.proto.grpc.AdminProtocolServiceGrpc$AdminProtocolServiceBlockingStub.groupManagement(AdminProtocolServiceGrpc.java:274)
	at org.apache.ratis.grpc.client.GrpcClientProtocolClient.lambda$groupAdd$3(GrpcClientProtocolClient.java:155)
	at org.apache.ratis.grpc.client.GrpcClientProtocolClient.blockingCall(GrpcClientProtocolClient.java:182)
	... 15 more
2019-10-02 10:56:12,998 [RATISCREATEPIPELINE3] ERROR pipeline.RatisPipelineProvider (RatisPipelineProvider.java:lambda$null$5(235)) - Failed invoke Ratis rpc org.apache.hadoop.hdds.scm.pipeline.RatisPipelineProvider$$Lambda$190/1553636202@47191206 for d3dffc06-1d6a-4f7a-8294-c2dc8ce35b40
org.apache.ratis.protocol.TimeoutIOException: deadline exceeded after 2983819360ns
	at org.apache.ratis.grpc.GrpcUtil.tryUnwrapException(GrpcUtil.java:82)
	at org.apache.ratis.grpc.GrpcUtil.unwrapException(GrpcUtil.java:75)
	at org.apache.ratis.grpc.client.GrpcClientProtocolClient.blockingCall(GrpcClientProtocolClient.java:184)
	at org.apache.ratis.grpc.client.GrpcClientProtocolClient.groupAdd(GrpcClientProtocolClient.java:153)
	at org.apache.ratis.grpc.client.GrpcClientRpc.sendRequest(GrpcClientRpc.java:94)
	at org.apache.ratis.client.impl.RaftClientImpl.sendRequest(RaftClientImpl.java:278)
	at org.apache.ratis.client.impl.RaftClientImpl.groupAdd(RaftClientImpl.java:205)
	at org.apache.hadoop.hdds.scm.pipeline.RatisPipelineProvider.lambda$initializePipeline$4(RatisPipelineProvider.java:196)
	at org.apache.hadoop.hdds.scm.pipeline.RatisPipelineProvider.lambda$null$5(RatisPipelineProvider.java:231)
	at java.util.stream.ForEachOps$ForEachOp$OfRef.accept(ForEachOps.java:184)
	at java.util.ArrayList$ArrayListSpliterator.forEachRemaining(ArrayList.java:1382)
	at java.util.stream.AbstractPipeline.copyInto(AbstractPipeline.java:482)
	at java.util.stream.ForEachOps$ForEachTask.compute(ForEachOps.java:291)
	at java.util.concurrent.CountedCompleter.exec(CountedCompleter.java:731)
	at java.util.concurrent.ForkJoinTask.doExec(ForkJoinTask.java:289)
	at java.util.concurrent.ForkJoinPool$WorkQueue.runTask(ForkJoinPool.java:1056)
	at java.util.concurrent.ForkJoinPool.runWorker(ForkJoinPool.java:1692)
	at java.util.concurrent.ForkJoinWorkerThread.run(ForkJoinWorkerThread.java:157)
Caused by: org.apache.ratis.thirdparty.io.grpc.StatusRuntimeException: DEADLINE_EXCEEDED: deadline exceeded after 2983819360ns
	at org.apache.ratis.thirdparty.io.grpc.stub.ClientCalls.toStatusRuntimeException(ClientCalls.java:233)
	at org.apache.ratis.thirdparty.io.grpc.stub.ClientCalls.getUnchecked(ClientCalls.java:214)
	at org.apache.ratis.thirdparty.io.grpc.stub.ClientCalls.blockingUnaryCall(ClientCalls.java:139)
	at org.apache.ratis.proto.grpc.AdminProtocolServiceGrpc$AdminProtocolServiceBlockingStub.groupManagement(AdminProtocolServiceGrpc.java:274)
	at org.apache.ratis.grpc.client.GrpcClientProtocolClient.lambda$groupAdd$3(GrpcClientProtocolClient.java:155)
	at org.apache.ratis.grpc.client.GrpcClientProtocolClient.blockingCall(GrpcClientProtocolClient.java:182)
	... 15 more
2019-10-02 10:56:12,998 [RATISCREATEPIPELINE1] ERROR pipeline.RatisPipelineProvider (RatisPipelineProvider.java:lambda$null$5(235)) - Failed invoke Ratis rpc org.apache.hadoop.hdds.scm.pipeline.RatisPipelineProvider$$Lambda$190/1553636202@47191206 for 7df38282-3a3d-4206-964a-9b3301cd1d1f
org.apache.ratis.protocol.TimeoutIOException: deadline exceeded after 2999723934ns
	at org.apache.ratis.grpc.GrpcUtil.tryUnwrapException(GrpcUtil.java:82)
	at org.apache.ratis.grpc.GrpcUtil.unwrapException(GrpcUtil.java:75)
	at org.apache.ratis.grpc.client.GrpcClientProtocolClient.blockingCall(GrpcClientProtocolClient.java:184)
	at org.apache.ratis.grpc.client.GrpcClientProtocolClient.groupAdd(GrpcClientProtocolClient.java:153)
	at org.apache.ratis.grpc.client.GrpcClientRpc.sendRequest(GrpcClientRpc.java:94)
	at org.apache.ratis.client.impl.RaftClientImpl.sendRequest(RaftClientImpl.java:278)
	at org.apache.ratis.client.impl.RaftClientImpl.groupAdd(RaftClientImpl.java:205)
	at org.apache.hadoop.hdds.scm.pipeline.RatisPipelineProvider.lambda$initializePipeline$4(RatisPipelineProvider.java:196)
	at org.apache.hadoop.hdds.scm.pipeline.RatisPipelineProvider.lambda$null$5(RatisPipelineProvider.java:231)
	at java.util.stream.ForEachOps$ForEachOp$OfRef.accept(ForEachOps.java:184)
	at java.util.ArrayList$ArrayListSpliterator.forEachRemaining(ArrayList.java:1382)
	at java.util.stream.AbstractPipeline.copyInto(AbstractPipeline.java:482)
	at java.util.stream.ForEachOps$ForEachTask.compute(ForEachOps.java:291)
	at java.util.concurrent.CountedCompleter.exec(CountedCompleter.java:731)
	at java.util.concurrent.ForkJoinTask.doExec(ForkJoinTask.java:289)
	at java.util.concurrent.ForkJoinTask.doInvoke(ForkJoinTask.java:401)
	at java.util.concurrent.ForkJoinTask.invoke(ForkJoinTask.java:734)
	at java.util.stream.ForEachOps$ForEachOp.evaluateParallel(ForEachOps.java:160)
	at java.util.stream.ForEachOps$ForEachOp$OfRef.evaluateParallel(ForEachOps.java:174)
	at java.util.stream.AbstractPipeline.evaluate(AbstractPipeline.java:233)
	at java.util.stream.ReferencePipeline.forEach(ReferencePipeline.java:418)
	at java.util.stream.ReferencePipeline$Head.forEach(ReferencePipeline.java:583)
	at org.apache.hadoop.hdds.scm.pipeline.RatisPipelineProvider.lambda$callRatisRpc$6(RatisPipelineProvider.java:225)
	at java.util.concurrent.ForkJoinTask$AdaptedRunnableAction.exec(ForkJoinTask.java:1386)
	at java.util.concurrent.ForkJoinTask.doExec(ForkJoinTask.java:289)
	at java.util.concurrent.ForkJoinPool$WorkQueue.runTask(ForkJoinPool.java:1056)
	at java.util.concurrent.ForkJoinPool.runWorker(ForkJoinPool.java:1692)
	at java.util.concurrent.ForkJoinWorkerThread.run(ForkJoinWorkerThread.java:157)
Caused by: org.apache.ratis.thirdparty.io.grpc.StatusRuntimeException: DEADLINE_EXCEEDED: deadline exceeded after 2999723934ns
	at org.apache.ratis.thirdparty.io.grpc.stub.ClientCalls.toStatusRuntimeException(ClientCalls.java:233)
	at org.apache.ratis.thirdparty.io.grpc.stub.ClientCalls.getUnchecked(ClientCalls.java:214)
	at org.apache.ratis.thirdparty.io.grpc.stub.ClientCalls.blockingUnaryCall(ClientCalls.java:139)
	at org.apache.ratis.proto.grpc.AdminProtocolServiceGrpc$AdminProtocolServiceBlockingStub.groupManagement(AdminProtocolServiceGrpc.java:274)
	at org.apache.ratis.grpc.client.GrpcClientProtocolClient.lambda$groupAdd$3(GrpcClientProtocolClient.java:155)
	at org.apache.ratis.grpc.client.GrpcClientProtocolClient.blockingCall(GrpcClientProtocolClient.java:182)
	... 25 more
2019-10-02 10:56:13,008 [IPC Server handler 0 on 35276] WARN  block.BlockManagerImpl (BlockManagerImpl.java:allocateBlock(192)) - Pipeline creation failed for type:RATIS factor:THREE. Retrying get pipelines call once.
org.apache.hadoop.io.MultipleIOException: 3 exceptions [java.io.IOException: Failed invoke Ratis rpc org.apache.hadoop.hdds.scm.pipeline.RatisPipelineProvider$$Lambda$190/1553636202@47191206 for b25f22f8-54cc-4ffd-bfcd-179cc8cbd7fc, java.io.IOException: Failed invoke Ratis rpc org.apache.hadoop.hdds.scm.pipeline.RatisPipelineProvider$$Lambda$190/1553636202@47191206 for d3dffc06-1d6a-4f7a-8294-c2dc8ce35b40, java.io.IOException: Failed invoke Ratis rpc org.apache.hadoop.hdds.scm.pipeline.RatisPipelineProvider$$Lambda$190/1553636202@47191206 for 7df38282-3a3d-4206-964a-9b3301cd1d1f]
	at org.apache.hadoop.io.MultipleIOException.createIOException(MultipleIOException.java:53)
	at org.apache.hadoop.hdds.scm.pipeline.RatisPipelineProvider.callRatisRpc(RatisPipelineProvider.java:251)
	at org.apache.hadoop.hdds.scm.pipeline.RatisPipelineProvider.initializePipeline(RatisPipelineProvider.java:194)
	at org.apache.hadoop.hdds.scm.pipeline.RatisPipelineProvider.create(RatisPipelineProvider.java:163)
	at org.apache.hadoop.hdds.scm.pipeline.PipelineFactory.create(PipelineFactory.java:58)
	at org.apache.hadoop.hdds.scm.pipeline.SCMPipelineManager.createPipeline(SCMPipelineManager.java:155)
	at org.apache.hadoop.hdds.scm.block.BlockManagerImpl.allocateBlock(BlockManagerImpl.java:190)
	at org.apache.hadoop.hdds.scm.server.SCMBlockProtocolServer.allocateBlock(SCMBlockProtocolServer.java:182)
	at org.apache.hadoop.hdds.scm.protocol.ScmBlockLocationProtocolServerSideTranslatorPB.allocateScmBlock(ScmBlockLocationProtocolServerSideTranslatorPB.java:159)
	at org.apache.hadoop.hdds.scm.protocol.ScmBlockLocationProtocolServerSideTranslatorPB.processMessage(ScmBlockLocationProtocolServerSideTranslatorPB.java:117)
	at org.apache.hadoop.hdds.server.OzoneProtocolMessageDispatcher.processRequest(OzoneProtocolMessageDispatcher.java:72)
	at org.apache.hadoop.hdds.scm.protocol.ScmBlockLocationProtocolServerSideTranslatorPB.send(ScmBlockLocationProtocolServerSideTranslatorPB.java:98)
	at org.apache.hadoop.hdds.protocol.proto.ScmBlockLocationProtocolProtos$ScmBlockLocationProtocolService$2.callBlockingMethod(ScmBlockLocationProtocolProtos.java:13157)
	at org.apache.hadoop.ipc.ProtobufRpcEngine$Server$ProtoBufRpcInvoker.call(ProtobufRpcEngine.java:524)
	at org.apache.hadoop.ipc.RPC$Server.call(RPC.java:1025)
	at org.apache.hadoop.ipc.Server$RpcCall.run(Server.java:876)
	at org.apache.hadoop.ipc.Server$RpcCall.run(Server.java:822)
	at java.security.AccessController.doPrivileged(Native Method)
	at javax.security.auth.Subject.doAs(Subject.java:422)
	at org.apache.hadoop.security.UserGroupInformation.doAs(UserGroupInformation.java:1730)
	at org.apache.hadoop.ipc.Server$Handler.run(Server.java:2682)
2019-10-02 10:56:13,008 [IPC Server handler 0 on 35276] INFO  block.BlockManagerImpl (BlockManagerImpl.java:allocateBlock(198)) - Could not find available pipeline of type:RATIS and factor:THREE even after retrying
2019-10-02 10:56:13,009 [IPC Server handler 0 on 35276] ERROR block.BlockManagerImpl (BlockManagerImpl.java:allocateBlock(222)) - Unable to allocate a block for the size: 4194304, type: RATIS, factor: THREE
2019-10-02 10:56:13,027 [grpc-default-executor-3] INFO  impl.RaftServerProxy (RaftServerProxy.java:addNew(89)) - d3dffc06-1d6a-4f7a-8294-c2dc8ce35b40: addNew group-6128F9235CFD:[d3dffc06-1d6a-4f7a-8294-c2dc8ce35b40:192.168.30.53:33785, 7df38282-3a3d-4206-964a-9b3301cd1d1f:192.168.30.53:34960, b25f22f8-54cc-4ffd-bfcd-179cc8cbd7fc:192.168.30.53:42549] returns group-6128F9235CFD:java.util.concurrent.CompletableFuture@e396125[Not completed]
2019-10-02 10:56:13,030 [grpc-default-executor-5] INFO  impl.RaftServerProxy (RaftServerProxy.java:addNew(89)) - b25f22f8-54cc-4ffd-bfcd-179cc8cbd7fc: addNew group-6128F9235CFD:[d3dffc06-1d6a-4f7a-8294-c2dc8ce35b40:192.168.30.53:33785, 7df38282-3a3d-4206-964a-9b3301cd1d1f:192.168.30.53:34960, b25f22f8-54cc-4ffd-bfcd-179cc8cbd7fc:192.168.30.53:42549] returns group-6128F9235CFD:java.util.concurrent.CompletableFuture@469aa4b8[Not completed]
2019-10-02 10:56:13,030 [grpc-default-executor-0] INFO  impl.RaftServerProxy (RaftServerProxy.java:addNew(89)) - 7df38282-3a3d-4206-964a-9b3301cd1d1f: addNew group-6128F9235CFD:[d3dffc06-1d6a-4f7a-8294-c2dc8ce35b40:192.168.30.53:33785, 7df38282-3a3d-4206-964a-9b3301cd1d1f:192.168.30.53:34960, b25f22f8-54cc-4ffd-bfcd-179cc8cbd7fc:192.168.30.53:42549] returns group-6128F9235CFD:java.util.concurrent.CompletableFuture@651c206e[Not completed]
2019-10-02 10:56:13,078 [Thread-364] INFO  impl.FollowerState (FollowerState.java:run(108)) - d3dffc06-1d6a-4f7a-8294-c2dc8ce35b40@group-ABAF19C3FAB0-FollowerState: change to CANDIDATE, lastRpcTime:1014ms, electionTimeout:1012ms
2019-10-02 10:56:13,078 [Thread-364] INFO  impl.RoleInfo (RoleInfo.java:shutdownFollowerState(121)) - d3dffc06-1d6a-4f7a-8294-c2dc8ce35b40: shutdown FollowerState
2019-10-02 10:56:13,078 [Thread-364] INFO  impl.RaftServerImpl (RaftServerImpl.java:setRole(170)) - d3dffc06-1d6a-4f7a-8294-c2dc8ce35b40@group-ABAF19C3FAB0: changes role from  FOLLOWER to CANDIDATE at term 1 for changeToCandidate
2019-10-02 10:56:13,078 [Thread-364] INFO  impl.RoleInfo (RoleInfo.java:updateAndGet(143)) - d3dffc06-1d6a-4f7a-8294-c2dc8ce35b40: start LeaderElection
2019-10-02 10:56:13,099 [Thread-363] INFO  impl.FollowerState (FollowerState.java:run(108)) - b25f22f8-54cc-4ffd-bfcd-179cc8cbd7fc@group-ABAF19C3FAB0-FollowerState: change to CANDIDATE, lastRpcTime:1039ms, electionTimeout:1036ms
2019-10-02 10:56:13,099 [Thread-363] INFO  impl.RoleInfo (RoleInfo.java:shutdownFollowerState(121)) - b25f22f8-54cc-4ffd-bfcd-179cc8cbd7fc: shutdown FollowerState
2019-10-02 10:56:13,099 [Thread-363] INFO  impl.RaftServerImpl (RaftServerImpl.java:setRole(170)) - b25f22f8-54cc-4ffd-bfcd-179cc8cbd7fc@group-ABAF19C3FAB0: changes role from  FOLLOWER to CANDIDATE at term 1 for changeToCandidate
2019-10-02 10:56:13,099 [Thread-363] INFO  impl.RoleInfo (RoleInfo.java:updateAndGet(143)) - b25f22f8-54cc-4ffd-bfcd-179cc8cbd7fc: start LeaderElection
2019-10-02 10:56:13,167 [Thread-362] INFO  impl.FollowerState (FollowerState.java:run(108)) - 7df38282-3a3d-4206-964a-9b3301cd1d1f@group-ABAF19C3FAB0-FollowerState: change to CANDIDATE, lastRpcTime:1119ms, electionTimeout:1119ms
2019-10-02 10:56:13,167 [Thread-362] INFO  impl.RoleInfo (RoleInfo.java:shutdownFollowerState(121)) - 7df38282-3a3d-4206-964a-9b3301cd1d1f: shutdown FollowerState
2019-10-02 10:56:13,167 [Thread-362] INFO  impl.RaftServerImpl (RaftServerImpl.java:setRole(170)) - 7df38282-3a3d-4206-964a-9b3301cd1d1f@group-ABAF19C3FAB0: changes role from  FOLLOWER to CANDIDATE at term 1 for changeToCandidate
2019-10-02 10:56:13,167 [Thread-362] INFO  impl.RoleInfo (RoleInfo.java:updateAndGet(143)) - 7df38282-3a3d-4206-964a-9b3301cd1d1f: start LeaderElection
2019-10-02 10:56:14,543 [pool-97-thread-1] INFO  storage.RaftStorageDirectory (RaftStorageDirectory.java:tryLock(328)) - Lock on /workdir/hadoop-ozone/integration-test/target/test-dir/MiniOzoneClusterImpl-5f261223-23be-4c6b-a914-4b08f19f7d30/datanode-7/data/ratis/d9cbc56a-6e37-401e-a144-49987f7a8a7c/in_use.lock acquired by nodename 9257@pr-trunk-5xjmm-2411255686
2019-10-02 10:56:14,543 [pool-47-thread-1] INFO  storage.RaftStorageDirectory (RaftStorageDirectory.java:tryLock(328)) - Lock on /workdir/hadoop-ozone/integration-test/target/test-dir/MiniOzoneClusterImpl-5f261223-23be-4c6b-a914-4b08f19f7d30/datanode-2/data/ratis/d9cbc56a-6e37-401e-a144-49987f7a8a7c/in_use.lock acquired by nodename 9257@pr-trunk-5xjmm-2411255686
2019-10-02 10:56:14,543 [pool-27-thread-1] INFO  storage.RaftStorageDirectory (RaftStorageDirectory.java:tryLock(328)) - Lock on /workdir/hadoop-ozone/integration-test/target/test-dir/MiniOzoneClusterImpl-5f261223-23be-4c6b-a914-4b08f19f7d30/datanode-0/data/ratis/d9cbc56a-6e37-401e-a144-49987f7a8a7c/in_use.lock acquired by nodename 9257@pr-trunk-5xjmm-2411255686
2019-10-02 10:56:15,759 [b25f22f8-54cc-4ffd-bfcd-179cc8cbd7fc@group-ABAF19C3FAB0-LeaderElection15] INFO  impl.LeaderElection (LeaderElection.java:askForVotes(178)) - b25f22f8-54cc-4ffd-bfcd-179cc8cbd7fc@group-ABAF19C3FAB0-LeaderElection15: begin an election at term 2 for -1: [d3dffc06-1d6a-4f7a-8294-c2dc8ce35b40:192.168.30.53:33785, 7df38282-3a3d-4206-964a-9b3301cd1d1f:192.168.30.53:34960, b25f22f8-54cc-4ffd-bfcd-179cc8cbd7fc:192.168.30.53:42549], old=null
2019-10-02 10:56:15,759 [7df38282-3a3d-4206-964a-9b3301cd1d1f@group-ABAF19C3FAB0-LeaderElection16] INFO  impl.LeaderElection (LeaderElection.java:askForVotes(178)) - 7df38282-3a3d-4206-964a-9b3301cd1d1f@group-ABAF19C3FAB0-LeaderElection16: begin an election at term 2 for -1: [d3dffc06-1d6a-4f7a-8294-c2dc8ce35b40:192.168.30.53:33785, 7df38282-3a3d-4206-964a-9b3301cd1d1f:192.168.30.53:34960, b25f22f8-54cc-4ffd-bfcd-179cc8cbd7fc:192.168.30.53:42549], old=null
2019-10-02 10:56:15,759 [d3dffc06-1d6a-4f7a-8294-c2dc8ce35b40@group-ABAF19C3FAB0-LeaderElection14] INFO  impl.LeaderElection (LeaderElection.java:askForVotes(178)) - d3dffc06-1d6a-4f7a-8294-c2dc8ce35b40@group-ABAF19C3FAB0-LeaderElection14: begin an election at term 2 for -1: [d3dffc06-1d6a-4f7a-8294-c2dc8ce35b40:192.168.30.53:33785, 7df38282-3a3d-4206-964a-9b3301cd1d1f:192.168.30.53:34960, b25f22f8-54cc-4ffd-bfcd-179cc8cbd7fc:192.168.30.53:42549], old=null
2019-10-02 10:56:15,783 [7df38282-3a3d-4206-964a-9b3301cd1d1f@group-ABAF19C3FAB0-LeaderElection16] INFO  impl.LeaderElection (LeaderElection.java:logAndReturn(56)) - 7df38282-3a3d-4206-964a-9b3301cd1d1f@group-ABAF19C3FAB0-LeaderElection16: Election REJECTED; received 2 response(s) [7df38282-3a3d-4206-964a-9b3301cd1d1f<-d3dffc06-1d6a-4f7a-8294-c2dc8ce35b40#0:FAIL-t2, 7df38282-3a3d-4206-964a-9b3301cd1d1f<-b25f22f8-54cc-4ffd-bfcd-179cc8cbd7fc#0:FAIL-t2] and 0 exception(s); 7df38282-3a3d-4206-964a-9b3301cd1d1f@group-ABAF19C3FAB0:t2, leader=null, voted=7df38282-3a3d-4206-964a-9b3301cd1d1f, raftlog=7df38282-3a3d-4206-964a-9b3301cd1d1f@group-ABAF19C3FAB0-SegmentedRaftLog:OPENED:c-1,f-1,i0, conf=-1: [d3dffc06-1d6a-4f7a-8294-c2dc8ce35b40:192.168.30.53:33785, 7df38282-3a3d-4206-964a-9b3301cd1d1f:192.168.30.53:34960, b25f22f8-54cc-4ffd-bfcd-179cc8cbd7fc:192.168.30.53:42549], old=null
2019-10-02 10:56:15,784 [7df38282-3a3d-4206-964a-9b3301cd1d1f@group-ABAF19C3FAB0-LeaderElection16] INFO  impl.RaftServerImpl (RaftServerImpl.java:setRole(170)) - 7df38282-3a3d-4206-964a-9b3301cd1d1f@group-ABAF19C3FAB0: changes role from CANDIDATE to FOLLOWER at term 2 for DISCOVERED_A_NEW_TERM
2019-10-02 10:56:15,805 [7df38282-3a3d-4206-964a-9b3301cd1d1f@group-ABAF19C3FAB0-LeaderElection16] INFO  impl.RoleInfo (RoleInfo.java:shutdownLeaderElection(134)) - 7df38282-3a3d-4206-964a-9b3301cd1d1f: shutdown LeaderElection
2019-10-02 10:56:15,805 [b25f22f8-54cc-4ffd-bfcd-179cc8cbd7fc@group-ABAF19C3FAB0-LeaderElection15] INFO  impl.LeaderElection (LeaderElection.java:logAndReturn(56)) - b25f22f8-54cc-4ffd-bfcd-179cc8cbd7fc@group-ABAF19C3FAB0-LeaderElection15: Election REJECTED; received 2 response(s) [b25f22f8-54cc-4ffd-bfcd-179cc8cbd7fc<-d3dffc06-1d6a-4f7a-8294-c2dc8ce35b40#0:FAIL-t2, b25f22f8-54cc-4ffd-bfcd-179cc8cbd7fc<-7df38282-3a3d-4206-964a-9b3301cd1d1f#0:FAIL-t2] and 0 exception(s); b25f22f8-54cc-4ffd-bfcd-179cc8cbd7fc@group-ABAF19C3FAB0:t2, leader=null, voted=b25f22f8-54cc-4ffd-bfcd-179cc8cbd7fc, raftlog=b25f22f8-54cc-4ffd-bfcd-179cc8cbd7fc@group-ABAF19C3FAB0-SegmentedRaftLog:OPENED:c-1,f-1,i0, conf=-1: [d3dffc06-1d6a-4f7a-8294-c2dc8ce35b40:192.168.30.53:33785, 7df38282-3a3d-4206-964a-9b3301cd1d1f:192.168.30.53:34960, b25f22f8-54cc-4ffd-bfcd-179cc8cbd7fc:192.168.30.53:42549], old=null
2019-10-02 10:56:15,808 [7df38282-3a3d-4206-964a-9b3301cd1d1f@group-ABAF19C3FAB0-LeaderElection16] INFO  impl.RoleInfo (RoleInfo.java:updateAndGet(143)) - 7df38282-3a3d-4206-964a-9b3301cd1d1f: start FollowerState
2019-10-02 10:56:15,808 [b25f22f8-54cc-4ffd-bfcd-179cc8cbd7fc@group-ABAF19C3FAB0-LeaderElection15] INFO  impl.RaftServerImpl (RaftServerImpl.java:setRole(170)) - b25f22f8-54cc-4ffd-bfcd-179cc8cbd7fc@group-ABAF19C3FAB0: changes role from CANDIDATE to FOLLOWER at term 2 for DISCOVERED_A_NEW_TERM
2019-10-02 10:56:15,811 [b25f22f8-54cc-4ffd-bfcd-179cc8cbd7fc@group-ABAF19C3FAB0-LeaderElection15] INFO  impl.RoleInfo (RoleInfo.java:shutdownLeaderElection(134)) - b25f22f8-54cc-4ffd-bfcd-179cc8cbd7fc: shutdown LeaderElection
2019-10-02 10:56:15,811 [b25f22f8-54cc-4ffd-bfcd-179cc8cbd7fc@group-ABAF19C3FAB0-LeaderElection15] INFO  impl.RoleInfo (RoleInfo.java:updateAndGet(143)) - b25f22f8-54cc-4ffd-bfcd-179cc8cbd7fc: start FollowerState
2019-10-02 10:56:15,812 [d3dffc06-1d6a-4f7a-8294-c2dc8ce35b40@group-ABAF19C3FAB0-LeaderElection14] INFO  impl.LeaderElection (LeaderElection.java:logAndReturn(56)) - d3dffc06-1d6a-4f7a-8294-c2dc8ce35b40@group-ABAF19C3FAB0-LeaderElection14: Election REJECTED; received 2 response(s) [d3dffc06-1d6a-4f7a-8294-c2dc8ce35b40<-7df38282-3a3d-4206-964a-9b3301cd1d1f#0:FAIL-t2, d3dffc06-1d6a-4f7a-8294-c2dc8ce35b40<-b25f22f8-54cc-4ffd-bfcd-179cc8cbd7fc#0:FAIL-t2] and 0 exception(s); d3dffc06-1d6a-4f7a-8294-c2dc8ce35b40@group-ABAF19C3FAB0:t2, leader=null, voted=d3dffc06-1d6a-4f7a-8294-c2dc8ce35b40, raftlog=d3dffc06-1d6a-4f7a-8294-c2dc8ce35b40@group-ABAF19C3FAB0-SegmentedRaftLog:OPENED:c-1,f-1,i0, conf=-1: [d3dffc06-1d6a-4f7a-8294-c2dc8ce35b40:192.168.30.53:33785, 7df38282-3a3d-4206-964a-9b3301cd1d1f:192.168.30.53:34960, b25f22f8-54cc-4ffd-bfcd-179cc8cbd7fc:192.168.30.53:42549], old=null
2019-10-02 10:56:15,812 [d3dffc06-1d6a-4f7a-8294-c2dc8ce35b40@group-ABAF19C3FAB0-LeaderElection14] INFO  impl.RaftServerImpl (RaftServerImpl.java:setRole(170)) - d3dffc06-1d6a-4f7a-8294-c2dc8ce35b40@group-ABAF19C3FAB0: changes role from CANDIDATE to FOLLOWER at term 2 for DISCOVERED_A_NEW_TERM
2019-10-02 10:56:15,812 [d3dffc06-1d6a-4f7a-8294-c2dc8ce35b40@group-ABAF19C3FAB0-LeaderElection14] INFO  impl.RoleInfo (RoleInfo.java:shutdownLeaderElection(134)) - d3dffc06-1d6a-4f7a-8294-c2dc8ce35b40: shutdown LeaderElection
2019-10-02 10:56:15,813 [d3dffc06-1d6a-4f7a-8294-c2dc8ce35b40@group-ABAF19C3FAB0-LeaderElection14] INFO  impl.RoleInfo (RoleInfo.java:updateAndGet(143)) - d3dffc06-1d6a-4f7a-8294-c2dc8ce35b40: start FollowerState
2019-10-02 10:56:16,025 [RATISCREATEPIPELINE2] ERROR pipeline.RatisPipelineProvider (RatisPipelineProvider.java:lambda$null$5(235)) - Failed invoke Ratis rpc org.apache.hadoop.hdds.scm.pipeline.RatisPipelineProvider$$Lambda$190/1553636202@6ac4dcaa for d3dffc06-1d6a-4f7a-8294-c2dc8ce35b40
org.apache.ratis.protocol.TimeoutIOException: deadline exceeded after 2997369785ns
	at org.apache.ratis.grpc.GrpcUtil.tryUnwrapException(GrpcUtil.java:82)
	at org.apache.ratis.grpc.GrpcUtil.unwrapException(GrpcUtil.java:75)
	at org.apache.ratis.grpc.client.GrpcClientProtocolClient.blockingCall(GrpcClientProtocolClient.java:184)
	at org.apache.ratis.grpc.client.GrpcClientProtocolClient.groupAdd(GrpcClientProtocolClient.java:153)
	at org.apache.ratis.grpc.client.GrpcClientRpc.sendRequest(GrpcClientRpc.java:94)
	at org.apache.ratis.client.impl.RaftClientImpl.sendRequest(RaftClientImpl.java:278)
	at org.apache.ratis.client.impl.RaftClientImpl.groupAdd(RaftClientImpl.java:205)
	at org.apache.hadoop.hdds.scm.pipeline.RatisPipelineProvider.lambda$initializePipeline$4(RatisPipelineProvider.java:196)
	at org.apache.hadoop.hdds.scm.pipeline.RatisPipelineProvider.lambda$null$5(RatisPipelineProvider.java:231)
	at java.util.stream.ForEachOps$ForEachOp$OfRef.accept(ForEachOps.java:184)
	at java.util.ArrayList$ArrayListSpliterator.forEachRemaining(ArrayList.java:1382)
	at java.util.stream.AbstractPipeline.copyInto(AbstractPipeline.java:482)
	at java.util.stream.ForEachOps$ForEachTask.compute(ForEachOps.java:291)
	at java.util.concurrent.CountedCompleter.exec(CountedCompleter.java:731)
	at java.util.concurrent.ForkJoinTask.doExec(ForkJoinTask.java:289)
	at java.util.concurrent.ForkJoinPool$WorkQueue.runTask(ForkJoinPool.java:1056)
	at java.util.concurrent.ForkJoinPool.runWorker(ForkJoinPool.java:1692)
	at java.util.concurrent.ForkJoinWorkerThread.run(ForkJoinWorkerThread.java:157)
Caused by: org.apache.ratis.thirdparty.io.grpc.StatusRuntimeException: DEADLINE_EXCEEDED: deadline exceeded after 2997369785ns
	at org.apache.ratis.thirdparty.io.grpc.stub.ClientCalls.toStatusRuntimeException(ClientCalls.java:233)
	at org.apache.ratis.thirdparty.io.grpc.stub.ClientCalls.getUnchecked(ClientCalls.java:214)
	at org.apache.ratis.thirdparty.io.grpc.stub.ClientCalls.blockingUnaryCall(ClientCalls.java:139)
	at org.apache.ratis.proto.grpc.AdminProtocolServiceGrpc$AdminProtocolServiceBlockingStub.groupManagement(AdminProtocolServiceGrpc.java:274)
	at org.apache.ratis.grpc.client.GrpcClientProtocolClient.lambda$groupAdd$3(GrpcClientProtocolClient.java:155)
	at org.apache.ratis.grpc.client.GrpcClientProtocolClient.blockingCall(GrpcClientProtocolClient.java:182)
	... 15 more
2019-10-02 10:56:16,028 [RATISCREATEPIPELINE3] ERROR pipeline.RatisPipelineProvider (RatisPipelineProvider.java:lambda$null$5(235)) - Failed invoke Ratis rpc org.apache.hadoop.hdds.scm.pipeline.RatisPipelineProvider$$Lambda$190/1553636202@6ac4dcaa for b25f22f8-54cc-4ffd-bfcd-179cc8cbd7fc
org.apache.ratis.protocol.TimeoutIOException: deadline exceeded after 2999708521ns
	at org.apache.ratis.grpc.GrpcUtil.tryUnwrapException(GrpcUtil.java:82)
	at org.apache.ratis.grpc.GrpcUtil.unwrapException(GrpcUtil.java:75)
	at org.apache.ratis.grpc.client.GrpcClientProtocolClient.blockingCall(GrpcClientProtocolClient.java:184)
	at org.apache.ratis.grpc.client.GrpcClientProtocolClient.groupAdd(GrpcClientProtocolClient.java:153)
	at org.apache.ratis.grpc.client.GrpcClientRpc.sendRequest(GrpcClientRpc.java:94)
	at org.apache.ratis.client.impl.RaftClientImpl.sendRequest(RaftClientImpl.java:278)
	at org.apache.ratis.client.impl.RaftClientImpl.groupAdd(RaftClientImpl.java:205)
	at org.apache.hadoop.hdds.scm.pipeline.RatisPipelineProvider.lambda$initializePipeline$4(RatisPipelineProvider.java:196)
	at org.apache.hadoop.hdds.scm.pipeline.RatisPipelineProvider.lambda$null$5(RatisPipelineProvider.java:231)
	at java.util.stream.ForEachOps$ForEachOp$OfRef.accept(ForEachOps.java:184)
	at java.util.ArrayList$ArrayListSpliterator.forEachRemaining(ArrayList.java:1382)
	at java.util.stream.AbstractPipeline.copyInto(AbstractPipeline.java:482)
	at java.util.stream.ForEachOps$ForEachTask.compute(ForEachOps.java:291)
	at java.util.concurrent.CountedCompleter.exec(CountedCompleter.java:731)
	at java.util.concurrent.ForkJoinTask.doExec(ForkJoinTask.java:289)
	at java.util.concurrent.ForkJoinPool$WorkQueue.runTask(ForkJoinPool.java:1056)
	at java.util.concurrent.ForkJoinPool.runWorker(ForkJoinPool.java:1692)
	at java.util.concurrent.ForkJoinWorkerThread.run(ForkJoinWorkerThread.java:157)
Caused by: org.apache.ratis.thirdparty.io.grpc.StatusRuntimeException: DEADLINE_EXCEEDED: deadline exceeded after 2999708521ns
	at org.apache.ratis.thirdparty.io.grpc.stub.ClientCalls.toStatusRuntimeException(ClientCalls.java:233)
	at org.apache.ratis.thirdparty.io.grpc.stub.ClientCalls.getUnchecked(ClientCalls.java:214)
	at org.apache.ratis.thirdparty.io.grpc.stub.ClientCalls.blockingUnaryCall(ClientCalls.java:139)
	at org.apache.ratis.proto.grpc.AdminProtocolServiceGrpc$AdminProtocolServiceBlockingStub.groupManagement(AdminProtocolServiceGrpc.java:274)
	at org.apache.ratis.grpc.client.GrpcClientProtocolClient.lambda$groupAdd$3(GrpcClientProtocolClient.java:155)
	at org.apache.ratis.grpc.client.GrpcClientProtocolClient.blockingCall(GrpcClientProtocolClient.java:182)
	... 15 more
2019-10-02 10:56:16,028 [RATISCREATEPIPELINE1] ERROR pipeline.RatisPipelineProvider (RatisPipelineProvider.java:lambda$null$5(235)) - Failed invoke Ratis rpc org.apache.hadoop.hdds.scm.pipeline.RatisPipelineProvider$$Lambda$190/1553636202@6ac4dcaa for 7df38282-3a3d-4206-964a-9b3301cd1d1f
org.apache.ratis.protocol.TimeoutIOException: deadline exceeded after 2998299021ns
	at org.apache.ratis.grpc.GrpcUtil.tryUnwrapException(GrpcUtil.java:82)
	at org.apache.ratis.grpc.GrpcUtil.unwrapException(GrpcUtil.java:75)
	at org.apache.ratis.grpc.client.GrpcClientProtocolClient.blockingCall(GrpcClientProtocolClient.java:184)
	at org.apache.ratis.grpc.client.GrpcClientProtocolClient.groupAdd(GrpcClientProtocolClient.java:153)
	at org.apache.ratis.grpc.client.GrpcClientRpc.sendRequest(GrpcClientRpc.java:94)
	at org.apache.ratis.client.impl.RaftClientImpl.sendRequest(RaftClientImpl.java:278)
	at org.apache.ratis.client.impl.RaftClientImpl.groupAdd(RaftClientImpl.java:205)
	at org.apache.hadoop.hdds.scm.pipeline.RatisPipelineProvider.lambda$initializePipeline$4(RatisPipelineProvider.java:196)
	at org.apache.hadoop.hdds.scm.pipeline.RatisPipelineProvider.lambda$null$5(RatisPipelineProvider.java:231)
	at java.util.stream.ForEachOps$ForEachOp$OfRef.accept(ForEachOps.java:184)
	at java.util.ArrayList$ArrayListSpliterator.forEachRemaining(ArrayList.java:1382)
	at java.util.stream.AbstractPipeline.copyInto(AbstractPipeline.java:482)
	at java.util.stream.ForEachOps$ForEachTask.compute(ForEachOps.java:291)
	at java.util.concurrent.CountedCompleter.exec(CountedCompleter.java:731)
	at java.util.concurrent.ForkJoinTask.doExec(ForkJoinTask.java:289)
	at java.util.concurrent.ForkJoinTask.doInvoke(ForkJoinTask.java:401)
	at java.util.concurrent.ForkJoinTask.invoke(ForkJoinTask.java:734)
	at java.util.stream.ForEachOps$ForEachOp.evaluateParallel(ForEachOps.java:160)
	at java.util.stream.ForEachOps$ForEachOp$OfRef.evaluateParallel(ForEachOps.java:174)
	at java.util.stream.AbstractPipeline.evaluate(AbstractPipeline.java:233)
	at java.util.stream.ReferencePipeline.forEach(ReferencePipeline.java:418)
	at java.util.stream.ReferencePipeline$Head.forEach(ReferencePipeline.java:583)
	at org.apache.hadoop.hdds.scm.pipeline.RatisPipelineProvider.lambda$callRatisRpc$6(RatisPipelineProvider.java:225)
	at java.util.concurrent.ForkJoinTask$AdaptedRunnableAction.exec(ForkJoinTask.java:1386)
	at java.util.concurrent.ForkJoinTask.doExec(ForkJoinTask.java:289)
	at java.util.concurrent.ForkJoinPool$WorkQueue.runTask(ForkJoinPool.java:1056)
	at java.util.concurrent.ForkJoinPool.runWorker(ForkJoinPool.java:1692)
	at java.util.concurrent.ForkJoinWorkerThread.run(ForkJoinWorkerThread.java:157)
Caused by: org.apache.ratis.thirdparty.io.grpc.StatusRuntimeException: DEADLINE_EXCEEDED: deadline exceeded after 2998299021ns
	at org.apache.ratis.thirdparty.io.grpc.stub.ClientCalls.toStatusRuntimeException(ClientCalls.java:233)
	at org.apache.ratis.thirdparty.io.grpc.stub.ClientCalls.getUnchecked(ClientCalls.java:214)
	at org.apache.ratis.thirdparty.io.grpc.stub.ClientCalls.blockingUnaryCall(ClientCalls.java:139)
	at org.apache.ratis.proto.grpc.AdminProtocolServiceGrpc$AdminProtocolServiceBlockingStub.groupManagement(AdminProtocolServiceGrpc.java:274)
	at org.apache.ratis.grpc.client.GrpcClientProtocolClient.lambda$groupAdd$3(GrpcClientProtocolClient.java:155)
	at org.apache.ratis.grpc.client.GrpcClientProtocolClient.blockingCall(GrpcClientProtocolClient.java:182)
	... 25 more
2019-10-02 10:56:16,034 [IPC Server handler 0 on 35276] WARN  block.BlockManagerImpl (BlockManagerImpl.java:allocateBlock(192)) - Pipeline creation failed for type:RATIS factor:THREE. Retrying get pipelines call once.
org.apache.hadoop.io.MultipleIOException: 3 exceptions [java.io.IOException: Failed invoke Ratis rpc org.apache.hadoop.hdds.scm.pipeline.RatisPipelineProvider$$Lambda$190/1553636202@6ac4dcaa for d3dffc06-1d6a-4f7a-8294-c2dc8ce35b40, java.io.IOException: Failed invoke Ratis rpc org.apache.hadoop.hdds.scm.pipeline.RatisPipelineProvider$$Lambda$190/1553636202@6ac4dcaa for b25f22f8-54cc-4ffd-bfcd-179cc8cbd7fc, java.io.IOException: Failed invoke Ratis rpc org.apache.hadoop.hdds.scm.pipeline.RatisPipelineProvider$$Lambda$190/1553636202@6ac4dcaa for 7df38282-3a3d-4206-964a-9b3301cd1d1f]
	at org.apache.hadoop.io.MultipleIOException.createIOException(MultipleIOException.java:53)
	at org.apache.hadoop.hdds.scm.pipeline.RatisPipelineProvider.callRatisRpc(RatisPipelineProvider.java:251)
	at org.apache.hadoop.hdds.scm.pipeline.RatisPipelineProvider.initializePipeline(RatisPipelineProvider.java:194)
	at org.apache.hadoop.hdds.scm.pipeline.RatisPipelineProvider.create(RatisPipelineProvider.java:163)
	at org.apache.hadoop.hdds.scm.pipeline.PipelineFactory.create(PipelineFactory.java:58)
	at org.apache.hadoop.hdds.scm.pipeline.SCMPipelineManager.createPipeline(SCMPipelineManager.java:155)
	at org.apache.hadoop.hdds.scm.block.BlockManagerImpl.allocateBlock(BlockManagerImpl.java:190)
	at org.apache.hadoop.hdds.scm.server.SCMBlockProtocolServer.allocateBlock(SCMBlockProtocolServer.java:182)
	at org.apache.hadoop.hdds.scm.protocol.ScmBlockLocationProtocolServerSideTranslatorPB.allocateScmBlock(ScmBlockLocationProtocolServerSideTranslatorPB.java:159)
	at org.apache.hadoop.hdds.scm.protocol.ScmBlockLocationProtocolServerSideTranslatorPB.processMessage(ScmBlockLocationProtocolServerSideTranslatorPB.java:117)
	at org.apache.hadoop.hdds.server.OzoneProtocolMessageDispatcher.processRequest(OzoneProtocolMessageDispatcher.java:72)
	at org.apache.hadoop.hdds.scm.protocol.ScmBlockLocationProtocolServerSideTranslatorPB.send(ScmBlockLocationProtocolServerSideTranslatorPB.java:98)
	at org.apache.hadoop.hdds.protocol.proto.ScmBlockLocationProtocolProtos$ScmBlockLocationProtocolService$2.callBlockingMethod(ScmBlockLocationProtocolProtos.java:13157)
	at org.apache.hadoop.ipc.ProtobufRpcEngine$Server$ProtoBufRpcInvoker.call(ProtobufRpcEngine.java:524)
	at org.apache.hadoop.ipc.RPC$Server.call(RPC.java:1025)
	at org.apache.hadoop.ipc.Server$RpcCall.run(Server.java:876)
	at org.apache.hadoop.ipc.Server$RpcCall.run(Server.java:822)
	at java.security.AccessController.doPrivileged(Native Method)
	at javax.security.auth.Subject.doAs(Subject.java:422)
	at org.apache.hadoop.security.UserGroupInformation.doAs(UserGroupInformation.java:1730)
	at org.apache.hadoop.ipc.Server$Handler.run(Server.java:2682)
2019-10-02 10:56:16,035 [IPC Server handler 0 on 35276] INFO  block.BlockManagerImpl (BlockManagerImpl.java:allocateBlock(198)) - Could not find available pipeline of type:RATIS and factor:THREE even after retrying
2019-10-02 10:56:16,035 [IPC Server handler 0 on 35276] ERROR block.BlockManagerImpl (BlockManagerImpl.java:allocateBlock(222)) - Unable to allocate a block for the size: 4194304, type: RATIS, factor: THREE
2019-10-02 10:56:16,060 [grpc-default-executor-2] INFO  impl.RaftServerProxy (RaftServerProxy.java:addNew(89)) - d3dffc06-1d6a-4f7a-8294-c2dc8ce35b40: addNew group-BE47439FB225:[d3dffc06-1d6a-4f7a-8294-c2dc8ce35b40:192.168.30.53:33785, 7df38282-3a3d-4206-964a-9b3301cd1d1f:192.168.30.53:34960, b25f22f8-54cc-4ffd-bfcd-179cc8cbd7fc:192.168.30.53:42549] returns group-BE47439FB225:java.util.concurrent.CompletableFuture@3cf7c2f7[Not completed]
2019-10-02 10:56:16,060 [grpc-default-executor-1] INFO  impl.RaftServerProxy (RaftServerProxy.java:addNew(89)) - b25f22f8-54cc-4ffd-bfcd-179cc8cbd7fc: addNew group-BE47439FB225:[d3dffc06-1d6a-4f7a-8294-c2dc8ce35b40:192.168.30.53:33785, 7df38282-3a3d-4206-964a-9b3301cd1d1f:192.168.30.53:34960, b25f22f8-54cc-4ffd-bfcd-179cc8cbd7fc:192.168.30.53:42549] returns group-BE47439FB225:java.util.concurrent.CompletableFuture@d0daf05[Not completed]
2019-10-02 10:56:16,060 [grpc-default-executor-5] INFO  impl.RaftServerProxy (RaftServerProxy.java:addNew(89)) - 7df38282-3a3d-4206-964a-9b3301cd1d1f: addNew group-BE47439FB225:[d3dffc06-1d6a-4f7a-8294-c2dc8ce35b40:192.168.30.53:33785, 7df38282-3a3d-4206-964a-9b3301cd1d1f:192.168.30.53:34960, b25f22f8-54cc-4ffd-bfcd-179cc8cbd7fc:192.168.30.53:42549] returns group-BE47439FB225:java.util.concurrent.CompletableFuture@77960797[Not completed]
2019-10-02 10:56:16,294 [pool-27-thread-1] INFO  storage.RaftStorage (RaftStorage.java:format(84)) - Storage directory /workdir/hadoop-ozone/integration-test/target/test-dir/MiniOzoneClusterImpl-5f261223-23be-4c6b-a914-4b08f19f7d30/datanode-0/data/ratis/d9cbc56a-6e37-401e-a144-49987f7a8a7c has been successfully formatted.
2019-10-02 10:56:16,294 [pool-97-thread-1] INFO  storage.RaftStorage (RaftStorage.java:format(84)) - Storage directory /workdir/hadoop-ozone/integration-test/target/test-dir/MiniOzoneClusterImpl-5f261223-23be-4c6b-a914-4b08f19f7d30/datanode-7/data/ratis/d9cbc56a-6e37-401e-a144-49987f7a8a7c has been successfully formatted.
2019-10-02 10:56:16,294 [pool-47-thread-1] INFO  storage.RaftStorage (RaftStorage.java:format(84)) - Storage directory /workdir/hadoop-ozone/integration-test/target/test-dir/MiniOzoneClusterImpl-5f261223-23be-4c6b-a914-4b08f19f7d30/datanode-2/data/ratis/d9cbc56a-6e37-401e-a144-49987f7a8a7c has been successfully formatted.
2019-10-02 10:56:16,295 [pool-27-thread-1] INFO  ratis.ContainerStateMachine (ContainerStateMachine.java:loadSnapshot(230)) - group-49987F7A8A7C: The snapshot info is null. Setting the last applied indexto:(t:0, i:~)
2019-10-02 10:56:16,295 [pool-97-thread-1] INFO  ratis.ContainerStateMachine (ContainerStateMachine.java:loadSnapshot(230)) - group-49987F7A8A7C: The snapshot info is null. Setting the last applied indexto:(t:0, i:~)
2019-10-02 10:56:16,295 [pool-27-thread-1] INFO  server.RaftServerConfigKeys (ConfUtils.java:logGet(43)) - raft.server.notification.no-leader.timeout = 120s (custom)
2019-10-02 10:56:16,295 [pool-47-thread-1] INFO  ratis.ContainerStateMachine (ContainerStateMachine.java:loadSnapshot(230)) - group-49987F7A8A7C: The snapshot info is null. Setting the last applied indexto:(t:0, i:~)
2019-10-02 10:56:16,295 [pool-27-thread-1] INFO  server.RaftServerConfigKeys (ConfUtils.java:logGet(43)) - raft.server.log.use.memory = false (default)
2019-10-02 10:56:16,295 [pool-97-thread-1] INFO  server.RaftServerConfigKeys (ConfUtils.java:logGet(43)) - raft.server.notification.no-leader.timeout = 120s (custom)
2019-10-02 10:56:16,295 [pool-27-thread-1] INFO  server.RaftServerConfigKeys (ConfUtils.java:logGet(43)) - raft.server.log.purge.gap = 1000000 (custom)
2019-10-02 10:56:16,295 [pool-47-thread-1] INFO  server.RaftServerConfigKeys (ConfUtils.java:logGet(43)) - raft.server.notification.no-leader.timeout = 120s (custom)
2019-10-02 10:56:16,295 [pool-27-thread-1] INFO  server.RaftServerConfigKeys (ConfUtils.java:logGet(43)) - raft.server.log.appender.buffer.byte-limit = 33554432 (custom)
2019-10-02 10:56:16,295 [pool-97-thread-1] INFO  server.RaftServerConfigKeys (ConfUtils.java:logGet(43)) - raft.server.log.use.memory = false (default)
2019-10-02 10:56:16,296 [pool-27-thread-1] INFO  server.RaftServerConfigKeys (ConfUtils.java:logGet(43)) - raft.server.log.segment.size.max = 1048576 (custom)
2019-10-02 10:56:16,296 [pool-47-thread-1] INFO  server.RaftServerConfigKeys (ConfUtils.java:logGet(43)) - raft.server.log.use.memory = false (default)
2019-10-02 10:56:16,296 [pool-27-thread-1] INFO  server.RaftServerConfigKeys (ConfUtils.java:logGet(43)) - raft.server.log.segment.cache.num.max = 2 (custom)
2019-10-02 10:56:16,296 [pool-97-thread-1] INFO  server.RaftServerConfigKeys (ConfUtils.java:logGet(43)) - raft.server.log.purge.gap = 1000000 (custom)
2019-10-02 10:56:16,296 [pool-27-thread-1] INFO  segmented.SegmentedRaftLogWorker (SegmentedRaftLogWorker.java:<init>(173)) - new 7df38282-3a3d-4206-964a-9b3301cd1d1f@group-49987F7A8A7C-SegmentedRaftLogWorker for RaftStorage:Storage Directory /workdir/hadoop-ozone/integration-test/target/test-dir/MiniOzoneClusterImpl-5f261223-23be-4c6b-a914-4b08f19f7d30/datanode-0/data/ratis/d9cbc56a-6e37-401e-a144-49987f7a8a7c
2019-10-02 10:56:16,296 [pool-47-thread-1] INFO  server.RaftServerConfigKeys (ConfUtils.java:logGet(43)) - raft.server.log.purge.gap = 1000000 (custom)
2019-10-02 10:56:16,296 [pool-27-thread-1] INFO  server.RaftServerConfigKeys (ConfUtils.java:logGet(43)) - raft.server.log.queue.byte-limit = 2147483647 (custom)
2019-10-02 10:56:16,296 [pool-97-thread-1] INFO  server.RaftServerConfigKeys (ConfUtils.java:logGet(43)) - raft.server.log.appender.buffer.byte-limit = 33554432 (custom)
2019-10-02 10:56:16,296 [pool-27-thread-1] INFO  server.RaftServerConfigKeys (ConfUtils.java:logGet(43)) - raft.server.log.queue.element-limit = 1024 (custom)
2019-10-02 10:56:16,296 [pool-47-thread-1] INFO  server.RaftServerConfigKeys (ConfUtils.java:logGet(43)) - raft.server.log.appender.buffer.byte-limit = 33554432 (custom)
2019-10-02 10:56:16,297 [pool-27-thread-1] INFO  server.RaftServerConfigKeys (ConfUtils.java:logGet(43)) - raft.server.log.segment.size.max = 1048576 (custom)
2019-10-02 10:56:16,297 [pool-97-thread-1] INFO  server.RaftServerConfigKeys (ConfUtils.java:logGet(43)) - raft.server.log.segment.size.max = 1048576 (custom)
2019-10-02 10:56:16,297 [pool-27-thread-1] INFO  server.RaftServerConfigKeys (ConfUtils.java:logGet(43)) - raft.server.log.preallocated.size = 16384 (custom)
2019-10-02 10:56:16,297 [pool-47-thread-1] INFO  server.RaftServerConfigKeys (ConfUtils.java:logGet(43)) - raft.server.log.segment.size.max = 1048576 (custom)
2019-10-02 10:56:16,297 [pool-27-thread-1] INFO  server.RaftServerConfigKeys (ConfUtils.java:logGet(43)) - raft.server.log.write.buffer.size = 33554432 (custom)
2019-10-02 10:56:16,297 [pool-97-thread-1] INFO  server.RaftServerConfigKeys (ConfUtils.java:logGet(43)) - raft.server.log.segment.cache.num.max = 2 (custom)
2019-10-02 10:56:16,297 [pool-27-thread-1] INFO  server.RaftServerConfigKeys (ConfUtils.java:logGet(43)) - raft.server.log.force.sync.num = 128 (default)
2019-10-02 10:56:16,297 [pool-47-thread-1] INFO  server.RaftServerConfigKeys (ConfUtils.java:logGet(43)) - raft.server.log.segment.cache.num.max = 2 (custom)
2019-10-02 10:56:16,298 [pool-27-thread-1] INFO  server.RaftServerConfigKeys (ConfUtils.java:logGet(43)) - raft.server.log.statemachine.data.sync = true (default)
2019-10-02 10:56:16,298 [pool-97-thread-1] INFO  segmented.SegmentedRaftLogWorker (SegmentedRaftLogWorker.java:<init>(173)) - new b25f22f8-54cc-4ffd-bfcd-179cc8cbd7fc@group-49987F7A8A7C-SegmentedRaftLogWorker for RaftStorage:Storage Directory /workdir/hadoop-ozone/integration-test/target/test-dir/MiniOzoneClusterImpl-5f261223-23be-4c6b-a914-4b08f19f7d30/datanode-7/data/ratis/d9cbc56a-6e37-401e-a144-49987f7a8a7c
2019-10-02 10:56:16,298 [pool-27-thread-1] INFO  server.RaftServerConfigKeys (ConfUtils.java:logGet(43)) - raft.server.log.statemachine.data.sync.timeout = 10s (default)
2019-10-02 10:56:16,298 [pool-47-thread-1] INFO  segmented.SegmentedRaftLogWorker (SegmentedRaftLogWorker.java:<init>(173)) - new d3dffc06-1d6a-4f7a-8294-c2dc8ce35b40@group-49987F7A8A7C-SegmentedRaftLogWorker for RaftStorage:Storage Directory /workdir/hadoop-ozone/integration-test/target/test-dir/MiniOzoneClusterImpl-5f261223-23be-4c6b-a914-4b08f19f7d30/datanode-2/data/ratis/d9cbc56a-6e37-401e-a144-49987f7a8a7c
2019-10-02 10:56:16,298 [pool-27-thread-1] INFO  server.RaftServerConfigKeys (ConfUtils.java:logGet(43)) - raft.server.log.statemachine.data.sync.timeout.retry = -1 (default)
2019-10-02 10:56:16,298 [pool-97-thread-1] INFO  server.RaftServerConfigKeys (ConfUtils.java:logGet(43)) - raft.server.log.queue.byte-limit = 2147483647 (custom)
2019-10-02 10:56:16,298 [pool-47-thread-1] INFO  server.RaftServerConfigKeys (ConfUtils.java:logGet(43)) - raft.server.log.queue.byte-limit = 2147483647 (custom)
2019-10-02 10:56:16,298 [pool-97-thread-1] INFO  server.RaftServerConfigKeys (ConfUtils.java:logGet(43)) - raft.server.log.queue.element-limit = 1024 (custom)
2019-10-02 10:56:16,298 [pool-27-thread-1] INFO  server.RaftServerConfigKeys (ConfUtils.java:logGet(43)) - raft.server.log.statemachine.data.caching.enabled = true (custom)
2019-10-02 10:56:16,299 [pool-97-thread-1] INFO  server.RaftServerConfigKeys (ConfUtils.java:logGet(43)) - raft.server.log.segment.size.max = 1048576 (custom)
2019-10-02 10:56:16,299 [pool-47-thread-1] INFO  server.RaftServerConfigKeys (ConfUtils.java:logGet(43)) - raft.server.log.queue.element-limit = 1024 (custom)
2019-10-02 10:56:16,299 [pool-27-thread-1] INFO  segmented.SegmentedRaftLogWorker (SegmentedRaftLogWorker.java:lambda$new$0(128)) - 7df38282-3a3d-4206-964a-9b3301cd1d1f@group-49987F7A8A7C-SegmentedRaftLogWorker: flushIndex: setUnconditionally 0 -> -1
2019-10-02 10:56:16,299 [pool-97-thread-1] INFO  server.RaftServerConfigKeys (ConfUtils.java:logGet(43)) - raft.server.log.preallocated.size = 16384 (custom)
2019-10-02 10:56:16,299 [pool-47-thread-1] INFO  server.RaftServerConfigKeys (ConfUtils.java:logGet(43)) - raft.server.log.segment.size.max = 1048576 (custom)
2019-10-02 10:56:16,299 [pool-27-thread-1] INFO  server.RaftServerConfigKeys (ConfUtils.java:logGet(43)) - raft.server.snapshot.auto.trigger.enabled = true (custom)
2019-10-02 10:56:16,299 [pool-97-thread-1] INFO  server.RaftServerConfigKeys (ConfUtils.java:logGet(43)) - raft.server.log.write.buffer.size = 33554432 (custom)
2019-10-02 10:56:16,299 [pool-27-thread-1] INFO  server.RaftServerConfigKeys (ConfUtils.java:logGet(43)) - raft.server.snapshot.auto.trigger.threshold = 10000 (custom)
2019-10-02 10:56:16,299 [pool-47-thread-1] INFO  server.RaftServerConfigKeys (ConfUtils.java:logGet(43)) - raft.server.log.preallocated.size = 16384 (custom)
2019-10-02 10:56:16,300 [pool-27-thread-1] INFO  server.RaftServerConfigKeys (ConfUtils.java:logGet(43)) - raft.server.snapshot.retention.file.num = 5 (custom)
2019-10-02 10:56:16,300 [pool-97-thread-1] INFO  server.RaftServerConfigKeys (ConfUtils.java:logGet(43)) - raft.server.log.force.sync.num = 128 (default)
2019-10-02 10:56:16,300 [pool-27-thread-1] INFO  server.RaftServerConfigKeys (ConfUtils.java:logGet(43)) - raft.server.retrycache.expirytime = 600000ms (custom)
2019-10-02 10:56:16,300 [pool-47-thread-1] INFO  server.RaftServerConfigKeys (ConfUtils.java:logGet(43)) - raft.server.log.write.buffer.size = 33554432 (custom)
2019-10-02 10:56:16,300 [pool-97-thread-1] INFO  server.RaftServerConfigKeys (ConfUtils.java:logGet(43)) - raft.server.log.statemachine.data.sync = true (default)
2019-10-02 10:56:16,300 [pool-47-thread-1] INFO  server.RaftServerConfigKeys (ConfUtils.java:logGet(43)) - raft.server.log.force.sync.num = 128 (default)
2019-10-02 10:56:16,300 [pool-97-thread-1] INFO  server.RaftServerConfigKeys (ConfUtils.java:logGet(43)) - raft.server.log.statemachine.data.sync.timeout = 10s (default)
2019-10-02 10:56:16,300 [pool-47-thread-1] INFO  server.RaftServerConfigKeys (ConfUtils.java:logGet(43)) - raft.server.log.statemachine.data.sync = true (default)
2019-10-02 10:56:16,301 [pool-97-thread-1] INFO  server.RaftServerConfigKeys (ConfUtils.java:logGet(43)) - raft.server.log.statemachine.data.sync.timeout.retry = -1 (default)
2019-10-02 10:56:16,301 [pool-47-thread-1] INFO  server.RaftServerConfigKeys (ConfUtils.java:logGet(43)) - raft.server.log.statemachine.data.sync.timeout = 10s (default)
2019-10-02 10:56:16,301 [pool-97-thread-1] INFO  server.RaftServerConfigKeys (ConfUtils.java:logGet(43)) - raft.server.log.statemachine.data.caching.enabled = true (custom)
2019-10-02 10:56:16,301 [pool-47-thread-1] INFO  server.RaftServerConfigKeys (ConfUtils.java:logGet(43)) - raft.server.log.statemachine.data.sync.timeout.retry = -1 (default)
2019-10-02 10:56:16,301 [pool-97-thread-1] INFO  segmented.SegmentedRaftLogWorker (SegmentedRaftLogWorker.java:lambda$new$0(128)) - b25f22f8-54cc-4ffd-bfcd-179cc8cbd7fc@group-49987F7A8A7C-SegmentedRaftLogWorker: flushIndex: setUnconditionally 0 -> -1
2019-10-02 10:56:16,301 [pool-47-thread-1] INFO  server.RaftServerConfigKeys (ConfUtils.java:logGet(43)) - raft.server.log.statemachine.data.caching.enabled = true (custom)
2019-10-02 10:56:16,304 [pool-47-thread-1] INFO  segmented.SegmentedRaftLogWorker (SegmentedRaftLogWorker.java:lambda$new$0(128)) - d3dffc06-1d6a-4f7a-8294-c2dc8ce35b40@group-49987F7A8A7C-SegmentedRaftLogWorker: flushIndex: setUnconditionally 0 -> -1
2019-10-02 10:56:16,304 [pool-97-thread-1] INFO  server.RaftServerConfigKeys (ConfUtils.java:logGet(43)) - raft.server.snapshot.auto.trigger.enabled = true (custom)
2019-10-02 10:56:16,304 [pool-47-thread-1] INFO  server.RaftServerConfigKeys (ConfUtils.java:logGet(43)) - raft.server.snapshot.auto.trigger.enabled = true (custom)
2019-10-02 10:56:16,304 [pool-97-thread-1] INFO  server.RaftServerConfigKeys (ConfUtils.java:logGet(43)) - raft.server.snapshot.auto.trigger.threshold = 10000 (custom)
2019-10-02 10:56:16,305 [pool-47-thread-1] INFO  server.RaftServerConfigKeys (ConfUtils.java:logGet(43)) - raft.server.snapshot.auto.trigger.threshold = 10000 (custom)
2019-10-02 10:56:16,305 [pool-97-thread-1] INFO  server.RaftServerConfigKeys (ConfUtils.java:logGet(43)) - raft.server.snapshot.retention.file.num = 5 (custom)
2019-10-02 10:56:16,305 [pool-47-thread-1] INFO  server.RaftServerConfigKeys (ConfUtils.java:logGet(43)) - raft.server.snapshot.retention.file.num = 5 (custom)
2019-10-02 10:56:16,305 [pool-47-thread-1] INFO  server.RaftServerConfigKeys (ConfUtils.java:logGet(43)) - raft.server.retrycache.expirytime = 600000ms (custom)
2019-10-02 10:56:16,305 [pool-97-thread-1] INFO  server.RaftServerConfigKeys (ConfUtils.java:logGet(43)) - raft.server.retrycache.expirytime = 600000ms (custom)
2019-10-02 10:56:16,307 [pool-27-thread-1] INFO  impl.RaftServerImpl (RaftServerImpl.java:start(181)) - 7df38282-3a3d-4206-964a-9b3301cd1d1f@group-6B83A71B3C43: start as a follower, conf=-1: [d3dffc06-1d6a-4f7a-8294-c2dc8ce35b40:192.168.30.53:33785, 7df38282-3a3d-4206-964a-9b3301cd1d1f:192.168.30.53:34960, b25f22f8-54cc-4ffd-bfcd-179cc8cbd7fc:192.168.30.53:42549], old=null
2019-10-02 10:56:16,307 [pool-27-thread-1] INFO  impl.RaftServerImpl (RaftServerImpl.java:setRole(170)) - 7df38282-3a3d-4206-964a-9b3301cd1d1f@group-6B83A71B3C43: changes role from      null to FOLLOWER at term 0 for startAsFollower
2019-10-02 10:56:16,307 [pool-27-thread-1] INFO  impl.RoleInfo (RoleInfo.java:updateAndGet(143)) - 7df38282-3a3d-4206-964a-9b3301cd1d1f: start FollowerState
2019-10-02 10:56:16,308 [pool-27-thread-1] INFO  util.JmxRegister (JmxRegister.java:tryRegister(44)) - Successfully registered JMX Bean with object name Ratis:service=RaftServer,group=group-6B83A71B3C43,id=7df38282-3a3d-4206-964a-9b3301cd1d1f
2019-10-02 10:56:16,308 [pool-47-thread-1] INFO  impl.RaftServerImpl (RaftServerImpl.java:start(181)) - d3dffc06-1d6a-4f7a-8294-c2dc8ce35b40@group-6B83A71B3C43: start as a follower, conf=-1: [d3dffc06-1d6a-4f7a-8294-c2dc8ce35b40:192.168.30.53:33785, 7df38282-3a3d-4206-964a-9b3301cd1d1f:192.168.30.53:34960, b25f22f8-54cc-4ffd-bfcd-179cc8cbd7fc:192.168.30.53:42549], old=null
2019-10-02 10:56:16,308 [pool-47-thread-1] INFO  impl.RaftServerImpl (RaftServerImpl.java:setRole(170)) - d3dffc06-1d6a-4f7a-8294-c2dc8ce35b40@group-6B83A71B3C43: changes role from      null to FOLLOWER at term 0 for startAsFollower
2019-10-02 10:56:16,308 [pool-97-thread-1] INFO  impl.RaftServerImpl (RaftServerImpl.java:start(181)) - b25f22f8-54cc-4ffd-bfcd-179cc8cbd7fc@group-6B83A71B3C43: start as a follower, conf=-1: [d3dffc06-1d6a-4f7a-8294-c2dc8ce35b40:192.168.30.53:33785, 7df38282-3a3d-4206-964a-9b3301cd1d1f:192.168.30.53:34960, b25f22f8-54cc-4ffd-bfcd-179cc8cbd7fc:192.168.30.53:42549], old=null
2019-10-02 10:56:16,308 [pool-47-thread-1] INFO  impl.RoleInfo (RoleInfo.java:updateAndGet(143)) - d3dffc06-1d6a-4f7a-8294-c2dc8ce35b40: start FollowerState
2019-10-02 10:56:16,308 [pool-97-thread-1] INFO  impl.RaftServerImpl (RaftServerImpl.java:setRole(170)) - b25f22f8-54cc-4ffd-bfcd-179cc8cbd7fc@group-6B83A71B3C43: changes role from      null to FOLLOWER at term 0 for startAsFollower
2019-10-02 10:56:16,309 [pool-97-thread-1] INFO  impl.RoleInfo (RoleInfo.java:updateAndGet(143)) - b25f22f8-54cc-4ffd-bfcd-179cc8cbd7fc: start FollowerState
2019-10-02 10:56:16,309 [pool-47-thread-1] INFO  util.JmxRegister (JmxRegister.java:tryRegister(44)) - Successfully registered JMX Bean with object name Ratis:service=RaftServer,group=group-6B83A71B3C43,id=d3dffc06-1d6a-4f7a-8294-c2dc8ce35b40
2019-10-02 10:56:16,309 [pool-97-thread-1] INFO  util.JmxRegister (JmxRegister.java:tryRegister(44)) - Successfully registered JMX Bean with object name Ratis:service=RaftServer,group=group-6B83A71B3C43,id=b25f22f8-54cc-4ffd-bfcd-179cc8cbd7fc
2019-10-02 10:56:16,313 [pool-27-thread-1] INFO  impl.RaftServerImpl (RaftServerImpl.java:start(181)) - 7df38282-3a3d-4206-964a-9b3301cd1d1f@group-C476C2B24A7C: start as a follower, conf=-1: [d3dffc06-1d6a-4f7a-8294-c2dc8ce35b40:192.168.30.53:33785, 7df38282-3a3d-4206-964a-9b3301cd1d1f:192.168.30.53:34960, b25f22f8-54cc-4ffd-bfcd-179cc8cbd7fc:192.168.30.53:42549], old=null
2019-10-02 10:56:16,313 [pool-27-thread-1] INFO  impl.RaftServerImpl (RaftServerImpl.java:setRole(170)) - 7df38282-3a3d-4206-964a-9b3301cd1d1f@group-C476C2B24A7C: changes role from      null to FOLLOWER at term 0 for startAsFollower
2019-10-02 10:56:16,314 [pool-27-thread-1] INFO  impl.RoleInfo (RoleInfo.java:updateAndGet(143)) - 7df38282-3a3d-4206-964a-9b3301cd1d1f: start FollowerState
2019-10-02 10:56:16,314 [pool-27-thread-1] INFO  util.JmxRegister (JmxRegister.java:tryRegister(44)) - Successfully registered JMX Bean with object name Ratis:service=RaftServer,group=group-C476C2B24A7C,id=7df38282-3a3d-4206-964a-9b3301cd1d1f
2019-10-02 10:56:16,314 [pool-47-thread-1] INFO  impl.RaftServerImpl (RaftServerImpl.java:start(181)) - d3dffc06-1d6a-4f7a-8294-c2dc8ce35b40@group-C476C2B24A7C: start as a follower, conf=-1: [d3dffc06-1d6a-4f7a-8294-c2dc8ce35b40:192.168.30.53:33785, 7df38282-3a3d-4206-964a-9b3301cd1d1f:192.168.30.53:34960, b25f22f8-54cc-4ffd-bfcd-179cc8cbd7fc:192.168.30.53:42549], old=null
2019-10-02 10:56:16,314 [pool-97-thread-1] INFO  impl.RaftServerImpl (RaftServerImpl.java:start(181)) - b25f22f8-54cc-4ffd-bfcd-179cc8cbd7fc@group-C476C2B24A7C: start as a follower, conf=-1: [d3dffc06-1d6a-4f7a-8294-c2dc8ce35b40:192.168.30.53:33785, 7df38282-3a3d-4206-964a-9b3301cd1d1f:192.168.30.53:34960, b25f22f8-54cc-4ffd-bfcd-179cc8cbd7fc:192.168.30.53:42549], old=null
2019-10-02 10:56:16,314 [pool-47-thread-1] INFO  impl.RaftServerImpl (RaftServerImpl.java:setRole(170)) - d3dffc06-1d6a-4f7a-8294-c2dc8ce35b40@group-C476C2B24A7C: changes role from      null to FOLLOWER at term 0 for startAsFollower
2019-10-02 10:56:16,315 [pool-97-thread-1] INFO  impl.RaftServerImpl (RaftServerImpl.java:setRole(170)) - b25f22f8-54cc-4ffd-bfcd-179cc8cbd7fc@group-C476C2B24A7C: changes role from      null to FOLLOWER at term 0 for startAsFollower
2019-10-02 10:56:16,315 [pool-47-thread-1] INFO  impl.RoleInfo (RoleInfo.java:updateAndGet(143)) - d3dffc06-1d6a-4f7a-8294-c2dc8ce35b40: start FollowerState
2019-10-02 10:56:16,315 [pool-97-thread-1] INFO  impl.RoleInfo (RoleInfo.java:updateAndGet(143)) - b25f22f8-54cc-4ffd-bfcd-179cc8cbd7fc: start FollowerState
2019-10-02 10:56:16,315 [pool-47-thread-1] INFO  util.JmxRegister (JmxRegister.java:tryRegister(44)) - Successfully registered JMX Bean with object name Ratis:service=RaftServer,group=group-C476C2B24A7C,id=d3dffc06-1d6a-4f7a-8294-c2dc8ce35b40
2019-10-02 10:56:16,315 [pool-97-thread-1] INFO  util.JmxRegister (JmxRegister.java:tryRegister(44)) - Successfully registered JMX Bean with object name Ratis:service=RaftServer,group=group-C476C2B24A7C,id=b25f22f8-54cc-4ffd-bfcd-179cc8cbd7fc
2019-10-02 10:56:16,321 [pool-27-thread-1] INFO  impl.RaftServerImpl (RaftServerImpl.java:<init>(95)) - 7df38282-3a3d-4206-964a-9b3301cd1d1f: new RaftServerImpl for group-6128F9235CFD:[d3dffc06-1d6a-4f7a-8294-c2dc8ce35b40:192.168.30.53:33785, 7df38282-3a3d-4206-964a-9b3301cd1d1f:192.168.30.53:34960, b25f22f8-54cc-4ffd-bfcd-179cc8cbd7fc:192.168.30.53:42549] with ContainerStateMachine:uninitialized
2019-10-02 10:56:16,321 [pool-27-thread-1] INFO  server.RaftServerConfigKeys (ConfUtils.java:logGet(43)) - raft.server.rpc.timeout.min = 1s (custom)
2019-10-02 10:56:16,321 [pool-27-thread-1] INFO  server.RaftServerConfigKeys (ConfUtils.java:logGet(43)) - raft.server.rpc.timeout.max = 1200ms (custom)
2019-10-02 10:56:16,322 [pool-27-thread-1] INFO  server.RaftServerConfigKeys (ConfUtils.java:logGet(43)) - raft.server.rpcslowness.timeout = 120s (custom)
2019-10-02 10:56:16,322 [pool-27-thread-1] INFO  server.RaftServerConfigKeys (ConfUtils.java:logGet(43)) - raft.server.sleep.deviation.threshold = 300 (default)
2019-10-02 10:56:16,322 [pool-47-thread-1] INFO  impl.RaftServerImpl (RaftServerImpl.java:<init>(95)) - d3dffc06-1d6a-4f7a-8294-c2dc8ce35b40: new RaftServerImpl for group-6128F9235CFD:[d3dffc06-1d6a-4f7a-8294-c2dc8ce35b40:192.168.30.53:33785, 7df38282-3a3d-4206-964a-9b3301cd1d1f:192.168.30.53:34960, b25f22f8-54cc-4ffd-bfcd-179cc8cbd7fc:192.168.30.53:42549] with ContainerStateMachine:uninitialized
2019-10-02 10:56:16,322 [pool-27-thread-1] INFO  server.RaftServerConfigKeys (ConfUtils.java:logGet(43)) - raft.server.log.appender.install.snapshot.enabled = false (custom)
2019-10-02 10:56:16,322 [pool-47-thread-1] INFO  server.RaftServerConfigKeys (ConfUtils.java:logGet(43)) - raft.server.rpc.timeout.min = 1s (custom)
2019-10-02 10:56:16,322 [pool-27-thread-1] INFO  impl.RaftServerImpl (ServerState.java:<init>(103)) - 7df38282-3a3d-4206-964a-9b3301cd1d1f@group-6128F9235CFD: ConfigurationManager, init=-1: [d3dffc06-1d6a-4f7a-8294-c2dc8ce35b40:192.168.30.53:33785, 7df38282-3a3d-4206-964a-9b3301cd1d1f:192.168.30.53:34960, b25f22f8-54cc-4ffd-bfcd-179cc8cbd7fc:192.168.30.53:42549], old=null, confs=<EMPTY_MAP>
2019-10-02 10:56:16,322 [pool-47-thread-1] INFO  server.RaftServerConfigKeys (ConfUtils.java:logGet(43)) - raft.server.rpc.timeout.max = 1200ms (custom)
2019-10-02 10:56:16,322 [pool-47-thread-1] INFO  server.RaftServerConfigKeys (ConfUtils.java:logGet(43)) - raft.server.rpcslowness.timeout = 120s (custom)
2019-10-02 10:56:16,322 [pool-27-thread-1] INFO  server.RaftServerConfigKeys (ConfUtils.java:logGet(43)) - raft.server.storage.dir = [/workdir/hadoop-ozone/integration-test/target/test-dir/MiniOzoneClusterImpl-5f261223-23be-4c6b-a914-4b08f19f7d30/datanode-0/data/ratis] (custom)
2019-10-02 10:56:16,322 [pool-47-thread-1] INFO  server.RaftServerConfigKeys (ConfUtils.java:logGet(43)) - raft.server.sleep.deviation.threshold = 300 (default)
2019-10-02 10:56:16,322 [pool-47-thread-1] INFO  server.RaftServerConfigKeys (ConfUtils.java:logGet(43)) - raft.server.log.appender.install.snapshot.enabled = false (custom)
2019-10-02 10:56:16,322 [pool-47-thread-1] INFO  impl.RaftServerImpl (ServerState.java:<init>(103)) - d3dffc06-1d6a-4f7a-8294-c2dc8ce35b40@group-6128F9235CFD: ConfigurationManager, init=-1: [d3dffc06-1d6a-4f7a-8294-c2dc8ce35b40:192.168.30.53:33785, 7df38282-3a3d-4206-964a-9b3301cd1d1f:192.168.30.53:34960, b25f22f8-54cc-4ffd-bfcd-179cc8cbd7fc:192.168.30.53:42549], old=null, confs=<EMPTY_MAP>
2019-10-02 10:56:16,322 [pool-27-thread-1] INFO  server.RaftServerConfigKeys (ConfUtils.java:logGet(43)) - raft.server.log.corruption.policy = EXCEPTION (default)
2019-10-02 10:56:16,322 [pool-97-thread-1] INFO  impl.RaftServerImpl (RaftServerImpl.java:<init>(95)) - b25f22f8-54cc-4ffd-bfcd-179cc8cbd7fc: new RaftServerImpl for group-6128F9235CFD:[d3dffc06-1d6a-4f7a-8294-c2dc8ce35b40:192.168.30.53:33785, 7df38282-3a3d-4206-964a-9b3301cd1d1f:192.168.30.53:34960, b25f22f8-54cc-4ffd-bfcd-179cc8cbd7fc:192.168.30.53:42549] with ContainerStateMachine:uninitialized
2019-10-02 10:56:16,323 [pool-27-thread-1] INFO  storage.RaftStorageDirectory (RaftStorageDirectory.java:analyzeStorage(246)) - The storage directory /workdir/hadoop-ozone/integration-test/target/test-dir/MiniOzoneClusterImpl-5f261223-23be-4c6b-a914-4b08f19f7d30/datanode-0/data/ratis/41f37c6d-a128-44f1-9e9c-6128f9235cfd does not exist. Creating ...
2019-10-02 10:56:16,323 [pool-47-thread-1] INFO  server.RaftServerConfigKeys (ConfUtils.java:logGet(43)) - raft.server.storage.dir = [/workdir/hadoop-ozone/integration-test/target/test-dir/MiniOzoneClusterImpl-5f261223-23be-4c6b-a914-4b08f19f7d30/datanode-2/data/ratis] (custom)
2019-10-02 10:56:16,323 [pool-97-thread-1] INFO  server.RaftServerConfigKeys (ConfUtils.java:logGet(43)) - raft.server.rpc.timeout.min = 1s (custom)
2019-10-02 10:56:16,323 [pool-47-thread-1] INFO  server.RaftServerConfigKeys (ConfUtils.java:logGet(43)) - raft.server.log.corruption.policy = EXCEPTION (default)
2019-10-02 10:56:16,323 [pool-97-thread-1] INFO  server.RaftServerConfigKeys (ConfUtils.java:logGet(43)) - raft.server.rpc.timeout.max = 1200ms (custom)
2019-10-02 10:56:16,323 [pool-47-thread-1] INFO  storage.RaftStorageDirectory (RaftStorageDirectory.java:analyzeStorage(246)) - The storage directory /workdir/hadoop-ozone/integration-test/target/test-dir/MiniOzoneClusterImpl-5f261223-23be-4c6b-a914-4b08f19f7d30/datanode-2/data/ratis/41f37c6d-a128-44f1-9e9c-6128f9235cfd does not exist. Creating ...
2019-10-02 10:56:16,323 [pool-97-thread-1] INFO  server.RaftServerConfigKeys (ConfUtils.java:logGet(43)) - raft.server.rpcslowness.timeout = 120s (custom)
2019-10-02 10:56:16,323 [pool-97-thread-1] INFO  server.RaftServerConfigKeys (ConfUtils.java:logGet(43)) - raft.server.sleep.deviation.threshold = 300 (default)
2019-10-02 10:56:16,324 [pool-97-thread-1] INFO  server.RaftServerConfigKeys (ConfUtils.java:logGet(43)) - raft.server.log.appender.install.snapshot.enabled = false (custom)
2019-10-02 10:56:16,324 [pool-97-thread-1] INFO  impl.RaftServerImpl (ServerState.java:<init>(103)) - b25f22f8-54cc-4ffd-bfcd-179cc8cbd7fc@group-6128F9235CFD: ConfigurationManager, init=-1: [d3dffc06-1d6a-4f7a-8294-c2dc8ce35b40:192.168.30.53:33785, 7df38282-3a3d-4206-964a-9b3301cd1d1f:192.168.30.53:34960, b25f22f8-54cc-4ffd-bfcd-179cc8cbd7fc:192.168.30.53:42549], old=null, confs=<EMPTY_MAP>
2019-10-02 10:56:16,324 [pool-97-thread-1] INFO  server.RaftServerConfigKeys (ConfUtils.java:logGet(43)) - raft.server.storage.dir = [/workdir/hadoop-ozone/integration-test/target/test-dir/MiniOzoneClusterImpl-5f261223-23be-4c6b-a914-4b08f19f7d30/datanode-7/data/ratis] (custom)
2019-10-02 10:56:16,324 [pool-97-thread-1] INFO  server.RaftServerConfigKeys (ConfUtils.java:logGet(43)) - raft.server.log.corruption.policy = EXCEPTION (default)
2019-10-02 10:56:16,324 [pool-97-thread-1] INFO  storage.RaftStorageDirectory (RaftStorageDirectory.java:analyzeStorage(246)) - The storage directory /workdir/hadoop-ozone/integration-test/target/test-dir/MiniOzoneClusterImpl-5f261223-23be-4c6b-a914-4b08f19f7d30/datanode-7/data/ratis/41f37c6d-a128-44f1-9e9c-6128f9235cfd does not exist. Creating ...
2019-10-02 10:56:16,847 [Thread-375] INFO  impl.FollowerState (FollowerState.java:run(108)) - b25f22f8-54cc-4ffd-bfcd-179cc8cbd7fc@group-ABAF19C3FAB0-FollowerState: change to CANDIDATE, lastRpcTime:1035ms, electionTimeout:1035ms
2019-10-02 10:56:16,847 [Thread-375] INFO  impl.RoleInfo (RoleInfo.java:shutdownFollowerState(121)) - b25f22f8-54cc-4ffd-bfcd-179cc8cbd7fc: shutdown FollowerState
2019-10-02 10:56:16,847 [Thread-375] INFO  impl.RaftServerImpl (RaftServerImpl.java:setRole(170)) - b25f22f8-54cc-4ffd-bfcd-179cc8cbd7fc@group-ABAF19C3FAB0: changes role from  FOLLOWER to CANDIDATE at term 2 for changeToCandidate
2019-10-02 10:56:16,847 [Thread-375] INFO  impl.RoleInfo (RoleInfo.java:updateAndGet(143)) - b25f22f8-54cc-4ffd-bfcd-179cc8cbd7fc: start LeaderElection
2019-10-02 10:56:16,864 [Thread-376] INFO  impl.FollowerState (FollowerState.java:run(108)) - d3dffc06-1d6a-4f7a-8294-c2dc8ce35b40@group-ABAF19C3FAB0-FollowerState: change to CANDIDATE, lastRpcTime:1051ms, electionTimeout:1051ms
2019-10-02 10:56:16,864 [Thread-376] INFO  impl.RoleInfo (RoleInfo.java:shutdownFollowerState(121)) - d3dffc06-1d6a-4f7a-8294-c2dc8ce35b40: shutdown FollowerState
2019-10-02 10:56:16,864 [Thread-376] INFO  impl.RaftServerImpl (RaftServerImpl.java:setRole(170)) - d3dffc06-1d6a-4f7a-8294-c2dc8ce35b40@group-ABAF19C3FAB0: changes role from  FOLLOWER to CANDIDATE at term 2 for changeToCandidate
2019-10-02 10:56:16,864 [Thread-376] INFO  impl.RoleInfo (RoleInfo.java:updateAndGet(143)) - d3dffc06-1d6a-4f7a-8294-c2dc8ce35b40: start LeaderElection
2019-10-02 10:56:16,914 [Thread-374] INFO  impl.FollowerState (FollowerState.java:run(108)) - 7df38282-3a3d-4206-964a-9b3301cd1d1f@group-ABAF19C3FAB0-FollowerState: change to CANDIDATE, lastRpcTime:1105ms, electionTimeout:1103ms
2019-10-02 10:56:16,914 [Thread-374] INFO  impl.RoleInfo (RoleInfo.java:shutdownFollowerState(121)) - 7df38282-3a3d-4206-964a-9b3301cd1d1f: shutdown FollowerState
2019-10-02 10:56:16,914 [Thread-374] INFO  impl.RaftServerImpl (RaftServerImpl.java:setRole(170)) - 7df38282-3a3d-4206-964a-9b3301cd1d1f@group-ABAF19C3FAB0: changes role from  FOLLOWER to CANDIDATE at term 2 for changeToCandidate
2019-10-02 10:56:16,915 [Thread-374] INFO  impl.RoleInfo (RoleInfo.java:updateAndGet(143)) - 7df38282-3a3d-4206-964a-9b3301cd1d1f: start LeaderElection
2019-10-02 10:56:17,392 [Thread-381] INFO  impl.FollowerState (FollowerState.java:run(108)) - d3dffc06-1d6a-4f7a-8294-c2dc8ce35b40@group-6B83A71B3C43-FollowerState: change to CANDIDATE, lastRpcTime:1083ms, electionTimeout:1083ms
2019-10-02 10:56:17,392 [Thread-381] INFO  impl.RoleInfo (RoleInfo.java:shutdownFollowerState(121)) - d3dffc06-1d6a-4f7a-8294-c2dc8ce35b40: shutdown FollowerState
2019-10-02 10:56:17,392 [Thread-381] INFO  impl.RaftServerImpl (RaftServerImpl.java:setRole(170)) - d3dffc06-1d6a-4f7a-8294-c2dc8ce35b40@group-6B83A71B3C43: changes role from  FOLLOWER to CANDIDATE at term 0 for changeToCandidate
2019-10-02 10:56:17,393 [Thread-381] INFO  impl.RoleInfo (RoleInfo.java:updateAndGet(143)) - d3dffc06-1d6a-4f7a-8294-c2dc8ce35b40: start LeaderElection
2019-10-02 10:56:17,406 [Thread-384] INFO  impl.FollowerState (FollowerState.java:run(108)) - 7df38282-3a3d-4206-964a-9b3301cd1d1f@group-C476C2B24A7C-FollowerState: change to CANDIDATE, lastRpcTime:1091ms, electionTimeout:1090ms
2019-10-02 10:56:17,407 [Thread-384] INFO  impl.RoleInfo (RoleInfo.java:shutdownFollowerState(121)) - 7df38282-3a3d-4206-964a-9b3301cd1d1f: shutdown FollowerState
2019-10-02 10:56:17,407 [Thread-384] INFO  impl.RaftServerImpl (RaftServerImpl.java:setRole(170)) - 7df38282-3a3d-4206-964a-9b3301cd1d1f@group-C476C2B24A7C: changes role from  FOLLOWER to CANDIDATE at term 0 for changeToCandidate
2019-10-02 10:56:17,407 [Thread-384] INFO  impl.RoleInfo (RoleInfo.java:updateAndGet(143)) - 7df38282-3a3d-4206-964a-9b3301cd1d1f: start LeaderElection
2019-10-02 10:56:17,414 [Thread-387] INFO  impl.FollowerState (FollowerState.java:run(108)) - d3dffc06-1d6a-4f7a-8294-c2dc8ce35b40@group-C476C2B24A7C-FollowerState: change to CANDIDATE, lastRpcTime:1099ms, electionTimeout:1099ms
2019-10-02 10:56:17,415 [Thread-387] INFO  impl.RoleInfo (RoleInfo.java:shutdownFollowerState(121)) - d3dffc06-1d6a-4f7a-8294-c2dc8ce35b40: shutdown FollowerState
2019-10-02 10:56:17,415 [Thread-387] INFO  impl.RaftServerImpl (RaftServerImpl.java:setRole(170)) - d3dffc06-1d6a-4f7a-8294-c2dc8ce35b40@group-C476C2B24A7C: changes role from  FOLLOWER to CANDIDATE at term 0 for changeToCandidate
2019-10-02 10:56:17,415 [Thread-387] INFO  impl.RoleInfo (RoleInfo.java:updateAndGet(143)) - d3dffc06-1d6a-4f7a-8294-c2dc8ce35b40: start LeaderElection
2019-10-02 10:56:17,442 [Thread-380] INFO  impl.FollowerState (FollowerState.java:run(108)) - 7df38282-3a3d-4206-964a-9b3301cd1d1f@group-6B83A71B3C43-FollowerState: change to CANDIDATE, lastRpcTime:1134ms, electionTimeout:1134ms
2019-10-02 10:56:17,442 [Thread-380] INFO  impl.RoleInfo (RoleInfo.java:shutdownFollowerState(121)) - 7df38282-3a3d-4206-964a-9b3301cd1d1f: shutdown FollowerState
2019-10-02 10:56:17,442 [Thread-380] INFO  impl.RaftServerImpl (RaftServerImpl.java:setRole(170)) - 7df38282-3a3d-4206-964a-9b3301cd1d1f@group-6B83A71B3C43: changes role from  FOLLOWER to CANDIDATE at term 0 for changeToCandidate
2019-10-02 10:56:17,443 [Thread-380] INFO  impl.RoleInfo (RoleInfo.java:updateAndGet(143)) - 7df38282-3a3d-4206-964a-9b3301cd1d1f: start LeaderElection
2019-10-02 10:56:17,448 [Thread-382] INFO  impl.FollowerState (FollowerState.java:run(108)) - b25f22f8-54cc-4ffd-bfcd-179cc8cbd7fc@group-6B83A71B3C43-FollowerState: change to CANDIDATE, lastRpcTime:1139ms, electionTimeout:1138ms
2019-10-02 10:56:17,448 [Thread-382] INFO  impl.RoleInfo (RoleInfo.java:shutdownFollowerState(121)) - b25f22f8-54cc-4ffd-bfcd-179cc8cbd7fc: shutdown FollowerState
2019-10-02 10:56:17,449 [Thread-382] INFO  impl.RaftServerImpl (RaftServerImpl.java:setRole(170)) - b25f22f8-54cc-4ffd-bfcd-179cc8cbd7fc@group-6B83A71B3C43: changes role from  FOLLOWER to CANDIDATE at term 0 for changeToCandidate
2019-10-02 10:56:17,449 [Thread-382] INFO  impl.RoleInfo (RoleInfo.java:updateAndGet(143)) - b25f22f8-54cc-4ffd-bfcd-179cc8cbd7fc: start LeaderElection
2019-10-02 10:56:17,509 [Thread-388] INFO  impl.FollowerState (FollowerState.java:run(108)) - b25f22f8-54cc-4ffd-bfcd-179cc8cbd7fc@group-C476C2B24A7C-FollowerState: change to CANDIDATE, lastRpcTime:1193ms, electionTimeout:1193ms
2019-10-02 10:56:17,509 [Thread-388] INFO  impl.RoleInfo (RoleInfo.java:shutdownFollowerState(121)) - b25f22f8-54cc-4ffd-bfcd-179cc8cbd7fc: shutdown FollowerState
2019-10-02 10:56:17,509 [Thread-388] INFO  impl.RaftServerImpl (RaftServerImpl.java:setRole(170)) - b25f22f8-54cc-4ffd-bfcd-179cc8cbd7fc@group-C476C2B24A7C: changes role from  FOLLOWER to CANDIDATE at term 0 for changeToCandidate
2019-10-02 10:56:17,509 [Thread-388] INFO  impl.RoleInfo (RoleInfo.java:updateAndGet(143)) - b25f22f8-54cc-4ffd-bfcd-179cc8cbd7fc: start LeaderElection
2019-10-02 10:56:18,195 [pool-27-thread-1] INFO  storage.RaftStorageDirectory (RaftStorageDirectory.java:tryLock(328)) - Lock on /workdir/hadoop-ozone/integration-test/target/test-dir/MiniOzoneClusterImpl-5f261223-23be-4c6b-a914-4b08f19f7d30/datanode-0/data/ratis/41f37c6d-a128-44f1-9e9c-6128f9235cfd/in_use.lock acquired by nodename 9257@pr-trunk-5xjmm-2411255686
2019-10-02 10:56:18,195 [7df38282-3a3d-4206-964a-9b3301cd1d1f@group-ABAF19C3FAB0-LeaderElection19] INFO  impl.LeaderElection (LeaderElection.java:askForVotes(178)) - 7df38282-3a3d-4206-964a-9b3301cd1d1f@group-ABAF19C3FAB0-LeaderElection19: begin an election at term 3 for -1: [d3dffc06-1d6a-4f7a-8294-c2dc8ce35b40:192.168.30.53:33785, 7df38282-3a3d-4206-964a-9b3301cd1d1f:192.168.30.53:34960, b25f22f8-54cc-4ffd-bfcd-179cc8cbd7fc:192.168.30.53:42549], old=null
2019-10-02 10:56:18,195 [b25f22f8-54cc-4ffd-bfcd-179cc8cbd7fc@group-ABAF19C3FAB0-LeaderElection17] INFO  impl.LeaderElection (LeaderElection.java:askForVotes(178)) - b25f22f8-54cc-4ffd-bfcd-179cc8cbd7fc@group-ABAF19C3FAB0-LeaderElection17: begin an election at term 3 for -1: [d3dffc06-1d6a-4f7a-8294-c2dc8ce35b40:192.168.30.53:33785, 7df38282-3a3d-4206-964a-9b3301cd1d1f:192.168.30.53:34960, b25f22f8-54cc-4ffd-bfcd-179cc8cbd7fc:192.168.30.53:42549], old=null
2019-10-02 10:56:18,195 [d3dffc06-1d6a-4f7a-8294-c2dc8ce35b40@group-ABAF19C3FAB0-LeaderElection18] INFO  impl.LeaderElection (LeaderElection.java:askForVotes(178)) - d3dffc06-1d6a-4f7a-8294-c2dc8ce35b40@group-ABAF19C3FAB0-LeaderElection18: begin an election at term 3 for -1: [d3dffc06-1d6a-4f7a-8294-c2dc8ce35b40:192.168.30.53:33785, 7df38282-3a3d-4206-964a-9b3301cd1d1f:192.168.30.53:34960, b25f22f8-54cc-4ffd-bfcd-179cc8cbd7fc:192.168.30.53:42549], old=null
2019-10-02 10:56:18,195 [pool-47-thread-1] INFO  storage.RaftStorageDirectory (RaftStorageDirectory.java:tryLock(328)) - Lock on /workdir/hadoop-ozone/integration-test/target/test-dir/MiniOzoneClusterImpl-5f261223-23be-4c6b-a914-4b08f19f7d30/datanode-2/data/ratis/41f37c6d-a128-44f1-9e9c-6128f9235cfd/in_use.lock acquired by nodename 9257@pr-trunk-5xjmm-2411255686
2019-10-02 10:56:18,195 [pool-97-thread-1] INFO  storage.RaftStorageDirectory (RaftStorageDirectory.java:tryLock(328)) - Lock on /workdir/hadoop-ozone/integration-test/target/test-dir/MiniOzoneClusterImpl-5f261223-23be-4c6b-a914-4b08f19f7d30/datanode-7/data/ratis/41f37c6d-a128-44f1-9e9c-6128f9235cfd/in_use.lock acquired by nodename 9257@pr-trunk-5xjmm-2411255686
2019-10-02 10:56:18,204 [7df38282-3a3d-4206-964a-9b3301cd1d1f@group-ABAF19C3FAB0-LeaderElection19] INFO  impl.LeaderElection (LeaderElection.java:logAndReturn(56)) - 7df38282-3a3d-4206-964a-9b3301cd1d1f@group-ABAF19C3FAB0-LeaderElection19: Election REJECTED; received 2 response(s) [7df38282-3a3d-4206-964a-9b3301cd1d1f<-d3dffc06-1d6a-4f7a-8294-c2dc8ce35b40#0:FAIL-t3, 7df38282-3a3d-4206-964a-9b3301cd1d1f<-b25f22f8-54cc-4ffd-bfcd-179cc8cbd7fc#0:FAIL-t3] and 0 exception(s); 7df38282-3a3d-4206-964a-9b3301cd1d1f@group-ABAF19C3FAB0:t3, leader=null, voted=7df38282-3a3d-4206-964a-9b3301cd1d1f, raftlog=7df38282-3a3d-4206-964a-9b3301cd1d1f@group-ABAF19C3FAB0-SegmentedRaftLog:OPENED:c-1,f-1,i0, conf=-1: [d3dffc06-1d6a-4f7a-8294-c2dc8ce35b40:192.168.30.53:33785, 7df38282-3a3d-4206-964a-9b3301cd1d1f:192.168.30.53:34960, b25f22f8-54cc-4ffd-bfcd-179cc8cbd7fc:192.168.30.53:42549], old=null
2019-10-02 10:56:18,204 [7df38282-3a3d-4206-964a-9b3301cd1d1f@group-ABAF19C3FAB0-LeaderElection19] INFO  impl.RaftServerImpl (RaftServerImpl.java:setRole(170)) - 7df38282-3a3d-4206-964a-9b3301cd1d1f@group-ABAF19C3FAB0: changes role from CANDIDATE to FOLLOWER at term 3 for DISCOVERED_A_NEW_TERM
2019-10-02 10:56:18,204 [7df38282-3a3d-4206-964a-9b3301cd1d1f@group-ABAF19C3FAB0-LeaderElection19] INFO  impl.RoleInfo (RoleInfo.java:shutdownLeaderElection(134)) - 7df38282-3a3d-4206-964a-9b3301cd1d1f: shutdown LeaderElection
2019-10-02 10:56:18,209 [b25f22f8-54cc-4ffd-bfcd-179cc8cbd7fc@group-ABAF19C3FAB0-LeaderElection17] INFO  impl.LeaderElection (LeaderElection.java:logAndReturn(56)) - b25f22f8-54cc-4ffd-bfcd-179cc8cbd7fc@group-ABAF19C3FAB0-LeaderElection17: Election REJECTED; received 2 response(s) [b25f22f8-54cc-4ffd-bfcd-179cc8cbd7fc<-d3dffc06-1d6a-4f7a-8294-c2dc8ce35b40#0:FAIL-t3, b25f22f8-54cc-4ffd-bfcd-179cc8cbd7fc<-7df38282-3a3d-4206-964a-9b3301cd1d1f#0:FAIL-t3] and 0 exception(s); b25f22f8-54cc-4ffd-bfcd-179cc8cbd7fc@group-ABAF19C3FAB0:t3, leader=null, voted=b25f22f8-54cc-4ffd-bfcd-179cc8cbd7fc, raftlog=b25f22f8-54cc-4ffd-bfcd-179cc8cbd7fc@group-ABAF19C3FAB0-SegmentedRaftLog:OPENED:c-1,f-1,i0, conf=-1: [d3dffc06-1d6a-4f7a-8294-c2dc8ce35b40:192.168.30.53:33785, 7df38282-3a3d-4206-964a-9b3301cd1d1f:192.168.30.53:34960, b25f22f8-54cc-4ffd-bfcd-179cc8cbd7fc:192.168.30.53:42549], old=null
2019-10-02 10:56:18,212 [7df38282-3a3d-4206-964a-9b3301cd1d1f@group-ABAF19C3FAB0-LeaderElection19] INFO  impl.RoleInfo (RoleInfo.java:updateAndGet(143)) - 7df38282-3a3d-4206-964a-9b3301cd1d1f: start FollowerState
2019-10-02 10:56:18,212 [b25f22f8-54cc-4ffd-bfcd-179cc8cbd7fc@group-ABAF19C3FAB0-LeaderElection17] INFO  impl.RaftServerImpl (RaftServerImpl.java:setRole(170)) - b25f22f8-54cc-4ffd-bfcd-179cc8cbd7fc@group-ABAF19C3FAB0: changes role from CANDIDATE to FOLLOWER at term 3 for DISCOVERED_A_NEW_TERM
2019-10-02 10:56:18,218 [b25f22f8-54cc-4ffd-bfcd-179cc8cbd7fc@group-ABAF19C3FAB0-LeaderElection17] INFO  impl.RoleInfo (RoleInfo.java:shutdownLeaderElection(134)) - b25f22f8-54cc-4ffd-bfcd-179cc8cbd7fc: shutdown LeaderElection
2019-10-02 10:56:18,218 [d3dffc06-1d6a-4f7a-8294-c2dc8ce35b40@group-ABAF19C3FAB0-LeaderElection18] INFO  impl.LeaderElection (LeaderElection.java:logAndReturn(56)) - d3dffc06-1d6a-4f7a-8294-c2dc8ce35b40@group-ABAF19C3FAB0-LeaderElection18: Election REJECTED; received 2 response(s) [d3dffc06-1d6a-4f7a-8294-c2dc8ce35b40<-7df38282-3a3d-4206-964a-9b3301cd1d1f#0:FAIL-t3, d3dffc06-1d6a-4f7a-8294-c2dc8ce35b40<-b25f22f8-54cc-4ffd-bfcd-179cc8cbd7fc#0:FAIL-t3] and 0 exception(s); d3dffc06-1d6a-4f7a-8294-c2dc8ce35b40@group-ABAF19C3FAB0:t3, leader=null, voted=d3dffc06-1d6a-4f7a-8294-c2dc8ce35b40, raftlog=d3dffc06-1d6a-4f7a-8294-c2dc8ce35b40@group-ABAF19C3FAB0-SegmentedRaftLog:OPENED:c-1,f-1,i0, conf=-1: [d3dffc06-1d6a-4f7a-8294-c2dc8ce35b40:192.168.30.53:33785, 7df38282-3a3d-4206-964a-9b3301cd1d1f:192.168.30.53:34960, b25f22f8-54cc-4ffd-bfcd-179cc8cbd7fc:192.168.30.53:42549], old=null
2019-10-02 10:56:18,218 [b25f22f8-54cc-4ffd-bfcd-179cc8cbd7fc@group-ABAF19C3FAB0-LeaderElection17] INFO  impl.RoleInfo (RoleInfo.java:updateAndGet(143)) - b25f22f8-54cc-4ffd-bfcd-179cc8cbd7fc: start FollowerState
2019-10-02 10:56:18,218 [d3dffc06-1d6a-4f7a-8294-c2dc8ce35b40@group-ABAF19C3FAB0-LeaderElection18] INFO  impl.RaftServerImpl (RaftServerImpl.java:setRole(170)) - d3dffc06-1d6a-4f7a-8294-c2dc8ce35b40@group-ABAF19C3FAB0: changes role from CANDIDATE to FOLLOWER at term 3 for DISCOVERED_A_NEW_TERM
2019-10-02 10:56:18,224 [d3dffc06-1d6a-4f7a-8294-c2dc8ce35b40@group-ABAF19C3FAB0-LeaderElection18] INFO  impl.RoleInfo (RoleInfo.java:shutdownLeaderElection(134)) - d3dffc06-1d6a-4f7a-8294-c2dc8ce35b40: shutdown LeaderElection
2019-10-02 10:56:18,226 [d3dffc06-1d6a-4f7a-8294-c2dc8ce35b40@group-ABAF19C3FAB0-LeaderElection18] INFO  impl.RoleInfo (RoleInfo.java:updateAndGet(143)) - d3dffc06-1d6a-4f7a-8294-c2dc8ce35b40: start FollowerState
2019-10-02 10:56:19,051 [RATISCREATEPIPELINE2] ERROR pipeline.RatisPipelineProvider (RatisPipelineProvider.java:lambda$null$5(235)) - Failed invoke Ratis rpc org.apache.hadoop.hdds.scm.pipeline.RatisPipelineProvider$$Lambda$190/1553636202@64fa11d8 for d3dffc06-1d6a-4f7a-8294-c2dc8ce35b40
org.apache.ratis.protocol.TimeoutIOException: deadline exceeded after 2999698598ns
	at org.apache.ratis.grpc.GrpcUtil.tryUnwrapException(GrpcUtil.java:82)
	at org.apache.ratis.grpc.GrpcUtil.unwrapException(GrpcUtil.java:75)
	at org.apache.ratis.grpc.client.GrpcClientProtocolClient.blockingCall(GrpcClientProtocolClient.java:184)
	at org.apache.ratis.grpc.client.GrpcClientProtocolClient.groupAdd(GrpcClientProtocolClient.java:153)
	at org.apache.ratis.grpc.client.GrpcClientRpc.sendRequest(GrpcClientRpc.java:94)
	at org.apache.ratis.client.impl.RaftClientImpl.sendRequest(RaftClientImpl.java:278)
	at org.apache.ratis.client.impl.RaftClientImpl.groupAdd(RaftClientImpl.java:205)
	at org.apache.hadoop.hdds.scm.pipeline.RatisPipelineProvider.lambda$initializePipeline$4(RatisPipelineProvider.java:196)
	at org.apache.hadoop.hdds.scm.pipeline.RatisPipelineProvider.lambda$null$5(RatisPipelineProvider.java:231)
	at java.util.stream.ForEachOps$ForEachOp$OfRef.accept(ForEachOps.java:184)
	at java.util.ArrayList$ArrayListSpliterator.forEachRemaining(ArrayList.java:1382)
	at java.util.stream.AbstractPipeline.copyInto(AbstractPipeline.java:482)
	at java.util.stream.ForEachOps$ForEachTask.compute(ForEachOps.java:291)
	at java.util.concurrent.CountedCompleter.exec(CountedCompleter.java:731)
	at java.util.concurrent.ForkJoinTask.doExec(ForkJoinTask.java:289)
	at java.util.concurrent.ForkJoinPool$WorkQueue.runTask(ForkJoinPool.java:1056)
	at java.util.concurrent.ForkJoinPool.runWorker(ForkJoinPool.java:1692)
	at java.util.concurrent.ForkJoinWorkerThread.run(ForkJoinWorkerThread.java:157)
Caused by: org.apache.ratis.thirdparty.io.grpc.StatusRuntimeException: DEADLINE_EXCEEDED: deadline exceeded after 2999698598ns
	at org.apache.ratis.thirdparty.io.grpc.stub.ClientCalls.toStatusRuntimeException(ClientCalls.java:233)
	at org.apache.ratis.thirdparty.io.grpc.stub.ClientCalls.getUnchecked(ClientCalls.java:214)
	at org.apache.ratis.thirdparty.io.grpc.stub.ClientCalls.blockingUnaryCall(ClientCalls.java:139)
	at org.apache.ratis.proto.grpc.AdminProtocolServiceGrpc$AdminProtocolServiceBlockingStub.groupManagement(AdminProtocolServiceGrpc.java:274)
	at org.apache.ratis.grpc.client.GrpcClientProtocolClient.lambda$groupAdd$3(GrpcClientProtocolClient.java:155)
	at org.apache.ratis.grpc.client.GrpcClientProtocolClient.blockingCall(GrpcClientProtocolClient.java:182)
	... 15 more
2019-10-02 10:56:19,051 [RATISCREATEPIPELINE1] ERROR pipeline.RatisPipelineProvider (RatisPipelineProvider.java:lambda$null$5(235)) - Failed invoke Ratis rpc org.apache.hadoop.hdds.scm.pipeline.RatisPipelineProvider$$Lambda$190/1553636202@64fa11d8 for 7df38282-3a3d-4206-964a-9b3301cd1d1f
org.apache.ratis.protocol.TimeoutIOException: deadline exceeded after 2997540421ns
	at org.apache.ratis.grpc.GrpcUtil.tryUnwrapException(GrpcUtil.java:82)
	at org.apache.ratis.grpc.GrpcUtil.unwrapException(GrpcUtil.java:75)
	at org.apache.ratis.grpc.client.GrpcClientProtocolClient.blockingCall(GrpcClientProtocolClient.java:184)
	at org.apache.ratis.grpc.client.GrpcClientProtocolClient.groupAdd(GrpcClientProtocolClient.java:153)
	at org.apache.ratis.grpc.client.GrpcClientRpc.sendRequest(GrpcClientRpc.java:94)
	at org.apache.ratis.client.impl.RaftClientImpl.sendRequest(RaftClientImpl.java:278)
	at org.apache.ratis.client.impl.RaftClientImpl.groupAdd(RaftClientImpl.java:205)
	at org.apache.hadoop.hdds.scm.pipeline.RatisPipelineProvider.lambda$initializePipeline$4(RatisPipelineProvider.java:196)
	at org.apache.hadoop.hdds.scm.pipeline.RatisPipelineProvider.lambda$null$5(RatisPipelineProvider.java:231)
	at java.util.stream.ForEachOps$ForEachOp$OfRef.accept(ForEachOps.java:184)
	at java.util.ArrayList$ArrayListSpliterator.forEachRemaining(ArrayList.java:1382)
	at java.util.stream.AbstractPipeline.copyInto(AbstractPipeline.java:482)
	at java.util.stream.ForEachOps$ForEachTask.compute(ForEachOps.java:291)
	at java.util.concurrent.CountedCompleter.exec(CountedCompleter.java:731)
	at java.util.concurrent.ForkJoinTask.doExec(ForkJoinTask.java:289)
	at java.util.concurrent.ForkJoinTask.doInvoke(ForkJoinTask.java:401)
	at java.util.concurrent.ForkJoinTask.invoke(ForkJoinTask.java:734)
	at java.util.stream.ForEachOps$ForEachOp.evaluateParallel(ForEachOps.java:160)
	at java.util.stream.ForEachOps$ForEachOp$OfRef.evaluateParallel(ForEachOps.java:174)
	at java.util.stream.AbstractPipeline.evaluate(AbstractPipeline.java:233)
	at java.util.stream.ReferencePipeline.forEach(ReferencePipeline.java:418)
	at java.util.stream.ReferencePipeline$Head.forEach(ReferencePipeline.java:583)
	at org.apache.hadoop.hdds.scm.pipeline.RatisPipelineProvider.lambda$callRatisRpc$6(RatisPipelineProvider.java:225)
	at java.util.concurrent.ForkJoinTask$AdaptedRunnableAction.exec(ForkJoinTask.java:1386)
	at java.util.concurrent.ForkJoinTask.doExec(ForkJoinTask.java:289)
	at java.util.concurrent.ForkJoinPool$WorkQueue.runTask(ForkJoinPool.java:1056)
	at java.util.concurrent.ForkJoinPool.runWorker(ForkJoinPool.java:1692)
	at java.util.concurrent.ForkJoinWorkerThread.run(ForkJoinWorkerThread.java:157)
Caused by: org.apache.ratis.thirdparty.io.grpc.StatusRuntimeException: DEADLINE_EXCEEDED: deadline exceeded after 2997540421ns
	at org.apache.ratis.thirdparty.io.grpc.stub.ClientCalls.toStatusRuntimeException(ClientCalls.java:233)
	at org.apache.ratis.thirdparty.io.grpc.stub.ClientCalls.getUnchecked(ClientCalls.java:214)
	at org.apache.ratis.thirdparty.io.grpc.stub.ClientCalls.blockingUnaryCall(ClientCalls.java:139)
	at org.apache.ratis.proto.grpc.AdminProtocolServiceGrpc$AdminProtocolServiceBlockingStub.groupManagement(AdminProtocolServiceGrpc.java:274)
	at org.apache.ratis.grpc.client.GrpcClientProtocolClient.lambda$groupAdd$3(GrpcClientProtocolClient.java:155)
	at org.apache.ratis.grpc.client.GrpcClientProtocolClient.blockingCall(GrpcClientProtocolClient.java:182)
	... 25 more
2019-10-02 10:56:19,051 [RATISCREATEPIPELINE3] ERROR pipeline.RatisPipelineProvider (RatisPipelineProvider.java:lambda$null$5(235)) - Failed invoke Ratis rpc org.apache.hadoop.hdds.scm.pipeline.RatisPipelineProvider$$Lambda$190/1553636202@64fa11d8 for b25f22f8-54cc-4ffd-bfcd-179cc8cbd7fc
org.apache.ratis.protocol.TimeoutIOException: deadline exceeded after 2999705659ns
	at org.apache.ratis.grpc.GrpcUtil.tryUnwrapException(GrpcUtil.java:82)
	at org.apache.ratis.grpc.GrpcUtil.unwrapException(GrpcUtil.java:75)
	at org.apache.ratis.grpc.client.GrpcClientProtocolClient.blockingCall(GrpcClientProtocolClient.java:184)
	at org.apache.ratis.grpc.client.GrpcClientProtocolClient.groupAdd(GrpcClientProtocolClient.java:153)
	at org.apache.ratis.grpc.client.GrpcClientRpc.sendRequest(GrpcClientRpc.java:94)
	at org.apache.ratis.client.impl.RaftClientImpl.sendRequest(RaftClientImpl.java:278)
	at org.apache.ratis.client.impl.RaftClientImpl.groupAdd(RaftClientImpl.java:205)
	at org.apache.hadoop.hdds.scm.pipeline.RatisPipelineProvider.lambda$initializePipeline$4(RatisPipelineProvider.java:196)
	at org.apache.hadoop.hdds.scm.pipeline.RatisPipelineProvider.lambda$null$5(RatisPipelineProvider.java:231)
	at java.util.stream.ForEachOps$ForEachOp$OfRef.accept(ForEachOps.java:184)
	at java.util.ArrayList$ArrayListSpliterator.forEachRemaining(ArrayList.java:1382)
	at java.util.stream.AbstractPipeline.copyInto(AbstractPipeline.java:482)
	at java.util.stream.ForEachOps$ForEachTask.compute(ForEachOps.java:291)
	at java.util.concurrent.CountedCompleter.exec(CountedCompleter.java:731)
	at java.util.concurrent.ForkJoinTask.doExec(ForkJoinTask.java:289)
	at java.util.concurrent.ForkJoinPool$WorkQueue.runTask(ForkJoinPool.java:1056)
	at java.util.concurrent.ForkJoinPool.runWorker(ForkJoinPool.java:1692)
	at java.util.concurrent.ForkJoinWorkerThread.run(ForkJoinWorkerThread.java:157)
Caused by: org.apache.ratis.thirdparty.io.grpc.StatusRuntimeException: DEADLINE_EXCEEDED: deadline exceeded after 2999705659ns
	at org.apache.ratis.thirdparty.io.grpc.stub.ClientCalls.toStatusRuntimeException(ClientCalls.java:233)
	at org.apache.ratis.thirdparty.io.grpc.stub.ClientCalls.getUnchecked(ClientCalls.java:214)
	at org.apache.ratis.thirdparty.io.grpc.stub.ClientCalls.blockingUnaryCall(ClientCalls.java:139)
	at org.apache.ratis.proto.grpc.AdminProtocolServiceGrpc$AdminProtocolServiceBlockingStub.groupManagement(AdminProtocolServiceGrpc.java:274)
	at org.apache.ratis.grpc.client.GrpcClientProtocolClient.lambda$groupAdd$3(GrpcClientProtocolClient.java:155)
	at org.apache.ratis.grpc.client.GrpcClientProtocolClient.blockingCall(GrpcClientProtocolClient.java:182)
	... 15 more
2019-10-02 10:56:19,056 [IPC Server handler 0 on 35276] WARN  block.BlockManagerImpl (BlockManagerImpl.java:allocateBlock(192)) - Pipeline creation failed for type:RATIS factor:THREE. Retrying get pipelines call once.
org.apache.hadoop.io.MultipleIOException: 3 exceptions [java.io.IOException: Failed invoke Ratis rpc org.apache.hadoop.hdds.scm.pipeline.RatisPipelineProvider$$Lambda$190/1553636202@64fa11d8 for d3dffc06-1d6a-4f7a-8294-c2dc8ce35b40, java.io.IOException: Failed invoke Ratis rpc org.apache.hadoop.hdds.scm.pipeline.RatisPipelineProvider$$Lambda$190/1553636202@64fa11d8 for 7df38282-3a3d-4206-964a-9b3301cd1d1f, java.io.IOException: Failed invoke Ratis rpc org.apache.hadoop.hdds.scm.pipeline.RatisPipelineProvider$$Lambda$190/1553636202@64fa11d8 for b25f22f8-54cc-4ffd-bfcd-179cc8cbd7fc]
	at org.apache.hadoop.io.MultipleIOException.createIOException(MultipleIOException.java:53)
	at org.apache.hadoop.hdds.scm.pipeline.RatisPipelineProvider.callRatisRpc(RatisPipelineProvider.java:251)
	at org.apache.hadoop.hdds.scm.pipeline.RatisPipelineProvider.initializePipeline(RatisPipelineProvider.java:194)
	at org.apache.hadoop.hdds.scm.pipeline.RatisPipelineProvider.create(RatisPipelineProvider.java:163)
	at org.apache.hadoop.hdds.scm.pipeline.PipelineFactory.create(PipelineFactory.java:58)
	at org.apache.hadoop.hdds.scm.pipeline.SCMPipelineManager.createPipeline(SCMPipelineManager.java:155)
	at org.apache.hadoop.hdds.scm.block.BlockManagerImpl.allocateBlock(BlockManagerImpl.java:190)
	at org.apache.hadoop.hdds.scm.server.SCMBlockProtocolServer.allocateBlock(SCMBlockProtocolServer.java:182)
	at org.apache.hadoop.hdds.scm.protocol.ScmBlockLocationProtocolServerSideTranslatorPB.allocateScmBlock(ScmBlockLocationProtocolServerSideTranslatorPB.java:159)
	at org.apache.hadoop.hdds.scm.protocol.ScmBlockLocationProtocolServerSideTranslatorPB.processMessage(ScmBlockLocationProtocolServerSideTranslatorPB.java:117)
	at org.apache.hadoop.hdds.server.OzoneProtocolMessageDispatcher.processRequest(OzoneProtocolMessageDispatcher.java:72)
	at org.apache.hadoop.hdds.scm.protocol.ScmBlockLocationProtocolServerSideTranslatorPB.send(ScmBlockLocationProtocolServerSideTranslatorPB.java:98)
	at org.apache.hadoop.hdds.protocol.proto.ScmBlockLocationProtocolProtos$ScmBlockLocationProtocolService$2.callBlockingMethod(ScmBlockLocationProtocolProtos.java:13157)
	at org.apache.hadoop.ipc.ProtobufRpcEngine$Server$ProtoBufRpcInvoker.call(ProtobufRpcEngine.java:524)
	at org.apache.hadoop.ipc.RPC$Server.call(RPC.java:1025)
	at org.apache.hadoop.ipc.Server$RpcCall.run(Server.java:876)
	at org.apache.hadoop.ipc.Server$RpcCall.run(Server.java:822)
	at java.security.AccessController.doPrivileged(Native Method)
	at javax.security.auth.Subject.doAs(Subject.java:422)
	at org.apache.hadoop.security.UserGroupInformation.doAs(UserGroupInformation.java:1730)
	at org.apache.hadoop.ipc.Server$Handler.run(Server.java:2682)
2019-10-02 10:56:19,057 [IPC Server handler 0 on 35276] INFO  block.BlockManagerImpl (BlockManagerImpl.java:allocateBlock(198)) - Could not find available pipeline of type:RATIS and factor:THREE even after retrying
2019-10-02 10:56:19,057 [IPC Server handler 0 on 35276] ERROR block.BlockManagerImpl (BlockManagerImpl.java:allocateBlock(222)) - Unable to allocate a block for the size: 4194304, type: RATIS, factor: THREE
2019-10-02 10:56:19,074 [grpc-default-executor-3] INFO  impl.RaftServerProxy (RaftServerProxy.java:addNew(89)) - 7df38282-3a3d-4206-964a-9b3301cd1d1f: addNew group-1A77BEA84F5E:[d3dffc06-1d6a-4f7a-8294-c2dc8ce35b40:192.168.30.53:33785, 7df38282-3a3d-4206-964a-9b3301cd1d1f:192.168.30.53:34960, b25f22f8-54cc-4ffd-bfcd-179cc8cbd7fc:192.168.30.53:42549] returns group-1A77BEA84F5E:java.util.concurrent.CompletableFuture@6da13386[Not completed]
2019-10-02 10:56:19,074 [grpc-default-executor-5] INFO  impl.RaftServerProxy (RaftServerProxy.java:addNew(89)) - d3dffc06-1d6a-4f7a-8294-c2dc8ce35b40: addNew group-1A77BEA84F5E:[d3dffc06-1d6a-4f7a-8294-c2dc8ce35b40:192.168.30.53:33785, 7df38282-3a3d-4206-964a-9b3301cd1d1f:192.168.30.53:34960, b25f22f8-54cc-4ffd-bfcd-179cc8cbd7fc:192.168.30.53:42549] returns group-1A77BEA84F5E:java.util.concurrent.CompletableFuture@26b55bf7[Not completed]
2019-10-02 10:56:19,074 [grpc-default-executor-1] INFO  impl.RaftServerProxy (RaftServerProxy.java:addNew(89)) - b25f22f8-54cc-4ffd-bfcd-179cc8cbd7fc: addNew group-1A77BEA84F5E:[d3dffc06-1d6a-4f7a-8294-c2dc8ce35b40:192.168.30.53:33785, 7df38282-3a3d-4206-964a-9b3301cd1d1f:192.168.30.53:34960, b25f22f8-54cc-4ffd-bfcd-179cc8cbd7fc:192.168.30.53:42549] returns group-1A77BEA84F5E:java.util.concurrent.CompletableFuture@39784e07[Not completed]
2019-10-02 10:56:19,334 [Thread-408] INFO  impl.FollowerState (FollowerState.java:run(108)) - b25f22f8-54cc-4ffd-bfcd-179cc8cbd7fc@group-ABAF19C3FAB0-FollowerState: change to CANDIDATE, lastRpcTime:1116ms, electionTimeout:1108ms
2019-10-02 10:56:19,335 [Thread-408] INFO  impl.RoleInfo (RoleInfo.java:shutdownFollowerState(121)) - b25f22f8-54cc-4ffd-bfcd-179cc8cbd7fc: shutdown FollowerState
2019-10-02 10:56:19,335 [Thread-408] INFO  impl.RaftServerImpl (RaftServerImpl.java:setRole(170)) - b25f22f8-54cc-4ffd-bfcd-179cc8cbd7fc@group-ABAF19C3FAB0: changes role from  FOLLOWER to CANDIDATE at term 3 for changeToCandidate
2019-10-02 10:56:19,335 [Thread-408] INFO  impl.RoleInfo (RoleInfo.java:updateAndGet(143)) - b25f22f8-54cc-4ffd-bfcd-179cc8cbd7fc: start LeaderElection
2019-10-02 10:56:19,342 [Thread-407] INFO  impl.FollowerState (FollowerState.java:run(108)) - 7df38282-3a3d-4206-964a-9b3301cd1d1f@group-ABAF19C3FAB0-FollowerState: change to CANDIDATE, lastRpcTime:1130ms, electionTimeout:1124ms
2019-10-02 10:56:19,342 [Thread-407] INFO  impl.RoleInfo (RoleInfo.java:shutdownFollowerState(121)) - 7df38282-3a3d-4206-964a-9b3301cd1d1f: shutdown FollowerState
2019-10-02 10:56:19,342 [Thread-407] INFO  impl.RaftServerImpl (RaftServerImpl.java:setRole(170)) - 7df38282-3a3d-4206-964a-9b3301cd1d1f@group-ABAF19C3FAB0: changes role from  FOLLOWER to CANDIDATE at term 3 for changeToCandidate
2019-10-02 10:56:19,342 [Thread-407] INFO  impl.RoleInfo (RoleInfo.java:updateAndGet(143)) - 7df38282-3a3d-4206-964a-9b3301cd1d1f: start LeaderElection
2019-10-02 10:56:19,346 [Thread-409] INFO  impl.FollowerState (FollowerState.java:run(108)) - d3dffc06-1d6a-4f7a-8294-c2dc8ce35b40@group-ABAF19C3FAB0-FollowerState: change to CANDIDATE, lastRpcTime:1119ms, electionTimeout:1116ms
2019-10-02 10:56:19,346 [Thread-409] INFO  impl.RoleInfo (RoleInfo.java:shutdownFollowerState(121)) - d3dffc06-1d6a-4f7a-8294-c2dc8ce35b40: shutdown FollowerState
2019-10-02 10:56:19,346 [Thread-409] INFO  impl.RaftServerImpl (RaftServerImpl.java:setRole(170)) - d3dffc06-1d6a-4f7a-8294-c2dc8ce35b40@group-ABAF19C3FAB0: changes role from  FOLLOWER to CANDIDATE at term 3 for changeToCandidate
2019-10-02 10:56:19,346 [Thread-409] INFO  impl.RoleInfo (RoleInfo.java:updateAndGet(143)) - d3dffc06-1d6a-4f7a-8294-c2dc8ce35b40: start LeaderElection
2019-10-02 10:56:20,347 [7df38282-3a3d-4206-964a-9b3301cd1d1f@group-C476C2B24A7C-LeaderElection21] INFO  impl.LeaderElection (LeaderElection.java:askForVotes(178)) - 7df38282-3a3d-4206-964a-9b3301cd1d1f@group-C476C2B24A7C-LeaderElection21: begin an election at term 1 for -1: [d3dffc06-1d6a-4f7a-8294-c2dc8ce35b40:192.168.30.53:33785, 7df38282-3a3d-4206-964a-9b3301cd1d1f:192.168.30.53:34960, b25f22f8-54cc-4ffd-bfcd-179cc8cbd7fc:192.168.30.53:42549], old=null
2019-10-02 10:56:20,347 [d3dffc06-1d6a-4f7a-8294-c2dc8ce35b40@group-C476C2B24A7C-LeaderElection22] INFO  impl.LeaderElection (LeaderElection.java:askForVotes(178)) - d3dffc06-1d6a-4f7a-8294-c2dc8ce35b40@group-C476C2B24A7C-LeaderElection22: begin an election at term 1 for -1: [d3dffc06-1d6a-4f7a-8294-c2dc8ce35b40:192.168.30.53:33785, 7df38282-3a3d-4206-964a-9b3301cd1d1f:192.168.30.53:34960, b25f22f8-54cc-4ffd-bfcd-179cc8cbd7fc:192.168.30.53:42549], old=null
2019-10-02 10:56:20,347 [b25f22f8-54cc-4ffd-bfcd-179cc8cbd7fc@group-C476C2B24A7C-LeaderElection25] INFO  impl.LeaderElection (LeaderElection.java:askForVotes(178)) - b25f22f8-54cc-4ffd-bfcd-179cc8cbd7fc@group-C476C2B24A7C-LeaderElection25: begin an election at term 1 for -1: [d3dffc06-1d6a-4f7a-8294-c2dc8ce35b40:192.168.30.53:33785, 7df38282-3a3d-4206-964a-9b3301cd1d1f:192.168.30.53:34960, b25f22f8-54cc-4ffd-bfcd-179cc8cbd7fc:192.168.30.53:42549], old=null
2019-10-02 10:56:20,347 [d3dffc06-1d6a-4f7a-8294-c2dc8ce35b40@group-6B83A71B3C43-LeaderElection20] INFO  impl.LeaderElection (LeaderElection.java:askForVotes(178)) - d3dffc06-1d6a-4f7a-8294-c2dc8ce35b40@group-6B83A71B3C43-LeaderElection20: begin an election at term 1 for -1: [d3dffc06-1d6a-4f7a-8294-c2dc8ce35b40:192.168.30.53:33785, 7df38282-3a3d-4206-964a-9b3301cd1d1f:192.168.30.53:34960, b25f22f8-54cc-4ffd-bfcd-179cc8cbd7fc:192.168.30.53:42549], old=null
2019-10-02 10:56:20,347 [b25f22f8-54cc-4ffd-bfcd-179cc8cbd7fc@group-6B83A71B3C43-LeaderElection24] INFO  impl.LeaderElection (LeaderElection.java:askForVotes(178)) - b25f22f8-54cc-4ffd-bfcd-179cc8cbd7fc@group-6B83A71B3C43-LeaderElection24: begin an election at term 1 for -1: [d3dffc06-1d6a-4f7a-8294-c2dc8ce35b40:192.168.30.53:33785, 7df38282-3a3d-4206-964a-9b3301cd1d1f:192.168.30.53:34960, b25f22f8-54cc-4ffd-bfcd-179cc8cbd7fc:192.168.30.53:42549], old=null
2019-10-02 10:56:20,347 [7df38282-3a3d-4206-964a-9b3301cd1d1f@group-6B83A71B3C43-LeaderElection23] INFO  impl.LeaderElection (LeaderElection.java:askForVotes(178)) - 7df38282-3a3d-4206-964a-9b3301cd1d1f@group-6B83A71B3C43-LeaderElection23: begin an election at term 1 for -1: [d3dffc06-1d6a-4f7a-8294-c2dc8ce35b40:192.168.30.53:33785, 7df38282-3a3d-4206-964a-9b3301cd1d1f:192.168.30.53:34960, b25f22f8-54cc-4ffd-bfcd-179cc8cbd7fc:192.168.30.53:42549], old=null
2019-10-02 10:56:20,363 [b25f22f8-54cc-4ffd-bfcd-179cc8cbd7fc@group-C476C2B24A7C-LeaderElection25] INFO  impl.LeaderElection (LeaderElection.java:logAndReturn(56)) - b25f22f8-54cc-4ffd-bfcd-179cc8cbd7fc@group-C476C2B24A7C-LeaderElection25: Election REJECTED; received 2 response(s) [b25f22f8-54cc-4ffd-bfcd-179cc8cbd7fc<-d3dffc06-1d6a-4f7a-8294-c2dc8ce35b40#0:FAIL-t1, b25f22f8-54cc-4ffd-bfcd-179cc8cbd7fc<-7df38282-3a3d-4206-964a-9b3301cd1d1f#0:FAIL-t1] and 0 exception(s); b25f22f8-54cc-4ffd-bfcd-179cc8cbd7fc@group-C476C2B24A7C:t1, leader=null, voted=b25f22f8-54cc-4ffd-bfcd-179cc8cbd7fc, raftlog=b25f22f8-54cc-4ffd-bfcd-179cc8cbd7fc@group-C476C2B24A7C-SegmentedRaftLog:OPENED:c-1,f-1,i0, conf=-1: [d3dffc06-1d6a-4f7a-8294-c2dc8ce35b40:192.168.30.53:33785, 7df38282-3a3d-4206-964a-9b3301cd1d1f:192.168.30.53:34960, b25f22f8-54cc-4ffd-bfcd-179cc8cbd7fc:192.168.30.53:42549], old=null
2019-10-02 10:56:20,363 [b25f22f8-54cc-4ffd-bfcd-179cc8cbd7fc@group-6B83A71B3C43-LeaderElection24] INFO  impl.LeaderElection (LeaderElection.java:logAndReturn(56)) - b25f22f8-54cc-4ffd-bfcd-179cc8cbd7fc@group-6B83A71B3C43-LeaderElection24: Election REJECTED; received 2 response(s) [b25f22f8-54cc-4ffd-bfcd-179cc8cbd7fc<-d3dffc06-1d6a-4f7a-8294-c2dc8ce35b40#0:FAIL-t1, b25f22f8-54cc-4ffd-bfcd-179cc8cbd7fc<-7df38282-3a3d-4206-964a-9b3301cd1d1f#0:FAIL-t1] and 0 exception(s); b25f22f8-54cc-4ffd-bfcd-179cc8cbd7fc@group-6B83A71B3C43:t1, leader=null, voted=b25f22f8-54cc-4ffd-bfcd-179cc8cbd7fc, raftlog=b25f22f8-54cc-4ffd-bfcd-179cc8cbd7fc@group-6B83A71B3C43-SegmentedRaftLog:OPENED:c-1,f-1,i0, conf=-1: [d3dffc06-1d6a-4f7a-8294-c2dc8ce35b40:192.168.30.53:33785, 7df38282-3a3d-4206-964a-9b3301cd1d1f:192.168.30.53:34960, b25f22f8-54cc-4ffd-bfcd-179cc8cbd7fc:192.168.30.53:42549], old=null
2019-10-02 10:56:20,363 [b25f22f8-54cc-4ffd-bfcd-179cc8cbd7fc@group-C476C2B24A7C-LeaderElection25] INFO  impl.RaftServerImpl (RaftServerImpl.java:setRole(170)) - b25f22f8-54cc-4ffd-bfcd-179cc8cbd7fc@group-C476C2B24A7C: changes role from CANDIDATE to FOLLOWER at term 1 for DISCOVERED_A_NEW_TERM
2019-10-02 10:56:20,373 [d3dffc06-1d6a-4f7a-8294-c2dc8ce35b40@group-C476C2B24A7C-LeaderElection22] INFO  impl.LeaderElection (LeaderElection.java:logAndReturn(56)) - d3dffc06-1d6a-4f7a-8294-c2dc8ce35b40@group-C476C2B24A7C-LeaderElection22: Election REJECTED; received 2 response(s) [d3dffc06-1d6a-4f7a-8294-c2dc8ce35b40<-7df38282-3a3d-4206-964a-9b3301cd1d1f#0:FAIL-t1, d3dffc06-1d6a-4f7a-8294-c2dc8ce35b40<-b25f22f8-54cc-4ffd-bfcd-179cc8cbd7fc#0:FAIL-t1] and 0 exception(s); d3dffc06-1d6a-4f7a-8294-c2dc8ce35b40@group-C476C2B24A7C:t1, leader=null, voted=d3dffc06-1d6a-4f7a-8294-c2dc8ce35b40, raftlog=d3dffc06-1d6a-4f7a-8294-c2dc8ce35b40@group-C476C2B24A7C-SegmentedRaftLog:OPENED:c-1,f-1,i0, conf=-1: [d3dffc06-1d6a-4f7a-8294-c2dc8ce35b40:192.168.30.53:33785, 7df38282-3a3d-4206-964a-9b3301cd1d1f:192.168.30.53:34960, b25f22f8-54cc-4ffd-bfcd-179cc8cbd7fc:192.168.30.53:42549], old=null
2019-10-02 10:56:20,370 [b25f22f8-54cc-4ffd-bfcd-179cc8cbd7fc@group-6B83A71B3C43-LeaderElection24] INFO  impl.RaftServerImpl (RaftServerImpl.java:setRole(170)) - b25f22f8-54cc-4ffd-bfcd-179cc8cbd7fc@group-6B83A71B3C43: changes role from CANDIDATE to FOLLOWER at term 1 for DISCOVERED_A_NEW_TERM
2019-10-02 10:56:20,375 [d3dffc06-1d6a-4f7a-8294-c2dc8ce35b40@group-C476C2B24A7C-LeaderElection22] INFO  impl.RaftServerImpl (RaftServerImpl.java:setRole(170)) - d3dffc06-1d6a-4f7a-8294-c2dc8ce35b40@group-C476C2B24A7C: changes role from CANDIDATE to FOLLOWER at term 1 for DISCOVERED_A_NEW_TERM
2019-10-02 10:56:20,380 [d3dffc06-1d6a-4f7a-8294-c2dc8ce35b40@group-C476C2B24A7C-LeaderElection22] INFO  impl.RoleInfo (RoleInfo.java:shutdownLeaderElection(134)) - d3dffc06-1d6a-4f7a-8294-c2dc8ce35b40: shutdown LeaderElection
2019-10-02 10:56:20,373 [b25f22f8-54cc-4ffd-bfcd-179cc8cbd7fc@group-C476C2B24A7C-LeaderElection25] INFO  impl.RoleInfo (RoleInfo.java:shutdownLeaderElection(134)) - b25f22f8-54cc-4ffd-bfcd-179cc8cbd7fc: shutdown LeaderElection
2019-10-02 10:56:20,381 [d3dffc06-1d6a-4f7a-8294-c2dc8ce35b40@group-C476C2B24A7C-LeaderElection22] INFO  impl.RoleInfo (RoleInfo.java:updateAndGet(143)) - d3dffc06-1d6a-4f7a-8294-c2dc8ce35b40: start FollowerState
2019-10-02 10:56:20,380 [b25f22f8-54cc-4ffd-bfcd-179cc8cbd7fc@group-6B83A71B3C43-LeaderElection24] INFO  impl.RoleInfo (RoleInfo.java:shutdownLeaderElection(134)) - b25f22f8-54cc-4ffd-bfcd-179cc8cbd7fc: shutdown LeaderElection
2019-10-02 10:56:20,378 [d3dffc06-1d6a-4f7a-8294-c2dc8ce35b40@group-6B83A71B3C43-LeaderElection20] INFO  impl.LeaderElection (LeaderElection.java:logAndReturn(56)) - d3dffc06-1d6a-4f7a-8294-c2dc8ce35b40@group-6B83A71B3C43-LeaderElection20: Election REJECTED; received 2 response(s) [d3dffc06-1d6a-4f7a-8294-c2dc8ce35b40<-7df38282-3a3d-4206-964a-9b3301cd1d1f#0:FAIL-t1, d3dffc06-1d6a-4f7a-8294-c2dc8ce35b40<-b25f22f8-54cc-4ffd-bfcd-179cc8cbd7fc#0:FAIL-t1] and 0 exception(s); d3dffc06-1d6a-4f7a-8294-c2dc8ce35b40@group-6B83A71B3C43:t1, leader=null, voted=d3dffc06-1d6a-4f7a-8294-c2dc8ce35b40, raftlog=d3dffc06-1d6a-4f7a-8294-c2dc8ce35b40@group-6B83A71B3C43-SegmentedRaftLog:OPENED:c-1,f-1,i0, conf=-1: [d3dffc06-1d6a-4f7a-8294-c2dc8ce35b40:192.168.30.53:33785, 7df38282-3a3d-4206-964a-9b3301cd1d1f:192.168.30.53:34960, b25f22f8-54cc-4ffd-bfcd-179cc8cbd7fc:192.168.30.53:42549], old=null
2019-10-02 10:56:20,384 [b25f22f8-54cc-4ffd-bfcd-179cc8cbd7fc@group-6B83A71B3C43-LeaderElection24] INFO  impl.RoleInfo (RoleInfo.java:updateAndGet(143)) - b25f22f8-54cc-4ffd-bfcd-179cc8cbd7fc: start FollowerState
2019-10-02 10:56:20,381 [b25f22f8-54cc-4ffd-bfcd-179cc8cbd7fc@group-C476C2B24A7C-LeaderElection25] INFO  impl.RoleInfo (RoleInfo.java:updateAndGet(143)) - b25f22f8-54cc-4ffd-bfcd-179cc8cbd7fc: start FollowerState
2019-10-02 10:56:20,384 [d3dffc06-1d6a-4f7a-8294-c2dc8ce35b40@group-6B83A71B3C43-LeaderElection20] INFO  impl.RaftServerImpl (RaftServerImpl.java:setRole(170)) - d3dffc06-1d6a-4f7a-8294-c2dc8ce35b40@group-6B83A71B3C43: changes role from CANDIDATE to FOLLOWER at term 1 for DISCOVERED_A_NEW_TERM
2019-10-02 10:56:20,405 [d3dffc06-1d6a-4f7a-8294-c2dc8ce35b40@group-6B83A71B3C43-LeaderElection20] INFO  impl.RoleInfo (RoleInfo.java:shutdownLeaderElection(134)) - d3dffc06-1d6a-4f7a-8294-c2dc8ce35b40: shutdown LeaderElection
2019-10-02 10:56:20,405 [7df38282-3a3d-4206-964a-9b3301cd1d1f@group-C476C2B24A7C-LeaderElection21] INFO  impl.LeaderElection (LeaderElection.java:logAndReturn(56)) - 7df38282-3a3d-4206-964a-9b3301cd1d1f@group-C476C2B24A7C-LeaderElection21: Election REJECTED; received 2 response(s) [7df38282-3a3d-4206-964a-9b3301cd1d1f<-d3dffc06-1d6a-4f7a-8294-c2dc8ce35b40#0:FAIL-t1, 7df38282-3a3d-4206-964a-9b3301cd1d1f<-b25f22f8-54cc-4ffd-bfcd-179cc8cbd7fc#0:FAIL-t1] and 0 exception(s); 7df38282-3a3d-4206-964a-9b3301cd1d1f@group-C476C2B24A7C:t1, leader=null, voted=7df38282-3a3d-4206-964a-9b3301cd1d1f, raftlog=7df38282-3a3d-4206-964a-9b3301cd1d1f@group-C476C2B24A7C-SegmentedRaftLog:OPENED:c-1,f-1,i0, conf=-1: [d3dffc06-1d6a-4f7a-8294-c2dc8ce35b40:192.168.30.53:33785, 7df38282-3a3d-4206-964a-9b3301cd1d1f:192.168.30.53:34960, b25f22f8-54cc-4ffd-bfcd-179cc8cbd7fc:192.168.30.53:42549], old=null
2019-10-02 10:56:20,405 [d3dffc06-1d6a-4f7a-8294-c2dc8ce35b40@group-6B83A71B3C43-LeaderElection20] INFO  impl.RoleInfo (RoleInfo.java:updateAndGet(143)) - d3dffc06-1d6a-4f7a-8294-c2dc8ce35b40: start FollowerState
2019-10-02 10:56:20,405 [7df38282-3a3d-4206-964a-9b3301cd1d1f@group-C476C2B24A7C-LeaderElection21] INFO  impl.RaftServerImpl (RaftServerImpl.java:setRole(170)) - 7df38282-3a3d-4206-964a-9b3301cd1d1f@group-C476C2B24A7C: changes role from CANDIDATE to FOLLOWER at term 1 for DISCOVERED_A_NEW_TERM
2019-10-02 10:56:20,408 [7df38282-3a3d-4206-964a-9b3301cd1d1f@group-6B83A71B3C43-LeaderElection23] INFO  impl.LeaderElection (LeaderElection.java:logAndReturn(56)) - 7df38282-3a3d-4206-964a-9b3301cd1d1f@group-6B83A71B3C43-LeaderElection23: Election REJECTED; received 2 response(s) [7df38282-3a3d-4206-964a-9b3301cd1d1f<-d3dffc06-1d6a-4f7a-8294-c2dc8ce35b40#0:FAIL-t1, 7df38282-3a3d-4206-964a-9b3301cd1d1f<-b25f22f8-54cc-4ffd-bfcd-179cc8cbd7fc#0:FAIL-t1] and 0 exception(s); 7df38282-3a3d-4206-964a-9b3301cd1d1f@group-6B83A71B3C43:t1, leader=null, voted=7df38282-3a3d-4206-964a-9b3301cd1d1f, raftlog=7df38282-3a3d-4206-964a-9b3301cd1d1f@group-6B83A71B3C43-SegmentedRaftLog:OPENED:c-1,f-1,i0, conf=-1: [d3dffc06-1d6a-4f7a-8294-c2dc8ce35b40:192.168.30.53:33785, 7df38282-3a3d-4206-964a-9b3301cd1d1f:192.168.30.53:34960, b25f22f8-54cc-4ffd-bfcd-179cc8cbd7fc:192.168.30.53:42549], old=null
2019-10-02 10:56:20,408 [7df38282-3a3d-4206-964a-9b3301cd1d1f@group-C476C2B24A7C-LeaderElection21] INFO  impl.RoleInfo (RoleInfo.java:shutdownLeaderElection(134)) - 7df38282-3a3d-4206-964a-9b3301cd1d1f: shutdown LeaderElection
2019-10-02 10:56:20,408 [7df38282-3a3d-4206-964a-9b3301cd1d1f@group-6B83A71B3C43-LeaderElection23] INFO  impl.RaftServerImpl (RaftServerImpl.java:setRole(170)) - 7df38282-3a3d-4206-964a-9b3301cd1d1f@group-6B83A71B3C43: changes role from CANDIDATE to FOLLOWER at term 1 for DISCOVERED_A_NEW_TERM
2019-10-02 10:56:20,410 [7df38282-3a3d-4206-964a-9b3301cd1d1f@group-C476C2B24A7C-LeaderElection21] INFO  impl.RoleInfo (RoleInfo.java:updateAndGet(143)) - 7df38282-3a3d-4206-964a-9b3301cd1d1f: start FollowerState
2019-10-02 10:56:20,410 [7df38282-3a3d-4206-964a-9b3301cd1d1f@group-6B83A71B3C43-LeaderElection23] INFO  impl.RoleInfo (RoleInfo.java:shutdownLeaderElection(134)) - 7df38282-3a3d-4206-964a-9b3301cd1d1f: shutdown LeaderElection
2019-10-02 10:56:20,410 [7df38282-3a3d-4206-964a-9b3301cd1d1f@group-6B83A71B3C43-LeaderElection23] INFO  impl.RoleInfo (RoleInfo.java:updateAndGet(143)) - 7df38282-3a3d-4206-964a-9b3301cd1d1f: start FollowerState
2019-10-02 10:56:21,438 [Thread-425] INFO  impl.FollowerState (FollowerState.java:run(108)) - d3dffc06-1d6a-4f7a-8294-c2dc8ce35b40@group-C476C2B24A7C-FollowerState: change to CANDIDATE, lastRpcTime:1057ms, electionTimeout:1054ms
2019-10-02 10:56:21,438 [Thread-425] INFO  impl.RoleInfo (RoleInfo.java:shutdownFollowerState(121)) - d3dffc06-1d6a-4f7a-8294-c2dc8ce35b40: shutdown FollowerState
2019-10-02 10:56:21,438 [Thread-425] INFO  impl.RaftServerImpl (RaftServerImpl.java:setRole(170)) - d3dffc06-1d6a-4f7a-8294-c2dc8ce35b40@group-C476C2B24A7C: changes role from  FOLLOWER to CANDIDATE at term 1 for changeToCandidate
2019-10-02 10:56:21,447 [Thread-425] INFO  impl.RoleInfo (RoleInfo.java:updateAndGet(143)) - d3dffc06-1d6a-4f7a-8294-c2dc8ce35b40: start LeaderElection
2019-10-02 10:56:21,460 [Thread-426] INFO  impl.FollowerState (FollowerState.java:run(108)) - b25f22f8-54cc-4ffd-bfcd-179cc8cbd7fc@group-C476C2B24A7C-FollowerState: change to CANDIDATE, lastRpcTime:1079ms, electionTimeout:1055ms
2019-10-02 10:56:21,460 [Thread-426] INFO  impl.RoleInfo (RoleInfo.java:shutdownFollowerState(121)) - b25f22f8-54cc-4ffd-bfcd-179cc8cbd7fc: shutdown FollowerState
2019-10-02 10:56:21,460 [Thread-426] INFO  impl.RaftServerImpl (RaftServerImpl.java:setRole(170)) - b25f22f8-54cc-4ffd-bfcd-179cc8cbd7fc@group-C476C2B24A7C: changes role from  FOLLOWER to CANDIDATE at term 1 for changeToCandidate
2019-10-02 10:56:21,461 [Thread-426] INFO  impl.RoleInfo (RoleInfo.java:updateAndGet(143)) - b25f22f8-54cc-4ffd-bfcd-179cc8cbd7fc: start LeaderElection
2019-10-02 10:56:21,541 [Thread-427] INFO  impl.FollowerState (FollowerState.java:run(108)) - b25f22f8-54cc-4ffd-bfcd-179cc8cbd7fc@group-6B83A71B3C43-FollowerState: change to CANDIDATE, lastRpcTime:1157ms, electionTimeout:1149ms
2019-10-02 10:56:21,541 [Thread-427] INFO  impl.RoleInfo (RoleInfo.java:shutdownFollowerState(121)) - b25f22f8-54cc-4ffd-bfcd-179cc8cbd7fc: shutdown FollowerState
2019-10-02 10:56:21,541 [Thread-427] INFO  impl.RaftServerImpl (RaftServerImpl.java:setRole(170)) - b25f22f8-54cc-4ffd-bfcd-179cc8cbd7fc@group-6B83A71B3C43: changes role from  FOLLOWER to CANDIDATE at term 1 for changeToCandidate
2019-10-02 10:56:21,542 [Thread-427] INFO  impl.RoleInfo (RoleInfo.java:updateAndGet(143)) - b25f22f8-54cc-4ffd-bfcd-179cc8cbd7fc: start LeaderElection
2019-10-02 10:56:21,548 [pool-47-thread-1] INFO  storage.RaftStorage (RaftStorage.java:format(84)) - Storage directory /workdir/hadoop-ozone/integration-test/target/test-dir/MiniOzoneClusterImpl-5f261223-23be-4c6b-a914-4b08f19f7d30/datanode-2/data/ratis/41f37c6d-a128-44f1-9e9c-6128f9235cfd has been successfully formatted.
2019-10-02 10:56:21,548 [pool-27-thread-1] INFO  storage.RaftStorage (RaftStorage.java:format(84)) - Storage directory /workdir/hadoop-ozone/integration-test/target/test-dir/MiniOzoneClusterImpl-5f261223-23be-4c6b-a914-4b08f19f7d30/datanode-0/data/ratis/41f37c6d-a128-44f1-9e9c-6128f9235cfd has been successfully formatted.
2019-10-02 10:56:21,548 [pool-47-thread-1] INFO  ratis.ContainerStateMachine (ContainerStateMachine.java:loadSnapshot(230)) - group-6128F9235CFD: The snapshot info is null. Setting the last applied indexto:(t:0, i:~)
2019-10-02 10:56:21,548 [d3dffc06-1d6a-4f7a-8294-c2dc8ce35b40@group-ABAF19C3FAB0-LeaderElection28] INFO  impl.LeaderElection (LeaderElection.java:askForVotes(178)) - d3dffc06-1d6a-4f7a-8294-c2dc8ce35b40@group-ABAF19C3FAB0-LeaderElection28: begin an election at term 4 for -1: [d3dffc06-1d6a-4f7a-8294-c2dc8ce35b40:192.168.30.53:33785, 7df38282-3a3d-4206-964a-9b3301cd1d1f:192.168.30.53:34960, b25f22f8-54cc-4ffd-bfcd-179cc8cbd7fc:192.168.30.53:42549], old=null
2019-10-02 10:56:21,548 [7df38282-3a3d-4206-964a-9b3301cd1d1f@group-ABAF19C3FAB0-LeaderElection27] INFO  impl.LeaderElection (LeaderElection.java:askForVotes(178)) - 7df38282-3a3d-4206-964a-9b3301cd1d1f@group-ABAF19C3FAB0-LeaderElection27: begin an election at term 4 for -1: [d3dffc06-1d6a-4f7a-8294-c2dc8ce35b40:192.168.30.53:33785, 7df38282-3a3d-4206-964a-9b3301cd1d1f:192.168.30.53:34960, b25f22f8-54cc-4ffd-bfcd-179cc8cbd7fc:192.168.30.53:42549], old=null
2019-10-02 10:56:21,548 [b25f22f8-54cc-4ffd-bfcd-179cc8cbd7fc@group-ABAF19C3FAB0-LeaderElection26] INFO  impl.LeaderElection (LeaderElection.java:askForVotes(178)) - b25f22f8-54cc-4ffd-bfcd-179cc8cbd7fc@group-ABAF19C3FAB0-LeaderElection26: begin an election at term 4 for -1: [d3dffc06-1d6a-4f7a-8294-c2dc8ce35b40:192.168.30.53:33785, 7df38282-3a3d-4206-964a-9b3301cd1d1f:192.168.30.53:34960, b25f22f8-54cc-4ffd-bfcd-179cc8cbd7fc:192.168.30.53:42549], old=null
2019-10-02 10:56:21,548 [pool-97-thread-1] INFO  storage.RaftStorage (RaftStorage.java:format(84)) - Storage directory /workdir/hadoop-ozone/integration-test/target/test-dir/MiniOzoneClusterImpl-5f261223-23be-4c6b-a914-4b08f19f7d30/datanode-7/data/ratis/41f37c6d-a128-44f1-9e9c-6128f9235cfd has been successfully formatted.
2019-10-02 10:56:21,549 [b25f22f8-54cc-4ffd-bfcd-179cc8cbd7fc@group-C476C2B24A7C-LeaderElection30] INFO  impl.LeaderElection (LeaderElection.java:askForVotes(178)) - b25f22f8-54cc-4ffd-bfcd-179cc8cbd7fc@group-C476C2B24A7C-LeaderElection30: begin an election at term 2 for -1: [d3dffc06-1d6a-4f7a-8294-c2dc8ce35b40:192.168.30.53:33785, 7df38282-3a3d-4206-964a-9b3301cd1d1f:192.168.30.53:34960, b25f22f8-54cc-4ffd-bfcd-179cc8cbd7fc:192.168.30.53:42549], old=null
2019-10-02 10:56:21,549 [d3dffc06-1d6a-4f7a-8294-c2dc8ce35b40@group-C476C2B24A7C-LeaderElection29] INFO  impl.LeaderElection (LeaderElection.java:askForVotes(178)) - d3dffc06-1d6a-4f7a-8294-c2dc8ce35b40@group-C476C2B24A7C-LeaderElection29: begin an election at term 2 for -1: [d3dffc06-1d6a-4f7a-8294-c2dc8ce35b40:192.168.30.53:33785, 7df38282-3a3d-4206-964a-9b3301cd1d1f:192.168.30.53:34960, b25f22f8-54cc-4ffd-bfcd-179cc8cbd7fc:192.168.30.53:42549], old=null
2019-10-02 10:56:21,549 [pool-27-thread-1] INFO  ratis.ContainerStateMachine (ContainerStateMachine.java:loadSnapshot(230)) - group-6128F9235CFD: The snapshot info is null. Setting the last applied indexto:(t:0, i:~)
2019-10-02 10:56:21,549 [pool-47-thread-1] INFO  server.RaftServerConfigKeys (ConfUtils.java:logGet(43)) - raft.server.notification.no-leader.timeout = 120s (custom)
2019-10-02 10:56:21,550 [pool-27-thread-1] INFO  server.RaftServerConfigKeys (ConfUtils.java:logGet(43)) - raft.server.notification.no-leader.timeout = 120s (custom)
2019-10-02 10:56:21,549 [pool-97-thread-1] INFO  ratis.ContainerStateMachine (ContainerStateMachine.java:loadSnapshot(230)) - group-6128F9235CFD: The snapshot info is null. Setting the last applied indexto:(t:0, i:~)
2019-10-02 10:56:21,550 [pool-27-thread-1] INFO  server.RaftServerConfigKeys (ConfUtils.java:logGet(43)) - raft.server.log.use.memory = false (default)
2019-10-02 10:56:21,550 [pool-47-thread-1] INFO  server.RaftServerConfigKeys (ConfUtils.java:logGet(43)) - raft.server.log.use.memory = false (default)
2019-10-02 10:56:21,550 [pool-97-thread-1] INFO  server.RaftServerConfigKeys (ConfUtils.java:logGet(43)) - raft.server.notification.no-leader.timeout = 120s (custom)
2019-10-02 10:56:21,550 [pool-27-thread-1] INFO  server.RaftServerConfigKeys (ConfUtils.java:logGet(43)) - raft.server.log.purge.gap = 1000000 (custom)
2019-10-02 10:56:21,550 [pool-47-thread-1] INFO  server.RaftServerConfigKeys (ConfUtils.java:logGet(43)) - raft.server.log.purge.gap = 1000000 (custom)
2019-10-02 10:56:21,551 [pool-27-thread-1] INFO  server.RaftServerConfigKeys (ConfUtils.java:logGet(43)) - raft.server.log.appender.buffer.byte-limit = 33554432 (custom)
2019-10-02 10:56:21,550 [pool-97-thread-1] INFO  server.RaftServerConfigKeys (ConfUtils.java:logGet(43)) - raft.server.log.use.memory = false (default)
2019-10-02 10:56:21,551 [pool-27-thread-1] INFO  server.RaftServerConfigKeys (ConfUtils.java:logGet(43)) - raft.server.log.segment.size.max = 1048576 (custom)
2019-10-02 10:56:21,551 [pool-47-thread-1] INFO  server.RaftServerConfigKeys (ConfUtils.java:logGet(43)) - raft.server.log.appender.buffer.byte-limit = 33554432 (custom)
2019-10-02 10:56:21,551 [pool-27-thread-1] INFO  server.RaftServerConfigKeys (ConfUtils.java:logGet(43)) - raft.server.log.segment.cache.num.max = 2 (custom)
2019-10-02 10:56:21,551 [pool-97-thread-1] INFO  server.RaftServerConfigKeys (ConfUtils.java:logGet(43)) - raft.server.log.purge.gap = 1000000 (custom)
2019-10-02 10:56:21,552 [pool-27-thread-1] INFO  segmented.SegmentedRaftLogWorker (SegmentedRaftLogWorker.java:<init>(173)) - new 7df38282-3a3d-4206-964a-9b3301cd1d1f@group-6128F9235CFD-SegmentedRaftLogWorker for RaftStorage:Storage Directory /workdir/hadoop-ozone/integration-test/target/test-dir/MiniOzoneClusterImpl-5f261223-23be-4c6b-a914-4b08f19f7d30/datanode-0/data/ratis/41f37c6d-a128-44f1-9e9c-6128f9235cfd
2019-10-02 10:56:21,551 [pool-47-thread-1] INFO  server.RaftServerConfigKeys (ConfUtils.java:logGet(43)) - raft.server.log.segment.size.max = 1048576 (custom)
2019-10-02 10:56:21,552 [pool-27-thread-1] INFO  server.RaftServerConfigKeys (ConfUtils.java:logGet(43)) - raft.server.log.queue.byte-limit = 2147483647 (custom)
2019-10-02 10:56:21,552 [pool-97-thread-1] INFO  server.RaftServerConfigKeys (ConfUtils.java:logGet(43)) - raft.server.log.appender.buffer.byte-limit = 33554432 (custom)
2019-10-02 10:56:21,552 [pool-27-thread-1] INFO  server.RaftServerConfigKeys (ConfUtils.java:logGet(43)) - raft.server.log.queue.element-limit = 1024 (custom)
2019-10-02 10:56:21,552 [pool-47-thread-1] INFO  server.RaftServerConfigKeys (ConfUtils.java:logGet(43)) - raft.server.log.segment.cache.num.max = 2 (custom)
2019-10-02 10:56:21,553 [pool-27-thread-1] INFO  server.RaftServerConfigKeys (ConfUtils.java:logGet(43)) - raft.server.log.segment.size.max = 1048576 (custom)
2019-10-02 10:56:21,552 [pool-97-thread-1] INFO  server.RaftServerConfigKeys (ConfUtils.java:logGet(43)) - raft.server.log.segment.size.max = 1048576 (custom)
2019-10-02 10:56:21,553 [pool-27-thread-1] INFO  server.RaftServerConfigKeys (ConfUtils.java:logGet(43)) - raft.server.log.preallocated.size = 16384 (custom)
2019-10-02 10:56:21,553 [pool-47-thread-1] INFO  segmented.SegmentedRaftLogWorker (SegmentedRaftLogWorker.java:<init>(173)) - new d3dffc06-1d6a-4f7a-8294-c2dc8ce35b40@group-6128F9235CFD-SegmentedRaftLogWorker for RaftStorage:Storage Directory /workdir/hadoop-ozone/integration-test/target/test-dir/MiniOzoneClusterImpl-5f261223-23be-4c6b-a914-4b08f19f7d30/datanode-2/data/ratis/41f37c6d-a128-44f1-9e9c-6128f9235cfd
2019-10-02 10:56:21,553 [pool-27-thread-1] INFO  server.RaftServerConfigKeys (ConfUtils.java:logGet(43)) - raft.server.log.write.buffer.size = 33554432 (custom)
2019-10-02 10:56:21,553 [pool-97-thread-1] INFO  server.RaftServerConfigKeys (ConfUtils.java:logGet(43)) - raft.server.log.segment.cache.num.max = 2 (custom)
2019-10-02 10:56:21,553 [pool-27-thread-1] INFO  server.RaftServerConfigKeys (ConfUtils.java:logGet(43)) - raft.server.log.force.sync.num = 128 (default)
2019-10-02 10:56:21,553 [pool-47-thread-1] INFO  server.RaftServerConfigKeys (ConfUtils.java:logGet(43)) - raft.server.log.queue.byte-limit = 2147483647 (custom)
2019-10-02 10:56:21,554 [pool-27-thread-1] INFO  server.RaftServerConfigKeys (ConfUtils.java:logGet(43)) - raft.server.log.statemachine.data.sync = true (default)
2019-10-02 10:56:21,554 [pool-97-thread-1] INFO  segmented.SegmentedRaftLogWorker (SegmentedRaftLogWorker.java:<init>(173)) - new b25f22f8-54cc-4ffd-bfcd-179cc8cbd7fc@group-6128F9235CFD-SegmentedRaftLogWorker for RaftStorage:Storage Directory /workdir/hadoop-ozone/integration-test/target/test-dir/MiniOzoneClusterImpl-5f261223-23be-4c6b-a914-4b08f19f7d30/datanode-7/data/ratis/41f37c6d-a128-44f1-9e9c-6128f9235cfd
2019-10-02 10:56:21,554 [pool-27-thread-1] INFO  server.RaftServerConfigKeys (ConfUtils.java:logGet(43)) - raft.server.log.statemachine.data.sync.timeout = 10s (default)
2019-10-02 10:56:21,554 [pool-47-thread-1] INFO  server.RaftServerConfigKeys (ConfUtils.java:logGet(43)) - raft.server.log.queue.element-limit = 1024 (custom)
2019-10-02 10:56:21,554 [pool-27-thread-1] INFO  server.RaftServerConfigKeys (ConfUtils.java:logGet(43)) - raft.server.log.statemachine.data.sync.timeout.retry = -1 (default)
2019-10-02 10:56:21,554 [pool-97-thread-1] INFO  server.RaftServerConfigKeys (ConfUtils.java:logGet(43)) - raft.server.log.queue.byte-limit = 2147483647 (custom)
2019-10-02 10:56:21,555 [pool-47-thread-1] INFO  server.RaftServerConfigKeys (ConfUtils.java:logGet(43)) - raft.server.log.segment.size.max = 1048576 (custom)
2019-10-02 10:56:21,555 [pool-27-thread-1] INFO  server.RaftServerConfigKeys (ConfUtils.java:logGet(43)) - raft.server.log.statemachine.data.caching.enabled = true (custom)
2019-10-02 10:56:21,555 [pool-97-thread-1] INFO  server.RaftServerConfigKeys (ConfUtils.java:logGet(43)) - raft.server.log.queue.element-limit = 1024 (custom)
2019-10-02 10:56:21,555 [pool-47-thread-1] INFO  server.RaftServerConfigKeys (ConfUtils.java:logGet(43)) - raft.server.log.preallocated.size = 16384 (custom)
2019-10-02 10:56:21,555 [pool-27-thread-1] INFO  segmented.SegmentedRaftLogWorker (SegmentedRaftLogWorker.java:lambda$new$0(128)) - 7df38282-3a3d-4206-964a-9b3301cd1d1f@group-6128F9235CFD-SegmentedRaftLogWorker: flushIndex: setUnconditionally 0 -> -1
2019-10-02 10:56:21,555 [pool-97-thread-1] INFO  server.RaftServerConfigKeys (ConfUtils.java:logGet(43)) - raft.server.log.segment.size.max = 1048576 (custom)
2019-10-02 10:56:21,555 [pool-47-thread-1] INFO  server.RaftServerConfigKeys (ConfUtils.java:logGet(43)) - raft.server.log.write.buffer.size = 33554432 (custom)
2019-10-02 10:56:21,556 [pool-27-thread-1] INFO  server.RaftServerConfigKeys (ConfUtils.java:logGet(43)) - raft.server.snapshot.auto.trigger.enabled = true (custom)
2019-10-02 10:56:21,556 [pool-97-thread-1] INFO  server.RaftServerConfigKeys (ConfUtils.java:logGet(43)) - raft.server.log.preallocated.size = 16384 (custom)
2019-10-02 10:56:21,556 [pool-27-thread-1] INFO  server.RaftServerConfigKeys (ConfUtils.java:logGet(43)) - raft.server.snapshot.auto.trigger.threshold = 10000 (custom)
2019-10-02 10:56:21,556 [pool-47-thread-1] INFO  server.RaftServerConfigKeys (ConfUtils.java:logGet(43)) - raft.server.log.force.sync.num = 128 (default)
2019-10-02 10:56:21,556 [pool-27-thread-1] INFO  server.RaftServerConfigKeys (ConfUtils.java:logGet(43)) - raft.server.snapshot.retention.file.num = 5 (custom)
2019-10-02 10:56:21,556 [pool-97-thread-1] INFO  server.RaftServerConfigKeys (ConfUtils.java:logGet(43)) - raft.server.log.write.buffer.size = 33554432 (custom)
2019-10-02 10:56:21,557 [pool-27-thread-1] INFO  server.RaftServerConfigKeys (ConfUtils.java:logGet(43)) - raft.server.retrycache.expirytime = 600000ms (custom)
2019-10-02 10:56:21,557 [pool-47-thread-1] INFO  server.RaftServerConfigKeys (ConfUtils.java:logGet(43)) - raft.server.log.statemachine.data.sync = true (default)
2019-10-02 10:56:21,557 [pool-97-thread-1] INFO  server.RaftServerConfigKeys (ConfUtils.java:logGet(43)) - raft.server.log.force.sync.num = 128 (default)
2019-10-02 10:56:21,557 [pool-47-thread-1] INFO  server.RaftServerConfigKeys (ConfUtils.java:logGet(43)) - raft.server.log.statemachine.data.sync.timeout = 10s (default)
2019-10-02 10:56:21,557 [grpc-default-executor-3] INFO  impl.RaftServerImpl (RaftServerImpl.java:setRole(170)) - 7df38282-3a3d-4206-964a-9b3301cd1d1f@group-C476C2B24A7C: changes role from  FOLLOWER to FOLLOWER at term 2 for recognizeCandidate:d3dffc06-1d6a-4f7a-8294-c2dc8ce35b40
2019-10-02 10:56:21,557 [pool-97-thread-1] INFO  server.RaftServerConfigKeys (ConfUtils.java:logGet(43)) - raft.server.log.statemachine.data.sync = true (default)
2019-10-02 10:56:21,558 [grpc-default-executor-3] INFO  impl.RoleInfo (RoleInfo.java:shutdownFollowerState(121)) - 7df38282-3a3d-4206-964a-9b3301cd1d1f: shutdown FollowerState
2019-10-02 10:56:21,558 [pool-47-thread-1] INFO  server.RaftServerConfigKeys (ConfUtils.java:logGet(43)) - raft.server.log.statemachine.data.sync.timeout.retry = -1 (default)
2019-10-02 10:56:21,558 [grpc-default-executor-3] INFO  impl.RoleInfo (RoleInfo.java:updateAndGet(143)) - 7df38282-3a3d-4206-964a-9b3301cd1d1f: start FollowerState
2019-10-02 10:56:21,558 [pool-97-thread-1] INFO  server.RaftServerConfigKeys (ConfUtils.java:logGet(43)) - raft.server.log.statemachine.data.sync.timeout = 10s (default)
2019-10-02 10:56:21,558 [pool-47-thread-1] INFO  server.RaftServerConfigKeys (ConfUtils.java:logGet(43)) - raft.server.log.statemachine.data.caching.enabled = true (custom)
2019-10-02 10:56:21,558 [Thread-429] INFO  impl.FollowerState (FollowerState.java:run(117)) - 7df38282-3a3d-4206-964a-9b3301cd1d1f@group-C476C2B24A7C-FollowerState was interrupted: java.lang.InterruptedException: sleep interrupted
2019-10-02 10:56:21,559 [pool-97-thread-1] INFO  server.RaftServerConfigKeys (ConfUtils.java:logGet(43)) - raft.server.log.statemachine.data.sync.timeout.retry = -1 (default)
2019-10-02 10:56:21,559 [d3dffc06-1d6a-4f7a-8294-c2dc8ce35b40@group-ABAF19C3FAB0-LeaderElection28] INFO  impl.LeaderElection (LeaderElection.java:logAndReturn(56)) - d3dffc06-1d6a-4f7a-8294-c2dc8ce35b40@group-ABAF19C3FAB0-LeaderElection28: Election REJECTED; received 2 response(s) [d3dffc06-1d6a-4f7a-8294-c2dc8ce35b40<-7df38282-3a3d-4206-964a-9b3301cd1d1f#0:FAIL-t4, d3dffc06-1d6a-4f7a-8294-c2dc8ce35b40<-b25f22f8-54cc-4ffd-bfcd-179cc8cbd7fc#0:FAIL-t4] and 0 exception(s); d3dffc06-1d6a-4f7a-8294-c2dc8ce35b40@group-ABAF19C3FAB0:t4, leader=null, voted=d3dffc06-1d6a-4f7a-8294-c2dc8ce35b40, raftlog=d3dffc06-1d6a-4f7a-8294-c2dc8ce35b40@group-ABAF19C3FAB0-SegmentedRaftLog:OPENED:c-1,f-1,i0, conf=-1: [d3dffc06-1d6a-4f7a-8294-c2dc8ce35b40:192.168.30.53:33785, 7df38282-3a3d-4206-964a-9b3301cd1d1f:192.168.30.53:34960, b25f22f8-54cc-4ffd-bfcd-179cc8cbd7fc:192.168.30.53:42549], old=null
2019-10-02 10:56:21,563 [pool-97-thread-1] INFO  server.RaftServerConfigKeys (ConfUtils.java:logGet(43)) - raft.server.log.statemachine.data.caching.enabled = true (custom)
2019-10-02 10:56:21,563 [pool-47-thread-1] INFO  segmented.SegmentedRaftLogWorker (SegmentedRaftLogWorker.java:lambda$new$0(128)) - d3dffc06-1d6a-4f7a-8294-c2dc8ce35b40@group-6128F9235CFD-SegmentedRaftLogWorker: flushIndex: setUnconditionally 0 -> -1
2019-10-02 10:56:21,564 [d3dffc06-1d6a-4f7a-8294-c2dc8ce35b40@group-ABAF19C3FAB0-LeaderElection28] INFO  impl.RaftServerImpl (RaftServerImpl.java:setRole(170)) - d3dffc06-1d6a-4f7a-8294-c2dc8ce35b40@group-ABAF19C3FAB0: changes role from CANDIDATE to FOLLOWER at term 4 for DISCOVERED_A_NEW_TERM
2019-10-02 10:56:21,566 [pool-47-thread-1] INFO  server.RaftServerConfigKeys (ConfUtils.java:logGet(43)) - raft.server.snapshot.auto.trigger.enabled = true (custom)
2019-10-02 10:56:21,566 [d3dffc06-1d6a-4f7a-8294-c2dc8ce35b40@group-ABAF19C3FAB0-LeaderElection28] INFO  impl.RoleInfo (RoleInfo.java:shutdownLeaderElection(134)) - d3dffc06-1d6a-4f7a-8294-c2dc8ce35b40: shutdown LeaderElection
2019-10-02 10:56:21,567 [pool-47-thread-1] INFO  server.RaftServerConfigKeys (ConfUtils.java:logGet(43)) - raft.server.snapshot.auto.trigger.threshold = 10000 (custom)
2019-10-02 10:56:21,573 [d3dffc06-1d6a-4f7a-8294-c2dc8ce35b40@group-ABAF19C3FAB0-LeaderElection28] INFO  impl.RoleInfo (RoleInfo.java:updateAndGet(143)) - d3dffc06-1d6a-4f7a-8294-c2dc8ce35b40: start FollowerState
2019-10-02 10:56:21,573 [pool-97-thread-1] INFO  segmented.SegmentedRaftLogWorker (SegmentedRaftLogWorker.java:lambda$new$0(128)) - b25f22f8-54cc-4ffd-bfcd-179cc8cbd7fc@group-6128F9235CFD-SegmentedRaftLogWorker: flushIndex: setUnconditionally 0 -> -1
2019-10-02 10:56:21,573 [b25f22f8-54cc-4ffd-bfcd-179cc8cbd7fc@group-6B83A71B3C43-LeaderElection31] INFO  impl.LeaderElection (LeaderElection.java:askForVotes(178)) - b25f22f8-54cc-4ffd-bfcd-179cc8cbd7fc@group-6B83A71B3C43-LeaderElection31: begin an election at term 2 for -1: [d3dffc06-1d6a-4f7a-8294-c2dc8ce35b40:192.168.30.53:33785, 7df38282-3a3d-4206-964a-9b3301cd1d1f:192.168.30.53:34960, b25f22f8-54cc-4ffd-bfcd-179cc8cbd7fc:192.168.30.53:42549], old=null
2019-10-02 10:56:21,573 [b25f22f8-54cc-4ffd-bfcd-179cc8cbd7fc@group-ABAF19C3FAB0-LeaderElection26] INFO  impl.LeaderElection (LeaderElection.java:logAndReturn(56)) - b25f22f8-54cc-4ffd-bfcd-179cc8cbd7fc@group-ABAF19C3FAB0-LeaderElection26: Election REJECTED; received 2 response(s) [b25f22f8-54cc-4ffd-bfcd-179cc8cbd7fc<-d3dffc06-1d6a-4f7a-8294-c2dc8ce35b40#0:FAIL-t4, b25f22f8-54cc-4ffd-bfcd-179cc8cbd7fc<-7df38282-3a3d-4206-964a-9b3301cd1d1f#0:FAIL-t4] and 0 exception(s); b25f22f8-54cc-4ffd-bfcd-179cc8cbd7fc@group-ABAF19C3FAB0:t4, leader=null, voted=b25f22f8-54cc-4ffd-bfcd-179cc8cbd7fc, raftlog=b25f22f8-54cc-4ffd-bfcd-179cc8cbd7fc@group-ABAF19C3FAB0-SegmentedRaftLog:OPENED:c-1,f-1,i0, conf=-1: [d3dffc06-1d6a-4f7a-8294-c2dc8ce35b40:192.168.30.53:33785, 7df38282-3a3d-4206-964a-9b3301cd1d1f:192.168.30.53:34960, b25f22f8-54cc-4ffd-bfcd-179cc8cbd7fc:192.168.30.53:42549], old=null
2019-10-02 10:56:21,573 [pool-47-thread-1] INFO  server.RaftServerConfigKeys (ConfUtils.java:logGet(43)) - raft.server.snapshot.retention.file.num = 5 (custom)
2019-10-02 10:56:21,574 [b25f22f8-54cc-4ffd-bfcd-179cc8cbd7fc@group-ABAF19C3FAB0-LeaderElection26] INFO  impl.RaftServerImpl (RaftServerImpl.java:setRole(170)) - b25f22f8-54cc-4ffd-bfcd-179cc8cbd7fc@group-ABAF19C3FAB0: changes role from CANDIDATE to FOLLOWER at term 4 for DISCOVERED_A_NEW_TERM
2019-10-02 10:56:21,573 [pool-97-thread-1] INFO  server.RaftServerConfigKeys (ConfUtils.java:logGet(43)) - raft.server.snapshot.auto.trigger.enabled = true (custom)
2019-10-02 10:56:21,576 [pool-47-thread-1] INFO  server.RaftServerConfigKeys (ConfUtils.java:logGet(43)) - raft.server.retrycache.expirytime = 600000ms (custom)
2019-10-02 10:56:21,576 [b25f22f8-54cc-4ffd-bfcd-179cc8cbd7fc@group-ABAF19C3FAB0-LeaderElection26] INFO  impl.RoleInfo (RoleInfo.java:shutdownLeaderElection(134)) - b25f22f8-54cc-4ffd-bfcd-179cc8cbd7fc: shutdown LeaderElection
2019-10-02 10:56:21,576 [pool-97-thread-1] INFO  server.RaftServerConfigKeys (ConfUtils.java:logGet(43)) - raft.server.snapshot.auto.trigger.threshold = 10000 (custom)
2019-10-02 10:56:21,576 [b25f22f8-54cc-4ffd-bfcd-179cc8cbd7fc@group-ABAF19C3FAB0-LeaderElection26] INFO  impl.RoleInfo (RoleInfo.java:updateAndGet(143)) - b25f22f8-54cc-4ffd-bfcd-179cc8cbd7fc: start FollowerState
2019-10-02 10:56:21,576 [pool-97-thread-1] INFO  server.RaftServerConfigKeys (ConfUtils.java:logGet(43)) - raft.server.snapshot.retention.file.num = 5 (custom)
2019-10-02 10:56:21,577 [pool-97-thread-1] INFO  server.RaftServerConfigKeys (ConfUtils.java:logGet(43)) - raft.server.retrycache.expirytime = 600000ms (custom)
2019-10-02 10:56:21,577 [7df38282-3a3d-4206-964a-9b3301cd1d1f@group-ABAF19C3FAB0-LeaderElection27] INFO  impl.LeaderElection (LeaderElection.java:logAndReturn(56)) - 7df38282-3a3d-4206-964a-9b3301cd1d1f@group-ABAF19C3FAB0-LeaderElection27: Election REJECTED; received 2 response(s) [7df38282-3a3d-4206-964a-9b3301cd1d1f<-d3dffc06-1d6a-4f7a-8294-c2dc8ce35b40#0:FAIL-t4, 7df38282-3a3d-4206-964a-9b3301cd1d1f<-b25f22f8-54cc-4ffd-bfcd-179cc8cbd7fc#0:FAIL-t4] and 0 exception(s); 7df38282-3a3d-4206-964a-9b3301cd1d1f@group-ABAF19C3FAB0:t4, leader=null, voted=7df38282-3a3d-4206-964a-9b3301cd1d1f, raftlog=7df38282-3a3d-4206-964a-9b3301cd1d1f@group-ABAF19C3FAB0-SegmentedRaftLog:OPENED:c-1,f-1,i0, conf=-1: [d3dffc06-1d6a-4f7a-8294-c2dc8ce35b40:192.168.30.53:33785, 7df38282-3a3d-4206-964a-9b3301cd1d1f:192.168.30.53:34960, b25f22f8-54cc-4ffd-bfcd-179cc8cbd7fc:192.168.30.53:42549], old=null
2019-10-02 10:56:21,577 [7df38282-3a3d-4206-964a-9b3301cd1d1f@group-ABAF19C3FAB0-LeaderElection27] INFO  impl.RaftServerImpl (RaftServerImpl.java:setRole(170)) - 7df38282-3a3d-4206-964a-9b3301cd1d1f@group-ABAF19C3FAB0: changes role from CANDIDATE to FOLLOWER at term 4 for DISCOVERED_A_NEW_TERM
2019-10-02 10:56:21,577 [7df38282-3a3d-4206-964a-9b3301cd1d1f@group-ABAF19C3FAB0-LeaderElection27] INFO  impl.RoleInfo (RoleInfo.java:shutdownLeaderElection(134)) - 7df38282-3a3d-4206-964a-9b3301cd1d1f: shutdown LeaderElection
2019-10-02 10:56:21,577 [pool-27-thread-1] INFO  impl.RaftServerImpl (RaftServerImpl.java:<init>(95)) - 7df38282-3a3d-4206-964a-9b3301cd1d1f: new RaftServerImpl for group-BE47439FB225:[d3dffc06-1d6a-4f7a-8294-c2dc8ce35b40:192.168.30.53:33785, 7df38282-3a3d-4206-964a-9b3301cd1d1f:192.168.30.53:34960, b25f22f8-54cc-4ffd-bfcd-179cc8cbd7fc:192.168.30.53:42549] with ContainerStateMachine:uninitialized
2019-10-02 10:56:21,579 [7df38282-3a3d-4206-964a-9b3301cd1d1f@group-ABAF19C3FAB0-LeaderElection27] INFO  impl.RoleInfo (RoleInfo.java:updateAndGet(143)) - 7df38282-3a3d-4206-964a-9b3301cd1d1f: start FollowerState
2019-10-02 10:56:21,579 [pool-27-thread-1] INFO  server.RaftServerConfigKeys (ConfUtils.java:logGet(43)) - raft.server.rpc.timeout.min = 1s (custom)
2019-10-02 10:56:21,579 [pool-27-thread-1] INFO  server.RaftServerConfigKeys (ConfUtils.java:logGet(43)) - raft.server.rpc.timeout.max = 1200ms (custom)
2019-10-02 10:56:21,580 [pool-27-thread-1] INFO  server.RaftServerConfigKeys (ConfUtils.java:logGet(43)) - raft.server.rpcslowness.timeout = 120s (custom)
2019-10-02 10:56:21,582 [pool-27-thread-1] INFO  server.RaftServerConfigKeys (ConfUtils.java:logGet(43)) - raft.server.sleep.deviation.threshold = 300 (default)
2019-10-02 10:56:21,582 [pool-27-thread-1] INFO  server.RaftServerConfigKeys (ConfUtils.java:logGet(43)) - raft.server.log.appender.install.snapshot.enabled = false (custom)
2019-10-02 10:56:21,582 [pool-27-thread-1] INFO  impl.RaftServerImpl (ServerState.java:<init>(103)) - 7df38282-3a3d-4206-964a-9b3301cd1d1f@group-BE47439FB225: ConfigurationManager, init=-1: [d3dffc06-1d6a-4f7a-8294-c2dc8ce35b40:192.168.30.53:33785, 7df38282-3a3d-4206-964a-9b3301cd1d1f:192.168.30.53:34960, b25f22f8-54cc-4ffd-bfcd-179cc8cbd7fc:192.168.30.53:42549], old=null, confs=<EMPTY_MAP>
2019-10-02 10:56:21,582 [grpc-default-executor-5] INFO  impl.RaftServerImpl (RaftServerImpl.java:setRole(170)) - d3dffc06-1d6a-4f7a-8294-c2dc8ce35b40@group-6B83A71B3C43: changes role from  FOLLOWER to FOLLOWER at term 2 for recognizeCandidate:b25f22f8-54cc-4ffd-bfcd-179cc8cbd7fc
2019-10-02 10:56:21,582 [pool-27-thread-1] INFO  server.RaftServerConfigKeys (ConfUtils.java:logGet(43)) - raft.server.storage.dir = [/workdir/hadoop-ozone/integration-test/target/test-dir/MiniOzoneClusterImpl-5f261223-23be-4c6b-a914-4b08f19f7d30/datanode-0/data/ratis] (custom)
2019-10-02 10:56:21,582 [grpc-default-executor-5] INFO  impl.RoleInfo (RoleInfo.java:shutdownFollowerState(121)) - d3dffc06-1d6a-4f7a-8294-c2dc8ce35b40: shutdown FollowerState
2019-10-02 10:56:21,582 [grpc-default-executor-5] INFO  impl.RoleInfo (RoleInfo.java:updateAndGet(143)) - d3dffc06-1d6a-4f7a-8294-c2dc8ce35b40: start FollowerState
2019-10-02 10:56:21,583 [Thread-428] INFO  impl.FollowerState (FollowerState.java:run(117)) - d3dffc06-1d6a-4f7a-8294-c2dc8ce35b40@group-6B83A71B3C43-FollowerState was interrupted: java.lang.InterruptedException: sleep interrupted
2019-10-02 10:56:21,583 [grpc-default-executor-0] INFO  impl.RaftServerImpl (RaftServerImpl.java:setRole(170)) - 7df38282-3a3d-4206-964a-9b3301cd1d1f@group-6B83A71B3C43: changes role from  FOLLOWER to FOLLOWER at term 2 for recognizeCandidate:b25f22f8-54cc-4ffd-bfcd-179cc8cbd7fc
2019-10-02 10:56:21,583 [pool-27-thread-1] INFO  server.RaftServerConfigKeys (ConfUtils.java:logGet(43)) - raft.server.log.corruption.policy = EXCEPTION (default)
2019-10-02 10:56:21,585 [grpc-default-executor-0] INFO  impl.RoleInfo (RoleInfo.java:shutdownFollowerState(121)) - 7df38282-3a3d-4206-964a-9b3301cd1d1f: shutdown FollowerState
2019-10-02 10:56:21,585 [pool-27-thread-1] INFO  storage.RaftStorageDirectory (RaftStorageDirectory.java:analyzeStorage(246)) - The storage directory /workdir/hadoop-ozone/integration-test/target/test-dir/MiniOzoneClusterImpl-5f261223-23be-4c6b-a914-4b08f19f7d30/datanode-0/data/ratis/3a2e52de-55c8-471c-b652-be47439fb225 does not exist. Creating ...
2019-10-02 10:56:21,585 [Thread-430] INFO  impl.FollowerState (FollowerState.java:run(117)) - 7df38282-3a3d-4206-964a-9b3301cd1d1f@group-6B83A71B3C43-FollowerState was interrupted: java.lang.InterruptedException: sleep interrupted
2019-10-02 10:56:21,585 [grpc-default-executor-0] INFO  impl.RoleInfo (RoleInfo.java:updateAndGet(143)) - 7df38282-3a3d-4206-964a-9b3301cd1d1f: start FollowerState
2019-10-02 10:56:21,589 [pool-97-thread-1] INFO  impl.RaftServerImpl (RaftServerImpl.java:<init>(95)) - b25f22f8-54cc-4ffd-bfcd-179cc8cbd7fc: new RaftServerImpl for group-BE47439FB225:[d3dffc06-1d6a-4f7a-8294-c2dc8ce35b40:192.168.30.53:33785, 7df38282-3a3d-4206-964a-9b3301cd1d1f:192.168.30.53:34960, b25f22f8-54cc-4ffd-bfcd-179cc8cbd7fc:192.168.30.53:42549] with ContainerStateMachine:uninitialized
2019-10-02 10:56:21,590 [pool-97-thread-1] INFO  server.RaftServerConfigKeys (ConfUtils.java:logGet(43)) - raft.server.rpc.timeout.min = 1s (custom)
2019-10-02 10:56:21,590 [pool-97-thread-1] INFO  server.RaftServerConfigKeys (ConfUtils.java:logGet(43)) - raft.server.rpc.timeout.max = 1200ms (custom)
2019-10-02 10:56:21,590 [pool-97-thread-1] INFO  server.RaftServerConfigKeys (ConfUtils.java:logGet(43)) - raft.server.rpcslowness.timeout = 120s (custom)
2019-10-02 10:56:21,590 [pool-47-thread-1] INFO  impl.RaftServerImpl (RaftServerImpl.java:<init>(95)) - d3dffc06-1d6a-4f7a-8294-c2dc8ce35b40: new RaftServerImpl for group-BE47439FB225:[d3dffc06-1d6a-4f7a-8294-c2dc8ce35b40:192.168.30.53:33785, 7df38282-3a3d-4206-964a-9b3301cd1d1f:192.168.30.53:34960, b25f22f8-54cc-4ffd-bfcd-179cc8cbd7fc:192.168.30.53:42549] with ContainerStateMachine:uninitialized
2019-10-02 10:56:21,590 [pool-97-thread-1] INFO  server.RaftServerConfigKeys (ConfUtils.java:logGet(43)) - raft.server.sleep.deviation.threshold = 300 (default)
2019-10-02 10:56:21,590 [pool-47-thread-1] INFO  server.RaftServerConfigKeys (ConfUtils.java:logGet(43)) - raft.server.rpc.timeout.min = 1s (custom)
2019-10-02 10:56:21,590 [pool-97-thread-1] INFO  server.RaftServerConfigKeys (ConfUtils.java:logGet(43)) - raft.server.log.appender.install.snapshot.enabled = false (custom)
2019-10-02 10:56:21,591 [pool-47-thread-1] INFO  server.RaftServerConfigKeys (ConfUtils.java:logGet(43)) - raft.server.rpc.timeout.max = 1200ms (custom)
2019-10-02 10:56:21,591 [pool-97-thread-1] INFO  impl.RaftServerImpl (ServerState.java:<init>(103)) - b25f22f8-54cc-4ffd-bfcd-179cc8cbd7fc@group-BE47439FB225: ConfigurationManager, init=-1: [d3dffc06-1d6a-4f7a-8294-c2dc8ce35b40:192.168.30.53:33785, 7df38282-3a3d-4206-964a-9b3301cd1d1f:192.168.30.53:34960, b25f22f8-54cc-4ffd-bfcd-179cc8cbd7fc:192.168.30.53:42549], old=null, confs=<EMPTY_MAP>
2019-10-02 10:56:21,591 [pool-47-thread-1] INFO  server.RaftServerConfigKeys (ConfUtils.java:logGet(43)) - raft.server.rpcslowness.timeout = 120s (custom)
2019-10-02 10:56:21,591 [pool-97-thread-1] INFO  server.RaftServerConfigKeys (ConfUtils.java:logGet(43)) - raft.server.storage.dir = [/workdir/hadoop-ozone/integration-test/target/test-dir/MiniOzoneClusterImpl-5f261223-23be-4c6b-a914-4b08f19f7d30/datanode-7/data/ratis] (custom)
2019-10-02 10:56:21,591 [pool-47-thread-1] INFO  server.RaftServerConfigKeys (ConfUtils.java:logGet(43)) - raft.server.sleep.deviation.threshold = 300 (default)
2019-10-02 10:56:21,591 [pool-47-thread-1] INFO  server.RaftServerConfigKeys (ConfUtils.java:logGet(43)) - raft.server.log.appender.install.snapshot.enabled = false (custom)
2019-10-02 10:56:21,591 [pool-47-thread-1] INFO  impl.RaftServerImpl (ServerState.java:<init>(103)) - d3dffc06-1d6a-4f7a-8294-c2dc8ce35b40@group-BE47439FB225: ConfigurationManager, init=-1: [d3dffc06-1d6a-4f7a-8294-c2dc8ce35b40:192.168.30.53:33785, 7df38282-3a3d-4206-964a-9b3301cd1d1f:192.168.30.53:34960, b25f22f8-54cc-4ffd-bfcd-179cc8cbd7fc:192.168.30.53:42549], old=null, confs=<EMPTY_MAP>
2019-10-02 10:56:21,591 [pool-97-thread-1] INFO  server.RaftServerConfigKeys (ConfUtils.java:logGet(43)) - raft.server.log.corruption.policy = EXCEPTION (default)
2019-10-02 10:56:21,592 [pool-47-thread-1] INFO  server.RaftServerConfigKeys (ConfUtils.java:logGet(43)) - raft.server.storage.dir = [/workdir/hadoop-ozone/integration-test/target/test-dir/MiniOzoneClusterImpl-5f261223-23be-4c6b-a914-4b08f19f7d30/datanode-2/data/ratis] (custom)
2019-10-02 10:56:21,592 [pool-97-thread-1] INFO  storage.RaftStorageDirectory (RaftStorageDirectory.java:analyzeStorage(246)) - The storage directory /workdir/hadoop-ozone/integration-test/target/test-dir/MiniOzoneClusterImpl-5f261223-23be-4c6b-a914-4b08f19f7d30/datanode-7/data/ratis/3a2e52de-55c8-471c-b652-be47439fb225 does not exist. Creating ...
2019-10-02 10:56:21,592 [pool-47-thread-1] INFO  server.RaftServerConfigKeys (ConfUtils.java:logGet(43)) - raft.server.log.corruption.policy = EXCEPTION (default)
2019-10-02 10:56:21,592 [pool-47-thread-1] INFO  storage.RaftStorageDirectory (RaftStorageDirectory.java:analyzeStorage(246)) - The storage directory /workdir/hadoop-ozone/integration-test/target/test-dir/MiniOzoneClusterImpl-5f261223-23be-4c6b-a914-4b08f19f7d30/datanode-2/data/ratis/3a2e52de-55c8-471c-b652-be47439fb225 does not exist. Creating ...
2019-10-02 10:56:21,592 [pool-27-thread-1] INFO  storage.RaftStorageDirectory (RaftStorageDirectory.java:tryLock(328)) - Lock on /workdir/hadoop-ozone/integration-test/target/test-dir/MiniOzoneClusterImpl-5f261223-23be-4c6b-a914-4b08f19f7d30/datanode-0/data/ratis/3a2e52de-55c8-471c-b652-be47439fb225/in_use.lock acquired by nodename 9257@pr-trunk-5xjmm-2411255686
2019-10-02 10:56:21,594 [d3dffc06-1d6a-4f7a-8294-c2dc8ce35b40@group-C476C2B24A7C-LeaderElection29] INFO  impl.LeaderElection (LeaderElection.java:logAndReturn(56)) - d3dffc06-1d6a-4f7a-8294-c2dc8ce35b40@group-C476C2B24A7C-LeaderElection29: Election PASSED; received 2 response(s) [d3dffc06-1d6a-4f7a-8294-c2dc8ce35b40<-7df38282-3a3d-4206-964a-9b3301cd1d1f#0:OK-t2, d3dffc06-1d6a-4f7a-8294-c2dc8ce35b40<-b25f22f8-54cc-4ffd-bfcd-179cc8cbd7fc#0:FAIL-t2] and 0 exception(s); d3dffc06-1d6a-4f7a-8294-c2dc8ce35b40@group-C476C2B24A7C:t2, leader=null, voted=d3dffc06-1d6a-4f7a-8294-c2dc8ce35b40, raftlog=d3dffc06-1d6a-4f7a-8294-c2dc8ce35b40@group-C476C2B24A7C-SegmentedRaftLog:OPENED:c-1,f-1,i0, conf=-1: [d3dffc06-1d6a-4f7a-8294-c2dc8ce35b40:192.168.30.53:33785, 7df38282-3a3d-4206-964a-9b3301cd1d1f:192.168.30.53:34960, b25f22f8-54cc-4ffd-bfcd-179cc8cbd7fc:192.168.30.53:42549], old=null
2019-10-02 10:56:21,594 [b25f22f8-54cc-4ffd-bfcd-179cc8cbd7fc@group-6B83A71B3C43-LeaderElection31] INFO  impl.LeaderElection (LeaderElection.java:logAndReturn(56)) - b25f22f8-54cc-4ffd-bfcd-179cc8cbd7fc@group-6B83A71B3C43-LeaderElection31: Election PASSED; received 1 response(s) [b25f22f8-54cc-4ffd-bfcd-179cc8cbd7fc<-7df38282-3a3d-4206-964a-9b3301cd1d1f#0:OK-t2] and 0 exception(s); b25f22f8-54cc-4ffd-bfcd-179cc8cbd7fc@group-6B83A71B3C43:t2, leader=null, voted=b25f22f8-54cc-4ffd-bfcd-179cc8cbd7fc, raftlog=b25f22f8-54cc-4ffd-bfcd-179cc8cbd7fc@group-6B83A71B3C43-SegmentedRaftLog:OPENED:c-1,f-1,i0, conf=-1: [d3dffc06-1d6a-4f7a-8294-c2dc8ce35b40:192.168.30.53:33785, 7df38282-3a3d-4206-964a-9b3301cd1d1f:192.168.30.53:34960, b25f22f8-54cc-4ffd-bfcd-179cc8cbd7fc:192.168.30.53:42549], old=null
2019-10-02 10:56:21,595 [b25f22f8-54cc-4ffd-bfcd-179cc8cbd7fc@group-C476C2B24A7C-LeaderElection30] INFO  impl.LeaderElection (LeaderElection.java:logAndReturn(56)) - b25f22f8-54cc-4ffd-bfcd-179cc8cbd7fc@group-C476C2B24A7C-LeaderElection30: Election REJECTED; received 2 response(s) [b25f22f8-54cc-4ffd-bfcd-179cc8cbd7fc<-d3dffc06-1d6a-4f7a-8294-c2dc8ce35b40#0:FAIL-t2, b25f22f8-54cc-4ffd-bfcd-179cc8cbd7fc<-7df38282-3a3d-4206-964a-9b3301cd1d1f#0:FAIL-t2] and 0 exception(s); b25f22f8-54cc-4ffd-bfcd-179cc8cbd7fc@group-C476C2B24A7C:t2, leader=null, voted=b25f22f8-54cc-4ffd-bfcd-179cc8cbd7fc, raftlog=b25f22f8-54cc-4ffd-bfcd-179cc8cbd7fc@group-C476C2B24A7C-SegmentedRaftLog:OPENED:c-1,f-1,i0, conf=-1: [d3dffc06-1d6a-4f7a-8294-c2dc8ce35b40:192.168.30.53:33785, 7df38282-3a3d-4206-964a-9b3301cd1d1f:192.168.30.53:34960, b25f22f8-54cc-4ffd-bfcd-179cc8cbd7fc:192.168.30.53:42549], old=null
2019-10-02 10:56:21,595 [d3dffc06-1d6a-4f7a-8294-c2dc8ce35b40@group-C476C2B24A7C-LeaderElection29] INFO  impl.RoleInfo (RoleInfo.java:shutdownLeaderElection(134)) - d3dffc06-1d6a-4f7a-8294-c2dc8ce35b40: shutdown LeaderElection
2019-10-02 10:56:21,597 [b25f22f8-54cc-4ffd-bfcd-179cc8cbd7fc@group-6B83A71B3C43-LeaderElection31] INFO  impl.RoleInfo (RoleInfo.java:shutdownLeaderElection(134)) - b25f22f8-54cc-4ffd-bfcd-179cc8cbd7fc: shutdown LeaderElection
2019-10-02 10:56:21,608 [b25f22f8-54cc-4ffd-bfcd-179cc8cbd7fc@group-C476C2B24A7C-LeaderElection30] INFO  impl.RaftServerImpl (RaftServerImpl.java:setRole(170)) - b25f22f8-54cc-4ffd-bfcd-179cc8cbd7fc@group-C476C2B24A7C: changes role from CANDIDATE to FOLLOWER at term 2 for DISCOVERED_A_NEW_TERM
2019-10-02 10:56:21,608 [d3dffc06-1d6a-4f7a-8294-c2dc8ce35b40@group-C476C2B24A7C-LeaderElection29] INFO  impl.RaftServerImpl (RaftServerImpl.java:setRole(170)) - d3dffc06-1d6a-4f7a-8294-c2dc8ce35b40@group-C476C2B24A7C: changes role from CANDIDATE to LEADER at term 2 for changeToLeader
2019-10-02 10:56:21,611 [b25f22f8-54cc-4ffd-bfcd-179cc8cbd7fc@group-C476C2B24A7C-LeaderElection30] INFO  impl.RoleInfo (RoleInfo.java:shutdownLeaderElection(134)) - b25f22f8-54cc-4ffd-bfcd-179cc8cbd7fc: shutdown LeaderElection
2019-10-02 10:56:21,611 [b25f22f8-54cc-4ffd-bfcd-179cc8cbd7fc@group-6B83A71B3C43-LeaderElection31] INFO  impl.RaftServerImpl (RaftServerImpl.java:setRole(170)) - b25f22f8-54cc-4ffd-bfcd-179cc8cbd7fc@group-6B83A71B3C43: changes role from CANDIDATE to LEADER at term 2 for changeToLeader
2019-10-02 10:56:21,611 [b25f22f8-54cc-4ffd-bfcd-179cc8cbd7fc@group-C476C2B24A7C-LeaderElection30] INFO  impl.RoleInfo (RoleInfo.java:updateAndGet(143)) - b25f22f8-54cc-4ffd-bfcd-179cc8cbd7fc: start FollowerState
2019-10-02 10:56:21,611 [d3dffc06-1d6a-4f7a-8294-c2dc8ce35b40@group-C476C2B24A7C-LeaderElection29] INFO  impl.RaftServerImpl (ServerState.java:setLeader(255)) - d3dffc06-1d6a-4f7a-8294-c2dc8ce35b40@group-C476C2B24A7C: change Leader from null to d3dffc06-1d6a-4f7a-8294-c2dc8ce35b40 at term 2 for becomeLeader, leader elected after 9633ms
2019-10-02 10:56:21,611 [b25f22f8-54cc-4ffd-bfcd-179cc8cbd7fc@group-6B83A71B3C43-LeaderElection31] INFO  impl.RaftServerImpl (ServerState.java:setLeader(255)) - b25f22f8-54cc-4ffd-bfcd-179cc8cbd7fc@group-6B83A71B3C43: change Leader from null to b25f22f8-54cc-4ffd-bfcd-179cc8cbd7fc at term 2 for becomeLeader, leader elected after 11588ms
2019-10-02 10:56:21,611 [d3dffc06-1d6a-4f7a-8294-c2dc8ce35b40@group-C476C2B24A7C-LeaderElection29] INFO  server.RaftServerConfigKeys (ConfUtils.java:logGet(43)) - raft.server.staging.catchup.gap = 1000 (default)
2019-10-02 10:56:21,611 [b25f22f8-54cc-4ffd-bfcd-179cc8cbd7fc@group-6B83A71B3C43-LeaderElection31] INFO  server.RaftServerConfigKeys (ConfUtils.java:logGet(43)) - raft.server.staging.catchup.gap = 1000 (default)
2019-10-02 10:56:21,611 [d3dffc06-1d6a-4f7a-8294-c2dc8ce35b40@group-C476C2B24A7C-LeaderElection29] INFO  server.RaftServerConfigKeys (ConfUtils.java:logGet(43)) - raft.server.rpc.sleep.time = 25ms (default)
2019-10-02 10:56:21,611 [b25f22f8-54cc-4ffd-bfcd-179cc8cbd7fc@group-6B83A71B3C43-LeaderElection31] INFO  server.RaftServerConfigKeys (ConfUtils.java:logGet(43)) - raft.server.rpc.sleep.time = 25ms (default)
2019-10-02 10:56:21,612 [d3dffc06-1d6a-4f7a-8294-c2dc8ce35b40@group-C476C2B24A7C-LeaderElection29] INFO  server.RaftServerConfigKeys (ConfUtils.java:logGet(43)) - raft.server.write.element-limit = 4096 (default)
2019-10-02 10:56:21,612 [b25f22f8-54cc-4ffd-bfcd-179cc8cbd7fc@group-6B83A71B3C43-LeaderElection31] INFO  server.RaftServerConfigKeys (ConfUtils.java:logGet(43)) - raft.server.write.element-limit = 4096 (default)
2019-10-02 10:56:21,612 [d3dffc06-1d6a-4f7a-8294-c2dc8ce35b40@group-C476C2B24A7C-LeaderElection29] INFO  server.RaftServerConfigKeys (ConfUtils.java:logGet(43)) - raft.server.watch.timeout = 10s (default)
2019-10-02 10:56:21,612 [b25f22f8-54cc-4ffd-bfcd-179cc8cbd7fc@group-6B83A71B3C43-LeaderElection31] INFO  server.RaftServerConfigKeys (ConfUtils.java:logGet(43)) - raft.server.watch.timeout = 10s (default)
2019-10-02 10:56:21,612 [d3dffc06-1d6a-4f7a-8294-c2dc8ce35b40@group-C476C2B24A7C-LeaderElection29] INFO  server.RaftServerConfigKeys (ConfUtils.java:logGet(43)) - raft.server.watch.timeout.denomination = 1s (default)
2019-10-02 10:56:21,612 [b25f22f8-54cc-4ffd-bfcd-179cc8cbd7fc@group-6B83A71B3C43-LeaderElection31] INFO  server.RaftServerConfigKeys (ConfUtils.java:logGet(43)) - raft.server.watch.timeout.denomination = 1s (default)
2019-10-02 10:56:21,612 [d3dffc06-1d6a-4f7a-8294-c2dc8ce35b40@group-C476C2B24A7C-LeaderElection29] INFO  server.RaftServerConfigKeys (ConfUtils.java:logGet(43)) - raft.server.watch.element-limit = 65536 (default)
2019-10-02 10:56:21,612 [b25f22f8-54cc-4ffd-bfcd-179cc8cbd7fc@group-6B83A71B3C43-LeaderElection31] INFO  server.RaftServerConfigKeys (ConfUtils.java:logGet(43)) - raft.server.watch.element-limit = 65536 (default)
2019-10-02 10:56:21,618 [d3dffc06-1d6a-4f7a-8294-c2dc8ce35b40@group-C476C2B24A7C-LeaderElection29] INFO  server.RaftServerConfigKeys (ConfUtils.java:logGet(43)) - raft.server.log.appender.snapshot.chunk.size.max = 16MB (=16777216) (default)
2019-10-02 10:56:21,618 [b25f22f8-54cc-4ffd-bfcd-179cc8cbd7fc@group-6B83A71B3C43-LeaderElection31] INFO  server.RaftServerConfigKeys (ConfUtils.java:logGet(43)) - raft.server.log.appender.snapshot.chunk.size.max = 16MB (=16777216) (default)
2019-10-02 10:56:21,619 [d3dffc06-1d6a-4f7a-8294-c2dc8ce35b40@group-C476C2B24A7C-LeaderElection29] INFO  server.RaftServerConfigKeys (ConfUtils.java:logGet(43)) - raft.server.log.appender.buffer.byte-limit = 33554432 (custom)
2019-10-02 10:56:21,619 [b25f22f8-54cc-4ffd-bfcd-179cc8cbd7fc@group-6B83A71B3C43-LeaderElection31] INFO  server.RaftServerConfigKeys (ConfUtils.java:logGet(43)) - raft.server.log.appender.buffer.byte-limit = 33554432 (custom)
2019-10-02 10:56:21,619 [d3dffc06-1d6a-4f7a-8294-c2dc8ce35b40@group-C476C2B24A7C-LeaderElection29] INFO  server.RaftServerConfigKeys (ConfUtils.java:logGet(43)) - raft.server.log.appender.buffer.element-limit = 1 (custom)
2019-10-02 10:56:21,620 [b25f22f8-54cc-4ffd-bfcd-179cc8cbd7fc@group-6B83A71B3C43-LeaderElection31] INFO  server.RaftServerConfigKeys (ConfUtils.java:logGet(43)) - raft.server.log.appender.buffer.element-limit = 1 (custom)
2019-10-02 10:56:21,635 [pool-97-thread-1] INFO  storage.RaftStorageDirectory (RaftStorageDirectory.java:tryLock(328)) - Lock on /workdir/hadoop-ozone/integration-test/target/test-dir/MiniOzoneClusterImpl-5f261223-23be-4c6b-a914-4b08f19f7d30/datanode-7/data/ratis/3a2e52de-55c8-471c-b652-be47439fb225/in_use.lock acquired by nodename 9257@pr-trunk-5xjmm-2411255686
2019-10-02 10:56:21,623 [d3dffc06-1d6a-4f7a-8294-c2dc8ce35b40@group-C476C2B24A7C-LeaderElection29] INFO  grpc.GrpcConfigKeys$Server (ConfUtils.java:logGet(43)) - raft.grpc.server.leader.outstanding.appends.max = 128 (default)
2019-10-02 10:56:21,635 [pool-27-thread-1] INFO  storage.RaftStorage (RaftStorage.java:format(84)) - Storage directory /workdir/hadoop-ozone/integration-test/target/test-dir/MiniOzoneClusterImpl-5f261223-23be-4c6b-a914-4b08f19f7d30/datanode-0/data/ratis/3a2e52de-55c8-471c-b652-be47439fb225 has been successfully formatted.
2019-10-02 10:56:21,623 [b25f22f8-54cc-4ffd-bfcd-179cc8cbd7fc@group-6B83A71B3C43-LeaderElection31] INFO  grpc.GrpcConfigKeys$Server (ConfUtils.java:logGet(43)) - raft.grpc.server.leader.outstanding.appends.max = 128 (default)
2019-10-02 10:56:21,635 [pool-47-thread-1] INFO  storage.RaftStorageDirectory (RaftStorageDirectory.java:tryLock(328)) - Lock on /workdir/hadoop-ozone/integration-test/target/test-dir/MiniOzoneClusterImpl-5f261223-23be-4c6b-a914-4b08f19f7d30/datanode-2/data/ratis/3a2e52de-55c8-471c-b652-be47439fb225/in_use.lock acquired by nodename 9257@pr-trunk-5xjmm-2411255686
2019-10-02 10:56:21,635 [b25f22f8-54cc-4ffd-bfcd-179cc8cbd7fc@group-6B83A71B3C43-LeaderElection31] INFO  server.RaftServerConfigKeys (ConfUtils.java:logGet(43)) - raft.server.rpc.request.timeout = 3000ms (default)
2019-10-02 10:56:21,635 [pool-27-thread-1] INFO  ratis.ContainerStateMachine (ContainerStateMachine.java:loadSnapshot(230)) - group-BE47439FB225: The snapshot info is null. Setting the last applied indexto:(t:0, i:~)
2019-10-02 10:56:21,635 [d3dffc06-1d6a-4f7a-8294-c2dc8ce35b40@group-C476C2B24A7C-LeaderElection29] INFO  server.RaftServerConfigKeys (ConfUtils.java:logGet(43)) - raft.server.rpc.request.timeout = 3000ms (default)
2019-10-02 10:56:21,636 [pool-27-thread-1] INFO  server.RaftServerConfigKeys (ConfUtils.java:logGet(43)) - raft.server.notification.no-leader.timeout = 120s (custom)
2019-10-02 10:56:21,636 [b25f22f8-54cc-4ffd-bfcd-179cc8cbd7fc@group-6B83A71B3C43-LeaderElection31] INFO  server.RaftServerConfigKeys (ConfUtils.java:logGet(43)) - raft.server.log.appender.install.snapshot.enabled = false (custom)
2019-10-02 10:56:21,636 [pool-27-thread-1] INFO  server.RaftServerConfigKeys (ConfUtils.java:logGet(43)) - raft.server.log.use.memory = false (default)
2019-10-02 10:56:21,636 [d3dffc06-1d6a-4f7a-8294-c2dc8ce35b40@group-C476C2B24A7C-LeaderElection29] INFO  server.RaftServerConfigKeys (ConfUtils.java:logGet(43)) - raft.server.log.appender.install.snapshot.enabled = false (custom)
2019-10-02 10:56:21,636 [pool-27-thread-1] INFO  server.RaftServerConfigKeys (ConfUtils.java:logGet(43)) - raft.server.log.purge.gap = 1000000 (custom)
2019-10-02 10:56:21,636 [pool-27-thread-1] INFO  server.RaftServerConfigKeys (ConfUtils.java:logGet(43)) - raft.server.log.appender.buffer.byte-limit = 33554432 (custom)
2019-10-02 10:56:21,637 [pool-27-thread-1] INFO  server.RaftServerConfigKeys (ConfUtils.java:logGet(43)) - raft.server.log.segment.size.max = 1048576 (custom)
2019-10-02 10:56:21,637 [pool-27-thread-1] INFO  server.RaftServerConfigKeys (ConfUtils.java:logGet(43)) - raft.server.log.segment.cache.num.max = 2 (custom)
2019-10-02 10:56:21,637 [pool-27-thread-1] INFO  segmented.SegmentedRaftLogWorker (SegmentedRaftLogWorker.java:<init>(173)) - new 7df38282-3a3d-4206-964a-9b3301cd1d1f@group-BE47439FB225-SegmentedRaftLogWorker for RaftStorage:Storage Directory /workdir/hadoop-ozone/integration-test/target/test-dir/MiniOzoneClusterImpl-5f261223-23be-4c6b-a914-4b08f19f7d30/datanode-0/data/ratis/3a2e52de-55c8-471c-b652-be47439fb225
2019-10-02 10:56:21,637 [pool-27-thread-1] INFO  server.RaftServerConfigKeys (ConfUtils.java:logGet(43)) - raft.server.log.queue.byte-limit = 2147483647 (custom)
2019-10-02 10:56:21,637 [b25f22f8-54cc-4ffd-bfcd-179cc8cbd7fc@group-6B83A71B3C43-LeaderElection31] INFO  server.RaftServerConfigKeys (ConfUtils.java:logGet(43)) - raft.server.log.appender.snapshot.chunk.size.max = 16MB (=16777216) (default)
2019-10-02 10:56:21,637 [d3dffc06-1d6a-4f7a-8294-c2dc8ce35b40@group-C476C2B24A7C-LeaderElection29] INFO  server.RaftServerConfigKeys (ConfUtils.java:logGet(43)) - raft.server.log.appender.snapshot.chunk.size.max = 16MB (=16777216) (default)
2019-10-02 10:56:21,637 [b25f22f8-54cc-4ffd-bfcd-179cc8cbd7fc@group-6B83A71B3C43-LeaderElection31] INFO  server.RaftServerConfigKeys (ConfUtils.java:logGet(43)) - raft.server.log.appender.buffer.byte-limit = 33554432 (custom)
2019-10-02 10:56:21,637 [pool-27-thread-1] INFO  server.RaftServerConfigKeys (ConfUtils.java:logGet(43)) - raft.server.log.queue.element-limit = 1024 (custom)
2019-10-02 10:56:21,637 [b25f22f8-54cc-4ffd-bfcd-179cc8cbd7fc@group-6B83A71B3C43-LeaderElection31] INFO  server.RaftServerConfigKeys (ConfUtils.java:logGet(43)) - raft.server.log.appender.buffer.element-limit = 1 (custom)
2019-10-02 10:56:21,637 [d3dffc06-1d6a-4f7a-8294-c2dc8ce35b40@group-C476C2B24A7C-LeaderElection29] INFO  server.RaftServerConfigKeys (ConfUtils.java:logGet(43)) - raft.server.log.appender.buffer.byte-limit = 33554432 (custom)
2019-10-02 10:56:21,638 [b25f22f8-54cc-4ffd-bfcd-179cc8cbd7fc@group-6B83A71B3C43-LeaderElection31] INFO  grpc.GrpcConfigKeys$Server (ConfUtils.java:logGet(43)) - raft.grpc.server.leader.outstanding.appends.max = 128 (default)
2019-10-02 10:56:21,638 [pool-27-thread-1] INFO  server.RaftServerConfigKeys (ConfUtils.java:logGet(43)) - raft.server.log.segment.size.max = 1048576 (custom)
2019-10-02 10:56:21,638 [b25f22f8-54cc-4ffd-bfcd-179cc8cbd7fc@group-6B83A71B3C43-LeaderElection31] INFO  server.RaftServerConfigKeys (ConfUtils.java:logGet(43)) - raft.server.rpc.request.timeout = 3000ms (default)
2019-10-02 10:56:21,638 [b25f22f8-54cc-4ffd-bfcd-179cc8cbd7fc@group-6B83A71B3C43-LeaderElection31] INFO  server.RaftServerConfigKeys (ConfUtils.java:logGet(43)) - raft.server.log.appender.install.snapshot.enabled = false (custom)
2019-10-02 10:56:21,638 [d3dffc06-1d6a-4f7a-8294-c2dc8ce35b40@group-C476C2B24A7C-LeaderElection29] INFO  server.RaftServerConfigKeys (ConfUtils.java:logGet(43)) - raft.server.log.appender.buffer.element-limit = 1 (custom)
2019-10-02 10:56:21,638 [pool-27-thread-1] INFO  server.RaftServerConfigKeys (ConfUtils.java:logGet(43)) - raft.server.log.preallocated.size = 16384 (custom)
2019-10-02 10:56:21,639 [d3dffc06-1d6a-4f7a-8294-c2dc8ce35b40@group-C476C2B24A7C-LeaderElection29] INFO  grpc.GrpcConfigKeys$Server (ConfUtils.java:logGet(43)) - raft.grpc.server.leader.outstanding.appends.max = 128 (default)
2019-10-02 10:56:21,639 [pool-27-thread-1] INFO  server.RaftServerConfigKeys (ConfUtils.java:logGet(43)) - raft.server.log.write.buffer.size = 33554432 (custom)
2019-10-02 10:56:21,639 [d3dffc06-1d6a-4f7a-8294-c2dc8ce35b40@group-C476C2B24A7C-LeaderElection29] INFO  server.RaftServerConfigKeys (ConfUtils.java:logGet(43)) - raft.server.rpc.request.timeout = 3000ms (default)
2019-10-02 10:56:21,639 [pool-27-thread-1] INFO  server.RaftServerConfigKeys (ConfUtils.java:logGet(43)) - raft.server.log.force.sync.num = 128 (default)
2019-10-02 10:56:21,639 [d3dffc06-1d6a-4f7a-8294-c2dc8ce35b40@group-C476C2B24A7C-LeaderElection29] INFO  server.RaftServerConfigKeys (ConfUtils.java:logGet(43)) - raft.server.log.appender.install.snapshot.enabled = false (custom)
2019-10-02 10:56:21,639 [pool-27-thread-1] INFO  server.RaftServerConfigKeys (ConfUtils.java:logGet(43)) - raft.server.log.statemachine.data.sync = true (default)
2019-10-02 10:56:21,639 [pool-27-thread-1] INFO  server.RaftServerConfigKeys (ConfUtils.java:logGet(43)) - raft.server.log.statemachine.data.sync.timeout = 10s (default)
2019-10-02 10:56:21,640 [pool-27-thread-1] INFO  server.RaftServerConfigKeys (ConfUtils.java:logGet(43)) - raft.server.log.statemachine.data.sync.timeout.retry = -1 (default)
2019-10-02 10:56:21,640 [b25f22f8-54cc-4ffd-bfcd-179cc8cbd7fc@group-6B83A71B3C43-LeaderElection31] INFO  impl.RoleInfo (RoleInfo.java:updateAndGet(143)) - b25f22f8-54cc-4ffd-bfcd-179cc8cbd7fc: start LeaderState
2019-10-02 10:56:21,640 [pool-27-thread-1] INFO  server.RaftServerConfigKeys (ConfUtils.java:logGet(43)) - raft.server.log.statemachine.data.caching.enabled = true (custom)
2019-10-02 10:56:21,640 [d3dffc06-1d6a-4f7a-8294-c2dc8ce35b40@group-C476C2B24A7C-LeaderElection29] INFO  impl.RoleInfo (RoleInfo.java:updateAndGet(143)) - d3dffc06-1d6a-4f7a-8294-c2dc8ce35b40: start LeaderState
2019-10-02 10:56:21,640 [pool-27-thread-1] INFO  segmented.SegmentedRaftLogWorker (SegmentedRaftLogWorker.java:lambda$new$0(128)) - 7df38282-3a3d-4206-964a-9b3301cd1d1f@group-BE47439FB225-SegmentedRaftLogWorker: flushIndex: setUnconditionally 0 -> -1
2019-10-02 10:56:21,640 [b25f22f8-54cc-4ffd-bfcd-179cc8cbd7fc@group-6B83A71B3C43-LeaderElection31] INFO  segmented.SegmentedRaftLogWorker (SegmentedRaftLogWorker.java:startLogSegment(385)) - b25f22f8-54cc-4ffd-bfcd-179cc8cbd7fc@group-6B83A71B3C43-SegmentedRaftLogWorker: Starting segment from index:0
2019-10-02 10:56:21,640 [pool-27-thread-1] INFO  server.RaftServerConfigKeys (ConfUtils.java:logGet(43)) - raft.server.snapshot.auto.trigger.enabled = true (custom)
2019-10-02 10:56:21,640 [d3dffc06-1d6a-4f7a-8294-c2dc8ce35b40@group-C476C2B24A7C-LeaderElection29] INFO  segmented.SegmentedRaftLogWorker (SegmentedRaftLogWorker.java:startLogSegment(385)) - d3dffc06-1d6a-4f7a-8294-c2dc8ce35b40@group-C476C2B24A7C-SegmentedRaftLogWorker: Starting segment from index:0
2019-10-02 10:56:21,641 [pool-27-thread-1] INFO  server.RaftServerConfigKeys (ConfUtils.java:logGet(43)) - raft.server.snapshot.auto.trigger.threshold = 10000 (custom)
2019-10-02 10:56:21,641 [pool-27-thread-1] INFO  server.RaftServerConfigKeys (ConfUtils.java:logGet(43)) - raft.server.snapshot.retention.file.num = 5 (custom)
2019-10-02 10:56:21,641 [pool-27-thread-1] INFO  server.RaftServerConfigKeys (ConfUtils.java:logGet(43)) - raft.server.retrycache.expirytime = 600000ms (custom)
2019-10-02 10:56:21,642 [d3dffc06-1d6a-4f7a-8294-c2dc8ce35b40@group-C476C2B24A7C-LeaderElection29] INFO  impl.RaftServerImpl (ServerState.java:setRaftConf(356)) - d3dffc06-1d6a-4f7a-8294-c2dc8ce35b40@group-C476C2B24A7C: set configuration 0: [d3dffc06-1d6a-4f7a-8294-c2dc8ce35b40:192.168.30.53:33785, 7df38282-3a3d-4206-964a-9b3301cd1d1f:192.168.30.53:34960, b25f22f8-54cc-4ffd-bfcd-179cc8cbd7fc:192.168.30.53:42549], old=null at 0
2019-10-02 10:56:21,642 [b25f22f8-54cc-4ffd-bfcd-179cc8cbd7fc@group-6B83A71B3C43-LeaderElection31] INFO  impl.RaftServerImpl (ServerState.java:setRaftConf(356)) - b25f22f8-54cc-4ffd-bfcd-179cc8cbd7fc@group-6B83A71B3C43: set configuration 0: [d3dffc06-1d6a-4f7a-8294-c2dc8ce35b40:192.168.30.53:33785, 7df38282-3a3d-4206-964a-9b3301cd1d1f:192.168.30.53:34960, b25f22f8-54cc-4ffd-bfcd-179cc8cbd7fc:192.168.30.53:42549], old=null at 0
2019-10-02 10:56:21,677 [pool-97-thread-1] INFO  storage.RaftStorage (RaftStorage.java:format(84)) - Storage directory /workdir/hadoop-ozone/integration-test/target/test-dir/MiniOzoneClusterImpl-5f261223-23be-4c6b-a914-4b08f19f7d30/datanode-7/data/ratis/3a2e52de-55c8-471c-b652-be47439fb225 has been successfully formatted.
2019-10-02 10:56:21,677 [pool-47-thread-1] INFO  storage.RaftStorage (RaftStorage.java:format(84)) - Storage directory /workdir/hadoop-ozone/integration-test/target/test-dir/MiniOzoneClusterImpl-5f261223-23be-4c6b-a914-4b08f19f7d30/datanode-2/data/ratis/3a2e52de-55c8-471c-b652-be47439fb225 has been successfully formatted.
2019-10-02 10:56:21,680 [pool-97-thread-1] INFO  ratis.ContainerStateMachine (ContainerStateMachine.java:loadSnapshot(230)) - group-BE47439FB225: The snapshot info is null. Setting the last applied indexto:(t:0, i:~)
2019-10-02 10:56:21,680 [pool-47-thread-1] INFO  ratis.ContainerStateMachine (ContainerStateMachine.java:loadSnapshot(230)) - group-BE47439FB225: The snapshot info is null. Setting the last applied indexto:(t:0, i:~)
2019-10-02 10:56:21,680 [pool-27-thread-1] INFO  impl.RaftServerImpl (RaftServerImpl.java:start(181)) - 7df38282-3a3d-4206-964a-9b3301cd1d1f@group-49987F7A8A7C: start as a follower, conf=-1: [d3dffc06-1d6a-4f7a-8294-c2dc8ce35b40:192.168.30.53:33785, 7df38282-3a3d-4206-964a-9b3301cd1d1f:192.168.30.53:34960, b25f22f8-54cc-4ffd-bfcd-179cc8cbd7fc:192.168.30.53:42549], old=null
2019-10-02 10:56:21,681 [pool-47-thread-1] INFO  server.RaftServerConfigKeys (ConfUtils.java:logGet(43)) - raft.server.notification.no-leader.timeout = 120s (custom)
2019-10-02 10:56:21,681 [pool-97-thread-1] INFO  server.RaftServerConfigKeys (ConfUtils.java:logGet(43)) - raft.server.notification.no-leader.timeout = 120s (custom)
2019-10-02 10:56:21,681 [pool-47-thread-1] INFO  server.RaftServerConfigKeys (ConfUtils.java:logGet(43)) - raft.server.log.use.memory = false (default)
2019-10-02 10:56:21,681 [pool-27-thread-1] INFO  impl.RaftServerImpl (RaftServerImpl.java:setRole(170)) - 7df38282-3a3d-4206-964a-9b3301cd1d1f@group-49987F7A8A7C: changes role from      null to FOLLOWER at term 0 for startAsFollower
2019-10-02 10:56:21,681 [pool-47-thread-1] INFO  server.RaftServerConfigKeys (ConfUtils.java:logGet(43)) - raft.server.log.purge.gap = 1000000 (custom)
2019-10-02 10:56:21,681 [pool-97-thread-1] INFO  server.RaftServerConfigKeys (ConfUtils.java:logGet(43)) - raft.server.log.use.memory = false (default)
2019-10-02 10:56:21,682 [pool-47-thread-1] INFO  server.RaftServerConfigKeys (ConfUtils.java:logGet(43)) - raft.server.log.appender.buffer.byte-limit = 33554432 (custom)
2019-10-02 10:56:21,682 [pool-27-thread-1] INFO  impl.RoleInfo (RoleInfo.java:updateAndGet(143)) - 7df38282-3a3d-4206-964a-9b3301cd1d1f: start FollowerState
2019-10-02 10:56:21,682 [pool-47-thread-1] INFO  server.RaftServerConfigKeys (ConfUtils.java:logGet(43)) - raft.server.log.segment.size.max = 1048576 (custom)
2019-10-02 10:56:21,682 [pool-97-thread-1] INFO  server.RaftServerConfigKeys (ConfUtils.java:logGet(43)) - raft.server.log.purge.gap = 1000000 (custom)
2019-10-02 10:56:21,693 [pool-27-thread-1] INFO  util.JmxRegister (JmxRegister.java:tryRegister(44)) - Successfully registered JMX Bean with object name Ratis:service=RaftServer,group=group-49987F7A8A7C,id=7df38282-3a3d-4206-964a-9b3301cd1d1f
2019-10-02 10:56:21,682 [pool-47-thread-1] INFO  server.RaftServerConfigKeys (ConfUtils.java:logGet(43)) - raft.server.log.segment.cache.num.max = 2 (custom)
2019-10-02 10:56:21,694 [pool-97-thread-1] INFO  server.RaftServerConfigKeys (ConfUtils.java:logGet(43)) - raft.server.log.appender.buffer.byte-limit = 33554432 (custom)
2019-10-02 10:56:21,694 [pool-47-thread-1] INFO  segmented.SegmentedRaftLogWorker (SegmentedRaftLogWorker.java:<init>(173)) - new d3dffc06-1d6a-4f7a-8294-c2dc8ce35b40@group-BE47439FB225-SegmentedRaftLogWorker for RaftStorage:Storage Directory /workdir/hadoop-ozone/integration-test/target/test-dir/MiniOzoneClusterImpl-5f261223-23be-4c6b-a914-4b08f19f7d30/datanode-2/data/ratis/3a2e52de-55c8-471c-b652-be47439fb225
2019-10-02 10:56:21,694 [pool-97-thread-1] INFO  server.RaftServerConfigKeys (ConfUtils.java:logGet(43)) - raft.server.log.segment.size.max = 1048576 (custom)
2019-10-02 10:56:21,695 [pool-47-thread-1] INFO  server.RaftServerConfigKeys (ConfUtils.java:logGet(43)) - raft.server.log.queue.byte-limit = 2147483647 (custom)
2019-10-02 10:56:21,695 [pool-97-thread-1] INFO  server.RaftServerConfigKeys (ConfUtils.java:logGet(43)) - raft.server.log.segment.cache.num.max = 2 (custom)
2019-10-02 10:56:21,695 [pool-47-thread-1] INFO  server.RaftServerConfigKeys (ConfUtils.java:logGet(43)) - raft.server.log.queue.element-limit = 1024 (custom)
2019-10-02 10:56:21,695 [pool-97-thread-1] INFO  segmented.SegmentedRaftLogWorker (SegmentedRaftLogWorker.java:<init>(173)) - new b25f22f8-54cc-4ffd-bfcd-179cc8cbd7fc@group-BE47439FB225-SegmentedRaftLogWorker for RaftStorage:Storage Directory /workdir/hadoop-ozone/integration-test/target/test-dir/MiniOzoneClusterImpl-5f261223-23be-4c6b-a914-4b08f19f7d30/datanode-7/data/ratis/3a2e52de-55c8-471c-b652-be47439fb225
2019-10-02 10:56:21,695 [pool-47-thread-1] INFO  server.RaftServerConfigKeys (ConfUtils.java:logGet(43)) - raft.server.log.segment.size.max = 1048576 (custom)
2019-10-02 10:56:21,695 [pool-97-thread-1] INFO  server.RaftServerConfigKeys (ConfUtils.java:logGet(43)) - raft.server.log.queue.byte-limit = 2147483647 (custom)
2019-10-02 10:56:21,695 [pool-47-thread-1] INFO  server.RaftServerConfigKeys (ConfUtils.java:logGet(43)) - raft.server.log.preallocated.size = 16384 (custom)
2019-10-02 10:56:21,695 [pool-97-thread-1] INFO  server.RaftServerConfigKeys (ConfUtils.java:logGet(43)) - raft.server.log.queue.element-limit = 1024 (custom)
2019-10-02 10:56:21,696 [pool-47-thread-1] INFO  server.RaftServerConfigKeys (ConfUtils.java:logGet(43)) - raft.server.log.write.buffer.size = 33554432 (custom)
2019-10-02 10:56:21,696 [pool-97-thread-1] INFO  server.RaftServerConfigKeys (ConfUtils.java:logGet(43)) - raft.server.log.segment.size.max = 1048576 (custom)
2019-10-02 10:56:21,696 [pool-47-thread-1] INFO  server.RaftServerConfigKeys (ConfUtils.java:logGet(43)) - raft.server.log.force.sync.num = 128 (default)
2019-10-02 10:56:21,696 [pool-97-thread-1] INFO  server.RaftServerConfigKeys (ConfUtils.java:logGet(43)) - raft.server.log.preallocated.size = 16384 (custom)
2019-10-02 10:56:21,696 [pool-47-thread-1] INFO  server.RaftServerConfigKeys (ConfUtils.java:logGet(43)) - raft.server.log.statemachine.data.sync = true (default)
2019-10-02 10:56:21,696 [pool-97-thread-1] INFO  server.RaftServerConfigKeys (ConfUtils.java:logGet(43)) - raft.server.log.write.buffer.size = 33554432 (custom)
2019-10-02 10:56:21,706 [d3dffc06-1d6a-4f7a-8294-c2dc8ce35b40@group-C476C2B24A7C-SegmentedRaftLogWorker] INFO  segmented.SegmentedRaftLogWorker (SegmentedRaftLogWorker.java:execute(574)) - d3dffc06-1d6a-4f7a-8294-c2dc8ce35b40@group-C476C2B24A7C-SegmentedRaftLogWorker: created new log segment /workdir/hadoop-ozone/integration-test/target/test-dir/MiniOzoneClusterImpl-5f261223-23be-4c6b-a914-4b08f19f7d30/datanode-2/data/ratis/3dbeae5b-3f9b-4a17-82cd-c476c2b24a7c/current/log_inprogress_0
2019-10-02 10:56:21,706 [b25f22f8-54cc-4ffd-bfcd-179cc8cbd7fc@group-6B83A71B3C43-SegmentedRaftLogWorker] INFO  segmented.SegmentedRaftLogWorker (SegmentedRaftLogWorker.java:execute(574)) - b25f22f8-54cc-4ffd-bfcd-179cc8cbd7fc@group-6B83A71B3C43-SegmentedRaftLogWorker: created new log segment /workdir/hadoop-ozone/integration-test/target/test-dir/MiniOzoneClusterImpl-5f261223-23be-4c6b-a914-4b08f19f7d30/datanode-7/data/ratis/ede7d5a2-8296-48c9-9101-6b83a71b3c43/current/log_inprogress_0
2019-10-02 10:56:21,707 [pool-97-thread-1] INFO  server.RaftServerConfigKeys (ConfUtils.java:logGet(43)) - raft.server.log.force.sync.num = 128 (default)
2019-10-02 10:56:21,707 [pool-47-thread-1] INFO  server.RaftServerConfigKeys (ConfUtils.java:logGet(43)) - raft.server.log.statemachine.data.sync.timeout = 10s (default)
2019-10-02 10:56:21,707 [pool-97-thread-1] INFO  server.RaftServerConfigKeys (ConfUtils.java:logGet(43)) - raft.server.log.statemachine.data.sync = true (default)
2019-10-02 10:56:21,707 [pool-47-thread-1] INFO  server.RaftServerConfigKeys (ConfUtils.java:logGet(43)) - raft.server.log.statemachine.data.sync.timeout.retry = -1 (default)
2019-10-02 10:56:21,707 [pool-97-thread-1] INFO  server.RaftServerConfigKeys (ConfUtils.java:logGet(43)) - raft.server.log.statemachine.data.sync.timeout = 10s (default)
2019-10-02 10:56:21,707 [pool-47-thread-1] INFO  server.RaftServerConfigKeys (ConfUtils.java:logGet(43)) - raft.server.log.statemachine.data.caching.enabled = true (custom)
2019-10-02 10:56:21,708 [pool-27-thread-1] INFO  impl.RaftServerImpl (RaftServerImpl.java:<init>(95)) - 7df38282-3a3d-4206-964a-9b3301cd1d1f: new RaftServerImpl for group-1A77BEA84F5E:[d3dffc06-1d6a-4f7a-8294-c2dc8ce35b40:192.168.30.53:33785, 7df38282-3a3d-4206-964a-9b3301cd1d1f:192.168.30.53:34960, b25f22f8-54cc-4ffd-bfcd-179cc8cbd7fc:192.168.30.53:42549] with ContainerStateMachine:uninitialized
2019-10-02 10:56:21,708 [pool-97-thread-1] INFO  server.RaftServerConfigKeys (ConfUtils.java:logGet(43)) - raft.server.log.statemachine.data.sync.timeout.retry = -1 (default)
2019-10-02 10:56:21,708 [pool-47-thread-1] INFO  segmented.SegmentedRaftLogWorker (SegmentedRaftLogWorker.java:lambda$new$0(128)) - d3dffc06-1d6a-4f7a-8294-c2dc8ce35b40@group-BE47439FB225-SegmentedRaftLogWorker: flushIndex: setUnconditionally 0 -> -1
2019-10-02 10:56:21,708 [pool-97-thread-1] INFO  server.RaftServerConfigKeys (ConfUtils.java:logGet(43)) - raft.server.log.statemachine.data.caching.enabled = true (custom)
2019-10-02 10:56:21,708 [pool-27-thread-1] INFO  server.RaftServerConfigKeys (ConfUtils.java:logGet(43)) - raft.server.rpc.timeout.min = 1s (custom)
2019-10-02 10:56:21,708 [pool-47-thread-1] INFO  server.RaftServerConfigKeys (ConfUtils.java:logGet(43)) - raft.server.snapshot.auto.trigger.enabled = true (custom)
2019-10-02 10:56:21,708 [pool-27-thread-1] INFO  server.RaftServerConfigKeys (ConfUtils.java:logGet(43)) - raft.server.rpc.timeout.max = 1200ms (custom)
2019-10-02 10:56:21,708 [pool-47-thread-1] INFO  server.RaftServerConfigKeys (ConfUtils.java:logGet(43)) - raft.server.snapshot.auto.trigger.threshold = 10000 (custom)
2019-10-02 10:56:21,708 [pool-97-thread-1] INFO  segmented.SegmentedRaftLogWorker (SegmentedRaftLogWorker.java:lambda$new$0(128)) - b25f22f8-54cc-4ffd-bfcd-179cc8cbd7fc@group-BE47439FB225-SegmentedRaftLogWorker: flushIndex: setUnconditionally 0 -> -1
2019-10-02 10:56:21,709 [pool-47-thread-1] INFO  server.RaftServerConfigKeys (ConfUtils.java:logGet(43)) - raft.server.snapshot.retention.file.num = 5 (custom)
2019-10-02 10:56:21,709 [pool-27-thread-1] INFO  server.RaftServerConfigKeys (ConfUtils.java:logGet(43)) - raft.server.rpcslowness.timeout = 120s (custom)
2019-10-02 10:56:21,709 [pool-97-thread-1] INFO  server.RaftServerConfigKeys (ConfUtils.java:logGet(43)) - raft.server.snapshot.auto.trigger.enabled = true (custom)
2019-10-02 10:56:21,709 [pool-47-thread-1] INFO  server.RaftServerConfigKeys (ConfUtils.java:logGet(43)) - raft.server.retrycache.expirytime = 600000ms (custom)
2019-10-02 10:56:21,709 [pool-97-thread-1] INFO  server.RaftServerConfigKeys (ConfUtils.java:logGet(43)) - raft.server.snapshot.auto.trigger.threshold = 10000 (custom)
2019-10-02 10:56:21,709 [pool-27-thread-1] INFO  server.RaftServerConfigKeys (ConfUtils.java:logGet(43)) - raft.server.sleep.deviation.threshold = 300 (default)
2019-10-02 10:56:21,709 [pool-97-thread-1] INFO  server.RaftServerConfigKeys (ConfUtils.java:logGet(43)) - raft.server.snapshot.retention.file.num = 5 (custom)
2019-10-02 10:56:21,710 [pool-27-thread-1] INFO  server.RaftServerConfigKeys (ConfUtils.java:logGet(43)) - raft.server.log.appender.install.snapshot.enabled = false (custom)
2019-10-02 10:56:21,710 [pool-97-thread-1] INFO  server.RaftServerConfigKeys (ConfUtils.java:logGet(43)) - raft.server.retrycache.expirytime = 600000ms (custom)
2019-10-02 10:56:21,710 [pool-27-thread-1] INFO  impl.RaftServerImpl (ServerState.java:<init>(103)) - 7df38282-3a3d-4206-964a-9b3301cd1d1f@group-1A77BEA84F5E: ConfigurationManager, init=-1: [d3dffc06-1d6a-4f7a-8294-c2dc8ce35b40:192.168.30.53:33785, 7df38282-3a3d-4206-964a-9b3301cd1d1f:192.168.30.53:34960, b25f22f8-54cc-4ffd-bfcd-179cc8cbd7fc:192.168.30.53:42549], old=null, confs=<EMPTY_MAP>
2019-10-02 10:56:21,710 [pool-27-thread-1] INFO  server.RaftServerConfigKeys (ConfUtils.java:logGet(43)) - raft.server.storage.dir = [/workdir/hadoop-ozone/integration-test/target/test-dir/MiniOzoneClusterImpl-5f261223-23be-4c6b-a914-4b08f19f7d30/datanode-0/data/ratis] (custom)
2019-10-02 10:56:21,711 [pool-27-thread-1] INFO  server.RaftServerConfigKeys (ConfUtils.java:logGet(43)) - raft.server.log.corruption.policy = EXCEPTION (default)
2019-10-02 10:56:21,711 [pool-27-thread-1] INFO  storage.RaftStorageDirectory (RaftStorageDirectory.java:analyzeStorage(246)) - The storage directory /workdir/hadoop-ozone/integration-test/target/test-dir/MiniOzoneClusterImpl-5f261223-23be-4c6b-a914-4b08f19f7d30/datanode-0/data/ratis/8d670c23-50b6-45b7-93d3-1a77bea84f5e does not exist. Creating ...
2019-10-02 10:56:21,712 [pool-47-thread-1] INFO  impl.RaftServerImpl (RaftServerImpl.java:start(181)) - d3dffc06-1d6a-4f7a-8294-c2dc8ce35b40@group-49987F7A8A7C: start as a follower, conf=-1: [d3dffc06-1d6a-4f7a-8294-c2dc8ce35b40:192.168.30.53:33785, 7df38282-3a3d-4206-964a-9b3301cd1d1f:192.168.30.53:34960, b25f22f8-54cc-4ffd-bfcd-179cc8cbd7fc:192.168.30.53:42549], old=null
2019-10-02 10:56:21,713 [pool-97-thread-1] INFO  impl.RaftServerImpl (RaftServerImpl.java:start(181)) - b25f22f8-54cc-4ffd-bfcd-179cc8cbd7fc@group-49987F7A8A7C: start as a follower, conf=-1: [d3dffc06-1d6a-4f7a-8294-c2dc8ce35b40:192.168.30.53:33785, 7df38282-3a3d-4206-964a-9b3301cd1d1f:192.168.30.53:34960, b25f22f8-54cc-4ffd-bfcd-179cc8cbd7fc:192.168.30.53:42549], old=null
2019-10-02 10:56:21,713 [pool-47-thread-1] INFO  impl.RaftServerImpl (RaftServerImpl.java:setRole(170)) - d3dffc06-1d6a-4f7a-8294-c2dc8ce35b40@group-49987F7A8A7C: changes role from      null to FOLLOWER at term 0 for startAsFollower
2019-10-02 10:56:21,713 [pool-97-thread-1] INFO  impl.RaftServerImpl (RaftServerImpl.java:setRole(170)) - b25f22f8-54cc-4ffd-bfcd-179cc8cbd7fc@group-49987F7A8A7C: changes role from      null to FOLLOWER at term 0 for startAsFollower
2019-10-02 10:56:21,713 [pool-47-thread-1] INFO  impl.RoleInfo (RoleInfo.java:updateAndGet(143)) - d3dffc06-1d6a-4f7a-8294-c2dc8ce35b40: start FollowerState
2019-10-02 10:56:21,713 [pool-97-thread-1] INFO  impl.RoleInfo (RoleInfo.java:updateAndGet(143)) - b25f22f8-54cc-4ffd-bfcd-179cc8cbd7fc: start FollowerState
2019-10-02 10:56:21,713 [pool-47-thread-1] INFO  util.JmxRegister (JmxRegister.java:tryRegister(44)) - Successfully registered JMX Bean with object name Ratis:service=RaftServer,group=group-49987F7A8A7C,id=d3dffc06-1d6a-4f7a-8294-c2dc8ce35b40
2019-10-02 10:56:21,714 [pool-97-thread-1] INFO  util.JmxRegister (JmxRegister.java:tryRegister(44)) - Successfully registered JMX Bean with object name Ratis:service=RaftServer,group=group-49987F7A8A7C,id=b25f22f8-54cc-4ffd-bfcd-179cc8cbd7fc
2019-10-02 10:56:21,723 [grpc-default-executor-5] INFO  impl.RaftServerImpl (ServerState.java:setLeader(255)) - d3dffc06-1d6a-4f7a-8294-c2dc8ce35b40@group-6B83A71B3C43: change Leader from null to b25f22f8-54cc-4ffd-bfcd-179cc8cbd7fc at term 2 for appendEntries, leader elected after 11701ms
2019-10-02 10:56:21,723 [grpc-default-executor-3] INFO  impl.RaftServerImpl (ServerState.java:setLeader(255)) - 7df38282-3a3d-4206-964a-9b3301cd1d1f@group-C476C2B24A7C: change Leader from null to d3dffc06-1d6a-4f7a-8294-c2dc8ce35b40 at term 2 for appendEntries, leader elected after 9745ms
2019-10-02 10:56:21,723 [grpc-default-executor-2] INFO  impl.RaftServerImpl (ServerState.java:setLeader(255)) - b25f22f8-54cc-4ffd-bfcd-179cc8cbd7fc@group-C476C2B24A7C: change Leader from null to d3dffc06-1d6a-4f7a-8294-c2dc8ce35b40 at term 2 for appendEntries, leader elected after 9746ms
2019-10-02 10:56:21,723 [grpc-default-executor-0] INFO  impl.RaftServerImpl (ServerState.java:setLeader(255)) - 7df38282-3a3d-4206-964a-9b3301cd1d1f@group-6B83A71B3C43: change Leader from null to b25f22f8-54cc-4ffd-bfcd-179cc8cbd7fc at term 2 for appendEntries, leader elected after 11701ms
2019-10-02 10:56:21,724 [pool-27-thread-1] INFO  storage.RaftStorageDirectory (RaftStorageDirectory.java:tryLock(328)) - Lock on /workdir/hadoop-ozone/integration-test/target/test-dir/MiniOzoneClusterImpl-5f261223-23be-4c6b-a914-4b08f19f7d30/datanode-0/data/ratis/8d670c23-50b6-45b7-93d3-1a77bea84f5e/in_use.lock acquired by nodename 9257@pr-trunk-5xjmm-2411255686
2019-10-02 10:56:21,727 [pool-47-thread-1] INFO  impl.RaftServerImpl (RaftServerImpl.java:<init>(95)) - d3dffc06-1d6a-4f7a-8294-c2dc8ce35b40: new RaftServerImpl for group-1A77BEA84F5E:[d3dffc06-1d6a-4f7a-8294-c2dc8ce35b40:192.168.30.53:33785, 7df38282-3a3d-4206-964a-9b3301cd1d1f:192.168.30.53:34960, b25f22f8-54cc-4ffd-bfcd-179cc8cbd7fc:192.168.30.53:42549] with ContainerStateMachine:uninitialized
2019-10-02 10:56:21,728 [pool-47-thread-1] INFO  server.RaftServerConfigKeys (ConfUtils.java:logGet(43)) - raft.server.rpc.timeout.min = 1s (custom)
2019-10-02 10:56:21,728 [pool-47-thread-1] INFO  server.RaftServerConfigKeys (ConfUtils.java:logGet(43)) - raft.server.rpc.timeout.max = 1200ms (custom)
2019-10-02 10:56:21,728 [pool-47-thread-1] INFO  server.RaftServerConfigKeys (ConfUtils.java:logGet(43)) - raft.server.rpcslowness.timeout = 120s (custom)
2019-10-02 10:56:21,728 [pool-47-thread-1] INFO  server.RaftServerConfigKeys (ConfUtils.java:logGet(43)) - raft.server.sleep.deviation.threshold = 300 (default)
2019-10-02 10:56:21,728 [pool-47-thread-1] INFO  server.RaftServerConfigKeys (ConfUtils.java:logGet(43)) - raft.server.log.appender.install.snapshot.enabled = false (custom)
2019-10-02 10:56:21,728 [pool-47-thread-1] INFO  impl.RaftServerImpl (ServerState.java:<init>(103)) - d3dffc06-1d6a-4f7a-8294-c2dc8ce35b40@group-1A77BEA84F5E: ConfigurationManager, init=-1: [d3dffc06-1d6a-4f7a-8294-c2dc8ce35b40:192.168.30.53:33785, 7df38282-3a3d-4206-964a-9b3301cd1d1f:192.168.30.53:34960, b25f22f8-54cc-4ffd-bfcd-179cc8cbd7fc:192.168.30.53:42549], old=null, confs=<EMPTY_MAP>
2019-10-02 10:56:21,731 [pool-47-thread-1] INFO  server.RaftServerConfigKeys (ConfUtils.java:logGet(43)) - raft.server.storage.dir = [/workdir/hadoop-ozone/integration-test/target/test-dir/MiniOzoneClusterImpl-5f261223-23be-4c6b-a914-4b08f19f7d30/datanode-2/data/ratis] (custom)
2019-10-02 10:56:21,737 [pool-47-thread-1] INFO  server.RaftServerConfigKeys (ConfUtils.java:logGet(43)) - raft.server.log.corruption.policy = EXCEPTION (default)
2019-10-02 10:56:21,738 [pool-97-thread-1] INFO  impl.RaftServerImpl (RaftServerImpl.java:<init>(95)) - b25f22f8-54cc-4ffd-bfcd-179cc8cbd7fc: new RaftServerImpl for group-1A77BEA84F5E:[d3dffc06-1d6a-4f7a-8294-c2dc8ce35b40:192.168.30.53:33785, 7df38282-3a3d-4206-964a-9b3301cd1d1f:192.168.30.53:34960, b25f22f8-54cc-4ffd-bfcd-179cc8cbd7fc:192.168.30.53:42549] with ContainerStateMachine:uninitialized
2019-10-02 10:56:21,738 [pool-47-thread-1] INFO  storage.RaftStorageDirectory (RaftStorageDirectory.java:analyzeStorage(246)) - The storage directory /workdir/hadoop-ozone/integration-test/target/test-dir/MiniOzoneClusterImpl-5f261223-23be-4c6b-a914-4b08f19f7d30/datanode-2/data/ratis/8d670c23-50b6-45b7-93d3-1a77bea84f5e does not exist. Creating ...
2019-10-02 10:56:21,738 [pool-97-thread-1] INFO  server.RaftServerConfigKeys (ConfUtils.java:logGet(43)) - raft.server.rpc.timeout.min = 1s (custom)
2019-10-02 10:56:21,738 [pool-97-thread-1] INFO  server.RaftServerConfigKeys (ConfUtils.java:logGet(43)) - raft.server.rpc.timeout.max = 1200ms (custom)
2019-10-02 10:56:21,738 [pool-97-thread-1] INFO  server.RaftServerConfigKeys (ConfUtils.java:logGet(43)) - raft.server.rpcslowness.timeout = 120s (custom)
2019-10-02 10:56:21,738 [pool-97-thread-1] INFO  server.RaftServerConfigKeys (ConfUtils.java:logGet(43)) - raft.server.sleep.deviation.threshold = 300 (default)
2019-10-02 10:56:21,738 [pool-97-thread-1] INFO  server.RaftServerConfigKeys (ConfUtils.java:logGet(43)) - raft.server.log.appender.install.snapshot.enabled = false (custom)
2019-10-02 10:56:21,739 [pool-97-thread-1] INFO  impl.RaftServerImpl (ServerState.java:<init>(103)) - b25f22f8-54cc-4ffd-bfcd-179cc8cbd7fc@group-1A77BEA84F5E: ConfigurationManager, init=-1: [d3dffc06-1d6a-4f7a-8294-c2dc8ce35b40:192.168.30.53:33785, 7df38282-3a3d-4206-964a-9b3301cd1d1f:192.168.30.53:34960, b25f22f8-54cc-4ffd-bfcd-179cc8cbd7fc:192.168.30.53:42549], old=null, confs=<EMPTY_MAP>
2019-10-02 10:56:21,739 [pool-97-thread-1] INFO  server.RaftServerConfigKeys (ConfUtils.java:logGet(43)) - raft.server.storage.dir = [/workdir/hadoop-ozone/integration-test/target/test-dir/MiniOzoneClusterImpl-5f261223-23be-4c6b-a914-4b08f19f7d30/datanode-7/data/ratis] (custom)
2019-10-02 10:56:21,739 [pool-97-thread-1] INFO  server.RaftServerConfigKeys (ConfUtils.java:logGet(43)) - raft.server.log.corruption.policy = EXCEPTION (default)
2019-10-02 10:56:21,739 [pool-97-thread-1] INFO  storage.RaftStorageDirectory (RaftStorageDirectory.java:analyzeStorage(246)) - The storage directory /workdir/hadoop-ozone/integration-test/target/test-dir/MiniOzoneClusterImpl-5f261223-23be-4c6b-a914-4b08f19f7d30/datanode-7/data/ratis/8d670c23-50b6-45b7-93d3-1a77bea84f5e does not exist. Creating ...
2019-10-02 10:56:21,753 [pool-47-thread-1] INFO  storage.RaftStorageDirectory (RaftStorageDirectory.java:tryLock(328)) - Lock on /workdir/hadoop-ozone/integration-test/target/test-dir/MiniOzoneClusterImpl-5f261223-23be-4c6b-a914-4b08f19f7d30/datanode-2/data/ratis/8d670c23-50b6-45b7-93d3-1a77bea84f5e/in_use.lock acquired by nodename 9257@pr-trunk-5xjmm-2411255686
2019-10-02 10:56:21,755 [pool-27-thread-1] INFO  storage.RaftStorage (RaftStorage.java:format(84)) - Storage directory /workdir/hadoop-ozone/integration-test/target/test-dir/MiniOzoneClusterImpl-5f261223-23be-4c6b-a914-4b08f19f7d30/datanode-0/data/ratis/8d670c23-50b6-45b7-93d3-1a77bea84f5e has been successfully formatted.
2019-10-02 10:56:21,756 [pool-27-thread-1] INFO  ratis.ContainerStateMachine (ContainerStateMachine.java:loadSnapshot(230)) - group-1A77BEA84F5E: The snapshot info is null. Setting the last applied indexto:(t:0, i:~)
2019-10-02 10:56:21,756 [pool-27-thread-1] INFO  server.RaftServerConfigKeys (ConfUtils.java:logGet(43)) - raft.server.notification.no-leader.timeout = 120s (custom)
2019-10-02 10:56:21,756 [pool-27-thread-1] INFO  server.RaftServerConfigKeys (ConfUtils.java:logGet(43)) - raft.server.log.use.memory = false (default)
2019-10-02 10:56:21,756 [pool-27-thread-1] INFO  server.RaftServerConfigKeys (ConfUtils.java:logGet(43)) - raft.server.log.purge.gap = 1000000 (custom)
2019-10-02 10:56:21,756 [pool-27-thread-1] INFO  server.RaftServerConfigKeys (ConfUtils.java:logGet(43)) - raft.server.log.appender.buffer.byte-limit = 33554432 (custom)
2019-10-02 10:56:21,756 [pool-27-thread-1] INFO  server.RaftServerConfigKeys (ConfUtils.java:logGet(43)) - raft.server.log.segment.size.max = 1048576 (custom)
2019-10-02 10:56:21,756 [pool-27-thread-1] INFO  server.RaftServerConfigKeys (ConfUtils.java:logGet(43)) - raft.server.log.segment.cache.num.max = 2 (custom)
2019-10-02 10:56:21,757 [pool-27-thread-1] INFO  segmented.SegmentedRaftLogWorker (SegmentedRaftLogWorker.java:<init>(173)) - new 7df38282-3a3d-4206-964a-9b3301cd1d1f@group-1A77BEA84F5E-SegmentedRaftLogWorker for RaftStorage:Storage Directory /workdir/hadoop-ozone/integration-test/target/test-dir/MiniOzoneClusterImpl-5f261223-23be-4c6b-a914-4b08f19f7d30/datanode-0/data/ratis/8d670c23-50b6-45b7-93d3-1a77bea84f5e
2019-10-02 10:56:21,757 [pool-27-thread-1] INFO  server.RaftServerConfigKeys (ConfUtils.java:logGet(43)) - raft.server.log.queue.byte-limit = 2147483647 (custom)
2019-10-02 10:56:21,757 [pool-27-thread-1] INFO  server.RaftServerConfigKeys (ConfUtils.java:logGet(43)) - raft.server.log.queue.element-limit = 1024 (custom)
2019-10-02 10:56:21,757 [pool-27-thread-1] INFO  server.RaftServerConfigKeys (ConfUtils.java:logGet(43)) - raft.server.log.segment.size.max = 1048576 (custom)
2019-10-02 10:56:21,757 [pool-27-thread-1] INFO  server.RaftServerConfigKeys (ConfUtils.java:logGet(43)) - raft.server.log.preallocated.size = 16384 (custom)
2019-10-02 10:56:21,757 [pool-27-thread-1] INFO  server.RaftServerConfigKeys (ConfUtils.java:logGet(43)) - raft.server.log.write.buffer.size = 33554432 (custom)
2019-10-02 10:56:21,757 [pool-27-thread-1] INFO  server.RaftServerConfigKeys (ConfUtils.java:logGet(43)) - raft.server.log.force.sync.num = 128 (default)
2019-10-02 10:56:21,757 [pool-27-thread-1] INFO  server.RaftServerConfigKeys (ConfUtils.java:logGet(43)) - raft.server.log.statemachine.data.sync = true (default)
2019-10-02 10:56:21,758 [pool-27-thread-1] INFO  server.RaftServerConfigKeys (ConfUtils.java:logGet(43)) - raft.server.log.statemachine.data.sync.timeout = 10s (default)
2019-10-02 10:56:21,758 [pool-27-thread-1] INFO  server.RaftServerConfigKeys (ConfUtils.java:logGet(43)) - raft.server.log.statemachine.data.sync.timeout.retry = -1 (default)
2019-10-02 10:56:21,758 [pool-27-thread-1] INFO  server.RaftServerConfigKeys (ConfUtils.java:logGet(43)) - raft.server.log.statemachine.data.caching.enabled = true (custom)
2019-10-02 10:56:21,758 [pool-27-thread-1] INFO  segmented.SegmentedRaftLogWorker (SegmentedRaftLogWorker.java:lambda$new$0(128)) - 7df38282-3a3d-4206-964a-9b3301cd1d1f@group-1A77BEA84F5E-SegmentedRaftLogWorker: flushIndex: setUnconditionally 0 -> -1
2019-10-02 10:56:21,759 [pool-27-thread-1] INFO  server.RaftServerConfigKeys (ConfUtils.java:logGet(43)) - raft.server.snapshot.auto.trigger.enabled = true (custom)
2019-10-02 10:56:21,759 [pool-27-thread-1] INFO  server.RaftServerConfigKeys (ConfUtils.java:logGet(43)) - raft.server.snapshot.auto.trigger.threshold = 10000 (custom)
2019-10-02 10:56:21,759 [pool-27-thread-1] INFO  server.RaftServerConfigKeys (ConfUtils.java:logGet(43)) - raft.server.snapshot.retention.file.num = 5 (custom)
2019-10-02 10:56:21,759 [pool-27-thread-1] INFO  server.RaftServerConfigKeys (ConfUtils.java:logGet(43)) - raft.server.retrycache.expirytime = 600000ms (custom)
2019-10-02 10:56:21,763 [pool-27-thread-1] INFO  impl.RaftServerImpl (RaftServerImpl.java:start(181)) - 7df38282-3a3d-4206-964a-9b3301cd1d1f@group-6128F9235CFD: start as a follower, conf=-1: [d3dffc06-1d6a-4f7a-8294-c2dc8ce35b40:192.168.30.53:33785, 7df38282-3a3d-4206-964a-9b3301cd1d1f:192.168.30.53:34960, b25f22f8-54cc-4ffd-bfcd-179cc8cbd7fc:192.168.30.53:42549], old=null
2019-10-02 10:56:21,763 [pool-27-thread-1] INFO  impl.RaftServerImpl (RaftServerImpl.java:setRole(170)) - 7df38282-3a3d-4206-964a-9b3301cd1d1f@group-6128F9235CFD: changes role from      null to FOLLOWER at term 0 for startAsFollower
2019-10-02 10:56:21,763 [pool-27-thread-1] INFO  impl.RoleInfo (RoleInfo.java:updateAndGet(143)) - 7df38282-3a3d-4206-964a-9b3301cd1d1f: start FollowerState
2019-10-02 10:56:21,764 [pool-27-thread-1] INFO  util.JmxRegister (JmxRegister.java:tryRegister(44)) - Successfully registered JMX Bean with object name Ratis:service=RaftServer,group=group-6128F9235CFD,id=7df38282-3a3d-4206-964a-9b3301cd1d1f
2019-10-02 10:56:21,766 [grpc-default-executor-3] INFO  impl.RaftServerImpl (ServerState.java:setRaftConf(356)) - d3dffc06-1d6a-4f7a-8294-c2dc8ce35b40@group-6B83A71B3C43: set configuration 0: [d3dffc06-1d6a-4f7a-8294-c2dc8ce35b40:192.168.30.53:33785, 7df38282-3a3d-4206-964a-9b3301cd1d1f:192.168.30.53:34960, b25f22f8-54cc-4ffd-bfcd-179cc8cbd7fc:192.168.30.53:42549], old=null at 0
2019-10-02 10:56:21,766 [grpc-default-executor-0] INFO  impl.RaftServerImpl (ServerState.java:setRaftConf(356)) - 7df38282-3a3d-4206-964a-9b3301cd1d1f@group-C476C2B24A7C: set configuration 0: [d3dffc06-1d6a-4f7a-8294-c2dc8ce35b40:192.168.30.53:33785, 7df38282-3a3d-4206-964a-9b3301cd1d1f:192.168.30.53:34960, b25f22f8-54cc-4ffd-bfcd-179cc8cbd7fc:192.168.30.53:42549], old=null at 0
2019-10-02 10:56:21,766 [grpc-default-executor-2] INFO  impl.RaftServerImpl (ServerState.java:setRaftConf(356)) - b25f22f8-54cc-4ffd-bfcd-179cc8cbd7fc@group-C476C2B24A7C: set configuration 0: [d3dffc06-1d6a-4f7a-8294-c2dc8ce35b40:192.168.30.53:33785, 7df38282-3a3d-4206-964a-9b3301cd1d1f:192.168.30.53:34960, b25f22f8-54cc-4ffd-bfcd-179cc8cbd7fc:192.168.30.53:42549], old=null at 0
2019-10-02 10:56:21,766 [grpc-default-executor-5] INFO  impl.RaftServerImpl (ServerState.java:setRaftConf(356)) - 7df38282-3a3d-4206-964a-9b3301cd1d1f@group-6B83A71B3C43: set configuration 0: [d3dffc06-1d6a-4f7a-8294-c2dc8ce35b40:192.168.30.53:33785, 7df38282-3a3d-4206-964a-9b3301cd1d1f:192.168.30.53:34960, b25f22f8-54cc-4ffd-bfcd-179cc8cbd7fc:192.168.30.53:42549], old=null at 0
2019-10-02 10:56:21,766 [pool-27-thread-1] INFO  impl.RaftServerImpl (RaftServerImpl.java:start(181)) - 7df38282-3a3d-4206-964a-9b3301cd1d1f@group-BE47439FB225: start as a follower, conf=-1: [d3dffc06-1d6a-4f7a-8294-c2dc8ce35b40:192.168.30.53:33785, 7df38282-3a3d-4206-964a-9b3301cd1d1f:192.168.30.53:34960, b25f22f8-54cc-4ffd-bfcd-179cc8cbd7fc:192.168.30.53:42549], old=null
2019-10-02 10:56:21,766 [grpc-default-executor-5] INFO  segmented.SegmentedRaftLogWorker (SegmentedRaftLogWorker.java:startLogSegment(385)) - 7df38282-3a3d-4206-964a-9b3301cd1d1f@group-6B83A71B3C43-SegmentedRaftLogWorker: Starting segment from index:0
2019-10-02 10:56:21,766 [grpc-default-executor-2] INFO  segmented.SegmentedRaftLogWorker (SegmentedRaftLogWorker.java:startLogSegment(385)) - b25f22f8-54cc-4ffd-bfcd-179cc8cbd7fc@group-C476C2B24A7C-SegmentedRaftLogWorker: Starting segment from index:0
2019-10-02 10:56:21,766 [grpc-default-executor-0] INFO  segmented.SegmentedRaftLogWorker (SegmentedRaftLogWorker.java:startLogSegment(385)) - 7df38282-3a3d-4206-964a-9b3301cd1d1f@group-C476C2B24A7C-SegmentedRaftLogWorker: Starting segment from index:0
2019-10-02 10:56:21,766 [grpc-default-executor-3] INFO  segmented.SegmentedRaftLogWorker (SegmentedRaftLogWorker.java:startLogSegment(385)) - d3dffc06-1d6a-4f7a-8294-c2dc8ce35b40@group-6B83A71B3C43-SegmentedRaftLogWorker: Starting segment from index:0
2019-10-02 10:56:21,766 [pool-27-thread-1] INFO  impl.RaftServerImpl (RaftServerImpl.java:setRole(170)) - 7df38282-3a3d-4206-964a-9b3301cd1d1f@group-BE47439FB225: changes role from      null to FOLLOWER at term 0 for startAsFollower
2019-10-02 10:56:21,767 [pool-27-thread-1] INFO  impl.RoleInfo (RoleInfo.java:updateAndGet(143)) - 7df38282-3a3d-4206-964a-9b3301cd1d1f: start FollowerState
2019-10-02 10:56:21,767 [pool-27-thread-1] INFO  util.JmxRegister (JmxRegister.java:tryRegister(44)) - Successfully registered JMX Bean with object name Ratis:service=RaftServer,group=group-BE47439FB225,id=7df38282-3a3d-4206-964a-9b3301cd1d1f
2019-10-02 10:56:21,769 [pool-27-thread-1] INFO  impl.RaftServerImpl (RaftServerImpl.java:start(181)) - 7df38282-3a3d-4206-964a-9b3301cd1d1f@group-1A77BEA84F5E: start as a follower, conf=-1: [d3dffc06-1d6a-4f7a-8294-c2dc8ce35b40:192.168.30.53:33785, 7df38282-3a3d-4206-964a-9b3301cd1d1f:192.168.30.53:34960, b25f22f8-54cc-4ffd-bfcd-179cc8cbd7fc:192.168.30.53:42549], old=null
2019-10-02 10:56:21,769 [pool-27-thread-1] INFO  impl.RaftServerImpl (RaftServerImpl.java:setRole(170)) - 7df38282-3a3d-4206-964a-9b3301cd1d1f@group-1A77BEA84F5E: changes role from      null to FOLLOWER at term 0 for startAsFollower
2019-10-02 10:56:21,769 [pool-27-thread-1] INFO  impl.RoleInfo (RoleInfo.java:updateAndGet(143)) - 7df38282-3a3d-4206-964a-9b3301cd1d1f: start FollowerState
2019-10-02 10:56:21,770 [pool-27-thread-1] INFO  util.JmxRegister (JmxRegister.java:tryRegister(44)) - Successfully registered JMX Bean with object name Ratis:service=RaftServer,group=group-1A77BEA84F5E,id=7df38282-3a3d-4206-964a-9b3301cd1d1f
2019-10-02 10:56:21,778 [pool-97-thread-1] INFO  storage.RaftStorageDirectory (RaftStorageDirectory.java:tryLock(328)) - Lock on /workdir/hadoop-ozone/integration-test/target/test-dir/MiniOzoneClusterImpl-5f261223-23be-4c6b-a914-4b08f19f7d30/datanode-7/data/ratis/8d670c23-50b6-45b7-93d3-1a77bea84f5e/in_use.lock acquired by nodename 9257@pr-trunk-5xjmm-2411255686
2019-10-02 10:56:21,778 [pool-47-thread-1] INFO  storage.RaftStorage (RaftStorage.java:format(84)) - Storage directory /workdir/hadoop-ozone/integration-test/target/test-dir/MiniOzoneClusterImpl-5f261223-23be-4c6b-a914-4b08f19f7d30/datanode-2/data/ratis/8d670c23-50b6-45b7-93d3-1a77bea84f5e has been successfully formatted.
2019-10-02 10:56:21,778 [pool-47-thread-1] INFO  ratis.ContainerStateMachine (ContainerStateMachine.java:loadSnapshot(230)) - group-1A77BEA84F5E: The snapshot info is null. Setting the last applied indexto:(t:0, i:~)
2019-10-02 10:56:21,778 [pool-47-thread-1] INFO  server.RaftServerConfigKeys (ConfUtils.java:logGet(43)) - raft.server.notification.no-leader.timeout = 120s (custom)
2019-10-02 10:56:21,778 [pool-47-thread-1] INFO  server.RaftServerConfigKeys (ConfUtils.java:logGet(43)) - raft.server.log.use.memory = false (default)
2019-10-02 10:56:21,778 [pool-47-thread-1] INFO  server.RaftServerConfigKeys (ConfUtils.java:logGet(43)) - raft.server.log.purge.gap = 1000000 (custom)
2019-10-02 10:56:21,779 [pool-47-thread-1] INFO  server.RaftServerConfigKeys (ConfUtils.java:logGet(43)) - raft.server.log.appender.buffer.byte-limit = 33554432 (custom)
2019-10-02 10:56:21,779 [pool-47-thread-1] INFO  server.RaftServerConfigKeys (ConfUtils.java:logGet(43)) - raft.server.log.segment.size.max = 1048576 (custom)
2019-10-02 10:56:21,779 [pool-47-thread-1] INFO  server.RaftServerConfigKeys (ConfUtils.java:logGet(43)) - raft.server.log.segment.cache.num.max = 2 (custom)
2019-10-02 10:56:21,779 [pool-47-thread-1] INFO  segmented.SegmentedRaftLogWorker (SegmentedRaftLogWorker.java:<init>(173)) - new d3dffc06-1d6a-4f7a-8294-c2dc8ce35b40@group-1A77BEA84F5E-SegmentedRaftLogWorker for RaftStorage:Storage Directory /workdir/hadoop-ozone/integration-test/target/test-dir/MiniOzoneClusterImpl-5f261223-23be-4c6b-a914-4b08f19f7d30/datanode-2/data/ratis/8d670c23-50b6-45b7-93d3-1a77bea84f5e
2019-10-02 10:56:21,779 [pool-47-thread-1] INFO  server.RaftServerConfigKeys (ConfUtils.java:logGet(43)) - raft.server.log.queue.byte-limit = 2147483647 (custom)
2019-10-02 10:56:21,779 [pool-47-thread-1] INFO  server.RaftServerConfigKeys (ConfUtils.java:logGet(43)) - raft.server.log.queue.element-limit = 1024 (custom)
2019-10-02 10:56:21,779 [pool-47-thread-1] INFO  server.RaftServerConfigKeys (ConfUtils.java:logGet(43)) - raft.server.log.segment.size.max = 1048576 (custom)
2019-10-02 10:56:21,779 [pool-47-thread-1] INFO  server.RaftServerConfigKeys (ConfUtils.java:logGet(43)) - raft.server.log.preallocated.size = 16384 (custom)
2019-10-02 10:56:21,780 [pool-47-thread-1] INFO  server.RaftServerConfigKeys (ConfUtils.java:logGet(43)) - raft.server.log.write.buffer.size = 33554432 (custom)
2019-10-02 10:56:21,780 [pool-47-thread-1] INFO  server.RaftServerConfigKeys (ConfUtils.java:logGet(43)) - raft.server.log.force.sync.num = 128 (default)
2019-10-02 10:56:21,780 [pool-47-thread-1] INFO  server.RaftServerConfigKeys (ConfUtils.java:logGet(43)) - raft.server.log.statemachine.data.sync = true (default)
2019-10-02 10:56:21,780 [pool-47-thread-1] INFO  server.RaftServerConfigKeys (ConfUtils.java:logGet(43)) - raft.server.log.statemachine.data.sync.timeout = 10s (default)
2019-10-02 10:56:21,780 [pool-47-thread-1] INFO  server.RaftServerConfigKeys (ConfUtils.java:logGet(43)) - raft.server.log.statemachine.data.sync.timeout.retry = -1 (default)
2019-10-02 10:56:21,780 [pool-47-thread-1] INFO  server.RaftServerConfigKeys (ConfUtils.java:logGet(43)) - raft.server.log.statemachine.data.caching.enabled = true (custom)
2019-10-02 10:56:21,780 [pool-47-thread-1] INFO  segmented.SegmentedRaftLogWorker (SegmentedRaftLogWorker.java:lambda$new$0(128)) - d3dffc06-1d6a-4f7a-8294-c2dc8ce35b40@group-1A77BEA84F5E-SegmentedRaftLogWorker: flushIndex: setUnconditionally 0 -> -1
2019-10-02 10:56:21,781 [pool-47-thread-1] INFO  server.RaftServerConfigKeys (ConfUtils.java:logGet(43)) - raft.server.snapshot.auto.trigger.enabled = true (custom)
2019-10-02 10:56:21,781 [pool-47-thread-1] INFO  server.RaftServerConfigKeys (ConfUtils.java:logGet(43)) - raft.server.snapshot.auto.trigger.threshold = 10000 (custom)
2019-10-02 10:56:21,781 [pool-47-thread-1] INFO  server.RaftServerConfigKeys (ConfUtils.java:logGet(43)) - raft.server.snapshot.retention.file.num = 5 (custom)
2019-10-02 10:56:21,781 [pool-47-thread-1] INFO  server.RaftServerConfigKeys (ConfUtils.java:logGet(43)) - raft.server.retrycache.expirytime = 600000ms (custom)
2019-10-02 10:56:21,783 [pool-47-thread-1] INFO  impl.RaftServerImpl (RaftServerImpl.java:start(181)) - d3dffc06-1d6a-4f7a-8294-c2dc8ce35b40@group-6128F9235CFD: start as a follower, conf=-1: [d3dffc06-1d6a-4f7a-8294-c2dc8ce35b40:192.168.30.53:33785, 7df38282-3a3d-4206-964a-9b3301cd1d1f:192.168.30.53:34960, b25f22f8-54cc-4ffd-bfcd-179cc8cbd7fc:192.168.30.53:42549], old=null
2019-10-02 10:56:21,783 [pool-47-thread-1] INFO  impl.RaftServerImpl (RaftServerImpl.java:setRole(170)) - d3dffc06-1d6a-4f7a-8294-c2dc8ce35b40@group-6128F9235CFD: changes role from      null to FOLLOWER at term 0 for startAsFollower
2019-10-02 10:56:21,783 [pool-47-thread-1] INFO  impl.RoleInfo (RoleInfo.java:updateAndGet(143)) - d3dffc06-1d6a-4f7a-8294-c2dc8ce35b40: start FollowerState
2019-10-02 10:56:21,784 [pool-47-thread-1] INFO  util.JmxRegister (JmxRegister.java:tryRegister(44)) - Successfully registered JMX Bean with object name Ratis:service=RaftServer,group=group-6128F9235CFD,id=d3dffc06-1d6a-4f7a-8294-c2dc8ce35b40
2019-10-02 10:56:21,786 [pool-47-thread-1] INFO  impl.RaftServerImpl (RaftServerImpl.java:start(181)) - d3dffc06-1d6a-4f7a-8294-c2dc8ce35b40@group-BE47439FB225: start as a follower, conf=-1: [d3dffc06-1d6a-4f7a-8294-c2dc8ce35b40:192.168.30.53:33785, 7df38282-3a3d-4206-964a-9b3301cd1d1f:192.168.30.53:34960, b25f22f8-54cc-4ffd-bfcd-179cc8cbd7fc:192.168.30.53:42549], old=null
2019-10-02 10:56:21,787 [pool-47-thread-1] INFO  impl.RaftServerImpl (RaftServerImpl.java:setRole(170)) - d3dffc06-1d6a-4f7a-8294-c2dc8ce35b40@group-BE47439FB225: changes role from      null to FOLLOWER at term 0 for startAsFollower
2019-10-02 10:56:21,787 [pool-47-thread-1] INFO  impl.RoleInfo (RoleInfo.java:updateAndGet(143)) - d3dffc06-1d6a-4f7a-8294-c2dc8ce35b40: start FollowerState
2019-10-02 10:56:21,787 [pool-47-thread-1] INFO  util.JmxRegister (JmxRegister.java:tryRegister(44)) - Successfully registered JMX Bean with object name Ratis:service=RaftServer,group=group-BE47439FB225,id=d3dffc06-1d6a-4f7a-8294-c2dc8ce35b40
2019-10-02 10:56:21,790 [pool-47-thread-1] INFO  impl.RaftServerImpl (RaftServerImpl.java:start(181)) - d3dffc06-1d6a-4f7a-8294-c2dc8ce35b40@group-1A77BEA84F5E: start as a follower, conf=-1: [d3dffc06-1d6a-4f7a-8294-c2dc8ce35b40:192.168.30.53:33785, 7df38282-3a3d-4206-964a-9b3301cd1d1f:192.168.30.53:34960, b25f22f8-54cc-4ffd-bfcd-179cc8cbd7fc:192.168.30.53:42549], old=null
2019-10-02 10:56:21,790 [pool-47-thread-1] INFO  impl.RaftServerImpl (RaftServerImpl.java:setRole(170)) - d3dffc06-1d6a-4f7a-8294-c2dc8ce35b40@group-1A77BEA84F5E: changes role from      null to FOLLOWER at term 0 for startAsFollower
2019-10-02 10:56:21,790 [pool-47-thread-1] INFO  impl.RoleInfo (RoleInfo.java:updateAndGet(143)) - d3dffc06-1d6a-4f7a-8294-c2dc8ce35b40: start FollowerState
2019-10-02 10:56:21,791 [pool-47-thread-1] INFO  util.JmxRegister (JmxRegister.java:tryRegister(44)) - Successfully registered JMX Bean with object name Ratis:service=RaftServer,group=group-1A77BEA84F5E,id=d3dffc06-1d6a-4f7a-8294-c2dc8ce35b40
2019-10-02 10:56:21,813 [pool-97-thread-1] INFO  storage.RaftStorage (RaftStorage.java:format(84)) - Storage directory /workdir/hadoop-ozone/integration-test/target/test-dir/MiniOzoneClusterImpl-5f261223-23be-4c6b-a914-4b08f19f7d30/datanode-7/data/ratis/8d670c23-50b6-45b7-93d3-1a77bea84f5e has been successfully formatted.
2019-10-02 10:56:21,814 [pool-97-thread-1] INFO  ratis.ContainerStateMachine (ContainerStateMachine.java:loadSnapshot(230)) - group-1A77BEA84F5E: The snapshot info is null. Setting the last applied indexto:(t:0, i:~)
2019-10-02 10:56:21,814 [pool-97-thread-1] INFO  server.RaftServerConfigKeys (ConfUtils.java:logGet(43)) - raft.server.notification.no-leader.timeout = 120s (custom)
2019-10-02 10:56:21,814 [pool-97-thread-1] INFO  server.RaftServerConfigKeys (ConfUtils.java:logGet(43)) - raft.server.log.use.memory = false (default)
2019-10-02 10:56:21,814 [pool-97-thread-1] INFO  server.RaftServerConfigKeys (ConfUtils.java:logGet(43)) - raft.server.log.purge.gap = 1000000 (custom)
2019-10-02 10:56:21,815 [pool-97-thread-1] INFO  server.RaftServerConfigKeys (ConfUtils.java:logGet(43)) - raft.server.log.appender.buffer.byte-limit = 33554432 (custom)
2019-10-02 10:56:21,815 [pool-97-thread-1] INFO  server.RaftServerConfigKeys (ConfUtils.java:logGet(43)) - raft.server.log.segment.size.max = 1048576 (custom)
2019-10-02 10:56:21,815 [pool-97-thread-1] INFO  server.RaftServerConfigKeys (ConfUtils.java:logGet(43)) - raft.server.log.segment.cache.num.max = 2 (custom)
2019-10-02 10:56:21,815 [pool-97-thread-1] INFO  segmented.SegmentedRaftLogWorker (SegmentedRaftLogWorker.java:<init>(173)) - new b25f22f8-54cc-4ffd-bfcd-179cc8cbd7fc@group-1A77BEA84F5E-SegmentedRaftLogWorker for RaftStorage:Storage Directory /workdir/hadoop-ozone/integration-test/target/test-dir/MiniOzoneClusterImpl-5f261223-23be-4c6b-a914-4b08f19f7d30/datanode-7/data/ratis/8d670c23-50b6-45b7-93d3-1a77bea84f5e
2019-10-02 10:56:21,815 [pool-97-thread-1] INFO  server.RaftServerConfigKeys (ConfUtils.java:logGet(43)) - raft.server.log.queue.byte-limit = 2147483647 (custom)
2019-10-02 10:56:21,815 [pool-97-thread-1] INFO  server.RaftServerConfigKeys (ConfUtils.java:logGet(43)) - raft.server.log.queue.element-limit = 1024 (custom)
2019-10-02 10:56:21,815 [pool-97-thread-1] INFO  server.RaftServerConfigKeys (ConfUtils.java:logGet(43)) - raft.server.log.segment.size.max = 1048576 (custom)
2019-10-02 10:56:21,815 [pool-97-thread-1] INFO  server.RaftServerConfigKeys (ConfUtils.java:logGet(43)) - raft.server.log.preallocated.size = 16384 (custom)
2019-10-02 10:56:21,815 [pool-97-thread-1] INFO  server.RaftServerConfigKeys (ConfUtils.java:logGet(43)) - raft.server.log.write.buffer.size = 33554432 (custom)
2019-10-02 10:56:21,816 [pool-97-thread-1] INFO  server.RaftServerConfigKeys (ConfUtils.java:logGet(43)) - raft.server.log.force.sync.num = 128 (default)
2019-10-02 10:56:21,816 [pool-97-thread-1] INFO  server.RaftServerConfigKeys (ConfUtils.java:logGet(43)) - raft.server.log.statemachine.data.sync = true (default)
2019-10-02 10:56:21,816 [pool-97-thread-1] INFO  server.RaftServerConfigKeys (ConfUtils.java:logGet(43)) - raft.server.log.statemachine.data.sync.timeout = 10s (default)
2019-10-02 10:56:21,816 [pool-97-thread-1] INFO  server.RaftServerConfigKeys (ConfUtils.java:logGet(43)) - raft.server.log.statemachine.data.sync.timeout.retry = -1 (default)
2019-10-02 10:56:21,816 [pool-97-thread-1] INFO  server.RaftServerConfigKeys (ConfUtils.java:logGet(43)) - raft.server.log.statemachine.data.caching.enabled = true (custom)
2019-10-02 10:56:21,816 [pool-97-thread-1] INFO  segmented.SegmentedRaftLogWorker (SegmentedRaftLogWorker.java:lambda$new$0(128)) - b25f22f8-54cc-4ffd-bfcd-179cc8cbd7fc@group-1A77BEA84F5E-SegmentedRaftLogWorker: flushIndex: setUnconditionally 0 -> -1
2019-10-02 10:56:21,817 [pool-97-thread-1] INFO  server.RaftServerConfigKeys (ConfUtils.java:logGet(43)) - raft.server.snapshot.auto.trigger.enabled = true (custom)
2019-10-02 10:56:21,817 [pool-97-thread-1] INFO  server.RaftServerConfigKeys (ConfUtils.java:logGet(43)) - raft.server.snapshot.auto.trigger.threshold = 10000 (custom)
2019-10-02 10:56:21,817 [pool-97-thread-1] INFO  server.RaftServerConfigKeys (ConfUtils.java:logGet(43)) - raft.server.snapshot.retention.file.num = 5 (custom)
2019-10-02 10:56:21,817 [pool-97-thread-1] INFO  server.RaftServerConfigKeys (ConfUtils.java:logGet(43)) - raft.server.retrycache.expirytime = 600000ms (custom)
2019-10-02 10:56:21,819 [pool-97-thread-1] INFO  impl.RaftServerImpl (RaftServerImpl.java:start(181)) - b25f22f8-54cc-4ffd-bfcd-179cc8cbd7fc@group-6128F9235CFD: start as a follower, conf=-1: [d3dffc06-1d6a-4f7a-8294-c2dc8ce35b40:192.168.30.53:33785, 7df38282-3a3d-4206-964a-9b3301cd1d1f:192.168.30.53:34960, b25f22f8-54cc-4ffd-bfcd-179cc8cbd7fc:192.168.30.53:42549], old=null
2019-10-02 10:56:21,820 [pool-97-thread-1] INFO  impl.RaftServerImpl (RaftServerImpl.java:setRole(170)) - b25f22f8-54cc-4ffd-bfcd-179cc8cbd7fc@group-6128F9235CFD: changes role from      null to FOLLOWER at term 0 for startAsFollower
2019-10-02 10:56:21,820 [pool-97-thread-1] INFO  impl.RoleInfo (RoleInfo.java:updateAndGet(143)) - b25f22f8-54cc-4ffd-bfcd-179cc8cbd7fc: start FollowerState
2019-10-02 10:56:21,820 [pool-97-thread-1] INFO  util.JmxRegister (JmxRegister.java:tryRegister(44)) - Successfully registered JMX Bean with object name Ratis:service=RaftServer,group=group-6128F9235CFD,id=b25f22f8-54cc-4ffd-bfcd-179cc8cbd7fc
2019-10-02 10:56:21,822 [pool-97-thread-1] INFO  impl.RaftServerImpl (RaftServerImpl.java:start(181)) - b25f22f8-54cc-4ffd-bfcd-179cc8cbd7fc@group-BE47439FB225: start as a follower, conf=-1: [d3dffc06-1d6a-4f7a-8294-c2dc8ce35b40:192.168.30.53:33785, 7df38282-3a3d-4206-964a-9b3301cd1d1f:192.168.30.53:34960, b25f22f8-54cc-4ffd-bfcd-179cc8cbd7fc:192.168.30.53:42549], old=null
2019-10-02 10:56:21,822 [pool-97-thread-1] INFO  impl.RaftServerImpl (RaftServerImpl.java:setRole(170)) - b25f22f8-54cc-4ffd-bfcd-179cc8cbd7fc@group-BE47439FB225: changes role from      null to FOLLOWER at term 0 for startAsFollower
2019-10-02 10:56:21,823 [pool-97-thread-1] INFO  impl.RoleInfo (RoleInfo.java:updateAndGet(143)) - b25f22f8-54cc-4ffd-bfcd-179cc8cbd7fc: start FollowerState
2019-10-02 10:56:21,823 [pool-97-thread-1] INFO  util.JmxRegister (JmxRegister.java:tryRegister(44)) - Successfully registered JMX Bean with object name Ratis:service=RaftServer,group=group-BE47439FB225,id=b25f22f8-54cc-4ffd-bfcd-179cc8cbd7fc
2019-10-02 10:56:21,823 [pool-97-thread-1] INFO  lib.Interns (Interns.java:removeEldestEntry(50)) - Metrics intern cache overflow at 2011 for MetricsSystem={MetricsSystem=MetricsInfoImpl{name=MetricsSystem, description=MetricsSystem}, MetricsSystem record=MetricsInfoImpl{name=MetricsSystem, description=MetricsSystem record}}
2019-10-02 10:56:21,825 [pool-97-thread-1] INFO  impl.RaftServerImpl (RaftServerImpl.java:start(181)) - b25f22f8-54cc-4ffd-bfcd-179cc8cbd7fc@group-1A77BEA84F5E: start as a follower, conf=-1: [d3dffc06-1d6a-4f7a-8294-c2dc8ce35b40:192.168.30.53:33785, 7df38282-3a3d-4206-964a-9b3301cd1d1f:192.168.30.53:34960, b25f22f8-54cc-4ffd-bfcd-179cc8cbd7fc:192.168.30.53:42549], old=null
2019-10-02 10:56:21,826 [pool-97-thread-1] INFO  impl.RaftServerImpl (RaftServerImpl.java:setRole(170)) - b25f22f8-54cc-4ffd-bfcd-179cc8cbd7fc@group-1A77BEA84F5E: changes role from      null to FOLLOWER at term 0 for startAsFollower
2019-10-02 10:56:21,826 [pool-97-thread-1] INFO  impl.RoleInfo (RoleInfo.java:updateAndGet(143)) - b25f22f8-54cc-4ffd-bfcd-179cc8cbd7fc: start FollowerState
2019-10-02 10:56:21,826 [pool-97-thread-1] INFO  util.JmxRegister (JmxRegister.java:tryRegister(44)) - Successfully registered JMX Bean with object name Ratis:service=RaftServer,group=group-1A77BEA84F5E,id=b25f22f8-54cc-4ffd-bfcd-179cc8cbd7fc
2019-10-02 10:56:21,834 [IPC Server handler 0 on 35276] INFO  pipeline.PipelineStateManager (PipelineStateManager.java:addPipeline(56)) - Created pipeline Pipeline[ Id: 8d670c23-50b6-45b7-93d3-1a77bea84f5e, Nodes: b25f22f8-54cc-4ffd-bfcd-179cc8cbd7fc{ip: 192.168.30.53, host: pr-trunk-5xjmm-2411255686, networkLocation: /default-rack, certSerialId: null}7df38282-3a3d-4206-964a-9b3301cd1d1f{ip: 192.168.30.53, host: pr-trunk-5xjmm-2411255686, networkLocation: /default-rack, certSerialId: null}d3dffc06-1d6a-4f7a-8294-c2dc8ce35b40{ip: 192.168.30.53, host: pr-trunk-5xjmm-2411255686, networkLocation: /default-rack, certSerialId: null}, Type:RATIS, Factor:THREE, State:OPEN]
2019-10-02 10:56:21,841 [b25f22f8-54cc-4ffd-bfcd-179cc8cbd7fc@group-C476C2B24A7C-SegmentedRaftLogWorker] INFO  segmented.SegmentedRaftLogWorker (SegmentedRaftLogWorker.java:execute(574)) - b25f22f8-54cc-4ffd-bfcd-179cc8cbd7fc@group-C476C2B24A7C-SegmentedRaftLogWorker: created new log segment /workdir/hadoop-ozone/integration-test/target/test-dir/MiniOzoneClusterImpl-5f261223-23be-4c6b-a914-4b08f19f7d30/datanode-7/data/ratis/3dbeae5b-3f9b-4a17-82cd-c476c2b24a7c/current/log_inprogress_0
2019-10-02 10:56:21,841 [d3dffc06-1d6a-4f7a-8294-c2dc8ce35b40@group-6B83A71B3C43-SegmentedRaftLogWorker] INFO  segmented.SegmentedRaftLogWorker (SegmentedRaftLogWorker.java:execute(574)) - d3dffc06-1d6a-4f7a-8294-c2dc8ce35b40@group-6B83A71B3C43-SegmentedRaftLogWorker: created new log segment /workdir/hadoop-ozone/integration-test/target/test-dir/MiniOzoneClusterImpl-5f261223-23be-4c6b-a914-4b08f19f7d30/datanode-2/data/ratis/ede7d5a2-8296-48c9-9101-6b83a71b3c43/current/log_inprogress_0
2019-10-02 10:56:21,841 [7df38282-3a3d-4206-964a-9b3301cd1d1f@group-C476C2B24A7C-SegmentedRaftLogWorker] INFO  segmented.SegmentedRaftLogWorker (SegmentedRaftLogWorker.java:execute(574)) - 7df38282-3a3d-4206-964a-9b3301cd1d1f@group-C476C2B24A7C-SegmentedRaftLogWorker: created new log segment /workdir/hadoop-ozone/integration-test/target/test-dir/MiniOzoneClusterImpl-5f261223-23be-4c6b-a914-4b08f19f7d30/datanode-0/data/ratis/3dbeae5b-3f9b-4a17-82cd-c476c2b24a7c/current/log_inprogress_0
2019-10-02 10:56:21,841 [7df38282-3a3d-4206-964a-9b3301cd1d1f@group-6B83A71B3C43-SegmentedRaftLogWorker] INFO  segmented.SegmentedRaftLogWorker (SegmentedRaftLogWorker.java:execute(574)) - 7df38282-3a3d-4206-964a-9b3301cd1d1f@group-6B83A71B3C43-SegmentedRaftLogWorker: created new log segment /workdir/hadoop-ozone/integration-test/target/test-dir/MiniOzoneClusterImpl-5f261223-23be-4c6b-a914-4b08f19f7d30/datanode-0/data/ratis/ede7d5a2-8296-48c9-9101-6b83a71b3c43/current/log_inprogress_0
2019-10-02 10:56:21,861 [main] INFO  ozone.MiniOzoneClusterImpl (MiniOzoneClusterImpl.java:shutdown(314)) - Shutting down the Mini Ozone Cluster
2019-10-02 10:56:21,861 [main] INFO  ozone.MiniOzoneClusterImpl (MiniOzoneClusterImpl.java:stop(330)) - Stopping the Mini Ozone Cluster
2019-10-02 10:56:21,861 [main] INFO  ozone.MiniOzoneClusterImpl (MiniOzoneClusterImpl.java:stopOM(400)) - Stopping the OzoneManager
2019-10-02 10:56:21,861 [main] INFO  ipc.Server (Server.java:stop(3082)) - Stopping server on 39449
2019-10-02 10:56:21,888 [IPC Server listener on 39449] INFO  ipc.Server (Server.java:run(1185)) - Stopping IPC Server listener on 39449
2019-10-02 10:56:21,897 [main] INFO  ratis.OzoneManagerDoubleBuffer (OzoneManagerDoubleBuffer.java:stop(248)) - Stopping OMDoubleBuffer flush thread
2019-10-02 10:56:21,899 [IPC Server Responder] INFO  ipc.Server (Server.java:run(1319)) - Stopping IPC Server Responder
2019-10-02 10:56:21,900 [OMDoubleBufferFlushThread] INFO  ratis.OzoneManagerDoubleBuffer (OzoneManagerDoubleBuffer.java:flushTransactions(191)) - OMDoubleBuffer flush thread OMDoubleBufferFlushThread is interrupted and will exit. OMDoubleBufferFlushThread
2019-10-02 10:56:21,902 [main] INFO  utils.BackgroundService (BackgroundService.java:shutdown(148)) - Shutting down service KeyDeletingService
2019-10-02 10:56:21,907 [main] INFO  handler.ContextHandler (ContextHandler.java:doStop(910)) - Stopped o.e.j.w.WebAppContext@af78c87{/,null,UNAVAILABLE}{/ozoneManager}
2019-10-02 10:56:21,913 [main] INFO  server.AbstractConnector (AbstractConnector.java:doStop(318)) - Stopped ServerConnector@773dab28{HTTP/1.1,[http/1.1]}{0.0.0.0:0}
2019-10-02 10:56:21,914 [main] INFO  handler.ContextHandler (ContextHandler.java:doStop(910)) - Stopped o.e.j.s.ServletContextHandler@4cafa9aa{/static,file:///workdir/hadoop-ozone/integration-test/target/test-classes/webapps/static,UNAVAILABLE}
2019-10-02 10:56:21,914 [main] INFO  handler.ContextHandler (ContextHandler.java:doStop(910)) - Stopped o.e.j.s.ServletContextHandler@963176{/logs,file:///workdir/hadoop-ozone/integration-test/target/log,UNAVAILABLE}
2019-10-02 10:56:21,918 [main] INFO  ozone.MiniOzoneClusterImpl (MiniOzoneClusterImpl.java:stopDatanodes(377)) - Stopping the HddsDatanodes
2019-10-02 10:56:22,644 [Thread-446] INFO  impl.FollowerState (FollowerState.java:run(108)) - d3dffc06-1d6a-4f7a-8294-c2dc8ce35b40@group-ABAF19C3FAB0-FollowerState: change to CANDIDATE, lastRpcTime:1070ms, electionTimeout:1070ms
2019-10-02 10:56:22,644 [Thread-446] INFO  impl.RoleInfo (RoleInfo.java:shutdownFollowerState(121)) - d3dffc06-1d6a-4f7a-8294-c2dc8ce35b40: shutdown FollowerState
2019-10-02 10:56:22,644 [Thread-446] INFO  impl.RaftServerImpl (RaftServerImpl.java:setRole(170)) - d3dffc06-1d6a-4f7a-8294-c2dc8ce35b40@group-ABAF19C3FAB0: changes role from  FOLLOWER to CANDIDATE at term 4 for changeToCandidate
2019-10-02 10:56:22,645 [Thread-446] INFO  impl.RoleInfo (RoleInfo.java:updateAndGet(143)) - d3dffc06-1d6a-4f7a-8294-c2dc8ce35b40: start LeaderElection
2019-10-02 10:56:22,674 [d3dffc06-1d6a-4f7a-8294-c2dc8ce35b40@group-ABAF19C3FAB0-LeaderElection32] INFO  impl.LeaderElection (LeaderElection.java:askForVotes(178)) - d3dffc06-1d6a-4f7a-8294-c2dc8ce35b40@group-ABAF19C3FAB0-LeaderElection32: begin an election at term 5 for -1: [d3dffc06-1d6a-4f7a-8294-c2dc8ce35b40:192.168.30.53:33785, 7df38282-3a3d-4206-964a-9b3301cd1d1f:192.168.30.53:34960, b25f22f8-54cc-4ffd-bfcd-179cc8cbd7fc:192.168.30.53:42549], old=null
2019-10-02 10:56:22,677 [Datanode State Machine Thread - 0] INFO  statemachine.DatanodeStateMachine (DatanodeStateMachine.java:lambda$startDaemon$0(350)) - Ozone container server started.
2019-10-02 10:56:22,680 [grpc-default-executor-2] INFO  impl.RaftServerImpl (RaftServerImpl.java:setRole(170)) - b25f22f8-54cc-4ffd-bfcd-179cc8cbd7fc@group-ABAF19C3FAB0: changes role from  FOLLOWER to FOLLOWER at term 5 for recognizeCandidate:d3dffc06-1d6a-4f7a-8294-c2dc8ce35b40
2019-10-02 10:56:22,680 [grpc-default-executor-5] INFO  impl.RaftServerImpl (RaftServerImpl.java:setRole(170)) - 7df38282-3a3d-4206-964a-9b3301cd1d1f@group-ABAF19C3FAB0: changes role from  FOLLOWER to FOLLOWER at term 5 for recognizeCandidate:d3dffc06-1d6a-4f7a-8294-c2dc8ce35b40
2019-10-02 10:56:22,680 [grpc-default-executor-2] INFO  impl.RoleInfo (RoleInfo.java:shutdownFollowerState(121)) - b25f22f8-54cc-4ffd-bfcd-179cc8cbd7fc: shutdown FollowerState
2019-10-02 10:56:22,680 [grpc-default-executor-5] INFO  impl.RoleInfo (RoleInfo.java:shutdownFollowerState(121)) - 7df38282-3a3d-4206-964a-9b3301cd1d1f: shutdown FollowerState
2019-10-02 10:56:22,680 [grpc-default-executor-2] INFO  impl.RoleInfo (RoleInfo.java:updateAndGet(143)) - b25f22f8-54cc-4ffd-bfcd-179cc8cbd7fc: start FollowerState
2019-10-02 10:56:22,681 [Thread-452] INFO  impl.FollowerState (FollowerState.java:run(117)) - 7df38282-3a3d-4206-964a-9b3301cd1d1f@group-ABAF19C3FAB0-FollowerState was interrupted: java.lang.InterruptedException: sleep interrupted
2019-10-02 10:56:22,681 [grpc-default-executor-5] INFO  impl.RoleInfo (RoleInfo.java:updateAndGet(143)) - 7df38282-3a3d-4206-964a-9b3301cd1d1f: start FollowerState
2019-10-02 10:56:22,680 [Thread-450] INFO  impl.FollowerState (FollowerState.java:run(117)) - b25f22f8-54cc-4ffd-bfcd-179cc8cbd7fc@group-ABAF19C3FAB0-FollowerState was interrupted: java.lang.InterruptedException: sleep interrupted
2019-10-02 10:56:22,715 [d3dffc06-1d6a-4f7a-8294-c2dc8ce35b40@group-ABAF19C3FAB0-LeaderElection32] INFO  impl.LeaderElection (LeaderElection.java:logAndReturn(56)) - d3dffc06-1d6a-4f7a-8294-c2dc8ce35b40@group-ABAF19C3FAB0-LeaderElection32: Election PASSED; received 1 response(s) [d3dffc06-1d6a-4f7a-8294-c2dc8ce35b40<-b25f22f8-54cc-4ffd-bfcd-179cc8cbd7fc#0:OK-t5] and 0 exception(s); d3dffc06-1d6a-4f7a-8294-c2dc8ce35b40@group-ABAF19C3FAB0:t5, leader=null, voted=d3dffc06-1d6a-4f7a-8294-c2dc8ce35b40, raftlog=d3dffc06-1d6a-4f7a-8294-c2dc8ce35b40@group-ABAF19C3FAB0-SegmentedRaftLog:OPENED:c-1,f-1,i0, conf=-1: [d3dffc06-1d6a-4f7a-8294-c2dc8ce35b40:192.168.30.53:33785, 7df38282-3a3d-4206-964a-9b3301cd1d1f:192.168.30.53:34960, b25f22f8-54cc-4ffd-bfcd-179cc8cbd7fc:192.168.30.53:42549], old=null
2019-10-02 10:56:22,715 [d3dffc06-1d6a-4f7a-8294-c2dc8ce35b40@group-ABAF19C3FAB0-LeaderElection32] INFO  impl.RoleInfo (RoleInfo.java:shutdownLeaderElection(134)) - d3dffc06-1d6a-4f7a-8294-c2dc8ce35b40: shutdown LeaderElection
2019-10-02 10:56:22,715 [d3dffc06-1d6a-4f7a-8294-c2dc8ce35b40@group-ABAF19C3FAB0-LeaderElection32] INFO  impl.RaftServerImpl (RaftServerImpl.java:setRole(170)) - d3dffc06-1d6a-4f7a-8294-c2dc8ce35b40@group-ABAF19C3FAB0: changes role from CANDIDATE to LEADER at term 5 for changeToLeader
2019-10-02 10:56:22,715 [d3dffc06-1d6a-4f7a-8294-c2dc8ce35b40@group-ABAF19C3FAB0-LeaderElection32] INFO  impl.RaftServerImpl (ServerState.java:setLeader(255)) - d3dffc06-1d6a-4f7a-8294-c2dc8ce35b40@group-ABAF19C3FAB0: change Leader from null to d3dffc06-1d6a-4f7a-8294-c2dc8ce35b40 at term 5 for becomeLeader, leader elected after 18058ms
2019-10-02 10:56:22,715 [d3dffc06-1d6a-4f7a-8294-c2dc8ce35b40@group-ABAF19C3FAB0-LeaderElection32] INFO  server.RaftServerConfigKeys (ConfUtils.java:logGet(43)) - raft.server.staging.catchup.gap = 1000 (default)
2019-10-02 10:56:22,716 [d3dffc06-1d6a-4f7a-8294-c2dc8ce35b40@group-ABAF19C3FAB0-LeaderElection32] INFO  server.RaftServerConfigKeys (ConfUtils.java:logGet(43)) - raft.server.rpc.sleep.time = 25ms (default)
2019-10-02 10:56:22,716 [d3dffc06-1d6a-4f7a-8294-c2dc8ce35b40@group-ABAF19C3FAB0-LeaderElection32] INFO  server.RaftServerConfigKeys (ConfUtils.java:logGet(43)) - raft.server.write.element-limit = 4096 (default)
2019-10-02 10:56:22,716 [d3dffc06-1d6a-4f7a-8294-c2dc8ce35b40@group-ABAF19C3FAB0-LeaderElection32] INFO  server.RaftServerConfigKeys (ConfUtils.java:logGet(43)) - raft.server.watch.timeout = 10s (default)
2019-10-02 10:56:22,716 [d3dffc06-1d6a-4f7a-8294-c2dc8ce35b40@group-ABAF19C3FAB0-LeaderElection32] INFO  server.RaftServerConfigKeys (ConfUtils.java:logGet(43)) - raft.server.watch.timeout.denomination = 1s (default)
2019-10-02 10:56:22,716 [d3dffc06-1d6a-4f7a-8294-c2dc8ce35b40@group-ABAF19C3FAB0-LeaderElection32] INFO  server.RaftServerConfigKeys (ConfUtils.java:logGet(43)) - raft.server.watch.element-limit = 65536 (default)
2019-10-02 10:56:22,718 [d3dffc06-1d6a-4f7a-8294-c2dc8ce35b40@group-ABAF19C3FAB0-LeaderElection32] INFO  server.RaftServerConfigKeys (ConfUtils.java:logGet(43)) - raft.server.log.appender.snapshot.chunk.size.max = 16MB (=16777216) (default)
2019-10-02 10:56:22,719 [d3dffc06-1d6a-4f7a-8294-c2dc8ce35b40@group-ABAF19C3FAB0-LeaderElection32] INFO  server.RaftServerConfigKeys (ConfUtils.java:logGet(43)) - raft.server.log.appender.buffer.byte-limit = 33554432 (custom)
2019-10-02 10:56:22,719 [d3dffc06-1d6a-4f7a-8294-c2dc8ce35b40@group-ABAF19C3FAB0-LeaderElection32] INFO  server.RaftServerConfigKeys (ConfUtils.java:logGet(43)) - raft.server.log.appender.buffer.element-limit = 1 (custom)
2019-10-02 10:56:22,719 [d3dffc06-1d6a-4f7a-8294-c2dc8ce35b40@group-ABAF19C3FAB0-LeaderElection32] INFO  grpc.GrpcConfigKeys$Server (ConfUtils.java:logGet(43)) - raft.grpc.server.leader.outstanding.appends.max = 128 (default)
2019-10-02 10:56:22,719 [d3dffc06-1d6a-4f7a-8294-c2dc8ce35b40@group-ABAF19C3FAB0-LeaderElection32] INFO  server.RaftServerConfigKeys (ConfUtils.java:logGet(43)) - raft.server.rpc.request.timeout = 3000ms (default)
2019-10-02 10:56:22,719 [d3dffc06-1d6a-4f7a-8294-c2dc8ce35b40@group-ABAF19C3FAB0-LeaderElection32] INFO  server.RaftServerConfigKeys (ConfUtils.java:logGet(43)) - raft.server.log.appender.install.snapshot.enabled = false (custom)
2019-10-02 10:56:22,720 [d3dffc06-1d6a-4f7a-8294-c2dc8ce35b40@group-ABAF19C3FAB0-LeaderElection32] INFO  server.RaftServerConfigKeys (ConfUtils.java:logGet(43)) - raft.server.log.appender.snapshot.chunk.size.max = 16MB (=16777216) (default)
2019-10-02 10:56:22,720 [d3dffc06-1d6a-4f7a-8294-c2dc8ce35b40@group-ABAF19C3FAB0-LeaderElection32] INFO  server.RaftServerConfigKeys (ConfUtils.java:logGet(43)) - raft.server.log.appender.buffer.byte-limit = 33554432 (custom)
2019-10-02 10:56:22,720 [d3dffc06-1d6a-4f7a-8294-c2dc8ce35b40@group-ABAF19C3FAB0-LeaderElection32] INFO  server.RaftServerConfigKeys (ConfUtils.java:logGet(43)) - raft.server.log.appender.buffer.element-limit = 1 (custom)
2019-10-02 10:56:22,720 [d3dffc06-1d6a-4f7a-8294-c2dc8ce35b40@group-ABAF19C3FAB0-LeaderElection32] INFO  grpc.GrpcConfigKeys$Server (ConfUtils.java:logGet(43)) - raft.grpc.server.leader.outstanding.appends.max = 128 (default)
2019-10-02 10:56:22,720 [d3dffc06-1d6a-4f7a-8294-c2dc8ce35b40@group-ABAF19C3FAB0-LeaderElection32] INFO  server.RaftServerConfigKeys (ConfUtils.java:logGet(43)) - raft.server.rpc.request.timeout = 3000ms (default)
2019-10-02 10:56:22,720 [d3dffc06-1d6a-4f7a-8294-c2dc8ce35b40@group-ABAF19C3FAB0-LeaderElection32] INFO  server.RaftServerConfigKeys (ConfUtils.java:logGet(43)) - raft.server.log.appender.install.snapshot.enabled = false (custom)
2019-10-02 10:56:22,721 [d3dffc06-1d6a-4f7a-8294-c2dc8ce35b40@group-ABAF19C3FAB0-LeaderElection32] INFO  impl.RoleInfo (RoleInfo.java:updateAndGet(143)) - d3dffc06-1d6a-4f7a-8294-c2dc8ce35b40: start LeaderState
2019-10-02 10:56:22,721 [d3dffc06-1d6a-4f7a-8294-c2dc8ce35b40@group-ABAF19C3FAB0-LeaderElection32] INFO  segmented.SegmentedRaftLogWorker (SegmentedRaftLogWorker.java:startLogSegment(385)) - d3dffc06-1d6a-4f7a-8294-c2dc8ce35b40@group-ABAF19C3FAB0-SegmentedRaftLogWorker: Starting segment from index:0
2019-10-02 10:56:22,722 [d3dffc06-1d6a-4f7a-8294-c2dc8ce35b40@group-ABAF19C3FAB0-LeaderElection32] INFO  impl.RaftServerImpl (ServerState.java:setRaftConf(356)) - d3dffc06-1d6a-4f7a-8294-c2dc8ce35b40@group-ABAF19C3FAB0: set configuration 0: [d3dffc06-1d6a-4f7a-8294-c2dc8ce35b40:192.168.30.53:33785, 7df38282-3a3d-4206-964a-9b3301cd1d1f:192.168.30.53:34960, b25f22f8-54cc-4ffd-bfcd-179cc8cbd7fc:192.168.30.53:42549], old=null at 0
2019-10-02 10:56:22,725 [grpc-default-executor-5] INFO  impl.RaftServerImpl (ServerState.java:setLeader(255)) - b25f22f8-54cc-4ffd-bfcd-179cc8cbd7fc@group-ABAF19C3FAB0: change Leader from null to d3dffc06-1d6a-4f7a-8294-c2dc8ce35b40 at term 5 for appendEntries, leader elected after 18068ms
2019-10-02 10:56:22,751 [grpc-default-executor-2] INFO  impl.RaftServerImpl (ServerState.java:setLeader(255)) - 7df38282-3a3d-4206-964a-9b3301cd1d1f@group-ABAF19C3FAB0: change Leader from null to d3dffc06-1d6a-4f7a-8294-c2dc8ce35b40 at term 5 for appendEntries, leader elected after 18068ms
2019-10-02 10:56:22,757 [grpc-default-executor-5] INFO  impl.RaftServerImpl (ServerState.java:setRaftConf(356)) - 7df38282-3a3d-4206-964a-9b3301cd1d1f@group-ABAF19C3FAB0: set configuration 0: [d3dffc06-1d6a-4f7a-8294-c2dc8ce35b40:192.168.30.53:33785, 7df38282-3a3d-4206-964a-9b3301cd1d1f:192.168.30.53:34960, b25f22f8-54cc-4ffd-bfcd-179cc8cbd7fc:192.168.30.53:42549], old=null at 0
2019-10-02 10:56:22,757 [grpc-default-executor-2] INFO  impl.RaftServerImpl (ServerState.java:setRaftConf(356)) - b25f22f8-54cc-4ffd-bfcd-179cc8cbd7fc@group-ABAF19C3FAB0: set configuration 0: [d3dffc06-1d6a-4f7a-8294-c2dc8ce35b40:192.168.30.53:33785, 7df38282-3a3d-4206-964a-9b3301cd1d1f:192.168.30.53:34960, b25f22f8-54cc-4ffd-bfcd-179cc8cbd7fc:192.168.30.53:42549], old=null at 0
2019-10-02 10:56:22,757 [grpc-default-executor-5] INFO  segmented.SegmentedRaftLogWorker (SegmentedRaftLogWorker.java:startLogSegment(385)) - 7df38282-3a3d-4206-964a-9b3301cd1d1f@group-ABAF19C3FAB0-SegmentedRaftLogWorker: Starting segment from index:0
2019-10-02 10:56:22,757 [grpc-default-executor-2] INFO  segmented.SegmentedRaftLogWorker (SegmentedRaftLogWorker.java:startLogSegment(385)) - b25f22f8-54cc-4ffd-bfcd-179cc8cbd7fc@group-ABAF19C3FAB0-SegmentedRaftLogWorker: Starting segment from index:0
2019-10-02 10:56:22,765 [Thread-463] INFO  impl.FollowerState (FollowerState.java:run(108)) - 7df38282-3a3d-4206-964a-9b3301cd1d1f@group-49987F7A8A7C-FollowerState: change to CANDIDATE, lastRpcTime:1083ms, electionTimeout:1083ms
2019-10-02 10:56:22,766 [Thread-463] INFO  impl.RoleInfo (RoleInfo.java:shutdownFollowerState(121)) - 7df38282-3a3d-4206-964a-9b3301cd1d1f: shutdown FollowerState
2019-10-02 10:56:22,766 [Thread-463] INFO  impl.RaftServerImpl (RaftServerImpl.java:setRole(170)) - 7df38282-3a3d-4206-964a-9b3301cd1d1f@group-49987F7A8A7C: changes role from  FOLLOWER to CANDIDATE at term 0 for changeToCandidate
2019-10-02 10:56:22,766 [Thread-463] INFO  impl.RoleInfo (RoleInfo.java:updateAndGet(143)) - 7df38282-3a3d-4206-964a-9b3301cd1d1f: start LeaderElection
2019-10-02 10:56:22,791 [d3dffc06-1d6a-4f7a-8294-c2dc8ce35b40@group-ABAF19C3FAB0-SegmentedRaftLogWorker] INFO  segmented.SegmentedRaftLogWorker (SegmentedRaftLogWorker.java:execute(574)) - d3dffc06-1d6a-4f7a-8294-c2dc8ce35b40@group-ABAF19C3FAB0-SegmentedRaftLogWorker: created new log segment /workdir/hadoop-ozone/integration-test/target/test-dir/MiniOzoneClusterImpl-5f261223-23be-4c6b-a914-4b08f19f7d30/datanode-2/data/ratis/de56a06a-588d-4871-b7e3-abaf19c3fab0/current/log_inprogress_0
2019-10-02 10:56:22,807 [Thread-471] INFO  impl.FollowerState (FollowerState.java:run(108)) - d3dffc06-1d6a-4f7a-8294-c2dc8ce35b40@group-49987F7A8A7C-FollowerState: change to CANDIDATE, lastRpcTime:1093ms, electionTimeout:1092ms
2019-10-02 10:56:22,807 [Thread-471] INFO  impl.RoleInfo (RoleInfo.java:shutdownFollowerState(121)) - d3dffc06-1d6a-4f7a-8294-c2dc8ce35b40: shutdown FollowerState
2019-10-02 10:56:22,807 [Thread-471] INFO  impl.RaftServerImpl (RaftServerImpl.java:setRole(170)) - d3dffc06-1d6a-4f7a-8294-c2dc8ce35b40@group-49987F7A8A7C: changes role from  FOLLOWER to CANDIDATE at term 0 for changeToCandidate
2019-10-02 10:56:22,807 [Thread-471] INFO  impl.RoleInfo (RoleInfo.java:updateAndGet(143)) - d3dffc06-1d6a-4f7a-8294-c2dc8ce35b40: start LeaderElection
2019-10-02 10:56:22,813 [7df38282-3a3d-4206-964a-9b3301cd1d1f@group-ABAF19C3FAB0-SegmentedRaftLogWorker] INFO  segmented.SegmentedRaftLogWorker (SegmentedRaftLogWorker.java:execute(574)) - 7df38282-3a3d-4206-964a-9b3301cd1d1f@group-ABAF19C3FAB0-SegmentedRaftLogWorker: created new log segment /workdir/hadoop-ozone/integration-test/target/test-dir/MiniOzoneClusterImpl-5f261223-23be-4c6b-a914-4b08f19f7d30/datanode-0/data/ratis/de56a06a-588d-4871-b7e3-abaf19c3fab0/current/log_inprogress_0
2019-10-02 10:56:22,813 [b25f22f8-54cc-4ffd-bfcd-179cc8cbd7fc@group-ABAF19C3FAB0-SegmentedRaftLogWorker] INFO  segmented.SegmentedRaftLogWorker (SegmentedRaftLogWorker.java:execute(574)) - b25f22f8-54cc-4ffd-bfcd-179cc8cbd7fc@group-ABAF19C3FAB0-SegmentedRaftLogWorker: created new log segment /workdir/hadoop-ozone/integration-test/target/test-dir/MiniOzoneClusterImpl-5f261223-23be-4c6b-a914-4b08f19f7d30/datanode-7/data/ratis/de56a06a-588d-4871-b7e3-abaf19c3fab0/current/log_inprogress_0
2019-10-02 10:56:22,822 [Thread-484] INFO  impl.FollowerState (FollowerState.java:run(108)) - 7df38282-3a3d-4206-964a-9b3301cd1d1f@group-1A77BEA84F5E-FollowerState: change to CANDIDATE, lastRpcTime:1052ms, electionTimeout:1052ms
2019-10-02 10:56:22,822 [Thread-484] INFO  impl.RoleInfo (RoleInfo.java:shutdownFollowerState(121)) - 7df38282-3a3d-4206-964a-9b3301cd1d1f: shutdown FollowerState
2019-10-02 10:56:22,822 [Thread-484] INFO  impl.RaftServerImpl (RaftServerImpl.java:setRole(170)) - 7df38282-3a3d-4206-964a-9b3301cd1d1f@group-1A77BEA84F5E: changes role from  FOLLOWER to CANDIDATE at term 0 for changeToCandidate
2019-10-02 10:56:22,822 [Thread-484] INFO  impl.RoleInfo (RoleInfo.java:updateAndGet(143)) - 7df38282-3a3d-4206-964a-9b3301cd1d1f: start LeaderElection
2019-10-02 10:56:22,836 [7df38282-3a3d-4206-964a-9b3301cd1d1f@group-49987F7A8A7C-LeaderElection33] INFO  impl.LeaderElection (LeaderElection.java:askForVotes(178)) - 7df38282-3a3d-4206-964a-9b3301cd1d1f@group-49987F7A8A7C-LeaderElection33: begin an election at term 1 for -1: [d3dffc06-1d6a-4f7a-8294-c2dc8ce35b40:192.168.30.53:33785, 7df38282-3a3d-4206-964a-9b3301cd1d1f:192.168.30.53:34960, b25f22f8-54cc-4ffd-bfcd-179cc8cbd7fc:192.168.30.53:42549], old=null
2019-10-02 10:56:22,836 [d3dffc06-1d6a-4f7a-8294-c2dc8ce35b40@group-49987F7A8A7C-LeaderElection34] INFO  impl.LeaderElection (LeaderElection.java:askForVotes(178)) - d3dffc06-1d6a-4f7a-8294-c2dc8ce35b40@group-49987F7A8A7C-LeaderElection34: begin an election at term 1 for -1: [d3dffc06-1d6a-4f7a-8294-c2dc8ce35b40:192.168.30.53:33785, 7df38282-3a3d-4206-964a-9b3301cd1d1f:192.168.30.53:34960, b25f22f8-54cc-4ffd-bfcd-179cc8cbd7fc:192.168.30.53:42549], old=null
2019-10-02 10:56:22,842 [grpc-default-executor-2] INFO  impl.RaftServerImpl (RaftServerImpl.java:setRole(170)) - b25f22f8-54cc-4ffd-bfcd-179cc8cbd7fc@group-49987F7A8A7C: changes role from  FOLLOWER to FOLLOWER at term 1 for recognizeCandidate:d3dffc06-1d6a-4f7a-8294-c2dc8ce35b40
2019-10-02 10:56:22,843 [grpc-default-executor-2] INFO  impl.RoleInfo (RoleInfo.java:shutdownFollowerState(121)) - b25f22f8-54cc-4ffd-bfcd-179cc8cbd7fc: shutdown FollowerState
2019-10-02 10:56:22,843 [grpc-default-executor-2] INFO  impl.RoleInfo (RoleInfo.java:updateAndGet(143)) - b25f22f8-54cc-4ffd-bfcd-179cc8cbd7fc: start FollowerState
2019-10-02 10:56:22,843 [Thread-472] INFO  impl.FollowerState (FollowerState.java:run(117)) - b25f22f8-54cc-4ffd-bfcd-179cc8cbd7fc@group-49987F7A8A7C-FollowerState was interrupted: java.lang.InterruptedException: sleep interrupted
2019-10-02 10:56:22,853 [Thread-498] INFO  impl.FollowerState (FollowerState.java:run(108)) - b25f22f8-54cc-4ffd-bfcd-179cc8cbd7fc@group-1A77BEA84F5E-FollowerState: change to CANDIDATE, lastRpcTime:1027ms, electionTimeout:1027ms
2019-10-02 10:56:22,853 [Thread-498] INFO  impl.RoleInfo (RoleInfo.java:shutdownFollowerState(121)) - b25f22f8-54cc-4ffd-bfcd-179cc8cbd7fc: shutdown FollowerState
2019-10-02 10:56:22,853 [Thread-498] INFO  impl.RaftServerImpl (RaftServerImpl.java:setRole(170)) - b25f22f8-54cc-4ffd-bfcd-179cc8cbd7fc@group-1A77BEA84F5E: changes role from  FOLLOWER to CANDIDATE at term 0 for changeToCandidate
2019-10-02 10:56:22,854 [Thread-498] INFO  impl.RoleInfo (RoleInfo.java:updateAndGet(143)) - b25f22f8-54cc-4ffd-bfcd-179cc8cbd7fc: start LeaderElection
2019-10-02 10:56:22,858 [7df38282-3a3d-4206-964a-9b3301cd1d1f@group-1A77BEA84F5E-LeaderElection35] INFO  impl.LeaderElection (LeaderElection.java:askForVotes(178)) - 7df38282-3a3d-4206-964a-9b3301cd1d1f@group-1A77BEA84F5E-LeaderElection35: begin an election at term 1 for -1: [d3dffc06-1d6a-4f7a-8294-c2dc8ce35b40:192.168.30.53:33785, 7df38282-3a3d-4206-964a-9b3301cd1d1f:192.168.30.53:34960, b25f22f8-54cc-4ffd-bfcd-179cc8cbd7fc:192.168.30.53:42549], old=null
2019-10-02 10:56:22,861 [grpc-default-executor-3] INFO  impl.RaftServerImpl (RaftServerImpl.java:setRole(170)) - d3dffc06-1d6a-4f7a-8294-c2dc8ce35b40@group-1A77BEA84F5E: changes role from  FOLLOWER to FOLLOWER at term 1 for recognizeCandidate:7df38282-3a3d-4206-964a-9b3301cd1d1f
2019-10-02 10:56:22,861 [grpc-default-executor-3] INFO  impl.RoleInfo (RoleInfo.java:shutdownFollowerState(121)) - d3dffc06-1d6a-4f7a-8294-c2dc8ce35b40: shutdown FollowerState
2019-10-02 10:56:22,861 [grpc-default-executor-3] INFO  impl.RoleInfo (RoleInfo.java:updateAndGet(143)) - d3dffc06-1d6a-4f7a-8294-c2dc8ce35b40: start FollowerState
2019-10-02 10:56:22,861 [Thread-491] INFO  impl.FollowerState (FollowerState.java:run(117)) - d3dffc06-1d6a-4f7a-8294-c2dc8ce35b40@group-1A77BEA84F5E-FollowerState was interrupted: java.lang.InterruptedException: sleep interrupted
2019-10-02 10:56:22,865 [Thread-480] INFO  impl.FollowerState (FollowerState.java:run(108)) - 7df38282-3a3d-4206-964a-9b3301cd1d1f@group-6128F9235CFD-FollowerState: change to CANDIDATE, lastRpcTime:1101ms, electionTimeout:1101ms
2019-10-02 10:56:22,865 [Thread-480] INFO  impl.RoleInfo (RoleInfo.java:shutdownFollowerState(121)) - 7df38282-3a3d-4206-964a-9b3301cd1d1f: shutdown FollowerState
2019-10-02 10:56:22,865 [Thread-480] INFO  impl.RaftServerImpl (RaftServerImpl.java:setRole(170)) - 7df38282-3a3d-4206-964a-9b3301cd1d1f@group-6128F9235CFD: changes role from  FOLLOWER to CANDIDATE at term 0 for changeToCandidate
2019-10-02 10:56:22,865 [Thread-480] INFO  impl.RoleInfo (RoleInfo.java:updateAndGet(143)) - 7df38282-3a3d-4206-964a-9b3301cd1d1f: start LeaderElection
2019-10-02 10:56:22,881 [b25f22f8-54cc-4ffd-bfcd-179cc8cbd7fc@group-1A77BEA84F5E-LeaderElection36] INFO  impl.LeaderElection (LeaderElection.java:askForVotes(178)) - b25f22f8-54cc-4ffd-bfcd-179cc8cbd7fc@group-1A77BEA84F5E-LeaderElection36: begin an election at term 1 for -1: [d3dffc06-1d6a-4f7a-8294-c2dc8ce35b40:192.168.30.53:33785, 7df38282-3a3d-4206-964a-9b3301cd1d1f:192.168.30.53:34960, b25f22f8-54cc-4ffd-bfcd-179cc8cbd7fc:192.168.30.53:42549], old=null
2019-10-02 10:56:22,884 [7df38282-3a3d-4206-964a-9b3301cd1d1f@group-1A77BEA84F5E-LeaderElection35] INFO  impl.LeaderElection (LeaderElection.java:logAndReturn(56)) - 7df38282-3a3d-4206-964a-9b3301cd1d1f@group-1A77BEA84F5E-LeaderElection35: Election PASSED; received 1 response(s) [7df38282-3a3d-4206-964a-9b3301cd1d1f<-d3dffc06-1d6a-4f7a-8294-c2dc8ce35b40#0:OK-t1] and 0 exception(s); 7df38282-3a3d-4206-964a-9b3301cd1d1f@group-1A77BEA84F5E:t1, leader=null, voted=7df38282-3a3d-4206-964a-9b3301cd1d1f, raftlog=7df38282-3a3d-4206-964a-9b3301cd1d1f@group-1A77BEA84F5E-SegmentedRaftLog:OPENED:c-1,f-1,i0, conf=-1: [d3dffc06-1d6a-4f7a-8294-c2dc8ce35b40:192.168.30.53:33785, 7df38282-3a3d-4206-964a-9b3301cd1d1f:192.168.30.53:34960, b25f22f8-54cc-4ffd-bfcd-179cc8cbd7fc:192.168.30.53:42549], old=null
2019-10-02 10:56:22,884 [7df38282-3a3d-4206-964a-9b3301cd1d1f@group-1A77BEA84F5E-LeaderElection35] INFO  impl.RoleInfo (RoleInfo.java:shutdownLeaderElection(134)) - 7df38282-3a3d-4206-964a-9b3301cd1d1f: shutdown LeaderElection
2019-10-02 10:56:22,885 [7df38282-3a3d-4206-964a-9b3301cd1d1f@group-1A77BEA84F5E-LeaderElection35] INFO  impl.RaftServerImpl (RaftServerImpl.java:setRole(170)) - 7df38282-3a3d-4206-964a-9b3301cd1d1f@group-1A77BEA84F5E: changes role from CANDIDATE to LEADER at term 1 for changeToLeader
2019-10-02 10:56:22,885 [7df38282-3a3d-4206-964a-9b3301cd1d1f@group-1A77BEA84F5E-LeaderElection35] INFO  impl.RaftServerImpl (ServerState.java:setLeader(255)) - 7df38282-3a3d-4206-964a-9b3301cd1d1f@group-1A77BEA84F5E: change Leader from null to 7df38282-3a3d-4206-964a-9b3301cd1d1f at term 1 for becomeLeader, leader elected after 1129ms
2019-10-02 10:56:22,885 [7df38282-3a3d-4206-964a-9b3301cd1d1f@group-49987F7A8A7C-LeaderElection33] INFO  impl.LeaderElection (LeaderElection.java:logAndReturn(56)) - 7df38282-3a3d-4206-964a-9b3301cd1d1f@group-49987F7A8A7C-LeaderElection33: Election REJECTED; received 2 response(s) [7df38282-3a3d-4206-964a-9b3301cd1d1f<-d3dffc06-1d6a-4f7a-8294-c2dc8ce35b40#0:FAIL-t1, 7df38282-3a3d-4206-964a-9b3301cd1d1f<-b25f22f8-54cc-4ffd-bfcd-179cc8cbd7fc#0:FAIL-t1] and 0 exception(s); 7df38282-3a3d-4206-964a-9b3301cd1d1f@group-49987F7A8A7C:t1, leader=null, voted=7df38282-3a3d-4206-964a-9b3301cd1d1f, raftlog=7df38282-3a3d-4206-964a-9b3301cd1d1f@group-49987F7A8A7C-SegmentedRaftLog:OPENED:c-1,f-1,i0, conf=-1: [d3dffc06-1d6a-4f7a-8294-c2dc8ce35b40:192.168.30.53:33785, 7df38282-3a3d-4206-964a-9b3301cd1d1f:192.168.30.53:34960, b25f22f8-54cc-4ffd-bfcd-179cc8cbd7fc:192.168.30.53:42549], old=null
2019-10-02 10:56:22,887 [7df38282-3a3d-4206-964a-9b3301cd1d1f@group-1A77BEA84F5E-LeaderElection35] INFO  server.RaftServerConfigKeys (ConfUtils.java:logGet(43)) - raft.server.staging.catchup.gap = 1000 (default)
2019-10-02 10:56:22,887 [7df38282-3a3d-4206-964a-9b3301cd1d1f@group-49987F7A8A7C-LeaderElection33] INFO  impl.RaftServerImpl (RaftServerImpl.java:setRole(170)) - 7df38282-3a3d-4206-964a-9b3301cd1d1f@group-49987F7A8A7C: changes role from CANDIDATE to FOLLOWER at term 1 for DISCOVERED_A_NEW_TERM
2019-10-02 10:56:22,889 [7df38282-3a3d-4206-964a-9b3301cd1d1f@group-1A77BEA84F5E-LeaderElection35] INFO  server.RaftServerConfigKeys (ConfUtils.java:logGet(43)) - raft.server.rpc.sleep.time = 25ms (default)
2019-10-02 10:56:22,889 [d3dffc06-1d6a-4f7a-8294-c2dc8ce35b40@group-49987F7A8A7C-LeaderElection34] INFO  impl.LeaderElection (LeaderElection.java:logAndReturn(56)) - d3dffc06-1d6a-4f7a-8294-c2dc8ce35b40@group-49987F7A8A7C-LeaderElection34: Election PASSED; received 2 response(s) [d3dffc06-1d6a-4f7a-8294-c2dc8ce35b40<-7df38282-3a3d-4206-964a-9b3301cd1d1f#0:FAIL-t1, d3dffc06-1d6a-4f7a-8294-c2dc8ce35b40<-b25f22f8-54cc-4ffd-bfcd-179cc8cbd7fc#0:OK-t1] and 0 exception(s); d3dffc06-1d6a-4f7a-8294-c2dc8ce35b40@group-49987F7A8A7C:t1, leader=null, voted=d3dffc06-1d6a-4f7a-8294-c2dc8ce35b40, raftlog=d3dffc06-1d6a-4f7a-8294-c2dc8ce35b40@group-49987F7A8A7C-SegmentedRaftLog:OPENED:c-1,f-1,i0, conf=-1: [d3dffc06-1d6a-4f7a-8294-c2dc8ce35b40:192.168.30.53:33785, 7df38282-3a3d-4206-964a-9b3301cd1d1f:192.168.30.53:34960, b25f22f8-54cc-4ffd-bfcd-179cc8cbd7fc:192.168.30.53:42549], old=null
2019-10-02 10:56:22,889 [7df38282-3a3d-4206-964a-9b3301cd1d1f@group-1A77BEA84F5E-LeaderElection35] INFO  server.RaftServerConfigKeys (ConfUtils.java:logGet(43)) - raft.server.write.element-limit = 4096 (default)
2019-10-02 10:56:22,889 [7df38282-3a3d-4206-964a-9b3301cd1d1f@group-49987F7A8A7C-LeaderElection33] INFO  impl.RoleInfo (RoleInfo.java:shutdownLeaderElection(134)) - 7df38282-3a3d-4206-964a-9b3301cd1d1f: shutdown LeaderElection
2019-10-02 10:56:22,891 [7df38282-3a3d-4206-964a-9b3301cd1d1f@group-1A77BEA84F5E-LeaderElection35] INFO  server.RaftServerConfigKeys (ConfUtils.java:logGet(43)) - raft.server.watch.timeout = 10s (default)
2019-10-02 10:56:22,889 [d3dffc06-1d6a-4f7a-8294-c2dc8ce35b40@group-49987F7A8A7C-LeaderElection34] INFO  impl.RoleInfo (RoleInfo.java:shutdownLeaderElection(134)) - d3dffc06-1d6a-4f7a-8294-c2dc8ce35b40: shutdown LeaderElection
2019-10-02 10:56:22,891 [7df38282-3a3d-4206-964a-9b3301cd1d1f@group-1A77BEA84F5E-LeaderElection35] INFO  server.RaftServerConfigKeys (ConfUtils.java:logGet(43)) - raft.server.watch.timeout.denomination = 1s (default)
2019-10-02 10:56:22,891 [7df38282-3a3d-4206-964a-9b3301cd1d1f@group-49987F7A8A7C-LeaderElection33] INFO  impl.RoleInfo (RoleInfo.java:updateAndGet(143)) - 7df38282-3a3d-4206-964a-9b3301cd1d1f: start FollowerState
2019-10-02 10:56:22,892 [7df38282-3a3d-4206-964a-9b3301cd1d1f@group-1A77BEA84F5E-LeaderElection35] INFO  server.RaftServerConfigKeys (ConfUtils.java:logGet(43)) - raft.server.watch.element-limit = 65536 (default)
2019-10-02 10:56:22,891 [d3dffc06-1d6a-4f7a-8294-c2dc8ce35b40@group-49987F7A8A7C-LeaderElection34] INFO  impl.RaftServerImpl (RaftServerImpl.java:setRole(170)) - d3dffc06-1d6a-4f7a-8294-c2dc8ce35b40@group-49987F7A8A7C: changes role from CANDIDATE to LEADER at term 1 for changeToLeader
2019-10-02 10:56:22,892 [d3dffc06-1d6a-4f7a-8294-c2dc8ce35b40@group-49987F7A8A7C-LeaderElection34] INFO  impl.RaftServerImpl (ServerState.java:setLeader(255)) - d3dffc06-1d6a-4f7a-8294-c2dc8ce35b40@group-49987F7A8A7C: change Leader from null to d3dffc06-1d6a-4f7a-8294-c2dc8ce35b40 at term 1 for becomeLeader, leader elected after 6596ms
2019-10-02 10:56:22,892 [d3dffc06-1d6a-4f7a-8294-c2dc8ce35b40@group-49987F7A8A7C-LeaderElection34] INFO  server.RaftServerConfigKeys (ConfUtils.java:logGet(43)) - raft.server.staging.catchup.gap = 1000 (default)
2019-10-02 10:56:22,892 [d3dffc06-1d6a-4f7a-8294-c2dc8ce35b40@group-49987F7A8A7C-LeaderElection34] INFO  server.RaftServerConfigKeys (ConfUtils.java:logGet(43)) - raft.server.rpc.sleep.time = 25ms (default)
2019-10-02 10:56:22,892 [d3dffc06-1d6a-4f7a-8294-c2dc8ce35b40@group-49987F7A8A7C-LeaderElection34] INFO  server.RaftServerConfigKeys (ConfUtils.java:logGet(43)) - raft.server.write.element-limit = 4096 (default)
2019-10-02 10:56:22,893 [d3dffc06-1d6a-4f7a-8294-c2dc8ce35b40@group-49987F7A8A7C-LeaderElection34] INFO  server.RaftServerConfigKeys (ConfUtils.java:logGet(43)) - raft.server.watch.timeout = 10s (default)
2019-10-02 10:56:22,893 [d3dffc06-1d6a-4f7a-8294-c2dc8ce35b40@group-49987F7A8A7C-LeaderElection34] INFO  server.RaftServerConfigKeys (ConfUtils.java:logGet(43)) - raft.server.watch.timeout.denomination = 1s (default)
2019-10-02 10:56:22,893 [d3dffc06-1d6a-4f7a-8294-c2dc8ce35b40@group-49987F7A8A7C-LeaderElection34] INFO  server.RaftServerConfigKeys (ConfUtils.java:logGet(43)) - raft.server.watch.element-limit = 65536 (default)
2019-10-02 10:56:22,893 [Thread-482] INFO  impl.FollowerState (FollowerState.java:run(108)) - 7df38282-3a3d-4206-964a-9b3301cd1d1f@group-BE47439FB225-FollowerState: change to CANDIDATE, lastRpcTime:1126ms, electionTimeout:1126ms
2019-10-02 10:56:22,894 [Thread-482] INFO  impl.RoleInfo (RoleInfo.java:shutdownFollowerState(121)) - 7df38282-3a3d-4206-964a-9b3301cd1d1f: shutdown FollowerState
2019-10-02 10:56:22,894 [Thread-482] INFO  impl.RaftServerImpl (RaftServerImpl.java:setRole(170)) - 7df38282-3a3d-4206-964a-9b3301cd1d1f@group-BE47439FB225: changes role from  FOLLOWER to CANDIDATE at term 0 for changeToCandidate
2019-10-02 10:56:22,894 [Thread-482] INFO  impl.RoleInfo (RoleInfo.java:updateAndGet(143)) - 7df38282-3a3d-4206-964a-9b3301cd1d1f: start LeaderElection
2019-10-02 10:56:22,894 [7df38282-3a3d-4206-964a-9b3301cd1d1f@group-1A77BEA84F5E-LeaderElection35] INFO  server.RaftServerConfigKeys (ConfUtils.java:logGet(43)) - raft.server.log.appender.snapshot.chunk.size.max = 16MB (=16777216) (default)
2019-10-02 10:56:22,903 [7df38282-3a3d-4206-964a-9b3301cd1d1f@group-1A77BEA84F5E-LeaderElection35] INFO  server.RaftServerConfigKeys (ConfUtils.java:logGet(43)) - raft.server.log.appender.buffer.byte-limit = 33554432 (custom)
2019-10-02 10:56:22,903 [7df38282-3a3d-4206-964a-9b3301cd1d1f@group-1A77BEA84F5E-LeaderElection35] INFO  server.RaftServerConfigKeys (ConfUtils.java:logGet(43)) - raft.server.log.appender.buffer.element-limit = 1 (custom)
2019-10-02 10:56:22,904 [7df38282-3a3d-4206-964a-9b3301cd1d1f@group-1A77BEA84F5E-LeaderElection35] INFO  grpc.GrpcConfigKeys$Server (ConfUtils.java:logGet(43)) - raft.grpc.server.leader.outstanding.appends.max = 128 (default)
2019-10-02 10:56:22,904 [7df38282-3a3d-4206-964a-9b3301cd1d1f@group-1A77BEA84F5E-LeaderElection35] INFO  server.RaftServerConfigKeys (ConfUtils.java:logGet(43)) - raft.server.rpc.request.timeout = 3000ms (default)
2019-10-02 10:56:22,904 [d3dffc06-1d6a-4f7a-8294-c2dc8ce35b40@group-49987F7A8A7C-LeaderElection34] INFO  server.RaftServerConfigKeys (ConfUtils.java:logGet(43)) - raft.server.log.appender.snapshot.chunk.size.max = 16MB (=16777216) (default)
2019-10-02 10:56:22,904 [7df38282-3a3d-4206-964a-9b3301cd1d1f@group-1A77BEA84F5E-LeaderElection35] INFO  server.RaftServerConfigKeys (ConfUtils.java:logGet(43)) - raft.server.log.appender.install.snapshot.enabled = false (custom)
2019-10-02 10:56:22,904 [d3dffc06-1d6a-4f7a-8294-c2dc8ce35b40@group-49987F7A8A7C-LeaderElection34] INFO  server.RaftServerConfigKeys (ConfUtils.java:logGet(43)) - raft.server.log.appender.buffer.byte-limit = 33554432 (custom)
2019-10-02 10:56:22,904 [7df38282-3a3d-4206-964a-9b3301cd1d1f@group-1A77BEA84F5E-LeaderElection35] INFO  server.RaftServerConfigKeys (ConfUtils.java:logGet(43)) - raft.server.log.appender.snapshot.chunk.size.max = 16MB (=16777216) (default)
2019-10-02 10:56:22,904 [d3dffc06-1d6a-4f7a-8294-c2dc8ce35b40@group-49987F7A8A7C-LeaderElection34] INFO  server.RaftServerConfigKeys (ConfUtils.java:logGet(43)) - raft.server.log.appender.buffer.element-limit = 1 (custom)
2019-10-02 10:56:22,905 [7df38282-3a3d-4206-964a-9b3301cd1d1f@group-1A77BEA84F5E-LeaderElection35] INFO  server.RaftServerConfigKeys (ConfUtils.java:logGet(43)) - raft.server.log.appender.buffer.byte-limit = 33554432 (custom)
2019-10-02 10:56:22,905 [d3dffc06-1d6a-4f7a-8294-c2dc8ce35b40@group-49987F7A8A7C-LeaderElection34] INFO  grpc.GrpcConfigKeys$Server (ConfUtils.java:logGet(43)) - raft.grpc.server.leader.outstanding.appends.max = 128 (default)
2019-10-02 10:56:22,905 [7df38282-3a3d-4206-964a-9b3301cd1d1f@group-1A77BEA84F5E-LeaderElection35] INFO  server.RaftServerConfigKeys (ConfUtils.java:logGet(43)) - raft.server.log.appender.buffer.element-limit = 1 (custom)
2019-10-02 10:56:22,905 [d3dffc06-1d6a-4f7a-8294-c2dc8ce35b40@group-49987F7A8A7C-LeaderElection34] INFO  server.RaftServerConfigKeys (ConfUtils.java:logGet(43)) - raft.server.rpc.request.timeout = 3000ms (default)
2019-10-02 10:56:22,905 [7df38282-3a3d-4206-964a-9b3301cd1d1f@group-1A77BEA84F5E-LeaderElection35] INFO  grpc.GrpcConfigKeys$Server (ConfUtils.java:logGet(43)) - raft.grpc.server.leader.outstanding.appends.max = 128 (default)
2019-10-02 10:56:22,905 [d3dffc06-1d6a-4f7a-8294-c2dc8ce35b40@group-49987F7A8A7C-LeaderElection34] INFO  server.RaftServerConfigKeys (ConfUtils.java:logGet(43)) - raft.server.log.appender.install.snapshot.enabled = false (custom)
2019-10-02 10:56:22,905 [7df38282-3a3d-4206-964a-9b3301cd1d1f@group-1A77BEA84F5E-LeaderElection35] INFO  server.RaftServerConfigKeys (ConfUtils.java:logGet(43)) - raft.server.rpc.request.timeout = 3000ms (default)
2019-10-02 10:56:22,906 [d3dffc06-1d6a-4f7a-8294-c2dc8ce35b40@group-49987F7A8A7C-LeaderElection34] INFO  server.RaftServerConfigKeys (ConfUtils.java:logGet(43)) - raft.server.log.appender.snapshot.chunk.size.max = 16MB (=16777216) (default)
2019-10-02 10:56:22,906 [7df38282-3a3d-4206-964a-9b3301cd1d1f@group-1A77BEA84F5E-LeaderElection35] INFO  server.RaftServerConfigKeys (ConfUtils.java:logGet(43)) - raft.server.log.appender.install.snapshot.enabled = false (custom)
2019-10-02 10:56:22,906 [d3dffc06-1d6a-4f7a-8294-c2dc8ce35b40@group-49987F7A8A7C-LeaderElection34] INFO  server.RaftServerConfigKeys (ConfUtils.java:logGet(43)) - raft.server.log.appender.buffer.byte-limit = 33554432 (custom)
2019-10-02 10:56:22,906 [d3dffc06-1d6a-4f7a-8294-c2dc8ce35b40@group-49987F7A8A7C-LeaderElection34] INFO  server.RaftServerConfigKeys (ConfUtils.java:logGet(43)) - raft.server.log.appender.buffer.element-limit = 1 (custom)
2019-10-02 10:56:22,906 [7df38282-3a3d-4206-964a-9b3301cd1d1f@group-1A77BEA84F5E-LeaderElection35] INFO  impl.RoleInfo (RoleInfo.java:updateAndGet(143)) - 7df38282-3a3d-4206-964a-9b3301cd1d1f: start LeaderState
2019-10-02 10:56:22,906 [d3dffc06-1d6a-4f7a-8294-c2dc8ce35b40@group-49987F7A8A7C-LeaderElection34] INFO  grpc.GrpcConfigKeys$Server (ConfUtils.java:logGet(43)) - raft.grpc.server.leader.outstanding.appends.max = 128 (default)
2019-10-02 10:56:22,906 [d3dffc06-1d6a-4f7a-8294-c2dc8ce35b40@group-49987F7A8A7C-LeaderElection34] INFO  server.RaftServerConfigKeys (ConfUtils.java:logGet(43)) - raft.server.rpc.request.timeout = 3000ms (default)
2019-10-02 10:56:22,907 [7df38282-3a3d-4206-964a-9b3301cd1d1f@group-1A77BEA84F5E-LeaderElection35] INFO  segmented.SegmentedRaftLogWorker (SegmentedRaftLogWorker.java:startLogSegment(385)) - 7df38282-3a3d-4206-964a-9b3301cd1d1f@group-1A77BEA84F5E-SegmentedRaftLogWorker: Starting segment from index:0
2019-10-02 10:56:22,907 [d3dffc06-1d6a-4f7a-8294-c2dc8ce35b40@group-49987F7A8A7C-LeaderElection34] INFO  server.RaftServerConfigKeys (ConfUtils.java:logGet(43)) - raft.server.log.appender.install.snapshot.enabled = false (custom)
2019-10-02 10:56:22,907 [d3dffc06-1d6a-4f7a-8294-c2dc8ce35b40@group-49987F7A8A7C-LeaderElection34] INFO  impl.RoleInfo (RoleInfo.java:updateAndGet(143)) - d3dffc06-1d6a-4f7a-8294-c2dc8ce35b40: start LeaderState
2019-10-02 10:56:22,907 [d3dffc06-1d6a-4f7a-8294-c2dc8ce35b40@group-49987F7A8A7C-LeaderElection34] INFO  segmented.SegmentedRaftLogWorker (SegmentedRaftLogWorker.java:startLogSegment(385)) - d3dffc06-1d6a-4f7a-8294-c2dc8ce35b40@group-49987F7A8A7C-SegmentedRaftLogWorker: Starting segment from index:0
2019-10-02 10:56:22,908 [7df38282-3a3d-4206-964a-9b3301cd1d1f@group-1A77BEA84F5E-LeaderElection35] INFO  impl.RaftServerImpl (ServerState.java:setRaftConf(356)) - 7df38282-3a3d-4206-964a-9b3301cd1d1f@group-1A77BEA84F5E: set configuration 0: [d3dffc06-1d6a-4f7a-8294-c2dc8ce35b40:192.168.30.53:33785, 7df38282-3a3d-4206-964a-9b3301cd1d1f:192.168.30.53:34960, b25f22f8-54cc-4ffd-bfcd-179cc8cbd7fc:192.168.30.53:42549], old=null at 0
2019-10-02 10:56:22,941 [grpc-default-executor-0] INFO  impl.RaftServerImpl (RaftServerImpl.java:requestVote(754)) - 7df38282-3a3d-4206-964a-9b3301cd1d1f@group-1A77BEA84F5E-   LEADER: Withhold vote from candidate b25f22f8-54cc-4ffd-bfcd-179cc8cbd7fc with term 1. State: leader=7df38282-3a3d-4206-964a-9b3301cd1d1f, term=1, lastRpcElapsed=null
2019-10-02 10:56:22,941 [7df38282-3a3d-4206-964a-9b3301cd1d1f@group-6128F9235CFD-LeaderElection37] INFO  impl.LeaderElection (LeaderElection.java:askForVotes(178)) - 7df38282-3a3d-4206-964a-9b3301cd1d1f@group-6128F9235CFD-LeaderElection37: begin an election at term 1 for -1: [d3dffc06-1d6a-4f7a-8294-c2dc8ce35b40:192.168.30.53:33785, 7df38282-3a3d-4206-964a-9b3301cd1d1f:192.168.30.53:34960, b25f22f8-54cc-4ffd-bfcd-179cc8cbd7fc:192.168.30.53:42549], old=null
2019-10-02 10:56:22,941 [d3dffc06-1d6a-4f7a-8294-c2dc8ce35b40@group-49987F7A8A7C-LeaderElection34] INFO  impl.RaftServerImpl (ServerState.java:setRaftConf(356)) - d3dffc06-1d6a-4f7a-8294-c2dc8ce35b40@group-49987F7A8A7C: set configuration 0: [d3dffc06-1d6a-4f7a-8294-c2dc8ce35b40:192.168.30.53:33785, 7df38282-3a3d-4206-964a-9b3301cd1d1f:192.168.30.53:34960, b25f22f8-54cc-4ffd-bfcd-179cc8cbd7fc:192.168.30.53:42549], old=null at 0
2019-10-02 10:56:22,941 [7df38282-3a3d-4206-964a-9b3301cd1d1f@group-BE47439FB225-LeaderElection38] INFO  impl.LeaderElection (LeaderElection.java:askForVotes(178)) - 7df38282-3a3d-4206-964a-9b3301cd1d1f@group-BE47439FB225-LeaderElection38: begin an election at term 1 for -1: [d3dffc06-1d6a-4f7a-8294-c2dc8ce35b40:192.168.30.53:33785, 7df38282-3a3d-4206-964a-9b3301cd1d1f:192.168.30.53:34960, b25f22f8-54cc-4ffd-bfcd-179cc8cbd7fc:192.168.30.53:42549], old=null
2019-10-02 10:56:22,955 [grpc-default-executor-0] INFO  impl.RaftServerImpl (RaftServerImpl.java:setRole(170)) - b25f22f8-54cc-4ffd-bfcd-179cc8cbd7fc@group-6128F9235CFD: changes role from  FOLLOWER to FOLLOWER at term 1 for recognizeCandidate:7df38282-3a3d-4206-964a-9b3301cd1d1f
2019-10-02 10:56:22,956 [grpc-default-executor-3] INFO  impl.RaftServerImpl (ServerState.java:setLeader(255)) - d3dffc06-1d6a-4f7a-8294-c2dc8ce35b40@group-1A77BEA84F5E: change Leader from null to 7df38282-3a3d-4206-964a-9b3301cd1d1f at term 1 for appendEntries, leader elected after 1177ms
2019-10-02 10:56:22,956 [grpc-default-executor-0] INFO  impl.RoleInfo (RoleInfo.java:shutdownFollowerState(121)) - b25f22f8-54cc-4ffd-bfcd-179cc8cbd7fc: shutdown FollowerState
2019-10-02 10:56:22,956 [b25f22f8-54cc-4ffd-bfcd-179cc8cbd7fc@group-1A77BEA84F5E-LeaderElection36] INFO  impl.LeaderElection (LeaderElection.java:logAndReturn(56)) - b25f22f8-54cc-4ffd-bfcd-179cc8cbd7fc@group-1A77BEA84F5E-LeaderElection36: Election REJECTED; received 2 response(s) [b25f22f8-54cc-4ffd-bfcd-179cc8cbd7fc<-d3dffc06-1d6a-4f7a-8294-c2dc8ce35b40#0:FAIL-t1, b25f22f8-54cc-4ffd-bfcd-179cc8cbd7fc<-7df38282-3a3d-4206-964a-9b3301cd1d1f#0:FAIL-t1] and 0 exception(s); b25f22f8-54cc-4ffd-bfcd-179cc8cbd7fc@group-1A77BEA84F5E:t1, leader=null, voted=b25f22f8-54cc-4ffd-bfcd-179cc8cbd7fc, raftlog=b25f22f8-54cc-4ffd-bfcd-179cc8cbd7fc@group-1A77BEA84F5E-SegmentedRaftLog:OPENED:c-1,f-1,i0, conf=-1: [d3dffc06-1d6a-4f7a-8294-c2dc8ce35b40:192.168.30.53:33785, 7df38282-3a3d-4206-964a-9b3301cd1d1f:192.168.30.53:34960, b25f22f8-54cc-4ffd-bfcd-179cc8cbd7fc:192.168.30.53:42549], old=null
2019-10-02 10:56:22,956 [Thread-494] INFO  impl.FollowerState (FollowerState.java:run(117)) - b25f22f8-54cc-4ffd-bfcd-179cc8cbd7fc@group-6128F9235CFD-FollowerState was interrupted: java.lang.InterruptedException: sleep interrupted
2019-10-02 10:56:22,956 [grpc-default-executor-0] INFO  impl.RoleInfo (RoleInfo.java:updateAndGet(143)) - b25f22f8-54cc-4ffd-bfcd-179cc8cbd7fc: start FollowerState
2019-10-02 10:56:22,960 [grpc-default-executor-5] INFO  impl.RaftServerImpl (RaftServerImpl.java:setRole(170)) - d3dffc06-1d6a-4f7a-8294-c2dc8ce35b40@group-6128F9235CFD: changes role from  FOLLOWER to FOLLOWER at term 1 for recognizeCandidate:7df38282-3a3d-4206-964a-9b3301cd1d1f
2019-10-02 10:56:22,960 [grpc-default-executor-5] INFO  impl.RoleInfo (RoleInfo.java:shutdownFollowerState(121)) - d3dffc06-1d6a-4f7a-8294-c2dc8ce35b40: shutdown FollowerState
2019-10-02 10:56:22,956 [b25f22f8-54cc-4ffd-bfcd-179cc8cbd7fc@group-1A77BEA84F5E-LeaderElection36] INFO  impl.RaftServerImpl (RaftServerImpl.java:setRole(170)) - b25f22f8-54cc-4ffd-bfcd-179cc8cbd7fc@group-1A77BEA84F5E: changes role from CANDIDATE to FOLLOWER at term 1 for DISCOVERED_A_NEW_TERM
2019-10-02 10:56:22,956 [grpc-default-executor-2] INFO  impl.RaftServerImpl (ServerState.java:setLeader(255)) - b25f22f8-54cc-4ffd-bfcd-179cc8cbd7fc@group-49987F7A8A7C: change Leader from null to d3dffc06-1d6a-4f7a-8294-c2dc8ce35b40 at term 1 for appendEntries, leader elected after 6661ms
2019-10-02 10:56:22,963 [b25f22f8-54cc-4ffd-bfcd-179cc8cbd7fc@group-1A77BEA84F5E-LeaderElection36] INFO  impl.RoleInfo (RoleInfo.java:shutdownLeaderElection(134)) - b25f22f8-54cc-4ffd-bfcd-179cc8cbd7fc: shutdown LeaderElection
2019-10-02 10:56:22,962 [grpc-default-executor-5] INFO  impl.RoleInfo (RoleInfo.java:updateAndGet(143)) - d3dffc06-1d6a-4f7a-8294-c2dc8ce35b40: start FollowerState
2019-10-02 10:56:22,962 [Thread-487] INFO  impl.FollowerState (FollowerState.java:run(117)) - d3dffc06-1d6a-4f7a-8294-c2dc8ce35b40@group-6128F9235CFD-FollowerState was interrupted: java.lang.InterruptedException: sleep interrupted
2019-10-02 10:56:22,963 [grpc-default-executor-3] INFO  impl.RaftServerImpl (ServerState.java:setLeader(255)) - 7df38282-3a3d-4206-964a-9b3301cd1d1f@group-49987F7A8A7C: change Leader from null to d3dffc06-1d6a-4f7a-8294-c2dc8ce35b40 at term 1 for appendEntries, leader elected after 6668ms
2019-10-02 10:56:22,963 [b25f22f8-54cc-4ffd-bfcd-179cc8cbd7fc@group-1A77BEA84F5E-LeaderElection36] INFO  impl.RoleInfo (RoleInfo.java:updateAndGet(143)) - b25f22f8-54cc-4ffd-bfcd-179cc8cbd7fc: start FollowerState
2019-10-02 10:56:22,964 [grpc-default-executor-2] INFO  impl.RaftServerImpl (ServerState.java:setLeader(255)) - b25f22f8-54cc-4ffd-bfcd-179cc8cbd7fc@group-1A77BEA84F5E: change Leader from null to 7df38282-3a3d-4206-964a-9b3301cd1d1f at term 1 for appendEntries, leader elected after 1150ms
2019-10-02 10:56:22,968 [grpc-default-executor-2] INFO  impl.RaftServerImpl (RaftServerImpl.java:setRole(170)) - b25f22f8-54cc-4ffd-bfcd-179cc8cbd7fc@group-BE47439FB225: changes role from  FOLLOWER to FOLLOWER at term 1 for recognizeCandidate:7df38282-3a3d-4206-964a-9b3301cd1d1f
2019-10-02 10:56:22,968 [grpc-default-executor-2] INFO  impl.RoleInfo (RoleInfo.java:shutdownFollowerState(121)) - b25f22f8-54cc-4ffd-bfcd-179cc8cbd7fc: shutdown FollowerState
2019-10-02 10:56:22,969 [grpc-default-executor-2] INFO  impl.RoleInfo (RoleInfo.java:updateAndGet(143)) - b25f22f8-54cc-4ffd-bfcd-179cc8cbd7fc: start FollowerState
2019-10-02 10:56:22,969 [Thread-496] INFO  impl.FollowerState (FollowerState.java:run(117)) - b25f22f8-54cc-4ffd-bfcd-179cc8cbd7fc@group-BE47439FB225-FollowerState was interrupted: java.lang.InterruptedException: sleep interrupted
2019-10-02 10:56:22,971 [grpc-default-executor-4] INFO  impl.RaftServerImpl (RaftServerImpl.java:setRole(170)) - d3dffc06-1d6a-4f7a-8294-c2dc8ce35b40@group-BE47439FB225: changes role from  FOLLOWER to FOLLOWER at term 1 for recognizeCandidate:7df38282-3a3d-4206-964a-9b3301cd1d1f
2019-10-02 10:56:22,971 [grpc-default-executor-4] INFO  impl.RoleInfo (RoleInfo.java:shutdownFollowerState(121)) - d3dffc06-1d6a-4f7a-8294-c2dc8ce35b40: shutdown FollowerState
2019-10-02 10:56:22,971 [grpc-default-executor-6] INFO  impl.RaftServerImpl (ServerState.java:setRaftConf(356)) - d3dffc06-1d6a-4f7a-8294-c2dc8ce35b40@group-1A77BEA84F5E: set configuration 0: [d3dffc06-1d6a-4f7a-8294-c2dc8ce35b40:192.168.30.53:33785, 7df38282-3a3d-4206-964a-9b3301cd1d1f:192.168.30.53:34960, b25f22f8-54cc-4ffd-bfcd-179cc8cbd7fc:192.168.30.53:42549], old=null at 0
2019-10-02 10:56:22,972 [grpc-default-executor-4] INFO  impl.RoleInfo (RoleInfo.java:updateAndGet(143)) - d3dffc06-1d6a-4f7a-8294-c2dc8ce35b40: start FollowerState
2019-10-02 10:56:22,972 [Thread-489] INFO  impl.FollowerState (FollowerState.java:run(117)) - d3dffc06-1d6a-4f7a-8294-c2dc8ce35b40@group-BE47439FB225-FollowerState was interrupted: java.lang.InterruptedException: sleep interrupted
2019-10-02 10:56:22,972 [d3dffc06-1d6a-4f7a-8294-c2dc8ce35b40@group-49987F7A8A7C-SegmentedRaftLogWorker] INFO  segmented.SegmentedRaftLogWorker (SegmentedRaftLogWorker.java:execute(574)) - d3dffc06-1d6a-4f7a-8294-c2dc8ce35b40@group-49987F7A8A7C-SegmentedRaftLogWorker: created new log segment /workdir/hadoop-ozone/integration-test/target/test-dir/MiniOzoneClusterImpl-5f261223-23be-4c6b-a914-4b08f19f7d30/datanode-2/data/ratis/d9cbc56a-6e37-401e-a144-49987f7a8a7c/current/log_inprogress_0
2019-10-02 10:56:22,972 [7df38282-3a3d-4206-964a-9b3301cd1d1f@group-1A77BEA84F5E-SegmentedRaftLogWorker] INFO  segmented.SegmentedRaftLogWorker (SegmentedRaftLogWorker.java:execute(574)) - 7df38282-3a3d-4206-964a-9b3301cd1d1f@group-1A77BEA84F5E-SegmentedRaftLogWorker: created new log segment /workdir/hadoop-ozone/integration-test/target/test-dir/MiniOzoneClusterImpl-5f261223-23be-4c6b-a914-4b08f19f7d30/datanode-0/data/ratis/8d670c23-50b6-45b7-93d3-1a77bea84f5e/current/log_inprogress_0
2019-10-02 10:56:22,974 [grpc-default-executor-3] INFO  impl.RaftServerImpl (ServerState.java:setRaftConf(356)) - b25f22f8-54cc-4ffd-bfcd-179cc8cbd7fc@group-1A77BEA84F5E: set configuration 0: [d3dffc06-1d6a-4f7a-8294-c2dc8ce35b40:192.168.30.53:33785, 7df38282-3a3d-4206-964a-9b3301cd1d1f:192.168.30.53:34960, b25f22f8-54cc-4ffd-bfcd-179cc8cbd7fc:192.168.30.53:42549], old=null at 0
2019-10-02 10:56:22,972 [grpc-default-executor-6] INFO  segmented.SegmentedRaftLogWorker (SegmentedRaftLogWorker.java:startLogSegment(385)) - d3dffc06-1d6a-4f7a-8294-c2dc8ce35b40@group-1A77BEA84F5E-SegmentedRaftLogWorker: Starting segment from index:0
2019-10-02 10:56:22,975 [grpc-default-executor-3] INFO  segmented.SegmentedRaftLogWorker (SegmentedRaftLogWorker.java:startLogSegment(385)) - b25f22f8-54cc-4ffd-bfcd-179cc8cbd7fc@group-1A77BEA84F5E-SegmentedRaftLogWorker: Starting segment from index:0
2019-10-02 10:56:22,974 [grpc-default-executor-1] INFO  impl.RaftServerImpl (ServerState.java:setRaftConf(356)) - 7df38282-3a3d-4206-964a-9b3301cd1d1f@group-49987F7A8A7C: set configuration 0: [d3dffc06-1d6a-4f7a-8294-c2dc8ce35b40:192.168.30.53:33785, 7df38282-3a3d-4206-964a-9b3301cd1d1f:192.168.30.53:34960, b25f22f8-54cc-4ffd-bfcd-179cc8cbd7fc:192.168.30.53:42549], old=null at 0
2019-10-02 10:56:22,975 [grpc-default-executor-1] INFO  segmented.SegmentedRaftLogWorker (SegmentedRaftLogWorker.java:startLogSegment(385)) - 7df38282-3a3d-4206-964a-9b3301cd1d1f@group-49987F7A8A7C-SegmentedRaftLogWorker: Starting segment from index:0
2019-10-02 10:56:22,975 [grpc-default-executor-7] INFO  impl.RaftServerImpl (ServerState.java:setRaftConf(356)) - b25f22f8-54cc-4ffd-bfcd-179cc8cbd7fc@group-49987F7A8A7C: set configuration 0: [d3dffc06-1d6a-4f7a-8294-c2dc8ce35b40:192.168.30.53:33785, 7df38282-3a3d-4206-964a-9b3301cd1d1f:192.168.30.53:34960, b25f22f8-54cc-4ffd-bfcd-179cc8cbd7fc:192.168.30.53:42549], old=null at 0
2019-10-02 10:56:22,975 [grpc-default-executor-7] INFO  segmented.SegmentedRaftLogWorker (SegmentedRaftLogWorker.java:startLogSegment(385)) - b25f22f8-54cc-4ffd-bfcd-179cc8cbd7fc@group-49987F7A8A7C-SegmentedRaftLogWorker: Starting segment from index:0
2019-10-02 10:56:23,000 [7df38282-3a3d-4206-964a-9b3301cd1d1f@group-6128F9235CFD-LeaderElection37] INFO  impl.LeaderElection (LeaderElection.java:logAndReturn(56)) - 7df38282-3a3d-4206-964a-9b3301cd1d1f@group-6128F9235CFD-LeaderElection37: Election PASSED; received 1 response(s) [7df38282-3a3d-4206-964a-9b3301cd1d1f<-d3dffc06-1d6a-4f7a-8294-c2dc8ce35b40#0:OK-t1] and 0 exception(s); 7df38282-3a3d-4206-964a-9b3301cd1d1f@group-6128F9235CFD:t1, leader=null, voted=7df38282-3a3d-4206-964a-9b3301cd1d1f, raftlog=7df38282-3a3d-4206-964a-9b3301cd1d1f@group-6128F9235CFD-SegmentedRaftLog:OPENED:c-1,f-1,i0, conf=-1: [d3dffc06-1d6a-4f7a-8294-c2dc8ce35b40:192.168.30.53:33785, 7df38282-3a3d-4206-964a-9b3301cd1d1f:192.168.30.53:34960, b25f22f8-54cc-4ffd-bfcd-179cc8cbd7fc:192.168.30.53:42549], old=null
2019-10-02 10:56:23,000 [7df38282-3a3d-4206-964a-9b3301cd1d1f@group-6128F9235CFD-LeaderElection37] INFO  impl.RoleInfo (RoleInfo.java:shutdownLeaderElection(134)) - 7df38282-3a3d-4206-964a-9b3301cd1d1f: shutdown LeaderElection
2019-10-02 10:56:23,000 [7df38282-3a3d-4206-964a-9b3301cd1d1f@group-BE47439FB225-LeaderElection38] INFO  impl.LeaderElection (LeaderElection.java:logAndReturn(56)) - 7df38282-3a3d-4206-964a-9b3301cd1d1f@group-BE47439FB225-LeaderElection38: Election PASSED; received 1 response(s) [7df38282-3a3d-4206-964a-9b3301cd1d1f<-b25f22f8-54cc-4ffd-bfcd-179cc8cbd7fc#0:OK-t1] and 0 exception(s); 7df38282-3a3d-4206-964a-9b3301cd1d1f@group-BE47439FB225:t1, leader=null, voted=7df38282-3a3d-4206-964a-9b3301cd1d1f, raftlog=7df38282-3a3d-4206-964a-9b3301cd1d1f@group-BE47439FB225-SegmentedRaftLog:OPENED:c-1,f-1,i0, conf=-1: [d3dffc06-1d6a-4f7a-8294-c2dc8ce35b40:192.168.30.53:33785, 7df38282-3a3d-4206-964a-9b3301cd1d1f:192.168.30.53:34960, b25f22f8-54cc-4ffd-bfcd-179cc8cbd7fc:192.168.30.53:42549], old=null
2019-10-02 10:56:23,000 [7df38282-3a3d-4206-964a-9b3301cd1d1f@group-6128F9235CFD-LeaderElection37] INFO  impl.RaftServerImpl (RaftServerImpl.java:setRole(170)) - 7df38282-3a3d-4206-964a-9b3301cd1d1f@group-6128F9235CFD: changes role from CANDIDATE to LEADER at term 1 for changeToLeader
2019-10-02 10:56:23,012 [7df38282-3a3d-4206-964a-9b3301cd1d1f@group-BE47439FB225-LeaderElection38] INFO  impl.RoleInfo (RoleInfo.java:shutdownLeaderElection(134)) - 7df38282-3a3d-4206-964a-9b3301cd1d1f: shutdown LeaderElection
2019-10-02 10:56:23,014 [7df38282-3a3d-4206-964a-9b3301cd1d1f@group-6128F9235CFD-LeaderElection37] INFO  impl.RaftServerImpl (ServerState.java:setLeader(255)) - 7df38282-3a3d-4206-964a-9b3301cd1d1f@group-6128F9235CFD: change Leader from null to 7df38282-3a3d-4206-964a-9b3301cd1d1f at term 1 for becomeLeader, leader elected after 1462ms
2019-10-02 10:56:23,015 [7df38282-3a3d-4206-964a-9b3301cd1d1f@group-BE47439FB225-LeaderElection38] INFO  impl.RaftServerImpl (RaftServerImpl.java:setRole(170)) - 7df38282-3a3d-4206-964a-9b3301cd1d1f@group-BE47439FB225: changes role from CANDIDATE to LEADER at term 1 for changeToLeader
2019-10-02 10:56:23,015 [7df38282-3a3d-4206-964a-9b3301cd1d1f@group-6128F9235CFD-LeaderElection37] INFO  server.RaftServerConfigKeys (ConfUtils.java:logGet(43)) - raft.server.staging.catchup.gap = 1000 (default)
2019-10-02 10:56:23,015 [7df38282-3a3d-4206-964a-9b3301cd1d1f@group-BE47439FB225-LeaderElection38] INFO  impl.RaftServerImpl (ServerState.java:setLeader(255)) - 7df38282-3a3d-4206-964a-9b3301cd1d1f@group-BE47439FB225: change Leader from null to 7df38282-3a3d-4206-964a-9b3301cd1d1f at term 1 for becomeLeader, leader elected after 1379ms
2019-10-02 10:56:23,015 [7df38282-3a3d-4206-964a-9b3301cd1d1f@group-6128F9235CFD-LeaderElection37] INFO  server.RaftServerConfigKeys (ConfUtils.java:logGet(43)) - raft.server.rpc.sleep.time = 25ms (default)
2019-10-02 10:56:23,015 [7df38282-3a3d-4206-964a-9b3301cd1d1f@group-BE47439FB225-LeaderElection38] INFO  server.RaftServerConfigKeys (ConfUtils.java:logGet(43)) - raft.server.staging.catchup.gap = 1000 (default)
2019-10-02 10:56:23,015 [7df38282-3a3d-4206-964a-9b3301cd1d1f@group-BE47439FB225-LeaderElection38] INFO  server.RaftServerConfigKeys (ConfUtils.java:logGet(43)) - raft.server.rpc.sleep.time = 25ms (default)
2019-10-02 10:56:23,015 [7df38282-3a3d-4206-964a-9b3301cd1d1f@group-6128F9235CFD-LeaderElection37] INFO  server.RaftServerConfigKeys (ConfUtils.java:logGet(43)) - raft.server.write.element-limit = 4096 (default)
2019-10-02 10:56:23,015 [7df38282-3a3d-4206-964a-9b3301cd1d1f@group-BE47439FB225-LeaderElection38] INFO  server.RaftServerConfigKeys (ConfUtils.java:logGet(43)) - raft.server.write.element-limit = 4096 (default)
2019-10-02 10:56:23,015 [7df38282-3a3d-4206-964a-9b3301cd1d1f@group-6128F9235CFD-LeaderElection37] INFO  server.RaftServerConfigKeys (ConfUtils.java:logGet(43)) - raft.server.watch.timeout = 10s (default)
2019-10-02 10:56:23,016 [7df38282-3a3d-4206-964a-9b3301cd1d1f@group-BE47439FB225-LeaderElection38] INFO  server.RaftServerConfigKeys (ConfUtils.java:logGet(43)) - raft.server.watch.timeout = 10s (default)
2019-10-02 10:56:23,016 [7df38282-3a3d-4206-964a-9b3301cd1d1f@group-6128F9235CFD-LeaderElection37] INFO  server.RaftServerConfigKeys (ConfUtils.java:logGet(43)) - raft.server.watch.timeout.denomination = 1s (default)
2019-10-02 10:56:23,016 [7df38282-3a3d-4206-964a-9b3301cd1d1f@group-BE47439FB225-LeaderElection38] INFO  server.RaftServerConfigKeys (ConfUtils.java:logGet(43)) - raft.server.watch.timeout.denomination = 1s (default)
2019-10-02 10:56:23,016 [7df38282-3a3d-4206-964a-9b3301cd1d1f@group-6128F9235CFD-LeaderElection37] INFO  server.RaftServerConfigKeys (ConfUtils.java:logGet(43)) - raft.server.watch.element-limit = 65536 (default)
2019-10-02 10:56:23,016 [7df38282-3a3d-4206-964a-9b3301cd1d1f@group-BE47439FB225-LeaderElection38] INFO  server.RaftServerConfigKeys (ConfUtils.java:logGet(43)) - raft.server.watch.element-limit = 65536 (default)
2019-10-02 10:56:23,019 [7df38282-3a3d-4206-964a-9b3301cd1d1f@group-BE47439FB225-LeaderElection38] INFO  server.RaftServerConfigKeys (ConfUtils.java:logGet(43)) - raft.server.log.appender.snapshot.chunk.size.max = 16MB (=16777216) (default)
2019-10-02 10:56:23,019 [7df38282-3a3d-4206-964a-9b3301cd1d1f@group-BE47439FB225-LeaderElection38] INFO  server.RaftServerConfigKeys (ConfUtils.java:logGet(43)) - raft.server.log.appender.buffer.byte-limit = 33554432 (custom)
2019-10-02 10:56:23,019 [7df38282-3a3d-4206-964a-9b3301cd1d1f@group-BE47439FB225-LeaderElection38] INFO  server.RaftServerConfigKeys (ConfUtils.java:logGet(43)) - raft.server.log.appender.buffer.element-limit = 1 (custom)
2019-10-02 10:56:23,020 [7df38282-3a3d-4206-964a-9b3301cd1d1f@group-BE47439FB225-LeaderElection38] INFO  grpc.GrpcConfigKeys$Server (ConfUtils.java:logGet(43)) - raft.grpc.server.leader.outstanding.appends.max = 128 (default)
2019-10-02 10:56:23,020 [7df38282-3a3d-4206-964a-9b3301cd1d1f@group-6128F9235CFD-LeaderElection37] INFO  server.RaftServerConfigKeys (ConfUtils.java:logGet(43)) - raft.server.log.appender.snapshot.chunk.size.max = 16MB (=16777216) (default)
2019-10-02 10:56:23,020 [7df38282-3a3d-4206-964a-9b3301cd1d1f@group-BE47439FB225-LeaderElection38] INFO  server.RaftServerConfigKeys (ConfUtils.java:logGet(43)) - raft.server.rpc.request.timeout = 3000ms (default)
2019-10-02 10:56:23,020 [7df38282-3a3d-4206-964a-9b3301cd1d1f@group-6128F9235CFD-LeaderElection37] INFO  server.RaftServerConfigKeys (ConfUtils.java:logGet(43)) - raft.server.log.appender.buffer.byte-limit = 33554432 (custom)
2019-10-02 10:56:23,020 [7df38282-3a3d-4206-964a-9b3301cd1d1f@group-BE47439FB225-LeaderElection38] INFO  server.RaftServerConfigKeys (ConfUtils.java:logGet(43)) - raft.server.log.appender.install.snapshot.enabled = false (custom)
2019-10-02 10:56:23,020 [7df38282-3a3d-4206-964a-9b3301cd1d1f@group-6128F9235CFD-LeaderElection37] INFO  server.RaftServerConfigKeys (ConfUtils.java:logGet(43)) - raft.server.log.appender.buffer.element-limit = 1 (custom)
2019-10-02 10:56:23,020 [7df38282-3a3d-4206-964a-9b3301cd1d1f@group-BE47439FB225-LeaderElection38] INFO  server.RaftServerConfigKeys (ConfUtils.java:logGet(43)) - raft.server.log.appender.snapshot.chunk.size.max = 16MB (=16777216) (default)
2019-10-02 10:56:23,021 [7df38282-3a3d-4206-964a-9b3301cd1d1f@group-6128F9235CFD-LeaderElection37] INFO  grpc.GrpcConfigKeys$Server (ConfUtils.java:logGet(43)) - raft.grpc.server.leader.outstanding.appends.max = 128 (default)
2019-10-02 10:56:23,021 [7df38282-3a3d-4206-964a-9b3301cd1d1f@group-BE47439FB225-LeaderElection38] INFO  server.RaftServerConfigKeys (ConfUtils.java:logGet(43)) - raft.server.log.appender.buffer.byte-limit = 33554432 (custom)
2019-10-02 10:56:23,021 [7df38282-3a3d-4206-964a-9b3301cd1d1f@group-6128F9235CFD-LeaderElection37] INFO  server.RaftServerConfigKeys (ConfUtils.java:logGet(43)) - raft.server.rpc.request.timeout = 3000ms (default)
2019-10-02 10:56:23,021 [7df38282-3a3d-4206-964a-9b3301cd1d1f@group-BE47439FB225-LeaderElection38] INFO  server.RaftServerConfigKeys (ConfUtils.java:logGet(43)) - raft.server.log.appender.buffer.element-limit = 1 (custom)
2019-10-02 10:56:23,021 [7df38282-3a3d-4206-964a-9b3301cd1d1f@group-6128F9235CFD-LeaderElection37] INFO  server.RaftServerConfigKeys (ConfUtils.java:logGet(43)) - raft.server.log.appender.install.snapshot.enabled = false (custom)
2019-10-02 10:56:23,021 [7df38282-3a3d-4206-964a-9b3301cd1d1f@group-BE47439FB225-LeaderElection38] INFO  grpc.GrpcConfigKeys$Server (ConfUtils.java:logGet(43)) - raft.grpc.server.leader.outstanding.appends.max = 128 (default)
2019-10-02 10:56:23,021 [7df38282-3a3d-4206-964a-9b3301cd1d1f@group-6128F9235CFD-LeaderElection37] INFO  server.RaftServerConfigKeys (ConfUtils.java:logGet(43)) - raft.server.log.appender.snapshot.chunk.size.max = 16MB (=16777216) (default)
2019-10-02 10:56:23,021 [7df38282-3a3d-4206-964a-9b3301cd1d1f@group-BE47439FB225-LeaderElection38] INFO  server.RaftServerConfigKeys (ConfUtils.java:logGet(43)) - raft.server.rpc.request.timeout = 3000ms (default)
2019-10-02 10:56:23,022 [7df38282-3a3d-4206-964a-9b3301cd1d1f@group-6128F9235CFD-LeaderElection37] INFO  server.RaftServerConfigKeys (ConfUtils.java:logGet(43)) - raft.server.log.appender.buffer.byte-limit = 33554432 (custom)
2019-10-02 10:56:23,022 [7df38282-3a3d-4206-964a-9b3301cd1d1f@group-BE47439FB225-LeaderElection38] INFO  server.RaftServerConfigKeys (ConfUtils.java:logGet(43)) - raft.server.log.appender.install.snapshot.enabled = false (custom)
2019-10-02 10:56:23,022 [7df38282-3a3d-4206-964a-9b3301cd1d1f@group-6128F9235CFD-LeaderElection37] INFO  server.RaftServerConfigKeys (ConfUtils.java:logGet(43)) - raft.server.log.appender.buffer.element-limit = 1 (custom)
2019-10-02 10:56:23,022 [7df38282-3a3d-4206-964a-9b3301cd1d1f@group-BE47439FB225-LeaderElection38] INFO  impl.RoleInfo (RoleInfo.java:updateAndGet(143)) - 7df38282-3a3d-4206-964a-9b3301cd1d1f: start LeaderState
2019-10-02 10:56:23,022 [7df38282-3a3d-4206-964a-9b3301cd1d1f@group-6128F9235CFD-LeaderElection37] INFO  grpc.GrpcConfigKeys$Server (ConfUtils.java:logGet(43)) - raft.grpc.server.leader.outstanding.appends.max = 128 (default)
2019-10-02 10:56:23,022 [7df38282-3a3d-4206-964a-9b3301cd1d1f@group-BE47439FB225-LeaderElection38] INFO  segmented.SegmentedRaftLogWorker (SegmentedRaftLogWorker.java:startLogSegment(385)) - 7df38282-3a3d-4206-964a-9b3301cd1d1f@group-BE47439FB225-SegmentedRaftLogWorker: Starting segment from index:0
2019-10-02 10:56:23,022 [7df38282-3a3d-4206-964a-9b3301cd1d1f@group-6128F9235CFD-LeaderElection37] INFO  server.RaftServerConfigKeys (ConfUtils.java:logGet(43)) - raft.server.rpc.request.timeout = 3000ms (default)
2019-10-02 10:56:23,023 [7df38282-3a3d-4206-964a-9b3301cd1d1f@group-6128F9235CFD-LeaderElection37] INFO  server.RaftServerConfigKeys (ConfUtils.java:logGet(43)) - raft.server.log.appender.install.snapshot.enabled = false (custom)
2019-10-02 10:56:23,023 [7df38282-3a3d-4206-964a-9b3301cd1d1f@group-6128F9235CFD-LeaderElection37] INFO  impl.RoleInfo (RoleInfo.java:updateAndGet(143)) - 7df38282-3a3d-4206-964a-9b3301cd1d1f: start LeaderState
2019-10-02 10:56:23,023 [7df38282-3a3d-4206-964a-9b3301cd1d1f@group-BE47439FB225-LeaderElection38] INFO  impl.RaftServerImpl (ServerState.java:setRaftConf(356)) - 7df38282-3a3d-4206-964a-9b3301cd1d1f@group-BE47439FB225: set configuration 0: [d3dffc06-1d6a-4f7a-8294-c2dc8ce35b40:192.168.30.53:33785, 7df38282-3a3d-4206-964a-9b3301cd1d1f:192.168.30.53:34960, b25f22f8-54cc-4ffd-bfcd-179cc8cbd7fc:192.168.30.53:42549], old=null at 0
2019-10-02 10:56:23,023 [7df38282-3a3d-4206-964a-9b3301cd1d1f@group-6128F9235CFD-LeaderElection37] INFO  segmented.SegmentedRaftLogWorker (SegmentedRaftLogWorker.java:startLogSegment(385)) - 7df38282-3a3d-4206-964a-9b3301cd1d1f@group-6128F9235CFD-SegmentedRaftLogWorker: Starting segment from index:0
2019-10-02 10:56:23,048 [b25f22f8-54cc-4ffd-bfcd-179cc8cbd7fc@group-49987F7A8A7C-SegmentedRaftLogWorker] INFO  segmented.SegmentedRaftLogWorker (SegmentedRaftLogWorker.java:execute(574)) - b25f22f8-54cc-4ffd-bfcd-179cc8cbd7fc@group-49987F7A8A7C-SegmentedRaftLogWorker: created new log segment /workdir/hadoop-ozone/integration-test/target/test-dir/MiniOzoneClusterImpl-5f261223-23be-4c6b-a914-4b08f19f7d30/datanode-7/data/ratis/d9cbc56a-6e37-401e-a144-49987f7a8a7c/current/log_inprogress_0
2019-10-02 10:56:23,048 [d3dffc06-1d6a-4f7a-8294-c2dc8ce35b40@group-1A77BEA84F5E-SegmentedRaftLogWorker] INFO  segmented.SegmentedRaftLogWorker (SegmentedRaftLogWorker.java:execute(574)) - d3dffc06-1d6a-4f7a-8294-c2dc8ce35b40@group-1A77BEA84F5E-SegmentedRaftLogWorker: created new log segment /workdir/hadoop-ozone/integration-test/target/test-dir/MiniOzoneClusterImpl-5f261223-23be-4c6b-a914-4b08f19f7d30/datanode-2/data/ratis/8d670c23-50b6-45b7-93d3-1a77bea84f5e/current/log_inprogress_0
2019-10-02 10:56:23,048 [7df38282-3a3d-4206-964a-9b3301cd1d1f@group-49987F7A8A7C-SegmentedRaftLogWorker] INFO  segmented.SegmentedRaftLogWorker (SegmentedRaftLogWorker.java:execute(574)) - 7df38282-3a3d-4206-964a-9b3301cd1d1f@group-49987F7A8A7C-SegmentedRaftLogWorker: created new log segment /workdir/hadoop-ozone/integration-test/target/test-dir/MiniOzoneClusterImpl-5f261223-23be-4c6b-a914-4b08f19f7d30/datanode-0/data/ratis/d9cbc56a-6e37-401e-a144-49987f7a8a7c/current/log_inprogress_0
2019-10-02 10:56:23,048 [b25f22f8-54cc-4ffd-bfcd-179cc8cbd7fc@group-1A77BEA84F5E-SegmentedRaftLogWorker] INFO  segmented.SegmentedRaftLogWorker (SegmentedRaftLogWorker.java:execute(574)) - b25f22f8-54cc-4ffd-bfcd-179cc8cbd7fc@group-1A77BEA84F5E-SegmentedRaftLogWorker: created new log segment /workdir/hadoop-ozone/integration-test/target/test-dir/MiniOzoneClusterImpl-5f261223-23be-4c6b-a914-4b08f19f7d30/datanode-7/data/ratis/8d670c23-50b6-45b7-93d3-1a77bea84f5e/current/log_inprogress_0
2019-10-02 10:56:23,050 [7df38282-3a3d-4206-964a-9b3301cd1d1f@group-6128F9235CFD-LeaderElection37] INFO  impl.RaftServerImpl (ServerState.java:setRaftConf(356)) - 7df38282-3a3d-4206-964a-9b3301cd1d1f@group-6128F9235CFD: set configuration 0: [d3dffc06-1d6a-4f7a-8294-c2dc8ce35b40:192.168.30.53:33785, 7df38282-3a3d-4206-964a-9b3301cd1d1f:192.168.30.53:34960, b25f22f8-54cc-4ffd-bfcd-179cc8cbd7fc:192.168.30.53:42549], old=null at 0
2019-10-02 10:56:23,078 [7df38282-3a3d-4206-964a-9b3301cd1d1f@group-BE47439FB225-SegmentedRaftLogWorker] INFO  segmented.SegmentedRaftLogWorker (SegmentedRaftLogWorker.java:execute(574)) - 7df38282-3a3d-4206-964a-9b3301cd1d1f@group-BE47439FB225-SegmentedRaftLogWorker: created new log segment /workdir/hadoop-ozone/integration-test/target/test-dir/MiniOzoneClusterImpl-5f261223-23be-4c6b-a914-4b08f19f7d30/datanode-0/data/ratis/3a2e52de-55c8-471c-b652-be47439fb225/current/log_inprogress_0
2019-10-02 10:56:23,099 [7df38282-3a3d-4206-964a-9b3301cd1d1f@group-6128F9235CFD-SegmentedRaftLogWorker] INFO  segmented.SegmentedRaftLogWorker (SegmentedRaftLogWorker.java:execute(574)) - 7df38282-3a3d-4206-964a-9b3301cd1d1f@group-6128F9235CFD-SegmentedRaftLogWorker: created new log segment /workdir/hadoop-ozone/integration-test/target/test-dir/MiniOzoneClusterImpl-5f261223-23be-4c6b-a914-4b08f19f7d30/datanode-0/data/ratis/41f37c6d-a128-44f1-9e9c-6128f9235cfd/current/log_inprogress_0
2019-10-02 10:56:23,252 [grpc-default-executor-4] INFO  impl.RaftServerImpl (ServerState.java:setLeader(255)) - b25f22f8-54cc-4ffd-bfcd-179cc8cbd7fc@group-BE47439FB225: change Leader from null to 7df38282-3a3d-4206-964a-9b3301cd1d1f at term 1 for appendEntries, leader elected after 1567ms
2019-10-02 10:56:23,252 [grpc-default-executor-2] INFO  impl.RaftServerImpl (ServerState.java:setLeader(255)) - d3dffc06-1d6a-4f7a-8294-c2dc8ce35b40@group-6128F9235CFD: change Leader from null to 7df38282-3a3d-4206-964a-9b3301cd1d1f at term 1 for appendEntries, leader elected after 1699ms
2019-10-02 10:56:23,252 [grpc-default-executor-5] INFO  impl.RaftServerImpl (ServerState.java:setLeader(255)) - d3dffc06-1d6a-4f7a-8294-c2dc8ce35b40@group-BE47439FB225: change Leader from null to 7df38282-3a3d-4206-964a-9b3301cd1d1f at term 1 for appendEntries, leader elected after 1567ms
2019-10-02 10:56:23,258 [grpc-default-executor-7] INFO  impl.RaftServerImpl (ServerState.java:setLeader(255)) - b25f22f8-54cc-4ffd-bfcd-179cc8cbd7fc@group-6128F9235CFD: change Leader from null to 7df38282-3a3d-4206-964a-9b3301cd1d1f at term 1 for appendEntries, leader elected after 1704ms
2019-10-02 10:56:23,265 [grpc-default-executor-7] INFO  impl.RaftServerImpl (ServerState.java:setRaftConf(356)) - d3dffc06-1d6a-4f7a-8294-c2dc8ce35b40@group-6128F9235CFD: set configuration 0: [d3dffc06-1d6a-4f7a-8294-c2dc8ce35b40:192.168.30.53:33785, 7df38282-3a3d-4206-964a-9b3301cd1d1f:192.168.30.53:34960, b25f22f8-54cc-4ffd-bfcd-179cc8cbd7fc:192.168.30.53:42549], old=null at 0
2019-10-02 10:56:23,265 [grpc-default-executor-5] INFO  impl.RaftServerImpl (ServerState.java:setRaftConf(356)) - b25f22f8-54cc-4ffd-bfcd-179cc8cbd7fc@group-6128F9235CFD: set configuration 0: [d3dffc06-1d6a-4f7a-8294-c2dc8ce35b40:192.168.30.53:33785, 7df38282-3a3d-4206-964a-9b3301cd1d1f:192.168.30.53:34960, b25f22f8-54cc-4ffd-bfcd-179cc8cbd7fc:192.168.30.53:42549], old=null at 0
2019-10-02 10:56:23,265 [grpc-default-executor-2] INFO  impl.RaftServerImpl (ServerState.java:setRaftConf(356)) - b25f22f8-54cc-4ffd-bfcd-179cc8cbd7fc@group-BE47439FB225: set configuration 0: [d3dffc06-1d6a-4f7a-8294-c2dc8ce35b40:192.168.30.53:33785, 7df38282-3a3d-4206-964a-9b3301cd1d1f:192.168.30.53:34960, b25f22f8-54cc-4ffd-bfcd-179cc8cbd7fc:192.168.30.53:42549], old=null at 0
2019-10-02 10:56:23,266 [grpc-default-executor-5] INFO  segmented.SegmentedRaftLogWorker (SegmentedRaftLogWorker.java:startLogSegment(385)) - b25f22f8-54cc-4ffd-bfcd-179cc8cbd7fc@group-6128F9235CFD-SegmentedRaftLogWorker: Starting segment from index:0
2019-10-02 10:56:23,265 [grpc-default-executor-7] INFO  segmented.SegmentedRaftLogWorker (SegmentedRaftLogWorker.java:startLogSegment(385)) - d3dffc06-1d6a-4f7a-8294-c2dc8ce35b40@group-6128F9235CFD-SegmentedRaftLogWorker: Starting segment from index:0
2019-10-02 10:56:23,266 [grpc-default-executor-2] INFO  segmented.SegmentedRaftLogWorker (SegmentedRaftLogWorker.java:startLogSegment(385)) - b25f22f8-54cc-4ffd-bfcd-179cc8cbd7fc@group-BE47439FB225-SegmentedRaftLogWorker: Starting segment from index:0
2019-10-02 10:56:23,266 [grpc-default-executor-4] INFO  impl.RaftServerImpl (ServerState.java:setRaftConf(356)) - d3dffc06-1d6a-4f7a-8294-c2dc8ce35b40@group-BE47439FB225: set configuration 0: [d3dffc06-1d6a-4f7a-8294-c2dc8ce35b40:192.168.30.53:33785, 7df38282-3a3d-4206-964a-9b3301cd1d1f:192.168.30.53:34960, b25f22f8-54cc-4ffd-bfcd-179cc8cbd7fc:192.168.30.53:42549], old=null at 0
2019-10-02 10:56:23,266 [grpc-default-executor-4] INFO  segmented.SegmentedRaftLogWorker (SegmentedRaftLogWorker.java:startLogSegment(385)) - d3dffc06-1d6a-4f7a-8294-c2dc8ce35b40@group-BE47439FB225-SegmentedRaftLogWorker: Starting segment from index:0
2019-10-02 10:56:23,317 [d3dffc06-1d6a-4f7a-8294-c2dc8ce35b40@group-BE47439FB225-SegmentedRaftLogWorker] INFO  segmented.SegmentedRaftLogWorker (SegmentedRaftLogWorker.java:execute(574)) - d3dffc06-1d6a-4f7a-8294-c2dc8ce35b40@group-BE47439FB225-SegmentedRaftLogWorker: created new log segment /workdir/hadoop-ozone/integration-test/target/test-dir/MiniOzoneClusterImpl-5f261223-23be-4c6b-a914-4b08f19f7d30/datanode-2/data/ratis/3a2e52de-55c8-471c-b652-be47439fb225/current/log_inprogress_0
2019-10-02 10:56:23,317 [d3dffc06-1d6a-4f7a-8294-c2dc8ce35b40@group-6128F9235CFD-SegmentedRaftLogWorker] INFO  segmented.SegmentedRaftLogWorker (SegmentedRaftLogWorker.java:execute(574)) - d3dffc06-1d6a-4f7a-8294-c2dc8ce35b40@group-6128F9235CFD-SegmentedRaftLogWorker: created new log segment /workdir/hadoop-ozone/integration-test/target/test-dir/MiniOzoneClusterImpl-5f261223-23be-4c6b-a914-4b08f19f7d30/datanode-2/data/ratis/41f37c6d-a128-44f1-9e9c-6128f9235cfd/current/log_inprogress_0
2019-10-02 10:56:23,317 [b25f22f8-54cc-4ffd-bfcd-179cc8cbd7fc@group-BE47439FB225-SegmentedRaftLogWorker] INFO  segmented.SegmentedRaftLogWorker (SegmentedRaftLogWorker.java:execute(574)) - b25f22f8-54cc-4ffd-bfcd-179cc8cbd7fc@group-BE47439FB225-SegmentedRaftLogWorker: created new log segment /workdir/hadoop-ozone/integration-test/target/test-dir/MiniOzoneClusterImpl-5f261223-23be-4c6b-a914-4b08f19f7d30/datanode-7/data/ratis/3a2e52de-55c8-471c-b652-be47439fb225/current/log_inprogress_0
2019-10-02 10:56:23,333 [b25f22f8-54cc-4ffd-bfcd-179cc8cbd7fc@group-6128F9235CFD-SegmentedRaftLogWorker] INFO  segmented.SegmentedRaftLogWorker (SegmentedRaftLogWorker.java:execute(574)) - b25f22f8-54cc-4ffd-bfcd-179cc8cbd7fc@group-6128F9235CFD-SegmentedRaftLogWorker: created new log segment /workdir/hadoop-ozone/integration-test/target/test-dir/MiniOzoneClusterImpl-5f261223-23be-4c6b-a914-4b08f19f7d30/datanode-7/data/ratis/41f37c6d-a128-44f1-9e9c-6128f9235cfd/current/log_inprogress_0
2019-10-02 10:56:24,881 [Datanode ReportManager Thread - 0] WARN  concurrent.ExecutorHelper (ExecutorHelper.java:logThrowableFromAfterExecute(50)) - Execution exception when running task in Datanode ReportManager Thread - 0
2019-10-02 10:56:24,881 [Datanode ReportManager Thread - 0] WARN  concurrent.ExecutorHelper (ExecutorHelper.java:logThrowableFromAfterExecute(63)) - Caught exception in thread Datanode ReportManager Thread - 0: 
java.util.concurrent.RejectedExecutionException: Task java.util.concurrent.ScheduledThreadPoolExecutor$ScheduledFutureTask@50262618 rejected from org.apache.hadoop.util.concurrent.HadoopScheduledThreadPoolExecutor@5ee1d26c[Shutting down, pool size = 4, active threads = 1, queued tasks = 3, completed tasks = 0]
	at java.util.concurrent.ThreadPoolExecutor$AbortPolicy.rejectedExecution(ThreadPoolExecutor.java:2063)
	at java.util.concurrent.ThreadPoolExecutor.reject(ThreadPoolExecutor.java:830)
	at java.util.concurrent.ScheduledThreadPoolExecutor.delayedExecute(ScheduledThreadPoolExecutor.java:326)
	at java.util.concurrent.ScheduledThreadPoolExecutor.schedule(ScheduledThreadPoolExecutor.java:533)
	at org.apache.hadoop.ozone.container.common.report.ReportPublisher.run(ReportPublisher.java:76)
	at java.util.concurrent.Executors$RunnableAdapter.call(Executors.java:511)
	at java.util.concurrent.FutureTask.run(FutureTask.java:266)
	at java.util.concurrent.ScheduledThreadPoolExecutor$ScheduledFutureTask.access$201(ScheduledThreadPoolExecutor.java:180)
	at java.util.concurrent.ScheduledThreadPoolExecutor$ScheduledFutureTask.run(ScheduledThreadPoolExecutor.java:293)
	at java.util.concurrent.ThreadPoolExecutor.runWorker(ThreadPoolExecutor.java:1149)
	at java.util.concurrent.ThreadPoolExecutor$Worker.run(ThreadPoolExecutor.java:624)
	at java.lang.Thread.run(Thread.java:748)
2019-10-02 10:56:26,920 [Datanode State Machine Thread - 0] INFO  statemachine.DatanodeStateMachine (DatanodeStateMachine.java:lambda$startDaemon$0(350)) - Ozone container server started.
2019-10-02 10:56:26,925 [main] INFO  ozoneimpl.OzoneContainer (OzoneContainer.java:stop(231)) - Attempting to stop container services.
2019-10-02 10:56:26,925 [ForkJoinPool.commonPool-worker-0] INFO  ozoneimpl.OzoneContainer (OzoneContainer.java:stop(231)) - Attempting to stop container services.
2019-10-02 10:56:26,926 [main] INFO  impl.RaftServerProxy (RaftServerProxy.java:lambda$close$4(314)) - aafbe2ba-816f-4d3a-bbb1-a8f59b8799f5: close
2019-10-02 10:56:26,926 [ForkJoinPool.commonPool-worker-0] INFO  impl.RaftServerProxy (RaftServerProxy.java:lambda$close$4(314)) - d3dffc06-1d6a-4f7a-8294-c2dc8ce35b40: close
2019-10-02 10:56:26,928 [ForkJoinPool.commonPool-worker-0] INFO  impl.RaftServerImpl (RaftServerImpl.java:lambda$shutdown$3(247)) - d3dffc06-1d6a-4f7a-8294-c2dc8ce35b40@group-1A77BEA84F5E: shutdown
2019-10-02 10:56:26,928 [main] INFO  impl.RaftServerImpl (RaftServerImpl.java:lambda$shutdown$3(247)) - aafbe2ba-816f-4d3a-bbb1-a8f59b8799f5@group-E15FF9DC8DE1: shutdown
2019-10-02 10:56:26,928 [ForkJoinPool.commonPool-worker-0] INFO  util.JmxRegister (JmxRegister.java:unregister(73)) - Successfully un-registered JMX Bean with object name Ratis:service=RaftServer,group=group-1A77BEA84F5E,id=d3dffc06-1d6a-4f7a-8294-c2dc8ce35b40
2019-10-02 10:56:26,929 [main] INFO  util.JmxRegister (JmxRegister.java:unregister(73)) - Successfully un-registered JMX Bean with object name Ratis:service=RaftServer,group=group-E15FF9DC8DE1,id=aafbe2ba-816f-4d3a-bbb1-a8f59b8799f5
2019-10-02 10:56:26,929 [ForkJoinPool.commonPool-worker-0] INFO  impl.RoleInfo (RoleInfo.java:shutdownFollowerState(121)) - d3dffc06-1d6a-4f7a-8294-c2dc8ce35b40: shutdown FollowerState
2019-10-02 10:56:26,929 [main] INFO  impl.RoleInfo (RoleInfo.java:shutdownLeaderState(104)) - aafbe2ba-816f-4d3a-bbb1-a8f59b8799f5: shutdown LeaderState
2019-10-02 10:56:26,929 [Thread-533] INFO  impl.FollowerState (FollowerState.java:run(117)) - d3dffc06-1d6a-4f7a-8294-c2dc8ce35b40@group-1A77BEA84F5E-FollowerState was interrupted: java.lang.InterruptedException: sleep interrupted
2019-10-02 10:56:26,929 [ForkJoinPool.commonPool-worker-0] INFO  impl.StateMachineUpdater (StateMachineUpdater.java:stopAndJoin(136)) - d3dffc06-1d6a-4f7a-8294-c2dc8ce35b40@group-1A77BEA84F5E-StateMachineUpdater: set stopIndex = 0
2019-10-02 10:56:26,930 [ForkJoinPool.commonPool-worker-0] INFO  impl.RaftServerImpl (ServerState.java:close(387)) - d3dffc06-1d6a-4f7a-8294-c2dc8ce35b40@group-1A77BEA84F5E: closes. applyIndex: 0
2019-10-02 10:56:26,930 [main] INFO  impl.PendingRequests (PendingRequests.java:sendNotLeaderResponses(202)) - aafbe2ba-816f-4d3a-bbb1-a8f59b8799f5@group-E15FF9DC8DE1-PendingRequests: sendNotLeaderResponses
2019-10-02 10:56:26,932 [d3dffc06-1d6a-4f7a-8294-c2dc8ce35b40@group-1A77BEA84F5E-SegmentedRaftLogWorker] INFO  segmented.SegmentedRaftLogWorker (SegmentedRaftLogWorker.java:run(316)) - d3dffc06-1d6a-4f7a-8294-c2dc8ce35b40@group-1A77BEA84F5E-SegmentedRaftLogWorker was interrupted, exiting. There are 0 tasks remaining in the queue.
2019-10-02 10:56:26,932 [main] INFO  impl.StateMachineUpdater (StateMachineUpdater.java:stopAndJoin(136)) - aafbe2ba-816f-4d3a-bbb1-a8f59b8799f5@group-E15FF9DC8DE1-StateMachineUpdater: set stopIndex = 0
2019-10-02 10:56:26,939 [main] INFO  impl.RaftServerImpl (ServerState.java:close(387)) - aafbe2ba-816f-4d3a-bbb1-a8f59b8799f5@group-E15FF9DC8DE1: closes. applyIndex: 0
2019-10-02 10:56:26,939 [ForkJoinPool.commonPool-worker-0] INFO  segmented.SegmentedRaftLogWorker (SegmentedRaftLogWorker.java:close(224)) - d3dffc06-1d6a-4f7a-8294-c2dc8ce35b40@group-1A77BEA84F5E-SegmentedRaftLogWorker close()
2019-10-02 10:56:26,939 [aafbe2ba-816f-4d3a-bbb1-a8f59b8799f5@group-E15FF9DC8DE1-SegmentedRaftLogWorker] INFO  segmented.SegmentedRaftLogWorker (SegmentedRaftLogWorker.java:run(316)) - aafbe2ba-816f-4d3a-bbb1-a8f59b8799f5@group-E15FF9DC8DE1-SegmentedRaftLogWorker was interrupted, exiting. There are 0 tasks remaining in the queue.
2019-10-02 10:56:26,948 [main] INFO  segmented.SegmentedRaftLogWorker (SegmentedRaftLogWorker.java:close(224)) - aafbe2ba-816f-4d3a-bbb1-a8f59b8799f5@group-E15FF9DC8DE1-SegmentedRaftLogWorker close()
2019-10-02 10:56:26,948 [ForkJoinPool.commonPool-worker-0] INFO  impl.RaftServerImpl (RaftServerImpl.java:lambda$shutdown$3(247)) - d3dffc06-1d6a-4f7a-8294-c2dc8ce35b40@group-6B83A71B3C43: shutdown
2019-10-02 10:56:26,954 [ForkJoinPool.commonPool-worker-0] INFO  util.JmxRegister (JmxRegister.java:unregister(73)) - Successfully un-registered JMX Bean with object name Ratis:service=RaftServer,group=group-6B83A71B3C43,id=d3dffc06-1d6a-4f7a-8294-c2dc8ce35b40
2019-10-02 10:56:26,954 [ForkJoinPool.commonPool-worker-0] INFO  impl.RoleInfo (RoleInfo.java:shutdownFollowerState(121)) - d3dffc06-1d6a-4f7a-8294-c2dc8ce35b40: shutdown FollowerState
2019-10-02 10:56:26,954 [main] INFO  server.GrpcService (GrpcService.java:closeImpl(164)) - aafbe2ba-816f-4d3a-bbb1-a8f59b8799f5: shutdown server with port 38876 now
2019-10-02 10:56:26,954 [Thread-453] INFO  impl.FollowerState (FollowerState.java:run(117)) - d3dffc06-1d6a-4f7a-8294-c2dc8ce35b40@group-6B83A71B3C43-FollowerState was interrupted: java.lang.InterruptedException: sleep interrupted
2019-10-02 10:56:26,954 [ForkJoinPool.commonPool-worker-0] INFO  impl.StateMachineUpdater (StateMachineUpdater.java:stopAndJoin(136)) - d3dffc06-1d6a-4f7a-8294-c2dc8ce35b40@group-6B83A71B3C43-StateMachineUpdater: set stopIndex = 0
2019-10-02 10:56:26,955 [ForkJoinPool.commonPool-worker-0] INFO  impl.RaftServerImpl (ServerState.java:close(387)) - d3dffc06-1d6a-4f7a-8294-c2dc8ce35b40@group-6B83A71B3C43: closes. applyIndex: 0
2019-10-02 10:56:26,955 [d3dffc06-1d6a-4f7a-8294-c2dc8ce35b40@group-6B83A71B3C43-SegmentedRaftLogWorker] INFO  segmented.SegmentedRaftLogWorker (SegmentedRaftLogWorker.java:run(316)) - d3dffc06-1d6a-4f7a-8294-c2dc8ce35b40@group-6B83A71B3C43-SegmentedRaftLogWorker was interrupted, exiting. There are 0 tasks remaining in the queue.
2019-10-02 10:56:26,958 [ForkJoinPool.commonPool-worker-0] INFO  segmented.SegmentedRaftLogWorker (SegmentedRaftLogWorker.java:close(224)) - d3dffc06-1d6a-4f7a-8294-c2dc8ce35b40@group-6B83A71B3C43-SegmentedRaftLogWorker close()
2019-10-02 10:56:26,964 [ForkJoinPool.commonPool-worker-0] INFO  impl.RaftServerImpl (RaftServerImpl.java:lambda$shutdown$3(247)) - d3dffc06-1d6a-4f7a-8294-c2dc8ce35b40@group-49987F7A8A7C: shutdown
2019-10-02 10:56:26,964 [main] INFO  server.GrpcService (GrpcService.java:closeImpl(172)) - aafbe2ba-816f-4d3a-bbb1-a8f59b8799f5: shutdown server with port 38876 successfully
2019-10-02 10:56:26,964 [ForkJoinPool.commonPool-worker-0] INFO  util.JmxRegister (JmxRegister.java:unregister(73)) - Successfully un-registered JMX Bean with object name Ratis:service=RaftServer,group=group-49987F7A8A7C,id=d3dffc06-1d6a-4f7a-8294-c2dc8ce35b40
2019-10-02 10:56:26,964 [ForkJoinPool.commonPool-worker-0] INFO  impl.RoleInfo (RoleInfo.java:shutdownLeaderState(104)) - d3dffc06-1d6a-4f7a-8294-c2dc8ce35b40: shutdown LeaderState
2019-10-02 10:56:26,970 [ForkJoinPool.commonPool-worker-0] INFO  impl.PendingRequests (PendingRequests.java:sendNotLeaderResponses(202)) - d3dffc06-1d6a-4f7a-8294-c2dc8ce35b40@group-49987F7A8A7C-PendingRequests: sendNotLeaderResponses
2019-10-02 10:56:26,973 [org.apache.ratis.server.impl.LogAppender$AppenderDaemon$$Lambda$478/1078587298@6a69babe] WARN  server.GrpcLogAppender (GrpcLogAppender.java:mayWait(143)) - d3dffc06-1d6a-4f7a-8294-c2dc8ce35b40@group-49987F7A8A7C->7df38282-3a3d-4206-964a-9b3301cd1d1f-GrpcLogAppender: Wait interrupted by java.lang.InterruptedException
2019-10-02 10:56:26,976 [ForkJoinPool.commonPool-worker-0] INFO  impl.StateMachineUpdater (StateMachineUpdater.java:stopAndJoin(136)) - d3dffc06-1d6a-4f7a-8294-c2dc8ce35b40@group-49987F7A8A7C-StateMachineUpdater: set stopIndex = 0
2019-10-02 10:56:26,973 [org.apache.ratis.server.impl.LogAppender$AppenderDaemon$$Lambda$478/1078587298@551714c6] WARN  server.GrpcLogAppender (GrpcLogAppender.java:mayWait(143)) - d3dffc06-1d6a-4f7a-8294-c2dc8ce35b40@group-49987F7A8A7C->b25f22f8-54cc-4ffd-bfcd-179cc8cbd7fc-GrpcLogAppender: Wait interrupted by java.lang.InterruptedException
2019-10-02 10:56:26,976 [ForkJoinPool.commonPool-worker-0] INFO  impl.RaftServerImpl (ServerState.java:close(387)) - d3dffc06-1d6a-4f7a-8294-c2dc8ce35b40@group-49987F7A8A7C: closes. applyIndex: 0
2019-10-02 10:56:26,976 [d3dffc06-1d6a-4f7a-8294-c2dc8ce35b40@group-49987F7A8A7C-SegmentedRaftLogWorker] INFO  segmented.SegmentedRaftLogWorker (SegmentedRaftLogWorker.java:run(316)) - d3dffc06-1d6a-4f7a-8294-c2dc8ce35b40@group-49987F7A8A7C-SegmentedRaftLogWorker was interrupted, exiting. There are 0 tasks remaining in the queue.
2019-10-02 10:56:26,980 [ForkJoinPool.commonPool-worker-0] INFO  segmented.SegmentedRaftLogWorker (SegmentedRaftLogWorker.java:close(224)) - d3dffc06-1d6a-4f7a-8294-c2dc8ce35b40@group-49987F7A8A7C-SegmentedRaftLogWorker close()
2019-10-02 10:56:26,985 [ForkJoinPool.commonPool-worker-0] INFO  impl.RaftServerImpl (RaftServerImpl.java:lambda$shutdown$3(247)) - d3dffc06-1d6a-4f7a-8294-c2dc8ce35b40@group-BE47439FB225: shutdown
2019-10-02 10:56:26,986 [ForkJoinPool.commonPool-worker-0] INFO  util.JmxRegister (JmxRegister.java:unregister(73)) - Successfully un-registered JMX Bean with object name Ratis:service=RaftServer,group=group-BE47439FB225,id=d3dffc06-1d6a-4f7a-8294-c2dc8ce35b40
2019-10-02 10:56:26,986 [ForkJoinPool.commonPool-worker-0] INFO  impl.RoleInfo (RoleInfo.java:shutdownFollowerState(121)) - d3dffc06-1d6a-4f7a-8294-c2dc8ce35b40: shutdown FollowerState
2019-10-02 10:56:26,986 [refreshUsed-/workdir/hadoop-ozone/integration-test/target/test-dir/MiniOzoneClusterImpl-5f261223-23be-4c6b-a914-4b08f19f7d30/datanode-5/data/containers] WARN  fs.CachingGetSpaceUsed (CachingGetSpaceUsed.java:run(183)) - Thread Interrupted waiting to refresh disk information: sleep interrupted
2019-10-02 10:56:26,986 [ForkJoinPool.commonPool-worker-0] INFO  impl.StateMachineUpdater (StateMachineUpdater.java:stopAndJoin(136)) - d3dffc06-1d6a-4f7a-8294-c2dc8ce35b40@group-BE47439FB225-StateMachineUpdater: set stopIndex = 0
2019-10-02 10:56:26,986 [ForkJoinPool.commonPool-worker-0] INFO  impl.RaftServerImpl (ServerState.java:close(387)) - d3dffc06-1d6a-4f7a-8294-c2dc8ce35b40@group-BE47439FB225: closes. applyIndex: 0
2019-10-02 10:56:26,986 [Thread-565] INFO  impl.FollowerState (FollowerState.java:run(117)) - d3dffc06-1d6a-4f7a-8294-c2dc8ce35b40@group-BE47439FB225-FollowerState was interrupted: java.lang.InterruptedException: sleep interrupted
2019-10-02 10:56:26,987 [d3dffc06-1d6a-4f7a-8294-c2dc8ce35b40@group-BE47439FB225-SegmentedRaftLogWorker] INFO  segmented.SegmentedRaftLogWorker (SegmentedRaftLogWorker.java:run(316)) - d3dffc06-1d6a-4f7a-8294-c2dc8ce35b40@group-BE47439FB225-SegmentedRaftLogWorker was interrupted, exiting. There are 0 tasks remaining in the queue.
2019-10-02 10:56:26,989 [grpc-default-executor-7] INFO  server.GrpcServerProtocolService (GrpcServerProtocolService.java:onCompleted(113)) - 7df38282-3a3d-4206-964a-9b3301cd1d1f: Completed APPEND_ENTRIES, lastRequest: d3dffc06-1d6a-4f7a-8294-c2dc8ce35b40->7df38282-3a3d-4206-964a-9b3301cd1d1f#8-t1, previous=(t:1, i:0), leaderCommit=0, initializing? false, entries: <empty>
2019-10-02 10:56:26,991 [ForkJoinPool.commonPool-worker-0] INFO  segmented.SegmentedRaftLogWorker (SegmentedRaftLogWorker.java:close(224)) - d3dffc06-1d6a-4f7a-8294-c2dc8ce35b40@group-BE47439FB225-SegmentedRaftLogWorker close()
2019-10-02 10:56:26,989 [grpc-default-executor-5] INFO  server.GrpcServerProtocolService (GrpcServerProtocolService.java:onCompleted(113)) - b25f22f8-54cc-4ffd-bfcd-179cc8cbd7fc: Completed APPEND_ENTRIES, lastRequest: d3dffc06-1d6a-4f7a-8294-c2dc8ce35b40->b25f22f8-54cc-4ffd-bfcd-179cc8cbd7fc#8-t1, previous=(t:1, i:0), leaderCommit=0, initializing? false, entries: <empty>
2019-10-02 10:56:26,995 [ForkJoinPool.commonPool-worker-0] INFO  impl.RaftServerImpl (RaftServerImpl.java:lambda$shutdown$3(247)) - d3dffc06-1d6a-4f7a-8294-c2dc8ce35b40@group-A3ADB3AAF53A: shutdown
2019-10-02 10:56:26,995 [grpc-default-executor-7] INFO  server.GrpcLogAppender (GrpcLogAppender.java:onCompleted(293)) - d3dffc06-1d6a-4f7a-8294-c2dc8ce35b40@group-49987F7A8A7C->7df38282-3a3d-4206-964a-9b3301cd1d1f-AppendLogResponseHandler: follower responses appendEntries COMPLETED
2019-10-02 10:56:26,995 [ForkJoinPool.commonPool-worker-0] INFO  util.JmxRegister (JmxRegister.java:unregister(73)) - Successfully un-registered JMX Bean with object name Ratis:service=RaftServer,group=group-A3ADB3AAF53A,id=d3dffc06-1d6a-4f7a-8294-c2dc8ce35b40
2019-10-02 10:56:26,999 [grpc-default-executor-5] INFO  server.GrpcLogAppender (GrpcLogAppender.java:onCompleted(293)) - d3dffc06-1d6a-4f7a-8294-c2dc8ce35b40@group-49987F7A8A7C->b25f22f8-54cc-4ffd-bfcd-179cc8cbd7fc-AppendLogResponseHandler: follower responses appendEntries COMPLETED
2019-10-02 10:56:26,999 [ForkJoinPool.commonPool-worker-0] INFO  impl.RoleInfo (RoleInfo.java:shutdownLeaderState(104)) - d3dffc06-1d6a-4f7a-8294-c2dc8ce35b40: shutdown LeaderState
2019-10-02 10:56:27,000 [ForkJoinPool.commonPool-worker-0] INFO  impl.PendingRequests (PendingRequests.java:sendNotLeaderResponses(202)) - d3dffc06-1d6a-4f7a-8294-c2dc8ce35b40@group-A3ADB3AAF53A-PendingRequests: sendNotLeaderResponses
2019-10-02 10:56:27,001 [ForkJoinPool.commonPool-worker-0] INFO  impl.StateMachineUpdater (StateMachineUpdater.java:stopAndJoin(136)) - d3dffc06-1d6a-4f7a-8294-c2dc8ce35b40@group-A3ADB3AAF53A-StateMachineUpdater: set stopIndex = 0
2019-10-02 10:56:27,001 [ForkJoinPool.commonPool-worker-0] INFO  impl.RaftServerImpl (ServerState.java:close(387)) - d3dffc06-1d6a-4f7a-8294-c2dc8ce35b40@group-A3ADB3AAF53A: closes. applyIndex: 0
2019-10-02 10:56:27,002 [d3dffc06-1d6a-4f7a-8294-c2dc8ce35b40@group-A3ADB3AAF53A-SegmentedRaftLogWorker] INFO  segmented.SegmentedRaftLogWorker (SegmentedRaftLogWorker.java:run(316)) - d3dffc06-1d6a-4f7a-8294-c2dc8ce35b40@group-A3ADB3AAF53A-SegmentedRaftLogWorker was interrupted, exiting. There are 0 tasks remaining in the queue.
2019-10-02 10:56:27,005 [ForkJoinPool.commonPool-worker-0] INFO  segmented.SegmentedRaftLogWorker (SegmentedRaftLogWorker.java:close(224)) - d3dffc06-1d6a-4f7a-8294-c2dc8ce35b40@group-A3ADB3AAF53A-SegmentedRaftLogWorker close()
2019-10-02 10:56:27,009 [ForkJoinPool.commonPool-worker-0] INFO  impl.RaftServerImpl (RaftServerImpl.java:lambda$shutdown$3(247)) - d3dffc06-1d6a-4f7a-8294-c2dc8ce35b40@group-C476C2B24A7C: shutdown
2019-10-02 10:56:27,009 [ForkJoinPool.commonPool-worker-0] INFO  util.JmxRegister (JmxRegister.java:unregister(73)) - Successfully un-registered JMX Bean with object name Ratis:service=RaftServer,group=group-C476C2B24A7C,id=d3dffc06-1d6a-4f7a-8294-c2dc8ce35b40
2019-10-02 10:56:27,009 [ForkJoinPool.commonPool-worker-0] INFO  impl.RoleInfo (RoleInfo.java:shutdownLeaderState(104)) - d3dffc06-1d6a-4f7a-8294-c2dc8ce35b40: shutdown LeaderState
2019-10-02 10:56:27,013 [org.apache.ratis.server.impl.LogAppender$AppenderDaemon$$Lambda$478/1078587298@20c4471e] WARN  server.GrpcLogAppender (GrpcLogAppender.java:mayWait(143)) - d3dffc06-1d6a-4f7a-8294-c2dc8ce35b40@group-C476C2B24A7C->7df38282-3a3d-4206-964a-9b3301cd1d1f-GrpcLogAppender: Wait interrupted by java.lang.InterruptedException
2019-10-02 10:56:27,013 [ForkJoinPool.commonPool-worker-0] INFO  impl.PendingRequests (PendingRequests.java:sendNotLeaderResponses(202)) - d3dffc06-1d6a-4f7a-8294-c2dc8ce35b40@group-C476C2B24A7C-PendingRequests: sendNotLeaderResponses
2019-10-02 10:56:27,013 [org.apache.ratis.server.impl.LogAppender$AppenderDaemon$$Lambda$478/1078587298@6ef8c88e] WARN  server.GrpcLogAppender (GrpcLogAppender.java:mayWait(143)) - d3dffc06-1d6a-4f7a-8294-c2dc8ce35b40@group-C476C2B24A7C->b25f22f8-54cc-4ffd-bfcd-179cc8cbd7fc-GrpcLogAppender: Wait interrupted by java.lang.InterruptedException
2019-10-02 10:56:27,013 [ForkJoinPool.commonPool-worker-0] INFO  impl.StateMachineUpdater (StateMachineUpdater.java:stopAndJoin(136)) - d3dffc06-1d6a-4f7a-8294-c2dc8ce35b40@group-C476C2B24A7C-StateMachineUpdater: set stopIndex = 0
2019-10-02 10:56:27,014 [grpc-default-executor-4] INFO  server.GrpcServerProtocolService (GrpcServerProtocolService.java:onCompleted(113)) - 7df38282-3a3d-4206-964a-9b3301cd1d1f: Completed APPEND_ENTRIES, lastRequest: d3dffc06-1d6a-4f7a-8294-c2dc8ce35b40->7df38282-3a3d-4206-964a-9b3301cd1d1f#11-t2, previous=(t:2, i:0), leaderCommit=0, initializing? false, entries: <empty>
2019-10-02 10:56:27,014 [ForkJoinPool.commonPool-worker-0] INFO  impl.RaftServerImpl (ServerState.java:close(387)) - d3dffc06-1d6a-4f7a-8294-c2dc8ce35b40@group-C476C2B24A7C: closes. applyIndex: 0
2019-10-02 10:56:27,014 [grpc-default-executor-2] INFO  server.GrpcServerProtocolService (GrpcServerProtocolService.java:onCompleted(113)) - b25f22f8-54cc-4ffd-bfcd-179cc8cbd7fc: Completed APPEND_ENTRIES, lastRequest: d3dffc06-1d6a-4f7a-8294-c2dc8ce35b40->b25f22f8-54cc-4ffd-bfcd-179cc8cbd7fc#11-t2, previous=(t:2, i:0), leaderCommit=0, initializing? false, entries: <empty>
2019-10-02 10:56:27,014 [d3dffc06-1d6a-4f7a-8294-c2dc8ce35b40@group-C476C2B24A7C-SegmentedRaftLogWorker] INFO  segmented.SegmentedRaftLogWorker (SegmentedRaftLogWorker.java:run(316)) - d3dffc06-1d6a-4f7a-8294-c2dc8ce35b40@group-C476C2B24A7C-SegmentedRaftLogWorker was interrupted, exiting. There are 0 tasks remaining in the queue.
2019-10-02 10:56:27,017 [grpc-default-executor-2] INFO  server.GrpcLogAppender (GrpcLogAppender.java:onCompleted(293)) - d3dffc06-1d6a-4f7a-8294-c2dc8ce35b40@group-C476C2B24A7C->7df38282-3a3d-4206-964a-9b3301cd1d1f-AppendLogResponseHandler: follower responses appendEntries COMPLETED
2019-10-02 10:56:27,017 [ForkJoinPool.commonPool-worker-0] INFO  segmented.SegmentedRaftLogWorker (SegmentedRaftLogWorker.java:close(224)) - d3dffc06-1d6a-4f7a-8294-c2dc8ce35b40@group-C476C2B24A7C-SegmentedRaftLogWorker close()
2019-10-02 10:56:27,017 [grpc-default-executor-4] INFO  server.GrpcLogAppender (GrpcLogAppender.java:onCompleted(293)) - d3dffc06-1d6a-4f7a-8294-c2dc8ce35b40@group-C476C2B24A7C->b25f22f8-54cc-4ffd-bfcd-179cc8cbd7fc-AppendLogResponseHandler: follower responses appendEntries COMPLETED
2019-10-02 10:56:27,021 [ForkJoinPool.commonPool-worker-0] INFO  impl.RaftServerImpl (RaftServerImpl.java:lambda$shutdown$3(247)) - d3dffc06-1d6a-4f7a-8294-c2dc8ce35b40@group-6128F9235CFD: shutdown
2019-10-02 10:56:27,021 [ForkJoinPool.commonPool-worker-0] INFO  util.JmxRegister (JmxRegister.java:unregister(73)) - Successfully un-registered JMX Bean with object name Ratis:service=RaftServer,group=group-6128F9235CFD,id=d3dffc06-1d6a-4f7a-8294-c2dc8ce35b40
2019-10-02 10:56:27,025 [ForkJoinPool.commonPool-worker-0] INFO  impl.RoleInfo (RoleInfo.java:shutdownFollowerState(121)) - d3dffc06-1d6a-4f7a-8294-c2dc8ce35b40: shutdown FollowerState
2019-10-02 10:56:27,025 [ForkJoinPool.commonPool-worker-0] INFO  impl.StateMachineUpdater (StateMachineUpdater.java:stopAndJoin(136)) - d3dffc06-1d6a-4f7a-8294-c2dc8ce35b40@group-6128F9235CFD-StateMachineUpdater: set stopIndex = 0
2019-10-02 10:56:27,025 [Thread-558] INFO  impl.FollowerState (FollowerState.java:run(117)) - d3dffc06-1d6a-4f7a-8294-c2dc8ce35b40@group-6128F9235CFD-FollowerState was interrupted: java.lang.InterruptedException: sleep interrupted
2019-10-02 10:56:27,025 [ForkJoinPool.commonPool-worker-0] INFO  impl.RaftServerImpl (ServerState.java:close(387)) - d3dffc06-1d6a-4f7a-8294-c2dc8ce35b40@group-6128F9235CFD: closes. applyIndex: 0
2019-10-02 10:56:27,026 [d3dffc06-1d6a-4f7a-8294-c2dc8ce35b40@group-6128F9235CFD-SegmentedRaftLogWorker] INFO  segmented.SegmentedRaftLogWorker (SegmentedRaftLogWorker.java:run(316)) - d3dffc06-1d6a-4f7a-8294-c2dc8ce35b40@group-6128F9235CFD-SegmentedRaftLogWorker was interrupted, exiting. There are 0 tasks remaining in the queue.
2019-10-02 10:56:27,027 [ForkJoinPool.commonPool-worker-0] INFO  segmented.SegmentedRaftLogWorker (SegmentedRaftLogWorker.java:close(224)) - d3dffc06-1d6a-4f7a-8294-c2dc8ce35b40@group-6128F9235CFD-SegmentedRaftLogWorker close()
2019-10-02 10:56:27,031 [ForkJoinPool.commonPool-worker-0] INFO  impl.RaftServerImpl (RaftServerImpl.java:lambda$shutdown$3(247)) - d3dffc06-1d6a-4f7a-8294-c2dc8ce35b40@group-ABAF19C3FAB0: shutdown
2019-10-02 10:56:27,031 [ForkJoinPool.commonPool-worker-0] INFO  util.JmxRegister (JmxRegister.java:unregister(73)) - Successfully un-registered JMX Bean with object name Ratis:service=RaftServer,group=group-ABAF19C3FAB0,id=d3dffc06-1d6a-4f7a-8294-c2dc8ce35b40
2019-10-02 10:56:27,031 [ForkJoinPool.commonPool-worker-0] INFO  impl.RoleInfo (RoleInfo.java:shutdownLeaderState(104)) - d3dffc06-1d6a-4f7a-8294-c2dc8ce35b40: shutdown LeaderState
2019-10-02 10:56:27,034 [ForkJoinPool.commonPool-worker-0] INFO  impl.PendingRequests (PendingRequests.java:sendNotLeaderResponses(202)) - d3dffc06-1d6a-4f7a-8294-c2dc8ce35b40@group-ABAF19C3FAB0-PendingRequests: sendNotLeaderResponses
2019-10-02 10:56:27,035 [org.apache.ratis.server.impl.LogAppender$AppenderDaemon$$Lambda$478/1078587298@1d70981f] WARN  server.GrpcLogAppender (GrpcLogAppender.java:mayWait(143)) - d3dffc06-1d6a-4f7a-8294-c2dc8ce35b40@group-ABAF19C3FAB0->7df38282-3a3d-4206-964a-9b3301cd1d1f-GrpcLogAppender: Wait interrupted by java.lang.InterruptedException
2019-10-02 10:56:27,034 [org.apache.ratis.server.impl.LogAppender$AppenderDaemon$$Lambda$478/1078587298@1ccbffea] WARN  server.GrpcLogAppender (GrpcLogAppender.java:mayWait(143)) - d3dffc06-1d6a-4f7a-8294-c2dc8ce35b40@group-ABAF19C3FAB0->b25f22f8-54cc-4ffd-bfcd-179cc8cbd7fc-GrpcLogAppender: Wait interrupted by java.lang.InterruptedException
2019-10-02 10:56:27,035 [ForkJoinPool.commonPool-worker-0] INFO  impl.StateMachineUpdater (StateMachineUpdater.java:stopAndJoin(136)) - d3dffc06-1d6a-4f7a-8294-c2dc8ce35b40@group-ABAF19C3FAB0-StateMachineUpdater: set stopIndex = 0
2019-10-02 10:56:27,035 [ForkJoinPool.commonPool-worker-0] INFO  impl.RaftServerImpl (ServerState.java:close(387)) - d3dffc06-1d6a-4f7a-8294-c2dc8ce35b40@group-ABAF19C3FAB0: closes. applyIndex: 0
2019-10-02 10:56:27,035 [grpc-default-executor-0] INFO  server.GrpcServerProtocolService (GrpcServerProtocolService.java:onCompleted(113)) - 7df38282-3a3d-4206-964a-9b3301cd1d1f: Completed APPEND_ENTRIES, lastRequest: d3dffc06-1d6a-4f7a-8294-c2dc8ce35b40->7df38282-3a3d-4206-964a-9b3301cd1d1f#9-t5, previous=(t:5, i:0), leaderCommit=0, initializing? false, entries: <empty>
2019-10-02 10:56:27,035 [grpc-default-executor-1] INFO  server.GrpcServerProtocolService (GrpcServerProtocolService.java:onCompleted(113)) - b25f22f8-54cc-4ffd-bfcd-179cc8cbd7fc: Completed APPEND_ENTRIES, lastRequest: d3dffc06-1d6a-4f7a-8294-c2dc8ce35b40->b25f22f8-54cc-4ffd-bfcd-179cc8cbd7fc#9-t5, previous=(t:5, i:0), leaderCommit=0, initializing? false, entries: <empty>
2019-10-02 10:56:27,036 [d3dffc06-1d6a-4f7a-8294-c2dc8ce35b40@group-ABAF19C3FAB0-SegmentedRaftLogWorker] INFO  segmented.SegmentedRaftLogWorker (SegmentedRaftLogWorker.java:run(316)) - d3dffc06-1d6a-4f7a-8294-c2dc8ce35b40@group-ABAF19C3FAB0-SegmentedRaftLogWorker was interrupted, exiting. There are 0 tasks remaining in the queue.
2019-10-02 10:56:27,038 [ForkJoinPool.commonPool-worker-0] INFO  segmented.SegmentedRaftLogWorker (SegmentedRaftLogWorker.java:close(224)) - d3dffc06-1d6a-4f7a-8294-c2dc8ce35b40@group-ABAF19C3FAB0-SegmentedRaftLogWorker close()
2019-10-02 10:56:27,040 [grpc-default-executor-0] INFO  server.GrpcLogAppender (GrpcLogAppender.java:onCompleted(293)) - d3dffc06-1d6a-4f7a-8294-c2dc8ce35b40@group-ABAF19C3FAB0->b25f22f8-54cc-4ffd-bfcd-179cc8cbd7fc-AppendLogResponseHandler: follower responses appendEntries COMPLETED
2019-10-02 10:56:27,043 [ForkJoinPool.commonPool-worker-0] INFO  server.GrpcService (GrpcService.java:closeImpl(164)) - d3dffc06-1d6a-4f7a-8294-c2dc8ce35b40: shutdown server with port 33785 now
2019-10-02 10:56:27,040 [grpc-default-executor-1] INFO  server.GrpcLogAppender (GrpcLogAppender.java:onCompleted(293)) - d3dffc06-1d6a-4f7a-8294-c2dc8ce35b40@group-ABAF19C3FAB0->7df38282-3a3d-4206-964a-9b3301cd1d1f-AppendLogResponseHandler: follower responses appendEntries COMPLETED
2019-10-02 10:56:27,048 [grpc-default-executor-5] INFO  impl.FollowerInfo (FollowerInfo.java:lambda$new$0(51)) - d3dffc06-1d6a-4f7a-8294-c2dc8ce35b40@group-49987F7A8A7C->b25f22f8-54cc-4ffd-bfcd-179cc8cbd7fc: nextIndex: updateUnconditionally 1 -> 0
2019-10-02 10:56:27,050 [grpc-default-executor-0] INFO  impl.FollowerInfo (FollowerInfo.java:lambda$new$0(51)) - d3dffc06-1d6a-4f7a-8294-c2dc8ce35b40@group-ABAF19C3FAB0->b25f22f8-54cc-4ffd-bfcd-179cc8cbd7fc: nextIndex: updateUnconditionally 1 -> 0
2019-10-02 10:56:27,050 [grpc-default-executor-2] INFO  impl.FollowerInfo (FollowerInfo.java:lambda$new$0(51)) - d3dffc06-1d6a-4f7a-8294-c2dc8ce35b40@group-C476C2B24A7C->7df38282-3a3d-4206-964a-9b3301cd1d1f: nextIndex: updateUnconditionally 1 -> 0
2019-10-02 10:56:27,050 [grpc-default-executor-4] INFO  impl.FollowerInfo (FollowerInfo.java:lambda$new$0(51)) - d3dffc06-1d6a-4f7a-8294-c2dc8ce35b40@group-C476C2B24A7C->b25f22f8-54cc-4ffd-bfcd-179cc8cbd7fc: nextIndex: updateUnconditionally 1 -> 0
2019-10-02 10:56:27,050 [grpc-default-executor-1] INFO  impl.FollowerInfo (FollowerInfo.java:lambda$new$0(51)) - d3dffc06-1d6a-4f7a-8294-c2dc8ce35b40@group-ABAF19C3FAB0->7df38282-3a3d-4206-964a-9b3301cd1d1f: nextIndex: updateUnconditionally 1 -> 0
2019-10-02 10:56:27,048 [grpc-default-executor-7] INFO  impl.FollowerInfo (FollowerInfo.java:lambda$new$0(51)) - d3dffc06-1d6a-4f7a-8294-c2dc8ce35b40@group-49987F7A8A7C->7df38282-3a3d-4206-964a-9b3301cd1d1f: nextIndex: updateUnconditionally 1 -> 0
2019-10-02 10:56:27,051 [grpc-default-executor-4] WARN  server.GrpcServerProtocolService (LogUtils.java:warn(134)) - d3dffc06-1d6a-4f7a-8294-c2dc8ce35b40: installSnapshot onError, lastRequest: 7df38282-3a3d-4206-964a-9b3301cd1d1f->d3dffc06-1d6a-4f7a-8294-c2dc8ce35b40#8-t1, previous=(t:1, i:0), leaderCommit=0, initializing? false, entries: <empty>: org.apache.ratis.thirdparty.io.grpc.StatusRuntimeException: CANCELLED: cancelled before receiving half close
2019-10-02 10:56:27,051 [grpc-default-executor-8] WARN  server.GrpcServerProtocolService (LogUtils.java:warn(134)) - d3dffc06-1d6a-4f7a-8294-c2dc8ce35b40: installSnapshot onError, lastRequest: b25f22f8-54cc-4ffd-bfcd-179cc8cbd7fc->d3dffc06-1d6a-4f7a-8294-c2dc8ce35b40#11-t2, previous=(t:2, i:0), leaderCommit=0, initializing? false, entries: <empty>: org.apache.ratis.thirdparty.io.grpc.StatusRuntimeException: CANCELLED: cancelled before receiving half close
2019-10-02 10:56:27,051 [grpc-default-executor-6] WARN  server.GrpcServerProtocolService (LogUtils.java:warn(134)) - d3dffc06-1d6a-4f7a-8294-c2dc8ce35b40: installSnapshot onError, lastRequest: 7df38282-3a3d-4206-964a-9b3301cd1d1f->d3dffc06-1d6a-4f7a-8294-c2dc8ce35b40#8-t1, previous=(t:1, i:0), leaderCommit=0, initializing? false, entries: <empty>: org.apache.ratis.thirdparty.io.grpc.StatusRuntimeException: CANCELLED: cancelled before receiving half close
2019-10-02 10:56:27,052 [ForkJoinPool.commonPool-worker-0] INFO  server.GrpcService (GrpcService.java:closeImpl(172)) - d3dffc06-1d6a-4f7a-8294-c2dc8ce35b40: shutdown server with port 33785 successfully
2019-10-02 10:56:27,051 [grpc-default-executor-2] WARN  server.GrpcServerProtocolService (LogUtils.java:warn(134)) - d3dffc06-1d6a-4f7a-8294-c2dc8ce35b40: installSnapshot onError, lastRequest: 7df38282-3a3d-4206-964a-9b3301cd1d1f->d3dffc06-1d6a-4f7a-8294-c2dc8ce35b40#8-t1, previous=(t:1, i:0), leaderCommit=0, initializing? false, entries: <empty>: org.apache.ratis.thirdparty.io.grpc.StatusRuntimeException: CANCELLED: cancelled before receiving half close
2019-10-02 10:56:27,054 [main] INFO  utils.BackgroundService (BackgroundService.java:shutdown(148)) - Shutting down service BlockDeletingService
2019-10-02 10:56:27,055 [refreshUsed-/workdir/hadoop-ozone/integration-test/target/test-dir/MiniOzoneClusterImpl-5f261223-23be-4c6b-a914-4b08f19f7d30/datanode-2/data/containers] WARN  fs.CachingGetSpaceUsed (CachingGetSpaceUsed.java:run(183)) - Thread Interrupted waiting to refresh disk information: sleep interrupted
2019-10-02 10:56:27,057 [grpc-default-executor-0] WARN  server.GrpcLogAppender (LogUtils.java:warn(134)) - 7df38282-3a3d-4206-964a-9b3301cd1d1f@group-BE47439FB225->d3dffc06-1d6a-4f7a-8294-c2dc8ce35b40-AppendLogResponseHandler: Failed appendEntries: org.apache.ratis.thirdparty.io.grpc.StatusRuntimeException: CANCELLED: HTTP/2 error code: CANCEL
Received Rst Stream
2019-10-02 10:56:27,057 [grpc-default-executor-7] WARN  server.GrpcLogAppender (LogUtils.java:warn(134)) - b25f22f8-54cc-4ffd-bfcd-179cc8cbd7fc@group-6B83A71B3C43->d3dffc06-1d6a-4f7a-8294-c2dc8ce35b40-AppendLogResponseHandler: Failed appendEntries: org.apache.ratis.thirdparty.io.grpc.StatusRuntimeException: CANCELLED: HTTP/2 error code: CANCEL
Received Rst Stream
2019-10-02 10:56:27,057 [grpc-default-executor-1] WARN  server.GrpcLogAppender (LogUtils.java:warn(134)) - 7df38282-3a3d-4206-964a-9b3301cd1d1f@group-1A77BEA84F5E->d3dffc06-1d6a-4f7a-8294-c2dc8ce35b40-AppendLogResponseHandler: Failed appendEntries: org.apache.ratis.thirdparty.io.grpc.StatusRuntimeException: CANCELLED: HTTP/2 error code: CANCEL
Received Rst Stream
2019-10-02 10:56:27,063 [grpc-default-executor-0] INFO  impl.FollowerInfo (FollowerInfo.java:lambda$new$0(51)) - 7df38282-3a3d-4206-964a-9b3301cd1d1f@group-BE47439FB225->d3dffc06-1d6a-4f7a-8294-c2dc8ce35b40: nextIndex: updateUnconditionally 1 -> 0
2019-10-02 10:56:27,061 [grpc-default-executor-7] INFO  impl.FollowerInfo (FollowerInfo.java:lambda$new$0(51)) - b25f22f8-54cc-4ffd-bfcd-179cc8cbd7fc@group-6B83A71B3C43->d3dffc06-1d6a-4f7a-8294-c2dc8ce35b40: nextIndex: updateUnconditionally 1 -> 0
2019-10-02 10:56:27,059 [grpc-default-executor-3] WARN  server.GrpcLogAppender (LogUtils.java:warn(134)) - 7df38282-3a3d-4206-964a-9b3301cd1d1f@group-6128F9235CFD->d3dffc06-1d6a-4f7a-8294-c2dc8ce35b40-AppendLogResponseHandler: Failed appendEntries: org.apache.ratis.thirdparty.io.grpc.StatusRuntimeException: CANCELLED: HTTP/2 error code: CANCEL
Received Rst Stream
2019-10-02 10:56:27,066 [grpc-default-executor-1] INFO  impl.FollowerInfo (FollowerInfo.java:lambda$new$0(51)) - 7df38282-3a3d-4206-964a-9b3301cd1d1f@group-1A77BEA84F5E->d3dffc06-1d6a-4f7a-8294-c2dc8ce35b40: nextIndex: updateUnconditionally 1 -> 0
2019-10-02 10:56:27,066 [main] INFO  statemachine.DatanodeStateMachine (DatanodeStateMachine.java:stopDaemon(395)) - Ozone container server stopped.
2019-10-02 10:56:27,068 [grpc-default-executor-3] INFO  impl.FollowerInfo (FollowerInfo.java:lambda$new$0(51)) - 7df38282-3a3d-4206-964a-9b3301cd1d1f@group-6128F9235CFD->d3dffc06-1d6a-4f7a-8294-c2dc8ce35b40: nextIndex: updateUnconditionally 1 -> 0
2019-10-02 10:56:27,070 [main] INFO  handler.ContextHandler (ContextHandler.java:doStop(910)) - Stopped o.e.j.w.WebAppContext@7afc4db9{/,null,UNAVAILABLE}{/hddsDatanode}
2019-10-02 10:56:27,084 [main] INFO  server.AbstractConnector (AbstractConnector.java:doStop(318)) - Stopped ServerConnector@1a1f5f71{HTTP/1.1,[http/1.1]}{0.0.0.0:0}
2019-10-02 10:56:27,087 [main] INFO  handler.ContextHandler (ContextHandler.java:doStop(910)) - Stopped o.e.j.s.ServletContextHandler@6e041285{/static,jar:file:/home/user/.m2/repository/org/apache/hadoop/hadoop-hdds-container-service/0.5.0-SNAPSHOT/hadoop-hdds-container-service-0.5.0-SNAPSHOT.jar!/webapps/static,UNAVAILABLE}
2019-10-02 10:56:27,087 [main] INFO  handler.ContextHandler (ContextHandler.java:doStop(910)) - Stopped o.e.j.s.ServletContextHandler@26586b74{/logs,file:///workdir/hadoop-ozone/integration-test/target/log,UNAVAILABLE}
2019-10-02 10:56:27,098 [ForkJoinPool.commonPool-worker-0] INFO  utils.BackgroundService (BackgroundService.java:shutdown(148)) - Shutting down service BlockDeletingService
2019-10-02 10:56:27,103 [ForkJoinPool.commonPool-worker-0] INFO  statemachine.DatanodeStateMachine (DatanodeStateMachine.java:stopDaemon(395)) - Ozone container server stopped.
2019-10-02 10:56:27,107 [ForkJoinPool.commonPool-worker-0] INFO  handler.ContextHandler (ContextHandler.java:doStop(910)) - Stopped o.e.j.w.WebAppContext@ec8f4b9{/,null,UNAVAILABLE}{/hddsDatanode}
2019-10-02 10:56:27,108 [ForkJoinPool.commonPool-worker-0] INFO  server.AbstractConnector (AbstractConnector.java:doStop(318)) - Stopped ServerConnector@bc042d5{HTTP/1.1,[http/1.1]}{0.0.0.0:0}
2019-10-02 10:56:27,110 [ForkJoinPool.commonPool-worker-0] INFO  handler.ContextHandler (ContextHandler.java:doStop(910)) - Stopped o.e.j.s.ServletContextHandler@56da7487{/static,jar:file:/home/user/.m2/repository/org/apache/hadoop/hadoop-hdds-container-service/0.5.0-SNAPSHOT/hadoop-hdds-container-service-0.5.0-SNAPSHOT.jar!/webapps/static,UNAVAILABLE}
2019-10-02 10:56:27,111 [ForkJoinPool.commonPool-worker-0] INFO  handler.ContextHandler (ContextHandler.java:doStop(910)) - Stopped o.e.j.s.ServletContextHandler@2b680207{/logs,file:///workdir/hadoop-ozone/integration-test/target/log,UNAVAILABLE}
2019-10-02 10:56:27,219 [Datanode State Machine Thread - 0] INFO  statemachine.DatanodeStateMachine (DatanodeStateMachine.java:lambda$startDaemon$0(350)) - Ozone container server started.
2019-10-02 10:56:27,301 [grpc-default-executor-6] WARN  server.GrpcLogAppender (LogUtils.java:warn(134)) - 7df38282-3a3d-4206-964a-9b3301cd1d1f@group-1A77BEA84F5E->d3dffc06-1d6a-4f7a-8294-c2dc8ce35b40-AppendLogResponseHandler: Failed appendEntries: org.apache.ratis.thirdparty.io.grpc.StatusRuntimeException: UNAVAILABLE: io exception
2019-10-02 10:56:27,306 [grpc-default-executor-6] INFO  impl.FollowerInfo (FollowerInfo.java:lambda$new$0(51)) - 7df38282-3a3d-4206-964a-9b3301cd1d1f@group-1A77BEA84F5E->d3dffc06-1d6a-4f7a-8294-c2dc8ce35b40: nextIndex: updateUnconditionally 0 -> 0
2019-10-02 10:56:27,365 [grpc-default-executor-4] WARN  server.GrpcLogAppender (LogUtils.java:warn(134)) - 7df38282-3a3d-4206-964a-9b3301cd1d1f@group-6128F9235CFD->d3dffc06-1d6a-4f7a-8294-c2dc8ce35b40-AppendLogResponseHandler: Failed appendEntries: org.apache.ratis.thirdparty.io.grpc.StatusRuntimeException: UNAVAILABLE: io exception
2019-10-02 10:56:27,365 [grpc-default-executor-3] WARN  server.GrpcLogAppender (LogUtils.java:warn(134)) - 7df38282-3a3d-4206-964a-9b3301cd1d1f@group-BE47439FB225->d3dffc06-1d6a-4f7a-8294-c2dc8ce35b40-AppendLogResponseHandler: Failed appendEntries: org.apache.ratis.thirdparty.io.grpc.StatusRuntimeException: UNAVAILABLE: io exception
2019-10-02 10:56:27,369 [grpc-default-executor-4] INFO  impl.FollowerInfo (FollowerInfo.java:lambda$new$0(51)) - 7df38282-3a3d-4206-964a-9b3301cd1d1f@group-6128F9235CFD->d3dffc06-1d6a-4f7a-8294-c2dc8ce35b40: nextIndex: updateUnconditionally 0 -> 0
2019-10-02 10:56:27,369 [grpc-default-executor-3] INFO  impl.FollowerInfo (FollowerInfo.java:lambda$new$0(51)) - 7df38282-3a3d-4206-964a-9b3301cd1d1f@group-BE47439FB225->d3dffc06-1d6a-4f7a-8294-c2dc8ce35b40: nextIndex: updateUnconditionally 0 -> 0
2019-10-02 10:56:27,412 [grpc-default-executor-6] WARN  server.GrpcLogAppender (LogUtils.java:warn(134)) - b25f22f8-54cc-4ffd-bfcd-179cc8cbd7fc@group-6B83A71B3C43->d3dffc06-1d6a-4f7a-8294-c2dc8ce35b40-AppendLogResponseHandler: Failed appendEntries: org.apache.ratis.thirdparty.io.grpc.StatusRuntimeException: UNAVAILABLE: io exception
2019-10-02 10:56:27,417 [grpc-default-executor-6] INFO  impl.FollowerInfo (FollowerInfo.java:lambda$new$0(51)) - b25f22f8-54cc-4ffd-bfcd-179cc8cbd7fc@group-6B83A71B3C43->d3dffc06-1d6a-4f7a-8294-c2dc8ce35b40: nextIndex: updateUnconditionally 0 -> 0
2019-10-02 10:56:27,752 [Datanode State Machine Thread - 0] INFO  statemachine.DatanodeStateMachine (DatanodeStateMachine.java:lambda$startDaemon$0(350)) - Ozone container server started.
2019-10-02 10:56:27,794 [grpc-default-executor-4] WARN  server.GrpcLogAppender (LogUtils.java:warn(134)) - 7df38282-3a3d-4206-964a-9b3301cd1d1f@group-1A77BEA84F5E->d3dffc06-1d6a-4f7a-8294-c2dc8ce35b40-AppendLogResponseHandler: Failed appendEntries: org.apache.ratis.thirdparty.io.grpc.StatusRuntimeException: UNAVAILABLE: io exception
2019-10-02 10:56:27,798 [grpc-default-executor-4] INFO  impl.FollowerInfo (FollowerInfo.java:lambda$new$0(51)) - 7df38282-3a3d-4206-964a-9b3301cd1d1f@group-1A77BEA84F5E->d3dffc06-1d6a-4f7a-8294-c2dc8ce35b40: nextIndex: updateUnconditionally 0 -> 0
2019-10-02 10:56:27,853 [grpc-default-executor-4] WARN  server.GrpcLogAppender (LogUtils.java:warn(134)) - 7df38282-3a3d-4206-964a-9b3301cd1d1f@group-6128F9235CFD->d3dffc06-1d6a-4f7a-8294-c2dc8ce35b40-AppendLogResponseHandler: Failed appendEntries: org.apache.ratis.thirdparty.io.grpc.StatusRuntimeException: UNAVAILABLE: io exception
2019-10-02 10:56:27,857 [grpc-default-executor-4] INFO  impl.FollowerInfo (FollowerInfo.java:lambda$new$0(51)) - 7df38282-3a3d-4206-964a-9b3301cd1d1f@group-6128F9235CFD->d3dffc06-1d6a-4f7a-8294-c2dc8ce35b40: nextIndex: updateUnconditionally 0 -> 0
2019-10-02 10:56:27,866 [grpc-default-executor-3] WARN  server.GrpcLogAppender (LogUtils.java:warn(134)) - 7df38282-3a3d-4206-964a-9b3301cd1d1f@group-BE47439FB225->d3dffc06-1d6a-4f7a-8294-c2dc8ce35b40-AppendLogResponseHandler: Failed appendEntries: org.apache.ratis.thirdparty.io.grpc.StatusRuntimeException: UNAVAILABLE: io exception
2019-10-02 10:56:27,869 [grpc-default-executor-3] INFO  impl.FollowerInfo (FollowerInfo.java:lambda$new$0(51)) - 7df38282-3a3d-4206-964a-9b3301cd1d1f@group-BE47439FB225->d3dffc06-1d6a-4f7a-8294-c2dc8ce35b40: nextIndex: updateUnconditionally 0 -> 0
2019-10-02 10:56:27,913 [grpc-default-executor-6] WARN  server.GrpcLogAppender (LogUtils.java:warn(134)) - b25f22f8-54cc-4ffd-bfcd-179cc8cbd7fc@group-6B83A71B3C43->d3dffc06-1d6a-4f7a-8294-c2dc8ce35b40-AppendLogResponseHandler: Failed appendEntries: org.apache.ratis.thirdparty.io.grpc.StatusRuntimeException: UNAVAILABLE: io exception
2019-10-02 10:56:27,916 [grpc-default-executor-6] INFO  impl.FollowerInfo (FollowerInfo.java:lambda$new$0(51)) - b25f22f8-54cc-4ffd-bfcd-179cc8cbd7fc@group-6B83A71B3C43->d3dffc06-1d6a-4f7a-8294-c2dc8ce35b40: nextIndex: updateUnconditionally 0 -> 0
2019-10-02 10:56:27,941 [Thread-445] INFO  impl.FollowerState (FollowerState.java:run(108)) - 7df38282-3a3d-4206-964a-9b3301cd1d1f@group-C476C2B24A7C-FollowerState: change to CANDIDATE, lastRpcTime:1028ms, electionTimeout:1016ms
2019-10-02 10:56:27,942 [Thread-445] INFO  impl.RoleInfo (RoleInfo.java:shutdownFollowerState(121)) - 7df38282-3a3d-4206-964a-9b3301cd1d1f: shutdown FollowerState
2019-10-02 10:56:27,942 [Thread-445] INFO  impl.RaftServerImpl (RaftServerImpl.java:setRole(170)) - 7df38282-3a3d-4206-964a-9b3301cd1d1f@group-C476C2B24A7C: changes role from  FOLLOWER to CANDIDATE at term 2 for changeToCandidate
2019-10-02 10:56:27,942 [Thread-445] INFO  impl.RoleInfo (RoleInfo.java:updateAndGet(143)) - 7df38282-3a3d-4206-964a-9b3301cd1d1f: start LeaderElection
2019-10-02 10:56:27,942 [7df38282-3a3d-4206-964a-9b3301cd1d1f@group-C476C2B24A7C-LeaderElection39] INFO  impl.RaftServerImpl (ServerState.java:setLeader(255)) - 7df38282-3a3d-4206-964a-9b3301cd1d1f@group-C476C2B24A7C: change Leader from d3dffc06-1d6a-4f7a-8294-c2dc8ce35b40 to null at term 2 for initElection
2019-10-02 10:56:27,991 [7df38282-3a3d-4206-964a-9b3301cd1d1f@group-C476C2B24A7C-LeaderElection39] INFO  impl.LeaderElection (LeaderElection.java:askForVotes(178)) - 7df38282-3a3d-4206-964a-9b3301cd1d1f@group-C476C2B24A7C-LeaderElection39: begin an election at term 3 for 0: [d3dffc06-1d6a-4f7a-8294-c2dc8ce35b40:192.168.30.53:33785, 7df38282-3a3d-4206-964a-9b3301cd1d1f:192.168.30.53:34960, b25f22f8-54cc-4ffd-bfcd-179cc8cbd7fc:192.168.30.53:42549], old=null
2019-10-02 10:56:27,999 [grpc-default-executor-6] INFO  impl.RaftServerImpl (ServerState.java:setLeader(255)) - b25f22f8-54cc-4ffd-bfcd-179cc8cbd7fc@group-C476C2B24A7C: change Leader from d3dffc06-1d6a-4f7a-8294-c2dc8ce35b40 to null at term 3 for updateCurrentTerm
2019-10-02 10:56:28,000 [7df38282-3a3d-4206-964a-9b3301cd1d1f@group-C476C2B24A7C-LeaderElection39] INFO  impl.LeaderElection (LogUtils.java:infoOrTrace(149)) - 7df38282-3a3d-4206-964a-9b3301cd1d1f@group-C476C2B24A7C-LeaderElection39 got exception when requesting votes: {}
java.util.concurrent.ExecutionException: org.apache.ratis.thirdparty.io.grpc.StatusRuntimeException: UNAVAILABLE: io exception
	at java.util.concurrent.FutureTask.report(FutureTask.java:122)
	at java.util.concurrent.FutureTask.get(FutureTask.java:192)
	at org.apache.ratis.server.impl.LeaderElection.waitForResults(LeaderElection.java:259)
	at org.apache.ratis.server.impl.LeaderElection.askForVotes(LeaderElection.java:197)
	at org.apache.ratis.server.impl.LeaderElection.run(LeaderElection.java:133)
	at java.lang.Thread.run(Thread.java:748)
Caused by: org.apache.ratis.thirdparty.io.grpc.StatusRuntimeException: UNAVAILABLE: io exception
	at org.apache.ratis.thirdparty.io.grpc.stub.ClientCalls.toStatusRuntimeException(ClientCalls.java:233)
	at org.apache.ratis.thirdparty.io.grpc.stub.ClientCalls.getUnchecked(ClientCalls.java:214)
	at org.apache.ratis.thirdparty.io.grpc.stub.ClientCalls.blockingUnaryCall(ClientCalls.java:139)
	at org.apache.ratis.proto.grpc.RaftServerProtocolServiceGrpc$RaftServerProtocolServiceBlockingStub.requestVote(RaftServerProtocolServiceGrpc.java:265)
	at org.apache.ratis.grpc.server.GrpcServerProtocolClient.requestVote(GrpcServerProtocolClient.java:99)
	at org.apache.ratis.grpc.server.GrpcService.requestVote(GrpcService.java:204)
	at org.apache.ratis.server.impl.LeaderElection.lambda$submitRequests$1(LeaderElection.java:234)
	at java.util.concurrent.FutureTask.run(FutureTask.java:266)
	at java.util.concurrent.Executors$RunnableAdapter.call(Executors.java:511)
	at java.util.concurrent.FutureTask.run(FutureTask.java:266)
	at java.util.concurrent.ThreadPoolExecutor.runWorker(ThreadPoolExecutor.java:1149)
	at java.util.concurrent.ThreadPoolExecutor$Worker.run(ThreadPoolExecutor.java:624)
	... 1 more
Caused by: org.apache.ratis.thirdparty.io.netty.channel.AbstractChannel$AnnotatedConnectException: Connection refused: /192.168.30.53:33785
	at sun.nio.ch.SocketChannelImpl.checkConnect(Native Method)
	at sun.nio.ch.SocketChannelImpl.finishConnect(SocketChannelImpl.java:717)
	at org.apache.ratis.thirdparty.io.netty.channel.socket.nio.NioSocketChannel.doFinishConnect(NioSocketChannel.java:327)
	at org.apache.ratis.thirdparty.io.netty.channel.nio.AbstractNioChannel$AbstractNioUnsafe.finishConnect(AbstractNioChannel.java:340)
	at org.apache.ratis.thirdparty.io.netty.channel.nio.NioEventLoop.processSelectedKey(NioEventLoop.java:632)
	at org.apache.ratis.thirdparty.io.netty.channel.nio.NioEventLoop.processSelectedKeysOptimized(NioEventLoop.java:579)
	at org.apache.ratis.thirdparty.io.netty.channel.nio.NioEventLoop.processSelectedKeys(NioEventLoop.java:496)
	at org.apache.ratis.thirdparty.io.netty.channel.nio.NioEventLoop.run(NioEventLoop.java:458)
	at org.apache.ratis.thirdparty.io.netty.util.concurrent.SingleThreadEventExecutor$5.run(SingleThreadEventExecutor.java:897)
	at org.apache.ratis.thirdparty.io.netty.util.concurrent.FastThreadLocalRunnable.run(FastThreadLocalRunnable.java:30)
	... 1 more
Caused by: java.net.ConnectException: Connection refused
	... 11 more
2019-10-02 10:56:28,000 [grpc-default-executor-6] INFO  impl.RaftServerImpl (RaftServerImpl.java:setRole(170)) - b25f22f8-54cc-4ffd-bfcd-179cc8cbd7fc@group-C476C2B24A7C: changes role from  FOLLOWER to FOLLOWER at term 3 for recognizeCandidate:7df38282-3a3d-4206-964a-9b3301cd1d1f
2019-10-02 10:56:28,006 [grpc-default-executor-6] INFO  impl.RoleInfo (RoleInfo.java:shutdownFollowerState(121)) - b25f22f8-54cc-4ffd-bfcd-179cc8cbd7fc: shutdown FollowerState
2019-10-02 10:56:28,006 [Thread-455] INFO  impl.FollowerState (FollowerState.java:run(117)) - b25f22f8-54cc-4ffd-bfcd-179cc8cbd7fc@group-C476C2B24A7C-FollowerState was interrupted: java.lang.InterruptedException: sleep interrupted
2019-10-02 10:56:28,006 [grpc-default-executor-6] INFO  impl.RoleInfo (RoleInfo.java:updateAndGet(143)) - b25f22f8-54cc-4ffd-bfcd-179cc8cbd7fc: start FollowerState
2019-10-02 10:56:28,032 [7df38282-3a3d-4206-964a-9b3301cd1d1f@group-C476C2B24A7C-LeaderElection39] INFO  impl.LeaderElection (LeaderElection.java:logAndReturn(56)) - 7df38282-3a3d-4206-964a-9b3301cd1d1f@group-C476C2B24A7C-LeaderElection39: Election PASSED; received 1 response(s) [7df38282-3a3d-4206-964a-9b3301cd1d1f<-b25f22f8-54cc-4ffd-bfcd-179cc8cbd7fc#0:OK-t3] and 1 exception(s); 7df38282-3a3d-4206-964a-9b3301cd1d1f@group-C476C2B24A7C:t3, leader=null, voted=7df38282-3a3d-4206-964a-9b3301cd1d1f, raftlog=7df38282-3a3d-4206-964a-9b3301cd1d1f@group-C476C2B24A7C-SegmentedRaftLog:OPENED:c0,f0,i0, conf=0: [d3dffc06-1d6a-4f7a-8294-c2dc8ce35b40:192.168.30.53:33785, 7df38282-3a3d-4206-964a-9b3301cd1d1f:192.168.30.53:34960, b25f22f8-54cc-4ffd-bfcd-179cc8cbd7fc:192.168.30.53:42549], old=null
2019-10-02 10:56:28,032 [7df38282-3a3d-4206-964a-9b3301cd1d1f@group-C476C2B24A7C-LeaderElection39] INFO  impl.LeaderElection (LogUtils.java:infoOrTrace(149)) -   Exception 0: {}
java.util.concurrent.ExecutionException: org.apache.ratis.thirdparty.io.grpc.StatusRuntimeException: UNAVAILABLE: io exception
	at java.util.concurrent.FutureTask.report(FutureTask.java:122)
	at java.util.concurrent.FutureTask.get(FutureTask.java:192)
	at org.apache.ratis.server.impl.LeaderElection.waitForResults(LeaderElection.java:259)
	at org.apache.ratis.server.impl.LeaderElection.askForVotes(LeaderElection.java:197)
	at org.apache.ratis.server.impl.LeaderElection.run(LeaderElection.java:133)
	at java.lang.Thread.run(Thread.java:748)
Caused by: org.apache.ratis.thirdparty.io.grpc.StatusRuntimeException: UNAVAILABLE: io exception
	at org.apache.ratis.thirdparty.io.grpc.stub.ClientCalls.toStatusRuntimeException(ClientCalls.java:233)
	at org.apache.ratis.thirdparty.io.grpc.stub.ClientCalls.getUnchecked(ClientCalls.java:214)
	at org.apache.ratis.thirdparty.io.grpc.stub.ClientCalls.blockingUnaryCall(ClientCalls.java:139)
	at org.apache.ratis.proto.grpc.RaftServerProtocolServiceGrpc$RaftServerProtocolServiceBlockingStub.requestVote(RaftServerProtocolServiceGrpc.java:265)
	at org.apache.ratis.grpc.server.GrpcServerProtocolClient.requestVote(GrpcServerProtocolClient.java:99)
	at org.apache.ratis.grpc.server.GrpcService.requestVote(GrpcService.java:204)
	at org.apache.ratis.server.impl.LeaderElection.lambda$submitRequests$1(LeaderElection.java:234)
	at java.util.concurrent.FutureTask.run(FutureTask.java:266)
	at java.util.concurrent.Executors$RunnableAdapter.call(Executors.java:511)
	at java.util.concurrent.FutureTask.run(FutureTask.java:266)
	at java.util.concurrent.ThreadPoolExecutor.runWorker(ThreadPoolExecutor.java:1149)
	at java.util.concurrent.ThreadPoolExecutor$Worker.run(ThreadPoolExecutor.java:624)
	... 1 more
Caused by: org.apache.ratis.thirdparty.io.netty.channel.AbstractChannel$AnnotatedConnectException: Connection refused: /192.168.30.53:33785
	at sun.nio.ch.SocketChannelImpl.checkConnect(Native Method)
	at sun.nio.ch.SocketChannelImpl.finishConnect(SocketChannelImpl.java:717)
	at org.apache.ratis.thirdparty.io.netty.channel.socket.nio.NioSocketChannel.doFinishConnect(NioSocketChannel.java:327)
	at org.apache.ratis.thirdparty.io.netty.channel.nio.AbstractNioChannel$AbstractNioUnsafe.finishConnect(AbstractNioChannel.java:340)
	at org.apache.ratis.thirdparty.io.netty.channel.nio.NioEventLoop.processSelectedKey(NioEventLoop.java:632)
	at org.apache.ratis.thirdparty.io.netty.channel.nio.NioEventLoop.processSelectedKeysOptimized(NioEventLoop.java:579)
	at org.apache.ratis.thirdparty.io.netty.channel.nio.NioEventLoop.processSelectedKeys(NioEventLoop.java:496)
	at org.apache.ratis.thirdparty.io.netty.channel.nio.NioEventLoop.run(NioEventLoop.java:458)
	at org.apache.ratis.thirdparty.io.netty.util.concurrent.SingleThreadEventExecutor$5.run(SingleThreadEventExecutor.java:897)
	at org.apache.ratis.thirdparty.io.netty.util.concurrent.FastThreadLocalRunnable.run(FastThreadLocalRunnable.java:30)
	... 1 more
Caused by: java.net.ConnectException: Connection refused
	... 11 more
2019-10-02 10:56:28,033 [7df38282-3a3d-4206-964a-9b3301cd1d1f@group-C476C2B24A7C-LeaderElection39] INFO  impl.RoleInfo (RoleInfo.java:shutdownLeaderElection(134)) - 7df38282-3a3d-4206-964a-9b3301cd1d1f: shutdown LeaderElection
2019-10-02 10:56:28,033 [7df38282-3a3d-4206-964a-9b3301cd1d1f@group-C476C2B24A7C-LeaderElection39] INFO  impl.RaftServerImpl (RaftServerImpl.java:setRole(170)) - 7df38282-3a3d-4206-964a-9b3301cd1d1f@group-C476C2B24A7C: changes role from CANDIDATE to LEADER at term 3 for changeToLeader
2019-10-02 10:56:28,033 [7df38282-3a3d-4206-964a-9b3301cd1d1f@group-C476C2B24A7C-LeaderElection39] INFO  impl.RaftServerImpl (ServerState.java:setLeader(255)) - 7df38282-3a3d-4206-964a-9b3301cd1d1f@group-C476C2B24A7C: change Leader from null to 7df38282-3a3d-4206-964a-9b3301cd1d1f at term 3 for becomeLeader, leader elected after 90ms
2019-10-02 10:56:28,033 [7df38282-3a3d-4206-964a-9b3301cd1d1f@group-C476C2B24A7C-LeaderElection39] INFO  server.RaftServerConfigKeys (ConfUtils.java:logGet(43)) - raft.server.staging.catchup.gap = 1000 (default)
2019-10-02 10:56:28,034 [7df38282-3a3d-4206-964a-9b3301cd1d1f@group-C476C2B24A7C-LeaderElection39] INFO  server.RaftServerConfigKeys (ConfUtils.java:logGet(43)) - raft.server.rpc.sleep.time = 25ms (default)
2019-10-02 10:56:28,034 [7df38282-3a3d-4206-964a-9b3301cd1d1f@group-C476C2B24A7C-LeaderElection39] INFO  server.RaftServerConfigKeys (ConfUtils.java:logGet(43)) - raft.server.write.element-limit = 4096 (default)
2019-10-02 10:56:28,034 [7df38282-3a3d-4206-964a-9b3301cd1d1f@group-C476C2B24A7C-LeaderElection39] INFO  server.RaftServerConfigKeys (ConfUtils.java:logGet(43)) - raft.server.watch.timeout = 10s (default)
2019-10-02 10:56:28,034 [7df38282-3a3d-4206-964a-9b3301cd1d1f@group-C476C2B24A7C-LeaderElection39] INFO  server.RaftServerConfigKeys (ConfUtils.java:logGet(43)) - raft.server.watch.timeout.denomination = 1s (default)
2019-10-02 10:56:28,034 [7df38282-3a3d-4206-964a-9b3301cd1d1f@group-C476C2B24A7C-LeaderElection39] INFO  server.RaftServerConfigKeys (ConfUtils.java:logGet(43)) - raft.server.watch.element-limit = 65536 (default)
2019-10-02 10:56:28,037 [7df38282-3a3d-4206-964a-9b3301cd1d1f@group-C476C2B24A7C-LeaderElection39] INFO  server.RaftServerConfigKeys (ConfUtils.java:logGet(43)) - raft.server.log.appender.snapshot.chunk.size.max = 16MB (=16777216) (default)
2019-10-02 10:56:28,037 [7df38282-3a3d-4206-964a-9b3301cd1d1f@group-C476C2B24A7C-LeaderElection39] INFO  server.RaftServerConfigKeys (ConfUtils.java:logGet(43)) - raft.server.log.appender.buffer.byte-limit = 33554432 (custom)
2019-10-02 10:56:28,037 [7df38282-3a3d-4206-964a-9b3301cd1d1f@group-C476C2B24A7C-LeaderElection39] INFO  server.RaftServerConfigKeys (ConfUtils.java:logGet(43)) - raft.server.log.appender.buffer.element-limit = 1 (custom)
2019-10-02 10:56:28,037 [7df38282-3a3d-4206-964a-9b3301cd1d1f@group-C476C2B24A7C-LeaderElection39] INFO  grpc.GrpcConfigKeys$Server (ConfUtils.java:logGet(43)) - raft.grpc.server.leader.outstanding.appends.max = 128 (default)
2019-10-02 10:56:28,037 [7df38282-3a3d-4206-964a-9b3301cd1d1f@group-C476C2B24A7C-LeaderElection39] INFO  server.RaftServerConfigKeys (ConfUtils.java:logGet(43)) - raft.server.rpc.request.timeout = 3000ms (default)
2019-10-02 10:56:28,038 [7df38282-3a3d-4206-964a-9b3301cd1d1f@group-C476C2B24A7C-LeaderElection39] INFO  server.RaftServerConfigKeys (ConfUtils.java:logGet(43)) - raft.server.log.appender.install.snapshot.enabled = false (custom)
2019-10-02 10:56:28,038 [7df38282-3a3d-4206-964a-9b3301cd1d1f@group-C476C2B24A7C-LeaderElection39] INFO  server.RaftServerConfigKeys (ConfUtils.java:logGet(43)) - raft.server.log.appender.snapshot.chunk.size.max = 16MB (=16777216) (default)
2019-10-02 10:56:28,038 [7df38282-3a3d-4206-964a-9b3301cd1d1f@group-C476C2B24A7C-LeaderElection39] INFO  server.RaftServerConfigKeys (ConfUtils.java:logGet(43)) - raft.server.log.appender.buffer.byte-limit = 33554432 (custom)
2019-10-02 10:56:28,038 [7df38282-3a3d-4206-964a-9b3301cd1d1f@group-C476C2B24A7C-LeaderElection39] INFO  server.RaftServerConfigKeys (ConfUtils.java:logGet(43)) - raft.server.log.appender.buffer.element-limit = 1 (custom)
2019-10-02 10:56:28,038 [7df38282-3a3d-4206-964a-9b3301cd1d1f@group-C476C2B24A7C-LeaderElection39] INFO  grpc.GrpcConfigKeys$Server (ConfUtils.java:logGet(43)) - raft.grpc.server.leader.outstanding.appends.max = 128 (default)
2019-10-02 10:56:28,038 [7df38282-3a3d-4206-964a-9b3301cd1d1f@group-C476C2B24A7C-LeaderElection39] INFO  server.RaftServerConfigKeys (ConfUtils.java:logGet(43)) - raft.server.rpc.request.timeout = 3000ms (default)
2019-10-02 10:56:28,039 [7df38282-3a3d-4206-964a-9b3301cd1d1f@group-C476C2B24A7C-LeaderElection39] INFO  server.RaftServerConfigKeys (ConfUtils.java:logGet(43)) - raft.server.log.appender.install.snapshot.enabled = false (custom)
2019-10-02 10:56:28,039 [7df38282-3a3d-4206-964a-9b3301cd1d1f@group-C476C2B24A7C-LeaderElection39] INFO  impl.RoleInfo (RoleInfo.java:updateAndGet(143)) - 7df38282-3a3d-4206-964a-9b3301cd1d1f: start LeaderState
2019-10-02 10:56:28,039 [7df38282-3a3d-4206-964a-9b3301cd1d1f@group-C476C2B24A7C-LeaderElection39] INFO  segmented.SegmentedRaftLogWorker (SegmentedRaftLogWorker.java:rollLogSegment(390)) - 7df38282-3a3d-4206-964a-9b3301cd1d1f@group-C476C2B24A7C-SegmentedRaftLogWorker: Rolling segment log-0_0 to index:0
2019-10-02 10:56:28,042 [7df38282-3a3d-4206-964a-9b3301cd1d1f@group-C476C2B24A7C-SegmentedRaftLogWorker] INFO  segmented.SegmentedRaftLogWorker (SegmentedRaftLogWorker.java:execute(531)) - 7df38282-3a3d-4206-964a-9b3301cd1d1f@group-C476C2B24A7C-SegmentedRaftLogWorker: Rolled log segment from /workdir/hadoop-ozone/integration-test/target/test-dir/MiniOzoneClusterImpl-5f261223-23be-4c6b-a914-4b08f19f7d30/datanode-0/data/ratis/3dbeae5b-3f9b-4a17-82cd-c476c2b24a7c/current/log_inprogress_0 to /workdir/hadoop-ozone/integration-test/target/test-dir/MiniOzoneClusterImpl-5f261223-23be-4c6b-a914-4b08f19f7d30/datanode-0/data/ratis/3dbeae5b-3f9b-4a17-82cd-c476c2b24a7c/current/log_0-0
2019-10-02 10:56:28,047 [7df38282-3a3d-4206-964a-9b3301cd1d1f@group-C476C2B24A7C-LeaderElection39] INFO  impl.RaftServerImpl (ServerState.java:setRaftConf(356)) - 7df38282-3a3d-4206-964a-9b3301cd1d1f@group-C476C2B24A7C: set configuration 1: [d3dffc06-1d6a-4f7a-8294-c2dc8ce35b40:192.168.30.53:33785, 7df38282-3a3d-4206-964a-9b3301cd1d1f:192.168.30.53:34960, b25f22f8-54cc-4ffd-bfcd-179cc8cbd7fc:192.168.30.53:42549], old=null at 1
2019-10-02 10:56:28,048 [grpc-default-executor-6] WARN  server.GrpcLogAppender (LogUtils.java:warn(134)) - 7df38282-3a3d-4206-964a-9b3301cd1d1f@group-C476C2B24A7C->d3dffc06-1d6a-4f7a-8294-c2dc8ce35b40-AppendLogResponseHandler: Failed appendEntries: org.apache.ratis.thirdparty.io.grpc.StatusRuntimeException: UNAVAILABLE: io exception
2019-10-02 10:56:28,078 [grpc-default-executor-6] INFO  impl.FollowerInfo (FollowerInfo.java:lambda$new$0(51)) - 7df38282-3a3d-4206-964a-9b3301cd1d1f@group-C476C2B24A7C->d3dffc06-1d6a-4f7a-8294-c2dc8ce35b40: nextIndex: updateUnconditionally 1 -> 0
2019-10-02 10:56:28,079 [grpc-default-executor-3] INFO  impl.RaftServerImpl (ServerState.java:setLeader(255)) - b25f22f8-54cc-4ffd-bfcd-179cc8cbd7fc@group-C476C2B24A7C: change Leader from null to 7df38282-3a3d-4206-964a-9b3301cd1d1f at term 3 for appendEntries, leader elected after 80ms
2019-10-02 10:56:28,084 [grpc-default-executor-3] INFO  impl.RaftServerImpl (ServerState.java:setRaftConf(356)) - b25f22f8-54cc-4ffd-bfcd-179cc8cbd7fc@group-C476C2B24A7C: set configuration 1: [d3dffc06-1d6a-4f7a-8294-c2dc8ce35b40:192.168.30.53:33785, 7df38282-3a3d-4206-964a-9b3301cd1d1f:192.168.30.53:34960, b25f22f8-54cc-4ffd-bfcd-179cc8cbd7fc:192.168.30.53:42549], old=null at 1
2019-10-02 10:56:28,085 [grpc-default-executor-3] INFO  segmented.SegmentedRaftLogWorker (SegmentedRaftLogWorker.java:rollLogSegment(390)) - b25f22f8-54cc-4ffd-bfcd-179cc8cbd7fc@group-C476C2B24A7C-SegmentedRaftLogWorker: Rolling segment log-0_0 to index:0
2019-10-02 10:56:28,085 [b25f22f8-54cc-4ffd-bfcd-179cc8cbd7fc@group-C476C2B24A7C-SegmentedRaftLogWorker] INFO  segmented.SegmentedRaftLogWorker (SegmentedRaftLogWorker.java:execute(531)) - b25f22f8-54cc-4ffd-bfcd-179cc8cbd7fc@group-C476C2B24A7C-SegmentedRaftLogWorker: Rolled log segment from /workdir/hadoop-ozone/integration-test/target/test-dir/MiniOzoneClusterImpl-5f261223-23be-4c6b-a914-4b08f19f7d30/datanode-7/data/ratis/3dbeae5b-3f9b-4a17-82cd-c476c2b24a7c/current/log_inprogress_0 to /workdir/hadoop-ozone/integration-test/target/test-dir/MiniOzoneClusterImpl-5f261223-23be-4c6b-a914-4b08f19f7d30/datanode-7/data/ratis/3dbeae5b-3f9b-4a17-82cd-c476c2b24a7c/current/log_0-0
2019-10-02 10:56:28,123 [7df38282-3a3d-4206-964a-9b3301cd1d1f@group-C476C2B24A7C-SegmentedRaftLogWorker] INFO  segmented.SegmentedRaftLogWorker (SegmentedRaftLogWorker.java:execute(574)) - 7df38282-3a3d-4206-964a-9b3301cd1d1f@group-C476C2B24A7C-SegmentedRaftLogWorker: created new log segment /workdir/hadoop-ozone/integration-test/target/test-dir/MiniOzoneClusterImpl-5f261223-23be-4c6b-a914-4b08f19f7d30/datanode-0/data/ratis/3dbeae5b-3f9b-4a17-82cd-c476c2b24a7c/current/log_inprogress_1
2019-10-02 10:56:28,140 [b25f22f8-54cc-4ffd-bfcd-179cc8cbd7fc@group-C476C2B24A7C-SegmentedRaftLogWorker] INFO  segmented.SegmentedRaftLogWorker (SegmentedRaftLogWorker.java:execute(574)) - b25f22f8-54cc-4ffd-bfcd-179cc8cbd7fc@group-C476C2B24A7C-SegmentedRaftLogWorker: created new log segment /workdir/hadoop-ozone/integration-test/target/test-dir/MiniOzoneClusterImpl-5f261223-23be-4c6b-a914-4b08f19f7d30/datanode-7/data/ratis/3dbeae5b-3f9b-4a17-82cd-c476c2b24a7c/current/log_inprogress_1
2019-10-02 10:56:28,157 [Thread-511] INFO  impl.FollowerState (FollowerState.java:run(108)) - b25f22f8-54cc-4ffd-bfcd-179cc8cbd7fc@group-ABAF19C3FAB0-FollowerState: change to CANDIDATE, lastRpcTime:1302ms, electionTimeout:1062ms
2019-10-02 10:56:28,158 [Thread-511] INFO  impl.RoleInfo (RoleInfo.java:shutdownFollowerState(121)) - b25f22f8-54cc-4ffd-bfcd-179cc8cbd7fc: shutdown FollowerState
2019-10-02 10:56:28,158 [Thread-511] INFO  impl.RaftServerImpl (RaftServerImpl.java:setRole(170)) - b25f22f8-54cc-4ffd-bfcd-179cc8cbd7fc@group-ABAF19C3FAB0: changes role from  FOLLOWER to CANDIDATE at term 5 for changeToCandidate
2019-10-02 10:56:28,158 [Thread-511] INFO  impl.RoleInfo (RoleInfo.java:updateAndGet(143)) - b25f22f8-54cc-4ffd-bfcd-179cc8cbd7fc: start LeaderElection
2019-10-02 10:56:28,158 [b25f22f8-54cc-4ffd-bfcd-179cc8cbd7fc@group-ABAF19C3FAB0-LeaderElection40] INFO  impl.RaftServerImpl (ServerState.java:setLeader(255)) - b25f22f8-54cc-4ffd-bfcd-179cc8cbd7fc@group-ABAF19C3FAB0: change Leader from d3dffc06-1d6a-4f7a-8294-c2dc8ce35b40 to null at term 5 for initElection
2019-10-02 10:56:28,162 [Thread-512] INFO  impl.FollowerState (FollowerState.java:run(108)) - 7df38282-3a3d-4206-964a-9b3301cd1d1f@group-ABAF19C3FAB0-FollowerState: change to CANDIDATE, lastRpcTime:1297ms, electionTimeout:1043ms
2019-10-02 10:56:28,163 [Thread-512] INFO  impl.RoleInfo (RoleInfo.java:shutdownFollowerState(121)) - 7df38282-3a3d-4206-964a-9b3301cd1d1f: shutdown FollowerState
2019-10-02 10:56:28,163 [Thread-512] INFO  impl.RaftServerImpl (RaftServerImpl.java:setRole(170)) - 7df38282-3a3d-4206-964a-9b3301cd1d1f@group-ABAF19C3FAB0: changes role from  FOLLOWER to CANDIDATE at term 5 for changeToCandidate
2019-10-02 10:56:28,163 [Thread-512] INFO  impl.RoleInfo (RoleInfo.java:updateAndGet(143)) - 7df38282-3a3d-4206-964a-9b3301cd1d1f: start LeaderElection
2019-10-02 10:56:28,163 [7df38282-3a3d-4206-964a-9b3301cd1d1f@group-ABAF19C3FAB0-LeaderElection41] INFO  impl.RaftServerImpl (ServerState.java:setLeader(255)) - 7df38282-3a3d-4206-964a-9b3301cd1d1f@group-ABAF19C3FAB0: change Leader from d3dffc06-1d6a-4f7a-8294-c2dc8ce35b40 to null at term 5 for initElection
2019-10-02 10:56:28,164 [grpc-default-executor-4] WARN  server.GrpcLogAppender (LogUtils.java:warn(134)) - 7df38282-3a3d-4206-964a-9b3301cd1d1f@group-C476C2B24A7C->d3dffc06-1d6a-4f7a-8294-c2dc8ce35b40-AppendLogResponseHandler: Failed appendEntries: org.apache.ratis.thirdparty.io.grpc.StatusRuntimeException: UNAVAILABLE: io exception
2019-10-02 10:56:28,167 [grpc-default-executor-4] INFO  impl.FollowerInfo (FollowerInfo.java:lambda$new$0(51)) - 7df38282-3a3d-4206-964a-9b3301cd1d1f@group-C476C2B24A7C->d3dffc06-1d6a-4f7a-8294-c2dc8ce35b40: nextIndex: updateUnconditionally 1 -> 0
2019-10-02 10:56:28,171 [grpc-default-executor-6] WARN  server.GrpcLogAppender (LogUtils.java:warn(134)) - 7df38282-3a3d-4206-964a-9b3301cd1d1f@group-C476C2B24A7C->d3dffc06-1d6a-4f7a-8294-c2dc8ce35b40-AppendLogResponseHandler: Failed appendEntries: org.apache.ratis.thirdparty.io.grpc.StatusRuntimeException: UNAVAILABLE: io exception
2019-10-02 10:56:28,174 [grpc-default-executor-6] INFO  impl.FollowerInfo (FollowerInfo.java:lambda$new$0(51)) - 7df38282-3a3d-4206-964a-9b3301cd1d1f@group-C476C2B24A7C->d3dffc06-1d6a-4f7a-8294-c2dc8ce35b40: nextIndex: updateUnconditionally 1 -> 0
2019-10-02 10:56:28,182 [7df38282-3a3d-4206-964a-9b3301cd1d1f@group-ABAF19C3FAB0-LeaderElection41] INFO  impl.LeaderElection (LeaderElection.java:askForVotes(178)) - 7df38282-3a3d-4206-964a-9b3301cd1d1f@group-ABAF19C3FAB0-LeaderElection41: begin an election at term 6 for 0: [d3dffc06-1d6a-4f7a-8294-c2dc8ce35b40:192.168.30.53:33785, 7df38282-3a3d-4206-964a-9b3301cd1d1f:192.168.30.53:34960, b25f22f8-54cc-4ffd-bfcd-179cc8cbd7fc:192.168.30.53:42549], old=null
2019-10-02 10:56:28,182 [b25f22f8-54cc-4ffd-bfcd-179cc8cbd7fc@group-ABAF19C3FAB0-LeaderElection40] INFO  impl.LeaderElection (LeaderElection.java:askForVotes(178)) - b25f22f8-54cc-4ffd-bfcd-179cc8cbd7fc@group-ABAF19C3FAB0-LeaderElection40: begin an election at term 6 for 0: [d3dffc06-1d6a-4f7a-8294-c2dc8ce35b40:192.168.30.53:33785, 7df38282-3a3d-4206-964a-9b3301cd1d1f:192.168.30.53:34960, b25f22f8-54cc-4ffd-bfcd-179cc8cbd7fc:192.168.30.53:42549], old=null
2019-10-02 10:56:28,185 [b25f22f8-54cc-4ffd-bfcd-179cc8cbd7fc@group-ABAF19C3FAB0-LeaderElection40] INFO  impl.LeaderElection (LogUtils.java:infoOrTrace(149)) - b25f22f8-54cc-4ffd-bfcd-179cc8cbd7fc@group-ABAF19C3FAB0-LeaderElection40 got exception when requesting votes: {}
java.util.concurrent.ExecutionException: org.apache.ratis.thirdparty.io.grpc.StatusRuntimeException: UNAVAILABLE: io exception
	at java.util.concurrent.FutureTask.report(FutureTask.java:122)
	at java.util.concurrent.FutureTask.get(FutureTask.java:192)
	at org.apache.ratis.server.impl.LeaderElection.waitForResults(LeaderElection.java:259)
	at org.apache.ratis.server.impl.LeaderElection.askForVotes(LeaderElection.java:197)
	at org.apache.ratis.server.impl.LeaderElection.run(LeaderElection.java:133)
	at java.lang.Thread.run(Thread.java:748)
Caused by: org.apache.ratis.thirdparty.io.grpc.StatusRuntimeException: UNAVAILABLE: io exception
	at org.apache.ratis.thirdparty.io.grpc.stub.ClientCalls.toStatusRuntimeException(ClientCalls.java:233)
	at org.apache.ratis.thirdparty.io.grpc.stub.ClientCalls.getUnchecked(ClientCalls.java:214)
	at org.apache.ratis.thirdparty.io.grpc.stub.ClientCalls.blockingUnaryCall(ClientCalls.java:139)
	at org.apache.ratis.proto.grpc.RaftServerProtocolServiceGrpc$RaftServerProtocolServiceBlockingStub.requestVote(RaftServerProtocolServiceGrpc.java:265)
	at org.apache.ratis.grpc.server.GrpcServerProtocolClient.requestVote(GrpcServerProtocolClient.java:99)
	at org.apache.ratis.grpc.server.GrpcService.requestVote(GrpcService.java:204)
	at org.apache.ratis.server.impl.LeaderElection.lambda$submitRequests$1(LeaderElection.java:234)
	at java.util.concurrent.FutureTask.run(FutureTask.java:266)
	at java.util.concurrent.Executors$RunnableAdapter.call(Executors.java:511)
	at java.util.concurrent.FutureTask.run(FutureTask.java:266)
	at java.util.concurrent.ThreadPoolExecutor.runWorker(ThreadPoolExecutor.java:1149)
	at java.util.concurrent.ThreadPoolExecutor$Worker.run(ThreadPoolExecutor.java:624)
	... 1 more
Caused by: org.apache.ratis.thirdparty.io.netty.channel.AbstractChannel$AnnotatedConnectException: Connection refused: /192.168.30.53:33785
	at sun.nio.ch.SocketChannelImpl.checkConnect(Native Method)
	at sun.nio.ch.SocketChannelImpl.finishConnect(SocketChannelImpl.java:717)
	at org.apache.ratis.thirdparty.io.netty.channel.socket.nio.NioSocketChannel.doFinishConnect(NioSocketChannel.java:327)
	at org.apache.ratis.thirdparty.io.netty.channel.nio.AbstractNioChannel$AbstractNioUnsafe.finishConnect(AbstractNioChannel.java:340)
	at org.apache.ratis.thirdparty.io.netty.channel.nio.NioEventLoop.processSelectedKey(NioEventLoop.java:632)
	at org.apache.ratis.thirdparty.io.netty.channel.nio.NioEventLoop.processSelectedKeysOptimized(NioEventLoop.java:579)
	at org.apache.ratis.thirdparty.io.netty.channel.nio.NioEventLoop.processSelectedKeys(NioEventLoop.java:496)
	at org.apache.ratis.thirdparty.io.netty.channel.nio.NioEventLoop.run(NioEventLoop.java:458)
	at org.apache.ratis.thirdparty.io.netty.util.concurrent.SingleThreadEventExecutor$5.run(SingleThreadEventExecutor.java:897)
	at org.apache.ratis.thirdparty.io.netty.util.concurrent.FastThreadLocalRunnable.run(FastThreadLocalRunnable.java:30)
	... 1 more
Caused by: java.net.ConnectException: Connection refused
	... 11 more
2019-10-02 10:56:28,188 [7df38282-3a3d-4206-964a-9b3301cd1d1f@group-ABAF19C3FAB0-LeaderElection41] INFO  impl.LeaderElection (LogUtils.java:infoOrTrace(149)) - 7df38282-3a3d-4206-964a-9b3301cd1d1f@group-ABAF19C3FAB0-LeaderElection41 got exception when requesting votes: {}
java.util.concurrent.ExecutionException: org.apache.ratis.thirdparty.io.grpc.StatusRuntimeException: UNAVAILABLE: io exception
	at java.util.concurrent.FutureTask.report(FutureTask.java:122)
	at java.util.concurrent.FutureTask.get(FutureTask.java:192)
	at org.apache.ratis.server.impl.LeaderElection.waitForResults(LeaderElection.java:259)
	at org.apache.ratis.server.impl.LeaderElection.askForVotes(LeaderElection.java:197)
	at org.apache.ratis.server.impl.LeaderElection.run(LeaderElection.java:133)
	at java.lang.Thread.run(Thread.java:748)
Caused by: org.apache.ratis.thirdparty.io.grpc.StatusRuntimeException: UNAVAILABLE: io exception
	at org.apache.ratis.thirdparty.io.grpc.stub.ClientCalls.toStatusRuntimeException(ClientCalls.java:233)
	at org.apache.ratis.thirdparty.io.grpc.stub.ClientCalls.getUnchecked(ClientCalls.java:214)
	at org.apache.ratis.thirdparty.io.grpc.stub.ClientCalls.blockingUnaryCall(ClientCalls.java:139)
	at org.apache.ratis.proto.grpc.RaftServerProtocolServiceGrpc$RaftServerProtocolServiceBlockingStub.requestVote(RaftServerProtocolServiceGrpc.java:265)
	at org.apache.ratis.grpc.server.GrpcServerProtocolClient.requestVote(GrpcServerProtocolClient.java:99)
	at org.apache.ratis.grpc.server.GrpcService.requestVote(GrpcService.java:204)
	at org.apache.ratis.server.impl.LeaderElection.lambda$submitRequests$1(LeaderElection.java:234)
	at java.util.concurrent.FutureTask.run(FutureTask.java:266)
	at java.util.concurrent.Executors$RunnableAdapter.call(Executors.java:511)
	at java.util.concurrent.FutureTask.run(FutureTask.java:266)
	at java.util.concurrent.ThreadPoolExecutor.runWorker(ThreadPoolExecutor.java:1149)
	at java.util.concurrent.ThreadPoolExecutor$Worker.run(ThreadPoolExecutor.java:624)
	... 1 more
Caused by: org.apache.ratis.thirdparty.io.netty.channel.AbstractChannel$AnnotatedConnectException: Connection refused: /192.168.30.53:33785
	at sun.nio.ch.SocketChannelImpl.checkConnect(Native Method)
	at sun.nio.ch.SocketChannelImpl.finishConnect(SocketChannelImpl.java:717)
	at org.apache.ratis.thirdparty.io.netty.channel.socket.nio.NioSocketChannel.doFinishConnect(NioSocketChannel.java:327)
	at org.apache.ratis.thirdparty.io.netty.channel.nio.AbstractNioChannel$AbstractNioUnsafe.finishConnect(AbstractNioChannel.java:340)
	at org.apache.ratis.thirdparty.io.netty.channel.nio.NioEventLoop.processSelectedKey(NioEventLoop.java:632)
	at org.apache.ratis.thirdparty.io.netty.channel.nio.NioEventLoop.processSelectedKeysOptimized(NioEventLoop.java:579)
	at org.apache.ratis.thirdparty.io.netty.channel.nio.NioEventLoop.processSelectedKeys(NioEventLoop.java:496)
	at org.apache.ratis.thirdparty.io.netty.channel.nio.NioEventLoop.run(NioEventLoop.java:458)
	at org.apache.ratis.thirdparty.io.netty.util.concurrent.SingleThreadEventExecutor$5.run(SingleThreadEventExecutor.java:897)
	at org.apache.ratis.thirdparty.io.netty.util.concurrent.FastThreadLocalRunnable.run(FastThreadLocalRunnable.java:30)
	... 1 more
Caused by: java.net.ConnectException: Connection refused
	... 11 more
2019-10-02 10:56:28,193 [7df38282-3a3d-4206-964a-9b3301cd1d1f@group-ABAF19C3FAB0-LeaderElection41] INFO  impl.LeaderElection (LeaderElection.java:logAndReturn(56)) - 7df38282-3a3d-4206-964a-9b3301cd1d1f@group-ABAF19C3FAB0-LeaderElection41: Election REJECTED; received 1 response(s) [7df38282-3a3d-4206-964a-9b3301cd1d1f<-b25f22f8-54cc-4ffd-bfcd-179cc8cbd7fc#0:FAIL-t6] and 1 exception(s); 7df38282-3a3d-4206-964a-9b3301cd1d1f@group-ABAF19C3FAB0:t6, leader=null, voted=7df38282-3a3d-4206-964a-9b3301cd1d1f, raftlog=7df38282-3a3d-4206-964a-9b3301cd1d1f@group-ABAF19C3FAB0-SegmentedRaftLog:OPENED:c0,f0,i0, conf=0: [d3dffc06-1d6a-4f7a-8294-c2dc8ce35b40:192.168.30.53:33785, 7df38282-3a3d-4206-964a-9b3301cd1d1f:192.168.30.53:34960, b25f22f8-54cc-4ffd-bfcd-179cc8cbd7fc:192.168.30.53:42549], old=null
2019-10-02 10:56:28,193 [7df38282-3a3d-4206-964a-9b3301cd1d1f@group-ABAF19C3FAB0-LeaderElection41] INFO  impl.LeaderElection (LogUtils.java:infoOrTrace(149)) -   Exception 0: {}
java.util.concurrent.ExecutionException: org.apache.ratis.thirdparty.io.grpc.StatusRuntimeException: UNAVAILABLE: io exception
	at java.util.concurrent.FutureTask.report(FutureTask.java:122)
	at java.util.concurrent.FutureTask.get(FutureTask.java:192)
	at org.apache.ratis.server.impl.LeaderElection.waitForResults(LeaderElection.java:259)
	at org.apache.ratis.server.impl.LeaderElection.askForVotes(LeaderElection.java:197)
	at org.apache.ratis.server.impl.LeaderElection.run(LeaderElection.java:133)
	at java.lang.Thread.run(Thread.java:748)
Caused by: org.apache.ratis.thirdparty.io.grpc.StatusRuntimeException: UNAVAILABLE: io exception
	at org.apache.ratis.thirdparty.io.grpc.stub.ClientCalls.toStatusRuntimeException(ClientCalls.java:233)
	at org.apache.ratis.thirdparty.io.grpc.stub.ClientCalls.getUnchecked(ClientCalls.java:214)
	at org.apache.ratis.thirdparty.io.grpc.stub.ClientCalls.blockingUnaryCall(ClientCalls.java:139)
	at org.apache.ratis.proto.grpc.RaftServerProtocolServiceGrpc$RaftServerProtocolServiceBlockingStub.requestVote(RaftServerProtocolServiceGrpc.java:265)
	at org.apache.ratis.grpc.server.GrpcServerProtocolClient.requestVote(GrpcServerProtocolClient.java:99)
	at org.apache.ratis.grpc.server.GrpcService.requestVote(GrpcService.java:204)
	at org.apache.ratis.server.impl.LeaderElection.lambda$submitRequests$1(LeaderElection.java:234)
	at java.util.concurrent.FutureTask.run(FutureTask.java:266)
	at java.util.concurrent.Executors$RunnableAdapter.call(Executors.java:511)
	at java.util.concurrent.FutureTask.run(FutureTask.java:266)
	at java.util.concurrent.ThreadPoolExecutor.runWorker(ThreadPoolExecutor.java:1149)
	at java.util.concurrent.ThreadPoolExecutor$Worker.run(ThreadPoolExecutor.java:624)
	... 1 more
Caused by: org.apache.ratis.thirdparty.io.netty.channel.AbstractChannel$AnnotatedConnectException: Connection refused: /192.168.30.53:33785
	at sun.nio.ch.SocketChannelImpl.checkConnect(Native Method)
	at sun.nio.ch.SocketChannelImpl.finishConnect(SocketChannelImpl.java:717)
	at org.apache.ratis.thirdparty.io.netty.channel.socket.nio.NioSocketChannel.doFinishConnect(NioSocketChannel.java:327)
	at org.apache.ratis.thirdparty.io.netty.channel.nio.AbstractNioChannel$AbstractNioUnsafe.finishConnect(AbstractNioChannel.java:340)
	at org.apache.ratis.thirdparty.io.netty.channel.nio.NioEventLoop.processSelectedKey(NioEventLoop.java:632)
	at org.apache.ratis.thirdparty.io.netty.channel.nio.NioEventLoop.processSelectedKeysOptimized(NioEventLoop.java:579)
	at org.apache.ratis.thirdparty.io.netty.channel.nio.NioEventLoop.processSelectedKeys(NioEventLoop.java:496)
	at org.apache.ratis.thirdparty.io.netty.channel.nio.NioEventLoop.run(NioEventLoop.java:458)
	at org.apache.ratis.thirdparty.io.netty.util.concurrent.SingleThreadEventExecutor$5.run(SingleThreadEventExecutor.java:897)
	at org.apache.ratis.thirdparty.io.netty.util.concurrent.FastThreadLocalRunnable.run(FastThreadLocalRunnable.java:30)
	... 1 more
Caused by: java.net.ConnectException: Connection refused
	... 11 more
2019-10-02 10:56:28,193 [7df38282-3a3d-4206-964a-9b3301cd1d1f@group-ABAF19C3FAB0-LeaderElection41] INFO  impl.RaftServerImpl (RaftServerImpl.java:setRole(170)) - 7df38282-3a3d-4206-964a-9b3301cd1d1f@group-ABAF19C3FAB0: changes role from CANDIDATE to FOLLOWER at term 6 for DISCOVERED_A_NEW_TERM
2019-10-02 10:56:28,193 [7df38282-3a3d-4206-964a-9b3301cd1d1f@group-ABAF19C3FAB0-LeaderElection41] INFO  impl.RoleInfo (RoleInfo.java:shutdownLeaderElection(134)) - 7df38282-3a3d-4206-964a-9b3301cd1d1f: shutdown LeaderElection
2019-10-02 10:56:28,193 [b25f22f8-54cc-4ffd-bfcd-179cc8cbd7fc@group-ABAF19C3FAB0-LeaderElection40] INFO  impl.LeaderElection (LeaderElection.java:logAndReturn(56)) - b25f22f8-54cc-4ffd-bfcd-179cc8cbd7fc@group-ABAF19C3FAB0-LeaderElection40: Election REJECTED; received 1 response(s) [b25f22f8-54cc-4ffd-bfcd-179cc8cbd7fc<-7df38282-3a3d-4206-964a-9b3301cd1d1f#0:FAIL-t6] and 1 exception(s); b25f22f8-54cc-4ffd-bfcd-179cc8cbd7fc@group-ABAF19C3FAB0:t6, leader=null, voted=b25f22f8-54cc-4ffd-bfcd-179cc8cbd7fc, raftlog=b25f22f8-54cc-4ffd-bfcd-179cc8cbd7fc@group-ABAF19C3FAB0-SegmentedRaftLog:OPENED:c0,f0,i0, conf=0: [d3dffc06-1d6a-4f7a-8294-c2dc8ce35b40:192.168.30.53:33785, 7df38282-3a3d-4206-964a-9b3301cd1d1f:192.168.30.53:34960, b25f22f8-54cc-4ffd-bfcd-179cc8cbd7fc:192.168.30.53:42549], old=null
2019-10-02 10:56:28,193 [7df38282-3a3d-4206-964a-9b3301cd1d1f@group-ABAF19C3FAB0-LeaderElection41] INFO  impl.RoleInfo (RoleInfo.java:updateAndGet(143)) - 7df38282-3a3d-4206-964a-9b3301cd1d1f: start FollowerState
2019-10-02 10:56:28,195 [b25f22f8-54cc-4ffd-bfcd-179cc8cbd7fc@group-ABAF19C3FAB0-LeaderElection40] INFO  impl.LeaderElection (LogUtils.java:infoOrTrace(149)) -   Exception 0: {}
java.util.concurrent.ExecutionException: org.apache.ratis.thirdparty.io.grpc.StatusRuntimeException: UNAVAILABLE: io exception
	at java.util.concurrent.FutureTask.report(FutureTask.java:122)
	at java.util.concurrent.FutureTask.get(FutureTask.java:192)
	at org.apache.ratis.server.impl.LeaderElection.waitForResults(LeaderElection.java:259)
	at org.apache.ratis.server.impl.LeaderElection.askForVotes(LeaderElection.java:197)
	at org.apache.ratis.server.impl.LeaderElection.run(LeaderElection.java:133)
	at java.lang.Thread.run(Thread.java:748)
Caused by: org.apache.ratis.thirdparty.io.grpc.StatusRuntimeException: UNAVAILABLE: io exception
	at org.apache.ratis.thirdparty.io.grpc.stub.ClientCalls.toStatusRuntimeException(ClientCalls.java:233)
	at org.apache.ratis.thirdparty.io.grpc.stub.ClientCalls.getUnchecked(ClientCalls.java:214)
	at org.apache.ratis.thirdparty.io.grpc.stub.ClientCalls.blockingUnaryCall(ClientCalls.java:139)
	at org.apache.ratis.proto.grpc.RaftServerProtocolServiceGrpc$RaftServerProtocolServiceBlockingStub.requestVote(RaftServerProtocolServiceGrpc.java:265)
	at org.apache.ratis.grpc.server.GrpcServerProtocolClient.requestVote(GrpcServerProtocolClient.java:99)
	at org.apache.ratis.grpc.server.GrpcService.requestVote(GrpcService.java:204)
	at org.apache.ratis.server.impl.LeaderElection.lambda$submitRequests$1(LeaderElection.java:234)
	at java.util.concurrent.FutureTask.run(FutureTask.java:266)
	at java.util.concurrent.Executors$RunnableAdapter.call(Executors.java:511)
	at java.util.concurrent.FutureTask.run(FutureTask.java:266)
	at java.util.concurrent.ThreadPoolExecutor.runWorker(ThreadPoolExecutor.java:1149)
	at java.util.concurrent.ThreadPoolExecutor$Worker.run(ThreadPoolExecutor.java:624)
	... 1 more
Caused by: org.apache.ratis.thirdparty.io.netty.channel.AbstractChannel$AnnotatedConnectException: Connection refused: /192.168.30.53:33785
	at sun.nio.ch.SocketChannelImpl.checkConnect(Native Method)
	at sun.nio.ch.SocketChannelImpl.finishConnect(SocketChannelImpl.java:717)
	at org.apache.ratis.thirdparty.io.netty.channel.socket.nio.NioSocketChannel.doFinishConnect(NioSocketChannel.java:327)
	at org.apache.ratis.thirdparty.io.netty.channel.nio.AbstractNioChannel$AbstractNioUnsafe.finishConnect(AbstractNioChannel.java:340)
	at org.apache.ratis.thirdparty.io.netty.channel.nio.NioEventLoop.processSelectedKey(NioEventLoop.java:632)
	at org.apache.ratis.thirdparty.io.netty.channel.nio.NioEventLoop.processSelectedKeysOptimized(NioEventLoop.java:579)
	at org.apache.ratis.thirdparty.io.netty.channel.nio.NioEventLoop.processSelectedKeys(NioEventLoop.java:496)
	at org.apache.ratis.thirdparty.io.netty.channel.nio.NioEventLoop.run(NioEventLoop.java:458)
	at org.apache.ratis.thirdparty.io.netty.util.concurrent.SingleThreadEventExecutor$5.run(SingleThreadEventExecutor.java:897)
	at org.apache.ratis.thirdparty.io.netty.util.concurrent.FastThreadLocalRunnable.run(FastThreadLocalRunnable.java:30)
	... 1 more
Caused by: java.net.ConnectException: Connection refused
	... 11 more
2019-10-02 10:56:28,198 [b25f22f8-54cc-4ffd-bfcd-179cc8cbd7fc@group-ABAF19C3FAB0-LeaderElection40] INFO  impl.RaftServerImpl (RaftServerImpl.java:setRole(170)) - b25f22f8-54cc-4ffd-bfcd-179cc8cbd7fc@group-ABAF19C3FAB0: changes role from CANDIDATE to FOLLOWER at term 6 for DISCOVERED_A_NEW_TERM
2019-10-02 10:56:28,198 [b25f22f8-54cc-4ffd-bfcd-179cc8cbd7fc@group-ABAF19C3FAB0-LeaderElection40] INFO  impl.RoleInfo (RoleInfo.java:shutdownLeaderElection(134)) - b25f22f8-54cc-4ffd-bfcd-179cc8cbd7fc: shutdown LeaderElection
2019-10-02 10:56:28,198 [b25f22f8-54cc-4ffd-bfcd-179cc8cbd7fc@group-ABAF19C3FAB0-LeaderElection40] INFO  impl.RoleInfo (RoleInfo.java:updateAndGet(143)) - b25f22f8-54cc-4ffd-bfcd-179cc8cbd7fc: start FollowerState
2019-10-02 10:56:28,293 [grpc-default-executor-6] WARN  server.GrpcLogAppender (LogUtils.java:warn(134)) - 7df38282-3a3d-4206-964a-9b3301cd1d1f@group-1A77BEA84F5E->d3dffc06-1d6a-4f7a-8294-c2dc8ce35b40-AppendLogResponseHandler: Failed appendEntries: org.apache.ratis.thirdparty.io.grpc.StatusRuntimeException: UNAVAILABLE: io exception
2019-10-02 10:56:28,297 [grpc-default-executor-6] INFO  impl.FollowerInfo (FollowerInfo.java:lambda$new$0(51)) - 7df38282-3a3d-4206-964a-9b3301cd1d1f@group-1A77BEA84F5E->d3dffc06-1d6a-4f7a-8294-c2dc8ce35b40: nextIndex: updateUnconditionally 0 -> 0
2019-10-02 10:56:28,355 [grpc-default-executor-3] WARN  server.GrpcLogAppender (LogUtils.java:warn(134)) - 7df38282-3a3d-4206-964a-9b3301cd1d1f@group-6128F9235CFD->d3dffc06-1d6a-4f7a-8294-c2dc8ce35b40-AppendLogResponseHandler: Failed appendEntries: org.apache.ratis.thirdparty.io.grpc.StatusRuntimeException: UNAVAILABLE: io exception
2019-10-02 10:56:28,358 [grpc-default-executor-3] INFO  impl.FollowerInfo (FollowerInfo.java:lambda$new$0(51)) - 7df38282-3a3d-4206-964a-9b3301cd1d1f@group-6128F9235CFD->d3dffc06-1d6a-4f7a-8294-c2dc8ce35b40: nextIndex: updateUnconditionally 0 -> 0
2019-10-02 10:56:28,366 [grpc-default-executor-4] WARN  server.GrpcLogAppender (LogUtils.java:warn(134)) - 7df38282-3a3d-4206-964a-9b3301cd1d1f@group-BE47439FB225->d3dffc06-1d6a-4f7a-8294-c2dc8ce35b40-AppendLogResponseHandler: Failed appendEntries: org.apache.ratis.thirdparty.io.grpc.StatusRuntimeException: UNAVAILABLE: io exception
2019-10-02 10:56:28,368 [Thread-529] INFO  impl.FollowerState (FollowerState.java:run(108)) - b25f22f8-54cc-4ffd-bfcd-179cc8cbd7fc@group-49987F7A8A7C-FollowerState: change to CANDIDATE, lastRpcTime:1573ms, electionTimeout:1085ms
2019-10-02 10:56:28,369 [grpc-default-executor-4] INFO  impl.FollowerInfo (FollowerInfo.java:lambda$new$0(51)) - 7df38282-3a3d-4206-964a-9b3301cd1d1f@group-BE47439FB225->d3dffc06-1d6a-4f7a-8294-c2dc8ce35b40: nextIndex: updateUnconditionally 0 -> 0
2019-10-02 10:56:28,369 [Thread-529] INFO  impl.RoleInfo (RoleInfo.java:shutdownFollowerState(121)) - b25f22f8-54cc-4ffd-bfcd-179cc8cbd7fc: shutdown FollowerState
2019-10-02 10:56:28,369 [Thread-529] INFO  impl.RaftServerImpl (RaftServerImpl.java:setRole(170)) - b25f22f8-54cc-4ffd-bfcd-179cc8cbd7fc@group-49987F7A8A7C: changes role from  FOLLOWER to CANDIDATE at term 1 for changeToCandidate
2019-10-02 10:56:28,369 [Thread-529] INFO  impl.RoleInfo (RoleInfo.java:updateAndGet(143)) - b25f22f8-54cc-4ffd-bfcd-179cc8cbd7fc: start LeaderElection
2019-10-02 10:56:28,370 [b25f22f8-54cc-4ffd-bfcd-179cc8cbd7fc@group-49987F7A8A7C-LeaderElection42] INFO  impl.RaftServerImpl (ServerState.java:setLeader(255)) - b25f22f8-54cc-4ffd-bfcd-179cc8cbd7fc@group-49987F7A8A7C: change Leader from d3dffc06-1d6a-4f7a-8294-c2dc8ce35b40 to null at term 1 for initElection
2019-10-02 10:56:28,399 [b25f22f8-54cc-4ffd-bfcd-179cc8cbd7fc@group-49987F7A8A7C-LeaderElection42] INFO  impl.LeaderElection (LeaderElection.java:askForVotes(178)) - b25f22f8-54cc-4ffd-bfcd-179cc8cbd7fc@group-49987F7A8A7C-LeaderElection42: begin an election at term 2 for 0: [d3dffc06-1d6a-4f7a-8294-c2dc8ce35b40:192.168.30.53:33785, 7df38282-3a3d-4206-964a-9b3301cd1d1f:192.168.30.53:34960, b25f22f8-54cc-4ffd-bfcd-179cc8cbd7fc:192.168.30.53:42549], old=null
2019-10-02 10:56:28,400 [b25f22f8-54cc-4ffd-bfcd-179cc8cbd7fc@group-49987F7A8A7C-LeaderElection42] INFO  impl.LeaderElection (LogUtils.java:infoOrTrace(149)) - b25f22f8-54cc-4ffd-bfcd-179cc8cbd7fc@group-49987F7A8A7C-LeaderElection42 got exception when requesting votes: {}
java.util.concurrent.ExecutionException: org.apache.ratis.thirdparty.io.grpc.StatusRuntimeException: UNAVAILABLE: io exception
	at java.util.concurrent.FutureTask.report(FutureTask.java:122)
	at java.util.concurrent.FutureTask.get(FutureTask.java:192)
	at org.apache.ratis.server.impl.LeaderElection.waitForResults(LeaderElection.java:259)
	at org.apache.ratis.server.impl.LeaderElection.askForVotes(LeaderElection.java:197)
	at org.apache.ratis.server.impl.LeaderElection.run(LeaderElection.java:133)
	at java.lang.Thread.run(Thread.java:748)
Caused by: org.apache.ratis.thirdparty.io.grpc.StatusRuntimeException: UNAVAILABLE: io exception
	at org.apache.ratis.thirdparty.io.grpc.stub.ClientCalls.toStatusRuntimeException(ClientCalls.java:233)
	at org.apache.ratis.thirdparty.io.grpc.stub.ClientCalls.getUnchecked(ClientCalls.java:214)
	at org.apache.ratis.thirdparty.io.grpc.stub.ClientCalls.blockingUnaryCall(ClientCalls.java:139)
	at org.apache.ratis.proto.grpc.RaftServerProtocolServiceGrpc$RaftServerProtocolServiceBlockingStub.requestVote(RaftServerProtocolServiceGrpc.java:265)
	at org.apache.ratis.grpc.server.GrpcServerProtocolClient.requestVote(GrpcServerProtocolClient.java:99)
	at org.apache.ratis.grpc.server.GrpcService.requestVote(GrpcService.java:204)
	at org.apache.ratis.server.impl.LeaderElection.lambda$submitRequests$1(LeaderElection.java:234)
	at java.util.concurrent.FutureTask.run(FutureTask.java:266)
	at java.util.concurrent.Executors$RunnableAdapter.call(Executors.java:511)
	at java.util.concurrent.FutureTask.run(FutureTask.java:266)
	at java.util.concurrent.ThreadPoolExecutor.runWorker(ThreadPoolExecutor.java:1149)
	at java.util.concurrent.ThreadPoolExecutor$Worker.run(ThreadPoolExecutor.java:624)
	... 1 more
Caused by: org.apache.ratis.thirdparty.io.netty.channel.AbstractChannel$AnnotatedConnectException: Connection refused: /192.168.30.53:33785
	at sun.nio.ch.SocketChannelImpl.checkConnect(Native Method)
	at sun.nio.ch.SocketChannelImpl.finishConnect(SocketChannelImpl.java:717)
	at org.apache.ratis.thirdparty.io.netty.channel.socket.nio.NioSocketChannel.doFinishConnect(NioSocketChannel.java:327)
	at org.apache.ratis.thirdparty.io.netty.channel.nio.AbstractNioChannel$AbstractNioUnsafe.finishConnect(AbstractNioChannel.java:340)
	at org.apache.ratis.thirdparty.io.netty.channel.nio.NioEventLoop.processSelectedKey(NioEventLoop.java:632)
	at org.apache.ratis.thirdparty.io.netty.channel.nio.NioEventLoop.processSelectedKeysOptimized(NioEventLoop.java:579)
	at org.apache.ratis.thirdparty.io.netty.channel.nio.NioEventLoop.processSelectedKeys(NioEventLoop.java:496)
	at org.apache.ratis.thirdparty.io.netty.channel.nio.NioEventLoop.run(NioEventLoop.java:458)
	at org.apache.ratis.thirdparty.io.netty.util.concurrent.SingleThreadEventExecutor$5.run(SingleThreadEventExecutor.java:897)
	at org.apache.ratis.thirdparty.io.netty.util.concurrent.FastThreadLocalRunnable.run(FastThreadLocalRunnable.java:30)
	... 1 more
Caused by: java.net.ConnectException: Connection refused
	... 11 more
2019-10-02 10:56:28,407 [grpc-default-executor-4] INFO  impl.RaftServerImpl (ServerState.java:setLeader(255)) - 7df38282-3a3d-4206-964a-9b3301cd1d1f@group-49987F7A8A7C: change Leader from d3dffc06-1d6a-4f7a-8294-c2dc8ce35b40 to null at term 2 for updateCurrentTerm
2019-10-02 10:56:28,407 [grpc-default-executor-4] INFO  impl.RaftServerImpl (RaftServerImpl.java:setRole(170)) - 7df38282-3a3d-4206-964a-9b3301cd1d1f@group-49987F7A8A7C: changes role from  FOLLOWER to FOLLOWER at term 2 for recognizeCandidate:b25f22f8-54cc-4ffd-bfcd-179cc8cbd7fc
2019-10-02 10:56:28,407 [grpc-default-executor-4] INFO  impl.RoleInfo (RoleInfo.java:shutdownFollowerState(121)) - 7df38282-3a3d-4206-964a-9b3301cd1d1f: shutdown FollowerState
2019-10-02 10:56:28,407 [grpc-default-executor-4] INFO  impl.RoleInfo (RoleInfo.java:updateAndGet(143)) - 7df38282-3a3d-4206-964a-9b3301cd1d1f: start FollowerState
2019-10-02 10:56:28,407 [Thread-542] INFO  impl.FollowerState (FollowerState.java:run(117)) - 7df38282-3a3d-4206-964a-9b3301cd1d1f@group-49987F7A8A7C-FollowerState was interrupted: java.lang.InterruptedException: sleep interrupted
2019-10-02 10:56:28,412 [grpc-default-executor-3] WARN  server.GrpcLogAppender (LogUtils.java:warn(134)) - b25f22f8-54cc-4ffd-bfcd-179cc8cbd7fc@group-6B83A71B3C43->d3dffc06-1d6a-4f7a-8294-c2dc8ce35b40-AppendLogResponseHandler: Failed appendEntries: org.apache.ratis.thirdparty.io.grpc.StatusRuntimeException: UNAVAILABLE: io exception
2019-10-02 10:56:28,414 [grpc-default-executor-3] INFO  impl.FollowerInfo (FollowerInfo.java:lambda$new$0(51)) - b25f22f8-54cc-4ffd-bfcd-179cc8cbd7fc@group-6B83A71B3C43->d3dffc06-1d6a-4f7a-8294-c2dc8ce35b40: nextIndex: updateUnconditionally 0 -> 0
2019-10-02 10:56:28,434 [b25f22f8-54cc-4ffd-bfcd-179cc8cbd7fc@group-49987F7A8A7C-LeaderElection42] INFO  impl.LeaderElection (LeaderElection.java:logAndReturn(56)) - b25f22f8-54cc-4ffd-bfcd-179cc8cbd7fc@group-49987F7A8A7C-LeaderElection42: Election PASSED; received 1 response(s) [b25f22f8-54cc-4ffd-bfcd-179cc8cbd7fc<-7df38282-3a3d-4206-964a-9b3301cd1d1f#0:OK-t2] and 1 exception(s); b25f22f8-54cc-4ffd-bfcd-179cc8cbd7fc@group-49987F7A8A7C:t2, leader=null, voted=b25f22f8-54cc-4ffd-bfcd-179cc8cbd7fc, raftlog=b25f22f8-54cc-4ffd-bfcd-179cc8cbd7fc@group-49987F7A8A7C-SegmentedRaftLog:OPENED:c0,f0,i0, conf=0: [d3dffc06-1d6a-4f7a-8294-c2dc8ce35b40:192.168.30.53:33785, 7df38282-3a3d-4206-964a-9b3301cd1d1f:192.168.30.53:34960, b25f22f8-54cc-4ffd-bfcd-179cc8cbd7fc:192.168.30.53:42549], old=null
2019-10-02 10:56:28,435 [b25f22f8-54cc-4ffd-bfcd-179cc8cbd7fc@group-49987F7A8A7C-LeaderElection42] INFO  impl.LeaderElection (LogUtils.java:infoOrTrace(149)) -   Exception 0: {}
java.util.concurrent.ExecutionException: org.apache.ratis.thirdparty.io.grpc.StatusRuntimeException: UNAVAILABLE: io exception
	at java.util.concurrent.FutureTask.report(FutureTask.java:122)
	at java.util.concurrent.FutureTask.get(FutureTask.java:192)
	at org.apache.ratis.server.impl.LeaderElection.waitForResults(LeaderElection.java:259)
	at org.apache.ratis.server.impl.LeaderElection.askForVotes(LeaderElection.java:197)
	at org.apache.ratis.server.impl.LeaderElection.run(LeaderElection.java:133)
	at java.lang.Thread.run(Thread.java:748)
Caused by: org.apache.ratis.thirdparty.io.grpc.StatusRuntimeException: UNAVAILABLE: io exception
	at org.apache.ratis.thirdparty.io.grpc.stub.ClientCalls.toStatusRuntimeException(ClientCalls.java:233)
	at org.apache.ratis.thirdparty.io.grpc.stub.ClientCalls.getUnchecked(ClientCalls.java:214)
	at org.apache.ratis.thirdparty.io.grpc.stub.ClientCalls.blockingUnaryCall(ClientCalls.java:139)
	at org.apache.ratis.proto.grpc.RaftServerProtocolServiceGrpc$RaftServerProtocolServiceBlockingStub.requestVote(RaftServerProtocolServiceGrpc.java:265)
	at org.apache.ratis.grpc.server.GrpcServerProtocolClient.requestVote(GrpcServerProtocolClient.java:99)
	at org.apache.ratis.grpc.server.GrpcService.requestVote(GrpcService.java:204)
	at org.apache.ratis.server.impl.LeaderElection.lambda$submitRequests$1(LeaderElection.java:234)
	at java.util.concurrent.FutureTask.run(FutureTask.java:266)
	at java.util.concurrent.Executors$RunnableAdapter.call(Executors.java:511)
	at java.util.concurrent.FutureTask.run(FutureTask.java:266)
	at java.util.concurrent.ThreadPoolExecutor.runWorker(ThreadPoolExecutor.java:1149)
	at java.util.concurrent.ThreadPoolExecutor$Worker.run(ThreadPoolExecutor.java:624)
	... 1 more
Caused by: org.apache.ratis.thirdparty.io.netty.channel.AbstractChannel$AnnotatedConnectException: Connection refused: /192.168.30.53:33785
	at sun.nio.ch.SocketChannelImpl.checkConnect(Native Method)
	at sun.nio.ch.SocketChannelImpl.finishConnect(SocketChannelImpl.java:717)
	at org.apache.ratis.thirdparty.io.netty.channel.socket.nio.NioSocketChannel.doFinishConnect(NioSocketChannel.java:327)
	at org.apache.ratis.thirdparty.io.netty.channel.nio.AbstractNioChannel$AbstractNioUnsafe.finishConnect(AbstractNioChannel.java:340)
	at org.apache.ratis.thirdparty.io.netty.channel.nio.NioEventLoop.processSelectedKey(NioEventLoop.java:632)
	at org.apache.ratis.thirdparty.io.netty.channel.nio.NioEventLoop.processSelectedKeysOptimized(NioEventLoop.java:579)
	at org.apache.ratis.thirdparty.io.netty.channel.nio.NioEventLoop.processSelectedKeys(NioEventLoop.java:496)
	at org.apache.ratis.thirdparty.io.netty.channel.nio.NioEventLoop.run(NioEventLoop.java:458)
	at org.apache.ratis.thirdparty.io.netty.util.concurrent.SingleThreadEventExecutor$5.run(SingleThreadEventExecutor.java:897)
	at org.apache.ratis.thirdparty.io.netty.util.concurrent.FastThreadLocalRunnable.run(FastThreadLocalRunnable.java:30)
	... 1 more
Caused by: java.net.ConnectException: Connection refused
	... 11 more
2019-10-02 10:56:28,435 [b25f22f8-54cc-4ffd-bfcd-179cc8cbd7fc@group-49987F7A8A7C-LeaderElection42] INFO  impl.RoleInfo (RoleInfo.java:shutdownLeaderElection(134)) - b25f22f8-54cc-4ffd-bfcd-179cc8cbd7fc: shutdown LeaderElection
2019-10-02 10:56:28,435 [b25f22f8-54cc-4ffd-bfcd-179cc8cbd7fc@group-49987F7A8A7C-LeaderElection42] INFO  impl.RaftServerImpl (RaftServerImpl.java:setRole(170)) - b25f22f8-54cc-4ffd-bfcd-179cc8cbd7fc@group-49987F7A8A7C: changes role from CANDIDATE to LEADER at term 2 for changeToLeader
2019-10-02 10:56:28,435 [b25f22f8-54cc-4ffd-bfcd-179cc8cbd7fc@group-49987F7A8A7C-LeaderElection42] INFO  impl.RaftServerImpl (ServerState.java:setLeader(255)) - b25f22f8-54cc-4ffd-bfcd-179cc8cbd7fc@group-49987F7A8A7C: change Leader from null to b25f22f8-54cc-4ffd-bfcd-179cc8cbd7fc at term 2 for becomeLeader, leader elected after 65ms
2019-10-02 10:56:28,436 [b25f22f8-54cc-4ffd-bfcd-179cc8cbd7fc@group-49987F7A8A7C-LeaderElection42] INFO  server.RaftServerConfigKeys (ConfUtils.java:logGet(43)) - raft.server.staging.catchup.gap = 1000 (default)
2019-10-02 10:56:28,436 [b25f22f8-54cc-4ffd-bfcd-179cc8cbd7fc@group-49987F7A8A7C-LeaderElection42] INFO  server.RaftServerConfigKeys (ConfUtils.java:logGet(43)) - raft.server.rpc.sleep.time = 25ms (default)
2019-10-02 10:56:28,436 [b25f22f8-54cc-4ffd-bfcd-179cc8cbd7fc@group-49987F7A8A7C-LeaderElection42] INFO  server.RaftServerConfigKeys (ConfUtils.java:logGet(43)) - raft.server.write.element-limit = 4096 (default)
2019-10-02 10:56:28,436 [b25f22f8-54cc-4ffd-bfcd-179cc8cbd7fc@group-49987F7A8A7C-LeaderElection42] INFO  server.RaftServerConfigKeys (ConfUtils.java:logGet(43)) - raft.server.watch.timeout = 10s (default)
2019-10-02 10:56:28,436 [b25f22f8-54cc-4ffd-bfcd-179cc8cbd7fc@group-49987F7A8A7C-LeaderElection42] INFO  server.RaftServerConfigKeys (ConfUtils.java:logGet(43)) - raft.server.watch.timeout.denomination = 1s (default)
2019-10-02 10:56:28,436 [b25f22f8-54cc-4ffd-bfcd-179cc8cbd7fc@group-49987F7A8A7C-LeaderElection42] INFO  server.RaftServerConfigKeys (ConfUtils.java:logGet(43)) - raft.server.watch.element-limit = 65536 (default)
2019-10-02 10:56:28,439 [b25f22f8-54cc-4ffd-bfcd-179cc8cbd7fc@group-49987F7A8A7C-LeaderElection42] INFO  server.RaftServerConfigKeys (ConfUtils.java:logGet(43)) - raft.server.log.appender.snapshot.chunk.size.max = 16MB (=16777216) (default)
2019-10-02 10:56:28,439 [b25f22f8-54cc-4ffd-bfcd-179cc8cbd7fc@group-49987F7A8A7C-LeaderElection42] INFO  server.RaftServerConfigKeys (ConfUtils.java:logGet(43)) - raft.server.log.appender.buffer.byte-limit = 33554432 (custom)
2019-10-02 10:56:28,439 [b25f22f8-54cc-4ffd-bfcd-179cc8cbd7fc@group-49987F7A8A7C-LeaderElection42] INFO  server.RaftServerConfigKeys (ConfUtils.java:logGet(43)) - raft.server.log.appender.buffer.element-limit = 1 (custom)
2019-10-02 10:56:28,440 [b25f22f8-54cc-4ffd-bfcd-179cc8cbd7fc@group-49987F7A8A7C-LeaderElection42] INFO  grpc.GrpcConfigKeys$Server (ConfUtils.java:logGet(43)) - raft.grpc.server.leader.outstanding.appends.max = 128 (default)
2019-10-02 10:56:28,440 [b25f22f8-54cc-4ffd-bfcd-179cc8cbd7fc@group-49987F7A8A7C-LeaderElection42] INFO  server.RaftServerConfigKeys (ConfUtils.java:logGet(43)) - raft.server.rpc.request.timeout = 3000ms (default)
2019-10-02 10:56:28,440 [b25f22f8-54cc-4ffd-bfcd-179cc8cbd7fc@group-49987F7A8A7C-LeaderElection42] INFO  server.RaftServerConfigKeys (ConfUtils.java:logGet(43)) - raft.server.log.appender.install.snapshot.enabled = false (custom)
2019-10-02 10:56:28,440 [b25f22f8-54cc-4ffd-bfcd-179cc8cbd7fc@group-49987F7A8A7C-LeaderElection42] INFO  server.RaftServerConfigKeys (ConfUtils.java:logGet(43)) - raft.server.log.appender.snapshot.chunk.size.max = 16MB (=16777216) (default)
2019-10-02 10:56:28,441 [b25f22f8-54cc-4ffd-bfcd-179cc8cbd7fc@group-49987F7A8A7C-LeaderElection42] INFO  server.RaftServerConfigKeys (ConfUtils.java:logGet(43)) - raft.server.log.appender.buffer.byte-limit = 33554432 (custom)
2019-10-02 10:56:28,441 [b25f22f8-54cc-4ffd-bfcd-179cc8cbd7fc@group-49987F7A8A7C-LeaderElection42] INFO  server.RaftServerConfigKeys (ConfUtils.java:logGet(43)) - raft.server.log.appender.buffer.element-limit = 1 (custom)
2019-10-02 10:56:28,441 [b25f22f8-54cc-4ffd-bfcd-179cc8cbd7fc@group-49987F7A8A7C-LeaderElection42] INFO  grpc.GrpcConfigKeys$Server (ConfUtils.java:logGet(43)) - raft.grpc.server.leader.outstanding.appends.max = 128 (default)
2019-10-02 10:56:28,441 [b25f22f8-54cc-4ffd-bfcd-179cc8cbd7fc@group-49987F7A8A7C-LeaderElection42] INFO  server.RaftServerConfigKeys (ConfUtils.java:logGet(43)) - raft.server.rpc.request.timeout = 3000ms (default)
2019-10-02 10:56:28,441 [b25f22f8-54cc-4ffd-bfcd-179cc8cbd7fc@group-49987F7A8A7C-LeaderElection42] INFO  server.RaftServerConfigKeys (ConfUtils.java:logGet(43)) - raft.server.log.appender.install.snapshot.enabled = false (custom)
2019-10-02 10:56:28,442 [b25f22f8-54cc-4ffd-bfcd-179cc8cbd7fc@group-49987F7A8A7C-LeaderElection42] INFO  impl.RoleInfo (RoleInfo.java:updateAndGet(143)) - b25f22f8-54cc-4ffd-bfcd-179cc8cbd7fc: start LeaderState
2019-10-02 10:56:28,442 [b25f22f8-54cc-4ffd-bfcd-179cc8cbd7fc@group-49987F7A8A7C-LeaderElection42] INFO  segmented.SegmentedRaftLogWorker (SegmentedRaftLogWorker.java:rollLogSegment(390)) - b25f22f8-54cc-4ffd-bfcd-179cc8cbd7fc@group-49987F7A8A7C-SegmentedRaftLogWorker: Rolling segment log-0_0 to index:0
2019-10-02 10:56:28,443 [b25f22f8-54cc-4ffd-bfcd-179cc8cbd7fc@group-49987F7A8A7C-SegmentedRaftLogWorker] INFO  segmented.SegmentedRaftLogWorker (SegmentedRaftLogWorker.java:execute(531)) - b25f22f8-54cc-4ffd-bfcd-179cc8cbd7fc@group-49987F7A8A7C-SegmentedRaftLogWorker: Rolled log segment from /workdir/hadoop-ozone/integration-test/target/test-dir/MiniOzoneClusterImpl-5f261223-23be-4c6b-a914-4b08f19f7d30/datanode-7/data/ratis/d9cbc56a-6e37-401e-a144-49987f7a8a7c/current/log_inprogress_0 to /workdir/hadoop-ozone/integration-test/target/test-dir/MiniOzoneClusterImpl-5f261223-23be-4c6b-a914-4b08f19f7d30/datanode-7/data/ratis/d9cbc56a-6e37-401e-a144-49987f7a8a7c/current/log_0-0
2019-10-02 10:56:28,446 [b25f22f8-54cc-4ffd-bfcd-179cc8cbd7fc@group-49987F7A8A7C-LeaderElection42] INFO  impl.RaftServerImpl (ServerState.java:setRaftConf(356)) - b25f22f8-54cc-4ffd-bfcd-179cc8cbd7fc@group-49987F7A8A7C: set configuration 1: [d3dffc06-1d6a-4f7a-8294-c2dc8ce35b40:192.168.30.53:33785, 7df38282-3a3d-4206-964a-9b3301cd1d1f:192.168.30.53:34960, b25f22f8-54cc-4ffd-bfcd-179cc8cbd7fc:192.168.30.53:42549], old=null at 1
2019-10-02 10:56:28,448 [grpc-default-executor-4] INFO  impl.RaftServerImpl (ServerState.java:setLeader(255)) - 7df38282-3a3d-4206-964a-9b3301cd1d1f@group-49987F7A8A7C: change Leader from null to b25f22f8-54cc-4ffd-bfcd-179cc8cbd7fc at term 2 for appendEntries, leader elected after 40ms
2019-10-02 10:56:28,473 [grpc-default-executor-2] WARN  server.GrpcLogAppender (LogUtils.java:warn(134)) - b25f22f8-54cc-4ffd-bfcd-179cc8cbd7fc@group-49987F7A8A7C->d3dffc06-1d6a-4f7a-8294-c2dc8ce35b40-AppendLogResponseHandler: Failed appendEntries: org.apache.ratis.thirdparty.io.grpc.StatusRuntimeException: UNAVAILABLE: io exception
2019-10-02 10:56:28,483 [grpc-default-executor-2] INFO  impl.FollowerInfo (FollowerInfo.java:lambda$new$0(51)) - b25f22f8-54cc-4ffd-bfcd-179cc8cbd7fc@group-49987F7A8A7C->d3dffc06-1d6a-4f7a-8294-c2dc8ce35b40: nextIndex: updateUnconditionally 1 -> 0
2019-10-02 10:56:28,485 [grpc-default-executor-2] INFO  impl.RaftServerImpl (ServerState.java:setRaftConf(356)) - 7df38282-3a3d-4206-964a-9b3301cd1d1f@group-49987F7A8A7C: set configuration 1: [d3dffc06-1d6a-4f7a-8294-c2dc8ce35b40:192.168.30.53:33785, 7df38282-3a3d-4206-964a-9b3301cd1d1f:192.168.30.53:34960, b25f22f8-54cc-4ffd-bfcd-179cc8cbd7fc:192.168.30.53:42549], old=null at 1
2019-10-02 10:56:28,486 [grpc-default-executor-2] INFO  segmented.SegmentedRaftLogWorker (SegmentedRaftLogWorker.java:rollLogSegment(390)) - 7df38282-3a3d-4206-964a-9b3301cd1d1f@group-49987F7A8A7C-SegmentedRaftLogWorker: Rolling segment log-0_0 to index:0
2019-10-02 10:56:28,492 [7df38282-3a3d-4206-964a-9b3301cd1d1f@group-49987F7A8A7C-SegmentedRaftLogWorker] INFO  segmented.SegmentedRaftLogWorker (SegmentedRaftLogWorker.java:execute(531)) - 7df38282-3a3d-4206-964a-9b3301cd1d1f@group-49987F7A8A7C-SegmentedRaftLogWorker: Rolled log segment from /workdir/hadoop-ozone/integration-test/target/test-dir/MiniOzoneClusterImpl-5f261223-23be-4c6b-a914-4b08f19f7d30/datanode-0/data/ratis/d9cbc56a-6e37-401e-a144-49987f7a8a7c/current/log_inprogress_0 to /workdir/hadoop-ozone/integration-test/target/test-dir/MiniOzoneClusterImpl-5f261223-23be-4c6b-a914-4b08f19f7d30/datanode-0/data/ratis/d9cbc56a-6e37-401e-a144-49987f7a8a7c/current/log_0-0
2019-10-02 10:56:28,500 [b25f22f8-54cc-4ffd-bfcd-179cc8cbd7fc@group-49987F7A8A7C-SegmentedRaftLogWorker] INFO  segmented.SegmentedRaftLogWorker (SegmentedRaftLogWorker.java:execute(574)) - b25f22f8-54cc-4ffd-bfcd-179cc8cbd7fc@group-49987F7A8A7C-SegmentedRaftLogWorker: created new log segment /workdir/hadoop-ozone/integration-test/target/test-dir/MiniOzoneClusterImpl-5f261223-23be-4c6b-a914-4b08f19f7d30/datanode-7/data/ratis/d9cbc56a-6e37-401e-a144-49987f7a8a7c/current/log_inprogress_1
2019-10-02 10:56:28,542 [7df38282-3a3d-4206-964a-9b3301cd1d1f@group-49987F7A8A7C-SegmentedRaftLogWorker] INFO  segmented.SegmentedRaftLogWorker (SegmentedRaftLogWorker.java:execute(574)) - 7df38282-3a3d-4206-964a-9b3301cd1d1f@group-49987F7A8A7C-SegmentedRaftLogWorker: created new log segment /workdir/hadoop-ozone/integration-test/target/test-dir/MiniOzoneClusterImpl-5f261223-23be-4c6b-a914-4b08f19f7d30/datanode-0/data/ratis/d9cbc56a-6e37-401e-a144-49987f7a8a7c/current/log_inprogress_1
2019-10-02 10:56:28,562 [grpc-default-executor-3] WARN  server.GrpcLogAppender (LogUtils.java:warn(134)) - b25f22f8-54cc-4ffd-bfcd-179cc8cbd7fc@group-49987F7A8A7C->d3dffc06-1d6a-4f7a-8294-c2dc8ce35b40-AppendLogResponseHandler: Failed appendEntries: org.apache.ratis.thirdparty.io.grpc.StatusRuntimeException: UNAVAILABLE: io exception
2019-10-02 10:56:28,565 [grpc-default-executor-3] INFO  impl.FollowerInfo (FollowerInfo.java:lambda$new$0(51)) - b25f22f8-54cc-4ffd-bfcd-179cc8cbd7fc@group-49987F7A8A7C->d3dffc06-1d6a-4f7a-8294-c2dc8ce35b40: nextIndex: updateUnconditionally 1 -> 0
2019-10-02 10:56:28,574 [grpc-default-executor-2] WARN  server.GrpcLogAppender (LogUtils.java:warn(134)) - b25f22f8-54cc-4ffd-bfcd-179cc8cbd7fc@group-49987F7A8A7C->d3dffc06-1d6a-4f7a-8294-c2dc8ce35b40-AppendLogResponseHandler: Failed appendEntries: org.apache.ratis.thirdparty.io.grpc.StatusRuntimeException: UNAVAILABLE: io exception
2019-10-02 10:56:28,580 [grpc-default-executor-2] INFO  impl.FollowerInfo (FollowerInfo.java:lambda$new$0(51)) - b25f22f8-54cc-4ffd-bfcd-179cc8cbd7fc@group-49987F7A8A7C->d3dffc06-1d6a-4f7a-8294-c2dc8ce35b40: nextIndex: updateUnconditionally 1 -> 0
2019-10-02 10:56:28,675 [grpc-default-executor-4] WARN  server.GrpcLogAppender (LogUtils.java:warn(134)) - 7df38282-3a3d-4206-964a-9b3301cd1d1f@group-C476C2B24A7C->d3dffc06-1d6a-4f7a-8294-c2dc8ce35b40-AppendLogResponseHandler: Failed appendEntries: org.apache.ratis.thirdparty.io.grpc.StatusRuntimeException: UNAVAILABLE: io exception
2019-10-02 10:56:28,678 [grpc-default-executor-4] INFO  impl.FollowerInfo (FollowerInfo.java:lambda$new$0(51)) - 7df38282-3a3d-4206-964a-9b3301cd1d1f@group-C476C2B24A7C->d3dffc06-1d6a-4f7a-8294-c2dc8ce35b40: nextIndex: updateUnconditionally 0 -> 0
2019-10-02 10:56:28,796 [grpc-default-executor-2] WARN  server.GrpcLogAppender (LogUtils.java:warn(134)) - 7df38282-3a3d-4206-964a-9b3301cd1d1f@group-1A77BEA84F5E->d3dffc06-1d6a-4f7a-8294-c2dc8ce35b40-AppendLogResponseHandler: Failed appendEntries: org.apache.ratis.thirdparty.io.grpc.StatusRuntimeException: UNAVAILABLE: io exception
2019-10-02 10:56:28,800 [grpc-default-executor-2] INFO  impl.FollowerInfo (FollowerInfo.java:lambda$new$0(51)) - 7df38282-3a3d-4206-964a-9b3301cd1d1f@group-1A77BEA84F5E->d3dffc06-1d6a-4f7a-8294-c2dc8ce35b40: nextIndex: updateUnconditionally 0 -> 0
2019-10-02 10:56:28,879 [grpc-default-executor-3] WARN  server.GrpcLogAppender (LogUtils.java:warn(134)) - 7df38282-3a3d-4206-964a-9b3301cd1d1f@group-6128F9235CFD->d3dffc06-1d6a-4f7a-8294-c2dc8ce35b40-AppendLogResponseHandler: Failed appendEntries: org.apache.ratis.thirdparty.io.grpc.StatusRuntimeException: UNAVAILABLE: io exception
2019-10-02 10:56:28,879 [grpc-default-executor-4] WARN  server.GrpcLogAppender (LogUtils.java:warn(134)) - 7df38282-3a3d-4206-964a-9b3301cd1d1f@group-BE47439FB225->d3dffc06-1d6a-4f7a-8294-c2dc8ce35b40-AppendLogResponseHandler: Failed appendEntries: org.apache.ratis.thirdparty.io.grpc.StatusRuntimeException: UNAVAILABLE: io exception
2019-10-02 10:56:28,882 [grpc-default-executor-3] INFO  impl.FollowerInfo (FollowerInfo.java:lambda$new$0(51)) - 7df38282-3a3d-4206-964a-9b3301cd1d1f@group-6128F9235CFD->d3dffc06-1d6a-4f7a-8294-c2dc8ce35b40: nextIndex: updateUnconditionally 0 -> 0
2019-10-02 10:56:28,882 [grpc-default-executor-4] INFO  impl.FollowerInfo (FollowerInfo.java:lambda$new$0(51)) - 7df38282-3a3d-4206-964a-9b3301cd1d1f@group-BE47439FB225->d3dffc06-1d6a-4f7a-8294-c2dc8ce35b40: nextIndex: updateUnconditionally 0 -> 0
2019-10-02 10:56:28,915 [grpc-default-executor-4] WARN  server.GrpcLogAppender (LogUtils.java:warn(134)) - b25f22f8-54cc-4ffd-bfcd-179cc8cbd7fc@group-6B83A71B3C43->d3dffc06-1d6a-4f7a-8294-c2dc8ce35b40-AppendLogResponseHandler: Failed appendEntries: org.apache.ratis.thirdparty.io.grpc.StatusRuntimeException: UNAVAILABLE: io exception
2019-10-02 10:56:28,918 [grpc-default-executor-4] INFO  impl.FollowerInfo (FollowerInfo.java:lambda$new$0(51)) - b25f22f8-54cc-4ffd-bfcd-179cc8cbd7fc@group-6B83A71B3C43->d3dffc06-1d6a-4f7a-8294-c2dc8ce35b40: nextIndex: updateUnconditionally 0 -> 0
2019-10-02 10:56:29,080 [grpc-default-executor-2] WARN  server.GrpcLogAppender (LogUtils.java:warn(134)) - b25f22f8-54cc-4ffd-bfcd-179cc8cbd7fc@group-49987F7A8A7C->d3dffc06-1d6a-4f7a-8294-c2dc8ce35b40-AppendLogResponseHandler: Failed appendEntries: org.apache.ratis.thirdparty.io.grpc.StatusRuntimeException: UNAVAILABLE: io exception
2019-10-02 10:56:29,084 [grpc-default-executor-2] INFO  impl.FollowerInfo (FollowerInfo.java:lambda$new$0(51)) - b25f22f8-54cc-4ffd-bfcd-179cc8cbd7fc@group-49987F7A8A7C->d3dffc06-1d6a-4f7a-8294-c2dc8ce35b40: nextIndex: updateUnconditionally 0 -> 0
2019-10-02 10:56:29,174 [grpc-default-executor-6] WARN  server.GrpcLogAppender (LogUtils.java:warn(134)) - 7df38282-3a3d-4206-964a-9b3301cd1d1f@group-C476C2B24A7C->d3dffc06-1d6a-4f7a-8294-c2dc8ce35b40-AppendLogResponseHandler: Failed appendEntries: org.apache.ratis.thirdparty.io.grpc.StatusRuntimeException: UNAVAILABLE: io exception
2019-10-02 10:56:29,178 [grpc-default-executor-6] INFO  impl.FollowerInfo (FollowerInfo.java:lambda$new$0(51)) - 7df38282-3a3d-4206-964a-9b3301cd1d1f@group-C476C2B24A7C->d3dffc06-1d6a-4f7a-8294-c2dc8ce35b40: nextIndex: updateUnconditionally 0 -> 0
2019-10-02 10:56:29,201 [Thread-719] INFO  impl.FollowerState (FollowerState.java:run(108)) - 7df38282-3a3d-4206-964a-9b3301cd1d1f@group-ABAF19C3FAB0-FollowerState: change to CANDIDATE, lastRpcTime:1007ms, electionTimeout:1003ms
2019-10-02 10:56:29,201 [Thread-719] INFO  impl.RoleInfo (RoleInfo.java:shutdownFollowerState(121)) - 7df38282-3a3d-4206-964a-9b3301cd1d1f: shutdown FollowerState
2019-10-02 10:56:29,201 [Thread-719] INFO  impl.RaftServerImpl (RaftServerImpl.java:setRole(170)) - 7df38282-3a3d-4206-964a-9b3301cd1d1f@group-ABAF19C3FAB0: changes role from  FOLLOWER to CANDIDATE at term 6 for changeToCandidate
2019-10-02 10:56:29,202 [Thread-719] INFO  impl.RoleInfo (RoleInfo.java:updateAndGet(143)) - 7df38282-3a3d-4206-964a-9b3301cd1d1f: start LeaderElection
2019-10-02 10:56:29,238 [7df38282-3a3d-4206-964a-9b3301cd1d1f@group-ABAF19C3FAB0-LeaderElection43] INFO  impl.LeaderElection (LeaderElection.java:askForVotes(178)) - 7df38282-3a3d-4206-964a-9b3301cd1d1f@group-ABAF19C3FAB0-LeaderElection43: begin an election at term 7 for 0: [d3dffc06-1d6a-4f7a-8294-c2dc8ce35b40:192.168.30.53:33785, 7df38282-3a3d-4206-964a-9b3301cd1d1f:192.168.30.53:34960, b25f22f8-54cc-4ffd-bfcd-179cc8cbd7fc:192.168.30.53:42549], old=null
2019-10-02 10:56:29,252 [7df38282-3a3d-4206-964a-9b3301cd1d1f@group-ABAF19C3FAB0-LeaderElection43] INFO  impl.LeaderElection (LogUtils.java:infoOrTrace(149)) - 7df38282-3a3d-4206-964a-9b3301cd1d1f@group-ABAF19C3FAB0-LeaderElection43 got exception when requesting votes: {}
java.util.concurrent.ExecutionException: org.apache.ratis.thirdparty.io.grpc.StatusRuntimeException: UNAVAILABLE: io exception
	at java.util.concurrent.FutureTask.report(FutureTask.java:122)
	at java.util.concurrent.FutureTask.get(FutureTask.java:192)
	at org.apache.ratis.server.impl.LeaderElection.waitForResults(LeaderElection.java:259)
	at org.apache.ratis.server.impl.LeaderElection.askForVotes(LeaderElection.java:197)
	at org.apache.ratis.server.impl.LeaderElection.run(LeaderElection.java:133)
	at java.lang.Thread.run(Thread.java:748)
Caused by: org.apache.ratis.thirdparty.io.grpc.StatusRuntimeException: UNAVAILABLE: io exception
	at org.apache.ratis.thirdparty.io.grpc.stub.ClientCalls.toStatusRuntimeException(ClientCalls.java:233)
	at org.apache.ratis.thirdparty.io.grpc.stub.ClientCalls.getUnchecked(ClientCalls.java:214)
	at org.apache.ratis.thirdparty.io.grpc.stub.ClientCalls.blockingUnaryCall(ClientCalls.java:139)
	at org.apache.ratis.proto.grpc.RaftServerProtocolServiceGrpc$RaftServerProtocolServiceBlockingStub.requestVote(RaftServerProtocolServiceGrpc.java:265)
	at org.apache.ratis.grpc.server.GrpcServerProtocolClient.requestVote(GrpcServerProtocolClient.java:99)
	at org.apache.ratis.grpc.server.GrpcService.requestVote(GrpcService.java:204)
	at org.apache.ratis.server.impl.LeaderElection.lambda$submitRequests$1(LeaderElection.java:234)
	at java.util.concurrent.FutureTask.run(FutureTask.java:266)
	at java.util.concurrent.Executors$RunnableAdapter.call(Executors.java:511)
	at java.util.concurrent.FutureTask.run(FutureTask.java:266)
	at java.util.concurrent.ThreadPoolExecutor.runWorker(ThreadPoolExecutor.java:1149)
	at java.util.concurrent.ThreadPoolExecutor$Worker.run(ThreadPoolExecutor.java:624)
	... 1 more
Caused by: org.apache.ratis.thirdparty.io.netty.channel.AbstractChannel$AnnotatedConnectException: Connection refused: /192.168.30.53:33785
	at sun.nio.ch.SocketChannelImpl.checkConnect(Native Method)
	at sun.nio.ch.SocketChannelImpl.finishConnect(SocketChannelImpl.java:717)
	at org.apache.ratis.thirdparty.io.netty.channel.socket.nio.NioSocketChannel.doFinishConnect(NioSocketChannel.java:327)
	at org.apache.ratis.thirdparty.io.netty.channel.nio.AbstractNioChannel$AbstractNioUnsafe.finishConnect(AbstractNioChannel.java:340)
	at org.apache.ratis.thirdparty.io.netty.channel.nio.NioEventLoop.processSelectedKey(NioEventLoop.java:632)
	at org.apache.ratis.thirdparty.io.netty.channel.nio.NioEventLoop.processSelectedKeysOptimized(NioEventLoop.java:579)
	at org.apache.ratis.thirdparty.io.netty.channel.nio.NioEventLoop.processSelectedKeys(NioEventLoop.java:496)
	at org.apache.ratis.thirdparty.io.netty.channel.nio.NioEventLoop.run(NioEventLoop.java:458)
	at org.apache.ratis.thirdparty.io.netty.util.concurrent.SingleThreadEventExecutor$5.run(SingleThreadEventExecutor.java:897)
	at org.apache.ratis.thirdparty.io.netty.util.concurrent.FastThreadLocalRunnable.run(FastThreadLocalRunnable.java:30)
	... 1 more
Caused by: java.net.ConnectException: Connection refused
	... 11 more
2019-10-02 10:56:29,256 [grpc-default-executor-6] INFO  impl.RaftServerImpl (RaftServerImpl.java:setRole(170)) - b25f22f8-54cc-4ffd-bfcd-179cc8cbd7fc@group-ABAF19C3FAB0: changes role from  FOLLOWER to FOLLOWER at term 7 for recognizeCandidate:7df38282-3a3d-4206-964a-9b3301cd1d1f
2019-10-02 10:56:29,256 [grpc-default-executor-6] INFO  impl.RoleInfo (RoleInfo.java:shutdownFollowerState(121)) - b25f22f8-54cc-4ffd-bfcd-179cc8cbd7fc: shutdown FollowerState
2019-10-02 10:56:29,256 [grpc-default-executor-6] INFO  impl.RoleInfo (RoleInfo.java:updateAndGet(143)) - b25f22f8-54cc-4ffd-bfcd-179cc8cbd7fc: start FollowerState
2019-10-02 10:56:29,256 [Thread-720] INFO  impl.FollowerState (FollowerState.java:run(117)) - b25f22f8-54cc-4ffd-bfcd-179cc8cbd7fc@group-ABAF19C3FAB0-FollowerState was interrupted: java.lang.InterruptedException: sleep interrupted
2019-10-02 10:56:29,286 [7df38282-3a3d-4206-964a-9b3301cd1d1f@group-ABAF19C3FAB0-LeaderElection43] INFO  impl.LeaderElection (LeaderElection.java:logAndReturn(56)) - 7df38282-3a3d-4206-964a-9b3301cd1d1f@group-ABAF19C3FAB0-LeaderElection43: Election PASSED; received 1 response(s) [7df38282-3a3d-4206-964a-9b3301cd1d1f<-b25f22f8-54cc-4ffd-bfcd-179cc8cbd7fc#0:OK-t7] and 1 exception(s); 7df38282-3a3d-4206-964a-9b3301cd1d1f@group-ABAF19C3FAB0:t7, leader=null, voted=7df38282-3a3d-4206-964a-9b3301cd1d1f, raftlog=7df38282-3a3d-4206-964a-9b3301cd1d1f@group-ABAF19C3FAB0-SegmentedRaftLog:OPENED:c0,f0,i0, conf=0: [d3dffc06-1d6a-4f7a-8294-c2dc8ce35b40:192.168.30.53:33785, 7df38282-3a3d-4206-964a-9b3301cd1d1f:192.168.30.53:34960, b25f22f8-54cc-4ffd-bfcd-179cc8cbd7fc:192.168.30.53:42549], old=null
2019-10-02 10:56:29,287 [7df38282-3a3d-4206-964a-9b3301cd1d1f@group-ABAF19C3FAB0-LeaderElection43] INFO  impl.LeaderElection (LogUtils.java:infoOrTrace(149)) -   Exception 0: {}
java.util.concurrent.ExecutionException: org.apache.ratis.thirdparty.io.grpc.StatusRuntimeException: UNAVAILABLE: io exception
	at java.util.concurrent.FutureTask.report(FutureTask.java:122)
	at java.util.concurrent.FutureTask.get(FutureTask.java:192)
	at org.apache.ratis.server.impl.LeaderElection.waitForResults(LeaderElection.java:259)
	at org.apache.ratis.server.impl.LeaderElection.askForVotes(LeaderElection.java:197)
	at org.apache.ratis.server.impl.LeaderElection.run(LeaderElection.java:133)
	at java.lang.Thread.run(Thread.java:748)
Caused by: org.apache.ratis.thirdparty.io.grpc.StatusRuntimeException: UNAVAILABLE: io exception
	at org.apache.ratis.thirdparty.io.grpc.stub.ClientCalls.toStatusRuntimeException(ClientCalls.java:233)
	at org.apache.ratis.thirdparty.io.grpc.stub.ClientCalls.getUnchecked(ClientCalls.java:214)
	at org.apache.ratis.thirdparty.io.grpc.stub.ClientCalls.blockingUnaryCall(ClientCalls.java:139)
	at org.apache.ratis.proto.grpc.RaftServerProtocolServiceGrpc$RaftServerProtocolServiceBlockingStub.requestVote(RaftServerProtocolServiceGrpc.java:265)
	at org.apache.ratis.grpc.server.GrpcServerProtocolClient.requestVote(GrpcServerProtocolClient.java:99)
	at org.apache.ratis.grpc.server.GrpcService.requestVote(GrpcService.java:204)
	at org.apache.ratis.server.impl.LeaderElection.lambda$submitRequests$1(LeaderElection.java:234)
	at java.util.concurrent.FutureTask.run(FutureTask.java:266)
	at java.util.concurrent.Executors$RunnableAdapter.call(Executors.java:511)
	at java.util.concurrent.FutureTask.run(FutureTask.java:266)
	at java.util.concurrent.ThreadPoolExecutor.runWorker(ThreadPoolExecutor.java:1149)
	at java.util.concurrent.ThreadPoolExecutor$Worker.run(ThreadPoolExecutor.java:624)
	... 1 more
Caused by: org.apache.ratis.thirdparty.io.netty.channel.AbstractChannel$AnnotatedConnectException: Connection refused: /192.168.30.53:33785
	at sun.nio.ch.SocketChannelImpl.checkConnect(Native Method)
	at sun.nio.ch.SocketChannelImpl.finishConnect(SocketChannelImpl.java:717)
	at org.apache.ratis.thirdparty.io.netty.channel.socket.nio.NioSocketChannel.doFinishConnect(NioSocketChannel.java:327)
	at org.apache.ratis.thirdparty.io.netty.channel.nio.AbstractNioChannel$AbstractNioUnsafe.finishConnect(AbstractNioChannel.java:340)
	at org.apache.ratis.thirdparty.io.netty.channel.nio.NioEventLoop.processSelectedKey(NioEventLoop.java:632)
	at org.apache.ratis.thirdparty.io.netty.channel.nio.NioEventLoop.processSelectedKeysOptimized(NioEventLoop.java:579)
	at org.apache.ratis.thirdparty.io.netty.channel.nio.NioEventLoop.processSelectedKeys(NioEventLoop.java:496)
	at org.apache.ratis.thirdparty.io.netty.channel.nio.NioEventLoop.run(NioEventLoop.java:458)
	at org.apache.ratis.thirdparty.io.netty.util.concurrent.SingleThreadEventExecutor$5.run(SingleThreadEventExecutor.java:897)
	at org.apache.ratis.thirdparty.io.netty.util.concurrent.FastThreadLocalRunnable.run(FastThreadLocalRunnable.java:30)
	... 1 more
Caused by: java.net.ConnectException: Connection refused
	... 11 more
2019-10-02 10:56:29,287 [7df38282-3a3d-4206-964a-9b3301cd1d1f@group-ABAF19C3FAB0-LeaderElection43] INFO  impl.RoleInfo (RoleInfo.java:shutdownLeaderElection(134)) - 7df38282-3a3d-4206-964a-9b3301cd1d1f: shutdown LeaderElection
2019-10-02 10:56:29,288 [7df38282-3a3d-4206-964a-9b3301cd1d1f@group-ABAF19C3FAB0-LeaderElection43] INFO  impl.RaftServerImpl (RaftServerImpl.java:setRole(170)) - 7df38282-3a3d-4206-964a-9b3301cd1d1f@group-ABAF19C3FAB0: changes role from CANDIDATE to LEADER at term 7 for changeToLeader
2019-10-02 10:56:29,288 [7df38282-3a3d-4206-964a-9b3301cd1d1f@group-ABAF19C3FAB0-LeaderElection43] INFO  impl.RaftServerImpl (ServerState.java:setLeader(255)) - 7df38282-3a3d-4206-964a-9b3301cd1d1f@group-ABAF19C3FAB0: change Leader from null to 7df38282-3a3d-4206-964a-9b3301cd1d1f at term 7 for becomeLeader, leader elected after 1124ms
2019-10-02 10:56:29,288 [7df38282-3a3d-4206-964a-9b3301cd1d1f@group-ABAF19C3FAB0-LeaderElection43] INFO  server.RaftServerConfigKeys (ConfUtils.java:logGet(43)) - raft.server.staging.catchup.gap = 1000 (default)
2019-10-02 10:56:29,288 [7df38282-3a3d-4206-964a-9b3301cd1d1f@group-ABAF19C3FAB0-LeaderElection43] INFO  server.RaftServerConfigKeys (ConfUtils.java:logGet(43)) - raft.server.rpc.sleep.time = 25ms (default)
2019-10-02 10:56:29,288 [7df38282-3a3d-4206-964a-9b3301cd1d1f@group-ABAF19C3FAB0-LeaderElection43] INFO  server.RaftServerConfigKeys (ConfUtils.java:logGet(43)) - raft.server.write.element-limit = 4096 (default)
2019-10-02 10:56:29,289 [7df38282-3a3d-4206-964a-9b3301cd1d1f@group-ABAF19C3FAB0-LeaderElection43] INFO  server.RaftServerConfigKeys (ConfUtils.java:logGet(43)) - raft.server.watch.timeout = 10s (default)
2019-10-02 10:56:29,289 [7df38282-3a3d-4206-964a-9b3301cd1d1f@group-ABAF19C3FAB0-LeaderElection43] INFO  server.RaftServerConfigKeys (ConfUtils.java:logGet(43)) - raft.server.watch.timeout.denomination = 1s (default)
2019-10-02 10:56:29,289 [7df38282-3a3d-4206-964a-9b3301cd1d1f@group-ABAF19C3FAB0-LeaderElection43] INFO  server.RaftServerConfigKeys (ConfUtils.java:logGet(43)) - raft.server.watch.element-limit = 65536 (default)
2019-10-02 10:56:29,291 [7df38282-3a3d-4206-964a-9b3301cd1d1f@group-ABAF19C3FAB0-LeaderElection43] INFO  server.RaftServerConfigKeys (ConfUtils.java:logGet(43)) - raft.server.log.appender.snapshot.chunk.size.max = 16MB (=16777216) (default)
2019-10-02 10:56:29,291 [7df38282-3a3d-4206-964a-9b3301cd1d1f@group-ABAF19C3FAB0-LeaderElection43] INFO  server.RaftServerConfigKeys (ConfUtils.java:logGet(43)) - raft.server.log.appender.buffer.byte-limit = 33554432 (custom)
2019-10-02 10:56:29,292 [7df38282-3a3d-4206-964a-9b3301cd1d1f@group-ABAF19C3FAB0-LeaderElection43] INFO  server.RaftServerConfigKeys (ConfUtils.java:logGet(43)) - raft.server.log.appender.buffer.element-limit = 1 (custom)
2019-10-02 10:56:29,292 [7df38282-3a3d-4206-964a-9b3301cd1d1f@group-ABAF19C3FAB0-LeaderElection43] INFO  grpc.GrpcConfigKeys$Server (ConfUtils.java:logGet(43)) - raft.grpc.server.leader.outstanding.appends.max = 128 (default)
2019-10-02 10:56:29,292 [7df38282-3a3d-4206-964a-9b3301cd1d1f@group-ABAF19C3FAB0-LeaderElection43] INFO  server.RaftServerConfigKeys (ConfUtils.java:logGet(43)) - raft.server.rpc.request.timeout = 3000ms (default)
2019-10-02 10:56:29,292 [7df38282-3a3d-4206-964a-9b3301cd1d1f@group-ABAF19C3FAB0-LeaderElection43] INFO  server.RaftServerConfigKeys (ConfUtils.java:logGet(43)) - raft.server.log.appender.install.snapshot.enabled = false (custom)
2019-10-02 10:56:29,292 [7df38282-3a3d-4206-964a-9b3301cd1d1f@group-ABAF19C3FAB0-LeaderElection43] INFO  server.RaftServerConfigKeys (ConfUtils.java:logGet(43)) - raft.server.log.appender.snapshot.chunk.size.max = 16MB (=16777216) (default)
2019-10-02 10:56:29,293 [7df38282-3a3d-4206-964a-9b3301cd1d1f@group-ABAF19C3FAB0-LeaderElection43] INFO  server.RaftServerConfigKeys (ConfUtils.java:logGet(43)) - raft.server.log.appender.buffer.byte-limit = 33554432 (custom)
2019-10-02 10:56:29,293 [7df38282-3a3d-4206-964a-9b3301cd1d1f@group-ABAF19C3FAB0-LeaderElection43] INFO  server.RaftServerConfigKeys (ConfUtils.java:logGet(43)) - raft.server.log.appender.buffer.element-limit = 1 (custom)
2019-10-02 10:56:29,293 [7df38282-3a3d-4206-964a-9b3301cd1d1f@group-ABAF19C3FAB0-LeaderElection43] INFO  grpc.GrpcConfigKeys$Server (ConfUtils.java:logGet(43)) - raft.grpc.server.leader.outstanding.appends.max = 128 (default)
2019-10-02 10:56:29,293 [7df38282-3a3d-4206-964a-9b3301cd1d1f@group-ABAF19C3FAB0-LeaderElection43] INFO  server.RaftServerConfigKeys (ConfUtils.java:logGet(43)) - raft.server.rpc.request.timeout = 3000ms (default)
2019-10-02 10:56:29,293 [7df38282-3a3d-4206-964a-9b3301cd1d1f@group-ABAF19C3FAB0-LeaderElection43] INFO  server.RaftServerConfigKeys (ConfUtils.java:logGet(43)) - raft.server.log.appender.install.snapshot.enabled = false (custom)
2019-10-02 10:56:29,294 [7df38282-3a3d-4206-964a-9b3301cd1d1f@group-ABAF19C3FAB0-LeaderElection43] INFO  impl.RoleInfo (RoleInfo.java:updateAndGet(143)) - 7df38282-3a3d-4206-964a-9b3301cd1d1f: start LeaderState
2019-10-02 10:56:29,294 [7df38282-3a3d-4206-964a-9b3301cd1d1f@group-ABAF19C3FAB0-LeaderElection43] INFO  segmented.SegmentedRaftLogWorker (SegmentedRaftLogWorker.java:rollLogSegment(390)) - 7df38282-3a3d-4206-964a-9b3301cd1d1f@group-ABAF19C3FAB0-SegmentedRaftLogWorker: Rolling segment log-0_0 to index:0
2019-10-02 10:56:29,294 [grpc-default-executor-6] WARN  server.GrpcLogAppender (LogUtils.java:warn(134)) - 7df38282-3a3d-4206-964a-9b3301cd1d1f@group-1A77BEA84F5E->d3dffc06-1d6a-4f7a-8294-c2dc8ce35b40-AppendLogResponseHandler: Failed appendEntries: org.apache.ratis.thirdparty.io.grpc.StatusRuntimeException: UNAVAILABLE: io exception
2019-10-02 10:56:29,300 [grpc-default-executor-6] INFO  impl.FollowerInfo (FollowerInfo.java:lambda$new$0(51)) - 7df38282-3a3d-4206-964a-9b3301cd1d1f@group-1A77BEA84F5E->d3dffc06-1d6a-4f7a-8294-c2dc8ce35b40: nextIndex: updateUnconditionally 0 -> 0
2019-10-02 10:56:29,300 [7df38282-3a3d-4206-964a-9b3301cd1d1f@group-ABAF19C3FAB0-SegmentedRaftLogWorker] INFO  segmented.SegmentedRaftLogWorker (SegmentedRaftLogWorker.java:execute(531)) - 7df38282-3a3d-4206-964a-9b3301cd1d1f@group-ABAF19C3FAB0-SegmentedRaftLogWorker: Rolled log segment from /workdir/hadoop-ozone/integration-test/target/test-dir/MiniOzoneClusterImpl-5f261223-23be-4c6b-a914-4b08f19f7d30/datanode-0/data/ratis/de56a06a-588d-4871-b7e3-abaf19c3fab0/current/log_inprogress_0 to /workdir/hadoop-ozone/integration-test/target/test-dir/MiniOzoneClusterImpl-5f261223-23be-4c6b-a914-4b08f19f7d30/datanode-0/data/ratis/de56a06a-588d-4871-b7e3-abaf19c3fab0/current/log_0-0
2019-10-02 10:56:29,301 [7df38282-3a3d-4206-964a-9b3301cd1d1f@group-ABAF19C3FAB0-LeaderElection43] INFO  impl.RaftServerImpl (ServerState.java:setRaftConf(356)) - 7df38282-3a3d-4206-964a-9b3301cd1d1f@group-ABAF19C3FAB0: set configuration 1: [d3dffc06-1d6a-4f7a-8294-c2dc8ce35b40:192.168.30.53:33785, 7df38282-3a3d-4206-964a-9b3301cd1d1f:192.168.30.53:34960, b25f22f8-54cc-4ffd-bfcd-179cc8cbd7fc:192.168.30.53:42549], old=null at 1
2019-10-02 10:56:29,339 [grpc-default-executor-6] INFO  impl.RaftServerImpl (ServerState.java:setLeader(255)) - b25f22f8-54cc-4ffd-bfcd-179cc8cbd7fc@group-ABAF19C3FAB0: change Leader from null to 7df38282-3a3d-4206-964a-9b3301cd1d1f at term 7 for appendEntries, leader elected after 1180ms
2019-10-02 10:56:29,342 [grpc-default-executor-3] WARN  server.GrpcLogAppender (LogUtils.java:warn(134)) - 7df38282-3a3d-4206-964a-9b3301cd1d1f@group-ABAF19C3FAB0->d3dffc06-1d6a-4f7a-8294-c2dc8ce35b40-AppendLogResponseHandler: Failed appendEntries: org.apache.ratis.thirdparty.io.grpc.StatusRuntimeException: UNAVAILABLE: io exception
2019-10-02 10:56:29,345 [grpc-default-executor-3] INFO  impl.FollowerInfo (FollowerInfo.java:lambda$new$0(51)) - 7df38282-3a3d-4206-964a-9b3301cd1d1f@group-ABAF19C3FAB0->d3dffc06-1d6a-4f7a-8294-c2dc8ce35b40: nextIndex: updateUnconditionally 1 -> 0
2019-10-02 10:56:29,347 [grpc-default-executor-3] INFO  impl.RaftServerImpl (ServerState.java:setRaftConf(356)) - b25f22f8-54cc-4ffd-bfcd-179cc8cbd7fc@group-ABAF19C3FAB0: set configuration 1: [d3dffc06-1d6a-4f7a-8294-c2dc8ce35b40:192.168.30.53:33785, 7df38282-3a3d-4206-964a-9b3301cd1d1f:192.168.30.53:34960, b25f22f8-54cc-4ffd-bfcd-179cc8cbd7fc:192.168.30.53:42549], old=null at 1
2019-10-02 10:56:29,348 [grpc-default-executor-3] INFO  segmented.SegmentedRaftLogWorker (SegmentedRaftLogWorker.java:rollLogSegment(390)) - b25f22f8-54cc-4ffd-bfcd-179cc8cbd7fc@group-ABAF19C3FAB0-SegmentedRaftLogWorker: Rolling segment log-0_0 to index:0
2019-10-02 10:56:29,348 [b25f22f8-54cc-4ffd-bfcd-179cc8cbd7fc@group-ABAF19C3FAB0-SegmentedRaftLogWorker] INFO  segmented.SegmentedRaftLogWorker (SegmentedRaftLogWorker.java:execute(531)) - b25f22f8-54cc-4ffd-bfcd-179cc8cbd7fc@group-ABAF19C3FAB0-SegmentedRaftLogWorker: Rolled log segment from /workdir/hadoop-ozone/integration-test/target/test-dir/MiniOzoneClusterImpl-5f261223-23be-4c6b-a914-4b08f19f7d30/datanode-7/data/ratis/de56a06a-588d-4871-b7e3-abaf19c3fab0/current/log_inprogress_0 to /workdir/hadoop-ozone/integration-test/target/test-dir/MiniOzoneClusterImpl-5f261223-23be-4c6b-a914-4b08f19f7d30/datanode-7/data/ratis/de56a06a-588d-4871-b7e3-abaf19c3fab0/current/log_0-0
2019-10-02 10:56:29,356 [grpc-default-executor-4] WARN  server.GrpcLogAppender (LogUtils.java:warn(134)) - 7df38282-3a3d-4206-964a-9b3301cd1d1f@group-6128F9235CFD->d3dffc06-1d6a-4f7a-8294-c2dc8ce35b40-AppendLogResponseHandler: Failed appendEntries: org.apache.ratis.thirdparty.io.grpc.StatusRuntimeException: UNAVAILABLE: io exception
2019-10-02 10:56:29,384 [grpc-default-executor-4] INFO  impl.FollowerInfo (FollowerInfo.java:lambda$new$0(51)) - 7df38282-3a3d-4206-964a-9b3301cd1d1f@group-6128F9235CFD->d3dffc06-1d6a-4f7a-8294-c2dc8ce35b40: nextIndex: updateUnconditionally 0 -> 0
2019-10-02 10:56:29,386 [7df38282-3a3d-4206-964a-9b3301cd1d1f@group-ABAF19C3FAB0-SegmentedRaftLogWorker] INFO  segmented.SegmentedRaftLogWorker (SegmentedRaftLogWorker.java:execute(574)) - 7df38282-3a3d-4206-964a-9b3301cd1d1f@group-ABAF19C3FAB0-SegmentedRaftLogWorker: created new log segment /workdir/hadoop-ozone/integration-test/target/test-dir/MiniOzoneClusterImpl-5f261223-23be-4c6b-a914-4b08f19f7d30/datanode-0/data/ratis/de56a06a-588d-4871-b7e3-abaf19c3fab0/current/log_inprogress_1
2019-10-02 10:56:29,387 [grpc-default-executor-8] WARN  server.GrpcLogAppender (LogUtils.java:warn(134)) - 7df38282-3a3d-4206-964a-9b3301cd1d1f@group-BE47439FB225->d3dffc06-1d6a-4f7a-8294-c2dc8ce35b40-AppendLogResponseHandler: Failed appendEntries: org.apache.ratis.thirdparty.io.grpc.StatusRuntimeException: UNAVAILABLE: io exception
2019-10-02 10:56:29,405 [grpc-default-executor-8] INFO  impl.FollowerInfo (FollowerInfo.java:lambda$new$0(51)) - 7df38282-3a3d-4206-964a-9b3301cd1d1f@group-BE47439FB225->d3dffc06-1d6a-4f7a-8294-c2dc8ce35b40: nextIndex: updateUnconditionally 0 -> 0
2019-10-02 10:56:29,410 [b25f22f8-54cc-4ffd-bfcd-179cc8cbd7fc@group-ABAF19C3FAB0-SegmentedRaftLogWorker] INFO  segmented.SegmentedRaftLogWorker (SegmentedRaftLogWorker.java:execute(574)) - b25f22f8-54cc-4ffd-bfcd-179cc8cbd7fc@group-ABAF19C3FAB0-SegmentedRaftLogWorker: created new log segment /workdir/hadoop-ozone/integration-test/target/test-dir/MiniOzoneClusterImpl-5f261223-23be-4c6b-a914-4b08f19f7d30/datanode-7/data/ratis/de56a06a-588d-4871-b7e3-abaf19c3fab0/current/log_inprogress_1
2019-10-02 10:56:29,415 [grpc-default-executor-6] WARN  server.GrpcLogAppender (LogUtils.java:warn(134)) - b25f22f8-54cc-4ffd-bfcd-179cc8cbd7fc@group-6B83A71B3C43->d3dffc06-1d6a-4f7a-8294-c2dc8ce35b40-AppendLogResponseHandler: Failed appendEntries: org.apache.ratis.thirdparty.io.grpc.StatusRuntimeException: UNAVAILABLE: io exception
2019-10-02 10:56:29,417 [grpc-default-executor-6] INFO  impl.FollowerInfo (FollowerInfo.java:lambda$new$0(51)) - b25f22f8-54cc-4ffd-bfcd-179cc8cbd7fc@group-6B83A71B3C43->d3dffc06-1d6a-4f7a-8294-c2dc8ce35b40: nextIndex: updateUnconditionally 0 -> 0
2019-10-02 10:56:29,421 [grpc-default-executor-8] WARN  server.GrpcLogAppender (LogUtils.java:warn(134)) - 7df38282-3a3d-4206-964a-9b3301cd1d1f@group-ABAF19C3FAB0->d3dffc06-1d6a-4f7a-8294-c2dc8ce35b40-AppendLogResponseHandler: Failed appendEntries: org.apache.ratis.thirdparty.io.grpc.StatusRuntimeException: UNAVAILABLE: io exception
2019-10-02 10:56:29,424 [grpc-default-executor-8] INFO  impl.FollowerInfo (FollowerInfo.java:lambda$new$0(51)) - 7df38282-3a3d-4206-964a-9b3301cd1d1f@group-ABAF19C3FAB0->d3dffc06-1d6a-4f7a-8294-c2dc8ce35b40: nextIndex: updateUnconditionally 1 -> 0
2019-10-02 10:56:29,435 [grpc-default-executor-6] WARN  server.GrpcLogAppender (LogUtils.java:warn(134)) - 7df38282-3a3d-4206-964a-9b3301cd1d1f@group-ABAF19C3FAB0->d3dffc06-1d6a-4f7a-8294-c2dc8ce35b40-AppendLogResponseHandler: Failed appendEntries: org.apache.ratis.thirdparty.io.grpc.StatusRuntimeException: UNAVAILABLE: io exception
2019-10-02 10:56:29,438 [grpc-default-executor-6] INFO  impl.FollowerInfo (FollowerInfo.java:lambda$new$0(51)) - 7df38282-3a3d-4206-964a-9b3301cd1d1f@group-ABAF19C3FAB0->d3dffc06-1d6a-4f7a-8294-c2dc8ce35b40: nextIndex: updateUnconditionally 1 -> 0
2019-10-02 10:56:29,580 [grpc-default-executor-3] WARN  server.GrpcLogAppender (LogUtils.java:warn(134)) - b25f22f8-54cc-4ffd-bfcd-179cc8cbd7fc@group-49987F7A8A7C->d3dffc06-1d6a-4f7a-8294-c2dc8ce35b40-AppendLogResponseHandler: Failed appendEntries: org.apache.ratis.thirdparty.io.grpc.StatusRuntimeException: UNAVAILABLE: io exception
2019-10-02 10:56:29,585 [grpc-default-executor-3] INFO  impl.FollowerInfo (FollowerInfo.java:lambda$new$0(51)) - b25f22f8-54cc-4ffd-bfcd-179cc8cbd7fc@group-49987F7A8A7C->d3dffc06-1d6a-4f7a-8294-c2dc8ce35b40: nextIndex: updateUnconditionally 0 -> 0
2019-10-02 10:56:29,675 [grpc-default-executor-3] WARN  server.GrpcLogAppender (LogUtils.java:warn(134)) - 7df38282-3a3d-4206-964a-9b3301cd1d1f@group-C476C2B24A7C->d3dffc06-1d6a-4f7a-8294-c2dc8ce35b40-AppendLogResponseHandler: Failed appendEntries: org.apache.ratis.thirdparty.io.grpc.StatusRuntimeException: UNAVAILABLE: io exception
2019-10-02 10:56:29,679 [grpc-default-executor-3] INFO  impl.FollowerInfo (FollowerInfo.java:lambda$new$0(51)) - 7df38282-3a3d-4206-964a-9b3301cd1d1f@group-C476C2B24A7C->d3dffc06-1d6a-4f7a-8294-c2dc8ce35b40: nextIndex: updateUnconditionally 0 -> 0
2019-10-02 10:56:29,797 [grpc-default-executor-3] WARN  server.GrpcLogAppender (LogUtils.java:warn(134)) - 7df38282-3a3d-4206-964a-9b3301cd1d1f@group-1A77BEA84F5E->d3dffc06-1d6a-4f7a-8294-c2dc8ce35b40-AppendLogResponseHandler: Failed appendEntries: org.apache.ratis.thirdparty.io.grpc.StatusRuntimeException: UNAVAILABLE: io exception
2019-10-02 10:56:29,801 [grpc-default-executor-3] INFO  impl.FollowerInfo (FollowerInfo.java:lambda$new$0(51)) - 7df38282-3a3d-4206-964a-9b3301cd1d1f@group-1A77BEA84F5E->d3dffc06-1d6a-4f7a-8294-c2dc8ce35b40: nextIndex: updateUnconditionally 0 -> 0
2019-10-02 10:56:29,857 [grpc-default-executor-3] WARN  server.GrpcLogAppender (LogUtils.java:warn(134)) - 7df38282-3a3d-4206-964a-9b3301cd1d1f@group-6128F9235CFD->d3dffc06-1d6a-4f7a-8294-c2dc8ce35b40-AppendLogResponseHandler: Failed appendEntries: org.apache.ratis.thirdparty.io.grpc.StatusRuntimeException: UNAVAILABLE: io exception
2019-10-02 10:56:29,861 [grpc-default-executor-3] INFO  impl.FollowerInfo (FollowerInfo.java:lambda$new$0(51)) - 7df38282-3a3d-4206-964a-9b3301cd1d1f@group-6128F9235CFD->d3dffc06-1d6a-4f7a-8294-c2dc8ce35b40: nextIndex: updateUnconditionally 0 -> 0
2019-10-02 10:56:29,888 [grpc-default-executor-6] WARN  server.GrpcLogAppender (LogUtils.java:warn(134)) - 7df38282-3a3d-4206-964a-9b3301cd1d1f@group-BE47439FB225->d3dffc06-1d6a-4f7a-8294-c2dc8ce35b40-AppendLogResponseHandler: Failed appendEntries: org.apache.ratis.thirdparty.io.grpc.StatusRuntimeException: UNAVAILABLE: io exception
2019-10-02 10:56:29,899 [grpc-default-executor-6] INFO  impl.FollowerInfo (FollowerInfo.java:lambda$new$0(51)) - 7df38282-3a3d-4206-964a-9b3301cd1d1f@group-BE47439FB225->d3dffc06-1d6a-4f7a-8294-c2dc8ce35b40: nextIndex: updateUnconditionally 0 -> 0
2019-10-02 10:56:29,916 [grpc-default-executor-8] WARN  server.GrpcLogAppender (LogUtils.java:warn(134)) - b25f22f8-54cc-4ffd-bfcd-179cc8cbd7fc@group-6B83A71B3C43->d3dffc06-1d6a-4f7a-8294-c2dc8ce35b40-AppendLogResponseHandler: Failed appendEntries: org.apache.ratis.thirdparty.io.grpc.StatusRuntimeException: UNAVAILABLE: io exception
2019-10-02 10:56:29,917 [grpc-default-executor-8] INFO  impl.FollowerInfo (FollowerInfo.java:lambda$new$0(51)) - b25f22f8-54cc-4ffd-bfcd-179cc8cbd7fc@group-6B83A71B3C43->d3dffc06-1d6a-4f7a-8294-c2dc8ce35b40: nextIndex: updateUnconditionally 0 -> 0
2019-10-02 10:56:29,936 [grpc-default-executor-3] WARN  server.GrpcLogAppender (LogUtils.java:warn(134)) - 7df38282-3a3d-4206-964a-9b3301cd1d1f@group-ABAF19C3FAB0->d3dffc06-1d6a-4f7a-8294-c2dc8ce35b40-AppendLogResponseHandler: Failed appendEntries: org.apache.ratis.thirdparty.io.grpc.StatusRuntimeException: UNAVAILABLE: io exception
2019-10-02 10:56:29,936 [grpc-default-executor-3] INFO  impl.FollowerInfo (FollowerInfo.java:lambda$new$0(51)) - 7df38282-3a3d-4206-964a-9b3301cd1d1f@group-ABAF19C3FAB0->d3dffc06-1d6a-4f7a-8294-c2dc8ce35b40: nextIndex: updateUnconditionally 0 -> 0
2019-10-02 10:56:30,080 [grpc-default-executor-6] WARN  server.GrpcLogAppender (LogUtils.java:warn(134)) - b25f22f8-54cc-4ffd-bfcd-179cc8cbd7fc@group-49987F7A8A7C->d3dffc06-1d6a-4f7a-8294-c2dc8ce35b40-AppendLogResponseHandler: Failed appendEntries: org.apache.ratis.thirdparty.io.grpc.StatusRuntimeException: UNAVAILABLE: io exception
2019-10-02 10:56:30,081 [grpc-default-executor-6] INFO  impl.FollowerInfo (FollowerInfo.java:lambda$new$0(51)) - b25f22f8-54cc-4ffd-bfcd-179cc8cbd7fc@group-49987F7A8A7C->d3dffc06-1d6a-4f7a-8294-c2dc8ce35b40: nextIndex: updateUnconditionally 0 -> 0
2019-10-02 10:56:30,176 [grpc-default-executor-8] WARN  server.GrpcLogAppender (LogUtils.java:warn(134)) - 7df38282-3a3d-4206-964a-9b3301cd1d1f@group-C476C2B24A7C->d3dffc06-1d6a-4f7a-8294-c2dc8ce35b40-AppendLogResponseHandler: Failed appendEntries: org.apache.ratis.thirdparty.io.grpc.StatusRuntimeException: UNAVAILABLE: io exception
2019-10-02 10:56:30,176 [grpc-default-executor-8] INFO  impl.FollowerInfo (FollowerInfo.java:lambda$new$0(51)) - 7df38282-3a3d-4206-964a-9b3301cd1d1f@group-C476C2B24A7C->d3dffc06-1d6a-4f7a-8294-c2dc8ce35b40: nextIndex: updateUnconditionally 0 -> 0
2019-10-02 10:56:30,320 [grpc-default-executor-3] WARN  server.GrpcLogAppender (LogUtils.java:warn(134)) - 7df38282-3a3d-4206-964a-9b3301cd1d1f@group-1A77BEA84F5E->d3dffc06-1d6a-4f7a-8294-c2dc8ce35b40-AppendLogResponseHandler: Failed appendEntries: org.apache.ratis.thirdparty.io.grpc.StatusRuntimeException: UNAVAILABLE: io exception
2019-10-02 10:56:30,320 [grpc-default-executor-3] INFO  impl.FollowerInfo (FollowerInfo.java:lambda$new$0(51)) - 7df38282-3a3d-4206-964a-9b3301cd1d1f@group-1A77BEA84F5E->d3dffc06-1d6a-4f7a-8294-c2dc8ce35b40: nextIndex: updateUnconditionally 0 -> 0
2019-10-02 10:56:30,358 [grpc-default-executor-6] WARN  server.GrpcLogAppender (LogUtils.java:warn(134)) - 7df38282-3a3d-4206-964a-9b3301cd1d1f@group-6128F9235CFD->d3dffc06-1d6a-4f7a-8294-c2dc8ce35b40-AppendLogResponseHandler: Failed appendEntries: org.apache.ratis.thirdparty.io.grpc.StatusRuntimeException: UNAVAILABLE: io exception
2019-10-02 10:56:30,359 [grpc-default-executor-6] INFO  impl.FollowerInfo (FollowerInfo.java:lambda$new$0(51)) - 7df38282-3a3d-4206-964a-9b3301cd1d1f@group-6128F9235CFD->d3dffc06-1d6a-4f7a-8294-c2dc8ce35b40: nextIndex: updateUnconditionally 0 -> 0
2019-10-02 10:56:30,390 [grpc-default-executor-8] WARN  server.GrpcLogAppender (LogUtils.java:warn(134)) - 7df38282-3a3d-4206-964a-9b3301cd1d1f@group-BE47439FB225->d3dffc06-1d6a-4f7a-8294-c2dc8ce35b40-AppendLogResponseHandler: Failed appendEntries: org.apache.ratis.thirdparty.io.grpc.StatusRuntimeException: UNAVAILABLE: io exception
2019-10-02 10:56:30,390 [grpc-default-executor-8] INFO  impl.FollowerInfo (FollowerInfo.java:lambda$new$0(51)) - 7df38282-3a3d-4206-964a-9b3301cd1d1f@group-BE47439FB225->d3dffc06-1d6a-4f7a-8294-c2dc8ce35b40: nextIndex: updateUnconditionally 0 -> 0
2019-10-02 10:56:30,417 [grpc-default-executor-3] WARN  server.GrpcLogAppender (LogUtils.java:warn(134)) - b25f22f8-54cc-4ffd-bfcd-179cc8cbd7fc@group-6B83A71B3C43->d3dffc06-1d6a-4f7a-8294-c2dc8ce35b40-AppendLogResponseHandler: Failed appendEntries: org.apache.ratis.thirdparty.io.grpc.StatusRuntimeException: UNAVAILABLE: io exception
2019-10-02 10:56:30,417 [grpc-default-executor-3] INFO  impl.FollowerInfo (FollowerInfo.java:lambda$new$0(51)) - b25f22f8-54cc-4ffd-bfcd-179cc8cbd7fc@group-6B83A71B3C43->d3dffc06-1d6a-4f7a-8294-c2dc8ce35b40: nextIndex: updateUnconditionally 0 -> 0
2019-10-02 10:56:30,437 [grpc-default-executor-6] WARN  server.GrpcLogAppender (LogUtils.java:warn(134)) - 7df38282-3a3d-4206-964a-9b3301cd1d1f@group-ABAF19C3FAB0->d3dffc06-1d6a-4f7a-8294-c2dc8ce35b40-AppendLogResponseHandler: Failed appendEntries: org.apache.ratis.thirdparty.io.grpc.StatusRuntimeException: UNAVAILABLE: io exception
2019-10-02 10:56:30,438 [grpc-default-executor-6] INFO  impl.FollowerInfo (FollowerInfo.java:lambda$new$0(51)) - 7df38282-3a3d-4206-964a-9b3301cd1d1f@group-ABAF19C3FAB0->d3dffc06-1d6a-4f7a-8294-c2dc8ce35b40: nextIndex: updateUnconditionally 0 -> 0
2019-10-02 10:56:30,581 [grpc-default-executor-3] WARN  server.GrpcLogAppender (LogUtils.java:warn(134)) - b25f22f8-54cc-4ffd-bfcd-179cc8cbd7fc@group-49987F7A8A7C->d3dffc06-1d6a-4f7a-8294-c2dc8ce35b40-AppendLogResponseHandler: Failed appendEntries: org.apache.ratis.thirdparty.io.grpc.StatusRuntimeException: UNAVAILABLE: io exception
2019-10-02 10:56:30,582 [grpc-default-executor-3] INFO  impl.FollowerInfo (FollowerInfo.java:lambda$new$0(51)) - b25f22f8-54cc-4ffd-bfcd-179cc8cbd7fc@group-49987F7A8A7C->d3dffc06-1d6a-4f7a-8294-c2dc8ce35b40: nextIndex: updateUnconditionally 0 -> 0
2019-10-02 10:56:30,677 [grpc-default-executor-8] WARN  server.GrpcLogAppender (LogUtils.java:warn(134)) - 7df38282-3a3d-4206-964a-9b3301cd1d1f@group-C476C2B24A7C->d3dffc06-1d6a-4f7a-8294-c2dc8ce35b40-AppendLogResponseHandler: Failed appendEntries: org.apache.ratis.thirdparty.io.grpc.StatusRuntimeException: UNAVAILABLE: io exception
2019-10-02 10:56:30,677 [grpc-default-executor-8] INFO  impl.FollowerInfo (FollowerInfo.java:lambda$new$0(51)) - 7df38282-3a3d-4206-964a-9b3301cd1d1f@group-C476C2B24A7C->d3dffc06-1d6a-4f7a-8294-c2dc8ce35b40: nextIndex: updateUnconditionally 0 -> 0
2019-10-02 10:56:30,799 [grpc-default-executor-6] WARN  server.GrpcLogAppender (LogUtils.java:warn(134)) - 7df38282-3a3d-4206-964a-9b3301cd1d1f@group-1A77BEA84F5E->d3dffc06-1d6a-4f7a-8294-c2dc8ce35b40-AppendLogResponseHandler: Failed appendEntries: org.apache.ratis.thirdparty.io.grpc.StatusRuntimeException: UNAVAILABLE: io exception
2019-10-02 10:56:30,800 [grpc-default-executor-6] INFO  impl.FollowerInfo (FollowerInfo.java:lambda$new$0(51)) - 7df38282-3a3d-4206-964a-9b3301cd1d1f@group-1A77BEA84F5E->d3dffc06-1d6a-4f7a-8294-c2dc8ce35b40: nextIndex: updateUnconditionally 0 -> 0
2019-10-02 10:56:30,859 [grpc-default-executor-3] WARN  server.GrpcLogAppender (LogUtils.java:warn(134)) - 7df38282-3a3d-4206-964a-9b3301cd1d1f@group-6128F9235CFD->d3dffc06-1d6a-4f7a-8294-c2dc8ce35b40-AppendLogResponseHandler: Failed appendEntries: org.apache.ratis.thirdparty.io.grpc.StatusRuntimeException: UNAVAILABLE: io exception
2019-10-02 10:56:30,860 [grpc-default-executor-3] INFO  impl.FollowerInfo (FollowerInfo.java:lambda$new$0(51)) - 7df38282-3a3d-4206-964a-9b3301cd1d1f@group-6128F9235CFD->d3dffc06-1d6a-4f7a-8294-c2dc8ce35b40: nextIndex: updateUnconditionally 0 -> 0
2019-10-02 10:56:30,889 [grpc-default-executor-8] WARN  server.GrpcLogAppender (LogUtils.java:warn(134)) - 7df38282-3a3d-4206-964a-9b3301cd1d1f@group-BE47439FB225->d3dffc06-1d6a-4f7a-8294-c2dc8ce35b40-AppendLogResponseHandler: Failed appendEntries: org.apache.ratis.thirdparty.io.grpc.StatusRuntimeException: UNAVAILABLE: io exception
2019-10-02 10:56:30,890 [grpc-default-executor-8] INFO  impl.FollowerInfo (FollowerInfo.java:lambda$new$0(51)) - 7df38282-3a3d-4206-964a-9b3301cd1d1f@group-BE47439FB225->d3dffc06-1d6a-4f7a-8294-c2dc8ce35b40: nextIndex: updateUnconditionally 0 -> 0
2019-10-02 10:56:30,918 [grpc-default-executor-6] WARN  server.GrpcLogAppender (LogUtils.java:warn(134)) - b25f22f8-54cc-4ffd-bfcd-179cc8cbd7fc@group-6B83A71B3C43->d3dffc06-1d6a-4f7a-8294-c2dc8ce35b40-AppendLogResponseHandler: Failed appendEntries: org.apache.ratis.thirdparty.io.grpc.StatusRuntimeException: UNAVAILABLE: io exception
2019-10-02 10:56:30,918 [grpc-default-executor-6] INFO  impl.FollowerInfo (FollowerInfo.java:lambda$new$0(51)) - b25f22f8-54cc-4ffd-bfcd-179cc8cbd7fc@group-6B83A71B3C43->d3dffc06-1d6a-4f7a-8294-c2dc8ce35b40: nextIndex: updateUnconditionally 0 -> 0
2019-10-02 10:56:30,938 [grpc-default-executor-8] WARN  server.GrpcLogAppender (LogUtils.java:warn(134)) - 7df38282-3a3d-4206-964a-9b3301cd1d1f@group-ABAF19C3FAB0->d3dffc06-1d6a-4f7a-8294-c2dc8ce35b40-AppendLogResponseHandler: Failed appendEntries: org.apache.ratis.thirdparty.io.grpc.StatusRuntimeException: UNAVAILABLE: io exception
2019-10-02 10:56:30,939 [grpc-default-executor-8] INFO  impl.FollowerInfo (FollowerInfo.java:lambda$new$0(51)) - 7df38282-3a3d-4206-964a-9b3301cd1d1f@group-ABAF19C3FAB0->d3dffc06-1d6a-4f7a-8294-c2dc8ce35b40: nextIndex: updateUnconditionally 0 -> 0
2019-10-02 10:56:31,085 [grpc-default-executor-3] WARN  server.GrpcLogAppender (LogUtils.java:warn(134)) - b25f22f8-54cc-4ffd-bfcd-179cc8cbd7fc@group-49987F7A8A7C->d3dffc06-1d6a-4f7a-8294-c2dc8ce35b40-AppendLogResponseHandler: Failed appendEntries: org.apache.ratis.thirdparty.io.grpc.StatusRuntimeException: UNAVAILABLE: io exception
2019-10-02 10:56:31,085 [grpc-default-executor-3] INFO  impl.FollowerInfo (FollowerInfo.java:lambda$new$0(51)) - b25f22f8-54cc-4ffd-bfcd-179cc8cbd7fc@group-49987F7A8A7C->d3dffc06-1d6a-4f7a-8294-c2dc8ce35b40: nextIndex: updateUnconditionally 0 -> 0
2019-10-02 10:56:31,178 [grpc-default-executor-3] WARN  server.GrpcLogAppender (LogUtils.java:warn(134)) - 7df38282-3a3d-4206-964a-9b3301cd1d1f@group-C476C2B24A7C->d3dffc06-1d6a-4f7a-8294-c2dc8ce35b40-AppendLogResponseHandler: Failed appendEntries: org.apache.ratis.thirdparty.io.grpc.StatusRuntimeException: UNAVAILABLE: io exception
2019-10-02 10:56:31,178 [grpc-default-executor-3] INFO  impl.FollowerInfo (FollowerInfo.java:lambda$new$0(51)) - 7df38282-3a3d-4206-964a-9b3301cd1d1f@group-C476C2B24A7C->d3dffc06-1d6a-4f7a-8294-c2dc8ce35b40: nextIndex: updateUnconditionally 0 -> 0
2019-10-02 10:56:31,300 [grpc-default-executor-8] WARN  server.GrpcLogAppender (LogUtils.java:warn(134)) - 7df38282-3a3d-4206-964a-9b3301cd1d1f@group-1A77BEA84F5E->d3dffc06-1d6a-4f7a-8294-c2dc8ce35b40-AppendLogResponseHandler: Failed appendEntries: org.apache.ratis.thirdparty.io.grpc.StatusRuntimeException: UNAVAILABLE: io exception
2019-10-02 10:56:31,300 [grpc-default-executor-8] INFO  impl.FollowerInfo (FollowerInfo.java:lambda$new$0(51)) - 7df38282-3a3d-4206-964a-9b3301cd1d1f@group-1A77BEA84F5E->d3dffc06-1d6a-4f7a-8294-c2dc8ce35b40: nextIndex: updateUnconditionally 0 -> 0
2019-10-02 10:56:31,360 [grpc-default-executor-6] WARN  server.GrpcLogAppender (LogUtils.java:warn(134)) - 7df38282-3a3d-4206-964a-9b3301cd1d1f@group-6128F9235CFD->d3dffc06-1d6a-4f7a-8294-c2dc8ce35b40-AppendLogResponseHandler: Failed appendEntries: org.apache.ratis.thirdparty.io.grpc.StatusRuntimeException: UNAVAILABLE: io exception
2019-10-02 10:56:31,361 [grpc-default-executor-6] INFO  impl.FollowerInfo (FollowerInfo.java:lambda$new$0(51)) - 7df38282-3a3d-4206-964a-9b3301cd1d1f@group-6128F9235CFD->d3dffc06-1d6a-4f7a-8294-c2dc8ce35b40: nextIndex: updateUnconditionally 0 -> 0
2019-10-02 10:56:31,391 [grpc-default-executor-3] WARN  server.GrpcLogAppender (LogUtils.java:warn(134)) - 7df38282-3a3d-4206-964a-9b3301cd1d1f@group-BE47439FB225->d3dffc06-1d6a-4f7a-8294-c2dc8ce35b40-AppendLogResponseHandler: Failed appendEntries: org.apache.ratis.thirdparty.io.grpc.StatusRuntimeException: UNAVAILABLE: io exception
2019-10-02 10:56:31,392 [grpc-default-executor-3] INFO  impl.FollowerInfo (FollowerInfo.java:lambda$new$0(51)) - 7df38282-3a3d-4206-964a-9b3301cd1d1f@group-BE47439FB225->d3dffc06-1d6a-4f7a-8294-c2dc8ce35b40: nextIndex: updateUnconditionally 0 -> 0
2019-10-02 10:56:31,418 [grpc-default-executor-8] WARN  server.GrpcLogAppender (LogUtils.java:warn(134)) - b25f22f8-54cc-4ffd-bfcd-179cc8cbd7fc@group-6B83A71B3C43->d3dffc06-1d6a-4f7a-8294-c2dc8ce35b40-AppendLogResponseHandler: Failed appendEntries: org.apache.ratis.thirdparty.io.grpc.StatusRuntimeException: UNAVAILABLE: io exception
2019-10-02 10:56:31,418 [grpc-default-executor-8] INFO  impl.FollowerInfo (FollowerInfo.java:lambda$new$0(51)) - b25f22f8-54cc-4ffd-bfcd-179cc8cbd7fc@group-6B83A71B3C43->d3dffc06-1d6a-4f7a-8294-c2dc8ce35b40: nextIndex: updateUnconditionally 0 -> 0
2019-10-02 10:56:31,438 [grpc-default-executor-8] WARN  server.GrpcLogAppender (LogUtils.java:warn(134)) - 7df38282-3a3d-4206-964a-9b3301cd1d1f@group-ABAF19C3FAB0->d3dffc06-1d6a-4f7a-8294-c2dc8ce35b40-AppendLogResponseHandler: Failed appendEntries: org.apache.ratis.thirdparty.io.grpc.StatusRuntimeException: UNAVAILABLE: io exception
2019-10-02 10:56:31,439 [grpc-default-executor-8] INFO  impl.FollowerInfo (FollowerInfo.java:lambda$new$0(51)) - 7df38282-3a3d-4206-964a-9b3301cd1d1f@group-ABAF19C3FAB0->d3dffc06-1d6a-4f7a-8294-c2dc8ce35b40: nextIndex: updateUnconditionally 0 -> 0
2019-10-02 10:56:31,586 [grpc-default-executor-3] WARN  server.GrpcLogAppender (LogUtils.java:warn(134)) - b25f22f8-54cc-4ffd-bfcd-179cc8cbd7fc@group-49987F7A8A7C->d3dffc06-1d6a-4f7a-8294-c2dc8ce35b40-AppendLogResponseHandler: Failed appendEntries: org.apache.ratis.thirdparty.io.grpc.StatusRuntimeException: UNAVAILABLE: io exception
2019-10-02 10:56:31,587 [grpc-default-executor-3] INFO  impl.FollowerInfo (FollowerInfo.java:lambda$new$0(51)) - b25f22f8-54cc-4ffd-bfcd-179cc8cbd7fc@group-49987F7A8A7C->d3dffc06-1d6a-4f7a-8294-c2dc8ce35b40: nextIndex: updateUnconditionally 0 -> 0
2019-10-02 10:56:31,678 [grpc-default-executor-6] WARN  server.GrpcLogAppender (LogUtils.java:warn(134)) - 7df38282-3a3d-4206-964a-9b3301cd1d1f@group-C476C2B24A7C->d3dffc06-1d6a-4f7a-8294-c2dc8ce35b40-AppendLogResponseHandler: Failed appendEntries: org.apache.ratis.thirdparty.io.grpc.StatusRuntimeException: UNAVAILABLE: io exception
2019-10-02 10:56:31,679 [grpc-default-executor-6] INFO  impl.FollowerInfo (FollowerInfo.java:lambda$new$0(51)) - 7df38282-3a3d-4206-964a-9b3301cd1d1f@group-C476C2B24A7C->d3dffc06-1d6a-4f7a-8294-c2dc8ce35b40: nextIndex: updateUnconditionally 0 -> 0
2019-10-02 10:56:31,801 [grpc-default-executor-8] WARN  server.GrpcLogAppender (LogUtils.java:warn(134)) - 7df38282-3a3d-4206-964a-9b3301cd1d1f@group-1A77BEA84F5E->d3dffc06-1d6a-4f7a-8294-c2dc8ce35b40-AppendLogResponseHandler: Failed appendEntries: org.apache.ratis.thirdparty.io.grpc.StatusRuntimeException: UNAVAILABLE: io exception
2019-10-02 10:56:31,801 [grpc-default-executor-8] INFO  impl.FollowerInfo (FollowerInfo.java:lambda$new$0(51)) - 7df38282-3a3d-4206-964a-9b3301cd1d1f@group-1A77BEA84F5E->d3dffc06-1d6a-4f7a-8294-c2dc8ce35b40: nextIndex: updateUnconditionally 0 -> 0
2019-10-02 10:56:31,861 [grpc-default-executor-8] WARN  server.GrpcLogAppender (LogUtils.java:warn(134)) - 7df38282-3a3d-4206-964a-9b3301cd1d1f@group-6128F9235CFD->d3dffc06-1d6a-4f7a-8294-c2dc8ce35b40-AppendLogResponseHandler: Failed appendEntries: org.apache.ratis.thirdparty.io.grpc.StatusRuntimeException: UNAVAILABLE: io exception
2019-10-02 10:56:31,862 [grpc-default-executor-8] INFO  impl.FollowerInfo (FollowerInfo.java:lambda$new$0(51)) - 7df38282-3a3d-4206-964a-9b3301cd1d1f@group-6128F9235CFD->d3dffc06-1d6a-4f7a-8294-c2dc8ce35b40: nextIndex: updateUnconditionally 0 -> 0
2019-10-02 10:56:31,892 [grpc-default-executor-3] WARN  server.GrpcLogAppender (LogUtils.java:warn(134)) - 7df38282-3a3d-4206-964a-9b3301cd1d1f@group-BE47439FB225->d3dffc06-1d6a-4f7a-8294-c2dc8ce35b40-AppendLogResponseHandler: Failed appendEntries: org.apache.ratis.thirdparty.io.grpc.StatusRuntimeException: UNAVAILABLE: io exception
2019-10-02 10:56:31,892 [grpc-default-executor-3] INFO  impl.FollowerInfo (FollowerInfo.java:lambda$new$0(51)) - 7df38282-3a3d-4206-964a-9b3301cd1d1f@group-BE47439FB225->d3dffc06-1d6a-4f7a-8294-c2dc8ce35b40: nextIndex: updateUnconditionally 0 -> 0
2019-10-02 10:56:31,919 [grpc-default-executor-8] WARN  server.GrpcLogAppender (LogUtils.java:warn(134)) - b25f22f8-54cc-4ffd-bfcd-179cc8cbd7fc@group-6B83A71B3C43->d3dffc06-1d6a-4f7a-8294-c2dc8ce35b40-AppendLogResponseHandler: Failed appendEntries: org.apache.ratis.thirdparty.io.grpc.StatusRuntimeException: UNAVAILABLE: io exception
2019-10-02 10:56:31,919 [grpc-default-executor-8] INFO  impl.FollowerInfo (FollowerInfo.java:lambda$new$0(51)) - b25f22f8-54cc-4ffd-bfcd-179cc8cbd7fc@group-6B83A71B3C43->d3dffc06-1d6a-4f7a-8294-c2dc8ce35b40: nextIndex: updateUnconditionally 0 -> 0
2019-10-02 10:56:31,940 [grpc-default-executor-6] WARN  server.GrpcLogAppender (LogUtils.java:warn(134)) - 7df38282-3a3d-4206-964a-9b3301cd1d1f@group-ABAF19C3FAB0->d3dffc06-1d6a-4f7a-8294-c2dc8ce35b40-AppendLogResponseHandler: Failed appendEntries: org.apache.ratis.thirdparty.io.grpc.StatusRuntimeException: UNAVAILABLE: io exception
2019-10-02 10:56:31,940 [grpc-default-executor-6] INFO  impl.FollowerInfo (FollowerInfo.java:lambda$new$0(51)) - 7df38282-3a3d-4206-964a-9b3301cd1d1f@group-ABAF19C3FAB0->d3dffc06-1d6a-4f7a-8294-c2dc8ce35b40: nextIndex: updateUnconditionally 0 -> 0
2019-10-02 10:56:32,087 [grpc-default-executor-3] WARN  server.GrpcLogAppender (LogUtils.java:warn(134)) - b25f22f8-54cc-4ffd-bfcd-179cc8cbd7fc@group-49987F7A8A7C->d3dffc06-1d6a-4f7a-8294-c2dc8ce35b40-AppendLogResponseHandler: Failed appendEntries: org.apache.ratis.thirdparty.io.grpc.StatusRuntimeException: UNAVAILABLE: io exception
2019-10-02 10:56:32,088 [grpc-default-executor-3] INFO  impl.FollowerInfo (FollowerInfo.java:lambda$new$0(51)) - b25f22f8-54cc-4ffd-bfcd-179cc8cbd7fc@group-49987F7A8A7C->d3dffc06-1d6a-4f7a-8294-c2dc8ce35b40: nextIndex: updateUnconditionally 0 -> 0
2019-10-02 10:56:32,089 [main] INFO  ozoneimpl.OzoneContainer (OzoneContainer.java:stop(231)) - Attempting to stop container services.
2019-10-02 10:56:32,089 [main] INFO  impl.RaftServerProxy (RaftServerProxy.java:lambda$close$4(314)) - 8a72c170-a9c5-4d45-8b78-a894de4c103c: close
2019-10-02 10:56:32,090 [main] INFO  impl.RaftServerImpl (RaftServerImpl.java:lambda$shutdown$3(247)) - 8a72c170-a9c5-4d45-8b78-a894de4c103c@group-646445554F53: shutdown
2019-10-02 10:56:32,090 [main] INFO  util.JmxRegister (JmxRegister.java:unregister(73)) - Successfully un-registered JMX Bean with object name Ratis:service=RaftServer,group=group-646445554F53,id=8a72c170-a9c5-4d45-8b78-a894de4c103c
2019-10-02 10:56:32,091 [main] INFO  impl.RoleInfo (RoleInfo.java:shutdownLeaderState(104)) - 8a72c170-a9c5-4d45-8b78-a894de4c103c: shutdown LeaderState
2019-10-02 10:56:32,091 [main] INFO  impl.PendingRequests (PendingRequests.java:sendNotLeaderResponses(202)) - 8a72c170-a9c5-4d45-8b78-a894de4c103c@group-646445554F53-PendingRequests: sendNotLeaderResponses
2019-10-02 10:56:32,091 [main] INFO  impl.StateMachineUpdater (StateMachineUpdater.java:stopAndJoin(136)) - 8a72c170-a9c5-4d45-8b78-a894de4c103c@group-646445554F53-StateMachineUpdater: set stopIndex = 0
2019-10-02 10:56:32,092 [main] INFO  impl.RaftServerImpl (ServerState.java:close(387)) - 8a72c170-a9c5-4d45-8b78-a894de4c103c@group-646445554F53: closes. applyIndex: 0
2019-10-02 10:56:32,092 [8a72c170-a9c5-4d45-8b78-a894de4c103c@group-646445554F53-SegmentedRaftLogWorker] INFO  segmented.SegmentedRaftLogWorker (SegmentedRaftLogWorker.java:run(316)) - 8a72c170-a9c5-4d45-8b78-a894de4c103c@group-646445554F53-SegmentedRaftLogWorker was interrupted, exiting. There are 0 tasks remaining in the queue.
2019-10-02 10:56:32,096 [main] INFO  segmented.SegmentedRaftLogWorker (SegmentedRaftLogWorker.java:close(224)) - 8a72c170-a9c5-4d45-8b78-a894de4c103c@group-646445554F53-SegmentedRaftLogWorker close()
2019-10-02 10:56:32,109 [main] INFO  server.GrpcService (GrpcService.java:closeImpl(164)) - 8a72c170-a9c5-4d45-8b78-a894de4c103c: shutdown server with port 42816 now
2019-10-02 10:56:32,112 [main] INFO  server.GrpcService (GrpcService.java:closeImpl(172)) - 8a72c170-a9c5-4d45-8b78-a894de4c103c: shutdown server with port 42816 successfully
2019-10-02 10:56:32,113 [ForkJoinPool.commonPool-worker-0] INFO  ozoneimpl.OzoneContainer (OzoneContainer.java:stop(231)) - Attempting to stop container services.
2019-10-02 10:56:32,114 [ForkJoinPool.commonPool-worker-0] INFO  impl.RaftServerProxy (RaftServerProxy.java:lambda$close$4(314)) - 29e87443-95b0-4e72-8a30-e6a8d307cc03: close
2019-10-02 10:56:32,114 [ForkJoinPool.commonPool-worker-0] INFO  impl.RaftServerImpl (RaftServerImpl.java:lambda$shutdown$3(247)) - 29e87443-95b0-4e72-8a30-e6a8d307cc03@group-D24086775EB0: shutdown
2019-10-02 10:56:32,114 [ForkJoinPool.commonPool-worker-0] INFO  util.JmxRegister (JmxRegister.java:unregister(73)) - Successfully un-registered JMX Bean with object name Ratis:service=RaftServer,group=group-D24086775EB0,id=29e87443-95b0-4e72-8a30-e6a8d307cc03
2019-10-02 10:56:32,114 [ForkJoinPool.commonPool-worker-0] INFO  impl.RoleInfo (RoleInfo.java:shutdownLeaderState(104)) - 29e87443-95b0-4e72-8a30-e6a8d307cc03: shutdown LeaderState
2019-10-02 10:56:32,115 [ForkJoinPool.commonPool-worker-0] INFO  impl.PendingRequests (PendingRequests.java:sendNotLeaderResponses(202)) - 29e87443-95b0-4e72-8a30-e6a8d307cc03@group-D24086775EB0-PendingRequests: sendNotLeaderResponses
2019-10-02 10:56:32,115 [ForkJoinPool.commonPool-worker-0] INFO  impl.StateMachineUpdater (StateMachineUpdater.java:stopAndJoin(136)) - 29e87443-95b0-4e72-8a30-e6a8d307cc03@group-D24086775EB0-StateMachineUpdater: set stopIndex = 0
2019-10-02 10:56:32,118 [ForkJoinPool.commonPool-worker-0] INFO  impl.RaftServerImpl (ServerState.java:close(387)) - 29e87443-95b0-4e72-8a30-e6a8d307cc03@group-D24086775EB0: closes. applyIndex: 0
2019-10-02 10:56:32,119 [29e87443-95b0-4e72-8a30-e6a8d307cc03@group-D24086775EB0-SegmentedRaftLogWorker] INFO  segmented.SegmentedRaftLogWorker (SegmentedRaftLogWorker.java:run(316)) - 29e87443-95b0-4e72-8a30-e6a8d307cc03@group-D24086775EB0-SegmentedRaftLogWorker was interrupted, exiting. There are 0 tasks remaining in the queue.
2019-10-02 10:56:32,120 [ForkJoinPool.commonPool-worker-0] INFO  segmented.SegmentedRaftLogWorker (SegmentedRaftLogWorker.java:close(224)) - 29e87443-95b0-4e72-8a30-e6a8d307cc03@group-D24086775EB0-SegmentedRaftLogWorker close()
2019-10-02 10:56:32,123 [refreshUsed-/workdir/hadoop-ozone/integration-test/target/test-dir/MiniOzoneClusterImpl-5f261223-23be-4c6b-a914-4b08f19f7d30/datanode-6/data/containers] WARN  fs.CachingGetSpaceUsed (CachingGetSpaceUsed.java:run(183)) - Thread Interrupted waiting to refresh disk information: sleep interrupted
2019-10-02 10:56:32,123 [ForkJoinPool.commonPool-worker-0] INFO  server.GrpcService (GrpcService.java:closeImpl(164)) - 29e87443-95b0-4e72-8a30-e6a8d307cc03: shutdown server with port 41099 now
2019-10-02 10:56:32,125 [ForkJoinPool.commonPool-worker-0] INFO  server.GrpcService (GrpcService.java:closeImpl(172)) - 29e87443-95b0-4e72-8a30-e6a8d307cc03: shutdown server with port 41099 successfully
2019-10-02 10:56:32,131 [refreshUsed-/workdir/hadoop-ozone/integration-test/target/test-dir/MiniOzoneClusterImpl-5f261223-23be-4c6b-a914-4b08f19f7d30/datanode-3/data/containers] WARN  fs.CachingGetSpaceUsed (CachingGetSpaceUsed.java:run(183)) - Thread Interrupted waiting to refresh disk information: sleep interrupted
2019-10-02 10:56:32,142 [main] INFO  utils.BackgroundService (BackgroundService.java:shutdown(148)) - Shutting down service BlockDeletingService
2019-10-02 10:56:32,149 [main] INFO  statemachine.DatanodeStateMachine (DatanodeStateMachine.java:stopDaemon(395)) - Ozone container server stopped.
2019-10-02 10:56:32,151 [main] INFO  handler.ContextHandler (ContextHandler.java:doStop(910)) - Stopped o.e.j.w.WebAppContext@489091bd{/,null,UNAVAILABLE}{/hddsDatanode}
2019-10-02 10:56:32,151 [ForkJoinPool.commonPool-worker-0] INFO  utils.BackgroundService (BackgroundService.java:shutdown(148)) - Shutting down service BlockDeletingService
2019-10-02 10:56:32,151 [main] INFO  server.AbstractConnector (AbstractConnector.java:doStop(318)) - Stopped ServerConnector@512d6e60{HTTP/1.1,[http/1.1]}{0.0.0.0:0}
2019-10-02 10:56:32,156 [main] INFO  handler.ContextHandler (ContextHandler.java:doStop(910)) - Stopped o.e.j.s.ServletContextHandler@8bd86c8{/static,jar:file:/home/user/.m2/repository/org/apache/hadoop/hadoop-hdds-container-service/0.5.0-SNAPSHOT/hadoop-hdds-container-service-0.5.0-SNAPSHOT.jar!/webapps/static,UNAVAILABLE}
2019-10-02 10:56:32,157 [ForkJoinPool.commonPool-worker-0] INFO  statemachine.DatanodeStateMachine (DatanodeStateMachine.java:stopDaemon(395)) - Ozone container server stopped.
2019-10-02 10:56:32,162 [main] INFO  handler.ContextHandler (ContextHandler.java:doStop(910)) - Stopped o.e.j.s.ServletContextHandler@4adc663e{/logs,file:///workdir/hadoop-ozone/integration-test/target/log,UNAVAILABLE}
2019-10-02 10:56:32,164 [ForkJoinPool.commonPool-worker-0] INFO  handler.ContextHandler (ContextHandler.java:doStop(910)) - Stopped o.e.j.w.WebAppContext@2f897dab{/,null,UNAVAILABLE}{/hddsDatanode}
2019-10-02 10:56:32,165 [ForkJoinPool.commonPool-worker-0] INFO  server.AbstractConnector (AbstractConnector.java:doStop(318)) - Stopped ServerConnector@d5d5353{HTTP/1.1,[http/1.1]}{0.0.0.0:0}
2019-10-02 10:56:32,167 [ForkJoinPool.commonPool-worker-0] INFO  handler.ContextHandler (ContextHandler.java:doStop(910)) - Stopped o.e.j.s.ServletContextHandler@20ab3e3a{/static,jar:file:/home/user/.m2/repository/org/apache/hadoop/hadoop-hdds-container-service/0.5.0-SNAPSHOT/hadoop-hdds-container-service-0.5.0-SNAPSHOT.jar!/webapps/static,UNAVAILABLE}
2019-10-02 10:56:32,169 [ForkJoinPool.commonPool-worker-0] INFO  handler.ContextHandler (ContextHandler.java:doStop(910)) - Stopped o.e.j.s.ServletContextHandler@4e1a46fb{/logs,file:///workdir/hadoop-ozone/integration-test/target/log,UNAVAILABLE}
2019-10-02 10:56:32,179 [grpc-default-executor-8] WARN  server.GrpcLogAppender (LogUtils.java:warn(134)) - 7df38282-3a3d-4206-964a-9b3301cd1d1f@group-C476C2B24A7C->d3dffc06-1d6a-4f7a-8294-c2dc8ce35b40-AppendLogResponseHandler: Failed appendEntries: org.apache.ratis.thirdparty.io.grpc.StatusRuntimeException: UNAVAILABLE: io exception
2019-10-02 10:56:32,180 [grpc-default-executor-8] INFO  impl.FollowerInfo (FollowerInfo.java:lambda$new$0(51)) - 7df38282-3a3d-4206-964a-9b3301cd1d1f@group-C476C2B24A7C->d3dffc06-1d6a-4f7a-8294-c2dc8ce35b40: nextIndex: updateUnconditionally 0 -> 0
2019-10-02 10:56:32,304 [grpc-default-executor-6] WARN  server.GrpcLogAppender (LogUtils.java:warn(134)) - 7df38282-3a3d-4206-964a-9b3301cd1d1f@group-1A77BEA84F5E->d3dffc06-1d6a-4f7a-8294-c2dc8ce35b40-AppendLogResponseHandler: Failed appendEntries: org.apache.ratis.thirdparty.io.grpc.StatusRuntimeException: UNAVAILABLE: io exception
2019-10-02 10:56:32,305 [grpc-default-executor-6] INFO  impl.FollowerInfo (FollowerInfo.java:lambda$new$0(51)) - 7df38282-3a3d-4206-964a-9b3301cd1d1f@group-1A77BEA84F5E->d3dffc06-1d6a-4f7a-8294-c2dc8ce35b40: nextIndex: updateUnconditionally 0 -> 0
2019-10-02 10:56:32,362 [grpc-default-executor-3] WARN  server.GrpcLogAppender (LogUtils.java:warn(134)) - 7df38282-3a3d-4206-964a-9b3301cd1d1f@group-6128F9235CFD->d3dffc06-1d6a-4f7a-8294-c2dc8ce35b40-AppendLogResponseHandler: Failed appendEntries: org.apache.ratis.thirdparty.io.grpc.StatusRuntimeException: UNAVAILABLE: io exception
2019-10-02 10:56:32,363 [grpc-default-executor-3] INFO  impl.FollowerInfo (FollowerInfo.java:lambda$new$0(51)) - 7df38282-3a3d-4206-964a-9b3301cd1d1f@group-6128F9235CFD->d3dffc06-1d6a-4f7a-8294-c2dc8ce35b40: nextIndex: updateUnconditionally 0 -> 0
2019-10-02 10:56:32,392 [grpc-default-executor-8] WARN  server.GrpcLogAppender (LogUtils.java:warn(134)) - 7df38282-3a3d-4206-964a-9b3301cd1d1f@group-BE47439FB225->d3dffc06-1d6a-4f7a-8294-c2dc8ce35b40-AppendLogResponseHandler: Failed appendEntries: org.apache.ratis.thirdparty.io.grpc.StatusRuntimeException: UNAVAILABLE: io exception
2019-10-02 10:56:32,393 [grpc-default-executor-8] INFO  impl.FollowerInfo (FollowerInfo.java:lambda$new$0(51)) - 7df38282-3a3d-4206-964a-9b3301cd1d1f@group-BE47439FB225->d3dffc06-1d6a-4f7a-8294-c2dc8ce35b40: nextIndex: updateUnconditionally 0 -> 0
2019-10-02 10:56:32,420 [grpc-default-executor-2] WARN  server.GrpcLogAppender (LogUtils.java:warn(134)) - b25f22f8-54cc-4ffd-bfcd-179cc8cbd7fc@group-6B83A71B3C43->d3dffc06-1d6a-4f7a-8294-c2dc8ce35b40-AppendLogResponseHandler: Failed appendEntries: org.apache.ratis.thirdparty.io.grpc.StatusRuntimeException: UNAVAILABLE: io exception
2019-10-02 10:56:32,421 [grpc-default-executor-2] INFO  impl.FollowerInfo (FollowerInfo.java:lambda$new$0(51)) - b25f22f8-54cc-4ffd-bfcd-179cc8cbd7fc@group-6B83A71B3C43->d3dffc06-1d6a-4f7a-8294-c2dc8ce35b40: nextIndex: updateUnconditionally 0 -> 0
2019-10-02 10:56:32,440 [grpc-default-executor-8] WARN  server.GrpcLogAppender (LogUtils.java:warn(134)) - 7df38282-3a3d-4206-964a-9b3301cd1d1f@group-ABAF19C3FAB0->d3dffc06-1d6a-4f7a-8294-c2dc8ce35b40-AppendLogResponseHandler: Failed appendEntries: org.apache.ratis.thirdparty.io.grpc.StatusRuntimeException: UNAVAILABLE: io exception
2019-10-02 10:56:32,441 [grpc-default-executor-8] INFO  impl.FollowerInfo (FollowerInfo.java:lambda$new$0(51)) - 7df38282-3a3d-4206-964a-9b3301cd1d1f@group-ABAF19C3FAB0->d3dffc06-1d6a-4f7a-8294-c2dc8ce35b40: nextIndex: updateUnconditionally 0 -> 0
2019-10-02 10:56:32,589 [grpc-default-executor-4] WARN  server.GrpcLogAppender (LogUtils.java:warn(134)) - b25f22f8-54cc-4ffd-bfcd-179cc8cbd7fc@group-49987F7A8A7C->d3dffc06-1d6a-4f7a-8294-c2dc8ce35b40-AppendLogResponseHandler: Failed appendEntries: org.apache.ratis.thirdparty.io.grpc.StatusRuntimeException: UNAVAILABLE: io exception
2019-10-02 10:56:32,589 [grpc-default-executor-4] INFO  impl.FollowerInfo (FollowerInfo.java:lambda$new$0(51)) - b25f22f8-54cc-4ffd-bfcd-179cc8cbd7fc@group-49987F7A8A7C->d3dffc06-1d6a-4f7a-8294-c2dc8ce35b40: nextIndex: updateUnconditionally 0 -> 0
2019-10-02 10:56:32,681 [grpc-default-executor-4] WARN  server.GrpcLogAppender (LogUtils.java:warn(134)) - 7df38282-3a3d-4206-964a-9b3301cd1d1f@group-C476C2B24A7C->d3dffc06-1d6a-4f7a-8294-c2dc8ce35b40-AppendLogResponseHandler: Failed appendEntries: org.apache.ratis.thirdparty.io.grpc.StatusRuntimeException: UNAVAILABLE: io exception
2019-10-02 10:56:32,681 [grpc-default-executor-4] INFO  impl.FollowerInfo (FollowerInfo.java:lambda$new$0(51)) - 7df38282-3a3d-4206-964a-9b3301cd1d1f@group-C476C2B24A7C->d3dffc06-1d6a-4f7a-8294-c2dc8ce35b40: nextIndex: updateUnconditionally 0 -> 0
2019-10-02 10:56:32,803 [grpc-default-executor-4] WARN  server.GrpcLogAppender (LogUtils.java:warn(134)) - 7df38282-3a3d-4206-964a-9b3301cd1d1f@group-1A77BEA84F5E->d3dffc06-1d6a-4f7a-8294-c2dc8ce35b40-AppendLogResponseHandler: Failed appendEntries: org.apache.ratis.thirdparty.io.grpc.StatusRuntimeException: UNAVAILABLE: io exception
2019-10-02 10:56:32,803 [grpc-default-executor-4] INFO  impl.FollowerInfo (FollowerInfo.java:lambda$new$0(51)) - 7df38282-3a3d-4206-964a-9b3301cd1d1f@group-1A77BEA84F5E->d3dffc06-1d6a-4f7a-8294-c2dc8ce35b40: nextIndex: updateUnconditionally 0 -> 0
2019-10-02 10:56:32,814 [Datanode State Machine Thread - 0] INFO  statemachine.DatanodeStateMachine (DatanodeStateMachine.java:lambda$startDaemon$0(350)) - Ozone container server started.
2019-10-02 10:56:32,863 [grpc-default-executor-2] WARN  server.GrpcLogAppender (LogUtils.java:warn(134)) - 7df38282-3a3d-4206-964a-9b3301cd1d1f@group-6128F9235CFD->d3dffc06-1d6a-4f7a-8294-c2dc8ce35b40-AppendLogResponseHandler: Failed appendEntries: org.apache.ratis.thirdparty.io.grpc.StatusRuntimeException: UNAVAILABLE: io exception
2019-10-02 10:56:32,864 [grpc-default-executor-2] INFO  impl.FollowerInfo (FollowerInfo.java:lambda$new$0(51)) - 7df38282-3a3d-4206-964a-9b3301cd1d1f@group-6128F9235CFD->d3dffc06-1d6a-4f7a-8294-c2dc8ce35b40: nextIndex: updateUnconditionally 0 -> 0
2019-10-02 10:56:32,893 [grpc-default-executor-8] WARN  server.GrpcLogAppender (LogUtils.java:warn(134)) - 7df38282-3a3d-4206-964a-9b3301cd1d1f@group-BE47439FB225->d3dffc06-1d6a-4f7a-8294-c2dc8ce35b40-AppendLogResponseHandler: Failed appendEntries: org.apache.ratis.thirdparty.io.grpc.StatusRuntimeException: UNAVAILABLE: io exception
2019-10-02 10:56:32,894 [grpc-default-executor-8] INFO  impl.FollowerInfo (FollowerInfo.java:lambda$new$0(51)) - 7df38282-3a3d-4206-964a-9b3301cd1d1f@group-BE47439FB225->d3dffc06-1d6a-4f7a-8294-c2dc8ce35b40: nextIndex: updateUnconditionally 0 -> 0
2019-10-02 10:56:32,921 [grpc-default-executor-4] WARN  server.GrpcLogAppender (LogUtils.java:warn(134)) - b25f22f8-54cc-4ffd-bfcd-179cc8cbd7fc@group-6B83A71B3C43->d3dffc06-1d6a-4f7a-8294-c2dc8ce35b40-AppendLogResponseHandler: Failed appendEntries: org.apache.ratis.thirdparty.io.grpc.StatusRuntimeException: UNAVAILABLE: io exception
2019-10-02 10:56:32,921 [grpc-default-executor-4] INFO  impl.FollowerInfo (FollowerInfo.java:lambda$new$0(51)) - b25f22f8-54cc-4ffd-bfcd-179cc8cbd7fc@group-6B83A71B3C43->d3dffc06-1d6a-4f7a-8294-c2dc8ce35b40: nextIndex: updateUnconditionally 0 -> 0
2019-10-02 10:56:32,944 [grpc-default-executor-2] WARN  server.GrpcLogAppender (LogUtils.java:warn(134)) - 7df38282-3a3d-4206-964a-9b3301cd1d1f@group-ABAF19C3FAB0->d3dffc06-1d6a-4f7a-8294-c2dc8ce35b40-AppendLogResponseHandler: Failed appendEntries: org.apache.ratis.thirdparty.io.grpc.StatusRuntimeException: UNAVAILABLE: io exception
2019-10-02 10:56:32,945 [grpc-default-executor-2] INFO  impl.FollowerInfo (FollowerInfo.java:lambda$new$0(51)) - 7df38282-3a3d-4206-964a-9b3301cd1d1f@group-ABAF19C3FAB0->d3dffc06-1d6a-4f7a-8294-c2dc8ce35b40: nextIndex: updateUnconditionally 0 -> 0
2019-10-02 10:56:33,090 [grpc-default-executor-2] WARN  server.GrpcLogAppender (LogUtils.java:warn(134)) - b25f22f8-54cc-4ffd-bfcd-179cc8cbd7fc@group-49987F7A8A7C->d3dffc06-1d6a-4f7a-8294-c2dc8ce35b40-AppendLogResponseHandler: Failed appendEntries: org.apache.ratis.thirdparty.io.grpc.StatusRuntimeException: UNAVAILABLE: io exception
2019-10-02 10:56:33,090 [grpc-default-executor-2] INFO  impl.FollowerInfo (FollowerInfo.java:lambda$new$0(51)) - b25f22f8-54cc-4ffd-bfcd-179cc8cbd7fc@group-49987F7A8A7C->d3dffc06-1d6a-4f7a-8294-c2dc8ce35b40: nextIndex: updateUnconditionally 0 -> 0
2019-10-02 10:56:33,157 [Datanode State Machine Thread - 0] INFO  statemachine.DatanodeStateMachine (DatanodeStateMachine.java:lambda$startDaemon$0(350)) - Ozone container server started.
2019-10-02 10:56:33,182 [grpc-default-executor-2] WARN  server.GrpcLogAppender (LogUtils.java:warn(134)) - 7df38282-3a3d-4206-964a-9b3301cd1d1f@group-C476C2B24A7C->d3dffc06-1d6a-4f7a-8294-c2dc8ce35b40-AppendLogResponseHandler: Failed appendEntries: org.apache.ratis.thirdparty.io.grpc.StatusRuntimeException: UNAVAILABLE: io exception
2019-10-02 10:56:33,182 [grpc-default-executor-2] INFO  impl.FollowerInfo (FollowerInfo.java:lambda$new$0(51)) - 7df38282-3a3d-4206-964a-9b3301cd1d1f@group-C476C2B24A7C->d3dffc06-1d6a-4f7a-8294-c2dc8ce35b40: nextIndex: updateUnconditionally 0 -> 0
2019-10-02 10:56:33,303 [grpc-default-executor-4] WARN  server.GrpcLogAppender (LogUtils.java:warn(134)) - 7df38282-3a3d-4206-964a-9b3301cd1d1f@group-1A77BEA84F5E->d3dffc06-1d6a-4f7a-8294-c2dc8ce35b40-AppendLogResponseHandler: Failed appendEntries: org.apache.ratis.thirdparty.io.grpc.StatusRuntimeException: UNAVAILABLE: io exception
2019-10-02 10:56:33,304 [grpc-default-executor-4] INFO  impl.FollowerInfo (FollowerInfo.java:lambda$new$0(51)) - 7df38282-3a3d-4206-964a-9b3301cd1d1f@group-1A77BEA84F5E->d3dffc06-1d6a-4f7a-8294-c2dc8ce35b40: nextIndex: updateUnconditionally 0 -> 0
2019-10-02 10:56:33,364 [grpc-default-executor-8] WARN  server.GrpcLogAppender (LogUtils.java:warn(134)) - 7df38282-3a3d-4206-964a-9b3301cd1d1f@group-6128F9235CFD->d3dffc06-1d6a-4f7a-8294-c2dc8ce35b40-AppendLogResponseHandler: Failed appendEntries: org.apache.ratis.thirdparty.io.grpc.StatusRuntimeException: UNAVAILABLE: io exception
2019-10-02 10:56:33,365 [grpc-default-executor-8] INFO  impl.FollowerInfo (FollowerInfo.java:lambda$new$0(51)) - 7df38282-3a3d-4206-964a-9b3301cd1d1f@group-6128F9235CFD->d3dffc06-1d6a-4f7a-8294-c2dc8ce35b40: nextIndex: updateUnconditionally 0 -> 0
2019-10-02 10:56:33,394 [grpc-default-executor-2] WARN  server.GrpcLogAppender (LogUtils.java:warn(134)) - 7df38282-3a3d-4206-964a-9b3301cd1d1f@group-BE47439FB225->d3dffc06-1d6a-4f7a-8294-c2dc8ce35b40-AppendLogResponseHandler: Failed appendEntries: org.apache.ratis.thirdparty.io.grpc.StatusRuntimeException: UNAVAILABLE: io exception
2019-10-02 10:56:33,394 [grpc-default-executor-2] INFO  impl.FollowerInfo (FollowerInfo.java:lambda$new$0(51)) - 7df38282-3a3d-4206-964a-9b3301cd1d1f@group-BE47439FB225->d3dffc06-1d6a-4f7a-8294-c2dc8ce35b40: nextIndex: updateUnconditionally 0 -> 0
2019-10-02 10:56:33,422 [grpc-default-executor-4] WARN  server.GrpcLogAppender (LogUtils.java:warn(134)) - b25f22f8-54cc-4ffd-bfcd-179cc8cbd7fc@group-6B83A71B3C43->d3dffc06-1d6a-4f7a-8294-c2dc8ce35b40-AppendLogResponseHandler: Failed appendEntries: org.apache.ratis.thirdparty.io.grpc.StatusRuntimeException: UNAVAILABLE: io exception
2019-10-02 10:56:33,423 [grpc-default-executor-4] INFO  impl.FollowerInfo (FollowerInfo.java:lambda$new$0(51)) - b25f22f8-54cc-4ffd-bfcd-179cc8cbd7fc@group-6B83A71B3C43->d3dffc06-1d6a-4f7a-8294-c2dc8ce35b40: nextIndex: updateUnconditionally 0 -> 0
2019-10-02 10:56:33,445 [grpc-default-executor-8] WARN  server.GrpcLogAppender (LogUtils.java:warn(134)) - 7df38282-3a3d-4206-964a-9b3301cd1d1f@group-ABAF19C3FAB0->d3dffc06-1d6a-4f7a-8294-c2dc8ce35b40-AppendLogResponseHandler: Failed appendEntries: org.apache.ratis.thirdparty.io.grpc.StatusRuntimeException: UNAVAILABLE: io exception
2019-10-02 10:56:33,446 [grpc-default-executor-8] INFO  impl.FollowerInfo (FollowerInfo.java:lambda$new$0(51)) - 7df38282-3a3d-4206-964a-9b3301cd1d1f@group-ABAF19C3FAB0->d3dffc06-1d6a-4f7a-8294-c2dc8ce35b40: nextIndex: updateUnconditionally 0 -> 0
2019-10-02 10:56:33,591 [grpc-default-executor-8] WARN  server.GrpcLogAppender (LogUtils.java:warn(134)) - b25f22f8-54cc-4ffd-bfcd-179cc8cbd7fc@group-49987F7A8A7C->d3dffc06-1d6a-4f7a-8294-c2dc8ce35b40-AppendLogResponseHandler: Failed appendEntries: org.apache.ratis.thirdparty.io.grpc.StatusRuntimeException: UNAVAILABLE: io exception
2019-10-02 10:56:33,591 [grpc-default-executor-8] INFO  impl.FollowerInfo (FollowerInfo.java:lambda$new$0(51)) - b25f22f8-54cc-4ffd-bfcd-179cc8cbd7fc@group-49987F7A8A7C->d3dffc06-1d6a-4f7a-8294-c2dc8ce35b40: nextIndex: updateUnconditionally 0 -> 0
2019-10-02 10:56:33,683 [grpc-default-executor-4] WARN  server.GrpcLogAppender (LogUtils.java:warn(134)) - 7df38282-3a3d-4206-964a-9b3301cd1d1f@group-C476C2B24A7C->d3dffc06-1d6a-4f7a-8294-c2dc8ce35b40-AppendLogResponseHandler: Failed appendEntries: org.apache.ratis.thirdparty.io.grpc.StatusRuntimeException: UNAVAILABLE: io exception
2019-10-02 10:56:33,683 [grpc-default-executor-4] INFO  impl.FollowerInfo (FollowerInfo.java:lambda$new$0(51)) - 7df38282-3a3d-4206-964a-9b3301cd1d1f@group-C476C2B24A7C->d3dffc06-1d6a-4f7a-8294-c2dc8ce35b40: nextIndex: updateUnconditionally 0 -> 0
2019-10-02 10:56:33,804 [grpc-default-executor-2] WARN  server.GrpcLogAppender (LogUtils.java:warn(134)) - 7df38282-3a3d-4206-964a-9b3301cd1d1f@group-1A77BEA84F5E->d3dffc06-1d6a-4f7a-8294-c2dc8ce35b40-AppendLogResponseHandler: Failed appendEntries: org.apache.ratis.thirdparty.io.grpc.StatusRuntimeException: UNAVAILABLE: io exception
2019-10-02 10:56:33,805 [grpc-default-executor-2] INFO  impl.FollowerInfo (FollowerInfo.java:lambda$new$0(51)) - 7df38282-3a3d-4206-964a-9b3301cd1d1f@group-1A77BEA84F5E->d3dffc06-1d6a-4f7a-8294-c2dc8ce35b40: nextIndex: updateUnconditionally 0 -> 0
2019-10-02 10:56:33,865 [grpc-default-executor-2] WARN  server.GrpcLogAppender (LogUtils.java:warn(134)) - 7df38282-3a3d-4206-964a-9b3301cd1d1f@group-6128F9235CFD->d3dffc06-1d6a-4f7a-8294-c2dc8ce35b40-AppendLogResponseHandler: Failed appendEntries: org.apache.ratis.thirdparty.io.grpc.StatusRuntimeException: UNAVAILABLE: io exception
2019-10-02 10:56:33,866 [grpc-default-executor-2] INFO  impl.FollowerInfo (FollowerInfo.java:lambda$new$0(51)) - 7df38282-3a3d-4206-964a-9b3301cd1d1f@group-6128F9235CFD->d3dffc06-1d6a-4f7a-8294-c2dc8ce35b40: nextIndex: updateUnconditionally 0 -> 0
2019-10-02 10:56:33,895 [grpc-default-executor-2] WARN  server.GrpcLogAppender (LogUtils.java:warn(134)) - 7df38282-3a3d-4206-964a-9b3301cd1d1f@group-BE47439FB225->d3dffc06-1d6a-4f7a-8294-c2dc8ce35b40-AppendLogResponseHandler: Failed appendEntries: org.apache.ratis.thirdparty.io.grpc.StatusRuntimeException: UNAVAILABLE: io exception
2019-10-02 10:56:33,895 [grpc-default-executor-2] INFO  impl.FollowerInfo (FollowerInfo.java:lambda$new$0(51)) - 7df38282-3a3d-4206-964a-9b3301cd1d1f@group-BE47439FB225->d3dffc06-1d6a-4f7a-8294-c2dc8ce35b40: nextIndex: updateUnconditionally 0 -> 0
2019-10-02 10:56:33,923 [grpc-default-executor-2] WARN  server.GrpcLogAppender (LogUtils.java:warn(134)) - b25f22f8-54cc-4ffd-bfcd-179cc8cbd7fc@group-6B83A71B3C43->d3dffc06-1d6a-4f7a-8294-c2dc8ce35b40-AppendLogResponseHandler: Failed appendEntries: org.apache.ratis.thirdparty.io.grpc.StatusRuntimeException: UNAVAILABLE: io exception
2019-10-02 10:56:33,923 [grpc-default-executor-2] INFO  impl.FollowerInfo (FollowerInfo.java:lambda$new$0(51)) - b25f22f8-54cc-4ffd-bfcd-179cc8cbd7fc@group-6B83A71B3C43->d3dffc06-1d6a-4f7a-8294-c2dc8ce35b40: nextIndex: updateUnconditionally 0 -> 0
2019-10-02 10:56:33,946 [grpc-default-executor-8] WARN  server.GrpcLogAppender (LogUtils.java:warn(134)) - 7df38282-3a3d-4206-964a-9b3301cd1d1f@group-ABAF19C3FAB0->d3dffc06-1d6a-4f7a-8294-c2dc8ce35b40-AppendLogResponseHandler: Failed appendEntries: org.apache.ratis.thirdparty.io.grpc.StatusRuntimeException: UNAVAILABLE: io exception
2019-10-02 10:56:33,946 [grpc-default-executor-8] INFO  impl.FollowerInfo (FollowerInfo.java:lambda$new$0(51)) - 7df38282-3a3d-4206-964a-9b3301cd1d1f@group-ABAF19C3FAB0->d3dffc06-1d6a-4f7a-8294-c2dc8ce35b40: nextIndex: updateUnconditionally 0 -> 0
2019-10-02 10:56:34,092 [grpc-default-executor-4] WARN  server.GrpcLogAppender (LogUtils.java:warn(134)) - b25f22f8-54cc-4ffd-bfcd-179cc8cbd7fc@group-49987F7A8A7C->d3dffc06-1d6a-4f7a-8294-c2dc8ce35b40-AppendLogResponseHandler: Failed appendEntries: org.apache.ratis.thirdparty.io.grpc.StatusRuntimeException: UNAVAILABLE: io exception
2019-10-02 10:56:34,093 [grpc-default-executor-4] INFO  impl.FollowerInfo (FollowerInfo.java:lambda$new$0(51)) - b25f22f8-54cc-4ffd-bfcd-179cc8cbd7fc@group-49987F7A8A7C->d3dffc06-1d6a-4f7a-8294-c2dc8ce35b40: nextIndex: updateUnconditionally 0 -> 0
2019-10-02 10:56:34,183 [grpc-default-executor-2] WARN  server.GrpcLogAppender (LogUtils.java:warn(134)) - 7df38282-3a3d-4206-964a-9b3301cd1d1f@group-C476C2B24A7C->d3dffc06-1d6a-4f7a-8294-c2dc8ce35b40-AppendLogResponseHandler: Failed appendEntries: org.apache.ratis.thirdparty.io.grpc.StatusRuntimeException: UNAVAILABLE: io exception
2019-10-02 10:56:34,184 [grpc-default-executor-2] INFO  impl.FollowerInfo (FollowerInfo.java:lambda$new$0(51)) - 7df38282-3a3d-4206-964a-9b3301cd1d1f@group-C476C2B24A7C->d3dffc06-1d6a-4f7a-8294-c2dc8ce35b40: nextIndex: updateUnconditionally 0 -> 0
2019-10-02 10:56:34,305 [grpc-default-executor-8] WARN  server.GrpcLogAppender (LogUtils.java:warn(134)) - 7df38282-3a3d-4206-964a-9b3301cd1d1f@group-1A77BEA84F5E->d3dffc06-1d6a-4f7a-8294-c2dc8ce35b40-AppendLogResponseHandler: Failed appendEntries: org.apache.ratis.thirdparty.io.grpc.StatusRuntimeException: UNAVAILABLE: io exception
2019-10-02 10:56:34,306 [grpc-default-executor-8] INFO  impl.FollowerInfo (FollowerInfo.java:lambda$new$0(51)) - 7df38282-3a3d-4206-964a-9b3301cd1d1f@group-1A77BEA84F5E->d3dffc06-1d6a-4f7a-8294-c2dc8ce35b40: nextIndex: updateUnconditionally 0 -> 0
2019-10-02 10:56:34,366 [grpc-default-executor-4] WARN  server.GrpcLogAppender (LogUtils.java:warn(134)) - 7df38282-3a3d-4206-964a-9b3301cd1d1f@group-6128F9235CFD->d3dffc06-1d6a-4f7a-8294-c2dc8ce35b40-AppendLogResponseHandler: Failed appendEntries: org.apache.ratis.thirdparty.io.grpc.StatusRuntimeException: UNAVAILABLE: io exception
2019-10-02 10:56:34,366 [grpc-default-executor-4] INFO  impl.FollowerInfo (FollowerInfo.java:lambda$new$0(51)) - 7df38282-3a3d-4206-964a-9b3301cd1d1f@group-6128F9235CFD->d3dffc06-1d6a-4f7a-8294-c2dc8ce35b40: nextIndex: updateUnconditionally 0 -> 0
2019-10-02 10:56:34,396 [grpc-default-executor-2] WARN  server.GrpcLogAppender (LogUtils.java:warn(134)) - 7df38282-3a3d-4206-964a-9b3301cd1d1f@group-BE47439FB225->d3dffc06-1d6a-4f7a-8294-c2dc8ce35b40-AppendLogResponseHandler: Failed appendEntries: org.apache.ratis.thirdparty.io.grpc.StatusRuntimeException: UNAVAILABLE: io exception
2019-10-02 10:56:34,397 [grpc-default-executor-2] INFO  impl.FollowerInfo (FollowerInfo.java:lambda$new$0(51)) - 7df38282-3a3d-4206-964a-9b3301cd1d1f@group-BE47439FB225->d3dffc06-1d6a-4f7a-8294-c2dc8ce35b40: nextIndex: updateUnconditionally 0 -> 0
2019-10-02 10:56:34,425 [grpc-default-executor-8] WARN  server.GrpcLogAppender (LogUtils.java:warn(134)) - b25f22f8-54cc-4ffd-bfcd-179cc8cbd7fc@group-6B83A71B3C43->d3dffc06-1d6a-4f7a-8294-c2dc8ce35b40-AppendLogResponseHandler: Failed appendEntries: org.apache.ratis.thirdparty.io.grpc.StatusRuntimeException: UNAVAILABLE: io exception
2019-10-02 10:56:34,425 [grpc-default-executor-8] INFO  impl.FollowerInfo (FollowerInfo.java:lambda$new$0(51)) - b25f22f8-54cc-4ffd-bfcd-179cc8cbd7fc@group-6B83A71B3C43->d3dffc06-1d6a-4f7a-8294-c2dc8ce35b40: nextIndex: updateUnconditionally 0 -> 0
2019-10-02 10:56:34,446 [grpc-default-executor-4] WARN  server.GrpcLogAppender (LogUtils.java:warn(134)) - 7df38282-3a3d-4206-964a-9b3301cd1d1f@group-ABAF19C3FAB0->d3dffc06-1d6a-4f7a-8294-c2dc8ce35b40-AppendLogResponseHandler: Failed appendEntries: org.apache.ratis.thirdparty.io.grpc.StatusRuntimeException: UNAVAILABLE: io exception
2019-10-02 10:56:34,447 [grpc-default-executor-4] INFO  impl.FollowerInfo (FollowerInfo.java:lambda$new$0(51)) - 7df38282-3a3d-4206-964a-9b3301cd1d1f@group-ABAF19C3FAB0->d3dffc06-1d6a-4f7a-8294-c2dc8ce35b40: nextIndex: updateUnconditionally 0 -> 0
2019-10-02 10:56:34,593 [grpc-default-executor-2] WARN  server.GrpcLogAppender (LogUtils.java:warn(134)) - b25f22f8-54cc-4ffd-bfcd-179cc8cbd7fc@group-49987F7A8A7C->d3dffc06-1d6a-4f7a-8294-c2dc8ce35b40-AppendLogResponseHandler: Failed appendEntries: org.apache.ratis.thirdparty.io.grpc.StatusRuntimeException: UNAVAILABLE: io exception
2019-10-02 10:56:34,593 [grpc-default-executor-2] INFO  impl.FollowerInfo (FollowerInfo.java:lambda$new$0(51)) - b25f22f8-54cc-4ffd-bfcd-179cc8cbd7fc@group-49987F7A8A7C->d3dffc06-1d6a-4f7a-8294-c2dc8ce35b40: nextIndex: updateUnconditionally 0 -> 0
2019-10-02 10:56:34,684 [grpc-default-executor-8] WARN  server.GrpcLogAppender (LogUtils.java:warn(134)) - 7df38282-3a3d-4206-964a-9b3301cd1d1f@group-C476C2B24A7C->d3dffc06-1d6a-4f7a-8294-c2dc8ce35b40-AppendLogResponseHandler: Failed appendEntries: org.apache.ratis.thirdparty.io.grpc.StatusRuntimeException: UNAVAILABLE: io exception
2019-10-02 10:56:34,685 [grpc-default-executor-8] INFO  impl.FollowerInfo (FollowerInfo.java:lambda$new$0(51)) - 7df38282-3a3d-4206-964a-9b3301cd1d1f@group-C476C2B24A7C->d3dffc06-1d6a-4f7a-8294-c2dc8ce35b40: nextIndex: updateUnconditionally 0 -> 0
2019-10-02 10:56:34,806 [grpc-default-executor-2] WARN  server.GrpcLogAppender (LogUtils.java:warn(134)) - 7df38282-3a3d-4206-964a-9b3301cd1d1f@group-1A77BEA84F5E->d3dffc06-1d6a-4f7a-8294-c2dc8ce35b40-AppendLogResponseHandler: Failed appendEntries: org.apache.ratis.thirdparty.io.grpc.StatusRuntimeException: UNAVAILABLE: io exception
2019-10-02 10:56:34,807 [grpc-default-executor-2] INFO  impl.FollowerInfo (FollowerInfo.java:lambda$new$0(51)) - 7df38282-3a3d-4206-964a-9b3301cd1d1f@group-1A77BEA84F5E->d3dffc06-1d6a-4f7a-8294-c2dc8ce35b40: nextIndex: updateUnconditionally 0 -> 0
2019-10-02 10:56:34,867 [grpc-default-executor-4] WARN  server.GrpcLogAppender (LogUtils.java:warn(134)) - 7df38282-3a3d-4206-964a-9b3301cd1d1f@group-6128F9235CFD->d3dffc06-1d6a-4f7a-8294-c2dc8ce35b40-AppendLogResponseHandler: Failed appendEntries: org.apache.ratis.thirdparty.io.grpc.StatusRuntimeException: UNAVAILABLE: io exception
2019-10-02 10:56:34,867 [grpc-default-executor-4] INFO  impl.FollowerInfo (FollowerInfo.java:lambda$new$0(51)) - 7df38282-3a3d-4206-964a-9b3301cd1d1f@group-6128F9235CFD->d3dffc06-1d6a-4f7a-8294-c2dc8ce35b40: nextIndex: updateUnconditionally 0 -> 0
2019-10-02 10:56:34,897 [grpc-default-executor-8] WARN  server.GrpcLogAppender (LogUtils.java:warn(134)) - 7df38282-3a3d-4206-964a-9b3301cd1d1f@group-BE47439FB225->d3dffc06-1d6a-4f7a-8294-c2dc8ce35b40-AppendLogResponseHandler: Failed appendEntries: org.apache.ratis.thirdparty.io.grpc.StatusRuntimeException: UNAVAILABLE: io exception
2019-10-02 10:56:34,897 [grpc-default-executor-8] INFO  impl.FollowerInfo (FollowerInfo.java:lambda$new$0(51)) - 7df38282-3a3d-4206-964a-9b3301cd1d1f@group-BE47439FB225->d3dffc06-1d6a-4f7a-8294-c2dc8ce35b40: nextIndex: updateUnconditionally 0 -> 0
2019-10-02 10:56:34,926 [grpc-default-executor-2] WARN  server.GrpcLogAppender (LogUtils.java:warn(134)) - b25f22f8-54cc-4ffd-bfcd-179cc8cbd7fc@group-6B83A71B3C43->d3dffc06-1d6a-4f7a-8294-c2dc8ce35b40-AppendLogResponseHandler: Failed appendEntries: org.apache.ratis.thirdparty.io.grpc.StatusRuntimeException: UNAVAILABLE: io exception
2019-10-02 10:56:34,926 [grpc-default-executor-2] INFO  impl.FollowerInfo (FollowerInfo.java:lambda$new$0(51)) - b25f22f8-54cc-4ffd-bfcd-179cc8cbd7fc@group-6B83A71B3C43->d3dffc06-1d6a-4f7a-8294-c2dc8ce35b40: nextIndex: updateUnconditionally 0 -> 0
2019-10-02 10:56:34,947 [grpc-default-executor-2] WARN  server.GrpcLogAppender (LogUtils.java:warn(134)) - 7df38282-3a3d-4206-964a-9b3301cd1d1f@group-ABAF19C3FAB0->d3dffc06-1d6a-4f7a-8294-c2dc8ce35b40-AppendLogResponseHandler: Failed appendEntries: org.apache.ratis.thirdparty.io.grpc.StatusRuntimeException: UNAVAILABLE: io exception
2019-10-02 10:56:34,948 [grpc-default-executor-2] INFO  impl.FollowerInfo (FollowerInfo.java:lambda$new$0(51)) - 7df38282-3a3d-4206-964a-9b3301cd1d1f@group-ABAF19C3FAB0->d3dffc06-1d6a-4f7a-8294-c2dc8ce35b40: nextIndex: updateUnconditionally 0 -> 0
2019-10-02 10:56:35,094 [grpc-default-executor-4] WARN  server.GrpcLogAppender (LogUtils.java:warn(134)) - b25f22f8-54cc-4ffd-bfcd-179cc8cbd7fc@group-49987F7A8A7C->d3dffc06-1d6a-4f7a-8294-c2dc8ce35b40-AppendLogResponseHandler: Failed appendEntries: org.apache.ratis.thirdparty.io.grpc.StatusRuntimeException: UNAVAILABLE: io exception
2019-10-02 10:56:35,095 [grpc-default-executor-4] INFO  impl.FollowerInfo (FollowerInfo.java:lambda$new$0(51)) - b25f22f8-54cc-4ffd-bfcd-179cc8cbd7fc@group-49987F7A8A7C->d3dffc06-1d6a-4f7a-8294-c2dc8ce35b40: nextIndex: updateUnconditionally 0 -> 0
2019-10-02 10:56:35,185 [grpc-default-executor-8] WARN  server.GrpcLogAppender (LogUtils.java:warn(134)) - 7df38282-3a3d-4206-964a-9b3301cd1d1f@group-C476C2B24A7C->d3dffc06-1d6a-4f7a-8294-c2dc8ce35b40-AppendLogResponseHandler: Failed appendEntries: org.apache.ratis.thirdparty.io.grpc.StatusRuntimeException: UNAVAILABLE: io exception
2019-10-02 10:56:35,186 [grpc-default-executor-8] INFO  impl.FollowerInfo (FollowerInfo.java:lambda$new$0(51)) - 7df38282-3a3d-4206-964a-9b3301cd1d1f@group-C476C2B24A7C->d3dffc06-1d6a-4f7a-8294-c2dc8ce35b40: nextIndex: updateUnconditionally 0 -> 0
2019-10-02 10:56:35,307 [grpc-default-executor-2] WARN  server.GrpcLogAppender (LogUtils.java:warn(134)) - 7df38282-3a3d-4206-964a-9b3301cd1d1f@group-1A77BEA84F5E->d3dffc06-1d6a-4f7a-8294-c2dc8ce35b40-AppendLogResponseHandler: Failed appendEntries: org.apache.ratis.thirdparty.io.grpc.StatusRuntimeException: UNAVAILABLE: io exception
2019-10-02 10:56:35,308 [grpc-default-executor-2] INFO  impl.FollowerInfo (FollowerInfo.java:lambda$new$0(51)) - 7df38282-3a3d-4206-964a-9b3301cd1d1f@group-1A77BEA84F5E->d3dffc06-1d6a-4f7a-8294-c2dc8ce35b40: nextIndex: updateUnconditionally 0 -> 0
2019-10-02 10:56:35,368 [grpc-default-executor-8] WARN  server.GrpcLogAppender (LogUtils.java:warn(134)) - 7df38282-3a3d-4206-964a-9b3301cd1d1f@group-6128F9235CFD->d3dffc06-1d6a-4f7a-8294-c2dc8ce35b40-AppendLogResponseHandler: Failed appendEntries: org.apache.ratis.thirdparty.io.grpc.StatusRuntimeException: UNAVAILABLE: io exception
2019-10-02 10:56:35,368 [grpc-default-executor-8] INFO  impl.FollowerInfo (FollowerInfo.java:lambda$new$0(51)) - 7df38282-3a3d-4206-964a-9b3301cd1d1f@group-6128F9235CFD->d3dffc06-1d6a-4f7a-8294-c2dc8ce35b40: nextIndex: updateUnconditionally 0 -> 0
2019-10-02 10:56:35,398 [grpc-default-executor-4] WARN  server.GrpcLogAppender (LogUtils.java:warn(134)) - 7df38282-3a3d-4206-964a-9b3301cd1d1f@group-BE47439FB225->d3dffc06-1d6a-4f7a-8294-c2dc8ce35b40-AppendLogResponseHandler: Failed appendEntries: org.apache.ratis.thirdparty.io.grpc.StatusRuntimeException: UNAVAILABLE: io exception
2019-10-02 10:56:35,398 [grpc-default-executor-4] INFO  impl.FollowerInfo (FollowerInfo.java:lambda$new$0(51)) - 7df38282-3a3d-4206-964a-9b3301cd1d1f@group-BE47439FB225->d3dffc06-1d6a-4f7a-8294-c2dc8ce35b40: nextIndex: updateUnconditionally 0 -> 0
2019-10-02 10:56:35,426 [grpc-default-executor-4] WARN  server.GrpcLogAppender (LogUtils.java:warn(134)) - b25f22f8-54cc-4ffd-bfcd-179cc8cbd7fc@group-6B83A71B3C43->d3dffc06-1d6a-4f7a-8294-c2dc8ce35b40-AppendLogResponseHandler: Failed appendEntries: org.apache.ratis.thirdparty.io.grpc.StatusRuntimeException: UNAVAILABLE: io exception
2019-10-02 10:56:35,426 [grpc-default-executor-4] INFO  impl.FollowerInfo (FollowerInfo.java:lambda$new$0(51)) - b25f22f8-54cc-4ffd-bfcd-179cc8cbd7fc@group-6B83A71B3C43->d3dffc06-1d6a-4f7a-8294-c2dc8ce35b40: nextIndex: updateUnconditionally 0 -> 0
2019-10-02 10:56:35,447 [grpc-default-executor-2] WARN  server.GrpcLogAppender (LogUtils.java:warn(134)) - 7df38282-3a3d-4206-964a-9b3301cd1d1f@group-ABAF19C3FAB0->d3dffc06-1d6a-4f7a-8294-c2dc8ce35b40-AppendLogResponseHandler: Failed appendEntries: org.apache.ratis.thirdparty.io.grpc.StatusRuntimeException: UNAVAILABLE: io exception
2019-10-02 10:56:35,448 [grpc-default-executor-2] INFO  impl.FollowerInfo (FollowerInfo.java:lambda$new$0(51)) - 7df38282-3a3d-4206-964a-9b3301cd1d1f@group-ABAF19C3FAB0->d3dffc06-1d6a-4f7a-8294-c2dc8ce35b40: nextIndex: updateUnconditionally 0 -> 0
2019-10-02 10:56:35,594 [grpc-default-executor-2] WARN  server.GrpcLogAppender (LogUtils.java:warn(134)) - b25f22f8-54cc-4ffd-bfcd-179cc8cbd7fc@group-49987F7A8A7C->d3dffc06-1d6a-4f7a-8294-c2dc8ce35b40-AppendLogResponseHandler: Failed appendEntries: org.apache.ratis.thirdparty.io.grpc.StatusRuntimeException: UNAVAILABLE: io exception
2019-10-02 10:56:35,595 [grpc-default-executor-2] INFO  impl.FollowerInfo (FollowerInfo.java:lambda$new$0(51)) - b25f22f8-54cc-4ffd-bfcd-179cc8cbd7fc@group-49987F7A8A7C->d3dffc06-1d6a-4f7a-8294-c2dc8ce35b40: nextIndex: updateUnconditionally 0 -> 0
2019-10-02 10:56:35,686 [grpc-default-executor-2] WARN  server.GrpcLogAppender (LogUtils.java:warn(134)) - 7df38282-3a3d-4206-964a-9b3301cd1d1f@group-C476C2B24A7C->d3dffc06-1d6a-4f7a-8294-c2dc8ce35b40-AppendLogResponseHandler: Failed appendEntries: org.apache.ratis.thirdparty.io.grpc.StatusRuntimeException: UNAVAILABLE: io exception
2019-10-02 10:56:35,687 [grpc-default-executor-2] INFO  impl.FollowerInfo (FollowerInfo.java:lambda$new$0(51)) - 7df38282-3a3d-4206-964a-9b3301cd1d1f@group-C476C2B24A7C->d3dffc06-1d6a-4f7a-8294-c2dc8ce35b40: nextIndex: updateUnconditionally 0 -> 0
2019-10-02 10:56:35,808 [grpc-default-executor-8] WARN  server.GrpcLogAppender (LogUtils.java:warn(134)) - 7df38282-3a3d-4206-964a-9b3301cd1d1f@group-1A77BEA84F5E->d3dffc06-1d6a-4f7a-8294-c2dc8ce35b40-AppendLogResponseHandler: Failed appendEntries: org.apache.ratis.thirdparty.io.grpc.StatusRuntimeException: UNAVAILABLE: io exception
2019-10-02 10:56:35,809 [grpc-default-executor-8] INFO  impl.FollowerInfo (FollowerInfo.java:lambda$new$0(51)) - 7df38282-3a3d-4206-964a-9b3301cd1d1f@group-1A77BEA84F5E->d3dffc06-1d6a-4f7a-8294-c2dc8ce35b40: nextIndex: updateUnconditionally 0 -> 0
2019-10-02 10:56:35,868 [grpc-default-executor-8] WARN  server.GrpcLogAppender (LogUtils.java:warn(134)) - 7df38282-3a3d-4206-964a-9b3301cd1d1f@group-6128F9235CFD->d3dffc06-1d6a-4f7a-8294-c2dc8ce35b40-AppendLogResponseHandler: Failed appendEntries: org.apache.ratis.thirdparty.io.grpc.StatusRuntimeException: UNAVAILABLE: io exception
2019-10-02 10:56:35,869 [grpc-default-executor-8] INFO  impl.FollowerInfo (FollowerInfo.java:lambda$new$0(51)) - 7df38282-3a3d-4206-964a-9b3301cd1d1f@group-6128F9235CFD->d3dffc06-1d6a-4f7a-8294-c2dc8ce35b40: nextIndex: updateUnconditionally 0 -> 0
2019-10-02 10:56:35,898 [grpc-default-executor-8] WARN  server.GrpcLogAppender (LogUtils.java:warn(134)) - 7df38282-3a3d-4206-964a-9b3301cd1d1f@group-BE47439FB225->d3dffc06-1d6a-4f7a-8294-c2dc8ce35b40-AppendLogResponseHandler: Failed appendEntries: org.apache.ratis.thirdparty.io.grpc.StatusRuntimeException: UNAVAILABLE: io exception
2019-10-02 10:56:35,899 [grpc-default-executor-8] INFO  impl.FollowerInfo (FollowerInfo.java:lambda$new$0(51)) - 7df38282-3a3d-4206-964a-9b3301cd1d1f@group-BE47439FB225->d3dffc06-1d6a-4f7a-8294-c2dc8ce35b40: nextIndex: updateUnconditionally 0 -> 0
2019-10-02 10:56:35,927 [grpc-default-executor-8] WARN  server.GrpcLogAppender (LogUtils.java:warn(134)) - b25f22f8-54cc-4ffd-bfcd-179cc8cbd7fc@group-6B83A71B3C43->d3dffc06-1d6a-4f7a-8294-c2dc8ce35b40-AppendLogResponseHandler: Failed appendEntries: org.apache.ratis.thirdparty.io.grpc.StatusRuntimeException: UNAVAILABLE: io exception
2019-10-02 10:56:35,928 [grpc-default-executor-8] INFO  impl.FollowerInfo (FollowerInfo.java:lambda$new$0(51)) - b25f22f8-54cc-4ffd-bfcd-179cc8cbd7fc@group-6B83A71B3C43->d3dffc06-1d6a-4f7a-8294-c2dc8ce35b40: nextIndex: updateUnconditionally 0 -> 0
2019-10-02 10:56:35,948 [grpc-default-executor-8] WARN  server.GrpcLogAppender (LogUtils.java:warn(134)) - 7df38282-3a3d-4206-964a-9b3301cd1d1f@group-ABAF19C3FAB0->d3dffc06-1d6a-4f7a-8294-c2dc8ce35b40-AppendLogResponseHandler: Failed appendEntries: org.apache.ratis.thirdparty.io.grpc.StatusRuntimeException: UNAVAILABLE: io exception
2019-10-02 10:56:35,949 [grpc-default-executor-8] INFO  impl.FollowerInfo (FollowerInfo.java:lambda$new$0(51)) - 7df38282-3a3d-4206-964a-9b3301cd1d1f@group-ABAF19C3FAB0->d3dffc06-1d6a-4f7a-8294-c2dc8ce35b40: nextIndex: updateUnconditionally 0 -> 0
2019-10-02 10:56:36,096 [grpc-default-executor-4] WARN  server.GrpcLogAppender (LogUtils.java:warn(134)) - b25f22f8-54cc-4ffd-bfcd-179cc8cbd7fc@group-49987F7A8A7C->d3dffc06-1d6a-4f7a-8294-c2dc8ce35b40-AppendLogResponseHandler: Failed appendEntries: org.apache.ratis.thirdparty.io.grpc.StatusRuntimeException: UNAVAILABLE: io exception
2019-10-02 10:56:36,097 [grpc-default-executor-4] INFO  impl.FollowerInfo (FollowerInfo.java:lambda$new$0(51)) - b25f22f8-54cc-4ffd-bfcd-179cc8cbd7fc@group-49987F7A8A7C->d3dffc06-1d6a-4f7a-8294-c2dc8ce35b40: nextIndex: updateUnconditionally 0 -> 0
2019-10-02 10:56:36,187 [grpc-default-executor-2] WARN  server.GrpcLogAppender (LogUtils.java:warn(134)) - 7df38282-3a3d-4206-964a-9b3301cd1d1f@group-C476C2B24A7C->d3dffc06-1d6a-4f7a-8294-c2dc8ce35b40-AppendLogResponseHandler: Failed appendEntries: org.apache.ratis.thirdparty.io.grpc.StatusRuntimeException: UNAVAILABLE: io exception
2019-10-02 10:56:36,188 [grpc-default-executor-2] INFO  impl.FollowerInfo (FollowerInfo.java:lambda$new$0(51)) - 7df38282-3a3d-4206-964a-9b3301cd1d1f@group-C476C2B24A7C->d3dffc06-1d6a-4f7a-8294-c2dc8ce35b40: nextIndex: updateUnconditionally 0 -> 0
2019-10-02 10:56:36,308 [grpc-default-executor-8] WARN  server.GrpcLogAppender (LogUtils.java:warn(134)) - 7df38282-3a3d-4206-964a-9b3301cd1d1f@group-1A77BEA84F5E->d3dffc06-1d6a-4f7a-8294-c2dc8ce35b40-AppendLogResponseHandler: Failed appendEntries: org.apache.ratis.thirdparty.io.grpc.StatusRuntimeException: UNAVAILABLE: io exception
2019-10-02 10:56:36,309 [grpc-default-executor-8] INFO  impl.FollowerInfo (FollowerInfo.java:lambda$new$0(51)) - 7df38282-3a3d-4206-964a-9b3301cd1d1f@group-1A77BEA84F5E->d3dffc06-1d6a-4f7a-8294-c2dc8ce35b40: nextIndex: updateUnconditionally 0 -> 0
2019-10-02 10:56:36,369 [grpc-default-executor-2] WARN  server.GrpcLogAppender (LogUtils.java:warn(134)) - 7df38282-3a3d-4206-964a-9b3301cd1d1f@group-6128F9235CFD->d3dffc06-1d6a-4f7a-8294-c2dc8ce35b40-AppendLogResponseHandler: Failed appendEntries: org.apache.ratis.thirdparty.io.grpc.StatusRuntimeException: UNAVAILABLE: io exception
2019-10-02 10:56:36,370 [grpc-default-executor-2] INFO  impl.FollowerInfo (FollowerInfo.java:lambda$new$0(51)) - 7df38282-3a3d-4206-964a-9b3301cd1d1f@group-6128F9235CFD->d3dffc06-1d6a-4f7a-8294-c2dc8ce35b40: nextIndex: updateUnconditionally 0 -> 0
2019-10-02 10:56:36,399 [grpc-default-executor-4] WARN  server.GrpcLogAppender (LogUtils.java:warn(134)) - 7df38282-3a3d-4206-964a-9b3301cd1d1f@group-BE47439FB225->d3dffc06-1d6a-4f7a-8294-c2dc8ce35b40-AppendLogResponseHandler: Failed appendEntries: org.apache.ratis.thirdparty.io.grpc.StatusRuntimeException: UNAVAILABLE: io exception
2019-10-02 10:56:36,399 [grpc-default-executor-4] INFO  impl.FollowerInfo (FollowerInfo.java:lambda$new$0(51)) - 7df38282-3a3d-4206-964a-9b3301cd1d1f@group-BE47439FB225->d3dffc06-1d6a-4f7a-8294-c2dc8ce35b40: nextIndex: updateUnconditionally 0 -> 0
2019-10-02 10:56:36,429 [grpc-default-executor-4] WARN  server.GrpcLogAppender (LogUtils.java:warn(134)) - b25f22f8-54cc-4ffd-bfcd-179cc8cbd7fc@group-6B83A71B3C43->d3dffc06-1d6a-4f7a-8294-c2dc8ce35b40-AppendLogResponseHandler: Failed appendEntries: org.apache.ratis.thirdparty.io.grpc.StatusRuntimeException: UNAVAILABLE: io exception
2019-10-02 10:56:36,429 [grpc-default-executor-4] INFO  impl.FollowerInfo (FollowerInfo.java:lambda$new$0(51)) - b25f22f8-54cc-4ffd-bfcd-179cc8cbd7fc@group-6B83A71B3C43->d3dffc06-1d6a-4f7a-8294-c2dc8ce35b40: nextIndex: updateUnconditionally 0 -> 0
2019-10-02 10:56:36,449 [grpc-default-executor-8] WARN  server.GrpcLogAppender (LogUtils.java:warn(134)) - 7df38282-3a3d-4206-964a-9b3301cd1d1f@group-ABAF19C3FAB0->d3dffc06-1d6a-4f7a-8294-c2dc8ce35b40-AppendLogResponseHandler: Failed appendEntries: org.apache.ratis.thirdparty.io.grpc.StatusRuntimeException: UNAVAILABLE: io exception
2019-10-02 10:56:36,450 [grpc-default-executor-8] INFO  impl.FollowerInfo (FollowerInfo.java:lambda$new$0(51)) - 7df38282-3a3d-4206-964a-9b3301cd1d1f@group-ABAF19C3FAB0->d3dffc06-1d6a-4f7a-8294-c2dc8ce35b40: nextIndex: updateUnconditionally 0 -> 0
2019-10-02 10:56:36,597 [grpc-default-executor-8] WARN  server.GrpcLogAppender (LogUtils.java:warn(134)) - b25f22f8-54cc-4ffd-bfcd-179cc8cbd7fc@group-49987F7A8A7C->d3dffc06-1d6a-4f7a-8294-c2dc8ce35b40-AppendLogResponseHandler: Failed appendEntries: org.apache.ratis.thirdparty.io.grpc.StatusRuntimeException: UNAVAILABLE: io exception
2019-10-02 10:56:36,597 [grpc-default-executor-8] INFO  impl.FollowerInfo (FollowerInfo.java:lambda$new$0(51)) - b25f22f8-54cc-4ffd-bfcd-179cc8cbd7fc@group-49987F7A8A7C->d3dffc06-1d6a-4f7a-8294-c2dc8ce35b40: nextIndex: updateUnconditionally 0 -> 0
2019-10-02 10:56:36,688 [grpc-default-executor-4] WARN  server.GrpcLogAppender (LogUtils.java:warn(134)) - 7df38282-3a3d-4206-964a-9b3301cd1d1f@group-C476C2B24A7C->d3dffc06-1d6a-4f7a-8294-c2dc8ce35b40-AppendLogResponseHandler: Failed appendEntries: org.apache.ratis.thirdparty.io.grpc.StatusRuntimeException: UNAVAILABLE: io exception
2019-10-02 10:56:36,689 [grpc-default-executor-4] INFO  impl.FollowerInfo (FollowerInfo.java:lambda$new$0(51)) - 7df38282-3a3d-4206-964a-9b3301cd1d1f@group-C476C2B24A7C->d3dffc06-1d6a-4f7a-8294-c2dc8ce35b40: nextIndex: updateUnconditionally 0 -> 0
2019-10-02 10:56:36,810 [grpc-default-executor-4] WARN  server.GrpcLogAppender (LogUtils.java:warn(134)) - 7df38282-3a3d-4206-964a-9b3301cd1d1f@group-1A77BEA84F5E->d3dffc06-1d6a-4f7a-8294-c2dc8ce35b40-AppendLogResponseHandler: Failed appendEntries: org.apache.ratis.thirdparty.io.grpc.StatusRuntimeException: UNAVAILABLE: io exception
2019-10-02 10:56:36,810 [grpc-default-executor-4] INFO  impl.FollowerInfo (FollowerInfo.java:lambda$new$0(51)) - 7df38282-3a3d-4206-964a-9b3301cd1d1f@group-1A77BEA84F5E->d3dffc06-1d6a-4f7a-8294-c2dc8ce35b40: nextIndex: updateUnconditionally 0 -> 0
2019-10-02 10:56:36,870 [grpc-default-executor-8] WARN  server.GrpcLogAppender (LogUtils.java:warn(134)) - 7df38282-3a3d-4206-964a-9b3301cd1d1f@group-6128F9235CFD->d3dffc06-1d6a-4f7a-8294-c2dc8ce35b40-AppendLogResponseHandler: Failed appendEntries: org.apache.ratis.thirdparty.io.grpc.StatusRuntimeException: UNAVAILABLE: io exception
2019-10-02 10:56:36,871 [grpc-default-executor-8] INFO  impl.FollowerInfo (FollowerInfo.java:lambda$new$0(51)) - 7df38282-3a3d-4206-964a-9b3301cd1d1f@group-6128F9235CFD->d3dffc06-1d6a-4f7a-8294-c2dc8ce35b40: nextIndex: updateUnconditionally 0 -> 0
2019-10-02 10:56:36,900 [grpc-default-executor-2] WARN  server.GrpcLogAppender (LogUtils.java:warn(134)) - 7df38282-3a3d-4206-964a-9b3301cd1d1f@group-BE47439FB225->d3dffc06-1d6a-4f7a-8294-c2dc8ce35b40-AppendLogResponseHandler: Failed appendEntries: org.apache.ratis.thirdparty.io.grpc.StatusRuntimeException: UNAVAILABLE: io exception
2019-10-02 10:56:36,900 [grpc-default-executor-2] INFO  impl.FollowerInfo (FollowerInfo.java:lambda$new$0(51)) - 7df38282-3a3d-4206-964a-9b3301cd1d1f@group-BE47439FB225->d3dffc06-1d6a-4f7a-8294-c2dc8ce35b40: nextIndex: updateUnconditionally 0 -> 0
2019-10-02 10:56:36,930 [grpc-default-executor-2] WARN  server.GrpcLogAppender (LogUtils.java:warn(134)) - b25f22f8-54cc-4ffd-bfcd-179cc8cbd7fc@group-6B83A71B3C43->d3dffc06-1d6a-4f7a-8294-c2dc8ce35b40-AppendLogResponseHandler: Failed appendEntries: org.apache.ratis.thirdparty.io.grpc.StatusRuntimeException: UNAVAILABLE: io exception
2019-10-02 10:56:36,930 [grpc-default-executor-2] INFO  impl.FollowerInfo (FollowerInfo.java:lambda$new$0(51)) - b25f22f8-54cc-4ffd-bfcd-179cc8cbd7fc@group-6B83A71B3C43->d3dffc06-1d6a-4f7a-8294-c2dc8ce35b40: nextIndex: updateUnconditionally 0 -> 0
2019-10-02 10:56:36,950 [grpc-default-executor-8] WARN  server.GrpcLogAppender (LogUtils.java:warn(134)) - 7df38282-3a3d-4206-964a-9b3301cd1d1f@group-ABAF19C3FAB0->d3dffc06-1d6a-4f7a-8294-c2dc8ce35b40-AppendLogResponseHandler: Failed appendEntries: org.apache.ratis.thirdparty.io.grpc.StatusRuntimeException: UNAVAILABLE: io exception
2019-10-02 10:56:36,950 [grpc-default-executor-8] INFO  impl.FollowerInfo (FollowerInfo.java:lambda$new$0(51)) - 7df38282-3a3d-4206-964a-9b3301cd1d1f@group-ABAF19C3FAB0->d3dffc06-1d6a-4f7a-8294-c2dc8ce35b40: nextIndex: updateUnconditionally 0 -> 0
2019-10-02 10:56:37,098 [grpc-default-executor-4] WARN  server.GrpcLogAppender (LogUtils.java:warn(134)) - b25f22f8-54cc-4ffd-bfcd-179cc8cbd7fc@group-49987F7A8A7C->d3dffc06-1d6a-4f7a-8294-c2dc8ce35b40-AppendLogResponseHandler: Failed appendEntries: org.apache.ratis.thirdparty.io.grpc.StatusRuntimeException: UNAVAILABLE: io exception
2019-10-02 10:56:37,098 [grpc-default-executor-4] INFO  impl.FollowerInfo (FollowerInfo.java:lambda$new$0(51)) - b25f22f8-54cc-4ffd-bfcd-179cc8cbd7fc@group-49987F7A8A7C->d3dffc06-1d6a-4f7a-8294-c2dc8ce35b40: nextIndex: updateUnconditionally 0 -> 0
2019-10-02 10:56:37,165 [main] INFO  ozoneimpl.OzoneContainer (OzoneContainer.java:stop(231)) - Attempting to stop container services.
2019-10-02 10:56:37,166 [main] INFO  impl.RaftServerProxy (RaftServerProxy.java:lambda$close$4(314)) - b7ca2e1f-1771-41a0-9147-b4dd2438232c: close
2019-10-02 10:56:37,167 [main] INFO  impl.RaftServerImpl (RaftServerImpl.java:lambda$shutdown$3(247)) - b7ca2e1f-1771-41a0-9147-b4dd2438232c@group-973438D00702: shutdown
2019-10-02 10:56:37,167 [main] INFO  util.JmxRegister (JmxRegister.java:unregister(73)) - Successfully un-registered JMX Bean with object name Ratis:service=RaftServer,group=group-973438D00702,id=b7ca2e1f-1771-41a0-9147-b4dd2438232c
2019-10-02 10:56:37,167 [main] INFO  impl.RoleInfo (RoleInfo.java:shutdownLeaderState(104)) - b7ca2e1f-1771-41a0-9147-b4dd2438232c: shutdown LeaderState
2019-10-02 10:56:37,168 [main] INFO  impl.PendingRequests (PendingRequests.java:sendNotLeaderResponses(202)) - b7ca2e1f-1771-41a0-9147-b4dd2438232c@group-973438D00702-PendingRequests: sendNotLeaderResponses
2019-10-02 10:56:37,168 [main] INFO  impl.StateMachineUpdater (StateMachineUpdater.java:stopAndJoin(136)) - b7ca2e1f-1771-41a0-9147-b4dd2438232c@group-973438D00702-StateMachineUpdater: set stopIndex = 0
2019-10-02 10:56:37,169 [main] INFO  impl.RaftServerImpl (ServerState.java:close(387)) - b7ca2e1f-1771-41a0-9147-b4dd2438232c@group-973438D00702: closes. applyIndex: 0
2019-10-02 10:56:37,169 [b7ca2e1f-1771-41a0-9147-b4dd2438232c@group-973438D00702-SegmentedRaftLogWorker] INFO  segmented.SegmentedRaftLogWorker (SegmentedRaftLogWorker.java:run(316)) - b7ca2e1f-1771-41a0-9147-b4dd2438232c@group-973438D00702-SegmentedRaftLogWorker was interrupted, exiting. There are 0 tasks remaining in the queue.
2019-10-02 10:56:37,169 [main] INFO  segmented.SegmentedRaftLogWorker (SegmentedRaftLogWorker.java:close(224)) - b7ca2e1f-1771-41a0-9147-b4dd2438232c@group-973438D00702-SegmentedRaftLogWorker close()
2019-10-02 10:56:37,173 [main] INFO  server.GrpcService (GrpcService.java:closeImpl(164)) - b7ca2e1f-1771-41a0-9147-b4dd2438232c: shutdown server with port 44547 now
2019-10-02 10:56:37,173 [ForkJoinPool.commonPool-worker-0] INFO  ozoneimpl.OzoneContainer (OzoneContainer.java:stop(231)) - Attempting to stop container services.
2019-10-02 10:56:37,175 [ForkJoinPool.commonPool-worker-0] INFO  impl.RaftServerProxy (RaftServerProxy.java:lambda$close$4(314)) - 8430a53a-9f01-498d-8c8f-dce4ce45751c: close
2019-10-02 10:56:37,175 [main] INFO  server.GrpcService (GrpcService.java:closeImpl(172)) - b7ca2e1f-1771-41a0-9147-b4dd2438232c: shutdown server with port 44547 successfully
2019-10-02 10:56:37,176 [ForkJoinPool.commonPool-worker-0] INFO  impl.RaftServerImpl (RaftServerImpl.java:lambda$shutdown$3(247)) - 8430a53a-9f01-498d-8c8f-dce4ce45751c@group-9671E89817FA: shutdown
2019-10-02 10:56:37,176 [ForkJoinPool.commonPool-worker-0] INFO  util.JmxRegister (JmxRegister.java:unregister(73)) - Successfully un-registered JMX Bean with object name Ratis:service=RaftServer,group=group-9671E89817FA,id=8430a53a-9f01-498d-8c8f-dce4ce45751c
2019-10-02 10:56:37,177 [ForkJoinPool.commonPool-worker-0] INFO  impl.RoleInfo (RoleInfo.java:shutdownLeaderState(104)) - 8430a53a-9f01-498d-8c8f-dce4ce45751c: shutdown LeaderState
2019-10-02 10:56:37,177 [ForkJoinPool.commonPool-worker-0] INFO  impl.PendingRequests (PendingRequests.java:sendNotLeaderResponses(202)) - 8430a53a-9f01-498d-8c8f-dce4ce45751c@group-9671E89817FA-PendingRequests: sendNotLeaderResponses
2019-10-02 10:56:37,178 [ForkJoinPool.commonPool-worker-0] INFO  impl.StateMachineUpdater (StateMachineUpdater.java:stopAndJoin(136)) - 8430a53a-9f01-498d-8c8f-dce4ce45751c@group-9671E89817FA-StateMachineUpdater: set stopIndex = 0
2019-10-02 10:56:37,178 [refreshUsed-/workdir/hadoop-ozone/integration-test/target/test-dir/MiniOzoneClusterImpl-5f261223-23be-4c6b-a914-4b08f19f7d30/datanode-8/data/containers] WARN  fs.CachingGetSpaceUsed (CachingGetSpaceUsed.java:run(183)) - Thread Interrupted waiting to refresh disk information: sleep interrupted
2019-10-02 10:56:37,178 [ForkJoinPool.commonPool-worker-0] INFO  impl.RaftServerImpl (ServerState.java:close(387)) - 8430a53a-9f01-498d-8c8f-dce4ce45751c@group-9671E89817FA: closes. applyIndex: 0
2019-10-02 10:56:37,178 [8430a53a-9f01-498d-8c8f-dce4ce45751c@group-9671E89817FA-SegmentedRaftLogWorker] INFO  segmented.SegmentedRaftLogWorker (SegmentedRaftLogWorker.java:run(316)) - 8430a53a-9f01-498d-8c8f-dce4ce45751c@group-9671E89817FA-SegmentedRaftLogWorker was interrupted, exiting. There are 0 tasks remaining in the queue.
2019-10-02 10:56:37,179 [ForkJoinPool.commonPool-worker-0] INFO  segmented.SegmentedRaftLogWorker (SegmentedRaftLogWorker.java:close(224)) - 8430a53a-9f01-498d-8c8f-dce4ce45751c@group-9671E89817FA-SegmentedRaftLogWorker close()
2019-10-02 10:56:37,181 [ForkJoinPool.commonPool-worker-0] INFO  server.GrpcService (GrpcService.java:closeImpl(164)) - 8430a53a-9f01-498d-8c8f-dce4ce45751c: shutdown server with port 38350 now
2019-10-02 10:56:37,183 [ForkJoinPool.commonPool-worker-0] INFO  server.GrpcService (GrpcService.java:closeImpl(172)) - 8430a53a-9f01-498d-8c8f-dce4ce45751c: shutdown server with port 38350 successfully
2019-10-02 10:56:37,186 [refreshUsed-/workdir/hadoop-ozone/integration-test/target/test-dir/MiniOzoneClusterImpl-5f261223-23be-4c6b-a914-4b08f19f7d30/datanode-4/data/containers] WARN  fs.CachingGetSpaceUsed (CachingGetSpaceUsed.java:run(183)) - Thread Interrupted waiting to refresh disk information: sleep interrupted
2019-10-02 10:56:37,189 [grpc-default-executor-8] WARN  server.GrpcLogAppender (LogUtils.java:warn(134)) - 7df38282-3a3d-4206-964a-9b3301cd1d1f@group-C476C2B24A7C->d3dffc06-1d6a-4f7a-8294-c2dc8ce35b40-AppendLogResponseHandler: Failed appendEntries: org.apache.ratis.thirdparty.io.grpc.StatusRuntimeException: UNAVAILABLE: io exception
2019-10-02 10:56:37,189 [grpc-default-executor-8] INFO  impl.FollowerInfo (FollowerInfo.java:lambda$new$0(51)) - 7df38282-3a3d-4206-964a-9b3301cd1d1f@group-C476C2B24A7C->d3dffc06-1d6a-4f7a-8294-c2dc8ce35b40: nextIndex: updateUnconditionally 0 -> 0
2019-10-02 10:56:37,198 [ForkJoinPool.commonPool-worker-0] INFO  utils.BackgroundService (BackgroundService.java:shutdown(148)) - Shutting down service BlockDeletingService
2019-10-02 10:56:37,202 [ForkJoinPool.commonPool-worker-0] INFO  statemachine.DatanodeStateMachine (DatanodeStateMachine.java:stopDaemon(395)) - Ozone container server stopped.
2019-10-02 10:56:37,206 [ForkJoinPool.commonPool-worker-0] INFO  handler.ContextHandler (ContextHandler.java:doStop(910)) - Stopped o.e.j.w.WebAppContext@6e4f263e{/,null,UNAVAILABLE}{/hddsDatanode}
2019-10-02 10:56:37,206 [main] INFO  utils.BackgroundService (BackgroundService.java:shutdown(148)) - Shutting down service BlockDeletingService
2019-10-02 10:56:37,208 [ForkJoinPool.commonPool-worker-0] INFO  server.AbstractConnector (AbstractConnector.java:doStop(318)) - Stopped ServerConnector@48b4a043{HTTP/1.1,[http/1.1]}{0.0.0.0:0}
2019-10-02 10:56:37,210 [main] INFO  statemachine.DatanodeStateMachine (DatanodeStateMachine.java:stopDaemon(395)) - Ozone container server stopped.
2019-10-02 10:56:37,211 [ForkJoinPool.commonPool-worker-0] INFO  handler.ContextHandler (ContextHandler.java:doStop(910)) - Stopped o.e.j.s.ServletContextHandler@16727bf0{/static,jar:file:/home/user/.m2/repository/org/apache/hadoop/hadoop-hdds-container-service/0.5.0-SNAPSHOT/hadoop-hdds-container-service-0.5.0-SNAPSHOT.jar!/webapps/static,UNAVAILABLE}
2019-10-02 10:56:37,213 [ForkJoinPool.commonPool-worker-0] INFO  handler.ContextHandler (ContextHandler.java:doStop(910)) - Stopped o.e.j.s.ServletContextHandler@4f89331f{/logs,file:///workdir/hadoop-ozone/integration-test/target/log,UNAVAILABLE}
2019-10-02 10:56:37,213 [main] INFO  handler.ContextHandler (ContextHandler.java:doStop(910)) - Stopped o.e.j.w.WebAppContext@18578491{/,null,UNAVAILABLE}{/hddsDatanode}
2019-10-02 10:56:37,214 [main] INFO  server.AbstractConnector (AbstractConnector.java:doStop(318)) - Stopped ServerConnector@3291b443{HTTP/1.1,[http/1.1]}{0.0.0.0:0}
2019-10-02 10:56:37,215 [main] INFO  handler.ContextHandler (ContextHandler.java:doStop(910)) - Stopped o.e.j.s.ServletContextHandler@3050ac2f{/static,jar:file:/home/user/.m2/repository/org/apache/hadoop/hadoop-hdds-container-service/0.5.0-SNAPSHOT/hadoop-hdds-container-service-0.5.0-SNAPSHOT.jar!/webapps/static,UNAVAILABLE}
2019-10-02 10:56:37,215 [main] INFO  handler.ContextHandler (ContextHandler.java:doStop(910)) - Stopped o.e.j.s.ServletContextHandler@617389a{/logs,file:///workdir/hadoop-ozone/integration-test/target/log,UNAVAILABLE}
2019-10-02 10:56:37,219 [Datanode State Machine Thread - 0] INFO  statemachine.DatanodeStateMachine (DatanodeStateMachine.java:lambda$startDaemon$0(350)) - Ozone container server started.
2019-10-02 10:56:37,311 [grpc-default-executor-2] WARN  server.GrpcLogAppender (LogUtils.java:warn(134)) - 7df38282-3a3d-4206-964a-9b3301cd1d1f@group-1A77BEA84F5E->d3dffc06-1d6a-4f7a-8294-c2dc8ce35b40-AppendLogResponseHandler: Failed appendEntries: org.apache.ratis.thirdparty.io.grpc.StatusRuntimeException: UNAVAILABLE: io exception
2019-10-02 10:56:37,311 [grpc-default-executor-2] INFO  impl.FollowerInfo (FollowerInfo.java:lambda$new$0(51)) - 7df38282-3a3d-4206-964a-9b3301cd1d1f@group-1A77BEA84F5E->d3dffc06-1d6a-4f7a-8294-c2dc8ce35b40: nextIndex: updateUnconditionally 0 -> 0
2019-10-02 10:56:37,371 [grpc-default-executor-4] WARN  server.GrpcLogAppender (LogUtils.java:warn(134)) - 7df38282-3a3d-4206-964a-9b3301cd1d1f@group-6128F9235CFD->d3dffc06-1d6a-4f7a-8294-c2dc8ce35b40-AppendLogResponseHandler: Failed appendEntries: org.apache.ratis.thirdparty.io.grpc.StatusRuntimeException: UNAVAILABLE: io exception
2019-10-02 10:56:37,371 [grpc-default-executor-4] INFO  impl.FollowerInfo (FollowerInfo.java:lambda$new$0(51)) - 7df38282-3a3d-4206-964a-9b3301cd1d1f@group-6128F9235CFD->d3dffc06-1d6a-4f7a-8294-c2dc8ce35b40: nextIndex: updateUnconditionally 0 -> 0
2019-10-02 10:56:37,401 [grpc-default-executor-2] WARN  server.GrpcLogAppender (LogUtils.java:warn(134)) - 7df38282-3a3d-4206-964a-9b3301cd1d1f@group-BE47439FB225->d3dffc06-1d6a-4f7a-8294-c2dc8ce35b40-AppendLogResponseHandler: Failed appendEntries: org.apache.ratis.thirdparty.io.grpc.StatusRuntimeException: UNAVAILABLE: io exception
2019-10-02 10:56:37,401 [grpc-default-executor-2] INFO  impl.FollowerInfo (FollowerInfo.java:lambda$new$0(51)) - 7df38282-3a3d-4206-964a-9b3301cd1d1f@group-BE47439FB225->d3dffc06-1d6a-4f7a-8294-c2dc8ce35b40: nextIndex: updateUnconditionally 0 -> 0
2019-10-02 10:56:37,430 [grpc-default-executor-2] WARN  server.GrpcLogAppender (LogUtils.java:warn(134)) - b25f22f8-54cc-4ffd-bfcd-179cc8cbd7fc@group-6B83A71B3C43->d3dffc06-1d6a-4f7a-8294-c2dc8ce35b40-AppendLogResponseHandler: Failed appendEntries: org.apache.ratis.thirdparty.io.grpc.StatusRuntimeException: UNAVAILABLE: io exception
2019-10-02 10:56:37,431 [grpc-default-executor-2] INFO  impl.FollowerInfo (FollowerInfo.java:lambda$new$0(51)) - b25f22f8-54cc-4ffd-bfcd-179cc8cbd7fc@group-6B83A71B3C43->d3dffc06-1d6a-4f7a-8294-c2dc8ce35b40: nextIndex: updateUnconditionally 0 -> 0
2019-10-02 10:56:37,450 [grpc-default-executor-2] WARN  server.GrpcLogAppender (LogUtils.java:warn(134)) - 7df38282-3a3d-4206-964a-9b3301cd1d1f@group-ABAF19C3FAB0->d3dffc06-1d6a-4f7a-8294-c2dc8ce35b40-AppendLogResponseHandler: Failed appendEntries: org.apache.ratis.thirdparty.io.grpc.StatusRuntimeException: UNAVAILABLE: io exception
2019-10-02 10:56:37,451 [grpc-default-executor-2] INFO  impl.FollowerInfo (FollowerInfo.java:lambda$new$0(51)) - 7df38282-3a3d-4206-964a-9b3301cd1d1f@group-ABAF19C3FAB0->d3dffc06-1d6a-4f7a-8294-c2dc8ce35b40: nextIndex: updateUnconditionally 0 -> 0
2019-10-02 10:56:37,474 [Datanode State Machine Thread - 0] INFO  statemachine.DatanodeStateMachine (DatanodeStateMachine.java:lambda$startDaemon$0(350)) - Ozone container server started.
2019-10-02 10:56:37,598 [grpc-default-executor-2] WARN  server.GrpcLogAppender (LogUtils.java:warn(134)) - b25f22f8-54cc-4ffd-bfcd-179cc8cbd7fc@group-49987F7A8A7C->d3dffc06-1d6a-4f7a-8294-c2dc8ce35b40-AppendLogResponseHandler: Failed appendEntries: org.apache.ratis.thirdparty.io.grpc.StatusRuntimeException: UNAVAILABLE: io exception
2019-10-02 10:56:37,598 [grpc-default-executor-2] INFO  impl.FollowerInfo (FollowerInfo.java:lambda$new$0(51)) - b25f22f8-54cc-4ffd-bfcd-179cc8cbd7fc@group-49987F7A8A7C->d3dffc06-1d6a-4f7a-8294-c2dc8ce35b40: nextIndex: updateUnconditionally 0 -> 0
2019-10-02 10:56:37,689 [grpc-default-executor-2] WARN  server.GrpcLogAppender (LogUtils.java:warn(134)) - 7df38282-3a3d-4206-964a-9b3301cd1d1f@group-C476C2B24A7C->d3dffc06-1d6a-4f7a-8294-c2dc8ce35b40-AppendLogResponseHandler: Failed appendEntries: org.apache.ratis.thirdparty.io.grpc.StatusRuntimeException: UNAVAILABLE: io exception
2019-10-02 10:56:37,690 [grpc-default-executor-2] INFO  impl.FollowerInfo (FollowerInfo.java:lambda$new$0(51)) - 7df38282-3a3d-4206-964a-9b3301cd1d1f@group-C476C2B24A7C->d3dffc06-1d6a-4f7a-8294-c2dc8ce35b40: nextIndex: updateUnconditionally 0 -> 0
2019-10-02 10:56:37,941 [grpc-default-executor-2] WARN  server.GrpcLogAppender (LogUtils.java:warn(134)) - 7df38282-3a3d-4206-964a-9b3301cd1d1f@group-BE47439FB225->d3dffc06-1d6a-4f7a-8294-c2dc8ce35b40-AppendLogResponseHandler: Failed appendEntries: org.apache.ratis.thirdparty.io.grpc.StatusRuntimeException: UNAVAILABLE: io exception
2019-10-02 10:56:37,941 [grpc-default-executor-6] WARN  server.GrpcLogAppender (LogUtils.java:warn(134)) - 7df38282-3a3d-4206-964a-9b3301cd1d1f@group-1A77BEA84F5E->d3dffc06-1d6a-4f7a-8294-c2dc8ce35b40-AppendLogResponseHandler: Failed appendEntries: org.apache.ratis.thirdparty.io.grpc.StatusRuntimeException: UNAVAILABLE: io exception
2019-10-02 10:56:37,945 [grpc-default-executor-4] WARN  server.GrpcLogAppender (LogUtils.java:warn(134)) - 7df38282-3a3d-4206-964a-9b3301cd1d1f@group-6128F9235CFD->d3dffc06-1d6a-4f7a-8294-c2dc8ce35b40-AppendLogResponseHandler: Failed appendEntries: org.apache.ratis.thirdparty.io.grpc.StatusRuntimeException: UNAVAILABLE: io exception
2019-10-02 10:56:37,954 [grpc-default-executor-6] INFO  impl.FollowerInfo (FollowerInfo.java:lambda$new$0(51)) - 7df38282-3a3d-4206-964a-9b3301cd1d1f@group-1A77BEA84F5E->d3dffc06-1d6a-4f7a-8294-c2dc8ce35b40: nextIndex: updateUnconditionally 0 -> 0
2019-10-02 10:56:37,954 [grpc-default-executor-2] INFO  impl.FollowerInfo (FollowerInfo.java:lambda$new$0(51)) - 7df38282-3a3d-4206-964a-9b3301cd1d1f@group-BE47439FB225->d3dffc06-1d6a-4f7a-8294-c2dc8ce35b40: nextIndex: updateUnconditionally 0 -> 0
2019-10-02 10:56:37,954 [grpc-default-executor-3] WARN  server.GrpcLogAppender (LogUtils.java:warn(134)) - 7df38282-3a3d-4206-964a-9b3301cd1d1f@group-ABAF19C3FAB0->d3dffc06-1d6a-4f7a-8294-c2dc8ce35b40-AppendLogResponseHandler: Failed appendEntries: org.apache.ratis.thirdparty.io.grpc.StatusRuntimeException: UNAVAILABLE: Channel shutdown invoked
2019-10-02 10:56:37,955 [grpc-default-executor-1] WARN  server.GrpcLogAppender (LogUtils.java:warn(134)) - b25f22f8-54cc-4ffd-bfcd-179cc8cbd7fc@group-6B83A71B3C43->d3dffc06-1d6a-4f7a-8294-c2dc8ce35b40-AppendLogResponseHandler: Failed appendEntries: org.apache.ratis.thirdparty.io.grpc.StatusRuntimeException: UNAVAILABLE: io exception
2019-10-02 10:56:37,955 [grpc-default-executor-4] INFO  impl.FollowerInfo (FollowerInfo.java:lambda$new$0(51)) - 7df38282-3a3d-4206-964a-9b3301cd1d1f@group-6128F9235CFD->d3dffc06-1d6a-4f7a-8294-c2dc8ce35b40: nextIndex: updateUnconditionally 0 -> 0
2019-10-02 10:56:37,956 [grpc-default-executor-1] INFO  impl.FollowerInfo (FollowerInfo.java:lambda$new$0(51)) - b25f22f8-54cc-4ffd-bfcd-179cc8cbd7fc@group-6B83A71B3C43->d3dffc06-1d6a-4f7a-8294-c2dc8ce35b40: nextIndex: updateUnconditionally 0 -> 0
2019-10-02 10:56:37,955 [grpc-default-executor-3] INFO  impl.FollowerInfo (FollowerInfo.java:lambda$new$0(51)) - 7df38282-3a3d-4206-964a-9b3301cd1d1f@group-ABAF19C3FAB0->d3dffc06-1d6a-4f7a-8294-c2dc8ce35b40: nextIndex: updateUnconditionally 0 -> 0
2019-10-02 10:56:38,100 [grpc-default-executor-4] WARN  server.GrpcLogAppender (LogUtils.java:warn(134)) - b25f22f8-54cc-4ffd-bfcd-179cc8cbd7fc@group-49987F7A8A7C->d3dffc06-1d6a-4f7a-8294-c2dc8ce35b40-AppendLogResponseHandler: Failed appendEntries: org.apache.ratis.thirdparty.io.grpc.StatusRuntimeException: UNAVAILABLE: io exception
2019-10-02 10:56:38,100 [grpc-default-executor-4] INFO  impl.FollowerInfo (FollowerInfo.java:lambda$new$0(51)) - b25f22f8-54cc-4ffd-bfcd-179cc8cbd7fc@group-49987F7A8A7C->d3dffc06-1d6a-4f7a-8294-c2dc8ce35b40: nextIndex: updateUnconditionally 0 -> 0
2019-10-02 10:56:38,190 [grpc-default-executor-1] WARN  server.GrpcLogAppender (LogUtils.java:warn(134)) - 7df38282-3a3d-4206-964a-9b3301cd1d1f@group-C476C2B24A7C->d3dffc06-1d6a-4f7a-8294-c2dc8ce35b40-AppendLogResponseHandler: Failed appendEntries: org.apache.ratis.thirdparty.io.grpc.StatusRuntimeException: UNAVAILABLE: io exception
2019-10-02 10:56:38,191 [grpc-default-executor-1] INFO  impl.FollowerInfo (FollowerInfo.java:lambda$new$0(51)) - 7df38282-3a3d-4206-964a-9b3301cd1d1f@group-C476C2B24A7C->d3dffc06-1d6a-4f7a-8294-c2dc8ce35b40: nextIndex: updateUnconditionally 0 -> 0
2019-10-02 10:56:38,389 [grpc-default-executor-4] WARN  server.GrpcLogAppender (LogUtils.java:warn(134)) - 7df38282-3a3d-4206-964a-9b3301cd1d1f@group-6128F9235CFD->d3dffc06-1d6a-4f7a-8294-c2dc8ce35b40-AppendLogResponseHandler: Failed appendEntries: org.apache.ratis.thirdparty.io.grpc.StatusRuntimeException: UNAVAILABLE: io exception
2019-10-02 10:56:38,389 [grpc-default-executor-7] WARN  server.GrpcLogAppender (LogUtils.java:warn(134)) - 7df38282-3a3d-4206-964a-9b3301cd1d1f@group-1A77BEA84F5E->d3dffc06-1d6a-4f7a-8294-c2dc8ce35b40-AppendLogResponseHandler: Failed appendEntries: org.apache.ratis.thirdparty.io.grpc.StatusRuntimeException: UNAVAILABLE: io exception
2019-10-02 10:56:38,390 [grpc-default-executor-4] INFO  impl.FollowerInfo (FollowerInfo.java:lambda$new$0(51)) - 7df38282-3a3d-4206-964a-9b3301cd1d1f@group-6128F9235CFD->d3dffc06-1d6a-4f7a-8294-c2dc8ce35b40: nextIndex: updateUnconditionally 0 -> 0
2019-10-02 10:56:38,390 [grpc-default-executor-7] INFO  impl.FollowerInfo (FollowerInfo.java:lambda$new$0(51)) - 7df38282-3a3d-4206-964a-9b3301cd1d1f@group-1A77BEA84F5E->d3dffc06-1d6a-4f7a-8294-c2dc8ce35b40: nextIndex: updateUnconditionally 0 -> 0
2019-10-02 10:56:38,415 [grpc-default-executor-1] WARN  server.GrpcLogAppender (LogUtils.java:warn(134)) - 7df38282-3a3d-4206-964a-9b3301cd1d1f@group-BE47439FB225->d3dffc06-1d6a-4f7a-8294-c2dc8ce35b40-AppendLogResponseHandler: Failed appendEntries: org.apache.ratis.thirdparty.io.grpc.StatusRuntimeException: UNAVAILABLE: io exception
2019-10-02 10:56:38,416 [grpc-default-executor-1] INFO  impl.FollowerInfo (FollowerInfo.java:lambda$new$0(51)) - 7df38282-3a3d-4206-964a-9b3301cd1d1f@group-BE47439FB225->d3dffc06-1d6a-4f7a-8294-c2dc8ce35b40: nextIndex: updateUnconditionally 0 -> 0
2019-10-02 10:56:38,448 [grpc-default-executor-4] WARN  server.GrpcLogAppender (LogUtils.java:warn(134)) - b25f22f8-54cc-4ffd-bfcd-179cc8cbd7fc@group-6B83A71B3C43->d3dffc06-1d6a-4f7a-8294-c2dc8ce35b40-AppendLogResponseHandler: Failed appendEntries: org.apache.ratis.thirdparty.io.grpc.StatusRuntimeException: UNAVAILABLE: io exception
2019-10-02 10:56:38,449 [grpc-default-executor-4] INFO  impl.FollowerInfo (FollowerInfo.java:lambda$new$0(51)) - b25f22f8-54cc-4ffd-bfcd-179cc8cbd7fc@group-6B83A71B3C43->d3dffc06-1d6a-4f7a-8294-c2dc8ce35b40: nextIndex: updateUnconditionally 0 -> 0
2019-10-02 10:56:38,456 [grpc-default-executor-7] WARN  server.GrpcLogAppender (LogUtils.java:warn(134)) - 7df38282-3a3d-4206-964a-9b3301cd1d1f@group-ABAF19C3FAB0->d3dffc06-1d6a-4f7a-8294-c2dc8ce35b40-AppendLogResponseHandler: Failed appendEntries: org.apache.ratis.thirdparty.io.grpc.StatusRuntimeException: UNAVAILABLE: io exception
2019-10-02 10:56:38,457 [grpc-default-executor-7] INFO  impl.FollowerInfo (FollowerInfo.java:lambda$new$0(51)) - 7df38282-3a3d-4206-964a-9b3301cd1d1f@group-ABAF19C3FAB0->d3dffc06-1d6a-4f7a-8294-c2dc8ce35b40: nextIndex: updateUnconditionally 0 -> 0
2019-10-02 10:56:38,600 [grpc-default-executor-1] WARN  server.GrpcLogAppender (LogUtils.java:warn(134)) - b25f22f8-54cc-4ffd-bfcd-179cc8cbd7fc@group-49987F7A8A7C->d3dffc06-1d6a-4f7a-8294-c2dc8ce35b40-AppendLogResponseHandler: Failed appendEntries: org.apache.ratis.thirdparty.io.grpc.StatusRuntimeException: UNAVAILABLE: io exception
2019-10-02 10:56:38,601 [grpc-default-executor-1] INFO  impl.FollowerInfo (FollowerInfo.java:lambda$new$0(51)) - b25f22f8-54cc-4ffd-bfcd-179cc8cbd7fc@group-49987F7A8A7C->d3dffc06-1d6a-4f7a-8294-c2dc8ce35b40: nextIndex: updateUnconditionally 0 -> 0
2019-10-02 10:56:38,691 [grpc-default-executor-7] WARN  server.GrpcLogAppender (LogUtils.java:warn(134)) - 7df38282-3a3d-4206-964a-9b3301cd1d1f@group-C476C2B24A7C->d3dffc06-1d6a-4f7a-8294-c2dc8ce35b40-AppendLogResponseHandler: Failed appendEntries: org.apache.ratis.thirdparty.io.grpc.StatusRuntimeException: UNAVAILABLE: io exception
2019-10-02 10:56:38,692 [grpc-default-executor-7] INFO  impl.FollowerInfo (FollowerInfo.java:lambda$new$0(51)) - 7df38282-3a3d-4206-964a-9b3301cd1d1f@group-C476C2B24A7C->d3dffc06-1d6a-4f7a-8294-c2dc8ce35b40: nextIndex: updateUnconditionally 0 -> 0
2019-10-02 10:56:38,890 [grpc-default-executor-7] WARN  server.GrpcLogAppender (LogUtils.java:warn(134)) - 7df38282-3a3d-4206-964a-9b3301cd1d1f@group-1A77BEA84F5E->d3dffc06-1d6a-4f7a-8294-c2dc8ce35b40-AppendLogResponseHandler: Failed appendEntries: org.apache.ratis.thirdparty.io.grpc.StatusRuntimeException: UNAVAILABLE: io exception
2019-10-02 10:56:38,890 [grpc-default-executor-4] WARN  server.GrpcLogAppender (LogUtils.java:warn(134)) - 7df38282-3a3d-4206-964a-9b3301cd1d1f@group-6128F9235CFD->d3dffc06-1d6a-4f7a-8294-c2dc8ce35b40-AppendLogResponseHandler: Failed appendEntries: org.apache.ratis.thirdparty.io.grpc.StatusRuntimeException: UNAVAILABLE: io exception
2019-10-02 10:56:38,890 [grpc-default-executor-7] INFO  impl.FollowerInfo (FollowerInfo.java:lambda$new$0(51)) - 7df38282-3a3d-4206-964a-9b3301cd1d1f@group-1A77BEA84F5E->d3dffc06-1d6a-4f7a-8294-c2dc8ce35b40: nextIndex: updateUnconditionally 0 -> 0
2019-10-02 10:56:38,891 [grpc-default-executor-4] INFO  impl.FollowerInfo (FollowerInfo.java:lambda$new$0(51)) - 7df38282-3a3d-4206-964a-9b3301cd1d1f@group-6128F9235CFD->d3dffc06-1d6a-4f7a-8294-c2dc8ce35b40: nextIndex: updateUnconditionally 0 -> 0
2019-10-02 10:56:38,915 [grpc-default-executor-4] WARN  server.GrpcLogAppender (LogUtils.java:warn(134)) - 7df38282-3a3d-4206-964a-9b3301cd1d1f@group-BE47439FB225->d3dffc06-1d6a-4f7a-8294-c2dc8ce35b40-AppendLogResponseHandler: Failed appendEntries: org.apache.ratis.thirdparty.io.grpc.StatusRuntimeException: UNAVAILABLE: io exception
2019-10-02 10:56:38,916 [grpc-default-executor-4] INFO  impl.FollowerInfo (FollowerInfo.java:lambda$new$0(51)) - 7df38282-3a3d-4206-964a-9b3301cd1d1f@group-BE47439FB225->d3dffc06-1d6a-4f7a-8294-c2dc8ce35b40: nextIndex: updateUnconditionally 0 -> 0
2019-10-02 10:56:38,950 [grpc-default-executor-4] WARN  server.GrpcLogAppender (LogUtils.java:warn(134)) - b25f22f8-54cc-4ffd-bfcd-179cc8cbd7fc@group-6B83A71B3C43->d3dffc06-1d6a-4f7a-8294-c2dc8ce35b40-AppendLogResponseHandler: Failed appendEntries: org.apache.ratis.thirdparty.io.grpc.StatusRuntimeException: UNAVAILABLE: io exception
2019-10-02 10:56:38,950 [grpc-default-executor-4] INFO  impl.FollowerInfo (FollowerInfo.java:lambda$new$0(51)) - b25f22f8-54cc-4ffd-bfcd-179cc8cbd7fc@group-6B83A71B3C43->d3dffc06-1d6a-4f7a-8294-c2dc8ce35b40: nextIndex: updateUnconditionally 0 -> 0
2019-10-02 10:56:38,957 [grpc-default-executor-4] WARN  server.GrpcLogAppender (LogUtils.java:warn(134)) - 7df38282-3a3d-4206-964a-9b3301cd1d1f@group-ABAF19C3FAB0->d3dffc06-1d6a-4f7a-8294-c2dc8ce35b40-AppendLogResponseHandler: Failed appendEntries: org.apache.ratis.thirdparty.io.grpc.StatusRuntimeException: UNAVAILABLE: io exception
2019-10-02 10:56:38,957 [grpc-default-executor-4] INFO  impl.FollowerInfo (FollowerInfo.java:lambda$new$0(51)) - 7df38282-3a3d-4206-964a-9b3301cd1d1f@group-ABAF19C3FAB0->d3dffc06-1d6a-4f7a-8294-c2dc8ce35b40: nextIndex: updateUnconditionally 0 -> 0
2019-10-02 10:56:39,101 [grpc-default-executor-1] WARN  server.GrpcLogAppender (LogUtils.java:warn(134)) - b25f22f8-54cc-4ffd-bfcd-179cc8cbd7fc@group-49987F7A8A7C->d3dffc06-1d6a-4f7a-8294-c2dc8ce35b40-AppendLogResponseHandler: Failed appendEntries: org.apache.ratis.thirdparty.io.grpc.StatusRuntimeException: UNAVAILABLE: io exception
2019-10-02 10:56:39,102 [grpc-default-executor-1] INFO  impl.FollowerInfo (FollowerInfo.java:lambda$new$0(51)) - b25f22f8-54cc-4ffd-bfcd-179cc8cbd7fc@group-49987F7A8A7C->d3dffc06-1d6a-4f7a-8294-c2dc8ce35b40: nextIndex: updateUnconditionally 0 -> 0
2019-10-02 10:56:39,192 [grpc-default-executor-1] WARN  server.GrpcLogAppender (LogUtils.java:warn(134)) - 7df38282-3a3d-4206-964a-9b3301cd1d1f@group-C476C2B24A7C->d3dffc06-1d6a-4f7a-8294-c2dc8ce35b40-AppendLogResponseHandler: Failed appendEntries: org.apache.ratis.thirdparty.io.grpc.StatusRuntimeException: UNAVAILABLE: io exception
2019-10-02 10:56:39,192 [grpc-default-executor-1] INFO  impl.FollowerInfo (FollowerInfo.java:lambda$new$0(51)) - 7df38282-3a3d-4206-964a-9b3301cd1d1f@group-C476C2B24A7C->d3dffc06-1d6a-4f7a-8294-c2dc8ce35b40: nextIndex: updateUnconditionally 0 -> 0
2019-10-02 10:56:39,391 [grpc-default-executor-3] WARN  server.GrpcLogAppender (LogUtils.java:warn(134)) - 7df38282-3a3d-4206-964a-9b3301cd1d1f@group-1A77BEA84F5E->d3dffc06-1d6a-4f7a-8294-c2dc8ce35b40-AppendLogResponseHandler: Failed appendEntries: org.apache.ratis.thirdparty.io.grpc.StatusRuntimeException: UNAVAILABLE: io exception
2019-10-02 10:56:39,391 [grpc-default-executor-2] WARN  server.GrpcLogAppender (LogUtils.java:warn(134)) - 7df38282-3a3d-4206-964a-9b3301cd1d1f@group-6128F9235CFD->d3dffc06-1d6a-4f7a-8294-c2dc8ce35b40-AppendLogResponseHandler: Failed appendEntries: org.apache.ratis.thirdparty.io.grpc.StatusRuntimeException: UNAVAILABLE: io exception
2019-10-02 10:56:39,391 [grpc-default-executor-3] INFO  impl.FollowerInfo (FollowerInfo.java:lambda$new$0(51)) - 7df38282-3a3d-4206-964a-9b3301cd1d1f@group-1A77BEA84F5E->d3dffc06-1d6a-4f7a-8294-c2dc8ce35b40: nextIndex: updateUnconditionally 0 -> 0
2019-10-02 10:56:39,392 [grpc-default-executor-2] INFO  impl.FollowerInfo (FollowerInfo.java:lambda$new$0(51)) - 7df38282-3a3d-4206-964a-9b3301cd1d1f@group-6128F9235CFD->d3dffc06-1d6a-4f7a-8294-c2dc8ce35b40: nextIndex: updateUnconditionally 0 -> 0
2019-10-02 10:56:39,417 [grpc-default-executor-2] WARN  server.GrpcLogAppender (LogUtils.java:warn(134)) - 7df38282-3a3d-4206-964a-9b3301cd1d1f@group-BE47439FB225->d3dffc06-1d6a-4f7a-8294-c2dc8ce35b40-AppendLogResponseHandler: Failed appendEntries: org.apache.ratis.thirdparty.io.grpc.StatusRuntimeException: UNAVAILABLE: io exception
2019-10-02 10:56:39,417 [grpc-default-executor-2] INFO  impl.FollowerInfo (FollowerInfo.java:lambda$new$0(51)) - 7df38282-3a3d-4206-964a-9b3301cd1d1f@group-BE47439FB225->d3dffc06-1d6a-4f7a-8294-c2dc8ce35b40: nextIndex: updateUnconditionally 0 -> 0
2019-10-02 10:56:39,450 [grpc-default-executor-2] WARN  server.GrpcLogAppender (LogUtils.java:warn(134)) - b25f22f8-54cc-4ffd-bfcd-179cc8cbd7fc@group-6B83A71B3C43->d3dffc06-1d6a-4f7a-8294-c2dc8ce35b40-AppendLogResponseHandler: Failed appendEntries: org.apache.ratis.thirdparty.io.grpc.StatusRuntimeException: UNAVAILABLE: io exception
2019-10-02 10:56:39,450 [grpc-default-executor-2] INFO  impl.FollowerInfo (FollowerInfo.java:lambda$new$0(51)) - b25f22f8-54cc-4ffd-bfcd-179cc8cbd7fc@group-6B83A71B3C43->d3dffc06-1d6a-4f7a-8294-c2dc8ce35b40: nextIndex: updateUnconditionally 0 -> 0
2019-10-02 10:56:39,457 [grpc-default-executor-2] WARN  server.GrpcLogAppender (LogUtils.java:warn(134)) - 7df38282-3a3d-4206-964a-9b3301cd1d1f@group-ABAF19C3FAB0->d3dffc06-1d6a-4f7a-8294-c2dc8ce35b40-AppendLogResponseHandler: Failed appendEntries: org.apache.ratis.thirdparty.io.grpc.StatusRuntimeException: UNAVAILABLE: io exception
2019-10-02 10:56:39,458 [grpc-default-executor-2] INFO  impl.FollowerInfo (FollowerInfo.java:lambda$new$0(51)) - 7df38282-3a3d-4206-964a-9b3301cd1d1f@group-ABAF19C3FAB0->d3dffc06-1d6a-4f7a-8294-c2dc8ce35b40: nextIndex: updateUnconditionally 0 -> 0
2019-10-02 10:56:39,602 [grpc-default-executor-3] WARN  server.GrpcLogAppender (LogUtils.java:warn(134)) - b25f22f8-54cc-4ffd-bfcd-179cc8cbd7fc@group-49987F7A8A7C->d3dffc06-1d6a-4f7a-8294-c2dc8ce35b40-AppendLogResponseHandler: Failed appendEntries: org.apache.ratis.thirdparty.io.grpc.StatusRuntimeException: UNAVAILABLE: io exception
2019-10-02 10:56:39,603 [grpc-default-executor-3] INFO  impl.FollowerInfo (FollowerInfo.java:lambda$new$0(51)) - b25f22f8-54cc-4ffd-bfcd-179cc8cbd7fc@group-49987F7A8A7C->d3dffc06-1d6a-4f7a-8294-c2dc8ce35b40: nextIndex: updateUnconditionally 0 -> 0
2019-10-02 10:56:39,693 [grpc-default-executor-3] WARN  server.GrpcLogAppender (LogUtils.java:warn(134)) - 7df38282-3a3d-4206-964a-9b3301cd1d1f@group-C476C2B24A7C->d3dffc06-1d6a-4f7a-8294-c2dc8ce35b40-AppendLogResponseHandler: Failed appendEntries: org.apache.ratis.thirdparty.io.grpc.StatusRuntimeException: UNAVAILABLE: io exception
2019-10-02 10:56:39,693 [grpc-default-executor-3] INFO  impl.FollowerInfo (FollowerInfo.java:lambda$new$0(51)) - 7df38282-3a3d-4206-964a-9b3301cd1d1f@group-C476C2B24A7C->d3dffc06-1d6a-4f7a-8294-c2dc8ce35b40: nextIndex: updateUnconditionally 0 -> 0
2019-10-02 10:56:39,891 [grpc-default-executor-7] WARN  server.GrpcLogAppender (LogUtils.java:warn(134)) - 7df38282-3a3d-4206-964a-9b3301cd1d1f@group-6128F9235CFD->d3dffc06-1d6a-4f7a-8294-c2dc8ce35b40-AppendLogResponseHandler: Failed appendEntries: org.apache.ratis.thirdparty.io.grpc.StatusRuntimeException: UNAVAILABLE: io exception
2019-10-02 10:56:39,892 [grpc-default-executor-4] WARN  server.GrpcLogAppender (LogUtils.java:warn(134)) - 7df38282-3a3d-4206-964a-9b3301cd1d1f@group-1A77BEA84F5E->d3dffc06-1d6a-4f7a-8294-c2dc8ce35b40-AppendLogResponseHandler: Failed appendEntries: org.apache.ratis.thirdparty.io.grpc.StatusRuntimeException: UNAVAILABLE: io exception
2019-10-02 10:56:39,892 [grpc-default-executor-7] INFO  impl.FollowerInfo (FollowerInfo.java:lambda$new$0(51)) - 7df38282-3a3d-4206-964a-9b3301cd1d1f@group-6128F9235CFD->d3dffc06-1d6a-4f7a-8294-c2dc8ce35b40: nextIndex: updateUnconditionally 0 -> 0
2019-10-02 10:56:39,892 [grpc-default-executor-4] INFO  impl.FollowerInfo (FollowerInfo.java:lambda$new$0(51)) - 7df38282-3a3d-4206-964a-9b3301cd1d1f@group-1A77BEA84F5E->d3dffc06-1d6a-4f7a-8294-c2dc8ce35b40: nextIndex: updateUnconditionally 0 -> 0
2019-10-02 10:56:39,917 [grpc-default-executor-4] WARN  server.GrpcLogAppender (LogUtils.java:warn(134)) - 7df38282-3a3d-4206-964a-9b3301cd1d1f@group-BE47439FB225->d3dffc06-1d6a-4f7a-8294-c2dc8ce35b40-AppendLogResponseHandler: Failed appendEntries: org.apache.ratis.thirdparty.io.grpc.StatusRuntimeException: UNAVAILABLE: io exception
2019-10-02 10:56:39,917 [grpc-default-executor-4] INFO  impl.FollowerInfo (FollowerInfo.java:lambda$new$0(51)) - 7df38282-3a3d-4206-964a-9b3301cd1d1f@group-BE47439FB225->d3dffc06-1d6a-4f7a-8294-c2dc8ce35b40: nextIndex: updateUnconditionally 0 -> 0
2019-10-02 10:56:39,951 [grpc-default-executor-4] WARN  server.GrpcLogAppender (LogUtils.java:warn(134)) - b25f22f8-54cc-4ffd-bfcd-179cc8cbd7fc@group-6B83A71B3C43->d3dffc06-1d6a-4f7a-8294-c2dc8ce35b40-AppendLogResponseHandler: Failed appendEntries: org.apache.ratis.thirdparty.io.grpc.StatusRuntimeException: UNAVAILABLE: io exception
2019-10-02 10:56:39,951 [grpc-default-executor-4] INFO  impl.FollowerInfo (FollowerInfo.java:lambda$new$0(51)) - b25f22f8-54cc-4ffd-bfcd-179cc8cbd7fc@group-6B83A71B3C43->d3dffc06-1d6a-4f7a-8294-c2dc8ce35b40: nextIndex: updateUnconditionally 0 -> 0
2019-10-02 10:56:39,958 [grpc-default-executor-1] WARN  server.GrpcLogAppender (LogUtils.java:warn(134)) - 7df38282-3a3d-4206-964a-9b3301cd1d1f@group-ABAF19C3FAB0->d3dffc06-1d6a-4f7a-8294-c2dc8ce35b40-AppendLogResponseHandler: Failed appendEntries: org.apache.ratis.thirdparty.io.grpc.StatusRuntimeException: UNAVAILABLE: io exception
2019-10-02 10:56:39,958 [grpc-default-executor-1] INFO  impl.FollowerInfo (FollowerInfo.java:lambda$new$0(51)) - 7df38282-3a3d-4206-964a-9b3301cd1d1f@group-ABAF19C3FAB0->d3dffc06-1d6a-4f7a-8294-c2dc8ce35b40: nextIndex: updateUnconditionally 0 -> 0
2019-10-02 10:56:40,102 [grpc-default-executor-4] WARN  server.GrpcLogAppender (LogUtils.java:warn(134)) - b25f22f8-54cc-4ffd-bfcd-179cc8cbd7fc@group-49987F7A8A7C->d3dffc06-1d6a-4f7a-8294-c2dc8ce35b40-AppendLogResponseHandler: Failed appendEntries: org.apache.ratis.thirdparty.io.grpc.StatusRuntimeException: UNAVAILABLE: io exception
2019-10-02 10:56:40,103 [grpc-default-executor-4] INFO  impl.FollowerInfo (FollowerInfo.java:lambda$new$0(51)) - b25f22f8-54cc-4ffd-bfcd-179cc8cbd7fc@group-49987F7A8A7C->d3dffc06-1d6a-4f7a-8294-c2dc8ce35b40: nextIndex: updateUnconditionally 0 -> 0
2019-10-02 10:56:40,194 [grpc-default-executor-4] WARN  server.GrpcLogAppender (LogUtils.java:warn(134)) - 7df38282-3a3d-4206-964a-9b3301cd1d1f@group-C476C2B24A7C->d3dffc06-1d6a-4f7a-8294-c2dc8ce35b40-AppendLogResponseHandler: Failed appendEntries: org.apache.ratis.thirdparty.io.grpc.StatusRuntimeException: UNAVAILABLE: io exception
2019-10-02 10:56:40,194 [grpc-default-executor-4] INFO  impl.FollowerInfo (FollowerInfo.java:lambda$new$0(51)) - 7df38282-3a3d-4206-964a-9b3301cd1d1f@group-C476C2B24A7C->d3dffc06-1d6a-4f7a-8294-c2dc8ce35b40: nextIndex: updateUnconditionally 0 -> 0
2019-10-02 10:56:40,392 [grpc-default-executor-3] WARN  server.GrpcLogAppender (LogUtils.java:warn(134)) - 7df38282-3a3d-4206-964a-9b3301cd1d1f@group-6128F9235CFD->d3dffc06-1d6a-4f7a-8294-c2dc8ce35b40-AppendLogResponseHandler: Failed appendEntries: org.apache.ratis.thirdparty.io.grpc.StatusRuntimeException: UNAVAILABLE: io exception
2019-10-02 10:56:40,392 [grpc-default-executor-2] WARN  server.GrpcLogAppender (LogUtils.java:warn(134)) - 7df38282-3a3d-4206-964a-9b3301cd1d1f@group-1A77BEA84F5E->d3dffc06-1d6a-4f7a-8294-c2dc8ce35b40-AppendLogResponseHandler: Failed appendEntries: org.apache.ratis.thirdparty.io.grpc.StatusRuntimeException: UNAVAILABLE: io exception
2019-10-02 10:56:40,393 [grpc-default-executor-3] INFO  impl.FollowerInfo (FollowerInfo.java:lambda$new$0(51)) - 7df38282-3a3d-4206-964a-9b3301cd1d1f@group-6128F9235CFD->d3dffc06-1d6a-4f7a-8294-c2dc8ce35b40: nextIndex: updateUnconditionally 0 -> 0
2019-10-02 10:56:40,393 [grpc-default-executor-2] INFO  impl.FollowerInfo (FollowerInfo.java:lambda$new$0(51)) - 7df38282-3a3d-4206-964a-9b3301cd1d1f@group-1A77BEA84F5E->d3dffc06-1d6a-4f7a-8294-c2dc8ce35b40: nextIndex: updateUnconditionally 0 -> 0
2019-10-02 10:56:40,418 [grpc-default-executor-7] WARN  server.GrpcLogAppender (LogUtils.java:warn(134)) - 7df38282-3a3d-4206-964a-9b3301cd1d1f@group-BE47439FB225->d3dffc06-1d6a-4f7a-8294-c2dc8ce35b40-AppendLogResponseHandler: Failed appendEntries: org.apache.ratis.thirdparty.io.grpc.StatusRuntimeException: UNAVAILABLE: io exception
2019-10-02 10:56:40,418 [grpc-default-executor-7] INFO  impl.FollowerInfo (FollowerInfo.java:lambda$new$0(51)) - 7df38282-3a3d-4206-964a-9b3301cd1d1f@group-BE47439FB225->d3dffc06-1d6a-4f7a-8294-c2dc8ce35b40: nextIndex: updateUnconditionally 0 -> 0
2019-10-02 10:56:40,451 [grpc-default-executor-3] WARN  server.GrpcLogAppender (LogUtils.java:warn(134)) - b25f22f8-54cc-4ffd-bfcd-179cc8cbd7fc@group-6B83A71B3C43->d3dffc06-1d6a-4f7a-8294-c2dc8ce35b40-AppendLogResponseHandler: Failed appendEntries: org.apache.ratis.thirdparty.io.grpc.StatusRuntimeException: UNAVAILABLE: io exception
2019-10-02 10:56:40,452 [grpc-default-executor-3] INFO  impl.FollowerInfo (FollowerInfo.java:lambda$new$0(51)) - b25f22f8-54cc-4ffd-bfcd-179cc8cbd7fc@group-6B83A71B3C43->d3dffc06-1d6a-4f7a-8294-c2dc8ce35b40: nextIndex: updateUnconditionally 0 -> 0
2019-10-02 10:56:40,459 [grpc-default-executor-2] WARN  server.GrpcLogAppender (LogUtils.java:warn(134)) - 7df38282-3a3d-4206-964a-9b3301cd1d1f@group-ABAF19C3FAB0->d3dffc06-1d6a-4f7a-8294-c2dc8ce35b40-AppendLogResponseHandler: Failed appendEntries: org.apache.ratis.thirdparty.io.grpc.StatusRuntimeException: UNAVAILABLE: io exception
2019-10-02 10:56:40,459 [grpc-default-executor-2] INFO  impl.FollowerInfo (FollowerInfo.java:lambda$new$0(51)) - 7df38282-3a3d-4206-964a-9b3301cd1d1f@group-ABAF19C3FAB0->d3dffc06-1d6a-4f7a-8294-c2dc8ce35b40: nextIndex: updateUnconditionally 0 -> 0
2019-10-02 10:56:40,604 [grpc-default-executor-3] WARN  server.GrpcLogAppender (LogUtils.java:warn(134)) - b25f22f8-54cc-4ffd-bfcd-179cc8cbd7fc@group-49987F7A8A7C->d3dffc06-1d6a-4f7a-8294-c2dc8ce35b40-AppendLogResponseHandler: Failed appendEntries: org.apache.ratis.thirdparty.io.grpc.StatusRuntimeException: UNAVAILABLE: io exception
2019-10-02 10:56:40,604 [grpc-default-executor-3] INFO  impl.FollowerInfo (FollowerInfo.java:lambda$new$0(51)) - b25f22f8-54cc-4ffd-bfcd-179cc8cbd7fc@group-49987F7A8A7C->d3dffc06-1d6a-4f7a-8294-c2dc8ce35b40: nextIndex: updateUnconditionally 0 -> 0
2019-10-02 10:56:40,694 [grpc-default-executor-3] WARN  server.GrpcLogAppender (LogUtils.java:warn(134)) - 7df38282-3a3d-4206-964a-9b3301cd1d1f@group-C476C2B24A7C->d3dffc06-1d6a-4f7a-8294-c2dc8ce35b40-AppendLogResponseHandler: Failed appendEntries: org.apache.ratis.thirdparty.io.grpc.StatusRuntimeException: UNAVAILABLE: io exception
2019-10-02 10:56:40,695 [grpc-default-executor-3] INFO  impl.FollowerInfo (FollowerInfo.java:lambda$new$0(51)) - 7df38282-3a3d-4206-964a-9b3301cd1d1f@group-C476C2B24A7C->d3dffc06-1d6a-4f7a-8294-c2dc8ce35b40: nextIndex: updateUnconditionally 0 -> 0
2019-10-02 10:56:40,893 [grpc-default-executor-3] WARN  server.GrpcLogAppender (LogUtils.java:warn(134)) - 7df38282-3a3d-4206-964a-9b3301cd1d1f@group-1A77BEA84F5E->d3dffc06-1d6a-4f7a-8294-c2dc8ce35b40-AppendLogResponseHandler: Failed appendEntries: org.apache.ratis.thirdparty.io.grpc.StatusRuntimeException: UNAVAILABLE: io exception
2019-10-02 10:56:40,893 [grpc-default-executor-4] WARN  server.GrpcLogAppender (LogUtils.java:warn(134)) - 7df38282-3a3d-4206-964a-9b3301cd1d1f@group-6128F9235CFD->d3dffc06-1d6a-4f7a-8294-c2dc8ce35b40-AppendLogResponseHandler: Failed appendEntries: org.apache.ratis.thirdparty.io.grpc.StatusRuntimeException: UNAVAILABLE: io exception
2019-10-02 10:56:40,893 [grpc-default-executor-3] INFO  impl.FollowerInfo (FollowerInfo.java:lambda$new$0(51)) - 7df38282-3a3d-4206-964a-9b3301cd1d1f@group-1A77BEA84F5E->d3dffc06-1d6a-4f7a-8294-c2dc8ce35b40: nextIndex: updateUnconditionally 0 -> 0
2019-10-02 10:56:40,893 [grpc-default-executor-4] INFO  impl.FollowerInfo (FollowerInfo.java:lambda$new$0(51)) - 7df38282-3a3d-4206-964a-9b3301cd1d1f@group-6128F9235CFD->d3dffc06-1d6a-4f7a-8294-c2dc8ce35b40: nextIndex: updateUnconditionally 0 -> 0
2019-10-02 10:56:40,919 [grpc-default-executor-7] WARN  server.GrpcLogAppender (LogUtils.java:warn(134)) - 7df38282-3a3d-4206-964a-9b3301cd1d1f@group-BE47439FB225->d3dffc06-1d6a-4f7a-8294-c2dc8ce35b40-AppendLogResponseHandler: Failed appendEntries: org.apache.ratis.thirdparty.io.grpc.StatusRuntimeException: UNAVAILABLE: io exception
2019-10-02 10:56:40,919 [grpc-default-executor-7] INFO  impl.FollowerInfo (FollowerInfo.java:lambda$new$0(51)) - 7df38282-3a3d-4206-964a-9b3301cd1d1f@group-BE47439FB225->d3dffc06-1d6a-4f7a-8294-c2dc8ce35b40: nextIndex: updateUnconditionally 0 -> 0
2019-10-02 10:56:40,953 [grpc-default-executor-7] WARN  server.GrpcLogAppender (LogUtils.java:warn(134)) - b25f22f8-54cc-4ffd-bfcd-179cc8cbd7fc@group-6B83A71B3C43->d3dffc06-1d6a-4f7a-8294-c2dc8ce35b40-AppendLogResponseHandler: Failed appendEntries: org.apache.ratis.thirdparty.io.grpc.StatusRuntimeException: UNAVAILABLE: io exception
2019-10-02 10:56:40,953 [grpc-default-executor-7] INFO  impl.FollowerInfo (FollowerInfo.java:lambda$new$0(51)) - b25f22f8-54cc-4ffd-bfcd-179cc8cbd7fc@group-6B83A71B3C43->d3dffc06-1d6a-4f7a-8294-c2dc8ce35b40: nextIndex: updateUnconditionally 0 -> 0
2019-10-02 10:56:40,959 [grpc-default-executor-3] WARN  server.GrpcLogAppender (LogUtils.java:warn(134)) - 7df38282-3a3d-4206-964a-9b3301cd1d1f@group-ABAF19C3FAB0->d3dffc06-1d6a-4f7a-8294-c2dc8ce35b40-AppendLogResponseHandler: Failed appendEntries: org.apache.ratis.thirdparty.io.grpc.StatusRuntimeException: UNAVAILABLE: io exception
2019-10-02 10:56:40,959 [grpc-default-executor-3] INFO  impl.FollowerInfo (FollowerInfo.java:lambda$new$0(51)) - 7df38282-3a3d-4206-964a-9b3301cd1d1f@group-ABAF19C3FAB0->d3dffc06-1d6a-4f7a-8294-c2dc8ce35b40: nextIndex: updateUnconditionally 0 -> 0
2019-10-02 10:56:41,105 [grpc-default-executor-3] WARN  server.GrpcLogAppender (LogUtils.java:warn(134)) - b25f22f8-54cc-4ffd-bfcd-179cc8cbd7fc@group-49987F7A8A7C->d3dffc06-1d6a-4f7a-8294-c2dc8ce35b40-AppendLogResponseHandler: Failed appendEntries: org.apache.ratis.thirdparty.io.grpc.StatusRuntimeException: UNAVAILABLE: io exception
2019-10-02 10:56:41,106 [grpc-default-executor-3] INFO  impl.FollowerInfo (FollowerInfo.java:lambda$new$0(51)) - b25f22f8-54cc-4ffd-bfcd-179cc8cbd7fc@group-49987F7A8A7C->d3dffc06-1d6a-4f7a-8294-c2dc8ce35b40: nextIndex: updateUnconditionally 0 -> 0
2019-10-02 10:56:41,195 [grpc-default-executor-3] WARN  server.GrpcLogAppender (LogUtils.java:warn(134)) - 7df38282-3a3d-4206-964a-9b3301cd1d1f@group-C476C2B24A7C->d3dffc06-1d6a-4f7a-8294-c2dc8ce35b40-AppendLogResponseHandler: Failed appendEntries: org.apache.ratis.thirdparty.io.grpc.StatusRuntimeException: UNAVAILABLE: io exception
2019-10-02 10:56:41,195 [grpc-default-executor-3] INFO  impl.FollowerInfo (FollowerInfo.java:lambda$new$0(51)) - 7df38282-3a3d-4206-964a-9b3301cd1d1f@group-C476C2B24A7C->d3dffc06-1d6a-4f7a-8294-c2dc8ce35b40: nextIndex: updateUnconditionally 0 -> 0
2019-10-02 10:56:41,393 [grpc-default-executor-3] WARN  server.GrpcLogAppender (LogUtils.java:warn(134)) - 7df38282-3a3d-4206-964a-9b3301cd1d1f@group-1A77BEA84F5E->d3dffc06-1d6a-4f7a-8294-c2dc8ce35b40-AppendLogResponseHandler: Failed appendEntries: org.apache.ratis.thirdparty.io.grpc.StatusRuntimeException: UNAVAILABLE: io exception
2019-10-02 10:56:41,393 [grpc-default-executor-7] WARN  server.GrpcLogAppender (LogUtils.java:warn(134)) - 7df38282-3a3d-4206-964a-9b3301cd1d1f@group-6128F9235CFD->d3dffc06-1d6a-4f7a-8294-c2dc8ce35b40-AppendLogResponseHandler: Failed appendEntries: org.apache.ratis.thirdparty.io.grpc.StatusRuntimeException: UNAVAILABLE: io exception
2019-10-02 10:56:41,394 [grpc-default-executor-3] INFO  impl.FollowerInfo (FollowerInfo.java:lambda$new$0(51)) - 7df38282-3a3d-4206-964a-9b3301cd1d1f@group-1A77BEA84F5E->d3dffc06-1d6a-4f7a-8294-c2dc8ce35b40: nextIndex: updateUnconditionally 0 -> 0
2019-10-02 10:56:41,394 [grpc-default-executor-7] INFO  impl.FollowerInfo (FollowerInfo.java:lambda$new$0(51)) - 7df38282-3a3d-4206-964a-9b3301cd1d1f@group-6128F9235CFD->d3dffc06-1d6a-4f7a-8294-c2dc8ce35b40: nextIndex: updateUnconditionally 0 -> 0
2019-10-02 10:56:41,419 [grpc-default-executor-4] WARN  server.GrpcLogAppender (LogUtils.java:warn(134)) - 7df38282-3a3d-4206-964a-9b3301cd1d1f@group-BE47439FB225->d3dffc06-1d6a-4f7a-8294-c2dc8ce35b40-AppendLogResponseHandler: Failed appendEntries: org.apache.ratis.thirdparty.io.grpc.StatusRuntimeException: UNAVAILABLE: io exception
2019-10-02 10:56:41,420 [grpc-default-executor-4] INFO  impl.FollowerInfo (FollowerInfo.java:lambda$new$0(51)) - 7df38282-3a3d-4206-964a-9b3301cd1d1f@group-BE47439FB225->d3dffc06-1d6a-4f7a-8294-c2dc8ce35b40: nextIndex: updateUnconditionally 0 -> 0
2019-10-02 10:56:41,453 [grpc-default-executor-4] WARN  server.GrpcLogAppender (LogUtils.java:warn(134)) - b25f22f8-54cc-4ffd-bfcd-179cc8cbd7fc@group-6B83A71B3C43->d3dffc06-1d6a-4f7a-8294-c2dc8ce35b40-AppendLogResponseHandler: Failed appendEntries: org.apache.ratis.thirdparty.io.grpc.StatusRuntimeException: UNAVAILABLE: io exception
2019-10-02 10:56:41,454 [grpc-default-executor-4] INFO  impl.FollowerInfo (FollowerInfo.java:lambda$new$0(51)) - b25f22f8-54cc-4ffd-bfcd-179cc8cbd7fc@group-6B83A71B3C43->d3dffc06-1d6a-4f7a-8294-c2dc8ce35b40: nextIndex: updateUnconditionally 0 -> 0
2019-10-02 10:56:41,460 [grpc-default-executor-3] WARN  server.GrpcLogAppender (LogUtils.java:warn(134)) - 7df38282-3a3d-4206-964a-9b3301cd1d1f@group-ABAF19C3FAB0->d3dffc06-1d6a-4f7a-8294-c2dc8ce35b40-AppendLogResponseHandler: Failed appendEntries: org.apache.ratis.thirdparty.io.grpc.StatusRuntimeException: UNAVAILABLE: io exception
2019-10-02 10:56:41,460 [grpc-default-executor-3] INFO  impl.FollowerInfo (FollowerInfo.java:lambda$new$0(51)) - 7df38282-3a3d-4206-964a-9b3301cd1d1f@group-ABAF19C3FAB0->d3dffc06-1d6a-4f7a-8294-c2dc8ce35b40: nextIndex: updateUnconditionally 0 -> 0
2019-10-02 10:56:41,606 [grpc-default-executor-7] WARN  server.GrpcLogAppender (LogUtils.java:warn(134)) - b25f22f8-54cc-4ffd-bfcd-179cc8cbd7fc@group-49987F7A8A7C->d3dffc06-1d6a-4f7a-8294-c2dc8ce35b40-AppendLogResponseHandler: Failed appendEntries: org.apache.ratis.thirdparty.io.grpc.StatusRuntimeException: UNAVAILABLE: io exception
2019-10-02 10:56:41,606 [grpc-default-executor-7] INFO  impl.FollowerInfo (FollowerInfo.java:lambda$new$0(51)) - b25f22f8-54cc-4ffd-bfcd-179cc8cbd7fc@group-49987F7A8A7C->d3dffc06-1d6a-4f7a-8294-c2dc8ce35b40: nextIndex: updateUnconditionally 0 -> 0
2019-10-02 10:56:41,696 [grpc-default-executor-7] WARN  server.GrpcLogAppender (LogUtils.java:warn(134)) - 7df38282-3a3d-4206-964a-9b3301cd1d1f@group-C476C2B24A7C->d3dffc06-1d6a-4f7a-8294-c2dc8ce35b40-AppendLogResponseHandler: Failed appendEntries: org.apache.ratis.thirdparty.io.grpc.StatusRuntimeException: UNAVAILABLE: io exception
2019-10-02 10:56:41,696 [grpc-default-executor-7] INFO  impl.FollowerInfo (FollowerInfo.java:lambda$new$0(51)) - 7df38282-3a3d-4206-964a-9b3301cd1d1f@group-C476C2B24A7C->d3dffc06-1d6a-4f7a-8294-c2dc8ce35b40: nextIndex: updateUnconditionally 0 -> 0
2019-10-02 10:56:41,894 [grpc-default-executor-7] WARN  server.GrpcLogAppender (LogUtils.java:warn(134)) - 7df38282-3a3d-4206-964a-9b3301cd1d1f@group-1A77BEA84F5E->d3dffc06-1d6a-4f7a-8294-c2dc8ce35b40-AppendLogResponseHandler: Failed appendEntries: org.apache.ratis.thirdparty.io.grpc.StatusRuntimeException: UNAVAILABLE: io exception
2019-10-02 10:56:41,894 [grpc-default-executor-2] WARN  server.GrpcLogAppender (LogUtils.java:warn(134)) - 7df38282-3a3d-4206-964a-9b3301cd1d1f@group-6128F9235CFD->d3dffc06-1d6a-4f7a-8294-c2dc8ce35b40-AppendLogResponseHandler: Failed appendEntries: org.apache.ratis.thirdparty.io.grpc.StatusRuntimeException: UNAVAILABLE: io exception
2019-10-02 10:56:41,895 [grpc-default-executor-7] INFO  impl.FollowerInfo (FollowerInfo.java:lambda$new$0(51)) - 7df38282-3a3d-4206-964a-9b3301cd1d1f@group-1A77BEA84F5E->d3dffc06-1d6a-4f7a-8294-c2dc8ce35b40: nextIndex: updateUnconditionally 0 -> 0
2019-10-02 10:56:41,895 [grpc-default-executor-2] INFO  impl.FollowerInfo (FollowerInfo.java:lambda$new$0(51)) - 7df38282-3a3d-4206-964a-9b3301cd1d1f@group-6128F9235CFD->d3dffc06-1d6a-4f7a-8294-c2dc8ce35b40: nextIndex: updateUnconditionally 0 -> 0
2019-10-02 10:56:41,920 [grpc-default-executor-2] WARN  server.GrpcLogAppender (LogUtils.java:warn(134)) - 7df38282-3a3d-4206-964a-9b3301cd1d1f@group-BE47439FB225->d3dffc06-1d6a-4f7a-8294-c2dc8ce35b40-AppendLogResponseHandler: Failed appendEntries: org.apache.ratis.thirdparty.io.grpc.StatusRuntimeException: UNAVAILABLE: io exception
2019-10-02 10:56:41,920 [grpc-default-executor-2] INFO  impl.FollowerInfo (FollowerInfo.java:lambda$new$0(51)) - 7df38282-3a3d-4206-964a-9b3301cd1d1f@group-BE47439FB225->d3dffc06-1d6a-4f7a-8294-c2dc8ce35b40: nextIndex: updateUnconditionally 0 -> 0
2019-10-02 10:56:41,954 [grpc-default-executor-2] WARN  server.GrpcLogAppender (LogUtils.java:warn(134)) - b25f22f8-54cc-4ffd-bfcd-179cc8cbd7fc@group-6B83A71B3C43->d3dffc06-1d6a-4f7a-8294-c2dc8ce35b40-AppendLogResponseHandler: Failed appendEntries: org.apache.ratis.thirdparty.io.grpc.StatusRuntimeException: UNAVAILABLE: io exception
2019-10-02 10:56:41,955 [grpc-default-executor-2] INFO  impl.FollowerInfo (FollowerInfo.java:lambda$new$0(51)) - b25f22f8-54cc-4ffd-bfcd-179cc8cbd7fc@group-6B83A71B3C43->d3dffc06-1d6a-4f7a-8294-c2dc8ce35b40: nextIndex: updateUnconditionally 0 -> 0
2019-10-02 10:56:41,961 [grpc-default-executor-2] WARN  server.GrpcLogAppender (LogUtils.java:warn(134)) - 7df38282-3a3d-4206-964a-9b3301cd1d1f@group-ABAF19C3FAB0->d3dffc06-1d6a-4f7a-8294-c2dc8ce35b40-AppendLogResponseHandler: Failed appendEntries: org.apache.ratis.thirdparty.io.grpc.StatusRuntimeException: UNAVAILABLE: io exception
2019-10-02 10:56:41,961 [grpc-default-executor-2] INFO  impl.FollowerInfo (FollowerInfo.java:lambda$new$0(51)) - 7df38282-3a3d-4206-964a-9b3301cd1d1f@group-ABAF19C3FAB0->d3dffc06-1d6a-4f7a-8294-c2dc8ce35b40: nextIndex: updateUnconditionally 0 -> 0
2019-10-02 10:56:42,107 [grpc-default-executor-4] WARN  server.GrpcLogAppender (LogUtils.java:warn(134)) - b25f22f8-54cc-4ffd-bfcd-179cc8cbd7fc@group-49987F7A8A7C->d3dffc06-1d6a-4f7a-8294-c2dc8ce35b40-AppendLogResponseHandler: Failed appendEntries: org.apache.ratis.thirdparty.io.grpc.StatusRuntimeException: UNAVAILABLE: io exception
2019-10-02 10:56:42,107 [grpc-default-executor-4] INFO  impl.FollowerInfo (FollowerInfo.java:lambda$new$0(51)) - b25f22f8-54cc-4ffd-bfcd-179cc8cbd7fc@group-49987F7A8A7C->d3dffc06-1d6a-4f7a-8294-c2dc8ce35b40: nextIndex: updateUnconditionally 0 -> 0
2019-10-02 10:56:42,196 [grpc-default-executor-4] WARN  server.GrpcLogAppender (LogUtils.java:warn(134)) - 7df38282-3a3d-4206-964a-9b3301cd1d1f@group-C476C2B24A7C->d3dffc06-1d6a-4f7a-8294-c2dc8ce35b40-AppendLogResponseHandler: Failed appendEntries: org.apache.ratis.thirdparty.io.grpc.StatusRuntimeException: UNAVAILABLE: io exception
2019-10-02 10:56:42,197 [grpc-default-executor-4] INFO  impl.FollowerInfo (FollowerInfo.java:lambda$new$0(51)) - 7df38282-3a3d-4206-964a-9b3301cd1d1f@group-C476C2B24A7C->d3dffc06-1d6a-4f7a-8294-c2dc8ce35b40: nextIndex: updateUnconditionally 0 -> 0
2019-10-02 10:56:42,215 [ForkJoinPool.commonPool-worker-0] INFO  ozoneimpl.OzoneContainer (OzoneContainer.java:stop(231)) - Attempting to stop container services.
2019-10-02 10:56:42,215 [ForkJoinPool.commonPool-worker-0] INFO  impl.RaftServerProxy (RaftServerProxy.java:lambda$close$4(314)) - 7df38282-3a3d-4206-964a-9b3301cd1d1f: close
2019-10-02 10:56:42,215 [ForkJoinPool.commonPool-worker-0] INFO  impl.RaftServerImpl (RaftServerImpl.java:lambda$shutdown$3(247)) - 7df38282-3a3d-4206-964a-9b3301cd1d1f@group-1A77BEA84F5E: shutdown
2019-10-02 10:56:42,216 [ForkJoinPool.commonPool-worker-0] INFO  util.JmxRegister (JmxRegister.java:unregister(73)) - Successfully un-registered JMX Bean with object name Ratis:service=RaftServer,group=group-1A77BEA84F5E,id=7df38282-3a3d-4206-964a-9b3301cd1d1f
2019-10-02 10:56:42,216 [ForkJoinPool.commonPool-worker-0] INFO  impl.RoleInfo (RoleInfo.java:shutdownLeaderState(104)) - 7df38282-3a3d-4206-964a-9b3301cd1d1f: shutdown LeaderState
2019-10-02 10:56:42,219 [ForkJoinPool.commonPool-worker-0] INFO  impl.PendingRequests (PendingRequests.java:sendNotLeaderResponses(202)) - 7df38282-3a3d-4206-964a-9b3301cd1d1f@group-1A77BEA84F5E-PendingRequests: sendNotLeaderResponses
2019-10-02 10:56:42,219 [org.apache.ratis.server.impl.LogAppender$AppenderDaemon$$Lambda$478/1078587298@10d5aae9] WARN  server.GrpcLogAppender (GrpcLogAppender.java:mayWait(143)) - 7df38282-3a3d-4206-964a-9b3301cd1d1f@group-1A77BEA84F5E->d3dffc06-1d6a-4f7a-8294-c2dc8ce35b40-GrpcLogAppender: Wait interrupted by java.lang.InterruptedException
2019-10-02 10:56:42,219 [main] INFO  ozoneimpl.OzoneContainer (OzoneContainer.java:stop(231)) - Attempting to stop container services.
2019-10-02 10:56:42,219 [ForkJoinPool.commonPool-worker-0] INFO  impl.StateMachineUpdater (StateMachineUpdater.java:stopAndJoin(136)) - 7df38282-3a3d-4206-964a-9b3301cd1d1f@group-1A77BEA84F5E-StateMachineUpdater: set stopIndex = 0
2019-10-02 10:56:42,219 [org.apache.ratis.server.impl.LogAppender$AppenderDaemon$$Lambda$478/1078587298@357550d9] WARN  server.GrpcLogAppender (GrpcLogAppender.java:mayWait(143)) - 7df38282-3a3d-4206-964a-9b3301cd1d1f@group-1A77BEA84F5E->b25f22f8-54cc-4ffd-bfcd-179cc8cbd7fc-GrpcLogAppender: Wait interrupted by java.lang.InterruptedException
2019-10-02 10:56:42,220 [ForkJoinPool.commonPool-worker-0] INFO  impl.RaftServerImpl (ServerState.java:close(387)) - 7df38282-3a3d-4206-964a-9b3301cd1d1f@group-1A77BEA84F5E: closes. applyIndex: 0
2019-10-02 10:56:42,220 [main] INFO  impl.RaftServerProxy (RaftServerProxy.java:lambda$close$4(314)) - c999d89f-1e5d-4182-937c-40b6b56775d9: close
2019-10-02 10:56:42,221 [7df38282-3a3d-4206-964a-9b3301cd1d1f@group-1A77BEA84F5E-SegmentedRaftLogWorker] INFO  segmented.SegmentedRaftLogWorker (SegmentedRaftLogWorker.java:run(316)) - 7df38282-3a3d-4206-964a-9b3301cd1d1f@group-1A77BEA84F5E-SegmentedRaftLogWorker was interrupted, exiting. There are 0 tasks remaining in the queue.
2019-10-02 10:56:42,221 [main] INFO  impl.RaftServerImpl (RaftServerImpl.java:lambda$shutdown$3(247)) - c999d89f-1e5d-4182-937c-40b6b56775d9@group-6F3DB6598A29: shutdown
2019-10-02 10:56:42,221 [ForkJoinPool.commonPool-worker-0] INFO  segmented.SegmentedRaftLogWorker (SegmentedRaftLogWorker.java:close(224)) - 7df38282-3a3d-4206-964a-9b3301cd1d1f@group-1A77BEA84F5E-SegmentedRaftLogWorker close()
2019-10-02 10:56:42,221 [grpc-default-executor-4] INFO  server.GrpcServerProtocolService (GrpcServerProtocolService.java:onCompleted(113)) - b25f22f8-54cc-4ffd-bfcd-179cc8cbd7fc: Completed APPEND_ENTRIES, lastRequest: 7df38282-3a3d-4206-964a-9b3301cd1d1f->b25f22f8-54cc-4ffd-bfcd-179cc8cbd7fc#39-t1, previous=(t:1, i:0), leaderCommit=0, initializing? false, entries: <empty>
2019-10-02 10:56:42,223 [ForkJoinPool.commonPool-worker-0] INFO  impl.RaftServerImpl (RaftServerImpl.java:lambda$shutdown$3(247)) - 7df38282-3a3d-4206-964a-9b3301cd1d1f@group-6B83A71B3C43: shutdown
2019-10-02 10:56:42,222 [main] INFO  util.JmxRegister (JmxRegister.java:unregister(73)) - Successfully un-registered JMX Bean with object name Ratis:service=RaftServer,group=group-6F3DB6598A29,id=c999d89f-1e5d-4182-937c-40b6b56775d9
2019-10-02 10:56:42,224 [grpc-default-executor-4] INFO  server.GrpcLogAppender (GrpcLogAppender.java:onCompleted(293)) - 7df38282-3a3d-4206-964a-9b3301cd1d1f@group-1A77BEA84F5E->b25f22f8-54cc-4ffd-bfcd-179cc8cbd7fc-AppendLogResponseHandler: follower responses appendEntries COMPLETED
2019-10-02 10:56:42,223 [ForkJoinPool.commonPool-worker-0] INFO  util.JmxRegister (JmxRegister.java:unregister(73)) - Successfully un-registered JMX Bean with object name Ratis:service=RaftServer,group=group-6B83A71B3C43,id=7df38282-3a3d-4206-964a-9b3301cd1d1f
2019-10-02 10:56:42,224 [main] INFO  impl.RoleInfo (RoleInfo.java:shutdownLeaderState(104)) - c999d89f-1e5d-4182-937c-40b6b56775d9: shutdown LeaderState
2019-10-02 10:56:42,225 [ForkJoinPool.commonPool-worker-0] INFO  impl.RoleInfo (RoleInfo.java:shutdownFollowerState(121)) - 7df38282-3a3d-4206-964a-9b3301cd1d1f: shutdown FollowerState
2019-10-02 10:56:42,225 [main] INFO  impl.PendingRequests (PendingRequests.java:sendNotLeaderResponses(202)) - c999d89f-1e5d-4182-937c-40b6b56775d9@group-6F3DB6598A29-PendingRequests: sendNotLeaderResponses
2019-10-02 10:56:42,225 [Thread-454] INFO  impl.FollowerState (FollowerState.java:run(117)) - 7df38282-3a3d-4206-964a-9b3301cd1d1f@group-6B83A71B3C43-FollowerState was interrupted: java.lang.InterruptedException: sleep interrupted
2019-10-02 10:56:42,225 [ForkJoinPool.commonPool-worker-0] INFO  impl.StateMachineUpdater (StateMachineUpdater.java:stopAndJoin(136)) - 7df38282-3a3d-4206-964a-9b3301cd1d1f@group-6B83A71B3C43-StateMachineUpdater: set stopIndex = 0
2019-10-02 10:56:42,226 [main] INFO  impl.StateMachineUpdater (StateMachineUpdater.java:stopAndJoin(136)) - c999d89f-1e5d-4182-937c-40b6b56775d9@group-6F3DB6598A29-StateMachineUpdater: set stopIndex = 0
2019-10-02 10:56:42,226 [main] INFO  impl.RaftServerImpl (ServerState.java:close(387)) - c999d89f-1e5d-4182-937c-40b6b56775d9@group-6F3DB6598A29: closes. applyIndex: 0
2019-10-02 10:56:42,226 [ForkJoinPool.commonPool-worker-0] INFO  impl.RaftServerImpl (ServerState.java:close(387)) - 7df38282-3a3d-4206-964a-9b3301cd1d1f@group-6B83A71B3C43: closes. applyIndex: 0
2019-10-02 10:56:42,227 [c999d89f-1e5d-4182-937c-40b6b56775d9@group-6F3DB6598A29-SegmentedRaftLogWorker] INFO  segmented.SegmentedRaftLogWorker (SegmentedRaftLogWorker.java:run(316)) - c999d89f-1e5d-4182-937c-40b6b56775d9@group-6F3DB6598A29-SegmentedRaftLogWorker was interrupted, exiting. There are 0 tasks remaining in the queue.
2019-10-02 10:56:42,227 [7df38282-3a3d-4206-964a-9b3301cd1d1f@group-6B83A71B3C43-SegmentedRaftLogWorker] INFO  segmented.SegmentedRaftLogWorker (SegmentedRaftLogWorker.java:run(316)) - 7df38282-3a3d-4206-964a-9b3301cd1d1f@group-6B83A71B3C43-SegmentedRaftLogWorker was interrupted, exiting. There are 0 tasks remaining in the queue.
2019-10-02 10:56:42,227 [main] INFO  segmented.SegmentedRaftLogWorker (SegmentedRaftLogWorker.java:close(224)) - c999d89f-1e5d-4182-937c-40b6b56775d9@group-6F3DB6598A29-SegmentedRaftLogWorker close()
2019-10-02 10:56:42,227 [ForkJoinPool.commonPool-worker-0] INFO  segmented.SegmentedRaftLogWorker (SegmentedRaftLogWorker.java:close(224)) - 7df38282-3a3d-4206-964a-9b3301cd1d1f@group-6B83A71B3C43-SegmentedRaftLogWorker close()
2019-10-02 10:56:42,229 [main] INFO  server.GrpcService (GrpcService.java:closeImpl(164)) - c999d89f-1e5d-4182-937c-40b6b56775d9: shutdown server with port 35552 now
2019-10-02 10:56:42,230 [ForkJoinPool.commonPool-worker-0] INFO  impl.RaftServerImpl (RaftServerImpl.java:lambda$shutdown$3(247)) - 7df38282-3a3d-4206-964a-9b3301cd1d1f@group-49987F7A8A7C: shutdown
2019-10-02 10:56:42,232 [main] INFO  server.GrpcService (GrpcService.java:closeImpl(172)) - c999d89f-1e5d-4182-937c-40b6b56775d9: shutdown server with port 35552 successfully
2019-10-02 10:56:42,232 [ForkJoinPool.commonPool-worker-0] INFO  util.JmxRegister (JmxRegister.java:unregister(73)) - Successfully un-registered JMX Bean with object name Ratis:service=RaftServer,group=group-49987F7A8A7C,id=7df38282-3a3d-4206-964a-9b3301cd1d1f
2019-10-02 10:56:42,232 [ForkJoinPool.commonPool-worker-0] INFO  impl.RoleInfo (RoleInfo.java:shutdownFollowerState(121)) - 7df38282-3a3d-4206-964a-9b3301cd1d1f: shutdown FollowerState
2019-10-02 10:56:42,233 [Thread-727] INFO  impl.FollowerState (FollowerState.java:run(117)) - 7df38282-3a3d-4206-964a-9b3301cd1d1f@group-49987F7A8A7C-FollowerState was interrupted: java.lang.InterruptedException: sleep interrupted
2019-10-02 10:56:42,233 [ForkJoinPool.commonPool-worker-0] INFO  impl.StateMachineUpdater (StateMachineUpdater.java:stopAndJoin(136)) - 7df38282-3a3d-4206-964a-9b3301cd1d1f@group-49987F7A8A7C-StateMachineUpdater: set stopIndex = 2
2019-10-02 10:56:42,233 [ForkJoinPool.commonPool-worker-0] INFO  impl.RaftServerImpl (ServerState.java:close(387)) - 7df38282-3a3d-4206-964a-9b3301cd1d1f@group-49987F7A8A7C: closes. applyIndex: 2
2019-10-02 10:56:42,234 [7df38282-3a3d-4206-964a-9b3301cd1d1f@group-49987F7A8A7C-SegmentedRaftLogWorker] INFO  segmented.SegmentedRaftLogWorker (SegmentedRaftLogWorker.java:run(316)) - 7df38282-3a3d-4206-964a-9b3301cd1d1f@group-49987F7A8A7C-SegmentedRaftLogWorker was interrupted, exiting. There are 0 tasks remaining in the queue.
2019-10-02 10:56:42,234 [ForkJoinPool.commonPool-worker-0] INFO  segmented.SegmentedRaftLogWorker (SegmentedRaftLogWorker.java:close(224)) - 7df38282-3a3d-4206-964a-9b3301cd1d1f@group-49987F7A8A7C-SegmentedRaftLogWorker close()
2019-10-02 10:56:42,234 [refreshUsed-/workdir/hadoop-ozone/integration-test/target/test-dir/MiniOzoneClusterImpl-5f261223-23be-4c6b-a914-4b08f19f7d30/datanode-9/data/containers] WARN  fs.CachingGetSpaceUsed (CachingGetSpaceUsed.java:run(183)) - Thread Interrupted waiting to refresh disk information: sleep interrupted
2019-10-02 10:56:42,236 [ForkJoinPool.commonPool-worker-0] INFO  impl.RaftServerImpl (RaftServerImpl.java:lambda$shutdown$3(247)) - 7df38282-3a3d-4206-964a-9b3301cd1d1f@group-80BD95CE9051: shutdown
2019-10-02 10:56:42,237 [ForkJoinPool.commonPool-worker-0] INFO  util.JmxRegister (JmxRegister.java:unregister(73)) - Successfully un-registered JMX Bean with object name Ratis:service=RaftServer,group=group-80BD95CE9051,id=7df38282-3a3d-4206-964a-9b3301cd1d1f
2019-10-02 10:56:42,237 [ForkJoinPool.commonPool-worker-0] INFO  impl.RoleInfo (RoleInfo.java:shutdownLeaderState(104)) - 7df38282-3a3d-4206-964a-9b3301cd1d1f: shutdown LeaderState
2019-10-02 10:56:42,237 [ForkJoinPool.commonPool-worker-0] INFO  impl.PendingRequests (PendingRequests.java:sendNotLeaderResponses(202)) - 7df38282-3a3d-4206-964a-9b3301cd1d1f@group-80BD95CE9051-PendingRequests: sendNotLeaderResponses
2019-10-02 10:56:42,238 [ForkJoinPool.commonPool-worker-0] INFO  impl.StateMachineUpdater (StateMachineUpdater.java:stopAndJoin(136)) - 7df38282-3a3d-4206-964a-9b3301cd1d1f@group-80BD95CE9051-StateMachineUpdater: set stopIndex = 0
2019-10-02 10:56:42,238 [ForkJoinPool.commonPool-worker-0] INFO  impl.RaftServerImpl (ServerState.java:close(387)) - 7df38282-3a3d-4206-964a-9b3301cd1d1f@group-80BD95CE9051: closes. applyIndex: 0
2019-10-02 10:56:42,238 [7df38282-3a3d-4206-964a-9b3301cd1d1f@group-80BD95CE9051-SegmentedRaftLogWorker] INFO  segmented.SegmentedRaftLogWorker (SegmentedRaftLogWorker.java:run(316)) - 7df38282-3a3d-4206-964a-9b3301cd1d1f@group-80BD95CE9051-SegmentedRaftLogWorker was interrupted, exiting. There are 0 tasks remaining in the queue.
2019-10-02 10:56:42,238 [ForkJoinPool.commonPool-worker-0] INFO  segmented.SegmentedRaftLogWorker (SegmentedRaftLogWorker.java:close(224)) - 7df38282-3a3d-4206-964a-9b3301cd1d1f@group-80BD95CE9051-SegmentedRaftLogWorker close()
2019-10-02 10:56:42,240 [ForkJoinPool.commonPool-worker-0] INFO  impl.RaftServerImpl (RaftServerImpl.java:lambda$shutdown$3(247)) - 7df38282-3a3d-4206-964a-9b3301cd1d1f@group-BE47439FB225: shutdown
2019-10-02 10:56:42,240 [ForkJoinPool.commonPool-worker-0] INFO  util.JmxRegister (JmxRegister.java:unregister(73)) - Successfully un-registered JMX Bean with object name Ratis:service=RaftServer,group=group-BE47439FB225,id=7df38282-3a3d-4206-964a-9b3301cd1d1f
2019-10-02 10:56:42,241 [ForkJoinPool.commonPool-worker-0] INFO  impl.RoleInfo (RoleInfo.java:shutdownLeaderState(104)) - 7df38282-3a3d-4206-964a-9b3301cd1d1f: shutdown LeaderState
2019-10-02 10:56:42,243 [ForkJoinPool.commonPool-worker-0] INFO  impl.PendingRequests (PendingRequests.java:sendNotLeaderResponses(202)) - 7df38282-3a3d-4206-964a-9b3301cd1d1f@group-BE47439FB225-PendingRequests: sendNotLeaderResponses
2019-10-02 10:56:42,243 [org.apache.ratis.server.impl.LogAppender$AppenderDaemon$$Lambda$478/1078587298@38a6602f] WARN  server.GrpcLogAppender (GrpcLogAppender.java:mayWait(143)) - 7df38282-3a3d-4206-964a-9b3301cd1d1f@group-BE47439FB225->b25f22f8-54cc-4ffd-bfcd-179cc8cbd7fc-GrpcLogAppender: Wait interrupted by java.lang.InterruptedException
2019-10-02 10:56:42,243 [org.apache.ratis.server.impl.LogAppender$AppenderDaemon$$Lambda$478/1078587298@7f141139] WARN  server.GrpcLogAppender (GrpcLogAppender.java:mayWait(143)) - 7df38282-3a3d-4206-964a-9b3301cd1d1f@group-BE47439FB225->d3dffc06-1d6a-4f7a-8294-c2dc8ce35b40-GrpcLogAppender: Wait interrupted by java.lang.InterruptedException
2019-10-02 10:56:42,243 [ForkJoinPool.commonPool-worker-0] INFO  impl.StateMachineUpdater (StateMachineUpdater.java:stopAndJoin(136)) - 7df38282-3a3d-4206-964a-9b3301cd1d1f@group-BE47439FB225-StateMachineUpdater: set stopIndex = 0
2019-10-02 10:56:42,244 [ForkJoinPool.commonPool-worker-0] INFO  impl.RaftServerImpl (ServerState.java:close(387)) - 7df38282-3a3d-4206-964a-9b3301cd1d1f@group-BE47439FB225: closes. applyIndex: 0
2019-10-02 10:56:42,244 [grpc-default-executor-7] INFO  server.GrpcServerProtocolService (GrpcServerProtocolService.java:onCompleted(113)) - b25f22f8-54cc-4ffd-bfcd-179cc8cbd7fc: Completed APPEND_ENTRIES, lastRequest: 7df38282-3a3d-4206-964a-9b3301cd1d1f->b25f22f8-54cc-4ffd-bfcd-179cc8cbd7fc#38-t1, previous=(t:1, i:0), leaderCommit=0, initializing? false, entries: <empty>
2019-10-02 10:56:42,244 [7df38282-3a3d-4206-964a-9b3301cd1d1f@group-BE47439FB225-SegmentedRaftLogWorker] INFO  segmented.SegmentedRaftLogWorker (SegmentedRaftLogWorker.java:run(316)) - 7df38282-3a3d-4206-964a-9b3301cd1d1f@group-BE47439FB225-SegmentedRaftLogWorker was interrupted, exiting. There are 0 tasks remaining in the queue.
2019-10-02 10:56:42,245 [ForkJoinPool.commonPool-worker-0] INFO  segmented.SegmentedRaftLogWorker (SegmentedRaftLogWorker.java:close(224)) - 7df38282-3a3d-4206-964a-9b3301cd1d1f@group-BE47439FB225-SegmentedRaftLogWorker close()
2019-10-02 10:56:42,245 [grpc-default-executor-7] INFO  server.GrpcLogAppender (GrpcLogAppender.java:onCompleted(293)) - 7df38282-3a3d-4206-964a-9b3301cd1d1f@group-BE47439FB225->b25f22f8-54cc-4ffd-bfcd-179cc8cbd7fc-AppendLogResponseHandler: follower responses appendEntries COMPLETED
2019-10-02 10:56:42,246 [ForkJoinPool.commonPool-worker-0] INFO  impl.RaftServerImpl (RaftServerImpl.java:lambda$shutdown$3(247)) - 7df38282-3a3d-4206-964a-9b3301cd1d1f@group-C476C2B24A7C: shutdown
2019-10-02 10:56:42,246 [ForkJoinPool.commonPool-worker-0] INFO  util.JmxRegister (JmxRegister.java:unregister(73)) - Successfully un-registered JMX Bean with object name Ratis:service=RaftServer,group=group-C476C2B24A7C,id=7df38282-3a3d-4206-964a-9b3301cd1d1f
2019-10-02 10:56:42,247 [ForkJoinPool.commonPool-worker-0] INFO  impl.RoleInfo (RoleInfo.java:shutdownLeaderState(104)) - 7df38282-3a3d-4206-964a-9b3301cd1d1f: shutdown LeaderState
2019-10-02 10:56:42,249 [ForkJoinPool.commonPool-worker-0] INFO  impl.PendingRequests (PendingRequests.java:sendNotLeaderResponses(202)) - 7df38282-3a3d-4206-964a-9b3301cd1d1f@group-C476C2B24A7C-PendingRequests: sendNotLeaderResponses
2019-10-02 10:56:42,249 [org.apache.ratis.server.impl.LogAppender$AppenderDaemon$$Lambda$478/1078587298@77f6c042] WARN  server.GrpcLogAppender (GrpcLogAppender.java:mayWait(143)) - 7df38282-3a3d-4206-964a-9b3301cd1d1f@group-C476C2B24A7C->d3dffc06-1d6a-4f7a-8294-c2dc8ce35b40-GrpcLogAppender: Wait interrupted by java.lang.InterruptedException
2019-10-02 10:56:42,250 [ForkJoinPool.commonPool-worker-0] INFO  impl.StateMachineUpdater (StateMachineUpdater.java:stopAndJoin(136)) - 7df38282-3a3d-4206-964a-9b3301cd1d1f@group-C476C2B24A7C-StateMachineUpdater: set stopIndex = 2
2019-10-02 10:56:42,249 [org.apache.ratis.server.impl.LogAppender$AppenderDaemon$$Lambda$478/1078587298@54887f34] WARN  server.GrpcLogAppender (GrpcLogAppender.java:mayWait(143)) - 7df38282-3a3d-4206-964a-9b3301cd1d1f@group-C476C2B24A7C->b25f22f8-54cc-4ffd-bfcd-179cc8cbd7fc-GrpcLogAppender: Wait interrupted by java.lang.InterruptedException
2019-10-02 10:56:42,251 [ForkJoinPool.commonPool-worker-0] INFO  impl.RaftServerImpl (ServerState.java:close(387)) - 7df38282-3a3d-4206-964a-9b3301cd1d1f@group-C476C2B24A7C: closes. applyIndex: 2
2019-10-02 10:56:42,251 [7df38282-3a3d-4206-964a-9b3301cd1d1f@group-C476C2B24A7C-SegmentedRaftLogWorker] INFO  segmented.SegmentedRaftLogWorker (SegmentedRaftLogWorker.java:run(316)) - 7df38282-3a3d-4206-964a-9b3301cd1d1f@group-C476C2B24A7C-SegmentedRaftLogWorker was interrupted, exiting. There are 0 tasks remaining in the queue.
2019-10-02 10:56:42,251 [ForkJoinPool.commonPool-worker-0] INFO  segmented.SegmentedRaftLogWorker (SegmentedRaftLogWorker.java:close(224)) - 7df38282-3a3d-4206-964a-9b3301cd1d1f@group-C476C2B24A7C-SegmentedRaftLogWorker close()
2019-10-02 10:56:42,251 [grpc-default-executor-2] INFO  server.GrpcServerProtocolService (GrpcServerProtocolService.java:onCompleted(113)) - b25f22f8-54cc-4ffd-bfcd-179cc8cbd7fc: Completed APPEND_ENTRIES, lastRequest: 7df38282-3a3d-4206-964a-9b3301cd1d1f->b25f22f8-54cc-4ffd-bfcd-179cc8cbd7fc#29-t3, previous=(t:3, i:2), leaderCommit=2, initializing? false, entries: <empty>
2019-10-02 10:56:42,257 [ForkJoinPool.commonPool-worker-0] INFO  impl.RaftServerImpl (RaftServerImpl.java:lambda$shutdown$3(247)) - 7df38282-3a3d-4206-964a-9b3301cd1d1f@group-6128F9235CFD: shutdown
2019-10-02 10:56:42,258 [ForkJoinPool.commonPool-worker-0] INFO  util.JmxRegister (JmxRegister.java:unregister(73)) - Successfully un-registered JMX Bean with object name Ratis:service=RaftServer,group=group-6128F9235CFD,id=7df38282-3a3d-4206-964a-9b3301cd1d1f
2019-10-02 10:56:42,258 [ForkJoinPool.commonPool-worker-0] INFO  impl.RoleInfo (RoleInfo.java:shutdownLeaderState(104)) - 7df38282-3a3d-4206-964a-9b3301cd1d1f: shutdown LeaderState
2019-10-02 10:56:42,260 [grpc-default-executor-2] INFO  server.GrpcLogAppender (GrpcLogAppender.java:onCompleted(293)) - 7df38282-3a3d-4206-964a-9b3301cd1d1f@group-C476C2B24A7C->b25f22f8-54cc-4ffd-bfcd-179cc8cbd7fc-AppendLogResponseHandler: follower responses appendEntries COMPLETED
2019-10-02 10:56:42,260 [org.apache.ratis.server.impl.LogAppender$AppenderDaemon$$Lambda$478/1078587298@2a56a835] WARN  server.GrpcLogAppender (GrpcLogAppender.java:mayWait(143)) - 7df38282-3a3d-4206-964a-9b3301cd1d1f@group-6128F9235CFD->d3dffc06-1d6a-4f7a-8294-c2dc8ce35b40-GrpcLogAppender: Wait interrupted by java.lang.InterruptedException
2019-10-02 10:56:42,260 [org.apache.ratis.server.impl.LogAppender$AppenderDaemon$$Lambda$478/1078587298@2d7b1fac] WARN  server.GrpcLogAppender (GrpcLogAppender.java:mayWait(143)) - 7df38282-3a3d-4206-964a-9b3301cd1d1f@group-6128F9235CFD->b25f22f8-54cc-4ffd-bfcd-179cc8cbd7fc-GrpcLogAppender: Wait interrupted by java.lang.InterruptedException
2019-10-02 10:56:42,260 [ForkJoinPool.commonPool-worker-0] INFO  impl.PendingRequests (PendingRequests.java:sendNotLeaderResponses(202)) - 7df38282-3a3d-4206-964a-9b3301cd1d1f@group-6128F9235CFD-PendingRequests: sendNotLeaderResponses
2019-10-02 10:56:42,261 [ForkJoinPool.commonPool-worker-0] INFO  impl.StateMachineUpdater (StateMachineUpdater.java:stopAndJoin(136)) - 7df38282-3a3d-4206-964a-9b3301cd1d1f@group-6128F9235CFD-StateMachineUpdater: set stopIndex = 0
2019-10-02 10:56:42,261 [grpc-default-executor-3] INFO  server.GrpcServerProtocolService (GrpcServerProtocolService.java:onCompleted(113)) - b25f22f8-54cc-4ffd-bfcd-179cc8cbd7fc: Completed APPEND_ENTRIES, lastRequest: 7df38282-3a3d-4206-964a-9b3301cd1d1f->b25f22f8-54cc-4ffd-bfcd-179cc8cbd7fc#38-t1, previous=(t:1, i:0), leaderCommit=0, initializing? false, entries: <empty>
2019-10-02 10:56:42,262 [ForkJoinPool.commonPool-worker-0] INFO  impl.RaftServerImpl (ServerState.java:close(387)) - 7df38282-3a3d-4206-964a-9b3301cd1d1f@group-6128F9235CFD: closes. applyIndex: 0
2019-10-02 10:56:42,262 [grpc-default-executor-3] INFO  server.GrpcLogAppender (GrpcLogAppender.java:onCompleted(293)) - 7df38282-3a3d-4206-964a-9b3301cd1d1f@group-6128F9235CFD->b25f22f8-54cc-4ffd-bfcd-179cc8cbd7fc-AppendLogResponseHandler: follower responses appendEntries COMPLETED
2019-10-02 10:56:42,262 [7df38282-3a3d-4206-964a-9b3301cd1d1f@group-6128F9235CFD-SegmentedRaftLogWorker] INFO  segmented.SegmentedRaftLogWorker (SegmentedRaftLogWorker.java:run(316)) - 7df38282-3a3d-4206-964a-9b3301cd1d1f@group-6128F9235CFD-SegmentedRaftLogWorker was interrupted, exiting. There are 0 tasks remaining in the queue.
2019-10-02 10:56:42,262 [ForkJoinPool.commonPool-worker-0] INFO  segmented.SegmentedRaftLogWorker (SegmentedRaftLogWorker.java:close(224)) - 7df38282-3a3d-4206-964a-9b3301cd1d1f@group-6128F9235CFD-SegmentedRaftLogWorker close()
2019-10-02 10:56:42,263 [ForkJoinPool.commonPool-worker-0] INFO  impl.RaftServerImpl (RaftServerImpl.java:lambda$shutdown$3(247)) - 7df38282-3a3d-4206-964a-9b3301cd1d1f@group-ABAF19C3FAB0: shutdown
2019-10-02 10:56:42,263 [ForkJoinPool.commonPool-worker-0] INFO  util.JmxRegister (JmxRegister.java:unregister(73)) - Successfully un-registered JMX Bean with object name Ratis:service=RaftServer,group=group-ABAF19C3FAB0,id=7df38282-3a3d-4206-964a-9b3301cd1d1f
2019-10-02 10:56:42,263 [ForkJoinPool.commonPool-worker-0] INFO  impl.RoleInfo (RoleInfo.java:shutdownLeaderState(104)) - 7df38282-3a3d-4206-964a-9b3301cd1d1f: shutdown LeaderState
2019-10-02 10:56:42,265 [ForkJoinPool.commonPool-worker-0] INFO  impl.PendingRequests (PendingRequests.java:sendNotLeaderResponses(202)) - 7df38282-3a3d-4206-964a-9b3301cd1d1f@group-ABAF19C3FAB0-PendingRequests: sendNotLeaderResponses
2019-10-02 10:56:42,265 [org.apache.ratis.server.impl.LogAppender$AppenderDaemon$$Lambda$478/1078587298@1e858dd2] WARN  server.GrpcLogAppender (GrpcLogAppender.java:mayWait(143)) - 7df38282-3a3d-4206-964a-9b3301cd1d1f@group-ABAF19C3FAB0->d3dffc06-1d6a-4f7a-8294-c2dc8ce35b40-GrpcLogAppender: Wait interrupted by java.lang.InterruptedException
2019-10-02 10:56:42,265 [org.apache.ratis.server.impl.LogAppender$AppenderDaemon$$Lambda$478/1078587298@6129b3d7] WARN  server.GrpcLogAppender (GrpcLogAppender.java:mayWait(143)) - 7df38282-3a3d-4206-964a-9b3301cd1d1f@group-ABAF19C3FAB0->b25f22f8-54cc-4ffd-bfcd-179cc8cbd7fc-GrpcLogAppender: Wait interrupted by java.lang.InterruptedException
2019-10-02 10:56:42,267 [ForkJoinPool.commonPool-worker-0] INFO  impl.StateMachineUpdater (StateMachineUpdater.java:stopAndJoin(136)) - 7df38282-3a3d-4206-964a-9b3301cd1d1f@group-ABAF19C3FAB0-StateMachineUpdater: set stopIndex = 2
2019-10-02 10:56:42,268 [ForkJoinPool.commonPool-worker-0] INFO  impl.RaftServerImpl (ServerState.java:close(387)) - 7df38282-3a3d-4206-964a-9b3301cd1d1f@group-ABAF19C3FAB0: closes. applyIndex: 2
2019-10-02 10:56:42,268 [grpc-default-executor-1] INFO  server.GrpcServerProtocolService (GrpcServerProtocolService.java:onCompleted(113)) - b25f22f8-54cc-4ffd-bfcd-179cc8cbd7fc: Completed APPEND_ENTRIES, lastRequest: 7df38282-3a3d-4206-964a-9b3301cd1d1f->b25f22f8-54cc-4ffd-bfcd-179cc8cbd7fc#27-t7, previous=(t:7, i:2), leaderCommit=2, initializing? false, entries: <empty>
2019-10-02 10:56:42,272 [7df38282-3a3d-4206-964a-9b3301cd1d1f@group-ABAF19C3FAB0-SegmentedRaftLogWorker] INFO  segmented.SegmentedRaftLogWorker (SegmentedRaftLogWorker.java:run(316)) - 7df38282-3a3d-4206-964a-9b3301cd1d1f@group-ABAF19C3FAB0-SegmentedRaftLogWorker was interrupted, exiting. There are 0 tasks remaining in the queue.
2019-10-02 10:56:42,273 [ForkJoinPool.commonPool-worker-0] INFO  segmented.SegmentedRaftLogWorker (SegmentedRaftLogWorker.java:close(224)) - 7df38282-3a3d-4206-964a-9b3301cd1d1f@group-ABAF19C3FAB0-SegmentedRaftLogWorker close()
2019-10-02 10:56:42,273 [grpc-default-executor-1] INFO  server.GrpcLogAppender (GrpcLogAppender.java:onCompleted(293)) - 7df38282-3a3d-4206-964a-9b3301cd1d1f@group-ABAF19C3FAB0->b25f22f8-54cc-4ffd-bfcd-179cc8cbd7fc-AppendLogResponseHandler: follower responses appendEntries COMPLETED
2019-10-02 10:56:42,273 [ForkJoinPool.commonPool-worker-0] INFO  server.GrpcService (GrpcService.java:closeImpl(164)) - 7df38282-3a3d-4206-964a-9b3301cd1d1f: shutdown server with port 34960 now
2019-10-02 10:56:42,273 [grpc-default-executor-4] INFO  impl.FollowerInfo (FollowerInfo.java:lambda$new$0(51)) - 7df38282-3a3d-4206-964a-9b3301cd1d1f@group-1A77BEA84F5E->b25f22f8-54cc-4ffd-bfcd-179cc8cbd7fc: nextIndex: updateUnconditionally 1 -> 0
2019-10-02 10:56:42,273 [grpc-default-executor-7] INFO  impl.FollowerInfo (FollowerInfo.java:lambda$new$0(51)) - 7df38282-3a3d-4206-964a-9b3301cd1d1f@group-BE47439FB225->b25f22f8-54cc-4ffd-bfcd-179cc8cbd7fc: nextIndex: updateUnconditionally 1 -> 0
2019-10-02 10:56:42,273 [grpc-default-executor-2] INFO  impl.FollowerInfo (FollowerInfo.java:lambda$new$0(51)) - 7df38282-3a3d-4206-964a-9b3301cd1d1f@group-C476C2B24A7C->b25f22f8-54cc-4ffd-bfcd-179cc8cbd7fc: nextIndex: updateUnconditionally 3 -> 2
2019-10-02 10:56:42,273 [grpc-default-executor-1] INFO  impl.FollowerInfo (FollowerInfo.java:lambda$new$0(51)) - 7df38282-3a3d-4206-964a-9b3301cd1d1f@group-ABAF19C3FAB0->b25f22f8-54cc-4ffd-bfcd-179cc8cbd7fc: nextIndex: updateUnconditionally 3 -> 2
2019-10-02 10:56:42,273 [grpc-default-executor-3] INFO  impl.FollowerInfo (FollowerInfo.java:lambda$new$0(51)) - 7df38282-3a3d-4206-964a-9b3301cd1d1f@group-6128F9235CFD->b25f22f8-54cc-4ffd-bfcd-179cc8cbd7fc: nextIndex: updateUnconditionally 1 -> 0
2019-10-02 10:56:42,274 [grpc-default-executor-1] WARN  server.GrpcLogAppender (LogUtils.java:warn(134)) - b25f22f8-54cc-4ffd-bfcd-179cc8cbd7fc@group-49987F7A8A7C->7df38282-3a3d-4206-964a-9b3301cd1d1f-AppendLogResponseHandler: Failed appendEntries: org.apache.ratis.thirdparty.io.grpc.StatusRuntimeException: CANCELLED: HTTP/2 error code: CANCEL
Received Rst Stream
2019-10-02 10:56:42,274 [grpc-default-executor-2] WARN  server.GrpcLogAppender (LogUtils.java:warn(134)) - b25f22f8-54cc-4ffd-bfcd-179cc8cbd7fc@group-6B83A71B3C43->7df38282-3a3d-4206-964a-9b3301cd1d1f-AppendLogResponseHandler: Failed appendEntries: org.apache.ratis.thirdparty.io.grpc.StatusRuntimeException: CANCELLED: HTTP/2 error code: CANCEL
Received Rst Stream
2019-10-02 10:56:42,274 [ForkJoinPool.commonPool-worker-0] INFO  server.GrpcService (GrpcService.java:closeImpl(172)) - 7df38282-3a3d-4206-964a-9b3301cd1d1f: shutdown server with port 34960 successfully
2019-10-02 10:56:42,274 [grpc-default-executor-7] WARN  server.GrpcServerProtocolService (LogUtils.java:warn(134)) - 7df38282-3a3d-4206-964a-9b3301cd1d1f: installSnapshot onError, lastRequest: b25f22f8-54cc-4ffd-bfcd-179cc8cbd7fc->7df38282-3a3d-4206-964a-9b3301cd1d1f#29-t2, previous=(t:2, i:2), leaderCommit=2, initializing? false, entries: <empty>: org.apache.ratis.thirdparty.io.grpc.StatusRuntimeException: CANCELLED: cancelled before receiving half close
2019-10-02 10:56:42,274 [grpc-default-executor-4] WARN  server.GrpcServerProtocolService (LogUtils.java:warn(134)) - 7df38282-3a3d-4206-964a-9b3301cd1d1f: installSnapshot onError, lastRequest: b25f22f8-54cc-4ffd-bfcd-179cc8cbd7fc->7df38282-3a3d-4206-964a-9b3301cd1d1f#41-t2, previous=(t:2, i:0), leaderCommit=0, initializing? false, entries: <empty>: org.apache.ratis.thirdparty.io.grpc.StatusRuntimeException: CANCELLED: cancelled before receiving half close
2019-10-02 10:56:42,275 [grpc-default-executor-2] INFO  impl.FollowerInfo (FollowerInfo.java:lambda$new$0(51)) - b25f22f8-54cc-4ffd-bfcd-179cc8cbd7fc@group-6B83A71B3C43->7df38282-3a3d-4206-964a-9b3301cd1d1f: nextIndex: updateUnconditionally 1 -> 0
2019-10-02 10:56:42,275 [grpc-default-executor-1] INFO  impl.FollowerInfo (FollowerInfo.java:lambda$new$0(51)) - b25f22f8-54cc-4ffd-bfcd-179cc8cbd7fc@group-49987F7A8A7C->7df38282-3a3d-4206-964a-9b3301cd1d1f: nextIndex: updateUnconditionally 3 -> 2
2019-10-02 10:56:42,276 [main] INFO  utils.BackgroundService (BackgroundService.java:shutdown(148)) - Shutting down service BlockDeletingService
2019-10-02 10:56:42,280 [main] INFO  statemachine.DatanodeStateMachine (DatanodeStateMachine.java:stopDaemon(395)) - Ozone container server stopped.
2019-10-02 10:56:42,281 [main] INFO  handler.ContextHandler (ContextHandler.java:doStop(910)) - Stopped o.e.j.w.WebAppContext@2da66a44{/,null,UNAVAILABLE}{/hddsDatanode}
2019-10-02 10:56:42,281 [main] INFO  server.AbstractConnector (AbstractConnector.java:doStop(318)) - Stopped ServerConnector@527fc8e{HTTP/1.1,[http/1.1]}{0.0.0.0:0}
2019-10-02 10:56:42,282 [main] INFO  handler.ContextHandler (ContextHandler.java:doStop(910)) - Stopped o.e.j.s.ServletContextHandler@4375b013{/static,jar:file:/home/user/.m2/repository/org/apache/hadoop/hadoop-hdds-container-service/0.5.0-SNAPSHOT/hadoop-hdds-container-service-0.5.0-SNAPSHOT.jar!/webapps/static,UNAVAILABLE}
2019-10-02 10:56:42,282 [main] INFO  handler.ContextHandler (ContextHandler.java:doStop(910)) - Stopped o.e.j.s.ServletContextHandler@797c3c3b{/logs,file:///workdir/hadoop-ozone/integration-test/target/log,UNAVAILABLE}
2019-10-02 10:56:42,285 [refreshUsed-/workdir/hadoop-ozone/integration-test/target/test-dir/MiniOzoneClusterImpl-5f261223-23be-4c6b-a914-4b08f19f7d30/datanode-0/data/containers] WARN  fs.CachingGetSpaceUsed (CachingGetSpaceUsed.java:run(183)) - Thread Interrupted waiting to refresh disk information: sleep interrupted
2019-10-02 10:56:42,297 [ForkJoinPool.commonPool-worker-0] INFO  utils.BackgroundService (BackgroundService.java:shutdown(148)) - Shutting down service BlockDeletingService
2019-10-02 10:56:42,301 [ForkJoinPool.commonPool-worker-0] INFO  statemachine.DatanodeStateMachine (DatanodeStateMachine.java:stopDaemon(395)) - Ozone container server stopped.
2019-10-02 10:56:42,304 [ForkJoinPool.commonPool-worker-0] INFO  handler.ContextHandler (ContextHandler.java:doStop(910)) - Stopped o.e.j.w.WebAppContext@117525fe{/,null,UNAVAILABLE}{/hddsDatanode}
2019-10-02 10:56:42,304 [ForkJoinPool.commonPool-worker-0] INFO  server.AbstractConnector (AbstractConnector.java:doStop(318)) - Stopped ServerConnector@5f7989fa{HTTP/1.1,[http/1.1]}{0.0.0.0:0}
2019-10-02 10:56:42,305 [ForkJoinPool.commonPool-worker-0] INFO  handler.ContextHandler (ContextHandler.java:doStop(910)) - Stopped o.e.j.s.ServletContextHandler@421056e5{/static,jar:file:/home/user/.m2/repository/org/apache/hadoop/hadoop-hdds-container-service/0.5.0-SNAPSHOT/hadoop-hdds-container-service-0.5.0-SNAPSHOT.jar!/webapps/static,UNAVAILABLE}
2019-10-02 10:56:42,306 [ForkJoinPool.commonPool-worker-0] INFO  handler.ContextHandler (ContextHandler.java:doStop(910)) - Stopped o.e.j.s.ServletContextHandler@21bd20ee{/logs,file:///workdir/hadoop-ozone/integration-test/target/log,UNAVAILABLE}
2019-10-02 10:56:42,455 [grpc-default-executor-4] WARN  server.GrpcLogAppender (LogUtils.java:warn(134)) - b25f22f8-54cc-4ffd-bfcd-179cc8cbd7fc@group-6B83A71B3C43->d3dffc06-1d6a-4f7a-8294-c2dc8ce35b40-AppendLogResponseHandler: Failed appendEntries: org.apache.ratis.thirdparty.io.grpc.StatusRuntimeException: UNAVAILABLE: io exception
2019-10-02 10:56:42,455 [grpc-default-executor-4] INFO  impl.FollowerInfo (FollowerInfo.java:lambda$new$0(51)) - b25f22f8-54cc-4ffd-bfcd-179cc8cbd7fc@group-6B83A71B3C43->d3dffc06-1d6a-4f7a-8294-c2dc8ce35b40: nextIndex: updateUnconditionally 0 -> 0
2019-10-02 10:56:42,476 [grpc-default-executor-4] WARN  server.GrpcLogAppender (LogUtils.java:warn(134)) - b25f22f8-54cc-4ffd-bfcd-179cc8cbd7fc@group-6B83A71B3C43->7df38282-3a3d-4206-964a-9b3301cd1d1f-AppendLogResponseHandler: Failed appendEntries: org.apache.ratis.thirdparty.io.grpc.StatusRuntimeException: UNAVAILABLE: io exception
2019-10-02 10:56:42,476 [grpc-default-executor-4] INFO  impl.FollowerInfo (FollowerInfo.java:lambda$new$0(51)) - b25f22f8-54cc-4ffd-bfcd-179cc8cbd7fc@group-6B83A71B3C43->7df38282-3a3d-4206-964a-9b3301cd1d1f: nextIndex: updateUnconditionally 0 -> 0
2019-10-02 10:56:42,575 [Datanode State Machine Thread - 0] INFO  statemachine.DatanodeStateMachine (DatanodeStateMachine.java:lambda$startDaemon$0(350)) - Ozone container server started.
2019-10-02 10:56:42,608 [grpc-default-executor-4] WARN  server.GrpcLogAppender (LogUtils.java:warn(134)) - b25f22f8-54cc-4ffd-bfcd-179cc8cbd7fc@group-49987F7A8A7C->d3dffc06-1d6a-4f7a-8294-c2dc8ce35b40-AppendLogResponseHandler: Failed appendEntries: org.apache.ratis.thirdparty.io.grpc.StatusRuntimeException: UNAVAILABLE: io exception
2019-10-02 10:56:42,609 [grpc-default-executor-4] INFO  impl.FollowerInfo (FollowerInfo.java:lambda$new$0(51)) - b25f22f8-54cc-4ffd-bfcd-179cc8cbd7fc@group-49987F7A8A7C->d3dffc06-1d6a-4f7a-8294-c2dc8ce35b40: nextIndex: updateUnconditionally 0 -> 0
2019-10-02 10:56:42,670 [grpc-default-executor-4] WARN  server.GrpcLogAppender (LogUtils.java:warn(134)) - b25f22f8-54cc-4ffd-bfcd-179cc8cbd7fc@group-49987F7A8A7C->7df38282-3a3d-4206-964a-9b3301cd1d1f-AppendLogResponseHandler: Failed appendEntries: org.apache.ratis.thirdparty.io.grpc.StatusRuntimeException: UNAVAILABLE: io exception
2019-10-02 10:56:42,671 [grpc-default-executor-4] INFO  impl.FollowerInfo (FollowerInfo.java:lambda$new$0(51)) - b25f22f8-54cc-4ffd-bfcd-179cc8cbd7fc@group-49987F7A8A7C->7df38282-3a3d-4206-964a-9b3301cd1d1f: nextIndex: updateUnconditionally 2 -> 1
2019-10-02 10:56:42,956 [grpc-default-executor-1] WARN  server.GrpcLogAppender (LogUtils.java:warn(134)) - b25f22f8-54cc-4ffd-bfcd-179cc8cbd7fc@group-6B83A71B3C43->d3dffc06-1d6a-4f7a-8294-c2dc8ce35b40-AppendLogResponseHandler: Failed appendEntries: org.apache.ratis.thirdparty.io.grpc.StatusRuntimeException: UNAVAILABLE: io exception
2019-10-02 10:56:42,957 [grpc-default-executor-1] INFO  impl.FollowerInfo (FollowerInfo.java:lambda$new$0(51)) - b25f22f8-54cc-4ffd-bfcd-179cc8cbd7fc@group-6B83A71B3C43->d3dffc06-1d6a-4f7a-8294-c2dc8ce35b40: nextIndex: updateUnconditionally 0 -> 0
2019-10-02 10:56:42,977 [grpc-default-executor-1] WARN  server.GrpcLogAppender (LogUtils.java:warn(134)) - b25f22f8-54cc-4ffd-bfcd-179cc8cbd7fc@group-6B83A71B3C43->7df38282-3a3d-4206-964a-9b3301cd1d1f-AppendLogResponseHandler: Failed appendEntries: org.apache.ratis.thirdparty.io.grpc.StatusRuntimeException: UNAVAILABLE: io exception
2019-10-02 10:56:42,977 [grpc-default-executor-1] INFO  impl.FollowerInfo (FollowerInfo.java:lambda$new$0(51)) - b25f22f8-54cc-4ffd-bfcd-179cc8cbd7fc@group-6B83A71B3C43->7df38282-3a3d-4206-964a-9b3301cd1d1f: nextIndex: updateUnconditionally 0 -> 0
2019-10-02 10:56:43,108 [grpc-default-executor-1] WARN  server.GrpcLogAppender (LogUtils.java:warn(134)) - b25f22f8-54cc-4ffd-bfcd-179cc8cbd7fc@group-49987F7A8A7C->d3dffc06-1d6a-4f7a-8294-c2dc8ce35b40-AppendLogResponseHandler: Failed appendEntries: org.apache.ratis.thirdparty.io.grpc.StatusRuntimeException: UNAVAILABLE: io exception
2019-10-02 10:56:43,109 [grpc-default-executor-1] INFO  impl.FollowerInfo (FollowerInfo.java:lambda$new$0(51)) - b25f22f8-54cc-4ffd-bfcd-179cc8cbd7fc@group-49987F7A8A7C->d3dffc06-1d6a-4f7a-8294-c2dc8ce35b40: nextIndex: updateUnconditionally 0 -> 0
2019-10-02 10:56:43,171 [grpc-default-executor-1] WARN  server.GrpcLogAppender (LogUtils.java:warn(134)) - b25f22f8-54cc-4ffd-bfcd-179cc8cbd7fc@group-49987F7A8A7C->7df38282-3a3d-4206-964a-9b3301cd1d1f-AppendLogResponseHandler: Failed appendEntries: org.apache.ratis.thirdparty.io.grpc.StatusRuntimeException: UNAVAILABLE: io exception
2019-10-02 10:56:43,171 [grpc-default-executor-1] INFO  impl.FollowerInfo (FollowerInfo.java:lambda$new$0(51)) - b25f22f8-54cc-4ffd-bfcd-179cc8cbd7fc@group-49987F7A8A7C->7df38282-3a3d-4206-964a-9b3301cd1d1f: nextIndex: updateUnconditionally 1 -> 0
2019-10-02 10:56:43,223 [Datanode State Machine Thread - 0] INFO  statemachine.DatanodeStateMachine (DatanodeStateMachine.java:lambda$startDaemon$0(350)) - Ozone container server started.
2019-10-02 10:56:43,457 [grpc-default-executor-1] WARN  server.GrpcLogAppender (LogUtils.java:warn(134)) - b25f22f8-54cc-4ffd-bfcd-179cc8cbd7fc@group-6B83A71B3C43->d3dffc06-1d6a-4f7a-8294-c2dc8ce35b40-AppendLogResponseHandler: Failed appendEntries: org.apache.ratis.thirdparty.io.grpc.StatusRuntimeException: UNAVAILABLE: io exception
2019-10-02 10:56:43,457 [grpc-default-executor-1] INFO  impl.FollowerInfo (FollowerInfo.java:lambda$new$0(51)) - b25f22f8-54cc-4ffd-bfcd-179cc8cbd7fc@group-6B83A71B3C43->d3dffc06-1d6a-4f7a-8294-c2dc8ce35b40: nextIndex: updateUnconditionally 0 -> 0
2019-10-02 10:56:43,477 [grpc-default-executor-4] WARN  server.GrpcLogAppender (LogUtils.java:warn(134)) - b25f22f8-54cc-4ffd-bfcd-179cc8cbd7fc@group-6B83A71B3C43->7df38282-3a3d-4206-964a-9b3301cd1d1f-AppendLogResponseHandler: Failed appendEntries: org.apache.ratis.thirdparty.io.grpc.StatusRuntimeException: UNAVAILABLE: io exception
2019-10-02 10:56:43,477 [grpc-default-executor-4] INFO  impl.FollowerInfo (FollowerInfo.java:lambda$new$0(51)) - b25f22f8-54cc-4ffd-bfcd-179cc8cbd7fc@group-6B83A71B3C43->7df38282-3a3d-4206-964a-9b3301cd1d1f: nextIndex: updateUnconditionally 0 -> 0
2019-10-02 10:56:43,505 [Thread-703] INFO  impl.FollowerState (FollowerState.java:run(108)) - b25f22f8-54cc-4ffd-bfcd-179cc8cbd7fc@group-C476C2B24A7C-FollowerState: change to CANDIDATE, lastRpcTime:1593ms, electionTimeout:1120ms
2019-10-02 10:56:43,505 [Thread-703] INFO  impl.RoleInfo (RoleInfo.java:shutdownFollowerState(121)) - b25f22f8-54cc-4ffd-bfcd-179cc8cbd7fc: shutdown FollowerState
2019-10-02 10:56:43,505 [Thread-703] INFO  impl.RaftServerImpl (RaftServerImpl.java:setRole(170)) - b25f22f8-54cc-4ffd-bfcd-179cc8cbd7fc@group-C476C2B24A7C: changes role from  FOLLOWER to CANDIDATE at term 3 for changeToCandidate
2019-10-02 10:56:43,506 [Thread-703] INFO  impl.RoleInfo (RoleInfo.java:updateAndGet(143)) - b25f22f8-54cc-4ffd-bfcd-179cc8cbd7fc: start LeaderElection
2019-10-02 10:56:43,506 [b25f22f8-54cc-4ffd-bfcd-179cc8cbd7fc@group-C476C2B24A7C-LeaderElection44] INFO  impl.RaftServerImpl (ServerState.java:setLeader(255)) - b25f22f8-54cc-4ffd-bfcd-179cc8cbd7fc@group-C476C2B24A7C: change Leader from 7df38282-3a3d-4206-964a-9b3301cd1d1f to null at term 3 for initElection
2019-10-02 10:56:43,539 [b25f22f8-54cc-4ffd-bfcd-179cc8cbd7fc@group-C476C2B24A7C-LeaderElection44] INFO  impl.LeaderElection (LeaderElection.java:askForVotes(178)) - b25f22f8-54cc-4ffd-bfcd-179cc8cbd7fc@group-C476C2B24A7C-LeaderElection44: begin an election at term 4 for 1: [d3dffc06-1d6a-4f7a-8294-c2dc8ce35b40:192.168.30.53:33785, 7df38282-3a3d-4206-964a-9b3301cd1d1f:192.168.30.53:34960, b25f22f8-54cc-4ffd-bfcd-179cc8cbd7fc:192.168.30.53:42549], old=null
2019-10-02 10:56:43,542 [b25f22f8-54cc-4ffd-bfcd-179cc8cbd7fc@group-C476C2B24A7C-LeaderElection44] INFO  impl.LeaderElection (LogUtils.java:infoOrTrace(149)) - b25f22f8-54cc-4ffd-bfcd-179cc8cbd7fc@group-C476C2B24A7C-LeaderElection44 got exception when requesting votes: {}
java.util.concurrent.ExecutionException: org.apache.ratis.thirdparty.io.grpc.StatusRuntimeException: UNAVAILABLE: io exception
	at java.util.concurrent.FutureTask.report(FutureTask.java:122)
	at java.util.concurrent.FutureTask.get(FutureTask.java:192)
	at org.apache.ratis.server.impl.LeaderElection.waitForResults(LeaderElection.java:259)
	at org.apache.ratis.server.impl.LeaderElection.askForVotes(LeaderElection.java:197)
	at org.apache.ratis.server.impl.LeaderElection.run(LeaderElection.java:133)
	at java.lang.Thread.run(Thread.java:748)
Caused by: org.apache.ratis.thirdparty.io.grpc.StatusRuntimeException: UNAVAILABLE: io exception
	at org.apache.ratis.thirdparty.io.grpc.stub.ClientCalls.toStatusRuntimeException(ClientCalls.java:233)
	at org.apache.ratis.thirdparty.io.grpc.stub.ClientCalls.getUnchecked(ClientCalls.java:214)
	at org.apache.ratis.thirdparty.io.grpc.stub.ClientCalls.blockingUnaryCall(ClientCalls.java:139)
	at org.apache.ratis.proto.grpc.RaftServerProtocolServiceGrpc$RaftServerProtocolServiceBlockingStub.requestVote(RaftServerProtocolServiceGrpc.java:265)
	at org.apache.ratis.grpc.server.GrpcServerProtocolClient.requestVote(GrpcServerProtocolClient.java:99)
	at org.apache.ratis.grpc.server.GrpcService.requestVote(GrpcService.java:204)
	at org.apache.ratis.server.impl.LeaderElection.lambda$submitRequests$1(LeaderElection.java:234)
	at java.util.concurrent.FutureTask.run(FutureTask.java:266)
	at java.util.concurrent.Executors$RunnableAdapter.call(Executors.java:511)
	at java.util.concurrent.FutureTask.run(FutureTask.java:266)
	at java.util.concurrent.ThreadPoolExecutor.runWorker(ThreadPoolExecutor.java:1149)
	at java.util.concurrent.ThreadPoolExecutor$Worker.run(ThreadPoolExecutor.java:624)
	... 1 more
Caused by: org.apache.ratis.thirdparty.io.netty.channel.AbstractChannel$AnnotatedConnectException: Connection refused: /192.168.30.53:34960
	at sun.nio.ch.SocketChannelImpl.checkConnect(Native Method)
	at sun.nio.ch.SocketChannelImpl.finishConnect(SocketChannelImpl.java:717)
	at org.apache.ratis.thirdparty.io.netty.channel.socket.nio.NioSocketChannel.doFinishConnect(NioSocketChannel.java:327)
	at org.apache.ratis.thirdparty.io.netty.channel.nio.AbstractNioChannel$AbstractNioUnsafe.finishConnect(AbstractNioChannel.java:340)
	at org.apache.ratis.thirdparty.io.netty.channel.nio.NioEventLoop.processSelectedKey(NioEventLoop.java:632)
	at org.apache.ratis.thirdparty.io.netty.channel.nio.NioEventLoop.processSelectedKeysOptimized(NioEventLoop.java:579)
	at org.apache.ratis.thirdparty.io.netty.channel.nio.NioEventLoop.processSelectedKeys(NioEventLoop.java:496)
	at org.apache.ratis.thirdparty.io.netty.channel.nio.NioEventLoop.run(NioEventLoop.java:458)
	at org.apache.ratis.thirdparty.io.netty.util.concurrent.SingleThreadEventExecutor$5.run(SingleThreadEventExecutor.java:897)
	at org.apache.ratis.thirdparty.io.netty.util.concurrent.FastThreadLocalRunnable.run(FastThreadLocalRunnable.java:30)
	... 1 more
Caused by: java.net.ConnectException: Connection refused
	... 11 more
2019-10-02 10:56:43,545 [b25f22f8-54cc-4ffd-bfcd-179cc8cbd7fc@group-C476C2B24A7C-LeaderElection44] INFO  impl.LeaderElection (LogUtils.java:infoOrTrace(149)) - b25f22f8-54cc-4ffd-bfcd-179cc8cbd7fc@group-C476C2B24A7C-LeaderElection44 got exception when requesting votes: {}
java.util.concurrent.ExecutionException: org.apache.ratis.thirdparty.io.grpc.StatusRuntimeException: UNAVAILABLE: io exception
	at java.util.concurrent.FutureTask.report(FutureTask.java:122)
	at java.util.concurrent.FutureTask.get(FutureTask.java:192)
	at org.apache.ratis.server.impl.LeaderElection.waitForResults(LeaderElection.java:259)
	at org.apache.ratis.server.impl.LeaderElection.askForVotes(LeaderElection.java:197)
	at org.apache.ratis.server.impl.LeaderElection.run(LeaderElection.java:133)
	at java.lang.Thread.run(Thread.java:748)
Caused by: org.apache.ratis.thirdparty.io.grpc.StatusRuntimeException: UNAVAILABLE: io exception
	at org.apache.ratis.thirdparty.io.grpc.stub.ClientCalls.toStatusRuntimeException(ClientCalls.java:233)
	at org.apache.ratis.thirdparty.io.grpc.stub.ClientCalls.getUnchecked(ClientCalls.java:214)
	at org.apache.ratis.thirdparty.io.grpc.stub.ClientCalls.blockingUnaryCall(ClientCalls.java:139)
	at org.apache.ratis.proto.grpc.RaftServerProtocolServiceGrpc$RaftServerProtocolServiceBlockingStub.requestVote(RaftServerProtocolServiceGrpc.java:265)
	at org.apache.ratis.grpc.server.GrpcServerProtocolClient.requestVote(GrpcServerProtocolClient.java:99)
	at org.apache.ratis.grpc.server.GrpcService.requestVote(GrpcService.java:204)
	at org.apache.ratis.server.impl.LeaderElection.lambda$submitRequests$1(LeaderElection.java:234)
	at java.util.concurrent.FutureTask.run(FutureTask.java:266)
	at java.util.concurrent.Executors$RunnableAdapter.call(Executors.java:511)
	at java.util.concurrent.FutureTask.run(FutureTask.java:266)
	at java.util.concurrent.ThreadPoolExecutor.runWorker(ThreadPoolExecutor.java:1149)
	at java.util.concurrent.ThreadPoolExecutor$Worker.run(ThreadPoolExecutor.java:624)
	... 1 more
Caused by: org.apache.ratis.thirdparty.io.netty.channel.AbstractChannel$AnnotatedConnectException: Connection refused: /192.168.30.53:33785
	at sun.nio.ch.SocketChannelImpl.checkConnect(Native Method)
	at sun.nio.ch.SocketChannelImpl.finishConnect(SocketChannelImpl.java:717)
	at org.apache.ratis.thirdparty.io.netty.channel.socket.nio.NioSocketChannel.doFinishConnect(NioSocketChannel.java:327)
	at org.apache.ratis.thirdparty.io.netty.channel.nio.AbstractNioChannel$AbstractNioUnsafe.finishConnect(AbstractNioChannel.java:340)
	at org.apache.ratis.thirdparty.io.netty.channel.nio.NioEventLoop.processSelectedKey(NioEventLoop.java:632)
	at org.apache.ratis.thirdparty.io.netty.channel.nio.NioEventLoop.processSelectedKeysOptimized(NioEventLoop.java:579)
	at org.apache.ratis.thirdparty.io.netty.channel.nio.NioEventLoop.processSelectedKeys(NioEventLoop.java:496)
	at org.apache.ratis.thirdparty.io.netty.channel.nio.NioEventLoop.run(NioEventLoop.java:458)
	at org.apache.ratis.thirdparty.io.netty.util.concurrent.SingleThreadEventExecutor$5.run(SingleThreadEventExecutor.java:897)
	at org.apache.ratis.thirdparty.io.netty.util.concurrent.FastThreadLocalRunnable.run(FastThreadLocalRunnable.java:30)
	... 1 more
Caused by: java.net.ConnectException: Connection refused
	... 11 more
2019-10-02 10:56:43,547 [b25f22f8-54cc-4ffd-bfcd-179cc8cbd7fc@group-C476C2B24A7C-LeaderElection44] INFO  impl.LeaderElection (LeaderElection.java:logAndReturn(56)) - b25f22f8-54cc-4ffd-bfcd-179cc8cbd7fc@group-C476C2B24A7C-LeaderElection44: Election REJECTED; received 0 response(s) [] and 2 exception(s); b25f22f8-54cc-4ffd-bfcd-179cc8cbd7fc@group-C476C2B24A7C:t4, leader=null, voted=b25f22f8-54cc-4ffd-bfcd-179cc8cbd7fc, raftlog=b25f22f8-54cc-4ffd-bfcd-179cc8cbd7fc@group-C476C2B24A7C-SegmentedRaftLog:OPENED:c2,f2,i2, conf=1: [d3dffc06-1d6a-4f7a-8294-c2dc8ce35b40:192.168.30.53:33785, 7df38282-3a3d-4206-964a-9b3301cd1d1f:192.168.30.53:34960, b25f22f8-54cc-4ffd-bfcd-179cc8cbd7fc:192.168.30.53:42549], old=null
2019-10-02 10:56:43,547 [b25f22f8-54cc-4ffd-bfcd-179cc8cbd7fc@group-C476C2B24A7C-LeaderElection44] INFO  impl.LeaderElection (LogUtils.java:infoOrTrace(149)) -   Exception 0: {}
java.util.concurrent.ExecutionException: org.apache.ratis.thirdparty.io.grpc.StatusRuntimeException: UNAVAILABLE: io exception
	at java.util.concurrent.FutureTask.report(FutureTask.java:122)
	at java.util.concurrent.FutureTask.get(FutureTask.java:192)
	at org.apache.ratis.server.impl.LeaderElection.waitForResults(LeaderElection.java:259)
	at org.apache.ratis.server.impl.LeaderElection.askForVotes(LeaderElection.java:197)
	at org.apache.ratis.server.impl.LeaderElection.run(LeaderElection.java:133)
	at java.lang.Thread.run(Thread.java:748)
Caused by: org.apache.ratis.thirdparty.io.grpc.StatusRuntimeException: UNAVAILABLE: io exception
	at org.apache.ratis.thirdparty.io.grpc.stub.ClientCalls.toStatusRuntimeException(ClientCalls.java:233)
	at org.apache.ratis.thirdparty.io.grpc.stub.ClientCalls.getUnchecked(ClientCalls.java:214)
	at org.apache.ratis.thirdparty.io.grpc.stub.ClientCalls.blockingUnaryCall(ClientCalls.java:139)
	at org.apache.ratis.proto.grpc.RaftServerProtocolServiceGrpc$RaftServerProtocolServiceBlockingStub.requestVote(RaftServerProtocolServiceGrpc.java:265)
	at org.apache.ratis.grpc.server.GrpcServerProtocolClient.requestVote(GrpcServerProtocolClient.java:99)
	at org.apache.ratis.grpc.server.GrpcService.requestVote(GrpcService.java:204)
	at org.apache.ratis.server.impl.LeaderElection.lambda$submitRequests$1(LeaderElection.java:234)
	at java.util.concurrent.FutureTask.run(FutureTask.java:266)
	at java.util.concurrent.Executors$RunnableAdapter.call(Executors.java:511)
	at java.util.concurrent.FutureTask.run(FutureTask.java:266)
	at java.util.concurrent.ThreadPoolExecutor.runWorker(ThreadPoolExecutor.java:1149)
	at java.util.concurrent.ThreadPoolExecutor$Worker.run(ThreadPoolExecutor.java:624)
	... 1 more
Caused by: org.apache.ratis.thirdparty.io.netty.channel.AbstractChannel$AnnotatedConnectException: Connection refused: /192.168.30.53:34960
	at sun.nio.ch.SocketChannelImpl.checkConnect(Native Method)
	at sun.nio.ch.SocketChannelImpl.finishConnect(SocketChannelImpl.java:717)
	at org.apache.ratis.thirdparty.io.netty.channel.socket.nio.NioSocketChannel.doFinishConnect(NioSocketChannel.java:327)
	at org.apache.ratis.thirdparty.io.netty.channel.nio.AbstractNioChannel$AbstractNioUnsafe.finishConnect(AbstractNioChannel.java:340)
	at org.apache.ratis.thirdparty.io.netty.channel.nio.NioEventLoop.processSelectedKey(NioEventLoop.java:632)
	at org.apache.ratis.thirdparty.io.netty.channel.nio.NioEventLoop.processSelectedKeysOptimized(NioEventLoop.java:579)
	at org.apache.ratis.thirdparty.io.netty.channel.nio.NioEventLoop.processSelectedKeys(NioEventLoop.java:496)
	at org.apache.ratis.thirdparty.io.netty.channel.nio.NioEventLoop.run(NioEventLoop.java:458)
	at org.apache.ratis.thirdparty.io.netty.util.concurrent.SingleThreadEventExecutor$5.run(SingleThreadEventExecutor.java:897)
	at org.apache.ratis.thirdparty.io.netty.util.concurrent.FastThreadLocalRunnable.run(FastThreadLocalRunnable.java:30)
	... 1 more
Caused by: java.net.ConnectException: Connection refused
	... 11 more
2019-10-02 10:56:43,547 [b25f22f8-54cc-4ffd-bfcd-179cc8cbd7fc@group-C476C2B24A7C-LeaderElection44] INFO  impl.LeaderElection (LogUtils.java:infoOrTrace(149)) -   Exception 1: {}
java.util.concurrent.ExecutionException: org.apache.ratis.thirdparty.io.grpc.StatusRuntimeException: UNAVAILABLE: io exception
	at java.util.concurrent.FutureTask.report(FutureTask.java:122)
	at java.util.concurrent.FutureTask.get(FutureTask.java:192)
	at org.apache.ratis.server.impl.LeaderElection.waitForResults(LeaderElection.java:259)
	at org.apache.ratis.server.impl.LeaderElection.askForVotes(LeaderElection.java:197)
	at org.apache.ratis.server.impl.LeaderElection.run(LeaderElection.java:133)
	at java.lang.Thread.run(Thread.java:748)
Caused by: org.apache.ratis.thirdparty.io.grpc.StatusRuntimeException: UNAVAILABLE: io exception
	at org.apache.ratis.thirdparty.io.grpc.stub.ClientCalls.toStatusRuntimeException(ClientCalls.java:233)
	at org.apache.ratis.thirdparty.io.grpc.stub.ClientCalls.getUnchecked(ClientCalls.java:214)
	at org.apache.ratis.thirdparty.io.grpc.stub.ClientCalls.blockingUnaryCall(ClientCalls.java:139)
	at org.apache.ratis.proto.grpc.RaftServerProtocolServiceGrpc$RaftServerProtocolServiceBlockingStub.requestVote(RaftServerProtocolServiceGrpc.java:265)
	at org.apache.ratis.grpc.server.GrpcServerProtocolClient.requestVote(GrpcServerProtocolClient.java:99)
	at org.apache.ratis.grpc.server.GrpcService.requestVote(GrpcService.java:204)
	at org.apache.ratis.server.impl.LeaderElection.lambda$submitRequests$1(LeaderElection.java:234)
	at java.util.concurrent.FutureTask.run(FutureTask.java:266)
	at java.util.concurrent.Executors$RunnableAdapter.call(Executors.java:511)
	at java.util.concurrent.FutureTask.run(FutureTask.java:266)
	at java.util.concurrent.ThreadPoolExecutor.runWorker(ThreadPoolExecutor.java:1149)
	at java.util.concurrent.ThreadPoolExecutor$Worker.run(ThreadPoolExecutor.java:624)
	... 1 more
Caused by: org.apache.ratis.thirdparty.io.netty.channel.AbstractChannel$AnnotatedConnectException: Connection refused: /192.168.30.53:33785
	at sun.nio.ch.SocketChannelImpl.checkConnect(Native Method)
	at sun.nio.ch.SocketChannelImpl.finishConnect(SocketChannelImpl.java:717)
	at org.apache.ratis.thirdparty.io.netty.channel.socket.nio.NioSocketChannel.doFinishConnect(NioSocketChannel.java:327)
	at org.apache.ratis.thirdparty.io.netty.channel.nio.AbstractNioChannel$AbstractNioUnsafe.finishConnect(AbstractNioChannel.java:340)
	at org.apache.ratis.thirdparty.io.netty.channel.nio.NioEventLoop.processSelectedKey(NioEventLoop.java:632)
	at org.apache.ratis.thirdparty.io.netty.channel.nio.NioEventLoop.processSelectedKeysOptimized(NioEventLoop.java:579)
	at org.apache.ratis.thirdparty.io.netty.channel.nio.NioEventLoop.processSelectedKeys(NioEventLoop.java:496)
	at org.apache.ratis.thirdparty.io.netty.channel.nio.NioEventLoop.run(NioEventLoop.java:458)
	at org.apache.ratis.thirdparty.io.netty.util.concurrent.SingleThreadEventExecutor$5.run(SingleThreadEventExecutor.java:897)
	at org.apache.ratis.thirdparty.io.netty.util.concurrent.FastThreadLocalRunnable.run(FastThreadLocalRunnable.java:30)
	... 1 more
Caused by: java.net.ConnectException: Connection refused
	... 11 more
2019-10-02 10:56:43,548 [b25f22f8-54cc-4ffd-bfcd-179cc8cbd7fc@group-C476C2B24A7C-LeaderElection44] INFO  impl.RaftServerImpl (RaftServerImpl.java:setRole(170)) - b25f22f8-54cc-4ffd-bfcd-179cc8cbd7fc@group-C476C2B24A7C: changes role from CANDIDATE to FOLLOWER at term 4 for DISCOVERED_A_NEW_TERM
2019-10-02 10:56:43,548 [b25f22f8-54cc-4ffd-bfcd-179cc8cbd7fc@group-C476C2B24A7C-LeaderElection44] INFO  impl.RoleInfo (RoleInfo.java:shutdownLeaderElection(134)) - b25f22f8-54cc-4ffd-bfcd-179cc8cbd7fc: shutdown LeaderElection
2019-10-02 10:56:43,548 [b25f22f8-54cc-4ffd-bfcd-179cc8cbd7fc@group-C476C2B24A7C-LeaderElection44] INFO  impl.RoleInfo (RoleInfo.java:updateAndGet(143)) - b25f22f8-54cc-4ffd-bfcd-179cc8cbd7fc: start FollowerState
2019-10-02 10:56:43,607 [grpc-default-executor-4] WARN  server.GrpcLogAppender (LogUtils.java:warn(134)) - b25f22f8-54cc-4ffd-bfcd-179cc8cbd7fc@group-49987F7A8A7C->d3dffc06-1d6a-4f7a-8294-c2dc8ce35b40-AppendLogResponseHandler: Failed appendEntries: org.apache.ratis.thirdparty.io.grpc.StatusRuntimeException: UNAVAILABLE: io exception
2019-10-02 10:56:43,608 [grpc-default-executor-4] INFO  impl.FollowerInfo (FollowerInfo.java:lambda$new$0(51)) - b25f22f8-54cc-4ffd-bfcd-179cc8cbd7fc@group-49987F7A8A7C->d3dffc06-1d6a-4f7a-8294-c2dc8ce35b40: nextIndex: updateUnconditionally 0 -> 0
2019-10-02 10:56:43,633 [Thread-556] INFO  impl.FollowerState (FollowerState.java:run(108)) - b25f22f8-54cc-4ffd-bfcd-179cc8cbd7fc@group-6128F9235CFD-FollowerState: change to CANDIDATE, lastRpcTime:1660ms, electionTimeout:1170ms
2019-10-02 10:56:43,633 [Thread-556] INFO  impl.RoleInfo (RoleInfo.java:shutdownFollowerState(121)) - b25f22f8-54cc-4ffd-bfcd-179cc8cbd7fc: shutdown FollowerState
2019-10-02 10:56:43,634 [Thread-556] INFO  impl.RaftServerImpl (RaftServerImpl.java:setRole(170)) - b25f22f8-54cc-4ffd-bfcd-179cc8cbd7fc@group-6128F9235CFD: changes role from  FOLLOWER to CANDIDATE at term 1 for changeToCandidate
2019-10-02 10:56:43,634 [Thread-556] INFO  impl.RoleInfo (RoleInfo.java:updateAndGet(143)) - b25f22f8-54cc-4ffd-bfcd-179cc8cbd7fc: start LeaderElection
2019-10-02 10:56:43,634 [b25f22f8-54cc-4ffd-bfcd-179cc8cbd7fc@group-6128F9235CFD-LeaderElection45] INFO  impl.RaftServerImpl (ServerState.java:setLeader(255)) - b25f22f8-54cc-4ffd-bfcd-179cc8cbd7fc@group-6128F9235CFD: change Leader from 7df38282-3a3d-4206-964a-9b3301cd1d1f to null at term 1 for initElection
2019-10-02 10:56:43,658 [b25f22f8-54cc-4ffd-bfcd-179cc8cbd7fc@group-6128F9235CFD-LeaderElection45] INFO  impl.LeaderElection (LeaderElection.java:askForVotes(178)) - b25f22f8-54cc-4ffd-bfcd-179cc8cbd7fc@group-6128F9235CFD-LeaderElection45: begin an election at term 2 for 0: [d3dffc06-1d6a-4f7a-8294-c2dc8ce35b40:192.168.30.53:33785, 7df38282-3a3d-4206-964a-9b3301cd1d1f:192.168.30.53:34960, b25f22f8-54cc-4ffd-bfcd-179cc8cbd7fc:192.168.30.53:42549], old=null
2019-10-02 10:56:43,659 [b25f22f8-54cc-4ffd-bfcd-179cc8cbd7fc@group-6128F9235CFD-LeaderElection45] INFO  impl.LeaderElection (LogUtils.java:infoOrTrace(149)) - b25f22f8-54cc-4ffd-bfcd-179cc8cbd7fc@group-6128F9235CFD-LeaderElection45 got exception when requesting votes: {}
java.util.concurrent.ExecutionException: org.apache.ratis.thirdparty.io.grpc.StatusRuntimeException: UNAVAILABLE: io exception
	at java.util.concurrent.FutureTask.report(FutureTask.java:122)
	at java.util.concurrent.FutureTask.get(FutureTask.java:192)
	at org.apache.ratis.server.impl.LeaderElection.waitForResults(LeaderElection.java:259)
	at org.apache.ratis.server.impl.LeaderElection.askForVotes(LeaderElection.java:197)
	at org.apache.ratis.server.impl.LeaderElection.run(LeaderElection.java:133)
	at java.lang.Thread.run(Thread.java:748)
Caused by: org.apache.ratis.thirdparty.io.grpc.StatusRuntimeException: UNAVAILABLE: io exception
	at org.apache.ratis.thirdparty.io.grpc.stub.ClientCalls.toStatusRuntimeException(ClientCalls.java:233)
	at org.apache.ratis.thirdparty.io.grpc.stub.ClientCalls.getUnchecked(ClientCalls.java:214)
	at org.apache.ratis.thirdparty.io.grpc.stub.ClientCalls.blockingUnaryCall(ClientCalls.java:139)
	at org.apache.ratis.proto.grpc.RaftServerProtocolServiceGrpc$RaftServerProtocolServiceBlockingStub.requestVote(RaftServerProtocolServiceGrpc.java:265)
	at org.apache.ratis.grpc.server.GrpcServerProtocolClient.requestVote(GrpcServerProtocolClient.java:99)
	at org.apache.ratis.grpc.server.GrpcService.requestVote(GrpcService.java:204)
	at org.apache.ratis.server.impl.LeaderElection.lambda$submitRequests$1(LeaderElection.java:234)
	at java.util.concurrent.FutureTask.run(FutureTask.java:266)
	at java.util.concurrent.Executors$RunnableAdapter.call(Executors.java:511)
	at java.util.concurrent.FutureTask.run(FutureTask.java:266)
	at java.util.concurrent.ThreadPoolExecutor.runWorker(ThreadPoolExecutor.java:1149)
	at java.util.concurrent.ThreadPoolExecutor$Worker.run(ThreadPoolExecutor.java:624)
	... 1 more
Caused by: org.apache.ratis.thirdparty.io.netty.channel.AbstractChannel$AnnotatedConnectException: Connection refused: /192.168.30.53:34960
	at sun.nio.ch.SocketChannelImpl.checkConnect(Native Method)
	at sun.nio.ch.SocketChannelImpl.finishConnect(SocketChannelImpl.java:717)
	at org.apache.ratis.thirdparty.io.netty.channel.socket.nio.NioSocketChannel.doFinishConnect(NioSocketChannel.java:327)
	at org.apache.ratis.thirdparty.io.netty.channel.nio.AbstractNioChannel$AbstractNioUnsafe.finishConnect(AbstractNioChannel.java:340)
	at org.apache.ratis.thirdparty.io.netty.channel.nio.NioEventLoop.processSelectedKey(NioEventLoop.java:632)
	at org.apache.ratis.thirdparty.io.netty.channel.nio.NioEventLoop.processSelectedKeysOptimized(NioEventLoop.java:579)
	at org.apache.ratis.thirdparty.io.netty.channel.nio.NioEventLoop.processSelectedKeys(NioEventLoop.java:496)
	at org.apache.ratis.thirdparty.io.netty.channel.nio.NioEventLoop.run(NioEventLoop.java:458)
	at org.apache.ratis.thirdparty.io.netty.util.concurrent.SingleThreadEventExecutor$5.run(SingleThreadEventExecutor.java:897)
	at org.apache.ratis.thirdparty.io.netty.util.concurrent.FastThreadLocalRunnable.run(FastThreadLocalRunnable.java:30)
	... 1 more
Caused by: java.net.ConnectException: Connection refused
	... 11 more
2019-10-02 10:56:43,663 [b25f22f8-54cc-4ffd-bfcd-179cc8cbd7fc@group-6128F9235CFD-LeaderElection45] INFO  impl.LeaderElection (LogUtils.java:infoOrTrace(149)) - b25f22f8-54cc-4ffd-bfcd-179cc8cbd7fc@group-6128F9235CFD-LeaderElection45 got exception when requesting votes: {}
java.util.concurrent.ExecutionException: org.apache.ratis.thirdparty.io.grpc.StatusRuntimeException: UNAVAILABLE: io exception
	at java.util.concurrent.FutureTask.report(FutureTask.java:122)
	at java.util.concurrent.FutureTask.get(FutureTask.java:192)
	at org.apache.ratis.server.impl.LeaderElection.waitForResults(LeaderElection.java:259)
	at org.apache.ratis.server.impl.LeaderElection.askForVotes(LeaderElection.java:197)
	at org.apache.ratis.server.impl.LeaderElection.run(LeaderElection.java:133)
	at java.lang.Thread.run(Thread.java:748)
Caused by: org.apache.ratis.thirdparty.io.grpc.StatusRuntimeException: UNAVAILABLE: io exception
	at org.apache.ratis.thirdparty.io.grpc.stub.ClientCalls.toStatusRuntimeException(ClientCalls.java:233)
	at org.apache.ratis.thirdparty.io.grpc.stub.ClientCalls.getUnchecked(ClientCalls.java:214)
	at org.apache.ratis.thirdparty.io.grpc.stub.ClientCalls.blockingUnaryCall(ClientCalls.java:139)
	at org.apache.ratis.proto.grpc.RaftServerProtocolServiceGrpc$RaftServerProtocolServiceBlockingStub.requestVote(RaftServerProtocolServiceGrpc.java:265)
	at org.apache.ratis.grpc.server.GrpcServerProtocolClient.requestVote(GrpcServerProtocolClient.java:99)
	at org.apache.ratis.grpc.server.GrpcService.requestVote(GrpcService.java:204)
	at org.apache.ratis.server.impl.LeaderElection.lambda$submitRequests$1(LeaderElection.java:234)
	at java.util.concurrent.FutureTask.run(FutureTask.java:266)
	at java.util.concurrent.Executors$RunnableAdapter.call(Executors.java:511)
	at java.util.concurrent.FutureTask.run(FutureTask.java:266)
	at java.util.concurrent.ThreadPoolExecutor.runWorker(ThreadPoolExecutor.java:1149)
	at java.util.concurrent.ThreadPoolExecutor$Worker.run(ThreadPoolExecutor.java:624)
	... 1 more
Caused by: org.apache.ratis.thirdparty.io.netty.channel.AbstractChannel$AnnotatedConnectException: Connection refused: /192.168.30.53:33785
	at sun.nio.ch.SocketChannelImpl.checkConnect(Native Method)
	at sun.nio.ch.SocketChannelImpl.finishConnect(SocketChannelImpl.java:717)
	at org.apache.ratis.thirdparty.io.netty.channel.socket.nio.NioSocketChannel.doFinishConnect(NioSocketChannel.java:327)
	at org.apache.ratis.thirdparty.io.netty.channel.nio.AbstractNioChannel$AbstractNioUnsafe.finishConnect(AbstractNioChannel.java:340)
	at org.apache.ratis.thirdparty.io.netty.channel.nio.NioEventLoop.processSelectedKey(NioEventLoop.java:632)
	at org.apache.ratis.thirdparty.io.netty.channel.nio.NioEventLoop.processSelectedKeysOptimized(NioEventLoop.java:579)
	at org.apache.ratis.thirdparty.io.netty.channel.nio.NioEventLoop.processSelectedKeys(NioEventLoop.java:496)
	at org.apache.ratis.thirdparty.io.netty.channel.nio.NioEventLoop.run(NioEventLoop.java:458)
	at org.apache.ratis.thirdparty.io.netty.util.concurrent.SingleThreadEventExecutor$5.run(SingleThreadEventExecutor.java:897)
	at org.apache.ratis.thirdparty.io.netty.util.concurrent.FastThreadLocalRunnable.run(FastThreadLocalRunnable.java:30)
	... 1 more
Caused by: java.net.ConnectException: Connection refused
	... 11 more
2019-10-02 10:56:43,665 [b25f22f8-54cc-4ffd-bfcd-179cc8cbd7fc@group-6128F9235CFD-LeaderElection45] INFO  impl.LeaderElection (LeaderElection.java:logAndReturn(56)) - b25f22f8-54cc-4ffd-bfcd-179cc8cbd7fc@group-6128F9235CFD-LeaderElection45: Election REJECTED; received 0 response(s) [] and 2 exception(s); b25f22f8-54cc-4ffd-bfcd-179cc8cbd7fc@group-6128F9235CFD:t2, leader=null, voted=b25f22f8-54cc-4ffd-bfcd-179cc8cbd7fc, raftlog=b25f22f8-54cc-4ffd-bfcd-179cc8cbd7fc@group-6128F9235CFD-SegmentedRaftLog:OPENED:c0,f0,i0, conf=0: [d3dffc06-1d6a-4f7a-8294-c2dc8ce35b40:192.168.30.53:33785, 7df38282-3a3d-4206-964a-9b3301cd1d1f:192.168.30.53:34960, b25f22f8-54cc-4ffd-bfcd-179cc8cbd7fc:192.168.30.53:42549], old=null
2019-10-02 10:56:43,665 [b25f22f8-54cc-4ffd-bfcd-179cc8cbd7fc@group-6128F9235CFD-LeaderElection45] INFO  impl.LeaderElection (LogUtils.java:infoOrTrace(149)) -   Exception 0: {}
java.util.concurrent.ExecutionException: org.apache.ratis.thirdparty.io.grpc.StatusRuntimeException: UNAVAILABLE: io exception
	at java.util.concurrent.FutureTask.report(FutureTask.java:122)
	at java.util.concurrent.FutureTask.get(FutureTask.java:192)
	at org.apache.ratis.server.impl.LeaderElection.waitForResults(LeaderElection.java:259)
	at org.apache.ratis.server.impl.LeaderElection.askForVotes(LeaderElection.java:197)
	at org.apache.ratis.server.impl.LeaderElection.run(LeaderElection.java:133)
	at java.lang.Thread.run(Thread.java:748)
Caused by: org.apache.ratis.thirdparty.io.grpc.StatusRuntimeException: UNAVAILABLE: io exception
	at org.apache.ratis.thirdparty.io.grpc.stub.ClientCalls.toStatusRuntimeException(ClientCalls.java:233)
	at org.apache.ratis.thirdparty.io.grpc.stub.ClientCalls.getUnchecked(ClientCalls.java:214)
	at org.apache.ratis.thirdparty.io.grpc.stub.ClientCalls.blockingUnaryCall(ClientCalls.java:139)
	at org.apache.ratis.proto.grpc.RaftServerProtocolServiceGrpc$RaftServerProtocolServiceBlockingStub.requestVote(RaftServerProtocolServiceGrpc.java:265)
	at org.apache.ratis.grpc.server.GrpcServerProtocolClient.requestVote(GrpcServerProtocolClient.java:99)
	at org.apache.ratis.grpc.server.GrpcService.requestVote(GrpcService.java:204)
	at org.apache.ratis.server.impl.LeaderElection.lambda$submitRequests$1(LeaderElection.java:234)
	at java.util.concurrent.FutureTask.run(FutureTask.java:266)
	at java.util.concurrent.Executors$RunnableAdapter.call(Executors.java:511)
	at java.util.concurrent.FutureTask.run(FutureTask.java:266)
	at java.util.concurrent.ThreadPoolExecutor.runWorker(ThreadPoolExecutor.java:1149)
	at java.util.concurrent.ThreadPoolExecutor$Worker.run(ThreadPoolExecutor.java:624)
	... 1 more
Caused by: org.apache.ratis.thirdparty.io.netty.channel.AbstractChannel$AnnotatedConnectException: Connection refused: /192.168.30.53:34960
	at sun.nio.ch.SocketChannelImpl.checkConnect(Native Method)
	at sun.nio.ch.SocketChannelImpl.finishConnect(SocketChannelImpl.java:717)
	at org.apache.ratis.thirdparty.io.netty.channel.socket.nio.NioSocketChannel.doFinishConnect(NioSocketChannel.java:327)
	at org.apache.ratis.thirdparty.io.netty.channel.nio.AbstractNioChannel$AbstractNioUnsafe.finishConnect(AbstractNioChannel.java:340)
	at org.apache.ratis.thirdparty.io.netty.channel.nio.NioEventLoop.processSelectedKey(NioEventLoop.java:632)
	at org.apache.ratis.thirdparty.io.netty.channel.nio.NioEventLoop.processSelectedKeysOptimized(NioEventLoop.java:579)
	at org.apache.ratis.thirdparty.io.netty.channel.nio.NioEventLoop.processSelectedKeys(NioEventLoop.java:496)
	at org.apache.ratis.thirdparty.io.netty.channel.nio.NioEventLoop.run(NioEventLoop.java:458)
	at org.apache.ratis.thirdparty.io.netty.util.concurrent.SingleThreadEventExecutor$5.run(SingleThreadEventExecutor.java:897)
	at org.apache.ratis.thirdparty.io.netty.util.concurrent.FastThreadLocalRunnable.run(FastThreadLocalRunnable.java:30)
	... 1 more
Caused by: java.net.ConnectException: Connection refused
	... 11 more
2019-10-02 10:56:43,665 [b25f22f8-54cc-4ffd-bfcd-179cc8cbd7fc@group-6128F9235CFD-LeaderElection45] INFO  impl.LeaderElection (LogUtils.java:infoOrTrace(149)) -   Exception 1: {}
java.util.concurrent.ExecutionException: org.apache.ratis.thirdparty.io.grpc.StatusRuntimeException: UNAVAILABLE: io exception
	at java.util.concurrent.FutureTask.report(FutureTask.java:122)
	at java.util.concurrent.FutureTask.get(FutureTask.java:192)
	at org.apache.ratis.server.impl.LeaderElection.waitForResults(LeaderElection.java:259)
	at org.apache.ratis.server.impl.LeaderElection.askForVotes(LeaderElection.java:197)
	at org.apache.ratis.server.impl.LeaderElection.run(LeaderElection.java:133)
	at java.lang.Thread.run(Thread.java:748)
Caused by: org.apache.ratis.thirdparty.io.grpc.StatusRuntimeException: UNAVAILABLE: io exception
	at org.apache.ratis.thirdparty.io.grpc.stub.ClientCalls.toStatusRuntimeException(ClientCalls.java:233)
	at org.apache.ratis.thirdparty.io.grpc.stub.ClientCalls.getUnchecked(ClientCalls.java:214)
	at org.apache.ratis.thirdparty.io.grpc.stub.ClientCalls.blockingUnaryCall(ClientCalls.java:139)
	at org.apache.ratis.proto.grpc.RaftServerProtocolServiceGrpc$RaftServerProtocolServiceBlockingStub.requestVote(RaftServerProtocolServiceGrpc.java:265)
	at org.apache.ratis.grpc.server.GrpcServerProtocolClient.requestVote(GrpcServerProtocolClient.java:99)
	at org.apache.ratis.grpc.server.GrpcService.requestVote(GrpcService.java:204)
	at org.apache.ratis.server.impl.LeaderElection.lambda$submitRequests$1(LeaderElection.java:234)
	at java.util.concurrent.FutureTask.run(FutureTask.java:266)
	at java.util.concurrent.Executors$RunnableAdapter.call(Executors.java:511)
	at java.util.concurrent.FutureTask.run(FutureTask.java:266)
	at java.util.concurrent.ThreadPoolExecutor.runWorker(ThreadPoolExecutor.java:1149)
	at java.util.concurrent.ThreadPoolExecutor$Worker.run(ThreadPoolExecutor.java:624)
	... 1 more
Caused by: org.apache.ratis.thirdparty.io.netty.channel.AbstractChannel$AnnotatedConnectException: Connection refused: /192.168.30.53:33785
	at sun.nio.ch.SocketChannelImpl.checkConnect(Native Method)
	at sun.nio.ch.SocketChannelImpl.finishConnect(SocketChannelImpl.java:717)
	at org.apache.ratis.thirdparty.io.netty.channel.socket.nio.NioSocketChannel.doFinishConnect(NioSocketChannel.java:327)
	at org.apache.ratis.thirdparty.io.netty.channel.nio.AbstractNioChannel$AbstractNioUnsafe.finishConnect(AbstractNioChannel.java:340)
	at org.apache.ratis.thirdparty.io.netty.channel.nio.NioEventLoop.processSelectedKey(NioEventLoop.java:632)
	at org.apache.ratis.thirdparty.io.netty.channel.nio.NioEventLoop.processSelectedKeysOptimized(NioEventLoop.java:579)
	at org.apache.ratis.thirdparty.io.netty.channel.nio.NioEventLoop.processSelectedKeys(NioEventLoop.java:496)
	at org.apache.ratis.thirdparty.io.netty.channel.nio.NioEventLoop.run(NioEventLoop.java:458)
	at org.apache.ratis.thirdparty.io.netty.util.concurrent.SingleThreadEventExecutor$5.run(SingleThreadEventExecutor.java:897)
	at org.apache.ratis.thirdparty.io.netty.util.concurrent.FastThreadLocalRunnable.run(FastThreadLocalRunnable.java:30)
	... 1 more
Caused by: java.net.ConnectException: Connection refused
	... 11 more
2019-10-02 10:56:43,666 [b25f22f8-54cc-4ffd-bfcd-179cc8cbd7fc@group-6128F9235CFD-LeaderElection45] INFO  impl.RaftServerImpl (RaftServerImpl.java:setRole(170)) - b25f22f8-54cc-4ffd-bfcd-179cc8cbd7fc@group-6128F9235CFD: changes role from CANDIDATE to FOLLOWER at term 2 for DISCOVERED_A_NEW_TERM
2019-10-02 10:56:43,666 [b25f22f8-54cc-4ffd-bfcd-179cc8cbd7fc@group-6128F9235CFD-LeaderElection45] INFO  impl.RoleInfo (RoleInfo.java:shutdownLeaderElection(134)) - b25f22f8-54cc-4ffd-bfcd-179cc8cbd7fc: shutdown LeaderElection
2019-10-02 10:56:43,666 [b25f22f8-54cc-4ffd-bfcd-179cc8cbd7fc@group-6128F9235CFD-LeaderElection45] INFO  impl.RoleInfo (RoleInfo.java:updateAndGet(143)) - b25f22f8-54cc-4ffd-bfcd-179cc8cbd7fc: start FollowerState
2019-10-02 10:56:43,670 [grpc-default-executor-4] WARN  server.GrpcLogAppender (LogUtils.java:warn(134)) - b25f22f8-54cc-4ffd-bfcd-179cc8cbd7fc@group-49987F7A8A7C->7df38282-3a3d-4206-964a-9b3301cd1d1f-AppendLogResponseHandler: Failed appendEntries: org.apache.ratis.thirdparty.io.grpc.StatusRuntimeException: UNAVAILABLE: io exception
2019-10-02 10:56:43,671 [grpc-default-executor-4] INFO  impl.FollowerInfo (FollowerInfo.java:lambda$new$0(51)) - b25f22f8-54cc-4ffd-bfcd-179cc8cbd7fc@group-49987F7A8A7C->7df38282-3a3d-4206-964a-9b3301cd1d1f: nextIndex: updateUnconditionally 0 -> 0
2019-10-02 10:56:43,819 [Thread-747] INFO  impl.FollowerState (FollowerState.java:run(108)) - b25f22f8-54cc-4ffd-bfcd-179cc8cbd7fc@group-ABAF19C3FAB0-FollowerState: change to CANDIDATE, lastRpcTime:1813ms, electionTimeout:1065ms
2019-10-02 10:56:43,819 [Thread-747] INFO  impl.RoleInfo (RoleInfo.java:shutdownFollowerState(121)) - b25f22f8-54cc-4ffd-bfcd-179cc8cbd7fc: shutdown FollowerState
2019-10-02 10:56:43,819 [Thread-747] INFO  impl.RaftServerImpl (RaftServerImpl.java:setRole(170)) - b25f22f8-54cc-4ffd-bfcd-179cc8cbd7fc@group-ABAF19C3FAB0: changes role from  FOLLOWER to CANDIDATE at term 7 for changeToCandidate
2019-10-02 10:56:43,820 [Thread-747] INFO  impl.RoleInfo (RoleInfo.java:updateAndGet(143)) - b25f22f8-54cc-4ffd-bfcd-179cc8cbd7fc: start LeaderElection
2019-10-02 10:56:43,820 [b25f22f8-54cc-4ffd-bfcd-179cc8cbd7fc@group-ABAF19C3FAB0-LeaderElection46] INFO  impl.RaftServerImpl (ServerState.java:setLeader(255)) - b25f22f8-54cc-4ffd-bfcd-179cc8cbd7fc@group-ABAF19C3FAB0: change Leader from 7df38282-3a3d-4206-964a-9b3301cd1d1f to null at term 7 for initElection
2019-10-02 10:56:43,845 [b25f22f8-54cc-4ffd-bfcd-179cc8cbd7fc@group-ABAF19C3FAB0-LeaderElection46] INFO  impl.LeaderElection (LeaderElection.java:askForVotes(178)) - b25f22f8-54cc-4ffd-bfcd-179cc8cbd7fc@group-ABAF19C3FAB0-LeaderElection46: begin an election at term 8 for 1: [d3dffc06-1d6a-4f7a-8294-c2dc8ce35b40:192.168.30.53:33785, 7df38282-3a3d-4206-964a-9b3301cd1d1f:192.168.30.53:34960, b25f22f8-54cc-4ffd-bfcd-179cc8cbd7fc:192.168.30.53:42549], old=null
2019-10-02 10:56:43,846 [b25f22f8-54cc-4ffd-bfcd-179cc8cbd7fc@group-ABAF19C3FAB0-LeaderElection46] INFO  impl.LeaderElection (LogUtils.java:infoOrTrace(149)) - b25f22f8-54cc-4ffd-bfcd-179cc8cbd7fc@group-ABAF19C3FAB0-LeaderElection46 got exception when requesting votes: {}
java.util.concurrent.ExecutionException: org.apache.ratis.thirdparty.io.grpc.StatusRuntimeException: UNAVAILABLE: io exception
	at java.util.concurrent.FutureTask.report(FutureTask.java:122)
	at java.util.concurrent.FutureTask.get(FutureTask.java:192)
	at org.apache.ratis.server.impl.LeaderElection.waitForResults(LeaderElection.java:259)
	at org.apache.ratis.server.impl.LeaderElection.askForVotes(LeaderElection.java:197)
	at org.apache.ratis.server.impl.LeaderElection.run(LeaderElection.java:133)
	at java.lang.Thread.run(Thread.java:748)
Caused by: org.apache.ratis.thirdparty.io.grpc.StatusRuntimeException: UNAVAILABLE: io exception
	at org.apache.ratis.thirdparty.io.grpc.stub.ClientCalls.toStatusRuntimeException(ClientCalls.java:233)
	at org.apache.ratis.thirdparty.io.grpc.stub.ClientCalls.getUnchecked(ClientCalls.java:214)
	at org.apache.ratis.thirdparty.io.grpc.stub.ClientCalls.blockingUnaryCall(ClientCalls.java:139)
	at org.apache.ratis.proto.grpc.RaftServerProtocolServiceGrpc$RaftServerProtocolServiceBlockingStub.requestVote(RaftServerProtocolServiceGrpc.java:265)
	at org.apache.ratis.grpc.server.GrpcServerProtocolClient.requestVote(GrpcServerProtocolClient.java:99)
	at org.apache.ratis.grpc.server.GrpcService.requestVote(GrpcService.java:204)
	at org.apache.ratis.server.impl.LeaderElection.lambda$submitRequests$1(LeaderElection.java:234)
	at java.util.concurrent.FutureTask.run(FutureTask.java:266)
	at java.util.concurrent.Executors$RunnableAdapter.call(Executors.java:511)
	at java.util.concurrent.FutureTask.run(FutureTask.java:266)
	at java.util.concurrent.ThreadPoolExecutor.runWorker(ThreadPoolExecutor.java:1149)
	at java.util.concurrent.ThreadPoolExecutor$Worker.run(ThreadPoolExecutor.java:624)
	... 1 more
Caused by: org.apache.ratis.thirdparty.io.netty.channel.AbstractChannel$AnnotatedConnectException: Connection refused: /192.168.30.53:33785
	at sun.nio.ch.SocketChannelImpl.checkConnect(Native Method)
	at sun.nio.ch.SocketChannelImpl.finishConnect(SocketChannelImpl.java:717)
	at org.apache.ratis.thirdparty.io.netty.channel.socket.nio.NioSocketChannel.doFinishConnect(NioSocketChannel.java:327)
	at org.apache.ratis.thirdparty.io.netty.channel.nio.AbstractNioChannel$AbstractNioUnsafe.finishConnect(AbstractNioChannel.java:340)
	at org.apache.ratis.thirdparty.io.netty.channel.nio.NioEventLoop.processSelectedKey(NioEventLoop.java:632)
	at org.apache.ratis.thirdparty.io.netty.channel.nio.NioEventLoop.processSelectedKeysOptimized(NioEventLoop.java:579)
	at org.apache.ratis.thirdparty.io.netty.channel.nio.NioEventLoop.processSelectedKeys(NioEventLoop.java:496)
	at org.apache.ratis.thirdparty.io.netty.channel.nio.NioEventLoop.run(NioEventLoop.java:458)
	at org.apache.ratis.thirdparty.io.netty.util.concurrent.SingleThreadEventExecutor$5.run(SingleThreadEventExecutor.java:897)
	at org.apache.ratis.thirdparty.io.netty.util.concurrent.FastThreadLocalRunnable.run(FastThreadLocalRunnable.java:30)
	... 1 more
Caused by: java.net.ConnectException: Connection refused
	... 11 more
2019-10-02 10:56:43,850 [b25f22f8-54cc-4ffd-bfcd-179cc8cbd7fc@group-ABAF19C3FAB0-LeaderElection46] INFO  impl.LeaderElection (LogUtils.java:infoOrTrace(149)) - b25f22f8-54cc-4ffd-bfcd-179cc8cbd7fc@group-ABAF19C3FAB0-LeaderElection46 got exception when requesting votes: {}
java.util.concurrent.ExecutionException: org.apache.ratis.thirdparty.io.grpc.StatusRuntimeException: UNAVAILABLE: io exception
	at java.util.concurrent.FutureTask.report(FutureTask.java:122)
	at java.util.concurrent.FutureTask.get(FutureTask.java:192)
	at org.apache.ratis.server.impl.LeaderElection.waitForResults(LeaderElection.java:259)
	at org.apache.ratis.server.impl.LeaderElection.askForVotes(LeaderElection.java:197)
	at org.apache.ratis.server.impl.LeaderElection.run(LeaderElection.java:133)
	at java.lang.Thread.run(Thread.java:748)
Caused by: org.apache.ratis.thirdparty.io.grpc.StatusRuntimeException: UNAVAILABLE: io exception
	at org.apache.ratis.thirdparty.io.grpc.stub.ClientCalls.toStatusRuntimeException(ClientCalls.java:233)
	at org.apache.ratis.thirdparty.io.grpc.stub.ClientCalls.getUnchecked(ClientCalls.java:214)
	at org.apache.ratis.thirdparty.io.grpc.stub.ClientCalls.blockingUnaryCall(ClientCalls.java:139)
	at org.apache.ratis.proto.grpc.RaftServerProtocolServiceGrpc$RaftServerProtocolServiceBlockingStub.requestVote(RaftServerProtocolServiceGrpc.java:265)
	at org.apache.ratis.grpc.server.GrpcServerProtocolClient.requestVote(GrpcServerProtocolClient.java:99)
	at org.apache.ratis.grpc.server.GrpcService.requestVote(GrpcService.java:204)
	at org.apache.ratis.server.impl.LeaderElection.lambda$submitRequests$1(LeaderElection.java:234)
	at java.util.concurrent.FutureTask.run(FutureTask.java:266)
	at java.util.concurrent.Executors$RunnableAdapter.call(Executors.java:511)
	at java.util.concurrent.FutureTask.run(FutureTask.java:266)
	at java.util.concurrent.ThreadPoolExecutor.runWorker(ThreadPoolExecutor.java:1149)
	at java.util.concurrent.ThreadPoolExecutor$Worker.run(ThreadPoolExecutor.java:624)
	... 1 more
Caused by: org.apache.ratis.thirdparty.io.netty.channel.AbstractChannel$AnnotatedConnectException: Connection refused: /192.168.30.53:34960
	at sun.nio.ch.SocketChannelImpl.checkConnect(Native Method)
	at sun.nio.ch.SocketChannelImpl.finishConnect(SocketChannelImpl.java:717)
	at org.apache.ratis.thirdparty.io.netty.channel.socket.nio.NioSocketChannel.doFinishConnect(NioSocketChannel.java:327)
	at org.apache.ratis.thirdparty.io.netty.channel.nio.AbstractNioChannel$AbstractNioUnsafe.finishConnect(AbstractNioChannel.java:340)
	at org.apache.ratis.thirdparty.io.netty.channel.nio.NioEventLoop.processSelectedKey(NioEventLoop.java:632)
	at org.apache.ratis.thirdparty.io.netty.channel.nio.NioEventLoop.processSelectedKeysOptimized(NioEventLoop.java:579)
	at org.apache.ratis.thirdparty.io.netty.channel.nio.NioEventLoop.processSelectedKeys(NioEventLoop.java:496)
	at org.apache.ratis.thirdparty.io.netty.channel.nio.NioEventLoop.run(NioEventLoop.java:458)
	at org.apache.ratis.thirdparty.io.netty.util.concurrent.SingleThreadEventExecutor$5.run(SingleThreadEventExecutor.java:897)
	at org.apache.ratis.thirdparty.io.netty.util.concurrent.FastThreadLocalRunnable.run(FastThreadLocalRunnable.java:30)
	... 1 more
Caused by: java.net.ConnectException: Connection refused
	... 11 more
2019-10-02 10:56:43,852 [b25f22f8-54cc-4ffd-bfcd-179cc8cbd7fc@group-ABAF19C3FAB0-LeaderElection46] INFO  impl.LeaderElection (LeaderElection.java:logAndReturn(56)) - b25f22f8-54cc-4ffd-bfcd-179cc8cbd7fc@group-ABAF19C3FAB0-LeaderElection46: Election REJECTED; received 0 response(s) [] and 2 exception(s); b25f22f8-54cc-4ffd-bfcd-179cc8cbd7fc@group-ABAF19C3FAB0:t8, leader=null, voted=b25f22f8-54cc-4ffd-bfcd-179cc8cbd7fc, raftlog=b25f22f8-54cc-4ffd-bfcd-179cc8cbd7fc@group-ABAF19C3FAB0-SegmentedRaftLog:OPENED:c2,f2,i2, conf=1: [d3dffc06-1d6a-4f7a-8294-c2dc8ce35b40:192.168.30.53:33785, 7df38282-3a3d-4206-964a-9b3301cd1d1f:192.168.30.53:34960, b25f22f8-54cc-4ffd-bfcd-179cc8cbd7fc:192.168.30.53:42549], old=null
2019-10-02 10:56:43,852 [b25f22f8-54cc-4ffd-bfcd-179cc8cbd7fc@group-ABAF19C3FAB0-LeaderElection46] INFO  impl.LeaderElection (LogUtils.java:infoOrTrace(149)) -   Exception 0: {}
java.util.concurrent.ExecutionException: org.apache.ratis.thirdparty.io.grpc.StatusRuntimeException: UNAVAILABLE: io exception
	at java.util.concurrent.FutureTask.report(FutureTask.java:122)
	at java.util.concurrent.FutureTask.get(FutureTask.java:192)
	at org.apache.ratis.server.impl.LeaderElection.waitForResults(LeaderElection.java:259)
	at org.apache.ratis.server.impl.LeaderElection.askForVotes(LeaderElection.java:197)
	at org.apache.ratis.server.impl.LeaderElection.run(LeaderElection.java:133)
	at java.lang.Thread.run(Thread.java:748)
Caused by: org.apache.ratis.thirdparty.io.grpc.StatusRuntimeException: UNAVAILABLE: io exception
	at org.apache.ratis.thirdparty.io.grpc.stub.ClientCalls.toStatusRuntimeException(ClientCalls.java:233)
	at org.apache.ratis.thirdparty.io.grpc.stub.ClientCalls.getUnchecked(ClientCalls.java:214)
	at org.apache.ratis.thirdparty.io.grpc.stub.ClientCalls.blockingUnaryCall(ClientCalls.java:139)
	at org.apache.ratis.proto.grpc.RaftServerProtocolServiceGrpc$RaftServerProtocolServiceBlockingStub.requestVote(RaftServerProtocolServiceGrpc.java:265)
	at org.apache.ratis.grpc.server.GrpcServerProtocolClient.requestVote(GrpcServerProtocolClient.java:99)
	at org.apache.ratis.grpc.server.GrpcService.requestVote(GrpcService.java:204)
	at org.apache.ratis.server.impl.LeaderElection.lambda$submitRequests$1(LeaderElection.java:234)
	at java.util.concurrent.FutureTask.run(FutureTask.java:266)
	at java.util.concurrent.Executors$RunnableAdapter.call(Executors.java:511)
	at java.util.concurrent.FutureTask.run(FutureTask.java:266)
	at java.util.concurrent.ThreadPoolExecutor.runWorker(ThreadPoolExecutor.java:1149)
	at java.util.concurrent.ThreadPoolExecutor$Worker.run(ThreadPoolExecutor.java:624)
	... 1 more
Caused by: org.apache.ratis.thirdparty.io.netty.channel.AbstractChannel$AnnotatedConnectException: Connection refused: /192.168.30.53:33785
	at sun.nio.ch.SocketChannelImpl.checkConnect(Native Method)
	at sun.nio.ch.SocketChannelImpl.finishConnect(SocketChannelImpl.java:717)
	at org.apache.ratis.thirdparty.io.netty.channel.socket.nio.NioSocketChannel.doFinishConnect(NioSocketChannel.java:327)
	at org.apache.ratis.thirdparty.io.netty.channel.nio.AbstractNioChannel$AbstractNioUnsafe.finishConnect(AbstractNioChannel.java:340)
	at org.apache.ratis.thirdparty.io.netty.channel.nio.NioEventLoop.processSelectedKey(NioEventLoop.java:632)
	at org.apache.ratis.thirdparty.io.netty.channel.nio.NioEventLoop.processSelectedKeysOptimized(NioEventLoop.java:579)
	at org.apache.ratis.thirdparty.io.netty.channel.nio.NioEventLoop.processSelectedKeys(NioEventLoop.java:496)
	at org.apache.ratis.thirdparty.io.netty.channel.nio.NioEventLoop.run(NioEventLoop.java:458)
	at org.apache.ratis.thirdparty.io.netty.util.concurrent.SingleThreadEventExecutor$5.run(SingleThreadEventExecutor.java:897)
	at org.apache.ratis.thirdparty.io.netty.util.concurrent.FastThreadLocalRunnable.run(FastThreadLocalRunnable.java:30)
	... 1 more
Caused by: java.net.ConnectException: Connection refused
	... 11 more
2019-10-02 10:56:43,852 [b25f22f8-54cc-4ffd-bfcd-179cc8cbd7fc@group-ABAF19C3FAB0-LeaderElection46] INFO  impl.LeaderElection (LogUtils.java:infoOrTrace(149)) -   Exception 1: {}
java.util.concurrent.ExecutionException: org.apache.ratis.thirdparty.io.grpc.StatusRuntimeException: UNAVAILABLE: io exception
	at java.util.concurrent.FutureTask.report(FutureTask.java:122)
	at java.util.concurrent.FutureTask.get(FutureTask.java:192)
	at org.apache.ratis.server.impl.LeaderElection.waitForResults(LeaderElection.java:259)
	at org.apache.ratis.server.impl.LeaderElection.askForVotes(LeaderElection.java:197)
	at org.apache.ratis.server.impl.LeaderElection.run(LeaderElection.java:133)
	at java.lang.Thread.run(Thread.java:748)
Caused by: org.apache.ratis.thirdparty.io.grpc.StatusRuntimeException: UNAVAILABLE: io exception
	at org.apache.ratis.thirdparty.io.grpc.stub.ClientCalls.toStatusRuntimeException(ClientCalls.java:233)
	at org.apache.ratis.thirdparty.io.grpc.stub.ClientCalls.getUnchecked(ClientCalls.java:214)
	at org.apache.ratis.thirdparty.io.grpc.stub.ClientCalls.blockingUnaryCall(ClientCalls.java:139)
	at org.apache.ratis.proto.grpc.RaftServerProtocolServiceGrpc$RaftServerProtocolServiceBlockingStub.requestVote(RaftServerProtocolServiceGrpc.java:265)
	at org.apache.ratis.grpc.server.GrpcServerProtocolClient.requestVote(GrpcServerProtocolClient.java:99)
	at org.apache.ratis.grpc.server.GrpcService.requestVote(GrpcService.java:204)
	at org.apache.ratis.server.impl.LeaderElection.lambda$submitRequests$1(LeaderElection.java:234)
	at java.util.concurrent.FutureTask.run(FutureTask.java:266)
	at java.util.concurrent.Executors$RunnableAdapter.call(Executors.java:511)
	at java.util.concurrent.FutureTask.run(FutureTask.java:266)
	at java.util.concurrent.ThreadPoolExecutor.runWorker(ThreadPoolExecutor.java:1149)
	at java.util.concurrent.ThreadPoolExecutor$Worker.run(ThreadPoolExecutor.java:624)
	... 1 more
Caused by: org.apache.ratis.thirdparty.io.netty.channel.AbstractChannel$AnnotatedConnectException: Connection refused: /192.168.30.53:34960
	at sun.nio.ch.SocketChannelImpl.checkConnect(Native Method)
	at sun.nio.ch.SocketChannelImpl.finishConnect(SocketChannelImpl.java:717)
	at org.apache.ratis.thirdparty.io.netty.channel.socket.nio.NioSocketChannel.doFinishConnect(NioSocketChannel.java:327)
	at org.apache.ratis.thirdparty.io.netty.channel.nio.AbstractNioChannel$AbstractNioUnsafe.finishConnect(AbstractNioChannel.java:340)
	at org.apache.ratis.thirdparty.io.netty.channel.nio.NioEventLoop.processSelectedKey(NioEventLoop.java:632)
	at org.apache.ratis.thirdparty.io.netty.channel.nio.NioEventLoop.processSelectedKeysOptimized(NioEventLoop.java:579)
	at org.apache.ratis.thirdparty.io.netty.channel.nio.NioEventLoop.processSelectedKeys(NioEventLoop.java:496)
	at org.apache.ratis.thirdparty.io.netty.channel.nio.NioEventLoop.run(NioEventLoop.java:458)
	at org.apache.ratis.thirdparty.io.netty.util.concurrent.SingleThreadEventExecutor$5.run(SingleThreadEventExecutor.java:897)
	at org.apache.ratis.thirdparty.io.netty.util.concurrent.FastThreadLocalRunnable.run(FastThreadLocalRunnable.java:30)
	... 1 more
Caused by: java.net.ConnectException: Connection refused
	... 11 more
2019-10-02 10:56:43,853 [b25f22f8-54cc-4ffd-bfcd-179cc8cbd7fc@group-ABAF19C3FAB0-LeaderElection46] INFO  impl.RaftServerImpl (RaftServerImpl.java:setRole(170)) - b25f22f8-54cc-4ffd-bfcd-179cc8cbd7fc@group-ABAF19C3FAB0: changes role from CANDIDATE to FOLLOWER at term 8 for DISCOVERED_A_NEW_TERM
2019-10-02 10:56:43,853 [b25f22f8-54cc-4ffd-bfcd-179cc8cbd7fc@group-ABAF19C3FAB0-LeaderElection46] INFO  impl.RoleInfo (RoleInfo.java:shutdownLeaderElection(134)) - b25f22f8-54cc-4ffd-bfcd-179cc8cbd7fc: shutdown LeaderElection
2019-10-02 10:56:43,854 [b25f22f8-54cc-4ffd-bfcd-179cc8cbd7fc@group-ABAF19C3FAB0-LeaderElection46] INFO  impl.RoleInfo (RoleInfo.java:updateAndGet(143)) - b25f22f8-54cc-4ffd-bfcd-179cc8cbd7fc: start FollowerState
2019-10-02 10:56:43,956 [grpc-default-executor-4] WARN  server.GrpcLogAppender (LogUtils.java:warn(134)) - b25f22f8-54cc-4ffd-bfcd-179cc8cbd7fc@group-6B83A71B3C43->d3dffc06-1d6a-4f7a-8294-c2dc8ce35b40-AppendLogResponseHandler: Failed appendEntries: org.apache.ratis.thirdparty.io.grpc.StatusRuntimeException: UNAVAILABLE: io exception
2019-10-02 10:56:43,956 [grpc-default-executor-4] INFO  impl.FollowerInfo (FollowerInfo.java:lambda$new$0(51)) - b25f22f8-54cc-4ffd-bfcd-179cc8cbd7fc@group-6B83A71B3C43->d3dffc06-1d6a-4f7a-8294-c2dc8ce35b40: nextIndex: updateUnconditionally 0 -> 0
2019-10-02 10:56:43,976 [grpc-default-executor-4] WARN  server.GrpcLogAppender (LogUtils.java:warn(134)) - b25f22f8-54cc-4ffd-bfcd-179cc8cbd7fc@group-6B83A71B3C43->7df38282-3a3d-4206-964a-9b3301cd1d1f-AppendLogResponseHandler: Failed appendEntries: org.apache.ratis.thirdparty.io.grpc.StatusRuntimeException: UNAVAILABLE: io exception
2019-10-02 10:56:43,977 [grpc-default-executor-4] INFO  impl.FollowerInfo (FollowerInfo.java:lambda$new$0(51)) - b25f22f8-54cc-4ffd-bfcd-179cc8cbd7fc@group-6B83A71B3C43->7df38282-3a3d-4206-964a-9b3301cd1d1f: nextIndex: updateUnconditionally 0 -> 0
2019-10-02 10:56:44,027 [Thread-561] INFO  impl.FollowerState (FollowerState.java:run(108)) - b25f22f8-54cc-4ffd-bfcd-179cc8cbd7fc@group-1A77BEA84F5E-FollowerState: change to CANDIDATE, lastRpcTime:1841ms, electionTimeout:1025ms
2019-10-02 10:56:44,027 [Thread-561] INFO  impl.RoleInfo (RoleInfo.java:shutdownFollowerState(121)) - b25f22f8-54cc-4ffd-bfcd-179cc8cbd7fc: shutdown FollowerState
2019-10-02 10:56:44,027 [Thread-561] INFO  impl.RaftServerImpl (RaftServerImpl.java:setRole(170)) - b25f22f8-54cc-4ffd-bfcd-179cc8cbd7fc@group-1A77BEA84F5E: changes role from  FOLLOWER to CANDIDATE at term 1 for changeToCandidate
2019-10-02 10:56:44,027 [Thread-561] INFO  impl.RoleInfo (RoleInfo.java:updateAndGet(143)) - b25f22f8-54cc-4ffd-bfcd-179cc8cbd7fc: start LeaderElection
2019-10-02 10:56:44,028 [b25f22f8-54cc-4ffd-bfcd-179cc8cbd7fc@group-1A77BEA84F5E-LeaderElection47] INFO  impl.RaftServerImpl (ServerState.java:setLeader(255)) - b25f22f8-54cc-4ffd-bfcd-179cc8cbd7fc@group-1A77BEA84F5E: change Leader from 7df38282-3a3d-4206-964a-9b3301cd1d1f to null at term 1 for initElection
2019-10-02 10:56:44,052 [b25f22f8-54cc-4ffd-bfcd-179cc8cbd7fc@group-1A77BEA84F5E-LeaderElection47] INFO  impl.LeaderElection (LeaderElection.java:askForVotes(178)) - b25f22f8-54cc-4ffd-bfcd-179cc8cbd7fc@group-1A77BEA84F5E-LeaderElection47: begin an election at term 2 for 0: [d3dffc06-1d6a-4f7a-8294-c2dc8ce35b40:192.168.30.53:33785, 7df38282-3a3d-4206-964a-9b3301cd1d1f:192.168.30.53:34960, b25f22f8-54cc-4ffd-bfcd-179cc8cbd7fc:192.168.30.53:42549], old=null
2019-10-02 10:56:44,054 [b25f22f8-54cc-4ffd-bfcd-179cc8cbd7fc@group-1A77BEA84F5E-LeaderElection47] INFO  impl.LeaderElection (LogUtils.java:infoOrTrace(149)) - b25f22f8-54cc-4ffd-bfcd-179cc8cbd7fc@group-1A77BEA84F5E-LeaderElection47 got exception when requesting votes: {}
java.util.concurrent.ExecutionException: org.apache.ratis.thirdparty.io.grpc.StatusRuntimeException: UNAVAILABLE: io exception
	at java.util.concurrent.FutureTask.report(FutureTask.java:122)
	at java.util.concurrent.FutureTask.get(FutureTask.java:192)
	at org.apache.ratis.server.impl.LeaderElection.waitForResults(LeaderElection.java:259)
	at org.apache.ratis.server.impl.LeaderElection.askForVotes(LeaderElection.java:197)
	at org.apache.ratis.server.impl.LeaderElection.run(LeaderElection.java:133)
	at java.lang.Thread.run(Thread.java:748)
Caused by: org.apache.ratis.thirdparty.io.grpc.StatusRuntimeException: UNAVAILABLE: io exception
	at org.apache.ratis.thirdparty.io.grpc.stub.ClientCalls.toStatusRuntimeException(ClientCalls.java:233)
	at org.apache.ratis.thirdparty.io.grpc.stub.ClientCalls.getUnchecked(ClientCalls.java:214)
	at org.apache.ratis.thirdparty.io.grpc.stub.ClientCalls.blockingUnaryCall(ClientCalls.java:139)
	at org.apache.ratis.proto.grpc.RaftServerProtocolServiceGrpc$RaftServerProtocolServiceBlockingStub.requestVote(RaftServerProtocolServiceGrpc.java:265)
	at org.apache.ratis.grpc.server.GrpcServerProtocolClient.requestVote(GrpcServerProtocolClient.java:99)
	at org.apache.ratis.grpc.server.GrpcService.requestVote(GrpcService.java:204)
	at org.apache.ratis.server.impl.LeaderElection.lambda$submitRequests$1(LeaderElection.java:234)
	at java.util.concurrent.FutureTask.run(FutureTask.java:266)
	at java.util.concurrent.Executors$RunnableAdapter.call(Executors.java:511)
	at java.util.concurrent.FutureTask.run(FutureTask.java:266)
	at java.util.concurrent.ThreadPoolExecutor.runWorker(ThreadPoolExecutor.java:1149)
	at java.util.concurrent.ThreadPoolExecutor$Worker.run(ThreadPoolExecutor.java:624)
	... 1 more
Caused by: org.apache.ratis.thirdparty.io.netty.channel.AbstractChannel$AnnotatedConnectException: Connection refused: /192.168.30.53:33785
	at sun.nio.ch.SocketChannelImpl.checkConnect(Native Method)
	at sun.nio.ch.SocketChannelImpl.finishConnect(SocketChannelImpl.java:717)
	at org.apache.ratis.thirdparty.io.netty.channel.socket.nio.NioSocketChannel.doFinishConnect(NioSocketChannel.java:327)
	at org.apache.ratis.thirdparty.io.netty.channel.nio.AbstractNioChannel$AbstractNioUnsafe.finishConnect(AbstractNioChannel.java:340)
	at org.apache.ratis.thirdparty.io.netty.channel.nio.NioEventLoop.processSelectedKey(NioEventLoop.java:632)
	at org.apache.ratis.thirdparty.io.netty.channel.nio.NioEventLoop.processSelectedKeysOptimized(NioEventLoop.java:579)
	at org.apache.ratis.thirdparty.io.netty.channel.nio.NioEventLoop.processSelectedKeys(NioEventLoop.java:496)
	at org.apache.ratis.thirdparty.io.netty.channel.nio.NioEventLoop.run(NioEventLoop.java:458)
	at org.apache.ratis.thirdparty.io.netty.util.concurrent.SingleThreadEventExecutor$5.run(SingleThreadEventExecutor.java:897)
	at org.apache.ratis.thirdparty.io.netty.util.concurrent.FastThreadLocalRunnable.run(FastThreadLocalRunnable.java:30)
	... 1 more
Caused by: java.net.ConnectException: Connection refused
	... 11 more
2019-10-02 10:56:44,058 [b25f22f8-54cc-4ffd-bfcd-179cc8cbd7fc@group-1A77BEA84F5E-LeaderElection47] INFO  impl.LeaderElection (LogUtils.java:infoOrTrace(149)) - b25f22f8-54cc-4ffd-bfcd-179cc8cbd7fc@group-1A77BEA84F5E-LeaderElection47 got exception when requesting votes: {}
java.util.concurrent.ExecutionException: org.apache.ratis.thirdparty.io.grpc.StatusRuntimeException: UNAVAILABLE: io exception
	at java.util.concurrent.FutureTask.report(FutureTask.java:122)
	at java.util.concurrent.FutureTask.get(FutureTask.java:192)
	at org.apache.ratis.server.impl.LeaderElection.waitForResults(LeaderElection.java:259)
	at org.apache.ratis.server.impl.LeaderElection.askForVotes(LeaderElection.java:197)
	at org.apache.ratis.server.impl.LeaderElection.run(LeaderElection.java:133)
	at java.lang.Thread.run(Thread.java:748)
Caused by: org.apache.ratis.thirdparty.io.grpc.StatusRuntimeException: UNAVAILABLE: io exception
	at org.apache.ratis.thirdparty.io.grpc.stub.ClientCalls.toStatusRuntimeException(ClientCalls.java:233)
	at org.apache.ratis.thirdparty.io.grpc.stub.ClientCalls.getUnchecked(ClientCalls.java:214)
	at org.apache.ratis.thirdparty.io.grpc.stub.ClientCalls.blockingUnaryCall(ClientCalls.java:139)
	at org.apache.ratis.proto.grpc.RaftServerProtocolServiceGrpc$RaftServerProtocolServiceBlockingStub.requestVote(RaftServerProtocolServiceGrpc.java:265)
	at org.apache.ratis.grpc.server.GrpcServerProtocolClient.requestVote(GrpcServerProtocolClient.java:99)
	at org.apache.ratis.grpc.server.GrpcService.requestVote(GrpcService.java:204)
	at org.apache.ratis.server.impl.LeaderElection.lambda$submitRequests$1(LeaderElection.java:234)
	at java.util.concurrent.FutureTask.run(FutureTask.java:266)
	at java.util.concurrent.Executors$RunnableAdapter.call(Executors.java:511)
	at java.util.concurrent.FutureTask.run(FutureTask.java:266)
	at java.util.concurrent.ThreadPoolExecutor.runWorker(ThreadPoolExecutor.java:1149)
	at java.util.concurrent.ThreadPoolExecutor$Worker.run(ThreadPoolExecutor.java:624)
	... 1 more
Caused by: org.apache.ratis.thirdparty.io.netty.channel.AbstractChannel$AnnotatedConnectException: Connection refused: /192.168.30.53:34960
	at sun.nio.ch.SocketChannelImpl.checkConnect(Native Method)
	at sun.nio.ch.SocketChannelImpl.finishConnect(SocketChannelImpl.java:717)
	at org.apache.ratis.thirdparty.io.netty.channel.socket.nio.NioSocketChannel.doFinishConnect(NioSocketChannel.java:327)
	at org.apache.ratis.thirdparty.io.netty.channel.nio.AbstractNioChannel$AbstractNioUnsafe.finishConnect(AbstractNioChannel.java:340)
	at org.apache.ratis.thirdparty.io.netty.channel.nio.NioEventLoop.processSelectedKey(NioEventLoop.java:632)
	at org.apache.ratis.thirdparty.io.netty.channel.nio.NioEventLoop.processSelectedKeysOptimized(NioEventLoop.java:579)
	at org.apache.ratis.thirdparty.io.netty.channel.nio.NioEventLoop.processSelectedKeys(NioEventLoop.java:496)
	at org.apache.ratis.thirdparty.io.netty.channel.nio.NioEventLoop.run(NioEventLoop.java:458)
	at org.apache.ratis.thirdparty.io.netty.util.concurrent.SingleThreadEventExecutor$5.run(SingleThreadEventExecutor.java:897)
	at org.apache.ratis.thirdparty.io.netty.util.concurrent.FastThreadLocalRunnable.run(FastThreadLocalRunnable.java:30)
	... 1 more
Caused by: java.net.ConnectException: Connection refused
	... 11 more
2019-10-02 10:56:44,060 [b25f22f8-54cc-4ffd-bfcd-179cc8cbd7fc@group-1A77BEA84F5E-LeaderElection47] INFO  impl.LeaderElection (LeaderElection.java:logAndReturn(56)) - b25f22f8-54cc-4ffd-bfcd-179cc8cbd7fc@group-1A77BEA84F5E-LeaderElection47: Election REJECTED; received 0 response(s) [] and 2 exception(s); b25f22f8-54cc-4ffd-bfcd-179cc8cbd7fc@group-1A77BEA84F5E:t2, leader=null, voted=b25f22f8-54cc-4ffd-bfcd-179cc8cbd7fc, raftlog=b25f22f8-54cc-4ffd-bfcd-179cc8cbd7fc@group-1A77BEA84F5E-SegmentedRaftLog:OPENED:c0,f0,i0, conf=0: [d3dffc06-1d6a-4f7a-8294-c2dc8ce35b40:192.168.30.53:33785, 7df38282-3a3d-4206-964a-9b3301cd1d1f:192.168.30.53:34960, b25f22f8-54cc-4ffd-bfcd-179cc8cbd7fc:192.168.30.53:42549], old=null
2019-10-02 10:56:44,060 [b25f22f8-54cc-4ffd-bfcd-179cc8cbd7fc@group-1A77BEA84F5E-LeaderElection47] INFO  impl.LeaderElection (LogUtils.java:infoOrTrace(149)) -   Exception 0: {}
java.util.concurrent.ExecutionException: org.apache.ratis.thirdparty.io.grpc.StatusRuntimeException: UNAVAILABLE: io exception
	at java.util.concurrent.FutureTask.report(FutureTask.java:122)
	at java.util.concurrent.FutureTask.get(FutureTask.java:192)
	at org.apache.ratis.server.impl.LeaderElection.waitForResults(LeaderElection.java:259)
	at org.apache.ratis.server.impl.LeaderElection.askForVotes(LeaderElection.java:197)
	at org.apache.ratis.server.impl.LeaderElection.run(LeaderElection.java:133)
	at java.lang.Thread.run(Thread.java:748)
Caused by: org.apache.ratis.thirdparty.io.grpc.StatusRuntimeException: UNAVAILABLE: io exception
	at org.apache.ratis.thirdparty.io.grpc.stub.ClientCalls.toStatusRuntimeException(ClientCalls.java:233)
	at org.apache.ratis.thirdparty.io.grpc.stub.ClientCalls.getUnchecked(ClientCalls.java:214)
	at org.apache.ratis.thirdparty.io.grpc.stub.ClientCalls.blockingUnaryCall(ClientCalls.java:139)
	at org.apache.ratis.proto.grpc.RaftServerProtocolServiceGrpc$RaftServerProtocolServiceBlockingStub.requestVote(RaftServerProtocolServiceGrpc.java:265)
	at org.apache.ratis.grpc.server.GrpcServerProtocolClient.requestVote(GrpcServerProtocolClient.java:99)
	at org.apache.ratis.grpc.server.GrpcService.requestVote(GrpcService.java:204)
	at org.apache.ratis.server.impl.LeaderElection.lambda$submitRequests$1(LeaderElection.java:234)
	at java.util.concurrent.FutureTask.run(FutureTask.java:266)
	at java.util.concurrent.Executors$RunnableAdapter.call(Executors.java:511)
	at java.util.concurrent.FutureTask.run(FutureTask.java:266)
	at java.util.concurrent.ThreadPoolExecutor.runWorker(ThreadPoolExecutor.java:1149)
	at java.util.concurrent.ThreadPoolExecutor$Worker.run(ThreadPoolExecutor.java:624)
	... 1 more
Caused by: org.apache.ratis.thirdparty.io.netty.channel.AbstractChannel$AnnotatedConnectException: Connection refused: /192.168.30.53:33785
	at sun.nio.ch.SocketChannelImpl.checkConnect(Native Method)
	at sun.nio.ch.SocketChannelImpl.finishConnect(SocketChannelImpl.java:717)
	at org.apache.ratis.thirdparty.io.netty.channel.socket.nio.NioSocketChannel.doFinishConnect(NioSocketChannel.java:327)
	at org.apache.ratis.thirdparty.io.netty.channel.nio.AbstractNioChannel$AbstractNioUnsafe.finishConnect(AbstractNioChannel.java:340)
	at org.apache.ratis.thirdparty.io.netty.channel.nio.NioEventLoop.processSelectedKey(NioEventLoop.java:632)
	at org.apache.ratis.thirdparty.io.netty.channel.nio.NioEventLoop.processSelectedKeysOptimized(NioEventLoop.java:579)
	at org.apache.ratis.thirdparty.io.netty.channel.nio.NioEventLoop.processSelectedKeys(NioEventLoop.java:496)
	at org.apache.ratis.thirdparty.io.netty.channel.nio.NioEventLoop.run(NioEventLoop.java:458)
	at org.apache.ratis.thirdparty.io.netty.util.concurrent.SingleThreadEventExecutor$5.run(SingleThreadEventExecutor.java:897)
	at org.apache.ratis.thirdparty.io.netty.util.concurrent.FastThreadLocalRunnable.run(FastThreadLocalRunnable.java:30)
	... 1 more
Caused by: java.net.ConnectException: Connection refused
	... 11 more
2019-10-02 10:56:44,060 [b25f22f8-54cc-4ffd-bfcd-179cc8cbd7fc@group-1A77BEA84F5E-LeaderElection47] INFO  impl.LeaderElection (LogUtils.java:infoOrTrace(149)) -   Exception 1: {}
java.util.concurrent.ExecutionException: org.apache.ratis.thirdparty.io.grpc.StatusRuntimeException: UNAVAILABLE: io exception
	at java.util.concurrent.FutureTask.report(FutureTask.java:122)
	at java.util.concurrent.FutureTask.get(FutureTask.java:192)
	at org.apache.ratis.server.impl.LeaderElection.waitForResults(LeaderElection.java:259)
	at org.apache.ratis.server.impl.LeaderElection.askForVotes(LeaderElection.java:197)
	at org.apache.ratis.server.impl.LeaderElection.run(LeaderElection.java:133)
	at java.lang.Thread.run(Thread.java:748)
Caused by: org.apache.ratis.thirdparty.io.grpc.StatusRuntimeException: UNAVAILABLE: io exception
	at org.apache.ratis.thirdparty.io.grpc.stub.ClientCalls.toStatusRuntimeException(ClientCalls.java:233)
	at org.apache.ratis.thirdparty.io.grpc.stub.ClientCalls.getUnchecked(ClientCalls.java:214)
	at org.apache.ratis.thirdparty.io.grpc.stub.ClientCalls.blockingUnaryCall(ClientCalls.java:139)
	at org.apache.ratis.proto.grpc.RaftServerProtocolServiceGrpc$RaftServerProtocolServiceBlockingStub.requestVote(RaftServerProtocolServiceGrpc.java:265)
	at org.apache.ratis.grpc.server.GrpcServerProtocolClient.requestVote(GrpcServerProtocolClient.java:99)
	at org.apache.ratis.grpc.server.GrpcService.requestVote(GrpcService.java:204)
	at org.apache.ratis.server.impl.LeaderElection.lambda$submitRequests$1(LeaderElection.java:234)
	at java.util.concurrent.FutureTask.run(FutureTask.java:266)
	at java.util.concurrent.Executors$RunnableAdapter.call(Executors.java:511)
	at java.util.concurrent.FutureTask.run(FutureTask.java:266)
	at java.util.concurrent.ThreadPoolExecutor.runWorker(ThreadPoolExecutor.java:1149)
	at java.util.concurrent.ThreadPoolExecutor$Worker.run(ThreadPoolExecutor.java:624)
	... 1 more
Caused by: org.apache.ratis.thirdparty.io.netty.channel.AbstractChannel$AnnotatedConnectException: Connection refused: /192.168.30.53:34960
	at sun.nio.ch.SocketChannelImpl.checkConnect(Native Method)
	at sun.nio.ch.SocketChannelImpl.finishConnect(SocketChannelImpl.java:717)
	at org.apache.ratis.thirdparty.io.netty.channel.socket.nio.NioSocketChannel.doFinishConnect(NioSocketChannel.java:327)
	at org.apache.ratis.thirdparty.io.netty.channel.nio.AbstractNioChannel$AbstractNioUnsafe.finishConnect(AbstractNioChannel.java:340)
	at org.apache.ratis.thirdparty.io.netty.channel.nio.NioEventLoop.processSelectedKey(NioEventLoop.java:632)
	at org.apache.ratis.thirdparty.io.netty.channel.nio.NioEventLoop.processSelectedKeysOptimized(NioEventLoop.java:579)
	at org.apache.ratis.thirdparty.io.netty.channel.nio.NioEventLoop.processSelectedKeys(NioEventLoop.java:496)
	at org.apache.ratis.thirdparty.io.netty.channel.nio.NioEventLoop.run(NioEventLoop.java:458)
	at org.apache.ratis.thirdparty.io.netty.util.concurrent.SingleThreadEventExecutor$5.run(SingleThreadEventExecutor.java:897)
	at org.apache.ratis.thirdparty.io.netty.util.concurrent.FastThreadLocalRunnable.run(FastThreadLocalRunnable.java:30)
	... 1 more
Caused by: java.net.ConnectException: Connection refused
	... 11 more
2019-10-02 10:56:44,061 [b25f22f8-54cc-4ffd-bfcd-179cc8cbd7fc@group-1A77BEA84F5E-LeaderElection47] INFO  impl.RaftServerImpl (RaftServerImpl.java:setRole(170)) - b25f22f8-54cc-4ffd-bfcd-179cc8cbd7fc@group-1A77BEA84F5E: changes role from CANDIDATE to FOLLOWER at term 2 for DISCOVERED_A_NEW_TERM
2019-10-02 10:56:44,061 [b25f22f8-54cc-4ffd-bfcd-179cc8cbd7fc@group-1A77BEA84F5E-LeaderElection47] INFO  impl.RoleInfo (RoleInfo.java:shutdownLeaderElection(134)) - b25f22f8-54cc-4ffd-bfcd-179cc8cbd7fc: shutdown LeaderElection
2019-10-02 10:56:44,061 [b25f22f8-54cc-4ffd-bfcd-179cc8cbd7fc@group-1A77BEA84F5E-LeaderElection47] INFO  impl.RoleInfo (RoleInfo.java:updateAndGet(143)) - b25f22f8-54cc-4ffd-bfcd-179cc8cbd7fc: start FollowerState
2019-10-02 10:56:44,071 [Thread-564] INFO  impl.FollowerState (FollowerState.java:run(108)) - b25f22f8-54cc-4ffd-bfcd-179cc8cbd7fc@group-BE47439FB225-FollowerState: change to CANDIDATE, lastRpcTime:2098ms, electionTimeout:1084ms
2019-10-02 10:56:44,071 [Thread-564] INFO  impl.RoleInfo (RoleInfo.java:shutdownFollowerState(121)) - b25f22f8-54cc-4ffd-bfcd-179cc8cbd7fc: shutdown FollowerState
2019-10-02 10:56:44,071 [Thread-564] INFO  impl.RaftServerImpl (RaftServerImpl.java:setRole(170)) - b25f22f8-54cc-4ffd-bfcd-179cc8cbd7fc@group-BE47439FB225: changes role from  FOLLOWER to CANDIDATE at term 1 for changeToCandidate
2019-10-02 10:56:44,071 [Thread-564] INFO  impl.RoleInfo (RoleInfo.java:updateAndGet(143)) - b25f22f8-54cc-4ffd-bfcd-179cc8cbd7fc: start LeaderElection
2019-10-02 10:56:44,072 [b25f22f8-54cc-4ffd-bfcd-179cc8cbd7fc@group-BE47439FB225-LeaderElection48] INFO  impl.RaftServerImpl (ServerState.java:setLeader(255)) - b25f22f8-54cc-4ffd-bfcd-179cc8cbd7fc@group-BE47439FB225: change Leader from 7df38282-3a3d-4206-964a-9b3301cd1d1f to null at term 1 for initElection
2019-10-02 10:56:44,095 [b25f22f8-54cc-4ffd-bfcd-179cc8cbd7fc@group-BE47439FB225-LeaderElection48] INFO  impl.LeaderElection (LeaderElection.java:askForVotes(178)) - b25f22f8-54cc-4ffd-bfcd-179cc8cbd7fc@group-BE47439FB225-LeaderElection48: begin an election at term 2 for 0: [d3dffc06-1d6a-4f7a-8294-c2dc8ce35b40:192.168.30.53:33785, 7df38282-3a3d-4206-964a-9b3301cd1d1f:192.168.30.53:34960, b25f22f8-54cc-4ffd-bfcd-179cc8cbd7fc:192.168.30.53:42549], old=null
2019-10-02 10:56:44,096 [b25f22f8-54cc-4ffd-bfcd-179cc8cbd7fc@group-BE47439FB225-LeaderElection48] INFO  impl.LeaderElection (LogUtils.java:infoOrTrace(149)) - b25f22f8-54cc-4ffd-bfcd-179cc8cbd7fc@group-BE47439FB225-LeaderElection48 got exception when requesting votes: {}
java.util.concurrent.ExecutionException: org.apache.ratis.thirdparty.io.grpc.StatusRuntimeException: UNAVAILABLE: io exception
	at java.util.concurrent.FutureTask.report(FutureTask.java:122)
	at java.util.concurrent.FutureTask.get(FutureTask.java:192)
	at org.apache.ratis.server.impl.LeaderElection.waitForResults(LeaderElection.java:259)
	at org.apache.ratis.server.impl.LeaderElection.askForVotes(LeaderElection.java:197)
	at org.apache.ratis.server.impl.LeaderElection.run(LeaderElection.java:133)
	at java.lang.Thread.run(Thread.java:748)
Caused by: org.apache.ratis.thirdparty.io.grpc.StatusRuntimeException: UNAVAILABLE: io exception
	at org.apache.ratis.thirdparty.io.grpc.stub.ClientCalls.toStatusRuntimeException(ClientCalls.java:233)
	at org.apache.ratis.thirdparty.io.grpc.stub.ClientCalls.getUnchecked(ClientCalls.java:214)
	at org.apache.ratis.thirdparty.io.grpc.stub.ClientCalls.blockingUnaryCall(ClientCalls.java:139)
	at org.apache.ratis.proto.grpc.RaftServerProtocolServiceGrpc$RaftServerProtocolServiceBlockingStub.requestVote(RaftServerProtocolServiceGrpc.java:265)
	at org.apache.ratis.grpc.server.GrpcServerProtocolClient.requestVote(GrpcServerProtocolClient.java:99)
	at org.apache.ratis.grpc.server.GrpcService.requestVote(GrpcService.java:204)
	at org.apache.ratis.server.impl.LeaderElection.lambda$submitRequests$1(LeaderElection.java:234)
	at java.util.concurrent.FutureTask.run(FutureTask.java:266)
	at java.util.concurrent.Executors$RunnableAdapter.call(Executors.java:511)
	at java.util.concurrent.FutureTask.run(FutureTask.java:266)
	at java.util.concurrent.ThreadPoolExecutor.runWorker(ThreadPoolExecutor.java:1149)
	at java.util.concurrent.ThreadPoolExecutor$Worker.run(ThreadPoolExecutor.java:624)
	... 1 more
Caused by: org.apache.ratis.thirdparty.io.netty.channel.AbstractChannel$AnnotatedConnectException: Connection refused: /192.168.30.53:33785
	at sun.nio.ch.SocketChannelImpl.checkConnect(Native Method)
	at sun.nio.ch.SocketChannelImpl.finishConnect(SocketChannelImpl.java:717)
	at org.apache.ratis.thirdparty.io.netty.channel.socket.nio.NioSocketChannel.doFinishConnect(NioSocketChannel.java:327)
	at org.apache.ratis.thirdparty.io.netty.channel.nio.AbstractNioChannel$AbstractNioUnsafe.finishConnect(AbstractNioChannel.java:340)
	at org.apache.ratis.thirdparty.io.netty.channel.nio.NioEventLoop.processSelectedKey(NioEventLoop.java:632)
	at org.apache.ratis.thirdparty.io.netty.channel.nio.NioEventLoop.processSelectedKeysOptimized(NioEventLoop.java:579)
	at org.apache.ratis.thirdparty.io.netty.channel.nio.NioEventLoop.processSelectedKeys(NioEventLoop.java:496)
	at org.apache.ratis.thirdparty.io.netty.channel.nio.NioEventLoop.run(NioEventLoop.java:458)
	at org.apache.ratis.thirdparty.io.netty.util.concurrent.SingleThreadEventExecutor$5.run(SingleThreadEventExecutor.java:897)
	at org.apache.ratis.thirdparty.io.netty.util.concurrent.FastThreadLocalRunnable.run(FastThreadLocalRunnable.java:30)
	... 1 more
Caused by: java.net.ConnectException: Connection refused
	... 11 more
2019-10-02 10:56:44,098 [b25f22f8-54cc-4ffd-bfcd-179cc8cbd7fc@group-BE47439FB225-LeaderElection48] INFO  impl.LeaderElection (LogUtils.java:infoOrTrace(149)) - b25f22f8-54cc-4ffd-bfcd-179cc8cbd7fc@group-BE47439FB225-LeaderElection48 got exception when requesting votes: {}
java.util.concurrent.ExecutionException: org.apache.ratis.thirdparty.io.grpc.StatusRuntimeException: UNAVAILABLE: io exception
	at java.util.concurrent.FutureTask.report(FutureTask.java:122)
	at java.util.concurrent.FutureTask.get(FutureTask.java:192)
	at org.apache.ratis.server.impl.LeaderElection.waitForResults(LeaderElection.java:259)
	at org.apache.ratis.server.impl.LeaderElection.askForVotes(LeaderElection.java:197)
	at org.apache.ratis.server.impl.LeaderElection.run(LeaderElection.java:133)
	at java.lang.Thread.run(Thread.java:748)
Caused by: org.apache.ratis.thirdparty.io.grpc.StatusRuntimeException: UNAVAILABLE: io exception
	at org.apache.ratis.thirdparty.io.grpc.stub.ClientCalls.toStatusRuntimeException(ClientCalls.java:233)
	at org.apache.ratis.thirdparty.io.grpc.stub.ClientCalls.getUnchecked(ClientCalls.java:214)
	at org.apache.ratis.thirdparty.io.grpc.stub.ClientCalls.blockingUnaryCall(ClientCalls.java:139)
	at org.apache.ratis.proto.grpc.RaftServerProtocolServiceGrpc$RaftServerProtocolServiceBlockingStub.requestVote(RaftServerProtocolServiceGrpc.java:265)
	at org.apache.ratis.grpc.server.GrpcServerProtocolClient.requestVote(GrpcServerProtocolClient.java:99)
	at org.apache.ratis.grpc.server.GrpcService.requestVote(GrpcService.java:204)
	at org.apache.ratis.server.impl.LeaderElection.lambda$submitRequests$1(LeaderElection.java:234)
	at java.util.concurrent.FutureTask.run(FutureTask.java:266)
	at java.util.concurrent.Executors$RunnableAdapter.call(Executors.java:511)
	at java.util.concurrent.FutureTask.run(FutureTask.java:266)
	at java.util.concurrent.ThreadPoolExecutor.runWorker(ThreadPoolExecutor.java:1149)
	at java.util.concurrent.ThreadPoolExecutor$Worker.run(ThreadPoolExecutor.java:624)
	... 1 more
Caused by: org.apache.ratis.thirdparty.io.netty.channel.AbstractChannel$AnnotatedConnectException: Connection refused: /192.168.30.53:34960
	at sun.nio.ch.SocketChannelImpl.checkConnect(Native Method)
	at sun.nio.ch.SocketChannelImpl.finishConnect(SocketChannelImpl.java:717)
	at org.apache.ratis.thirdparty.io.netty.channel.socket.nio.NioSocketChannel.doFinishConnect(NioSocketChannel.java:327)
	at org.apache.ratis.thirdparty.io.netty.channel.nio.AbstractNioChannel$AbstractNioUnsafe.finishConnect(AbstractNioChannel.java:340)
	at org.apache.ratis.thirdparty.io.netty.channel.nio.NioEventLoop.processSelectedKey(NioEventLoop.java:632)
	at org.apache.ratis.thirdparty.io.netty.channel.nio.NioEventLoop.processSelectedKeysOptimized(NioEventLoop.java:579)
	at org.apache.ratis.thirdparty.io.netty.channel.nio.NioEventLoop.processSelectedKeys(NioEventLoop.java:496)
	at org.apache.ratis.thirdparty.io.netty.channel.nio.NioEventLoop.run(NioEventLoop.java:458)
	at org.apache.ratis.thirdparty.io.netty.util.concurrent.SingleThreadEventExecutor$5.run(SingleThreadEventExecutor.java:897)
	at org.apache.ratis.thirdparty.io.netty.util.concurrent.FastThreadLocalRunnable.run(FastThreadLocalRunnable.java:30)
	... 1 more
Caused by: java.net.ConnectException: Connection refused
	... 11 more
2019-10-02 10:56:44,100 [b25f22f8-54cc-4ffd-bfcd-179cc8cbd7fc@group-BE47439FB225-LeaderElection48] INFO  impl.LeaderElection (LeaderElection.java:logAndReturn(56)) - b25f22f8-54cc-4ffd-bfcd-179cc8cbd7fc@group-BE47439FB225-LeaderElection48: Election REJECTED; received 0 response(s) [] and 2 exception(s); b25f22f8-54cc-4ffd-bfcd-179cc8cbd7fc@group-BE47439FB225:t2, leader=null, voted=b25f22f8-54cc-4ffd-bfcd-179cc8cbd7fc, raftlog=b25f22f8-54cc-4ffd-bfcd-179cc8cbd7fc@group-BE47439FB225-SegmentedRaftLog:OPENED:c0,f0,i0, conf=0: [d3dffc06-1d6a-4f7a-8294-c2dc8ce35b40:192.168.30.53:33785, 7df38282-3a3d-4206-964a-9b3301cd1d1f:192.168.30.53:34960, b25f22f8-54cc-4ffd-bfcd-179cc8cbd7fc:192.168.30.53:42549], old=null
2019-10-02 10:56:44,100 [b25f22f8-54cc-4ffd-bfcd-179cc8cbd7fc@group-BE47439FB225-LeaderElection48] INFO  impl.LeaderElection (LogUtils.java:infoOrTrace(149)) -   Exception 0: {}
java.util.concurrent.ExecutionException: org.apache.ratis.thirdparty.io.grpc.StatusRuntimeException: UNAVAILABLE: io exception
	at java.util.concurrent.FutureTask.report(FutureTask.java:122)
	at java.util.concurrent.FutureTask.get(FutureTask.java:192)
	at org.apache.ratis.server.impl.LeaderElection.waitForResults(LeaderElection.java:259)
	at org.apache.ratis.server.impl.LeaderElection.askForVotes(LeaderElection.java:197)
	at org.apache.ratis.server.impl.LeaderElection.run(LeaderElection.java:133)
	at java.lang.Thread.run(Thread.java:748)
Caused by: org.apache.ratis.thirdparty.io.grpc.StatusRuntimeException: UNAVAILABLE: io exception
	at org.apache.ratis.thirdparty.io.grpc.stub.ClientCalls.toStatusRuntimeException(ClientCalls.java:233)
	at org.apache.ratis.thirdparty.io.grpc.stub.ClientCalls.getUnchecked(ClientCalls.java:214)
	at org.apache.ratis.thirdparty.io.grpc.stub.ClientCalls.blockingUnaryCall(ClientCalls.java:139)
	at org.apache.ratis.proto.grpc.RaftServerProtocolServiceGrpc$RaftServerProtocolServiceBlockingStub.requestVote(RaftServerProtocolServiceGrpc.java:265)
	at org.apache.ratis.grpc.server.GrpcServerProtocolClient.requestVote(GrpcServerProtocolClient.java:99)
	at org.apache.ratis.grpc.server.GrpcService.requestVote(GrpcService.java:204)
	at org.apache.ratis.server.impl.LeaderElection.lambda$submitRequests$1(LeaderElection.java:234)
	at java.util.concurrent.FutureTask.run(FutureTask.java:266)
	at java.util.concurrent.Executors$RunnableAdapter.call(Executors.java:511)
	at java.util.concurrent.FutureTask.run(FutureTask.java:266)
	at java.util.concurrent.ThreadPoolExecutor.runWorker(ThreadPoolExecutor.java:1149)
	at java.util.concurrent.ThreadPoolExecutor$Worker.run(ThreadPoolExecutor.java:624)
	... 1 more
Caused by: org.apache.ratis.thirdparty.io.netty.channel.AbstractChannel$AnnotatedConnectException: Connection refused: /192.168.30.53:33785
	at sun.nio.ch.SocketChannelImpl.checkConnect(Native Method)
	at sun.nio.ch.SocketChannelImpl.finishConnect(SocketChannelImpl.java:717)
	at org.apache.ratis.thirdparty.io.netty.channel.socket.nio.NioSocketChannel.doFinishConnect(NioSocketChannel.java:327)
	at org.apache.ratis.thirdparty.io.netty.channel.nio.AbstractNioChannel$AbstractNioUnsafe.finishConnect(AbstractNioChannel.java:340)
	at org.apache.ratis.thirdparty.io.netty.channel.nio.NioEventLoop.processSelectedKey(NioEventLoop.java:632)
	at org.apache.ratis.thirdparty.io.netty.channel.nio.NioEventLoop.processSelectedKeysOptimized(NioEventLoop.java:579)
	at org.apache.ratis.thirdparty.io.netty.channel.nio.NioEventLoop.processSelectedKeys(NioEventLoop.java:496)
	at org.apache.ratis.thirdparty.io.netty.channel.nio.NioEventLoop.run(NioEventLoop.java:458)
	at org.apache.ratis.thirdparty.io.netty.util.concurrent.SingleThreadEventExecutor$5.run(SingleThreadEventExecutor.java:897)
	at org.apache.ratis.thirdparty.io.netty.util.concurrent.FastThreadLocalRunnable.run(FastThreadLocalRunnable.java:30)
	... 1 more
Caused by: java.net.ConnectException: Connection refused
	... 11 more
2019-10-02 10:56:44,100 [b25f22f8-54cc-4ffd-bfcd-179cc8cbd7fc@group-BE47439FB225-LeaderElection48] INFO  impl.LeaderElection (LogUtils.java:infoOrTrace(149)) -   Exception 1: {}
java.util.concurrent.ExecutionException: org.apache.ratis.thirdparty.io.grpc.StatusRuntimeException: UNAVAILABLE: io exception
	at java.util.concurrent.FutureTask.report(FutureTask.java:122)
	at java.util.concurrent.FutureTask.get(FutureTask.java:192)
	at org.apache.ratis.server.impl.LeaderElection.waitForResults(LeaderElection.java:259)
	at org.apache.ratis.server.impl.LeaderElection.askForVotes(LeaderElection.java:197)
	at org.apache.ratis.server.impl.LeaderElection.run(LeaderElection.java:133)
	at java.lang.Thread.run(Thread.java:748)
Caused by: org.apache.ratis.thirdparty.io.grpc.StatusRuntimeException: UNAVAILABLE: io exception
	at org.apache.ratis.thirdparty.io.grpc.stub.ClientCalls.toStatusRuntimeException(ClientCalls.java:233)
	at org.apache.ratis.thirdparty.io.grpc.stub.ClientCalls.getUnchecked(ClientCalls.java:214)
	at org.apache.ratis.thirdparty.io.grpc.stub.ClientCalls.blockingUnaryCall(ClientCalls.java:139)
	at org.apache.ratis.proto.grpc.RaftServerProtocolServiceGrpc$RaftServerProtocolServiceBlockingStub.requestVote(RaftServerProtocolServiceGrpc.java:265)
	at org.apache.ratis.grpc.server.GrpcServerProtocolClient.requestVote(GrpcServerProtocolClient.java:99)
	at org.apache.ratis.grpc.server.GrpcService.requestVote(GrpcService.java:204)
	at org.apache.ratis.server.impl.LeaderElection.lambda$submitRequests$1(LeaderElection.java:234)
	at java.util.concurrent.FutureTask.run(FutureTask.java:266)
	at java.util.concurrent.Executors$RunnableAdapter.call(Executors.java:511)
	at java.util.concurrent.FutureTask.run(FutureTask.java:266)
	at java.util.concurrent.ThreadPoolExecutor.runWorker(ThreadPoolExecutor.java:1149)
	at java.util.concurrent.ThreadPoolExecutor$Worker.run(ThreadPoolExecutor.java:624)
	... 1 more
Caused by: org.apache.ratis.thirdparty.io.netty.channel.AbstractChannel$AnnotatedConnectException: Connection refused: /192.168.30.53:34960
	at sun.nio.ch.SocketChannelImpl.checkConnect(Native Method)
	at sun.nio.ch.SocketChannelImpl.finishConnect(SocketChannelImpl.java:717)
	at org.apache.ratis.thirdparty.io.netty.channel.socket.nio.NioSocketChannel.doFinishConnect(NioSocketChannel.java:327)
	at org.apache.ratis.thirdparty.io.netty.channel.nio.AbstractNioChannel$AbstractNioUnsafe.finishConnect(AbstractNioChannel.java:340)
	at org.apache.ratis.thirdparty.io.netty.channel.nio.NioEventLoop.processSelectedKey(NioEventLoop.java:632)
	at org.apache.ratis.thirdparty.io.netty.channel.nio.NioEventLoop.processSelectedKeysOptimized(NioEventLoop.java:579)
	at org.apache.ratis.thirdparty.io.netty.channel.nio.NioEventLoop.processSelectedKeys(NioEventLoop.java:496)
	at org.apache.ratis.thirdparty.io.netty.channel.nio.NioEventLoop.run(NioEventLoop.java:458)
	at org.apache.ratis.thirdparty.io.netty.util.concurrent.SingleThreadEventExecutor$5.run(SingleThreadEventExecutor.java:897)
	at org.apache.ratis.thirdparty.io.netty.util.concurrent.FastThreadLocalRunnable.run(FastThreadLocalRunnable.java:30)
	... 1 more
Caused by: java.net.ConnectException: Connection refused
	... 11 more
2019-10-02 10:56:44,101 [b25f22f8-54cc-4ffd-bfcd-179cc8cbd7fc@group-BE47439FB225-LeaderElection48] INFO  impl.RaftServerImpl (RaftServerImpl.java:setRole(170)) - b25f22f8-54cc-4ffd-bfcd-179cc8cbd7fc@group-BE47439FB225: changes role from CANDIDATE to FOLLOWER at term 2 for DISCOVERED_A_NEW_TERM
2019-10-02 10:56:44,101 [b25f22f8-54cc-4ffd-bfcd-179cc8cbd7fc@group-BE47439FB225-LeaderElection48] INFO  impl.RoleInfo (RoleInfo.java:shutdownLeaderElection(134)) - b25f22f8-54cc-4ffd-bfcd-179cc8cbd7fc: shutdown LeaderElection
2019-10-02 10:56:44,101 [b25f22f8-54cc-4ffd-bfcd-179cc8cbd7fc@group-BE47439FB225-LeaderElection48] INFO  impl.RoleInfo (RoleInfo.java:updateAndGet(143)) - b25f22f8-54cc-4ffd-bfcd-179cc8cbd7fc: start FollowerState
2019-10-02 10:56:44,107 [grpc-default-executor-4] WARN  server.GrpcLogAppender (LogUtils.java:warn(134)) - b25f22f8-54cc-4ffd-bfcd-179cc8cbd7fc@group-49987F7A8A7C->d3dffc06-1d6a-4f7a-8294-c2dc8ce35b40-AppendLogResponseHandler: Failed appendEntries: org.apache.ratis.thirdparty.io.grpc.StatusRuntimeException: UNAVAILABLE: io exception
2019-10-02 10:56:44,108 [grpc-default-executor-4] INFO  impl.FollowerInfo (FollowerInfo.java:lambda$new$0(51)) - b25f22f8-54cc-4ffd-bfcd-179cc8cbd7fc@group-49987F7A8A7C->d3dffc06-1d6a-4f7a-8294-c2dc8ce35b40: nextIndex: updateUnconditionally 0 -> 0
2019-10-02 10:56:44,170 [grpc-default-executor-4] WARN  server.GrpcLogAppender (LogUtils.java:warn(134)) - b25f22f8-54cc-4ffd-bfcd-179cc8cbd7fc@group-49987F7A8A7C->7df38282-3a3d-4206-964a-9b3301cd1d1f-AppendLogResponseHandler: Failed appendEntries: org.apache.ratis.thirdparty.io.grpc.StatusRuntimeException: UNAVAILABLE: io exception
2019-10-02 10:56:44,171 [grpc-default-executor-4] INFO  impl.FollowerInfo (FollowerInfo.java:lambda$new$0(51)) - b25f22f8-54cc-4ffd-bfcd-179cc8cbd7fc@group-49987F7A8A7C->7df38282-3a3d-4206-964a-9b3301cd1d1f: nextIndex: updateUnconditionally 0 -> 0
2019-10-02 10:56:44,458 [grpc-default-executor-4] WARN  server.GrpcLogAppender (LogUtils.java:warn(134)) - b25f22f8-54cc-4ffd-bfcd-179cc8cbd7fc@group-6B83A71B3C43->d3dffc06-1d6a-4f7a-8294-c2dc8ce35b40-AppendLogResponseHandler: Failed appendEntries: org.apache.ratis.thirdparty.io.grpc.StatusRuntimeException: UNAVAILABLE: io exception
2019-10-02 10:56:44,458 [grpc-default-executor-4] INFO  impl.FollowerInfo (FollowerInfo.java:lambda$new$0(51)) - b25f22f8-54cc-4ffd-bfcd-179cc8cbd7fc@group-6B83A71B3C43->d3dffc06-1d6a-4f7a-8294-c2dc8ce35b40: nextIndex: updateUnconditionally 0 -> 0
2019-10-02 10:56:44,478 [grpc-default-executor-4] WARN  server.GrpcLogAppender (LogUtils.java:warn(134)) - b25f22f8-54cc-4ffd-bfcd-179cc8cbd7fc@group-6B83A71B3C43->7df38282-3a3d-4206-964a-9b3301cd1d1f-AppendLogResponseHandler: Failed appendEntries: org.apache.ratis.thirdparty.io.grpc.StatusRuntimeException: UNAVAILABLE: io exception
2019-10-02 10:56:44,478 [grpc-default-executor-4] INFO  impl.FollowerInfo (FollowerInfo.java:lambda$new$0(51)) - b25f22f8-54cc-4ffd-bfcd-179cc8cbd7fc@group-6B83A71B3C43->7df38282-3a3d-4206-964a-9b3301cd1d1f: nextIndex: updateUnconditionally 0 -> 0
2019-10-02 10:56:44,610 [grpc-default-executor-4] WARN  server.GrpcLogAppender (LogUtils.java:warn(134)) - b25f22f8-54cc-4ffd-bfcd-179cc8cbd7fc@group-49987F7A8A7C->d3dffc06-1d6a-4f7a-8294-c2dc8ce35b40-AppendLogResponseHandler: Failed appendEntries: org.apache.ratis.thirdparty.io.grpc.StatusRuntimeException: UNAVAILABLE: io exception
2019-10-02 10:56:44,610 [grpc-default-executor-4] INFO  impl.FollowerInfo (FollowerInfo.java:lambda$new$0(51)) - b25f22f8-54cc-4ffd-bfcd-179cc8cbd7fc@group-49987F7A8A7C->d3dffc06-1d6a-4f7a-8294-c2dc8ce35b40: nextIndex: updateUnconditionally 0 -> 0
2019-10-02 10:56:44,627 [Thread-939] INFO  impl.FollowerState (FollowerState.java:run(108)) - b25f22f8-54cc-4ffd-bfcd-179cc8cbd7fc@group-C476C2B24A7C-FollowerState: change to CANDIDATE, lastRpcTime:1079ms, electionTimeout:1079ms
2019-10-02 10:56:44,628 [Thread-939] INFO  impl.RoleInfo (RoleInfo.java:shutdownFollowerState(121)) - b25f22f8-54cc-4ffd-bfcd-179cc8cbd7fc: shutdown FollowerState
2019-10-02 10:56:44,628 [Thread-939] INFO  impl.RaftServerImpl (RaftServerImpl.java:setRole(170)) - b25f22f8-54cc-4ffd-bfcd-179cc8cbd7fc@group-C476C2B24A7C: changes role from  FOLLOWER to CANDIDATE at term 4 for changeToCandidate
2019-10-02 10:56:44,628 [Thread-939] INFO  impl.RoleInfo (RoleInfo.java:updateAndGet(143)) - b25f22f8-54cc-4ffd-bfcd-179cc8cbd7fc: start LeaderElection
2019-10-02 10:56:44,652 [b25f22f8-54cc-4ffd-bfcd-179cc8cbd7fc@group-C476C2B24A7C-LeaderElection49] INFO  impl.LeaderElection (LeaderElection.java:askForVotes(178)) - b25f22f8-54cc-4ffd-bfcd-179cc8cbd7fc@group-C476C2B24A7C-LeaderElection49: begin an election at term 5 for 1: [d3dffc06-1d6a-4f7a-8294-c2dc8ce35b40:192.168.30.53:33785, 7df38282-3a3d-4206-964a-9b3301cd1d1f:192.168.30.53:34960, b25f22f8-54cc-4ffd-bfcd-179cc8cbd7fc:192.168.30.53:42549], old=null
2019-10-02 10:56:44,655 [b25f22f8-54cc-4ffd-bfcd-179cc8cbd7fc@group-C476C2B24A7C-LeaderElection49] INFO  impl.LeaderElection (LogUtils.java:infoOrTrace(149)) - b25f22f8-54cc-4ffd-bfcd-179cc8cbd7fc@group-C476C2B24A7C-LeaderElection49 got exception when requesting votes: {}
java.util.concurrent.ExecutionException: org.apache.ratis.thirdparty.io.grpc.StatusRuntimeException: UNAVAILABLE: io exception
	at java.util.concurrent.FutureTask.report(FutureTask.java:122)
	at java.util.concurrent.FutureTask.get(FutureTask.java:192)
	at org.apache.ratis.server.impl.LeaderElection.waitForResults(LeaderElection.java:259)
	at org.apache.ratis.server.impl.LeaderElection.askForVotes(LeaderElection.java:197)
	at org.apache.ratis.server.impl.LeaderElection.run(LeaderElection.java:133)
	at java.lang.Thread.run(Thread.java:748)
Caused by: org.apache.ratis.thirdparty.io.grpc.StatusRuntimeException: UNAVAILABLE: io exception
	at org.apache.ratis.thirdparty.io.grpc.stub.ClientCalls.toStatusRuntimeException(ClientCalls.java:233)
	at org.apache.ratis.thirdparty.io.grpc.stub.ClientCalls.getUnchecked(ClientCalls.java:214)
	at org.apache.ratis.thirdparty.io.grpc.stub.ClientCalls.blockingUnaryCall(ClientCalls.java:139)
	at org.apache.ratis.proto.grpc.RaftServerProtocolServiceGrpc$RaftServerProtocolServiceBlockingStub.requestVote(RaftServerProtocolServiceGrpc.java:265)
	at org.apache.ratis.grpc.server.GrpcServerProtocolClient.requestVote(GrpcServerProtocolClient.java:99)
	at org.apache.ratis.grpc.server.GrpcService.requestVote(GrpcService.java:204)
	at org.apache.ratis.server.impl.LeaderElection.lambda$submitRequests$1(LeaderElection.java:234)
	at java.util.concurrent.FutureTask.run(FutureTask.java:266)
	at java.util.concurrent.Executors$RunnableAdapter.call(Executors.java:511)
	at java.util.concurrent.FutureTask.run(FutureTask.java:266)
	at java.util.concurrent.ThreadPoolExecutor.runWorker(ThreadPoolExecutor.java:1149)
	at java.util.concurrent.ThreadPoolExecutor$Worker.run(ThreadPoolExecutor.java:624)
	... 1 more
Caused by: org.apache.ratis.thirdparty.io.netty.channel.AbstractChannel$AnnotatedConnectException: Connection refused: /192.168.30.53:34960
	at sun.nio.ch.SocketChannelImpl.checkConnect(Native Method)
	at sun.nio.ch.SocketChannelImpl.finishConnect(SocketChannelImpl.java:717)
	at org.apache.ratis.thirdparty.io.netty.channel.socket.nio.NioSocketChannel.doFinishConnect(NioSocketChannel.java:327)
	at org.apache.ratis.thirdparty.io.netty.channel.nio.AbstractNioChannel$AbstractNioUnsafe.finishConnect(AbstractNioChannel.java:340)
	at org.apache.ratis.thirdparty.io.netty.channel.nio.NioEventLoop.processSelectedKey(NioEventLoop.java:632)
	at org.apache.ratis.thirdparty.io.netty.channel.nio.NioEventLoop.processSelectedKeysOptimized(NioEventLoop.java:579)
	at org.apache.ratis.thirdparty.io.netty.channel.nio.NioEventLoop.processSelectedKeys(NioEventLoop.java:496)
	at org.apache.ratis.thirdparty.io.netty.channel.nio.NioEventLoop.run(NioEventLoop.java:458)
	at org.apache.ratis.thirdparty.io.netty.util.concurrent.SingleThreadEventExecutor$5.run(SingleThreadEventExecutor.java:897)
	at org.apache.ratis.thirdparty.io.netty.util.concurrent.FastThreadLocalRunnable.run(FastThreadLocalRunnable.java:30)
	... 1 more
Caused by: java.net.ConnectException: Connection refused
	... 11 more
2019-10-02 10:56:44,657 [b25f22f8-54cc-4ffd-bfcd-179cc8cbd7fc@group-C476C2B24A7C-LeaderElection49] INFO  impl.LeaderElection (LogUtils.java:infoOrTrace(149)) - b25f22f8-54cc-4ffd-bfcd-179cc8cbd7fc@group-C476C2B24A7C-LeaderElection49 got exception when requesting votes: {}
java.util.concurrent.ExecutionException: org.apache.ratis.thirdparty.io.grpc.StatusRuntimeException: UNAVAILABLE: io exception
	at java.util.concurrent.FutureTask.report(FutureTask.java:122)
	at java.util.concurrent.FutureTask.get(FutureTask.java:192)
	at org.apache.ratis.server.impl.LeaderElection.waitForResults(LeaderElection.java:259)
	at org.apache.ratis.server.impl.LeaderElection.askForVotes(LeaderElection.java:197)
	at org.apache.ratis.server.impl.LeaderElection.run(LeaderElection.java:133)
	at java.lang.Thread.run(Thread.java:748)
Caused by: org.apache.ratis.thirdparty.io.grpc.StatusRuntimeException: UNAVAILABLE: io exception
	at org.apache.ratis.thirdparty.io.grpc.stub.ClientCalls.toStatusRuntimeException(ClientCalls.java:233)
	at org.apache.ratis.thirdparty.io.grpc.stub.ClientCalls.getUnchecked(ClientCalls.java:214)
	at org.apache.ratis.thirdparty.io.grpc.stub.ClientCalls.blockingUnaryCall(ClientCalls.java:139)
	at org.apache.ratis.proto.grpc.RaftServerProtocolServiceGrpc$RaftServerProtocolServiceBlockingStub.requestVote(RaftServerProtocolServiceGrpc.java:265)
	at org.apache.ratis.grpc.server.GrpcServerProtocolClient.requestVote(GrpcServerProtocolClient.java:99)
	at org.apache.ratis.grpc.server.GrpcService.requestVote(GrpcService.java:204)
	at org.apache.ratis.server.impl.LeaderElection.lambda$submitRequests$1(LeaderElection.java:234)
	at java.util.concurrent.FutureTask.run(FutureTask.java:266)
	at java.util.concurrent.Executors$RunnableAdapter.call(Executors.java:511)
	at java.util.concurrent.FutureTask.run(FutureTask.java:266)
	at java.util.concurrent.ThreadPoolExecutor.runWorker(ThreadPoolExecutor.java:1149)
	at java.util.concurrent.ThreadPoolExecutor$Worker.run(ThreadPoolExecutor.java:624)
	... 1 more
Caused by: org.apache.ratis.thirdparty.io.netty.channel.AbstractChannel$AnnotatedConnectException: Connection refused: /192.168.30.53:33785
	at sun.nio.ch.SocketChannelImpl.checkConnect(Native Method)
	at sun.nio.ch.SocketChannelImpl.finishConnect(SocketChannelImpl.java:717)
	at org.apache.ratis.thirdparty.io.netty.channel.socket.nio.NioSocketChannel.doFinishConnect(NioSocketChannel.java:327)
	at org.apache.ratis.thirdparty.io.netty.channel.nio.AbstractNioChannel$AbstractNioUnsafe.finishConnect(AbstractNioChannel.java:340)
	at org.apache.ratis.thirdparty.io.netty.channel.nio.NioEventLoop.processSelectedKey(NioEventLoop.java:632)
	at org.apache.ratis.thirdparty.io.netty.channel.nio.NioEventLoop.processSelectedKeysOptimized(NioEventLoop.java:579)
	at org.apache.ratis.thirdparty.io.netty.channel.nio.NioEventLoop.processSelectedKeys(NioEventLoop.java:496)
	at org.apache.ratis.thirdparty.io.netty.channel.nio.NioEventLoop.run(NioEventLoop.java:458)
	at org.apache.ratis.thirdparty.io.netty.util.concurrent.SingleThreadEventExecutor$5.run(SingleThreadEventExecutor.java:897)
	at org.apache.ratis.thirdparty.io.netty.util.concurrent.FastThreadLocalRunnable.run(FastThreadLocalRunnable.java:30)
	... 1 more
Caused by: java.net.ConnectException: Connection refused
	... 11 more
2019-10-02 10:56:44,659 [b25f22f8-54cc-4ffd-bfcd-179cc8cbd7fc@group-C476C2B24A7C-LeaderElection49] INFO  impl.LeaderElection (LeaderElection.java:logAndReturn(56)) - b25f22f8-54cc-4ffd-bfcd-179cc8cbd7fc@group-C476C2B24A7C-LeaderElection49: Election REJECTED; received 0 response(s) [] and 2 exception(s); b25f22f8-54cc-4ffd-bfcd-179cc8cbd7fc@group-C476C2B24A7C:t5, leader=null, voted=b25f22f8-54cc-4ffd-bfcd-179cc8cbd7fc, raftlog=b25f22f8-54cc-4ffd-bfcd-179cc8cbd7fc@group-C476C2B24A7C-SegmentedRaftLog:OPENED:c2,f2,i2, conf=1: [d3dffc06-1d6a-4f7a-8294-c2dc8ce35b40:192.168.30.53:33785, 7df38282-3a3d-4206-964a-9b3301cd1d1f:192.168.30.53:34960, b25f22f8-54cc-4ffd-bfcd-179cc8cbd7fc:192.168.30.53:42549], old=null
2019-10-02 10:56:44,659 [b25f22f8-54cc-4ffd-bfcd-179cc8cbd7fc@group-C476C2B24A7C-LeaderElection49] INFO  impl.LeaderElection (LogUtils.java:infoOrTrace(149)) -   Exception 0: {}
java.util.concurrent.ExecutionException: org.apache.ratis.thirdparty.io.grpc.StatusRuntimeException: UNAVAILABLE: io exception
	at java.util.concurrent.FutureTask.report(FutureTask.java:122)
	at java.util.concurrent.FutureTask.get(FutureTask.java:192)
	at org.apache.ratis.server.impl.LeaderElection.waitForResults(LeaderElection.java:259)
	at org.apache.ratis.server.impl.LeaderElection.askForVotes(LeaderElection.java:197)
	at org.apache.ratis.server.impl.LeaderElection.run(LeaderElection.java:133)
	at java.lang.Thread.run(Thread.java:748)
Caused by: org.apache.ratis.thirdparty.io.grpc.StatusRuntimeException: UNAVAILABLE: io exception
	at org.apache.ratis.thirdparty.io.grpc.stub.ClientCalls.toStatusRuntimeException(ClientCalls.java:233)
	at org.apache.ratis.thirdparty.io.grpc.stub.ClientCalls.getUnchecked(ClientCalls.java:214)
	at org.apache.ratis.thirdparty.io.grpc.stub.ClientCalls.blockingUnaryCall(ClientCalls.java:139)
	at org.apache.ratis.proto.grpc.RaftServerProtocolServiceGrpc$RaftServerProtocolServiceBlockingStub.requestVote(RaftServerProtocolServiceGrpc.java:265)
	at org.apache.ratis.grpc.server.GrpcServerProtocolClient.requestVote(GrpcServerProtocolClient.java:99)
	at org.apache.ratis.grpc.server.GrpcService.requestVote(GrpcService.java:204)
	at org.apache.ratis.server.impl.LeaderElection.lambda$submitRequests$1(LeaderElection.java:234)
	at java.util.concurrent.FutureTask.run(FutureTask.java:266)
	at java.util.concurrent.Executors$RunnableAdapter.call(Executors.java:511)
	at java.util.concurrent.FutureTask.run(FutureTask.java:266)
	at java.util.concurrent.ThreadPoolExecutor.runWorker(ThreadPoolExecutor.java:1149)
	at java.util.concurrent.ThreadPoolExecutor$Worker.run(ThreadPoolExecutor.java:624)
	... 1 more
Caused by: org.apache.ratis.thirdparty.io.netty.channel.AbstractChannel$AnnotatedConnectException: Connection refused: /192.168.30.53:34960
	at sun.nio.ch.SocketChannelImpl.checkConnect(Native Method)
	at sun.nio.ch.SocketChannelImpl.finishConnect(SocketChannelImpl.java:717)
	at org.apache.ratis.thirdparty.io.netty.channel.socket.nio.NioSocketChannel.doFinishConnect(NioSocketChannel.java:327)
	at org.apache.ratis.thirdparty.io.netty.channel.nio.AbstractNioChannel$AbstractNioUnsafe.finishConnect(AbstractNioChannel.java:340)
	at org.apache.ratis.thirdparty.io.netty.channel.nio.NioEventLoop.processSelectedKey(NioEventLoop.java:632)
	at org.apache.ratis.thirdparty.io.netty.channel.nio.NioEventLoop.processSelectedKeysOptimized(NioEventLoop.java:579)
	at org.apache.ratis.thirdparty.io.netty.channel.nio.NioEventLoop.processSelectedKeys(NioEventLoop.java:496)
	at org.apache.ratis.thirdparty.io.netty.channel.nio.NioEventLoop.run(NioEventLoop.java:458)
	at org.apache.ratis.thirdparty.io.netty.util.concurrent.SingleThreadEventExecutor$5.run(SingleThreadEventExecutor.java:897)
	at org.apache.ratis.thirdparty.io.netty.util.concurrent.FastThreadLocalRunnable.run(FastThreadLocalRunnable.java:30)
	... 1 more
Caused by: java.net.ConnectException: Connection refused
	... 11 more
2019-10-02 10:56:44,659 [b25f22f8-54cc-4ffd-bfcd-179cc8cbd7fc@group-C476C2B24A7C-LeaderElection49] INFO  impl.LeaderElection (LogUtils.java:infoOrTrace(149)) -   Exception 1: {}
java.util.concurrent.ExecutionException: org.apache.ratis.thirdparty.io.grpc.StatusRuntimeException: UNAVAILABLE: io exception
	at java.util.concurrent.FutureTask.report(FutureTask.java:122)
	at java.util.concurrent.FutureTask.get(FutureTask.java:192)
	at org.apache.ratis.server.impl.LeaderElection.waitForResults(LeaderElection.java:259)
	at org.apache.ratis.server.impl.LeaderElection.askForVotes(LeaderElection.java:197)
	at org.apache.ratis.server.impl.LeaderElection.run(LeaderElection.java:133)
	at java.lang.Thread.run(Thread.java:748)
Caused by: org.apache.ratis.thirdparty.io.grpc.StatusRuntimeException: UNAVAILABLE: io exception
	at org.apache.ratis.thirdparty.io.grpc.stub.ClientCalls.toStatusRuntimeException(ClientCalls.java:233)
	at org.apache.ratis.thirdparty.io.grpc.stub.ClientCalls.getUnchecked(ClientCalls.java:214)
	at org.apache.ratis.thirdparty.io.grpc.stub.ClientCalls.blockingUnaryCall(ClientCalls.java:139)
	at org.apache.ratis.proto.grpc.RaftServerProtocolServiceGrpc$RaftServerProtocolServiceBlockingStub.requestVote(RaftServerProtocolServiceGrpc.java:265)
	at org.apache.ratis.grpc.server.GrpcServerProtocolClient.requestVote(GrpcServerProtocolClient.java:99)
	at org.apache.ratis.grpc.server.GrpcService.requestVote(GrpcService.java:204)
	at org.apache.ratis.server.impl.LeaderElection.lambda$submitRequests$1(LeaderElection.java:234)
	at java.util.concurrent.FutureTask.run(FutureTask.java:266)
	at java.util.concurrent.Executors$RunnableAdapter.call(Executors.java:511)
	at java.util.concurrent.FutureTask.run(FutureTask.java:266)
	at java.util.concurrent.ThreadPoolExecutor.runWorker(ThreadPoolExecutor.java:1149)
	at java.util.concurrent.ThreadPoolExecutor$Worker.run(ThreadPoolExecutor.java:624)
	... 1 more
Caused by: org.apache.ratis.thirdparty.io.netty.channel.AbstractChannel$AnnotatedConnectException: Connection refused: /192.168.30.53:33785
	at sun.nio.ch.SocketChannelImpl.checkConnect(Native Method)
	at sun.nio.ch.SocketChannelImpl.finishConnect(SocketChannelImpl.java:717)
	at org.apache.ratis.thirdparty.io.netty.channel.socket.nio.NioSocketChannel.doFinishConnect(NioSocketChannel.java:327)
	at org.apache.ratis.thirdparty.io.netty.channel.nio.AbstractNioChannel$AbstractNioUnsafe.finishConnect(AbstractNioChannel.java:340)
	at org.apache.ratis.thirdparty.io.netty.channel.nio.NioEventLoop.processSelectedKey(NioEventLoop.java:632)
	at org.apache.ratis.thirdparty.io.netty.channel.nio.NioEventLoop.processSelectedKeysOptimized(NioEventLoop.java:579)
	at org.apache.ratis.thirdparty.io.netty.channel.nio.NioEventLoop.processSelectedKeys(NioEventLoop.java:496)
	at org.apache.ratis.thirdparty.io.netty.channel.nio.NioEventLoop.run(NioEventLoop.java:458)
	at org.apache.ratis.thirdparty.io.netty.util.concurrent.SingleThreadEventExecutor$5.run(SingleThreadEventExecutor.java:897)
	at org.apache.ratis.thirdparty.io.netty.util.concurrent.FastThreadLocalRunnable.run(FastThreadLocalRunnable.java:30)
	... 1 more
Caused by: java.net.ConnectException: Connection refused
	... 11 more
2019-10-02 10:56:44,659 [b25f22f8-54cc-4ffd-bfcd-179cc8cbd7fc@group-C476C2B24A7C-LeaderElection49] INFO  impl.RaftServerImpl (RaftServerImpl.java:setRole(170)) - b25f22f8-54cc-4ffd-bfcd-179cc8cbd7fc@group-C476C2B24A7C: changes role from CANDIDATE to FOLLOWER at term 5 for DISCOVERED_A_NEW_TERM
2019-10-02 10:56:44,660 [b25f22f8-54cc-4ffd-bfcd-179cc8cbd7fc@group-C476C2B24A7C-LeaderElection49] INFO  impl.RoleInfo (RoleInfo.java:shutdownLeaderElection(134)) - b25f22f8-54cc-4ffd-bfcd-179cc8cbd7fc: shutdown LeaderElection
2019-10-02 10:56:44,660 [b25f22f8-54cc-4ffd-bfcd-179cc8cbd7fc@group-C476C2B24A7C-LeaderElection49] INFO  impl.RoleInfo (RoleInfo.java:updateAndGet(143)) - b25f22f8-54cc-4ffd-bfcd-179cc8cbd7fc: start FollowerState
2019-10-02 10:56:44,671 [grpc-default-executor-1] WARN  server.GrpcLogAppender (LogUtils.java:warn(134)) - b25f22f8-54cc-4ffd-bfcd-179cc8cbd7fc@group-49987F7A8A7C->7df38282-3a3d-4206-964a-9b3301cd1d1f-AppendLogResponseHandler: Failed appendEntries: org.apache.ratis.thirdparty.io.grpc.StatusRuntimeException: UNAVAILABLE: io exception
2019-10-02 10:56:44,671 [grpc-default-executor-1] INFO  impl.FollowerInfo (FollowerInfo.java:lambda$new$0(51)) - b25f22f8-54cc-4ffd-bfcd-179cc8cbd7fc@group-49987F7A8A7C->7df38282-3a3d-4206-964a-9b3301cd1d1f: nextIndex: updateUnconditionally 0 -> 0
2019-10-02 10:56:44,855 [Thread-943] INFO  impl.FollowerState (FollowerState.java:run(108)) - b25f22f8-54cc-4ffd-bfcd-179cc8cbd7fc@group-6128F9235CFD-FollowerState: change to CANDIDATE, lastRpcTime:1188ms, electionTimeout:1188ms
2019-10-02 10:56:44,855 [Thread-943] INFO  impl.RoleInfo (RoleInfo.java:shutdownFollowerState(121)) - b25f22f8-54cc-4ffd-bfcd-179cc8cbd7fc: shutdown FollowerState
2019-10-02 10:56:44,855 [Thread-943] INFO  impl.RaftServerImpl (RaftServerImpl.java:setRole(170)) - b25f22f8-54cc-4ffd-bfcd-179cc8cbd7fc@group-6128F9235CFD: changes role from  FOLLOWER to CANDIDATE at term 2 for changeToCandidate
2019-10-02 10:56:44,856 [Thread-943] INFO  impl.RoleInfo (RoleInfo.java:updateAndGet(143)) - b25f22f8-54cc-4ffd-bfcd-179cc8cbd7fc: start LeaderElection
2019-10-02 10:56:44,880 [b25f22f8-54cc-4ffd-bfcd-179cc8cbd7fc@group-6128F9235CFD-LeaderElection50] INFO  impl.LeaderElection (LeaderElection.java:askForVotes(178)) - b25f22f8-54cc-4ffd-bfcd-179cc8cbd7fc@group-6128F9235CFD-LeaderElection50: begin an election at term 3 for 0: [d3dffc06-1d6a-4f7a-8294-c2dc8ce35b40:192.168.30.53:33785, 7df38282-3a3d-4206-964a-9b3301cd1d1f:192.168.30.53:34960, b25f22f8-54cc-4ffd-bfcd-179cc8cbd7fc:192.168.30.53:42549], old=null
2019-10-02 10:56:44,881 [b25f22f8-54cc-4ffd-bfcd-179cc8cbd7fc@group-6128F9235CFD-LeaderElection50] INFO  impl.LeaderElection (LogUtils.java:infoOrTrace(149)) - b25f22f8-54cc-4ffd-bfcd-179cc8cbd7fc@group-6128F9235CFD-LeaderElection50 got exception when requesting votes: {}
java.util.concurrent.ExecutionException: org.apache.ratis.thirdparty.io.grpc.StatusRuntimeException: UNAVAILABLE: io exception
	at java.util.concurrent.FutureTask.report(FutureTask.java:122)
	at java.util.concurrent.FutureTask.get(FutureTask.java:192)
	at org.apache.ratis.server.impl.LeaderElection.waitForResults(LeaderElection.java:259)
	at org.apache.ratis.server.impl.LeaderElection.askForVotes(LeaderElection.java:197)
	at org.apache.ratis.server.impl.LeaderElection.run(LeaderElection.java:133)
	at java.lang.Thread.run(Thread.java:748)
Caused by: org.apache.ratis.thirdparty.io.grpc.StatusRuntimeException: UNAVAILABLE: io exception
	at org.apache.ratis.thirdparty.io.grpc.stub.ClientCalls.toStatusRuntimeException(ClientCalls.java:233)
	at org.apache.ratis.thirdparty.io.grpc.stub.ClientCalls.getUnchecked(ClientCalls.java:214)
	at org.apache.ratis.thirdparty.io.grpc.stub.ClientCalls.blockingUnaryCall(ClientCalls.java:139)
	at org.apache.ratis.proto.grpc.RaftServerProtocolServiceGrpc$RaftServerProtocolServiceBlockingStub.requestVote(RaftServerProtocolServiceGrpc.java:265)
	at org.apache.ratis.grpc.server.GrpcServerProtocolClient.requestVote(GrpcServerProtocolClient.java:99)
	at org.apache.ratis.grpc.server.GrpcService.requestVote(GrpcService.java:204)
	at org.apache.ratis.server.impl.LeaderElection.lambda$submitRequests$1(LeaderElection.java:234)
	at java.util.concurrent.FutureTask.run(FutureTask.java:266)
	at java.util.concurrent.Executors$RunnableAdapter.call(Executors.java:511)
	at java.util.concurrent.FutureTask.run(FutureTask.java:266)
	at java.util.concurrent.ThreadPoolExecutor.runWorker(ThreadPoolExecutor.java:1149)
	at java.util.concurrent.ThreadPoolExecutor$Worker.run(ThreadPoolExecutor.java:624)
	... 1 more
Caused by: org.apache.ratis.thirdparty.io.netty.channel.AbstractChannel$AnnotatedConnectException: Connection refused: /192.168.30.53:33785
	at sun.nio.ch.SocketChannelImpl.checkConnect(Native Method)
	at sun.nio.ch.SocketChannelImpl.finishConnect(SocketChannelImpl.java:717)
	at org.apache.ratis.thirdparty.io.netty.channel.socket.nio.NioSocketChannel.doFinishConnect(NioSocketChannel.java:327)
	at org.apache.ratis.thirdparty.io.netty.channel.nio.AbstractNioChannel$AbstractNioUnsafe.finishConnect(AbstractNioChannel.java:340)
	at org.apache.ratis.thirdparty.io.netty.channel.nio.NioEventLoop.processSelectedKey(NioEventLoop.java:632)
	at org.apache.ratis.thirdparty.io.netty.channel.nio.NioEventLoop.processSelectedKeysOptimized(NioEventLoop.java:579)
	at org.apache.ratis.thirdparty.io.netty.channel.nio.NioEventLoop.processSelectedKeys(NioEventLoop.java:496)
	at org.apache.ratis.thirdparty.io.netty.channel.nio.NioEventLoop.run(NioEventLoop.java:458)
	at org.apache.ratis.thirdparty.io.netty.util.concurrent.SingleThreadEventExecutor$5.run(SingleThreadEventExecutor.java:897)
	at org.apache.ratis.thirdparty.io.netty.util.concurrent.FastThreadLocalRunnable.run(FastThreadLocalRunnable.java:30)
	... 1 more
Caused by: java.net.ConnectException: Connection refused
	... 11 more
2019-10-02 10:56:44,889 [b25f22f8-54cc-4ffd-bfcd-179cc8cbd7fc@group-6128F9235CFD-LeaderElection50] INFO  impl.LeaderElection (LogUtils.java:infoOrTrace(149)) - b25f22f8-54cc-4ffd-bfcd-179cc8cbd7fc@group-6128F9235CFD-LeaderElection50 got exception when requesting votes: {}
java.util.concurrent.ExecutionException: org.apache.ratis.thirdparty.io.grpc.StatusRuntimeException: UNAVAILABLE: io exception
	at java.util.concurrent.FutureTask.report(FutureTask.java:122)
	at java.util.concurrent.FutureTask.get(FutureTask.java:192)
	at org.apache.ratis.server.impl.LeaderElection.waitForResults(LeaderElection.java:259)
	at org.apache.ratis.server.impl.LeaderElection.askForVotes(LeaderElection.java:197)
	at org.apache.ratis.server.impl.LeaderElection.run(LeaderElection.java:133)
	at java.lang.Thread.run(Thread.java:748)
Caused by: org.apache.ratis.thirdparty.io.grpc.StatusRuntimeException: UNAVAILABLE: io exception
	at org.apache.ratis.thirdparty.io.grpc.stub.ClientCalls.toStatusRuntimeException(ClientCalls.java:233)
	at org.apache.ratis.thirdparty.io.grpc.stub.ClientCalls.getUnchecked(ClientCalls.java:214)
	at org.apache.ratis.thirdparty.io.grpc.stub.ClientCalls.blockingUnaryCall(ClientCalls.java:139)
	at org.apache.ratis.proto.grpc.RaftServerProtocolServiceGrpc$RaftServerProtocolServiceBlockingStub.requestVote(RaftServerProtocolServiceGrpc.java:265)
	at org.apache.ratis.grpc.server.GrpcServerProtocolClient.requestVote(GrpcServerProtocolClient.java:99)
	at org.apache.ratis.grpc.server.GrpcService.requestVote(GrpcService.java:204)
	at org.apache.ratis.server.impl.LeaderElection.lambda$submitRequests$1(LeaderElection.java:234)
	at java.util.concurrent.FutureTask.run(FutureTask.java:266)
	at java.util.concurrent.Executors$RunnableAdapter.call(Executors.java:511)
	at java.util.concurrent.FutureTask.run(FutureTask.java:266)
	at java.util.concurrent.ThreadPoolExecutor.runWorker(ThreadPoolExecutor.java:1149)
	at java.util.concurrent.ThreadPoolExecutor$Worker.run(ThreadPoolExecutor.java:624)
	... 1 more
Caused by: org.apache.ratis.thirdparty.io.netty.channel.AbstractChannel$AnnotatedConnectException: Connection refused: /192.168.30.53:34960
	at sun.nio.ch.SocketChannelImpl.checkConnect(Native Method)
	at sun.nio.ch.SocketChannelImpl.finishConnect(SocketChannelImpl.java:717)
	at org.apache.ratis.thirdparty.io.netty.channel.socket.nio.NioSocketChannel.doFinishConnect(NioSocketChannel.java:327)
	at org.apache.ratis.thirdparty.io.netty.channel.nio.AbstractNioChannel$AbstractNioUnsafe.finishConnect(AbstractNioChannel.java:340)
	at org.apache.ratis.thirdparty.io.netty.channel.nio.NioEventLoop.processSelectedKey(NioEventLoop.java:632)
	at org.apache.ratis.thirdparty.io.netty.channel.nio.NioEventLoop.processSelectedKeysOptimized(NioEventLoop.java:579)
	at org.apache.ratis.thirdparty.io.netty.channel.nio.NioEventLoop.processSelectedKeys(NioEventLoop.java:496)
	at org.apache.ratis.thirdparty.io.netty.channel.nio.NioEventLoop.run(NioEventLoop.java:458)
	at org.apache.ratis.thirdparty.io.netty.util.concurrent.SingleThreadEventExecutor$5.run(SingleThreadEventExecutor.java:897)
	at org.apache.ratis.thirdparty.io.netty.util.concurrent.FastThreadLocalRunnable.run(FastThreadLocalRunnable.java:30)
	... 1 more
Caused by: java.net.ConnectException: Connection refused
	... 11 more
2019-10-02 10:56:44,890 [b25f22f8-54cc-4ffd-bfcd-179cc8cbd7fc@group-6128F9235CFD-LeaderElection50] INFO  impl.LeaderElection (LeaderElection.java:logAndReturn(56)) - b25f22f8-54cc-4ffd-bfcd-179cc8cbd7fc@group-6128F9235CFD-LeaderElection50: Election REJECTED; received 0 response(s) [] and 2 exception(s); b25f22f8-54cc-4ffd-bfcd-179cc8cbd7fc@group-6128F9235CFD:t3, leader=null, voted=b25f22f8-54cc-4ffd-bfcd-179cc8cbd7fc, raftlog=b25f22f8-54cc-4ffd-bfcd-179cc8cbd7fc@group-6128F9235CFD-SegmentedRaftLog:OPENED:c0,f0,i0, conf=0: [d3dffc06-1d6a-4f7a-8294-c2dc8ce35b40:192.168.30.53:33785, 7df38282-3a3d-4206-964a-9b3301cd1d1f:192.168.30.53:34960, b25f22f8-54cc-4ffd-bfcd-179cc8cbd7fc:192.168.30.53:42549], old=null
2019-10-02 10:56:44,890 [b25f22f8-54cc-4ffd-bfcd-179cc8cbd7fc@group-6128F9235CFD-LeaderElection50] INFO  impl.LeaderElection (LogUtils.java:infoOrTrace(149)) -   Exception 0: {}
java.util.concurrent.ExecutionException: org.apache.ratis.thirdparty.io.grpc.StatusRuntimeException: UNAVAILABLE: io exception
	at java.util.concurrent.FutureTask.report(FutureTask.java:122)
	at java.util.concurrent.FutureTask.get(FutureTask.java:192)
	at org.apache.ratis.server.impl.LeaderElection.waitForResults(LeaderElection.java:259)
	at org.apache.ratis.server.impl.LeaderElection.askForVotes(LeaderElection.java:197)
	at org.apache.ratis.server.impl.LeaderElection.run(LeaderElection.java:133)
	at java.lang.Thread.run(Thread.java:748)
Caused by: org.apache.ratis.thirdparty.io.grpc.StatusRuntimeException: UNAVAILABLE: io exception
	at org.apache.ratis.thirdparty.io.grpc.stub.ClientCalls.toStatusRuntimeException(ClientCalls.java:233)
	at org.apache.ratis.thirdparty.io.grpc.stub.ClientCalls.getUnchecked(ClientCalls.java:214)
	at org.apache.ratis.thirdparty.io.grpc.stub.ClientCalls.blockingUnaryCall(ClientCalls.java:139)
	at org.apache.ratis.proto.grpc.RaftServerProtocolServiceGrpc$RaftServerProtocolServiceBlockingStub.requestVote(RaftServerProtocolServiceGrpc.java:265)
	at org.apache.ratis.grpc.server.GrpcServerProtocolClient.requestVote(GrpcServerProtocolClient.java:99)
	at org.apache.ratis.grpc.server.GrpcService.requestVote(GrpcService.java:204)
	at org.apache.ratis.server.impl.LeaderElection.lambda$submitRequests$1(LeaderElection.java:234)
	at java.util.concurrent.FutureTask.run(FutureTask.java:266)
	at java.util.concurrent.Executors$RunnableAdapter.call(Executors.java:511)
	at java.util.concurrent.FutureTask.run(FutureTask.java:266)
	at java.util.concurrent.ThreadPoolExecutor.runWorker(ThreadPoolExecutor.java:1149)
	at java.util.concurrent.ThreadPoolExecutor$Worker.run(ThreadPoolExecutor.java:624)
	... 1 more
Caused by: org.apache.ratis.thirdparty.io.netty.channel.AbstractChannel$AnnotatedConnectException: Connection refused: /192.168.30.53:33785
	at sun.nio.ch.SocketChannelImpl.checkConnect(Native Method)
	at sun.nio.ch.SocketChannelImpl.finishConnect(SocketChannelImpl.java:717)
	at org.apache.ratis.thirdparty.io.netty.channel.socket.nio.NioSocketChannel.doFinishConnect(NioSocketChannel.java:327)
	at org.apache.ratis.thirdparty.io.netty.channel.nio.AbstractNioChannel$AbstractNioUnsafe.finishConnect(AbstractNioChannel.java:340)
	at org.apache.ratis.thirdparty.io.netty.channel.nio.NioEventLoop.processSelectedKey(NioEventLoop.java:632)
	at org.apache.ratis.thirdparty.io.netty.channel.nio.NioEventLoop.processSelectedKeysOptimized(NioEventLoop.java:579)
	at org.apache.ratis.thirdparty.io.netty.channel.nio.NioEventLoop.processSelectedKeys(NioEventLoop.java:496)
	at org.apache.ratis.thirdparty.io.netty.channel.nio.NioEventLoop.run(NioEventLoop.java:458)
	at org.apache.ratis.thirdparty.io.netty.util.concurrent.SingleThreadEventExecutor$5.run(SingleThreadEventExecutor.java:897)
	at org.apache.ratis.thirdparty.io.netty.util.concurrent.FastThreadLocalRunnable.run(FastThreadLocalRunnable.java:30)
	... 1 more
Caused by: java.net.ConnectException: Connection refused
	... 11 more
2019-10-02 10:56:44,891 [b25f22f8-54cc-4ffd-bfcd-179cc8cbd7fc@group-6128F9235CFD-LeaderElection50] INFO  impl.LeaderElection (LogUtils.java:infoOrTrace(149)) -   Exception 1: {}
java.util.concurrent.ExecutionException: org.apache.ratis.thirdparty.io.grpc.StatusRuntimeException: UNAVAILABLE: io exception
	at java.util.concurrent.FutureTask.report(FutureTask.java:122)
	at java.util.concurrent.FutureTask.get(FutureTask.java:192)
	at org.apache.ratis.server.impl.LeaderElection.waitForResults(LeaderElection.java:259)
	at org.apache.ratis.server.impl.LeaderElection.askForVotes(LeaderElection.java:197)
	at org.apache.ratis.server.impl.LeaderElection.run(LeaderElection.java:133)
	at java.lang.Thread.run(Thread.java:748)
Caused by: org.apache.ratis.thirdparty.io.grpc.StatusRuntimeException: UNAVAILABLE: io exception
	at org.apache.ratis.thirdparty.io.grpc.stub.ClientCalls.toStatusRuntimeException(ClientCalls.java:233)
	at org.apache.ratis.thirdparty.io.grpc.stub.ClientCalls.getUnchecked(ClientCalls.java:214)
	at org.apache.ratis.thirdparty.io.grpc.stub.ClientCalls.blockingUnaryCall(ClientCalls.java:139)
	at org.apache.ratis.proto.grpc.RaftServerProtocolServiceGrpc$RaftServerProtocolServiceBlockingStub.requestVote(RaftServerProtocolServiceGrpc.java:265)
	at org.apache.ratis.grpc.server.GrpcServerProtocolClient.requestVote(GrpcServerProtocolClient.java:99)
	at org.apache.ratis.grpc.server.GrpcService.requestVote(GrpcService.java:204)
	at org.apache.ratis.server.impl.LeaderElection.lambda$submitRequests$1(LeaderElection.java:234)
	at java.util.concurrent.FutureTask.run(FutureTask.java:266)
	at java.util.concurrent.Executors$RunnableAdapter.call(Executors.java:511)
	at java.util.concurrent.FutureTask.run(FutureTask.java:266)
	at java.util.concurrent.ThreadPoolExecutor.runWorker(ThreadPoolExecutor.java:1149)
	at java.util.concurrent.ThreadPoolExecutor$Worker.run(ThreadPoolExecutor.java:624)
	... 1 more
Caused by: org.apache.ratis.thirdparty.io.netty.channel.AbstractChannel$AnnotatedConnectException: Connection refused: /192.168.30.53:34960
	at sun.nio.ch.SocketChannelImpl.checkConnect(Native Method)
	at sun.nio.ch.SocketChannelImpl.finishConnect(SocketChannelImpl.java:717)
	at org.apache.ratis.thirdparty.io.netty.channel.socket.nio.NioSocketChannel.doFinishConnect(NioSocketChannel.java:327)
	at org.apache.ratis.thirdparty.io.netty.channel.nio.AbstractNioChannel$AbstractNioUnsafe.finishConnect(AbstractNioChannel.java:340)
	at org.apache.ratis.thirdparty.io.netty.channel.nio.NioEventLoop.processSelectedKey(NioEventLoop.java:632)
	at org.apache.ratis.thirdparty.io.netty.channel.nio.NioEventLoop.processSelectedKeysOptimized(NioEventLoop.java:579)
	at org.apache.ratis.thirdparty.io.netty.channel.nio.NioEventLoop.processSelectedKeys(NioEventLoop.java:496)
	at org.apache.ratis.thirdparty.io.netty.channel.nio.NioEventLoop.run(NioEventLoop.java:458)
	at org.apache.ratis.thirdparty.io.netty.util.concurrent.SingleThreadEventExecutor$5.run(SingleThreadEventExecutor.java:897)
	at org.apache.ratis.thirdparty.io.netty.util.concurrent.FastThreadLocalRunnable.run(FastThreadLocalRunnable.java:30)
	... 1 more
Caused by: java.net.ConnectException: Connection refused
	... 11 more
2019-10-02 10:56:44,891 [b25f22f8-54cc-4ffd-bfcd-179cc8cbd7fc@group-6128F9235CFD-LeaderElection50] INFO  impl.RaftServerImpl (RaftServerImpl.java:setRole(170)) - b25f22f8-54cc-4ffd-bfcd-179cc8cbd7fc@group-6128F9235CFD: changes role from CANDIDATE to FOLLOWER at term 3 for DISCOVERED_A_NEW_TERM
2019-10-02 10:56:44,892 [b25f22f8-54cc-4ffd-bfcd-179cc8cbd7fc@group-6128F9235CFD-LeaderElection50] INFO  impl.RoleInfo (RoleInfo.java:shutdownLeaderElection(134)) - b25f22f8-54cc-4ffd-bfcd-179cc8cbd7fc: shutdown LeaderElection
2019-10-02 10:56:44,892 [b25f22f8-54cc-4ffd-bfcd-179cc8cbd7fc@group-6128F9235CFD-LeaderElection50] INFO  impl.RoleInfo (RoleInfo.java:updateAndGet(143)) - b25f22f8-54cc-4ffd-bfcd-179cc8cbd7fc: start FollowerState
2019-10-02 10:56:44,938 [Thread-947] INFO  impl.FollowerState (FollowerState.java:run(108)) - b25f22f8-54cc-4ffd-bfcd-179cc8cbd7fc@group-ABAF19C3FAB0-FollowerState: change to CANDIDATE, lastRpcTime:1084ms, electionTimeout:1084ms
2019-10-02 10:56:44,938 [Thread-947] INFO  impl.RoleInfo (RoleInfo.java:shutdownFollowerState(121)) - b25f22f8-54cc-4ffd-bfcd-179cc8cbd7fc: shutdown FollowerState
2019-10-02 10:56:44,938 [Thread-947] INFO  impl.RaftServerImpl (RaftServerImpl.java:setRole(170)) - b25f22f8-54cc-4ffd-bfcd-179cc8cbd7fc@group-ABAF19C3FAB0: changes role from  FOLLOWER to CANDIDATE at term 8 for changeToCandidate
2019-10-02 10:56:44,939 [Thread-947] INFO  impl.RoleInfo (RoleInfo.java:updateAndGet(143)) - b25f22f8-54cc-4ffd-bfcd-179cc8cbd7fc: start LeaderElection
2019-10-02 10:56:44,957 [grpc-default-executor-1] WARN  server.GrpcLogAppender (LogUtils.java:warn(134)) - b25f22f8-54cc-4ffd-bfcd-179cc8cbd7fc@group-6B83A71B3C43->d3dffc06-1d6a-4f7a-8294-c2dc8ce35b40-AppendLogResponseHandler: Failed appendEntries: org.apache.ratis.thirdparty.io.grpc.StatusRuntimeException: UNAVAILABLE: io exception
2019-10-02 10:56:44,957 [grpc-default-executor-1] INFO  impl.FollowerInfo (FollowerInfo.java:lambda$new$0(51)) - b25f22f8-54cc-4ffd-bfcd-179cc8cbd7fc@group-6B83A71B3C43->d3dffc06-1d6a-4f7a-8294-c2dc8ce35b40: nextIndex: updateUnconditionally 0 -> 0
2019-10-02 10:56:44,964 [b25f22f8-54cc-4ffd-bfcd-179cc8cbd7fc@group-ABAF19C3FAB0-LeaderElection51] INFO  impl.LeaderElection (LeaderElection.java:askForVotes(178)) - b25f22f8-54cc-4ffd-bfcd-179cc8cbd7fc@group-ABAF19C3FAB0-LeaderElection51: begin an election at term 9 for 1: [d3dffc06-1d6a-4f7a-8294-c2dc8ce35b40:192.168.30.53:33785, 7df38282-3a3d-4206-964a-9b3301cd1d1f:192.168.30.53:34960, b25f22f8-54cc-4ffd-bfcd-179cc8cbd7fc:192.168.30.53:42549], old=null
2019-10-02 10:56:44,965 [b25f22f8-54cc-4ffd-bfcd-179cc8cbd7fc@group-ABAF19C3FAB0-LeaderElection51] INFO  impl.LeaderElection (LogUtils.java:infoOrTrace(149)) - b25f22f8-54cc-4ffd-bfcd-179cc8cbd7fc@group-ABAF19C3FAB0-LeaderElection51 got exception when requesting votes: {}
java.util.concurrent.ExecutionException: org.apache.ratis.thirdparty.io.grpc.StatusRuntimeException: UNAVAILABLE: io exception
	at java.util.concurrent.FutureTask.report(FutureTask.java:122)
	at java.util.concurrent.FutureTask.get(FutureTask.java:192)
	at org.apache.ratis.server.impl.LeaderElection.waitForResults(LeaderElection.java:259)
	at org.apache.ratis.server.impl.LeaderElection.askForVotes(LeaderElection.java:197)
	at org.apache.ratis.server.impl.LeaderElection.run(LeaderElection.java:133)
	at java.lang.Thread.run(Thread.java:748)
Caused by: org.apache.ratis.thirdparty.io.grpc.StatusRuntimeException: UNAVAILABLE: io exception
	at org.apache.ratis.thirdparty.io.grpc.stub.ClientCalls.toStatusRuntimeException(ClientCalls.java:233)
	at org.apache.ratis.thirdparty.io.grpc.stub.ClientCalls.getUnchecked(ClientCalls.java:214)
	at org.apache.ratis.thirdparty.io.grpc.stub.ClientCalls.blockingUnaryCall(ClientCalls.java:139)
	at org.apache.ratis.proto.grpc.RaftServerProtocolServiceGrpc$RaftServerProtocolServiceBlockingStub.requestVote(RaftServerProtocolServiceGrpc.java:265)
	at org.apache.ratis.grpc.server.GrpcServerProtocolClient.requestVote(GrpcServerProtocolClient.java:99)
	at org.apache.ratis.grpc.server.GrpcService.requestVote(GrpcService.java:204)
	at org.apache.ratis.server.impl.LeaderElection.lambda$submitRequests$1(LeaderElection.java:234)
	at java.util.concurrent.FutureTask.run(FutureTask.java:266)
	at java.util.concurrent.Executors$RunnableAdapter.call(Executors.java:511)
	at java.util.concurrent.FutureTask.run(FutureTask.java:266)
	at java.util.concurrent.ThreadPoolExecutor.runWorker(ThreadPoolExecutor.java:1149)
	at java.util.concurrent.ThreadPoolExecutor$Worker.run(ThreadPoolExecutor.java:624)
	... 1 more
Caused by: org.apache.ratis.thirdparty.io.netty.channel.AbstractChannel$AnnotatedConnectException: Connection refused: /192.168.30.53:34960
	at sun.nio.ch.SocketChannelImpl.checkConnect(Native Method)
	at sun.nio.ch.SocketChannelImpl.finishConnect(SocketChannelImpl.java:717)
	at org.apache.ratis.thirdparty.io.netty.channel.socket.nio.NioSocketChannel.doFinishConnect(NioSocketChannel.java:327)
	at org.apache.ratis.thirdparty.io.netty.channel.nio.AbstractNioChannel$AbstractNioUnsafe.finishConnect(AbstractNioChannel.java:340)
	at org.apache.ratis.thirdparty.io.netty.channel.nio.NioEventLoop.processSelectedKey(NioEventLoop.java:632)
	at org.apache.ratis.thirdparty.io.netty.channel.nio.NioEventLoop.processSelectedKeysOptimized(NioEventLoop.java:579)
	at org.apache.ratis.thirdparty.io.netty.channel.nio.NioEventLoop.processSelectedKeys(NioEventLoop.java:496)
	at org.apache.ratis.thirdparty.io.netty.channel.nio.NioEventLoop.run(NioEventLoop.java:458)
	at org.apache.ratis.thirdparty.io.netty.util.concurrent.SingleThreadEventExecutor$5.run(SingleThreadEventExecutor.java:897)
	at org.apache.ratis.thirdparty.io.netty.util.concurrent.FastThreadLocalRunnable.run(FastThreadLocalRunnable.java:30)
	... 1 more
Caused by: java.net.ConnectException: Connection refused
	... 11 more
2019-10-02 10:56:44,973 [b25f22f8-54cc-4ffd-bfcd-179cc8cbd7fc@group-ABAF19C3FAB0-LeaderElection51] INFO  impl.LeaderElection (LogUtils.java:infoOrTrace(149)) - b25f22f8-54cc-4ffd-bfcd-179cc8cbd7fc@group-ABAF19C3FAB0-LeaderElection51 got exception when requesting votes: {}
java.util.concurrent.ExecutionException: org.apache.ratis.thirdparty.io.grpc.StatusRuntimeException: UNAVAILABLE: io exception
	at java.util.concurrent.FutureTask.report(FutureTask.java:122)
	at java.util.concurrent.FutureTask.get(FutureTask.java:192)
	at org.apache.ratis.server.impl.LeaderElection.waitForResults(LeaderElection.java:259)
	at org.apache.ratis.server.impl.LeaderElection.askForVotes(LeaderElection.java:197)
	at org.apache.ratis.server.impl.LeaderElection.run(LeaderElection.java:133)
	at java.lang.Thread.run(Thread.java:748)
Caused by: org.apache.ratis.thirdparty.io.grpc.StatusRuntimeException: UNAVAILABLE: io exception
	at org.apache.ratis.thirdparty.io.grpc.stub.ClientCalls.toStatusRuntimeException(ClientCalls.java:233)
	at org.apache.ratis.thirdparty.io.grpc.stub.ClientCalls.getUnchecked(ClientCalls.java:214)
	at org.apache.ratis.thirdparty.io.grpc.stub.ClientCalls.blockingUnaryCall(ClientCalls.java:139)
	at org.apache.ratis.proto.grpc.RaftServerProtocolServiceGrpc$RaftServerProtocolServiceBlockingStub.requestVote(RaftServerProtocolServiceGrpc.java:265)
	at org.apache.ratis.grpc.server.GrpcServerProtocolClient.requestVote(GrpcServerProtocolClient.java:99)
	at org.apache.ratis.grpc.server.GrpcService.requestVote(GrpcService.java:204)
	at org.apache.ratis.server.impl.LeaderElection.lambda$submitRequests$1(LeaderElection.java:234)
	at java.util.concurrent.FutureTask.run(FutureTask.java:266)
	at java.util.concurrent.Executors$RunnableAdapter.call(Executors.java:511)
	at java.util.concurrent.FutureTask.run(FutureTask.java:266)
	at java.util.concurrent.ThreadPoolExecutor.runWorker(ThreadPoolExecutor.java:1149)
	at java.util.concurrent.ThreadPoolExecutor$Worker.run(ThreadPoolExecutor.java:624)
	... 1 more
Caused by: org.apache.ratis.thirdparty.io.netty.channel.AbstractChannel$AnnotatedConnectException: Connection refused: /192.168.30.53:33785
	at sun.nio.ch.SocketChannelImpl.checkConnect(Native Method)
	at sun.nio.ch.SocketChannelImpl.finishConnect(SocketChannelImpl.java:717)
	at org.apache.ratis.thirdparty.io.netty.channel.socket.nio.NioSocketChannel.doFinishConnect(NioSocketChannel.java:327)
	at org.apache.ratis.thirdparty.io.netty.channel.nio.AbstractNioChannel$AbstractNioUnsafe.finishConnect(AbstractNioChannel.java:340)
	at org.apache.ratis.thirdparty.io.netty.channel.nio.NioEventLoop.processSelectedKey(NioEventLoop.java:632)
	at org.apache.ratis.thirdparty.io.netty.channel.nio.NioEventLoop.processSelectedKeysOptimized(NioEventLoop.java:579)
	at org.apache.ratis.thirdparty.io.netty.channel.nio.NioEventLoop.processSelectedKeys(NioEventLoop.java:496)
	at org.apache.ratis.thirdparty.io.netty.channel.nio.NioEventLoop.run(NioEventLoop.java:458)
	at org.apache.ratis.thirdparty.io.netty.util.concurrent.SingleThreadEventExecutor$5.run(SingleThreadEventExecutor.java:897)
	at org.apache.ratis.thirdparty.io.netty.util.concurrent.FastThreadLocalRunnable.run(FastThreadLocalRunnable.java:30)
	... 1 more
Caused by: java.net.ConnectException: Connection refused
	... 11 more
2019-10-02 10:56:44,974 [b25f22f8-54cc-4ffd-bfcd-179cc8cbd7fc@group-ABAF19C3FAB0-LeaderElection51] INFO  impl.LeaderElection (LeaderElection.java:logAndReturn(56)) - b25f22f8-54cc-4ffd-bfcd-179cc8cbd7fc@group-ABAF19C3FAB0-LeaderElection51: Election REJECTED; received 0 response(s) [] and 2 exception(s); b25f22f8-54cc-4ffd-bfcd-179cc8cbd7fc@group-ABAF19C3FAB0:t9, leader=null, voted=b25f22f8-54cc-4ffd-bfcd-179cc8cbd7fc, raftlog=b25f22f8-54cc-4ffd-bfcd-179cc8cbd7fc@group-ABAF19C3FAB0-SegmentedRaftLog:OPENED:c2,f2,i2, conf=1: [d3dffc06-1d6a-4f7a-8294-c2dc8ce35b40:192.168.30.53:33785, 7df38282-3a3d-4206-964a-9b3301cd1d1f:192.168.30.53:34960, b25f22f8-54cc-4ffd-bfcd-179cc8cbd7fc:192.168.30.53:42549], old=null
2019-10-02 10:56:44,974 [b25f22f8-54cc-4ffd-bfcd-179cc8cbd7fc@group-ABAF19C3FAB0-LeaderElection51] INFO  impl.LeaderElection (LogUtils.java:infoOrTrace(149)) -   Exception 0: {}
java.util.concurrent.ExecutionException: org.apache.ratis.thirdparty.io.grpc.StatusRuntimeException: UNAVAILABLE: io exception
	at java.util.concurrent.FutureTask.report(FutureTask.java:122)
	at java.util.concurrent.FutureTask.get(FutureTask.java:192)
	at org.apache.ratis.server.impl.LeaderElection.waitForResults(LeaderElection.java:259)
	at org.apache.ratis.server.impl.LeaderElection.askForVotes(LeaderElection.java:197)
	at org.apache.ratis.server.impl.LeaderElection.run(LeaderElection.java:133)
	at java.lang.Thread.run(Thread.java:748)
Caused by: org.apache.ratis.thirdparty.io.grpc.StatusRuntimeException: UNAVAILABLE: io exception
	at org.apache.ratis.thirdparty.io.grpc.stub.ClientCalls.toStatusRuntimeException(ClientCalls.java:233)
	at org.apache.ratis.thirdparty.io.grpc.stub.ClientCalls.getUnchecked(ClientCalls.java:214)
	at org.apache.ratis.thirdparty.io.grpc.stub.ClientCalls.blockingUnaryCall(ClientCalls.java:139)
	at org.apache.ratis.proto.grpc.RaftServerProtocolServiceGrpc$RaftServerProtocolServiceBlockingStub.requestVote(RaftServerProtocolServiceGrpc.java:265)
	at org.apache.ratis.grpc.server.GrpcServerProtocolClient.requestVote(GrpcServerProtocolClient.java:99)
	at org.apache.ratis.grpc.server.GrpcService.requestVote(GrpcService.java:204)
	at org.apache.ratis.server.impl.LeaderElection.lambda$submitRequests$1(LeaderElection.java:234)
	at java.util.concurrent.FutureTask.run(FutureTask.java:266)
	at java.util.concurrent.Executors$RunnableAdapter.call(Executors.java:511)
	at java.util.concurrent.FutureTask.run(FutureTask.java:266)
	at java.util.concurrent.ThreadPoolExecutor.runWorker(ThreadPoolExecutor.java:1149)
	at java.util.concurrent.ThreadPoolExecutor$Worker.run(ThreadPoolExecutor.java:624)
	... 1 more
Caused by: org.apache.ratis.thirdparty.io.netty.channel.AbstractChannel$AnnotatedConnectException: Connection refused: /192.168.30.53:34960
	at sun.nio.ch.SocketChannelImpl.checkConnect(Native Method)
	at sun.nio.ch.SocketChannelImpl.finishConnect(SocketChannelImpl.java:717)
	at org.apache.ratis.thirdparty.io.netty.channel.socket.nio.NioSocketChannel.doFinishConnect(NioSocketChannel.java:327)
	at org.apache.ratis.thirdparty.io.netty.channel.nio.AbstractNioChannel$AbstractNioUnsafe.finishConnect(AbstractNioChannel.java:340)
	at org.apache.ratis.thirdparty.io.netty.channel.nio.NioEventLoop.processSelectedKey(NioEventLoop.java:632)
	at org.apache.ratis.thirdparty.io.netty.channel.nio.NioEventLoop.processSelectedKeysOptimized(NioEventLoop.java:579)
	at org.apache.ratis.thirdparty.io.netty.channel.nio.NioEventLoop.processSelectedKeys(NioEventLoop.java:496)
	at org.apache.ratis.thirdparty.io.netty.channel.nio.NioEventLoop.run(NioEventLoop.java:458)
	at org.apache.ratis.thirdparty.io.netty.util.concurrent.SingleThreadEventExecutor$5.run(SingleThreadEventExecutor.java:897)
	at org.apache.ratis.thirdparty.io.netty.util.concurrent.FastThreadLocalRunnable.run(FastThreadLocalRunnable.java:30)
	... 1 more
Caused by: java.net.ConnectException: Connection refused
	... 11 more
2019-10-02 10:56:44,974 [b25f22f8-54cc-4ffd-bfcd-179cc8cbd7fc@group-ABAF19C3FAB0-LeaderElection51] INFO  impl.LeaderElection (LogUtils.java:infoOrTrace(149)) -   Exception 1: {}
java.util.concurrent.ExecutionException: org.apache.ratis.thirdparty.io.grpc.StatusRuntimeException: UNAVAILABLE: io exception
	at java.util.concurrent.FutureTask.report(FutureTask.java:122)
	at java.util.concurrent.FutureTask.get(FutureTask.java:192)
	at org.apache.ratis.server.impl.LeaderElection.waitForResults(LeaderElection.java:259)
	at org.apache.ratis.server.impl.LeaderElection.askForVotes(LeaderElection.java:197)
	at org.apache.ratis.server.impl.LeaderElection.run(LeaderElection.java:133)
	at java.lang.Thread.run(Thread.java:748)
Caused by: org.apache.ratis.thirdparty.io.grpc.StatusRuntimeException: UNAVAILABLE: io exception
	at org.apache.ratis.thirdparty.io.grpc.stub.ClientCalls.toStatusRuntimeException(ClientCalls.java:233)
	at org.apache.ratis.thirdparty.io.grpc.stub.ClientCalls.getUnchecked(ClientCalls.java:214)
	at org.apache.ratis.thirdparty.io.grpc.stub.ClientCalls.blockingUnaryCall(ClientCalls.java:139)
	at org.apache.ratis.proto.grpc.RaftServerProtocolServiceGrpc$RaftServerProtocolServiceBlockingStub.requestVote(RaftServerProtocolServiceGrpc.java:265)
	at org.apache.ratis.grpc.server.GrpcServerProtocolClient.requestVote(GrpcServerProtocolClient.java:99)
	at org.apache.ratis.grpc.server.GrpcService.requestVote(GrpcService.java:204)
	at org.apache.ratis.server.impl.LeaderElection.lambda$submitRequests$1(LeaderElection.java:234)
	at java.util.concurrent.FutureTask.run(FutureTask.java:266)
	at java.util.concurrent.Executors$RunnableAdapter.call(Executors.java:511)
	at java.util.concurrent.FutureTask.run(FutureTask.java:266)
	at java.util.concurrent.ThreadPoolExecutor.runWorker(ThreadPoolExecutor.java:1149)
	at java.util.concurrent.ThreadPoolExecutor$Worker.run(ThreadPoolExecutor.java:624)
	... 1 more
Caused by: org.apache.ratis.thirdparty.io.netty.channel.AbstractChannel$AnnotatedConnectException: Connection refused: /192.168.30.53:33785
	at sun.nio.ch.SocketChannelImpl.checkConnect(Native Method)
	at sun.nio.ch.SocketChannelImpl.finishConnect(SocketChannelImpl.java:717)
	at org.apache.ratis.thirdparty.io.netty.channel.socket.nio.NioSocketChannel.doFinishConnect(NioSocketChannel.java:327)
	at org.apache.ratis.thirdparty.io.netty.channel.nio.AbstractNioChannel$AbstractNioUnsafe.finishConnect(AbstractNioChannel.java:340)
	at org.apache.ratis.thirdparty.io.netty.channel.nio.NioEventLoop.processSelectedKey(NioEventLoop.java:632)
	at org.apache.ratis.thirdparty.io.netty.channel.nio.NioEventLoop.processSelectedKeysOptimized(NioEventLoop.java:579)
	at org.apache.ratis.thirdparty.io.netty.channel.nio.NioEventLoop.processSelectedKeys(NioEventLoop.java:496)
	at org.apache.ratis.thirdparty.io.netty.channel.nio.NioEventLoop.run(NioEventLoop.java:458)
	at org.apache.ratis.thirdparty.io.netty.util.concurrent.SingleThreadEventExecutor$5.run(SingleThreadEventExecutor.java:897)
	at org.apache.ratis.thirdparty.io.netty.util.concurrent.FastThreadLocalRunnable.run(FastThreadLocalRunnable.java:30)
	... 1 more
Caused by: java.net.ConnectException: Connection refused
	... 11 more
2019-10-02 10:56:44,975 [b25f22f8-54cc-4ffd-bfcd-179cc8cbd7fc@group-ABAF19C3FAB0-LeaderElection51] INFO  impl.RaftServerImpl (RaftServerImpl.java:setRole(170)) - b25f22f8-54cc-4ffd-bfcd-179cc8cbd7fc@group-ABAF19C3FAB0: changes role from CANDIDATE to FOLLOWER at term 9 for DISCOVERED_A_NEW_TERM
2019-10-02 10:56:44,975 [b25f22f8-54cc-4ffd-bfcd-179cc8cbd7fc@group-ABAF19C3FAB0-LeaderElection51] INFO  impl.RoleInfo (RoleInfo.java:shutdownLeaderElection(134)) - b25f22f8-54cc-4ffd-bfcd-179cc8cbd7fc: shutdown LeaderElection
2019-10-02 10:56:44,975 [b25f22f8-54cc-4ffd-bfcd-179cc8cbd7fc@group-ABAF19C3FAB0-LeaderElection51] INFO  impl.RoleInfo (RoleInfo.java:updateAndGet(143)) - b25f22f8-54cc-4ffd-bfcd-179cc8cbd7fc: start FollowerState
2019-10-02 10:56:44,977 [grpc-default-executor-1] WARN  server.GrpcLogAppender (LogUtils.java:warn(134)) - b25f22f8-54cc-4ffd-bfcd-179cc8cbd7fc@group-6B83A71B3C43->7df38282-3a3d-4206-964a-9b3301cd1d1f-AppendLogResponseHandler: Failed appendEntries: org.apache.ratis.thirdparty.io.grpc.StatusRuntimeException: UNAVAILABLE: io exception
2019-10-02 10:56:44,977 [grpc-default-executor-1] INFO  impl.FollowerInfo (FollowerInfo.java:lambda$new$0(51)) - b25f22f8-54cc-4ffd-bfcd-179cc8cbd7fc@group-6B83A71B3C43->7df38282-3a3d-4206-964a-9b3301cd1d1f: nextIndex: updateUnconditionally 0 -> 0
2019-10-02 10:56:45,109 [grpc-default-executor-1] WARN  server.GrpcLogAppender (LogUtils.java:warn(134)) - b25f22f8-54cc-4ffd-bfcd-179cc8cbd7fc@group-49987F7A8A7C->d3dffc06-1d6a-4f7a-8294-c2dc8ce35b40-AppendLogResponseHandler: Failed appendEntries: org.apache.ratis.thirdparty.io.grpc.StatusRuntimeException: UNAVAILABLE: io exception
2019-10-02 10:56:45,109 [grpc-default-executor-1] INFO  impl.FollowerInfo (FollowerInfo.java:lambda$new$0(51)) - b25f22f8-54cc-4ffd-bfcd-179cc8cbd7fc@group-49987F7A8A7C->d3dffc06-1d6a-4f7a-8294-c2dc8ce35b40: nextIndex: updateUnconditionally 0 -> 0
2019-10-02 10:56:45,160 [Thread-951] INFO  impl.FollowerState (FollowerState.java:run(108)) - b25f22f8-54cc-4ffd-bfcd-179cc8cbd7fc@group-1A77BEA84F5E-FollowerState: change to CANDIDATE, lastRpcTime:1098ms, electionTimeout:1098ms
2019-10-02 10:56:45,160 [Thread-951] INFO  impl.RoleInfo (RoleInfo.java:shutdownFollowerState(121)) - b25f22f8-54cc-4ffd-bfcd-179cc8cbd7fc: shutdown FollowerState
2019-10-02 10:56:45,160 [Thread-951] INFO  impl.RaftServerImpl (RaftServerImpl.java:setRole(170)) - b25f22f8-54cc-4ffd-bfcd-179cc8cbd7fc@group-1A77BEA84F5E: changes role from  FOLLOWER to CANDIDATE at term 2 for changeToCandidate
2019-10-02 10:56:45,160 [Thread-951] INFO  impl.RoleInfo (RoleInfo.java:updateAndGet(143)) - b25f22f8-54cc-4ffd-bfcd-179cc8cbd7fc: start LeaderElection
2019-10-02 10:56:45,174 [grpc-default-executor-7] WARN  server.GrpcLogAppender (LogUtils.java:warn(134)) - b25f22f8-54cc-4ffd-bfcd-179cc8cbd7fc@group-49987F7A8A7C->7df38282-3a3d-4206-964a-9b3301cd1d1f-AppendLogResponseHandler: Failed appendEntries: org.apache.ratis.thirdparty.io.grpc.StatusRuntimeException: UNAVAILABLE: io exception
2019-10-02 10:56:45,174 [grpc-default-executor-7] INFO  impl.FollowerInfo (FollowerInfo.java:lambda$new$0(51)) - b25f22f8-54cc-4ffd-bfcd-179cc8cbd7fc@group-49987F7A8A7C->7df38282-3a3d-4206-964a-9b3301cd1d1f: nextIndex: updateUnconditionally 0 -> 0
2019-10-02 10:56:45,176 [Thread-955] INFO  impl.FollowerState (FollowerState.java:run(108)) - b25f22f8-54cc-4ffd-bfcd-179cc8cbd7fc@group-BE47439FB225-FollowerState: change to CANDIDATE, lastRpcTime:1075ms, electionTimeout:1075ms
2019-10-02 10:56:45,177 [Thread-955] INFO  impl.RoleInfo (RoleInfo.java:shutdownFollowerState(121)) - b25f22f8-54cc-4ffd-bfcd-179cc8cbd7fc: shutdown FollowerState
2019-10-02 10:56:45,177 [Thread-955] INFO  impl.RaftServerImpl (RaftServerImpl.java:setRole(170)) - b25f22f8-54cc-4ffd-bfcd-179cc8cbd7fc@group-BE47439FB225: changes role from  FOLLOWER to CANDIDATE at term 2 for changeToCandidate
2019-10-02 10:56:45,177 [Thread-955] INFO  impl.RoleInfo (RoleInfo.java:updateAndGet(143)) - b25f22f8-54cc-4ffd-bfcd-179cc8cbd7fc: start LeaderElection
2019-10-02 10:56:45,190 [b25f22f8-54cc-4ffd-bfcd-179cc8cbd7fc@group-1A77BEA84F5E-LeaderElection52] INFO  impl.LeaderElection (LeaderElection.java:askForVotes(178)) - b25f22f8-54cc-4ffd-bfcd-179cc8cbd7fc@group-1A77BEA84F5E-LeaderElection52: begin an election at term 3 for 0: [d3dffc06-1d6a-4f7a-8294-c2dc8ce35b40:192.168.30.53:33785, 7df38282-3a3d-4206-964a-9b3301cd1d1f:192.168.30.53:34960, b25f22f8-54cc-4ffd-bfcd-179cc8cbd7fc:192.168.30.53:42549], old=null
2019-10-02 10:56:45,193 [b25f22f8-54cc-4ffd-bfcd-179cc8cbd7fc@group-1A77BEA84F5E-LeaderElection52] INFO  impl.LeaderElection (LogUtils.java:infoOrTrace(149)) - b25f22f8-54cc-4ffd-bfcd-179cc8cbd7fc@group-1A77BEA84F5E-LeaderElection52 got exception when requesting votes: {}
java.util.concurrent.ExecutionException: org.apache.ratis.thirdparty.io.grpc.StatusRuntimeException: UNAVAILABLE: io exception
	at java.util.concurrent.FutureTask.report(FutureTask.java:122)
	at java.util.concurrent.FutureTask.get(FutureTask.java:192)
	at org.apache.ratis.server.impl.LeaderElection.waitForResults(LeaderElection.java:259)
	at org.apache.ratis.server.impl.LeaderElection.askForVotes(LeaderElection.java:197)
	at org.apache.ratis.server.impl.LeaderElection.run(LeaderElection.java:133)
	at java.lang.Thread.run(Thread.java:748)
Caused by: org.apache.ratis.thirdparty.io.grpc.StatusRuntimeException: UNAVAILABLE: io exception
	at org.apache.ratis.thirdparty.io.grpc.stub.ClientCalls.toStatusRuntimeException(ClientCalls.java:233)
	at org.apache.ratis.thirdparty.io.grpc.stub.ClientCalls.getUnchecked(ClientCalls.java:214)
	at org.apache.ratis.thirdparty.io.grpc.stub.ClientCalls.blockingUnaryCall(ClientCalls.java:139)
	at org.apache.ratis.proto.grpc.RaftServerProtocolServiceGrpc$RaftServerProtocolServiceBlockingStub.requestVote(RaftServerProtocolServiceGrpc.java:265)
	at org.apache.ratis.grpc.server.GrpcServerProtocolClient.requestVote(GrpcServerProtocolClient.java:99)
	at org.apache.ratis.grpc.server.GrpcService.requestVote(GrpcService.java:204)
	at org.apache.ratis.server.impl.LeaderElection.lambda$submitRequests$1(LeaderElection.java:234)
	at java.util.concurrent.FutureTask.run(FutureTask.java:266)
	at java.util.concurrent.Executors$RunnableAdapter.call(Executors.java:511)
	at java.util.concurrent.FutureTask.run(FutureTask.java:266)
	at java.util.concurrent.ThreadPoolExecutor.runWorker(ThreadPoolExecutor.java:1149)
	at java.util.concurrent.ThreadPoolExecutor$Worker.run(ThreadPoolExecutor.java:624)
	... 1 more
Caused by: org.apache.ratis.thirdparty.io.netty.channel.AbstractChannel$AnnotatedConnectException: Connection refused: /192.168.30.53:33785
	at sun.nio.ch.SocketChannelImpl.checkConnect(Native Method)
	at sun.nio.ch.SocketChannelImpl.finishConnect(SocketChannelImpl.java:717)
	at org.apache.ratis.thirdparty.io.netty.channel.socket.nio.NioSocketChannel.doFinishConnect(NioSocketChannel.java:327)
	at org.apache.ratis.thirdparty.io.netty.channel.nio.AbstractNioChannel$AbstractNioUnsafe.finishConnect(AbstractNioChannel.java:340)
	at org.apache.ratis.thirdparty.io.netty.channel.nio.NioEventLoop.processSelectedKey(NioEventLoop.java:632)
	at org.apache.ratis.thirdparty.io.netty.channel.nio.NioEventLoop.processSelectedKeysOptimized(NioEventLoop.java:579)
	at org.apache.ratis.thirdparty.io.netty.channel.nio.NioEventLoop.processSelectedKeys(NioEventLoop.java:496)
	at org.apache.ratis.thirdparty.io.netty.channel.nio.NioEventLoop.run(NioEventLoop.java:458)
	at org.apache.ratis.thirdparty.io.netty.util.concurrent.SingleThreadEventExecutor$5.run(SingleThreadEventExecutor.java:897)
	at org.apache.ratis.thirdparty.io.netty.util.concurrent.FastThreadLocalRunnable.run(FastThreadLocalRunnable.java:30)
	... 1 more
Caused by: java.net.ConnectException: Connection refused
	... 11 more
2019-10-02 10:56:45,193 [b25f22f8-54cc-4ffd-bfcd-179cc8cbd7fc@group-1A77BEA84F5E-LeaderElection52] INFO  impl.LeaderElection (LogUtils.java:infoOrTrace(149)) - b25f22f8-54cc-4ffd-bfcd-179cc8cbd7fc@group-1A77BEA84F5E-LeaderElection52 got exception when requesting votes: {}
java.util.concurrent.ExecutionException: org.apache.ratis.thirdparty.io.grpc.StatusRuntimeException: UNAVAILABLE: io exception
	at java.util.concurrent.FutureTask.report(FutureTask.java:122)
	at java.util.concurrent.FutureTask.get(FutureTask.java:192)
	at org.apache.ratis.server.impl.LeaderElection.waitForResults(LeaderElection.java:259)
	at org.apache.ratis.server.impl.LeaderElection.askForVotes(LeaderElection.java:197)
	at org.apache.ratis.server.impl.LeaderElection.run(LeaderElection.java:133)
	at java.lang.Thread.run(Thread.java:748)
Caused by: org.apache.ratis.thirdparty.io.grpc.StatusRuntimeException: UNAVAILABLE: io exception
	at org.apache.ratis.thirdparty.io.grpc.stub.ClientCalls.toStatusRuntimeException(ClientCalls.java:233)
	at org.apache.ratis.thirdparty.io.grpc.stub.ClientCalls.getUnchecked(ClientCalls.java:214)
	at org.apache.ratis.thirdparty.io.grpc.stub.ClientCalls.blockingUnaryCall(ClientCalls.java:139)
	at org.apache.ratis.proto.grpc.RaftServerProtocolServiceGrpc$RaftServerProtocolServiceBlockingStub.requestVote(RaftServerProtocolServiceGrpc.java:265)
	at org.apache.ratis.grpc.server.GrpcServerProtocolClient.requestVote(GrpcServerProtocolClient.java:99)
	at org.apache.ratis.grpc.server.GrpcService.requestVote(GrpcService.java:204)
	at org.apache.ratis.server.impl.LeaderElection.lambda$submitRequests$1(LeaderElection.java:234)
	at java.util.concurrent.FutureTask.run(FutureTask.java:266)
	at java.util.concurrent.Executors$RunnableAdapter.call(Executors.java:511)
	at java.util.concurrent.FutureTask.run(FutureTask.java:266)
	at java.util.concurrent.ThreadPoolExecutor.runWorker(ThreadPoolExecutor.java:1149)
	at java.util.concurrent.ThreadPoolExecutor$Worker.run(ThreadPoolExecutor.java:624)
	... 1 more
Caused by: org.apache.ratis.thirdparty.io.netty.channel.AbstractChannel$AnnotatedConnectException: Connection refused: /192.168.30.53:34960
	at sun.nio.ch.SocketChannelImpl.checkConnect(Native Method)
	at sun.nio.ch.SocketChannelImpl.finishConnect(SocketChannelImpl.java:717)
	at org.apache.ratis.thirdparty.io.netty.channel.socket.nio.NioSocketChannel.doFinishConnect(NioSocketChannel.java:327)
	at org.apache.ratis.thirdparty.io.netty.channel.nio.AbstractNioChannel$AbstractNioUnsafe.finishConnect(AbstractNioChannel.java:340)
	at org.apache.ratis.thirdparty.io.netty.channel.nio.NioEventLoop.processSelectedKey(NioEventLoop.java:632)
	at org.apache.ratis.thirdparty.io.netty.channel.nio.NioEventLoop.processSelectedKeysOptimized(NioEventLoop.java:579)
	at org.apache.ratis.thirdparty.io.netty.channel.nio.NioEventLoop.processSelectedKeys(NioEventLoop.java:496)
	at org.apache.ratis.thirdparty.io.netty.channel.nio.NioEventLoop.run(NioEventLoop.java:458)
	at org.apache.ratis.thirdparty.io.netty.util.concurrent.SingleThreadEventExecutor$5.run(SingleThreadEventExecutor.java:897)
	at org.apache.ratis.thirdparty.io.netty.util.concurrent.FastThreadLocalRunnable.run(FastThreadLocalRunnable.java:30)
	... 1 more
Caused by: java.net.ConnectException: Connection refused
	... 11 more
2019-10-02 10:56:45,194 [b25f22f8-54cc-4ffd-bfcd-179cc8cbd7fc@group-1A77BEA84F5E-LeaderElection52] INFO  impl.LeaderElection (LeaderElection.java:logAndReturn(56)) - b25f22f8-54cc-4ffd-bfcd-179cc8cbd7fc@group-1A77BEA84F5E-LeaderElection52: Election REJECTED; received 0 response(s) [] and 2 exception(s); b25f22f8-54cc-4ffd-bfcd-179cc8cbd7fc@group-1A77BEA84F5E:t3, leader=null, voted=b25f22f8-54cc-4ffd-bfcd-179cc8cbd7fc, raftlog=b25f22f8-54cc-4ffd-bfcd-179cc8cbd7fc@group-1A77BEA84F5E-SegmentedRaftLog:OPENED:c0,f0,i0, conf=0: [d3dffc06-1d6a-4f7a-8294-c2dc8ce35b40:192.168.30.53:33785, 7df38282-3a3d-4206-964a-9b3301cd1d1f:192.168.30.53:34960, b25f22f8-54cc-4ffd-bfcd-179cc8cbd7fc:192.168.30.53:42549], old=null
2019-10-02 10:56:45,194 [b25f22f8-54cc-4ffd-bfcd-179cc8cbd7fc@group-1A77BEA84F5E-LeaderElection52] INFO  impl.LeaderElection (LogUtils.java:infoOrTrace(149)) -   Exception 0: {}
java.util.concurrent.ExecutionException: org.apache.ratis.thirdparty.io.grpc.StatusRuntimeException: UNAVAILABLE: io exception
	at java.util.concurrent.FutureTask.report(FutureTask.java:122)
	at java.util.concurrent.FutureTask.get(FutureTask.java:192)
	at org.apache.ratis.server.impl.LeaderElection.waitForResults(LeaderElection.java:259)
	at org.apache.ratis.server.impl.LeaderElection.askForVotes(LeaderElection.java:197)
	at org.apache.ratis.server.impl.LeaderElection.run(LeaderElection.java:133)
	at java.lang.Thread.run(Thread.java:748)
Caused by: org.apache.ratis.thirdparty.io.grpc.StatusRuntimeException: UNAVAILABLE: io exception
	at org.apache.ratis.thirdparty.io.grpc.stub.ClientCalls.toStatusRuntimeException(ClientCalls.java:233)
	at org.apache.ratis.thirdparty.io.grpc.stub.ClientCalls.getUnchecked(ClientCalls.java:214)
	at org.apache.ratis.thirdparty.io.grpc.stub.ClientCalls.blockingUnaryCall(ClientCalls.java:139)
	at org.apache.ratis.proto.grpc.RaftServerProtocolServiceGrpc$RaftServerProtocolServiceBlockingStub.requestVote(RaftServerProtocolServiceGrpc.java:265)
	at org.apache.ratis.grpc.server.GrpcServerProtocolClient.requestVote(GrpcServerProtocolClient.java:99)
	at org.apache.ratis.grpc.server.GrpcService.requestVote(GrpcService.java:204)
	at org.apache.ratis.server.impl.LeaderElection.lambda$submitRequests$1(LeaderElection.java:234)
	at java.util.concurrent.FutureTask.run(FutureTask.java:266)
	at java.util.concurrent.Executors$RunnableAdapter.call(Executors.java:511)
	at java.util.concurrent.FutureTask.run(FutureTask.java:266)
	at java.util.concurrent.ThreadPoolExecutor.runWorker(ThreadPoolExecutor.java:1149)
	at java.util.concurrent.ThreadPoolExecutor$Worker.run(ThreadPoolExecutor.java:624)
	... 1 more
Caused by: org.apache.ratis.thirdparty.io.netty.channel.AbstractChannel$AnnotatedConnectException: Connection refused: /192.168.30.53:33785
	at sun.nio.ch.SocketChannelImpl.checkConnect(Native Method)
	at sun.nio.ch.SocketChannelImpl.finishConnect(SocketChannelImpl.java:717)
	at org.apache.ratis.thirdparty.io.netty.channel.socket.nio.NioSocketChannel.doFinishConnect(NioSocketChannel.java:327)
	at org.apache.ratis.thirdparty.io.netty.channel.nio.AbstractNioChannel$AbstractNioUnsafe.finishConnect(AbstractNioChannel.java:340)
	at org.apache.ratis.thirdparty.io.netty.channel.nio.NioEventLoop.processSelectedKey(NioEventLoop.java:632)
	at org.apache.ratis.thirdparty.io.netty.channel.nio.NioEventLoop.processSelectedKeysOptimized(NioEventLoop.java:579)
	at org.apache.ratis.thirdparty.io.netty.channel.nio.NioEventLoop.processSelectedKeys(NioEventLoop.java:496)
	at org.apache.ratis.thirdparty.io.netty.channel.nio.NioEventLoop.run(NioEventLoop.java:458)
	at org.apache.ratis.thirdparty.io.netty.util.concurrent.SingleThreadEventExecutor$5.run(SingleThreadEventExecutor.java:897)
	at org.apache.ratis.thirdparty.io.netty.util.concurrent.FastThreadLocalRunnable.run(FastThreadLocalRunnable.java:30)
	... 1 more
Caused by: java.net.ConnectException: Connection refused
	... 11 more
2019-10-02 10:56:45,194 [b25f22f8-54cc-4ffd-bfcd-179cc8cbd7fc@group-1A77BEA84F5E-LeaderElection52] INFO  impl.LeaderElection (LogUtils.java:infoOrTrace(149)) -   Exception 1: {}
java.util.concurrent.ExecutionException: org.apache.ratis.thirdparty.io.grpc.StatusRuntimeException: UNAVAILABLE: io exception
	at java.util.concurrent.FutureTask.report(FutureTask.java:122)
	at java.util.concurrent.FutureTask.get(FutureTask.java:192)
	at org.apache.ratis.server.impl.LeaderElection.waitForResults(LeaderElection.java:259)
	at org.apache.ratis.server.impl.LeaderElection.askForVotes(LeaderElection.java:197)
	at org.apache.ratis.server.impl.LeaderElection.run(LeaderElection.java:133)
	at java.lang.Thread.run(Thread.java:748)
Caused by: org.apache.ratis.thirdparty.io.grpc.StatusRuntimeException: UNAVAILABLE: io exception
	at org.apache.ratis.thirdparty.io.grpc.stub.ClientCalls.toStatusRuntimeException(ClientCalls.java:233)
	at org.apache.ratis.thirdparty.io.grpc.stub.ClientCalls.getUnchecked(ClientCalls.java:214)
	at org.apache.ratis.thirdparty.io.grpc.stub.ClientCalls.blockingUnaryCall(ClientCalls.java:139)
	at org.apache.ratis.proto.grpc.RaftServerProtocolServiceGrpc$RaftServerProtocolServiceBlockingStub.requestVote(RaftServerProtocolServiceGrpc.java:265)
	at org.apache.ratis.grpc.server.GrpcServerProtocolClient.requestVote(GrpcServerProtocolClient.java:99)
	at org.apache.ratis.grpc.server.GrpcService.requestVote(GrpcService.java:204)
	at org.apache.ratis.server.impl.LeaderElection.lambda$submitRequests$1(LeaderElection.java:234)
	at java.util.concurrent.FutureTask.run(FutureTask.java:266)
	at java.util.concurrent.Executors$RunnableAdapter.call(Executors.java:511)
	at java.util.concurrent.FutureTask.run(FutureTask.java:266)
	at java.util.concurrent.ThreadPoolExecutor.runWorker(ThreadPoolExecutor.java:1149)
	at java.util.concurrent.ThreadPoolExecutor$Worker.run(ThreadPoolExecutor.java:624)
	... 1 more
Caused by: org.apache.ratis.thirdparty.io.netty.channel.AbstractChannel$AnnotatedConnectException: Connection refused: /192.168.30.53:34960
	at sun.nio.ch.SocketChannelImpl.checkConnect(Native Method)
	at sun.nio.ch.SocketChannelImpl.finishConnect(SocketChannelImpl.java:717)
	at org.apache.ratis.thirdparty.io.netty.channel.socket.nio.NioSocketChannel.doFinishConnect(NioSocketChannel.java:327)
	at org.apache.ratis.thirdparty.io.netty.channel.nio.AbstractNioChannel$AbstractNioUnsafe.finishConnect(AbstractNioChannel.java:340)
	at org.apache.ratis.thirdparty.io.netty.channel.nio.NioEventLoop.processSelectedKey(NioEventLoop.java:632)
	at org.apache.ratis.thirdparty.io.netty.channel.nio.NioEventLoop.processSelectedKeysOptimized(NioEventLoop.java:579)
	at org.apache.ratis.thirdparty.io.netty.channel.nio.NioEventLoop.processSelectedKeys(NioEventLoop.java:496)
	at org.apache.ratis.thirdparty.io.netty.channel.nio.NioEventLoop.run(NioEventLoop.java:458)
	at org.apache.ratis.thirdparty.io.netty.util.concurrent.SingleThreadEventExecutor$5.run(SingleThreadEventExecutor.java:897)
	at org.apache.ratis.thirdparty.io.netty.util.concurrent.FastThreadLocalRunnable.run(FastThreadLocalRunnable.java:30)
	... 1 more
Caused by: java.net.ConnectException: Connection refused
	... 11 more
2019-10-02 10:56:45,195 [b25f22f8-54cc-4ffd-bfcd-179cc8cbd7fc@group-1A77BEA84F5E-LeaderElection52] INFO  impl.RaftServerImpl (RaftServerImpl.java:setRole(170)) - b25f22f8-54cc-4ffd-bfcd-179cc8cbd7fc@group-1A77BEA84F5E: changes role from CANDIDATE to FOLLOWER at term 3 for DISCOVERED_A_NEW_TERM
2019-10-02 10:56:45,195 [b25f22f8-54cc-4ffd-bfcd-179cc8cbd7fc@group-1A77BEA84F5E-LeaderElection52] INFO  impl.RoleInfo (RoleInfo.java:shutdownLeaderElection(134)) - b25f22f8-54cc-4ffd-bfcd-179cc8cbd7fc: shutdown LeaderElection
2019-10-02 10:56:45,195 [b25f22f8-54cc-4ffd-bfcd-179cc8cbd7fc@group-1A77BEA84F5E-LeaderElection52] INFO  impl.RoleInfo (RoleInfo.java:updateAndGet(143)) - b25f22f8-54cc-4ffd-bfcd-179cc8cbd7fc: start FollowerState
2019-10-02 10:56:45,208 [b25f22f8-54cc-4ffd-bfcd-179cc8cbd7fc@group-BE47439FB225-LeaderElection53] INFO  impl.LeaderElection (LeaderElection.java:askForVotes(178)) - b25f22f8-54cc-4ffd-bfcd-179cc8cbd7fc@group-BE47439FB225-LeaderElection53: begin an election at term 3 for 0: [d3dffc06-1d6a-4f7a-8294-c2dc8ce35b40:192.168.30.53:33785, 7df38282-3a3d-4206-964a-9b3301cd1d1f:192.168.30.53:34960, b25f22f8-54cc-4ffd-bfcd-179cc8cbd7fc:192.168.30.53:42549], old=null
2019-10-02 10:56:45,209 [b25f22f8-54cc-4ffd-bfcd-179cc8cbd7fc@group-BE47439FB225-LeaderElection53] INFO  impl.LeaderElection (LogUtils.java:infoOrTrace(149)) - b25f22f8-54cc-4ffd-bfcd-179cc8cbd7fc@group-BE47439FB225-LeaderElection53 got exception when requesting votes: {}
java.util.concurrent.ExecutionException: org.apache.ratis.thirdparty.io.grpc.StatusRuntimeException: UNAVAILABLE: io exception
	at java.util.concurrent.FutureTask.report(FutureTask.java:122)
	at java.util.concurrent.FutureTask.get(FutureTask.java:192)
	at org.apache.ratis.server.impl.LeaderElection.waitForResults(LeaderElection.java:259)
	at org.apache.ratis.server.impl.LeaderElection.askForVotes(LeaderElection.java:197)
	at org.apache.ratis.server.impl.LeaderElection.run(LeaderElection.java:133)
	at java.lang.Thread.run(Thread.java:748)
Caused by: org.apache.ratis.thirdparty.io.grpc.StatusRuntimeException: UNAVAILABLE: io exception
	at org.apache.ratis.thirdparty.io.grpc.stub.ClientCalls.toStatusRuntimeException(ClientCalls.java:233)
	at org.apache.ratis.thirdparty.io.grpc.stub.ClientCalls.getUnchecked(ClientCalls.java:214)
	at org.apache.ratis.thirdparty.io.grpc.stub.ClientCalls.blockingUnaryCall(ClientCalls.java:139)
	at org.apache.ratis.proto.grpc.RaftServerProtocolServiceGrpc$RaftServerProtocolServiceBlockingStub.requestVote(RaftServerProtocolServiceGrpc.java:265)
	at org.apache.ratis.grpc.server.GrpcServerProtocolClient.requestVote(GrpcServerProtocolClient.java:99)
	at org.apache.ratis.grpc.server.GrpcService.requestVote(GrpcService.java:204)
	at org.apache.ratis.server.impl.LeaderElection.lambda$submitRequests$1(LeaderElection.java:234)
	at java.util.concurrent.FutureTask.run(FutureTask.java:266)
	at java.util.concurrent.Executors$RunnableAdapter.call(Executors.java:511)
	at java.util.concurrent.FutureTask.run(FutureTask.java:266)
	at java.util.concurrent.ThreadPoolExecutor.runWorker(ThreadPoolExecutor.java:1149)
	at java.util.concurrent.ThreadPoolExecutor$Worker.run(ThreadPoolExecutor.java:624)
	... 1 more
Caused by: org.apache.ratis.thirdparty.io.netty.channel.AbstractChannel$AnnotatedConnectException: Connection refused: /192.168.30.53:33785
	at sun.nio.ch.SocketChannelImpl.checkConnect(Native Method)
	at sun.nio.ch.SocketChannelImpl.finishConnect(SocketChannelImpl.java:717)
	at org.apache.ratis.thirdparty.io.netty.channel.socket.nio.NioSocketChannel.doFinishConnect(NioSocketChannel.java:327)
	at org.apache.ratis.thirdparty.io.netty.channel.nio.AbstractNioChannel$AbstractNioUnsafe.finishConnect(AbstractNioChannel.java:340)
	at org.apache.ratis.thirdparty.io.netty.channel.nio.NioEventLoop.processSelectedKey(NioEventLoop.java:632)
	at org.apache.ratis.thirdparty.io.netty.channel.nio.NioEventLoop.processSelectedKeysOptimized(NioEventLoop.java:579)
	at org.apache.ratis.thirdparty.io.netty.channel.nio.NioEventLoop.processSelectedKeys(NioEventLoop.java:496)
	at org.apache.ratis.thirdparty.io.netty.channel.nio.NioEventLoop.run(NioEventLoop.java:458)
	at org.apache.ratis.thirdparty.io.netty.util.concurrent.SingleThreadEventExecutor$5.run(SingleThreadEventExecutor.java:897)
	at org.apache.ratis.thirdparty.io.netty.util.concurrent.FastThreadLocalRunnable.run(FastThreadLocalRunnable.java:30)
	... 1 more
Caused by: java.net.ConnectException: Connection refused
	... 11 more
2019-10-02 10:56:45,209 [b25f22f8-54cc-4ffd-bfcd-179cc8cbd7fc@group-BE47439FB225-LeaderElection53] INFO  impl.LeaderElection (LogUtils.java:infoOrTrace(149)) - b25f22f8-54cc-4ffd-bfcd-179cc8cbd7fc@group-BE47439FB225-LeaderElection53 got exception when requesting votes: {}
java.util.concurrent.ExecutionException: org.apache.ratis.thirdparty.io.grpc.StatusRuntimeException: UNAVAILABLE: io exception
	at java.util.concurrent.FutureTask.report(FutureTask.java:122)
	at java.util.concurrent.FutureTask.get(FutureTask.java:192)
	at org.apache.ratis.server.impl.LeaderElection.waitForResults(LeaderElection.java:259)
	at org.apache.ratis.server.impl.LeaderElection.askForVotes(LeaderElection.java:197)
	at org.apache.ratis.server.impl.LeaderElection.run(LeaderElection.java:133)
	at java.lang.Thread.run(Thread.java:748)
Caused by: org.apache.ratis.thirdparty.io.grpc.StatusRuntimeException: UNAVAILABLE: io exception
	at org.apache.ratis.thirdparty.io.grpc.stub.ClientCalls.toStatusRuntimeException(ClientCalls.java:233)
	at org.apache.ratis.thirdparty.io.grpc.stub.ClientCalls.getUnchecked(ClientCalls.java:214)
	at org.apache.ratis.thirdparty.io.grpc.stub.ClientCalls.blockingUnaryCall(ClientCalls.java:139)
	at org.apache.ratis.proto.grpc.RaftServerProtocolServiceGrpc$RaftServerProtocolServiceBlockingStub.requestVote(RaftServerProtocolServiceGrpc.java:265)
	at org.apache.ratis.grpc.server.GrpcServerProtocolClient.requestVote(GrpcServerProtocolClient.java:99)
	at org.apache.ratis.grpc.server.GrpcService.requestVote(GrpcService.java:204)
	at org.apache.ratis.server.impl.LeaderElection.lambda$submitRequests$1(LeaderElection.java:234)
	at java.util.concurrent.FutureTask.run(FutureTask.java:266)
	at java.util.concurrent.Executors$RunnableAdapter.call(Executors.java:511)
	at java.util.concurrent.FutureTask.run(FutureTask.java:266)
	at java.util.concurrent.ThreadPoolExecutor.runWorker(ThreadPoolExecutor.java:1149)
	at java.util.concurrent.ThreadPoolExecutor$Worker.run(ThreadPoolExecutor.java:624)
	... 1 more
Caused by: org.apache.ratis.thirdparty.io.netty.channel.AbstractChannel$AnnotatedConnectException: Connection refused: /192.168.30.53:34960
	at sun.nio.ch.SocketChannelImpl.checkConnect(Native Method)
	at sun.nio.ch.SocketChannelImpl.finishConnect(SocketChannelImpl.java:717)
	at org.apache.ratis.thirdparty.io.netty.channel.socket.nio.NioSocketChannel.doFinishConnect(NioSocketChannel.java:327)
	at org.apache.ratis.thirdparty.io.netty.channel.nio.AbstractNioChannel$AbstractNioUnsafe.finishConnect(AbstractNioChannel.java:340)
	at org.apache.ratis.thirdparty.io.netty.channel.nio.NioEventLoop.processSelectedKey(NioEventLoop.java:632)
	at org.apache.ratis.thirdparty.io.netty.channel.nio.NioEventLoop.processSelectedKeysOptimized(NioEventLoop.java:579)
	at org.apache.ratis.thirdparty.io.netty.channel.nio.NioEventLoop.processSelectedKeys(NioEventLoop.java:496)
	at org.apache.ratis.thirdparty.io.netty.channel.nio.NioEventLoop.run(NioEventLoop.java:458)
	at org.apache.ratis.thirdparty.io.netty.util.concurrent.SingleThreadEventExecutor$5.run(SingleThreadEventExecutor.java:897)
	at org.apache.ratis.thirdparty.io.netty.util.concurrent.FastThreadLocalRunnable.run(FastThreadLocalRunnable.java:30)
	... 1 more
Caused by: java.net.ConnectException: Connection refused
	... 11 more
2019-10-02 10:56:45,210 [b25f22f8-54cc-4ffd-bfcd-179cc8cbd7fc@group-BE47439FB225-LeaderElection53] INFO  impl.LeaderElection (LeaderElection.java:logAndReturn(56)) - b25f22f8-54cc-4ffd-bfcd-179cc8cbd7fc@group-BE47439FB225-LeaderElection53: Election REJECTED; received 0 response(s) [] and 2 exception(s); b25f22f8-54cc-4ffd-bfcd-179cc8cbd7fc@group-BE47439FB225:t3, leader=null, voted=b25f22f8-54cc-4ffd-bfcd-179cc8cbd7fc, raftlog=b25f22f8-54cc-4ffd-bfcd-179cc8cbd7fc@group-BE47439FB225-SegmentedRaftLog:OPENED:c0,f0,i0, conf=0: [d3dffc06-1d6a-4f7a-8294-c2dc8ce35b40:192.168.30.53:33785, 7df38282-3a3d-4206-964a-9b3301cd1d1f:192.168.30.53:34960, b25f22f8-54cc-4ffd-bfcd-179cc8cbd7fc:192.168.30.53:42549], old=null
2019-10-02 10:56:45,210 [b25f22f8-54cc-4ffd-bfcd-179cc8cbd7fc@group-BE47439FB225-LeaderElection53] INFO  impl.LeaderElection (LogUtils.java:infoOrTrace(149)) -   Exception 0: {}
java.util.concurrent.ExecutionException: org.apache.ratis.thirdparty.io.grpc.StatusRuntimeException: UNAVAILABLE: io exception
	at java.util.concurrent.FutureTask.report(FutureTask.java:122)
	at java.util.concurrent.FutureTask.get(FutureTask.java:192)
	at org.apache.ratis.server.impl.LeaderElection.waitForResults(LeaderElection.java:259)
	at org.apache.ratis.server.impl.LeaderElection.askForVotes(LeaderElection.java:197)
	at org.apache.ratis.server.impl.LeaderElection.run(LeaderElection.java:133)
	at java.lang.Thread.run(Thread.java:748)
Caused by: org.apache.ratis.thirdparty.io.grpc.StatusRuntimeException: UNAVAILABLE: io exception
	at org.apache.ratis.thirdparty.io.grpc.stub.ClientCalls.toStatusRuntimeException(ClientCalls.java:233)
	at org.apache.ratis.thirdparty.io.grpc.stub.ClientCalls.getUnchecked(ClientCalls.java:214)
	at org.apache.ratis.thirdparty.io.grpc.stub.ClientCalls.blockingUnaryCall(ClientCalls.java:139)
	at org.apache.ratis.proto.grpc.RaftServerProtocolServiceGrpc$RaftServerProtocolServiceBlockingStub.requestVote(RaftServerProtocolServiceGrpc.java:265)
	at org.apache.ratis.grpc.server.GrpcServerProtocolClient.requestVote(GrpcServerProtocolClient.java:99)
	at org.apache.ratis.grpc.server.GrpcService.requestVote(GrpcService.java:204)
	at org.apache.ratis.server.impl.LeaderElection.lambda$submitRequests$1(LeaderElection.java:234)
	at java.util.concurrent.FutureTask.run(FutureTask.java:266)
	at java.util.concurrent.Executors$RunnableAdapter.call(Executors.java:511)
	at java.util.concurrent.FutureTask.run(FutureTask.java:266)
	at java.util.concurrent.ThreadPoolExecutor.runWorker(ThreadPoolExecutor.java:1149)
	at java.util.concurrent.ThreadPoolExecutor$Worker.run(ThreadPoolExecutor.java:624)
	... 1 more
Caused by: org.apache.ratis.thirdparty.io.netty.channel.AbstractChannel$AnnotatedConnectException: Connection refused: /192.168.30.53:33785
	at sun.nio.ch.SocketChannelImpl.checkConnect(Native Method)
	at sun.nio.ch.SocketChannelImpl.finishConnect(SocketChannelImpl.java:717)
	at org.apache.ratis.thirdparty.io.netty.channel.socket.nio.NioSocketChannel.doFinishConnect(NioSocketChannel.java:327)
	at org.apache.ratis.thirdparty.io.netty.channel.nio.AbstractNioChannel$AbstractNioUnsafe.finishConnect(AbstractNioChannel.java:340)
	at org.apache.ratis.thirdparty.io.netty.channel.nio.NioEventLoop.processSelectedKey(NioEventLoop.java:632)
	at org.apache.ratis.thirdparty.io.netty.channel.nio.NioEventLoop.processSelectedKeysOptimized(NioEventLoop.java:579)
	at org.apache.ratis.thirdparty.io.netty.channel.nio.NioEventLoop.processSelectedKeys(NioEventLoop.java:496)
	at org.apache.ratis.thirdparty.io.netty.channel.nio.NioEventLoop.run(NioEventLoop.java:458)
	at org.apache.ratis.thirdparty.io.netty.util.concurrent.SingleThreadEventExecutor$5.run(SingleThreadEventExecutor.java:897)
	at org.apache.ratis.thirdparty.io.netty.util.concurrent.FastThreadLocalRunnable.run(FastThreadLocalRunnable.java:30)
	... 1 more
Caused by: java.net.ConnectException: Connection refused
	... 11 more
2019-10-02 10:56:45,211 [b25f22f8-54cc-4ffd-bfcd-179cc8cbd7fc@group-BE47439FB225-LeaderElection53] INFO  impl.LeaderElection (LogUtils.java:infoOrTrace(149)) -   Exception 1: {}
java.util.concurrent.ExecutionException: org.apache.ratis.thirdparty.io.grpc.StatusRuntimeException: UNAVAILABLE: io exception
	at java.util.concurrent.FutureTask.report(FutureTask.java:122)
	at java.util.concurrent.FutureTask.get(FutureTask.java:192)
	at org.apache.ratis.server.impl.LeaderElection.waitForResults(LeaderElection.java:259)
	at org.apache.ratis.server.impl.LeaderElection.askForVotes(LeaderElection.java:197)
	at org.apache.ratis.server.impl.LeaderElection.run(LeaderElection.java:133)
	at java.lang.Thread.run(Thread.java:748)
Caused by: org.apache.ratis.thirdparty.io.grpc.StatusRuntimeException: UNAVAILABLE: io exception
	at org.apache.ratis.thirdparty.io.grpc.stub.ClientCalls.toStatusRuntimeException(ClientCalls.java:233)
	at org.apache.ratis.thirdparty.io.grpc.stub.ClientCalls.getUnchecked(ClientCalls.java:214)
	at org.apache.ratis.thirdparty.io.grpc.stub.ClientCalls.blockingUnaryCall(ClientCalls.java:139)
	at org.apache.ratis.proto.grpc.RaftServerProtocolServiceGrpc$RaftServerProtocolServiceBlockingStub.requestVote(RaftServerProtocolServiceGrpc.java:265)
	at org.apache.ratis.grpc.server.GrpcServerProtocolClient.requestVote(GrpcServerProtocolClient.java:99)
	at org.apache.ratis.grpc.server.GrpcService.requestVote(GrpcService.java:204)
	at org.apache.ratis.server.impl.LeaderElection.lambda$submitRequests$1(LeaderElection.java:234)
	at java.util.concurrent.FutureTask.run(FutureTask.java:266)
	at java.util.concurrent.Executors$RunnableAdapter.call(Executors.java:511)
	at java.util.concurrent.FutureTask.run(FutureTask.java:266)
	at java.util.concurrent.ThreadPoolExecutor.runWorker(ThreadPoolExecutor.java:1149)
	at java.util.concurrent.ThreadPoolExecutor$Worker.run(ThreadPoolExecutor.java:624)
	... 1 more
Caused by: org.apache.ratis.thirdparty.io.netty.channel.AbstractChannel$AnnotatedConnectException: Connection refused: /192.168.30.53:34960
	at sun.nio.ch.SocketChannelImpl.checkConnect(Native Method)
	at sun.nio.ch.SocketChannelImpl.finishConnect(SocketChannelImpl.java:717)
	at org.apache.ratis.thirdparty.io.netty.channel.socket.nio.NioSocketChannel.doFinishConnect(NioSocketChannel.java:327)
	at org.apache.ratis.thirdparty.io.netty.channel.nio.AbstractNioChannel$AbstractNioUnsafe.finishConnect(AbstractNioChannel.java:340)
	at org.apache.ratis.thirdparty.io.netty.channel.nio.NioEventLoop.processSelectedKey(NioEventLoop.java:632)
	at org.apache.ratis.thirdparty.io.netty.channel.nio.NioEventLoop.processSelectedKeysOptimized(NioEventLoop.java:579)
	at org.apache.ratis.thirdparty.io.netty.channel.nio.NioEventLoop.processSelectedKeys(NioEventLoop.java:496)
	at org.apache.ratis.thirdparty.io.netty.channel.nio.NioEventLoop.run(NioEventLoop.java:458)
	at org.apache.ratis.thirdparty.io.netty.util.concurrent.SingleThreadEventExecutor$5.run(SingleThreadEventExecutor.java:897)
	at org.apache.ratis.thirdparty.io.netty.util.concurrent.FastThreadLocalRunnable.run(FastThreadLocalRunnable.java:30)
	... 1 more
Caused by: java.net.ConnectException: Connection refused
	... 11 more
2019-10-02 10:56:45,211 [b25f22f8-54cc-4ffd-bfcd-179cc8cbd7fc@group-BE47439FB225-LeaderElection53] INFO  impl.RaftServerImpl (RaftServerImpl.java:setRole(170)) - b25f22f8-54cc-4ffd-bfcd-179cc8cbd7fc@group-BE47439FB225: changes role from CANDIDATE to FOLLOWER at term 3 for DISCOVERED_A_NEW_TERM
2019-10-02 10:56:45,211 [b25f22f8-54cc-4ffd-bfcd-179cc8cbd7fc@group-BE47439FB225-LeaderElection53] INFO  impl.RoleInfo (RoleInfo.java:shutdownLeaderElection(134)) - b25f22f8-54cc-4ffd-bfcd-179cc8cbd7fc: shutdown LeaderElection
2019-10-02 10:56:45,212 [b25f22f8-54cc-4ffd-bfcd-179cc8cbd7fc@group-BE47439FB225-LeaderElection53] INFO  impl.RoleInfo (RoleInfo.java:updateAndGet(143)) - b25f22f8-54cc-4ffd-bfcd-179cc8cbd7fc: start FollowerState
2019-10-02 10:56:45,457 [grpc-default-executor-1] WARN  server.GrpcLogAppender (LogUtils.java:warn(134)) - b25f22f8-54cc-4ffd-bfcd-179cc8cbd7fc@group-6B83A71B3C43->d3dffc06-1d6a-4f7a-8294-c2dc8ce35b40-AppendLogResponseHandler: Failed appendEntries: org.apache.ratis.thirdparty.io.grpc.StatusRuntimeException: UNAVAILABLE: io exception
2019-10-02 10:56:45,458 [grpc-default-executor-1] INFO  impl.FollowerInfo (FollowerInfo.java:lambda$new$0(51)) - b25f22f8-54cc-4ffd-bfcd-179cc8cbd7fc@group-6B83A71B3C43->d3dffc06-1d6a-4f7a-8294-c2dc8ce35b40: nextIndex: updateUnconditionally 0 -> 0
2019-10-02 10:56:45,477 [grpc-default-executor-1] WARN  server.GrpcLogAppender (LogUtils.java:warn(134)) - b25f22f8-54cc-4ffd-bfcd-179cc8cbd7fc@group-6B83A71B3C43->7df38282-3a3d-4206-964a-9b3301cd1d1f-AppendLogResponseHandler: Failed appendEntries: org.apache.ratis.thirdparty.io.grpc.StatusRuntimeException: UNAVAILABLE: io exception
2019-10-02 10:56:45,478 [grpc-default-executor-1] INFO  impl.FollowerInfo (FollowerInfo.java:lambda$new$0(51)) - b25f22f8-54cc-4ffd-bfcd-179cc8cbd7fc@group-6B83A71B3C43->7df38282-3a3d-4206-964a-9b3301cd1d1f: nextIndex: updateUnconditionally 0 -> 0
2019-10-02 10:56:45,611 [grpc-default-executor-1] WARN  server.GrpcLogAppender (LogUtils.java:warn(134)) - b25f22f8-54cc-4ffd-bfcd-179cc8cbd7fc@group-49987F7A8A7C->d3dffc06-1d6a-4f7a-8294-c2dc8ce35b40-AppendLogResponseHandler: Failed appendEntries: org.apache.ratis.thirdparty.io.grpc.StatusRuntimeException: UNAVAILABLE: io exception
2019-10-02 10:56:45,612 [grpc-default-executor-1] INFO  impl.FollowerInfo (FollowerInfo.java:lambda$new$0(51)) - b25f22f8-54cc-4ffd-bfcd-179cc8cbd7fc@group-49987F7A8A7C->d3dffc06-1d6a-4f7a-8294-c2dc8ce35b40: nextIndex: updateUnconditionally 0 -> 0
2019-10-02 10:56:45,674 [grpc-default-executor-1] WARN  server.GrpcLogAppender (LogUtils.java:warn(134)) - b25f22f8-54cc-4ffd-bfcd-179cc8cbd7fc@group-49987F7A8A7C->7df38282-3a3d-4206-964a-9b3301cd1d1f-AppendLogResponseHandler: Failed appendEntries: org.apache.ratis.thirdparty.io.grpc.StatusRuntimeException: UNAVAILABLE: io exception
2019-10-02 10:56:45,674 [grpc-default-executor-1] INFO  impl.FollowerInfo (FollowerInfo.java:lambda$new$0(51)) - b25f22f8-54cc-4ffd-bfcd-179cc8cbd7fc@group-49987F7A8A7C->7df38282-3a3d-4206-964a-9b3301cd1d1f: nextIndex: updateUnconditionally 0 -> 0
2019-10-02 10:56:45,856 [Thread-959] INFO  impl.FollowerState (FollowerState.java:run(108)) - b25f22f8-54cc-4ffd-bfcd-179cc8cbd7fc@group-C476C2B24A7C-FollowerState: change to CANDIDATE, lastRpcTime:1196ms, electionTimeout:1196ms
2019-10-02 10:56:45,856 [Thread-959] INFO  impl.RoleInfo (RoleInfo.java:shutdownFollowerState(121)) - b25f22f8-54cc-4ffd-bfcd-179cc8cbd7fc: shutdown FollowerState
2019-10-02 10:56:45,857 [Thread-959] INFO  impl.RaftServerImpl (RaftServerImpl.java:setRole(170)) - b25f22f8-54cc-4ffd-bfcd-179cc8cbd7fc@group-C476C2B24A7C: changes role from  FOLLOWER to CANDIDATE at term 5 for changeToCandidate
2019-10-02 10:56:45,857 [Thread-959] INFO  impl.RoleInfo (RoleInfo.java:updateAndGet(143)) - b25f22f8-54cc-4ffd-bfcd-179cc8cbd7fc: start LeaderElection
2019-10-02 10:56:45,883 [b25f22f8-54cc-4ffd-bfcd-179cc8cbd7fc@group-C476C2B24A7C-LeaderElection54] INFO  impl.LeaderElection (LeaderElection.java:askForVotes(178)) - b25f22f8-54cc-4ffd-bfcd-179cc8cbd7fc@group-C476C2B24A7C-LeaderElection54: begin an election at term 6 for 1: [d3dffc06-1d6a-4f7a-8294-c2dc8ce35b40:192.168.30.53:33785, 7df38282-3a3d-4206-964a-9b3301cd1d1f:192.168.30.53:34960, b25f22f8-54cc-4ffd-bfcd-179cc8cbd7fc:192.168.30.53:42549], old=null
2019-10-02 10:56:45,887 [b25f22f8-54cc-4ffd-bfcd-179cc8cbd7fc@group-C476C2B24A7C-LeaderElection54] INFO  impl.LeaderElection (LogUtils.java:infoOrTrace(149)) - b25f22f8-54cc-4ffd-bfcd-179cc8cbd7fc@group-C476C2B24A7C-LeaderElection54 got exception when requesting votes: {}
java.util.concurrent.ExecutionException: org.apache.ratis.thirdparty.io.grpc.StatusRuntimeException: UNAVAILABLE: io exception
	at java.util.concurrent.FutureTask.report(FutureTask.java:122)
	at java.util.concurrent.FutureTask.get(FutureTask.java:192)
	at org.apache.ratis.server.impl.LeaderElection.waitForResults(LeaderElection.java:259)
	at org.apache.ratis.server.impl.LeaderElection.askForVotes(LeaderElection.java:197)
	at org.apache.ratis.server.impl.LeaderElection.run(LeaderElection.java:133)
	at java.lang.Thread.run(Thread.java:748)
Caused by: org.apache.ratis.thirdparty.io.grpc.StatusRuntimeException: UNAVAILABLE: io exception
	at org.apache.ratis.thirdparty.io.grpc.stub.ClientCalls.toStatusRuntimeException(ClientCalls.java:233)
	at org.apache.ratis.thirdparty.io.grpc.stub.ClientCalls.getUnchecked(ClientCalls.java:214)
	at org.apache.ratis.thirdparty.io.grpc.stub.ClientCalls.blockingUnaryCall(ClientCalls.java:139)
	at org.apache.ratis.proto.grpc.RaftServerProtocolServiceGrpc$RaftServerProtocolServiceBlockingStub.requestVote(RaftServerProtocolServiceGrpc.java:265)
	at org.apache.ratis.grpc.server.GrpcServerProtocolClient.requestVote(GrpcServerProtocolClient.java:99)
	at org.apache.ratis.grpc.server.GrpcService.requestVote(GrpcService.java:204)
	at org.apache.ratis.server.impl.LeaderElection.lambda$submitRequests$1(LeaderElection.java:234)
	at java.util.concurrent.FutureTask.run(FutureTask.java:266)
	at java.util.concurrent.Executors$RunnableAdapter.call(Executors.java:511)
	at java.util.concurrent.FutureTask.run(FutureTask.java:266)
	at java.util.concurrent.ThreadPoolExecutor.runWorker(ThreadPoolExecutor.java:1149)
	at java.util.concurrent.ThreadPoolExecutor$Worker.run(ThreadPoolExecutor.java:624)
	... 1 more
Caused by: org.apache.ratis.thirdparty.io.netty.channel.AbstractChannel$AnnotatedConnectException: Connection refused: /192.168.30.53:33785
	at sun.nio.ch.SocketChannelImpl.checkConnect(Native Method)
	at sun.nio.ch.SocketChannelImpl.finishConnect(SocketChannelImpl.java:717)
	at org.apache.ratis.thirdparty.io.netty.channel.socket.nio.NioSocketChannel.doFinishConnect(NioSocketChannel.java:327)
	at org.apache.ratis.thirdparty.io.netty.channel.nio.AbstractNioChannel$AbstractNioUnsafe.finishConnect(AbstractNioChannel.java:340)
	at org.apache.ratis.thirdparty.io.netty.channel.nio.NioEventLoop.processSelectedKey(NioEventLoop.java:632)
	at org.apache.ratis.thirdparty.io.netty.channel.nio.NioEventLoop.processSelectedKeysOptimized(NioEventLoop.java:579)
	at org.apache.ratis.thirdparty.io.netty.channel.nio.NioEventLoop.processSelectedKeys(NioEventLoop.java:496)
	at org.apache.ratis.thirdparty.io.netty.channel.nio.NioEventLoop.run(NioEventLoop.java:458)
	at org.apache.ratis.thirdparty.io.netty.util.concurrent.SingleThreadEventExecutor$5.run(SingleThreadEventExecutor.java:897)
	at org.apache.ratis.thirdparty.io.netty.util.concurrent.FastThreadLocalRunnable.run(FastThreadLocalRunnable.java:30)
	... 1 more
Caused by: java.net.ConnectException: Connection refused
	... 11 more
2019-10-02 10:56:45,887 [b25f22f8-54cc-4ffd-bfcd-179cc8cbd7fc@group-C476C2B24A7C-LeaderElection54] INFO  impl.LeaderElection (LogUtils.java:infoOrTrace(149)) - b25f22f8-54cc-4ffd-bfcd-179cc8cbd7fc@group-C476C2B24A7C-LeaderElection54 got exception when requesting votes: {}
java.util.concurrent.ExecutionException: org.apache.ratis.thirdparty.io.grpc.StatusRuntimeException: UNAVAILABLE: io exception
	at java.util.concurrent.FutureTask.report(FutureTask.java:122)
	at java.util.concurrent.FutureTask.get(FutureTask.java:192)
	at org.apache.ratis.server.impl.LeaderElection.waitForResults(LeaderElection.java:259)
	at org.apache.ratis.server.impl.LeaderElection.askForVotes(LeaderElection.java:197)
	at org.apache.ratis.server.impl.LeaderElection.run(LeaderElection.java:133)
	at java.lang.Thread.run(Thread.java:748)
Caused by: org.apache.ratis.thirdparty.io.grpc.StatusRuntimeException: UNAVAILABLE: io exception
	at org.apache.ratis.thirdparty.io.grpc.stub.ClientCalls.toStatusRuntimeException(ClientCalls.java:233)
	at org.apache.ratis.thirdparty.io.grpc.stub.ClientCalls.getUnchecked(ClientCalls.java:214)
	at org.apache.ratis.thirdparty.io.grpc.stub.ClientCalls.blockingUnaryCall(ClientCalls.java:139)
	at org.apache.ratis.proto.grpc.RaftServerProtocolServiceGrpc$RaftServerProtocolServiceBlockingStub.requestVote(RaftServerProtocolServiceGrpc.java:265)
	at org.apache.ratis.grpc.server.GrpcServerProtocolClient.requestVote(GrpcServerProtocolClient.java:99)
	at org.apache.ratis.grpc.server.GrpcService.requestVote(GrpcService.java:204)
	at org.apache.ratis.server.impl.LeaderElection.lambda$submitRequests$1(LeaderElection.java:234)
	at java.util.concurrent.FutureTask.run(FutureTask.java:266)
	at java.util.concurrent.Executors$RunnableAdapter.call(Executors.java:511)
	at java.util.concurrent.FutureTask.run(FutureTask.java:266)
	at java.util.concurrent.ThreadPoolExecutor.runWorker(ThreadPoolExecutor.java:1149)
	at java.util.concurrent.ThreadPoolExecutor$Worker.run(ThreadPoolExecutor.java:624)
	... 1 more
Caused by: org.apache.ratis.thirdparty.io.netty.channel.AbstractChannel$AnnotatedConnectException: Connection refused: /192.168.30.53:34960
	at sun.nio.ch.SocketChannelImpl.checkConnect(Native Method)
	at sun.nio.ch.SocketChannelImpl.finishConnect(SocketChannelImpl.java:717)
	at org.apache.ratis.thirdparty.io.netty.channel.socket.nio.NioSocketChannel.doFinishConnect(NioSocketChannel.java:327)
	at org.apache.ratis.thirdparty.io.netty.channel.nio.AbstractNioChannel$AbstractNioUnsafe.finishConnect(AbstractNioChannel.java:340)
	at org.apache.ratis.thirdparty.io.netty.channel.nio.NioEventLoop.processSelectedKey(NioEventLoop.java:632)
	at org.apache.ratis.thirdparty.io.netty.channel.nio.NioEventLoop.processSelectedKeysOptimized(NioEventLoop.java:579)
	at org.apache.ratis.thirdparty.io.netty.channel.nio.NioEventLoop.processSelectedKeys(NioEventLoop.java:496)
	at org.apache.ratis.thirdparty.io.netty.channel.nio.NioEventLoop.run(NioEventLoop.java:458)
	at org.apache.ratis.thirdparty.io.netty.util.concurrent.SingleThreadEventExecutor$5.run(SingleThreadEventExecutor.java:897)
	at org.apache.ratis.thirdparty.io.netty.util.concurrent.FastThreadLocalRunnable.run(FastThreadLocalRunnable.java:30)
	... 1 more
Caused by: java.net.ConnectException: Connection refused
	... 11 more
2019-10-02 10:56:45,888 [b25f22f8-54cc-4ffd-bfcd-179cc8cbd7fc@group-C476C2B24A7C-LeaderElection54] INFO  impl.LeaderElection (LeaderElection.java:logAndReturn(56)) - b25f22f8-54cc-4ffd-bfcd-179cc8cbd7fc@group-C476C2B24A7C-LeaderElection54: Election REJECTED; received 0 response(s) [] and 2 exception(s); b25f22f8-54cc-4ffd-bfcd-179cc8cbd7fc@group-C476C2B24A7C:t6, leader=null, voted=b25f22f8-54cc-4ffd-bfcd-179cc8cbd7fc, raftlog=b25f22f8-54cc-4ffd-bfcd-179cc8cbd7fc@group-C476C2B24A7C-SegmentedRaftLog:OPENED:c2,f2,i2, conf=1: [d3dffc06-1d6a-4f7a-8294-c2dc8ce35b40:192.168.30.53:33785, 7df38282-3a3d-4206-964a-9b3301cd1d1f:192.168.30.53:34960, b25f22f8-54cc-4ffd-bfcd-179cc8cbd7fc:192.168.30.53:42549], old=null
2019-10-02 10:56:45,888 [b25f22f8-54cc-4ffd-bfcd-179cc8cbd7fc@group-C476C2B24A7C-LeaderElection54] INFO  impl.LeaderElection (LogUtils.java:infoOrTrace(149)) -   Exception 0: {}
java.util.concurrent.ExecutionException: org.apache.ratis.thirdparty.io.grpc.StatusRuntimeException: UNAVAILABLE: io exception
	at java.util.concurrent.FutureTask.report(FutureTask.java:122)
	at java.util.concurrent.FutureTask.get(FutureTask.java:192)
	at org.apache.ratis.server.impl.LeaderElection.waitForResults(LeaderElection.java:259)
	at org.apache.ratis.server.impl.LeaderElection.askForVotes(LeaderElection.java:197)
	at org.apache.ratis.server.impl.LeaderElection.run(LeaderElection.java:133)
	at java.lang.Thread.run(Thread.java:748)
Caused by: org.apache.ratis.thirdparty.io.grpc.StatusRuntimeException: UNAVAILABLE: io exception
	at org.apache.ratis.thirdparty.io.grpc.stub.ClientCalls.toStatusRuntimeException(ClientCalls.java:233)
	at org.apache.ratis.thirdparty.io.grpc.stub.ClientCalls.getUnchecked(ClientCalls.java:214)
	at org.apache.ratis.thirdparty.io.grpc.stub.ClientCalls.blockingUnaryCall(ClientCalls.java:139)
	at org.apache.ratis.proto.grpc.RaftServerProtocolServiceGrpc$RaftServerProtocolServiceBlockingStub.requestVote(RaftServerProtocolServiceGrpc.java:265)
	at org.apache.ratis.grpc.server.GrpcServerProtocolClient.requestVote(GrpcServerProtocolClient.java:99)
	at org.apache.ratis.grpc.server.GrpcService.requestVote(GrpcService.java:204)
	at org.apache.ratis.server.impl.LeaderElection.lambda$submitRequests$1(LeaderElection.java:234)
	at java.util.concurrent.FutureTask.run(FutureTask.java:266)
	at java.util.concurrent.Executors$RunnableAdapter.call(Executors.java:511)
	at java.util.concurrent.FutureTask.run(FutureTask.java:266)
	at java.util.concurrent.ThreadPoolExecutor.runWorker(ThreadPoolExecutor.java:1149)
	at java.util.concurrent.ThreadPoolExecutor$Worker.run(ThreadPoolExecutor.java:624)
	... 1 more
Caused by: org.apache.ratis.thirdparty.io.netty.channel.AbstractChannel$AnnotatedConnectException: Connection refused: /192.168.30.53:33785
	at sun.nio.ch.SocketChannelImpl.checkConnect(Native Method)
	at sun.nio.ch.SocketChannelImpl.finishConnect(SocketChannelImpl.java:717)
	at org.apache.ratis.thirdparty.io.netty.channel.socket.nio.NioSocketChannel.doFinishConnect(NioSocketChannel.java:327)
	at org.apache.ratis.thirdparty.io.netty.channel.nio.AbstractNioChannel$AbstractNioUnsafe.finishConnect(AbstractNioChannel.java:340)
	at org.apache.ratis.thirdparty.io.netty.channel.nio.NioEventLoop.processSelectedKey(NioEventLoop.java:632)
	at org.apache.ratis.thirdparty.io.netty.channel.nio.NioEventLoop.processSelectedKeysOptimized(NioEventLoop.java:579)
	at org.apache.ratis.thirdparty.io.netty.channel.nio.NioEventLoop.processSelectedKeys(NioEventLoop.java:496)
	at org.apache.ratis.thirdparty.io.netty.channel.nio.NioEventLoop.run(NioEventLoop.java:458)
	at org.apache.ratis.thirdparty.io.netty.util.concurrent.SingleThreadEventExecutor$5.run(SingleThreadEventExecutor.java:897)
	at org.apache.ratis.thirdparty.io.netty.util.concurrent.FastThreadLocalRunnable.run(FastThreadLocalRunnable.java:30)
	... 1 more
Caused by: java.net.ConnectException: Connection refused
	... 11 more
2019-10-02 10:56:45,888 [b25f22f8-54cc-4ffd-bfcd-179cc8cbd7fc@group-C476C2B24A7C-LeaderElection54] INFO  impl.LeaderElection (LogUtils.java:infoOrTrace(149)) -   Exception 1: {}
java.util.concurrent.ExecutionException: org.apache.ratis.thirdparty.io.grpc.StatusRuntimeException: UNAVAILABLE: io exception
	at java.util.concurrent.FutureTask.report(FutureTask.java:122)
	at java.util.concurrent.FutureTask.get(FutureTask.java:192)
	at org.apache.ratis.server.impl.LeaderElection.waitForResults(LeaderElection.java:259)
	at org.apache.ratis.server.impl.LeaderElection.askForVotes(LeaderElection.java:197)
	at org.apache.ratis.server.impl.LeaderElection.run(LeaderElection.java:133)
	at java.lang.Thread.run(Thread.java:748)
Caused by: org.apache.ratis.thirdparty.io.grpc.StatusRuntimeException: UNAVAILABLE: io exception
	at org.apache.ratis.thirdparty.io.grpc.stub.ClientCalls.toStatusRuntimeException(ClientCalls.java:233)
	at org.apache.ratis.thirdparty.io.grpc.stub.ClientCalls.getUnchecked(ClientCalls.java:214)
	at org.apache.ratis.thirdparty.io.grpc.stub.ClientCalls.blockingUnaryCall(ClientCalls.java:139)
	at org.apache.ratis.proto.grpc.RaftServerProtocolServiceGrpc$RaftServerProtocolServiceBlockingStub.requestVote(RaftServerProtocolServiceGrpc.java:265)
	at org.apache.ratis.grpc.server.GrpcServerProtocolClient.requestVote(GrpcServerProtocolClient.java:99)
	at org.apache.ratis.grpc.server.GrpcService.requestVote(GrpcService.java:204)
	at org.apache.ratis.server.impl.LeaderElection.lambda$submitRequests$1(LeaderElection.java:234)
	at java.util.concurrent.FutureTask.run(FutureTask.java:266)
	at java.util.concurrent.Executors$RunnableAdapter.call(Executors.java:511)
	at java.util.concurrent.FutureTask.run(FutureTask.java:266)
	at java.util.concurrent.ThreadPoolExecutor.runWorker(ThreadPoolExecutor.java:1149)
	at java.util.concurrent.ThreadPoolExecutor$Worker.run(ThreadPoolExecutor.java:624)
	... 1 more
Caused by: org.apache.ratis.thirdparty.io.netty.channel.AbstractChannel$AnnotatedConnectException: Connection refused: /192.168.30.53:34960
	at sun.nio.ch.SocketChannelImpl.checkConnect(Native Method)
	at sun.nio.ch.SocketChannelImpl.finishConnect(SocketChannelImpl.java:717)
	at org.apache.ratis.thirdparty.io.netty.channel.socket.nio.NioSocketChannel.doFinishConnect(NioSocketChannel.java:327)
	at org.apache.ratis.thirdparty.io.netty.channel.nio.AbstractNioChannel$AbstractNioUnsafe.finishConnect(AbstractNioChannel.java:340)
	at org.apache.ratis.thirdparty.io.netty.channel.nio.NioEventLoop.processSelectedKey(NioEventLoop.java:632)
	at org.apache.ratis.thirdparty.io.netty.channel.nio.NioEventLoop.processSelectedKeysOptimized(NioEventLoop.java:579)
	at org.apache.ratis.thirdparty.io.netty.channel.nio.NioEventLoop.processSelectedKeys(NioEventLoop.java:496)
	at org.apache.ratis.thirdparty.io.netty.channel.nio.NioEventLoop.run(NioEventLoop.java:458)
	at org.apache.ratis.thirdparty.io.netty.util.concurrent.SingleThreadEventExecutor$5.run(SingleThreadEventExecutor.java:897)
	at org.apache.ratis.thirdparty.io.netty.util.concurrent.FastThreadLocalRunnable.run(FastThreadLocalRunnable.java:30)
	... 1 more
Caused by: java.net.ConnectException: Connection refused
	... 11 more
2019-10-02 10:56:45,889 [b25f22f8-54cc-4ffd-bfcd-179cc8cbd7fc@group-C476C2B24A7C-LeaderElection54] INFO  impl.RaftServerImpl (RaftServerImpl.java:setRole(170)) - b25f22f8-54cc-4ffd-bfcd-179cc8cbd7fc@group-C476C2B24A7C: changes role from CANDIDATE to FOLLOWER at term 6 for DISCOVERED_A_NEW_TERM
2019-10-02 10:56:45,889 [b25f22f8-54cc-4ffd-bfcd-179cc8cbd7fc@group-C476C2B24A7C-LeaderElection54] INFO  impl.RoleInfo (RoleInfo.java:shutdownLeaderElection(134)) - b25f22f8-54cc-4ffd-bfcd-179cc8cbd7fc: shutdown LeaderElection
2019-10-02 10:56:45,889 [b25f22f8-54cc-4ffd-bfcd-179cc8cbd7fc@group-C476C2B24A7C-LeaderElection54] INFO  impl.RoleInfo (RoleInfo.java:updateAndGet(143)) - b25f22f8-54cc-4ffd-bfcd-179cc8cbd7fc: start FollowerState
2019-10-02 10:56:45,958 [grpc-default-executor-1] WARN  server.GrpcLogAppender (LogUtils.java:warn(134)) - b25f22f8-54cc-4ffd-bfcd-179cc8cbd7fc@group-6B83A71B3C43->d3dffc06-1d6a-4f7a-8294-c2dc8ce35b40-AppendLogResponseHandler: Failed appendEntries: org.apache.ratis.thirdparty.io.grpc.StatusRuntimeException: UNAVAILABLE: io exception
2019-10-02 10:56:45,958 [grpc-default-executor-1] INFO  impl.FollowerInfo (FollowerInfo.java:lambda$new$0(51)) - b25f22f8-54cc-4ffd-bfcd-179cc8cbd7fc@group-6B83A71B3C43->d3dffc06-1d6a-4f7a-8294-c2dc8ce35b40: nextIndex: updateUnconditionally 0 -> 0
2019-10-02 10:56:45,978 [grpc-default-executor-1] WARN  server.GrpcLogAppender (LogUtils.java:warn(134)) - b25f22f8-54cc-4ffd-bfcd-179cc8cbd7fc@group-6B83A71B3C43->7df38282-3a3d-4206-964a-9b3301cd1d1f-AppendLogResponseHandler: Failed appendEntries: org.apache.ratis.thirdparty.io.grpc.StatusRuntimeException: UNAVAILABLE: io exception
2019-10-02 10:56:45,978 [grpc-default-executor-1] INFO  impl.FollowerInfo (FollowerInfo.java:lambda$new$0(51)) - b25f22f8-54cc-4ffd-bfcd-179cc8cbd7fc@group-6B83A71B3C43->7df38282-3a3d-4206-964a-9b3301cd1d1f: nextIndex: updateUnconditionally 0 -> 0
2019-10-02 10:56:45,990 [Thread-963] INFO  impl.FollowerState (FollowerState.java:run(108)) - b25f22f8-54cc-4ffd-bfcd-179cc8cbd7fc@group-6128F9235CFD-FollowerState: change to CANDIDATE, lastRpcTime:1098ms, electionTimeout:1098ms
2019-10-02 10:56:45,990 [Thread-963] INFO  impl.RoleInfo (RoleInfo.java:shutdownFollowerState(121)) - b25f22f8-54cc-4ffd-bfcd-179cc8cbd7fc: shutdown FollowerState
2019-10-02 10:56:45,991 [Thread-963] INFO  impl.RaftServerImpl (RaftServerImpl.java:setRole(170)) - b25f22f8-54cc-4ffd-bfcd-179cc8cbd7fc@group-6128F9235CFD: changes role from  FOLLOWER to CANDIDATE at term 3 for changeToCandidate
2019-10-02 10:56:45,991 [Thread-963] INFO  impl.RoleInfo (RoleInfo.java:updateAndGet(143)) - b25f22f8-54cc-4ffd-bfcd-179cc8cbd7fc: start LeaderElection
2019-10-02 10:56:46,018 [b25f22f8-54cc-4ffd-bfcd-179cc8cbd7fc@group-6128F9235CFD-LeaderElection55] INFO  impl.LeaderElection (LeaderElection.java:askForVotes(178)) - b25f22f8-54cc-4ffd-bfcd-179cc8cbd7fc@group-6128F9235CFD-LeaderElection55: begin an election at term 4 for 0: [d3dffc06-1d6a-4f7a-8294-c2dc8ce35b40:192.168.30.53:33785, 7df38282-3a3d-4206-964a-9b3301cd1d1f:192.168.30.53:34960, b25f22f8-54cc-4ffd-bfcd-179cc8cbd7fc:192.168.30.53:42549], old=null
2019-10-02 10:56:46,020 [b25f22f8-54cc-4ffd-bfcd-179cc8cbd7fc@group-6128F9235CFD-LeaderElection55] INFO  impl.LeaderElection (LogUtils.java:infoOrTrace(149)) - b25f22f8-54cc-4ffd-bfcd-179cc8cbd7fc@group-6128F9235CFD-LeaderElection55 got exception when requesting votes: {}
java.util.concurrent.ExecutionException: org.apache.ratis.thirdparty.io.grpc.StatusRuntimeException: UNAVAILABLE: io exception
	at java.util.concurrent.FutureTask.report(FutureTask.java:122)
	at java.util.concurrent.FutureTask.get(FutureTask.java:192)
	at org.apache.ratis.server.impl.LeaderElection.waitForResults(LeaderElection.java:259)
	at org.apache.ratis.server.impl.LeaderElection.askForVotes(LeaderElection.java:197)
	at org.apache.ratis.server.impl.LeaderElection.run(LeaderElection.java:133)
	at java.lang.Thread.run(Thread.java:748)
Caused by: org.apache.ratis.thirdparty.io.grpc.StatusRuntimeException: UNAVAILABLE: io exception
	at org.apache.ratis.thirdparty.io.grpc.stub.ClientCalls.toStatusRuntimeException(ClientCalls.java:233)
	at org.apache.ratis.thirdparty.io.grpc.stub.ClientCalls.getUnchecked(ClientCalls.java:214)
	at org.apache.ratis.thirdparty.io.grpc.stub.ClientCalls.blockingUnaryCall(ClientCalls.java:139)
	at org.apache.ratis.proto.grpc.RaftServerProtocolServiceGrpc$RaftServerProtocolServiceBlockingStub.requestVote(RaftServerProtocolServiceGrpc.java:265)
	at org.apache.ratis.grpc.server.GrpcServerProtocolClient.requestVote(GrpcServerProtocolClient.java:99)
	at org.apache.ratis.grpc.server.GrpcService.requestVote(GrpcService.java:204)
	at org.apache.ratis.server.impl.LeaderElection.lambda$submitRequests$1(LeaderElection.java:234)
	at java.util.concurrent.FutureTask.run(FutureTask.java:266)
	at java.util.concurrent.Executors$RunnableAdapter.call(Executors.java:511)
	at java.util.concurrent.FutureTask.run(FutureTask.java:266)
	at java.util.concurrent.ThreadPoolExecutor.runWorker(ThreadPoolExecutor.java:1149)
	at java.util.concurrent.ThreadPoolExecutor$Worker.run(ThreadPoolExecutor.java:624)
	... 1 more
Caused by: org.apache.ratis.thirdparty.io.netty.channel.AbstractChannel$AnnotatedConnectException: Connection refused: /192.168.30.53:33785
	at sun.nio.ch.SocketChannelImpl.checkConnect(Native Method)
	at sun.nio.ch.SocketChannelImpl.finishConnect(SocketChannelImpl.java:717)
	at org.apache.ratis.thirdparty.io.netty.channel.socket.nio.NioSocketChannel.doFinishConnect(NioSocketChannel.java:327)
	at org.apache.ratis.thirdparty.io.netty.channel.nio.AbstractNioChannel$AbstractNioUnsafe.finishConnect(AbstractNioChannel.java:340)
	at org.apache.ratis.thirdparty.io.netty.channel.nio.NioEventLoop.processSelectedKey(NioEventLoop.java:632)
	at org.apache.ratis.thirdparty.io.netty.channel.nio.NioEventLoop.processSelectedKeysOptimized(NioEventLoop.java:579)
	at org.apache.ratis.thirdparty.io.netty.channel.nio.NioEventLoop.processSelectedKeys(NioEventLoop.java:496)
	at org.apache.ratis.thirdparty.io.netty.channel.nio.NioEventLoop.run(NioEventLoop.java:458)
	at org.apache.ratis.thirdparty.io.netty.util.concurrent.SingleThreadEventExecutor$5.run(SingleThreadEventExecutor.java:897)
	at org.apache.ratis.thirdparty.io.netty.util.concurrent.FastThreadLocalRunnable.run(FastThreadLocalRunnable.java:30)
	... 1 more
Caused by: java.net.ConnectException: Connection refused
	... 11 more
2019-10-02 10:56:46,021 [b25f22f8-54cc-4ffd-bfcd-179cc8cbd7fc@group-6128F9235CFD-LeaderElection55] INFO  impl.LeaderElection (LogUtils.java:infoOrTrace(149)) - b25f22f8-54cc-4ffd-bfcd-179cc8cbd7fc@group-6128F9235CFD-LeaderElection55 got exception when requesting votes: {}
java.util.concurrent.ExecutionException: org.apache.ratis.thirdparty.io.grpc.StatusRuntimeException: UNAVAILABLE: io exception
	at java.util.concurrent.FutureTask.report(FutureTask.java:122)
	at java.util.concurrent.FutureTask.get(FutureTask.java:192)
	at org.apache.ratis.server.impl.LeaderElection.waitForResults(LeaderElection.java:259)
	at org.apache.ratis.server.impl.LeaderElection.askForVotes(LeaderElection.java:197)
	at org.apache.ratis.server.impl.LeaderElection.run(LeaderElection.java:133)
	at java.lang.Thread.run(Thread.java:748)
Caused by: org.apache.ratis.thirdparty.io.grpc.StatusRuntimeException: UNAVAILABLE: io exception
	at org.apache.ratis.thirdparty.io.grpc.stub.ClientCalls.toStatusRuntimeException(ClientCalls.java:233)
	at org.apache.ratis.thirdparty.io.grpc.stub.ClientCalls.getUnchecked(ClientCalls.java:214)
	at org.apache.ratis.thirdparty.io.grpc.stub.ClientCalls.blockingUnaryCall(ClientCalls.java:139)
	at org.apache.ratis.proto.grpc.RaftServerProtocolServiceGrpc$RaftServerProtocolServiceBlockingStub.requestVote(RaftServerProtocolServiceGrpc.java:265)
	at org.apache.ratis.grpc.server.GrpcServerProtocolClient.requestVote(GrpcServerProtocolClient.java:99)
	at org.apache.ratis.grpc.server.GrpcService.requestVote(GrpcService.java:204)
	at org.apache.ratis.server.impl.LeaderElection.lambda$submitRequests$1(LeaderElection.java:234)
	at java.util.concurrent.FutureTask.run(FutureTask.java:266)
	at java.util.concurrent.Executors$RunnableAdapter.call(Executors.java:511)
	at java.util.concurrent.FutureTask.run(FutureTask.java:266)
	at java.util.concurrent.ThreadPoolExecutor.runWorker(ThreadPoolExecutor.java:1149)
	at java.util.concurrent.ThreadPoolExecutor$Worker.run(ThreadPoolExecutor.java:624)
	... 1 more
Caused by: org.apache.ratis.thirdparty.io.netty.channel.AbstractChannel$AnnotatedConnectException: Connection refused: /192.168.30.53:34960
	at sun.nio.ch.SocketChannelImpl.checkConnect(Native Method)
	at sun.nio.ch.SocketChannelImpl.finishConnect(SocketChannelImpl.java:717)
	at org.apache.ratis.thirdparty.io.netty.channel.socket.nio.NioSocketChannel.doFinishConnect(NioSocketChannel.java:327)
	at org.apache.ratis.thirdparty.io.netty.channel.nio.AbstractNioChannel$AbstractNioUnsafe.finishConnect(AbstractNioChannel.java:340)
	at org.apache.ratis.thirdparty.io.netty.channel.nio.NioEventLoop.processSelectedKey(NioEventLoop.java:632)
	at org.apache.ratis.thirdparty.io.netty.channel.nio.NioEventLoop.processSelectedKeysOptimized(NioEventLoop.java:579)
	at org.apache.ratis.thirdparty.io.netty.channel.nio.NioEventLoop.processSelectedKeys(NioEventLoop.java:496)
	at org.apache.ratis.thirdparty.io.netty.channel.nio.NioEventLoop.run(NioEventLoop.java:458)
	at org.apache.ratis.thirdparty.io.netty.util.concurrent.SingleThreadEventExecutor$5.run(SingleThreadEventExecutor.java:897)
	at org.apache.ratis.thirdparty.io.netty.util.concurrent.FastThreadLocalRunnable.run(FastThreadLocalRunnable.java:30)
	... 1 more
Caused by: java.net.ConnectException: Connection refused
	... 11 more
2019-10-02 10:56:46,022 [b25f22f8-54cc-4ffd-bfcd-179cc8cbd7fc@group-6128F9235CFD-LeaderElection55] INFO  impl.LeaderElection (LeaderElection.java:logAndReturn(56)) - b25f22f8-54cc-4ffd-bfcd-179cc8cbd7fc@group-6128F9235CFD-LeaderElection55: Election REJECTED; received 0 response(s) [] and 2 exception(s); b25f22f8-54cc-4ffd-bfcd-179cc8cbd7fc@group-6128F9235CFD:t4, leader=null, voted=b25f22f8-54cc-4ffd-bfcd-179cc8cbd7fc, raftlog=b25f22f8-54cc-4ffd-bfcd-179cc8cbd7fc@group-6128F9235CFD-SegmentedRaftLog:OPENED:c0,f0,i0, conf=0: [d3dffc06-1d6a-4f7a-8294-c2dc8ce35b40:192.168.30.53:33785, 7df38282-3a3d-4206-964a-9b3301cd1d1f:192.168.30.53:34960, b25f22f8-54cc-4ffd-bfcd-179cc8cbd7fc:192.168.30.53:42549], old=null
2019-10-02 10:56:46,022 [b25f22f8-54cc-4ffd-bfcd-179cc8cbd7fc@group-6128F9235CFD-LeaderElection55] INFO  impl.LeaderElection (LogUtils.java:infoOrTrace(149)) -   Exception 0: {}
java.util.concurrent.ExecutionException: org.apache.ratis.thirdparty.io.grpc.StatusRuntimeException: UNAVAILABLE: io exception
	at java.util.concurrent.FutureTask.report(FutureTask.java:122)
	at java.util.concurrent.FutureTask.get(FutureTask.java:192)
	at org.apache.ratis.server.impl.LeaderElection.waitForResults(LeaderElection.java:259)
	at org.apache.ratis.server.impl.LeaderElection.askForVotes(LeaderElection.java:197)
	at org.apache.ratis.server.impl.LeaderElection.run(LeaderElection.java:133)
	at java.lang.Thread.run(Thread.java:748)
Caused by: org.apache.ratis.thirdparty.io.grpc.StatusRuntimeException: UNAVAILABLE: io exception
	at org.apache.ratis.thirdparty.io.grpc.stub.ClientCalls.toStatusRuntimeException(ClientCalls.java:233)
	at org.apache.ratis.thirdparty.io.grpc.stub.ClientCalls.getUnchecked(ClientCalls.java:214)
	at org.apache.ratis.thirdparty.io.grpc.stub.ClientCalls.blockingUnaryCall(ClientCalls.java:139)
	at org.apache.ratis.proto.grpc.RaftServerProtocolServiceGrpc$RaftServerProtocolServiceBlockingStub.requestVote(RaftServerProtocolServiceGrpc.java:265)
	at org.apache.ratis.grpc.server.GrpcServerProtocolClient.requestVote(GrpcServerProtocolClient.java:99)
	at org.apache.ratis.grpc.server.GrpcService.requestVote(GrpcService.java:204)
	at org.apache.ratis.server.impl.LeaderElection.lambda$submitRequests$1(LeaderElection.java:234)
	at java.util.concurrent.FutureTask.run(FutureTask.java:266)
	at java.util.concurrent.Executors$RunnableAdapter.call(Executors.java:511)
	at java.util.concurrent.FutureTask.run(FutureTask.java:266)
	at java.util.concurrent.ThreadPoolExecutor.runWorker(ThreadPoolExecutor.java:1149)
	at java.util.concurrent.ThreadPoolExecutor$Worker.run(ThreadPoolExecutor.java:624)
	... 1 more
Caused by: org.apache.ratis.thirdparty.io.netty.channel.AbstractChannel$AnnotatedConnectException: Connection refused: /192.168.30.53:33785
	at sun.nio.ch.SocketChannelImpl.checkConnect(Native Method)
	at sun.nio.ch.SocketChannelImpl.finishConnect(SocketChannelImpl.java:717)
	at org.apache.ratis.thirdparty.io.netty.channel.socket.nio.NioSocketChannel.doFinishConnect(NioSocketChannel.java:327)
	at org.apache.ratis.thirdparty.io.netty.channel.nio.AbstractNioChannel$AbstractNioUnsafe.finishConnect(AbstractNioChannel.java:340)
	at org.apache.ratis.thirdparty.io.netty.channel.nio.NioEventLoop.processSelectedKey(NioEventLoop.java:632)
	at org.apache.ratis.thirdparty.io.netty.channel.nio.NioEventLoop.processSelectedKeysOptimized(NioEventLoop.java:579)
	at org.apache.ratis.thirdparty.io.netty.channel.nio.NioEventLoop.processSelectedKeys(NioEventLoop.java:496)
	at org.apache.ratis.thirdparty.io.netty.channel.nio.NioEventLoop.run(NioEventLoop.java:458)
	at org.apache.ratis.thirdparty.io.netty.util.concurrent.SingleThreadEventExecutor$5.run(SingleThreadEventExecutor.java:897)
	at org.apache.ratis.thirdparty.io.netty.util.concurrent.FastThreadLocalRunnable.run(FastThreadLocalRunnable.java:30)
	... 1 more
Caused by: java.net.ConnectException: Connection refused
	... 11 more
2019-10-02 10:56:46,022 [b25f22f8-54cc-4ffd-bfcd-179cc8cbd7fc@group-6128F9235CFD-LeaderElection55] INFO  impl.LeaderElection (LogUtils.java:infoOrTrace(149)) -   Exception 1: {}
java.util.concurrent.ExecutionException: org.apache.ratis.thirdparty.io.grpc.StatusRuntimeException: UNAVAILABLE: io exception
	at java.util.concurrent.FutureTask.report(FutureTask.java:122)
	at java.util.concurrent.FutureTask.get(FutureTask.java:192)
	at org.apache.ratis.server.impl.LeaderElection.waitForResults(LeaderElection.java:259)
	at org.apache.ratis.server.impl.LeaderElection.askForVotes(LeaderElection.java:197)
	at org.apache.ratis.server.impl.LeaderElection.run(LeaderElection.java:133)
	at java.lang.Thread.run(Thread.java:748)
Caused by: org.apache.ratis.thirdparty.io.grpc.StatusRuntimeException: UNAVAILABLE: io exception
	at org.apache.ratis.thirdparty.io.grpc.stub.ClientCalls.toStatusRuntimeException(ClientCalls.java:233)
	at org.apache.ratis.thirdparty.io.grpc.stub.ClientCalls.getUnchecked(ClientCalls.java:214)
	at org.apache.ratis.thirdparty.io.grpc.stub.ClientCalls.blockingUnaryCall(ClientCalls.java:139)
	at org.apache.ratis.proto.grpc.RaftServerProtocolServiceGrpc$RaftServerProtocolServiceBlockingStub.requestVote(RaftServerProtocolServiceGrpc.java:265)
	at org.apache.ratis.grpc.server.GrpcServerProtocolClient.requestVote(GrpcServerProtocolClient.java:99)
	at org.apache.ratis.grpc.server.GrpcService.requestVote(GrpcService.java:204)
	at org.apache.ratis.server.impl.LeaderElection.lambda$submitRequests$1(LeaderElection.java:234)
	at java.util.concurrent.FutureTask.run(FutureTask.java:266)
	at java.util.concurrent.Executors$RunnableAdapter.call(Executors.java:511)
	at java.util.concurrent.FutureTask.run(FutureTask.java:266)
	at java.util.concurrent.ThreadPoolExecutor.runWorker(ThreadPoolExecutor.java:1149)
	at java.util.concurrent.ThreadPoolExecutor$Worker.run(ThreadPoolExecutor.java:624)
	... 1 more
Caused by: org.apache.ratis.thirdparty.io.netty.channel.AbstractChannel$AnnotatedConnectException: Connection refused: /192.168.30.53:34960
	at sun.nio.ch.SocketChannelImpl.checkConnect(Native Method)
	at sun.nio.ch.SocketChannelImpl.finishConnect(SocketChannelImpl.java:717)
	at org.apache.ratis.thirdparty.io.netty.channel.socket.nio.NioSocketChannel.doFinishConnect(NioSocketChannel.java:327)
	at org.apache.ratis.thirdparty.io.netty.channel.nio.AbstractNioChannel$AbstractNioUnsafe.finishConnect(AbstractNioChannel.java:340)
	at org.apache.ratis.thirdparty.io.netty.channel.nio.NioEventLoop.processSelectedKey(NioEventLoop.java:632)
	at org.apache.ratis.thirdparty.io.netty.channel.nio.NioEventLoop.processSelectedKeysOptimized(NioEventLoop.java:579)
	at org.apache.ratis.thirdparty.io.netty.channel.nio.NioEventLoop.processSelectedKeys(NioEventLoop.java:496)
	at org.apache.ratis.thirdparty.io.netty.channel.nio.NioEventLoop.run(NioEventLoop.java:458)
	at org.apache.ratis.thirdparty.io.netty.util.concurrent.SingleThreadEventExecutor$5.run(SingleThreadEventExecutor.java:897)
	at org.apache.ratis.thirdparty.io.netty.util.concurrent.FastThreadLocalRunnable.run(FastThreadLocalRunnable.java:30)
	... 1 more
Caused by: java.net.ConnectException: Connection refused
	... 11 more
2019-10-02 10:56:46,023 [b25f22f8-54cc-4ffd-bfcd-179cc8cbd7fc@group-6128F9235CFD-LeaderElection55] INFO  impl.RaftServerImpl (RaftServerImpl.java:setRole(170)) - b25f22f8-54cc-4ffd-bfcd-179cc8cbd7fc@group-6128F9235CFD: changes role from CANDIDATE to FOLLOWER at term 4 for DISCOVERED_A_NEW_TERM
2019-10-02 10:56:46,023 [b25f22f8-54cc-4ffd-bfcd-179cc8cbd7fc@group-6128F9235CFD-LeaderElection55] INFO  impl.RoleInfo (RoleInfo.java:shutdownLeaderElection(134)) - b25f22f8-54cc-4ffd-bfcd-179cc8cbd7fc: shutdown LeaderElection
2019-10-02 10:56:46,023 [b25f22f8-54cc-4ffd-bfcd-179cc8cbd7fc@group-6128F9235CFD-LeaderElection55] INFO  impl.RoleInfo (RoleInfo.java:updateAndGet(143)) - b25f22f8-54cc-4ffd-bfcd-179cc8cbd7fc: start FollowerState
2019-10-02 10:56:46,110 [grpc-default-executor-7] WARN  server.GrpcLogAppender (LogUtils.java:warn(134)) - b25f22f8-54cc-4ffd-bfcd-179cc8cbd7fc@group-49987F7A8A7C->d3dffc06-1d6a-4f7a-8294-c2dc8ce35b40-AppendLogResponseHandler: Failed appendEntries: org.apache.ratis.thirdparty.io.grpc.StatusRuntimeException: UNAVAILABLE: io exception
2019-10-02 10:56:46,111 [grpc-default-executor-7] INFO  impl.FollowerInfo (FollowerInfo.java:lambda$new$0(51)) - b25f22f8-54cc-4ffd-bfcd-179cc8cbd7fc@group-49987F7A8A7C->d3dffc06-1d6a-4f7a-8294-c2dc8ce35b40: nextIndex: updateUnconditionally 0 -> 0
2019-10-02 10:56:46,173 [grpc-default-executor-7] WARN  server.GrpcLogAppender (LogUtils.java:warn(134)) - b25f22f8-54cc-4ffd-bfcd-179cc8cbd7fc@group-49987F7A8A7C->7df38282-3a3d-4206-964a-9b3301cd1d1f-AppendLogResponseHandler: Failed appendEntries: org.apache.ratis.thirdparty.io.grpc.StatusRuntimeException: UNAVAILABLE: io exception
2019-10-02 10:56:46,173 [Thread-967] INFO  impl.FollowerState (FollowerState.java:run(108)) - b25f22f8-54cc-4ffd-bfcd-179cc8cbd7fc@group-ABAF19C3FAB0-FollowerState: change to CANDIDATE, lastRpcTime:1198ms, electionTimeout:1198ms
2019-10-02 10:56:46,174 [grpc-default-executor-7] INFO  impl.FollowerInfo (FollowerInfo.java:lambda$new$0(51)) - b25f22f8-54cc-4ffd-bfcd-179cc8cbd7fc@group-49987F7A8A7C->7df38282-3a3d-4206-964a-9b3301cd1d1f: nextIndex: updateUnconditionally 0 -> 0
2019-10-02 10:56:46,174 [Thread-967] INFO  impl.RoleInfo (RoleInfo.java:shutdownFollowerState(121)) - b25f22f8-54cc-4ffd-bfcd-179cc8cbd7fc: shutdown FollowerState
2019-10-02 10:56:46,174 [Thread-967] INFO  impl.RaftServerImpl (RaftServerImpl.java:setRole(170)) - b25f22f8-54cc-4ffd-bfcd-179cc8cbd7fc@group-ABAF19C3FAB0: changes role from  FOLLOWER to CANDIDATE at term 9 for changeToCandidate
2019-10-02 10:56:46,174 [Thread-967] INFO  impl.RoleInfo (RoleInfo.java:updateAndGet(143)) - b25f22f8-54cc-4ffd-bfcd-179cc8cbd7fc: start LeaderElection
2019-10-02 10:56:46,202 [b25f22f8-54cc-4ffd-bfcd-179cc8cbd7fc@group-ABAF19C3FAB0-LeaderElection56] INFO  impl.LeaderElection (LeaderElection.java:askForVotes(178)) - b25f22f8-54cc-4ffd-bfcd-179cc8cbd7fc@group-ABAF19C3FAB0-LeaderElection56: begin an election at term 10 for 1: [d3dffc06-1d6a-4f7a-8294-c2dc8ce35b40:192.168.30.53:33785, 7df38282-3a3d-4206-964a-9b3301cd1d1f:192.168.30.53:34960, b25f22f8-54cc-4ffd-bfcd-179cc8cbd7fc:192.168.30.53:42549], old=null
2019-10-02 10:56:46,204 [b25f22f8-54cc-4ffd-bfcd-179cc8cbd7fc@group-ABAF19C3FAB0-LeaderElection56] INFO  impl.LeaderElection (LogUtils.java:infoOrTrace(149)) - b25f22f8-54cc-4ffd-bfcd-179cc8cbd7fc@group-ABAF19C3FAB0-LeaderElection56 got exception when requesting votes: {}
java.util.concurrent.ExecutionException: org.apache.ratis.thirdparty.io.grpc.StatusRuntimeException: UNAVAILABLE: io exception
	at java.util.concurrent.FutureTask.report(FutureTask.java:122)
	at java.util.concurrent.FutureTask.get(FutureTask.java:192)
	at org.apache.ratis.server.impl.LeaderElection.waitForResults(LeaderElection.java:259)
	at org.apache.ratis.server.impl.LeaderElection.askForVotes(LeaderElection.java:197)
	at org.apache.ratis.server.impl.LeaderElection.run(LeaderElection.java:133)
	at java.lang.Thread.run(Thread.java:748)
Caused by: org.apache.ratis.thirdparty.io.grpc.StatusRuntimeException: UNAVAILABLE: io exception
	at org.apache.ratis.thirdparty.io.grpc.stub.ClientCalls.toStatusRuntimeException(ClientCalls.java:233)
	at org.apache.ratis.thirdparty.io.grpc.stub.ClientCalls.getUnchecked(ClientCalls.java:214)
	at org.apache.ratis.thirdparty.io.grpc.stub.ClientCalls.blockingUnaryCall(ClientCalls.java:139)
	at org.apache.ratis.proto.grpc.RaftServerProtocolServiceGrpc$RaftServerProtocolServiceBlockingStub.requestVote(RaftServerProtocolServiceGrpc.java:265)
	at org.apache.ratis.grpc.server.GrpcServerProtocolClient.requestVote(GrpcServerProtocolClient.java:99)
	at org.apache.ratis.grpc.server.GrpcService.requestVote(GrpcService.java:204)
	at org.apache.ratis.server.impl.LeaderElection.lambda$submitRequests$1(LeaderElection.java:234)
	at java.util.concurrent.FutureTask.run(FutureTask.java:266)
	at java.util.concurrent.Executors$RunnableAdapter.call(Executors.java:511)
	at java.util.concurrent.FutureTask.run(FutureTask.java:266)
	at java.util.concurrent.ThreadPoolExecutor.runWorker(ThreadPoolExecutor.java:1149)
	at java.util.concurrent.ThreadPoolExecutor$Worker.run(ThreadPoolExecutor.java:624)
	... 1 more
Caused by: org.apache.ratis.thirdparty.io.netty.channel.AbstractChannel$AnnotatedConnectException: Connection refused: /192.168.30.53:33785
	at sun.nio.ch.SocketChannelImpl.checkConnect(Native Method)
	at sun.nio.ch.SocketChannelImpl.finishConnect(SocketChannelImpl.java:717)
	at org.apache.ratis.thirdparty.io.netty.channel.socket.nio.NioSocketChannel.doFinishConnect(NioSocketChannel.java:327)
	at org.apache.ratis.thirdparty.io.netty.channel.nio.AbstractNioChannel$AbstractNioUnsafe.finishConnect(AbstractNioChannel.java:340)
	at org.apache.ratis.thirdparty.io.netty.channel.nio.NioEventLoop.processSelectedKey(NioEventLoop.java:632)
	at org.apache.ratis.thirdparty.io.netty.channel.nio.NioEventLoop.processSelectedKeysOptimized(NioEventLoop.java:579)
	at org.apache.ratis.thirdparty.io.netty.channel.nio.NioEventLoop.processSelectedKeys(NioEventLoop.java:496)
	at org.apache.ratis.thirdparty.io.netty.channel.nio.NioEventLoop.run(NioEventLoop.java:458)
	at org.apache.ratis.thirdparty.io.netty.util.concurrent.SingleThreadEventExecutor$5.run(SingleThreadEventExecutor.java:897)
	at org.apache.ratis.thirdparty.io.netty.util.concurrent.FastThreadLocalRunnable.run(FastThreadLocalRunnable.java:30)
	... 1 more
Caused by: java.net.ConnectException: Connection refused
	... 11 more
2019-10-02 10:56:46,205 [b25f22f8-54cc-4ffd-bfcd-179cc8cbd7fc@group-ABAF19C3FAB0-LeaderElection56] INFO  impl.LeaderElection (LogUtils.java:infoOrTrace(149)) - b25f22f8-54cc-4ffd-bfcd-179cc8cbd7fc@group-ABAF19C3FAB0-LeaderElection56 got exception when requesting votes: {}
java.util.concurrent.ExecutionException: org.apache.ratis.thirdparty.io.grpc.StatusRuntimeException: UNAVAILABLE: io exception
	at java.util.concurrent.FutureTask.report(FutureTask.java:122)
	at java.util.concurrent.FutureTask.get(FutureTask.java:192)
	at org.apache.ratis.server.impl.LeaderElection.waitForResults(LeaderElection.java:259)
	at org.apache.ratis.server.impl.LeaderElection.askForVotes(LeaderElection.java:197)
	at org.apache.ratis.server.impl.LeaderElection.run(LeaderElection.java:133)
	at java.lang.Thread.run(Thread.java:748)
Caused by: org.apache.ratis.thirdparty.io.grpc.StatusRuntimeException: UNAVAILABLE: io exception
	at org.apache.ratis.thirdparty.io.grpc.stub.ClientCalls.toStatusRuntimeException(ClientCalls.java:233)
	at org.apache.ratis.thirdparty.io.grpc.stub.ClientCalls.getUnchecked(ClientCalls.java:214)
	at org.apache.ratis.thirdparty.io.grpc.stub.ClientCalls.blockingUnaryCall(ClientCalls.java:139)
	at org.apache.ratis.proto.grpc.RaftServerProtocolServiceGrpc$RaftServerProtocolServiceBlockingStub.requestVote(RaftServerProtocolServiceGrpc.java:265)
	at org.apache.ratis.grpc.server.GrpcServerProtocolClient.requestVote(GrpcServerProtocolClient.java:99)
	at org.apache.ratis.grpc.server.GrpcService.requestVote(GrpcService.java:204)
	at org.apache.ratis.server.impl.LeaderElection.lambda$submitRequests$1(LeaderElection.java:234)
	at java.util.concurrent.FutureTask.run(FutureTask.java:266)
	at java.util.concurrent.Executors$RunnableAdapter.call(Executors.java:511)
	at java.util.concurrent.FutureTask.run(FutureTask.java:266)
	at java.util.concurrent.ThreadPoolExecutor.runWorker(ThreadPoolExecutor.java:1149)
	at java.util.concurrent.ThreadPoolExecutor$Worker.run(ThreadPoolExecutor.java:624)
	... 1 more
Caused by: org.apache.ratis.thirdparty.io.netty.channel.AbstractChannel$AnnotatedConnectException: Connection refused: /192.168.30.53:34960
	at sun.nio.ch.SocketChannelImpl.checkConnect(Native Method)
	at sun.nio.ch.SocketChannelImpl.finishConnect(SocketChannelImpl.java:717)
	at org.apache.ratis.thirdparty.io.netty.channel.socket.nio.NioSocketChannel.doFinishConnect(NioSocketChannel.java:327)
	at org.apache.ratis.thirdparty.io.netty.channel.nio.AbstractNioChannel$AbstractNioUnsafe.finishConnect(AbstractNioChannel.java:340)
	at org.apache.ratis.thirdparty.io.netty.channel.nio.NioEventLoop.processSelectedKey(NioEventLoop.java:632)
	at org.apache.ratis.thirdparty.io.netty.channel.nio.NioEventLoop.processSelectedKeysOptimized(NioEventLoop.java:579)
	at org.apache.ratis.thirdparty.io.netty.channel.nio.NioEventLoop.processSelectedKeys(NioEventLoop.java:496)
	at org.apache.ratis.thirdparty.io.netty.channel.nio.NioEventLoop.run(NioEventLoop.java:458)
	at org.apache.ratis.thirdparty.io.netty.util.concurrent.SingleThreadEventExecutor$5.run(SingleThreadEventExecutor.java:897)
	at org.apache.ratis.thirdparty.io.netty.util.concurrent.FastThreadLocalRunnable.run(FastThreadLocalRunnable.java:30)
	... 1 more
Caused by: java.net.ConnectException: Connection refused
	... 11 more
2019-10-02 10:56:46,205 [b25f22f8-54cc-4ffd-bfcd-179cc8cbd7fc@group-ABAF19C3FAB0-LeaderElection56] INFO  impl.LeaderElection (LeaderElection.java:logAndReturn(56)) - b25f22f8-54cc-4ffd-bfcd-179cc8cbd7fc@group-ABAF19C3FAB0-LeaderElection56: Election REJECTED; received 0 response(s) [] and 2 exception(s); b25f22f8-54cc-4ffd-bfcd-179cc8cbd7fc@group-ABAF19C3FAB0:t10, leader=null, voted=b25f22f8-54cc-4ffd-bfcd-179cc8cbd7fc, raftlog=b25f22f8-54cc-4ffd-bfcd-179cc8cbd7fc@group-ABAF19C3FAB0-SegmentedRaftLog:OPENED:c2,f2,i2, conf=1: [d3dffc06-1d6a-4f7a-8294-c2dc8ce35b40:192.168.30.53:33785, 7df38282-3a3d-4206-964a-9b3301cd1d1f:192.168.30.53:34960, b25f22f8-54cc-4ffd-bfcd-179cc8cbd7fc:192.168.30.53:42549], old=null
2019-10-02 10:56:46,205 [b25f22f8-54cc-4ffd-bfcd-179cc8cbd7fc@group-ABAF19C3FAB0-LeaderElection56] INFO  impl.LeaderElection (LogUtils.java:infoOrTrace(149)) -   Exception 0: {}
java.util.concurrent.ExecutionException: org.apache.ratis.thirdparty.io.grpc.StatusRuntimeException: UNAVAILABLE: io exception
	at java.util.concurrent.FutureTask.report(FutureTask.java:122)
	at java.util.concurrent.FutureTask.get(FutureTask.java:192)
	at org.apache.ratis.server.impl.LeaderElection.waitForResults(LeaderElection.java:259)
	at org.apache.ratis.server.impl.LeaderElection.askForVotes(LeaderElection.java:197)
	at org.apache.ratis.server.impl.LeaderElection.run(LeaderElection.java:133)
	at java.lang.Thread.run(Thread.java:748)
Caused by: org.apache.ratis.thirdparty.io.grpc.StatusRuntimeException: UNAVAILABLE: io exception
	at org.apache.ratis.thirdparty.io.grpc.stub.ClientCalls.toStatusRuntimeException(ClientCalls.java:233)
	at org.apache.ratis.thirdparty.io.grpc.stub.ClientCalls.getUnchecked(ClientCalls.java:214)
	at org.apache.ratis.thirdparty.io.grpc.stub.ClientCalls.blockingUnaryCall(ClientCalls.java:139)
	at org.apache.ratis.proto.grpc.RaftServerProtocolServiceGrpc$RaftServerProtocolServiceBlockingStub.requestVote(RaftServerProtocolServiceGrpc.java:265)
	at org.apache.ratis.grpc.server.GrpcServerProtocolClient.requestVote(GrpcServerProtocolClient.java:99)
	at org.apache.ratis.grpc.server.GrpcService.requestVote(GrpcService.java:204)
	at org.apache.ratis.server.impl.LeaderElection.lambda$submitRequests$1(LeaderElection.java:234)
	at java.util.concurrent.FutureTask.run(FutureTask.java:266)
	at java.util.concurrent.Executors$RunnableAdapter.call(Executors.java:511)
	at java.util.concurrent.FutureTask.run(FutureTask.java:266)
	at java.util.concurrent.ThreadPoolExecutor.runWorker(ThreadPoolExecutor.java:1149)
	at java.util.concurrent.ThreadPoolExecutor$Worker.run(ThreadPoolExecutor.java:624)
	... 1 more
Caused by: org.apache.ratis.thirdparty.io.netty.channel.AbstractChannel$AnnotatedConnectException: Connection refused: /192.168.30.53:33785
	at sun.nio.ch.SocketChannelImpl.checkConnect(Native Method)
	at sun.nio.ch.SocketChannelImpl.finishConnect(SocketChannelImpl.java:717)
	at org.apache.ratis.thirdparty.io.netty.channel.socket.nio.NioSocketChannel.doFinishConnect(NioSocketChannel.java:327)
	at org.apache.ratis.thirdparty.io.netty.channel.nio.AbstractNioChannel$AbstractNioUnsafe.finishConnect(AbstractNioChannel.java:340)
	at org.apache.ratis.thirdparty.io.netty.channel.nio.NioEventLoop.processSelectedKey(NioEventLoop.java:632)
	at org.apache.ratis.thirdparty.io.netty.channel.nio.NioEventLoop.processSelectedKeysOptimized(NioEventLoop.java:579)
	at org.apache.ratis.thirdparty.io.netty.channel.nio.NioEventLoop.processSelectedKeys(NioEventLoop.java:496)
	at org.apache.ratis.thirdparty.io.netty.channel.nio.NioEventLoop.run(NioEventLoop.java:458)
	at org.apache.ratis.thirdparty.io.netty.util.concurrent.SingleThreadEventExecutor$5.run(SingleThreadEventExecutor.java:897)
	at org.apache.ratis.thirdparty.io.netty.util.concurrent.FastThreadLocalRunnable.run(FastThreadLocalRunnable.java:30)
	... 1 more
Caused by: java.net.ConnectException: Connection refused
	... 11 more
2019-10-02 10:56:46,205 [b25f22f8-54cc-4ffd-bfcd-179cc8cbd7fc@group-ABAF19C3FAB0-LeaderElection56] INFO  impl.LeaderElection (LogUtils.java:infoOrTrace(149)) -   Exception 1: {}
java.util.concurrent.ExecutionException: org.apache.ratis.thirdparty.io.grpc.StatusRuntimeException: UNAVAILABLE: io exception
	at java.util.concurrent.FutureTask.report(FutureTask.java:122)
	at java.util.concurrent.FutureTask.get(FutureTask.java:192)
	at org.apache.ratis.server.impl.LeaderElection.waitForResults(LeaderElection.java:259)
	at org.apache.ratis.server.impl.LeaderElection.askForVotes(LeaderElection.java:197)
	at org.apache.ratis.server.impl.LeaderElection.run(LeaderElection.java:133)
	at java.lang.Thread.run(Thread.java:748)
Caused by: org.apache.ratis.thirdparty.io.grpc.StatusRuntimeException: UNAVAILABLE: io exception
	at org.apache.ratis.thirdparty.io.grpc.stub.ClientCalls.toStatusRuntimeException(ClientCalls.java:233)
	at org.apache.ratis.thirdparty.io.grpc.stub.ClientCalls.getUnchecked(ClientCalls.java:214)
	at org.apache.ratis.thirdparty.io.grpc.stub.ClientCalls.blockingUnaryCall(ClientCalls.java:139)
	at org.apache.ratis.proto.grpc.RaftServerProtocolServiceGrpc$RaftServerProtocolServiceBlockingStub.requestVote(RaftServerProtocolServiceGrpc.java:265)
	at org.apache.ratis.grpc.server.GrpcServerProtocolClient.requestVote(GrpcServerProtocolClient.java:99)
	at org.apache.ratis.grpc.server.GrpcService.requestVote(GrpcService.java:204)
	at org.apache.ratis.server.impl.LeaderElection.lambda$submitRequests$1(LeaderElection.java:234)
	at java.util.concurrent.FutureTask.run(FutureTask.java:266)
	at java.util.concurrent.Executors$RunnableAdapter.call(Executors.java:511)
	at java.util.concurrent.FutureTask.run(FutureTask.java:266)
	at java.util.concurrent.ThreadPoolExecutor.runWorker(ThreadPoolExecutor.java:1149)
	at java.util.concurrent.ThreadPoolExecutor$Worker.run(ThreadPoolExecutor.java:624)
	... 1 more
Caused by: org.apache.ratis.thirdparty.io.netty.channel.AbstractChannel$AnnotatedConnectException: Connection refused: /192.168.30.53:34960
	at sun.nio.ch.SocketChannelImpl.checkConnect(Native Method)
	at sun.nio.ch.SocketChannelImpl.finishConnect(SocketChannelImpl.java:717)
	at org.apache.ratis.thirdparty.io.netty.channel.socket.nio.NioSocketChannel.doFinishConnect(NioSocketChannel.java:327)
	at org.apache.ratis.thirdparty.io.netty.channel.nio.AbstractNioChannel$AbstractNioUnsafe.finishConnect(AbstractNioChannel.java:340)
	at org.apache.ratis.thirdparty.io.netty.channel.nio.NioEventLoop.processSelectedKey(NioEventLoop.java:632)
	at org.apache.ratis.thirdparty.io.netty.channel.nio.NioEventLoop.processSelectedKeysOptimized(NioEventLoop.java:579)
	at org.apache.ratis.thirdparty.io.netty.channel.nio.NioEventLoop.processSelectedKeys(NioEventLoop.java:496)
	at org.apache.ratis.thirdparty.io.netty.channel.nio.NioEventLoop.run(NioEventLoop.java:458)
	at org.apache.ratis.thirdparty.io.netty.util.concurrent.SingleThreadEventExecutor$5.run(SingleThreadEventExecutor.java:897)
	at org.apache.ratis.thirdparty.io.netty.util.concurrent.FastThreadLocalRunnable.run(FastThreadLocalRunnable.java:30)
	... 1 more
Caused by: java.net.ConnectException: Connection refused
	... 11 more
2019-10-02 10:56:46,206 [b25f22f8-54cc-4ffd-bfcd-179cc8cbd7fc@group-ABAF19C3FAB0-LeaderElection56] INFO  impl.RaftServerImpl (RaftServerImpl.java:setRole(170)) - b25f22f8-54cc-4ffd-bfcd-179cc8cbd7fc@group-ABAF19C3FAB0: changes role from CANDIDATE to FOLLOWER at term 10 for DISCOVERED_A_NEW_TERM
2019-10-02 10:56:46,206 [b25f22f8-54cc-4ffd-bfcd-179cc8cbd7fc@group-ABAF19C3FAB0-LeaderElection56] INFO  impl.RoleInfo (RoleInfo.java:shutdownLeaderElection(134)) - b25f22f8-54cc-4ffd-bfcd-179cc8cbd7fc: shutdown LeaderElection
2019-10-02 10:56:46,206 [b25f22f8-54cc-4ffd-bfcd-179cc8cbd7fc@group-ABAF19C3FAB0-LeaderElection56] INFO  impl.RoleInfo (RoleInfo.java:updateAndGet(143)) - b25f22f8-54cc-4ffd-bfcd-179cc8cbd7fc: start FollowerState
2019-10-02 10:56:46,259 [Thread-972] INFO  impl.FollowerState (FollowerState.java:run(108)) - b25f22f8-54cc-4ffd-bfcd-179cc8cbd7fc@group-1A77BEA84F5E-FollowerState: change to CANDIDATE, lastRpcTime:1064ms, electionTimeout:1064ms
2019-10-02 10:56:46,259 [Thread-972] INFO  impl.RoleInfo (RoleInfo.java:shutdownFollowerState(121)) - b25f22f8-54cc-4ffd-bfcd-179cc8cbd7fc: shutdown FollowerState
2019-10-02 10:56:46,260 [Thread-972] INFO  impl.RaftServerImpl (RaftServerImpl.java:setRole(170)) - b25f22f8-54cc-4ffd-bfcd-179cc8cbd7fc@group-1A77BEA84F5E: changes role from  FOLLOWER to CANDIDATE at term 3 for changeToCandidate
2019-10-02 10:56:46,260 [Thread-972] INFO  impl.RoleInfo (RoleInfo.java:updateAndGet(143)) - b25f22f8-54cc-4ffd-bfcd-179cc8cbd7fc: start LeaderElection
2019-10-02 10:56:46,270 [Thread-975] INFO  impl.FollowerState (FollowerState.java:run(108)) - b25f22f8-54cc-4ffd-bfcd-179cc8cbd7fc@group-BE47439FB225-FollowerState: change to CANDIDATE, lastRpcTime:1058ms, electionTimeout:1058ms
2019-10-02 10:56:46,270 [Thread-975] INFO  impl.RoleInfo (RoleInfo.java:shutdownFollowerState(121)) - b25f22f8-54cc-4ffd-bfcd-179cc8cbd7fc: shutdown FollowerState
2019-10-02 10:56:46,270 [Thread-975] INFO  impl.RaftServerImpl (RaftServerImpl.java:setRole(170)) - b25f22f8-54cc-4ffd-bfcd-179cc8cbd7fc@group-BE47439FB225: changes role from  FOLLOWER to CANDIDATE at term 3 for changeToCandidate
2019-10-02 10:56:46,271 [Thread-975] INFO  impl.RoleInfo (RoleInfo.java:updateAndGet(143)) - b25f22f8-54cc-4ffd-bfcd-179cc8cbd7fc: start LeaderElection
2019-10-02 10:56:46,287 [b25f22f8-54cc-4ffd-bfcd-179cc8cbd7fc@group-BE47439FB225-LeaderElection58] INFO  impl.LeaderElection (LeaderElection.java:askForVotes(178)) - b25f22f8-54cc-4ffd-bfcd-179cc8cbd7fc@group-BE47439FB225-LeaderElection58: begin an election at term 4 for 0: [d3dffc06-1d6a-4f7a-8294-c2dc8ce35b40:192.168.30.53:33785, 7df38282-3a3d-4206-964a-9b3301cd1d1f:192.168.30.53:34960, b25f22f8-54cc-4ffd-bfcd-179cc8cbd7fc:192.168.30.53:42549], old=null
2019-10-02 10:56:46,287 [b25f22f8-54cc-4ffd-bfcd-179cc8cbd7fc@group-1A77BEA84F5E-LeaderElection57] INFO  impl.LeaderElection (LeaderElection.java:askForVotes(178)) - b25f22f8-54cc-4ffd-bfcd-179cc8cbd7fc@group-1A77BEA84F5E-LeaderElection57: begin an election at term 4 for 0: [d3dffc06-1d6a-4f7a-8294-c2dc8ce35b40:192.168.30.53:33785, 7df38282-3a3d-4206-964a-9b3301cd1d1f:192.168.30.53:34960, b25f22f8-54cc-4ffd-bfcd-179cc8cbd7fc:192.168.30.53:42549], old=null
2019-10-02 10:56:46,287 [b25f22f8-54cc-4ffd-bfcd-179cc8cbd7fc@group-BE47439FB225-LeaderElection58] INFO  impl.LeaderElection (LogUtils.java:infoOrTrace(149)) - b25f22f8-54cc-4ffd-bfcd-179cc8cbd7fc@group-BE47439FB225-LeaderElection58 got exception when requesting votes: {}
java.util.concurrent.ExecutionException: org.apache.ratis.thirdparty.io.grpc.StatusRuntimeException: UNAVAILABLE: io exception
	at java.util.concurrent.FutureTask.report(FutureTask.java:122)
	at java.util.concurrent.FutureTask.get(FutureTask.java:192)
	at org.apache.ratis.server.impl.LeaderElection.waitForResults(LeaderElection.java:259)
	at org.apache.ratis.server.impl.LeaderElection.askForVotes(LeaderElection.java:197)
	at org.apache.ratis.server.impl.LeaderElection.run(LeaderElection.java:133)
	at java.lang.Thread.run(Thread.java:748)
Caused by: org.apache.ratis.thirdparty.io.grpc.StatusRuntimeException: UNAVAILABLE: io exception
	at org.apache.ratis.thirdparty.io.grpc.stub.ClientCalls.toStatusRuntimeException(ClientCalls.java:233)
	at org.apache.ratis.thirdparty.io.grpc.stub.ClientCalls.getUnchecked(ClientCalls.java:214)
	at org.apache.ratis.thirdparty.io.grpc.stub.ClientCalls.blockingUnaryCall(ClientCalls.java:139)
	at org.apache.ratis.proto.grpc.RaftServerProtocolServiceGrpc$RaftServerProtocolServiceBlockingStub.requestVote(RaftServerProtocolServiceGrpc.java:265)
	at org.apache.ratis.grpc.server.GrpcServerProtocolClient.requestVote(GrpcServerProtocolClient.java:99)
	at org.apache.ratis.grpc.server.GrpcService.requestVote(GrpcService.java:204)
	at org.apache.ratis.server.impl.LeaderElection.lambda$submitRequests$1(LeaderElection.java:234)
	at java.util.concurrent.FutureTask.run(FutureTask.java:266)
	at java.util.concurrent.Executors$RunnableAdapter.call(Executors.java:511)
	at java.util.concurrent.FutureTask.run(FutureTask.java:266)
	at java.util.concurrent.ThreadPoolExecutor.runWorker(ThreadPoolExecutor.java:1149)
	at java.util.concurrent.ThreadPoolExecutor$Worker.run(ThreadPoolExecutor.java:624)
	... 1 more
Caused by: org.apache.ratis.thirdparty.io.netty.channel.AbstractChannel$AnnotatedConnectException: Connection refused: /192.168.30.53:33785
	at sun.nio.ch.SocketChannelImpl.checkConnect(Native Method)
	at sun.nio.ch.SocketChannelImpl.finishConnect(SocketChannelImpl.java:717)
	at org.apache.ratis.thirdparty.io.netty.channel.socket.nio.NioSocketChannel.doFinishConnect(NioSocketChannel.java:327)
	at org.apache.ratis.thirdparty.io.netty.channel.nio.AbstractNioChannel$AbstractNioUnsafe.finishConnect(AbstractNioChannel.java:340)
	at org.apache.ratis.thirdparty.io.netty.channel.nio.NioEventLoop.processSelectedKey(NioEventLoop.java:632)
	at org.apache.ratis.thirdparty.io.netty.channel.nio.NioEventLoop.processSelectedKeysOptimized(NioEventLoop.java:579)
	at org.apache.ratis.thirdparty.io.netty.channel.nio.NioEventLoop.processSelectedKeys(NioEventLoop.java:496)
	at org.apache.ratis.thirdparty.io.netty.channel.nio.NioEventLoop.run(NioEventLoop.java:458)
	at org.apache.ratis.thirdparty.io.netty.util.concurrent.SingleThreadEventExecutor$5.run(SingleThreadEventExecutor.java:897)
	at org.apache.ratis.thirdparty.io.netty.util.concurrent.FastThreadLocalRunnable.run(FastThreadLocalRunnable.java:30)
	... 1 more
Caused by: java.net.ConnectException: Connection refused
	... 11 more
2019-10-02 10:56:46,288 [b25f22f8-54cc-4ffd-bfcd-179cc8cbd7fc@group-1A77BEA84F5E-LeaderElection57] INFO  impl.LeaderElection (LogUtils.java:infoOrTrace(149)) - b25f22f8-54cc-4ffd-bfcd-179cc8cbd7fc@group-1A77BEA84F5E-LeaderElection57 got exception when requesting votes: {}
java.util.concurrent.ExecutionException: org.apache.ratis.thirdparty.io.grpc.StatusRuntimeException: UNAVAILABLE: io exception
	at java.util.concurrent.FutureTask.report(FutureTask.java:122)
	at java.util.concurrent.FutureTask.get(FutureTask.java:192)
	at org.apache.ratis.server.impl.LeaderElection.waitForResults(LeaderElection.java:259)
	at org.apache.ratis.server.impl.LeaderElection.askForVotes(LeaderElection.java:197)
	at org.apache.ratis.server.impl.LeaderElection.run(LeaderElection.java:133)
	at java.lang.Thread.run(Thread.java:748)
Caused by: org.apache.ratis.thirdparty.io.grpc.StatusRuntimeException: UNAVAILABLE: io exception
	at org.apache.ratis.thirdparty.io.grpc.stub.ClientCalls.toStatusRuntimeException(ClientCalls.java:233)
	at org.apache.ratis.thirdparty.io.grpc.stub.ClientCalls.getUnchecked(ClientCalls.java:214)
	at org.apache.ratis.thirdparty.io.grpc.stub.ClientCalls.blockingUnaryCall(ClientCalls.java:139)
	at org.apache.ratis.proto.grpc.RaftServerProtocolServiceGrpc$RaftServerProtocolServiceBlockingStub.requestVote(RaftServerProtocolServiceGrpc.java:265)
	at org.apache.ratis.grpc.server.GrpcServerProtocolClient.requestVote(GrpcServerProtocolClient.java:99)
	at org.apache.ratis.grpc.server.GrpcService.requestVote(GrpcService.java:204)
	at org.apache.ratis.server.impl.LeaderElection.lambda$submitRequests$1(LeaderElection.java:234)
	at java.util.concurrent.FutureTask.run(FutureTask.java:266)
	at java.util.concurrent.Executors$RunnableAdapter.call(Executors.java:511)
	at java.util.concurrent.FutureTask.run(FutureTask.java:266)
	at java.util.concurrent.ThreadPoolExecutor.runWorker(ThreadPoolExecutor.java:1149)
	at java.util.concurrent.ThreadPoolExecutor$Worker.run(ThreadPoolExecutor.java:624)
	... 1 more
Caused by: org.apache.ratis.thirdparty.io.netty.channel.AbstractChannel$AnnotatedConnectException: Connection refused: /192.168.30.53:33785
	at sun.nio.ch.SocketChannelImpl.checkConnect(Native Method)
	at sun.nio.ch.SocketChannelImpl.finishConnect(SocketChannelImpl.java:717)
	at org.apache.ratis.thirdparty.io.netty.channel.socket.nio.NioSocketChannel.doFinishConnect(NioSocketChannel.java:327)
	at org.apache.ratis.thirdparty.io.netty.channel.nio.AbstractNioChannel$AbstractNioUnsafe.finishConnect(AbstractNioChannel.java:340)
	at org.apache.ratis.thirdparty.io.netty.channel.nio.NioEventLoop.processSelectedKey(NioEventLoop.java:632)
	at org.apache.ratis.thirdparty.io.netty.channel.nio.NioEventLoop.processSelectedKeysOptimized(NioEventLoop.java:579)
	at org.apache.ratis.thirdparty.io.netty.channel.nio.NioEventLoop.processSelectedKeys(NioEventLoop.java:496)
	at org.apache.ratis.thirdparty.io.netty.channel.nio.NioEventLoop.run(NioEventLoop.java:458)
	at org.apache.ratis.thirdparty.io.netty.util.concurrent.SingleThreadEventExecutor$5.run(SingleThreadEventExecutor.java:897)
	at org.apache.ratis.thirdparty.io.netty.util.concurrent.FastThreadLocalRunnable.run(FastThreadLocalRunnable.java:30)
	... 1 more
Caused by: java.net.ConnectException: Connection refused
	... 11 more
2019-10-02 10:56:46,288 [b25f22f8-54cc-4ffd-bfcd-179cc8cbd7fc@group-BE47439FB225-LeaderElection58] INFO  impl.LeaderElection (LogUtils.java:infoOrTrace(149)) - b25f22f8-54cc-4ffd-bfcd-179cc8cbd7fc@group-BE47439FB225-LeaderElection58 got exception when requesting votes: {}
java.util.concurrent.ExecutionException: org.apache.ratis.thirdparty.io.grpc.StatusRuntimeException: UNAVAILABLE: io exception
	at java.util.concurrent.FutureTask.report(FutureTask.java:122)
	at java.util.concurrent.FutureTask.get(FutureTask.java:192)
	at org.apache.ratis.server.impl.LeaderElection.waitForResults(LeaderElection.java:259)
	at org.apache.ratis.server.impl.LeaderElection.askForVotes(LeaderElection.java:197)
	at org.apache.ratis.server.impl.LeaderElection.run(LeaderElection.java:133)
	at java.lang.Thread.run(Thread.java:748)
Caused by: org.apache.ratis.thirdparty.io.grpc.StatusRuntimeException: UNAVAILABLE: io exception
	at org.apache.ratis.thirdparty.io.grpc.stub.ClientCalls.toStatusRuntimeException(ClientCalls.java:233)
	at org.apache.ratis.thirdparty.io.grpc.stub.ClientCalls.getUnchecked(ClientCalls.java:214)
	at org.apache.ratis.thirdparty.io.grpc.stub.ClientCalls.blockingUnaryCall(ClientCalls.java:139)
	at org.apache.ratis.proto.grpc.RaftServerProtocolServiceGrpc$RaftServerProtocolServiceBlockingStub.requestVote(RaftServerProtocolServiceGrpc.java:265)
	at org.apache.ratis.grpc.server.GrpcServerProtocolClient.requestVote(GrpcServerProtocolClient.java:99)
	at org.apache.ratis.grpc.server.GrpcService.requestVote(GrpcService.java:204)
	at org.apache.ratis.server.impl.LeaderElection.lambda$submitRequests$1(LeaderElection.java:234)
	at java.util.concurrent.FutureTask.run(FutureTask.java:266)
	at java.util.concurrent.Executors$RunnableAdapter.call(Executors.java:511)
	at java.util.concurrent.FutureTask.run(FutureTask.java:266)
	at java.util.concurrent.ThreadPoolExecutor.runWorker(ThreadPoolExecutor.java:1149)
	at java.util.concurrent.ThreadPoolExecutor$Worker.run(ThreadPoolExecutor.java:624)
	... 1 more
Caused by: org.apache.ratis.thirdparty.io.netty.channel.AbstractChannel$AnnotatedConnectException: Connection refused: /192.168.30.53:34960
	at sun.nio.ch.SocketChannelImpl.checkConnect(Native Method)
	at sun.nio.ch.SocketChannelImpl.finishConnect(SocketChannelImpl.java:717)
	at org.apache.ratis.thirdparty.io.netty.channel.socket.nio.NioSocketChannel.doFinishConnect(NioSocketChannel.java:327)
	at org.apache.ratis.thirdparty.io.netty.channel.nio.AbstractNioChannel$AbstractNioUnsafe.finishConnect(AbstractNioChannel.java:340)
	at org.apache.ratis.thirdparty.io.netty.channel.nio.NioEventLoop.processSelectedKey(NioEventLoop.java:632)
	at org.apache.ratis.thirdparty.io.netty.channel.nio.NioEventLoop.processSelectedKeysOptimized(NioEventLoop.java:579)
	at org.apache.ratis.thirdparty.io.netty.channel.nio.NioEventLoop.processSelectedKeys(NioEventLoop.java:496)
	at org.apache.ratis.thirdparty.io.netty.channel.nio.NioEventLoop.run(NioEventLoop.java:458)
	at org.apache.ratis.thirdparty.io.netty.util.concurrent.SingleThreadEventExecutor$5.run(SingleThreadEventExecutor.java:897)
	at org.apache.ratis.thirdparty.io.netty.util.concurrent.FastThreadLocalRunnable.run(FastThreadLocalRunnable.java:30)
	... 1 more
Caused by: java.net.ConnectException: Connection refused
	... 11 more
2019-10-02 10:56:46,289 [b25f22f8-54cc-4ffd-bfcd-179cc8cbd7fc@group-1A77BEA84F5E-LeaderElection57] INFO  impl.LeaderElection (LogUtils.java:infoOrTrace(149)) - b25f22f8-54cc-4ffd-bfcd-179cc8cbd7fc@group-1A77BEA84F5E-LeaderElection57 got exception when requesting votes: {}
java.util.concurrent.ExecutionException: org.apache.ratis.thirdparty.io.grpc.StatusRuntimeException: UNAVAILABLE: io exception
	at java.util.concurrent.FutureTask.report(FutureTask.java:122)
	at java.util.concurrent.FutureTask.get(FutureTask.java:192)
	at org.apache.ratis.server.impl.LeaderElection.waitForResults(LeaderElection.java:259)
	at org.apache.ratis.server.impl.LeaderElection.askForVotes(LeaderElection.java:197)
	at org.apache.ratis.server.impl.LeaderElection.run(LeaderElection.java:133)
	at java.lang.Thread.run(Thread.java:748)
Caused by: org.apache.ratis.thirdparty.io.grpc.StatusRuntimeException: UNAVAILABLE: io exception
	at org.apache.ratis.thirdparty.io.grpc.stub.ClientCalls.toStatusRuntimeException(ClientCalls.java:233)
	at org.apache.ratis.thirdparty.io.grpc.stub.ClientCalls.getUnchecked(ClientCalls.java:214)
	at org.apache.ratis.thirdparty.io.grpc.stub.ClientCalls.blockingUnaryCall(ClientCalls.java:139)
	at org.apache.ratis.proto.grpc.RaftServerProtocolServiceGrpc$RaftServerProtocolServiceBlockingStub.requestVote(RaftServerProtocolServiceGrpc.java:265)
	at org.apache.ratis.grpc.server.GrpcServerProtocolClient.requestVote(GrpcServerProtocolClient.java:99)
	at org.apache.ratis.grpc.server.GrpcService.requestVote(GrpcService.java:204)
	at org.apache.ratis.server.impl.LeaderElection.lambda$submitRequests$1(LeaderElection.java:234)
	at java.util.concurrent.FutureTask.run(FutureTask.java:266)
	at java.util.concurrent.Executors$RunnableAdapter.call(Executors.java:511)
	at java.util.concurrent.FutureTask.run(FutureTask.java:266)
	at java.util.concurrent.ThreadPoolExecutor.runWorker(ThreadPoolExecutor.java:1149)
	at java.util.concurrent.ThreadPoolExecutor$Worker.run(ThreadPoolExecutor.java:624)
	... 1 more
Caused by: org.apache.ratis.thirdparty.io.netty.channel.AbstractChannel$AnnotatedConnectException: Connection refused: /192.168.30.53:34960
	at sun.nio.ch.SocketChannelImpl.checkConnect(Native Method)
	at sun.nio.ch.SocketChannelImpl.finishConnect(SocketChannelImpl.java:717)
	at org.apache.ratis.thirdparty.io.netty.channel.socket.nio.NioSocketChannel.doFinishConnect(NioSocketChannel.java:327)
	at org.apache.ratis.thirdparty.io.netty.channel.nio.AbstractNioChannel$AbstractNioUnsafe.finishConnect(AbstractNioChannel.java:340)
	at org.apache.ratis.thirdparty.io.netty.channel.nio.NioEventLoop.processSelectedKey(NioEventLoop.java:632)
	at org.apache.ratis.thirdparty.io.netty.channel.nio.NioEventLoop.processSelectedKeysOptimized(NioEventLoop.java:579)
	at org.apache.ratis.thirdparty.io.netty.channel.nio.NioEventLoop.processSelectedKeys(NioEventLoop.java:496)
	at org.apache.ratis.thirdparty.io.netty.channel.nio.NioEventLoop.run(NioEventLoop.java:458)
	at org.apache.ratis.thirdparty.io.netty.util.concurrent.SingleThreadEventExecutor$5.run(SingleThreadEventExecutor.java:897)
	at org.apache.ratis.thirdparty.io.netty.util.concurrent.FastThreadLocalRunnable.run(FastThreadLocalRunnable.java:30)
	... 1 more
Caused by: java.net.ConnectException: Connection refused
	... 11 more
2019-10-02 10:56:46,289 [b25f22f8-54cc-4ffd-bfcd-179cc8cbd7fc@group-BE47439FB225-LeaderElection58] INFO  impl.LeaderElection (LeaderElection.java:logAndReturn(56)) - b25f22f8-54cc-4ffd-bfcd-179cc8cbd7fc@group-BE47439FB225-LeaderElection58: Election REJECTED; received 0 response(s) [] and 2 exception(s); b25f22f8-54cc-4ffd-bfcd-179cc8cbd7fc@group-BE47439FB225:t4, leader=null, voted=b25f22f8-54cc-4ffd-bfcd-179cc8cbd7fc, raftlog=b25f22f8-54cc-4ffd-bfcd-179cc8cbd7fc@group-BE47439FB225-SegmentedRaftLog:OPENED:c0,f0,i0, conf=0: [d3dffc06-1d6a-4f7a-8294-c2dc8ce35b40:192.168.30.53:33785, 7df38282-3a3d-4206-964a-9b3301cd1d1f:192.168.30.53:34960, b25f22f8-54cc-4ffd-bfcd-179cc8cbd7fc:192.168.30.53:42549], old=null
2019-10-02 10:56:46,290 [b25f22f8-54cc-4ffd-bfcd-179cc8cbd7fc@group-1A77BEA84F5E-LeaderElection57] INFO  impl.LeaderElection (LeaderElection.java:logAndReturn(56)) - b25f22f8-54cc-4ffd-bfcd-179cc8cbd7fc@group-1A77BEA84F5E-LeaderElection57: Election REJECTED; received 0 response(s) [] and 2 exception(s); b25f22f8-54cc-4ffd-bfcd-179cc8cbd7fc@group-1A77BEA84F5E:t4, leader=null, voted=b25f22f8-54cc-4ffd-bfcd-179cc8cbd7fc, raftlog=b25f22f8-54cc-4ffd-bfcd-179cc8cbd7fc@group-1A77BEA84F5E-SegmentedRaftLog:OPENED:c0,f0,i0, conf=0: [d3dffc06-1d6a-4f7a-8294-c2dc8ce35b40:192.168.30.53:33785, 7df38282-3a3d-4206-964a-9b3301cd1d1f:192.168.30.53:34960, b25f22f8-54cc-4ffd-bfcd-179cc8cbd7fc:192.168.30.53:42549], old=null
2019-10-02 10:56:46,290 [b25f22f8-54cc-4ffd-bfcd-179cc8cbd7fc@group-BE47439FB225-LeaderElection58] INFO  impl.LeaderElection (LogUtils.java:infoOrTrace(149)) -   Exception 0: {}
java.util.concurrent.ExecutionException: org.apache.ratis.thirdparty.io.grpc.StatusRuntimeException: UNAVAILABLE: io exception
	at java.util.concurrent.FutureTask.report(FutureTask.java:122)
	at java.util.concurrent.FutureTask.get(FutureTask.java:192)
	at org.apache.ratis.server.impl.LeaderElection.waitForResults(LeaderElection.java:259)
	at org.apache.ratis.server.impl.LeaderElection.askForVotes(LeaderElection.java:197)
	at org.apache.ratis.server.impl.LeaderElection.run(LeaderElection.java:133)
	at java.lang.Thread.run(Thread.java:748)
Caused by: org.apache.ratis.thirdparty.io.grpc.StatusRuntimeException: UNAVAILABLE: io exception
	at org.apache.ratis.thirdparty.io.grpc.stub.ClientCalls.toStatusRuntimeException(ClientCalls.java:233)
	at org.apache.ratis.thirdparty.io.grpc.stub.ClientCalls.getUnchecked(ClientCalls.java:214)
	at org.apache.ratis.thirdparty.io.grpc.stub.ClientCalls.blockingUnaryCall(ClientCalls.java:139)
	at org.apache.ratis.proto.grpc.RaftServerProtocolServiceGrpc$RaftServerProtocolServiceBlockingStub.requestVote(RaftServerProtocolServiceGrpc.java:265)
	at org.apache.ratis.grpc.server.GrpcServerProtocolClient.requestVote(GrpcServerProtocolClient.java:99)
	at org.apache.ratis.grpc.server.GrpcService.requestVote(GrpcService.java:204)
	at org.apache.ratis.server.impl.LeaderElection.lambda$submitRequests$1(LeaderElection.java:234)
	at java.util.concurrent.FutureTask.run(FutureTask.java:266)
	at java.util.concurrent.Executors$RunnableAdapter.call(Executors.java:511)
	at java.util.concurrent.FutureTask.run(FutureTask.java:266)
	at java.util.concurrent.ThreadPoolExecutor.runWorker(ThreadPoolExecutor.java:1149)
	at java.util.concurrent.ThreadPoolExecutor$Worker.run(ThreadPoolExecutor.java:624)
	... 1 more
Caused by: org.apache.ratis.thirdparty.io.netty.channel.AbstractChannel$AnnotatedConnectException: Connection refused: /192.168.30.53:33785
	at sun.nio.ch.SocketChannelImpl.checkConnect(Native Method)
	at sun.nio.ch.SocketChannelImpl.finishConnect(SocketChannelImpl.java:717)
	at org.apache.ratis.thirdparty.io.netty.channel.socket.nio.NioSocketChannel.doFinishConnect(NioSocketChannel.java:327)
	at org.apache.ratis.thirdparty.io.netty.channel.nio.AbstractNioChannel$AbstractNioUnsafe.finishConnect(AbstractNioChannel.java:340)
	at org.apache.ratis.thirdparty.io.netty.channel.nio.NioEventLoop.processSelectedKey(NioEventLoop.java:632)
	at org.apache.ratis.thirdparty.io.netty.channel.nio.NioEventLoop.processSelectedKeysOptimized(NioEventLoop.java:579)
	at org.apache.ratis.thirdparty.io.netty.channel.nio.NioEventLoop.processSelectedKeys(NioEventLoop.java:496)
	at org.apache.ratis.thirdparty.io.netty.channel.nio.NioEventLoop.run(NioEventLoop.java:458)
	at org.apache.ratis.thirdparty.io.netty.util.concurrent.SingleThreadEventExecutor$5.run(SingleThreadEventExecutor.java:897)
	at org.apache.ratis.thirdparty.io.netty.util.concurrent.FastThreadLocalRunnable.run(FastThreadLocalRunnable.java:30)
	... 1 more
Caused by: java.net.ConnectException: Connection refused
	... 11 more
2019-10-02 10:56:46,290 [b25f22f8-54cc-4ffd-bfcd-179cc8cbd7fc@group-1A77BEA84F5E-LeaderElection57] INFO  impl.LeaderElection (LogUtils.java:infoOrTrace(149)) -   Exception 0: {}
java.util.concurrent.ExecutionException: org.apache.ratis.thirdparty.io.grpc.StatusRuntimeException: UNAVAILABLE: io exception
	at java.util.concurrent.FutureTask.report(FutureTask.java:122)
	at java.util.concurrent.FutureTask.get(FutureTask.java:192)
	at org.apache.ratis.server.impl.LeaderElection.waitForResults(LeaderElection.java:259)
	at org.apache.ratis.server.impl.LeaderElection.askForVotes(LeaderElection.java:197)
	at org.apache.ratis.server.impl.LeaderElection.run(LeaderElection.java:133)
	at java.lang.Thread.run(Thread.java:748)
Caused by: org.apache.ratis.thirdparty.io.grpc.StatusRuntimeException: UNAVAILABLE: io exception
	at org.apache.ratis.thirdparty.io.grpc.stub.ClientCalls.toStatusRuntimeException(ClientCalls.java:233)
	at org.apache.ratis.thirdparty.io.grpc.stub.ClientCalls.getUnchecked(ClientCalls.java:214)
	at org.apache.ratis.thirdparty.io.grpc.stub.ClientCalls.blockingUnaryCall(ClientCalls.java:139)
	at org.apache.ratis.proto.grpc.RaftServerProtocolServiceGrpc$RaftServerProtocolServiceBlockingStub.requestVote(RaftServerProtocolServiceGrpc.java:265)
	at org.apache.ratis.grpc.server.GrpcServerProtocolClient.requestVote(GrpcServerProtocolClient.java:99)
	at org.apache.ratis.grpc.server.GrpcService.requestVote(GrpcService.java:204)
	at org.apache.ratis.server.impl.LeaderElection.lambda$submitRequests$1(LeaderElection.java:234)
	at java.util.concurrent.FutureTask.run(FutureTask.java:266)
	at java.util.concurrent.Executors$RunnableAdapter.call(Executors.java:511)
	at java.util.concurrent.FutureTask.run(FutureTask.java:266)
	at java.util.concurrent.ThreadPoolExecutor.runWorker(ThreadPoolExecutor.java:1149)
	at java.util.concurrent.ThreadPoolExecutor$Worker.run(ThreadPoolExecutor.java:624)
	... 1 more
Caused by: org.apache.ratis.thirdparty.io.netty.channel.AbstractChannel$AnnotatedConnectException: Connection refused: /192.168.30.53:33785
	at sun.nio.ch.SocketChannelImpl.checkConnect(Native Method)
	at sun.nio.ch.SocketChannelImpl.finishConnect(SocketChannelImpl.java:717)
	at org.apache.ratis.thirdparty.io.netty.channel.socket.nio.NioSocketChannel.doFinishConnect(NioSocketChannel.java:327)
	at org.apache.ratis.thirdparty.io.netty.channel.nio.AbstractNioChannel$AbstractNioUnsafe.finishConnect(AbstractNioChannel.java:340)
	at org.apache.ratis.thirdparty.io.netty.channel.nio.NioEventLoop.processSelectedKey(NioEventLoop.java:632)
	at org.apache.ratis.thirdparty.io.netty.channel.nio.NioEventLoop.processSelectedKeysOptimized(NioEventLoop.java:579)
	at org.apache.ratis.thirdparty.io.netty.channel.nio.NioEventLoop.processSelectedKeys(NioEventLoop.java:496)
	at org.apache.ratis.thirdparty.io.netty.channel.nio.NioEventLoop.run(NioEventLoop.java:458)
	at org.apache.ratis.thirdparty.io.netty.util.concurrent.SingleThreadEventExecutor$5.run(SingleThreadEventExecutor.java:897)
	at org.apache.ratis.thirdparty.io.netty.util.concurrent.FastThreadLocalRunnable.run(FastThreadLocalRunnable.java:30)
	... 1 more
Caused by: java.net.ConnectException: Connection refused
	... 11 more
2019-10-02 10:56:46,290 [b25f22f8-54cc-4ffd-bfcd-179cc8cbd7fc@group-BE47439FB225-LeaderElection58] INFO  impl.LeaderElection (LogUtils.java:infoOrTrace(149)) -   Exception 1: {}
java.util.concurrent.ExecutionException: org.apache.ratis.thirdparty.io.grpc.StatusRuntimeException: UNAVAILABLE: io exception
	at java.util.concurrent.FutureTask.report(FutureTask.java:122)
	at java.util.concurrent.FutureTask.get(FutureTask.java:192)
	at org.apache.ratis.server.impl.LeaderElection.waitForResults(LeaderElection.java:259)
	at org.apache.ratis.server.impl.LeaderElection.askForVotes(LeaderElection.java:197)
	at org.apache.ratis.server.impl.LeaderElection.run(LeaderElection.java:133)
	at java.lang.Thread.run(Thread.java:748)
Caused by: org.apache.ratis.thirdparty.io.grpc.StatusRuntimeException: UNAVAILABLE: io exception
	at org.apache.ratis.thirdparty.io.grpc.stub.ClientCalls.toStatusRuntimeException(ClientCalls.java:233)
	at org.apache.ratis.thirdparty.io.grpc.stub.ClientCalls.getUnchecked(ClientCalls.java:214)
	at org.apache.ratis.thirdparty.io.grpc.stub.ClientCalls.blockingUnaryCall(ClientCalls.java:139)
	at org.apache.ratis.proto.grpc.RaftServerProtocolServiceGrpc$RaftServerProtocolServiceBlockingStub.requestVote(RaftServerProtocolServiceGrpc.java:265)
	at org.apache.ratis.grpc.server.GrpcServerProtocolClient.requestVote(GrpcServerProtocolClient.java:99)
	at org.apache.ratis.grpc.server.GrpcService.requestVote(GrpcService.java:204)
	at org.apache.ratis.server.impl.LeaderElection.lambda$submitRequests$1(LeaderElection.java:234)
	at java.util.concurrent.FutureTask.run(FutureTask.java:266)
	at java.util.concurrent.Executors$RunnableAdapter.call(Executors.java:511)
	at java.util.concurrent.FutureTask.run(FutureTask.java:266)
	at java.util.concurrent.ThreadPoolExecutor.runWorker(ThreadPoolExecutor.java:1149)
	at java.util.concurrent.ThreadPoolExecutor$Worker.run(ThreadPoolExecutor.java:624)
	... 1 more
Caused by: org.apache.ratis.thirdparty.io.netty.channel.AbstractChannel$AnnotatedConnectException: Connection refused: /192.168.30.53:34960
	at sun.nio.ch.SocketChannelImpl.checkConnect(Native Method)
	at sun.nio.ch.SocketChannelImpl.finishConnect(SocketChannelImpl.java:717)
	at org.apache.ratis.thirdparty.io.netty.channel.socket.nio.NioSocketChannel.doFinishConnect(NioSocketChannel.java:327)
	at org.apache.ratis.thirdparty.io.netty.channel.nio.AbstractNioChannel$AbstractNioUnsafe.finishConnect(AbstractNioChannel.java:340)
	at org.apache.ratis.thirdparty.io.netty.channel.nio.NioEventLoop.processSelectedKey(NioEventLoop.java:632)
	at org.apache.ratis.thirdparty.io.netty.channel.nio.NioEventLoop.processSelectedKeysOptimized(NioEventLoop.java:579)
	at org.apache.ratis.thirdparty.io.netty.channel.nio.NioEventLoop.processSelectedKeys(NioEventLoop.java:496)
	at org.apache.ratis.thirdparty.io.netty.channel.nio.NioEventLoop.run(NioEventLoop.java:458)
	at org.apache.ratis.thirdparty.io.netty.util.concurrent.SingleThreadEventExecutor$5.run(SingleThreadEventExecutor.java:897)
	at org.apache.ratis.thirdparty.io.netty.util.concurrent.FastThreadLocalRunnable.run(FastThreadLocalRunnable.java:30)
	... 1 more
Caused by: java.net.ConnectException: Connection refused
	... 11 more
2019-10-02 10:56:46,291 [b25f22f8-54cc-4ffd-bfcd-179cc8cbd7fc@group-1A77BEA84F5E-LeaderElection57] INFO  impl.LeaderElection (LogUtils.java:infoOrTrace(149)) -   Exception 1: {}
java.util.concurrent.ExecutionException: org.apache.ratis.thirdparty.io.grpc.StatusRuntimeException: UNAVAILABLE: io exception
	at java.util.concurrent.FutureTask.report(FutureTask.java:122)
	at java.util.concurrent.FutureTask.get(FutureTask.java:192)
	at org.apache.ratis.server.impl.LeaderElection.waitForResults(LeaderElection.java:259)
	at org.apache.ratis.server.impl.LeaderElection.askForVotes(LeaderElection.java:197)
	at org.apache.ratis.server.impl.LeaderElection.run(LeaderElection.java:133)
	at java.lang.Thread.run(Thread.java:748)
Caused by: org.apache.ratis.thirdparty.io.grpc.StatusRuntimeException: UNAVAILABLE: io exception
	at org.apache.ratis.thirdparty.io.grpc.stub.ClientCalls.toStatusRuntimeException(ClientCalls.java:233)
	at org.apache.ratis.thirdparty.io.grpc.stub.ClientCalls.getUnchecked(ClientCalls.java:214)
	at org.apache.ratis.thirdparty.io.grpc.stub.ClientCalls.blockingUnaryCall(ClientCalls.java:139)
	at org.apache.ratis.proto.grpc.RaftServerProtocolServiceGrpc$RaftServerProtocolServiceBlockingStub.requestVote(RaftServerProtocolServiceGrpc.java:265)
	at org.apache.ratis.grpc.server.GrpcServerProtocolClient.requestVote(GrpcServerProtocolClient.java:99)
	at org.apache.ratis.grpc.server.GrpcService.requestVote(GrpcService.java:204)
	at org.apache.ratis.server.impl.LeaderElection.lambda$submitRequests$1(LeaderElection.java:234)
	at java.util.concurrent.FutureTask.run(FutureTask.java:266)
	at java.util.concurrent.Executors$RunnableAdapter.call(Executors.java:511)
	at java.util.concurrent.FutureTask.run(FutureTask.java:266)
	at java.util.concurrent.ThreadPoolExecutor.runWorker(ThreadPoolExecutor.java:1149)
	at java.util.concurrent.ThreadPoolExecutor$Worker.run(ThreadPoolExecutor.java:624)
	... 1 more
Caused by: org.apache.ratis.thirdparty.io.netty.channel.AbstractChannel$AnnotatedConnectException: Connection refused: /192.168.30.53:34960
	at sun.nio.ch.SocketChannelImpl.checkConnect(Native Method)
	at sun.nio.ch.SocketChannelImpl.finishConnect(SocketChannelImpl.java:717)
	at org.apache.ratis.thirdparty.io.netty.channel.socket.nio.NioSocketChannel.doFinishConnect(NioSocketChannel.java:327)
	at org.apache.ratis.thirdparty.io.netty.channel.nio.AbstractNioChannel$AbstractNioUnsafe.finishConnect(AbstractNioChannel.java:340)
	at org.apache.ratis.thirdparty.io.netty.channel.nio.NioEventLoop.processSelectedKey(NioEventLoop.java:632)
	at org.apache.ratis.thirdparty.io.netty.channel.nio.NioEventLoop.processSelectedKeysOptimized(NioEventLoop.java:579)
	at org.apache.ratis.thirdparty.io.netty.channel.nio.NioEventLoop.processSelectedKeys(NioEventLoop.java:496)
	at org.apache.ratis.thirdparty.io.netty.channel.nio.NioEventLoop.run(NioEventLoop.java:458)
	at org.apache.ratis.thirdparty.io.netty.util.concurrent.SingleThreadEventExecutor$5.run(SingleThreadEventExecutor.java:897)
	at org.apache.ratis.thirdparty.io.netty.util.concurrent.FastThreadLocalRunnable.run(FastThreadLocalRunnable.java:30)
	... 1 more
Caused by: java.net.ConnectException: Connection refused
	... 11 more
2019-10-02 10:56:46,291 [b25f22f8-54cc-4ffd-bfcd-179cc8cbd7fc@group-BE47439FB225-LeaderElection58] INFO  impl.RaftServerImpl (RaftServerImpl.java:setRole(170)) - b25f22f8-54cc-4ffd-bfcd-179cc8cbd7fc@group-BE47439FB225: changes role from CANDIDATE to FOLLOWER at term 4 for DISCOVERED_A_NEW_TERM
2019-10-02 10:56:46,292 [b25f22f8-54cc-4ffd-bfcd-179cc8cbd7fc@group-1A77BEA84F5E-LeaderElection57] INFO  impl.RaftServerImpl (RaftServerImpl.java:setRole(170)) - b25f22f8-54cc-4ffd-bfcd-179cc8cbd7fc@group-1A77BEA84F5E: changes role from CANDIDATE to FOLLOWER at term 4 for DISCOVERED_A_NEW_TERM
2019-10-02 10:56:46,292 [b25f22f8-54cc-4ffd-bfcd-179cc8cbd7fc@group-BE47439FB225-LeaderElection58] INFO  impl.RoleInfo (RoleInfo.java:shutdownLeaderElection(134)) - b25f22f8-54cc-4ffd-bfcd-179cc8cbd7fc: shutdown LeaderElection
2019-10-02 10:56:46,292 [b25f22f8-54cc-4ffd-bfcd-179cc8cbd7fc@group-1A77BEA84F5E-LeaderElection57] INFO  impl.RoleInfo (RoleInfo.java:shutdownLeaderElection(134)) - b25f22f8-54cc-4ffd-bfcd-179cc8cbd7fc: shutdown LeaderElection
2019-10-02 10:56:46,292 [b25f22f8-54cc-4ffd-bfcd-179cc8cbd7fc@group-BE47439FB225-LeaderElection58] INFO  impl.RoleInfo (RoleInfo.java:updateAndGet(143)) - b25f22f8-54cc-4ffd-bfcd-179cc8cbd7fc: start FollowerState
2019-10-02 10:56:46,292 [b25f22f8-54cc-4ffd-bfcd-179cc8cbd7fc@group-1A77BEA84F5E-LeaderElection57] INFO  impl.RoleInfo (RoleInfo.java:updateAndGet(143)) - b25f22f8-54cc-4ffd-bfcd-179cc8cbd7fc: start FollowerState
2019-10-02 10:56:46,458 [grpc-default-executor-7] WARN  server.GrpcLogAppender (LogUtils.java:warn(134)) - b25f22f8-54cc-4ffd-bfcd-179cc8cbd7fc@group-6B83A71B3C43->d3dffc06-1d6a-4f7a-8294-c2dc8ce35b40-AppendLogResponseHandler: Failed appendEntries: org.apache.ratis.thirdparty.io.grpc.StatusRuntimeException: UNAVAILABLE: io exception
2019-10-02 10:56:46,459 [grpc-default-executor-7] INFO  impl.FollowerInfo (FollowerInfo.java:lambda$new$0(51)) - b25f22f8-54cc-4ffd-bfcd-179cc8cbd7fc@group-6B83A71B3C43->d3dffc06-1d6a-4f7a-8294-c2dc8ce35b40: nextIndex: updateUnconditionally 0 -> 0
2019-10-02 10:56:46,478 [grpc-default-executor-7] WARN  server.GrpcLogAppender (LogUtils.java:warn(134)) - b25f22f8-54cc-4ffd-bfcd-179cc8cbd7fc@group-6B83A71B3C43->7df38282-3a3d-4206-964a-9b3301cd1d1f-AppendLogResponseHandler: Failed appendEntries: org.apache.ratis.thirdparty.io.grpc.StatusRuntimeException: UNAVAILABLE: io exception
2019-10-02 10:56:46,479 [grpc-default-executor-7] INFO  impl.FollowerInfo (FollowerInfo.java:lambda$new$0(51)) - b25f22f8-54cc-4ffd-bfcd-179cc8cbd7fc@group-6B83A71B3C43->7df38282-3a3d-4206-964a-9b3301cd1d1f: nextIndex: updateUnconditionally 0 -> 0
2019-10-02 10:56:46,613 [grpc-default-executor-4] WARN  server.GrpcLogAppender (LogUtils.java:warn(134)) - b25f22f8-54cc-4ffd-bfcd-179cc8cbd7fc@group-49987F7A8A7C->d3dffc06-1d6a-4f7a-8294-c2dc8ce35b40-AppendLogResponseHandler: Failed appendEntries: org.apache.ratis.thirdparty.io.grpc.StatusRuntimeException: UNAVAILABLE: io exception
2019-10-02 10:56:46,613 [grpc-default-executor-4] INFO  impl.FollowerInfo (FollowerInfo.java:lambda$new$0(51)) - b25f22f8-54cc-4ffd-bfcd-179cc8cbd7fc@group-49987F7A8A7C->d3dffc06-1d6a-4f7a-8294-c2dc8ce35b40: nextIndex: updateUnconditionally 0 -> 0
2019-10-02 10:56:46,675 [grpc-default-executor-4] WARN  server.GrpcLogAppender (LogUtils.java:warn(134)) - b25f22f8-54cc-4ffd-bfcd-179cc8cbd7fc@group-49987F7A8A7C->7df38282-3a3d-4206-964a-9b3301cd1d1f-AppendLogResponseHandler: Failed appendEntries: org.apache.ratis.thirdparty.io.grpc.StatusRuntimeException: UNAVAILABLE: io exception
2019-10-02 10:56:46,676 [grpc-default-executor-4] INFO  impl.FollowerInfo (FollowerInfo.java:lambda$new$0(51)) - b25f22f8-54cc-4ffd-bfcd-179cc8cbd7fc@group-49987F7A8A7C->7df38282-3a3d-4206-964a-9b3301cd1d1f: nextIndex: updateUnconditionally 0 -> 0
2019-10-02 10:56:46,961 [grpc-default-executor-4] WARN  server.GrpcLogAppender (LogUtils.java:warn(134)) - b25f22f8-54cc-4ffd-bfcd-179cc8cbd7fc@group-6B83A71B3C43->d3dffc06-1d6a-4f7a-8294-c2dc8ce35b40-AppendLogResponseHandler: Failed appendEntries: org.apache.ratis.thirdparty.io.grpc.StatusRuntimeException: UNAVAILABLE: io exception
2019-10-02 10:56:46,961 [grpc-default-executor-4] INFO  impl.FollowerInfo (FollowerInfo.java:lambda$new$0(51)) - b25f22f8-54cc-4ffd-bfcd-179cc8cbd7fc@group-6B83A71B3C43->d3dffc06-1d6a-4f7a-8294-c2dc8ce35b40: nextIndex: updateUnconditionally 0 -> 0
2019-10-02 10:56:46,980 [grpc-default-executor-1] WARN  server.GrpcLogAppender (LogUtils.java:warn(134)) - b25f22f8-54cc-4ffd-bfcd-179cc8cbd7fc@group-6B83A71B3C43->7df38282-3a3d-4206-964a-9b3301cd1d1f-AppendLogResponseHandler: Failed appendEntries: org.apache.ratis.thirdparty.io.grpc.StatusRuntimeException: UNAVAILABLE: io exception
2019-10-02 10:56:46,981 [grpc-default-executor-1] INFO  impl.FollowerInfo (FollowerInfo.java:lambda$new$0(51)) - b25f22f8-54cc-4ffd-bfcd-179cc8cbd7fc@group-6B83A71B3C43->7df38282-3a3d-4206-964a-9b3301cd1d1f: nextIndex: updateUnconditionally 0 -> 0
2019-10-02 10:56:47,056 [Thread-979] INFO  impl.FollowerState (FollowerState.java:run(108)) - b25f22f8-54cc-4ffd-bfcd-179cc8cbd7fc@group-C476C2B24A7C-FollowerState: change to CANDIDATE, lastRpcTime:1166ms, electionTimeout:1166ms
2019-10-02 10:56:47,056 [Thread-979] INFO  impl.RoleInfo (RoleInfo.java:shutdownFollowerState(121)) - b25f22f8-54cc-4ffd-bfcd-179cc8cbd7fc: shutdown FollowerState
2019-10-02 10:56:47,056 [Thread-979] INFO  impl.RaftServerImpl (RaftServerImpl.java:setRole(170)) - b25f22f8-54cc-4ffd-bfcd-179cc8cbd7fc@group-C476C2B24A7C: changes role from  FOLLOWER to CANDIDATE at term 6 for changeToCandidate
2019-10-02 10:56:47,056 [Thread-979] INFO  impl.RoleInfo (RoleInfo.java:updateAndGet(143)) - b25f22f8-54cc-4ffd-bfcd-179cc8cbd7fc: start LeaderElection
2019-10-02 10:56:47,080 [b25f22f8-54cc-4ffd-bfcd-179cc8cbd7fc@group-C476C2B24A7C-LeaderElection59] INFO  impl.LeaderElection (LeaderElection.java:askForVotes(178)) - b25f22f8-54cc-4ffd-bfcd-179cc8cbd7fc@group-C476C2B24A7C-LeaderElection59: begin an election at term 7 for 1: [d3dffc06-1d6a-4f7a-8294-c2dc8ce35b40:192.168.30.53:33785, 7df38282-3a3d-4206-964a-9b3301cd1d1f:192.168.30.53:34960, b25f22f8-54cc-4ffd-bfcd-179cc8cbd7fc:192.168.30.53:42549], old=null
2019-10-02 10:56:47,083 [b25f22f8-54cc-4ffd-bfcd-179cc8cbd7fc@group-C476C2B24A7C-LeaderElection59] INFO  impl.LeaderElection (LogUtils.java:infoOrTrace(149)) - b25f22f8-54cc-4ffd-bfcd-179cc8cbd7fc@group-C476C2B24A7C-LeaderElection59 got exception when requesting votes: {}
java.util.concurrent.ExecutionException: org.apache.ratis.thirdparty.io.grpc.StatusRuntimeException: UNAVAILABLE: io exception
	at java.util.concurrent.FutureTask.report(FutureTask.java:122)
	at java.util.concurrent.FutureTask.get(FutureTask.java:192)
	at org.apache.ratis.server.impl.LeaderElection.waitForResults(LeaderElection.java:259)
	at org.apache.ratis.server.impl.LeaderElection.askForVotes(LeaderElection.java:197)
	at org.apache.ratis.server.impl.LeaderElection.run(LeaderElection.java:133)
	at java.lang.Thread.run(Thread.java:748)
Caused by: org.apache.ratis.thirdparty.io.grpc.StatusRuntimeException: UNAVAILABLE: io exception
	at org.apache.ratis.thirdparty.io.grpc.stub.ClientCalls.toStatusRuntimeException(ClientCalls.java:233)
	at org.apache.ratis.thirdparty.io.grpc.stub.ClientCalls.getUnchecked(ClientCalls.java:214)
	at org.apache.ratis.thirdparty.io.grpc.stub.ClientCalls.blockingUnaryCall(ClientCalls.java:139)
	at org.apache.ratis.proto.grpc.RaftServerProtocolServiceGrpc$RaftServerProtocolServiceBlockingStub.requestVote(RaftServerProtocolServiceGrpc.java:265)
	at org.apache.ratis.grpc.server.GrpcServerProtocolClient.requestVote(GrpcServerProtocolClient.java:99)
	at org.apache.ratis.grpc.server.GrpcService.requestVote(GrpcService.java:204)
	at org.apache.ratis.server.impl.LeaderElection.lambda$submitRequests$1(LeaderElection.java:234)
	at java.util.concurrent.FutureTask.run(FutureTask.java:266)
	at java.util.concurrent.Executors$RunnableAdapter.call(Executors.java:511)
	at java.util.concurrent.FutureTask.run(FutureTask.java:266)
	at java.util.concurrent.ThreadPoolExecutor.runWorker(ThreadPoolExecutor.java:1149)
	at java.util.concurrent.ThreadPoolExecutor$Worker.run(ThreadPoolExecutor.java:624)
	... 1 more
Caused by: org.apache.ratis.thirdparty.io.netty.channel.AbstractChannel$AnnotatedConnectException: Connection refused: /192.168.30.53:33785
	at sun.nio.ch.SocketChannelImpl.checkConnect(Native Method)
	at sun.nio.ch.SocketChannelImpl.finishConnect(SocketChannelImpl.java:717)
	at org.apache.ratis.thirdparty.io.netty.channel.socket.nio.NioSocketChannel.doFinishConnect(NioSocketChannel.java:327)
	at org.apache.ratis.thirdparty.io.netty.channel.nio.AbstractNioChannel$AbstractNioUnsafe.finishConnect(AbstractNioChannel.java:340)
	at org.apache.ratis.thirdparty.io.netty.channel.nio.NioEventLoop.processSelectedKey(NioEventLoop.java:632)
	at org.apache.ratis.thirdparty.io.netty.channel.nio.NioEventLoop.processSelectedKeysOptimized(NioEventLoop.java:579)
	at org.apache.ratis.thirdparty.io.netty.channel.nio.NioEventLoop.processSelectedKeys(NioEventLoop.java:496)
	at org.apache.ratis.thirdparty.io.netty.channel.nio.NioEventLoop.run(NioEventLoop.java:458)
	at org.apache.ratis.thirdparty.io.netty.util.concurrent.SingleThreadEventExecutor$5.run(SingleThreadEventExecutor.java:897)
	at org.apache.ratis.thirdparty.io.netty.util.concurrent.FastThreadLocalRunnable.run(FastThreadLocalRunnable.java:30)
	... 1 more
Caused by: java.net.ConnectException: Connection refused
	... 11 more
2019-10-02 10:56:47,084 [b25f22f8-54cc-4ffd-bfcd-179cc8cbd7fc@group-C476C2B24A7C-LeaderElection59] INFO  impl.LeaderElection (LogUtils.java:infoOrTrace(149)) - b25f22f8-54cc-4ffd-bfcd-179cc8cbd7fc@group-C476C2B24A7C-LeaderElection59 got exception when requesting votes: {}
java.util.concurrent.ExecutionException: org.apache.ratis.thirdparty.io.grpc.StatusRuntimeException: UNAVAILABLE: io exception
	at java.util.concurrent.FutureTask.report(FutureTask.java:122)
	at java.util.concurrent.FutureTask.get(FutureTask.java:192)
	at org.apache.ratis.server.impl.LeaderElection.waitForResults(LeaderElection.java:259)
	at org.apache.ratis.server.impl.LeaderElection.askForVotes(LeaderElection.java:197)
	at org.apache.ratis.server.impl.LeaderElection.run(LeaderElection.java:133)
	at java.lang.Thread.run(Thread.java:748)
Caused by: org.apache.ratis.thirdparty.io.grpc.StatusRuntimeException: UNAVAILABLE: io exception
	at org.apache.ratis.thirdparty.io.grpc.stub.ClientCalls.toStatusRuntimeException(ClientCalls.java:233)
	at org.apache.ratis.thirdparty.io.grpc.stub.ClientCalls.getUnchecked(ClientCalls.java:214)
	at org.apache.ratis.thirdparty.io.grpc.stub.ClientCalls.blockingUnaryCall(ClientCalls.java:139)
	at org.apache.ratis.proto.grpc.RaftServerProtocolServiceGrpc$RaftServerProtocolServiceBlockingStub.requestVote(RaftServerProtocolServiceGrpc.java:265)
	at org.apache.ratis.grpc.server.GrpcServerProtocolClient.requestVote(GrpcServerProtocolClient.java:99)
	at org.apache.ratis.grpc.server.GrpcService.requestVote(GrpcService.java:204)
	at org.apache.ratis.server.impl.LeaderElection.lambda$submitRequests$1(LeaderElection.java:234)
	at java.util.concurrent.FutureTask.run(FutureTask.java:266)
	at java.util.concurrent.Executors$RunnableAdapter.call(Executors.java:511)
	at java.util.concurrent.FutureTask.run(FutureTask.java:266)
	at java.util.concurrent.ThreadPoolExecutor.runWorker(ThreadPoolExecutor.java:1149)
	at java.util.concurrent.ThreadPoolExecutor$Worker.run(ThreadPoolExecutor.java:624)
	... 1 more
Caused by: org.apache.ratis.thirdparty.io.netty.channel.AbstractChannel$AnnotatedConnectException: Connection refused: /192.168.30.53:34960
	at sun.nio.ch.SocketChannelImpl.checkConnect(Native Method)
	at sun.nio.ch.SocketChannelImpl.finishConnect(SocketChannelImpl.java:717)
	at org.apache.ratis.thirdparty.io.netty.channel.socket.nio.NioSocketChannel.doFinishConnect(NioSocketChannel.java:327)
	at org.apache.ratis.thirdparty.io.netty.channel.nio.AbstractNioChannel$AbstractNioUnsafe.finishConnect(AbstractNioChannel.java:340)
	at org.apache.ratis.thirdparty.io.netty.channel.nio.NioEventLoop.processSelectedKey(NioEventLoop.java:632)
	at org.apache.ratis.thirdparty.io.netty.channel.nio.NioEventLoop.processSelectedKeysOptimized(NioEventLoop.java:579)
	at org.apache.ratis.thirdparty.io.netty.channel.nio.NioEventLoop.processSelectedKeys(NioEventLoop.java:496)
	at org.apache.ratis.thirdparty.io.netty.channel.nio.NioEventLoop.run(NioEventLoop.java:458)
	at org.apache.ratis.thirdparty.io.netty.util.concurrent.SingleThreadEventExecutor$5.run(SingleThreadEventExecutor.java:897)
	at org.apache.ratis.thirdparty.io.netty.util.concurrent.FastThreadLocalRunnable.run(FastThreadLocalRunnable.java:30)
	... 1 more
Caused by: java.net.ConnectException: Connection refused
	... 11 more
2019-10-02 10:56:47,085 [b25f22f8-54cc-4ffd-bfcd-179cc8cbd7fc@group-C476C2B24A7C-LeaderElection59] INFO  impl.LeaderElection (LeaderElection.java:logAndReturn(56)) - b25f22f8-54cc-4ffd-bfcd-179cc8cbd7fc@group-C476C2B24A7C-LeaderElection59: Election REJECTED; received 0 response(s) [] and 2 exception(s); b25f22f8-54cc-4ffd-bfcd-179cc8cbd7fc@group-C476C2B24A7C:t7, leader=null, voted=b25f22f8-54cc-4ffd-bfcd-179cc8cbd7fc, raftlog=b25f22f8-54cc-4ffd-bfcd-179cc8cbd7fc@group-C476C2B24A7C-SegmentedRaftLog:OPENED:c2,f2,i2, conf=1: [d3dffc06-1d6a-4f7a-8294-c2dc8ce35b40:192.168.30.53:33785, 7df38282-3a3d-4206-964a-9b3301cd1d1f:192.168.30.53:34960, b25f22f8-54cc-4ffd-bfcd-179cc8cbd7fc:192.168.30.53:42549], old=null
2019-10-02 10:56:47,085 [b25f22f8-54cc-4ffd-bfcd-179cc8cbd7fc@group-C476C2B24A7C-LeaderElection59] INFO  impl.LeaderElection (LogUtils.java:infoOrTrace(149)) -   Exception 0: {}
java.util.concurrent.ExecutionException: org.apache.ratis.thirdparty.io.grpc.StatusRuntimeException: UNAVAILABLE: io exception
	at java.util.concurrent.FutureTask.report(FutureTask.java:122)
	at java.util.concurrent.FutureTask.get(FutureTask.java:192)
	at org.apache.ratis.server.impl.LeaderElection.waitForResults(LeaderElection.java:259)
	at org.apache.ratis.server.impl.LeaderElection.askForVotes(LeaderElection.java:197)
	at org.apache.ratis.server.impl.LeaderElection.run(LeaderElection.java:133)
	at java.lang.Thread.run(Thread.java:748)
Caused by: org.apache.ratis.thirdparty.io.grpc.StatusRuntimeException: UNAVAILABLE: io exception
	at org.apache.ratis.thirdparty.io.grpc.stub.ClientCalls.toStatusRuntimeException(ClientCalls.java:233)
	at org.apache.ratis.thirdparty.io.grpc.stub.ClientCalls.getUnchecked(ClientCalls.java:214)
	at org.apache.ratis.thirdparty.io.grpc.stub.ClientCalls.blockingUnaryCall(ClientCalls.java:139)
	at org.apache.ratis.proto.grpc.RaftServerProtocolServiceGrpc$RaftServerProtocolServiceBlockingStub.requestVote(RaftServerProtocolServiceGrpc.java:265)
	at org.apache.ratis.grpc.server.GrpcServerProtocolClient.requestVote(GrpcServerProtocolClient.java:99)
	at org.apache.ratis.grpc.server.GrpcService.requestVote(GrpcService.java:204)
	at org.apache.ratis.server.impl.LeaderElection.lambda$submitRequests$1(LeaderElection.java:234)
	at java.util.concurrent.FutureTask.run(FutureTask.java:266)
	at java.util.concurrent.Executors$RunnableAdapter.call(Executors.java:511)
	at java.util.concurrent.FutureTask.run(FutureTask.java:266)
	at java.util.concurrent.ThreadPoolExecutor.runWorker(ThreadPoolExecutor.java:1149)
	at java.util.concurrent.ThreadPoolExecutor$Worker.run(ThreadPoolExecutor.java:624)
	... 1 more
Caused by: org.apache.ratis.thirdparty.io.netty.channel.AbstractChannel$AnnotatedConnectException: Connection refused: /192.168.30.53:33785
	at sun.nio.ch.SocketChannelImpl.checkConnect(Native Method)
	at sun.nio.ch.SocketChannelImpl.finishConnect(SocketChannelImpl.java:717)
	at org.apache.ratis.thirdparty.io.netty.channel.socket.nio.NioSocketChannel.doFinishConnect(NioSocketChannel.java:327)
	at org.apache.ratis.thirdparty.io.netty.channel.nio.AbstractNioChannel$AbstractNioUnsafe.finishConnect(AbstractNioChannel.java:340)
	at org.apache.ratis.thirdparty.io.netty.channel.nio.NioEventLoop.processSelectedKey(NioEventLoop.java:632)
	at org.apache.ratis.thirdparty.io.netty.channel.nio.NioEventLoop.processSelectedKeysOptimized(NioEventLoop.java:579)
	at org.apache.ratis.thirdparty.io.netty.channel.nio.NioEventLoop.processSelectedKeys(NioEventLoop.java:496)
	at org.apache.ratis.thirdparty.io.netty.channel.nio.NioEventLoop.run(NioEventLoop.java:458)
	at org.apache.ratis.thirdparty.io.netty.util.concurrent.SingleThreadEventExecutor$5.run(SingleThreadEventExecutor.java:897)
	at org.apache.ratis.thirdparty.io.netty.util.concurrent.FastThreadLocalRunnable.run(FastThreadLocalRunnable.java:30)
	... 1 more
Caused by: java.net.ConnectException: Connection refused
	... 11 more
2019-10-02 10:56:47,085 [b25f22f8-54cc-4ffd-bfcd-179cc8cbd7fc@group-C476C2B24A7C-LeaderElection59] INFO  impl.LeaderElection (LogUtils.java:infoOrTrace(149)) -   Exception 1: {}
java.util.concurrent.ExecutionException: org.apache.ratis.thirdparty.io.grpc.StatusRuntimeException: UNAVAILABLE: io exception
	at java.util.concurrent.FutureTask.report(FutureTask.java:122)
	at java.util.concurrent.FutureTask.get(FutureTask.java:192)
	at org.apache.ratis.server.impl.LeaderElection.waitForResults(LeaderElection.java:259)
	at org.apache.ratis.server.impl.LeaderElection.askForVotes(LeaderElection.java:197)
	at org.apache.ratis.server.impl.LeaderElection.run(LeaderElection.java:133)
	at java.lang.Thread.run(Thread.java:748)
Caused by: org.apache.ratis.thirdparty.io.grpc.StatusRuntimeException: UNAVAILABLE: io exception
	at org.apache.ratis.thirdparty.io.grpc.stub.ClientCalls.toStatusRuntimeException(ClientCalls.java:233)
	at org.apache.ratis.thirdparty.io.grpc.stub.ClientCalls.getUnchecked(ClientCalls.java:214)
	at org.apache.ratis.thirdparty.io.grpc.stub.ClientCalls.blockingUnaryCall(ClientCalls.java:139)
	at org.apache.ratis.proto.grpc.RaftServerProtocolServiceGrpc$RaftServerProtocolServiceBlockingStub.requestVote(RaftServerProtocolServiceGrpc.java:265)
	at org.apache.ratis.grpc.server.GrpcServerProtocolClient.requestVote(GrpcServerProtocolClient.java:99)
	at org.apache.ratis.grpc.server.GrpcService.requestVote(GrpcService.java:204)
	at org.apache.ratis.server.impl.LeaderElection.lambda$submitRequests$1(LeaderElection.java:234)
	at java.util.concurrent.FutureTask.run(FutureTask.java:266)
	at java.util.concurrent.Executors$RunnableAdapter.call(Executors.java:511)
	at java.util.concurrent.FutureTask.run(FutureTask.java:266)
	at java.util.concurrent.ThreadPoolExecutor.runWorker(ThreadPoolExecutor.java:1149)
	at java.util.concurrent.ThreadPoolExecutor$Worker.run(ThreadPoolExecutor.java:624)
	... 1 more
Caused by: org.apache.ratis.thirdparty.io.netty.channel.AbstractChannel$AnnotatedConnectException: Connection refused: /192.168.30.53:34960
	at sun.nio.ch.SocketChannelImpl.checkConnect(Native Method)
	at sun.nio.ch.SocketChannelImpl.finishConnect(SocketChannelImpl.java:717)
	at org.apache.ratis.thirdparty.io.netty.channel.socket.nio.NioSocketChannel.doFinishConnect(NioSocketChannel.java:327)
	at org.apache.ratis.thirdparty.io.netty.channel.nio.AbstractNioChannel$AbstractNioUnsafe.finishConnect(AbstractNioChannel.java:340)
	at org.apache.ratis.thirdparty.io.netty.channel.nio.NioEventLoop.processSelectedKey(NioEventLoop.java:632)
	at org.apache.ratis.thirdparty.io.netty.channel.nio.NioEventLoop.processSelectedKeysOptimized(NioEventLoop.java:579)
	at org.apache.ratis.thirdparty.io.netty.channel.nio.NioEventLoop.processSelectedKeys(NioEventLoop.java:496)
	at org.apache.ratis.thirdparty.io.netty.channel.nio.NioEventLoop.run(NioEventLoop.java:458)
	at org.apache.ratis.thirdparty.io.netty.util.concurrent.SingleThreadEventExecutor$5.run(SingleThreadEventExecutor.java:897)
	at org.apache.ratis.thirdparty.io.netty.util.concurrent.FastThreadLocalRunnable.run(FastThreadLocalRunnable.java:30)
	... 1 more
Caused by: java.net.ConnectException: Connection refused
	... 11 more
2019-10-02 10:56:47,085 [b25f22f8-54cc-4ffd-bfcd-179cc8cbd7fc@group-C476C2B24A7C-LeaderElection59] INFO  impl.RaftServerImpl (RaftServerImpl.java:setRole(170)) - b25f22f8-54cc-4ffd-bfcd-179cc8cbd7fc@group-C476C2B24A7C: changes role from CANDIDATE to FOLLOWER at term 7 for DISCOVERED_A_NEW_TERM
2019-10-02 10:56:47,086 [b25f22f8-54cc-4ffd-bfcd-179cc8cbd7fc@group-C476C2B24A7C-LeaderElection59] INFO  impl.RoleInfo (RoleInfo.java:shutdownLeaderElection(134)) - b25f22f8-54cc-4ffd-bfcd-179cc8cbd7fc: shutdown LeaderElection
2019-10-02 10:56:47,086 [b25f22f8-54cc-4ffd-bfcd-179cc8cbd7fc@group-C476C2B24A7C-LeaderElection59] INFO  impl.RoleInfo (RoleInfo.java:updateAndGet(143)) - b25f22f8-54cc-4ffd-bfcd-179cc8cbd7fc: start FollowerState
2019-10-02 10:56:47,111 [grpc-default-executor-1] WARN  server.GrpcLogAppender (LogUtils.java:warn(134)) - b25f22f8-54cc-4ffd-bfcd-179cc8cbd7fc@group-49987F7A8A7C->d3dffc06-1d6a-4f7a-8294-c2dc8ce35b40-AppendLogResponseHandler: Failed appendEntries: org.apache.ratis.thirdparty.io.grpc.StatusRuntimeException: UNAVAILABLE: io exception
2019-10-02 10:56:47,112 [grpc-default-executor-1] INFO  impl.FollowerInfo (FollowerInfo.java:lambda$new$0(51)) - b25f22f8-54cc-4ffd-bfcd-179cc8cbd7fc@group-49987F7A8A7C->d3dffc06-1d6a-4f7a-8294-c2dc8ce35b40: nextIndex: updateUnconditionally 0 -> 0
2019-10-02 10:56:47,171 [Thread-983] INFO  impl.FollowerState (FollowerState.java:run(108)) - b25f22f8-54cc-4ffd-bfcd-179cc8cbd7fc@group-6128F9235CFD-FollowerState: change to CANDIDATE, lastRpcTime:1148ms, electionTimeout:1148ms
2019-10-02 10:56:47,172 [Thread-983] INFO  impl.RoleInfo (RoleInfo.java:shutdownFollowerState(121)) - b25f22f8-54cc-4ffd-bfcd-179cc8cbd7fc: shutdown FollowerState
2019-10-02 10:56:47,172 [Thread-983] INFO  impl.RaftServerImpl (RaftServerImpl.java:setRole(170)) - b25f22f8-54cc-4ffd-bfcd-179cc8cbd7fc@group-6128F9235CFD: changes role from  FOLLOWER to CANDIDATE at term 4 for changeToCandidate
2019-10-02 10:56:47,172 [Thread-983] INFO  impl.RoleInfo (RoleInfo.java:updateAndGet(143)) - b25f22f8-54cc-4ffd-bfcd-179cc8cbd7fc: start LeaderElection
2019-10-02 10:56:47,174 [grpc-default-executor-1] WARN  server.GrpcLogAppender (LogUtils.java:warn(134)) - b25f22f8-54cc-4ffd-bfcd-179cc8cbd7fc@group-49987F7A8A7C->7df38282-3a3d-4206-964a-9b3301cd1d1f-AppendLogResponseHandler: Failed appendEntries: org.apache.ratis.thirdparty.io.grpc.StatusRuntimeException: UNAVAILABLE: io exception
2019-10-02 10:56:47,174 [grpc-default-executor-1] INFO  impl.FollowerInfo (FollowerInfo.java:lambda$new$0(51)) - b25f22f8-54cc-4ffd-bfcd-179cc8cbd7fc@group-49987F7A8A7C->7df38282-3a3d-4206-964a-9b3301cd1d1f: nextIndex: updateUnconditionally 0 -> 0
2019-10-02 10:56:47,196 [b25f22f8-54cc-4ffd-bfcd-179cc8cbd7fc@group-6128F9235CFD-LeaderElection60] INFO  impl.LeaderElection (LeaderElection.java:askForVotes(178)) - b25f22f8-54cc-4ffd-bfcd-179cc8cbd7fc@group-6128F9235CFD-LeaderElection60: begin an election at term 5 for 0: [d3dffc06-1d6a-4f7a-8294-c2dc8ce35b40:192.168.30.53:33785, 7df38282-3a3d-4206-964a-9b3301cd1d1f:192.168.30.53:34960, b25f22f8-54cc-4ffd-bfcd-179cc8cbd7fc:192.168.30.53:42549], old=null
2019-10-02 10:56:47,199 [b25f22f8-54cc-4ffd-bfcd-179cc8cbd7fc@group-6128F9235CFD-LeaderElection60] INFO  impl.LeaderElection (LogUtils.java:infoOrTrace(149)) - b25f22f8-54cc-4ffd-bfcd-179cc8cbd7fc@group-6128F9235CFD-LeaderElection60 got exception when requesting votes: {}
java.util.concurrent.ExecutionException: org.apache.ratis.thirdparty.io.grpc.StatusRuntimeException: UNAVAILABLE: io exception
	at java.util.concurrent.FutureTask.report(FutureTask.java:122)
	at java.util.concurrent.FutureTask.get(FutureTask.java:192)
	at org.apache.ratis.server.impl.LeaderElection.waitForResults(LeaderElection.java:259)
	at org.apache.ratis.server.impl.LeaderElection.askForVotes(LeaderElection.java:197)
	at org.apache.ratis.server.impl.LeaderElection.run(LeaderElection.java:133)
	at java.lang.Thread.run(Thread.java:748)
Caused by: org.apache.ratis.thirdparty.io.grpc.StatusRuntimeException: UNAVAILABLE: io exception
	at org.apache.ratis.thirdparty.io.grpc.stub.ClientCalls.toStatusRuntimeException(ClientCalls.java:233)
	at org.apache.ratis.thirdparty.io.grpc.stub.ClientCalls.getUnchecked(ClientCalls.java:214)
	at org.apache.ratis.thirdparty.io.grpc.stub.ClientCalls.blockingUnaryCall(ClientCalls.java:139)
	at org.apache.ratis.proto.grpc.RaftServerProtocolServiceGrpc$RaftServerProtocolServiceBlockingStub.requestVote(RaftServerProtocolServiceGrpc.java:265)
	at org.apache.ratis.grpc.server.GrpcServerProtocolClient.requestVote(GrpcServerProtocolClient.java:99)
	at org.apache.ratis.grpc.server.GrpcService.requestVote(GrpcService.java:204)
	at org.apache.ratis.server.impl.LeaderElection.lambda$submitRequests$1(LeaderElection.java:234)
	at java.util.concurrent.FutureTask.run(FutureTask.java:266)
	at java.util.concurrent.Executors$RunnableAdapter.call(Executors.java:511)
	at java.util.concurrent.FutureTask.run(FutureTask.java:266)
	at java.util.concurrent.ThreadPoolExecutor.runWorker(ThreadPoolExecutor.java:1149)
	at java.util.concurrent.ThreadPoolExecutor$Worker.run(ThreadPoolExecutor.java:624)
	... 1 more
Caused by: org.apache.ratis.thirdparty.io.netty.channel.AbstractChannel$AnnotatedConnectException: Connection refused: /192.168.30.53:33785
	at sun.nio.ch.SocketChannelImpl.checkConnect(Native Method)
	at sun.nio.ch.SocketChannelImpl.finishConnect(SocketChannelImpl.java:717)
	at org.apache.ratis.thirdparty.io.netty.channel.socket.nio.NioSocketChannel.doFinishConnect(NioSocketChannel.java:327)
	at org.apache.ratis.thirdparty.io.netty.channel.nio.AbstractNioChannel$AbstractNioUnsafe.finishConnect(AbstractNioChannel.java:340)
	at org.apache.ratis.thirdparty.io.netty.channel.nio.NioEventLoop.processSelectedKey(NioEventLoop.java:632)
	at org.apache.ratis.thirdparty.io.netty.channel.nio.NioEventLoop.processSelectedKeysOptimized(NioEventLoop.java:579)
	at org.apache.ratis.thirdparty.io.netty.channel.nio.NioEventLoop.processSelectedKeys(NioEventLoop.java:496)
	at org.apache.ratis.thirdparty.io.netty.channel.nio.NioEventLoop.run(NioEventLoop.java:458)
	at org.apache.ratis.thirdparty.io.netty.util.concurrent.SingleThreadEventExecutor$5.run(SingleThreadEventExecutor.java:897)
	at org.apache.ratis.thirdparty.io.netty.util.concurrent.FastThreadLocalRunnable.run(FastThreadLocalRunnable.java:30)
	... 1 more
Caused by: java.net.ConnectException: Connection refused
	... 11 more
2019-10-02 10:56:47,200 [b25f22f8-54cc-4ffd-bfcd-179cc8cbd7fc@group-6128F9235CFD-LeaderElection60] INFO  impl.LeaderElection (LogUtils.java:infoOrTrace(149)) - b25f22f8-54cc-4ffd-bfcd-179cc8cbd7fc@group-6128F9235CFD-LeaderElection60 got exception when requesting votes: {}
java.util.concurrent.ExecutionException: org.apache.ratis.thirdparty.io.grpc.StatusRuntimeException: UNAVAILABLE: io exception
	at java.util.concurrent.FutureTask.report(FutureTask.java:122)
	at java.util.concurrent.FutureTask.get(FutureTask.java:192)
	at org.apache.ratis.server.impl.LeaderElection.waitForResults(LeaderElection.java:259)
	at org.apache.ratis.server.impl.LeaderElection.askForVotes(LeaderElection.java:197)
	at org.apache.ratis.server.impl.LeaderElection.run(LeaderElection.java:133)
	at java.lang.Thread.run(Thread.java:748)
Caused by: org.apache.ratis.thirdparty.io.grpc.StatusRuntimeException: UNAVAILABLE: io exception
	at org.apache.ratis.thirdparty.io.grpc.stub.ClientCalls.toStatusRuntimeException(ClientCalls.java:233)
	at org.apache.ratis.thirdparty.io.grpc.stub.ClientCalls.getUnchecked(ClientCalls.java:214)
	at org.apache.ratis.thirdparty.io.grpc.stub.ClientCalls.blockingUnaryCall(ClientCalls.java:139)
	at org.apache.ratis.proto.grpc.RaftServerProtocolServiceGrpc$RaftServerProtocolServiceBlockingStub.requestVote(RaftServerProtocolServiceGrpc.java:265)
	at org.apache.ratis.grpc.server.GrpcServerProtocolClient.requestVote(GrpcServerProtocolClient.java:99)
	at org.apache.ratis.grpc.server.GrpcService.requestVote(GrpcService.java:204)
	at org.apache.ratis.server.impl.LeaderElection.lambda$submitRequests$1(LeaderElection.java:234)
	at java.util.concurrent.FutureTask.run(FutureTask.java:266)
	at java.util.concurrent.Executors$RunnableAdapter.call(Executors.java:511)
	at java.util.concurrent.FutureTask.run(FutureTask.java:266)
	at java.util.concurrent.ThreadPoolExecutor.runWorker(ThreadPoolExecutor.java:1149)
	at java.util.concurrent.ThreadPoolExecutor$Worker.run(ThreadPoolExecutor.java:624)
	... 1 more
Caused by: org.apache.ratis.thirdparty.io.netty.channel.AbstractChannel$AnnotatedConnectException: Connection refused: /192.168.30.53:34960
	at sun.nio.ch.SocketChannelImpl.checkConnect(Native Method)
	at sun.nio.ch.SocketChannelImpl.finishConnect(SocketChannelImpl.java:717)
	at org.apache.ratis.thirdparty.io.netty.channel.socket.nio.NioSocketChannel.doFinishConnect(NioSocketChannel.java:327)
	at org.apache.ratis.thirdparty.io.netty.channel.nio.AbstractNioChannel$AbstractNioUnsafe.finishConnect(AbstractNioChannel.java:340)
	at org.apache.ratis.thirdparty.io.netty.channel.nio.NioEventLoop.processSelectedKey(NioEventLoop.java:632)
	at org.apache.ratis.thirdparty.io.netty.channel.nio.NioEventLoop.processSelectedKeysOptimized(NioEventLoop.java:579)
	at org.apache.ratis.thirdparty.io.netty.channel.nio.NioEventLoop.processSelectedKeys(NioEventLoop.java:496)
	at org.apache.ratis.thirdparty.io.netty.channel.nio.NioEventLoop.run(NioEventLoop.java:458)
	at org.apache.ratis.thirdparty.io.netty.util.concurrent.SingleThreadEventExecutor$5.run(SingleThreadEventExecutor.java:897)
	at org.apache.ratis.thirdparty.io.netty.util.concurrent.FastThreadLocalRunnable.run(FastThreadLocalRunnable.java:30)
	... 1 more
Caused by: java.net.ConnectException: Connection refused
	... 11 more
2019-10-02 10:56:47,200 [b25f22f8-54cc-4ffd-bfcd-179cc8cbd7fc@group-6128F9235CFD-LeaderElection60] INFO  impl.LeaderElection (LeaderElection.java:logAndReturn(56)) - b25f22f8-54cc-4ffd-bfcd-179cc8cbd7fc@group-6128F9235CFD-LeaderElection60: Election REJECTED; received 0 response(s) [] and 2 exception(s); b25f22f8-54cc-4ffd-bfcd-179cc8cbd7fc@group-6128F9235CFD:t5, leader=null, voted=b25f22f8-54cc-4ffd-bfcd-179cc8cbd7fc, raftlog=b25f22f8-54cc-4ffd-bfcd-179cc8cbd7fc@group-6128F9235CFD-SegmentedRaftLog:OPENED:c0,f0,i0, conf=0: [d3dffc06-1d6a-4f7a-8294-c2dc8ce35b40:192.168.30.53:33785, 7df38282-3a3d-4206-964a-9b3301cd1d1f:192.168.30.53:34960, b25f22f8-54cc-4ffd-bfcd-179cc8cbd7fc:192.168.30.53:42549], old=null
2019-10-02 10:56:47,200 [b25f22f8-54cc-4ffd-bfcd-179cc8cbd7fc@group-6128F9235CFD-LeaderElection60] INFO  impl.LeaderElection (LogUtils.java:infoOrTrace(149)) -   Exception 0: {}
java.util.concurrent.ExecutionException: org.apache.ratis.thirdparty.io.grpc.StatusRuntimeException: UNAVAILABLE: io exception
	at java.util.concurrent.FutureTask.report(FutureTask.java:122)
	at java.util.concurrent.FutureTask.get(FutureTask.java:192)
	at org.apache.ratis.server.impl.LeaderElection.waitForResults(LeaderElection.java:259)
	at org.apache.ratis.server.impl.LeaderElection.askForVotes(LeaderElection.java:197)
	at org.apache.ratis.server.impl.LeaderElection.run(LeaderElection.java:133)
	at java.lang.Thread.run(Thread.java:748)
Caused by: org.apache.ratis.thirdparty.io.grpc.StatusRuntimeException: UNAVAILABLE: io exception
	at org.apache.ratis.thirdparty.io.grpc.stub.ClientCalls.toStatusRuntimeException(ClientCalls.java:233)
	at org.apache.ratis.thirdparty.io.grpc.stub.ClientCalls.getUnchecked(ClientCalls.java:214)
	at org.apache.ratis.thirdparty.io.grpc.stub.ClientCalls.blockingUnaryCall(ClientCalls.java:139)
	at org.apache.ratis.proto.grpc.RaftServerProtocolServiceGrpc$RaftServerProtocolServiceBlockingStub.requestVote(RaftServerProtocolServiceGrpc.java:265)
	at org.apache.ratis.grpc.server.GrpcServerProtocolClient.requestVote(GrpcServerProtocolClient.java:99)
	at org.apache.ratis.grpc.server.GrpcService.requestVote(GrpcService.java:204)
	at org.apache.ratis.server.impl.LeaderElection.lambda$submitRequests$1(LeaderElection.java:234)
	at java.util.concurrent.FutureTask.run(FutureTask.java:266)
	at java.util.concurrent.Executors$RunnableAdapter.call(Executors.java:511)
	at java.util.concurrent.FutureTask.run(FutureTask.java:266)
	at java.util.concurrent.ThreadPoolExecutor.runWorker(ThreadPoolExecutor.java:1149)
	at java.util.concurrent.ThreadPoolExecutor$Worker.run(ThreadPoolExecutor.java:624)
	... 1 more
Caused by: org.apache.ratis.thirdparty.io.netty.channel.AbstractChannel$AnnotatedConnectException: Connection refused: /192.168.30.53:33785
	at sun.nio.ch.SocketChannelImpl.checkConnect(Native Method)
	at sun.nio.ch.SocketChannelImpl.finishConnect(SocketChannelImpl.java:717)
	at org.apache.ratis.thirdparty.io.netty.channel.socket.nio.NioSocketChannel.doFinishConnect(NioSocketChannel.java:327)
	at org.apache.ratis.thirdparty.io.netty.channel.nio.AbstractNioChannel$AbstractNioUnsafe.finishConnect(AbstractNioChannel.java:340)
	at org.apache.ratis.thirdparty.io.netty.channel.nio.NioEventLoop.processSelectedKey(NioEventLoop.java:632)
	at org.apache.ratis.thirdparty.io.netty.channel.nio.NioEventLoop.processSelectedKeysOptimized(NioEventLoop.java:579)
	at org.apache.ratis.thirdparty.io.netty.channel.nio.NioEventLoop.processSelectedKeys(NioEventLoop.java:496)
	at org.apache.ratis.thirdparty.io.netty.channel.nio.NioEventLoop.run(NioEventLoop.java:458)
	at org.apache.ratis.thirdparty.io.netty.util.concurrent.SingleThreadEventExecutor$5.run(SingleThreadEventExecutor.java:897)
	at org.apache.ratis.thirdparty.io.netty.util.concurrent.FastThreadLocalRunnable.run(FastThreadLocalRunnable.java:30)
	... 1 more
Caused by: java.net.ConnectException: Connection refused
	... 11 more
2019-10-02 10:56:47,200 [b25f22f8-54cc-4ffd-bfcd-179cc8cbd7fc@group-6128F9235CFD-LeaderElection60] INFO  impl.LeaderElection (LogUtils.java:infoOrTrace(149)) -   Exception 1: {}
java.util.concurrent.ExecutionException: org.apache.ratis.thirdparty.io.grpc.StatusRuntimeException: UNAVAILABLE: io exception
	at java.util.concurrent.FutureTask.report(FutureTask.java:122)
	at java.util.concurrent.FutureTask.get(FutureTask.java:192)
	at org.apache.ratis.server.impl.LeaderElection.waitForResults(LeaderElection.java:259)
	at org.apache.ratis.server.impl.LeaderElection.askForVotes(LeaderElection.java:197)
	at org.apache.ratis.server.impl.LeaderElection.run(LeaderElection.java:133)
	at java.lang.Thread.run(Thread.java:748)
Caused by: org.apache.ratis.thirdparty.io.grpc.StatusRuntimeException: UNAVAILABLE: io exception
	at org.apache.ratis.thirdparty.io.grpc.stub.ClientCalls.toStatusRuntimeException(ClientCalls.java:233)
	at org.apache.ratis.thirdparty.io.grpc.stub.ClientCalls.getUnchecked(ClientCalls.java:214)
	at org.apache.ratis.thirdparty.io.grpc.stub.ClientCalls.blockingUnaryCall(ClientCalls.java:139)
	at org.apache.ratis.proto.grpc.RaftServerProtocolServiceGrpc$RaftServerProtocolServiceBlockingStub.requestVote(RaftServerProtocolServiceGrpc.java:265)
	at org.apache.ratis.grpc.server.GrpcServerProtocolClient.requestVote(GrpcServerProtocolClient.java:99)
	at org.apache.ratis.grpc.server.GrpcService.requestVote(GrpcService.java:204)
	at org.apache.ratis.server.impl.LeaderElection.lambda$submitRequests$1(LeaderElection.java:234)
	at java.util.concurrent.FutureTask.run(FutureTask.java:266)
	at java.util.concurrent.Executors$RunnableAdapter.call(Executors.java:511)
	at java.util.concurrent.FutureTask.run(FutureTask.java:266)
	at java.util.concurrent.ThreadPoolExecutor.runWorker(ThreadPoolExecutor.java:1149)
	at java.util.concurrent.ThreadPoolExecutor$Worker.run(ThreadPoolExecutor.java:624)
	... 1 more
Caused by: org.apache.ratis.thirdparty.io.netty.channel.AbstractChannel$AnnotatedConnectException: Connection refused: /192.168.30.53:34960
	at sun.nio.ch.SocketChannelImpl.checkConnect(Native Method)
	at sun.nio.ch.SocketChannelImpl.finishConnect(SocketChannelImpl.java:717)
	at org.apache.ratis.thirdparty.io.netty.channel.socket.nio.NioSocketChannel.doFinishConnect(NioSocketChannel.java:327)
	at org.apache.ratis.thirdparty.io.netty.channel.nio.AbstractNioChannel$AbstractNioUnsafe.finishConnect(AbstractNioChannel.java:340)
	at org.apache.ratis.thirdparty.io.netty.channel.nio.NioEventLoop.processSelectedKey(NioEventLoop.java:632)
	at org.apache.ratis.thirdparty.io.netty.channel.nio.NioEventLoop.processSelectedKeysOptimized(NioEventLoop.java:579)
	at org.apache.ratis.thirdparty.io.netty.channel.nio.NioEventLoop.processSelectedKeys(NioEventLoop.java:496)
	at org.apache.ratis.thirdparty.io.netty.channel.nio.NioEventLoop.run(NioEventLoop.java:458)
	at org.apache.ratis.thirdparty.io.netty.util.concurrent.SingleThreadEventExecutor$5.run(SingleThreadEventExecutor.java:897)
	at org.apache.ratis.thirdparty.io.netty.util.concurrent.FastThreadLocalRunnable.run(FastThreadLocalRunnable.java:30)
	... 1 more
Caused by: java.net.ConnectException: Connection refused
	... 11 more
2019-10-02 10:56:47,201 [b25f22f8-54cc-4ffd-bfcd-179cc8cbd7fc@group-6128F9235CFD-LeaderElection60] INFO  impl.RaftServerImpl (RaftServerImpl.java:setRole(170)) - b25f22f8-54cc-4ffd-bfcd-179cc8cbd7fc@group-6128F9235CFD: changes role from CANDIDATE to FOLLOWER at term 5 for DISCOVERED_A_NEW_TERM
2019-10-02 10:56:47,201 [b25f22f8-54cc-4ffd-bfcd-179cc8cbd7fc@group-6128F9235CFD-LeaderElection60] INFO  impl.RoleInfo (RoleInfo.java:shutdownLeaderElection(134)) - b25f22f8-54cc-4ffd-bfcd-179cc8cbd7fc: shutdown LeaderElection
2019-10-02 10:56:47,201 [b25f22f8-54cc-4ffd-bfcd-179cc8cbd7fc@group-6128F9235CFD-LeaderElection60] INFO  impl.RoleInfo (RoleInfo.java:updateAndGet(143)) - b25f22f8-54cc-4ffd-bfcd-179cc8cbd7fc: start FollowerState
2019-10-02 10:56:47,285 [main] INFO  ozoneimpl.OzoneContainer (OzoneContainer.java:stop(231)) - Attempting to stop container services.
2019-10-02 10:56:47,286 [main] INFO  impl.RaftServerProxy (RaftServerProxy.java:lambda$close$4(314)) - b25f22f8-54cc-4ffd-bfcd-179cc8cbd7fc: close
2019-10-02 10:56:47,286 [main] INFO  impl.RaftServerImpl (RaftServerImpl.java:lambda$shutdown$3(247)) - b25f22f8-54cc-4ffd-bfcd-179cc8cbd7fc@group-3075F34D2FDA: shutdown
2019-10-02 10:56:47,287 [main] INFO  util.JmxRegister (JmxRegister.java:unregister(73)) - Successfully un-registered JMX Bean with object name Ratis:service=RaftServer,group=group-3075F34D2FDA,id=b25f22f8-54cc-4ffd-bfcd-179cc8cbd7fc
2019-10-02 10:56:47,287 [main] INFO  impl.RoleInfo (RoleInfo.java:shutdownLeaderState(104)) - b25f22f8-54cc-4ffd-bfcd-179cc8cbd7fc: shutdown LeaderState
2019-10-02 10:56:47,287 [main] INFO  impl.PendingRequests (PendingRequests.java:sendNotLeaderResponses(202)) - b25f22f8-54cc-4ffd-bfcd-179cc8cbd7fc@group-3075F34D2FDA-PendingRequests: sendNotLeaderResponses
2019-10-02 10:56:47,288 [main] INFO  impl.StateMachineUpdater (StateMachineUpdater.java:stopAndJoin(136)) - b25f22f8-54cc-4ffd-bfcd-179cc8cbd7fc@group-3075F34D2FDA-StateMachineUpdater: set stopIndex = 0
2019-10-02 10:56:47,288 [main] INFO  impl.RaftServerImpl (ServerState.java:close(387)) - b25f22f8-54cc-4ffd-bfcd-179cc8cbd7fc@group-3075F34D2FDA: closes. applyIndex: 0
2019-10-02 10:56:47,289 [b25f22f8-54cc-4ffd-bfcd-179cc8cbd7fc@group-3075F34D2FDA-SegmentedRaftLogWorker] INFO  segmented.SegmentedRaftLogWorker (SegmentedRaftLogWorker.java:run(316)) - b25f22f8-54cc-4ffd-bfcd-179cc8cbd7fc@group-3075F34D2FDA-SegmentedRaftLogWorker was interrupted, exiting. There are 0 tasks remaining in the queue.
2019-10-02 10:56:47,289 [main] INFO  segmented.SegmentedRaftLogWorker (SegmentedRaftLogWorker.java:close(224)) - b25f22f8-54cc-4ffd-bfcd-179cc8cbd7fc@group-3075F34D2FDA-SegmentedRaftLogWorker close()
2019-10-02 10:56:47,289 [Thread-987] INFO  impl.FollowerState (FollowerState.java:run(108)) - b25f22f8-54cc-4ffd-bfcd-179cc8cbd7fc@group-ABAF19C3FAB0-FollowerState: change to CANDIDATE, lastRpcTime:1083ms, electionTimeout:1083ms
2019-10-02 10:56:47,289 [main] INFO  impl.RaftServerImpl (RaftServerImpl.java:lambda$shutdown$3(247)) - b25f22f8-54cc-4ffd-bfcd-179cc8cbd7fc@group-1A77BEA84F5E: shutdown
2019-10-02 10:56:47,290 [Thread-987] INFO  impl.RoleInfo (RoleInfo.java:shutdownFollowerState(121)) - b25f22f8-54cc-4ffd-bfcd-179cc8cbd7fc: shutdown FollowerState
2019-10-02 10:56:47,290 [main] INFO  util.JmxRegister (JmxRegister.java:unregister(73)) - Successfully un-registered JMX Bean with object name Ratis:service=RaftServer,group=group-1A77BEA84F5E,id=b25f22f8-54cc-4ffd-bfcd-179cc8cbd7fc
2019-10-02 10:56:47,290 [Thread-987] INFO  impl.RaftServerImpl (RaftServerImpl.java:setRole(170)) - b25f22f8-54cc-4ffd-bfcd-179cc8cbd7fc@group-ABAF19C3FAB0: changes role from  FOLLOWER to CANDIDATE at term 10 for changeToCandidate
2019-10-02 10:56:47,290 [main] INFO  impl.RoleInfo (RoleInfo.java:shutdownFollowerState(121)) - b25f22f8-54cc-4ffd-bfcd-179cc8cbd7fc: shutdown FollowerState
2019-10-02 10:56:47,291 [Thread-987] INFO  impl.RoleInfo (RoleInfo.java:updateAndGet(143)) - b25f22f8-54cc-4ffd-bfcd-179cc8cbd7fc: start LeaderElection
2019-10-02 10:56:47,291 [Thread-995] INFO  impl.FollowerState (FollowerState.java:run(117)) - b25f22f8-54cc-4ffd-bfcd-179cc8cbd7fc@group-1A77BEA84F5E-FollowerState was interrupted: java.lang.InterruptedException: sleep interrupted
2019-10-02 10:56:47,291 [main] INFO  impl.StateMachineUpdater (StateMachineUpdater.java:stopAndJoin(136)) - b25f22f8-54cc-4ffd-bfcd-179cc8cbd7fc@group-1A77BEA84F5E-StateMachineUpdater: set stopIndex = 0
2019-10-02 10:56:47,291 [main] INFO  impl.RaftServerImpl (ServerState.java:close(387)) - b25f22f8-54cc-4ffd-bfcd-179cc8cbd7fc@group-1A77BEA84F5E: closes. applyIndex: 0
2019-10-02 10:56:47,292 [b25f22f8-54cc-4ffd-bfcd-179cc8cbd7fc@group-1A77BEA84F5E-SegmentedRaftLogWorker] INFO  segmented.SegmentedRaftLogWorker (SegmentedRaftLogWorker.java:run(316)) - b25f22f8-54cc-4ffd-bfcd-179cc8cbd7fc@group-1A77BEA84F5E-SegmentedRaftLogWorker was interrupted, exiting. There are 0 tasks remaining in the queue.
2019-10-02 10:56:47,292 [main] INFO  segmented.SegmentedRaftLogWorker (SegmentedRaftLogWorker.java:close(224)) - b25f22f8-54cc-4ffd-bfcd-179cc8cbd7fc@group-1A77BEA84F5E-SegmentedRaftLogWorker close()
2019-10-02 10:56:47,292 [main] INFO  impl.RaftServerImpl (RaftServerImpl.java:lambda$shutdown$3(247)) - b25f22f8-54cc-4ffd-bfcd-179cc8cbd7fc@group-6B83A71B3C43: shutdown
2019-10-02 10:56:47,293 [main] INFO  util.JmxRegister (JmxRegister.java:unregister(73)) - Successfully un-registered JMX Bean with object name Ratis:service=RaftServer,group=group-6B83A71B3C43,id=b25f22f8-54cc-4ffd-bfcd-179cc8cbd7fc
2019-10-02 10:56:47,293 [main] INFO  impl.RoleInfo (RoleInfo.java:shutdownLeaderState(104)) - b25f22f8-54cc-4ffd-bfcd-179cc8cbd7fc: shutdown LeaderState
2019-10-02 10:56:47,296 [org.apache.ratis.server.impl.LogAppender$AppenderDaemon$$Lambda$478/1078587298@78f7af93] WARN  server.GrpcLogAppender (GrpcLogAppender.java:mayWait(143)) - b25f22f8-54cc-4ffd-bfcd-179cc8cbd7fc@group-6B83A71B3C43->d3dffc06-1d6a-4f7a-8294-c2dc8ce35b40-GrpcLogAppender: Wait interrupted by java.lang.InterruptedException
2019-10-02 10:56:47,296 [org.apache.ratis.server.impl.LogAppender$AppenderDaemon$$Lambda$478/1078587298@6bfdce8b] WARN  server.GrpcLogAppender (GrpcLogAppender.java:mayWait(143)) - b25f22f8-54cc-4ffd-bfcd-179cc8cbd7fc@group-6B83A71B3C43->7df38282-3a3d-4206-964a-9b3301cd1d1f-GrpcLogAppender: Wait interrupted by java.lang.InterruptedException
2019-10-02 10:56:47,296 [main] INFO  impl.PendingRequests (PendingRequests.java:sendNotLeaderResponses(202)) - b25f22f8-54cc-4ffd-bfcd-179cc8cbd7fc@group-6B83A71B3C43-PendingRequests: sendNotLeaderResponses
2019-10-02 10:56:47,297 [main] INFO  impl.StateMachineUpdater (StateMachineUpdater.java:stopAndJoin(136)) - b25f22f8-54cc-4ffd-bfcd-179cc8cbd7fc@group-6B83A71B3C43-StateMachineUpdater: set stopIndex = 0
2019-10-02 10:56:47,298 [main] INFO  impl.RaftServerImpl (ServerState.java:close(387)) - b25f22f8-54cc-4ffd-bfcd-179cc8cbd7fc@group-6B83A71B3C43: closes. applyIndex: 0
2019-10-02 10:56:47,298 [b25f22f8-54cc-4ffd-bfcd-179cc8cbd7fc@group-6B83A71B3C43-SegmentedRaftLogWorker] INFO  segmented.SegmentedRaftLogWorker (SegmentedRaftLogWorker.java:run(316)) - b25f22f8-54cc-4ffd-bfcd-179cc8cbd7fc@group-6B83A71B3C43-SegmentedRaftLogWorker was interrupted, exiting. There are 0 tasks remaining in the queue.
2019-10-02 10:56:47,298 [main] INFO  segmented.SegmentedRaftLogWorker (SegmentedRaftLogWorker.java:close(224)) - b25f22f8-54cc-4ffd-bfcd-179cc8cbd7fc@group-6B83A71B3C43-SegmentedRaftLogWorker close()
2019-10-02 10:56:47,299 [main] INFO  impl.RaftServerImpl (RaftServerImpl.java:lambda$shutdown$3(247)) - b25f22f8-54cc-4ffd-bfcd-179cc8cbd7fc@group-49987F7A8A7C: shutdown
2019-10-02 10:56:47,299 [main] INFO  util.JmxRegister (JmxRegister.java:unregister(73)) - Successfully un-registered JMX Bean with object name Ratis:service=RaftServer,group=group-49987F7A8A7C,id=b25f22f8-54cc-4ffd-bfcd-179cc8cbd7fc
2019-10-02 10:56:47,299 [main] INFO  impl.RoleInfo (RoleInfo.java:shutdownLeaderState(104)) - b25f22f8-54cc-4ffd-bfcd-179cc8cbd7fc: shutdown LeaderState
2019-10-02 10:56:47,306 [main] INFO  impl.PendingRequests (PendingRequests.java:sendNotLeaderResponses(202)) - b25f22f8-54cc-4ffd-bfcd-179cc8cbd7fc@group-49987F7A8A7C-PendingRequests: sendNotLeaderResponses
2019-10-02 10:56:47,306 [org.apache.ratis.server.impl.LogAppender$AppenderDaemon$$Lambda$478/1078587298@358515f0] WARN  server.GrpcLogAppender (GrpcLogAppender.java:mayWait(143)) - b25f22f8-54cc-4ffd-bfcd-179cc8cbd7fc@group-49987F7A8A7C->d3dffc06-1d6a-4f7a-8294-c2dc8ce35b40-GrpcLogAppender: Wait interrupted by java.lang.InterruptedException
2019-10-02 10:56:47,306 [org.apache.ratis.server.impl.LogAppender$AppenderDaemon$$Lambda$478/1078587298@3ddab779] WARN  server.GrpcLogAppender (GrpcLogAppender.java:mayWait(143)) - b25f22f8-54cc-4ffd-bfcd-179cc8cbd7fc@group-49987F7A8A7C->7df38282-3a3d-4206-964a-9b3301cd1d1f-GrpcLogAppender: Wait interrupted by java.lang.InterruptedException
2019-10-02 10:56:47,307 [main] INFO  impl.StateMachineUpdater (StateMachineUpdater.java:stopAndJoin(136)) - b25f22f8-54cc-4ffd-bfcd-179cc8cbd7fc@group-49987F7A8A7C-StateMachineUpdater: set stopIndex = 2
2019-10-02 10:56:47,308 [main] INFO  impl.RaftServerImpl (ServerState.java:close(387)) - b25f22f8-54cc-4ffd-bfcd-179cc8cbd7fc@group-49987F7A8A7C: closes. applyIndex: 2
2019-10-02 10:56:47,308 [ForkJoinPool.commonPool-worker-0] INFO  ozoneimpl.OzoneContainer (OzoneContainer.java:stop(231)) - Attempting to stop container services.
2019-10-02 10:56:47,308 [b25f22f8-54cc-4ffd-bfcd-179cc8cbd7fc@group-49987F7A8A7C-SegmentedRaftLogWorker] INFO  segmented.SegmentedRaftLogWorker (SegmentedRaftLogWorker.java:run(316)) - b25f22f8-54cc-4ffd-bfcd-179cc8cbd7fc@group-49987F7A8A7C-SegmentedRaftLogWorker was interrupted, exiting. There are 0 tasks remaining in the queue.
2019-10-02 10:56:47,309 [ForkJoinPool.commonPool-worker-0] INFO  impl.RaftServerProxy (RaftServerProxy.java:lambda$close$4(314)) - ad13a282-c5bf-465a-9fe1-7adee9400ee3: close
2019-10-02 10:56:47,309 [ForkJoinPool.commonPool-worker-0] INFO  impl.RaftServerImpl (RaftServerImpl.java:lambda$shutdown$3(247)) - ad13a282-c5bf-465a-9fe1-7adee9400ee3@group-DF5D135B69C0: shutdown
2019-10-02 10:56:47,309 [ForkJoinPool.commonPool-worker-0] INFO  util.JmxRegister (JmxRegister.java:unregister(73)) - Successfully un-registered JMX Bean with object name Ratis:service=RaftServer,group=group-DF5D135B69C0,id=ad13a282-c5bf-465a-9fe1-7adee9400ee3
2019-10-02 10:56:47,309 [ForkJoinPool.commonPool-worker-0] INFO  impl.RoleInfo (RoleInfo.java:shutdownLeaderState(104)) - ad13a282-c5bf-465a-9fe1-7adee9400ee3: shutdown LeaderState
2019-10-02 10:56:47,310 [ForkJoinPool.commonPool-worker-0] INFO  impl.PendingRequests (PendingRequests.java:sendNotLeaderResponses(202)) - ad13a282-c5bf-465a-9fe1-7adee9400ee3@group-DF5D135B69C0-PendingRequests: sendNotLeaderResponses
2019-10-02 10:56:47,310 [ForkJoinPool.commonPool-worker-0] INFO  impl.StateMachineUpdater (StateMachineUpdater.java:stopAndJoin(136)) - ad13a282-c5bf-465a-9fe1-7adee9400ee3@group-DF5D135B69C0-StateMachineUpdater: set stopIndex = 0
2019-10-02 10:56:47,310 [ForkJoinPool.commonPool-worker-0] INFO  impl.RaftServerImpl (ServerState.java:close(387)) - ad13a282-c5bf-465a-9fe1-7adee9400ee3@group-DF5D135B69C0: closes. applyIndex: 0
2019-10-02 10:56:47,311 [ad13a282-c5bf-465a-9fe1-7adee9400ee3@group-DF5D135B69C0-SegmentedRaftLogWorker] INFO  segmented.SegmentedRaftLogWorker (SegmentedRaftLogWorker.java:run(316)) - ad13a282-c5bf-465a-9fe1-7adee9400ee3@group-DF5D135B69C0-SegmentedRaftLogWorker was interrupted, exiting. There are 0 tasks remaining in the queue.
2019-10-02 10:56:47,314 [main] INFO  segmented.SegmentedRaftLogWorker (SegmentedRaftLogWorker.java:close(224)) - b25f22f8-54cc-4ffd-bfcd-179cc8cbd7fc@group-49987F7A8A7C-SegmentedRaftLogWorker close()
2019-10-02 10:56:47,314 [ForkJoinPool.commonPool-worker-0] INFO  segmented.SegmentedRaftLogWorker (SegmentedRaftLogWorker.java:close(224)) - ad13a282-c5bf-465a-9fe1-7adee9400ee3@group-DF5D135B69C0-SegmentedRaftLogWorker close()
2019-10-02 10:56:47,314 [main] INFO  impl.RaftServerImpl (RaftServerImpl.java:lambda$shutdown$3(247)) - b25f22f8-54cc-4ffd-bfcd-179cc8cbd7fc@group-BE47439FB225: shutdown
2019-10-02 10:56:47,314 [b25f22f8-54cc-4ffd-bfcd-179cc8cbd7fc@group-ABAF19C3FAB0-LeaderElection61] INFO  impl.LeaderElection (LeaderElection.java:askForVotes(178)) - b25f22f8-54cc-4ffd-bfcd-179cc8cbd7fc@group-ABAF19C3FAB0-LeaderElection61: begin an election at term 11 for 1: [d3dffc06-1d6a-4f7a-8294-c2dc8ce35b40:192.168.30.53:33785, 7df38282-3a3d-4206-964a-9b3301cd1d1f:192.168.30.53:34960, b25f22f8-54cc-4ffd-bfcd-179cc8cbd7fc:192.168.30.53:42549], old=null
2019-10-02 10:56:47,314 [ForkJoinPool.commonPool-worker-0] INFO  server.GrpcService (GrpcService.java:closeImpl(164)) - ad13a282-c5bf-465a-9fe1-7adee9400ee3: shutdown server with port 45000 now
2019-10-02 10:56:47,315 [main] INFO  util.JmxRegister (JmxRegister.java:unregister(73)) - Successfully un-registered JMX Bean with object name Ratis:service=RaftServer,group=group-BE47439FB225,id=b25f22f8-54cc-4ffd-bfcd-179cc8cbd7fc
2019-10-02 10:56:47,317 [ForkJoinPool.commonPool-worker-0] INFO  server.GrpcService (GrpcService.java:closeImpl(172)) - ad13a282-c5bf-465a-9fe1-7adee9400ee3: shutdown server with port 45000 successfully
2019-10-02 10:56:47,317 [main] INFO  impl.RoleInfo (RoleInfo.java:shutdownFollowerState(121)) - b25f22f8-54cc-4ffd-bfcd-179cc8cbd7fc: shutdown FollowerState
2019-10-02 10:56:47,317 [b25f22f8-54cc-4ffd-bfcd-179cc8cbd7fc@group-ABAF19C3FAB0-LeaderElection61] INFO  impl.LeaderElection (LogUtils.java:infoOrTrace(149)) - b25f22f8-54cc-4ffd-bfcd-179cc8cbd7fc@group-ABAF19C3FAB0-LeaderElection61 got exception when requesting votes: {}
java.util.concurrent.ExecutionException: org.apache.ratis.thirdparty.io.grpc.StatusRuntimeException: UNAVAILABLE: io exception
	at java.util.concurrent.FutureTask.report(FutureTask.java:122)
	at java.util.concurrent.FutureTask.get(FutureTask.java:192)
	at org.apache.ratis.server.impl.LeaderElection.waitForResults(LeaderElection.java:259)
	at org.apache.ratis.server.impl.LeaderElection.askForVotes(LeaderElection.java:197)
	at org.apache.ratis.server.impl.LeaderElection.run(LeaderElection.java:133)
	at java.lang.Thread.run(Thread.java:748)
Caused by: org.apache.ratis.thirdparty.io.grpc.StatusRuntimeException: UNAVAILABLE: io exception
	at org.apache.ratis.thirdparty.io.grpc.stub.ClientCalls.toStatusRuntimeException(ClientCalls.java:233)
	at org.apache.ratis.thirdparty.io.grpc.stub.ClientCalls.getUnchecked(ClientCalls.java:214)
	at org.apache.ratis.thirdparty.io.grpc.stub.ClientCalls.blockingUnaryCall(ClientCalls.java:139)
	at org.apache.ratis.proto.grpc.RaftServerProtocolServiceGrpc$RaftServerProtocolServiceBlockingStub.requestVote(RaftServerProtocolServiceGrpc.java:265)
	at org.apache.ratis.grpc.server.GrpcServerProtocolClient.requestVote(GrpcServerProtocolClient.java:99)
	at org.apache.ratis.grpc.server.GrpcService.requestVote(GrpcService.java:204)
	at org.apache.ratis.server.impl.LeaderElection.lambda$submitRequests$1(LeaderElection.java:234)
	at java.util.concurrent.FutureTask.run(FutureTask.java:266)
	at java.util.concurrent.Executors$RunnableAdapter.call(Executors.java:511)
	at java.util.concurrent.FutureTask.run(FutureTask.java:266)
	at java.util.concurrent.ThreadPoolExecutor.runWorker(ThreadPoolExecutor.java:1149)
	at java.util.concurrent.ThreadPoolExecutor$Worker.run(ThreadPoolExecutor.java:624)
	... 1 more
Caused by: org.apache.ratis.thirdparty.io.netty.channel.AbstractChannel$AnnotatedConnectException: Connection refused: /192.168.30.53:33785
	at sun.nio.ch.SocketChannelImpl.checkConnect(Native Method)
	at sun.nio.ch.SocketChannelImpl.finishConnect(SocketChannelImpl.java:717)
	at org.apache.ratis.thirdparty.io.netty.channel.socket.nio.NioSocketChannel.doFinishConnect(NioSocketChannel.java:327)
	at org.apache.ratis.thirdparty.io.netty.channel.nio.AbstractNioChannel$AbstractNioUnsafe.finishConnect(AbstractNioChannel.java:340)
	at org.apache.ratis.thirdparty.io.netty.channel.nio.NioEventLoop.processSelectedKey(NioEventLoop.java:632)
	at org.apache.ratis.thirdparty.io.netty.channel.nio.NioEventLoop.processSelectedKeysOptimized(NioEventLoop.java:579)
	at org.apache.ratis.thirdparty.io.netty.channel.nio.NioEventLoop.processSelectedKeys(NioEventLoop.java:496)
	at org.apache.ratis.thirdparty.io.netty.channel.nio.NioEventLoop.run(NioEventLoop.java:458)
	at org.apache.ratis.thirdparty.io.netty.util.concurrent.SingleThreadEventExecutor$5.run(SingleThreadEventExecutor.java:897)
	at org.apache.ratis.thirdparty.io.netty.util.concurrent.FastThreadLocalRunnable.run(FastThreadLocalRunnable.java:30)
	... 1 more
Caused by: java.net.ConnectException: Connection refused
	... 11 more
2019-10-02 10:56:47,318 [Thread-994] INFO  impl.FollowerState (FollowerState.java:run(117)) - b25f22f8-54cc-4ffd-bfcd-179cc8cbd7fc@group-BE47439FB225-FollowerState was interrupted: java.lang.InterruptedException: sleep interrupted
2019-10-02 10:56:47,318 [main] INFO  impl.StateMachineUpdater (StateMachineUpdater.java:stopAndJoin(136)) - b25f22f8-54cc-4ffd-bfcd-179cc8cbd7fc@group-BE47439FB225-StateMachineUpdater: set stopIndex = 0
2019-10-02 10:56:47,322 [b25f22f8-54cc-4ffd-bfcd-179cc8cbd7fc@group-ABAF19C3FAB0-LeaderElection61] INFO  impl.LeaderElection (LogUtils.java:infoOrTrace(149)) - b25f22f8-54cc-4ffd-bfcd-179cc8cbd7fc@group-ABAF19C3FAB0-LeaderElection61 got exception when requesting votes: {}
java.util.concurrent.ExecutionException: org.apache.ratis.thirdparty.io.grpc.StatusRuntimeException: UNAVAILABLE: io exception
	at java.util.concurrent.FutureTask.report(FutureTask.java:122)
	at java.util.concurrent.FutureTask.get(FutureTask.java:192)
	at org.apache.ratis.server.impl.LeaderElection.waitForResults(LeaderElection.java:259)
	at org.apache.ratis.server.impl.LeaderElection.askForVotes(LeaderElection.java:197)
	at org.apache.ratis.server.impl.LeaderElection.run(LeaderElection.java:133)
	at java.lang.Thread.run(Thread.java:748)
Caused by: org.apache.ratis.thirdparty.io.grpc.StatusRuntimeException: UNAVAILABLE: io exception
	at org.apache.ratis.thirdparty.io.grpc.stub.ClientCalls.toStatusRuntimeException(ClientCalls.java:233)
	at org.apache.ratis.thirdparty.io.grpc.stub.ClientCalls.getUnchecked(ClientCalls.java:214)
	at org.apache.ratis.thirdparty.io.grpc.stub.ClientCalls.blockingUnaryCall(ClientCalls.java:139)
	at org.apache.ratis.proto.grpc.RaftServerProtocolServiceGrpc$RaftServerProtocolServiceBlockingStub.requestVote(RaftServerProtocolServiceGrpc.java:265)
	at org.apache.ratis.grpc.server.GrpcServerProtocolClient.requestVote(GrpcServerProtocolClient.java:99)
	at org.apache.ratis.grpc.server.GrpcService.requestVote(GrpcService.java:204)
	at org.apache.ratis.server.impl.LeaderElection.lambda$submitRequests$1(LeaderElection.java:234)
	at java.util.concurrent.FutureTask.run(FutureTask.java:266)
	at java.util.concurrent.Executors$RunnableAdapter.call(Executors.java:511)
	at java.util.concurrent.FutureTask.run(FutureTask.java:266)
	at java.util.concurrent.ThreadPoolExecutor.runWorker(ThreadPoolExecutor.java:1149)
	at java.util.concurrent.ThreadPoolExecutor$Worker.run(ThreadPoolExecutor.java:624)
	... 1 more
Caused by: org.apache.ratis.thirdparty.io.netty.channel.AbstractChannel$AnnotatedConnectException: Connection refused: /192.168.30.53:34960
	at sun.nio.ch.SocketChannelImpl.checkConnect(Native Method)
	at sun.nio.ch.SocketChannelImpl.finishConnect(SocketChannelImpl.java:717)
	at org.apache.ratis.thirdparty.io.netty.channel.socket.nio.NioSocketChannel.doFinishConnect(NioSocketChannel.java:327)
	at org.apache.ratis.thirdparty.io.netty.channel.nio.AbstractNioChannel$AbstractNioUnsafe.finishConnect(AbstractNioChannel.java:340)
	at org.apache.ratis.thirdparty.io.netty.channel.nio.NioEventLoop.processSelectedKey(NioEventLoop.java:632)
	at org.apache.ratis.thirdparty.io.netty.channel.nio.NioEventLoop.processSelectedKeysOptimized(NioEventLoop.java:579)
	at org.apache.ratis.thirdparty.io.netty.channel.nio.NioEventLoop.processSelectedKeys(NioEventLoop.java:496)
	at org.apache.ratis.thirdparty.io.netty.channel.nio.NioEventLoop.run(NioEventLoop.java:458)
	at org.apache.ratis.thirdparty.io.netty.util.concurrent.SingleThreadEventExecutor$5.run(SingleThreadEventExecutor.java:897)
	at org.apache.ratis.thirdparty.io.netty.util.concurrent.FastThreadLocalRunnable.run(FastThreadLocalRunnable.java:30)
	... 1 more
Caused by: java.net.ConnectException: Connection refused
	... 11 more
2019-10-02 10:56:47,323 [main] INFO  impl.RaftServerImpl (ServerState.java:close(387)) - b25f22f8-54cc-4ffd-bfcd-179cc8cbd7fc@group-BE47439FB225: closes. applyIndex: 0
2019-10-02 10:56:47,323 [refreshUsed-/workdir/hadoop-ozone/integration-test/target/test-dir/MiniOzoneClusterImpl-5f261223-23be-4c6b-a914-4b08f19f7d30/datanode-1/data/containers] WARN  fs.CachingGetSpaceUsed (CachingGetSpaceUsed.java:run(183)) - Thread Interrupted waiting to refresh disk information: sleep interrupted
2019-10-02 10:56:47,324 [b25f22f8-54cc-4ffd-bfcd-179cc8cbd7fc@group-ABAF19C3FAB0-LeaderElection61] INFO  impl.LeaderElection (LeaderElection.java:logAndReturn(56)) - b25f22f8-54cc-4ffd-bfcd-179cc8cbd7fc@group-ABAF19C3FAB0-LeaderElection61: Election REJECTED; received 0 response(s) [] and 2 exception(s); b25f22f8-54cc-4ffd-bfcd-179cc8cbd7fc@group-ABAF19C3FAB0:t11, leader=null, voted=b25f22f8-54cc-4ffd-bfcd-179cc8cbd7fc, raftlog=b25f22f8-54cc-4ffd-bfcd-179cc8cbd7fc@group-ABAF19C3FAB0-SegmentedRaftLog:OPENED:c2,f2,i2, conf=1: [d3dffc06-1d6a-4f7a-8294-c2dc8ce35b40:192.168.30.53:33785, 7df38282-3a3d-4206-964a-9b3301cd1d1f:192.168.30.53:34960, b25f22f8-54cc-4ffd-bfcd-179cc8cbd7fc:192.168.30.53:42549], old=null
2019-10-02 10:56:47,324 [b25f22f8-54cc-4ffd-bfcd-179cc8cbd7fc@group-BE47439FB225-SegmentedRaftLogWorker] INFO  segmented.SegmentedRaftLogWorker (SegmentedRaftLogWorker.java:run(316)) - b25f22f8-54cc-4ffd-bfcd-179cc8cbd7fc@group-BE47439FB225-SegmentedRaftLogWorker was interrupted, exiting. There are 0 tasks remaining in the queue.
2019-10-02 10:56:47,324 [b25f22f8-54cc-4ffd-bfcd-179cc8cbd7fc@group-ABAF19C3FAB0-LeaderElection61] INFO  impl.LeaderElection (LogUtils.java:infoOrTrace(149)) -   Exception 0: {}
java.util.concurrent.ExecutionException: org.apache.ratis.thirdparty.io.grpc.StatusRuntimeException: UNAVAILABLE: io exception
	at java.util.concurrent.FutureTask.report(FutureTask.java:122)
	at java.util.concurrent.FutureTask.get(FutureTask.java:192)
	at org.apache.ratis.server.impl.LeaderElection.waitForResults(LeaderElection.java:259)
	at org.apache.ratis.server.impl.LeaderElection.askForVotes(LeaderElection.java:197)
	at org.apache.ratis.server.impl.LeaderElection.run(LeaderElection.java:133)
	at java.lang.Thread.run(Thread.java:748)
Caused by: org.apache.ratis.thirdparty.io.grpc.StatusRuntimeException: UNAVAILABLE: io exception
	at org.apache.ratis.thirdparty.io.grpc.stub.ClientCalls.toStatusRuntimeException(ClientCalls.java:233)
	at org.apache.ratis.thirdparty.io.grpc.stub.ClientCalls.getUnchecked(ClientCalls.java:214)
	at org.apache.ratis.thirdparty.io.grpc.stub.ClientCalls.blockingUnaryCall(ClientCalls.java:139)
	at org.apache.ratis.proto.grpc.RaftServerProtocolServiceGrpc$RaftServerProtocolServiceBlockingStub.requestVote(RaftServerProtocolServiceGrpc.java:265)
	at org.apache.ratis.grpc.server.GrpcServerProtocolClient.requestVote(GrpcServerProtocolClient.java:99)
	at org.apache.ratis.grpc.server.GrpcService.requestVote(GrpcService.java:204)
	at org.apache.ratis.server.impl.LeaderElection.lambda$submitRequests$1(LeaderElection.java:234)
	at java.util.concurrent.FutureTask.run(FutureTask.java:266)
	at java.util.concurrent.Executors$RunnableAdapter.call(Executors.java:511)
	at java.util.concurrent.FutureTask.run(FutureTask.java:266)
	at java.util.concurrent.ThreadPoolExecutor.runWorker(ThreadPoolExecutor.java:1149)
	at java.util.concurrent.ThreadPoolExecutor$Worker.run(ThreadPoolExecutor.java:624)
	... 1 more
Caused by: org.apache.ratis.thirdparty.io.netty.channel.AbstractChannel$AnnotatedConnectException: Connection refused: /192.168.30.53:33785
	at sun.nio.ch.SocketChannelImpl.checkConnect(Native Method)
	at sun.nio.ch.SocketChannelImpl.finishConnect(SocketChannelImpl.java:717)
	at org.apache.ratis.thirdparty.io.netty.channel.socket.nio.NioSocketChannel.doFinishConnect(NioSocketChannel.java:327)
	at org.apache.ratis.thirdparty.io.netty.channel.nio.AbstractNioChannel$AbstractNioUnsafe.finishConnect(AbstractNioChannel.java:340)
	at org.apache.ratis.thirdparty.io.netty.channel.nio.NioEventLoop.processSelectedKey(NioEventLoop.java:632)
	at org.apache.ratis.thirdparty.io.netty.channel.nio.NioEventLoop.processSelectedKeysOptimized(NioEventLoop.java:579)
	at org.apache.ratis.thirdparty.io.netty.channel.nio.NioEventLoop.processSelectedKeys(NioEventLoop.java:496)
	at org.apache.ratis.thirdparty.io.netty.channel.nio.NioEventLoop.run(NioEventLoop.java:458)
	at org.apache.ratis.thirdparty.io.netty.util.concurrent.SingleThreadEventExecutor$5.run(SingleThreadEventExecutor.java:897)
	at org.apache.ratis.thirdparty.io.netty.util.concurrent.FastThreadLocalRunnable.run(FastThreadLocalRunnable.java:30)
	... 1 more
Caused by: java.net.ConnectException: Connection refused
	... 11 more
2019-10-02 10:56:47,324 [main] INFO  segmented.SegmentedRaftLogWorker (SegmentedRaftLogWorker.java:close(224)) - b25f22f8-54cc-4ffd-bfcd-179cc8cbd7fc@group-BE47439FB225-SegmentedRaftLogWorker close()
2019-10-02 10:56:47,325 [b25f22f8-54cc-4ffd-bfcd-179cc8cbd7fc@group-ABAF19C3FAB0-LeaderElection61] INFO  impl.LeaderElection (LogUtils.java:infoOrTrace(149)) -   Exception 1: {}
java.util.concurrent.ExecutionException: org.apache.ratis.thirdparty.io.grpc.StatusRuntimeException: UNAVAILABLE: io exception
	at java.util.concurrent.FutureTask.report(FutureTask.java:122)
	at java.util.concurrent.FutureTask.get(FutureTask.java:192)
	at org.apache.ratis.server.impl.LeaderElection.waitForResults(LeaderElection.java:259)
	at org.apache.ratis.server.impl.LeaderElection.askForVotes(LeaderElection.java:197)
	at org.apache.ratis.server.impl.LeaderElection.run(LeaderElection.java:133)
	at java.lang.Thread.run(Thread.java:748)
Caused by: org.apache.ratis.thirdparty.io.grpc.StatusRuntimeException: UNAVAILABLE: io exception
	at org.apache.ratis.thirdparty.io.grpc.stub.ClientCalls.toStatusRuntimeException(ClientCalls.java:233)
	at org.apache.ratis.thirdparty.io.grpc.stub.ClientCalls.getUnchecked(ClientCalls.java:214)
	at org.apache.ratis.thirdparty.io.grpc.stub.ClientCalls.blockingUnaryCall(ClientCalls.java:139)
	at org.apache.ratis.proto.grpc.RaftServerProtocolServiceGrpc$RaftServerProtocolServiceBlockingStub.requestVote(RaftServerProtocolServiceGrpc.java:265)
	at org.apache.ratis.grpc.server.GrpcServerProtocolClient.requestVote(GrpcServerProtocolClient.java:99)
	at org.apache.ratis.grpc.server.GrpcService.requestVote(GrpcService.java:204)
	at org.apache.ratis.server.impl.LeaderElection.lambda$submitRequests$1(LeaderElection.java:234)
	at java.util.concurrent.FutureTask.run(FutureTask.java:266)
	at java.util.concurrent.Executors$RunnableAdapter.call(Executors.java:511)
	at java.util.concurrent.FutureTask.run(FutureTask.java:266)
	at java.util.concurrent.ThreadPoolExecutor.runWorker(ThreadPoolExecutor.java:1149)
	at java.util.concurrent.ThreadPoolExecutor$Worker.run(ThreadPoolExecutor.java:624)
	... 1 more
Caused by: org.apache.ratis.thirdparty.io.netty.channel.AbstractChannel$AnnotatedConnectException: Connection refused: /192.168.30.53:34960
	at sun.nio.ch.SocketChannelImpl.checkConnect(Native Method)
	at sun.nio.ch.SocketChannelImpl.finishConnect(SocketChannelImpl.java:717)
	at org.apache.ratis.thirdparty.io.netty.channel.socket.nio.NioSocketChannel.doFinishConnect(NioSocketChannel.java:327)
	at org.apache.ratis.thirdparty.io.netty.channel.nio.AbstractNioChannel$AbstractNioUnsafe.finishConnect(AbstractNioChannel.java:340)
	at org.apache.ratis.thirdparty.io.netty.channel.nio.NioEventLoop.processSelectedKey(NioEventLoop.java:632)
	at org.apache.ratis.thirdparty.io.netty.channel.nio.NioEventLoop.processSelectedKeysOptimized(NioEventLoop.java:579)
	at org.apache.ratis.thirdparty.io.netty.channel.nio.NioEventLoop.processSelectedKeys(NioEventLoop.java:496)
	at org.apache.ratis.thirdparty.io.netty.channel.nio.NioEventLoop.run(NioEventLoop.java:458)
	at org.apache.ratis.thirdparty.io.netty.util.concurrent.SingleThreadEventExecutor$5.run(SingleThreadEventExecutor.java:897)
	at org.apache.ratis.thirdparty.io.netty.util.concurrent.FastThreadLocalRunnable.run(FastThreadLocalRunnable.java:30)
	... 1 more
Caused by: java.net.ConnectException: Connection refused
	... 11 more
2019-10-02 10:56:47,325 [main] INFO  impl.RaftServerImpl (RaftServerImpl.java:lambda$shutdown$3(247)) - b25f22f8-54cc-4ffd-bfcd-179cc8cbd7fc@group-C476C2B24A7C: shutdown
2019-10-02 10:56:47,326 [b25f22f8-54cc-4ffd-bfcd-179cc8cbd7fc@group-ABAF19C3FAB0-LeaderElection61] INFO  impl.RaftServerImpl (RaftServerImpl.java:setRole(170)) - b25f22f8-54cc-4ffd-bfcd-179cc8cbd7fc@group-ABAF19C3FAB0: changes role from CANDIDATE to FOLLOWER at term 11 for DISCOVERED_A_NEW_TERM
2019-10-02 10:56:47,326 [main] INFO  util.JmxRegister (JmxRegister.java:unregister(73)) - Successfully un-registered JMX Bean with object name Ratis:service=RaftServer,group=group-C476C2B24A7C,id=b25f22f8-54cc-4ffd-bfcd-179cc8cbd7fc
2019-10-02 10:56:47,326 [b25f22f8-54cc-4ffd-bfcd-179cc8cbd7fc@group-ABAF19C3FAB0-LeaderElection61] INFO  impl.RoleInfo (RoleInfo.java:shutdownLeaderElection(134)) - b25f22f8-54cc-4ffd-bfcd-179cc8cbd7fc: shutdown LeaderElection
2019-10-02 10:56:47,326 [main] INFO  impl.RoleInfo (RoleInfo.java:shutdownFollowerState(121)) - b25f22f8-54cc-4ffd-bfcd-179cc8cbd7fc: shutdown FollowerState
2019-10-02 10:56:47,327 [b25f22f8-54cc-4ffd-bfcd-179cc8cbd7fc@group-ABAF19C3FAB0-LeaderElection61] INFO  impl.RoleInfo (RoleInfo.java:updateAndGet(143)) - b25f22f8-54cc-4ffd-bfcd-179cc8cbd7fc: start FollowerState
2019-10-02 10:56:47,327 [Thread-999] INFO  impl.FollowerState (FollowerState.java:run(117)) - b25f22f8-54cc-4ffd-bfcd-179cc8cbd7fc@group-C476C2B24A7C-FollowerState was interrupted: java.lang.InterruptedException: sleep interrupted
2019-10-02 10:56:47,327 [main] INFO  impl.StateMachineUpdater (StateMachineUpdater.java:stopAndJoin(136)) - b25f22f8-54cc-4ffd-bfcd-179cc8cbd7fc@group-C476C2B24A7C-StateMachineUpdater: set stopIndex = 2
2019-10-02 10:56:47,328 [main] INFO  impl.RaftServerImpl (ServerState.java:close(387)) - b25f22f8-54cc-4ffd-bfcd-179cc8cbd7fc@group-C476C2B24A7C: closes. applyIndex: 2
2019-10-02 10:56:47,328 [b25f22f8-54cc-4ffd-bfcd-179cc8cbd7fc@group-C476C2B24A7C-SegmentedRaftLogWorker] INFO  segmented.SegmentedRaftLogWorker (SegmentedRaftLogWorker.java:run(316)) - b25f22f8-54cc-4ffd-bfcd-179cc8cbd7fc@group-C476C2B24A7C-SegmentedRaftLogWorker was interrupted, exiting. There are 0 tasks remaining in the queue.
2019-10-02 10:56:47,329 [main] INFO  segmented.SegmentedRaftLogWorker (SegmentedRaftLogWorker.java:close(224)) - b25f22f8-54cc-4ffd-bfcd-179cc8cbd7fc@group-C476C2B24A7C-SegmentedRaftLogWorker close()
2019-10-02 10:56:47,329 [main] INFO  impl.RaftServerImpl (RaftServerImpl.java:lambda$shutdown$3(247)) - b25f22f8-54cc-4ffd-bfcd-179cc8cbd7fc@group-6128F9235CFD: shutdown
2019-10-02 10:56:47,329 [main] INFO  util.JmxRegister (JmxRegister.java:unregister(73)) - Successfully un-registered JMX Bean with object name Ratis:service=RaftServer,group=group-6128F9235CFD,id=b25f22f8-54cc-4ffd-bfcd-179cc8cbd7fc
2019-10-02 10:56:47,329 [main] INFO  impl.RoleInfo (RoleInfo.java:shutdownFollowerState(121)) - b25f22f8-54cc-4ffd-bfcd-179cc8cbd7fc: shutdown FollowerState
2019-10-02 10:56:47,330 [main] INFO  impl.StateMachineUpdater (StateMachineUpdater.java:stopAndJoin(136)) - b25f22f8-54cc-4ffd-bfcd-179cc8cbd7fc@group-6128F9235CFD-StateMachineUpdater: set stopIndex = 0
2019-10-02 10:56:47,330 [Thread-1003] INFO  impl.FollowerState (FollowerState.java:run(117)) - b25f22f8-54cc-4ffd-bfcd-179cc8cbd7fc@group-6128F9235CFD-FollowerState was interrupted: java.lang.InterruptedException: sleep interrupted
2019-10-02 10:56:47,330 [main] INFO  impl.RaftServerImpl (ServerState.java:close(387)) - b25f22f8-54cc-4ffd-bfcd-179cc8cbd7fc@group-6128F9235CFD: closes. applyIndex: 0
2019-10-02 10:56:47,331 [b25f22f8-54cc-4ffd-bfcd-179cc8cbd7fc@group-6128F9235CFD-SegmentedRaftLogWorker] INFO  segmented.SegmentedRaftLogWorker (SegmentedRaftLogWorker.java:run(316)) - b25f22f8-54cc-4ffd-bfcd-179cc8cbd7fc@group-6128F9235CFD-SegmentedRaftLogWorker was interrupted, exiting. There are 0 tasks remaining in the queue.
2019-10-02 10:56:47,331 [main] INFO  segmented.SegmentedRaftLogWorker (SegmentedRaftLogWorker.java:close(224)) - b25f22f8-54cc-4ffd-bfcd-179cc8cbd7fc@group-6128F9235CFD-SegmentedRaftLogWorker close()
2019-10-02 10:56:47,331 [main] INFO  impl.RaftServerImpl (RaftServerImpl.java:lambda$shutdown$3(247)) - b25f22f8-54cc-4ffd-bfcd-179cc8cbd7fc@group-ABAF19C3FAB0: shutdown
2019-10-02 10:56:47,332 [main] INFO  util.JmxRegister (JmxRegister.java:unregister(73)) - Successfully un-registered JMX Bean with object name Ratis:service=RaftServer,group=group-ABAF19C3FAB0,id=b25f22f8-54cc-4ffd-bfcd-179cc8cbd7fc
2019-10-02 10:56:47,332 [main] INFO  impl.RoleInfo (RoleInfo.java:shutdownFollowerState(121)) - b25f22f8-54cc-4ffd-bfcd-179cc8cbd7fc: shutdown FollowerState
2019-10-02 10:56:47,333 [main] INFO  impl.StateMachineUpdater (StateMachineUpdater.java:stopAndJoin(136)) - b25f22f8-54cc-4ffd-bfcd-179cc8cbd7fc@group-ABAF19C3FAB0-StateMachineUpdater: set stopIndex = 2
2019-10-02 10:56:47,333 [Thread-1007] INFO  impl.FollowerState (FollowerState.java:run(117)) - b25f22f8-54cc-4ffd-bfcd-179cc8cbd7fc@group-ABAF19C3FAB0-FollowerState was interrupted: java.lang.InterruptedException: sleep interrupted
2019-10-02 10:56:47,333 [main] INFO  impl.RaftServerImpl (ServerState.java:close(387)) - b25f22f8-54cc-4ffd-bfcd-179cc8cbd7fc@group-ABAF19C3FAB0: closes. applyIndex: 2
2019-10-02 10:56:47,334 [b25f22f8-54cc-4ffd-bfcd-179cc8cbd7fc@group-ABAF19C3FAB0-SegmentedRaftLogWorker] INFO  segmented.SegmentedRaftLogWorker (SegmentedRaftLogWorker.java:run(316)) - b25f22f8-54cc-4ffd-bfcd-179cc8cbd7fc@group-ABAF19C3FAB0-SegmentedRaftLogWorker was interrupted, exiting. There are 0 tasks remaining in the queue.
2019-10-02 10:56:47,334 [main] INFO  segmented.SegmentedRaftLogWorker (SegmentedRaftLogWorker.java:close(224)) - b25f22f8-54cc-4ffd-bfcd-179cc8cbd7fc@group-ABAF19C3FAB0-SegmentedRaftLogWorker close()
2019-10-02 10:56:47,334 [main] INFO  server.GrpcService (GrpcService.java:closeImpl(164)) - b25f22f8-54cc-4ffd-bfcd-179cc8cbd7fc: shutdown server with port 42549 now
2019-10-02 10:56:47,335 [main] INFO  server.GrpcService (GrpcService.java:closeImpl(172)) - b25f22f8-54cc-4ffd-bfcd-179cc8cbd7fc: shutdown server with port 42549 successfully
2019-10-02 10:56:47,340 [refreshUsed-/workdir/hadoop-ozone/integration-test/target/test-dir/MiniOzoneClusterImpl-5f261223-23be-4c6b-a914-4b08f19f7d30/datanode-7/data/containers] WARN  fs.CachingGetSpaceUsed (CachingGetSpaceUsed.java:run(183)) - Thread Interrupted waiting to refresh disk information: sleep interrupted
2019-10-02 10:56:47,343 [ForkJoinPool.commonPool-worker-0] INFO  utils.BackgroundService (BackgroundService.java:shutdown(148)) - Shutting down service BlockDeletingService
2019-10-02 10:56:47,346 [ForkJoinPool.commonPool-worker-0] INFO  statemachine.DatanodeStateMachine (DatanodeStateMachine.java:stopDaemon(395)) - Ozone container server stopped.
2019-10-02 10:56:47,349 [ForkJoinPool.commonPool-worker-0] INFO  handler.ContextHandler (ContextHandler.java:doStop(910)) - Stopped o.e.j.w.WebAppContext@611a990b{/,null,UNAVAILABLE}{/hddsDatanode}
2019-10-02 10:56:47,350 [ForkJoinPool.commonPool-worker-0] INFO  server.AbstractConnector (AbstractConnector.java:doStop(318)) - Stopped ServerConnector@7cbeac65{HTTP/1.1,[http/1.1]}{0.0.0.0:0}
2019-10-02 10:56:47,350 [ForkJoinPool.commonPool-worker-0] INFO  handler.ContextHandler (ContextHandler.java:doStop(910)) - Stopped o.e.j.s.ServletContextHandler@77bbadc{/static,jar:file:/home/user/.m2/repository/org/apache/hadoop/hadoop-hdds-container-service/0.5.0-SNAPSHOT/hadoop-hdds-container-service-0.5.0-SNAPSHOT.jar!/webapps/static,UNAVAILABLE}
2019-10-02 10:56:47,351 [ForkJoinPool.commonPool-worker-0] INFO  handler.ContextHandler (ContextHandler.java:doStop(910)) - Stopped o.e.j.s.ServletContextHandler@4d41ba0f{/logs,file:///workdir/hadoop-ozone/integration-test/target/log,UNAVAILABLE}
2019-10-02 10:56:47,357 [main] INFO  utils.BackgroundService (BackgroundService.java:shutdown(148)) - Shutting down service BlockDeletingService
2019-10-02 10:56:47,360 [main] INFO  statemachine.DatanodeStateMachine (DatanodeStateMachine.java:stopDaemon(395)) - Ozone container server stopped.
2019-10-02 10:56:47,360 [main] INFO  handler.ContextHandler (ContextHandler.java:doStop(910)) - Stopped o.e.j.w.WebAppContext@7d3c09ec{/,null,UNAVAILABLE}{/hddsDatanode}
2019-10-02 10:56:47,361 [main] INFO  server.AbstractConnector (AbstractConnector.java:doStop(318)) - Stopped ServerConnector@71e4b308{HTTP/1.1,[http/1.1]}{0.0.0.0:0}
2019-10-02 10:56:47,361 [main] INFO  handler.ContextHandler (ContextHandler.java:doStop(910)) - Stopped o.e.j.s.ServletContextHandler@298f0a0b{/static,jar:file:/home/user/.m2/repository/org/apache/hadoop/hadoop-hdds-container-service/0.5.0-SNAPSHOT/hadoop-hdds-container-service-0.5.0-SNAPSHOT.jar!/webapps/static,UNAVAILABLE}
2019-10-02 10:56:47,362 [main] INFO  handler.ContextHandler (ContextHandler.java:doStop(910)) - Stopped o.e.j.s.ServletContextHandler@45cec376{/logs,file:///workdir/hadoop-ozone/integration-test/target/log,UNAVAILABLE}
2019-10-02 10:56:47,363 [main] INFO  ozone.MiniOzoneClusterImpl (MiniOzoneClusterImpl.java:stopSCM(392)) - Stopping the StorageContainerManager
2019-10-02 10:56:47,363 [main] INFO  server.StorageContainerManager (StorageContainerManager.java:stop(808)) - Stopping Replication Manager Service.
2019-10-02 10:56:47,363 [main] INFO  container.ReplicationManager (ReplicationManager.java:stop(203)) - Stopping Replication Monitor Thread.
2019-10-02 10:56:47,363 [main] INFO  server.StorageContainerManager (StorageContainerManager.java:stop(815)) - Stopping Lease Manager of the command watchers
2019-10-02 10:56:47,363 [main] INFO  server.StorageContainerManager (StorageContainerManager.java:stop(822)) - Stopping datanode service RPC server
2019-10-02 10:56:47,364 [main] INFO  server.SCMDatanodeProtocolServer (SCMDatanodeProtocolServer.java:stop(367)) - Stopping the RPC server for DataNodes
2019-10-02 10:56:47,364 [main] INFO  ipc.Server (Server.java:stop(3082)) - Stopping server on 44807
2019-10-02 10:56:47,365 [IPC Server listener on 44807] INFO  ipc.Server (Server.java:run(1185)) - Stopping IPC Server listener on 44807
2019-10-02 10:56:47,365 [IPC Server Responder] INFO  ipc.Server (Server.java:run(1319)) - Stopping IPC Server Responder
2019-10-02 10:56:47,395 [SCM Heartbeat Processing Thread - 0] WARN  node.NodeStateManager (NodeStateManager.java:scheduleNextHealthCheck(646)) - Current Thread is interrupted, shutting down HB processing thread for Node Manager.
2019-10-02 10:56:47,396 [main] INFO  server.StorageContainerManager (StorageContainerManager.java:stop(830)) - Stopping block service RPC server
2019-10-02 10:56:47,396 [main] INFO  server.SCMBlockProtocolServer (SCMBlockProtocolServer.java:stop(155)) - Stopping the RPC server for Block Protocol
2019-10-02 10:56:47,396 [main] INFO  ipc.Server (Server.java:stop(3082)) - Stopping server on 35276
2019-10-02 10:56:47,401 [main] INFO  server.StorageContainerManager (StorageContainerManager.java:stop(837)) - Stopping the StorageContainerLocationProtocol RPC server
2019-10-02 10:56:47,401 [IPC Server listener on 35276] INFO  ipc.Server (Server.java:run(1185)) - Stopping IPC Server listener on 35276
2019-10-02 10:56:47,401 [IPC Server Responder] INFO  ipc.Server (Server.java:run(1319)) - Stopping IPC Server Responder
2019-10-02 10:56:47,401 [main] INFO  server.SCMClientProtocolServer (SCMClientProtocolServer.java:stop(158)) - Stopping the RPC server for Client Protocol
2019-10-02 10:56:47,402 [main] INFO  ipc.Server (Server.java:stop(3082)) - Stopping server on 41833
2019-10-02 10:56:47,404 [IPC Server listener on 41833] INFO  ipc.Server (Server.java:run(1185)) - Stopping IPC Server listener on 41833
2019-10-02 10:56:47,404 [IPC Server Responder] INFO  ipc.Server (Server.java:run(1319)) - Stopping IPC Server Responder
2019-10-02 10:56:47,404 [main] INFO  server.StorageContainerManager (StorageContainerManager.java:stop(844)) - Stopping Storage Container Manager HTTP server.
2019-10-02 10:56:47,405 [main] INFO  handler.ContextHandler (ContextHandler.java:doStop(910)) - Stopped o.e.j.w.WebAppContext@6db66836{/,null,UNAVAILABLE}{/scm}
2019-10-02 10:56:47,406 [main] INFO  server.AbstractConnector (AbstractConnector.java:doStop(318)) - Stopped ServerConnector@1ee4730{HTTP/1.1,[http/1.1]}{0.0.0.0:0}
2019-10-02 10:56:47,406 [main] INFO  handler.ContextHandler (ContextHandler.java:doStop(910)) - Stopped o.e.j.s.ServletContextHandler@43b6123e{/static,file:///workdir/hadoop-ozone/integration-test/target/test-classes/webapps/static,UNAVAILABLE}
2019-10-02 10:56:47,407 [main] INFO  handler.ContextHandler (ContextHandler.java:doStop(910)) - Stopped o.e.j.s.ServletContextHandler@4fce136b{/logs,file:///workdir/hadoop-ozone/integration-test/target/log,UNAVAILABLE}
2019-10-02 10:56:47,407 [main] INFO  server.StorageContainerManager (StorageContainerManager.java:stop(855)) - Stopping Block Manager Service.
2019-10-02 10:56:47,408 [main] INFO  utils.BackgroundService (BackgroundService.java:shutdown(148)) - Shutting down service SCMBlockDeletingService
2019-10-02 10:56:47,408 [main] INFO  utils.BackgroundService (BackgroundService.java:shutdown(148)) - Shutting down service SCMBlockDeletingService
2019-10-02 10:56:47,409 [main] INFO  server.StorageContainerManager (StorageContainerManager.java:stop(877)) - Stopping SCM Event Queue.
2019-10-02 10:56:47,414 [main] INFO  impl.MetricsSystemImpl (MetricsSystemImpl.java:stop(210)) - Stopping ratis metrics system...
2019-10-02 10:56:47,426 [prometheus] INFO  impl.MetricsSinkAdapter (MetricsSinkAdapter.java:publishMetricsFromQueue(141)) - prometheus thread interrupted.
2019-10-02 10:56:47,426 [main] INFO  impl.MetricsSystemImpl (MetricsSystemImpl.java:stop(216)) - ratis metrics system stopped.
]]></system-out>
    <system-err><![CDATA[ERROR StatusLogger No Log4j 2 configuration file found. Using default configuration (logging only errors to the console), or user programmatically provided configurations. Set system property 'log4j2.debug' to show Log4j 2 internal initialization logging. See https://logging.apache.org/log4j/2.x/manual/configuration.html for instructions on how to configure Log4j 2
Oct 02, 2019 10:56:27 AM org.apache.ratis.thirdparty.io.grpc.internal.SerializingExecutor run
SEVERE: Exception while executing runnable org.apache.ratis.thirdparty.io.grpc.internal.ServerImpl$JumpToApplicationThreadServerStreamListener$1Closed@a83d1e3
org.apache.ratis.thirdparty.io.grpc.StatusRuntimeException: CANCELLED: call already cancelled
	at org.apache.ratis.thirdparty.io.grpc.Status.asRuntimeException(Status.java:517)
	at org.apache.ratis.thirdparty.io.grpc.stub.ServerCalls$ServerCallStreamObserverImpl.onCompleted(ServerCalls.java:356)
	at org.apache.ratis.grpc.server.GrpcServerProtocolService$ServerRequestStreamObserver.onError(GrpcServerProtocolService.java:121)
	at org.apache.ratis.thirdparty.io.grpc.stub.ServerCalls$StreamingServerCallHandler$StreamingServerCallListener.onCancel(ServerCalls.java:269)
	at org.apache.ratis.thirdparty.io.grpc.internal.ServerCallImpl$ServerStreamListenerImpl.closed(ServerCallImpl.java:293)
	at org.apache.ratis.thirdparty.io.grpc.internal.ServerImpl$JumpToApplicationThreadServerStreamListener$1Closed.runInContext(ServerImpl.java:741)
	at org.apache.ratis.thirdparty.io.grpc.internal.ContextRunnable.run(ContextRunnable.java:37)
	at org.apache.ratis.thirdparty.io.grpc.internal.SerializingExecutor.run(SerializingExecutor.java:123)
	at java.util.concurrent.ThreadPoolExecutor.runWorker(ThreadPoolExecutor.java:1149)
	at java.util.concurrent.ThreadPoolExecutor$Worker.run(ThreadPoolExecutor.java:624)
	at java.lang.Thread.run(Thread.java:748)

Oct 02, 2019 10:56:27 AM org.apache.ratis.thirdparty.io.grpc.internal.SerializingExecutor run
SEVERE: Exception while executing runnable org.apache.ratis.thirdparty.io.grpc.internal.ServerImpl$JumpToApplicationThreadServerStreamListener$1Closed@714e4a6b
org.apache.ratis.thirdparty.io.grpc.StatusRuntimeException: CANCELLED: call already cancelled
	at org.apache.ratis.thirdparty.io.grpc.Status.asRuntimeException(Status.java:517)
	at org.apache.ratis.thirdparty.io.grpc.stub.ServerCalls$ServerCallStreamObserverImpl.onCompleted(ServerCalls.java:356)
	at org.apache.ratis.grpc.server.GrpcServerProtocolService$ServerRequestStreamObserver.onError(GrpcServerProtocolService.java:121)
	at org.apache.ratis.thirdparty.io.grpc.stub.ServerCalls$StreamingServerCallHandler$StreamingServerCallListener.onCancel(ServerCalls.java:269)
	at org.apache.ratis.thirdparty.io.grpc.internal.ServerCallImpl$ServerStreamListenerImpl.closed(ServerCallImpl.java:293)
	at org.apache.ratis.thirdparty.io.grpc.internal.ServerImpl$JumpToApplicationThreadServerStreamListener$1Closed.runInContext(ServerImpl.java:741)
	at org.apache.ratis.thirdparty.io.grpc.internal.ContextRunnable.run(ContextRunnable.java:37)
	at org.apache.ratis.thirdparty.io.grpc.internal.SerializingExecutor.run(SerializingExecutor.java:123)
	at java.util.concurrent.ThreadPoolExecutor.runWorker(ThreadPoolExecutor.java:1149)
	at java.util.concurrent.ThreadPoolExecutor$Worker.run(ThreadPoolExecutor.java:624)
	at java.lang.Thread.run(Thread.java:748)

Oct 02, 2019 10:56:27 AM org.apache.ratis.thirdparty.io.grpc.internal.SerializingExecutor run
SEVERE: Exception while executing runnable org.apache.ratis.thirdparty.io.grpc.internal.ServerImpl$JumpToApplicationThreadServerStreamListener$1Closed@6025738f
org.apache.ratis.thirdparty.io.grpc.StatusRuntimeException: CANCELLED: call already cancelled
	at org.apache.ratis.thirdparty.io.grpc.Status.asRuntimeException(Status.java:517)
	at org.apache.ratis.thirdparty.io.grpc.stub.ServerCalls$ServerCallStreamObserverImpl.onCompleted(ServerCalls.java:356)
	at org.apache.ratis.grpc.server.GrpcServerProtocolService$ServerRequestStreamObserver.onError(GrpcServerProtocolService.java:121)
	at org.apache.ratis.thirdparty.io.grpc.stub.ServerCalls$StreamingServerCallHandler$StreamingServerCallListener.onCancel(ServerCalls.java:269)
	at org.apache.ratis.thirdparty.io.grpc.internal.ServerCallImpl$ServerStreamListenerImpl.closed(ServerCallImpl.java:293)
	at org.apache.ratis.thirdparty.io.grpc.internal.ServerImpl$JumpToApplicationThreadServerStreamListener$1Closed.runInContext(ServerImpl.java:741)
	at org.apache.ratis.thirdparty.io.grpc.internal.ContextRunnable.run(ContextRunnable.java:37)
	at org.apache.ratis.thirdparty.io.grpc.internal.SerializingExecutor.run(SerializingExecutor.java:123)
	at java.util.concurrent.ThreadPoolExecutor.runWorker(ThreadPoolExecutor.java:1149)
	at java.util.concurrent.ThreadPoolExecutor$Worker.run(ThreadPoolExecutor.java:624)
	at java.lang.Thread.run(Thread.java:748)

Oct 02, 2019 10:56:27 AM org.apache.ratis.thirdparty.io.grpc.internal.SerializingExecutor run
SEVERE: Exception while executing runnable org.apache.ratis.thirdparty.io.grpc.internal.ServerImpl$JumpToApplicationThreadServerStreamListener$1Closed@a25c361
org.apache.ratis.thirdparty.io.grpc.StatusRuntimeException: CANCELLED: call already cancelled
	at org.apache.ratis.thirdparty.io.grpc.Status.asRuntimeException(Status.java:517)
	at org.apache.ratis.thirdparty.io.grpc.stub.ServerCalls$ServerCallStreamObserverImpl.onCompleted(ServerCalls.java:356)
	at org.apache.ratis.grpc.server.GrpcServerProtocolService$ServerRequestStreamObserver.onError(GrpcServerProtocolService.java:121)
	at org.apache.ratis.thirdparty.io.grpc.stub.ServerCalls$StreamingServerCallHandler$StreamingServerCallListener.onCancel(ServerCalls.java:269)
	at org.apache.ratis.thirdparty.io.grpc.internal.ServerCallImpl$ServerStreamListenerImpl.closed(ServerCallImpl.java:293)
	at org.apache.ratis.thirdparty.io.grpc.internal.ServerImpl$JumpToApplicationThreadServerStreamListener$1Closed.runInContext(ServerImpl.java:741)
	at org.apache.ratis.thirdparty.io.grpc.internal.ContextRunnable.run(ContextRunnable.java:37)
	at org.apache.ratis.thirdparty.io.grpc.internal.SerializingExecutor.run(SerializingExecutor.java:123)
	at java.util.concurrent.ThreadPoolExecutor.runWorker(ThreadPoolExecutor.java:1149)
	at java.util.concurrent.ThreadPoolExecutor$Worker.run(ThreadPoolExecutor.java:624)
	at java.lang.Thread.run(Thread.java:748)

Oct 02, 2019 10:56:42 AM org.apache.ratis.thirdparty.io.grpc.internal.SerializingExecutor run
SEVERE: Exception while executing runnable org.apache.ratis.thirdparty.io.grpc.internal.ServerImpl$JumpToApplicationThreadServerStreamListener$1Closed@5bed77d5
org.apache.ratis.thirdparty.io.grpc.StatusRuntimeException: CANCELLED: call already cancelled
	at org.apache.ratis.thirdparty.io.grpc.Status.asRuntimeException(Status.java:517)
	at org.apache.ratis.thirdparty.io.grpc.stub.ServerCalls$ServerCallStreamObserverImpl.onCompleted(ServerCalls.java:356)
	at org.apache.ratis.grpc.server.GrpcServerProtocolService$ServerRequestStreamObserver.onError(GrpcServerProtocolService.java:121)
	at org.apache.ratis.thirdparty.io.grpc.stub.ServerCalls$StreamingServerCallHandler$StreamingServerCallListener.onCancel(ServerCalls.java:269)
	at org.apache.ratis.thirdparty.io.grpc.internal.ServerCallImpl$ServerStreamListenerImpl.closed(ServerCallImpl.java:293)
	at org.apache.ratis.thirdparty.io.grpc.internal.ServerImpl$JumpToApplicationThreadServerStreamListener$1Closed.runInContext(ServerImpl.java:741)
	at org.apache.ratis.thirdparty.io.grpc.internal.ContextRunnable.run(ContextRunnable.java:37)
	at org.apache.ratis.thirdparty.io.grpc.internal.SerializingExecutor.run(SerializingExecutor.java:123)
	at java.util.concurrent.ThreadPoolExecutor.runWorker(ThreadPoolExecutor.java:1149)
	at java.util.concurrent.ThreadPoolExecutor$Worker.run(ThreadPoolExecutor.java:624)
	at java.lang.Thread.run(Thread.java:748)

Oct 02, 2019 10:56:42 AM org.apache.ratis.thirdparty.io.grpc.internal.SerializingExecutor run
SEVERE: Exception while executing runnable org.apache.ratis.thirdparty.io.grpc.internal.ServerImpl$JumpToApplicationThreadServerStreamListener$1Closed@68ce517
org.apache.ratis.thirdparty.io.grpc.StatusRuntimeException: CANCELLED: call already cancelled
	at org.apache.ratis.thirdparty.io.grpc.Status.asRuntimeException(Status.java:517)
	at org.apache.ratis.thirdparty.io.grpc.stub.ServerCalls$ServerCallStreamObserverImpl.onCompleted(ServerCalls.java:356)
	at org.apache.ratis.grpc.server.GrpcServerProtocolService$ServerRequestStreamObserver.onError(GrpcServerProtocolService.java:121)
	at org.apache.ratis.thirdparty.io.grpc.stub.ServerCalls$StreamingServerCallHandler$StreamingServerCallListener.onCancel(ServerCalls.java:269)
	at org.apache.ratis.thirdparty.io.grpc.internal.ServerCallImpl$ServerStreamListenerImpl.closed(ServerCallImpl.java:293)
	at org.apache.ratis.thirdparty.io.grpc.internal.ServerImpl$JumpToApplicationThreadServerStreamListener$1Closed.runInContext(ServerImpl.java:741)
	at org.apache.ratis.thirdparty.io.grpc.internal.ContextRunnable.run(ContextRunnable.java:37)
	at org.apache.ratis.thirdparty.io.grpc.internal.SerializingExecutor.run(SerializingExecutor.java:123)
	at java.util.concurrent.ThreadPoolExecutor.runWorker(ThreadPoolExecutor.java:1149)
	at java.util.concurrent.ThreadPoolExecutor$Worker.run(ThreadPoolExecutor.java:624)
	at java.lang.Thread.run(Thread.java:748)

]]></system-err>
  </testcase>
  <testcase name="testMultiBlockWritesWithDnFailures" classname="org.apache.hadoop.ozone.client.rpc.TestMultiBlockWritesWithDnFailures" time="53.797"/>
</testsuite>