<?xml version="1.0" encoding="UTF-8"?>
<testsuite xmlns:xsi="http://www.w3.org/2001/XMLSchema-instance" xsi:noNamespaceSchemaLocation="https://maven.apache.org/surefire/maven-surefire-plugin/xsd/surefire-test-report.xsd" name="org.apache.hadoop.ozone.freon.TestRandomKeyGenerator" time="206.66" tests="6" errors="1" skipped="0" failures="0">
  <properties>
    <property name="awt.toolkit" value="sun.awt.X11.XToolkit"/>
    <property name="file.encoding.pkg" value="sun.io"/>
    <property name="java.specification.version" value="1.8"/>
    <property name="sun.cpu.isalist" value=""/>
    <property name="sun.jnu.encoding" value="UTF-8"/>
    <property name="java.class.path" value="/workdir/hadoop-ozone/tools/target/test-classes:/workdir/hadoop-ozone/tools/target/classes:/home/user/.m2/repository/org/apache/hadoop/hadoop-ozone-ozone-manager/0.5.0-SNAPSHOT/hadoop-ozone-ozone-manager-0.5.0-SNAPSHOT.jar:/home/user/.m2/repository/org/apache/hadoop/hadoop-hdds-docs/0.5.0-SNAPSHOT/hadoop-hdds-docs-0.5.0-SNAPSHOT.jar:/home/user/.m2/repository/org/bouncycastle/bcprov-jdk15on/1.60/bcprov-jdk15on-1.60.jar:/home/user/.m2/repository/org/apache/hadoop/hadoop-ozone-common/0.5.0-SNAPSHOT/hadoop-ozone-common-0.5.0-SNAPSHOT.jar:/home/user/.m2/repository/org/apache/commons/commons-compress/1.4.1/commons-compress-1.4.1.jar:/home/user/.m2/repository/org/tukaani/xz/1.0/xz-1.0.jar:/home/user/.m2/repository/org/apache/hadoop/hadoop-hdfs-client/3.2.0/hadoop-hdfs-client-3.2.0.jar:/home/user/.m2/repository/com/fasterxml/jackson/core/jackson-annotations/2.9.9/jackson-annotations-2.9.9.jar:/home/user/.m2/repository/org/apache/hadoop/hadoop-hdds-common/0.5.0-SNAPSHOT/hadoop-hdds-common-0.5.0-SNAPSHOT.jar:/home/user/.m2/repository/org/apache/hadoop/hadoop-hdds-config/0.5.0-SNAPSHOT/hadoop-hdds-config-0.5.0-SNAPSHOT.jar:/home/user/.m2/repository/javax/annotation/javax.annotation-api/1.2/javax.annotation-api-1.2.jar:/home/user/.m2/repository/org/apache/ratis/ratis-server/0.4.0/ratis-server-0.4.0.jar:/home/user/.m2/repository/org/apache/ratis/ratis-thirdparty-misc/0.2.0/ratis-thirdparty-misc-0.2.0.jar:/home/user/.m2/repository/org/apache/ratis/ratis-proto/0.4.0/ratis-proto-0.4.0.jar:/home/user/.m2/repository/org/apache/ratis/ratis-common/0.4.0/ratis-common-0.4.0.jar:/home/user/.m2/repository/org/apache/ratis/ratis-client/0.4.0/ratis-client-0.4.0.jar:/home/user/.m2/repository/org/apache/ratis/ratis-metrics/0.4.0/ratis-metrics-0.4.0.jar:/home/user/.m2/repository/com/github/joshelser/dropwizard-metrics-hadoop-metrics2-reporter/0.1.2/dropwizard-metrics-hadoop-metrics2-reporter-0.1.2.jar:/home/user/.m2/repository/io/dropwizard/metrics/metrics-jvm/3.2.5/metrics-jvm-3.2.5.jar:/home/user/.m2/repository/io/dropwizard/metrics/metrics-ganglia/3.2.5/metrics-ganglia-3.2.5.jar:/home/user/.m2/repository/info/ganglia/gmetric4j/gmetric4j/1.0.7/gmetric4j-1.0.7.jar:/home/user/.m2/repository/org/apache/ratis/ratis-netty/0.4.0/ratis-netty-0.4.0.jar:/home/user/.m2/repository/org/apache/ratis/ratis-grpc/0.4.0/ratis-grpc-0.4.0.jar:/home/user/.m2/repository/org/rocksdb/rocksdbjni/6.0.1/rocksdbjni-6.0.1.jar:/home/user/.m2/repository/org/apache/logging/log4j/log4j-api/2.11.0/log4j-api-2.11.0.jar:/home/user/.m2/repository/org/apache/logging/log4j/log4j-core/2.11.0/log4j-core-2.11.0.jar:/home/user/.m2/repository/com/lmax/disruptor/3.4.2/disruptor-3.4.2.jar:/home/user/.m2/repository/org/apache/commons/commons-pool2/2.6.0/commons-pool2-2.6.0.jar:/home/user/.m2/repository/org/bouncycastle/bcpkix-jdk15on/1.60/bcpkix-jdk15on-1.60.jar:/home/user/.m2/repository/commons-validator/commons-validator/1.6/commons-validator-1.6.jar:/home/user/.m2/repository/commons-digester/commons-digester/1.8.1/commons-digester-1.8.1.jar:/home/user/.m2/repository/io/jaegertracing/jaeger-client/0.34.0/jaeger-client-0.34.0.jar:/home/user/.m2/repository/io/jaegertracing/jaeger-thrift/0.34.0/jaeger-thrift-0.34.0.jar:/home/user/.m2/repository/org/apache/thrift/libthrift/0.12.0/libthrift-0.12.0.jar:/home/user/.m2/repository/com/squareup/okhttp3/okhttp/3.9.0/okhttp-3.9.0.jar:/home/user/.m2/repository/com/squareup/okio/okio/1.13.0/okio-1.13.0.jar:/home/user/.m2/repository/io/jaegertracing/jaeger-core/0.34.0/jaeger-core-0.34.0.jar:/home/user/.m2/repository/io/jaegertracing/jaeger-tracerresolver/0.34.0/jaeger-tracerresolver-0.34.0.jar:/home/user/.m2/repository/io/opentracing/contrib/opentracing-tracerresolver/0.1.5/opentracing-tracerresolver-0.1.5.jar:/home/user/.m2/repository/io/opentracing/opentracing-util/0.31.0/opentracing-util-0.31.0.jar:/home/user/.m2/repository/io/opentracing/opentracing-api/0.31.0/opentracing-api-0.31.0.jar:/home/user/.m2/repository/io/opentracing/opentracing-noop/0.31.0/opentracing-noop-0.31.0.jar:/home/user/.m2/repository/org/yaml/snakeyaml/1.16/snakeyaml-1.16.jar:/home/user/.m2/repository/org/apache/hadoop/hadoop-hdds-container-service/0.5.0-SNAPSHOT/hadoop-hdds-container-service-0.5.0-SNAPSHOT.jar:/home/user/.m2/repository/org/apache/hadoop/hadoop-hdds-client/0.5.0-SNAPSHOT/hadoop-hdds-client-0.5.0-SNAPSHOT.jar:/home/user/.m2/repository/org/apache/hadoop/hadoop-hdds-tools/0.5.0-SNAPSHOT/hadoop-hdds-tools-0.5.0-SNAPSHOT.jar:/home/user/.m2/repository/org/xerial/sqlite-jdbc/3.25.2/sqlite-jdbc-3.25.2.jar:/home/user/.m2/repository/org/apache/hadoop/hadoop-hdds-server-scm/0.5.0-SNAPSHOT/hadoop-hdds-server-scm-0.5.0-SNAPSHOT.jar:/home/user/.m2/repository/org/hamcrest/hamcrest-all/1.3/hamcrest-all-1.3.jar:/home/user/.m2/repository/info/picocli/picocli/3.9.6/picocli-3.9.6.jar:/home/user/.m2/repository/com/google/protobuf/protobuf-java/2.5.0/protobuf-java-2.5.0.jar:/home/user/.m2/repository/com/google/guava/guava/11.0.2/guava-11.0.2.jar:/home/user/.m2/repository/org/apache/hadoop/hadoop-ozone-client/0.5.0-SNAPSHOT/hadoop-ozone-client-0.5.0-SNAPSHOT.jar:/workdir/hadoop-ozone/ozonefs/target/classes:/home/user/.m2/repository/org/apache/httpcomponents/httpclient/4.5.2/httpclient-4.5.2.jar:/home/user/.m2/repository/org/apache/httpcomponents/httpcore/4.4.4/httpcore-4.4.4.jar:/home/user/.m2/repository/org/apache/hadoop/hadoop-hdds-server-framework/0.5.0-SNAPSHOT/hadoop-hdds-server-framework-0.5.0-SNAPSHOT.jar:/home/user/.m2/repository/org/apache/hadoop/hadoop-common/3.2.0/hadoop-common-3.2.0.jar:/home/user/.m2/repository/org/apache/hadoop/hadoop-annotations/3.2.0/hadoop-annotations-3.2.0.jar:/usr/lib/jvm/java-1.8-openjdk/jre/../lib/tools.jar:/home/user/.m2/repository/commons-cli/commons-cli/1.2/commons-cli-1.2.jar:/home/user/.m2/repository/org/apache/commons/commons-math3/3.1.1/commons-math3-3.1.1.jar:/home/user/.m2/repository/commons-codec/commons-codec/1.11/commons-codec-1.11.jar:/home/user/.m2/repository/commons-io/commons-io/2.5/commons-io-2.5.jar:/home/user/.m2/repository/commons-net/commons-net/3.6/commons-net-3.6.jar:/home/user/.m2/repository/commons-collections/commons-collections/3.2.2/commons-collections-3.2.2.jar:/home/user/.m2/repository/javax/servlet/javax.servlet-api/3.1.0/javax.servlet-api-3.1.0.jar:/home/user/.m2/repository/org/eclipse/jetty/jetty-server/9.3.25.v20180904/jetty-server-9.3.25.v20180904.jar:/home/user/.m2/repository/org/eclipse/jetty/jetty-http/9.3.25.v20180904/jetty-http-9.3.25.v20180904.jar:/home/user/.m2/repository/org/eclipse/jetty/jetty-io/9.3.25.v20180904/jetty-io-9.3.25.v20180904.jar:/home/user/.m2/repository/org/eclipse/jetty/jetty-util/9.3.25.v20180904/jetty-util-9.3.25.v20180904.jar:/home/user/.m2/repository/org/eclipse/jetty/jetty-servlet/9.3.25.v20180904/jetty-servlet-9.3.25.v20180904.jar:/home/user/.m2/repository/org/eclipse/jetty/jetty-security/9.3.25.v20180904/jetty-security-9.3.25.v20180904.jar:/home/user/.m2/repository/org/eclipse/jetty/jetty-webapp/9.3.25.v20180904/jetty-webapp-9.3.25.v20180904.jar:/home/user/.m2/repository/org/eclipse/jetty/jetty-xml/9.3.25.v20180904/jetty-xml-9.3.25.v20180904.jar:/home/user/.m2/repository/javax/servlet/jsp/jsp-api/2.1/jsp-api-2.1.jar:/home/user/.m2/repository/com/sun/jersey/jersey-core/1.19/jersey-core-1.19.jar:/home/user/.m2/repository/javax/ws/rs/jsr311-api/1.1.1/jsr311-api-1.1.1.jar:/home/user/.m2/repository/com/sun/jersey/jersey-servlet/1.19/jersey-servlet-1.19.jar:/home/user/.m2/repository/com/sun/jersey/jersey-json/1.19/jersey-json-1.19.jar:/home/user/.m2/repository/org/codehaus/jettison/jettison/1.1/jettison-1.1.jar:/home/user/.m2/repository/com/sun/xml/bind/jaxb-impl/2.3.0.1/jaxb-impl-2.3.0.1.jar:/home/user/.m2/repository/org/codehaus/jackson/jackson-core-asl/1.9.13/jackson-core-asl-1.9.13.jar:/home/user/.m2/repository/org/codehaus/jackson/jackson-mapper-asl/1.9.13/jackson-mapper-asl-1.9.13.jar:/home/user/.m2/repository/org/codehaus/jackson/jackson-jaxrs/1.9.13/jackson-jaxrs-1.9.13.jar:/home/user/.m2/repository/org/codehaus/jackson/jackson-xc/1.9.13/jackson-xc-1.9.13.jar:/home/user/.m2/repository/com/sun/jersey/jersey-server/1.19/jersey-server-1.19.jar:/home/user/.m2/repository/commons-logging/commons-logging/1.1.3/commons-logging-1.1.3.jar:/home/user/.m2/repository/log4j/log4j/1.2.17/log4j-1.2.17.jar:/home/user/.m2/repository/commons-beanutils/commons-beanutils/1.9.4/commons-beanutils-1.9.4.jar:/home/user/.m2/repository/org/apache/commons/commons-configuration2/2.1.1/commons-configuration2-2.1.1.jar:/home/user/.m2/repository/org/apache/commons/commons-lang3/3.7/commons-lang3-3.7.jar:/home/user/.m2/repository/org/apache/commons/commons-text/1.4/commons-text-1.4.jar:/home/user/.m2/repository/org/slf4j/slf4j-api/1.7.25/slf4j-api-1.7.25.jar:/home/user/.m2/repository/org/slf4j/slf4j-log4j12/1.7.25/slf4j-log4j12-1.7.25.jar:/home/user/.m2/repository/org/apache/avro/avro/1.7.7/avro-1.7.7.jar:/home/user/.m2/repository/com/thoughtworks/paranamer/paranamer/2.3/paranamer-2.3.jar:/home/user/.m2/repository/org/xerial/snappy/snappy-java/1.0.5/snappy-java-1.0.5.jar:/home/user/.m2/repository/com/google/re2j/re2j/1.1/re2j-1.1.jar:/home/user/.m2/repository/com/google/code/gson/gson/2.2.4/gson-2.2.4.jar:/home/user/.m2/repository/org/apache/hadoop/hadoop-auth/3.2.0/hadoop-auth-3.2.0.jar:/home/user/.m2/repository/com/nimbusds/nimbus-jose-jwt/4.41.1/nimbus-jose-jwt-4.41.1.jar:/home/user/.m2/repository/com/github/stephenc/jcip/jcip-annotations/1.0-1/jcip-annotations-1.0-1.jar:/home/user/.m2/repository/net/minidev/json-smart/2.3/json-smart-2.3.jar:/home/user/.m2/repository/net/minidev/accessors-smart/1.2/accessors-smart-1.2.jar:/home/user/.m2/repository/org/apache/curator/curator-framework/2.12.0/curator-framework-2.12.0.jar:/home/user/.m2/repository/com/jcraft/jsch/0.1.54/jsch-0.1.54.jar:/home/user/.m2/repository/org/apache/curator/curator-client/2.12.0/curator-client-2.12.0.jar:/home/user/.m2/repository/org/apache/curator/curator-recipes/2.12.0/curator-recipes-2.12.0.jar:/home/user/.m2/repository/com/google/code/findbugs/jsr305/3.0.0/jsr305-3.0.0.jar:/home/user/.m2/repository/org/apache/htrace/htrace-core4/4.1.0-incubating/htrace-core4-4.1.0-incubating.jar:/home/user/.m2/repository/org/apache/zookeeper/zookeeper/3.4.13/zookeeper-3.4.13.jar:/home/user/.m2/repository/jline/jline/0.9.94/jline-0.9.94.jar:/home/user/.m2/repository/org/apache/yetus/audience-annotations/0.5.0/audience-annotations-0.5.0.jar:/home/user/.m2/repository/org/apache/kerby/kerb-simplekdc/1.0.1/kerb-simplekdc-1.0.1.jar:/home/user/.m2/repository/org/apache/kerby/kerb-client/1.0.1/kerb-client-1.0.1.jar:/home/user/.m2/repository/org/apache/kerby/kerby-config/1.0.1/kerby-config-1.0.1.jar:/home/user/.m2/repository/org/apache/kerby/kerb-core/1.0.1/kerb-core-1.0.1.jar:/home/user/.m2/repository/org/apache/kerby/kerby-pkix/1.0.1/kerby-pkix-1.0.1.jar:/home/user/.m2/repository/org/apache/kerby/kerby-asn1/1.0.1/kerby-asn1-1.0.1.jar:/home/user/.m2/repository/org/apache/kerby/kerby-util/1.0.1/kerby-util-1.0.1.jar:/home/user/.m2/repository/org/apache/kerby/kerb-common/1.0.1/kerb-common-1.0.1.jar:/home/user/.m2/repository/org/apache/kerby/kerb-crypto/1.0.1/kerb-crypto-1.0.1.jar:/home/user/.m2/repository/org/apache/kerby/kerb-util/1.0.1/kerb-util-1.0.1.jar:/home/user/.m2/repository/org/apache/kerby/token-provider/1.0.1/token-provider-1.0.1.jar:/home/user/.m2/repository/org/apache/kerby/kerb-admin/1.0.1/kerb-admin-1.0.1.jar:/home/user/.m2/repository/org/apache/kerby/kerb-server/1.0.1/kerb-server-1.0.1.jar:/home/user/.m2/repository/org/apache/kerby/kerb-identity/1.0.1/kerb-identity-1.0.1.jar:/home/user/.m2/repository/org/apache/kerby/kerby-xdr/1.0.1/kerby-xdr-1.0.1.jar:/home/user/.m2/repository/com/fasterxml/jackson/core/jackson-databind/2.9.9/jackson-databind-2.9.9.jar:/home/user/.m2/repository/com/fasterxml/jackson/core/jackson-core/2.9.9/jackson-core-2.9.9.jar:/home/user/.m2/repository/org/codehaus/woodstox/stax2-api/3.1.4/stax2-api-3.1.4.jar:/home/user/.m2/repository/com/fasterxml/woodstox/woodstox-core/5.0.3/woodstox-core-5.0.3.jar:/home/user/.m2/repository/dnsjava/dnsjava/2.1.7/dnsjava-2.1.7.jar:/home/user/.m2/repository/org/apache/hadoop/hadoop-hdfs/3.2.0/hadoop-hdfs-3.2.0.jar:/home/user/.m2/repository/org/eclipse/jetty/jetty-util-ajax/9.3.25.v20180904/jetty-util-ajax-9.3.25.v20180904.jar:/home/user/.m2/repository/commons-daemon/commons-daemon/1.0.13/commons-daemon-1.0.13.jar:/home/user/.m2/repository/io/netty/netty/3.10.5.Final/netty-3.10.5.Final.jar:/home/user/.m2/repository/io/netty/netty-all/4.0.52.Final/netty-all-4.0.52.Final.jar:/home/user/.m2/repository/org/fusesource/leveldbjni/leveldbjni-all/1.8/leveldbjni-all-1.8.jar:/home/user/.m2/repository/com/sun/xml/bind/jaxb-core/2.3.0.1/jaxb-core-2.3.0.1.jar:/home/user/.m2/repository/javax/xml/bind/jaxb-api/2.3.0/jaxb-api-2.3.0.jar:/home/user/.m2/repository/javax/activation/activation/1.1.1/activation-1.1.1.jar:/home/user/.m2/repository/io/dropwizard/metrics/metrics-core/3.2.4/metrics-core-3.2.4.jar:/home/user/.m2/repository/org/openjdk/jmh/jmh-core/1.19/jmh-core-1.19.jar:/home/user/.m2/repository/net/sf/jopt-simple/jopt-simple/4.6/jopt-simple-4.6.jar:/home/user/.m2/repository/org/openjdk/jmh/jmh-generator-annprocess/1.19/jmh-generator-annprocess-1.19.jar:/home/user/.m2/repository/com/amazonaws/aws-java-sdk-s3/1.11.615/aws-java-sdk-s3-1.11.615.jar:/home/user/.m2/repository/com/amazonaws/aws-java-sdk-kms/1.11.615/aws-java-sdk-kms-1.11.615.jar:/home/user/.m2/repository/com/amazonaws/aws-java-sdk-core/1.11.615/aws-java-sdk-core-1.11.615.jar:/home/user/.m2/repository/software/amazon/ion/ion-java/1.0.2/ion-java-1.0.2.jar:/home/user/.m2/repository/com/fasterxml/jackson/dataformat/jackson-dataformat-cbor/2.9.9/jackson-dataformat-cbor-2.9.9.jar:/home/user/.m2/repository/joda-time/joda-time/2.9.9/joda-time-2.9.9.jar:/home/user/.m2/repository/com/amazonaws/jmespath-java/1.11.615/jmespath-java-1.11.615.jar:/home/user/.m2/repository/com/github/spotbugs/spotbugs/3.1.12/spotbugs-3.1.12.jar:/home/user/.m2/repository/org/ow2/asm/asm/5.0.4/asm-5.0.4.jar:/home/user/.m2/repository/org/ow2/asm/asm-analysis/7.0/asm-analysis-7.0.jar:/home/user/.m2/repository/org/ow2/asm/asm-commons/7.0/asm-commons-7.0.jar:/home/user/.m2/repository/org/ow2/asm/asm-tree/7.0/asm-tree-7.0.jar:/home/user/.m2/repository/org/ow2/asm/asm-util/7.0/asm-util-7.0.jar:/home/user/.m2/repository/org/apache/bcel/bcel/6.3/bcel-6.3.jar:/home/user/.m2/repository/net/jcip/jcip-annotations/1.0/jcip-annotations-1.0.jar:/home/user/.m2/repository/org/dom4j/dom4j/2.1.1/dom4j-2.1.1.jar:/home/user/.m2/repository/jaxen/jaxen/1.1.6/jaxen-1.1.6.jar:/home/user/.m2/repository/commons-lang/commons-lang/2.6/commons-lang-2.6.jar:/home/user/.m2/repository/com/github/spotbugs/spotbugs-annotations/3.1.12/spotbugs-annotations-3.1.12.jar:/home/user/.m2/repository/junit/junit/4.11/junit-4.11.jar:/home/user/.m2/repository/org/hamcrest/hamcrest-core/1.3/hamcrest-core-1.3.jar:/home/user/.m2/repository/org/apache/hadoop/hadoop-common/3.2.0/hadoop-common-3.2.0-tests.jar:/workdir/hadoop-ozone/integration-test/target/test-classes:/home/user/.m2/repository/org/apache/hadoop/hadoop-ozone-s3gateway/0.5.0-SNAPSHOT/hadoop-ozone-s3gateway-0.5.0-SNAPSHOT.jar:/home/user/.m2/repository/org/jboss/weld/servlet/weld-servlet/2.4.7.Final/weld-servlet-2.4.7.Final.jar:/home/user/.m2/repository/org/glassfish/jersey/containers/jersey-container-servlet-core/2.27/jersey-container-servlet-core-2.27.jar:/home/user/.m2/repository/org/glassfish/hk2/external/javax.inject/2.5.0-b42/javax.inject-2.5.0-b42.jar:/home/user/.m2/repository/org/glassfish/jersey/core/jersey-common/2.27/jersey-common-2.27.jar:/home/user/.m2/repository/org/glassfish/hk2/osgi-resource-locator/1.0.1/osgi-resource-locator-1.0.1.jar:/home/user/.m2/repository/javax/ws/rs/javax.ws.rs-api/2.1/javax.ws.rs-api-2.1.jar:/home/user/.m2/repository/org/glassfish/jersey/ext/cdi/jersey-cdi1x/2.27/jersey-cdi1x-2.27.jar:/home/user/.m2/repository/org/glassfish/jersey/inject/jersey-hk2/2.27/jersey-hk2-2.27.jar:/home/user/.m2/repository/org/glassfish/hk2/hk2-locator/2.5.0-b42/hk2-locator-2.5.0-b42.jar:/home/user/.m2/repository/org/javassist/javassist/3.22.0-CR2/javassist-3.22.0-CR2.jar:/home/user/.m2/repository/org/glassfish/hk2/hk2-api/2.5.0/hk2-api-2.5.0.jar:/home/user/.m2/repository/org/glassfish/hk2/external/jakarta.inject/2.5.0/jakarta.inject-2.5.0.jar:/home/user/.m2/repository/org/glassfish/hk2/hk2-utils/2.5.0/hk2-utils-2.5.0.jar:/home/user/.m2/repository/jakarta/annotation/jakarta.annotation-api/1.3.4/jakarta.annotation-api-1.3.4.jar:/home/user/.m2/repository/org/glassfish/hk2/external/aopalliance-repackaged/2.5.0/aopalliance-repackaged-2.5.0.jar:/home/user/.m2/repository/com/fasterxml/jackson/dataformat/jackson-dataformat-xml/2.9.0/jackson-dataformat-xml-2.9.0.jar:/home/user/.m2/repository/com/fasterxml/jackson/module/jackson-module-jaxb-annotations/2.9.9/jackson-module-jaxb-annotations-2.9.9.jar:/home/user/.m2/repository/javax/enterprise/cdi-api/1.2/cdi-api-1.2.jar:/home/user/.m2/repository/javax/el/javax.el-api/3.0.0/javax.el-api-3.0.0.jar:/home/user/.m2/repository/javax/interceptor/javax.interceptor-api/1.2/javax.interceptor-api-1.2.jar:/home/user/.m2/repository/javax/inject/javax.inject/1/javax.inject-1.jar:/home/user/.m2/repository/org/apache/hadoop/hadoop-ozone-csi/0.5.0-SNAPSHOT/hadoop-ozone-csi-0.5.0-SNAPSHOT.jar:/home/user/.m2/repository/com/google/protobuf/protobuf-java-util/3.5.1/protobuf-java-util-3.5.1.jar:/home/user/.m2/repository/io/grpc/grpc-netty/1.17.1/grpc-netty-1.17.1.jar:/home/user/.m2/repository/io/grpc/grpc-core/1.17.1/grpc-core-1.17.1.jar:/home/user/.m2/repository/io/grpc/grpc-context/1.17.1/grpc-context-1.17.1.jar:/home/user/.m2/repository/com/google/errorprone/error_prone_annotations/2.2.0/error_prone_annotations-2.2.0.jar:/home/user/.m2/repository/org/codehaus/mojo/animal-sniffer-annotations/1.17/animal-sniffer-annotations-1.17.jar:/home/user/.m2/repository/io/opencensus/opencensus-api/0.17.0/opencensus-api-0.17.0.jar:/home/user/.m2/repository/io/opencensus/opencensus-contrib-grpc-metrics/0.17.0/opencensus-contrib-grpc-metrics-0.17.0.jar:/home/user/.m2/repository/io/netty/netty-codec-http2/4.1.30.Final/netty-codec-http2-4.1.30.Final.jar:/home/user/.m2/repository/io/netty/netty-codec-http/4.1.30.Final/netty-codec-http-4.1.30.Final.jar:/home/user/.m2/repository/io/netty/netty-codec/4.1.30.Final/netty-codec-4.1.30.Final.jar:/home/user/.m2/repository/io/netty/netty-handler/4.1.30.Final/netty-handler-4.1.30.Final.jar:/home/user/.m2/repository/io/netty/netty-handler-proxy/4.1.30.Final/netty-handler-proxy-4.1.30.Final.jar:/home/user/.m2/repository/io/netty/netty-codec-socks/4.1.30.Final/netty-codec-socks-4.1.30.Final.jar:/home/user/.m2/repository/io/netty/netty-transport-native-epoll/4.1.30.Final/netty-transport-native-epoll-4.1.30.Final.jar:/home/user/.m2/repository/io/netty/netty-common/4.1.30.Final/netty-common-4.1.30.Final.jar:/home/user/.m2/repository/io/netty/netty-buffer/4.1.30.Final/netty-buffer-4.1.30.Final.jar:/home/user/.m2/repository/io/netty/netty-transport/4.1.30.Final/netty-transport-4.1.30.Final.jar:/home/user/.m2/repository/io/netty/netty-resolver/4.1.30.Final/netty-resolver-4.1.30.Final.jar:/home/user/.m2/repository/io/netty/netty-transport-native-unix-common/4.1.30.Final/netty-transport-native-unix-common-4.1.30.Final.jar:/home/user/.m2/repository/io/grpc/grpc-protobuf/1.17.1/grpc-protobuf-1.17.1.jar:/home/user/.m2/repository/com/google/api/grpc/proto-google-common-protos/1.0.0/proto-google-common-protos-1.0.0.jar:/home/user/.m2/repository/io/grpc/grpc-protobuf-lite/1.17.1/grpc-protobuf-lite-1.17.1.jar:/home/user/.m2/repository/io/grpc/grpc-stub/1.17.1/grpc-stub-1.17.1.jar:/home/user/.m2/repository/org/apache/hadoop/hadoop-ozone-recon/0.5.0-SNAPSHOT/hadoop-ozone-recon-0.5.0-SNAPSHOT.jar:/home/user/.m2/repository/org/apache/hadoop/hadoop-ozone-reconcodegen/0.5.0-SNAPSHOT/hadoop-ozone-reconcodegen-0.5.0-SNAPSHOT.jar:/home/user/.m2/repository/com/google/inject/extensions/guice-multibindings/4.0/guice-multibindings-4.0.jar:/home/user/.m2/repository/com/google/inject/guice/4.0/guice-4.0.jar:/home/user/.m2/repository/aopalliance/aopalliance/1.0/aopalliance-1.0.jar:/home/user/.m2/repository/com/google/inject/extensions/guice-servlet/4.0/guice-servlet-4.0.jar:/home/user/.m2/repository/org/glassfish/jersey/containers/jersey-container-servlet/2.27/jersey-container-servlet-2.27.jar:/home/user/.m2/repository/org/glassfish/hk2/guice-bridge/2.5.0/guice-bridge-2.5.0.jar:/home/user/.m2/repository/org/glassfish/jersey/core/jersey-server/2.27/jersey-server-2.27.jar:/home/user/.m2/repository/org/glassfish/jersey/core/jersey-client/2.27/jersey-client-2.27.jar:/home/user/.m2/repository/org/glassfish/jersey/media/jersey-media-jaxb/2.27/jersey-media-jaxb-2.27.jar:/home/user/.m2/repository/javax/validation/validation-api/1.1.0.Final/validation-api-1.1.0.Final.jar:/home/user/.m2/repository/org/glassfish/jersey/media/jersey-media-json-jackson/2.27/jersey-media-json-jackson-2.27.jar:/home/user/.m2/repository/org/glassfish/jersey/ext/jersey-entity-filtering/2.27/jersey-entity-filtering-2.27.jar:/home/user/.m2/repository/com/google/inject/extensions/guice-assistedinject/4.0/guice-assistedinject-4.0.jar:/home/user/.m2/repository/org/jooq/jooq/3.11.10/jooq-3.11.10.jar:/home/user/.m2/repository/org/jooq/jooq-meta/3.11.10/jooq-meta-3.11.10.jar:/home/user/.m2/repository/org/jooq/jooq-codegen/3.11.10/jooq-codegen-3.11.10.jar:/home/user/.m2/repository/com/jolbox/bonecp/0.8.0.RELEASE/bonecp-0.8.0.RELEASE.jar:/home/user/.m2/repository/org/springframework/spring-jdbc/5.1.3.RELEASE/spring-jdbc-5.1.3.RELEASE.jar:/home/user/.m2/repository/org/springframework/spring-beans/5.1.3.RELEASE/spring-beans-5.1.3.RELEASE.jar:/home/user/.m2/repository/org/springframework/spring-core/5.1.3.RELEASE/spring-core-5.1.3.RELEASE.jar:/home/user/.m2/repository/org/springframework/spring-jcl/5.1.3.RELEASE/spring-jcl-5.1.3.RELEASE.jar:/home/user/.m2/repository/org/springframework/spring-tx/5.1.3.RELEASE/spring-tx-5.1.3.RELEASE.jar:/home/user/.m2/repository/org/mockito/mockito-core/2.15.0/mockito-core-2.15.0.jar:/home/user/.m2/repository/net/bytebuddy/byte-buddy/1.7.9/byte-buddy-1.7.9.jar:/home/user/.m2/repository/net/bytebuddy/byte-buddy-agent/1.7.9/byte-buddy-agent-1.7.9.jar:/home/user/.m2/repository/org/objenesis/objenesis/1.0/objenesis-1.0.jar:"/>
    <property name="java.vm.vendor" value="IcedTea"/>
    <property name="sun.arch.data.model" value="64"/>
    <property name="test.build.dir" value="/workdir/hadoop-ozone/tools/target/test-dir"/>
    <property name="test.cache.data" value=""/>
    <property name="java.vendor.url" value="https://icedtea.classpath.org"/>
    <property name="user.timezone" value=""/>
    <property name="java.vm.specification.version" value="1.8"/>
    <property name="os.name" value="Linux"/>
    <property name="test.build.data" value="/workdir/hadoop-ozone/tools/target/test-dir"/>
    <property name="user.country" value="US"/>
    <property name="sun.java.launcher" value="SUN_STANDARD"/>
    <property name="sun.boot.library.path" value="/usr/lib/jvm/java-1.8-openjdk/jre/lib/amd64"/>
    <property name="sun.java.command" value="/workdir/hadoop-ozone/tools/target/surefire/surefirebooter8370687164162877241.jar /workdir/hadoop-ozone/tools/target/surefire 2019-09-30T18-05-56_226-jvmRun1 surefire131932524180795574tmp surefire_1132792951481311441245tmp"/>
    <property name="test" value="!TestMiniChaosOzoneCluster"/>
    <property name="surefire.test.class.path" value="/workdir/hadoop-ozone/tools/target/test-classes:/workdir/hadoop-ozone/tools/target/classes:/home/user/.m2/repository/org/apache/hadoop/hadoop-ozone-ozone-manager/0.5.0-SNAPSHOT/hadoop-ozone-ozone-manager-0.5.0-SNAPSHOT.jar:/home/user/.m2/repository/org/apache/hadoop/hadoop-hdds-docs/0.5.0-SNAPSHOT/hadoop-hdds-docs-0.5.0-SNAPSHOT.jar:/home/user/.m2/repository/org/bouncycastle/bcprov-jdk15on/1.60/bcprov-jdk15on-1.60.jar:/home/user/.m2/repository/org/apache/hadoop/hadoop-ozone-common/0.5.0-SNAPSHOT/hadoop-ozone-common-0.5.0-SNAPSHOT.jar:/home/user/.m2/repository/org/apache/commons/commons-compress/1.4.1/commons-compress-1.4.1.jar:/home/user/.m2/repository/org/tukaani/xz/1.0/xz-1.0.jar:/home/user/.m2/repository/org/apache/hadoop/hadoop-hdfs-client/3.2.0/hadoop-hdfs-client-3.2.0.jar:/home/user/.m2/repository/com/fasterxml/jackson/core/jackson-annotations/2.9.9/jackson-annotations-2.9.9.jar:/home/user/.m2/repository/org/apache/hadoop/hadoop-hdds-common/0.5.0-SNAPSHOT/hadoop-hdds-common-0.5.0-SNAPSHOT.jar:/home/user/.m2/repository/org/apache/hadoop/hadoop-hdds-config/0.5.0-SNAPSHOT/hadoop-hdds-config-0.5.0-SNAPSHOT.jar:/home/user/.m2/repository/javax/annotation/javax.annotation-api/1.2/javax.annotation-api-1.2.jar:/home/user/.m2/repository/org/apache/ratis/ratis-server/0.4.0/ratis-server-0.4.0.jar:/home/user/.m2/repository/org/apache/ratis/ratis-thirdparty-misc/0.2.0/ratis-thirdparty-misc-0.2.0.jar:/home/user/.m2/repository/org/apache/ratis/ratis-proto/0.4.0/ratis-proto-0.4.0.jar:/home/user/.m2/repository/org/apache/ratis/ratis-common/0.4.0/ratis-common-0.4.0.jar:/home/user/.m2/repository/org/apache/ratis/ratis-client/0.4.0/ratis-client-0.4.0.jar:/home/user/.m2/repository/org/apache/ratis/ratis-metrics/0.4.0/ratis-metrics-0.4.0.jar:/home/user/.m2/repository/com/github/joshelser/dropwizard-metrics-hadoop-metrics2-reporter/0.1.2/dropwizard-metrics-hadoop-metrics2-reporter-0.1.2.jar:/home/user/.m2/repository/io/dropwizard/metrics/metrics-jvm/3.2.5/metrics-jvm-3.2.5.jar:/home/user/.m2/repository/io/dropwizard/metrics/metrics-ganglia/3.2.5/metrics-ganglia-3.2.5.jar:/home/user/.m2/repository/info/ganglia/gmetric4j/gmetric4j/1.0.7/gmetric4j-1.0.7.jar:/home/user/.m2/repository/org/apache/ratis/ratis-netty/0.4.0/ratis-netty-0.4.0.jar:/home/user/.m2/repository/org/apache/ratis/ratis-grpc/0.4.0/ratis-grpc-0.4.0.jar:/home/user/.m2/repository/org/rocksdb/rocksdbjni/6.0.1/rocksdbjni-6.0.1.jar:/home/user/.m2/repository/org/apache/logging/log4j/log4j-api/2.11.0/log4j-api-2.11.0.jar:/home/user/.m2/repository/org/apache/logging/log4j/log4j-core/2.11.0/log4j-core-2.11.0.jar:/home/user/.m2/repository/com/lmax/disruptor/3.4.2/disruptor-3.4.2.jar:/home/user/.m2/repository/org/apache/commons/commons-pool2/2.6.0/commons-pool2-2.6.0.jar:/home/user/.m2/repository/org/bouncycastle/bcpkix-jdk15on/1.60/bcpkix-jdk15on-1.60.jar:/home/user/.m2/repository/commons-validator/commons-validator/1.6/commons-validator-1.6.jar:/home/user/.m2/repository/commons-digester/commons-digester/1.8.1/commons-digester-1.8.1.jar:/home/user/.m2/repository/io/jaegertracing/jaeger-client/0.34.0/jaeger-client-0.34.0.jar:/home/user/.m2/repository/io/jaegertracing/jaeger-thrift/0.34.0/jaeger-thrift-0.34.0.jar:/home/user/.m2/repository/org/apache/thrift/libthrift/0.12.0/libthrift-0.12.0.jar:/home/user/.m2/repository/com/squareup/okhttp3/okhttp/3.9.0/okhttp-3.9.0.jar:/home/user/.m2/repository/com/squareup/okio/okio/1.13.0/okio-1.13.0.jar:/home/user/.m2/repository/io/jaegertracing/jaeger-core/0.34.0/jaeger-core-0.34.0.jar:/home/user/.m2/repository/io/jaegertracing/jaeger-tracerresolver/0.34.0/jaeger-tracerresolver-0.34.0.jar:/home/user/.m2/repository/io/opentracing/contrib/opentracing-tracerresolver/0.1.5/opentracing-tracerresolver-0.1.5.jar:/home/user/.m2/repository/io/opentracing/opentracing-util/0.31.0/opentracing-util-0.31.0.jar:/home/user/.m2/repository/io/opentracing/opentracing-api/0.31.0/opentracing-api-0.31.0.jar:/home/user/.m2/repository/io/opentracing/opentracing-noop/0.31.0/opentracing-noop-0.31.0.jar:/home/user/.m2/repository/org/yaml/snakeyaml/1.16/snakeyaml-1.16.jar:/home/user/.m2/repository/org/apache/hadoop/hadoop-hdds-container-service/0.5.0-SNAPSHOT/hadoop-hdds-container-service-0.5.0-SNAPSHOT.jar:/home/user/.m2/repository/org/apache/hadoop/hadoop-hdds-client/0.5.0-SNAPSHOT/hadoop-hdds-client-0.5.0-SNAPSHOT.jar:/home/user/.m2/repository/org/apache/hadoop/hadoop-hdds-tools/0.5.0-SNAPSHOT/hadoop-hdds-tools-0.5.0-SNAPSHOT.jar:/home/user/.m2/repository/org/xerial/sqlite-jdbc/3.25.2/sqlite-jdbc-3.25.2.jar:/home/user/.m2/repository/org/apache/hadoop/hadoop-hdds-server-scm/0.5.0-SNAPSHOT/hadoop-hdds-server-scm-0.5.0-SNAPSHOT.jar:/home/user/.m2/repository/org/hamcrest/hamcrest-all/1.3/hamcrest-all-1.3.jar:/home/user/.m2/repository/info/picocli/picocli/3.9.6/picocli-3.9.6.jar:/home/user/.m2/repository/com/google/protobuf/protobuf-java/2.5.0/protobuf-java-2.5.0.jar:/home/user/.m2/repository/com/google/guava/guava/11.0.2/guava-11.0.2.jar:/home/user/.m2/repository/org/apache/hadoop/hadoop-ozone-client/0.5.0-SNAPSHOT/hadoop-ozone-client-0.5.0-SNAPSHOT.jar:/workdir/hadoop-ozone/ozonefs/target/classes:/home/user/.m2/repository/org/apache/httpcomponents/httpclient/4.5.2/httpclient-4.5.2.jar:/home/user/.m2/repository/org/apache/httpcomponents/httpcore/4.4.4/httpcore-4.4.4.jar:/home/user/.m2/repository/org/apache/hadoop/hadoop-hdds-server-framework/0.5.0-SNAPSHOT/hadoop-hdds-server-framework-0.5.0-SNAPSHOT.jar:/home/user/.m2/repository/org/apache/hadoop/hadoop-common/3.2.0/hadoop-common-3.2.0.jar:/home/user/.m2/repository/org/apache/hadoop/hadoop-annotations/3.2.0/hadoop-annotations-3.2.0.jar:/usr/lib/jvm/java-1.8-openjdk/jre/../lib/tools.jar:/home/user/.m2/repository/commons-cli/commons-cli/1.2/commons-cli-1.2.jar:/home/user/.m2/repository/org/apache/commons/commons-math3/3.1.1/commons-math3-3.1.1.jar:/home/user/.m2/repository/commons-codec/commons-codec/1.11/commons-codec-1.11.jar:/home/user/.m2/repository/commons-io/commons-io/2.5/commons-io-2.5.jar:/home/user/.m2/repository/commons-net/commons-net/3.6/commons-net-3.6.jar:/home/user/.m2/repository/commons-collections/commons-collections/3.2.2/commons-collections-3.2.2.jar:/home/user/.m2/repository/javax/servlet/javax.servlet-api/3.1.0/javax.servlet-api-3.1.0.jar:/home/user/.m2/repository/org/eclipse/jetty/jetty-server/9.3.25.v20180904/jetty-server-9.3.25.v20180904.jar:/home/user/.m2/repository/org/eclipse/jetty/jetty-http/9.3.25.v20180904/jetty-http-9.3.25.v20180904.jar:/home/user/.m2/repository/org/eclipse/jetty/jetty-io/9.3.25.v20180904/jetty-io-9.3.25.v20180904.jar:/home/user/.m2/repository/org/eclipse/jetty/jetty-util/9.3.25.v20180904/jetty-util-9.3.25.v20180904.jar:/home/user/.m2/repository/org/eclipse/jetty/jetty-servlet/9.3.25.v20180904/jetty-servlet-9.3.25.v20180904.jar:/home/user/.m2/repository/org/eclipse/jetty/jetty-security/9.3.25.v20180904/jetty-security-9.3.25.v20180904.jar:/home/user/.m2/repository/org/eclipse/jetty/jetty-webapp/9.3.25.v20180904/jetty-webapp-9.3.25.v20180904.jar:/home/user/.m2/repository/org/eclipse/jetty/jetty-xml/9.3.25.v20180904/jetty-xml-9.3.25.v20180904.jar:/home/user/.m2/repository/javax/servlet/jsp/jsp-api/2.1/jsp-api-2.1.jar:/home/user/.m2/repository/com/sun/jersey/jersey-core/1.19/jersey-core-1.19.jar:/home/user/.m2/repository/javax/ws/rs/jsr311-api/1.1.1/jsr311-api-1.1.1.jar:/home/user/.m2/repository/com/sun/jersey/jersey-servlet/1.19/jersey-servlet-1.19.jar:/home/user/.m2/repository/com/sun/jersey/jersey-json/1.19/jersey-json-1.19.jar:/home/user/.m2/repository/org/codehaus/jettison/jettison/1.1/jettison-1.1.jar:/home/user/.m2/repository/com/sun/xml/bind/jaxb-impl/2.3.0.1/jaxb-impl-2.3.0.1.jar:/home/user/.m2/repository/org/codehaus/jackson/jackson-core-asl/1.9.13/jackson-core-asl-1.9.13.jar:/home/user/.m2/repository/org/codehaus/jackson/jackson-mapper-asl/1.9.13/jackson-mapper-asl-1.9.13.jar:/home/user/.m2/repository/org/codehaus/jackson/jackson-jaxrs/1.9.13/jackson-jaxrs-1.9.13.jar:/home/user/.m2/repository/org/codehaus/jackson/jackson-xc/1.9.13/jackson-xc-1.9.13.jar:/home/user/.m2/repository/com/sun/jersey/jersey-server/1.19/jersey-server-1.19.jar:/home/user/.m2/repository/commons-logging/commons-logging/1.1.3/commons-logging-1.1.3.jar:/home/user/.m2/repository/log4j/log4j/1.2.17/log4j-1.2.17.jar:/home/user/.m2/repository/commons-beanutils/commons-beanutils/1.9.4/commons-beanutils-1.9.4.jar:/home/user/.m2/repository/org/apache/commons/commons-configuration2/2.1.1/commons-configuration2-2.1.1.jar:/home/user/.m2/repository/org/apache/commons/commons-lang3/3.7/commons-lang3-3.7.jar:/home/user/.m2/repository/org/apache/commons/commons-text/1.4/commons-text-1.4.jar:/home/user/.m2/repository/org/slf4j/slf4j-api/1.7.25/slf4j-api-1.7.25.jar:/home/user/.m2/repository/org/slf4j/slf4j-log4j12/1.7.25/slf4j-log4j12-1.7.25.jar:/home/user/.m2/repository/org/apache/avro/avro/1.7.7/avro-1.7.7.jar:/home/user/.m2/repository/com/thoughtworks/paranamer/paranamer/2.3/paranamer-2.3.jar:/home/user/.m2/repository/org/xerial/snappy/snappy-java/1.0.5/snappy-java-1.0.5.jar:/home/user/.m2/repository/com/google/re2j/re2j/1.1/re2j-1.1.jar:/home/user/.m2/repository/com/google/code/gson/gson/2.2.4/gson-2.2.4.jar:/home/user/.m2/repository/org/apache/hadoop/hadoop-auth/3.2.0/hadoop-auth-3.2.0.jar:/home/user/.m2/repository/com/nimbusds/nimbus-jose-jwt/4.41.1/nimbus-jose-jwt-4.41.1.jar:/home/user/.m2/repository/com/github/stephenc/jcip/jcip-annotations/1.0-1/jcip-annotations-1.0-1.jar:/home/user/.m2/repository/net/minidev/json-smart/2.3/json-smart-2.3.jar:/home/user/.m2/repository/net/minidev/accessors-smart/1.2/accessors-smart-1.2.jar:/home/user/.m2/repository/org/apache/curator/curator-framework/2.12.0/curator-framework-2.12.0.jar:/home/user/.m2/repository/com/jcraft/jsch/0.1.54/jsch-0.1.54.jar:/home/user/.m2/repository/org/apache/curator/curator-client/2.12.0/curator-client-2.12.0.jar:/home/user/.m2/repository/org/apache/curator/curator-recipes/2.12.0/curator-recipes-2.12.0.jar:/home/user/.m2/repository/com/google/code/findbugs/jsr305/3.0.0/jsr305-3.0.0.jar:/home/user/.m2/repository/org/apache/htrace/htrace-core4/4.1.0-incubating/htrace-core4-4.1.0-incubating.jar:/home/user/.m2/repository/org/apache/zookeeper/zookeeper/3.4.13/zookeeper-3.4.13.jar:/home/user/.m2/repository/jline/jline/0.9.94/jline-0.9.94.jar:/home/user/.m2/repository/org/apache/yetus/audience-annotations/0.5.0/audience-annotations-0.5.0.jar:/home/user/.m2/repository/org/apache/kerby/kerb-simplekdc/1.0.1/kerb-simplekdc-1.0.1.jar:/home/user/.m2/repository/org/apache/kerby/kerb-client/1.0.1/kerb-client-1.0.1.jar:/home/user/.m2/repository/org/apache/kerby/kerby-config/1.0.1/kerby-config-1.0.1.jar:/home/user/.m2/repository/org/apache/kerby/kerb-core/1.0.1/kerb-core-1.0.1.jar:/home/user/.m2/repository/org/apache/kerby/kerby-pkix/1.0.1/kerby-pkix-1.0.1.jar:/home/user/.m2/repository/org/apache/kerby/kerby-asn1/1.0.1/kerby-asn1-1.0.1.jar:/home/user/.m2/repository/org/apache/kerby/kerby-util/1.0.1/kerby-util-1.0.1.jar:/home/user/.m2/repository/org/apache/kerby/kerb-common/1.0.1/kerb-common-1.0.1.jar:/home/user/.m2/repository/org/apache/kerby/kerb-crypto/1.0.1/kerb-crypto-1.0.1.jar:/home/user/.m2/repository/org/apache/kerby/kerb-util/1.0.1/kerb-util-1.0.1.jar:/home/user/.m2/repository/org/apache/kerby/token-provider/1.0.1/token-provider-1.0.1.jar:/home/user/.m2/repository/org/apache/kerby/kerb-admin/1.0.1/kerb-admin-1.0.1.jar:/home/user/.m2/repository/org/apache/kerby/kerb-server/1.0.1/kerb-server-1.0.1.jar:/home/user/.m2/repository/org/apache/kerby/kerb-identity/1.0.1/kerb-identity-1.0.1.jar:/home/user/.m2/repository/org/apache/kerby/kerby-xdr/1.0.1/kerby-xdr-1.0.1.jar:/home/user/.m2/repository/com/fasterxml/jackson/core/jackson-databind/2.9.9/jackson-databind-2.9.9.jar:/home/user/.m2/repository/com/fasterxml/jackson/core/jackson-core/2.9.9/jackson-core-2.9.9.jar:/home/user/.m2/repository/org/codehaus/woodstox/stax2-api/3.1.4/stax2-api-3.1.4.jar:/home/user/.m2/repository/com/fasterxml/woodstox/woodstox-core/5.0.3/woodstox-core-5.0.3.jar:/home/user/.m2/repository/dnsjava/dnsjava/2.1.7/dnsjava-2.1.7.jar:/home/user/.m2/repository/org/apache/hadoop/hadoop-hdfs/3.2.0/hadoop-hdfs-3.2.0.jar:/home/user/.m2/repository/org/eclipse/jetty/jetty-util-ajax/9.3.25.v20180904/jetty-util-ajax-9.3.25.v20180904.jar:/home/user/.m2/repository/commons-daemon/commons-daemon/1.0.13/commons-daemon-1.0.13.jar:/home/user/.m2/repository/io/netty/netty/3.10.5.Final/netty-3.10.5.Final.jar:/home/user/.m2/repository/io/netty/netty-all/4.0.52.Final/netty-all-4.0.52.Final.jar:/home/user/.m2/repository/org/fusesource/leveldbjni/leveldbjni-all/1.8/leveldbjni-all-1.8.jar:/home/user/.m2/repository/com/sun/xml/bind/jaxb-core/2.3.0.1/jaxb-core-2.3.0.1.jar:/home/user/.m2/repository/javax/xml/bind/jaxb-api/2.3.0/jaxb-api-2.3.0.jar:/home/user/.m2/repository/javax/activation/activation/1.1.1/activation-1.1.1.jar:/home/user/.m2/repository/io/dropwizard/metrics/metrics-core/3.2.4/metrics-core-3.2.4.jar:/home/user/.m2/repository/org/openjdk/jmh/jmh-core/1.19/jmh-core-1.19.jar:/home/user/.m2/repository/net/sf/jopt-simple/jopt-simple/4.6/jopt-simple-4.6.jar:/home/user/.m2/repository/org/openjdk/jmh/jmh-generator-annprocess/1.19/jmh-generator-annprocess-1.19.jar:/home/user/.m2/repository/com/amazonaws/aws-java-sdk-s3/1.11.615/aws-java-sdk-s3-1.11.615.jar:/home/user/.m2/repository/com/amazonaws/aws-java-sdk-kms/1.11.615/aws-java-sdk-kms-1.11.615.jar:/home/user/.m2/repository/com/amazonaws/aws-java-sdk-core/1.11.615/aws-java-sdk-core-1.11.615.jar:/home/user/.m2/repository/software/amazon/ion/ion-java/1.0.2/ion-java-1.0.2.jar:/home/user/.m2/repository/com/fasterxml/jackson/dataformat/jackson-dataformat-cbor/2.9.9/jackson-dataformat-cbor-2.9.9.jar:/home/user/.m2/repository/joda-time/joda-time/2.9.9/joda-time-2.9.9.jar:/home/user/.m2/repository/com/amazonaws/jmespath-java/1.11.615/jmespath-java-1.11.615.jar:/home/user/.m2/repository/com/github/spotbugs/spotbugs/3.1.12/spotbugs-3.1.12.jar:/home/user/.m2/repository/org/ow2/asm/asm/5.0.4/asm-5.0.4.jar:/home/user/.m2/repository/org/ow2/asm/asm-analysis/7.0/asm-analysis-7.0.jar:/home/user/.m2/repository/org/ow2/asm/asm-commons/7.0/asm-commons-7.0.jar:/home/user/.m2/repository/org/ow2/asm/asm-tree/7.0/asm-tree-7.0.jar:/home/user/.m2/repository/org/ow2/asm/asm-util/7.0/asm-util-7.0.jar:/home/user/.m2/repository/org/apache/bcel/bcel/6.3/bcel-6.3.jar:/home/user/.m2/repository/net/jcip/jcip-annotations/1.0/jcip-annotations-1.0.jar:/home/user/.m2/repository/org/dom4j/dom4j/2.1.1/dom4j-2.1.1.jar:/home/user/.m2/repository/jaxen/jaxen/1.1.6/jaxen-1.1.6.jar:/home/user/.m2/repository/commons-lang/commons-lang/2.6/commons-lang-2.6.jar:/home/user/.m2/repository/com/github/spotbugs/spotbugs-annotations/3.1.12/spotbugs-annotations-3.1.12.jar:/home/user/.m2/repository/junit/junit/4.11/junit-4.11.jar:/home/user/.m2/repository/org/hamcrest/hamcrest-core/1.3/hamcrest-core-1.3.jar:/home/user/.m2/repository/org/apache/hadoop/hadoop-common/3.2.0/hadoop-common-3.2.0-tests.jar:/workdir/hadoop-ozone/integration-test/target/test-classes:/home/user/.m2/repository/org/apache/hadoop/hadoop-ozone-s3gateway/0.5.0-SNAPSHOT/hadoop-ozone-s3gateway-0.5.0-SNAPSHOT.jar:/home/user/.m2/repository/org/jboss/weld/servlet/weld-servlet/2.4.7.Final/weld-servlet-2.4.7.Final.jar:/home/user/.m2/repository/org/glassfish/jersey/containers/jersey-container-servlet-core/2.27/jersey-container-servlet-core-2.27.jar:/home/user/.m2/repository/org/glassfish/hk2/external/javax.inject/2.5.0-b42/javax.inject-2.5.0-b42.jar:/home/user/.m2/repository/org/glassfish/jersey/core/jersey-common/2.27/jersey-common-2.27.jar:/home/user/.m2/repository/org/glassfish/hk2/osgi-resource-locator/1.0.1/osgi-resource-locator-1.0.1.jar:/home/user/.m2/repository/javax/ws/rs/javax.ws.rs-api/2.1/javax.ws.rs-api-2.1.jar:/home/user/.m2/repository/org/glassfish/jersey/ext/cdi/jersey-cdi1x/2.27/jersey-cdi1x-2.27.jar:/home/user/.m2/repository/org/glassfish/jersey/inject/jersey-hk2/2.27/jersey-hk2-2.27.jar:/home/user/.m2/repository/org/glassfish/hk2/hk2-locator/2.5.0-b42/hk2-locator-2.5.0-b42.jar:/home/user/.m2/repository/org/javassist/javassist/3.22.0-CR2/javassist-3.22.0-CR2.jar:/home/user/.m2/repository/org/glassfish/hk2/hk2-api/2.5.0/hk2-api-2.5.0.jar:/home/user/.m2/repository/org/glassfish/hk2/external/jakarta.inject/2.5.0/jakarta.inject-2.5.0.jar:/home/user/.m2/repository/org/glassfish/hk2/hk2-utils/2.5.0/hk2-utils-2.5.0.jar:/home/user/.m2/repository/jakarta/annotation/jakarta.annotation-api/1.3.4/jakarta.annotation-api-1.3.4.jar:/home/user/.m2/repository/org/glassfish/hk2/external/aopalliance-repackaged/2.5.0/aopalliance-repackaged-2.5.0.jar:/home/user/.m2/repository/com/fasterxml/jackson/dataformat/jackson-dataformat-xml/2.9.0/jackson-dataformat-xml-2.9.0.jar:/home/user/.m2/repository/com/fasterxml/jackson/module/jackson-module-jaxb-annotations/2.9.9/jackson-module-jaxb-annotations-2.9.9.jar:/home/user/.m2/repository/javax/enterprise/cdi-api/1.2/cdi-api-1.2.jar:/home/user/.m2/repository/javax/el/javax.el-api/3.0.0/javax.el-api-3.0.0.jar:/home/user/.m2/repository/javax/interceptor/javax.interceptor-api/1.2/javax.interceptor-api-1.2.jar:/home/user/.m2/repository/javax/inject/javax.inject/1/javax.inject-1.jar:/home/user/.m2/repository/org/apache/hadoop/hadoop-ozone-csi/0.5.0-SNAPSHOT/hadoop-ozone-csi-0.5.0-SNAPSHOT.jar:/home/user/.m2/repository/com/google/protobuf/protobuf-java-util/3.5.1/protobuf-java-util-3.5.1.jar:/home/user/.m2/repository/io/grpc/grpc-netty/1.17.1/grpc-netty-1.17.1.jar:/home/user/.m2/repository/io/grpc/grpc-core/1.17.1/grpc-core-1.17.1.jar:/home/user/.m2/repository/io/grpc/grpc-context/1.17.1/grpc-context-1.17.1.jar:/home/user/.m2/repository/com/google/errorprone/error_prone_annotations/2.2.0/error_prone_annotations-2.2.0.jar:/home/user/.m2/repository/org/codehaus/mojo/animal-sniffer-annotations/1.17/animal-sniffer-annotations-1.17.jar:/home/user/.m2/repository/io/opencensus/opencensus-api/0.17.0/opencensus-api-0.17.0.jar:/home/user/.m2/repository/io/opencensus/opencensus-contrib-grpc-metrics/0.17.0/opencensus-contrib-grpc-metrics-0.17.0.jar:/home/user/.m2/repository/io/netty/netty-codec-http2/4.1.30.Final/netty-codec-http2-4.1.30.Final.jar:/home/user/.m2/repository/io/netty/netty-codec-http/4.1.30.Final/netty-codec-http-4.1.30.Final.jar:/home/user/.m2/repository/io/netty/netty-codec/4.1.30.Final/netty-codec-4.1.30.Final.jar:/home/user/.m2/repository/io/netty/netty-handler/4.1.30.Final/netty-handler-4.1.30.Final.jar:/home/user/.m2/repository/io/netty/netty-handler-proxy/4.1.30.Final/netty-handler-proxy-4.1.30.Final.jar:/home/user/.m2/repository/io/netty/netty-codec-socks/4.1.30.Final/netty-codec-socks-4.1.30.Final.jar:/home/user/.m2/repository/io/netty/netty-transport-native-epoll/4.1.30.Final/netty-transport-native-epoll-4.1.30.Final.jar:/home/user/.m2/repository/io/netty/netty-common/4.1.30.Final/netty-common-4.1.30.Final.jar:/home/user/.m2/repository/io/netty/netty-buffer/4.1.30.Final/netty-buffer-4.1.30.Final.jar:/home/user/.m2/repository/io/netty/netty-transport/4.1.30.Final/netty-transport-4.1.30.Final.jar:/home/user/.m2/repository/io/netty/netty-resolver/4.1.30.Final/netty-resolver-4.1.30.Final.jar:/home/user/.m2/repository/io/netty/netty-transport-native-unix-common/4.1.30.Final/netty-transport-native-unix-common-4.1.30.Final.jar:/home/user/.m2/repository/io/grpc/grpc-protobuf/1.17.1/grpc-protobuf-1.17.1.jar:/home/user/.m2/repository/com/google/api/grpc/proto-google-common-protos/1.0.0/proto-google-common-protos-1.0.0.jar:/home/user/.m2/repository/io/grpc/grpc-protobuf-lite/1.17.1/grpc-protobuf-lite-1.17.1.jar:/home/user/.m2/repository/io/grpc/grpc-stub/1.17.1/grpc-stub-1.17.1.jar:/home/user/.m2/repository/org/apache/hadoop/hadoop-ozone-recon/0.5.0-SNAPSHOT/hadoop-ozone-recon-0.5.0-SNAPSHOT.jar:/home/user/.m2/repository/org/apache/hadoop/hadoop-ozone-reconcodegen/0.5.0-SNAPSHOT/hadoop-ozone-reconcodegen-0.5.0-SNAPSHOT.jar:/home/user/.m2/repository/com/google/inject/extensions/guice-multibindings/4.0/guice-multibindings-4.0.jar:/home/user/.m2/repository/com/google/inject/guice/4.0/guice-4.0.jar:/home/user/.m2/repository/aopalliance/aopalliance/1.0/aopalliance-1.0.jar:/home/user/.m2/repository/com/google/inject/extensions/guice-servlet/4.0/guice-servlet-4.0.jar:/home/user/.m2/repository/org/glassfish/jersey/containers/jersey-container-servlet/2.27/jersey-container-servlet-2.27.jar:/home/user/.m2/repository/org/glassfish/hk2/guice-bridge/2.5.0/guice-bridge-2.5.0.jar:/home/user/.m2/repository/org/glassfish/jersey/core/jersey-server/2.27/jersey-server-2.27.jar:/home/user/.m2/repository/org/glassfish/jersey/core/jersey-client/2.27/jersey-client-2.27.jar:/home/user/.m2/repository/org/glassfish/jersey/media/jersey-media-jaxb/2.27/jersey-media-jaxb-2.27.jar:/home/user/.m2/repository/javax/validation/validation-api/1.1.0.Final/validation-api-1.1.0.Final.jar:/home/user/.m2/repository/org/glassfish/jersey/media/jersey-media-json-jackson/2.27/jersey-media-json-jackson-2.27.jar:/home/user/.m2/repository/org/glassfish/jersey/ext/jersey-entity-filtering/2.27/jersey-entity-filtering-2.27.jar:/home/user/.m2/repository/com/google/inject/extensions/guice-assistedinject/4.0/guice-assistedinject-4.0.jar:/home/user/.m2/repository/org/jooq/jooq/3.11.10/jooq-3.11.10.jar:/home/user/.m2/repository/org/jooq/jooq-meta/3.11.10/jooq-meta-3.11.10.jar:/home/user/.m2/repository/org/jooq/jooq-codegen/3.11.10/jooq-codegen-3.11.10.jar:/home/user/.m2/repository/com/jolbox/bonecp/0.8.0.RELEASE/bonecp-0.8.0.RELEASE.jar:/home/user/.m2/repository/org/springframework/spring-jdbc/5.1.3.RELEASE/spring-jdbc-5.1.3.RELEASE.jar:/home/user/.m2/repository/org/springframework/spring-beans/5.1.3.RELEASE/spring-beans-5.1.3.RELEASE.jar:/home/user/.m2/repository/org/springframework/spring-core/5.1.3.RELEASE/spring-core-5.1.3.RELEASE.jar:/home/user/.m2/repository/org/springframework/spring-jcl/5.1.3.RELEASE/spring-jcl-5.1.3.RELEASE.jar:/home/user/.m2/repository/org/springframework/spring-tx/5.1.3.RELEASE/spring-tx-5.1.3.RELEASE.jar:/home/user/.m2/repository/org/mockito/mockito-core/2.15.0/mockito-core-2.15.0.jar:/home/user/.m2/repository/net/bytebuddy/byte-buddy/1.7.9/byte-buddy-1.7.9.jar:/home/user/.m2/repository/net/bytebuddy/byte-buddy-agent/1.7.9/byte-buddy-agent-1.7.9.jar:/home/user/.m2/repository/org/objenesis/objenesis/1.0/objenesis-1.0.jar:"/>
    <property name="sun.cpu.endian" value="little"/>
    <property name="user.home" value="/home/user"/>
    <property name="user.language" value="en"/>
    <property name="java.specification.vendor" value="Oracle Corporation"/>
    <property name="java.home" value="/usr/lib/jvm/java-1.8-openjdk/jre"/>
    <property name="java.security.krb5.conf" value="/workdir/hadoop-ozone/tools/target/test-classes/krb5.conf"/>
    <property name="basedir" value="/workdir/hadoop-ozone/tools"/>
    <property name="file.separator" value="/"/>
    <property name="line.separator" value="&#10;"/>
    <property name="java.vm.specification.vendor" value="Oracle Corporation"/>
    <property name="java.specification.name" value="Java Platform API Specification"/>
    <property name="java.awt.graphicsenv" value="sun.awt.X11GraphicsEnvironment"/>
    <property name="surefire.real.class.path" value="/workdir/hadoop-ozone/tools/target/surefire/surefirebooter8370687164162877241.jar"/>
    <property name="hadoop.log.dir" value="/workdir/hadoop-ozone/tools/target/log"/>
    <property name="sun.boot.class.path" value="/usr/lib/jvm/java-1.8-openjdk/jre/lib/resources.jar:/usr/lib/jvm/java-1.8-openjdk/jre/lib/rt.jar:/usr/lib/jvm/java-1.8-openjdk/jre/lib/sunrsasign.jar:/usr/lib/jvm/java-1.8-openjdk/jre/lib/jsse.jar:/usr/lib/jvm/java-1.8-openjdk/jre/lib/jce.jar:/usr/lib/jvm/java-1.8-openjdk/jre/lib/charsets.jar:/usr/lib/jvm/java-1.8-openjdk/jre/lib/jfr.jar:/usr/lib/jvm/java-1.8-openjdk/jre/classes"/>
    <property name="sun.management.compiler" value="HotSpot 64-Bit Tiered Compilers"/>
    <property name="java.runtime.version" value="1.8.0_212-b04"/>
    <property name="java.net.preferIPv4Stack" value="true"/>
    <property name="user.name" value="jenkins1000"/>
    <property name="path.separator" value=":"/>
    <property name="java.security.egd" value="file:///dev/urandom"/>
    <property name="os.version" value="3.10.0-957.12.2.el7.x86_64"/>
    <property name="java.endorsed.dirs" value="/usr/lib/jvm/java-1.8-openjdk/jre/lib/endorsed"/>
    <property name="java.runtime.name" value="OpenJDK Runtime Environment"/>
    <property name="file.encoding" value="UTF-8"/>
    <property name="java.vm.name" value="OpenJDK 64-Bit Server VM"/>
    <property name="test.build.webapps" value=""/>
    <property name="localRepository" value="/home/user/.m2/repository"/>
    <property name="java.vendor.url.bug" value="https://icedtea.classpath.org/bugzilla"/>
    <property name="java.io.tmpdir" value="/tmp"/>
    <property name="require.test.libhadoop" value=""/>
    <property name="java.version" value="1.8.0_212"/>
    <property name="user.dir" value="/workdir/hadoop-ozone/tools"/>
    <property name="os.arch" value="amd64"/>
    <property name="java.vm.specification.name" value="Java Virtual Machine Specification"/>
    <property name="test.build.classes" value="/workdir/hadoop-ozone/tools/target/test-classes"/>
    <property name="java.awt.printerjob" value="sun.print.PSPrinterJob"/>
    <property name="sun.os.patch.level" value="unknown"/>
    <property name="hadoop.tmp.dir" value="/workdir/hadoop-ozone/tools/target/tmp"/>
    <property name="java.library.path" value="/usr/lib/jvm/java-1.8-openjdk/jre/lib/amd64/server:/usr/lib/jvm/java-1.8-openjdk/jre/lib/amd64:/usr/lib/jvm/java-1.8-openjdk/jre/../lib/amd64:/workdir/hadoop-ozone/tools/target/native/target/usr/local/lib:/workdir/hadoop-ozone/tools/../../hadoop-common-project/hadoop-common/target/native/target/usr/local/lib:/usr/java/packages/lib/amd64:/usr/lib64:/lib64:/lib:/usr/lib"/>
    <property name="java.vm.info" value="mixed mode"/>
    <property name="java.vendor" value="IcedTea"/>
    <property name="java.vm.version" value="25.212-b04"/>
    <property name="java.ext.dirs" value="/usr/lib/jvm/java-1.8-openjdk/jre/lib/ext:/usr/java/packages/lib/ext"/>
    <property name="sun.io.unicode.encoding" value="UnicodeLittle"/>
    <property name="java.class.version" value="52.0"/>
  </properties>
  <testcase name="ratisTest3" classname="org.apache.hadoop.ozone.freon.TestRandomKeyGenerator" time="10.618"/>
  <testcase name="testThreadPoolSize" classname="org.apache.hadoop.ozone.freon.TestRandomKeyGenerator" time="5.042"/>
  <testcase name="defaultTest" classname="org.apache.hadoop.ozone.freon.TestRandomKeyGenerator" time="5.041"/>
  <testcase name="bigFileThan2GB" classname="org.apache.hadoop.ozone.freon.TestRandomKeyGenerator" time="122.367">
    <error message="Allocated 0 blocks. Requested 1 blocks" type="INTERNAL_ERROR org.apache.hadoop.ozone.om.exceptions.OMException">INTERNAL_ERROR org.apache.hadoop.ozone.om.exceptions.OMException: Allocated 0 blocks. Requested 1 blocks
	at org.apache.hadoop.ozone.om.protocolPB.OzoneManagerProtocolClientSideTranslatorPB.handleError(OzoneManagerProtocolClientSideTranslatorPB.java:732)
	at org.apache.hadoop.ozone.om.protocolPB.OzoneManagerProtocolClientSideTranslatorPB.allocateBlock(OzoneManagerProtocolClientSideTranslatorPB.java:764)
	at sun.reflect.GeneratedMethodAccessor556.invoke(Unknown Source)
	at sun.reflect.DelegatingMethodAccessorImpl.invoke(DelegatingMethodAccessorImpl.java:43)
	at java.lang.reflect.Method.invoke(Method.java:498)
	at org.apache.hadoop.hdds.tracing.TraceAllMethod.invoke(TraceAllMethod.java:66)
	at com.sun.proxy.$Proxy37.allocateBlock(Unknown Source)
	at org.apache.hadoop.ozone.client.io.BlockOutputStreamEntryPool.allocateNewBlock(BlockOutputStreamEntryPool.java:248)
	at org.apache.hadoop.ozone.client.io.BlockOutputStreamEntryPool.allocateBlockIfNeeded(BlockOutputStreamEntryPool.java:296)
	at org.apache.hadoop.ozone.client.io.KeyOutputStream.handleWrite(KeyOutputStream.java:198)
	at org.apache.hadoop.ozone.client.io.KeyOutputStream.write(KeyOutputStream.java:190)
	at org.apache.hadoop.ozone.client.io.OzoneOutputStream.write(OzoneOutputStream.java:49)
	at org.apache.hadoop.ozone.freon.RandomKeyGenerator.createKey(RandomKeyGenerator.java:708)
	at org.apache.hadoop.ozone.freon.RandomKeyGenerator.access$1100(RandomKeyGenerator.java:88)
	at org.apache.hadoop.ozone.freon.RandomKeyGenerator$ObjectCreator.run(RandomKeyGenerator.java:615)
	at java.util.concurrent.Executors$RunnableAdapter.call(Executors.java:511)
	at java.util.concurrent.FutureTask.run(FutureTask.java:266)
	at java.util.concurrent.ThreadPoolExecutor.runWorker(ThreadPoolExecutor.java:1149)
	at java.util.concurrent.ThreadPoolExecutor$Worker.run(ThreadPoolExecutor.java:624)
	at java.lang.Thread.run(Thread.java:748)
</error>
    <system-out><![CDATA[2019-09-30 19:48:16,663 [grpc-default-executor-2] WARN  client.GrpcClientProtocolService (LogUtils.java:warn(134)) - 9-UnorderedRequestStreamObserver9: onError: org.apache.ratis.thirdparty.io.grpc.StatusRuntimeException: CANCELLED: cancelled before receiving half close
2019-09-30 19:48:23,965 [main] INFO  freon.RandomKeyGenerator (RandomKeyGenerator.java:call(283)) - Number of Threads: 1
2019-09-30 19:48:23,966 [main] INFO  freon.RandomKeyGenerator (RandomKeyGenerator.java:call(288)) - Number of Volumes: 1.
2019-09-30 19:48:23,966 [main] INFO  freon.RandomKeyGenerator (RandomKeyGenerator.java:call(289)) - Number of Buckets per Volume: 1.
2019-09-30 19:48:23,967 [main] INFO  freon.RandomKeyGenerator (RandomKeyGenerator.java:call(290)) - Number of Keys per Bucket: 1.
2019-09-30 19:48:23,967 [main] INFO  freon.RandomKeyGenerator (RandomKeyGenerator.java:call(291)) - Key size: 2147483657 bytes
2019-09-30 19:48:23,967 [main] INFO  freon.RandomKeyGenerator (RandomKeyGenerator.java:call(292)) - Buffer size: 4096 bytes
2019-09-30 19:48:23,967 [main] INFO  freon.RandomKeyGenerator (RandomKeyGenerator.java:call(293)) - validateWrites : true
2019-09-30 19:48:23,969 [main] INFO  freon.RandomKeyGenerator (RandomKeyGenerator.java:call(307)) - Data validation is enabled.
2019-09-30 19:48:23,969 [main] INFO  freon.RandomKeyGenerator (RandomKeyGenerator.java:call(313)) - Starting progress bar Thread.

2019-09-30 19:48:23,969 [pool-277-thread-1] INFO  rpc.RpcClient (RpcClient.java:createVolume(276)) - Creating Volume: vol-0-23312, with jenkins1000 as owner.
 0.00% |█                                                                                                    |  0/1 Time: 0:00:002019-09-30 19:48:23,976 [IPC Server handler 9 on 45219] INFO  volume.OMVolumeCreateRequest (OMVolumeCreateRequest.java:validateAndUpdateCache(194)) - created volume:vol-0-23312 for user:jenkins1000
2019-09-30 19:48:23,979 [pool-277-thread-1] INFO  rpc.RpcClient (RpcClient.java:createBucket(415)) - Creating Bucket: vol-0-23312/bucket-0-33888, with Versioning false and Storage Type set to DISK and Encryption set to false 
 0.00% |█                                                                                                    |  0/1 Time: 0:00:01 0.00% |█                                                                                                    |  0/1 Time: 0:00:02 0.00% |█                                                                                                    |  0/1 Time: 0:00:03 0.00% |█                                                                                                    |  0/1 Time: 0:00:04 0.00% |█                                                                                                    |  0/1 Time: 0:00:05 0.00% |█                                                                                                    |  0/1 Time: 0:00:06 0.00% |█                                                                                                    |  0/1 Time: 0:00:07 0.00% |█                                                                                                    |  0/1 Time: 0:00:08 0.00% |█                                                                                                    |  0/1 Time: 0:00:09 0.00% |█                                                                                                    |  0/1 Time: 0:00:10 0.00% |█                                                                                                    |  0/1 Time: 0:00:11 0.00% |█                                                                                                    |  0/1 Time: 0:00:12 0.00% |█                                                                                                    |  0/1 Time: 0:00:13 0.00% |█                                                                                                    |  0/1 Time: 0:00:14 0.00% |█                                                                                                    |  0/1 Time: 0:00:15 0.00% |█                                                                                                    |  0/1 Time: 0:00:16 0.00% |█                                                                                                    |  0/1 Time: 0:00:17 0.00% |█                                                                                                    |  0/1 Time: 0:00:18 0.00% |█                                                                                                    |  0/1 Time: 0:00:19 0.00% |█                                                                                                    |  0/1 Time: 0:00:20 0.00% |█                                                                                                    |  0/1 Time: 0:00:212019-09-30 19:48:45,890 [java.util.concurrent.ThreadPoolExecutor$Worker@4ff28824[State = -1, empty queue]] WARN  server.GrpcLogAppender (GrpcLogAppender.java:timeoutAppendRequest(200)) - d3d6a064-0109-49a9-bedd-764775490651@group-BD3FC0D8A694->77869dd7-92e4-435f-ad3e-d6dc3fd9c115-GrpcLogAppender: appendEntries Timeout, request=d3d6a064-0109-49a9-bedd-764775490651->77869dd7-92e4-435f-ad3e-d6dc3fd9c115#3797-t1, previous=(t:1, i:3789), leaderCommit=3788, initializing? false, entries: size=1, first=(t:1, i:3790), STATEMACHINELOGENTRY, client-65722D5EC3E2, cid=2546
2019-09-30 19:48:45,890 [java.util.concurrent.ThreadPoolExecutor$Worker@4d7584b0[State = -1, empty queue]] WARN  server.GrpcLogAppender (GrpcLogAppender.java:timeoutAppendRequest(200)) - d3d6a064-0109-49a9-bedd-764775490651@group-BD3FC0D8A694->5771ca49-365b-443c-ae10-c8090057ed87-GrpcLogAppender: appendEntries Timeout, request=d3d6a064-0109-49a9-bedd-764775490651->5771ca49-365b-443c-ae10-c8090057ed87#3797-t1, previous=(t:1, i:3789), leaderCommit=3788, initializing? false, entries: size=1, first=(t:1, i:3790), STATEMACHINELOGENTRY, client-65722D5EC3E2, cid=2546
2019-09-30 19:48:45,893 [java.util.concurrent.ThreadPoolExecutor$Worker@4ff28824[State = -1, empty queue]] WARN  server.GrpcLogAppender (GrpcLogAppender.java:timeoutAppendRequest(200)) - d3d6a064-0109-49a9-bedd-764775490651@group-BD3FC0D8A694->77869dd7-92e4-435f-ad3e-d6dc3fd9c115-GrpcLogAppender: appendEntries Timeout, request=d3d6a064-0109-49a9-bedd-764775490651->77869dd7-92e4-435f-ad3e-d6dc3fd9c115#3798-t1, previous=(t:1, i:3790), leaderCommit=3788, initializing? false, entries: size=1, first=(t:1, i:3791), STATEMACHINELOGENTRY, client-65722D5EC3E2, cid=2547
2019-09-30 19:48:45,894 [java.util.concurrent.ThreadPoolExecutor$Worker@4d7584b0[State = -1, empty queue]] WARN  server.GrpcLogAppender (GrpcLogAppender.java:timeoutAppendRequest(200)) - d3d6a064-0109-49a9-bedd-764775490651@group-BD3FC0D8A694->5771ca49-365b-443c-ae10-c8090057ed87-GrpcLogAppender: appendEntries Timeout, request=d3d6a064-0109-49a9-bedd-764775490651->5771ca49-365b-443c-ae10-c8090057ed87#3798-t1, previous=(t:1, i:3790), leaderCommit=3788, initializing? false, entries: size=1, first=(t:1, i:3791), STATEMACHINELOGENTRY, client-65722D5EC3E2, cid=2547
 0.00% |█                                                                                                    |  0/1 Time: 0:00:22 0.00% |█                                                                                                    |  0/1 Time: 0:00:232019-09-30 19:48:48,071 [grpc-default-executor-4] WARN  server.GrpcLogAppender (GrpcLogAppender.java:onNextImpl(251)) - d3d6a064-0109-49a9-bedd-764775490651@group-BD3FC0D8A694->77869dd7-92e4-435f-ad3e-d6dc3fd9c115-AppendLogResponseHandler: Request not found, ignoring reply: d3d6a064-0109-49a9-bedd-764775490651<-77869dd7-92e4-435f-ad3e-d6dc3fd9c115#3797:OK,SUCCESS,nextIndex:3791,term:1,followerCommit:3789
2019-09-30 19:48:48,074 [grpc-default-executor-5] WARN  server.GrpcLogAppender (GrpcLogAppender.java:onNextImpl(251)) - d3d6a064-0109-49a9-bedd-764775490651@group-BD3FC0D8A694->5771ca49-365b-443c-ae10-c8090057ed87-AppendLogResponseHandler: Request not found, ignoring reply: d3d6a064-0109-49a9-bedd-764775490651<-5771ca49-365b-443c-ae10-c8090057ed87#3797:OK,SUCCESS,nextIndex:3791,term:1,followerCommit:3789
2019-09-30 19:48:48,075 [grpc-default-executor-4] WARN  server.GrpcLogAppender (GrpcLogAppender.java:onNextImpl(251)) - d3d6a064-0109-49a9-bedd-764775490651@group-BD3FC0D8A694->77869dd7-92e4-435f-ad3e-d6dc3fd9c115-AppendLogResponseHandler: Request not found, ignoring reply: d3d6a064-0109-49a9-bedd-764775490651<-77869dd7-92e4-435f-ad3e-d6dc3fd9c115#3798:OK,SUCCESS,nextIndex:3792,term:1,followerCommit:3789
2019-09-30 19:48:48,075 [grpc-default-executor-5] WARN  server.GrpcLogAppender (GrpcLogAppender.java:onNextImpl(251)) - d3d6a064-0109-49a9-bedd-764775490651@group-BD3FC0D8A694->5771ca49-365b-443c-ae10-c8090057ed87-AppendLogResponseHandler: Request not found, ignoring reply: d3d6a064-0109-49a9-bedd-764775490651<-5771ca49-365b-443c-ae10-c8090057ed87#3798:OK,SUCCESS,nextIndex:3792,term:1,followerCommit:3789
 0.00% |█                                                                                                    |  0/1 Time: 0:00:24 0.00% |█                                                                                                    |  0/1 Time: 0:00:25 0.00% |█                                                                                                    |  0/1 Time: 0:00:262019-09-30 19:48:51,076 [java.util.concurrent.ThreadPoolExecutor$Worker@4d7584b0[State = -1, empty queue]] WARN  server.GrpcLogAppender (GrpcLogAppender.java:timeoutAppendRequest(200)) - d3d6a064-0109-49a9-bedd-764775490651@group-BD3FC0D8A694->5771ca49-365b-443c-ae10-c8090057ed87-GrpcLogAppender: appendEntries Timeout, request=d3d6a064-0109-49a9-bedd-764775490651->5771ca49-365b-443c-ae10-c8090057ed87#3800-t1, previous=(t:1, i:3791), leaderCommit=3791, initializing? false, entries: size=1, first=(t:1, i:3792), METADATAENTRY(c3791)
2019-09-30 19:48:51,076 [java.util.concurrent.ThreadPoolExecutor$Worker@4ff28824[State = -1, empty queue]] WARN  server.GrpcLogAppender (GrpcLogAppender.java:timeoutAppendRequest(200)) - d3d6a064-0109-49a9-bedd-764775490651@group-BD3FC0D8A694->77869dd7-92e4-435f-ad3e-d6dc3fd9c115-GrpcLogAppender: appendEntries Timeout, request=d3d6a064-0109-49a9-bedd-764775490651->77869dd7-92e4-435f-ad3e-d6dc3fd9c115#3800-t1, previous=(t:1, i:3791), leaderCommit=3791, initializing? false, entries: size=1, first=(t:1, i:3792), METADATAENTRY(c3791)
 0.00% |█                                                                                                    |  0/1 Time: 0:00:27 0.00% |█                                                                                                    |  0/1 Time: 0:00:282019-09-30 19:48:53,095 [pool-277-thread-1] WARN  scm.XceiverClientRatis (XceiverClientRatis.java:watchForCommit(292)) - 3 way commit failed on pipeline Pipeline[ Id: b2d9d023-6ab1-468a-a5ef-bd3fc0d8a694, Nodes: d3d6a064-0109-49a9-bedd-764775490651{ip: 192.168.151.118, host: pr-hdds-1720-trunk-4nqxd-2896763123, networkLocation: /default-rack, certSerialId: null}77869dd7-92e4-435f-ad3e-d6dc3fd9c115{ip: 192.168.151.118, host: pr-hdds-1720-trunk-4nqxd-2896763123, networkLocation: /default-rack, certSerialId: null}5771ca49-365b-443c-ae10-c8090057ed87{ip: 192.168.151.118, host: pr-hdds-1720-trunk-4nqxd-2896763123, networkLocation: /default-rack, certSerialId: null}, Type:RATIS, Factor:THREE, State:OPEN]
java.util.concurrent.TimeoutException
	at java.util.concurrent.CompletableFuture.timedGet(CompletableFuture.java:1771)
	at java.util.concurrent.CompletableFuture.get(CompletableFuture.java:1915)
	at org.apache.hadoop.hdds.scm.XceiverClientRatis.watchForCommit(XceiverClientRatis.java:289)
	at org.apache.hadoop.hdds.scm.storage.CommitWatcher.watchForCommit(CommitWatcher.java:194)
	at org.apache.hadoop.hdds.scm.storage.CommitWatcher.watchOnLastIndex(CommitWatcher.java:157)
	at org.apache.hadoop.hdds.scm.storage.BlockOutputStream.watchForCommit(BlockOutputStream.java:347)
	at org.apache.hadoop.hdds.scm.storage.BlockOutputStream.handleFlush(BlockOutputStream.java:479)
	at org.apache.hadoop.hdds.scm.storage.BlockOutputStream.close(BlockOutputStream.java:493)
	at org.apache.hadoop.ozone.client.io.BlockOutputStreamEntry.close(BlockOutputStreamEntry.java:143)
	at org.apache.hadoop.ozone.client.io.KeyOutputStream.handleFlushOrClose(KeyOutputStream.java:439)
	at org.apache.hadoop.ozone.client.io.KeyOutputStream.handleWrite(KeyOutputStream.java:232)
	at org.apache.hadoop.ozone.client.io.KeyOutputStream.write(KeyOutputStream.java:190)
	at org.apache.hadoop.ozone.client.io.OzoneOutputStream.write(OzoneOutputStream.java:49)
	at org.apache.hadoop.ozone.freon.RandomKeyGenerator.createKey(RandomKeyGenerator.java:708)
	at org.apache.hadoop.ozone.freon.RandomKeyGenerator.access$1100(RandomKeyGenerator.java:88)
	at org.apache.hadoop.ozone.freon.RandomKeyGenerator$ObjectCreator.run(RandomKeyGenerator.java:615)
	at java.util.concurrent.Executors$RunnableAdapter.call(Executors.java:511)
	at java.util.concurrent.FutureTask.run(FutureTask.java:266)
	at java.util.concurrent.ThreadPoolExecutor.runWorker(ThreadPoolExecutor.java:1149)
	at java.util.concurrent.ThreadPoolExecutor$Worker.run(ThreadPoolExecutor.java:624)
	at java.lang.Thread.run(Thread.java:748)
 0.00% |█                                                                                                    |  0/1 Time: 0:00:292019-09-30 19:48:53,304 [grpc-default-executor-4] WARN  server.GrpcLogAppender (GrpcLogAppender.java:onNextImpl(251)) - d3d6a064-0109-49a9-bedd-764775490651@group-BD3FC0D8A694->77869dd7-92e4-435f-ad3e-d6dc3fd9c115-AppendLogResponseHandler: Request not found, ignoring reply: d3d6a064-0109-49a9-bedd-764775490651<-77869dd7-92e4-435f-ad3e-d6dc3fd9c115#3800:OK,SUCCESS,nextIndex:3793,term:1,followerCommit:3791
2019-09-30 19:48:53,309 [grpc-default-executor-4] WARN  server.GrpcLogAppender (GrpcLogAppender.java:onNextImpl(251)) - d3d6a064-0109-49a9-bedd-764775490651@group-BD3FC0D8A694->5771ca49-365b-443c-ae10-c8090057ed87-AppendLogResponseHandler: Request not found, ignoring reply: d3d6a064-0109-49a9-bedd-764775490651<-5771ca49-365b-443c-ae10-c8090057ed87#3800:OK,SUCCESS,nextIndex:3793,term:1,followerCommit:3791
2019-09-30 19:48:53,310 [pool-277-thread-1] INFO  scm.XceiverClientRatis (XceiverClientRatis.java:lambda$watchForCommit$7(310)) - Could not commit index 3791 on pipeline Pipeline[ Id: b2d9d023-6ab1-468a-a5ef-bd3fc0d8a694, Nodes: d3d6a064-0109-49a9-bedd-764775490651{ip: 192.168.151.118, host: pr-hdds-1720-trunk-4nqxd-2896763123, networkLocation: /default-rack, certSerialId: null}77869dd7-92e4-435f-ad3e-d6dc3fd9c115{ip: 192.168.151.118, host: pr-hdds-1720-trunk-4nqxd-2896763123, networkLocation: /default-rack, certSerialId: null}5771ca49-365b-443c-ae10-c8090057ed87{ip: 192.168.151.118, host: pr-hdds-1720-trunk-4nqxd-2896763123, networkLocation: /default-rack, certSerialId: null}, Type:RATIS, Factor:THREE, State:OPEN] to all the nodes. Server 5771ca49-365b-443c-ae10-c8090057ed87 has failed. Committed by majority.
2019-09-30 19:48:53,313 [pool-277-thread-1] WARN  storage.BlockOutputStream (BlockOutputStream.java:watchForCommit(353)) - Failed to commit BlockId conID: 3 locID: 102883191871439445 bcsId: 3791 on Pipeline[ Id: b2d9d023-6ab1-468a-a5ef-bd3fc0d8a694, Nodes: d3d6a064-0109-49a9-bedd-764775490651{ip: 192.168.151.118, host: pr-hdds-1720-trunk-4nqxd-2896763123, networkLocation: /default-rack, certSerialId: null}77869dd7-92e4-435f-ad3e-d6dc3fd9c115{ip: 192.168.151.118, host: pr-hdds-1720-trunk-4nqxd-2896763123, networkLocation: /default-rack, certSerialId: null}5771ca49-365b-443c-ae10-c8090057ed87{ip: 192.168.151.118, host: pr-hdds-1720-trunk-4nqxd-2896763123, networkLocation: /default-rack, certSerialId: null}, Type:RATIS, Factor:THREE, State:OPEN]. Failed nodes: [5771ca49-365b-443c-ae10-c8090057ed87{ip: null, host: null, networkLocation: /default-rack, certSerialId: null}]
 0.00% |█                                                                                                    |  0/1 Time: 0:00:30 0.00% |█                                                                                                    |  0/1 Time: 0:00:31 0.00% |█                                                                                                    |  0/1 Time: 0:00:322019-09-30 19:48:56,372 [java.util.concurrent.ThreadPoolExecutor$Worker@4d7584b0[State = -1, empty queue]] WARN  server.GrpcLogAppender (GrpcLogAppender.java:timeoutAppendRequest(200)) - d3d6a064-0109-49a9-bedd-764775490651@group-BD3FC0D8A694->5771ca49-365b-443c-ae10-c8090057ed87-GrpcLogAppender: appendEntries Timeout, request=d3d6a064-0109-49a9-bedd-764775490651->5771ca49-365b-443c-ae10-c8090057ed87#3803-t1, previous=(t:1, i:3792), leaderCommit=3792, initializing? false, entries: size=1, first=(t:1, i:3793), STATEMACHINELOGENTRY, client-716E728B1CD8, cid=2550
2019-09-30 19:48:56,373 [java.util.concurrent.ThreadPoolExecutor$Worker@4ff28824[State = -1, empty queue]] WARN  server.GrpcLogAppender (GrpcLogAppender.java:timeoutAppendRequest(200)) - d3d6a064-0109-49a9-bedd-764775490651@group-BD3FC0D8A694->77869dd7-92e4-435f-ad3e-d6dc3fd9c115-GrpcLogAppender: appendEntries Timeout, request=d3d6a064-0109-49a9-bedd-764775490651->77869dd7-92e4-435f-ad3e-d6dc3fd9c115#3803-t1, previous=(t:1, i:3792), leaderCommit=3792, initializing? false, entries: size=1, first=(t:1, i:3793), STATEMACHINELOGENTRY, client-716E728B1CD8, cid=2550
 0.00% |█                                                                                                    |  0/1 Time: 0:00:332019-09-30 19:48:57,449 [grpc-default-executor-4] WARN  server.GrpcLogAppender (GrpcLogAppender.java:onNextImpl(251)) - d3d6a064-0109-49a9-bedd-764775490651@group-BD3FC0D8A694->77869dd7-92e4-435f-ad3e-d6dc3fd9c115-AppendLogResponseHandler: Request not found, ignoring reply: d3d6a064-0109-49a9-bedd-764775490651<-77869dd7-92e4-435f-ad3e-d6dc3fd9c115#3803:OK,SUCCESS,nextIndex:3794,term:1,followerCommit:3792
2019-09-30 19:48:57,451 [grpc-default-executor-5] WARN  server.GrpcLogAppender (GrpcLogAppender.java:onNextImpl(251)) - d3d6a064-0109-49a9-bedd-764775490651@group-BD3FC0D8A694->5771ca49-365b-443c-ae10-c8090057ed87-AppendLogResponseHandler: Request not found, ignoring reply: d3d6a064-0109-49a9-bedd-764775490651<-5771ca49-365b-443c-ae10-c8090057ed87#3803:OK,SUCCESS,nextIndex:3794,term:1,followerCommit:3792
 0.00% |█                                                                                                    |  0/1 Time: 0:00:34 0.00% |█                                                                                                    |  0/1 Time: 0:00:35 0.00% |█                                                                                                    |  0/1 Time: 0:00:36 0.00% |█                                                                                                    |  0/1 Time: 0:00:37 0.00% |█                                                                                                    |  0/1 Time: 0:00:38 0.00% |█                                                                                                    |  0/1 Time: 0:00:39 0.00% |█                                                                                                    |  0/1 Time: 0:00:40 0.00% |█                                                                                                    |  0/1 Time: 0:00:41 0.00% |█                                                                                                    |  0/1 Time: 0:00:42 0.00% |█                                                                                                    |  0/1 Time: 0:00:43 0.00% |█                                                                                                    |  0/1 Time: 0:00:44 0.00% |█                                                                                                    |  0/1 Time: 0:00:45 0.00% |█                                                                                                    |  0/1 Time: 0:00:46 0.00% |█                                                                                                    |  0/1 Time: 0:00:47 0.00% |█                                                                                                    |  0/1 Time: 0:00:48 0.00% |█                                                                                                    |  0/1 Time: 0:00:49 0.00% |█                                                                                                    |  0/1 Time: 0:00:50 0.00% |█                                                                                                    |  0/1 Time: 0:00:512019-09-30 19:49:15,778 [java.util.concurrent.ThreadPoolExecutor$Worker@4d7584b0[State = -1, empty queue]] WARN  server.GrpcLogAppender (GrpcLogAppender.java:timeoutAppendRequest(200)) - d3d6a064-0109-49a9-bedd-764775490651@group-BD3FC0D8A694->5771ca49-365b-443c-ae10-c8090057ed87-GrpcLogAppender: appendEntries Timeout, request=d3d6a064-0109-49a9-bedd-764775490651->5771ca49-365b-443c-ae10-c8090057ed87#4659-t1, previous=(t:1, i:4643), leaderCommit=4641, initializing? false, entries: size=1, first=(t:1, i:4644), METADATAENTRY(c4641)
2019-09-30 19:49:15,778 [java.util.concurrent.ThreadPoolExecutor$Worker@4ff28824[State = -1, empty queue]] WARN  server.GrpcLogAppender (GrpcLogAppender.java:timeoutAppendRequest(200)) - d3d6a064-0109-49a9-bedd-764775490651@group-BD3FC0D8A694->77869dd7-92e4-435f-ad3e-d6dc3fd9c115-GrpcLogAppender: appendEntries Timeout, request=d3d6a064-0109-49a9-bedd-764775490651->77869dd7-92e4-435f-ad3e-d6dc3fd9c115#4659-t1, previous=(t:1, i:4643), leaderCommit=4641, initializing? false, entries: size=1, first=(t:1, i:4644), METADATAENTRY(c4641)
 0.00% |█                                                                                                    |  0/1 Time: 0:00:52 0.00% |█                                                                                                    |  0/1 Time: 0:00:532019-09-30 19:49:17,431 [grpc-default-executor-2] WARN  server.GrpcLogAppender (GrpcLogAppender.java:onNextImpl(251)) - d3d6a064-0109-49a9-bedd-764775490651@group-BD3FC0D8A694->77869dd7-92e4-435f-ad3e-d6dc3fd9c115-AppendLogResponseHandler: Request not found, ignoring reply: d3d6a064-0109-49a9-bedd-764775490651<-77869dd7-92e4-435f-ad3e-d6dc3fd9c115#4659:OK,SUCCESS,nextIndex:4645,term:1,followerCommit:4641
2019-09-30 19:49:17,431 [grpc-default-executor-5] WARN  server.GrpcLogAppender (GrpcLogAppender.java:onNextImpl(251)) - d3d6a064-0109-49a9-bedd-764775490651@group-BD3FC0D8A694->5771ca49-365b-443c-ae10-c8090057ed87-AppendLogResponseHandler: Request not found, ignoring reply: d3d6a064-0109-49a9-bedd-764775490651<-5771ca49-365b-443c-ae10-c8090057ed87#4659:OK,SUCCESS,nextIndex:4645,term:1,followerCommit:4641
 0.00% |█                                                                                                    |  0/1 Time: 0:00:54 0.00% |█                                                                                                    |  0/1 Time: 0:00:55 0.00% |█                                                                                                    |  0/1 Time: 0:00:56 0.00% |█                                                                                                    |  0/1 Time: 0:00:57 0.00% |█                                                                                                    |  0/1 Time: 0:00:58 0.00% |█                                                                                                    |  0/1 Time: 0:00:59 0.00% |█                                                                                                    |  0/1 Time: 0:01:00 0.00% |█                                                                                                    |  0/1 Time: 0:01:01 0.00% |█                                                                                                    |  0/1 Time: 0:01:02 0.00% |█                                                                                                    |  0/1 Time: 0:01:03 0.00% |█                                                                                                    |  0/1 Time: 0:01:04 0.00% |█                                                                                                    |  0/1 Time: 0:01:05 0.00% |█                                                                                                    |  0/1 Time: 0:01:06 0.00% |█                                                                                                    |  0/1 Time: 0:01:07 0.00% |█                                                                                                    |  0/1 Time: 0:01:08 0.00% |█                                                                                                    |  0/1 Time: 0:01:09 0.00% |█                                                                                                    |  0/1 Time: 0:01:10 0.00% |█                                                                                                    |  0/1 Time: 0:01:11 0.00% |█                                                                                                    |  0/1 Time: 0:01:12 0.00% |█                                                                                                    |  0/1 Time: 0:01:13 0.00% |█                                                                                                    |  0/1 Time: 0:01:14 0.00% |█                                                                                                    |  0/1 Time: 0:01:152019-09-30 19:49:40,578 [java.util.concurrent.ThreadPoolExecutor$Worker@4ff28824[State = -1, empty queue]] WARN  server.GrpcLogAppender (GrpcLogAppender.java:timeoutAppendRequest(200)) - d3d6a064-0109-49a9-bedd-764775490651@group-BD3FC0D8A694->77869dd7-92e4-435f-ad3e-d6dc3fd9c115-GrpcLogAppender: appendEntries Timeout, request=d3d6a064-0109-49a9-bedd-764775490651->77869dd7-92e4-435f-ad3e-d6dc3fd9c115#7083-t1, previous=(t:1, i:7065), leaderCommit=7065, initializing? false, entries: size=1, first=(t:1, i:7066), STATEMACHINELOGENTRY, client-716E728B1CD8, cid=4640
2019-09-30 19:49:40,578 [java.util.concurrent.ThreadPoolExecutor$Worker@4d7584b0[State = -1, empty queue]] WARN  server.GrpcLogAppender (GrpcLogAppender.java:timeoutAppendRequest(200)) - d3d6a064-0109-49a9-bedd-764775490651@group-BD3FC0D8A694->5771ca49-365b-443c-ae10-c8090057ed87-GrpcLogAppender: appendEntries Timeout, request=d3d6a064-0109-49a9-bedd-764775490651->5771ca49-365b-443c-ae10-c8090057ed87#7083-t1, previous=(t:1, i:7065), leaderCommit=7065, initializing? false, entries: size=1, first=(t:1, i:7066), STATEMACHINELOGENTRY, client-716E728B1CD8, cid=4640
2019-09-30 19:49:40,578 [java.util.concurrent.ThreadPoolExecutor$Worker@4ff28824[State = -1, empty queue]] WARN  server.GrpcLogAppender (GrpcLogAppender.java:timeoutAppendRequest(200)) - d3d6a064-0109-49a9-bedd-764775490651@group-BD3FC0D8A694->77869dd7-92e4-435f-ad3e-d6dc3fd9c115-GrpcLogAppender: appendEntries Timeout, request=d3d6a064-0109-49a9-bedd-764775490651->77869dd7-92e4-435f-ad3e-d6dc3fd9c115#7084-t1, previous=(t:1, i:7066), leaderCommit=7065, initializing? false, entries: size=1, first=(t:1, i:7067), STATEMACHINELOGENTRY, client-716E728B1CD8, cid=4641
2019-09-30 19:49:40,581 [java.util.concurrent.ThreadPoolExecutor$Worker@4d7584b0[State = -1, empty queue]] WARN  server.GrpcLogAppender (GrpcLogAppender.java:timeoutAppendRequest(200)) - d3d6a064-0109-49a9-bedd-764775490651@group-BD3FC0D8A694->5771ca49-365b-443c-ae10-c8090057ed87-GrpcLogAppender: appendEntries Timeout, request=d3d6a064-0109-49a9-bedd-764775490651->5771ca49-365b-443c-ae10-c8090057ed87#7084-t1, previous=(t:1, i:7066), leaderCommit=7065, initializing? false, entries: size=1, first=(t:1, i:7067), STATEMACHINELOGENTRY, client-716E728B1CD8, cid=4641
2019-09-30 19:49:40,583 [java.util.concurrent.ThreadPoolExecutor$Worker@4ff28824[State = -1, empty queue]] WARN  server.GrpcLogAppender (GrpcLogAppender.java:timeoutAppendRequest(200)) - d3d6a064-0109-49a9-bedd-764775490651@group-BD3FC0D8A694->77869dd7-92e4-435f-ad3e-d6dc3fd9c115-GrpcLogAppender: appendEntries Timeout, request=d3d6a064-0109-49a9-bedd-764775490651->77869dd7-92e4-435f-ad3e-d6dc3fd9c115#7085-t1, previous=(t:1, i:7067), leaderCommit=7065, initializing? false, entries: size=1, first=(t:1, i:7068), STATEMACHINELOGENTRY, client-716E728B1CD8, cid=4642
2019-09-30 19:49:40,584 [java.util.concurrent.ThreadPoolExecutor$Worker@4d7584b0[State = -1, empty queue]] WARN  server.GrpcLogAppender (GrpcLogAppender.java:timeoutAppendRequest(200)) - d3d6a064-0109-49a9-bedd-764775490651@group-BD3FC0D8A694->5771ca49-365b-443c-ae10-c8090057ed87-GrpcLogAppender: appendEntries Timeout, request=d3d6a064-0109-49a9-bedd-764775490651->5771ca49-365b-443c-ae10-c8090057ed87#7085-t1, previous=(t:1, i:7067), leaderCommit=7065, initializing? false, entries: size=1, first=(t:1, i:7068), STATEMACHINELOGENTRY, client-716E728B1CD8, cid=4642
 0.00% |█                                                                                                    |  0/1 Time: 0:01:162019-09-30 19:49:40,586 [java.util.concurrent.ThreadPoolExecutor$Worker@4ff28824[State = -1, empty queue]] WARN  server.GrpcLogAppender (GrpcLogAppender.java:timeoutAppendRequest(200)) - d3d6a064-0109-49a9-bedd-764775490651@group-BD3FC0D8A694->77869dd7-92e4-435f-ad3e-d6dc3fd9c115-GrpcLogAppender: appendEntries Timeout, request=d3d6a064-0109-49a9-bedd-764775490651->77869dd7-92e4-435f-ad3e-d6dc3fd9c115#7086-t1, previous=(t:1, i:7068), leaderCommit=7065, initializing? false, entries: size=1, first=(t:1, i:7069), STATEMACHINELOGENTRY, client-716E728B1CD8, cid=4643
2019-09-30 19:49:40,591 [java.util.concurrent.ThreadPoolExecutor$Worker@4d7584b0[State = -1, empty queue]] WARN  server.GrpcLogAppender (GrpcLogAppender.java:timeoutAppendRequest(200)) - d3d6a064-0109-49a9-bedd-764775490651@group-BD3FC0D8A694->5771ca49-365b-443c-ae10-c8090057ed87-GrpcLogAppender: appendEntries Timeout, request=d3d6a064-0109-49a9-bedd-764775490651->5771ca49-365b-443c-ae10-c8090057ed87#7086-t1, previous=(t:1, i:7068), leaderCommit=7065, initializing? false, entries: size=1, first=(t:1, i:7069), STATEMACHINELOGENTRY, client-716E728B1CD8, cid=4643
2019-09-30 19:49:40,973 [grpc-default-executor-4] WARN  server.GrpcLogAppender (GrpcLogAppender.java:onNextImpl(251)) - d3d6a064-0109-49a9-bedd-764775490651@group-BD3FC0D8A694->5771ca49-365b-443c-ae10-c8090057ed87-AppendLogResponseHandler: Request not found, ignoring reply: d3d6a064-0109-49a9-bedd-764775490651<-5771ca49-365b-443c-ae10-c8090057ed87#7083:OK,SUCCESS,nextIndex:7067,term:1,followerCommit:7065
2019-09-30 19:49:40,973 [grpc-default-executor-0] WARN  server.GrpcLogAppender (GrpcLogAppender.java:onNextImpl(251)) - d3d6a064-0109-49a9-bedd-764775490651@group-BD3FC0D8A694->77869dd7-92e4-435f-ad3e-d6dc3fd9c115-AppendLogResponseHandler: Request not found, ignoring reply: d3d6a064-0109-49a9-bedd-764775490651<-77869dd7-92e4-435f-ad3e-d6dc3fd9c115#7083:OK,SUCCESS,nextIndex:7067,term:1,followerCommit:7065
2019-09-30 19:49:40,977 [grpc-default-executor-4] WARN  server.GrpcLogAppender (GrpcLogAppender.java:onNextImpl(251)) - d3d6a064-0109-49a9-bedd-764775490651@group-BD3FC0D8A694->5771ca49-365b-443c-ae10-c8090057ed87-AppendLogResponseHandler: Request not found, ignoring reply: d3d6a064-0109-49a9-bedd-764775490651<-5771ca49-365b-443c-ae10-c8090057ed87#7084:OK,SUCCESS,nextIndex:7068,term:1,followerCommit:7065
2019-09-30 19:49:40,977 [grpc-default-executor-0] WARN  server.GrpcLogAppender (GrpcLogAppender.java:onNextImpl(251)) - d3d6a064-0109-49a9-bedd-764775490651@group-BD3FC0D8A694->77869dd7-92e4-435f-ad3e-d6dc3fd9c115-AppendLogResponseHandler: Request not found, ignoring reply: d3d6a064-0109-49a9-bedd-764775490651<-77869dd7-92e4-435f-ad3e-d6dc3fd9c115#7084:OK,SUCCESS,nextIndex:7068,term:1,followerCommit:7065
2019-09-30 19:49:40,977 [grpc-default-executor-4] WARN  server.GrpcLogAppender (GrpcLogAppender.java:onNextImpl(251)) - d3d6a064-0109-49a9-bedd-764775490651@group-BD3FC0D8A694->5771ca49-365b-443c-ae10-c8090057ed87-AppendLogResponseHandler: Request not found, ignoring reply: d3d6a064-0109-49a9-bedd-764775490651<-5771ca49-365b-443c-ae10-c8090057ed87#7085:OK,SUCCESS,nextIndex:7069,term:1,followerCommit:7065
2019-09-30 19:49:40,977 [grpc-default-executor-4] WARN  server.GrpcLogAppender (GrpcLogAppender.java:onNextImpl(251)) - d3d6a064-0109-49a9-bedd-764775490651@group-BD3FC0D8A694->5771ca49-365b-443c-ae10-c8090057ed87-AppendLogResponseHandler: Request not found, ignoring reply: d3d6a064-0109-49a9-bedd-764775490651<-5771ca49-365b-443c-ae10-c8090057ed87#7086:OK,SUCCESS,nextIndex:7070,term:1,followerCommit:7065
 0.00% |█                                                                                                    |  0/1 Time: 0:01:17 0.00% |█                                                                                                    |  0/1 Time: 0:01:182019-09-30 19:49:42,692 [grpc-default-executor-4] WARN  server.GrpcLogAppender (GrpcLogAppender.java:onNextImpl(251)) - d3d6a064-0109-49a9-bedd-764775490651@group-BD3FC0D8A694->77869dd7-92e4-435f-ad3e-d6dc3fd9c115-AppendLogResponseHandler: Request not found, ignoring reply: d3d6a064-0109-49a9-bedd-764775490651<-77869dd7-92e4-435f-ad3e-d6dc3fd9c115#7085:OK,SUCCESS,nextIndex:7069,term:1,followerCommit:7065
2019-09-30 19:49:42,693 [grpc-default-executor-4] WARN  server.GrpcLogAppender (GrpcLogAppender.java:onNextImpl(251)) - d3d6a064-0109-49a9-bedd-764775490651@group-BD3FC0D8A694->77869dd7-92e4-435f-ad3e-d6dc3fd9c115-AppendLogResponseHandler: Request not found, ignoring reply: d3d6a064-0109-49a9-bedd-764775490651<-77869dd7-92e4-435f-ad3e-d6dc3fd9c115#7086:OK,SUCCESS,nextIndex:7070,term:1,followerCommit:7065
 0.00% |█                                                                                                    |  0/1 Time: 0:01:19 0.00% |█                                                                                                    |  0/1 Time: 0:01:20 0.00% |█                                                                                                    |  0/1 Time: 0:01:21 0.00% |█                                                                                                    |  0/1 Time: 0:01:222019-09-30 19:49:47,145 [grpc-default-executor-0] INFO  segmented.SegmentedRaftLogWorker (SegmentedRaftLogWorker.java:rollLogSegment(385)) - d3d6a064-0109-49a9-bedd-764775490651@group-BD3FC0D8A694-SegmentedRaftLogWorker: Rolling segment log-0_7126 to index:7126
2019-09-30 19:49:47,147 [grpc-default-executor-4] INFO  segmented.SegmentedRaftLogWorker (SegmentedRaftLogWorker.java:rollLogSegment(385)) - 5771ca49-365b-443c-ae10-c8090057ed87@group-BD3FC0D8A694-SegmentedRaftLogWorker: Rolling segment log-0_7126 to index:7126
2019-09-30 19:49:47,147 [grpc-default-executor-5] INFO  segmented.SegmentedRaftLogWorker (SegmentedRaftLogWorker.java:rollLogSegment(385)) - 77869dd7-92e4-435f-ad3e-d6dc3fd9c115@group-BD3FC0D8A694-SegmentedRaftLogWorker: Rolling segment log-0_7126 to index:7126
2019-09-30 19:49:47,155 [d3d6a064-0109-49a9-bedd-764775490651@group-BD3FC0D8A694-SegmentedRaftLogWorker] INFO  segmented.SegmentedRaftLogWorker (SegmentedRaftLogWorker.java:execute(526)) - d3d6a064-0109-49a9-bedd-764775490651@group-BD3FC0D8A694-SegmentedRaftLogWorker: Rolled log segment from /workdir/hadoop-ozone/tools/target/test-dir/MiniOzoneClusterImpl-4a8d2d3a-6b07-4ada-92cb-e9f8e8c534b5/datanode-1/data/ratis/b2d9d023-6ab1-468a-a5ef-bd3fc0d8a694/current/log_inprogress_0 to /workdir/hadoop-ozone/tools/target/test-dir/MiniOzoneClusterImpl-4a8d2d3a-6b07-4ada-92cb-e9f8e8c534b5/datanode-1/data/ratis/b2d9d023-6ab1-468a-a5ef-bd3fc0d8a694/current/log_0-7126
2019-09-30 19:49:47,155 [77869dd7-92e4-435f-ad3e-d6dc3fd9c115@group-BD3FC0D8A694-SegmentedRaftLogWorker] INFO  segmented.SegmentedRaftLogWorker (SegmentedRaftLogWorker.java:execute(526)) - 77869dd7-92e4-435f-ad3e-d6dc3fd9c115@group-BD3FC0D8A694-SegmentedRaftLogWorker: Rolled log segment from /workdir/hadoop-ozone/tools/target/test-dir/MiniOzoneClusterImpl-4a8d2d3a-6b07-4ada-92cb-e9f8e8c534b5/datanode-3/data/ratis/b2d9d023-6ab1-468a-a5ef-bd3fc0d8a694/current/log_inprogress_0 to /workdir/hadoop-ozone/tools/target/test-dir/MiniOzoneClusterImpl-4a8d2d3a-6b07-4ada-92cb-e9f8e8c534b5/datanode-3/data/ratis/b2d9d023-6ab1-468a-a5ef-bd3fc0d8a694/current/log_0-7126
2019-09-30 19:49:47,155 [5771ca49-365b-443c-ae10-c8090057ed87@group-BD3FC0D8A694-SegmentedRaftLogWorker] INFO  segmented.SegmentedRaftLogWorker (SegmentedRaftLogWorker.java:execute(526)) - 5771ca49-365b-443c-ae10-c8090057ed87@group-BD3FC0D8A694-SegmentedRaftLogWorker: Rolled log segment from /workdir/hadoop-ozone/tools/target/test-dir/MiniOzoneClusterImpl-4a8d2d3a-6b07-4ada-92cb-e9f8e8c534b5/datanode-2/data/ratis/b2d9d023-6ab1-468a-a5ef-bd3fc0d8a694/current/log_inprogress_0 to /workdir/hadoop-ozone/tools/target/test-dir/MiniOzoneClusterImpl-4a8d2d3a-6b07-4ada-92cb-e9f8e8c534b5/datanode-2/data/ratis/b2d9d023-6ab1-468a-a5ef-bd3fc0d8a694/current/log_0-7126
2019-09-30 19:49:47,197 [d3d6a064-0109-49a9-bedd-764775490651@group-BD3FC0D8A694-SegmentedRaftLogWorker] INFO  segmented.SegmentedRaftLogWorker (SegmentedRaftLogWorker.java:execute(569)) - d3d6a064-0109-49a9-bedd-764775490651@group-BD3FC0D8A694-SegmentedRaftLogWorker: created new log segment /workdir/hadoop-ozone/tools/target/test-dir/MiniOzoneClusterImpl-4a8d2d3a-6b07-4ada-92cb-e9f8e8c534b5/datanode-1/data/ratis/b2d9d023-6ab1-468a-a5ef-bd3fc0d8a694/current/log_inprogress_7127
2019-09-30 19:49:47,219 [77869dd7-92e4-435f-ad3e-d6dc3fd9c115@group-BD3FC0D8A694-SegmentedRaftLogWorker] INFO  segmented.SegmentedRaftLogWorker (SegmentedRaftLogWorker.java:execute(569)) - 77869dd7-92e4-435f-ad3e-d6dc3fd9c115@group-BD3FC0D8A694-SegmentedRaftLogWorker: created new log segment /workdir/hadoop-ozone/tools/target/test-dir/MiniOzoneClusterImpl-4a8d2d3a-6b07-4ada-92cb-e9f8e8c534b5/datanode-3/data/ratis/b2d9d023-6ab1-468a-a5ef-bd3fc0d8a694/current/log_inprogress_7127
2019-09-30 19:49:47,220 [5771ca49-365b-443c-ae10-c8090057ed87@group-BD3FC0D8A694-SegmentedRaftLogWorker] INFO  segmented.SegmentedRaftLogWorker (SegmentedRaftLogWorker.java:execute(569)) - 5771ca49-365b-443c-ae10-c8090057ed87@group-BD3FC0D8A694-SegmentedRaftLogWorker: created new log segment /workdir/hadoop-ozone/tools/target/test-dir/MiniOzoneClusterImpl-4a8d2d3a-6b07-4ada-92cb-e9f8e8c534b5/datanode-2/data/ratis/b2d9d023-6ab1-468a-a5ef-bd3fc0d8a694/current/log_inprogress_7127
 0.00% |█                                                                                                    |  0/1 Time: 0:01:23 0.00% |█                                                                                                    |  0/1 Time: 0:01:24 0.00% |█                                                                                                    |  0/1 Time: 0:01:25 0.00% |█                                                                                                    |  0/1 Time: 0:01:26 0.00% |█                                                                                                    |  0/1 Time: 0:01:27 0.00% |█                                                                                                    |  0/1 Time: 0:01:28 0.00% |█                                                                                                    |  0/1 Time: 0:01:29 0.00% |█                                                                                                    |  0/1 Time: 0:01:30 0.00% |█                                                                                                    |  0/1 Time: 0:01:312019-09-30 19:49:56,290 [java.util.concurrent.ThreadPoolExecutor$Worker@4ff28824[State = -1, empty queue]] WARN  server.GrpcLogAppender (GrpcLogAppender.java:timeoutAppendRequest(200)) - d3d6a064-0109-49a9-bedd-764775490651@group-BD3FC0D8A694->77869dd7-92e4-435f-ad3e-d6dc3fd9c115-GrpcLogAppender: appendEntries Timeout, request=d3d6a064-0109-49a9-bedd-764775490651->77869dd7-92e4-435f-ad3e-d6dc3fd9c115#7525-t1, previous=(t:1, i:7504), leaderCommit=7504, initializing? false, entries: size=1, first=(t:1, i:7505), STATEMACHINELOGENTRY, client-716E728B1CD8, cid=4918
2019-09-30 19:49:56,291 [java.util.concurrent.ThreadPoolExecutor$Worker@4d7584b0[State = -1, empty queue]] WARN  server.GrpcLogAppender (GrpcLogAppender.java:timeoutAppendRequest(200)) - d3d6a064-0109-49a9-bedd-764775490651@group-BD3FC0D8A694->5771ca49-365b-443c-ae10-c8090057ed87-GrpcLogAppender: appendEntries Timeout, request=d3d6a064-0109-49a9-bedd-764775490651->5771ca49-365b-443c-ae10-c8090057ed87#7525-t1, previous=(t:1, i:7504), leaderCommit=7504, initializing? false, entries: size=1, first=(t:1, i:7505), STATEMACHINELOGENTRY, client-716E728B1CD8, cid=4918
2019-09-30 19:49:56,291 [java.util.concurrent.ThreadPoolExecutor$Worker@4ff28824[State = -1, empty queue]] WARN  server.GrpcLogAppender (GrpcLogAppender.java:timeoutAppendRequest(200)) - d3d6a064-0109-49a9-bedd-764775490651@group-BD3FC0D8A694->77869dd7-92e4-435f-ad3e-d6dc3fd9c115-GrpcLogAppender: appendEntries Timeout, request=d3d6a064-0109-49a9-bedd-764775490651->77869dd7-92e4-435f-ad3e-d6dc3fd9c115#7526-t1, previous=(t:1, i:7505), leaderCommit=7504, initializing? false, entries: size=1, first=(t:1, i:7506), STATEMACHINELOGENTRY, client-716E728B1CD8, cid=4919
2019-09-30 19:49:56,291 [java.util.concurrent.ThreadPoolExecutor$Worker@4d7584b0[State = -1, empty queue]] WARN  server.GrpcLogAppender (GrpcLogAppender.java:timeoutAppendRequest(200)) - d3d6a064-0109-49a9-bedd-764775490651@group-BD3FC0D8A694->5771ca49-365b-443c-ae10-c8090057ed87-GrpcLogAppender: appendEntries Timeout, request=d3d6a064-0109-49a9-bedd-764775490651->5771ca49-365b-443c-ae10-c8090057ed87#7526-t1, previous=(t:1, i:7505), leaderCommit=7504, initializing? false, entries: size=1, first=(t:1, i:7506), STATEMACHINELOGENTRY, client-716E728B1CD8, cid=4919
2019-09-30 19:49:56,295 [java.util.concurrent.ThreadPoolExecutor$Worker@4ff28824[State = -1, empty queue]] WARN  server.GrpcLogAppender (GrpcLogAppender.java:timeoutAppendRequest(200)) - d3d6a064-0109-49a9-bedd-764775490651@group-BD3FC0D8A694->77869dd7-92e4-435f-ad3e-d6dc3fd9c115-GrpcLogAppender: appendEntries Timeout, request=d3d6a064-0109-49a9-bedd-764775490651->77869dd7-92e4-435f-ad3e-d6dc3fd9c115#7527-t1, previous=(t:1, i:7506), leaderCommit=7504, initializing? false, entries: size=1, first=(t:1, i:7507), STATEMACHINELOGENTRY, client-716E728B1CD8, cid=4920
2019-09-30 19:49:56,297 [java.util.concurrent.ThreadPoolExecutor$Worker@4d7584b0[State = -1, empty queue]] WARN  server.GrpcLogAppender (GrpcLogAppender.java:timeoutAppendRequest(200)) - d3d6a064-0109-49a9-bedd-764775490651@group-BD3FC0D8A694->5771ca49-365b-443c-ae10-c8090057ed87-GrpcLogAppender: appendEntries Timeout, request=d3d6a064-0109-49a9-bedd-764775490651->5771ca49-365b-443c-ae10-c8090057ed87#7527-t1, previous=(t:1, i:7506), leaderCommit=7504, initializing? false, entries: size=1, first=(t:1, i:7507), STATEMACHINELOGENTRY, client-716E728B1CD8, cid=4920
2019-09-30 19:49:56,297 [java.util.concurrent.ThreadPoolExecutor$Worker@4ff28824[State = -1, empty queue]] WARN  server.GrpcLogAppender (GrpcLogAppender.java:timeoutAppendRequest(200)) - d3d6a064-0109-49a9-bedd-764775490651@group-BD3FC0D8A694->77869dd7-92e4-435f-ad3e-d6dc3fd9c115-GrpcLogAppender: appendEntries Timeout, request=d3d6a064-0109-49a9-bedd-764775490651->77869dd7-92e4-435f-ad3e-d6dc3fd9c115#7528-t1, previous=(t:1, i:7507), leaderCommit=7504, initializing? false, entries: size=1, first=(t:1, i:7508), STATEMACHINELOGENTRY, client-716E728B1CD8, cid=4921
2019-09-30 19:49:56,299 [java.util.concurrent.ThreadPoolExecutor$Worker@4d7584b0[State = -1, empty queue]] WARN  server.GrpcLogAppender (GrpcLogAppender.java:timeoutAppendRequest(200)) - d3d6a064-0109-49a9-bedd-764775490651@group-BD3FC0D8A694->5771ca49-365b-443c-ae10-c8090057ed87-GrpcLogAppender: appendEntries Timeout, request=d3d6a064-0109-49a9-bedd-764775490651->5771ca49-365b-443c-ae10-c8090057ed87#7528-t1, previous=(t:1, i:7507), leaderCommit=7504, initializing? false, entries: size=1, first=(t:1, i:7508), STATEMACHINELOGENTRY, client-716E728B1CD8, cid=4921
 0.00% |█                                                                                                    |  0/1 Time: 0:01:32 0.00% |█                                                                                                    |  0/1 Time: 0:01:332019-09-30 19:49:58,488 [grpc-default-executor-4] WARN  server.GrpcLogAppender (GrpcLogAppender.java:onNextImpl(251)) - d3d6a064-0109-49a9-bedd-764775490651@group-BD3FC0D8A694->77869dd7-92e4-435f-ad3e-d6dc3fd9c115-AppendLogResponseHandler: Request not found, ignoring reply: d3d6a064-0109-49a9-bedd-764775490651<-77869dd7-92e4-435f-ad3e-d6dc3fd9c115#7525:OK,SUCCESS,nextIndex:7506,term:1,followerCommit:7504
2019-09-30 19:49:58,490 [grpc-default-executor-0] WARN  server.GrpcLogAppender (GrpcLogAppender.java:onNextImpl(251)) - d3d6a064-0109-49a9-bedd-764775490651@group-BD3FC0D8A694->5771ca49-365b-443c-ae10-c8090057ed87-AppendLogResponseHandler: Request not found, ignoring reply: d3d6a064-0109-49a9-bedd-764775490651<-5771ca49-365b-443c-ae10-c8090057ed87#7525:OK,SUCCESS,nextIndex:7506,term:1,followerCommit:7504
2019-09-30 19:49:58,491 [grpc-default-executor-4] WARN  server.GrpcLogAppender (GrpcLogAppender.java:onNextImpl(251)) - d3d6a064-0109-49a9-bedd-764775490651@group-BD3FC0D8A694->77869dd7-92e4-435f-ad3e-d6dc3fd9c115-AppendLogResponseHandler: Request not found, ignoring reply: d3d6a064-0109-49a9-bedd-764775490651<-77869dd7-92e4-435f-ad3e-d6dc3fd9c115#7526:OK,SUCCESS,nextIndex:7507,term:1,followerCommit:7504
2019-09-30 19:49:58,492 [grpc-default-executor-0] WARN  server.GrpcLogAppender (GrpcLogAppender.java:onNextImpl(251)) - d3d6a064-0109-49a9-bedd-764775490651@group-BD3FC0D8A694->5771ca49-365b-443c-ae10-c8090057ed87-AppendLogResponseHandler: Request not found, ignoring reply: d3d6a064-0109-49a9-bedd-764775490651<-5771ca49-365b-443c-ae10-c8090057ed87#7526:OK,SUCCESS,nextIndex:7507,term:1,followerCommit:7504
2019-09-30 19:49:58,492 [grpc-default-executor-0] WARN  server.GrpcLogAppender (GrpcLogAppender.java:onNextImpl(251)) - d3d6a064-0109-49a9-bedd-764775490651@group-BD3FC0D8A694->5771ca49-365b-443c-ae10-c8090057ed87-AppendLogResponseHandler: Request not found, ignoring reply: d3d6a064-0109-49a9-bedd-764775490651<-5771ca49-365b-443c-ae10-c8090057ed87#7527:OK,SUCCESS,nextIndex:7508,term:1,followerCommit:7504
2019-09-30 19:49:58,492 [grpc-default-executor-0] WARN  server.GrpcLogAppender (GrpcLogAppender.java:onNextImpl(251)) - d3d6a064-0109-49a9-bedd-764775490651@group-BD3FC0D8A694->5771ca49-365b-443c-ae10-c8090057ed87-AppendLogResponseHandler: Request not found, ignoring reply: d3d6a064-0109-49a9-bedd-764775490651<-5771ca49-365b-443c-ae10-c8090057ed87#7528:OK,SUCCESS,nextIndex:7509,term:1,followerCommit:7504
 0.00% |█                                                                                                    |  0/1 Time: 0:01:342019-09-30 19:49:58,795 [java.util.concurrent.ThreadPoolExecutor$Worker@4ff28824[State = -1, empty queue]] WARN  server.GrpcLogAppender (GrpcLogAppender.java:timeoutAppendRequest(200)) - d3d6a064-0109-49a9-bedd-764775490651@group-BD3FC0D8A694->77869dd7-92e4-435f-ad3e-d6dc3fd9c115-GrpcLogAppender: appendEntries Timeout, request=d3d6a064-0109-49a9-bedd-764775490651->77869dd7-92e4-435f-ad3e-d6dc3fd9c115#7529-t1, previous=(t:1, i:7508), leaderCommit=7504, initializing? false, entries: <empty>
2019-09-30 19:49:58,962 [grpc-default-executor-4] WARN  server.GrpcLogAppender (GrpcLogAppender.java:onNextImpl(251)) - d3d6a064-0109-49a9-bedd-764775490651@group-BD3FC0D8A694->77869dd7-92e4-435f-ad3e-d6dc3fd9c115-AppendLogResponseHandler: Request not found, ignoring reply: d3d6a064-0109-49a9-bedd-764775490651<-77869dd7-92e4-435f-ad3e-d6dc3fd9c115#7527:OK,SUCCESS,nextIndex:7508,term:1,followerCommit:7504
2019-09-30 19:49:58,964 [grpc-default-executor-7] WARN  server.GrpcLogAppender (GrpcLogAppender.java:onNextImpl(251)) - d3d6a064-0109-49a9-bedd-764775490651@group-BD3FC0D8A694->77869dd7-92e4-435f-ad3e-d6dc3fd9c115-AppendLogResponseHandler: Request not found, ignoring reply: d3d6a064-0109-49a9-bedd-764775490651<-77869dd7-92e4-435f-ad3e-d6dc3fd9c115#7528:OK,SUCCESS,nextIndex:7509,term:1,followerCommit:7504
2019-09-30 19:49:58,966 [grpc-default-executor-7] WARN  server.GrpcLogAppender (GrpcLogAppender.java:onNextImpl(251)) - d3d6a064-0109-49a9-bedd-764775490651@group-BD3FC0D8A694->77869dd7-92e4-435f-ad3e-d6dc3fd9c115-AppendLogResponseHandler: Request not found, ignoring reply: d3d6a064-0109-49a9-bedd-764775490651<-77869dd7-92e4-435f-ad3e-d6dc3fd9c115#7529:OK,SUCCESS,nextIndex:7509,term:1,followerCommit:7504
 0.00% |█                                                                                                    |  0/1 Time: 0:01:35 0.00% |█                                                                                                    |  0/1 Time: 0:01:362019-09-30 19:50:01,493 [java.util.concurrent.ThreadPoolExecutor$Worker@4ff28824[State = -1, empty queue]] WARN  server.GrpcLogAppender (GrpcLogAppender.java:timeoutAppendRequest(200)) - d3d6a064-0109-49a9-bedd-764775490651@group-BD3FC0D8A694->77869dd7-92e4-435f-ad3e-d6dc3fd9c115-GrpcLogAppender: appendEntries Timeout, request=d3d6a064-0109-49a9-bedd-764775490651->77869dd7-92e4-435f-ad3e-d6dc3fd9c115#7531-t1, previous=(t:1, i:7508), leaderCommit=7506, initializing? false, entries: size=1, first=(t:1, i:7509), METADATAENTRY(c7506)
 0.00% |█                                                                                                    |  0/1 Time: 0:01:372019-09-30 19:50:01,962 [java.util.concurrent.ThreadPoolExecutor$Worker@4d7584b0[State = -1, empty queue]] WARN  server.GrpcLogAppender (GrpcLogAppender.java:timeoutAppendRequest(200)) - d3d6a064-0109-49a9-bedd-764775490651@group-BD3FC0D8A694->5771ca49-365b-443c-ae10-c8090057ed87-GrpcLogAppender: appendEntries Timeout, request=d3d6a064-0109-49a9-bedd-764775490651->5771ca49-365b-443c-ae10-c8090057ed87#7532-t1, previous=(t:1, i:7509), leaderCommit=7508, initializing? false, entries: size=1, first=(t:1, i:7510), METADATAENTRY(c7508)
2019-09-30 19:50:01,962 [java.util.concurrent.ThreadPoolExecutor$Worker@4ff28824[State = -1, empty queue]] WARN  server.GrpcLogAppender (GrpcLogAppender.java:timeoutAppendRequest(200)) - d3d6a064-0109-49a9-bedd-764775490651@group-BD3FC0D8A694->77869dd7-92e4-435f-ad3e-d6dc3fd9c115-GrpcLogAppender: appendEntries Timeout, request=d3d6a064-0109-49a9-bedd-764775490651->77869dd7-92e4-435f-ad3e-d6dc3fd9c115#7532-t1, previous=(t:1, i:7509), leaderCommit=7508, initializing? false, entries: size=1, first=(t:1, i:7510), METADATAENTRY(c7508)
 0.00% |█                                                                                                    |  0/1 Time: 0:01:38 0.00% |█                                                                                                    |  0/1 Time: 0:01:392019-09-30 19:50:03,968 [pool-277-thread-1] WARN  scm.XceiverClientRatis (XceiverClientRatis.java:watchForCommit(292)) - 3 way commit failed on pipeline Pipeline[ Id: b2d9d023-6ab1-468a-a5ef-bd3fc0d8a694, Nodes: d3d6a064-0109-49a9-bedd-764775490651{ip: 192.168.151.118, host: pr-hdds-1720-trunk-4nqxd-2896763123, networkLocation: /default-rack, certSerialId: null}77869dd7-92e4-435f-ad3e-d6dc3fd9c115{ip: 192.168.151.118, host: pr-hdds-1720-trunk-4nqxd-2896763123, networkLocation: /default-rack, certSerialId: null}5771ca49-365b-443c-ae10-c8090057ed87{ip: 192.168.151.118, host: pr-hdds-1720-trunk-4nqxd-2896763123, networkLocation: /default-rack, certSerialId: null}, Type:RATIS, Factor:THREE, State:OPEN]
java.util.concurrent.TimeoutException
	at java.util.concurrent.CompletableFuture.timedGet(CompletableFuture.java:1771)
	at java.util.concurrent.CompletableFuture.get(CompletableFuture.java:1915)
	at org.apache.hadoop.hdds.scm.XceiverClientRatis.watchForCommit(XceiverClientRatis.java:289)
	at org.apache.hadoop.hdds.scm.storage.CommitWatcher.watchForCommit(CommitWatcher.java:194)
	at org.apache.hadoop.hdds.scm.storage.CommitWatcher.watchOnFirstIndex(CommitWatcher.java:135)
	at org.apache.hadoop.hdds.scm.storage.BlockOutputStream.watchForCommit(BlockOutputStream.java:347)
	at org.apache.hadoop.hdds.scm.storage.BlockOutputStream.handleFullBuffer(BlockOutputStream.java:324)
	at org.apache.hadoop.hdds.scm.storage.BlockOutputStream.write(BlockOutputStream.java:251)
	at org.apache.hadoop.ozone.client.io.BlockOutputStreamEntry.write(BlockOutputStreamEntry.java:129)
	at org.apache.hadoop.ozone.client.io.KeyOutputStream.handleWrite(KeyOutputStream.java:208)
	at org.apache.hadoop.ozone.client.io.KeyOutputStream.write(KeyOutputStream.java:190)
	at org.apache.hadoop.ozone.client.io.OzoneOutputStream.write(OzoneOutputStream.java:49)
	at org.apache.hadoop.ozone.freon.RandomKeyGenerator.createKey(RandomKeyGenerator.java:708)
	at org.apache.hadoop.ozone.freon.RandomKeyGenerator.access$1100(RandomKeyGenerator.java:88)
	at org.apache.hadoop.ozone.freon.RandomKeyGenerator$ObjectCreator.run(RandomKeyGenerator.java:615)
	at java.util.concurrent.Executors$RunnableAdapter.call(Executors.java:511)
	at java.util.concurrent.FutureTask.run(FutureTask.java:266)
	at java.util.concurrent.ThreadPoolExecutor.runWorker(ThreadPoolExecutor.java:1149)
	at java.util.concurrent.ThreadPoolExecutor$Worker.run(ThreadPoolExecutor.java:624)
	at java.lang.Thread.run(Thread.java:748)
2019-09-30 19:50:03,977 [pool-277-thread-1] INFO  scm.XceiverClientRatis (XceiverClientRatis.java:lambda$watchForCommit$7(310)) - Could not commit index 7506 on pipeline Pipeline[ Id: b2d9d023-6ab1-468a-a5ef-bd3fc0d8a694, Nodes: d3d6a064-0109-49a9-bedd-764775490651{ip: 192.168.151.118, host: pr-hdds-1720-trunk-4nqxd-2896763123, networkLocation: /default-rack, certSerialId: null}77869dd7-92e4-435f-ad3e-d6dc3fd9c115{ip: 192.168.151.118, host: pr-hdds-1720-trunk-4nqxd-2896763123, networkLocation: /default-rack, certSerialId: null}5771ca49-365b-443c-ae10-c8090057ed87{ip: 192.168.151.118, host: pr-hdds-1720-trunk-4nqxd-2896763123, networkLocation: /default-rack, certSerialId: null}, Type:RATIS, Factor:THREE, State:OPEN] to all the nodes. Server 77869dd7-92e4-435f-ad3e-d6dc3fd9c115 has failed. Committed by majority.
2019-09-30 19:50:03,978 [pool-277-thread-1] WARN  storage.BlockOutputStream (BlockOutputStream.java:watchForCommit(353)) - Failed to commit BlockId conID: 1 locID: 102883196476130115 bcsId: 7508 on Pipeline[ Id: b2d9d023-6ab1-468a-a5ef-bd3fc0d8a694, Nodes: d3d6a064-0109-49a9-bedd-764775490651{ip: 192.168.151.118, host: pr-hdds-1720-trunk-4nqxd-2896763123, networkLocation: /default-rack, certSerialId: null}77869dd7-92e4-435f-ad3e-d6dc3fd9c115{ip: 192.168.151.118, host: pr-hdds-1720-trunk-4nqxd-2896763123, networkLocation: /default-rack, certSerialId: null}5771ca49-365b-443c-ae10-c8090057ed87{ip: 192.168.151.118, host: pr-hdds-1720-trunk-4nqxd-2896763123, networkLocation: /default-rack, certSerialId: null}, Type:RATIS, Factor:THREE, State:OPEN]. Failed nodes: [77869dd7-92e4-435f-ad3e-d6dc3fd9c115{ip: null, host: null, networkLocation: /default-rack, certSerialId: null}]
2019-09-30 19:50:04,139 [grpc-default-executor-0] WARN  server.GrpcLogAppender (GrpcLogAppender.java:onNextImpl(251)) - d3d6a064-0109-49a9-bedd-764775490651@group-BD3FC0D8A694->5771ca49-365b-443c-ae10-c8090057ed87-AppendLogResponseHandler: Request not found, ignoring reply: d3d6a064-0109-49a9-bedd-764775490651<-5771ca49-365b-443c-ae10-c8090057ed87#7532:OK,SUCCESS,nextIndex:7511,term:1,followerCommit:7508
2019-09-30 19:50:04,143 [grpc-default-executor-7] WARN  server.GrpcLogAppender (GrpcLogAppender.java:onNextImpl(251)) - d3d6a064-0109-49a9-bedd-764775490651@group-BD3FC0D8A694->77869dd7-92e4-435f-ad3e-d6dc3fd9c115-AppendLogResponseHandler: Request not found, ignoring reply: d3d6a064-0109-49a9-bedd-764775490651<-77869dd7-92e4-435f-ad3e-d6dc3fd9c115#7531:OK,SUCCESS,nextIndex:7510,term:1,followerCommit:7508
2019-09-30 19:50:04,467 [java.util.concurrent.ThreadPoolExecutor$Worker@4ff28824[State = -1, empty queue]] WARN  server.GrpcLogAppender (GrpcLogAppender.java:timeoutAppendRequest(200)) - d3d6a064-0109-49a9-bedd-764775490651@group-BD3FC0D8A694->77869dd7-92e4-435f-ad3e-d6dc3fd9c115-GrpcLogAppender: appendEntries Timeout, request=d3d6a064-0109-49a9-bedd-764775490651->77869dd7-92e4-435f-ad3e-d6dc3fd9c115#7533-t1, previous=(t:1, i:7510), leaderCommit=7508, initializing? false, entries: <empty>
 0.00% |█                                                                                                    |  0/1 Time: 0:01:40 0.00% |█                                                                                                    |  0/1 Time: 0:01:41 0.00% |█                                                                                                    |  0/1 Time: 0:01:422019-09-30 19:50:06,967 [java.util.concurrent.ThreadPoolExecutor$Worker@4ff28824[State = -1, empty queue]] WARN  server.GrpcLogAppender (GrpcLogAppender.java:timeoutAppendRequest(200)) - d3d6a064-0109-49a9-bedd-764775490651@group-BD3FC0D8A694->77869dd7-92e4-435f-ad3e-d6dc3fd9c115-GrpcLogAppender: appendEntries Timeout, request=d3d6a064-0109-49a9-bedd-764775490651->77869dd7-92e4-435f-ad3e-d6dc3fd9c115#7534-t1, previous=(t:1, i:7510), leaderCommit=7508, initializing? false, entries: <empty>
2019-09-30 19:50:06,989 [java.util.concurrent.ThreadPoolExecutor$Worker@4ff28824[State = -1, empty queue]] WARN  server.GrpcLogAppender (GrpcLogAppender.java:timeoutAppendRequest(200)) - d3d6a064-0109-49a9-bedd-764775490651@group-BD3FC0D8A694->77869dd7-92e4-435f-ad3e-d6dc3fd9c115-GrpcLogAppender: appendEntries Timeout, request=d3d6a064-0109-49a9-bedd-764775490651->77869dd7-92e4-435f-ad3e-d6dc3fd9c115#7535-t1, previous=(t:1, i:7510), leaderCommit=7508, initializing? false, entries: size=1, first=(t:1, i:7511), STATEMACHINELOGENTRY, client-716E728B1CD8, cid=4924
2019-09-30 19:50:06,990 [java.util.concurrent.ThreadPoolExecutor$Worker@4ff28824[State = -1, empty queue]] WARN  server.GrpcLogAppender (GrpcLogAppender.java:timeoutAppendRequest(200)) - d3d6a064-0109-49a9-bedd-764775490651@group-BD3FC0D8A694->77869dd7-92e4-435f-ad3e-d6dc3fd9c115-GrpcLogAppender: appendEntries Timeout, request=d3d6a064-0109-49a9-bedd-764775490651->77869dd7-92e4-435f-ad3e-d6dc3fd9c115#7536-t1, previous=(t:1, i:7511), leaderCommit=7508, initializing? false, entries: size=1, first=(t:1, i:7512), STATEMACHINELOGENTRY, client-716E728B1CD8, cid=4925
2019-09-30 19:50:06,990 [java.util.concurrent.ThreadPoolExecutor$Worker@4d7584b0[State = -1, empty queue]] WARN  server.GrpcLogAppender (GrpcLogAppender.java:timeoutAppendRequest(200)) - d3d6a064-0109-49a9-bedd-764775490651@group-BD3FC0D8A694->5771ca49-365b-443c-ae10-c8090057ed87-GrpcLogAppender: appendEntries Timeout, request=d3d6a064-0109-49a9-bedd-764775490651->5771ca49-365b-443c-ae10-c8090057ed87#7535-t1, previous=(t:1, i:7510), leaderCommit=7508, initializing? false, entries: size=1, first=(t:1, i:7511), STATEMACHINELOGENTRY, client-716E728B1CD8, cid=4924
2019-09-30 19:50:06,992 [java.util.concurrent.ThreadPoolExecutor$Worker@4d7584b0[State = -1, empty queue]] WARN  server.GrpcLogAppender (GrpcLogAppender.java:timeoutAppendRequest(200)) - d3d6a064-0109-49a9-bedd-764775490651@group-BD3FC0D8A694->5771ca49-365b-443c-ae10-c8090057ed87-GrpcLogAppender: appendEntries Timeout, request=d3d6a064-0109-49a9-bedd-764775490651->5771ca49-365b-443c-ae10-c8090057ed87#7536-t1, previous=(t:1, i:7511), leaderCommit=7508, initializing? false, entries: size=1, first=(t:1, i:7512), STATEMACHINELOGENTRY, client-716E728B1CD8, cid=4925
 0.00% |█                                                                                                    |  0/1 Time: 0:01:432019-09-30 19:50:08,120 [grpc-default-executor-7] WARN  server.GrpcLogAppender (GrpcLogAppender.java:onNextImpl(251)) - d3d6a064-0109-49a9-bedd-764775490651@group-BD3FC0D8A694->77869dd7-92e4-435f-ad3e-d6dc3fd9c115-AppendLogResponseHandler: Request not found, ignoring reply: d3d6a064-0109-49a9-bedd-764775490651<-77869dd7-92e4-435f-ad3e-d6dc3fd9c115#7532:OK,SUCCESS,nextIndex:7511,term:1,followerCommit:7509
2019-09-30 19:50:08,123 [grpc-default-executor-0] WARN  server.GrpcLogAppender (GrpcLogAppender.java:onNextImpl(251)) - d3d6a064-0109-49a9-bedd-764775490651@group-BD3FC0D8A694->5771ca49-365b-443c-ae10-c8090057ed87-AppendLogResponseHandler: Request not found, ignoring reply: d3d6a064-0109-49a9-bedd-764775490651<-5771ca49-365b-443c-ae10-c8090057ed87#7535:OK,SUCCESS,nextIndex:7512,term:1,followerCommit:7509
2019-09-30 19:50:08,125 [grpc-default-executor-7] WARN  server.GrpcLogAppender (GrpcLogAppender.java:onNextImpl(251)) - d3d6a064-0109-49a9-bedd-764775490651@group-BD3FC0D8A694->77869dd7-92e4-435f-ad3e-d6dc3fd9c115-AppendLogResponseHandler: Request not found, ignoring reply: d3d6a064-0109-49a9-bedd-764775490651<-77869dd7-92e4-435f-ad3e-d6dc3fd9c115#7533:OK,SUCCESS,nextIndex:7511,term:1,followerCommit:7508
2019-09-30 19:50:08,125 [grpc-default-executor-0] WARN  server.GrpcLogAppender (GrpcLogAppender.java:onNextImpl(251)) - d3d6a064-0109-49a9-bedd-764775490651@group-BD3FC0D8A694->5771ca49-365b-443c-ae10-c8090057ed87-AppendLogResponseHandler: Request not found, ignoring reply: d3d6a064-0109-49a9-bedd-764775490651<-5771ca49-365b-443c-ae10-c8090057ed87#7536:OK,SUCCESS,nextIndex:7513,term:1,followerCommit:7509
2019-09-30 19:50:08,125 [grpc-default-executor-7] WARN  server.GrpcLogAppender (GrpcLogAppender.java:onNextImpl(251)) - d3d6a064-0109-49a9-bedd-764775490651@group-BD3FC0D8A694->77869dd7-92e4-435f-ad3e-d6dc3fd9c115-AppendLogResponseHandler: Request not found, ignoring reply: d3d6a064-0109-49a9-bedd-764775490651<-77869dd7-92e4-435f-ad3e-d6dc3fd9c115#7534:OK,SUCCESS,nextIndex:7511,term:1,followerCommit:7508
2019-09-30 19:50:08,125 [grpc-default-executor-7] WARN  server.GrpcLogAppender (GrpcLogAppender.java:onNextImpl(251)) - d3d6a064-0109-49a9-bedd-764775490651@group-BD3FC0D8A694->77869dd7-92e4-435f-ad3e-d6dc3fd9c115-AppendLogResponseHandler: Request not found, ignoring reply: d3d6a064-0109-49a9-bedd-764775490651<-77869dd7-92e4-435f-ad3e-d6dc3fd9c115#7535:OK,SUCCESS,nextIndex:7512,term:1,followerCommit:7509
2019-09-30 19:50:08,125 [grpc-default-executor-7] WARN  server.GrpcLogAppender (GrpcLogAppender.java:onNextImpl(251)) - d3d6a064-0109-49a9-bedd-764775490651@group-BD3FC0D8A694->77869dd7-92e4-435f-ad3e-d6dc3fd9c115-AppendLogResponseHandler: Request not found, ignoring reply: d3d6a064-0109-49a9-bedd-764775490651<-77869dd7-92e4-435f-ad3e-d6dc3fd9c115#7536:OK,SUCCESS,nextIndex:7513,term:1,followerCommit:7509
 0.00% |█                                                                                                    |  0/1 Time: 0:01:442019-09-30 19:50:09,024 [Thread-21390] INFO  client.GrpcClientProtocolService (GrpcClientProtocolService.java:lambda$processClientRequest$0(278)) - Failed RaftClientRequest:client-716E728B1CD8->77869dd7-92e4-435f-ad3e-d6dc3fd9c115@group-BD3FC0D8A694, cid=4922, seq=0, Watch-ALL_COMMITTED(7506), Message:<EMPTY>, reply=RaftClientReply:client-716E728B1CD8->77869dd7-92e4-435f-ad3e-d6dc3fd9c115@group-BD3FC0D8A694, cid=4922, FAILED org.apache.ratis.protocol.NotLeaderException: Server 77869dd7-92e4-435f-ad3e-d6dc3fd9c115@group-BD3FC0D8A694 is not the leader d3d6a064-0109-49a9-bedd-764775490651:192.168.151.118:34251, logIndex=0, commits[77869dd7-92e4-435f-ad3e-d6dc3fd9c115:c7512, 5771ca49-365b-443c-ae10-c8090057ed87:c7509, d3d6a064-0109-49a9-bedd-764775490651:c7512]
2019-09-30 19:50:09,111 [IPC Server handler 18 on 43370] WARN  block.BlockManagerImpl (BlockManagerImpl.java:allocateBlock(192)) - Pipeline creation failed for type:RATIS factor:THREE. Retrying get pipelines call once.
org.apache.hadoop.hdds.scm.pipeline.InsufficientDatanodesException: Cannot create pipeline of factor 3 using 2 nodes.
	at org.apache.hadoop.hdds.scm.pipeline.RatisPipelineProvider.create(RatisPipelineProvider.java:153)
	at org.apache.hadoop.hdds.scm.pipeline.PipelineFactory.create(PipelineFactory.java:58)
	at org.apache.hadoop.hdds.scm.pipeline.SCMPipelineManager.createPipeline(SCMPipelineManager.java:155)
	at org.apache.hadoop.hdds.scm.block.BlockManagerImpl.allocateBlock(BlockManagerImpl.java:190)
	at org.apache.hadoop.hdds.scm.server.SCMBlockProtocolServer.allocateBlock(SCMBlockProtocolServer.java:182)
	at org.apache.hadoop.hdds.scm.protocol.ScmBlockLocationProtocolServerSideTranslatorPB.allocateScmBlock(ScmBlockLocationProtocolServerSideTranslatorPB.java:159)
	at org.apache.hadoop.hdds.scm.protocol.ScmBlockLocationProtocolServerSideTranslatorPB.processMessage(ScmBlockLocationProtocolServerSideTranslatorPB.java:117)
	at org.apache.hadoop.hdds.server.OzoneProtocolMessageDispatcher.processRequest(OzoneProtocolMessageDispatcher.java:72)
	at org.apache.hadoop.hdds.scm.protocol.ScmBlockLocationProtocolServerSideTranslatorPB.send(ScmBlockLocationProtocolServerSideTranslatorPB.java:98)
	at org.apache.hadoop.hdds.protocol.proto.ScmBlockLocationProtocolProtos$ScmBlockLocationProtocolService$2.callBlockingMethod(ScmBlockLocationProtocolProtos.java:13157)
	at org.apache.hadoop.ipc.ProtobufRpcEngine$Server$ProtoBufRpcInvoker.call(ProtobufRpcEngine.java:524)
	at org.apache.hadoop.ipc.RPC$Server.call(RPC.java:1025)
	at org.apache.hadoop.ipc.Server$RpcCall.run(Server.java:876)
	at org.apache.hadoop.ipc.Server$RpcCall.run(Server.java:822)
	at java.security.AccessController.doPrivileged(Native Method)
	at javax.security.auth.Subject.doAs(Subject.java:422)
	at org.apache.hadoop.security.UserGroupInformation.doAs(UserGroupInformation.java:1730)
	at org.apache.hadoop.ipc.Server$Handler.run(Server.java:2682)
2019-09-30 19:50:09,112 [IPC Server handler 18 on 43370] INFO  block.BlockManagerImpl (BlockManagerImpl.java:allocateBlock(198)) - Could not find available pipeline of type:RATIS and factor:THREE even after retrying
2019-09-30 19:50:09,112 [IPC Server handler 18 on 43370] ERROR block.BlockManagerImpl (BlockManagerImpl.java:allocateBlock(222)) - Unable to allocate a block for the size: 4194304, type: RATIS, factor: THREE
2019-09-30 19:50:09,116 [pool-277-thread-1] ERROR io.BlockOutputStreamEntryPool (BlockOutputStreamEntryPool.java:allocateBlockIfNeeded(299)) - Try to allocate more blocks for write failed, already allocated 0 blocks for this write.
INTERNAL_ERROR org.apache.hadoop.ozone.om.exceptions.OMException: Allocated 0 blocks. Requested 1 blocks
	at org.apache.hadoop.ozone.om.protocolPB.OzoneManagerProtocolClientSideTranslatorPB.handleError(OzoneManagerProtocolClientSideTranslatorPB.java:732)
	at org.apache.hadoop.ozone.om.protocolPB.OzoneManagerProtocolClientSideTranslatorPB.allocateBlock(OzoneManagerProtocolClientSideTranslatorPB.java:764)
	at sun.reflect.GeneratedMethodAccessor556.invoke(Unknown Source)
	at sun.reflect.DelegatingMethodAccessorImpl.invoke(DelegatingMethodAccessorImpl.java:43)
	at java.lang.reflect.Method.invoke(Method.java:498)
	at org.apache.hadoop.hdds.tracing.TraceAllMethod.invoke(TraceAllMethod.java:66)
	at com.sun.proxy.$Proxy37.allocateBlock(Unknown Source)
	at org.apache.hadoop.ozone.client.io.BlockOutputStreamEntryPool.allocateNewBlock(BlockOutputStreamEntryPool.java:248)
	at org.apache.hadoop.ozone.client.io.BlockOutputStreamEntryPool.allocateBlockIfNeeded(BlockOutputStreamEntryPool.java:296)
	at org.apache.hadoop.ozone.client.io.KeyOutputStream.handleWrite(KeyOutputStream.java:198)
	at org.apache.hadoop.ozone.client.io.KeyOutputStream.write(KeyOutputStream.java:190)
	at org.apache.hadoop.ozone.client.io.OzoneOutputStream.write(OzoneOutputStream.java:49)
	at org.apache.hadoop.ozone.freon.RandomKeyGenerator.createKey(RandomKeyGenerator.java:708)
	at org.apache.hadoop.ozone.freon.RandomKeyGenerator.access$1100(RandomKeyGenerator.java:88)
	at org.apache.hadoop.ozone.freon.RandomKeyGenerator$ObjectCreator.run(RandomKeyGenerator.java:615)
	at java.util.concurrent.Executors$RunnableAdapter.call(Executors.java:511)
	at java.util.concurrent.FutureTask.run(FutureTask.java:266)
	at java.util.concurrent.ThreadPoolExecutor.runWorker(ThreadPoolExecutor.java:1149)
	at java.util.concurrent.ThreadPoolExecutor$Worker.run(ThreadPoolExecutor.java:624)
	at java.lang.Thread.run(Thread.java:748)
2019-09-30 19:50:09,118 [pool-277-thread-1] ERROR freon.RandomKeyGenerator (RandomKeyGenerator.java:createKey(733)) - Exception while adding key: key-0-78173 in bucket: bucket-0-33888 of volume: vol-0-23312.
INTERNAL_ERROR org.apache.hadoop.ozone.om.exceptions.OMException: Allocated 0 blocks. Requested 1 blocks
	at org.apache.hadoop.ozone.om.protocolPB.OzoneManagerProtocolClientSideTranslatorPB.handleError(OzoneManagerProtocolClientSideTranslatorPB.java:732)
	at org.apache.hadoop.ozone.om.protocolPB.OzoneManagerProtocolClientSideTranslatorPB.allocateBlock(OzoneManagerProtocolClientSideTranslatorPB.java:764)
	at sun.reflect.GeneratedMethodAccessor556.invoke(Unknown Source)
	at sun.reflect.DelegatingMethodAccessorImpl.invoke(DelegatingMethodAccessorImpl.java:43)
	at java.lang.reflect.Method.invoke(Method.java:498)
	at org.apache.hadoop.hdds.tracing.TraceAllMethod.invoke(TraceAllMethod.java:66)
	at com.sun.proxy.$Proxy37.allocateBlock(Unknown Source)
	at org.apache.hadoop.ozone.client.io.BlockOutputStreamEntryPool.allocateNewBlock(BlockOutputStreamEntryPool.java:248)
	at org.apache.hadoop.ozone.client.io.BlockOutputStreamEntryPool.allocateBlockIfNeeded(BlockOutputStreamEntryPool.java:296)
	at org.apache.hadoop.ozone.client.io.KeyOutputStream.handleWrite(KeyOutputStream.java:198)
	at org.apache.hadoop.ozone.client.io.KeyOutputStream.write(KeyOutputStream.java:190)
	at org.apache.hadoop.ozone.client.io.OzoneOutputStream.write(OzoneOutputStream.java:49)
	at org.apache.hadoop.ozone.freon.RandomKeyGenerator.createKey(RandomKeyGenerator.java:708)
	at org.apache.hadoop.ozone.freon.RandomKeyGenerator.access$1100(RandomKeyGenerator.java:88)
	at org.apache.hadoop.ozone.freon.RandomKeyGenerator$ObjectCreator.run(RandomKeyGenerator.java:615)
	at java.util.concurrent.Executors$RunnableAdapter.call(Executors.java:511)
	at java.util.concurrent.FutureTask.run(FutureTask.java:266)
	at java.util.concurrent.ThreadPoolExecutor.runWorker(ThreadPoolExecutor.java:1149)
	at java.util.concurrent.ThreadPoolExecutor$Worker.run(ThreadPoolExecutor.java:624)
	at java.lang.Thread.run(Thread.java:748)
 0.00% |█                                                                                                    |  0/1 Time: 0:01:45 0.00% |█                                                                                                    |  0/1 Time: 0:01:46 0.00% |█                                                                                                    |  0/1 Time: 0:01:47 0.00% |█                                                                                                    |  0/1 Time: 0:01:48 0.00% |█                                                                                                    |  0/1 Time: 0:01:49 100.00% |█████████████████████████████████████████████████████████████████████████████████████████████████████|  1/1 Time: 0:01:50
]]></system-out>
  </testcase>
  <testcase name="fileWithSizeZero" classname="org.apache.hadoop.ozone.freon.TestRandomKeyGenerator" time="5.067"/>
  <testcase name="multiThread" classname="org.apache.hadoop.ozone.freon.TestRandomKeyGenerator" time="5.034"/>
</testsuite>