<?xml version="1.0" encoding="UTF-8"?>
<testsuite xmlns:xsi="http://www.w3.org/2001/XMLSchema-instance" xsi:noNamespaceSchemaLocation="https://maven.apache.org/surefire/maven-surefire-plugin/xsd/surefire-test-report.xsd" name="org.apache.hadoop.ozone.client.rpc.TestDeleteWithSlowFollower" time="132.369" tests="1" errors="0" skipped="0" failures="1">
  <properties>
    <property name="awt.toolkit" value="sun.awt.X11.XToolkit"/>
    <property name="file.encoding.pkg" value="sun.io"/>
    <property name="java.specification.version" value="1.8"/>
    <property name="sun.cpu.isalist" value=""/>
    <property name="sun.jnu.encoding" value="ANSI_X3.4-1968"/>
    <property name="java.class.path" value="/workdir/hadoop-ozone/integration-test/target/test-classes:/workdir/hadoop-ozone/integration-test/target/classes:/home/user/.m2/repository/org/apache/hadoop/hadoop-ozone-common/0.5.0-SNAPSHOT/hadoop-ozone-common-0.5.0-SNAPSHOT.jar:/home/user/.m2/repository/org/apache/commons/commons-compress/1.4.1/commons-compress-1.4.1.jar:/home/user/.m2/repository/org/tukaani/xz/1.0/xz-1.0.jar:/home/user/.m2/repository/org/apache/hadoop/hadoop-common/3.2.0/hadoop-common-3.2.0.jar:/home/user/.m2/repository/org/apache/hadoop/hadoop-hdfs/3.2.0/hadoop-hdfs-3.2.0.jar:/home/user/.m2/repository/org/apache/hadoop/hadoop-hdfs-client/3.2.0/hadoop-hdfs-client-3.2.0.jar:/home/user/.m2/repository/com/fasterxml/jackson/core/jackson-annotations/2.9.9/jackson-annotations-2.9.9.jar:/home/user/.m2/repository/org/apache/hadoop/hadoop-hdds-common/0.5.0-SNAPSHOT/hadoop-hdds-common-0.5.0-SNAPSHOT.jar:/home/user/.m2/repository/javax/annotation/javax.annotation-api/1.2/javax.annotation-api-1.2.jar:/home/user/.m2/repository/org/apache/ratis/ratis-server/0.5.0-3f446aa-SNAPSHOT/ratis-server-0.5.0-3f446aa-SNAPSHOT.jar:/home/user/.m2/repository/org/apache/ratis/ratis-thirdparty-misc/0.2.0/ratis-thirdparty-misc-0.2.0.jar:/home/user/.m2/repository/org/apache/ratis/ratis-proto/0.5.0-3f446aa-SNAPSHOT/ratis-proto-0.5.0-3f446aa-SNAPSHOT.jar:/home/user/.m2/repository/org/apache/ratis/ratis-common/0.5.0-3f446aa-SNAPSHOT/ratis-common-0.5.0-3f446aa-SNAPSHOT.jar:/home/user/.m2/repository/org/apache/ratis/ratis-client/0.5.0-3f446aa-SNAPSHOT/ratis-client-0.5.0-3f446aa-SNAPSHOT.jar:/home/user/.m2/repository/org/apache/ratis/ratis-metrics/0.5.0-3f446aa-SNAPSHOT/ratis-metrics-0.5.0-3f446aa-SNAPSHOT.jar:/home/user/.m2/repository/com/github/joshelser/dropwizard-metrics-hadoop-metrics2-reporter/0.1.2/dropwizard-metrics-hadoop-metrics2-reporter-0.1.2.jar:/home/user/.m2/repository/io/dropwizard/metrics/metrics-jvm/3.2.5/metrics-jvm-3.2.5.jar:/home/user/.m2/repository/io/dropwizard/metrics/metrics-ganglia/3.2.5/metrics-ganglia-3.2.5.jar:/home/user/.m2/repository/info/ganglia/gmetric4j/gmetric4j/1.0.7/gmetric4j-1.0.7.jar:/home/user/.m2/repository/org/apache/ratis/ratis-netty/0.5.0-3f446aa-SNAPSHOT/ratis-netty-0.5.0-3f446aa-SNAPSHOT.jar:/home/user/.m2/repository/org/apache/ratis/ratis-grpc/0.5.0-3f446aa-SNAPSHOT/ratis-grpc-0.5.0-3f446aa-SNAPSHOT.jar:/home/user/.m2/repository/org/rocksdb/rocksdbjni/6.0.1/rocksdbjni-6.0.1.jar:/home/user/.m2/repository/org/apache/logging/log4j/log4j-api/2.11.0/log4j-api-2.11.0.jar:/home/user/.m2/repository/org/apache/logging/log4j/log4j-core/2.11.0/log4j-core-2.11.0.jar:/home/user/.m2/repository/com/lmax/disruptor/3.4.2/disruptor-3.4.2.jar:/home/user/.m2/repository/org/apache/commons/commons-pool2/2.6.0/commons-pool2-2.6.0.jar:/home/user/.m2/repository/org/bouncycastle/bcpkix-jdk15on/1.60/bcpkix-jdk15on-1.60.jar:/home/user/.m2/repository/commons-validator/commons-validator/1.6/commons-validator-1.6.jar:/home/user/.m2/repository/commons-digester/commons-digester/1.8.1/commons-digester-1.8.1.jar:/home/user/.m2/repository/io/jaegertracing/jaeger-client/0.34.0/jaeger-client-0.34.0.jar:/home/user/.m2/repository/io/jaegertracing/jaeger-thrift/0.34.0/jaeger-thrift-0.34.0.jar:/home/user/.m2/repository/org/apache/thrift/libthrift/0.12.0/libthrift-0.12.0.jar:/home/user/.m2/repository/com/squareup/okhttp3/okhttp/3.9.0/okhttp-3.9.0.jar:/home/user/.m2/repository/com/squareup/okio/okio/1.13.0/okio-1.13.0.jar:/home/user/.m2/repository/io/jaegertracing/jaeger-core/0.34.0/jaeger-core-0.34.0.jar:/home/user/.m2/repository/io/jaegertracing/jaeger-tracerresolver/0.34.0/jaeger-tracerresolver-0.34.0.jar:/home/user/.m2/repository/io/opentracing/contrib/opentracing-tracerresolver/0.1.5/opentracing-tracerresolver-0.1.5.jar:/home/user/.m2/repository/io/opentracing/opentracing-util/0.31.0/opentracing-util-0.31.0.jar:/home/user/.m2/repository/io/opentracing/opentracing-api/0.31.0/opentracing-api-0.31.0.jar:/home/user/.m2/repository/io/opentracing/opentracing-noop/0.31.0/opentracing-noop-0.31.0.jar:/home/user/.m2/repository/org/apache/hadoop/hadoop-hdds-server-framework/0.5.0-SNAPSHOT/hadoop-hdds-server-framework-0.5.0-SNAPSHOT.jar:/home/user/.m2/repository/org/apache/hadoop/hadoop-hdds-container-service/0.5.0-SNAPSHOT/hadoop-hdds-container-service-0.5.0-SNAPSHOT.jar:/home/user/.m2/repository/org/apache/hadoop/hadoop-hdds-client/0.5.0-SNAPSHOT/hadoop-hdds-client-0.5.0-SNAPSHOT.jar:/home/user/.m2/repository/org/apache/hadoop/hadoop-hdds-tools/0.5.0-SNAPSHOT/hadoop-hdds-tools-0.5.0-SNAPSHOT.jar:/home/user/.m2/repository/org/apache/hadoop/hadoop-hdds-server-scm/0.5.0-SNAPSHOT/hadoop-hdds-server-scm-0.5.0-SNAPSHOT.jar:/home/user/.m2/repository/org/apache/hadoop/hadoop-hdds-docs/0.5.0-SNAPSHOT/hadoop-hdds-docs-0.5.0-SNAPSHOT.jar:/home/user/.m2/repository/io/dropwizard/metrics/metrics-core/3.2.4/metrics-core-3.2.4.jar:/home/user/.m2/repository/org/hamcrest/hamcrest-all/1.3/hamcrest-all-1.3.jar:/home/user/.m2/repository/org/bouncycastle/bcprov-jdk15on/1.60/bcprov-jdk15on-1.60.jar:/home/user/.m2/repository/info/picocli/picocli/3.9.6/picocli-3.9.6.jar:/home/user/.m2/repository/com/google/protobuf/protobuf-java/2.5.0/protobuf-java-2.5.0.jar:/home/user/.m2/repository/com/google/guava/guava/11.0.2/guava-11.0.2.jar:/home/user/.m2/repository/org/apache/hadoop/hadoop-ozone-ozone-manager/0.5.0-SNAPSHOT/hadoop-ozone-ozone-manager-0.5.0-SNAPSHOT.jar:/home/user/.m2/repository/org/apache/hadoop/hadoop-minikdc/3.2.0/hadoop-minikdc-3.2.0.jar:/home/user/.m2/repository/commons-io/commons-io/2.5/commons-io-2.5.jar:/home/user/.m2/repository/org/apache/kerby/kerb-simplekdc/1.0.1/kerb-simplekdc-1.0.1.jar:/home/user/.m2/repository/org/apache/kerby/kerb-client/1.0.1/kerb-client-1.0.1.jar:/home/user/.m2/repository/org/apache/kerby/kerby-config/1.0.1/kerby-config-1.0.1.jar:/home/user/.m2/repository/org/apache/kerby/kerb-core/1.0.1/kerb-core-1.0.1.jar:/home/user/.m2/repository/org/apache/kerby/kerby-pkix/1.0.1/kerby-pkix-1.0.1.jar:/home/user/.m2/repository/org/apache/kerby/kerby-asn1/1.0.1/kerby-asn1-1.0.1.jar:/home/user/.m2/repository/org/apache/kerby/kerby-util/1.0.1/kerby-util-1.0.1.jar:/home/user/.m2/repository/org/apache/kerby/kerb-common/1.0.1/kerb-common-1.0.1.jar:/home/user/.m2/repository/org/apache/kerby/kerb-crypto/1.0.1/kerb-crypto-1.0.1.jar:/home/user/.m2/repository/org/apache/kerby/kerb-util/1.0.1/kerb-util-1.0.1.jar:/home/user/.m2/repository/org/apache/kerby/token-provider/1.0.1/token-provider-1.0.1.jar:/home/user/.m2/repository/org/apache/kerby/kerb-admin/1.0.1/kerb-admin-1.0.1.jar:/home/user/.m2/repository/org/apache/kerby/kerb-server/1.0.1/kerb-server-1.0.1.jar:/home/user/.m2/repository/org/apache/kerby/kerb-identity/1.0.1/kerb-identity-1.0.1.jar:/home/user/.m2/repository/org/apache/kerby/kerby-xdr/1.0.1/kerby-xdr-1.0.1.jar:/home/user/.m2/repository/org/slf4j/slf4j-log4j12/1.7.25/slf4j-log4j12-1.7.25.jar:/home/user/.m2/repository/org/apache/hadoop/hadoop-ozone-s3gateway/0.5.0-SNAPSHOT/hadoop-ozone-s3gateway-0.5.0-SNAPSHOT.jar:/home/user/.m2/repository/org/jboss/weld/servlet/weld-servlet/2.4.7.Final/weld-servlet-2.4.7.Final.jar:/home/user/.m2/repository/org/glassfish/jersey/containers/jersey-container-servlet-core/2.27/jersey-container-servlet-core-2.27.jar:/home/user/.m2/repository/org/glassfish/hk2/external/javax.inject/2.5.0-b42/javax.inject-2.5.0-b42.jar:/home/user/.m2/repository/org/glassfish/jersey/core/jersey-common/2.27/jersey-common-2.27.jar:/home/user/.m2/repository/org/glassfish/hk2/osgi-resource-locator/1.0.1/osgi-resource-locator-1.0.1.jar:/home/user/.m2/repository/javax/ws/rs/javax.ws.rs-api/2.1/javax.ws.rs-api-2.1.jar:/home/user/.m2/repository/org/glassfish/jersey/ext/cdi/jersey-cdi1x/2.27/jersey-cdi1x-2.27.jar:/home/user/.m2/repository/org/glassfish/jersey/inject/jersey-hk2/2.27/jersey-hk2-2.27.jar:/home/user/.m2/repository/org/glassfish/hk2/hk2-locator/2.5.0-b42/hk2-locator-2.5.0-b42.jar:/home/user/.m2/repository/org/javassist/javassist/3.22.0-CR2/javassist-3.22.0-CR2.jar:/home/user/.m2/repository/org/glassfish/hk2/hk2-api/2.5.0/hk2-api-2.5.0.jar:/home/user/.m2/repository/org/glassfish/hk2/external/jakarta.inject/2.5.0/jakarta.inject-2.5.0.jar:/home/user/.m2/repository/org/glassfish/hk2/hk2-utils/2.5.0/hk2-utils-2.5.0.jar:/home/user/.m2/repository/jakarta/annotation/jakarta.annotation-api/1.3.4/jakarta.annotation-api-1.3.4.jar:/home/user/.m2/repository/org/glassfish/hk2/external/aopalliance-repackaged/2.5.0/aopalliance-repackaged-2.5.0.jar:/home/user/.m2/repository/com/fasterxml/jackson/dataformat/jackson-dataformat-xml/2.9.0/jackson-dataformat-xml-2.9.0.jar:/home/user/.m2/repository/com/fasterxml/jackson/core/jackson-core/2.9.9/jackson-core-2.9.9.jar:/home/user/.m2/repository/com/fasterxml/jackson/module/jackson-module-jaxb-annotations/2.9.9/jackson-module-jaxb-annotations-2.9.9.jar:/home/user/.m2/repository/javax/enterprise/cdi-api/1.2/cdi-api-1.2.jar:/home/user/.m2/repository/javax/el/javax.el-api/3.0.0/javax.el-api-3.0.0.jar:/home/user/.m2/repository/javax/interceptor/javax.interceptor-api/1.2/javax.interceptor-api-1.2.jar:/home/user/.m2/repository/javax/inject/javax.inject/1/javax.inject-1.jar:/home/user/.m2/repository/com/sun/xml/bind/jaxb-impl/2.3.0.1/jaxb-impl-2.3.0.1.jar:/home/user/.m2/repository/com/sun/xml/bind/jaxb-core/2.3.0.1/jaxb-core-2.3.0.1.jar:/home/user/.m2/repository/javax/xml/bind/jaxb-api/2.3.0/jaxb-api-2.3.0.jar:/home/user/.m2/repository/javax/activation/activation/1.1.1/activation-1.1.1.jar:/home/user/.m2/repository/org/apache/hadoop/hadoop-ozone-csi/0.5.0-SNAPSHOT/hadoop-ozone-csi-0.5.0-SNAPSHOT.jar:/home/user/.m2/repository/com/google/protobuf/protobuf-java-util/3.5.1/protobuf-java-util-3.5.1.jar:/home/user/.m2/repository/org/apache/hadoop/hadoop-hdds-config/0.5.0-SNAPSHOT/hadoop-hdds-config-0.5.0-SNAPSHOT.jar:/home/user/.m2/repository/io/grpc/grpc-netty/1.17.1/grpc-netty-1.17.1.jar:/home/user/.m2/repository/io/grpc/grpc-core/1.17.1/grpc-core-1.17.1.jar:/home/user/.m2/repository/io/grpc/grpc-context/1.17.1/grpc-context-1.17.1.jar:/home/user/.m2/repository/com/google/errorprone/error_prone_annotations/2.2.0/error_prone_annotations-2.2.0.jar:/home/user/.m2/repository/org/codehaus/mojo/animal-sniffer-annotations/1.17/animal-sniffer-annotations-1.17.jar:/home/user/.m2/repository/io/opencensus/opencensus-api/0.17.0/opencensus-api-0.17.0.jar:/home/user/.m2/repository/io/opencensus/opencensus-contrib-grpc-metrics/0.17.0/opencensus-contrib-grpc-metrics-0.17.0.jar:/home/user/.m2/repository/io/netty/netty-codec-http2/4.1.30.Final/netty-codec-http2-4.1.30.Final.jar:/home/user/.m2/repository/io/netty/netty-codec-http/4.1.30.Final/netty-codec-http-4.1.30.Final.jar:/home/user/.m2/repository/io/netty/netty-codec/4.1.30.Final/netty-codec-4.1.30.Final.jar:/home/user/.m2/repository/io/netty/netty-handler/4.1.30.Final/netty-handler-4.1.30.Final.jar:/home/user/.m2/repository/io/netty/netty-handler-proxy/4.1.30.Final/netty-handler-proxy-4.1.30.Final.jar:/home/user/.m2/repository/io/netty/netty-codec-socks/4.1.30.Final/netty-codec-socks-4.1.30.Final.jar:/home/user/.m2/repository/io/netty/netty-transport-native-epoll/4.1.30.Final/netty-transport-native-epoll-4.1.30.Final.jar:/home/user/.m2/repository/io/netty/netty-common/4.1.30.Final/netty-common-4.1.30.Final.jar:/home/user/.m2/repository/io/netty/netty-buffer/4.1.30.Final/netty-buffer-4.1.30.Final.jar:/home/user/.m2/repository/io/netty/netty-transport/4.1.30.Final/netty-transport-4.1.30.Final.jar:/home/user/.m2/repository/io/netty/netty-resolver/4.1.30.Final/netty-resolver-4.1.30.Final.jar:/home/user/.m2/repository/io/netty/netty-transport-native-unix-common/4.1.30.Final/netty-transport-native-unix-common-4.1.30.Final.jar:/home/user/.m2/repository/io/grpc/grpc-protobuf/1.17.1/grpc-protobuf-1.17.1.jar:/home/user/.m2/repository/com/google/api/grpc/proto-google-common-protos/1.0.0/proto-google-common-protos-1.0.0.jar:/home/user/.m2/repository/io/grpc/grpc-protobuf-lite/1.17.1/grpc-protobuf-lite-1.17.1.jar:/home/user/.m2/repository/io/grpc/grpc-stub/1.17.1/grpc-stub-1.17.1.jar:/home/user/.m2/repository/org/apache/hadoop/hadoop-ozone-recon/0.5.0-SNAPSHOT/hadoop-ozone-recon-0.5.0-SNAPSHOT.jar:/home/user/.m2/repository/org/apache/hadoop/hadoop-ozone-reconcodegen/0.5.0-SNAPSHOT/hadoop-ozone-reconcodegen-0.5.0-SNAPSHOT.jar:/home/user/.m2/repository/com/google/inject/extensions/guice-multibindings/4.0/guice-multibindings-4.0.jar:/home/user/.m2/repository/com/google/inject/guice/4.0/guice-4.0.jar:/home/user/.m2/repository/aopalliance/aopalliance/1.0/aopalliance-1.0.jar:/home/user/.m2/repository/com/google/inject/extensions/guice-servlet/4.0/guice-servlet-4.0.jar:/home/user/.m2/repository/org/glassfish/jersey/containers/jersey-container-servlet/2.27/jersey-container-servlet-2.27.jar:/home/user/.m2/repository/org/glassfish/hk2/guice-bridge/2.5.0/guice-bridge-2.5.0.jar:/home/user/.m2/repository/org/glassfish/jersey/core/jersey-server/2.27/jersey-server-2.27.jar:/home/user/.m2/repository/org/glassfish/jersey/core/jersey-client/2.27/jersey-client-2.27.jar:/home/user/.m2/repository/org/glassfish/jersey/media/jersey-media-jaxb/2.27/jersey-media-jaxb-2.27.jar:/home/user/.m2/repository/javax/validation/validation-api/1.1.0.Final/validation-api-1.1.0.Final.jar:/home/user/.m2/repository/org/glassfish/jersey/media/jersey-media-json-jackson/2.27/jersey-media-json-jackson-2.27.jar:/home/user/.m2/repository/org/glassfish/jersey/ext/jersey-entity-filtering/2.27/jersey-entity-filtering-2.27.jar:/home/user/.m2/repository/com/google/inject/extensions/guice-assistedinject/4.0/guice-assistedinject-4.0.jar:/home/user/.m2/repository/org/jooq/jooq/3.11.10/jooq-3.11.10.jar:/home/user/.m2/repository/org/jooq/jooq-meta/3.11.10/jooq-meta-3.11.10.jar:/home/user/.m2/repository/org/jooq/jooq-codegen/3.11.10/jooq-codegen-3.11.10.jar:/home/user/.m2/repository/com/jolbox/bonecp/0.8.0.RELEASE/bonecp-0.8.0.RELEASE.jar:/home/user/.m2/repository/org/xerial/sqlite-jdbc/3.25.2/sqlite-jdbc-3.25.2.jar:/home/user/.m2/repository/org/springframework/spring-jdbc/5.1.3.RELEASE/spring-jdbc-5.1.3.RELEASE.jar:/home/user/.m2/repository/org/springframework/spring-beans/5.1.3.RELEASE/spring-beans-5.1.3.RELEASE.jar:/home/user/.m2/repository/org/springframework/spring-core/5.1.3.RELEASE/spring-core-5.1.3.RELEASE.jar:/home/user/.m2/repository/org/springframework/spring-jcl/5.1.3.RELEASE/spring-jcl-5.1.3.RELEASE.jar:/home/user/.m2/repository/org/springframework/spring-tx/5.1.3.RELEASE/spring-tx-5.1.3.RELEASE.jar:/home/user/.m2/repository/org/apache/hadoop/hadoop-ozone-client/0.5.0-SNAPSHOT/hadoop-ozone-client-0.5.0-SNAPSHOT.jar:/home/user/.m2/repository/commons-lang/commons-lang/2.6/commons-lang-2.6.jar:/home/user/.m2/repository/org/apache/hadoop/hadoop-ozone-ozone-manager/0.5.0-SNAPSHOT/hadoop-ozone-ozone-manager-0.5.0-SNAPSHOT-tests.jar:/home/user/.m2/repository/junit/junit/4.11/junit-4.11.jar:/home/user/.m2/repository/org/hamcrest/hamcrest-core/1.3/hamcrest-core-1.3.jar:/home/user/.m2/repository/org/openjdk/jmh/jmh-core/1.19/jmh-core-1.19.jar:/home/user/.m2/repository/net/sf/jopt-simple/jopt-simple/4.6/jopt-simple-4.6.jar:/home/user/.m2/repository/org/apache/commons/commons-math3/3.1.1/commons-math3-3.1.1.jar:/home/user/.m2/repository/org/openjdk/jmh/jmh-generator-annprocess/1.19/jmh-generator-annprocess-1.19.jar:/home/user/.m2/repository/org/mockito/mockito-all/1.8.5/mockito-all-1.8.5.jar:/home/user/.m2/repository/org/apache/hadoop/hadoop-kms/3.2.0/hadoop-kms-3.2.0.jar:/home/user/.m2/repository/org/apache/hadoop/hadoop-auth/3.2.0/hadoop-auth-3.2.0.jar:/home/user/.m2/repository/com/nimbusds/nimbus-jose-jwt/4.41.1/nimbus-jose-jwt-4.41.1.jar:/home/user/.m2/repository/com/github/stephenc/jcip/jcip-annotations/1.0-1/jcip-annotations-1.0-1.jar:/home/user/.m2/repository/net/minidev/json-smart/2.3/json-smart-2.3.jar:/home/user/.m2/repository/net/minidev/accessors-smart/1.2/accessors-smart-1.2.jar:/home/user/.m2/repository/org/ow2/asm/asm/5.0.4/asm-5.0.4.jar:/home/user/.m2/repository/org/apache/curator/curator-framework/2.12.0/curator-framework-2.12.0.jar:/home/user/.m2/repository/com/sun/jersey/jersey-core/1.19/jersey-core-1.19.jar:/home/user/.m2/repository/javax/ws/rs/jsr311-api/1.1.1/jsr311-api-1.1.1.jar:/home/user/.m2/repository/com/sun/jersey/jersey-server/1.19/jersey-server-1.19.jar:/home/user/.m2/repository/javax/servlet/javax.servlet-api/3.1.0/javax.servlet-api-3.1.0.jar:/home/user/.m2/repository/org/eclipse/jetty/jetty-server/9.3.25.v20180904/jetty-server-9.3.25.v20180904.jar:/home/user/.m2/repository/org/eclipse/jetty/jetty-http/9.3.25.v20180904/jetty-http-9.3.25.v20180904.jar:/home/user/.m2/repository/org/eclipse/jetty/jetty-io/9.3.25.v20180904/jetty-io-9.3.25.v20180904.jar:/home/user/.m2/repository/org/eclipse/jetty/jetty-webapp/9.3.25.v20180904/jetty-webapp-9.3.25.v20180904.jar:/home/user/.m2/repository/org/eclipse/jetty/jetty-xml/9.3.25.v20180904/jetty-xml-9.3.25.v20180904.jar:/home/user/.m2/repository/log4j/log4j/1.2.17/log4j-1.2.17.jar:/home/user/.m2/repository/org/slf4j/slf4j-api/1.7.25/slf4j-api-1.7.25.jar:/home/user/.m2/repository/org/slf4j/jul-to-slf4j/1.7.25/jul-to-slf4j-1.7.25.jar:/home/user/.m2/repository/org/eclipse/jetty/jetty-util/9.3.25.v20180904/jetty-util-9.3.25.v20180904.jar:/home/user/.m2/repository/com/fasterxml/jackson/core/jackson-databind/2.9.9/jackson-databind-2.9.9.jar:/home/user/.m2/repository/org/apache/hadoop/hadoop-kms/3.2.0/hadoop-kms-3.2.0-tests.jar:/home/user/.m2/repository/org/apache/hadoop/hadoop-hdds-server-scm/0.5.0-SNAPSHOT/hadoop-hdds-server-scm-0.5.0-SNAPSHOT-tests.jar:/home/user/.m2/repository/org/apache/hadoop/hadoop-hdds-container-service/0.5.0-SNAPSHOT/hadoop-hdds-container-service-0.5.0-SNAPSHOT-tests.jar:/home/user/.m2/repository/org/yaml/snakeyaml/1.16/snakeyaml-1.16.jar:/home/user/.m2/repository/org/apache/hadoop/hadoop-common/3.2.0/hadoop-common-3.2.0-tests.jar:/home/user/.m2/repository/org/apache/hadoop/hadoop-annotations/3.2.0/hadoop-annotations-3.2.0.jar:/usr/lib/jvm/java-1.8.0-openjdk-1.8.0.222.b10-1.el7_7.x86_64/jre/../lib/tools.jar:/home/user/.m2/repository/commons-cli/commons-cli/1.2/commons-cli-1.2.jar:/home/user/.m2/repository/org/apache/httpcomponents/httpclient/4.5.2/httpclient-4.5.2.jar:/home/user/.m2/repository/org/apache/httpcomponents/httpcore/4.4.4/httpcore-4.4.4.jar:/home/user/.m2/repository/commons-codec/commons-codec/1.11/commons-codec-1.11.jar:/home/user/.m2/repository/commons-net/commons-net/3.6/commons-net-3.6.jar:/home/user/.m2/repository/commons-collections/commons-collections/3.2.2/commons-collections-3.2.2.jar:/home/user/.m2/repository/org/eclipse/jetty/jetty-servlet/9.3.25.v20180904/jetty-servlet-9.3.25.v20180904.jar:/home/user/.m2/repository/org/eclipse/jetty/jetty-security/9.3.25.v20180904/jetty-security-9.3.25.v20180904.jar:/home/user/.m2/repository/javax/servlet/jsp/jsp-api/2.1/jsp-api-2.1.jar:/home/user/.m2/repository/com/sun/jersey/jersey-servlet/1.19/jersey-servlet-1.19.jar:/home/user/.m2/repository/com/sun/jersey/jersey-json/1.19/jersey-json-1.19.jar:/home/user/.m2/repository/org/codehaus/jettison/jettison/1.1/jettison-1.1.jar:/home/user/.m2/repository/org/codehaus/jackson/jackson-core-asl/1.9.13/jackson-core-asl-1.9.13.jar:/home/user/.m2/repository/org/codehaus/jackson/jackson-mapper-asl/1.9.13/jackson-mapper-asl-1.9.13.jar:/home/user/.m2/repository/org/codehaus/jackson/jackson-jaxrs/1.9.13/jackson-jaxrs-1.9.13.jar:/home/user/.m2/repository/org/codehaus/jackson/jackson-xc/1.9.13/jackson-xc-1.9.13.jar:/home/user/.m2/repository/commons-logging/commons-logging/1.1.3/commons-logging-1.1.3.jar:/home/user/.m2/repository/commons-beanutils/commons-beanutils/1.9.4/commons-beanutils-1.9.4.jar:/home/user/.m2/repository/org/apache/commons/commons-configuration2/2.1.1/commons-configuration2-2.1.1.jar:/home/user/.m2/repository/org/apache/commons/commons-lang3/3.7/commons-lang3-3.7.jar:/home/user/.m2/repository/org/apache/commons/commons-text/1.4/commons-text-1.4.jar:/home/user/.m2/repository/org/apache/avro/avro/1.7.7/avro-1.7.7.jar:/home/user/.m2/repository/com/thoughtworks/paranamer/paranamer/2.3/paranamer-2.3.jar:/home/user/.m2/repository/org/xerial/snappy/snappy-java/1.0.5/snappy-java-1.0.5.jar:/home/user/.m2/repository/com/google/re2j/re2j/1.1/re2j-1.1.jar:/home/user/.m2/repository/com/google/code/gson/gson/2.2.4/gson-2.2.4.jar:/home/user/.m2/repository/com/jcraft/jsch/0.1.54/jsch-0.1.54.jar:/home/user/.m2/repository/org/apache/curator/curator-client/2.12.0/curator-client-2.12.0.jar:/home/user/.m2/repository/org/apache/curator/curator-recipes/2.12.0/curator-recipes-2.12.0.jar:/home/user/.m2/repository/com/google/code/findbugs/jsr305/3.0.0/jsr305-3.0.0.jar:/home/user/.m2/repository/org/apache/htrace/htrace-core4/4.1.0-incubating/htrace-core4-4.1.0-incubating.jar:/home/user/.m2/repository/org/apache/zookeeper/zookeeper/3.4.13/zookeeper-3.4.13.jar:/home/user/.m2/repository/jline/jline/0.9.94/jline-0.9.94.jar:/home/user/.m2/repository/org/apache/yetus/audience-annotations/0.5.0/audience-annotations-0.5.0.jar:/home/user/.m2/repository/org/codehaus/woodstox/stax2-api/3.1.4/stax2-api-3.1.4.jar:/home/user/.m2/repository/com/fasterxml/woodstox/woodstox-core/5.0.3/woodstox-core-5.0.3.jar:/home/user/.m2/repository/dnsjava/dnsjava/2.1.7/dnsjava-2.1.7.jar:/home/user/.m2/repository/org/apache/hadoop/hadoop-hdfs/3.2.0/hadoop-hdfs-3.2.0-tests.jar:/home/user/.m2/repository/org/eclipse/jetty/jetty-util-ajax/9.3.25.v20180904/jetty-util-ajax-9.3.25.v20180904.jar:/home/user/.m2/repository/commons-daemon/commons-daemon/1.0.13/commons-daemon-1.0.13.jar:/home/user/.m2/repository/io/netty/netty/3.10.5.Final/netty-3.10.5.Final.jar:/home/user/.m2/repository/io/netty/netty-all/4.0.52.Final/netty-all-4.0.52.Final.jar:/home/user/.m2/repository/org/fusesource/leveldbjni/leveldbjni-all/1.8/leveldbjni-all-1.8.jar:"/>
    <property name="java.vm.vendor" value="Oracle Corporation"/>
    <property name="sun.arch.data.model" value="64"/>
    <property name="test.build.dir" value="/workdir/hadoop-ozone/integration-test/target/test-dir"/>
    <property name="test.cache.data" value=""/>
    <property name="java.vendor.url" value="http://java.oracle.com/"/>
    <property name="user.timezone" value=""/>
    <property name="java.vm.specification.version" value="1.8"/>
    <property name="os.name" value="Linux"/>
    <property name="test.build.data" value="/workdir/hadoop-ozone/integration-test/target/test-dir"/>
    <property name="user.country" value="US"/>
    <property name="sun.java.launcher" value="SUN_STANDARD"/>
    <property name="sun.boot.library.path" value="/usr/lib/jvm/java-1.8.0-openjdk-1.8.0.222.b10-1.el7_7.x86_64/jre/lib/amd64"/>
    <property name="sun.java.command" value="/workdir/hadoop-ozone/integration-test/target/surefire/surefirebooter2707677270619846990.jar /workdir/hadoop-ozone/integration-test/target/surefire 2019-10-20T12-27-40_094-jvmRun1 surefire7034892931775722352tmp surefire_302716563368080142025tmp"/>
    <property name="surefire.test.class.path" value="/workdir/hadoop-ozone/integration-test/target/test-classes:/workdir/hadoop-ozone/integration-test/target/classes:/home/user/.m2/repository/org/apache/hadoop/hadoop-ozone-common/0.5.0-SNAPSHOT/hadoop-ozone-common-0.5.0-SNAPSHOT.jar:/home/user/.m2/repository/org/apache/commons/commons-compress/1.4.1/commons-compress-1.4.1.jar:/home/user/.m2/repository/org/tukaani/xz/1.0/xz-1.0.jar:/home/user/.m2/repository/org/apache/hadoop/hadoop-common/3.2.0/hadoop-common-3.2.0.jar:/home/user/.m2/repository/org/apache/hadoop/hadoop-hdfs/3.2.0/hadoop-hdfs-3.2.0.jar:/home/user/.m2/repository/org/apache/hadoop/hadoop-hdfs-client/3.2.0/hadoop-hdfs-client-3.2.0.jar:/home/user/.m2/repository/com/fasterxml/jackson/core/jackson-annotations/2.9.9/jackson-annotations-2.9.9.jar:/home/user/.m2/repository/org/apache/hadoop/hadoop-hdds-common/0.5.0-SNAPSHOT/hadoop-hdds-common-0.5.0-SNAPSHOT.jar:/home/user/.m2/repository/javax/annotation/javax.annotation-api/1.2/javax.annotation-api-1.2.jar:/home/user/.m2/repository/org/apache/ratis/ratis-server/0.5.0-3f446aa-SNAPSHOT/ratis-server-0.5.0-3f446aa-SNAPSHOT.jar:/home/user/.m2/repository/org/apache/ratis/ratis-thirdparty-misc/0.2.0/ratis-thirdparty-misc-0.2.0.jar:/home/user/.m2/repository/org/apache/ratis/ratis-proto/0.5.0-3f446aa-SNAPSHOT/ratis-proto-0.5.0-3f446aa-SNAPSHOT.jar:/home/user/.m2/repository/org/apache/ratis/ratis-common/0.5.0-3f446aa-SNAPSHOT/ratis-common-0.5.0-3f446aa-SNAPSHOT.jar:/home/user/.m2/repository/org/apache/ratis/ratis-client/0.5.0-3f446aa-SNAPSHOT/ratis-client-0.5.0-3f446aa-SNAPSHOT.jar:/home/user/.m2/repository/org/apache/ratis/ratis-metrics/0.5.0-3f446aa-SNAPSHOT/ratis-metrics-0.5.0-3f446aa-SNAPSHOT.jar:/home/user/.m2/repository/com/github/joshelser/dropwizard-metrics-hadoop-metrics2-reporter/0.1.2/dropwizard-metrics-hadoop-metrics2-reporter-0.1.2.jar:/home/user/.m2/repository/io/dropwizard/metrics/metrics-jvm/3.2.5/metrics-jvm-3.2.5.jar:/home/user/.m2/repository/io/dropwizard/metrics/metrics-ganglia/3.2.5/metrics-ganglia-3.2.5.jar:/home/user/.m2/repository/info/ganglia/gmetric4j/gmetric4j/1.0.7/gmetric4j-1.0.7.jar:/home/user/.m2/repository/org/apache/ratis/ratis-netty/0.5.0-3f446aa-SNAPSHOT/ratis-netty-0.5.0-3f446aa-SNAPSHOT.jar:/home/user/.m2/repository/org/apache/ratis/ratis-grpc/0.5.0-3f446aa-SNAPSHOT/ratis-grpc-0.5.0-3f446aa-SNAPSHOT.jar:/home/user/.m2/repository/org/rocksdb/rocksdbjni/6.0.1/rocksdbjni-6.0.1.jar:/home/user/.m2/repository/org/apache/logging/log4j/log4j-api/2.11.0/log4j-api-2.11.0.jar:/home/user/.m2/repository/org/apache/logging/log4j/log4j-core/2.11.0/log4j-core-2.11.0.jar:/home/user/.m2/repository/com/lmax/disruptor/3.4.2/disruptor-3.4.2.jar:/home/user/.m2/repository/org/apache/commons/commons-pool2/2.6.0/commons-pool2-2.6.0.jar:/home/user/.m2/repository/org/bouncycastle/bcpkix-jdk15on/1.60/bcpkix-jdk15on-1.60.jar:/home/user/.m2/repository/commons-validator/commons-validator/1.6/commons-validator-1.6.jar:/home/user/.m2/repository/commons-digester/commons-digester/1.8.1/commons-digester-1.8.1.jar:/home/user/.m2/repository/io/jaegertracing/jaeger-client/0.34.0/jaeger-client-0.34.0.jar:/home/user/.m2/repository/io/jaegertracing/jaeger-thrift/0.34.0/jaeger-thrift-0.34.0.jar:/home/user/.m2/repository/org/apache/thrift/libthrift/0.12.0/libthrift-0.12.0.jar:/home/user/.m2/repository/com/squareup/okhttp3/okhttp/3.9.0/okhttp-3.9.0.jar:/home/user/.m2/repository/com/squareup/okio/okio/1.13.0/okio-1.13.0.jar:/home/user/.m2/repository/io/jaegertracing/jaeger-core/0.34.0/jaeger-core-0.34.0.jar:/home/user/.m2/repository/io/jaegertracing/jaeger-tracerresolver/0.34.0/jaeger-tracerresolver-0.34.0.jar:/home/user/.m2/repository/io/opentracing/contrib/opentracing-tracerresolver/0.1.5/opentracing-tracerresolver-0.1.5.jar:/home/user/.m2/repository/io/opentracing/opentracing-util/0.31.0/opentracing-util-0.31.0.jar:/home/user/.m2/repository/io/opentracing/opentracing-api/0.31.0/opentracing-api-0.31.0.jar:/home/user/.m2/repository/io/opentracing/opentracing-noop/0.31.0/opentracing-noop-0.31.0.jar:/home/user/.m2/repository/org/apache/hadoop/hadoop-hdds-server-framework/0.5.0-SNAPSHOT/hadoop-hdds-server-framework-0.5.0-SNAPSHOT.jar:/home/user/.m2/repository/org/apache/hadoop/hadoop-hdds-container-service/0.5.0-SNAPSHOT/hadoop-hdds-container-service-0.5.0-SNAPSHOT.jar:/home/user/.m2/repository/org/apache/hadoop/hadoop-hdds-client/0.5.0-SNAPSHOT/hadoop-hdds-client-0.5.0-SNAPSHOT.jar:/home/user/.m2/repository/org/apache/hadoop/hadoop-hdds-tools/0.5.0-SNAPSHOT/hadoop-hdds-tools-0.5.0-SNAPSHOT.jar:/home/user/.m2/repository/org/apache/hadoop/hadoop-hdds-server-scm/0.5.0-SNAPSHOT/hadoop-hdds-server-scm-0.5.0-SNAPSHOT.jar:/home/user/.m2/repository/org/apache/hadoop/hadoop-hdds-docs/0.5.0-SNAPSHOT/hadoop-hdds-docs-0.5.0-SNAPSHOT.jar:/home/user/.m2/repository/io/dropwizard/metrics/metrics-core/3.2.4/metrics-core-3.2.4.jar:/home/user/.m2/repository/org/hamcrest/hamcrest-all/1.3/hamcrest-all-1.3.jar:/home/user/.m2/repository/org/bouncycastle/bcprov-jdk15on/1.60/bcprov-jdk15on-1.60.jar:/home/user/.m2/repository/info/picocli/picocli/3.9.6/picocli-3.9.6.jar:/home/user/.m2/repository/com/google/protobuf/protobuf-java/2.5.0/protobuf-java-2.5.0.jar:/home/user/.m2/repository/com/google/guava/guava/11.0.2/guava-11.0.2.jar:/home/user/.m2/repository/org/apache/hadoop/hadoop-ozone-ozone-manager/0.5.0-SNAPSHOT/hadoop-ozone-ozone-manager-0.5.0-SNAPSHOT.jar:/home/user/.m2/repository/org/apache/hadoop/hadoop-minikdc/3.2.0/hadoop-minikdc-3.2.0.jar:/home/user/.m2/repository/commons-io/commons-io/2.5/commons-io-2.5.jar:/home/user/.m2/repository/org/apache/kerby/kerb-simplekdc/1.0.1/kerb-simplekdc-1.0.1.jar:/home/user/.m2/repository/org/apache/kerby/kerb-client/1.0.1/kerb-client-1.0.1.jar:/home/user/.m2/repository/org/apache/kerby/kerby-config/1.0.1/kerby-config-1.0.1.jar:/home/user/.m2/repository/org/apache/kerby/kerb-core/1.0.1/kerb-core-1.0.1.jar:/home/user/.m2/repository/org/apache/kerby/kerby-pkix/1.0.1/kerby-pkix-1.0.1.jar:/home/user/.m2/repository/org/apache/kerby/kerby-asn1/1.0.1/kerby-asn1-1.0.1.jar:/home/user/.m2/repository/org/apache/kerby/kerby-util/1.0.1/kerby-util-1.0.1.jar:/home/user/.m2/repository/org/apache/kerby/kerb-common/1.0.1/kerb-common-1.0.1.jar:/home/user/.m2/repository/org/apache/kerby/kerb-crypto/1.0.1/kerb-crypto-1.0.1.jar:/home/user/.m2/repository/org/apache/kerby/kerb-util/1.0.1/kerb-util-1.0.1.jar:/home/user/.m2/repository/org/apache/kerby/token-provider/1.0.1/token-provider-1.0.1.jar:/home/user/.m2/repository/org/apache/kerby/kerb-admin/1.0.1/kerb-admin-1.0.1.jar:/home/user/.m2/repository/org/apache/kerby/kerb-server/1.0.1/kerb-server-1.0.1.jar:/home/user/.m2/repository/org/apache/kerby/kerb-identity/1.0.1/kerb-identity-1.0.1.jar:/home/user/.m2/repository/org/apache/kerby/kerby-xdr/1.0.1/kerby-xdr-1.0.1.jar:/home/user/.m2/repository/org/slf4j/slf4j-log4j12/1.7.25/slf4j-log4j12-1.7.25.jar:/home/user/.m2/repository/org/apache/hadoop/hadoop-ozone-s3gateway/0.5.0-SNAPSHOT/hadoop-ozone-s3gateway-0.5.0-SNAPSHOT.jar:/home/user/.m2/repository/org/jboss/weld/servlet/weld-servlet/2.4.7.Final/weld-servlet-2.4.7.Final.jar:/home/user/.m2/repository/org/glassfish/jersey/containers/jersey-container-servlet-core/2.27/jersey-container-servlet-core-2.27.jar:/home/user/.m2/repository/org/glassfish/hk2/external/javax.inject/2.5.0-b42/javax.inject-2.5.0-b42.jar:/home/user/.m2/repository/org/glassfish/jersey/core/jersey-common/2.27/jersey-common-2.27.jar:/home/user/.m2/repository/org/glassfish/hk2/osgi-resource-locator/1.0.1/osgi-resource-locator-1.0.1.jar:/home/user/.m2/repository/javax/ws/rs/javax.ws.rs-api/2.1/javax.ws.rs-api-2.1.jar:/home/user/.m2/repository/org/glassfish/jersey/ext/cdi/jersey-cdi1x/2.27/jersey-cdi1x-2.27.jar:/home/user/.m2/repository/org/glassfish/jersey/inject/jersey-hk2/2.27/jersey-hk2-2.27.jar:/home/user/.m2/repository/org/glassfish/hk2/hk2-locator/2.5.0-b42/hk2-locator-2.5.0-b42.jar:/home/user/.m2/repository/org/javassist/javassist/3.22.0-CR2/javassist-3.22.0-CR2.jar:/home/user/.m2/repository/org/glassfish/hk2/hk2-api/2.5.0/hk2-api-2.5.0.jar:/home/user/.m2/repository/org/glassfish/hk2/external/jakarta.inject/2.5.0/jakarta.inject-2.5.0.jar:/home/user/.m2/repository/org/glassfish/hk2/hk2-utils/2.5.0/hk2-utils-2.5.0.jar:/home/user/.m2/repository/jakarta/annotation/jakarta.annotation-api/1.3.4/jakarta.annotation-api-1.3.4.jar:/home/user/.m2/repository/org/glassfish/hk2/external/aopalliance-repackaged/2.5.0/aopalliance-repackaged-2.5.0.jar:/home/user/.m2/repository/com/fasterxml/jackson/dataformat/jackson-dataformat-xml/2.9.0/jackson-dataformat-xml-2.9.0.jar:/home/user/.m2/repository/com/fasterxml/jackson/core/jackson-core/2.9.9/jackson-core-2.9.9.jar:/home/user/.m2/repository/com/fasterxml/jackson/module/jackson-module-jaxb-annotations/2.9.9/jackson-module-jaxb-annotations-2.9.9.jar:/home/user/.m2/repository/javax/enterprise/cdi-api/1.2/cdi-api-1.2.jar:/home/user/.m2/repository/javax/el/javax.el-api/3.0.0/javax.el-api-3.0.0.jar:/home/user/.m2/repository/javax/interceptor/javax.interceptor-api/1.2/javax.interceptor-api-1.2.jar:/home/user/.m2/repository/javax/inject/javax.inject/1/javax.inject-1.jar:/home/user/.m2/repository/com/sun/xml/bind/jaxb-impl/2.3.0.1/jaxb-impl-2.3.0.1.jar:/home/user/.m2/repository/com/sun/xml/bind/jaxb-core/2.3.0.1/jaxb-core-2.3.0.1.jar:/home/user/.m2/repository/javax/xml/bind/jaxb-api/2.3.0/jaxb-api-2.3.0.jar:/home/user/.m2/repository/javax/activation/activation/1.1.1/activation-1.1.1.jar:/home/user/.m2/repository/org/apache/hadoop/hadoop-ozone-csi/0.5.0-SNAPSHOT/hadoop-ozone-csi-0.5.0-SNAPSHOT.jar:/home/user/.m2/repository/com/google/protobuf/protobuf-java-util/3.5.1/protobuf-java-util-3.5.1.jar:/home/user/.m2/repository/org/apache/hadoop/hadoop-hdds-config/0.5.0-SNAPSHOT/hadoop-hdds-config-0.5.0-SNAPSHOT.jar:/home/user/.m2/repository/io/grpc/grpc-netty/1.17.1/grpc-netty-1.17.1.jar:/home/user/.m2/repository/io/grpc/grpc-core/1.17.1/grpc-core-1.17.1.jar:/home/user/.m2/repository/io/grpc/grpc-context/1.17.1/grpc-context-1.17.1.jar:/home/user/.m2/repository/com/google/errorprone/error_prone_annotations/2.2.0/error_prone_annotations-2.2.0.jar:/home/user/.m2/repository/org/codehaus/mojo/animal-sniffer-annotations/1.17/animal-sniffer-annotations-1.17.jar:/home/user/.m2/repository/io/opencensus/opencensus-api/0.17.0/opencensus-api-0.17.0.jar:/home/user/.m2/repository/io/opencensus/opencensus-contrib-grpc-metrics/0.17.0/opencensus-contrib-grpc-metrics-0.17.0.jar:/home/user/.m2/repository/io/netty/netty-codec-http2/4.1.30.Final/netty-codec-http2-4.1.30.Final.jar:/home/user/.m2/repository/io/netty/netty-codec-http/4.1.30.Final/netty-codec-http-4.1.30.Final.jar:/home/user/.m2/repository/io/netty/netty-codec/4.1.30.Final/netty-codec-4.1.30.Final.jar:/home/user/.m2/repository/io/netty/netty-handler/4.1.30.Final/netty-handler-4.1.30.Final.jar:/home/user/.m2/repository/io/netty/netty-handler-proxy/4.1.30.Final/netty-handler-proxy-4.1.30.Final.jar:/home/user/.m2/repository/io/netty/netty-codec-socks/4.1.30.Final/netty-codec-socks-4.1.30.Final.jar:/home/user/.m2/repository/io/netty/netty-transport-native-epoll/4.1.30.Final/netty-transport-native-epoll-4.1.30.Final.jar:/home/user/.m2/repository/io/netty/netty-common/4.1.30.Final/netty-common-4.1.30.Final.jar:/home/user/.m2/repository/io/netty/netty-buffer/4.1.30.Final/netty-buffer-4.1.30.Final.jar:/home/user/.m2/repository/io/netty/netty-transport/4.1.30.Final/netty-transport-4.1.30.Final.jar:/home/user/.m2/repository/io/netty/netty-resolver/4.1.30.Final/netty-resolver-4.1.30.Final.jar:/home/user/.m2/repository/io/netty/netty-transport-native-unix-common/4.1.30.Final/netty-transport-native-unix-common-4.1.30.Final.jar:/home/user/.m2/repository/io/grpc/grpc-protobuf/1.17.1/grpc-protobuf-1.17.1.jar:/home/user/.m2/repository/com/google/api/grpc/proto-google-common-protos/1.0.0/proto-google-common-protos-1.0.0.jar:/home/user/.m2/repository/io/grpc/grpc-protobuf-lite/1.17.1/grpc-protobuf-lite-1.17.1.jar:/home/user/.m2/repository/io/grpc/grpc-stub/1.17.1/grpc-stub-1.17.1.jar:/home/user/.m2/repository/org/apache/hadoop/hadoop-ozone-recon/0.5.0-SNAPSHOT/hadoop-ozone-recon-0.5.0-SNAPSHOT.jar:/home/user/.m2/repository/org/apache/hadoop/hadoop-ozone-reconcodegen/0.5.0-SNAPSHOT/hadoop-ozone-reconcodegen-0.5.0-SNAPSHOT.jar:/home/user/.m2/repository/com/google/inject/extensions/guice-multibindings/4.0/guice-multibindings-4.0.jar:/home/user/.m2/repository/com/google/inject/guice/4.0/guice-4.0.jar:/home/user/.m2/repository/aopalliance/aopalliance/1.0/aopalliance-1.0.jar:/home/user/.m2/repository/com/google/inject/extensions/guice-servlet/4.0/guice-servlet-4.0.jar:/home/user/.m2/repository/org/glassfish/jersey/containers/jersey-container-servlet/2.27/jersey-container-servlet-2.27.jar:/home/user/.m2/repository/org/glassfish/hk2/guice-bridge/2.5.0/guice-bridge-2.5.0.jar:/home/user/.m2/repository/org/glassfish/jersey/core/jersey-server/2.27/jersey-server-2.27.jar:/home/user/.m2/repository/org/glassfish/jersey/core/jersey-client/2.27/jersey-client-2.27.jar:/home/user/.m2/repository/org/glassfish/jersey/media/jersey-media-jaxb/2.27/jersey-media-jaxb-2.27.jar:/home/user/.m2/repository/javax/validation/validation-api/1.1.0.Final/validation-api-1.1.0.Final.jar:/home/user/.m2/repository/org/glassfish/jersey/media/jersey-media-json-jackson/2.27/jersey-media-json-jackson-2.27.jar:/home/user/.m2/repository/org/glassfish/jersey/ext/jersey-entity-filtering/2.27/jersey-entity-filtering-2.27.jar:/home/user/.m2/repository/com/google/inject/extensions/guice-assistedinject/4.0/guice-assistedinject-4.0.jar:/home/user/.m2/repository/org/jooq/jooq/3.11.10/jooq-3.11.10.jar:/home/user/.m2/repository/org/jooq/jooq-meta/3.11.10/jooq-meta-3.11.10.jar:/home/user/.m2/repository/org/jooq/jooq-codegen/3.11.10/jooq-codegen-3.11.10.jar:/home/user/.m2/repository/com/jolbox/bonecp/0.8.0.RELEASE/bonecp-0.8.0.RELEASE.jar:/home/user/.m2/repository/org/xerial/sqlite-jdbc/3.25.2/sqlite-jdbc-3.25.2.jar:/home/user/.m2/repository/org/springframework/spring-jdbc/5.1.3.RELEASE/spring-jdbc-5.1.3.RELEASE.jar:/home/user/.m2/repository/org/springframework/spring-beans/5.1.3.RELEASE/spring-beans-5.1.3.RELEASE.jar:/home/user/.m2/repository/org/springframework/spring-core/5.1.3.RELEASE/spring-core-5.1.3.RELEASE.jar:/home/user/.m2/repository/org/springframework/spring-jcl/5.1.3.RELEASE/spring-jcl-5.1.3.RELEASE.jar:/home/user/.m2/repository/org/springframework/spring-tx/5.1.3.RELEASE/spring-tx-5.1.3.RELEASE.jar:/home/user/.m2/repository/org/apache/hadoop/hadoop-ozone-client/0.5.0-SNAPSHOT/hadoop-ozone-client-0.5.0-SNAPSHOT.jar:/home/user/.m2/repository/commons-lang/commons-lang/2.6/commons-lang-2.6.jar:/home/user/.m2/repository/org/apache/hadoop/hadoop-ozone-ozone-manager/0.5.0-SNAPSHOT/hadoop-ozone-ozone-manager-0.5.0-SNAPSHOT-tests.jar:/home/user/.m2/repository/junit/junit/4.11/junit-4.11.jar:/home/user/.m2/repository/org/hamcrest/hamcrest-core/1.3/hamcrest-core-1.3.jar:/home/user/.m2/repository/org/openjdk/jmh/jmh-core/1.19/jmh-core-1.19.jar:/home/user/.m2/repository/net/sf/jopt-simple/jopt-simple/4.6/jopt-simple-4.6.jar:/home/user/.m2/repository/org/apache/commons/commons-math3/3.1.1/commons-math3-3.1.1.jar:/home/user/.m2/repository/org/openjdk/jmh/jmh-generator-annprocess/1.19/jmh-generator-annprocess-1.19.jar:/home/user/.m2/repository/org/mockito/mockito-all/1.8.5/mockito-all-1.8.5.jar:/home/user/.m2/repository/org/apache/hadoop/hadoop-kms/3.2.0/hadoop-kms-3.2.0.jar:/home/user/.m2/repository/org/apache/hadoop/hadoop-auth/3.2.0/hadoop-auth-3.2.0.jar:/home/user/.m2/repository/com/nimbusds/nimbus-jose-jwt/4.41.1/nimbus-jose-jwt-4.41.1.jar:/home/user/.m2/repository/com/github/stephenc/jcip/jcip-annotations/1.0-1/jcip-annotations-1.0-1.jar:/home/user/.m2/repository/net/minidev/json-smart/2.3/json-smart-2.3.jar:/home/user/.m2/repository/net/minidev/accessors-smart/1.2/accessors-smart-1.2.jar:/home/user/.m2/repository/org/ow2/asm/asm/5.0.4/asm-5.0.4.jar:/home/user/.m2/repository/org/apache/curator/curator-framework/2.12.0/curator-framework-2.12.0.jar:/home/user/.m2/repository/com/sun/jersey/jersey-core/1.19/jersey-core-1.19.jar:/home/user/.m2/repository/javax/ws/rs/jsr311-api/1.1.1/jsr311-api-1.1.1.jar:/home/user/.m2/repository/com/sun/jersey/jersey-server/1.19/jersey-server-1.19.jar:/home/user/.m2/repository/javax/servlet/javax.servlet-api/3.1.0/javax.servlet-api-3.1.0.jar:/home/user/.m2/repository/org/eclipse/jetty/jetty-server/9.3.25.v20180904/jetty-server-9.3.25.v20180904.jar:/home/user/.m2/repository/org/eclipse/jetty/jetty-http/9.3.25.v20180904/jetty-http-9.3.25.v20180904.jar:/home/user/.m2/repository/org/eclipse/jetty/jetty-io/9.3.25.v20180904/jetty-io-9.3.25.v20180904.jar:/home/user/.m2/repository/org/eclipse/jetty/jetty-webapp/9.3.25.v20180904/jetty-webapp-9.3.25.v20180904.jar:/home/user/.m2/repository/org/eclipse/jetty/jetty-xml/9.3.25.v20180904/jetty-xml-9.3.25.v20180904.jar:/home/user/.m2/repository/log4j/log4j/1.2.17/log4j-1.2.17.jar:/home/user/.m2/repository/org/slf4j/slf4j-api/1.7.25/slf4j-api-1.7.25.jar:/home/user/.m2/repository/org/slf4j/jul-to-slf4j/1.7.25/jul-to-slf4j-1.7.25.jar:/home/user/.m2/repository/org/eclipse/jetty/jetty-util/9.3.25.v20180904/jetty-util-9.3.25.v20180904.jar:/home/user/.m2/repository/com/fasterxml/jackson/core/jackson-databind/2.9.9/jackson-databind-2.9.9.jar:/home/user/.m2/repository/org/apache/hadoop/hadoop-kms/3.2.0/hadoop-kms-3.2.0-tests.jar:/home/user/.m2/repository/org/apache/hadoop/hadoop-hdds-server-scm/0.5.0-SNAPSHOT/hadoop-hdds-server-scm-0.5.0-SNAPSHOT-tests.jar:/home/user/.m2/repository/org/apache/hadoop/hadoop-hdds-container-service/0.5.0-SNAPSHOT/hadoop-hdds-container-service-0.5.0-SNAPSHOT-tests.jar:/home/user/.m2/repository/org/yaml/snakeyaml/1.16/snakeyaml-1.16.jar:/home/user/.m2/repository/org/apache/hadoop/hadoop-common/3.2.0/hadoop-common-3.2.0-tests.jar:/home/user/.m2/repository/org/apache/hadoop/hadoop-annotations/3.2.0/hadoop-annotations-3.2.0.jar:/usr/lib/jvm/java-1.8.0-openjdk-1.8.0.222.b10-1.el7_7.x86_64/jre/../lib/tools.jar:/home/user/.m2/repository/commons-cli/commons-cli/1.2/commons-cli-1.2.jar:/home/user/.m2/repository/org/apache/httpcomponents/httpclient/4.5.2/httpclient-4.5.2.jar:/home/user/.m2/repository/org/apache/httpcomponents/httpcore/4.4.4/httpcore-4.4.4.jar:/home/user/.m2/repository/commons-codec/commons-codec/1.11/commons-codec-1.11.jar:/home/user/.m2/repository/commons-net/commons-net/3.6/commons-net-3.6.jar:/home/user/.m2/repository/commons-collections/commons-collections/3.2.2/commons-collections-3.2.2.jar:/home/user/.m2/repository/org/eclipse/jetty/jetty-servlet/9.3.25.v20180904/jetty-servlet-9.3.25.v20180904.jar:/home/user/.m2/repository/org/eclipse/jetty/jetty-security/9.3.25.v20180904/jetty-security-9.3.25.v20180904.jar:/home/user/.m2/repository/javax/servlet/jsp/jsp-api/2.1/jsp-api-2.1.jar:/home/user/.m2/repository/com/sun/jersey/jersey-servlet/1.19/jersey-servlet-1.19.jar:/home/user/.m2/repository/com/sun/jersey/jersey-json/1.19/jersey-json-1.19.jar:/home/user/.m2/repository/org/codehaus/jettison/jettison/1.1/jettison-1.1.jar:/home/user/.m2/repository/org/codehaus/jackson/jackson-core-asl/1.9.13/jackson-core-asl-1.9.13.jar:/home/user/.m2/repository/org/codehaus/jackson/jackson-mapper-asl/1.9.13/jackson-mapper-asl-1.9.13.jar:/home/user/.m2/repository/org/codehaus/jackson/jackson-jaxrs/1.9.13/jackson-jaxrs-1.9.13.jar:/home/user/.m2/repository/org/codehaus/jackson/jackson-xc/1.9.13/jackson-xc-1.9.13.jar:/home/user/.m2/repository/commons-logging/commons-logging/1.1.3/commons-logging-1.1.3.jar:/home/user/.m2/repository/commons-beanutils/commons-beanutils/1.9.4/commons-beanutils-1.9.4.jar:/home/user/.m2/repository/org/apache/commons/commons-configuration2/2.1.1/commons-configuration2-2.1.1.jar:/home/user/.m2/repository/org/apache/commons/commons-lang3/3.7/commons-lang3-3.7.jar:/home/user/.m2/repository/org/apache/commons/commons-text/1.4/commons-text-1.4.jar:/home/user/.m2/repository/org/apache/avro/avro/1.7.7/avro-1.7.7.jar:/home/user/.m2/repository/com/thoughtworks/paranamer/paranamer/2.3/paranamer-2.3.jar:/home/user/.m2/repository/org/xerial/snappy/snappy-java/1.0.5/snappy-java-1.0.5.jar:/home/user/.m2/repository/com/google/re2j/re2j/1.1/re2j-1.1.jar:/home/user/.m2/repository/com/google/code/gson/gson/2.2.4/gson-2.2.4.jar:/home/user/.m2/repository/com/jcraft/jsch/0.1.54/jsch-0.1.54.jar:/home/user/.m2/repository/org/apache/curator/curator-client/2.12.0/curator-client-2.12.0.jar:/home/user/.m2/repository/org/apache/curator/curator-recipes/2.12.0/curator-recipes-2.12.0.jar:/home/user/.m2/repository/com/google/code/findbugs/jsr305/3.0.0/jsr305-3.0.0.jar:/home/user/.m2/repository/org/apache/htrace/htrace-core4/4.1.0-incubating/htrace-core4-4.1.0-incubating.jar:/home/user/.m2/repository/org/apache/zookeeper/zookeeper/3.4.13/zookeeper-3.4.13.jar:/home/user/.m2/repository/jline/jline/0.9.94/jline-0.9.94.jar:/home/user/.m2/repository/org/apache/yetus/audience-annotations/0.5.0/audience-annotations-0.5.0.jar:/home/user/.m2/repository/org/codehaus/woodstox/stax2-api/3.1.4/stax2-api-3.1.4.jar:/home/user/.m2/repository/com/fasterxml/woodstox/woodstox-core/5.0.3/woodstox-core-5.0.3.jar:/home/user/.m2/repository/dnsjava/dnsjava/2.1.7/dnsjava-2.1.7.jar:/home/user/.m2/repository/org/apache/hadoop/hadoop-hdfs/3.2.0/hadoop-hdfs-3.2.0-tests.jar:/home/user/.m2/repository/org/eclipse/jetty/jetty-util-ajax/9.3.25.v20180904/jetty-util-ajax-9.3.25.v20180904.jar:/home/user/.m2/repository/commons-daemon/commons-daemon/1.0.13/commons-daemon-1.0.13.jar:/home/user/.m2/repository/io/netty/netty/3.10.5.Final/netty-3.10.5.Final.jar:/home/user/.m2/repository/io/netty/netty-all/4.0.52.Final/netty-all-4.0.52.Final.jar:/home/user/.m2/repository/org/fusesource/leveldbjni/leveldbjni-all/1.8/leveldbjni-all-1.8.jar:"/>
    <property name="sun.cpu.endian" value="little"/>
    <property name="user.home" value="/home/user"/>
    <property name="user.language" value="en"/>
    <property name="java.specification.vendor" value="Oracle Corporation"/>
    <property name="java.home" value="/usr/lib/jvm/java-1.8.0-openjdk-1.8.0.222.b10-1.el7_7.x86_64/jre"/>
    <property name="surefire.excludesFile" value="/tools/ozone-bad-unit-tests"/>
    <property name="java.security.krb5.conf" value="/workdir/hadoop-ozone/integration-test/target/test-classes/krb5.conf"/>
    <property name="basedir" value="/workdir/hadoop-ozone/integration-test"/>
    <property name="file.separator" value="/"/>
    <property name="line.separator" value="&#10;"/>
    <property name="java.vm.specification.vendor" value="Oracle Corporation"/>
    <property name="java.specification.name" value="Java Platform API Specification"/>
    <property name="java.awt.graphicsenv" value="sun.awt.X11GraphicsEnvironment"/>
    <property name="surefire.real.class.path" value="/workdir/hadoop-ozone/integration-test/target/surefire/surefirebooter2707677270619846990.jar"/>
    <property name="hadoop.log.dir" value="/workdir/hadoop-ozone/integration-test/target/log"/>
    <property name="sun.boot.class.path" value="/usr/lib/jvm/java-1.8.0-openjdk-1.8.0.222.b10-1.el7_7.x86_64/jre/lib/resources.jar:/usr/lib/jvm/java-1.8.0-openjdk-1.8.0.222.b10-1.el7_7.x86_64/jre/lib/rt.jar:/usr/lib/jvm/java-1.8.0-openjdk-1.8.0.222.b10-1.el7_7.x86_64/jre/lib/sunrsasign.jar:/usr/lib/jvm/java-1.8.0-openjdk-1.8.0.222.b10-1.el7_7.x86_64/jre/lib/jsse.jar:/usr/lib/jvm/java-1.8.0-openjdk-1.8.0.222.b10-1.el7_7.x86_64/jre/lib/jce.jar:/usr/lib/jvm/java-1.8.0-openjdk-1.8.0.222.b10-1.el7_7.x86_64/jre/lib/charsets.jar:/usr/lib/jvm/java-1.8.0-openjdk-1.8.0.222.b10-1.el7_7.x86_64/jre/lib/jfr.jar:/usr/lib/jvm/java-1.8.0-openjdk-1.8.0.222.b10-1.el7_7.x86_64/jre/classes"/>
    <property name="sun.management.compiler" value="HotSpot 64-Bit Tiered Compilers"/>
    <property name="java.runtime.version" value="1.8.0_222-b10"/>
    <property name="java.net.preferIPv4Stack" value="true"/>
    <property name="user.name" value="jenkins1000"/>
    <property name="path.separator" value=":"/>
    <property name="java.security.egd" value="file:///dev/urandom"/>
    <property name="os.version" value="3.10.0-957.12.2.el7.x86_64"/>
    <property name="java.endorsed.dirs" value="/usr/lib/jvm/java-1.8.0-openjdk-1.8.0.222.b10-1.el7_7.x86_64/jre/lib/endorsed"/>
    <property name="java.runtime.name" value="OpenJDK Runtime Environment"/>
    <property name="file.encoding" value="ANSI_X3.4-1968"/>
    <property name="java.vm.name" value="OpenJDK 64-Bit Server VM"/>
    <property name="test.build.webapps" value=""/>
    <property name="localRepository" value="/home/user/.m2/repository"/>
    <property name="java.vendor.url.bug" value="http://bugreport.sun.com/bugreport/"/>
    <property name="java.io.tmpdir" value="/tmp"/>
    <property name="require.test.libhadoop" value=""/>
    <property name="java.version" value="1.8.0_222"/>
    <property name="user.dir" value="/workdir/hadoop-ozone/integration-test"/>
    <property name="os.arch" value="amd64"/>
    <property name="java.vm.specification.name" value="Java Virtual Machine Specification"/>
    <property name="test.build.classes" value="/workdir/hadoop-ozone/integration-test/target/test-classes"/>
    <property name="java.awt.printerjob" value="sun.print.PSPrinterJob"/>
    <property name="sun.os.patch.level" value="unknown"/>
    <property name="hadoop.tmp.dir" value="/workdir/hadoop-ozone/integration-test/target/tmp"/>
    <property name="java.library.path" value="/usr/lib:/workdir/hadoop-ozone/integration-test/target/native/target/usr/local/lib:/workdir/hadoop-ozone/integration-test/../../hadoop-common-project/hadoop-common/target/native/target/usr/local/lib:/usr/java/packages/lib/amd64:/usr/lib64:/lib64:/lib:/usr/lib"/>
    <property name="java.vm.info" value="mixed mode"/>
    <property name="java.vendor" value="Oracle Corporation"/>
    <property name="java.vm.version" value="25.222-b10"/>
    <property name="java.ext.dirs" value="/usr/lib/jvm/java-1.8.0-openjdk-1.8.0.222.b10-1.el7_7.x86_64/jre/lib/ext:/usr/java/packages/lib/ext"/>
    <property name="sun.io.unicode.encoding" value="UnicodeLittle"/>
    <property name="java.class.version" value="52.0"/>
  </properties>
  <testcase name="testDeleteKeyWithSlowFollower" classname="org.apache.hadoop.ozone.client.rpc.TestDeleteWithSlowFollower" time="111.631">
    <failure type="java.lang.AssertionError">java.lang.AssertionError
	at org.junit.Assert.fail(Assert.java:86)
	at org.junit.Assert.assertTrue(Assert.java:41)
	at org.junit.Assert.assertTrue(Assert.java:52)
	at org.apache.hadoop.ozone.client.rpc.TestDeleteWithSlowFollower.testDeleteKeyWithSlowFollower(TestDeleteWithSlowFollower.java:265)
	at sun.reflect.NativeMethodAccessorImpl.invoke0(Native Method)
	at sun.reflect.NativeMethodAccessorImpl.invoke(NativeMethodAccessorImpl.java:62)
	at sun.reflect.DelegatingMethodAccessorImpl.invoke(DelegatingMethodAccessorImpl.java:43)
	at java.lang.reflect.Method.invoke(Method.java:498)
	at org.junit.runners.model.FrameworkMethod$1.runReflectiveCall(FrameworkMethod.java:47)
	at org.junit.internal.runners.model.ReflectiveCallable.run(ReflectiveCallable.java:12)
	at org.junit.runners.model.FrameworkMethod.invokeExplosively(FrameworkMethod.java:44)
	at org.junit.internal.runners.statements.InvokeMethod.evaluate(InvokeMethod.java:17)
	at org.junit.runners.ParentRunner.runLeaf(ParentRunner.java:271)
	at org.junit.runners.BlockJUnit4ClassRunner.runChild(BlockJUnit4ClassRunner.java:70)
	at org.junit.runners.BlockJUnit4ClassRunner.runChild(BlockJUnit4ClassRunner.java:50)
	at org.junit.runners.ParentRunner$3.run(ParentRunner.java:238)
	at org.junit.runners.ParentRunner$1.schedule(ParentRunner.java:63)
	at org.junit.runners.ParentRunner.runChildren(ParentRunner.java:236)
	at org.junit.runners.ParentRunner.access$000(ParentRunner.java:53)
	at org.junit.runners.ParentRunner$2.evaluate(ParentRunner.java:229)
	at org.junit.internal.runners.statements.RunBefores.evaluate(RunBefores.java:26)
	at org.junit.internal.runners.statements.RunAfters.evaluate(RunAfters.java:27)
	at org.junit.runners.ParentRunner.run(ParentRunner.java:309)
	at org.apache.maven.surefire.junit4.JUnit4Provider.execute(JUnit4Provider.java:365)
	at org.apache.maven.surefire.junit4.JUnit4Provider.executeWithRerun(JUnit4Provider.java:273)
	at org.apache.maven.surefire.junit4.JUnit4Provider.executeTestSet(JUnit4Provider.java:238)
	at org.apache.maven.surefire.junit4.JUnit4Provider.invoke(JUnit4Provider.java:159)
	at org.apache.maven.surefire.booter.ForkedBooter.invokeProviderInSameClassLoader(ForkedBooter.java:384)
	at org.apache.maven.surefire.booter.ForkedBooter.runSuitesInProcess(ForkedBooter.java:345)
	at org.apache.maven.surefire.booter.ForkedBooter.execute(ForkedBooter.java:126)
	at org.apache.maven.surefire.booter.ForkedBooter.main(ForkedBooter.java:418)
</failure>
    <system-out><![CDATA[2019-10-20 12:57:41,948 [main] WARN  server.ServerUtils (ServerUtils.java:getScmDbDir(145)) - ozone.scm.db.dirs is not configured. We recommend adding this setting. Falling back to ozone.metadata.dirs instead.
2019-10-20 12:57:42,036 [main] WARN  server.ServerUtils (ServerUtils.java:getScmDbDir(145)) - ozone.scm.db.dirs is not configured. We recommend adding this setting. Falling back to ozone.metadata.dirs instead.
2019-10-20 12:57:42,038 [main] WARN  server.ServerUtils (ServerUtils.java:getScmDbDir(145)) - ozone.scm.db.dirs is not configured. We recommend adding this setting. Falling back to ozone.metadata.dirs instead.
2019-10-20 12:57:42,060 [main] INFO  util.log (Log.java:initialized(192)) - Logging initialized @732ms
2019-10-20 12:57:42,135 [main] INFO  db.DBStoreBuilder (DBStoreBuilder.java:addTable(117)) - using custom profile for table: deletedBlocks
2019-10-20 12:57:42,135 [main] INFO  db.DBStoreBuilder (DBStoreBuilder.java:processTables(168)) - Using default column profile:DBProfile.DISK for Table:deletedBlocks
2019-10-20 12:57:42,135 [main] INFO  db.DBStoreBuilder (DBStoreBuilder.java:addTable(117)) - using custom profile for table: validCerts
2019-10-20 12:57:42,136 [main] INFO  db.DBStoreBuilder (DBStoreBuilder.java:processTables(168)) - Using default column profile:DBProfile.DISK for Table:validCerts
2019-10-20 12:57:42,136 [main] INFO  db.DBStoreBuilder (DBStoreBuilder.java:addTable(117)) - using custom profile for table: revokedCerts
2019-10-20 12:57:42,136 [main] INFO  db.DBStoreBuilder (DBStoreBuilder.java:processTables(168)) - Using default column profile:DBProfile.DISK for Table:revokedCerts
2019-10-20 12:57:42,144 [main] INFO  db.DBStoreBuilder (DBStoreBuilder.java:addTable(117)) - using custom profile for table: default
2019-10-20 12:57:42,145 [main] INFO  db.DBStoreBuilder (DBStoreBuilder.java:processTables(174)) - Using default column profile:DBProfile.DISK for Table:default
2019-10-20 12:57:42,146 [main] INFO  db.DBStoreBuilder (DBStoreBuilder.java:getDbProfile(205)) - Using default options. DBProfile.DISK
2019-10-20 12:57:42,450 [main] INFO  net.NodeSchemaLoader (NodeSchemaLoader.java:loadSchemaFromFile(125)) - Loading file from sun.misc.CompoundEnumeration@74235045
2019-10-20 12:57:42,453 [main] INFO  net.NodeSchemaLoader (NodeSchemaLoader.java:loadSchema(171)) - Loading network topology layer schema file
2019-10-20 12:57:42,532 [main] WARN  server.ServerUtils (ServerUtils.java:sanitizeUserArgs(70)) - ozone.scm.stale.node.interval value = 1000000 is larger than max = 100000 based on the key value of ozone.scm.heartbeat.thread.interval, reset to the max value 100000.
2019-10-20 12:57:42,534 [main] WARN  server.ServerUtils (ServerUtils.java:sanitizeUserArgs(70)) - ozone.scm.stale.node.interval value = 1000000 is larger than max = 100000 based on the key value of ozone.scm.heartbeat.thread.interval, reset to the max value 100000.
2019-10-20 12:57:42,537 [main] INFO  node.SCMNodeManager (SCMNodeManager.java:<init>(116)) - Entering startup safe mode.
2019-10-20 12:57:42,603 [main] INFO  algorithms.ContainerPlacementPolicyFactory (ContainerPlacementPolicyFactory.java:getPolicy(57)) - Create container placement policy of type org.apache.hadoop.hdds.scm.container.placement.algorithms.SCMContainerPlacementRandom
2019-10-20 12:57:42,616 [main] WARN  server.ServerUtils (ServerUtils.java:getScmDbDir(145)) - ozone.scm.db.dirs is not configured. We recommend adding this setting. Falling back to ozone.metadata.dirs instead.
2019-10-20 12:57:42,718 [main] INFO  pipeline.SCMPipelineManager (SCMPipelineManager.java:initializePipelineState(132)) - No pipeline exists in current db
2019-10-20 12:57:42,721 [main] WARN  server.ServerUtils (ServerUtils.java:getScmDbDir(145)) - ozone.scm.db.dirs is not configured. We recommend adding this setting. Falling back to ozone.metadata.dirs instead.
2019-10-20 12:57:42,828 [main] WARN  events.EventQueue (EventQueue.java:fireEvent(183)) - No event handler registered for event TypedEvent{payloadType=SafeModeStatus, name='SafeModeStatus'}
2019-10-20 12:57:43,193 [main] INFO  ipc.CallQueueManager (CallQueueManager.java:<init>(84)) - Using callQueue: class java.util.concurrent.LinkedBlockingQueue, queueCapacity: 2000, scheduler: class org.apache.hadoop.ipc.DefaultRpcScheduler, ipcBackoff: false.
2019-10-20 12:57:43,317 [Socket Reader #1 for port 34741] INFO  ipc.Server (Server.java:run(1074)) - Starting Socket Reader #1 for port 34741
2019-10-20 12:57:43,354 [main] INFO  ipc.CallQueueManager (CallQueueManager.java:<init>(84)) - Using callQueue: class java.util.concurrent.LinkedBlockingQueue, queueCapacity: 2000, scheduler: class org.apache.hadoop.ipc.DefaultRpcScheduler, ipcBackoff: false.
2019-10-20 12:57:43,355 [Socket Reader #1 for port 44893] INFO  ipc.Server (Server.java:run(1074)) - Starting Socket Reader #1 for port 44893
2019-10-20 12:57:43,365 [main] INFO  ipc.CallQueueManager (CallQueueManager.java:<init>(84)) - Using callQueue: class java.util.concurrent.LinkedBlockingQueue, queueCapacity: 2000, scheduler: class org.apache.hadoop.ipc.DefaultRpcScheduler, ipcBackoff: false.
2019-10-20 12:57:43,366 [Socket Reader #1 for port 42607] INFO  ipc.Server (Server.java:run(1074)) - Starting Socket Reader #1 for port 42607
2019-10-20 12:57:43,394 [main] INFO  hdfs.DFSUtil (DFSUtil.java:httpServerTemplateForNNAndJN(1641)) - Starting Web-server for scm at: http://0.0.0.0:0
2019-10-20 12:57:43,535 [main] INFO  server.AuthenticationFilter (AuthenticationFilter.java:constructSecretProvider(240)) - Unable to initialize FileSignerSecretProvider, falling back to use random secrets.
2019-10-20 12:57:43,543 [main] WARN  http.HttpRequestLog (HttpRequestLog.java:getRequestLog(97)) - Jetty request log can only be enabled using Log4j
2019-10-20 12:57:43,550 [main] INFO  http.HttpServer2 (HttpServer2.java:addGlobalFilter(975)) - Added global filter 'safety' (class=org.apache.hadoop.http.HttpServer2$QuotingInputFilter)
2019-10-20 12:57:43,553 [main] INFO  http.HttpServer2 (HttpServer2.java:addFilter(948)) - Added filter static_user_filter (class=org.apache.hadoop.http.lib.StaticUserWebFilter$StaticUserFilter) to context scm
2019-10-20 12:57:43,553 [main] INFO  http.HttpServer2 (HttpServer2.java:addFilter(958)) - Added filter static_user_filter (class=org.apache.hadoop.http.lib.StaticUserWebFilter$StaticUserFilter) to context static
2019-10-20 12:57:43,554 [main] INFO  http.HttpServer2 (HttpServer2.java:addFilter(958)) - Added filter static_user_filter (class=org.apache.hadoop.http.lib.StaticUserWebFilter$StaticUserFilter) to context logs
2019-10-20 12:57:43,583 [main] INFO  server.StorageContainerManager (StorageContainerManager.java:start(772)) - StorageContainerLocationProtocol RPC server is listening at /0.0.0.0:42607
2019-10-20 12:57:43,641 [main] WARN  impl.MetricsConfig (MetricsConfig.java:loadFirst(134)) - Cannot locate configuration: tried hadoop-metrics2-storagecontainermanager.properties,hadoop-metrics2.properties
2019-10-20 12:57:43,653 [main] INFO  impl.MetricsSystemImpl (MetricsSystemImpl.java:startTimer(374)) - Scheduled Metric snapshot period at 10 second(s).
2019-10-20 12:57:43,653 [main] INFO  impl.MetricsSystemImpl (MetricsSystemImpl.java:start(191)) - StorageContainerManager metrics system started
2019-10-20 12:57:43,881 [main] INFO  server.SCMClientProtocolServer (SCMClientProtocolServer.java:start(159)) - RPC server for Client  is listening at /0.0.0.0:42607
2019-10-20 12:57:43,881 [IPC Server Responder] INFO  ipc.Server (Server.java:run(1314)) - IPC Server Responder: starting
2019-10-20 12:57:43,881 [IPC Server listener on 42607] INFO  ipc.Server (Server.java:run(1153)) - IPC Server listener on 42607: starting
2019-10-20 12:57:43,884 [main] INFO  server.StorageContainerManager (StorageContainerManager.java:start(782)) - ScmBlockLocationProtocol RPC server is listening at /0.0.0.0:44893
2019-10-20 12:57:43,885 [main] INFO  server.SCMBlockProtocolServer (SCMBlockProtocolServer.java:start(146)) - RPC server for Block Protocol is listening at /0.0.0.0:44893
2019-10-20 12:57:43,885 [IPC Server Responder] INFO  ipc.Server (Server.java:run(1314)) - IPC Server Responder: starting
2019-10-20 12:57:43,885 [IPC Server listener on 44893] INFO  ipc.Server (Server.java:run(1153)) - IPC Server listener on 44893: starting
2019-10-20 12:57:43,887 [main] INFO  server.StorageContainerManager (StorageContainerManager.java:start(786)) - ScmDatanodeProtocl RPC server is listening at /0.0.0.0:34741
2019-10-20 12:57:43,888 [main] INFO  server.SCMDatanodeProtocolServer (SCMDatanodeProtocolServer.java:start(169)) - RPC server for DataNodes is listening at /0.0.0.0:34741
2019-10-20 12:57:43,888 [IPC Server Responder] INFO  ipc.Server (Server.java:run(1314)) - IPC Server Responder: starting
2019-10-20 12:57:43,888 [IPC Server listener on 34741] INFO  ipc.Server (Server.java:run(1153)) - IPC Server listener on 34741: starting
2019-10-20 12:57:43,892 [main] INFO  http.HttpServer2 (HttpServer2.java:bindListener(1191)) - Jetty bound to port 39182
2019-10-20 12:57:43,893 [main] INFO  server.Server (Server.java:doStart(351)) - jetty-9.3.25.v20180904, build timestamp: 2018-09-04T21:11:46Z, git hash: 3ce520221d0240229c862b122d2b06c12a625732
2019-10-20 12:57:43,928 [main] INFO  handler.ContextHandler (ContextHandler.java:doStart(781)) - Started o.e.j.s.ServletContextHandler@65fe9e33{/logs,file:///workdir/hadoop-ozone/integration-test/target/log,AVAILABLE}
2019-10-20 12:57:43,929 [main] INFO  handler.ContextHandler (ContextHandler.java:doStart(781)) - Started o.e.j.s.ServletContextHandler@42f8285e{/static,file:///workdir/hadoop-ozone/integration-test/target/test-classes/webapps/static,AVAILABLE}
2019-10-20 12:57:43,960 [main] INFO  handler.ContextHandler (ContextHandler.java:doStart(781)) - Started o.e.j.w.WebAppContext@3d6300e8{/,file:///workdir/hadoop-ozone/integration-test/target/test-classes/webapps/scm/,AVAILABLE}{/scm}
2019-10-20 12:57:43,966 [main] INFO  server.AbstractConnector (AbstractConnector.java:doStart(278)) - Started ServerConnector@3af4e0bf{HTTP/1.1,[http/1.1]}{0.0.0.0:39182}
2019-10-20 12:57:43,966 [main] INFO  server.Server (Server.java:doStart(419)) - Started @2638ms
2019-10-20 12:57:43,968 [main] INFO  impl.MetricsSinkAdapter (MetricsSinkAdapter.java:start(204)) - Sink prometheus started
2019-10-20 12:57:43,968 [main] INFO  impl.MetricsSystemImpl (MetricsSystemImpl.java:registerSink(301)) - Registered sink prometheus
2019-10-20 12:57:43,970 [main] INFO  server.BaseHttpServer (BaseHttpServer.java:updateConnectorAddress(215)) - HTTP server of SCM is listening at http://0.0.0.0:39182
2019-10-20 12:57:43,975 [org.apache.hadoop.util.JvmPauseMonitor$Monitor@1a2e2935] INFO  util.JvmPauseMonitor (JvmPauseMonitor.java:run(188)) - Starting JVM pause monitor
2019-10-20 12:57:43,977 [main] WARN  server.ServerUtils (ServerUtils.java:getDBPath(222)) - ozone.om.db.dirs is not configured. We recommend adding this setting. Falling back to ozone.metadata.dirs instead.
2019-10-20 12:57:44,074 [main] INFO  ha.OMHANodeDetails (OMHANodeDetails.java:loadOMHAConfig(190)) - Configuration either no ozone.om.address set. Falling back to the default OM address /127.0.0.1:0
2019-10-20 12:57:44,074 [main] INFO  ha.OMHANodeDetails (OMHANodeDetails.java:getOMNodeDetails(220)) - OM Service ID is not set. Setting it to the default ID: omServiceIdDefault
2019-10-20 12:57:44,076 [main] WARN  server.ServerUtils (ServerUtils.java:getDBPath(222)) - ozone.om.db.dirs is not configured. We recommend adding this setting. Falling back to ozone.metadata.dirs instead.
2019-10-20 12:57:44,077 [main] WARN  server.ServerUtils (ServerUtils.java:getDBPath(222)) - ozone.om.db.dirs is not configured. We recommend adding this setting. Falling back to ozone.metadata.dirs instead.
2019-10-20 12:57:44,688 [main] WARN  server.ServerUtils (ServerUtils.java:getDBPath(222)) - ozone.om.db.dirs is not configured. We recommend adding this setting. Falling back to ozone.metadata.dirs instead.
2019-10-20 12:57:44,696 [main] INFO  db.DBStoreBuilder (DBStoreBuilder.java:addTable(117)) - using custom profile for table: userTable
2019-10-20 12:57:44,696 [main] INFO  db.DBStoreBuilder (DBStoreBuilder.java:processTables(168)) - Using default column profile:DBProfile.DISK for Table:userTable
2019-10-20 12:57:44,696 [main] INFO  db.DBStoreBuilder (DBStoreBuilder.java:addTable(117)) - using custom profile for table: volumeTable
2019-10-20 12:57:44,696 [main] INFO  db.DBStoreBuilder (DBStoreBuilder.java:processTables(168)) - Using default column profile:DBProfile.DISK for Table:volumeTable
2019-10-20 12:57:44,697 [main] INFO  db.DBStoreBuilder (DBStoreBuilder.java:addTable(117)) - using custom profile for table: bucketTable
2019-10-20 12:57:44,697 [main] INFO  db.DBStoreBuilder (DBStoreBuilder.java:processTables(168)) - Using default column profile:DBProfile.DISK for Table:bucketTable
2019-10-20 12:57:44,697 [main] INFO  db.DBStoreBuilder (DBStoreBuilder.java:addTable(117)) - using custom profile for table: keyTable
2019-10-20 12:57:44,697 [main] INFO  db.DBStoreBuilder (DBStoreBuilder.java:processTables(168)) - Using default column profile:DBProfile.DISK for Table:keyTable
2019-10-20 12:57:44,698 [main] INFO  db.DBStoreBuilder (DBStoreBuilder.java:addTable(117)) - using custom profile for table: deletedTable
2019-10-20 12:57:44,698 [main] INFO  db.DBStoreBuilder (DBStoreBuilder.java:processTables(168)) - Using default column profile:DBProfile.DISK for Table:deletedTable
2019-10-20 12:57:44,698 [main] INFO  db.DBStoreBuilder (DBStoreBuilder.java:addTable(117)) - using custom profile for table: openKeyTable
2019-10-20 12:57:44,698 [main] INFO  db.DBStoreBuilder (DBStoreBuilder.java:processTables(168)) - Using default column profile:DBProfile.DISK for Table:openKeyTable
2019-10-20 12:57:44,698 [main] INFO  db.DBStoreBuilder (DBStoreBuilder.java:addTable(117)) - using custom profile for table: s3Table
2019-10-20 12:57:44,699 [main] INFO  db.DBStoreBuilder (DBStoreBuilder.java:processTables(168)) - Using default column profile:DBProfile.DISK for Table:s3Table
2019-10-20 12:57:44,699 [main] INFO  db.DBStoreBuilder (DBStoreBuilder.java:addTable(117)) - using custom profile for table: multipartInfoTable
2019-10-20 12:57:44,699 [main] INFO  db.DBStoreBuilder (DBStoreBuilder.java:processTables(168)) - Using default column profile:DBProfile.DISK for Table:multipartInfoTable
2019-10-20 12:57:44,699 [main] INFO  db.DBStoreBuilder (DBStoreBuilder.java:addTable(117)) - using custom profile for table: dTokenTable
2019-10-20 12:57:44,699 [main] INFO  db.DBStoreBuilder (DBStoreBuilder.java:processTables(168)) - Using default column profile:DBProfile.DISK for Table:dTokenTable
2019-10-20 12:57:44,700 [main] INFO  db.DBStoreBuilder (DBStoreBuilder.java:addTable(117)) - using custom profile for table: s3SecretTable
2019-10-20 12:57:44,700 [main] INFO  db.DBStoreBuilder (DBStoreBuilder.java:processTables(168)) - Using default column profile:DBProfile.DISK for Table:s3SecretTable
2019-10-20 12:57:44,700 [main] INFO  db.DBStoreBuilder (DBStoreBuilder.java:addTable(117)) - using custom profile for table: prefixTable
2019-10-20 12:57:44,700 [main] INFO  db.DBStoreBuilder (DBStoreBuilder.java:processTables(168)) - Using default column profile:DBProfile.DISK for Table:prefixTable
2019-10-20 12:57:44,701 [main] INFO  db.DBStoreBuilder (DBStoreBuilder.java:addTable(117)) - using custom profile for table: default
2019-10-20 12:57:44,701 [main] INFO  db.DBStoreBuilder (DBStoreBuilder.java:processTables(174)) - Using default column profile:DBProfile.DISK for Table:default
2019-10-20 12:57:44,701 [main] INFO  db.DBStoreBuilder (DBStoreBuilder.java:getDbProfile(205)) - Using default options. DBProfile.DISK
2019-10-20 12:57:44,999 [main] INFO  ipc.CallQueueManager (CallQueueManager.java:<init>(84)) - Using callQueue: class java.util.concurrent.LinkedBlockingQueue, queueCapacity: 2000, scheduler: class org.apache.hadoop.ipc.DefaultRpcScheduler, ipcBackoff: false.
2019-10-20 12:57:45,000 [Socket Reader #1 for port 36440] INFO  ipc.Server (Server.java:run(1074)) - Starting Socket Reader #1 for port 36440
2019-10-20 12:57:45,023 [main] INFO  om.OzoneManager (OzoneManager.java:start(1074)) - OzoneManager RPC server is listening at localhost/127.0.0.1:36440
2019-10-20 12:57:45,023 [main] INFO  impl.MetricsSystemImpl (MetricsSystemImpl.java:init(158)) - OzoneManager metrics system started (again)
2019-10-20 12:57:45,031 [IPC Server Responder] INFO  ipc.Server (Server.java:run(1314)) - IPC Server Responder: starting
2019-10-20 12:57:45,031 [IPC Server listener on 36440] INFO  ipc.Server (Server.java:run(1153)) - IPC Server listener on 36440: starting
2019-10-20 12:57:45,036 [main] INFO  hdfs.DFSUtil (DFSUtil.java:httpServerTemplateForNNAndJN(1641)) - Starting Web-server for ozoneManager at: http://0.0.0.0:0
2019-10-20 12:57:45,039 [main] INFO  server.AuthenticationFilter (AuthenticationFilter.java:constructSecretProvider(240)) - Unable to initialize FileSignerSecretProvider, falling back to use random secrets.
2019-10-20 12:57:45,040 [main] WARN  http.HttpRequestLog (HttpRequestLog.java:getRequestLog(97)) - Jetty request log can only be enabled using Log4j
2019-10-20 12:57:45,045 [main] INFO  http.HttpServer2 (HttpServer2.java:addGlobalFilter(975)) - Added global filter 'safety' (class=org.apache.hadoop.http.HttpServer2$QuotingInputFilter)
2019-10-20 12:57:45,047 [main] INFO  http.HttpServer2 (HttpServer2.java:addFilter(948)) - Added filter static_user_filter (class=org.apache.hadoop.http.lib.StaticUserWebFilter$StaticUserFilter) to context ozoneManager
2019-10-20 12:57:45,047 [main] INFO  http.HttpServer2 (HttpServer2.java:addFilter(958)) - Added filter static_user_filter (class=org.apache.hadoop.http.lib.StaticUserWebFilter$StaticUserFilter) to context static
2019-10-20 12:57:45,047 [main] INFO  http.HttpServer2 (HttpServer2.java:addFilter(958)) - Added filter static_user_filter (class=org.apache.hadoop.http.lib.StaticUserWebFilter$StaticUserFilter) to context logs
2019-10-20 12:57:45,051 [main] INFO  http.HttpServer2 (HttpServer2.java:bindListener(1191)) - Jetty bound to port 43169
2019-10-20 12:57:45,051 [main] INFO  server.Server (Server.java:doStart(351)) - jetty-9.3.25.v20180904, build timestamp: 2018-09-04T21:11:46Z, git hash: 3ce520221d0240229c862b122d2b06c12a625732
2019-10-20 12:57:45,054 [main] INFO  handler.ContextHandler (ContextHandler.java:doStart(781)) - Started o.e.j.s.ServletContextHandler@368d5c00{/logs,file:///workdir/hadoop-ozone/integration-test/target/log,AVAILABLE}
2019-10-20 12:57:45,054 [main] INFO  handler.ContextHandler (ContextHandler.java:doStart(781)) - Started o.e.j.s.ServletContextHandler@aa10649{/static,file:///workdir/hadoop-ozone/integration-test/target/test-classes/webapps/static,AVAILABLE}
2019-10-20 12:57:45,061 [main] INFO  handler.ContextHandler (ContextHandler.java:doStart(781)) - Started o.e.j.w.WebAppContext@41aaedaa{/,file:///workdir/hadoop-ozone/integration-test/target/test-classes/webapps/ozoneManager/,AVAILABLE}{/ozoneManager}
2019-10-20 12:57:45,061 [main] INFO  server.AbstractConnector (AbstractConnector.java:doStart(278)) - Started ServerConnector@303a5119{HTTP/1.1,[http/1.1]}{0.0.0.0:43169}
2019-10-20 12:57:45,062 [main] INFO  server.Server (Server.java:doStart(419)) - Started @3734ms
2019-10-20 12:57:45,062 [main] WARN  impl.MetricsSystemImpl (MetricsSystemImpl.java:register(276)) - Sink prometheus already exists!
2019-10-20 12:57:45,063 [main] INFO  server.BaseHttpServer (BaseHttpServer.java:updateConnectorAddress(215)) - HTTP server of OZONEMANAGER is listening at http://0.0.0.0:43169
2019-10-20 12:57:45,330 [main] INFO  impl.MetricsSystemImpl (MetricsSystemImpl.java:init(158)) - HddsDatanode metrics system started (again)
2019-10-20 12:57:45,377 [main] INFO  ozone.HddsDatanodeService (HddsDatanodeService.java:start(184)) - HddsDatanodeService host:pr-hdds-2337-fjsvx-2218173377 ip:192.168.157.204
2019-10-20 12:57:45,407 [main] INFO  volume.HddsVolume (HddsVolume.java:<init>(176)) - Creating Volume: /workdir/hadoop-ozone/integration-test/target/test-dir/MiniOzoneClusterImpl-6483733d-4f93-4870-817e-1c1dc2569cfd/datanode-0/data/containers/hdds of  storage type : DISK and capacity : 1482555576320
2019-10-20 12:57:45,409 [main] INFO  volume.VolumeSet (VolumeSet.java:initializeVolumeSet(170)) - Added Volume : /workdir/hadoop-ozone/integration-test/target/test-dir/MiniOzoneClusterImpl-6483733d-4f93-4870-817e-1c1dc2569cfd/datanode-0/data/containers/hdds to VolumeSet
2019-10-20 12:57:45,411 [main] INFO  volume.ThrottledAsyncChecker (ThrottledAsyncChecker.java:schedule(141)) - Scheduling a check for /workdir/hadoop-ozone/integration-test/target/test-dir/MiniOzoneClusterImpl-6483733d-4f93-4870-817e-1c1dc2569cfd/datanode-0/data/containers/hdds
2019-10-20 12:57:45,428 [main] INFO  volume.HddsVolumeChecker (HddsVolumeChecker.java:checkAllVolumes(204)) - Scheduled health check for volume /workdir/hadoop-ozone/integration-test/target/test-dir/MiniOzoneClusterImpl-6483733d-4f93-4870-817e-1c1dc2569cfd/datanode-0/data/containers/hdds
2019-10-20 12:57:45,542 [main] INFO  impl.RaftServerProxy (ConfUtils.java:logGet(43)) - raft.rpc.type = GRPC (default)
2019-10-20 12:57:45,607 [main] INFO  grpc.GrpcFactory (GrpcFactory.java:checkPooledByteBufAllocatorUseCacheForAllThreads(45)) - PERFORMANCE WARNING: useCacheForAllThreads is true that may cause Netty to create a lot garbage objects and, as a result, trigger GC.
	It is recommended to disable useCacheForAllThreads by setting -Dorg.apache.ratis.thirdparty.io.netty.allocator.useCacheForAllThreads=false in command line.
2019-10-20 12:57:45,613 [main] INFO  grpc.GrpcConfigKeys$Server (ConfUtils.java:logGet(43)) - raft.grpc.server.port = 0 (default)
2019-10-20 12:57:45,614 [main] INFO  server.GrpcService (ConfUtils.java:logGet(43)) - raft.grpc.message.size.max = 33570816 (custom)
2019-10-20 12:57:45,616 [main] INFO  server.RaftServerConfigKeys (ConfUtils.java:logGet(43)) - raft.server.log.appender.buffer.byte-limit = 33554432 (custom)
2019-10-20 12:57:45,617 [main] INFO  server.GrpcService (ConfUtils.java:logGet(43)) - raft.grpc.flow.control.window = 1MB (=1048576) (default)
2019-10-20 12:57:45,618 [main] INFO  server.RaftServerConfigKeys (ConfUtils.java:logGet(43)) - raft.server.rpc.request.timeout = 3000ms (default)
2019-10-20 12:57:45,773 [main] INFO  server.RaftServerConfigKeys (ConfUtils.java:logGet(43)) - raft.server.storage.dir = [/workdir/hadoop-ozone/integration-test/target/test-dir/MiniOzoneClusterImpl-6483733d-4f93-4870-817e-1c1dc2569cfd/datanode-0/data/ratis] (custom)
2019-10-20 12:57:45,822 [main] INFO  hdfs.DFSUtil (DFSUtil.java:httpServerTemplateForNNAndJN(1641)) - Starting Web-server for hddsDatanode at: http://0.0.0.0:0
2019-10-20 12:57:45,824 [main] INFO  server.AuthenticationFilter (AuthenticationFilter.java:constructSecretProvider(240)) - Unable to initialize FileSignerSecretProvider, falling back to use random secrets.
2019-10-20 12:57:45,825 [main] WARN  http.HttpRequestLog (HttpRequestLog.java:getRequestLog(97)) - Jetty request log can only be enabled using Log4j
2019-10-20 12:57:45,827 [main] INFO  http.HttpServer2 (HttpServer2.java:addGlobalFilter(975)) - Added global filter 'safety' (class=org.apache.hadoop.http.HttpServer2$QuotingInputFilter)
2019-10-20 12:57:45,827 [main] INFO  http.HttpServer2 (HttpServer2.java:addFilter(948)) - Added filter static_user_filter (class=org.apache.hadoop.http.lib.StaticUserWebFilter$StaticUserFilter) to context hddsDatanode
2019-10-20 12:57:45,828 [main] INFO  http.HttpServer2 (HttpServer2.java:addFilter(958)) - Added filter static_user_filter (class=org.apache.hadoop.http.lib.StaticUserWebFilter$StaticUserFilter) to context static
2019-10-20 12:57:45,828 [main] INFO  http.HttpServer2 (HttpServer2.java:addFilter(958)) - Added filter static_user_filter (class=org.apache.hadoop.http.lib.StaticUserWebFilter$StaticUserFilter) to context logs
2019-10-20 12:57:45,829 [main] INFO  http.HttpServer2 (HttpServer2.java:bindListener(1191)) - Jetty bound to port 44046
2019-10-20 12:57:45,829 [main] INFO  server.Server (Server.java:doStart(351)) - jetty-9.3.25.v20180904, build timestamp: 2018-09-04T21:11:46Z, git hash: 3ce520221d0240229c862b122d2b06c12a625732
2019-10-20 12:57:45,833 [main] INFO  handler.ContextHandler (ContextHandler.java:doStart(781)) - Started o.e.j.s.ServletContextHandler@46185a1b{/logs,file:///workdir/hadoop-ozone/integration-test/target/log,AVAILABLE}
2019-10-20 12:57:45,833 [main] INFO  handler.ContextHandler (ContextHandler.java:doStart(781)) - Started o.e.j.s.ServletContextHandler@60cf62ad{/static,jar:file:/home/user/.m2/repository/org/apache/hadoop/hadoop-hdds-container-service/0.5.0-SNAPSHOT/hadoop-hdds-container-service-0.5.0-SNAPSHOT.jar!/webapps/static,AVAILABLE}
2019-10-20 12:57:45,873 [main] INFO  handler.ContextHandler (ContextHandler.java:doStart(781)) - Started o.e.j.w.WebAppContext@1aabf50d{/,file:///tmp/jetty-0.0.0.0-44046-hddsDatanode-_-any-3606066416968335371.dir/webapp/,AVAILABLE}{/hddsDatanode}
2019-10-20 12:57:45,874 [main] INFO  server.AbstractConnector (AbstractConnector.java:doStart(278)) - Started ServerConnector@73c9e8e8{HTTP/1.1,[http/1.1]}{0.0.0.0:44046}
2019-10-20 12:57:45,874 [main] INFO  server.Server (Server.java:doStart(419)) - Started @4547ms
2019-10-20 12:57:45,874 [main] WARN  impl.MetricsSystemImpl (MetricsSystemImpl.java:register(276)) - Sink prometheus already exists!
2019-10-20 12:57:45,877 [main] INFO  server.BaseHttpServer (BaseHttpServer.java:updateConnectorAddress(215)) - HTTP server of HDDSDATANODE is listening at http://0.0.0.0:44046
2019-10-20 12:57:45,878 [main] INFO  impl.MetricsSystemImpl (MetricsSystemImpl.java:init(158)) - HddsDatanode metrics system started (again)
2019-10-20 12:57:45,880 [main] INFO  ozone.HddsDatanodeService (HddsDatanodeService.java:start(184)) - HddsDatanodeService host:pr-hdds-2337-fjsvx-2218173377 ip:192.168.157.204
2019-10-20 12:57:45,884 [org.apache.hadoop.util.JvmPauseMonitor$Monitor@588de07a] INFO  util.JvmPauseMonitor (JvmPauseMonitor.java:run(188)) - Starting JVM pause monitor
2019-10-20 12:57:45,890 [main] INFO  volume.HddsVolume (HddsVolume.java:<init>(176)) - Creating Volume: /workdir/hadoop-ozone/integration-test/target/test-dir/MiniOzoneClusterImpl-6483733d-4f93-4870-817e-1c1dc2569cfd/datanode-1/data/containers/hdds of  storage type : DISK and capacity : 1482555576320
2019-10-20 12:57:45,891 [main] INFO  volume.VolumeSet (VolumeSet.java:initializeVolumeSet(170)) - Added Volume : /workdir/hadoop-ozone/integration-test/target/test-dir/MiniOzoneClusterImpl-6483733d-4f93-4870-817e-1c1dc2569cfd/datanode-1/data/containers/hdds to VolumeSet
2019-10-20 12:57:45,891 [main] INFO  volume.ThrottledAsyncChecker (ThrottledAsyncChecker.java:schedule(141)) - Scheduling a check for /workdir/hadoop-ozone/integration-test/target/test-dir/MiniOzoneClusterImpl-6483733d-4f93-4870-817e-1c1dc2569cfd/datanode-1/data/containers/hdds
2019-10-20 12:57:45,892 [main] INFO  volume.HddsVolumeChecker (HddsVolumeChecker.java:checkAllVolumes(204)) - Scheduled health check for volume /workdir/hadoop-ozone/integration-test/target/test-dir/MiniOzoneClusterImpl-6483733d-4f93-4870-817e-1c1dc2569cfd/datanode-1/data/containers/hdds
2019-10-20 12:57:45,908 [main] INFO  impl.RaftServerProxy (ConfUtils.java:logGet(43)) - raft.rpc.type = GRPC (default)
2019-10-20 12:57:45,909 [main] INFO  grpc.GrpcFactory (GrpcFactory.java:checkPooledByteBufAllocatorUseCacheForAllThreads(45)) - PERFORMANCE WARNING: useCacheForAllThreads is true that may cause Netty to create a lot garbage objects and, as a result, trigger GC.
	It is recommended to disable useCacheForAllThreads by setting -Dorg.apache.ratis.thirdparty.io.netty.allocator.useCacheForAllThreads=false in command line.
2019-10-20 12:57:45,909 [main] INFO  grpc.GrpcConfigKeys$Server (ConfUtils.java:logGet(43)) - raft.grpc.server.port = 0 (default)
2019-10-20 12:57:45,909 [main] INFO  server.GrpcService (ConfUtils.java:logGet(43)) - raft.grpc.message.size.max = 33570816 (custom)
2019-10-20 12:57:45,910 [main] INFO  server.RaftServerConfigKeys (ConfUtils.java:logGet(43)) - raft.server.log.appender.buffer.byte-limit = 33554432 (custom)
2019-10-20 12:57:45,910 [main] INFO  server.GrpcService (ConfUtils.java:logGet(43)) - raft.grpc.flow.control.window = 1MB (=1048576) (default)
2019-10-20 12:57:45,910 [main] INFO  server.RaftServerConfigKeys (ConfUtils.java:logGet(43)) - raft.server.rpc.request.timeout = 3000ms (default)
2019-10-20 12:57:45,911 [main] INFO  server.RaftServerConfigKeys (ConfUtils.java:logGet(43)) - raft.server.storage.dir = [/workdir/hadoop-ozone/integration-test/target/test-dir/MiniOzoneClusterImpl-6483733d-4f93-4870-817e-1c1dc2569cfd/datanode-1/data/ratis] (custom)
2019-10-20 12:57:45,913 [main] INFO  hdfs.DFSUtil (DFSUtil.java:httpServerTemplateForNNAndJN(1641)) - Starting Web-server for hddsDatanode at: http://0.0.0.0:0
2019-10-20 12:57:45,914 [main] INFO  server.AuthenticationFilter (AuthenticationFilter.java:constructSecretProvider(240)) - Unable to initialize FileSignerSecretProvider, falling back to use random secrets.
2019-10-20 12:57:45,914 [main] WARN  http.HttpRequestLog (HttpRequestLog.java:getRequestLog(97)) - Jetty request log can only be enabled using Log4j
2019-10-20 12:57:45,916 [main] INFO  http.HttpServer2 (HttpServer2.java:addGlobalFilter(975)) - Added global filter 'safety' (class=org.apache.hadoop.http.HttpServer2$QuotingInputFilter)
2019-10-20 12:57:45,917 [main] INFO  http.HttpServer2 (HttpServer2.java:addFilter(948)) - Added filter static_user_filter (class=org.apache.hadoop.http.lib.StaticUserWebFilter$StaticUserFilter) to context hddsDatanode
2019-10-20 12:57:45,917 [main] INFO  http.HttpServer2 (HttpServer2.java:addFilter(958)) - Added filter static_user_filter (class=org.apache.hadoop.http.lib.StaticUserWebFilter$StaticUserFilter) to context logs
2019-10-20 12:57:45,917 [main] INFO  http.HttpServer2 (HttpServer2.java:addFilter(958)) - Added filter static_user_filter (class=org.apache.hadoop.http.lib.StaticUserWebFilter$StaticUserFilter) to context static
2019-10-20 12:57:45,918 [main] INFO  http.HttpServer2 (HttpServer2.java:bindListener(1191)) - Jetty bound to port 45017
2019-10-20 12:57:45,918 [main] INFO  server.Server (Server.java:doStart(351)) - jetty-9.3.25.v20180904, build timestamp: 2018-09-04T21:11:46Z, git hash: 3ce520221d0240229c862b122d2b06c12a625732
2019-10-20 12:57:45,920 [main] INFO  handler.ContextHandler (ContextHandler.java:doStart(781)) - Started o.e.j.s.ServletContextHandler@761e788f{/logs,file:///workdir/hadoop-ozone/integration-test/target/log,AVAILABLE}
2019-10-20 12:57:45,921 [main] INFO  handler.ContextHandler (ContextHandler.java:doStart(781)) - Started o.e.j.s.ServletContextHandler@1907874b{/static,jar:file:/home/user/.m2/repository/org/apache/hadoop/hadoop-hdds-container-service/0.5.0-SNAPSHOT/hadoop-hdds-container-service-0.5.0-SNAPSHOT.jar!/webapps/static,AVAILABLE}
2019-10-20 12:57:45,954 [main] INFO  handler.ContextHandler (ContextHandler.java:doStart(781)) - Started o.e.j.w.WebAppContext@22587507{/,file:///tmp/jetty-0.0.0.0-45017-hddsDatanode-_-any-3422013113562784601.dir/webapp/,AVAILABLE}{/hddsDatanode}
2019-10-20 12:57:45,955 [main] INFO  server.AbstractConnector (AbstractConnector.java:doStart(278)) - Started ServerConnector@5c77ba8f{HTTP/1.1,[http/1.1]}{0.0.0.0:45017}
2019-10-20 12:57:45,955 [main] INFO  server.Server (Server.java:doStart(419)) - Started @4628ms
2019-10-20 12:57:45,955 [main] WARN  impl.MetricsSystemImpl (MetricsSystemImpl.java:register(276)) - Sink prometheus already exists!
2019-10-20 12:57:45,957 [main] INFO  server.BaseHttpServer (BaseHttpServer.java:updateConnectorAddress(215)) - HTTP server of HDDSDATANODE is listening at http://0.0.0.0:45017
2019-10-20 12:57:45,958 [main] INFO  impl.MetricsSystemImpl (MetricsSystemImpl.java:init(158)) - HddsDatanode metrics system started (again)
2019-10-20 12:57:45,960 [main] INFO  ozone.HddsDatanodeService (HddsDatanodeService.java:start(184)) - HddsDatanodeService host:pr-hdds-2337-fjsvx-2218173377 ip:192.168.157.204
2019-10-20 12:57:45,960 [org.apache.hadoop.util.JvmPauseMonitor$Monitor@71047c41] INFO  util.JvmPauseMonitor (JvmPauseMonitor.java:run(188)) - Starting JVM pause monitor
2019-10-20 12:57:45,970 [main] INFO  volume.HddsVolume (HddsVolume.java:<init>(176)) - Creating Volume: /workdir/hadoop-ozone/integration-test/target/test-dir/MiniOzoneClusterImpl-6483733d-4f93-4870-817e-1c1dc2569cfd/datanode-2/data/containers/hdds of  storage type : DISK and capacity : 1482555576320
2019-10-20 12:57:45,970 [main] INFO  volume.VolumeSet (VolumeSet.java:initializeVolumeSet(170)) - Added Volume : /workdir/hadoop-ozone/integration-test/target/test-dir/MiniOzoneClusterImpl-6483733d-4f93-4870-817e-1c1dc2569cfd/datanode-2/data/containers/hdds to VolumeSet
2019-10-20 12:57:45,971 [main] INFO  volume.ThrottledAsyncChecker (ThrottledAsyncChecker.java:schedule(141)) - Scheduling a check for /workdir/hadoop-ozone/integration-test/target/test-dir/MiniOzoneClusterImpl-6483733d-4f93-4870-817e-1c1dc2569cfd/datanode-2/data/containers/hdds
2019-10-20 12:57:45,971 [main] INFO  volume.HddsVolumeChecker (HddsVolumeChecker.java:checkAllVolumes(204)) - Scheduled health check for volume /workdir/hadoop-ozone/integration-test/target/test-dir/MiniOzoneClusterImpl-6483733d-4f93-4870-817e-1c1dc2569cfd/datanode-2/data/containers/hdds
2019-10-20 12:57:45,985 [main] INFO  impl.RaftServerProxy (ConfUtils.java:logGet(43)) - raft.rpc.type = GRPC (default)
2019-10-20 12:57:45,985 [main] INFO  grpc.GrpcFactory (GrpcFactory.java:checkPooledByteBufAllocatorUseCacheForAllThreads(45)) - PERFORMANCE WARNING: useCacheForAllThreads is true that may cause Netty to create a lot garbage objects and, as a result, trigger GC.
	It is recommended to disable useCacheForAllThreads by setting -Dorg.apache.ratis.thirdparty.io.netty.allocator.useCacheForAllThreads=false in command line.
2019-10-20 12:57:45,985 [main] INFO  grpc.GrpcConfigKeys$Server (ConfUtils.java:logGet(43)) - raft.grpc.server.port = 0 (default)
2019-10-20 12:57:45,986 [main] INFO  server.GrpcService (ConfUtils.java:logGet(43)) - raft.grpc.message.size.max = 33570816 (custom)
2019-10-20 12:57:45,986 [main] INFO  server.RaftServerConfigKeys (ConfUtils.java:logGet(43)) - raft.server.log.appender.buffer.byte-limit = 33554432 (custom)
2019-10-20 12:57:45,986 [main] INFO  server.GrpcService (ConfUtils.java:logGet(43)) - raft.grpc.flow.control.window = 1MB (=1048576) (default)
2019-10-20 12:57:45,986 [main] INFO  server.RaftServerConfigKeys (ConfUtils.java:logGet(43)) - raft.server.rpc.request.timeout = 3000ms (default)
2019-10-20 12:57:45,987 [main] INFO  server.RaftServerConfigKeys (ConfUtils.java:logGet(43)) - raft.server.storage.dir = [/workdir/hadoop-ozone/integration-test/target/test-dir/MiniOzoneClusterImpl-6483733d-4f93-4870-817e-1c1dc2569cfd/datanode-2/data/ratis] (custom)
2019-10-20 12:57:45,990 [main] INFO  hdfs.DFSUtil (DFSUtil.java:httpServerTemplateForNNAndJN(1641)) - Starting Web-server for hddsDatanode at: http://0.0.0.0:0
2019-10-20 12:57:45,991 [main] INFO  server.AuthenticationFilter (AuthenticationFilter.java:constructSecretProvider(240)) - Unable to initialize FileSignerSecretProvider, falling back to use random secrets.
2019-10-20 12:57:45,992 [main] WARN  http.HttpRequestLog (HttpRequestLog.java:getRequestLog(97)) - Jetty request log can only be enabled using Log4j
2019-10-20 12:57:45,994 [main] INFO  http.HttpServer2 (HttpServer2.java:addGlobalFilter(975)) - Added global filter 'safety' (class=org.apache.hadoop.http.HttpServer2$QuotingInputFilter)
2019-10-20 12:57:45,995 [main] INFO  http.HttpServer2 (HttpServer2.java:addFilter(948)) - Added filter static_user_filter (class=org.apache.hadoop.http.lib.StaticUserWebFilter$StaticUserFilter) to context hddsDatanode
2019-10-20 12:57:45,995 [main] INFO  http.HttpServer2 (HttpServer2.java:addFilter(958)) - Added filter static_user_filter (class=org.apache.hadoop.http.lib.StaticUserWebFilter$StaticUserFilter) to context static
2019-10-20 12:57:45,996 [main] INFO  http.HttpServer2 (HttpServer2.java:addFilter(958)) - Added filter static_user_filter (class=org.apache.hadoop.http.lib.StaticUserWebFilter$StaticUserFilter) to context logs
2019-10-20 12:57:45,996 [main] INFO  http.HttpServer2 (HttpServer2.java:bindListener(1191)) - Jetty bound to port 41694
2019-10-20 12:57:45,997 [main] INFO  server.Server (Server.java:doStart(351)) - jetty-9.3.25.v20180904, build timestamp: 2018-09-04T21:11:46Z, git hash: 3ce520221d0240229c862b122d2b06c12a625732
2019-10-20 12:57:46,000 [main] INFO  handler.ContextHandler (ContextHandler.java:doStart(781)) - Started o.e.j.s.ServletContextHandler@6920614{/logs,file:///workdir/hadoop-ozone/integration-test/target/log,AVAILABLE}
2019-10-20 12:57:46,001 [main] INFO  handler.ContextHandler (ContextHandler.java:doStart(781)) - Started o.e.j.s.ServletContextHandler@5fa23c{/static,jar:file:/home/user/.m2/repository/org/apache/hadoop/hadoop-hdds-container-service/0.5.0-SNAPSHOT/hadoop-hdds-container-service-0.5.0-SNAPSHOT.jar!/webapps/static,AVAILABLE}
2019-10-20 12:57:46,003 [Datanode State Machine Thread - 0] INFO  datanode.InitDatanodeState (InitDatanodeState.java:persistContainerDatanodeDetails(140)) - DatanodeDetails is persisted to /workdir/hadoop-ozone/integration-test/target/test-dir/MiniOzoneClusterImpl-6483733d-4f93-4870-817e-1c1dc2569cfd/datanode-0/meta/datanode.id
2019-10-20 12:57:46,007 [Datanode State Machine Thread - 0] INFO  datanode.InitDatanodeState (InitDatanodeState.java:persistContainerDatanodeDetails(140)) - DatanodeDetails is persisted to /workdir/hadoop-ozone/integration-test/target/test-dir/MiniOzoneClusterImpl-6483733d-4f93-4870-817e-1c1dc2569cfd/datanode-1/meta/datanode.id
2019-10-20 12:57:46,034 [main] INFO  handler.ContextHandler (ContextHandler.java:doStart(781)) - Started o.e.j.w.WebAppContext@7a0e7ecd{/,file:///tmp/jetty-0.0.0.0-41694-hddsDatanode-_-any-4116968075330711770.dir/webapp/,AVAILABLE}{/hddsDatanode}
2019-10-20 12:57:46,035 [main] INFO  server.AbstractConnector (AbstractConnector.java:doStart(278)) - Started ServerConnector@54e3658c{HTTP/1.1,[http/1.1]}{0.0.0.0:41694}
2019-10-20 12:57:46,035 [main] INFO  server.Server (Server.java:doStart(419)) - Started @4708ms
2019-10-20 12:57:46,036 [main] WARN  impl.MetricsSystemImpl (MetricsSystemImpl.java:register(276)) - Sink prometheus already exists!
2019-10-20 12:57:46,038 [main] INFO  server.BaseHttpServer (BaseHttpServer.java:updateConnectorAddress(215)) - HTTP server of HDDSDATANODE is listening at http://0.0.0.0:41694
2019-10-20 12:57:46,039 [main] INFO  ozone.MiniOzoneClusterImpl (MiniOzoneClusterImpl.java:lambda$waitForClusterToBeReady$0(147)) - Waiting for cluster to be ready. Got 0 of 3 DN Heartbeats.
2019-10-20 12:57:46,040 [org.apache.hadoop.util.JvmPauseMonitor$Monitor@1829856d] INFO  util.JvmPauseMonitor (JvmPauseMonitor.java:run(188)) - Starting JVM pause monitor
2019-10-20 12:57:46,043 [Datanode State Machine Thread - 0] INFO  datanode.InitDatanodeState (InitDatanodeState.java:persistContainerDatanodeDetails(140)) - DatanodeDetails is persisted to /workdir/hadoop-ozone/integration-test/target/test-dir/MiniOzoneClusterImpl-6483733d-4f93-4870-817e-1c1dc2569cfd/datanode-2/meta/datanode.id
2019-10-20 12:57:47,039 [main] INFO  ozone.MiniOzoneClusterImpl (MiniOzoneClusterImpl.java:lambda$waitForClusterToBeReady$0(147)) - Waiting for cluster to be ready. Got 0 of 3 DN Heartbeats.
2019-10-20 12:57:47,961 [Datanode State Machine Thread - 0] INFO  ozoneimpl.OzoneContainer (OzoneContainer.java:start(213)) - Attempting to start container services.
2019-10-20 12:57:47,964 [Datanode State Machine Thread - 0] INFO  ozoneimpl.OzoneContainer (OzoneContainer.java:startContainerScrub(177)) - Background container scanner has been disabled.
2019-10-20 12:57:47,964 [Datanode State Machine Thread - 0] INFO  ratis.XceiverServerRatis (XceiverServerRatis.java:start(418)) - Starting XceiverServerRatis 12b54cff-467e-45e9-ac2a-409cdcf2b905 at port 0
2019-10-20 12:57:47,987 [Datanode State Machine Thread - 0] INFO  impl.RaftServerProxy (RaftServerProxy.java:lambda$start$3(299)) - 12b54cff-467e-45e9-ac2a-409cdcf2b905: start RPC server
2019-10-20 12:57:47,988 [Datanode State Machine Thread - 0] INFO  ozoneimpl.OzoneContainer (OzoneContainer.java:start(213)) - Attempting to start container services.
2019-10-20 12:57:47,992 [Datanode State Machine Thread - 0] INFO  ozoneimpl.OzoneContainer (OzoneContainer.java:startContainerScrub(177)) - Background container scanner has been disabled.
2019-10-20 12:57:47,992 [Datanode State Machine Thread - 0] INFO  ratis.XceiverServerRatis (XceiverServerRatis.java:start(418)) - Starting XceiverServerRatis 314f41d3-e6bb-4e9d-a30b-79c862990eb1 at port 0
2019-10-20 12:57:48,005 [Datanode State Machine Thread - 0] INFO  impl.RaftServerProxy (RaftServerProxy.java:lambda$start$3(299)) - 314f41d3-e6bb-4e9d-a30b-79c862990eb1: start RPC server
2019-10-20 12:57:48,039 [main] INFO  ozone.MiniOzoneClusterImpl (MiniOzoneClusterImpl.java:lambda$waitForClusterToBeReady$0(147)) - Waiting for cluster to be ready. Got 0 of 3 DN Heartbeats.
2019-10-20 12:57:48,055 [Datanode State Machine Thread - 0] INFO  ozoneimpl.OzoneContainer (OzoneContainer.java:start(213)) - Attempting to start container services.
2019-10-20 12:57:48,056 [Datanode State Machine Thread - 0] INFO  ozoneimpl.OzoneContainer (OzoneContainer.java:startContainerScrub(177)) - Background container scanner has been disabled.
2019-10-20 12:57:48,056 [Datanode State Machine Thread - 0] INFO  ratis.XceiverServerRatis (XceiverServerRatis.java:start(418)) - Starting XceiverServerRatis 5432d864-00a4-4faa-be9e-870a49a37102 at port 0
2019-10-20 12:57:48,065 [Datanode State Machine Thread - 0] INFO  impl.RaftServerProxy (RaftServerProxy.java:lambda$start$3(299)) - 5432d864-00a4-4faa-be9e-870a49a37102: start RPC server
2019-10-20 12:57:48,143 [Datanode State Machine Thread - 0] INFO  server.GrpcService (GrpcService.java:startImpl(158)) - 5432d864-00a4-4faa-be9e-870a49a37102: GrpcService started, listening on 0.0.0.0/0.0.0.0:42827
2019-10-20 12:57:48,143 [Datanode State Machine Thread - 0] INFO  server.GrpcService (GrpcService.java:startImpl(158)) - 12b54cff-467e-45e9-ac2a-409cdcf2b905: GrpcService started, listening on 0.0.0.0/0.0.0.0:40598
2019-10-20 12:57:48,143 [Datanode State Machine Thread - 0] INFO  server.GrpcService (GrpcService.java:startImpl(158)) - 314f41d3-e6bb-4e9d-a30b-79c862990eb1: GrpcService started, listening on 0.0.0.0/0.0.0.0:38880
2019-10-20 12:57:48,145 [Datanode State Machine Thread - 0] INFO  ratis.XceiverServerRatis (XceiverServerRatis.java:start(428)) - XceiverServerRatis 12b54cff-467e-45e9-ac2a-409cdcf2b905 is started using port 40598
2019-10-20 12:57:48,145 [Datanode State Machine Thread - 0] INFO  ratis.XceiverServerRatis (XceiverServerRatis.java:start(428)) - XceiverServerRatis 5432d864-00a4-4faa-be9e-870a49a37102 is started using port 42827
2019-10-20 12:57:48,145 [Datanode State Machine Thread - 0] INFO  ratis.XceiverServerRatis (XceiverServerRatis.java:start(428)) - XceiverServerRatis 314f41d3-e6bb-4e9d-a30b-79c862990eb1 is started using port 38880
2019-10-20 12:57:48,150 [Datanode State Machine Thread - 0] INFO  server.XceiverServerGrpc (XceiverServerGrpc.java:start(149)) - XceiverServerGrpc 12b54cff-467e-45e9-ac2a-409cdcf2b905 is started using port 42731
2019-10-20 12:57:48,151 [Datanode State Machine Thread - 0] INFO  server.XceiverServerGrpc (XceiverServerGrpc.java:start(149)) - XceiverServerGrpc 5432d864-00a4-4faa-be9e-870a49a37102 is started using port 37210
2019-10-20 12:57:48,150 [Datanode State Machine Thread - 0] INFO  server.XceiverServerGrpc (XceiverServerGrpc.java:start(149)) - XceiverServerGrpc 314f41d3-e6bb-4e9d-a30b-79c862990eb1 is started using port 46543
2019-10-20 12:57:49,040 [main] INFO  ozone.MiniOzoneClusterImpl (MiniOzoneClusterImpl.java:lambda$waitForClusterToBeReady$0(147)) - Waiting for cluster to be ready. Got 0 of 3 DN Heartbeats.
2019-10-20 12:57:49,915 [IPC Server handler 3 on 34741] INFO  net.NetworkTopology (NetworkTopologyImpl.java:add(111)) - Added a new node: /default-rack/12b54cff-467e-45e9-ac2a-409cdcf2b905
2019-10-20 12:57:49,916 [IPC Server handler 3 on 34741] INFO  node.SCMNodeManager (SCMNodeManager.java:register(268)) - Registered Data node : 12b54cff-467e-45e9-ac2a-409cdcf2b905{ip: 192.168.157.204, host: pr-hdds-2337-fjsvx-2218173377, networkLocation: /default-rack, certSerialId: null}
2019-10-20 12:57:49,919 [EventQueue-NodeRegistrationContainerReportForDataNodeSafeModeRule] INFO  safemode.SCMSafeModeManager (DataNodeSafeModeRule.java:process(71)) - SCM in safe mode. 1 DataNodes registered, 1 required.
2019-10-20 12:57:49,919 [EventQueue-NodeRegistrationContainerReportForDataNodeSafeModeRule] INFO  safemode.SCMSafeModeManager (SCMSafeModeManager.java:validateSafeModeExitRules(177)) - ScmSafeModeManager, all rules are successfully validated
2019-10-20 12:57:49,919 [EventQueue-NodeRegistrationContainerReportForDataNodeSafeModeRule] INFO  safemode.SCMSafeModeManager (SCMSafeModeManager.java:exitSafeMode(193)) - SCM exiting safe mode.
2019-10-20 12:57:49,962 [IPC Server handler 4 on 34741] INFO  net.NetworkTopology (NetworkTopologyImpl.java:add(111)) - Added a new node: /default-rack/314f41d3-e6bb-4e9d-a30b-79c862990eb1
2019-10-20 12:57:49,962 [IPC Server handler 4 on 34741] INFO  node.SCMNodeManager (SCMNodeManager.java:register(268)) - Registered Data node : 314f41d3-e6bb-4e9d-a30b-79c862990eb1{ip: 192.168.157.204, host: pr-hdds-2337-fjsvx-2218173377, networkLocation: /default-rack, certSerialId: null}
2019-10-20 12:57:50,040 [main] INFO  ozone.MiniOzoneClusterImpl (MiniOzoneClusterImpl.java:lambda$waitForClusterToBeReady$0(147)) - Waiting for cluster to be ready. Got 2 of 3 DN Heartbeats.
2019-10-20 12:57:50,043 [IPC Server handler 1 on 34741] INFO  net.NetworkTopology (NetworkTopologyImpl.java:add(111)) - Added a new node: /default-rack/5432d864-00a4-4faa-be9e-870a49a37102
2019-10-20 12:57:50,043 [IPC Server handler 1 on 34741] INFO  node.SCMNodeManager (SCMNodeManager.java:register(268)) - Registered Data node : 5432d864-00a4-4faa-be9e-870a49a37102{ip: 192.168.157.204, host: pr-hdds-2337-fjsvx-2218173377, networkLocation: /default-rack, certSerialId: null}
2019-10-20 12:57:50,402 [grpc-default-executor-0] INFO  impl.RaftServerProxy (RaftServerProxy.java:addNew(89)) - 12b54cff-467e-45e9-ac2a-409cdcf2b905: addNew group-6D93A5E18B68:[12b54cff-467e-45e9-ac2a-409cdcf2b905:192.168.157.204:40598] returns group-6D93A5E18B68:java.util.concurrent.CompletableFuture@4365a384[Not completed]
2019-10-20 12:57:50,424 [pool-27-thread-1] INFO  impl.RaftServerImpl (RaftServerImpl.java:<init>(104)) - 12b54cff-467e-45e9-ac2a-409cdcf2b905: new RaftServerImpl for group-6D93A5E18B68:[12b54cff-467e-45e9-ac2a-409cdcf2b905:192.168.157.204:40598] with ContainerStateMachine:uninitialized
2019-10-20 12:57:50,427 [pool-27-thread-1] INFO  server.RaftServerConfigKeys (ConfUtils.java:logGet(43)) - raft.server.rpc.timeout.min = 5s (custom)
2019-10-20 12:57:50,428 [pool-27-thread-1] INFO  server.RaftServerConfigKeys (ConfUtils.java:logGet(43)) - raft.server.rpc.timeout.max = 5200ms (custom)
2019-10-20 12:57:50,428 [pool-27-thread-1] INFO  server.RaftServerConfigKeys (ConfUtils.java:logGet(43)) - raft.server.rpcslowness.timeout = 1000s (custom)
2019-10-20 12:57:50,429 [pool-27-thread-1] INFO  server.RaftServerConfigKeys (ConfUtils.java:logGet(43)) - raft.server.sleep.deviation.threshold = 300 (default)
2019-10-20 12:57:50,429 [pool-27-thread-1] INFO  server.RaftServerConfigKeys (ConfUtils.java:logGet(43)) - raft.server.log.appender.install.snapshot.enabled = false (custom)
2019-10-20 12:57:50,439 [pool-27-thread-1] INFO  impl.RaftServerImpl (ServerState.java:<init>(103)) - 12b54cff-467e-45e9-ac2a-409cdcf2b905@group-6D93A5E18B68: ConfigurationManager, init=-1: [12b54cff-467e-45e9-ac2a-409cdcf2b905:192.168.157.204:40598], old=null, confs=<EMPTY_MAP>
2019-10-20 12:57:50,440 [pool-27-thread-1] INFO  server.RaftServerConfigKeys (ConfUtils.java:logGet(43)) - raft.server.storage.dir = [/workdir/hadoop-ozone/integration-test/target/test-dir/MiniOzoneClusterImpl-6483733d-4f93-4870-817e-1c1dc2569cfd/datanode-0/data/ratis] (custom)
2019-10-20 12:57:50,447 [pool-27-thread-1] INFO  server.RaftServerConfigKeys (ConfUtils.java:logGet(43)) - raft.server.log.corruption.policy = EXCEPTION (default)
2019-10-20 12:57:50,449 [pool-27-thread-1] INFO  storage.RaftStorageDirectory (RaftStorageDirectory.java:analyzeStorage(246)) - The storage directory /workdir/hadoop-ozone/integration-test/target/test-dir/MiniOzoneClusterImpl-6483733d-4f93-4870-817e-1c1dc2569cfd/datanode-0/data/ratis/1604044a-0464-4774-b042-6d93a5e18b68 does not exist. Creating ...
2019-10-20 12:57:50,466 [pool-27-thread-1] INFO  storage.RaftStorageDirectory (RaftStorageDirectory.java:tryLock(328)) - Lock on /workdir/hadoop-ozone/integration-test/target/test-dir/MiniOzoneClusterImpl-6483733d-4f93-4870-817e-1c1dc2569cfd/datanode-0/data/ratis/1604044a-0464-4774-b042-6d93a5e18b68/in_use.lock acquired by nodename 28877@pr-hdds-2337-fjsvx-2218173377
2019-10-20 12:57:50,482 [pool-27-thread-1] INFO  storage.RaftStorage (RaftStorage.java:format(84)) - Storage directory /workdir/hadoop-ozone/integration-test/target/test-dir/MiniOzoneClusterImpl-6483733d-4f93-4870-817e-1c1dc2569cfd/datanode-0/data/ratis/1604044a-0464-4774-b042-6d93a5e18b68 has been successfully formatted.
2019-10-20 12:57:50,485 [pool-27-thread-1] INFO  ratis.ContainerStateMachine (ContainerStateMachine.java:loadSnapshot(231)) - group-6D93A5E18B68: The snapshot info is null. Setting the last applied indexto:(t:0, i:~)
2019-10-20 12:57:50,485 [pool-27-thread-1] INFO  server.RaftServerConfigKeys (ConfUtils.java:logGet(43)) - raft.server.notification.no-leader.timeout = 1000s (custom)
2019-10-20 12:57:50,488 [pool-27-thread-1] INFO  server.RaftServerConfigKeys (ConfUtils.java:logGet(43)) - raft.server.log.use.memory = false (default)
2019-10-20 12:57:50,493 [pool-27-thread-1] INFO  server.RaftServerConfigKeys (ConfUtils.java:logGet(43)) - raft.server.log.purge.gap = 1000000 (custom)
2019-10-20 12:57:50,493 [pool-27-thread-1] INFO  server.RaftServerConfigKeys (ConfUtils.java:logGet(43)) - raft.server.log.appender.buffer.byte-limit = 33554432 (custom)
2019-10-20 12:57:50,495 [pool-27-thread-1] INFO  server.RaftServerConfigKeys (ConfUtils.java:logGet(43)) - raft.server.log.segment.size.max = 1048576 (custom)
2019-10-20 12:57:50,497 [pool-27-thread-1] INFO  impl.MetricsSystemImpl (MetricsSystemImpl.java:init(158)) - ratis metrics system started (again)
2019-10-20 12:57:50,500 [pool-27-thread-1] INFO  metrics.MetricRegistries (MetricRegistriesLoader.java:load(64)) - Loaded MetricRegistries class org.apache.ratis.metrics.impl.MetricRegistriesImpl
2019-10-20 12:57:50,534 [pool-27-thread-1] INFO  server.RaftServerConfigKeys (ConfUtils.java:logGet(43)) - raft.server.log.segment.cache.num.max = 2 (custom)
2019-10-20 12:57:50,539 [pool-27-thread-1] INFO  segmented.SegmentedRaftLogWorker (SegmentedRaftLogWorker.java:<init>(173)) - new 12b54cff-467e-45e9-ac2a-409cdcf2b905@group-6D93A5E18B68-SegmentedRaftLogWorker for RaftStorage:Storage Directory /workdir/hadoop-ozone/integration-test/target/test-dir/MiniOzoneClusterImpl-6483733d-4f93-4870-817e-1c1dc2569cfd/datanode-0/data/ratis/1604044a-0464-4774-b042-6d93a5e18b68
2019-10-20 12:57:50,540 [pool-27-thread-1] INFO  server.RaftServerConfigKeys (ConfUtils.java:logGet(43)) - raft.server.log.queue.byte-limit = 2147483647 (custom)
2019-10-20 12:57:50,540 [pool-27-thread-1] INFO  server.RaftServerConfigKeys (ConfUtils.java:logGet(43)) - raft.server.log.queue.element-limit = 1024 (custom)
2019-10-20 12:57:50,541 [pool-27-thread-1] INFO  server.RaftServerConfigKeys (ConfUtils.java:logGet(43)) - raft.server.log.segment.size.max = 1048576 (custom)
2019-10-20 12:57:50,542 [pool-27-thread-1] INFO  server.RaftServerConfigKeys (ConfUtils.java:logGet(43)) - raft.server.log.preallocated.size = 16384 (custom)
2019-10-20 12:57:50,542 [pool-27-thread-1] INFO  server.RaftServerConfigKeys (ConfUtils.java:logGet(43)) - raft.server.log.write.buffer.size = 33554432 (custom)
2019-10-20 12:57:50,542 [pool-27-thread-1] INFO  server.RaftServerConfigKeys (ConfUtils.java:logGet(43)) - raft.server.log.force.sync.num = 128 (default)
2019-10-20 12:57:50,543 [pool-27-thread-1] INFO  server.RaftServerConfigKeys (ConfUtils.java:logGet(43)) - raft.server.log.statemachine.data.sync = true (default)
2019-10-20 12:57:50,544 [pool-27-thread-1] INFO  server.RaftServerConfigKeys (ConfUtils.java:logGet(43)) - raft.server.log.statemachine.data.sync.timeout = 10s (default)
2019-10-20 12:57:50,544 [pool-27-thread-1] INFO  server.RaftServerConfigKeys (ConfUtils.java:logGet(43)) - raft.server.log.statemachine.data.sync.timeout.retry = -1 (default)
2019-10-20 12:57:50,555 [pool-27-thread-1] INFO  server.RaftServerConfigKeys (ConfUtils.java:logGet(43)) - raft.server.log.statemachine.data.caching.enabled = true (custom)
2019-10-20 12:57:50,559 [pool-27-thread-1] INFO  segmented.SegmentedRaftLogWorker (SegmentedRaftLogWorker.java:lambda$new$0(128)) - 12b54cff-467e-45e9-ac2a-409cdcf2b905@group-6D93A5E18B68-SegmentedRaftLogWorker: flushIndex: setUnconditionally 0 -> -1
2019-10-20 12:57:50,563 [pool-27-thread-1] INFO  server.RaftServerConfigKeys (ConfUtils.java:logGet(43)) - raft.server.snapshot.auto.trigger.enabled = true (custom)
2019-10-20 12:57:50,563 [pool-27-thread-1] INFO  server.RaftServerConfigKeys (ConfUtils.java:logGet(43)) - raft.server.snapshot.auto.trigger.threshold = 10000 (custom)
2019-10-20 12:57:50,564 [pool-27-thread-1] INFO  server.RaftServerConfigKeys (ConfUtils.java:logGet(43)) - raft.server.snapshot.retention.file.num = 5 (custom)
2019-10-20 12:57:50,564 [pool-27-thread-1] INFO  server.RaftServerConfigKeys (ConfUtils.java:logGet(43)) - raft.server.retrycache.expirytime = 600000ms (custom)
2019-10-20 12:57:50,592 [pool-27-thread-1] INFO  impl.RaftServerImpl (RaftServerImpl.java:start(195)) - 12b54cff-467e-45e9-ac2a-409cdcf2b905@group-6D93A5E18B68: start as a follower, conf=-1: [12b54cff-467e-45e9-ac2a-409cdcf2b905:192.168.157.204:40598], old=null
2019-10-20 12:57:50,593 [pool-27-thread-1] INFO  impl.RaftServerImpl (RaftServerImpl.java:setRole(184)) - 12b54cff-467e-45e9-ac2a-409cdcf2b905@group-6D93A5E18B68: changes role from      null to FOLLOWER at term 0 for startAsFollower
2019-10-20 12:57:50,594 [pool-27-thread-1] INFO  impl.RoleInfo (RoleInfo.java:updateAndGet(143)) - 12b54cff-467e-45e9-ac2a-409cdcf2b905: start FollowerState
2019-10-20 12:57:50,595 [pool-27-thread-1] INFO  util.JmxRegister (JmxRegister.java:tryRegister(44)) - Successfully registered JMX Bean with object name Ratis:service=RaftServer,group=group-6D93A5E18B68,id=12b54cff-467e-45e9-ac2a-409cdcf2b905
2019-10-20 12:57:50,602 [Thread-186] INFO  impl.FollowerState (FollowerState.java:run(108)) - 12b54cff-467e-45e9-ac2a-409cdcf2b905@group-6D93A5E18B68-FollowerState: change to CANDIDATE, lastRpcTime:9ms, electionTimeout:8ms
2019-10-20 12:57:50,606 [Thread-186] INFO  impl.RoleInfo (RoleInfo.java:shutdownFollowerState(121)) - 12b54cff-467e-45e9-ac2a-409cdcf2b905: shutdown FollowerState
2019-10-20 12:57:50,608 [Thread-186] INFO  impl.RaftServerImpl (RaftServerImpl.java:setRole(184)) - 12b54cff-467e-45e9-ac2a-409cdcf2b905@group-6D93A5E18B68: changes role from  FOLLOWER to CANDIDATE at term 0 for changeToCandidate
2019-10-20 12:57:50,612 [Thread-186] INFO  impl.RoleInfo (RoleInfo.java:updateAndGet(143)) - 12b54cff-467e-45e9-ac2a-409cdcf2b905: start LeaderElection
2019-10-20 12:57:50,628 [12b54cff-467e-45e9-ac2a-409cdcf2b905@group-6D93A5E18B68-LeaderElection1] INFO  impl.LeaderElection (LeaderElection.java:askForVotes(178)) - 12b54cff-467e-45e9-ac2a-409cdcf2b905@group-6D93A5E18B68-LeaderElection1: begin an election at term 1 for -1: [12b54cff-467e-45e9-ac2a-409cdcf2b905:192.168.157.204:40598], old=null
2019-10-20 12:57:50,630 [12b54cff-467e-45e9-ac2a-409cdcf2b905@group-6D93A5E18B68-LeaderElection1] INFO  impl.RoleInfo (RoleInfo.java:shutdownLeaderElection(134)) - 12b54cff-467e-45e9-ac2a-409cdcf2b905: shutdown LeaderElection
2019-10-20 12:57:50,631 [12b54cff-467e-45e9-ac2a-409cdcf2b905@group-6D93A5E18B68-LeaderElection1] INFO  impl.RaftServerImpl (RaftServerImpl.java:setRole(184)) - 12b54cff-467e-45e9-ac2a-409cdcf2b905@group-6D93A5E18B68: changes role from CANDIDATE to LEADER at term 1 for changeToLeader
2019-10-20 12:57:50,631 [12b54cff-467e-45e9-ac2a-409cdcf2b905@group-6D93A5E18B68-LeaderElection1] INFO  impl.RaftServerImpl (ServerState.java:setLeader(256)) - 12b54cff-467e-45e9-ac2a-409cdcf2b905@group-6D93A5E18B68: change Leader from null to 12b54cff-467e-45e9-ac2a-409cdcf2b905 at term 1 for becomeLeader, leader elected after 145ms
2019-10-20 12:57:50,638 [12b54cff-467e-45e9-ac2a-409cdcf2b905@group-6D93A5E18B68-LeaderElection1] INFO  server.RaftServerConfigKeys (ConfUtils.java:logGet(43)) - raft.server.staging.catchup.gap = 1000 (default)
2019-10-20 12:57:50,638 [12b54cff-467e-45e9-ac2a-409cdcf2b905@group-6D93A5E18B68-LeaderElection1] INFO  server.RaftServerConfigKeys (ConfUtils.java:logGet(43)) - raft.server.rpc.sleep.time = 25ms (default)
2019-10-20 12:57:50,643 [12b54cff-467e-45e9-ac2a-409cdcf2b905@group-6D93A5E18B68-LeaderElection1] INFO  server.RaftServerConfigKeys (ConfUtils.java:logGet(43)) - raft.server.write.element-limit = 4096 (default)
2019-10-20 12:57:50,645 [12b54cff-467e-45e9-ac2a-409cdcf2b905@group-6D93A5E18B68-LeaderElection1] INFO  server.RaftServerConfigKeys (ConfUtils.java:logGet(43)) - raft.server.watch.timeout = 10s (default)
2019-10-20 12:57:50,646 [12b54cff-467e-45e9-ac2a-409cdcf2b905@group-6D93A5E18B68-LeaderElection1] INFO  server.RaftServerConfigKeys (ConfUtils.java:logGet(43)) - raft.server.watch.timeout.denomination = 1s (default)
2019-10-20 12:57:50,647 [12b54cff-467e-45e9-ac2a-409cdcf2b905@group-6D93A5E18B68-LeaderElection1] INFO  server.RaftServerConfigKeys (ConfUtils.java:logGet(43)) - raft.server.watch.element-limit = 65536 (default)
2019-10-20 12:57:50,684 [RatisPipelineUtilsThread] INFO  pipeline.PipelineStateManager (PipelineStateManager.java:addPipeline(56)) - Created pipeline Pipeline[ Id: 1604044a-0464-4774-b042-6d93a5e18b68, Nodes: 12b54cff-467e-45e9-ac2a-409cdcf2b905{ip: 192.168.157.204, host: pr-hdds-2337-fjsvx-2218173377, networkLocation: /default-rack, certSerialId: null}, Type:RATIS, Factor:ONE, State:OPEN]
2019-10-20 12:57:50,686 [12b54cff-467e-45e9-ac2a-409cdcf2b905@group-6D93A5E18B68-LeaderElection1] INFO  impl.RoleInfo (RoleInfo.java:updateAndGet(143)) - 12b54cff-467e-45e9-ac2a-409cdcf2b905: start LeaderState
2019-10-20 12:57:50,705 [grpc-default-executor-0] INFO  impl.RaftServerProxy (RaftServerProxy.java:addNew(89)) - 314f41d3-e6bb-4e9d-a30b-79c862990eb1: addNew group-7F89D5523696:[314f41d3-e6bb-4e9d-a30b-79c862990eb1:192.168.157.204:38880] returns group-7F89D5523696:java.util.concurrent.CompletableFuture@7865e2f0[Not completed]
2019-10-20 12:57:50,708 [pool-37-thread-1] INFO  impl.RaftServerImpl (RaftServerImpl.java:<init>(104)) - 314f41d3-e6bb-4e9d-a30b-79c862990eb1: new RaftServerImpl for group-7F89D5523696:[314f41d3-e6bb-4e9d-a30b-79c862990eb1:192.168.157.204:38880] with ContainerStateMachine:uninitialized
2019-10-20 12:57:50,709 [pool-37-thread-1] INFO  server.RaftServerConfigKeys (ConfUtils.java:logGet(43)) - raft.server.rpc.timeout.min = 5s (custom)
2019-10-20 12:57:50,709 [pool-37-thread-1] INFO  server.RaftServerConfigKeys (ConfUtils.java:logGet(43)) - raft.server.rpc.timeout.max = 5200ms (custom)
2019-10-20 12:57:50,709 [pool-37-thread-1] INFO  server.RaftServerConfigKeys (ConfUtils.java:logGet(43)) - raft.server.rpcslowness.timeout = 1000s (custom)
2019-10-20 12:57:50,711 [pool-37-thread-1] INFO  server.RaftServerConfigKeys (ConfUtils.java:logGet(43)) - raft.server.sleep.deviation.threshold = 300 (default)
2019-10-20 12:57:50,711 [pool-37-thread-1] INFO  server.RaftServerConfigKeys (ConfUtils.java:logGet(43)) - raft.server.log.appender.install.snapshot.enabled = false (custom)
2019-10-20 12:57:50,711 [pool-37-thread-1] INFO  impl.RaftServerImpl (ServerState.java:<init>(103)) - 314f41d3-e6bb-4e9d-a30b-79c862990eb1@group-7F89D5523696: ConfigurationManager, init=-1: [314f41d3-e6bb-4e9d-a30b-79c862990eb1:192.168.157.204:38880], old=null, confs=<EMPTY_MAP>
2019-10-20 12:57:50,711 [pool-37-thread-1] INFO  server.RaftServerConfigKeys (ConfUtils.java:logGet(43)) - raft.server.storage.dir = [/workdir/hadoop-ozone/integration-test/target/test-dir/MiniOzoneClusterImpl-6483733d-4f93-4870-817e-1c1dc2569cfd/datanode-1/data/ratis] (custom)
2019-10-20 12:57:50,712 [pool-37-thread-1] INFO  server.RaftServerConfigKeys (ConfUtils.java:logGet(43)) - raft.server.log.corruption.policy = EXCEPTION (default)
2019-10-20 12:57:50,712 [pool-37-thread-1] INFO  storage.RaftStorageDirectory (RaftStorageDirectory.java:analyzeStorage(246)) - The storage directory /workdir/hadoop-ozone/integration-test/target/test-dir/MiniOzoneClusterImpl-6483733d-4f93-4870-817e-1c1dc2569cfd/datanode-1/data/ratis/3d57e81a-0b1d-4085-b28c-7f89d5523696 does not exist. Creating ...
2019-10-20 12:57:50,713 [12b54cff-467e-45e9-ac2a-409cdcf2b905@group-6D93A5E18B68-LeaderElection1] INFO  segmented.SegmentedRaftLogWorker (SegmentedRaftLogWorker.java:startLogSegment(385)) - 12b54cff-467e-45e9-ac2a-409cdcf2b905@group-6D93A5E18B68-SegmentedRaftLogWorker: Starting segment from index:0
2019-10-20 12:57:50,724 [12b54cff-467e-45e9-ac2a-409cdcf2b905@group-6D93A5E18B68-LeaderElection1] INFO  impl.RaftServerImpl (ServerState.java:setRaftConf(357)) - 12b54cff-467e-45e9-ac2a-409cdcf2b905@group-6D93A5E18B68: set configuration 0: [12b54cff-467e-45e9-ac2a-409cdcf2b905:192.168.157.204:40598], old=null at 0
2019-10-20 12:57:50,729 [pool-37-thread-1] INFO  storage.RaftStorageDirectory (RaftStorageDirectory.java:tryLock(328)) - Lock on /workdir/hadoop-ozone/integration-test/target/test-dir/MiniOzoneClusterImpl-6483733d-4f93-4870-817e-1c1dc2569cfd/datanode-1/data/ratis/3d57e81a-0b1d-4085-b28c-7f89d5523696/in_use.lock acquired by nodename 28877@pr-hdds-2337-fjsvx-2218173377
2019-10-20 12:57:50,743 [pool-37-thread-1] INFO  storage.RaftStorage (RaftStorage.java:format(84)) - Storage directory /workdir/hadoop-ozone/integration-test/target/test-dir/MiniOzoneClusterImpl-6483733d-4f93-4870-817e-1c1dc2569cfd/datanode-1/data/ratis/3d57e81a-0b1d-4085-b28c-7f89d5523696 has been successfully formatted.
2019-10-20 12:57:50,743 [pool-37-thread-1] INFO  ratis.ContainerStateMachine (ContainerStateMachine.java:loadSnapshot(231)) - group-7F89D5523696: The snapshot info is null. Setting the last applied indexto:(t:0, i:~)
2019-10-20 12:57:50,744 [pool-37-thread-1] INFO  server.RaftServerConfigKeys (ConfUtils.java:logGet(43)) - raft.server.notification.no-leader.timeout = 1000s (custom)
2019-10-20 12:57:50,744 [pool-37-thread-1] INFO  server.RaftServerConfigKeys (ConfUtils.java:logGet(43)) - raft.server.log.use.memory = false (default)
2019-10-20 12:57:50,745 [pool-37-thread-1] INFO  server.RaftServerConfigKeys (ConfUtils.java:logGet(43)) - raft.server.log.purge.gap = 1000000 (custom)
2019-10-20 12:57:50,745 [pool-37-thread-1] INFO  server.RaftServerConfigKeys (ConfUtils.java:logGet(43)) - raft.server.log.appender.buffer.byte-limit = 33554432 (custom)
2019-10-20 12:57:50,745 [pool-37-thread-1] INFO  server.RaftServerConfigKeys (ConfUtils.java:logGet(43)) - raft.server.log.segment.size.max = 1048576 (custom)
2019-10-20 12:57:50,766 [pool-37-thread-1] INFO  server.RaftServerConfigKeys (ConfUtils.java:logGet(43)) - raft.server.log.segment.cache.num.max = 2 (custom)
2019-10-20 12:57:50,767 [pool-37-thread-1] INFO  segmented.SegmentedRaftLogWorker (SegmentedRaftLogWorker.java:<init>(173)) - new 314f41d3-e6bb-4e9d-a30b-79c862990eb1@group-7F89D5523696-SegmentedRaftLogWorker for RaftStorage:Storage Directory /workdir/hadoop-ozone/integration-test/target/test-dir/MiniOzoneClusterImpl-6483733d-4f93-4870-817e-1c1dc2569cfd/datanode-1/data/ratis/3d57e81a-0b1d-4085-b28c-7f89d5523696
2019-10-20 12:57:50,767 [pool-37-thread-1] INFO  server.RaftServerConfigKeys (ConfUtils.java:logGet(43)) - raft.server.log.queue.byte-limit = 2147483647 (custom)
2019-10-20 12:57:50,767 [pool-37-thread-1] INFO  server.RaftServerConfigKeys (ConfUtils.java:logGet(43)) - raft.server.log.queue.element-limit = 1024 (custom)
2019-10-20 12:57:50,767 [pool-37-thread-1] INFO  server.RaftServerConfigKeys (ConfUtils.java:logGet(43)) - raft.server.log.segment.size.max = 1048576 (custom)
2019-10-20 12:57:50,767 [pool-37-thread-1] INFO  server.RaftServerConfigKeys (ConfUtils.java:logGet(43)) - raft.server.log.preallocated.size = 16384 (custom)
2019-10-20 12:57:50,768 [pool-37-thread-1] INFO  server.RaftServerConfigKeys (ConfUtils.java:logGet(43)) - raft.server.log.write.buffer.size = 33554432 (custom)
2019-10-20 12:57:50,768 [pool-37-thread-1] INFO  server.RaftServerConfigKeys (ConfUtils.java:logGet(43)) - raft.server.log.force.sync.num = 128 (default)
2019-10-20 12:57:50,768 [pool-37-thread-1] INFO  server.RaftServerConfigKeys (ConfUtils.java:logGet(43)) - raft.server.log.statemachine.data.sync = true (default)
2019-10-20 12:57:50,768 [pool-37-thread-1] INFO  server.RaftServerConfigKeys (ConfUtils.java:logGet(43)) - raft.server.log.statemachine.data.sync.timeout = 10s (default)
2019-10-20 12:57:50,768 [pool-37-thread-1] INFO  server.RaftServerConfigKeys (ConfUtils.java:logGet(43)) - raft.server.log.statemachine.data.sync.timeout.retry = -1 (default)
2019-10-20 12:57:50,769 [pool-37-thread-1] INFO  server.RaftServerConfigKeys (ConfUtils.java:logGet(43)) - raft.server.log.statemachine.data.caching.enabled = true (custom)
2019-10-20 12:57:50,770 [pool-37-thread-1] INFO  segmented.SegmentedRaftLogWorker (SegmentedRaftLogWorker.java:lambda$new$0(128)) - 314f41d3-e6bb-4e9d-a30b-79c862990eb1@group-7F89D5523696-SegmentedRaftLogWorker: flushIndex: setUnconditionally 0 -> -1
2019-10-20 12:57:50,770 [pool-37-thread-1] INFO  server.RaftServerConfigKeys (ConfUtils.java:logGet(43)) - raft.server.snapshot.auto.trigger.enabled = true (custom)
2019-10-20 12:57:50,770 [pool-37-thread-1] INFO  server.RaftServerConfigKeys (ConfUtils.java:logGet(43)) - raft.server.snapshot.auto.trigger.threshold = 10000 (custom)
2019-10-20 12:57:50,770 [pool-37-thread-1] INFO  server.RaftServerConfigKeys (ConfUtils.java:logGet(43)) - raft.server.snapshot.retention.file.num = 5 (custom)
2019-10-20 12:57:50,771 [pool-37-thread-1] INFO  server.RaftServerConfigKeys (ConfUtils.java:logGet(43)) - raft.server.retrycache.expirytime = 600000ms (custom)
2019-10-20 12:57:50,779 [pool-37-thread-1] INFO  impl.RaftServerImpl (RaftServerImpl.java:start(195)) - 314f41d3-e6bb-4e9d-a30b-79c862990eb1@group-7F89D5523696: start as a follower, conf=-1: [314f41d3-e6bb-4e9d-a30b-79c862990eb1:192.168.157.204:38880], old=null
2019-10-20 12:57:50,779 [pool-37-thread-1] INFO  impl.RaftServerImpl (RaftServerImpl.java:setRole(184)) - 314f41d3-e6bb-4e9d-a30b-79c862990eb1@group-7F89D5523696: changes role from      null to FOLLOWER at term 0 for startAsFollower
2019-10-20 12:57:50,779 [pool-37-thread-1] INFO  impl.RoleInfo (RoleInfo.java:updateAndGet(143)) - 314f41d3-e6bb-4e9d-a30b-79c862990eb1: start FollowerState
2019-10-20 12:57:50,784 [pool-37-thread-1] INFO  util.JmxRegister (JmxRegister.java:tryRegister(44)) - Successfully registered JMX Bean with object name Ratis:service=RaftServer,group=group-7F89D5523696,id=314f41d3-e6bb-4e9d-a30b-79c862990eb1
2019-10-20 12:57:50,799 [Thread-191] INFO  impl.FollowerState (FollowerState.java:run(108)) - 314f41d3-e6bb-4e9d-a30b-79c862990eb1@group-7F89D5523696-FollowerState: change to CANDIDATE, lastRpcTime:19ms, electionTimeout:19ms
2019-10-20 12:57:50,800 [Thread-191] INFO  impl.RoleInfo (RoleInfo.java:shutdownFollowerState(121)) - 314f41d3-e6bb-4e9d-a30b-79c862990eb1: shutdown FollowerState
2019-10-20 12:57:50,800 [Thread-191] INFO  impl.RaftServerImpl (RaftServerImpl.java:setRole(184)) - 314f41d3-e6bb-4e9d-a30b-79c862990eb1@group-7F89D5523696: changes role from  FOLLOWER to CANDIDATE at term 0 for changeToCandidate
2019-10-20 12:57:50,800 [Thread-191] INFO  impl.RoleInfo (RoleInfo.java:updateAndGet(143)) - 314f41d3-e6bb-4e9d-a30b-79c862990eb1: start LeaderElection
2019-10-20 12:57:50,812 [RatisPipelineUtilsThread] INFO  pipeline.PipelineStateManager (PipelineStateManager.java:addPipeline(56)) - Created pipeline Pipeline[ Id: 3d57e81a-0b1d-4085-b28c-7f89d5523696, Nodes: 314f41d3-e6bb-4e9d-a30b-79c862990eb1{ip: 192.168.157.204, host: pr-hdds-2337-fjsvx-2218173377, networkLocation: /default-rack, certSerialId: null}, Type:RATIS, Factor:ONE, State:OPEN]
2019-10-20 12:57:50,817 [314f41d3-e6bb-4e9d-a30b-79c862990eb1@group-7F89D5523696-LeaderElection2] INFO  impl.LeaderElection (LeaderElection.java:askForVotes(178)) - 314f41d3-e6bb-4e9d-a30b-79c862990eb1@group-7F89D5523696-LeaderElection2: begin an election at term 1 for -1: [314f41d3-e6bb-4e9d-a30b-79c862990eb1:192.168.157.204:38880], old=null
2019-10-20 12:57:50,818 [314f41d3-e6bb-4e9d-a30b-79c862990eb1@group-7F89D5523696-LeaderElection2] INFO  impl.RoleInfo (RoleInfo.java:shutdownLeaderElection(134)) - 314f41d3-e6bb-4e9d-a30b-79c862990eb1: shutdown LeaderElection
2019-10-20 12:57:50,818 [314f41d3-e6bb-4e9d-a30b-79c862990eb1@group-7F89D5523696-LeaderElection2] INFO  impl.RaftServerImpl (RaftServerImpl.java:setRole(184)) - 314f41d3-e6bb-4e9d-a30b-79c862990eb1@group-7F89D5523696: changes role from CANDIDATE to LEADER at term 1 for changeToLeader
2019-10-20 12:57:50,818 [314f41d3-e6bb-4e9d-a30b-79c862990eb1@group-7F89D5523696-LeaderElection2] INFO  impl.RaftServerImpl (ServerState.java:setLeader(256)) - 314f41d3-e6bb-4e9d-a30b-79c862990eb1@group-7F89D5523696: change Leader from null to 314f41d3-e6bb-4e9d-a30b-79c862990eb1 at term 1 for becomeLeader, leader elected after 74ms
2019-10-20 12:57:50,819 [314f41d3-e6bb-4e9d-a30b-79c862990eb1@group-7F89D5523696-LeaderElection2] INFO  server.RaftServerConfigKeys (ConfUtils.java:logGet(43)) - raft.server.staging.catchup.gap = 1000 (default)
2019-10-20 12:57:50,819 [314f41d3-e6bb-4e9d-a30b-79c862990eb1@group-7F89D5523696-LeaderElection2] INFO  server.RaftServerConfigKeys (ConfUtils.java:logGet(43)) - raft.server.rpc.sleep.time = 25ms (default)
2019-10-20 12:57:50,819 [314f41d3-e6bb-4e9d-a30b-79c862990eb1@group-7F89D5523696-LeaderElection2] INFO  server.RaftServerConfigKeys (ConfUtils.java:logGet(43)) - raft.server.write.element-limit = 4096 (default)
2019-10-20 12:57:50,820 [314f41d3-e6bb-4e9d-a30b-79c862990eb1@group-7F89D5523696-LeaderElection2] INFO  server.RaftServerConfigKeys (ConfUtils.java:logGet(43)) - raft.server.watch.timeout = 10s (default)
2019-10-20 12:57:50,820 [314f41d3-e6bb-4e9d-a30b-79c862990eb1@group-7F89D5523696-LeaderElection2] INFO  server.RaftServerConfigKeys (ConfUtils.java:logGet(43)) - raft.server.watch.timeout.denomination = 1s (default)
2019-10-20 12:57:50,820 [314f41d3-e6bb-4e9d-a30b-79c862990eb1@group-7F89D5523696-LeaderElection2] INFO  server.RaftServerConfigKeys (ConfUtils.java:logGet(43)) - raft.server.watch.element-limit = 65536 (default)
2019-10-20 12:57:50,825 [314f41d3-e6bb-4e9d-a30b-79c862990eb1@group-7F89D5523696-LeaderElection2] INFO  impl.RoleInfo (RoleInfo.java:updateAndGet(143)) - 314f41d3-e6bb-4e9d-a30b-79c862990eb1: start LeaderState
2019-10-20 12:57:50,829 [314f41d3-e6bb-4e9d-a30b-79c862990eb1@group-7F89D5523696-LeaderElection2] INFO  segmented.SegmentedRaftLogWorker (SegmentedRaftLogWorker.java:startLogSegment(385)) - 314f41d3-e6bb-4e9d-a30b-79c862990eb1@group-7F89D5523696-SegmentedRaftLogWorker: Starting segment from index:0
2019-10-20 12:57:50,831 [314f41d3-e6bb-4e9d-a30b-79c862990eb1@group-7F89D5523696-LeaderElection2] INFO  impl.RaftServerImpl (ServerState.java:setRaftConf(357)) - 314f41d3-e6bb-4e9d-a30b-79c862990eb1@group-7F89D5523696: set configuration 0: [314f41d3-e6bb-4e9d-a30b-79c862990eb1:192.168.157.204:38880], old=null at 0
2019-10-20 12:57:50,832 [grpc-default-executor-0] INFO  impl.RaftServerProxy (RaftServerProxy.java:addNew(89)) - 5432d864-00a4-4faa-be9e-870a49a37102: addNew group-41B6ABF1072B:[5432d864-00a4-4faa-be9e-870a49a37102:192.168.157.204:42827] returns group-41B6ABF1072B:java.util.concurrent.CompletableFuture@4f895ca1[Not completed]
2019-10-20 12:57:50,840 [pool-47-thread-1] INFO  impl.RaftServerImpl (RaftServerImpl.java:<init>(104)) - 5432d864-00a4-4faa-be9e-870a49a37102: new RaftServerImpl for group-41B6ABF1072B:[5432d864-00a4-4faa-be9e-870a49a37102:192.168.157.204:42827] with ContainerStateMachine:uninitialized
2019-10-20 12:57:50,840 [pool-47-thread-1] INFO  server.RaftServerConfigKeys (ConfUtils.java:logGet(43)) - raft.server.rpc.timeout.min = 5s (custom)
2019-10-20 12:57:50,841 [pool-47-thread-1] INFO  server.RaftServerConfigKeys (ConfUtils.java:logGet(43)) - raft.server.rpc.timeout.max = 5200ms (custom)
2019-10-20 12:57:50,841 [pool-47-thread-1] INFO  server.RaftServerConfigKeys (ConfUtils.java:logGet(43)) - raft.server.rpcslowness.timeout = 1000s (custom)
2019-10-20 12:57:50,841 [pool-47-thread-1] INFO  server.RaftServerConfigKeys (ConfUtils.java:logGet(43)) - raft.server.sleep.deviation.threshold = 300 (default)
2019-10-20 12:57:50,841 [pool-47-thread-1] INFO  server.RaftServerConfigKeys (ConfUtils.java:logGet(43)) - raft.server.log.appender.install.snapshot.enabled = false (custom)
2019-10-20 12:57:50,841 [pool-47-thread-1] INFO  impl.RaftServerImpl (ServerState.java:<init>(103)) - 5432d864-00a4-4faa-be9e-870a49a37102@group-41B6ABF1072B: ConfigurationManager, init=-1: [5432d864-00a4-4faa-be9e-870a49a37102:192.168.157.204:42827], old=null, confs=<EMPTY_MAP>
2019-10-20 12:57:50,842 [pool-47-thread-1] INFO  server.RaftServerConfigKeys (ConfUtils.java:logGet(43)) - raft.server.storage.dir = [/workdir/hadoop-ozone/integration-test/target/test-dir/MiniOzoneClusterImpl-6483733d-4f93-4870-817e-1c1dc2569cfd/datanode-2/data/ratis] (custom)
2019-10-20 12:57:50,842 [pool-47-thread-1] INFO  server.RaftServerConfigKeys (ConfUtils.java:logGet(43)) - raft.server.log.corruption.policy = EXCEPTION (default)
2019-10-20 12:57:50,842 [pool-47-thread-1] INFO  storage.RaftStorageDirectory (RaftStorageDirectory.java:analyzeStorage(246)) - The storage directory /workdir/hadoop-ozone/integration-test/target/test-dir/MiniOzoneClusterImpl-6483733d-4f93-4870-817e-1c1dc2569cfd/datanode-2/data/ratis/a8aecd8f-945f-4423-9965-41b6abf1072b does not exist. Creating ...
2019-10-20 12:57:50,855 [pool-47-thread-1] INFO  storage.RaftStorageDirectory (RaftStorageDirectory.java:tryLock(328)) - Lock on /workdir/hadoop-ozone/integration-test/target/test-dir/MiniOzoneClusterImpl-6483733d-4f93-4870-817e-1c1dc2569cfd/datanode-2/data/ratis/a8aecd8f-945f-4423-9965-41b6abf1072b/in_use.lock acquired by nodename 28877@pr-hdds-2337-fjsvx-2218173377
2019-10-20 12:57:50,868 [pool-47-thread-1] INFO  storage.RaftStorage (RaftStorage.java:format(84)) - Storage directory /workdir/hadoop-ozone/integration-test/target/test-dir/MiniOzoneClusterImpl-6483733d-4f93-4870-817e-1c1dc2569cfd/datanode-2/data/ratis/a8aecd8f-945f-4423-9965-41b6abf1072b has been successfully formatted.
2019-10-20 12:57:50,869 [pool-47-thread-1] INFO  ratis.ContainerStateMachine (ContainerStateMachine.java:loadSnapshot(231)) - group-41B6ABF1072B: The snapshot info is null. Setting the last applied indexto:(t:0, i:~)
2019-10-20 12:57:50,869 [pool-47-thread-1] INFO  server.RaftServerConfigKeys (ConfUtils.java:logGet(43)) - raft.server.notification.no-leader.timeout = 1000s (custom)
2019-10-20 12:57:50,869 [pool-47-thread-1] INFO  server.RaftServerConfigKeys (ConfUtils.java:logGet(43)) - raft.server.log.use.memory = false (default)
2019-10-20 12:57:50,869 [pool-47-thread-1] INFO  server.RaftServerConfigKeys (ConfUtils.java:logGet(43)) - raft.server.log.purge.gap = 1000000 (custom)
2019-10-20 12:57:50,869 [pool-47-thread-1] INFO  server.RaftServerConfigKeys (ConfUtils.java:logGet(43)) - raft.server.log.appender.buffer.byte-limit = 33554432 (custom)
2019-10-20 12:57:50,870 [pool-47-thread-1] INFO  server.RaftServerConfigKeys (ConfUtils.java:logGet(43)) - raft.server.log.segment.size.max = 1048576 (custom)
2019-10-20 12:57:50,873 [pool-47-thread-1] INFO  server.RaftServerConfigKeys (ConfUtils.java:logGet(43)) - raft.server.log.segment.cache.num.max = 2 (custom)
2019-10-20 12:57:50,873 [pool-47-thread-1] INFO  segmented.SegmentedRaftLogWorker (SegmentedRaftLogWorker.java:<init>(173)) - new 5432d864-00a4-4faa-be9e-870a49a37102@group-41B6ABF1072B-SegmentedRaftLogWorker for RaftStorage:Storage Directory /workdir/hadoop-ozone/integration-test/target/test-dir/MiniOzoneClusterImpl-6483733d-4f93-4870-817e-1c1dc2569cfd/datanode-2/data/ratis/a8aecd8f-945f-4423-9965-41b6abf1072b
2019-10-20 12:57:50,874 [pool-47-thread-1] INFO  server.RaftServerConfigKeys (ConfUtils.java:logGet(43)) - raft.server.log.queue.byte-limit = 2147483647 (custom)
2019-10-20 12:57:50,874 [pool-47-thread-1] INFO  server.RaftServerConfigKeys (ConfUtils.java:logGet(43)) - raft.server.log.queue.element-limit = 1024 (custom)
2019-10-20 12:57:50,874 [pool-47-thread-1] INFO  server.RaftServerConfigKeys (ConfUtils.java:logGet(43)) - raft.server.log.segment.size.max = 1048576 (custom)
2019-10-20 12:57:50,874 [pool-47-thread-1] INFO  server.RaftServerConfigKeys (ConfUtils.java:logGet(43)) - raft.server.log.preallocated.size = 16384 (custom)
2019-10-20 12:57:50,874 [pool-47-thread-1] INFO  server.RaftServerConfigKeys (ConfUtils.java:logGet(43)) - raft.server.log.write.buffer.size = 33554432 (custom)
2019-10-20 12:57:50,874 [pool-47-thread-1] INFO  server.RaftServerConfigKeys (ConfUtils.java:logGet(43)) - raft.server.log.force.sync.num = 128 (default)
2019-10-20 12:57:50,875 [pool-47-thread-1] INFO  server.RaftServerConfigKeys (ConfUtils.java:logGet(43)) - raft.server.log.statemachine.data.sync = true (default)
2019-10-20 12:57:50,875 [pool-47-thread-1] INFO  server.RaftServerConfigKeys (ConfUtils.java:logGet(43)) - raft.server.log.statemachine.data.sync.timeout = 10s (default)
2019-10-20 12:57:50,875 [pool-47-thread-1] INFO  server.RaftServerConfigKeys (ConfUtils.java:logGet(43)) - raft.server.log.statemachine.data.sync.timeout.retry = -1 (default)
2019-10-20 12:57:50,876 [pool-47-thread-1] INFO  server.RaftServerConfigKeys (ConfUtils.java:logGet(43)) - raft.server.log.statemachine.data.caching.enabled = true (custom)
2019-10-20 12:57:50,876 [pool-47-thread-1] INFO  segmented.SegmentedRaftLogWorker (SegmentedRaftLogWorker.java:lambda$new$0(128)) - 5432d864-00a4-4faa-be9e-870a49a37102@group-41B6ABF1072B-SegmentedRaftLogWorker: flushIndex: setUnconditionally 0 -> -1
2019-10-20 12:57:50,877 [pool-47-thread-1] INFO  server.RaftServerConfigKeys (ConfUtils.java:logGet(43)) - raft.server.snapshot.auto.trigger.enabled = true (custom)
2019-10-20 12:57:50,877 [pool-47-thread-1] INFO  server.RaftServerConfigKeys (ConfUtils.java:logGet(43)) - raft.server.snapshot.auto.trigger.threshold = 10000 (custom)
2019-10-20 12:57:50,877 [pool-47-thread-1] INFO  server.RaftServerConfigKeys (ConfUtils.java:logGet(43)) - raft.server.snapshot.retention.file.num = 5 (custom)
2019-10-20 12:57:50,877 [pool-47-thread-1] INFO  server.RaftServerConfigKeys (ConfUtils.java:logGet(43)) - raft.server.retrycache.expirytime = 600000ms (custom)
2019-10-20 12:57:50,884 [pool-47-thread-1] INFO  impl.RaftServerImpl (RaftServerImpl.java:start(195)) - 5432d864-00a4-4faa-be9e-870a49a37102@group-41B6ABF1072B: start as a follower, conf=-1: [5432d864-00a4-4faa-be9e-870a49a37102:192.168.157.204:42827], old=null
2019-10-20 12:57:50,884 [pool-47-thread-1] INFO  impl.RaftServerImpl (RaftServerImpl.java:setRole(184)) - 5432d864-00a4-4faa-be9e-870a49a37102@group-41B6ABF1072B: changes role from      null to FOLLOWER at term 0 for startAsFollower
2019-10-20 12:57:50,884 [pool-47-thread-1] INFO  impl.RoleInfo (RoleInfo.java:updateAndGet(143)) - 5432d864-00a4-4faa-be9e-870a49a37102: start FollowerState
2019-10-20 12:57:50,885 [pool-47-thread-1] INFO  util.JmxRegister (JmxRegister.java:tryRegister(44)) - Successfully registered JMX Bean with object name Ratis:service=RaftServer,group=group-41B6ABF1072B,id=5432d864-00a4-4faa-be9e-870a49a37102
2019-10-20 12:57:50,900 [RatisPipelineUtilsThread] INFO  pipeline.PipelineStateManager (PipelineStateManager.java:addPipeline(56)) - Created pipeline Pipeline[ Id: a8aecd8f-945f-4423-9965-41b6abf1072b, Nodes: 5432d864-00a4-4faa-be9e-870a49a37102{ip: 192.168.157.204, host: pr-hdds-2337-fjsvx-2218173377, networkLocation: /default-rack, certSerialId: null}, Type:RATIS, Factor:ONE, State:OPEN]
2019-10-20 12:57:50,929 [grpc-default-executor-1] INFO  impl.RaftServerProxy (RaftServerProxy.java:addNew(89)) - 314f41d3-e6bb-4e9d-a30b-79c862990eb1: addNew group-40D367ECEF96:[5432d864-00a4-4faa-be9e-870a49a37102:192.168.157.204:42827, 314f41d3-e6bb-4e9d-a30b-79c862990eb1:192.168.157.204:38880, 12b54cff-467e-45e9-ac2a-409cdcf2b905:192.168.157.204:40598] returns group-40D367ECEF96:java.util.concurrent.CompletableFuture@5bf8b1aa[Not completed]
2019-10-20 12:57:50,931 [grpc-default-executor-1] INFO  impl.RaftServerProxy (RaftServerProxy.java:addNew(89)) - 5432d864-00a4-4faa-be9e-870a49a37102: addNew group-40D367ECEF96:[5432d864-00a4-4faa-be9e-870a49a37102:192.168.157.204:42827, 314f41d3-e6bb-4e9d-a30b-79c862990eb1:192.168.157.204:38880, 12b54cff-467e-45e9-ac2a-409cdcf2b905:192.168.157.204:40598] returns group-40D367ECEF96:java.util.concurrent.CompletableFuture@1efa34b1[Not completed]
2019-10-20 12:57:50,931 [grpc-default-executor-2] INFO  impl.RaftServerProxy (RaftServerProxy.java:addNew(89)) - 12b54cff-467e-45e9-ac2a-409cdcf2b905: addNew group-40D367ECEF96:[5432d864-00a4-4faa-be9e-870a49a37102:192.168.157.204:42827, 314f41d3-e6bb-4e9d-a30b-79c862990eb1:192.168.157.204:38880, 12b54cff-467e-45e9-ac2a-409cdcf2b905:192.168.157.204:40598] returns group-40D367ECEF96:java.util.concurrent.CompletableFuture@b480f55[Not completed]
2019-10-20 12:57:50,932 [pool-37-thread-1] INFO  impl.RaftServerImpl (RaftServerImpl.java:<init>(104)) - 314f41d3-e6bb-4e9d-a30b-79c862990eb1: new RaftServerImpl for group-40D367ECEF96:[5432d864-00a4-4faa-be9e-870a49a37102:192.168.157.204:42827, 314f41d3-e6bb-4e9d-a30b-79c862990eb1:192.168.157.204:38880, 12b54cff-467e-45e9-ac2a-409cdcf2b905:192.168.157.204:40598] with ContainerStateMachine:uninitialized
2019-10-20 12:57:50,932 [pool-37-thread-1] INFO  server.RaftServerConfigKeys (ConfUtils.java:logGet(43)) - raft.server.rpc.timeout.min = 5s (custom)
2019-10-20 12:57:50,932 [pool-37-thread-1] INFO  server.RaftServerConfigKeys (ConfUtils.java:logGet(43)) - raft.server.rpc.timeout.max = 5200ms (custom)
2019-10-20 12:57:50,932 [pool-37-thread-1] INFO  server.RaftServerConfigKeys (ConfUtils.java:logGet(43)) - raft.server.rpcslowness.timeout = 1000s (custom)
2019-10-20 12:57:50,932 [pool-37-thread-1] INFO  server.RaftServerConfigKeys (ConfUtils.java:logGet(43)) - raft.server.sleep.deviation.threshold = 300 (default)
2019-10-20 12:57:50,932 [pool-37-thread-1] INFO  server.RaftServerConfigKeys (ConfUtils.java:logGet(43)) - raft.server.log.appender.install.snapshot.enabled = false (custom)
2019-10-20 12:57:50,932 [pool-37-thread-1] INFO  impl.RaftServerImpl (ServerState.java:<init>(103)) - 314f41d3-e6bb-4e9d-a30b-79c862990eb1@group-40D367ECEF96: ConfigurationManager, init=-1: [5432d864-00a4-4faa-be9e-870a49a37102:192.168.157.204:42827, 314f41d3-e6bb-4e9d-a30b-79c862990eb1:192.168.157.204:38880, 12b54cff-467e-45e9-ac2a-409cdcf2b905:192.168.157.204:40598], old=null, confs=<EMPTY_MAP>
2019-10-20 12:57:50,933 [pool-47-thread-1] INFO  impl.RaftServerImpl (RaftServerImpl.java:<init>(104)) - 5432d864-00a4-4faa-be9e-870a49a37102: new RaftServerImpl for group-40D367ECEF96:[5432d864-00a4-4faa-be9e-870a49a37102:192.168.157.204:42827, 314f41d3-e6bb-4e9d-a30b-79c862990eb1:192.168.157.204:38880, 12b54cff-467e-45e9-ac2a-409cdcf2b905:192.168.157.204:40598] with ContainerStateMachine:uninitialized
2019-10-20 12:57:50,933 [pool-37-thread-1] INFO  server.RaftServerConfigKeys (ConfUtils.java:logGet(43)) - raft.server.storage.dir = [/workdir/hadoop-ozone/integration-test/target/test-dir/MiniOzoneClusterImpl-6483733d-4f93-4870-817e-1c1dc2569cfd/datanode-1/data/ratis] (custom)
2019-10-20 12:57:50,933 [pool-47-thread-1] INFO  server.RaftServerConfigKeys (ConfUtils.java:logGet(43)) - raft.server.rpc.timeout.min = 5s (custom)
2019-10-20 12:57:50,933 [pool-47-thread-1] INFO  server.RaftServerConfigKeys (ConfUtils.java:logGet(43)) - raft.server.rpc.timeout.max = 5200ms (custom)
2019-10-20 12:57:50,933 [pool-37-thread-1] INFO  server.RaftServerConfigKeys (ConfUtils.java:logGet(43)) - raft.server.log.corruption.policy = EXCEPTION (default)
2019-10-20 12:57:50,933 [pool-47-thread-1] INFO  server.RaftServerConfigKeys (ConfUtils.java:logGet(43)) - raft.server.rpcslowness.timeout = 1000s (custom)
2019-10-20 12:57:50,933 [pool-37-thread-1] INFO  storage.RaftStorageDirectory (RaftStorageDirectory.java:analyzeStorage(246)) - The storage directory /workdir/hadoop-ozone/integration-test/target/test-dir/MiniOzoneClusterImpl-6483733d-4f93-4870-817e-1c1dc2569cfd/datanode-1/data/ratis/c8578440-42c5-4fb7-aa2b-40d367ecef96 does not exist. Creating ...
2019-10-20 12:57:50,933 [pool-47-thread-1] INFO  server.RaftServerConfigKeys (ConfUtils.java:logGet(43)) - raft.server.sleep.deviation.threshold = 300 (default)
2019-10-20 12:57:50,933 [pool-47-thread-1] INFO  server.RaftServerConfigKeys (ConfUtils.java:logGet(43)) - raft.server.log.appender.install.snapshot.enabled = false (custom)
2019-10-20 12:57:50,934 [pool-47-thread-1] INFO  impl.RaftServerImpl (ServerState.java:<init>(103)) - 5432d864-00a4-4faa-be9e-870a49a37102@group-40D367ECEF96: ConfigurationManager, init=-1: [5432d864-00a4-4faa-be9e-870a49a37102:192.168.157.204:42827, 314f41d3-e6bb-4e9d-a30b-79c862990eb1:192.168.157.204:38880, 12b54cff-467e-45e9-ac2a-409cdcf2b905:192.168.157.204:40598], old=null, confs=<EMPTY_MAP>
2019-10-20 12:57:50,934 [pool-27-thread-1] INFO  impl.RaftServerImpl (RaftServerImpl.java:<init>(104)) - 12b54cff-467e-45e9-ac2a-409cdcf2b905: new RaftServerImpl for group-40D367ECEF96:[5432d864-00a4-4faa-be9e-870a49a37102:192.168.157.204:42827, 314f41d3-e6bb-4e9d-a30b-79c862990eb1:192.168.157.204:38880, 12b54cff-467e-45e9-ac2a-409cdcf2b905:192.168.157.204:40598] with ContainerStateMachine:uninitialized
2019-10-20 12:57:50,934 [pool-47-thread-1] INFO  server.RaftServerConfigKeys (ConfUtils.java:logGet(43)) - raft.server.storage.dir = [/workdir/hadoop-ozone/integration-test/target/test-dir/MiniOzoneClusterImpl-6483733d-4f93-4870-817e-1c1dc2569cfd/datanode-2/data/ratis] (custom)
2019-10-20 12:57:50,934 [pool-27-thread-1] INFO  server.RaftServerConfigKeys (ConfUtils.java:logGet(43)) - raft.server.rpc.timeout.min = 5s (custom)
2019-10-20 12:57:50,934 [pool-47-thread-1] INFO  server.RaftServerConfigKeys (ConfUtils.java:logGet(43)) - raft.server.log.corruption.policy = EXCEPTION (default)
2019-10-20 12:57:50,934 [pool-27-thread-1] INFO  server.RaftServerConfigKeys (ConfUtils.java:logGet(43)) - raft.server.rpc.timeout.max = 5200ms (custom)
2019-10-20 12:57:50,934 [pool-47-thread-1] INFO  storage.RaftStorageDirectory (RaftStorageDirectory.java:analyzeStorage(246)) - The storage directory /workdir/hadoop-ozone/integration-test/target/test-dir/MiniOzoneClusterImpl-6483733d-4f93-4870-817e-1c1dc2569cfd/datanode-2/data/ratis/c8578440-42c5-4fb7-aa2b-40d367ecef96 does not exist. Creating ...
2019-10-20 12:57:50,934 [pool-27-thread-1] INFO  server.RaftServerConfigKeys (ConfUtils.java:logGet(43)) - raft.server.rpcslowness.timeout = 1000s (custom)
2019-10-20 12:57:50,935 [pool-27-thread-1] INFO  server.RaftServerConfigKeys (ConfUtils.java:logGet(43)) - raft.server.sleep.deviation.threshold = 300 (default)
2019-10-20 12:57:50,935 [pool-27-thread-1] INFO  server.RaftServerConfigKeys (ConfUtils.java:logGet(43)) - raft.server.log.appender.install.snapshot.enabled = false (custom)
2019-10-20 12:57:50,935 [pool-27-thread-1] INFO  impl.RaftServerImpl (ServerState.java:<init>(103)) - 12b54cff-467e-45e9-ac2a-409cdcf2b905@group-40D367ECEF96: ConfigurationManager, init=-1: [5432d864-00a4-4faa-be9e-870a49a37102:192.168.157.204:42827, 314f41d3-e6bb-4e9d-a30b-79c862990eb1:192.168.157.204:38880, 12b54cff-467e-45e9-ac2a-409cdcf2b905:192.168.157.204:40598], old=null, confs=<EMPTY_MAP>
2019-10-20 12:57:50,935 [pool-27-thread-1] INFO  server.RaftServerConfigKeys (ConfUtils.java:logGet(43)) - raft.server.storage.dir = [/workdir/hadoop-ozone/integration-test/target/test-dir/MiniOzoneClusterImpl-6483733d-4f93-4870-817e-1c1dc2569cfd/datanode-0/data/ratis] (custom)
2019-10-20 12:57:50,935 [pool-27-thread-1] INFO  server.RaftServerConfigKeys (ConfUtils.java:logGet(43)) - raft.server.log.corruption.policy = EXCEPTION (default)
2019-10-20 12:57:50,936 [pool-27-thread-1] INFO  storage.RaftStorageDirectory (RaftStorageDirectory.java:analyzeStorage(246)) - The storage directory /workdir/hadoop-ozone/integration-test/target/test-dir/MiniOzoneClusterImpl-6483733d-4f93-4870-817e-1c1dc2569cfd/datanode-0/data/ratis/c8578440-42c5-4fb7-aa2b-40d367ecef96 does not exist. Creating ...
2019-10-20 12:57:50,958 [pool-27-thread-1] INFO  storage.RaftStorageDirectory (RaftStorageDirectory.java:tryLock(328)) - Lock on /workdir/hadoop-ozone/integration-test/target/test-dir/MiniOzoneClusterImpl-6483733d-4f93-4870-817e-1c1dc2569cfd/datanode-0/data/ratis/c8578440-42c5-4fb7-aa2b-40d367ecef96/in_use.lock acquired by nodename 28877@pr-hdds-2337-fjsvx-2218173377
2019-10-20 12:57:50,958 [pool-47-thread-1] INFO  storage.RaftStorageDirectory (RaftStorageDirectory.java:tryLock(328)) - Lock on /workdir/hadoop-ozone/integration-test/target/test-dir/MiniOzoneClusterImpl-6483733d-4f93-4870-817e-1c1dc2569cfd/datanode-2/data/ratis/c8578440-42c5-4fb7-aa2b-40d367ecef96/in_use.lock acquired by nodename 28877@pr-hdds-2337-fjsvx-2218173377
2019-10-20 12:57:50,958 [pool-37-thread-1] INFO  storage.RaftStorageDirectory (RaftStorageDirectory.java:tryLock(328)) - Lock on /workdir/hadoop-ozone/integration-test/target/test-dir/MiniOzoneClusterImpl-6483733d-4f93-4870-817e-1c1dc2569cfd/datanode-1/data/ratis/c8578440-42c5-4fb7-aa2b-40d367ecef96/in_use.lock acquired by nodename 28877@pr-hdds-2337-fjsvx-2218173377
2019-10-20 12:57:50,978 [pool-27-thread-1] INFO  storage.RaftStorage (RaftStorage.java:format(84)) - Storage directory /workdir/hadoop-ozone/integration-test/target/test-dir/MiniOzoneClusterImpl-6483733d-4f93-4870-817e-1c1dc2569cfd/datanode-0/data/ratis/c8578440-42c5-4fb7-aa2b-40d367ecef96 has been successfully formatted.
2019-10-20 12:57:50,978 [pool-37-thread-1] INFO  storage.RaftStorage (RaftStorage.java:format(84)) - Storage directory /workdir/hadoop-ozone/integration-test/target/test-dir/MiniOzoneClusterImpl-6483733d-4f93-4870-817e-1c1dc2569cfd/datanode-1/data/ratis/c8578440-42c5-4fb7-aa2b-40d367ecef96 has been successfully formatted.
2019-10-20 12:57:50,978 [pool-47-thread-1] INFO  storage.RaftStorage (RaftStorage.java:format(84)) - Storage directory /workdir/hadoop-ozone/integration-test/target/test-dir/MiniOzoneClusterImpl-6483733d-4f93-4870-817e-1c1dc2569cfd/datanode-2/data/ratis/c8578440-42c5-4fb7-aa2b-40d367ecef96 has been successfully formatted.
2019-10-20 12:57:50,978 [pool-27-thread-1] INFO  ratis.ContainerStateMachine (ContainerStateMachine.java:loadSnapshot(231)) - group-40D367ECEF96: The snapshot info is null. Setting the last applied indexto:(t:0, i:~)
2019-10-20 12:57:50,979 [pool-37-thread-1] INFO  ratis.ContainerStateMachine (ContainerStateMachine.java:loadSnapshot(231)) - group-40D367ECEF96: The snapshot info is null. Setting the last applied indexto:(t:0, i:~)
2019-10-20 12:57:50,979 [pool-47-thread-1] INFO  ratis.ContainerStateMachine (ContainerStateMachine.java:loadSnapshot(231)) - group-40D367ECEF96: The snapshot info is null. Setting the last applied indexto:(t:0, i:~)
2019-10-20 12:57:50,979 [pool-37-thread-1] INFO  server.RaftServerConfigKeys (ConfUtils.java:logGet(43)) - raft.server.notification.no-leader.timeout = 1000s (custom)
2019-10-20 12:57:50,979 [pool-27-thread-1] INFO  server.RaftServerConfigKeys (ConfUtils.java:logGet(43)) - raft.server.notification.no-leader.timeout = 1000s (custom)
2019-10-20 12:57:50,979 [pool-37-thread-1] INFO  server.RaftServerConfigKeys (ConfUtils.java:logGet(43)) - raft.server.log.use.memory = false (default)
2019-10-20 12:57:50,979 [pool-47-thread-1] INFO  server.RaftServerConfigKeys (ConfUtils.java:logGet(43)) - raft.server.notification.no-leader.timeout = 1000s (custom)
2019-10-20 12:57:50,980 [pool-37-thread-1] INFO  server.RaftServerConfigKeys (ConfUtils.java:logGet(43)) - raft.server.log.purge.gap = 1000000 (custom)
2019-10-20 12:57:50,979 [pool-27-thread-1] INFO  server.RaftServerConfigKeys (ConfUtils.java:logGet(43)) - raft.server.log.use.memory = false (default)
2019-10-20 12:57:50,980 [pool-37-thread-1] INFO  server.RaftServerConfigKeys (ConfUtils.java:logGet(43)) - raft.server.log.appender.buffer.byte-limit = 33554432 (custom)
2019-10-20 12:57:50,980 [pool-47-thread-1] INFO  server.RaftServerConfigKeys (ConfUtils.java:logGet(43)) - raft.server.log.use.memory = false (default)
2019-10-20 12:57:50,980 [pool-37-thread-1] INFO  server.RaftServerConfigKeys (ConfUtils.java:logGet(43)) - raft.server.log.segment.size.max = 1048576 (custom)
2019-10-20 12:57:50,980 [pool-27-thread-1] INFO  server.RaftServerConfigKeys (ConfUtils.java:logGet(43)) - raft.server.log.purge.gap = 1000000 (custom)
2019-10-20 12:57:50,980 [pool-47-thread-1] INFO  server.RaftServerConfigKeys (ConfUtils.java:logGet(43)) - raft.server.log.purge.gap = 1000000 (custom)
2019-10-20 12:57:50,981 [pool-27-thread-1] INFO  server.RaftServerConfigKeys (ConfUtils.java:logGet(43)) - raft.server.log.appender.buffer.byte-limit = 33554432 (custom)
2019-10-20 12:57:50,981 [pool-37-thread-1] INFO  server.RaftServerConfigKeys (ConfUtils.java:logGet(43)) - raft.server.log.segment.cache.num.max = 2 (custom)
2019-10-20 12:57:50,981 [pool-27-thread-1] INFO  server.RaftServerConfigKeys (ConfUtils.java:logGet(43)) - raft.server.log.segment.size.max = 1048576 (custom)
2019-10-20 12:57:50,981 [pool-47-thread-1] INFO  server.RaftServerConfigKeys (ConfUtils.java:logGet(43)) - raft.server.log.appender.buffer.byte-limit = 33554432 (custom)
2019-10-20 12:57:50,981 [pool-27-thread-1] INFO  server.RaftServerConfigKeys (ConfUtils.java:logGet(43)) - raft.server.log.segment.cache.num.max = 2 (custom)
2019-10-20 12:57:50,981 [pool-37-thread-1] INFO  segmented.SegmentedRaftLogWorker (SegmentedRaftLogWorker.java:<init>(173)) - new 314f41d3-e6bb-4e9d-a30b-79c862990eb1@group-40D367ECEF96-SegmentedRaftLogWorker for RaftStorage:Storage Directory /workdir/hadoop-ozone/integration-test/target/test-dir/MiniOzoneClusterImpl-6483733d-4f93-4870-817e-1c1dc2569cfd/datanode-1/data/ratis/c8578440-42c5-4fb7-aa2b-40d367ecef96
2019-10-20 12:57:50,981 [pool-27-thread-1] INFO  segmented.SegmentedRaftLogWorker (SegmentedRaftLogWorker.java:<init>(173)) - new 12b54cff-467e-45e9-ac2a-409cdcf2b905@group-40D367ECEF96-SegmentedRaftLogWorker for RaftStorage:Storage Directory /workdir/hadoop-ozone/integration-test/target/test-dir/MiniOzoneClusterImpl-6483733d-4f93-4870-817e-1c1dc2569cfd/datanode-0/data/ratis/c8578440-42c5-4fb7-aa2b-40d367ecef96
2019-10-20 12:57:50,981 [pool-47-thread-1] INFO  server.RaftServerConfigKeys (ConfUtils.java:logGet(43)) - raft.server.log.segment.size.max = 1048576 (custom)
2019-10-20 12:57:50,982 [pool-27-thread-1] INFO  server.RaftServerConfigKeys (ConfUtils.java:logGet(43)) - raft.server.log.queue.byte-limit = 2147483647 (custom)
2019-10-20 12:57:50,981 [pool-37-thread-1] INFO  server.RaftServerConfigKeys (ConfUtils.java:logGet(43)) - raft.server.log.queue.byte-limit = 2147483647 (custom)
2019-10-20 12:57:50,982 [pool-27-thread-1] INFO  server.RaftServerConfigKeys (ConfUtils.java:logGet(43)) - raft.server.log.queue.element-limit = 1024 (custom)
2019-10-20 12:57:50,982 [pool-47-thread-1] INFO  server.RaftServerConfigKeys (ConfUtils.java:logGet(43)) - raft.server.log.segment.cache.num.max = 2 (custom)
2019-10-20 12:57:50,982 [pool-27-thread-1] INFO  server.RaftServerConfigKeys (ConfUtils.java:logGet(43)) - raft.server.log.segment.size.max = 1048576 (custom)
2019-10-20 12:57:50,982 [pool-37-thread-1] INFO  server.RaftServerConfigKeys (ConfUtils.java:logGet(43)) - raft.server.log.queue.element-limit = 1024 (custom)
2019-10-20 12:57:50,982 [pool-27-thread-1] INFO  server.RaftServerConfigKeys (ConfUtils.java:logGet(43)) - raft.server.log.preallocated.size = 16384 (custom)
2019-10-20 12:57:50,982 [pool-47-thread-1] INFO  segmented.SegmentedRaftLogWorker (SegmentedRaftLogWorker.java:<init>(173)) - new 5432d864-00a4-4faa-be9e-870a49a37102@group-40D367ECEF96-SegmentedRaftLogWorker for RaftStorage:Storage Directory /workdir/hadoop-ozone/integration-test/target/test-dir/MiniOzoneClusterImpl-6483733d-4f93-4870-817e-1c1dc2569cfd/datanode-2/data/ratis/c8578440-42c5-4fb7-aa2b-40d367ecef96
2019-10-20 12:57:50,983 [pool-27-thread-1] INFO  server.RaftServerConfigKeys (ConfUtils.java:logGet(43)) - raft.server.log.write.buffer.size = 33554432 (custom)
2019-10-20 12:57:50,982 [pool-37-thread-1] INFO  server.RaftServerConfigKeys (ConfUtils.java:logGet(43)) - raft.server.log.segment.size.max = 1048576 (custom)
2019-10-20 12:57:50,983 [pool-27-thread-1] INFO  server.RaftServerConfigKeys (ConfUtils.java:logGet(43)) - raft.server.log.force.sync.num = 128 (default)
2019-10-20 12:57:50,983 [pool-47-thread-1] INFO  server.RaftServerConfigKeys (ConfUtils.java:logGet(43)) - raft.server.log.queue.byte-limit = 2147483647 (custom)
2019-10-20 12:57:50,983 [pool-27-thread-1] INFO  server.RaftServerConfigKeys (ConfUtils.java:logGet(43)) - raft.server.log.statemachine.data.sync = true (default)
2019-10-20 12:57:50,983 [pool-37-thread-1] INFO  server.RaftServerConfigKeys (ConfUtils.java:logGet(43)) - raft.server.log.preallocated.size = 16384 (custom)
2019-10-20 12:57:50,983 [pool-27-thread-1] INFO  server.RaftServerConfigKeys (ConfUtils.java:logGet(43)) - raft.server.log.statemachine.data.sync.timeout = 10s (default)
2019-10-20 12:57:50,983 [pool-47-thread-1] INFO  server.RaftServerConfigKeys (ConfUtils.java:logGet(43)) - raft.server.log.queue.element-limit = 1024 (custom)
2019-10-20 12:57:50,984 [pool-27-thread-1] INFO  server.RaftServerConfigKeys (ConfUtils.java:logGet(43)) - raft.server.log.statemachine.data.sync.timeout.retry = -1 (default)
2019-10-20 12:57:50,983 [pool-37-thread-1] INFO  server.RaftServerConfigKeys (ConfUtils.java:logGet(43)) - raft.server.log.write.buffer.size = 33554432 (custom)
2019-10-20 12:57:50,984 [pool-47-thread-1] INFO  server.RaftServerConfigKeys (ConfUtils.java:logGet(43)) - raft.server.log.segment.size.max = 1048576 (custom)
2019-10-20 12:57:50,984 [pool-27-thread-1] INFO  server.RaftServerConfigKeys (ConfUtils.java:logGet(43)) - raft.server.log.statemachine.data.caching.enabled = true (custom)
2019-10-20 12:57:50,984 [pool-37-thread-1] INFO  server.RaftServerConfigKeys (ConfUtils.java:logGet(43)) - raft.server.log.force.sync.num = 128 (default)
2019-10-20 12:57:50,984 [pool-47-thread-1] INFO  server.RaftServerConfigKeys (ConfUtils.java:logGet(43)) - raft.server.log.preallocated.size = 16384 (custom)
2019-10-20 12:57:50,985 [pool-27-thread-1] INFO  segmented.SegmentedRaftLogWorker (SegmentedRaftLogWorker.java:lambda$new$0(128)) - 12b54cff-467e-45e9-ac2a-409cdcf2b905@group-40D367ECEF96-SegmentedRaftLogWorker: flushIndex: setUnconditionally 0 -> -1
2019-10-20 12:57:50,985 [pool-37-thread-1] INFO  server.RaftServerConfigKeys (ConfUtils.java:logGet(43)) - raft.server.log.statemachine.data.sync = true (default)
2019-10-20 12:57:50,985 [pool-47-thread-1] INFO  server.RaftServerConfigKeys (ConfUtils.java:logGet(43)) - raft.server.log.write.buffer.size = 33554432 (custom)
2019-10-20 12:57:50,985 [pool-27-thread-1] INFO  server.RaftServerConfigKeys (ConfUtils.java:logGet(43)) - raft.server.snapshot.auto.trigger.enabled = true (custom)
2019-10-20 12:57:50,985 [pool-37-thread-1] INFO  server.RaftServerConfigKeys (ConfUtils.java:logGet(43)) - raft.server.log.statemachine.data.sync.timeout = 10s (default)
2019-10-20 12:57:50,985 [pool-27-thread-1] INFO  server.RaftServerConfigKeys (ConfUtils.java:logGet(43)) - raft.server.snapshot.auto.trigger.threshold = 10000 (custom)
2019-10-20 12:57:50,985 [pool-47-thread-1] INFO  server.RaftServerConfigKeys (ConfUtils.java:logGet(43)) - raft.server.log.force.sync.num = 128 (default)
2019-10-20 12:57:50,985 [pool-27-thread-1] INFO  server.RaftServerConfigKeys (ConfUtils.java:logGet(43)) - raft.server.snapshot.retention.file.num = 5 (custom)
2019-10-20 12:57:50,985 [pool-37-thread-1] INFO  server.RaftServerConfigKeys (ConfUtils.java:logGet(43)) - raft.server.log.statemachine.data.sync.timeout.retry = -1 (default)
2019-10-20 12:57:50,986 [pool-27-thread-1] INFO  server.RaftServerConfigKeys (ConfUtils.java:logGet(43)) - raft.server.retrycache.expirytime = 600000ms (custom)
2019-10-20 12:57:50,985 [pool-47-thread-1] INFO  server.RaftServerConfigKeys (ConfUtils.java:logGet(43)) - raft.server.log.statemachine.data.sync = true (default)
2019-10-20 12:57:50,986 [pool-37-thread-1] INFO  server.RaftServerConfigKeys (ConfUtils.java:logGet(43)) - raft.server.log.statemachine.data.caching.enabled = true (custom)
2019-10-20 12:57:50,986 [pool-47-thread-1] INFO  server.RaftServerConfigKeys (ConfUtils.java:logGet(43)) - raft.server.log.statemachine.data.sync.timeout = 10s (default)
2019-10-20 12:57:50,986 [pool-47-thread-1] INFO  server.RaftServerConfigKeys (ConfUtils.java:logGet(43)) - raft.server.log.statemachine.data.sync.timeout.retry = -1 (default)
2019-10-20 12:57:50,986 [pool-37-thread-1] INFO  segmented.SegmentedRaftLogWorker (SegmentedRaftLogWorker.java:lambda$new$0(128)) - 314f41d3-e6bb-4e9d-a30b-79c862990eb1@group-40D367ECEF96-SegmentedRaftLogWorker: flushIndex: setUnconditionally 0 -> -1
2019-10-20 12:57:50,986 [pool-47-thread-1] INFO  server.RaftServerConfigKeys (ConfUtils.java:logGet(43)) - raft.server.log.statemachine.data.caching.enabled = true (custom)
2019-10-20 12:57:50,987 [pool-37-thread-1] INFO  server.RaftServerConfigKeys (ConfUtils.java:logGet(43)) - raft.server.snapshot.auto.trigger.enabled = true (custom)
2019-10-20 12:57:50,987 [pool-47-thread-1] INFO  segmented.SegmentedRaftLogWorker (SegmentedRaftLogWorker.java:lambda$new$0(128)) - 5432d864-00a4-4faa-be9e-870a49a37102@group-40D367ECEF96-SegmentedRaftLogWorker: flushIndex: setUnconditionally 0 -> -1
2019-10-20 12:57:50,987 [pool-37-thread-1] INFO  server.RaftServerConfigKeys (ConfUtils.java:logGet(43)) - raft.server.snapshot.auto.trigger.threshold = 10000 (custom)
2019-10-20 12:57:50,987 [pool-37-thread-1] INFO  server.RaftServerConfigKeys (ConfUtils.java:logGet(43)) - raft.server.snapshot.retention.file.num = 5 (custom)
2019-10-20 12:57:50,987 [pool-47-thread-1] INFO  server.RaftServerConfigKeys (ConfUtils.java:logGet(43)) - raft.server.snapshot.auto.trigger.enabled = true (custom)
2019-10-20 12:57:50,988 [pool-37-thread-1] INFO  server.RaftServerConfigKeys (ConfUtils.java:logGet(43)) - raft.server.retrycache.expirytime = 600000ms (custom)
2019-10-20 12:57:50,988 [pool-47-thread-1] INFO  server.RaftServerConfigKeys (ConfUtils.java:logGet(43)) - raft.server.snapshot.auto.trigger.threshold = 10000 (custom)
2019-10-20 12:57:50,988 [pool-47-thread-1] INFO  server.RaftServerConfigKeys (ConfUtils.java:logGet(43)) - raft.server.snapshot.retention.file.num = 5 (custom)
2019-10-20 12:57:50,988 [pool-47-thread-1] INFO  server.RaftServerConfigKeys (ConfUtils.java:logGet(43)) - raft.server.retrycache.expirytime = 600000ms (custom)
2019-10-20 12:57:50,989 [pool-27-thread-1] INFO  impl.RaftServerImpl (RaftServerImpl.java:start(195)) - 12b54cff-467e-45e9-ac2a-409cdcf2b905@group-40D367ECEF96: start as a follower, conf=-1: [5432d864-00a4-4faa-be9e-870a49a37102:192.168.157.204:42827, 314f41d3-e6bb-4e9d-a30b-79c862990eb1:192.168.157.204:38880, 12b54cff-467e-45e9-ac2a-409cdcf2b905:192.168.157.204:40598], old=null
2019-10-20 12:57:50,989 [pool-27-thread-1] INFO  impl.RaftServerImpl (RaftServerImpl.java:setRole(184)) - 12b54cff-467e-45e9-ac2a-409cdcf2b905@group-40D367ECEF96: changes role from      null to FOLLOWER at term 0 for startAsFollower
2019-10-20 12:57:50,989 [pool-27-thread-1] INFO  impl.RoleInfo (RoleInfo.java:updateAndGet(143)) - 12b54cff-467e-45e9-ac2a-409cdcf2b905: start FollowerState
2019-10-20 12:57:50,990 [pool-27-thread-1] INFO  util.JmxRegister (JmxRegister.java:tryRegister(44)) - Successfully registered JMX Bean with object name Ratis:service=RaftServer,group=group-40D367ECEF96,id=12b54cff-467e-45e9-ac2a-409cdcf2b905
2019-10-20 12:57:50,992 [Thread-201] INFO  impl.FollowerState (FollowerState.java:run(108)) - 12b54cff-467e-45e9-ac2a-409cdcf2b905@group-40D367ECEF96-FollowerState: change to CANDIDATE, lastRpcTime:2ms, electionTimeout:2ms
2019-10-20 12:57:50,992 [Thread-201] INFO  impl.RoleInfo (RoleInfo.java:shutdownFollowerState(121)) - 12b54cff-467e-45e9-ac2a-409cdcf2b905: shutdown FollowerState
2019-10-20 12:57:50,992 [pool-37-thread-1] INFO  impl.RaftServerImpl (RaftServerImpl.java:start(195)) - 314f41d3-e6bb-4e9d-a30b-79c862990eb1@group-40D367ECEF96: start as a follower, conf=-1: [5432d864-00a4-4faa-be9e-870a49a37102:192.168.157.204:42827, 314f41d3-e6bb-4e9d-a30b-79c862990eb1:192.168.157.204:38880, 12b54cff-467e-45e9-ac2a-409cdcf2b905:192.168.157.204:40598], old=null
2019-10-20 12:57:50,992 [Thread-201] INFO  impl.RaftServerImpl (RaftServerImpl.java:setRole(184)) - 12b54cff-467e-45e9-ac2a-409cdcf2b905@group-40D367ECEF96: changes role from  FOLLOWER to CANDIDATE at term 0 for changeToCandidate
2019-10-20 12:57:50,992 [pool-37-thread-1] INFO  impl.RaftServerImpl (RaftServerImpl.java:setRole(184)) - 314f41d3-e6bb-4e9d-a30b-79c862990eb1@group-40D367ECEF96: changes role from      null to FOLLOWER at term 0 for startAsFollower
2019-10-20 12:57:50,993 [pool-47-thread-1] INFO  impl.RaftServerImpl (RaftServerImpl.java:start(195)) - 5432d864-00a4-4faa-be9e-870a49a37102@group-40D367ECEF96: start as a follower, conf=-1: [5432d864-00a4-4faa-be9e-870a49a37102:192.168.157.204:42827, 314f41d3-e6bb-4e9d-a30b-79c862990eb1:192.168.157.204:38880, 12b54cff-467e-45e9-ac2a-409cdcf2b905:192.168.157.204:40598], old=null
2019-10-20 12:57:50,993 [pool-37-thread-1] INFO  impl.RoleInfo (RoleInfo.java:updateAndGet(143)) - 314f41d3-e6bb-4e9d-a30b-79c862990eb1: start FollowerState
2019-10-20 12:57:50,993 [Thread-201] INFO  impl.RoleInfo (RoleInfo.java:updateAndGet(143)) - 12b54cff-467e-45e9-ac2a-409cdcf2b905: start LeaderElection
2019-10-20 12:57:50,993 [pool-47-thread-1] INFO  impl.RaftServerImpl (RaftServerImpl.java:setRole(184)) - 5432d864-00a4-4faa-be9e-870a49a37102@group-40D367ECEF96: changes role from      null to FOLLOWER at term 0 for startAsFollower
2019-10-20 12:57:50,993 [pool-37-thread-1] INFO  util.JmxRegister (JmxRegister.java:tryRegister(44)) - Successfully registered JMX Bean with object name Ratis:service=RaftServer,group=group-40D367ECEF96,id=314f41d3-e6bb-4e9d-a30b-79c862990eb1
2019-10-20 12:57:50,994 [pool-47-thread-1] INFO  impl.RoleInfo (RoleInfo.java:updateAndGet(143)) - 5432d864-00a4-4faa-be9e-870a49a37102: start FollowerState
2019-10-20 12:57:51,000 [pool-47-thread-1] INFO  util.JmxRegister (JmxRegister.java:tryRegister(44)) - Successfully registered JMX Bean with object name Ratis:service=RaftServer,group=group-40D367ECEF96,id=5432d864-00a4-4faa-be9e-870a49a37102
2019-10-20 12:57:51,003 [12b54cff-467e-45e9-ac2a-409cdcf2b905@group-6D93A5E18B68-SegmentedRaftLogWorker] INFO  segmented.SegmentedRaftLogWorker (SegmentedRaftLogWorker.java:execute(576)) - 12b54cff-467e-45e9-ac2a-409cdcf2b905@group-6D93A5E18B68-SegmentedRaftLogWorker: created new log segment /workdir/hadoop-ozone/integration-test/target/test-dir/MiniOzoneClusterImpl-6483733d-4f93-4870-817e-1c1dc2569cfd/datanode-0/data/ratis/1604044a-0464-4774-b042-6d93a5e18b68/current/log_inprogress_0
2019-10-20 12:57:51,003 [12b54cff-467e-45e9-ac2a-409cdcf2b905@group-40D367ECEF96-LeaderElection3] INFO  impl.LeaderElection (LeaderElection.java:askForVotes(178)) - 12b54cff-467e-45e9-ac2a-409cdcf2b905@group-40D367ECEF96-LeaderElection3: begin an election at term 1 for -1: [5432d864-00a4-4faa-be9e-870a49a37102:192.168.157.204:42827, 314f41d3-e6bb-4e9d-a30b-79c862990eb1:192.168.157.204:38880, 12b54cff-467e-45e9-ac2a-409cdcf2b905:192.168.157.204:40598], old=null
2019-10-20 12:57:51,003 [314f41d3-e6bb-4e9d-a30b-79c862990eb1@group-7F89D5523696-SegmentedRaftLogWorker] INFO  segmented.SegmentedRaftLogWorker (SegmentedRaftLogWorker.java:execute(576)) - 314f41d3-e6bb-4e9d-a30b-79c862990eb1@group-7F89D5523696-SegmentedRaftLogWorker: created new log segment /workdir/hadoop-ozone/integration-test/target/test-dir/MiniOzoneClusterImpl-6483733d-4f93-4870-817e-1c1dc2569cfd/datanode-1/data/ratis/3d57e81a-0b1d-4085-b28c-7f89d5523696/current/log_inprogress_0
2019-10-20 12:57:51,022 [Thread-196] INFO  impl.FollowerState (FollowerState.java:run(108)) - 5432d864-00a4-4faa-be9e-870a49a37102@group-41B6ABF1072B-FollowerState: change to CANDIDATE, lastRpcTime:137ms, electionTimeout:137ms
2019-10-20 12:57:51,023 [Thread-196] INFO  impl.RoleInfo (RoleInfo.java:shutdownFollowerState(121)) - 5432d864-00a4-4faa-be9e-870a49a37102: shutdown FollowerState
2019-10-20 12:57:51,023 [Thread-196] INFO  impl.RaftServerImpl (RaftServerImpl.java:setRole(184)) - 5432d864-00a4-4faa-be9e-870a49a37102@group-41B6ABF1072B: changes role from  FOLLOWER to CANDIDATE at term 0 for changeToCandidate
2019-10-20 12:57:51,024 [Thread-196] INFO  impl.RoleInfo (RoleInfo.java:updateAndGet(143)) - 5432d864-00a4-4faa-be9e-870a49a37102: start LeaderElection
2019-10-20 12:57:51,028 [RatisPipelineUtilsThread] INFO  pipeline.PipelineStateManager (PipelineStateManager.java:addPipeline(56)) - Created pipeline Pipeline[ Id: c8578440-42c5-4fb7-aa2b-40d367ecef96, Nodes: 314f41d3-e6bb-4e9d-a30b-79c862990eb1{ip: 192.168.157.204, host: pr-hdds-2337-fjsvx-2218173377, networkLocation: /default-rack, certSerialId: null}12b54cff-467e-45e9-ac2a-409cdcf2b905{ip: 192.168.157.204, host: pr-hdds-2337-fjsvx-2218173377, networkLocation: /default-rack, certSerialId: null}5432d864-00a4-4faa-be9e-870a49a37102{ip: 192.168.157.204, host: pr-hdds-2337-fjsvx-2218173377, networkLocation: /default-rack, certSerialId: null}, Type:RATIS, Factor:THREE, State:OPEN]
2019-10-20 12:57:51,041 [main] INFO  ozone.MiniOzoneClusterImpl (MiniOzoneClusterImpl.java:lambda$waitForClusterToBeReady$0(147)) - Cluster is ready. Got 3 of 3 DN Heartbeats.
2019-10-20 12:57:51,043 [12b54cff-467e-45e9-ac2a-409cdcf2b905@group-40D367ECEF96-LeaderElection3] INFO  impl.LeaderElection (LeaderElection.java:logAndReturn(56)) - 12b54cff-467e-45e9-ac2a-409cdcf2b905@group-40D367ECEF96-LeaderElection3: Election TIMEOUT; received 0 response(s) [] and 0 exception(s); 12b54cff-467e-45e9-ac2a-409cdcf2b905@group-40D367ECEF96:t1, leader=null, voted=12b54cff-467e-45e9-ac2a-409cdcf2b905, raftlog=12b54cff-467e-45e9-ac2a-409cdcf2b905@group-40D367ECEF96-SegmentedRaftLog:OPENED:c-1,f-1,i0, conf=-1: [5432d864-00a4-4faa-be9e-870a49a37102:192.168.157.204:42827, 314f41d3-e6bb-4e9d-a30b-79c862990eb1:192.168.157.204:38880, 12b54cff-467e-45e9-ac2a-409cdcf2b905:192.168.157.204:40598], old=null
2019-10-20 12:57:51,046 [grpc-default-executor-1] INFO  impl.RaftServerImpl (RaftServerImpl.java:setRole(184)) - 5432d864-00a4-4faa-be9e-870a49a37102@group-40D367ECEF96: changes role from  FOLLOWER to FOLLOWER at term 1 for recognizeCandidate:12b54cff-467e-45e9-ac2a-409cdcf2b905
2019-10-20 12:57:51,046 [grpc-default-executor-2] INFO  impl.RaftServerImpl (RaftServerImpl.java:setRole(184)) - 314f41d3-e6bb-4e9d-a30b-79c862990eb1@group-40D367ECEF96: changes role from  FOLLOWER to FOLLOWER at term 1 for recognizeCandidate:12b54cff-467e-45e9-ac2a-409cdcf2b905
2019-10-20 12:57:51,046 [grpc-default-executor-1] INFO  impl.RoleInfo (RoleInfo.java:shutdownFollowerState(121)) - 5432d864-00a4-4faa-be9e-870a49a37102: shutdown FollowerState
2019-10-20 12:57:51,046 [grpc-default-executor-2] INFO  impl.RoleInfo (RoleInfo.java:shutdownFollowerState(121)) - 314f41d3-e6bb-4e9d-a30b-79c862990eb1: shutdown FollowerState
2019-10-20 12:57:51,047 [Thread-204] INFO  impl.FollowerState (FollowerState.java:run(117)) - 5432d864-00a4-4faa-be9e-870a49a37102@group-40D367ECEF96-FollowerState was interrupted: java.lang.InterruptedException: sleep interrupted
2019-10-20 12:57:51,047 [Thread-203] INFO  impl.FollowerState (FollowerState.java:run(117)) - 314f41d3-e6bb-4e9d-a30b-79c862990eb1@group-40D367ECEF96-FollowerState was interrupted: java.lang.InterruptedException: sleep interrupted
2019-10-20 12:57:51,047 [grpc-default-executor-1] INFO  impl.RoleInfo (RoleInfo.java:updateAndGet(143)) - 5432d864-00a4-4faa-be9e-870a49a37102: start FollowerState
2019-10-20 12:57:51,047 [grpc-default-executor-2] INFO  impl.RoleInfo (RoleInfo.java:updateAndGet(143)) - 314f41d3-e6bb-4e9d-a30b-79c862990eb1: start FollowerState
2019-10-20 12:57:51,055 [5432d864-00a4-4faa-be9e-870a49a37102@group-41B6ABF1072B-LeaderElection4] INFO  impl.LeaderElection (LeaderElection.java:askForVotes(178)) - 5432d864-00a4-4faa-be9e-870a49a37102@group-41B6ABF1072B-LeaderElection4: begin an election at term 1 for -1: [5432d864-00a4-4faa-be9e-870a49a37102:192.168.157.204:42827], old=null
2019-10-20 12:57:51,055 [5432d864-00a4-4faa-be9e-870a49a37102@group-41B6ABF1072B-LeaderElection4] INFO  impl.RoleInfo (RoleInfo.java:shutdownLeaderElection(134)) - 5432d864-00a4-4faa-be9e-870a49a37102: shutdown LeaderElection
2019-10-20 12:57:51,055 [5432d864-00a4-4faa-be9e-870a49a37102@group-41B6ABF1072B-LeaderElection4] INFO  impl.RaftServerImpl (RaftServerImpl.java:setRole(184)) - 5432d864-00a4-4faa-be9e-870a49a37102@group-41B6ABF1072B: changes role from CANDIDATE to LEADER at term 1 for changeToLeader
2019-10-20 12:57:51,055 [5432d864-00a4-4faa-be9e-870a49a37102@group-41B6ABF1072B-LeaderElection4] INFO  impl.RaftServerImpl (ServerState.java:setLeader(256)) - 5432d864-00a4-4faa-be9e-870a49a37102@group-41B6ABF1072B: change Leader from null to 5432d864-00a4-4faa-be9e-870a49a37102 at term 1 for becomeLeader, leader elected after 186ms
2019-10-20 12:57:51,056 [5432d864-00a4-4faa-be9e-870a49a37102@group-41B6ABF1072B-LeaderElection4] INFO  server.RaftServerConfigKeys (ConfUtils.java:logGet(43)) - raft.server.staging.catchup.gap = 1000 (default)
2019-10-20 12:57:51,056 [5432d864-00a4-4faa-be9e-870a49a37102@group-41B6ABF1072B-LeaderElection4] INFO  server.RaftServerConfigKeys (ConfUtils.java:logGet(43)) - raft.server.rpc.sleep.time = 25ms (default)
2019-10-20 12:57:51,056 [5432d864-00a4-4faa-be9e-870a49a37102@group-41B6ABF1072B-LeaderElection4] INFO  server.RaftServerConfigKeys (ConfUtils.java:logGet(43)) - raft.server.write.element-limit = 4096 (default)
2019-10-20 12:57:51,056 [5432d864-00a4-4faa-be9e-870a49a37102@group-41B6ABF1072B-LeaderElection4] INFO  server.RaftServerConfigKeys (ConfUtils.java:logGet(43)) - raft.server.watch.timeout = 10s (default)
2019-10-20 12:57:51,056 [5432d864-00a4-4faa-be9e-870a49a37102@group-41B6ABF1072B-LeaderElection4] INFO  server.RaftServerConfigKeys (ConfUtils.java:logGet(43)) - raft.server.watch.timeout.denomination = 1s (default)
2019-10-20 12:57:51,056 [5432d864-00a4-4faa-be9e-870a49a37102@group-41B6ABF1072B-LeaderElection4] INFO  server.RaftServerConfigKeys (ConfUtils.java:logGet(43)) - raft.server.watch.element-limit = 65536 (default)
2019-10-20 12:57:51,058 [12b54cff-467e-45e9-ac2a-409cdcf2b905@group-40D367ECEF96-LeaderElection3] INFO  impl.LeaderElection (LeaderElection.java:askForVotes(178)) - 12b54cff-467e-45e9-ac2a-409cdcf2b905@group-40D367ECEF96-LeaderElection3: begin an election at term 2 for -1: [5432d864-00a4-4faa-be9e-870a49a37102:192.168.157.204:42827, 314f41d3-e6bb-4e9d-a30b-79c862990eb1:192.168.157.204:38880, 12b54cff-467e-45e9-ac2a-409cdcf2b905:192.168.157.204:40598], old=null
2019-10-20 12:57:51,059 [5432d864-00a4-4faa-be9e-870a49a37102@group-41B6ABF1072B-LeaderElection4] INFO  impl.RoleInfo (RoleInfo.java:updateAndGet(143)) - 5432d864-00a4-4faa-be9e-870a49a37102: start LeaderState
2019-10-20 12:57:51,060 [5432d864-00a4-4faa-be9e-870a49a37102@group-41B6ABF1072B-LeaderElection4] INFO  segmented.SegmentedRaftLogWorker (SegmentedRaftLogWorker.java:startLogSegment(385)) - 5432d864-00a4-4faa-be9e-870a49a37102@group-41B6ABF1072B-SegmentedRaftLogWorker: Starting segment from index:0
2019-10-20 12:57:51,060 [5432d864-00a4-4faa-be9e-870a49a37102@group-41B6ABF1072B-LeaderElection4] INFO  impl.RaftServerImpl (ServerState.java:setRaftConf(357)) - 5432d864-00a4-4faa-be9e-870a49a37102@group-41B6ABF1072B: set configuration 0: [5432d864-00a4-4faa-be9e-870a49a37102:192.168.157.204:42827], old=null at 0
2019-10-20 12:57:51,062 [Thread-211] INFO  impl.FollowerState (FollowerState.java:run(108)) - 5432d864-00a4-4faa-be9e-870a49a37102@group-40D367ECEF96-FollowerState: change to CANDIDATE, lastRpcTime:15ms, electionTimeout:0ms
2019-10-20 12:57:51,062 [Thread-211] INFO  impl.RoleInfo (RoleInfo.java:shutdownFollowerState(121)) - 5432d864-00a4-4faa-be9e-870a49a37102: shutdown FollowerState
2019-10-20 12:57:51,063 [Thread-211] INFO  impl.RaftServerImpl (RaftServerImpl.java:setRole(184)) - 5432d864-00a4-4faa-be9e-870a49a37102@group-40D367ECEF96: changes role from  FOLLOWER to CANDIDATE at term 1 for changeToCandidate
2019-10-20 12:57:51,063 [Thread-211] INFO  impl.RoleInfo (RoleInfo.java:updateAndGet(143)) - 5432d864-00a4-4faa-be9e-870a49a37102: start LeaderElection
2019-10-20 12:57:51,112 [grpc-default-executor-1] INFO  impl.RaftServerImpl (RaftServerImpl.java:setRole(184)) - 314f41d3-e6bb-4e9d-a30b-79c862990eb1@group-40D367ECEF96: changes role from  FOLLOWER to FOLLOWER at term 2 for recognizeCandidate:12b54cff-467e-45e9-ac2a-409cdcf2b905
2019-10-20 12:57:51,112 [grpc-default-executor-1] INFO  impl.RoleInfo (RoleInfo.java:shutdownFollowerState(121)) - 314f41d3-e6bb-4e9d-a30b-79c862990eb1: shutdown FollowerState
2019-10-20 12:57:51,113 [Thread-212] INFO  impl.FollowerState (FollowerState.java:run(117)) - 314f41d3-e6bb-4e9d-a30b-79c862990eb1@group-40D367ECEF96-FollowerState was interrupted: java.lang.InterruptedException: sleep interrupted
2019-10-20 12:57:51,113 [grpc-default-executor-1] INFO  impl.RoleInfo (RoleInfo.java:updateAndGet(143)) - 314f41d3-e6bb-4e9d-a30b-79c862990eb1: start FollowerState
2019-10-20 12:57:51,115 [5432d864-00a4-4faa-be9e-870a49a37102@group-41B6ABF1072B-SegmentedRaftLogWorker] INFO  segmented.SegmentedRaftLogWorker (SegmentedRaftLogWorker.java:execute(576)) - 5432d864-00a4-4faa-be9e-870a49a37102@group-41B6ABF1072B-SegmentedRaftLogWorker: created new log segment /workdir/hadoop-ozone/integration-test/target/test-dir/MiniOzoneClusterImpl-6483733d-4f93-4870-817e-1c1dc2569cfd/datanode-2/data/ratis/a8aecd8f-945f-4423-9965-41b6abf1072b/current/log_inprogress_0
2019-10-20 12:57:51,115 [5432d864-00a4-4faa-be9e-870a49a37102@group-40D367ECEF96-LeaderElection5] INFO  impl.LeaderElection (LeaderElection.java:askForVotes(178)) - 5432d864-00a4-4faa-be9e-870a49a37102@group-40D367ECEF96-LeaderElection5: begin an election at term 2 for -1: [5432d864-00a4-4faa-be9e-870a49a37102:192.168.157.204:42827, 314f41d3-e6bb-4e9d-a30b-79c862990eb1:192.168.157.204:38880, 12b54cff-467e-45e9-ac2a-409cdcf2b905:192.168.157.204:40598], old=null
2019-10-20 12:57:51,125 [12b54cff-467e-45e9-ac2a-409cdcf2b905@group-40D367ECEF96-LeaderElection3] INFO  impl.LeaderElection (LeaderElection.java:logAndReturn(56)) - 12b54cff-467e-45e9-ac2a-409cdcf2b905@group-40D367ECEF96-LeaderElection3: Election PASSED; received 2 response(s) [12b54cff-467e-45e9-ac2a-409cdcf2b905<-5432d864-00a4-4faa-be9e-870a49a37102#0:FAIL-t2, 12b54cff-467e-45e9-ac2a-409cdcf2b905<-314f41d3-e6bb-4e9d-a30b-79c862990eb1#0:OK-t2] and 0 exception(s); 12b54cff-467e-45e9-ac2a-409cdcf2b905@group-40D367ECEF96:t2, leader=null, voted=12b54cff-467e-45e9-ac2a-409cdcf2b905, raftlog=12b54cff-467e-45e9-ac2a-409cdcf2b905@group-40D367ECEF96-SegmentedRaftLog:OPENED:c-1,f-1,i0, conf=-1: [5432d864-00a4-4faa-be9e-870a49a37102:192.168.157.204:42827, 314f41d3-e6bb-4e9d-a30b-79c862990eb1:192.168.157.204:38880, 12b54cff-467e-45e9-ac2a-409cdcf2b905:192.168.157.204:40598], old=null
2019-10-20 12:57:51,125 [12b54cff-467e-45e9-ac2a-409cdcf2b905@group-40D367ECEF96-LeaderElection3] INFO  impl.RoleInfo (RoleInfo.java:shutdownLeaderElection(134)) - 12b54cff-467e-45e9-ac2a-409cdcf2b905: shutdown LeaderElection
2019-10-20 12:57:51,125 [12b54cff-467e-45e9-ac2a-409cdcf2b905@group-40D367ECEF96-LeaderElection3] INFO  impl.RaftServerImpl (RaftServerImpl.java:setRole(184)) - 12b54cff-467e-45e9-ac2a-409cdcf2b905@group-40D367ECEF96: changes role from CANDIDATE to LEADER at term 2 for changeToLeader
2019-10-20 12:57:51,126 [12b54cff-467e-45e9-ac2a-409cdcf2b905@group-40D367ECEF96-LeaderElection3] INFO  impl.RaftServerImpl (ServerState.java:setLeader(256)) - 12b54cff-467e-45e9-ac2a-409cdcf2b905@group-40D367ECEF96: change Leader from null to 12b54cff-467e-45e9-ac2a-409cdcf2b905 at term 2 for becomeLeader, leader elected after 147ms
2019-10-20 12:57:51,126 [12b54cff-467e-45e9-ac2a-409cdcf2b905@group-40D367ECEF96-LeaderElection3] INFO  server.RaftServerConfigKeys (ConfUtils.java:logGet(43)) - raft.server.staging.catchup.gap = 1000 (default)
2019-10-20 12:57:51,127 [12b54cff-467e-45e9-ac2a-409cdcf2b905@group-40D367ECEF96-LeaderElection3] INFO  server.RaftServerConfigKeys (ConfUtils.java:logGet(43)) - raft.server.rpc.sleep.time = 25ms (default)
2019-10-20 12:57:51,127 [12b54cff-467e-45e9-ac2a-409cdcf2b905@group-40D367ECEF96-LeaderElection3] INFO  server.RaftServerConfigKeys (ConfUtils.java:logGet(43)) - raft.server.write.element-limit = 4096 (default)
2019-10-20 12:57:51,127 [12b54cff-467e-45e9-ac2a-409cdcf2b905@group-40D367ECEF96-LeaderElection3] INFO  server.RaftServerConfigKeys (ConfUtils.java:logGet(43)) - raft.server.watch.timeout = 10s (default)
2019-10-20 12:57:51,127 [12b54cff-467e-45e9-ac2a-409cdcf2b905@group-40D367ECEF96-LeaderElection3] INFO  server.RaftServerConfigKeys (ConfUtils.java:logGet(43)) - raft.server.watch.timeout.denomination = 1s (default)
2019-10-20 12:57:51,127 [12b54cff-467e-45e9-ac2a-409cdcf2b905@group-40D367ECEF96-LeaderElection3] INFO  server.RaftServerConfigKeys (ConfUtils.java:logGet(43)) - raft.server.watch.element-limit = 65536 (default)
2019-10-20 12:57:51,137 [12b54cff-467e-45e9-ac2a-409cdcf2b905@group-40D367ECEF96-LeaderElection3] INFO  server.RaftServerConfigKeys (ConfUtils.java:logGet(43)) - raft.server.log.appender.snapshot.chunk.size.max = 16MB (=16777216) (default)
2019-10-20 12:57:51,138 [12b54cff-467e-45e9-ac2a-409cdcf2b905@group-40D367ECEF96-LeaderElection3] INFO  server.RaftServerConfigKeys (ConfUtils.java:logGet(43)) - raft.server.log.appender.buffer.byte-limit = 33554432 (custom)
2019-10-20 12:57:51,138 [12b54cff-467e-45e9-ac2a-409cdcf2b905@group-40D367ECEF96-LeaderElection3] INFO  server.RaftServerConfigKeys (ConfUtils.java:logGet(43)) - raft.server.log.appender.buffer.element-limit = 1 (custom)
2019-10-20 12:57:51,142 [12b54cff-467e-45e9-ac2a-409cdcf2b905@group-40D367ECEF96-LeaderElection3] INFO  grpc.GrpcConfigKeys$Server (ConfUtils.java:logGet(43)) - raft.grpc.server.leader.outstanding.appends.max = 128 (default)
2019-10-20 12:57:51,143 [12b54cff-467e-45e9-ac2a-409cdcf2b905@group-40D367ECEF96-LeaderElection3] INFO  server.RaftServerConfigKeys (ConfUtils.java:logGet(43)) - raft.server.rpc.request.timeout = 3000ms (default)
2019-10-20 12:57:51,143 [12b54cff-467e-45e9-ac2a-409cdcf2b905@group-40D367ECEF96-LeaderElection3] INFO  server.RaftServerConfigKeys (ConfUtils.java:logGet(43)) - raft.server.log.appender.install.snapshot.enabled = false (custom)
2019-10-20 12:57:51,147 [12b54cff-467e-45e9-ac2a-409cdcf2b905@group-40D367ECEF96-LeaderElection3] INFO  server.RaftServerConfigKeys (ConfUtils.java:logGet(43)) - raft.server.log.appender.snapshot.chunk.size.max = 16MB (=16777216) (default)
2019-10-20 12:57:51,148 [12b54cff-467e-45e9-ac2a-409cdcf2b905@group-40D367ECEF96-LeaderElection3] INFO  server.RaftServerConfigKeys (ConfUtils.java:logGet(43)) - raft.server.log.appender.buffer.byte-limit = 33554432 (custom)
2019-10-20 12:57:51,148 [12b54cff-467e-45e9-ac2a-409cdcf2b905@group-40D367ECEF96-LeaderElection3] INFO  server.RaftServerConfigKeys (ConfUtils.java:logGet(43)) - raft.server.log.appender.buffer.element-limit = 1 (custom)
2019-10-20 12:57:51,148 [12b54cff-467e-45e9-ac2a-409cdcf2b905@group-40D367ECEF96-LeaderElection3] INFO  grpc.GrpcConfigKeys$Server (ConfUtils.java:logGet(43)) - raft.grpc.server.leader.outstanding.appends.max = 128 (default)
2019-10-20 12:57:51,148 [12b54cff-467e-45e9-ac2a-409cdcf2b905@group-40D367ECEF96-LeaderElection3] INFO  server.RaftServerConfigKeys (ConfUtils.java:logGet(43)) - raft.server.rpc.request.timeout = 3000ms (default)
2019-10-20 12:57:51,148 [12b54cff-467e-45e9-ac2a-409cdcf2b905@group-40D367ECEF96-LeaderElection3] INFO  server.RaftServerConfigKeys (ConfUtils.java:logGet(43)) - raft.server.log.appender.install.snapshot.enabled = false (custom)
2019-10-20 12:57:51,154 [12b54cff-467e-45e9-ac2a-409cdcf2b905@group-40D367ECEF96-LeaderElection3] INFO  impl.RoleInfo (RoleInfo.java:updateAndGet(143)) - 12b54cff-467e-45e9-ac2a-409cdcf2b905: start LeaderState
2019-10-20 12:57:51,154 [12b54cff-467e-45e9-ac2a-409cdcf2b905@group-40D367ECEF96-LeaderElection3] INFO  segmented.SegmentedRaftLogWorker (SegmentedRaftLogWorker.java:startLogSegment(385)) - 12b54cff-467e-45e9-ac2a-409cdcf2b905@group-40D367ECEF96-SegmentedRaftLogWorker: Starting segment from index:0
2019-10-20 12:57:51,155 [12b54cff-467e-45e9-ac2a-409cdcf2b905@group-40D367ECEF96-LeaderElection3] INFO  impl.RaftServerImpl (ServerState.java:setRaftConf(357)) - 12b54cff-467e-45e9-ac2a-409cdcf2b905@group-40D367ECEF96: set configuration 0: [5432d864-00a4-4faa-be9e-870a49a37102:192.168.157.204:42827, 314f41d3-e6bb-4e9d-a30b-79c862990eb1:192.168.157.204:38880, 12b54cff-467e-45e9-ac2a-409cdcf2b905:192.168.157.204:40598], old=null at 0
2019-10-20 12:57:51,193 [grpc-default-executor-2] INFO  impl.RaftServerImpl (RaftServerImpl.java:requestVote(776)) - 12b54cff-467e-45e9-ac2a-409cdcf2b905@group-40D367ECEF96-   LEADER: Withhold vote from candidate 5432d864-00a4-4faa-be9e-870a49a37102 with term 2. State: leader=12b54cff-467e-45e9-ac2a-409cdcf2b905, term=2, lastRpcElapsed=null
2019-10-20 12:57:51,193 [5432d864-00a4-4faa-be9e-870a49a37102@group-40D367ECEF96-LeaderElection5] INFO  impl.LeaderElection (LeaderElection.java:logAndReturn(56)) - 5432d864-00a4-4faa-be9e-870a49a37102@group-40D367ECEF96-LeaderElection5: Election TIMEOUT; received 1 response(s) [5432d864-00a4-4faa-be9e-870a49a37102<-314f41d3-e6bb-4e9d-a30b-79c862990eb1#0:FAIL-t2] and 0 exception(s); 5432d864-00a4-4faa-be9e-870a49a37102@group-40D367ECEF96:t2, leader=null, voted=5432d864-00a4-4faa-be9e-870a49a37102, raftlog=5432d864-00a4-4faa-be9e-870a49a37102@group-40D367ECEF96-SegmentedRaftLog:OPENED:c-1,f-1,i0, conf=-1: [5432d864-00a4-4faa-be9e-870a49a37102:192.168.157.204:42827, 314f41d3-e6bb-4e9d-a30b-79c862990eb1:192.168.157.204:38880, 12b54cff-467e-45e9-ac2a-409cdcf2b905:192.168.157.204:40598], old=null
2019-10-20 12:57:51,207 [12b54cff-467e-45e9-ac2a-409cdcf2b905@group-40D367ECEF96-SegmentedRaftLogWorker] INFO  segmented.SegmentedRaftLogWorker (SegmentedRaftLogWorker.java:execute(576)) - 12b54cff-467e-45e9-ac2a-409cdcf2b905@group-40D367ECEF96-SegmentedRaftLogWorker: created new log segment /workdir/hadoop-ozone/integration-test/target/test-dir/MiniOzoneClusterImpl-6483733d-4f93-4870-817e-1c1dc2569cfd/datanode-0/data/ratis/c8578440-42c5-4fb7-aa2b-40d367ecef96/current/log_inprogress_0
2019-10-20 12:57:51,207 [5432d864-00a4-4faa-be9e-870a49a37102@group-40D367ECEF96-LeaderElection5] INFO  impl.LeaderElection (LeaderElection.java:askForVotes(178)) - 5432d864-00a4-4faa-be9e-870a49a37102@group-40D367ECEF96-LeaderElection5: begin an election at term 3 for -1: [5432d864-00a4-4faa-be9e-870a49a37102:192.168.157.204:42827, 314f41d3-e6bb-4e9d-a30b-79c862990eb1:192.168.157.204:38880, 12b54cff-467e-45e9-ac2a-409cdcf2b905:192.168.157.204:40598], old=null
2019-10-20 12:57:51,211 [Thread-217] INFO  impl.FollowerState (FollowerState.java:run(108)) - 314f41d3-e6bb-4e9d-a30b-79c862990eb1@group-40D367ECEF96-FollowerState: change to CANDIDATE, lastRpcTime:98ms, electionTimeout:97ms
2019-10-20 12:57:51,211 [Thread-217] INFO  impl.RoleInfo (RoleInfo.java:shutdownFollowerState(121)) - 314f41d3-e6bb-4e9d-a30b-79c862990eb1: shutdown FollowerState
2019-10-20 12:57:51,212 [Thread-217] INFO  impl.RaftServerImpl (RaftServerImpl.java:setRole(184)) - 314f41d3-e6bb-4e9d-a30b-79c862990eb1@group-40D367ECEF96: changes role from  FOLLOWER to CANDIDATE at term 2 for changeToCandidate
2019-10-20 12:57:51,212 [Thread-217] INFO  impl.RoleInfo (RoleInfo.java:updateAndGet(143)) - 314f41d3-e6bb-4e9d-a30b-79c862990eb1: start LeaderElection
2019-10-20 12:57:51,217 [grpc-default-executor-2] INFO  impl.RaftServerImpl (ServerState.java:setLeader(256)) - 12b54cff-467e-45e9-ac2a-409cdcf2b905@group-40D367ECEF96: change Leader from 12b54cff-467e-45e9-ac2a-409cdcf2b905 to null at term 3 for updateCurrentTerm
2019-10-20 12:57:51,217 [grpc-default-executor-2] INFO  impl.RaftServerImpl (RaftServerImpl.java:setRole(184)) - 12b54cff-467e-45e9-ac2a-409cdcf2b905@group-40D367ECEF96: changes role from    LEADER to FOLLOWER at term 3 for recognizeCandidate:5432d864-00a4-4faa-be9e-870a49a37102
2019-10-20 12:57:51,217 [grpc-default-executor-2] INFO  impl.RoleInfo (RoleInfo.java:shutdownLeaderState(104)) - 12b54cff-467e-45e9-ac2a-409cdcf2b905: shutdown LeaderState
2019-10-20 12:57:51,220 [org.apache.ratis.server.impl.LogAppender$AppenderDaemon$$Lambda$412/1349782020@5f1f91f] WARN  server.GrpcLogAppender (GrpcLogAppender.java:mayWait(149)) - 12b54cff-467e-45e9-ac2a-409cdcf2b905@group-40D367ECEF96->5432d864-00a4-4faa-be9e-870a49a37102-GrpcLogAppender: Wait interrupted by java.lang.InterruptedException
2019-10-20 12:57:51,220 [org.apache.ratis.server.impl.LogAppender$AppenderDaemon$$Lambda$412/1349782020@cb86c9b] WARN  server.GrpcLogAppender (GrpcLogAppender.java:mayWait(149)) - 12b54cff-467e-45e9-ac2a-409cdcf2b905@group-40D367ECEF96->314f41d3-e6bb-4e9d-a30b-79c862990eb1-GrpcLogAppender: Wait interrupted by java.lang.InterruptedException
2019-10-20 12:57:51,221 [314f41d3-e6bb-4e9d-a30b-79c862990eb1@group-40D367ECEF96-LeaderElection6] INFO  impl.LeaderElection (LeaderElection.java:askForVotes(178)) - 314f41d3-e6bb-4e9d-a30b-79c862990eb1@group-40D367ECEF96-LeaderElection6: begin an election at term 3 for -1: [5432d864-00a4-4faa-be9e-870a49a37102:192.168.157.204:42827, 314f41d3-e6bb-4e9d-a30b-79c862990eb1:192.168.157.204:38880, 12b54cff-467e-45e9-ac2a-409cdcf2b905:192.168.157.204:40598], old=null
2019-10-20 12:57:51,222 [grpc-default-executor-2] INFO  impl.PendingRequests (PendingRequests.java:sendNotLeaderResponses(202)) - 12b54cff-467e-45e9-ac2a-409cdcf2b905@group-40D367ECEF96-PendingRequests: sendNotLeaderResponses
2019-10-20 12:57:51,225 [grpc-default-executor-2] INFO  impl.RoleInfo (RoleInfo.java:updateAndGet(143)) - 12b54cff-467e-45e9-ac2a-409cdcf2b905: start FollowerState
2019-10-20 12:57:51,233 [5432d864-00a4-4faa-be9e-870a49a37102@group-40D367ECEF96-LeaderElection5] INFO  impl.LeaderElection (LeaderElection.java:logAndReturn(56)) - 5432d864-00a4-4faa-be9e-870a49a37102@group-40D367ECEF96-LeaderElection5: Election TIMEOUT; received 1 response(s) [5432d864-00a4-4faa-be9e-870a49a37102<-314f41d3-e6bb-4e9d-a30b-79c862990eb1#0:FAIL-t3] and 0 exception(s); 5432d864-00a4-4faa-be9e-870a49a37102@group-40D367ECEF96:t3, leader=null, voted=5432d864-00a4-4faa-be9e-870a49a37102, raftlog=5432d864-00a4-4faa-be9e-870a49a37102@group-40D367ECEF96-SegmentedRaftLog:OPENED:c-1,f-1,i0, conf=-1: [5432d864-00a4-4faa-be9e-870a49a37102:192.168.157.204:42827, 314f41d3-e6bb-4e9d-a30b-79c862990eb1:192.168.157.204:38880, 12b54cff-467e-45e9-ac2a-409cdcf2b905:192.168.157.204:40598], old=null
2019-10-20 12:57:51,242 [5432d864-00a4-4faa-be9e-870a49a37102@group-40D367ECEF96-LeaderElection5] INFO  impl.LeaderElection (LeaderElection.java:askForVotes(178)) - 5432d864-00a4-4faa-be9e-870a49a37102@group-40D367ECEF96-LeaderElection5: begin an election at term 4 for -1: [5432d864-00a4-4faa-be9e-870a49a37102:192.168.157.204:42827, 314f41d3-e6bb-4e9d-a30b-79c862990eb1:192.168.157.204:38880, 12b54cff-467e-45e9-ac2a-409cdcf2b905:192.168.157.204:40598], old=null
2019-10-20 12:57:51,242 [grpc-default-executor-4] INFO  impl.RaftServerImpl (RaftServerImpl.java:setRole(184)) - 12b54cff-467e-45e9-ac2a-409cdcf2b905@group-40D367ECEF96: changes role from  FOLLOWER to FOLLOWER at term 3 for recognizeCandidate:314f41d3-e6bb-4e9d-a30b-79c862990eb1
2019-10-20 12:57:51,243 [grpc-default-executor-4] INFO  impl.RoleInfo (RoleInfo.java:shutdownFollowerState(121)) - 12b54cff-467e-45e9-ac2a-409cdcf2b905: shutdown FollowerState
2019-10-20 12:57:51,243 [Thread-233] INFO  impl.FollowerState (FollowerState.java:run(117)) - 12b54cff-467e-45e9-ac2a-409cdcf2b905@group-40D367ECEF96-FollowerState was interrupted: java.lang.InterruptedException: sleep interrupted
2019-10-20 12:57:51,244 [grpc-default-executor-4] INFO  impl.RoleInfo (RoleInfo.java:updateAndGet(143)) - 12b54cff-467e-45e9-ac2a-409cdcf2b905: start FollowerState
2019-10-20 12:57:51,246 [grpc-default-executor-3] INFO  server.GrpcServerProtocolService (GrpcServerProtocolService.java:onCompleted(113)) - 5432d864-00a4-4faa-be9e-870a49a37102: Completed APPEND_ENTRIES, lastRequest: 12b54cff-467e-45e9-ac2a-409cdcf2b905->5432d864-00a4-4faa-be9e-870a49a37102#0-t2, previous=(t:0, i:0), leaderCommit=-1, initializing? false, entries: <empty>
2019-10-20 12:57:51,246 [grpc-default-executor-1] INFO  server.GrpcServerProtocolService (GrpcServerProtocolService.java:onCompleted(113)) - 314f41d3-e6bb-4e9d-a30b-79c862990eb1: Completed APPEND_ENTRIES, lastRequest: 12b54cff-467e-45e9-ac2a-409cdcf2b905->314f41d3-e6bb-4e9d-a30b-79c862990eb1#0-t2, previous=(t:0, i:0), leaderCommit=-1, initializing? false, entries: <empty>
2019-10-20 12:57:51,254 [grpc-default-executor-4] INFO  impl.RaftServerImpl (RaftServerImpl.java:setRole(184)) - 12b54cff-467e-45e9-ac2a-409cdcf2b905@group-40D367ECEF96: changes role from  FOLLOWER to FOLLOWER at term 4 for recognizeCandidate:5432d864-00a4-4faa-be9e-870a49a37102
2019-10-20 12:57:51,254 [grpc-default-executor-4] INFO  impl.RoleInfo (RoleInfo.java:shutdownFollowerState(121)) - 12b54cff-467e-45e9-ac2a-409cdcf2b905: shutdown FollowerState
2019-10-20 12:57:51,255 [Thread-236] INFO  impl.FollowerState (FollowerState.java:run(117)) - 12b54cff-467e-45e9-ac2a-409cdcf2b905@group-40D367ECEF96-FollowerState was interrupted: java.lang.InterruptedException: sleep interrupted
2019-10-20 12:57:51,255 [grpc-default-executor-4] INFO  impl.RoleInfo (RoleInfo.java:updateAndGet(143)) - 12b54cff-467e-45e9-ac2a-409cdcf2b905: start FollowerState
2019-10-20 12:57:51,258 [grpc-default-executor-5] INFO  impl.RaftServerImpl (RaftServerImpl.java:setRole(184)) - 314f41d3-e6bb-4e9d-a30b-79c862990eb1@group-40D367ECEF96: changes role from CANDIDATE to FOLLOWER at term 4 for recognizeCandidate:5432d864-00a4-4faa-be9e-870a49a37102
2019-10-20 12:57:51,260 [grpc-default-executor-5] INFO  impl.RoleInfo (RoleInfo.java:shutdownLeaderElection(134)) - 314f41d3-e6bb-4e9d-a30b-79c862990eb1: shutdown LeaderElection
2019-10-20 12:57:51,261 [grpc-default-executor-5] INFO  impl.RoleInfo (RoleInfo.java:updateAndGet(143)) - 314f41d3-e6bb-4e9d-a30b-79c862990eb1: start FollowerState
2019-10-20 12:57:51,263 [314f41d3-e6bb-4e9d-a30b-79c862990eb1@group-40D367ECEF96-LeaderElection6] INFO  impl.LeaderElection (LeaderElection.java:logAndReturn(56)) - 314f41d3-e6bb-4e9d-a30b-79c862990eb1@group-40D367ECEF96-LeaderElection6: Election DISCOVERED_A_NEW_TERM; received 2 response(s) [314f41d3-e6bb-4e9d-a30b-79c862990eb1<-5432d864-00a4-4faa-be9e-870a49a37102#0:FAIL-t4, 314f41d3-e6bb-4e9d-a30b-79c862990eb1<-12b54cff-467e-45e9-ac2a-409cdcf2b905#0:FAIL-t3] and 0 exception(s); 314f41d3-e6bb-4e9d-a30b-79c862990eb1@group-40D367ECEF96:t4, leader=null, voted=null, raftlog=314f41d3-e6bb-4e9d-a30b-79c862990eb1@group-40D367ECEF96-SegmentedRaftLog:OPENED:c-1,f-1,i0, conf=-1: [5432d864-00a4-4faa-be9e-870a49a37102:192.168.157.204:42827, 314f41d3-e6bb-4e9d-a30b-79c862990eb1:192.168.157.204:38880, 12b54cff-467e-45e9-ac2a-409cdcf2b905:192.168.157.204:40598], old=null
2019-10-20 12:57:51,271 [grpc-default-executor-1] INFO  server.GrpcLogAppender (GrpcLogAppender.java:onCompleted(308)) - 12b54cff-467e-45e9-ac2a-409cdcf2b905@group-40D367ECEF96->5432d864-00a4-4faa-be9e-870a49a37102-AppendLogResponseHandler: follower responses appendEntries COMPLETED
2019-10-20 12:57:51,271 [grpc-default-executor-3] INFO  server.GrpcLogAppender (GrpcLogAppender.java:onCompleted(308)) - 12b54cff-467e-45e9-ac2a-409cdcf2b905@group-40D367ECEF96->314f41d3-e6bb-4e9d-a30b-79c862990eb1-AppendLogResponseHandler: follower responses appendEntries COMPLETED
2019-10-20 12:57:51,280 [5432d864-00a4-4faa-be9e-870a49a37102@group-40D367ECEF96-LeaderElection5] INFO  impl.LeaderElection (LeaderElection.java:logAndReturn(56)) - 5432d864-00a4-4faa-be9e-870a49a37102@group-40D367ECEF96-LeaderElection5: Election REJECTED; received 2 response(s) [5432d864-00a4-4faa-be9e-870a49a37102<-314f41d3-e6bb-4e9d-a30b-79c862990eb1#0:FAIL-t4, 5432d864-00a4-4faa-be9e-870a49a37102<-12b54cff-467e-45e9-ac2a-409cdcf2b905#0:FAIL-t4] and 0 exception(s); 5432d864-00a4-4faa-be9e-870a49a37102@group-40D367ECEF96:t4, leader=null, voted=5432d864-00a4-4faa-be9e-870a49a37102, raftlog=5432d864-00a4-4faa-be9e-870a49a37102@group-40D367ECEF96-SegmentedRaftLog:OPENED:c-1,f-1,i0, conf=-1: [5432d864-00a4-4faa-be9e-870a49a37102:192.168.157.204:42827, 314f41d3-e6bb-4e9d-a30b-79c862990eb1:192.168.157.204:38880, 12b54cff-467e-45e9-ac2a-409cdcf2b905:192.168.157.204:40598], old=null
2019-10-20 12:57:51,280 [5432d864-00a4-4faa-be9e-870a49a37102@group-40D367ECEF96-LeaderElection5] INFO  impl.RaftServerImpl (RaftServerImpl.java:setRole(184)) - 5432d864-00a4-4faa-be9e-870a49a37102@group-40D367ECEF96: changes role from CANDIDATE to FOLLOWER at term 4 for DISCOVERED_A_NEW_TERM
2019-10-20 12:57:51,281 [5432d864-00a4-4faa-be9e-870a49a37102@group-40D367ECEF96-LeaderElection5] INFO  impl.RoleInfo (RoleInfo.java:shutdownLeaderElection(134)) - 5432d864-00a4-4faa-be9e-870a49a37102: shutdown LeaderElection
2019-10-20 12:57:51,282 [5432d864-00a4-4faa-be9e-870a49a37102@group-40D367ECEF96-LeaderElection5] INFO  impl.RoleInfo (RoleInfo.java:updateAndGet(143)) - 5432d864-00a4-4faa-be9e-870a49a37102: start FollowerState
2019-10-20 12:57:51,284 [grpc-default-executor-1] INFO  impl.FollowerInfo (FollowerInfo.java:lambda$new$0(51)) - 12b54cff-467e-45e9-ac2a-409cdcf2b905@group-40D367ECEF96->5432d864-00a4-4faa-be9e-870a49a37102: nextIndex: updateUnconditionally 0 -> 0
2019-10-20 12:57:51,285 [grpc-default-executor-3] INFO  impl.FollowerInfo (FollowerInfo.java:lambda$new$0(51)) - 12b54cff-467e-45e9-ac2a-409cdcf2b905@group-40D367ECEF96->314f41d3-e6bb-4e9d-a30b-79c862990eb1: nextIndex: updateUnconditionally 0 -> 0
2019-10-20 12:57:51,385 [Thread-239] INFO  impl.FollowerState (FollowerState.java:run(108)) - 5432d864-00a4-4faa-be9e-870a49a37102@group-40D367ECEF96-FollowerState: change to CANDIDATE, lastRpcTime:103ms, electionTimeout:101ms
2019-10-20 12:57:51,385 [Thread-239] INFO  impl.RoleInfo (RoleInfo.java:shutdownFollowerState(121)) - 5432d864-00a4-4faa-be9e-870a49a37102: shutdown FollowerState
2019-10-20 12:57:51,385 [Thread-239] INFO  impl.RaftServerImpl (RaftServerImpl.java:setRole(184)) - 5432d864-00a4-4faa-be9e-870a49a37102@group-40D367ECEF96: changes role from  FOLLOWER to CANDIDATE at term 4 for changeToCandidate
2019-10-20 12:57:51,386 [Thread-239] INFO  impl.RoleInfo (RoleInfo.java:updateAndGet(143)) - 5432d864-00a4-4faa-be9e-870a49a37102: start LeaderElection
2019-10-20 12:57:51,399 [Thread-238] INFO  impl.FollowerState (FollowerState.java:run(108)) - 314f41d3-e6bb-4e9d-a30b-79c862990eb1@group-40D367ECEF96-FollowerState: change to CANDIDATE, lastRpcTime:138ms, electionTimeout:138ms
2019-10-20 12:57:51,399 [Thread-238] INFO  impl.RoleInfo (RoleInfo.java:shutdownFollowerState(121)) - 314f41d3-e6bb-4e9d-a30b-79c862990eb1: shutdown FollowerState
2019-10-20 12:57:51,400 [Thread-238] INFO  impl.RaftServerImpl (RaftServerImpl.java:setRole(184)) - 314f41d3-e6bb-4e9d-a30b-79c862990eb1@group-40D367ECEF96: changes role from  FOLLOWER to CANDIDATE at term 4 for changeToCandidate
2019-10-20 12:57:51,400 [Thread-238] INFO  impl.RoleInfo (RoleInfo.java:updateAndGet(143)) - 314f41d3-e6bb-4e9d-a30b-79c862990eb1: start LeaderElection
2019-10-20 12:57:51,413 [5432d864-00a4-4faa-be9e-870a49a37102@group-40D367ECEF96-LeaderElection7] INFO  impl.LeaderElection (LeaderElection.java:askForVotes(178)) - 5432d864-00a4-4faa-be9e-870a49a37102@group-40D367ECEF96-LeaderElection7: begin an election at term 5 for -1: [5432d864-00a4-4faa-be9e-870a49a37102:192.168.157.204:42827, 314f41d3-e6bb-4e9d-a30b-79c862990eb1:192.168.157.204:38880, 12b54cff-467e-45e9-ac2a-409cdcf2b905:192.168.157.204:40598], old=null
2019-10-20 12:57:51,415 [314f41d3-e6bb-4e9d-a30b-79c862990eb1@group-40D367ECEF96-LeaderElection8] INFO  impl.LeaderElection (LeaderElection.java:askForVotes(178)) - 314f41d3-e6bb-4e9d-a30b-79c862990eb1@group-40D367ECEF96-LeaderElection8: begin an election at term 5 for -1: [5432d864-00a4-4faa-be9e-870a49a37102:192.168.157.204:42827, 314f41d3-e6bb-4e9d-a30b-79c862990eb1:192.168.157.204:38880, 12b54cff-467e-45e9-ac2a-409cdcf2b905:192.168.157.204:40598], old=null
2019-10-20 12:57:51,420 [grpc-default-executor-3] INFO  impl.RaftServerImpl (RaftServerImpl.java:setRole(184)) - 12b54cff-467e-45e9-ac2a-409cdcf2b905@group-40D367ECEF96: changes role from  FOLLOWER to FOLLOWER at term 5 for recognizeCandidate:5432d864-00a4-4faa-be9e-870a49a37102
2019-10-20 12:57:51,420 [grpc-default-executor-3] INFO  impl.RoleInfo (RoleInfo.java:shutdownFollowerState(121)) - 12b54cff-467e-45e9-ac2a-409cdcf2b905: shutdown FollowerState
2019-10-20 12:57:51,420 [grpc-default-executor-3] INFO  impl.RoleInfo (RoleInfo.java:updateAndGet(143)) - 12b54cff-467e-45e9-ac2a-409cdcf2b905: start FollowerState
2019-10-20 12:57:51,420 [Thread-237] INFO  impl.FollowerState (FollowerState.java:run(117)) - 12b54cff-467e-45e9-ac2a-409cdcf2b905@group-40D367ECEF96-FollowerState was interrupted: java.lang.InterruptedException: sleep interrupted
2019-10-20 12:57:51,435 [grpc-default-executor-1] INFO  impl.RaftServerImpl (RaftServerImpl.java:setRole(184)) - 12b54cff-467e-45e9-ac2a-409cdcf2b905@group-40D367ECEF96: changes role from  FOLLOWER to FOLLOWER at term 5 for recognizeCandidate:314f41d3-e6bb-4e9d-a30b-79c862990eb1
2019-10-20 12:57:51,435 [grpc-default-executor-1] INFO  impl.RoleInfo (RoleInfo.java:shutdownFollowerState(121)) - 12b54cff-467e-45e9-ac2a-409cdcf2b905: shutdown FollowerState
2019-10-20 12:57:51,435 [grpc-default-executor-1] INFO  impl.RoleInfo (RoleInfo.java:updateAndGet(143)) - 12b54cff-467e-45e9-ac2a-409cdcf2b905: start FollowerState
2019-10-20 12:57:51,435 [Thread-247] INFO  impl.FollowerState (FollowerState.java:run(117)) - 12b54cff-467e-45e9-ac2a-409cdcf2b905@group-40D367ECEF96-FollowerState was interrupted: java.lang.InterruptedException: sleep interrupted
2019-10-20 12:57:51,437 [5432d864-00a4-4faa-be9e-870a49a37102@group-40D367ECEF96-LeaderElection7] INFO  impl.LeaderElection (LeaderElection.java:logAndReturn(56)) - 5432d864-00a4-4faa-be9e-870a49a37102@group-40D367ECEF96-LeaderElection7: Election REJECTED; received 2 response(s) [5432d864-00a4-4faa-be9e-870a49a37102<-314f41d3-e6bb-4e9d-a30b-79c862990eb1#0:FAIL-t5, 5432d864-00a4-4faa-be9e-870a49a37102<-12b54cff-467e-45e9-ac2a-409cdcf2b905#0:FAIL-t5] and 0 exception(s); 5432d864-00a4-4faa-be9e-870a49a37102@group-40D367ECEF96:t5, leader=null, voted=5432d864-00a4-4faa-be9e-870a49a37102, raftlog=5432d864-00a4-4faa-be9e-870a49a37102@group-40D367ECEF96-SegmentedRaftLog:OPENED:c-1,f-1,i0, conf=-1: [5432d864-00a4-4faa-be9e-870a49a37102:192.168.157.204:42827, 314f41d3-e6bb-4e9d-a30b-79c862990eb1:192.168.157.204:38880, 12b54cff-467e-45e9-ac2a-409cdcf2b905:192.168.157.204:40598], old=null
2019-10-20 12:57:51,438 [5432d864-00a4-4faa-be9e-870a49a37102@group-40D367ECEF96-LeaderElection7] INFO  impl.RaftServerImpl (RaftServerImpl.java:setRole(184)) - 5432d864-00a4-4faa-be9e-870a49a37102@group-40D367ECEF96: changes role from CANDIDATE to FOLLOWER at term 5 for DISCOVERED_A_NEW_TERM
2019-10-20 12:57:51,438 [5432d864-00a4-4faa-be9e-870a49a37102@group-40D367ECEF96-LeaderElection7] INFO  impl.RoleInfo (RoleInfo.java:shutdownLeaderElection(134)) - 5432d864-00a4-4faa-be9e-870a49a37102: shutdown LeaderElection
2019-10-20 12:57:51,439 [314f41d3-e6bb-4e9d-a30b-79c862990eb1@group-40D367ECEF96-LeaderElection8] INFO  impl.LeaderElection (LeaderElection.java:logAndReturn(56)) - 314f41d3-e6bb-4e9d-a30b-79c862990eb1@group-40D367ECEF96-LeaderElection8: Election REJECTED; received 2 response(s) [314f41d3-e6bb-4e9d-a30b-79c862990eb1<-5432d864-00a4-4faa-be9e-870a49a37102#0:FAIL-t5, 314f41d3-e6bb-4e9d-a30b-79c862990eb1<-12b54cff-467e-45e9-ac2a-409cdcf2b905#0:FAIL-t5] and 0 exception(s); 314f41d3-e6bb-4e9d-a30b-79c862990eb1@group-40D367ECEF96:t5, leader=null, voted=314f41d3-e6bb-4e9d-a30b-79c862990eb1, raftlog=314f41d3-e6bb-4e9d-a30b-79c862990eb1@group-40D367ECEF96-SegmentedRaftLog:OPENED:c-1,f-1,i0, conf=-1: [5432d864-00a4-4faa-be9e-870a49a37102:192.168.157.204:42827, 314f41d3-e6bb-4e9d-a30b-79c862990eb1:192.168.157.204:38880, 12b54cff-467e-45e9-ac2a-409cdcf2b905:192.168.157.204:40598], old=null
2019-10-20 12:57:51,440 [5432d864-00a4-4faa-be9e-870a49a37102@group-40D367ECEF96-LeaderElection7] INFO  impl.RoleInfo (RoleInfo.java:updateAndGet(143)) - 5432d864-00a4-4faa-be9e-870a49a37102: start FollowerState
2019-10-20 12:57:51,440 [314f41d3-e6bb-4e9d-a30b-79c862990eb1@group-40D367ECEF96-LeaderElection8] INFO  impl.RaftServerImpl (RaftServerImpl.java:setRole(184)) - 314f41d3-e6bb-4e9d-a30b-79c862990eb1@group-40D367ECEF96: changes role from CANDIDATE to FOLLOWER at term 5 for DISCOVERED_A_NEW_TERM
2019-10-20 12:57:51,443 [314f41d3-e6bb-4e9d-a30b-79c862990eb1@group-40D367ECEF96-LeaderElection8] INFO  impl.RoleInfo (RoleInfo.java:shutdownLeaderElection(134)) - 314f41d3-e6bb-4e9d-a30b-79c862990eb1: shutdown LeaderElection
2019-10-20 12:57:51,444 [314f41d3-e6bb-4e9d-a30b-79c862990eb1@group-40D367ECEF96-LeaderElection8] INFO  impl.RoleInfo (RoleInfo.java:updateAndGet(143)) - 314f41d3-e6bb-4e9d-a30b-79c862990eb1: start FollowerState
2019-10-20 12:57:51,488 [Thread-250] INFO  impl.FollowerState (FollowerState.java:run(108)) - 314f41d3-e6bb-4e9d-a30b-79c862990eb1@group-40D367ECEF96-FollowerState: change to CANDIDATE, lastRpcTime:44ms, electionTimeout:43ms
2019-10-20 12:57:51,488 [Thread-250] INFO  impl.RoleInfo (RoleInfo.java:shutdownFollowerState(121)) - 314f41d3-e6bb-4e9d-a30b-79c862990eb1: shutdown FollowerState
2019-10-20 12:57:51,488 [Thread-250] INFO  impl.RaftServerImpl (RaftServerImpl.java:setRole(184)) - 314f41d3-e6bb-4e9d-a30b-79c862990eb1@group-40D367ECEF96: changes role from  FOLLOWER to CANDIDATE at term 5 for changeToCandidate
2019-10-20 12:57:51,488 [Thread-250] INFO  impl.RoleInfo (RoleInfo.java:updateAndGet(143)) - 314f41d3-e6bb-4e9d-a30b-79c862990eb1: start LeaderElection
2019-10-20 12:57:51,506 [314f41d3-e6bb-4e9d-a30b-79c862990eb1@group-40D367ECEF96-LeaderElection9] INFO  impl.LeaderElection (LeaderElection.java:askForVotes(178)) - 314f41d3-e6bb-4e9d-a30b-79c862990eb1@group-40D367ECEF96-LeaderElection9: begin an election at term 6 for -1: [5432d864-00a4-4faa-be9e-870a49a37102:192.168.157.204:42827, 314f41d3-e6bb-4e9d-a30b-79c862990eb1:192.168.157.204:38880, 12b54cff-467e-45e9-ac2a-409cdcf2b905:192.168.157.204:40598], old=null
2019-10-20 12:57:51,513 [grpc-default-executor-1] INFO  impl.RaftServerImpl (RaftServerImpl.java:setRole(184)) - 12b54cff-467e-45e9-ac2a-409cdcf2b905@group-40D367ECEF96: changes role from  FOLLOWER to FOLLOWER at term 6 for recognizeCandidate:314f41d3-e6bb-4e9d-a30b-79c862990eb1
2019-10-20 12:57:51,513 [grpc-default-executor-1] INFO  impl.RoleInfo (RoleInfo.java:shutdownFollowerState(121)) - 12b54cff-467e-45e9-ac2a-409cdcf2b905: shutdown FollowerState
2019-10-20 12:57:51,513 [grpc-default-executor-3] INFO  impl.RaftServerImpl (RaftServerImpl.java:setRole(184)) - 5432d864-00a4-4faa-be9e-870a49a37102@group-40D367ECEF96: changes role from  FOLLOWER to FOLLOWER at term 6 for recognizeCandidate:314f41d3-e6bb-4e9d-a30b-79c862990eb1
2019-10-20 12:57:51,513 [grpc-default-executor-1] INFO  impl.RoleInfo (RoleInfo.java:updateAndGet(143)) - 12b54cff-467e-45e9-ac2a-409cdcf2b905: start FollowerState
2019-10-20 12:57:51,513 [grpc-default-executor-3] INFO  impl.RoleInfo (RoleInfo.java:shutdownFollowerState(121)) - 5432d864-00a4-4faa-be9e-870a49a37102: shutdown FollowerState
2019-10-20 12:57:51,513 [Thread-248] INFO  impl.FollowerState (FollowerState.java:run(117)) - 12b54cff-467e-45e9-ac2a-409cdcf2b905@group-40D367ECEF96-FollowerState was interrupted: java.lang.InterruptedException: sleep interrupted
2019-10-20 12:57:51,514 [grpc-default-executor-3] INFO  impl.RoleInfo (RoleInfo.java:updateAndGet(143)) - 5432d864-00a4-4faa-be9e-870a49a37102: start FollowerState
2019-10-20 12:57:51,514 [Thread-249] INFO  impl.FollowerState (FollowerState.java:run(117)) - 5432d864-00a4-4faa-be9e-870a49a37102@group-40D367ECEF96-FollowerState was interrupted: java.lang.InterruptedException: sleep interrupted
2019-10-20 12:57:51,525 [314f41d3-e6bb-4e9d-a30b-79c862990eb1@group-40D367ECEF96-LeaderElection9] INFO  impl.LeaderElection (LeaderElection.java:logAndReturn(56)) - 314f41d3-e6bb-4e9d-a30b-79c862990eb1@group-40D367ECEF96-LeaderElection9: Election PASSED; received 1 response(s) [314f41d3-e6bb-4e9d-a30b-79c862990eb1<-5432d864-00a4-4faa-be9e-870a49a37102#0:OK-t6] and 0 exception(s); 314f41d3-e6bb-4e9d-a30b-79c862990eb1@group-40D367ECEF96:t6, leader=null, voted=314f41d3-e6bb-4e9d-a30b-79c862990eb1, raftlog=314f41d3-e6bb-4e9d-a30b-79c862990eb1@group-40D367ECEF96-SegmentedRaftLog:OPENED:c-1,f-1,i0, conf=-1: [5432d864-00a4-4faa-be9e-870a49a37102:192.168.157.204:42827, 314f41d3-e6bb-4e9d-a30b-79c862990eb1:192.168.157.204:38880, 12b54cff-467e-45e9-ac2a-409cdcf2b905:192.168.157.204:40598], old=null
2019-10-20 12:57:51,526 [314f41d3-e6bb-4e9d-a30b-79c862990eb1@group-40D367ECEF96-LeaderElection9] INFO  impl.RoleInfo (RoleInfo.java:shutdownLeaderElection(134)) - 314f41d3-e6bb-4e9d-a30b-79c862990eb1: shutdown LeaderElection
2019-10-20 12:57:51,526 [314f41d3-e6bb-4e9d-a30b-79c862990eb1@group-40D367ECEF96-LeaderElection9] INFO  impl.RaftServerImpl (RaftServerImpl.java:setRole(184)) - 314f41d3-e6bb-4e9d-a30b-79c862990eb1@group-40D367ECEF96: changes role from CANDIDATE to LEADER at term 6 for changeToLeader
2019-10-20 12:57:51,527 [314f41d3-e6bb-4e9d-a30b-79c862990eb1@group-40D367ECEF96-LeaderElection9] INFO  impl.RaftServerImpl (ServerState.java:setLeader(256)) - 314f41d3-e6bb-4e9d-a30b-79c862990eb1@group-40D367ECEF96: change Leader from null to 314f41d3-e6bb-4e9d-a30b-79c862990eb1 at term 6 for becomeLeader, leader elected after 547ms
2019-10-20 12:57:51,527 [314f41d3-e6bb-4e9d-a30b-79c862990eb1@group-40D367ECEF96-LeaderElection9] INFO  server.RaftServerConfigKeys (ConfUtils.java:logGet(43)) - raft.server.staging.catchup.gap = 1000 (default)
2019-10-20 12:57:51,527 [314f41d3-e6bb-4e9d-a30b-79c862990eb1@group-40D367ECEF96-LeaderElection9] INFO  server.RaftServerConfigKeys (ConfUtils.java:logGet(43)) - raft.server.rpc.sleep.time = 25ms (default)
2019-10-20 12:57:51,527 [314f41d3-e6bb-4e9d-a30b-79c862990eb1@group-40D367ECEF96-LeaderElection9] INFO  server.RaftServerConfigKeys (ConfUtils.java:logGet(43)) - raft.server.write.element-limit = 4096 (default)
2019-10-20 12:57:51,527 [314f41d3-e6bb-4e9d-a30b-79c862990eb1@group-40D367ECEF96-LeaderElection9] INFO  server.RaftServerConfigKeys (ConfUtils.java:logGet(43)) - raft.server.watch.timeout = 10s (default)
2019-10-20 12:57:51,528 [314f41d3-e6bb-4e9d-a30b-79c862990eb1@group-40D367ECEF96-LeaderElection9] INFO  server.RaftServerConfigKeys (ConfUtils.java:logGet(43)) - raft.server.watch.timeout.denomination = 1s (default)
2019-10-20 12:57:51,528 [314f41d3-e6bb-4e9d-a30b-79c862990eb1@group-40D367ECEF96-LeaderElection9] INFO  server.RaftServerConfigKeys (ConfUtils.java:logGet(43)) - raft.server.watch.element-limit = 65536 (default)
2019-10-20 12:57:51,531 [314f41d3-e6bb-4e9d-a30b-79c862990eb1@group-40D367ECEF96-LeaderElection9] INFO  server.RaftServerConfigKeys (ConfUtils.java:logGet(43)) - raft.server.log.appender.snapshot.chunk.size.max = 16MB (=16777216) (default)
2019-10-20 12:57:51,531 [314f41d3-e6bb-4e9d-a30b-79c862990eb1@group-40D367ECEF96-LeaderElection9] INFO  server.RaftServerConfigKeys (ConfUtils.java:logGet(43)) - raft.server.log.appender.buffer.byte-limit = 33554432 (custom)
2019-10-20 12:57:51,531 [314f41d3-e6bb-4e9d-a30b-79c862990eb1@group-40D367ECEF96-LeaderElection9] INFO  server.RaftServerConfigKeys (ConfUtils.java:logGet(43)) - raft.server.log.appender.buffer.element-limit = 1 (custom)
2019-10-20 12:57:51,532 [314f41d3-e6bb-4e9d-a30b-79c862990eb1@group-40D367ECEF96-LeaderElection9] INFO  grpc.GrpcConfigKeys$Server (ConfUtils.java:logGet(43)) - raft.grpc.server.leader.outstanding.appends.max = 128 (default)
2019-10-20 12:57:51,532 [314f41d3-e6bb-4e9d-a30b-79c862990eb1@group-40D367ECEF96-LeaderElection9] INFO  server.RaftServerConfigKeys (ConfUtils.java:logGet(43)) - raft.server.rpc.request.timeout = 3000ms (default)
2019-10-20 12:57:51,532 [314f41d3-e6bb-4e9d-a30b-79c862990eb1@group-40D367ECEF96-LeaderElection9] INFO  server.RaftServerConfigKeys (ConfUtils.java:logGet(43)) - raft.server.log.appender.install.snapshot.enabled = false (custom)
2019-10-20 12:57:51,535 [314f41d3-e6bb-4e9d-a30b-79c862990eb1@group-40D367ECEF96-LeaderElection9] INFO  server.RaftServerConfigKeys (ConfUtils.java:logGet(43)) - raft.server.log.appender.snapshot.chunk.size.max = 16MB (=16777216) (default)
2019-10-20 12:57:51,535 [314f41d3-e6bb-4e9d-a30b-79c862990eb1@group-40D367ECEF96-LeaderElection9] INFO  server.RaftServerConfigKeys (ConfUtils.java:logGet(43)) - raft.server.log.appender.buffer.byte-limit = 33554432 (custom)
2019-10-20 12:57:51,535 [314f41d3-e6bb-4e9d-a30b-79c862990eb1@group-40D367ECEF96-LeaderElection9] INFO  server.RaftServerConfigKeys (ConfUtils.java:logGet(43)) - raft.server.log.appender.buffer.element-limit = 1 (custom)
2019-10-20 12:57:51,535 [314f41d3-e6bb-4e9d-a30b-79c862990eb1@group-40D367ECEF96-LeaderElection9] INFO  grpc.GrpcConfigKeys$Server (ConfUtils.java:logGet(43)) - raft.grpc.server.leader.outstanding.appends.max = 128 (default)
2019-10-20 12:57:51,535 [314f41d3-e6bb-4e9d-a30b-79c862990eb1@group-40D367ECEF96-LeaderElection9] INFO  server.RaftServerConfigKeys (ConfUtils.java:logGet(43)) - raft.server.rpc.request.timeout = 3000ms (default)
2019-10-20 12:57:51,536 [314f41d3-e6bb-4e9d-a30b-79c862990eb1@group-40D367ECEF96-LeaderElection9] INFO  server.RaftServerConfigKeys (ConfUtils.java:logGet(43)) - raft.server.log.appender.install.snapshot.enabled = false (custom)
2019-10-20 12:57:51,538 [314f41d3-e6bb-4e9d-a30b-79c862990eb1@group-40D367ECEF96-LeaderElection9] INFO  impl.RoleInfo (RoleInfo.java:updateAndGet(143)) - 314f41d3-e6bb-4e9d-a30b-79c862990eb1: start LeaderState
2019-10-20 12:57:51,538 [314f41d3-e6bb-4e9d-a30b-79c862990eb1@group-40D367ECEF96-LeaderElection9] INFO  segmented.SegmentedRaftLogWorker (SegmentedRaftLogWorker.java:startLogSegment(385)) - 314f41d3-e6bb-4e9d-a30b-79c862990eb1@group-40D367ECEF96-SegmentedRaftLogWorker: Starting segment from index:0
2019-10-20 12:57:51,539 [314f41d3-e6bb-4e9d-a30b-79c862990eb1@group-40D367ECEF96-LeaderElection9] INFO  impl.RaftServerImpl (ServerState.java:setRaftConf(357)) - 314f41d3-e6bb-4e9d-a30b-79c862990eb1@group-40D367ECEF96: set configuration 0: [5432d864-00a4-4faa-be9e-870a49a37102:192.168.157.204:42827, 314f41d3-e6bb-4e9d-a30b-79c862990eb1:192.168.157.204:38880, 12b54cff-467e-45e9-ac2a-409cdcf2b905:192.168.157.204:40598], old=null at 0
2019-10-20 12:57:51,572 [grpc-default-executor-3] INFO  impl.RaftServerImpl (ServerState.java:setLeader(256)) - 12b54cff-467e-45e9-ac2a-409cdcf2b905@group-40D367ECEF96: change Leader from null to 314f41d3-e6bb-4e9d-a30b-79c862990eb1 at term 6 for appendEntries, leader elected after 355ms
2019-10-20 12:57:51,573 [grpc-default-executor-1] INFO  impl.RaftServerImpl (ServerState.java:setLeader(256)) - 5432d864-00a4-4faa-be9e-870a49a37102@group-40D367ECEF96: change Leader from null to 314f41d3-e6bb-4e9d-a30b-79c862990eb1 at term 6 for appendEntries, leader elected after 593ms
2019-10-20 12:57:51,581 [314f41d3-e6bb-4e9d-a30b-79c862990eb1@group-40D367ECEF96-SegmentedRaftLogWorker] INFO  segmented.SegmentedRaftLogWorker (SegmentedRaftLogWorker.java:execute(576)) - 314f41d3-e6bb-4e9d-a30b-79c862990eb1@group-40D367ECEF96-SegmentedRaftLogWorker: created new log segment /workdir/hadoop-ozone/integration-test/target/test-dir/MiniOzoneClusterImpl-6483733d-4f93-4870-817e-1c1dc2569cfd/datanode-1/data/ratis/c8578440-42c5-4fb7-aa2b-40d367ecef96/current/log_inprogress_0
2019-10-20 12:57:51,597 [grpc-default-executor-1] INFO  impl.RaftServerImpl (ServerState.java:setRaftConf(357)) - 5432d864-00a4-4faa-be9e-870a49a37102@group-40D367ECEF96: set configuration 0: [5432d864-00a4-4faa-be9e-870a49a37102:192.168.157.204:42827, 314f41d3-e6bb-4e9d-a30b-79c862990eb1:192.168.157.204:38880, 12b54cff-467e-45e9-ac2a-409cdcf2b905:192.168.157.204:40598], old=null at 0
2019-10-20 12:57:51,597 [grpc-default-executor-3] INFO  impl.RaftServerImpl (ServerState.java:setRaftConf(357)) - 12b54cff-467e-45e9-ac2a-409cdcf2b905@group-40D367ECEF96: set configuration 0: [5432d864-00a4-4faa-be9e-870a49a37102:192.168.157.204:42827, 314f41d3-e6bb-4e9d-a30b-79c862990eb1:192.168.157.204:38880, 12b54cff-467e-45e9-ac2a-409cdcf2b905:192.168.157.204:40598], old=null at 0
2019-10-20 12:57:51,597 [grpc-default-executor-1] INFO  segmented.SegmentedRaftLogWorker (SegmentedRaftLogWorker.java:startLogSegment(385)) - 5432d864-00a4-4faa-be9e-870a49a37102@group-40D367ECEF96-SegmentedRaftLogWorker: Starting segment from index:0
2019-10-20 12:57:51,601 [grpc-default-executor-3] INFO  segmented.SegmentedRaftLogWorker (SegmentedRaftLogWorker.java:truncate(401)) - 12b54cff-467e-45e9-ac2a-409cdcf2b905@group-40D367ECEF96-SegmentedRaftLogWorker: Truncating segments toTruncate: null
  toDelete: [(0, 0) isOpen? true, length=0, newEndIndex=-1], start index 0
2019-10-20 12:57:51,602 [grpc-default-executor-3] INFO  segmented.SegmentedRaftLogWorker (SegmentedRaftLogWorker.java:startLogSegment(385)) - 12b54cff-467e-45e9-ac2a-409cdcf2b905@group-40D367ECEF96-SegmentedRaftLogWorker: Starting segment from index:0
2019-10-20 12:57:51,603 [12b54cff-467e-45e9-ac2a-409cdcf2b905@group-40D367ECEF96-SegmentedRaftLogWorker] INFO  segmented.SegmentedRaftLogWorker (SegmentedRaftLogWorker.java:execute(640)) - 12b54cff-467e-45e9-ac2a-409cdcf2b905@group-40D367ECEF96-SegmentedRaftLogWorker: Deleted log file /workdir/hadoop-ozone/integration-test/target/test-dir/MiniOzoneClusterImpl-6483733d-4f93-4870-817e-1c1dc2569cfd/datanode-0/data/ratis/c8578440-42c5-4fb7-aa2b-40d367ecef96/current/log_inprogress_0
2019-10-20 12:57:51,604 [12b54cff-467e-45e9-ac2a-409cdcf2b905@group-40D367ECEF96-SegmentedRaftLogWorker] INFO  segmented.SegmentedRaftLogWorker (SegmentedRaftLogWorker.java:lambda$new$0(128)) - 12b54cff-467e-45e9-ac2a-409cdcf2b905@group-40D367ECEF96-SegmentedRaftLogWorker: flushIndex: setUnconditionally 0 -> -1
2019-10-20 12:57:51,647 [5432d864-00a4-4faa-be9e-870a49a37102@group-40D367ECEF96-SegmentedRaftLogWorker] INFO  segmented.SegmentedRaftLogWorker (SegmentedRaftLogWorker.java:execute(576)) - 5432d864-00a4-4faa-be9e-870a49a37102@group-40D367ECEF96-SegmentedRaftLogWorker: created new log segment /workdir/hadoop-ozone/integration-test/target/test-dir/MiniOzoneClusterImpl-6483733d-4f93-4870-817e-1c1dc2569cfd/datanode-2/data/ratis/c8578440-42c5-4fb7-aa2b-40d367ecef96/current/log_inprogress_0
2019-10-20 12:57:51,647 [12b54cff-467e-45e9-ac2a-409cdcf2b905@group-40D367ECEF96-SegmentedRaftLogWorker] INFO  segmented.SegmentedRaftLogWorker (SegmentedRaftLogWorker.java:execute(576)) - 12b54cff-467e-45e9-ac2a-409cdcf2b905@group-40D367ECEF96-SegmentedRaftLogWorker: created new log segment /workdir/hadoop-ozone/integration-test/target/test-dir/MiniOzoneClusterImpl-6483733d-4f93-4870-817e-1c1dc2569cfd/datanode-0/data/ratis/c8578440-42c5-4fb7-aa2b-40d367ecef96/current/log_inprogress_0
2019-10-20 12:57:51,986 [main] INFO  rpc.RpcClient (RpcClient.java:createVolume(272)) - Creating Volume: testcontainerstatemachinefailures, with jenkins1000 as owner.
2019-10-20 12:57:52,063 [IPC Server handler 2 on 36440] INFO  volume.OMVolumeCreateRequest (OMVolumeCreateRequest.java:validateAndUpdateCache(193)) - created volume:testcontainerstatemachinefailures for user:jenkins1000
2019-10-20 12:57:52,080 [main] INFO  rpc.RpcClient (RpcClient.java:createBucket(411)) - Creating Bucket: testcontainerstatemachinefailures/testcontainerstatemachinefailures, with Versioning false and Storage Type set to DISK and Encryption set to false 
2019-10-20 12:57:52,136 [IPC Server handler 0 on 44893] INFO  server.SCMBlockProtocolServer (SCMBlockProtocolServer.java:allocateBlock(179)) - Allocating 1 blocks of size 4194304, with ExcludeList {datanodes = [], containerIds = [], pipelineIds = []}
2019-10-20 12:57:52,212 [main] INFO  impl.MetricsSystemImpl (MetricsSystemImpl.java:init(158)) - XceiverClientMetrics metrics system started (again)
2019-10-20 12:57:52,619 [Datanode State Machine Thread - 0] INFO  statemachine.DatanodeStateMachine (DatanodeStateMachine.java:lambda$startDaemon$0(350)) - Ozone container server started.
2019-10-20 12:57:52,923 [Thread-181] INFO  container.ReplicationManager (ReplicationManager.java:start(162)) - Starting Replication Monitor Thread.
2019-10-20 12:57:52,925 [ReplicationMonitor] INFO  container.ReplicationManager (ReplicationManager.java:run(225)) - Replication Monitor Thread took 1 milliseconds for processing 1 containers.
2019-10-20 12:57:57,598 [main] INFO  ozoneimpl.OzoneContainer (OzoneContainer.java:stop(227)) - Attempting to stop container services.
2019-10-20 12:57:57,599 [main] INFO  impl.RaftServerProxy (RaftServerProxy.java:lambda$close$4(314)) - 5432d864-00a4-4faa-be9e-870a49a37102: close
2019-10-20 12:57:57,601 [main] INFO  impl.RaftServerImpl (RaftServerImpl.java:lambda$shutdown$3(261)) - 5432d864-00a4-4faa-be9e-870a49a37102@group-41B6ABF1072B: shutdown
2019-10-20 12:57:57,601 [main] INFO  util.JmxRegister (JmxRegister.java:unregister(73)) - Successfully un-registered JMX Bean with object name Ratis:service=RaftServer,group=group-41B6ABF1072B,id=5432d864-00a4-4faa-be9e-870a49a37102
2019-10-20 12:57:57,601 [main] INFO  impl.RoleInfo (RoleInfo.java:shutdownLeaderState(104)) - 5432d864-00a4-4faa-be9e-870a49a37102: shutdown LeaderState
2019-10-20 12:57:57,602 [main] INFO  impl.PendingRequests (PendingRequests.java:sendNotLeaderResponses(202)) - 5432d864-00a4-4faa-be9e-870a49a37102@group-41B6ABF1072B-PendingRequests: sendNotLeaderResponses
2019-10-20 12:57:57,602 [main] INFO  impl.StateMachineUpdater (StateMachineUpdater.java:stopAndJoin(136)) - 5432d864-00a4-4faa-be9e-870a49a37102@group-41B6ABF1072B-StateMachineUpdater: set stopIndex = 0
2019-10-20 12:57:57,603 [main] INFO  impl.RaftServerImpl (ServerState.java:close(388)) - 5432d864-00a4-4faa-be9e-870a49a37102@group-41B6ABF1072B: closes. applyIndex: 0
2019-10-20 12:57:57,604 [5432d864-00a4-4faa-be9e-870a49a37102@group-41B6ABF1072B-SegmentedRaftLogWorker] INFO  segmented.SegmentedRaftLogWorker (SegmentedRaftLogWorker.java:run(316)) - 5432d864-00a4-4faa-be9e-870a49a37102@group-41B6ABF1072B-SegmentedRaftLogWorker was interrupted, exiting. There are 0 tasks remaining in the queue.
2019-10-20 12:57:57,606 [main] INFO  segmented.SegmentedRaftLogWorker (SegmentedRaftLogWorker.java:close(224)) - 5432d864-00a4-4faa-be9e-870a49a37102@group-41B6ABF1072B-SegmentedRaftLogWorker close()
2019-10-20 12:57:57,608 [main] INFO  impl.RaftServerImpl (RaftServerImpl.java:lambda$shutdown$3(261)) - 5432d864-00a4-4faa-be9e-870a49a37102@group-40D367ECEF96: shutdown
2019-10-20 12:57:57,608 [main] INFO  util.JmxRegister (JmxRegister.java:unregister(73)) - Successfully un-registered JMX Bean with object name Ratis:service=RaftServer,group=group-40D367ECEF96,id=5432d864-00a4-4faa-be9e-870a49a37102
2019-10-20 12:57:57,609 [main] INFO  impl.RoleInfo (RoleInfo.java:shutdownFollowerState(121)) - 5432d864-00a4-4faa-be9e-870a49a37102: shutdown FollowerState
2019-10-20 12:57:57,609 [main] INFO  impl.StateMachineUpdater (StateMachineUpdater.java:stopAndJoin(136)) - 5432d864-00a4-4faa-be9e-870a49a37102@group-40D367ECEF96-StateMachineUpdater: set stopIndex = 4
2019-10-20 12:57:57,609 [5432d864-00a4-4faa-be9e-870a49a37102@group-40D367ECEF96-StateMachineUpdater] INFO  ratis.ContainerStateMachine (ContainerStateMachine.java:takeSnapshot(294)) - group-40D367ECEF96: Taking a snapshot at:(t:6, i:3) file /workdir/hadoop-ozone/integration-test/target/test-dir/MiniOzoneClusterImpl-6483733d-4f93-4870-817e-1c1dc2569cfd/datanode-2/data/ratis/c8578440-42c5-4fb7-aa2b-40d367ecef96/sm/snapshot.6_3
2019-10-20 12:57:57,609 [Thread-255] INFO  impl.FollowerState (FollowerState.java:run(117)) - 5432d864-00a4-4faa-be9e-870a49a37102@group-40D367ECEF96-FollowerState was interrupted: java.lang.InterruptedException: sleep interrupted
2019-10-20 12:57:57,728 [5432d864-00a4-4faa-be9e-870a49a37102@group-40D367ECEF96-StateMachineUpdater] INFO  ratis.ContainerStateMachine (ContainerStateMachine.java:takeSnapshot(305)) - group-40D367ECEF96: Finished taking a snapshot at:(t:6, i:3) file:/workdir/hadoop-ozone/integration-test/target/test-dir/MiniOzoneClusterImpl-6483733d-4f93-4870-817e-1c1dc2569cfd/datanode-2/data/ratis/c8578440-42c5-4fb7-aa2b-40d367ecef96/sm/snapshot.6_3 time:119
2019-10-20 12:57:57,729 [5432d864-00a4-4faa-be9e-870a49a37102@group-40D367ECEF96-StateMachineUpdater] INFO  impl.StateMachineUpdater (StateMachineUpdater.java:takeSnapshot(269)) - 5432d864-00a4-4faa-be9e-870a49a37102@group-40D367ECEF96-StateMachineUpdater: Took a snapshot at index 3
2019-10-20 12:57:57,731 [5432d864-00a4-4faa-be9e-870a49a37102@group-40D367ECEF96-StateMachineUpdater] INFO  impl.StateMachineUpdater (StateMachineUpdater.java:lambda$new$0(84)) - 5432d864-00a4-4faa-be9e-870a49a37102@group-40D367ECEF96-StateMachineUpdater: snapshotIndex: updateIncreasingly -1 -> 3
2019-10-20 12:57:57,734 [5432d864-00a4-4faa-be9e-870a49a37102@group-40D367ECEF96-StateMachineUpdater] INFO  ratis.ContainerStateMachine (ContainerStateMachine.java:takeSnapshot(294)) - group-40D367ECEF96: Taking a snapshot at:(t:6, i:3) file /workdir/hadoop-ozone/integration-test/target/test-dir/MiniOzoneClusterImpl-6483733d-4f93-4870-817e-1c1dc2569cfd/datanode-2/data/ratis/c8578440-42c5-4fb7-aa2b-40d367ecef96/sm/snapshot.6_3
2019-10-20 12:57:57,746 [5432d864-00a4-4faa-be9e-870a49a37102@group-40D367ECEF96-StateMachineUpdater] INFO  ratis.ContainerStateMachine (ContainerStateMachine.java:takeSnapshot(305)) - group-40D367ECEF96: Finished taking a snapshot at:(t:6, i:3) file:/workdir/hadoop-ozone/integration-test/target/test-dir/MiniOzoneClusterImpl-6483733d-4f93-4870-817e-1c1dc2569cfd/datanode-2/data/ratis/c8578440-42c5-4fb7-aa2b-40d367ecef96/sm/snapshot.6_3 time:13
2019-10-20 12:57:57,747 [5432d864-00a4-4faa-be9e-870a49a37102@group-40D367ECEF96-StateMachineUpdater] INFO  impl.StateMachineUpdater (StateMachineUpdater.java:takeSnapshot(269)) - 5432d864-00a4-4faa-be9e-870a49a37102@group-40D367ECEF96-StateMachineUpdater: Took a snapshot at index 3
2019-10-20 12:57:57,747 [5432d864-00a4-4faa-be9e-870a49a37102@group-40D367ECEF96-StateMachineUpdater] INFO  impl.StateMachineUpdater (StateMachineUpdater.java:lambda$new$0(84)) - 5432d864-00a4-4faa-be9e-870a49a37102@group-40D367ECEF96-StateMachineUpdater: snapshotIndex: updateIncreasingly 3 -> 3
2019-10-20 12:57:57,747 [main] INFO  impl.RaftServerImpl (ServerState.java:close(388)) - 5432d864-00a4-4faa-be9e-870a49a37102@group-40D367ECEF96: closes. applyIndex: 4
2019-10-20 12:57:57,747 [5432d864-00a4-4faa-be9e-870a49a37102@group-40D367ECEF96-SegmentedRaftLogWorker] INFO  segmented.SegmentedRaftLogWorker (SegmentedRaftLogWorker.java:run(316)) - 5432d864-00a4-4faa-be9e-870a49a37102@group-40D367ECEF96-SegmentedRaftLogWorker was interrupted, exiting. There are 0 tasks remaining in the queue.
2019-10-20 12:57:57,749 [main] INFO  segmented.SegmentedRaftLogWorker (SegmentedRaftLogWorker.java:close(224)) - 5432d864-00a4-4faa-be9e-870a49a37102@group-40D367ECEF96-SegmentedRaftLogWorker close()
2019-10-20 12:57:57,751 [main] INFO  server.GrpcService (GrpcService.java:closeImpl(164)) - 5432d864-00a4-4faa-be9e-870a49a37102: shutdown server with port 42827 now
2019-10-20 12:57:57,760 [grpc-default-executor-1] WARN  server.GrpcServerProtocolService (LogUtils.java:warn(134)) - 5432d864-00a4-4faa-be9e-870a49a37102: installSnapshot onError, lastRequest: 314f41d3-e6bb-4e9d-a30b-79c862990eb1->5432d864-00a4-4faa-be9e-870a49a37102#7-t6, previous=(t:6, i:4), leaderCommit=4, initializing? false, entries: <empty>: org.apache.ratis.thirdparty.io.grpc.StatusRuntimeException: CANCELLED: cancelled before receiving half close
2019-10-20 12:57:57,763 [main] INFO  server.GrpcService (GrpcService.java:closeImpl(172)) - 5432d864-00a4-4faa-be9e-870a49a37102: shutdown server with port 42827 successfully
2019-10-20 12:57:57,769 [grpc-default-executor-3] WARN  server.GrpcLogAppender (LogUtils.java:warn(134)) - 314f41d3-e6bb-4e9d-a30b-79c862990eb1@group-40D367ECEF96->5432d864-00a4-4faa-be9e-870a49a37102-AppendLogResponseHandler: Failed appendEntries: org.apache.ratis.thirdparty.io.grpc.StatusRuntimeException: CANCELLED: HTTP/2 error code: CANCEL
Received Rst Stream
2019-10-20 12:57:57,772 [refreshUsed-/workdir/hadoop-ozone/integration-test/target/test-dir/MiniOzoneClusterImpl-6483733d-4f93-4870-817e-1c1dc2569cfd/datanode-2/data/containers] WARN  fs.CachingGetSpaceUsed (CachingGetSpaceUsed.java:run(183)) - Thread Interrupted waiting to refresh disk information: sleep interrupted
2019-10-20 12:57:57,791 [main] INFO  utils.BackgroundService (BackgroundService.java:shutdown(151)) - Shutting down service BlockDeletingService
2019-10-20 12:57:57,794 [main] INFO  statemachine.DatanodeStateMachine (DatanodeStateMachine.java:stopDaemon(395)) - Ozone container server stopped.
2019-10-20 12:57:57,798 [main] INFO  handler.ContextHandler (ContextHandler.java:doStop(910)) - Stopped o.e.j.w.WebAppContext@7a0e7ecd{/,null,UNAVAILABLE}{/hddsDatanode}
2019-10-20 12:57:57,804 [main] INFO  server.AbstractConnector (AbstractConnector.java:doStop(318)) - Stopped ServerConnector@54e3658c{HTTP/1.1,[http/1.1]}{0.0.0.0:0}
2019-10-20 12:57:57,804 [main] INFO  handler.ContextHandler (ContextHandler.java:doStop(910)) - Stopped o.e.j.s.ServletContextHandler@5fa23c{/static,jar:file:/home/user/.m2/repository/org/apache/hadoop/hadoop-hdds-container-service/0.5.0-SNAPSHOT/hadoop-hdds-container-service-0.5.0-SNAPSHOT.jar!/webapps/static,UNAVAILABLE}
2019-10-20 12:57:57,804 [main] INFO  handler.ContextHandler (ContextHandler.java:doStop(910)) - Stopped o.e.j.s.ServletContextHandler@6920614{/logs,file:///workdir/hadoop-ozone/integration-test/target/log,UNAVAILABLE}
2019-10-20 12:58:00,812 [java.util.concurrent.ThreadPoolExecutor$Worker@25aa6eee[State = -1, empty queue]] WARN  server.GrpcLogAppender (GrpcLogAppender.java:timeoutAppendRequest(209)) - 314f41d3-e6bb-4e9d-a30b-79c862990eb1@group-40D367ECEF96->5432d864-00a4-4faa-be9e-870a49a37102-GrpcLogAppender: appendEntries Timeout, request=314f41d3-e6bb-4e9d-a30b-79c862990eb1->5432d864-00a4-4faa-be9e-870a49a37102#8-t6, previous=(t:6, i:4), leaderCommit=4, initializing? false, entries: size=1, first=(t:6, i:5), STATEMACHINELOGENTRY, client-5F43918617A9, cid=8
2019-10-20 12:58:00,814 [java.util.concurrent.ThreadPoolExecutor$Worker@25aa6eee[State = -1, empty queue]] WARN  server.GrpcLogAppender (GrpcLogAppender.java:timeoutAppendRequest(209)) - 314f41d3-e6bb-4e9d-a30b-79c862990eb1@group-40D367ECEF96->5432d864-00a4-4faa-be9e-870a49a37102-GrpcLogAppender: appendEntries Timeout, request=314f41d3-e6bb-4e9d-a30b-79c862990eb1->5432d864-00a4-4faa-be9e-870a49a37102#9-t6, previous=(t:6, i:5), leaderCommit=4, initializing? false, entries: size=1, first=(t:6, i:6), STATEMACHINELOGENTRY, client-5F43918617A9, cid=9
2019-10-20 12:58:00,827 [java.util.concurrent.ThreadPoolExecutor$Worker@25aa6eee[State = -1, empty queue]] WARN  server.GrpcLogAppender (GrpcLogAppender.java:timeoutAppendRequest(209)) - 314f41d3-e6bb-4e9d-a30b-79c862990eb1@group-40D367ECEF96->5432d864-00a4-4faa-be9e-870a49a37102-GrpcLogAppender: appendEntries Timeout, request=314f41d3-e6bb-4e9d-a30b-79c862990eb1->5432d864-00a4-4faa-be9e-870a49a37102#10-t6, previous=(t:6, i:6), leaderCommit=6, initializing? false, entries: size=1, first=(t:6, i:7), METADATAENTRY(c5)
2019-10-20 12:58:00,827 [java.util.concurrent.ThreadPoolExecutor$Worker@25aa6eee[State = -1, empty queue]] WARN  server.GrpcLogAppender (GrpcLogAppender.java:timeoutAppendRequest(209)) - 314f41d3-e6bb-4e9d-a30b-79c862990eb1@group-40D367ECEF96->5432d864-00a4-4faa-be9e-870a49a37102-GrpcLogAppender: appendEntries Timeout, request=314f41d3-e6bb-4e9d-a30b-79c862990eb1->5432d864-00a4-4faa-be9e-870a49a37102#11-t6, previous=(t:6, i:7), leaderCommit=6, initializing? false, entries: size=1, first=(t:6, i:8), METADATAENTRY(c6)
2019-10-20 12:58:03,329 [java.util.concurrent.ThreadPoolExecutor$Worker@25aa6eee[State = -1, empty queue]] WARN  server.GrpcLogAppender (GrpcLogAppender.java:timeoutAppendRequest(209)) - 314f41d3-e6bb-4e9d-a30b-79c862990eb1@group-40D367ECEF96->5432d864-00a4-4faa-be9e-870a49a37102-GrpcLogAppender: appendEntries Timeout, request=314f41d3-e6bb-4e9d-a30b-79c862990eb1->5432d864-00a4-4faa-be9e-870a49a37102#12-t6, previous=(t:6, i:8), leaderCommit=8, initializing? false, entries: <empty>
2019-10-20 12:58:05,830 [java.util.concurrent.ThreadPoolExecutor$Worker@25aa6eee[State = -1, empty queue]] WARN  server.GrpcLogAppender (GrpcLogAppender.java:timeoutAppendRequest(209)) - 314f41d3-e6bb-4e9d-a30b-79c862990eb1@group-40D367ECEF96->5432d864-00a4-4faa-be9e-870a49a37102-GrpcLogAppender: appendEntries Timeout, request=314f41d3-e6bb-4e9d-a30b-79c862990eb1->5432d864-00a4-4faa-be9e-870a49a37102#13-t6, previous=(t:6, i:8), leaderCommit=8, initializing? false, entries: <empty>
2019-10-20 12:58:06,861 [Thread-315] INFO  client.GrpcClientProtocolService (GrpcClientProtocolService.java:lambda$processClientRequest$0(278)) - Failed RaftClientRequest:client-5F43918617A9->12b54cff-467e-45e9-ac2a-409cdcf2b905@group-40D367ECEF96, cid=10, seq=0, Watch-ALL_COMMITTED(6), Message:<EMPTY>, reply=RaftClientReply:client-5F43918617A9->12b54cff-467e-45e9-ac2a-409cdcf2b905@group-40D367ECEF96, cid=10, FAILED org.apache.ratis.protocol.NotLeaderException: Server 12b54cff-467e-45e9-ac2a-409cdcf2b905@group-40D367ECEF96 is not the leader 314f41d3-e6bb-4e9d-a30b-79c862990eb1:192.168.157.204:38880, logIndex=0, commits[12b54cff-467e-45e9-ac2a-409cdcf2b905:c8, 5432d864-00a4-4faa-be9e-870a49a37102:c4, 314f41d3-e6bb-4e9d-a30b-79c862990eb1:c8]
2019-10-20 12:58:08,331 [java.util.concurrent.ThreadPoolExecutor$Worker@25aa6eee[State = -1, empty queue]] WARN  server.GrpcLogAppender (GrpcLogAppender.java:timeoutAppendRequest(209)) - 314f41d3-e6bb-4e9d-a30b-79c862990eb1@group-40D367ECEF96->5432d864-00a4-4faa-be9e-870a49a37102-GrpcLogAppender: appendEntries Timeout, request=314f41d3-e6bb-4e9d-a30b-79c862990eb1->5432d864-00a4-4faa-be9e-870a49a37102#14-t6, previous=(t:6, i:8), leaderCommit=8, initializing? false, entries: <empty>
2019-10-20 12:58:08,588 [Thread-319] INFO  client.GrpcClientProtocolService (GrpcClientProtocolService.java:lambda$processClientRequest$0(278)) - Failed RaftClientRequest:client-5F43918617A9->314f41d3-e6bb-4e9d-a30b-79c862990eb1@group-40D367ECEF96, cid=10, seq=0, Watch-ALL_COMMITTED(6), Message:<EMPTY>, reply=RaftClientReply:client-5F43918617A9->314f41d3-e6bb-4e9d-a30b-79c862990eb1@group-40D367ECEF96, cid=10, FAILED org.apache.ratis.protocol.NotReplicatedException: Request with call Id 10 and log index 6 is not yet replicated to ALL_COMMITTED, logIndex=6, commits[314f41d3-e6bb-4e9d-a30b-79c862990eb1:c8, 5432d864-00a4-4faa-be9e-870a49a37102:c4, 12b54cff-467e-45e9-ac2a-409cdcf2b905:c8]
2019-10-20 12:58:10,832 [java.util.concurrent.ThreadPoolExecutor$Worker@25aa6eee[State = -1, empty queue]] WARN  server.GrpcLogAppender (GrpcLogAppender.java:timeoutAppendRequest(209)) - 314f41d3-e6bb-4e9d-a30b-79c862990eb1@group-40D367ECEF96->5432d864-00a4-4faa-be9e-870a49a37102-GrpcLogAppender: appendEntries Timeout, request=314f41d3-e6bb-4e9d-a30b-79c862990eb1->5432d864-00a4-4faa-be9e-870a49a37102#15-t6, previous=(t:6, i:8), leaderCommit=8, initializing? false, entries: <empty>
2019-10-20 12:58:13,333 [java.util.concurrent.ThreadPoolExecutor$Worker@25aa6eee[State = -1, empty queue]] WARN  server.GrpcLogAppender (GrpcLogAppender.java:timeoutAppendRequest(209)) - 314f41d3-e6bb-4e9d-a30b-79c862990eb1@group-40D367ECEF96->5432d864-00a4-4faa-be9e-870a49a37102-GrpcLogAppender: appendEntries Timeout, request=314f41d3-e6bb-4e9d-a30b-79c862990eb1->5432d864-00a4-4faa-be9e-870a49a37102#16-t6, previous=(t:6, i:8), leaderCommit=8, initializing? false, entries: <empty>
2019-10-20 12:58:15,834 [java.util.concurrent.ThreadPoolExecutor$Worker@25aa6eee[State = -1, empty queue]] WARN  server.GrpcLogAppender (GrpcLogAppender.java:timeoutAppendRequest(209)) - 314f41d3-e6bb-4e9d-a30b-79c862990eb1@group-40D367ECEF96->5432d864-00a4-4faa-be9e-870a49a37102-GrpcLogAppender: appendEntries Timeout, request=314f41d3-e6bb-4e9d-a30b-79c862990eb1->5432d864-00a4-4faa-be9e-870a49a37102#17-t6, previous=(t:6, i:8), leaderCommit=8, initializing? false, entries: <empty>
2019-10-20 12:58:15,889 [Thread-325] INFO  client.GrpcClientProtocolService (GrpcClientProtocolService.java:lambda$processClientRequest$0(278)) - Failed RaftClientRequest:client-5F43918617A9->12b54cff-467e-45e9-ac2a-409cdcf2b905@group-40D367ECEF96, cid=10, seq=0, Watch-ALL_COMMITTED(6), Message:<EMPTY>, reply=RaftClientReply:client-5F43918617A9->12b54cff-467e-45e9-ac2a-409cdcf2b905@group-40D367ECEF96, cid=10, FAILED org.apache.ratis.protocol.NotLeaderException: Server 12b54cff-467e-45e9-ac2a-409cdcf2b905@group-40D367ECEF96 is not the leader 314f41d3-e6bb-4e9d-a30b-79c862990eb1:192.168.157.204:38880, logIndex=0, commits[12b54cff-467e-45e9-ac2a-409cdcf2b905:c8, 5432d864-00a4-4faa-be9e-870a49a37102:c4, 314f41d3-e6bb-4e9d-a30b-79c862990eb1:c8]
2019-10-20 12:58:17,585 [Thread-328] INFO  client.GrpcClientProtocolService (GrpcClientProtocolService.java:lambda$processClientRequest$0(278)) - Failed RaftClientRequest:client-5F43918617A9->314f41d3-e6bb-4e9d-a30b-79c862990eb1@group-40D367ECEF96, cid=10, seq=0, Watch-ALL_COMMITTED(6), Message:<EMPTY>, reply=RaftClientReply:client-5F43918617A9->314f41d3-e6bb-4e9d-a30b-79c862990eb1@group-40D367ECEF96, cid=10, FAILED org.apache.ratis.protocol.NotReplicatedException: Request with call Id 10 and log index 6 is not yet replicated to ALL_COMMITTED, logIndex=6, commits[314f41d3-e6bb-4e9d-a30b-79c862990eb1:c8, 5432d864-00a4-4faa-be9e-870a49a37102:c4, 12b54cff-467e-45e9-ac2a-409cdcf2b905:c8]
2019-10-20 12:58:18,335 [java.util.concurrent.ThreadPoolExecutor$Worker@25aa6eee[State = -1, empty queue]] WARN  server.GrpcLogAppender (GrpcLogAppender.java:timeoutAppendRequest(209)) - 314f41d3-e6bb-4e9d-a30b-79c862990eb1@group-40D367ECEF96->5432d864-00a4-4faa-be9e-870a49a37102-GrpcLogAppender: appendEntries Timeout, request=314f41d3-e6bb-4e9d-a30b-79c862990eb1->5432d864-00a4-4faa-be9e-870a49a37102#18-t6, previous=(t:6, i:8), leaderCommit=8, initializing? false, entries: <empty>
2019-10-20 12:58:20,836 [java.util.concurrent.ThreadPoolExecutor$Worker@25aa6eee[State = -1, empty queue]] WARN  server.GrpcLogAppender (GrpcLogAppender.java:timeoutAppendRequest(209)) - 314f41d3-e6bb-4e9d-a30b-79c862990eb1@group-40D367ECEF96->5432d864-00a4-4faa-be9e-870a49a37102-GrpcLogAppender: appendEntries Timeout, request=314f41d3-e6bb-4e9d-a30b-79c862990eb1->5432d864-00a4-4faa-be9e-870a49a37102#19-t6, previous=(t:6, i:8), leaderCommit=8, initializing? false, entries: <empty>
2019-10-20 12:58:23,340 [java.util.concurrent.ThreadPoolExecutor$Worker@25aa6eee[State = -1, empty queue]] WARN  server.GrpcLogAppender (GrpcLogAppender.java:timeoutAppendRequest(209)) - 314f41d3-e6bb-4e9d-a30b-79c862990eb1@group-40D367ECEF96->5432d864-00a4-4faa-be9e-870a49a37102-GrpcLogAppender: appendEntries Timeout, request=314f41d3-e6bb-4e9d-a30b-79c862990eb1->5432d864-00a4-4faa-be9e-870a49a37102#20-t6, previous=(t:6, i:8), leaderCommit=8, initializing? false, entries: <empty>
2019-10-20 12:58:24,926 [Thread-334] INFO  client.GrpcClientProtocolService (GrpcClientProtocolService.java:lambda$processClientRequest$0(278)) - Failed RaftClientRequest:client-5F43918617A9->12b54cff-467e-45e9-ac2a-409cdcf2b905@group-40D367ECEF96, cid=10, seq=0, Watch-ALL_COMMITTED(6), Message:<EMPTY>, reply=RaftClientReply:client-5F43918617A9->12b54cff-467e-45e9-ac2a-409cdcf2b905@group-40D367ECEF96, cid=10, FAILED org.apache.ratis.protocol.NotLeaderException: Server 12b54cff-467e-45e9-ac2a-409cdcf2b905@group-40D367ECEF96 is not the leader 314f41d3-e6bb-4e9d-a30b-79c862990eb1:192.168.157.204:38880, logIndex=0, commits[12b54cff-467e-45e9-ac2a-409cdcf2b905:c8, 5432d864-00a4-4faa-be9e-870a49a37102:c4, 314f41d3-e6bb-4e9d-a30b-79c862990eb1:c8]
2019-10-20 12:58:25,843 [java.util.concurrent.ThreadPoolExecutor$Worker@25aa6eee[State = -1, empty queue]] WARN  server.GrpcLogAppender (GrpcLogAppender.java:timeoutAppendRequest(209)) - 314f41d3-e6bb-4e9d-a30b-79c862990eb1@group-40D367ECEF96->5432d864-00a4-4faa-be9e-870a49a37102-GrpcLogAppender: appendEntries Timeout, request=314f41d3-e6bb-4e9d-a30b-79c862990eb1->5432d864-00a4-4faa-be9e-870a49a37102#21-t6, previous=(t:6, i:8), leaderCommit=8, initializing? false, entries: <empty>
2019-10-20 12:58:26,584 [Thread-338] INFO  client.GrpcClientProtocolService (GrpcClientProtocolService.java:lambda$processClientRequest$0(278)) - Failed RaftClientRequest:client-5F43918617A9->314f41d3-e6bb-4e9d-a30b-79c862990eb1@group-40D367ECEF96, cid=10, seq=0, Watch-ALL_COMMITTED(6), Message:<EMPTY>, reply=RaftClientReply:client-5F43918617A9->314f41d3-e6bb-4e9d-a30b-79c862990eb1@group-40D367ECEF96, cid=10, FAILED org.apache.ratis.protocol.NotReplicatedException: Request with call Id 10 and log index 6 is not yet replicated to ALL_COMMITTED, logIndex=6, commits[314f41d3-e6bb-4e9d-a30b-79c862990eb1:c8, 5432d864-00a4-4faa-be9e-870a49a37102:c4, 12b54cff-467e-45e9-ac2a-409cdcf2b905:c8]
2019-10-20 12:58:27,843 [main] WARN  scm.XceiverClientRatis (XceiverClientRatis.java:watchForCommit(277)) - 3 way commit failed on pipeline Pipeline[ Id: c8578440-42c5-4fb7-aa2b-40d367ecef96, Nodes: 314f41d3-e6bb-4e9d-a30b-79c862990eb1{ip: 192.168.157.204, host: pr-hdds-2337-fjsvx-2218173377, networkLocation: /default-rack, certSerialId: null}12b54cff-467e-45e9-ac2a-409cdcf2b905{ip: 192.168.157.204, host: pr-hdds-2337-fjsvx-2218173377, networkLocation: /default-rack, certSerialId: null}5432d864-00a4-4faa-be9e-870a49a37102{ip: 192.168.157.204, host: pr-hdds-2337-fjsvx-2218173377, networkLocation: /default-rack, certSerialId: null}, Type:RATIS, Factor:THREE, State:OPEN]
java.util.concurrent.TimeoutException
	at java.util.concurrent.CompletableFuture.timedGet(CompletableFuture.java:1771)
	at java.util.concurrent.CompletableFuture.get(CompletableFuture.java:1915)
	at org.apache.hadoop.hdds.scm.XceiverClientRatis.watchForCommit(XceiverClientRatis.java:274)
	at org.apache.hadoop.hdds.scm.storage.CommitWatcher.watchForCommit(CommitWatcher.java:198)
	at org.apache.hadoop.hdds.scm.storage.CommitWatcher.watchOnLastIndex(CommitWatcher.java:161)
	at org.apache.hadoop.hdds.scm.storage.BlockOutputStream.watchForCommit(BlockOutputStream.java:346)
	at org.apache.hadoop.hdds.scm.storage.BlockOutputStream.handleFlush(BlockOutputStream.java:482)
	at org.apache.hadoop.hdds.scm.storage.BlockOutputStream.close(BlockOutputStream.java:496)
	at org.apache.hadoop.ozone.client.io.BlockOutputStreamEntry.close(BlockOutputStreamEntry.java:143)
	at org.apache.hadoop.ozone.client.io.KeyOutputStream.handleFlushOrClose(KeyOutputStream.java:435)
	at org.apache.hadoop.ozone.client.io.KeyOutputStream.close(KeyOutputStream.java:473)
	at org.apache.hadoop.ozone.client.io.OzoneOutputStream.close(OzoneOutputStream.java:60)
	at org.apache.hadoop.ozone.client.rpc.TestDeleteWithSlowFollower.testDeleteKeyWithSlowFollower(TestDeleteWithSlowFollower.java:193)
	at sun.reflect.NativeMethodAccessorImpl.invoke0(Native Method)
	at sun.reflect.NativeMethodAccessorImpl.invoke(NativeMethodAccessorImpl.java:62)
	at sun.reflect.DelegatingMethodAccessorImpl.invoke(DelegatingMethodAccessorImpl.java:43)
	at java.lang.reflect.Method.invoke(Method.java:498)
	at org.junit.runners.model.FrameworkMethod$1.runReflectiveCall(FrameworkMethod.java:47)
	at org.junit.internal.runners.model.ReflectiveCallable.run(ReflectiveCallable.java:12)
	at org.junit.runners.model.FrameworkMethod.invokeExplosively(FrameworkMethod.java:44)
	at org.junit.internal.runners.statements.InvokeMethod.evaluate(InvokeMethod.java:17)
	at org.junit.runners.ParentRunner.runLeaf(ParentRunner.java:271)
	at org.junit.runners.BlockJUnit4ClassRunner.runChild(BlockJUnit4ClassRunner.java:70)
	at org.junit.runners.BlockJUnit4ClassRunner.runChild(BlockJUnit4ClassRunner.java:50)
	at org.junit.runners.ParentRunner$3.run(ParentRunner.java:238)
	at org.junit.runners.ParentRunner$1.schedule(ParentRunner.java:63)
	at org.junit.runners.ParentRunner.runChildren(ParentRunner.java:236)
	at org.junit.runners.ParentRunner.access$000(ParentRunner.java:53)
	at org.junit.runners.ParentRunner$2.evaluate(ParentRunner.java:229)
	at org.junit.internal.runners.statements.RunBefores.evaluate(RunBefores.java:26)
	at org.junit.internal.runners.statements.RunAfters.evaluate(RunAfters.java:27)
	at org.junit.runners.ParentRunner.run(ParentRunner.java:309)
	at org.apache.maven.surefire.junit4.JUnit4Provider.execute(JUnit4Provider.java:365)
	at org.apache.maven.surefire.junit4.JUnit4Provider.executeWithRerun(JUnit4Provider.java:273)
	at org.apache.maven.surefire.junit4.JUnit4Provider.executeTestSet(JUnit4Provider.java:238)
	at org.apache.maven.surefire.junit4.JUnit4Provider.invoke(JUnit4Provider.java:159)
	at org.apache.maven.surefire.booter.ForkedBooter.invokeProviderInSameClassLoader(ForkedBooter.java:384)
	at org.apache.maven.surefire.booter.ForkedBooter.runSuitesInProcess(ForkedBooter.java:345)
	at org.apache.maven.surefire.booter.ForkedBooter.execute(ForkedBooter.java:126)
	at org.apache.maven.surefire.booter.ForkedBooter.main(ForkedBooter.java:418)
2019-10-20 12:58:27,866 [main] INFO  scm.XceiverClientRatis (XceiverClientRatis.java:lambda$watchForCommit$5(295)) - Could not commit index 6 on pipeline Pipeline[ Id: c8578440-42c5-4fb7-aa2b-40d367ecef96, Nodes: 314f41d3-e6bb-4e9d-a30b-79c862990eb1{ip: 192.168.157.204, host: pr-hdds-2337-fjsvx-2218173377, networkLocation: /default-rack, certSerialId: null}12b54cff-467e-45e9-ac2a-409cdcf2b905{ip: 192.168.157.204, host: pr-hdds-2337-fjsvx-2218173377, networkLocation: /default-rack, certSerialId: null}5432d864-00a4-4faa-be9e-870a49a37102{ip: 192.168.157.204, host: pr-hdds-2337-fjsvx-2218173377, networkLocation: /default-rack, certSerialId: null}, Type:RATIS, Factor:THREE, State:OPEN] to all the nodes. Server 5432d864-00a4-4faa-be9e-870a49a37102 has failed. Committed by majority.
2019-10-20 12:58:27,867 [main] WARN  storage.BlockOutputStream (BlockOutputStream.java:watchForCommit(352)) - Failed to commit BlockId conID: 1 locID: 102994822571360256 bcsId: 6 on Pipeline[ Id: c8578440-42c5-4fb7-aa2b-40d367ecef96, Nodes: 314f41d3-e6bb-4e9d-a30b-79c862990eb1{ip: 192.168.157.204, host: pr-hdds-2337-fjsvx-2218173377, networkLocation: /default-rack, certSerialId: null}12b54cff-467e-45e9-ac2a-409cdcf2b905{ip: 192.168.157.204, host: pr-hdds-2337-fjsvx-2218173377, networkLocation: /default-rack, certSerialId: null}5432d864-00a4-4faa-be9e-870a49a37102{ip: 192.168.157.204, host: pr-hdds-2337-fjsvx-2218173377, networkLocation: /default-rack, certSerialId: null}, Type:RATIS, Factor:THREE, State:OPEN]. Failed nodes: [5432d864-00a4-4faa-be9e-870a49a37102{ip: null, host: null, networkLocation: /default-rack, certSerialId: null}]
2019-10-20 12:58:27,941 [EventQueue-IncrementalContainerReportForIncrementalContainerReportHandler] WARN  container.IncrementalContainerReportHandler (AbstractContainerReportHandler.java:updateContainerState(145)) - Container #1 is in OPEN state, but the datanode 314f41d3-e6bb-4e9d-a30b-79c862990eb1{ip: 192.168.157.204, host: pr-hdds-2337-fjsvx-2218173377, networkLocation: /default-rack, certSerialId: null} reports an CLOSING replica.
2019-10-20 12:58:27,951 [RatisApplyTransactionExecutor 1] INFO  interfaces.Container (KeyValueContainer.java:flushAndSyncDB(386)) - Container 1 is synced with bcsId 6.
2019-10-20 12:58:27,952 [RatisApplyTransactionExecutor 1] INFO  interfaces.Container (KeyValueContainer.java:flushAndSyncDB(386)) - Container 1 is synced with bcsId 6.
2019-10-20 12:58:27,966 [RatisApplyTransactionExecutor 1] INFO  interfaces.Container (KeyValueContainer.java:close(335)) - Container 1 is closed with bcsId 6.
2019-10-20 12:58:27,969 [EventQueue-IncrementalContainerReportForIncrementalContainerReportHandler] WARN  container.IncrementalContainerReportHandler (AbstractContainerReportHandler.java:updateContainerState(145)) - Container #1 is in OPEN state, but the datanode 12b54cff-467e-45e9-ac2a-409cdcf2b905{ip: 192.168.157.204, host: pr-hdds-2337-fjsvx-2218173377, networkLocation: /default-rack, certSerialId: null} reports an CLOSING replica.
2019-10-20 12:58:27,970 [EventQueue-IncrementalContainerReportForIncrementalContainerReportHandler] WARN  container.IncrementalContainerReportHandler (AbstractContainerReportHandler.java:updateContainerState(145)) - Container #1 is in OPEN state, but the datanode 314f41d3-e6bb-4e9d-a30b-79c862990eb1{ip: 192.168.157.204, host: pr-hdds-2337-fjsvx-2218173377, networkLocation: /default-rack, certSerialId: null} reports an CLOSED replica.
2019-10-20 12:58:27,978 [RatisApplyTransactionExecutor 1] INFO  interfaces.Container (KeyValueContainer.java:flushAndSyncDB(386)) - Container 1 is synced with bcsId 6.
2019-10-20 12:58:27,979 [RatisApplyTransactionExecutor 1] INFO  interfaces.Container (KeyValueContainer.java:flushAndSyncDB(386)) - Container 1 is synced with bcsId 6.
2019-10-20 12:58:27,994 [RatisApplyTransactionExecutor 1] INFO  interfaces.Container (KeyValueContainer.java:close(335)) - Container 1 is closed with bcsId 6.
2019-10-20 12:58:27,996 [EventQueue-IncrementalContainerReportForIncrementalContainerReportHandler] WARN  container.IncrementalContainerReportHandler (AbstractContainerReportHandler.java:updateContainerState(145)) - Container #1 is in OPEN state, but the datanode 12b54cff-467e-45e9-ac2a-409cdcf2b905{ip: 192.168.157.204, host: pr-hdds-2337-fjsvx-2218173377, networkLocation: /default-rack, certSerialId: null} reports an CLOSED replica.
2019-10-20 12:58:28,066 [IPC Server handler 0 on 44893] INFO  server.SCMBlockProtocolServer (SCMBlockProtocolServer.java:deleteKeyBlocks(214)) - SCM is informed by OM to delete 1 blocks
2019-10-20 12:58:28,066 [IPC Server handler 0 on 44893] INFO  block.BlockManagerImpl (BlockManagerImpl.java:deleteBlocks(285)) - Deleting blocks conID: 1 locID: 102994822571360256 bcsId: 0
2019-10-20 12:58:28,095 [EventQueue-ContainerReportForContainerReportHandler] WARN  container.ContainerReportHandler (AbstractContainerReportHandler.java:updateContainerState(145)) - Container #1 is in OPEN state, but the datanode 12b54cff-467e-45e9-ac2a-409cdcf2b905{ip: 192.168.157.204, host: pr-hdds-2337-fjsvx-2218173377, networkLocation: /default-rack, certSerialId: null} reports an CLOSED replica.
2019-10-20 12:58:28,167 [EventQueue-ContainerReportForContainerReportHandler] WARN  container.ContainerReportHandler (AbstractContainerReportHandler.java:updateContainerState(145)) - Container #1 is in OPEN state, but the datanode 314f41d3-e6bb-4e9d-a30b-79c862990eb1{ip: 192.168.157.204, host: pr-hdds-2337-fjsvx-2218173377, networkLocation: /default-rack, certSerialId: null} reports an CLOSED replica.
2019-10-20 12:58:28,228 [BlockDeletingService#2] WARN  background.BlockDeletingService (BlockDeletingService.java:isDeletionAllowed(187)) - Close Container log Index 6 is not replicated across allthe servers in the pipeline c8578440-42c5-4fb7-aa2b-40d367ecef96 as the min replicated index is 4. Deletion is not allowed in this container yet.
2019-10-20 12:58:28,230 [BlockDeletingService#2] WARN  background.BlockDeletingService (BlockDeletingService.java:isDeletionAllowed(187)) - Close Container log Index 6 is not replicated across allthe servers in the pipeline c8578440-42c5-4fb7-aa2b-40d367ecef96 as the min replicated index is 4. Deletion is not allowed in this container yet.
2019-10-20 12:58:28,295 [EventQueue-ContainerReportForContainerReportHandler] WARN  container.ContainerReportHandler (AbstractContainerReportHandler.java:updateContainerState(145)) - Container #1 is in OPEN state, but the datanode 12b54cff-467e-45e9-ac2a-409cdcf2b905{ip: 192.168.157.204, host: pr-hdds-2337-fjsvx-2218173377, networkLocation: /default-rack, certSerialId: null} reports an CLOSED replica.
2019-10-20 12:58:28,344 [java.util.concurrent.ThreadPoolExecutor$Worker@25aa6eee[State = -1, empty queue]] WARN  server.GrpcLogAppender (GrpcLogAppender.java:timeoutAppendRequest(209)) - 314f41d3-e6bb-4e9d-a30b-79c862990eb1@group-40D367ECEF96->5432d864-00a4-4faa-be9e-870a49a37102-GrpcLogAppender: appendEntries Timeout, request=314f41d3-e6bb-4e9d-a30b-79c862990eb1->5432d864-00a4-4faa-be9e-870a49a37102#22-t6, previous=(t:6, i:8), leaderCommit=8, initializing? false, entries: <empty>
2019-10-20 12:58:28,467 [EventQueue-ContainerReportForContainerReportHandler] WARN  container.ContainerReportHandler (AbstractContainerReportHandler.java:updateContainerState(145)) - Container #1 is in OPEN state, but the datanode 314f41d3-e6bb-4e9d-a30b-79c862990eb1{ip: 192.168.157.204, host: pr-hdds-2337-fjsvx-2218173377, networkLocation: /default-rack, certSerialId: null} reports an CLOSED replica.
2019-10-20 12:58:28,695 [EventQueue-ContainerReportForContainerReportHandler] WARN  container.ContainerReportHandler (AbstractContainerReportHandler.java:updateContainerState(145)) - Container #1 is in OPEN state, but the datanode 12b54cff-467e-45e9-ac2a-409cdcf2b905{ip: 192.168.157.204, host: pr-hdds-2337-fjsvx-2218173377, networkLocation: /default-rack, certSerialId: null} reports an CLOSED replica.
2019-10-20 12:58:28,767 [EventQueue-ContainerReportForContainerReportHandler] WARN  container.ContainerReportHandler (AbstractContainerReportHandler.java:updateContainerState(145)) - Container #1 is in OPEN state, but the datanode 314f41d3-e6bb-4e9d-a30b-79c862990eb1{ip: 192.168.157.204, host: pr-hdds-2337-fjsvx-2218173377, networkLocation: /default-rack, certSerialId: null} reports an CLOSED replica.
2019-10-20 12:58:29,068 [EventQueue-ContainerReportForContainerReportHandler] WARN  container.ContainerReportHandler (AbstractContainerReportHandler.java:updateContainerState(145)) - Container #1 is in OPEN state, but the datanode 314f41d3-e6bb-4e9d-a30b-79c862990eb1{ip: 192.168.157.204, host: pr-hdds-2337-fjsvx-2218173377, networkLocation: /default-rack, certSerialId: null} reports an CLOSED replica.
2019-10-20 12:58:29,095 [EventQueue-ContainerReportForContainerReportHandler] WARN  container.ContainerReportHandler (AbstractContainerReportHandler.java:updateContainerState(145)) - Container #1 is in OPEN state, but the datanode 12b54cff-467e-45e9-ac2a-409cdcf2b905{ip: 192.168.157.204, host: pr-hdds-2337-fjsvx-2218173377, networkLocation: /default-rack, certSerialId: null} reports an CLOSED replica.
2019-10-20 12:58:29,229 [BlockDeletingService#2] WARN  background.BlockDeletingService (BlockDeletingService.java:isDeletionAllowed(187)) - Close Container log Index 6 is not replicated across allthe servers in the pipeline c8578440-42c5-4fb7-aa2b-40d367ecef96 as the min replicated index is 4. Deletion is not allowed in this container yet.
2019-10-20 12:58:29,233 [BlockDeletingService#2] WARN  background.BlockDeletingService (BlockDeletingService.java:isDeletionAllowed(187)) - Close Container log Index 6 is not replicated across allthe servers in the pipeline c8578440-42c5-4fb7-aa2b-40d367ecef96 as the min replicated index is 4. Deletion is not allowed in this container yet.
2019-10-20 12:58:29,295 [EventQueue-ContainerReportForContainerReportHandler] WARN  container.ContainerReportHandler (AbstractContainerReportHandler.java:updateContainerState(145)) - Container #1 is in OPEN state, but the datanode 12b54cff-467e-45e9-ac2a-409cdcf2b905{ip: 192.168.157.204, host: pr-hdds-2337-fjsvx-2218173377, networkLocation: /default-rack, certSerialId: null} reports an CLOSED replica.
2019-10-20 12:58:29,368 [EventQueue-ContainerReportForContainerReportHandler] WARN  container.ContainerReportHandler (AbstractContainerReportHandler.java:updateContainerState(145)) - Container #1 is in OPEN state, but the datanode 314f41d3-e6bb-4e9d-a30b-79c862990eb1{ip: 192.168.157.204, host: pr-hdds-2337-fjsvx-2218173377, networkLocation: /default-rack, certSerialId: null} reports an CLOSED replica.
2019-10-20 12:58:29,596 [EventQueue-ContainerReportForContainerReportHandler] WARN  container.ContainerReportHandler (AbstractContainerReportHandler.java:updateContainerState(145)) - Container #1 is in OPEN state, but the datanode 12b54cff-467e-45e9-ac2a-409cdcf2b905{ip: 192.168.157.204, host: pr-hdds-2337-fjsvx-2218173377, networkLocation: /default-rack, certSerialId: null} reports an CLOSED replica.
2019-10-20 12:58:29,669 [EventQueue-ContainerReportForContainerReportHandler] WARN  container.ContainerReportHandler (AbstractContainerReportHandler.java:updateContainerState(145)) - Container #1 is in OPEN state, but the datanode 314f41d3-e6bb-4e9d-a30b-79c862990eb1{ip: 192.168.157.204, host: pr-hdds-2337-fjsvx-2218173377, networkLocation: /default-rack, certSerialId: null} reports an CLOSED replica.
2019-10-20 12:58:29,998 [EventQueue-ContainerReportForContainerReportHandler] WARN  container.ContainerReportHandler (AbstractContainerReportHandler.java:updateContainerState(145)) - Container #1 is in OPEN state, but the datanode 12b54cff-467e-45e9-ac2a-409cdcf2b905{ip: 192.168.157.204, host: pr-hdds-2337-fjsvx-2218173377, networkLocation: /default-rack, certSerialId: null} reports an CLOSED replica.
2019-10-20 12:58:30,068 [EventQueue-ContainerReportForContainerReportHandler] WARN  container.ContainerReportHandler (AbstractContainerReportHandler.java:updateContainerState(145)) - Container #1 is in OPEN state, but the datanode 314f41d3-e6bb-4e9d-a30b-79c862990eb1{ip: 192.168.157.204, host: pr-hdds-2337-fjsvx-2218173377, networkLocation: /default-rack, certSerialId: null} reports an CLOSED replica.
2019-10-20 12:58:30,231 [BlockDeletingService#2] WARN  background.BlockDeletingService (BlockDeletingService.java:isDeletionAllowed(187)) - Close Container log Index 6 is not replicated across allthe servers in the pipeline c8578440-42c5-4fb7-aa2b-40d367ecef96 as the min replicated index is 4. Deletion is not allowed in this container yet.
2019-10-20 12:58:30,234 [BlockDeletingService#2] WARN  background.BlockDeletingService (BlockDeletingService.java:isDeletionAllowed(187)) - Close Container log Index 6 is not replicated across allthe servers in the pipeline c8578440-42c5-4fb7-aa2b-40d367ecef96 as the min replicated index is 4. Deletion is not allowed in this container yet.
2019-10-20 12:58:30,268 [EventQueue-ContainerReportForContainerReportHandler] WARN  container.ContainerReportHandler (AbstractContainerReportHandler.java:updateContainerState(145)) - Container #1 is in OPEN state, but the datanode 314f41d3-e6bb-4e9d-a30b-79c862990eb1{ip: 192.168.157.204, host: pr-hdds-2337-fjsvx-2218173377, networkLocation: /default-rack, certSerialId: null} reports an CLOSED replica.
2019-10-20 12:58:30,298 [EventQueue-ContainerReportForContainerReportHandler] WARN  container.ContainerReportHandler (AbstractContainerReportHandler.java:updateContainerState(145)) - Container #1 is in OPEN state, but the datanode 12b54cff-467e-45e9-ac2a-409cdcf2b905{ip: 192.168.157.204, host: pr-hdds-2337-fjsvx-2218173377, networkLocation: /default-rack, certSerialId: null} reports an CLOSED replica.
2019-10-20 12:58:30,569 [EventQueue-ContainerReportForContainerReportHandler] WARN  container.ContainerReportHandler (AbstractContainerReportHandler.java:updateContainerState(145)) - Container #1 is in OPEN state, but the datanode 314f41d3-e6bb-4e9d-a30b-79c862990eb1{ip: 192.168.157.204, host: pr-hdds-2337-fjsvx-2218173377, networkLocation: /default-rack, certSerialId: null} reports an CLOSED replica.
2019-10-20 12:58:30,599 [EventQueue-ContainerReportForContainerReportHandler] WARN  container.ContainerReportHandler (AbstractContainerReportHandler.java:updateContainerState(145)) - Container #1 is in OPEN state, but the datanode 12b54cff-467e-45e9-ac2a-409cdcf2b905{ip: 192.168.157.204, host: pr-hdds-2337-fjsvx-2218173377, networkLocation: /default-rack, certSerialId: null} reports an CLOSED replica.
2019-10-20 12:58:30,800 [EventQueue-ContainerReportForContainerReportHandler] WARN  container.ContainerReportHandler (AbstractContainerReportHandler.java:updateContainerState(145)) - Container #1 is in OPEN state, but the datanode 12b54cff-467e-45e9-ac2a-409cdcf2b905{ip: 192.168.157.204, host: pr-hdds-2337-fjsvx-2218173377, networkLocation: /default-rack, certSerialId: null} reports an CLOSED replica.
2019-10-20 12:58:30,847 [java.util.concurrent.ThreadPoolExecutor$Worker@25aa6eee[State = -1, empty queue]] WARN  server.GrpcLogAppender (GrpcLogAppender.java:timeoutAppendRequest(209)) - 314f41d3-e6bb-4e9d-a30b-79c862990eb1@group-40D367ECEF96->5432d864-00a4-4faa-be9e-870a49a37102-GrpcLogAppender: appendEntries Timeout, request=314f41d3-e6bb-4e9d-a30b-79c862990eb1->5432d864-00a4-4faa-be9e-870a49a37102#23-t6, previous=(t:6, i:8), leaderCommit=8, initializing? false, entries: <empty>
2019-10-20 12:58:30,869 [EventQueue-ContainerReportForContainerReportHandler] WARN  container.ContainerReportHandler (AbstractContainerReportHandler.java:updateContainerState(145)) - Container #1 is in OPEN state, but the datanode 314f41d3-e6bb-4e9d-a30b-79c862990eb1{ip: 192.168.157.204, host: pr-hdds-2337-fjsvx-2218173377, networkLocation: /default-rack, certSerialId: null} reports an CLOSED replica.
2019-10-20 12:58:30,911 [java.util.concurrent.ThreadPoolExecutor$Worker@25aa6eee[State = -1, empty queue]] WARN  server.GrpcLogAppender (GrpcLogAppender.java:timeoutAppendRequest(209)) - 314f41d3-e6bb-4e9d-a30b-79c862990eb1@group-40D367ECEF96->5432d864-00a4-4faa-be9e-870a49a37102-GrpcLogAppender: appendEntries Timeout, request=314f41d3-e6bb-4e9d-a30b-79c862990eb1->5432d864-00a4-4faa-be9e-870a49a37102#24-t6, previous=(t:6, i:8), leaderCommit=8, initializing? false, entries: size=1, first=(t:6, i:9), STATEMACHINELOGENTRY, client-2F704CF84AC2, cid=12
2019-10-20 12:58:30,925 [java.util.concurrent.ThreadPoolExecutor$Worker@25aa6eee[State = -1, empty queue]] WARN  server.GrpcLogAppender (GrpcLogAppender.java:timeoutAppendRequest(209)) - 314f41d3-e6bb-4e9d-a30b-79c862990eb1@group-40D367ECEF96->5432d864-00a4-4faa-be9e-870a49a37102-GrpcLogAppender: appendEntries Timeout, request=314f41d3-e6bb-4e9d-a30b-79c862990eb1->5432d864-00a4-4faa-be9e-870a49a37102#25-t6, previous=(t:6, i:9), leaderCommit=9, initializing? false, entries: size=1, first=(t:6, i:10), METADATAENTRY(c9)
2019-10-20 12:58:31,000 [EventQueue-ContainerReportForContainerReportHandler] WARN  container.ContainerReportHandler (AbstractContainerReportHandler.java:updateContainerState(145)) - Container #1 is in OPEN state, but the datanode 12b54cff-467e-45e9-ac2a-409cdcf2b905{ip: 192.168.157.204, host: pr-hdds-2337-fjsvx-2218173377, networkLocation: /default-rack, certSerialId: null} reports an CLOSED replica.
2019-10-20 12:58:31,170 [EventQueue-ContainerReportForContainerReportHandler] WARN  container.ContainerReportHandler (AbstractContainerReportHandler.java:updateContainerState(145)) - Container #1 is in OPEN state, but the datanode 314f41d3-e6bb-4e9d-a30b-79c862990eb1{ip: 192.168.157.204, host: pr-hdds-2337-fjsvx-2218173377, networkLocation: /default-rack, certSerialId: null} reports an CLOSED replica.
2019-10-20 12:58:31,201 [EventQueue-ContainerReportForContainerReportHandler] WARN  container.ContainerReportHandler (AbstractContainerReportHandler.java:updateContainerState(145)) - Container #1 is in OPEN state, but the datanode 12b54cff-467e-45e9-ac2a-409cdcf2b905{ip: 192.168.157.204, host: pr-hdds-2337-fjsvx-2218173377, networkLocation: /default-rack, certSerialId: null} reports an CLOSED replica.
2019-10-20 12:58:31,233 [BlockDeletingService#2] WARN  background.BlockDeletingService (BlockDeletingService.java:isDeletionAllowed(187)) - Close Container log Index 6 is not replicated across allthe servers in the pipeline c8578440-42c5-4fb7-aa2b-40d367ecef96 as the min replicated index is 4. Deletion is not allowed in this container yet.
2019-10-20 12:58:31,240 [BlockDeletingService#2] WARN  background.BlockDeletingService (BlockDeletingService.java:isDeletionAllowed(187)) - Close Container log Index 6 is not replicated across allthe servers in the pipeline c8578440-42c5-4fb7-aa2b-40d367ecef96 as the min replicated index is 4. Deletion is not allowed in this container yet.
2019-10-20 12:58:31,370 [EventQueue-ContainerReportForContainerReportHandler] WARN  container.ContainerReportHandler (AbstractContainerReportHandler.java:updateContainerState(145)) - Container #1 is in OPEN state, but the datanode 314f41d3-e6bb-4e9d-a30b-79c862990eb1{ip: 192.168.157.204, host: pr-hdds-2337-fjsvx-2218173377, networkLocation: /default-rack, certSerialId: null} reports an CLOSED replica.
2019-10-20 12:58:31,502 [EventQueue-ContainerReportForContainerReportHandler] WARN  container.ContainerReportHandler (AbstractContainerReportHandler.java:updateContainerState(145)) - Container #1 is in OPEN state, but the datanode 12b54cff-467e-45e9-ac2a-409cdcf2b905{ip: 192.168.157.204, host: pr-hdds-2337-fjsvx-2218173377, networkLocation: /default-rack, certSerialId: null} reports an CLOSED replica.
2019-10-20 12:58:31,570 [EventQueue-ContainerReportForContainerReportHandler] WARN  container.ContainerReportHandler (AbstractContainerReportHandler.java:updateContainerState(145)) - Container #1 is in OPEN state, but the datanode 314f41d3-e6bb-4e9d-a30b-79c862990eb1{ip: 192.168.157.204, host: pr-hdds-2337-fjsvx-2218173377, networkLocation: /default-rack, certSerialId: null} reports an CLOSED replica.
2019-10-20 12:58:31,803 [EventQueue-ContainerReportForContainerReportHandler] WARN  container.ContainerReportHandler (AbstractContainerReportHandler.java:updateContainerState(145)) - Container #1 is in OPEN state, but the datanode 12b54cff-467e-45e9-ac2a-409cdcf2b905{ip: 192.168.157.204, host: pr-hdds-2337-fjsvx-2218173377, networkLocation: /default-rack, certSerialId: null} reports an CLOSED replica.
2019-10-20 12:58:31,971 [EventQueue-ContainerReportForContainerReportHandler] WARN  container.ContainerReportHandler (AbstractContainerReportHandler.java:updateContainerState(145)) - Container #1 is in OPEN state, but the datanode 314f41d3-e6bb-4e9d-a30b-79c862990eb1{ip: 192.168.157.204, host: pr-hdds-2337-fjsvx-2218173377, networkLocation: /default-rack, certSerialId: null} reports an CLOSED replica.
2019-10-20 12:58:32,103 [EventQueue-ContainerReportForContainerReportHandler] WARN  container.ContainerReportHandler (AbstractContainerReportHandler.java:updateContainerState(145)) - Container #1 is in OPEN state, but the datanode 12b54cff-467e-45e9-ac2a-409cdcf2b905{ip: 192.168.157.204, host: pr-hdds-2337-fjsvx-2218173377, networkLocation: /default-rack, certSerialId: null} reports an CLOSED replica.
2019-10-20 12:58:32,243 [BlockDeletingService#2] WARN  background.BlockDeletingService (BlockDeletingService.java:isDeletionAllowed(187)) - Close Container log Index 6 is not replicated across allthe servers in the pipeline c8578440-42c5-4fb7-aa2b-40d367ecef96 as the min replicated index is 4. Deletion is not allowed in this container yet.
2019-10-20 12:58:32,243 [BlockDeletingService#2] WARN  background.BlockDeletingService (BlockDeletingService.java:isDeletionAllowed(187)) - Close Container log Index 6 is not replicated across allthe servers in the pipeline c8578440-42c5-4fb7-aa2b-40d367ecef96 as the min replicated index is 4. Deletion is not allowed in this container yet.
2019-10-20 12:58:32,370 [EventQueue-ContainerReportForContainerReportHandler] WARN  container.ContainerReportHandler (AbstractContainerReportHandler.java:updateContainerState(145)) - Container #1 is in OPEN state, but the datanode 314f41d3-e6bb-4e9d-a30b-79c862990eb1{ip: 192.168.157.204, host: pr-hdds-2337-fjsvx-2218173377, networkLocation: /default-rack, certSerialId: null} reports an CLOSED replica.
2019-10-20 12:58:32,402 [EventQueue-ContainerReportForContainerReportHandler] WARN  container.ContainerReportHandler (AbstractContainerReportHandler.java:updateContainerState(145)) - Container #1 is in OPEN state, but the datanode 12b54cff-467e-45e9-ac2a-409cdcf2b905{ip: 192.168.157.204, host: pr-hdds-2337-fjsvx-2218173377, networkLocation: /default-rack, certSerialId: null} reports an CLOSED replica.
2019-10-20 12:58:32,670 [EventQueue-ContainerReportForContainerReportHandler] WARN  container.ContainerReportHandler (AbstractContainerReportHandler.java:updateContainerState(145)) - Container #1 is in OPEN state, but the datanode 314f41d3-e6bb-4e9d-a30b-79c862990eb1{ip: 192.168.157.204, host: pr-hdds-2337-fjsvx-2218173377, networkLocation: /default-rack, certSerialId: null} reports an CLOSED replica.
2019-10-20 12:58:32,702 [EventQueue-ContainerReportForContainerReportHandler] WARN  container.ContainerReportHandler (AbstractContainerReportHandler.java:updateContainerState(145)) - Container #1 is in OPEN state, but the datanode 12b54cff-467e-45e9-ac2a-409cdcf2b905{ip: 192.168.157.204, host: pr-hdds-2337-fjsvx-2218173377, networkLocation: /default-rack, certSerialId: null} reports an CLOSED replica.
2019-10-20 12:58:32,871 [EventQueue-ContainerReportForContainerReportHandler] WARN  container.ContainerReportHandler (AbstractContainerReportHandler.java:updateContainerState(145)) - Container #1 is in OPEN state, but the datanode 314f41d3-e6bb-4e9d-a30b-79c862990eb1{ip: 192.168.157.204, host: pr-hdds-2337-fjsvx-2218173377, networkLocation: /default-rack, certSerialId: null} reports an CLOSED replica.
2019-10-20 12:58:33,002 [EventQueue-ContainerReportForContainerReportHandler] WARN  container.ContainerReportHandler (AbstractContainerReportHandler.java:updateContainerState(145)) - Container #1 is in OPEN state, but the datanode 12b54cff-467e-45e9-ac2a-409cdcf2b905{ip: 192.168.157.204, host: pr-hdds-2337-fjsvx-2218173377, networkLocation: /default-rack, certSerialId: null} reports an CLOSED replica.
2019-10-20 12:58:33,171 [EventQueue-ContainerReportForContainerReportHandler] WARN  container.ContainerReportHandler (AbstractContainerReportHandler.java:updateContainerState(145)) - Container #1 is in OPEN state, but the datanode 314f41d3-e6bb-4e9d-a30b-79c862990eb1{ip: 192.168.157.204, host: pr-hdds-2337-fjsvx-2218173377, networkLocation: /default-rack, certSerialId: null} reports an CLOSED replica.
2019-10-20 12:58:33,245 [BlockDeletingService#2] WARN  background.BlockDeletingService (BlockDeletingService.java:isDeletionAllowed(187)) - Close Container log Index 6 is not replicated across allthe servers in the pipeline c8578440-42c5-4fb7-aa2b-40d367ecef96 as the min replicated index is 4. Deletion is not allowed in this container yet.
2019-10-20 12:58:33,245 [BlockDeletingService#2] WARN  background.BlockDeletingService (BlockDeletingService.java:isDeletionAllowed(187)) - Close Container log Index 6 is not replicated across allthe servers in the pipeline c8578440-42c5-4fb7-aa2b-40d367ecef96 as the min replicated index is 4. Deletion is not allowed in this container yet.
2019-10-20 12:58:33,403 [EventQueue-ContainerReportForContainerReportHandler] WARN  container.ContainerReportHandler (AbstractContainerReportHandler.java:updateContainerState(145)) - Container #1 is in OPEN state, but the datanode 12b54cff-467e-45e9-ac2a-409cdcf2b905{ip: 192.168.157.204, host: pr-hdds-2337-fjsvx-2218173377, networkLocation: /default-rack, certSerialId: null} reports an CLOSED replica.
2019-10-20 12:58:33,426 [java.util.concurrent.ThreadPoolExecutor$Worker@25aa6eee[State = -1, empty queue]] WARN  server.GrpcLogAppender (GrpcLogAppender.java:timeoutAppendRequest(209)) - 314f41d3-e6bb-4e9d-a30b-79c862990eb1@group-40D367ECEF96->5432d864-00a4-4faa-be9e-870a49a37102-GrpcLogAppender: appendEntries Timeout, request=314f41d3-e6bb-4e9d-a30b-79c862990eb1->5432d864-00a4-4faa-be9e-870a49a37102#26-t6, previous=(t:6, i:10), leaderCommit=10, initializing? false, entries: <empty>
2019-10-20 12:58:33,470 [EventQueue-ContainerReportForContainerReportHandler] WARN  container.ContainerReportHandler (AbstractContainerReportHandler.java:updateContainerState(145)) - Container #1 is in OPEN state, but the datanode 314f41d3-e6bb-4e9d-a30b-79c862990eb1{ip: 192.168.157.204, host: pr-hdds-2337-fjsvx-2218173377, networkLocation: /default-rack, certSerialId: null} reports an CLOSED replica.
2019-10-20 12:58:33,772 [EventQueue-ContainerReportForContainerReportHandler] WARN  container.ContainerReportHandler (AbstractContainerReportHandler.java:updateContainerState(145)) - Container #1 is in OPEN state, but the datanode 314f41d3-e6bb-4e9d-a30b-79c862990eb1{ip: 192.168.157.204, host: pr-hdds-2337-fjsvx-2218173377, networkLocation: /default-rack, certSerialId: null} reports an CLOSED replica.
2019-10-20 12:58:33,802 [EventQueue-ContainerReportForContainerReportHandler] WARN  container.ContainerReportHandler (AbstractContainerReportHandler.java:updateContainerState(145)) - Container #1 is in OPEN state, but the datanode 12b54cff-467e-45e9-ac2a-409cdcf2b905{ip: 192.168.157.204, host: pr-hdds-2337-fjsvx-2218173377, networkLocation: /default-rack, certSerialId: null} reports an CLOSED replica.
2019-10-20 12:58:33,957 [Thread-364] INFO  client.GrpcClientProtocolService (GrpcClientProtocolService.java:lambda$processClientRequest$0(278)) - Failed RaftClientRequest:client-5F43918617A9->12b54cff-467e-45e9-ac2a-409cdcf2b905@group-40D367ECEF96, cid=10, seq=0, Watch-ALL_COMMITTED(6), Message:<EMPTY>, reply=RaftClientReply:client-5F43918617A9->12b54cff-467e-45e9-ac2a-409cdcf2b905@group-40D367ECEF96, cid=10, FAILED org.apache.ratis.protocol.NotLeaderException: Server 12b54cff-467e-45e9-ac2a-409cdcf2b905@group-40D367ECEF96 is not the leader 314f41d3-e6bb-4e9d-a30b-79c862990eb1:192.168.157.204:38880, logIndex=0, commits[12b54cff-467e-45e9-ac2a-409cdcf2b905:c10, 5432d864-00a4-4faa-be9e-870a49a37102:c4, 314f41d3-e6bb-4e9d-a30b-79c862990eb1:c10]
2019-10-20 12:58:34,002 [EventQueue-ContainerReportForContainerReportHandler] WARN  container.ContainerReportHandler (AbstractContainerReportHandler.java:updateContainerState(145)) - Container #1 is in OPEN state, but the datanode 12b54cff-467e-45e9-ac2a-409cdcf2b905{ip: 192.168.157.204, host: pr-hdds-2337-fjsvx-2218173377, networkLocation: /default-rack, certSerialId: null} reports an CLOSED replica.
2019-10-20 12:58:34,071 [EventQueue-ContainerReportForContainerReportHandler] WARN  container.ContainerReportHandler (AbstractContainerReportHandler.java:updateContainerState(145)) - Container #1 is in OPEN state, but the datanode 314f41d3-e6bb-4e9d-a30b-79c862990eb1{ip: 192.168.157.204, host: pr-hdds-2337-fjsvx-2218173377, networkLocation: /default-rack, certSerialId: null} reports an CLOSED replica.
2019-10-20 12:58:34,246 [BlockDeletingService#2] WARN  background.BlockDeletingService (BlockDeletingService.java:isDeletionAllowed(187)) - Close Container log Index 6 is not replicated across allthe servers in the pipeline c8578440-42c5-4fb7-aa2b-40d367ecef96 as the min replicated index is 4. Deletion is not allowed in this container yet.
2019-10-20 12:58:34,248 [BlockDeletingService#2] WARN  background.BlockDeletingService (BlockDeletingService.java:isDeletionAllowed(187)) - Close Container log Index 6 is not replicated across allthe servers in the pipeline c8578440-42c5-4fb7-aa2b-40d367ecef96 as the min replicated index is 4. Deletion is not allowed in this container yet.
2019-10-20 12:58:34,372 [EventQueue-ContainerReportForContainerReportHandler] WARN  container.ContainerReportHandler (AbstractContainerReportHandler.java:updateContainerState(145)) - Container #1 is in OPEN state, but the datanode 314f41d3-e6bb-4e9d-a30b-79c862990eb1{ip: 192.168.157.204, host: pr-hdds-2337-fjsvx-2218173377, networkLocation: /default-rack, certSerialId: null} reports an CLOSED replica.
2019-10-20 12:58:34,402 [EventQueue-ContainerReportForContainerReportHandler] WARN  container.ContainerReportHandler (AbstractContainerReportHandler.java:updateContainerState(145)) - Container #1 is in OPEN state, but the datanode 12b54cff-467e-45e9-ac2a-409cdcf2b905{ip: 192.168.157.204, host: pr-hdds-2337-fjsvx-2218173377, networkLocation: /default-rack, certSerialId: null} reports an CLOSED replica.
2019-10-20 12:58:34,673 [EventQueue-ContainerReportForContainerReportHandler] WARN  container.ContainerReportHandler (AbstractContainerReportHandler.java:updateContainerState(145)) - Container #1 is in OPEN state, but the datanode 314f41d3-e6bb-4e9d-a30b-79c862990eb1{ip: 192.168.157.204, host: pr-hdds-2337-fjsvx-2218173377, networkLocation: /default-rack, certSerialId: null} reports an CLOSED replica.
2019-10-20 12:58:34,702 [EventQueue-ContainerReportForContainerReportHandler] WARN  container.ContainerReportHandler (AbstractContainerReportHandler.java:updateContainerState(145)) - Container #1 is in OPEN state, but the datanode 12b54cff-467e-45e9-ac2a-409cdcf2b905{ip: 192.168.157.204, host: pr-hdds-2337-fjsvx-2218173377, networkLocation: /default-rack, certSerialId: null} reports an CLOSED replica.
2019-10-20 12:58:35,003 [EventQueue-ContainerReportForContainerReportHandler] WARN  container.ContainerReportHandler (AbstractContainerReportHandler.java:updateContainerState(145)) - Container #1 is in OPEN state, but the datanode 12b54cff-467e-45e9-ac2a-409cdcf2b905{ip: 192.168.157.204, host: pr-hdds-2337-fjsvx-2218173377, networkLocation: /default-rack, certSerialId: null} reports an CLOSED replica.
2019-10-20 12:58:35,076 [EventQueue-ContainerReportForContainerReportHandler] WARN  container.ContainerReportHandler (AbstractContainerReportHandler.java:updateContainerState(145)) - Container #1 is in OPEN state, but the datanode 314f41d3-e6bb-4e9d-a30b-79c862990eb1{ip: 192.168.157.204, host: pr-hdds-2337-fjsvx-2218173377, networkLocation: /default-rack, certSerialId: null} reports an CLOSED replica.
2019-10-20 12:58:35,254 [BlockDeletingService#2] WARN  background.BlockDeletingService (BlockDeletingService.java:isDeletionAllowed(187)) - Close Container log Index 6 is not replicated across allthe servers in the pipeline c8578440-42c5-4fb7-aa2b-40d367ecef96 as the min replicated index is 4. Deletion is not allowed in this container yet.
2019-10-20 12:58:35,254 [BlockDeletingService#2] WARN  background.BlockDeletingService (BlockDeletingService.java:isDeletionAllowed(187)) - Close Container log Index 6 is not replicated across allthe servers in the pipeline c8578440-42c5-4fb7-aa2b-40d367ecef96 as the min replicated index is 4. Deletion is not allowed in this container yet.
2019-10-20 12:58:35,302 [EventQueue-ContainerReportForContainerReportHandler] WARN  container.ContainerReportHandler (AbstractContainerReportHandler.java:updateContainerState(145)) - Container #1 is in OPEN state, but the datanode 12b54cff-467e-45e9-ac2a-409cdcf2b905{ip: 192.168.157.204, host: pr-hdds-2337-fjsvx-2218173377, networkLocation: /default-rack, certSerialId: null} reports an CLOSED replica.
2019-10-20 12:58:35,377 [EventQueue-ContainerReportForContainerReportHandler] WARN  container.ContainerReportHandler (AbstractContainerReportHandler.java:updateContainerState(145)) - Container #1 is in OPEN state, but the datanode 314f41d3-e6bb-4e9d-a30b-79c862990eb1{ip: 192.168.157.204, host: pr-hdds-2337-fjsvx-2218173377, networkLocation: /default-rack, certSerialId: null} reports an CLOSED replica.
2019-10-20 12:58:35,502 [EventQueue-ContainerReportForContainerReportHandler] WARN  container.ContainerReportHandler (AbstractContainerReportHandler.java:updateContainerState(145)) - Container #1 is in OPEN state, but the datanode 12b54cff-467e-45e9-ac2a-409cdcf2b905{ip: 192.168.157.204, host: pr-hdds-2337-fjsvx-2218173377, networkLocation: /default-rack, certSerialId: null} reports an CLOSED replica.
2019-10-20 12:58:35,584 [Thread-372] INFO  client.GrpcClientProtocolService (GrpcClientProtocolService.java:lambda$processClientRequest$0(278)) - Failed RaftClientRequest:client-5F43918617A9->314f41d3-e6bb-4e9d-a30b-79c862990eb1@group-40D367ECEF96, cid=10, seq=0, Watch-ALL_COMMITTED(6), Message:<EMPTY>, reply=RaftClientReply:client-5F43918617A9->314f41d3-e6bb-4e9d-a30b-79c862990eb1@group-40D367ECEF96, cid=10, FAILED org.apache.ratis.protocol.NotReplicatedException: Request with call Id 10 and log index 6 is not yet replicated to ALL_COMMITTED, logIndex=6, commits[314f41d3-e6bb-4e9d-a30b-79c862990eb1:c10, 5432d864-00a4-4faa-be9e-870a49a37102:c4, 12b54cff-467e-45e9-ac2a-409cdcf2b905:c10]
2019-10-20 12:58:35,678 [EventQueue-ContainerReportForContainerReportHandler] WARN  container.ContainerReportHandler (AbstractContainerReportHandler.java:updateContainerState(145)) - Container #1 is in OPEN state, but the datanode 314f41d3-e6bb-4e9d-a30b-79c862990eb1{ip: 192.168.157.204, host: pr-hdds-2337-fjsvx-2218173377, networkLocation: /default-rack, certSerialId: null} reports an CLOSED replica.
2019-10-20 12:58:35,702 [EventQueue-ContainerReportForContainerReportHandler] WARN  container.ContainerReportHandler (AbstractContainerReportHandler.java:updateContainerState(145)) - Container #1 is in OPEN state, but the datanode 12b54cff-467e-45e9-ac2a-409cdcf2b905{ip: 192.168.157.204, host: pr-hdds-2337-fjsvx-2218173377, networkLocation: /default-rack, certSerialId: null} reports an CLOSED replica.
2019-10-20 12:58:35,878 [EventQueue-ContainerReportForContainerReportHandler] WARN  container.ContainerReportHandler (AbstractContainerReportHandler.java:updateContainerState(145)) - Container #1 is in OPEN state, but the datanode 314f41d3-e6bb-4e9d-a30b-79c862990eb1{ip: 192.168.157.204, host: pr-hdds-2337-fjsvx-2218173377, networkLocation: /default-rack, certSerialId: null} reports an CLOSED replica.
2019-10-20 12:58:35,929 [java.util.concurrent.ThreadPoolExecutor$Worker@25aa6eee[State = -1, empty queue]] WARN  server.GrpcLogAppender (GrpcLogAppender.java:timeoutAppendRequest(209)) - 314f41d3-e6bb-4e9d-a30b-79c862990eb1@group-40D367ECEF96->5432d864-00a4-4faa-be9e-870a49a37102-GrpcLogAppender: appendEntries Timeout, request=314f41d3-e6bb-4e9d-a30b-79c862990eb1->5432d864-00a4-4faa-be9e-870a49a37102#27-t6, previous=(t:6, i:10), leaderCommit=10, initializing? false, entries: <empty>
2019-10-20 12:58:36,002 [EventQueue-ContainerReportForContainerReportHandler] WARN  container.ContainerReportHandler (AbstractContainerReportHandler.java:updateContainerState(145)) - Container #1 is in OPEN state, but the datanode 12b54cff-467e-45e9-ac2a-409cdcf2b905{ip: 192.168.157.204, host: pr-hdds-2337-fjsvx-2218173377, networkLocation: /default-rack, certSerialId: null} reports an CLOSED replica.
2019-10-20 12:58:36,179 [EventQueue-ContainerReportForContainerReportHandler] WARN  container.ContainerReportHandler (AbstractContainerReportHandler.java:updateContainerState(145)) - Container #1 is in OPEN state, but the datanode 314f41d3-e6bb-4e9d-a30b-79c862990eb1{ip: 192.168.157.204, host: pr-hdds-2337-fjsvx-2218173377, networkLocation: /default-rack, certSerialId: null} reports an CLOSED replica.
2019-10-20 12:58:36,256 [BlockDeletingService#2] WARN  background.BlockDeletingService (BlockDeletingService.java:isDeletionAllowed(187)) - Close Container log Index 6 is not replicated across allthe servers in the pipeline c8578440-42c5-4fb7-aa2b-40d367ecef96 as the min replicated index is 4. Deletion is not allowed in this container yet.
2019-10-20 12:58:36,256 [BlockDeletingService#2] WARN  background.BlockDeletingService (BlockDeletingService.java:isDeletionAllowed(187)) - Close Container log Index 6 is not replicated across allthe servers in the pipeline c8578440-42c5-4fb7-aa2b-40d367ecef96 as the min replicated index is 4. Deletion is not allowed in this container yet.
2019-10-20 12:58:36,404 [EventQueue-ContainerReportForContainerReportHandler] WARN  container.ContainerReportHandler (AbstractContainerReportHandler.java:updateContainerState(145)) - Container #1 is in OPEN state, but the datanode 12b54cff-467e-45e9-ac2a-409cdcf2b905{ip: 192.168.157.204, host: pr-hdds-2337-fjsvx-2218173377, networkLocation: /default-rack, certSerialId: null} reports an CLOSED replica.
2019-10-20 12:58:36,579 [EventQueue-ContainerReportForContainerReportHandler] WARN  container.ContainerReportHandler (AbstractContainerReportHandler.java:updateContainerState(145)) - Container #1 is in OPEN state, but the datanode 314f41d3-e6bb-4e9d-a30b-79c862990eb1{ip: 192.168.157.204, host: pr-hdds-2337-fjsvx-2218173377, networkLocation: /default-rack, certSerialId: null} reports an CLOSED replica.
2019-10-20 12:58:36,606 [EventQueue-ContainerReportForContainerReportHandler] WARN  container.ContainerReportHandler (AbstractContainerReportHandler.java:updateContainerState(145)) - Container #1 is in OPEN state, but the datanode 12b54cff-467e-45e9-ac2a-409cdcf2b905{ip: 192.168.157.204, host: pr-hdds-2337-fjsvx-2218173377, networkLocation: /default-rack, certSerialId: null} reports an CLOSED replica.
2019-10-20 12:58:36,907 [EventQueue-ContainerReportForContainerReportHandler] WARN  container.ContainerReportHandler (AbstractContainerReportHandler.java:updateContainerState(145)) - Container #1 is in OPEN state, but the datanode 12b54cff-467e-45e9-ac2a-409cdcf2b905{ip: 192.168.157.204, host: pr-hdds-2337-fjsvx-2218173377, networkLocation: /default-rack, certSerialId: null} reports an CLOSED replica.
2019-10-20 12:58:36,979 [EventQueue-ContainerReportForContainerReportHandler] WARN  container.ContainerReportHandler (AbstractContainerReportHandler.java:updateContainerState(145)) - Container #1 is in OPEN state, but the datanode 314f41d3-e6bb-4e9d-a30b-79c862990eb1{ip: 192.168.157.204, host: pr-hdds-2337-fjsvx-2218173377, networkLocation: /default-rack, certSerialId: null} reports an CLOSED replica.
2019-10-20 12:58:37,179 [EventQueue-ContainerReportForContainerReportHandler] WARN  container.ContainerReportHandler (AbstractContainerReportHandler.java:updateContainerState(145)) - Container #1 is in OPEN state, but the datanode 314f41d3-e6bb-4e9d-a30b-79c862990eb1{ip: 192.168.157.204, host: pr-hdds-2337-fjsvx-2218173377, networkLocation: /default-rack, certSerialId: null} reports an CLOSED replica.
2019-10-20 12:58:37,258 [BlockDeletingService#2] WARN  background.BlockDeletingService (BlockDeletingService.java:isDeletionAllowed(187)) - Close Container log Index 6 is not replicated across allthe servers in the pipeline c8578440-42c5-4fb7-aa2b-40d367ecef96 as the min replicated index is 4. Deletion is not allowed in this container yet.
2019-10-20 12:58:37,258 [BlockDeletingService#2] WARN  background.BlockDeletingService (BlockDeletingService.java:isDeletionAllowed(187)) - Close Container log Index 6 is not replicated across allthe servers in the pipeline c8578440-42c5-4fb7-aa2b-40d367ecef96 as the min replicated index is 4. Deletion is not allowed in this container yet.
2019-10-20 12:58:37,308 [EventQueue-ContainerReportForContainerReportHandler] WARN  container.ContainerReportHandler (AbstractContainerReportHandler.java:updateContainerState(145)) - Container #1 is in OPEN state, but the datanode 12b54cff-467e-45e9-ac2a-409cdcf2b905{ip: 192.168.157.204, host: pr-hdds-2337-fjsvx-2218173377, networkLocation: /default-rack, certSerialId: null} reports an CLOSED replica.
2019-10-20 12:58:37,479 [EventQueue-ContainerReportForContainerReportHandler] WARN  container.ContainerReportHandler (AbstractContainerReportHandler.java:updateContainerState(145)) - Container #1 is in OPEN state, but the datanode 314f41d3-e6bb-4e9d-a30b-79c862990eb1{ip: 192.168.157.204, host: pr-hdds-2337-fjsvx-2218173377, networkLocation: /default-rack, certSerialId: null} reports an CLOSED replica.
2019-10-20 12:58:37,508 [EventQueue-ContainerReportForContainerReportHandler] WARN  container.ContainerReportHandler (AbstractContainerReportHandler.java:updateContainerState(145)) - Container #1 is in OPEN state, but the datanode 12b54cff-467e-45e9-ac2a-409cdcf2b905{ip: 192.168.157.204, host: pr-hdds-2337-fjsvx-2218173377, networkLocation: /default-rack, certSerialId: null} reports an CLOSED replica.
2019-10-20 12:58:37,781 [EventQueue-ContainerReportForContainerReportHandler] WARN  container.ContainerReportHandler (AbstractContainerReportHandler.java:updateContainerState(145)) - Container #1 is in OPEN state, but the datanode 314f41d3-e6bb-4e9d-a30b-79c862990eb1{ip: 192.168.157.204, host: pr-hdds-2337-fjsvx-2218173377, networkLocation: /default-rack, certSerialId: null} reports an CLOSED replica.
2019-10-20 12:58:37,808 [EventQueue-ContainerReportForContainerReportHandler] WARN  container.ContainerReportHandler (AbstractContainerReportHandler.java:updateContainerState(145)) - Container #1 is in OPEN state, but the datanode 12b54cff-467e-45e9-ac2a-409cdcf2b905{ip: 192.168.157.204, host: pr-hdds-2337-fjsvx-2218173377, networkLocation: /default-rack, certSerialId: null} reports an CLOSED replica.
2019-10-20 12:58:37,979 [EventQueue-ContainerReportForContainerReportHandler] WARN  container.ContainerReportHandler (AbstractContainerReportHandler.java:updateContainerState(145)) - Container #1 is in OPEN state, but the datanode 314f41d3-e6bb-4e9d-a30b-79c862990eb1{ip: 192.168.157.204, host: pr-hdds-2337-fjsvx-2218173377, networkLocation: /default-rack, certSerialId: null} reports an CLOSED replica.
2019-10-20 12:58:38,008 [EventQueue-ContainerReportForContainerReportHandler] WARN  container.ContainerReportHandler (AbstractContainerReportHandler.java:updateContainerState(145)) - Container #1 is in OPEN state, but the datanode 12b54cff-467e-45e9-ac2a-409cdcf2b905{ip: 192.168.157.204, host: pr-hdds-2337-fjsvx-2218173377, networkLocation: /default-rack, certSerialId: null} reports an CLOSED replica.
2019-10-20 12:58:38,179 [EventQueue-ContainerReportForContainerReportHandler] WARN  container.ContainerReportHandler (AbstractContainerReportHandler.java:updateContainerState(145)) - Container #1 is in OPEN state, but the datanode 314f41d3-e6bb-4e9d-a30b-79c862990eb1{ip: 192.168.157.204, host: pr-hdds-2337-fjsvx-2218173377, networkLocation: /default-rack, certSerialId: null} reports an CLOSED replica.
2019-10-20 12:58:38,260 [BlockDeletingService#2] WARN  background.BlockDeletingService (BlockDeletingService.java:isDeletionAllowed(187)) - Close Container log Index 6 is not replicated across allthe servers in the pipeline c8578440-42c5-4fb7-aa2b-40d367ecef96 as the min replicated index is 4. Deletion is not allowed in this container yet.
2019-10-20 12:58:38,260 [BlockDeletingService#2] WARN  background.BlockDeletingService (BlockDeletingService.java:isDeletionAllowed(187)) - Close Container log Index 6 is not replicated across allthe servers in the pipeline c8578440-42c5-4fb7-aa2b-40d367ecef96 as the min replicated index is 4. Deletion is not allowed in this container yet.
2019-10-20 12:58:38,309 [EventQueue-ContainerReportForContainerReportHandler] WARN  container.ContainerReportHandler (AbstractContainerReportHandler.java:updateContainerState(145)) - Container #1 is in OPEN state, but the datanode 12b54cff-467e-45e9-ac2a-409cdcf2b905{ip: 192.168.157.204, host: pr-hdds-2337-fjsvx-2218173377, networkLocation: /default-rack, certSerialId: null} reports an CLOSED replica.
2019-10-20 12:58:38,431 [java.util.concurrent.ThreadPoolExecutor$Worker@25aa6eee[State = -1, empty queue]] WARN  server.GrpcLogAppender (GrpcLogAppender.java:timeoutAppendRequest(209)) - 314f41d3-e6bb-4e9d-a30b-79c862990eb1@group-40D367ECEF96->5432d864-00a4-4faa-be9e-870a49a37102-GrpcLogAppender: appendEntries Timeout, request=314f41d3-e6bb-4e9d-a30b-79c862990eb1->5432d864-00a4-4faa-be9e-870a49a37102#28-t6, previous=(t:6, i:10), leaderCommit=10, initializing? false, entries: <empty>
2019-10-20 12:58:38,479 [EventQueue-ContainerReportForContainerReportHandler] WARN  container.ContainerReportHandler (AbstractContainerReportHandler.java:updateContainerState(145)) - Container #1 is in OPEN state, but the datanode 314f41d3-e6bb-4e9d-a30b-79c862990eb1{ip: 192.168.157.204, host: pr-hdds-2337-fjsvx-2218173377, networkLocation: /default-rack, certSerialId: null} reports an CLOSED replica.
2019-10-20 12:58:38,511 [EventQueue-ContainerReportForContainerReportHandler] WARN  container.ContainerReportHandler (AbstractContainerReportHandler.java:updateContainerState(145)) - Container #1 is in OPEN state, but the datanode 12b54cff-467e-45e9-ac2a-409cdcf2b905{ip: 192.168.157.204, host: pr-hdds-2337-fjsvx-2218173377, networkLocation: /default-rack, certSerialId: null} reports an CLOSED replica.
2019-10-20 12:58:38,710 [EventQueue-ContainerReportForContainerReportHandler] WARN  container.ContainerReportHandler (AbstractContainerReportHandler.java:updateContainerState(145)) - Container #1 is in OPEN state, but the datanode 12b54cff-467e-45e9-ac2a-409cdcf2b905{ip: 192.168.157.204, host: pr-hdds-2337-fjsvx-2218173377, networkLocation: /default-rack, certSerialId: null} reports an CLOSED replica.
2019-10-20 12:58:38,779 [EventQueue-ContainerReportForContainerReportHandler] WARN  container.ContainerReportHandler (AbstractContainerReportHandler.java:updateContainerState(145)) - Container #1 is in OPEN state, but the datanode 314f41d3-e6bb-4e9d-a30b-79c862990eb1{ip: 192.168.157.204, host: pr-hdds-2337-fjsvx-2218173377, networkLocation: /default-rack, certSerialId: null} reports an CLOSED replica.
2019-10-20 12:58:38,910 [EventQueue-ContainerReportForContainerReportHandler] WARN  container.ContainerReportHandler (AbstractContainerReportHandler.java:updateContainerState(145)) - Container #1 is in OPEN state, but the datanode 12b54cff-467e-45e9-ac2a-409cdcf2b905{ip: 192.168.157.204, host: pr-hdds-2337-fjsvx-2218173377, networkLocation: /default-rack, certSerialId: null} reports an CLOSED replica.
2019-10-20 12:58:39,080 [EventQueue-ContainerReportForContainerReportHandler] WARN  container.ContainerReportHandler (AbstractContainerReportHandler.java:updateContainerState(145)) - Container #1 is in OPEN state, but the datanode 314f41d3-e6bb-4e9d-a30b-79c862990eb1{ip: 192.168.157.204, host: pr-hdds-2337-fjsvx-2218173377, networkLocation: /default-rack, certSerialId: null} reports an CLOSED replica.
2019-10-20 12:58:39,262 [BlockDeletingService#2] WARN  background.BlockDeletingService (BlockDeletingService.java:isDeletionAllowed(187)) - Close Container log Index 6 is not replicated across allthe servers in the pipeline c8578440-42c5-4fb7-aa2b-40d367ecef96 as the min replicated index is 4. Deletion is not allowed in this container yet.
2019-10-20 12:58:39,262 [BlockDeletingService#2] WARN  background.BlockDeletingService (BlockDeletingService.java:isDeletionAllowed(187)) - Close Container log Index 6 is not replicated across allthe servers in the pipeline c8578440-42c5-4fb7-aa2b-40d367ecef96 as the min replicated index is 4. Deletion is not allowed in this container yet.
2019-10-20 12:58:39,311 [EventQueue-ContainerReportForContainerReportHandler] WARN  container.ContainerReportHandler (AbstractContainerReportHandler.java:updateContainerState(145)) - Container #1 is in OPEN state, but the datanode 12b54cff-467e-45e9-ac2a-409cdcf2b905{ip: 192.168.157.204, host: pr-hdds-2337-fjsvx-2218173377, networkLocation: /default-rack, certSerialId: null} reports an CLOSED replica.
2019-10-20 12:58:39,380 [EventQueue-ContainerReportForContainerReportHandler] WARN  container.ContainerReportHandler (AbstractContainerReportHandler.java:updateContainerState(145)) - Container #1 is in OPEN state, but the datanode 314f41d3-e6bb-4e9d-a30b-79c862990eb1{ip: 192.168.157.204, host: pr-hdds-2337-fjsvx-2218173377, networkLocation: /default-rack, certSerialId: null} reports an CLOSED replica.
2019-10-20 12:58:39,580 [EventQueue-ContainerReportForContainerReportHandler] WARN  container.ContainerReportHandler (AbstractContainerReportHandler.java:updateContainerState(145)) - Container #1 is in OPEN state, but the datanode 314f41d3-e6bb-4e9d-a30b-79c862990eb1{ip: 192.168.157.204, host: pr-hdds-2337-fjsvx-2218173377, networkLocation: /default-rack, certSerialId: null} reports an CLOSED replica.
2019-10-20 12:58:39,611 [EventQueue-ContainerReportForContainerReportHandler] WARN  container.ContainerReportHandler (AbstractContainerReportHandler.java:updateContainerState(145)) - Container #1 is in OPEN state, but the datanode 12b54cff-467e-45e9-ac2a-409cdcf2b905{ip: 192.168.157.204, host: pr-hdds-2337-fjsvx-2218173377, networkLocation: /default-rack, certSerialId: null} reports an CLOSED replica.
2019-10-20 12:58:39,780 [EventQueue-ContainerReportForContainerReportHandler] WARN  container.ContainerReportHandler (AbstractContainerReportHandler.java:updateContainerState(145)) - Container #1 is in OPEN state, but the datanode 314f41d3-e6bb-4e9d-a30b-79c862990eb1{ip: 192.168.157.204, host: pr-hdds-2337-fjsvx-2218173377, networkLocation: /default-rack, certSerialId: null} reports an CLOSED replica.
2019-10-20 12:58:39,911 [EventQueue-ContainerReportForContainerReportHandler] WARN  container.ContainerReportHandler (AbstractContainerReportHandler.java:updateContainerState(145)) - Container #1 is in OPEN state, but the datanode 12b54cff-467e-45e9-ac2a-409cdcf2b905{ip: 192.168.157.204, host: pr-hdds-2337-fjsvx-2218173377, networkLocation: /default-rack, certSerialId: null} reports an CLOSED replica.
2019-10-20 12:58:40,082 [EventQueue-ContainerReportForContainerReportHandler] WARN  container.ContainerReportHandler (AbstractContainerReportHandler.java:updateContainerState(145)) - Container #1 is in OPEN state, but the datanode 314f41d3-e6bb-4e9d-a30b-79c862990eb1{ip: 192.168.157.204, host: pr-hdds-2337-fjsvx-2218173377, networkLocation: /default-rack, certSerialId: null} reports an CLOSED replica.
2019-10-20 12:58:40,264 [BlockDeletingService#2] WARN  background.BlockDeletingService (BlockDeletingService.java:isDeletionAllowed(187)) - Close Container log Index 6 is not replicated across allthe servers in the pipeline c8578440-42c5-4fb7-aa2b-40d367ecef96 as the min replicated index is 4. Deletion is not allowed in this container yet.
2019-10-20 12:58:40,265 [BlockDeletingService#2] WARN  background.BlockDeletingService (BlockDeletingService.java:isDeletionAllowed(187)) - Close Container log Index 6 is not replicated across allthe servers in the pipeline c8578440-42c5-4fb7-aa2b-40d367ecef96 as the min replicated index is 4. Deletion is not allowed in this container yet.
2019-10-20 12:58:40,311 [EventQueue-ContainerReportForContainerReportHandler] WARN  container.ContainerReportHandler (AbstractContainerReportHandler.java:updateContainerState(145)) - Container #1 is in OPEN state, but the datanode 12b54cff-467e-45e9-ac2a-409cdcf2b905{ip: 192.168.157.204, host: pr-hdds-2337-fjsvx-2218173377, networkLocation: /default-rack, certSerialId: null} reports an CLOSED replica.
2019-10-20 12:58:40,381 [EventQueue-ContainerReportForContainerReportHandler] WARN  container.ContainerReportHandler (AbstractContainerReportHandler.java:updateContainerState(145)) - Container #1 is in OPEN state, but the datanode 314f41d3-e6bb-4e9d-a30b-79c862990eb1{ip: 192.168.157.204, host: pr-hdds-2337-fjsvx-2218173377, networkLocation: /default-rack, certSerialId: null} reports an CLOSED replica.
2019-10-20 12:58:40,512 [EventQueue-ContainerReportForContainerReportHandler] WARN  container.ContainerReportHandler (AbstractContainerReportHandler.java:updateContainerState(145)) - Container #1 is in OPEN state, but the datanode 12b54cff-467e-45e9-ac2a-409cdcf2b905{ip: 192.168.157.204, host: pr-hdds-2337-fjsvx-2218173377, networkLocation: /default-rack, certSerialId: null} reports an CLOSED replica.
2019-10-20 12:58:40,781 [EventQueue-ContainerReportForContainerReportHandler] WARN  container.ContainerReportHandler (AbstractContainerReportHandler.java:updateContainerState(145)) - Container #1 is in OPEN state, but the datanode 314f41d3-e6bb-4e9d-a30b-79c862990eb1{ip: 192.168.157.204, host: pr-hdds-2337-fjsvx-2218173377, networkLocation: /default-rack, certSerialId: null} reports an CLOSED replica.
2019-10-20 12:58:40,811 [EventQueue-ContainerReportForContainerReportHandler] WARN  container.ContainerReportHandler (AbstractContainerReportHandler.java:updateContainerState(145)) - Container #1 is in OPEN state, but the datanode 12b54cff-467e-45e9-ac2a-409cdcf2b905{ip: 192.168.157.204, host: pr-hdds-2337-fjsvx-2218173377, networkLocation: /default-rack, certSerialId: null} reports an CLOSED replica.
2019-10-20 12:58:40,933 [java.util.concurrent.ThreadPoolExecutor$Worker@25aa6eee[State = -1, empty queue]] WARN  server.GrpcLogAppender (GrpcLogAppender.java:timeoutAppendRequest(209)) - 314f41d3-e6bb-4e9d-a30b-79c862990eb1@group-40D367ECEF96->5432d864-00a4-4faa-be9e-870a49a37102-GrpcLogAppender: appendEntries Timeout, request=314f41d3-e6bb-4e9d-a30b-79c862990eb1->5432d864-00a4-4faa-be9e-870a49a37102#29-t6, previous=(t:6, i:10), leaderCommit=10, initializing? false, entries: <empty>
2019-10-20 12:58:40,985 [EventQueue-ContainerReportForContainerReportHandler] WARN  container.ContainerReportHandler (AbstractContainerReportHandler.java:updateContainerState(145)) - Container #1 is in OPEN state, but the datanode 314f41d3-e6bb-4e9d-a30b-79c862990eb1{ip: 192.168.157.204, host: pr-hdds-2337-fjsvx-2218173377, networkLocation: /default-rack, certSerialId: null} reports an CLOSED replica.
2019-10-20 12:58:41,111 [EventQueue-ContainerReportForContainerReportHandler] WARN  container.ContainerReportHandler (AbstractContainerReportHandler.java:updateContainerState(145)) - Container #1 is in OPEN state, but the datanode 12b54cff-467e-45e9-ac2a-409cdcf2b905{ip: 192.168.157.204, host: pr-hdds-2337-fjsvx-2218173377, networkLocation: /default-rack, certSerialId: null} reports an CLOSED replica.
2019-10-20 12:58:41,267 [BlockDeletingService#2] WARN  background.BlockDeletingService (BlockDeletingService.java:isDeletionAllowed(187)) - Close Container log Index 6 is not replicated across allthe servers in the pipeline c8578440-42c5-4fb7-aa2b-40d367ecef96 as the min replicated index is 4. Deletion is not allowed in this container yet.
2019-10-20 12:58:41,267 [BlockDeletingService#2] WARN  background.BlockDeletingService (BlockDeletingService.java:isDeletionAllowed(187)) - Close Container log Index 6 is not replicated across allthe servers in the pipeline c8578440-42c5-4fb7-aa2b-40d367ecef96 as the min replicated index is 4. Deletion is not allowed in this container yet.
2019-10-20 12:58:41,386 [EventQueue-ContainerReportForContainerReportHandler] WARN  container.ContainerReportHandler (AbstractContainerReportHandler.java:updateContainerState(145)) - Container #1 is in OPEN state, but the datanode 314f41d3-e6bb-4e9d-a30b-79c862990eb1{ip: 192.168.157.204, host: pr-hdds-2337-fjsvx-2218173377, networkLocation: /default-rack, certSerialId: null} reports an CLOSED replica.
2019-10-20 12:58:41,411 [EventQueue-ContainerReportForContainerReportHandler] WARN  container.ContainerReportHandler (AbstractContainerReportHandler.java:updateContainerState(145)) - Container #1 is in OPEN state, but the datanode 12b54cff-467e-45e9-ac2a-409cdcf2b905{ip: 192.168.157.204, host: pr-hdds-2337-fjsvx-2218173377, networkLocation: /default-rack, certSerialId: null} reports an CLOSED replica.
2019-10-20 12:58:41,585 [EventQueue-ContainerReportForContainerReportHandler] WARN  container.ContainerReportHandler (AbstractContainerReportHandler.java:updateContainerState(145)) - Container #1 is in OPEN state, but the datanode 314f41d3-e6bb-4e9d-a30b-79c862990eb1{ip: 192.168.157.204, host: pr-hdds-2337-fjsvx-2218173377, networkLocation: /default-rack, certSerialId: null} reports an CLOSED replica.
2019-10-20 12:58:41,786 [EventQueue-ContainerReportForContainerReportHandler] WARN  container.ContainerReportHandler (AbstractContainerReportHandler.java:updateContainerState(145)) - Container #1 is in OPEN state, but the datanode 314f41d3-e6bb-4e9d-a30b-79c862990eb1{ip: 192.168.157.204, host: pr-hdds-2337-fjsvx-2218173377, networkLocation: /default-rack, certSerialId: null} reports an CLOSED replica.
2019-10-20 12:58:41,812 [EventQueue-ContainerReportForContainerReportHandler] WARN  container.ContainerReportHandler (AbstractContainerReportHandler.java:updateContainerState(145)) - Container #1 is in OPEN state, but the datanode 12b54cff-467e-45e9-ac2a-409cdcf2b905{ip: 192.168.157.204, host: pr-hdds-2337-fjsvx-2218173377, networkLocation: /default-rack, certSerialId: null} reports an CLOSED replica.
2019-10-20 12:58:41,987 [EventQueue-ContainerReportForContainerReportHandler] WARN  container.ContainerReportHandler (AbstractContainerReportHandler.java:updateContainerState(145)) - Container #1 is in OPEN state, but the datanode 314f41d3-e6bb-4e9d-a30b-79c862990eb1{ip: 192.168.157.204, host: pr-hdds-2337-fjsvx-2218173377, networkLocation: /default-rack, certSerialId: null} reports an CLOSED replica.
2019-10-20 12:58:42,013 [EventQueue-ContainerReportForContainerReportHandler] WARN  container.ContainerReportHandler (AbstractContainerReportHandler.java:updateContainerState(145)) - Container #1 is in OPEN state, but the datanode 12b54cff-467e-45e9-ac2a-409cdcf2b905{ip: 192.168.157.204, host: pr-hdds-2337-fjsvx-2218173377, networkLocation: /default-rack, certSerialId: null} reports an CLOSED replica.
2019-10-20 12:58:42,269 [BlockDeletingService#2] WARN  background.BlockDeletingService (BlockDeletingService.java:isDeletionAllowed(187)) - Close Container log Index 6 is not replicated across allthe servers in the pipeline c8578440-42c5-4fb7-aa2b-40d367ecef96 as the min replicated index is 4. Deletion is not allowed in this container yet.
2019-10-20 12:58:42,269 [BlockDeletingService#2] WARN  background.BlockDeletingService (BlockDeletingService.java:isDeletionAllowed(187)) - Close Container log Index 6 is not replicated across allthe servers in the pipeline c8578440-42c5-4fb7-aa2b-40d367ecef96 as the min replicated index is 4. Deletion is not allowed in this container yet.
2019-10-20 12:58:42,287 [EventQueue-ContainerReportForContainerReportHandler] WARN  container.ContainerReportHandler (AbstractContainerReportHandler.java:updateContainerState(145)) - Container #1 is in OPEN state, but the datanode 314f41d3-e6bb-4e9d-a30b-79c862990eb1{ip: 192.168.157.204, host: pr-hdds-2337-fjsvx-2218173377, networkLocation: /default-rack, certSerialId: null} reports an CLOSED replica.
2019-10-20 12:58:42,414 [EventQueue-ContainerReportForContainerReportHandler] WARN  container.ContainerReportHandler (AbstractContainerReportHandler.java:updateContainerState(145)) - Container #1 is in OPEN state, but the datanode 12b54cff-467e-45e9-ac2a-409cdcf2b905{ip: 192.168.157.204, host: pr-hdds-2337-fjsvx-2218173377, networkLocation: /default-rack, certSerialId: null} reports an CLOSED replica.
2019-10-20 12:58:42,587 [EventQueue-ContainerReportForContainerReportHandler] WARN  container.ContainerReportHandler (AbstractContainerReportHandler.java:updateContainerState(145)) - Container #1 is in OPEN state, but the datanode 314f41d3-e6bb-4e9d-a30b-79c862990eb1{ip: 192.168.157.204, host: pr-hdds-2337-fjsvx-2218173377, networkLocation: /default-rack, certSerialId: null} reports an CLOSED replica.
2019-10-20 12:58:42,787 [EventQueue-ContainerReportForContainerReportHandler] WARN  container.ContainerReportHandler (AbstractContainerReportHandler.java:updateContainerState(145)) - Container #1 is in OPEN state, but the datanode 314f41d3-e6bb-4e9d-a30b-79c862990eb1{ip: 192.168.157.204, host: pr-hdds-2337-fjsvx-2218173377, networkLocation: /default-rack, certSerialId: null} reports an CLOSED replica.
2019-10-20 12:58:42,814 [EventQueue-ContainerReportForContainerReportHandler] WARN  container.ContainerReportHandler (AbstractContainerReportHandler.java:updateContainerState(145)) - Container #1 is in OPEN state, but the datanode 12b54cff-467e-45e9-ac2a-409cdcf2b905{ip: 192.168.157.204, host: pr-hdds-2337-fjsvx-2218173377, networkLocation: /default-rack, certSerialId: null} reports an CLOSED replica.
2019-10-20 12:58:42,993 [Thread-392] INFO  client.GrpcClientProtocolService (GrpcClientProtocolService.java:lambda$processClientRequest$0(278)) - Failed RaftClientRequest:client-5F43918617A9->12b54cff-467e-45e9-ac2a-409cdcf2b905@group-40D367ECEF96, cid=10, seq=0, Watch-ALL_COMMITTED(6), Message:<EMPTY>, reply=RaftClientReply:client-5F43918617A9->12b54cff-467e-45e9-ac2a-409cdcf2b905@group-40D367ECEF96, cid=10, FAILED org.apache.ratis.protocol.NotLeaderException: Server 12b54cff-467e-45e9-ac2a-409cdcf2b905@group-40D367ECEF96 is not the leader 314f41d3-e6bb-4e9d-a30b-79c862990eb1:192.168.157.204:38880, logIndex=0, commits[12b54cff-467e-45e9-ac2a-409cdcf2b905:c10, 5432d864-00a4-4faa-be9e-870a49a37102:c4, 314f41d3-e6bb-4e9d-a30b-79c862990eb1:c10]
2019-10-20 12:58:43,014 [EventQueue-ContainerReportForContainerReportHandler] WARN  container.ContainerReportHandler (AbstractContainerReportHandler.java:updateContainerState(145)) - Container #1 is in OPEN state, but the datanode 12b54cff-467e-45e9-ac2a-409cdcf2b905{ip: 192.168.157.204, host: pr-hdds-2337-fjsvx-2218173377, networkLocation: /default-rack, certSerialId: null} reports an CLOSED replica.
2019-10-20 12:58:43,187 [EventQueue-ContainerReportForContainerReportHandler] WARN  container.ContainerReportHandler (AbstractContainerReportHandler.java:updateContainerState(145)) - Container #1 is in OPEN state, but the datanode 314f41d3-e6bb-4e9d-a30b-79c862990eb1{ip: 192.168.157.204, host: pr-hdds-2337-fjsvx-2218173377, networkLocation: /default-rack, certSerialId: null} reports an CLOSED replica.
2019-10-20 12:58:43,214 [EventQueue-ContainerReportForContainerReportHandler] WARN  container.ContainerReportHandler (AbstractContainerReportHandler.java:updateContainerState(145)) - Container #1 is in OPEN state, but the datanode 12b54cff-467e-45e9-ac2a-409cdcf2b905{ip: 192.168.157.204, host: pr-hdds-2337-fjsvx-2218173377, networkLocation: /default-rack, certSerialId: null} reports an CLOSED replica.
2019-10-20 12:58:43,271 [BlockDeletingService#2] WARN  background.BlockDeletingService (BlockDeletingService.java:isDeletionAllowed(187)) - Close Container log Index 6 is not replicated across allthe servers in the pipeline c8578440-42c5-4fb7-aa2b-40d367ecef96 as the min replicated index is 4. Deletion is not allowed in this container yet.
2019-10-20 12:58:43,271 [BlockDeletingService#2] WARN  background.BlockDeletingService (BlockDeletingService.java:isDeletionAllowed(187)) - Close Container log Index 6 is not replicated across allthe servers in the pipeline c8578440-42c5-4fb7-aa2b-40d367ecef96 as the min replicated index is 4. Deletion is not allowed in this container yet.
2019-10-20 12:58:43,387 [EventQueue-ContainerReportForContainerReportHandler] WARN  container.ContainerReportHandler (AbstractContainerReportHandler.java:updateContainerState(145)) - Container #1 is in OPEN state, but the datanode 314f41d3-e6bb-4e9d-a30b-79c862990eb1{ip: 192.168.157.204, host: pr-hdds-2337-fjsvx-2218173377, networkLocation: /default-rack, certSerialId: null} reports an CLOSED replica.
2019-10-20 12:58:43,435 [java.util.concurrent.ThreadPoolExecutor$Worker@25aa6eee[State = -1, empty queue]] WARN  server.GrpcLogAppender (GrpcLogAppender.java:timeoutAppendRequest(209)) - 314f41d3-e6bb-4e9d-a30b-79c862990eb1@group-40D367ECEF96->5432d864-00a4-4faa-be9e-870a49a37102-GrpcLogAppender: appendEntries Timeout, request=314f41d3-e6bb-4e9d-a30b-79c862990eb1->5432d864-00a4-4faa-be9e-870a49a37102#30-t6, previous=(t:6, i:10), leaderCommit=10, initializing? false, entries: <empty>
2019-10-20 12:58:43,615 [EventQueue-ContainerReportForContainerReportHandler] WARN  container.ContainerReportHandler (AbstractContainerReportHandler.java:updateContainerState(145)) - Container #1 is in OPEN state, but the datanode 12b54cff-467e-45e9-ac2a-409cdcf2b905{ip: 192.168.157.204, host: pr-hdds-2337-fjsvx-2218173377, networkLocation: /default-rack, certSerialId: null} reports an CLOSED replica.
2019-10-20 12:58:43,688 [EventQueue-ContainerReportForContainerReportHandler] WARN  container.ContainerReportHandler (AbstractContainerReportHandler.java:updateContainerState(145)) - Container #1 is in OPEN state, but the datanode 314f41d3-e6bb-4e9d-a30b-79c862990eb1{ip: 192.168.157.204, host: pr-hdds-2337-fjsvx-2218173377, networkLocation: /default-rack, certSerialId: null} reports an CLOSED replica.
2019-10-20 12:58:43,988 [EventQueue-ContainerReportForContainerReportHandler] WARN  container.ContainerReportHandler (AbstractContainerReportHandler.java:updateContainerState(145)) - Container #1 is in OPEN state, but the datanode 314f41d3-e6bb-4e9d-a30b-79c862990eb1{ip: 192.168.157.204, host: pr-hdds-2337-fjsvx-2218173377, networkLocation: /default-rack, certSerialId: null} reports an CLOSED replica.
2019-10-20 12:58:44,015 [EventQueue-ContainerReportForContainerReportHandler] WARN  container.ContainerReportHandler (AbstractContainerReportHandler.java:updateContainerState(145)) - Container #1 is in OPEN state, but the datanode 12b54cff-467e-45e9-ac2a-409cdcf2b905{ip: 192.168.157.204, host: pr-hdds-2337-fjsvx-2218173377, networkLocation: /default-rack, certSerialId: null} reports an CLOSED replica.
2019-10-20 12:58:44,276 [BlockDeletingService#2] WARN  background.BlockDeletingService (BlockDeletingService.java:isDeletionAllowed(187)) - Close Container log Index 6 is not replicated across allthe servers in the pipeline c8578440-42c5-4fb7-aa2b-40d367ecef96 as the min replicated index is 4. Deletion is not allowed in this container yet.
2019-10-20 12:58:44,276 [BlockDeletingService#2] WARN  background.BlockDeletingService (BlockDeletingService.java:isDeletionAllowed(187)) - Close Container log Index 6 is not replicated across allthe servers in the pipeline c8578440-42c5-4fb7-aa2b-40d367ecef96 as the min replicated index is 4. Deletion is not allowed in this container yet.
2019-10-20 12:58:44,290 [EventQueue-ContainerReportForContainerReportHandler] WARN  container.ContainerReportHandler (AbstractContainerReportHandler.java:updateContainerState(145)) - Container #1 is in OPEN state, but the datanode 314f41d3-e6bb-4e9d-a30b-79c862990eb1{ip: 192.168.157.204, host: pr-hdds-2337-fjsvx-2218173377, networkLocation: /default-rack, certSerialId: null} reports an CLOSED replica.
2019-10-20 12:58:44,415 [EventQueue-ContainerReportForContainerReportHandler] WARN  container.ContainerReportHandler (AbstractContainerReportHandler.java:updateContainerState(145)) - Container #1 is in OPEN state, but the datanode 12b54cff-467e-45e9-ac2a-409cdcf2b905{ip: 192.168.157.204, host: pr-hdds-2337-fjsvx-2218173377, networkLocation: /default-rack, certSerialId: null} reports an CLOSED replica.
2019-10-20 12:58:44,489 [EventQueue-ContainerReportForContainerReportHandler] WARN  container.ContainerReportHandler (AbstractContainerReportHandler.java:updateContainerState(145)) - Container #1 is in OPEN state, but the datanode 314f41d3-e6bb-4e9d-a30b-79c862990eb1{ip: 192.168.157.204, host: pr-hdds-2337-fjsvx-2218173377, networkLocation: /default-rack, certSerialId: null} reports an CLOSED replica.
2019-10-20 12:58:44,584 [Thread-399] INFO  client.GrpcClientProtocolService (GrpcClientProtocolService.java:lambda$processClientRequest$0(278)) - Failed RaftClientRequest:client-5F43918617A9->314f41d3-e6bb-4e9d-a30b-79c862990eb1@group-40D367ECEF96, cid=10, seq=0, Watch-ALL_COMMITTED(6), Message:<EMPTY>, reply=RaftClientReply:client-5F43918617A9->314f41d3-e6bb-4e9d-a30b-79c862990eb1@group-40D367ECEF96, cid=10, FAILED org.apache.ratis.protocol.NotReplicatedException: Request with call Id 10 and log index 6 is not yet replicated to ALL_COMMITTED, logIndex=6, commits[314f41d3-e6bb-4e9d-a30b-79c862990eb1:c10, 5432d864-00a4-4faa-be9e-870a49a37102:c4, 12b54cff-467e-45e9-ac2a-409cdcf2b905:c10]
2019-10-20 12:58:44,615 [EventQueue-ContainerReportForContainerReportHandler] WARN  container.ContainerReportHandler (AbstractContainerReportHandler.java:updateContainerState(145)) - Container #1 is in OPEN state, but the datanode 12b54cff-467e-45e9-ac2a-409cdcf2b905{ip: 192.168.157.204, host: pr-hdds-2337-fjsvx-2218173377, networkLocation: /default-rack, certSerialId: null} reports an CLOSED replica.
2019-10-20 12:58:44,689 [EventQueue-ContainerReportForContainerReportHandler] WARN  container.ContainerReportHandler (AbstractContainerReportHandler.java:updateContainerState(145)) - Container #1 is in OPEN state, but the datanode 314f41d3-e6bb-4e9d-a30b-79c862990eb1{ip: 192.168.157.204, host: pr-hdds-2337-fjsvx-2218173377, networkLocation: /default-rack, certSerialId: null} reports an CLOSED replica.
2019-10-20 12:58:44,990 [EventQueue-ContainerReportForContainerReportHandler] WARN  container.ContainerReportHandler (AbstractContainerReportHandler.java:updateContainerState(145)) - Container #1 is in OPEN state, but the datanode 314f41d3-e6bb-4e9d-a30b-79c862990eb1{ip: 192.168.157.204, host: pr-hdds-2337-fjsvx-2218173377, networkLocation: /default-rack, certSerialId: null} reports an CLOSED replica.
2019-10-20 12:58:45,016 [EventQueue-ContainerReportForContainerReportHandler] WARN  container.ContainerReportHandler (AbstractContainerReportHandler.java:updateContainerState(145)) - Container #1 is in OPEN state, but the datanode 12b54cff-467e-45e9-ac2a-409cdcf2b905{ip: 192.168.157.204, host: pr-hdds-2337-fjsvx-2218173377, networkLocation: /default-rack, certSerialId: null} reports an CLOSED replica.
2019-10-20 12:58:45,278 [BlockDeletingService#2] WARN  background.BlockDeletingService (BlockDeletingService.java:isDeletionAllowed(187)) - Close Container log Index 6 is not replicated across allthe servers in the pipeline c8578440-42c5-4fb7-aa2b-40d367ecef96 as the min replicated index is 4. Deletion is not allowed in this container yet.
2019-10-20 12:58:45,278 [BlockDeletingService#2] WARN  background.BlockDeletingService (BlockDeletingService.java:isDeletionAllowed(187)) - Close Container log Index 6 is not replicated across allthe servers in the pipeline c8578440-42c5-4fb7-aa2b-40d367ecef96 as the min replicated index is 4. Deletion is not allowed in this container yet.
2019-10-20 12:58:45,316 [EventQueue-ContainerReportForContainerReportHandler] WARN  container.ContainerReportHandler (AbstractContainerReportHandler.java:updateContainerState(145)) - Container #1 is in OPEN state, but the datanode 12b54cff-467e-45e9-ac2a-409cdcf2b905{ip: 192.168.157.204, host: pr-hdds-2337-fjsvx-2218173377, networkLocation: /default-rack, certSerialId: null} reports an CLOSED replica.
2019-10-20 12:58:45,390 [EventQueue-ContainerReportForContainerReportHandler] WARN  container.ContainerReportHandler (AbstractContainerReportHandler.java:updateContainerState(145)) - Container #1 is in OPEN state, but the datanode 314f41d3-e6bb-4e9d-a30b-79c862990eb1{ip: 192.168.157.204, host: pr-hdds-2337-fjsvx-2218173377, networkLocation: /default-rack, certSerialId: null} reports an CLOSED replica.
2019-10-20 12:58:45,590 [EventQueue-ContainerReportForContainerReportHandler] WARN  container.ContainerReportHandler (AbstractContainerReportHandler.java:updateContainerState(145)) - Container #1 is in OPEN state, but the datanode 314f41d3-e6bb-4e9d-a30b-79c862990eb1{ip: 192.168.157.204, host: pr-hdds-2337-fjsvx-2218173377, networkLocation: /default-rack, certSerialId: null} reports an CLOSED replica.
2019-10-20 12:58:45,617 [EventQueue-ContainerReportForContainerReportHandler] WARN  container.ContainerReportHandler (AbstractContainerReportHandler.java:updateContainerState(145)) - Container #1 is in OPEN state, but the datanode 12b54cff-467e-45e9-ac2a-409cdcf2b905{ip: 192.168.157.204, host: pr-hdds-2337-fjsvx-2218173377, networkLocation: /default-rack, certSerialId: null} reports an CLOSED replica.
2019-10-20 12:58:45,936 [java.util.concurrent.ThreadPoolExecutor$Worker@25aa6eee[State = -1, empty queue]] WARN  server.GrpcLogAppender (GrpcLogAppender.java:timeoutAppendRequest(209)) - 314f41d3-e6bb-4e9d-a30b-79c862990eb1@group-40D367ECEF96->5432d864-00a4-4faa-be9e-870a49a37102-GrpcLogAppender: appendEntries Timeout, request=314f41d3-e6bb-4e9d-a30b-79c862990eb1->5432d864-00a4-4faa-be9e-870a49a37102#31-t6, previous=(t:6, i:10), leaderCommit=10, initializing? false, entries: <empty>
2019-10-20 12:58:45,990 [EventQueue-ContainerReportForContainerReportHandler] WARN  container.ContainerReportHandler (AbstractContainerReportHandler.java:updateContainerState(145)) - Container #1 is in OPEN state, but the datanode 314f41d3-e6bb-4e9d-a30b-79c862990eb1{ip: 192.168.157.204, host: pr-hdds-2337-fjsvx-2218173377, networkLocation: /default-rack, certSerialId: null} reports an CLOSED replica.
2019-10-20 12:58:46,017 [EventQueue-ContainerReportForContainerReportHandler] WARN  container.ContainerReportHandler (AbstractContainerReportHandler.java:updateContainerState(145)) - Container #1 is in OPEN state, but the datanode 12b54cff-467e-45e9-ac2a-409cdcf2b905{ip: 192.168.157.204, host: pr-hdds-2337-fjsvx-2218173377, networkLocation: /default-rack, certSerialId: null} reports an CLOSED replica.
2019-10-20 12:58:46,281 [BlockDeletingService#2] WARN  background.BlockDeletingService (BlockDeletingService.java:isDeletionAllowed(187)) - Close Container log Index 6 is not replicated across allthe servers in the pipeline c8578440-42c5-4fb7-aa2b-40d367ecef96 as the min replicated index is 4. Deletion is not allowed in this container yet.
2019-10-20 12:58:46,281 [BlockDeletingService#2] WARN  background.BlockDeletingService (BlockDeletingService.java:isDeletionAllowed(187)) - Close Container log Index 6 is not replicated across allthe servers in the pipeline c8578440-42c5-4fb7-aa2b-40d367ecef96 as the min replicated index is 4. Deletion is not allowed in this container yet.
2019-10-20 12:58:46,290 [EventQueue-ContainerReportForContainerReportHandler] WARN  container.ContainerReportHandler (AbstractContainerReportHandler.java:updateContainerState(145)) - Container #1 is in OPEN state, but the datanode 314f41d3-e6bb-4e9d-a30b-79c862990eb1{ip: 192.168.157.204, host: pr-hdds-2337-fjsvx-2218173377, networkLocation: /default-rack, certSerialId: null} reports an CLOSED replica.
2019-10-20 12:58:46,317 [EventQueue-ContainerReportForContainerReportHandler] WARN  container.ContainerReportHandler (AbstractContainerReportHandler.java:updateContainerState(145)) - Container #1 is in OPEN state, but the datanode 12b54cff-467e-45e9-ac2a-409cdcf2b905{ip: 192.168.157.204, host: pr-hdds-2337-fjsvx-2218173377, networkLocation: /default-rack, certSerialId: null} reports an CLOSED replica.
2019-10-20 12:58:46,590 [EventQueue-ContainerReportForContainerReportHandler] WARN  container.ContainerReportHandler (AbstractContainerReportHandler.java:updateContainerState(145)) - Container #1 is in OPEN state, but the datanode 314f41d3-e6bb-4e9d-a30b-79c862990eb1{ip: 192.168.157.204, host: pr-hdds-2337-fjsvx-2218173377, networkLocation: /default-rack, certSerialId: null} reports an CLOSED replica.
2019-10-20 12:58:46,718 [EventQueue-ContainerReportForContainerReportHandler] WARN  container.ContainerReportHandler (AbstractContainerReportHandler.java:updateContainerState(145)) - Container #1 is in OPEN state, but the datanode 12b54cff-467e-45e9-ac2a-409cdcf2b905{ip: 192.168.157.204, host: pr-hdds-2337-fjsvx-2218173377, networkLocation: /default-rack, certSerialId: null} reports an CLOSED replica.
2019-10-20 12:58:46,890 [EventQueue-ContainerReportForContainerReportHandler] WARN  container.ContainerReportHandler (AbstractContainerReportHandler.java:updateContainerState(145)) - Container #1 is in OPEN state, but the datanode 314f41d3-e6bb-4e9d-a30b-79c862990eb1{ip: 192.168.157.204, host: pr-hdds-2337-fjsvx-2218173377, networkLocation: /default-rack, certSerialId: null} reports an CLOSED replica.
2019-10-20 12:58:47,018 [EventQueue-ContainerReportForContainerReportHandler] WARN  container.ContainerReportHandler (AbstractContainerReportHandler.java:updateContainerState(145)) - Container #1 is in OPEN state, but the datanode 12b54cff-467e-45e9-ac2a-409cdcf2b905{ip: 192.168.157.204, host: pr-hdds-2337-fjsvx-2218173377, networkLocation: /default-rack, certSerialId: null} reports an CLOSED replica.
2019-10-20 12:58:47,190 [EventQueue-ContainerReportForContainerReportHandler] WARN  container.ContainerReportHandler (AbstractContainerReportHandler.java:updateContainerState(145)) - Container #1 is in OPEN state, but the datanode 314f41d3-e6bb-4e9d-a30b-79c862990eb1{ip: 192.168.157.204, host: pr-hdds-2337-fjsvx-2218173377, networkLocation: /default-rack, certSerialId: null} reports an CLOSED replica.
2019-10-20 12:58:47,283 [BlockDeletingService#2] WARN  background.BlockDeletingService (BlockDeletingService.java:isDeletionAllowed(187)) - Close Container log Index 6 is not replicated across allthe servers in the pipeline c8578440-42c5-4fb7-aa2b-40d367ecef96 as the min replicated index is 4. Deletion is not allowed in this container yet.
2019-10-20 12:58:47,283 [BlockDeletingService#2] WARN  background.BlockDeletingService (BlockDeletingService.java:isDeletionAllowed(187)) - Close Container log Index 6 is not replicated across allthe servers in the pipeline c8578440-42c5-4fb7-aa2b-40d367ecef96 as the min replicated index is 4. Deletion is not allowed in this container yet.
2019-10-20 12:58:47,318 [EventQueue-ContainerReportForContainerReportHandler] WARN  container.ContainerReportHandler (AbstractContainerReportHandler.java:updateContainerState(145)) - Container #1 is in OPEN state, but the datanode 12b54cff-467e-45e9-ac2a-409cdcf2b905{ip: 192.168.157.204, host: pr-hdds-2337-fjsvx-2218173377, networkLocation: /default-rack, certSerialId: null} reports an CLOSED replica.
2019-10-20 12:58:47,490 [EventQueue-ContainerReportForContainerReportHandler] WARN  container.ContainerReportHandler (AbstractContainerReportHandler.java:updateContainerState(145)) - Container #1 is in OPEN state, but the datanode 314f41d3-e6bb-4e9d-a30b-79c862990eb1{ip: 192.168.157.204, host: pr-hdds-2337-fjsvx-2218173377, networkLocation: /default-rack, certSerialId: null} reports an CLOSED replica.
2019-10-20 12:58:47,619 [EventQueue-ContainerReportForContainerReportHandler] WARN  container.ContainerReportHandler (AbstractContainerReportHandler.java:updateContainerState(145)) - Container #1 is in OPEN state, but the datanode 12b54cff-467e-45e9-ac2a-409cdcf2b905{ip: 192.168.157.204, host: pr-hdds-2337-fjsvx-2218173377, networkLocation: /default-rack, certSerialId: null} reports an CLOSED replica.
2019-10-20 12:58:47,790 [EventQueue-ContainerReportForContainerReportHandler] WARN  container.ContainerReportHandler (AbstractContainerReportHandler.java:updateContainerState(145)) - Container #1 is in OPEN state, but the datanode 314f41d3-e6bb-4e9d-a30b-79c862990eb1{ip: 192.168.157.204, host: pr-hdds-2337-fjsvx-2218173377, networkLocation: /default-rack, certSerialId: null} reports an CLOSED replica.
2019-10-20 12:58:47,919 [EventQueue-ContainerReportForContainerReportHandler] WARN  container.ContainerReportHandler (AbstractContainerReportHandler.java:updateContainerState(145)) - Container #1 is in OPEN state, but the datanode 12b54cff-467e-45e9-ac2a-409cdcf2b905{ip: 192.168.157.204, host: pr-hdds-2337-fjsvx-2218173377, networkLocation: /default-rack, certSerialId: null} reports an CLOSED replica.
2019-10-20 12:58:48,090 [EventQueue-ContainerReportForContainerReportHandler] WARN  container.ContainerReportHandler (AbstractContainerReportHandler.java:updateContainerState(145)) - Container #1 is in OPEN state, but the datanode 314f41d3-e6bb-4e9d-a30b-79c862990eb1{ip: 192.168.157.204, host: pr-hdds-2337-fjsvx-2218173377, networkLocation: /default-rack, certSerialId: null} reports an CLOSED replica.
2019-10-20 12:58:48,285 [BlockDeletingService#2] WARN  background.BlockDeletingService (BlockDeletingService.java:isDeletionAllowed(187)) - Close Container log Index 6 is not replicated across allthe servers in the pipeline c8578440-42c5-4fb7-aa2b-40d367ecef96 as the min replicated index is 4. Deletion is not allowed in this container yet.
2019-10-20 12:58:48,285 [BlockDeletingService#2] WARN  background.BlockDeletingService (BlockDeletingService.java:isDeletionAllowed(187)) - Close Container log Index 6 is not replicated across allthe servers in the pipeline c8578440-42c5-4fb7-aa2b-40d367ecef96 as the min replicated index is 4. Deletion is not allowed in this container yet.
2019-10-20 12:58:48,290 [EventQueue-ContainerReportForContainerReportHandler] WARN  container.ContainerReportHandler (AbstractContainerReportHandler.java:updateContainerState(145)) - Container #1 is in OPEN state, but the datanode 314f41d3-e6bb-4e9d-a30b-79c862990eb1{ip: 192.168.157.204, host: pr-hdds-2337-fjsvx-2218173377, networkLocation: /default-rack, certSerialId: null} reports an CLOSED replica.
2019-10-20 12:58:48,320 [EventQueue-ContainerReportForContainerReportHandler] WARN  container.ContainerReportHandler (AbstractContainerReportHandler.java:updateContainerState(145)) - Container #1 is in OPEN state, but the datanode 12b54cff-467e-45e9-ac2a-409cdcf2b905{ip: 192.168.157.204, host: pr-hdds-2337-fjsvx-2218173377, networkLocation: /default-rack, certSerialId: null} reports an CLOSED replica.
2019-10-20 12:58:48,437 [java.util.concurrent.ThreadPoolExecutor$Worker@25aa6eee[State = -1, empty queue]] WARN  server.GrpcLogAppender (GrpcLogAppender.java:timeoutAppendRequest(209)) - 314f41d3-e6bb-4e9d-a30b-79c862990eb1@group-40D367ECEF96->5432d864-00a4-4faa-be9e-870a49a37102-GrpcLogAppender: appendEntries Timeout, request=314f41d3-e6bb-4e9d-a30b-79c862990eb1->5432d864-00a4-4faa-be9e-870a49a37102#32-t6, previous=(t:6, i:10), leaderCommit=10, initializing? false, entries: <empty>
2019-10-20 12:58:48,591 [EventQueue-ContainerReportForContainerReportHandler] WARN  container.ContainerReportHandler (AbstractContainerReportHandler.java:updateContainerState(145)) - Container #1 is in OPEN state, but the datanode 314f41d3-e6bb-4e9d-a30b-79c862990eb1{ip: 192.168.157.204, host: pr-hdds-2337-fjsvx-2218173377, networkLocation: /default-rack, certSerialId: null} reports an CLOSED replica.
2019-10-20 12:58:48,620 [EventQueue-ContainerReportForContainerReportHandler] WARN  container.ContainerReportHandler (AbstractContainerReportHandler.java:updateContainerState(145)) - Container #1 is in OPEN state, but the datanode 12b54cff-467e-45e9-ac2a-409cdcf2b905{ip: 192.168.157.204, host: pr-hdds-2337-fjsvx-2218173377, networkLocation: /default-rack, certSerialId: null} reports an CLOSED replica.
2019-10-20 12:58:48,891 [EventQueue-ContainerReportForContainerReportHandler] WARN  container.ContainerReportHandler (AbstractContainerReportHandler.java:updateContainerState(145)) - Container #1 is in OPEN state, but the datanode 314f41d3-e6bb-4e9d-a30b-79c862990eb1{ip: 192.168.157.204, host: pr-hdds-2337-fjsvx-2218173377, networkLocation: /default-rack, certSerialId: null} reports an CLOSED replica.
2019-10-20 12:58:49,021 [EventQueue-ContainerReportForContainerReportHandler] WARN  container.ContainerReportHandler (AbstractContainerReportHandler.java:updateContainerState(145)) - Container #1 is in OPEN state, but the datanode 12b54cff-467e-45e9-ac2a-409cdcf2b905{ip: 192.168.157.204, host: pr-hdds-2337-fjsvx-2218173377, networkLocation: /default-rack, certSerialId: null} reports an CLOSED replica.
2019-10-20 12:58:49,191 [EventQueue-ContainerReportForContainerReportHandler] WARN  container.ContainerReportHandler (AbstractContainerReportHandler.java:updateContainerState(145)) - Container #1 is in OPEN state, but the datanode 314f41d3-e6bb-4e9d-a30b-79c862990eb1{ip: 192.168.157.204, host: pr-hdds-2337-fjsvx-2218173377, networkLocation: /default-rack, certSerialId: null} reports an CLOSED replica.
2019-10-20 12:58:49,288 [BlockDeletingService#2] WARN  background.BlockDeletingService (BlockDeletingService.java:isDeletionAllowed(187)) - Close Container log Index 6 is not replicated across allthe servers in the pipeline c8578440-42c5-4fb7-aa2b-40d367ecef96 as the min replicated index is 4. Deletion is not allowed in this container yet.
2019-10-20 12:58:49,288 [BlockDeletingService#2] WARN  background.BlockDeletingService (BlockDeletingService.java:isDeletionAllowed(187)) - Close Container log Index 6 is not replicated across allthe servers in the pipeline c8578440-42c5-4fb7-aa2b-40d367ecef96 as the min replicated index is 4. Deletion is not allowed in this container yet.
2019-10-20 12:58:49,320 [EventQueue-ContainerReportForContainerReportHandler] WARN  container.ContainerReportHandler (AbstractContainerReportHandler.java:updateContainerState(145)) - Container #1 is in OPEN state, but the datanode 12b54cff-467e-45e9-ac2a-409cdcf2b905{ip: 192.168.157.204, host: pr-hdds-2337-fjsvx-2218173377, networkLocation: /default-rack, certSerialId: null} reports an CLOSED replica.
2019-10-20 12:58:49,491 [EventQueue-ContainerReportForContainerReportHandler] WARN  container.ContainerReportHandler (AbstractContainerReportHandler.java:updateContainerState(145)) - Container #1 is in OPEN state, but the datanode 314f41d3-e6bb-4e9d-a30b-79c862990eb1{ip: 192.168.157.204, host: pr-hdds-2337-fjsvx-2218173377, networkLocation: /default-rack, certSerialId: null} reports an CLOSED replica.
2019-10-20 12:58:49,520 [EventQueue-ContainerReportForContainerReportHandler] WARN  container.ContainerReportHandler (AbstractContainerReportHandler.java:updateContainerState(145)) - Container #1 is in OPEN state, but the datanode 12b54cff-467e-45e9-ac2a-409cdcf2b905{ip: 192.168.157.204, host: pr-hdds-2337-fjsvx-2218173377, networkLocation: /default-rack, certSerialId: null} reports an CLOSED replica.
2019-10-20 12:58:49,791 [EventQueue-ContainerReportForContainerReportHandler] WARN  container.ContainerReportHandler (AbstractContainerReportHandler.java:updateContainerState(145)) - Container #1 is in OPEN state, but the datanode 314f41d3-e6bb-4e9d-a30b-79c862990eb1{ip: 192.168.157.204, host: pr-hdds-2337-fjsvx-2218173377, networkLocation: /default-rack, certSerialId: null} reports an CLOSED replica.
2019-10-20 12:58:49,821 [EventQueue-ContainerReportForContainerReportHandler] WARN  container.ContainerReportHandler (AbstractContainerReportHandler.java:updateContainerState(145)) - Container #1 is in OPEN state, but the datanode 12b54cff-467e-45e9-ac2a-409cdcf2b905{ip: 192.168.157.204, host: pr-hdds-2337-fjsvx-2218173377, networkLocation: /default-rack, certSerialId: null} reports an CLOSED replica.
2019-10-20 12:58:50,092 [EventQueue-ContainerReportForContainerReportHandler] WARN  container.ContainerReportHandler (AbstractContainerReportHandler.java:updateContainerState(145)) - Container #1 is in OPEN state, but the datanode 314f41d3-e6bb-4e9d-a30b-79c862990eb1{ip: 192.168.157.204, host: pr-hdds-2337-fjsvx-2218173377, networkLocation: /default-rack, certSerialId: null} reports an CLOSED replica.
2019-10-20 12:58:50,122 [EventQueue-ContainerReportForContainerReportHandler] WARN  container.ContainerReportHandler (AbstractContainerReportHandler.java:updateContainerState(145)) - Container #1 is in OPEN state, but the datanode 12b54cff-467e-45e9-ac2a-409cdcf2b905{ip: 192.168.157.204, host: pr-hdds-2337-fjsvx-2218173377, networkLocation: /default-rack, certSerialId: null} reports an CLOSED replica.
2019-10-20 12:58:50,290 [BlockDeletingService#2] WARN  background.BlockDeletingService (BlockDeletingService.java:isDeletionAllowed(187)) - Close Container log Index 6 is not replicated across allthe servers in the pipeline c8578440-42c5-4fb7-aa2b-40d367ecef96 as the min replicated index is 4. Deletion is not allowed in this container yet.
2019-10-20 12:58:50,290 [BlockDeletingService#2] WARN  background.BlockDeletingService (BlockDeletingService.java:isDeletionAllowed(187)) - Close Container log Index 6 is not replicated across allthe servers in the pipeline c8578440-42c5-4fb7-aa2b-40d367ecef96 as the min replicated index is 4. Deletion is not allowed in this container yet.
2019-10-20 12:58:50,392 [EventQueue-ContainerReportForContainerReportHandler] WARN  container.ContainerReportHandler (AbstractContainerReportHandler.java:updateContainerState(145)) - Container #1 is in OPEN state, but the datanode 314f41d3-e6bb-4e9d-a30b-79c862990eb1{ip: 192.168.157.204, host: pr-hdds-2337-fjsvx-2218173377, networkLocation: /default-rack, certSerialId: null} reports an CLOSED replica.
2019-10-20 12:58:50,522 [EventQueue-ContainerReportForContainerReportHandler] WARN  container.ContainerReportHandler (AbstractContainerReportHandler.java:updateContainerState(145)) - Container #1 is in OPEN state, but the datanode 12b54cff-467e-45e9-ac2a-409cdcf2b905{ip: 192.168.157.204, host: pr-hdds-2337-fjsvx-2218173377, networkLocation: /default-rack, certSerialId: null} reports an CLOSED replica.
2019-10-20 12:58:50,793 [EventQueue-ContainerReportForContainerReportHandler] WARN  container.ContainerReportHandler (AbstractContainerReportHandler.java:updateContainerState(145)) - Container #1 is in OPEN state, but the datanode 314f41d3-e6bb-4e9d-a30b-79c862990eb1{ip: 192.168.157.204, host: pr-hdds-2337-fjsvx-2218173377, networkLocation: /default-rack, certSerialId: null} reports an CLOSED replica.
2019-10-20 12:58:50,823 [EventQueue-ContainerReportForContainerReportHandler] WARN  container.ContainerReportHandler (AbstractContainerReportHandler.java:updateContainerState(145)) - Container #1 is in OPEN state, but the datanode 12b54cff-467e-45e9-ac2a-409cdcf2b905{ip: 192.168.157.204, host: pr-hdds-2337-fjsvx-2218173377, networkLocation: /default-rack, certSerialId: null} reports an CLOSED replica.
2019-10-20 12:58:50,938 [java.util.concurrent.ThreadPoolExecutor$Worker@25aa6eee[State = -1, empty queue]] WARN  server.GrpcLogAppender (GrpcLogAppender.java:timeoutAppendRequest(209)) - 314f41d3-e6bb-4e9d-a30b-79c862990eb1@group-40D367ECEF96->5432d864-00a4-4faa-be9e-870a49a37102-GrpcLogAppender: appendEntries Timeout, request=314f41d3-e6bb-4e9d-a30b-79c862990eb1->5432d864-00a4-4faa-be9e-870a49a37102#33-t6, previous=(t:6, i:10), leaderCommit=10, initializing? false, entries: <empty>
2019-10-20 12:58:50,993 [EventQueue-ContainerReportForContainerReportHandler] WARN  container.ContainerReportHandler (AbstractContainerReportHandler.java:updateContainerState(145)) - Container #1 is in OPEN state, but the datanode 314f41d3-e6bb-4e9d-a30b-79c862990eb1{ip: 192.168.157.204, host: pr-hdds-2337-fjsvx-2218173377, networkLocation: /default-rack, certSerialId: null} reports an CLOSED replica.
2019-10-20 12:58:51,125 [EventQueue-ContainerReportForContainerReportHandler] WARN  container.ContainerReportHandler (AbstractContainerReportHandler.java:updateContainerState(145)) - Container #1 is in OPEN state, but the datanode 12b54cff-467e-45e9-ac2a-409cdcf2b905{ip: 192.168.157.204, host: pr-hdds-2337-fjsvx-2218173377, networkLocation: /default-rack, certSerialId: null} reports an CLOSED replica.
2019-10-20 12:58:51,193 [EventQueue-ContainerReportForContainerReportHandler] WARN  container.ContainerReportHandler (AbstractContainerReportHandler.java:updateContainerState(145)) - Container #1 is in OPEN state, but the datanode 314f41d3-e6bb-4e9d-a30b-79c862990eb1{ip: 192.168.157.204, host: pr-hdds-2337-fjsvx-2218173377, networkLocation: /default-rack, certSerialId: null} reports an CLOSED replica.
2019-10-20 12:58:51,294 [BlockDeletingService#2] WARN  background.BlockDeletingService (BlockDeletingService.java:isDeletionAllowed(187)) - Close Container log Index 6 is not replicated across allthe servers in the pipeline c8578440-42c5-4fb7-aa2b-40d367ecef96 as the min replicated index is 4. Deletion is not allowed in this container yet.
2019-10-20 12:58:51,294 [BlockDeletingService#2] WARN  background.BlockDeletingService (BlockDeletingService.java:isDeletionAllowed(187)) - Close Container log Index 6 is not replicated across allthe servers in the pipeline c8578440-42c5-4fb7-aa2b-40d367ecef96 as the min replicated index is 4. Deletion is not allowed in this container yet.
2019-10-20 12:58:51,392 [EventQueue-ContainerReportForContainerReportHandler] WARN  container.ContainerReportHandler (AbstractContainerReportHandler.java:updateContainerState(145)) - Container #1 is in OPEN state, but the datanode 314f41d3-e6bb-4e9d-a30b-79c862990eb1{ip: 192.168.157.204, host: pr-hdds-2337-fjsvx-2218173377, networkLocation: /default-rack, certSerialId: null} reports an CLOSED replica.
2019-10-20 12:58:51,425 [EventQueue-ContainerReportForContainerReportHandler] WARN  container.ContainerReportHandler (AbstractContainerReportHandler.java:updateContainerState(145)) - Container #1 is in OPEN state, but the datanode 12b54cff-467e-45e9-ac2a-409cdcf2b905{ip: 192.168.157.204, host: pr-hdds-2337-fjsvx-2218173377, networkLocation: /default-rack, certSerialId: null} reports an CLOSED replica.
2019-10-20 12:58:51,692 [EventQueue-ContainerReportForContainerReportHandler] WARN  container.ContainerReportHandler (AbstractContainerReportHandler.java:updateContainerState(145)) - Container #1 is in OPEN state, but the datanode 314f41d3-e6bb-4e9d-a30b-79c862990eb1{ip: 192.168.157.204, host: pr-hdds-2337-fjsvx-2218173377, networkLocation: /default-rack, certSerialId: null} reports an CLOSED replica.
2019-10-20 12:58:51,726 [EventQueue-ContainerReportForContainerReportHandler] WARN  container.ContainerReportHandler (AbstractContainerReportHandler.java:updateContainerState(145)) - Container #1 is in OPEN state, but the datanode 12b54cff-467e-45e9-ac2a-409cdcf2b905{ip: 192.168.157.204, host: pr-hdds-2337-fjsvx-2218173377, networkLocation: /default-rack, certSerialId: null} reports an CLOSED replica.
2019-10-20 12:58:51,892 [EventQueue-ContainerReportForContainerReportHandler] WARN  container.ContainerReportHandler (AbstractContainerReportHandler.java:updateContainerState(145)) - Container #1 is in OPEN state, but the datanode 314f41d3-e6bb-4e9d-a30b-79c862990eb1{ip: 192.168.157.204, host: pr-hdds-2337-fjsvx-2218173377, networkLocation: /default-rack, certSerialId: null} reports an CLOSED replica.
2019-10-20 12:58:51,926 [EventQueue-ContainerReportForContainerReportHandler] WARN  container.ContainerReportHandler (AbstractContainerReportHandler.java:updateContainerState(145)) - Container #1 is in OPEN state, but the datanode 12b54cff-467e-45e9-ac2a-409cdcf2b905{ip: 192.168.157.204, host: pr-hdds-2337-fjsvx-2218173377, networkLocation: /default-rack, certSerialId: null} reports an CLOSED replica.
2019-10-20 12:58:52,024 [Thread-420] INFO  client.GrpcClientProtocolService (GrpcClientProtocolService.java:lambda$processClientRequest$0(278)) - Failed RaftClientRequest:client-5F43918617A9->12b54cff-467e-45e9-ac2a-409cdcf2b905@group-40D367ECEF96, cid=10, seq=0, Watch-ALL_COMMITTED(6), Message:<EMPTY>, reply=RaftClientReply:client-5F43918617A9->12b54cff-467e-45e9-ac2a-409cdcf2b905@group-40D367ECEF96, cid=10, FAILED org.apache.ratis.protocol.NotLeaderException: Server 12b54cff-467e-45e9-ac2a-409cdcf2b905@group-40D367ECEF96 is not the leader 314f41d3-e6bb-4e9d-a30b-79c862990eb1:192.168.157.204:38880, logIndex=0, commits[12b54cff-467e-45e9-ac2a-409cdcf2b905:c10, 5432d864-00a4-4faa-be9e-870a49a37102:c4, 314f41d3-e6bb-4e9d-a30b-79c862990eb1:c10]
2019-10-20 12:58:52,226 [EventQueue-ContainerReportForContainerReportHandler] WARN  container.ContainerReportHandler (AbstractContainerReportHandler.java:updateContainerState(145)) - Container #1 is in OPEN state, but the datanode 12b54cff-467e-45e9-ac2a-409cdcf2b905{ip: 192.168.157.204, host: pr-hdds-2337-fjsvx-2218173377, networkLocation: /default-rack, certSerialId: null} reports an CLOSED replica.
2019-10-20 12:58:52,292 [EventQueue-ContainerReportForContainerReportHandler] WARN  container.ContainerReportHandler (AbstractContainerReportHandler.java:updateContainerState(145)) - Container #1 is in OPEN state, but the datanode 314f41d3-e6bb-4e9d-a30b-79c862990eb1{ip: 192.168.157.204, host: pr-hdds-2337-fjsvx-2218173377, networkLocation: /default-rack, certSerialId: null} reports an CLOSED replica.
2019-10-20 12:58:52,295 [BlockDeletingService#2] WARN  background.BlockDeletingService (BlockDeletingService.java:isDeletionAllowed(187)) - Close Container log Index 6 is not replicated across allthe servers in the pipeline c8578440-42c5-4fb7-aa2b-40d367ecef96 as the min replicated index is 4. Deletion is not allowed in this container yet.
2019-10-20 12:58:52,296 [BlockDeletingService#2] WARN  background.BlockDeletingService (BlockDeletingService.java:isDeletionAllowed(187)) - Close Container log Index 6 is not replicated across allthe servers in the pipeline c8578440-42c5-4fb7-aa2b-40d367ecef96 as the min replicated index is 4. Deletion is not allowed in this container yet.
2019-10-20 12:58:52,426 [EventQueue-ContainerReportForContainerReportHandler] WARN  container.ContainerReportHandler (AbstractContainerReportHandler.java:updateContainerState(145)) - Container #1 is in OPEN state, but the datanode 12b54cff-467e-45e9-ac2a-409cdcf2b905{ip: 192.168.157.204, host: pr-hdds-2337-fjsvx-2218173377, networkLocation: /default-rack, certSerialId: null} reports an CLOSED replica.
2019-10-20 12:58:52,692 [EventQueue-ContainerReportForContainerReportHandler] WARN  container.ContainerReportHandler (AbstractContainerReportHandler.java:updateContainerState(145)) - Container #1 is in OPEN state, but the datanode 314f41d3-e6bb-4e9d-a30b-79c862990eb1{ip: 192.168.157.204, host: pr-hdds-2337-fjsvx-2218173377, networkLocation: /default-rack, certSerialId: null} reports an CLOSED replica.
2019-10-20 12:58:52,826 [EventQueue-ContainerReportForContainerReportHandler] WARN  container.ContainerReportHandler (AbstractContainerReportHandler.java:updateContainerState(145)) - Container #1 is in OPEN state, but the datanode 12b54cff-467e-45e9-ac2a-409cdcf2b905{ip: 192.168.157.204, host: pr-hdds-2337-fjsvx-2218173377, networkLocation: /default-rack, certSerialId: null} reports an CLOSED replica.
2019-10-20 12:58:52,892 [EventQueue-ContainerReportForContainerReportHandler] WARN  container.ContainerReportHandler (AbstractContainerReportHandler.java:updateContainerState(145)) - Container #1 is in OPEN state, but the datanode 314f41d3-e6bb-4e9d-a30b-79c862990eb1{ip: 192.168.157.204, host: pr-hdds-2337-fjsvx-2218173377, networkLocation: /default-rack, certSerialId: null} reports an CLOSED replica.
2019-10-20 12:58:53,092 [EventQueue-ContainerReportForContainerReportHandler] WARN  container.ContainerReportHandler (AbstractContainerReportHandler.java:updateContainerState(145)) - Container #1 is in OPEN state, but the datanode 314f41d3-e6bb-4e9d-a30b-79c862990eb1{ip: 192.168.157.204, host: pr-hdds-2337-fjsvx-2218173377, networkLocation: /default-rack, certSerialId: null} reports an CLOSED replica.
2019-10-20 12:58:53,126 [EventQueue-ContainerReportForContainerReportHandler] WARN  container.ContainerReportHandler (AbstractContainerReportHandler.java:updateContainerState(145)) - Container #1 is in OPEN state, but the datanode 12b54cff-467e-45e9-ac2a-409cdcf2b905{ip: 192.168.157.204, host: pr-hdds-2337-fjsvx-2218173377, networkLocation: /default-rack, certSerialId: null} reports an CLOSED replica.
2019-10-20 12:58:53,299 [BlockDeletingService#2] WARN  background.BlockDeletingService (BlockDeletingService.java:isDeletionAllowed(187)) - Close Container log Index 6 is not replicated across allthe servers in the pipeline c8578440-42c5-4fb7-aa2b-40d367ecef96 as the min replicated index is 4. Deletion is not allowed in this container yet.
2019-10-20 12:58:53,299 [BlockDeletingService#2] WARN  background.BlockDeletingService (BlockDeletingService.java:isDeletionAllowed(187)) - Close Container log Index 6 is not replicated across allthe servers in the pipeline c8578440-42c5-4fb7-aa2b-40d367ecef96 as the min replicated index is 4. Deletion is not allowed in this container yet.
2019-10-20 12:58:53,392 [EventQueue-ContainerReportForContainerReportHandler] WARN  container.ContainerReportHandler (AbstractContainerReportHandler.java:updateContainerState(145)) - Container #1 is in OPEN state, but the datanode 314f41d3-e6bb-4e9d-a30b-79c862990eb1{ip: 192.168.157.204, host: pr-hdds-2337-fjsvx-2218173377, networkLocation: /default-rack, certSerialId: null} reports an CLOSED replica.
2019-10-20 12:58:53,426 [EventQueue-ContainerReportForContainerReportHandler] WARN  container.ContainerReportHandler (AbstractContainerReportHandler.java:updateContainerState(145)) - Container #1 is in OPEN state, but the datanode 12b54cff-467e-45e9-ac2a-409cdcf2b905{ip: 192.168.157.204, host: pr-hdds-2337-fjsvx-2218173377, networkLocation: /default-rack, certSerialId: null} reports an CLOSED replica.
2019-10-20 12:58:53,440 [java.util.concurrent.ThreadPoolExecutor$Worker@25aa6eee[State = -1, empty queue]] WARN  server.GrpcLogAppender (GrpcLogAppender.java:timeoutAppendRequest(209)) - 314f41d3-e6bb-4e9d-a30b-79c862990eb1@group-40D367ECEF96->5432d864-00a4-4faa-be9e-870a49a37102-GrpcLogAppender: appendEntries Timeout, request=314f41d3-e6bb-4e9d-a30b-79c862990eb1->5432d864-00a4-4faa-be9e-870a49a37102#34-t6, previous=(t:6, i:10), leaderCommit=10, initializing? false, entries: <empty>
2019-10-20 12:58:53,584 [Thread-428] INFO  client.GrpcClientProtocolService (GrpcClientProtocolService.java:lambda$processClientRequest$0(278)) - Failed RaftClientRequest:client-5F43918617A9->314f41d3-e6bb-4e9d-a30b-79c862990eb1@group-40D367ECEF96, cid=10, seq=0, Watch-ALL_COMMITTED(6), Message:<EMPTY>, reply=RaftClientReply:client-5F43918617A9->314f41d3-e6bb-4e9d-a30b-79c862990eb1@group-40D367ECEF96, cid=10, FAILED org.apache.ratis.protocol.NotReplicatedException: Request with call Id 10 and log index 6 is not yet replicated to ALL_COMMITTED, logIndex=6, commits[314f41d3-e6bb-4e9d-a30b-79c862990eb1:c10, 5432d864-00a4-4faa-be9e-870a49a37102:c4, 12b54cff-467e-45e9-ac2a-409cdcf2b905:c10]
2019-10-20 12:58:53,692 [EventQueue-ContainerReportForContainerReportHandler] WARN  container.ContainerReportHandler (AbstractContainerReportHandler.java:updateContainerState(145)) - Container #1 is in OPEN state, but the datanode 314f41d3-e6bb-4e9d-a30b-79c862990eb1{ip: 192.168.157.204, host: pr-hdds-2337-fjsvx-2218173377, networkLocation: /default-rack, certSerialId: null} reports an CLOSED replica.
2019-10-20 12:58:53,728 [EventQueue-ContainerReportForContainerReportHandler] WARN  container.ContainerReportHandler (AbstractContainerReportHandler.java:updateContainerState(145)) - Container #1 is in OPEN state, but the datanode 12b54cff-467e-45e9-ac2a-409cdcf2b905{ip: 192.168.157.204, host: pr-hdds-2337-fjsvx-2218173377, networkLocation: /default-rack, certSerialId: null} reports an CLOSED replica.
2019-10-20 12:58:53,992 [EventQueue-ContainerReportForContainerReportHandler] WARN  container.ContainerReportHandler (AbstractContainerReportHandler.java:updateContainerState(145)) - Container #1 is in OPEN state, but the datanode 314f41d3-e6bb-4e9d-a30b-79c862990eb1{ip: 192.168.157.204, host: pr-hdds-2337-fjsvx-2218173377, networkLocation: /default-rack, certSerialId: null} reports an CLOSED replica.
2019-10-20 12:58:54,128 [EventQueue-ContainerReportForContainerReportHandler] WARN  container.ContainerReportHandler (AbstractContainerReportHandler.java:updateContainerState(145)) - Container #1 is in OPEN state, but the datanode 12b54cff-467e-45e9-ac2a-409cdcf2b905{ip: 192.168.157.204, host: pr-hdds-2337-fjsvx-2218173377, networkLocation: /default-rack, certSerialId: null} reports an CLOSED replica.
2019-10-20 12:58:54,293 [EventQueue-ContainerReportForContainerReportHandler] WARN  container.ContainerReportHandler (AbstractContainerReportHandler.java:updateContainerState(145)) - Container #1 is in OPEN state, but the datanode 314f41d3-e6bb-4e9d-a30b-79c862990eb1{ip: 192.168.157.204, host: pr-hdds-2337-fjsvx-2218173377, networkLocation: /default-rack, certSerialId: null} reports an CLOSED replica.
2019-10-20 12:58:54,300 [BlockDeletingService#2] WARN  background.BlockDeletingService (BlockDeletingService.java:isDeletionAllowed(187)) - Close Container log Index 6 is not replicated across allthe servers in the pipeline c8578440-42c5-4fb7-aa2b-40d367ecef96 as the min replicated index is 4. Deletion is not allowed in this container yet.
2019-10-20 12:58:54,302 [BlockDeletingService#2] WARN  background.BlockDeletingService (BlockDeletingService.java:isDeletionAllowed(187)) - Close Container log Index 6 is not replicated across allthe servers in the pipeline c8578440-42c5-4fb7-aa2b-40d367ecef96 as the min replicated index is 4. Deletion is not allowed in this container yet.
2019-10-20 12:58:54,329 [EventQueue-ContainerReportForContainerReportHandler] WARN  container.ContainerReportHandler (AbstractContainerReportHandler.java:updateContainerState(145)) - Container #1 is in OPEN state, but the datanode 12b54cff-467e-45e9-ac2a-409cdcf2b905{ip: 192.168.157.204, host: pr-hdds-2337-fjsvx-2218173377, networkLocation: /default-rack, certSerialId: null} reports an CLOSED replica.
2019-10-20 12:58:54,593 [EventQueue-ContainerReportForContainerReportHandler] WARN  container.ContainerReportHandler (AbstractContainerReportHandler.java:updateContainerState(145)) - Container #1 is in OPEN state, but the datanode 314f41d3-e6bb-4e9d-a30b-79c862990eb1{ip: 192.168.157.204, host: pr-hdds-2337-fjsvx-2218173377, networkLocation: /default-rack, certSerialId: null} reports an CLOSED replica.
2019-10-20 12:58:54,729 [EventQueue-ContainerReportForContainerReportHandler] WARN  container.ContainerReportHandler (AbstractContainerReportHandler.java:updateContainerState(145)) - Container #1 is in OPEN state, but the datanode 12b54cff-467e-45e9-ac2a-409cdcf2b905{ip: 192.168.157.204, host: pr-hdds-2337-fjsvx-2218173377, networkLocation: /default-rack, certSerialId: null} reports an CLOSED replica.
2019-10-20 12:58:54,793 [EventQueue-ContainerReportForContainerReportHandler] WARN  container.ContainerReportHandler (AbstractContainerReportHandler.java:updateContainerState(145)) - Container #1 is in OPEN state, but the datanode 314f41d3-e6bb-4e9d-a30b-79c862990eb1{ip: 192.168.157.204, host: pr-hdds-2337-fjsvx-2218173377, networkLocation: /default-rack, certSerialId: null} reports an CLOSED replica.
2019-10-20 12:58:54,993 [EventQueue-ContainerReportForContainerReportHandler] WARN  container.ContainerReportHandler (AbstractContainerReportHandler.java:updateContainerState(145)) - Container #1 is in OPEN state, but the datanode 314f41d3-e6bb-4e9d-a30b-79c862990eb1{ip: 192.168.157.204, host: pr-hdds-2337-fjsvx-2218173377, networkLocation: /default-rack, certSerialId: null} reports an CLOSED replica.
2019-10-20 12:58:55,029 [EventQueue-ContainerReportForContainerReportHandler] WARN  container.ContainerReportHandler (AbstractContainerReportHandler.java:updateContainerState(145)) - Container #1 is in OPEN state, but the datanode 12b54cff-467e-45e9-ac2a-409cdcf2b905{ip: 192.168.157.204, host: pr-hdds-2337-fjsvx-2218173377, networkLocation: /default-rack, certSerialId: null} reports an CLOSED replica.
2019-10-20 12:58:55,230 [EventQueue-ContainerReportForContainerReportHandler] WARN  container.ContainerReportHandler (AbstractContainerReportHandler.java:updateContainerState(145)) - Container #1 is in OPEN state, but the datanode 12b54cff-467e-45e9-ac2a-409cdcf2b905{ip: 192.168.157.204, host: pr-hdds-2337-fjsvx-2218173377, networkLocation: /default-rack, certSerialId: null} reports an CLOSED replica.
2019-10-20 12:58:55,303 [BlockDeletingService#2] WARN  background.BlockDeletingService (BlockDeletingService.java:isDeletionAllowed(187)) - Close Container log Index 6 is not replicated across allthe servers in the pipeline c8578440-42c5-4fb7-aa2b-40d367ecef96 as the min replicated index is 4. Deletion is not allowed in this container yet.
2019-10-20 12:58:55,303 [BlockDeletingService#2] WARN  background.BlockDeletingService (BlockDeletingService.java:isDeletionAllowed(187)) - Close Container log Index 6 is not replicated across allthe servers in the pipeline c8578440-42c5-4fb7-aa2b-40d367ecef96 as the min replicated index is 4. Deletion is not allowed in this container yet.
2019-10-20 12:58:55,394 [EventQueue-ContainerReportForContainerReportHandler] WARN  container.ContainerReportHandler (AbstractContainerReportHandler.java:updateContainerState(145)) - Container #1 is in OPEN state, but the datanode 314f41d3-e6bb-4e9d-a30b-79c862990eb1{ip: 192.168.157.204, host: pr-hdds-2337-fjsvx-2218173377, networkLocation: /default-rack, certSerialId: null} reports an CLOSED replica.
2019-10-20 12:58:55,631 [EventQueue-ContainerReportForContainerReportHandler] WARN  container.ContainerReportHandler (AbstractContainerReportHandler.java:updateContainerState(145)) - Container #1 is in OPEN state, but the datanode 12b54cff-467e-45e9-ac2a-409cdcf2b905{ip: 192.168.157.204, host: pr-hdds-2337-fjsvx-2218173377, networkLocation: /default-rack, certSerialId: null} reports an CLOSED replica.
2019-10-20 12:58:55,694 [EventQueue-ContainerReportForContainerReportHandler] WARN  container.ContainerReportHandler (AbstractContainerReportHandler.java:updateContainerState(145)) - Container #1 is in OPEN state, but the datanode 314f41d3-e6bb-4e9d-a30b-79c862990eb1{ip: 192.168.157.204, host: pr-hdds-2337-fjsvx-2218173377, networkLocation: /default-rack, certSerialId: null} reports an CLOSED replica.
2019-10-20 12:58:55,931 [EventQueue-ContainerReportForContainerReportHandler] WARN  container.ContainerReportHandler (AbstractContainerReportHandler.java:updateContainerState(145)) - Container #1 is in OPEN state, but the datanode 12b54cff-467e-45e9-ac2a-409cdcf2b905{ip: 192.168.157.204, host: pr-hdds-2337-fjsvx-2218173377, networkLocation: /default-rack, certSerialId: null} reports an CLOSED replica.
2019-10-20 12:58:55,941 [java.util.concurrent.ThreadPoolExecutor$Worker@25aa6eee[State = -1, empty queue]] WARN  server.GrpcLogAppender (GrpcLogAppender.java:timeoutAppendRequest(209)) - 314f41d3-e6bb-4e9d-a30b-79c862990eb1@group-40D367ECEF96->5432d864-00a4-4faa-be9e-870a49a37102-GrpcLogAppender: appendEntries Timeout, request=314f41d3-e6bb-4e9d-a30b-79c862990eb1->5432d864-00a4-4faa-be9e-870a49a37102#35-t6, previous=(t:6, i:10), leaderCommit=10, initializing? false, entries: <empty>
2019-10-20 12:58:56,094 [EventQueue-ContainerReportForContainerReportHandler] WARN  container.ContainerReportHandler (AbstractContainerReportHandler.java:updateContainerState(145)) - Container #1 is in OPEN state, but the datanode 314f41d3-e6bb-4e9d-a30b-79c862990eb1{ip: 192.168.157.204, host: pr-hdds-2337-fjsvx-2218173377, networkLocation: /default-rack, certSerialId: null} reports an CLOSED replica.
2019-10-20 12:58:56,132 [EventQueue-ContainerReportForContainerReportHandler] WARN  container.ContainerReportHandler (AbstractContainerReportHandler.java:updateContainerState(145)) - Container #1 is in OPEN state, but the datanode 12b54cff-467e-45e9-ac2a-409cdcf2b905{ip: 192.168.157.204, host: pr-hdds-2337-fjsvx-2218173377, networkLocation: /default-rack, certSerialId: null} reports an CLOSED replica.
2019-10-20 12:58:56,305 [BlockDeletingService#2] WARN  background.BlockDeletingService (BlockDeletingService.java:isDeletionAllowed(187)) - Close Container log Index 6 is not replicated across allthe servers in the pipeline c8578440-42c5-4fb7-aa2b-40d367ecef96 as the min replicated index is 4. Deletion is not allowed in this container yet.
2019-10-20 12:58:56,305 [BlockDeletingService#2] WARN  background.BlockDeletingService (BlockDeletingService.java:isDeletionAllowed(187)) - Close Container log Index 6 is not replicated across allthe servers in the pipeline c8578440-42c5-4fb7-aa2b-40d367ecef96 as the min replicated index is 4. Deletion is not allowed in this container yet.
2019-10-20 12:58:56,332 [EventQueue-ContainerReportForContainerReportHandler] WARN  container.ContainerReportHandler (AbstractContainerReportHandler.java:updateContainerState(145)) - Container #1 is in OPEN state, but the datanode 12b54cff-467e-45e9-ac2a-409cdcf2b905{ip: 192.168.157.204, host: pr-hdds-2337-fjsvx-2218173377, networkLocation: /default-rack, certSerialId: null} reports an CLOSED replica.
2019-10-20 12:58:56,394 [EventQueue-ContainerReportForContainerReportHandler] WARN  container.ContainerReportHandler (AbstractContainerReportHandler.java:updateContainerState(145)) - Container #1 is in OPEN state, but the datanode 314f41d3-e6bb-4e9d-a30b-79c862990eb1{ip: 192.168.157.204, host: pr-hdds-2337-fjsvx-2218173377, networkLocation: /default-rack, certSerialId: null} reports an CLOSED replica.
2019-10-20 12:58:56,632 [EventQueue-ContainerReportForContainerReportHandler] WARN  container.ContainerReportHandler (AbstractContainerReportHandler.java:updateContainerState(145)) - Container #1 is in OPEN state, but the datanode 12b54cff-467e-45e9-ac2a-409cdcf2b905{ip: 192.168.157.204, host: pr-hdds-2337-fjsvx-2218173377, networkLocation: /default-rack, certSerialId: null} reports an CLOSED replica.
2019-10-20 12:58:56,794 [EventQueue-ContainerReportForContainerReportHandler] WARN  container.ContainerReportHandler (AbstractContainerReportHandler.java:updateContainerState(145)) - Container #1 is in OPEN state, but the datanode 314f41d3-e6bb-4e9d-a30b-79c862990eb1{ip: 192.168.157.204, host: pr-hdds-2337-fjsvx-2218173377, networkLocation: /default-rack, certSerialId: null} reports an CLOSED replica.
2019-10-20 12:58:56,832 [EventQueue-ContainerReportForContainerReportHandler] WARN  container.ContainerReportHandler (AbstractContainerReportHandler.java:updateContainerState(145)) - Container #1 is in OPEN state, but the datanode 12b54cff-467e-45e9-ac2a-409cdcf2b905{ip: 192.168.157.204, host: pr-hdds-2337-fjsvx-2218173377, networkLocation: /default-rack, certSerialId: null} reports an CLOSED replica.
2019-10-20 12:58:57,032 [EventQueue-ContainerReportForContainerReportHandler] WARN  container.ContainerReportHandler (AbstractContainerReportHandler.java:updateContainerState(145)) - Container #1 is in OPEN state, but the datanode 12b54cff-467e-45e9-ac2a-409cdcf2b905{ip: 192.168.157.204, host: pr-hdds-2337-fjsvx-2218173377, networkLocation: /default-rack, certSerialId: null} reports an CLOSED replica.
2019-10-20 12:58:57,094 [EventQueue-ContainerReportForContainerReportHandler] WARN  container.ContainerReportHandler (AbstractContainerReportHandler.java:updateContainerState(145)) - Container #1 is in OPEN state, but the datanode 314f41d3-e6bb-4e9d-a30b-79c862990eb1{ip: 192.168.157.204, host: pr-hdds-2337-fjsvx-2218173377, networkLocation: /default-rack, certSerialId: null} reports an CLOSED replica.
2019-10-20 12:58:57,294 [EventQueue-ContainerReportForContainerReportHandler] WARN  container.ContainerReportHandler (AbstractContainerReportHandler.java:updateContainerState(145)) - Container #1 is in OPEN state, but the datanode 314f41d3-e6bb-4e9d-a30b-79c862990eb1{ip: 192.168.157.204, host: pr-hdds-2337-fjsvx-2218173377, networkLocation: /default-rack, certSerialId: null} reports an CLOSED replica.
2019-10-20 12:58:57,307 [BlockDeletingService#2] WARN  background.BlockDeletingService (BlockDeletingService.java:isDeletionAllowed(187)) - Close Container log Index 6 is not replicated across allthe servers in the pipeline c8578440-42c5-4fb7-aa2b-40d367ecef96 as the min replicated index is 4. Deletion is not allowed in this container yet.
2019-10-20 12:58:57,307 [BlockDeletingService#2] WARN  background.BlockDeletingService (BlockDeletingService.java:isDeletionAllowed(187)) - Close Container log Index 6 is not replicated across allthe servers in the pipeline c8578440-42c5-4fb7-aa2b-40d367ecef96 as the min replicated index is 4. Deletion is not allowed in this container yet.
2019-10-20 12:58:57,432 [EventQueue-ContainerReportForContainerReportHandler] WARN  container.ContainerReportHandler (AbstractContainerReportHandler.java:updateContainerState(145)) - Container #1 is in OPEN state, but the datanode 12b54cff-467e-45e9-ac2a-409cdcf2b905{ip: 192.168.157.204, host: pr-hdds-2337-fjsvx-2218173377, networkLocation: /default-rack, certSerialId: null} reports an CLOSED replica.
2019-10-20 12:58:57,694 [EventQueue-ContainerReportForContainerReportHandler] WARN  container.ContainerReportHandler (AbstractContainerReportHandler.java:updateContainerState(145)) - Container #1 is in OPEN state, but the datanode 314f41d3-e6bb-4e9d-a30b-79c862990eb1{ip: 192.168.157.204, host: pr-hdds-2337-fjsvx-2218173377, networkLocation: /default-rack, certSerialId: null} reports an CLOSED replica.
2019-10-20 12:58:57,733 [EventQueue-ContainerReportForContainerReportHandler] WARN  container.ContainerReportHandler (AbstractContainerReportHandler.java:updateContainerState(145)) - Container #1 is in OPEN state, but the datanode 12b54cff-467e-45e9-ac2a-409cdcf2b905{ip: 192.168.157.204, host: pr-hdds-2337-fjsvx-2218173377, networkLocation: /default-rack, certSerialId: null} reports an CLOSED replica.
2019-10-20 12:58:57,933 [EventQueue-ContainerReportForContainerReportHandler] WARN  container.ContainerReportHandler (AbstractContainerReportHandler.java:updateContainerState(145)) - Container #1 is in OPEN state, but the datanode 12b54cff-467e-45e9-ac2a-409cdcf2b905{ip: 192.168.157.204, host: pr-hdds-2337-fjsvx-2218173377, networkLocation: /default-rack, certSerialId: null} reports an CLOSED replica.
2019-10-20 12:58:58,094 [EventQueue-ContainerReportForContainerReportHandler] WARN  container.ContainerReportHandler (AbstractContainerReportHandler.java:updateContainerState(145)) - Container #1 is in OPEN state, but the datanode 314f41d3-e6bb-4e9d-a30b-79c862990eb1{ip: 192.168.157.204, host: pr-hdds-2337-fjsvx-2218173377, networkLocation: /default-rack, certSerialId: null} reports an CLOSED replica.
2019-10-20 12:58:58,309 [BlockDeletingService#2] WARN  background.BlockDeletingService (BlockDeletingService.java:isDeletionAllowed(187)) - Close Container log Index 6 is not replicated across allthe servers in the pipeline c8578440-42c5-4fb7-aa2b-40d367ecef96 as the min replicated index is 4. Deletion is not allowed in this container yet.
2019-10-20 12:58:58,309 [BlockDeletingService#2] WARN  background.BlockDeletingService (BlockDeletingService.java:isDeletionAllowed(187)) - Close Container log Index 6 is not replicated across allthe servers in the pipeline c8578440-42c5-4fb7-aa2b-40d367ecef96 as the min replicated index is 4. Deletion is not allowed in this container yet.
2019-10-20 12:58:58,333 [EventQueue-ContainerReportForContainerReportHandler] WARN  container.ContainerReportHandler (AbstractContainerReportHandler.java:updateContainerState(145)) - Container #1 is in OPEN state, but the datanode 12b54cff-467e-45e9-ac2a-409cdcf2b905{ip: 192.168.157.204, host: pr-hdds-2337-fjsvx-2218173377, networkLocation: /default-rack, certSerialId: null} reports an CLOSED replica.
2019-10-20 12:58:58,394 [EventQueue-ContainerReportForContainerReportHandler] WARN  container.ContainerReportHandler (AbstractContainerReportHandler.java:updateContainerState(145)) - Container #1 is in OPEN state, but the datanode 314f41d3-e6bb-4e9d-a30b-79c862990eb1{ip: 192.168.157.204, host: pr-hdds-2337-fjsvx-2218173377, networkLocation: /default-rack, certSerialId: null} reports an CLOSED replica.
2019-10-20 12:58:58,441 [java.util.concurrent.ThreadPoolExecutor$Worker@25aa6eee[State = -1, empty queue]] WARN  server.GrpcLogAppender (GrpcLogAppender.java:timeoutAppendRequest(209)) - 314f41d3-e6bb-4e9d-a30b-79c862990eb1@group-40D367ECEF96->5432d864-00a4-4faa-be9e-870a49a37102-GrpcLogAppender: appendEntries Timeout, request=314f41d3-e6bb-4e9d-a30b-79c862990eb1->5432d864-00a4-4faa-be9e-870a49a37102#36-t6, previous=(t:6, i:10), leaderCommit=10, initializing? false, entries: <empty>
2019-10-20 12:58:58,533 [EventQueue-ContainerReportForContainerReportHandler] WARN  container.ContainerReportHandler (AbstractContainerReportHandler.java:updateContainerState(145)) - Container #1 is in OPEN state, but the datanode 12b54cff-467e-45e9-ac2a-409cdcf2b905{ip: 192.168.157.204, host: pr-hdds-2337-fjsvx-2218173377, networkLocation: /default-rack, certSerialId: null} reports an CLOSED replica.
2019-10-20 12:58:58,794 [EventQueue-ContainerReportForContainerReportHandler] WARN  container.ContainerReportHandler (AbstractContainerReportHandler.java:updateContainerState(145)) - Container #1 is in OPEN state, but the datanode 314f41d3-e6bb-4e9d-a30b-79c862990eb1{ip: 192.168.157.204, host: pr-hdds-2337-fjsvx-2218173377, networkLocation: /default-rack, certSerialId: null} reports an CLOSED replica.
2019-10-20 12:58:58,833 [EventQueue-ContainerReportForContainerReportHandler] WARN  container.ContainerReportHandler (AbstractContainerReportHandler.java:updateContainerState(145)) - Container #1 is in OPEN state, but the datanode 12b54cff-467e-45e9-ac2a-409cdcf2b905{ip: 192.168.157.204, host: pr-hdds-2337-fjsvx-2218173377, networkLocation: /default-rack, certSerialId: null} reports an CLOSED replica.
2019-10-20 12:58:59,133 [EventQueue-ContainerReportForContainerReportHandler] WARN  container.ContainerReportHandler (AbstractContainerReportHandler.java:updateContainerState(145)) - Container #1 is in OPEN state, but the datanode 12b54cff-467e-45e9-ac2a-409cdcf2b905{ip: 192.168.157.204, host: pr-hdds-2337-fjsvx-2218173377, networkLocation: /default-rack, certSerialId: null} reports an CLOSED replica.
2019-10-20 12:58:59,195 [EventQueue-ContainerReportForContainerReportHandler] WARN  container.ContainerReportHandler (AbstractContainerReportHandler.java:updateContainerState(145)) - Container #1 is in OPEN state, but the datanode 314f41d3-e6bb-4e9d-a30b-79c862990eb1{ip: 192.168.157.204, host: pr-hdds-2337-fjsvx-2218173377, networkLocation: /default-rack, certSerialId: null} reports an CLOSED replica.
2019-10-20 12:58:59,312 [BlockDeletingService#2] WARN  background.BlockDeletingService (BlockDeletingService.java:isDeletionAllowed(187)) - Close Container log Index 6 is not replicated across allthe servers in the pipeline c8578440-42c5-4fb7-aa2b-40d367ecef96 as the min replicated index is 4. Deletion is not allowed in this container yet.
2019-10-20 12:58:59,312 [BlockDeletingService#2] WARN  background.BlockDeletingService (BlockDeletingService.java:isDeletionAllowed(187)) - Close Container log Index 6 is not replicated across allthe servers in the pipeline c8578440-42c5-4fb7-aa2b-40d367ecef96 as the min replicated index is 4. Deletion is not allowed in this container yet.
2019-10-20 12:58:59,497 [EventQueue-ContainerReportForContainerReportHandler] WARN  container.ContainerReportHandler (AbstractContainerReportHandler.java:updateContainerState(145)) - Container #1 is in OPEN state, but the datanode 314f41d3-e6bb-4e9d-a30b-79c862990eb1{ip: 192.168.157.204, host: pr-hdds-2337-fjsvx-2218173377, networkLocation: /default-rack, certSerialId: null} reports an CLOSED replica.
2019-10-20 12:58:59,533 [EventQueue-ContainerReportForContainerReportHandler] WARN  container.ContainerReportHandler (AbstractContainerReportHandler.java:updateContainerState(145)) - Container #1 is in OPEN state, but the datanode 12b54cff-467e-45e9-ac2a-409cdcf2b905{ip: 192.168.157.204, host: pr-hdds-2337-fjsvx-2218173377, networkLocation: /default-rack, certSerialId: null} reports an CLOSED replica.
2019-10-20 12:58:59,798 [EventQueue-ContainerReportForContainerReportHandler] WARN  container.ContainerReportHandler (AbstractContainerReportHandler.java:updateContainerState(145)) - Container #1 is in OPEN state, but the datanode 314f41d3-e6bb-4e9d-a30b-79c862990eb1{ip: 192.168.157.204, host: pr-hdds-2337-fjsvx-2218173377, networkLocation: /default-rack, certSerialId: null} reports an CLOSED replica.
2019-10-20 12:58:59,834 [EventQueue-ContainerReportForContainerReportHandler] WARN  container.ContainerReportHandler (AbstractContainerReportHandler.java:updateContainerState(145)) - Container #1 is in OPEN state, but the datanode 12b54cff-467e-45e9-ac2a-409cdcf2b905{ip: 192.168.157.204, host: pr-hdds-2337-fjsvx-2218173377, networkLocation: /default-rack, certSerialId: null} reports an CLOSED replica.
2019-10-20 12:58:59,998 [EventQueue-ContainerReportForContainerReportHandler] WARN  container.ContainerReportHandler (AbstractContainerReportHandler.java:updateContainerState(145)) - Container #1 is in OPEN state, but the datanode 314f41d3-e6bb-4e9d-a30b-79c862990eb1{ip: 192.168.157.204, host: pr-hdds-2337-fjsvx-2218173377, networkLocation: /default-rack, certSerialId: null} reports an CLOSED replica.
2019-10-20 12:59:00,134 [EventQueue-ContainerReportForContainerReportHandler] WARN  container.ContainerReportHandler (AbstractContainerReportHandler.java:updateContainerState(145)) - Container #1 is in OPEN state, but the datanode 12b54cff-467e-45e9-ac2a-409cdcf2b905{ip: 192.168.157.204, host: pr-hdds-2337-fjsvx-2218173377, networkLocation: /default-rack, certSerialId: null} reports an CLOSED replica.
2019-10-20 12:59:00,198 [EventQueue-ContainerReportForContainerReportHandler] WARN  container.ContainerReportHandler (AbstractContainerReportHandler.java:updateContainerState(145)) - Container #1 is in OPEN state, but the datanode 314f41d3-e6bb-4e9d-a30b-79c862990eb1{ip: 192.168.157.204, host: pr-hdds-2337-fjsvx-2218173377, networkLocation: /default-rack, certSerialId: null} reports an CLOSED replica.
2019-10-20 12:59:00,313 [BlockDeletingService#2] WARN  background.BlockDeletingService (BlockDeletingService.java:isDeletionAllowed(187)) - Close Container log Index 6 is not replicated across allthe servers in the pipeline c8578440-42c5-4fb7-aa2b-40d367ecef96 as the min replicated index is 4. Deletion is not allowed in this container yet.
2019-10-20 12:59:00,313 [BlockDeletingService#2] WARN  background.BlockDeletingService (BlockDeletingService.java:isDeletionAllowed(187)) - Close Container log Index 6 is not replicated across allthe servers in the pipeline c8578440-42c5-4fb7-aa2b-40d367ecef96 as the min replicated index is 4. Deletion is not allowed in this container yet.
2019-10-20 12:59:00,434 [EventQueue-ContainerReportForContainerReportHandler] WARN  container.ContainerReportHandler (AbstractContainerReportHandler.java:updateContainerState(145)) - Container #1 is in OPEN state, but the datanode 12b54cff-467e-45e9-ac2a-409cdcf2b905{ip: 192.168.157.204, host: pr-hdds-2337-fjsvx-2218173377, networkLocation: /default-rack, certSerialId: null} reports an CLOSED replica.
2019-10-20 12:59:00,598 [EventQueue-ContainerReportForContainerReportHandler] WARN  container.ContainerReportHandler (AbstractContainerReportHandler.java:updateContainerState(145)) - Container #1 is in OPEN state, but the datanode 314f41d3-e6bb-4e9d-a30b-79c862990eb1{ip: 192.168.157.204, host: pr-hdds-2337-fjsvx-2218173377, networkLocation: /default-rack, certSerialId: null} reports an CLOSED replica.
2019-10-20 12:59:00,634 [EventQueue-ContainerReportForContainerReportHandler] WARN  container.ContainerReportHandler (AbstractContainerReportHandler.java:updateContainerState(145)) - Container #1 is in OPEN state, but the datanode 12b54cff-467e-45e9-ac2a-409cdcf2b905{ip: 192.168.157.204, host: pr-hdds-2337-fjsvx-2218173377, networkLocation: /default-rack, certSerialId: null} reports an CLOSED replica.
2019-10-20 12:59:00,798 [EventQueue-ContainerReportForContainerReportHandler] WARN  container.ContainerReportHandler (AbstractContainerReportHandler.java:updateContainerState(145)) - Container #1 is in OPEN state, but the datanode 314f41d3-e6bb-4e9d-a30b-79c862990eb1{ip: 192.168.157.204, host: pr-hdds-2337-fjsvx-2218173377, networkLocation: /default-rack, certSerialId: null} reports an CLOSED replica.
2019-10-20 12:59:00,834 [EventQueue-ContainerReportForContainerReportHandler] WARN  container.ContainerReportHandler (AbstractContainerReportHandler.java:updateContainerState(145)) - Container #1 is in OPEN state, but the datanode 12b54cff-467e-45e9-ac2a-409cdcf2b905{ip: 192.168.157.204, host: pr-hdds-2337-fjsvx-2218173377, networkLocation: /default-rack, certSerialId: null} reports an CLOSED replica.
2019-10-20 12:59:00,943 [java.util.concurrent.ThreadPoolExecutor$Worker@25aa6eee[State = -1, empty queue]] WARN  server.GrpcLogAppender (GrpcLogAppender.java:timeoutAppendRequest(209)) - 314f41d3-e6bb-4e9d-a30b-79c862990eb1@group-40D367ECEF96->5432d864-00a4-4faa-be9e-870a49a37102-GrpcLogAppender: appendEntries Timeout, request=314f41d3-e6bb-4e9d-a30b-79c862990eb1->5432d864-00a4-4faa-be9e-870a49a37102#37-t6, previous=(t:6, i:10), leaderCommit=10, initializing? false, entries: <empty>
2019-10-20 12:59:01,056 [Thread-448] INFO  client.GrpcClientProtocolService (GrpcClientProtocolService.java:lambda$processClientRequest$0(278)) - Failed RaftClientRequest:client-5F43918617A9->12b54cff-467e-45e9-ac2a-409cdcf2b905@group-40D367ECEF96, cid=10, seq=0, Watch-ALL_COMMITTED(6), Message:<EMPTY>, reply=RaftClientReply:client-5F43918617A9->12b54cff-467e-45e9-ac2a-409cdcf2b905@group-40D367ECEF96, cid=10, FAILED org.apache.ratis.protocol.NotLeaderException: Server 12b54cff-467e-45e9-ac2a-409cdcf2b905@group-40D367ECEF96 is not the leader 314f41d3-e6bb-4e9d-a30b-79c862990eb1:192.168.157.204:38880, logIndex=0, commits[12b54cff-467e-45e9-ac2a-409cdcf2b905:c10, 5432d864-00a4-4faa-be9e-870a49a37102:c4, 314f41d3-e6bb-4e9d-a30b-79c862990eb1:c10]
2019-10-20 12:59:01,098 [EventQueue-ContainerReportForContainerReportHandler] WARN  container.ContainerReportHandler (AbstractContainerReportHandler.java:updateContainerState(145)) - Container #1 is in OPEN state, but the datanode 314f41d3-e6bb-4e9d-a30b-79c862990eb1{ip: 192.168.157.204, host: pr-hdds-2337-fjsvx-2218173377, networkLocation: /default-rack, certSerialId: null} reports an CLOSED replica.
2019-10-20 12:59:01,135 [EventQueue-ContainerReportForContainerReportHandler] WARN  container.ContainerReportHandler (AbstractContainerReportHandler.java:updateContainerState(145)) - Container #1 is in OPEN state, but the datanode 12b54cff-467e-45e9-ac2a-409cdcf2b905{ip: 192.168.157.204, host: pr-hdds-2337-fjsvx-2218173377, networkLocation: /default-rack, certSerialId: null} reports an CLOSED replica.
2019-10-20 12:59:01,315 [BlockDeletingService#2] WARN  background.BlockDeletingService (BlockDeletingService.java:isDeletionAllowed(187)) - Close Container log Index 6 is not replicated across allthe servers in the pipeline c8578440-42c5-4fb7-aa2b-40d367ecef96 as the min replicated index is 4. Deletion is not allowed in this container yet.
2019-10-20 12:59:01,315 [BlockDeletingService#2] WARN  background.BlockDeletingService (BlockDeletingService.java:isDeletionAllowed(187)) - Close Container log Index 6 is not replicated across allthe servers in the pipeline c8578440-42c5-4fb7-aa2b-40d367ecef96 as the min replicated index is 4. Deletion is not allowed in this container yet.
2019-10-20 12:59:01,335 [EventQueue-ContainerReportForContainerReportHandler] WARN  container.ContainerReportHandler (AbstractContainerReportHandler.java:updateContainerState(145)) - Container #1 is in OPEN state, but the datanode 12b54cff-467e-45e9-ac2a-409cdcf2b905{ip: 192.168.157.204, host: pr-hdds-2337-fjsvx-2218173377, networkLocation: /default-rack, certSerialId: null} reports an CLOSED replica.
2019-10-20 12:59:01,498 [EventQueue-ContainerReportForContainerReportHandler] WARN  container.ContainerReportHandler (AbstractContainerReportHandler.java:updateContainerState(145)) - Container #1 is in OPEN state, but the datanode 314f41d3-e6bb-4e9d-a30b-79c862990eb1{ip: 192.168.157.204, host: pr-hdds-2337-fjsvx-2218173377, networkLocation: /default-rack, certSerialId: null} reports an CLOSED replica.
2019-10-20 12:59:01,698 [EventQueue-ContainerReportForContainerReportHandler] WARN  container.ContainerReportHandler (AbstractContainerReportHandler.java:updateContainerState(145)) - Container #1 is in OPEN state, but the datanode 314f41d3-e6bb-4e9d-a30b-79c862990eb1{ip: 192.168.157.204, host: pr-hdds-2337-fjsvx-2218173377, networkLocation: /default-rack, certSerialId: null} reports an CLOSED replica.
2019-10-20 12:59:01,735 [EventQueue-ContainerReportForContainerReportHandler] WARN  container.ContainerReportHandler (AbstractContainerReportHandler.java:updateContainerState(145)) - Container #1 is in OPEN state, but the datanode 12b54cff-467e-45e9-ac2a-409cdcf2b905{ip: 192.168.157.204, host: pr-hdds-2337-fjsvx-2218173377, networkLocation: /default-rack, certSerialId: null} reports an CLOSED replica.
2019-10-20 12:59:01,999 [EventQueue-ContainerReportForContainerReportHandler] WARN  container.ContainerReportHandler (AbstractContainerReportHandler.java:updateContainerState(145)) - Container #1 is in OPEN state, but the datanode 314f41d3-e6bb-4e9d-a30b-79c862990eb1{ip: 192.168.157.204, host: pr-hdds-2337-fjsvx-2218173377, networkLocation: /default-rack, certSerialId: null} reports an CLOSED replica.
2019-10-20 12:59:02,035 [EventQueue-ContainerReportForContainerReportHandler] WARN  container.ContainerReportHandler (AbstractContainerReportHandler.java:updateContainerState(145)) - Container #1 is in OPEN state, but the datanode 12b54cff-467e-45e9-ac2a-409cdcf2b905{ip: 192.168.157.204, host: pr-hdds-2337-fjsvx-2218173377, networkLocation: /default-rack, certSerialId: null} reports an CLOSED replica.
2019-10-20 12:59:02,198 [EventQueue-ContainerReportForContainerReportHandler] WARN  container.ContainerReportHandler (AbstractContainerReportHandler.java:updateContainerState(145)) - Container #1 is in OPEN state, but the datanode 314f41d3-e6bb-4e9d-a30b-79c862990eb1{ip: 192.168.157.204, host: pr-hdds-2337-fjsvx-2218173377, networkLocation: /default-rack, certSerialId: null} reports an CLOSED replica.
2019-10-20 12:59:02,235 [EventQueue-ContainerReportForContainerReportHandler] WARN  container.ContainerReportHandler (AbstractContainerReportHandler.java:updateContainerState(145)) - Container #1 is in OPEN state, but the datanode 12b54cff-467e-45e9-ac2a-409cdcf2b905{ip: 192.168.157.204, host: pr-hdds-2337-fjsvx-2218173377, networkLocation: /default-rack, certSerialId: null} reports an CLOSED replica.
2019-10-20 12:59:02,317 [BlockDeletingService#2] WARN  background.BlockDeletingService (BlockDeletingService.java:isDeletionAllowed(187)) - Close Container log Index 6 is not replicated across allthe servers in the pipeline c8578440-42c5-4fb7-aa2b-40d367ecef96 as the min replicated index is 4. Deletion is not allowed in this container yet.
2019-10-20 12:59:02,317 [BlockDeletingService#2] WARN  background.BlockDeletingService (BlockDeletingService.java:isDeletionAllowed(187)) - Close Container log Index 6 is not replicated across allthe servers in the pipeline c8578440-42c5-4fb7-aa2b-40d367ecef96 as the min replicated index is 4. Deletion is not allowed in this container yet.
2019-10-20 12:59:02,535 [EventQueue-ContainerReportForContainerReportHandler] WARN  container.ContainerReportHandler (AbstractContainerReportHandler.java:updateContainerState(145)) - Container #1 is in OPEN state, but the datanode 12b54cff-467e-45e9-ac2a-409cdcf2b905{ip: 192.168.157.204, host: pr-hdds-2337-fjsvx-2218173377, networkLocation: /default-rack, certSerialId: null} reports an CLOSED replica.
2019-10-20 12:59:02,584 [Thread-455] INFO  client.GrpcClientProtocolService (GrpcClientProtocolService.java:lambda$processClientRequest$0(278)) - Failed RaftClientRequest:client-5F43918617A9->314f41d3-e6bb-4e9d-a30b-79c862990eb1@group-40D367ECEF96, cid=10, seq=0, Watch-ALL_COMMITTED(6), Message:<EMPTY>, reply=RaftClientReply:client-5F43918617A9->314f41d3-e6bb-4e9d-a30b-79c862990eb1@group-40D367ECEF96, cid=10, FAILED org.apache.ratis.protocol.NotReplicatedException: Request with call Id 10 and log index 6 is not yet replicated to ALL_COMMITTED, logIndex=6, commits[314f41d3-e6bb-4e9d-a30b-79c862990eb1:c10, 5432d864-00a4-4faa-be9e-870a49a37102:c4, 12b54cff-467e-45e9-ac2a-409cdcf2b905:c10]
2019-10-20 12:59:02,598 [EventQueue-ContainerReportForContainerReportHandler] WARN  container.ContainerReportHandler (AbstractContainerReportHandler.java:updateContainerState(145)) - Container #1 is in OPEN state, but the datanode 314f41d3-e6bb-4e9d-a30b-79c862990eb1{ip: 192.168.157.204, host: pr-hdds-2337-fjsvx-2218173377, networkLocation: /default-rack, certSerialId: null} reports an CLOSED replica.
2019-10-20 12:59:02,798 [EventQueue-ContainerReportForContainerReportHandler] WARN  container.ContainerReportHandler (AbstractContainerReportHandler.java:updateContainerState(145)) - Container #1 is in OPEN state, but the datanode 314f41d3-e6bb-4e9d-a30b-79c862990eb1{ip: 192.168.157.204, host: pr-hdds-2337-fjsvx-2218173377, networkLocation: /default-rack, certSerialId: null} reports an CLOSED replica.
2019-10-20 12:59:02,935 [EventQueue-ContainerReportForContainerReportHandler] WARN  container.ContainerReportHandler (AbstractContainerReportHandler.java:updateContainerState(145)) - Container #1 is in OPEN state, but the datanode 12b54cff-467e-45e9-ac2a-409cdcf2b905{ip: 192.168.157.204, host: pr-hdds-2337-fjsvx-2218173377, networkLocation: /default-rack, certSerialId: null} reports an CLOSED replica.
2019-10-20 12:59:03,199 [EventQueue-ContainerReportForContainerReportHandler] WARN  container.ContainerReportHandler (AbstractContainerReportHandler.java:updateContainerState(145)) - Container #1 is in OPEN state, but the datanode 314f41d3-e6bb-4e9d-a30b-79c862990eb1{ip: 192.168.157.204, host: pr-hdds-2337-fjsvx-2218173377, networkLocation: /default-rack, certSerialId: null} reports an CLOSED replica.
2019-10-20 12:59:03,235 [EventQueue-ContainerReportForContainerReportHandler] WARN  container.ContainerReportHandler (AbstractContainerReportHandler.java:updateContainerState(145)) - Container #1 is in OPEN state, but the datanode 12b54cff-467e-45e9-ac2a-409cdcf2b905{ip: 192.168.157.204, host: pr-hdds-2337-fjsvx-2218173377, networkLocation: /default-rack, certSerialId: null} reports an CLOSED replica.
2019-10-20 12:59:03,319 [BlockDeletingService#2] WARN  background.BlockDeletingService (BlockDeletingService.java:isDeletionAllowed(187)) - Close Container log Index 6 is not replicated across allthe servers in the pipeline c8578440-42c5-4fb7-aa2b-40d367ecef96 as the min replicated index is 4. Deletion is not allowed in this container yet.
2019-10-20 12:59:03,319 [BlockDeletingService#2] WARN  background.BlockDeletingService (BlockDeletingService.java:isDeletionAllowed(187)) - Close Container log Index 6 is not replicated across allthe servers in the pipeline c8578440-42c5-4fb7-aa2b-40d367ecef96 as the min replicated index is 4. Deletion is not allowed in this container yet.
2019-10-20 12:59:03,445 [java.util.concurrent.ThreadPoolExecutor$Worker@25aa6eee[State = -1, empty queue]] WARN  server.GrpcLogAppender (GrpcLogAppender.java:timeoutAppendRequest(209)) - 314f41d3-e6bb-4e9d-a30b-79c862990eb1@group-40D367ECEF96->5432d864-00a4-4faa-be9e-870a49a37102-GrpcLogAppender: appendEntries Timeout, request=314f41d3-e6bb-4e9d-a30b-79c862990eb1->5432d864-00a4-4faa-be9e-870a49a37102#38-t6, previous=(t:6, i:10), leaderCommit=10, initializing? false, entries: <empty>
2019-10-20 12:59:03,536 [EventQueue-ContainerReportForContainerReportHandler] WARN  container.ContainerReportHandler (AbstractContainerReportHandler.java:updateContainerState(145)) - Container #1 is in OPEN state, but the datanode 12b54cff-467e-45e9-ac2a-409cdcf2b905{ip: 192.168.157.204, host: pr-hdds-2337-fjsvx-2218173377, networkLocation: /default-rack, certSerialId: null} reports an CLOSED replica.
2019-10-20 12:59:03,599 [EventQueue-ContainerReportForContainerReportHandler] WARN  container.ContainerReportHandler (AbstractContainerReportHandler.java:updateContainerState(145)) - Container #1 is in OPEN state, but the datanode 314f41d3-e6bb-4e9d-a30b-79c862990eb1{ip: 192.168.157.204, host: pr-hdds-2337-fjsvx-2218173377, networkLocation: /default-rack, certSerialId: null} reports an CLOSED replica.
2019-10-20 12:59:03,938 [EventQueue-ContainerReportForContainerReportHandler] WARN  container.ContainerReportHandler (AbstractContainerReportHandler.java:updateContainerState(145)) - Container #1 is in OPEN state, but the datanode 12b54cff-467e-45e9-ac2a-409cdcf2b905{ip: 192.168.157.204, host: pr-hdds-2337-fjsvx-2218173377, networkLocation: /default-rack, certSerialId: null} reports an CLOSED replica.
2019-10-20 12:59:04,000 [EventQueue-ContainerReportForContainerReportHandler] WARN  container.ContainerReportHandler (AbstractContainerReportHandler.java:updateContainerState(145)) - Container #1 is in OPEN state, but the datanode 314f41d3-e6bb-4e9d-a30b-79c862990eb1{ip: 192.168.157.204, host: pr-hdds-2337-fjsvx-2218173377, networkLocation: /default-rack, certSerialId: null} reports an CLOSED replica.
2019-10-20 12:59:04,239 [EventQueue-ContainerReportForContainerReportHandler] WARN  container.ContainerReportHandler (AbstractContainerReportHandler.java:updateContainerState(145)) - Container #1 is in OPEN state, but the datanode 12b54cff-467e-45e9-ac2a-409cdcf2b905{ip: 192.168.157.204, host: pr-hdds-2337-fjsvx-2218173377, networkLocation: /default-rack, certSerialId: null} reports an CLOSED replica.
2019-10-20 12:59:04,300 [EventQueue-ContainerReportForContainerReportHandler] WARN  container.ContainerReportHandler (AbstractContainerReportHandler.java:updateContainerState(145)) - Container #1 is in OPEN state, but the datanode 314f41d3-e6bb-4e9d-a30b-79c862990eb1{ip: 192.168.157.204, host: pr-hdds-2337-fjsvx-2218173377, networkLocation: /default-rack, certSerialId: null} reports an CLOSED replica.
2019-10-20 12:59:04,322 [BlockDeletingService#2] WARN  background.BlockDeletingService (BlockDeletingService.java:isDeletionAllowed(187)) - Close Container log Index 6 is not replicated across allthe servers in the pipeline c8578440-42c5-4fb7-aa2b-40d367ecef96 as the min replicated index is 4. Deletion is not allowed in this container yet.
2019-10-20 12:59:04,322 [BlockDeletingService#2] WARN  background.BlockDeletingService (BlockDeletingService.java:isDeletionAllowed(187)) - Close Container log Index 6 is not replicated across allthe servers in the pipeline c8578440-42c5-4fb7-aa2b-40d367ecef96 as the min replicated index is 4. Deletion is not allowed in this container yet.
2019-10-20 12:59:04,639 [EventQueue-ContainerReportForContainerReportHandler] WARN  container.ContainerReportHandler (AbstractContainerReportHandler.java:updateContainerState(145)) - Container #1 is in OPEN state, but the datanode 12b54cff-467e-45e9-ac2a-409cdcf2b905{ip: 192.168.157.204, host: pr-hdds-2337-fjsvx-2218173377, networkLocation: /default-rack, certSerialId: null} reports an CLOSED replica.
2019-10-20 12:59:04,701 [EventQueue-ContainerReportForContainerReportHandler] WARN  container.ContainerReportHandler (AbstractContainerReportHandler.java:updateContainerState(145)) - Container #1 is in OPEN state, but the datanode 314f41d3-e6bb-4e9d-a30b-79c862990eb1{ip: 192.168.157.204, host: pr-hdds-2337-fjsvx-2218173377, networkLocation: /default-rack, certSerialId: null} reports an CLOSED replica.
2019-10-20 12:59:04,940 [EventQueue-ContainerReportForContainerReportHandler] WARN  container.ContainerReportHandler (AbstractContainerReportHandler.java:updateContainerState(145)) - Container #1 is in OPEN state, but the datanode 12b54cff-467e-45e9-ac2a-409cdcf2b905{ip: 192.168.157.204, host: pr-hdds-2337-fjsvx-2218173377, networkLocation: /default-rack, certSerialId: null} reports an CLOSED replica.
2019-10-20 12:59:05,101 [EventQueue-ContainerReportForContainerReportHandler] WARN  container.ContainerReportHandler (AbstractContainerReportHandler.java:updateContainerState(145)) - Container #1 is in OPEN state, but the datanode 314f41d3-e6bb-4e9d-a30b-79c862990eb1{ip: 192.168.157.204, host: pr-hdds-2337-fjsvx-2218173377, networkLocation: /default-rack, certSerialId: null} reports an CLOSED replica.
2019-10-20 12:59:05,240 [EventQueue-ContainerReportForContainerReportHandler] WARN  container.ContainerReportHandler (AbstractContainerReportHandler.java:updateContainerState(145)) - Container #1 is in OPEN state, but the datanode 12b54cff-467e-45e9-ac2a-409cdcf2b905{ip: 192.168.157.204, host: pr-hdds-2337-fjsvx-2218173377, networkLocation: /default-rack, certSerialId: null} reports an CLOSED replica.
2019-10-20 12:59:05,323 [BlockDeletingService#2] WARN  background.BlockDeletingService (BlockDeletingService.java:isDeletionAllowed(187)) - Close Container log Index 6 is not replicated across allthe servers in the pipeline c8578440-42c5-4fb7-aa2b-40d367ecef96 as the min replicated index is 4. Deletion is not allowed in this container yet.
2019-10-20 12:59:05,323 [BlockDeletingService#2] WARN  background.BlockDeletingService (BlockDeletingService.java:isDeletionAllowed(187)) - Close Container log Index 6 is not replicated across allthe servers in the pipeline c8578440-42c5-4fb7-aa2b-40d367ecef96 as the min replicated index is 4. Deletion is not allowed in this container yet.
2019-10-20 12:59:05,401 [EventQueue-ContainerReportForContainerReportHandler] WARN  container.ContainerReportHandler (AbstractContainerReportHandler.java:updateContainerState(145)) - Container #1 is in OPEN state, but the datanode 314f41d3-e6bb-4e9d-a30b-79c862990eb1{ip: 192.168.157.204, host: pr-hdds-2337-fjsvx-2218173377, networkLocation: /default-rack, certSerialId: null} reports an CLOSED replica.
2019-10-20 12:59:05,540 [EventQueue-ContainerReportForContainerReportHandler] WARN  container.ContainerReportHandler (AbstractContainerReportHandler.java:updateContainerState(145)) - Container #1 is in OPEN state, but the datanode 12b54cff-467e-45e9-ac2a-409cdcf2b905{ip: 192.168.157.204, host: pr-hdds-2337-fjsvx-2218173377, networkLocation: /default-rack, certSerialId: null} reports an CLOSED replica.
2019-10-20 12:59:05,601 [EventQueue-ContainerReportForContainerReportHandler] WARN  container.ContainerReportHandler (AbstractContainerReportHandler.java:updateContainerState(145)) - Container #1 is in OPEN state, but the datanode 314f41d3-e6bb-4e9d-a30b-79c862990eb1{ip: 192.168.157.204, host: pr-hdds-2337-fjsvx-2218173377, networkLocation: /default-rack, certSerialId: null} reports an CLOSED replica.
2019-10-20 12:59:05,841 [EventQueue-ContainerReportForContainerReportHandler] WARN  container.ContainerReportHandler (AbstractContainerReportHandler.java:updateContainerState(145)) - Container #1 is in OPEN state, but the datanode 12b54cff-467e-45e9-ac2a-409cdcf2b905{ip: 192.168.157.204, host: pr-hdds-2337-fjsvx-2218173377, networkLocation: /default-rack, certSerialId: null} reports an CLOSED replica.
2019-10-20 12:59:05,945 [java.util.concurrent.ThreadPoolExecutor$Worker@25aa6eee[State = -1, empty queue]] WARN  server.GrpcLogAppender (GrpcLogAppender.java:timeoutAppendRequest(209)) - 314f41d3-e6bb-4e9d-a30b-79c862990eb1@group-40D367ECEF96->5432d864-00a4-4faa-be9e-870a49a37102-GrpcLogAppender: appendEntries Timeout, request=314f41d3-e6bb-4e9d-a30b-79c862990eb1->5432d864-00a4-4faa-be9e-870a49a37102#39-t6, previous=(t:6, i:10), leaderCommit=10, initializing? false, entries: <empty>
2019-10-20 12:59:06,001 [EventQueue-ContainerReportForContainerReportHandler] WARN  container.ContainerReportHandler (AbstractContainerReportHandler.java:updateContainerState(145)) - Container #1 is in OPEN state, but the datanode 314f41d3-e6bb-4e9d-a30b-79c862990eb1{ip: 192.168.157.204, host: pr-hdds-2337-fjsvx-2218173377, networkLocation: /default-rack, certSerialId: null} reports an CLOSED replica.
2019-10-20 12:59:06,141 [EventQueue-ContainerReportForContainerReportHandler] WARN  container.ContainerReportHandler (AbstractContainerReportHandler.java:updateContainerState(145)) - Container #1 is in OPEN state, but the datanode 12b54cff-467e-45e9-ac2a-409cdcf2b905{ip: 192.168.157.204, host: pr-hdds-2337-fjsvx-2218173377, networkLocation: /default-rack, certSerialId: null} reports an CLOSED replica.
2019-10-20 12:59:06,325 [BlockDeletingService#2] WARN  background.BlockDeletingService (BlockDeletingService.java:isDeletionAllowed(187)) - Close Container log Index 6 is not replicated across allthe servers in the pipeline c8578440-42c5-4fb7-aa2b-40d367ecef96 as the min replicated index is 4. Deletion is not allowed in this container yet.
2019-10-20 12:59:06,325 [BlockDeletingService#2] WARN  background.BlockDeletingService (BlockDeletingService.java:isDeletionAllowed(187)) - Close Container log Index 6 is not replicated across allthe servers in the pipeline c8578440-42c5-4fb7-aa2b-40d367ecef96 as the min replicated index is 4. Deletion is not allowed in this container yet.
2019-10-20 12:59:06,401 [EventQueue-ContainerReportForContainerReportHandler] WARN  container.ContainerReportHandler (AbstractContainerReportHandler.java:updateContainerState(145)) - Container #1 is in OPEN state, but the datanode 314f41d3-e6bb-4e9d-a30b-79c862990eb1{ip: 192.168.157.204, host: pr-hdds-2337-fjsvx-2218173377, networkLocation: /default-rack, certSerialId: null} reports an CLOSED replica.
2019-10-20 12:59:06,441 [EventQueue-ContainerReportForContainerReportHandler] WARN  container.ContainerReportHandler (AbstractContainerReportHandler.java:updateContainerState(145)) - Container #1 is in OPEN state, but the datanode 12b54cff-467e-45e9-ac2a-409cdcf2b905{ip: 192.168.157.204, host: pr-hdds-2337-fjsvx-2218173377, networkLocation: /default-rack, certSerialId: null} reports an CLOSED replica.
2019-10-20 12:59:06,642 [EventQueue-ContainerReportForContainerReportHandler] WARN  container.ContainerReportHandler (AbstractContainerReportHandler.java:updateContainerState(145)) - Container #1 is in OPEN state, but the datanode 12b54cff-467e-45e9-ac2a-409cdcf2b905{ip: 192.168.157.204, host: pr-hdds-2337-fjsvx-2218173377, networkLocation: /default-rack, certSerialId: null} reports an CLOSED replica.
2019-10-20 12:59:06,701 [EventQueue-ContainerReportForContainerReportHandler] WARN  container.ContainerReportHandler (AbstractContainerReportHandler.java:updateContainerState(145)) - Container #1 is in OPEN state, but the datanode 314f41d3-e6bb-4e9d-a30b-79c862990eb1{ip: 192.168.157.204, host: pr-hdds-2337-fjsvx-2218173377, networkLocation: /default-rack, certSerialId: null} reports an CLOSED replica.
2019-10-20 12:59:06,901 [EventQueue-ContainerReportForContainerReportHandler] WARN  container.ContainerReportHandler (AbstractContainerReportHandler.java:updateContainerState(145)) - Container #1 is in OPEN state, but the datanode 314f41d3-e6bb-4e9d-a30b-79c862990eb1{ip: 192.168.157.204, host: pr-hdds-2337-fjsvx-2218173377, networkLocation: /default-rack, certSerialId: null} reports an CLOSED replica.
2019-10-20 12:59:07,042 [EventQueue-ContainerReportForContainerReportHandler] WARN  container.ContainerReportHandler (AbstractContainerReportHandler.java:updateContainerState(145)) - Container #1 is in OPEN state, but the datanode 12b54cff-467e-45e9-ac2a-409cdcf2b905{ip: 192.168.157.204, host: pr-hdds-2337-fjsvx-2218173377, networkLocation: /default-rack, certSerialId: null} reports an CLOSED replica.
2019-10-20 12:59:07,242 [EventQueue-ContainerReportForContainerReportHandler] WARN  container.ContainerReportHandler (AbstractContainerReportHandler.java:updateContainerState(145)) - Container #1 is in OPEN state, but the datanode 12b54cff-467e-45e9-ac2a-409cdcf2b905{ip: 192.168.157.204, host: pr-hdds-2337-fjsvx-2218173377, networkLocation: /default-rack, certSerialId: null} reports an CLOSED replica.
2019-10-20 12:59:07,301 [EventQueue-ContainerReportForContainerReportHandler] WARN  container.ContainerReportHandler (AbstractContainerReportHandler.java:updateContainerState(145)) - Container #1 is in OPEN state, but the datanode 314f41d3-e6bb-4e9d-a30b-79c862990eb1{ip: 192.168.157.204, host: pr-hdds-2337-fjsvx-2218173377, networkLocation: /default-rack, certSerialId: null} reports an CLOSED replica.
2019-10-20 12:59:07,326 [BlockDeletingService#2] WARN  background.BlockDeletingService (BlockDeletingService.java:isDeletionAllowed(187)) - Close Container log Index 6 is not replicated across allthe servers in the pipeline c8578440-42c5-4fb7-aa2b-40d367ecef96 as the min replicated index is 4. Deletion is not allowed in this container yet.
2019-10-20 12:59:07,326 [BlockDeletingService#2] WARN  background.BlockDeletingService (BlockDeletingService.java:isDeletionAllowed(187)) - Close Container log Index 6 is not replicated across allthe servers in the pipeline c8578440-42c5-4fb7-aa2b-40d367ecef96 as the min replicated index is 4. Deletion is not allowed in this container yet.
2019-10-20 12:59:07,501 [EventQueue-ContainerReportForContainerReportHandler] WARN  container.ContainerReportHandler (AbstractContainerReportHandler.java:updateContainerState(145)) - Container #1 is in OPEN state, but the datanode 314f41d3-e6bb-4e9d-a30b-79c862990eb1{ip: 192.168.157.204, host: pr-hdds-2337-fjsvx-2218173377, networkLocation: /default-rack, certSerialId: null} reports an CLOSED replica.
2019-10-20 12:59:07,643 [EventQueue-ContainerReportForContainerReportHandler] WARN  container.ContainerReportHandler (AbstractContainerReportHandler.java:updateContainerState(145)) - Container #1 is in OPEN state, but the datanode 12b54cff-467e-45e9-ac2a-409cdcf2b905{ip: 192.168.157.204, host: pr-hdds-2337-fjsvx-2218173377, networkLocation: /default-rack, certSerialId: null} reports an CLOSED replica.
2019-10-20 12:59:07,801 [EventQueue-ContainerReportForContainerReportHandler] WARN  container.ContainerReportHandler (AbstractContainerReportHandler.java:updateContainerState(145)) - Container #1 is in OPEN state, but the datanode 314f41d3-e6bb-4e9d-a30b-79c862990eb1{ip: 192.168.157.204, host: pr-hdds-2337-fjsvx-2218173377, networkLocation: /default-rack, certSerialId: null} reports an CLOSED replica.
2019-10-20 12:59:07,944 [EventQueue-ContainerReportForContainerReportHandler] WARN  container.ContainerReportHandler (AbstractContainerReportHandler.java:updateContainerState(145)) - Container #1 is in OPEN state, but the datanode 12b54cff-467e-45e9-ac2a-409cdcf2b905{ip: 192.168.157.204, host: pr-hdds-2337-fjsvx-2218173377, networkLocation: /default-rack, certSerialId: null} reports an CLOSED replica.
2019-10-20 12:59:08,144 [EventQueue-ContainerReportForContainerReportHandler] WARN  container.ContainerReportHandler (AbstractContainerReportHandler.java:updateContainerState(145)) - Container #1 is in OPEN state, but the datanode 12b54cff-467e-45e9-ac2a-409cdcf2b905{ip: 192.168.157.204, host: pr-hdds-2337-fjsvx-2218173377, networkLocation: /default-rack, certSerialId: null} reports an CLOSED replica.
2019-10-20 12:59:08,201 [EventQueue-ContainerReportForContainerReportHandler] WARN  container.ContainerReportHandler (AbstractContainerReportHandler.java:updateContainerState(145)) - Container #1 is in OPEN state, but the datanode 314f41d3-e6bb-4e9d-a30b-79c862990eb1{ip: 192.168.157.204, host: pr-hdds-2337-fjsvx-2218173377, networkLocation: /default-rack, certSerialId: null} reports an CLOSED replica.
2019-10-20 12:59:08,327 [BlockDeletingService#2] WARN  background.BlockDeletingService (BlockDeletingService.java:isDeletionAllowed(187)) - Close Container log Index 6 is not replicated across allthe servers in the pipeline c8578440-42c5-4fb7-aa2b-40d367ecef96 as the min replicated index is 4. Deletion is not allowed in this container yet.
2019-10-20 12:59:08,328 [BlockDeletingService#2] WARN  background.BlockDeletingService (BlockDeletingService.java:isDeletionAllowed(187)) - Close Container log Index 6 is not replicated across allthe servers in the pipeline c8578440-42c5-4fb7-aa2b-40d367ecef96 as the min replicated index is 4. Deletion is not allowed in this container yet.
2019-10-20 12:59:08,344 [EventQueue-ContainerReportForContainerReportHandler] WARN  container.ContainerReportHandler (AbstractContainerReportHandler.java:updateContainerState(145)) - Container #1 is in OPEN state, but the datanode 12b54cff-467e-45e9-ac2a-409cdcf2b905{ip: 192.168.157.204, host: pr-hdds-2337-fjsvx-2218173377, networkLocation: /default-rack, certSerialId: null} reports an CLOSED replica.
2019-10-20 12:59:08,446 [java.util.concurrent.ThreadPoolExecutor$Worker@25aa6eee[State = -1, empty queue]] WARN  server.GrpcLogAppender (GrpcLogAppender.java:timeoutAppendRequest(209)) - 314f41d3-e6bb-4e9d-a30b-79c862990eb1@group-40D367ECEF96->5432d864-00a4-4faa-be9e-870a49a37102-GrpcLogAppender: appendEntries Timeout, request=314f41d3-e6bb-4e9d-a30b-79c862990eb1->5432d864-00a4-4faa-be9e-870a49a37102#40-t6, previous=(t:6, i:10), leaderCommit=10, initializing? false, entries: <empty>
2019-10-20 12:59:08,502 [EventQueue-ContainerReportForContainerReportHandler] WARN  container.ContainerReportHandler (AbstractContainerReportHandler.java:updateContainerState(145)) - Container #1 is in OPEN state, but the datanode 314f41d3-e6bb-4e9d-a30b-79c862990eb1{ip: 192.168.157.204, host: pr-hdds-2337-fjsvx-2218173377, networkLocation: /default-rack, certSerialId: null} reports an CLOSED replica.
2019-10-20 12:59:08,544 [EventQueue-ContainerReportForContainerReportHandler] WARN  container.ContainerReportHandler (AbstractContainerReportHandler.java:updateContainerState(145)) - Container #1 is in OPEN state, but the datanode 12b54cff-467e-45e9-ac2a-409cdcf2b905{ip: 192.168.157.204, host: pr-hdds-2337-fjsvx-2218173377, networkLocation: /default-rack, certSerialId: null} reports an CLOSED replica.
2019-10-20 12:59:08,844 [EventQueue-ContainerReportForContainerReportHandler] WARN  container.ContainerReportHandler (AbstractContainerReportHandler.java:updateContainerState(145)) - Container #1 is in OPEN state, but the datanode 12b54cff-467e-45e9-ac2a-409cdcf2b905{ip: 192.168.157.204, host: pr-hdds-2337-fjsvx-2218173377, networkLocation: /default-rack, certSerialId: null} reports an CLOSED replica.
2019-10-20 12:59:08,903 [EventQueue-ContainerReportForContainerReportHandler] WARN  container.ContainerReportHandler (AbstractContainerReportHandler.java:updateContainerState(145)) - Container #1 is in OPEN state, but the datanode 314f41d3-e6bb-4e9d-a30b-79c862990eb1{ip: 192.168.157.204, host: pr-hdds-2337-fjsvx-2218173377, networkLocation: /default-rack, certSerialId: null} reports an CLOSED replica.
2019-10-20 12:59:09,144 [EventQueue-ContainerReportForContainerReportHandler] WARN  container.ContainerReportHandler (AbstractContainerReportHandler.java:updateContainerState(145)) - Container #1 is in OPEN state, but the datanode 12b54cff-467e-45e9-ac2a-409cdcf2b905{ip: 192.168.157.204, host: pr-hdds-2337-fjsvx-2218173377, networkLocation: /default-rack, certSerialId: null} reports an CLOSED replica.
2019-10-20 12:59:09,305 [EventQueue-ContainerReportForContainerReportHandler] WARN  container.ContainerReportHandler (AbstractContainerReportHandler.java:updateContainerState(145)) - Container #1 is in OPEN state, but the datanode 314f41d3-e6bb-4e9d-a30b-79c862990eb1{ip: 192.168.157.204, host: pr-hdds-2337-fjsvx-2218173377, networkLocation: /default-rack, certSerialId: null} reports an CLOSED replica.
2019-10-20 12:59:09,329 [BlockDeletingService#2] WARN  background.BlockDeletingService (BlockDeletingService.java:isDeletionAllowed(187)) - Close Container log Index 6 is not replicated across allthe servers in the pipeline c8578440-42c5-4fb7-aa2b-40d367ecef96 as the min replicated index is 4. Deletion is not allowed in this container yet.
2019-10-20 12:59:09,329 [BlockDeletingService#2] WARN  background.BlockDeletingService (BlockDeletingService.java:isDeletionAllowed(187)) - Close Container log Index 6 is not replicated across allthe servers in the pipeline c8578440-42c5-4fb7-aa2b-40d367ecef96 as the min replicated index is 4. Deletion is not allowed in this container yet.
2019-10-20 12:59:09,444 [EventQueue-ContainerReportForContainerReportHandler] WARN  container.ContainerReportHandler (AbstractContainerReportHandler.java:updateContainerState(145)) - Container #1 is in OPEN state, but the datanode 12b54cff-467e-45e9-ac2a-409cdcf2b905{ip: 192.168.157.204, host: pr-hdds-2337-fjsvx-2218173377, networkLocation: /default-rack, certSerialId: null} reports an CLOSED replica.
2019-10-20 12:59:09,605 [EventQueue-ContainerReportForContainerReportHandler] WARN  container.ContainerReportHandler (AbstractContainerReportHandler.java:updateContainerState(145)) - Container #1 is in OPEN state, but the datanode 314f41d3-e6bb-4e9d-a30b-79c862990eb1{ip: 192.168.157.204, host: pr-hdds-2337-fjsvx-2218173377, networkLocation: /default-rack, certSerialId: null} reports an CLOSED replica.
2019-10-20 12:59:09,744 [EventQueue-ContainerReportForContainerReportHandler] WARN  container.ContainerReportHandler (AbstractContainerReportHandler.java:updateContainerState(145)) - Container #1 is in OPEN state, but the datanode 12b54cff-467e-45e9-ac2a-409cdcf2b905{ip: 192.168.157.204, host: pr-hdds-2337-fjsvx-2218173377, networkLocation: /default-rack, certSerialId: null} reports an CLOSED replica.
2019-10-20 12:59:09,907 [EventQueue-ContainerReportForContainerReportHandler] WARN  container.ContainerReportHandler (AbstractContainerReportHandler.java:updateContainerState(145)) - Container #1 is in OPEN state, but the datanode 314f41d3-e6bb-4e9d-a30b-79c862990eb1{ip: 192.168.157.204, host: pr-hdds-2337-fjsvx-2218173377, networkLocation: /default-rack, certSerialId: null} reports an CLOSED replica.
2019-10-20 12:59:10,045 [EventQueue-ContainerReportForContainerReportHandler] WARN  container.ContainerReportHandler (AbstractContainerReportHandler.java:updateContainerState(145)) - Container #1 is in OPEN state, but the datanode 12b54cff-467e-45e9-ac2a-409cdcf2b905{ip: 192.168.157.204, host: pr-hdds-2337-fjsvx-2218173377, networkLocation: /default-rack, certSerialId: null} reports an CLOSED replica.
2019-10-20 12:59:10,076 [Thread-475] INFO  client.GrpcClientProtocolService (GrpcClientProtocolService.java:lambda$processClientRequest$0(278)) - Failed RaftClientRequest:client-5F43918617A9->12b54cff-467e-45e9-ac2a-409cdcf2b905@group-40D367ECEF96, cid=10, seq=0, Watch-ALL_COMMITTED(6), Message:<EMPTY>, reply=RaftClientReply:client-5F43918617A9->12b54cff-467e-45e9-ac2a-409cdcf2b905@group-40D367ECEF96, cid=10, FAILED org.apache.ratis.protocol.NotLeaderException: Server 12b54cff-467e-45e9-ac2a-409cdcf2b905@group-40D367ECEF96 is not the leader 314f41d3-e6bb-4e9d-a30b-79c862990eb1:192.168.157.204:38880, logIndex=0, commits[12b54cff-467e-45e9-ac2a-409cdcf2b905:c10, 5432d864-00a4-4faa-be9e-870a49a37102:c4, 314f41d3-e6bb-4e9d-a30b-79c862990eb1:c10]
2019-10-20 12:59:10,205 [EventQueue-ContainerReportForContainerReportHandler] WARN  container.ContainerReportHandler (AbstractContainerReportHandler.java:updateContainerState(145)) - Container #1 is in OPEN state, but the datanode 314f41d3-e6bb-4e9d-a30b-79c862990eb1{ip: 192.168.157.204, host: pr-hdds-2337-fjsvx-2218173377, networkLocation: /default-rack, certSerialId: null} reports an CLOSED replica.
2019-10-20 12:59:10,330 [BlockDeletingService#2] WARN  background.BlockDeletingService (BlockDeletingService.java:isDeletionAllowed(187)) - Close Container log Index 6 is not replicated across allthe servers in the pipeline c8578440-42c5-4fb7-aa2b-40d367ecef96 as the min replicated index is 4. Deletion is not allowed in this container yet.
2019-10-20 12:59:10,331 [BlockDeletingService#2] WARN  background.BlockDeletingService (BlockDeletingService.java:isDeletionAllowed(187)) - Close Container log Index 6 is not replicated across allthe servers in the pipeline c8578440-42c5-4fb7-aa2b-40d367ecef96 as the min replicated index is 4. Deletion is not allowed in this container yet.
2019-10-20 12:59:10,345 [EventQueue-ContainerReportForContainerReportHandler] WARN  container.ContainerReportHandler (AbstractContainerReportHandler.java:updateContainerState(145)) - Container #1 is in OPEN state, but the datanode 12b54cff-467e-45e9-ac2a-409cdcf2b905{ip: 192.168.157.204, host: pr-hdds-2337-fjsvx-2218173377, networkLocation: /default-rack, certSerialId: null} reports an CLOSED replica.
2019-10-20 12:59:10,405 [EventQueue-ContainerReportForContainerReportHandler] WARN  container.ContainerReportHandler (AbstractContainerReportHandler.java:updateContainerState(145)) - Container #1 is in OPEN state, but the datanode 314f41d3-e6bb-4e9d-a30b-79c862990eb1{ip: 192.168.157.204, host: pr-hdds-2337-fjsvx-2218173377, networkLocation: /default-rack, certSerialId: null} reports an CLOSED replica.
2019-10-20 12:59:10,646 [EventQueue-ContainerReportForContainerReportHandler] WARN  container.ContainerReportHandler (AbstractContainerReportHandler.java:updateContainerState(145)) - Container #1 is in OPEN state, but the datanode 12b54cff-467e-45e9-ac2a-409cdcf2b905{ip: 192.168.157.204, host: pr-hdds-2337-fjsvx-2218173377, networkLocation: /default-rack, certSerialId: null} reports an CLOSED replica.
2019-10-20 12:59:10,806 [EventQueue-ContainerReportForContainerReportHandler] WARN  container.ContainerReportHandler (AbstractContainerReportHandler.java:updateContainerState(145)) - Container #1 is in OPEN state, but the datanode 314f41d3-e6bb-4e9d-a30b-79c862990eb1{ip: 192.168.157.204, host: pr-hdds-2337-fjsvx-2218173377, networkLocation: /default-rack, certSerialId: null} reports an CLOSED replica.
2019-10-20 12:59:10,846 [EventQueue-ContainerReportForContainerReportHandler] WARN  container.ContainerReportHandler (AbstractContainerReportHandler.java:updateContainerState(145)) - Container #1 is in OPEN state, but the datanode 12b54cff-467e-45e9-ac2a-409cdcf2b905{ip: 192.168.157.204, host: pr-hdds-2337-fjsvx-2218173377, networkLocation: /default-rack, certSerialId: null} reports an CLOSED replica.
2019-10-20 12:59:10,947 [java.util.concurrent.ThreadPoolExecutor$Worker@25aa6eee[State = -1, empty queue]] WARN  server.GrpcLogAppender (GrpcLogAppender.java:timeoutAppendRequest(209)) - 314f41d3-e6bb-4e9d-a30b-79c862990eb1@group-40D367ECEF96->5432d864-00a4-4faa-be9e-870a49a37102-GrpcLogAppender: appendEntries Timeout, request=314f41d3-e6bb-4e9d-a30b-79c862990eb1->5432d864-00a4-4faa-be9e-870a49a37102#41-t6, previous=(t:6, i:10), leaderCommit=10, initializing? false, entries: <empty>
2019-10-20 12:59:11,106 [EventQueue-ContainerReportForContainerReportHandler] WARN  container.ContainerReportHandler (AbstractContainerReportHandler.java:updateContainerState(145)) - Container #1 is in OPEN state, but the datanode 314f41d3-e6bb-4e9d-a30b-79c862990eb1{ip: 192.168.157.204, host: pr-hdds-2337-fjsvx-2218173377, networkLocation: /default-rack, certSerialId: null} reports an CLOSED replica.
2019-10-20 12:59:11,146 [EventQueue-ContainerReportForContainerReportHandler] WARN  container.ContainerReportHandler (AbstractContainerReportHandler.java:updateContainerState(145)) - Container #1 is in OPEN state, but the datanode 12b54cff-467e-45e9-ac2a-409cdcf2b905{ip: 192.168.157.204, host: pr-hdds-2337-fjsvx-2218173377, networkLocation: /default-rack, certSerialId: null} reports an CLOSED replica.
2019-10-20 12:59:11,332 [BlockDeletingService#2] WARN  background.BlockDeletingService (BlockDeletingService.java:isDeletionAllowed(187)) - Close Container log Index 6 is not replicated across allthe servers in the pipeline c8578440-42c5-4fb7-aa2b-40d367ecef96 as the min replicated index is 4. Deletion is not allowed in this container yet.
2019-10-20 12:59:11,332 [BlockDeletingService#2] WARN  background.BlockDeletingService (BlockDeletingService.java:isDeletionAllowed(187)) - Close Container log Index 6 is not replicated across allthe servers in the pipeline c8578440-42c5-4fb7-aa2b-40d367ecef96 as the min replicated index is 4. Deletion is not allowed in this container yet.
2019-10-20 12:59:11,347 [EventQueue-ContainerReportForContainerReportHandler] WARN  container.ContainerReportHandler (AbstractContainerReportHandler.java:updateContainerState(145)) - Container #1 is in OPEN state, but the datanode 12b54cff-467e-45e9-ac2a-409cdcf2b905{ip: 192.168.157.204, host: pr-hdds-2337-fjsvx-2218173377, networkLocation: /default-rack, certSerialId: null} reports an CLOSED replica.
2019-10-20 12:59:11,406 [EventQueue-ContainerReportForContainerReportHandler] WARN  container.ContainerReportHandler (AbstractContainerReportHandler.java:updateContainerState(145)) - Container #1 is in OPEN state, but the datanode 314f41d3-e6bb-4e9d-a30b-79c862990eb1{ip: 192.168.157.204, host: pr-hdds-2337-fjsvx-2218173377, networkLocation: /default-rack, certSerialId: null} reports an CLOSED replica.
2019-10-20 12:59:11,584 [Thread-483] INFO  client.GrpcClientProtocolService (GrpcClientProtocolService.java:lambda$processClientRequest$0(278)) - Failed RaftClientRequest:client-5F43918617A9->314f41d3-e6bb-4e9d-a30b-79c862990eb1@group-40D367ECEF96, cid=10, seq=0, Watch-ALL_COMMITTED(6), Message:<EMPTY>, reply=RaftClientReply:client-5F43918617A9->314f41d3-e6bb-4e9d-a30b-79c862990eb1@group-40D367ECEF96, cid=10, FAILED org.apache.ratis.protocol.NotReplicatedException: Request with call Id 10 and log index 6 is not yet replicated to ALL_COMMITTED, logIndex=6, commits[314f41d3-e6bb-4e9d-a30b-79c862990eb1:c10, 5432d864-00a4-4faa-be9e-870a49a37102:c4, 12b54cff-467e-45e9-ac2a-409cdcf2b905:c10]
2019-10-20 12:59:11,647 [EventQueue-ContainerReportForContainerReportHandler] WARN  container.ContainerReportHandler (AbstractContainerReportHandler.java:updateContainerState(145)) - Container #1 is in OPEN state, but the datanode 12b54cff-467e-45e9-ac2a-409cdcf2b905{ip: 192.168.157.204, host: pr-hdds-2337-fjsvx-2218173377, networkLocation: /default-rack, certSerialId: null} reports an CLOSED replica.
2019-10-20 12:59:11,707 [EventQueue-ContainerReportForContainerReportHandler] WARN  container.ContainerReportHandler (AbstractContainerReportHandler.java:updateContainerState(145)) - Container #1 is in OPEN state, but the datanode 314f41d3-e6bb-4e9d-a30b-79c862990eb1{ip: 192.168.157.204, host: pr-hdds-2337-fjsvx-2218173377, networkLocation: /default-rack, certSerialId: null} reports an CLOSED replica.
2019-10-20 12:59:11,907 [EventQueue-ContainerReportForContainerReportHandler] WARN  container.ContainerReportHandler (AbstractContainerReportHandler.java:updateContainerState(145)) - Container #1 is in OPEN state, but the datanode 314f41d3-e6bb-4e9d-a30b-79c862990eb1{ip: 192.168.157.204, host: pr-hdds-2337-fjsvx-2218173377, networkLocation: /default-rack, certSerialId: null} reports an CLOSED replica.
2019-10-20 12:59:11,948 [EventQueue-ContainerReportForContainerReportHandler] WARN  container.ContainerReportHandler (AbstractContainerReportHandler.java:updateContainerState(145)) - Container #1 is in OPEN state, but the datanode 12b54cff-467e-45e9-ac2a-409cdcf2b905{ip: 192.168.157.204, host: pr-hdds-2337-fjsvx-2218173377, networkLocation: /default-rack, certSerialId: null} reports an CLOSED replica.
2019-10-20 12:59:12,248 [EventQueue-ContainerReportForContainerReportHandler] WARN  container.ContainerReportHandler (AbstractContainerReportHandler.java:updateContainerState(145)) - Container #1 is in OPEN state, but the datanode 12b54cff-467e-45e9-ac2a-409cdcf2b905{ip: 192.168.157.204, host: pr-hdds-2337-fjsvx-2218173377, networkLocation: /default-rack, certSerialId: null} reports an CLOSED replica.
2019-10-20 12:59:12,308 [EventQueue-ContainerReportForContainerReportHandler] WARN  container.ContainerReportHandler (AbstractContainerReportHandler.java:updateContainerState(145)) - Container #1 is in OPEN state, but the datanode 314f41d3-e6bb-4e9d-a30b-79c862990eb1{ip: 192.168.157.204, host: pr-hdds-2337-fjsvx-2218173377, networkLocation: /default-rack, certSerialId: null} reports an CLOSED replica.
2019-10-20 12:59:12,333 [BlockDeletingService#2] WARN  background.BlockDeletingService (BlockDeletingService.java:isDeletionAllowed(187)) - Close Container log Index 6 is not replicated across allthe servers in the pipeline c8578440-42c5-4fb7-aa2b-40d367ecef96 as the min replicated index is 4. Deletion is not allowed in this container yet.
2019-10-20 12:59:12,335 [BlockDeletingService#2] WARN  background.BlockDeletingService (BlockDeletingService.java:isDeletionAllowed(187)) - Close Container log Index 6 is not replicated across allthe servers in the pipeline c8578440-42c5-4fb7-aa2b-40d367ecef96 as the min replicated index is 4. Deletion is not allowed in this container yet.
2019-10-20 12:59:12,448 [EventQueue-ContainerReportForContainerReportHandler] WARN  container.ContainerReportHandler (AbstractContainerReportHandler.java:updateContainerState(145)) - Container #1 is in OPEN state, but the datanode 12b54cff-467e-45e9-ac2a-409cdcf2b905{ip: 192.168.157.204, host: pr-hdds-2337-fjsvx-2218173377, networkLocation: /default-rack, certSerialId: null} reports an CLOSED replica.
2019-10-20 12:59:12,508 [EventQueue-ContainerReportForContainerReportHandler] WARN  container.ContainerReportHandler (AbstractContainerReportHandler.java:updateContainerState(145)) - Container #1 is in OPEN state, but the datanode 314f41d3-e6bb-4e9d-a30b-79c862990eb1{ip: 192.168.157.204, host: pr-hdds-2337-fjsvx-2218173377, networkLocation: /default-rack, certSerialId: null} reports an CLOSED replica.
2019-10-20 12:59:12,708 [EventQueue-ContainerReportForContainerReportHandler] WARN  container.ContainerReportHandler (AbstractContainerReportHandler.java:updateContainerState(145)) - Container #1 is in OPEN state, but the datanode 314f41d3-e6bb-4e9d-a30b-79c862990eb1{ip: 192.168.157.204, host: pr-hdds-2337-fjsvx-2218173377, networkLocation: /default-rack, certSerialId: null} reports an CLOSED replica.
2019-10-20 12:59:12,748 [EventQueue-ContainerReportForContainerReportHandler] WARN  container.ContainerReportHandler (AbstractContainerReportHandler.java:updateContainerState(145)) - Container #1 is in OPEN state, but the datanode 12b54cff-467e-45e9-ac2a-409cdcf2b905{ip: 192.168.157.204, host: pr-hdds-2337-fjsvx-2218173377, networkLocation: /default-rack, certSerialId: null} reports an CLOSED replica.
2019-10-20 12:59:13,009 [EventQueue-ContainerReportForContainerReportHandler] WARN  container.ContainerReportHandler (AbstractContainerReportHandler.java:updateContainerState(145)) - Container #1 is in OPEN state, but the datanode 314f41d3-e6bb-4e9d-a30b-79c862990eb1{ip: 192.168.157.204, host: pr-hdds-2337-fjsvx-2218173377, networkLocation: /default-rack, certSerialId: null} reports an CLOSED replica.
2019-10-20 12:59:13,049 [EventQueue-ContainerReportForContainerReportHandler] WARN  container.ContainerReportHandler (AbstractContainerReportHandler.java:updateContainerState(145)) - Container #1 is in OPEN state, but the datanode 12b54cff-467e-45e9-ac2a-409cdcf2b905{ip: 192.168.157.204, host: pr-hdds-2337-fjsvx-2218173377, networkLocation: /default-rack, certSerialId: null} reports an CLOSED replica.
2019-10-20 12:59:13,336 [BlockDeletingService#2] WARN  background.BlockDeletingService (BlockDeletingService.java:isDeletionAllowed(187)) - Close Container log Index 6 is not replicated across allthe servers in the pipeline c8578440-42c5-4fb7-aa2b-40d367ecef96 as the min replicated index is 4. Deletion is not allowed in this container yet.
2019-10-20 12:59:13,336 [BlockDeletingService#2] WARN  background.BlockDeletingService (BlockDeletingService.java:isDeletionAllowed(187)) - Close Container log Index 6 is not replicated across allthe servers in the pipeline c8578440-42c5-4fb7-aa2b-40d367ecef96 as the min replicated index is 4. Deletion is not allowed in this container yet.
2019-10-20 12:59:13,349 [EventQueue-ContainerReportForContainerReportHandler] WARN  container.ContainerReportHandler (AbstractContainerReportHandler.java:updateContainerState(145)) - Container #1 is in OPEN state, but the datanode 12b54cff-467e-45e9-ac2a-409cdcf2b905{ip: 192.168.157.204, host: pr-hdds-2337-fjsvx-2218173377, networkLocation: /default-rack, certSerialId: null} reports an CLOSED replica.
2019-10-20 12:59:13,409 [EventQueue-ContainerReportForContainerReportHandler] WARN  container.ContainerReportHandler (AbstractContainerReportHandler.java:updateContainerState(145)) - Container #1 is in OPEN state, but the datanode 314f41d3-e6bb-4e9d-a30b-79c862990eb1{ip: 192.168.157.204, host: pr-hdds-2337-fjsvx-2218173377, networkLocation: /default-rack, certSerialId: null} reports an CLOSED replica.
2019-10-20 12:59:13,447 [java.util.concurrent.ThreadPoolExecutor$Worker@25aa6eee[State = -1, empty queue]] WARN  server.GrpcLogAppender (GrpcLogAppender.java:timeoutAppendRequest(209)) - 314f41d3-e6bb-4e9d-a30b-79c862990eb1@group-40D367ECEF96->5432d864-00a4-4faa-be9e-870a49a37102-GrpcLogAppender: appendEntries Timeout, request=314f41d3-e6bb-4e9d-a30b-79c862990eb1->5432d864-00a4-4faa-be9e-870a49a37102#42-t6, previous=(t:6, i:10), leaderCommit=10, initializing? false, entries: <empty>
2019-10-20 12:59:13,711 [EventQueue-ContainerReportForContainerReportHandler] WARN  container.ContainerReportHandler (AbstractContainerReportHandler.java:updateContainerState(145)) - Container #1 is in OPEN state, but the datanode 314f41d3-e6bb-4e9d-a30b-79c862990eb1{ip: 192.168.157.204, host: pr-hdds-2337-fjsvx-2218173377, networkLocation: /default-rack, certSerialId: null} reports an CLOSED replica.
2019-10-20 12:59:13,749 [EventQueue-ContainerReportForContainerReportHandler] WARN  container.ContainerReportHandler (AbstractContainerReportHandler.java:updateContainerState(145)) - Container #1 is in OPEN state, but the datanode 12b54cff-467e-45e9-ac2a-409cdcf2b905{ip: 192.168.157.204, host: pr-hdds-2337-fjsvx-2218173377, networkLocation: /default-rack, certSerialId: null} reports an CLOSED replica.
2019-10-20 12:59:13,949 [EventQueue-ContainerReportForContainerReportHandler] WARN  container.ContainerReportHandler (AbstractContainerReportHandler.java:updateContainerState(145)) - Container #1 is in OPEN state, but the datanode 12b54cff-467e-45e9-ac2a-409cdcf2b905{ip: 192.168.157.204, host: pr-hdds-2337-fjsvx-2218173377, networkLocation: /default-rack, certSerialId: null} reports an CLOSED replica.
2019-10-20 12:59:14,111 [EventQueue-ContainerReportForContainerReportHandler] WARN  container.ContainerReportHandler (AbstractContainerReportHandler.java:updateContainerState(145)) - Container #1 is in OPEN state, but the datanode 314f41d3-e6bb-4e9d-a30b-79c862990eb1{ip: 192.168.157.204, host: pr-hdds-2337-fjsvx-2218173377, networkLocation: /default-rack, certSerialId: null} reports an CLOSED replica.
2019-10-20 12:59:14,249 [EventQueue-ContainerReportForContainerReportHandler] WARN  container.ContainerReportHandler (AbstractContainerReportHandler.java:updateContainerState(145)) - Container #1 is in OPEN state, but the datanode 12b54cff-467e-45e9-ac2a-409cdcf2b905{ip: 192.168.157.204, host: pr-hdds-2337-fjsvx-2218173377, networkLocation: /default-rack, certSerialId: null} reports an CLOSED replica.
2019-10-20 12:59:14,337 [BlockDeletingService#2] WARN  background.BlockDeletingService (BlockDeletingService.java:isDeletionAllowed(187)) - Close Container log Index 6 is not replicated across allthe servers in the pipeline c8578440-42c5-4fb7-aa2b-40d367ecef96 as the min replicated index is 4. Deletion is not allowed in this container yet.
2019-10-20 12:59:14,338 [BlockDeletingService#2] WARN  background.BlockDeletingService (BlockDeletingService.java:isDeletionAllowed(187)) - Close Container log Index 6 is not replicated across allthe servers in the pipeline c8578440-42c5-4fb7-aa2b-40d367ecef96 as the min replicated index is 4. Deletion is not allowed in this container yet.
2019-10-20 12:59:14,450 [EventQueue-ContainerReportForContainerReportHandler] WARN  container.ContainerReportHandler (AbstractContainerReportHandler.java:updateContainerState(145)) - Container #1 is in OPEN state, but the datanode 12b54cff-467e-45e9-ac2a-409cdcf2b905{ip: 192.168.157.204, host: pr-hdds-2337-fjsvx-2218173377, networkLocation: /default-rack, certSerialId: null} reports an CLOSED replica.
2019-10-20 12:59:14,511 [EventQueue-ContainerReportForContainerReportHandler] WARN  container.ContainerReportHandler (AbstractContainerReportHandler.java:updateContainerState(145)) - Container #1 is in OPEN state, but the datanode 314f41d3-e6bb-4e9d-a30b-79c862990eb1{ip: 192.168.157.204, host: pr-hdds-2337-fjsvx-2218173377, networkLocation: /default-rack, certSerialId: null} reports an CLOSED replica.
2019-10-20 12:59:14,812 [EventQueue-ContainerReportForContainerReportHandler] WARN  container.ContainerReportHandler (AbstractContainerReportHandler.java:updateContainerState(145)) - Container #1 is in OPEN state, but the datanode 314f41d3-e6bb-4e9d-a30b-79c862990eb1{ip: 192.168.157.204, host: pr-hdds-2337-fjsvx-2218173377, networkLocation: /default-rack, certSerialId: null} reports an CLOSED replica.
2019-10-20 12:59:14,850 [EventQueue-ContainerReportForContainerReportHandler] WARN  container.ContainerReportHandler (AbstractContainerReportHandler.java:updateContainerState(145)) - Container #1 is in OPEN state, but the datanode 12b54cff-467e-45e9-ac2a-409cdcf2b905{ip: 192.168.157.204, host: pr-hdds-2337-fjsvx-2218173377, networkLocation: /default-rack, certSerialId: null} reports an CLOSED replica.
2019-10-20 12:59:15,014 [EventQueue-ContainerReportForContainerReportHandler] WARN  container.ContainerReportHandler (AbstractContainerReportHandler.java:updateContainerState(145)) - Container #1 is in OPEN state, but the datanode 314f41d3-e6bb-4e9d-a30b-79c862990eb1{ip: 192.168.157.204, host: pr-hdds-2337-fjsvx-2218173377, networkLocation: /default-rack, certSerialId: null} reports an CLOSED replica.
2019-10-20 12:59:15,151 [EventQueue-ContainerReportForContainerReportHandler] WARN  container.ContainerReportHandler (AbstractContainerReportHandler.java:updateContainerState(145)) - Container #1 is in OPEN state, but the datanode 12b54cff-467e-45e9-ac2a-409cdcf2b905{ip: 192.168.157.204, host: pr-hdds-2337-fjsvx-2218173377, networkLocation: /default-rack, certSerialId: null} reports an CLOSED replica.
2019-10-20 12:59:15,339 [BlockDeletingService#2] WARN  background.BlockDeletingService (BlockDeletingService.java:isDeletionAllowed(187)) - Close Container log Index 6 is not replicated across allthe servers in the pipeline c8578440-42c5-4fb7-aa2b-40d367ecef96 as the min replicated index is 4. Deletion is not allowed in this container yet.
2019-10-20 12:59:15,339 [BlockDeletingService#2] WARN  background.BlockDeletingService (BlockDeletingService.java:isDeletionAllowed(187)) - Close Container log Index 6 is not replicated across allthe servers in the pipeline c8578440-42c5-4fb7-aa2b-40d367ecef96 as the min replicated index is 4. Deletion is not allowed in this container yet.
2019-10-20 12:59:15,414 [EventQueue-ContainerReportForContainerReportHandler] WARN  container.ContainerReportHandler (AbstractContainerReportHandler.java:updateContainerState(145)) - Container #1 is in OPEN state, but the datanode 314f41d3-e6bb-4e9d-a30b-79c862990eb1{ip: 192.168.157.204, host: pr-hdds-2337-fjsvx-2218173377, networkLocation: /default-rack, certSerialId: null} reports an CLOSED replica.
2019-10-20 12:59:15,451 [EventQueue-ContainerReportForContainerReportHandler] WARN  container.ContainerReportHandler (AbstractContainerReportHandler.java:updateContainerState(145)) - Container #1 is in OPEN state, but the datanode 12b54cff-467e-45e9-ac2a-409cdcf2b905{ip: 192.168.157.204, host: pr-hdds-2337-fjsvx-2218173377, networkLocation: /default-rack, certSerialId: null} reports an CLOSED replica.
2019-10-20 12:59:15,652 [EventQueue-ContainerReportForContainerReportHandler] WARN  container.ContainerReportHandler (AbstractContainerReportHandler.java:updateContainerState(145)) - Container #1 is in OPEN state, but the datanode 12b54cff-467e-45e9-ac2a-409cdcf2b905{ip: 192.168.157.204, host: pr-hdds-2337-fjsvx-2218173377, networkLocation: /default-rack, certSerialId: null} reports an CLOSED replica.
2019-10-20 12:59:15,713 [EventQueue-ContainerReportForContainerReportHandler] WARN  container.ContainerReportHandler (AbstractContainerReportHandler.java:updateContainerState(145)) - Container #1 is in OPEN state, but the datanode 314f41d3-e6bb-4e9d-a30b-79c862990eb1{ip: 192.168.157.204, host: pr-hdds-2337-fjsvx-2218173377, networkLocation: /default-rack, certSerialId: null} reports an CLOSED replica.
2019-10-20 12:59:15,948 [java.util.concurrent.ThreadPoolExecutor$Worker@25aa6eee[State = -1, empty queue]] WARN  server.GrpcLogAppender (GrpcLogAppender.java:timeoutAppendRequest(209)) - 314f41d3-e6bb-4e9d-a30b-79c862990eb1@group-40D367ECEF96->5432d864-00a4-4faa-be9e-870a49a37102-GrpcLogAppender: appendEntries Timeout, request=314f41d3-e6bb-4e9d-a30b-79c862990eb1->5432d864-00a4-4faa-be9e-870a49a37102#43-t6, previous=(t:6, i:10), leaderCommit=10, initializing? false, entries: <empty>
2019-10-20 12:59:15,951 [EventQueue-ContainerReportForContainerReportHandler] WARN  container.ContainerReportHandler (AbstractContainerReportHandler.java:updateContainerState(145)) - Container #1 is in OPEN state, but the datanode 12b54cff-467e-45e9-ac2a-409cdcf2b905{ip: 192.168.157.204, host: pr-hdds-2337-fjsvx-2218173377, networkLocation: /default-rack, certSerialId: null} reports an CLOSED replica.
2019-10-20 12:59:16,113 [EventQueue-ContainerReportForContainerReportHandler] WARN  container.ContainerReportHandler (AbstractContainerReportHandler.java:updateContainerState(145)) - Container #1 is in OPEN state, but the datanode 314f41d3-e6bb-4e9d-a30b-79c862990eb1{ip: 192.168.157.204, host: pr-hdds-2337-fjsvx-2218173377, networkLocation: /default-rack, certSerialId: null} reports an CLOSED replica.
2019-10-20 12:59:16,313 [EventQueue-ContainerReportForContainerReportHandler] WARN  container.ContainerReportHandler (AbstractContainerReportHandler.java:updateContainerState(145)) - Container #1 is in OPEN state, but the datanode 314f41d3-e6bb-4e9d-a30b-79c862990eb1{ip: 192.168.157.204, host: pr-hdds-2337-fjsvx-2218173377, networkLocation: /default-rack, certSerialId: null} reports an CLOSED replica.
2019-10-20 12:59:16,341 [BlockDeletingService#2] WARN  background.BlockDeletingService (BlockDeletingService.java:isDeletionAllowed(187)) - Close Container log Index 6 is not replicated across allthe servers in the pipeline c8578440-42c5-4fb7-aa2b-40d367ecef96 as the min replicated index is 4. Deletion is not allowed in this container yet.
2019-10-20 12:59:16,341 [BlockDeletingService#2] WARN  background.BlockDeletingService (BlockDeletingService.java:isDeletionAllowed(187)) - Close Container log Index 6 is not replicated across allthe servers in the pipeline c8578440-42c5-4fb7-aa2b-40d367ecef96 as the min replicated index is 4. Deletion is not allowed in this container yet.
2019-10-20 12:59:16,352 [EventQueue-ContainerReportForContainerReportHandler] WARN  container.ContainerReportHandler (AbstractContainerReportHandler.java:updateContainerState(145)) - Container #1 is in OPEN state, but the datanode 12b54cff-467e-45e9-ac2a-409cdcf2b905{ip: 192.168.157.204, host: pr-hdds-2337-fjsvx-2218173377, networkLocation: /default-rack, certSerialId: null} reports an CLOSED replica.
2019-10-20 12:59:16,513 [EventQueue-ContainerReportForContainerReportHandler] WARN  container.ContainerReportHandler (AbstractContainerReportHandler.java:updateContainerState(145)) - Container #1 is in OPEN state, but the datanode 314f41d3-e6bb-4e9d-a30b-79c862990eb1{ip: 192.168.157.204, host: pr-hdds-2337-fjsvx-2218173377, networkLocation: /default-rack, certSerialId: null} reports an CLOSED replica.
2019-10-20 12:59:16,552 [EventQueue-ContainerReportForContainerReportHandler] WARN  container.ContainerReportHandler (AbstractContainerReportHandler.java:updateContainerState(145)) - Container #1 is in OPEN state, but the datanode 12b54cff-467e-45e9-ac2a-409cdcf2b905{ip: 192.168.157.204, host: pr-hdds-2337-fjsvx-2218173377, networkLocation: /default-rack, certSerialId: null} reports an CLOSED replica.
2019-10-20 12:59:16,852 [EventQueue-ContainerReportForContainerReportHandler] WARN  container.ContainerReportHandler (AbstractContainerReportHandler.java:updateContainerState(145)) - Container #1 is in OPEN state, but the datanode 12b54cff-467e-45e9-ac2a-409cdcf2b905{ip: 192.168.157.204, host: pr-hdds-2337-fjsvx-2218173377, networkLocation: /default-rack, certSerialId: null} reports an CLOSED replica.
2019-10-20 12:59:16,914 [EventQueue-ContainerReportForContainerReportHandler] WARN  container.ContainerReportHandler (AbstractContainerReportHandler.java:updateContainerState(145)) - Container #1 is in OPEN state, but the datanode 314f41d3-e6bb-4e9d-a30b-79c862990eb1{ip: 192.168.157.204, host: pr-hdds-2337-fjsvx-2218173377, networkLocation: /default-rack, certSerialId: null} reports an CLOSED replica.
2019-10-20 12:59:17,153 [EventQueue-ContainerReportForContainerReportHandler] WARN  container.ContainerReportHandler (AbstractContainerReportHandler.java:updateContainerState(145)) - Container #1 is in OPEN state, but the datanode 12b54cff-467e-45e9-ac2a-409cdcf2b905{ip: 192.168.157.204, host: pr-hdds-2337-fjsvx-2218173377, networkLocation: /default-rack, certSerialId: null} reports an CLOSED replica.
2019-10-20 12:59:17,214 [EventQueue-ContainerReportForContainerReportHandler] WARN  container.ContainerReportHandler (AbstractContainerReportHandler.java:updateContainerState(145)) - Container #1 is in OPEN state, but the datanode 314f41d3-e6bb-4e9d-a30b-79c862990eb1{ip: 192.168.157.204, host: pr-hdds-2337-fjsvx-2218173377, networkLocation: /default-rack, certSerialId: null} reports an CLOSED replica.
2019-10-20 12:59:17,343 [BlockDeletingService#2] WARN  background.BlockDeletingService (BlockDeletingService.java:isDeletionAllowed(187)) - Close Container log Index 6 is not replicated across allthe servers in the pipeline c8578440-42c5-4fb7-aa2b-40d367ecef96 as the min replicated index is 4. Deletion is not allowed in this container yet.
2019-10-20 12:59:17,343 [BlockDeletingService#2] WARN  background.BlockDeletingService (BlockDeletingService.java:isDeletionAllowed(187)) - Close Container log Index 6 is not replicated across allthe servers in the pipeline c8578440-42c5-4fb7-aa2b-40d367ecef96 as the min replicated index is 4. Deletion is not allowed in this container yet.
2019-10-20 12:59:17,514 [EventQueue-ContainerReportForContainerReportHandler] WARN  container.ContainerReportHandler (AbstractContainerReportHandler.java:updateContainerState(145)) - Container #1 is in OPEN state, but the datanode 314f41d3-e6bb-4e9d-a30b-79c862990eb1{ip: 192.168.157.204, host: pr-hdds-2337-fjsvx-2218173377, networkLocation: /default-rack, certSerialId: null} reports an CLOSED replica.
2019-10-20 12:59:17,554 [EventQueue-ContainerReportForContainerReportHandler] WARN  container.ContainerReportHandler (AbstractContainerReportHandler.java:updateContainerState(145)) - Container #1 is in OPEN state, but the datanode 12b54cff-467e-45e9-ac2a-409cdcf2b905{ip: 192.168.157.204, host: pr-hdds-2337-fjsvx-2218173377, networkLocation: /default-rack, certSerialId: null} reports an CLOSED replica.
2019-10-20 12:59:17,754 [EventQueue-ContainerReportForContainerReportHandler] WARN  container.ContainerReportHandler (AbstractContainerReportHandler.java:updateContainerState(145)) - Container #1 is in OPEN state, but the datanode 12b54cff-467e-45e9-ac2a-409cdcf2b905{ip: 192.168.157.204, host: pr-hdds-2337-fjsvx-2218173377, networkLocation: /default-rack, certSerialId: null} reports an CLOSED replica.
2019-10-20 12:59:17,814 [EventQueue-ContainerReportForContainerReportHandler] WARN  container.ContainerReportHandler (AbstractContainerReportHandler.java:updateContainerState(145)) - Container #1 is in OPEN state, but the datanode 314f41d3-e6bb-4e9d-a30b-79c862990eb1{ip: 192.168.157.204, host: pr-hdds-2337-fjsvx-2218173377, networkLocation: /default-rack, certSerialId: null} reports an CLOSED replica.
2019-10-20 12:59:18,054 [EventQueue-ContainerReportForContainerReportHandler] WARN  container.ContainerReportHandler (AbstractContainerReportHandler.java:updateContainerState(145)) - Container #1 is in OPEN state, but the datanode 12b54cff-467e-45e9-ac2a-409cdcf2b905{ip: 192.168.157.204, host: pr-hdds-2337-fjsvx-2218173377, networkLocation: /default-rack, certSerialId: null} reports an CLOSED replica.
2019-10-20 12:59:18,114 [EventQueue-ContainerReportForContainerReportHandler] WARN  container.ContainerReportHandler (AbstractContainerReportHandler.java:updateContainerState(145)) - Container #1 is in OPEN state, but the datanode 314f41d3-e6bb-4e9d-a30b-79c862990eb1{ip: 192.168.157.204, host: pr-hdds-2337-fjsvx-2218173377, networkLocation: /default-rack, certSerialId: null} reports an CLOSED replica.
2019-10-20 12:59:18,345 [BlockDeletingService#2] WARN  background.BlockDeletingService (BlockDeletingService.java:isDeletionAllowed(187)) - Close Container log Index 6 is not replicated across allthe servers in the pipeline c8578440-42c5-4fb7-aa2b-40d367ecef96 as the min replicated index is 4. Deletion is not allowed in this container yet.
2019-10-20 12:59:18,345 [BlockDeletingService#2] WARN  background.BlockDeletingService (BlockDeletingService.java:isDeletionAllowed(187)) - Close Container log Index 6 is not replicated across allthe servers in the pipeline c8578440-42c5-4fb7-aa2b-40d367ecef96 as the min replicated index is 4. Deletion is not allowed in this container yet.
2019-10-20 12:59:18,449 [java.util.concurrent.ThreadPoolExecutor$Worker@25aa6eee[State = -1, empty queue]] WARN  server.GrpcLogAppender (GrpcLogAppender.java:timeoutAppendRequest(209)) - 314f41d3-e6bb-4e9d-a30b-79c862990eb1@group-40D367ECEF96->5432d864-00a4-4faa-be9e-870a49a37102-GrpcLogAppender: appendEntries Timeout, request=314f41d3-e6bb-4e9d-a30b-79c862990eb1->5432d864-00a4-4faa-be9e-870a49a37102#44-t6, previous=(t:6, i:10), leaderCommit=10, initializing? false, entries: <empty>
2019-10-20 12:59:18,454 [EventQueue-ContainerReportForContainerReportHandler] WARN  container.ContainerReportHandler (AbstractContainerReportHandler.java:updateContainerState(145)) - Container #1 is in OPEN state, but the datanode 12b54cff-467e-45e9-ac2a-409cdcf2b905{ip: 192.168.157.204, host: pr-hdds-2337-fjsvx-2218173377, networkLocation: /default-rack, certSerialId: null} reports an CLOSED replica.
2019-10-20 12:59:18,514 [EventQueue-ContainerReportForContainerReportHandler] WARN  container.ContainerReportHandler (AbstractContainerReportHandler.java:updateContainerState(145)) - Container #1 is in OPEN state, but the datanode 314f41d3-e6bb-4e9d-a30b-79c862990eb1{ip: 192.168.157.204, host: pr-hdds-2337-fjsvx-2218173377, networkLocation: /default-rack, certSerialId: null} reports an CLOSED replica.
2019-10-20 12:59:18,654 [EventQueue-ContainerReportForContainerReportHandler] WARN  container.ContainerReportHandler (AbstractContainerReportHandler.java:updateContainerState(145)) - Container #1 is in OPEN state, but the datanode 12b54cff-467e-45e9-ac2a-409cdcf2b905{ip: 192.168.157.204, host: pr-hdds-2337-fjsvx-2218173377, networkLocation: /default-rack, certSerialId: null} reports an CLOSED replica.
2019-10-20 12:59:18,714 [EventQueue-ContainerReportForContainerReportHandler] WARN  container.ContainerReportHandler (AbstractContainerReportHandler.java:updateContainerState(145)) - Container #1 is in OPEN state, but the datanode 314f41d3-e6bb-4e9d-a30b-79c862990eb1{ip: 192.168.157.204, host: pr-hdds-2337-fjsvx-2218173377, networkLocation: /default-rack, certSerialId: null} reports an CLOSED replica.
2019-10-20 12:59:19,014 [EventQueue-ContainerReportForContainerReportHandler] WARN  container.ContainerReportHandler (AbstractContainerReportHandler.java:updateContainerState(145)) - Container #1 is in OPEN state, but the datanode 314f41d3-e6bb-4e9d-a30b-79c862990eb1{ip: 192.168.157.204, host: pr-hdds-2337-fjsvx-2218173377, networkLocation: /default-rack, certSerialId: null} reports an CLOSED replica.
2019-10-20 12:59:19,054 [EventQueue-ContainerReportForContainerReportHandler] WARN  container.ContainerReportHandler (AbstractContainerReportHandler.java:updateContainerState(145)) - Container #1 is in OPEN state, but the datanode 12b54cff-467e-45e9-ac2a-409cdcf2b905{ip: 192.168.157.204, host: pr-hdds-2337-fjsvx-2218173377, networkLocation: /default-rack, certSerialId: null} reports an CLOSED replica.
2019-10-20 12:59:19,102 [Thread-503] INFO  client.GrpcClientProtocolService (GrpcClientProtocolService.java:lambda$processClientRequest$0(278)) - Failed RaftClientRequest:client-5F43918617A9->12b54cff-467e-45e9-ac2a-409cdcf2b905@group-40D367ECEF96, cid=10, seq=0, Watch-ALL_COMMITTED(6), Message:<EMPTY>, reply=RaftClientReply:client-5F43918617A9->12b54cff-467e-45e9-ac2a-409cdcf2b905@group-40D367ECEF96, cid=10, FAILED org.apache.ratis.protocol.NotLeaderException: Server 12b54cff-467e-45e9-ac2a-409cdcf2b905@group-40D367ECEF96 is not the leader 314f41d3-e6bb-4e9d-a30b-79c862990eb1:192.168.157.204:38880, logIndex=0, commits[12b54cff-467e-45e9-ac2a-409cdcf2b905:c10, 5432d864-00a4-4faa-be9e-870a49a37102:c4, 314f41d3-e6bb-4e9d-a30b-79c862990eb1:c10]
2019-10-20 12:59:19,316 [EventQueue-ContainerReportForContainerReportHandler] WARN  container.ContainerReportHandler (AbstractContainerReportHandler.java:updateContainerState(145)) - Container #1 is in OPEN state, but the datanode 314f41d3-e6bb-4e9d-a30b-79c862990eb1{ip: 192.168.157.204, host: pr-hdds-2337-fjsvx-2218173377, networkLocation: /default-rack, certSerialId: null} reports an CLOSED replica.
2019-10-20 12:59:19,346 [BlockDeletingService#2] WARN  background.BlockDeletingService (BlockDeletingService.java:isDeletionAllowed(187)) - Close Container log Index 6 is not replicated across allthe servers in the pipeline c8578440-42c5-4fb7-aa2b-40d367ecef96 as the min replicated index is 4. Deletion is not allowed in this container yet.
2019-10-20 12:59:19,348 [BlockDeletingService#2] WARN  background.BlockDeletingService (BlockDeletingService.java:isDeletionAllowed(187)) - Close Container log Index 6 is not replicated across allthe servers in the pipeline c8578440-42c5-4fb7-aa2b-40d367ecef96 as the min replicated index is 4. Deletion is not allowed in this container yet.
2019-10-20 12:59:19,354 [EventQueue-ContainerReportForContainerReportHandler] WARN  container.ContainerReportHandler (AbstractContainerReportHandler.java:updateContainerState(145)) - Container #1 is in OPEN state, but the datanode 12b54cff-467e-45e9-ac2a-409cdcf2b905{ip: 192.168.157.204, host: pr-hdds-2337-fjsvx-2218173377, networkLocation: /default-rack, certSerialId: null} reports an CLOSED replica.
2019-10-20 12:59:19,717 [EventQueue-ContainerReportForContainerReportHandler] WARN  container.ContainerReportHandler (AbstractContainerReportHandler.java:updateContainerState(145)) - Container #1 is in OPEN state, but the datanode 314f41d3-e6bb-4e9d-a30b-79c862990eb1{ip: 192.168.157.204, host: pr-hdds-2337-fjsvx-2218173377, networkLocation: /default-rack, certSerialId: null} reports an CLOSED replica.
2019-10-20 12:59:19,756 [EventQueue-ContainerReportForContainerReportHandler] WARN  container.ContainerReportHandler (AbstractContainerReportHandler.java:updateContainerState(145)) - Container #1 is in OPEN state, but the datanode 12b54cff-467e-45e9-ac2a-409cdcf2b905{ip: 192.168.157.204, host: pr-hdds-2337-fjsvx-2218173377, networkLocation: /default-rack, certSerialId: null} reports an CLOSED replica.
2019-10-20 12:59:20,017 [EventQueue-ContainerReportForContainerReportHandler] WARN  container.ContainerReportHandler (AbstractContainerReportHandler.java:updateContainerState(145)) - Container #1 is in OPEN state, but the datanode 314f41d3-e6bb-4e9d-a30b-79c862990eb1{ip: 192.168.157.204, host: pr-hdds-2337-fjsvx-2218173377, networkLocation: /default-rack, certSerialId: null} reports an CLOSED replica.
2019-10-20 12:59:20,056 [EventQueue-ContainerReportForContainerReportHandler] WARN  container.ContainerReportHandler (AbstractContainerReportHandler.java:updateContainerState(145)) - Container #1 is in OPEN state, but the datanode 12b54cff-467e-45e9-ac2a-409cdcf2b905{ip: 192.168.157.204, host: pr-hdds-2337-fjsvx-2218173377, networkLocation: /default-rack, certSerialId: null} reports an CLOSED replica.
2019-10-20 12:59:20,317 [EventQueue-ContainerReportForContainerReportHandler] WARN  container.ContainerReportHandler (AbstractContainerReportHandler.java:updateContainerState(145)) - Container #1 is in OPEN state, but the datanode 314f41d3-e6bb-4e9d-a30b-79c862990eb1{ip: 192.168.157.204, host: pr-hdds-2337-fjsvx-2218173377, networkLocation: /default-rack, certSerialId: null} reports an CLOSED replica.
2019-10-20 12:59:20,350 [BlockDeletingService#2] WARN  background.BlockDeletingService (BlockDeletingService.java:isDeletionAllowed(187)) - Close Container log Index 6 is not replicated across allthe servers in the pipeline c8578440-42c5-4fb7-aa2b-40d367ecef96 as the min replicated index is 4. Deletion is not allowed in this container yet.
2019-10-20 12:59:20,350 [BlockDeletingService#2] WARN  background.BlockDeletingService (BlockDeletingService.java:isDeletionAllowed(187)) - Close Container log Index 6 is not replicated across allthe servers in the pipeline c8578440-42c5-4fb7-aa2b-40d367ecef96 as the min replicated index is 4. Deletion is not allowed in this container yet.
2019-10-20 12:59:20,356 [EventQueue-ContainerReportForContainerReportHandler] WARN  container.ContainerReportHandler (AbstractContainerReportHandler.java:updateContainerState(145)) - Container #1 is in OPEN state, but the datanode 12b54cff-467e-45e9-ac2a-409cdcf2b905{ip: 192.168.157.204, host: pr-hdds-2337-fjsvx-2218173377, networkLocation: /default-rack, certSerialId: null} reports an CLOSED replica.
2019-10-20 12:59:20,519 [EventQueue-ContainerReportForContainerReportHandler] WARN  container.ContainerReportHandler (AbstractContainerReportHandler.java:updateContainerState(145)) - Container #1 is in OPEN state, but the datanode 314f41d3-e6bb-4e9d-a30b-79c862990eb1{ip: 192.168.157.204, host: pr-hdds-2337-fjsvx-2218173377, networkLocation: /default-rack, certSerialId: null} reports an CLOSED replica.
2019-10-20 12:59:20,584 [Thread-511] INFO  client.GrpcClientProtocolService (GrpcClientProtocolService.java:lambda$processClientRequest$0(278)) - Failed RaftClientRequest:client-5F43918617A9->314f41d3-e6bb-4e9d-a30b-79c862990eb1@group-40D367ECEF96, cid=10, seq=0, Watch-ALL_COMMITTED(6), Message:<EMPTY>, reply=RaftClientReply:client-5F43918617A9->314f41d3-e6bb-4e9d-a30b-79c862990eb1@group-40D367ECEF96, cid=10, FAILED org.apache.ratis.protocol.NotReplicatedException: Request with call Id 10 and log index 6 is not yet replicated to ALL_COMMITTED, logIndex=6, commits[314f41d3-e6bb-4e9d-a30b-79c862990eb1:c10, 5432d864-00a4-4faa-be9e-870a49a37102:c4, 12b54cff-467e-45e9-ac2a-409cdcf2b905:c10]
2019-10-20 12:59:20,656 [EventQueue-ContainerReportForContainerReportHandler] WARN  container.ContainerReportHandler (AbstractContainerReportHandler.java:updateContainerState(145)) - Container #1 is in OPEN state, but the datanode 12b54cff-467e-45e9-ac2a-409cdcf2b905{ip: 192.168.157.204, host: pr-hdds-2337-fjsvx-2218173377, networkLocation: /default-rack, certSerialId: null} reports an CLOSED replica.
2019-10-20 12:59:20,818 [EventQueue-ContainerReportForContainerReportHandler] WARN  container.ContainerReportHandler (AbstractContainerReportHandler.java:updateContainerState(145)) - Container #1 is in OPEN state, but the datanode 314f41d3-e6bb-4e9d-a30b-79c862990eb1{ip: 192.168.157.204, host: pr-hdds-2337-fjsvx-2218173377, networkLocation: /default-rack, certSerialId: null} reports an CLOSED replica.
2019-10-20 12:59:20,951 [java.util.concurrent.ThreadPoolExecutor$Worker@25aa6eee[State = -1, empty queue]] WARN  server.GrpcLogAppender (GrpcLogAppender.java:timeoutAppendRequest(209)) - 314f41d3-e6bb-4e9d-a30b-79c862990eb1@group-40D367ECEF96->5432d864-00a4-4faa-be9e-870a49a37102-GrpcLogAppender: appendEntries Timeout, request=314f41d3-e6bb-4e9d-a30b-79c862990eb1->5432d864-00a4-4faa-be9e-870a49a37102#45-t6, previous=(t:6, i:10), leaderCommit=10, initializing? false, entries: <empty>
2019-10-20 12:59:20,957 [EventQueue-ContainerReportForContainerReportHandler] WARN  container.ContainerReportHandler (AbstractContainerReportHandler.java:updateContainerState(145)) - Container #1 is in OPEN state, but the datanode 12b54cff-467e-45e9-ac2a-409cdcf2b905{ip: 192.168.157.204, host: pr-hdds-2337-fjsvx-2218173377, networkLocation: /default-rack, certSerialId: null} reports an CLOSED replica.
2019-10-20 12:59:21,118 [EventQueue-ContainerReportForContainerReportHandler] WARN  container.ContainerReportHandler (AbstractContainerReportHandler.java:updateContainerState(145)) - Container #1 is in OPEN state, but the datanode 314f41d3-e6bb-4e9d-a30b-79c862990eb1{ip: 192.168.157.204, host: pr-hdds-2337-fjsvx-2218173377, networkLocation: /default-rack, certSerialId: null} reports an CLOSED replica.
2019-10-20 12:59:21,157 [EventQueue-ContainerReportForContainerReportHandler] WARN  container.ContainerReportHandler (AbstractContainerReportHandler.java:updateContainerState(145)) - Container #1 is in OPEN state, but the datanode 12b54cff-467e-45e9-ac2a-409cdcf2b905{ip: 192.168.157.204, host: pr-hdds-2337-fjsvx-2218173377, networkLocation: /default-rack, certSerialId: null} reports an CLOSED replica.
2019-10-20 12:59:21,318 [EventQueue-ContainerReportForContainerReportHandler] WARN  container.ContainerReportHandler (AbstractContainerReportHandler.java:updateContainerState(145)) - Container #1 is in OPEN state, but the datanode 314f41d3-e6bb-4e9d-a30b-79c862990eb1{ip: 192.168.157.204, host: pr-hdds-2337-fjsvx-2218173377, networkLocation: /default-rack, certSerialId: null} reports an CLOSED replica.
2019-10-20 12:59:21,352 [BlockDeletingService#2] WARN  background.BlockDeletingService (BlockDeletingService.java:isDeletionAllowed(187)) - Close Container log Index 6 is not replicated across allthe servers in the pipeline c8578440-42c5-4fb7-aa2b-40d367ecef96 as the min replicated index is 4. Deletion is not allowed in this container yet.
2019-10-20 12:59:21,352 [BlockDeletingService#2] WARN  background.BlockDeletingService (BlockDeletingService.java:isDeletionAllowed(187)) - Close Container log Index 6 is not replicated across allthe servers in the pipeline c8578440-42c5-4fb7-aa2b-40d367ecef96 as the min replicated index is 4. Deletion is not allowed in this container yet.
2019-10-20 12:59:21,559 [EventQueue-ContainerReportForContainerReportHandler] WARN  container.ContainerReportHandler (AbstractContainerReportHandler.java:updateContainerState(145)) - Container #1 is in OPEN state, but the datanode 12b54cff-467e-45e9-ac2a-409cdcf2b905{ip: 192.168.157.204, host: pr-hdds-2337-fjsvx-2218173377, networkLocation: /default-rack, certSerialId: null} reports an CLOSED replica.
2019-10-20 12:59:21,718 [EventQueue-ContainerReportForContainerReportHandler] WARN  container.ContainerReportHandler (AbstractContainerReportHandler.java:updateContainerState(145)) - Container #1 is in OPEN state, but the datanode 314f41d3-e6bb-4e9d-a30b-79c862990eb1{ip: 192.168.157.204, host: pr-hdds-2337-fjsvx-2218173377, networkLocation: /default-rack, certSerialId: null} reports an CLOSED replica.
2019-10-20 12:59:21,860 [EventQueue-ContainerReportForContainerReportHandler] WARN  container.ContainerReportHandler (AbstractContainerReportHandler.java:updateContainerState(145)) - Container #1 is in OPEN state, but the datanode 12b54cff-467e-45e9-ac2a-409cdcf2b905{ip: 192.168.157.204, host: pr-hdds-2337-fjsvx-2218173377, networkLocation: /default-rack, certSerialId: null} reports an CLOSED replica.
2019-10-20 12:59:22,018 [EventQueue-ContainerReportForContainerReportHandler] WARN  container.ContainerReportHandler (AbstractContainerReportHandler.java:updateContainerState(145)) - Container #1 is in OPEN state, but the datanode 314f41d3-e6bb-4e9d-a30b-79c862990eb1{ip: 192.168.157.204, host: pr-hdds-2337-fjsvx-2218173377, networkLocation: /default-rack, certSerialId: null} reports an CLOSED replica.
2019-10-20 12:59:22,220 [EventQueue-ContainerReportForContainerReportHandler] WARN  container.ContainerReportHandler (AbstractContainerReportHandler.java:updateContainerState(145)) - Container #1 is in OPEN state, but the datanode 314f41d3-e6bb-4e9d-a30b-79c862990eb1{ip: 192.168.157.204, host: pr-hdds-2337-fjsvx-2218173377, networkLocation: /default-rack, certSerialId: null} reports an CLOSED replica.
2019-10-20 12:59:22,260 [EventQueue-ContainerReportForContainerReportHandler] WARN  container.ContainerReportHandler (AbstractContainerReportHandler.java:updateContainerState(145)) - Container #1 is in OPEN state, but the datanode 12b54cff-467e-45e9-ac2a-409cdcf2b905{ip: 192.168.157.204, host: pr-hdds-2337-fjsvx-2218173377, networkLocation: /default-rack, certSerialId: null} reports an CLOSED replica.
2019-10-20 12:59:22,353 [BlockDeletingService#2] WARN  background.BlockDeletingService (BlockDeletingService.java:isDeletionAllowed(187)) - Close Container log Index 6 is not replicated across allthe servers in the pipeline c8578440-42c5-4fb7-aa2b-40d367ecef96 as the min replicated index is 4. Deletion is not allowed in this container yet.
2019-10-20 12:59:22,353 [BlockDeletingService#2] WARN  background.BlockDeletingService (BlockDeletingService.java:isDeletionAllowed(187)) - Close Container log Index 6 is not replicated across allthe servers in the pipeline c8578440-42c5-4fb7-aa2b-40d367ecef96 as the min replicated index is 4. Deletion is not allowed in this container yet.
2019-10-20 12:59:22,520 [EventQueue-ContainerReportForContainerReportHandler] WARN  container.ContainerReportHandler (AbstractContainerReportHandler.java:updateContainerState(145)) - Container #1 is in OPEN state, but the datanode 314f41d3-e6bb-4e9d-a30b-79c862990eb1{ip: 192.168.157.204, host: pr-hdds-2337-fjsvx-2218173377, networkLocation: /default-rack, certSerialId: null} reports an CLOSED replica.
2019-10-20 12:59:22,561 [EventQueue-ContainerReportForContainerReportHandler] WARN  container.ContainerReportHandler (AbstractContainerReportHandler.java:updateContainerState(145)) - Container #1 is in OPEN state, but the datanode 12b54cff-467e-45e9-ac2a-409cdcf2b905{ip: 192.168.157.204, host: pr-hdds-2337-fjsvx-2218173377, networkLocation: /default-rack, certSerialId: null} reports an CLOSED replica.
2019-10-20 12:59:22,821 [EventQueue-ContainerReportForContainerReportHandler] WARN  container.ContainerReportHandler (AbstractContainerReportHandler.java:updateContainerState(145)) - Container #1 is in OPEN state, but the datanode 314f41d3-e6bb-4e9d-a30b-79c862990eb1{ip: 192.168.157.204, host: pr-hdds-2337-fjsvx-2218173377, networkLocation: /default-rack, certSerialId: null} reports an CLOSED replica.
2019-10-20 12:59:22,961 [EventQueue-ContainerReportForContainerReportHandler] WARN  container.ContainerReportHandler (AbstractContainerReportHandler.java:updateContainerState(145)) - Container #1 is in OPEN state, but the datanode 12b54cff-467e-45e9-ac2a-409cdcf2b905{ip: 192.168.157.204, host: pr-hdds-2337-fjsvx-2218173377, networkLocation: /default-rack, certSerialId: null} reports an CLOSED replica.
2019-10-20 12:59:23,021 [EventQueue-ContainerReportForContainerReportHandler] WARN  container.ContainerReportHandler (AbstractContainerReportHandler.java:updateContainerState(145)) - Container #1 is in OPEN state, but the datanode 314f41d3-e6bb-4e9d-a30b-79c862990eb1{ip: 192.168.157.204, host: pr-hdds-2337-fjsvx-2218173377, networkLocation: /default-rack, certSerialId: null} reports an CLOSED replica.
2019-10-20 12:59:23,163 [EventQueue-ContainerReportForContainerReportHandler] WARN  container.ContainerReportHandler (AbstractContainerReportHandler.java:updateContainerState(145)) - Container #1 is in OPEN state, but the datanode 12b54cff-467e-45e9-ac2a-409cdcf2b905{ip: 192.168.157.204, host: pr-hdds-2337-fjsvx-2218173377, networkLocation: /default-rack, certSerialId: null} reports an CLOSED replica.
2019-10-20 12:59:23,354 [BlockDeletingService#2] WARN  background.BlockDeletingService (BlockDeletingService.java:isDeletionAllowed(187)) - Close Container log Index 6 is not replicated across allthe servers in the pipeline c8578440-42c5-4fb7-aa2b-40d367ecef96 as the min replicated index is 4. Deletion is not allowed in this container yet.
2019-10-20 12:59:23,355 [BlockDeletingService#2] WARN  background.BlockDeletingService (BlockDeletingService.java:isDeletionAllowed(187)) - Close Container log Index 6 is not replicated across allthe servers in the pipeline c8578440-42c5-4fb7-aa2b-40d367ecef96 as the min replicated index is 4. Deletion is not allowed in this container yet.
2019-10-20 12:59:23,362 [EventQueue-ContainerReportForContainerReportHandler] WARN  container.ContainerReportHandler (AbstractContainerReportHandler.java:updateContainerState(145)) - Container #1 is in OPEN state, but the datanode 12b54cff-467e-45e9-ac2a-409cdcf2b905{ip: 192.168.157.204, host: pr-hdds-2337-fjsvx-2218173377, networkLocation: /default-rack, certSerialId: null} reports an CLOSED replica.
2019-10-20 12:59:23,421 [EventQueue-ContainerReportForContainerReportHandler] WARN  container.ContainerReportHandler (AbstractContainerReportHandler.java:updateContainerState(145)) - Container #1 is in OPEN state, but the datanode 314f41d3-e6bb-4e9d-a30b-79c862990eb1{ip: 192.168.157.204, host: pr-hdds-2337-fjsvx-2218173377, networkLocation: /default-rack, certSerialId: null} reports an CLOSED replica.
2019-10-20 12:59:23,453 [java.util.concurrent.ThreadPoolExecutor$Worker@25aa6eee[State = -1, empty queue]] WARN  server.GrpcLogAppender (GrpcLogAppender.java:timeoutAppendRequest(209)) - 314f41d3-e6bb-4e9d-a30b-79c862990eb1@group-40D367ECEF96->5432d864-00a4-4faa-be9e-870a49a37102-GrpcLogAppender: appendEntries Timeout, request=314f41d3-e6bb-4e9d-a30b-79c862990eb1->5432d864-00a4-4faa-be9e-870a49a37102#46-t6, previous=(t:6, i:10), leaderCommit=10, initializing? false, entries: <empty>
2019-10-20 12:59:23,622 [EventQueue-ContainerReportForContainerReportHandler] WARN  container.ContainerReportHandler (AbstractContainerReportHandler.java:updateContainerState(145)) - Container #1 is in OPEN state, but the datanode 314f41d3-e6bb-4e9d-a30b-79c862990eb1{ip: 192.168.157.204, host: pr-hdds-2337-fjsvx-2218173377, networkLocation: /default-rack, certSerialId: null} reports an CLOSED replica.
2019-10-20 12:59:23,761 [EventQueue-ContainerReportForContainerReportHandler] WARN  container.ContainerReportHandler (AbstractContainerReportHandler.java:updateContainerState(145)) - Container #1 is in OPEN state, but the datanode 12b54cff-467e-45e9-ac2a-409cdcf2b905{ip: 192.168.157.204, host: pr-hdds-2337-fjsvx-2218173377, networkLocation: /default-rack, certSerialId: null} reports an CLOSED replica.
2019-10-20 12:59:23,921 [EventQueue-ContainerReportForContainerReportHandler] WARN  container.ContainerReportHandler (AbstractContainerReportHandler.java:updateContainerState(145)) - Container #1 is in OPEN state, but the datanode 314f41d3-e6bb-4e9d-a30b-79c862990eb1{ip: 192.168.157.204, host: pr-hdds-2337-fjsvx-2218173377, networkLocation: /default-rack, certSerialId: null} reports an CLOSED replica.
2019-10-20 12:59:23,962 [EventQueue-ContainerReportForContainerReportHandler] WARN  container.ContainerReportHandler (AbstractContainerReportHandler.java:updateContainerState(145)) - Container #1 is in OPEN state, but the datanode 12b54cff-467e-45e9-ac2a-409cdcf2b905{ip: 192.168.157.204, host: pr-hdds-2337-fjsvx-2218173377, networkLocation: /default-rack, certSerialId: null} reports an CLOSED replica.
2019-10-20 12:59:24,122 [EventQueue-ContainerReportForContainerReportHandler] WARN  container.ContainerReportHandler (AbstractContainerReportHandler.java:updateContainerState(145)) - Container #1 is in OPEN state, but the datanode 314f41d3-e6bb-4e9d-a30b-79c862990eb1{ip: 192.168.157.204, host: pr-hdds-2337-fjsvx-2218173377, networkLocation: /default-rack, certSerialId: null} reports an CLOSED replica.
2019-10-20 12:59:24,262 [EventQueue-ContainerReportForContainerReportHandler] WARN  container.ContainerReportHandler (AbstractContainerReportHandler.java:updateContainerState(145)) - Container #1 is in OPEN state, but the datanode 12b54cff-467e-45e9-ac2a-409cdcf2b905{ip: 192.168.157.204, host: pr-hdds-2337-fjsvx-2218173377, networkLocation: /default-rack, certSerialId: null} reports an CLOSED replica.
2019-10-20 12:59:24,356 [BlockDeletingService#2] WARN  background.BlockDeletingService (BlockDeletingService.java:isDeletionAllowed(187)) - Close Container log Index 6 is not replicated across allthe servers in the pipeline c8578440-42c5-4fb7-aa2b-40d367ecef96 as the min replicated index is 4. Deletion is not allowed in this container yet.
2019-10-20 12:59:24,356 [BlockDeletingService#2] WARN  background.BlockDeletingService (BlockDeletingService.java:isDeletionAllowed(187)) - Close Container log Index 6 is not replicated across allthe servers in the pipeline c8578440-42c5-4fb7-aa2b-40d367ecef96 as the min replicated index is 4. Deletion is not allowed in this container yet.
2019-10-20 12:59:24,422 [EventQueue-ContainerReportForContainerReportHandler] WARN  container.ContainerReportHandler (AbstractContainerReportHandler.java:updateContainerState(145)) - Container #1 is in OPEN state, but the datanode 314f41d3-e6bb-4e9d-a30b-79c862990eb1{ip: 192.168.157.204, host: pr-hdds-2337-fjsvx-2218173377, networkLocation: /default-rack, certSerialId: null} reports an CLOSED replica.
2019-10-20 12:59:24,562 [EventQueue-ContainerReportForContainerReportHandler] WARN  container.ContainerReportHandler (AbstractContainerReportHandler.java:updateContainerState(145)) - Container #1 is in OPEN state, but the datanode 12b54cff-467e-45e9-ac2a-409cdcf2b905{ip: 192.168.157.204, host: pr-hdds-2337-fjsvx-2218173377, networkLocation: /default-rack, certSerialId: null} reports an CLOSED replica.
2019-10-20 12:59:24,622 [EventQueue-ContainerReportForContainerReportHandler] WARN  container.ContainerReportHandler (AbstractContainerReportHandler.java:updateContainerState(145)) - Container #1 is in OPEN state, but the datanode 314f41d3-e6bb-4e9d-a30b-79c862990eb1{ip: 192.168.157.204, host: pr-hdds-2337-fjsvx-2218173377, networkLocation: /default-rack, certSerialId: null} reports an CLOSED replica.
2019-10-20 12:59:24,862 [EventQueue-ContainerReportForContainerReportHandler] WARN  container.ContainerReportHandler (AbstractContainerReportHandler.java:updateContainerState(145)) - Container #1 is in OPEN state, but the datanode 12b54cff-467e-45e9-ac2a-409cdcf2b905{ip: 192.168.157.204, host: pr-hdds-2337-fjsvx-2218173377, networkLocation: /default-rack, certSerialId: null} reports an CLOSED replica.
2019-10-20 12:59:24,923 [EventQueue-ContainerReportForContainerReportHandler] WARN  container.ContainerReportHandler (AbstractContainerReportHandler.java:updateContainerState(145)) - Container #1 is in OPEN state, but the datanode 314f41d3-e6bb-4e9d-a30b-79c862990eb1{ip: 192.168.157.204, host: pr-hdds-2337-fjsvx-2218173377, networkLocation: /default-rack, certSerialId: null} reports an CLOSED replica.
2019-10-20 12:59:25,162 [EventQueue-ContainerReportForContainerReportHandler] WARN  container.ContainerReportHandler (AbstractContainerReportHandler.java:updateContainerState(145)) - Container #1 is in OPEN state, but the datanode 12b54cff-467e-45e9-ac2a-409cdcf2b905{ip: 192.168.157.204, host: pr-hdds-2337-fjsvx-2218173377, networkLocation: /default-rack, certSerialId: null} reports an CLOSED replica.
2019-10-20 12:59:25,323 [EventQueue-ContainerReportForContainerReportHandler] WARN  container.ContainerReportHandler (AbstractContainerReportHandler.java:updateContainerState(145)) - Container #1 is in OPEN state, but the datanode 314f41d3-e6bb-4e9d-a30b-79c862990eb1{ip: 192.168.157.204, host: pr-hdds-2337-fjsvx-2218173377, networkLocation: /default-rack, certSerialId: null} reports an CLOSED replica.
2019-10-20 12:59:25,357 [BlockDeletingService#2] WARN  background.BlockDeletingService (BlockDeletingService.java:isDeletionAllowed(187)) - Close Container log Index 6 is not replicated across allthe servers in the pipeline c8578440-42c5-4fb7-aa2b-40d367ecef96 as the min replicated index is 4. Deletion is not allowed in this container yet.
2019-10-20 12:59:25,357 [BlockDeletingService#2] WARN  background.BlockDeletingService (BlockDeletingService.java:isDeletionAllowed(187)) - Close Container log Index 6 is not replicated across allthe servers in the pipeline c8578440-42c5-4fb7-aa2b-40d367ecef96 as the min replicated index is 4. Deletion is not allowed in this container yet.
2019-10-20 12:59:25,462 [EventQueue-ContainerReportForContainerReportHandler] WARN  container.ContainerReportHandler (AbstractContainerReportHandler.java:updateContainerState(145)) - Container #1 is in OPEN state, but the datanode 12b54cff-467e-45e9-ac2a-409cdcf2b905{ip: 192.168.157.204, host: pr-hdds-2337-fjsvx-2218173377, networkLocation: /default-rack, certSerialId: null} reports an CLOSED replica.
2019-10-20 12:59:25,624 [EventQueue-ContainerReportForContainerReportHandler] WARN  container.ContainerReportHandler (AbstractContainerReportHandler.java:updateContainerState(145)) - Container #1 is in OPEN state, but the datanode 314f41d3-e6bb-4e9d-a30b-79c862990eb1{ip: 192.168.157.204, host: pr-hdds-2337-fjsvx-2218173377, networkLocation: /default-rack, certSerialId: null} reports an CLOSED replica.
2019-10-20 12:59:25,762 [EventQueue-ContainerReportForContainerReportHandler] WARN  container.ContainerReportHandler (AbstractContainerReportHandler.java:updateContainerState(145)) - Container #1 is in OPEN state, but the datanode 12b54cff-467e-45e9-ac2a-409cdcf2b905{ip: 192.168.157.204, host: pr-hdds-2337-fjsvx-2218173377, networkLocation: /default-rack, certSerialId: null} reports an CLOSED replica.
2019-10-20 12:59:25,924 [EventQueue-ContainerReportForContainerReportHandler] WARN  container.ContainerReportHandler (AbstractContainerReportHandler.java:updateContainerState(145)) - Container #1 is in OPEN state, but the datanode 314f41d3-e6bb-4e9d-a30b-79c862990eb1{ip: 192.168.157.204, host: pr-hdds-2337-fjsvx-2218173377, networkLocation: /default-rack, certSerialId: null} reports an CLOSED replica.
2019-10-20 12:59:25,954 [java.util.concurrent.ThreadPoolExecutor$Worker@25aa6eee[State = -1, empty queue]] WARN  server.GrpcLogAppender (GrpcLogAppender.java:timeoutAppendRequest(209)) - 314f41d3-e6bb-4e9d-a30b-79c862990eb1@group-40D367ECEF96->5432d864-00a4-4faa-be9e-870a49a37102-GrpcLogAppender: appendEntries Timeout, request=314f41d3-e6bb-4e9d-a30b-79c862990eb1->5432d864-00a4-4faa-be9e-870a49a37102#47-t6, previous=(t:6, i:10), leaderCommit=10, initializing? false, entries: <empty>
2019-10-20 12:59:26,124 [EventQueue-ContainerReportForContainerReportHandler] WARN  container.ContainerReportHandler (AbstractContainerReportHandler.java:updateContainerState(145)) - Container #1 is in OPEN state, but the datanode 314f41d3-e6bb-4e9d-a30b-79c862990eb1{ip: 192.168.157.204, host: pr-hdds-2337-fjsvx-2218173377, networkLocation: /default-rack, certSerialId: null} reports an CLOSED replica.
2019-10-20 12:59:26,163 [EventQueue-ContainerReportForContainerReportHandler] WARN  container.ContainerReportHandler (AbstractContainerReportHandler.java:updateContainerState(145)) - Container #1 is in OPEN state, but the datanode 12b54cff-467e-45e9-ac2a-409cdcf2b905{ip: 192.168.157.204, host: pr-hdds-2337-fjsvx-2218173377, networkLocation: /default-rack, certSerialId: null} reports an CLOSED replica.
2019-10-20 12:59:26,358 [BlockDeletingService#2] WARN  background.BlockDeletingService (BlockDeletingService.java:isDeletionAllowed(187)) - Close Container log Index 6 is not replicated across allthe servers in the pipeline c8578440-42c5-4fb7-aa2b-40d367ecef96 as the min replicated index is 4. Deletion is not allowed in this container yet.
2019-10-20 12:59:26,359 [BlockDeletingService#2] WARN  background.BlockDeletingService (BlockDeletingService.java:isDeletionAllowed(187)) - Close Container log Index 6 is not replicated across allthe servers in the pipeline c8578440-42c5-4fb7-aa2b-40d367ecef96 as the min replicated index is 4. Deletion is not allowed in this container yet.
2019-10-20 12:59:26,463 [EventQueue-ContainerReportForContainerReportHandler] WARN  container.ContainerReportHandler (AbstractContainerReportHandler.java:updateContainerState(145)) - Container #1 is in OPEN state, but the datanode 12b54cff-467e-45e9-ac2a-409cdcf2b905{ip: 192.168.157.204, host: pr-hdds-2337-fjsvx-2218173377, networkLocation: /default-rack, certSerialId: null} reports an CLOSED replica.
2019-10-20 12:59:26,524 [EventQueue-ContainerReportForContainerReportHandler] WARN  container.ContainerReportHandler (AbstractContainerReportHandler.java:updateContainerState(145)) - Container #1 is in OPEN state, but the datanode 314f41d3-e6bb-4e9d-a30b-79c862990eb1{ip: 192.168.157.204, host: pr-hdds-2337-fjsvx-2218173377, networkLocation: /default-rack, certSerialId: null} reports an CLOSED replica.
2019-10-20 12:59:26,825 [EventQueue-ContainerReportForContainerReportHandler] WARN  container.ContainerReportHandler (AbstractContainerReportHandler.java:updateContainerState(145)) - Container #1 is in OPEN state, but the datanode 314f41d3-e6bb-4e9d-a30b-79c862990eb1{ip: 192.168.157.204, host: pr-hdds-2337-fjsvx-2218173377, networkLocation: /default-rack, certSerialId: null} reports an CLOSED replica.
2019-10-20 12:59:26,864 [EventQueue-ContainerReportForContainerReportHandler] WARN  container.ContainerReportHandler (AbstractContainerReportHandler.java:updateContainerState(145)) - Container #1 is in OPEN state, but the datanode 12b54cff-467e-45e9-ac2a-409cdcf2b905{ip: 192.168.157.204, host: pr-hdds-2337-fjsvx-2218173377, networkLocation: /default-rack, certSerialId: null} reports an CLOSED replica.
2019-10-20 12:59:27,125 [EventQueue-ContainerReportForContainerReportHandler] WARN  container.ContainerReportHandler (AbstractContainerReportHandler.java:updateContainerState(145)) - Container #1 is in OPEN state, but the datanode 314f41d3-e6bb-4e9d-a30b-79c862990eb1{ip: 192.168.157.204, host: pr-hdds-2337-fjsvx-2218173377, networkLocation: /default-rack, certSerialId: null} reports an CLOSED replica.
2019-10-20 12:59:27,265 [EventQueue-ContainerReportForContainerReportHandler] WARN  container.ContainerReportHandler (AbstractContainerReportHandler.java:updateContainerState(145)) - Container #1 is in OPEN state, but the datanode 12b54cff-467e-45e9-ac2a-409cdcf2b905{ip: 192.168.157.204, host: pr-hdds-2337-fjsvx-2218173377, networkLocation: /default-rack, certSerialId: null} reports an CLOSED replica.
2019-10-20 12:59:27,325 [EventQueue-ContainerReportForContainerReportHandler] WARN  container.ContainerReportHandler (AbstractContainerReportHandler.java:updateContainerState(145)) - Container #1 is in OPEN state, but the datanode 314f41d3-e6bb-4e9d-a30b-79c862990eb1{ip: 192.168.157.204, host: pr-hdds-2337-fjsvx-2218173377, networkLocation: /default-rack, certSerialId: null} reports an CLOSED replica.
2019-10-20 12:59:27,360 [BlockDeletingService#2] WARN  background.BlockDeletingService (BlockDeletingService.java:isDeletionAllowed(187)) - Close Container log Index 6 is not replicated across allthe servers in the pipeline c8578440-42c5-4fb7-aa2b-40d367ecef96 as the min replicated index is 4. Deletion is not allowed in this container yet.
2019-10-20 12:59:27,360 [BlockDeletingService#2] WARN  background.BlockDeletingService (BlockDeletingService.java:isDeletionAllowed(187)) - Close Container log Index 6 is not replicated across allthe servers in the pipeline c8578440-42c5-4fb7-aa2b-40d367ecef96 as the min replicated index is 4. Deletion is not allowed in this container yet.
2019-10-20 12:59:27,566 [EventQueue-ContainerReportForContainerReportHandler] WARN  container.ContainerReportHandler (AbstractContainerReportHandler.java:updateContainerState(145)) - Container #1 is in OPEN state, but the datanode 12b54cff-467e-45e9-ac2a-409cdcf2b905{ip: 192.168.157.204, host: pr-hdds-2337-fjsvx-2218173377, networkLocation: /default-rack, certSerialId: null} reports an CLOSED replica.
2019-10-20 12:59:27,625 [EventQueue-ContainerReportForContainerReportHandler] WARN  container.ContainerReportHandler (AbstractContainerReportHandler.java:updateContainerState(145)) - Container #1 is in OPEN state, but the datanode 314f41d3-e6bb-4e9d-a30b-79c862990eb1{ip: 192.168.157.204, host: pr-hdds-2337-fjsvx-2218173377, networkLocation: /default-rack, certSerialId: null} reports an CLOSED replica.
2019-10-20 12:59:27,866 [EventQueue-ContainerReportForContainerReportHandler] WARN  container.ContainerReportHandler (AbstractContainerReportHandler.java:updateContainerState(145)) - Container #1 is in OPEN state, but the datanode 12b54cff-467e-45e9-ac2a-409cdcf2b905{ip: 192.168.157.204, host: pr-hdds-2337-fjsvx-2218173377, networkLocation: /default-rack, certSerialId: null} reports an CLOSED replica.
2019-10-20 12:59:27,925 [EventQueue-ContainerReportForContainerReportHandler] WARN  container.ContainerReportHandler (AbstractContainerReportHandler.java:updateContainerState(145)) - Container #1 is in OPEN state, but the datanode 314f41d3-e6bb-4e9d-a30b-79c862990eb1{ip: 192.168.157.204, host: pr-hdds-2337-fjsvx-2218173377, networkLocation: /default-rack, certSerialId: null} reports an CLOSED replica.
2019-10-20 12:59:28,266 [EventQueue-ContainerReportForContainerReportHandler] WARN  container.ContainerReportHandler (AbstractContainerReportHandler.java:updateContainerState(145)) - Container #1 is in OPEN state, but the datanode 12b54cff-467e-45e9-ac2a-409cdcf2b905{ip: 192.168.157.204, host: pr-hdds-2337-fjsvx-2218173377, networkLocation: /default-rack, certSerialId: null} reports an CLOSED replica.
2019-10-20 12:59:28,326 [EventQueue-ContainerReportForContainerReportHandler] WARN  container.ContainerReportHandler (AbstractContainerReportHandler.java:updateContainerState(145)) - Container #1 is in OPEN state, but the datanode 314f41d3-e6bb-4e9d-a30b-79c862990eb1{ip: 192.168.157.204, host: pr-hdds-2337-fjsvx-2218173377, networkLocation: /default-rack, certSerialId: null} reports an CLOSED replica.
2019-10-20 12:59:28,361 [BlockDeletingService#2] WARN  background.BlockDeletingService (BlockDeletingService.java:isDeletionAllowed(187)) - Close Container log Index 6 is not replicated across allthe servers in the pipeline c8578440-42c5-4fb7-aa2b-40d367ecef96 as the min replicated index is 4. Deletion is not allowed in this container yet.
2019-10-20 12:59:28,361 [BlockDeletingService#2] WARN  background.BlockDeletingService (BlockDeletingService.java:isDeletionAllowed(187)) - Close Container log Index 6 is not replicated across allthe servers in the pipeline c8578440-42c5-4fb7-aa2b-40d367ecef96 as the min replicated index is 4. Deletion is not allowed in this container yet.
2019-10-20 12:59:28,455 [java.util.concurrent.ThreadPoolExecutor$Worker@25aa6eee[State = -1, empty queue]] WARN  server.GrpcLogAppender (GrpcLogAppender.java:timeoutAppendRequest(209)) - 314f41d3-e6bb-4e9d-a30b-79c862990eb1@group-40D367ECEF96->5432d864-00a4-4faa-be9e-870a49a37102-GrpcLogAppender: appendEntries Timeout, request=314f41d3-e6bb-4e9d-a30b-79c862990eb1->5432d864-00a4-4faa-be9e-870a49a37102#48-t6, previous=(t:6, i:10), leaderCommit=10, initializing? false, entries: <empty>
2019-10-20 12:59:28,466 [EventQueue-ContainerReportForContainerReportHandler] WARN  container.ContainerReportHandler (AbstractContainerReportHandler.java:updateContainerState(145)) - Container #1 is in OPEN state, but the datanode 12b54cff-467e-45e9-ac2a-409cdcf2b905{ip: 192.168.157.204, host: pr-hdds-2337-fjsvx-2218173377, networkLocation: /default-rack, certSerialId: null} reports an CLOSED replica.
2019-10-20 12:59:28,627 [EventQueue-ContainerReportForContainerReportHandler] WARN  container.ContainerReportHandler (AbstractContainerReportHandler.java:updateContainerState(145)) - Container #1 is in OPEN state, but the datanode 314f41d3-e6bb-4e9d-a30b-79c862990eb1{ip: 192.168.157.204, host: pr-hdds-2337-fjsvx-2218173377, networkLocation: /default-rack, certSerialId: null} reports an CLOSED replica.
2019-10-20 12:59:28,868 [EventQueue-ContainerReportForContainerReportHandler] WARN  container.ContainerReportHandler (AbstractContainerReportHandler.java:updateContainerState(145)) - Container #1 is in OPEN state, but the datanode 12b54cff-467e-45e9-ac2a-409cdcf2b905{ip: 192.168.157.204, host: pr-hdds-2337-fjsvx-2218173377, networkLocation: /default-rack, certSerialId: null} reports an CLOSED replica.
2019-10-20 12:59:28,927 [EventQueue-ContainerReportForContainerReportHandler] WARN  container.ContainerReportHandler (AbstractContainerReportHandler.java:updateContainerState(145)) - Container #1 is in OPEN state, but the datanode 314f41d3-e6bb-4e9d-a30b-79c862990eb1{ip: 192.168.157.204, host: pr-hdds-2337-fjsvx-2218173377, networkLocation: /default-rack, certSerialId: null} reports an CLOSED replica.
2019-10-20 12:59:29,068 [EventQueue-ContainerReportForContainerReportHandler] WARN  container.ContainerReportHandler (AbstractContainerReportHandler.java:updateContainerState(145)) - Container #1 is in OPEN state, but the datanode 12b54cff-467e-45e9-ac2a-409cdcf2b905{ip: 192.168.157.204, host: pr-hdds-2337-fjsvx-2218173377, networkLocation: /default-rack, certSerialId: null} reports an CLOSED replica.
2019-10-20 12:59:29,227 [EventQueue-ContainerReportForContainerReportHandler] WARN  container.ContainerReportHandler (AbstractContainerReportHandler.java:updateContainerState(145)) - Container #1 is in OPEN state, but the datanode 314f41d3-e6bb-4e9d-a30b-79c862990eb1{ip: 192.168.157.204, host: pr-hdds-2337-fjsvx-2218173377, networkLocation: /default-rack, certSerialId: null} reports an CLOSED replica.
2019-10-20 12:59:29,362 [BlockDeletingService#2] WARN  background.BlockDeletingService (BlockDeletingService.java:isDeletionAllowed(187)) - Close Container log Index 6 is not replicated across allthe servers in the pipeline c8578440-42c5-4fb7-aa2b-40d367ecef96 as the min replicated index is 4. Deletion is not allowed in this container yet.
2019-10-20 12:59:29,362 [BlockDeletingService#2] WARN  background.BlockDeletingService (BlockDeletingService.java:isDeletionAllowed(187)) - Close Container log Index 6 is not replicated across allthe servers in the pipeline c8578440-42c5-4fb7-aa2b-40d367ecef96 as the min replicated index is 4. Deletion is not allowed in this container yet.
2019-10-20 12:59:29,468 [EventQueue-ContainerReportForContainerReportHandler] WARN  container.ContainerReportHandler (AbstractContainerReportHandler.java:updateContainerState(145)) - Container #1 is in OPEN state, but the datanode 12b54cff-467e-45e9-ac2a-409cdcf2b905{ip: 192.168.157.204, host: pr-hdds-2337-fjsvx-2218173377, networkLocation: /default-rack, certSerialId: null} reports an CLOSED replica.
2019-10-20 12:59:29,527 [EventQueue-ContainerReportForContainerReportHandler] WARN  container.ContainerReportHandler (AbstractContainerReportHandler.java:updateContainerState(145)) - Container #1 is in OPEN state, but the datanode 314f41d3-e6bb-4e9d-a30b-79c862990eb1{ip: 192.168.157.204, host: pr-hdds-2337-fjsvx-2218173377, networkLocation: /default-rack, certSerialId: null} reports an CLOSED replica.
2019-10-20 12:59:29,584 [Thread-537] INFO  client.GrpcClientProtocolService (GrpcClientProtocolService.java:lambda$processClientRequest$0(278)) - Failed RaftClientRequest:client-5F43918617A9->314f41d3-e6bb-4e9d-a30b-79c862990eb1@group-40D367ECEF96, cid=10, seq=0, Watch-ALL_COMMITTED(6), Message:<EMPTY>, reply=RaftClientReply:client-5F43918617A9->314f41d3-e6bb-4e9d-a30b-79c862990eb1@group-40D367ECEF96, cid=10, FAILED org.apache.ratis.protocol.NotReplicatedException: Request with call Id 10 and log index 6 is not yet replicated to ALL_COMMITTED, logIndex=6, commits[314f41d3-e6bb-4e9d-a30b-79c862990eb1:c10, 5432d864-00a4-4faa-be9e-870a49a37102:c4, 12b54cff-467e-45e9-ac2a-409cdcf2b905:c10]
2019-10-20 12:59:29,669 [EventQueue-ContainerReportForContainerReportHandler] WARN  container.ContainerReportHandler (AbstractContainerReportHandler.java:updateContainerState(145)) - Container #1 is in OPEN state, but the datanode 12b54cff-467e-45e9-ac2a-409cdcf2b905{ip: 192.168.157.204, host: pr-hdds-2337-fjsvx-2218173377, networkLocation: /default-rack, certSerialId: null} reports an CLOSED replica.
2019-10-20 12:59:29,869 [EventQueue-ContainerReportForContainerReportHandler] WARN  container.ContainerReportHandler (AbstractContainerReportHandler.java:updateContainerState(145)) - Container #1 is in OPEN state, but the datanode 12b54cff-467e-45e9-ac2a-409cdcf2b905{ip: 192.168.157.204, host: pr-hdds-2337-fjsvx-2218173377, networkLocation: /default-rack, certSerialId: null} reports an CLOSED replica.
2019-10-20 12:59:29,928 [EventQueue-ContainerReportForContainerReportHandler] WARN  container.ContainerReportHandler (AbstractContainerReportHandler.java:updateContainerState(145)) - Container #1 is in OPEN state, but the datanode 314f41d3-e6bb-4e9d-a30b-79c862990eb1{ip: 192.168.157.204, host: pr-hdds-2337-fjsvx-2218173377, networkLocation: /default-rack, certSerialId: null} reports an CLOSED replica.
2019-10-20 12:59:30,169 [EventQueue-ContainerReportForContainerReportHandler] WARN  container.ContainerReportHandler (AbstractContainerReportHandler.java:updateContainerState(145)) - Container #1 is in OPEN state, but the datanode 12b54cff-467e-45e9-ac2a-409cdcf2b905{ip: 192.168.157.204, host: pr-hdds-2337-fjsvx-2218173377, networkLocation: /default-rack, certSerialId: null} reports an CLOSED replica.
2019-10-20 12:59:30,328 [EventQueue-ContainerReportForContainerReportHandler] WARN  container.ContainerReportHandler (AbstractContainerReportHandler.java:updateContainerState(145)) - Container #1 is in OPEN state, but the datanode 314f41d3-e6bb-4e9d-a30b-79c862990eb1{ip: 192.168.157.204, host: pr-hdds-2337-fjsvx-2218173377, networkLocation: /default-rack, certSerialId: null} reports an CLOSED replica.
2019-10-20 12:59:30,363 [BlockDeletingService#2] WARN  background.BlockDeletingService (BlockDeletingService.java:isDeletionAllowed(187)) - Close Container log Index 6 is not replicated across allthe servers in the pipeline c8578440-42c5-4fb7-aa2b-40d367ecef96 as the min replicated index is 4. Deletion is not allowed in this container yet.
2019-10-20 12:59:30,364 [BlockDeletingService#2] WARN  background.BlockDeletingService (BlockDeletingService.java:isDeletionAllowed(187)) - Close Container log Index 6 is not replicated across allthe servers in the pipeline c8578440-42c5-4fb7-aa2b-40d367ecef96 as the min replicated index is 4. Deletion is not allowed in this container yet.
2019-10-20 12:59:30,569 [EventQueue-ContainerReportForContainerReportHandler] WARN  container.ContainerReportHandler (AbstractContainerReportHandler.java:updateContainerState(145)) - Container #1 is in OPEN state, but the datanode 12b54cff-467e-45e9-ac2a-409cdcf2b905{ip: 192.168.157.204, host: pr-hdds-2337-fjsvx-2218173377, networkLocation: /default-rack, certSerialId: null} reports an CLOSED replica.
2019-10-20 12:59:30,628 [EventQueue-ContainerReportForContainerReportHandler] WARN  container.ContainerReportHandler (AbstractContainerReportHandler.java:updateContainerState(145)) - Container #1 is in OPEN state, but the datanode 314f41d3-e6bb-4e9d-a30b-79c862990eb1{ip: 192.168.157.204, host: pr-hdds-2337-fjsvx-2218173377, networkLocation: /default-rack, certSerialId: null} reports an CLOSED replica.
2019-10-20 12:59:30,869 [EventQueue-ContainerReportForContainerReportHandler] WARN  container.ContainerReportHandler (AbstractContainerReportHandler.java:updateContainerState(145)) - Container #1 is in OPEN state, but the datanode 12b54cff-467e-45e9-ac2a-409cdcf2b905{ip: 192.168.157.204, host: pr-hdds-2337-fjsvx-2218173377, networkLocation: /default-rack, certSerialId: null} reports an CLOSED replica.
2019-10-20 12:59:30,955 [java.util.concurrent.ThreadPoolExecutor$Worker@25aa6eee[State = -1, empty queue]] WARN  server.GrpcLogAppender (GrpcLogAppender.java:timeoutAppendRequest(209)) - 314f41d3-e6bb-4e9d-a30b-79c862990eb1@group-40D367ECEF96->5432d864-00a4-4faa-be9e-870a49a37102-GrpcLogAppender: appendEntries Timeout, request=314f41d3-e6bb-4e9d-a30b-79c862990eb1->5432d864-00a4-4faa-be9e-870a49a37102#49-t6, previous=(t:6, i:10), leaderCommit=10, initializing? false, entries: <empty>
2019-10-20 12:59:31,028 [EventQueue-ContainerReportForContainerReportHandler] WARN  container.ContainerReportHandler (AbstractContainerReportHandler.java:updateContainerState(145)) - Container #1 is in OPEN state, but the datanode 314f41d3-e6bb-4e9d-a30b-79c862990eb1{ip: 192.168.157.204, host: pr-hdds-2337-fjsvx-2218173377, networkLocation: /default-rack, certSerialId: null} reports an CLOSED replica.
2019-10-20 12:59:31,169 [EventQueue-ContainerReportForContainerReportHandler] WARN  container.ContainerReportHandler (AbstractContainerReportHandler.java:updateContainerState(145)) - Container #1 is in OPEN state, but the datanode 12b54cff-467e-45e9-ac2a-409cdcf2b905{ip: 192.168.157.204, host: pr-hdds-2337-fjsvx-2218173377, networkLocation: /default-rack, certSerialId: null} reports an CLOSED replica.
2019-10-20 12:59:31,365 [BlockDeletingService#2] WARN  background.BlockDeletingService (BlockDeletingService.java:isDeletionAllowed(187)) - Close Container log Index 6 is not replicated across allthe servers in the pipeline c8578440-42c5-4fb7-aa2b-40d367ecef96 as the min replicated index is 4. Deletion is not allowed in this container yet.
2019-10-20 12:59:31,366 [BlockDeletingService#2] WARN  background.BlockDeletingService (BlockDeletingService.java:isDeletionAllowed(187)) - Close Container log Index 6 is not replicated across allthe servers in the pipeline c8578440-42c5-4fb7-aa2b-40d367ecef96 as the min replicated index is 4. Deletion is not allowed in this container yet.
2019-10-20 12:59:31,369 [EventQueue-ContainerReportForContainerReportHandler] WARN  container.ContainerReportHandler (AbstractContainerReportHandler.java:updateContainerState(145)) - Container #1 is in OPEN state, but the datanode 12b54cff-467e-45e9-ac2a-409cdcf2b905{ip: 192.168.157.204, host: pr-hdds-2337-fjsvx-2218173377, networkLocation: /default-rack, certSerialId: null} reports an CLOSED replica.
2019-10-20 12:59:31,429 [EventQueue-ContainerReportForContainerReportHandler] WARN  container.ContainerReportHandler (AbstractContainerReportHandler.java:updateContainerState(145)) - Container #1 is in OPEN state, but the datanode 314f41d3-e6bb-4e9d-a30b-79c862990eb1{ip: 192.168.157.204, host: pr-hdds-2337-fjsvx-2218173377, networkLocation: /default-rack, certSerialId: null} reports an CLOSED replica.
2019-10-20 12:59:31,730 [EventQueue-ContainerReportForContainerReportHandler] WARN  container.ContainerReportHandler (AbstractContainerReportHandler.java:updateContainerState(145)) - Container #1 is in OPEN state, but the datanode 314f41d3-e6bb-4e9d-a30b-79c862990eb1{ip: 192.168.157.204, host: pr-hdds-2337-fjsvx-2218173377, networkLocation: /default-rack, certSerialId: null} reports an CLOSED replica.
2019-10-20 12:59:31,769 [EventQueue-ContainerReportForContainerReportHandler] WARN  container.ContainerReportHandler (AbstractContainerReportHandler.java:updateContainerState(145)) - Container #1 is in OPEN state, but the datanode 12b54cff-467e-45e9-ac2a-409cdcf2b905{ip: 192.168.157.204, host: pr-hdds-2337-fjsvx-2218173377, networkLocation: /default-rack, certSerialId: null} reports an CLOSED replica.
2019-10-20 12:59:31,969 [EventQueue-ContainerReportForContainerReportHandler] WARN  container.ContainerReportHandler (AbstractContainerReportHandler.java:updateContainerState(145)) - Container #1 is in OPEN state, but the datanode 12b54cff-467e-45e9-ac2a-409cdcf2b905{ip: 192.168.157.204, host: pr-hdds-2337-fjsvx-2218173377, networkLocation: /default-rack, certSerialId: null} reports an CLOSED replica.
2019-10-20 12:59:32,030 [EventQueue-ContainerReportForContainerReportHandler] WARN  container.ContainerReportHandler (AbstractContainerReportHandler.java:updateContainerState(145)) - Container #1 is in OPEN state, but the datanode 314f41d3-e6bb-4e9d-a30b-79c862990eb1{ip: 192.168.157.204, host: pr-hdds-2337-fjsvx-2218173377, networkLocation: /default-rack, certSerialId: null} reports an CLOSED replica.
2019-10-20 12:59:32,230 [EventQueue-ContainerReportForContainerReportHandler] WARN  container.ContainerReportHandler (AbstractContainerReportHandler.java:updateContainerState(145)) - Container #1 is in OPEN state, but the datanode 314f41d3-e6bb-4e9d-a30b-79c862990eb1{ip: 192.168.157.204, host: pr-hdds-2337-fjsvx-2218173377, networkLocation: /default-rack, certSerialId: null} reports an CLOSED replica.
2019-10-20 12:59:32,270 [EventQueue-ContainerReportForContainerReportHandler] WARN  container.ContainerReportHandler (AbstractContainerReportHandler.java:updateContainerState(145)) - Container #1 is in OPEN state, but the datanode 12b54cff-467e-45e9-ac2a-409cdcf2b905{ip: 192.168.157.204, host: pr-hdds-2337-fjsvx-2218173377, networkLocation: /default-rack, certSerialId: null} reports an CLOSED replica.
2019-10-20 12:59:32,366 [BlockDeletingService#2] WARN  background.BlockDeletingService (BlockDeletingService.java:isDeletionAllowed(187)) - Close Container log Index 6 is not replicated across allthe servers in the pipeline c8578440-42c5-4fb7-aa2b-40d367ecef96 as the min replicated index is 4. Deletion is not allowed in this container yet.
2019-10-20 12:59:32,367 [BlockDeletingService#2] WARN  background.BlockDeletingService (BlockDeletingService.java:isDeletionAllowed(187)) - Close Container log Index 6 is not replicated across allthe servers in the pipeline c8578440-42c5-4fb7-aa2b-40d367ecef96 as the min replicated index is 4. Deletion is not allowed in this container yet.
2019-10-20 12:59:32,530 [EventQueue-ContainerReportForContainerReportHandler] WARN  container.ContainerReportHandler (AbstractContainerReportHandler.java:updateContainerState(145)) - Container #1 is in OPEN state, but the datanode 314f41d3-e6bb-4e9d-a30b-79c862990eb1{ip: 192.168.157.204, host: pr-hdds-2337-fjsvx-2218173377, networkLocation: /default-rack, certSerialId: null} reports an CLOSED replica.
2019-10-20 12:59:32,542 [EventQueue-StaleNodeForStaleNodeHandler] INFO  node.StaleNodeHandler (StaleNodeHandler.java:onMessage(58)) - Datanode 5432d864-00a4-4faa-be9e-870a49a37102{ip: 192.168.157.204, host: pr-hdds-2337-fjsvx-2218173377, networkLocation: /default-rack, certSerialId: null} moved to stale state. Finalizing its pipelines [PipelineID=a8aecd8f-945f-4423-9965-41b6abf1072b, PipelineID=c8578440-42c5-4fb7-aa2b-40d367ecef96]
2019-10-20 12:59:32,543 [EventQueue-StaleNodeForStaleNodeHandler] INFO  pipeline.SCMPipelineManager (SCMPipelineManager.java:finalizeAndDestroyPipeline(315)) - destroying pipeline:Pipeline[ Id: a8aecd8f-945f-4423-9965-41b6abf1072b, Nodes: 5432d864-00a4-4faa-be9e-870a49a37102{ip: 192.168.157.204, host: pr-hdds-2337-fjsvx-2218173377, networkLocation: /default-rack, certSerialId: null}, Type:RATIS, Factor:ONE, State:OPEN]
2019-10-20 12:59:32,544 [EventQueue-StaleNodeForStaleNodeHandler] INFO  pipeline.PipelineStateManager (PipelineStateManager.java:finalizePipeline(123)) - Pipeline Pipeline[ Id: a8aecd8f-945f-4423-9965-41b6abf1072b, Nodes: 5432d864-00a4-4faa-be9e-870a49a37102{ip: 192.168.157.204, host: pr-hdds-2337-fjsvx-2218173377, networkLocation: /default-rack, certSerialId: null}, Type:RATIS, Factor:ONE, State:CLOSED] moved to CLOSED state
2019-10-20 12:59:32,546 [EventQueue-StaleNodeForStaleNodeHandler] INFO  pipeline.SCMPipelineManager (SCMPipelineManager.java:finalizeAndDestroyPipeline(315)) - destroying pipeline:Pipeline[ Id: c8578440-42c5-4fb7-aa2b-40d367ecef96, Nodes: 314f41d3-e6bb-4e9d-a30b-79c862990eb1{ip: 192.168.157.204, host: pr-hdds-2337-fjsvx-2218173377, networkLocation: /default-rack, certSerialId: null}12b54cff-467e-45e9-ac2a-409cdcf2b905{ip: 192.168.157.204, host: pr-hdds-2337-fjsvx-2218173377, networkLocation: /default-rack, certSerialId: null}5432d864-00a4-4faa-be9e-870a49a37102{ip: 192.168.157.204, host: pr-hdds-2337-fjsvx-2218173377, networkLocation: /default-rack, certSerialId: null}, Type:RATIS, Factor:THREE, State:OPEN]
2019-10-20 12:59:32,546 [EventQueue-StaleNodeForStaleNodeHandler] INFO  pipeline.PipelineStateManager (PipelineStateManager.java:finalizePipeline(123)) - Pipeline Pipeline[ Id: c8578440-42c5-4fb7-aa2b-40d367ecef96, Nodes: 314f41d3-e6bb-4e9d-a30b-79c862990eb1{ip: 192.168.157.204, host: pr-hdds-2337-fjsvx-2218173377, networkLocation: /default-rack, certSerialId: null}12b54cff-467e-45e9-ac2a-409cdcf2b905{ip: 192.168.157.204, host: pr-hdds-2337-fjsvx-2218173377, networkLocation: /default-rack, certSerialId: null}5432d864-00a4-4faa-be9e-870a49a37102{ip: 192.168.157.204, host: pr-hdds-2337-fjsvx-2218173377, networkLocation: /default-rack, certSerialId: null}, Type:RATIS, Factor:THREE, State:CLOSED] moved to CLOSED state
2019-10-20 12:59:32,546 [EventQueue-CloseContainerForCloseContainerEventHandler] INFO  container.CloseContainerEventHandler (CloseContainerEventHandler.java:onMessage(61)) - Close container Event triggered for container : #1
2019-10-20 12:59:32,570 [EventQueue-ContainerReportForContainerReportHandler] INFO  container.ContainerReportHandler (AbstractContainerReportHandler.java:updateContainerState(178)) - Moving container #1 to CLOSED state, datanode 12b54cff-467e-45e9-ac2a-409cdcf2b905{ip: 192.168.157.204, host: pr-hdds-2337-fjsvx-2218173377, networkLocation: /default-rack, certSerialId: null} reported CLOSED replica.
2019-10-20 12:59:33,052 [SCMBlockDeletingService#0] INFO  block.SCMBlockDeletingService (SCMBlockDeletingService.java:call(184)) - Totally added 3 delete blocks command for 3 datanodes, task elapsed time: 5ms
2019-10-20 12:59:33,133 [EventQueue-PendingDeleteStatusForPendingDeleteHandler] INFO  block.SCMBlockDeletingService (SCMBlockDeletingService.java:handlePendingDeletes(115)) - Block deletion txnID mismatch in datanode 314f41d3-e6bb-4e9d-a30b-79c862990eb1 for containerID 1. Datanode delete txnID: 0, SCM txnID: 1
2019-10-20 12:59:33,172 [EventQueue-PendingDeleteStatusForPendingDeleteHandler] INFO  block.SCMBlockDeletingService (SCMBlockDeletingService.java:handlePendingDeletes(115)) - Block deletion txnID mismatch in datanode 12b54cff-467e-45e9-ac2a-409cdcf2b905 for containerID 1. Datanode delete txnID: 0, SCM txnID: 1
2019-10-20 12:59:33,233 [Command processor thread] INFO  commandhandler.DeleteBlocksCommandHandler (DeleteBlocksCommandHandler.java:handle(106)) - Start to delete container blocks, TXIDs=[1(0)], numOfContainers=1, numOfBlocks=1
2019-10-20 12:59:33,367 [BlockDeletingService#2] WARN  background.BlockDeletingService (BlockDeletingService.java:isDeletionAllowed(187)) - Close Container log Index 6 is not replicated across allthe servers in the pipeline c8578440-42c5-4fb7-aa2b-40d367ecef96 as the min replicated index is 4. Deletion is not allowed in this container yet.
2019-10-20 12:59:33,368 [BlockDeletingService#2] WARN  background.BlockDeletingService (BlockDeletingService.java:isDeletionAllowed(187)) - Close Container log Index 6 is not replicated across allthe servers in the pipeline c8578440-42c5-4fb7-aa2b-40d367ecef96 as the min replicated index is 4. Deletion is not allowed in this container yet.
2019-10-20 12:59:33,370 [Command processor thread] INFO  commandhandler.DeleteBlocksCommandHandler (DeleteBlocksCommandHandler.java:handle(106)) - Start to delete container blocks, TXIDs=[1(0)], numOfContainers=1, numOfBlocks=1
2019-10-20 12:59:33,456 [java.util.concurrent.ThreadPoolExecutor$Worker@25aa6eee[State = -1, empty queue]] WARN  server.GrpcLogAppender (GrpcLogAppender.java:timeoutAppendRequest(209)) - 314f41d3-e6bb-4e9d-a30b-79c862990eb1@group-40D367ECEF96->5432d864-00a4-4faa-be9e-870a49a37102-GrpcLogAppender: appendEntries Timeout, request=314f41d3-e6bb-4e9d-a30b-79c862990eb1->5432d864-00a4-4faa-be9e-870a49a37102#50-t6, previous=(t:6, i:10), leaderCommit=10, initializing? false, entries: <empty>
2019-10-20 12:59:33,509 [main] INFO  impl.MetricsSystemImpl (MetricsSystemImpl.java:init(158)) - HddsDatanode metrics system started (again)
2019-10-20 12:59:33,558 [main] INFO  ozone.HddsDatanodeService (HddsDatanodeService.java:start(184)) - HddsDatanodeService host:pr-hdds-2337-fjsvx-2218173377 ip:192.168.157.204
2019-10-20 12:59:33,562 [main] INFO  volume.VolumeUsage (VolumeUsage.java:loadScmUsed(144)) - Cached ScmUsed found for /workdir/hadoop-ozone/integration-test/target/test-dir/MiniOzoneClusterImpl-6483733d-4f93-4870-817e-1c1dc2569cfd/datanode-2/data/containers : 4096 
2019-10-20 12:59:33,562 [main] INFO  volume.HddsVolume (HddsVolume.java:<init>(176)) - Creating Volume: /workdir/hadoop-ozone/integration-test/target/test-dir/MiniOzoneClusterImpl-6483733d-4f93-4870-817e-1c1dc2569cfd/datanode-2/data/containers/hdds of  storage type : DISK and capacity : 1482555576320
2019-10-20 12:59:33,563 [main] INFO  volume.VolumeSet (VolumeSet.java:initializeVolumeSet(170)) - Added Volume : /workdir/hadoop-ozone/integration-test/target/test-dir/MiniOzoneClusterImpl-6483733d-4f93-4870-817e-1c1dc2569cfd/datanode-2/data/containers/hdds to VolumeSet
2019-10-20 12:59:33,563 [main] INFO  volume.ThrottledAsyncChecker (ThrottledAsyncChecker.java:schedule(141)) - Scheduling a check for /workdir/hadoop-ozone/integration-test/target/test-dir/MiniOzoneClusterImpl-6483733d-4f93-4870-817e-1c1dc2569cfd/datanode-2/data/containers/hdds
2019-10-20 12:59:33,564 [main] INFO  volume.HddsVolumeChecker (HddsVolumeChecker.java:checkAllVolumes(204)) - Scheduled health check for volume /workdir/hadoop-ozone/integration-test/target/test-dir/MiniOzoneClusterImpl-6483733d-4f93-4870-817e-1c1dc2569cfd/datanode-2/data/containers/hdds
2019-10-20 12:59:33,611 [main] INFO  impl.RaftServerProxy (ConfUtils.java:logGet(43)) - raft.rpc.type = GRPC (default)
2019-10-20 12:59:33,612 [main] INFO  grpc.GrpcFactory (GrpcFactory.java:checkPooledByteBufAllocatorUseCacheForAllThreads(45)) - PERFORMANCE WARNING: useCacheForAllThreads is true that may cause Netty to create a lot garbage objects and, as a result, trigger GC.
	It is recommended to disable useCacheForAllThreads by setting -Dorg.apache.ratis.thirdparty.io.netty.allocator.useCacheForAllThreads=false in command line.
2019-10-20 12:59:33,612 [main] INFO  grpc.GrpcConfigKeys$Server (ConfUtils.java:logGet(43)) - raft.grpc.server.port = 42827 (custom)
2019-10-20 12:59:33,613 [main] INFO  server.GrpcService (ConfUtils.java:logGet(43)) - raft.grpc.message.size.max = 33570816 (custom)
2019-10-20 12:59:33,613 [main] INFO  server.RaftServerConfigKeys (ConfUtils.java:logGet(43)) - raft.server.log.appender.buffer.byte-limit = 33554432 (custom)
2019-10-20 12:59:33,613 [main] INFO  server.GrpcService (ConfUtils.java:logGet(43)) - raft.grpc.flow.control.window = 1MB (=1048576) (default)
2019-10-20 12:59:33,613 [main] INFO  server.RaftServerConfigKeys (ConfUtils.java:logGet(43)) - raft.server.rpc.request.timeout = 3000ms (default)
2019-10-20 12:59:33,614 [main] INFO  server.RaftServerConfigKeys (ConfUtils.java:logGet(43)) - raft.server.storage.dir = [/workdir/hadoop-ozone/integration-test/target/test-dir/MiniOzoneClusterImpl-6483733d-4f93-4870-817e-1c1dc2569cfd/datanode-2/data/ratis] (custom)
2019-10-20 12:59:33,615 [main] INFO  impl.RaftServerProxy (RaftServerProxy.java:lambda$null$0(191)) - 5432d864-00a4-4faa-be9e-870a49a37102: found a subdirectory /workdir/hadoop-ozone/integration-test/target/test-dir/MiniOzoneClusterImpl-6483733d-4f93-4870-817e-1c1dc2569cfd/datanode-2/data/ratis/a8aecd8f-945f-4423-9965-41b6abf1072b
2019-10-20 12:59:33,616 [main] INFO  impl.RaftServerProxy (RaftServerProxy.java:addNew(89)) - 5432d864-00a4-4faa-be9e-870a49a37102: addNew group-41B6ABF1072B:[] returns group-41B6ABF1072B:java.util.concurrent.CompletableFuture@2f7efd0b[Not completed]
2019-10-20 12:59:33,617 [main] INFO  impl.RaftServerProxy (RaftServerProxy.java:lambda$null$0(191)) - 5432d864-00a4-4faa-be9e-870a49a37102: found a subdirectory /workdir/hadoop-ozone/integration-test/target/test-dir/MiniOzoneClusterImpl-6483733d-4f93-4870-817e-1c1dc2569cfd/datanode-2/data/ratis/c8578440-42c5-4fb7-aa2b-40d367ecef96
2019-10-20 12:59:33,617 [main] INFO  impl.RaftServerProxy (RaftServerProxy.java:addNew(89)) - 5432d864-00a4-4faa-be9e-870a49a37102: addNew group-40D367ECEF96:[] returns group-40D367ECEF96:java.util.concurrent.CompletableFuture@41ad373[Not completed]
2019-10-20 12:59:33,619 [pool-59-thread-1] INFO  impl.RaftServerImpl (RaftServerImpl.java:<init>(104)) - 5432d864-00a4-4faa-be9e-870a49a37102: new RaftServerImpl for group-41B6ABF1072B:[] with ContainerStateMachine:uninitialized
2019-10-20 12:59:33,620 [pool-59-thread-1] INFO  server.RaftServerConfigKeys (ConfUtils.java:logGet(43)) - raft.server.rpc.timeout.min = 5s (custom)
2019-10-20 12:59:33,620 [pool-59-thread-1] INFO  server.RaftServerConfigKeys (ConfUtils.java:logGet(43)) - raft.server.rpc.timeout.max = 5200ms (custom)
2019-10-20 12:59:33,620 [pool-59-thread-1] INFO  server.RaftServerConfigKeys (ConfUtils.java:logGet(43)) - raft.server.rpcslowness.timeout = 1000s (custom)
2019-10-20 12:59:33,620 [pool-59-thread-1] INFO  server.RaftServerConfigKeys (ConfUtils.java:logGet(43)) - raft.server.sleep.deviation.threshold = 300 (default)
2019-10-20 12:59:33,620 [pool-59-thread-1] INFO  server.RaftServerConfigKeys (ConfUtils.java:logGet(43)) - raft.server.log.appender.install.snapshot.enabled = false (custom)
2019-10-20 12:59:33,620 [pool-59-thread-1] INFO  impl.RaftServerImpl (ServerState.java:<init>(103)) - 5432d864-00a4-4faa-be9e-870a49a37102@group-41B6ABF1072B: ConfigurationManager, init=-1: [], old=null, confs=<EMPTY_MAP>
2019-10-20 12:59:33,620 [pool-59-thread-1] INFO  server.RaftServerConfigKeys (ConfUtils.java:logGet(43)) - raft.server.storage.dir = [/workdir/hadoop-ozone/integration-test/target/test-dir/MiniOzoneClusterImpl-6483733d-4f93-4870-817e-1c1dc2569cfd/datanode-2/data/ratis] (custom)
2019-10-20 12:59:33,621 [pool-59-thread-1] INFO  server.RaftServerConfigKeys (ConfUtils.java:logGet(43)) - raft.server.log.corruption.policy = EXCEPTION (default)
2019-10-20 12:59:33,621 [main] INFO  hdfs.DFSUtil (DFSUtil.java:httpServerTemplateForNNAndJN(1641)) - Starting Web-server for hddsDatanode at: http://0.0.0.0:41694
2019-10-20 12:59:33,624 [main] INFO  server.AuthenticationFilter (AuthenticationFilter.java:constructSecretProvider(240)) - Unable to initialize FileSignerSecretProvider, falling back to use random secrets.
2019-10-20 12:59:33,624 [main] WARN  http.HttpRequestLog (HttpRequestLog.java:getRequestLog(97)) - Jetty request log can only be enabled using Log4j
2019-10-20 12:59:33,627 [main] INFO  http.HttpServer2 (HttpServer2.java:addGlobalFilter(975)) - Added global filter 'safety' (class=org.apache.hadoop.http.HttpServer2$QuotingInputFilter)
2019-10-20 12:59:33,627 [main] INFO  http.HttpServer2 (HttpServer2.java:addFilter(948)) - Added filter static_user_filter (class=org.apache.hadoop.http.lib.StaticUserWebFilter$StaticUserFilter) to context hddsDatanode
2019-10-20 12:59:33,628 [main] INFO  http.HttpServer2 (HttpServer2.java:addFilter(958)) - Added filter static_user_filter (class=org.apache.hadoop.http.lib.StaticUserWebFilter$StaticUserFilter) to context logs
2019-10-20 12:59:33,628 [main] INFO  http.HttpServer2 (HttpServer2.java:addFilter(958)) - Added filter static_user_filter (class=org.apache.hadoop.http.lib.StaticUserWebFilter$StaticUserFilter) to context static
2019-10-20 12:59:33,629 [main] INFO  http.HttpServer2 (HttpServer2.java:bindListener(1191)) - Jetty bound to port 41694
2019-10-20 12:59:33,629 [main] INFO  server.Server (Server.java:doStart(351)) - jetty-9.3.25.v20180904, build timestamp: 2018-09-04T21:11:46Z, git hash: 3ce520221d0240229c862b122d2b06c12a625732
2019-10-20 12:59:33,631 [main] INFO  handler.ContextHandler (ContextHandler.java:doStart(781)) - Started o.e.j.s.ServletContextHandler@d2291de{/logs,file:///workdir/hadoop-ozone/integration-test/target/log,AVAILABLE}
2019-10-20 12:59:33,632 [main] INFO  handler.ContextHandler (ContextHandler.java:doStart(781)) - Started o.e.j.s.ServletContextHandler@41a374be{/static,jar:file:/home/user/.m2/repository/org/apache/hadoop/hadoop-hdds-container-service/0.5.0-SNAPSHOT/hadoop-hdds-container-service-0.5.0-SNAPSHOT.jar!/webapps/static,AVAILABLE}
2019-10-20 12:59:33,633 [pool-59-thread-1] INFO  storage.RaftStorageDirectory (RaftStorageDirectory.java:tryLock(328)) - Lock on /workdir/hadoop-ozone/integration-test/target/test-dir/MiniOzoneClusterImpl-6483733d-4f93-4870-817e-1c1dc2569cfd/datanode-2/data/ratis/a8aecd8f-945f-4423-9965-41b6abf1072b/in_use.lock acquired by nodename 28877@pr-hdds-2337-fjsvx-2218173377
2019-10-20 12:59:33,634 [pool-59-thread-1] INFO  ratis.ContainerStateMachine (ContainerStateMachine.java:loadSnapshot(231)) - group-41B6ABF1072B: The snapshot info is null. Setting the last applied indexto:(t:0, i:~)
2019-10-20 12:59:33,635 [pool-59-thread-1] INFO  server.RaftServerConfigKeys (ConfUtils.java:logGet(43)) - raft.server.notification.no-leader.timeout = 1000s (custom)
2019-10-20 12:59:33,635 [pool-59-thread-1] INFO  server.RaftServerConfigKeys (ConfUtils.java:logGet(43)) - raft.server.log.use.memory = false (default)
2019-10-20 12:59:33,635 [pool-59-thread-1] INFO  server.RaftServerConfigKeys (ConfUtils.java:logGet(43)) - raft.server.log.purge.gap = 1000000 (custom)
2019-10-20 12:59:33,635 [pool-59-thread-1] INFO  server.RaftServerConfigKeys (ConfUtils.java:logGet(43)) - raft.server.log.appender.buffer.byte-limit = 33554432 (custom)
2019-10-20 12:59:33,635 [pool-59-thread-1] INFO  server.RaftServerConfigKeys (ConfUtils.java:logGet(43)) - raft.server.log.segment.size.max = 1048576 (custom)
2019-10-20 12:59:33,635 [pool-59-thread-1] INFO  server.RaftServerConfigKeys (ConfUtils.java:logGet(43)) - raft.server.log.segment.cache.num.max = 2 (custom)
2019-10-20 12:59:33,636 [pool-59-thread-1] INFO  segmented.SegmentedRaftLogWorker (SegmentedRaftLogWorker.java:<init>(173)) - new 5432d864-00a4-4faa-be9e-870a49a37102@group-41B6ABF1072B-SegmentedRaftLogWorker for RaftStorage:Storage Directory /workdir/hadoop-ozone/integration-test/target/test-dir/MiniOzoneClusterImpl-6483733d-4f93-4870-817e-1c1dc2569cfd/datanode-2/data/ratis/a8aecd8f-945f-4423-9965-41b6abf1072b
2019-10-20 12:59:33,636 [pool-59-thread-1] INFO  server.RaftServerConfigKeys (ConfUtils.java:logGet(43)) - raft.server.log.queue.byte-limit = 2147483647 (custom)
2019-10-20 12:59:33,636 [pool-59-thread-1] INFO  server.RaftServerConfigKeys (ConfUtils.java:logGet(43)) - raft.server.log.queue.element-limit = 1024 (custom)
2019-10-20 12:59:33,636 [pool-59-thread-1] INFO  server.RaftServerConfigKeys (ConfUtils.java:logGet(43)) - raft.server.log.segment.size.max = 1048576 (custom)
2019-10-20 12:59:33,636 [pool-59-thread-1] INFO  server.RaftServerConfigKeys (ConfUtils.java:logGet(43)) - raft.server.log.preallocated.size = 16384 (custom)
2019-10-20 12:59:33,636 [pool-59-thread-1] INFO  server.RaftServerConfigKeys (ConfUtils.java:logGet(43)) - raft.server.log.write.buffer.size = 33554432 (custom)
2019-10-20 12:59:33,636 [pool-59-thread-1] INFO  server.RaftServerConfigKeys (ConfUtils.java:logGet(43)) - raft.server.log.force.sync.num = 128 (default)
2019-10-20 12:59:33,637 [pool-59-thread-1] INFO  server.RaftServerConfigKeys (ConfUtils.java:logGet(43)) - raft.server.log.statemachine.data.sync = true (default)
2019-10-20 12:59:33,637 [pool-59-thread-1] INFO  server.RaftServerConfigKeys (ConfUtils.java:logGet(43)) - raft.server.log.statemachine.data.sync.timeout = 10s (default)
2019-10-20 12:59:33,637 [pool-59-thread-1] INFO  server.RaftServerConfigKeys (ConfUtils.java:logGet(43)) - raft.server.log.statemachine.data.sync.timeout.retry = -1 (default)
2019-10-20 12:59:33,637 [pool-59-thread-1] INFO  server.RaftServerConfigKeys (ConfUtils.java:logGet(43)) - raft.server.log.statemachine.data.caching.enabled = true (custom)
2019-10-20 12:59:33,644 [pool-59-thread-1] INFO  impl.RaftServerImpl (ServerState.java:setRaftConf(357)) - 5432d864-00a4-4faa-be9e-870a49a37102@group-41B6ABF1072B: set configuration 0: [5432d864-00a4-4faa-be9e-870a49a37102:192.168.157.204:42827], old=null at 0
2019-10-20 12:59:33,645 [pool-59-thread-1] INFO  segmented.LogSegment (LogSegment.java:loadSegment(140)) - Successfully read 1 entries from segment file /workdir/hadoop-ozone/integration-test/target/test-dir/MiniOzoneClusterImpl-6483733d-4f93-4870-817e-1c1dc2569cfd/datanode-2/data/ratis/a8aecd8f-945f-4423-9965-41b6abf1072b/current/log_inprogress_0
2019-10-20 12:59:33,645 [pool-59-thread-1] INFO  segmented.SegmentedRaftLogWorker (SegmentedRaftLogWorker.java:lambda$new$0(128)) - 5432d864-00a4-4faa-be9e-870a49a37102@group-41B6ABF1072B-SegmentedRaftLogWorker: flushIndex: setUnconditionally 0 -> 0
2019-10-20 12:59:33,669 [main] INFO  handler.ContextHandler (ContextHandler.java:doStart(781)) - Started o.e.j.w.WebAppContext@6fbc1bb{/,file:///tmp/jetty-0.0.0.0-41694-hddsDatanode-_-any-5676706608511574837.dir/webapp/,AVAILABLE}{/hddsDatanode}
2019-10-20 12:59:33,671 [main] INFO  server.AbstractConnector (AbstractConnector.java:doStart(278)) - Started ServerConnector@30c4e352{HTTP/1.1,[http/1.1]}{0.0.0.0:41694}
2019-10-20 12:59:33,673 [main] INFO  server.Server (Server.java:doStart(419)) - Started @112346ms
2019-10-20 12:59:33,674 [pool-59-thread-1] INFO  server.RaftServerConfigKeys (ConfUtils.java:logGet(43)) - raft.server.snapshot.auto.trigger.enabled = true (custom)
2019-10-20 12:59:33,674 [pool-59-thread-1] INFO  server.RaftServerConfigKeys (ConfUtils.java:logGet(43)) - raft.server.snapshot.auto.trigger.threshold = 10000 (custom)
2019-10-20 12:59:33,674 [pool-59-thread-1] INFO  server.RaftServerConfigKeys (ConfUtils.java:logGet(43)) - raft.server.snapshot.retention.file.num = 5 (custom)
2019-10-20 12:59:33,674 [pool-59-thread-1] INFO  server.RaftServerConfigKeys (ConfUtils.java:logGet(43)) - raft.server.retrycache.expirytime = 600000ms (custom)
2019-10-20 12:59:33,691 [main] WARN  impl.MetricsSystemImpl (MetricsSystemImpl.java:register(276)) - Sink prometheus already exists!
2019-10-20 12:59:33,691 [pool-59-thread-1] INFO  impl.RaftServerImpl (RaftServerImpl.java:<init>(104)) - 5432d864-00a4-4faa-be9e-870a49a37102: new RaftServerImpl for group-40D367ECEF96:[] with ContainerStateMachine:uninitialized
2019-10-20 12:59:33,691 [pool-59-thread-1] INFO  server.RaftServerConfigKeys (ConfUtils.java:logGet(43)) - raft.server.rpc.timeout.min = 5s (custom)
2019-10-20 12:59:33,692 [pool-59-thread-1] INFO  server.RaftServerConfigKeys (ConfUtils.java:logGet(43)) - raft.server.rpc.timeout.max = 5200ms (custom)
2019-10-20 12:59:33,692 [pool-59-thread-1] INFO  server.RaftServerConfigKeys (ConfUtils.java:logGet(43)) - raft.server.rpcslowness.timeout = 1000s (custom)
2019-10-20 12:59:33,692 [pool-59-thread-1] INFO  server.RaftServerConfigKeys (ConfUtils.java:logGet(43)) - raft.server.sleep.deviation.threshold = 300 (default)
2019-10-20 12:59:33,692 [pool-59-thread-1] INFO  server.RaftServerConfigKeys (ConfUtils.java:logGet(43)) - raft.server.log.appender.install.snapshot.enabled = false (custom)
2019-10-20 12:59:33,692 [pool-59-thread-1] INFO  impl.RaftServerImpl (ServerState.java:<init>(103)) - 5432d864-00a4-4faa-be9e-870a49a37102@group-40D367ECEF96: ConfigurationManager, init=-1: [], old=null, confs=<EMPTY_MAP>
2019-10-20 12:59:33,692 [pool-59-thread-1] INFO  server.RaftServerConfigKeys (ConfUtils.java:logGet(43)) - raft.server.storage.dir = [/workdir/hadoop-ozone/integration-test/target/test-dir/MiniOzoneClusterImpl-6483733d-4f93-4870-817e-1c1dc2569cfd/datanode-2/data/ratis] (custom)
2019-10-20 12:59:33,692 [pool-59-thread-1] INFO  server.RaftServerConfigKeys (ConfUtils.java:logGet(43)) - raft.server.log.corruption.policy = EXCEPTION (default)
2019-10-20 12:59:33,692 [main] INFO  server.BaseHttpServer (BaseHttpServer.java:updateConnectorAddress(215)) - HTTP server of HDDSDATANODE is listening at http://0.0.0.0:41694
2019-10-20 12:59:33,694 [org.apache.hadoop.util.JvmPauseMonitor$Monitor@63f63f26] INFO  util.JvmPauseMonitor (JvmPauseMonitor.java:run(188)) - Starting JVM pause monitor
2019-10-20 12:59:33,703 [pool-59-thread-1] INFO  storage.RaftStorageDirectory (RaftStorageDirectory.java:tryLock(328)) - Lock on /workdir/hadoop-ozone/integration-test/target/test-dir/MiniOzoneClusterImpl-6483733d-4f93-4870-817e-1c1dc2569cfd/datanode-2/data/ratis/c8578440-42c5-4fb7-aa2b-40d367ecef96/in_use.lock acquired by nodename 28877@pr-hdds-2337-fjsvx-2218173377
2019-10-20 12:59:33,705 [pool-59-thread-1] INFO  ratis.ContainerStateMachine (ContainerStateMachine.java:loadSnapshot(240)) - group-40D367ECEF96: Setting the last applied index to (t:6, i:3)
2019-10-20 12:59:33,709 [pool-59-thread-1] INFO  impl.RaftServerImpl (ServerState.java:setRaftConf(357)) - 5432d864-00a4-4faa-be9e-870a49a37102@group-40D367ECEF96: set configuration 0: [5432d864-00a4-4faa-be9e-870a49a37102:192.168.157.204:42827, 314f41d3-e6bb-4e9d-a30b-79c862990eb1:192.168.157.204:38880, 12b54cff-467e-45e9-ac2a-409cdcf2b905:192.168.157.204:40598], old=null at 0
2019-10-20 12:59:33,709 [pool-59-thread-1] INFO  server.RaftServerConfigKeys (ConfUtils.java:logGet(43)) - raft.server.notification.no-leader.timeout = 1000s (custom)
2019-10-20 12:59:33,709 [pool-59-thread-1] INFO  server.RaftServerConfigKeys (ConfUtils.java:logGet(43)) - raft.server.log.use.memory = false (default)
2019-10-20 12:59:33,709 [pool-59-thread-1] INFO  server.RaftServerConfigKeys (ConfUtils.java:logGet(43)) - raft.server.log.purge.gap = 1000000 (custom)
2019-10-20 12:59:33,710 [pool-59-thread-1] INFO  server.RaftServerConfigKeys (ConfUtils.java:logGet(43)) - raft.server.log.appender.buffer.byte-limit = 33554432 (custom)
2019-10-20 12:59:33,710 [pool-59-thread-1] INFO  server.RaftServerConfigKeys (ConfUtils.java:logGet(43)) - raft.server.log.segment.size.max = 1048576 (custom)
2019-10-20 12:59:33,710 [pool-59-thread-1] INFO  server.RaftServerConfigKeys (ConfUtils.java:logGet(43)) - raft.server.log.segment.cache.num.max = 2 (custom)
2019-10-20 12:59:33,710 [pool-59-thread-1] INFO  segmented.SegmentedRaftLogWorker (SegmentedRaftLogWorker.java:<init>(173)) - new 5432d864-00a4-4faa-be9e-870a49a37102@group-40D367ECEF96-SegmentedRaftLogWorker for RaftStorage:Storage Directory /workdir/hadoop-ozone/integration-test/target/test-dir/MiniOzoneClusterImpl-6483733d-4f93-4870-817e-1c1dc2569cfd/datanode-2/data/ratis/c8578440-42c5-4fb7-aa2b-40d367ecef96
2019-10-20 12:59:33,710 [pool-59-thread-1] INFO  server.RaftServerConfigKeys (ConfUtils.java:logGet(43)) - raft.server.log.queue.byte-limit = 2147483647 (custom)
2019-10-20 12:59:33,710 [pool-59-thread-1] INFO  server.RaftServerConfigKeys (ConfUtils.java:logGet(43)) - raft.server.log.queue.element-limit = 1024 (custom)
2019-10-20 12:59:33,710 [pool-59-thread-1] INFO  server.RaftServerConfigKeys (ConfUtils.java:logGet(43)) - raft.server.log.segment.size.max = 1048576 (custom)
2019-10-20 12:59:33,710 [pool-59-thread-1] INFO  server.RaftServerConfigKeys (ConfUtils.java:logGet(43)) - raft.server.log.preallocated.size = 16384 (custom)
2019-10-20 12:59:33,710 [pool-59-thread-1] INFO  server.RaftServerConfigKeys (ConfUtils.java:logGet(43)) - raft.server.log.write.buffer.size = 33554432 (custom)
2019-10-20 12:59:33,710 [pool-59-thread-1] INFO  server.RaftServerConfigKeys (ConfUtils.java:logGet(43)) - raft.server.log.force.sync.num = 128 (default)
2019-10-20 12:59:33,710 [pool-59-thread-1] INFO  server.RaftServerConfigKeys (ConfUtils.java:logGet(43)) - raft.server.log.statemachine.data.sync = true (default)
2019-10-20 12:59:33,711 [pool-59-thread-1] INFO  server.RaftServerConfigKeys (ConfUtils.java:logGet(43)) - raft.server.log.statemachine.data.sync.timeout = 10s (default)
2019-10-20 12:59:33,711 [pool-59-thread-1] INFO  server.RaftServerConfigKeys (ConfUtils.java:logGet(43)) - raft.server.log.statemachine.data.sync.timeout.retry = -1 (default)
2019-10-20 12:59:33,711 [pool-59-thread-1] INFO  server.RaftServerConfigKeys (ConfUtils.java:logGet(43)) - raft.server.log.statemachine.data.caching.enabled = true (custom)
2019-10-20 12:59:33,711 [pool-59-thread-1] INFO  impl.RaftServerImpl (ServerState.java:setRaftConf(357)) - 5432d864-00a4-4faa-be9e-870a49a37102@group-40D367ECEF96: set configuration 0: [5432d864-00a4-4faa-be9e-870a49a37102:192.168.157.204:42827, 314f41d3-e6bb-4e9d-a30b-79c862990eb1:192.168.157.204:38880, 12b54cff-467e-45e9-ac2a-409cdcf2b905:192.168.157.204:40598], old=null at 0
2019-10-20 12:59:33,712 [pool-59-thread-1] INFO  segmented.LogSegment (LogSegment.java:loadSegment(140)) - Successfully read 5 entries from segment file /workdir/hadoop-ozone/integration-test/target/test-dir/MiniOzoneClusterImpl-6483733d-4f93-4870-817e-1c1dc2569cfd/datanode-2/data/ratis/c8578440-42c5-4fb7-aa2b-40d367ecef96/current/log_inprogress_0
2019-10-20 12:59:33,712 [pool-59-thread-1] INFO  segmented.SegmentedRaftLogWorker (SegmentedRaftLogWorker.java:lambda$new$0(128)) - 5432d864-00a4-4faa-be9e-870a49a37102@group-40D367ECEF96-SegmentedRaftLogWorker: flushIndex: setUnconditionally 0 -> 4
2019-10-20 12:59:33,735 [pool-59-thread-1] INFO  raftlog.RaftLog (RaftLog.java:lambda$new$0(61)) - 5432d864-00a4-4faa-be9e-870a49a37102@group-40D367ECEF96-SegmentedRaftLog: commitIndex: updateToMax old=3, new=3, updated? false
2019-10-20 12:59:33,736 [pool-59-thread-1] INFO  server.RaftServerConfigKeys (ConfUtils.java:logGet(43)) - raft.server.snapshot.auto.trigger.enabled = true (custom)
2019-10-20 12:59:33,736 [pool-59-thread-1] INFO  server.RaftServerConfigKeys (ConfUtils.java:logGet(43)) - raft.server.snapshot.auto.trigger.threshold = 10000 (custom)
2019-10-20 12:59:33,736 [pool-59-thread-1] INFO  server.RaftServerConfigKeys (ConfUtils.java:logGet(43)) - raft.server.snapshot.retention.file.num = 5 (custom)
2019-10-20 12:59:33,736 [pool-59-thread-1] INFO  server.RaftServerConfigKeys (ConfUtils.java:logGet(43)) - raft.server.retrycache.expirytime = 600000ms (custom)
2019-10-20 12:59:34,053 [SCMBlockDeletingService#0] INFO  block.SCMBlockDeletingService (SCMBlockDeletingService.java:call(184)) - Totally added 1 delete blocks command for 1 datanodes, task elapsed time: 1ms
2019-10-20 12:59:34,054 [pool-7-thread-1] INFO  commands.RetriableDatanodeEventWatcher (RetriableDatanodeEventWatcher.java:onTimeout(47)) - RetriableDatanodeCommand type=deleteBlocksCommand with id=1571576373053 timed out. Retrying.
2019-10-20 12:59:34,369 [BlockDeletingService#2] WARN  background.BlockDeletingService (BlockDeletingService.java:isDeletionAllowed(187)) - Close Container log Index 6 is not replicated across allthe servers in the pipeline c8578440-42c5-4fb7-aa2b-40d367ecef96 as the min replicated index is 4. Deletion is not allowed in this container yet.
2019-10-20 12:59:34,369 [BlockDeletingService#2] WARN  background.BlockDeletingService (BlockDeletingService.java:isDeletionAllowed(187)) - Close Container log Index 6 is not replicated across allthe servers in the pipeline c8578440-42c5-4fb7-aa2b-40d367ecef96 as the min replicated index is 4. Deletion is not allowed in this container yet.
2019-10-20 12:59:35,053 [pool-7-thread-1] INFO  commands.RetriableDatanodeEventWatcher (RetriableDatanodeEventWatcher.java:onTimeout(47)) - RetriableDatanodeCommand type=deleteBlocksCommand with id=1571576373054 timed out. Retrying.
2019-10-20 12:59:35,054 [SCMBlockDeletingService#0] INFO  block.SCMBlockDeletingService (SCMBlockDeletingService.java:call(184)) - Totally added 1 delete blocks command for 1 datanodes, task elapsed time: 0ms
2019-10-20 12:59:35,055 [pool-7-thread-1] INFO  commands.RetriableDatanodeEventWatcher (RetriableDatanodeEventWatcher.java:onTimeout(47)) - RetriableDatanodeCommand type=deleteBlocksCommand with id=1571576373053 timed out. Retrying.
2019-10-20 12:59:35,370 [BlockDeletingService#2] WARN  background.BlockDeletingService (BlockDeletingService.java:isDeletionAllowed(187)) - Close Container log Index 6 is not replicated across allthe servers in the pipeline c8578440-42c5-4fb7-aa2b-40d367ecef96 as the min replicated index is 4. Deletion is not allowed in this container yet.
2019-10-20 12:59:35,371 [BlockDeletingService#2] WARN  background.BlockDeletingService (BlockDeletingService.java:isDeletionAllowed(187)) - Close Container log Index 6 is not replicated across allthe servers in the pipeline c8578440-42c5-4fb7-aa2b-40d367ecef96 as the min replicated index is 4. Deletion is not allowed in this container yet.
2019-10-20 12:59:35,696 [Datanode State Machine Thread - 0] INFO  ozoneimpl.OzoneContainer (OzoneContainer.java:start(213)) - Attempting to start container services.
2019-10-20 12:59:35,696 [Datanode State Machine Thread - 0] INFO  ozoneimpl.OzoneContainer (OzoneContainer.java:startContainerScrub(177)) - Background container scanner has been disabled.
2019-10-20 12:59:35,696 [Datanode State Machine Thread - 0] INFO  ratis.XceiverServerRatis (XceiverServerRatis.java:start(418)) - Starting XceiverServerRatis 5432d864-00a4-4faa-be9e-870a49a37102 at port 42827
2019-10-20 12:59:35,706 [Datanode State Machine Thread - 0] INFO  impl.RaftServerImpl (RaftServerImpl.java:start(195)) - 5432d864-00a4-4faa-be9e-870a49a37102@group-40D367ECEF96: start as a follower, conf=0: [5432d864-00a4-4faa-be9e-870a49a37102:192.168.157.204:42827, 314f41d3-e6bb-4e9d-a30b-79c862990eb1:192.168.157.204:38880, 12b54cff-467e-45e9-ac2a-409cdcf2b905:192.168.157.204:40598], old=null
2019-10-20 12:59:35,707 [ForkJoinPool.commonPool-worker-0] INFO  impl.RaftServerImpl (RaftServerImpl.java:start(195)) - 5432d864-00a4-4faa-be9e-870a49a37102@group-41B6ABF1072B: start as a follower, conf=0: [5432d864-00a4-4faa-be9e-870a49a37102:192.168.157.204:42827], old=null
2019-10-20 12:59:35,707 [Datanode State Machine Thread - 0] INFO  impl.RaftServerImpl (RaftServerImpl.java:setRole(184)) - 5432d864-00a4-4faa-be9e-870a49a37102@group-40D367ECEF96: changes role from      null to FOLLOWER at term 6 for startAsFollower
2019-10-20 12:59:35,707 [ForkJoinPool.commonPool-worker-0] INFO  impl.RaftServerImpl (RaftServerImpl.java:setRole(184)) - 5432d864-00a4-4faa-be9e-870a49a37102@group-41B6ABF1072B: changes role from      null to FOLLOWER at term 1 for startAsFollower
2019-10-20 12:59:35,708 [Datanode State Machine Thread - 0] INFO  impl.RoleInfo (RoleInfo.java:updateAndGet(143)) - 5432d864-00a4-4faa-be9e-870a49a37102: start FollowerState
2019-10-20 12:59:35,708 [ForkJoinPool.commonPool-worker-0] INFO  impl.RoleInfo (RoleInfo.java:updateAndGet(143)) - 5432d864-00a4-4faa-be9e-870a49a37102: start FollowerState
2019-10-20 12:59:35,708 [Datanode State Machine Thread - 0] INFO  util.JmxRegister (JmxRegister.java:tryRegister(44)) - Successfully registered JMX Bean with object name Ratis:service=RaftServer,group=group-40D367ECEF96,id=5432d864-00a4-4faa-be9e-870a49a37102
2019-10-20 12:59:35,709 [ForkJoinPool.commonPool-worker-0] INFO  util.JmxRegister (JmxRegister.java:tryRegister(44)) - Successfully registered JMX Bean with object name Ratis:service=RaftServer,group=group-41B6ABF1072B,id=5432d864-00a4-4faa-be9e-870a49a37102
2019-10-20 12:59:35,711 [Datanode State Machine Thread - 0] INFO  impl.RaftServerProxy (RaftServerProxy.java:lambda$start$3(299)) - 5432d864-00a4-4faa-be9e-870a49a37102: start RPC server
2019-10-20 12:59:35,712 [Datanode State Machine Thread - 0] INFO  server.GrpcService (GrpcService.java:startImpl(158)) - 5432d864-00a4-4faa-be9e-870a49a37102: GrpcService started, listening on 0.0.0.0/0.0.0.0:42827
2019-10-20 12:59:35,824 [Thread-578] INFO  impl.FollowerState (FollowerState.java:run(108)) - 5432d864-00a4-4faa-be9e-870a49a37102@group-41B6ABF1072B-FollowerState: change to CANDIDATE, lastRpcTime:115ms, electionTimeout:115ms
2019-10-20 12:59:35,824 [Thread-578] INFO  impl.RoleInfo (RoleInfo.java:shutdownFollowerState(121)) - 5432d864-00a4-4faa-be9e-870a49a37102: shutdown FollowerState
2019-10-20 12:59:35,824 [Thread-578] INFO  impl.RaftServerImpl (RaftServerImpl.java:setRole(184)) - 5432d864-00a4-4faa-be9e-870a49a37102@group-41B6ABF1072B: changes role from  FOLLOWER to CANDIDATE at term 1 for changeToCandidate
2019-10-20 12:59:35,824 [Thread-578] INFO  impl.RoleInfo (RoleInfo.java:updateAndGet(143)) - 5432d864-00a4-4faa-be9e-870a49a37102: start LeaderElection
2019-10-20 12:59:35,844 [5432d864-00a4-4faa-be9e-870a49a37102@group-41B6ABF1072B-LeaderElection10] INFO  impl.LeaderElection (LeaderElection.java:askForVotes(178)) - 5432d864-00a4-4faa-be9e-870a49a37102@group-41B6ABF1072B-LeaderElection10: begin an election at term 2 for 0: [5432d864-00a4-4faa-be9e-870a49a37102:192.168.157.204:42827], old=null
2019-10-20 12:59:35,844 [5432d864-00a4-4faa-be9e-870a49a37102@group-41B6ABF1072B-LeaderElection10] INFO  impl.RoleInfo (RoleInfo.java:shutdownLeaderElection(134)) - 5432d864-00a4-4faa-be9e-870a49a37102: shutdown LeaderElection
2019-10-20 12:59:35,844 [5432d864-00a4-4faa-be9e-870a49a37102@group-41B6ABF1072B-LeaderElection10] INFO  impl.RaftServerImpl (RaftServerImpl.java:setRole(184)) - 5432d864-00a4-4faa-be9e-870a49a37102@group-41B6ABF1072B: changes role from CANDIDATE to LEADER at term 2 for changeToLeader
2019-10-20 12:59:35,844 [5432d864-00a4-4faa-be9e-870a49a37102@group-41B6ABF1072B-LeaderElection10] INFO  impl.RaftServerImpl (ServerState.java:setLeader(256)) - 5432d864-00a4-4faa-be9e-870a49a37102@group-41B6ABF1072B: change Leader from null to 5432d864-00a4-4faa-be9e-870a49a37102 at term 2 for becomeLeader, leader elected after 2209ms
2019-10-20 12:59:35,844 [5432d864-00a4-4faa-be9e-870a49a37102@group-41B6ABF1072B-LeaderElection10] INFO  server.RaftServerConfigKeys (ConfUtils.java:logGet(43)) - raft.server.staging.catchup.gap = 1000 (default)
2019-10-20 12:59:35,844 [5432d864-00a4-4faa-be9e-870a49a37102@group-41B6ABF1072B-LeaderElection10] INFO  server.RaftServerConfigKeys (ConfUtils.java:logGet(43)) - raft.server.rpc.sleep.time = 25ms (default)
2019-10-20 12:59:35,845 [5432d864-00a4-4faa-be9e-870a49a37102@group-41B6ABF1072B-LeaderElection10] INFO  server.RaftServerConfigKeys (ConfUtils.java:logGet(43)) - raft.server.write.element-limit = 4096 (default)
2019-10-20 12:59:35,845 [5432d864-00a4-4faa-be9e-870a49a37102@group-41B6ABF1072B-LeaderElection10] INFO  server.RaftServerConfigKeys (ConfUtils.java:logGet(43)) - raft.server.watch.timeout = 10s (default)
2019-10-20 12:59:35,845 [5432d864-00a4-4faa-be9e-870a49a37102@group-41B6ABF1072B-LeaderElection10] INFO  server.RaftServerConfigKeys (ConfUtils.java:logGet(43)) - raft.server.watch.timeout.denomination = 1s (default)
2019-10-20 12:59:35,845 [5432d864-00a4-4faa-be9e-870a49a37102@group-41B6ABF1072B-LeaderElection10] INFO  server.RaftServerConfigKeys (ConfUtils.java:logGet(43)) - raft.server.watch.element-limit = 65536 (default)
2019-10-20 12:59:35,845 [5432d864-00a4-4faa-be9e-870a49a37102@group-41B6ABF1072B-LeaderElection10] INFO  impl.RoleInfo (RoleInfo.java:updateAndGet(143)) - 5432d864-00a4-4faa-be9e-870a49a37102: start LeaderState
2019-10-20 12:59:35,846 [5432d864-00a4-4faa-be9e-870a49a37102@group-41B6ABF1072B-LeaderElection10] INFO  segmented.SegmentedRaftLogWorker (SegmentedRaftLogWorker.java:rollLogSegment(390)) - 5432d864-00a4-4faa-be9e-870a49a37102@group-41B6ABF1072B-SegmentedRaftLogWorker: Rolling segment log-0_0 to index:0
2019-10-20 12:59:35,849 [5432d864-00a4-4faa-be9e-870a49a37102@group-41B6ABF1072B-LeaderElection10] INFO  impl.RaftServerImpl (ServerState.java:setRaftConf(357)) - 5432d864-00a4-4faa-be9e-870a49a37102@group-41B6ABF1072B: set configuration 1: [5432d864-00a4-4faa-be9e-870a49a37102:192.168.157.204:42827], old=null at 1
2019-10-20 12:59:35,852 [Thread-577] INFO  impl.FollowerState (FollowerState.java:run(108)) - 5432d864-00a4-4faa-be9e-870a49a37102@group-40D367ECEF96-FollowerState: change to CANDIDATE, lastRpcTime:144ms, electionTimeout:144ms
2019-10-20 12:59:35,853 [Thread-577] INFO  impl.RoleInfo (RoleInfo.java:shutdownFollowerState(121)) - 5432d864-00a4-4faa-be9e-870a49a37102: shutdown FollowerState
2019-10-20 12:59:35,853 [Thread-577] INFO  impl.RaftServerImpl (RaftServerImpl.java:setRole(184)) - 5432d864-00a4-4faa-be9e-870a49a37102@group-40D367ECEF96: changes role from  FOLLOWER to CANDIDATE at term 6 for changeToCandidate
2019-10-20 12:59:35,853 [Thread-577] INFO  impl.RoleInfo (RoleInfo.java:updateAndGet(143)) - 5432d864-00a4-4faa-be9e-870a49a37102: start LeaderElection
2019-10-20 12:59:35,853 [5432d864-00a4-4faa-be9e-870a49a37102@group-41B6ABF1072B-SegmentedRaftLogWorker] INFO  segmented.SegmentedRaftLogWorker (SegmentedRaftLogWorker.java:execute(533)) - 5432d864-00a4-4faa-be9e-870a49a37102@group-41B6ABF1072B-SegmentedRaftLogWorker: Rolled log segment from /workdir/hadoop-ozone/integration-test/target/test-dir/MiniOzoneClusterImpl-6483733d-4f93-4870-817e-1c1dc2569cfd/datanode-2/data/ratis/a8aecd8f-945f-4423-9965-41b6abf1072b/current/log_inprogress_0 to /workdir/hadoop-ozone/integration-test/target/test-dir/MiniOzoneClusterImpl-6483733d-4f93-4870-817e-1c1dc2569cfd/datanode-2/data/ratis/a8aecd8f-945f-4423-9965-41b6abf1072b/current/log_0-0
2019-10-20 12:59:35,868 [5432d864-00a4-4faa-be9e-870a49a37102@group-40D367ECEF96-LeaderElection11] INFO  impl.LeaderElection (LeaderElection.java:askForVotes(178)) - 5432d864-00a4-4faa-be9e-870a49a37102@group-40D367ECEF96-LeaderElection11: begin an election at term 7 for 0: [5432d864-00a4-4faa-be9e-870a49a37102:192.168.157.204:42827, 314f41d3-e6bb-4e9d-a30b-79c862990eb1:192.168.157.204:38880, 12b54cff-467e-45e9-ac2a-409cdcf2b905:192.168.157.204:40598], old=null
2019-10-20 12:59:35,896 [grpc-default-executor-3] INFO  impl.RaftServerImpl (ServerState.java:setLeader(256)) - 12b54cff-467e-45e9-ac2a-409cdcf2b905@group-40D367ECEF96: change Leader from 314f41d3-e6bb-4e9d-a30b-79c862990eb1 to null at term 7 for updateCurrentTerm
2019-10-20 12:59:35,898 [grpc-default-executor-1] INFO  impl.RaftServerImpl (ServerState.java:setLeader(256)) - 314f41d3-e6bb-4e9d-a30b-79c862990eb1@group-40D367ECEF96: change Leader from 314f41d3-e6bb-4e9d-a30b-79c862990eb1 to null at term 7 for updateCurrentTerm
2019-10-20 12:59:35,898 [grpc-default-executor-3] INFO  impl.RaftServerImpl (RaftServerImpl.java:setRole(184)) - 12b54cff-467e-45e9-ac2a-409cdcf2b905@group-40D367ECEF96: changes role from  FOLLOWER to FOLLOWER at term 7 for recognizeCandidate:5432d864-00a4-4faa-be9e-870a49a37102
2019-10-20 12:59:35,898 [grpc-default-executor-1] INFO  impl.RaftServerImpl (RaftServerImpl.java:setRole(184)) - 314f41d3-e6bb-4e9d-a30b-79c862990eb1@group-40D367ECEF96: changes role from    LEADER to FOLLOWER at term 7 for recognizeCandidate:5432d864-00a4-4faa-be9e-870a49a37102
2019-10-20 12:59:35,898 [grpc-default-executor-3] INFO  impl.RoleInfo (RoleInfo.java:shutdownFollowerState(121)) - 12b54cff-467e-45e9-ac2a-409cdcf2b905: shutdown FollowerState
2019-10-20 12:59:35,898 [grpc-default-executor-1] INFO  impl.RoleInfo (RoleInfo.java:shutdownLeaderState(104)) - 314f41d3-e6bb-4e9d-a30b-79c862990eb1: shutdown LeaderState
2019-10-20 12:59:35,898 [Thread-254] INFO  impl.FollowerState (FollowerState.java:run(117)) - 12b54cff-467e-45e9-ac2a-409cdcf2b905@group-40D367ECEF96-FollowerState was interrupted: java.lang.InterruptedException: sleep interrupted
2019-10-20 12:59:35,898 [grpc-default-executor-3] INFO  impl.RoleInfo (RoleInfo.java:updateAndGet(143)) - 12b54cff-467e-45e9-ac2a-409cdcf2b905: start FollowerState
2019-10-20 12:59:35,900 [org.apache.ratis.server.impl.LogAppender$AppenderDaemon$$Lambda$412/1349782020@72434985] WARN  server.GrpcLogAppender (GrpcLogAppender.java:mayWait(149)) - 314f41d3-e6bb-4e9d-a30b-79c862990eb1@group-40D367ECEF96->12b54cff-467e-45e9-ac2a-409cdcf2b905-GrpcLogAppender: Wait interrupted by java.lang.InterruptedException
2019-10-20 12:59:35,900 [org.apache.ratis.server.impl.LogAppender$AppenderDaemon$$Lambda$412/1349782020@434a2fe1] WARN  server.GrpcLogAppender (GrpcLogAppender.java:mayWait(149)) - 314f41d3-e6bb-4e9d-a30b-79c862990eb1@group-40D367ECEF96->5432d864-00a4-4faa-be9e-870a49a37102-GrpcLogAppender: Wait interrupted by java.lang.InterruptedException
2019-10-20 12:59:35,902 [5432d864-00a4-4faa-be9e-870a49a37102@group-41B6ABF1072B-SegmentedRaftLogWorker] INFO  segmented.SegmentedRaftLogWorker (SegmentedRaftLogWorker.java:execute(576)) - 5432d864-00a4-4faa-be9e-870a49a37102@group-41B6ABF1072B-SegmentedRaftLogWorker: created new log segment /workdir/hadoop-ozone/integration-test/target/test-dir/MiniOzoneClusterImpl-6483733d-4f93-4870-817e-1c1dc2569cfd/datanode-2/data/ratis/a8aecd8f-945f-4423-9965-41b6abf1072b/current/log_inprogress_1
2019-10-20 12:59:35,900 [grpc-default-executor-1] INFO  impl.PendingRequests (PendingRequests.java:sendNotLeaderResponses(202)) - 314f41d3-e6bb-4e9d-a30b-79c862990eb1@group-40D367ECEF96-PendingRequests: sendNotLeaderResponses
2019-10-20 12:59:35,903 [grpc-default-executor-6] INFO  server.GrpcServerProtocolService (GrpcServerProtocolService.java:onCompleted(113)) - 12b54cff-467e-45e9-ac2a-409cdcf2b905: Completed APPEND_ENTRIES, lastRequest: 314f41d3-e6bb-4e9d-a30b-79c862990eb1->12b54cff-467e-45e9-ac2a-409cdcf2b905#52-t6, previous=(t:6, i:10), leaderCommit=10, initializing? false, entries: <empty>
2019-10-20 12:59:35,905 [Thread-587] INFO  client.GrpcClientProtocolService (GrpcClientProtocolService.java:lambda$processClientRequest$0(278)) - Failed RaftClientRequest:client-5F43918617A9->314f41d3-e6bb-4e9d-a30b-79c862990eb1@group-40D367ECEF96, cid=10, seq=0, Watch-ALL_COMMITTED(6), Message:<EMPTY>, reply=RaftClientReply:client-5F43918617A9->314f41d3-e6bb-4e9d-a30b-79c862990eb1@group-40D367ECEF96, cid=10, FAILED org.apache.ratis.protocol.NotLeaderException: Server 314f41d3-e6bb-4e9d-a30b-79c862990eb1@group-40D367ECEF96 is not the leader, logIndex=0, commits[314f41d3-e6bb-4e9d-a30b-79c862990eb1:c10, 5432d864-00a4-4faa-be9e-870a49a37102:c4, 12b54cff-467e-45e9-ac2a-409cdcf2b905:c10]
2019-10-20 12:59:35,905 [grpc-default-executor-1] INFO  impl.RoleInfo (RoleInfo.java:updateAndGet(143)) - 314f41d3-e6bb-4e9d-a30b-79c862990eb1: start FollowerState
2019-10-20 12:59:35,911 [grpc-default-executor-8] INFO  server.GrpcLogAppender (GrpcLogAppender.java:onCompleted(308)) - 314f41d3-e6bb-4e9d-a30b-79c862990eb1@group-40D367ECEF96->12b54cff-467e-45e9-ac2a-409cdcf2b905-AppendLogResponseHandler: follower responses appendEntries COMPLETED
2019-10-20 12:59:35,913 [grpc-default-executor-8] INFO  impl.FollowerInfo (FollowerInfo.java:lambda$new$0(51)) - 314f41d3-e6bb-4e9d-a30b-79c862990eb1@group-40D367ECEF96->12b54cff-467e-45e9-ac2a-409cdcf2b905: nextIndex: updateUnconditionally 11 -> 10
2019-10-20 12:59:35,918 [5432d864-00a4-4faa-be9e-870a49a37102@group-40D367ECEF96-LeaderElection11] INFO  impl.LeaderElection (LeaderElection.java:logAndReturn(56)) - 5432d864-00a4-4faa-be9e-870a49a37102@group-40D367ECEF96-LeaderElection11: Election REJECTED; received 2 response(s) [5432d864-00a4-4faa-be9e-870a49a37102<-12b54cff-467e-45e9-ac2a-409cdcf2b905#0:FAIL-t7, 5432d864-00a4-4faa-be9e-870a49a37102<-314f41d3-e6bb-4e9d-a30b-79c862990eb1#0:FAIL-t7] and 0 exception(s); 5432d864-00a4-4faa-be9e-870a49a37102@group-40D367ECEF96:t7, leader=null, voted=5432d864-00a4-4faa-be9e-870a49a37102, raftlog=5432d864-00a4-4faa-be9e-870a49a37102@group-40D367ECEF96-SegmentedRaftLog:OPENED:c3,f4,i4, conf=0: [5432d864-00a4-4faa-be9e-870a49a37102:192.168.157.204:42827, 314f41d3-e6bb-4e9d-a30b-79c862990eb1:192.168.157.204:38880, 12b54cff-467e-45e9-ac2a-409cdcf2b905:192.168.157.204:40598], old=null
2019-10-20 12:59:35,918 [5432d864-00a4-4faa-be9e-870a49a37102@group-40D367ECEF96-LeaderElection11] INFO  impl.RaftServerImpl (RaftServerImpl.java:setRole(184)) - 5432d864-00a4-4faa-be9e-870a49a37102@group-40D367ECEF96: changes role from CANDIDATE to FOLLOWER at term 7 for DISCOVERED_A_NEW_TERM
2019-10-20 12:59:35,920 [5432d864-00a4-4faa-be9e-870a49a37102@group-40D367ECEF96-LeaderElection11] INFO  impl.RoleInfo (RoleInfo.java:shutdownLeaderElection(134)) - 5432d864-00a4-4faa-be9e-870a49a37102: shutdown LeaderElection
2019-10-20 12:59:35,920 [5432d864-00a4-4faa-be9e-870a49a37102@group-40D367ECEF96-LeaderElection11] INFO  impl.RoleInfo (RoleInfo.java:updateAndGet(143)) - 5432d864-00a4-4faa-be9e-870a49a37102: start FollowerState
2019-10-20 12:59:35,957 [java.util.concurrent.ThreadPoolExecutor$Worker@25aa6eee[State = -1, empty queue]] WARN  server.GrpcLogAppender (GrpcLogAppender.java:timeoutAppendRequest(209)) - 314f41d3-e6bb-4e9d-a30b-79c862990eb1@group-40D367ECEF96->5432d864-00a4-4faa-be9e-870a49a37102-GrpcLogAppender: appendEntries Timeout, request=314f41d3-e6bb-4e9d-a30b-79c862990eb1->5432d864-00a4-4faa-be9e-870a49a37102#51-t6, previous=(t:6, i:10), leaderCommit=10, initializing? false, entries: <empty>
2019-10-20 12:59:36,012 [Thread-589] INFO  impl.FollowerState (FollowerState.java:run(108)) - 5432d864-00a4-4faa-be9e-870a49a37102@group-40D367ECEF96-FollowerState: change to CANDIDATE, lastRpcTime:92ms, electionTimeout:91ms
2019-10-20 12:59:36,012 [Thread-589] INFO  impl.RoleInfo (RoleInfo.java:shutdownFollowerState(121)) - 5432d864-00a4-4faa-be9e-870a49a37102: shutdown FollowerState
2019-10-20 12:59:36,012 [Thread-589] INFO  impl.RaftServerImpl (RaftServerImpl.java:setRole(184)) - 5432d864-00a4-4faa-be9e-870a49a37102@group-40D367ECEF96: changes role from  FOLLOWER to CANDIDATE at term 7 for changeToCandidate
2019-10-20 12:59:36,013 [Thread-589] INFO  impl.RoleInfo (RoleInfo.java:updateAndGet(143)) - 5432d864-00a4-4faa-be9e-870a49a37102: start LeaderElection
2019-10-20 12:59:36,028 [5432d864-00a4-4faa-be9e-870a49a37102@group-40D367ECEF96-LeaderElection12] INFO  impl.LeaderElection (LeaderElection.java:askForVotes(178)) - 5432d864-00a4-4faa-be9e-870a49a37102@group-40D367ECEF96-LeaderElection12: begin an election at term 8 for 0: [5432d864-00a4-4faa-be9e-870a49a37102:192.168.157.204:42827, 314f41d3-e6bb-4e9d-a30b-79c862990eb1:192.168.157.204:38880, 12b54cff-467e-45e9-ac2a-409cdcf2b905:192.168.157.204:40598], old=null
2019-10-20 12:59:36,033 [grpc-default-executor-3] INFO  impl.RaftServerImpl (RaftServerImpl.java:setRole(184)) - 314f41d3-e6bb-4e9d-a30b-79c862990eb1@group-40D367ECEF96: changes role from  FOLLOWER to FOLLOWER at term 8 for recognizeCandidate:5432d864-00a4-4faa-be9e-870a49a37102
2019-10-20 12:59:36,033 [grpc-default-executor-1] INFO  impl.RaftServerImpl (RaftServerImpl.java:setRole(184)) - 12b54cff-467e-45e9-ac2a-409cdcf2b905@group-40D367ECEF96: changes role from  FOLLOWER to FOLLOWER at term 8 for recognizeCandidate:5432d864-00a4-4faa-be9e-870a49a37102
2019-10-20 12:59:36,033 [grpc-default-executor-3] INFO  impl.RoleInfo (RoleInfo.java:shutdownFollowerState(121)) - 314f41d3-e6bb-4e9d-a30b-79c862990eb1: shutdown FollowerState
2019-10-20 12:59:36,033 [grpc-default-executor-1] INFO  impl.RoleInfo (RoleInfo.java:shutdownFollowerState(121)) - 12b54cff-467e-45e9-ac2a-409cdcf2b905: shutdown FollowerState
2019-10-20 12:59:36,033 [grpc-default-executor-3] INFO  impl.RoleInfo (RoleInfo.java:updateAndGet(143)) - 314f41d3-e6bb-4e9d-a30b-79c862990eb1: start FollowerState
2019-10-20 12:59:36,033 [Thread-586] INFO  impl.FollowerState (FollowerState.java:run(117)) - 12b54cff-467e-45e9-ac2a-409cdcf2b905@group-40D367ECEF96-FollowerState was interrupted: java.lang.InterruptedException: sleep interrupted
2019-10-20 12:59:36,033 [grpc-default-executor-1] INFO  impl.RoleInfo (RoleInfo.java:updateAndGet(143)) - 12b54cff-467e-45e9-ac2a-409cdcf2b905: start FollowerState
2019-10-20 12:59:36,033 [Thread-588] INFO  impl.FollowerState (FollowerState.java:run(117)) - 314f41d3-e6bb-4e9d-a30b-79c862990eb1@group-40D367ECEF96-FollowerState was interrupted: java.lang.InterruptedException: sleep interrupted
2019-10-20 12:59:36,131 [5432d864-00a4-4faa-be9e-870a49a37102@group-40D367ECEF96-LeaderElection12] INFO  impl.LeaderElection (LeaderElection.java:logAndReturn(56)) - 5432d864-00a4-4faa-be9e-870a49a37102@group-40D367ECEF96-LeaderElection12: Election TIMEOUT; received 0 response(s) [] and 0 exception(s); 5432d864-00a4-4faa-be9e-870a49a37102@group-40D367ECEF96:t8, leader=null, voted=5432d864-00a4-4faa-be9e-870a49a37102, raftlog=5432d864-00a4-4faa-be9e-870a49a37102@group-40D367ECEF96-SegmentedRaftLog:OPENED:c3,f4,i4, conf=0: [5432d864-00a4-4faa-be9e-870a49a37102:192.168.157.204:42827, 314f41d3-e6bb-4e9d-a30b-79c862990eb1:192.168.157.204:38880, 12b54cff-467e-45e9-ac2a-409cdcf2b905:192.168.157.204:40598], old=null
2019-10-20 12:59:36,137 [pool-7-thread-1] INFO  commands.RetriableDatanodeEventWatcher (RetriableDatanodeEventWatcher.java:onTimeout(47)) - RetriableDatanodeCommand type=deleteBlocksCommand with id=1571576373053 timed out. Retrying.
2019-10-20 12:59:36,137 [pool-7-thread-2] INFO  commands.RetriableDatanodeEventWatcher (RetriableDatanodeEventWatcher.java:onTimeout(47)) - RetriableDatanodeCommand type=deleteBlocksCommand with id=1571576373055 timed out. Retrying.
2019-10-20 12:59:36,143 [pool-7-thread-3] INFO  commands.RetriableDatanodeEventWatcher (RetriableDatanodeEventWatcher.java:onTimeout(47)) - RetriableDatanodeCommand type=deleteBlocksCommand with id=1571576373054 timed out. Retrying.
2019-10-20 12:59:36,143 [SCMBlockDeletingService#0] INFO  block.SCMBlockDeletingService (SCMBlockDeletingService.java:call(184)) - Totally added 1 delete blocks command for 1 datanodes, task elapsed time: 6ms
2019-10-20 12:59:36,147 [5432d864-00a4-4faa-be9e-870a49a37102@group-40D367ECEF96-LeaderElection12] INFO  impl.LeaderElection (LeaderElection.java:askForVotes(178)) - 5432d864-00a4-4faa-be9e-870a49a37102@group-40D367ECEF96-LeaderElection12: begin an election at term 9 for 0: [5432d864-00a4-4faa-be9e-870a49a37102:192.168.157.204:42827, 314f41d3-e6bb-4e9d-a30b-79c862990eb1:192.168.157.204:38880, 12b54cff-467e-45e9-ac2a-409cdcf2b905:192.168.157.204:40598], old=null
2019-10-20 12:59:36,152 [grpc-default-executor-3] INFO  impl.RaftServerImpl (RaftServerImpl.java:setRole(184)) - 314f41d3-e6bb-4e9d-a30b-79c862990eb1@group-40D367ECEF96: changes role from  FOLLOWER to FOLLOWER at term 9 for recognizeCandidate:5432d864-00a4-4faa-be9e-870a49a37102
2019-10-20 12:59:36,152 [grpc-default-executor-3] INFO  impl.RoleInfo (RoleInfo.java:shutdownFollowerState(121)) - 314f41d3-e6bb-4e9d-a30b-79c862990eb1: shutdown FollowerState
2019-10-20 12:59:36,153 [grpc-default-executor-3] INFO  impl.RoleInfo (RoleInfo.java:updateAndGet(143)) - 314f41d3-e6bb-4e9d-a30b-79c862990eb1: start FollowerState
2019-10-20 12:59:36,153 [Thread-593] INFO  impl.FollowerState (FollowerState.java:run(117)) - 314f41d3-e6bb-4e9d-a30b-79c862990eb1@group-40D367ECEF96-FollowerState was interrupted: java.lang.InterruptedException: sleep interrupted
2019-10-20 12:59:36,153 [grpc-default-executor-1] INFO  impl.RaftServerImpl (RaftServerImpl.java:setRole(184)) - 12b54cff-467e-45e9-ac2a-409cdcf2b905@group-40D367ECEF96: changes role from  FOLLOWER to FOLLOWER at term 9 for recognizeCandidate:5432d864-00a4-4faa-be9e-870a49a37102
2019-10-20 12:59:36,154 [grpc-default-executor-1] INFO  impl.RoleInfo (RoleInfo.java:shutdownFollowerState(121)) - 12b54cff-467e-45e9-ac2a-409cdcf2b905: shutdown FollowerState
2019-10-20 12:59:36,154 [grpc-default-executor-1] INFO  impl.RoleInfo (RoleInfo.java:updateAndGet(143)) - 12b54cff-467e-45e9-ac2a-409cdcf2b905: start FollowerState
2019-10-20 12:59:36,155 [Thread-594] INFO  impl.FollowerState (FollowerState.java:run(117)) - 12b54cff-467e-45e9-ac2a-409cdcf2b905@group-40D367ECEF96-FollowerState was interrupted: java.lang.InterruptedException: sleep interrupted
2019-10-20 12:59:36,168 [5432d864-00a4-4faa-be9e-870a49a37102@group-40D367ECEF96-LeaderElection12] INFO  impl.LeaderElection (LeaderElection.java:logAndReturn(56)) - 5432d864-00a4-4faa-be9e-870a49a37102@group-40D367ECEF96-LeaderElection12: Election REJECTED; received 2 response(s) [5432d864-00a4-4faa-be9e-870a49a37102<-314f41d3-e6bb-4e9d-a30b-79c862990eb1#0:FAIL-t9, 5432d864-00a4-4faa-be9e-870a49a37102<-12b54cff-467e-45e9-ac2a-409cdcf2b905#0:FAIL-t9] and 0 exception(s); 5432d864-00a4-4faa-be9e-870a49a37102@group-40D367ECEF96:t9, leader=null, voted=5432d864-00a4-4faa-be9e-870a49a37102, raftlog=5432d864-00a4-4faa-be9e-870a49a37102@group-40D367ECEF96-SegmentedRaftLog:OPENED:c3,f4,i4, conf=0: [5432d864-00a4-4faa-be9e-870a49a37102:192.168.157.204:42827, 314f41d3-e6bb-4e9d-a30b-79c862990eb1:192.168.157.204:38880, 12b54cff-467e-45e9-ac2a-409cdcf2b905:192.168.157.204:40598], old=null
2019-10-20 12:59:36,169 [5432d864-00a4-4faa-be9e-870a49a37102@group-40D367ECEF96-LeaderElection12] INFO  impl.RaftServerImpl (RaftServerImpl.java:setRole(184)) - 5432d864-00a4-4faa-be9e-870a49a37102@group-40D367ECEF96: changes role from CANDIDATE to FOLLOWER at term 9 for DISCOVERED_A_NEW_TERM
2019-10-20 12:59:36,170 [5432d864-00a4-4faa-be9e-870a49a37102@group-40D367ECEF96-LeaderElection12] INFO  impl.RoleInfo (RoleInfo.java:shutdownLeaderElection(134)) - 5432d864-00a4-4faa-be9e-870a49a37102: shutdown LeaderElection
2019-10-20 12:59:36,170 [5432d864-00a4-4faa-be9e-870a49a37102@group-40D367ECEF96-LeaderElection12] INFO  impl.RoleInfo (RoleInfo.java:updateAndGet(143)) - 5432d864-00a4-4faa-be9e-870a49a37102: start FollowerState
2019-10-20 12:59:36,359 [Thread-599] INFO  impl.FollowerState (FollowerState.java:run(108)) - 5432d864-00a4-4faa-be9e-870a49a37102@group-40D367ECEF96-FollowerState: change to CANDIDATE, lastRpcTime:189ms, electionTimeout:188ms
2019-10-20 12:59:36,361 [Thread-599] INFO  impl.RoleInfo (RoleInfo.java:shutdownFollowerState(121)) - 5432d864-00a4-4faa-be9e-870a49a37102: shutdown FollowerState
2019-10-20 12:59:36,361 [Thread-599] INFO  impl.RaftServerImpl (RaftServerImpl.java:setRole(184)) - 5432d864-00a4-4faa-be9e-870a49a37102@group-40D367ECEF96: changes role from  FOLLOWER to CANDIDATE at term 9 for changeToCandidate
2019-10-20 12:59:36,361 [Thread-599] INFO  impl.RoleInfo (RoleInfo.java:updateAndGet(143)) - 5432d864-00a4-4faa-be9e-870a49a37102: start LeaderElection
2019-10-20 12:59:36,372 [BlockDeletingService#2] WARN  background.BlockDeletingService (BlockDeletingService.java:isDeletionAllowed(187)) - Close Container log Index 6 is not replicated across allthe servers in the pipeline c8578440-42c5-4fb7-aa2b-40d367ecef96 as the min replicated index is 4. Deletion is not allowed in this container yet.
2019-10-20 12:59:36,372 [BlockDeletingService#2] WARN  background.BlockDeletingService (BlockDeletingService.java:isDeletionAllowed(187)) - Close Container log Index 6 is not replicated across allthe servers in the pipeline c8578440-42c5-4fb7-aa2b-40d367ecef96 as the min replicated index is 4. Deletion is not allowed in this container yet.
2019-10-20 12:59:36,376 [5432d864-00a4-4faa-be9e-870a49a37102@group-40D367ECEF96-LeaderElection13] INFO  impl.LeaderElection (LeaderElection.java:askForVotes(178)) - 5432d864-00a4-4faa-be9e-870a49a37102@group-40D367ECEF96-LeaderElection13: begin an election at term 10 for 0: [5432d864-00a4-4faa-be9e-870a49a37102:192.168.157.204:42827, 314f41d3-e6bb-4e9d-a30b-79c862990eb1:192.168.157.204:38880, 12b54cff-467e-45e9-ac2a-409cdcf2b905:192.168.157.204:40598], old=null
2019-10-20 12:59:36,380 [grpc-default-executor-3] INFO  impl.RaftServerImpl (RaftServerImpl.java:setRole(184)) - 12b54cff-467e-45e9-ac2a-409cdcf2b905@group-40D367ECEF96: changes role from  FOLLOWER to FOLLOWER at term 10 for recognizeCandidate:5432d864-00a4-4faa-be9e-870a49a37102
2019-10-20 12:59:36,381 [grpc-default-executor-3] INFO  impl.RoleInfo (RoleInfo.java:shutdownFollowerState(121)) - 12b54cff-467e-45e9-ac2a-409cdcf2b905: shutdown FollowerState
2019-10-20 12:59:36,381 [grpc-default-executor-3] INFO  impl.RoleInfo (RoleInfo.java:updateAndGet(143)) - 12b54cff-467e-45e9-ac2a-409cdcf2b905: start FollowerState
2019-10-20 12:59:36,381 [Thread-598] INFO  impl.FollowerState (FollowerState.java:run(117)) - 12b54cff-467e-45e9-ac2a-409cdcf2b905@group-40D367ECEF96-FollowerState was interrupted: java.lang.InterruptedException: sleep interrupted
2019-10-20 12:59:36,383 [grpc-default-executor-1] INFO  impl.RaftServerImpl (RaftServerImpl.java:setRole(184)) - 314f41d3-e6bb-4e9d-a30b-79c862990eb1@group-40D367ECEF96: changes role from  FOLLOWER to FOLLOWER at term 10 for recognizeCandidate:5432d864-00a4-4faa-be9e-870a49a37102
2019-10-20 12:59:36,383 [grpc-default-executor-1] INFO  impl.RoleInfo (RoleInfo.java:shutdownFollowerState(121)) - 314f41d3-e6bb-4e9d-a30b-79c862990eb1: shutdown FollowerState
2019-10-20 12:59:36,383 [Thread-597] INFO  impl.FollowerState (FollowerState.java:run(117)) - 314f41d3-e6bb-4e9d-a30b-79c862990eb1@group-40D367ECEF96-FollowerState was interrupted: java.lang.InterruptedException: sleep interrupted
2019-10-20 12:59:36,383 [grpc-default-executor-1] INFO  impl.RoleInfo (RoleInfo.java:updateAndGet(143)) - 314f41d3-e6bb-4e9d-a30b-79c862990eb1: start FollowerState
2019-10-20 12:59:36,392 [5432d864-00a4-4faa-be9e-870a49a37102@group-40D367ECEF96-LeaderElection13] INFO  impl.LeaderElection (LeaderElection.java:logAndReturn(56)) - 5432d864-00a4-4faa-be9e-870a49a37102@group-40D367ECEF96-LeaderElection13: Election REJECTED; received 2 response(s) [5432d864-00a4-4faa-be9e-870a49a37102<-12b54cff-467e-45e9-ac2a-409cdcf2b905#0:FAIL-t10, 5432d864-00a4-4faa-be9e-870a49a37102<-314f41d3-e6bb-4e9d-a30b-79c862990eb1#0:FAIL-t10] and 0 exception(s); 5432d864-00a4-4faa-be9e-870a49a37102@group-40D367ECEF96:t10, leader=null, voted=5432d864-00a4-4faa-be9e-870a49a37102, raftlog=5432d864-00a4-4faa-be9e-870a49a37102@group-40D367ECEF96-SegmentedRaftLog:OPENED:c3,f4,i4, conf=0: [5432d864-00a4-4faa-be9e-870a49a37102:192.168.157.204:42827, 314f41d3-e6bb-4e9d-a30b-79c862990eb1:192.168.157.204:38880, 12b54cff-467e-45e9-ac2a-409cdcf2b905:192.168.157.204:40598], old=null
2019-10-20 12:59:36,393 [5432d864-00a4-4faa-be9e-870a49a37102@group-40D367ECEF96-LeaderElection13] INFO  impl.RaftServerImpl (RaftServerImpl.java:setRole(184)) - 5432d864-00a4-4faa-be9e-870a49a37102@group-40D367ECEF96: changes role from CANDIDATE to FOLLOWER at term 10 for DISCOVERED_A_NEW_TERM
2019-10-20 12:59:36,394 [5432d864-00a4-4faa-be9e-870a49a37102@group-40D367ECEF96-LeaderElection13] INFO  impl.RoleInfo (RoleInfo.java:shutdownLeaderElection(134)) - 5432d864-00a4-4faa-be9e-870a49a37102: shutdown LeaderElection
2019-10-20 12:59:36,394 [5432d864-00a4-4faa-be9e-870a49a37102@group-40D367ECEF96-LeaderElection13] INFO  impl.RoleInfo (RoleInfo.java:updateAndGet(143)) - 5432d864-00a4-4faa-be9e-870a49a37102: start FollowerState
2019-10-20 12:59:36,440 [Thread-607] INFO  impl.FollowerState (FollowerState.java:run(108)) - 5432d864-00a4-4faa-be9e-870a49a37102@group-40D367ECEF96-FollowerState: change to CANDIDATE, lastRpcTime:46ms, electionTimeout:45ms
2019-10-20 12:59:36,441 [Thread-607] INFO  impl.RoleInfo (RoleInfo.java:shutdownFollowerState(121)) - 5432d864-00a4-4faa-be9e-870a49a37102: shutdown FollowerState
2019-10-20 12:59:36,441 [Thread-607] INFO  impl.RaftServerImpl (RaftServerImpl.java:setRole(184)) - 5432d864-00a4-4faa-be9e-870a49a37102@group-40D367ECEF96: changes role from  FOLLOWER to CANDIDATE at term 10 for changeToCandidate
2019-10-20 12:59:36,441 [Thread-607] INFO  impl.RoleInfo (RoleInfo.java:updateAndGet(143)) - 5432d864-00a4-4faa-be9e-870a49a37102: start LeaderElection
2019-10-20 12:59:36,456 [5432d864-00a4-4faa-be9e-870a49a37102@group-40D367ECEF96-LeaderElection14] INFO  impl.LeaderElection (LeaderElection.java:askForVotes(178)) - 5432d864-00a4-4faa-be9e-870a49a37102@group-40D367ECEF96-LeaderElection14: begin an election at term 11 for 0: [5432d864-00a4-4faa-be9e-870a49a37102:192.168.157.204:42827, 314f41d3-e6bb-4e9d-a30b-79c862990eb1:192.168.157.204:38880, 12b54cff-467e-45e9-ac2a-409cdcf2b905:192.168.157.204:40598], old=null
2019-10-20 12:59:36,460 [grpc-default-executor-3] INFO  impl.RaftServerImpl (RaftServerImpl.java:setRole(184)) - 314f41d3-e6bb-4e9d-a30b-79c862990eb1@group-40D367ECEF96: changes role from  FOLLOWER to FOLLOWER at term 11 for recognizeCandidate:5432d864-00a4-4faa-be9e-870a49a37102
2019-10-20 12:59:36,461 [grpc-default-executor-3] INFO  impl.RoleInfo (RoleInfo.java:shutdownFollowerState(121)) - 314f41d3-e6bb-4e9d-a30b-79c862990eb1: shutdown FollowerState
2019-10-20 12:59:36,462 [grpc-default-executor-1] INFO  impl.RaftServerImpl (RaftServerImpl.java:setRole(184)) - 12b54cff-467e-45e9-ac2a-409cdcf2b905@group-40D367ECEF96: changes role from  FOLLOWER to FOLLOWER at term 11 for recognizeCandidate:5432d864-00a4-4faa-be9e-870a49a37102
2019-10-20 12:59:36,462 [Thread-606] INFO  impl.FollowerState (FollowerState.java:run(117)) - 314f41d3-e6bb-4e9d-a30b-79c862990eb1@group-40D367ECEF96-FollowerState was interrupted: java.lang.InterruptedException: sleep interrupted
2019-10-20 12:59:36,462 [grpc-default-executor-3] INFO  impl.RoleInfo (RoleInfo.java:updateAndGet(143)) - 314f41d3-e6bb-4e9d-a30b-79c862990eb1: start FollowerState
2019-10-20 12:59:36,462 [grpc-default-executor-1] INFO  impl.RoleInfo (RoleInfo.java:shutdownFollowerState(121)) - 12b54cff-467e-45e9-ac2a-409cdcf2b905: shutdown FollowerState
2019-10-20 12:59:36,463 [grpc-default-executor-1] INFO  impl.RoleInfo (RoleInfo.java:updateAndGet(143)) - 12b54cff-467e-45e9-ac2a-409cdcf2b905: start FollowerState
2019-10-20 12:59:36,463 [Thread-605] INFO  impl.FollowerState (FollowerState.java:run(117)) - 12b54cff-467e-45e9-ac2a-409cdcf2b905@group-40D367ECEF96-FollowerState was interrupted: java.lang.InterruptedException: sleep interrupted
2019-10-20 12:59:36,478 [5432d864-00a4-4faa-be9e-870a49a37102@group-40D367ECEF96-LeaderElection14] INFO  impl.LeaderElection (LeaderElection.java:logAndReturn(56)) - 5432d864-00a4-4faa-be9e-870a49a37102@group-40D367ECEF96-LeaderElection14: Election REJECTED; received 2 response(s) [5432d864-00a4-4faa-be9e-870a49a37102<-12b54cff-467e-45e9-ac2a-409cdcf2b905#0:FAIL-t11, 5432d864-00a4-4faa-be9e-870a49a37102<-314f41d3-e6bb-4e9d-a30b-79c862990eb1#0:FAIL-t11] and 0 exception(s); 5432d864-00a4-4faa-be9e-870a49a37102@group-40D367ECEF96:t11, leader=null, voted=5432d864-00a4-4faa-be9e-870a49a37102, raftlog=5432d864-00a4-4faa-be9e-870a49a37102@group-40D367ECEF96-SegmentedRaftLog:OPENED:c3,f4,i4, conf=0: [5432d864-00a4-4faa-be9e-870a49a37102:192.168.157.204:42827, 314f41d3-e6bb-4e9d-a30b-79c862990eb1:192.168.157.204:38880, 12b54cff-467e-45e9-ac2a-409cdcf2b905:192.168.157.204:40598], old=null
2019-10-20 12:59:36,479 [5432d864-00a4-4faa-be9e-870a49a37102@group-40D367ECEF96-LeaderElection14] INFO  impl.RaftServerImpl (RaftServerImpl.java:setRole(184)) - 5432d864-00a4-4faa-be9e-870a49a37102@group-40D367ECEF96: changes role from CANDIDATE to FOLLOWER at term 11 for DISCOVERED_A_NEW_TERM
2019-10-20 12:59:36,480 [5432d864-00a4-4faa-be9e-870a49a37102@group-40D367ECEF96-LeaderElection14] INFO  impl.RoleInfo (RoleInfo.java:shutdownLeaderElection(134)) - 5432d864-00a4-4faa-be9e-870a49a37102: shutdown LeaderElection
2019-10-20 12:59:36,481 [5432d864-00a4-4faa-be9e-870a49a37102@group-40D367ECEF96-LeaderElection14] INFO  impl.RoleInfo (RoleInfo.java:updateAndGet(143)) - 5432d864-00a4-4faa-be9e-870a49a37102: start FollowerState
2019-10-20 12:59:36,528 [Thread-613] INFO  impl.FollowerState (FollowerState.java:run(108)) - 5432d864-00a4-4faa-be9e-870a49a37102@group-40D367ECEF96-FollowerState: change to CANDIDATE, lastRpcTime:47ms, electionTimeout:46ms
2019-10-20 12:59:36,529 [Thread-613] INFO  impl.RoleInfo (RoleInfo.java:shutdownFollowerState(121)) - 5432d864-00a4-4faa-be9e-870a49a37102: shutdown FollowerState
2019-10-20 12:59:36,529 [Thread-613] INFO  impl.RaftServerImpl (RaftServerImpl.java:setRole(184)) - 5432d864-00a4-4faa-be9e-870a49a37102@group-40D367ECEF96: changes role from  FOLLOWER to CANDIDATE at term 11 for changeToCandidate
2019-10-20 12:59:36,529 [Thread-613] INFO  impl.RoleInfo (RoleInfo.java:updateAndGet(143)) - 5432d864-00a4-4faa-be9e-870a49a37102: start LeaderElection
2019-10-20 12:59:36,543 [5432d864-00a4-4faa-be9e-870a49a37102@group-40D367ECEF96-LeaderElection15] INFO  impl.LeaderElection (LeaderElection.java:askForVotes(178)) - 5432d864-00a4-4faa-be9e-870a49a37102@group-40D367ECEF96-LeaderElection15: begin an election at term 12 for 0: [5432d864-00a4-4faa-be9e-870a49a37102:192.168.157.204:42827, 314f41d3-e6bb-4e9d-a30b-79c862990eb1:192.168.157.204:38880, 12b54cff-467e-45e9-ac2a-409cdcf2b905:192.168.157.204:40598], old=null
2019-10-20 12:59:36,547 [grpc-default-executor-3] INFO  impl.RaftServerImpl (RaftServerImpl.java:setRole(184)) - 12b54cff-467e-45e9-ac2a-409cdcf2b905@group-40D367ECEF96: changes role from  FOLLOWER to FOLLOWER at term 12 for recognizeCandidate:5432d864-00a4-4faa-be9e-870a49a37102
2019-10-20 12:59:36,548 [grpc-default-executor-3] INFO  impl.RoleInfo (RoleInfo.java:shutdownFollowerState(121)) - 12b54cff-467e-45e9-ac2a-409cdcf2b905: shutdown FollowerState
2019-10-20 12:59:36,548 [grpc-default-executor-1] INFO  impl.RaftServerImpl (RaftServerImpl.java:setRole(184)) - 314f41d3-e6bb-4e9d-a30b-79c862990eb1@group-40D367ECEF96: changes role from  FOLLOWER to FOLLOWER at term 12 for recognizeCandidate:5432d864-00a4-4faa-be9e-870a49a37102
2019-10-20 12:59:36,548 [Thread-612] INFO  impl.FollowerState (FollowerState.java:run(117)) - 12b54cff-467e-45e9-ac2a-409cdcf2b905@group-40D367ECEF96-FollowerState was interrupted: java.lang.InterruptedException: sleep interrupted
2019-10-20 12:59:36,548 [grpc-default-executor-3] INFO  impl.RoleInfo (RoleInfo.java:updateAndGet(143)) - 12b54cff-467e-45e9-ac2a-409cdcf2b905: start FollowerState
2019-10-20 12:59:36,548 [grpc-default-executor-1] INFO  impl.RoleInfo (RoleInfo.java:shutdownFollowerState(121)) - 314f41d3-e6bb-4e9d-a30b-79c862990eb1: shutdown FollowerState
2019-10-20 12:59:36,550 [grpc-default-executor-1] INFO  impl.RoleInfo (RoleInfo.java:updateAndGet(143)) - 314f41d3-e6bb-4e9d-a30b-79c862990eb1: start FollowerState
2019-10-20 12:59:36,550 [Thread-611] INFO  impl.FollowerState (FollowerState.java:run(117)) - 314f41d3-e6bb-4e9d-a30b-79c862990eb1@group-40D367ECEF96-FollowerState was interrupted: java.lang.InterruptedException: sleep interrupted
2019-10-20 12:59:36,565 [5432d864-00a4-4faa-be9e-870a49a37102@group-40D367ECEF96-LeaderElection15] INFO  impl.LeaderElection (LeaderElection.java:logAndReturn(56)) - 5432d864-00a4-4faa-be9e-870a49a37102@group-40D367ECEF96-LeaderElection15: Election REJECTED; received 2 response(s) [5432d864-00a4-4faa-be9e-870a49a37102<-12b54cff-467e-45e9-ac2a-409cdcf2b905#0:FAIL-t12, 5432d864-00a4-4faa-be9e-870a49a37102<-314f41d3-e6bb-4e9d-a30b-79c862990eb1#0:FAIL-t12] and 0 exception(s); 5432d864-00a4-4faa-be9e-870a49a37102@group-40D367ECEF96:t12, leader=null, voted=5432d864-00a4-4faa-be9e-870a49a37102, raftlog=5432d864-00a4-4faa-be9e-870a49a37102@group-40D367ECEF96-SegmentedRaftLog:OPENED:c3,f4,i4, conf=0: [5432d864-00a4-4faa-be9e-870a49a37102:192.168.157.204:42827, 314f41d3-e6bb-4e9d-a30b-79c862990eb1:192.168.157.204:38880, 12b54cff-467e-45e9-ac2a-409cdcf2b905:192.168.157.204:40598], old=null
2019-10-20 12:59:36,565 [5432d864-00a4-4faa-be9e-870a49a37102@group-40D367ECEF96-LeaderElection15] INFO  impl.RaftServerImpl (RaftServerImpl.java:setRole(184)) - 5432d864-00a4-4faa-be9e-870a49a37102@group-40D367ECEF96: changes role from CANDIDATE to FOLLOWER at term 12 for DISCOVERED_A_NEW_TERM
2019-10-20 12:59:36,566 [5432d864-00a4-4faa-be9e-870a49a37102@group-40D367ECEF96-LeaderElection15] INFO  impl.RoleInfo (RoleInfo.java:shutdownLeaderElection(134)) - 5432d864-00a4-4faa-be9e-870a49a37102: shutdown LeaderElection
2019-10-20 12:59:36,566 [5432d864-00a4-4faa-be9e-870a49a37102@group-40D367ECEF96-LeaderElection15] INFO  impl.RoleInfo (RoleInfo.java:updateAndGet(143)) - 5432d864-00a4-4faa-be9e-870a49a37102: start FollowerState
2019-10-20 12:59:36,652 [Thread-619] INFO  impl.FollowerState (FollowerState.java:run(108)) - 5432d864-00a4-4faa-be9e-870a49a37102@group-40D367ECEF96-FollowerState: change to CANDIDATE, lastRpcTime:85ms, electionTimeout:84ms
2019-10-20 12:59:36,653 [Thread-619] INFO  impl.RoleInfo (RoleInfo.java:shutdownFollowerState(121)) - 5432d864-00a4-4faa-be9e-870a49a37102: shutdown FollowerState
2019-10-20 12:59:36,654 [Thread-619] INFO  impl.RaftServerImpl (RaftServerImpl.java:setRole(184)) - 5432d864-00a4-4faa-be9e-870a49a37102@group-40D367ECEF96: changes role from  FOLLOWER to CANDIDATE at term 12 for changeToCandidate
2019-10-20 12:59:36,654 [Thread-619] INFO  impl.RoleInfo (RoleInfo.java:updateAndGet(143)) - 5432d864-00a4-4faa-be9e-870a49a37102: start LeaderElection
2019-10-20 12:59:36,675 [5432d864-00a4-4faa-be9e-870a49a37102@group-40D367ECEF96-LeaderElection16] INFO  impl.LeaderElection (LeaderElection.java:askForVotes(178)) - 5432d864-00a4-4faa-be9e-870a49a37102@group-40D367ECEF96-LeaderElection16: begin an election at term 13 for 0: [5432d864-00a4-4faa-be9e-870a49a37102:192.168.157.204:42827, 314f41d3-e6bb-4e9d-a30b-79c862990eb1:192.168.157.204:38880, 12b54cff-467e-45e9-ac2a-409cdcf2b905:192.168.157.204:40598], old=null
2019-10-20 12:59:36,683 [grpc-default-executor-3] INFO  impl.RaftServerImpl (RaftServerImpl.java:setRole(184)) - 12b54cff-467e-45e9-ac2a-409cdcf2b905@group-40D367ECEF96: changes role from  FOLLOWER to FOLLOWER at term 13 for recognizeCandidate:5432d864-00a4-4faa-be9e-870a49a37102
2019-10-20 12:59:36,683 [grpc-default-executor-3] INFO  impl.RoleInfo (RoleInfo.java:shutdownFollowerState(121)) - 12b54cff-467e-45e9-ac2a-409cdcf2b905: shutdown FollowerState
2019-10-20 12:59:36,684 [grpc-default-executor-3] INFO  impl.RoleInfo (RoleInfo.java:updateAndGet(143)) - 12b54cff-467e-45e9-ac2a-409cdcf2b905: start FollowerState
2019-10-20 12:59:36,684 [grpc-default-executor-1] INFO  impl.RaftServerImpl (RaftServerImpl.java:setRole(184)) - 314f41d3-e6bb-4e9d-a30b-79c862990eb1@group-40D367ECEF96: changes role from  FOLLOWER to FOLLOWER at term 13 for recognizeCandidate:5432d864-00a4-4faa-be9e-870a49a37102
2019-10-20 12:59:36,684 [grpc-default-executor-1] INFO  impl.RoleInfo (RoleInfo.java:shutdownFollowerState(121)) - 314f41d3-e6bb-4e9d-a30b-79c862990eb1: shutdown FollowerState
2019-10-20 12:59:36,684 [Thread-617] INFO  impl.FollowerState (FollowerState.java:run(117)) - 12b54cff-467e-45e9-ac2a-409cdcf2b905@group-40D367ECEF96-FollowerState was interrupted: java.lang.InterruptedException: sleep interrupted
2019-10-20 12:59:36,684 [grpc-default-executor-1] INFO  impl.RoleInfo (RoleInfo.java:updateAndGet(143)) - 314f41d3-e6bb-4e9d-a30b-79c862990eb1: start FollowerState
2019-10-20 12:59:36,684 [Thread-618] INFO  impl.FollowerState (FollowerState.java:run(117)) - 314f41d3-e6bb-4e9d-a30b-79c862990eb1@group-40D367ECEF96-FollowerState was interrupted: java.lang.InterruptedException: sleep interrupted
2019-10-20 12:59:36,701 [5432d864-00a4-4faa-be9e-870a49a37102@group-40D367ECEF96-LeaderElection16] INFO  impl.LeaderElection (LeaderElection.java:logAndReturn(56)) - 5432d864-00a4-4faa-be9e-870a49a37102@group-40D367ECEF96-LeaderElection16: Election REJECTED; received 2 response(s) [5432d864-00a4-4faa-be9e-870a49a37102<-314f41d3-e6bb-4e9d-a30b-79c862990eb1#0:FAIL-t13, 5432d864-00a4-4faa-be9e-870a49a37102<-12b54cff-467e-45e9-ac2a-409cdcf2b905#0:FAIL-t13] and 0 exception(s); 5432d864-00a4-4faa-be9e-870a49a37102@group-40D367ECEF96:t13, leader=null, voted=5432d864-00a4-4faa-be9e-870a49a37102, raftlog=5432d864-00a4-4faa-be9e-870a49a37102@group-40D367ECEF96-SegmentedRaftLog:OPENED:c3,f4,i4, conf=0: [5432d864-00a4-4faa-be9e-870a49a37102:192.168.157.204:42827, 314f41d3-e6bb-4e9d-a30b-79c862990eb1:192.168.157.204:38880, 12b54cff-467e-45e9-ac2a-409cdcf2b905:192.168.157.204:40598], old=null
2019-10-20 12:59:36,701 [5432d864-00a4-4faa-be9e-870a49a37102@group-40D367ECEF96-LeaderElection16] INFO  impl.RaftServerImpl (RaftServerImpl.java:setRole(184)) - 5432d864-00a4-4faa-be9e-870a49a37102@group-40D367ECEF96: changes role from CANDIDATE to FOLLOWER at term 13 for DISCOVERED_A_NEW_TERM
2019-10-20 12:59:36,702 [5432d864-00a4-4faa-be9e-870a49a37102@group-40D367ECEF96-LeaderElection16] INFO  impl.RoleInfo (RoleInfo.java:shutdownLeaderElection(134)) - 5432d864-00a4-4faa-be9e-870a49a37102: shutdown LeaderElection
2019-10-20 12:59:36,702 [5432d864-00a4-4faa-be9e-870a49a37102@group-40D367ECEF96-LeaderElection16] INFO  impl.RoleInfo (RoleInfo.java:updateAndGet(143)) - 5432d864-00a4-4faa-be9e-870a49a37102: start FollowerState
2019-10-20 12:59:36,802 [Thread-625] INFO  impl.FollowerState (FollowerState.java:run(108)) - 5432d864-00a4-4faa-be9e-870a49a37102@group-40D367ECEF96-FollowerState: change to CANDIDATE, lastRpcTime:99ms, electionTimeout:96ms
2019-10-20 12:59:36,803 [Thread-625] INFO  impl.RoleInfo (RoleInfo.java:shutdownFollowerState(121)) - 5432d864-00a4-4faa-be9e-870a49a37102: shutdown FollowerState
2019-10-20 12:59:36,803 [Thread-625] INFO  impl.RaftServerImpl (RaftServerImpl.java:setRole(184)) - 5432d864-00a4-4faa-be9e-870a49a37102@group-40D367ECEF96: changes role from  FOLLOWER to CANDIDATE at term 13 for changeToCandidate
2019-10-20 12:59:36,803 [Thread-625] INFO  impl.RoleInfo (RoleInfo.java:updateAndGet(143)) - 5432d864-00a4-4faa-be9e-870a49a37102: start LeaderElection
2019-10-20 12:59:36,817 [5432d864-00a4-4faa-be9e-870a49a37102@group-40D367ECEF96-LeaderElection17] INFO  impl.LeaderElection (LeaderElection.java:askForVotes(178)) - 5432d864-00a4-4faa-be9e-870a49a37102@group-40D367ECEF96-LeaderElection17: begin an election at term 14 for 0: [5432d864-00a4-4faa-be9e-870a49a37102:192.168.157.204:42827, 314f41d3-e6bb-4e9d-a30b-79c862990eb1:192.168.157.204:38880, 12b54cff-467e-45e9-ac2a-409cdcf2b905:192.168.157.204:40598], old=null
2019-10-20 12:59:36,821 [grpc-default-executor-3] INFO  impl.RaftServerImpl (RaftServerImpl.java:setRole(184)) - 12b54cff-467e-45e9-ac2a-409cdcf2b905@group-40D367ECEF96: changes role from  FOLLOWER to FOLLOWER at term 14 for recognizeCandidate:5432d864-00a4-4faa-be9e-870a49a37102
2019-10-20 12:59:36,821 [grpc-default-executor-1] INFO  impl.RaftServerImpl (RaftServerImpl.java:setRole(184)) - 314f41d3-e6bb-4e9d-a30b-79c862990eb1@group-40D367ECEF96: changes role from  FOLLOWER to FOLLOWER at term 14 for recognizeCandidate:5432d864-00a4-4faa-be9e-870a49a37102
2019-10-20 12:59:36,822 [grpc-default-executor-3] INFO  impl.RoleInfo (RoleInfo.java:shutdownFollowerState(121)) - 12b54cff-467e-45e9-ac2a-409cdcf2b905: shutdown FollowerState
2019-10-20 12:59:36,822 [grpc-default-executor-1] INFO  impl.RoleInfo (RoleInfo.java:shutdownFollowerState(121)) - 314f41d3-e6bb-4e9d-a30b-79c862990eb1: shutdown FollowerState
2019-10-20 12:59:36,822 [grpc-default-executor-3] INFO  impl.RoleInfo (RoleInfo.java:updateAndGet(143)) - 12b54cff-467e-45e9-ac2a-409cdcf2b905: start FollowerState
2019-10-20 12:59:36,822 [Thread-623] INFO  impl.FollowerState (FollowerState.java:run(117)) - 12b54cff-467e-45e9-ac2a-409cdcf2b905@group-40D367ECEF96-FollowerState was interrupted: java.lang.InterruptedException: sleep interrupted
2019-10-20 12:59:36,822 [grpc-default-executor-1] INFO  impl.RoleInfo (RoleInfo.java:updateAndGet(143)) - 314f41d3-e6bb-4e9d-a30b-79c862990eb1: start FollowerState
2019-10-20 12:59:36,822 [Thread-624] INFO  impl.FollowerState (FollowerState.java:run(117)) - 314f41d3-e6bb-4e9d-a30b-79c862990eb1@group-40D367ECEF96-FollowerState was interrupted: java.lang.InterruptedException: sleep interrupted
2019-10-20 12:59:36,829 [5432d864-00a4-4faa-be9e-870a49a37102@group-40D367ECEF96-LeaderElection17] INFO  impl.LeaderElection (LeaderElection.java:logAndReturn(56)) - 5432d864-00a4-4faa-be9e-870a49a37102@group-40D367ECEF96-LeaderElection17: Election TIMEOUT; received 0 response(s) [] and 0 exception(s); 5432d864-00a4-4faa-be9e-870a49a37102@group-40D367ECEF96:t14, leader=null, voted=5432d864-00a4-4faa-be9e-870a49a37102, raftlog=5432d864-00a4-4faa-be9e-870a49a37102@group-40D367ECEF96-SegmentedRaftLog:OPENED:c3,f4,i4, conf=0: [5432d864-00a4-4faa-be9e-870a49a37102:192.168.157.204:42827, 314f41d3-e6bb-4e9d-a30b-79c862990eb1:192.168.157.204:38880, 12b54cff-467e-45e9-ac2a-409cdcf2b905:192.168.157.204:40598], old=null
2019-10-20 12:59:36,840 [5432d864-00a4-4faa-be9e-870a49a37102@group-40D367ECEF96-LeaderElection17] INFO  impl.LeaderElection (LeaderElection.java:askForVotes(178)) - 5432d864-00a4-4faa-be9e-870a49a37102@group-40D367ECEF96-LeaderElection17: begin an election at term 15 for 0: [5432d864-00a4-4faa-be9e-870a49a37102:192.168.157.204:42827, 314f41d3-e6bb-4e9d-a30b-79c862990eb1:192.168.157.204:38880, 12b54cff-467e-45e9-ac2a-409cdcf2b905:192.168.157.204:40598], old=null
2019-10-20 12:59:36,845 [grpc-default-executor-3] INFO  impl.RaftServerImpl (RaftServerImpl.java:setRole(184)) - 314f41d3-e6bb-4e9d-a30b-79c862990eb1@group-40D367ECEF96: changes role from  FOLLOWER to FOLLOWER at term 15 for recognizeCandidate:5432d864-00a4-4faa-be9e-870a49a37102
2019-10-20 12:59:36,845 [grpc-default-executor-1] INFO  impl.RaftServerImpl (RaftServerImpl.java:setRole(184)) - 12b54cff-467e-45e9-ac2a-409cdcf2b905@group-40D367ECEF96: changes role from  FOLLOWER to FOLLOWER at term 15 for recognizeCandidate:5432d864-00a4-4faa-be9e-870a49a37102
2019-10-20 12:59:36,845 [grpc-default-executor-3] INFO  impl.RoleInfo (RoleInfo.java:shutdownFollowerState(121)) - 314f41d3-e6bb-4e9d-a30b-79c862990eb1: shutdown FollowerState
2019-10-20 12:59:36,846 [grpc-default-executor-1] INFO  impl.RoleInfo (RoleInfo.java:shutdownFollowerState(121)) - 12b54cff-467e-45e9-ac2a-409cdcf2b905: shutdown FollowerState
2019-10-20 12:59:36,846 [grpc-default-executor-3] INFO  impl.RoleInfo (RoleInfo.java:updateAndGet(143)) - 314f41d3-e6bb-4e9d-a30b-79c862990eb1: start FollowerState
2019-10-20 12:59:36,846 [Thread-631] INFO  impl.FollowerState (FollowerState.java:run(117)) - 314f41d3-e6bb-4e9d-a30b-79c862990eb1@group-40D367ECEF96-FollowerState was interrupted: java.lang.InterruptedException: sleep interrupted
2019-10-20 12:59:36,846 [grpc-default-executor-1] INFO  impl.RoleInfo (RoleInfo.java:updateAndGet(143)) - 12b54cff-467e-45e9-ac2a-409cdcf2b905: start FollowerState
2019-10-20 12:59:36,846 [Thread-630] INFO  impl.FollowerState (FollowerState.java:run(117)) - 12b54cff-467e-45e9-ac2a-409cdcf2b905@group-40D367ECEF96-FollowerState was interrupted: java.lang.InterruptedException: sleep interrupted
2019-10-20 12:59:36,861 [5432d864-00a4-4faa-be9e-870a49a37102@group-40D367ECEF96-LeaderElection17] INFO  impl.LeaderElection (LeaderElection.java:logAndReturn(56)) - 5432d864-00a4-4faa-be9e-870a49a37102@group-40D367ECEF96-LeaderElection17: Election REJECTED; received 2 response(s) [5432d864-00a4-4faa-be9e-870a49a37102<-12b54cff-467e-45e9-ac2a-409cdcf2b905#0:FAIL-t15, 5432d864-00a4-4faa-be9e-870a49a37102<-314f41d3-e6bb-4e9d-a30b-79c862990eb1#0:FAIL-t15] and 0 exception(s); 5432d864-00a4-4faa-be9e-870a49a37102@group-40D367ECEF96:t15, leader=null, voted=5432d864-00a4-4faa-be9e-870a49a37102, raftlog=5432d864-00a4-4faa-be9e-870a49a37102@group-40D367ECEF96-SegmentedRaftLog:OPENED:c3,f4,i4, conf=0: [5432d864-00a4-4faa-be9e-870a49a37102:192.168.157.204:42827, 314f41d3-e6bb-4e9d-a30b-79c862990eb1:192.168.157.204:38880, 12b54cff-467e-45e9-ac2a-409cdcf2b905:192.168.157.204:40598], old=null
2019-10-20 12:59:36,861 [5432d864-00a4-4faa-be9e-870a49a37102@group-40D367ECEF96-LeaderElection17] INFO  impl.RaftServerImpl (RaftServerImpl.java:setRole(184)) - 5432d864-00a4-4faa-be9e-870a49a37102@group-40D367ECEF96: changes role from CANDIDATE to FOLLOWER at term 15 for DISCOVERED_A_NEW_TERM
2019-10-20 12:59:36,861 [5432d864-00a4-4faa-be9e-870a49a37102@group-40D367ECEF96-LeaderElection17] INFO  impl.RoleInfo (RoleInfo.java:shutdownLeaderElection(134)) - 5432d864-00a4-4faa-be9e-870a49a37102: shutdown LeaderElection
2019-10-20 12:59:36,861 [5432d864-00a4-4faa-be9e-870a49a37102@group-40D367ECEF96-LeaderElection17] INFO  impl.RoleInfo (RoleInfo.java:updateAndGet(143)) - 5432d864-00a4-4faa-be9e-870a49a37102: start FollowerState
2019-10-20 12:59:36,917 [Thread-638] INFO  client.GrpcClientProtocolService (GrpcClientProtocolService.java:lambda$processClientRequest$0(278)) - Failed RaftClientRequest:client-5F43918617A9->5432d864-00a4-4faa-be9e-870a49a37102@group-40D367ECEF96, cid=10, seq=0, Watch-ALL_COMMITTED(6), Message:<EMPTY>, reply=RaftClientReply:client-5F43918617A9->5432d864-00a4-4faa-be9e-870a49a37102@group-40D367ECEF96, cid=10, FAILED org.apache.ratis.protocol.NotLeaderException: Server 5432d864-00a4-4faa-be9e-870a49a37102@group-40D367ECEF96 is not the leader, logIndex=0, commits[5432d864-00a4-4faa-be9e-870a49a37102:c3]
2019-10-20 12:59:37,044 [Thread-636] INFO  impl.FollowerState (FollowerState.java:run(108)) - 5432d864-00a4-4faa-be9e-870a49a37102@group-40D367ECEF96-FollowerState: change to CANDIDATE, lastRpcTime:182ms, electionTimeout:182ms
2019-10-20 12:59:37,046 [Thread-636] INFO  impl.RoleInfo (RoleInfo.java:shutdownFollowerState(121)) - 5432d864-00a4-4faa-be9e-870a49a37102: shutdown FollowerState
2019-10-20 12:59:37,046 [Thread-636] INFO  impl.RaftServerImpl (RaftServerImpl.java:setRole(184)) - 5432d864-00a4-4faa-be9e-870a49a37102@group-40D367ECEF96: changes role from  FOLLOWER to CANDIDATE at term 15 for changeToCandidate
2019-10-20 12:59:37,046 [Thread-636] INFO  impl.RoleInfo (RoleInfo.java:updateAndGet(143)) - 5432d864-00a4-4faa-be9e-870a49a37102: start LeaderElection
2019-10-20 12:59:37,061 [5432d864-00a4-4faa-be9e-870a49a37102@group-40D367ECEF96-LeaderElection18] INFO  impl.LeaderElection (LeaderElection.java:askForVotes(178)) - 5432d864-00a4-4faa-be9e-870a49a37102@group-40D367ECEF96-LeaderElection18: begin an election at term 16 for 0: [5432d864-00a4-4faa-be9e-870a49a37102:192.168.157.204:42827, 314f41d3-e6bb-4e9d-a30b-79c862990eb1:192.168.157.204:38880, 12b54cff-467e-45e9-ac2a-409cdcf2b905:192.168.157.204:40598], old=null
2019-10-20 12:59:37,066 [grpc-default-executor-3] INFO  impl.RaftServerImpl (RaftServerImpl.java:setRole(184)) - 12b54cff-467e-45e9-ac2a-409cdcf2b905@group-40D367ECEF96: changes role from  FOLLOWER to FOLLOWER at term 16 for recognizeCandidate:5432d864-00a4-4faa-be9e-870a49a37102
2019-10-20 12:59:37,066 [grpc-default-executor-1] INFO  impl.RaftServerImpl (RaftServerImpl.java:setRole(184)) - 314f41d3-e6bb-4e9d-a30b-79c862990eb1@group-40D367ECEF96: changes role from  FOLLOWER to FOLLOWER at term 16 for recognizeCandidate:5432d864-00a4-4faa-be9e-870a49a37102
2019-10-20 12:59:37,066 [grpc-default-executor-3] INFO  impl.RoleInfo (RoleInfo.java:shutdownFollowerState(121)) - 12b54cff-467e-45e9-ac2a-409cdcf2b905: shutdown FollowerState
2019-10-20 12:59:37,066 [grpc-default-executor-1] INFO  impl.RoleInfo (RoleInfo.java:shutdownFollowerState(121)) - 314f41d3-e6bb-4e9d-a30b-79c862990eb1: shutdown FollowerState
2019-10-20 12:59:37,066 [grpc-default-executor-3] INFO  impl.RoleInfo (RoleInfo.java:updateAndGet(143)) - 12b54cff-467e-45e9-ac2a-409cdcf2b905: start FollowerState
2019-10-20 12:59:37,067 [grpc-default-executor-1] INFO  impl.RoleInfo (RoleInfo.java:updateAndGet(143)) - 314f41d3-e6bb-4e9d-a30b-79c862990eb1: start FollowerState
2019-10-20 12:59:37,066 [Thread-635] INFO  impl.FollowerState (FollowerState.java:run(117)) - 12b54cff-467e-45e9-ac2a-409cdcf2b905@group-40D367ECEF96-FollowerState was interrupted: java.lang.InterruptedException: sleep interrupted
2019-10-20 12:59:37,067 [Thread-634] INFO  impl.FollowerState (FollowerState.java:run(117)) - 314f41d3-e6bb-4e9d-a30b-79c862990eb1@group-40D367ECEF96-FollowerState was interrupted: java.lang.InterruptedException: sleep interrupted
2019-10-20 12:59:37,080 [5432d864-00a4-4faa-be9e-870a49a37102@group-40D367ECEF96-LeaderElection18] INFO  impl.LeaderElection (LeaderElection.java:logAndReturn(56)) - 5432d864-00a4-4faa-be9e-870a49a37102@group-40D367ECEF96-LeaderElection18: Election REJECTED; received 2 response(s) [5432d864-00a4-4faa-be9e-870a49a37102<-12b54cff-467e-45e9-ac2a-409cdcf2b905#0:FAIL-t16, 5432d864-00a4-4faa-be9e-870a49a37102<-314f41d3-e6bb-4e9d-a30b-79c862990eb1#0:FAIL-t16] and 0 exception(s); 5432d864-00a4-4faa-be9e-870a49a37102@group-40D367ECEF96:t16, leader=null, voted=5432d864-00a4-4faa-be9e-870a49a37102, raftlog=5432d864-00a4-4faa-be9e-870a49a37102@group-40D367ECEF96-SegmentedRaftLog:OPENED:c3,f4,i4, conf=0: [5432d864-00a4-4faa-be9e-870a49a37102:192.168.157.204:42827, 314f41d3-e6bb-4e9d-a30b-79c862990eb1:192.168.157.204:38880, 12b54cff-467e-45e9-ac2a-409cdcf2b905:192.168.157.204:40598], old=null
2019-10-20 12:59:37,081 [5432d864-00a4-4faa-be9e-870a49a37102@group-40D367ECEF96-LeaderElection18] INFO  impl.RaftServerImpl (RaftServerImpl.java:setRole(184)) - 5432d864-00a4-4faa-be9e-870a49a37102@group-40D367ECEF96: changes role from CANDIDATE to FOLLOWER at term 16 for DISCOVERED_A_NEW_TERM
2019-10-20 12:59:37,081 [5432d864-00a4-4faa-be9e-870a49a37102@group-40D367ECEF96-LeaderElection18] INFO  impl.RoleInfo (RoleInfo.java:shutdownLeaderElection(134)) - 5432d864-00a4-4faa-be9e-870a49a37102: shutdown LeaderElection
2019-10-20 12:59:37,081 [5432d864-00a4-4faa-be9e-870a49a37102@group-40D367ECEF96-LeaderElection18] INFO  impl.RoleInfo (RoleInfo.java:updateAndGet(143)) - 5432d864-00a4-4faa-be9e-870a49a37102: start FollowerState
2019-10-20 12:59:37,138 [pool-7-thread-3] INFO  commands.RetriableDatanodeEventWatcher (RetriableDatanodeEventWatcher.java:onTimeout(47)) - RetriableDatanodeCommand type=deleteBlocksCommand with id=1571576373053 timed out. Retrying.
2019-10-20 12:59:37,140 [pool-7-thread-2] INFO  commands.RetriableDatanodeEventWatcher (RetriableDatanodeEventWatcher.java:onTimeout(47)) - RetriableDatanodeCommand type=deleteBlocksCommand with id=1571576373056 timed out. Retrying.
2019-10-20 12:59:37,143 [pool-7-thread-2] INFO  commands.RetriableDatanodeEventWatcher (RetriableDatanodeEventWatcher.java:onTimeout(47)) - RetriableDatanodeCommand type=deleteBlocksCommand with id=1571576373055 timed out. Retrying.
2019-10-20 12:59:37,143 [pool-7-thread-3] INFO  commands.RetriableDatanodeEventWatcher (RetriableDatanodeEventWatcher.java:onTimeout(47)) - RetriableDatanodeCommand type=deleteBlocksCommand with id=1571576373054 timed out. Retrying.
2019-10-20 12:59:37,144 [SCMBlockDeletingService#0] INFO  block.SCMBlockDeletingService (SCMBlockDeletingService.java:call(184)) - Totally added 1 delete blocks command for 1 datanodes, task elapsed time: 1ms
2019-10-20 12:59:37,188 [Thread-645] INFO  impl.FollowerState (FollowerState.java:run(108)) - 5432d864-00a4-4faa-be9e-870a49a37102@group-40D367ECEF96-FollowerState: change to CANDIDATE, lastRpcTime:106ms, electionTimeout:106ms
2019-10-20 12:59:37,188 [Thread-645] INFO  impl.RoleInfo (RoleInfo.java:shutdownFollowerState(121)) - 5432d864-00a4-4faa-be9e-870a49a37102: shutdown FollowerState
2019-10-20 12:59:37,188 [Thread-645] INFO  impl.RaftServerImpl (RaftServerImpl.java:setRole(184)) - 5432d864-00a4-4faa-be9e-870a49a37102@group-40D367ECEF96: changes role from  FOLLOWER to CANDIDATE at term 16 for changeToCandidate
2019-10-20 12:59:37,188 [Thread-645] INFO  impl.RoleInfo (RoleInfo.java:updateAndGet(143)) - 5432d864-00a4-4faa-be9e-870a49a37102: start LeaderElection
2019-10-20 12:59:37,201 [5432d864-00a4-4faa-be9e-870a49a37102@group-40D367ECEF96-LeaderElection19] INFO  impl.LeaderElection (LeaderElection.java:askForVotes(178)) - 5432d864-00a4-4faa-be9e-870a49a37102@group-40D367ECEF96-LeaderElection19: begin an election at term 17 for 0: [5432d864-00a4-4faa-be9e-870a49a37102:192.168.157.204:42827, 314f41d3-e6bb-4e9d-a30b-79c862990eb1:192.168.157.204:38880, 12b54cff-467e-45e9-ac2a-409cdcf2b905:192.168.157.204:40598], old=null
2019-10-20 12:59:37,205 [grpc-default-executor-3] INFO  impl.RaftServerImpl (RaftServerImpl.java:setRole(184)) - 12b54cff-467e-45e9-ac2a-409cdcf2b905@group-40D367ECEF96: changes role from  FOLLOWER to FOLLOWER at term 17 for recognizeCandidate:5432d864-00a4-4faa-be9e-870a49a37102
2019-10-20 12:59:37,205 [grpc-default-executor-1] INFO  impl.RaftServerImpl (RaftServerImpl.java:setRole(184)) - 314f41d3-e6bb-4e9d-a30b-79c862990eb1@group-40D367ECEF96: changes role from  FOLLOWER to FOLLOWER at term 17 for recognizeCandidate:5432d864-00a4-4faa-be9e-870a49a37102
2019-10-20 12:59:37,205 [grpc-default-executor-3] INFO  impl.RoleInfo (RoleInfo.java:shutdownFollowerState(121)) - 12b54cff-467e-45e9-ac2a-409cdcf2b905: shutdown FollowerState
2019-10-20 12:59:37,205 [grpc-default-executor-1] INFO  impl.RoleInfo (RoleInfo.java:shutdownFollowerState(121)) - 314f41d3-e6bb-4e9d-a30b-79c862990eb1: shutdown FollowerState
2019-10-20 12:59:37,206 [Thread-643] INFO  impl.FollowerState (FollowerState.java:run(117)) - 12b54cff-467e-45e9-ac2a-409cdcf2b905@group-40D367ECEF96-FollowerState was interrupted: java.lang.InterruptedException: sleep interrupted
2019-10-20 12:59:37,206 [grpc-default-executor-1] INFO  impl.RoleInfo (RoleInfo.java:updateAndGet(143)) - 314f41d3-e6bb-4e9d-a30b-79c862990eb1: start FollowerState
2019-10-20 12:59:37,206 [Thread-644] INFO  impl.FollowerState (FollowerState.java:run(117)) - 314f41d3-e6bb-4e9d-a30b-79c862990eb1@group-40D367ECEF96-FollowerState was interrupted: java.lang.InterruptedException: sleep interrupted
2019-10-20 12:59:37,206 [grpc-default-executor-3] INFO  impl.RoleInfo (RoleInfo.java:updateAndGet(143)) - 12b54cff-467e-45e9-ac2a-409cdcf2b905: start FollowerState
2019-10-20 12:59:37,222 [5432d864-00a4-4faa-be9e-870a49a37102@group-40D367ECEF96-LeaderElection19] INFO  impl.LeaderElection (LeaderElection.java:logAndReturn(56)) - 5432d864-00a4-4faa-be9e-870a49a37102@group-40D367ECEF96-LeaderElection19: Election TIMEOUT; received 0 response(s) [] and 0 exception(s); 5432d864-00a4-4faa-be9e-870a49a37102@group-40D367ECEF96:t17, leader=null, voted=5432d864-00a4-4faa-be9e-870a49a37102, raftlog=5432d864-00a4-4faa-be9e-870a49a37102@group-40D367ECEF96-SegmentedRaftLog:OPENED:c3,f4,i4, conf=0: [5432d864-00a4-4faa-be9e-870a49a37102:192.168.157.204:42827, 314f41d3-e6bb-4e9d-a30b-79c862990eb1:192.168.157.204:38880, 12b54cff-467e-45e9-ac2a-409cdcf2b905:192.168.157.204:40598], old=null
2019-10-20 12:59:37,229 [5432d864-00a4-4faa-be9e-870a49a37102@group-40D367ECEF96-LeaderElection19] INFO  impl.LeaderElection (LeaderElection.java:askForVotes(178)) - 5432d864-00a4-4faa-be9e-870a49a37102@group-40D367ECEF96-LeaderElection19: begin an election at term 18 for 0: [5432d864-00a4-4faa-be9e-870a49a37102:192.168.157.204:42827, 314f41d3-e6bb-4e9d-a30b-79c862990eb1:192.168.157.204:38880, 12b54cff-467e-45e9-ac2a-409cdcf2b905:192.168.157.204:40598], old=null
2019-10-20 12:59:37,232 [grpc-default-executor-1] INFO  impl.RaftServerImpl (RaftServerImpl.java:setRole(184)) - 12b54cff-467e-45e9-ac2a-409cdcf2b905@group-40D367ECEF96: changes role from  FOLLOWER to FOLLOWER at term 18 for recognizeCandidate:5432d864-00a4-4faa-be9e-870a49a37102
2019-10-20 12:59:37,234 [grpc-default-executor-1] INFO  impl.RoleInfo (RoleInfo.java:shutdownFollowerState(121)) - 12b54cff-467e-45e9-ac2a-409cdcf2b905: shutdown FollowerState
2019-10-20 12:59:37,232 [grpc-default-executor-3] INFO  impl.RaftServerImpl (RaftServerImpl.java:setRole(184)) - 314f41d3-e6bb-4e9d-a30b-79c862990eb1@group-40D367ECEF96: changes role from  FOLLOWER to FOLLOWER at term 18 for recognizeCandidate:5432d864-00a4-4faa-be9e-870a49a37102
2019-10-20 12:59:37,234 [grpc-default-executor-1] INFO  impl.RoleInfo (RoleInfo.java:updateAndGet(143)) - 12b54cff-467e-45e9-ac2a-409cdcf2b905: start FollowerState
2019-10-20 12:59:37,234 [Thread-649] INFO  impl.FollowerState (FollowerState.java:run(117)) - 12b54cff-467e-45e9-ac2a-409cdcf2b905@group-40D367ECEF96-FollowerState was interrupted: java.lang.InterruptedException: sleep interrupted
2019-10-20 12:59:37,234 [grpc-default-executor-3] INFO  impl.RoleInfo (RoleInfo.java:shutdownFollowerState(121)) - 314f41d3-e6bb-4e9d-a30b-79c862990eb1: shutdown FollowerState
2019-10-20 12:59:37,234 [Thread-650] INFO  impl.FollowerState (FollowerState.java:run(117)) - 314f41d3-e6bb-4e9d-a30b-79c862990eb1@group-40D367ECEF96-FollowerState was interrupted: java.lang.InterruptedException: sleep interrupted
2019-10-20 12:59:37,234 [grpc-default-executor-3] INFO  impl.RoleInfo (RoleInfo.java:updateAndGet(143)) - 314f41d3-e6bb-4e9d-a30b-79c862990eb1: start FollowerState
2019-10-20 12:59:37,247 [5432d864-00a4-4faa-be9e-870a49a37102@group-40D367ECEF96-LeaderElection19] INFO  impl.LeaderElection (LeaderElection.java:logAndReturn(56)) - 5432d864-00a4-4faa-be9e-870a49a37102@group-40D367ECEF96-LeaderElection19: Election REJECTED; received 2 response(s) [5432d864-00a4-4faa-be9e-870a49a37102<-12b54cff-467e-45e9-ac2a-409cdcf2b905#0:FAIL-t18, 5432d864-00a4-4faa-be9e-870a49a37102<-314f41d3-e6bb-4e9d-a30b-79c862990eb1#0:FAIL-t18] and 0 exception(s); 5432d864-00a4-4faa-be9e-870a49a37102@group-40D367ECEF96:t18, leader=null, voted=5432d864-00a4-4faa-be9e-870a49a37102, raftlog=5432d864-00a4-4faa-be9e-870a49a37102@group-40D367ECEF96-SegmentedRaftLog:OPENED:c3,f4,i4, conf=0: [5432d864-00a4-4faa-be9e-870a49a37102:192.168.157.204:42827, 314f41d3-e6bb-4e9d-a30b-79c862990eb1:192.168.157.204:38880, 12b54cff-467e-45e9-ac2a-409cdcf2b905:192.168.157.204:40598], old=null
2019-10-20 12:59:37,247 [5432d864-00a4-4faa-be9e-870a49a37102@group-40D367ECEF96-LeaderElection19] INFO  impl.RaftServerImpl (RaftServerImpl.java:setRole(184)) - 5432d864-00a4-4faa-be9e-870a49a37102@group-40D367ECEF96: changes role from CANDIDATE to FOLLOWER at term 18 for DISCOVERED_A_NEW_TERM
2019-10-20 12:59:37,247 [5432d864-00a4-4faa-be9e-870a49a37102@group-40D367ECEF96-LeaderElection19] INFO  impl.RoleInfo (RoleInfo.java:shutdownLeaderElection(134)) - 5432d864-00a4-4faa-be9e-870a49a37102: shutdown LeaderElection
2019-10-20 12:59:37,247 [5432d864-00a4-4faa-be9e-870a49a37102@group-40D367ECEF96-LeaderElection19] INFO  impl.RoleInfo (RoleInfo.java:updateAndGet(143)) - 5432d864-00a4-4faa-be9e-870a49a37102: start FollowerState
2019-10-20 12:59:37,373 [BlockDeletingService#2] WARN  background.BlockDeletingService (BlockDeletingService.java:isDeletionAllowed(187)) - Close Container log Index 6 is not replicated across allthe servers in the pipeline c8578440-42c5-4fb7-aa2b-40d367ecef96 as the min replicated index is 4. Deletion is not allowed in this container yet.
2019-10-20 12:59:37,374 [BlockDeletingService#2] WARN  background.BlockDeletingService (BlockDeletingService.java:isDeletionAllowed(187)) - Close Container log Index 6 is not replicated across allthe servers in the pipeline c8578440-42c5-4fb7-aa2b-40d367ecef96 as the min replicated index is 4. Deletion is not allowed in this container yet.
2019-10-20 12:59:37,393 [Thread-655] INFO  impl.FollowerState (FollowerState.java:run(108)) - 5432d864-00a4-4faa-be9e-870a49a37102@group-40D367ECEF96-FollowerState: change to CANDIDATE, lastRpcTime:145ms, electionTimeout:145ms
2019-10-20 12:59:37,393 [Thread-655] INFO  impl.RoleInfo (RoleInfo.java:shutdownFollowerState(121)) - 5432d864-00a4-4faa-be9e-870a49a37102: shutdown FollowerState
2019-10-20 12:59:37,393 [Thread-655] INFO  impl.RaftServerImpl (RaftServerImpl.java:setRole(184)) - 5432d864-00a4-4faa-be9e-870a49a37102@group-40D367ECEF96: changes role from  FOLLOWER to CANDIDATE at term 18 for changeToCandidate
2019-10-20 12:59:37,393 [Thread-655] INFO  impl.RoleInfo (RoleInfo.java:updateAndGet(143)) - 5432d864-00a4-4faa-be9e-870a49a37102: start LeaderElection
2019-10-20 12:59:37,407 [5432d864-00a4-4faa-be9e-870a49a37102@group-40D367ECEF96-LeaderElection20] INFO  impl.LeaderElection (LeaderElection.java:askForVotes(178)) - 5432d864-00a4-4faa-be9e-870a49a37102@group-40D367ECEF96-LeaderElection20: begin an election at term 19 for 0: [5432d864-00a4-4faa-be9e-870a49a37102:192.168.157.204:42827, 314f41d3-e6bb-4e9d-a30b-79c862990eb1:192.168.157.204:38880, 12b54cff-467e-45e9-ac2a-409cdcf2b905:192.168.157.204:40598], old=null
2019-10-20 12:59:37,410 [grpc-default-executor-3] INFO  impl.RaftServerImpl (RaftServerImpl.java:setRole(184)) - 314f41d3-e6bb-4e9d-a30b-79c862990eb1@group-40D367ECEF96: changes role from  FOLLOWER to FOLLOWER at term 19 for recognizeCandidate:5432d864-00a4-4faa-be9e-870a49a37102
2019-10-20 12:59:37,411 [grpc-default-executor-3] INFO  impl.RoleInfo (RoleInfo.java:shutdownFollowerState(121)) - 314f41d3-e6bb-4e9d-a30b-79c862990eb1: shutdown FollowerState
2019-10-20 12:59:37,411 [grpc-default-executor-1] INFO  impl.RaftServerImpl (RaftServerImpl.java:setRole(184)) - 12b54cff-467e-45e9-ac2a-409cdcf2b905@group-40D367ECEF96: changes role from  FOLLOWER to FOLLOWER at term 19 for recognizeCandidate:5432d864-00a4-4faa-be9e-870a49a37102
2019-10-20 12:59:37,411 [grpc-default-executor-3] INFO  impl.RoleInfo (RoleInfo.java:updateAndGet(143)) - 314f41d3-e6bb-4e9d-a30b-79c862990eb1: start FollowerState
2019-10-20 12:59:37,411 [Thread-654] INFO  impl.FollowerState (FollowerState.java:run(117)) - 314f41d3-e6bb-4e9d-a30b-79c862990eb1@group-40D367ECEF96-FollowerState was interrupted: java.lang.InterruptedException: sleep interrupted
2019-10-20 12:59:37,412 [grpc-default-executor-1] INFO  impl.RoleInfo (RoleInfo.java:shutdownFollowerState(121)) - 12b54cff-467e-45e9-ac2a-409cdcf2b905: shutdown FollowerState
2019-10-20 12:59:37,412 [Thread-653] INFO  impl.FollowerState (FollowerState.java:run(117)) - 12b54cff-467e-45e9-ac2a-409cdcf2b905@group-40D367ECEF96-FollowerState was interrupted: java.lang.InterruptedException: sleep interrupted
2019-10-20 12:59:37,412 [grpc-default-executor-1] INFO  impl.RoleInfo (RoleInfo.java:updateAndGet(143)) - 12b54cff-467e-45e9-ac2a-409cdcf2b905: start FollowerState
2019-10-20 12:59:37,427 [5432d864-00a4-4faa-be9e-870a49a37102@group-40D367ECEF96-LeaderElection20] INFO  impl.LeaderElection (LeaderElection.java:logAndReturn(56)) - 5432d864-00a4-4faa-be9e-870a49a37102@group-40D367ECEF96-LeaderElection20: Election REJECTED; received 2 response(s) [5432d864-00a4-4faa-be9e-870a49a37102<-12b54cff-467e-45e9-ac2a-409cdcf2b905#0:FAIL-t19, 5432d864-00a4-4faa-be9e-870a49a37102<-314f41d3-e6bb-4e9d-a30b-79c862990eb1#0:FAIL-t19] and 0 exception(s); 5432d864-00a4-4faa-be9e-870a49a37102@group-40D367ECEF96:t19, leader=null, voted=5432d864-00a4-4faa-be9e-870a49a37102, raftlog=5432d864-00a4-4faa-be9e-870a49a37102@group-40D367ECEF96-SegmentedRaftLog:OPENED:c3,f4,i4, conf=0: [5432d864-00a4-4faa-be9e-870a49a37102:192.168.157.204:42827, 314f41d3-e6bb-4e9d-a30b-79c862990eb1:192.168.157.204:38880, 12b54cff-467e-45e9-ac2a-409cdcf2b905:192.168.157.204:40598], old=null
2019-10-20 12:59:37,427 [5432d864-00a4-4faa-be9e-870a49a37102@group-40D367ECEF96-LeaderElection20] INFO  impl.RaftServerImpl (RaftServerImpl.java:setRole(184)) - 5432d864-00a4-4faa-be9e-870a49a37102@group-40D367ECEF96: changes role from CANDIDATE to FOLLOWER at term 19 for DISCOVERED_A_NEW_TERM
2019-10-20 12:59:37,427 [5432d864-00a4-4faa-be9e-870a49a37102@group-40D367ECEF96-LeaderElection20] INFO  impl.RoleInfo (RoleInfo.java:shutdownLeaderElection(134)) - 5432d864-00a4-4faa-be9e-870a49a37102: shutdown LeaderElection
2019-10-20 12:59:37,427 [5432d864-00a4-4faa-be9e-870a49a37102@group-40D367ECEF96-LeaderElection20] INFO  impl.RoleInfo (RoleInfo.java:updateAndGet(143)) - 5432d864-00a4-4faa-be9e-870a49a37102: start FollowerState
2019-10-20 12:59:37,475 [Thread-663] INFO  impl.FollowerState (FollowerState.java:run(108)) - 5432d864-00a4-4faa-be9e-870a49a37102@group-40D367ECEF96-FollowerState: change to CANDIDATE, lastRpcTime:47ms, electionTimeout:47ms
2019-10-20 12:59:37,475 [Thread-663] INFO  impl.RoleInfo (RoleInfo.java:shutdownFollowerState(121)) - 5432d864-00a4-4faa-be9e-870a49a37102: shutdown FollowerState
2019-10-20 12:59:37,476 [Thread-663] INFO  impl.RaftServerImpl (RaftServerImpl.java:setRole(184)) - 5432d864-00a4-4faa-be9e-870a49a37102@group-40D367ECEF96: changes role from  FOLLOWER to CANDIDATE at term 19 for changeToCandidate
2019-10-20 12:59:37,476 [Thread-663] INFO  impl.RoleInfo (RoleInfo.java:updateAndGet(143)) - 5432d864-00a4-4faa-be9e-870a49a37102: start LeaderElection
2019-10-20 12:59:37,489 [5432d864-00a4-4faa-be9e-870a49a37102@group-40D367ECEF96-LeaderElection21] INFO  impl.LeaderElection (LeaderElection.java:askForVotes(178)) - 5432d864-00a4-4faa-be9e-870a49a37102@group-40D367ECEF96-LeaderElection21: begin an election at term 20 for 0: [5432d864-00a4-4faa-be9e-870a49a37102:192.168.157.204:42827, 314f41d3-e6bb-4e9d-a30b-79c862990eb1:192.168.157.204:38880, 12b54cff-467e-45e9-ac2a-409cdcf2b905:192.168.157.204:40598], old=null
2019-10-20 12:59:37,492 [grpc-default-executor-1] INFO  impl.RaftServerImpl (RaftServerImpl.java:setRole(184)) - 12b54cff-467e-45e9-ac2a-409cdcf2b905@group-40D367ECEF96: changes role from  FOLLOWER to FOLLOWER at term 20 for recognizeCandidate:5432d864-00a4-4faa-be9e-870a49a37102
2019-10-20 12:59:37,492 [grpc-default-executor-3] INFO  impl.RaftServerImpl (RaftServerImpl.java:setRole(184)) - 314f41d3-e6bb-4e9d-a30b-79c862990eb1@group-40D367ECEF96: changes role from  FOLLOWER to FOLLOWER at term 20 for recognizeCandidate:5432d864-00a4-4faa-be9e-870a49a37102
2019-10-20 12:59:37,493 [grpc-default-executor-1] INFO  impl.RoleInfo (RoleInfo.java:shutdownFollowerState(121)) - 12b54cff-467e-45e9-ac2a-409cdcf2b905: shutdown FollowerState
2019-10-20 12:59:37,493 [grpc-default-executor-3] INFO  impl.RoleInfo (RoleInfo.java:shutdownFollowerState(121)) - 314f41d3-e6bb-4e9d-a30b-79c862990eb1: shutdown FollowerState
2019-10-20 12:59:37,493 [Thread-662] INFO  impl.FollowerState (FollowerState.java:run(117)) - 12b54cff-467e-45e9-ac2a-409cdcf2b905@group-40D367ECEF96-FollowerState was interrupted: java.lang.InterruptedException: sleep interrupted
2019-10-20 12:59:37,493 [grpc-default-executor-3] INFO  impl.RoleInfo (RoleInfo.java:updateAndGet(143)) - 314f41d3-e6bb-4e9d-a30b-79c862990eb1: start FollowerState
2019-10-20 12:59:37,493 [grpc-default-executor-1] INFO  impl.RoleInfo (RoleInfo.java:updateAndGet(143)) - 12b54cff-467e-45e9-ac2a-409cdcf2b905: start FollowerState
2019-10-20 12:59:37,493 [Thread-661] INFO  impl.FollowerState (FollowerState.java:run(117)) - 314f41d3-e6bb-4e9d-a30b-79c862990eb1@group-40D367ECEF96-FollowerState was interrupted: java.lang.InterruptedException: sleep interrupted
2019-10-20 12:59:37,505 [5432d864-00a4-4faa-be9e-870a49a37102@group-40D367ECEF96-LeaderElection21] INFO  impl.LeaderElection (LeaderElection.java:logAndReturn(56)) - 5432d864-00a4-4faa-be9e-870a49a37102@group-40D367ECEF96-LeaderElection21: Election REJECTED; received 2 response(s) [5432d864-00a4-4faa-be9e-870a49a37102<-12b54cff-467e-45e9-ac2a-409cdcf2b905#0:FAIL-t20, 5432d864-00a4-4faa-be9e-870a49a37102<-314f41d3-e6bb-4e9d-a30b-79c862990eb1#0:FAIL-t20] and 0 exception(s); 5432d864-00a4-4faa-be9e-870a49a37102@group-40D367ECEF96:t20, leader=null, voted=5432d864-00a4-4faa-be9e-870a49a37102, raftlog=5432d864-00a4-4faa-be9e-870a49a37102@group-40D367ECEF96-SegmentedRaftLog:OPENED:c3,f4,i4, conf=0: [5432d864-00a4-4faa-be9e-870a49a37102:192.168.157.204:42827, 314f41d3-e6bb-4e9d-a30b-79c862990eb1:192.168.157.204:38880, 12b54cff-467e-45e9-ac2a-409cdcf2b905:192.168.157.204:40598], old=null
2019-10-20 12:59:37,505 [5432d864-00a4-4faa-be9e-870a49a37102@group-40D367ECEF96-LeaderElection21] INFO  impl.RaftServerImpl (RaftServerImpl.java:setRole(184)) - 5432d864-00a4-4faa-be9e-870a49a37102@group-40D367ECEF96: changes role from CANDIDATE to FOLLOWER at term 20 for DISCOVERED_A_NEW_TERM
2019-10-20 12:59:37,506 [5432d864-00a4-4faa-be9e-870a49a37102@group-40D367ECEF96-LeaderElection21] INFO  impl.RoleInfo (RoleInfo.java:shutdownLeaderElection(134)) - 5432d864-00a4-4faa-be9e-870a49a37102: shutdown LeaderElection
2019-10-20 12:59:37,506 [5432d864-00a4-4faa-be9e-870a49a37102@group-40D367ECEF96-LeaderElection21] INFO  impl.RoleInfo (RoleInfo.java:updateAndGet(143)) - 5432d864-00a4-4faa-be9e-870a49a37102: start FollowerState
2019-10-20 12:59:37,536 [Thread-669] INFO  impl.FollowerState (FollowerState.java:run(108)) - 5432d864-00a4-4faa-be9e-870a49a37102@group-40D367ECEF96-FollowerState: change to CANDIDATE, lastRpcTime:30ms, electionTimeout:30ms
2019-10-20 12:59:37,537 [Thread-669] INFO  impl.RoleInfo (RoleInfo.java:shutdownFollowerState(121)) - 5432d864-00a4-4faa-be9e-870a49a37102: shutdown FollowerState
2019-10-20 12:59:37,537 [Thread-669] INFO  impl.RaftServerImpl (RaftServerImpl.java:setRole(184)) - 5432d864-00a4-4faa-be9e-870a49a37102@group-40D367ECEF96: changes role from  FOLLOWER to CANDIDATE at term 20 for changeToCandidate
2019-10-20 12:59:37,537 [Thread-669] INFO  impl.RoleInfo (RoleInfo.java:updateAndGet(143)) - 5432d864-00a4-4faa-be9e-870a49a37102: start LeaderElection
2019-10-20 12:59:37,550 [5432d864-00a4-4faa-be9e-870a49a37102@group-40D367ECEF96-LeaderElection22] INFO  impl.LeaderElection (LeaderElection.java:askForVotes(178)) - 5432d864-00a4-4faa-be9e-870a49a37102@group-40D367ECEF96-LeaderElection22: begin an election at term 21 for 0: [5432d864-00a4-4faa-be9e-870a49a37102:192.168.157.204:42827, 314f41d3-e6bb-4e9d-a30b-79c862990eb1:192.168.157.204:38880, 12b54cff-467e-45e9-ac2a-409cdcf2b905:192.168.157.204:40598], old=null
2019-10-20 12:59:37,553 [grpc-default-executor-1] INFO  impl.RaftServerImpl (RaftServerImpl.java:setRole(184)) - 314f41d3-e6bb-4e9d-a30b-79c862990eb1@group-40D367ECEF96: changes role from  FOLLOWER to FOLLOWER at term 21 for recognizeCandidate:5432d864-00a4-4faa-be9e-870a49a37102
2019-10-20 12:59:37,554 [grpc-default-executor-1] INFO  impl.RoleInfo (RoleInfo.java:shutdownFollowerState(121)) - 314f41d3-e6bb-4e9d-a30b-79c862990eb1: shutdown FollowerState
2019-10-20 12:59:37,554 [grpc-default-executor-1] INFO  impl.RoleInfo (RoleInfo.java:updateAndGet(143)) - 314f41d3-e6bb-4e9d-a30b-79c862990eb1: start FollowerState
2019-10-20 12:59:37,554 [Thread-668] INFO  impl.FollowerState (FollowerState.java:run(117)) - 314f41d3-e6bb-4e9d-a30b-79c862990eb1@group-40D367ECEF96-FollowerState was interrupted: java.lang.InterruptedException: sleep interrupted
2019-10-20 12:59:37,554 [grpc-default-executor-3] INFO  impl.RaftServerImpl (RaftServerImpl.java:setRole(184)) - 12b54cff-467e-45e9-ac2a-409cdcf2b905@group-40D367ECEF96: changes role from  FOLLOWER to FOLLOWER at term 21 for recognizeCandidate:5432d864-00a4-4faa-be9e-870a49a37102
2019-10-20 12:59:37,554 [grpc-default-executor-3] INFO  impl.RoleInfo (RoleInfo.java:shutdownFollowerState(121)) - 12b54cff-467e-45e9-ac2a-409cdcf2b905: shutdown FollowerState
2019-10-20 12:59:37,554 [Thread-667] INFO  impl.FollowerState (FollowerState.java:run(117)) - 12b54cff-467e-45e9-ac2a-409cdcf2b905@group-40D367ECEF96-FollowerState was interrupted: java.lang.InterruptedException: sleep interrupted
2019-10-20 12:59:37,554 [grpc-default-executor-3] INFO  impl.RoleInfo (RoleInfo.java:updateAndGet(143)) - 12b54cff-467e-45e9-ac2a-409cdcf2b905: start FollowerState
2019-10-20 12:59:37,568 [5432d864-00a4-4faa-be9e-870a49a37102@group-40D367ECEF96-LeaderElection22] INFO  impl.LeaderElection (LeaderElection.java:logAndReturn(56)) - 5432d864-00a4-4faa-be9e-870a49a37102@group-40D367ECEF96-LeaderElection22: Election REJECTED; received 2 response(s) [5432d864-00a4-4faa-be9e-870a49a37102<-12b54cff-467e-45e9-ac2a-409cdcf2b905#0:FAIL-t21, 5432d864-00a4-4faa-be9e-870a49a37102<-314f41d3-e6bb-4e9d-a30b-79c862990eb1#0:FAIL-t21] and 0 exception(s); 5432d864-00a4-4faa-be9e-870a49a37102@group-40D367ECEF96:t21, leader=null, voted=5432d864-00a4-4faa-be9e-870a49a37102, raftlog=5432d864-00a4-4faa-be9e-870a49a37102@group-40D367ECEF96-SegmentedRaftLog:OPENED:c3,f4,i4, conf=0: [5432d864-00a4-4faa-be9e-870a49a37102:192.168.157.204:42827, 314f41d3-e6bb-4e9d-a30b-79c862990eb1:192.168.157.204:38880, 12b54cff-467e-45e9-ac2a-409cdcf2b905:192.168.157.204:40598], old=null
2019-10-20 12:59:37,568 [5432d864-00a4-4faa-be9e-870a49a37102@group-40D367ECEF96-LeaderElection22] INFO  impl.RaftServerImpl (RaftServerImpl.java:setRole(184)) - 5432d864-00a4-4faa-be9e-870a49a37102@group-40D367ECEF96: changes role from CANDIDATE to FOLLOWER at term 21 for DISCOVERED_A_NEW_TERM
2019-10-20 12:59:37,569 [5432d864-00a4-4faa-be9e-870a49a37102@group-40D367ECEF96-LeaderElection22] INFO  impl.RoleInfo (RoleInfo.java:shutdownLeaderElection(134)) - 5432d864-00a4-4faa-be9e-870a49a37102: shutdown LeaderElection
2019-10-20 12:59:37,569 [5432d864-00a4-4faa-be9e-870a49a37102@group-40D367ECEF96-LeaderElection22] INFO  impl.RoleInfo (RoleInfo.java:updateAndGet(143)) - 5432d864-00a4-4faa-be9e-870a49a37102: start FollowerState
2019-10-20 12:59:37,695 [EventQueue-PendingDeleteStatusForPendingDeleteHandler] INFO  block.SCMBlockDeletingService (SCMBlockDeletingService.java:handlePendingDeletes(115)) - Block deletion txnID mismatch in datanode 5432d864-00a4-4faa-be9e-870a49a37102 for containerID 1. Datanode delete txnID: 0, SCM txnID: 1
2019-10-20 12:59:37,709 [Thread-675] INFO  impl.FollowerState (FollowerState.java:run(108)) - 5432d864-00a4-4faa-be9e-870a49a37102@group-40D367ECEF96-FollowerState: change to CANDIDATE, lastRpcTime:140ms, electionTimeout:140ms
2019-10-20 12:59:37,709 [Thread-675] INFO  impl.RoleInfo (RoleInfo.java:shutdownFollowerState(121)) - 5432d864-00a4-4faa-be9e-870a49a37102: shutdown FollowerState
2019-10-20 12:59:37,709 [Thread-675] INFO  impl.RaftServerImpl (RaftServerImpl.java:setRole(184)) - 5432d864-00a4-4faa-be9e-870a49a37102@group-40D367ECEF96: changes role from  FOLLOWER to CANDIDATE at term 21 for changeToCandidate
2019-10-20 12:59:37,709 [Thread-675] INFO  impl.RoleInfo (RoleInfo.java:updateAndGet(143)) - 5432d864-00a4-4faa-be9e-870a49a37102: start LeaderElection
2019-10-20 12:59:37,723 [5432d864-00a4-4faa-be9e-870a49a37102@group-40D367ECEF96-LeaderElection23] INFO  impl.LeaderElection (LeaderElection.java:askForVotes(178)) - 5432d864-00a4-4faa-be9e-870a49a37102@group-40D367ECEF96-LeaderElection23: begin an election at term 22 for 0: [5432d864-00a4-4faa-be9e-870a49a37102:192.168.157.204:42827, 314f41d3-e6bb-4e9d-a30b-79c862990eb1:192.168.157.204:38880, 12b54cff-467e-45e9-ac2a-409cdcf2b905:192.168.157.204:40598], old=null
2019-10-20 12:59:37,726 [grpc-default-executor-3] INFO  impl.RaftServerImpl (RaftServerImpl.java:setRole(184)) - 314f41d3-e6bb-4e9d-a30b-79c862990eb1@group-40D367ECEF96: changes role from  FOLLOWER to FOLLOWER at term 22 for recognizeCandidate:5432d864-00a4-4faa-be9e-870a49a37102
2019-10-20 12:59:37,729 [grpc-default-executor-3] INFO  impl.RoleInfo (RoleInfo.java:shutdownFollowerState(121)) - 314f41d3-e6bb-4e9d-a30b-79c862990eb1: shutdown FollowerState
2019-10-20 12:59:37,729 [grpc-default-executor-1] INFO  impl.RaftServerImpl (RaftServerImpl.java:setRole(184)) - 12b54cff-467e-45e9-ac2a-409cdcf2b905@group-40D367ECEF96: changes role from  FOLLOWER to FOLLOWER at term 22 for recognizeCandidate:5432d864-00a4-4faa-be9e-870a49a37102
2019-10-20 12:59:37,730 [grpc-default-executor-1] INFO  impl.RoleInfo (RoleInfo.java:shutdownFollowerState(121)) - 12b54cff-467e-45e9-ac2a-409cdcf2b905: shutdown FollowerState
2019-10-20 12:59:37,730 [grpc-default-executor-3] INFO  impl.RoleInfo (RoleInfo.java:updateAndGet(143)) - 314f41d3-e6bb-4e9d-a30b-79c862990eb1: start FollowerState
2019-10-20 12:59:37,730 [Thread-674] INFO  impl.FollowerState (FollowerState.java:run(117)) - 12b54cff-467e-45e9-ac2a-409cdcf2b905@group-40D367ECEF96-FollowerState was interrupted: java.lang.InterruptedException: sleep interrupted
2019-10-20 12:59:37,730 [grpc-default-executor-1] INFO  impl.RoleInfo (RoleInfo.java:updateAndGet(143)) - 12b54cff-467e-45e9-ac2a-409cdcf2b905: start FollowerState
2019-10-20 12:59:37,730 [Thread-673] INFO  impl.FollowerState (FollowerState.java:run(117)) - 314f41d3-e6bb-4e9d-a30b-79c862990eb1@group-40D367ECEF96-FollowerState was interrupted: java.lang.InterruptedException: sleep interrupted
2019-10-20 12:59:37,745 [5432d864-00a4-4faa-be9e-870a49a37102@group-40D367ECEF96-LeaderElection23] INFO  impl.LeaderElection (LeaderElection.java:logAndReturn(56)) - 5432d864-00a4-4faa-be9e-870a49a37102@group-40D367ECEF96-LeaderElection23: Election REJECTED; received 2 response(s) [5432d864-00a4-4faa-be9e-870a49a37102<-12b54cff-467e-45e9-ac2a-409cdcf2b905#0:FAIL-t22, 5432d864-00a4-4faa-be9e-870a49a37102<-314f41d3-e6bb-4e9d-a30b-79c862990eb1#0:FAIL-t22] and 0 exception(s); 5432d864-00a4-4faa-be9e-870a49a37102@group-40D367ECEF96:t22, leader=null, voted=5432d864-00a4-4faa-be9e-870a49a37102, raftlog=5432d864-00a4-4faa-be9e-870a49a37102@group-40D367ECEF96-SegmentedRaftLog:OPENED:c3,f4,i4, conf=0: [5432d864-00a4-4faa-be9e-870a49a37102:192.168.157.204:42827, 314f41d3-e6bb-4e9d-a30b-79c862990eb1:192.168.157.204:38880, 12b54cff-467e-45e9-ac2a-409cdcf2b905:192.168.157.204:40598], old=null
2019-10-20 12:59:37,746 [5432d864-00a4-4faa-be9e-870a49a37102@group-40D367ECEF96-LeaderElection23] INFO  impl.RaftServerImpl (RaftServerImpl.java:setRole(184)) - 5432d864-00a4-4faa-be9e-870a49a37102@group-40D367ECEF96: changes role from CANDIDATE to FOLLOWER at term 22 for DISCOVERED_A_NEW_TERM
2019-10-20 12:59:37,746 [5432d864-00a4-4faa-be9e-870a49a37102@group-40D367ECEF96-LeaderElection23] INFO  impl.RoleInfo (RoleInfo.java:shutdownLeaderElection(134)) - 5432d864-00a4-4faa-be9e-870a49a37102: shutdown LeaderElection
2019-10-20 12:59:37,746 [5432d864-00a4-4faa-be9e-870a49a37102@group-40D367ECEF96-LeaderElection23] INFO  impl.RoleInfo (RoleInfo.java:updateAndGet(143)) - 5432d864-00a4-4faa-be9e-870a49a37102: start FollowerState
2019-10-20 12:59:37,889 [Thread-682] INFO  impl.FollowerState (FollowerState.java:run(108)) - 5432d864-00a4-4faa-be9e-870a49a37102@group-40D367ECEF96-FollowerState: change to CANDIDATE, lastRpcTime:143ms, electionTimeout:143ms
2019-10-20 12:59:37,890 [Thread-682] INFO  impl.RoleInfo (RoleInfo.java:shutdownFollowerState(121)) - 5432d864-00a4-4faa-be9e-870a49a37102: shutdown FollowerState
2019-10-20 12:59:37,890 [Thread-682] INFO  impl.RaftServerImpl (RaftServerImpl.java:setRole(184)) - 5432d864-00a4-4faa-be9e-870a49a37102@group-40D367ECEF96: changes role from  FOLLOWER to CANDIDATE at term 22 for changeToCandidate
2019-10-20 12:59:37,890 [Thread-682] INFO  impl.RoleInfo (RoleInfo.java:updateAndGet(143)) - 5432d864-00a4-4faa-be9e-870a49a37102: start LeaderElection
2019-10-20 12:59:37,903 [5432d864-00a4-4faa-be9e-870a49a37102@group-40D367ECEF96-LeaderElection24] INFO  impl.LeaderElection (LeaderElection.java:askForVotes(178)) - 5432d864-00a4-4faa-be9e-870a49a37102@group-40D367ECEF96-LeaderElection24: begin an election at term 23 for 0: [5432d864-00a4-4faa-be9e-870a49a37102:192.168.157.204:42827, 314f41d3-e6bb-4e9d-a30b-79c862990eb1:192.168.157.204:38880, 12b54cff-467e-45e9-ac2a-409cdcf2b905:192.168.157.204:40598], old=null
2019-10-20 12:59:37,904 [5432d864-00a4-4faa-be9e-870a49a37102@group-40D367ECEF96-LeaderElection24] INFO  impl.LeaderElection (LeaderElection.java:logAndReturn(56)) - 5432d864-00a4-4faa-be9e-870a49a37102@group-40D367ECEF96-LeaderElection24: Election TIMEOUT; received 0 response(s) [] and 0 exception(s); 5432d864-00a4-4faa-be9e-870a49a37102@group-40D367ECEF96:t23, leader=null, voted=5432d864-00a4-4faa-be9e-870a49a37102, raftlog=5432d864-00a4-4faa-be9e-870a49a37102@group-40D367ECEF96-SegmentedRaftLog:OPENED:c3,f4,i4, conf=0: [5432d864-00a4-4faa-be9e-870a49a37102:192.168.157.204:42827, 314f41d3-e6bb-4e9d-a30b-79c862990eb1:192.168.157.204:38880, 12b54cff-467e-45e9-ac2a-409cdcf2b905:192.168.157.204:40598], old=null
2019-10-20 12:59:37,906 [grpc-default-executor-1] INFO  impl.RaftServerImpl (RaftServerImpl.java:setRole(184)) - 12b54cff-467e-45e9-ac2a-409cdcf2b905@group-40D367ECEF96: changes role from  FOLLOWER to FOLLOWER at term 23 for recognizeCandidate:5432d864-00a4-4faa-be9e-870a49a37102
2019-10-20 12:59:37,906 [grpc-default-executor-3] INFO  impl.RaftServerImpl (RaftServerImpl.java:setRole(184)) - 314f41d3-e6bb-4e9d-a30b-79c862990eb1@group-40D367ECEF96: changes role from  FOLLOWER to FOLLOWER at term 23 for recognizeCandidate:5432d864-00a4-4faa-be9e-870a49a37102
2019-10-20 12:59:37,906 [grpc-default-executor-1] INFO  impl.RoleInfo (RoleInfo.java:shutdownFollowerState(121)) - 12b54cff-467e-45e9-ac2a-409cdcf2b905: shutdown FollowerState
2019-10-20 12:59:37,907 [grpc-default-executor-3] INFO  impl.RoleInfo (RoleInfo.java:shutdownFollowerState(121)) - 314f41d3-e6bb-4e9d-a30b-79c862990eb1: shutdown FollowerState
2019-10-20 12:59:37,907 [grpc-default-executor-1] INFO  impl.RoleInfo (RoleInfo.java:updateAndGet(143)) - 12b54cff-467e-45e9-ac2a-409cdcf2b905: start FollowerState
2019-10-20 12:59:37,907 [Thread-681] INFO  impl.FollowerState (FollowerState.java:run(117)) - 12b54cff-467e-45e9-ac2a-409cdcf2b905@group-40D367ECEF96-FollowerState was interrupted: java.lang.InterruptedException: sleep interrupted
2019-10-20 12:59:37,907 [Thread-680] INFO  impl.FollowerState (FollowerState.java:run(117)) - 314f41d3-e6bb-4e9d-a30b-79c862990eb1@group-40D367ECEF96-FollowerState was interrupted: java.lang.InterruptedException: sleep interrupted
2019-10-20 12:59:37,907 [grpc-default-executor-3] INFO  impl.RoleInfo (RoleInfo.java:updateAndGet(143)) - 314f41d3-e6bb-4e9d-a30b-79c862990eb1: start FollowerState
2019-10-20 12:59:37,917 [5432d864-00a4-4faa-be9e-870a49a37102@group-40D367ECEF96-LeaderElection24] INFO  impl.LeaderElection (LeaderElection.java:askForVotes(178)) - 5432d864-00a4-4faa-be9e-870a49a37102@group-40D367ECEF96-LeaderElection24: begin an election at term 24 for 0: [5432d864-00a4-4faa-be9e-870a49a37102:192.168.157.204:42827, 314f41d3-e6bb-4e9d-a30b-79c862990eb1:192.168.157.204:38880, 12b54cff-467e-45e9-ac2a-409cdcf2b905:192.168.157.204:40598], old=null
2019-10-20 12:59:37,919 [grpc-default-executor-1] INFO  impl.RaftServerImpl (RaftServerImpl.java:setRole(184)) - 12b54cff-467e-45e9-ac2a-409cdcf2b905@group-40D367ECEF96: changes role from  FOLLOWER to FOLLOWER at term 24 for recognizeCandidate:5432d864-00a4-4faa-be9e-870a49a37102
2019-10-20 12:59:37,919 [grpc-default-executor-3] INFO  impl.RaftServerImpl (RaftServerImpl.java:setRole(184)) - 314f41d3-e6bb-4e9d-a30b-79c862990eb1@group-40D367ECEF96: changes role from  FOLLOWER to FOLLOWER at term 24 for recognizeCandidate:5432d864-00a4-4faa-be9e-870a49a37102
2019-10-20 12:59:37,919 [grpc-default-executor-1] INFO  impl.RoleInfo (RoleInfo.java:shutdownFollowerState(121)) - 12b54cff-467e-45e9-ac2a-409cdcf2b905: shutdown FollowerState
2019-10-20 12:59:37,920 [grpc-default-executor-3] INFO  impl.RoleInfo (RoleInfo.java:shutdownFollowerState(121)) - 314f41d3-e6bb-4e9d-a30b-79c862990eb1: shutdown FollowerState
2019-10-20 12:59:37,920 [Thread-686] INFO  impl.FollowerState (FollowerState.java:run(117)) - 12b54cff-467e-45e9-ac2a-409cdcf2b905@group-40D367ECEF96-FollowerState was interrupted: java.lang.InterruptedException: sleep interrupted
2019-10-20 12:59:37,920 [grpc-default-executor-1] INFO  impl.RoleInfo (RoleInfo.java:updateAndGet(143)) - 12b54cff-467e-45e9-ac2a-409cdcf2b905: start FollowerState
2019-10-20 12:59:37,920 [Thread-687] INFO  impl.FollowerState (FollowerState.java:run(117)) - 314f41d3-e6bb-4e9d-a30b-79c862990eb1@group-40D367ECEF96-FollowerState was interrupted: java.lang.InterruptedException: sleep interrupted
2019-10-20 12:59:37,920 [grpc-default-executor-3] INFO  impl.RoleInfo (RoleInfo.java:updateAndGet(143)) - 314f41d3-e6bb-4e9d-a30b-79c862990eb1: start FollowerState
2019-10-20 12:59:37,930 [Thread-693] INFO  client.GrpcClientProtocolService (GrpcClientProtocolService.java:lambda$processClientRequest$0(278)) - Failed RaftClientRequest:client-5F43918617A9->12b54cff-467e-45e9-ac2a-409cdcf2b905@group-40D367ECEF96, cid=10, seq=0, Watch-ALL_COMMITTED(6), Message:<EMPTY>, reply=RaftClientReply:client-5F43918617A9->12b54cff-467e-45e9-ac2a-409cdcf2b905@group-40D367ECEF96, cid=10, FAILED org.apache.ratis.protocol.NotLeaderException: Server 12b54cff-467e-45e9-ac2a-409cdcf2b905@group-40D367ECEF96 is not the leader, logIndex=0, commits[12b54cff-467e-45e9-ac2a-409cdcf2b905:c10, 5432d864-00a4-4faa-be9e-870a49a37102:c4, 314f41d3-e6bb-4e9d-a30b-79c862990eb1:c10]
2019-10-20 12:59:37,936 [5432d864-00a4-4faa-be9e-870a49a37102@group-40D367ECEF96-LeaderElection24] INFO  impl.LeaderElection (LeaderElection.java:logAndReturn(56)) - 5432d864-00a4-4faa-be9e-870a49a37102@group-40D367ECEF96-LeaderElection24: Election REJECTED; received 2 response(s) [5432d864-00a4-4faa-be9e-870a49a37102<-12b54cff-467e-45e9-ac2a-409cdcf2b905#0:FAIL-t24, 5432d864-00a4-4faa-be9e-870a49a37102<-314f41d3-e6bb-4e9d-a30b-79c862990eb1#0:FAIL-t24] and 0 exception(s); 5432d864-00a4-4faa-be9e-870a49a37102@group-40D367ECEF96:t24, leader=null, voted=5432d864-00a4-4faa-be9e-870a49a37102, raftlog=5432d864-00a4-4faa-be9e-870a49a37102@group-40D367ECEF96-SegmentedRaftLog:OPENED:c3,f4,i4, conf=0: [5432d864-00a4-4faa-be9e-870a49a37102:192.168.157.204:42827, 314f41d3-e6bb-4e9d-a30b-79c862990eb1:192.168.157.204:38880, 12b54cff-467e-45e9-ac2a-409cdcf2b905:192.168.157.204:40598], old=null
2019-10-20 12:59:37,936 [5432d864-00a4-4faa-be9e-870a49a37102@group-40D367ECEF96-LeaderElection24] INFO  impl.RaftServerImpl (RaftServerImpl.java:setRole(184)) - 5432d864-00a4-4faa-be9e-870a49a37102@group-40D367ECEF96: changes role from CANDIDATE to FOLLOWER at term 24 for DISCOVERED_A_NEW_TERM
2019-10-20 12:59:37,936 [5432d864-00a4-4faa-be9e-870a49a37102@group-40D367ECEF96-LeaderElection24] INFO  impl.RoleInfo (RoleInfo.java:shutdownLeaderElection(134)) - 5432d864-00a4-4faa-be9e-870a49a37102: shutdown LeaderElection
2019-10-20 12:59:37,936 [5432d864-00a4-4faa-be9e-870a49a37102@group-40D367ECEF96-LeaderElection24] INFO  impl.RoleInfo (RoleInfo.java:updateAndGet(143)) - 5432d864-00a4-4faa-be9e-870a49a37102: start FollowerState
2019-10-20 12:59:38,044 [Thread-695] INFO  impl.FollowerState (FollowerState.java:run(108)) - 5432d864-00a4-4faa-be9e-870a49a37102@group-40D367ECEF96-FollowerState: change to CANDIDATE, lastRpcTime:107ms, electionTimeout:107ms
2019-10-20 12:59:38,045 [Thread-695] INFO  impl.RoleInfo (RoleInfo.java:shutdownFollowerState(121)) - 5432d864-00a4-4faa-be9e-870a49a37102: shutdown FollowerState
2019-10-20 12:59:38,045 [Thread-695] INFO  impl.RaftServerImpl (RaftServerImpl.java:setRole(184)) - 5432d864-00a4-4faa-be9e-870a49a37102@group-40D367ECEF96: changes role from  FOLLOWER to CANDIDATE at term 24 for changeToCandidate
2019-10-20 12:59:38,046 [Thread-695] INFO  impl.RoleInfo (RoleInfo.java:updateAndGet(143)) - 5432d864-00a4-4faa-be9e-870a49a37102: start LeaderElection
2019-10-20 12:59:38,060 [5432d864-00a4-4faa-be9e-870a49a37102@group-40D367ECEF96-LeaderElection25] INFO  impl.LeaderElection (LeaderElection.java:askForVotes(178)) - 5432d864-00a4-4faa-be9e-870a49a37102@group-40D367ECEF96-LeaderElection25: begin an election at term 25 for 0: [5432d864-00a4-4faa-be9e-870a49a37102:192.168.157.204:42827, 314f41d3-e6bb-4e9d-a30b-79c862990eb1:192.168.157.204:38880, 12b54cff-467e-45e9-ac2a-409cdcf2b905:192.168.157.204:40598], old=null
2019-10-20 12:59:38,062 [grpc-default-executor-3] INFO  impl.RaftServerImpl (RaftServerImpl.java:setRole(184)) - 314f41d3-e6bb-4e9d-a30b-79c862990eb1@group-40D367ECEF96: changes role from  FOLLOWER to FOLLOWER at term 25 for recognizeCandidate:5432d864-00a4-4faa-be9e-870a49a37102
2019-10-20 12:59:38,063 [grpc-default-executor-1] INFO  impl.RaftServerImpl (RaftServerImpl.java:setRole(184)) - 12b54cff-467e-45e9-ac2a-409cdcf2b905@group-40D367ECEF96: changes role from  FOLLOWER to FOLLOWER at term 25 for recognizeCandidate:5432d864-00a4-4faa-be9e-870a49a37102
2019-10-20 12:59:38,063 [grpc-default-executor-3] INFO  impl.RoleInfo (RoleInfo.java:shutdownFollowerState(121)) - 314f41d3-e6bb-4e9d-a30b-79c862990eb1: shutdown FollowerState
2019-10-20 12:59:38,063 [grpc-default-executor-1] INFO  impl.RoleInfo (RoleInfo.java:shutdownFollowerState(121)) - 12b54cff-467e-45e9-ac2a-409cdcf2b905: shutdown FollowerState
2019-10-20 12:59:38,063 [grpc-default-executor-3] INFO  impl.RoleInfo (RoleInfo.java:updateAndGet(143)) - 314f41d3-e6bb-4e9d-a30b-79c862990eb1: start FollowerState
2019-10-20 12:59:38,063 [Thread-691] INFO  impl.FollowerState (FollowerState.java:run(117)) - 314f41d3-e6bb-4e9d-a30b-79c862990eb1@group-40D367ECEF96-FollowerState was interrupted: java.lang.InterruptedException: sleep interrupted
2019-10-20 12:59:38,063 [Thread-690] INFO  impl.FollowerState (FollowerState.java:run(117)) - 12b54cff-467e-45e9-ac2a-409cdcf2b905@group-40D367ECEF96-FollowerState was interrupted: java.lang.InterruptedException: sleep interrupted
2019-10-20 12:59:38,063 [grpc-default-executor-1] INFO  impl.RoleInfo (RoleInfo.java:updateAndGet(143)) - 12b54cff-467e-45e9-ac2a-409cdcf2b905: start FollowerState
2019-10-20 12:59:38,078 [5432d864-00a4-4faa-be9e-870a49a37102@group-40D367ECEF96-LeaderElection25] INFO  impl.LeaderElection (LeaderElection.java:logAndReturn(56)) - 5432d864-00a4-4faa-be9e-870a49a37102@group-40D367ECEF96-LeaderElection25: Election REJECTED; received 2 response(s) [5432d864-00a4-4faa-be9e-870a49a37102<-12b54cff-467e-45e9-ac2a-409cdcf2b905#0:FAIL-t25, 5432d864-00a4-4faa-be9e-870a49a37102<-314f41d3-e6bb-4e9d-a30b-79c862990eb1#0:FAIL-t25] and 0 exception(s); 5432d864-00a4-4faa-be9e-870a49a37102@group-40D367ECEF96:t25, leader=null, voted=5432d864-00a4-4faa-be9e-870a49a37102, raftlog=5432d864-00a4-4faa-be9e-870a49a37102@group-40D367ECEF96-SegmentedRaftLog:OPENED:c3,f4,i4, conf=0: [5432d864-00a4-4faa-be9e-870a49a37102:192.168.157.204:42827, 314f41d3-e6bb-4e9d-a30b-79c862990eb1:192.168.157.204:38880, 12b54cff-467e-45e9-ac2a-409cdcf2b905:192.168.157.204:40598], old=null
2019-10-20 12:59:38,078 [5432d864-00a4-4faa-be9e-870a49a37102@group-40D367ECEF96-LeaderElection25] INFO  impl.RaftServerImpl (RaftServerImpl.java:setRole(184)) - 5432d864-00a4-4faa-be9e-870a49a37102@group-40D367ECEF96: changes role from CANDIDATE to FOLLOWER at term 25 for DISCOVERED_A_NEW_TERM
2019-10-20 12:59:38,078 [5432d864-00a4-4faa-be9e-870a49a37102@group-40D367ECEF96-LeaderElection25] INFO  impl.RoleInfo (RoleInfo.java:shutdownLeaderElection(134)) - 5432d864-00a4-4faa-be9e-870a49a37102: shutdown LeaderElection
2019-10-20 12:59:38,079 [5432d864-00a4-4faa-be9e-870a49a37102@group-40D367ECEF96-LeaderElection25] INFO  impl.RoleInfo (RoleInfo.java:updateAndGet(143)) - 5432d864-00a4-4faa-be9e-870a49a37102: start FollowerState
2019-10-20 12:59:38,140 [pool-7-thread-2] INFO  commands.RetriableDatanodeEventWatcher (RetriableDatanodeEventWatcher.java:onTimeout(47)) - RetriableDatanodeCommand type=deleteBlocksCommand with id=1571576373056 timed out. Retrying.
2019-10-20 12:59:38,141 [pool-7-thread-3] INFO  commands.RetriableDatanodeEventWatcher (RetriableDatanodeEventWatcher.java:onTimeout(47)) - RetriableDatanodeCommand type=deleteBlocksCommand with id=1571576373053 timed out. Retrying.
2019-10-20 12:59:38,143 [pool-7-thread-2] INFO  commands.RetriableDatanodeEventWatcher (RetriableDatanodeEventWatcher.java:onTimeout(47)) - RetriableDatanodeCommand type=deleteBlocksCommand with id=1571576373054 timed out. Retrying.
2019-10-20 12:59:38,144 [pool-7-thread-3] INFO  commands.RetriableDatanodeEventWatcher (RetriableDatanodeEventWatcher.java:onTimeout(47)) - RetriableDatanodeCommand type=deleteBlocksCommand with id=1571576373055 timed out. Retrying.
2019-10-20 12:59:38,145 [pool-7-thread-3] INFO  commands.RetriableDatanodeEventWatcher (RetriableDatanodeEventWatcher.java:onTimeout(47)) - RetriableDatanodeCommand type=deleteBlocksCommand with id=1571576373057 timed out. Retrying.
2019-10-20 12:59:38,145 [SCMBlockDeletingService#0] INFO  block.SCMBlockDeletingService (SCMBlockDeletingService.java:call(184)) - Totally added 1 delete blocks command for 1 datanodes, task elapsed time: 1ms
2019-10-20 12:59:38,165 [Thread-701] INFO  impl.FollowerState (FollowerState.java:run(108)) - 5432d864-00a4-4faa-be9e-870a49a37102@group-40D367ECEF96-FollowerState: change to CANDIDATE, lastRpcTime:86ms, electionTimeout:86ms
2019-10-20 12:59:38,165 [Thread-701] INFO  impl.RoleInfo (RoleInfo.java:shutdownFollowerState(121)) - 5432d864-00a4-4faa-be9e-870a49a37102: shutdown FollowerState
2019-10-20 12:59:38,165 [Thread-701] INFO  impl.RaftServerImpl (RaftServerImpl.java:setRole(184)) - 5432d864-00a4-4faa-be9e-870a49a37102@group-40D367ECEF96: changes role from  FOLLOWER to CANDIDATE at term 25 for changeToCandidate
2019-10-20 12:59:38,166 [Thread-701] INFO  impl.RoleInfo (RoleInfo.java:updateAndGet(143)) - 5432d864-00a4-4faa-be9e-870a49a37102: start LeaderElection
2019-10-20 12:59:38,179 [5432d864-00a4-4faa-be9e-870a49a37102@group-40D367ECEF96-LeaderElection26] INFO  impl.LeaderElection (LeaderElection.java:askForVotes(178)) - 5432d864-00a4-4faa-be9e-870a49a37102@group-40D367ECEF96-LeaderElection26: begin an election at term 26 for 0: [5432d864-00a4-4faa-be9e-870a49a37102:192.168.157.204:42827, 314f41d3-e6bb-4e9d-a30b-79c862990eb1:192.168.157.204:38880, 12b54cff-467e-45e9-ac2a-409cdcf2b905:192.168.157.204:40598], old=null
2019-10-20 12:59:38,181 [grpc-default-executor-1] INFO  impl.RaftServerImpl (RaftServerImpl.java:setRole(184)) - 314f41d3-e6bb-4e9d-a30b-79c862990eb1@group-40D367ECEF96: changes role from  FOLLOWER to FOLLOWER at term 26 for recognizeCandidate:5432d864-00a4-4faa-be9e-870a49a37102
2019-10-20 12:59:38,181 [grpc-default-executor-3] INFO  impl.RaftServerImpl (RaftServerImpl.java:setRole(184)) - 12b54cff-467e-45e9-ac2a-409cdcf2b905@group-40D367ECEF96: changes role from  FOLLOWER to FOLLOWER at term 26 for recognizeCandidate:5432d864-00a4-4faa-be9e-870a49a37102
2019-10-20 12:59:38,181 [grpc-default-executor-1] INFO  impl.RoleInfo (RoleInfo.java:shutdownFollowerState(121)) - 314f41d3-e6bb-4e9d-a30b-79c862990eb1: shutdown FollowerState
2019-10-20 12:59:38,181 [grpc-default-executor-3] INFO  impl.RoleInfo (RoleInfo.java:shutdownFollowerState(121)) - 12b54cff-467e-45e9-ac2a-409cdcf2b905: shutdown FollowerState
2019-10-20 12:59:38,182 [grpc-default-executor-1] INFO  impl.RoleInfo (RoleInfo.java:updateAndGet(143)) - 314f41d3-e6bb-4e9d-a30b-79c862990eb1: start FollowerState
2019-10-20 12:59:38,182 [Thread-699] INFO  impl.FollowerState (FollowerState.java:run(117)) - 314f41d3-e6bb-4e9d-a30b-79c862990eb1@group-40D367ECEF96-FollowerState was interrupted: java.lang.InterruptedException: sleep interrupted
2019-10-20 12:59:38,182 [grpc-default-executor-3] INFO  impl.RoleInfo (RoleInfo.java:updateAndGet(143)) - 12b54cff-467e-45e9-ac2a-409cdcf2b905: start FollowerState
2019-10-20 12:59:38,182 [Thread-700] INFO  impl.FollowerState (FollowerState.java:run(117)) - 12b54cff-467e-45e9-ac2a-409cdcf2b905@group-40D367ECEF96-FollowerState was interrupted: java.lang.InterruptedException: sleep interrupted
2019-10-20 12:59:38,197 [5432d864-00a4-4faa-be9e-870a49a37102@group-40D367ECEF96-LeaderElection26] INFO  impl.LeaderElection (LeaderElection.java:logAndReturn(56)) - 5432d864-00a4-4faa-be9e-870a49a37102@group-40D367ECEF96-LeaderElection26: Election REJECTED; received 2 response(s) [5432d864-00a4-4faa-be9e-870a49a37102<-12b54cff-467e-45e9-ac2a-409cdcf2b905#0:FAIL-t26, 5432d864-00a4-4faa-be9e-870a49a37102<-314f41d3-e6bb-4e9d-a30b-79c862990eb1#0:FAIL-t26] and 0 exception(s); 5432d864-00a4-4faa-be9e-870a49a37102@group-40D367ECEF96:t26, leader=null, voted=5432d864-00a4-4faa-be9e-870a49a37102, raftlog=5432d864-00a4-4faa-be9e-870a49a37102@group-40D367ECEF96-SegmentedRaftLog:OPENED:c3,f4,i4, conf=0: [5432d864-00a4-4faa-be9e-870a49a37102:192.168.157.204:42827, 314f41d3-e6bb-4e9d-a30b-79c862990eb1:192.168.157.204:38880, 12b54cff-467e-45e9-ac2a-409cdcf2b905:192.168.157.204:40598], old=null
2019-10-20 12:59:38,197 [5432d864-00a4-4faa-be9e-870a49a37102@group-40D367ECEF96-LeaderElection26] INFO  impl.RaftServerImpl (RaftServerImpl.java:setRole(184)) - 5432d864-00a4-4faa-be9e-870a49a37102@group-40D367ECEF96: changes role from CANDIDATE to FOLLOWER at term 26 for DISCOVERED_A_NEW_TERM
2019-10-20 12:59:38,197 [5432d864-00a4-4faa-be9e-870a49a37102@group-40D367ECEF96-LeaderElection26] INFO  impl.RoleInfo (RoleInfo.java:shutdownLeaderElection(134)) - 5432d864-00a4-4faa-be9e-870a49a37102: shutdown LeaderElection
2019-10-20 12:59:38,197 [5432d864-00a4-4faa-be9e-870a49a37102@group-40D367ECEF96-LeaderElection26] INFO  impl.RoleInfo (RoleInfo.java:updateAndGet(143)) - 5432d864-00a4-4faa-be9e-870a49a37102: start FollowerState
2019-10-20 12:59:38,359 [Thread-707] INFO  impl.FollowerState (FollowerState.java:run(108)) - 5432d864-00a4-4faa-be9e-870a49a37102@group-40D367ECEF96-FollowerState: change to CANDIDATE, lastRpcTime:162ms, electionTimeout:162ms
2019-10-20 12:59:38,361 [Thread-707] INFO  impl.RoleInfo (RoleInfo.java:shutdownFollowerState(121)) - 5432d864-00a4-4faa-be9e-870a49a37102: shutdown FollowerState
2019-10-20 12:59:38,361 [Thread-707] INFO  impl.RaftServerImpl (RaftServerImpl.java:setRole(184)) - 5432d864-00a4-4faa-be9e-870a49a37102@group-40D367ECEF96: changes role from  FOLLOWER to CANDIDATE at term 26 for changeToCandidate
2019-10-20 12:59:38,361 [Thread-707] INFO  impl.RoleInfo (RoleInfo.java:updateAndGet(143)) - 5432d864-00a4-4faa-be9e-870a49a37102: start LeaderElection
2019-10-20 12:59:38,375 [5432d864-00a4-4faa-be9e-870a49a37102@group-40D367ECEF96-LeaderElection27] INFO  impl.LeaderElection (LeaderElection.java:askForVotes(178)) - 5432d864-00a4-4faa-be9e-870a49a37102@group-40D367ECEF96-LeaderElection27: begin an election at term 27 for 0: [5432d864-00a4-4faa-be9e-870a49a37102:192.168.157.204:42827, 314f41d3-e6bb-4e9d-a30b-79c862990eb1:192.168.157.204:38880, 12b54cff-467e-45e9-ac2a-409cdcf2b905:192.168.157.204:40598], old=null
2019-10-20 12:59:38,375 [BlockDeletingService#2] WARN  background.BlockDeletingService (BlockDeletingService.java:isDeletionAllowed(187)) - Close Container log Index 6 is not replicated across allthe servers in the pipeline c8578440-42c5-4fb7-aa2b-40d367ecef96 as the min replicated index is 4. Deletion is not allowed in this container yet.
2019-10-20 12:59:38,375 [BlockDeletingService#2] WARN  background.BlockDeletingService (BlockDeletingService.java:isDeletionAllowed(187)) - Close Container log Index 6 is not replicated across allthe servers in the pipeline c8578440-42c5-4fb7-aa2b-40d367ecef96 as the min replicated index is 4. Deletion is not allowed in this container yet.
2019-10-20 12:59:38,377 [grpc-default-executor-1] INFO  impl.RaftServerImpl (RaftServerImpl.java:setRole(184)) - 314f41d3-e6bb-4e9d-a30b-79c862990eb1@group-40D367ECEF96: changes role from  FOLLOWER to FOLLOWER at term 27 for recognizeCandidate:5432d864-00a4-4faa-be9e-870a49a37102
2019-10-20 12:59:38,377 [grpc-default-executor-1] INFO  impl.RoleInfo (RoleInfo.java:shutdownFollowerState(121)) - 314f41d3-e6bb-4e9d-a30b-79c862990eb1: shutdown FollowerState
2019-10-20 12:59:38,378 [grpc-default-executor-3] INFO  impl.RaftServerImpl (RaftServerImpl.java:setRole(184)) - 12b54cff-467e-45e9-ac2a-409cdcf2b905@group-40D367ECEF96: changes role from  FOLLOWER to FOLLOWER at term 27 for recognizeCandidate:5432d864-00a4-4faa-be9e-870a49a37102
2019-10-20 12:59:38,378 [Thread-705] INFO  impl.FollowerState (FollowerState.java:run(117)) - 314f41d3-e6bb-4e9d-a30b-79c862990eb1@group-40D367ECEF96-FollowerState was interrupted: java.lang.InterruptedException: sleep interrupted
2019-10-20 12:59:38,378 [grpc-default-executor-1] INFO  impl.RoleInfo (RoleInfo.java:updateAndGet(143)) - 314f41d3-e6bb-4e9d-a30b-79c862990eb1: start FollowerState
2019-10-20 12:59:38,378 [grpc-default-executor-3] INFO  impl.RoleInfo (RoleInfo.java:shutdownFollowerState(121)) - 12b54cff-467e-45e9-ac2a-409cdcf2b905: shutdown FollowerState
2019-10-20 12:59:38,378 [grpc-default-executor-3] INFO  impl.RoleInfo (RoleInfo.java:updateAndGet(143)) - 12b54cff-467e-45e9-ac2a-409cdcf2b905: start FollowerState
2019-10-20 12:59:38,378 [Thread-706] INFO  impl.FollowerState (FollowerState.java:run(117)) - 12b54cff-467e-45e9-ac2a-409cdcf2b905@group-40D367ECEF96-FollowerState was interrupted: java.lang.InterruptedException: sleep interrupted
2019-10-20 12:59:38,392 [5432d864-00a4-4faa-be9e-870a49a37102@group-40D367ECEF96-LeaderElection27] INFO  impl.LeaderElection (LeaderElection.java:logAndReturn(56)) - 5432d864-00a4-4faa-be9e-870a49a37102@group-40D367ECEF96-LeaderElection27: Election TIMEOUT; received 0 response(s) [] and 0 exception(s); 5432d864-00a4-4faa-be9e-870a49a37102@group-40D367ECEF96:t27, leader=null, voted=5432d864-00a4-4faa-be9e-870a49a37102, raftlog=5432d864-00a4-4faa-be9e-870a49a37102@group-40D367ECEF96-SegmentedRaftLog:OPENED:c3,f4,i4, conf=0: [5432d864-00a4-4faa-be9e-870a49a37102:192.168.157.204:42827, 314f41d3-e6bb-4e9d-a30b-79c862990eb1:192.168.157.204:38880, 12b54cff-467e-45e9-ac2a-409cdcf2b905:192.168.157.204:40598], old=null
2019-10-20 12:59:38,406 [5432d864-00a4-4faa-be9e-870a49a37102@group-40D367ECEF96-LeaderElection27] INFO  impl.LeaderElection (LeaderElection.java:askForVotes(178)) - 5432d864-00a4-4faa-be9e-870a49a37102@group-40D367ECEF96-LeaderElection27: begin an election at term 28 for 0: [5432d864-00a4-4faa-be9e-870a49a37102:192.168.157.204:42827, 314f41d3-e6bb-4e9d-a30b-79c862990eb1:192.168.157.204:38880, 12b54cff-467e-45e9-ac2a-409cdcf2b905:192.168.157.204:40598], old=null
2019-10-20 12:59:38,408 [grpc-default-executor-1] INFO  impl.RaftServerImpl (RaftServerImpl.java:setRole(184)) - 314f41d3-e6bb-4e9d-a30b-79c862990eb1@group-40D367ECEF96: changes role from  FOLLOWER to FOLLOWER at term 28 for recognizeCandidate:5432d864-00a4-4faa-be9e-870a49a37102
2019-10-20 12:59:38,408 [grpc-default-executor-3] INFO  impl.RaftServerImpl (RaftServerImpl.java:setRole(184)) - 12b54cff-467e-45e9-ac2a-409cdcf2b905@group-40D367ECEF96: changes role from  FOLLOWER to FOLLOWER at term 28 for recognizeCandidate:5432d864-00a4-4faa-be9e-870a49a37102
2019-10-20 12:59:38,409 [grpc-default-executor-1] INFO  impl.RoleInfo (RoleInfo.java:shutdownFollowerState(121)) - 314f41d3-e6bb-4e9d-a30b-79c862990eb1: shutdown FollowerState
2019-10-20 12:59:38,409 [grpc-default-executor-3] INFO  impl.RoleInfo (RoleInfo.java:shutdownFollowerState(121)) - 12b54cff-467e-45e9-ac2a-409cdcf2b905: shutdown FollowerState
2019-10-20 12:59:38,410 [grpc-default-executor-1] INFO  impl.RoleInfo (RoleInfo.java:updateAndGet(143)) - 314f41d3-e6bb-4e9d-a30b-79c862990eb1: start FollowerState
2019-10-20 12:59:38,410 [Thread-713] INFO  impl.FollowerState (FollowerState.java:run(117)) - 314f41d3-e6bb-4e9d-a30b-79c862990eb1@group-40D367ECEF96-FollowerState was interrupted: java.lang.InterruptedException: sleep interrupted
2019-10-20 12:59:38,410 [Thread-714] INFO  impl.FollowerState (FollowerState.java:run(117)) - 12b54cff-467e-45e9-ac2a-409cdcf2b905@group-40D367ECEF96-FollowerState was interrupted: java.lang.InterruptedException: sleep interrupted
2019-10-20 12:59:38,410 [grpc-default-executor-3] INFO  impl.RoleInfo (RoleInfo.java:updateAndGet(143)) - 12b54cff-467e-45e9-ac2a-409cdcf2b905: start FollowerState
2019-10-20 12:59:38,425 [5432d864-00a4-4faa-be9e-870a49a37102@group-40D367ECEF96-LeaderElection27] INFO  impl.LeaderElection (LeaderElection.java:logAndReturn(56)) - 5432d864-00a4-4faa-be9e-870a49a37102@group-40D367ECEF96-LeaderElection27: Election REJECTED; received 2 response(s) [5432d864-00a4-4faa-be9e-870a49a37102<-12b54cff-467e-45e9-ac2a-409cdcf2b905#0:FAIL-t28, 5432d864-00a4-4faa-be9e-870a49a37102<-314f41d3-e6bb-4e9d-a30b-79c862990eb1#0:FAIL-t28] and 0 exception(s); 5432d864-00a4-4faa-be9e-870a49a37102@group-40D367ECEF96:t28, leader=null, voted=5432d864-00a4-4faa-be9e-870a49a37102, raftlog=5432d864-00a4-4faa-be9e-870a49a37102@group-40D367ECEF96-SegmentedRaftLog:OPENED:c3,f4,i4, conf=0: [5432d864-00a4-4faa-be9e-870a49a37102:192.168.157.204:42827, 314f41d3-e6bb-4e9d-a30b-79c862990eb1:192.168.157.204:38880, 12b54cff-467e-45e9-ac2a-409cdcf2b905:192.168.157.204:40598], old=null
2019-10-20 12:59:38,425 [5432d864-00a4-4faa-be9e-870a49a37102@group-40D367ECEF96-LeaderElection27] INFO  impl.RaftServerImpl (RaftServerImpl.java:setRole(184)) - 5432d864-00a4-4faa-be9e-870a49a37102@group-40D367ECEF96: changes role from CANDIDATE to FOLLOWER at term 28 for DISCOVERED_A_NEW_TERM
2019-10-20 12:59:38,425 [5432d864-00a4-4faa-be9e-870a49a37102@group-40D367ECEF96-LeaderElection27] INFO  impl.RoleInfo (RoleInfo.java:shutdownLeaderElection(134)) - 5432d864-00a4-4faa-be9e-870a49a37102: shutdown LeaderElection
2019-10-20 12:59:38,425 [5432d864-00a4-4faa-be9e-870a49a37102@group-40D367ECEF96-LeaderElection27] INFO  impl.RoleInfo (RoleInfo.java:updateAndGet(143)) - 5432d864-00a4-4faa-be9e-870a49a37102: start FollowerState
2019-10-20 12:59:38,457 [java.util.concurrent.ThreadPoolExecutor$Worker@25aa6eee[State = -1, empty queue]] WARN  server.GrpcLogAppender (GrpcLogAppender.java:timeoutAppendRequest(209)) - 314f41d3-e6bb-4e9d-a30b-79c862990eb1@group-40D367ECEF96->5432d864-00a4-4faa-be9e-870a49a37102-GrpcLogAppender: appendEntries Timeout, request=314f41d3-e6bb-4e9d-a30b-79c862990eb1->5432d864-00a4-4faa-be9e-870a49a37102#52-t6, previous=(t:6, i:10), leaderCommit=10, initializing? false, entries: <empty>
2019-10-20 12:59:38,585 [Thread-719] INFO  impl.FollowerState (FollowerState.java:run(108)) - 5432d864-00a4-4faa-be9e-870a49a37102@group-40D367ECEF96-FollowerState: change to CANDIDATE, lastRpcTime:159ms, electionTimeout:159ms
2019-10-20 12:59:38,585 [Thread-719] INFO  impl.RoleInfo (RoleInfo.java:shutdownFollowerState(121)) - 5432d864-00a4-4faa-be9e-870a49a37102: shutdown FollowerState
2019-10-20 12:59:38,585 [Thread-719] INFO  impl.RaftServerImpl (RaftServerImpl.java:setRole(184)) - 5432d864-00a4-4faa-be9e-870a49a37102@group-40D367ECEF96: changes role from  FOLLOWER to CANDIDATE at term 28 for changeToCandidate
2019-10-20 12:59:38,585 [Thread-719] INFO  impl.RoleInfo (RoleInfo.java:updateAndGet(143)) - 5432d864-00a4-4faa-be9e-870a49a37102: start LeaderElection
2019-10-20 12:59:38,598 [5432d864-00a4-4faa-be9e-870a49a37102@group-40D367ECEF96-LeaderElection28] INFO  impl.LeaderElection (LeaderElection.java:askForVotes(178)) - 5432d864-00a4-4faa-be9e-870a49a37102@group-40D367ECEF96-LeaderElection28: begin an election at term 29 for 0: [5432d864-00a4-4faa-be9e-870a49a37102:192.168.157.204:42827, 314f41d3-e6bb-4e9d-a30b-79c862990eb1:192.168.157.204:38880, 12b54cff-467e-45e9-ac2a-409cdcf2b905:192.168.157.204:40598], old=null
2019-10-20 12:59:38,601 [grpc-default-executor-1] INFO  impl.RaftServerImpl (RaftServerImpl.java:setRole(184)) - 12b54cff-467e-45e9-ac2a-409cdcf2b905@group-40D367ECEF96: changes role from  FOLLOWER to FOLLOWER at term 29 for recognizeCandidate:5432d864-00a4-4faa-be9e-870a49a37102
2019-10-20 12:59:38,601 [grpc-default-executor-3] INFO  impl.RaftServerImpl (RaftServerImpl.java:setRole(184)) - 314f41d3-e6bb-4e9d-a30b-79c862990eb1@group-40D367ECEF96: changes role from  FOLLOWER to FOLLOWER at term 29 for recognizeCandidate:5432d864-00a4-4faa-be9e-870a49a37102
2019-10-20 12:59:38,601 [grpc-default-executor-1] INFO  impl.RoleInfo (RoleInfo.java:shutdownFollowerState(121)) - 12b54cff-467e-45e9-ac2a-409cdcf2b905: shutdown FollowerState
2019-10-20 12:59:38,601 [grpc-default-executor-3] INFO  impl.RoleInfo (RoleInfo.java:shutdownFollowerState(121)) - 314f41d3-e6bb-4e9d-a30b-79c862990eb1: shutdown FollowerState
2019-10-20 12:59:38,601 [Thread-718] INFO  impl.FollowerState (FollowerState.java:run(117)) - 12b54cff-467e-45e9-ac2a-409cdcf2b905@group-40D367ECEF96-FollowerState was interrupted: java.lang.InterruptedException: sleep interrupted
2019-10-20 12:59:38,601 [grpc-default-executor-1] INFO  impl.RoleInfo (RoleInfo.java:updateAndGet(143)) - 12b54cff-467e-45e9-ac2a-409cdcf2b905: start FollowerState
2019-10-20 12:59:38,601 [grpc-default-executor-3] INFO  impl.RoleInfo (RoleInfo.java:updateAndGet(143)) - 314f41d3-e6bb-4e9d-a30b-79c862990eb1: start FollowerState
2019-10-20 12:59:38,601 [Thread-717] INFO  impl.FollowerState (FollowerState.java:run(117)) - 314f41d3-e6bb-4e9d-a30b-79c862990eb1@group-40D367ECEF96-FollowerState was interrupted: java.lang.InterruptedException: sleep interrupted
2019-10-20 12:59:38,617 [5432d864-00a4-4faa-be9e-870a49a37102@group-40D367ECEF96-LeaderElection28] INFO  impl.LeaderElection (LeaderElection.java:logAndReturn(56)) - 5432d864-00a4-4faa-be9e-870a49a37102@group-40D367ECEF96-LeaderElection28: Election REJECTED; received 2 response(s) [5432d864-00a4-4faa-be9e-870a49a37102<-12b54cff-467e-45e9-ac2a-409cdcf2b905#0:FAIL-t29, 5432d864-00a4-4faa-be9e-870a49a37102<-314f41d3-e6bb-4e9d-a30b-79c862990eb1#0:FAIL-t29] and 0 exception(s); 5432d864-00a4-4faa-be9e-870a49a37102@group-40D367ECEF96:t29, leader=null, voted=5432d864-00a4-4faa-be9e-870a49a37102, raftlog=5432d864-00a4-4faa-be9e-870a49a37102@group-40D367ECEF96-SegmentedRaftLog:OPENED:c3,f4,i4, conf=0: [5432d864-00a4-4faa-be9e-870a49a37102:192.168.157.204:42827, 314f41d3-e6bb-4e9d-a30b-79c862990eb1:192.168.157.204:38880, 12b54cff-467e-45e9-ac2a-409cdcf2b905:192.168.157.204:40598], old=null
2019-10-20 12:59:38,618 [5432d864-00a4-4faa-be9e-870a49a37102@group-40D367ECEF96-LeaderElection28] INFO  impl.RaftServerImpl (RaftServerImpl.java:setRole(184)) - 5432d864-00a4-4faa-be9e-870a49a37102@group-40D367ECEF96: changes role from CANDIDATE to FOLLOWER at term 29 for DISCOVERED_A_NEW_TERM
2019-10-20 12:59:38,618 [5432d864-00a4-4faa-be9e-870a49a37102@group-40D367ECEF96-LeaderElection28] INFO  impl.RoleInfo (RoleInfo.java:shutdownLeaderElection(134)) - 5432d864-00a4-4faa-be9e-870a49a37102: shutdown LeaderElection
2019-10-20 12:59:38,618 [5432d864-00a4-4faa-be9e-870a49a37102@group-40D367ECEF96-LeaderElection28] INFO  impl.RoleInfo (RoleInfo.java:updateAndGet(143)) - 5432d864-00a4-4faa-be9e-870a49a37102: start FollowerState
2019-10-20 12:59:38,815 [Thread-725] INFO  impl.FollowerState (FollowerState.java:run(108)) - 5432d864-00a4-4faa-be9e-870a49a37102@group-40D367ECEF96-FollowerState: change to CANDIDATE, lastRpcTime:197ms, electionTimeout:197ms
2019-10-20 12:59:38,817 [Thread-725] INFO  impl.RoleInfo (RoleInfo.java:shutdownFollowerState(121)) - 5432d864-00a4-4faa-be9e-870a49a37102: shutdown FollowerState
2019-10-20 12:59:38,817 [Thread-725] INFO  impl.RaftServerImpl (RaftServerImpl.java:setRole(184)) - 5432d864-00a4-4faa-be9e-870a49a37102@group-40D367ECEF96: changes role from  FOLLOWER to CANDIDATE at term 29 for changeToCandidate
2019-10-20 12:59:38,817 [Thread-725] INFO  impl.RoleInfo (RoleInfo.java:updateAndGet(143)) - 5432d864-00a4-4faa-be9e-870a49a37102: start LeaderElection
2019-10-20 12:59:38,831 [5432d864-00a4-4faa-be9e-870a49a37102@group-40D367ECEF96-LeaderElection29] INFO  impl.LeaderElection (LeaderElection.java:askForVotes(178)) - 5432d864-00a4-4faa-be9e-870a49a37102@group-40D367ECEF96-LeaderElection29: begin an election at term 30 for 0: [5432d864-00a4-4faa-be9e-870a49a37102:192.168.157.204:42827, 314f41d3-e6bb-4e9d-a30b-79c862990eb1:192.168.157.204:38880, 12b54cff-467e-45e9-ac2a-409cdcf2b905:192.168.157.204:40598], old=null
2019-10-20 12:59:38,833 [grpc-default-executor-3] INFO  impl.RaftServerImpl (RaftServerImpl.java:setRole(184)) - 314f41d3-e6bb-4e9d-a30b-79c862990eb1@group-40D367ECEF96: changes role from  FOLLOWER to FOLLOWER at term 30 for recognizeCandidate:5432d864-00a4-4faa-be9e-870a49a37102
2019-10-20 12:59:38,834 [grpc-default-executor-3] INFO  impl.RoleInfo (RoleInfo.java:shutdownFollowerState(121)) - 314f41d3-e6bb-4e9d-a30b-79c862990eb1: shutdown FollowerState
2019-10-20 12:59:38,834 [grpc-default-executor-1] INFO  impl.RaftServerImpl (RaftServerImpl.java:setRole(184)) - 12b54cff-467e-45e9-ac2a-409cdcf2b905@group-40D367ECEF96: changes role from  FOLLOWER to FOLLOWER at term 30 for recognizeCandidate:5432d864-00a4-4faa-be9e-870a49a37102
2019-10-20 12:59:38,834 [grpc-default-executor-3] INFO  impl.RoleInfo (RoleInfo.java:updateAndGet(143)) - 314f41d3-e6bb-4e9d-a30b-79c862990eb1: start FollowerState
2019-10-20 12:59:38,834 [Thread-724] INFO  impl.FollowerState (FollowerState.java:run(117)) - 314f41d3-e6bb-4e9d-a30b-79c862990eb1@group-40D367ECEF96-FollowerState was interrupted: java.lang.InterruptedException: sleep interrupted
2019-10-20 12:59:38,834 [grpc-default-executor-1] INFO  impl.RoleInfo (RoleInfo.java:shutdownFollowerState(121)) - 12b54cff-467e-45e9-ac2a-409cdcf2b905: shutdown FollowerState
2019-10-20 12:59:38,835 [Thread-723] INFO  impl.FollowerState (FollowerState.java:run(117)) - 12b54cff-467e-45e9-ac2a-409cdcf2b905@group-40D367ECEF96-FollowerState was interrupted: java.lang.InterruptedException: sleep interrupted
2019-10-20 12:59:38,835 [grpc-default-executor-1] INFO  impl.RoleInfo (RoleInfo.java:updateAndGet(143)) - 12b54cff-467e-45e9-ac2a-409cdcf2b905: start FollowerState
2019-10-20 12:59:38,849 [5432d864-00a4-4faa-be9e-870a49a37102@group-40D367ECEF96-LeaderElection29] INFO  impl.LeaderElection (LeaderElection.java:logAndReturn(56)) - 5432d864-00a4-4faa-be9e-870a49a37102@group-40D367ECEF96-LeaderElection29: Election REJECTED; received 2 response(s) [5432d864-00a4-4faa-be9e-870a49a37102<-12b54cff-467e-45e9-ac2a-409cdcf2b905#0:FAIL-t30, 5432d864-00a4-4faa-be9e-870a49a37102<-314f41d3-e6bb-4e9d-a30b-79c862990eb1#0:FAIL-t30] and 0 exception(s); 5432d864-00a4-4faa-be9e-870a49a37102@group-40D367ECEF96:t30, leader=null, voted=5432d864-00a4-4faa-be9e-870a49a37102, raftlog=5432d864-00a4-4faa-be9e-870a49a37102@group-40D367ECEF96-SegmentedRaftLog:OPENED:c3,f4,i4, conf=0: [5432d864-00a4-4faa-be9e-870a49a37102:192.168.157.204:42827, 314f41d3-e6bb-4e9d-a30b-79c862990eb1:192.168.157.204:38880, 12b54cff-467e-45e9-ac2a-409cdcf2b905:192.168.157.204:40598], old=null
2019-10-20 12:59:38,850 [5432d864-00a4-4faa-be9e-870a49a37102@group-40D367ECEF96-LeaderElection29] INFO  impl.RaftServerImpl (RaftServerImpl.java:setRole(184)) - 5432d864-00a4-4faa-be9e-870a49a37102@group-40D367ECEF96: changes role from CANDIDATE to FOLLOWER at term 30 for DISCOVERED_A_NEW_TERM
2019-10-20 12:59:38,850 [5432d864-00a4-4faa-be9e-870a49a37102@group-40D367ECEF96-LeaderElection29] INFO  impl.RoleInfo (RoleInfo.java:shutdownLeaderElection(134)) - 5432d864-00a4-4faa-be9e-870a49a37102: shutdown LeaderElection
2019-10-20 12:59:38,850 [5432d864-00a4-4faa-be9e-870a49a37102@group-40D367ECEF96-LeaderElection29] INFO  impl.RoleInfo (RoleInfo.java:updateAndGet(143)) - 5432d864-00a4-4faa-be9e-870a49a37102: start FollowerState
2019-10-20 12:59:38,922 [Thread-732] INFO  impl.FollowerState (FollowerState.java:run(108)) - 5432d864-00a4-4faa-be9e-870a49a37102@group-40D367ECEF96-FollowerState: change to CANDIDATE, lastRpcTime:72ms, electionTimeout:72ms
2019-10-20 12:59:38,924 [Thread-732] INFO  impl.RoleInfo (RoleInfo.java:shutdownFollowerState(121)) - 5432d864-00a4-4faa-be9e-870a49a37102: shutdown FollowerState
2019-10-20 12:59:38,924 [Thread-732] INFO  impl.RaftServerImpl (RaftServerImpl.java:setRole(184)) - 5432d864-00a4-4faa-be9e-870a49a37102@group-40D367ECEF96: changes role from  FOLLOWER to CANDIDATE at term 30 for changeToCandidate
2019-10-20 12:59:38,924 [Thread-732] INFO  impl.RoleInfo (RoleInfo.java:updateAndGet(143)) - 5432d864-00a4-4faa-be9e-870a49a37102: start LeaderElection
2019-10-20 12:59:38,939 [5432d864-00a4-4faa-be9e-870a49a37102@group-40D367ECEF96-LeaderElection30] INFO  impl.LeaderElection (LeaderElection.java:askForVotes(178)) - 5432d864-00a4-4faa-be9e-870a49a37102@group-40D367ECEF96-LeaderElection30: begin an election at term 31 for 0: [5432d864-00a4-4faa-be9e-870a49a37102:192.168.157.204:42827, 314f41d3-e6bb-4e9d-a30b-79c862990eb1:192.168.157.204:38880, 12b54cff-467e-45e9-ac2a-409cdcf2b905:192.168.157.204:40598], old=null
2019-10-20 12:59:38,942 [grpc-default-executor-1] INFO  impl.RaftServerImpl (RaftServerImpl.java:setRole(184)) - 12b54cff-467e-45e9-ac2a-409cdcf2b905@group-40D367ECEF96: changes role from  FOLLOWER to FOLLOWER at term 31 for recognizeCandidate:5432d864-00a4-4faa-be9e-870a49a37102
2019-10-20 12:59:38,942 [grpc-default-executor-3] INFO  impl.RaftServerImpl (RaftServerImpl.java:setRole(184)) - 314f41d3-e6bb-4e9d-a30b-79c862990eb1@group-40D367ECEF96: changes role from  FOLLOWER to FOLLOWER at term 31 for recognizeCandidate:5432d864-00a4-4faa-be9e-870a49a37102
2019-10-20 12:59:38,942 [grpc-default-executor-1] INFO  impl.RoleInfo (RoleInfo.java:shutdownFollowerState(121)) - 12b54cff-467e-45e9-ac2a-409cdcf2b905: shutdown FollowerState
2019-10-20 12:59:38,942 [grpc-default-executor-3] INFO  impl.RoleInfo (RoleInfo.java:shutdownFollowerState(121)) - 314f41d3-e6bb-4e9d-a30b-79c862990eb1: shutdown FollowerState
2019-10-20 12:59:38,943 [Thread-731] INFO  impl.FollowerState (FollowerState.java:run(117)) - 12b54cff-467e-45e9-ac2a-409cdcf2b905@group-40D367ECEF96-FollowerState was interrupted: java.lang.InterruptedException: sleep interrupted
2019-10-20 12:59:38,943 [Thread-730] INFO  impl.FollowerState (FollowerState.java:run(117)) - 314f41d3-e6bb-4e9d-a30b-79c862990eb1@group-40D367ECEF96-FollowerState was interrupted: java.lang.InterruptedException: sleep interrupted
2019-10-20 12:59:38,943 [grpc-default-executor-1] INFO  impl.RoleInfo (RoleInfo.java:updateAndGet(143)) - 12b54cff-467e-45e9-ac2a-409cdcf2b905: start FollowerState
2019-10-20 12:59:38,943 [grpc-default-executor-3] INFO  impl.RoleInfo (RoleInfo.java:updateAndGet(143)) - 314f41d3-e6bb-4e9d-a30b-79c862990eb1: start FollowerState
2019-10-20 12:59:38,943 [Thread-739] INFO  client.GrpcClientProtocolService (GrpcClientProtocolService.java:lambda$processClientRequest$0(278)) - Failed RaftClientRequest:client-5F43918617A9->314f41d3-e6bb-4e9d-a30b-79c862990eb1@group-40D367ECEF96, cid=10, seq=0, Watch-ALL_COMMITTED(6), Message:<EMPTY>, reply=RaftClientReply:client-5F43918617A9->314f41d3-e6bb-4e9d-a30b-79c862990eb1@group-40D367ECEF96, cid=10, FAILED org.apache.ratis.protocol.NotLeaderException: Server 314f41d3-e6bb-4e9d-a30b-79c862990eb1@group-40D367ECEF96 is not the leader, logIndex=0, commits[314f41d3-e6bb-4e9d-a30b-79c862990eb1:c10, 5432d864-00a4-4faa-be9e-870a49a37102:c4, 12b54cff-467e-45e9-ac2a-409cdcf2b905:c10]
2019-10-20 12:59:38,959 [5432d864-00a4-4faa-be9e-870a49a37102@group-40D367ECEF96-LeaderElection30] INFO  impl.LeaderElection (LeaderElection.java:logAndReturn(56)) - 5432d864-00a4-4faa-be9e-870a49a37102@group-40D367ECEF96-LeaderElection30: Election REJECTED; received 2 response(s) [5432d864-00a4-4faa-be9e-870a49a37102<-12b54cff-467e-45e9-ac2a-409cdcf2b905#0:FAIL-t31, 5432d864-00a4-4faa-be9e-870a49a37102<-314f41d3-e6bb-4e9d-a30b-79c862990eb1#0:FAIL-t31] and 0 exception(s); 5432d864-00a4-4faa-be9e-870a49a37102@group-40D367ECEF96:t31, leader=null, voted=5432d864-00a4-4faa-be9e-870a49a37102, raftlog=5432d864-00a4-4faa-be9e-870a49a37102@group-40D367ECEF96-SegmentedRaftLog:OPENED:c3,f4,i4, conf=0: [5432d864-00a4-4faa-be9e-870a49a37102:192.168.157.204:42827, 314f41d3-e6bb-4e9d-a30b-79c862990eb1:192.168.157.204:38880, 12b54cff-467e-45e9-ac2a-409cdcf2b905:192.168.157.204:40598], old=null
2019-10-20 12:59:38,959 [5432d864-00a4-4faa-be9e-870a49a37102@group-40D367ECEF96-LeaderElection30] INFO  impl.RaftServerImpl (RaftServerImpl.java:setRole(184)) - 5432d864-00a4-4faa-be9e-870a49a37102@group-40D367ECEF96: changes role from CANDIDATE to FOLLOWER at term 31 for DISCOVERED_A_NEW_TERM
2019-10-20 12:59:38,959 [5432d864-00a4-4faa-be9e-870a49a37102@group-40D367ECEF96-LeaderElection30] INFO  impl.RoleInfo (RoleInfo.java:shutdownLeaderElection(134)) - 5432d864-00a4-4faa-be9e-870a49a37102: shutdown LeaderElection
2019-10-20 12:59:38,960 [5432d864-00a4-4faa-be9e-870a49a37102@group-40D367ECEF96-LeaderElection30] INFO  impl.RoleInfo (RoleInfo.java:updateAndGet(143)) - 5432d864-00a4-4faa-be9e-870a49a37102: start FollowerState
2019-10-20 12:59:38,973 [Thread-741] INFO  impl.FollowerState (FollowerState.java:run(108)) - 5432d864-00a4-4faa-be9e-870a49a37102@group-40D367ECEF96-FollowerState: change to CANDIDATE, lastRpcTime:13ms, electionTimeout:13ms
2019-10-20 12:59:38,974 [Thread-741] INFO  impl.RoleInfo (RoleInfo.java:shutdownFollowerState(121)) - 5432d864-00a4-4faa-be9e-870a49a37102: shutdown FollowerState
2019-10-20 12:59:38,974 [Thread-741] INFO  impl.RaftServerImpl (RaftServerImpl.java:setRole(184)) - 5432d864-00a4-4faa-be9e-870a49a37102@group-40D367ECEF96: changes role from  FOLLOWER to CANDIDATE at term 31 for changeToCandidate
2019-10-20 12:59:38,974 [Thread-741] INFO  impl.RoleInfo (RoleInfo.java:updateAndGet(143)) - 5432d864-00a4-4faa-be9e-870a49a37102: start LeaderElection
2019-10-20 12:59:38,987 [5432d864-00a4-4faa-be9e-870a49a37102@group-40D367ECEF96-LeaderElection31] INFO  impl.LeaderElection (LeaderElection.java:askForVotes(178)) - 5432d864-00a4-4faa-be9e-870a49a37102@group-40D367ECEF96-LeaderElection31: begin an election at term 32 for 0: [5432d864-00a4-4faa-be9e-870a49a37102:192.168.157.204:42827, 314f41d3-e6bb-4e9d-a30b-79c862990eb1:192.168.157.204:38880, 12b54cff-467e-45e9-ac2a-409cdcf2b905:192.168.157.204:40598], old=null
2019-10-20 12:59:38,990 [grpc-default-executor-3] INFO  impl.RaftServerImpl (RaftServerImpl.java:setRole(184)) - 314f41d3-e6bb-4e9d-a30b-79c862990eb1@group-40D367ECEF96: changes role from  FOLLOWER to FOLLOWER at term 32 for recognizeCandidate:5432d864-00a4-4faa-be9e-870a49a37102
2019-10-20 12:59:38,990 [grpc-default-executor-1] INFO  impl.RaftServerImpl (RaftServerImpl.java:setRole(184)) - 12b54cff-467e-45e9-ac2a-409cdcf2b905@group-40D367ECEF96: changes role from  FOLLOWER to FOLLOWER at term 32 for recognizeCandidate:5432d864-00a4-4faa-be9e-870a49a37102
2019-10-20 12:59:38,990 [grpc-default-executor-3] INFO  impl.RoleInfo (RoleInfo.java:shutdownFollowerState(121)) - 314f41d3-e6bb-4e9d-a30b-79c862990eb1: shutdown FollowerState
2019-10-20 12:59:38,990 [grpc-default-executor-1] INFO  impl.RoleInfo (RoleInfo.java:shutdownFollowerState(121)) - 12b54cff-467e-45e9-ac2a-409cdcf2b905: shutdown FollowerState
2019-10-20 12:59:38,990 [grpc-default-executor-3] INFO  impl.RoleInfo (RoleInfo.java:updateAndGet(143)) - 314f41d3-e6bb-4e9d-a30b-79c862990eb1: start FollowerState
2019-10-20 12:59:38,990 [Thread-738] INFO  impl.FollowerState (FollowerState.java:run(117)) - 314f41d3-e6bb-4e9d-a30b-79c862990eb1@group-40D367ECEF96-FollowerState was interrupted: java.lang.InterruptedException: sleep interrupted
2019-10-20 12:59:38,990 [grpc-default-executor-1] INFO  impl.RoleInfo (RoleInfo.java:updateAndGet(143)) - 12b54cff-467e-45e9-ac2a-409cdcf2b905: start FollowerState
2019-10-20 12:59:38,990 [Thread-737] INFO  impl.FollowerState (FollowerState.java:run(117)) - 12b54cff-467e-45e9-ac2a-409cdcf2b905@group-40D367ECEF96-FollowerState was interrupted: java.lang.InterruptedException: sleep interrupted
2019-10-20 12:59:39,005 [5432d864-00a4-4faa-be9e-870a49a37102@group-40D367ECEF96-LeaderElection31] INFO  impl.LeaderElection (LeaderElection.java:logAndReturn(56)) - 5432d864-00a4-4faa-be9e-870a49a37102@group-40D367ECEF96-LeaderElection31: Election REJECTED; received 2 response(s) [5432d864-00a4-4faa-be9e-870a49a37102<-12b54cff-467e-45e9-ac2a-409cdcf2b905#0:FAIL-t32, 5432d864-00a4-4faa-be9e-870a49a37102<-314f41d3-e6bb-4e9d-a30b-79c862990eb1#0:FAIL-t32] and 0 exception(s); 5432d864-00a4-4faa-be9e-870a49a37102@group-40D367ECEF96:t32, leader=null, voted=5432d864-00a4-4faa-be9e-870a49a37102, raftlog=5432d864-00a4-4faa-be9e-870a49a37102@group-40D367ECEF96-SegmentedRaftLog:OPENED:c3,f4,i4, conf=0: [5432d864-00a4-4faa-be9e-870a49a37102:192.168.157.204:42827, 314f41d3-e6bb-4e9d-a30b-79c862990eb1:192.168.157.204:38880, 12b54cff-467e-45e9-ac2a-409cdcf2b905:192.168.157.204:40598], old=null
2019-10-20 12:59:39,006 [5432d864-00a4-4faa-be9e-870a49a37102@group-40D367ECEF96-LeaderElection31] INFO  impl.RaftServerImpl (RaftServerImpl.java:setRole(184)) - 5432d864-00a4-4faa-be9e-870a49a37102@group-40D367ECEF96: changes role from CANDIDATE to FOLLOWER at term 32 for DISCOVERED_A_NEW_TERM
2019-10-20 12:59:39,006 [5432d864-00a4-4faa-be9e-870a49a37102@group-40D367ECEF96-LeaderElection31] INFO  impl.RoleInfo (RoleInfo.java:shutdownLeaderElection(134)) - 5432d864-00a4-4faa-be9e-870a49a37102: shutdown LeaderElection
2019-10-20 12:59:39,006 [5432d864-00a4-4faa-be9e-870a49a37102@group-40D367ECEF96-LeaderElection31] INFO  impl.RoleInfo (RoleInfo.java:updateAndGet(143)) - 5432d864-00a4-4faa-be9e-870a49a37102: start FollowerState
2019-10-20 12:59:39,120 [Thread-747] INFO  impl.FollowerState (FollowerState.java:run(108)) - 5432d864-00a4-4faa-be9e-870a49a37102@group-40D367ECEF96-FollowerState: change to CANDIDATE, lastRpcTime:114ms, electionTimeout:114ms
2019-10-20 12:59:39,122 [Thread-747] INFO  impl.RoleInfo (RoleInfo.java:shutdownFollowerState(121)) - 5432d864-00a4-4faa-be9e-870a49a37102: shutdown FollowerState
2019-10-20 12:59:39,122 [Thread-747] INFO  impl.RaftServerImpl (RaftServerImpl.java:setRole(184)) - 5432d864-00a4-4faa-be9e-870a49a37102@group-40D367ECEF96: changes role from  FOLLOWER to CANDIDATE at term 32 for changeToCandidate
2019-10-20 12:59:39,122 [Thread-747] INFO  impl.RoleInfo (RoleInfo.java:updateAndGet(143)) - 5432d864-00a4-4faa-be9e-870a49a37102: start LeaderElection
2019-10-20 12:59:39,142 [pool-7-thread-2] INFO  commands.RetriableDatanodeEventWatcher (RetriableDatanodeEventWatcher.java:onTimeout(47)) - RetriableDatanodeCommand type=deleteBlocksCommand with id=1571576373056 timed out. Retrying.
2019-10-20 12:59:39,142 [pool-7-thread-3] INFO  commands.RetriableDatanodeEventWatcher (RetriableDatanodeEventWatcher.java:onTimeout(47)) - RetriableDatanodeCommand type=deleteBlocksCommand with id=1571576373053 timed out. Retrying.
2019-10-20 12:59:39,144 [pool-7-thread-2] INFO  commands.RetriableDatanodeEventWatcher (RetriableDatanodeEventWatcher.java:onTimeout(47)) - RetriableDatanodeCommand type=deleteBlocksCommand with id=1571576373054 timed out. Retrying.
2019-10-20 12:59:39,144 [pool-7-thread-3] INFO  commands.RetriableDatanodeEventWatcher (RetriableDatanodeEventWatcher.java:onTimeout(47)) - RetriableDatanodeCommand type=deleteBlocksCommand with id=1571576373055 timed out. Retrying.
2019-10-20 12:59:39,145 [pool-7-thread-2] INFO  commands.RetriableDatanodeEventWatcher (RetriableDatanodeEventWatcher.java:onTimeout(47)) - RetriableDatanodeCommand type=deleteBlocksCommand with id=1571576373058 timed out. Retrying.
2019-10-20 12:59:39,145 [pool-7-thread-3] INFO  commands.RetriableDatanodeEventWatcher (RetriableDatanodeEventWatcher.java:onTimeout(47)) - RetriableDatanodeCommand type=deleteBlocksCommand with id=1571576373057 timed out. Retrying.
2019-10-20 12:59:39,146 [SCMBlockDeletingService#0] INFO  block.SCMBlockDeletingService (SCMBlockDeletingService.java:call(184)) - Totally added 1 delete blocks command for 1 datanodes, task elapsed time: 1ms
2019-10-20 12:59:39,147 [5432d864-00a4-4faa-be9e-870a49a37102@group-40D367ECEF96-LeaderElection32] INFO  impl.LeaderElection (LeaderElection.java:askForVotes(178)) - 5432d864-00a4-4faa-be9e-870a49a37102@group-40D367ECEF96-LeaderElection32: begin an election at term 33 for 0: [5432d864-00a4-4faa-be9e-870a49a37102:192.168.157.204:42827, 314f41d3-e6bb-4e9d-a30b-79c862990eb1:192.168.157.204:38880, 12b54cff-467e-45e9-ac2a-409cdcf2b905:192.168.157.204:40598], old=null
2019-10-20 12:59:39,150 [grpc-default-executor-1] INFO  impl.RaftServerImpl (RaftServerImpl.java:setRole(184)) - 12b54cff-467e-45e9-ac2a-409cdcf2b905@group-40D367ECEF96: changes role from  FOLLOWER to FOLLOWER at term 33 for recognizeCandidate:5432d864-00a4-4faa-be9e-870a49a37102
2019-10-20 12:59:39,150 [grpc-default-executor-3] INFO  impl.RaftServerImpl (RaftServerImpl.java:setRole(184)) - 314f41d3-e6bb-4e9d-a30b-79c862990eb1@group-40D367ECEF96: changes role from  FOLLOWER to FOLLOWER at term 33 for recognizeCandidate:5432d864-00a4-4faa-be9e-870a49a37102
2019-10-20 12:59:39,150 [grpc-default-executor-1] INFO  impl.RoleInfo (RoleInfo.java:shutdownFollowerState(121)) - 12b54cff-467e-45e9-ac2a-409cdcf2b905: shutdown FollowerState
2019-10-20 12:59:39,151 [grpc-default-executor-3] INFO  impl.RoleInfo (RoleInfo.java:shutdownFollowerState(121)) - 314f41d3-e6bb-4e9d-a30b-79c862990eb1: shutdown FollowerState
2019-10-20 12:59:39,151 [grpc-default-executor-1] INFO  impl.RoleInfo (RoleInfo.java:updateAndGet(143)) - 12b54cff-467e-45e9-ac2a-409cdcf2b905: start FollowerState
2019-10-20 12:59:39,151 [Thread-746] INFO  impl.FollowerState (FollowerState.java:run(117)) - 12b54cff-467e-45e9-ac2a-409cdcf2b905@group-40D367ECEF96-FollowerState was interrupted: java.lang.InterruptedException: sleep interrupted
2019-10-20 12:59:39,151 [grpc-default-executor-3] INFO  impl.RoleInfo (RoleInfo.java:updateAndGet(143)) - 314f41d3-e6bb-4e9d-a30b-79c862990eb1: start FollowerState
2019-10-20 12:59:39,151 [Thread-745] INFO  impl.FollowerState (FollowerState.java:run(117)) - 314f41d3-e6bb-4e9d-a30b-79c862990eb1@group-40D367ECEF96-FollowerState was interrupted: java.lang.InterruptedException: sleep interrupted
2019-10-20 12:59:39,166 [5432d864-00a4-4faa-be9e-870a49a37102@group-40D367ECEF96-LeaderElection32] INFO  impl.LeaderElection (LeaderElection.java:logAndReturn(56)) - 5432d864-00a4-4faa-be9e-870a49a37102@group-40D367ECEF96-LeaderElection32: Election REJECTED; received 2 response(s) [5432d864-00a4-4faa-be9e-870a49a37102<-314f41d3-e6bb-4e9d-a30b-79c862990eb1#0:FAIL-t33, 5432d864-00a4-4faa-be9e-870a49a37102<-12b54cff-467e-45e9-ac2a-409cdcf2b905#0:FAIL-t33] and 0 exception(s); 5432d864-00a4-4faa-be9e-870a49a37102@group-40D367ECEF96:t33, leader=null, voted=5432d864-00a4-4faa-be9e-870a49a37102, raftlog=5432d864-00a4-4faa-be9e-870a49a37102@group-40D367ECEF96-SegmentedRaftLog:OPENED:c3,f4,i4, conf=0: [5432d864-00a4-4faa-be9e-870a49a37102:192.168.157.204:42827, 314f41d3-e6bb-4e9d-a30b-79c862990eb1:192.168.157.204:38880, 12b54cff-467e-45e9-ac2a-409cdcf2b905:192.168.157.204:40598], old=null
2019-10-20 12:59:39,166 [5432d864-00a4-4faa-be9e-870a49a37102@group-40D367ECEF96-LeaderElection32] INFO  impl.RaftServerImpl (RaftServerImpl.java:setRole(184)) - 5432d864-00a4-4faa-be9e-870a49a37102@group-40D367ECEF96: changes role from CANDIDATE to FOLLOWER at term 33 for DISCOVERED_A_NEW_TERM
2019-10-20 12:59:39,167 [5432d864-00a4-4faa-be9e-870a49a37102@group-40D367ECEF96-LeaderElection32] INFO  impl.RoleInfo (RoleInfo.java:shutdownLeaderElection(134)) - 5432d864-00a4-4faa-be9e-870a49a37102: shutdown LeaderElection
2019-10-20 12:59:39,167 [5432d864-00a4-4faa-be9e-870a49a37102@group-40D367ECEF96-LeaderElection32] INFO  impl.RoleInfo (RoleInfo.java:updateAndGet(143)) - 5432d864-00a4-4faa-be9e-870a49a37102: start FollowerState
2019-10-20 12:59:39,256 [Thread-753] INFO  impl.FollowerState (FollowerState.java:run(108)) - 5432d864-00a4-4faa-be9e-870a49a37102@group-40D367ECEF96-FollowerState: change to CANDIDATE, lastRpcTime:89ms, electionTimeout:89ms
2019-10-20 12:59:39,260 [Thread-753] INFO  impl.RoleInfo (RoleInfo.java:shutdownFollowerState(121)) - 5432d864-00a4-4faa-be9e-870a49a37102: shutdown FollowerState
2019-10-20 12:59:39,260 [Thread-753] INFO  impl.RaftServerImpl (RaftServerImpl.java:setRole(184)) - 5432d864-00a4-4faa-be9e-870a49a37102@group-40D367ECEF96: changes role from  FOLLOWER to CANDIDATE at term 33 for changeToCandidate
2019-10-20 12:59:39,260 [Thread-753] INFO  impl.RoleInfo (RoleInfo.java:updateAndGet(143)) - 5432d864-00a4-4faa-be9e-870a49a37102: start LeaderElection
2019-10-20 12:59:39,274 [5432d864-00a4-4faa-be9e-870a49a37102@group-40D367ECEF96-LeaderElection33] INFO  impl.LeaderElection (LeaderElection.java:askForVotes(178)) - 5432d864-00a4-4faa-be9e-870a49a37102@group-40D367ECEF96-LeaderElection33: begin an election at term 34 for 0: [5432d864-00a4-4faa-be9e-870a49a37102:192.168.157.204:42827, 314f41d3-e6bb-4e9d-a30b-79c862990eb1:192.168.157.204:38880, 12b54cff-467e-45e9-ac2a-409cdcf2b905:192.168.157.204:40598], old=null
2019-10-20 12:59:39,277 [grpc-default-executor-3] INFO  impl.RaftServerImpl (RaftServerImpl.java:setRole(184)) - 314f41d3-e6bb-4e9d-a30b-79c862990eb1@group-40D367ECEF96: changes role from  FOLLOWER to FOLLOWER at term 34 for recognizeCandidate:5432d864-00a4-4faa-be9e-870a49a37102
2019-10-20 12:59:39,277 [grpc-default-executor-1] INFO  impl.RaftServerImpl (RaftServerImpl.java:setRole(184)) - 12b54cff-467e-45e9-ac2a-409cdcf2b905@group-40D367ECEF96: changes role from  FOLLOWER to FOLLOWER at term 34 for recognizeCandidate:5432d864-00a4-4faa-be9e-870a49a37102
2019-10-20 12:59:39,277 [grpc-default-executor-3] INFO  impl.RoleInfo (RoleInfo.java:shutdownFollowerState(121)) - 314f41d3-e6bb-4e9d-a30b-79c862990eb1: shutdown FollowerState
2019-10-20 12:59:39,277 [grpc-default-executor-1] INFO  impl.RoleInfo (RoleInfo.java:shutdownFollowerState(121)) - 12b54cff-467e-45e9-ac2a-409cdcf2b905: shutdown FollowerState
2019-10-20 12:59:39,277 [Thread-752] INFO  impl.FollowerState (FollowerState.java:run(117)) - 314f41d3-e6bb-4e9d-a30b-79c862990eb1@group-40D367ECEF96-FollowerState was interrupted: java.lang.InterruptedException: sleep interrupted
2019-10-20 12:59:39,277 [grpc-default-executor-3] INFO  impl.RoleInfo (RoleInfo.java:updateAndGet(143)) - 314f41d3-e6bb-4e9d-a30b-79c862990eb1: start FollowerState
2019-10-20 12:59:39,277 [grpc-default-executor-1] INFO  impl.RoleInfo (RoleInfo.java:updateAndGet(143)) - 12b54cff-467e-45e9-ac2a-409cdcf2b905: start FollowerState
2019-10-20 12:59:39,277 [Thread-751] INFO  impl.FollowerState (FollowerState.java:run(117)) - 12b54cff-467e-45e9-ac2a-409cdcf2b905@group-40D367ECEF96-FollowerState was interrupted: java.lang.InterruptedException: sleep interrupted
2019-10-20 12:59:39,292 [5432d864-00a4-4faa-be9e-870a49a37102@group-40D367ECEF96-LeaderElection33] INFO  impl.LeaderElection (LeaderElection.java:logAndReturn(56)) - 5432d864-00a4-4faa-be9e-870a49a37102@group-40D367ECEF96-LeaderElection33: Election REJECTED; received 2 response(s) [5432d864-00a4-4faa-be9e-870a49a37102<-12b54cff-467e-45e9-ac2a-409cdcf2b905#0:FAIL-t34, 5432d864-00a4-4faa-be9e-870a49a37102<-314f41d3-e6bb-4e9d-a30b-79c862990eb1#0:FAIL-t34] and 0 exception(s); 5432d864-00a4-4faa-be9e-870a49a37102@group-40D367ECEF96:t34, leader=null, voted=5432d864-00a4-4faa-be9e-870a49a37102, raftlog=5432d864-00a4-4faa-be9e-870a49a37102@group-40D367ECEF96-SegmentedRaftLog:OPENED:c3,f4,i4, conf=0: [5432d864-00a4-4faa-be9e-870a49a37102:192.168.157.204:42827, 314f41d3-e6bb-4e9d-a30b-79c862990eb1:192.168.157.204:38880, 12b54cff-467e-45e9-ac2a-409cdcf2b905:192.168.157.204:40598], old=null
2019-10-20 12:59:39,292 [5432d864-00a4-4faa-be9e-870a49a37102@group-40D367ECEF96-LeaderElection33] INFO  impl.RaftServerImpl (RaftServerImpl.java:setRole(184)) - 5432d864-00a4-4faa-be9e-870a49a37102@group-40D367ECEF96: changes role from CANDIDATE to FOLLOWER at term 34 for DISCOVERED_A_NEW_TERM
2019-10-20 12:59:39,292 [5432d864-00a4-4faa-be9e-870a49a37102@group-40D367ECEF96-LeaderElection33] INFO  impl.RoleInfo (RoleInfo.java:shutdownLeaderElection(134)) - 5432d864-00a4-4faa-be9e-870a49a37102: shutdown LeaderElection
2019-10-20 12:59:39,293 [5432d864-00a4-4faa-be9e-870a49a37102@group-40D367ECEF96-LeaderElection33] INFO  impl.RoleInfo (RoleInfo.java:updateAndGet(143)) - 5432d864-00a4-4faa-be9e-870a49a37102: start FollowerState
2019-10-20 12:59:39,376 [BlockDeletingService#2] WARN  background.BlockDeletingService (BlockDeletingService.java:isDeletionAllowed(187)) - Close Container log Index 6 is not replicated across allthe servers in the pipeline c8578440-42c5-4fb7-aa2b-40d367ecef96 as the min replicated index is 4. Deletion is not allowed in this container yet.
2019-10-20 12:59:39,376 [BlockDeletingService#2] WARN  background.BlockDeletingService (BlockDeletingService.java:isDeletionAllowed(187)) - Close Container log Index 6 is not replicated across allthe servers in the pipeline c8578440-42c5-4fb7-aa2b-40d367ecef96 as the min replicated index is 4. Deletion is not allowed in this container yet.
2019-10-20 12:59:39,467 [Thread-759] INFO  impl.FollowerState (FollowerState.java:run(108)) - 5432d864-00a4-4faa-be9e-870a49a37102@group-40D367ECEF96-FollowerState: change to CANDIDATE, lastRpcTime:174ms, electionTimeout:174ms
2019-10-20 12:59:39,467 [Thread-759] INFO  impl.RoleInfo (RoleInfo.java:shutdownFollowerState(121)) - 5432d864-00a4-4faa-be9e-870a49a37102: shutdown FollowerState
2019-10-20 12:59:39,468 [Thread-759] INFO  impl.RaftServerImpl (RaftServerImpl.java:setRole(184)) - 5432d864-00a4-4faa-be9e-870a49a37102@group-40D367ECEF96: changes role from  FOLLOWER to CANDIDATE at term 34 for changeToCandidate
2019-10-20 12:59:39,468 [Thread-759] INFO  impl.RoleInfo (RoleInfo.java:updateAndGet(143)) - 5432d864-00a4-4faa-be9e-870a49a37102: start LeaderElection
2019-10-20 12:59:39,482 [5432d864-00a4-4faa-be9e-870a49a37102@group-40D367ECEF96-LeaderElection34] INFO  impl.LeaderElection (LeaderElection.java:askForVotes(178)) - 5432d864-00a4-4faa-be9e-870a49a37102@group-40D367ECEF96-LeaderElection34: begin an election at term 35 for 0: [5432d864-00a4-4faa-be9e-870a49a37102:192.168.157.204:42827, 314f41d3-e6bb-4e9d-a30b-79c862990eb1:192.168.157.204:38880, 12b54cff-467e-45e9-ac2a-409cdcf2b905:192.168.157.204:40598], old=null
2019-10-20 12:59:39,485 [grpc-default-executor-3] INFO  impl.RaftServerImpl (RaftServerImpl.java:setRole(184)) - 12b54cff-467e-45e9-ac2a-409cdcf2b905@group-40D367ECEF96: changes role from  FOLLOWER to FOLLOWER at term 35 for recognizeCandidate:5432d864-00a4-4faa-be9e-870a49a37102
2019-10-20 12:59:39,485 [grpc-default-executor-3] INFO  impl.RoleInfo (RoleInfo.java:shutdownFollowerState(121)) - 12b54cff-467e-45e9-ac2a-409cdcf2b905: shutdown FollowerState
2019-10-20 12:59:39,485 [grpc-default-executor-1] INFO  impl.RaftServerImpl (RaftServerImpl.java:setRole(184)) - 314f41d3-e6bb-4e9d-a30b-79c862990eb1@group-40D367ECEF96: changes role from  FOLLOWER to FOLLOWER at term 35 for recognizeCandidate:5432d864-00a4-4faa-be9e-870a49a37102
2019-10-20 12:59:39,486 [Thread-758] INFO  impl.FollowerState (FollowerState.java:run(117)) - 12b54cff-467e-45e9-ac2a-409cdcf2b905@group-40D367ECEF96-FollowerState was interrupted: java.lang.InterruptedException: sleep interrupted
2019-10-20 12:59:39,486 [grpc-default-executor-3] INFO  impl.RoleInfo (RoleInfo.java:updateAndGet(143)) - 12b54cff-467e-45e9-ac2a-409cdcf2b905: start FollowerState
2019-10-20 12:59:39,486 [grpc-default-executor-1] INFO  impl.RoleInfo (RoleInfo.java:shutdownFollowerState(121)) - 314f41d3-e6bb-4e9d-a30b-79c862990eb1: shutdown FollowerState
2019-10-20 12:59:39,486 [Thread-757] INFO  impl.FollowerState (FollowerState.java:run(117)) - 314f41d3-e6bb-4e9d-a30b-79c862990eb1@group-40D367ECEF96-FollowerState was interrupted: java.lang.InterruptedException: sleep interrupted
2019-10-20 12:59:39,486 [grpc-default-executor-1] INFO  impl.RoleInfo (RoleInfo.java:updateAndGet(143)) - 314f41d3-e6bb-4e9d-a30b-79c862990eb1: start FollowerState
2019-10-20 12:59:39,487 [5432d864-00a4-4faa-be9e-870a49a37102@group-40D367ECEF96-LeaderElection34] INFO  impl.LeaderElection (LeaderElection.java:logAndReturn(56)) - 5432d864-00a4-4faa-be9e-870a49a37102@group-40D367ECEF96-LeaderElection34: Election TIMEOUT; received 0 response(s) [] and 0 exception(s); 5432d864-00a4-4faa-be9e-870a49a37102@group-40D367ECEF96:t35, leader=null, voted=5432d864-00a4-4faa-be9e-870a49a37102, raftlog=5432d864-00a4-4faa-be9e-870a49a37102@group-40D367ECEF96-SegmentedRaftLog:OPENED:c3,f4,i4, conf=0: [5432d864-00a4-4faa-be9e-870a49a37102:192.168.157.204:42827, 314f41d3-e6bb-4e9d-a30b-79c862990eb1:192.168.157.204:38880, 12b54cff-467e-45e9-ac2a-409cdcf2b905:192.168.157.204:40598], old=null
2019-10-20 12:59:39,499 [5432d864-00a4-4faa-be9e-870a49a37102@group-40D367ECEF96-LeaderElection34] INFO  impl.LeaderElection (LeaderElection.java:askForVotes(178)) - 5432d864-00a4-4faa-be9e-870a49a37102@group-40D367ECEF96-LeaderElection34: begin an election at term 36 for 0: [5432d864-00a4-4faa-be9e-870a49a37102:192.168.157.204:42827, 314f41d3-e6bb-4e9d-a30b-79c862990eb1:192.168.157.204:38880, 12b54cff-467e-45e9-ac2a-409cdcf2b905:192.168.157.204:40598], old=null
2019-10-20 12:59:39,502 [grpc-default-executor-3] INFO  impl.RaftServerImpl (RaftServerImpl.java:setRole(184)) - 314f41d3-e6bb-4e9d-a30b-79c862990eb1@group-40D367ECEF96: changes role from  FOLLOWER to FOLLOWER at term 36 for recognizeCandidate:5432d864-00a4-4faa-be9e-870a49a37102
2019-10-20 12:59:39,502 [grpc-default-executor-3] INFO  impl.RoleInfo (RoleInfo.java:shutdownFollowerState(121)) - 314f41d3-e6bb-4e9d-a30b-79c862990eb1: shutdown FollowerState
2019-10-20 12:59:39,502 [grpc-default-executor-1] INFO  impl.RaftServerImpl (RaftServerImpl.java:setRole(184)) - 12b54cff-467e-45e9-ac2a-409cdcf2b905@group-40D367ECEF96: changes role from  FOLLOWER to FOLLOWER at term 36 for recognizeCandidate:5432d864-00a4-4faa-be9e-870a49a37102
2019-10-20 12:59:39,503 [Thread-766] INFO  impl.FollowerState (FollowerState.java:run(117)) - 314f41d3-e6bb-4e9d-a30b-79c862990eb1@group-40D367ECEF96-FollowerState was interrupted: java.lang.InterruptedException: sleep interrupted
2019-10-20 12:59:39,503 [grpc-default-executor-3] INFO  impl.RoleInfo (RoleInfo.java:updateAndGet(143)) - 314f41d3-e6bb-4e9d-a30b-79c862990eb1: start FollowerState
2019-10-20 12:59:39,503 [grpc-default-executor-1] INFO  impl.RoleInfo (RoleInfo.java:shutdownFollowerState(121)) - 12b54cff-467e-45e9-ac2a-409cdcf2b905: shutdown FollowerState
2019-10-20 12:59:39,503 [grpc-default-executor-1] INFO  impl.RoleInfo (RoleInfo.java:updateAndGet(143)) - 12b54cff-467e-45e9-ac2a-409cdcf2b905: start FollowerState
2019-10-20 12:59:39,503 [Thread-765] INFO  impl.FollowerState (FollowerState.java:run(117)) - 12b54cff-467e-45e9-ac2a-409cdcf2b905@group-40D367ECEF96-FollowerState was interrupted: java.lang.InterruptedException: sleep interrupted
2019-10-20 12:59:39,518 [5432d864-00a4-4faa-be9e-870a49a37102@group-40D367ECEF96-LeaderElection34] INFO  impl.LeaderElection (LeaderElection.java:logAndReturn(56)) - 5432d864-00a4-4faa-be9e-870a49a37102@group-40D367ECEF96-LeaderElection34: Election REJECTED; received 2 response(s) [5432d864-00a4-4faa-be9e-870a49a37102<-12b54cff-467e-45e9-ac2a-409cdcf2b905#0:FAIL-t36, 5432d864-00a4-4faa-be9e-870a49a37102<-314f41d3-e6bb-4e9d-a30b-79c862990eb1#0:FAIL-t36] and 0 exception(s); 5432d864-00a4-4faa-be9e-870a49a37102@group-40D367ECEF96:t36, leader=null, voted=5432d864-00a4-4faa-be9e-870a49a37102, raftlog=5432d864-00a4-4faa-be9e-870a49a37102@group-40D367ECEF96-SegmentedRaftLog:OPENED:c3,f4,i4, conf=0: [5432d864-00a4-4faa-be9e-870a49a37102:192.168.157.204:42827, 314f41d3-e6bb-4e9d-a30b-79c862990eb1:192.168.157.204:38880, 12b54cff-467e-45e9-ac2a-409cdcf2b905:192.168.157.204:40598], old=null
2019-10-20 12:59:39,518 [5432d864-00a4-4faa-be9e-870a49a37102@group-40D367ECEF96-LeaderElection34] INFO  impl.RaftServerImpl (RaftServerImpl.java:setRole(184)) - 5432d864-00a4-4faa-be9e-870a49a37102@group-40D367ECEF96: changes role from CANDIDATE to FOLLOWER at term 36 for DISCOVERED_A_NEW_TERM
2019-10-20 12:59:39,518 [5432d864-00a4-4faa-be9e-870a49a37102@group-40D367ECEF96-LeaderElection34] INFO  impl.RoleInfo (RoleInfo.java:shutdownLeaderElection(134)) - 5432d864-00a4-4faa-be9e-870a49a37102: shutdown LeaderElection
2019-10-20 12:59:39,518 [5432d864-00a4-4faa-be9e-870a49a37102@group-40D367ECEF96-LeaderElection34] INFO  impl.RoleInfo (RoleInfo.java:updateAndGet(143)) - 5432d864-00a4-4faa-be9e-870a49a37102: start FollowerState
2019-10-20 12:59:39,694 [EventQueue-PendingDeleteStatusForPendingDeleteHandler] INFO  block.SCMBlockDeletingService (SCMBlockDeletingService.java:handlePendingDeletes(115)) - Block deletion txnID mismatch in datanode 5432d864-00a4-4faa-be9e-870a49a37102 for containerID 1. Datanode delete txnID: 0, SCM txnID: 1
2019-10-20 12:59:39,701 [Thread-771] INFO  impl.FollowerState (FollowerState.java:run(108)) - 5432d864-00a4-4faa-be9e-870a49a37102@group-40D367ECEF96-FollowerState: change to CANDIDATE, lastRpcTime:182ms, electionTimeout:182ms
2019-10-20 12:59:39,701 [Thread-771] INFO  impl.RoleInfo (RoleInfo.java:shutdownFollowerState(121)) - 5432d864-00a4-4faa-be9e-870a49a37102: shutdown FollowerState
2019-10-20 12:59:39,701 [Thread-771] INFO  impl.RaftServerImpl (RaftServerImpl.java:setRole(184)) - 5432d864-00a4-4faa-be9e-870a49a37102@group-40D367ECEF96: changes role from  FOLLOWER to CANDIDATE at term 36 for changeToCandidate
2019-10-20 12:59:39,701 [Thread-771] INFO  impl.RoleInfo (RoleInfo.java:updateAndGet(143)) - 5432d864-00a4-4faa-be9e-870a49a37102: start LeaderElection
2019-10-20 12:59:39,724 [5432d864-00a4-4faa-be9e-870a49a37102@group-40D367ECEF96-LeaderElection35] INFO  impl.LeaderElection (LeaderElection.java:askForVotes(178)) - 5432d864-00a4-4faa-be9e-870a49a37102@group-40D367ECEF96-LeaderElection35: begin an election at term 37 for 0: [5432d864-00a4-4faa-be9e-870a49a37102:192.168.157.204:42827, 314f41d3-e6bb-4e9d-a30b-79c862990eb1:192.168.157.204:38880, 12b54cff-467e-45e9-ac2a-409cdcf2b905:192.168.157.204:40598], old=null
2019-10-20 12:59:39,726 [grpc-default-executor-1] INFO  impl.RaftServerImpl (RaftServerImpl.java:setRole(184)) - 12b54cff-467e-45e9-ac2a-409cdcf2b905@group-40D367ECEF96: changes role from  FOLLOWER to FOLLOWER at term 37 for recognizeCandidate:5432d864-00a4-4faa-be9e-870a49a37102
2019-10-20 12:59:39,727 [grpc-default-executor-3] INFO  impl.RaftServerImpl (RaftServerImpl.java:setRole(184)) - 314f41d3-e6bb-4e9d-a30b-79c862990eb1@group-40D367ECEF96: changes role from  FOLLOWER to FOLLOWER at term 37 for recognizeCandidate:5432d864-00a4-4faa-be9e-870a49a37102
2019-10-20 12:59:39,727 [grpc-default-executor-1] INFO  impl.RoleInfo (RoleInfo.java:shutdownFollowerState(121)) - 12b54cff-467e-45e9-ac2a-409cdcf2b905: shutdown FollowerState
2019-10-20 12:59:39,727 [grpc-default-executor-3] INFO  impl.RoleInfo (RoleInfo.java:shutdownFollowerState(121)) - 314f41d3-e6bb-4e9d-a30b-79c862990eb1: shutdown FollowerState
2019-10-20 12:59:39,727 [grpc-default-executor-1] INFO  impl.RoleInfo (RoleInfo.java:updateAndGet(143)) - 12b54cff-467e-45e9-ac2a-409cdcf2b905: start FollowerState
2019-10-20 12:59:39,727 [Thread-770] INFO  impl.FollowerState (FollowerState.java:run(117)) - 12b54cff-467e-45e9-ac2a-409cdcf2b905@group-40D367ECEF96-FollowerState was interrupted: java.lang.InterruptedException: sleep interrupted
2019-10-20 12:59:39,727 [grpc-default-executor-3] INFO  impl.RoleInfo (RoleInfo.java:updateAndGet(143)) - 314f41d3-e6bb-4e9d-a30b-79c862990eb1: start FollowerState
2019-10-20 12:59:39,727 [Thread-769] INFO  impl.FollowerState (FollowerState.java:run(117)) - 314f41d3-e6bb-4e9d-a30b-79c862990eb1@group-40D367ECEF96-FollowerState was interrupted: java.lang.InterruptedException: sleep interrupted
2019-10-20 12:59:39,743 [5432d864-00a4-4faa-be9e-870a49a37102@group-40D367ECEF96-LeaderElection35] INFO  impl.LeaderElection (LeaderElection.java:logAndReturn(56)) - 5432d864-00a4-4faa-be9e-870a49a37102@group-40D367ECEF96-LeaderElection35: Election REJECTED; received 2 response(s) [5432d864-00a4-4faa-be9e-870a49a37102<-12b54cff-467e-45e9-ac2a-409cdcf2b905#0:FAIL-t37, 5432d864-00a4-4faa-be9e-870a49a37102<-314f41d3-e6bb-4e9d-a30b-79c862990eb1#0:FAIL-t37] and 0 exception(s); 5432d864-00a4-4faa-be9e-870a49a37102@group-40D367ECEF96:t37, leader=null, voted=5432d864-00a4-4faa-be9e-870a49a37102, raftlog=5432d864-00a4-4faa-be9e-870a49a37102@group-40D367ECEF96-SegmentedRaftLog:OPENED:c3,f4,i4, conf=0: [5432d864-00a4-4faa-be9e-870a49a37102:192.168.157.204:42827, 314f41d3-e6bb-4e9d-a30b-79c862990eb1:192.168.157.204:38880, 12b54cff-467e-45e9-ac2a-409cdcf2b905:192.168.157.204:40598], old=null
2019-10-20 12:59:39,743 [5432d864-00a4-4faa-be9e-870a49a37102@group-40D367ECEF96-LeaderElection35] INFO  impl.RaftServerImpl (RaftServerImpl.java:setRole(184)) - 5432d864-00a4-4faa-be9e-870a49a37102@group-40D367ECEF96: changes role from CANDIDATE to FOLLOWER at term 37 for DISCOVERED_A_NEW_TERM
2019-10-20 12:59:39,744 [5432d864-00a4-4faa-be9e-870a49a37102@group-40D367ECEF96-LeaderElection35] INFO  impl.RoleInfo (RoleInfo.java:shutdownLeaderElection(134)) - 5432d864-00a4-4faa-be9e-870a49a37102: shutdown LeaderElection
2019-10-20 12:59:39,744 [5432d864-00a4-4faa-be9e-870a49a37102@group-40D367ECEF96-LeaderElection35] INFO  impl.RoleInfo (RoleInfo.java:updateAndGet(143)) - 5432d864-00a4-4faa-be9e-870a49a37102: start FollowerState
2019-10-20 12:59:39,750 [grpc-default-executor-1] INFO  impl.RaftServerProxy (RaftServerProxy.java:addNew(89)) - 5432d864-00a4-4faa-be9e-870a49a37102: addNew group-00E61456F5F8:[5432d864-00a4-4faa-be9e-870a49a37102:192.168.157.204:42827] returns group-00E61456F5F8:java.util.concurrent.CompletableFuture@bed083f[Not completed]
2019-10-20 12:59:39,752 [pool-59-thread-1] INFO  impl.RaftServerImpl (RaftServerImpl.java:<init>(104)) - 5432d864-00a4-4faa-be9e-870a49a37102: new RaftServerImpl for group-00E61456F5F8:[5432d864-00a4-4faa-be9e-870a49a37102:192.168.157.204:42827] with ContainerStateMachine:uninitialized
2019-10-20 12:59:39,752 [pool-59-thread-1] INFO  server.RaftServerConfigKeys (ConfUtils.java:logGet(43)) - raft.server.rpc.timeout.min = 5s (custom)
2019-10-20 12:59:39,752 [pool-59-thread-1] INFO  server.RaftServerConfigKeys (ConfUtils.java:logGet(43)) - raft.server.rpc.timeout.max = 5200ms (custom)
2019-10-20 12:59:39,752 [pool-59-thread-1] INFO  server.RaftServerConfigKeys (ConfUtils.java:logGet(43)) - raft.server.rpcslowness.timeout = 1000s (custom)
2019-10-20 12:59:39,752 [pool-59-thread-1] INFO  server.RaftServerConfigKeys (ConfUtils.java:logGet(43)) - raft.server.sleep.deviation.threshold = 300 (default)
2019-10-20 12:59:39,752 [pool-59-thread-1] INFO  server.RaftServerConfigKeys (ConfUtils.java:logGet(43)) - raft.server.log.appender.install.snapshot.enabled = false (custom)
2019-10-20 12:59:39,752 [pool-59-thread-1] INFO  impl.RaftServerImpl (ServerState.java:<init>(103)) - 5432d864-00a4-4faa-be9e-870a49a37102@group-00E61456F5F8: ConfigurationManager, init=-1: [5432d864-00a4-4faa-be9e-870a49a37102:192.168.157.204:42827], old=null, confs=<EMPTY_MAP>
2019-10-20 12:59:39,752 [pool-59-thread-1] INFO  server.RaftServerConfigKeys (ConfUtils.java:logGet(43)) - raft.server.storage.dir = [/workdir/hadoop-ozone/integration-test/target/test-dir/MiniOzoneClusterImpl-6483733d-4f93-4870-817e-1c1dc2569cfd/datanode-2/data/ratis] (custom)
2019-10-20 12:59:39,753 [pool-59-thread-1] INFO  server.RaftServerConfigKeys (ConfUtils.java:logGet(43)) - raft.server.log.corruption.policy = EXCEPTION (default)
2019-10-20 12:59:39,753 [pool-59-thread-1] INFO  storage.RaftStorageDirectory (RaftStorageDirectory.java:analyzeStorage(246)) - The storage directory /workdir/hadoop-ozone/integration-test/target/test-dir/MiniOzoneClusterImpl-6483733d-4f93-4870-817e-1c1dc2569cfd/datanode-2/data/ratis/e3e743bc-8aeb-4cdc-aa56-00e61456f5f8 does not exist. Creating ...
2019-10-20 12:59:39,766 [pool-59-thread-1] INFO  storage.RaftStorageDirectory (RaftStorageDirectory.java:tryLock(328)) - Lock on /workdir/hadoop-ozone/integration-test/target/test-dir/MiniOzoneClusterImpl-6483733d-4f93-4870-817e-1c1dc2569cfd/datanode-2/data/ratis/e3e743bc-8aeb-4cdc-aa56-00e61456f5f8/in_use.lock acquired by nodename 28877@pr-hdds-2337-fjsvx-2218173377
2019-10-20 12:59:39,777 [Thread-779] INFO  impl.FollowerState (FollowerState.java:run(108)) - 5432d864-00a4-4faa-be9e-870a49a37102@group-40D367ECEF96-FollowerState: change to CANDIDATE, lastRpcTime:33ms, electionTimeout:33ms
2019-10-20 12:59:39,777 [Thread-779] INFO  impl.RoleInfo (RoleInfo.java:shutdownFollowerState(121)) - 5432d864-00a4-4faa-be9e-870a49a37102: shutdown FollowerState
2019-10-20 12:59:39,777 [Thread-779] INFO  impl.RaftServerImpl (RaftServerImpl.java:setRole(184)) - 5432d864-00a4-4faa-be9e-870a49a37102@group-40D367ECEF96: changes role from  FOLLOWER to CANDIDATE at term 37 for changeToCandidate
2019-10-20 12:59:39,777 [Thread-779] INFO  impl.RoleInfo (RoleInfo.java:updateAndGet(143)) - 5432d864-00a4-4faa-be9e-870a49a37102: start LeaderElection
2019-10-20 12:59:39,779 [pool-59-thread-1] INFO  storage.RaftStorage (RaftStorage.java:format(84)) - Storage directory /workdir/hadoop-ozone/integration-test/target/test-dir/MiniOzoneClusterImpl-6483733d-4f93-4870-817e-1c1dc2569cfd/datanode-2/data/ratis/e3e743bc-8aeb-4cdc-aa56-00e61456f5f8 has been successfully formatted.
2019-10-20 12:59:39,779 [pool-59-thread-1] INFO  ratis.ContainerStateMachine (ContainerStateMachine.java:loadSnapshot(231)) - group-00E61456F5F8: The snapshot info is null. Setting the last applied indexto:(t:0, i:~)
2019-10-20 12:59:39,779 [pool-59-thread-1] INFO  server.RaftServerConfigKeys (ConfUtils.java:logGet(43)) - raft.server.notification.no-leader.timeout = 1000s (custom)
2019-10-20 12:59:39,780 [pool-59-thread-1] INFO  server.RaftServerConfigKeys (ConfUtils.java:logGet(43)) - raft.server.log.use.memory = false (default)
2019-10-20 12:59:39,780 [pool-59-thread-1] INFO  server.RaftServerConfigKeys (ConfUtils.java:logGet(43)) - raft.server.log.purge.gap = 1000000 (custom)
2019-10-20 12:59:39,780 [pool-59-thread-1] INFO  server.RaftServerConfigKeys (ConfUtils.java:logGet(43)) - raft.server.log.appender.buffer.byte-limit = 33554432 (custom)
2019-10-20 12:59:39,780 [pool-59-thread-1] INFO  server.RaftServerConfigKeys (ConfUtils.java:logGet(43)) - raft.server.log.segment.size.max = 1048576 (custom)
2019-10-20 12:59:39,780 [pool-59-thread-1] INFO  server.RaftServerConfigKeys (ConfUtils.java:logGet(43)) - raft.server.log.segment.cache.num.max = 2 (custom)
2019-10-20 12:59:39,780 [pool-59-thread-1] INFO  segmented.SegmentedRaftLogWorker (SegmentedRaftLogWorker.java:<init>(173)) - new 5432d864-00a4-4faa-be9e-870a49a37102@group-00E61456F5F8-SegmentedRaftLogWorker for RaftStorage:Storage Directory /workdir/hadoop-ozone/integration-test/target/test-dir/MiniOzoneClusterImpl-6483733d-4f93-4870-817e-1c1dc2569cfd/datanode-2/data/ratis/e3e743bc-8aeb-4cdc-aa56-00e61456f5f8
2019-10-20 12:59:39,780 [pool-59-thread-1] INFO  server.RaftServerConfigKeys (ConfUtils.java:logGet(43)) - raft.server.log.queue.byte-limit = 2147483647 (custom)
2019-10-20 12:59:39,781 [pool-59-thread-1] INFO  server.RaftServerConfigKeys (ConfUtils.java:logGet(43)) - raft.server.log.queue.element-limit = 1024 (custom)
2019-10-20 12:59:39,781 [5432d864-00a4-4faa-be9e-870a49a37102@group-40D367ECEF96-LeaderElection36] INFO  impl.LeaderElection (LeaderElection.java:askForVotes(178)) - 5432d864-00a4-4faa-be9e-870a49a37102@group-40D367ECEF96-LeaderElection36: begin an election at term 38 for 0: [5432d864-00a4-4faa-be9e-870a49a37102:192.168.157.204:42827, 314f41d3-e6bb-4e9d-a30b-79c862990eb1:192.168.157.204:38880, 12b54cff-467e-45e9-ac2a-409cdcf2b905:192.168.157.204:40598], old=null
2019-10-20 12:59:39,781 [pool-59-thread-1] INFO  server.RaftServerConfigKeys (ConfUtils.java:logGet(43)) - raft.server.log.segment.size.max = 1048576 (custom)
2019-10-20 12:59:39,781 [pool-59-thread-1] INFO  server.RaftServerConfigKeys (ConfUtils.java:logGet(43)) - raft.server.log.preallocated.size = 16384 (custom)
2019-10-20 12:59:39,781 [pool-59-thread-1] INFO  server.RaftServerConfigKeys (ConfUtils.java:logGet(43)) - raft.server.log.write.buffer.size = 33554432 (custom)
2019-10-20 12:59:39,781 [pool-59-thread-1] INFO  server.RaftServerConfigKeys (ConfUtils.java:logGet(43)) - raft.server.log.force.sync.num = 128 (default)
2019-10-20 12:59:39,782 [pool-59-thread-1] INFO  server.RaftServerConfigKeys (ConfUtils.java:logGet(43)) - raft.server.log.statemachine.data.sync = true (default)
2019-10-20 12:59:39,782 [pool-59-thread-1] INFO  server.RaftServerConfigKeys (ConfUtils.java:logGet(43)) - raft.server.log.statemachine.data.sync.timeout = 10s (default)
2019-10-20 12:59:39,782 [pool-59-thread-1] INFO  server.RaftServerConfigKeys (ConfUtils.java:logGet(43)) - raft.server.log.statemachine.data.sync.timeout.retry = -1 (default)
2019-10-20 12:59:39,782 [pool-59-thread-1] INFO  server.RaftServerConfigKeys (ConfUtils.java:logGet(43)) - raft.server.log.statemachine.data.caching.enabled = true (custom)
2019-10-20 12:59:39,782 [pool-59-thread-1] INFO  segmented.SegmentedRaftLogWorker (SegmentedRaftLogWorker.java:lambda$new$0(128)) - 5432d864-00a4-4faa-be9e-870a49a37102@group-00E61456F5F8-SegmentedRaftLogWorker: flushIndex: setUnconditionally 0 -> -1
2019-10-20 12:59:39,782 [pool-59-thread-1] INFO  server.RaftServerConfigKeys (ConfUtils.java:logGet(43)) - raft.server.snapshot.auto.trigger.enabled = true (custom)
2019-10-20 12:59:39,783 [pool-59-thread-1] INFO  server.RaftServerConfigKeys (ConfUtils.java:logGet(43)) - raft.server.snapshot.auto.trigger.threshold = 10000 (custom)
2019-10-20 12:59:39,783 [pool-59-thread-1] INFO  server.RaftServerConfigKeys (ConfUtils.java:logGet(43)) - raft.server.snapshot.retention.file.num = 5 (custom)
2019-10-20 12:59:39,783 [pool-59-thread-1] INFO  server.RaftServerConfigKeys (ConfUtils.java:logGet(43)) - raft.server.retrycache.expirytime = 600000ms (custom)
2019-10-20 12:59:39,784 [grpc-default-executor-1] INFO  impl.RaftServerImpl (RaftServerImpl.java:setRole(184)) - 314f41d3-e6bb-4e9d-a30b-79c862990eb1@group-40D367ECEF96: changes role from  FOLLOWER to FOLLOWER at term 38 for recognizeCandidate:5432d864-00a4-4faa-be9e-870a49a37102
2019-10-20 12:59:39,784 [grpc-default-executor-3] INFO  impl.RaftServerImpl (RaftServerImpl.java:setRole(184)) - 12b54cff-467e-45e9-ac2a-409cdcf2b905@group-40D367ECEF96: changes role from  FOLLOWER to FOLLOWER at term 38 for recognizeCandidate:5432d864-00a4-4faa-be9e-870a49a37102
2019-10-20 12:59:39,784 [grpc-default-executor-1] INFO  impl.RoleInfo (RoleInfo.java:shutdownFollowerState(121)) - 314f41d3-e6bb-4e9d-a30b-79c862990eb1: shutdown FollowerState
2019-10-20 12:59:39,784 [grpc-default-executor-3] INFO  impl.RoleInfo (RoleInfo.java:shutdownFollowerState(121)) - 12b54cff-467e-45e9-ac2a-409cdcf2b905: shutdown FollowerState
2019-10-20 12:59:39,784 [Thread-777] INFO  impl.FollowerState (FollowerState.java:run(117)) - 314f41d3-e6bb-4e9d-a30b-79c862990eb1@group-40D367ECEF96-FollowerState was interrupted: java.lang.InterruptedException: sleep interrupted
2019-10-20 12:59:39,784 [grpc-default-executor-1] INFO  impl.RoleInfo (RoleInfo.java:updateAndGet(143)) - 314f41d3-e6bb-4e9d-a30b-79c862990eb1: start FollowerState
2019-10-20 12:59:39,784 [Thread-776] INFO  impl.FollowerState (FollowerState.java:run(117)) - 12b54cff-467e-45e9-ac2a-409cdcf2b905@group-40D367ECEF96-FollowerState was interrupted: java.lang.InterruptedException: sleep interrupted
2019-10-20 12:59:39,784 [grpc-default-executor-3] INFO  impl.RoleInfo (RoleInfo.java:updateAndGet(143)) - 12b54cff-467e-45e9-ac2a-409cdcf2b905: start FollowerState
2019-10-20 12:59:39,785 [pool-59-thread-1] INFO  impl.RaftServerImpl (RaftServerImpl.java:start(195)) - 5432d864-00a4-4faa-be9e-870a49a37102@group-00E61456F5F8: start as a follower, conf=-1: [5432d864-00a4-4faa-be9e-870a49a37102:192.168.157.204:42827], old=null
2019-10-20 12:59:39,786 [pool-59-thread-1] INFO  impl.RaftServerImpl (RaftServerImpl.java:setRole(184)) - 5432d864-00a4-4faa-be9e-870a49a37102@group-00E61456F5F8: changes role from      null to FOLLOWER at term 0 for startAsFollower
2019-10-20 12:59:39,786 [pool-59-thread-1] INFO  impl.RoleInfo (RoleInfo.java:updateAndGet(143)) - 5432d864-00a4-4faa-be9e-870a49a37102: start FollowerState
2019-10-20 12:59:39,786 [pool-59-thread-1] INFO  util.JmxRegister (JmxRegister.java:tryRegister(44)) - Successfully registered JMX Bean with object name Ratis:service=RaftServer,group=group-00E61456F5F8,id=5432d864-00a4-4faa-be9e-870a49a37102
2019-10-20 12:59:39,791 [RatisPipelineUtilsThread] INFO  pipeline.PipelineStateManager (PipelineStateManager.java:addPipeline(56)) - Created pipeline Pipeline[ Id: e3e743bc-8aeb-4cdc-aa56-00e61456f5f8, Nodes: 5432d864-00a4-4faa-be9e-870a49a37102{ip: 192.168.157.204, host: pr-hdds-2337-fjsvx-2218173377, networkLocation: /default-rack, certSerialId: null}, Type:RATIS, Factor:ONE, State:OPEN]
2019-10-20 12:59:39,798 [grpc-default-executor-6] INFO  impl.RaftServerProxy (RaftServerProxy.java:addNew(89)) - 314f41d3-e6bb-4e9d-a30b-79c862990eb1: addNew group-869FA492F4DF:[5432d864-00a4-4faa-be9e-870a49a37102:192.168.157.204:42827, 314f41d3-e6bb-4e9d-a30b-79c862990eb1:192.168.157.204:38880, 12b54cff-467e-45e9-ac2a-409cdcf2b905:192.168.157.204:40598] returns group-869FA492F4DF:java.util.concurrent.CompletableFuture@3ee374d5[Not completed]
2019-10-20 12:59:39,798 [grpc-default-executor-7] INFO  impl.RaftServerProxy (RaftServerProxy.java:addNew(89)) - 12b54cff-467e-45e9-ac2a-409cdcf2b905: addNew group-869FA492F4DF:[5432d864-00a4-4faa-be9e-870a49a37102:192.168.157.204:42827, 314f41d3-e6bb-4e9d-a30b-79c862990eb1:192.168.157.204:38880, 12b54cff-467e-45e9-ac2a-409cdcf2b905:192.168.157.204:40598] returns group-869FA492F4DF:java.util.concurrent.CompletableFuture@212cc367[Not completed]
2019-10-20 12:59:39,798 [grpc-default-executor-8] INFO  impl.RaftServerProxy (RaftServerProxy.java:addNew(89)) - 5432d864-00a4-4faa-be9e-870a49a37102: addNew group-869FA492F4DF:[5432d864-00a4-4faa-be9e-870a49a37102:192.168.157.204:42827, 314f41d3-e6bb-4e9d-a30b-79c862990eb1:192.168.157.204:38880, 12b54cff-467e-45e9-ac2a-409cdcf2b905:192.168.157.204:40598] returns group-869FA492F4DF:java.util.concurrent.CompletableFuture@3eb26830[Not completed]
2019-10-20 12:59:39,799 [5432d864-00a4-4faa-be9e-870a49a37102@group-40D367ECEF96-LeaderElection36] INFO  impl.LeaderElection (LeaderElection.java:logAndReturn(56)) - 5432d864-00a4-4faa-be9e-870a49a37102@group-40D367ECEF96-LeaderElection36: Election REJECTED; received 2 response(s) [5432d864-00a4-4faa-be9e-870a49a37102<-12b54cff-467e-45e9-ac2a-409cdcf2b905#0:FAIL-t38, 5432d864-00a4-4faa-be9e-870a49a37102<-314f41d3-e6bb-4e9d-a30b-79c862990eb1#0:FAIL-t38] and 0 exception(s); 5432d864-00a4-4faa-be9e-870a49a37102@group-40D367ECEF96:t38, leader=null, voted=5432d864-00a4-4faa-be9e-870a49a37102, raftlog=5432d864-00a4-4faa-be9e-870a49a37102@group-40D367ECEF96-SegmentedRaftLog:OPENED:c3,f4,i4, conf=0: [5432d864-00a4-4faa-be9e-870a49a37102:192.168.157.204:42827, 314f41d3-e6bb-4e9d-a30b-79c862990eb1:192.168.157.204:38880, 12b54cff-467e-45e9-ac2a-409cdcf2b905:192.168.157.204:40598], old=null
2019-10-20 12:59:39,799 [5432d864-00a4-4faa-be9e-870a49a37102@group-40D367ECEF96-LeaderElection36] INFO  impl.RaftServerImpl (RaftServerImpl.java:setRole(184)) - 5432d864-00a4-4faa-be9e-870a49a37102@group-40D367ECEF96: changes role from CANDIDATE to FOLLOWER at term 38 for DISCOVERED_A_NEW_TERM
2019-10-20 12:59:39,799 [5432d864-00a4-4faa-be9e-870a49a37102@group-40D367ECEF96-LeaderElection36] INFO  impl.RoleInfo (RoleInfo.java:shutdownLeaderElection(134)) - 5432d864-00a4-4faa-be9e-870a49a37102: shutdown LeaderElection
2019-10-20 12:59:39,799 [5432d864-00a4-4faa-be9e-870a49a37102@group-40D367ECEF96-LeaderElection36] INFO  impl.RoleInfo (RoleInfo.java:updateAndGet(143)) - 5432d864-00a4-4faa-be9e-870a49a37102: start FollowerState
2019-10-20 12:59:39,799 [pool-27-thread-1] INFO  impl.RaftServerImpl (RaftServerImpl.java:<init>(104)) - 12b54cff-467e-45e9-ac2a-409cdcf2b905: new RaftServerImpl for group-869FA492F4DF:[5432d864-00a4-4faa-be9e-870a49a37102:192.168.157.204:42827, 314f41d3-e6bb-4e9d-a30b-79c862990eb1:192.168.157.204:38880, 12b54cff-467e-45e9-ac2a-409cdcf2b905:192.168.157.204:40598] with ContainerStateMachine:uninitialized
2019-10-20 12:59:39,799 [pool-27-thread-1] INFO  server.RaftServerConfigKeys (ConfUtils.java:logGet(43)) - raft.server.rpc.timeout.min = 5s (custom)
2019-10-20 12:59:39,799 [pool-27-thread-1] INFO  server.RaftServerConfigKeys (ConfUtils.java:logGet(43)) - raft.server.rpc.timeout.max = 5200ms (custom)
2019-10-20 12:59:39,800 [pool-27-thread-1] INFO  server.RaftServerConfigKeys (ConfUtils.java:logGet(43)) - raft.server.rpcslowness.timeout = 1000s (custom)
2019-10-20 12:59:39,800 [pool-27-thread-1] INFO  server.RaftServerConfigKeys (ConfUtils.java:logGet(43)) - raft.server.sleep.deviation.threshold = 300 (default)
2019-10-20 12:59:39,800 [pool-27-thread-1] INFO  server.RaftServerConfigKeys (ConfUtils.java:logGet(43)) - raft.server.log.appender.install.snapshot.enabled = false (custom)
2019-10-20 12:59:39,800 [pool-27-thread-1] INFO  impl.RaftServerImpl (ServerState.java:<init>(103)) - 12b54cff-467e-45e9-ac2a-409cdcf2b905@group-869FA492F4DF: ConfigurationManager, init=-1: [5432d864-00a4-4faa-be9e-870a49a37102:192.168.157.204:42827, 314f41d3-e6bb-4e9d-a30b-79c862990eb1:192.168.157.204:38880, 12b54cff-467e-45e9-ac2a-409cdcf2b905:192.168.157.204:40598], old=null, confs=<EMPTY_MAP>
2019-10-20 12:59:39,800 [pool-27-thread-1] INFO  server.RaftServerConfigKeys (ConfUtils.java:logGet(43)) - raft.server.storage.dir = [/workdir/hadoop-ozone/integration-test/target/test-dir/MiniOzoneClusterImpl-6483733d-4f93-4870-817e-1c1dc2569cfd/datanode-0/data/ratis] (custom)
2019-10-20 12:59:39,800 [pool-27-thread-1] INFO  server.RaftServerConfigKeys (ConfUtils.java:logGet(43)) - raft.server.log.corruption.policy = EXCEPTION (default)
2019-10-20 12:59:39,800 [pool-27-thread-1] INFO  storage.RaftStorageDirectory (RaftStorageDirectory.java:analyzeStorage(246)) - The storage directory /workdir/hadoop-ozone/integration-test/target/test-dir/MiniOzoneClusterImpl-6483733d-4f93-4870-817e-1c1dc2569cfd/datanode-0/data/ratis/e04346b3-867d-418a-85b6-869fa492f4df does not exist. Creating ...
2019-10-20 12:59:39,801 [pool-37-thread-1] INFO  impl.RaftServerImpl (RaftServerImpl.java:<init>(104)) - 314f41d3-e6bb-4e9d-a30b-79c862990eb1: new RaftServerImpl for group-869FA492F4DF:[5432d864-00a4-4faa-be9e-870a49a37102:192.168.157.204:42827, 314f41d3-e6bb-4e9d-a30b-79c862990eb1:192.168.157.204:38880, 12b54cff-467e-45e9-ac2a-409cdcf2b905:192.168.157.204:40598] with ContainerStateMachine:uninitialized
2019-10-20 12:59:39,801 [pool-37-thread-1] INFO  server.RaftServerConfigKeys (ConfUtils.java:logGet(43)) - raft.server.rpc.timeout.min = 5s (custom)
2019-10-20 12:59:39,801 [pool-59-thread-1] INFO  impl.RaftServerImpl (RaftServerImpl.java:<init>(104)) - 5432d864-00a4-4faa-be9e-870a49a37102: new RaftServerImpl for group-869FA492F4DF:[5432d864-00a4-4faa-be9e-870a49a37102:192.168.157.204:42827, 314f41d3-e6bb-4e9d-a30b-79c862990eb1:192.168.157.204:38880, 12b54cff-467e-45e9-ac2a-409cdcf2b905:192.168.157.204:40598] with ContainerStateMachine:uninitialized
2019-10-20 12:59:39,801 [pool-37-thread-1] INFO  server.RaftServerConfigKeys (ConfUtils.java:logGet(43)) - raft.server.rpc.timeout.max = 5200ms (custom)
2019-10-20 12:59:39,802 [pool-59-thread-1] INFO  server.RaftServerConfigKeys (ConfUtils.java:logGet(43)) - raft.server.rpc.timeout.min = 5s (custom)
2019-10-20 12:59:39,802 [pool-37-thread-1] INFO  server.RaftServerConfigKeys (ConfUtils.java:logGet(43)) - raft.server.rpcslowness.timeout = 1000s (custom)
2019-10-20 12:59:39,802 [pool-59-thread-1] INFO  server.RaftServerConfigKeys (ConfUtils.java:logGet(43)) - raft.server.rpc.timeout.max = 5200ms (custom)
2019-10-20 12:59:39,802 [pool-37-thread-1] INFO  server.RaftServerConfigKeys (ConfUtils.java:logGet(43)) - raft.server.sleep.deviation.threshold = 300 (default)
2019-10-20 12:59:39,802 [Thread-786] INFO  impl.FollowerState (FollowerState.java:run(108)) - 5432d864-00a4-4faa-be9e-870a49a37102@group-00E61456F5F8-FollowerState: change to CANDIDATE, lastRpcTime:16ms, electionTimeout:16ms
2019-10-20 12:59:39,802 [pool-37-thread-1] INFO  server.RaftServerConfigKeys (ConfUtils.java:logGet(43)) - raft.server.log.appender.install.snapshot.enabled = false (custom)
2019-10-20 12:59:39,802 [pool-59-thread-1] INFO  server.RaftServerConfigKeys (ConfUtils.java:logGet(43)) - raft.server.rpcslowness.timeout = 1000s (custom)
2019-10-20 12:59:39,802 [pool-37-thread-1] INFO  impl.RaftServerImpl (ServerState.java:<init>(103)) - 314f41d3-e6bb-4e9d-a30b-79c862990eb1@group-869FA492F4DF: ConfigurationManager, init=-1: [5432d864-00a4-4faa-be9e-870a49a37102:192.168.157.204:42827, 314f41d3-e6bb-4e9d-a30b-79c862990eb1:192.168.157.204:38880, 12b54cff-467e-45e9-ac2a-409cdcf2b905:192.168.157.204:40598], old=null, confs=<EMPTY_MAP>
2019-10-20 12:59:39,802 [Thread-786] INFO  impl.RoleInfo (RoleInfo.java:shutdownFollowerState(121)) - 5432d864-00a4-4faa-be9e-870a49a37102: shutdown FollowerState
2019-10-20 12:59:39,802 [pool-59-thread-1] INFO  server.RaftServerConfigKeys (ConfUtils.java:logGet(43)) - raft.server.sleep.deviation.threshold = 300 (default)
2019-10-20 12:59:39,803 [pool-37-thread-1] INFO  server.RaftServerConfigKeys (ConfUtils.java:logGet(43)) - raft.server.storage.dir = [/workdir/hadoop-ozone/integration-test/target/test-dir/MiniOzoneClusterImpl-6483733d-4f93-4870-817e-1c1dc2569cfd/datanode-1/data/ratis] (custom)
2019-10-20 12:59:39,803 [Thread-786] INFO  impl.RaftServerImpl (RaftServerImpl.java:setRole(184)) - 5432d864-00a4-4faa-be9e-870a49a37102@group-00E61456F5F8: changes role from  FOLLOWER to CANDIDATE at term 0 for changeToCandidate
2019-10-20 12:59:39,803 [pool-59-thread-1] INFO  server.RaftServerConfigKeys (ConfUtils.java:logGet(43)) - raft.server.log.appender.install.snapshot.enabled = false (custom)
2019-10-20 12:59:39,803 [Thread-786] INFO  impl.RoleInfo (RoleInfo.java:updateAndGet(143)) - 5432d864-00a4-4faa-be9e-870a49a37102: start LeaderElection
2019-10-20 12:59:39,803 [pool-37-thread-1] INFO  server.RaftServerConfigKeys (ConfUtils.java:logGet(43)) - raft.server.log.corruption.policy = EXCEPTION (default)
2019-10-20 12:59:39,803 [pool-59-thread-1] INFO  impl.RaftServerImpl (ServerState.java:<init>(103)) - 5432d864-00a4-4faa-be9e-870a49a37102@group-869FA492F4DF: ConfigurationManager, init=-1: [5432d864-00a4-4faa-be9e-870a49a37102:192.168.157.204:42827, 314f41d3-e6bb-4e9d-a30b-79c862990eb1:192.168.157.204:38880, 12b54cff-467e-45e9-ac2a-409cdcf2b905:192.168.157.204:40598], old=null, confs=<EMPTY_MAP>
2019-10-20 12:59:39,805 [pool-59-thread-1] INFO  server.RaftServerConfigKeys (ConfUtils.java:logGet(43)) - raft.server.storage.dir = [/workdir/hadoop-ozone/integration-test/target/test-dir/MiniOzoneClusterImpl-6483733d-4f93-4870-817e-1c1dc2569cfd/datanode-2/data/ratis] (custom)
2019-10-20 12:59:39,805 [pool-37-thread-1] INFO  storage.RaftStorageDirectory (RaftStorageDirectory.java:analyzeStorage(246)) - The storage directory /workdir/hadoop-ozone/integration-test/target/test-dir/MiniOzoneClusterImpl-6483733d-4f93-4870-817e-1c1dc2569cfd/datanode-1/data/ratis/e04346b3-867d-418a-85b6-869fa492f4df does not exist. Creating ...
2019-10-20 12:59:39,805 [pool-59-thread-1] INFO  server.RaftServerConfigKeys (ConfUtils.java:logGet(43)) - raft.server.log.corruption.policy = EXCEPTION (default)
2019-10-20 12:59:39,805 [pool-59-thread-1] INFO  storage.RaftStorageDirectory (RaftStorageDirectory.java:analyzeStorage(246)) - The storage directory /workdir/hadoop-ozone/integration-test/target/test-dir/MiniOzoneClusterImpl-6483733d-4f93-4870-817e-1c1dc2569cfd/datanode-2/data/ratis/e04346b3-867d-418a-85b6-869fa492f4df does not exist. Creating ...
2019-10-20 12:59:39,815 [pool-59-thread-1] INFO  storage.RaftStorageDirectory (RaftStorageDirectory.java:tryLock(328)) - Lock on /workdir/hadoop-ozone/integration-test/target/test-dir/MiniOzoneClusterImpl-6483733d-4f93-4870-817e-1c1dc2569cfd/datanode-2/data/ratis/e04346b3-867d-418a-85b6-869fa492f4df/in_use.lock acquired by nodename 28877@pr-hdds-2337-fjsvx-2218173377
2019-10-20 12:59:39,815 [pool-27-thread-1] INFO  storage.RaftStorageDirectory (RaftStorageDirectory.java:tryLock(328)) - Lock on /workdir/hadoop-ozone/integration-test/target/test-dir/MiniOzoneClusterImpl-6483733d-4f93-4870-817e-1c1dc2569cfd/datanode-0/data/ratis/e04346b3-867d-418a-85b6-869fa492f4df/in_use.lock acquired by nodename 28877@pr-hdds-2337-fjsvx-2218173377
2019-10-20 12:59:39,815 [pool-37-thread-1] INFO  storage.RaftStorageDirectory (RaftStorageDirectory.java:tryLock(328)) - Lock on /workdir/hadoop-ozone/integration-test/target/test-dir/MiniOzoneClusterImpl-6483733d-4f93-4870-817e-1c1dc2569cfd/datanode-1/data/ratis/e04346b3-867d-418a-85b6-869fa492f4df/in_use.lock acquired by nodename 28877@pr-hdds-2337-fjsvx-2218173377
2019-10-20 12:59:39,815 [5432d864-00a4-4faa-be9e-870a49a37102@group-00E61456F5F8-LeaderElection37] INFO  impl.LeaderElection (LeaderElection.java:askForVotes(178)) - 5432d864-00a4-4faa-be9e-870a49a37102@group-00E61456F5F8-LeaderElection37: begin an election at term 1 for -1: [5432d864-00a4-4faa-be9e-870a49a37102:192.168.157.204:42827], old=null
2019-10-20 12:59:39,815 [5432d864-00a4-4faa-be9e-870a49a37102@group-00E61456F5F8-LeaderElection37] INFO  impl.RoleInfo (RoleInfo.java:shutdownLeaderElection(134)) - 5432d864-00a4-4faa-be9e-870a49a37102: shutdown LeaderElection
2019-10-20 12:59:39,815 [5432d864-00a4-4faa-be9e-870a49a37102@group-00E61456F5F8-LeaderElection37] INFO  impl.RaftServerImpl (RaftServerImpl.java:setRole(184)) - 5432d864-00a4-4faa-be9e-870a49a37102@group-00E61456F5F8: changes role from CANDIDATE to LEADER at term 1 for changeToLeader
2019-10-20 12:59:39,815 [5432d864-00a4-4faa-be9e-870a49a37102@group-00E61456F5F8-LeaderElection37] INFO  impl.RaftServerImpl (ServerState.java:setLeader(256)) - 5432d864-00a4-4faa-be9e-870a49a37102@group-00E61456F5F8: change Leader from null to 5432d864-00a4-4faa-be9e-870a49a37102 at term 1 for becomeLeader, leader elected after 35ms
2019-10-20 12:59:39,815 [5432d864-00a4-4faa-be9e-870a49a37102@group-00E61456F5F8-LeaderElection37] INFO  server.RaftServerConfigKeys (ConfUtils.java:logGet(43)) - raft.server.staging.catchup.gap = 1000 (default)
2019-10-20 12:59:39,815 [5432d864-00a4-4faa-be9e-870a49a37102@group-00E61456F5F8-LeaderElection37] INFO  server.RaftServerConfigKeys (ConfUtils.java:logGet(43)) - raft.server.rpc.sleep.time = 25ms (default)
2019-10-20 12:59:39,816 [5432d864-00a4-4faa-be9e-870a49a37102@group-00E61456F5F8-LeaderElection37] INFO  server.RaftServerConfigKeys (ConfUtils.java:logGet(43)) - raft.server.write.element-limit = 4096 (default)
2019-10-20 12:59:39,816 [5432d864-00a4-4faa-be9e-870a49a37102@group-00E61456F5F8-LeaderElection37] INFO  server.RaftServerConfigKeys (ConfUtils.java:logGet(43)) - raft.server.watch.timeout = 10s (default)
2019-10-20 12:59:39,816 [5432d864-00a4-4faa-be9e-870a49a37102@group-00E61456F5F8-LeaderElection37] INFO  server.RaftServerConfigKeys (ConfUtils.java:logGet(43)) - raft.server.watch.timeout.denomination = 1s (default)
2019-10-20 12:59:39,816 [5432d864-00a4-4faa-be9e-870a49a37102@group-00E61456F5F8-LeaderElection37] INFO  server.RaftServerConfigKeys (ConfUtils.java:logGet(43)) - raft.server.watch.element-limit = 65536 (default)
2019-10-20 12:59:39,817 [5432d864-00a4-4faa-be9e-870a49a37102@group-00E61456F5F8-LeaderElection37] INFO  impl.RoleInfo (RoleInfo.java:updateAndGet(143)) - 5432d864-00a4-4faa-be9e-870a49a37102: start LeaderState
2019-10-20 12:59:39,818 [5432d864-00a4-4faa-be9e-870a49a37102@group-00E61456F5F8-LeaderElection37] INFO  segmented.SegmentedRaftLogWorker (SegmentedRaftLogWorker.java:startLogSegment(385)) - 5432d864-00a4-4faa-be9e-870a49a37102@group-00E61456F5F8-SegmentedRaftLogWorker: Starting segment from index:0
2019-10-20 12:59:39,818 [5432d864-00a4-4faa-be9e-870a49a37102@group-00E61456F5F8-LeaderElection37] INFO  impl.RaftServerImpl (ServerState.java:setRaftConf(357)) - 5432d864-00a4-4faa-be9e-870a49a37102@group-00E61456F5F8: set configuration 0: [5432d864-00a4-4faa-be9e-870a49a37102:192.168.157.204:42827], old=null at 0
2019-10-20 12:59:39,828 [pool-59-thread-1] INFO  storage.RaftStorage (RaftStorage.java:format(84)) - Storage directory /workdir/hadoop-ozone/integration-test/target/test-dir/MiniOzoneClusterImpl-6483733d-4f93-4870-817e-1c1dc2569cfd/datanode-2/data/ratis/e04346b3-867d-418a-85b6-869fa492f4df has been successfully formatted.
2019-10-20 12:59:39,828 [pool-37-thread-1] INFO  storage.RaftStorage (RaftStorage.java:format(84)) - Storage directory /workdir/hadoop-ozone/integration-test/target/test-dir/MiniOzoneClusterImpl-6483733d-4f93-4870-817e-1c1dc2569cfd/datanode-1/data/ratis/e04346b3-867d-418a-85b6-869fa492f4df has been successfully formatted.
2019-10-20 12:59:39,828 [pool-27-thread-1] INFO  storage.RaftStorage (RaftStorage.java:format(84)) - Storage directory /workdir/hadoop-ozone/integration-test/target/test-dir/MiniOzoneClusterImpl-6483733d-4f93-4870-817e-1c1dc2569cfd/datanode-0/data/ratis/e04346b3-867d-418a-85b6-869fa492f4df has been successfully formatted.
2019-10-20 12:59:39,828 [pool-59-thread-1] INFO  ratis.ContainerStateMachine (ContainerStateMachine.java:loadSnapshot(231)) - group-869FA492F4DF: The snapshot info is null. Setting the last applied indexto:(t:0, i:~)
2019-10-20 12:59:39,828 [pool-37-thread-1] INFO  ratis.ContainerStateMachine (ContainerStateMachine.java:loadSnapshot(231)) - group-869FA492F4DF: The snapshot info is null. Setting the last applied indexto:(t:0, i:~)
2019-10-20 12:59:39,828 [pool-59-thread-1] INFO  server.RaftServerConfigKeys (ConfUtils.java:logGet(43)) - raft.server.notification.no-leader.timeout = 1000s (custom)
2019-10-20 12:59:39,829 [pool-37-thread-1] INFO  server.RaftServerConfigKeys (ConfUtils.java:logGet(43)) - raft.server.notification.no-leader.timeout = 1000s (custom)
2019-10-20 12:59:39,828 [pool-27-thread-1] INFO  ratis.ContainerStateMachine (ContainerStateMachine.java:loadSnapshot(231)) - group-869FA492F4DF: The snapshot info is null. Setting the last applied indexto:(t:0, i:~)
2019-10-20 12:59:39,829 [pool-37-thread-1] INFO  server.RaftServerConfigKeys (ConfUtils.java:logGet(43)) - raft.server.log.use.memory = false (default)
2019-10-20 12:59:39,829 [pool-59-thread-1] INFO  server.RaftServerConfigKeys (ConfUtils.java:logGet(43)) - raft.server.log.use.memory = false (default)
2019-10-20 12:59:39,829 [pool-37-thread-1] INFO  server.RaftServerConfigKeys (ConfUtils.java:logGet(43)) - raft.server.log.purge.gap = 1000000 (custom)
2019-10-20 12:59:39,829 [pool-27-thread-1] INFO  server.RaftServerConfigKeys (ConfUtils.java:logGet(43)) - raft.server.notification.no-leader.timeout = 1000s (custom)
2019-10-20 12:59:39,829 [pool-37-thread-1] INFO  server.RaftServerConfigKeys (ConfUtils.java:logGet(43)) - raft.server.log.appender.buffer.byte-limit = 33554432 (custom)
2019-10-20 12:59:39,829 [pool-59-thread-1] INFO  server.RaftServerConfigKeys (ConfUtils.java:logGet(43)) - raft.server.log.purge.gap = 1000000 (custom)
2019-10-20 12:59:39,829 [pool-37-thread-1] INFO  server.RaftServerConfigKeys (ConfUtils.java:logGet(43)) - raft.server.log.segment.size.max = 1048576 (custom)
2019-10-20 12:59:39,829 [pool-27-thread-1] INFO  server.RaftServerConfigKeys (ConfUtils.java:logGet(43)) - raft.server.log.use.memory = false (default)
2019-10-20 12:59:39,830 [pool-37-thread-1] INFO  server.RaftServerConfigKeys (ConfUtils.java:logGet(43)) - raft.server.log.segment.cache.num.max = 2 (custom)
2019-10-20 12:59:39,829 [pool-59-thread-1] INFO  server.RaftServerConfigKeys (ConfUtils.java:logGet(43)) - raft.server.log.appender.buffer.byte-limit = 33554432 (custom)
2019-10-20 12:59:39,830 [pool-37-thread-1] INFO  segmented.SegmentedRaftLogWorker (SegmentedRaftLogWorker.java:<init>(173)) - new 314f41d3-e6bb-4e9d-a30b-79c862990eb1@group-869FA492F4DF-SegmentedRaftLogWorker for RaftStorage:Storage Directory /workdir/hadoop-ozone/integration-test/target/test-dir/MiniOzoneClusterImpl-6483733d-4f93-4870-817e-1c1dc2569cfd/datanode-1/data/ratis/e04346b3-867d-418a-85b6-869fa492f4df
2019-10-20 12:59:39,830 [pool-27-thread-1] INFO  server.RaftServerConfigKeys (ConfUtils.java:logGet(43)) - raft.server.log.purge.gap = 1000000 (custom)
2019-10-20 12:59:39,830 [pool-37-thread-1] INFO  server.RaftServerConfigKeys (ConfUtils.java:logGet(43)) - raft.server.log.queue.byte-limit = 2147483647 (custom)
2019-10-20 12:59:39,830 [pool-59-thread-1] INFO  server.RaftServerConfigKeys (ConfUtils.java:logGet(43)) - raft.server.log.segment.size.max = 1048576 (custom)
2019-10-20 12:59:39,830 [pool-37-thread-1] INFO  server.RaftServerConfigKeys (ConfUtils.java:logGet(43)) - raft.server.log.queue.element-limit = 1024 (custom)
2019-10-20 12:59:39,830 [pool-27-thread-1] INFO  server.RaftServerConfigKeys (ConfUtils.java:logGet(43)) - raft.server.log.appender.buffer.byte-limit = 33554432 (custom)
2019-10-20 12:59:39,830 [pool-37-thread-1] INFO  server.RaftServerConfigKeys (ConfUtils.java:logGet(43)) - raft.server.log.segment.size.max = 1048576 (custom)
2019-10-20 12:59:39,830 [pool-59-thread-1] INFO  server.RaftServerConfigKeys (ConfUtils.java:logGet(43)) - raft.server.log.segment.cache.num.max = 2 (custom)
2019-10-20 12:59:39,830 [pool-37-thread-1] INFO  server.RaftServerConfigKeys (ConfUtils.java:logGet(43)) - raft.server.log.preallocated.size = 16384 (custom)
2019-10-20 12:59:39,830 [pool-27-thread-1] INFO  server.RaftServerConfigKeys (ConfUtils.java:logGet(43)) - raft.server.log.segment.size.max = 1048576 (custom)
2019-10-20 12:59:39,831 [pool-37-thread-1] INFO  server.RaftServerConfigKeys (ConfUtils.java:logGet(43)) - raft.server.log.write.buffer.size = 33554432 (custom)
2019-10-20 12:59:39,831 [pool-59-thread-1] INFO  segmented.SegmentedRaftLogWorker (SegmentedRaftLogWorker.java:<init>(173)) - new 5432d864-00a4-4faa-be9e-870a49a37102@group-869FA492F4DF-SegmentedRaftLogWorker for RaftStorage:Storage Directory /workdir/hadoop-ozone/integration-test/target/test-dir/MiniOzoneClusterImpl-6483733d-4f93-4870-817e-1c1dc2569cfd/datanode-2/data/ratis/e04346b3-867d-418a-85b6-869fa492f4df
2019-10-20 12:59:39,831 [pool-37-thread-1] INFO  server.RaftServerConfigKeys (ConfUtils.java:logGet(43)) - raft.server.log.force.sync.num = 128 (default)
2019-10-20 12:59:39,831 [pool-27-thread-1] INFO  server.RaftServerConfigKeys (ConfUtils.java:logGet(43)) - raft.server.log.segment.cache.num.max = 2 (custom)
2019-10-20 12:59:39,831 [pool-37-thread-1] INFO  server.RaftServerConfigKeys (ConfUtils.java:logGet(43)) - raft.server.log.statemachine.data.sync = true (default)
2019-10-20 12:59:39,831 [pool-59-thread-1] INFO  server.RaftServerConfigKeys (ConfUtils.java:logGet(43)) - raft.server.log.queue.byte-limit = 2147483647 (custom)
2019-10-20 12:59:39,831 [pool-37-thread-1] INFO  server.RaftServerConfigKeys (ConfUtils.java:logGet(43)) - raft.server.log.statemachine.data.sync.timeout = 10s (default)
2019-10-20 12:59:39,831 [pool-27-thread-1] INFO  segmented.SegmentedRaftLogWorker (SegmentedRaftLogWorker.java:<init>(173)) - new 12b54cff-467e-45e9-ac2a-409cdcf2b905@group-869FA492F4DF-SegmentedRaftLogWorker for RaftStorage:Storage Directory /workdir/hadoop-ozone/integration-test/target/test-dir/MiniOzoneClusterImpl-6483733d-4f93-4870-817e-1c1dc2569cfd/datanode-0/data/ratis/e04346b3-867d-418a-85b6-869fa492f4df
2019-10-20 12:59:39,832 [pool-37-thread-1] INFO  server.RaftServerConfigKeys (ConfUtils.java:logGet(43)) - raft.server.log.statemachine.data.sync.timeout.retry = -1 (default)
2019-10-20 12:59:39,831 [pool-59-thread-1] INFO  server.RaftServerConfigKeys (ConfUtils.java:logGet(43)) - raft.server.log.queue.element-limit = 1024 (custom)
2019-10-20 12:59:39,832 [pool-27-thread-1] INFO  server.RaftServerConfigKeys (ConfUtils.java:logGet(43)) - raft.server.log.queue.byte-limit = 2147483647 (custom)
2019-10-20 12:59:39,832 [pool-59-thread-1] INFO  server.RaftServerConfigKeys (ConfUtils.java:logGet(43)) - raft.server.log.segment.size.max = 1048576 (custom)
2019-10-20 12:59:39,832 [pool-37-thread-1] INFO  server.RaftServerConfigKeys (ConfUtils.java:logGet(43)) - raft.server.log.statemachine.data.caching.enabled = true (custom)
2019-10-20 12:59:39,832 [pool-59-thread-1] INFO  server.RaftServerConfigKeys (ConfUtils.java:logGet(43)) - raft.server.log.preallocated.size = 16384 (custom)
2019-10-20 12:59:39,832 [pool-27-thread-1] INFO  server.RaftServerConfigKeys (ConfUtils.java:logGet(43)) - raft.server.log.queue.element-limit = 1024 (custom)
2019-10-20 12:59:39,832 [pool-59-thread-1] INFO  server.RaftServerConfigKeys (ConfUtils.java:logGet(43)) - raft.server.log.write.buffer.size = 33554432 (custom)
2019-10-20 12:59:39,832 [pool-27-thread-1] INFO  server.RaftServerConfigKeys (ConfUtils.java:logGet(43)) - raft.server.log.segment.size.max = 1048576 (custom)
2019-10-20 12:59:39,832 [pool-37-thread-1] INFO  segmented.SegmentedRaftLogWorker (SegmentedRaftLogWorker.java:lambda$new$0(128)) - 314f41d3-e6bb-4e9d-a30b-79c862990eb1@group-869FA492F4DF-SegmentedRaftLogWorker: flushIndex: setUnconditionally 0 -> -1
2019-10-20 12:59:39,833 [pool-27-thread-1] INFO  server.RaftServerConfigKeys (ConfUtils.java:logGet(43)) - raft.server.log.preallocated.size = 16384 (custom)
2019-10-20 12:59:39,832 [pool-59-thread-1] INFO  server.RaftServerConfigKeys (ConfUtils.java:logGet(43)) - raft.server.log.force.sync.num = 128 (default)
2019-10-20 12:59:39,833 [pool-37-thread-1] INFO  server.RaftServerConfigKeys (ConfUtils.java:logGet(43)) - raft.server.snapshot.auto.trigger.enabled = true (custom)
2019-10-20 12:59:39,833 [pool-27-thread-1] INFO  server.RaftServerConfigKeys (ConfUtils.java:logGet(43)) - raft.server.log.write.buffer.size = 33554432 (custom)
2019-10-20 12:59:39,833 [pool-37-thread-1] INFO  server.RaftServerConfigKeys (ConfUtils.java:logGet(43)) - raft.server.snapshot.auto.trigger.threshold = 10000 (custom)
2019-10-20 12:59:39,833 [pool-37-thread-1] INFO  server.RaftServerConfigKeys (ConfUtils.java:logGet(43)) - raft.server.snapshot.retention.file.num = 5 (custom)
2019-10-20 12:59:39,833 [pool-59-thread-1] INFO  server.RaftServerConfigKeys (ConfUtils.java:logGet(43)) - raft.server.log.statemachine.data.sync = true (default)
2019-10-20 12:59:39,833 [pool-37-thread-1] INFO  server.RaftServerConfigKeys (ConfUtils.java:logGet(43)) - raft.server.retrycache.expirytime = 600000ms (custom)
2019-10-20 12:59:39,833 [pool-27-thread-1] INFO  server.RaftServerConfigKeys (ConfUtils.java:logGet(43)) - raft.server.log.force.sync.num = 128 (default)
2019-10-20 12:59:39,833 [pool-59-thread-1] INFO  server.RaftServerConfigKeys (ConfUtils.java:logGet(43)) - raft.server.log.statemachine.data.sync.timeout = 10s (default)
2019-10-20 12:59:39,834 [pool-27-thread-1] INFO  server.RaftServerConfigKeys (ConfUtils.java:logGet(43)) - raft.server.log.statemachine.data.sync = true (default)
2019-10-20 12:59:39,834 [pool-59-thread-1] INFO  server.RaftServerConfigKeys (ConfUtils.java:logGet(43)) - raft.server.log.statemachine.data.sync.timeout.retry = -1 (default)
2019-10-20 12:59:39,834 [pool-27-thread-1] INFO  server.RaftServerConfigKeys (ConfUtils.java:logGet(43)) - raft.server.log.statemachine.data.sync.timeout = 10s (default)
2019-10-20 12:59:39,834 [pool-59-thread-1] INFO  server.RaftServerConfigKeys (ConfUtils.java:logGet(43)) - raft.server.log.statemachine.data.caching.enabled = true (custom)
2019-10-20 12:59:39,834 [pool-27-thread-1] INFO  server.RaftServerConfigKeys (ConfUtils.java:logGet(43)) - raft.server.log.statemachine.data.sync.timeout.retry = -1 (default)
2019-10-20 12:59:39,834 [pool-27-thread-1] INFO  server.RaftServerConfigKeys (ConfUtils.java:logGet(43)) - raft.server.log.statemachine.data.caching.enabled = true (custom)
2019-10-20 12:59:39,834 [pool-59-thread-1] INFO  segmented.SegmentedRaftLogWorker (SegmentedRaftLogWorker.java:lambda$new$0(128)) - 5432d864-00a4-4faa-be9e-870a49a37102@group-869FA492F4DF-SegmentedRaftLogWorker: flushIndex: setUnconditionally 0 -> -1
2019-10-20 12:59:39,834 [pool-27-thread-1] INFO  segmented.SegmentedRaftLogWorker (SegmentedRaftLogWorker.java:lambda$new$0(128)) - 12b54cff-467e-45e9-ac2a-409cdcf2b905@group-869FA492F4DF-SegmentedRaftLogWorker: flushIndex: setUnconditionally 0 -> -1
2019-10-20 12:59:39,835 [pool-59-thread-1] INFO  server.RaftServerConfigKeys (ConfUtils.java:logGet(43)) - raft.server.snapshot.auto.trigger.enabled = true (custom)
2019-10-20 12:59:39,835 [pool-27-thread-1] INFO  server.RaftServerConfigKeys (ConfUtils.java:logGet(43)) - raft.server.snapshot.auto.trigger.enabled = true (custom)
2019-10-20 12:59:39,835 [pool-59-thread-1] INFO  server.RaftServerConfigKeys (ConfUtils.java:logGet(43)) - raft.server.snapshot.auto.trigger.threshold = 10000 (custom)
2019-10-20 12:59:39,835 [pool-27-thread-1] INFO  server.RaftServerConfigKeys (ConfUtils.java:logGet(43)) - raft.server.snapshot.auto.trigger.threshold = 10000 (custom)
2019-10-20 12:59:39,835 [pool-59-thread-1] INFO  server.RaftServerConfigKeys (ConfUtils.java:logGet(43)) - raft.server.snapshot.retention.file.num = 5 (custom)
2019-10-20 12:59:39,835 [pool-27-thread-1] INFO  server.RaftServerConfigKeys (ConfUtils.java:logGet(43)) - raft.server.snapshot.retention.file.num = 5 (custom)
2019-10-20 12:59:39,835 [pool-59-thread-1] INFO  server.RaftServerConfigKeys (ConfUtils.java:logGet(43)) - raft.server.retrycache.expirytime = 600000ms (custom)
2019-10-20 12:59:39,835 [pool-27-thread-1] INFO  server.RaftServerConfigKeys (ConfUtils.java:logGet(43)) - raft.server.retrycache.expirytime = 600000ms (custom)
2019-10-20 12:59:39,836 [pool-37-thread-1] INFO  impl.RaftServerImpl (RaftServerImpl.java:start(195)) - 314f41d3-e6bb-4e9d-a30b-79c862990eb1@group-869FA492F4DF: start as a follower, conf=-1: [5432d864-00a4-4faa-be9e-870a49a37102:192.168.157.204:42827, 314f41d3-e6bb-4e9d-a30b-79c862990eb1:192.168.157.204:38880, 12b54cff-467e-45e9-ac2a-409cdcf2b905:192.168.157.204:40598], old=null
2019-10-20 12:59:39,836 [pool-37-thread-1] INFO  impl.RaftServerImpl (RaftServerImpl.java:setRole(184)) - 314f41d3-e6bb-4e9d-a30b-79c862990eb1@group-869FA492F4DF: changes role from      null to FOLLOWER at term 0 for startAsFollower
2019-10-20 12:59:39,836 [pool-37-thread-1] INFO  impl.RoleInfo (RoleInfo.java:updateAndGet(143)) - 314f41d3-e6bb-4e9d-a30b-79c862990eb1: start FollowerState
2019-10-20 12:59:39,837 [pool-37-thread-1] INFO  util.JmxRegister (JmxRegister.java:tryRegister(44)) - Successfully registered JMX Bean with object name Ratis:service=RaftServer,group=group-869FA492F4DF,id=314f41d3-e6bb-4e9d-a30b-79c862990eb1
2019-10-20 12:59:39,838 [pool-59-thread-1] INFO  impl.RaftServerImpl (RaftServerImpl.java:start(195)) - 5432d864-00a4-4faa-be9e-870a49a37102@group-869FA492F4DF: start as a follower, conf=-1: [5432d864-00a4-4faa-be9e-870a49a37102:192.168.157.204:42827, 314f41d3-e6bb-4e9d-a30b-79c862990eb1:192.168.157.204:38880, 12b54cff-467e-45e9-ac2a-409cdcf2b905:192.168.157.204:40598], old=null
2019-10-20 12:59:39,838 [pool-59-thread-1] INFO  impl.RaftServerImpl (RaftServerImpl.java:setRole(184)) - 5432d864-00a4-4faa-be9e-870a49a37102@group-869FA492F4DF: changes role from      null to FOLLOWER at term 0 for startAsFollower
2019-10-20 12:59:39,838 [pool-59-thread-1] INFO  impl.RoleInfo (RoleInfo.java:updateAndGet(143)) - 5432d864-00a4-4faa-be9e-870a49a37102: start FollowerState
2019-10-20 12:59:39,838 [pool-27-thread-1] INFO  impl.RaftServerImpl (RaftServerImpl.java:start(195)) - 12b54cff-467e-45e9-ac2a-409cdcf2b905@group-869FA492F4DF: start as a follower, conf=-1: [5432d864-00a4-4faa-be9e-870a49a37102:192.168.157.204:42827, 314f41d3-e6bb-4e9d-a30b-79c862990eb1:192.168.157.204:38880, 12b54cff-467e-45e9-ac2a-409cdcf2b905:192.168.157.204:40598], old=null
2019-10-20 12:59:39,838 [pool-27-thread-1] INFO  impl.RaftServerImpl (RaftServerImpl.java:setRole(184)) - 12b54cff-467e-45e9-ac2a-409cdcf2b905@group-869FA492F4DF: changes role from      null to FOLLOWER at term 0 for startAsFollower
2019-10-20 12:59:39,839 [pool-27-thread-1] INFO  impl.RoleInfo (RoleInfo.java:updateAndGet(143)) - 12b54cff-467e-45e9-ac2a-409cdcf2b905: start FollowerState
2019-10-20 12:59:39,839 [pool-59-thread-1] INFO  util.JmxRegister (JmxRegister.java:tryRegister(44)) - Successfully registered JMX Bean with object name Ratis:service=RaftServer,group=group-869FA492F4DF,id=5432d864-00a4-4faa-be9e-870a49a37102
2019-10-20 12:59:39,839 [pool-27-thread-1] INFO  util.JmxRegister (JmxRegister.java:tryRegister(44)) - Successfully registered JMX Bean with object name Ratis:service=RaftServer,group=group-869FA492F4DF,id=12b54cff-467e-45e9-ac2a-409cdcf2b905
2019-10-20 12:59:39,848 [RatisPipelineUtilsThread] INFO  pipeline.PipelineStateManager (PipelineStateManager.java:addPipeline(56)) - Created pipeline Pipeline[ Id: e04346b3-867d-418a-85b6-869fa492f4df, Nodes: 314f41d3-e6bb-4e9d-a30b-79c862990eb1{ip: 192.168.157.204, host: pr-hdds-2337-fjsvx-2218173377, networkLocation: /default-rack, certSerialId: null}12b54cff-467e-45e9-ac2a-409cdcf2b905{ip: 192.168.157.204, host: pr-hdds-2337-fjsvx-2218173377, networkLocation: /default-rack, certSerialId: null}5432d864-00a4-4faa-be9e-870a49a37102{ip: 192.168.157.204, host: pr-hdds-2337-fjsvx-2218173377, networkLocation: /default-rack, certSerialId: null}, Type:RATIS, Factor:THREE, State:OPEN]
2019-10-20 12:59:39,854 [Thread-788] INFO  impl.FollowerState (FollowerState.java:run(108)) - 5432d864-00a4-4faa-be9e-870a49a37102@group-40D367ECEF96-FollowerState: change to CANDIDATE, lastRpcTime:55ms, electionTimeout:55ms
2019-10-20 12:59:39,854 [Thread-788] INFO  impl.RoleInfo (RoleInfo.java:shutdownFollowerState(121)) - 5432d864-00a4-4faa-be9e-870a49a37102: shutdown FollowerState
2019-10-20 12:59:39,855 [Thread-788] INFO  impl.RaftServerImpl (RaftServerImpl.java:setRole(184)) - 5432d864-00a4-4faa-be9e-870a49a37102@group-40D367ECEF96: changes role from  FOLLOWER to CANDIDATE at term 38 for changeToCandidate
2019-10-20 12:59:39,855 [Thread-788] INFO  impl.RoleInfo (RoleInfo.java:updateAndGet(143)) - 5432d864-00a4-4faa-be9e-870a49a37102: start LeaderElection
2019-10-20 12:59:39,855 [5432d864-00a4-4faa-be9e-870a49a37102@group-00E61456F5F8-SegmentedRaftLogWorker] INFO  segmented.SegmentedRaftLogWorker (SegmentedRaftLogWorker.java:execute(576)) - 5432d864-00a4-4faa-be9e-870a49a37102@group-00E61456F5F8-SegmentedRaftLogWorker: created new log segment /workdir/hadoop-ozone/integration-test/target/test-dir/MiniOzoneClusterImpl-6483733d-4f93-4870-817e-1c1dc2569cfd/datanode-2/data/ratis/e3e743bc-8aeb-4cdc-aa56-00e61456f5f8/current/log_inprogress_0
2019-10-20 12:59:39,858 [5432d864-00a4-4faa-be9e-870a49a37102@group-40D367ECEF96-LeaderElection38] INFO  impl.LeaderElection (LeaderElection.java:askForVotes(178)) - 5432d864-00a4-4faa-be9e-870a49a37102@group-40D367ECEF96-LeaderElection38: begin an election at term 39 for 0: [5432d864-00a4-4faa-be9e-870a49a37102:192.168.157.204:42827, 314f41d3-e6bb-4e9d-a30b-79c862990eb1:192.168.157.204:38880, 12b54cff-467e-45e9-ac2a-409cdcf2b905:192.168.157.204:40598], old=null
2019-10-20 12:59:39,860 [grpc-default-executor-1] INFO  impl.RaftServerImpl (RaftServerImpl.java:setRole(184)) - 314f41d3-e6bb-4e9d-a30b-79c862990eb1@group-40D367ECEF96: changes role from  FOLLOWER to FOLLOWER at term 39 for recognizeCandidate:5432d864-00a4-4faa-be9e-870a49a37102
2019-10-20 12:59:39,860 [grpc-default-executor-1] INFO  impl.RoleInfo (RoleInfo.java:shutdownFollowerState(121)) - 314f41d3-e6bb-4e9d-a30b-79c862990eb1: shutdown FollowerState
2019-10-20 12:59:39,860 [grpc-default-executor-3] INFO  impl.RaftServerImpl (RaftServerImpl.java:setRole(184)) - 12b54cff-467e-45e9-ac2a-409cdcf2b905@group-40D367ECEF96: changes role from  FOLLOWER to FOLLOWER at term 39 for recognizeCandidate:5432d864-00a4-4faa-be9e-870a49a37102
2019-10-20 12:59:39,860 [grpc-default-executor-1] INFO  impl.RoleInfo (RoleInfo.java:updateAndGet(143)) - 314f41d3-e6bb-4e9d-a30b-79c862990eb1: start FollowerState
2019-10-20 12:59:39,860 [Thread-784] INFO  impl.FollowerState (FollowerState.java:run(117)) - 314f41d3-e6bb-4e9d-a30b-79c862990eb1@group-40D367ECEF96-FollowerState was interrupted: java.lang.InterruptedException: sleep interrupted
2019-10-20 12:59:39,860 [grpc-default-executor-3] INFO  impl.RoleInfo (RoleInfo.java:shutdownFollowerState(121)) - 12b54cff-467e-45e9-ac2a-409cdcf2b905: shutdown FollowerState
2019-10-20 12:59:39,860 [Thread-785] INFO  impl.FollowerState (FollowerState.java:run(117)) - 12b54cff-467e-45e9-ac2a-409cdcf2b905@group-40D367ECEF96-FollowerState was interrupted: java.lang.InterruptedException: sleep interrupted
2019-10-20 12:59:39,860 [grpc-default-executor-3] INFO  impl.RoleInfo (RoleInfo.java:updateAndGet(143)) - 12b54cff-467e-45e9-ac2a-409cdcf2b905: start FollowerState
2019-10-20 12:59:39,874 [5432d864-00a4-4faa-be9e-870a49a37102@group-40D367ECEF96-LeaderElection38] INFO  impl.LeaderElection (LeaderElection.java:logAndReturn(56)) - 5432d864-00a4-4faa-be9e-870a49a37102@group-40D367ECEF96-LeaderElection38: Election REJECTED; received 2 response(s) [5432d864-00a4-4faa-be9e-870a49a37102<-12b54cff-467e-45e9-ac2a-409cdcf2b905#0:FAIL-t39, 5432d864-00a4-4faa-be9e-870a49a37102<-314f41d3-e6bb-4e9d-a30b-79c862990eb1#0:FAIL-t39] and 0 exception(s); 5432d864-00a4-4faa-be9e-870a49a37102@group-40D367ECEF96:t39, leader=null, voted=5432d864-00a4-4faa-be9e-870a49a37102, raftlog=5432d864-00a4-4faa-be9e-870a49a37102@group-40D367ECEF96-SegmentedRaftLog:OPENED:c3,f4,i4, conf=0: [5432d864-00a4-4faa-be9e-870a49a37102:192.168.157.204:42827, 314f41d3-e6bb-4e9d-a30b-79c862990eb1:192.168.157.204:38880, 12b54cff-467e-45e9-ac2a-409cdcf2b905:192.168.157.204:40598], old=null
2019-10-20 12:59:39,874 [5432d864-00a4-4faa-be9e-870a49a37102@group-40D367ECEF96-LeaderElection38] INFO  impl.RaftServerImpl (RaftServerImpl.java:setRole(184)) - 5432d864-00a4-4faa-be9e-870a49a37102@group-40D367ECEF96: changes role from CANDIDATE to FOLLOWER at term 39 for DISCOVERED_A_NEW_TERM
2019-10-20 12:59:39,875 [5432d864-00a4-4faa-be9e-870a49a37102@group-40D367ECEF96-LeaderElection38] INFO  impl.RoleInfo (RoleInfo.java:shutdownLeaderElection(134)) - 5432d864-00a4-4faa-be9e-870a49a37102: shutdown LeaderElection
2019-10-20 12:59:39,875 [5432d864-00a4-4faa-be9e-870a49a37102@group-40D367ECEF96-LeaderElection38] INFO  impl.RoleInfo (RoleInfo.java:updateAndGet(143)) - 5432d864-00a4-4faa-be9e-870a49a37102: start FollowerState
2019-10-20 12:59:39,894 [EventQueue-PendingDeleteStatusForPendingDeleteHandler] INFO  block.SCMBlockDeletingService (SCMBlockDeletingService.java:handlePendingDeletes(115)) - Block deletion txnID mismatch in datanode 5432d864-00a4-4faa-be9e-870a49a37102 for containerID 1. Datanode delete txnID: 0, SCM txnID: 1
2019-10-20 12:59:39,922 [Thread-795] INFO  impl.FollowerState (FollowerState.java:run(108)) - 5432d864-00a4-4faa-be9e-870a49a37102@group-869FA492F4DF-FollowerState: change to CANDIDATE, lastRpcTime:83ms, electionTimeout:83ms
2019-10-20 12:59:39,922 [Thread-795] INFO  impl.RoleInfo (RoleInfo.java:shutdownFollowerState(121)) - 5432d864-00a4-4faa-be9e-870a49a37102: shutdown FollowerState
2019-10-20 12:59:39,922 [Thread-795] INFO  impl.RaftServerImpl (RaftServerImpl.java:setRole(184)) - 5432d864-00a4-4faa-be9e-870a49a37102@group-869FA492F4DF: changes role from  FOLLOWER to CANDIDATE at term 0 for changeToCandidate
2019-10-20 12:59:39,922 [Thread-795] INFO  impl.RoleInfo (RoleInfo.java:updateAndGet(143)) - 5432d864-00a4-4faa-be9e-870a49a37102: start LeaderElection
2019-10-20 12:59:39,928 [Thread-805] INFO  impl.FollowerState (FollowerState.java:run(108)) - 5432d864-00a4-4faa-be9e-870a49a37102@group-40D367ECEF96-FollowerState: change to CANDIDATE, lastRpcTime:53ms, electionTimeout:53ms
2019-10-20 12:59:39,928 [Thread-805] INFO  impl.RoleInfo (RoleInfo.java:shutdownFollowerState(121)) - 5432d864-00a4-4faa-be9e-870a49a37102: shutdown FollowerState
2019-10-20 12:59:39,928 [Thread-805] INFO  impl.RaftServerImpl (RaftServerImpl.java:setRole(184)) - 5432d864-00a4-4faa-be9e-870a49a37102@group-40D367ECEF96: changes role from  FOLLOWER to CANDIDATE at term 39 for changeToCandidate
2019-10-20 12:59:39,928 [Thread-805] INFO  impl.RoleInfo (RoleInfo.java:updateAndGet(143)) - 5432d864-00a4-4faa-be9e-870a49a37102: start LeaderElection
2019-10-20 12:59:39,938 [5432d864-00a4-4faa-be9e-870a49a37102@group-40D367ECEF96-LeaderElection40] INFO  impl.LeaderElection (LeaderElection.java:askForVotes(178)) - 5432d864-00a4-4faa-be9e-870a49a37102@group-40D367ECEF96-LeaderElection40: begin an election at term 40 for 0: [5432d864-00a4-4faa-be9e-870a49a37102:192.168.157.204:42827, 314f41d3-e6bb-4e9d-a30b-79c862990eb1:192.168.157.204:38880, 12b54cff-467e-45e9-ac2a-409cdcf2b905:192.168.157.204:40598], old=null
2019-10-20 12:59:39,938 [5432d864-00a4-4faa-be9e-870a49a37102@group-869FA492F4DF-LeaderElection39] INFO  impl.LeaderElection (LeaderElection.java:askForVotes(178)) - 5432d864-00a4-4faa-be9e-870a49a37102@group-869FA492F4DF-LeaderElection39: begin an election at term 1 for -1: [5432d864-00a4-4faa-be9e-870a49a37102:192.168.157.204:42827, 314f41d3-e6bb-4e9d-a30b-79c862990eb1:192.168.157.204:38880, 12b54cff-467e-45e9-ac2a-409cdcf2b905:192.168.157.204:40598], old=null
2019-10-20 12:59:39,941 [grpc-default-executor-1] INFO  impl.RaftServerImpl (RaftServerImpl.java:setRole(184)) - 12b54cff-467e-45e9-ac2a-409cdcf2b905@group-40D367ECEF96: changes role from  FOLLOWER to FOLLOWER at term 40 for recognizeCandidate:5432d864-00a4-4faa-be9e-870a49a37102
2019-10-20 12:59:39,942 [grpc-default-executor-3] INFO  impl.RaftServerImpl (RaftServerImpl.java:setRole(184)) - 314f41d3-e6bb-4e9d-a30b-79c862990eb1@group-869FA492F4DF: changes role from  FOLLOWER to FOLLOWER at term 1 for recognizeCandidate:5432d864-00a4-4faa-be9e-870a49a37102
2019-10-20 12:59:39,942 [grpc-default-executor-7] INFO  impl.RaftServerImpl (RaftServerImpl.java:setRole(184)) - 314f41d3-e6bb-4e9d-a30b-79c862990eb1@group-40D367ECEF96: changes role from  FOLLOWER to FOLLOWER at term 40 for recognizeCandidate:5432d864-00a4-4faa-be9e-870a49a37102
2019-10-20 12:59:39,942 [grpc-default-executor-7] INFO  impl.RoleInfo (RoleInfo.java:shutdownFollowerState(121)) - 314f41d3-e6bb-4e9d-a30b-79c862990eb1: shutdown FollowerState
2019-10-20 12:59:39,942 [grpc-default-executor-1] INFO  impl.RoleInfo (RoleInfo.java:shutdownFollowerState(121)) - 12b54cff-467e-45e9-ac2a-409cdcf2b905: shutdown FollowerState
2019-10-20 12:59:39,942 [grpc-default-executor-8] INFO  impl.RaftServerImpl (RaftServerImpl.java:setRole(184)) - 12b54cff-467e-45e9-ac2a-409cdcf2b905@group-869FA492F4DF: changes role from  FOLLOWER to FOLLOWER at term 1 for recognizeCandidate:5432d864-00a4-4faa-be9e-870a49a37102
2019-10-20 12:59:39,942 [grpc-default-executor-1] INFO  impl.RoleInfo (RoleInfo.java:updateAndGet(143)) - 12b54cff-467e-45e9-ac2a-409cdcf2b905: start FollowerState
2019-10-20 12:59:39,942 [Thread-804] INFO  impl.FollowerState (FollowerState.java:run(117)) - 12b54cff-467e-45e9-ac2a-409cdcf2b905@group-40D367ECEF96-FollowerState was interrupted: java.lang.InterruptedException: sleep interrupted
2019-10-20 12:59:39,942 [Thread-803] INFO  impl.FollowerState (FollowerState.java:run(117)) - 314f41d3-e6bb-4e9d-a30b-79c862990eb1@group-40D367ECEF96-FollowerState was interrupted: java.lang.InterruptedException: sleep interrupted
2019-10-20 12:59:39,942 [grpc-default-executor-7] INFO  impl.RoleInfo (RoleInfo.java:updateAndGet(143)) - 314f41d3-e6bb-4e9d-a30b-79c862990eb1: start FollowerState
2019-10-20 12:59:39,942 [grpc-default-executor-3] INFO  impl.RoleInfo (RoleInfo.java:shutdownFollowerState(121)) - 314f41d3-e6bb-4e9d-a30b-79c862990eb1: shutdown FollowerState
2019-10-20 12:59:39,943 [grpc-default-executor-8] INFO  impl.RoleInfo (RoleInfo.java:shutdownFollowerState(121)) - 12b54cff-467e-45e9-ac2a-409cdcf2b905: shutdown FollowerState
2019-10-20 12:59:39,943 [grpc-default-executor-3] INFO  impl.RoleInfo (RoleInfo.java:updateAndGet(143)) - 314f41d3-e6bb-4e9d-a30b-79c862990eb1: start FollowerState
2019-10-20 12:59:39,943 [Thread-794] INFO  impl.FollowerState (FollowerState.java:run(117)) - 314f41d3-e6bb-4e9d-a30b-79c862990eb1@group-869FA492F4DF-FollowerState was interrupted: java.lang.InterruptedException: sleep interrupted
2019-10-20 12:59:39,943 [grpc-default-executor-8] INFO  impl.RoleInfo (RoleInfo.java:updateAndGet(143)) - 12b54cff-467e-45e9-ac2a-409cdcf2b905: start FollowerState
2019-10-20 12:59:39,943 [Thread-796] INFO  impl.FollowerState (FollowerState.java:run(117)) - 12b54cff-467e-45e9-ac2a-409cdcf2b905@group-869FA492F4DF-FollowerState was interrupted: java.lang.InterruptedException: sleep interrupted
2019-10-20 12:59:39,955 [Thread-817] INFO  client.GrpcClientProtocolService (GrpcClientProtocolService.java:lambda$processClientRequest$0(278)) - Failed RaftClientRequest:client-5F43918617A9->12b54cff-467e-45e9-ac2a-409cdcf2b905@group-40D367ECEF96, cid=10, seq=0, Watch-ALL_COMMITTED(6), Message:<EMPTY>, reply=RaftClientReply:client-5F43918617A9->12b54cff-467e-45e9-ac2a-409cdcf2b905@group-40D367ECEF96, cid=10, FAILED org.apache.ratis.protocol.NotLeaderException: Server 12b54cff-467e-45e9-ac2a-409cdcf2b905@group-40D367ECEF96 is not the leader, logIndex=0, commits[12b54cff-467e-45e9-ac2a-409cdcf2b905:c10, 5432d864-00a4-4faa-be9e-870a49a37102:c4, 314f41d3-e6bb-4e9d-a30b-79c862990eb1:c10]
2019-10-20 12:59:39,958 [5432d864-00a4-4faa-be9e-870a49a37102@group-869FA492F4DF-LeaderElection39] INFO  impl.LeaderElection (LeaderElection.java:logAndReturn(56)) - 5432d864-00a4-4faa-be9e-870a49a37102@group-869FA492F4DF-LeaderElection39: Election PASSED; received 1 response(s) [5432d864-00a4-4faa-be9e-870a49a37102<-12b54cff-467e-45e9-ac2a-409cdcf2b905#0:OK-t1] and 0 exception(s); 5432d864-00a4-4faa-be9e-870a49a37102@group-869FA492F4DF:t1, leader=null, voted=5432d864-00a4-4faa-be9e-870a49a37102, raftlog=5432d864-00a4-4faa-be9e-870a49a37102@group-869FA492F4DF-SegmentedRaftLog:OPENED:c-1,f-1,i0, conf=-1: [5432d864-00a4-4faa-be9e-870a49a37102:192.168.157.204:42827, 314f41d3-e6bb-4e9d-a30b-79c862990eb1:192.168.157.204:38880, 12b54cff-467e-45e9-ac2a-409cdcf2b905:192.168.157.204:40598], old=null
2019-10-20 12:59:39,959 [5432d864-00a4-4faa-be9e-870a49a37102@group-869FA492F4DF-LeaderElection39] INFO  impl.RoleInfo (RoleInfo.java:shutdownLeaderElection(134)) - 5432d864-00a4-4faa-be9e-870a49a37102: shutdown LeaderElection
2019-10-20 12:59:39,959 [5432d864-00a4-4faa-be9e-870a49a37102@group-40D367ECEF96-LeaderElection40] INFO  impl.LeaderElection (LeaderElection.java:logAndReturn(56)) - 5432d864-00a4-4faa-be9e-870a49a37102@group-40D367ECEF96-LeaderElection40: Election REJECTED; received 2 response(s) [5432d864-00a4-4faa-be9e-870a49a37102<-12b54cff-467e-45e9-ac2a-409cdcf2b905#0:FAIL-t40, 5432d864-00a4-4faa-be9e-870a49a37102<-314f41d3-e6bb-4e9d-a30b-79c862990eb1#0:FAIL-t40] and 0 exception(s); 5432d864-00a4-4faa-be9e-870a49a37102@group-40D367ECEF96:t40, leader=null, voted=5432d864-00a4-4faa-be9e-870a49a37102, raftlog=5432d864-00a4-4faa-be9e-870a49a37102@group-40D367ECEF96-SegmentedRaftLog:OPENED:c3,f4,i4, conf=0: [5432d864-00a4-4faa-be9e-870a49a37102:192.168.157.204:42827, 314f41d3-e6bb-4e9d-a30b-79c862990eb1:192.168.157.204:38880, 12b54cff-467e-45e9-ac2a-409cdcf2b905:192.168.157.204:40598], old=null
2019-10-20 12:59:39,959 [5432d864-00a4-4faa-be9e-870a49a37102@group-869FA492F4DF-LeaderElection39] INFO  impl.RaftServerImpl (RaftServerImpl.java:setRole(184)) - 5432d864-00a4-4faa-be9e-870a49a37102@group-869FA492F4DF: changes role from CANDIDATE to LEADER at term 1 for changeToLeader
2019-10-20 12:59:39,959 [5432d864-00a4-4faa-be9e-870a49a37102@group-40D367ECEF96-LeaderElection40] INFO  impl.RaftServerImpl (RaftServerImpl.java:setRole(184)) - 5432d864-00a4-4faa-be9e-870a49a37102@group-40D367ECEF96: changes role from CANDIDATE to FOLLOWER at term 40 for DISCOVERED_A_NEW_TERM
2019-10-20 12:59:39,960 [5432d864-00a4-4faa-be9e-870a49a37102@group-869FA492F4DF-LeaderElection39] INFO  impl.RaftServerImpl (ServerState.java:setLeader(256)) - 5432d864-00a4-4faa-be9e-870a49a37102@group-869FA492F4DF: change Leader from null to 5432d864-00a4-4faa-be9e-870a49a37102 at term 1 for becomeLeader, leader elected after 131ms
2019-10-20 12:59:39,960 [5432d864-00a4-4faa-be9e-870a49a37102@group-40D367ECEF96-LeaderElection40] INFO  impl.RoleInfo (RoleInfo.java:shutdownLeaderElection(134)) - 5432d864-00a4-4faa-be9e-870a49a37102: shutdown LeaderElection
2019-10-20 12:59:39,960 [5432d864-00a4-4faa-be9e-870a49a37102@group-869FA492F4DF-LeaderElection39] INFO  server.RaftServerConfigKeys (ConfUtils.java:logGet(43)) - raft.server.staging.catchup.gap = 1000 (default)
2019-10-20 12:59:39,961 [5432d864-00a4-4faa-be9e-870a49a37102@group-40D367ECEF96-LeaderElection40] INFO  impl.RoleInfo (RoleInfo.java:updateAndGet(143)) - 5432d864-00a4-4faa-be9e-870a49a37102: start FollowerState
2019-10-20 12:59:39,961 [5432d864-00a4-4faa-be9e-870a49a37102@group-869FA492F4DF-LeaderElection39] INFO  server.RaftServerConfigKeys (ConfUtils.java:logGet(43)) - raft.server.rpc.sleep.time = 25ms (default)
2019-10-20 12:59:39,962 [5432d864-00a4-4faa-be9e-870a49a37102@group-869FA492F4DF-LeaderElection39] INFO  server.RaftServerConfigKeys (ConfUtils.java:logGet(43)) - raft.server.write.element-limit = 4096 (default)
2019-10-20 12:59:39,962 [5432d864-00a4-4faa-be9e-870a49a37102@group-869FA492F4DF-LeaderElection39] INFO  server.RaftServerConfigKeys (ConfUtils.java:logGet(43)) - raft.server.watch.timeout = 10s (default)
2019-10-20 12:59:39,962 [5432d864-00a4-4faa-be9e-870a49a37102@group-869FA492F4DF-LeaderElection39] INFO  server.RaftServerConfigKeys (ConfUtils.java:logGet(43)) - raft.server.watch.timeout.denomination = 1s (default)
2019-10-20 12:59:39,963 [5432d864-00a4-4faa-be9e-870a49a37102@group-869FA492F4DF-LeaderElection39] INFO  server.RaftServerConfigKeys (ConfUtils.java:logGet(43)) - raft.server.watch.element-limit = 65536 (default)
2019-10-20 12:59:39,966 [5432d864-00a4-4faa-be9e-870a49a37102@group-869FA492F4DF-LeaderElection39] INFO  server.RaftServerConfigKeys (ConfUtils.java:logGet(43)) - raft.server.log.appender.snapshot.chunk.size.max = 16MB (=16777216) (default)
2019-10-20 12:59:39,966 [5432d864-00a4-4faa-be9e-870a49a37102@group-869FA492F4DF-LeaderElection39] INFO  server.RaftServerConfigKeys (ConfUtils.java:logGet(43)) - raft.server.log.appender.buffer.byte-limit = 33554432 (custom)
2019-10-20 12:59:39,966 [5432d864-00a4-4faa-be9e-870a49a37102@group-869FA492F4DF-LeaderElection39] INFO  server.RaftServerConfigKeys (ConfUtils.java:logGet(43)) - raft.server.log.appender.buffer.element-limit = 1 (custom)
2019-10-20 12:59:39,966 [5432d864-00a4-4faa-be9e-870a49a37102@group-869FA492F4DF-LeaderElection39] INFO  grpc.GrpcConfigKeys$Server (ConfUtils.java:logGet(43)) - raft.grpc.server.leader.outstanding.appends.max = 128 (default)
2019-10-20 12:59:39,966 [5432d864-00a4-4faa-be9e-870a49a37102@group-869FA492F4DF-LeaderElection39] INFO  server.RaftServerConfigKeys (ConfUtils.java:logGet(43)) - raft.server.rpc.request.timeout = 3000ms (default)
2019-10-20 12:59:39,967 [5432d864-00a4-4faa-be9e-870a49a37102@group-869FA492F4DF-LeaderElection39] INFO  server.RaftServerConfigKeys (ConfUtils.java:logGet(43)) - raft.server.log.appender.install.snapshot.enabled = false (custom)
2019-10-20 12:59:39,969 [5432d864-00a4-4faa-be9e-870a49a37102@group-869FA492F4DF-LeaderElection39] INFO  server.RaftServerConfigKeys (ConfUtils.java:logGet(43)) - raft.server.log.appender.snapshot.chunk.size.max = 16MB (=16777216) (default)
2019-10-20 12:59:39,969 [5432d864-00a4-4faa-be9e-870a49a37102@group-869FA492F4DF-LeaderElection39] INFO  server.RaftServerConfigKeys (ConfUtils.java:logGet(43)) - raft.server.log.appender.buffer.byte-limit = 33554432 (custom)
2019-10-20 12:59:39,969 [5432d864-00a4-4faa-be9e-870a49a37102@group-869FA492F4DF-LeaderElection39] INFO  server.RaftServerConfigKeys (ConfUtils.java:logGet(43)) - raft.server.log.appender.buffer.element-limit = 1 (custom)
2019-10-20 12:59:39,969 [5432d864-00a4-4faa-be9e-870a49a37102@group-869FA492F4DF-LeaderElection39] INFO  grpc.GrpcConfigKeys$Server (ConfUtils.java:logGet(43)) - raft.grpc.server.leader.outstanding.appends.max = 128 (default)
2019-10-20 12:59:39,970 [5432d864-00a4-4faa-be9e-870a49a37102@group-869FA492F4DF-LeaderElection39] INFO  server.RaftServerConfigKeys (ConfUtils.java:logGet(43)) - raft.server.rpc.request.timeout = 3000ms (default)
2019-10-20 12:59:39,970 [5432d864-00a4-4faa-be9e-870a49a37102@group-869FA492F4DF-LeaderElection39] INFO  server.RaftServerConfigKeys (ConfUtils.java:logGet(43)) - raft.server.log.appender.install.snapshot.enabled = false (custom)
2019-10-20 12:59:39,972 [5432d864-00a4-4faa-be9e-870a49a37102@group-869FA492F4DF-LeaderElection39] INFO  impl.RoleInfo (RoleInfo.java:updateAndGet(143)) - 5432d864-00a4-4faa-be9e-870a49a37102: start LeaderState
2019-10-20 12:59:39,972 [5432d864-00a4-4faa-be9e-870a49a37102@group-869FA492F4DF-LeaderElection39] INFO  segmented.SegmentedRaftLogWorker (SegmentedRaftLogWorker.java:startLogSegment(385)) - 5432d864-00a4-4faa-be9e-870a49a37102@group-869FA492F4DF-SegmentedRaftLogWorker: Starting segment from index:0
2019-10-20 12:59:39,973 [5432d864-00a4-4faa-be9e-870a49a37102@group-869FA492F4DF-LeaderElection39] INFO  impl.RaftServerImpl (ServerState.java:setRaftConf(357)) - 5432d864-00a4-4faa-be9e-870a49a37102@group-869FA492F4DF: set configuration 0: [5432d864-00a4-4faa-be9e-870a49a37102:192.168.157.204:42827, 314f41d3-e6bb-4e9d-a30b-79c862990eb1:192.168.157.204:38880, 12b54cff-467e-45e9-ac2a-409cdcf2b905:192.168.157.204:40598], old=null at 0
2019-10-20 12:59:39,996 [grpc-default-executor-3] INFO  impl.RaftServerImpl (ServerState.java:setLeader(256)) - 12b54cff-467e-45e9-ac2a-409cdcf2b905@group-869FA492F4DF: change Leader from null to 5432d864-00a4-4faa-be9e-870a49a37102 at term 1 for appendEntries, leader elected after 167ms
2019-10-20 12:59:39,998 [grpc-default-executor-7] INFO  impl.RaftServerImpl (ServerState.java:setLeader(256)) - 314f41d3-e6bb-4e9d-a30b-79c862990eb1@group-869FA492F4DF: change Leader from null to 5432d864-00a4-4faa-be9e-870a49a37102 at term 1 for appendEntries, leader elected after 168ms
2019-10-20 12:59:40,000 [grpc-default-executor-3] INFO  impl.RaftServerImpl (ServerState.java:setRaftConf(357)) - 12b54cff-467e-45e9-ac2a-409cdcf2b905@group-869FA492F4DF: set configuration 0: [5432d864-00a4-4faa-be9e-870a49a37102:192.168.157.204:42827, 314f41d3-e6bb-4e9d-a30b-79c862990eb1:192.168.157.204:38880, 12b54cff-467e-45e9-ac2a-409cdcf2b905:192.168.157.204:40598], old=null at 0
2019-10-20 12:59:40,000 [grpc-default-executor-7] INFO  impl.RaftServerImpl (ServerState.java:setRaftConf(357)) - 314f41d3-e6bb-4e9d-a30b-79c862990eb1@group-869FA492F4DF: set configuration 0: [5432d864-00a4-4faa-be9e-870a49a37102:192.168.157.204:42827, 314f41d3-e6bb-4e9d-a30b-79c862990eb1:192.168.157.204:38880, 12b54cff-467e-45e9-ac2a-409cdcf2b905:192.168.157.204:40598], old=null at 0
2019-10-20 12:59:40,000 [grpc-default-executor-3] INFO  segmented.SegmentedRaftLogWorker (SegmentedRaftLogWorker.java:startLogSegment(385)) - 12b54cff-467e-45e9-ac2a-409cdcf2b905@group-869FA492F4DF-SegmentedRaftLogWorker: Starting segment from index:0
2019-10-20 12:59:40,000 [grpc-default-executor-7] INFO  segmented.SegmentedRaftLogWorker (SegmentedRaftLogWorker.java:startLogSegment(385)) - 314f41d3-e6bb-4e9d-a30b-79c862990eb1@group-869FA492F4DF-SegmentedRaftLogWorker: Starting segment from index:0
2019-10-20 12:59:40,009 [5432d864-00a4-4faa-be9e-870a49a37102@group-869FA492F4DF-SegmentedRaftLogWorker] INFO  segmented.SegmentedRaftLogWorker (SegmentedRaftLogWorker.java:execute(576)) - 5432d864-00a4-4faa-be9e-870a49a37102@group-869FA492F4DF-SegmentedRaftLogWorker: created new log segment /workdir/hadoop-ozone/integration-test/target/test-dir/MiniOzoneClusterImpl-6483733d-4f93-4870-817e-1c1dc2569cfd/datanode-2/data/ratis/e04346b3-867d-418a-85b6-869fa492f4df/current/log_inprogress_0
2019-10-20 12:59:40,037 [12b54cff-467e-45e9-ac2a-409cdcf2b905@group-869FA492F4DF-SegmentedRaftLogWorker] INFO  segmented.SegmentedRaftLogWorker (SegmentedRaftLogWorker.java:execute(576)) - 12b54cff-467e-45e9-ac2a-409cdcf2b905@group-869FA492F4DF-SegmentedRaftLogWorker: created new log segment /workdir/hadoop-ozone/integration-test/target/test-dir/MiniOzoneClusterImpl-6483733d-4f93-4870-817e-1c1dc2569cfd/datanode-0/data/ratis/e04346b3-867d-418a-85b6-869fa492f4df/current/log_inprogress_0
2019-10-20 12:59:40,037 [314f41d3-e6bb-4e9d-a30b-79c862990eb1@group-869FA492F4DF-SegmentedRaftLogWorker] INFO  segmented.SegmentedRaftLogWorker (SegmentedRaftLogWorker.java:execute(576)) - 314f41d3-e6bb-4e9d-a30b-79c862990eb1@group-869FA492F4DF-SegmentedRaftLogWorker: created new log segment /workdir/hadoop-ozone/integration-test/target/test-dir/MiniOzoneClusterImpl-6483733d-4f93-4870-817e-1c1dc2569cfd/datanode-1/data/ratis/e04346b3-867d-418a-85b6-869fa492f4df/current/log_inprogress_0
2019-10-20 12:59:40,055 [Thread-819] INFO  impl.FollowerState (FollowerState.java:run(108)) - 5432d864-00a4-4faa-be9e-870a49a37102@group-40D367ECEF96-FollowerState: change to CANDIDATE, lastRpcTime:93ms, electionTimeout:93ms
2019-10-20 12:59:40,055 [Thread-819] INFO  impl.RoleInfo (RoleInfo.java:shutdownFollowerState(121)) - 5432d864-00a4-4faa-be9e-870a49a37102: shutdown FollowerState
2019-10-20 12:59:40,055 [Thread-819] INFO  impl.RaftServerImpl (RaftServerImpl.java:setRole(184)) - 5432d864-00a4-4faa-be9e-870a49a37102@group-40D367ECEF96: changes role from  FOLLOWER to CANDIDATE at term 40 for changeToCandidate
2019-10-20 12:59:40,055 [Thread-819] INFO  impl.RoleInfo (RoleInfo.java:updateAndGet(143)) - 5432d864-00a4-4faa-be9e-870a49a37102: start LeaderElection
2019-10-20 12:59:40,068 [5432d864-00a4-4faa-be9e-870a49a37102@group-40D367ECEF96-LeaderElection41] INFO  impl.LeaderElection (LeaderElection.java:askForVotes(178)) - 5432d864-00a4-4faa-be9e-870a49a37102@group-40D367ECEF96-LeaderElection41: begin an election at term 41 for 0: [5432d864-00a4-4faa-be9e-870a49a37102:192.168.157.204:42827, 314f41d3-e6bb-4e9d-a30b-79c862990eb1:192.168.157.204:38880, 12b54cff-467e-45e9-ac2a-409cdcf2b905:192.168.157.204:40598], old=null
2019-10-20 12:59:40,070 [grpc-default-executor-3] INFO  impl.RaftServerImpl (RaftServerImpl.java:setRole(184)) - 314f41d3-e6bb-4e9d-a30b-79c862990eb1@group-40D367ECEF96: changes role from  FOLLOWER to FOLLOWER at term 41 for recognizeCandidate:5432d864-00a4-4faa-be9e-870a49a37102
2019-10-20 12:59:40,070 [grpc-default-executor-7] INFO  impl.RaftServerImpl (RaftServerImpl.java:setRole(184)) - 12b54cff-467e-45e9-ac2a-409cdcf2b905@group-40D367ECEF96: changes role from  FOLLOWER to FOLLOWER at term 41 for recognizeCandidate:5432d864-00a4-4faa-be9e-870a49a37102
2019-10-20 12:59:40,070 [grpc-default-executor-3] INFO  impl.RoleInfo (RoleInfo.java:shutdownFollowerState(121)) - 314f41d3-e6bb-4e9d-a30b-79c862990eb1: shutdown FollowerState
2019-10-20 12:59:40,070 [grpc-default-executor-7] INFO  impl.RoleInfo (RoleInfo.java:shutdownFollowerState(121)) - 12b54cff-467e-45e9-ac2a-409cdcf2b905: shutdown FollowerState
2019-10-20 12:59:40,071 [Thread-812] INFO  impl.FollowerState (FollowerState.java:run(117)) - 314f41d3-e6bb-4e9d-a30b-79c862990eb1@group-40D367ECEF96-FollowerState was interrupted: java.lang.InterruptedException: sleep interrupted
2019-10-20 12:59:40,071 [grpc-default-executor-3] INFO  impl.RoleInfo (RoleInfo.java:updateAndGet(143)) - 314f41d3-e6bb-4e9d-a30b-79c862990eb1: start FollowerState
2019-10-20 12:59:40,071 [Thread-813] INFO  impl.FollowerState (FollowerState.java:run(117)) - 12b54cff-467e-45e9-ac2a-409cdcf2b905@group-40D367ECEF96-FollowerState was interrupted: java.lang.InterruptedException: sleep interrupted
2019-10-20 12:59:40,071 [grpc-default-executor-7] INFO  impl.RoleInfo (RoleInfo.java:updateAndGet(143)) - 12b54cff-467e-45e9-ac2a-409cdcf2b905: start FollowerState
2019-10-20 12:59:40,086 [5432d864-00a4-4faa-be9e-870a49a37102@group-40D367ECEF96-LeaderElection41] INFO  impl.LeaderElection (LeaderElection.java:logAndReturn(56)) - 5432d864-00a4-4faa-be9e-870a49a37102@group-40D367ECEF96-LeaderElection41: Election REJECTED; received 2 response(s) [5432d864-00a4-4faa-be9e-870a49a37102<-12b54cff-467e-45e9-ac2a-409cdcf2b905#0:FAIL-t41, 5432d864-00a4-4faa-be9e-870a49a37102<-314f41d3-e6bb-4e9d-a30b-79c862990eb1#0:FAIL-t41] and 0 exception(s); 5432d864-00a4-4faa-be9e-870a49a37102@group-40D367ECEF96:t41, leader=null, voted=5432d864-00a4-4faa-be9e-870a49a37102, raftlog=5432d864-00a4-4faa-be9e-870a49a37102@group-40D367ECEF96-SegmentedRaftLog:OPENED:c3,f4,i4, conf=0: [5432d864-00a4-4faa-be9e-870a49a37102:192.168.157.204:42827, 314f41d3-e6bb-4e9d-a30b-79c862990eb1:192.168.157.204:38880, 12b54cff-467e-45e9-ac2a-409cdcf2b905:192.168.157.204:40598], old=null
2019-10-20 12:59:40,086 [5432d864-00a4-4faa-be9e-870a49a37102@group-40D367ECEF96-LeaderElection41] INFO  impl.RaftServerImpl (RaftServerImpl.java:setRole(184)) - 5432d864-00a4-4faa-be9e-870a49a37102@group-40D367ECEF96: changes role from CANDIDATE to FOLLOWER at term 41 for DISCOVERED_A_NEW_TERM
2019-10-20 12:59:40,086 [5432d864-00a4-4faa-be9e-870a49a37102@group-40D367ECEF96-LeaderElection41] INFO  impl.RoleInfo (RoleInfo.java:shutdownLeaderElection(134)) - 5432d864-00a4-4faa-be9e-870a49a37102: shutdown LeaderElection
2019-10-20 12:59:40,086 [5432d864-00a4-4faa-be9e-870a49a37102@group-40D367ECEF96-LeaderElection41] INFO  impl.RoleInfo (RoleInfo.java:updateAndGet(143)) - 5432d864-00a4-4faa-be9e-870a49a37102: start FollowerState
2019-10-20 12:59:40,143 [pool-7-thread-3] INFO  commands.RetriableDatanodeEventWatcher (RetriableDatanodeEventWatcher.java:onTimeout(47)) - RetriableDatanodeCommand type=deleteBlocksCommand with id=1571576373053 timed out. Retrying.
2019-10-20 12:59:40,143 [pool-7-thread-2] INFO  commands.RetriableDatanodeEventWatcher (RetriableDatanodeEventWatcher.java:onTimeout(47)) - RetriableDatanodeCommand type=deleteBlocksCommand with id=1571576373056 timed out. Retrying.
2019-10-20 12:59:40,144 [pool-7-thread-2] INFO  commands.RetriableDatanodeEventWatcher (RetriableDatanodeEventWatcher.java:onTimeout(47)) - RetriableDatanodeCommand type=deleteBlocksCommand with id=1571576373055 timed out. Retrying.
2019-10-20 12:59:40,144 [pool-7-thread-3] INFO  commands.RetriableDatanodeEventWatcher (RetriableDatanodeEventWatcher.java:onTimeout(47)) - RetriableDatanodeCommand type=deleteBlocksCommand with id=1571576373054 timed out. Retrying.
2019-10-20 12:59:40,146 [pool-7-thread-2] INFO  commands.RetriableDatanodeEventWatcher (RetriableDatanodeEventWatcher.java:onTimeout(47)) - RetriableDatanodeCommand type=deleteBlocksCommand with id=1571576373058 timed out. Retrying.
2019-10-20 12:59:40,146 [pool-7-thread-3] INFO  commands.RetriableDatanodeEventWatcher (RetriableDatanodeEventWatcher.java:onTimeout(47)) - RetriableDatanodeCommand type=deleteBlocksCommand with id=1571576373057 timed out. Retrying.
2019-10-20 12:59:40,146 [pool-7-thread-3] INFO  commands.RetriableDatanodeEventWatcher (RetriableDatanodeEventWatcher.java:onTimeout(47)) - RetriableDatanodeCommand type=deleteBlocksCommand with id=1571576373059 timed out. Retrying.
2019-10-20 12:59:40,147 [Thread-834] INFO  impl.FollowerState (FollowerState.java:run(108)) - 5432d864-00a4-4faa-be9e-870a49a37102@group-40D367ECEF96-FollowerState: change to CANDIDATE, lastRpcTime:61ms, electionTimeout:61ms
2019-10-20 12:59:40,147 [Thread-834] INFO  impl.RoleInfo (RoleInfo.java:shutdownFollowerState(121)) - 5432d864-00a4-4faa-be9e-870a49a37102: shutdown FollowerState
2019-10-20 12:59:40,148 [Thread-834] INFO  impl.RaftServerImpl (RaftServerImpl.java:setRole(184)) - 5432d864-00a4-4faa-be9e-870a49a37102@group-40D367ECEF96: changes role from  FOLLOWER to CANDIDATE at term 41 for changeToCandidate
2019-10-20 12:59:40,148 [Thread-834] INFO  impl.RoleInfo (RoleInfo.java:updateAndGet(143)) - 5432d864-00a4-4faa-be9e-870a49a37102: start LeaderElection
2019-10-20 12:59:40,148 [SCMBlockDeletingService#0] INFO  block.SCMBlockDeletingService (SCMBlockDeletingService.java:call(184)) - Totally added 1 delete blocks command for 1 datanodes, task elapsed time: 0ms
2019-10-20 12:59:40,161 [5432d864-00a4-4faa-be9e-870a49a37102@group-40D367ECEF96-LeaderElection42] INFO  impl.LeaderElection (LeaderElection.java:askForVotes(178)) - 5432d864-00a4-4faa-be9e-870a49a37102@group-40D367ECEF96-LeaderElection42: begin an election at term 42 for 0: [5432d864-00a4-4faa-be9e-870a49a37102:192.168.157.204:42827, 314f41d3-e6bb-4e9d-a30b-79c862990eb1:192.168.157.204:38880, 12b54cff-467e-45e9-ac2a-409cdcf2b905:192.168.157.204:40598], old=null
2019-10-20 12:59:40,163 [grpc-default-executor-3] INFO  impl.RaftServerImpl (RaftServerImpl.java:setRole(184)) - 314f41d3-e6bb-4e9d-a30b-79c862990eb1@group-40D367ECEF96: changes role from  FOLLOWER to FOLLOWER at term 42 for recognizeCandidate:5432d864-00a4-4faa-be9e-870a49a37102
2019-10-20 12:59:40,164 [grpc-default-executor-3] INFO  impl.RoleInfo (RoleInfo.java:shutdownFollowerState(121)) - 314f41d3-e6bb-4e9d-a30b-79c862990eb1: shutdown FollowerState
2019-10-20 12:59:40,163 [grpc-default-executor-7] INFO  impl.RaftServerImpl (RaftServerImpl.java:setRole(184)) - 12b54cff-467e-45e9-ac2a-409cdcf2b905@group-40D367ECEF96: changes role from  FOLLOWER to FOLLOWER at term 42 for recognizeCandidate:5432d864-00a4-4faa-be9e-870a49a37102
2019-10-20 12:59:40,164 [Thread-832] INFO  impl.FollowerState (FollowerState.java:run(117)) - 314f41d3-e6bb-4e9d-a30b-79c862990eb1@group-40D367ECEF96-FollowerState was interrupted: java.lang.InterruptedException: sleep interrupted
2019-10-20 12:59:40,164 [grpc-default-executor-3] INFO  impl.RoleInfo (RoleInfo.java:updateAndGet(143)) - 314f41d3-e6bb-4e9d-a30b-79c862990eb1: start FollowerState
2019-10-20 12:59:40,164 [grpc-default-executor-7] INFO  impl.RoleInfo (RoleInfo.java:shutdownFollowerState(121)) - 12b54cff-467e-45e9-ac2a-409cdcf2b905: shutdown FollowerState
2019-10-20 12:59:40,164 [grpc-default-executor-7] INFO  impl.RoleInfo (RoleInfo.java:updateAndGet(143)) - 12b54cff-467e-45e9-ac2a-409cdcf2b905: start FollowerState
2019-10-20 12:59:40,164 [Thread-833] INFO  impl.FollowerState (FollowerState.java:run(117)) - 12b54cff-467e-45e9-ac2a-409cdcf2b905@group-40D367ECEF96-FollowerState was interrupted: java.lang.InterruptedException: sleep interrupted
2019-10-20 12:59:40,178 [5432d864-00a4-4faa-be9e-870a49a37102@group-40D367ECEF96-LeaderElection42] INFO  impl.LeaderElection (LeaderElection.java:logAndReturn(56)) - 5432d864-00a4-4faa-be9e-870a49a37102@group-40D367ECEF96-LeaderElection42: Election REJECTED; received 2 response(s) [5432d864-00a4-4faa-be9e-870a49a37102<-314f41d3-e6bb-4e9d-a30b-79c862990eb1#0:FAIL-t42, 5432d864-00a4-4faa-be9e-870a49a37102<-12b54cff-467e-45e9-ac2a-409cdcf2b905#0:FAIL-t42] and 0 exception(s); 5432d864-00a4-4faa-be9e-870a49a37102@group-40D367ECEF96:t42, leader=null, voted=5432d864-00a4-4faa-be9e-870a49a37102, raftlog=5432d864-00a4-4faa-be9e-870a49a37102@group-40D367ECEF96-SegmentedRaftLog:OPENED:c3,f4,i4, conf=0: [5432d864-00a4-4faa-be9e-870a49a37102:192.168.157.204:42827, 314f41d3-e6bb-4e9d-a30b-79c862990eb1:192.168.157.204:38880, 12b54cff-467e-45e9-ac2a-409cdcf2b905:192.168.157.204:40598], old=null
2019-10-20 12:59:40,178 [5432d864-00a4-4faa-be9e-870a49a37102@group-40D367ECEF96-LeaderElection42] INFO  impl.RaftServerImpl (RaftServerImpl.java:setRole(184)) - 5432d864-00a4-4faa-be9e-870a49a37102@group-40D367ECEF96: changes role from CANDIDATE to FOLLOWER at term 42 for DISCOVERED_A_NEW_TERM
2019-10-20 12:59:40,178 [5432d864-00a4-4faa-be9e-870a49a37102@group-40D367ECEF96-LeaderElection42] INFO  impl.RoleInfo (RoleInfo.java:shutdownLeaderElection(134)) - 5432d864-00a4-4faa-be9e-870a49a37102: shutdown LeaderElection
2019-10-20 12:59:40,178 [5432d864-00a4-4faa-be9e-870a49a37102@group-40D367ECEF96-LeaderElection42] INFO  impl.RoleInfo (RoleInfo.java:updateAndGet(143)) - 5432d864-00a4-4faa-be9e-870a49a37102: start FollowerState
2019-10-20 12:59:40,198 [EventQueue-PendingDeleteStatusForPendingDeleteHandler] INFO  block.SCMBlockDeletingService (SCMBlockDeletingService.java:handlePendingDeletes(115)) - Block deletion txnID mismatch in datanode 5432d864-00a4-4faa-be9e-870a49a37102 for containerID 1. Datanode delete txnID: 0, SCM txnID: 1
2019-10-20 12:59:40,240 [Thread-840] INFO  impl.FollowerState (FollowerState.java:run(108)) - 5432d864-00a4-4faa-be9e-870a49a37102@group-40D367ECEF96-FollowerState: change to CANDIDATE, lastRpcTime:61ms, electionTimeout:61ms
2019-10-20 12:59:40,240 [Thread-840] INFO  impl.RoleInfo (RoleInfo.java:shutdownFollowerState(121)) - 5432d864-00a4-4faa-be9e-870a49a37102: shutdown FollowerState
2019-10-20 12:59:40,240 [Thread-840] INFO  impl.RaftServerImpl (RaftServerImpl.java:setRole(184)) - 5432d864-00a4-4faa-be9e-870a49a37102@group-40D367ECEF96: changes role from  FOLLOWER to CANDIDATE at term 42 for changeToCandidate
2019-10-20 12:59:40,240 [Thread-840] INFO  impl.RoleInfo (RoleInfo.java:updateAndGet(143)) - 5432d864-00a4-4faa-be9e-870a49a37102: start LeaderElection
2019-10-20 12:59:40,253 [5432d864-00a4-4faa-be9e-870a49a37102@group-40D367ECEF96-LeaderElection43] INFO  impl.LeaderElection (LeaderElection.java:askForVotes(178)) - 5432d864-00a4-4faa-be9e-870a49a37102@group-40D367ECEF96-LeaderElection43: begin an election at term 43 for 0: [5432d864-00a4-4faa-be9e-870a49a37102:192.168.157.204:42827, 314f41d3-e6bb-4e9d-a30b-79c862990eb1:192.168.157.204:38880, 12b54cff-467e-45e9-ac2a-409cdcf2b905:192.168.157.204:40598], old=null
2019-10-20 12:59:40,257 [grpc-default-executor-3] INFO  impl.RaftServerImpl (RaftServerImpl.java:setRole(184)) - 314f41d3-e6bb-4e9d-a30b-79c862990eb1@group-40D367ECEF96: changes role from  FOLLOWER to FOLLOWER at term 43 for recognizeCandidate:5432d864-00a4-4faa-be9e-870a49a37102
2019-10-20 12:59:40,257 [grpc-default-executor-7] INFO  impl.RaftServerImpl (RaftServerImpl.java:setRole(184)) - 12b54cff-467e-45e9-ac2a-409cdcf2b905@group-40D367ECEF96: changes role from  FOLLOWER to FOLLOWER at term 43 for recognizeCandidate:5432d864-00a4-4faa-be9e-870a49a37102
2019-10-20 12:59:40,257 [grpc-default-executor-3] INFO  impl.RoleInfo (RoleInfo.java:shutdownFollowerState(121)) - 314f41d3-e6bb-4e9d-a30b-79c862990eb1: shutdown FollowerState
2019-10-20 12:59:40,258 [grpc-default-executor-7] INFO  impl.RoleInfo (RoleInfo.java:shutdownFollowerState(121)) - 12b54cff-467e-45e9-ac2a-409cdcf2b905: shutdown FollowerState
2019-10-20 12:59:40,258 [Thread-838] INFO  impl.FollowerState (FollowerState.java:run(117)) - 314f41d3-e6bb-4e9d-a30b-79c862990eb1@group-40D367ECEF96-FollowerState was interrupted: java.lang.InterruptedException: sleep interrupted
2019-10-20 12:59:40,258 [grpc-default-executor-3] INFO  impl.RoleInfo (RoleInfo.java:updateAndGet(143)) - 314f41d3-e6bb-4e9d-a30b-79c862990eb1: start FollowerState
2019-10-20 12:59:40,258 [Thread-839] INFO  impl.FollowerState (FollowerState.java:run(117)) - 12b54cff-467e-45e9-ac2a-409cdcf2b905@group-40D367ECEF96-FollowerState was interrupted: java.lang.InterruptedException: sleep interrupted
2019-10-20 12:59:40,258 [grpc-default-executor-7] INFO  impl.RoleInfo (RoleInfo.java:updateAndGet(143)) - 12b54cff-467e-45e9-ac2a-409cdcf2b905: start FollowerState
2019-10-20 12:59:40,277 [5432d864-00a4-4faa-be9e-870a49a37102@group-40D367ECEF96-LeaderElection43] INFO  impl.LeaderElection (LeaderElection.java:logAndReturn(56)) - 5432d864-00a4-4faa-be9e-870a49a37102@group-40D367ECEF96-LeaderElection43: Election REJECTED; received 2 response(s) [5432d864-00a4-4faa-be9e-870a49a37102<-12b54cff-467e-45e9-ac2a-409cdcf2b905#0:FAIL-t43, 5432d864-00a4-4faa-be9e-870a49a37102<-314f41d3-e6bb-4e9d-a30b-79c862990eb1#0:FAIL-t43] and 0 exception(s); 5432d864-00a4-4faa-be9e-870a49a37102@group-40D367ECEF96:t43, leader=null, voted=5432d864-00a4-4faa-be9e-870a49a37102, raftlog=5432d864-00a4-4faa-be9e-870a49a37102@group-40D367ECEF96-SegmentedRaftLog:OPENED:c3,f4,i4, conf=0: [5432d864-00a4-4faa-be9e-870a49a37102:192.168.157.204:42827, 314f41d3-e6bb-4e9d-a30b-79c862990eb1:192.168.157.204:38880, 12b54cff-467e-45e9-ac2a-409cdcf2b905:192.168.157.204:40598], old=null
2019-10-20 12:59:40,277 [5432d864-00a4-4faa-be9e-870a49a37102@group-40D367ECEF96-LeaderElection43] INFO  impl.RaftServerImpl (RaftServerImpl.java:setRole(184)) - 5432d864-00a4-4faa-be9e-870a49a37102@group-40D367ECEF96: changes role from CANDIDATE to FOLLOWER at term 43 for DISCOVERED_A_NEW_TERM
2019-10-20 12:59:40,277 [5432d864-00a4-4faa-be9e-870a49a37102@group-40D367ECEF96-LeaderElection43] INFO  impl.RoleInfo (RoleInfo.java:shutdownLeaderElection(134)) - 5432d864-00a4-4faa-be9e-870a49a37102: shutdown LeaderElection
2019-10-20 12:59:40,278 [5432d864-00a4-4faa-be9e-870a49a37102@group-40D367ECEF96-LeaderElection43] INFO  impl.RoleInfo (RoleInfo.java:updateAndGet(143)) - 5432d864-00a4-4faa-be9e-870a49a37102: start FollowerState
2019-10-20 12:59:40,303 [Thread-846] INFO  impl.FollowerState (FollowerState.java:run(108)) - 5432d864-00a4-4faa-be9e-870a49a37102@group-40D367ECEF96-FollowerState: change to CANDIDATE, lastRpcTime:25ms, electionTimeout:25ms
2019-10-20 12:59:40,303 [Thread-846] INFO  impl.RoleInfo (RoleInfo.java:shutdownFollowerState(121)) - 5432d864-00a4-4faa-be9e-870a49a37102: shutdown FollowerState
2019-10-20 12:59:40,303 [Thread-846] INFO  impl.RaftServerImpl (RaftServerImpl.java:setRole(184)) - 5432d864-00a4-4faa-be9e-870a49a37102@group-40D367ECEF96: changes role from  FOLLOWER to CANDIDATE at term 43 for changeToCandidate
2019-10-20 12:59:40,303 [Thread-846] INFO  impl.RoleInfo (RoleInfo.java:updateAndGet(143)) - 5432d864-00a4-4faa-be9e-870a49a37102: start LeaderElection
2019-10-20 12:59:40,317 [5432d864-00a4-4faa-be9e-870a49a37102@group-40D367ECEF96-LeaderElection44] INFO  impl.LeaderElection (LeaderElection.java:askForVotes(178)) - 5432d864-00a4-4faa-be9e-870a49a37102@group-40D367ECEF96-LeaderElection44: begin an election at term 44 for 0: [5432d864-00a4-4faa-be9e-870a49a37102:192.168.157.204:42827, 314f41d3-e6bb-4e9d-a30b-79c862990eb1:192.168.157.204:38880, 12b54cff-467e-45e9-ac2a-409cdcf2b905:192.168.157.204:40598], old=null
2019-10-20 12:59:40,320 [grpc-default-executor-3] INFO  impl.RaftServerImpl (RaftServerImpl.java:setRole(184)) - 314f41d3-e6bb-4e9d-a30b-79c862990eb1@group-40D367ECEF96: changes role from  FOLLOWER to FOLLOWER at term 44 for recognizeCandidate:5432d864-00a4-4faa-be9e-870a49a37102
2019-10-20 12:59:40,320 [grpc-default-executor-7] INFO  impl.RaftServerImpl (RaftServerImpl.java:setRole(184)) - 12b54cff-467e-45e9-ac2a-409cdcf2b905@group-40D367ECEF96: changes role from  FOLLOWER to FOLLOWER at term 44 for recognizeCandidate:5432d864-00a4-4faa-be9e-870a49a37102
2019-10-20 12:59:40,320 [grpc-default-executor-3] INFO  impl.RoleInfo (RoleInfo.java:shutdownFollowerState(121)) - 314f41d3-e6bb-4e9d-a30b-79c862990eb1: shutdown FollowerState
2019-10-20 12:59:40,320 [grpc-default-executor-7] INFO  impl.RoleInfo (RoleInfo.java:shutdownFollowerState(121)) - 12b54cff-467e-45e9-ac2a-409cdcf2b905: shutdown FollowerState
2019-10-20 12:59:40,320 [grpc-default-executor-3] INFO  impl.RoleInfo (RoleInfo.java:updateAndGet(143)) - 314f41d3-e6bb-4e9d-a30b-79c862990eb1: start FollowerState
2019-10-20 12:59:40,320 [Thread-844] INFO  impl.FollowerState (FollowerState.java:run(117)) - 314f41d3-e6bb-4e9d-a30b-79c862990eb1@group-40D367ECEF96-FollowerState was interrupted: java.lang.InterruptedException: sleep interrupted
2019-10-20 12:59:40,320 [Thread-845] INFO  impl.FollowerState (FollowerState.java:run(117)) - 12b54cff-467e-45e9-ac2a-409cdcf2b905@group-40D367ECEF96-FollowerState was interrupted: java.lang.InterruptedException: sleep interrupted
2019-10-20 12:59:40,320 [grpc-default-executor-7] INFO  impl.RoleInfo (RoleInfo.java:updateAndGet(143)) - 12b54cff-467e-45e9-ac2a-409cdcf2b905: start FollowerState
2019-10-20 12:59:40,339 [5432d864-00a4-4faa-be9e-870a49a37102@group-40D367ECEF96-LeaderElection44] INFO  impl.LeaderElection (LeaderElection.java:logAndReturn(56)) - 5432d864-00a4-4faa-be9e-870a49a37102@group-40D367ECEF96-LeaderElection44: Election REJECTED; received 2 response(s) [5432d864-00a4-4faa-be9e-870a49a37102<-12b54cff-467e-45e9-ac2a-409cdcf2b905#0:FAIL-t44, 5432d864-00a4-4faa-be9e-870a49a37102<-314f41d3-e6bb-4e9d-a30b-79c862990eb1#0:FAIL-t44] and 0 exception(s); 5432d864-00a4-4faa-be9e-870a49a37102@group-40D367ECEF96:t44, leader=null, voted=5432d864-00a4-4faa-be9e-870a49a37102, raftlog=5432d864-00a4-4faa-be9e-870a49a37102@group-40D367ECEF96-SegmentedRaftLog:OPENED:c3,f4,i4, conf=0: [5432d864-00a4-4faa-be9e-870a49a37102:192.168.157.204:42827, 314f41d3-e6bb-4e9d-a30b-79c862990eb1:192.168.157.204:38880, 12b54cff-467e-45e9-ac2a-409cdcf2b905:192.168.157.204:40598], old=null
2019-10-20 12:59:40,341 [5432d864-00a4-4faa-be9e-870a49a37102@group-40D367ECEF96-LeaderElection44] INFO  impl.RaftServerImpl (RaftServerImpl.java:setRole(184)) - 5432d864-00a4-4faa-be9e-870a49a37102@group-40D367ECEF96: changes role from CANDIDATE to FOLLOWER at term 44 for DISCOVERED_A_NEW_TERM
2019-10-20 12:59:40,341 [5432d864-00a4-4faa-be9e-870a49a37102@group-40D367ECEF96-LeaderElection44] INFO  impl.RoleInfo (RoleInfo.java:shutdownLeaderElection(134)) - 5432d864-00a4-4faa-be9e-870a49a37102: shutdown LeaderElection
2019-10-20 12:59:40,341 [5432d864-00a4-4faa-be9e-870a49a37102@group-40D367ECEF96-LeaderElection44] INFO  impl.RoleInfo (RoleInfo.java:updateAndGet(143)) - 5432d864-00a4-4faa-be9e-870a49a37102: start FollowerState
2019-10-20 12:59:40,377 [BlockDeletingService#2] WARN  background.BlockDeletingService (BlockDeletingService.java:isDeletionAllowed(187)) - Close Container log Index 6 is not replicated across allthe servers in the pipeline c8578440-42c5-4fb7-aa2b-40d367ecef96 as the min replicated index is 4. Deletion is not allowed in this container yet.
2019-10-20 12:59:40,378 [BlockDeletingService#2] WARN  background.BlockDeletingService (BlockDeletingService.java:isDeletionAllowed(187)) - Close Container log Index 6 is not replicated across allthe servers in the pipeline c8578440-42c5-4fb7-aa2b-40d367ecef96 as the min replicated index is 4. Deletion is not allowed in this container yet.
2019-10-20 12:59:40,399 [EventQueue-PendingDeleteStatusForPendingDeleteHandler] INFO  block.SCMBlockDeletingService (SCMBlockDeletingService.java:handlePendingDeletes(115)) - Block deletion txnID mismatch in datanode 5432d864-00a4-4faa-be9e-870a49a37102 for containerID 1. Datanode delete txnID: 0, SCM txnID: 1
2019-10-20 12:59:40,462 [Thread-852] INFO  impl.FollowerState (FollowerState.java:run(108)) - 5432d864-00a4-4faa-be9e-870a49a37102@group-40D367ECEF96-FollowerState: change to CANDIDATE, lastRpcTime:120ms, electionTimeout:120ms
2019-10-20 12:59:40,462 [Thread-852] INFO  impl.RoleInfo (RoleInfo.java:shutdownFollowerState(121)) - 5432d864-00a4-4faa-be9e-870a49a37102: shutdown FollowerState
2019-10-20 12:59:40,462 [Thread-852] INFO  impl.RaftServerImpl (RaftServerImpl.java:setRole(184)) - 5432d864-00a4-4faa-be9e-870a49a37102@group-40D367ECEF96: changes role from  FOLLOWER to CANDIDATE at term 44 for changeToCandidate
2019-10-20 12:59:40,462 [Thread-852] INFO  impl.RoleInfo (RoleInfo.java:updateAndGet(143)) - 5432d864-00a4-4faa-be9e-870a49a37102: start LeaderElection
2019-10-20 12:59:40,475 [5432d864-00a4-4faa-be9e-870a49a37102@group-40D367ECEF96-LeaderElection45] INFO  impl.LeaderElection (LeaderElection.java:askForVotes(178)) - 5432d864-00a4-4faa-be9e-870a49a37102@group-40D367ECEF96-LeaderElection45: begin an election at term 45 for 0: [5432d864-00a4-4faa-be9e-870a49a37102:192.168.157.204:42827, 314f41d3-e6bb-4e9d-a30b-79c862990eb1:192.168.157.204:38880, 12b54cff-467e-45e9-ac2a-409cdcf2b905:192.168.157.204:40598], old=null
2019-10-20 12:59:40,478 [grpc-default-executor-3] INFO  impl.RaftServerImpl (RaftServerImpl.java:setRole(184)) - 314f41d3-e6bb-4e9d-a30b-79c862990eb1@group-40D367ECEF96: changes role from  FOLLOWER to FOLLOWER at term 45 for recognizeCandidate:5432d864-00a4-4faa-be9e-870a49a37102
2019-10-20 12:59:40,478 [grpc-default-executor-7] INFO  impl.RaftServerImpl (RaftServerImpl.java:setRole(184)) - 12b54cff-467e-45e9-ac2a-409cdcf2b905@group-40D367ECEF96: changes role from  FOLLOWER to FOLLOWER at term 45 for recognizeCandidate:5432d864-00a4-4faa-be9e-870a49a37102
2019-10-20 12:59:40,478 [grpc-default-executor-3] INFO  impl.RoleInfo (RoleInfo.java:shutdownFollowerState(121)) - 314f41d3-e6bb-4e9d-a30b-79c862990eb1: shutdown FollowerState
2019-10-20 12:59:40,478 [grpc-default-executor-7] INFO  impl.RoleInfo (RoleInfo.java:shutdownFollowerState(121)) - 12b54cff-467e-45e9-ac2a-409cdcf2b905: shutdown FollowerState
2019-10-20 12:59:40,478 [grpc-default-executor-3] INFO  impl.RoleInfo (RoleInfo.java:updateAndGet(143)) - 314f41d3-e6bb-4e9d-a30b-79c862990eb1: start FollowerState
2019-10-20 12:59:40,478 [Thread-850] INFO  impl.FollowerState (FollowerState.java:run(117)) - 314f41d3-e6bb-4e9d-a30b-79c862990eb1@group-40D367ECEF96-FollowerState was interrupted: java.lang.InterruptedException: sleep interrupted
2019-10-20 12:59:40,478 [Thread-851] INFO  impl.FollowerState (FollowerState.java:run(117)) - 12b54cff-467e-45e9-ac2a-409cdcf2b905@group-40D367ECEF96-FollowerState was interrupted: java.lang.InterruptedException: sleep interrupted
2019-10-20 12:59:40,478 [grpc-default-executor-7] INFO  impl.RoleInfo (RoleInfo.java:updateAndGet(143)) - 12b54cff-467e-45e9-ac2a-409cdcf2b905: start FollowerState
2019-10-20 12:59:40,493 [5432d864-00a4-4faa-be9e-870a49a37102@group-40D367ECEF96-LeaderElection45] INFO  impl.LeaderElection (LeaderElection.java:logAndReturn(56)) - 5432d864-00a4-4faa-be9e-870a49a37102@group-40D367ECEF96-LeaderElection45: Election REJECTED; received 2 response(s) [5432d864-00a4-4faa-be9e-870a49a37102<-12b54cff-467e-45e9-ac2a-409cdcf2b905#0:FAIL-t45, 5432d864-00a4-4faa-be9e-870a49a37102<-314f41d3-e6bb-4e9d-a30b-79c862990eb1#0:FAIL-t45] and 0 exception(s); 5432d864-00a4-4faa-be9e-870a49a37102@group-40D367ECEF96:t45, leader=null, voted=5432d864-00a4-4faa-be9e-870a49a37102, raftlog=5432d864-00a4-4faa-be9e-870a49a37102@group-40D367ECEF96-SegmentedRaftLog:OPENED:c3,f4,i4, conf=0: [5432d864-00a4-4faa-be9e-870a49a37102:192.168.157.204:42827, 314f41d3-e6bb-4e9d-a30b-79c862990eb1:192.168.157.204:38880, 12b54cff-467e-45e9-ac2a-409cdcf2b905:192.168.157.204:40598], old=null
2019-10-20 12:59:40,494 [5432d864-00a4-4faa-be9e-870a49a37102@group-40D367ECEF96-LeaderElection45] INFO  impl.RaftServerImpl (RaftServerImpl.java:setRole(184)) - 5432d864-00a4-4faa-be9e-870a49a37102@group-40D367ECEF96: changes role from CANDIDATE to FOLLOWER at term 45 for DISCOVERED_A_NEW_TERM
2019-10-20 12:59:40,494 [5432d864-00a4-4faa-be9e-870a49a37102@group-40D367ECEF96-LeaderElection45] INFO  impl.RoleInfo (RoleInfo.java:shutdownLeaderElection(134)) - 5432d864-00a4-4faa-be9e-870a49a37102: shutdown LeaderElection
2019-10-20 12:59:40,494 [5432d864-00a4-4faa-be9e-870a49a37102@group-40D367ECEF96-LeaderElection45] INFO  impl.RoleInfo (RoleInfo.java:updateAndGet(143)) - 5432d864-00a4-4faa-be9e-870a49a37102: start FollowerState
2019-10-20 12:59:40,582 [Thread-860] INFO  impl.FollowerState (FollowerState.java:run(108)) - 5432d864-00a4-4faa-be9e-870a49a37102@group-40D367ECEF96-FollowerState: change to CANDIDATE, lastRpcTime:88ms, electionTimeout:88ms
2019-10-20 12:59:40,582 [Thread-860] INFO  impl.RoleInfo (RoleInfo.java:shutdownFollowerState(121)) - 5432d864-00a4-4faa-be9e-870a49a37102: shutdown FollowerState
2019-10-20 12:59:40,582 [Thread-860] INFO  impl.RaftServerImpl (RaftServerImpl.java:setRole(184)) - 5432d864-00a4-4faa-be9e-870a49a37102@group-40D367ECEF96: changes role from  FOLLOWER to CANDIDATE at term 45 for changeToCandidate
2019-10-20 12:59:40,583 [Thread-860] INFO  impl.RoleInfo (RoleInfo.java:updateAndGet(143)) - 5432d864-00a4-4faa-be9e-870a49a37102: start LeaderElection
2019-10-20 12:59:40,596 [5432d864-00a4-4faa-be9e-870a49a37102@group-40D367ECEF96-LeaderElection46] INFO  impl.LeaderElection (LeaderElection.java:askForVotes(178)) - 5432d864-00a4-4faa-be9e-870a49a37102@group-40D367ECEF96-LeaderElection46: begin an election at term 46 for 0: [5432d864-00a4-4faa-be9e-870a49a37102:192.168.157.204:42827, 314f41d3-e6bb-4e9d-a30b-79c862990eb1:192.168.157.204:38880, 12b54cff-467e-45e9-ac2a-409cdcf2b905:192.168.157.204:40598], old=null
2019-10-20 12:59:40,598 [grpc-default-executor-3] INFO  impl.RaftServerImpl (RaftServerImpl.java:setRole(184)) - 314f41d3-e6bb-4e9d-a30b-79c862990eb1@group-40D367ECEF96: changes role from  FOLLOWER to FOLLOWER at term 46 for recognizeCandidate:5432d864-00a4-4faa-be9e-870a49a37102
2019-10-20 12:59:40,598 [grpc-default-executor-7] INFO  impl.RaftServerImpl (RaftServerImpl.java:setRole(184)) - 12b54cff-467e-45e9-ac2a-409cdcf2b905@group-40D367ECEF96: changes role from  FOLLOWER to FOLLOWER at term 46 for recognizeCandidate:5432d864-00a4-4faa-be9e-870a49a37102
2019-10-20 12:59:40,598 [grpc-default-executor-3] INFO  impl.RoleInfo (RoleInfo.java:shutdownFollowerState(121)) - 314f41d3-e6bb-4e9d-a30b-79c862990eb1: shutdown FollowerState
2019-10-20 12:59:40,599 [grpc-default-executor-7] INFO  impl.RoleInfo (RoleInfo.java:shutdownFollowerState(121)) - 12b54cff-467e-45e9-ac2a-409cdcf2b905: shutdown FollowerState
2019-10-20 12:59:40,599 [Thread-858] INFO  impl.FollowerState (FollowerState.java:run(117)) - 314f41d3-e6bb-4e9d-a30b-79c862990eb1@group-40D367ECEF96-FollowerState was interrupted: java.lang.InterruptedException: sleep interrupted
2019-10-20 12:59:40,599 [grpc-default-executor-3] INFO  impl.RoleInfo (RoleInfo.java:updateAndGet(143)) - 314f41d3-e6bb-4e9d-a30b-79c862990eb1: start FollowerState
2019-10-20 12:59:40,599 [Thread-859] INFO  impl.FollowerState (FollowerState.java:run(117)) - 12b54cff-467e-45e9-ac2a-409cdcf2b905@group-40D367ECEF96-FollowerState was interrupted: java.lang.InterruptedException: sleep interrupted
2019-10-20 12:59:40,599 [grpc-default-executor-7] INFO  impl.RoleInfo (RoleInfo.java:updateAndGet(143)) - 12b54cff-467e-45e9-ac2a-409cdcf2b905: start FollowerState
2019-10-20 12:59:40,614 [5432d864-00a4-4faa-be9e-870a49a37102@group-40D367ECEF96-LeaderElection46] INFO  impl.LeaderElection (LeaderElection.java:logAndReturn(56)) - 5432d864-00a4-4faa-be9e-870a49a37102@group-40D367ECEF96-LeaderElection46: Election REJECTED; received 2 response(s) [5432d864-00a4-4faa-be9e-870a49a37102<-12b54cff-467e-45e9-ac2a-409cdcf2b905#0:FAIL-t46, 5432d864-00a4-4faa-be9e-870a49a37102<-314f41d3-e6bb-4e9d-a30b-79c862990eb1#0:FAIL-t46] and 0 exception(s); 5432d864-00a4-4faa-be9e-870a49a37102@group-40D367ECEF96:t46, leader=null, voted=5432d864-00a4-4faa-be9e-870a49a37102, raftlog=5432d864-00a4-4faa-be9e-870a49a37102@group-40D367ECEF96-SegmentedRaftLog:OPENED:c3,f4,i4, conf=0: [5432d864-00a4-4faa-be9e-870a49a37102:192.168.157.204:42827, 314f41d3-e6bb-4e9d-a30b-79c862990eb1:192.168.157.204:38880, 12b54cff-467e-45e9-ac2a-409cdcf2b905:192.168.157.204:40598], old=null
2019-10-20 12:59:40,614 [5432d864-00a4-4faa-be9e-870a49a37102@group-40D367ECEF96-LeaderElection46] INFO  impl.RaftServerImpl (RaftServerImpl.java:setRole(184)) - 5432d864-00a4-4faa-be9e-870a49a37102@group-40D367ECEF96: changes role from CANDIDATE to FOLLOWER at term 46 for DISCOVERED_A_NEW_TERM
2019-10-20 12:59:40,614 [5432d864-00a4-4faa-be9e-870a49a37102@group-40D367ECEF96-LeaderElection46] INFO  impl.RoleInfo (RoleInfo.java:shutdownLeaderElection(134)) - 5432d864-00a4-4faa-be9e-870a49a37102: shutdown LeaderElection
2019-10-20 12:59:40,614 [5432d864-00a4-4faa-be9e-870a49a37102@group-40D367ECEF96-LeaderElection46] INFO  impl.RoleInfo (RoleInfo.java:updateAndGet(143)) - 5432d864-00a4-4faa-be9e-870a49a37102: start FollowerState
2019-10-20 12:59:40,626 [Thread-866] INFO  impl.FollowerState (FollowerState.java:run(108)) - 5432d864-00a4-4faa-be9e-870a49a37102@group-40D367ECEF96-FollowerState: change to CANDIDATE, lastRpcTime:11ms, electionTimeout:11ms
2019-10-20 12:59:40,626 [Thread-866] INFO  impl.RoleInfo (RoleInfo.java:shutdownFollowerState(121)) - 5432d864-00a4-4faa-be9e-870a49a37102: shutdown FollowerState
2019-10-20 12:59:40,626 [Thread-866] INFO  impl.RaftServerImpl (RaftServerImpl.java:setRole(184)) - 5432d864-00a4-4faa-be9e-870a49a37102@group-40D367ECEF96: changes role from  FOLLOWER to CANDIDATE at term 46 for changeToCandidate
2019-10-20 12:59:40,626 [Thread-866] INFO  impl.RoleInfo (RoleInfo.java:updateAndGet(143)) - 5432d864-00a4-4faa-be9e-870a49a37102: start LeaderElection
2019-10-20 12:59:40,639 [5432d864-00a4-4faa-be9e-870a49a37102@group-40D367ECEF96-LeaderElection47] INFO  impl.LeaderElection (LeaderElection.java:askForVotes(178)) - 5432d864-00a4-4faa-be9e-870a49a37102@group-40D367ECEF96-LeaderElection47: begin an election at term 47 for 0: [5432d864-00a4-4faa-be9e-870a49a37102:192.168.157.204:42827, 314f41d3-e6bb-4e9d-a30b-79c862990eb1:192.168.157.204:38880, 12b54cff-467e-45e9-ac2a-409cdcf2b905:192.168.157.204:40598], old=null
2019-10-20 12:59:40,641 [grpc-default-executor-3] INFO  impl.RaftServerImpl (RaftServerImpl.java:setRole(184)) - 314f41d3-e6bb-4e9d-a30b-79c862990eb1@group-40D367ECEF96: changes role from  FOLLOWER to FOLLOWER at term 47 for recognizeCandidate:5432d864-00a4-4faa-be9e-870a49a37102
2019-10-20 12:59:40,641 [grpc-default-executor-7] INFO  impl.RaftServerImpl (RaftServerImpl.java:setRole(184)) - 12b54cff-467e-45e9-ac2a-409cdcf2b905@group-40D367ECEF96: changes role from  FOLLOWER to FOLLOWER at term 47 for recognizeCandidate:5432d864-00a4-4faa-be9e-870a49a37102
2019-10-20 12:59:40,641 [grpc-default-executor-3] INFO  impl.RoleInfo (RoleInfo.java:shutdownFollowerState(121)) - 314f41d3-e6bb-4e9d-a30b-79c862990eb1: shutdown FollowerState
2019-10-20 12:59:40,641 [grpc-default-executor-7] INFO  impl.RoleInfo (RoleInfo.java:shutdownFollowerState(121)) - 12b54cff-467e-45e9-ac2a-409cdcf2b905: shutdown FollowerState
2019-10-20 12:59:40,642 [Thread-864] INFO  impl.FollowerState (FollowerState.java:run(117)) - 314f41d3-e6bb-4e9d-a30b-79c862990eb1@group-40D367ECEF96-FollowerState was interrupted: java.lang.InterruptedException: sleep interrupted
2019-10-20 12:59:40,642 [grpc-default-executor-3] INFO  impl.RoleInfo (RoleInfo.java:updateAndGet(143)) - 314f41d3-e6bb-4e9d-a30b-79c862990eb1: start FollowerState
2019-10-20 12:59:40,642 [Thread-865] INFO  impl.FollowerState (FollowerState.java:run(117)) - 12b54cff-467e-45e9-ac2a-409cdcf2b905@group-40D367ECEF96-FollowerState was interrupted: java.lang.InterruptedException: sleep interrupted
2019-10-20 12:59:40,642 [grpc-default-executor-7] INFO  impl.RoleInfo (RoleInfo.java:updateAndGet(143)) - 12b54cff-467e-45e9-ac2a-409cdcf2b905: start FollowerState
2019-10-20 12:59:40,657 [5432d864-00a4-4faa-be9e-870a49a37102@group-40D367ECEF96-LeaderElection47] INFO  impl.LeaderElection (LeaderElection.java:logAndReturn(56)) - 5432d864-00a4-4faa-be9e-870a49a37102@group-40D367ECEF96-LeaderElection47: Election REJECTED; received 2 response(s) [5432d864-00a4-4faa-be9e-870a49a37102<-12b54cff-467e-45e9-ac2a-409cdcf2b905#0:FAIL-t47, 5432d864-00a4-4faa-be9e-870a49a37102<-314f41d3-e6bb-4e9d-a30b-79c862990eb1#0:FAIL-t47] and 0 exception(s); 5432d864-00a4-4faa-be9e-870a49a37102@group-40D367ECEF96:t47, leader=null, voted=5432d864-00a4-4faa-be9e-870a49a37102, raftlog=5432d864-00a4-4faa-be9e-870a49a37102@group-40D367ECEF96-SegmentedRaftLog:OPENED:c3,f4,i4, conf=0: [5432d864-00a4-4faa-be9e-870a49a37102:192.168.157.204:42827, 314f41d3-e6bb-4e9d-a30b-79c862990eb1:192.168.157.204:38880, 12b54cff-467e-45e9-ac2a-409cdcf2b905:192.168.157.204:40598], old=null
2019-10-20 12:59:40,657 [5432d864-00a4-4faa-be9e-870a49a37102@group-40D367ECEF96-LeaderElection47] INFO  impl.RaftServerImpl (RaftServerImpl.java:setRole(184)) - 5432d864-00a4-4faa-be9e-870a49a37102@group-40D367ECEF96: changes role from CANDIDATE to FOLLOWER at term 47 for DISCOVERED_A_NEW_TERM
2019-10-20 12:59:40,657 [5432d864-00a4-4faa-be9e-870a49a37102@group-40D367ECEF96-LeaderElection47] INFO  impl.RoleInfo (RoleInfo.java:shutdownLeaderElection(134)) - 5432d864-00a4-4faa-be9e-870a49a37102: shutdown LeaderElection
2019-10-20 12:59:40,657 [5432d864-00a4-4faa-be9e-870a49a37102@group-40D367ECEF96-LeaderElection47] INFO  impl.RoleInfo (RoleInfo.java:updateAndGet(143)) - 5432d864-00a4-4faa-be9e-870a49a37102: start FollowerState
2019-10-20 12:59:40,700 [Thread-872] INFO  impl.FollowerState (FollowerState.java:run(108)) - 5432d864-00a4-4faa-be9e-870a49a37102@group-40D367ECEF96-FollowerState: change to CANDIDATE, lastRpcTime:43ms, electionTimeout:43ms
2019-10-20 12:59:40,700 [Thread-872] INFO  impl.RoleInfo (RoleInfo.java:shutdownFollowerState(121)) - 5432d864-00a4-4faa-be9e-870a49a37102: shutdown FollowerState
2019-10-20 12:59:40,701 [Thread-872] INFO  impl.RaftServerImpl (RaftServerImpl.java:setRole(184)) - 5432d864-00a4-4faa-be9e-870a49a37102@group-40D367ECEF96: changes role from  FOLLOWER to CANDIDATE at term 47 for changeToCandidate
2019-10-20 12:59:40,701 [Thread-872] INFO  impl.RoleInfo (RoleInfo.java:updateAndGet(143)) - 5432d864-00a4-4faa-be9e-870a49a37102: start LeaderElection
2019-10-20 12:59:40,711 [5432d864-00a4-4faa-be9e-870a49a37102@group-40D367ECEF96-LeaderElection48] INFO  impl.LeaderElection (LeaderElection.java:askForVotes(178)) - 5432d864-00a4-4faa-be9e-870a49a37102@group-40D367ECEF96-LeaderElection48: begin an election at term 48 for 0: [5432d864-00a4-4faa-be9e-870a49a37102:192.168.157.204:42827, 314f41d3-e6bb-4e9d-a30b-79c862990eb1:192.168.157.204:38880, 12b54cff-467e-45e9-ac2a-409cdcf2b905:192.168.157.204:40598], old=null
2019-10-20 12:59:40,713 [Command processor thread] INFO  commandhandler.DeleteBlocksCommandHandler (DeleteBlocksCommandHandler.java:handle(106)) - Start to delete container blocks, TXIDs=[1(0)], numOfContainers=1, numOfBlocks=1
2019-10-20 12:59:40,713 [EventQueue-PendingDeleteStatusForPendingDeleteHandler] INFO  block.SCMBlockDeletingService (SCMBlockDeletingService.java:handlePendingDeletes(115)) - Block deletion txnID mismatch in datanode 5432d864-00a4-4faa-be9e-870a49a37102 for containerID 1. Datanode delete txnID: 0, SCM txnID: 1
2019-10-20 12:59:40,713 [Command processor thread] INFO  commandhandler.DeleteBlocksCommandHandler (DeleteBlocksCommandHandler.java:handle(106)) - Start to delete container blocks, TXIDs=[1(2)], numOfContainers=1, numOfBlocks=1
2019-10-20 12:59:40,714 [Command processor thread] INFO  commandhandler.DeleteBlocksCommandHandler (DeleteBlocksCommandHandler.java:handle(106)) - Start to delete container blocks, TXIDs=[1(0)], numOfContainers=1, numOfBlocks=1
2019-10-20 12:59:40,714 [Command processor thread] INFO  commandhandler.DeleteBlocksCommandHandler (DeleteBlocksCommandHandler.java:handle(106)) - Start to delete container blocks, TXIDs=[1(2)], numOfContainers=1, numOfBlocks=1
2019-10-20 12:59:40,714 [Command processor thread] INFO  commandhandler.DeleteBlocksCommandHandler (DeleteBlocksCommandHandler.java:handle(106)) - Start to delete container blocks, TXIDs=[1(2)], numOfContainers=1, numOfBlocks=1
2019-10-20 12:59:40,714 [Command processor thread] INFO  commandhandler.DeleteBlocksCommandHandler (DeleteBlocksCommandHandler.java:handle(106)) - Start to delete container blocks, TXIDs=[1(0)], numOfContainers=1, numOfBlocks=1
2019-10-20 12:59:40,715 [grpc-default-executor-7] INFO  impl.RaftServerImpl (RaftServerImpl.java:setRole(184)) - 12b54cff-467e-45e9-ac2a-409cdcf2b905@group-40D367ECEF96: changes role from  FOLLOWER to FOLLOWER at term 48 for recognizeCandidate:5432d864-00a4-4faa-be9e-870a49a37102
2019-10-20 12:59:40,715 [grpc-default-executor-7] INFO  impl.RoleInfo (RoleInfo.java:shutdownFollowerState(121)) - 12b54cff-467e-45e9-ac2a-409cdcf2b905: shutdown FollowerState
2019-10-20 12:59:40,715 [Command processor thread] INFO  commandhandler.DeleteBlocksCommandHandler (DeleteBlocksCommandHandler.java:handle(106)) - Start to delete container blocks, TXIDs=[1(0)], numOfContainers=1, numOfBlocks=1
2019-10-20 12:59:40,715 [grpc-default-executor-3] INFO  impl.RaftServerImpl (RaftServerImpl.java:setRole(184)) - 314f41d3-e6bb-4e9d-a30b-79c862990eb1@group-40D367ECEF96: changes role from  FOLLOWER to FOLLOWER at term 48 for recognizeCandidate:5432d864-00a4-4faa-be9e-870a49a37102
2019-10-20 12:59:40,715 [Command processor thread] INFO  commandhandler.DeleteBlocksCommandHandler (DeleteBlocksCommandHandler.java:handle(106)) - Start to delete container blocks, TXIDs=[1(2)], numOfContainers=1, numOfBlocks=1
2019-10-20 12:59:40,715 [Thread-871] INFO  impl.FollowerState (FollowerState.java:run(117)) - 12b54cff-467e-45e9-ac2a-409cdcf2b905@group-40D367ECEF96-FollowerState was interrupted: java.lang.InterruptedException: sleep interrupted
2019-10-20 12:59:40,715 [grpc-default-executor-7] INFO  impl.RoleInfo (RoleInfo.java:updateAndGet(143)) - 12b54cff-467e-45e9-ac2a-409cdcf2b905: start FollowerState
2019-10-20 12:59:40,715 [Command processor thread] INFO  commandhandler.DeleteBlocksCommandHandler (DeleteBlocksCommandHandler.java:handle(106)) - Start to delete container blocks, TXIDs=[1(2)], numOfContainers=1, numOfBlocks=1
2019-10-20 12:59:40,715 [grpc-default-executor-3] INFO  impl.RoleInfo (RoleInfo.java:shutdownFollowerState(121)) - 314f41d3-e6bb-4e9d-a30b-79c862990eb1: shutdown FollowerState
2019-10-20 12:59:40,716 [Command processor thread] INFO  commandhandler.DeleteBlocksCommandHandler (DeleteBlocksCommandHandler.java:handle(106)) - Start to delete container blocks, TXIDs=[1(2)], numOfContainers=1, numOfBlocks=1
2019-10-20 12:59:40,716 [grpc-default-executor-3] INFO  impl.RoleInfo (RoleInfo.java:updateAndGet(143)) - 314f41d3-e6bb-4e9d-a30b-79c862990eb1: start FollowerState
2019-10-20 12:59:40,716 [Command processor thread] INFO  commandhandler.DeleteBlocksCommandHandler (DeleteBlocksCommandHandler.java:handle(106)) - Start to delete container blocks, TXIDs=[1(0)], numOfContainers=1, numOfBlocks=1
2019-10-20 12:59:40,716 [Thread-870] INFO  impl.FollowerState (FollowerState.java:run(117)) - 314f41d3-e6bb-4e9d-a30b-79c862990eb1@group-40D367ECEF96-FollowerState was interrupted: java.lang.InterruptedException: sleep interrupted
2019-10-20 12:59:40,716 [Command processor thread] INFO  commandhandler.DeleteBlocksCommandHandler (DeleteBlocksCommandHandler.java:handle(106)) - Start to delete container blocks, TXIDs=[1(2)], numOfContainers=1, numOfBlocks=1
2019-10-20 12:59:40,717 [Command processor thread] INFO  commandhandler.DeleteBlocksCommandHandler (DeleteBlocksCommandHandler.java:handle(106)) - Start to delete container blocks, TXIDs=[1(2)], numOfContainers=1, numOfBlocks=1
2019-10-20 12:59:40,717 [Command processor thread] INFO  commandhandler.DeleteBlocksCommandHandler (DeleteBlocksCommandHandler.java:handle(106)) - Start to delete container blocks, TXIDs=[1(2)], numOfContainers=1, numOfBlocks=1
2019-10-20 12:59:40,717 [Command processor thread] INFO  commandhandler.DeleteBlocksCommandHandler (DeleteBlocksCommandHandler.java:handle(106)) - Start to delete container blocks, TXIDs=[1(2)], numOfContainers=1, numOfBlocks=1
2019-10-20 12:59:40,717 [Command processor thread] INFO  commandhandler.DeleteBlocksCommandHandler (DeleteBlocksCommandHandler.java:handle(106)) - Start to delete container blocks, TXIDs=[1(2)], numOfContainers=1, numOfBlocks=1
2019-10-20 12:59:40,718 [Command processor thread] INFO  commandhandler.DeleteBlocksCommandHandler (DeleteBlocksCommandHandler.java:handle(106)) - Start to delete container blocks, TXIDs=[1(0)], numOfContainers=1, numOfBlocks=1
2019-10-20 12:59:40,718 [Command processor thread] INFO  commandhandler.DeleteBlocksCommandHandler (DeleteBlocksCommandHandler.java:handle(106)) - Start to delete container blocks, TXIDs=[1(2)], numOfContainers=1, numOfBlocks=1
2019-10-20 12:59:40,718 [Command processor thread] INFO  commandhandler.DeleteBlocksCommandHandler (DeleteBlocksCommandHandler.java:handle(106)) - Start to delete container blocks, TXIDs=[1(2)], numOfContainers=1, numOfBlocks=1
2019-10-20 12:59:40,718 [Command processor thread] INFO  commandhandler.DeleteBlocksCommandHandler (DeleteBlocksCommandHandler.java:handle(106)) - Start to delete container blocks, TXIDs=[1(2)], numOfContainers=1, numOfBlocks=1
2019-10-20 12:59:40,719 [Command processor thread] INFO  commandhandler.DeleteBlocksCommandHandler (DeleteBlocksCommandHandler.java:handle(106)) - Start to delete container blocks, TXIDs=[1(2)], numOfContainers=1, numOfBlocks=1
2019-10-20 12:59:40,719 [Command processor thread] INFO  commandhandler.DeleteBlocksCommandHandler (DeleteBlocksCommandHandler.java:handle(106)) - Start to delete container blocks, TXIDs=[1(2)], numOfContainers=1, numOfBlocks=1
2019-10-20 12:59:40,719 [Command processor thread] INFO  commandhandler.DeleteBlocksCommandHandler (DeleteBlocksCommandHandler.java:handle(106)) - Start to delete container blocks, TXIDs=[1(0)], numOfContainers=1, numOfBlocks=1
2019-10-20 12:59:40,719 [Command processor thread] INFO  commandhandler.DeleteBlocksCommandHandler (DeleteBlocksCommandHandler.java:handle(106)) - Start to delete container blocks, TXIDs=[1(2)], numOfContainers=1, numOfBlocks=1
2019-10-20 12:59:40,720 [Command processor thread] INFO  commandhandler.DeleteBlocksCommandHandler (DeleteBlocksCommandHandler.java:handle(106)) - Start to delete container blocks, TXIDs=[1(2)], numOfContainers=1, numOfBlocks=1
2019-10-20 12:59:40,720 [Command processor thread] INFO  commandhandler.DeleteBlocksCommandHandler (DeleteBlocksCommandHandler.java:handle(106)) - Start to delete container blocks, TXIDs=[1(2)], numOfContainers=1, numOfBlocks=1
2019-10-20 12:59:40,720 [Command processor thread] INFO  commandhandler.DeleteBlocksCommandHandler (DeleteBlocksCommandHandler.java:handle(106)) - Start to delete container blocks, TXIDs=[1(2)], numOfContainers=1, numOfBlocks=1
2019-10-20 12:59:40,720 [Command processor thread] INFO  commandhandler.DeleteBlocksCommandHandler (DeleteBlocksCommandHandler.java:handle(106)) - Start to delete container blocks, TXIDs=[1(2)], numOfContainers=1, numOfBlocks=1
2019-10-20 12:59:40,721 [Command processor thread] INFO  commandhandler.DeleteBlocksCommandHandler (DeleteBlocksCommandHandler.java:handle(106)) - Start to delete container blocks, TXIDs=[1(0)], numOfContainers=1, numOfBlocks=1
2019-10-20 12:59:40,721 [Command processor thread] INFO  commandhandler.DeleteBlocksCommandHandler (DeleteBlocksCommandHandler.java:handle(106)) - Start to delete container blocks, TXIDs=[1(2)], numOfContainers=1, numOfBlocks=1
2019-10-20 12:59:40,721 [Command processor thread] INFO  commandhandler.DeleteBlocksCommandHandler (DeleteBlocksCommandHandler.java:handle(106)) - Start to delete container blocks, TXIDs=[1(2)], numOfContainers=1, numOfBlocks=1
2019-10-20 12:59:40,721 [Command processor thread] INFO  commandhandler.DeleteBlocksCommandHandler (DeleteBlocksCommandHandler.java:handle(106)) - Start to delete container blocks, TXIDs=[1(2)], numOfContainers=1, numOfBlocks=1
2019-10-20 12:59:40,721 [Command processor thread] INFO  commandhandler.DeleteBlocksCommandHandler (DeleteBlocksCommandHandler.java:handle(106)) - Start to delete container blocks, TXIDs=[1(2)], numOfContainers=1, numOfBlocks=1
2019-10-20 12:59:40,722 [Command processor thread] INFO  commandhandler.DeleteBlocksCommandHandler (DeleteBlocksCommandHandler.java:handle(106)) - Start to delete container blocks, TXIDs=[1(2)], numOfContainers=1, numOfBlocks=1
2019-10-20 12:59:40,722 [Command processor thread] INFO  commandhandler.DeleteBlocksCommandHandler (DeleteBlocksCommandHandler.java:handle(106)) - Start to delete container blocks, TXIDs=[1(2)], numOfContainers=1, numOfBlocks=1
2019-10-20 12:59:40,722 [Command processor thread] INFO  commandhandler.DeleteBlocksCommandHandler (DeleteBlocksCommandHandler.java:handle(106)) - Start to delete container blocks, TXIDs=[1(30)], numOfContainers=1, numOfBlocks=1
2019-10-20 12:59:40,731 [5432d864-00a4-4faa-be9e-870a49a37102@group-40D367ECEF96-LeaderElection48] INFO  impl.LeaderElection (LeaderElection.java:logAndReturn(56)) - 5432d864-00a4-4faa-be9e-870a49a37102@group-40D367ECEF96-LeaderElection48: Election REJECTED; received 2 response(s) [5432d864-00a4-4faa-be9e-870a49a37102<-12b54cff-467e-45e9-ac2a-409cdcf2b905#0:FAIL-t48, 5432d864-00a4-4faa-be9e-870a49a37102<-314f41d3-e6bb-4e9d-a30b-79c862990eb1#0:FAIL-t48] and 0 exception(s); 5432d864-00a4-4faa-be9e-870a49a37102@group-40D367ECEF96:t48, leader=null, voted=5432d864-00a4-4faa-be9e-870a49a37102, raftlog=5432d864-00a4-4faa-be9e-870a49a37102@group-40D367ECEF96-SegmentedRaftLog:OPENED:c3,f4,i4, conf=0: [5432d864-00a4-4faa-be9e-870a49a37102:192.168.157.204:42827, 314f41d3-e6bb-4e9d-a30b-79c862990eb1:192.168.157.204:38880, 12b54cff-467e-45e9-ac2a-409cdcf2b905:192.168.157.204:40598], old=null
2019-10-20 12:59:40,731 [5432d864-00a4-4faa-be9e-870a49a37102@group-40D367ECEF96-LeaderElection48] INFO  impl.RaftServerImpl (RaftServerImpl.java:setRole(184)) - 5432d864-00a4-4faa-be9e-870a49a37102@group-40D367ECEF96: changes role from CANDIDATE to FOLLOWER at term 48 for DISCOVERED_A_NEW_TERM
2019-10-20 12:59:40,731 [5432d864-00a4-4faa-be9e-870a49a37102@group-40D367ECEF96-LeaderElection48] INFO  impl.RoleInfo (RoleInfo.java:shutdownLeaderElection(134)) - 5432d864-00a4-4faa-be9e-870a49a37102: shutdown LeaderElection
2019-10-20 12:59:40,731 [5432d864-00a4-4faa-be9e-870a49a37102@group-40D367ECEF96-LeaderElection48] INFO  impl.RoleInfo (RoleInfo.java:updateAndGet(143)) - 5432d864-00a4-4faa-be9e-870a49a37102: start FollowerState
2019-10-20 12:59:40,814 [EventQueue-DeleteBlockStatusForDeletedBlockLogImpl] WARN  block.DeletedBlockLogImpl (DeletedBlockLogImpl.java:commitTransactions(205)) - Transaction txId=1 commit by dnId=5432d864-00a4-4faa-be9e-870a49a37102 for containerID=#1 failed. Corresponding entry not found.
2019-10-20 12:59:40,815 [EventQueue-DeleteBlockStatusForDeletedBlockLogImpl] WARN  block.DeletedBlockLogImpl (DeletedBlockLogImpl.java:commitTransactions(205)) - Transaction txId=1 commit by dnId=5432d864-00a4-4faa-be9e-870a49a37102 for containerID=#1 failed. Corresponding entry not found.
2019-10-20 12:59:40,815 [EventQueue-DeleteBlockStatusForDeletedBlockLogImpl] WARN  block.DeletedBlockLogImpl (DeletedBlockLogImpl.java:commitTransactions(205)) - Transaction txId=1 commit by dnId=5432d864-00a4-4faa-be9e-870a49a37102 for containerID=#1 failed. Corresponding entry not found.
2019-10-20 12:59:40,815 [EventQueue-DeleteBlockStatusForDeletedBlockLogImpl] WARN  block.DeletedBlockLogImpl (DeletedBlockLogImpl.java:commitTransactions(205)) - Transaction txId=1 commit by dnId=5432d864-00a4-4faa-be9e-870a49a37102 for containerID=#1 failed. Corresponding entry not found.
2019-10-20 12:59:40,815 [EventQueue-DeleteBlockStatusForDeletedBlockLogImpl] WARN  block.DeletedBlockLogImpl (DeletedBlockLogImpl.java:commitTransactions(205)) - Transaction txId=1 commit by dnId=5432d864-00a4-4faa-be9e-870a49a37102 for containerID=#1 failed. Corresponding entry not found.
2019-10-20 12:59:40,815 [EventQueue-DeleteBlockStatusForDeletedBlockLogImpl] WARN  block.DeletedBlockLogImpl (DeletedBlockLogImpl.java:commitTransactions(205)) - Transaction txId=1 commit by dnId=5432d864-00a4-4faa-be9e-870a49a37102 for containerID=#1 failed. Corresponding entry not found.
2019-10-20 12:59:40,816 [EventQueue-DeleteBlockStatusForDeletedBlockLogImpl] WARN  block.DeletedBlockLogImpl (DeletedBlockLogImpl.java:commitTransactions(205)) - Transaction txId=1 commit by dnId=5432d864-00a4-4faa-be9e-870a49a37102 for containerID=#1 failed. Corresponding entry not found.
2019-10-20 12:59:40,850 [Thread-879] INFO  impl.FollowerState (FollowerState.java:run(108)) - 5432d864-00a4-4faa-be9e-870a49a37102@group-40D367ECEF96-FollowerState: change to CANDIDATE, lastRpcTime:118ms, electionTimeout:118ms
2019-10-20 12:59:40,850 [Thread-879] INFO  impl.RoleInfo (RoleInfo.java:shutdownFollowerState(121)) - 5432d864-00a4-4faa-be9e-870a49a37102: shutdown FollowerState
2019-10-20 12:59:40,850 [Thread-879] INFO  impl.RaftServerImpl (RaftServerImpl.java:setRole(184)) - 5432d864-00a4-4faa-be9e-870a49a37102@group-40D367ECEF96: changes role from  FOLLOWER to CANDIDATE at term 48 for changeToCandidate
2019-10-20 12:59:40,850 [Thread-879] INFO  impl.RoleInfo (RoleInfo.java:updateAndGet(143)) - 5432d864-00a4-4faa-be9e-870a49a37102: start LeaderElection
2019-10-20 12:59:40,865 [5432d864-00a4-4faa-be9e-870a49a37102@group-40D367ECEF96-LeaderElection49] INFO  impl.LeaderElection (LeaderElection.java:askForVotes(178)) - 5432d864-00a4-4faa-be9e-870a49a37102@group-40D367ECEF96-LeaderElection49: begin an election at term 49 for 0: [5432d864-00a4-4faa-be9e-870a49a37102:192.168.157.204:42827, 314f41d3-e6bb-4e9d-a30b-79c862990eb1:192.168.157.204:38880, 12b54cff-467e-45e9-ac2a-409cdcf2b905:192.168.157.204:40598], old=null
2019-10-20 12:59:40,868 [grpc-default-executor-7] INFO  impl.RaftServerImpl (RaftServerImpl.java:setRole(184)) - 314f41d3-e6bb-4e9d-a30b-79c862990eb1@group-40D367ECEF96: changes role from  FOLLOWER to FOLLOWER at term 49 for recognizeCandidate:5432d864-00a4-4faa-be9e-870a49a37102
2019-10-20 12:59:40,868 [grpc-default-executor-3] INFO  impl.RaftServerImpl (RaftServerImpl.java:setRole(184)) - 12b54cff-467e-45e9-ac2a-409cdcf2b905@group-40D367ECEF96: changes role from  FOLLOWER to FOLLOWER at term 49 for recognizeCandidate:5432d864-00a4-4faa-be9e-870a49a37102
2019-10-20 12:59:40,868 [grpc-default-executor-7] INFO  impl.RoleInfo (RoleInfo.java:shutdownFollowerState(121)) - 314f41d3-e6bb-4e9d-a30b-79c862990eb1: shutdown FollowerState
2019-10-20 12:59:40,868 [grpc-default-executor-3] INFO  impl.RoleInfo (RoleInfo.java:shutdownFollowerState(121)) - 12b54cff-467e-45e9-ac2a-409cdcf2b905: shutdown FollowerState
2019-10-20 12:59:40,868 [Thread-878] INFO  impl.FollowerState (FollowerState.java:run(117)) - 314f41d3-e6bb-4e9d-a30b-79c862990eb1@group-40D367ECEF96-FollowerState was interrupted: java.lang.InterruptedException: sleep interrupted
2019-10-20 12:59:40,868 [grpc-default-executor-7] INFO  impl.RoleInfo (RoleInfo.java:updateAndGet(143)) - 314f41d3-e6bb-4e9d-a30b-79c862990eb1: start FollowerState
2019-10-20 12:59:40,868 [grpc-default-executor-3] INFO  impl.RoleInfo (RoleInfo.java:updateAndGet(143)) - 12b54cff-467e-45e9-ac2a-409cdcf2b905: start FollowerState
2019-10-20 12:59:40,868 [Thread-877] INFO  impl.FollowerState (FollowerState.java:run(117)) - 12b54cff-467e-45e9-ac2a-409cdcf2b905@group-40D367ECEF96-FollowerState was interrupted: java.lang.InterruptedException: sleep interrupted
2019-10-20 12:59:40,884 [5432d864-00a4-4faa-be9e-870a49a37102@group-40D367ECEF96-LeaderElection49] INFO  impl.LeaderElection (LeaderElection.java:logAndReturn(56)) - 5432d864-00a4-4faa-be9e-870a49a37102@group-40D367ECEF96-LeaderElection49: Election REJECTED; received 2 response(s) [5432d864-00a4-4faa-be9e-870a49a37102<-12b54cff-467e-45e9-ac2a-409cdcf2b905#0:FAIL-t49, 5432d864-00a4-4faa-be9e-870a49a37102<-314f41d3-e6bb-4e9d-a30b-79c862990eb1#0:FAIL-t49] and 0 exception(s); 5432d864-00a4-4faa-be9e-870a49a37102@group-40D367ECEF96:t49, leader=null, voted=5432d864-00a4-4faa-be9e-870a49a37102, raftlog=5432d864-00a4-4faa-be9e-870a49a37102@group-40D367ECEF96-SegmentedRaftLog:OPENED:c3,f4,i4, conf=0: [5432d864-00a4-4faa-be9e-870a49a37102:192.168.157.204:42827, 314f41d3-e6bb-4e9d-a30b-79c862990eb1:192.168.157.204:38880, 12b54cff-467e-45e9-ac2a-409cdcf2b905:192.168.157.204:40598], old=null
2019-10-20 12:59:40,884 [5432d864-00a4-4faa-be9e-870a49a37102@group-40D367ECEF96-LeaderElection49] INFO  impl.RaftServerImpl (RaftServerImpl.java:setRole(184)) - 5432d864-00a4-4faa-be9e-870a49a37102@group-40D367ECEF96: changes role from CANDIDATE to FOLLOWER at term 49 for DISCOVERED_A_NEW_TERM
2019-10-20 12:59:40,884 [5432d864-00a4-4faa-be9e-870a49a37102@group-40D367ECEF96-LeaderElection49] INFO  impl.RoleInfo (RoleInfo.java:shutdownLeaderElection(134)) - 5432d864-00a4-4faa-be9e-870a49a37102: shutdown LeaderElection
2019-10-20 12:59:40,884 [5432d864-00a4-4faa-be9e-870a49a37102@group-40D367ECEF96-LeaderElection49] INFO  impl.RoleInfo (RoleInfo.java:updateAndGet(143)) - 5432d864-00a4-4faa-be9e-870a49a37102: start FollowerState
2019-10-20 12:59:40,970 [Thread-887] INFO  client.GrpcClientProtocolService (GrpcClientProtocolService.java:lambda$processClientRequest$0(278)) - Failed RaftClientRequest:client-5F43918617A9->5432d864-00a4-4faa-be9e-870a49a37102@group-40D367ECEF96, cid=10, seq=0, Watch-ALL_COMMITTED(6), Message:<EMPTY>, reply=RaftClientReply:client-5F43918617A9->5432d864-00a4-4faa-be9e-870a49a37102@group-40D367ECEF96, cid=10, FAILED org.apache.ratis.protocol.NotLeaderException: Server 5432d864-00a4-4faa-be9e-870a49a37102@group-40D367ECEF96 is not the leader, logIndex=0, commits[5432d864-00a4-4faa-be9e-870a49a37102:c3]
2019-10-20 12:59:40,989 [Thread-885] INFO  impl.FollowerState (FollowerState.java:run(108)) - 5432d864-00a4-4faa-be9e-870a49a37102@group-40D367ECEF96-FollowerState: change to CANDIDATE, lastRpcTime:104ms, electionTimeout:104ms
2019-10-20 12:59:40,989 [Thread-885] INFO  impl.RoleInfo (RoleInfo.java:shutdownFollowerState(121)) - 5432d864-00a4-4faa-be9e-870a49a37102: shutdown FollowerState
2019-10-20 12:59:40,989 [Thread-885] INFO  impl.RaftServerImpl (RaftServerImpl.java:setRole(184)) - 5432d864-00a4-4faa-be9e-870a49a37102@group-40D367ECEF96: changes role from  FOLLOWER to CANDIDATE at term 49 for changeToCandidate
2019-10-20 12:59:40,989 [Thread-885] INFO  impl.RoleInfo (RoleInfo.java:updateAndGet(143)) - 5432d864-00a4-4faa-be9e-870a49a37102: start LeaderElection
2019-10-20 12:59:41,003 [5432d864-00a4-4faa-be9e-870a49a37102@group-40D367ECEF96-LeaderElection50] INFO  impl.LeaderElection (LeaderElection.java:askForVotes(178)) - 5432d864-00a4-4faa-be9e-870a49a37102@group-40D367ECEF96-LeaderElection50: begin an election at term 50 for 0: [5432d864-00a4-4faa-be9e-870a49a37102:192.168.157.204:42827, 314f41d3-e6bb-4e9d-a30b-79c862990eb1:192.168.157.204:38880, 12b54cff-467e-45e9-ac2a-409cdcf2b905:192.168.157.204:40598], old=null
2019-10-20 12:59:41,006 [grpc-default-executor-7] INFO  impl.RaftServerImpl (RaftServerImpl.java:setRole(184)) - 314f41d3-e6bb-4e9d-a30b-79c862990eb1@group-40D367ECEF96: changes role from  FOLLOWER to FOLLOWER at term 50 for recognizeCandidate:5432d864-00a4-4faa-be9e-870a49a37102
2019-10-20 12:59:41,006 [grpc-default-executor-7] INFO  impl.RoleInfo (RoleInfo.java:shutdownFollowerState(121)) - 314f41d3-e6bb-4e9d-a30b-79c862990eb1: shutdown FollowerState
2019-10-20 12:59:41,006 [grpc-default-executor-3] INFO  impl.RaftServerImpl (RaftServerImpl.java:setRole(184)) - 12b54cff-467e-45e9-ac2a-409cdcf2b905@group-40D367ECEF96: changes role from  FOLLOWER to FOLLOWER at term 50 for recognizeCandidate:5432d864-00a4-4faa-be9e-870a49a37102
2019-10-20 12:59:41,006 [Thread-883] INFO  impl.FollowerState (FollowerState.java:run(117)) - 314f41d3-e6bb-4e9d-a30b-79c862990eb1@group-40D367ECEF96-FollowerState was interrupted: java.lang.InterruptedException: sleep interrupted
2019-10-20 12:59:41,006 [grpc-default-executor-7] INFO  impl.RoleInfo (RoleInfo.java:updateAndGet(143)) - 314f41d3-e6bb-4e9d-a30b-79c862990eb1: start FollowerState
2019-10-20 12:59:41,006 [grpc-default-executor-3] INFO  impl.RoleInfo (RoleInfo.java:shutdownFollowerState(121)) - 12b54cff-467e-45e9-ac2a-409cdcf2b905: shutdown FollowerState
2019-10-20 12:59:41,007 [Thread-884] INFO  impl.FollowerState (FollowerState.java:run(117)) - 12b54cff-467e-45e9-ac2a-409cdcf2b905@group-40D367ECEF96-FollowerState was interrupted: java.lang.InterruptedException: sleep interrupted
2019-10-20 12:59:41,007 [grpc-default-executor-3] INFO  impl.RoleInfo (RoleInfo.java:updateAndGet(143)) - 12b54cff-467e-45e9-ac2a-409cdcf2b905: start FollowerState
2019-10-20 12:59:41,026 [5432d864-00a4-4faa-be9e-870a49a37102@group-40D367ECEF96-LeaderElection50] INFO  impl.LeaderElection (LeaderElection.java:logAndReturn(56)) - 5432d864-00a4-4faa-be9e-870a49a37102@group-40D367ECEF96-LeaderElection50: Election REJECTED; received 2 response(s) [5432d864-00a4-4faa-be9e-870a49a37102<-12b54cff-467e-45e9-ac2a-409cdcf2b905#0:FAIL-t50, 5432d864-00a4-4faa-be9e-870a49a37102<-314f41d3-e6bb-4e9d-a30b-79c862990eb1#0:FAIL-t50] and 0 exception(s); 5432d864-00a4-4faa-be9e-870a49a37102@group-40D367ECEF96:t50, leader=null, voted=5432d864-00a4-4faa-be9e-870a49a37102, raftlog=5432d864-00a4-4faa-be9e-870a49a37102@group-40D367ECEF96-SegmentedRaftLog:OPENED:c3,f4,i4, conf=0: [5432d864-00a4-4faa-be9e-870a49a37102:192.168.157.204:42827, 314f41d3-e6bb-4e9d-a30b-79c862990eb1:192.168.157.204:38880, 12b54cff-467e-45e9-ac2a-409cdcf2b905:192.168.157.204:40598], old=null
2019-10-20 12:59:41,026 [5432d864-00a4-4faa-be9e-870a49a37102@group-40D367ECEF96-LeaderElection50] INFO  impl.RaftServerImpl (RaftServerImpl.java:setRole(184)) - 5432d864-00a4-4faa-be9e-870a49a37102@group-40D367ECEF96: changes role from CANDIDATE to FOLLOWER at term 50 for DISCOVERED_A_NEW_TERM
2019-10-20 12:59:41,026 [5432d864-00a4-4faa-be9e-870a49a37102@group-40D367ECEF96-LeaderElection50] INFO  impl.RoleInfo (RoleInfo.java:shutdownLeaderElection(134)) - 5432d864-00a4-4faa-be9e-870a49a37102: shutdown LeaderElection
2019-10-20 12:59:41,027 [5432d864-00a4-4faa-be9e-870a49a37102@group-40D367ECEF96-LeaderElection50] INFO  impl.RoleInfo (RoleInfo.java:updateAndGet(143)) - 5432d864-00a4-4faa-be9e-870a49a37102: start FollowerState
2019-10-20 12:59:41,089 [Thread-894] INFO  impl.FollowerState (FollowerState.java:run(108)) - 5432d864-00a4-4faa-be9e-870a49a37102@group-40D367ECEF96-FollowerState: change to CANDIDATE, lastRpcTime:62ms, electionTimeout:62ms
2019-10-20 12:59:41,090 [Thread-894] INFO  impl.RoleInfo (RoleInfo.java:shutdownFollowerState(121)) - 5432d864-00a4-4faa-be9e-870a49a37102: shutdown FollowerState
2019-10-20 12:59:41,090 [Thread-894] INFO  impl.RaftServerImpl (RaftServerImpl.java:setRole(184)) - 5432d864-00a4-4faa-be9e-870a49a37102@group-40D367ECEF96: changes role from  FOLLOWER to CANDIDATE at term 50 for changeToCandidate
2019-10-20 12:59:41,091 [Thread-894] INFO  impl.RoleInfo (RoleInfo.java:updateAndGet(143)) - 5432d864-00a4-4faa-be9e-870a49a37102: start LeaderElection
2019-10-20 12:59:41,105 [5432d864-00a4-4faa-be9e-870a49a37102@group-40D367ECEF96-LeaderElection51] INFO  impl.LeaderElection (LeaderElection.java:askForVotes(178)) - 5432d864-00a4-4faa-be9e-870a49a37102@group-40D367ECEF96-LeaderElection51: begin an election at term 51 for 0: [5432d864-00a4-4faa-be9e-870a49a37102:192.168.157.204:42827, 314f41d3-e6bb-4e9d-a30b-79c862990eb1:192.168.157.204:38880, 12b54cff-467e-45e9-ac2a-409cdcf2b905:192.168.157.204:40598], old=null
2019-10-20 12:59:41,110 [grpc-default-executor-7] INFO  impl.RaftServerImpl (RaftServerImpl.java:setRole(184)) - 12b54cff-467e-45e9-ac2a-409cdcf2b905@group-40D367ECEF96: changes role from  FOLLOWER to FOLLOWER at term 51 for recognizeCandidate:5432d864-00a4-4faa-be9e-870a49a37102
2019-10-20 12:59:41,110 [grpc-default-executor-3] INFO  impl.RaftServerImpl (RaftServerImpl.java:setRole(184)) - 314f41d3-e6bb-4e9d-a30b-79c862990eb1@group-40D367ECEF96: changes role from  FOLLOWER to FOLLOWER at term 51 for recognizeCandidate:5432d864-00a4-4faa-be9e-870a49a37102
2019-10-20 12:59:41,110 [grpc-default-executor-7] INFO  impl.RoleInfo (RoleInfo.java:shutdownFollowerState(121)) - 12b54cff-467e-45e9-ac2a-409cdcf2b905: shutdown FollowerState
2019-10-20 12:59:41,110 [grpc-default-executor-3] INFO  impl.RoleInfo (RoleInfo.java:shutdownFollowerState(121)) - 314f41d3-e6bb-4e9d-a30b-79c862990eb1: shutdown FollowerState
2019-10-20 12:59:41,111 [grpc-default-executor-7] INFO  impl.RoleInfo (RoleInfo.java:updateAndGet(143)) - 12b54cff-467e-45e9-ac2a-409cdcf2b905: start FollowerState
2019-10-20 12:59:41,111 [Thread-892] INFO  impl.FollowerState (FollowerState.java:run(117)) - 314f41d3-e6bb-4e9d-a30b-79c862990eb1@group-40D367ECEF96-FollowerState was interrupted: java.lang.InterruptedException: sleep interrupted
2019-10-20 12:59:41,111 [Thread-893] INFO  impl.FollowerState (FollowerState.java:run(117)) - 12b54cff-467e-45e9-ac2a-409cdcf2b905@group-40D367ECEF96-FollowerState was interrupted: java.lang.InterruptedException: sleep interrupted
2019-10-20 12:59:41,111 [grpc-default-executor-3] INFO  impl.RoleInfo (RoleInfo.java:updateAndGet(143)) - 314f41d3-e6bb-4e9d-a30b-79c862990eb1: start FollowerState
2019-10-20 12:59:41,126 [5432d864-00a4-4faa-be9e-870a49a37102@group-40D367ECEF96-LeaderElection51] INFO  impl.LeaderElection (LeaderElection.java:logAndReturn(56)) - 5432d864-00a4-4faa-be9e-870a49a37102@group-40D367ECEF96-LeaderElection51: Election REJECTED; received 2 response(s) [5432d864-00a4-4faa-be9e-870a49a37102<-314f41d3-e6bb-4e9d-a30b-79c862990eb1#0:FAIL-t51, 5432d864-00a4-4faa-be9e-870a49a37102<-12b54cff-467e-45e9-ac2a-409cdcf2b905#0:FAIL-t51] and 0 exception(s); 5432d864-00a4-4faa-be9e-870a49a37102@group-40D367ECEF96:t51, leader=null, voted=5432d864-00a4-4faa-be9e-870a49a37102, raftlog=5432d864-00a4-4faa-be9e-870a49a37102@group-40D367ECEF96-SegmentedRaftLog:OPENED:c3,f4,i4, conf=0: [5432d864-00a4-4faa-be9e-870a49a37102:192.168.157.204:42827, 314f41d3-e6bb-4e9d-a30b-79c862990eb1:192.168.157.204:38880, 12b54cff-467e-45e9-ac2a-409cdcf2b905:192.168.157.204:40598], old=null
2019-10-20 12:59:41,126 [5432d864-00a4-4faa-be9e-870a49a37102@group-40D367ECEF96-LeaderElection51] INFO  impl.RaftServerImpl (RaftServerImpl.java:setRole(184)) - 5432d864-00a4-4faa-be9e-870a49a37102@group-40D367ECEF96: changes role from CANDIDATE to FOLLOWER at term 51 for DISCOVERED_A_NEW_TERM
2019-10-20 12:59:41,126 [5432d864-00a4-4faa-be9e-870a49a37102@group-40D367ECEF96-LeaderElection51] INFO  impl.RoleInfo (RoleInfo.java:shutdownLeaderElection(134)) - 5432d864-00a4-4faa-be9e-870a49a37102: shutdown LeaderElection
2019-10-20 12:59:41,126 [5432d864-00a4-4faa-be9e-870a49a37102@group-40D367ECEF96-LeaderElection51] INFO  impl.RoleInfo (RoleInfo.java:updateAndGet(143)) - 5432d864-00a4-4faa-be9e-870a49a37102: start FollowerState
2019-10-20 12:59:41,311 [Thread-900] INFO  impl.FollowerState (FollowerState.java:run(108)) - 5432d864-00a4-4faa-be9e-870a49a37102@group-40D367ECEF96-FollowerState: change to CANDIDATE, lastRpcTime:184ms, electionTimeout:184ms
2019-10-20 12:59:41,311 [Thread-900] INFO  impl.RoleInfo (RoleInfo.java:shutdownFollowerState(121)) - 5432d864-00a4-4faa-be9e-870a49a37102: shutdown FollowerState
2019-10-20 12:59:41,311 [Thread-900] INFO  impl.RaftServerImpl (RaftServerImpl.java:setRole(184)) - 5432d864-00a4-4faa-be9e-870a49a37102@group-40D367ECEF96: changes role from  FOLLOWER to CANDIDATE at term 51 for changeToCandidate
2019-10-20 12:59:41,311 [Thread-900] INFO  impl.RoleInfo (RoleInfo.java:updateAndGet(143)) - 5432d864-00a4-4faa-be9e-870a49a37102: start LeaderElection
2019-10-20 12:59:41,342 [5432d864-00a4-4faa-be9e-870a49a37102@group-40D367ECEF96-LeaderElection52] INFO  impl.LeaderElection (LeaderElection.java:askForVotes(178)) - 5432d864-00a4-4faa-be9e-870a49a37102@group-40D367ECEF96-LeaderElection52: begin an election at term 52 for 0: [5432d864-00a4-4faa-be9e-870a49a37102:192.168.157.204:42827, 314f41d3-e6bb-4e9d-a30b-79c862990eb1:192.168.157.204:38880, 12b54cff-467e-45e9-ac2a-409cdcf2b905:192.168.157.204:40598], old=null
2019-10-20 12:59:41,345 [grpc-default-executor-7] INFO  impl.RaftServerImpl (RaftServerImpl.java:setRole(184)) - 314f41d3-e6bb-4e9d-a30b-79c862990eb1@group-40D367ECEF96: changes role from  FOLLOWER to FOLLOWER at term 52 for recognizeCandidate:5432d864-00a4-4faa-be9e-870a49a37102
2019-10-20 12:59:41,345 [grpc-default-executor-7] INFO  impl.RoleInfo (RoleInfo.java:shutdownFollowerState(121)) - 314f41d3-e6bb-4e9d-a30b-79c862990eb1: shutdown FollowerState
2019-10-20 12:59:41,345 [grpc-default-executor-3] INFO  impl.RaftServerImpl (RaftServerImpl.java:setRole(184)) - 12b54cff-467e-45e9-ac2a-409cdcf2b905@group-40D367ECEF96: changes role from  FOLLOWER to FOLLOWER at term 52 for recognizeCandidate:5432d864-00a4-4faa-be9e-870a49a37102
2019-10-20 12:59:41,345 [Thread-899] INFO  impl.FollowerState (FollowerState.java:run(117)) - 314f41d3-e6bb-4e9d-a30b-79c862990eb1@group-40D367ECEF96-FollowerState was interrupted: java.lang.InterruptedException: sleep interrupted
2019-10-20 12:59:41,345 [grpc-default-executor-7] INFO  impl.RoleInfo (RoleInfo.java:updateAndGet(143)) - 314f41d3-e6bb-4e9d-a30b-79c862990eb1: start FollowerState
2019-10-20 12:59:41,345 [grpc-default-executor-3] INFO  impl.RoleInfo (RoleInfo.java:shutdownFollowerState(121)) - 12b54cff-467e-45e9-ac2a-409cdcf2b905: shutdown FollowerState
2019-10-20 12:59:41,346 [Thread-898] INFO  impl.FollowerState (FollowerState.java:run(117)) - 12b54cff-467e-45e9-ac2a-409cdcf2b905@group-40D367ECEF96-FollowerState was interrupted: java.lang.InterruptedException: sleep interrupted
2019-10-20 12:59:41,346 [grpc-default-executor-3] INFO  impl.RoleInfo (RoleInfo.java:updateAndGet(143)) - 12b54cff-467e-45e9-ac2a-409cdcf2b905: start FollowerState
2019-10-20 12:59:41,361 [5432d864-00a4-4faa-be9e-870a49a37102@group-40D367ECEF96-LeaderElection52] INFO  impl.LeaderElection (LeaderElection.java:logAndReturn(56)) - 5432d864-00a4-4faa-be9e-870a49a37102@group-40D367ECEF96-LeaderElection52: Election REJECTED; received 2 response(s) [5432d864-00a4-4faa-be9e-870a49a37102<-314f41d3-e6bb-4e9d-a30b-79c862990eb1#0:FAIL-t52, 5432d864-00a4-4faa-be9e-870a49a37102<-12b54cff-467e-45e9-ac2a-409cdcf2b905#0:FAIL-t52] and 0 exception(s); 5432d864-00a4-4faa-be9e-870a49a37102@group-40D367ECEF96:t52, leader=null, voted=5432d864-00a4-4faa-be9e-870a49a37102, raftlog=5432d864-00a4-4faa-be9e-870a49a37102@group-40D367ECEF96-SegmentedRaftLog:OPENED:c3,f4,i4, conf=0: [5432d864-00a4-4faa-be9e-870a49a37102:192.168.157.204:42827, 314f41d3-e6bb-4e9d-a30b-79c862990eb1:192.168.157.204:38880, 12b54cff-467e-45e9-ac2a-409cdcf2b905:192.168.157.204:40598], old=null
2019-10-20 12:59:41,361 [5432d864-00a4-4faa-be9e-870a49a37102@group-40D367ECEF96-LeaderElection52] INFO  impl.RaftServerImpl (RaftServerImpl.java:setRole(184)) - 5432d864-00a4-4faa-be9e-870a49a37102@group-40D367ECEF96: changes role from CANDIDATE to FOLLOWER at term 52 for DISCOVERED_A_NEW_TERM
2019-10-20 12:59:41,361 [5432d864-00a4-4faa-be9e-870a49a37102@group-40D367ECEF96-LeaderElection52] INFO  impl.RoleInfo (RoleInfo.java:shutdownLeaderElection(134)) - 5432d864-00a4-4faa-be9e-870a49a37102: shutdown LeaderElection
2019-10-20 12:59:41,361 [5432d864-00a4-4faa-be9e-870a49a37102@group-40D367ECEF96-LeaderElection52] INFO  impl.RoleInfo (RoleInfo.java:updateAndGet(143)) - 5432d864-00a4-4faa-be9e-870a49a37102: start FollowerState
2019-10-20 12:59:41,379 [BlockDeletingService#2] WARN  background.BlockDeletingService (BlockDeletingService.java:isDeletionAllowed(187)) - Close Container log Index 6 is not replicated across allthe servers in the pipeline c8578440-42c5-4fb7-aa2b-40d367ecef96 as the min replicated index is 4. Deletion is not allowed in this container yet.
2019-10-20 12:59:41,379 [BlockDeletingService#2] WARN  background.BlockDeletingService (BlockDeletingService.java:isDeletionAllowed(187)) - Close Container log Index 6 is not replicated across allthe servers in the pipeline c8578440-42c5-4fb7-aa2b-40d367ecef96 as the min replicated index is 4. Deletion is not allowed in this container yet.
2019-10-20 12:59:41,487 [Thread-906] INFO  impl.FollowerState (FollowerState.java:run(108)) - 5432d864-00a4-4faa-be9e-870a49a37102@group-40D367ECEF96-FollowerState: change to CANDIDATE, lastRpcTime:125ms, electionTimeout:125ms
2019-10-20 12:59:41,487 [Thread-906] INFO  impl.RoleInfo (RoleInfo.java:shutdownFollowerState(121)) - 5432d864-00a4-4faa-be9e-870a49a37102: shutdown FollowerState
2019-10-20 12:59:41,487 [Thread-906] INFO  impl.RaftServerImpl (RaftServerImpl.java:setRole(184)) - 5432d864-00a4-4faa-be9e-870a49a37102@group-40D367ECEF96: changes role from  FOLLOWER to CANDIDATE at term 52 for changeToCandidate
2019-10-20 12:59:41,487 [Thread-906] INFO  impl.RoleInfo (RoleInfo.java:updateAndGet(143)) - 5432d864-00a4-4faa-be9e-870a49a37102: start LeaderElection
2019-10-20 12:59:41,501 [5432d864-00a4-4faa-be9e-870a49a37102@group-40D367ECEF96-LeaderElection53] INFO  impl.LeaderElection (LeaderElection.java:askForVotes(178)) - 5432d864-00a4-4faa-be9e-870a49a37102@group-40D367ECEF96-LeaderElection53: begin an election at term 53 for 0: [5432d864-00a4-4faa-be9e-870a49a37102:192.168.157.204:42827, 314f41d3-e6bb-4e9d-a30b-79c862990eb1:192.168.157.204:38880, 12b54cff-467e-45e9-ac2a-409cdcf2b905:192.168.157.204:40598], old=null
2019-10-20 12:59:41,503 [grpc-default-executor-7] INFO  impl.RaftServerImpl (RaftServerImpl.java:setRole(184)) - 314f41d3-e6bb-4e9d-a30b-79c862990eb1@group-40D367ECEF96: changes role from  FOLLOWER to FOLLOWER at term 53 for recognizeCandidate:5432d864-00a4-4faa-be9e-870a49a37102
2019-10-20 12:59:41,504 [grpc-default-executor-7] INFO  impl.RoleInfo (RoleInfo.java:shutdownFollowerState(121)) - 314f41d3-e6bb-4e9d-a30b-79c862990eb1: shutdown FollowerState
2019-10-20 12:59:41,504 [grpc-default-executor-7] INFO  impl.RoleInfo (RoleInfo.java:updateAndGet(143)) - 314f41d3-e6bb-4e9d-a30b-79c862990eb1: start FollowerState
2019-10-20 12:59:41,504 [Thread-904] INFO  impl.FollowerState (FollowerState.java:run(117)) - 314f41d3-e6bb-4e9d-a30b-79c862990eb1@group-40D367ECEF96-FollowerState was interrupted: java.lang.InterruptedException: sleep interrupted
2019-10-20 12:59:41,504 [grpc-default-executor-3] INFO  impl.RaftServerImpl (RaftServerImpl.java:setRole(184)) - 12b54cff-467e-45e9-ac2a-409cdcf2b905@group-40D367ECEF96: changes role from  FOLLOWER to FOLLOWER at term 53 for recognizeCandidate:5432d864-00a4-4faa-be9e-870a49a37102
2019-10-20 12:59:41,504 [grpc-default-executor-3] INFO  impl.RoleInfo (RoleInfo.java:shutdownFollowerState(121)) - 12b54cff-467e-45e9-ac2a-409cdcf2b905: shutdown FollowerState
2019-10-20 12:59:41,504 [Thread-905] INFO  impl.FollowerState (FollowerState.java:run(117)) - 12b54cff-467e-45e9-ac2a-409cdcf2b905@group-40D367ECEF96-FollowerState was interrupted: java.lang.InterruptedException: sleep interrupted
2019-10-20 12:59:41,504 [grpc-default-executor-3] INFO  impl.RoleInfo (RoleInfo.java:updateAndGet(143)) - 12b54cff-467e-45e9-ac2a-409cdcf2b905: start FollowerState
2019-10-20 12:59:41,518 [5432d864-00a4-4faa-be9e-870a49a37102@group-40D367ECEF96-LeaderElection53] INFO  impl.LeaderElection (LeaderElection.java:logAndReturn(56)) - 5432d864-00a4-4faa-be9e-870a49a37102@group-40D367ECEF96-LeaderElection53: Election REJECTED; received 2 response(s) [5432d864-00a4-4faa-be9e-870a49a37102<-12b54cff-467e-45e9-ac2a-409cdcf2b905#0:FAIL-t53, 5432d864-00a4-4faa-be9e-870a49a37102<-314f41d3-e6bb-4e9d-a30b-79c862990eb1#0:FAIL-t53] and 0 exception(s); 5432d864-00a4-4faa-be9e-870a49a37102@group-40D367ECEF96:t53, leader=null, voted=5432d864-00a4-4faa-be9e-870a49a37102, raftlog=5432d864-00a4-4faa-be9e-870a49a37102@group-40D367ECEF96-SegmentedRaftLog:OPENED:c3,f4,i4, conf=0: [5432d864-00a4-4faa-be9e-870a49a37102:192.168.157.204:42827, 314f41d3-e6bb-4e9d-a30b-79c862990eb1:192.168.157.204:38880, 12b54cff-467e-45e9-ac2a-409cdcf2b905:192.168.157.204:40598], old=null
2019-10-20 12:59:41,519 [5432d864-00a4-4faa-be9e-870a49a37102@group-40D367ECEF96-LeaderElection53] INFO  impl.RaftServerImpl (RaftServerImpl.java:setRole(184)) - 5432d864-00a4-4faa-be9e-870a49a37102@group-40D367ECEF96: changes role from CANDIDATE to FOLLOWER at term 53 for DISCOVERED_A_NEW_TERM
2019-10-20 12:59:41,519 [5432d864-00a4-4faa-be9e-870a49a37102@group-40D367ECEF96-LeaderElection53] INFO  impl.RoleInfo (RoleInfo.java:shutdownLeaderElection(134)) - 5432d864-00a4-4faa-be9e-870a49a37102: shutdown LeaderElection
2019-10-20 12:59:41,519 [5432d864-00a4-4faa-be9e-870a49a37102@group-40D367ECEF96-LeaderElection53] INFO  impl.RoleInfo (RoleInfo.java:updateAndGet(143)) - 5432d864-00a4-4faa-be9e-870a49a37102: start FollowerState
2019-10-20 12:59:41,549 [Thread-914] INFO  impl.FollowerState (FollowerState.java:run(108)) - 5432d864-00a4-4faa-be9e-870a49a37102@group-40D367ECEF96-FollowerState: change to CANDIDATE, lastRpcTime:30ms, electionTimeout:30ms
2019-10-20 12:59:41,549 [Thread-914] INFO  impl.RoleInfo (RoleInfo.java:shutdownFollowerState(121)) - 5432d864-00a4-4faa-be9e-870a49a37102: shutdown FollowerState
2019-10-20 12:59:41,550 [Thread-914] INFO  impl.RaftServerImpl (RaftServerImpl.java:setRole(184)) - 5432d864-00a4-4faa-be9e-870a49a37102@group-40D367ECEF96: changes role from  FOLLOWER to CANDIDATE at term 53 for changeToCandidate
2019-10-20 12:59:41,550 [Thread-914] INFO  impl.RoleInfo (RoleInfo.java:updateAndGet(143)) - 5432d864-00a4-4faa-be9e-870a49a37102: start LeaderElection
2019-10-20 12:59:41,563 [5432d864-00a4-4faa-be9e-870a49a37102@group-40D367ECEF96-LeaderElection54] INFO  impl.LeaderElection (LeaderElection.java:askForVotes(178)) - 5432d864-00a4-4faa-be9e-870a49a37102@group-40D367ECEF96-LeaderElection54: begin an election at term 54 for 0: [5432d864-00a4-4faa-be9e-870a49a37102:192.168.157.204:42827, 314f41d3-e6bb-4e9d-a30b-79c862990eb1:192.168.157.204:38880, 12b54cff-467e-45e9-ac2a-409cdcf2b905:192.168.157.204:40598], old=null
2019-10-20 12:59:41,566 [grpc-default-executor-3] INFO  impl.RaftServerImpl (RaftServerImpl.java:setRole(184)) - 314f41d3-e6bb-4e9d-a30b-79c862990eb1@group-40D367ECEF96: changes role from  FOLLOWER to FOLLOWER at term 54 for recognizeCandidate:5432d864-00a4-4faa-be9e-870a49a37102
2019-10-20 12:59:41,566 [grpc-default-executor-7] INFO  impl.RaftServerImpl (RaftServerImpl.java:setRole(184)) - 12b54cff-467e-45e9-ac2a-409cdcf2b905@group-40D367ECEF96: changes role from  FOLLOWER to FOLLOWER at term 54 for recognizeCandidate:5432d864-00a4-4faa-be9e-870a49a37102
2019-10-20 12:59:41,566 [grpc-default-executor-3] INFO  impl.RoleInfo (RoleInfo.java:shutdownFollowerState(121)) - 314f41d3-e6bb-4e9d-a30b-79c862990eb1: shutdown FollowerState
2019-10-20 12:59:41,566 [grpc-default-executor-7] INFO  impl.RoleInfo (RoleInfo.java:shutdownFollowerState(121)) - 12b54cff-467e-45e9-ac2a-409cdcf2b905: shutdown FollowerState
2019-10-20 12:59:41,566 [grpc-default-executor-3] INFO  impl.RoleInfo (RoleInfo.java:updateAndGet(143)) - 314f41d3-e6bb-4e9d-a30b-79c862990eb1: start FollowerState
2019-10-20 12:59:41,567 [Thread-913] INFO  impl.FollowerState (FollowerState.java:run(117)) - 12b54cff-467e-45e9-ac2a-409cdcf2b905@group-40D367ECEF96-FollowerState was interrupted: java.lang.InterruptedException: sleep interrupted
2019-10-20 12:59:41,567 [Thread-912] INFO  impl.FollowerState (FollowerState.java:run(117)) - 314f41d3-e6bb-4e9d-a30b-79c862990eb1@group-40D367ECEF96-FollowerState was interrupted: java.lang.InterruptedException: sleep interrupted
2019-10-20 12:59:41,567 [grpc-default-executor-7] INFO  impl.RoleInfo (RoleInfo.java:updateAndGet(143)) - 12b54cff-467e-45e9-ac2a-409cdcf2b905: start FollowerState
2019-10-20 12:59:41,585 [5432d864-00a4-4faa-be9e-870a49a37102@group-40D367ECEF96-LeaderElection54] INFO  impl.LeaderElection (LeaderElection.java:logAndReturn(56)) - 5432d864-00a4-4faa-be9e-870a49a37102@group-40D367ECEF96-LeaderElection54: Election REJECTED; received 2 response(s) [5432d864-00a4-4faa-be9e-870a49a37102<-12b54cff-467e-45e9-ac2a-409cdcf2b905#0:FAIL-t54, 5432d864-00a4-4faa-be9e-870a49a37102<-314f41d3-e6bb-4e9d-a30b-79c862990eb1#0:FAIL-t54] and 0 exception(s); 5432d864-00a4-4faa-be9e-870a49a37102@group-40D367ECEF96:t54, leader=null, voted=5432d864-00a4-4faa-be9e-870a49a37102, raftlog=5432d864-00a4-4faa-be9e-870a49a37102@group-40D367ECEF96-SegmentedRaftLog:OPENED:c3,f4,i4, conf=0: [5432d864-00a4-4faa-be9e-870a49a37102:192.168.157.204:42827, 314f41d3-e6bb-4e9d-a30b-79c862990eb1:192.168.157.204:38880, 12b54cff-467e-45e9-ac2a-409cdcf2b905:192.168.157.204:40598], old=null
2019-10-20 12:59:41,585 [5432d864-00a4-4faa-be9e-870a49a37102@group-40D367ECEF96-LeaderElection54] INFO  impl.RaftServerImpl (RaftServerImpl.java:setRole(184)) - 5432d864-00a4-4faa-be9e-870a49a37102@group-40D367ECEF96: changes role from CANDIDATE to FOLLOWER at term 54 for DISCOVERED_A_NEW_TERM
2019-10-20 12:59:41,586 [5432d864-00a4-4faa-be9e-870a49a37102@group-40D367ECEF96-LeaderElection54] INFO  impl.RoleInfo (RoleInfo.java:shutdownLeaderElection(134)) - 5432d864-00a4-4faa-be9e-870a49a37102: shutdown LeaderElection
2019-10-20 12:59:41,586 [5432d864-00a4-4faa-be9e-870a49a37102@group-40D367ECEF96-LeaderElection54] INFO  impl.RoleInfo (RoleInfo.java:updateAndGet(143)) - 5432d864-00a4-4faa-be9e-870a49a37102: start FollowerState
2019-10-20 12:59:41,646 [Thread-920] INFO  impl.FollowerState (FollowerState.java:run(108)) - 5432d864-00a4-4faa-be9e-870a49a37102@group-40D367ECEF96-FollowerState: change to CANDIDATE, lastRpcTime:60ms, electionTimeout:60ms
2019-10-20 12:59:41,646 [Thread-920] INFO  impl.RoleInfo (RoleInfo.java:shutdownFollowerState(121)) - 5432d864-00a4-4faa-be9e-870a49a37102: shutdown FollowerState
2019-10-20 12:59:41,646 [Thread-920] INFO  impl.RaftServerImpl (RaftServerImpl.java:setRole(184)) - 5432d864-00a4-4faa-be9e-870a49a37102@group-40D367ECEF96: changes role from  FOLLOWER to CANDIDATE at term 54 for changeToCandidate
2019-10-20 12:59:41,647 [Thread-920] INFO  impl.RoleInfo (RoleInfo.java:updateAndGet(143)) - 5432d864-00a4-4faa-be9e-870a49a37102: start LeaderElection
2019-10-20 12:59:41,660 [5432d864-00a4-4faa-be9e-870a49a37102@group-40D367ECEF96-LeaderElection55] INFO  impl.LeaderElection (LeaderElection.java:askForVotes(178)) - 5432d864-00a4-4faa-be9e-870a49a37102@group-40D367ECEF96-LeaderElection55: begin an election at term 55 for 0: [5432d864-00a4-4faa-be9e-870a49a37102:192.168.157.204:42827, 314f41d3-e6bb-4e9d-a30b-79c862990eb1:192.168.157.204:38880, 12b54cff-467e-45e9-ac2a-409cdcf2b905:192.168.157.204:40598], old=null
2019-10-20 12:59:41,662 [grpc-default-executor-3] INFO  impl.RaftServerImpl (RaftServerImpl.java:setRole(184)) - 314f41d3-e6bb-4e9d-a30b-79c862990eb1@group-40D367ECEF96: changes role from  FOLLOWER to FOLLOWER at term 55 for recognizeCandidate:5432d864-00a4-4faa-be9e-870a49a37102
2019-10-20 12:59:41,663 [grpc-default-executor-3] INFO  impl.RoleInfo (RoleInfo.java:shutdownFollowerState(121)) - 314f41d3-e6bb-4e9d-a30b-79c862990eb1: shutdown FollowerState
2019-10-20 12:59:41,663 [Thread-918] INFO  impl.FollowerState (FollowerState.java:run(117)) - 314f41d3-e6bb-4e9d-a30b-79c862990eb1@group-40D367ECEF96-FollowerState was interrupted: java.lang.InterruptedException: sleep interrupted
2019-10-20 12:59:41,663 [grpc-default-executor-7] INFO  impl.RaftServerImpl (RaftServerImpl.java:setRole(184)) - 12b54cff-467e-45e9-ac2a-409cdcf2b905@group-40D367ECEF96: changes role from  FOLLOWER to FOLLOWER at term 55 for recognizeCandidate:5432d864-00a4-4faa-be9e-870a49a37102
2019-10-20 12:59:41,663 [grpc-default-executor-3] INFO  impl.RoleInfo (RoleInfo.java:updateAndGet(143)) - 314f41d3-e6bb-4e9d-a30b-79c862990eb1: start FollowerState
2019-10-20 12:59:41,663 [grpc-default-executor-7] INFO  impl.RoleInfo (RoleInfo.java:shutdownFollowerState(121)) - 12b54cff-467e-45e9-ac2a-409cdcf2b905: shutdown FollowerState
2019-10-20 12:59:41,664 [grpc-default-executor-7] INFO  impl.RoleInfo (RoleInfo.java:updateAndGet(143)) - 12b54cff-467e-45e9-ac2a-409cdcf2b905: start FollowerState
2019-10-20 12:59:41,664 [Thread-919] INFO  impl.FollowerState (FollowerState.java:run(117)) - 12b54cff-467e-45e9-ac2a-409cdcf2b905@group-40D367ECEF96-FollowerState was interrupted: java.lang.InterruptedException: sleep interrupted
2019-10-20 12:59:41,678 [5432d864-00a4-4faa-be9e-870a49a37102@group-40D367ECEF96-LeaderElection55] INFO  impl.LeaderElection (LeaderElection.java:logAndReturn(56)) - 5432d864-00a4-4faa-be9e-870a49a37102@group-40D367ECEF96-LeaderElection55: Election REJECTED; received 2 response(s) [5432d864-00a4-4faa-be9e-870a49a37102<-314f41d3-e6bb-4e9d-a30b-79c862990eb1#0:FAIL-t55, 5432d864-00a4-4faa-be9e-870a49a37102<-12b54cff-467e-45e9-ac2a-409cdcf2b905#0:FAIL-t55] and 0 exception(s); 5432d864-00a4-4faa-be9e-870a49a37102@group-40D367ECEF96:t55, leader=null, voted=5432d864-00a4-4faa-be9e-870a49a37102, raftlog=5432d864-00a4-4faa-be9e-870a49a37102@group-40D367ECEF96-SegmentedRaftLog:OPENED:c3,f4,i4, conf=0: [5432d864-00a4-4faa-be9e-870a49a37102:192.168.157.204:42827, 314f41d3-e6bb-4e9d-a30b-79c862990eb1:192.168.157.204:38880, 12b54cff-467e-45e9-ac2a-409cdcf2b905:192.168.157.204:40598], old=null
2019-10-20 12:59:41,678 [5432d864-00a4-4faa-be9e-870a49a37102@group-40D367ECEF96-LeaderElection55] INFO  impl.RaftServerImpl (RaftServerImpl.java:setRole(184)) - 5432d864-00a4-4faa-be9e-870a49a37102@group-40D367ECEF96: changes role from CANDIDATE to FOLLOWER at term 55 for DISCOVERED_A_NEW_TERM
2019-10-20 12:59:41,678 [5432d864-00a4-4faa-be9e-870a49a37102@group-40D367ECEF96-LeaderElection55] INFO  impl.RoleInfo (RoleInfo.java:shutdownLeaderElection(134)) - 5432d864-00a4-4faa-be9e-870a49a37102: shutdown LeaderElection
2019-10-20 12:59:41,678 [5432d864-00a4-4faa-be9e-870a49a37102@group-40D367ECEF96-LeaderElection55] INFO  impl.RoleInfo (RoleInfo.java:updateAndGet(143)) - 5432d864-00a4-4faa-be9e-870a49a37102: start FollowerState
2019-10-20 12:59:41,806 [Thread-926] INFO  impl.FollowerState (FollowerState.java:run(108)) - 5432d864-00a4-4faa-be9e-870a49a37102@group-40D367ECEF96-FollowerState: change to CANDIDATE, lastRpcTime:127ms, electionTimeout:127ms
2019-10-20 12:59:41,806 [Thread-926] INFO  impl.RoleInfo (RoleInfo.java:shutdownFollowerState(121)) - 5432d864-00a4-4faa-be9e-870a49a37102: shutdown FollowerState
2019-10-20 12:59:41,806 [Thread-926] INFO  impl.RaftServerImpl (RaftServerImpl.java:setRole(184)) - 5432d864-00a4-4faa-be9e-870a49a37102@group-40D367ECEF96: changes role from  FOLLOWER to CANDIDATE at term 55 for changeToCandidate
2019-10-20 12:59:41,806 [Thread-926] INFO  impl.RoleInfo (RoleInfo.java:updateAndGet(143)) - 5432d864-00a4-4faa-be9e-870a49a37102: start LeaderElection
2019-10-20 12:59:41,820 [5432d864-00a4-4faa-be9e-870a49a37102@group-40D367ECEF96-LeaderElection56] INFO  impl.LeaderElection (LeaderElection.java:askForVotes(178)) - 5432d864-00a4-4faa-be9e-870a49a37102@group-40D367ECEF96-LeaderElection56: begin an election at term 56 for 0: [5432d864-00a4-4faa-be9e-870a49a37102:192.168.157.204:42827, 314f41d3-e6bb-4e9d-a30b-79c862990eb1:192.168.157.204:38880, 12b54cff-467e-45e9-ac2a-409cdcf2b905:192.168.157.204:40598], old=null
2019-10-20 12:59:41,823 [grpc-default-executor-7] INFO  impl.RaftServerImpl (RaftServerImpl.java:setRole(184)) - 314f41d3-e6bb-4e9d-a30b-79c862990eb1@group-40D367ECEF96: changes role from  FOLLOWER to FOLLOWER at term 56 for recognizeCandidate:5432d864-00a4-4faa-be9e-870a49a37102
2019-10-20 12:59:41,823 [grpc-default-executor-7] INFO  impl.RoleInfo (RoleInfo.java:shutdownFollowerState(121)) - 314f41d3-e6bb-4e9d-a30b-79c862990eb1: shutdown FollowerState
2019-10-20 12:59:41,823 [grpc-default-executor-7] INFO  impl.RoleInfo (RoleInfo.java:updateAndGet(143)) - 314f41d3-e6bb-4e9d-a30b-79c862990eb1: start FollowerState
2019-10-20 12:59:41,823 [Thread-924] INFO  impl.FollowerState (FollowerState.java:run(117)) - 314f41d3-e6bb-4e9d-a30b-79c862990eb1@group-40D367ECEF96-FollowerState was interrupted: java.lang.InterruptedException: sleep interrupted
2019-10-20 12:59:41,823 [grpc-default-executor-3] INFO  impl.RaftServerImpl (RaftServerImpl.java:setRole(184)) - 12b54cff-467e-45e9-ac2a-409cdcf2b905@group-40D367ECEF96: changes role from  FOLLOWER to FOLLOWER at term 56 for recognizeCandidate:5432d864-00a4-4faa-be9e-870a49a37102
2019-10-20 12:59:41,823 [grpc-default-executor-3] INFO  impl.RoleInfo (RoleInfo.java:shutdownFollowerState(121)) - 12b54cff-467e-45e9-ac2a-409cdcf2b905: shutdown FollowerState
2019-10-20 12:59:41,824 [grpc-default-executor-3] INFO  impl.RoleInfo (RoleInfo.java:updateAndGet(143)) - 12b54cff-467e-45e9-ac2a-409cdcf2b905: start FollowerState
2019-10-20 12:59:41,824 [Thread-925] INFO  impl.FollowerState (FollowerState.java:run(117)) - 12b54cff-467e-45e9-ac2a-409cdcf2b905@group-40D367ECEF96-FollowerState was interrupted: java.lang.InterruptedException: sleep interrupted
2019-10-20 12:59:41,828 [5432d864-00a4-4faa-be9e-870a49a37102@group-40D367ECEF96-LeaderElection56] INFO  impl.LeaderElection (LeaderElection.java:logAndReturn(56)) - 5432d864-00a4-4faa-be9e-870a49a37102@group-40D367ECEF96-LeaderElection56: Election TIMEOUT; received 0 response(s) [] and 0 exception(s); 5432d864-00a4-4faa-be9e-870a49a37102@group-40D367ECEF96:t56, leader=null, voted=5432d864-00a4-4faa-be9e-870a49a37102, raftlog=5432d864-00a4-4faa-be9e-870a49a37102@group-40D367ECEF96-SegmentedRaftLog:OPENED:c3,f4,i4, conf=0: [5432d864-00a4-4faa-be9e-870a49a37102:192.168.157.204:42827, 314f41d3-e6bb-4e9d-a30b-79c862990eb1:192.168.157.204:38880, 12b54cff-467e-45e9-ac2a-409cdcf2b905:192.168.157.204:40598], old=null
2019-10-20 12:59:41,836 [5432d864-00a4-4faa-be9e-870a49a37102@group-40D367ECEF96-LeaderElection56] INFO  impl.LeaderElection (LeaderElection.java:askForVotes(178)) - 5432d864-00a4-4faa-be9e-870a49a37102@group-40D367ECEF96-LeaderElection56: begin an election at term 57 for 0: [5432d864-00a4-4faa-be9e-870a49a37102:192.168.157.204:42827, 314f41d3-e6bb-4e9d-a30b-79c862990eb1:192.168.157.204:38880, 12b54cff-467e-45e9-ac2a-409cdcf2b905:192.168.157.204:40598], old=null
2019-10-20 12:59:41,838 [grpc-default-executor-3] INFO  impl.RaftServerImpl (RaftServerImpl.java:setRole(184)) - 314f41d3-e6bb-4e9d-a30b-79c862990eb1@group-40D367ECEF96: changes role from  FOLLOWER to FOLLOWER at term 57 for recognizeCandidate:5432d864-00a4-4faa-be9e-870a49a37102
2019-10-20 12:59:41,838 [grpc-default-executor-3] INFO  impl.RoleInfo (RoleInfo.java:shutdownFollowerState(121)) - 314f41d3-e6bb-4e9d-a30b-79c862990eb1: shutdown FollowerState
2019-10-20 12:59:41,838 [grpc-default-executor-7] INFO  impl.RaftServerImpl (RaftServerImpl.java:setRole(184)) - 12b54cff-467e-45e9-ac2a-409cdcf2b905@group-40D367ECEF96: changes role from  FOLLOWER to FOLLOWER at term 57 for recognizeCandidate:5432d864-00a4-4faa-be9e-870a49a37102
2019-10-20 12:59:41,839 [Thread-931] INFO  impl.FollowerState (FollowerState.java:run(117)) - 314f41d3-e6bb-4e9d-a30b-79c862990eb1@group-40D367ECEF96-FollowerState was interrupted: java.lang.InterruptedException: sleep interrupted
2019-10-20 12:59:41,838 [grpc-default-executor-3] INFO  impl.RoleInfo (RoleInfo.java:updateAndGet(143)) - 314f41d3-e6bb-4e9d-a30b-79c862990eb1: start FollowerState
2019-10-20 12:59:41,839 [grpc-default-executor-7] INFO  impl.RoleInfo (RoleInfo.java:shutdownFollowerState(121)) - 12b54cff-467e-45e9-ac2a-409cdcf2b905: shutdown FollowerState
2019-10-20 12:59:41,839 [Thread-932] INFO  impl.FollowerState (FollowerState.java:run(117)) - 12b54cff-467e-45e9-ac2a-409cdcf2b905@group-40D367ECEF96-FollowerState was interrupted: java.lang.InterruptedException: sleep interrupted
2019-10-20 12:59:41,839 [grpc-default-executor-7] INFO  impl.RoleInfo (RoleInfo.java:updateAndGet(143)) - 12b54cff-467e-45e9-ac2a-409cdcf2b905: start FollowerState
2019-10-20 12:59:41,846 [5432d864-00a4-4faa-be9e-870a49a37102@group-40D367ECEF96-LeaderElection56] INFO  impl.LeaderElection (LeaderElection.java:logAndReturn(56)) - 5432d864-00a4-4faa-be9e-870a49a37102@group-40D367ECEF96-LeaderElection56: Election REJECTED; received 2 response(s) [5432d864-00a4-4faa-be9e-870a49a37102<-12b54cff-467e-45e9-ac2a-409cdcf2b905#0:FAIL-t57, 5432d864-00a4-4faa-be9e-870a49a37102<-314f41d3-e6bb-4e9d-a30b-79c862990eb1#0:FAIL-t57] and 0 exception(s); 5432d864-00a4-4faa-be9e-870a49a37102@group-40D367ECEF96:t57, leader=null, voted=5432d864-00a4-4faa-be9e-870a49a37102, raftlog=5432d864-00a4-4faa-be9e-870a49a37102@group-40D367ECEF96-SegmentedRaftLog:OPENED:c3,f4,i4, conf=0: [5432d864-00a4-4faa-be9e-870a49a37102:192.168.157.204:42827, 314f41d3-e6bb-4e9d-a30b-79c862990eb1:192.168.157.204:38880, 12b54cff-467e-45e9-ac2a-409cdcf2b905:192.168.157.204:40598], old=null
2019-10-20 12:59:41,846 [5432d864-00a4-4faa-be9e-870a49a37102@group-40D367ECEF96-LeaderElection56] INFO  impl.RaftServerImpl (RaftServerImpl.java:setRole(184)) - 5432d864-00a4-4faa-be9e-870a49a37102@group-40D367ECEF96: changes role from CANDIDATE to FOLLOWER at term 57 for DISCOVERED_A_NEW_TERM
2019-10-20 12:59:41,846 [5432d864-00a4-4faa-be9e-870a49a37102@group-40D367ECEF96-LeaderElection56] INFO  impl.RoleInfo (RoleInfo.java:shutdownLeaderElection(134)) - 5432d864-00a4-4faa-be9e-870a49a37102: shutdown LeaderElection
2019-10-20 12:59:41,846 [5432d864-00a4-4faa-be9e-870a49a37102@group-40D367ECEF96-LeaderElection56] INFO  impl.RoleInfo (RoleInfo.java:updateAndGet(143)) - 5432d864-00a4-4faa-be9e-870a49a37102: start FollowerState
2019-10-20 12:59:41,950 [Thread-937] INFO  impl.FollowerState (FollowerState.java:run(108)) - 5432d864-00a4-4faa-be9e-870a49a37102@group-40D367ECEF96-FollowerState: change to CANDIDATE, lastRpcTime:103ms, electionTimeout:103ms
2019-10-20 12:59:41,950 [Thread-937] INFO  impl.RoleInfo (RoleInfo.java:shutdownFollowerState(121)) - 5432d864-00a4-4faa-be9e-870a49a37102: shutdown FollowerState
2019-10-20 12:59:41,950 [Thread-937] INFO  impl.RaftServerImpl (RaftServerImpl.java:setRole(184)) - 5432d864-00a4-4faa-be9e-870a49a37102@group-40D367ECEF96: changes role from  FOLLOWER to CANDIDATE at term 57 for changeToCandidate
2019-10-20 12:59:41,950 [Thread-937] INFO  impl.RoleInfo (RoleInfo.java:updateAndGet(143)) - 5432d864-00a4-4faa-be9e-870a49a37102: start LeaderElection
2019-10-20 12:59:41,964 [5432d864-00a4-4faa-be9e-870a49a37102@group-40D367ECEF96-LeaderElection57] INFO  impl.LeaderElection (LeaderElection.java:askForVotes(178)) - 5432d864-00a4-4faa-be9e-870a49a37102@group-40D367ECEF96-LeaderElection57: begin an election at term 58 for 0: [5432d864-00a4-4faa-be9e-870a49a37102:192.168.157.204:42827, 314f41d3-e6bb-4e9d-a30b-79c862990eb1:192.168.157.204:38880, 12b54cff-467e-45e9-ac2a-409cdcf2b905:192.168.157.204:40598], old=null
2019-10-20 12:59:41,967 [grpc-default-executor-3] INFO  impl.RaftServerImpl (RaftServerImpl.java:setRole(184)) - 314f41d3-e6bb-4e9d-a30b-79c862990eb1@group-40D367ECEF96: changes role from  FOLLOWER to FOLLOWER at term 58 for recognizeCandidate:5432d864-00a4-4faa-be9e-870a49a37102
2019-10-20 12:59:41,967 [grpc-default-executor-7] INFO  impl.RaftServerImpl (RaftServerImpl.java:setRole(184)) - 12b54cff-467e-45e9-ac2a-409cdcf2b905@group-40D367ECEF96: changes role from  FOLLOWER to FOLLOWER at term 58 for recognizeCandidate:5432d864-00a4-4faa-be9e-870a49a37102
2019-10-20 12:59:41,967 [grpc-default-executor-3] INFO  impl.RoleInfo (RoleInfo.java:shutdownFollowerState(121)) - 314f41d3-e6bb-4e9d-a30b-79c862990eb1: shutdown FollowerState
2019-10-20 12:59:41,967 [grpc-default-executor-7] INFO  impl.RoleInfo (RoleInfo.java:shutdownFollowerState(121)) - 12b54cff-467e-45e9-ac2a-409cdcf2b905: shutdown FollowerState
2019-10-20 12:59:41,967 [Thread-935] INFO  impl.FollowerState (FollowerState.java:run(117)) - 314f41d3-e6bb-4e9d-a30b-79c862990eb1@group-40D367ECEF96-FollowerState was interrupted: java.lang.InterruptedException: sleep interrupted
2019-10-20 12:59:41,967 [grpc-default-executor-3] INFO  impl.RoleInfo (RoleInfo.java:updateAndGet(143)) - 314f41d3-e6bb-4e9d-a30b-79c862990eb1: start FollowerState
2019-10-20 12:59:41,967 [Thread-936] INFO  impl.FollowerState (FollowerState.java:run(117)) - 12b54cff-467e-45e9-ac2a-409cdcf2b905@group-40D367ECEF96-FollowerState was interrupted: java.lang.InterruptedException: sleep interrupted
2019-10-20 12:59:41,967 [grpc-default-executor-7] INFO  impl.RoleInfo (RoleInfo.java:updateAndGet(143)) - 12b54cff-467e-45e9-ac2a-409cdcf2b905: start FollowerState
2019-10-20 12:59:41,982 [5432d864-00a4-4faa-be9e-870a49a37102@group-40D367ECEF96-LeaderElection57] INFO  impl.LeaderElection (LeaderElection.java:logAndReturn(56)) - 5432d864-00a4-4faa-be9e-870a49a37102@group-40D367ECEF96-LeaderElection57: Election REJECTED; received 2 response(s) [5432d864-00a4-4faa-be9e-870a49a37102<-12b54cff-467e-45e9-ac2a-409cdcf2b905#0:FAIL-t58, 5432d864-00a4-4faa-be9e-870a49a37102<-314f41d3-e6bb-4e9d-a30b-79c862990eb1#0:FAIL-t58] and 0 exception(s); 5432d864-00a4-4faa-be9e-870a49a37102@group-40D367ECEF96:t58, leader=null, voted=5432d864-00a4-4faa-be9e-870a49a37102, raftlog=5432d864-00a4-4faa-be9e-870a49a37102@group-40D367ECEF96-SegmentedRaftLog:OPENED:c3,f4,i4, conf=0: [5432d864-00a4-4faa-be9e-870a49a37102:192.168.157.204:42827, 314f41d3-e6bb-4e9d-a30b-79c862990eb1:192.168.157.204:38880, 12b54cff-467e-45e9-ac2a-409cdcf2b905:192.168.157.204:40598], old=null
2019-10-20 12:59:41,982 [5432d864-00a4-4faa-be9e-870a49a37102@group-40D367ECEF96-LeaderElection57] INFO  impl.RaftServerImpl (RaftServerImpl.java:setRole(184)) - 5432d864-00a4-4faa-be9e-870a49a37102@group-40D367ECEF96: changes role from CANDIDATE to FOLLOWER at term 58 for DISCOVERED_A_NEW_TERM
2019-10-20 12:59:41,982 [5432d864-00a4-4faa-be9e-870a49a37102@group-40D367ECEF96-LeaderElection57] INFO  impl.RoleInfo (RoleInfo.java:shutdownLeaderElection(134)) - 5432d864-00a4-4faa-be9e-870a49a37102: shutdown LeaderElection
2019-10-20 12:59:41,983 [5432d864-00a4-4faa-be9e-870a49a37102@group-40D367ECEF96-LeaderElection57] INFO  impl.RoleInfo (RoleInfo.java:updateAndGet(143)) - 5432d864-00a4-4faa-be9e-870a49a37102: start FollowerState
2019-10-20 12:59:41,992 [Thread-945] INFO  client.GrpcClientProtocolService (GrpcClientProtocolService.java:lambda$processClientRequest$0(278)) - Failed RaftClientRequest:client-5F43918617A9->314f41d3-e6bb-4e9d-a30b-79c862990eb1@group-40D367ECEF96, cid=10, seq=0, Watch-ALL_COMMITTED(6), Message:<EMPTY>, reply=RaftClientReply:client-5F43918617A9->314f41d3-e6bb-4e9d-a30b-79c862990eb1@group-40D367ECEF96, cid=10, FAILED org.apache.ratis.protocol.NotLeaderException: Server 314f41d3-e6bb-4e9d-a30b-79c862990eb1@group-40D367ECEF96 is not the leader, logIndex=0, commits[314f41d3-e6bb-4e9d-a30b-79c862990eb1:c10, 5432d864-00a4-4faa-be9e-870a49a37102:c4, 12b54cff-467e-45e9-ac2a-409cdcf2b905:c10]
2019-10-20 12:59:42,050 [Thread-943] INFO  impl.FollowerState (FollowerState.java:run(108)) - 5432d864-00a4-4faa-be9e-870a49a37102@group-40D367ECEF96-FollowerState: change to CANDIDATE, lastRpcTime:67ms, electionTimeout:67ms
2019-10-20 12:59:42,050 [Thread-943] INFO  impl.RoleInfo (RoleInfo.java:shutdownFollowerState(121)) - 5432d864-00a4-4faa-be9e-870a49a37102: shutdown FollowerState
2019-10-20 12:59:42,050 [Thread-943] INFO  impl.RaftServerImpl (RaftServerImpl.java:setRole(184)) - 5432d864-00a4-4faa-be9e-870a49a37102@group-40D367ECEF96: changes role from  FOLLOWER to CANDIDATE at term 58 for changeToCandidate
2019-10-20 12:59:42,050 [Thread-943] INFO  impl.RoleInfo (RoleInfo.java:updateAndGet(143)) - 5432d864-00a4-4faa-be9e-870a49a37102: start LeaderElection
2019-10-20 12:59:42,064 [5432d864-00a4-4faa-be9e-870a49a37102@group-40D367ECEF96-LeaderElection58] INFO  impl.LeaderElection (LeaderElection.java:askForVotes(178)) - 5432d864-00a4-4faa-be9e-870a49a37102@group-40D367ECEF96-LeaderElection58: begin an election at term 59 for 0: [5432d864-00a4-4faa-be9e-870a49a37102:192.168.157.204:42827, 314f41d3-e6bb-4e9d-a30b-79c862990eb1:192.168.157.204:38880, 12b54cff-467e-45e9-ac2a-409cdcf2b905:192.168.157.204:40598], old=null
2019-10-20 12:59:42,068 [grpc-default-executor-3] INFO  impl.RaftServerImpl (RaftServerImpl.java:setRole(184)) - 314f41d3-e6bb-4e9d-a30b-79c862990eb1@group-40D367ECEF96: changes role from  FOLLOWER to FOLLOWER at term 59 for recognizeCandidate:5432d864-00a4-4faa-be9e-870a49a37102
2019-10-20 12:59:42,068 [grpc-default-executor-7] INFO  impl.RaftServerImpl (RaftServerImpl.java:setRole(184)) - 12b54cff-467e-45e9-ac2a-409cdcf2b905@group-40D367ECEF96: changes role from  FOLLOWER to FOLLOWER at term 59 for recognizeCandidate:5432d864-00a4-4faa-be9e-870a49a37102
2019-10-20 12:59:42,068 [grpc-default-executor-3] INFO  impl.RoleInfo (RoleInfo.java:shutdownFollowerState(121)) - 314f41d3-e6bb-4e9d-a30b-79c862990eb1: shutdown FollowerState
2019-10-20 12:59:42,068 [grpc-default-executor-7] INFO  impl.RoleInfo (RoleInfo.java:shutdownFollowerState(121)) - 12b54cff-467e-45e9-ac2a-409cdcf2b905: shutdown FollowerState
2019-10-20 12:59:42,068 [Thread-941] INFO  impl.FollowerState (FollowerState.java:run(117)) - 314f41d3-e6bb-4e9d-a30b-79c862990eb1@group-40D367ECEF96-FollowerState was interrupted: java.lang.InterruptedException: sleep interrupted
2019-10-20 12:59:42,068 [grpc-default-executor-3] INFO  impl.RoleInfo (RoleInfo.java:updateAndGet(143)) - 314f41d3-e6bb-4e9d-a30b-79c862990eb1: start FollowerState
2019-10-20 12:59:42,068 [Thread-942] INFO  impl.FollowerState (FollowerState.java:run(117)) - 12b54cff-467e-45e9-ac2a-409cdcf2b905@group-40D367ECEF96-FollowerState was interrupted: java.lang.InterruptedException: sleep interrupted
2019-10-20 12:59:42,068 [grpc-default-executor-7] INFO  impl.RoleInfo (RoleInfo.java:updateAndGet(143)) - 12b54cff-467e-45e9-ac2a-409cdcf2b905: start FollowerState
2019-10-20 12:59:42,081 [5432d864-00a4-4faa-be9e-870a49a37102@group-40D367ECEF96-LeaderElection58] INFO  impl.LeaderElection (LeaderElection.java:logAndReturn(56)) - 5432d864-00a4-4faa-be9e-870a49a37102@group-40D367ECEF96-LeaderElection58: Election REJECTED; received 2 response(s) [5432d864-00a4-4faa-be9e-870a49a37102<-12b54cff-467e-45e9-ac2a-409cdcf2b905#0:FAIL-t59, 5432d864-00a4-4faa-be9e-870a49a37102<-314f41d3-e6bb-4e9d-a30b-79c862990eb1#0:FAIL-t59] and 0 exception(s); 5432d864-00a4-4faa-be9e-870a49a37102@group-40D367ECEF96:t59, leader=null, voted=5432d864-00a4-4faa-be9e-870a49a37102, raftlog=5432d864-00a4-4faa-be9e-870a49a37102@group-40D367ECEF96-SegmentedRaftLog:OPENED:c3,f4,i4, conf=0: [5432d864-00a4-4faa-be9e-870a49a37102:192.168.157.204:42827, 314f41d3-e6bb-4e9d-a30b-79c862990eb1:192.168.157.204:38880, 12b54cff-467e-45e9-ac2a-409cdcf2b905:192.168.157.204:40598], old=null
2019-10-20 12:59:42,081 [5432d864-00a4-4faa-be9e-870a49a37102@group-40D367ECEF96-LeaderElection58] INFO  impl.RaftServerImpl (RaftServerImpl.java:setRole(184)) - 5432d864-00a4-4faa-be9e-870a49a37102@group-40D367ECEF96: changes role from CANDIDATE to FOLLOWER at term 59 for DISCOVERED_A_NEW_TERM
2019-10-20 12:59:42,082 [5432d864-00a4-4faa-be9e-870a49a37102@group-40D367ECEF96-LeaderElection58] INFO  impl.RoleInfo (RoleInfo.java:shutdownLeaderElection(134)) - 5432d864-00a4-4faa-be9e-870a49a37102: shutdown LeaderElection
2019-10-20 12:59:42,082 [5432d864-00a4-4faa-be9e-870a49a37102@group-40D367ECEF96-LeaderElection58] INFO  impl.RoleInfo (RoleInfo.java:updateAndGet(143)) - 5432d864-00a4-4faa-be9e-870a49a37102: start FollowerState
2019-10-20 12:59:42,269 [Thread-952] INFO  impl.FollowerState (FollowerState.java:run(108)) - 5432d864-00a4-4faa-be9e-870a49a37102@group-40D367ECEF96-FollowerState: change to CANDIDATE, lastRpcTime:187ms, electionTimeout:187ms
2019-10-20 12:59:42,270 [Thread-952] INFO  impl.RoleInfo (RoleInfo.java:shutdownFollowerState(121)) - 5432d864-00a4-4faa-be9e-870a49a37102: shutdown FollowerState
2019-10-20 12:59:42,270 [Thread-952] INFO  impl.RaftServerImpl (RaftServerImpl.java:setRole(184)) - 5432d864-00a4-4faa-be9e-870a49a37102@group-40D367ECEF96: changes role from  FOLLOWER to CANDIDATE at term 59 for changeToCandidate
2019-10-20 12:59:42,270 [Thread-952] INFO  impl.RoleInfo (RoleInfo.java:updateAndGet(143)) - 5432d864-00a4-4faa-be9e-870a49a37102: start LeaderElection
2019-10-20 12:59:42,284 [5432d864-00a4-4faa-be9e-870a49a37102@group-40D367ECEF96-LeaderElection59] INFO  impl.LeaderElection (LeaderElection.java:askForVotes(178)) - 5432d864-00a4-4faa-be9e-870a49a37102@group-40D367ECEF96-LeaderElection59: begin an election at term 60 for 0: [5432d864-00a4-4faa-be9e-870a49a37102:192.168.157.204:42827, 314f41d3-e6bb-4e9d-a30b-79c862990eb1:192.168.157.204:38880, 12b54cff-467e-45e9-ac2a-409cdcf2b905:192.168.157.204:40598], old=null
2019-10-20 12:59:42,287 [grpc-default-executor-3] INFO  impl.RaftServerImpl (RaftServerImpl.java:setRole(184)) - 12b54cff-467e-45e9-ac2a-409cdcf2b905@group-40D367ECEF96: changes role from  FOLLOWER to FOLLOWER at term 60 for recognizeCandidate:5432d864-00a4-4faa-be9e-870a49a37102
2019-10-20 12:59:42,287 [grpc-default-executor-7] INFO  impl.RaftServerImpl (RaftServerImpl.java:setRole(184)) - 314f41d3-e6bb-4e9d-a30b-79c862990eb1@group-40D367ECEF96: changes role from  FOLLOWER to FOLLOWER at term 60 for recognizeCandidate:5432d864-00a4-4faa-be9e-870a49a37102
2019-10-20 12:59:42,287 [grpc-default-executor-3] INFO  impl.RoleInfo (RoleInfo.java:shutdownFollowerState(121)) - 12b54cff-467e-45e9-ac2a-409cdcf2b905: shutdown FollowerState
2019-10-20 12:59:42,288 [grpc-default-executor-7] INFO  impl.RoleInfo (RoleInfo.java:shutdownFollowerState(121)) - 314f41d3-e6bb-4e9d-a30b-79c862990eb1: shutdown FollowerState
2019-10-20 12:59:42,288 [Thread-951] INFO  impl.FollowerState (FollowerState.java:run(117)) - 12b54cff-467e-45e9-ac2a-409cdcf2b905@group-40D367ECEF96-FollowerState was interrupted: java.lang.InterruptedException: sleep interrupted
2019-10-20 12:59:42,288 [grpc-default-executor-3] INFO  impl.RoleInfo (RoleInfo.java:updateAndGet(143)) - 12b54cff-467e-45e9-ac2a-409cdcf2b905: start FollowerState
2019-10-20 12:59:42,288 [Thread-950] INFO  impl.FollowerState (FollowerState.java:run(117)) - 314f41d3-e6bb-4e9d-a30b-79c862990eb1@group-40D367ECEF96-FollowerState was interrupted: java.lang.InterruptedException: sleep interrupted
2019-10-20 12:59:42,288 [grpc-default-executor-7] INFO  impl.RoleInfo (RoleInfo.java:updateAndGet(143)) - 314f41d3-e6bb-4e9d-a30b-79c862990eb1: start FollowerState
2019-10-20 12:59:42,303 [5432d864-00a4-4faa-be9e-870a49a37102@group-40D367ECEF96-LeaderElection59] INFO  impl.LeaderElection (LeaderElection.java:logAndReturn(56)) - 5432d864-00a4-4faa-be9e-870a49a37102@group-40D367ECEF96-LeaderElection59: Election REJECTED; received 2 response(s) [5432d864-00a4-4faa-be9e-870a49a37102<-12b54cff-467e-45e9-ac2a-409cdcf2b905#0:FAIL-t60, 5432d864-00a4-4faa-be9e-870a49a37102<-314f41d3-e6bb-4e9d-a30b-79c862990eb1#0:FAIL-t60] and 0 exception(s); 5432d864-00a4-4faa-be9e-870a49a37102@group-40D367ECEF96:t60, leader=null, voted=5432d864-00a4-4faa-be9e-870a49a37102, raftlog=5432d864-00a4-4faa-be9e-870a49a37102@group-40D367ECEF96-SegmentedRaftLog:OPENED:c3,f4,i4, conf=0: [5432d864-00a4-4faa-be9e-870a49a37102:192.168.157.204:42827, 314f41d3-e6bb-4e9d-a30b-79c862990eb1:192.168.157.204:38880, 12b54cff-467e-45e9-ac2a-409cdcf2b905:192.168.157.204:40598], old=null
2019-10-20 12:59:42,304 [5432d864-00a4-4faa-be9e-870a49a37102@group-40D367ECEF96-LeaderElection59] INFO  impl.RaftServerImpl (RaftServerImpl.java:setRole(184)) - 5432d864-00a4-4faa-be9e-870a49a37102@group-40D367ECEF96: changes role from CANDIDATE to FOLLOWER at term 60 for DISCOVERED_A_NEW_TERM
2019-10-20 12:59:42,304 [5432d864-00a4-4faa-be9e-870a49a37102@group-40D367ECEF96-LeaderElection59] INFO  impl.RoleInfo (RoleInfo.java:shutdownLeaderElection(134)) - 5432d864-00a4-4faa-be9e-870a49a37102: shutdown LeaderElection
2019-10-20 12:59:42,304 [5432d864-00a4-4faa-be9e-870a49a37102@group-40D367ECEF96-LeaderElection59] INFO  impl.RoleInfo (RoleInfo.java:updateAndGet(143)) - 5432d864-00a4-4faa-be9e-870a49a37102: start FollowerState
2019-10-20 12:59:42,381 [BlockDeletingService#2] WARN  background.BlockDeletingService (BlockDeletingService.java:isDeletionAllowed(187)) - Close Container log Index 6 is not replicated across allthe servers in the pipeline c8578440-42c5-4fb7-aa2b-40d367ecef96 as the min replicated index is 4. Deletion is not allowed in this container yet.
2019-10-20 12:59:42,381 [BlockDeletingService#2] WARN  background.BlockDeletingService (BlockDeletingService.java:isDeletionAllowed(187)) - Close Container log Index 6 is not replicated across allthe servers in the pipeline c8578440-42c5-4fb7-aa2b-40d367ecef96 as the min replicated index is 4. Deletion is not allowed in this container yet.
2019-10-20 12:59:42,475 [Thread-958] INFO  impl.FollowerState (FollowerState.java:run(108)) - 5432d864-00a4-4faa-be9e-870a49a37102@group-40D367ECEF96-FollowerState: change to CANDIDATE, lastRpcTime:171ms, electionTimeout:171ms
2019-10-20 12:59:42,475 [Thread-958] INFO  impl.RoleInfo (RoleInfo.java:shutdownFollowerState(121)) - 5432d864-00a4-4faa-be9e-870a49a37102: shutdown FollowerState
2019-10-20 12:59:42,476 [Thread-958] INFO  impl.RaftServerImpl (RaftServerImpl.java:setRole(184)) - 5432d864-00a4-4faa-be9e-870a49a37102@group-40D367ECEF96: changes role from  FOLLOWER to CANDIDATE at term 60 for changeToCandidate
2019-10-20 12:59:42,476 [Thread-958] INFO  impl.RoleInfo (RoleInfo.java:updateAndGet(143)) - 5432d864-00a4-4faa-be9e-870a49a37102: start LeaderElection
2019-10-20 12:59:42,490 [5432d864-00a4-4faa-be9e-870a49a37102@group-40D367ECEF96-LeaderElection60] INFO  impl.LeaderElection (LeaderElection.java:askForVotes(178)) - 5432d864-00a4-4faa-be9e-870a49a37102@group-40D367ECEF96-LeaderElection60: begin an election at term 61 for 0: [5432d864-00a4-4faa-be9e-870a49a37102:192.168.157.204:42827, 314f41d3-e6bb-4e9d-a30b-79c862990eb1:192.168.157.204:38880, 12b54cff-467e-45e9-ac2a-409cdcf2b905:192.168.157.204:40598], old=null
2019-10-20 12:59:42,493 [grpc-default-executor-3] INFO  impl.RaftServerImpl (RaftServerImpl.java:setRole(184)) - 314f41d3-e6bb-4e9d-a30b-79c862990eb1@group-40D367ECEF96: changes role from  FOLLOWER to FOLLOWER at term 61 for recognizeCandidate:5432d864-00a4-4faa-be9e-870a49a37102
2019-10-20 12:59:42,493 [grpc-default-executor-3] INFO  impl.RoleInfo (RoleInfo.java:shutdownFollowerState(121)) - 314f41d3-e6bb-4e9d-a30b-79c862990eb1: shutdown FollowerState
2019-10-20 12:59:42,493 [grpc-default-executor-7] INFO  impl.RaftServerImpl (RaftServerImpl.java:setRole(184)) - 12b54cff-467e-45e9-ac2a-409cdcf2b905@group-40D367ECEF96: changes role from  FOLLOWER to FOLLOWER at term 61 for recognizeCandidate:5432d864-00a4-4faa-be9e-870a49a37102
2019-10-20 12:59:42,494 [Thread-957] INFO  impl.FollowerState (FollowerState.java:run(117)) - 314f41d3-e6bb-4e9d-a30b-79c862990eb1@group-40D367ECEF96-FollowerState was interrupted: java.lang.InterruptedException: sleep interrupted
2019-10-20 12:59:42,494 [grpc-default-executor-3] INFO  impl.RoleInfo (RoleInfo.java:updateAndGet(143)) - 314f41d3-e6bb-4e9d-a30b-79c862990eb1: start FollowerState
2019-10-20 12:59:42,494 [grpc-default-executor-7] INFO  impl.RoleInfo (RoleInfo.java:shutdownFollowerState(121)) - 12b54cff-467e-45e9-ac2a-409cdcf2b905: shutdown FollowerState
2019-10-20 12:59:42,494 [grpc-default-executor-7] INFO  impl.RoleInfo (RoleInfo.java:updateAndGet(143)) - 12b54cff-467e-45e9-ac2a-409cdcf2b905: start FollowerState
2019-10-20 12:59:42,494 [Thread-956] INFO  impl.FollowerState (FollowerState.java:run(117)) - 12b54cff-467e-45e9-ac2a-409cdcf2b905@group-40D367ECEF96-FollowerState was interrupted: java.lang.InterruptedException: sleep interrupted
2019-10-20 12:59:42,511 [5432d864-00a4-4faa-be9e-870a49a37102@group-40D367ECEF96-LeaderElection60] INFO  impl.LeaderElection (LeaderElection.java:logAndReturn(56)) - 5432d864-00a4-4faa-be9e-870a49a37102@group-40D367ECEF96-LeaderElection60: Election REJECTED; received 2 response(s) [5432d864-00a4-4faa-be9e-870a49a37102<-12b54cff-467e-45e9-ac2a-409cdcf2b905#0:FAIL-t61, 5432d864-00a4-4faa-be9e-870a49a37102<-314f41d3-e6bb-4e9d-a30b-79c862990eb1#0:FAIL-t61] and 0 exception(s); 5432d864-00a4-4faa-be9e-870a49a37102@group-40D367ECEF96:t61, leader=null, voted=5432d864-00a4-4faa-be9e-870a49a37102, raftlog=5432d864-00a4-4faa-be9e-870a49a37102@group-40D367ECEF96-SegmentedRaftLog:OPENED:c3,f4,i4, conf=0: [5432d864-00a4-4faa-be9e-870a49a37102:192.168.157.204:42827, 314f41d3-e6bb-4e9d-a30b-79c862990eb1:192.168.157.204:38880, 12b54cff-467e-45e9-ac2a-409cdcf2b905:192.168.157.204:40598], old=null
2019-10-20 12:59:42,511 [5432d864-00a4-4faa-be9e-870a49a37102@group-40D367ECEF96-LeaderElection60] INFO  impl.RaftServerImpl (RaftServerImpl.java:setRole(184)) - 5432d864-00a4-4faa-be9e-870a49a37102@group-40D367ECEF96: changes role from CANDIDATE to FOLLOWER at term 61 for DISCOVERED_A_NEW_TERM
2019-10-20 12:59:42,511 [5432d864-00a4-4faa-be9e-870a49a37102@group-40D367ECEF96-LeaderElection60] INFO  impl.RoleInfo (RoleInfo.java:shutdownLeaderElection(134)) - 5432d864-00a4-4faa-be9e-870a49a37102: shutdown LeaderElection
2019-10-20 12:59:42,511 [5432d864-00a4-4faa-be9e-870a49a37102@group-40D367ECEF96-LeaderElection60] INFO  impl.RoleInfo (RoleInfo.java:updateAndGet(143)) - 5432d864-00a4-4faa-be9e-870a49a37102: start FollowerState
2019-10-20 12:59:42,661 [Thread-966] INFO  impl.FollowerState (FollowerState.java:run(108)) - 5432d864-00a4-4faa-be9e-870a49a37102@group-40D367ECEF96-FollowerState: change to CANDIDATE, lastRpcTime:149ms, electionTimeout:149ms
2019-10-20 12:59:42,661 [Thread-966] INFO  impl.RoleInfo (RoleInfo.java:shutdownFollowerState(121)) - 5432d864-00a4-4faa-be9e-870a49a37102: shutdown FollowerState
2019-10-20 12:59:42,661 [Thread-966] INFO  impl.RaftServerImpl (RaftServerImpl.java:setRole(184)) - 5432d864-00a4-4faa-be9e-870a49a37102@group-40D367ECEF96: changes role from  FOLLOWER to CANDIDATE at term 61 for changeToCandidate
2019-10-20 12:59:42,661 [Thread-966] INFO  impl.RoleInfo (RoleInfo.java:updateAndGet(143)) - 5432d864-00a4-4faa-be9e-870a49a37102: start LeaderElection
2019-10-20 12:59:42,685 [5432d864-00a4-4faa-be9e-870a49a37102@group-40D367ECEF96-LeaderElection61] INFO  impl.LeaderElection (LeaderElection.java:askForVotes(178)) - 5432d864-00a4-4faa-be9e-870a49a37102@group-40D367ECEF96-LeaderElection61: begin an election at term 62 for 0: [5432d864-00a4-4faa-be9e-870a49a37102:192.168.157.204:42827, 314f41d3-e6bb-4e9d-a30b-79c862990eb1:192.168.157.204:38880, 12b54cff-467e-45e9-ac2a-409cdcf2b905:192.168.157.204:40598], old=null
2019-10-20 12:59:42,688 [grpc-default-executor-3] INFO  impl.RaftServerImpl (RaftServerImpl.java:setRole(184)) - 314f41d3-e6bb-4e9d-a30b-79c862990eb1@group-40D367ECEF96: changes role from  FOLLOWER to FOLLOWER at term 62 for recognizeCandidate:5432d864-00a4-4faa-be9e-870a49a37102
2019-10-20 12:59:42,688 [grpc-default-executor-3] INFO  impl.RoleInfo (RoleInfo.java:shutdownFollowerState(121)) - 314f41d3-e6bb-4e9d-a30b-79c862990eb1: shutdown FollowerState
2019-10-20 12:59:42,689 [grpc-default-executor-7] INFO  impl.RaftServerImpl (RaftServerImpl.java:setRole(184)) - 12b54cff-467e-45e9-ac2a-409cdcf2b905@group-40D367ECEF96: changes role from  FOLLOWER to FOLLOWER at term 62 for recognizeCandidate:5432d864-00a4-4faa-be9e-870a49a37102
2019-10-20 12:59:42,689 [grpc-default-executor-7] INFO  impl.RoleInfo (RoleInfo.java:shutdownFollowerState(121)) - 12b54cff-467e-45e9-ac2a-409cdcf2b905: shutdown FollowerState
2019-10-20 12:59:42,689 [Thread-964] INFO  impl.FollowerState (FollowerState.java:run(117)) - 314f41d3-e6bb-4e9d-a30b-79c862990eb1@group-40D367ECEF96-FollowerState was interrupted: java.lang.InterruptedException: sleep interrupted
2019-10-20 12:59:42,689 [grpc-default-executor-3] INFO  impl.RoleInfo (RoleInfo.java:updateAndGet(143)) - 314f41d3-e6bb-4e9d-a30b-79c862990eb1: start FollowerState
2019-10-20 12:59:42,689 [Thread-965] INFO  impl.FollowerState (FollowerState.java:run(117)) - 12b54cff-467e-45e9-ac2a-409cdcf2b905@group-40D367ECEF96-FollowerState was interrupted: java.lang.InterruptedException: sleep interrupted
2019-10-20 12:59:42,689 [grpc-default-executor-7] INFO  impl.RoleInfo (RoleInfo.java:updateAndGet(143)) - 12b54cff-467e-45e9-ac2a-409cdcf2b905: start FollowerState
2019-10-20 12:59:42,697 [5432d864-00a4-4faa-be9e-870a49a37102@group-40D367ECEF96-LeaderElection61] INFO  impl.LeaderElection (LeaderElection.java:logAndReturn(56)) - 5432d864-00a4-4faa-be9e-870a49a37102@group-40D367ECEF96-LeaderElection61: Election TIMEOUT; received 0 response(s) [] and 0 exception(s); 5432d864-00a4-4faa-be9e-870a49a37102@group-40D367ECEF96:t62, leader=null, voted=5432d864-00a4-4faa-be9e-870a49a37102, raftlog=5432d864-00a4-4faa-be9e-870a49a37102@group-40D367ECEF96-SegmentedRaftLog:OPENED:c3,f4,i4, conf=0: [5432d864-00a4-4faa-be9e-870a49a37102:192.168.157.204:42827, 314f41d3-e6bb-4e9d-a30b-79c862990eb1:192.168.157.204:38880, 12b54cff-467e-45e9-ac2a-409cdcf2b905:192.168.157.204:40598], old=null
2019-10-20 12:59:42,703 [5432d864-00a4-4faa-be9e-870a49a37102@group-40D367ECEF96-LeaderElection61] INFO  impl.LeaderElection (LeaderElection.java:askForVotes(178)) - 5432d864-00a4-4faa-be9e-870a49a37102@group-40D367ECEF96-LeaderElection61: begin an election at term 63 for 0: [5432d864-00a4-4faa-be9e-870a49a37102:192.168.157.204:42827, 314f41d3-e6bb-4e9d-a30b-79c862990eb1:192.168.157.204:38880, 12b54cff-467e-45e9-ac2a-409cdcf2b905:192.168.157.204:40598], old=null
2019-10-20 12:59:42,705 [grpc-default-executor-3] INFO  impl.RaftServerImpl (RaftServerImpl.java:setRole(184)) - 314f41d3-e6bb-4e9d-a30b-79c862990eb1@group-40D367ECEF96: changes role from  FOLLOWER to FOLLOWER at term 63 for recognizeCandidate:5432d864-00a4-4faa-be9e-870a49a37102
2019-10-20 12:59:42,706 [grpc-default-executor-3] INFO  impl.RoleInfo (RoleInfo.java:shutdownFollowerState(121)) - 314f41d3-e6bb-4e9d-a30b-79c862990eb1: shutdown FollowerState
2019-10-20 12:59:42,706 [grpc-default-executor-7] INFO  impl.RaftServerImpl (RaftServerImpl.java:setRole(184)) - 12b54cff-467e-45e9-ac2a-409cdcf2b905@group-40D367ECEF96: changes role from  FOLLOWER to FOLLOWER at term 63 for recognizeCandidate:5432d864-00a4-4faa-be9e-870a49a37102
2019-10-20 12:59:42,706 [Thread-972] INFO  impl.FollowerState (FollowerState.java:run(117)) - 314f41d3-e6bb-4e9d-a30b-79c862990eb1@group-40D367ECEF96-FollowerState was interrupted: java.lang.InterruptedException: sleep interrupted
2019-10-20 12:59:42,706 [grpc-default-executor-3] INFO  impl.RoleInfo (RoleInfo.java:updateAndGet(143)) - 314f41d3-e6bb-4e9d-a30b-79c862990eb1: start FollowerState
2019-10-20 12:59:42,706 [grpc-default-executor-7] INFO  impl.RoleInfo (RoleInfo.java:shutdownFollowerState(121)) - 12b54cff-467e-45e9-ac2a-409cdcf2b905: shutdown FollowerState
2019-10-20 12:59:42,706 [grpc-default-executor-7] INFO  impl.RoleInfo (RoleInfo.java:updateAndGet(143)) - 12b54cff-467e-45e9-ac2a-409cdcf2b905: start FollowerState
2019-10-20 12:59:42,706 [Thread-973] INFO  impl.FollowerState (FollowerState.java:run(117)) - 12b54cff-467e-45e9-ac2a-409cdcf2b905@group-40D367ECEF96-FollowerState was interrupted: java.lang.InterruptedException: sleep interrupted
2019-10-20 12:59:42,721 [5432d864-00a4-4faa-be9e-870a49a37102@group-40D367ECEF96-LeaderElection61] INFO  impl.LeaderElection (LeaderElection.java:logAndReturn(56)) - 5432d864-00a4-4faa-be9e-870a49a37102@group-40D367ECEF96-LeaderElection61: Election REJECTED; received 2 response(s) [5432d864-00a4-4faa-be9e-870a49a37102<-12b54cff-467e-45e9-ac2a-409cdcf2b905#0:FAIL-t63, 5432d864-00a4-4faa-be9e-870a49a37102<-314f41d3-e6bb-4e9d-a30b-79c862990eb1#0:FAIL-t63] and 0 exception(s); 5432d864-00a4-4faa-be9e-870a49a37102@group-40D367ECEF96:t63, leader=null, voted=5432d864-00a4-4faa-be9e-870a49a37102, raftlog=5432d864-00a4-4faa-be9e-870a49a37102@group-40D367ECEF96-SegmentedRaftLog:OPENED:c3,f4,i4, conf=0: [5432d864-00a4-4faa-be9e-870a49a37102:192.168.157.204:42827, 314f41d3-e6bb-4e9d-a30b-79c862990eb1:192.168.157.204:38880, 12b54cff-467e-45e9-ac2a-409cdcf2b905:192.168.157.204:40598], old=null
2019-10-20 12:59:42,722 [5432d864-00a4-4faa-be9e-870a49a37102@group-40D367ECEF96-LeaderElection61] INFO  impl.RaftServerImpl (RaftServerImpl.java:setRole(184)) - 5432d864-00a4-4faa-be9e-870a49a37102@group-40D367ECEF96: changes role from CANDIDATE to FOLLOWER at term 63 for DISCOVERED_A_NEW_TERM
2019-10-20 12:59:42,722 [5432d864-00a4-4faa-be9e-870a49a37102@group-40D367ECEF96-LeaderElection61] INFO  impl.RoleInfo (RoleInfo.java:shutdownLeaderElection(134)) - 5432d864-00a4-4faa-be9e-870a49a37102: shutdown LeaderElection
2019-10-20 12:59:42,722 [5432d864-00a4-4faa-be9e-870a49a37102@group-40D367ECEF96-LeaderElection61] INFO  impl.RoleInfo (RoleInfo.java:updateAndGet(143)) - 5432d864-00a4-4faa-be9e-870a49a37102: start FollowerState
2019-10-20 12:59:42,898 [Thread-979] INFO  impl.FollowerState (FollowerState.java:run(108)) - 5432d864-00a4-4faa-be9e-870a49a37102@group-40D367ECEF96-FollowerState: change to CANDIDATE, lastRpcTime:176ms, electionTimeout:176ms
2019-10-20 12:59:42,899 [Thread-979] INFO  impl.RoleInfo (RoleInfo.java:shutdownFollowerState(121)) - 5432d864-00a4-4faa-be9e-870a49a37102: shutdown FollowerState
2019-10-20 12:59:42,899 [Thread-979] INFO  impl.RaftServerImpl (RaftServerImpl.java:setRole(184)) - 5432d864-00a4-4faa-be9e-870a49a37102@group-40D367ECEF96: changes role from  FOLLOWER to CANDIDATE at term 63 for changeToCandidate
2019-10-20 12:59:42,899 [Thread-979] INFO  impl.RoleInfo (RoleInfo.java:updateAndGet(143)) - 5432d864-00a4-4faa-be9e-870a49a37102: start LeaderElection
2019-10-20 12:59:42,912 [5432d864-00a4-4faa-be9e-870a49a37102@group-40D367ECEF96-LeaderElection62] INFO  impl.LeaderElection (LeaderElection.java:askForVotes(178)) - 5432d864-00a4-4faa-be9e-870a49a37102@group-40D367ECEF96-LeaderElection62: begin an election at term 64 for 0: [5432d864-00a4-4faa-be9e-870a49a37102:192.168.157.204:42827, 314f41d3-e6bb-4e9d-a30b-79c862990eb1:192.168.157.204:38880, 12b54cff-467e-45e9-ac2a-409cdcf2b905:192.168.157.204:40598], old=null
2019-10-20 12:59:42,915 [grpc-default-executor-7] INFO  impl.RaftServerImpl (RaftServerImpl.java:setRole(184)) - 314f41d3-e6bb-4e9d-a30b-79c862990eb1@group-40D367ECEF96: changes role from  FOLLOWER to FOLLOWER at term 64 for recognizeCandidate:5432d864-00a4-4faa-be9e-870a49a37102
2019-10-20 12:59:42,915 [grpc-default-executor-7] INFO  impl.RoleInfo (RoleInfo.java:shutdownFollowerState(121)) - 314f41d3-e6bb-4e9d-a30b-79c862990eb1: shutdown FollowerState
2019-10-20 12:59:42,915 [grpc-default-executor-7] INFO  impl.RoleInfo (RoleInfo.java:updateAndGet(143)) - 314f41d3-e6bb-4e9d-a30b-79c862990eb1: start FollowerState
2019-10-20 12:59:42,915 [Thread-976] INFO  impl.FollowerState (FollowerState.java:run(117)) - 314f41d3-e6bb-4e9d-a30b-79c862990eb1@group-40D367ECEF96-FollowerState was interrupted: java.lang.InterruptedException: sleep interrupted
2019-10-20 12:59:42,915 [grpc-default-executor-3] INFO  impl.RaftServerImpl (RaftServerImpl.java:setRole(184)) - 12b54cff-467e-45e9-ac2a-409cdcf2b905@group-40D367ECEF96: changes role from  FOLLOWER to FOLLOWER at term 64 for recognizeCandidate:5432d864-00a4-4faa-be9e-870a49a37102
2019-10-20 12:59:42,916 [grpc-default-executor-3] INFO  impl.RoleInfo (RoleInfo.java:shutdownFollowerState(121)) - 12b54cff-467e-45e9-ac2a-409cdcf2b905: shutdown FollowerState
2019-10-20 12:59:42,916 [grpc-default-executor-3] INFO  impl.RoleInfo (RoleInfo.java:updateAndGet(143)) - 12b54cff-467e-45e9-ac2a-409cdcf2b905: start FollowerState
2019-10-20 12:59:42,916 [Thread-977] INFO  impl.FollowerState (FollowerState.java:run(117)) - 12b54cff-467e-45e9-ac2a-409cdcf2b905@group-40D367ECEF96-FollowerState was interrupted: java.lang.InterruptedException: sleep interrupted
2019-10-20 12:59:42,931 [5432d864-00a4-4faa-be9e-870a49a37102@group-40D367ECEF96-LeaderElection62] INFO  impl.LeaderElection (LeaderElection.java:logAndReturn(56)) - 5432d864-00a4-4faa-be9e-870a49a37102@group-40D367ECEF96-LeaderElection62: Election REJECTED; received 2 response(s) [5432d864-00a4-4faa-be9e-870a49a37102<-314f41d3-e6bb-4e9d-a30b-79c862990eb1#0:FAIL-t64, 5432d864-00a4-4faa-be9e-870a49a37102<-12b54cff-467e-45e9-ac2a-409cdcf2b905#0:FAIL-t64] and 0 exception(s); 5432d864-00a4-4faa-be9e-870a49a37102@group-40D367ECEF96:t64, leader=null, voted=5432d864-00a4-4faa-be9e-870a49a37102, raftlog=5432d864-00a4-4faa-be9e-870a49a37102@group-40D367ECEF96-SegmentedRaftLog:OPENED:c3,f4,i4, conf=0: [5432d864-00a4-4faa-be9e-870a49a37102:192.168.157.204:42827, 314f41d3-e6bb-4e9d-a30b-79c862990eb1:192.168.157.204:38880, 12b54cff-467e-45e9-ac2a-409cdcf2b905:192.168.157.204:40598], old=null
2019-10-20 12:59:42,931 [5432d864-00a4-4faa-be9e-870a49a37102@group-40D367ECEF96-LeaderElection62] INFO  impl.RaftServerImpl (RaftServerImpl.java:setRole(184)) - 5432d864-00a4-4faa-be9e-870a49a37102@group-40D367ECEF96: changes role from CANDIDATE to FOLLOWER at term 64 for DISCOVERED_A_NEW_TERM
2019-10-20 12:59:42,931 [5432d864-00a4-4faa-be9e-870a49a37102@group-40D367ECEF96-LeaderElection62] INFO  impl.RoleInfo (RoleInfo.java:shutdownLeaderElection(134)) - 5432d864-00a4-4faa-be9e-870a49a37102: shutdown LeaderElection
2019-10-20 12:59:42,931 [5432d864-00a4-4faa-be9e-870a49a37102@group-40D367ECEF96-LeaderElection62] INFO  impl.RoleInfo (RoleInfo.java:updateAndGet(143)) - 5432d864-00a4-4faa-be9e-870a49a37102: start FollowerState
2019-10-20 12:59:42,935 [Thread-985] INFO  impl.FollowerState (FollowerState.java:run(108)) - 5432d864-00a4-4faa-be9e-870a49a37102@group-40D367ECEF96-FollowerState: change to CANDIDATE, lastRpcTime:3ms, electionTimeout:3ms
2019-10-20 12:59:42,935 [Thread-985] INFO  impl.RoleInfo (RoleInfo.java:shutdownFollowerState(121)) - 5432d864-00a4-4faa-be9e-870a49a37102: shutdown FollowerState
2019-10-20 12:59:42,935 [Thread-985] INFO  impl.RaftServerImpl (RaftServerImpl.java:setRole(184)) - 5432d864-00a4-4faa-be9e-870a49a37102@group-40D367ECEF96: changes role from  FOLLOWER to CANDIDATE at term 64 for changeToCandidate
2019-10-20 12:59:42,935 [Thread-985] INFO  impl.RoleInfo (RoleInfo.java:updateAndGet(143)) - 5432d864-00a4-4faa-be9e-870a49a37102: start LeaderElection
2019-10-20 12:59:42,956 [5432d864-00a4-4faa-be9e-870a49a37102@group-40D367ECEF96-LeaderElection63] INFO  impl.LeaderElection (LeaderElection.java:askForVotes(178)) - 5432d864-00a4-4faa-be9e-870a49a37102@group-40D367ECEF96-LeaderElection63: begin an election at term 65 for 0: [5432d864-00a4-4faa-be9e-870a49a37102:192.168.157.204:42827, 314f41d3-e6bb-4e9d-a30b-79c862990eb1:192.168.157.204:38880, 12b54cff-467e-45e9-ac2a-409cdcf2b905:192.168.157.204:40598], old=null
2019-10-20 12:59:42,958 [grpc-default-executor-7] INFO  impl.RaftServerImpl (RaftServerImpl.java:setRole(184)) - 314f41d3-e6bb-4e9d-a30b-79c862990eb1@group-40D367ECEF96: changes role from  FOLLOWER to FOLLOWER at term 65 for recognizeCandidate:5432d864-00a4-4faa-be9e-870a49a37102
2019-10-20 12:59:42,958 [grpc-default-executor-7] INFO  impl.RoleInfo (RoleInfo.java:shutdownFollowerState(121)) - 314f41d3-e6bb-4e9d-a30b-79c862990eb1: shutdown FollowerState
2019-10-20 12:59:42,959 [grpc-default-executor-7] INFO  impl.RoleInfo (RoleInfo.java:updateAndGet(143)) - 314f41d3-e6bb-4e9d-a30b-79c862990eb1: start FollowerState
2019-10-20 12:59:42,959 [Thread-983] INFO  impl.FollowerState (FollowerState.java:run(117)) - 314f41d3-e6bb-4e9d-a30b-79c862990eb1@group-40D367ECEF96-FollowerState was interrupted: java.lang.InterruptedException: sleep interrupted
2019-10-20 12:59:42,959 [grpc-default-executor-3] INFO  impl.RaftServerImpl (RaftServerImpl.java:setRole(184)) - 12b54cff-467e-45e9-ac2a-409cdcf2b905@group-40D367ECEF96: changes role from  FOLLOWER to FOLLOWER at term 65 for recognizeCandidate:5432d864-00a4-4faa-be9e-870a49a37102
2019-10-20 12:59:42,959 [grpc-default-executor-3] INFO  impl.RoleInfo (RoleInfo.java:shutdownFollowerState(121)) - 12b54cff-467e-45e9-ac2a-409cdcf2b905: shutdown FollowerState
2019-10-20 12:59:42,959 [Thread-984] INFO  impl.FollowerState (FollowerState.java:run(117)) - 12b54cff-467e-45e9-ac2a-409cdcf2b905@group-40D367ECEF96-FollowerState was interrupted: java.lang.InterruptedException: sleep interrupted
2019-10-20 12:59:42,959 [grpc-default-executor-3] INFO  impl.RoleInfo (RoleInfo.java:updateAndGet(143)) - 12b54cff-467e-45e9-ac2a-409cdcf2b905: start FollowerState
2019-10-20 12:59:42,973 [5432d864-00a4-4faa-be9e-870a49a37102@group-40D367ECEF96-LeaderElection63] INFO  impl.LeaderElection (LeaderElection.java:logAndReturn(56)) - 5432d864-00a4-4faa-be9e-870a49a37102@group-40D367ECEF96-LeaderElection63: Election REJECTED; received 2 response(s) [5432d864-00a4-4faa-be9e-870a49a37102<-12b54cff-467e-45e9-ac2a-409cdcf2b905#0:FAIL-t65, 5432d864-00a4-4faa-be9e-870a49a37102<-314f41d3-e6bb-4e9d-a30b-79c862990eb1#0:FAIL-t65] and 0 exception(s); 5432d864-00a4-4faa-be9e-870a49a37102@group-40D367ECEF96:t65, leader=null, voted=5432d864-00a4-4faa-be9e-870a49a37102, raftlog=5432d864-00a4-4faa-be9e-870a49a37102@group-40D367ECEF96-SegmentedRaftLog:OPENED:c3,f4,i4, conf=0: [5432d864-00a4-4faa-be9e-870a49a37102:192.168.157.204:42827, 314f41d3-e6bb-4e9d-a30b-79c862990eb1:192.168.157.204:38880, 12b54cff-467e-45e9-ac2a-409cdcf2b905:192.168.157.204:40598], old=null
2019-10-20 12:59:42,973 [5432d864-00a4-4faa-be9e-870a49a37102@group-40D367ECEF96-LeaderElection63] INFO  impl.RaftServerImpl (RaftServerImpl.java:setRole(184)) - 5432d864-00a4-4faa-be9e-870a49a37102@group-40D367ECEF96: changes role from CANDIDATE to FOLLOWER at term 65 for DISCOVERED_A_NEW_TERM
2019-10-20 12:59:42,973 [5432d864-00a4-4faa-be9e-870a49a37102@group-40D367ECEF96-LeaderElection63] INFO  impl.RoleInfo (RoleInfo.java:shutdownLeaderElection(134)) - 5432d864-00a4-4faa-be9e-870a49a37102: shutdown LeaderElection
2019-10-20 12:59:42,973 [5432d864-00a4-4faa-be9e-870a49a37102@group-40D367ECEF96-LeaderElection63] INFO  impl.RoleInfo (RoleInfo.java:updateAndGet(143)) - 5432d864-00a4-4faa-be9e-870a49a37102: start FollowerState
2019-10-20 12:59:43,008 [Thread-993] INFO  client.GrpcClientProtocolService (GrpcClientProtocolService.java:lambda$processClientRequest$0(278)) - Failed RaftClientRequest:client-5F43918617A9->5432d864-00a4-4faa-be9e-870a49a37102@group-40D367ECEF96, cid=10, seq=0, Watch-ALL_COMMITTED(6), Message:<EMPTY>, reply=RaftClientReply:client-5F43918617A9->5432d864-00a4-4faa-be9e-870a49a37102@group-40D367ECEF96, cid=10, FAILED org.apache.ratis.protocol.NotLeaderException: Server 5432d864-00a4-4faa-be9e-870a49a37102@group-40D367ECEF96 is not the leader, logIndex=0, commits[5432d864-00a4-4faa-be9e-870a49a37102:c3]
2019-10-20 12:59:43,120 [Thread-991] INFO  impl.FollowerState (FollowerState.java:run(108)) - 5432d864-00a4-4faa-be9e-870a49a37102@group-40D367ECEF96-FollowerState: change to CANDIDATE, lastRpcTime:146ms, electionTimeout:146ms
2019-10-20 12:59:43,120 [Thread-991] INFO  impl.RoleInfo (RoleInfo.java:shutdownFollowerState(121)) - 5432d864-00a4-4faa-be9e-870a49a37102: shutdown FollowerState
2019-10-20 12:59:43,120 [Thread-991] INFO  impl.RaftServerImpl (RaftServerImpl.java:setRole(184)) - 5432d864-00a4-4faa-be9e-870a49a37102@group-40D367ECEF96: changes role from  FOLLOWER to CANDIDATE at term 65 for changeToCandidate
2019-10-20 12:59:43,120 [Thread-991] INFO  impl.RoleInfo (RoleInfo.java:updateAndGet(143)) - 5432d864-00a4-4faa-be9e-870a49a37102: start LeaderElection
2019-10-20 12:59:43,134 [5432d864-00a4-4faa-be9e-870a49a37102@group-40D367ECEF96-LeaderElection64] INFO  impl.LeaderElection (LeaderElection.java:askForVotes(178)) - 5432d864-00a4-4faa-be9e-870a49a37102@group-40D367ECEF96-LeaderElection64: begin an election at term 66 for 0: [5432d864-00a4-4faa-be9e-870a49a37102:192.168.157.204:42827, 314f41d3-e6bb-4e9d-a30b-79c862990eb1:192.168.157.204:38880, 12b54cff-467e-45e9-ac2a-409cdcf2b905:192.168.157.204:40598], old=null
2019-10-20 12:59:43,136 [grpc-default-executor-3] INFO  impl.RaftServerImpl (RaftServerImpl.java:setRole(184)) - 314f41d3-e6bb-4e9d-a30b-79c862990eb1@group-40D367ECEF96: changes role from  FOLLOWER to FOLLOWER at term 66 for recognizeCandidate:5432d864-00a4-4faa-be9e-870a49a37102
2019-10-20 12:59:43,136 [grpc-default-executor-7] INFO  impl.RaftServerImpl (RaftServerImpl.java:setRole(184)) - 12b54cff-467e-45e9-ac2a-409cdcf2b905@group-40D367ECEF96: changes role from  FOLLOWER to FOLLOWER at term 66 for recognizeCandidate:5432d864-00a4-4faa-be9e-870a49a37102
2019-10-20 12:59:43,137 [grpc-default-executor-7] INFO  impl.RoleInfo (RoleInfo.java:shutdownFollowerState(121)) - 12b54cff-467e-45e9-ac2a-409cdcf2b905: shutdown FollowerState
2019-10-20 12:59:43,137 [grpc-default-executor-3] INFO  impl.RoleInfo (RoleInfo.java:shutdownFollowerState(121)) - 314f41d3-e6bb-4e9d-a30b-79c862990eb1: shutdown FollowerState
2019-10-20 12:59:43,137 [Thread-990] INFO  impl.FollowerState (FollowerState.java:run(117)) - 12b54cff-467e-45e9-ac2a-409cdcf2b905@group-40D367ECEF96-FollowerState was interrupted: java.lang.InterruptedException: sleep interrupted
2019-10-20 12:59:43,137 [grpc-default-executor-7] INFO  impl.RoleInfo (RoleInfo.java:updateAndGet(143)) - 12b54cff-467e-45e9-ac2a-409cdcf2b905: start FollowerState
2019-10-20 12:59:43,137 [Thread-989] INFO  impl.FollowerState (FollowerState.java:run(117)) - 314f41d3-e6bb-4e9d-a30b-79c862990eb1@group-40D367ECEF96-FollowerState was interrupted: java.lang.InterruptedException: sleep interrupted
2019-10-20 12:59:43,137 [grpc-default-executor-3] INFO  impl.RoleInfo (RoleInfo.java:updateAndGet(143)) - 314f41d3-e6bb-4e9d-a30b-79c862990eb1: start FollowerState
2019-10-20 12:59:43,149 [5432d864-00a4-4faa-be9e-870a49a37102@group-40D367ECEF96-LeaderElection64] INFO  impl.LeaderElection (LeaderElection.java:logAndReturn(56)) - 5432d864-00a4-4faa-be9e-870a49a37102@group-40D367ECEF96-LeaderElection64: Election TIMEOUT; received 0 response(s) [] and 0 exception(s); 5432d864-00a4-4faa-be9e-870a49a37102@group-40D367ECEF96:t66, leader=null, voted=5432d864-00a4-4faa-be9e-870a49a37102, raftlog=5432d864-00a4-4faa-be9e-870a49a37102@group-40D367ECEF96-SegmentedRaftLog:OPENED:c3,f4,i4, conf=0: [5432d864-00a4-4faa-be9e-870a49a37102:192.168.157.204:42827, 314f41d3-e6bb-4e9d-a30b-79c862990eb1:192.168.157.204:38880, 12b54cff-467e-45e9-ac2a-409cdcf2b905:192.168.157.204:40598], old=null
2019-10-20 12:59:43,153 [5432d864-00a4-4faa-be9e-870a49a37102@group-40D367ECEF96-LeaderElection64] INFO  impl.LeaderElection (LeaderElection.java:askForVotes(178)) - 5432d864-00a4-4faa-be9e-870a49a37102@group-40D367ECEF96-LeaderElection64: begin an election at term 67 for 0: [5432d864-00a4-4faa-be9e-870a49a37102:192.168.157.204:42827, 314f41d3-e6bb-4e9d-a30b-79c862990eb1:192.168.157.204:38880, 12b54cff-467e-45e9-ac2a-409cdcf2b905:192.168.157.204:40598], old=null
2019-10-20 12:59:43,155 [grpc-default-executor-3] INFO  impl.RaftServerImpl (RaftServerImpl.java:setRole(184)) - 314f41d3-e6bb-4e9d-a30b-79c862990eb1@group-40D367ECEF96: changes role from  FOLLOWER to FOLLOWER at term 67 for recognizeCandidate:5432d864-00a4-4faa-be9e-870a49a37102
2019-10-20 12:59:43,155 [grpc-default-executor-3] INFO  impl.RoleInfo (RoleInfo.java:shutdownFollowerState(121)) - 314f41d3-e6bb-4e9d-a30b-79c862990eb1: shutdown FollowerState
2019-10-20 12:59:43,155 [grpc-default-executor-3] INFO  impl.RoleInfo (RoleInfo.java:updateAndGet(143)) - 314f41d3-e6bb-4e9d-a30b-79c862990eb1: start FollowerState
2019-10-20 12:59:43,155 [Thread-999] INFO  impl.FollowerState (FollowerState.java:run(117)) - 314f41d3-e6bb-4e9d-a30b-79c862990eb1@group-40D367ECEF96-FollowerState was interrupted: java.lang.InterruptedException: sleep interrupted
2019-10-20 12:59:43,156 [grpc-default-executor-7] INFO  impl.RaftServerImpl (RaftServerImpl.java:setRole(184)) - 12b54cff-467e-45e9-ac2a-409cdcf2b905@group-40D367ECEF96: changes role from  FOLLOWER to FOLLOWER at term 67 for recognizeCandidate:5432d864-00a4-4faa-be9e-870a49a37102
2019-10-20 12:59:43,156 [grpc-default-executor-7] INFO  impl.RoleInfo (RoleInfo.java:shutdownFollowerState(121)) - 12b54cff-467e-45e9-ac2a-409cdcf2b905: shutdown FollowerState
2019-10-20 12:59:43,156 [grpc-default-executor-7] INFO  impl.RoleInfo (RoleInfo.java:updateAndGet(143)) - 12b54cff-467e-45e9-ac2a-409cdcf2b905: start FollowerState
2019-10-20 12:59:43,156 [Thread-998] INFO  impl.FollowerState (FollowerState.java:run(117)) - 12b54cff-467e-45e9-ac2a-409cdcf2b905@group-40D367ECEF96-FollowerState was interrupted: java.lang.InterruptedException: sleep interrupted
2019-10-20 12:59:43,198 [5432d864-00a4-4faa-be9e-870a49a37102@group-40D367ECEF96-LeaderElection64] INFO  impl.LeaderElection (LeaderElection.java:logAndReturn(56)) - 5432d864-00a4-4faa-be9e-870a49a37102@group-40D367ECEF96-LeaderElection64: Election REJECTED; received 2 response(s) [5432d864-00a4-4faa-be9e-870a49a37102<-12b54cff-467e-45e9-ac2a-409cdcf2b905#0:FAIL-t67, 5432d864-00a4-4faa-be9e-870a49a37102<-314f41d3-e6bb-4e9d-a30b-79c862990eb1#0:FAIL-t67] and 0 exception(s); 5432d864-00a4-4faa-be9e-870a49a37102@group-40D367ECEF96:t67, leader=null, voted=5432d864-00a4-4faa-be9e-870a49a37102, raftlog=5432d864-00a4-4faa-be9e-870a49a37102@group-40D367ECEF96-SegmentedRaftLog:OPENED:c3,f4,i4, conf=0: [5432d864-00a4-4faa-be9e-870a49a37102:192.168.157.204:42827, 314f41d3-e6bb-4e9d-a30b-79c862990eb1:192.168.157.204:38880, 12b54cff-467e-45e9-ac2a-409cdcf2b905:192.168.157.204:40598], old=null
2019-10-20 12:59:43,198 [5432d864-00a4-4faa-be9e-870a49a37102@group-40D367ECEF96-LeaderElection64] INFO  impl.RaftServerImpl (RaftServerImpl.java:setRole(184)) - 5432d864-00a4-4faa-be9e-870a49a37102@group-40D367ECEF96: changes role from CANDIDATE to FOLLOWER at term 67 for DISCOVERED_A_NEW_TERM
2019-10-20 12:59:43,198 [5432d864-00a4-4faa-be9e-870a49a37102@group-40D367ECEF96-LeaderElection64] INFO  impl.RoleInfo (RoleInfo.java:shutdownLeaderElection(134)) - 5432d864-00a4-4faa-be9e-870a49a37102: shutdown LeaderElection
2019-10-20 12:59:43,198 [5432d864-00a4-4faa-be9e-870a49a37102@group-40D367ECEF96-LeaderElection64] INFO  impl.RoleInfo (RoleInfo.java:updateAndGet(143)) - 5432d864-00a4-4faa-be9e-870a49a37102: start FollowerState
2019-10-20 12:59:43,334 [Thread-1004] INFO  impl.FollowerState (FollowerState.java:run(108)) - 5432d864-00a4-4faa-be9e-870a49a37102@group-40D367ECEF96-FollowerState: change to CANDIDATE, lastRpcTime:135ms, electionTimeout:135ms
2019-10-20 12:59:43,334 [Thread-1004] INFO  impl.RoleInfo (RoleInfo.java:shutdownFollowerState(121)) - 5432d864-00a4-4faa-be9e-870a49a37102: shutdown FollowerState
2019-10-20 12:59:43,334 [Thread-1004] INFO  impl.RaftServerImpl (RaftServerImpl.java:setRole(184)) - 5432d864-00a4-4faa-be9e-870a49a37102@group-40D367ECEF96: changes role from  FOLLOWER to CANDIDATE at term 67 for changeToCandidate
2019-10-20 12:59:43,334 [Thread-1004] INFO  impl.RoleInfo (RoleInfo.java:updateAndGet(143)) - 5432d864-00a4-4faa-be9e-870a49a37102: start LeaderElection
2019-10-20 12:59:43,347 [5432d864-00a4-4faa-be9e-870a49a37102@group-40D367ECEF96-LeaderElection65] INFO  impl.LeaderElection (LeaderElection.java:askForVotes(178)) - 5432d864-00a4-4faa-be9e-870a49a37102@group-40D367ECEF96-LeaderElection65: begin an election at term 68 for 0: [5432d864-00a4-4faa-be9e-870a49a37102:192.168.157.204:42827, 314f41d3-e6bb-4e9d-a30b-79c862990eb1:192.168.157.204:38880, 12b54cff-467e-45e9-ac2a-409cdcf2b905:192.168.157.204:40598], old=null
2019-10-20 12:59:43,349 [grpc-default-executor-3] INFO  impl.RaftServerImpl (RaftServerImpl.java:setRole(184)) - 314f41d3-e6bb-4e9d-a30b-79c862990eb1@group-40D367ECEF96: changes role from  FOLLOWER to FOLLOWER at term 68 for recognizeCandidate:5432d864-00a4-4faa-be9e-870a49a37102
2019-10-20 12:59:43,349 [grpc-default-executor-7] INFO  impl.RaftServerImpl (RaftServerImpl.java:setRole(184)) - 12b54cff-467e-45e9-ac2a-409cdcf2b905@group-40D367ECEF96: changes role from  FOLLOWER to FOLLOWER at term 68 for recognizeCandidate:5432d864-00a4-4faa-be9e-870a49a37102
2019-10-20 12:59:43,349 [grpc-default-executor-3] INFO  impl.RoleInfo (RoleInfo.java:shutdownFollowerState(121)) - 314f41d3-e6bb-4e9d-a30b-79c862990eb1: shutdown FollowerState
2019-10-20 12:59:43,350 [grpc-default-executor-7] INFO  impl.RoleInfo (RoleInfo.java:shutdownFollowerState(121)) - 12b54cff-467e-45e9-ac2a-409cdcf2b905: shutdown FollowerState
2019-10-20 12:59:43,350 [grpc-default-executor-3] INFO  impl.RoleInfo (RoleInfo.java:updateAndGet(143)) - 314f41d3-e6bb-4e9d-a30b-79c862990eb1: start FollowerState
2019-10-20 12:59:43,350 [Thread-1002] INFO  impl.FollowerState (FollowerState.java:run(117)) - 314f41d3-e6bb-4e9d-a30b-79c862990eb1@group-40D367ECEF96-FollowerState was interrupted: java.lang.InterruptedException: sleep interrupted
2019-10-20 12:59:43,350 [grpc-default-executor-7] INFO  impl.RoleInfo (RoleInfo.java:updateAndGet(143)) - 12b54cff-467e-45e9-ac2a-409cdcf2b905: start FollowerState
2019-10-20 12:59:43,350 [Thread-1003] INFO  impl.FollowerState (FollowerState.java:run(117)) - 12b54cff-467e-45e9-ac2a-409cdcf2b905@group-40D367ECEF96-FollowerState was interrupted: java.lang.InterruptedException: sleep interrupted
2019-10-20 12:59:43,365 [5432d864-00a4-4faa-be9e-870a49a37102@group-40D367ECEF96-LeaderElection65] INFO  impl.LeaderElection (LeaderElection.java:logAndReturn(56)) - 5432d864-00a4-4faa-be9e-870a49a37102@group-40D367ECEF96-LeaderElection65: Election REJECTED; received 2 response(s) [5432d864-00a4-4faa-be9e-870a49a37102<-12b54cff-467e-45e9-ac2a-409cdcf2b905#0:FAIL-t68, 5432d864-00a4-4faa-be9e-870a49a37102<-314f41d3-e6bb-4e9d-a30b-79c862990eb1#0:FAIL-t68] and 0 exception(s); 5432d864-00a4-4faa-be9e-870a49a37102@group-40D367ECEF96:t68, leader=null, voted=5432d864-00a4-4faa-be9e-870a49a37102, raftlog=5432d864-00a4-4faa-be9e-870a49a37102@group-40D367ECEF96-SegmentedRaftLog:OPENED:c3,f4,i4, conf=0: [5432d864-00a4-4faa-be9e-870a49a37102:192.168.157.204:42827, 314f41d3-e6bb-4e9d-a30b-79c862990eb1:192.168.157.204:38880, 12b54cff-467e-45e9-ac2a-409cdcf2b905:192.168.157.204:40598], old=null
2019-10-20 12:59:43,365 [5432d864-00a4-4faa-be9e-870a49a37102@group-40D367ECEF96-LeaderElection65] INFO  impl.RaftServerImpl (RaftServerImpl.java:setRole(184)) - 5432d864-00a4-4faa-be9e-870a49a37102@group-40D367ECEF96: changes role from CANDIDATE to FOLLOWER at term 68 for DISCOVERED_A_NEW_TERM
2019-10-20 12:59:43,366 [5432d864-00a4-4faa-be9e-870a49a37102@group-40D367ECEF96-LeaderElection65] INFO  impl.RoleInfo (RoleInfo.java:shutdownLeaderElection(134)) - 5432d864-00a4-4faa-be9e-870a49a37102: shutdown LeaderElection
2019-10-20 12:59:43,366 [5432d864-00a4-4faa-be9e-870a49a37102@group-40D367ECEF96-LeaderElection65] INFO  impl.RoleInfo (RoleInfo.java:updateAndGet(143)) - 5432d864-00a4-4faa-be9e-870a49a37102: start FollowerState
2019-10-20 12:59:43,382 [BlockDeletingService#2] WARN  background.BlockDeletingService (BlockDeletingService.java:isDeletionAllowed(187)) - Close Container log Index 6 is not replicated across allthe servers in the pipeline c8578440-42c5-4fb7-aa2b-40d367ecef96 as the min replicated index is 4. Deletion is not allowed in this container yet.
2019-10-20 12:59:43,382 [BlockDeletingService#2] WARN  background.BlockDeletingService (BlockDeletingService.java:isDeletionAllowed(187)) - Close Container log Index 6 is not replicated across allthe servers in the pipeline c8578440-42c5-4fb7-aa2b-40d367ecef96 as the min replicated index is 4. Deletion is not allowed in this container yet.
2019-10-20 12:59:43,485 [Thread-1010] INFO  impl.FollowerState (FollowerState.java:run(108)) - 5432d864-00a4-4faa-be9e-870a49a37102@group-40D367ECEF96-FollowerState: change to CANDIDATE, lastRpcTime:119ms, electionTimeout:119ms
2019-10-20 12:59:43,485 [Thread-1010] INFO  impl.RoleInfo (RoleInfo.java:shutdownFollowerState(121)) - 5432d864-00a4-4faa-be9e-870a49a37102: shutdown FollowerState
2019-10-20 12:59:43,485 [Thread-1010] INFO  impl.RaftServerImpl (RaftServerImpl.java:setRole(184)) - 5432d864-00a4-4faa-be9e-870a49a37102@group-40D367ECEF96: changes role from  FOLLOWER to CANDIDATE at term 68 for changeToCandidate
2019-10-20 12:59:43,485 [Thread-1010] INFO  impl.RoleInfo (RoleInfo.java:updateAndGet(143)) - 5432d864-00a4-4faa-be9e-870a49a37102: start LeaderElection
2019-10-20 12:59:43,498 [5432d864-00a4-4faa-be9e-870a49a37102@group-40D367ECEF96-LeaderElection66] INFO  impl.LeaderElection (LeaderElection.java:askForVotes(178)) - 5432d864-00a4-4faa-be9e-870a49a37102@group-40D367ECEF96-LeaderElection66: begin an election at term 69 for 0: [5432d864-00a4-4faa-be9e-870a49a37102:192.168.157.204:42827, 314f41d3-e6bb-4e9d-a30b-79c862990eb1:192.168.157.204:38880, 12b54cff-467e-45e9-ac2a-409cdcf2b905:192.168.157.204:40598], old=null
2019-10-20 12:59:43,500 [grpc-default-executor-3] INFO  impl.RaftServerImpl (RaftServerImpl.java:setRole(184)) - 12b54cff-467e-45e9-ac2a-409cdcf2b905@group-40D367ECEF96: changes role from  FOLLOWER to FOLLOWER at term 69 for recognizeCandidate:5432d864-00a4-4faa-be9e-870a49a37102
2019-10-20 12:59:43,501 [grpc-default-executor-3] INFO  impl.RoleInfo (RoleInfo.java:shutdownFollowerState(121)) - 12b54cff-467e-45e9-ac2a-409cdcf2b905: shutdown FollowerState
2019-10-20 12:59:43,500 [grpc-default-executor-7] INFO  impl.RaftServerImpl (RaftServerImpl.java:setRole(184)) - 314f41d3-e6bb-4e9d-a30b-79c862990eb1@group-40D367ECEF96: changes role from  FOLLOWER to FOLLOWER at term 69 for recognizeCandidate:5432d864-00a4-4faa-be9e-870a49a37102
2019-10-20 12:59:43,501 [Thread-1009] INFO  impl.FollowerState (FollowerState.java:run(117)) - 12b54cff-467e-45e9-ac2a-409cdcf2b905@group-40D367ECEF96-FollowerState was interrupted: java.lang.InterruptedException: sleep interrupted
2019-10-20 12:59:43,501 [grpc-default-executor-3] INFO  impl.RoleInfo (RoleInfo.java:updateAndGet(143)) - 12b54cff-467e-45e9-ac2a-409cdcf2b905: start FollowerState
2019-10-20 12:59:43,501 [grpc-default-executor-7] INFO  impl.RoleInfo (RoleInfo.java:shutdownFollowerState(121)) - 314f41d3-e6bb-4e9d-a30b-79c862990eb1: shutdown FollowerState
2019-10-20 12:59:43,501 [grpc-default-executor-7] INFO  impl.RoleInfo (RoleInfo.java:updateAndGet(143)) - 314f41d3-e6bb-4e9d-a30b-79c862990eb1: start FollowerState
2019-10-20 12:59:43,501 [Thread-1008] INFO  impl.FollowerState (FollowerState.java:run(117)) - 314f41d3-e6bb-4e9d-a30b-79c862990eb1@group-40D367ECEF96-FollowerState was interrupted: java.lang.InterruptedException: sleep interrupted
2019-10-20 12:59:43,516 [5432d864-00a4-4faa-be9e-870a49a37102@group-40D367ECEF96-LeaderElection66] INFO  impl.LeaderElection (LeaderElection.java:logAndReturn(56)) - 5432d864-00a4-4faa-be9e-870a49a37102@group-40D367ECEF96-LeaderElection66: Election REJECTED; received 2 response(s) [5432d864-00a4-4faa-be9e-870a49a37102<-12b54cff-467e-45e9-ac2a-409cdcf2b905#0:FAIL-t69, 5432d864-00a4-4faa-be9e-870a49a37102<-314f41d3-e6bb-4e9d-a30b-79c862990eb1#0:FAIL-t69] and 0 exception(s); 5432d864-00a4-4faa-be9e-870a49a37102@group-40D367ECEF96:t69, leader=null, voted=5432d864-00a4-4faa-be9e-870a49a37102, raftlog=5432d864-00a4-4faa-be9e-870a49a37102@group-40D367ECEF96-SegmentedRaftLog:OPENED:c3,f4,i4, conf=0: [5432d864-00a4-4faa-be9e-870a49a37102:192.168.157.204:42827, 314f41d3-e6bb-4e9d-a30b-79c862990eb1:192.168.157.204:38880, 12b54cff-467e-45e9-ac2a-409cdcf2b905:192.168.157.204:40598], old=null
2019-10-20 12:59:43,516 [5432d864-00a4-4faa-be9e-870a49a37102@group-40D367ECEF96-LeaderElection66] INFO  impl.RaftServerImpl (RaftServerImpl.java:setRole(184)) - 5432d864-00a4-4faa-be9e-870a49a37102@group-40D367ECEF96: changes role from CANDIDATE to FOLLOWER at term 69 for DISCOVERED_A_NEW_TERM
2019-10-20 12:59:43,516 [5432d864-00a4-4faa-be9e-870a49a37102@group-40D367ECEF96-LeaderElection66] INFO  impl.RoleInfo (RoleInfo.java:shutdownLeaderElection(134)) - 5432d864-00a4-4faa-be9e-870a49a37102: shutdown LeaderElection
2019-10-20 12:59:43,516 [5432d864-00a4-4faa-be9e-870a49a37102@group-40D367ECEF96-LeaderElection66] INFO  impl.RoleInfo (RoleInfo.java:updateAndGet(143)) - 5432d864-00a4-4faa-be9e-870a49a37102: start FollowerState
2019-10-20 12:59:43,627 [Thread-1018] INFO  impl.FollowerState (FollowerState.java:run(108)) - 5432d864-00a4-4faa-be9e-870a49a37102@group-40D367ECEF96-FollowerState: change to CANDIDATE, lastRpcTime:110ms, electionTimeout:110ms
2019-10-20 12:59:43,627 [Thread-1018] INFO  impl.RoleInfo (RoleInfo.java:shutdownFollowerState(121)) - 5432d864-00a4-4faa-be9e-870a49a37102: shutdown FollowerState
2019-10-20 12:59:43,627 [Thread-1018] INFO  impl.RaftServerImpl (RaftServerImpl.java:setRole(184)) - 5432d864-00a4-4faa-be9e-870a49a37102@group-40D367ECEF96: changes role from  FOLLOWER to CANDIDATE at term 69 for changeToCandidate
2019-10-20 12:59:43,627 [Thread-1018] INFO  impl.RoleInfo (RoleInfo.java:updateAndGet(143)) - 5432d864-00a4-4faa-be9e-870a49a37102: start LeaderElection
2019-10-20 12:59:43,640 [5432d864-00a4-4faa-be9e-870a49a37102@group-40D367ECEF96-LeaderElection67] INFO  impl.LeaderElection (LeaderElection.java:askForVotes(178)) - 5432d864-00a4-4faa-be9e-870a49a37102@group-40D367ECEF96-LeaderElection67: begin an election at term 70 for 0: [5432d864-00a4-4faa-be9e-870a49a37102:192.168.157.204:42827, 314f41d3-e6bb-4e9d-a30b-79c862990eb1:192.168.157.204:38880, 12b54cff-467e-45e9-ac2a-409cdcf2b905:192.168.157.204:40598], old=null
2019-10-20 12:59:43,643 [grpc-default-executor-7] INFO  impl.RaftServerImpl (RaftServerImpl.java:setRole(184)) - 314f41d3-e6bb-4e9d-a30b-79c862990eb1@group-40D367ECEF96: changes role from  FOLLOWER to FOLLOWER at term 70 for recognizeCandidate:5432d864-00a4-4faa-be9e-870a49a37102
2019-10-20 12:59:43,643 [grpc-default-executor-7] INFO  impl.RoleInfo (RoleInfo.java:shutdownFollowerState(121)) - 314f41d3-e6bb-4e9d-a30b-79c862990eb1: shutdown FollowerState
2019-10-20 12:59:43,643 [grpc-default-executor-3] INFO  impl.RaftServerImpl (RaftServerImpl.java:setRole(184)) - 12b54cff-467e-45e9-ac2a-409cdcf2b905@group-40D367ECEF96: changes role from  FOLLOWER to FOLLOWER at term 70 for recognizeCandidate:5432d864-00a4-4faa-be9e-870a49a37102
2019-10-20 12:59:43,643 [Thread-1017] INFO  impl.FollowerState (FollowerState.java:run(117)) - 314f41d3-e6bb-4e9d-a30b-79c862990eb1@group-40D367ECEF96-FollowerState was interrupted: java.lang.InterruptedException: sleep interrupted
2019-10-20 12:59:43,643 [grpc-default-executor-7] INFO  impl.RoleInfo (RoleInfo.java:updateAndGet(143)) - 314f41d3-e6bb-4e9d-a30b-79c862990eb1: start FollowerState
2019-10-20 12:59:43,643 [grpc-default-executor-3] INFO  impl.RoleInfo (RoleInfo.java:shutdownFollowerState(121)) - 12b54cff-467e-45e9-ac2a-409cdcf2b905: shutdown FollowerState
2019-10-20 12:59:43,644 [Thread-1016] INFO  impl.FollowerState (FollowerState.java:run(117)) - 12b54cff-467e-45e9-ac2a-409cdcf2b905@group-40D367ECEF96-FollowerState was interrupted: java.lang.InterruptedException: sleep interrupted
2019-10-20 12:59:43,644 [grpc-default-executor-3] INFO  impl.RoleInfo (RoleInfo.java:updateAndGet(143)) - 12b54cff-467e-45e9-ac2a-409cdcf2b905: start FollowerState
2019-10-20 12:59:43,660 [5432d864-00a4-4faa-be9e-870a49a37102@group-40D367ECEF96-LeaderElection67] INFO  impl.LeaderElection (LeaderElection.java:logAndReturn(56)) - 5432d864-00a4-4faa-be9e-870a49a37102@group-40D367ECEF96-LeaderElection67: Election REJECTED; received 2 response(s) [5432d864-00a4-4faa-be9e-870a49a37102<-12b54cff-467e-45e9-ac2a-409cdcf2b905#0:FAIL-t70, 5432d864-00a4-4faa-be9e-870a49a37102<-314f41d3-e6bb-4e9d-a30b-79c862990eb1#0:FAIL-t70] and 0 exception(s); 5432d864-00a4-4faa-be9e-870a49a37102@group-40D367ECEF96:t70, leader=null, voted=5432d864-00a4-4faa-be9e-870a49a37102, raftlog=5432d864-00a4-4faa-be9e-870a49a37102@group-40D367ECEF96-SegmentedRaftLog:OPENED:c3,f4,i4, conf=0: [5432d864-00a4-4faa-be9e-870a49a37102:192.168.157.204:42827, 314f41d3-e6bb-4e9d-a30b-79c862990eb1:192.168.157.204:38880, 12b54cff-467e-45e9-ac2a-409cdcf2b905:192.168.157.204:40598], old=null
2019-10-20 12:59:43,660 [5432d864-00a4-4faa-be9e-870a49a37102@group-40D367ECEF96-LeaderElection67] INFO  impl.RaftServerImpl (RaftServerImpl.java:setRole(184)) - 5432d864-00a4-4faa-be9e-870a49a37102@group-40D367ECEF96: changes role from CANDIDATE to FOLLOWER at term 70 for DISCOVERED_A_NEW_TERM
2019-10-20 12:59:43,660 [5432d864-00a4-4faa-be9e-870a49a37102@group-40D367ECEF96-LeaderElection67] INFO  impl.RoleInfo (RoleInfo.java:shutdownLeaderElection(134)) - 5432d864-00a4-4faa-be9e-870a49a37102: shutdown LeaderElection
2019-10-20 12:59:43,661 [5432d864-00a4-4faa-be9e-870a49a37102@group-40D367ECEF96-LeaderElection67] INFO  impl.RoleInfo (RoleInfo.java:updateAndGet(143)) - 5432d864-00a4-4faa-be9e-870a49a37102: start FollowerState
2019-10-20 12:59:43,703 [Thread-1024] INFO  impl.FollowerState (FollowerState.java:run(108)) - 5432d864-00a4-4faa-be9e-870a49a37102@group-40D367ECEF96-FollowerState: change to CANDIDATE, lastRpcTime:42ms, electionTimeout:36ms
2019-10-20 12:59:43,714 [Thread-1024] INFO  impl.RoleInfo (RoleInfo.java:shutdownFollowerState(121)) - 5432d864-00a4-4faa-be9e-870a49a37102: shutdown FollowerState
2019-10-20 12:59:43,716 [Thread-1024] INFO  impl.RaftServerImpl (RaftServerImpl.java:setRole(184)) - 5432d864-00a4-4faa-be9e-870a49a37102@group-40D367ECEF96: changes role from  FOLLOWER to CANDIDATE at term 70 for changeToCandidate
2019-10-20 12:59:43,717 [Thread-1024] INFO  impl.RoleInfo (RoleInfo.java:updateAndGet(143)) - 5432d864-00a4-4faa-be9e-870a49a37102: start LeaderElection
]]></system-out>
    <system-err><![CDATA[ERROR StatusLogger No Log4j 2 configuration file found. Using default configuration (logging only errors to the console), or user programmatically provided configurations. Set system property 'log4j2.debug' to show Log4j 2 internal initialization logging. See https://logging.apache.org/log4j/2.x/manual/configuration.html for instructions on how to configure Log4j 2
Oct 20, 2019 12:57:57 PM org.apache.ratis.thirdparty.io.grpc.internal.SerializingExecutor run
SEVERE: Exception while executing runnable org.apache.ratis.thirdparty.io.grpc.internal.ServerImpl$JumpToApplicationThreadServerStreamListener$1Closed@3b954a38
org.apache.ratis.thirdparty.io.grpc.StatusRuntimeException: CANCELLED: call already cancelled
	at org.apache.ratis.thirdparty.io.grpc.Status.asRuntimeException(Status.java:517)
	at org.apache.ratis.thirdparty.io.grpc.stub.ServerCalls$ServerCallStreamObserverImpl.onCompleted(ServerCalls.java:356)
	at org.apache.ratis.grpc.server.GrpcServerProtocolService$ServerRequestStreamObserver.onError(GrpcServerProtocolService.java:121)
	at org.apache.ratis.thirdparty.io.grpc.stub.ServerCalls$StreamingServerCallHandler$StreamingServerCallListener.onCancel(ServerCalls.java:269)
	at org.apache.ratis.thirdparty.io.grpc.internal.ServerCallImpl$ServerStreamListenerImpl.closed(ServerCallImpl.java:293)
	at org.apache.ratis.thirdparty.io.grpc.internal.ServerImpl$JumpToApplicationThreadServerStreamListener$1Closed.runInContext(ServerImpl.java:741)
	at org.apache.ratis.thirdparty.io.grpc.internal.ContextRunnable.run(ContextRunnable.java:37)
	at org.apache.ratis.thirdparty.io.grpc.internal.SerializingExecutor.run(SerializingExecutor.java:123)
	at java.util.concurrent.ThreadPoolExecutor.runWorker(ThreadPoolExecutor.java:1149)
	at java.util.concurrent.ThreadPoolExecutor$Worker.run(ThreadPoolExecutor.java:624)
	at java.lang.Thread.run(Thread.java:748)

Oct 20, 2019 12:57:57 PM org.apache.ratis.thirdparty.io.grpc.internal.SerializingExecutor run
SEVERE: Exception while executing runnable org.apache.ratis.thirdparty.io.grpc.internal.ClientCallImpl$ClientStreamListenerImpl$1StreamClosed@50af8d87
java.lang.NullPointerException
	at org.apache.ratis.grpc.server.GrpcLogAppender$AppendLogResponseHandler.onError(GrpcLogAppender.java:303)
	at org.apache.ratis.thirdparty.io.grpc.stub.ClientCalls$StreamObserverToCallListenerAdapter.onClose(ClientCalls.java:434)
	at org.apache.ratis.thirdparty.io.grpc.PartialForwardingClientCallListener.onClose(PartialForwardingClientCallListener.java:39)
	at org.apache.ratis.thirdparty.io.grpc.ForwardingClientCallListener.onClose(ForwardingClientCallListener.java:23)
	at org.apache.ratis.thirdparty.io.grpc.ForwardingClientCallListener$SimpleForwardingClientCallListener.onClose(ForwardingClientCallListener.java:40)
	at org.apache.ratis.thirdparty.io.grpc.internal.CensusStatsModule$StatsClientInterceptor$1$1.onClose(CensusStatsModule.java:678)
	at org.apache.ratis.thirdparty.io.grpc.PartialForwardingClientCallListener.onClose(PartialForwardingClientCallListener.java:39)
	at org.apache.ratis.thirdparty.io.grpc.ForwardingClientCallListener.onClose(ForwardingClientCallListener.java:23)
	at org.apache.ratis.thirdparty.io.grpc.ForwardingClientCallListener$SimpleForwardingClientCallListener.onClose(ForwardingClientCallListener.java:40)
	at org.apache.ratis.thirdparty.io.grpc.internal.CensusTracingModule$TracingClientInterceptor$1$1.onClose(CensusTracingModule.java:397)
	at org.apache.ratis.thirdparty.io.grpc.internal.ClientCallImpl.closeObserver(ClientCallImpl.java:459)
	at org.apache.ratis.thirdparty.io.grpc.internal.ClientCallImpl.access$300(ClientCallImpl.java:63)
	at org.apache.ratis.thirdparty.io.grpc.internal.ClientCallImpl$ClientStreamListenerImpl.close(ClientCallImpl.java:546)
	at org.apache.ratis.thirdparty.io.grpc.internal.ClientCallImpl$ClientStreamListenerImpl.access$600(ClientCallImpl.java:467)
	at org.apache.ratis.thirdparty.io.grpc.internal.ClientCallImpl$ClientStreamListenerImpl$1StreamClosed.runInContext(ClientCallImpl.java:584)
	at org.apache.ratis.thirdparty.io.grpc.internal.ContextRunnable.run(ContextRunnable.java:37)
	at org.apache.ratis.thirdparty.io.grpc.internal.SerializingExecutor.run(SerializingExecutor.java:123)
	at java.util.concurrent.ThreadPoolExecutor.runWorker(ThreadPoolExecutor.java:1149)
	at java.util.concurrent.ThreadPoolExecutor$Worker.run(ThreadPoolExecutor.java:624)
	at java.lang.Thread.run(Thread.java:748)

]]></system-err>
  </testcase>
</testsuite>